UniRef90_P61970	100.00	124	127
UniRef90_UPI00063CA8F9	81.58	124	155
UniRef90_H3B9V9	89.52	124	127
UniRef90_I3JYP0	87.90	124	127
UniRef90_UPI000388A4D8	88.71	124	145
UniRef90_UPI0006B32238	84.68	124	127
UniRef90_F7CVN9	89.52	124	127
UniRef90_UPI000440140E	89.52	124	195
UniRef90_O42242	87.90	124	127
UniRef90_U3JX58	88.52	124	126
UniRef90_K4G7G0	84.68	124	130
UniRef90_UPI0003F0E42E	88.71	124	181
UniRef90_UPI0001D5D362	87.90	124	126
UniRef90_UPI00054BB163	81.45	124	127
UniRef90_H2MBJ9	81.45	124	127
UniRef90_F1NLL4	84.68	124	127
UniRef90_I3L700	88.80	124	128
UniRef90_R4GB00	86.89	124	137
UniRef90_J9PB20	85.48	124	127
UniRef90_W5MP84	77.42	124	129
UniRef90_UPI0004952E71	79.84	124	126
UniRef90_H3BRV9	100.00	124	107
UniRef90_W5MIC3	82.40	124	130
UniRef90_UPI000441990B	75.81	124	127
UniRef90_K7FC03	75.61	124	127
UniRef90_G1P5P4	83.74	124	118
UniRef90_C1BYY4	74.19	124	128
UniRef90_Q6DC81	74.19	124	128
UniRef90_F6ZS08	70.73	124	127
UniRef90_G1MKW1	79.84	124	126
UniRef90_C1BJQ7	70.16	124	128
UniRef90_UPI00045E39E9	93.14	124	107
UniRef90_UPI00042BF25F	72.58	124	127
UniRef90_UPI000298B504	75.21	124	133
UniRef90_Q4T248	75.21	124	132
UniRef90_UPI0006B194CB	98.94	124	107
UniRef90_UPI00020F752D	76.80	124	264
UniRef90_UPI0003EC1562	95.83	124	99
UniRef90_UPI00067951D2	77.42	124	103
UniRef90_V9LH95	65.85	124	127
UniRef90_G5DZ20	87.76	124	101
UniRef90_UPI0006C93FE5	75.81	124	304
UniRef90_UPI000395728E	85.15	124	110
UniRef90_F7C199	70.73	124	122
UniRef90_F6YRZ3	88.54	124	100
UniRef90_UPI0006441CC8	61.29	124	127
UniRef90_UPI00045DF4FF	60.16	124	127
UniRef90_G1TNN4	77.06	124	116
UniRef90_V8NH93	66.94	124	94
UniRef90_A0A0G2DEV8	62.10	124	104
UniRef90_F1Q2P8	67.67	124	135
UniRef90_M3ZN70	60.16	124	130
UniRef90_UPI0006B30634	58.54	124	130
UniRef90_UPI00022B2013	58.54	124	130
UniRef90_G3IJZ6	93.75	124	175
UniRef90_UPI00054B9C83	55.28	124	130
UniRef90_A0A060X729	74.71	124	106
UniRef90_G3RDB2	60.16	124	121
UniRef90_G3HJ35	57.72	124	160
UniRef90_E4WZS0	49.19	124	125
UniRef90_E4XBJ0	47.29	124	131
UniRef90_A0A091PPZ6	80.00	124	70
UniRef90_C3Y8J6	46.72	124	124
UniRef90_A7SAM4	47.50	124	125
UniRef90_A0A0L0GDE2	47.90	124	123
UniRef90_W4YYB0	49.57	124	120
UniRef90_A0A094KXA5	80.88	124	68
UniRef90_UPI0006975ED3	50.00	124	150
UniRef90_B4DEQ2	100.00	124	120
UniRef90_C1BRD3	50.00	124	129
UniRef90_T1J539	48.39	124	130
UniRef90_E0VCR2	48.80	124	129
UniRef90_D6X1D2	45.97	124	130
UniRef90_L5LIY8	90.32	124	1445
UniRef90_C4WRR0	44.80	124	130
UniRef90_G1TQZ3	54.46	124	101
UniRef90_UPI0005AC8F69	45.60	124	130
UniRef90_T1G2C6	45.08	124	127
UniRef90_UPI0004CCF808	44.80	124	130
UniRef90_UPI0002659560	47.58	124	131
UniRef90_T1I158	44.35	124	130
UniRef90_UPI0006CECC86	43.55	124	130
UniRef90_A0A023FTB4	46.72	124	131
UniRef90_U5EUE6	45.60	124	130
UniRef90_Q10100	45.53	124	123
UniRef90_B6AEI1	45.45	124	129
UniRef90_K7J3E1	45.60	124	130
UniRef90_UPI0006979BCA	47.90	124	124
UniRef90_A0A0C3NT43	47.83	124	121
UniRef90_W5JX99	43.20	124	130
UniRef90_H3EIW1	42.19	124	132
UniRef90_Q7QIQ7	44.00	124	130
UniRef90_A0A061SAF1	46.09	124	122
UniRef90_T2MFB7	41.53	124	125
UniRef90_Q5CQI4	44.63	124	129
UniRef90_A0A0J9XUC7	41.41	124	132
UniRef90_R4WQ68	43.55	124	129
UniRef90_A0A0N4UX42	42.97	124	132
UniRef90_B0WE01	42.40	124	130
UniRef90_UPI0005D07CA2	44.00	124	129
UniRef90_UPI0006B0900D	45.16	124	128
UniRef90_UPI000580F11E	45.08	124	130
UniRef90_L1IGG5	41.22	124	129
UniRef90_A0A0B2UUX2	42.52	124	132
UniRef90_R0JYC0	46.55	124	124
UniRef90_C5M1A9	43.55	124	129
UniRef90_A0A0A1WWI3	44.00	124	130
UniRef90_J3JU14	43.44	124	130
UniRef90_A0A0A9ZFN8	43.55	124	130
UniRef90_A2R7Q9	45.76	124	122
UniRef90_H9JBS1	43.55	124	130
UniRef90_A8XFY1	46.83	124	133
UniRef90_Q8NKB7	46.55	124	124
UniRef90_C5L3R8	44.72	124	128
UniRef90_A0A087SH64	43.97	124	122
UniRef90_A0A0L0BNL6	43.20	124	130
UniRef90_I0YN50	42.61	124	122
UniRef90_U6P1F8	44.96	124	133
UniRef90_A0A0C7CLR5	44.63	124	123
UniRef90_G2QEW6	45.76	124	125
UniRef90_A0A067R933	44.80	124	166
UniRef90_UPI00046C22B9	45.16	124	173
UniRef90_A0A0K8TQF5	40.80	124	129
UniRef90_B4Q8G5	41.94	124	130
UniRef90_M7XMM8	46.28	124	124
UniRef90_UPI00067D1739	41.60	124	130
UniRef90_Q21735	44.96	124	133
UniRef90_A0A0N5AZF3	40.62	124	132
UniRef90_A0A010RFT5	44.07	124	125
UniRef90_I1F7E7	39.67	124	143
UniRef90_A0A088ACJ3	44.80	124	130
UniRef90_G6DF53	43.55	124	164
UniRef90_I4DJT4	42.62	124	130
UniRef90_Q9VJ85	43.44	124	130
UniRef90_M2Y8E2	45.80	124	147
UniRef90_C1LMM4	40.83	124	129
UniRef90_Q01GB6	43.75	124	141
UniRef90_L1IZJ2	42.37	124	121
UniRef90_A0A0D2LN64	42.15	124	123
UniRef90_A0A0K8RAN0	44.35	124	132
UniRef90_A2I485	42.74	124	130
UniRef90_E1ZFR7	44.07	124	119
UniRef90_S9W1J5	42.28	124	123
UniRef90_A0A072PIM2	45.87	124	120
UniRef90_Q16UW1	42.74	124	130
UniRef90_M2R1P5	43.97	124	124
UniRef90_G2QS74	44.54	124	124
UniRef90_Q0UJS5	43.10	124	124
UniRef90_K5XI24	43.33	124	119
UniRef90_A0A0D6RB61	44.44	124	125
UniRef90_A0A0A1NZW3	44.63	124	123
UniRef90_UPI0006C9C992	43.20	124	130
UniRef90_A0A0K8UIP1	43.55	124	129
UniRef90_Q6WAS3	41.60	124	130
UniRef90_E4ZI30	45.69	124	257
UniRef90_E7A0I4	45.53	124	120
UniRef90_N4VDH8	43.22	124	124
UniRef90_A0A0B7BLD9	42.19	124	129
UniRef90_B4IWW1	41.60	124	130
UniRef90_UPI0005AD0A49	42.40	124	130
UniRef90_UPI000359706A	42.52	124	129
UniRef90_A0A067P1C0	45.90	124	124
UniRef90_A0A026WRC3	45.08	124	170
UniRef90_UPI0006C9B34C	42.62	124	130
UniRef90_M5E6A0	44.17	124	131
UniRef90_B6K2F6	44.44	124	123
UniRef90_P87102	43.70	124	124
UniRef90_W3VTL2	44.72	124	120
UniRef90_E2BIZ2	45.08	124	166
UniRef90_Q15ES0	40.83	124	129
UniRef90_UPI00067408CC	42.52	124	129
UniRef90_W1PIQ5	46.55	124	123
UniRef90_Q4WXR8	44.44	124	124
UniRef90_Q29FV4	42.40	124	165
UniRef90_A0A0C3QD06	40.52	124	122
UniRef90_F2QUE4	44.44	124	125
UniRef90_Q9VRD6	41.60	124	130
UniRef90_A0A0D2IQN8	42.61	124	125
UniRef90_M0TWI8	43.59	124	123
UniRef90_A0A077YWY7	41.09	124	134
UniRef90_B3M3R6	40.16	124	132
UniRef90_A0A0D2ANK4	42.74	124	124
UniRef90_P33331	44.44	124	125
UniRef90_H2XJX4	41.18	124	137
UniRef90_A0A0F8B6G5	54.55	124	478
UniRef90_A0A0G4I329	44.92	124	124
UniRef90_F2PWD6	41.53	124	131
UniRef90_G0SAM3	43.33	124	123
UniRef90_M1V7U4	45.11	124	131
UniRef90_H6BKN8	41.88	124	125
UniRef90_A8JUT4	40.80	124	129
UniRef90_A0A0G2FHI0	45.69	124	124
UniRef90_G2XB38	38.84	124	125
UniRef90_Q6BWC0	45.30	124	124
UniRef90_U7PQS7	41.38	124	123
UniRef90_A0A0D2FWH1	41.88	124	125
UniRef90_V4AN82	40.00	124	128
UniRef90_A0A0J9X7V7	44.92	124	125
UniRef90_U6GB85	39.67	124	125
UniRef90_R9NZ82	44.83	124	127
UniRef90_UPI0005C38519	40.77	124	133
UniRef90_G1XRL3	40.17	124	124
UniRef90_U5H5Y0	44.35	124	124
UniRef90_A0A060T529	42.86	124	124
UniRef90_J7RCV3	42.74	124	125
UniRef90_N6U302	44.54	124	161
UniRef90_F0VIG5	38.84	124	125
UniRef90_A0A0C2ZTP5	42.15	124	124
UniRef90_M2N1K7	39.50	124	125
UniRef90_C5DJ43	42.74	124	125
UniRef90_A0A0F4XAN9	43.09	124	125
UniRef90_C5FDC0	42.86	124	125
UniRef90_B4PYL6	40.80	124	165
UniRef90_R1CDZ9	43.10	124	127
UniRef90_B8LZ43	40.18	124	118
UniRef90_M0T4K3	41.88	124	123
UniRef90_A1CKF1	44.07	124	126
UniRef90_A0A066WL36	41.88	124	121
UniRef90_R8BWR6	40.83	124	125
UniRef90_I2K3V4	42.28	124	124
UniRef90_UPI000456068E	42.24	124	123
UniRef90_K3YK89	42.28	124	124
UniRef90_S3CZ45	41.59	124	116
UniRef90_C4XXA9	45.61	124	173
UniRef90_S7QH45	44.26	124	125
UniRef90_I2GUV7	43.59	124	125
UniRef90_Q9XJ54	43.09	124	122
UniRef90_A0A074YT34	42.37	124	126
UniRef90_D8PTH6	43.44	124	124
UniRef90_UPI0003524507	40.50	124	144
UniRef90_A0A0L0H548	43.10	124	124
UniRef90_W3WWP8	37.93	124	123
UniRef90_A0A022RT40	41.88	124	123
UniRef90_A0A0G4IHD7	40.50	124	125
UniRef90_B2AR66	40.34	124	124
UniRef90_A0A015IYL1	44.17	124	122
UniRef90_A0A0L9TLR1	43.59	124	123
UniRef90_A0A068V0E6	43.22	124	124
UniRef90_W2S0L7	42.02	124	127
UniRef90_Q9P926	42.74	124	124
UniRef90_A5BM29	42.74	124	123
UniRef90_A8PWY5	44.83	124	147
UniRef90_A0A087T3T7	45.71	124	110
UniRef90_F0XDI3	42.24	124	781
UniRef90_J9FGT6	44.07	124	121
UniRef90_A0A0L8HBJ9	36.36	124	131
UniRef90_A0A0C9ZUP3	42.24	124	122
UniRef90_C5YHS3	41.80	124	122
UniRef90_A0A0K9PAN0	41.88	124	123
UniRef90_I1CIT3	42.37	124	124
UniRef90_W6PX64	42.74	124	125
UniRef90_L7JDN7	41.18	124	126
UniRef90_W9YZ01	39.83	124	123
UniRef90_V9D368	43.36	124	131
UniRef90_D3BQ01	40.52	124	119
UniRef90_G7E5H4	43.70	124	629
UniRef90_A0A0L1HSP6	48.18	124	1605
UniRef90_UPI0003F0B9B9	51.14	124	90
UniRef90_Q9C7F5	41.88	124	126
UniRef90_A0A0A0KW20	42.74	124	173
UniRef90_V2X541	41.32	124	125
UniRef90_S2JMG2	45.90	124	125
UniRef90_A0A0J0XUR9	40.87	124	124
UniRef90_M0T9N8	42.74	124	123
UniRef90_T1DFB2	33.33	124	164
UniRef90_A0A059CF12	43.90	124	125
UniRef90_M0UAP8	43.27	124	119
UniRef90_A8NHB3	40.50	124	124
UniRef90_B4FC92	40.65	124	124
UniRef90_S7ZM55	39.66	124	123
UniRef90_I1LN65	41.03	124	123
UniRef90_C1MKV9	40.80	124	136
UniRef90_B8M4I2	42.37	124	126
UniRef90_A0A0F4YKX1	40.16	124	126
UniRef90_UPI0005814DF8	41.03	124	123
UniRef90_A0A059D9S7	41.88	124	123
UniRef90_UPI000441365D	40.50	124	124
UniRef90_C5P9R8	39.32	124	123
UniRef90_V5I599	44.35	124	126
UniRef90_A0A072TT57	42.61	124	123
UniRef90_UPI0003F4941F	40.87	124	125
UniRef90_I1I8X8	42.28	124	122
UniRef90_W7LUU7	38.33	124	125
UniRef90_B5DIC1	37.82	124	130
UniRef90_A0A0C9SBQ5	48.35	124	97
UniRef90_C4JYZ2	41.03	124	278
UniRef90_A0A087U870	50.56	124	89
UniRef90_D8R9N0	41.46	124	123
UniRef90_A0A0H5C6L6	41.54	124	135
UniRef90_A0A0F7ZHW5	41.67	124	125
UniRef90_D8U6N0	38.52	124	123
UniRef90_J4WD32	38.84	124	128
UniRef90_A9PDH2	41.03	124	123
UniRef90_A0A0D2E7K9	41.88	124	773
UniRef90_A0A061E599	41.38	124	122
UniRef90_A0A0K9QK11	41.38	124	122
UniRef90_UPI000440890A	45.00	124	126
UniRef90_K8EIE3	41.41	124	143
UniRef90_B3TLR5	41.88	124	123
UniRef90_A0A078JI15	41.38	124	122
UniRef90_W9XDZ9	41.38	124	125
UniRef90_Q96VN3	40.68	124	125
UniRef90_A0A0C9ZAX0	43.44	124	123
UniRef90_F8QX37	40.17	124	125
UniRef90_A0A0K9PJ13	42.74	124	174
UniRef90_A0A0D1WXA6	39.83	124	125
UniRef90_A8I6D1	37.70	124	123
UniRef90_M7SYC5	38.79	124	123
UniRef90_UPI0004411C32	41.74	124	124
UniRef90_D8R4W2	43.22	124	126
UniRef90_B9RXQ5	41.13	124	125
UniRef90_V4KVS2	41.88	124	161
UniRef90_G7JBF4	43.48	124	123
UniRef90_V5IFP4	43.36	124	136
UniRef90_A0A0A1T1F8	39.83	124	125
UniRef90_E5QZD1	38.98	124	125
UniRef90_A0A0M0U419	40.34	124	123
UniRef90_A0A0K0E7G0	38.28	124	132
UniRef90_A0A0J8E0S6	40.68	124	124
UniRef90_A0A0F4GXR1	40.32	124	127
UniRef90_Q6CC82	41.03	124	123
UniRef90_A0A067TF55	41.80	124	124
UniRef90_A0A0D6R9N3	43.20	124	141
UniRef90_A0A0F7SQ96	43.10	124	123
UniRef90_R1GX42	38.98	124	125
UniRef90_A0A0B4HKI1	40.34	124	130
UniRef90_A0A0D7ABH8	42.98	124	125
UniRef90_N1PJQ7	39.83	124	126
UniRef90_B4G948	37.19	124	157
UniRef90_Q0CP06	41.18	124	124
UniRef90_A0A0B0MQ24	40.00	124	124
UniRef90_K4B9P0	39.84	124	125
UniRef90_F0ZA45	38.98	124	119
UniRef90_M3JBW9	44.64	124	383
UniRef90_Q9FZK4	40.52	124	122
UniRef90_A0A067GJC0	41.46	124	125
UniRef90_A0A0F8B2P3	36.75	124	124
UniRef90_UPI000440C6E8	38.84	124	124
UniRef90_M2QBP8	42.62	124	124
UniRef90_A0A0E9NCQ9	43.24	124	309
UniRef90_A0A084FUR6	40.34	124	124
UniRef90_A0A0N4YA57	45.37	124	296
UniRef90_UPI00051C84DF	38.14	124	123
UniRef90_W9S4K4	40.68	124	124
UniRef90_UPI00046226EC	41.32	124	125
UniRef90_A0A0F4ZBW8	39.09	124	121
UniRef90_Q4N687	37.61	124	124
UniRef90_A0A0C3DJG4	41.88	124	124
UniRef90_K1WUB7	39.17	124	124
UniRef90_R7QSP7	42.86	124	129
UniRef90_E3KWP2	40.17	124	124
UniRef90_A0A068TTW7	41.46	124	125
UniRef90_C1FD52	40.16	124	134
UniRef90_A0A0L0VE03	41.88	124	177
UniRef90_K5WZR0	41.80	124	124
UniRef90_A0A0D0DEM2	39.84	124	126
UniRef90_UPI00019A1ADF	36.44	124	124
UniRef90_S8CE68	39.32	124	125
UniRef90_B8LN19	39.32	124	123
UniRef90_A9NQ74	39.67	124	123
UniRef90_A0A068SD38	42.86	124	124
UniRef90_A0A0G2GTW5	42.73	124	118
UniRef90_UPI0004A60AD0	39.32	124	123
UniRef90_C7YLN4	37.50	124	125
UniRef90_A0A0C2TN10	41.80	124	125
UniRef90_K3ZY41	39.02	124	123
UniRef90_M5GAW1	37.90	124	123
UniRef90_A0A0D2HPM4	43.64	124	709
UniRef90_UPI00052E9359	41.46	124	128
UniRef90_A0A063BV45	39.83	124	125
UniRef90_A0A0H2RFR8	42.37	124	138
UniRef90_I1IRM0	38.21	124	123
UniRef90_A0A094AWB4	41.53	124	283
UniRef90_A0A0B2X7G1	40.68	124	125
UniRef90_B0D391	40.87	124	125
UniRef90_A0A0H5RJY1	40.00	124	139
UniRef90_A0A0L0NA44	40.83	124	185
UniRef90_A0A0G4FJT1	38.33	124	126
UniRef90_A5YU15	39.32	124	123
UniRef90_A0A0G4LPH1	33.33	124	145
UniRef90_A0A0D9MS11	38.79	124	118
UniRef90_UPI00053A28EC	42.34	124	213
UniRef90_UPI00053A28EC	40.40	124	213
UniRef90_A0A0D1ZG76	42.73	124	721
UniRef90_D4DBL0	36.09	124	145
UniRef90_A4RRB7	41.13	124	127
UniRef90_B8N1S1	40.00	124	125
UniRef90_A0A067PY55	38.84	124	125
UniRef90_B9GML8	40.34	124	138
UniRef90_M7NHW5	41.88	124	124
UniRef90_H6U809	38.98	124	123
UniRef90_M1W5R6	40.00	124	125
UniRef90_A0A0D7AXW4	41.38	124	122
UniRef90_A0A0D2NN84	41.60	124	124
UniRef90_Q8NJ52	40.17	124	125
UniRef90_W1NDK9	39.52	124	154
UniRef90_F6H7L1	41.46	124	140
UniRef90_UPI000455F28E	39.68	124	125
UniRef90_UPI00051AAD5A	38.46	124	122
UniRef90_I1CA28	44.74	124	123
UniRef90_A0A0D0C9C9	38.02	124	125
UniRef90_I1HSD7	38.52	124	141
UniRef90_I1LN66	38.79	124	114
UniRef90_UPI0004E576C9	39.02	124	133
UniRef90_M2ZE88	39.83	124	126
UniRef90_A0A0B7NKN1	41.67	124	120
UniRef90_D2VFE3	35.40	124	120
UniRef90_A0A084QW89	42.24	124	123
UniRef90_K4BYS9	41.32	124	123
UniRef90_R7YT75	38.98	124	126
UniRef90_F5HEF5	44.04	124	124
UniRef90_M1BT01	39.32	124	123
UniRef90_A0A0C3CZA6	40.16	124	124
UniRef90_A0A067JAJ9	40.65	124	125
UniRef90_L8FMN6	38.66	124	123
UniRef90_A0A090L4T4	38.58	124	490
UniRef90_J3NH66	37.82	124	126
UniRef90_A0A078A8H5	44.17	124	648
UniRef90_W5CTT3	40.16	124	140
UniRef90_F4P9D8	39.67	124	124
UniRef90_A0A0M9EYM2	37.50	124	125
UniRef90_A0A0F8UK55	40.18	124	119
UniRef90_UPI0005D2F6BA	45.92	124	113
UniRef90_A0A0G2HXW0	35.90	124	150
UniRef90_A0A061GNE0	40.50	124	125
UniRef90_K3WSL4	39.66	124	120
UniRef90_F4I8X9	39.69	124	132
UniRef90_A0A094FYV0	40.16	124	322
UniRef90_UPI00051C4993	37.61	124	123
UniRef90_B3LAP2	34.17	124	125
UniRef90_T1PHI9	44.94	124	110
UniRef90_A0A067M949	42.15	124	123
UniRef90_UPI00053C94B6	39.06	124	133
UniRef90_A0A0B1P163	42.24	124	124
UniRef90_R4XCZ7	38.98	124	124
UniRef90_A7AQ11	38.84	124	124
UniRef90_R0KLY2	94.74	124	38
UniRef90_A0A0A0LUU9	39.67	124	125
UniRef90_B7PSJ3	45.05	124	101
UniRef90_UPI0005812C53	41.13	124	125
UniRef90_A0A017SEC1	38.98	124	124
UniRef90_A7EMV0	36.67	124	124
UniRef90_S8BMV5	37.61	124	235
UniRef90_A0A094HLN1	40.17	124	315
UniRef90_L0P9T3	40.52	124	124
UniRef90_A0A0A0HW92	35.59	124	174
UniRef90_L0AUN6	35.04	124	124
UniRef90_C0NU53	39.13	124	123
UniRef90_UPI0004E568AD	39.32	124	122
UniRef90_M0TZJ3	39.83	124	134
UniRef90_A0A094E521	40.17	124	344
UniRef90_M4D357	43.62	124	118
UniRef90_A0A094FMW1	41.23	124	362
UniRef90_S8FAE3	40.16	124	125
UniRef90_F8P5A3	39.67	124	125
UniRef90_V4TI11	44.94	124	105
UniRef90_A0A0F8UVY2	39.64	124	160
UniRef90_J4C7W8	34.19	124	120
UniRef90_A0A098DCZ8	37.50	124	184
UniRef90_UPI0006711473	36.00	124	128
UniRef90_A0A0C3SBT8	38.84	124	124
UniRef90_K0K7W2	40.83	124	113
UniRef90_I4YJP9	42.31	124	125
UniRef90_M3D178	37.82	124	127
UniRef90_A0A0J8C7Y4	41.53	124	125
UniRef90_D7KMF9	39.23	124	469
UniRef90_I1LN67	40.40	124	116
UniRef90_W4KJ59	40.16	124	125
UniRef90_F2TW42	43.33	124	115
UniRef90_M5X1T8	38.21	124	125
UniRef90_A0A0D2VGY8	38.98	124	124
UniRef90_W1Q8V7	38.46	124	124
UniRef90_A9RIC1	38.46	124	123
UniRef90_C6H1K6	35.48	124	131
UniRef90_A9SG98	38.46	124	122
UniRef90_D7PEV8	35.29	124	119
UniRef90_B9HZL4	40.65	124	146
UniRef90_J4GUJ9	38.84	124	125
UniRef90_A0A0L1J0R2	37.61	124	118
UniRef90_A0A093Z705	39.17	124	322
UniRef90_A0A0D2RMP6	41.94	124	105
UniRef90_Q86HW7	37.93	124	127
UniRef90_Q8RU32	37.70	124	146
UniRef90_UPI00064CF80B	70.15	124	579
UniRef90_G3JFC4	40.18	124	142
UniRef90_UPI00057A3781	38.21	124	132
UniRef90_F2TAB0	34.45	124	125
UniRef90_E3S8U1	46.59	124	415
UniRef90_K3XMD6	37.90	124	182
UniRef90_C1C1S5	48.89	124	100
UniRef90_UPI0004AB11C9	33.58	124	141
UniRef90_F0WMT5	36.07	124	121
UniRef90_W4GC19	38.26	124	120
UniRef90_A0A0A9B3F3	37.10	124	141
UniRef90_UPI00057B08D1	42.42	124	111
UniRef90_A0A068XL07	34.71	124	131
UniRef90_C0PEZ5	41.30	124	134
UniRef90_I7I843	30.83	124	124
UniRef90_A9SU69	38.46	124	123
UniRef90_J3MUQ6	43.18	124	187
UniRef90_L8GXR0	39.83	124	120
UniRef90_P61970	100.00	124	127
UniRef90_UPI000388A4D8	88.71	124	145
UniRef90_H3B9V9	89.52	124	127
UniRef90_UPI0006B32238	84.68	124	127
UniRef90_I3JYP0	87.90	124	127
UniRef90_U3JX58	88.52	124	126
UniRef90_O42242	87.90	124	127
UniRef90_K4G7G0	84.68	124	130
UniRef90_W5MP84	77.42	124	129
UniRef90_UPI00063CA8F9	80.92	124	155
UniRef90_H2MBJ9	81.45	124	127
UniRef90_UPI00054BB163	81.45	124	127
UniRef90_UPI0004952E71	79.84	124	126
UniRef90_Q6DC81	74.19	124	128
UniRef90_UPI0003F0E42E	89.43	124	181
UniRef90_C1BYY4	74.19	124	128
UniRef90_UPI000441990B	76.42	124	127
UniRef90_UPI000440140E	89.52	124	195
UniRef90_C1BJQ7	70.16	124	128
UniRef90_K7FC03	75.61	124	127
UniRef90_F7CVN9	89.52	124	127
UniRef90_Q4T248	74.19	124	132
UniRef90_F6ZS08	70.73	124	127
UniRef90_F1NLL4	84.68	124	127
UniRef90_V9LH95	65.85	124	127
UniRef90_W5MIC3	82.40	124	130
UniRef90_R4GB00	87.60	124	137
UniRef90_UPI000298B504	75.21	124	133
UniRef90_I3L700	88.80	124	128
UniRef90_J9PB20	86.18	124	127
UniRef90_UPI0001D5D362	87.90	124	126
UniRef90_C3Y8J6	47.11	124	124
UniRef90_M3ZN70	60.16	124	130
UniRef90_H3BRV9	100.00	124	107
UniRef90_G1P5P4	84.55	124	118
UniRef90_UPI00042BF25F	72.58	124	127
UniRef90_UPI00054B9C83	55.28	124	130
UniRef90_UPI0006B30634	58.54	124	130
UniRef90_UPI00022B2013	58.54	124	130
UniRef90_E4ZI30	44.92	124	257
UniRef90_A0A061E599	40.68	124	122
UniRef90_C4JYZ2	40.68	124	278
UniRef90_V4KVS2	41.18	124	161
UniRef90_L1IGG5	39.23	124	129
UniRef90_A5BM29	42.02	124	123
UniRef90_A0A0A0KW20	42.02	124	173
UniRef90_UPI0006441CC8	61.29	124	127
UniRef90_K3YK89	40.98	124	124
UniRef90_A0A078JI15	40.68	124	122
UniRef90_UPI00045DF4FF	60.16	124	127
UniRef90_M0T4K3	41.18	124	123
UniRef90_G1MKW1	80.49	124	126
UniRef90_C5YHS3	41.80	124	122
UniRef90_UPI00020F752D	76.80	124	264
UniRef90_C4XXA9	43.70	124	173
UniRef90_A0A0D2E7K9	40.65	124	773
UniRef90_A2R7Q9	45.76	124	122
UniRef90_A0A068V0E6	41.18	124	124
UniRef90_Q9XJ54	40.98	124	122
UniRef90_A7SAM4	47.50	124	125
UniRef90_UPI0005814DF8	40.34	124	123
UniRef90_Q9FZK4	39.83	124	122
UniRef90_I1I8X8	40.98	124	122
UniRef90_U5EUE6	45.60	124	130
UniRef90_B4FC92	39.34	124	124
UniRef90_M0T9N8	42.02	124	123
UniRef90_D6X1D2	45.60	124	130
UniRef90_A8NHB3	39.84	124	124
UniRef90_Q7QIQ7	43.31	124	130
UniRef90_A0A0K9PAN0	41.18	124	123
UniRef90_M0TWI8	42.86	124	123
UniRef90_K3ZY41	39.02	124	123
UniRef90_A9PDH2	40.34	124	123
UniRef90_G2QEW6	45.38	124	125
UniRef90_A0A072TT57	41.18	124	123
UniRef90_A0A0L0GDE2	47.50	124	123
UniRef90_UPI00045E39E9	93.14	124	107
UniRef90_A0A0K9PJ13	41.18	124	174
UniRef90_UPI00067D1739	41.60	124	130
UniRef90_B3TLR5	41.18	124	123
UniRef90_C5FDC0	42.50	124	125
UniRef90_A0A0A1WWI3	43.20	124	130
UniRef90_A0A059D9S7	41.18	124	123
UniRef90_W5JX99	44.09	124	130
UniRef90_T1J539	47.24	124	130
UniRef90_B4IWW1	40.94	124	130
UniRef90_W3WWP8	36.97	124	123
UniRef90_A0A010RFT5	43.33	124	125
UniRef90_Q9C7F5	41.18	124	126
UniRef90_H6U809	38.66	124	123
UniRef90_M2Y8E2	44.62	124	147
UniRef90_A0A087SH64	43.59	124	122
UniRef90_G5DZ20	87.76	124	101
UniRef90_A0A060T529	42.86	124	124
UniRef90_M1BT01	38.66	124	123
UniRef90_S7QH45	42.28	124	125
UniRef90_Q0UJS5	42.37	124	124
UniRef90_E1ZFR7	44.83	124	119
UniRef90_G2QS74	44.54	124	124
UniRef90_B8LN19	38.66	124	123
UniRef90_UPI0004A60AD0	38.66	124	123
UniRef90_K7J3E1	45.60	124	130
UniRef90_A0A0D2ANK4	42.02	124	124
UniRef90_R0JYC0	44.92	124	124
UniRef90_UPI0003EC1562	96.84	124	99
UniRef90_I1IRM0	38.21	124	123
UniRef90_G7JBF4	42.02	124	123
UniRef90_T1I158	43.65	124	130
UniRef90_F0VIG5	38.84	124	125
UniRef90_A0A0E9NCQ9	38.33	124	309
UniRef90_A0A0L9TLR1	42.02	124	123
UniRef90_C5P9R8	38.66	124	123
UniRef90_A0A0G4IHD7	41.32	124	125
UniRef90_I2K3V4	42.28	124	124
UniRef90_H9JBS1	43.20	124	130
UniRef90_A0A0K9QK11	40.68	124	122
UniRef90_W3VTL2	44.26	124	120
UniRef90_H6BKN8	41.18	124	125
UniRef90_F2PWD6	40.83	124	131
UniRef90_A8PWY5	44.35	124	147
UniRef90_C5M1A9	43.55	124	129
UniRef90_UPI00051AAD5A	37.29	124	122
UniRef90_B4Q8G5	42.52	124	130
UniRef90_A0A0L0BNL6	42.52	124	130
UniRef90_A0A0C2ZTP5	41.46	124	124
UniRef90_B0WE01	41.73	124	130
UniRef90_B9GML8	40.34	124	138
UniRef90_UPI00046226EC	40.65	124	125
UniRef90_A0A067P1C0	43.90	124	124
UniRef90_Q8NKB7	45.76	124	124
UniRef90_N4VDH8	42.50	124	124
UniRef90_E7A0I4	45.08	124	120
UniRef90_E4WZS0	48.78	124	125
UniRef90_UPI000580F11E	44.35	124	130
UniRef90_V2X541	40.65	124	125
UniRef90_A0A0D7ABH8	42.28	124	125
UniRef90_A0A0K8TQF5	40.48	124	129
UniRef90_UPI0004411C32	40.68	124	124
UniRef90_UPI0006C93FE5	75.81	124	304
UniRef90_A9NQ74	39.67	124	123
UniRef90_C5L3R8	44.72	124	128
UniRef90_M5E6A0	41.54	124	131
UniRef90_M2R1P5	43.22	124	124
UniRef90_A0A0A9ZFN8	42.86	124	130
UniRef90_M3JBW9	42.98	124	383
UniRef90_C4WRR0	44.80	124	130
UniRef90_A0A0C2TN10	40.65	124	125
UniRef90_E0VCR2	48.80	124	129
UniRef90_G2XB38	38.84	124	125
UniRef90_C1BRD3	49.60	124	129
UniRef90_J3JU14	41.73	124	130
UniRef90_UPI00051C4993	36.59	124	123
UniRef90_A0A0D6RB61	43.70	124	125
UniRef90_D8PTH6	42.28	124	124
UniRef90_UPI0004CCF808	44.80	124	130
UniRef90_Q9VJ85	41.73	124	130
UniRef90_F2QUE4	43.70	124	125
UniRef90_UPI0006CECC86	42.86	124	130
UniRef90_D8R9N0	40.65	124	123
UniRef90_UPI000395728E	86.73	124	110
UniRef90_Q9VRD6	40.94	124	130
UniRef90_D8R4W2	41.18	124	126
UniRef90_S8CE68	38.66	124	125
UniRef90_A0A0D2NN84	40.32	124	124
UniRef90_I2GUV7	42.86	124	125
UniRef90_A0A088ACJ3	44.80	124	130
UniRef90_A0A0D2IQN8	41.18	124	125
UniRef90_A0A0K8UIP1	42.40	124	129
UniRef90_Q9P926	42.02	124	124
UniRef90_UPI0002659560	46.46	124	131
UniRef90_Q6BWC0	44.54	124	124
UniRef90_Q6CC82	40.68	124	123
UniRef90_C5DJ43	42.02	124	125
UniRef90_UPI00053A28EC	41.23	124	213
UniRef90_UPI00053A28EC	40.40	124	213
UniRef90_L8FMN6	38.66	124	123
UniRef90_R9NZ82	44.35	124	127
UniRef90_W9XDZ9	41.38	124	125
UniRef90_A0A0D0C9C9	38.02	124	125
UniRef90_M7SYC5	37.82	124	123
UniRef90_M1V7U4	40.46	124	131
UniRef90_A0A0F4YKX1	39.67	124	126
UniRef90_W4YYB0	49.57	124	120
UniRef90_A0A067R933	44.09	124	166
UniRef90_A8JUT4	40.80	124	129
UniRef90_S8FAE3	39.02	124	125
UniRef90_Q10100	45.53	124	123
UniRef90_A0A0C3NT43	47.83	124	121
UniRef90_UPI000440C6E8	38.52	124	124
UniRef90_UPI0005D07CA2	44.00	124	129
UniRef90_UPI0006B194CB	98.94	124	107
UniRef90_G6DF53	43.55	124	164
UniRef90_Q96VN3	40.00	124	125
UniRef90_W2S0L7	41.32	124	127
UniRef90_I1LN65	40.34	124	123
UniRef90_N1PJQ7	38.33	124	126
UniRef90_E4XBJ0	47.29	124	131
UniRef90_UPI00051C84DF	36.97	124	123
UniRef90_UPI00046C22B9	44.80	124	173
UniRef90_W1PIQ5	43.70	124	123
UniRef90_UPI0005AC8F69	45.60	124	130
UniRef90_B2AR66	40.34	124	124
UniRef90_W9YZ01	39.83	124	123
UniRef90_A0A026WRC3	45.08	124	170
UniRef90_A0A074YT34	41.67	124	126
UniRef90_Q4WXR8	43.70	124	124
UniRef90_A0A067PY55	38.21	124	125
UniRef90_B4PYL6	40.80	124	165
UniRef90_A0A0L0NA44	39.67	124	185
UniRef90_C7YLN4	37.19	124	125
UniRef90_W7LUU7	38.02	124	125
UniRef90_Q5CQI4	44.63	124	129
UniRef90_A0A0D2FWH1	41.18	124	125
UniRef90_A0A094AWB4	40.34	124	283
UniRef90_A0A0B4HKI1	40.00	124	130
UniRef90_B6AEI1	45.45	124	129
UniRef90_J7RCV3	42.02	124	125
UniRef90_A0A0J9X7V7	45.00	124	125
UniRef90_P33331	43.70	124	125
UniRef90_V5I599	41.67	124	126
UniRef90_A0A0D2HPM4	41.53	124	709
UniRef90_A0A0G2GTW5	41.23	124	118
UniRef90_U5H5Y0	42.86	124	124
UniRef90_UPI00067951D2	77.42	124	103
UniRef90_A0A067TF55	39.02	124	124
UniRef90_P87102	42.86	124	124
UniRef90_UPI000456068E	41.53	124	123
UniRef90_K5WZR0	40.65	124	124
UniRef90_UPI0006C9C992	42.86	124	130
UniRef90_M1W5R6	40.00	124	125
UniRef90_K4BYS9	40.65	124	123
UniRef90_Q29FV4	42.40	124	165
UniRef90_R4XCZ7	37.82	124	124
UniRef90_A0A0C7CLR5	42.62	124	123
UniRef90_A0A0F4GXR1	39.52	124	127
UniRef90_A0A0G4I329	42.50	124	124
UniRef90_W4KJ59	37.40	124	125
UniRef90_J4GUJ9	37.40	124	125
UniRef90_W1NDK9	39.20	124	154
UniRef90_A0A061SAF1	45.30	124	122
UniRef90_A0A068SD38	40.00	124	124
UniRef90_A0A094FYV0	39.67	124	322
UniRef90_A2I485	41.73	124	130
UniRef90_UPI000455F28E	39.20	124	125
UniRef90_F8QX37	39.50	124	125
UniRef90_F6YRZ3	89.47	124	100
UniRef90_UPI0006B0900D	43.20	124	128
UniRef90_A0A0D1ZG76	41.59	124	721
UniRef90_A0A094E521	39.50	124	344
UniRef90_A0A022RT40	41.18	124	123
UniRef90_W6PX64	42.02	124	125
UniRef90_U6GB85	39.67	124	125
UniRef90_A0A0D0DEM2	39.84	124	126
UniRef90_V9D368	43.36	124	131
UniRef90_Q0CP06	40.83	124	124
UniRef90_S2JMG2	44.26	124	125
UniRef90_S9W1J5	42.28	124	123
UniRef90_A0A0M0U419	41.18	124	123
UniRef90_A0A094HLN1	39.50	124	315
UniRef90_UPI000441365D	39.84	124	124
UniRef90_A0A068TTW7	41.46	124	125
UniRef90_A0A094FMW1	39.50	124	362
UniRef90_R4WQ68	43.20	124	129
UniRef90_Q16UW1	41.73	124	130
UniRef90_A0A0F7ZHW5	39.67	124	125
UniRef90_Q6WAS3	42.52	124	130
UniRef90_B9RXQ5	40.65	124	125
UniRef90_A0A023FTB4	45.60	124	131
UniRef90_B6K2F6	43.70	124	123
UniRef90_A0A0A0HW92	34.45	124	174
UniRef90_UPI00019A1ADF	35.29	124	124
UniRef90_A0A098DCZ8	37.19	124	184
UniRef90_UPI00067408CC	40.62	124	129
UniRef90_B8N1S1	39.17	124	125
UniRef90_UPI0003F4941F	39.50	124	125
UniRef90_F0XDI3	41.53	124	781
UniRef90_A0A0F4XAN9	42.28	124	125
UniRef90_A0A0D1WXA6	38.66	124	125
UniRef90_T1G2C6	44.72	124	127
UniRef90_A0A0A1T1F8	38.84	124	125
UniRef90_I0YN50	41.88	124	122
UniRef90_A0A0C3SBT8	38.21	124	124
UniRef90_A0A0H5RJY1	39.66	124	139
UniRef90_A0A061GNE0	39.84	124	125
UniRef90_J4WD32	38.21	124	128
UniRef90_G7E5H4	40.83	124	629
UniRef90_A0A0B7BLD9	39.84	124	129
UniRef90_A0A0G2FHI0	43.80	124	124
UniRef90_D4DBL0	35.82	124	145
UniRef90_Q8NJ52	38.66	124	125
UniRef90_A0A0C3CZA6	38.21	124	124
UniRef90_I4DJT4	41.60	124	130
UniRef90_A0A0C3QD06	40.52	124	122
UniRef90_S3CZ45	40.87	124	116
UniRef90_B8M4I2	40.83	124	126
UniRef90_A0A0J8C7Y4	40.00	124	125
UniRef90_A0A0H5C6L6	41.54	124	135
UniRef90_A0A0F8UK55	37.61	124	119
UniRef90_M7XMM8	44.72	124	124
UniRef90_S7ZM55	39.83	124	123
UniRef90_M7NHW5	39.50	124	124
UniRef90_A0A017SEC1	38.33	124	124
UniRef90_A0A059CF12	43.09	124	125
UniRef90_W1Q8V7	37.82	124	124
UniRef90_K4B7E7	34.45	124	123
UniRef90_A9SU69	36.97	124	123
UniRef90_A0A0M9EYM2	37.19	124	125
UniRef90_A0A0L0H548	43.10	124	124
UniRef90_A0A0D9MS11	38.46	124	118
UniRef90_A0A0D6R9N3	41.13	124	141
UniRef90_R8BWR6	40.83	124	125
UniRef90_A0A066WL36	41.18	124	121
UniRef90_A0A0B2X7G1	39.67	124	125
UniRef90_E5QZD1	38.33	124	125
UniRef90_A0A0B0MQ24	38.71	124	124
UniRef90_UPI000359706A	41.73	124	129
UniRef90_A0A093Z705	38.66	124	322
UniRef90_A0A0F8B2P3	36.13	124	124
UniRef90_A7EMV0	36.67	124	124
UniRef90_F8P5A3	39.02	124	125
UniRef90_M2QBP8	40.16	124	124
UniRef90_UPI00052E9359	41.46	124	128
UniRef90_A0A094I3Y7	35.38	124	294
UniRef90_A0A0A1NZW3	42.62	124	123
UniRef90_M3D178	35.83	124	127
UniRef90_A0A063BV45	38.84	124	125
UniRef90_A0A0L0VE03	41.53	124	177
UniRef90_A0A0F8UVY2	38.94	124	160
UniRef90_B0D391	39.50	124	125
UniRef90_E2BIZ2	44.00	124	166
UniRef90_R1GX42	38.33	124	125
UniRef90_UPI0005AD0A49	42.40	124	130
UniRef90_UPI0005812C53	39.84	124	125
UniRef90_U7PQS7	40.68	124	123
UniRef90_A0A0D2VGY8	37.19	124	124
UniRef90_A0A015IYL1	42.15	124	122
UniRef90_G1XRL3	38.66	124	124
UniRef90_K1WUB7	39.17	124	124
UniRef90_I1CIT3	40.34	124	124
UniRef90_L0P9T3	37.82	124	124
UniRef90_A0A0L1J0R2	37.61	124	118
UniRef90_A1CKF1	43.33	124	126
UniRef90_B9HZL4	39.84	124	146
UniRef90_UPI0004E576C9	38.40	124	133
UniRef90_F6H7L1	41.46	124	140
UniRef90_T2MFB7	41.18	124	125
UniRef90_Q8RU32	36.51	124	146
UniRef90_A0A067JAJ9	40.65	124	125
UniRef90_A9SG98	36.44	124	122
UniRef90_L1IZJ2	40.34	124	121
UniRef90_R7YT75	38.33	124	126
UniRef90_K3XMD6	37.90	124	182
UniRef90_A0A0J0XUR9	39.50	124	124
UniRef90_M5GAW1	37.40	124	123
UniRef90_C6H1K6	34.92	124	131
UniRef90_I1HSD7	37.90	124	141
UniRef90_A0A0G4FJT1	38.33	124	126
UniRef90_A0A0C3DJG4	40.83	124	124
UniRef90_M0TZJ3	38.84	124	134
UniRef90_W9S4K4	37.82	124	124
UniRef90_T1DFB2	33.33	124	164
UniRef90_C1MKV9	40.48	124	136
UniRef90_M2ZE88	38.33	124	126
UniRef90_A0A0K8RAN0	43.20	124	132
UniRef90_A0A0C9ZAX0	40.65	124	123
UniRef90_D7KMF9	38.46	124	469
UniRef90_R1CDZ9	39.34	124	127
UniRef90_A5YU15	38.66	124	123
UniRef90_A0A0A0LUU9	39.67	124	125
UniRef90_A0A0A9B3F3	36.80	124	141
UniRef90_UPI0004E568AD	36.89	124	122
UniRef90_F4I8X9	38.46	124	132
UniRef90_UPI0006C9B34C	41.60	124	130
UniRef90_A0A0G4LPH1	33.33	124	145
UniRef90_A0A0B1P163	41.88	124	124
UniRef90_M5X1T8	38.21	124	125
UniRef90_UPI00053C94B6	37.80	124	133
UniRef90_E3KWP2	39.83	124	124
UniRef90_R7QSP7	39.52	124	129
UniRef90_A0A072PIM2	45.05	124	120
UniRef90_A0A084FUR6	39.67	124	124
UniRef90_M2N1K7	38.66	124	125
UniRef90_A0A0G2HXW0	35.59	124	150
UniRef90_K4B9P0	39.84	124	125
UniRef90_G0SAM3	44.17	124	123
UniRef90_F2TAB0	34.17	124	125
UniRef90_A0A0B2UUX2	42.19	124	132
UniRef90_A0A0J9XUC7	41.41	124	132
UniRef90_A0A0C9ZUP3	41.88	124	122
UniRef90_A0A0N4UX42	42.97	124	132
UniRef90_A0A0J8E0S6	40.00	124	124
UniRef90_N6U302	43.44	124	161
UniRef90_A0A0D2LN64	42.15	124	123
UniRef90_S8BMV5	36.97	124	235
UniRef90_K5XI24	42.50	124	119
UniRef90_A0A067GJC0	41.46	124	125
UniRef90_Q01GB6	42.11	124	141
UniRef90_C5G9N2	32.54	124	131
UniRef90_F4P9D8	39.84	124	124
UniRef90_A0A060S3L6	37.27	124	410
UniRef90_A0A0L9SZU3	37.70	124	125
UniRef90_UPI000440890A	42.98	124	126
UniRef90_A9RIC1	37.82	124	123
UniRef90_C0NU53	37.82	124	123
UniRef90_I1LN66	38.14	124	114
UniRef90_B8LRR1	34.15	124	141
UniRef90_K0K7W2	40.83	124	113
UniRef90_A0A0D7AXW4	41.03	124	122
UniRef90_UPI00057A3781	36.80	124	132
UniRef90_M0UAP8	41.67	124	119
UniRef90_W5CTT3	39.20	124	140
UniRef90_A0A0G2DEV8	62.10	124	104
UniRef90_A0A084QW89	41.18	124	123
UniRef90_A0A0B7NKN1	40.98	124	120
UniRef90_A8I6D1	37.70	124	123
UniRef90_G3JFC4	38.79	124	142
UniRef90_U6P1F8	44.96	124	133
UniRef90_A0A077YWY7	39.69	124	134
UniRef90_F7C199	70.73	124	122
UniRef90_D2VFE3	34.19	124	120
UniRef90_A0A0F4ZBW8	37.72	124	121
UniRef90_D8U6N0	38.10	124	123
UniRef90_V8NH93	66.94	124	94
UniRef90_L8GXR0	38.71	124	120
UniRef90_A0A078J3J2	37.30	124	133
UniRef90_K8EIE3	40.46	124	143
UniRef90_A0A0L1HSP6	47.22	124	1605
UniRef90_G1TNN4	77.06	124	116
UniRef90_A0A0D2RMP6	41.05	124	105
UniRef90_Q21735	44.96	124	133
UniRef90_I1CA28	43.22	124	123
UniRef90_UPI0006A6CF0D	37.30	124	279
UniRef90_H3EIW1	42.97	124	132
UniRef90_A0A0N5AZF3	39.06	124	132
UniRef90_A0A096SYL2	32.80	124	136
UniRef90_C1FD52	39.20	124	134
UniRef90_UPI00051B3745	38.38	124	117
UniRef90_F5HEF5	43.52	124	124
UniRef90_UPI0005C38519	40.46	124	133
UniRef90_A0A0F7SQ96	39.83	124	123
UniRef90_UPI00057AEA22	40.62	124	129
UniRef90_A0A060X729	72.22	124	106
UniRef90_A4RRB7	39.68	124	127
UniRef90_G0U103	29.06	124	124
UniRef90_UPI00057B08D1	42.42	124	111
UniRef90_A0A0L0SJM4	36.07	124	125
UniRef90_UPI0004C124E2	34.96	124	126
UniRef90_J9FGT6	43.09	124	121
UniRef90_A0A061CZD4	32.50	124	124
UniRef90_I4YJP9	41.12	124	125
UniRef90_C0PEZ5	39.18	124	134
UniRef90_A0A067M949	41.46	124	123
UniRef90_UPI0004F434DE	32.48	124	124
UniRef90_UPI0006975ED3	50.00	124	150
UniRef90_A0A0L8HBJ9	36.36	124	131
UniRef90_L0AUN6	34.17	124	124
UniRef90_I1F7E7	39.34	124	143
UniRef90_A0A078A8H5	43.90	124	648
UniRef90_A7AQ11	35.83	124	124
UniRef90_Q57W07	29.91	124	124
UniRef90_J4C7W8	33.90	124	120
UniRef90_M4EML5	40.62	124	167
UniRef90_G4T693	33.88	124	121
UniRef90_M4EVI5	39.60	124	129
UniRef90_B3LAP2	33.88	124	125
UniRef90_M4D357	43.62	124	118
UniRef90_M7ZWD9	40.21	124	129
UniRef90_UPI0003524507	39.34	124	144
UniRef90_A0A059B7V1	41.67	124	128
UniRef90_M8AVF3	41.24	124	185
UniRef90_A8XFY1	45.74	124	133
UniRef90_UPI0004AAC094	33.60	124	186
UniRef90_V4TI11	44.94	124	105
UniRef90_UPI0006979BCA	47.90	124	124
UniRef90_B3M3R6	38.58	124	132
UniRef90_UPI0005D2F6BA	45.36	124	113
UniRef90_UPI0006711473	36.00	124	128
UniRef90_L7JDN7	40.50	124	126
UniRef90_S8BUW4	40.62	124	101
UniRef90_UPI000520F1C8	37.25	124	153
UniRef90_A0A086SV36	36.30	124	139
UniRef90_A0A0D2UP30	38.39	124	161
UniRef90_Q4N687	36.67	124	124
UniRef90_A0A0M9FU65	30.77	124	124
UniRef90_T1PHI9	40.74	124	110
UniRef90_A0A061J992	29.06	124	124
UniRef90_A0A0F2LVB6	28.24	124	201
UniRef90_D3BQ01	39.66	124	119
UniRef90_Q4CZU2	30.77	124	124
UniRef90_V4AN82	39.68	124	128
UniRef90_W6KMZ8	30.77	124	124
UniRef90_B5DIC1	36.89	124	130
UniRef90_B8LZ43	39.47	124	118
UniRef90_A0A090L4T4	38.28	124	490
UniRef90_W4GC19	37.61	124	120
UniRef90_A0A0K0E7G0	38.28	124	132
UniRef90_I1LN67	40.40	124	116
UniRef90_F1Q2P8	67.67	124	135
UniRef90_A0A087T3T7	44.86	124	110
UniRef90_K3WSL4	39.66	124	120
UniRef90_V5IFP4	42.11	124	136
