UniRef90_P02766	99.17	120	147
UniRef90_A6XGL1	75.80	120	184
UniRef90_UPI000443A2F8	87.50	120	147
UniRef90_UPI00046B3E6F	87.50	120	147
UniRef90_UPI0004D0ADDD	88.33	120	150
UniRef90_H0XG43	88.24	120	149
UniRef90_UPI0003F0A2A8	85.83	120	145
UniRef90_P07489	85.83	120	127
UniRef90_G3R0H8	72.78	120	185
UniRef90_UPI0000E38745	86.67	120	147
UniRef90_UPI00033349C1	86.67	120	147
UniRef90_G1R3S8	74.51	120	180
UniRef90_O46375	87.29	120	147
UniRef90_UPI0000E435B5	85.83	120	147
UniRef90_P50390	86.67	120	150
UniRef90_E2R5U8	86.55	120	147
UniRef90_M3WEV9	85.00	120	146
UniRef90_O46654	85.00	120	147
UniRef90_G3I4M9	84.87	120	147
UniRef90_UPI0003C86172	84.17	120	147
UniRef90_S9XVK5	84.17	120	150
UniRef90_G1P0M6	86.44	120	145
UniRef90_P02767	84.03	120	147
UniRef90_I3M9X3	84.03	120	147
UniRef90_L9KTX1	83.19	120	149
UniRef90_A0A0C4K440	84.03	120	145
UniRef90_L5K5B4	83.19	120	147
UniRef90_UPI0001777C17	80.67	120	147
UniRef90_UPI0004ED4C07	82.35	120	147
UniRef90_UPI0006429210	82.50	120	145
UniRef90_G5C307	84.75	120	147
UniRef90_G3TDX2	82.50	120	147
UniRef90_T1W4X2	82.50	120	146
UniRef90_F7C3H5	79.66	120	147
UniRef90_UPI0002C45B20	80.51	120	147
UniRef90_P27731	79.17	120	150
UniRef90_A0A087VEU0	78.33	120	150
UniRef90_H1AA03	82.50	120	144
UniRef90_L8I7X0	68.67	120	179
UniRef90_H0VMD5	84.03	120	126
UniRef90_A0A093J8Y7	78.33	120	150
UniRef90_K7FAI7	77.50	120	150
UniRef90_Q2LDE6	77.50	120	150
UniRef90_O55245	75.00	120	150
UniRef90_P49141	74.17	120	149
UniRef90_A0A091EEP2	75.83	120	150
UniRef90_A0A093C1Y4	75.00	120	150
UniRef90_F7B925	70.83	120	149
UniRef90_UPI0004418B15	73.33	120	150
UniRef90_B5G258	74.17	120	150
UniRef90_P49143	71.67	120	149
UniRef90_P49142	71.67	120	149
UniRef90_H9GPT6	71.67	120	152
UniRef90_P30623	71.67	120	150
UniRef90_UPI0006B19FC6	73.33	120	166
UniRef90_F7IKU6	59.62	120	184
UniRef90_R0M3P3	60.78	120	157
UniRef90_G1NDK1	70.83	120	149
UniRef90_UPI0005F40A05	95.35	120	150
UniRef90_UPI00042BF502	66.39	120	152
UniRef90_G5E3W6	67.80	120	122
UniRef90_B7ZS96	63.33	120	153
UniRef90_UPI00065E497A	65.83	120	139
UniRef90_UPI0003C4968B	64.17	120	149
UniRef90_U3IN57	65.83	120	147
UniRef90_A0A093I1I2	65.00	120	147
UniRef90_A0A093J0L4	64.17	120	147
UniRef90_UPI00003ABEB7	64.17	120	147
UniRef90_P31779	63.33	120	153
UniRef90_UPI0003945BCA	61.67	120	149
UniRef90_UPI0005231BF7	60.50	120	147
UniRef90_A0A091K3M6	59.17	120	147
UniRef90_M3XKN2	62.07	120	149
UniRef90_V8PJG6	69.81	120	106
UniRef90_A0A093G7W0	60.00	120	147
UniRef90_H0ZKE0	61.67	120	147
UniRef90_A0A091QPR5	60.83	120	147
UniRef90_UPI000523C0D1	58.33	120	150
UniRef90_A7UIU9	60.83	120	150
UniRef90_A0A091NPE2	59.66	120	147
UniRef90_UPI0004405AD4	63.33	120	120
UniRef90_UPI000533F6F1	81.18	120	120
UniRef90_UPI0003EAE157	60.83	120	150
UniRef90_A0A0F8AW96	59.17	120	152
UniRef90_A0A0A0AHZ1	56.78	120	147
UniRef90_W5K4G6	58.33	120	149
UniRef90_UPI000671266B	58.33	120	147
UniRef90_UPI000498316F	57.50	120	149
UniRef90_A0A0E9XUW7	57.50	120	150
UniRef90_W5UJK8	59.29	120	155
UniRef90_J7HEQ3	58.62	120	165
UniRef90_UPI00064447BC	58.26	120	149
UniRef90_B9V2X0	57.26	120	165
UniRef90_UPI0004954E01	59.48	120	149
UniRef90_B8JLL8	53.33	120	149
UniRef90_A0A093QJG9	56.30	120	148
UniRef90_A0A060XNK3	55.00	120	149
UniRef90_UPI0006B6B35C	54.17	120	149
UniRef90_O93330	55.83	120	149
UniRef90_H2SQV3	52.99	120	155
UniRef90_G3VDV2	70.93	120	134
UniRef90_A0A0G2BKH5	52.50	120	172
UniRef90_K4GL69	49.57	120	170
UniRef90_H3CYP6	49.57	120	151
UniRef90_A3QVU5	48.70	120	156
UniRef90_UPI00045E55C5	52.50	120	119
UniRef90_A0A091I8N7	63.75	120	85
UniRef90_UPI00035962B9	58.14	120	175
UniRef90_A9YZV2	56.10	120	94
UniRef90_W5MIA2	58.82	120	202
UniRef90_B8JLL7	51.76	120	118
UniRef90_F8U082	52.58	120	100
UniRef90_UPI0005D26DF5	51.22	120	181
UniRef90_H3BW30	41.07	120	137
UniRef90_UPI0002A9D7F6	40.18	120	139
UniRef90_W4Y718	44.44	120	147
UniRef90_H2LZW8	39.64	120	118
UniRef90_E9FRK0	40.37	120	117
UniRef90_I3JE44	38.39	120	139
UniRef90_UPI0002653713	44.44	120	262
UniRef90_UPI00054BAC38	35.71	120	139
UniRef90_D1LXG7	38.74	120	144
UniRef90_UPI000673F297	36.61	120	125
UniRef90_Q8TDB2	97.50	120	46
UniRef90_UPI00055587C8	37.61	120	138
UniRef90_UPI000697B62F	39.64	120	140
UniRef90_Q27IY7	57.35	120	68
UniRef90_M3XGG2	38.74	120	141
UniRef90_W5M0G9	38.53	120	140
UniRef90_M3XIR5	38.74	120	217
UniRef90_M3ZLA9	34.82	120	118
UniRef90_W5K7V8	38.18	120	139
UniRef90_UPI0003C10734	38.74	120	457
UniRef90_V9L3K9	37.04	120	139
UniRef90_UPI0004980673	36.61	120	139
UniRef90_UPI000495B9BA	35.71	120	139
UniRef90_Q06S87	35.78	120	138
UniRef90_W5UMK2	37.61	120	139
UniRef90_C7PNS4	37.96	120	112
UniRef90_R7UE73	37.04	120	136
UniRef90_A0A0G1Z8S0	37.61	120	140
UniRef90_G3PTU6	33.93	120	118
UniRef90_A0A087YIQ9	33.04	120	139
UniRef90_UPI0006B3185C	32.14	120	139
UniRef90_UPI000577FA12	36.70	120	120
UniRef90_Q5EI17	42.86	120	107
UniRef90_UPI0006443EF3	35.78	120	140
UniRef90_G1TFX3	36.70	120	118
UniRef90_UPI000674A460	38.18	120	133
UniRef90_UPI000644C8A9	33.94	120	119
UniRef90_UPI000328D61B	35.19	120	140
UniRef90_F7EG90	33.94	120	118
UniRef90_UPI00054BC602	35.78	120	119
UniRef90_UPI0006B3AB24	34.86	120	118
UniRef90_M3ZS45	33.94	120	126
UniRef90_UPI0004951DEB	34.86	120	119
UniRef90_UPI0005760690	34.86	120	139
UniRef90_A4A380	36.11	120	113
UniRef90_B8KGG4	36.54	120	113
UniRef90_B0X3D3	36.94	120	130
UniRef90_F6TMQ6	33.94	120	118
UniRef90_E7F0I1	34.86	120	120
UniRef90_UPI0003331911	35.78	120	141
UniRef90_A0A060YEF5	32.11	120	146
UniRef90_UPI00038F16D8	34.86	120	118
UniRef90_A0A0D8DBP4	33.65	120	113
UniRef90_H0XM30	35.19	120	118
UniRef90_L9KIV2	34.86	120	118
UniRef90_UPI0004970A8D	35.78	120	123
UniRef90_Q9CRB3	35.78	120	118
UniRef90_A0A0K8T498	35.45	120	145
UniRef90_A0A0A9W942	35.45	120	139
UniRef90_UPI000333B127	35.45	120	141
UniRef90_H2L589	33.03	120	119
UniRef90_H0VUJ8	35.45	120	118
UniRef90_UPI0003314A85	33.94	120	141
UniRef90_G3P0X3	33.94	120	118
UniRef90_A0A0E9XKA0	33.94	120	140
UniRef90_A0A0D2X494	33.61	120	157
UniRef90_F6QAX9	33.94	120	118
UniRef90_A0A0K8WD78	33.01	120	162
UniRef90_UPI000333A72D	33.64	120	143
UniRef90_G5APG7	33.03	120	118
UniRef90_C1BQU4	31.48	120	118
UniRef90_UPI00045DDAA1	34.86	120	118
UniRef90_R9CQG6	35.14	120	124
UniRef90_UPI000650BC90	34.86	120	118
UniRef90_UPI0003F0A4DC	34.23	120	143
UniRef90_R4WKQ3	35.14	120	147
UniRef90_R7QDE5	32.41	120	114
UniRef90_UPI000625D887	34.86	120	141
UniRef90_UPI000345A81B	39.62	120	114
UniRef90_B5X6U3	33.94	120	120
UniRef90_G1L3R1	35.78	120	118
UniRef90_UPI0003F1117F	34.55	120	140
UniRef90_W5L2X3	33.33	120	120
UniRef90_F8CMJ1	37.27	120	114
UniRef90_G7Q010	33.03	120	118
UniRef90_UPI0003992067	34.23	120	365
UniRef90_UPI00030ED70D	38.32	120	105
UniRef90_W0ZDU4	40.19	120	112
UniRef90_UPI00032B07AE	33.03	120	143
UniRef90_UPI00038BD932	32.73	120	148
UniRef90_UPI00046D2549	36.89	120	107
UniRef90_UPI00046B1D73	32.14	120	268
UniRef90_UPI00041D99A2	35.14	120	116
UniRef90_I3MV32	33.94	120	118
UniRef90_UPI0004D0929A	33.94	120	123
UniRef90_UPI0005BB5E34	33.94	120	189
UniRef90_A0A0K1Q0T4	37.86	120	112
UniRef90_A0A099D808	33.98	120	116
UniRef90_UPI00045DD34C	33.03	120	221
UniRef90_UPI0004D0ADDD	88.33	120	150
UniRef90_UPI000443A2F8	87.50	120	147
UniRef90_P02767	83.33	120	147
UniRef90_K7FAI7	77.50	120	150
UniRef90_P27731	79.17	120	150
UniRef90_UPI0006B19FC6	73.33	120	166
UniRef90_A0A087VEU0	78.33	120	150
UniRef90_O55245	75.00	120	150
UniRef90_P50390	86.67	120	150
UniRef90_P02766	99.17	120	147
UniRef90_Q2LDE6	77.50	120	150
UniRef90_UPI00033349C1	86.67	120	147
UniRef90_A0A093J8Y7	78.33	120	150
UniRef90_S9XVK5	84.17	120	150
UniRef90_P30623	71.67	120	150
UniRef90_UPI0003C86172	84.17	120	147
UniRef90_UPI0000E435B5	85.83	120	147
UniRef90_UPI0004418B15	73.33	120	150
UniRef90_I3M9X3	84.03	120	147
UniRef90_E2R5U8	86.55	120	147
UniRef90_O46375	87.29	120	147
UniRef90_G3I4M9	84.87	120	147
UniRef90_H0XG43	88.98	120	149
UniRef90_UPI0003F0A2A8	85.83	120	145
UniRef90_M3WEV9	85.00	120	146
UniRef90_UPI00046B3E6F	87.50	120	147
UniRef90_G3TDX2	83.90	120	147
UniRef90_G1P0M6	86.44	120	145
UniRef90_UPI0006429210	82.50	120	145
UniRef90_O46654	85.00	120	147
UniRef90_P49141	74.17	120	149
UniRef90_P07489	85.83	120	127
UniRef90_UPI0004ED4C07	82.35	120	147
UniRef90_P49142	71.67	120	149
UniRef90_UPI0000E38745	86.67	120	147
UniRef90_A0A091EEP2	75.83	120	150
UniRef90_P49143	71.67	120	149
UniRef90_L5K5B4	83.19	120	147
UniRef90_UPI0002C45B20	80.51	120	147
UniRef90_UPI0001777C17	80.67	120	147
UniRef90_H9GPT6	71.67	120	152
UniRef90_L9KTX1	83.19	120	149
UniRef90_B5G258	74.17	120	150
UniRef90_A0A0C4K440	84.03	120	145
UniRef90_A0A093I1I2	65.00	120	147
UniRef90_A0A093C1Y4	75.00	120	150
UniRef90_UPI0003C4968B	64.17	120	149
UniRef90_UPI00065E497A	65.83	120	139
UniRef90_G5C307	84.75	120	147
UniRef90_A0A093J0L4	64.17	120	147
UniRef90_T1W4X2	82.50	120	146
UniRef90_R0M3P3	60.78	120	157
UniRef90_F7B925	70.83	120	149
UniRef90_U3IN57	65.83	120	147
UniRef90_UPI00042BF502	66.39	120	152
UniRef90_B7ZS96	63.33	120	153
UniRef90_L8I7X0	68.67	120	179
UniRef90_P31779	63.33	120	153
UniRef90_G5E3W6	67.80	120	122
UniRef90_H0ZKE0	61.67	120	147
UniRef90_G1NDK1	70.83	120	149
UniRef90_G3R0H8	70.89	120	185
UniRef90_G1R3S8	74.51	120	180
UniRef90_A6XGL1	75.80	120	184
UniRef90_A0A091K3M6	59.17	120	147
UniRef90_M3XKN2	61.02	120	149
UniRef90_UPI0003EAE157	61.34	120	150
UniRef90_F7C3H5	79.66	120	147
UniRef90_A7UIU9	60.83	120	150
UniRef90_W5K4G6	58.33	120	149
UniRef90_UPI00003ABEB7	64.17	120	147
UniRef90_UPI0005231BF7	60.50	120	147
UniRef90_UPI000523C0D1	58.33	120	150
UniRef90_A0A0F8AW96	59.17	120	152
UniRef90_H1AA03	82.50	120	144
UniRef90_A0A091NPE2	59.66	120	147
UniRef90_UPI00064447BC	55.83	120	149
UniRef90_A0A0A0AHZ1	56.78	120	147
UniRef90_A0A091QPR5	60.83	120	147
UniRef90_UPI000498316F	57.50	120	149
UniRef90_B8JLL8	53.33	120	149
UniRef90_H0VMD5	84.03	120	126
UniRef90_J7HEQ3	57.14	120	165
UniRef90_UPI0003945BCA	61.67	120	149
UniRef90_B9V2X0	56.78	120	165
UniRef90_A0A060XNK3	55.00	120	149
UniRef90_A0A0E9XUW7	57.50	120	150
UniRef90_O93330	55.83	120	149
UniRef90_A0A093G7W0	60.00	120	147
UniRef90_UPI0006B6B35C	54.17	120	149
UniRef90_UPI0004954E01	58.47	120	149
UniRef90_W5UJK8	56.30	120	155
UniRef90_H3BW30	41.07	120	137
UniRef90_V8PJG6	69.81	120	106
UniRef90_I3JE44	38.39	120	139
UniRef90_A0A093QJG9	56.30	120	148
UniRef90_UPI000671266B	58.33	120	147
UniRef90_F7IKU6	59.62	120	184
UniRef90_UPI000673F297	36.61	120	125
UniRef90_H2SQV3	51.67	120	155
UniRef90_UPI0002A9D7F6	40.18	120	139
UniRef90_A0A0G2BKH5	52.50	120	172
UniRef90_UPI00054BAC38	35.71	120	139
UniRef90_H3CYP6	49.57	120	151
UniRef90_UPI000495B9BA	35.71	120	139
UniRef90_UPI0006B3185C	32.14	120	139
UniRef90_W5M0G9	38.18	120	140
UniRef90_UPI00054BC602	35.45	120	119
UniRef90_UPI00055587C8	36.61	120	138
UniRef90_A0A0G1Z8S0	37.27	120	140
UniRef90_UPI0004980673	36.61	120	139
UniRef90_W5K7V8	36.36	120	139
UniRef90_F7EG90	33.64	120	118
UniRef90_H2LZW8	40.00	120	118
UniRef90_UPI0006443EF3	35.14	120	140
UniRef90_Q06S87	35.45	120	138
UniRef90_D1LXG7	39.09	120	144
UniRef90_A0A0E9XKA0	33.64	120	140
UniRef90_UPI0002653713	44.04	120	262
UniRef90_W4Y718	44.04	120	147
UniRef90_W5UMK2	36.04	120	139
UniRef90_M3ZLA9	34.82	120	118
UniRef90_UPI000674A460	36.36	120	133
UniRef90_UPI000697B62F	39.64	120	140
UniRef90_UPI000625D887	34.55	120	141
UniRef90_A3QVU5	48.28	120	156
UniRef90_G1Q106	33.64	120	150
UniRef90_M3XIR5	37.72	120	217
UniRef90_G5APG7	32.73	120	118
UniRef90_UPI0004D0929A	33.64	120	123
UniRef90_UPI000328D61B	34.23	120	140
UniRef90_UPI000577FA12	36.70	120	120
UniRef90_G3PTU6	33.93	120	118
UniRef90_UPI0005ACE31D	33.64	120	175
UniRef90_L9KIV2	34.55	120	118
UniRef90_V9L3K9	36.70	120	139
UniRef90_S7MKF6	33.64	120	141
UniRef90_UPI0003314A85	33.04	120	141
UniRef90_A0A087YIQ9	33.04	120	139
UniRef90_F6QAX9	33.04	120	118
UniRef90_UPI00038F16D8	34.55	120	118
UniRef90_UPI000650BC90	34.55	120	118
UniRef90_UPI000644C8A9	33.64	120	119
UniRef90_UPI00032B07AE	32.73	120	143
UniRef90_M3XGG2	38.39	120	141
UniRef90_UPI0003331911	35.45	120	141
UniRef90_G1L3R1	34.82	120	118
UniRef90_UPI0004951DEB	34.55	120	119
UniRef90_UPI00046B1D73	32.14	120	268
UniRef90_Q9CRB3	35.45	120	118
UniRef90_W5Q168	32.73	120	150
UniRef90_F7BDI1	32.73	120	118
UniRef90_G1TFX3	36.36	120	118
UniRef90_UPI00045DD34C	32.14	120	221
UniRef90_UPI0004ED55B5	33.64	120	118
UniRef90_UPI00045DDAA1	34.55	120	118
UniRef90_UPI0005BB5E34	33.64	120	189
UniRef90_K4GL69	49.57	120	170
UniRef90_UPI000333B127	32.73	120	141
UniRef90_UPI0005760690	34.55	120	139
UniRef90_UPI000440475B	32.73	120	177
UniRef90_G9L0J4	33.04	120	121
UniRef90_G7Q010	32.14	120	118
UniRef90_L9LAH3	31.82	120	141
UniRef90_UPI00063F5D02	33.33	120	141
UniRef90_UPI00057A8EC5	32.76	120	147
UniRef90_UPI0003C10734	37.72	120	457
UniRef90_UPI0006B11FB5	32.73	120	216
UniRef90_UPI000333A72D	31.82	120	143
UniRef90_I3MV32	33.64	120	118
UniRef90_F1S6P3	32.73	120	118
UniRef90_E7F0I1	34.55	120	120
UniRef90_A0A060YEF5	31.82	120	146
UniRef90_E9FRK0	40.37	120	117
UniRef90_F6TMQ6	33.64	120	118
UniRef90_UPI0003F1117F	32.73	120	140
UniRef90_H0VUJ8	33.64	120	118
UniRef90_R7UE73	37.04	120	136
UniRef90_UPI0003F0A4DC	33.93	120	143
UniRef90_UPI00038BD932	31.82	120	148
UniRef90_UPI0006B3AB24	34.55	120	118
UniRef90_UPI00034406E7	33.04	120	647
UniRef90_H0XM30	35.19	120	118
UniRef90_UPI00063C063C	32.14	120	409
UniRef90_M3ZS45	33.64	120	126
UniRef90_W5L2X3	33.33	120	120
UniRef90_B5X6U3	33.64	120	120
UniRef90_UPI0005F40A05	95.35	120	150
UniRef90_UPI0004405AD4	63.33	120	120
UniRef90_R4WKQ3	35.14	120	147
UniRef90_UPI0001DE7134	32.14	120	141
UniRef90_UPI0003992067	34.23	120	365
UniRef90_G3UJ43	34.55	120	117
UniRef90_UPI0006443F66	33.33	120	120
UniRef90_F8U082	51.00	120	100
UniRef90_C7PNS4	37.96	120	112
UniRef90_UPI0005D24123	33.64	120	131
UniRef90_A0A0K8T498	35.45	120	145
UniRef90_A0A0A9W942	35.45	120	139
UniRef90_G3VDV2	70.93	120	134
UniRef90_UPI0003872610	32.14	120	394
UniRef90_H2L589	32.73	120	119
UniRef90_F6PW35	32.14	120	136
UniRef90_UPI000350703E	32.41	120	217
UniRef90_E1C8H1	32.41	120	127
UniRef90_UPI0004F13398	32.43	120	370
UniRef90_G3P0X3	33.94	120	118
UniRef90_UPI000392D45E	32.14	120	380
UniRef90_K9MS40	30.36	120	159
UniRef90_G1N8K0	31.48	120	127
UniRef90_A4A380	35.45	120	113
UniRef90_H0VV26	32.74	120	121
UniRef90_B8KGG4	34.55	120	113
UniRef90_A0A091URP6	31.53	120	115
UniRef90_UPI0005353A4C	30.56	120	226
UniRef90_A0A091FQ21	30.56	120	123
UniRef90_A0A0D2X494	33.61	120	157
UniRef90_A5D8P9	31.25	120	128
UniRef90_U3JK18	32.41	120	129
UniRef90_UPI0006B6F5B9	32.41	120	683
UniRef90_UPI0004EFC2E5	31.53	120	400
UniRef90_UPI000549D359	31.48	120	222
UniRef90_A0A093Q5Z2	31.53	120	123
UniRef90_A0A091MXB0	32.41	120	115
UniRef90_UPI00053CC677	32.41	120	645
UniRef90_C3YRS9	31.25	120	114
UniRef90_UPI0005D07B65	32.41	120	371
UniRef90_R7QDE5	32.11	120	114
UniRef90_C1BQU4	31.48	120	118
UniRef90_A0A0D8DBP4	31.82	120	113
UniRef90_A0A099KV42	34.55	120	113
UniRef90_F8CMJ1	34.26	120	114
UniRef90_UPI000440B4DA	33.00	120	186
UniRef90_A0A099KKV6	31.82	120	113
UniRef90_B0X3D3	36.94	120	130
UniRef90_A0A0F6XTI5	33.33	120	114
UniRef90_Q47UL3	33.64	120	113
UniRef90_G8T6J0	31.82	120	112
UniRef90_A0A091I8N7	63.75	120	85
UniRef90_A0A0C3KYU0	31.86	120	119
UniRef90_UPI000388C80D	32.41	120	391
UniRef90_W5MIA2	58.82	120	202
UniRef90_M5G9V6	33.33	120	118
UniRef90_UPI000623CE49	33.33	120	114
UniRef90_G4T733	32.14	120	117
UniRef90_UPI0004970A8D	35.78	120	123
UniRef90_A0A0G4ICX5	28.44	120	141
UniRef90_UPI000533F6F1	83.13	120	120
UniRef90_R9CQG6	35.14	120	124
UniRef90_UPI00036FBEE1	32.73	120	111
UniRef90_UPI000345A81B	38.53	120	114
UniRef90_A6G7W3	25.23	120	114
UniRef90_H1Y7X1	30.00	120	112
UniRef90_A0A093GJB4	32.67	120	105
UniRef90_UPI000369C356	32.43	120	116
UniRef90_UPI00037670A2	32.73	120	111
UniRef90_A0A0K1Q0T4	35.51	120	112
UniRef90_A0A067QGY3	28.70	120	292
UniRef90_I1BJ72	28.83	120	118
UniRef90_UPI0005C34F46	32.11	120	145
UniRef90_Q7QFD2	31.19	120	176
UniRef90_UPI0005C3D1B2	32.11	120	157
UniRef90_UPI00036BEE09	29.25	120	116
UniRef90_A0A0D1E4M4	31.90	120	121
UniRef90_UPI0003634C32	34.26	120	114
UniRef90_A0A099L7X4	31.82	120	113
UniRef90_A0A073B1M1	28.30	120	111
UniRef90_D3PGC0	28.70	120	118
UniRef90_UPI00044339EB	31.40	120	126
UniRef90_UPI00029DC166	31.25	120	159
UniRef90_A4FPC6	36.45	120	112
UniRef90_UPI000237A5BC	31.13	120	111
UniRef90_A0A099D808	32.08	120	116
UniRef90_B8JLL7	51.76	120	118
UniRef90_C1C336	28.70	120	118
UniRef90_A0A068RM60	28.57	120	132
UniRef90_UPI0006739DB6	28.04	120	137
UniRef90_A0A066WIF0	32.17	120	120
UniRef90_I2G223	30.77	120	122
UniRef90_U3I5U9	32.41	120	117
UniRef90_UPI00041D99A2	35.14	120	116
UniRef90_UPI00035962B9	58.14	120	175
UniRef90_R7SCE0	33.06	120	125
UniRef90_UPI0003C90E6F	32.94	120	159
UniRef90_W5J9N2	32.73	120	115
UniRef90_UPI00037F456C	31.82	120	113
UniRef90_UPI000348E7C1	33.33	120	114
UniRef90_A0A0C2DGR2	30.77	120	124
UniRef90_A0A023EF63	32.43	120	116
UniRef90_A0A0L0CQN2	28.97	120	137
UniRef90_A9YZV2	56.10	120	94
UniRef90_UPI00034F7A7E	29.17	120	180
UniRef90_UPI0003471DCC	34.26	120	114
UniRef90_A0A0M3C6E7	31.25	120	136
UniRef90_A0A067CCT0	31.19	120	128
UniRef90_UPI000455CD55	29.60	120	129
UniRef90_A0A085W489	26.85	120	114
UniRef90_UPI000345BC72	33.33	120	114
UniRef90_D7AYH9	32.08	120	112
UniRef90_D8PRA4	31.50	120	131
UniRef90_A0A095C8S7	32.20	120	122
UniRef90_I4A315	33.63	120	135
UniRef90_UPI0006D50ED6	29.91	120	142
UniRef90_E2MZX5	30.36	120	134
UniRef90_A0K1D8	33.03	120	113
UniRef90_Q55R32	33.05	120	122
UniRef90_A0A0G4GX49	27.03	120	117
UniRef90_A0A0A1MW48	28.83	120	136
UniRef90_A0A0B7NTM2	28.83	120	136
UniRef90_V5EYE1	32.48	120	392
UniRef90_UPI000329998B	28.04	120	162
UniRef90_A0A067MLX5	30.97	120	117
UniRef90_UPI000345261A	32.41	120	114
UniRef90_W0ZDU4	40.19	120	112
UniRef90_UPI00058B18C0	33.33	120	134
UniRef90_UPI0003491F8A	33.33	120	114
UniRef90_Q08MJ9	27.78	120	114
UniRef90_A0A084VLU7	27.93	120	163
UniRef90_F3BIC6	33.93	120	112
UniRef90_M7CB59	33.33	120	502
UniRef90_Q2SN01	34.75	120	121
UniRef90_UPI0005A8EC4A	30.91	120	113
UniRef90_UPI0003C366C3	26.17	120	137
UniRef90_UPI00048AE96D	33.02	120	112
UniRef90_W8F025	27.27	120	112
UniRef90_W3VQC6	30.77	120	122
UniRef90_A0A0F2G3R9	32.43	120	117
UniRef90_UPI00036A5F42	29.63	120	111
UniRef90_E4TB54	30.97	120	136
UniRef90_A0A0M8YD08	33.33	120	114
UniRef90_E4TAD8	32.74	120	135
UniRef90_E4T958	33.63	120	136
UniRef90_UPI0003B4D8BC	33.64	120	112
UniRef90_A0Y0T9	35.14	120	116
UniRef90_UPI00036F109B	25.69	120	113
UniRef90_UPI0003737881	29.20	120	136
UniRef90_UPI000696D6B0	30.59	120	123
UniRef90_E6ZXP5	29.91	120	122
UniRef90_G3RRV1	30.39	120	226
UniRef90_UPI00035D69FF	33.33	120	114
UniRef90_A0A0A1WJQ6	27.10	120	162
UniRef90_UPI0004156CC5	29.73	120	114
UniRef90_UPI000511BEB5	31.33	120	140
UniRef90_UPI000404E4B2	30.91	120	113
UniRef90_UPI00046D2549	35.85	120	107
UniRef90_X0QLW1	31.25	120	143
UniRef90_UPI0005219A7F	35.45	120	314
UniRef90_A0A015N7F0	26.19	120	132
UniRef90_UPI000485B355	32.43	120	113
UniRef90_A1RAF4	31.53	120	113
UniRef90_A0A0C3BK69	29.46	120	117
UniRef90_J7L4G1	34.26	120	114
UniRef90_UPI0006FAEC52	28.83	120	113
UniRef90_W2UMR9	31.48	120	137
UniRef90_UPI00042CDE56	27.78	120	226
UniRef90_UPI00048AB147	32.71	120	108
UniRef90_UPI0003AD574B	34.58	120	104
UniRef90_UPI0006912239	27.93	120	127
UniRef90_UPI00047F03E9	32.08	120	113
UniRef90_A0A081NEB4	29.63	120	112
UniRef90_UPI000441C760	34.55	120	138
UniRef90_U1YS09	29.20	120	122
UniRef90_V2XDI5	31.40	120	125
UniRef90_A0A0C4EXF8	32.43	120	186
UniRef90_A0A086E2T3	33.02	120	112
UniRef90_A0A066VMG9	33.04	120	117
UniRef90_UPI00056174D5	30.84	120	112
UniRef90_A0A0D7QR90	35.51	120	114
UniRef90_R6ME97	31.48	120	136
UniRef90_UPI00034A06BF	32.41	120	114
UniRef90_S9QX81	28.70	120	113
UniRef90_A0A099PHC3	20.00	120	113
UniRef90_B8HHC1	35.85	120	112
UniRef90_R4YV21	30.28	120	114
UniRef90_A0A081K713	30.56	120	112
UniRef90_A0A0C2Z3B8	30.71	120	131
UniRef90_UPI0004C4655A	33.64	120	111
UniRef90_A0A099JQ06	31.78	120	112
UniRef90_A0A0K8WD78	31.78	120	162
UniRef90_UPI000412B297	30.00	120	112
UniRef90_UPI0004787565	31.53	120	113
UniRef90_A0A0D7ALX3	30.43	120	120
UniRef90_UPI0006F30FEF	32.11	120	110
UniRef90_S0F9X5	33.33	120	420
UniRef90_F4P3H7	30.08	120	128
UniRef90_UPI0006B813DB	26.17	120	119
UniRef90_A0A0M2GXX5	35.51	120	112
UniRef90_UPI0006CAD8BA	29.36	120	136
UniRef90_A0A0J6GLQ1	34.86	120	136
UniRef90_UPI0005D26DF5	44.44	120	181
UniRef90_UPI00069860B0	30.00	120	112
UniRef90_S7QKN5	32.20	120	122
UniRef90_A0A0B2AU08	28.30	120	113
UniRef90_A0A0C3PJ22	29.60	120	129
UniRef90_A4BD01	32.14	120	111
UniRef90_A0A0F6YLG0	33.33	120	110
UniRef90_A0A0K1EQ00	27.68	120	116
UniRef90_A0A0F8XYT0	31.53	120	112
UniRef90_H8MI61	25.93	120	113
UniRef90_N9FHL6	31.25	120	132
UniRef90_A0A081FTG6	30.91	120	113
UniRef90_UPI0002EBCB2F	34.58	120	105
UniRef90_UPI0003B4CB80	30.63	120	116
UniRef90_A0A0G3M9C4	30.63	120	136
UniRef90_UPI0006F811AA	33.64	120	114
UniRef90_A0A0F2C688	35.51	120	114
UniRef90_A0A017T9R2	29.46	120	116
UniRef90_R6YK77	33.03	120	136
UniRef90_A8JC88	28.93	120	315
UniRef90_A1TFU8	40.19	120	105
UniRef90_A0A085FQ73	32.14	120	136
UniRef90_L1J9M1	30.28	120	119
UniRef90_UPI00051A7902	32.71	120	114
UniRef90_A0A024GXY7	33.96	120	112
UniRef90_A0A089YVC0	33.94	120	133
UniRef90_A0A0C3FJ51	32.26	120	128
UniRef90_N8RAU1	31.25	120	132
UniRef90_A0A077XPQ9	30.56	120	135
UniRef90_UPI0004788952	30.97	120	138
UniRef90_UPI0006CA9690	34.82	120	132
UniRef90_A0A090VNN8	33.64	120	136
UniRef90_W0L9T9	29.46	120	138
UniRef90_H6MV60	38.32	120	108
UniRef90_A0A086D5Y7	37.61	120	136
UniRef90_B0BP98	31.58	120	137
UniRef90_N1V7V7	31.13	120	113
UniRef90_D0L8R3	35.51	120	108
UniRef90_R5FB46	29.36	120	138
UniRef90_UPI00048E90D2	30.36	120	114
UniRef90_UPI0004937D10	30.56	120	135
UniRef90_UPI0002EE3386	32.71	120	105
UniRef90_UPI00035F9E29	32.43	120	114
UniRef90_B2HHV1	37.38	120	106
UniRef90_UPI0006DA45CA	29.91	120	111
UniRef90_UPI00030ED70D	38.32	120	105
UniRef90_G4Z7Q0	28.57	120	368
UniRef90_N9AI19	33.03	120	133
UniRef90_B2VI85	35.71	120	140
UniRef90_I2CPX0	23.93	120	154
UniRef90_C6AMJ7	30.00	120	137
UniRef90_UPI0006F55E89	31.53	120	113
UniRef90_H0QNU7	30.19	120	112
UniRef90_UPI0003827F9E	35.45	120	121
UniRef90_D8P9D3	25.00	120	116
UniRef90_W4KNM2	32.81	120	132
UniRef90_I3X115	33.03	120	120
UniRef90_UPI0003EC2EE7	30.86	120	126
UniRef90_UPI0005CAB68D	31.78	120	113
UniRef90_A0A067U269	29.13	120	131
UniRef90_N9KIZ9	30.36	120	132
UniRef90_UPI000578EB6E	28.97	120	118
UniRef90_UPI0006C9CE0B	30.49	120	134
UniRef90_A0A0L0AYA2	32.71	120	136
UniRef90_R6FJF0	29.63	120	137
UniRef90_K9BAP8	35.78	120	133
UniRef90_A0A067QKQ4	30.83	120	124
UniRef90_A0A078MQG8	30.19	120	113
UniRef90_UPI00065113F4	36.36	120	137
UniRef90_UPI000478BF94	32.41	120	136
UniRef90_S4XQ05	33.33	120	113
UniRef90_V8P590	33.94	120	429
UniRef90_R5SQC3	33.33	120	136
UniRef90_G7GR77	36.45	120	108
UniRef90_UPI0005D35554	25.89	120	117
UniRef90_F9VWX9	36.45	120	108
UniRef90_UPI0006FEE70C	35.85	120	113
UniRef90_W9V8V3	29.09	120	113
UniRef90_UPI00045601D8	26.72	120	122
UniRef90_S8FTT4	32.28	120	131
UniRef90_B4KNA4	30.84	120	113
UniRef90_UPI0003B47E82	29.73	120	113
UniRef90_F0SBS7	32.14	120	135
UniRef90_S6J9Z8	33.94	120	136
UniRef90_UPI00031CD6D3	31.78	120	105
UniRef90_R9AWJ8	33.93	120	132
UniRef90_UPI0004004A98	28.70	120	119
UniRef90_A0A0J6IGK2	34.86	120	136
UniRef90_A0A0J6JDJ3	32.11	120	136
UniRef90_A0A0C2FGY2	28.95	120	120
UniRef90_A0A0J0XPI5	29.81	120	106
UniRef90_A0A074QPW5	33.02	120	112
UniRef90_H0J8L6	33.04	120	132
UniRef90_UPI00047C9466	34.86	120	135
UniRef90_D0SE34	31.25	120	132
UniRef90_A0A0M4QL94	34.86	120	136
UniRef90_UPI0004834418	32.11	120	136
UniRef90_UPI000648441C	34.58	120	116
UniRef90_H1Z6G0	30.56	120	134
UniRef90_UPI0003B7083F	30.84	120	108
UniRef90_A0A0B7FCB4	28.57	120	117
UniRef90_UPI0006B224F6	29.63	120	126
UniRef90_UPI0003795C76	26.85	120	112
UniRef90_UPI000684A333	30.84	120	130
UniRef90_N9MV39	31.25	120	154
UniRef90_UPI00059178FD	33.04	120	135
UniRef90_D6Y9D1	37.72	120	115
UniRef90_N9A0Y7	31.25	120	132
UniRef90_A0A0C3EQ13	27.42	120	129
UniRef90_V9DV20	28.32	120	118
UniRef90_A0A076MRW9	34.91	120	105
