UniRef90_B6AFQ6	100.00	71	128
UniRef90_J3QTR3	100.00	71	106
UniRef90_Q2I193	100.00	71	114
UniRef90_I1SRW5	100.00	71	116
UniRef90_I3MT79	100.00	71	91
UniRef90_A0A023GEE1	100.00	71	90
UniRef90_B4R5E7	100.00	71	105
UniRef90_M1VD49	98.59	71	134
UniRef90_F0X6C0	100.00	71	128
UniRef90_L7LX35	100.00	71	124
UniRef90_UPI0005D0D275	100.00	71	109
UniRef90_UPI0004433823	100.00	71	113
UniRef90_P62975	100.00	71	76
UniRef90_UPI0007045201	100.00	71	148
UniRef90_P62987	100.00	71	128
UniRef90_A7AVT9	100.00	71	131
UniRef90_A0A0G1ZBJ9	100.00	71	77
UniRef90_A0A091V1F5	100.00	71	86
UniRef90_P18101	100.00	71	128
UniRef90_A0A0B6ZPB7	100.00	71	88
UniRef90_UPI0003315802	100.00	71	120
UniRef90_L9KW39	100.00	71	146
UniRef90_A0A087RB55	100.00	71	83
UniRef90_UPI0006816863	100.00	71	118
UniRef90_A0A091WVR2	100.00	71	80
UniRef90_Q6VZQ1	98.59	71	85
UniRef90_B0R193	100.00	71	88
UniRef90_P68202	100.00	71	155
UniRef90_A0A0A9Z4T5	100.00	71	156
UniRef90_F7AUY9	100.00	71	172
UniRef90_C1BWM3	100.00	71	92
UniRef90_M1VEP4	98.59	71	128
UniRef90_P79781	100.00	71	156
UniRef90_UPI0005ABB0C9	100.00	71	136
UniRef90_A0A068XI13	98.59	71	129
UniRef90_P68200	100.00	71	156
UniRef90_P62979	100.00	71	156
UniRef90_Q4VRA8	100.00	71	141
UniRef90_UPI0005F41B2C	100.00	71	152
UniRef90_F8U8U5	100.00	71	107
UniRef90_A0A0N1I678	100.00	71	181
UniRef90_E2EKI8	100.00	71	181
UniRef90_P68203	100.00	71	156
UniRef90_P62983	100.00	71	156
UniRef90_UPI0003D0FB22	100.00	71	169
UniRef90_UPI0003EBEF70	100.00	71	130
UniRef90_A0A023G5B1	100.00	71	187
UniRef90_G3VR81	100.00	71	163
UniRef90_Q8SWD4	98.59	71	77
UniRef90_I3ELS3	98.59	71	132
UniRef90_UPI0003EE12D1	100.00	71	169
UniRef90_W6UDU1	98.59	71	106
UniRef90_B3SCG5	98.59	71	99
UniRef90_UPI00052894FD	100.00	71	114
UniRef90_UPI0006B107CE	100.00	71	161
UniRef90_T1EG94	98.59	71	143
UniRef90_A0A078A7X4	98.59	71	134
UniRef90_T2MEI7	98.59	71	153
UniRef90_A7RSG9	100.00	71	147
UniRef90_A7RSG9	57.14	71	147
UniRef90_I1G3T7	100.00	71	178
UniRef90_E5T132	98.59	71	110
UniRef90_A0A059EVH7	98.59	71	149
UniRef90_UPI00045E20C9	100.00	71	174
UniRef90_U5P4G1	98.59	71	80
UniRef90_A0A068XQ07	100.00	71	189
UniRef90_A0A068XQ07	100.00	71	189
UniRef90_H3AHU2	100.00	71	231
UniRef90_A0A068Y074	98.59	71	160
UniRef90_A0A0K8RQA6	100.00	71	129
UniRef90_UPI00063C7CD4	100.00	71	183
UniRef90_S9Y7C3	100.00	71	213
UniRef90_I3ER69	98.59	71	152
UniRef90_UPI00051E2164	100.00	71	174
UniRef90_UPI0003F08CAE	98.59	71	148
UniRef90_UPI00062654CF	100.00	71	155
UniRef90_UPI00062654CF	100.00	71	155
UniRef90_Q6RYS0	98.59	71	103
UniRef90_V9LK47	98.59	71	128
UniRef90_E0S5W6	98.59	71	152
UniRef90_B5X614	95.77	71	127
UniRef90_UPI00042C29C1	100.00	71	141
UniRef90_UPI00042C29C1	94.74	71	141
UniRef90_Q7JPZ3	98.59	71	76
UniRef90_P69201	97.18	71	128
UniRef90_A9V1N5	98.59	71	155
UniRef90_S6BF96	100.00	71	152
UniRef90_S6BF96	98.44	71	152
UniRef90_A0A091SSA0	100.00	71	160
UniRef90_A0A091SSA0	100.00	71	160
UniRef90_E5T5F3	98.59	71	197
UniRef90_A0A0G4EN71	98.59	71	175
UniRef90_Q334J0	98.59	71	112
UniRef90_A0A081ICU4	98.59	71	118
UniRef90_Q4N7U9	100.00	71	155
UniRef90_Q4N7U9	100.00	71	155
UniRef90_B4DV12	100.00	71	153
UniRef90_B4DV12	100.00	71	153
UniRef90_F8QD62	97.18	71	101
UniRef90_U1M349	98.59	71	149
UniRef90_UPI0006C99D85	98.59	71	129
UniRef90_Q4UHQ9	100.00	71	159
UniRef90_Q4UHQ9	100.00	71	159
UniRef90_H1A5A7	100.00	71	156
UniRef90_H1A5A7	100.00	71	156
UniRef90_Q6QZI8	98.59	71	116
UniRef90_P62972	100.00	71	167
UniRef90_P62972	100.00	71	167
UniRef90_G1NR62	100.00	71	162
UniRef90_G1NR62	100.00	71	162
UniRef90_A0A0G4F507	98.59	71	172
UniRef90_Q9WR85	100.00	71	177
UniRef90_A0A0B2VF69	98.59	71	162
UniRef90_J9D6B5	97.18	71	102
UniRef90_P23398	98.59	71	133
UniRef90_P23398	98.08	71	133
UniRef90_R1FF22	97.18	71	115
UniRef90_A0A0N5A2Q5	100.00	71	330
UniRef90_A0A098VV94	98.59	71	152
UniRef90_S8FQ56	97.18	71	100
UniRef90_UPI00062BE179	100.00	71	222
UniRef90_UPI00062BE179	100.00	71	222
UniRef90_R1DMH3	97.18	71	85
UniRef90_E5SH46	98.59	71	214
UniRef90_C0H768	100.00	71	191
UniRef90_C0H768	98.48	71	191
UniRef90_B0B033	97.18	71	76
UniRef90_C1LCJ9	100.00	71	170
UniRef90_C1LCJ9	100.00	71	170
UniRef90_UPI0005F42F19	100.00	71	198
UniRef90_UPI0005F42F19	100.00	71	198
UniRef90_D3BHB9	98.59	71	128
UniRef90_L2GV95	98.59	71	150
UniRef90_A0A0K0IYF6	98.59	71	144
UniRef90_I1NXI0	95.77	71	127
UniRef90_R0KPY3	98.59	71	138
UniRef90_Q9WR83	100.00	71	309
UniRef90_B4QPZ7	100.00	71	195
UniRef90_B4QPZ7	100.00	71	195
UniRef90_B4QPZ7	100.00	71	195
UniRef90_G7E7L7	97.18	71	164
UniRef90_UPI00051F1149	100.00	71	201
UniRef90_UPI00051F1149	97.18	71	201
UniRef90_M2VTN6	98.59	71	184
UniRef90_A0A067NZF5	97.18	71	77
UniRef90_P19848	97.18	71	76
UniRef90_F4PKL3	98.59	71	138
UniRef90_B9NEG0	95.77	71	101
UniRef90_E4WYS5	98.59	71	153
UniRef90_A4US66	100.00	71	209
UniRef90_A4US66	100.00	71	209
UniRef90_A4US66	100.00	71	209
UniRef90_UPI0003EBD8D1	100.00	71	203
UniRef90_UPI0003EBD8D1	92.42	71	203
UniRef90_UPI0003EBD8D1	63.64	71	203
UniRef90_L8WIL1	97.18	71	179
UniRef90_P0DJ25	97.18	71	129
UniRef90_A0A023EII7	100.00	71	211
UniRef90_A0A023EII7	98.59	71	211
UniRef90_A0A023EII7	98.21	71	211
UniRef90_J9JIV0	98.59	71	173
UniRef90_J3QLP7	98.59	71	224
UniRef90_J3QLP7	90.14	71	224
UniRef90_J3QLP7	100.00	71	224
UniRef90_G4V9Z0	100.00	71	247
UniRef90_G4V9Z0	95.16	71	247
UniRef90_A0A0K0JFG9	98.59	71	193
UniRef90_Q8SWB3	97.18	71	152
UniRef90_M7NWD9	95.77	71	144
UniRef90_B7XH78	97.18	71	81
UniRef90_E5RYR0	98.59	71	189
UniRef90_E5RYR0	92.86	71	189
UniRef90_G2Q584	95.77	71	72
UniRef90_UPI0004400A48	98.57	71	187
UniRef90_F1LDA0	98.59	71	194
UniRef90_F1LDA0	95.83	71	194
UniRef90_A8Q9P6	97.18	71	152
UniRef90_C1BGK4	98.59	71	144
UniRef90_C1BGK4	85.92	71	144
UniRef90_Q9WR84	100.00	71	228
UniRef90_Q9WR84	67.86	71	228
UniRef90_A0A087YL54	100.00	71	259
UniRef90_A0A087YL54	100.00	71	259
UniRef90_A0A087YL54	100.00	71	259
UniRef90_Q5PY61	100.00	71	229
UniRef90_Q5PY61	100.00	71	229
UniRef90_Q5PY61	100.00	71	229
UniRef90_F4S935	95.77	71	112
UniRef90_I6UKD4	97.18	71	151
UniRef90_P0CG47	100.00	71	229
UniRef90_P0CG47	100.00	71	229
UniRef90_P0CG47	100.00	71	229
UniRef90_UPI00027FA452	98.59	71	165
UniRef90_UPI00027FA452	93.18	71	165
UniRef90_A0A044UVT3	98.59	71	200
UniRef90_E4Y3C3	98.59	71	188
UniRef90_E4Y3C3	98.59	71	188
UniRef90_E4Y3C3	94.12	71	188
UniRef90_W7TN89	97.18	71	192
UniRef90_A8QAU5	97.18	71	166
UniRef90_M0UCV0	95.77	71	93
UniRef90_G1K0F8	97.18	71	108
UniRef90_M7XBX1	97.18	71	154
UniRef90_A0A0L0DSM2	97.18	71	132
UniRef90_Q6TLG3	100.00	71	235
UniRef90_Q6TLG3	100.00	71	235
UniRef90_Q6TLG3	98.59	71	235
UniRef90_A0A068XMW6	97.18	71	153
UniRef90_A0A068XMW6	67.69	71	153
UniRef90_A0A0C4EWI4	95.77	71	139
UniRef90_A0A067QJV8	97.18	71	84
UniRef90_G1X8M1	97.18	71	148
UniRef90_A0A0N4TMP2	98.59	71	180
UniRef90_A0A0N4TMP2	57.69	71	180
UniRef90_J7S6G7	97.18	71	149
UniRef90_B7G5H7	95.77	71	128
UniRef90_A0A0D2X458	97.18	71	136
UniRef90_A0A0N5AGK7	97.18	71	148
UniRef90_A0A0C2XPM6	95.77	71	102
UniRef90_M0RFG5	95.77	71	188
UniRef90_Q1RQF1	95.77	71	84
UniRef90_P69310	95.77	71	76
UniRef90_P69313	95.77	71	77
UniRef90_A0A072V2A1	95.77	71	140
UniRef90_A0A067G443	95.77	71	136
UniRef90_P14794	97.18	71	128
UniRef90_K1X443	95.77	71	150
UniRef90_A0A096RW69	95.77	71	100
UniRef90_W7U0R4	97.18	71	175
UniRef90_F1LGK4	98.59	71	187
UniRef90_F1LGK4	91.55	71	187
UniRef90_A0A090MAI9	95.77	71	77
UniRef90_T0MD49	97.18	71	151
UniRef90_B9DHA6	95.77	71	128
UniRef90_M1IAW7	97.18	71	119
UniRef90_E7NKC5	95.77	71	131
UniRef90_A0A0K8R331	98.59	71	187
UniRef90_L8HBA5	95.77	71	147
UniRef90_A0A096RW71	95.77	71	159
UniRef90_K0T5Y8	95.77	71	207
UniRef90_D2GW09	95.95	71	79
UniRef90_Q2I6A1	100.00	71	121
UniRef90_Q2I6A1	97.87	71	121
UniRef90_P49636	95.77	71	128
UniRef90_D8MAB6	97.18	71	183
UniRef90_A8Q9F0	97.18	71	158
UniRef90_A0A0G4G9Z9	95.77	71	179
UniRef90_A0A098VQF5	97.18	71	132
UniRef90_H1V7J6	95.77	71	101
UniRef90_U4LUL9	95.77	71	146
UniRef90_C1N647	95.77	71	205
UniRef90_B8P7F5	97.18	71	105
UniRef90_UPI00052E6C9E	95.77	71	151
UniRef90_UPI00042CDC9C	100.00	71	299
UniRef90_UPI00042CDC9C	100.00	71	299
UniRef90_UPI00042CDC9C	90.70	71	299
UniRef90_D8LXD7	97.18	71	150
UniRef90_B5G2N9	100.00	71	245
UniRef90_B5G2N9	98.59	71	245
UniRef90_B5G2N9	100.00	71	245
UniRef90_P0CH34	95.77	71	129
UniRef90_G1MAL3	95.95	71	91
UniRef90_A0A0L0HL87	98.59	71	243
UniRef90_A0A0L0HL87	98.59	71	243
UniRef90_V5GUB4	97.14	71	136
UniRef90_S8AQJ7	97.18	71	247
UniRef90_E5RYS0	98.59	71	203
UniRef90_E5RYS0	74.19	71	203
UniRef90_A0A024GPK1	95.77	71	151
UniRef90_A0A0J5SRH5	95.77	71	136
UniRef90_A0A0C9WVX8	97.18	71	173
UniRef90_O64955	95.77	71	137
UniRef90_Q67V00	95.77	71	140
UniRef90_UPI00062AA545	97.18	71	157
UniRef90_U4LET3	95.77	71	168
UniRef90_Q7RJC6	97.14	71	162
UniRef90_A4RZS0	95.77	71	150
UniRef90_B6QKR0	95.77	71	128
UniRef90_P0CH08	95.77	71	128
UniRef90_A0A0D3GR39	95.77	71	140
UniRef90_A0A0D3H884	94.37	71	226
UniRef90_B7G9A2	95.77	71	205
UniRef90_UPI00046DAA9D	95.77	71	134
UniRef90_UPI000642BBE7	97.18	71	228
UniRef90_UPI000642BBE7	71.83	71	228
UniRef90_UPI0004A62D12	95.77	71	157
UniRef90_D3YYZ2	95.71	71	122
UniRef90_M3YFD0	100.00	71	260
UniRef90_M3YFD0	98.59	71	260
UniRef90_M3YFD0	68.63	71	260
UniRef90_C1EI38	95.77	71	205
UniRef90_A0A061G1H4	95.77	71	151
UniRef90_A9CS03	97.18	71	149
UniRef90_A0BUT4	95.77	71	129
UniRef90_A0A0L0V7S7	95.77	71	151
UniRef90_Q5C3A8	97.18	71	183
UniRef90_Q5C3A8	88.73	71	183
UniRef90_U3K442	100.00	71	302
UniRef90_U3K442	100.00	71	302
UniRef90_U3K442	95.77	71	302
UniRef90_U3K442	80.28	71	302
UniRef90_U3I2K4	100.00	71	277
UniRef90_U3I2K4	100.00	71	277
UniRef90_U3I2K4	100.00	71	277
UniRef90_U3I2K4	97.73	71	277
UniRef90_UPI0004542AE7	95.77	71	132
UniRef90_A0A078CPQ6	95.77	71	163
UniRef90_W5J6B5	100.00	71	418
UniRef90_L2GLY6	94.37	71	90
UniRef90_A0A0D2P6Z9	95.77	71	131
UniRef90_P14797	95.77	71	154
UniRef90_A0A084VHL4	100.00	71	314
UniRef90_A0A084VHL4	100.00	71	314
UniRef90_A0A084VHL4	73.24	71	314
UniRef90_A0A084VHL4	61.97	71	314
UniRef90_S9VI14	94.37	71	108
UniRef90_A0A067JWR6	95.77	71	156
UniRef90_A0A0D2UMI5	95.77	71	156
UniRef90_A0A060SSV8	97.18	71	168
UniRef90_A0A060SSV8	96.97	71	168
UniRef90_A0A0A4C1L4	95.77	71	114
UniRef90_A0A0A4C1L4	91.89	71	114
UniRef90_E5T9S5	98.53	71	73
UniRef90_A0A0J0XYI9	95.77	71	164
UniRef90_X8JA52	97.18	71	159
UniRef90_Q9WR87	100.00	71	344
UniRef90_H0Z8Y5	100.00	71	288
UniRef90_H0Z8Y5	100.00	71	288
UniRef90_H0Z8Y5	100.00	71	288
UniRef90_H0Z8Y5	89.29	71	288
UniRef90_K9HMZ6	97.14	71	144
UniRef90_A9BLD1	92.96	71	84
UniRef90_W4G442	94.37	71	141
UniRef90_D8Q1K1	97.18	71	159
UniRef90_A0MKC8	95.77	71	179
UniRef90_UPI00051F1466	94.37	71	101
UniRef90_O04829	95.77	71	156
UniRef90_A0A0E0Q8E5	95.77	71	143
UniRef90_S7W9X5	95.77	71	150
UniRef90_E5RYR2	98.59	71	258
UniRef90_E5RYR2	98.59	71	258
UniRef90_E5RYR2	97.18	71	258
UniRef90_M4C2M7	94.37	71	139
UniRef90_H1VYD6	95.77	71	155
UniRef90_W4JYT1	97.18	71	159
UniRef90_R4G538	97.18	71	156
UniRef90_E3MNG4	97.18	71	194
UniRef90_F6T5K6	97.26	71	184
UniRef90_C1GLA5	95.77	71	173
UniRef90_B4PH74	100.00	71	317
UniRef90_B4PH74	100.00	71	317
UniRef90_B4PH74	100.00	71	317
UniRef90_B4PH74	100.00	71	317
UniRef90_P49633	95.77	71	128
UniRef90_B8P0U2	97.18	71	159
UniRef90_P59271	95.77	71	156
UniRef90_P0CG49	100.00	71	305
UniRef90_P0CG49	100.00	71	305
UniRef90_P0CG49	100.00	71	305
UniRef90_P0CG49	100.00	71	305
UniRef90_UPI000579E0F7	95.77	71	137
UniRef90_R1DZ00	97.18	71	256
UniRef90_R1DZ00	97.18	71	256
UniRef90_L1IMY7	94.37	71	206
UniRef90_E7FJ37	95.77	71	146
UniRef90_E7FJ37	92.65	71	146
UniRef90_E7QI02	95.77	71	123
UniRef90_E7QI02	88.89	71	123
UniRef90_E7KRC7	95.77	71	123
UniRef90_E7KRC7	88.10	71	123
UniRef90_P0CG53	100.00	71	305
UniRef90_P0CG53	100.00	71	305
UniRef90_P0CG53	100.00	71	305
UniRef90_P0CG53	100.00	71	305
UniRef90_V5I546	95.77	71	154
UniRef90_P59272	95.77	71	143
UniRef90_B4H5Q6	100.00	71	307
UniRef90_B4H5Q6	100.00	71	307
UniRef90_B4H5Q6	100.00	71	307
UniRef90_B4H5Q6	100.00	71	307
UniRef90_Q334J3	94.37	71	113
UniRef90_Q334J3	91.43	71	113
UniRef90_Q0J0U4	94.37	71	139
UniRef90_Q9WR86	100.00	71	318
UniRef90_Q9WR86	98.59	71	318
UniRef90_Q8MKD1	100.00	71	305
UniRef90_Q8MKD1	100.00	71	305
UniRef90_Q8MKD1	100.00	71	305
UniRef90_Q8MKD1	98.59	71	305
UniRef90_A0A0L9U1V9	95.77	71	170
UniRef90_A0A0B2QH08	95.77	71	205
UniRef90_P0CG54	100.00	71	311
UniRef90_P0CG54	100.00	71	311
UniRef90_P0CG54	100.00	71	311
UniRef90_P0CG54	100.00	71	311
UniRef90_UPI000511B955	95.77	71	167
UniRef90_UPI0006299708	98.59	71	218
UniRef90_UPI0006299708	97.18	71	218
UniRef90_UPI0006299708	96.30	71	218
UniRef90_A4D9S6	95.77	71	142
UniRef90_A0A091CWM2	100.00	71	420
UniRef90_B3PAY5	100.00	71	328
UniRef90_B3PAY5	100.00	71	328
UniRef90_B3PAY5	100.00	71	328
UniRef90_B3PAY5	100.00	71	328
UniRef90_A0A066VYD8	95.77	71	193
UniRef90_A0A058ZAV7	94.37	71	151
UniRef90_A0A0F9YPI3	94.37	71	151
UniRef90_UPI00057A2CBD	95.77	71	163
UniRef90_E5RYQ3	98.59	71	277
UniRef90_E5RYQ3	97.18	71	277
UniRef90_E5RYQ3	97.18	71	277
UniRef90_Q201Y6	95.77	71	150
UniRef90_J5TB49	95.77	71	167
UniRef90_A0A0L0ST47	95.77	71	154
UniRef90_A0A068RM11	95.77	71	295
UniRef90_A0A067ZVF1	95.71	71	119
UniRef90_A0A0D2U0D4	97.18	71	218
UniRef90_A0A0D2U0D4	97.18	71	218
UniRef90_UPI0004E5A726	95.77	71	129
UniRef90_F0XYZ7	95.77	71	150
UniRef90_A8I1N4	95.77	71	216
UniRef90_Q9WR82	100.00	71	365
UniRef90_Q9WR82	97.50	71	365
UniRef90_E5RYR3	98.59	71	274
UniRef90_E5RYR3	97.18	71	274
UniRef90_E5RYR3	87.34	71	274
UniRef90_B2W3N0	94.37	71	128
UniRef90_C5X7R5	94.37	71	143
UniRef90_E3KFB8	95.77	71	204
UniRef90_H2YEI0	94.37	71	138
UniRef90_A0A058ZGP6	94.37	71	154
UniRef90_UPI0006439AB5	95.77	71	132
UniRef90_UPI0006439AB5	94.12	71	132
UniRef90_J3NS52	95.77	71	163
UniRef90_A0A0D1Z115	95.77	71	179
UniRef90_Q9WR79	97.18	71	261
UniRef90_A0A0K0FAI6	100.00	71	344
UniRef90_K0RS17	95.71	71	184
UniRef90_UPI0006AAF31E	95.77	71	206
UniRef90_A0A0B2XHD1	95.77	71	200
UniRef90_M4T8L3	97.18	71	201
UniRef90_M4T8L3	97.18	71	201
UniRef90_M4T8L3	95.83	71	201
UniRef90_W4FYB1	94.37	71	128
UniRef90_D7NHX6	94.37	71	97
UniRef90_A0A0L1KZ78	94.37	71	168
UniRef90_A0A0L1KZ78	94.37	71	168
UniRef90_V7BTM8	95.77	71	127
UniRef90_I1HK96	92.96	71	139
UniRef90_A0A0C4FEB6	95.77	71	170
UniRef90_A0A0C4FEB6	95.59	71	170
UniRef90_M2MJG0	95.77	71	199
UniRef90_W9M892	95.77	71	153
UniRef90_W9M892	95.77	71	153
UniRef90_UPI0004DE0B09	100.00	71	353
UniRef90_UPI0004DE0B09	100.00	71	353
UniRef90_UPI0004DE0B09	100.00	71	353
UniRef90_UPI0004DE0B09	100.00	71	353
UniRef90_S9VTP3	95.77	71	126
UniRef90_A0A022RNQ5	95.77	71	170
UniRef90_A0A067E6K8	95.77	71	134
UniRef90_M4IU40	97.18	71	172
UniRef90_M4IU40	97.67	71	172
UniRef90_M4IU40	93.33	71	172
UniRef90_M1A024	95.77	71	181
UniRef90_P0CG83	95.77	71	171
UniRef90_P0CG83	95.77	71	171
UniRef90_A0A0D2FVX8	95.77	71	173
UniRef90_D3BJ29	97.18	71	167
UniRef90_D3BJ29	80.30	71	167
UniRef90_Q9SHE7	95.77	71	156
UniRef90_Q9SHE7	62.32	71	156
UniRef90_F0Y3Y1	95.77	71	217
UniRef90_A3AFU4	95.77	71	171
UniRef90_F1CNG8	98.53	71	132
UniRef90_F1CNG8	100.00	71	132
UniRef90_A0A0L9SQ79	95.77	71	172
UniRef90_I1I505	91.55	71	158
UniRef90_F1LHF4	95.77	71	148
UniRef90_F1LHF4	97.83	71	148
UniRef90_H0XUE4	91.55	71	155
UniRef90_A0A0M3I109	95.77	71	155
UniRef90_A0A0M3I109	91.23	71	155
UniRef90_UPI000533EB29	97.18	71	209
UniRef90_UPI000533EB29	90.14	71	209
UniRef90_A0A0A0KVL0	95.77	71	188
UniRef90_P0C032	94.37	71	154
UniRef90_P0C032	53.73	71	154
UniRef90_Q9WR77	100.00	71	395
UniRef90_Q9WR77	100.00	71	395
UniRef90_F0UUT8	94.37	71	138
UniRef90_A0A0D2LS10	95.77	71	183
UniRef90_A0A0F4GPQ5	95.77	71	197
UniRef90_D0NXH1	94.37	71	175
UniRef90_D0NXH1	94.37	71	175
UniRef90_UPI00032AEBAE	95.77	71	90
UniRef90_UPI0005F361C2	98.59	71	260
UniRef90_UPI0005F361C2	97.14	71	260
UniRef90_UPI0005F361C2	78.87	71	260
UniRef90_C5KPW5	94.37	71	128
UniRef90_A0A096RW72	95.77	71	205
UniRef90_A0A096RW72	95.77	71	205
UniRef90_UPI00063F23E7	97.18	71	267
UniRef90_D8U995	97.18	71	229
UniRef90_D8U995	97.18	71	229
UniRef90_D8U995	63.77	71	229
UniRef90_E5RYP4	98.59	71	315
UniRef90_E5RYP4	95.77	71	315
UniRef90_E5RYP4	98.21	71	315
UniRef90_A0A072UL69	95.77	71	183
UniRef90_B5G2P2	100.00	71	412
UniRef90_B5G2P2	100.00	71	412
UniRef90_B5G2P2	100.00	71	412
UniRef90_B5G2P2	100.00	71	412
UniRef90_B5G2P2	97.83	71	412
UniRef90_A0DL14	95.77	71	169
UniRef90_A0DL14	83.10	71	169
UniRef90_E3MNG9	95.77	71	148
UniRef90_W9X195	95.77	71	183
UniRef90_K3Y2X6	94.37	71	129
UniRef90_K3Y2X6	61.97	71	129
UniRef90_I1CHT2	95.77	71	231
UniRef90_I1CHT2	94.37	71	231
UniRef90_F6REW5	95.71	71	127
UniRef90_M5BR31	97.18	71	224
UniRef90_M5BR31	94.34	71	224
UniRef90_Q9WR81	100.00	71	432
UniRef90_Q9WR81	100.00	71	432
UniRef90_A0A0J8R221	94.37	71	186
UniRef90_I1H3C7	94.37	71	151
UniRef90_I1H3C7	68.85	71	151
UniRef90_A0A0B2W1I2	97.18	71	217
UniRef90_A0A0B2W1I2	95.77	71	217
UniRef90_A0A0B2W1I2	95.92	71	217
UniRef90_R1DBE9	97.10	71	168
UniRef90_A0A059AWX7	95.77	71	214
UniRef90_UPI00052FE965	94.37	71	179
UniRef90_A0A023BDJ3	91.55	71	134
UniRef90_B9FQ86	95.77	71	208
UniRef90_B9FQ86	62.32	71	208
UniRef90_Q96MH4	100.00	71	388
UniRef90_Q96MH4	100.00	71	388
UniRef90_Q96MH4	96.92	71	388
UniRef90_Q96MH4	65.74	71	388
UniRef90_S4UGQ4	92.96	71	116
UniRef90_P0C016	95.71	71	150
UniRef90_Q5K5A7	95.77	71	219
UniRef90_Q5K5A7	95.77	71	219
UniRef90_Q5K5A7	87.88	71	219
UniRef90_A0A066WLA6	95.77	71	160
UniRef90_UPI000359A3C9	100.00	71	235
UniRef90_L1I7B2	92.96	71	145
UniRef90_A0A061SHH0	94.37	71	153
UniRef90_A0A0L0SFN2	95.77	71	163
UniRef90_U5H7T8	94.37	71	194
UniRef90_UPI00057B4F03	94.37	71	160
UniRef90_X6MMU8	94.37	71	240
UniRef90_X6MMU8	94.20	71	240
UniRef90_A0A068RGP0	95.77	71	179
UniRef90_M4QQC5	92.96	71	136
UniRef90_A0A0B2UML3	92.96	71	150
UniRef90_A0A0J9X2U5	94.37	71	149
UniRef90_A0A0J9X2U5	50.00	71	149
UniRef90_W7U9G4	97.10	71	154
UniRef90_UPI0003440019	98.57	71	259
UniRef90_UPI0003440019	97.18	71	259
UniRef90_Q10NT5	92.96	71	136
UniRef90_F4NVC1	97.14	71	182
UniRef90_UPI0005C8B35C	94.37	71	145
UniRef90_A0A0F7S9D5	95.77	71	159
UniRef90_K7UFL7	95.77	71	216
UniRef90_K7UFL7	95.77	71	216
UniRef90_K7UFL7	95.24	71	216
UniRef90_F0Y169	95.77	71	204
UniRef90_A0A072PCN0	94.37	71	207
UniRef90_M5ECV3	92.96	71	152
UniRef90_UPI0003C15EEB	95.77	71	238
UniRef90_D5GB50	95.77	71	205
UniRef90_D5GB50	76.06	71	205
UniRef90_H9BVD7	94.37	71	231
UniRef90_H9BVD7	87.32	71	231
UniRef90_H9BVD7	85.92	71	231
UniRef90_A0A0D2BBL5	92.96	71	145
UniRef90_A0A096N5X5	100.00	71	457
UniRef90_A0A096N5X5	100.00	71	457
UniRef90_A0A096N5X5	100.00	71	457
UniRef90_A0A096N5X5	100.00	71	457
UniRef90_A0A096N5X5	100.00	71	457
UniRef90_A0A096N5X5	100.00	71	457
UniRef90_L8GDL8	95.77	71	224
UniRef90_L8GDL8	95.77	71	224
UniRef90_Q7ZU63	100.00	71	480
UniRef90_Q7ZU63	100.00	71	480
UniRef90_Q7ZU63	100.00	71	480
UniRef90_Q7ZU63	100.00	71	480
UniRef90_Q7ZU63	100.00	71	480
UniRef90_Q7ZU63	98.59	71	480
UniRef90_F0WTQ4	92.96	71	138
UniRef90_UPI0006AAF69C	95.77	71	195
UniRef90_UPI0006AAF69C	94.37	71	195
UniRef90_A0A044SZM3	98.59	71	336
UniRef90_A0A044SZM3	98.59	71	336
UniRef90_A0A044SZM3	98.59	71	336
UniRef90_A0A044SZM3	68.63	71	336
UniRef90_I1N7J3	91.55	71	74
UniRef90_O59963	95.65	71	154
UniRef90_J4UPW9	95.77	71	212
UniRef90_J4UPW9	95.77	71	212
UniRef90_J4UPW9	94.64	71	212
UniRef90_P0CG77	97.18	71	229
UniRef90_P0CG77	97.18	71	229
UniRef90_P0CG77	97.18	71	229
UniRef90_Q86DU4	92.96	71	122
UniRef90_A0A015KJF7	92.96	71	148
UniRef90_C9SSZ7	94.37	71	126
UniRef90_A0A068S648	95.77	71	250
UniRef90_A0A068S648	95.77	71	250
UniRef90_A0A0D2WNC7	97.10	71	156
UniRef90_C1BV87	97.10	71	155
UniRef90_UPI00052FF521	94.37	71	209
UniRef90_UPI00052FF521	84.72	71	209
UniRef90_P0CH33	95.77	71	229
UniRef90_P0CH33	95.77	71	229
UniRef90_P0CH33	95.77	71	229
UniRef90_C9S759	95.65	71	138
UniRef90_UPI0003F084C0	94.37	71	150
UniRef90_F1LU69	94.37	71	150
UniRef90_I1QPG5	94.37	71	140
UniRef90_K3YDP8	95.77	71	238
UniRef90_K3YDP8	95.77	71	238
UniRef90_B9FQG5	95.77	71	240
UniRef90_B9FQG5	91.55	71	240
UniRef90_K3ZXW6	92.96	71	142
UniRef90_G4TDP0	95.77	71	195
UniRef90_G4TDP0	95.77	71	195
UniRef90_L1I8E8	92.96	71	128
UniRef90_G7JDW1	95.77	71	231
UniRef90_G7JDW1	94.37	71	231
UniRef90_G7JDW1	67.61	71	231
UniRef90_I2H6L2	95.77	71	229
UniRef90_I2H6L2	95.77	71	229
UniRef90_I2H6L2	95.77	71	229
UniRef90_W6USS6	97.18	71	384
UniRef90_P0CG68	100.00	71	533
UniRef90_P0CG68	100.00	71	533
UniRef90_P0CG68	100.00	71	533
UniRef90_P0CG68	100.00	71	533
UniRef90_P0CG68	100.00	71	533
UniRef90_P0CG68	100.00	71	533
UniRef90_P0CG68	97.18	71	533
UniRef90_A0CI21	95.77	71	271
UniRef90_A0CI21	66.20	71	271
UniRef90_F1LBR8	98.59	71	354
UniRef90_F1LBR8	98.59	71	354
UniRef90_F1LBR8	98.59	71	354
UniRef90_F1LBR8	97.06	71	354
UniRef90_Q5ZF03	95.77	71	232
UniRef90_Q5ZF03	95.77	71	232
UniRef90_Q5ZF03	95.77	71	232
UniRef90_E3Q9Q3	95.65	71	135
UniRef90_A0A0K8W0V8	94.37	71	159
UniRef90_A0A0K8W0V8	91.49	71	159
UniRef90_A0A0K8W0V8	100.00	71	159
UniRef90_Q751A8	97.10	71	152
UniRef90_A0A0L0FB48	94.37	71	223
UniRef90_A0A0L0FB48	92.96	71	223
UniRef90_E7QFY4	95.65	71	151
UniRef90_M3ANA1	95.65	71	143
UniRef90_P0CG73	95.77	71	229
UniRef90_P0CG73	95.77	71	229
UniRef90_P0CG73	95.77	71	229
UniRef90_C5XAM0	91.55	71	139
UniRef90_E7Q6N3	95.77	71	248
UniRef90_E7Q6N3	95.77	71	248
UniRef90_E7Q6N3	94.37	71	248
UniRef90_A0A066VWR1	95.77	71	229
UniRef90_A0A066VWR1	95.77	71	229
UniRef90_UPI00046B8EFF	92.96	71	111
UniRef90_A0A090X8K1	95.77	71	254
UniRef90_A0A090X8K1	95.35	71	254
UniRef90_A0A090X8K1	85.11	71	254
UniRef90_W9SLL1	95.65	71	149
UniRef90_G2QJH7	94.37	71	127
UniRef90_Q6C290	95.65	71	150
UniRef90_M9NZH0	94.37	71	188
UniRef90_M9NZH0	81.69	71	188
UniRef90_UPI00057A93C1	94.37	71	225
UniRef90_A0A0E0QSY4	94.37	71	224
UniRef90_Q6S3E6	95.77	71	223
UniRef90_Q6S3E6	95.77	71	223
UniRef90_A0A0E0B3R4	95.77	71	602
UniRef90_G9NN56	95.65	71	106
UniRef90_A0A099NZL9	95.77	71	256
UniRef90_K0SPB7	95.77	71	240
UniRef90_K0SPB7	95.77	71	240
UniRef90_B7FY02	95.65	71	155
UniRef90_A0A0D3FGF9	92.96	71	160
UniRef90_P0CG66	100.00	71	609
UniRef90_P0CG66	100.00	71	609
UniRef90_P0CG66	100.00	71	609
UniRef90_P0CG66	100.00	71	609
UniRef90_P0CG66	100.00	71	609
UniRef90_P0CG66	100.00	71	609
UniRef90_P0CG66	100.00	71	609
UniRef90_P0CG66	100.00	71	609
UniRef90_P05759	95.65	71	152
UniRef90_R9PY16	95.77	71	301
UniRef90_R9PY16	91.04	71	301
UniRef90_R9PY16	87.32	71	301
UniRef90_R9PY16	87.32	71	301
UniRef90_I1ICU3	95.77	71	241
UniRef90_I1ICU3	95.77	71	241
UniRef90_I1ICU3	95.77	71	241
UniRef90_A0A084G0X0	95.77	71	255
UniRef90_D7NHX1	91.55	71	113
UniRef90_S2K739	94.37	71	243
UniRef90_S2K739	94.37	71	243
UniRef90_X6MFX4	94.20	71	180
UniRef90_W9Y9D4	94.37	71	173
UniRef90_B9FZE8	92.96	71	188
UniRef90_M4I2J3	95.77	71	264
UniRef90_M4I2J3	95.77	71	264
UniRef90_M4I2J3	94.37	71	264
UniRef90_A0A0B7NUV8	92.96	71	119
UniRef90_A0A0H2S8J0	94.29	71	156
UniRef90_A0A044RU88	97.18	71	325
UniRef90_A0A044RU88	91.55	71	325
UniRef90_A0A044RU88	84.51	71	325
UniRef90_A0A044RU88	75.44	71	325
UniRef90_A0A0D2C4R4	95.65	71	188
UniRef90_G0WC38	95.65	71	187
UniRef90_T5A6H6	94.37	71	179
UniRef90_R7YP56	95.65	71	146
UniRef90_D2W1S7	95.77	71	274
UniRef90_D2W1S7	95.77	71	274
UniRef90_D2W1S7	94.29	71	274
UniRef90_X6LM54	94.37	71	241
UniRef90_X6LM54	92.96	71	241
UniRef90_X6LM54	94.20	71	241
UniRef90_Q9WR83	100.00	71	309
UniRef90_UPI0006816863	100.00	71	118
UniRef90_UPI0006B107CE	100.00	71	161
UniRef90_S9Y7C3	100.00	71	213
UniRef90_A0A0G4F507	98.59	71	172
UniRef90_UPI0005D0D275	100.00	71	109
UniRef90_L8WIL1	97.18	71	179
UniRef90_UPI00063C7CD4	100.00	71	183
UniRef90_A0A066VYD8	95.77	71	193
UniRef90_A0A0D3H884	94.37	71	226
UniRef90_UPI0003EE12D1	100.00	71	169
UniRef90_I1NXI0	95.77	71	127
UniRef90_K4AEK9	95.77	71	232
UniRef90_UPI00051E2164	100.00	71	174
UniRef90_A0A067MLF1	97.18	71	224
UniRef90_UPI000359A3C9	100.00	71	235
UniRef90_A0A068RM11	95.77	71	295
UniRef90_M2MJG0	95.77	71	199
UniRef90_Q9WR87	100.00	71	344
UniRef90_UPI0006AAF31E	95.77	71	206
UniRef90_UPI0003315802	100.00	71	120
UniRef90_A0A0C9WVX8	97.18	71	173
UniRef90_E5T5F3	98.59	71	197
UniRef90_W7TN89	97.18	71	192
UniRef90_J7S6G7	97.18	71	149
UniRef90_UPI0003D0FB22	100.00	71	169
UniRef90_F6T5K6	97.26	71	184
UniRef90_E3KFB8	95.77	71	204
UniRef90_UPI0005F41B2C	100.00	71	152
UniRef90_A0A0G4EN71	98.59	71	175
UniRef90_M1VD49	98.59	71	134
UniRef90_UPI0003F08CAE	98.59	71	148
UniRef90_Q9WR82	100.00	71	365
UniRef90_Q9WR82	97.50	71	365
UniRef90_M1A024	95.77	71	181
UniRef90_F7AUY9	100.00	71	172
UniRef90_A0A0E0QSY4	94.37	71	224
UniRef90_G7DSA4	97.18	71	331
UniRef90_A0A0K0JFG9	98.59	71	193
UniRef90_X8JA52	97.18	71	159
UniRef90_A0A0N1I678	100.00	71	181
UniRef90_UPI000511B955	95.77	71	167
UniRef90_A0A023G5B1	100.00	71	187
UniRef90_M0RFG5	95.77	71	188
UniRef90_A0A0L0ST47	95.77	71	154
UniRef90_A0A0E0ETD9	94.37	71	282
UniRef90_U5H7T8	94.37	71	194
UniRef90_UPI00057A93C1	94.37	71	225
UniRef90_B4R5E7	100.00	71	105
UniRef90_W7U0R4	97.18	71	175
UniRef90_Q9WR79	97.18	71	261
UniRef90_A0A0A0KVL0	95.77	71	188
UniRef90_UPI00045E20C9	100.00	71	174
UniRef90_B9FZE8	92.96	71	188
UniRef90_W4JYT1	97.18	71	159
UniRef90_M7XBX1	97.18	71	154
UniRef90_M1VEP4	98.59	71	128
UniRef90_W6USS6	97.18	71	384
UniRef90_A0A0N5A2Q5	100.00	71	330
UniRef90_A0A0B2XHD1	95.77	71	200
UniRef90_A7AVT9	100.00	71	131
UniRef90_E2EKI8	100.00	71	181
UniRef90_H3AHU2	100.00	71	231
UniRef90_Q9WR85	100.00	71	177
UniRef90_P68200	100.00	71	156
UniRef90_E5SH46	98.59	71	214
UniRef90_P79781	100.00	71	156
UniRef90_P62979	100.00	71	156
UniRef90_A0A091CWM2	100.00	71	420
UniRef90_UPI0004A62D12	95.77	71	157
UniRef90_P62983	100.00	71	156
UniRef90_C1EI38	95.77	71	205
UniRef90_F0Y3Y1	95.77	71	217
UniRef90_D8MAB6	97.18	71	183
UniRef90_Q201Y6	95.77	71	150
UniRef90_A0A0E0Q8E5	95.77	71	143
UniRef90_A0A068XI13	98.59	71	129
UniRef90_A0A0C4EWI4	95.77	71	139
UniRef90_L9KW39	100.00	71	146
UniRef90_S4UGQ4	92.96	71	116
UniRef90_A0A0D3GR39	95.77	71	140
UniRef90_A0A067JWR6	95.77	71	156
UniRef90_A0A0D2UMI5	95.77	71	156
UniRef90_L1IMY7	94.37	71	206
UniRef90_C1N647	95.77	71	205
UniRef90_A8QAU5	97.18	71	166
UniRef90_O04829	95.77	71	156
UniRef90_A0A044UVT3	98.59	71	200
UniRef90_A0A0K0FAI6	100.00	71	344
UniRef90_F0X6C0	100.00	71	128
UniRef90_J3MGS5	94.37	71	292
UniRef90_UPI00063F23E7	97.18	71	267
UniRef90_B6AFQ6	100.00	71	128
UniRef90_J5TB49	95.77	71	167
UniRef90_Q9WR77	100.00	71	395
UniRef90_Q9WR77	100.00	71	395
UniRef90_G3VR81	100.00	71	163
UniRef90_B8P0U2	97.18	71	159
UniRef90_A0MKC8	95.77	71	179
UniRef90_M2VTN6	98.59	71	184
UniRef90_A4RZS0	95.77	71	150
UniRef90_A0A0D2LS10	95.77	71	183
UniRef90_Q9WR84	100.00	71	228
UniRef90_Q9WR84	100.00	71	228
UniRef90_U4LET3	95.77	71	168
UniRef90_A0A0L0V7S7	95.77	71	151
UniRef90_A0A0L9U1V9	95.77	71	170
UniRef90_V5I546	95.77	71	154
UniRef90_A0A068XQ07	100.00	71	189
UniRef90_A0A068XQ07	100.00	71	189
UniRef90_P69201	97.18	71	128
UniRef90_A0A0B2QH08	95.77	71	205
UniRef90_D8Q1K1	97.18	71	159
UniRef90_UPI0004433823	100.00	71	113
UniRef90_L8HBA5	95.77	71	147
UniRef90_A0A0L9SQ79	95.77	71	172
UniRef90_UPI0004400A48	98.57	71	187
UniRef90_A0A0D2P6Z9	95.77	71	131
UniRef90_Q67V00	95.77	71	140
UniRef90_A0A074REZ6	97.18	71	506
UniRef90_R4G538	97.18	71	156
UniRef90_J9JIV0	98.59	71	173
UniRef90_A0A078A7X4	98.59	71	134
UniRef90_G1X8M1	97.18	71	148
UniRef90_A0A0J5SRH5	95.77	71	136
UniRef90_P62987	100.00	71	128
UniRef90_A0A067G443	95.77	71	136
UniRef90_Q9WR86	100.00	71	318
UniRef90_Q9WR86	98.59	71	318
UniRef90_W6UDU1	98.59	71	106
UniRef90_K9HMZ6	97.14	71	144
UniRef90_A8Q9F0	97.18	71	158
UniRef90_A0A0D2FVX8	95.77	71	173
UniRef90_A0A068Y074	98.59	71	160
UniRef90_A0A072V2A1	95.77	71	140
UniRef90_A0A0J0XYI9	95.77	71	164
UniRef90_U4LUL9	95.77	71	146
UniRef90_P18101	100.00	71	128
UniRef90_F4PKL3	98.59	71	138
UniRef90_A0A099NZL9	95.77	71	256
UniRef90_A0A0E0B3R4	95.77	71	602
UniRef90_UPI00062AA545	97.18	71	157
UniRef90_A0A084G0X0	95.77	71	255
UniRef90_I6UKD4	97.18	71	151
UniRef90_A0A068RGP0	95.77	71	179
UniRef90_E0S5W6	98.59	71	152
UniRef90_P68203	100.00	71	156
UniRef90_A3AFU4	95.77	71	171
UniRef90_F0Y169	95.77	71	204
UniRef90_A8Q9P6	97.18	71	152
UniRef90_W9X195	95.77	71	183
UniRef90_UPI0007045201	100.00	71	148
UniRef90_UPI0007045201	96.15	71	148
UniRef90_UPI00052FE965	94.37	71	179
UniRef90_A0A0D1Z115	95.77	71	179
UniRef90_Q8SWB3	97.18	71	152
UniRef90_A0A0A9Z4T5	100.00	71	156
UniRef90_A9V1N5	98.59	71	155
UniRef90_B8P7F5	97.18	71	105
UniRef90_P49633	95.77	71	128
UniRef90_D3BHB9	98.59	71	128
UniRef90_P0DJ25	97.18	71	129
UniRef90_A0A059AWX7	95.77	71	214
UniRef90_I1G3T7	100.00	71	178
UniRef90_A0A0F9YPI3	94.37	71	151
UniRef90_Q10NT5	92.96	71	136
UniRef90_A0A0F4GPQ5	95.77	71	197
UniRef90_A0A0K8RQA6	100.00	71	129
UniRef90_V9LK47	98.59	71	128
UniRef90_I1QPX9	94.37	71	543
UniRef90_Q9WR81	100.00	71	432
UniRef90_Q9WR81	100.00	71	432
UniRef90_A4D9S6	95.77	71	142
UniRef90_UPI0002C34D00	95.71	71	226
UniRef90_P59271	95.77	71	156
UniRef90_K0RS17	95.71	71	184
UniRef90_A8I1N4	95.77	71	216
UniRef90_P68202	100.00	71	155
UniRef90_U1M349	98.59	71	149
UniRef90_C5X7R5	94.37	71	143
UniRef90_A0A0G4G9Z9	95.77	71	179
UniRef90_I3ER69	98.59	71	152
UniRef90_F0XYZ7	95.77	71	150
UniRef90_G7E7L7	97.18	71	164
UniRef90_P59272	95.77	71	143
UniRef90_G3JCT1	95.77	71	428
UniRef90_B7G9A2	95.77	71	205
UniRef90_F4S935	95.77	71	112
UniRef90_M8AJB6	95.77	71	458
UniRef90_M8AJB6	95.77	71	458
UniRef90_M8AJB6	95.77	71	458
UniRef90_F8QD62	97.18	71	101
UniRef90_A0A0F7S9D5	95.77	71	159
UniRef90_R1DBE9	97.10	71	168
UniRef90_A0A0N5AGK7	97.18	71	148
UniRef90_UPI0003C15EEB	95.77	71	238
UniRef90_A0A096RW71	95.77	71	159
UniRef90_UPI00042CDC9C	100.00	71	299
UniRef90_UPI00042CDC9C	100.00	71	299
UniRef90_UPI00042CDC9C	100.00	71	299
UniRef90_A0A061SHH0	94.37	71	153
UniRef90_H1VYD6	95.77	71	155
UniRef90_A0A0K0IYF6	98.59	71	144
UniRef90_K1X443	95.77	71	150
UniRef90_K1X017	95.77	71	314
UniRef90_P49636	95.77	71	128
UniRef90_B7G5H7	95.77	71	128
UniRef90_UPI0005ABB0C9	100.00	71	136
UniRef90_L8FU04	95.77	71	304
UniRef90_UPI00052E6C9E	95.77	71	151
UniRef90_A1CKM6	95.65	71	173
UniRef90_A0A095XXZ9	92.96	71	258
UniRef90_H2YEI0	94.37	71	138
UniRef90_A0A0M0UA45	95.77	71	703
UniRef90_M7NWD9	95.77	71	144
UniRef90_C0H768	100.00	71	191
UniRef90_C0H768	100.00	71	191
UniRef90_A0A066WLA6	95.77	71	160
UniRef90_A0A0D9XED7	94.37	71	588
UniRef90_A0A0L9T1M6	95.77	71	737
UniRef90_I3ELS3	98.59	71	132
UniRef90_A0A061G1H4	95.77	71	151
UniRef90_A0A0F8X4N2	95.65	71	181
UniRef90_T5A6H6	94.37	71	179
UniRef90_A0A0L0SFN2	95.77	71	163
UniRef90_Q91N42	98.55	71	365
UniRef90_L1I7B2	92.96	71	145
UniRef90_S8FQ56	97.18	71	100
UniRef90_B9DHA6	95.77	71	128
UniRef90_UPI0006C99D85	98.59	71	129
UniRef90_K0T5Y8	95.77	71	207
UniRef90_B9FQG5	95.77	71	240
UniRef90_B9FQG5	91.55	71	240
UniRef90_A0A0A2VR67	95.65	71	232
UniRef90_L2G765	95.71	71	167
UniRef90_Q4VRA8	100.00	71	141
UniRef90_A0A072PCN0	94.37	71	207
UniRef90_R0KPY3	98.59	71	138
UniRef90_I1I505	91.55	71	158
UniRef90_M4C2M7	94.37	71	139
UniRef90_UPI00046DAA9D	95.77	71	134
UniRef90_A0A0E0B4J9	94.37	71	713
UniRef90_Q91N41	98.55	71	357
UniRef90_UPI00019A14AF	95.65	71	218
UniRef90_A0A0A2V3S0	95.77	71	734
UniRef90_A0A098VV94	98.59	71	152
UniRef90_P0CH08	95.77	71	128
UniRef90_F1LDA0	98.59	71	194
UniRef90_F1LDA0	97.87	71	194
UniRef90_P14794	97.18	71	128
UniRef90_UPI00042C29C1	100.00	71	141
UniRef90_UPI00042C29C1	94.74	71	141
UniRef90_L2GV95	98.59	71	150
UniRef90_A0A098VQF5	97.18	71	132
UniRef90_T0MD49	97.18	71	151
UniRef90_A0A0B6ZPB7	100.00	71	88
UniRef90_T2MEI7	98.59	71	153
UniRef90_A0A0N4TMP2	98.59	71	180
UniRef90_A0A0N4TMP2	57.69	71	180
UniRef90_A0A058ZAV7	94.37	71	151
UniRef90_D8LXD7	97.18	71	150
UniRef90_A0A024GPK1	95.77	71	151
UniRef90_L1INU9	92.96	71	209
UniRef90_W9YZX6	95.77	71	961
UniRef90_A0A0G4HTL3	97.18	71	1339
UniRef90_A0A0G4HTL3	97.18	71	1339
UniRef90_A0A0G4HTL3	97.18	71	1339
UniRef90_A0A0G4HTL3	97.18	71	1339
UniRef90_A0A0G4HTL3	97.18	71	1339
UniRef90_K3YDP8	95.77	71	238
UniRef90_K3YDP8	95.77	71	238
UniRef90_B6QKR0	95.77	71	128
UniRef90_J3NS52	95.77	71	163
UniRef90_A0A0D2C4R4	95.65	71	188
UniRef90_S7W9X5	95.77	71	150
UniRef90_P0CH34	95.77	71	129
UniRef90_C1N2W9	95.65	71	155
UniRef90_K4AMP3	91.43	71	162
UniRef90_UPI0003C17032	91.55	71	230
UniRef90_Q0J0U4	94.37	71	139
UniRef90_F0UUT8	95.71	71	138
UniRef90_A0A063BYS4	94.37	71	861
UniRef90_R1FF22	97.18	71	115
UniRef90_I1QPG5	94.37	71	140
UniRef90_A0A0B2VF69	98.59	71	162
UniRef90_A0A058ZGP6	94.37	71	154
UniRef90_I1SRW5	100.00	71	116
UniRef90_R1DZ00	97.18	71	256
UniRef90_R1DZ00	97.18	71	256
UniRef90_V9DND7	95.77	71	1000
UniRef90_A0A059EVH7	98.59	71	149
UniRef90_A0A0L0FIM0	94.20	71	154
UniRef90_A0A022RNQ5	95.77	71	170
UniRef90_A0A0L0DSM2	97.18	71	132
UniRef90_UPI00062BE179	100.00	71	222
UniRef90_UPI00062BE179	100.00	71	222
UniRef90_A0A067ZVF1	95.71	71	119
UniRef90_G0WC38	95.65	71	187
UniRef90_C1GLA5	95.77	71	173
UniRef90_Q65810	100.00	71	1054
UniRef90_Q65810	100.00	71	1054
UniRef90_A0A094B0J8	95.77	71	616
UniRef90_E4WYS5	98.59	71	153
UniRef90_A0A0L0DLX6	97.18	71	668
UniRef90_A0A0L0DLX6	97.18	71	668
UniRef90_A0A0L0DLX6	97.14	71	668
UniRef90_A0BUT4	95.77	71	129
UniRef90_A0A0G4J3X7	92.96	71	158
UniRef90_C1BWM3	100.00	71	92
UniRef90_E7QFY4	95.65	71	151
UniRef90_W5J6B5	100.00	71	418
UniRef90_Q5A109	95.65	71	193
UniRef90_E5RYP4	98.59	71	315
UniRef90_E5RYP4	95.77	71	315
UniRef90_E5RYP4	98.21	71	315
UniRef90_C5KPW5	94.37	71	128
UniRef90_P0C016	95.71	71	150
UniRef90_A0A0J8R221	95.71	71	186
UniRef90_B5X614	95.77	71	127
UniRef90_W7U9G4	97.10	71	154
UniRef90_A0A085NTQ7	92.96	71	199
UniRef90_P05759	95.65	71	152
UniRef90_E5RYR0	98.59	71	189
UniRef90_E5RYR0	92.86	71	189
UniRef90_Q76B24	100.00	71	2420
UniRef90_K3VDN9	95.77	71	653
UniRef90_G0S8G4	98.57	71	720
UniRef90_Q86DU4	92.96	71	122
UniRef90_E3KDZ2	91.55	71	159
UniRef90_A0A0D1ZVG6	94.37	71	210
UniRef90_A0A068SER0	95.77	71	1551
UniRef90_A0A0B2UML3	92.96	71	150
UniRef90_A7RSG9	100.00	71	147
UniRef90_A7RSG9	57.14	71	147
UniRef90_B3SCG5	98.59	71	99
UniRef90_A0A0L0HL87	98.59	71	243
UniRef90_A0A0L0HL87	98.59	71	243
UniRef90_A0A0K8R331	98.59	71	187
UniRef90_H2PXR8	91.55	71	156
UniRef90_A0A0D3FGF9	92.96	71	160
UniRef90_T1EG94	98.59	71	143
UniRef90_B9NEG0	95.77	71	101
UniRef90_A0A0D2BBL5	92.96	71	145
UniRef90_A0A068S648	95.77	71	250
UniRef90_A0A068S648	95.77	71	250
UniRef90_F1LU69	94.37	71	150
UniRef90_A0A067CTW4	94.37	71	645
UniRef90_G3JHJ9	95.77	71	776
UniRef90_G3JHJ9	95.59	71	776
UniRef90_A0A0K0FA93	91.55	71	165
UniRef90_A0A0D2X458	97.18	71	136
UniRef90_A0A0A2VN96	95.65	71	163
UniRef90_C1BV87	97.10	71	155
UniRef90_L1ILH0	92.96	71	199
UniRef90_L1ILH0	95.74	71	199
UniRef90_Q04232	100.00	71	1896
UniRef90_Q04232	86.79	71	1896
UniRef90_UPI0003EBEF70	100.00	71	130
UniRef90_A0A0D2WNC7	97.10	71	156
UniRef90_I1HF34	94.37	71	281
UniRef90_I1HF34	91.55	71	281
UniRef90_M1IAW7	97.18	71	119
UniRef90_A0A0D2U0D4	97.18	71	218
UniRef90_A0A0D2U0D4	97.18	71	218
UniRef90_A0A067QJV8	97.18	71	84
UniRef90_K3YTX1	95.77	71	340
UniRef90_K3YTX1	95.77	71	340
UniRef90_K3YTX1	95.77	71	340
UniRef90_A0A015KJF7	92.96	71	148
UniRef90_Q2I193	100.00	71	114
UniRef90_A0A094G3L5	95.77	71	659
UniRef90_Q6VZQ1	98.59	71	85
UniRef90_UPI00052894FD	100.00	71	114
UniRef90_W9Y9D4	94.37	71	173
UniRef90_UPI00052FDF2C	91.55	71	143
UniRef90_R1DMH3	97.18	71	85
UniRef90_G4V9Z0	100.00	71	247
UniRef90_G4V9Z0	96.72	71	247
UniRef90_S8AQJ7	97.18	71	247
UniRef90_L8H9Q4	95.65	71	156
UniRef90_A0A078CPQ6	95.77	71	163
UniRef90_B0R193	100.00	71	88
UniRef90_U5P4G1	98.59	71	80
UniRef90_Q8SWD4	98.59	71	77
UniRef90_Q91N45	98.55	71	615
UniRef90_UPI0004E5A726	95.77	71	129
UniRef90_UPI000642BBE7	97.18	71	228
UniRef90_UPI000642BBE7	71.83	71	228
UniRef90_UPI0005F3613B	94.29	71	217
UniRef90_L8WVI0	97.18	71	681
UniRef90_L8WVI0	97.18	71	681
UniRef90_L8WVI0	97.18	71	681
UniRef90_E9S7A1	92.96	71	646
UniRef90_W4G442	94.37	71	141
UniRef90_S0EDU8	95.77	71	624
UniRef90_A0A0D2A5S2	95.77	71	532
UniRef90_A0A0D2A5S2	95.77	71	532
UniRef90_A0A094BL17	95.77	71	631
UniRef90_L7LX35	100.00	71	124
UniRef90_M5ECV3	92.96	71	152
UniRef90_C1LCJ9	100.00	71	170
UniRef90_C1LCJ9	100.00	71	170
UniRef90_A0A091WVR2	100.00	71	80
UniRef90_B8BBE4	92.96	71	254
UniRef90_B8BBE4	71.23	71	254
UniRef90_O59963	95.65	71	154
UniRef90_D5GB50	95.77	71	205
UniRef90_D5GB50	76.06	71	205
UniRef90_A0A096RW69	95.77	71	100
UniRef90_P14799	95.65	71	154
UniRef90_E5T132	98.59	71	110
UniRef90_A0A087RB55	100.00	71	83
UniRef90_G3XRD0	94.20	71	141
UniRef90_A0A091V1F5	100.00	71	86
UniRef90_UPI0004542AE7	95.77	71	132
UniRef90_V5GUB4	97.14	71	136
UniRef90_F4NVC1	97.14	71	182
UniRef90_A0A094BZT0	95.77	71	653
UniRef90_E9EFI5	95.65	71	245
UniRef90_P62975	100.00	71	76
UniRef90_A0A0E9NL44	94.37	71	347
UniRef90_A0A0E9NL44	95.71	71	347
UniRef90_A0A0H2S8J0	94.29	71	156
UniRef90_M7NNJ2	92.96	71	154
UniRef90_S2K739	94.37	71	243
UniRef90_S2K739	94.37	71	243
UniRef90_C5DSY8	95.65	71	152
UniRef90_Q751A8	97.10	71	152
UniRef90_J3QLP7	98.59	71	224
UniRef90_J3QLP7	91.43	71	224
UniRef90_J3QLP7	100.00	71	224
UniRef90_P14797	95.77	71	154
UniRef90_A0A093YW15	95.77	71	790
UniRef90_A0A0L0FB48	94.37	71	223
UniRef90_A0A0L0FB48	92.96	71	223
UniRef90_F1LGK4	98.59	71	187
UniRef90_F1LGK4	91.55	71	187
UniRef90_A0A0I9XBD4	95.77	71	474
UniRef90_K0SPB7	95.77	71	240
UniRef90_K0SPB7	95.77	71	240
UniRef90_A0A0B2WPB5	95.65	71	591
UniRef90_K7V6X7	89.86	71	165
UniRef90_M3ANA1	95.65	71	143
UniRef90_C5P0K1	95.65	71	219
UniRef90_I3MT79	100.00	71	91
UniRef90_L8GDL8	95.77	71	224
UniRef90_L8GDL8	95.77	71	224
UniRef90_K8F0B2	95.52	71	169
UniRef90_B2W3N0	94.37	71	128
UniRef90_Q0CR75	95.65	71	422
UniRef90_W9SLL1	95.65	71	149
UniRef90_A9CS03	97.18	71	149
UniRef90_Q1RQF1	95.77	71	84
UniRef90_R7QQT8	92.96	71	163
UniRef90_UPI0004F066EF	92.96	71	346
UniRef90_D3YYZ2	94.37	71	122
UniRef90_F6REW5	95.71	71	127
UniRef90_E3Q9Q3	95.65	71	135
UniRef90_Q6C290	95.65	71	150
UniRef90_I1HK96	92.96	71	139
UniRef90_V5N8D2	95.77	71	299
UniRef90_V5N8D2	89.39	71	299
UniRef90_V5N8D2	94.83	71	299
UniRef90_X6MMU8	94.37	71	240
UniRef90_X6MMU8	94.20	71	240
UniRef90_J3QTR3	100.00	71	106
UniRef90_UPI00062654CF	100.00	71	155
UniRef90_UPI00062654CF	100.00	71	155
UniRef90_A0A084BHR4	95.71	71	651
UniRef90_A0A0A1NQH0	94.37	71	228
UniRef90_A0A0A1NQH0	65.71	71	228
UniRef90_A0A094CX20	95.77	71	802
UniRef90_UPI0004F4950D	94.37	71	269
UniRef90_F8U8U5	100.00	71	107
UniRef90_M5BR31	97.18	71	224
UniRef90_M5BR31	94.34	71	224
UniRef90_A0A0G1ZBJ9	100.00	71	77
UniRef90_A0A094EFP9	95.77	71	789
UniRef90_R7YP56	95.65	71	146
UniRef90_A0A093XDE0	95.77	71	757
UniRef90_G1NR62	100.00	71	162
UniRef90_G1NR62	100.00	71	162
UniRef90_K3ZXW6	92.96	71	142
UniRef90_A0A0C2IVC5	95.65	71	766
UniRef90_UPI0001D376A2	90.00	71	127
UniRef90_M4QQC5	92.96	71	136
UniRef90_A0A072UL69	95.77	71	183
UniRef90_A0A072UL69	42.42	71	183
UniRef90_A0A094J8Y6	95.77	71	755
UniRef90_N4V841	95.65	71	681
UniRef90_A0A066VWR1	95.77	71	229
UniRef90_A0A066VWR1	95.77	71	229
UniRef90_Q65815	97.18	71	3975
UniRef90_A0A0E0ARP4	92.96	71	465
UniRef90_A0A0E0ARP4	68.42	71	465
UniRef90_H1A5A7	100.00	71	156
UniRef90_H1A5A7	100.00	71	156
UniRef90_A0A023GEE1	100.00	71	90
UniRef90_Q6RYS0	98.59	71	103
UniRef90_A0A0G4PUW2	94.37	71	750
UniRef90_I1CHT2	95.77	71	231
UniRef90_I1CHT2	94.37	71	231
UniRef90_L2FEQ5	95.65	71	674
UniRef90_UPI000579E0F7	95.77	71	137
UniRef90_UPI000579E0F7	60.98	71	137
UniRef90_Q8I7E0	94.29	71	155
UniRef90_L8WZL1	95.71	71	446
UniRef90_UPI00027FA452	98.59	71	165
UniRef90_UPI00027FA452	91.11	71	165
UniRef90_C5XAM0	91.55	71	139
UniRef90_A0A091SSA0	100.00	71	160
UniRef90_A0A091SSA0	100.00	71	160
UniRef90_D2VU93	95.65	71	154
UniRef90_UPI00051F1149	100.00	71	201
UniRef90_UPI00051F1149	97.18	71	201
UniRef90_C5JKU8	95.65	71	183
UniRef90_UPI00057B4F03	94.37	71	160
UniRef90_B4DV12	100.00	71	153
UniRef90_B4DV12	100.00	71	153
UniRef90_B9FQ86	95.77	71	208
UniRef90_B9FQ86	62.32	71	208
UniRef90_A0A0G4IGV5	91.55	71	140
UniRef90_S6BF96	100.00	71	152
UniRef90_S6BF96	100.00	71	152
UniRef90_A0A0J8RB59	95.77	71	222
UniRef90_A0A0J8RB59	95.77	71	222
UniRef90_Q8ITI9	91.55	71	119
UniRef90_K2RHN1	86.08	71	583
UniRef90_P69313	95.77	71	77
UniRef90_B5G2N9	100.00	71	245
UniRef90_B5G2N9	98.59	71	245
UniRef90_B5G2N9	100.00	71	245
UniRef90_A0A016Q9F3	94.37	71	653
UniRef90_C0NSR9	95.65	71	533
UniRef90_P62972	100.00	71	167
UniRef90_P62972	100.00	71	167
UniRef90_Q6QZI8	98.59	71	116
UniRef90_Q7JPZ3	98.59	71	76
UniRef90_A0A081ICU4	98.59	71	118
UniRef90_P23398	98.59	71	133
UniRef90_P23398	98.08	71	133
UniRef90_A0A0B7F544	97.18	71	541
UniRef90_A0A0B7F544	97.18	71	541
UniRef90_A0A0B7F544	95.77	71	541
UniRef90_Q4N7U9	100.00	71	155
UniRef90_Q4N7U9	100.00	71	155
UniRef90_P69061	95.65	71	150
UniRef90_B6H7W9	94.20	71	136
UniRef90_L1JA52	92.96	71	188
UniRef90_A0A087YL54	100.00	71	259
UniRef90_A0A087YL54	100.00	71	259
UniRef90_A0A087YL54	100.00	71	259
UniRef90_J5JE25	95.65	71	897
UniRef90_M7YKQ8	92.96	71	182
UniRef90_A0PDJ5	98.55	71	607
UniRef90_A0A067NZF5	97.18	71	77
UniRef90_L1I8E8	92.96	71	128
UniRef90_F0WTQ4	92.96	71	138
UniRef90_A0A0E0C584	91.55	71	421
UniRef90_A0A096RW72	95.77	71	205
UniRef90_A0A096RW72	95.77	71	205
UniRef90_S9W2Z5	94.37	71	190
UniRef90_S9W2Z5	94.34	71	190
UniRef90_A0A060TD73	95.65	71	156
UniRef90_P19848	97.18	71	76
UniRef90_K9GZB0	94.37	71	770
UniRef90_U7Q3Z8	95.65	71	710
UniRef90_G1K0F8	97.18	71	108
UniRef90_UPI0005F361C2	98.59	71	260
UniRef90_UPI0005F361C2	97.14	71	260
UniRef90_UPI0005F361C2	78.87	71	260
UniRef90_R9PB63	94.12	71	181
UniRef90_L1IPI8	92.96	71	187
UniRef90_Q91N43	98.55	71	566
UniRef90_P69310	95.77	71	76
UniRef90_G3AX77	94.20	71	152
UniRef90_A9BLD1	92.96	71	84
UniRef90_B7FY02	95.65	71	155
UniRef90_Q4U1I2	92.96	71	128
UniRef90_C9S759	95.65	71	138
UniRef90_W4FYB1	94.37	71	128
UniRef90_A0A0D2PHS4	78.41	71	176
UniRef90_L8X4R2	96.92	71	207
UniRef90_UPI0004DE0B09	100.00	71	353
UniRef90_UPI0004DE0B09	100.00	71	353
UniRef90_UPI0004DE0B09	100.00	71	353
UniRef90_UPI0004DE0B09	100.00	71	353
UniRef90_Q4UHQ9	100.00	71	159
UniRef90_Q4UHQ9	100.00	71	159
UniRef90_A0PDJ8	98.55	71	556
UniRef90_UPI0003F084C0	94.37	71	150
UniRef90_Q334J0	98.59	71	112
