UniRef90_P68871	93.89	123	147
UniRef90_P02036	90.08	123	147
UniRef90_P67821	89.31	123	147
UniRef90_P02042	87.02	123	147
UniRef90_P18989	85.50	123	146
UniRef90_P18983	84.73	123	147
UniRef90_P18986	84.50	123	146
UniRef90_P02050	84.62	123	146
UniRef90_P14391	83.97	123	146
UniRef90_P14392	83.97	123	146
UniRef90_UPI0006B87F4E	80.15	123	146
UniRef90_Q14473	93.10	123	175
UniRef90_Q28460	79.39	123	146
UniRef90_P07412	81.68	123	146
UniRef90_G3SBL4	80.62	123	141
UniRef90_B2KHZ4	80.92	123	147
UniRef90_UPI0003318945	79.39	123	147
UniRef90_P02054	78.63	123	146
UniRef90_P20855	78.63	123	146
UniRef90_A0A096MN09	83.21	123	146
UniRef90_P19016	81.40	123	146
UniRef90_P02090	76.34	123	146
UniRef90_UPI000333480A	77.86	123	147
UniRef90_P02067	80.62	123	147
UniRef90_P13558	82.64	123	147
UniRef90_P02059	77.10	123	146
UniRef90_B3EWD2	79.84	123	146
UniRef90_P14388	80.00	123	146
UniRef90_G3RZQ0	85.00	123	177
UniRef90_I6ZW92	77.69	123	147
UniRef90_U5KQ95	76.34	123	147
UniRef90_Q45XI8	78.29	123	147
UniRef90_UPI0004F3F50B	91.15	123	169
UniRef90_I3MW48	75.19	123	141
UniRef90_G1M478	78.40	123	154
UniRef90_P02091	75.57	123	147
UniRef90_UPI00038ECB72	75.97	123	147
UniRef90_P02061	74.81	123	146
UniRef90_P02052	76.34	123	146
UniRef90_UPI00062A9B9F	88.50	123	139
UniRef90_B3EWD8	75.97	123	146
UniRef90_Q45XH8	73.85	123	147
UniRef90_UPI0004440D2C	72.52	123	147
UniRef90_A0A091DVA1	74.05	123	147
UniRef90_Q45XH3	74.62	123	147
UniRef90_P02102	73.28	123	147
UniRef90_P02101	72.52	123	147
UniRef90_G1Q4K6	73.28	123	147
UniRef90_C5HYH8	74.05	123	146
UniRef90_B3EWD6	75.57	123	146
UniRef90_P07410	73.44	123	146
UniRef90_Q28931	72.52	123	147
UniRef90_P18435	72.52	123	147
UniRef90_UPI0003339B33	72.52	123	147
UniRef90_M3YFH4	74.05	123	147
UniRef90_Q45XJ0	76.34	123	147
UniRef90_UPI0004D09C8E	73.28	123	147
UniRef90_G3RYX7	86.73	123	117
UniRef90_B3RFA9	73.76	123	301
UniRef90_B3RFA9	73.85	123	301
UniRef90_H0VVL2	73.28	123	147
UniRef90_G5BYJ8	73.08	123	147
UniRef90_P02100	71.76	123	147
UniRef90_P69892	71.76	123	147
UniRef90_P18994	70.99	123	147
UniRef90_I3MVJ8	70.00	123	147
UniRef90_UPI00018A9542	72.09	123	147
UniRef90_Q2KPA4	71.76	123	147
UniRef90_UPI0003F16E26	69.47	123	147
UniRef90_F1RII5	74.42	123	144
UniRef90_P14526	74.05	123	147
UniRef90_P24292	73.28	123	146
UniRef90_S7NGW8	72.52	123	339
UniRef90_B3EWD0	80.92	123	146
UniRef90_P02094	70.23	123	147
UniRef90_Q45XI7	72.52	123	147
UniRef90_UPI0001951484	72.31	123	147
UniRef90_UPI000332F66D	72.52	123	147
UniRef90_P02103	73.44	123	147
UniRef90_Q45XH5	70.23	123	147
UniRef90_F6WP15	86.61	123	171
UniRef90_P02104	72.87	123	147
UniRef90_P09905	80.15	123	146
UniRef90_B3EWE2	80.92	123	146
UniRef90_C5HYH6	73.44	123	147
UniRef90_UPI0004D0AA00	80.15	123	147
UniRef90_P08224	71.76	123	147
UniRef90_P02110	73.28	123	147
UniRef90_B3EWC8	79.23	123	146
UniRef90_P02070	80.15	123	145
UniRef90_P68230	82.17	123	147
UniRef90_F6WII6	69.47	123	147
UniRef90_U5KNV9	78.63	123	147
UniRef90_I3N129	67.94	123	147
UniRef90_P02053	79.39	123	147
UniRef90_P09840	78.63	123	146
UniRef90_P09907	80.77	123	146
UniRef90_I0B041	79.39	123	147
UniRef90_UPI0003331BBB	70.77	123	147
UniRef90_P02093	70.00	123	146
UniRef90_UPI0004ED634D	68.99	123	147
UniRef90_P02095	71.32	123	146
UniRef90_Q45XI4	69.23	123	147
UniRef90_P02087	73.08	123	147
UniRef90_P11025	69.23	123	147
UniRef90_UPI00035A227A	66.92	123	168
UniRef90_UPI000333B632	69.23	123	147
UniRef90_Q28221	70.00	123	147
UniRef90_Q62669	67.18	123	147
UniRef90_UPI0003F0D5A0	68.99	123	147
UniRef90_Q9GJS7	69.47	123	147
UniRef90_G3ICM5	69.23	123	147
UniRef90_G5BS34	68.70	123	147
UniRef90_UPI0004F06531	82.46	123	128
UniRef90_P02066	80.77	123	146
UniRef90_M3WVZ4	68.46	123	149
UniRef90_P11756	79.39	123	146
UniRef90_UPI0006500DD2	67.94	123	147
UniRef90_W5QCX0	71.54	123	143
UniRef90_P02099	69.47	123	147
UniRef90_G3IF93	68.99	123	147
UniRef90_P02060	79.39	123	146
UniRef90_M7AK85	67.18	123	147
UniRef90_UPI0004547ECD	66.92	123	147
UniRef90_K7FA97	67.94	123	147
UniRef90_UPI0002C687E3	66.92	123	147
UniRef90_B3EWE0	77.10	123	146
UniRef90_P21380	77.86	123	145
UniRef90_F1PYZ1	66.92	123	149
UniRef90_Q7M2Y5	78.63	123	147
UniRef90_P14524	69.47	123	146
UniRef90_P07406	68.70	123	146
UniRef90_P02064	79.23	123	146
UniRef90_P06643	65.38	123	147
UniRef90_UPI00032B04A3	69.53	123	147
UniRef90_P02081	75.57	123	145
UniRef90_P68056	77.10	123	142
UniRef90_P02086	77.86	123	146
UniRef90_U3K6C5	68.70	123	145
UniRef90_UPI000540620A	67.94	123	162
UniRef90_F6VE37	68.66	123	151
UniRef90_G1Q9N4	64.62	123	147
UniRef90_F7APQ4	80.34	123	176
UniRef90_P02105	65.38	123	147
UniRef90_P02109	65.65	123	147
UniRef90_P02127	63.36	123	147
UniRef90_P84792	66.41	123	147
UniRef90_F1NMZ3	63.36	123	147
UniRef90_W5QCV3	65.38	123	175
UniRef90_P02128	63.36	123	147
UniRef90_Q6H1U7	67.18	123	147
UniRef90_UPI00046B3AEC	65.38	123	146
UniRef90_P02074	77.86	123	145
UniRef90_Q28932	66.41	123	147
UniRef90_P04444	64.12	123	147
UniRef90_UPI00042CDA72	75.57	123	227
UniRef90_UPI0003AFE419	65.65	123	147
UniRef90_P02082	76.15	123	145
UniRef90_U3KG79	64.89	123	147
UniRef90_A0A093EW13	67.20	123	143
UniRef90_UPI0004ED1154	72.52	123	147
UniRef90_A0A061I7G5	68.70	123	706
UniRef90_A0A061I7G5	68.46	123	706
UniRef90_A0A061I7G5	64.71	123	706
UniRef90_P30893	65.65	123	146
UniRef90_G3RYC6	85.44	123	116
UniRef90_A0A093G0T3	66.41	123	147
UniRef90_UPI000331684E	63.85	123	147
UniRef90_U3IWT5	65.65	123	147
UniRef90_P02114	65.65	123	147
UniRef90_UPI000443AAAE	71.07	123	145
UniRef90_A0A093I7I7	61.83	123	147
UniRef90_L9KLQ0	72.52	123	147
UniRef90_UPI000155EA37	63.85	123	147
UniRef90_P10061	64.12	123	146
UniRef90_P02076	66.41	123	145
UniRef90_P13274	64.12	123	146
UniRef90_B3VL86	90.72	123	139
UniRef90_T1YUU1	72.17	123	130
UniRef90_Q98905	64.89	123	147
UniRef90_O88754	61.54	123	147
UniRef90_A0A091KQJ5	65.65	123	147
UniRef90_UPI000194E527	63.08	123	147
UniRef90_UPI0003C8A12B	63.85	123	147
UniRef90_A0A096MSQ5	68.70	123	145
UniRef90_UPI000395677D	63.36	123	147
UniRef90_G3UPN4	62.88	123	148
UniRef90_V5KSB5	64.06	123	133
UniRef90_F7AI41	73.28	123	151
UniRef90_E5RWQ1	62.79	123	147
UniRef90_UPI000670BFF3	63.36	123	237
UniRef90_A0A091IV33	63.36	123	147
UniRef90_UPI0003943072	65.65	123	147
UniRef90_P18436	64.12	123	148
UniRef90_P02080	63.36	123	141
UniRef90_UPI00032ADC07	64.12	123	147
UniRef90_UPI00057663F2	64.34	123	147
UniRef90_UPI0006B2164B	63.36	123	147
UniRef90_P16418	64.89	123	146
UniRef90_P15165	63.36	123	146
UniRef90_P02125	64.12	123	146
UniRef90_UPI0006806162	62.02	123	193
UniRef90_P41332	63.36	123	146
UniRef90_A0A0B8RXI6	63.36	123	147
UniRef90_UPI000576C612	67.18	123	152
UniRef90_Q63067	64.39	123	147
UniRef90_UPI0004DDEFCB	63.36	123	147
UniRef90_A0A093Q3W0	61.07	123	147
UniRef90_UPI00004F418F	63.57	123	147
UniRef90_A0A0G3IB95	64.12	123	147
UniRef90_P0C0U8	63.36	123	146
UniRef90_UPI0002687953	68.55	123	141
UniRef90_A0A098M0B2	63.36	123	147
UniRef90_T1E6B5	62.60	123	147
UniRef90_P86391	63.36	123	146
UniRef90_A0A091IX86	58.45	123	153
UniRef90_UPI0006B16B9C	62.60	123	147
UniRef90_UPI0004ED5FD8	63.08	123	147
UniRef90_E9PBW4	71.68	123	137
UniRef90_UPI00062AA5B3	87.37	123	161
UniRef90_UPI0003AF3850	61.54	123	147
UniRef90_UPI000383BA95	71.68	123	150
UniRef90_E9PFT6	82.65	123	141
UniRef90_UPI000528756D	60.77	123	147
UniRef90_UPI0005237445	59.23	123	134
UniRef90_P22743	61.83	123	146
UniRef90_A0A091HNF8	56.49	123	147
UniRef90_UPI00042C01C9	58.02	123	147
UniRef90_P14261	58.46	123	147
UniRef90_P18993	62.31	123	146
UniRef90_P02092	63.36	123	146
UniRef90_B5FX70	67.18	123	147
UniRef90_UPI0005FB7D00	53.76	123	190
UniRef90_P18987	61.07	123	146
UniRef90_A0A094KZU2	61.07	123	143
UniRef90_B2M1S8	84.95	123	105
UniRef90_UPI0005FBCB84	72.73	123	144
UniRef90_M7AYD8	66.15	123	269
UniRef90_M7AYD8	56.38	123	269
UniRef90_UPI0005323FBC	63.64	123	135
UniRef90_UPI0004419454	61.48	123	134
UniRef90_P10060	60.00	123	146
UniRef90_UPI0003C299EB	63.08	123	147
UniRef90_Q10733	54.96	123	146
UniRef90_UPI0004F11BA9	58.78	123	147
UniRef90_UPI00062A85A1	64.12	123	168
UniRef90_A0A0G3ICX2	58.02	123	147
UniRef90_UPI00059B305B	72.82	123	125
UniRef90_W5MMC3	58.78	123	147
UniRef90_UPI0003AFB808	61.83	123	154
UniRef90_A0A093NE67	65.52	123	116
UniRef90_UPI0003C87102	66.92	123	147
UniRef90_G3WEX2	58.02	123	147
UniRef90_UPI00063CE8EF	81.91	123	156
UniRef90_UPI000214B555	58.91	123	148
UniRef90_UPI0002BCF73A	57.69	123	147
UniRef90_A0A091E9N5	62.93	123	120
UniRef90_A0A091SIJ4	57.69	123	144
UniRef90_T1E5J6	59.54	123	147
UniRef90_A0A099YXM6	63.72	123	116
UniRef90_UPI0006B3D7E4	76.60	123	115
UniRef90_G3MZ21	70.87	123	115
UniRef90_K7FBN5	61.16	123	147
UniRef90_A0A093FV83	58.73	123	130
UniRef90_A0A091VR91	61.21	123	142
UniRef90_A0A091MB33	62.93	123	127
UniRef90_UPI0004F20C2D	56.49	123	147
UniRef90_H9GIN1	58.59	123	148
UniRef90_UPI0003F06888	60.48	123	142
UniRef90_UPI0005FB0037	60.68	123	158
UniRef90_P02129	55.81	123	146
UniRef90_W5LAV2	55.81	123	147
UniRef90_D2HU50	79.57	123	171
UniRef90_A0A093H9D7	61.21	123	120
UniRef90_UPI00029D92B9	64.23	123	137
UniRef90_W5MMA8	52.31	123	147
UniRef90_Q9BEI2	55.38	123	147
UniRef90_P83114	55.04	123	145
UniRef90_UPI0003EC43B0	71.30	123	131
UniRef90_UPI00063C6469	65.18	123	164
UniRef90_UPI000273DA7A	59.69	123	151
UniRef90_A0A091SU08	59.54	123	141
UniRef90_P02142	53.08	123	146
UniRef90_P02134	55.73	123	140
UniRef90_UPI0005FC0FF2	61.79	123	129
UniRef90_A0A093BKC6	60.18	123	117
UniRef90_UPI00062AAE7E	64.17	123	177
UniRef90_UPI0003D0BCC8	51.91	123	147
UniRef90_F7GH03	51.91	123	147
UniRef90_UPI0005287233	59.32	123	127
UniRef90_P82316	50.77	123	146
UniRef90_A4IGT0	55.73	123	147
UniRef90_UPI0005233EE7	59.82	123	119
UniRef90_Q6ZM12	50.77	123	147
UniRef90_UPI0005330BBE	55.38	123	147
UniRef90_D6R731	50.00	123	147
UniRef90_I3N507	71.28	123	106
UniRef90_UPI00064401BF	51.94	123	147
UniRef90_UPI00048DEE29	60.58	123	153
UniRef90_E1B976	67.59	123	149
UniRef90_UPI00038C3EF8	57.38	123	141
UniRef90_W5LAP6	53.03	123	148
UniRef90_C0H824	52.31	123	214
UniRef90_P02136	51.15	123	147
UniRef90_B6SEZ2	54.96	123	147
UniRef90_Q7LZC2	51.91	123	146
UniRef90_Q9PVL8	54.20	123	147
UniRef90_UPI0004545EE9	53.08	123	146
UniRef90_B7UCU6	68.82	123	105
UniRef90_E3TCM4	48.84	123	147
UniRef90_Q95183	69.15	123	106
UniRef90_M3ZBQ3	69.15	123	138
UniRef90_P80727	52.67	123	146
UniRef90_W5LAQ9	52.67	123	148
UniRef90_A9L8X8	82.95	123	103
UniRef90_P02139	53.08	123	147
UniRef90_M1VEK6	52.67	123	147
UniRef90_UPI000697E1AE	61.74	123	126
UniRef90_M1VNS7	51.94	123	143
UniRef90_P02137	52.67	123	147
UniRef90_G1NQ13	63.83	123	106
UniRef90_Q90486	50.39	123	148
UniRef90_UPI0005FB4473	54.62	123	191
UniRef90_A0A091Q9H6	62.38	123	101
UniRef90_D0VWS2	51.54	123	146
UniRef90_UPI0005FAD5AE	66.67	123	114
UniRef90_O13164	51.91	123	148
UniRef90_P02133	51.15	123	147
UniRef90_UPI0005F45C1C	56.56	123	202
UniRef90_Q6S9E2	52.71	123	148
UniRef90_UPI00022F722E	67.02	123	117
UniRef90_UPI0006EAD91F	64.13	123	106
UniRef90_Q8JH89	49.24	123	147
UniRef90_P83478	50.38	123	146
UniRef90_P02130	48.06	123	146
UniRef90_UPI0003C16005	46.56	123	147
UniRef90_I3IZ27	49.62	123	148
UniRef90_Q6DJ70	52.67	123	147
UniRef90_P08423	52.31	123	147
UniRef90_A0A087R791	67.02	123	106
UniRef90_G3QIW6	59.65	123	121
UniRef90_C0HJE1	49.61	123	146
UniRef90_P02135	51.15	123	140
UniRef90_Q6DET0	51.15	123	147
UniRef90_A0A091JKI7	64.89	123	106
UniRef90_UPI0004E48C0E	65.59	123	122
UniRef90_B2BP38	51.56	123	147
UniRef90_UPI0003EC261F	63.44	123	110
UniRef90_UPI000661BB7C	65.96	123	107
UniRef90_Q45XI1	65.59	123	105
UniRef90_W5MM94	52.34	123	147
UniRef90_P02131	48.84	123	146
UniRef90_G5DZM8	52.38	123	128
UniRef90_Q9PVM2	48.09	123	148
UniRef90_M1VK56	50.38	123	147
UniRef90_Q33CJ7	49.22	123	146
UniRef90_O13163	54.17	123	148
UniRef90_Q1AGS7	51.16	123	147
UniRef90_P84204	51.15	123	146
UniRef90_A0A0B6VKQ1	49.62	123	148
UniRef90_Q2KKV1	49.62	123	146
UniRef90_A0A093PPZ4	64.52	123	93
UniRef90_P07433	45.38	123	146
UniRef90_A0A091RMM9	58.88	123	111
UniRef90_P84610	50.39	123	147
UniRef90_M3ZD83	48.85	123	148
UniRef90_P84206	48.46	123	147
UniRef90_P18991	51.15	123	146
UniRef90_UPI0004EFC2B2	61.17	123	185
UniRef90_Q9UP81	96.72	123	89
UniRef90_P23741	46.15	123	146
UniRef90_UPI000644ABD1	49.62	123	148
UniRef90_Q5BLF6	49.22	123	147
UniRef90_P10785	47.24	123	145
UniRef90_P83272	48.06	123	146
UniRef90_UPI000441FAB0	63.83	123	142
UniRef90_G3ICM6	61.29	123	111
UniRef90_G8DP14	47.69	123	148
UniRef90_P11749	49.21	123	146
UniRef90_A0A093F4V3	63.27	123	102
UniRef90_UPI00032A2F3D	48.06	123	148
UniRef90_UPI000576173C	63.04	123	105
UniRef90_Q8AYQ6	50.00	123	147
UniRef90_Q8UW93	50.00	123	147
UniRef90_G5CUP5	45.24	123	139
UniRef90_B2RVB7	50.41	123	147
UniRef90_Q86QI8	65.00	123	228
UniRef90_P56251	46.92	123	147
UniRef90_P02141	48.84	123	148
UniRef90_Q9PVL7	45.74	123	146
UniRef90_UPI000523B33B	56.64	123	112
UniRef90_UPI0003767A2A	51.16	123	148
UniRef90_UPI0006B701D3	52.21	123	146
UniRef90_M4A8Z9	48.85	123	148
UniRef90_P02132	45.38	123	146
UniRef90_C3KJ57	49.23	123	147
UniRef90_W5MM40	47.33	123	148
UniRef90_O93548	47.66	123	147
UniRef90_H3A6U9	46.51	123	304
UniRef90_H3A6U9	42.96	123	304
UniRef90_UPI0006446524	46.51	123	148
UniRef90_Q8JIM9	44.62	123	147
UniRef90_M4ASJ1	45.38	123	147
UniRef90_UPI00022B6461	59.79	123	117
UniRef90_Q6F3D1	46.15	123	147
UniRef90_P14521	48.06	123	147
UniRef90_Q6TAD0	53.27	123	124
UniRef90_Q8AYQ5	48.44	123	147
UniRef90_UPI0005FB2B4F	74.68	123	116
UniRef90_UPI0006B331E1	50.38	123	148
UniRef90_Q7T1B0	47.66	123	147
UniRef90_Q5MD69	46.15	123	148
UniRef90_C3KI50	46.88	123	147
UniRef90_P23017	47.66	123	147
UniRef90_Q4F6Z2	46.92	123	148
UniRef90_A0A060Z4Y8	48.46	123	147
UniRef90_A0A093QP20	54.87	123	117
UniRef90_G3PL48	47.66	123	147
UniRef90_P02138	47.69	123	147
UniRef90_UPI0006EB109B	47.01	123	150
UniRef90_P83273	47.66	123	146
UniRef90_P80946	46.51	123	147
UniRef90_A0A0F8ATF2	42.75	123	147
UniRef90_Q98UB9	46.88	123	147
UniRef90_Q8UW94	47.66	123	147
UniRef90_A0A0B5JRQ5	45.38	123	147
UniRef90_D6PVN3	46.09	123	147
UniRef90_P0C239	45.16	123	146
UniRef90_Q7ZZQ6	47.69	123	145
UniRef90_P83624	45.38	123	146
UniRef90_UPI0005F4DB6C	54.95	123	211
UniRef90_C1BY22	45.74	123	148
UniRef90_V5N459	45.31	123	147
UniRef90_Q6Y239	46.92	123	148
UniRef90_C1BY71	45.74	123	148
UniRef90_Q3Y9L6	44.27	123	148
UniRef90_UPI0006B22847	58.33	123	132
UniRef90_A0A060YPS6	43.08	123	147
UniRef90_P29625	45.38	123	147
UniRef90_Q90ZM4	46.09	123	147
UniRef90_M9MQI2	44.96	123	141
UniRef90_A0A0F8BF53	46.09	123	147
UniRef90_Q8JIN1	46.88	123	147
UniRef90_P29628	45.38	123	146
UniRef90_C1BJP8	47.66	123	147
UniRef90_P86879	46.09	123	146
UniRef90_K7N5M6	45.38	123	146
UniRef90_UPI00022B1E10	42.31	123	147
UniRef90_UPI0006450F6E	46.88	123	147
UniRef90_UPI0004984297	43.75	123	147
UniRef90_I3KUU6	47.69	123	239
UniRef90_Q9YGF5	46.51	123	147
UniRef90_UPI00064434E4	48.09	123	150
UniRef90_B3EWR8	48.09	123	146
UniRef90_P45720	44.53	123	146
UniRef90_UPI000496CD38	43.08	123	147
UniRef90_Q7LZC1	45.04	123	147
UniRef90_Q45XH4	71.08	123	87
UniRef90_E3TGA8	46.88	123	147
UniRef90_D0VWV3	43.75	123	146
UniRef90_UPI0006B30236	45.31	123	147
UniRef90_C8YNR8	44.53	123	147
UniRef90_UPI0004983B11	44.88	123	147
UniRef90_M3ZD81	41.09	123	147
UniRef90_I3IZ54	43.75	123	147
UniRef90_W5KM05	43.41	123	147
UniRef90_UPI000521682D	57.45	123	114
UniRef90_C0HJT6	44.62	123	146
UniRef90_A0A0F8C6H1	46.88	123	147
UniRef90_P07429	40.00	123	147
UniRef90_O93348	43.75	123	147
UniRef90_P10786	44.19	123	145
UniRef90_Q9I977	45.80	123	152
UniRef90_A0EZW7	43.85	123	147
UniRef90_P23018	46.09	123	146
UniRef90_W5LAM7	49.22	123	365
UniRef90_W5LAM7	46.28	123	365
UniRef90_A0A087VKR4	56.57	123	103
UniRef90_P84652	45.31	123	147
UniRef90_Q9YGF4	42.97	123	147
UniRef90_S9W893	65.69	123	199
UniRef90_A0A060YIU5	46.51	123	211
UniRef90_Q802A3	40.77	123	147
UniRef90_M3ZD71	44.53	123	147
UniRef90_I3IZ10	44.53	123	158
UniRef90_UPI0006B125F8	63.83	123	110
UniRef90_UPI000644B0A1	46.09	123	147
UniRef90_O09232	42.97	123	147
UniRef90_P80271	41.41	123	146
UniRef90_P83625	43.75	123	146
UniRef90_UPI0006B3A2AC	38.76	123	147
UniRef90_UPI000496A7D6	42.97	123	147
UniRef90_G9DBN1	56.67	123	105
UniRef90_C1BLE4	44.62	123	147
UniRef90_B8PS16	64.20	123	84
UniRef90_B6DMG8	47.50	123	123
UniRef90_A0A091SM46	63.16	123	76
UniRef90_UPI00064435C7	42.97	123	147
UniRef90_UPI0003EDF27D	76.39	123	76
UniRef90_A0EZW4	45.67	123	141
UniRef90_A0A0F8AS06	39.31	123	162
UniRef90_UPI00064481EA	39.06	123	147
UniRef90_P85082	45.31	123	147
UniRef90_H3D5V2	44.35	123	143
UniRef90_P07420	67.47	123	87
UniRef90_C1BX81	44.96	123	148
UniRef90_P69892	71.76	123	147
UniRef90_H0VVL2	73.28	123	147
UniRef90_UPI00018A9542	70.99	123	147
UniRef90_U3K6C5	68.70	123	145
UniRef90_UPI0003318945	79.39	123	147
UniRef90_UPI0004440D2C	72.52	123	147
UniRef90_P67821	89.31	123	147
UniRef90_P14524	69.47	123	146
UniRef90_P07406	68.70	123	146
UniRef90_P18435	71.76	123	147
UniRef90_P68871	93.89	123	147
UniRef90_P02036	90.08	123	147
UniRef90_P02102	72.52	123	147
UniRef90_P18983	84.73	123	147
UniRef90_P84792	66.41	123	147
UniRef90_UPI000670BFF3	63.36	123	237
UniRef90_UPI0003F16E26	69.47	123	147
UniRef90_B3RFA9	73.85	123	301
UniRef90_B3RFA9	73.76	123	301
UniRef90_A0A091KQJ5	64.12	123	147
UniRef90_K7FA97	67.94	123	147
UniRef90_P02101	72.52	123	147
UniRef90_Q45XH5	70.23	123	147
UniRef90_P14391	83.97	123	146
UniRef90_A0A093G0T3	66.41	123	147
UniRef90_P30893	65.65	123	146
UniRef90_F6WII6	69.47	123	147
UniRef90_F1NMZ3	63.36	123	147
UniRef90_M7AK85	67.18	123	147
UniRef90_UPI000332F66D	71.76	123	147
UniRef90_P14392	83.97	123	146
UniRef90_U3IWT5	65.65	123	147
UniRef90_I3MVJ8	70.00	123	147
UniRef90_P02114	65.65	123	147
UniRef90_P18989	85.50	123	146
UniRef90_UPI0003943072	65.65	123	147
UniRef90_P02127	63.36	123	147
UniRef90_P11025	69.23	123	147
UniRef90_Q28460	79.39	123	146
UniRef90_P18994	70.99	123	147
UniRef90_P02128	63.36	123	147
UniRef90_P02042	87.02	123	147
UniRef90_UPI0003339B33	71.76	123	147
UniRef90_Q28931	72.52	123	147
UniRef90_UPI0004D09C8E	72.52	123	147
UniRef90_P02100	70.99	123	147
UniRef90_UPI0006806162	61.54	123	193
UniRef90_U3KG79	64.89	123	147
UniRef90_P02104	70.99	123	147
UniRef90_Q45XH8	73.85	123	147
UniRef90_P08224	70.99	123	147
UniRef90_A0A093I7I7	61.83	123	147
UniRef90_P10061	64.12	123	146
UniRef90_P02103	72.66	123	147
UniRef90_Q45XH3	73.85	123	147
UniRef90_G5BS34	68.70	123	147
UniRef90_B2KHZ4	80.92	123	147
UniRef90_UPI0003331BBB	70.00	123	147
UniRef90_P02050	84.62	123	146
UniRef90_A0A093EW13	66.67	123	143
UniRef90_P02059	77.10	123	146
UniRef90_Q9GJS7	69.47	123	147
UniRef90_P02109	65.65	123	147
UniRef90_G1Q4K6	72.52	123	147
UniRef90_P07412	80.92	123	146
UniRef90_Q28221	70.00	123	147
UniRef90_I3N129	67.18	123	147
UniRef90_G3SBL4	80.62	123	141
UniRef90_P02061	74.81	123	146
UniRef90_P18986	84.50	123	146
UniRef90_S7NGW8	71.76	123	339
UniRef90_Q45XI8	77.69	123	147
UniRef90_A0A091IV33	63.36	123	147
UniRef90_P19016	80.77	123	146
UniRef90_UPI000333B632	69.23	123	147
UniRef90_UPI000333480A	77.86	123	147
UniRef90_P02090	76.34	123	146
UniRef90_G1M478	78.40	123	154
UniRef90_P20855	78.63	123	146
UniRef90_A0A093Q3W0	61.07	123	147
UniRef90_UPI0006B87F4E	80.15	123	146
UniRef90_P02091	75.57	123	147
UniRef90_G3UPN4	62.88	123	148
UniRef90_UPI000395677D	63.36	123	147
UniRef90_V5KSB5	64.06	123	133
UniRef90_P02067	80.00	123	147
UniRef90_B3EWD2	79.23	123	146
UniRef90_P02054	78.63	123	146
UniRef90_Q98905	64.89	123	147
UniRef90_A0A091HNF8	56.49	123	147
UniRef90_UPI0004ED1154	72.52	123	147
UniRef90_P02125	64.12	123	146
UniRef90_M3WVZ4	68.46	123	149
UniRef90_UPI000194E527	63.08	123	147
UniRef90_I3MW48	75.19	123	141
UniRef90_UPI0006500DD2	67.94	123	147
UniRef90_G3WEX2	56.49	123	147
UniRef90_UPI000331684E	63.85	123	147
UniRef90_E5RWQ1	62.79	123	147
UniRef90_P06643	65.38	123	147
UniRef90_UPI0004ED634D	67.44	123	147
UniRef90_P13274	64.12	123	146
UniRef90_P02052	76.34	123	146
UniRef90_P15165	63.36	123	146
UniRef90_Q28932	66.41	123	147
UniRef90_P02110	73.28	123	147
UniRef90_UPI0003AFE419	64.89	123	147
UniRef90_C5HYH8	74.05	123	146
UniRef90_P07410	71.76	123	146
UniRef90_UPI0004DDEFCB	63.36	123	147
UniRef90_A0A091IX86	58.45	123	153
UniRef90_P14388	80.00	123	146
UniRef90_Q45XJ0	76.34	123	147
UniRef90_UPI00038ECB72	75.38	123	147
UniRef90_P16418	64.89	123	146
UniRef90_G5BYJ8	73.08	123	147
UniRef90_G1Q9N4	64.62	123	147
UniRef90_I0B041	79.39	123	147
UniRef90_W5QCV3	65.38	123	175
UniRef90_F7AI41	73.28	123	151
UniRef90_W5QCX0	71.54	123	143
UniRef90_P02105	65.38	123	147
UniRef90_T1E6B5	62.60	123	147
UniRef90_U5KQ95	76.34	123	147
UniRef90_I6ZW92	77.69	123	147
UniRef90_A0A091DVA1	74.05	123	147
UniRef90_Q45XI4	69.23	123	147
UniRef90_P04444	63.36	123	147
UniRef90_P02099	69.47	123	147
UniRef90_UPI0002C687E3	66.92	123	147
UniRef90_F1PYZ1	66.92	123	149
UniRef90_O88754	60.77	123	147
UniRef90_UPI0006B16B9C	62.60	123	147
UniRef90_B3EWE2	80.92	123	146
UniRef90_P86391	63.36	123	146
UniRef90_P09905	80.15	123	146
UniRef90_A0A098M0B2	63.36	123	147
UniRef90_G3IF93	67.94	123	147
UniRef90_A0A096MSQ5	68.70	123	145
UniRef90_P24292	73.28	123	146
UniRef90_Q2KPA4	71.76	123	147
UniRef90_A0A0B8RXI6	63.36	123	147
UniRef90_M3YFH4	73.28	123	147
UniRef90_UPI000155EA37	63.85	123	147
UniRef90_UPI0003C299EB	62.60	123	147
UniRef90_UPI0006B2164B	63.36	123	147
UniRef90_UPI00032B04A3	68.75	123	147
UniRef90_UPI0001951484	72.31	123	147
UniRef90_B3EWD6	75.57	123	146
UniRef90_Q63067	61.54	123	147
UniRef90_A0A0G3IB95	64.12	123	147
UniRef90_Q6H1U7	67.18	123	147
UniRef90_P14261	58.46	123	147
UniRef90_Q8JH89	48.48	123	147
UniRef90_W5MMC3	58.78	123	147
UniRef90_P83478	50.38	123	146
UniRef90_P41332	63.36	123	146
UniRef90_G3ICM5	69.23	123	147
UniRef90_P68230	81.54	123	147
UniRef90_Q45XI7	72.52	123	147
UniRef90_P02087	73.08	123	147
UniRef90_P0C0U8	63.36	123	146
UniRef90_UPI0003F0D5A0	67.94	123	147
UniRef90_UPI0004D0AA00	80.15	123	147
UniRef90_L9KLQ0	72.52	123	147
UniRef90_P02060	79.39	123	146
UniRef90_P18987	61.07	123	146
UniRef90_B3EWD8	75.38	123	146
UniRef90_UPI0004547ECD	66.92	123	147
UniRef90_Q62669	67.18	123	147
UniRef90_P02094	70.23	123	147
UniRef90_UPI000528756D	60.77	123	147
UniRef90_UPI00035A227A	66.92	123	168
UniRef90_P09840	78.63	123	146
UniRef90_W5MMA8	52.31	123	147
UniRef90_UPI0005323FBC	63.64	123	135
UniRef90_UPI0004ED5FD8	63.57	123	147
UniRef90_M7AYD8	66.15	123	269
UniRef90_M7AYD8	55.79	123	269
UniRef90_Q14473	93.10	123	175
UniRef90_C5HYH6	72.31	123	147
UniRef90_P14526	74.05	123	147
UniRef90_P80727	52.67	123	146
UniRef90_P02086	77.86	123	146
UniRef90_G3RZQ0	85.71	123	177
UniRef90_UPI00046B3AEC	65.38	123	146
UniRef90_P22743	61.83	123	146
UniRef90_P68056	77.10	123	142
UniRef90_UPI0002687953	68.55	123	141
UniRef90_Q7M2Y5	78.63	123	147
UniRef90_F7GH03	51.91	123	147
UniRef90_UPI00042CDA72	74.81	123	227
UniRef90_P18436	63.36	123	148
UniRef90_A0A061I7G5	69.23	123	706
UniRef90_A0A061I7G5	67.94	123	706
UniRef90_A0A061I7G5	64.71	123	706
UniRef90_U5KNV9	78.63	123	147
UniRef90_P02095	71.32	123	146
UniRef90_UPI0003C8A12B	63.85	123	147
UniRef90_UPI000443AAAE	71.07	123	145
UniRef90_B3EWD0	80.92	123	146
UniRef90_A0A094KZU2	59.54	123	143
UniRef90_P02093	70.00	123	146
UniRef90_D6R731	49.61	123	147
UniRef90_Q90486	49.62	123	148
UniRef90_Q7LZC2	51.91	123	146
UniRef90_P09907	80.77	123	146
UniRef90_W5LAV2	55.38	123	147
UniRef90_B5FX70	67.18	123	147
UniRef90_P82316	50.77	123	146
UniRef90_UPI00064401BF	51.94	123	147
UniRef90_P18993	62.31	123	146
UniRef90_P02070	80.15	123	145
UniRef90_UPI0004F11BA9	58.78	123	147
UniRef90_I3IZ27	48.85	123	148
UniRef90_P21380	77.86	123	145
UniRef90_Q9BEI2	53.85	123	147
UniRef90_P13558	82.64	123	147
UniRef90_Q10733	54.96	123	146
UniRef90_B2BP38	51.56	123	147
UniRef90_A0A096MN09	83.21	123	146
UniRef90_F1RII5	73.85	123	144
UniRef90_P02139	52.31	123	147
UniRef90_A0A060YPS6	43.08	123	147
UniRef90_Q6ZM12	50.77	123	147
UniRef90_P02081	74.81	123	145
UniRef90_UPI0005237445	59.23	123	134
UniRef90_P02074	77.86	123	145
UniRef90_E3TCM4	48.84	123	147
UniRef90_W5LAP6	51.52	123	148
UniRef90_P02066	80.77	123	146
UniRef90_P02053	79.39	123	147
UniRef90_M4ASJ1	45.38	123	147
UniRef90_Q9PVM2	48.09	123	148
UniRef90_UPI0003767A2A	49.61	123	148
UniRef90_T1E5J6	59.54	123	147
UniRef90_P11756	78.63	123	146
UniRef90_UPI000496CD38	43.08	123	147
UniRef90_G8DP14	46.92	123	148
UniRef90_P02082	75.38	123	145
UniRef90_D0VWS2	49.62	123	146
UniRef90_A0A0G3ICX2	58.02	123	147
UniRef90_B3EWC8	79.23	123	146
UniRef90_H9GIN1	58.59	123	148
UniRef90_UPI0004984297	43.08	123	147
UniRef90_UPI0003D0BCC8	51.91	123	147
UniRef90_UPI0006446524	45.38	123	148
UniRef90_O13164	49.62	123	148
UniRef90_P83272	47.29	123	146
UniRef90_P02129	55.81	123	146
UniRef90_Q9YGF4	42.97	123	147
UniRef90_P02064	79.23	123	146
UniRef90_UPI00042C01C9	58.02	123	147
UniRef90_A0A0B5JRQ5	45.38	123	147
UniRef90_A0A0B6VKQ1	49.62	123	148
UniRef90_B3EWE0	77.10	123	146
UniRef90_W5LAQ9	51.15	123	148
UniRef90_I3KUU6	47.69	123	239
UniRef90_Q8JIM9	44.62	123	147
UniRef90_Q8AYQ6	49.22	123	147
UniRef90_Q7ZZQ6	47.69	123	145
UniRef90_F6VE37	68.66	123	151
UniRef90_UPI00032A2F3D	46.92	123	148
UniRef90_A0A060Z4Y8	47.69	123	147
UniRef90_UPI0004F3F50B	82.03	123	169
UniRef90_Q9YGF5	46.51	123	147
UniRef90_P02142	53.08	123	146
UniRef90_Q2KKV1	48.09	123	146
UniRef90_Q6S9E2	51.94	123	148
UniRef90_P84204	50.38	123	146
UniRef90_A0EZW7	43.85	123	147
UniRef90_A0A093NE67	65.52	123	116
UniRef90_A4IGT0	55.73	123	147
UniRef90_P83273	47.66	123	146
UniRef90_F6WP15	86.61	123	171
UniRef90_UPI0004419454	61.48	123	134
UniRef90_Q8AYQ5	47.66	123	147
UniRef90_G3PL48	47.66	123	147
UniRef90_A0A091SIJ4	57.69	123	144
UniRef90_UPI0003AF3850	61.54	123	147
UniRef90_P02076	66.41	123	145
UniRef90_A0A0F8C6H1	46.88	123	147
UniRef90_D6PVN3	46.09	123	147
UniRef90_P83624	45.38	123	146
UniRef90_P56251	46.15	123	147
UniRef90_M3ZD83	47.33	123	148
UniRef90_UPI000540620A	67.94	123	162
UniRef90_O13163	51.16	123	148
UniRef90_C3KJ57	49.23	123	147
UniRef90_B6SEZ2	54.96	123	147
UniRef90_Q5BLF6	49.22	123	147
UniRef90_A0A091E9N5	62.93	123	120
UniRef90_UPI0006B331E1	48.85	123	148
UniRef90_Q98UB9	46.88	123	147
UniRef90_A0A060YIU5	46.51	123	211
UniRef90_E9PBW4	71.68	123	137
UniRef90_A0A091MB33	60.16	123	127
UniRef90_A0A093FV83	59.20	123	130
UniRef90_Q8UW93	49.22	123	147
UniRef90_T1YUU1	70.34	123	130
UniRef90_UPI00032ADC07	64.12	123	147
UniRef90_C0H824	52.31	123	214
UniRef90_UPI000383BA95	70.80	123	150
UniRef90_P29628	45.38	123	146
UniRef90_Q1AGS7	51.16	123	147
UniRef90_I3IZ54	43.75	123	147
UniRef90_Q802A3	40.77	123	147
UniRef90_P0C239	43.85	123	146
UniRef90_UPI000644ABD1	48.09	123	148
UniRef90_UPI000496A7D6	42.97	123	147
UniRef90_Q7T1B0	47.66	123	147
UniRef90_V5N459	45.31	123	147
UniRef90_P83625	43.75	123	146
UniRef90_K7N5M6	45.38	123	146
UniRef90_Q8JIN1	46.88	123	147
UniRef90_A0A0F8BF53	46.09	123	147
UniRef90_UPI0005FB7D00	53.76	123	190
UniRef90_D0VWV3	43.75	123	146
UniRef90_A0A091VR91	56.92	123	142
UniRef90_G5CUP5	44.88	123	139
UniRef90_P84610	50.39	123	147
UniRef90_K7FBN5	61.16	123	147
UniRef90_UPI000644B0A1	46.09	123	147
UniRef90_P11748	42.42	123	143
UniRef90_O93548	47.66	123	147
UniRef90_P83114	55.47	123	145
UniRef90_C1BJP8	46.15	123	147
UniRef90_UPI0006450F6E	46.88	123	147
UniRef90_W5KM05	43.41	123	147
UniRef90_P80043	40.15	123	142
UniRef90_P45718	40.15	123	142
UniRef90_P23017	46.88	123	147
UniRef90_C1BY71	43.85	123	148
UniRef90_A0A087XVX5	40.15	123	143
UniRef90_UPI00062A9B9F	87.72	123	139
UniRef90_O09232	42.31	123	147
UniRef90_A0A099YXM6	63.72	123	116
UniRef90_P10060	60.00	123	146
UniRef90_C0HJT6	44.62	123	146
UniRef90_G3RYX7	86.73	123	117
UniRef90_A0A091SU08	59.54	123	141
UniRef90_UPI00064435C7	42.97	123	147
UniRef90_C3KI50	46.88	123	147
UniRef90_P45720	43.75	123	146
UniRef90_P02130	48.06	123	146
UniRef90_Q4F6Z2	43.85	123	148
UniRef90_A0A093H9D7	61.21	123	120
UniRef90_P83614	42.97	123	146
UniRef90_Q8UW94	47.29	123	147
UniRef90_A0A0G2DW93	40.15	123	143
UniRef90_P84652	45.31	123	147
UniRef90_C3KHW6	41.67	123	143
UniRef90_P11749	49.19	123	146
UniRef90_UPI000495693D	37.59	123	143
UniRef90_M3ZD71	44.53	123	147
UniRef90_UPI00064473CD	38.64	123	143
UniRef90_P84206	46.56	123	147
UniRef90_P23018	46.09	123	146
UniRef90_UPI00064434E4	48.09	123	150
UniRef90_M4A8Z9	47.33	123	148
UniRef90_H2LKT8	40.15	123	144
UniRef90_P02141	46.15	123	148
UniRef90_Q0PP67	41.67	123	142
UniRef90_E3TGA8	46.88	123	147
UniRef90_W5LAN4	43.18	123	143
UniRef90_Q9PVL8	54.20	123	147
UniRef90_Q90ZM4	45.31	123	147
UniRef90_UPI000576C612	66.41	123	152
UniRef90_UPI0004545EE9	53.08	123	146
UniRef90_O93348	43.75	123	147
UniRef90_Q90487	39.39	123	143
UniRef90_P82990	39.39	123	142
UniRef90_A0A0B6VRZ9	37.88	123	143
UniRef90_UPI0005287233	59.32	123	127
UniRef90_W5LAM7	49.22	123	365
UniRef90_W5LAM7	45.53	123	365
UniRef90_UPI0006B32664	37.12	123	143
UniRef90_P86879	45.74	123	146
UniRef90_A0A0F8AS06	39.31	123	162
UniRef90_M9MQI2	44.19	123	141
UniRef90_P02136	51.15	123	147
UniRef90_P29625	44.62	123	147
UniRef90_H3D5V2	43.55	123	143
UniRef90_A0A087XVQ5	38.64	123	144
UniRef90_A0EZW4	46.03	123	141
UniRef90_K7N5M5	38.93	123	142
UniRef90_A1YZP4	36.36	123	143
UniRef90_UPI000644BB83	37.88	123	143
UniRef90_B0BL34	39.39	123	143
UniRef90_UPI000462FDF9	42.42	123	143
UniRef90_A0A0B6VIU2	37.88	123	143
UniRef90_P02133	51.15	123	147
UniRef90_A0A087XF64	39.39	123	144
UniRef90_W5LAT4	39.39	123	232
UniRef90_UPI0003C16005	46.56	123	147
UniRef90_UPI0006B31428	35.61	123	143
UniRef90_C1BLE4	44.62	123	147
UniRef90_P86882	34.85	123	142
UniRef90_UPI0006B36C14	42.42	123	143
UniRef90_UPI0002BCF73A	56.92	123	147
UniRef90_W5MM94	51.94	123	147
UniRef90_A0A093BKC6	60.18	123	117
UniRef90_P83270	40.15	123	143
UniRef90_P02137	52.67	123	147
UniRef90_UPI00063C6469	65.18	123	164
UniRef90_I3IZ10	44.53	123	158
UniRef90_P83271	37.12	123	143
UniRef90_UPI000329AB1A	38.64	123	143
UniRef90_P14520	43.18	123	142
UniRef90_P84653	37.12	123	143
UniRef90_A0A0B5JN12	37.12	123	143
UniRef90_C1BY22	45.38	123	148
UniRef90_A0EZW6	38.64	123	144
UniRef90_P80946	44.44	123	147
UniRef90_UPI00029D92B9	63.41	123	137
UniRef90_A0A087XVA9	43.94	123	143
UniRef90_UPI00057663F2	64.34	123	147
UniRef90_H2LD06	40.91	123	144
UniRef90_Q6Y239	44.62	123	148
UniRef90_M4A902	40.15	123	143
UniRef90_Q3Y9L6	44.27	123	148
UniRef90_C3KID2	41.67	123	143
UniRef90_D0VWV2	40.15	123	143
UniRef90_Q802A4	40.15	123	143
UniRef90_UPI0006446416	35.61	123	143
UniRef90_I3IZ43	37.88	123	143
UniRef90_G3PL33	37.12	123	144
UniRef90_C8YNR8	44.53	123	147
UniRef90_UPI0004F06531	82.46	123	128
UniRef90_P02131	48.84	123	146
UniRef90_UPI0003F0CD2E	35.34	123	142
UniRef90_V5N4L6	40.91	123	143
UniRef90_M1VEK6	51.91	123	147
UniRef90_Q6DET0	51.15	123	147
UniRef90_W5MM40	47.33	123	148
UniRef90_G8DP12	36.36	123	143
UniRef90_Q6Y257	37.12	123	143
UniRef90_A0A091II63	36.36	123	142
UniRef90_UPI0004F20C2D	56.49	123	147
UniRef90_UPI000576D172	37.40	123	143
UniRef90_P85083	36.84	123	143
UniRef90_Q8UW95	38.64	123	143
UniRef90_UPI0006B336BB	36.36	123	144
UniRef90_A0A087XV35	40.15	123	144
UniRef90_I3KUU9	38.64	123	144
UniRef90_Q9PVM4	36.36	123	143
UniRef90_UPI0004983B11	44.88	123	147
UniRef90_Q7ZT21	35.61	123	143
UniRef90_Q9I977	42.75	123	152
UniRef90_UPI0005233EE7	59.82	123	119
UniRef90_G3PNE8	37.12	123	143
UniRef90_P80271	41.41	123	146
UniRef90_P02134	55.73	123	140
UniRef90_P83623	37.12	123	142
UniRef90_UPI0003C87102	66.92	123	147
UniRef90_H2LKL6	40.15	123	144
UniRef90_UPI000329B181	36.64	123	143
UniRef90_UPI0006512A98	36.36	123	142
UniRef90_UPI0004F40ACD	38.64	123	142
UniRef90_G5BXY3	36.09	123	142
UniRef90_A0A0F8CI88	37.12	123	143
UniRef90_P85082	42.97	123	147
UniRef90_B6DMG8	47.50	123	123
UniRef90_UPI000644DF98	37.12	123	143
UniRef90_P0C237	37.12	123	143
UniRef90_C1BIL2	36.64	123	143
UniRef90_Q8JH83	39.39	123	143
UniRef90_Q7LZC1	43.51	123	147
UniRef90_Q6T497	37.12	123	144
UniRef90_UPI0006B30236	44.53	123	147
UniRef90_UPI000334155E	37.12	123	142
UniRef90_Q6DJ70	51.91	123	147
UniRef90_P02019	40.30	123	144
UniRef90_Q5MD69	45.38	123	148
UniRef90_Q19LH2	33.33	123	143
UniRef90_UPI000332FBA8	34.85	123	142
UniRef90_UPI0003F06888	57.94	123	142
UniRef90_Q8JH84	40.15	123	143
UniRef90_Q33CJ7	49.22	123	146
UniRef90_P04241	42.11	123	141
UniRef90_M1VK56	50.38	123	147
UniRef90_C1BX42	34.85	123	143
UniRef90_UPI0004410052	38.64	123	143
UniRef90_C0HJE1	49.61	123	146
UniRef90_P23741	47.62	123	146
UniRef90_P08423	52.31	123	147
UniRef90_B3EX28	37.12	123	142
UniRef90_Q8UV18	35.61	123	143
UniRef90_UPI0004957660	42.42	123	143
UniRef90_Q4RHD1	37.12	123	144
UniRef90_A0A0B5JKL6	40.15	123	143
UniRef90_UPI00062A85A1	64.12	123	168
UniRef90_UPI00033394CE	35.61	123	142
UniRef90_UPI000644A27D	40.15	123	144
UniRef90_UPI0006B3147F	40.91	123	143
UniRef90_Q98SE6	33.33	123	144
UniRef90_A0A060YJR3	36.36	123	143
UniRef90_A8HTG8	37.40	123	143
UniRef90_F7APQ4	80.34	123	176
UniRef90_Q4S4F1	42.42	123	143
UniRef90_I3IZ07	37.88	123	144
UniRef90_P02016	37.88	123	143
UniRef90_P83613	34.09	123	142
UniRef90_UPI0003AF73FB	42.42	123	143
UniRef90_UPI0005FBCB84	72.73	123	144
