UniRef90_P62962	96.40	139	140
UniRef90_P07737	94.96	139	140
UniRef90_G3S0W1	94.96	139	159
UniRef90_G1S6M7	94.96	139	183
UniRef90_UPI0003F05C62	93.53	139	207
UniRef90_A0A096P2I7	91.03	139	233
UniRef90_UPI000273CC7B	87.77	139	140
UniRef90_G1PP62	83.33	139	142
UniRef90_H2QBZ3	91.54	139	130
UniRef90_UPI0002BCE19B	92.09	139	140
UniRef90_UPI0003F0EDA4	84.17	139	140
UniRef90_UPI0002C477FB	82.73	139	140
UniRef90_J3S0J4	82.01	139	140
UniRef90_S7NKD6	86.82	139	129
UniRef90_UPI00002006F1	85.61	139	125
UniRef90_UPI0003C87273	87.41	139	202
UniRef90_UPI0003D0A1EF	80.58	139	139
UniRef90_K7F8M5	80.00	139	141
UniRef90_UPI00018B4F33	82.73	139	140
UniRef90_S9WS91	87.60	139	129
UniRef90_UPI0003C27FFB	78.42	139	140
UniRef90_M7C8B6	75.54	139	140
UniRef90_UPI0004406E6C	85.27	139	129
UniRef90_UPI0003C4B13E	80.15	139	298
UniRef90_K7F1Z6	72.66	139	140
UniRef90_UPI00039569FA	71.94	139	140
UniRef90_A0A091DJE8	95.41	139	120
UniRef90_Q5SX49	95.37	139	112
UniRef90_UPI00053F68A9	93.69	139	152
UniRef90_UPI0005124436	78.20	139	182
UniRef90_UPI0004F4252D	91.89	139	181
UniRef90_UPI00062A88F7	91.89	139	250
UniRef90_W5PYC5	95.28	139	127
UniRef90_W5P6Q5	100.00	139	98
UniRef90_F1Q3Y0	95.92	139	98
UniRef90_G1SER8	94.90	139	98
UniRef90_UPI000644410D	64.96	139	139
UniRef90_UPI000643F243	64.23	139	139
UniRef90_A0A0D9S607	71.22	139	135
UniRef90_M3WEL8	98.96	139	148
UniRef90_A0A0F8AFV6	64.96	139	139
UniRef90_B9ELF5	65.19	139	139
UniRef90_UPI000644C6F5	65.69	139	139
UniRef90_A0A0E9XAH0	62.77	139	139
UniRef90_H2V638	62.04	139	139
UniRef90_M3ZXE8	63.50	139	139
UniRef90_B5X4T2	63.50	139	139
UniRef90_M3X3Z4	70.07	139	136
UniRef90_P35080-2	63.50	139	140
UniRef90_E3TEF8	62.77	139	139
UniRef90_UPI0006B35AF8	62.04	139	139
UniRef90_UPI0006B32E74	62.04	139	139
UniRef90_H2V639	62.77	139	141
UniRef90_UPI00064B9449	86.92	139	110
UniRef90_K7EJ44	92.71	139	104
UniRef90_Q9EPC6	61.87	139	140
UniRef90_Q9JJV2-2	62.77	139	146
UniRef90_M3ZU94	61.31	139	139
UniRef90_UPI00054B1942	61.31	139	139
UniRef90_UPI000496379D	61.31	139	139
UniRef90_H2LSV4	60.58	139	160
UniRef90_D3ZDU5	62.96	139	148
UniRef90_W5K0K5	63.77	139	141
UniRef90_Q9JJV2	61.87	139	140
UniRef90_V9L872	60.43	139	140
UniRef90_P35080	61.87	139	140
UniRef90_V9KZ57	60.43	139	140
UniRef90_H2TDK7	62.04	139	139
UniRef90_UPI00054D0037	59.85	139	139
UniRef90_L8IIJ9	95.74	139	98
UniRef90_Q802D5	61.59	139	140
UniRef90_UPI0004958B70	60.58	139	139
UniRef90_D3DNI2	63.50	139	334
UniRef90_A5WWI6	61.31	139	139
UniRef90_H3ACY3	61.15	139	140
UniRef90_UPI00062AA61C	75.21	139	274
UniRef90_Q7ZVJ0	59.85	139	139
UniRef90_UPI0002240718	61.31	139	140
UniRef90_UPI000696B235	61.87	139	236
UniRef90_B3DLT3	62.22	139	140
UniRef90_A0A096M4S5	58.39	139	139
UniRef90_M3XTZ1	61.87	139	191
UniRef90_UPI000495077F	62.04	139	139
UniRef90_G3P3B1	59.85	139	139
UniRef90_UPI00046B2B6B	60.58	139	140
UniRef90_C3KHK2	58.39	139	139
UniRef90_UPI0004DFD849	75.63	139	248
UniRef90_A0A096NY70	61.27	139	322
UniRef90_UPI0004A339DF	57.66	139	139
UniRef90_M7CIN2	76.64	139	109
UniRef90_H0XVK0	65.69	139	136
UniRef90_G7P3V7	59.85	139	138
UniRef90_I3L3D5	96.47	139	165
UniRef90_UPI0003EBC95A	81.19	139	135
UniRef90_UPI0005D14652	59.12	139	139
UniRef90_UPI00038C62CF	59.71	139	142
UniRef90_UPI00045E0EF6	59.85	139	179
UniRef90_E3TC58	61.24	139	129
UniRef90_UPI000441DE31	83.33	139	167
UniRef90_UPI0003C10223	58.46	139	148
UniRef90_H3CQU5	55.80	139	140
UniRef90_C9J2N0	57.55	139	125
UniRef90_A0A096NLQ1	56.83	139	189
UniRef90_S9XCJ7	78.10	139	170
UniRef90_UPI0003C2A118	79.17	139	98
UniRef90_B3DLX0	56.20	139	138
UniRef90_UPI00032B094D	97.30	139	75
UniRef90_UPI0005F40382	77.55	139	89
UniRef90_Q7SZB1	53.28	139	137
UniRef90_UPI000575F118	62.04	139	181
UniRef90_UPI00057B881A	61.86	139	327
UniRef90_D3YWS3	64.71	139	110
UniRef90_UPI00054E8BB8	61.11	139	165
UniRef90_G3X3P0	61.68	139	110
UniRef90_Q3KQ82	51.08	139	138
UniRef90_UPI00062BE862	58.97	139	208
UniRef90_UPI0003594CDB	71.88	139	657
UniRef90_S9YRV7	60.33	139	177
UniRef90_UPI0003C25EA4	46.62	139	137
UniRef90_UPI0003AE5A52	60.58	139	107
UniRef90_UPI000495C1DD	60.95	139	145
UniRef90_UPI00066027C8	63.16	139	107
UniRef90_UPI000533FAB7	61.86	139	113
UniRef90_V9LDC9	45.26	139	137
UniRef90_UPI000528835B	48.44	139	134
UniRef90_UPI00068104A0	50.00	139	201
UniRef90_G1SQ87	63.83	139	110
UniRef90_UPI00042C45F1	61.22	139	116
UniRef90_UPI0005110604	53.04	139	160
UniRef90_UPI000549B911	63.83	139	161
UniRef90_UPI000392F266	53.66	139	281
UniRef90_UPI00045723DD	60.82	139	108
UniRef90_UPI0004571D6B	58.42	139	108
UniRef90_UPI0005D0A06C	53.85	139	235
UniRef90_UPI0003C19C56	63.16	139	255
UniRef90_M7B001	44.36	139	137
UniRef90_G1KA02	44.36	139	137
UniRef90_UPI0003C0FCFF	45.93	139	137
UniRef90_U3JRT4	61.46	139	96
UniRef90_A0A091EMS5	61.46	139	97
UniRef90_D2HM64	61.46	139	96
UniRef90_R0KYD1	61.46	139	97
UniRef90_L5M5V2	61.46	139	98
UniRef90_W5NP47	46.62	139	137
UniRef90_A0A093JBP7	61.46	139	97
UniRef90_UPI00051F1615	58.33	139	147
UniRef90_M3WXC5	63.44	139	144
UniRef90_UPI0006D8F722	63.83	139	308
UniRef90_UPI000670D0FF	60.82	139	115
UniRef90_A0A061ILQ9	61.46	139	109
UniRef90_UPI00042C03C7	59.22	139	132
UniRef90_UPI0003C8CC63	60.20	139	114
UniRef90_W5P3G5	63.83	139	300
UniRef90_UPI00065E903D	61.46	139	130
UniRef90_K7FCZ9	61.46	139	97
UniRef90_UPI0003C43326	60.82	139	100
UniRef90_UPI0004F11C17	60.20	139	127
UniRef90_UPI0003ACBF4F	60.00	139	177
UniRef90_C9J0J7	65.17	139	91
UniRef90_UPI0005233B24	61.46	139	135
UniRef90_UPI00053CB58C	53.39	139	186
UniRef90_UPI00064EDFC7	60.82	139	220
UniRef90_UPI0004546C5A	61.46	139	170
UniRef90_UPI0004F4349C	61.46	139	164
UniRef90_UPI0004D0A9D9	61.46	139	169
UniRef90_UPI000522C431	60.20	139	217
UniRef90_UPI0000D93856	45.86	139	137
UniRef90_UPI000523C955	61.46	139	173
UniRef90_UPI00063CE7E4	61.46	139	207
UniRef90_UPI000523641B	45.31	139	134
UniRef90_UPI00064BB17C	61.46	139	214
UniRef90_UPI0003C8A2D5	61.46	139	260
UniRef90_UPI00039911C4	44.53	139	134
UniRef90_UPI000454807B	61.46	139	193
UniRef90_UPI000540387B	61.46	139	209
UniRef90_UPI00046B4BD4	64.13	139	312
UniRef90_UPI0006443522	45.32	139	141
UniRef90_Q95304	89.55	139	68
UniRef90_G1PDT7	44.36	139	137
UniRef90_UPI0003991BC3	61.46	139	245
UniRef90_A0A0F8AHS9	60.82	139	1193
UniRef90_UPI0000E37FAD	43.61	139	137
UniRef90_UPI00051C71BA	61.46	139	349
UniRef90_UPI00051C71BA	66.67	139	349
UniRef90_G1NRW9	43.94	139	134
UniRef90_G5BVR6	58.76	139	109
UniRef90_UPI00052186B3	42.86	139	134
UniRef90_UPI00042C1317	61.46	139	406
UniRef90_UPI0003F07A55	42.86	139	137
UniRef90_UPI00052842C9	42.54	139	137
UniRef90_UPI0004ED1080	42.22	139	137
UniRef90_UPI00038EE7E3	43.94	139	137
UniRef90_P60673	42.86	139	137
UniRef90_H0VUX4	43.94	139	137
UniRef90_F6SLI0	42.86	139	137
UniRef90_G1QFV8	54.76	139	124
UniRef90_C1BK56	64.94	139	79
UniRef90_UPI0004F09F5B	40.60	139	135
UniRef90_UPI000443AE7B	42.11	139	137
UniRef90_G3T4Y9	42.11	139	137
UniRef90_E2QV64	42.11	139	137
UniRef90_Q9DAD6	42.86	139	137
UniRef90_M0RCP6	42.86	139	137
UniRef90_H3BAP9	41.01	139	140
UniRef90_UPI0000D9AF88	59.14	139	135
UniRef90_UPI0003BBD51B	64.29	139	99
UniRef90_UPI0004ED5BA5	47.66	139	129
UniRef90_UPI0003F11927	42.86	139	137
UniRef90_UPI0005294967	42.86	139	134
UniRef90_UPI0005779603	43.26	139	143
UniRef90_E1BXG1	42.31	139	134
UniRef90_UPI0006612D7D	42.86	139	236
UniRef90_UPI0005305C45	42.19	139	134
UniRef90_UPI0006B6A85D	43.80	139	139
UniRef90_UPI00033369E7	42.11	139	137
UniRef90_C1BWH6	64.56	139	88
UniRef90_UPI0004F07C6B	41.35	139	180
UniRef90_UPI00052EA410	62.35	139	147
UniRef90_G5BQ08	40.91	139	137
UniRef90_D2I3D4	84.85	139	66
UniRef90_UPI0004547E59	81.54	139	88
UniRef90_UPI0001554CE4	39.85	139	137
UniRef90_S9YJK0	82.35	139	70
UniRef90_W5LLK4	41.18	139	141
UniRef90_UPI0004F493D3	39.10	139	133
UniRef90_K7G3E0	41.35	139	119
UniRef90_UPI000457496C	40.44	139	139
UniRef90_M7AW02	37.76	139	144
UniRef90_UPI000522C247	37.59	139	134
UniRef90_UPI0006440961	43.80	139	139
UniRef90_H3A465	39.23	139	133
UniRef90_E7F0A1	36.76	139	141
UniRef90_H2P0S8	78.79	139	66
UniRef90_A0A0G1ZFY5	38.82	139	629
UniRef90_Q8VHI2	51.22	139	125
UniRef90_UPI00029D4B38	41.35	139	133
UniRef90_K7F0S8	37.41	139	143
UniRef90_UPI00051F0D58	40.62	139	134
UniRef90_Q6P470	75.76	139	66
UniRef90_B5X5I8	39.44	139	143
UniRef90_UPI000529A501	39.53	139	136
UniRef90_UPI0004F50B32	40.48	139	148
UniRef90_V9LJF3	41.24	139	109
UniRef90_UPI000521809D	36.72	139	134
UniRef90_UPI00067863CB	36.84	139	134
UniRef90_UPI00052822CF	36.72	139	134
UniRef90_UPI00051147DA	39.84	139	130
UniRef90_UPI0006B6D086	36.15	139	150
UniRef90_UPI0004419359	38.30	139	145
UniRef90_UPI0005150861	36.92	139	132
UniRef90_A0A0G2DV06	47.37	139	97
UniRef90_UPI0005779848	42.34	139	139
UniRef90_V8NAC7	38.46	139	145
UniRef90_A0A067XLH1	43.70	139	134
UniRef90_UPI00062A558C	36.50	139	153
UniRef90_I3JKS3	38.46	139	142
UniRef90_J3QMC2	95.35	139	55
UniRef90_H0W407	36.76	139	136
UniRef90_A0A093F2D4	36.72	139	115
UniRef90_A0A093J2R3	60.29	139	68
UniRef90_UPI00038ECE72	34.78	139	153
UniRef90_UPI000497C054	35.04	139	137
UniRef90_G3H172	37.59	139	560
UniRef90_UPI00045D66EF	36.57	139	153
UniRef90_UPI00052278D5	66.10	139	67
UniRef90_L8Y865	75.86	139	58
UniRef90_UPI0005354F66	64.62	139	140
UniRef90_M7BJA8	57.58	139	115
UniRef90_UPI0004F0D08B	40.95	139	107
UniRef90_M3Z5Z0	35.29	139	136
UniRef90_UPI000644A0AE	37.59	139	143
UniRef90_W5P5W8	34.56	139	136
UniRef90_G1TQC1	36.76	139	139
UniRef90_UPI0003AF72F0	36.84	139	116
UniRef90_UPI000549D4C0	52.50	139	204
UniRef90_UPI0006525349	46.43	139	87
UniRef90_UPI000528A5AB	63.49	139	67
UniRef90_G3ICB8	35.29	139	153
UniRef90_M3WZU1	34.07	139	135
UniRef90_D2HB06	67.16	139	67
UniRef90_UPI00042AAD32	35.29	139	153
UniRef90_UPI00067C246B	34.56	139	147
UniRef90_A0A091DPK8	32.58	139	118
UniRef90_UPI0002BCF51C	35.29	139	153
UniRef90_UPI0004ED6210	34.56	139	153
UniRef90_A0A099ZFV8	47.19	139	81
UniRef90_UPI00064D4DB3	37.19	139	150
UniRef90_A0A091DHY3	38.21	139	130
UniRef90_L9JCA5	38.46	139	169
UniRef90_F7D0N9	33.09	139	136
UniRef90_UPI000520288E	39.62	139	108
UniRef90_G5BSZ1	33.09	139	153
UniRef90_A0A096M9M1	34.04	139	143
UniRef90_UPI00001D1778	32.35	139	153
UniRef90_L8YAT5	34.96	139	130
UniRef90_UPI0006B32FC6	34.75	139	142
UniRef90_UPI000643F20A	35.61	139	138
UniRef90_K4G068	32.48	139	159
UniRef90_UPI0004541503	33.08	139	110
UniRef90_Q0N7V7	31.11	139	133
UniRef90_S9YAG4	80.85	139	342
UniRef90_Q8JL78	31.85	139	134
UniRef90_UPI0004DDFC04	32.81	139	114
UniRef90_A0A0G3G2Q4	32.09	139	133
UniRef90_UPI0004C09A07	32.50	139	116
UniRef90_UPI0004979EDF	35.00	139	141
UniRef90_Q4RU46	65.85	139	42
UniRef90_UPI00064BADE8	36.73	139	172
UniRef90_UPI0003F05C62	93.53	139	207
UniRef90_P62962	96.40	139	140
UniRef90_P07737	94.96	139	140
UniRef90_G3S0W1	94.96	139	159
UniRef90_G1S6M7	94.96	139	183
UniRef90_A0A096P2I7	90.34	139	233
UniRef90_G1PP62	83.33	139	142
UniRef90_UPI000273CC7B	87.77	139	140
UniRef90_J3S0J4	82.01	139	140
UniRef90_UPI0003D0A1EF	80.58	139	139
UniRef90_A0A0F8AFV6	64.49	139	139
UniRef90_A0A0E9XAH0	62.32	139	139
UniRef90_UPI000644410D	64.49	139	139
UniRef90_UPI000696B235	61.87	139	236
UniRef90_H2V638	61.59	139	139
UniRef90_K7F8M5	80.00	139	141
UniRef90_UPI0002C477FB	82.73	139	140
UniRef90_Q9EPC6	61.87	139	140
UniRef90_UPI000643F243	63.77	139	139
UniRef90_D3DNI2	63.50	139	334
UniRef90_UPI0003C27FFB	78.42	139	140
UniRef90_V9KZ57	60.43	139	140
UniRef90_M7C8B6	75.54	139	140
UniRef90_B9ELF5	64.23	139	139
UniRef90_Q9JJV2	61.87	139	140
UniRef90_UPI0006B32E74	61.59	139	139
UniRef90_UPI000644C6F5	65.22	139	139
UniRef90_P35080	61.87	139	140
UniRef90_H2QBZ3	91.54	139	130
UniRef90_M3ZXE8	63.04	139	139
UniRef90_E3TEF8	62.32	139	139
UniRef90_UPI0006B35AF8	61.59	139	139
UniRef90_UPI000496379D	60.87	139	139
UniRef90_H3ACY3	61.15	139	140
UniRef90_H2V639	62.32	139	141
UniRef90_UPI0002BCE19B	92.09	139	140
UniRef90_K7F1Z6	72.66	139	140
UniRef90_A5WWI6	60.87	139	139
UniRef90_D3ZDU5	62.50	139	148
UniRef90_B5X4T2	63.04	139	139
UniRef90_P35080-2	63.50	139	140
UniRef90_H2TDK7	61.59	139	139
UniRef90_H2LSV4	60.14	139	160
UniRef90_UPI0003F0EDA4	84.17	139	140
UniRef90_UPI00054D0037	59.42	139	139
UniRef90_UPI00054B1942	60.87	139	139
UniRef90_W5K0K5	63.31	139	141
UniRef90_UPI0003C4B13E	80.15	139	298
UniRef90_Q7ZVJ0	59.42	139	139
UniRef90_UPI0002240718	61.31	139	140
UniRef90_V9L872	60.43	139	140
UniRef90_C3KHK2	57.97	139	139
UniRef90_M3ZU94	60.87	139	139
UniRef90_UPI0004958B70	60.14	139	139
UniRef90_A0A096M4S5	57.97	139	139
UniRef90_Q9JJV2-2	62.77	139	146
UniRef90_M3XTZ1	61.87	139	191
UniRef90_B3DLT3	60.43	139	140
UniRef90_A0A096NY70	61.27	139	322
UniRef90_G3P3B1	59.42	139	139
UniRef90_UPI00002006F1	85.61	139	125
UniRef90_S7NKD6	86.82	139	129
UniRef90_UPI000495077F	61.59	139	139
UniRef90_UPI0003C87273	87.41	139	202
UniRef90_S9WS91	87.60	139	129
UniRef90_UPI00039569FA	71.94	139	140
UniRef90_UPI00046B2B6B	60.58	139	140
UniRef90_UPI0004A339DF	57.25	139	139
UniRef90_UPI0005D14652	58.70	139	139
UniRef90_UPI00018B4F33	82.73	139	140
UniRef90_G7P3V7	59.85	139	138
UniRef90_Q802D5	61.15	139	140
UniRef90_UPI00038C62CF	59.71	139	142
UniRef90_UPI00045E0EF6	59.85	139	179
UniRef90_UPI0003C10223	58.46	139	148
UniRef90_E3TC58	61.24	139	129
UniRef90_UPI0004406E6C	85.27	139	129
UniRef90_UPI00057B881A	60.33	139	327
UniRef90_H3CQU5	55.80	139	140
UniRef90_UPI0005124436	78.20	139	182
UniRef90_A0A096NLQ1	56.83	139	189
UniRef90_C9J2N0	57.55	139	125
UniRef90_UPI0003C25EA4	45.26	139	137
UniRef90_UPI000528835B	45.93	139	134
UniRef90_G1KA02	43.07	139	137
UniRef90_UPI000523641B	43.61	139	134
UniRef90_M7B001	44.03	139	137
UniRef90_UPI00062A88F7	94.39	139	250
UniRef90_UPI0004F4252D	94.39	139	181
UniRef90_UPI00052842C9	42.54	139	137
UniRef90_UPI00053F68A9	96.26	139	152
UniRef90_UPI0003C0FCFF	44.93	139	137
UniRef90_UPI00039911C4	42.86	139	134
UniRef90_Q5SX49	96.26	139	112
UniRef90_A0A091DJE8	95.41	139	120
UniRef90_UPI00052186B3	42.86	139	134
UniRef90_G1NRW9	43.94	139	134
UniRef90_UPI0006612D7D	42.22	139	236
UniRef90_UPI0005294967	42.11	139	134
UniRef90_V9LDC9	44.93	139	137
UniRef90_B3DLX0	55.80	139	138
UniRef90_UPI0004F09F5B	40.60	139	135
UniRef90_UPI0005305C45	40.60	139	134
UniRef90_UPI0000E37FAD	42.34	139	137
UniRef90_A0A0D9S607	71.22	139	135
UniRef90_Q9DAD6	41.91	139	137
UniRef90_UPI0003F11927	41.61	139	137
UniRef90_M3WEL8	92.23	139	148
UniRef90_UPI00062BE862	58.97	139	208
UniRef90_M0RCP6	42.22	139	137
UniRef90_G1PDT7	43.07	139	137
UniRef90_UPI000443AE7B	40.88	139	137
UniRef90_W5P6Q5	97.96	139	98
UniRef90_Q7SZB1	52.90	139	137
UniRef90_UPI000575F118	61.47	139	181
UniRef90_F1Q3Y0	95.92	139	98
UniRef90_G1SER8	94.90	139	98
UniRef90_E2QV64	40.88	139	137
UniRef90_G3T4Y9	40.88	139	137
UniRef90_UPI0003F07A55	41.61	139	137
UniRef90_P60673	41.61	139	137
UniRef90_E1BXG1	41.67	139	134
UniRef90_UPI0000D93856	44.53	139	137
UniRef90_M3X3Z4	70.07	139	136
UniRef90_K7EJ44	86.41	139	104
UniRef90_H0VUX4	42.03	139	137
UniRef90_UPI0005D0A06C	53.85	139	235
UniRef90_W5NP47	45.26	139	137
UniRef90_W5PYC5	95.28	139	127
UniRef90_UPI00038EE7E3	42.03	139	137
UniRef90_F6SLI0	41.61	139	137
UniRef90_UPI000392F266	53.66	139	281
UniRef90_Q3KQ82	51.08	139	138
UniRef90_UPI0004ED1080	42.22	139	137
UniRef90_UPI0004F493D3	39.10	139	133
UniRef90_UPI00054E8BB8	60.00	139	165
UniRef90_G3X3P0	61.68	139	110
UniRef90_UPI00033369E7	40.88	139	137
UniRef90_UPI0003EBC95A	81.19	139	135
UniRef90_UPI0004F07C6B	41.04	139	180
UniRef90_UPI00062AA61C	75.21	139	274
UniRef90_D3YWS3	61.68	139	110
UniRef90_UPI0005110604	53.04	139	160
UniRef90_H0XVK0	69.60	139	136
UniRef90_UPI00053CB58C	53.39	139	186
UniRef90_UPI00068104A0	50.00	139	201
UniRef90_UPI00064B9449	86.92	139	110
UniRef90_UPI0004DFD849	75.63	139	248
UniRef90_M7CIN2	76.64	139	109
UniRef90_UPI0004571D6B	57.84	139	108
UniRef90_UPI0003AE5A52	60.00	139	107
UniRef90_UPI000522C247	37.31	139	134
UniRef90_UPI0004F4349C	60.82	139	164
UniRef90_UPI00051F1615	58.33	139	147
UniRef90_UPI00063CE7E4	55.45	139	207
UniRef90_UPI0004D0A9D9	58.82	139	169
UniRef90_H3BAP9	39.57	139	140
UniRef90_UPI00051F0D58	39.10	139	134
UniRef90_K7G3E0	41.04	139	119
UniRef90_UPI00064EDFC7	60.82	139	220
UniRef90_UPI000441DE31	80.81	139	167
UniRef90_G5BQ08	40.60	139	137
UniRef90_UPI0006B6A85D	42.86	139	139
UniRef90_UPI0005150861	36.36	139	132
UniRef90_UPI0003ACBF4F	60.00	139	177
UniRef90_UPI000454807B	59.00	139	193
UniRef90_UPI0004546C5A	59.00	139	170
UniRef90_G1TQC1	36.23	139	139
UniRef90_UPI000529A501	38.35	139	136
UniRef90_UPI000521809D	35.34	139	134
UniRef90_UPI0001554CE4	38.69	139	137
UniRef90_UPI00065E903D	50.83	139	130
UniRef90_UPI000523C955	61.46	139	173
UniRef90_UPI00064BB17C	57.28	139	214
UniRef90_W5P3G5	48.87	139	300
UniRef90_UPI000495C1DD	60.38	139	145
UniRef90_UPI00051147DA	38.35	139	130
UniRef90_A0A061ILQ9	61.46	139	109
UniRef90_UPI00042C03C7	58.42	139	132
UniRef90_H0W407	36.76	139	136
UniRef90_UPI0003C8CC63	60.20	139	114
UniRef90_UPI0004F11C17	60.20	139	127
UniRef90_UPI00045723DD	57.84	139	108
UniRef90_UPI000670D0FF	61.46	139	115
UniRef90_UPI0006443522	45.00	139	141
UniRef90_M3Z5Z0	34.78	139	136
UniRef90_UPI000522C431	59.00	139	217
UniRef90_UPI000549B911	60.58	139	161
UniRef90_UPI00052822CF	35.34	139	134
UniRef90_UPI0003C19C56	63.16	139	255
UniRef90_UPI0004ED5BA5	46.92	139	129
UniRef90_R0KYD1	60.82	139	97
UniRef90_L8IIJ9	98.89	139	98
UniRef90_UPI00062A558C	36.50	139	153
UniRef90_UPI000457496C	39.86	139	139
UniRef90_A0A093JBP7	60.82	139	97
UniRef90_W5P5W8	34.06	139	136
UniRef90_L5M5V2	60.82	139	98
UniRef90_UPI00045D66EF	36.03	139	153
UniRef90_G1SQ87	58.65	139	110
UniRef90_UPI00029D4B38	40.15	139	133
UniRef90_A0A091EMS5	60.82	139	97
UniRef90_D2HM64	61.46	139	96
UniRef90_UPI0003C8A2D5	57.01	139	260
UniRef90_UPI000533FAB7	61.22	139	113
UniRef90_UPI0003C2A118	77.55	139	98
UniRef90_UPI00051C71BA	61.46	139	349
UniRef90_UPI00051C71BA	62.30	139	349
UniRef90_UPI00038ECE72	34.78	139	153
UniRef90_UPI000540387B	58.25	139	209
UniRef90_K7FCZ9	60.82	139	97
UniRef90_UPI00067863CB	36.84	139	134
UniRef90_U3JRT4	61.46	139	96
UniRef90_UPI0006D8F722	63.16	139	308
UniRef90_UPI00042C1317	61.46	139	406
UniRef90_UPI0003C43326	61.46	139	100
UniRef90_M3WXC5	63.44	139	144
UniRef90_UPI0003991BC3	59.60	139	245
UniRef90_UPI00066027C8	63.16	139	107
UniRef90_H3A465	38.97	139	133
UniRef90_UPI00042C45F1	63.83	139	116
UniRef90_UPI0004F50B32	39.06	139	148
UniRef90_A0A093F2D4	36.72	139	115
UniRef90_UPI0005233B24	61.46	139	135
UniRef90_S9XCJ7	78.10	139	170
UniRef90_M7AW02	37.76	139	144
UniRef90_UPI00064D4DB3	35.56	139	150
UniRef90_I3L3D5	96.47	139	165
UniRef90_G3ICB8	35.29	139	153
UniRef90_UPI0005779603	42.96	139	143
UniRef90_UPI00042AAD32	35.29	139	153
UniRef90_M3WZU1	33.58	139	135
UniRef90_UPI00046B4BD4	63.44	139	312
UniRef90_K7F0S8	36.69	139	143
UniRef90_W5LLK4	40.88	139	141
UniRef90_UPI0006440961	42.86	139	139
UniRef90_G3H172	37.04	139	560
UniRef90_F7D0N9	33.09	139	136
UniRef90_UPI00067C246B	34.56	139	147
UniRef90_UPI0004ED6210	31.62	139	153
UniRef90_A0A0F8AHS9	60.82	139	1193
UniRef90_C9J0J7	65.17	139	91
UniRef90_G5BVR6	58.76	139	109
UniRef90_A0A0G1ZFY5	38.01	139	629
UniRef90_UPI0000D9AF88	50.89	139	135
UniRef90_UPI0005F40382	73.79	139	89
UniRef90_UPI00001D1778	32.35	139	153
UniRef90_UPI0002BCF51C	34.78	139	153
UniRef90_G5BSZ1	33.09	139	153
UniRef90_B5X5I8	38.03	139	143
UniRef90_E7F0A1	36.50	139	141
UniRef90_UPI0003594CDB	70.41	139	657
UniRef90_UPI00052EA410	62.35	139	147
UniRef90_UPI0004419359	38.57	139	145
UniRef90_A0A091DHY3	37.90	139	130
UniRef90_A0A091DPK8	31.58	139	118
UniRef90_UPI0003AF72F0	35.77	139	116
UniRef90_L8YAT5	34.13	139	130
UniRef90_V8NAC7	37.14	139	145
UniRef90_V9LJF3	38.89	139	109
UniRef90_UPI00032B094D	97.30	139	75
UniRef90_UPI0003BBD51B	64.29	139	99
UniRef90_L9JCA5	38.46	139	169
UniRef90_UPI0005779848	40.29	139	139
UniRef90_I3JKS3	36.81	139	142
UniRef90_UPI000520288E	39.25	139	108
UniRef90_S9YRV7	60.83	139	177
UniRef90_A0A0G2DV06	47.37	139	97
UniRef90_UPI000497C054	34.78	139	137
UniRef90_C1BK56	65.79	139	79
UniRef90_C1BWH6	62.20	139	88
UniRef90_UPI0004541503	32.59	139	110
UniRef90_UPI0004F0D08B	40.95	139	107
UniRef90_UPI0006B6D086	34.81	139	150
UniRef90_UPI000644A0AE	35.66	139	143
UniRef90_G1QFV8	54.76	139	124
UniRef90_A0A096M9M1	32.17	139	143
UniRef90_UPI0006B32FC6	34.27	139	142
UniRef90_A0A067XLH1	41.84	139	134
UniRef90_A0A099ZFV8	46.67	139	81
UniRef90_UPI0004DDFC04	32.56	139	114
UniRef90_UPI0006525349	45.88	139	87
UniRef90_UPI0004979EDF	33.81	139	141
UniRef90_Q0N7V7	30.43	139	133
UniRef90_Q8VHI2	48.87	139	125
UniRef90_UPI0004C09A07	32.48	139	116
UniRef90_UPI0003C8A8EB	29.93	139	100
UniRef90_K4G068	32.28	139	159
UniRef90_Q95304	89.55	139	68
UniRef90_A0A0G3G2Q4	31.16	139	133
UniRef90_Q8JL78	30.43	139	134
UniRef90_UPI00064BADE8	34.95	139	172
UniRef90_S9YJK0	80.00	139	70
UniRef90_UPI000549D4C0	50.00	139	204
UniRef90_UPI0003EC2861	29.20	139	91
UniRef90_D2I3D4	84.85	139	66
UniRef90_UPI00052278D5	58.21	139	67
UniRef90_M7BJA8	50.00	139	115
UniRef90_UPI000643F20A	34.56	139	138
UniRef90_A0A093J2R3	60.29	139	68
UniRef90_H2P0S8	78.79	139	66
UniRef90_UPI0005238F45	25.56	139	93
UniRef90_UPI0004547E59	80.30	139	88
UniRef90_Q6P470	75.76	139	66
UniRef90_UPI000523EB07	32.43	139	110
UniRef90_G8G900	28.26	139	137
UniRef90_I3MU36	45.16	139	138
UniRef90_Q4TA25	28.67	139	139
UniRef90_UPI0005354F66	64.62	139	140
UniRef90_UPI000528A5AB	61.54	139	67
UniRef90_UPI0004F02E1B	38.03	139	100
UniRef90_F5BZR6	30.00	139	138
UniRef90_UPI0006B82A66	26.23	139	102
UniRef90_L8Y865	75.86	139	58
UniRef90_G3EI37	30.66	139	135
UniRef90_UPI00054C6A82	29.50	139	135
UniRef90_D2HB06	67.16	139	67
UniRef90_A0A0A1CTF2	30.00	139	114
UniRef90_UPI0007045F54	23.36	139	86
UniRef90_UPI0003C809FD	42.86	139	63
UniRef90_J3QMC2	93.18	139	55
UniRef90_F2Z3G0	62.79	139	55
UniRef90_C3KI59	25.18	139	130
UniRef90_A0A0F8C9C5	28.89	139	426
UniRef90_Q4RU46	65.85	139	42
UniRef90_S9YAG4	79.17	139	342
UniRef90_G3N821	27.54	139	130
UniRef90_UPI0006D939F6	28.99	139	135
UniRef90_B0ZE73	32.39	139	158
UniRef90_UPI0005289BF3	25.69	139	113
UniRef90_M1FT19	29.29	139	125
UniRef90_A0A087SB62	32.64	139	132
