UniRef90_P63104	100.00	227	245
UniRef90_P63101	99.56	227	245
UniRef90_P29361	99.12	227	245
UniRef90_H0XX22	88.55	227	247
UniRef90_B5DGB9	88.55	227	244
UniRef90_P31946	88.55	227	246
UniRef90_Q91896	88.99	227	245
UniRef90_W5L258	88.11	227	244
UniRef90_I3IV16	88.11	227	244
UniRef90_W5P303	88.55	227	282
UniRef90_L5K139	88.55	227	350
UniRef90_Q9CQV8	88.11	227	246
UniRef90_M3XGU3	87.67	227	243
UniRef90_Q7T356	87.22	227	242
UniRef90_Q6UFZ8	86.78	227	244
UniRef90_UPI00062AC738	88.05	227	267
UniRef90_Q5XGC8	86.78	227	244
UniRef90_UPI0006D8EC79	88.05	227	264
UniRef90_A0A093G7G3	88.05	227	227
UniRef90_J9P2E1	88.99	227	245
UniRef90_Q803M8	85.02	227	245
UniRef90_H2ZVW0	87.17	227	244
UniRef90_A0A091E596	88.11	227	385
UniRef90_R9TE02	85.02	227	247
UniRef90_I3KL45	85.02	227	244
UniRef90_UPI0005774C18	85.71	227	250
UniRef90_I3JIH8	85.40	227	246
UniRef90_A0A0G2AMF5	84.14	227	245
UniRef90_Q20655	83.63	227	248
UniRef90_G3TSL2	87.22	227	243
UniRef90_UPI0005F45C45	100.00	227	197
UniRef90_A0PJ13	82.82	227	246
UniRef90_W5MTV7	87.67	227	255
UniRef90_F2DKP5	82.82	227	246
UniRef90_UPI0007043286	88.55	227	314
UniRef90_A7TZ83	82.38	227	252
UniRef90_Q6P102	83.26	227	245
UniRef90_B5XDE4	82.82	227	250
UniRef90_C9DTY3	81.06	227	250
UniRef90_UPI0006D73D9A	92.51	227	1977
UniRef90_P27348	81.06	227	245
UniRef90_H2LBM3	83.19	227	250
UniRef90_W5KZZ3	82.30	227	244
UniRef90_T1DP61	81.94	227	263
UniRef90_P29310	81.50	227	248
UniRef90_W6ECJ1	81.06	227	250
UniRef90_UPI0002C3743F	95.10	227	331
UniRef90_A0A090LLE0	79.74	227	245
UniRef90_UPI000265806F	79.30	227	245
UniRef90_UPI0001CB968A	80.17	227	251
UniRef90_P29310-3	79.74	227	248
UniRef90_A4K525	79.74	227	248
UniRef90_S4RMW1	80.18	227	246
UniRef90_UPI00066194BD	80.18	227	254
UniRef90_A0A087XHB1	78.85	227	249
UniRef90_I3J728	80.09	227	247
UniRef90_UPI0006B3BD0A	81.70	227	247
UniRef90_P41932	81.25	227	248
UniRef90_UPI00065F874D	84.14	227	211
UniRef90_A0A0B2V712	76.55	227	259
UniRef90_H2MK95	78.85	227	249
UniRef90_T1KCZ0	74.49	227	261
UniRef90_A0A044SRA0	68.12	227	300
UniRef90_W6EA79	78.76	227	251
UniRef90_Q6IQT1	79.74	227	244
UniRef90_Q5BL40	77.53	227	246
UniRef90_W6EKY2	77.88	227	248
UniRef90_N6U835	67.97	227	302
UniRef90_M3ZK30	82.30	227	247
UniRef90_A9V681	77.97	227	243
UniRef90_A0A0M3HQ43	75.77	227	250
UniRef90_A0A0J9XS58	77.53	227	255
UniRef90_T1G259	76.65	227	251
UniRef90_A0A0G4E6L1	76.65	227	236
UniRef90_UPI00054C031F	78.85	227	250
UniRef90_H0VIX2	77.09	227	236
UniRef90_UPI0004F00367	80.43	227	261
UniRef90_A0A087XJH3	77.97	227	250
UniRef90_M1XYC9	78.51	227	246
UniRef90_E0VY00	78.07	227	248
UniRef90_G3NHI0	79.46	227	248
UniRef90_A0A0J9XT41	76.21	227	255
UniRef90_A0A0L8G0I6	77.43	227	252
UniRef90_UPI0004401301	77.49	227	250
UniRef90_T1EG24	76.75	227	245
UniRef90_UPI00054BEA7D	77.43	227	270
UniRef90_UPI0006B31A1B	77.09	227	247
UniRef90_F1L877	78.48	227	250
UniRef90_E4Y1Z7	77.88	227	247
UniRef90_W5UCT5	78.07	227	243
UniRef90_A0A0E3JX27	77.53	227	246
UniRef90_H2LCQ3	75.77	227	248
UniRef90_UPI00069897AB	75.55	227	252
UniRef90_T1FMJ7	76.65	227	246
UniRef90_G3S8L5	86.78	227	239
UniRef90_A0A090LN87	66.06	227	300
UniRef90_F2UD03	75.77	227	242
UniRef90_UPI000440A587	78.60	227	246
UniRef90_A0A0B2VSN7	74.01	227	253
UniRef90_W6EKZ3	75.33	227	248
UniRef90_G3P2E1	76.65	227	255
UniRef90_E4XUY2	75.22	227	245
UniRef90_UPI000556C114	76.65	227	249
UniRef90_Q6PC29	75.76	227	247
UniRef90_P68252	76.19	227	247
UniRef90_A0A0C2D3L8	70.85	227	269
UniRef90_G3NHX0	76.65	227	260
UniRef90_A0A0B8RYT8	76.11	227	246
UniRef90_P61981	76.19	227	247
UniRef90_A0A0G2CLF2	86.15	227	212
UniRef90_S4RL04	74.89	227	248
UniRef90_M3Z1T6	87.05	227	204
UniRef90_Q04917	75.32	227	246
UniRef90_A0A0G2CEL7	74.89	227	247
UniRef90_Q5ZKJ2	75.32	227	247
UniRef90_S9XK91	72.51	227	763
UniRef90_P68510	74.89	227	246
UniRef90_Q8WRV0	76.11	227	261
UniRef90_UPI0006985CA7	74.24	227	251
UniRef90_UPI0002657650	74.56	227	242
UniRef90_UPI0004448FD9	74.46	227	246
UniRef90_L5KR87	74.90	227	1109
UniRef90_I3J3G0	74.14	227	257
UniRef90_K7EWQ2	73.01	227	250
UniRef90_F1LF96	75.34	227	209
UniRef90_V9KIX2	75.33	227	274
UniRef90_H1A595	72.57	227	246
UniRef90_T1FNZ9	75.33	227	249
UniRef90_B3S468	76.11	227	246
UniRef90_Q28DR3	73.16	227	247
UniRef90_M4TAB6	70.46	227	255
UniRef90_Q26537	79.90	227	214
UniRef90_K7ISN3	80.69	227	244
UniRef90_A0A093HR47	73.57	227	230
UniRef90_G3H132	71.37	227	245
UniRef90_A0A0D2VIK6	73.13	227	240
UniRef90_V9TN05	83.16	227	232
UniRef90_P31947	74.22	227	248
UniRef90_UPI000496B355	75.33	227	248
UniRef90_A0A0G2DV38	76.52	227	673
UniRef90_UPI00035990B1	72.49	227	247
UniRef90_I3MPC7	73.33	227	248
UniRef90_F7CIM1	74.22	227	248
UniRef90_W5L9Z1	73.91	227	248
UniRef90_Q6WLC1	73.68	227	247
UniRef90_T1FMT1	70.80	227	246
UniRef90_UPI00038BD826	72.49	227	324
UniRef90_W5U6Y7	70.04	227	240
UniRef90_A0A0G2BVP1	82.56	227	213
UniRef90_UPI00042BD2BD	73.36	227	324
UniRef90_UPI00054BC073	74.89	227	252
UniRef90_UPI0001D55ABB	72.69	227	215
UniRef90_A0A0M3K8U5	63.64	227	286
UniRef90_Q95ZT1	82.72	227	198
UniRef90_UPI0004980539	74.44	227	258
UniRef90_UPI000660C9D3	71.93	227	272
UniRef90_UPI0003C908F2	72.81	227	253
UniRef90_A0A0G2K2B8	66.80	227	274
UniRef90_UPI0004954A9D	71.68	227	245
UniRef90_UPI000643443B	72.49	227	326
UniRef90_U3ITD7	71.24	227	248
UniRef90_UPI000673DB6C	70.31	227	258
UniRef90_H3CUS8	72.25	227	255
UniRef90_M7B6A7	73.45	227	876
UniRef90_A0A0L7RIW3	75.93	227	383
UniRef90_A0A0L7RIW3	80.90	227	383
UniRef90_A0A0L7RIW3	72.13	227	383
UniRef90_UPI00062AA0A5	72.81	227	341
UniRef90_H9IZF9	60.41	227	313
UniRef90_A0A0B7AD66	71.05	227	257
UniRef90_A0A088AHG5	82.81	227	397
UniRef90_A0A088AHG5	81.82	227	397
UniRef90_R9WBT1	70.31	227	261
UniRef90_G0PG47	73.21	227	227
UniRef90_UPI00035961B2	69.49	227	259
UniRef90_A0A0N4V1F0	67.84	227	247
UniRef90_E9H8M4	69.43	227	259
UniRef90_F7H176	75.33	227	202
UniRef90_H0Z417	75.33	227	243
UniRef90_Q7T3G2	70.13	227	246
UniRef90_A0A0M8ZNI9	82.81	227	491
UniRef90_A0A0M8ZNI9	66.67	227	491
UniRef90_A0A0M8ZNI9	77.78	227	491
UniRef90_UPI00049586D0	72.25	227	249
UniRef90_H3D707	69.16	227	243
UniRef90_F7FY05	70.09	227	257
UniRef90_H2PW15	72.25	227	235
UniRef90_H2S4Z2	70.74	227	250
UniRef90_H2TYG6	70.54	227	240
UniRef90_C4WUY2	69.43	227	257
UniRef90_M7XDN2	70.31	227	263
UniRef90_W5MJR8	69.00	227	285
UniRef90_G8XR26	68.56	227	273
UniRef90_A0A060TCT0	71.95	227	266
UniRef90_V9L9Y8	67.54	227	255
UniRef90_P62258	69.00	227	255
UniRef90_UPI0002658F42	68.56	227	260
UniRef90_UPI0005F4B7A0	69.00	227	281
UniRef90_P92177	69.64	227	262
UniRef90_A0A0B7BG51	67.80	227	257
UniRef90_M7XKL5	68.75	227	266
UniRef90_UPI0006B0D699	70.54	227	262
UniRef90_A0A023FVS6	69.64	227	256
UniRef90_H2ZQW6	67.70	227	251
UniRef90_W5NL93	77.45	227	225
UniRef90_A0A0C4F0D9	67.86	227	265
UniRef90_UPI0003EC63CE	79.37	227	257
UniRef90_H9JUI8	68.72	227	262
UniRef90_S4RQ19	69.64	227	258
UniRef90_H0WDH3	68.83	227	246
UniRef90_UPI0005C359B6	66.11	227	262
UniRef90_H2TZG6	68.12	227	254
UniRef90_Q2PBB6	66.96	227	260
UniRef90_Q8BPH1	68.56	227	255
UniRef90_A0A0L0FVI8	67.69	227	252
UniRef90_UPI00055089CB	72.77	227	267
UniRef90_UPI0005D2EF4D	70.51	227	274
UniRef90_A0A087ZUP0	69.20	227	256
UniRef90_A0A073AQS6	68.78	227	238
UniRef90_F7BU66	68.56	227	255
UniRef90_A0A0C3Q6K8	70.59	227	258
UniRef90_W4YFQ8	65.48	227	277
UniRef90_V4C4V3	68.22	227	259
UniRef90_UPI000497CC42	69.26	227	257
UniRef90_Q4T5H6	85.39	227	304
UniRef90_M2LWF9	70.14	227	269
UniRef90_P42656	68.86	227	270
UniRef90_A0A0L8FRZ6	68.12	227	261
UniRef90_F2QU02	69.68	227	257
UniRef90_A0A0F8BQ51	67.42	227	274
UniRef90_A0A0H5BZD9	70.59	227	258
UniRef90_K9H895	67.98	227	262
UniRef90_K5XXB8	67.98	227	256
UniRef90_A7KK89	68.18	227	260
UniRef90_J0DMA2	81.56	227	211
UniRef90_M3VWG1	69.70	227	246
UniRef90_A0A099NRS2	69.68	227	253
UniRef90_W6MTD9	69.64	227	253
UniRef90_UPI0006B3CA97	67.80	227	262
UniRef90_A0A016PFA8	66.97	227	273
UniRef90_F7DMQ6	79.35	227	210
UniRef90_W8E7M6	65.74	227	272
UniRef90_P34730	69.37	227	273
UniRef90_W5NZE2	77.46	227	221
UniRef90_H3FY94	65.73	227	326
UniRef90_H3FY94	64.44	227	326
UniRef90_G8ZX37	67.69	227	273
UniRef90_A0A0M8N406	68.30	227	264
UniRef90_I3JSW6	67.69	227	255
UniRef90_A0A0C2ITZ9	67.42	227	306
UniRef90_B8BX06	66.52	227	247
UniRef90_S3CCM4	67.42	227	280
UniRef90_W5P417	75.36	227	220
UniRef90_K3VGU9	66.97	227	297
UniRef90_J3PKM9	67.42	227	278
UniRef90_V5FWE6	67.42	227	275
UniRef90_F6WL19	66.23	227	255
UniRef90_K1R5F2	66.38	227	256
UniRef90_A0A0F7RZ96	69.68	227	261
UniRef90_L8G2P2	67.42	227	276
UniRef90_D2H1Z5	75.98	227	217
UniRef90_UPI00042CAED7	75.61	227	249
UniRef90_T1FXW3	67.69	227	247
UniRef90_K1XEN3	69.23	227	263
UniRef90_C4JJE1	69.23	227	265
UniRef90_V4AJ46	66.67	227	259
UniRef90_E0VMP6	68.30	227	262
UniRef90_Q4G2I8	69.68	227	254
UniRef90_I1BPN7	68.33	227	244
UniRef90_U3HYQ3	75.98	227	219
UniRef90_W5PWD6	75.98	227	225
UniRef90_A0A0B2WKZ1	66.52	227	323
UniRef90_G2Q2Q4	67.87	227	266
UniRef90_N1JCK0	66.97	227	269
UniRef90_A0A091TN91	75.98	227	218
UniRef90_G1XR47	68.33	227	263
UniRef90_A0A093ZU00	67.42	227	279
UniRef90_A0A0J9XSD4	75.12	227	227
UniRef90_L5L5Z9	75.98	227	232
UniRef90_F7W1V5	66.52	227	317
UniRef90_K5W735	69.68	227	255
UniRef90_F1BWX0	67.42	227	253
UniRef90_T1ELH2	65.65	227	259
UniRef90_H6BMR8	67.42	227	276
UniRef90_I4Y9U6	68.78	227	263
UniRef90_A0A093V7H3	69.20	227	362
UniRef90_V5HV59	69.43	227	227
UniRef90_A0A0D7AND9	69.23	227	241
UniRef90_W2RN72	68.14	227	269
UniRef90_M4AZ28	75.49	227	225
UniRef90_A9S3W0	67.86	227	246
UniRef90_M7AU02	75.73	227	313
UniRef90_UPI0006D901DA	75.98	227	250
UniRef90_H6BX69	68.58	227	266
UniRef90_UPI0004A5CFFA	65.94	227	261
UniRef90_Q5DA69	67.56	227	254
UniRef90_A0A0H3VFW9	65.94	227	265
UniRef90_Q9FXL1	66.67	227	257
UniRef90_A0A0B1P803	68.33	227	270
UniRef90_UPI0003C2AFD2	74.41	227	255
UniRef90_B6K202	67.54	227	277
UniRef90_A8Q6H6	68.78	227	273
UniRef90_F4P7H4	67.86	227	258
UniRef90_F0XH66	66.97	227	309
UniRef90_F6VNT5	68.86	227	246
UniRef90_P29311	68.92	227	267
UniRef90_UPI00053FA6C3	76.10	227	274
UniRef90_Q9M5W3	65.94	227	259
UniRef90_UPI00046B7C91	75.98	227	263
UniRef90_A0A0F8CT40	66.96	227	268
UniRef90_H2UDY6	66.08	227	249
UniRef90_A0A0C3PT81	69.68	227	303
UniRef90_A9SDA7	67.41	227	258
UniRef90_L8GRV5	67.98	227	259
UniRef90_A0A061HNH5	68.33	227	268
UniRef90_M5WUQ9	66.52	227	261
UniRef90_A0A068RI63	66.07	227	253
UniRef90_A0A068Y0R4	66.37	227	249
UniRef90_Q96453	65.50	227	261
UniRef90_G8A4W9	68.22	227	269
UniRef90_A0A0D1XLB1	67.42	227	276
UniRef90_U5HAJ9	64.91	227	265
UniRef90_A0A081CE28	69.20	227	397
UniRef90_A6R4G9	68.78	227	268
UniRef90_A0A084GAM7	67.87	227	270
UniRef90_A0A015LB91	67.54	227	262
UniRef90_W3VLS4	69.20	227	428
UniRef90_A0A084GBB7	66.52	227	275
UniRef90_R7UMQ5	65.79	227	257
UniRef90_A0A0G4FM97	65.35	227	249
UniRef90_Q6FL46	69.23	227	249
UniRef90_UPI00052E92A6	64.63	227	262
UniRef90_H2AQB0	67.98	227	260
UniRef90_F1A406	66.81	227	256
UniRef90_A0A067JBE6	65.50	227	262
UniRef90_I1C141	65.07	227	254
UniRef90_G0SBN0	68.33	227	269
UniRef90_M2QXK7	68.78	227	264
UniRef90_A0A084QJL7	66.06	227	274
UniRef90_UPI000579BBBE	65.07	227	261
UniRef90_C3YD30	65.50	227	265
UniRef90_Q5B4M9	67.87	227	261
UniRef90_UPI0004E56BBF	63.76	227	261
UniRef90_UPI000510B263	75.98	227	299
UniRef90_Q9HEM9	66.52	227	272
UniRef90_Q9M5K7	65.07	227	263
UniRef90_A0A068RYV1	66.96	227	255
UniRef90_Q6UFZ1	67.10	227	246
UniRef90_G2RFG1	68.33	227	264
UniRef90_K3WF01	66.23	227	249
UniRef90_O96945	67.56	227	248
UniRef90_A0A0H2RAQ4	69.23	227	255
UniRef90_A0A086T8T0	66.06	227	271
UniRef90_A0A0D6R0M4	66.52	227	276
UniRef90_B6H5Z8	66.06	227	279
UniRef90_D4AVU2	68.33	227	267
UniRef90_A0A063BWL9	66.06	227	311
UniRef90_B7G5Y2	65.64	227	241
UniRef90_A9NRV7	66.07	227	260
UniRef90_T5A7R5	66.52	227	279
UniRef90_UPI0004F44238	75.98	227	300
UniRef90_UPI00057A149E	66.07	227	260
UniRef90_I2H6C0	69.37	227	268
UniRef90_J3NK07	67.87	227	268
UniRef90_H3D9W4	65.07	227	254
UniRef90_UPI00042CD637	78.57	227	185
UniRef90_B2W4A9	68.33	227	264
UniRef90_U4L7U9	66.06	227	263
UniRef90_UPI0007045AC8	72.69	227	341
UniRef90_A0A067FIS3	64.63	227	266
UniRef90_M0TY03	65.07	227	266
UniRef90_F9XFC7	66.06	227	273
UniRef90_U1GIN5	66.06	227	280
UniRef90_J7S8S7	68.47	227	265
UniRef90_W7TWA9	65.49	227	250
UniRef90_A0A0M9VVN8	66.52	227	271
UniRef90_P54632	66.67	227	252
UniRef90_Q9XEW5	63.76	227	260
UniRef90_G2X2D0	67.87	227	273
UniRef90_M7NRK3	68.78	227	268
UniRef90_A0A0G4LD01	67.42	227	456
UniRef90_A0A0B7NFS1	66.97	227	244
UniRef90_A0A0L9SY35	67.42	227	310
UniRef90_U1GD90	67.26	227	265
UniRef90_F0XKK6	67.42	227	267
UniRef90_G7IH96	65.33	227	263
UniRef90_F6WRN9	65.64	227	242
UniRef90_L1JNT0	65.79	227	254
UniRef90_A9NU69	66.97	227	259
UniRef90_C1GQH8	66.06	227	292
UniRef90_A9TBY0	67.41	227	258
UniRef90_F2E4I1	65.79	227	258
UniRef90_W2RSG2	65.61	227	328
UniRef90_A0A068SBC6	66.23	227	256
UniRef90_A7S0E0	67.11	227	242
UniRef90_A0A068RVR2	67.11	227	260
UniRef90_F6H2P0	64.04	227	264
UniRef90_C5L166	64.71	227	245
UniRef90_K0KQG6	68.78	227	262
UniRef90_S2JT16	66.97	227	244
UniRef90_UPI000555BE65	74.63	227	433
UniRef90_Q99002	66.97	227	262
UniRef90_Q0CTT4	65.61	227	271
UniRef90_A0A061GF05	64.19	227	258
UniRef90_B3GUU0	65.78	227	254
UniRef90_A0A0F7STT2	67.86	227	305
UniRef90_A0A091DLH5	72.12	227	230
UniRef90_A0A067XIQ3	65.20	227	249
UniRef90_I2H530	68.47	227	276
UniRef90_M0UB75	63.76	227	257
UniRef90_A0A087YD39	67.10	227	326
UniRef90_I1CHI5	66.52	227	255
UniRef90_P93212	65.16	227	252
UniRef90_A0A059C6K8	64.19	227	277
UniRef90_D7TJL0	63.76	227	286
UniRef90_A0A059BJZ3	63.76	227	253
UniRef90_A9NKD6	66.52	227	259
UniRef90_A8QKK1	82.66	227	173
UniRef90_UPI0006D91A3B	72.30	227	355
UniRef90_D5GPP3	67.61	227	263
UniRef90_L8H373	67.74	227	319
UniRef90_L8H373	50.46	227	319
UniRef90_J3KA35	66.06	227	279
UniRef90_UPI0004959A07	69.30	227	241
UniRef90_G7MS92	66.07	227	265
UniRef90_A0A0L9T0P4	66.06	227	271
UniRef90_UPI00053C9411	65.16	227	257
UniRef90_UPI00051B1F15	64.63	227	261
UniRef90_I0YRY7	66.67	227	266
UniRef90_M2XYX5	68.44	227	264
UniRef90_M5XBR4	66.06	227	283
UniRef90_A0A0A0KD78	66.07	227	264
UniRef90_A0A074WYB7	66.06	227	260
UniRef90_E9DTS0	67.87	227	410
UniRef90_M5WGY1	64.19	227	261
UniRef90_D8QV26	64.89	227	244
UniRef90_G1X9B4	66.06	227	270
UniRef90_V4W919	64.63	227	258
UniRef90_A0A067K8G8	65.07	227	260
UniRef90_W4XK99	67.69	227	259
UniRef90_E1ZIV3	66.67	227	258
UniRef90_S4S0H9	71.84	227	224
UniRef90_E4UWA1	66.52	227	289
UniRef90_A0A0A1N3I8	65.18	227	252
UniRef90_A0A0A1SU20	66.06	227	355
UniRef90_P42643	64.78	227	267
UniRef90_A1YW93	66.07	227	261
UniRef90_A0A0H1B9U0	65.61	227	292
UniRef90_B3S6H3	65.07	227	256
UniRef90_Q56D00	66.96	227	258
UniRef90_M2WY87	65.33	227	262
UniRef90_UPI00052854FE	67.53	227	249
UniRef90_G7LIR4	63.76	227	259
UniRef90_A0A0J9X9X4	66.23	227	252
UniRef90_B6K0L9	66.96	227	259
UniRef90_A0A068V5X8	63.32	227	273
UniRef90_J7S923	67.10	227	265
UniRef90_C5FSG3	67.87	227	267
UniRef90_W9S924	65.50	227	380
UniRef90_A3LXG8	67.42	227	260
UniRef90_D3AVX5	66.96	227	253
UniRef90_M0S9C4	63.32	227	265
UniRef90_Q01525	65.65	227	259
UniRef90_T1ELD1	64.91	227	257
UniRef90_P42644	66.96	227	255
UniRef90_Q96452	63.76	227	258
UniRef90_G3JLG4	65.47	227	304
UniRef90_S8BBA7	65.16	227	274
UniRef90_A0A0D2N2P4	65.80	227	257
UniRef90_A0A0J8BL91	62.88	227	260
UniRef90_A9LYL0	65.80	227	261
UniRef90_A0A0D6EIA2	66.38	227	261
UniRef90_A0A0D6EGB1	69.76	227	234
UniRef90_UPI000520547C	63.32	227	258
UniRef90_A0A0D2NFY2	66.09	227	269
UniRef90_P93259	66.96	227	264
UniRef90_I3SCH2	65.22	227	260
UniRef90_A0A0D2G1P7	66.96	227	267
UniRef90_A0A0K0JZS7	73.37	227	331
UniRef90_A0A0K0JZS7	70.79	227	331
UniRef90_A0A075ATT1	67.54	227	249
UniRef90_Q5B134	66.06	227	266
UniRef90_A1CE65	65.16	227	273
UniRef90_A0A061E335	65.37	227	261
UniRef90_Q7XTE8	65.65	227	262
UniRef90_R0GI72	65.65	227	327
UniRef90_A0A0D6R790	64.78	227	246
UniRef90_M0TDJ5	65.50	227	271
UniRef90_UPI000498B7AB	65.77	227	255
UniRef90_A0A0A0LNU3	63.32	227	250
UniRef90_A0A0L0DB18	64.19	227	249
UniRef90_O42766	66.97	227	264
UniRef90_M5Y8N0	65.18	227	262
UniRef90_F2YZ44	65.65	227	264
UniRef90_P52908	66.67	227	259
UniRef90_W1NXG6	65.62	227	258
UniRef90_Q01526	65.65	227	261
UniRef90_A0A061DL80	64.63	227	339
UniRef90_I1NDI4	64.25	227	260
UniRef90_UPI0006449D69	65.62	227	245
UniRef90_S7PTZ3	94.34	227	344
UniRef90_G4T5J6	69.23	227	666
UniRef90_U5CWX5	64.73	227	257
UniRef90_M5WCG5	64.22	227	253
UniRef90_C1BT10	63.76	227	265
UniRef90_Q0U9C7	68.33	227	481
UniRef90_Q6EUP4	65.65	227	262
UniRef90_UPI00049767D4	62.72	227	254
UniRef90_A0A091E596	88.11	227	385
UniRef90_L5K139	88.55	227	350
UniRef90_P63101	99.56	227	245
UniRef90_P63104	100.00	227	245
UniRef90_P29361	99.12	227	245
UniRef90_UPI0006D8EC79	88.44	227	264
UniRef90_W5P303	88.55	227	282
UniRef90_I3IV16	88.11	227	244
UniRef90_UPI00062AC738	88.44	227	267
UniRef90_K1VRY4	67.54	227	689
UniRef90_F2DKP5	82.82	227	246
UniRef90_P31946	88.55	227	246
UniRef90_W3VLS4	67.98	227	428
UniRef90_R9TE02	85.02	227	247
UniRef90_B5DGB9	88.55	227	244
UniRef90_A0A081CE28	67.98	227	397
UniRef90_UPI0005F4B7A0	69.00	227	281
UniRef90_A0PJ13	82.82	227	246
UniRef90_W5L258	88.11	227	244
UniRef90_T1DP61	81.94	227	263
UniRef90_C9DTY3	81.06	227	250
UniRef90_Q20655	83.63	227	248
UniRef90_A0A090LLE0	79.74	227	245
UniRef90_Q803M8	85.02	227	245
UniRef90_W5MJR8	69.00	227	285
UniRef90_I3KL45	85.02	227	244
UniRef90_P29310	81.50	227	248
UniRef90_H0XX22	88.55	227	247
UniRef90_L8X4T0	66.67	227	615
UniRef90_UPI000265806F	79.30	227	245
UniRef90_Q9CQV8	88.11	227	246
UniRef90_Q7T356	87.22	227	242
UniRef90_Q91896	88.99	227	245
UniRef90_Q5XGC8	86.78	227	244
UniRef90_P29310-3	79.74	227	248
UniRef90_G4T5J6	67.54	227	666
UniRef90_A7TZ83	82.38	227	252
UniRef90_Q6UFZ8	86.78	227	244
UniRef90_P27348	81.06	227	245
UniRef90_W9RXJ7	65.22	227	739
UniRef90_W5KZZ3	82.67	227	244
UniRef90_A0A0G2DV38	76.52	227	673
UniRef90_G8XR26	68.56	227	273
UniRef90_Q0U9C7	66.96	227	481
UniRef90_A0A0G2AMF5	84.14	227	245
UniRef90_A0A093G7G3	88.44	227	227
UniRef90_I3JIH8	86.16	227	246
UniRef90_P62258	69.00	227	255
UniRef90_Q6P102	83.26	227	245
UniRef90_E9H8M4	69.43	227	259
UniRef90_E9DTS0	66.52	227	410
UniRef90_UPI0005774C18	85.71	227	250
UniRef90_A1YW93	64.91	227	261
UniRef90_W9S924	65.07	227	380
UniRef90_Q8BPH1	68.56	227	255
UniRef90_A0A023FVS6	68.12	227	256
UniRef90_A0A087YD39	67.10	227	326
UniRef90_A9SDA7	65.94	227	258
UniRef90_G3TSL2	87.22	227	243
UniRef90_W6ECJ1	81.06	227	250
UniRef90_UPI0006B3CA97	66.95	227	262
UniRef90_A0A087ZUP0	67.69	227	256
UniRef90_A0A093V7H3	68.28	227	362
UniRef90_UPI0006B0D699	69.00	227	262
UniRef90_A9S3W0	66.38	227	246
UniRef90_F2E4I1	65.35	227	258
UniRef90_A0A0C3Q6K8	68.86	227	258
UniRef90_M3XGU3	87.67	227	243
UniRef90_D8QV26	63.76	227	244
UniRef90_P92177	68.12	227	262
UniRef90_A4K525	79.74	227	248
UniRef90_W5MTV7	87.67	227	255
UniRef90_UPI000673DB6C	70.31	227	258
UniRef90_A0A0C3PT81	67.98	227	303
UniRef90_K7M7P8	65.22	227	338
UniRef90_S4RQ19	68.12	227	258
UniRef90_A0A044SRA0	68.12	227	300
UniRef90_N6U835	67.97	227	302
UniRef90_B5XDE4	82.82	227	250
UniRef90_A0A0F7RZ96	67.98	227	261
UniRef90_C4WUY2	69.43	227	257
UniRef90_P54632	66.67	227	252
UniRef90_T1KCZ0	74.49	227	261
UniRef90_F1BWX0	65.50	227	253
UniRef90_A0A0D7AND9	67.54	227	241
UniRef90_A0A0B2V712	76.55	227	259
UniRef90_H2ZVW0	87.56	227	244
UniRef90_Q4G2I8	67.98	227	254
UniRef90_D7TJL0	63.76	227	286
UniRef90_K5XXB8	67.98	227	256
UniRef90_F2UD03	75.77	227	242
UniRef90_S9XK91	72.51	227	763
UniRef90_K9H895	67.98	227	262
UniRef90_A0A0B7AD66	70.61	227	257
UniRef90_A0A0C4F0D9	65.94	227	265
UniRef90_A9TBY0	65.50	227	258
UniRef90_UPI00066194BD	80.18	227	254
UniRef90_P41932	80.89	227	248
UniRef90_V4TC24	65.80	227	398
UniRef90_A9NRV7	64.63	227	260
UniRef90_F4P7H4	66.67	227	258
UniRef90_V9L9Y8	67.54	227	255
UniRef90_A0A087XHB1	78.85	227	249
UniRef90_H9JUI8	67.24	227	262
UniRef90_A0A0H3VFW9	65.50	227	265
UniRef90_A0A0L9SY35	66.08	227	310
UniRef90_Q9M5W3	65.94	227	259
UniRef90_I3J728	80.09	227	247
UniRef90_W6MTD9	68.42	227	253
UniRef90_I4Y9U6	67.11	227	263
UniRef90_L8GRV5	67.98	227	259
UniRef90_M7CB04	57.66	227	343
UniRef90_R0GI72	65.65	227	327
UniRef90_I3JSW6	67.69	227	255
UniRef90_A0A068V5X8	63.32	227	273
UniRef90_E0VMP6	66.81	227	262
UniRef90_M0TU31	64.19	227	343
UniRef90_W6EA79	78.76	227	251
UniRef90_UPI0002658F42	68.56	227	260
UniRef90_A0A0B2VSN7	74.01	227	253
UniRef90_K5W735	67.98	227	255
UniRef90_F6H2P0	64.04	227	264
UniRef90_M5Y8N0	63.76	227	262
UniRef90_H9IZF9	63.82	227	313
UniRef90_A8Q6H6	67.11	227	273
UniRef90_F1A406	66.81	227	256
UniRef90_S4RMW1	80.18	227	246
UniRef90_L5KR87	74.90	227	1109
UniRef90_A0A0F7STT2	66.67	227	305
UniRef90_A9V681	77.97	227	243
UniRef90_A0A015LB91	67.54	227	262
UniRef90_H2MK95	78.85	227	249
UniRef90_A0A0L0DB18	64.19	227	249
UniRef90_R7UMQ5	65.79	227	257
UniRef90_F4QE54	65.35	227	372
UniRef90_A0A067FIS3	64.63	227	266
UniRef90_F7W1V5	65.92	227	317
UniRef90_UPI0006B3BD0A	81.70	227	247
UniRef90_I1JVB9	65.22	227	288
UniRef90_L1JNT0	65.79	227	254
UniRef90_M0S9C4	63.32	227	265
UniRef90_A0A0L0FVI8	67.69	227	252
UniRef90_UPI0006D73D9A	92.51	227	1977
UniRef90_A0A0H5BZD9	68.86	227	258
UniRef90_UPI00052E92A6	64.63	227	262
UniRef90_H2LBM3	83.93	227	250
UniRef90_UPI00057A131A	66.09	227	267
UniRef90_A0A073AQS6	68.47	227	238
UniRef90_A0A0M3HQ43	75.77	227	250
UniRef90_M7NRK3	67.11	227	268
UniRef90_UPI0004E56BBF	63.76	227	261
UniRef90_P52908	66.67	227	259
UniRef90_I1K9V7	65.22	227	279
UniRef90_UPI0001CB968A	80.17	227	251
UniRef90_F1L877	77.43	227	250
UniRef90_Q5BL40	77.53	227	246
UniRef90_UPI00051B1F15	64.63	227	261
UniRef90_W1NXG6	64.19	227	258
UniRef90_A0A084GAM7	66.52	227	270
UniRef90_E1ZIV3	66.67	227	258
UniRef90_Q2PBB6	67.41	227	260
UniRef90_K3VGU9	66.37	227	297
UniRef90_Q6IQT1	79.74	227	244
UniRef90_M0TY03	65.07	227	266
UniRef90_UPI0006449D69	64.47	227	245
UniRef90_G8ZX37	67.69	227	273
UniRef90_M5WUQ9	64.19	227	261
UniRef90_P34730	67.69	227	273
UniRef90_V4W919	64.63	227	258
UniRef90_A0A059BJZ3	63.32	227	253
UniRef90_I0YRY7	66.67	227	266
UniRef90_UPI00053C9411	63.32	227	257
UniRef90_UPI0004A5CFFA	65.94	227	261
UniRef90_A0A0A1SU20	65.47	227	355
UniRef90_A0A0B1P803	66.96	227	270
UniRef90_A0A0J9XS58	77.53	227	255
UniRef90_A0A060TCT0	70.18	227	266
UniRef90_A0A0J9XT41	76.21	227	255
UniRef90_Q96453	65.50	227	261
UniRef90_A3RG89	64.19	227	260
UniRef90_A0A016PFA8	64.63	227	273
UniRef90_UPI000579BBBE	65.07	227	261
UniRef90_Q9XEW5	63.76	227	260
UniRef90_C4JJE1	67.84	227	265
UniRef90_D8R448	64.78	227	251
UniRef90_A0A0G4LD01	66.82	227	456
UniRef90_J3NK07	66.52	227	268
UniRef90_A0A067JBE6	65.07	227	262
UniRef90_M0UB75	63.76	227	257
UniRef90_K1XEN3	67.84	227	263
UniRef90_A0A0F8CT40	66.96	227	268
UniRef90_F0XKK6	66.08	227	267
UniRef90_A9NKY2	65.22	227	262
UniRef90_A9NKD6	65.07	227	259
UniRef90_R9WBT1	70.31	227	261
UniRef90_H2TZG6	67.69	227	254
UniRef90_O49997	65.65	227	272
UniRef90_A0A0M8N406	67.40	227	264
UniRef90_M1XYC9	78.51	227	246
UniRef90_A0A0D2VIK6	73.13	227	240
UniRef90_A0A093ZU00	65.35	227	279
UniRef90_K1R5F2	66.38	227	256
UniRef90_A0A0D1XLB1	65.07	227	276
UniRef90_G1XR47	66.96	227	263
UniRef90_Q39558	64.94	227	275
UniRef90_A0A0H2RAQ4	67.54	227	255
UniRef90_P68252	75.76	227	247
UniRef90_H6BX69	68.28	227	266
UniRef90_A0A059C6K8	64.19	227	277
UniRef90_Q5B4M9	66.52	227	261
UniRef90_UPI00052EA33F	64.19	227	286
UniRef90_UPI00049889D6	63.76	227	288
UniRef90_G2RFG1	66.52	227	264
UniRef90_A0A090LN87	66.06	227	300
UniRef90_P29311	67.25	227	267
UniRef90_UPI0005812E0A	62.88	227	260
UniRef90_M1BI71	66.09	227	254
UniRef90_T1ELH2	65.65	227	259
UniRef90_P61981	76.19	227	247
UniRef90_A0A0G2CEL7	74.89	227	247
UniRef90_Q6EUP4	65.22	227	262
UniRef90_A0A0A0KU77	63.32	227	277
UniRef90_G2X2D0	66.52	227	273
UniRef90_S3CCM4	65.07	227	280
UniRef90_A6R4G9	67.40	227	268
UniRef90_Q6PC29	75.76	227	247
UniRef90_F2QU02	67.98	227	257
UniRef90_J3LE70	64.78	227	259
UniRef90_Q56D00	66.96	227	258
UniRef90_M5WGY1	64.19	227	261
UniRef90_B2W4A9	66.96	227	264
UniRef90_A0A0F8BQ51	66.82	227	274
UniRef90_W2RN72	67.84	227	269
UniRef90_I3SCH2	65.22	227	260
UniRef90_E4XUY2	75.22	227	245
UniRef90_UPI0004E5B03C	63.32	227	262
UniRef90_UPI000520547C	63.32	227	258
UniRef90_J7S8S7	66.81	227	265
UniRef90_U5CWX5	63.32	227	257
UniRef90_Q99002	65.64	227	262
UniRef90_T1FMJ7	76.65	227	246
UniRef90_P42644	66.52	227	255
UniRef90_A0A0D6R0M4	64.19	227	276
UniRef90_Q01525	65.65	227	259
UniRef90_A0A061E9R2	61.14	227	307
UniRef90_A0A099NRS2	67.98	227	253
UniRef90_A0A084QJL7	63.76	227	274
UniRef90_V4AJ46	65.94	227	259
UniRef90_V4LG09	63.91	227	272
UniRef90_A0A061GF05	64.19	227	258
UniRef90_A0A0A0KD78	64.63	227	264
UniRef90_B6H5Z8	63.76	227	279
UniRef90_P42643	64.78	227	267
UniRef90_P93259	66.96	227	264
UniRef90_G7LIR4	63.76	227	259
UniRef90_A9NU69	65.07	227	259
UniRef90_I4DSV6	64.35	227	260
UniRef90_A0A063BWL9	65.47	227	311
UniRef90_A7KK89	67.73	227	260
UniRef90_A0A067K8G8	65.07	227	260
UniRef90_V5FWE6	65.07	227	275
UniRef90_D7KZI3	64.78	227	265
UniRef90_Q7XTE8	65.22	227	262
UniRef90_A9PCE5	62.88	227	261
UniRef90_T1EG24	76.75	227	245
UniRef90_D4AVU2	66.96	227	267
UniRef90_F0XH66	66.37	227	309
UniRef90_M7XKL5	67.54	227	266
UniRef90_A0A0D2N2P4	65.80	227	257
UniRef90_C5FSG3	66.52	227	267
UniRef90_P46266	64.78	227	260
UniRef90_A0A0L8G0I6	77.43	227	252
UniRef90_L8G2P2	65.07	227	276
UniRef90_A0A0D2USS1	64.78	227	268
UniRef90_M2QXK7	67.40	227	264
UniRef90_H0VIX2	77.09	227	236
UniRef90_F9XFC7	63.76	227	273
UniRef90_Q6ZKC0	64.78	227	256
UniRef90_D8QPI4	65.22	227	253
UniRef90_A3RG88	63.64	227	263
UniRef90_M2LWF9	68.72	227	269
UniRef90_M0THC8	63.76	227	263
UniRef90_J3PKM9	65.07	227	278
UniRef90_A0A061HNH5	66.96	227	268
UniRef90_A0A087XJH3	77.97	227	250
UniRef90_Q0CTT4	63.32	227	271
UniRef90_A0A0J8BL91	62.88	227	260
UniRef90_B9GUW7	62.45	227	253
UniRef90_P93212	63.32	227	252
UniRef90_T1ELD1	64.91	227	257
UniRef90_E3KIH1	66.23	227	264
UniRef90_Q9C5W6	62.45	227	268
UniRef90_A0A022QQT4	62.45	227	257
UniRef90_A0A0B2WKZ1	65.92	227	323
UniRef90_Q41418	66.09	227	259
UniRef90_U1GD90	66.96	227	265
UniRef90_D3AVX5	65.50	227	253
UniRef90_Q06967	63.91	227	260
UniRef90_E4Y1Z7	77.88	227	247
UniRef90_F2YZ44	65.65	227	264
UniRef90_M7B6A7	73.45	227	876
UniRef90_A0A0D2G1P7	66.67	227	267
UniRef90_O42766	65.35	227	264
UniRef90_T1FXW3	67.69	227	247
UniRef90_P42656	68.86	227	270
UniRef90_P93211	64.50	227	258
UniRef90_A0A068RYV1	65.50	227	255
UniRef90_W6EKY2	77.88	227	248
UniRef90_K0KQG6	67.11	227	262
UniRef90_A0A0A0LNU3	63.32	227	250
UniRef90_Q9SP07	63.48	227	259
UniRef90_G2Q2Q4	67.26	227	266
UniRef90_Q9FXL1	66.67	227	257
UniRef90_Q9M5K7	65.07	227	263
UniRef90_M5W4R9	62.77	227	262
UniRef90_F6WL19	66.23	227	255
UniRef90_U4L7U9	64.19	227	263
UniRef90_UPI00057A149E	64.63	227	260
UniRef90_UPI00054C031F	78.85	227	250
UniRef90_A0A084GBB7	64.19	227	275
UniRef90_P68510	74.89	227	246
UniRef90_A0A0G4E6L1	76.65	227	236
UniRef90_H6BMR8	65.50	227	276
UniRef90_Q04917	75.32	227	246
UniRef90_O65352	64.94	227	259
UniRef90_A0A0C2D3L8	70.85	227	269
UniRef90_B6K202	67.54	227	277
UniRef90_C1GQH8	63.76	227	292
UniRef90_A0A0C2ITZ9	66.82	227	306
UniRef90_A0A022R2Y7	64.78	227	255
UniRef90_A9PBC6	62.88	227	253
UniRef90_I1CHI5	65.07	227	255
UniRef90_C1BT10	63.76	227	265
UniRef90_M5XBR4	64.19	227	283
UniRef90_O49998	64.50	227	258
UniRef90_G7IH96	64.47	227	263
UniRef90_UPI0001CB95D2	64.19	227	260
UniRef90_UPI00052240B6	68.57	227	260
UniRef90_Q5ZKJ2	75.32	227	247
UniRef90_I2H6C0	67.69	227	268
UniRef90_Q01526	65.22	227	261
UniRef90_K4BPR4	64.78	227	255
UniRef90_H3D9W4	65.07	227	254
UniRef90_I2H530	66.81	227	276
UniRef90_A0A061E335	65.37	227	261
UniRef90_K4ATN1	62.01	227	274
UniRef90_A9SYH4	64.78	227	257
UniRef90_V4SJ14	64.50	227	261
UniRef90_A0A0D2NFY2	66.09	227	269
UniRef90_UPI00053C5ADF	63.91	227	263
UniRef90_P46077	63.91	227	267
UniRef90_S8BYG4	64.35	227	250
UniRef90_UPI00069897AB	75.11	227	252
UniRef90_W2RSG2	65.02	227	328
UniRef90_M0TDJ5	64.38	227	271
UniRef90_J9QDZ5	64.78	227	256
UniRef90_G3P2E1	76.65	227	255
UniRef90_A0A0H1B9U0	63.32	227	292
UniRef90_UPI00053C1B5D	62.01	227	266
UniRef90_A0A0J8BBQ5	64.78	227	262
UniRef90_Q96299	62.01	227	263
UniRef90_W6EKZ3	75.33	227	248
UniRef90_Q9HEM9	64.19	227	272
UniRef90_I1C141	65.07	227	254
UniRef90_H2LCQ3	75.77	227	248
UniRef90_Q6FL46	67.25	227	249
UniRef90_UPI0006B31A1B	77.09	227	247
UniRef90_Q96452	63.76	227	258
UniRef90_E9KNA7	61.14	227	259
UniRef90_F9F239	60.98	227	287
UniRef90_J7S923	64.71	227	265
UniRef90_B6K0L9	65.79	227	259
UniRef90_A1CE65	62.88	227	273
UniRef90_J5K8Q8	60.98	227	283
UniRef90_A0A0L0NM83	60.73	227	292
UniRef90_A3LXG8	65.79	227	260
UniRef90_P42652	65.65	227	260
UniRef90_M1CR90	62.45	227	285
UniRef90_I1KMD3	62.01	227	259
UniRef90_T1G259	76.65	227	251
UniRef90_A0A0E3JX27	77.53	227	246
UniRef90_M7XDN2	70.31	227	263
UniRef90_G3JLG4	64.89	227	304
UniRef90_A0A0D3FN47	62.82	227	264
UniRef90_A0A0J8C465	65.80	227	259
UniRef90_U1GIN5	63.76	227	280
UniRef90_N1JCK0	64.63	227	269
UniRef90_A0A086T8T0	65.47	227	271
UniRef90_A9SZ45	63.91	227	259
UniRef90_A0A0K9PAA1	64.78	227	261
UniRef90_I1NDI4	62.45	227	260
UniRef90_T5A7R5	65.92	227	279
UniRef90_M3ZK30	83.04	227	247
UniRef90_UPI0004448FD9	74.46	227	246
UniRef90_A0A0L9T0P4	63.76	227	271
UniRef90_K3WF01	66.23	227	249
UniRef90_UPI0004E53F63	64.94	227	264
UniRef90_A0A059BK22	64.38	227	332
UniRef90_A0A061GDN6	56.54	227	276
UniRef90_W9RKB8	65.50	227	644
UniRef90_S2JT16	66.67	227	244
UniRef90_P93213	61.57	227	261
UniRef90_B7G5Y2	65.64	227	241
UniRef90_I3T9Z6	60.70	227	259
UniRef90_Q1W2K1	63.48	227	260
UniRef90_A0A0D6EIA2	65.94	227	261
UniRef90_I1BPN7	68.02	227	244
UniRef90_C3YD30	65.94	227	265
UniRef90_UPI00053C118D	62.01	227	266
UniRef90_A9SZ47	63.91	227	257
UniRef90_E0VY00	78.07	227	248
UniRef90_A0A0M9VVN8	64.19	227	271
UniRef90_S4RL04	74.89	227	248
UniRef90_G1X9B4	63.76	227	270
UniRef90_A0A022R810	62.01	227	252
UniRef90_M2WY87	63.79	227	262
UniRef90_R4XJI5	62.61	227	256
UniRef90_UPI0006AB5326	65.09	227	266
UniRef90_A0A0E9NQV9	62.07	227	347
UniRef90_A0A068RI63	64.63	227	253
UniRef90_UPI00062AA0A5	72.81	227	341
UniRef90_UPI000440A587	78.60	227	246
UniRef90_A0A0D2TWF9	67.39	227	266
UniRef90_S9W2P3	66.23	227	269
UniRef90_H2ZQW6	67.70	227	251
UniRef90_J3KA35	63.76	227	279
UniRef90_K7EWQ2	73.01	227	250
UniRef90_L8H373	67.74	227	319
UniRef90_L8H373	56.32	227	319
UniRef90_S8BBA7	65.02	227	274
UniRef90_A0A061DL80	64.63	227	339
UniRef90_E4UWA1	64.19	227	289
UniRef90_UPI00038BD826	72.49	227	324
UniRef90_H2AQB0	67.24	227	260
UniRef90_U5HAJ9	64.91	227	265
UniRef90_A0A0L8FRZ6	68.12	227	261
UniRef90_A0A0A0LGU9	62.01	227	422
UniRef90_G3NHI0	79.46	227	248
UniRef90_A0A0G2K2B8	66.80	227	274
UniRef90_W9RQ92	61.90	227	427
UniRef90_G0SBN0	65.94	227	269
UniRef90_A0A059DHC6	63.16	227	264
UniRef90_B4FRG1	63.25	227	266
UniRef90_UPI00049767D4	62.72	227	254
UniRef90_Q9S9Z8	62.45	227	252
UniRef90_A0A061SHM5	64.07	227	256
UniRef90_Q2R2W2	63.25	227	265
UniRef90_A0A022Q774	61.57	227	263
UniRef90_P93214	64.19	227	261
UniRef90_A0A0D3HMW4	63.25	227	295
UniRef90_A0A096RQE2	60.00	227	342
UniRef90_UPI0007043286	88.65	227	314
UniRef90_A0A0K9Q0U4	63.48	227	262
UniRef90_Q8WRV0	76.11	227	261
UniRef90_A0A067FAX6	61.47	227	262
UniRef90_A0A074WYB7	65.47	227	260
UniRef90_G3BDB1	63.60	227	254
UniRef90_A0A0A7HBC3	65.50	227	244
UniRef90_A0A0D3CGF5	63.91	227	265
UniRef90_A0A068RVR2	65.22	227	260
UniRef90_UPI0002657650	74.56	227	242
UniRef90_UPI000511ECBA	65.95	227	258
UniRef90_A0A068SBC6	66.23	227	256
UniRef90_A0A0L0RW20	65.94	227	254
UniRef90_B0X1P5	67.62	227	243
UniRef90_B8BX06	66.52	227	247
UniRef90_M2XYX5	66.81	227	264
UniRef90_H2MIY1	63.68	227	260
UniRef90_W5UCT5	78.07	227	243
UniRef90_A0A026WNY3	69.86	227	234
UniRef90_J9P2E1	88.99	227	245
UniRef90_UPI00042BD2BD	73.36	227	324
UniRef90_P93210	63.04	227	255
UniRef90_A0A0B8RYT8	76.11	227	246
UniRef90_Q5B134	63.76	227	266
UniRef90_I3J3G0	74.14	227	257
UniRef90_W9S4N6	61.90	227	335
UniRef90_F4KGV5	60.17	227	258
UniRef90_A0A0J9XA62	61.14	227	265
UniRef90_UPI00054BEA7D	77.43	227	270
UniRef90_M2SHV8	65.47	227	278
UniRef90_P62258-2	68.90	227	233
UniRef90_S8EK09	63.64	227	255
UniRef90_M5WCG5	64.22	227	253
UniRef90_D2VIW7	62.28	227	255
UniRef90_A0A059LNS1	64.07	227	259
UniRef90_A0A0J8BWS2	62.88	227	262
UniRef90_P93209	63.48	227	260
UniRef90_UPI000643443B	72.49	227	326
UniRef90_A0A060WZS1	68.42	227	261
UniRef90_Q7T3G2	70.13	227	246
UniRef90_R1EP10	60.00	227	303
UniRef90_G7DZV7	63.48	227	1122
UniRef90_G3NHX0	76.65	227	260
UniRef90_A0A022RQC0	63.32	227	260
UniRef90_P42657	66.23	227	270
UniRef90_A0A075ATT1	67.54	227	249
UniRef90_UPI000556C114	76.65	227	249
UniRef90_D2H8D1	67.62	227	223
UniRef90_UPI0006985CA7	73.80	227	251
UniRef90_F1LF96	75.34	227	209
