UniRef90_P02774	95.84	438	474
UniRef90_A0A0D9QXR9	89.93	438	474
UniRef90_F7IGI3	85.12	438	475
UniRef90_UPI00046B4AB1	85.53	438	474
UniRef90_UPI0004D04C6C	83.37	438	474
UniRef90_L9L5X5	83.59	438	471
UniRef90_UPI00064286F7	80.96	438	476
UniRef90_M3YD76	80.09	438	474
UniRef90_U6DFZ5	80.09	438	493
UniRef90_F6T0P6	81.58	438	474
UniRef90_L5K8K2	81.42	438	482
UniRef90_UPI0002BCD642	80.09	438	475
UniRef90_G3TGR9	81.29	438	476
UniRef90_UPI00063C63F1	80.48	438	474
UniRef90_UPI00045D65B6	81.51	438	473
UniRef90_I3LN42	79.65	438	476
UniRef90_UPI0003C88927	79.12	438	480
UniRef90_H0WG44	80.04	438	459
UniRef90_I3MD87	77.68	438	476
UniRef90_UPI00064BB832	78.77	438	475
UniRef90_F1P841	79.15	438	487
UniRef90_UPI0003314E22	76.75	438	459
UniRef90_UPI0004ED52B0	76.75	438	476
UniRef90_UPI000643D50D	79.07	438	649
UniRef90_G1P5R5	79.19	438	471
UniRef90_P53789	78.34	438	476
UniRef90_UPI0003F1552D	79.46	438	486
UniRef90_Q3MHN5	76.81	438	474
UniRef90_UPI0004543042	75.38	438	474
UniRef90_L8IG17	76.67	438	475
UniRef90_G3IHJ6	75.67	438	492
UniRef90_UPI000333A06E	75.05	438	481
UniRef90_UPI00038C0474	73.74	438	476
UniRef90_P04276	72.65	438	476
UniRef90_UPI00038EC3B0	74.12	438	476
UniRef90_UPI0004442097	73.83	438	653
UniRef90_G5BE53	73.50	438	499
UniRef90_UPI0003331D59	72.97	438	476
UniRef90_UPI0006522C88	71.12	438	476
UniRef90_H0VTA4	72.26	438	476
UniRef90_UPI000333814C	71.21	438	499
UniRef90_A0A091CX47	72.16	438	475
UniRef90_S9XSQ6	71.99	438	445
UniRef90_UPI0003F08EE3	77.28	438	440
UniRef90_D6RBJ7	93.37	438	348
UniRef90_UPI000328A7E1	66.38	438	462
UniRef90_G3W8R0	58.33	438	494
UniRef90_UPI00062B92D8	58.24	438	620
UniRef90_F7G172	55.11	438	456
UniRef90_F7F9M8	52.91	438	466
UniRef90_UPI0003C2B072	50.66	438	483
UniRef90_UPI000388C6FA	49.89	438	566
UniRef90_UPI00053CD665	48.12	438	483
UniRef90_F1NVF3	47.80	438	484
UniRef90_U3IUC3	46.49	438	476
UniRef90_A0A091UY06	48.00	438	467
UniRef90_A0A091JW70	46.89	438	468
UniRef90_A0A093BFY1	45.51	438	482
UniRef90_UPI000392EC5D	45.51	438	488
UniRef90_UPI00042BBB55	51.11	438	451
UniRef90_UPI000521209D	46.84	438	479
UniRef90_UPI000528B321	46.78	438	462
UniRef90_A0A087QKD4	47.33	438	467
UniRef90_A0A091QSZ2	47.94	438	453
UniRef90_UPI00051B8528	44.86	438	471
UniRef90_UPI00063F0903	62.74	438	422
UniRef90_UPI00063F0903	41.03	438	422
UniRef90_F6VJ37	51.24	438	417
UniRef90_A0A091W8Q2	44.57	438	459
UniRef90_U3JDX2	43.76	438	508
UniRef90_UPI0006BA5220	43.78	438	479
UniRef90_R7VX76	46.44	438	453
UniRef90_A0A091EZG8	45.11	438	467
UniRef90_A0A093EPG5	47.49	438	436
UniRef90_A0A093GD63	45.63	438	483
UniRef90_A0A091IVL9	44.22	438	449
UniRef90_UPI0006B806ED	44.27	438	503
UniRef90_A0A094MYD7	46.17	438	417
UniRef90_G1KNL0	43.68	438	485
UniRef90_A0A091RC06	43.63	438	440
UniRef90_UPI0004F12E80	42.14	438	482
UniRef90_A0A091SH20	45.32	438	423
UniRef90_Q5XGP6	39.61	438	482
UniRef90_S7Q8P4	79.65	438	483
UniRef90_S7Q8P4	62.25	438	483
UniRef90_F6SKH8	39.87	438	481
UniRef90_L5LGU8	77.92	438	397
UniRef90_L5LGU8	63.48	438	397
UniRef90_Q66RQ0	80.28	438	218
UniRef90_A0A0A0AKU1	45.70	438	385
UniRef90_A0A093DZG0	48.74	438	365
UniRef90_UPI000442282A	39.24	438	449
UniRef90_UPI000514FC63	45.76	438	353
UniRef90_UPI0004EFDA89	39.06	438	470
UniRef90_UPI0005D094D9	40.73	438	406
UniRef90_K7FXK5	58.62	438	382
UniRef90_A0A093R7V4	46.15	438	380
UniRef90_G5E2F3	36.19	438	376
UniRef90_UPI00067FBAB9	52.09	438	313
UniRef90_A0A091RDY8	51.74	438	259
UniRef90_H2ZZM2	39.69	438	392
UniRef90_H2ZZM2	25.20	438	392
UniRef90_UPI00052ED468	37.15	438	420
UniRef90_UPI0006B0E2F3	50.96	438	282
UniRef90_UPI000529C415	43.98	438	266
UniRef90_UPI0004F0DBA8	51.66	438	211
UniRef90_A0A091U0G7	43.98	438	264
UniRef90_UPI000644448E	29.07	438	470
UniRef90_W5KYJ2	27.07	438	472
UniRef90_A0A0G2JGM6	72.03	438	125
UniRef90_Q6DGV8	27.77	438	464
UniRef90_UPI00051EEF03	37.35	438	235
UniRef90_F1QM90	29.70	438	347
UniRef90_P49065	24.00	438	608
UniRef90_P49065	22.16	438	608
UniRef90_UPI000331705E	24.83	438	608
UniRef90_UPI000331705E	21.64	438	608
UniRef90_UPI0003346446	23.21	438	608
UniRef90_UPI0003346446	22.49	438	608
UniRef90_H9GH08	24.78	438	612
UniRef90_T1W3M3	77.14	438	72
UniRef90_K7GC19	46.83	438	137
UniRef90_UPI00062A930D	24.55	438	609
UniRef90_UPI000443926B	23.11	438	608
UniRef90_UPI000332FFF0	24.78	438	608
UniRef90_UPI000332FFF0	23.36	438	608
UniRef90_K7FTS3	24.72	438	616
UniRef90_K7FTS3	21.01	438	616
UniRef90_A0A093TAA7	22.79	438	614
UniRef90_A0A093TAA7	21.88	438	614
UniRef90_UPI0006EB0773	22.94	438	614
UniRef90_UPI0006EB0773	21.35	438	614
UniRef90_L5K939	22.74	438	597
UniRef90_UPI0003C8EDCB	23.16	438	608
UniRef90_UPI0003C8EDCB	21.00	438	608
UniRef90_K7FQM8	23.03	438	612
UniRef90_K7FQM8	23.44	438	612
UniRef90_UPI0002C477B8	24.01	438	609
UniRef90_UPI0004D05678	22.44	438	608
UniRef90_UPI0004D05678	23.04	438	608
UniRef90_F7BJP5	23.11	438	608
UniRef90_UPI0003C873D5	23.33	438	607
UniRef90_UPI0003C873D5	20.84	438	607
UniRef90_UPI0003F15DB7	22.17	438	608
UniRef90_P49822	22.27	438	608
UniRef90_UPI0002C64733	22.32	438	607
UniRef90_UPI0002C64733	21.90	438	607
UniRef90_I6S2X7	24.83	438	606
UniRef90_I6S2X7	23.94	438	606
UniRef90_G3WQH5	23.61	438	608
UniRef90_P02769	22.67	438	607
UniRef90_P02769	22.75	438	607
UniRef90_U3K0R0	22.20	438	615
UniRef90_U3K0R0	21.65	438	615
UniRef90_H0X1I5	22.94	438	608
UniRef90_H0X1I5	22.22	438	608
UniRef90_W5MZW6	20.40	438	613
UniRef90_W5MZW6	20.71	438	613
UniRef90_W5MZW6	27.02	438	613
UniRef90_H0V003	22.84	438	614
UniRef90_H0V003	23.14	438	614
UniRef90_Q5EG49	22.57	438	608
UniRef90_Q5EG49	21.52	438	608
UniRef90_UPI00042ADE39	22.17	438	608
UniRef90_UPI00042ADE39	23.10	438	608
UniRef90_UPI00042AD78D	22.96	438	607
UniRef90_F7CSG0	24.17	438	608
UniRef90_F7CSG0	22.40	438	608
UniRef90_P02768	24.11	438	609
UniRef90_UPI00046B14C5	22.72	438	608
UniRef90_UPI00042BD946	22.44	438	618
UniRef90_UPI00042BD946	24.15	438	618
UniRef90_UPI0006435216	23.06	438	608
UniRef90_UPI00032AF167	22.39	438	608
UniRef90_A0A091RWK1	22.12	438	620
UniRef90_G5B5P2	22.67	438	595
UniRef90_P49064	23.11	438	608
UniRef90_P49064	22.90	438	608
UniRef90_H3A4E6	21.83	438	612
UniRef90_A0A094L9Z6	21.70	438	596
UniRef90_A0A094L9Z6	23.06	438	596
UniRef90_L9L5M3	22.09	438	1505
UniRef90_UPI000695C5DF	22.59	438	552
UniRef90_UPI0006EB0191	21.32	438	628
UniRef90_UPI0004ED25A8	22.62	438	609
UniRef90_A0A093QN86	21.02	438	615
UniRef90_A0A093QN86	21.17	438	615
UniRef90_I6S2V9	23.52	438	606
UniRef90_G1P2E8	23.11	438	608
UniRef90_A0A091MES0	23.71	438	608
UniRef90_UPI00033391B3	22.84	438	608
UniRef90_UPI00033391B3	24.09	438	608
UniRef90_A6YF56	21.73	438	608
UniRef90_A6YF56	22.83	438	608
UniRef90_P02770	21.51	438	608
UniRef90_P02770	22.05	438	608
UniRef90_UPI0002BCF480	21.70	438	607
UniRef90_UPI0002BCF480	22.11	438	607
UniRef90_A0A091WBF7	23.18	438	615
UniRef90_A0A091WBF7	21.56	438	615
UniRef90_G3SMX8	23.03	438	609
UniRef90_A0A093FHI9	23.09	438	615
UniRef90_A0A093FHI9	21.09	438	615
UniRef90_UPI000522ADC1	23.35	438	629
UniRef90_UPI000522ADC1	22.14	438	629
UniRef90_UPI0003F05D7C	22.12	438	608
UniRef90_UPI0003F05D7C	22.19	438	608
UniRef90_UPI00042BF36E	23.70	438	616
UniRef90_UPI00042BF36E	23.39	438	616
UniRef90_P08835	22.67	438	607
UniRef90_P08835	21.50	438	607
UniRef90_A0A091E9E7	24.24	438	599
UniRef90_UPI0005298327	21.98	438	615
UniRef90_UPI0005298327	22.28	438	615
UniRef90_G1NCR2	21.96	438	613
UniRef90_G1NCR2	23.61	438	613
UniRef90_P35747	22.94	438	607
UniRef90_P35747	22.16	438	607
UniRef90_M7B4N9	23.68	438	1123
UniRef90_M7B4N9	22.68	438	1123
UniRef90_M7B4N9	21.75	438	1123
UniRef90_M7B4N9	25.58	438	1123
UniRef90_UPI000651A8F3	22.62	438	608
UniRef90_UPI000651A8F3	23.24	438	608
UniRef90_P21848	20.41	438	608
UniRef90_A0A091CQY6	23.24	438	571
UniRef90_A0A091MHG6	21.26	438	615
UniRef90_A0A091MHG6	21.88	438	615
UniRef90_H0YTL4	21.73	438	599
UniRef90_UPI00065210CF	21.33	438	608
UniRef90_UPI00065210CF	23.54	438	608
UniRef90_A0A091GNH5	20.99	438	613
UniRef90_A0A091GNH5	22.22	438	613
UniRef90_P19121	22.66	438	615
UniRef90_P19121	21.68	438	615
UniRef90_A0A093G6G6	22.74	438	588
UniRef90_P07724	20.84	438	608
UniRef90_Q3T478	21.58	438	607
UniRef90_I6RYD2	23.04	438	606
UniRef90_S7PWY9	23.30	438	1114
UniRef90_S7PWY9	20.98	438	1114
UniRef90_A0A091KH67	21.85	438	613
UniRef90_A0A091KH67	20.89	438	613
UniRef90_A0A091MMC9	21.40	438	612
UniRef90_A0A091MMC9	21.26	438	612
UniRef90_UPI00051BDACE	21.44	438	609
UniRef90_UPI00051BDACE	20.21	438	609
UniRef90_UPI0005282263	23.26	438	612
UniRef90_UPI0005282263	23.16	438	612
UniRef90_UPI0003EA9ED6	36.36	438	345
UniRef90_A0A094L652	21.38	438	599
UniRef90_A0A094L652	21.64	438	599
UniRef90_UPI00042ADBCD	23.87	438	396
UniRef90_UPI000394519F	21.32	438	615
UniRef90_UPI000394519F	21.22	438	615
UniRef90_UPI00045D5CBC	23.53	438	581
UniRef90_UPI0003891044	22.86	438	616
UniRef90_UPI0003891044	21.99	438	616
UniRef90_A0A091T3Y1	23.61	438	615
UniRef90_UPI000523777B	23.61	438	570
UniRef90_A0A093GD58	23.11	438	614
UniRef90_A0A093GD58	22.80	438	614
UniRef90_UPI00046C24BD	21.12	438	587
UniRef90_UPI00046C24BD	23.71	438	587
UniRef90_UPI000523CF51	23.21	438	619
UniRef90_UPI000523CF51	20.60	438	619
UniRef90_UPI000528D463	22.98	438	615
UniRef90_UPI000528D463	20.57	438	615
UniRef90_UPI00053FE976	21.78	438	622
UniRef90_F7B1W2	21.90	438	605
UniRef90_UPI00046BB86A	24.40	438	606
UniRef90_A0A099ZM43	22.00	438	614
UniRef90_A0A099ZM43	20.90	438	614
UniRef90_I6RPD6	22.48	438	605
UniRef90_I6RPD6	22.16	438	605
UniRef90_UPI0005237113	21.98	438	480
UniRef90_UPI0005237113	24.60	438	480
UniRef90_A0A091R9A9	22.05	438	616
UniRef90_A0A091R9A9	20.96	438	616
UniRef90_A0A093QYH5	23.61	438	590
UniRef90_P14872	21.92	438	607
UniRef90_Q5NTZ2	21.92	438	614
UniRef90_UPI00046B8DEE	23.66	438	608
UniRef90_UPI0006B0D077	22.32	438	615
UniRef90_UPI0006B0D077	21.41	438	615
UniRef90_UPI00051E627C	24.18	438	534
UniRef90_A0A0A0AN62	21.60	438	615
UniRef90_A0A0A0AN62	21.96	438	615
UniRef90_A0A091IVM3	24.38	438	595
UniRef90_A0A099ZRF9	22.77	438	592
UniRef90_U3IU92	22.08	438	604
UniRef90_U3IU92	22.31	438	604
UniRef90_UPI00038336C2	22.15	438	615
UniRef90_UPI00038336C2	21.09	438	615
UniRef90_A0A091I8G9	21.06	438	615
UniRef90_A0A091G8Y4	23.32	438	614
UniRef90_A0A091G8Y4	19.41	438	614
UniRef90_UPI0006B82359	21.33	438	608
UniRef90_UPI00051EF3FE	20.14	438	614
UniRef90_UPI00051EF3FE	21.61	438	614
UniRef90_G3IAL6	21.96	438	430
UniRef90_UPI000454592E	20.58	438	606
UniRef90_A0A093F817	20.77	438	615
UniRef90_A0A093F817	21.96	438	615
UniRef90_A0A091WH83	22.20	438	615
UniRef90_A0A091WH83	22.40	438	615
UniRef90_UPI00065DE39A	24.12	438	575
UniRef90_E1BV96	22.86	438	615
UniRef90_E1BV96	21.50	438	615
UniRef90_L5LFJ8	22.66	438	1500
UniRef90_P08759	22.25	438	606
UniRef90_A0A091NPM5	19.32	438	599
UniRef90_O35090	20.81	438	609
UniRef90_O35090	21.88	438	609
UniRef90_UPI0003C26E2C	20.22	438	614
UniRef90_A0A087VRD9	20.99	438	614
UniRef90_A0A087VRD9	21.96	438	614
UniRef90_UPI0003992BD0	20.04	438	609
UniRef90_UPI0003992BD0	21.84	438	609
UniRef90_UPI00063F117E	20.70	438	608
UniRef90_UPI00063F117E	21.78	438	608
UniRef90_A0A091PLW7	21.25	438	615
UniRef90_A0A091PLW7	20.83	438	615
UniRef90_A0A094MZU6	24.78	438	568
UniRef90_A0A091QZZ9	22.60	438	595
UniRef90_UPI000576BEAA	22.03	438	608
UniRef90_UPI000576BEAA	21.64	438	608
UniRef90_A0A0A0AM51	23.13	438	615
UniRef90_A0A091L074	23.31	438	599
UniRef90_Q5CZZ1	21.59	438	609
UniRef90_Q3SZ57	20.59	438	610
UniRef90_UPI00063F57EB	20.68	438	621
UniRef90_UPI00063F57EB	21.62	438	621
UniRef90_UPI000576F139	20.71	438	610
UniRef90_F7AEI4	21.02	438	602
UniRef90_UPI0006D70BFC	23.18	438	583
UniRef90_W5N0L1	49.25	438	78
UniRef90_A2V8B9	20.58	438	1401
UniRef90_UPI0003C8F91B	20.36	438	599
UniRef90_UPI00038BF043	21.53	438	609
UniRef90_A0A093Q8Z6	23.04	438	595
UniRef90_P02772	24.14	438	605
UniRef90_Q91134	21.25	438	614
UniRef90_UPI00049000F9	18.88	438	599
UniRef90_UPI00049000F9	22.83	438	599
UniRef90_A0A091K0S6	23.18	438	615
UniRef90_A0A091PK19	22.86	438	613
UniRef90_A0A093CXV4	23.23	438	595
UniRef90_A0A087VRD8	24.30	438	617
UniRef90_UPI0004DDFB2D	24.11	438	753
UniRef90_UPI000194C411	21.73	438	450
UniRef90_Q8JIA9	22.78	438	527
UniRef90_Q8JIA9	22.65	438	527
UniRef90_G1P5R0	22.56	438	609
UniRef90_D0VDW3	82.93	438	42
UniRef90_UPI000510FEB9	21.26	438	434
UniRef90_UPI000510FEB9	24.49	438	434
UniRef90_Q3I349	22.59	438	476
UniRef90_Q3I349	22.75	438	476
UniRef90_P43652	20.37	438	599
UniRef90_A0A061INL0	21.76	438	630
UniRef90_Q8MJ76	20.09	438	610
UniRef90_UPI00046B8D40	22.03	438	608
UniRef90_UPI00045D8753	19.72	438	507
UniRef90_UPI0004ED6802	20.58	438	602
UniRef90_UPI0003F0D80A	21.88	438	607
UniRef90_UPI0003F0D80A	22.14	438	607
UniRef90_O89020	19.81	438	608
UniRef90_O89020	21.30	438	608
UniRef90_A0A093I422	21.83	438	601
UniRef90_A0A093I422	21.32	438	601
UniRef90_UPI00045D688C	20.17	438	608
UniRef90_UPI0005112C7B	25.06	438	615
UniRef90_UPI00046B2D43	19.51	438	599
UniRef90_UPI0003334AB5	22.12	438	609
UniRef90_F7B3I5	22.10	438	593
UniRef90_UPI0004F46483	24.74	438	676
UniRef90_UPI00062A9B51	21.30	438	589
UniRef90_F7AX94	22.88	438	614
UniRef90_F7AX94	21.30	438	614
UniRef90_Q91274	21.91	438	1423
UniRef90_Q91274	20.44	438	1423
UniRef90_UPI00042A9C0E	20.63	438	609
UniRef90_UPI00038BBC4E	20.49	438	598
UniRef90_UPI00038BBC4E	20.58	438	598
UniRef90_A0A061IMI2	24.14	438	690
UniRef90_UPI00064C021D	18.96	438	600
UniRef90_P02768-2	24.24	438	417
UniRef90_S7PQC2	23.94	438	607
UniRef90_Q8JIA7	21.86	438	400
UniRef90_Q8JIA7	25.90	438	400
UniRef90_P49066	20.47	438	609
UniRef90_Q8UW05	19.07	438	626
UniRef90_O89020-2	21.23	438	430
UniRef90_F8VQ07	21.61	438	620
UniRef90_UPI0003C80693	20.09	438	604
UniRef90_UPI0003C80693	22.66	438	604
UniRef90_UPI00032AF587	21.33	438	609
UniRef90_UPI00045DE9F3	20.93	438	646
UniRef90_R0LKV0	23.62	438	560
UniRef90_UPI0003C2B46B	20.40	438	615
UniRef90_UPI0005152BAF	23.79	438	801
UniRef90_P36953	19.10	438	608
UniRef90_UPI0002C652FD	20.00	438	615
UniRef90_H0VRQ1	23.18	438	612
UniRef90_H0VRQ1	18.71	438	612
UniRef90_UPI0003345201	20.63	438	609
UniRef90_UPI000443D134	20.89	438	609
UniRef90_Q8MJU5	20.32	438	609
UniRef90_A0A091FM24	20.94	438	615
UniRef90_A0A091LAX4	24.08	438	550
UniRef90_UPI0003C86CBD	20.19	438	613
UniRef90_UPI0006B1FA03	22.03	438	433
UniRef90_H0VLI4	20.87	438	616
UniRef90_G1LE42	19.91	438	599
UniRef90_G1LE42	22.56	438	599
UniRef90_UPI0004DFED8E	20.95	438	1002
UniRef90_UPI0004DFED8E	19.91	438	1002
UniRef90_M3YCY0	21.65	438	604
UniRef90_M3YCY0	19.87	438	604
UniRef90_UPI0002C64266	22.86	438	582
UniRef90_G5B5P1	21.22	438	595
UniRef90_F6WBF9	24.47	438	324
UniRef90_UPI00029D8514	20.88	438	613
UniRef90_A0A061IK08	23.31	438	712
UniRef90_A0A096MVE5	22.69	438	432
UniRef90_UPI0004ED650C	21.72	438	608
UniRef90_UPI00046B5A07	21.67	438	605
UniRef90_E2R4E7	19.69	438	608
UniRef90_G1P2F5	19.59	438	609
UniRef90_F6XRB3	21.10	438	609
UniRef90_Q9YGH6	19.16	438	603
UniRef90_UPI0004F1E2F7	22.69	438	509
UniRef90_UPI000529B884	25.31	438	468
UniRef90_D5H440	22.57	438	281
UniRef90_F7FAY5	21.69	438	621
UniRef90_UPI0003C11130	19.72	438	409
UniRef90_UPI000333C46F	21.76	438	691
UniRef90_P02773	23.92	438	611
UniRef90_K7FQN8	23.61	438	378
UniRef90_UPI00042C540A	20.06	438	612
UniRef90_G3WQV0	18.54	438	607
UniRef90_UPI0002C44CBC	18.79	438	607
UniRef90_UPI0002C44CBC	21.34	438	607
UniRef90_F6VJ19	19.20	438	610
UniRef90_F7G7M6	24.91	438	428
UniRef90_G3MYZ3	19.20	438	604
UniRef90_S7N7I3	21.59	438	590
UniRef90_UPI0003340CB1	20.00	438	609
UniRef90_P02771	20.85	438	609
UniRef90_G3WRB2	22.52	438	613
UniRef90_P02774	95.84	438	474
UniRef90_UPI00046B4AB1	85.53	438	474
UniRef90_F7IGI3	85.12	438	475
UniRef90_UPI0004D04C6C	83.37	438	474
UniRef90_UPI000643D50D	79.07	438	649
UniRef90_F6T0P6	81.58	438	474
UniRef90_A0A0D9QXR9	89.93	438	474
UniRef90_UPI00064286F7	80.96	438	476
UniRef90_G3TGR9	81.11	438	476
UniRef90_UPI0002BCD642	80.09	438	475
UniRef90_I3LN42	79.65	438	476
UniRef90_I3MD87	77.68	438	476
UniRef90_L5K8K2	81.42	438	482
UniRef90_M3YD76	80.09	438	474
UniRef90_L9L5X5	83.41	438	471
UniRef90_UPI00045D65B6	80.79	438	473
UniRef90_UPI00045D65B6	20.91	438	473
UniRef90_U6DFZ5	80.09	438	493
UniRef90_UPI0003C88927	79.12	438	480
UniRef90_UPI00064BB832	78.77	438	475
UniRef90_UPI0004ED52B0	76.75	438	476
UniRef90_Q3MHN5	76.81	438	474
UniRef90_P53789	78.34	438	476
UniRef90_H0WG44	80.04	438	459
UniRef90_UPI00063C63F1	80.48	438	474
UniRef90_G1P5R5	79.19	438	471
UniRef90_UPI0003314E22	77.43	438	459
UniRef90_L8IG17	76.67	438	475
UniRef90_UPI00038EC3B0	74.12	438	476
UniRef90_P04276	72.65	438	476
UniRef90_UPI0004543042	75.38	438	474
UniRef90_F1P841	78.97	438	487
UniRef90_UPI0003F1552D	79.29	438	486
UniRef90_UPI0004442097	73.83	438	653
UniRef90_G5BE53	73.17	438	499
UniRef90_UPI00038C0474	73.74	438	476
UniRef90_UPI000333A06E	75.05	438	481
UniRef90_G3IHJ6	75.67	438	492
UniRef90_G3IHJ6	21.29	438	492
UniRef90_UPI0006522C88	71.12	438	476
UniRef90_UPI00053CD665	47.59	438	483
UniRef90_UPI0003331D59	73.13	438	476
UniRef90_A0A091JW70	46.67	438	468
UniRef90_A0A091UY06	47.78	438	467
UniRef90_A0A091CX47	72.16	438	475
UniRef90_H0VTA4	72.26	438	476
UniRef90_UPI000392EC5D	45.61	438	488
UniRef90_UPI000333814C	71.21	438	499
UniRef90_U3IUC3	46.27	438	476
UniRef90_F1NVF3	47.58	438	484
UniRef90_A0A093BFY1	45.30	438	482
UniRef90_UPI000388C6FA	50.00	438	566
UniRef90_UPI0003C2B072	50.44	438	483
UniRef90_A0A0A0AN62	21.04	438	615
UniRef90_A0A0A0AN62	21.26	438	615
UniRef90_UPI000521209D	46.20	438	479
UniRef90_A0A087QKD4	47.11	438	467
UniRef90_A0A093F817	20.35	438	615
UniRef90_A0A093F817	21.00	438	615
UniRef90_A0A087VRD9	19.91	438	614
UniRef90_A0A087VRD9	20.37	438	614
UniRef90_A0A087VRD9	18.04	438	614
UniRef90_A0A094L652	20.61	438	599
UniRef90_A0A094L652	20.42	438	599
UniRef90_A0A093FHI9	21.91	438	615
UniRef90_A0A093FHI9	20.73	438	615
UniRef90_A0A091I8G9	20.13	438	615
UniRef90_A0A091I8G9	19.42	438	615
UniRef90_A0A091I8G9	17.65	438	615
UniRef90_U3JDX2	43.76	438	508
UniRef90_UPI000528B321	46.36	438	462
UniRef90_S9XSQ6	72.57	438	445
UniRef90_UPI00051BDACE	21.02	438	609
UniRef90_UPI00051BDACE	18.83	438	609
UniRef90_UPI00051BDACE	16.47	438	609
UniRef90_A0A091MMC9	21.02	438	612
UniRef90_A0A091MMC9	20.32	438	612
UniRef90_A0A091MMC9	17.25	438	612
UniRef90_A0A091RC06	43.63	438	440
UniRef90_A0A091RC06	20.73	438	440
UniRef90_U3IU92	19.96	438	604
UniRef90_U3IU92	21.69	438	604
UniRef90_UPI000523CF51	20.18	438	619
UniRef90_UPI000523CF51	20.21	438	619
UniRef90_UPI00051B8528	44.64	438	471
UniRef90_UPI0003992BD0	19.47	438	609
UniRef90_UPI0003992BD0	21.60	438	609
UniRef90_A0A091WBF7	21.91	438	615
UniRef90_A0A091WBF7	20.63	438	615
UniRef90_G1NCR2	20.17	438	613
UniRef90_G1NCR2	21.99	438	613
UniRef90_A0A091G8Y4	19.52	438	614
UniRef90_A0A091G8Y4	22.05	438	614
UniRef90_A0A091WH83	20.80	438	615
UniRef90_A0A091WH83	21.52	438	615
UniRef90_A0A091WH83	16.86	438	615
UniRef90_UPI000528D463	20.82	438	615
UniRef90_UPI000528D463	19.33	438	615
UniRef90_UPI0006B0D077	20.80	438	615
UniRef90_UPI0006B0D077	20.63	438	615
UniRef90_UPI0006B0D077	18.04	438	615
UniRef90_A0A091R9A9	20.17	438	616
UniRef90_A0A091R9A9	20.84	438	616
UniRef90_UPI0005282263	20.39	438	612
UniRef90_UPI0005282263	21.96	438	612
UniRef90_A0A093GD63	45.63	438	483
UniRef90_P19121	19.96	438	615
UniRef90_P19121	21.26	438	615
UniRef90_UPI0003F08EE3	77.28	438	440
UniRef90_UPI0003F08EE3	19.77	438	440
UniRef90_A0A091KH67	21.48	438	613
UniRef90_A0A091KH67	20.73	438	613
UniRef90_A0A093QN86	19.96	438	615
UniRef90_A0A093QN86	19.53	438	615
UniRef90_A0A094L9Z6	21.26	438	596
UniRef90_A0A094L9Z6	22.46	438	596
UniRef90_UPI00051EF3FE	20.13	438	614
UniRef90_UPI00051EF3FE	19.74	438	614
UniRef90_UPI00051EF3FE	17.25	438	614
UniRef90_G3W8R0	58.33	438	494
UniRef90_UPI00038336C2	19.69	438	615
UniRef90_UPI00038336C2	20.21	438	615
UniRef90_A0A091QSZ2	47.71	438	453
UniRef90_A0A091QSZ2	21.54	438	453
UniRef90_A0A091W8Q2	44.34	438	459
UniRef90_A0A091PLW7	20.35	438	615
UniRef90_A0A091PLW7	20.32	438	615
UniRef90_A0A091PLW7	15.69	438	615
UniRef90_UPI0006BA5220	43.78	438	479
UniRef90_A0A091RWK1	21.02	438	620
UniRef90_A0A091RWK1	20.16	438	620
UniRef90_A0A091EZG8	45.11	438	467
UniRef90_UPI000522ADC1	21.48	438	629
UniRef90_UPI000522ADC1	19.39	438	629
UniRef90_UPI00062B92D8	58.24	438	620
UniRef90_A0A099ZM43	19.69	438	614
UniRef90_A0A099ZM43	20.37	438	614
UniRef90_A0A099ZM43	17.27	438	614
UniRef90_R7VX76	45.75	438	453
UniRef90_R7VX76	20.73	438	453
UniRef90_UPI0005298327	21.48	438	615
UniRef90_UPI0005298327	21.43	438	615
UniRef90_A0A093GD58	20.13	438	614
UniRef90_A0A093GD58	21.16	438	614
UniRef90_A0A093TAA7	21.48	438	614
UniRef90_A0A093TAA7	19.95	438	614
UniRef90_UPI0006B806ED	43.20	438	503
UniRef90_A0A091GNH5	20.48	438	613
UniRef90_A0A091GNH5	20.90	438	613
UniRef90_A0A091NPM5	19.52	438	599
UniRef90_A0A091NPM5	18.98	438	599
UniRef90_U3K0R0	20.61	438	615
UniRef90_U3K0R0	19.58	438	615
UniRef90_UPI000328A7E1	66.16	438	462
UniRef90_UPI00032AF167	21.10	438	608
UniRef90_UPI00032AF167	19.74	438	608
UniRef90_F7G172	54.89	438	456
UniRef90_UPI0004D05678	21.94	438	608
UniRef90_UPI0004D05678	20.84	438	608
UniRef90_A0A091IVL9	44.00	438	449
UniRef90_UPI000394519F	20.17	438	615
UniRef90_UPI000394519F	19.74	438	615
UniRef90_UPI0004F12E80	42.14	438	482
UniRef90_UPI0003346446	22.52	438	608
UniRef90_UPI0003346446	21.11	438	608
UniRef90_A0A091MHG6	20.17	438	615
UniRef90_A0A091MHG6	19.84	438	615
UniRef90_P49065	22.75	438	608
UniRef90_P49065	20.21	438	608
UniRef90_UPI0003C8EDCB	21.27	438	608
UniRef90_UPI0003C8EDCB	19.58	438	608
UniRef90_A6YF56	20.86	438	608
UniRef90_A6YF56	21.37	438	608
UniRef90_UPI0005237113	21.26	438	480
UniRef90_UPI00046B14C5	20.00	438	608
UniRef90_UPI00046B14C5	20.11	438	608
UniRef90_P02770	20.45	438	608
UniRef90_P02770	19.79	438	608
UniRef90_UPI00065DE39A	21.18	438	575
UniRef90_UPI00042BD946	21.31	438	618
UniRef90_UPI00042BD946	21.23	438	618
UniRef90_F7F9M8	52.91	438	466
UniRef90_UPI00062A930D	22.81	438	609
UniRef90_UPI00062A930D	17.41	438	609
UniRef90_H0X1I5	21.98	438	608
UniRef90_H0X1I5	20.16	438	608
UniRef90_A0A094MYD7	46.14	438	417
UniRef90_A0A094MYD7	21.95	438	417
UniRef90_UPI000443926B	22.37	438	608
UniRef90_UPI000443926B	19.33	438	608
UniRef90_UPI000331705E	23.08	438	608
UniRef90_UPI000331705E	19.84	438	608
UniRef90_L5K939	21.09	438	597
UniRef90_L5K939	19.32	438	597
UniRef90_UPI0006435216	21.32	438	608
UniRef90_UPI0006435216	20.63	438	608
UniRef90_UPI000651A8F3	20.22	438	608
UniRef90_UPI000651A8F3	20.37	438	608
UniRef90_P02768	21.62	438	609
UniRef90_P02768	19.58	438	609
UniRef90_UPI00033391B3	22.66	438	608
UniRef90_UPI00033391B3	22.75	438	608
UniRef90_UPI00042ADE39	20.66	438	608
UniRef90_UPI00042ADE39	20.58	438	608
UniRef90_UPI0003891044	20.44	438	616
UniRef90_UPI0003891044	20.98	438	616
UniRef90_P07724	19.56	438	608
UniRef90_P07724	19.79	438	608
UniRef90_UPI0003F05D7C	20.63	438	608
UniRef90_UPI0003F05D7C	20.84	438	608
UniRef90_P49822	21.32	438	608
UniRef90_P49822	19.05	438	608
UniRef90_P49822	21.96	438	608
UniRef90_Q5EG49	20.65	438	608
UniRef90_Q5EG49	20.37	438	608
UniRef90_K7FQM8	22.44	438	612
UniRef90_K7FQM8	22.31	438	612
UniRef90_P49064	21.54	438	608
UniRef90_P49064	21.37	438	608
UniRef90_P49064	20.16	438	608
UniRef90_G5B5P2	20.88	438	595
UniRef90_G5B5P2	18.72	438	595
UniRef90_UPI0002BCF480	19.78	438	607
UniRef90_UPI0002BCF480	21.13	438	607
UniRef90_A0A091SH20	45.07	438	423
UniRef90_A0A091SH20	21.14	438	423
UniRef90_UPI00053FE976	20.88	438	622
UniRef90_UPI00053FE976	18.94	438	622
UniRef90_A0A093EPG5	47.26	438	436
UniRef90_A0A093EPG5	21.54	438	436
UniRef90_A0A093I422	20.04	438	601
UniRef90_A0A093I422	21.24	438	601
UniRef90_A0A093I422	18.04	438	601
UniRef90_UPI0002C64733	22.42	438	607
UniRef90_UPI0002C64733	20.11	438	607
UniRef90_UPI00065210CF	20.31	438	608
UniRef90_UPI00065210CF	20.63	438	608
UniRef90_UPI00042BBB55	51.11	438	451
UniRef90_UPI00042BBB55	19.11	438	451
UniRef90_UPI00042BF36E	20.62	438	616
UniRef90_UPI00042BF36E	21.45	438	616
UniRef90_G1P2E8	22.02	438	608
UniRef90_G1P2E8	21.05	438	608
UniRef90_UPI000695C5DF	21.32	438	552
UniRef90_UPI000695C5DF	20.77	438	552
UniRef90_UPI00051E627C	21.65	438	534
UniRef90_UPI000332FFF0	23.37	438	608
UniRef90_UPI000332FFF0	20.63	438	608
UniRef90_P02769	21.40	438	607
UniRef90_P02769	20.63	438	607
UniRef90_UPI00063F117E	19.78	438	608
UniRef90_UPI00063F117E	19.31	438	608
UniRef90_H0V003	21.48	438	614
UniRef90_H0V003	19.64	438	614
UniRef90_F7CSG0	21.12	438	608
UniRef90_F7CSG0	20.11	438	608
UniRef90_UPI0004ED25A8	20.22	438	609
UniRef90_UPI0004ED25A8	21.11	438	609
UniRef90_A0A091K0S6	21.38	438	615
UniRef90_A0A091K0S6	19.69	438	615
UniRef90_H0YTL4	20.35	438	599
UniRef90_H0YTL4	19.16	438	599
UniRef90_P35747	21.32	438	607
UniRef90_P35747	20.58	438	607
UniRef90_UPI0003C873D5	22.02	438	607
UniRef90_UPI0003C873D5	20.63	438	607
UniRef90_A0A091CQY6	21.15	438	571
UniRef90_A0A091CQY6	18.59	438	571
UniRef90_UPI0003F15DB7	20.65	438	608
UniRef90_UPI0003F15DB7	19.74	438	608
UniRef90_A0A099ZRF9	21.01	438	592
UniRef90_A0A099ZRF9	18.93	438	592
UniRef90_A0A091IVM3	22.93	438	595
UniRef90_A0A091IVM3	19.58	438	595
UniRef90_UPI0006EB0773	21.38	438	614
UniRef90_UPI0006EB0773	20.10	438	614
UniRef90_P08835	20.22	438	607
UniRef90_P08835	21.15	438	607
UniRef90_A0A091L074	22.44	438	599
UniRef90_A0A091L074	19.31	438	599
UniRef90_Q8MJ76	18.55	438	610
UniRef90_Q8MJ76	18.25	438	610
UniRef90_A0A0A0AM51	21.17	438	615
UniRef90_A0A0A0AM51	20.20	438	615
UniRef90_A0A093QYH5	22.00	438	590
UniRef90_A0A093QYH5	19.37	438	590
UniRef90_A0A093QYH5	18.08	438	590
UniRef90_UPI0002C477B8	21.75	438	609
UniRef90_UPI0002C477B8	19.53	438	609
UniRef90_A0A091QZZ9	20.96	438	595
UniRef90_A0A091QZZ9	21.43	438	595
UniRef90_G3SMX8	20.61	438	609
UniRef90_G3SMX8	19.26	438	609
UniRef90_E1BV96	21.72	438	615
UniRef90_E1BV96	19.69	438	615
UniRef90_A0A093CXV4	21.17	438	595
UniRef90_A0A093CXV4	19.58	438	595
UniRef90_UPI0006EB0191	20.40	438	628
UniRef90_UPI0006EB0191	18.68	438	628
UniRef90_UPI0006EB0191	14.98	438	628
UniRef90_M7B4N9	20.62	438	1123
UniRef90_M7B4N9	19.09	438	1123
UniRef90_M7B4N9	20.00	438	1123
UniRef90_M7B4N9	20.91	438	1123
UniRef90_O35090	19.69	438	609
UniRef90_O35090	19.33	438	609
UniRef90_UPI00046B8DEE	22.25	438	608
UniRef90_UPI00046B8DEE	21.64	438	608
UniRef90_G1KNL0	43.68	438	485
UniRef90_S7PWY9	22.02	438	1114
UniRef90_S7PWY9	19.13	438	1114
UniRef90_S7PWY9	20.00	438	1114
UniRef90_S7PWY9	19.47	438	1114
UniRef90_UPI0003C2B46B	17.92	438	615
UniRef90_UPI0003C2B46B	19.42	438	615
UniRef90_UPI0003C2B46B	15.29	438	615
UniRef90_Q3SZ57	18.59	438	610
UniRef90_Q3SZ57	19.11	438	610
UniRef90_UPI000523777B	22.64	438	570
UniRef90_Q8MJU5	18.28	438	609
UniRef90_Q8MJU5	18.06	438	609
UniRef90_L9L5M3	19.96	438	1505
UniRef90_L9L5M3	16.36	438	1505
UniRef90_L9L5M3	15.19	438	1505
UniRef90_L9L5M3	17.32	438	1505
UniRef90_L9L5M3	17.11	438	1505
UniRef90_L9L5M3	14.64	438	1505
UniRef90_A0A091T3Y1	22.80	438	615
UniRef90_A0A091T3Y1	19.44	438	615
UniRef90_G1P2F5	17.83	438	609
UniRef90_G1P2F5	19.47	438	609
UniRef90_UPI000454592E	18.89	438	606
UniRef90_UPI000454592E	19.17	438	606
UniRef90_A0A091LAX4	21.72	438	550
UniRef90_A0A091LAX4	19.88	438	550
UniRef90_UPI0004EFDA89	39.33	438	470
UniRef90_A0A087VRD8	21.87	438	617
UniRef90_A0A087VRD8	19.69	438	617
UniRef90_A0A091E9E7	22.65	438	599
UniRef90_A0A091E9E7	19.31	438	599
UniRef90_G3WQH5	22.64	438	608
UniRef90_G3WQH5	17.01	438	608
UniRef90_UPI00046C24BD	20.09	438	587
UniRef90_UPI00046C24BD	21.83	438	587
UniRef90_A0A094MZU6	22.44	438	568
UniRef90_A0A094MZU6	20.11	438	568
UniRef90_A0A094MZU6	17.65	438	568
UniRef90_A0A091PK19	22.22	438	613
UniRef90_A0A091PK19	19.44	438	613
UniRef90_F7BJP5	21.76	438	608
UniRef90_F7BJP5	19.00	438	608
UniRef90_UPI00063F9F1E	17.69	438	629
UniRef90_UPI00063F9F1E	18.88	438	629
UniRef90_UPI00062A9B51	19.29	438	589
UniRef90_UPI00062A9B51	18.95	438	589
UniRef90_P43652	18.87	438	599
UniRef90_P43652	18.81	438	599
UniRef90_H0X1I9	16.74	438	623
UniRef90_H0X1I9	17.86	438	623
UniRef90_A0A091MES0	22.00	438	608
UniRef90_A0A091MES0	19.63	438	608
UniRef90_UPI0003F0B0E2	18.78	438	606
UniRef90_UPI0003F0B0E2	17.63	438	606
UniRef90_Q5XGP6	39.61	438	482
UniRef90_UPI0004ED650C	17.65	438	608
UniRef90_UPI0004ED650C	18.95	438	608
UniRef90_P49066	18.54	438	609
UniRef90_P49066	18.16	438	609
UniRef90_P02771	17.95	438	609
UniRef90_P02771	19.05	438	609
UniRef90_UPI00042AD78D	20.70	438	607
UniRef90_UPI00042AD78D	19.84	438	607
UniRef90_A0A061INL0	18.33	438	630
UniRef90_A0A061INL0	19.16	438	630
UniRef90_UPI00045DC9D7	17.42	438	609
UniRef90_UPI00045DC9D7	18.56	438	609
UniRef90_D6RBJ7	93.37	438	348
UniRef90_D6RBJ7	21.40	438	348
UniRef90_F6XRB3	18.96	438	609
UniRef90_F6XRB3	18.25	438	609
UniRef90_F7AEI4	19.31	438	602
UniRef90_F7AEI4	17.75	438	602
UniRef90_G5B5P1	18.10	438	595
UniRef90_G5B5P1	17.97	438	595
UniRef90_UPI0003340CB1	17.87	438	609
UniRef90_UPI0003340CB1	18.30	438	609
UniRef90_G3IAL6	19.71	438	430
UniRef90_G3IAL6	20.37	438	430
UniRef90_G3IAL6	20.83	438	430
UniRef90_K7FTS3	22.84	438	616
UniRef90_K7FTS3	19.54	438	616
UniRef90_UPI0003C26E2C	19.50	438	614
UniRef90_UPI0003C26E2C	18.73	438	614
UniRef90_UPI0003C26E2C	16.47	438	614
UniRef90_UPI00042C540A	17.35	438	612
UniRef90_UPI00042C540A	19.27	438	612
UniRef90_UPI00042C540A	20.99	438	612
UniRef90_R0LKV0	20.50	438	560
UniRef90_R0LKV0	20.37	438	560
UniRef90_R0LKV0	18.97	438	560
UniRef90_UPI00045D8753	18.55	438	507
UniRef90_UPI00045D8753	17.79	438	507
UniRef90_UPI00045D8753	18.53	438	507
UniRef90_UPI0005112C7B	21.29	438	615
UniRef90_UPI0005112C7B	19.11	438	615
UniRef90_UPI0003C80693	18.26	438	604
UniRef90_UPI0003C80693	21.27	438	604
UniRef90_UPI0003C80693	20.08	438	604
UniRef90_F6SKH8	39.69	438	481
UniRef90_UPI00049000F9	18.66	438	599
UniRef90_UPI00049000F9	21.03	438	599
UniRef90_H0VLI4	18.51	438	616
UniRef90_H0VLI4	19.11	438	616
UniRef90_G1LE42	18.00	438	599
UniRef90_G1LE42	20.62	438	599
UniRef90_A0A093Q8Z6	21.57	438	595
UniRef90_A0A093Q8Z6	19.05	438	595
UniRef90_E2R4E7	17.82	438	608
UniRef90_E2R4E7	18.37	438	608
UniRef90_E2R4E7	20.31	438	608
UniRef90_UPI00042A9C0E	18.78	438	609
UniRef90_UPI00042A9C0E	18.64	438	609
UniRef90_UPI0002C652FD	17.87	438	615
UniRef90_UPI0002C652FD	18.68	438	615
UniRef90_UPI0003F153AE	17.27	438	616
UniRef90_UPI0003F153AE	19.21	438	616
UniRef90_F7B3I5	18.87	438	593
UniRef90_F7B3I5	19.01	438	593
UniRef90_A0A0A0AKU1	45.16	438	385
UniRef90_A0A0A0AKU1	20.08	438	385
UniRef90_UPI0004D0A656	17.38	438	609
UniRef90_UPI0004D0A656	19.21	438	609
UniRef90_UPI00046B5A07	17.87	438	605
UniRef90_UPI00046B5A07	18.64	438	605
UniRef90_L5KB87	18.71	438	574
UniRef90_L5KB87	18.46	438	574
UniRef90_UPI0005152BAF	20.68	438	801
UniRef90_UPI0005152BAF	17.78	438	801
UniRef90_A0A093G6G6	19.78	438	588
UniRef90_A0A093G6G6	19.69	438	588
UniRef90_UPI0004F46483	20.90	438	676
UniRef90_UPI0004F46483	17.76	438	676
UniRef90_UPI00032AF587	18.74	438	609
UniRef90_UPI00032AF587	18.16	438	609
UniRef90_O89020	18.22	438	608
UniRef90_O89020	18.84	438	608
UniRef90_UPI00038BF043	19.91	438	609
UniRef90_UPI00038BF043	18.64	438	609
UniRef90_UPI000443D134	18.33	438	609
UniRef90_UPI000443D134	18.95	438	609
UniRef90_H9GH08	24.19	438	612
UniRef90_H9GH08	18.39	438	612
UniRef90_F6VJ19	18.74	438	610
UniRef90_F6VJ19	18.89	438	610
UniRef90_UPI00064C021D	17.79	438	600
UniRef90_UPI00064C021D	19.33	438	600
UniRef90_G3WQV0	18.06	438	607
UniRef90_G3WQV0	18.86	438	607
UniRef90_M3YCY0	17.79	438	604
UniRef90_M3YCY0	20.61	438	604
UniRef90_A0A091FM24	21.08	438	615
UniRef90_A0A091FM24	20.20	438	615
UniRef90_H0VRQ1	17.14	438	612
UniRef90_H0VRQ1	21.56	438	612
UniRef90_UPI0003345201	17.65	438	609
UniRef90_UPI0003345201	18.09	438	609
UniRef90_UPI000442282A	38.98	438	449
UniRef90_G1TBD0	17.61	438	610
UniRef90_G1TBD0	18.72	438	610
UniRef90_UPI000514FC63	45.48	438	353
UniRef90_UPI000514FC63	20.08	438	353
UniRef90_UPI00038BBC4E	17.79	438	598
UniRef90_UPI00038BBC4E	19.90	438	598
UniRef90_UPI0006522337	17.83	438	615
UniRef90_UPI0006522337	18.68	438	615
UniRef90_P02772	19.91	438	605
UniRef90_P02772	19.90	438	605
UniRef90_UPI00045D688C	18.36	438	608
UniRef90_UPI00045D688C	18.80	438	608
UniRef90_P36953	17.79	438	608
UniRef90_UPI0004DDFB2D	20.87	438	753
UniRef90_UPI0004DDFB2D	17.79	438	753
UniRef90_UPI0003334AB5	19.68	438	609
UniRef90_UPI0003334AB5	17.32	438	609
UniRef90_UPI0003C8F91B	16.92	438	599
UniRef90_UPI0003C8F91B	18.21	438	599
UniRef90_F1RUM1	17.15	438	604
UniRef90_F1RUM1	20.10	438	604
UniRef90_F1RUM1	17.83	438	604
UniRef90_UPI00045D5CBC	21.40	438	581
UniRef90_G3MYZ3	17.35	438	604
UniRef90_G3MYZ3	19.59	438	604
UniRef90_UPI0002C44CBC	18.04	438	607
UniRef90_UPI0002C44CBC	19.85	438	607
UniRef90_UPI0005D094D9	40.29	438	406
UniRef90_UPI0005D094D9	19.67	438	406
UniRef90_I3M260	17.23	438	609
UniRef90_I3M260	20.26	438	609
UniRef90_G1P311	17.17	438	602
UniRef90_G1P311	20.00	438	602
UniRef90_UPI0003C8CB88	16.06	438	609
UniRef90_UPI0003C8CB88	18.47	438	609
UniRef90_UPI0003316981	16.74	438	609
UniRef90_UPI0003316981	18.16	438	609
UniRef90_UPI0004DFED8E	17.79	438	1002
UniRef90_UPI0004DFED8E	18.86	438	1002
UniRef90_UPI0004DFED8E	16.94	438	1002
UniRef90_L5LFJ8	22.07	438	1500
UniRef90_L5LFJ8	16.34	438	1500
UniRef90_L5LFJ8	18.95	438	1500
UniRef90_L5LFJ8	18.96	438	1500
UniRef90_L5LFJ8	17.13	438	1500
UniRef90_L5LFJ8	18.18	438	1500
UniRef90_L5LFJ8	20.86	438	1500
UniRef90_L5LFJ8	15.18	438	1500
UniRef90_UPI000642F75B	16.59	438	607
UniRef90_UPI000642F75B	18.52	438	607
UniRef90_A0A093DZG0	48.46	438	365
UniRef90_A0A093DZG0	20.90	438	365
UniRef90_UPI0004ED6802	19.00	438	602
UniRef90_UPI0004ED6802	19.44	438	602
UniRef90_UPI00063F57EB	18.43	438	621
UniRef90_UPI00063F57EB	20.49	438	621
UniRef90_UPI00046B2D43	18.43	438	599
UniRef90_UPI00046B2D43	19.33	438	599
UniRef90_UPI00046B2D43	19.38	438	599
UniRef90_UPI000643315F	19.17	438	616
UniRef90_UPI000643315F	18.63	438	616
UniRef90_UPI000520A712	20.58	438	778
UniRef90_UPI000520A712	18.12	438	778
UniRef90_UPI000520A712	19.23	438	778
UniRef90_UPI000530535D	20.48	438	784
UniRef90_UPI000530535D	17.76	438	784
UniRef90_G3UIJ9	16.29	438	602
UniRef90_G3UIJ9	17.37	438	602
UniRef90_F6VJ37	50.99	438	417
UniRef90_F6VJ37	20.00	438	417
UniRef90_I6RPD6	20.84	438	605
UniRef90_I6RPD6	19.26	438	605
UniRef90_UPI00051F0DBE	19.64	438	644
UniRef90_UPI00051F0DBE	18.56	438	644
UniRef90_UPI00051F0DBE	19.40	438	644
UniRef90_UPI0003F10DB1	17.57	438	995
UniRef90_UPI0003F10DB1	14.39	438	995
UniRef90_UPI0003F10DB1	18.88	438	995
UniRef90_UPI0003F10DB1	17.09	438	995
UniRef90_A0A093R7V4	46.15	438	380
UniRef90_A0A093R7V4	20.49	438	380
UniRef90_UPI0004F4D65A	20.71	438	647
UniRef90_UPI0004F4D65A	17.11	438	647
UniRef90_UPI0004F4D65A	21.12	438	647
UniRef90_UPI0005224A07	19.50	438	600
UniRef90_UPI0005224A07	17.35	438	600
UniRef90_UPI00051C9AC0	20.84	438	630
UniRef90_UPI00051C9AC0	18.02	438	630
UniRef90_UPI00051C9AC0	19.66	438	630
UniRef90_I6S2V9	22.52	438	606
UniRef90_I6S2V9	18.54	438	606
UniRef90_I6S2V9	19.08	438	606
UniRef90_I6S2X7	23.84	438	606
UniRef90_I6S2X7	19.84	438	606
UniRef90_UPI00045DE9F3	19.13	438	646
UniRef90_UPI00045DE9F3	18.96	438	646
UniRef90_UPI00045DE9F3	20.99	438	646
UniRef90_UPI000528BCC5	20.92	438	576
UniRef90_UPI000528BCC5	17.82	438	576
UniRef90_P84407	19.38	438	615
UniRef90_P84407	17.60	438	615
UniRef90_UPI000194C411	20.15	438	450
UniRef90_UPI000194C411	18.83	438	450
UniRef90_F7AX94	18.63	438	614
UniRef90_F7AX94	18.73	438	614
UniRef90_A0A061IJ15	17.98	438	608
UniRef90_A0A061IJ15	18.20	438	608
UniRef90_A0A061IJ15	16.02	438	608
UniRef90_L5LGU8	59.82	438	397
UniRef90_G1P5R0	20.44	438	609
UniRef90_G1P5R0	18.70	438	609
UniRef90_UPI000333C46F	16.70	438	691
UniRef90_UPI000333C46F	21.39	438	691
UniRef90_P02773	18.78	438	611
UniRef90_P02773	19.33	438	611
UniRef90_UPI000528F2A1	19.15	438	616
UniRef90_UPI000528F2A1	19.13	438	616
UniRef90_UPI00053235A3	19.82	438	608
UniRef90_UPI00053235A3	17.48	438	608
UniRef90_UPI00053235A3	20.35	438	608
UniRef90_I3MJG0	18.28	438	608
UniRef90_I3MJG0	17.94	438	608
UniRef90_UPI0003EC4C24	19.56	438	771
UniRef90_UPI0003EC4C24	19.20	438	771
UniRef90_UPI0003EC4C24	18.58	438	771
UniRef90_UPI0003EC4C24	19.24	438	771
UniRef90_A0A061IMI2	19.44	438	690
UniRef90_A0A061IMI2	19.16	438	690
UniRef90_UPI00046B8D40	19.86	438	608
UniRef90_UPI00046B8D40	18.93	438	608
UniRef90_L5LH53	19.33	438	891
UniRef90_L5LH53	18.18	438	891
UniRef90_L5LH53	20.81	438	891
UniRef90_L5LH53	18.94	438	891
UniRef90_I6RYD2	21.71	438	606
UniRef90_I6RYD2	18.21	438	606
UniRef90_UPI00038BD6A7	16.48	438	606
UniRef90_UPI00038BD6A7	18.32	438	606
UniRef90_UPI00038BD6A7	18.14	438	606
UniRef90_UPI000523C994	19.46	438	600
UniRef90_UPI000523C994	18.02	438	600
UniRef90_UPI000523C994	18.97	438	600
UniRef90_UPI0003F0D80A	19.22	438	607
UniRef90_UPI0003F0D80A	19.90	438	607
UniRef90_G3WRB2	17.26	438	613
UniRef90_G3WRB2	18.07	438	613
UniRef90_Q3T478	19.43	438	607
UniRef90_Q3T478	20.15	438	607
UniRef90_UPI00051147D0	20.76	438	577
UniRef90_UPI00051147D0	17.77	438	577
UniRef90_A0A061IK08	18.94	438	712
UniRef90_A0A061IK08	18.36	438	712
UniRef90_Q8JIA9	20.69	438	527
UniRef90_Q8JIA9	20.62	438	527
UniRef90_UPI0005B7B481	16.30	438	587
UniRef90_UPI0005B7B481	18.16	438	587
UniRef90_UPI00052ED468	36.89	438	420
UniRef90_UPI000333CD07	17.57	438	637
UniRef90_UPI000333CD07	17.99	438	637
UniRef90_UPI000333CD07	19.02	438	637
UniRef90_P14872	19.57	438	607
UniRef90_P14872	16.97	438	607
UniRef90_H3A4E6	19.74	438	612
UniRef90_H3A4E6	19.63	438	612
UniRef90_UPI00042ADBCD	22.91	438	396
UniRef90_UPI00042ADBCD	18.75	438	396
UniRef90_UPI0005404368	16.44	438	626
UniRef90_UPI0005404368	17.14	438	626
UniRef90_O89020-2	18.34	438	430
UniRef90_O89020-2	17.58	438	430
UniRef90_UPI00045DB29C	17.71	438	611
UniRef90_UPI00045DB29C	18.51	438	611
UniRef90_UPI00045DB29C	20.92	438	611
UniRef90_UPI0002C65DFC	17.71	438	613
UniRef90_UPI0002C65DFC	16.79	438	613
UniRef90_UPI0002C65DFC	19.58	438	613
UniRef90_UPI00046BB86A	21.27	438	606
UniRef90_UPI00046BB86A	19.84	438	606
UniRef90_UPI0003ACA39B	17.26	438	655
UniRef90_UPI0003ACA39B	16.32	438	655
UniRef90_UPI0003C86CBD	18.16	438	613
UniRef90_UPI0003C86CBD	17.88	438	613
UniRef90_UPI0003C86CBD	20.38	438	613
UniRef90_UPI0005406655	17.94	438	612
UniRef90_UPI0005406655	19.95	438	612
UniRef90_UPI0005406655	19.25	438	612
UniRef90_UPI0003C461A8	17.53	438	613
UniRef90_UPI0003C461A8	17.14	438	613
UniRef90_UPI0003C461A8	21.15	438	613
UniRef90_UPI00063C69CC	17.94	438	605
UniRef90_UPI00063C69CC	19.26	438	605
UniRef90_UPI00063C69CC	19.67	438	605
UniRef90_UPI000657479C	17.23	438	618
UniRef90_UPI000657479C	19.28	438	618
UniRef90_UPI0006D70BFC	20.26	438	583
UniRef90_UPI0006D70BFC	21.55	438	583
UniRef90_UPI0003AD9245	17.75	438	614
UniRef90_UPI0003AD9245	16.83	438	614
UniRef90_UPI0003AD9245	20.00	438	614
UniRef90_Q5CZZ1	19.09	438	609
UniRef90_Q5CZZ1	17.42	438	609
UniRef90_P08759	19.18	438	606
UniRef90_P08759	17.99	438	606
UniRef90_UPI00029D8514	18.79	438	613
UniRef90_UPI00029D8514	17.86	438	613
UniRef90_UPI00029D8514	18.80	438	613
UniRef90_UPI0005BCB77E	17.26	438	612
UniRef90_UPI0005BCB77E	16.67	438	612
UniRef90_UPI0005BCB77E	21.25	438	612
UniRef90_UPI000510FEB9	19.69	438	434
UniRef90_UPI000510FEB9	20.16	438	434
UniRef90_UPI0002C58EB2	17.75	438	614
UniRef90_UPI0002C58EB2	17.65	438	614
UniRef90_UPI0002C58EB2	21.25	438	614
UniRef90_UPI00044048F3	17.98	438	613
UniRef90_UPI00044048F3	18.46	438	613
UniRef90_UPI00044048F3	20.49	438	613
UniRef90_UPI0002989F82	17.98	438	614
UniRef90_UPI0002989F82	17.65	438	614
UniRef90_UPI0002989F82	20.31	438	614
UniRef90_UPI00042CE53C	18.77	438	466
UniRef90_UPI00042CE53C	19.11	438	466
UniRef90_UPI0004D088B4	17.09	438	591
UniRef90_UPI0003292077	16.44	438	489
UniRef90_UPI0003292077	17.87	438	489
UniRef90_UPI0003292077	20.90	438	489
UniRef90_UPI00063F0903	57.35	438	422
UniRef90_UPI00063F0903	38.49	438	422
UniRef90_UPI00063F0903	46.67	438	422
UniRef90_UPI00038C0565	16.63	438	647
UniRef90_UPI00038C0565	20.51	438	647
UniRef90_UPI00038C0565	18.99	438	647
UniRef90_F8VQ07	19.37	438	620
UniRef90_F8VQ07	16.37	438	620
UniRef90_UPI0002C64266	18.26	438	582
UniRef90_UPI0002C64266	21.39	438	582
UniRef90_Q8UW05	18.10	438	626
UniRef90_Q8UW05	18.11	438	626
UniRef90_UPI0005239FFB	20.13	438	725
UniRef90_UPI0005239FFB	18.55	438	725
UniRef90_UPI000529B884	23.94	438	468
UniRef90_UPI000529B884	19.74	438	468
UniRef90_W5MZW6	20.13	438	613
UniRef90_W5MZW6	20.00	438	613
UniRef90_W5MZW6	22.92	438	613
UniRef90_UPI0004406612	16.91	438	641
UniRef90_UPI0004406612	18.46	438	641
UniRef90_G1TZC1	17.53	438	613
UniRef90_G1TZC1	19.34	438	613
UniRef90_G1TZC1	19.67	438	613
UniRef90_M3YCX1	17.12	438	625
UniRef90_M3YCX1	17.18	438	625
UniRef90_M3YCX1	20.00	438	625
UniRef90_UPI0006429B72	17.49	438	614
UniRef90_UPI0006429B72	18.62	438	614
UniRef90_UPI0006429B72	20.50	438	614
UniRef90_K7FXK5	58.85	438	382
UniRef90_K7FXK5	22.04	438	382
UniRef90_Q3I349	21.47	438	476
UniRef90_Q3I349	20.63	438	476
UniRef90_B7WNR0	19.94	438	494
UniRef90_B7WNR0	19.58	438	494
UniRef90_B7WNR0	23.58	438	494
UniRef90_UPI00035946A8	17.59	438	624
UniRef90_UPI00035946A8	16.83	438	624
UniRef90_UPI00035946A8	20.85	438	624
UniRef90_UPI0006D92B54	17.90	438	613
UniRef90_UPI0006D92B54	17.72	438	613
UniRef90_UPI0006D92B54	20.90	438	613
UniRef90_F7FAY5	17.71	438	621
UniRef90_F7FAY5	18.34	438	621
UniRef90_UPI00067FBAB9	52.09	438	313
UniRef90_UPI00067FBAB9	20.73	438	313
UniRef90_F7B1W2	20.51	438	605
UniRef90_F7B1W2	17.57	438	605
UniRef90_UPI00042A947C	15.40	438	598
UniRef90_UPI00042A947C	15.86	438	598
UniRef90_H2ZZM2	39.13	438	392
UniRef90_H2ZZM2	23.77	438	392
UniRef90_UPI0004F03C00	19.80	438	533
UniRef90_UPI0004F03C00	18.11	438	533
UniRef90_UPI00065FC36C	15.03	438	558
UniRef90_UPI00065FC36C	19.47	438	558
UniRef90_UPI00065FC36C	17.37	438	558
UniRef90_S7PQC2	20.57	438	607
UniRef90_S7PQC2	20.60	438	607
UniRef90_G5E2F3	36.19	438	376
UniRef90_UPI00064F8C14	17.85	438	948
UniRef90_UPI00064F8C14	15.92	438	948
UniRef90_UPI00064F8C14	17.97	438	948
UniRef90_F6WBF9	19.44	438	324
UniRef90_F6WBF9	20.87	438	324
UniRef90_F6WBF9	22.84	438	324
UniRef90_UPI000704516F	17.34	438	583
UniRef90_UPI000704516F	17.79	438	583
UniRef90_UPI000704516F	20.38	438	583
UniRef90_Q91134	20.68	438	614
UniRef90_Q91134	16.49	438	614
UniRef90_UPI0003C8DDB3	18.41	438	597
UniRef90_UPI0003C8DDB3	17.63	438	597
UniRef90_B4DMW9	18.12	438	481
UniRef90_B4DMW9	19.05	438	481
UniRef90_Q5NTZ2	20.09	438	614
UniRef90_Q5NTZ2	18.46	438	614
UniRef90_UPI0004542CCE	17.39	438	638
UniRef90_UPI0004542CCE	18.05	438	638
UniRef90_UPI0004542CCE	19.85	438	638
UniRef90_G3T7Q0	17.54	438	565
UniRef90_G3T7Q0	17.20	438	565
UniRef90_G3T7Q0	19.28	438	565
UniRef90_S7Q8P4	68.09	438	483
UniRef90_S7Q8P4	34.78	438	483
UniRef90_S7Q8P4	23.85	438	483
UniRef90_S7Q8P4	18.45	438	483
UniRef90_Q6DGV8	27.43	438	464
UniRef90_A0A091RDY8	51.94	438	259
UniRef90_A0A091RDY8	20.16	438	259
UniRef90_UPI00067A80B2	17.04	438	621
UniRef90_UPI00067A80B2	16.62	438	621
UniRef90_Q9YGH6	18.53	438	603
UniRef90_Q9YGH6	18.77	438	603
UniRef90_F7HAH7	18.18	438	506
UniRef90_F7HAH7	18.86	438	506
UniRef90_W5KYJ2	26.64	438	472
UniRef90_W5PXZ3	18.00	438	423
UniRef90_W5PXZ3	19.67	438	423
UniRef90_W5PXZ3	18.81	438	423
UniRef90_UPI0006B0E2F3	51.15	438	282
UniRef90_UPI0006B0E2F3	21.54	438	282
UniRef90_Q8UW06	17.67	438	624
UniRef90_Q8UW06	18.44	438	624
UniRef90_S7N7I3	20.43	438	590
UniRef90_G1SHH2	15.94	438	563
UniRef90_G1SHH2	20.24	438	563
UniRef90_G1SHH2	19.78	438	563
UniRef90_UPI0006B82359	20.50	438	608
UniRef90_UPI0006B82359	17.12	438	608
UniRef90_P21848	20.77	438	608
UniRef90_P21848	17.91	438	608
UniRef90_UPI000576F139	20.05	438	610
UniRef90_UPI000576F139	17.87	438	610
UniRef90_UPI000576F139	21.86	438	610
UniRef90_UPI000644448E	28.01	438	470
UniRef90_UPI000529C415	43.77	438	266
UniRef90_UPI000529C415	21.29	438	266
UniRef90_UPI0001D558B2	16.79	438	519
UniRef90_UPI0001D558B2	18.11	438	519
UniRef90_UPI000328E038	17.45	438	325
UniRef90_UPI000328E038	17.87	438	325
UniRef90_UPI000651F80C	18.63	438	612
UniRef90_UPI000651F80C	19.17	438	612
UniRef90_L5K9K2	14.13	438	524
UniRef90_L5K9K2	17.30	438	524
UniRef90_L5K9K2	18.54	438	524
UniRef90_UPI0003D72307	19.72	438	455
UniRef90_UPI0003D72307	22.13	438	455
UniRef90_UPI0003D72307	17.39	438	455
UniRef90_UPI000644553F	18.37	438	517
UniRef90_UPI000644553F	19.24	438	517
UniRef90_H9GU02	20.52	438	616
UniRef90_H9GU02	17.09	438	616
UniRef90_V8ND09	18.36	438	640
UniRef90_V8ND09	16.97	438	640
UniRef90_L5LI30	17.33	438	565
UniRef90_L5LI30	15.57	438	565
UniRef90_A0A091U0G7	43.02	438	264
UniRef90_A0A091U0G7	19.80	438	264
UniRef90_UPI0005215D9F	20.85	438	426
UniRef90_UPI0005215D9F	19.21	438	426
UniRef90_Q66RQ0	80.28	438	218
UniRef90_Q66RQ0	24.26	438	218
UniRef90_UPI0004F1E2F7	18.10	438	509
UniRef90_UPI0004F1E2F7	20.11	438	509
UniRef90_UPI0006B1FA03	18.89	438	433
UniRef90_UPI0006B1FA03	19.66	438	433
UniRef90_A0A091CRY6	17.03	438	469
UniRef90_A0A091CRY6	21.39	438	469
UniRef90_A0A091CRY6	15.24	438	469
UniRef90_UPI000576BEAA	19.96	438	608
UniRef90_UPI000576BEAA	19.80	438	608
UniRef90_A0A096MVE5	18.33	438	432
UniRef90_A0A096MVE5	20.11	438	432
UniRef90_Q8JIA7	22.27	438	400
UniRef90_Q8JIA7	20.15	438	400
UniRef90_A0A0C5GSM7	21.92	438	265
UniRef90_A0A0C5GSM7	19.38	438	265
UniRef90_UPI0006B1DB52	17.82	438	510
UniRef90_UPI0006B1DB52	18.07	438	510
UniRef90_K7FQN8	25.00	438	378
UniRef90_K7FQN8	22.19	438	378
UniRef90_S9WI87	16.73	438	1100
UniRef90_S9WI87	18.33	438	1100
UniRef90_S9WI87	17.09	438	1100
UniRef90_S9WI87	14.81	438	1100
UniRef90_F7G7M6	21.69	438	428
UniRef90_F7G7M6	17.72	438	428
UniRef90_P02768-2	20.56	438	417
UniRef90_P02768-2	20.73	438	417
UniRef90_A0A061IPY8	16.75	438	480
UniRef90_A0A061IPY8	19.00	438	480
UniRef90_G3UHC2	17.67	438	457
UniRef90_G3UHC2	19.63	438	457
UniRef90_F1QM90	29.70	438	347
UniRef90_F1QM90	21.07	438	347
UniRef90_UPI000441EC00	18.78	438	576
UniRef90_UPI000441EC00	17.15	438	576
UniRef90_UPI0004F0DBA8	51.66	438	211
UniRef90_UPI0004F0DBA8	20.57	438	211
UniRef90_UPI0005FBFE64	20.07	438	527
UniRef90_UPI0005FBFE64	19.53	438	527
UniRef90_P02768-3	20.41	438	396
UniRef90_P02768-3	17.00	438	396
UniRef90_F6YY93	17.76	438	360
UniRef90_F6YY93	19.67	438	360
UniRef90_A1YZ84	18.02	438	226
UniRef90_A1YZ84	16.75	438	226
UniRef90_D2I058	15.16	438	633
UniRef90_D2I058	15.17	438	633
UniRef90_G1Q092	17.81	438	361
UniRef90_G1Q092	21.15	438	361
UniRef90_UPI0002C308B2	18.50	438	355
UniRef90_UPI0002C308B2	19.47	438	355
UniRef90_A2V8B9	19.03	438	1401
UniRef90_A2V8B9	18.54	438	1401
UniRef90_A2V8B9	17.89	438	1401
UniRef90_A2V8B9	19.05	438	1401
UniRef90_A2V8B9	17.75	438	1401
UniRef90_A2V8B9	20.23	438	1401
UniRef90_A2V8B9	20.00	438	1401
UniRef90_Q8JIA8	21.40	438	406
UniRef90_Q8JIA8	18.39	438	406
UniRef90_UPI000572DD89	16.51	438	565
UniRef90_UPI0003D0BADC	15.06	438	545
UniRef90_UPI0003D0BADC	17.97	438	545
UniRef90_UPI0003D0BADC	16.61	438	545
UniRef90_UPI00057742FF	16.78	438	507
UniRef90_UPI00057742FF	17.02	438	507
UniRef90_Q5M885	16.45	438	361
UniRef90_Q5M885	20.70	438	361
UniRef90_A0A091U2F7	22.05	438	315
UniRef90_A0A091U2F7	19.45	438	315
UniRef90_UPI00062A647D	14.75	438	413
UniRef90_UPI00062A647D	16.44	438	413
UniRef90_UPI00062A647D	21.20	438	413
UniRef90_UPI0001C96E9E	15.66	438	238
UniRef90_UPI0001C96E9E	19.58	438	238
UniRef90_H7C013	22.99	438	197
UniRef90_H7C013	19.77	438	197
UniRef90_Q91274	17.95	438	1423
UniRef90_Q91274	21.19	438	1423
UniRef90_Q91274	19.43	438	1423
UniRef90_Q91274	17.88	438	1423
UniRef90_Q91274	18.65	438	1423
UniRef90_Q91274	16.22	438	1423
UniRef90_Q91274	20.74	438	1423
UniRef90_UPI0003AF1BB7	17.06	438	528
UniRef90_UPI0003AF1BB7	18.48	438	528
UniRef90_UPI0003AF1BB7	12.55	438	528
UniRef90_UPI0003AF1BB7	16.96	438	528
UniRef90_P21847	21.07	438	382
UniRef90_P21847	21.15	438	382
UniRef90_I3L5N3	20.27	438	351
UniRef90_I3L5N3	17.21	438	351
UniRef90_A0A096MSP3	19.60	438	315
UniRef90_A0A096MSP3	17.11	438	315
UniRef90_A0A096MSP3	20.88	438	315
UniRef90_UPI0003EDE659	18.95	438	321
UniRef90_UPI0003EDE659	19.33	438	321
UniRef90_D5H440	20.49	438	281
UniRef90_D5H440	22.62	438	281
UniRef90_UPI0003443CD1	14.68	438	489
UniRef90_UPI0003443CD1	20.13	438	489
UniRef90_UPI0003443CD1	15.49	438	489
UniRef90_UPI000696B567	17.62	438	199
UniRef90_UPI000696B567	21.47	438	199
UniRef90_UPI0003C11130	17.27	438	409
UniRef90_UPI0003C11130	19.83	438	409
UniRef90_UPI0003C11130	17.61	438	409
UniRef90_L5KC16	19.31	438	241
UniRef90_UPI00051EEF03	33.60	438	235
UniRef90_G5D7B9	19.58	438	281
UniRef90_G5D7B9	18.87	438	281
UniRef90_A0A0M3CSP1	22.60	438	150
UniRef90_A0A0M3CSP1	19.59	438	150
UniRef90_O42279	15.56	438	551
UniRef90_O42279	17.73	438	551
UniRef90_O42279	18.37	438	551
UniRef90_A0A0G2JGM6	72.03	438	125
UniRef90_UPI00063C6E20	16.73	438	430
UniRef90_UPI00063C6E20	15.03	438	430
UniRef90_A0A060Y0E7	22.22	438	227
UniRef90_A0A060Y0E7	21.88	438	227
UniRef90_A0A0G2ARH6	17.08	438	694
UniRef90_A0A0G2ARH6	15.74	438	694
UniRef90_UPI000510EFFD	21.38	438	164
UniRef90_L9L5Y8	23.49	438	296
UniRef90_L9L5Y8	20.24	438	296
UniRef90_T1W4X9	19.77	438	264
UniRef90_T1W4X9	20.16	438	264
UniRef90_UPI00064FCF90	15.18	438	516
UniRef90_UPI0004422975	19.21	438	271
UniRef90_UPI0004422975	16.09	438	271
UniRef90_UPI0003EBB80A	21.84	438	206
UniRef90_K7GC19	45.67	438	137
UniRef90_UPI00064BE2AA	12.09	438	486
UniRef90_UPI00064BE2AA	14.21	438	486
UniRef90_UPI00064D3971	19.06	438	409
UniRef90_UPI000328E914	15.91	438	254
UniRef90_UPI000328E914	21.58	438	254
UniRef90_UPI0003EA9ED6	32.20	438	345
UniRef90_UPI0003EA9ED6	20.61	438	345
UniRef90_Q5KTJ5	15.00	438	100
UniRef90_Q5KTJ5	22.00	438	100
UniRef90_A0A0M3CUG7	23.91	438	118
UniRef90_K7EDF5	17.39	438	103
UniRef90_A6YF57	28.57	438	101
UniRef90_W5N0L1	49.25	438	78
UniRef90_T1W3M3	77.94	438	72
UniRef90_UPI00064D66E1	20.00	438	245
UniRef90_UPI00064D66E1	19.19	438	245
UniRef90_A9UHN1	21.33	438	126
UniRef90_Q8MIL1	18.03	438	62
UniRef90_B2LYK1	18.75	438	66
UniRef90_UPI000696718B	18.75	438	140
UniRef90_S7N7H2	19.32	438	131
UniRef90_A5H0J9	18.56	438	167
UniRef90_G3IMS5	17.13	438	186
UniRef90_UPI0003EBFA46	20.71	438	208
UniRef90_Q7LZ08	42.11	438	153
UniRef90_A0A060ZB83	21.19	438	138
