UniRef90_P43487	100.00	146	201
UniRef90_H9H002	99.32	146	197
UniRef90_UPI0004F07649	99.32	146	214
UniRef90_UPI00048AB70B	98.63	146	211
UniRef90_A0A061I7C8	99.32	146	221
UniRef90_UPI000625FD27	99.32	146	213
UniRef90_F6WQW2	100.00	146	278
UniRef90_UPI000704411C	99.32	146	283
UniRef90_G1TH06	98.63	146	266
UniRef90_UPI0003F10EA7	97.26	146	310
UniRef90_M3Z5V4	95.89	146	209
UniRef90_UPI0003EC44C1	98.63	146	229
UniRef90_G3SGM9	97.26	146	201
UniRef90_UPI0003F0CCBD	97.26	146	281
UniRef90_UPI000328B1AF	95.89	146	214
UniRef90_UPI00034FFF96	97.26	146	260
UniRef90_Q5ZJ38	93.84	146	208
UniRef90_G7PH94	87.88	146	230
UniRef90_UPI00067FAC84	97.26	146	304
UniRef90_A0A091SPM9	93.84	146	182
UniRef90_F7C2T7	93.15	146	206
UniRef90_UPI0004433294	93.79	146	262
UniRef90_UPI000350D8A7	93.84	146	274
UniRef90_UPI0003C27E5E	93.84	146	286
UniRef90_U3FW93	91.78	146	209
UniRef90_F6SRX1	93.79	146	195
UniRef90_UPI0004446B25	98.54	146	200
UniRef90_M7BSW6	92.47	146	221
UniRef90_A0A091RV80	91.78	146	195
UniRef90_F6YM00	91.10	146	212
UniRef90_L9KPP9	76.19	146	252
UniRef90_Q3T0M7	98.51	146	206
UniRef90_U3K0G5	91.22	146	292
UniRef90_UPI00035989DF	96.43	146	427
UniRef90_K7F2P2	95.00	146	206
UniRef90_W5QAB7	98.51	146	200
UniRef90_UPI0006B13E0D	98.51	146	342
UniRef90_H3BDF2	88.11	146	216
UniRef90_I3JYK7	88.65	146	216
UniRef90_H2MJW7	87.32	146	212
UniRef90_L8I462	93.53	146	207
UniRef90_D2HEZ0	97.67	146	146
UniRef90_H2UBX7	87.23	146	230
UniRef90_H3DH78	86.52	146	208
UniRef90_W5M3P6	87.86	146	233
UniRef90_C3KH80	88.57	146	217
UniRef90_Q6NWK3	86.52	146	211
UniRef90_UPI0006B35FCF	87.23	146	218
UniRef90_A0A0E9X9H3	87.23	146	219
UniRef90_M3ZJQ2	84.03	146	217
UniRef90_C1BYV4	87.23	146	211
UniRef90_B4DE76	99.21	146	204
UniRef90_UPI0004958F28	86.52	146	256
UniRef90_UPI000496E8B1	86.52	146	210
UniRef90_G3PHQ3	85.11	146	216
UniRef90_UPI0002C32E4E	96.12	146	311
UniRef90_F6YBN5	87.14	146	209
UniRef90_A0A096MDZ8	83.45	146	233
UniRef90_UPI0006446F27	82.98	146	301
UniRef90_Q6GR67	89.05	146	156
UniRef90_V9L0X4	83.69	146	218
UniRef90_G3W4A7	84.25	146	204
UniRef90_K7FL45	95.16	146	148
UniRef90_M3W1P9	99.15	146	158
UniRef90_F7EZV6	86.11	146	168
UniRef90_G2HHN4	100.00	146	221
UniRef90_UPI00062A9D4F	81.51	146	169
UniRef90_G3VXL7	93.97	146	174
UniRef90_I3NCA9	86.58	146	199
UniRef90_F6S5V2	82.07	146	210
UniRef90_UPI000625E3B1	90.76	146	151
UniRef90_UPI0003C43B2C	96.33	146	156
UniRef90_F7C246	76.55	146	203
UniRef90_G3QES4	77.18	146	203
UniRef90_V4A4K5	75.37	146	234
UniRef90_UPI0005FAB05F	98.10	146	154
UniRef90_UPI000521AAFA	88.89	146	159
UniRef90_UPI0005F45E20	77.40	146	169
UniRef90_UPI00042CD730	98.10	146	216
UniRef90_UPI0006977330	72.18	146	225
UniRef90_A0A087TC79	73.13	146	248
UniRef90_UPI0005C36853	73.53	146	229
UniRef90_C3XVW8	74.13	146	228
UniRef90_T1FNL4	71.01	146	269
UniRef90_S9YS63	91.26	146	161
UniRef90_UPI00029D972B	71.92	146	161
UniRef90_UPI0004CD6E90	67.15	146	253
UniRef90_E9HLQ0	61.81	146	228
UniRef90_A0A0L8HDA0	69.63	146	212
UniRef90_UPI00063F2BBE	65.94	146	258
UniRef90_UPI0006B09CA6	72.26	146	254
UniRef90_UPI0000588B39	68.35	146	259
UniRef90_A0A088AV12	66.42	146	254
UniRef90_UPI0006295AD7	66.42	146	253
UniRef90_UPI00062A66C3	78.74	146	513
UniRef90_W4ZCC8	68.35	146	285
UniRef90_A0A061H1L8	65.94	146	195
UniRef90_A0A0N0U3F1	65.69	146	255
UniRef90_UPI0005ACFE06	65.69	146	245
UniRef90_A0A0B7AZ02	67.15	146	222
UniRef90_R7TWJ3	63.57	146	201
UniRef90_E2AAH0	65.22	146	265
UniRef90_UPI0006267B22	64.49	146	260
UniRef90_UPI000258DBEC	66.67	146	258
UniRef90_A0A060SP07	66.91	146	229
UniRef90_J9VDT9	65.22	146	238
UniRef90_W4WA84	64.49	146	257
UniRef90_UPI00065BFB16	66.91	146	256
UniRef90_UPI0006264662	65.93	146	256
UniRef90_A0A0L0HH36	68.84	146	193
UniRef90_A0A0F8AZU7	62.50	146	230
UniRef90_UPI0005D3F88D	63.77	146	259
UniRef90_E2BCB2	63.77	146	265
UniRef90_UPI0004621B5C	64.75	146	204
UniRef90_A0A015IGS6	64.63	146	221
UniRef90_UPI0006232989	64.44	146	259
UniRef90_UPI0005EE292C	64.23	146	258
UniRef90_J4I9T5	64.03	146	203
UniRef90_K7IS59	60.00	146	253
UniRef90_A0A067NPY7	64.49	146	202
UniRef90_UPI0005F4B025	63.70	146	260
UniRef90_A0A068RJX7	64.49	146	185
UniRef90_S8F3M4	63.31	146	205
UniRef90_V5HLK0	62.50	146	177
UniRef90_U4LV20	63.12	146	217
UniRef90_I1BJU6	62.04	146	170
UniRef90_A0A0D7BTS5	62.59	146	198
UniRef90_S2J756	63.12	146	180
UniRef90_UPI0005CE6BFF	60.87	146	244
UniRef90_A0A058YZD4	62.59	146	219
UniRef90_A0A023FZ87	61.97	146	227
UniRef90_UPI00049801DA	66.67	146	203
UniRef90_A0A0F7RYJ4	62.59	146	180
UniRef90_G3ULJ1	74.31	146	175
UniRef90_F7ATN8	68.66	146	211
UniRef90_A0A0D0AS29	63.04	146	195
UniRef90_B7PPI2	62.50	146	258
UniRef90_UPI000180B5B0	68.66	146	244
UniRef90_L7M3M1	62.68	146	226
UniRef90_UPI000596000B	67.74	146	149
UniRef90_A0A0L0T9L0	64.75	146	227
UniRef90_W4KDB3	61.87	146	207
UniRef90_I2G0S5	62.59	146	199
UniRef90_S7RYA4	63.04	146	207
UniRef90_A0A077R3I2	61.15	146	179
UniRef90_A7S303	63.31	146	225
UniRef90_A0A063C7M3	62.50	146	248
UniRef90_A0A0F4ZBI2	62.50	146	221
UniRef90_R9P7J7	61.87	146	204
UniRef90_A0A067QMB4	61.59	146	206
UniRef90_E7A0D0	63.04	146	199
UniRef90_A0A0C2XFR7	61.59	146	191
UniRef90_A0A0D0AF72	63.04	146	193
UniRef90_F4P0Q8	62.32	146	214
UniRef90_UPI0006D520A8	60.56	146	243
UniRef90_UPI00019A1AD2	63.12	146	159
UniRef90_A0A0C3E509	63.24	146	193
UniRef90_J3NID4	60.14	146	251
UniRef90_A0A0M8MNH7	61.59	146	197
UniRef90_G3JUN5	61.81	146	283
UniRef90_A0A0L9SJP5	61.11	146	242
UniRef90_A0A0B7K0L5	60.99	146	241
UniRef90_UPI0006C9A436	59.85	146	243
UniRef90_Q5BH96	62.41	146	242
UniRef90_F0J9M3	64.62	146	138
UniRef90_D5GGK3	62.14	146	236
UniRef90_M7XLD8	66.15	146	257
UniRef90_A0A0C3AYM2	60.00	146	219
UniRef90_W7MJJ1	61.11	146	242
UniRef90_J5JQ07	62.68	146	275
UniRef90_A0A0M0UB27	59.44	146	250
UniRef90_A0A0C3RQ15	61.15	146	199
UniRef90_G0S6K6	60.84	146	240
UniRef90_UPI000441376E	62.77	146	193
UniRef90_E9DVJ3	61.54	146	244
UniRef90_A0A081CCY9	61.15	146	204
UniRef90_A0A0D2WSX0	64.96	146	211
UniRef90_A0A086T3K2	61.11	146	236
UniRef90_G4N530	60.28	146	247
UniRef90_A8PSA1	60.14	146	201
UniRef90_A0A0C3PGF2	61.19	146	198
UniRef90_A0A066VPW4	58.99	146	168
UniRef90_A0A0A1MUH3	61.03	146	171
UniRef90_B0CUX5	60.87	146	152
UniRef90_A0A0J1AZN1	62.32	146	194
UniRef90_A0A0D6EGU6	62.69	146	254
UniRef90_A0A060TE09	61.76	146	226
UniRef90_A0A0C3CP64	62.32	146	207
UniRef90_A8NWI0	60.87	146	202
UniRef90_M7SK57	62.94	146	237
UniRef90_A0A0L8HDQ6	69.75	146	188
UniRef90_I4Y824	64.71	146	203
UniRef90_A0A0F7ZPX4	60.14	146	250
UniRef90_A0A067TJT6	62.32	146	200
UniRef90_R8BCR4	60.42	146	246
UniRef90_B2AWB5	58.74	146	253
UniRef90_A0A0C9X8L1	60.58	146	191
UniRef90_Q4WVI1	60.99	146	247
UniRef90_M3B8U8	63.04	146	240
UniRef90_W3XFL2	59.44	146	247
UniRef90_D8PKW0	60.87	146	210
UniRef90_A0A0D2HCQ5	61.87	146	249
UniRef90_N1JM70	60.14	146	222
UniRef90_G4TP86	59.72	146	257
UniRef90_I8U5M5	61.70	146	246
UniRef90_A0A0C4ELN5	58.99	146	245
UniRef90_F8PNH1	60.14	146	194
UniRef90_A0A0H2RV16	62.77	146	226
UniRef90_A0A0D1DZY9	60.87	146	203
UniRef90_UPI0003F4A393	65.25	146	243
UniRef90_A0A0D7A7K5	62.32	146	208
UniRef90_A0A0C3LAW7	62.59	146	242
UniRef90_A0A0D0EA61	62.77	146	193
UniRef90_Q0CW79	62.41	146	236
UniRef90_S3D6G3	60.43	146	256
UniRef90_A0A0D2P0W7	62.32	146	200
UniRef90_A0A0L0N9N0	59.03	146	247
UniRef90_A0A0H1BDJ3	61.70	146	187
UniRef90_A0A015I7X3	66.40	146	177
UniRef90_UPI0005D08BBC	61.31	146	234
UniRef90_R9AIH3	62.50	146	216
UniRef90_V5G729	61.70	146	241
UniRef90_W2S8Y0	62.59	146	268
UniRef90_G3MX11	98.78	146	126
UniRef90_V2XXC0	60.87	146	201
UniRef90_A0A0D1ZL63	60.43	146	266
UniRef90_W6MTL7	62.50	146	199
UniRef90_D4AJE7	62.59	146	250
UniRef90_A0A084GD86	59.44	146	239
UniRef90_A5DGZ1	62.04	146	204
UniRef90_U5H9P1	63.08	146	238
UniRef90_Q2H9I7	58.74	146	261
UniRef90_A2RA71	60.99	146	251
UniRef90_W9WAV1	60.87	146	272
UniRef90_C5GLI9	61.70	146	266
UniRef90_A0A0B7NMV1	61.70	146	184
UniRef90_G2XI42	60.14	146	257
UniRef90_F0XHK7	62.22	146	244
UniRef90_A0A0A9YHZ8	60.29	146	244
UniRef90_K1X463	59.57	146	250
UniRef90_A0A0G2FXP0	60.14	146	241
UniRef90_A0A074Y418	59.57	146	162
UniRef90_W6ZGZ6	59.57	146	251
UniRef90_A0A0F8UVM1	61.87	146	241
UniRef90_A0A0A0HV97	63.12	146	481
UniRef90_R7YQ49	60.00	146	268
UniRef90_A3GH31	62.69	146	199
UniRef90_A0A098VLZ8	61.31	146	222
UniRef90_A0A0F4Z1A1	60.99	146	254
UniRef90_C0NFN5	62.41	146	261
UniRef90_E3KM69	59.42	146	252
UniRef90_C4JRG3	61.70	146	228
UniRef90_A0A072NYX7	60.43	146	254
UniRef90_U9W553	59.57	146	250
UniRef90_L8H4I5	62.41	146	200
UniRef90_A7F1H4	58.04	146	261
UniRef90_M2LUE5	59.71	146	233
UniRef90_S8BYH4	60.87	146	236
UniRef90_B2WJ58	59.71	146	249
UniRef90_K2S5Y8	60.28	146	254
UniRef90_A0A069DQS8	60.29	146	222
UniRef90_G2QBH1	58.04	146	270
UniRef90_U1GWL9	59.57	146	263
UniRef90_M1VUC3	59.86	146	247
UniRef90_W1QCK5	59.71	146	210
UniRef90_A0A087VMS1	63.97	146	155
UniRef90_A0A0G2J6V1	61.87	146	266
UniRef90_A0A0C2ID63	60.74	146	254
UniRef90_A6QZ05	61.87	146	205
UniRef90_S9Q6T5	62.31	146	215
UniRef90_A0A091JY44	63.50	146	190
UniRef90_S9VZN4	62.79	146	215
UniRef90_A0A0D1YHB8	59.57	146	252
UniRef90_A0A0G1ZLM1	81.00	146	166
UniRef90_G6CHN5	59.12	146	228
UniRef90_C4Y828	60.87	146	202
UniRef90_C5DNF0	59.56	146	203
UniRef90_A0A0A1TBC1	59.03	146	238
UniRef90_C5PD81	60.99	146	242
UniRef90_A0A093VHS5	60.28	146	153
UniRef90_H2ARS0	61.03	146	199
UniRef90_A5DT14	60.14	146	222
UniRef90_F9X2P5	60.43	146	232
UniRef90_H9JTP3	59.12	146	230
UniRef90_A0A0D2CV66	61.03	146	270
UniRef90_N1PVY5	60.87	146	230
UniRef90_A0A0K6FN84	61.94	146	217
UniRef90_B6HKG0	60.28	146	252
UniRef90_A0A0J9XFI6	62.22	146	234
UniRef90_B8NKR8	61.70	146	471
UniRef90_A0A0D1ZGB9	60.29	146	244
UniRef90_Q6BXJ0	60.45	146	202
UniRef90_Q757L0	59.29	146	210
UniRef90_I1G2V6	60.29	146	230
UniRef90_A0A0C7N1E2	61.03	146	204
UniRef90_G9NRD0	55.26	146	239
UniRef90_S4NJ62	58.39	146	233
UniRef90_B8M357	60.43	146	243
UniRef90_A0A017SBT5	60.43	146	163
UniRef90_I6NDB8	60.58	146	242
UniRef90_A0A099P269	59.56	146	216
UniRef90_G3BFV9	60.45	146	208
UniRef90_E0VMZ5	54.35	146	232
UniRef90_A0A0B1NZI6	57.55	146	256
UniRef90_Q13073	65.93	146	215
UniRef90_B3RJL7	55.94	146	164
UniRef90_G9N0B6	54.00	146	234
UniRef90_A0A0F7TU77	62.99	146	249
UniRef90_A0A093IXU7	63.43	146	152
UniRef90_A0A0L0P5Y5	59.56	146	207
UniRef90_A0A084QDC9	62.99	146	255
UniRef90_A0A0L7QL61	66.37	146	205
UniRef90_A0A075A6I2	53.85	146	227
UniRef90_A0A091VQI4	62.50	146	155
UniRef90_A0A091S0M5	63.24	146	155
UniRef90_A0A0C3BBT6	56.93	146	215
UniRef90_A0A067NA83	61.31	146	206
UniRef90_S3DTU7	57.34	146	268
UniRef90_J6ESK9	63.04	146	198
UniRef90_A0A0D1WUK2	61.03	146	263
UniRef90_N6TIF3	57.89	146	265
UniRef90_F4RFW5	59.85	146	226
UniRef90_G1XTN1	58.57	146	236
UniRef90_UPI00067C1EFB	56.93	146	229
UniRef90_M7PIQ0	61.03	146	213
UniRef90_G2R9Z1	60.99	146	457
UniRef90_G8Y313	58.99	146	207
UniRef90_G3AJ46	59.70	146	190
UniRef90_G7DVY5	57.86	146	244
UniRef90_A0A0D2EX93	60.29	146	267
UniRef90_F2QY31	58.09	146	222
UniRef90_UPI00067470EF	64.06	146	145
UniRef90_A0A0E9N7Q4	58.96	146	211
UniRef90_K0KSB8	60.90	146	213
UniRef90_E5A5C7	59.57	146	351
UniRef90_UPI0006CEC1FD	56.74	146	232
UniRef90_A0A0C3H9G5	58.87	146	475
UniRef90_A0A074SCZ1	60.58	146	244
UniRef90_M5G8A3	56.52	146	204
UniRef90_F7ISA3	82.65	146	138
UniRef90_A7TI67	60.14	146	203
UniRef90_H0W291	63.77	146	164
UniRef90_F2DYU7	57.55	146	209
UniRef90_A0A0H5CCH3	59.56	146	209
UniRef90_A0A093V149	60.28	146	244
UniRef90_A0A061AYU0	59.85	146	212
UniRef90_B6K2Q4	60.77	146	216
UniRef90_J7RQU5	60.29	146	208
UniRef90_UPI0006C95788	58.27	146	218
UniRef90_A0A0G4M737	63.64	146	140
UniRef90_Q6CMW3	60.29	146	203
UniRef90_A0A0G4L0E4	60.99	146	510
UniRef90_S7ZUR4	62.99	146	243
UniRef90_H2YFK5	70.54	146	186
UniRef90_M3DCD9	61.15	146	449
UniRef90_L8G0Z2	55.94	146	278
UniRef90_H6BKK8	62.20	146	267
UniRef90_UPI000675D88D	55.47	146	229
UniRef90_A0A0D2HPH9	61.03	146	509
UniRef90_A0A0L0FRV7	60.00	146	243
UniRef90_T1HUF1	57.66	146	147
UniRef90_A0A0L0UVF1	57.55	146	230
UniRef90_UPI0006430BA5	64.71	146	3220
UniRef90_UPI0006430BA5	54.79	146	3220
UniRef90_UPI0006430BA5	52.17	146	3220
UniRef90_UPI0006430BA5	47.01	146	3220
UniRef90_UPI0003EACF39	60.84	146	2703
UniRef90_UPI0003EACF39	53.57	146	2703
UniRef90_UPI0003EACF39	54.55	146	2703
UniRef90_UPI0003EACF39	47.10	146	2703
UniRef90_UPI0006D92D84	61.76	146	352
UniRef90_Q5AAL2	59.56	146	212
UniRef90_G8ZTQ8	59.12	146	207
UniRef90_W5MWA8	60.84	146	3009
UniRef90_W5MWA8	53.57	146	3009
UniRef90_W5MWA8	54.55	146	3009
UniRef90_W5MWA8	47.10	146	3009
UniRef90_W5MWC4	60.84	146	2967
UniRef90_W5MWC4	53.57	146	2967
UniRef90_W5MWC4	54.55	146	2967
UniRef90_W5MWC4	47.10	146	2967
UniRef90_UPI0006450EFB	54.05	146	231
UniRef90_W5MWB4	60.84	146	2990
UniRef90_W5MWB4	53.57	146	2990
UniRef90_W5MWB4	53.42	146	2990
UniRef90_W5MWB4	47.10	146	2990
UniRef90_W7IH23	59.09	146	239
UniRef90_A0A026W5P4	62.83	146	209
UniRef90_M3J9Z2	57.45	146	209
UniRef90_F1QER3	62.59	146	202
UniRef90_UPI00062A7B01	64.96	146	2535
UniRef90_UPI00062A7B01	56.03	146	2535
UniRef90_UPI00062A7B01	52.17	146	2535
UniRef90_UPI00062A7B01	47.01	146	2535
UniRef90_G8BWX6	59.85	146	203
UniRef90_A0A0M0J9I9	58.82	146	191
UniRef90_M5BLE8	61.19	146	239
UniRef90_C5M4M7	58.82	146	207
UniRef90_A0A075AUF0	62.30	146	156
UniRef90_Q5DD44	52.78	146	204
UniRef90_C0H905	90.12	146	114
UniRef90_A0A0D9M7Z3	60.28	146	522
UniRef90_N4VZJ2	59.72	146	238
UniRef90_UPI00035056FB	63.57	146	3028
UniRef90_UPI00035056FB	51.39	146	3028
UniRef90_UPI00035056FB	52.17	146	3028
UniRef90_UPI00035056FB	48.55	146	3028
UniRef90_UPI000333CDCE	64.96	146	3042
UniRef90_UPI000333CDCE	56.03	146	3042
UniRef90_UPI000333CDCE	52.17	146	3042
UniRef90_UPI000333CDCE	47.01	146	3042
UniRef90_F1NA05	63.57	146	3009
UniRef90_F1NA05	51.39	146	3009
UniRef90_F1NA05	52.17	146	3009
UniRef90_F1NA05	48.55	146	3009
UniRef90_UPI00033332F1	64.96	146	3045
UniRef90_UPI00033332F1	54.79	146	3045
UniRef90_UPI00033332F1	52.17	146	3045
UniRef90_UPI00033332F1	47.01	146	3045
UniRef90_UPI0003F07677	62.86	146	3089
UniRef90_UPI0003F07677	54.79	146	3089
UniRef90_UPI0003F07677	52.17	146	3089
UniRef90_UPI0003F07677	47.01	146	3089
UniRef90_M3WXW5	64.96	146	3011
UniRef90_M3WXW5	54.79	146	3011
UniRef90_M3WXW5	52.17	146	3011
UniRef90_M3WXW5	47.01	146	3011
UniRef90_K9IPK6	64.96	146	3074
UniRef90_K9IPK6	56.03	146	3074
UniRef90_K9IPK6	52.17	146	3074
UniRef90_K9IPK6	47.76	146	3074
UniRef90_G8BCG3	57.14	146	228
UniRef90_UPI000549E12F	64.96	146	3040
UniRef90_UPI000549E12F	51.39	146	3040
UniRef90_UPI000549E12F	52.17	146	3040
UniRef90_UPI000549E12F	47.83	146	3040
UniRef90_A0A0A2IZG4	60.28	146	582
UniRef90_UPI0006802B4F	64.96	146	3175
UniRef90_UPI0006802B4F	54.79	146	3175
UniRef90_UPI0006802B4F	52.17	146	3175
UniRef90_UPI0006802B4F	46.27	146	3175
UniRef90_M0R3M4	64.96	146	3088
UniRef90_M0R3M4	55.32	146	3088
UniRef90_M0R3M4	52.17	146	3088
UniRef90_M0R3M4	47.01	146	3088
UniRef90_U6JL98	56.52	146	233
UniRef90_C5DPM5	58.39	146	208
UniRef90_L5LVP3	64.96	146	2677
UniRef90_L5LVP3	54.79	146	2677
UniRef90_L5LVP3	52.17	146	2677
UniRef90_L5LVP3	47.01	146	2677
UniRef90_UPI00063EF39B	64.96	146	3221
UniRef90_UPI00063EF39B	54.79	146	3221
UniRef90_UPI00063EF39B	52.17	146	3221
UniRef90_UPI00063EF39B	47.01	146	3221
UniRef90_S7QDA6	64.96	146	3108
UniRef90_S7QDA6	54.79	146	3108
UniRef90_S7QDA6	52.17	146	3108
UniRef90_S7QDA6	47.01	146	3108
UniRef90_Q9ERU9	64.96	146	3053
UniRef90_Q9ERU9	56.03	146	3053
UniRef90_Q9ERU9	52.17	146	3053
UniRef90_Q9ERU9	47.01	146	3053
UniRef90_UPI00046B553B	64.49	146	3030
UniRef90_UPI00046B553B	54.79	146	3030
UniRef90_UPI00046B553B	52.17	146	3030
UniRef90_UPI00046B553B	46.48	146	3030
UniRef90_L9LBV4	62.86	146	1905
UniRef90_L9LBV4	58.33	146	1905
UniRef90_UPI0003F135CD	64.23	146	3105
UniRef90_UPI0003F135CD	56.03	146	3105
UniRef90_UPI0003F135CD	52.17	146	3105
UniRef90_UPI0003F135CD	47.01	146	3105
UniRef90_UPI0003EC594C	64.96	146	3089
UniRef90_UPI0003EC594C	54.79	146	3089
UniRef90_UPI0003EC594C	52.17	146	3089
UniRef90_UPI0003EC594C	47.01	146	3089
UniRef90_UPI0003F0F340	64.23	146	3051
UniRef90_UPI0003F0F340	56.03	146	3051
UniRef90_UPI0003F0F340	52.17	146	3051
UniRef90_UPI0003F0F340	47.01	146	3051
UniRef90_G1P526	64.96	146	3125
UniRef90_G1P526	54.79	146	3125
UniRef90_G1P526	52.17	146	3125
UniRef90_G1P526	47.01	146	3125
UniRef90_UPI0005CFFB74	64.96	146	3199
UniRef90_UPI0005CFFB74	54.11	146	3199
UniRef90_UPI0005CFFB74	52.17	146	3199
UniRef90_UPI0005CFFB74	46.27	146	3199
UniRef90_UPI0002C450CB	64.23	146	3043
UniRef90_UPI0002C450CB	54.79	146	3043
UniRef90_UPI0002C450CB	52.17	146	3043
UniRef90_UPI0002C450CB	47.01	146	3043
UniRef90_L0PE37	63.04	146	209
UniRef90_UPI0006715AD8	63.24	146	635
UniRef90_F6RYC0	64.96	146	3042
UniRef90_F6RYC0	54.79	146	3042
UniRef90_F6RYC0	52.17	146	3042
UniRef90_F6RYC0	47.01	146	3042
UniRef90_A0A0D9RWS6	64.96	146	3247
UniRef90_A0A0D9RWS6	54.11	146	3247
UniRef90_A0A0D9RWS6	52.17	146	3247
UniRef90_A0A0D9RWS6	47.01	146	3247
UniRef90_G0WDT2	58.09	146	215
UniRef90_UPI000649A36C	64.96	146	3044
UniRef90_UPI000649A36C	56.03	146	3044
UniRef90_UPI000649A36C	52.17	146	3044
UniRef90_UPI000649A36C	47.01	146	3044
UniRef90_R7QK89	58.96	146	214
UniRef90_UPI0004ED1538	64.23	146	3085
UniRef90_UPI0004ED1538	56.03	146	3085
UniRef90_UPI0004ED1538	52.17	146	3085
UniRef90_UPI0004ED1538	47.01	146	3085
UniRef90_F6TKC3	62.77	146	2827
UniRef90_F6TKC3	51.41	146	2827
UniRef90_F6TKC3	49.28	146	2827
UniRef90_F6TKC3	48.51	146	2827
UniRef90_G1SEW3	64.23	146	3097
UniRef90_G1SEW3	54.11	146	3097
UniRef90_G1SEW3	52.14	146	3097
UniRef90_G1SEW3	47.01	146	3097
UniRef90_UPI00048EA8B3	64.23	146	3132
UniRef90_UPI00048EA8B3	54.11	146	3132
UniRef90_UPI00048EA8B3	52.14	146	3132
UniRef90_UPI00048EA8B3	47.01	146	3132
UniRef90_A0A0F7Z427	63.57	146	3017
UniRef90_A0A0F7Z427	51.39	146	3017
UniRef90_A0A0F7Z427	50.72	146	3017
UniRef90_A0A0F7Z427	47.79	146	3017
UniRef90_UPI0006519F32	64.23	146	3090
UniRef90_UPI0006519F32	56.03	146	3090
UniRef90_UPI0006519F32	52.14	146	3090
UniRef90_UPI0006519F32	47.01	146	3090
UniRef90_A0A0L1HGC7	59.71	146	1693
UniRef90_UPI0006525851	64.23	146	2894
UniRef90_UPI0006525851	56.03	146	2894
UniRef90_UPI0006525851	52.14	146	2894
UniRef90_UPI000661BD66	63.50	146	3119
UniRef90_UPI000661BD66	54.17	146	3119
UniRef90_UPI000661BD66	52.17	146	3119
UniRef90_UPI000661BD66	47.01	146	3119
UniRef90_G1KAA3	62.86	146	2819
UniRef90_G1KAA3	51.45	146	2819
UniRef90_G1KAA3	52.90	146	2819
UniRef90_G1KAA3	49.25	146	2819
UniRef90_W0VIA4	56.20	146	210
UniRef90_H0UTT9	63.50	146	2925
UniRef90_H0UTT9	52.17	146	2925
UniRef90_H0UTT9	53.79	146	2925
UniRef90_H0UTT9	47.01	146	2925
UniRef90_UPI00054F7220	88.89	146	102
UniRef90_UPI00062AC58C	63.50	146	3065
UniRef90_UPI00062AC58C	54.86	146	3065
UniRef90_UPI00062AC58C	52.17	146	3065
UniRef90_UPI00062AC58C	47.01	146	3065
UniRef90_A0A091E2Q8	63.50	146	3175
UniRef90_A0A091E2Q8	54.86	146	3175
UniRef90_A0A091E2Q8	52.17	146	3175
UniRef90_A0A091E2Q8	46.27	146	3175
UniRef90_M2XB10	53.28	146	193
UniRef90_V8PC53	63.57	146	2809
UniRef90_V8PC53	52.78	146	2809
UniRef90_V8PC53	50.00	146	2809
UniRef90_V8PC53	47.06	146	2809
UniRef90_UPI0005F417C4	64.23	146	2953
UniRef90_UPI0005F417C4	54.11	146	2953
UniRef90_UPI0005F417C4	51.45	146	2953
UniRef90_UPI0005F417C4	47.01	146	2953
UniRef90_UPI00062A54A1	64.23	146	3223
UniRef90_UPI00062A54A1	54.11	146	3223
UniRef90_UPI00062A54A1	51.45	146	3223
UniRef90_UPI00062A54A1	46.27	146	3223
UniRef90_G1M3B3	63.97	146	3135
UniRef90_G1M3B3	54.11	146	3135
UniRef90_G1M3B3	52.17	146	3135
UniRef90_G1M3B3	47.01	146	3135
UniRef90_UPI00029DAD85	63.97	146	2280
UniRef90_UPI00029DAD85	53.42	146	2280
UniRef90_UPI00029DAD85	44.60	146	2280
UniRef90_UPI00029DAD85	53.06	146	2280
UniRef90_UPI0006437A68	64.23	146	2246
UniRef90_UPI0006437A68	52.74	146	2246
UniRef90_UPI0006437A68	52.17	146	2246
UniRef90_UPI0006437A68	46.27	146	2246
UniRef90_UPI0003EDBBD9	63.97	146	3100
UniRef90_UPI0003EDBBD9	54.11	146	3100
UniRef90_UPI0003EDBBD9	52.17	146	3100
UniRef90_UPI0003EDBBD9	47.01	146	3100
UniRef90_A0A094A5R9	55.24	146	725
UniRef90_H8WWE4	57.35	146	218
UniRef90_A0A0C9UU98	56.52	146	202
UniRef90_UPI00042A9E3A	63.24	146	3026
UniRef90_UPI00042A9E3A	55.32	146	3026
UniRef90_UPI00042A9E3A	52.17	146	3026
UniRef90_UPI00042A9E3A	46.76	146	3026
UniRef90_I2GUL5	60.15	146	201
UniRef90_A0A094BHA3	56.74	146	812
UniRef90_F1PA81	63.97	146	3047
UniRef90_F1PA81	52.17	146	3047
UniRef90_F1PA81	58.04	146	3047
UniRef90_F1PA81	47.01	146	3047
UniRef90_UPI0004F0756A	63.97	146	2291
UniRef90_UPI0004F0756A	54.11	146	2291
UniRef90_UPI0004F0756A	52.17	146	2291
UniRef90_UPI0004F0756A	45.39	146	2291
UniRef90_UPI000643452C	64.23	146	3151
UniRef90_UPI000643452C	52.74	146	3151
UniRef90_UPI000643452C	52.17	146	3151
UniRef90_UPI000643452C	46.27	146	3151
UniRef90_I3N884	63.97	146	2722
UniRef90_I3N884	54.79	146	2722
UniRef90_I3N884	52.17	146	2722
UniRef90_I3N884	45.32	146	2722
UniRef90_A7SEF3	55.22	146	135
UniRef90_G3SMA8	63.24	146	3072
UniRef90_G3SMA8	54.42	146	3072
UniRef90_G3SMA8	52.17	146	3072
UniRef90_G3SMA8	47.01	146	3072
UniRef90_P41920	57.35	146	201
UniRef90_H2P5C5	63.97	146	2354
UniRef90_H2P5C5	54.11	146	2354
UniRef90_H2P5C5	52.17	146	2354
UniRef90_H2P5C5	46.76	146	2354
UniRef90_UPI0005ACE4C3	63.97	146	2877
UniRef90_UPI0005ACE4C3	54.79	146	2877
UniRef90_UPI0005ACE4C3	52.17	146	2877
UniRef90_UPI0005ACE4C3	47.01	146	2877
UniRef90_A0A094GZH7	55.24	146	672
UniRef90_F6PMV1	63.50	146	2922
UniRef90_F6PMV1	52.14	146	2922
UniRef90_F6PMV1	52.05	146	2922
UniRef90_F6PMV1	45.65	146	2922
UniRef90_UPI0005406ABF	63.24	146	3396
UniRef90_UPI0005406ABF	54.79	146	3396
UniRef90_UPI0005406ABF	52.17	146	3396
UniRef90_UPI0005406ABF	47.01	146	3396
UniRef90_P49792	63.97	146	3224
UniRef90_P49792	54.11	146	3224
UniRef90_P49792	52.17	146	3224
UniRef90_P49792	45.32	146	3224
UniRef90_G3VQ96	63.50	146	2975
UniRef90_G3VQ96	52.14	146	2975
UniRef90_G3VQ96	51.37	146	2975
UniRef90_G3VQ96	45.65	146	2975
UniRef90_A0A0M8MXB0	53.02	146	257
UniRef90_R7VSF7	63.50	146	2832
UniRef90_R7VSF7	50.69	146	2832
UniRef90_R7VSF7	48.94	146	2832
UniRef90_R7VSF7	52.00	146	2832
UniRef90_L5KJF5	62.77	146	2095
UniRef90_L5KJF5	53.42	146	2095
UniRef90_UPI0002741096	63.97	146	3093
UniRef90_UPI0002741096	54.11	146	3093
UniRef90_UPI0002741096	52.14	146	3093
UniRef90_UPI0002741096	46.04	146	3093
UniRef90_H0XVI6	63.97	146	3061
UniRef90_H0XVI6	52.14	146	3061
UniRef90_H0XVI6	52.74	146	3061
UniRef90_H0XVI6	46.04	146	3061
UniRef90_Q6CEJ9	63.04	146	269
UniRef90_G5CB92	63.24	146	3401
UniRef90_G5CB92	54.11	146	3401
UniRef90_G5CB92	52.17	146	3401
UniRef90_G5CB92	40.51	146	3401
UniRef90_A0A0G2EZC1	59.86	146	1080
UniRef90_UPI0005D0D12B	63.50	146	3021
UniRef90_UPI0005D0D12B	52.78	146	3021
UniRef90_UPI0005D0D12B	50.72	146	3021
UniRef90_UPI0005D0D12B	49.65	146	3021
UniRef90_UPI000626191F	63.50	146	3116
UniRef90_UPI000626191F	54.11	146	3116
UniRef90_UPI000626191F	52.17	146	3116
UniRef90_UPI000626191F	47.01	146	3116
UniRef90_UPI000626B121	63.50	146	3142
UniRef90_UPI000626B121	54.11	146	3142
UniRef90_UPI000626B121	52.17	146	3142
UniRef90_UPI000626B121	47.01	146	3142
UniRef90_UPI0003F162AC	62.77	146	3020
UniRef90_UPI0003F162AC	53.42	146	3020
UniRef90_UPI0003F162AC	52.17	146	3020
UniRef90_UPI0003F162AC	41.79	146	3020
UniRef90_A0A093XSX0	56.03	146	701
UniRef90_UPI0004BDD3CC	63.97	146	2306
UniRef90_UPI0004BDD3CC	52.17	146	2306
UniRef90_UPI0004BDD3CC	47.01	146	2306
UniRef90_UPI000443FCDD	63.50	146	3086
UniRef90_UPI000443FCDD	54.86	146	3086
UniRef90_UPI000443FCDD	52.14	146	3086
UniRef90_UPI000443FCDD	47.01	146	3086
UniRef90_UPI000443EAED	63.50	146	3050
UniRef90_UPI000443EAED	54.86	146	3050
UniRef90_UPI000443EAED	52.14	146	3050
UniRef90_UPI000443EAED	47.01	146	3050
UniRef90_F6RGL2	63.97	146	3136
UniRef90_F6RGL2	54.79	146	3136
UniRef90_F6RGL2	52.17	146	3136
UniRef90_F6RGL2	47.01	146	3136
UniRef90_UPI000703C579	63.24	146	3095
UniRef90_UPI000703C579	54.79	146	3095
UniRef90_UPI000703C579	52.17	146	3095
UniRef90_UPI000703C579	45.52	146	3095
UniRef90_UPI0003C8EBE7	63.24	146	3124
UniRef90_UPI0003C8EBE7	54.79	146	3124
UniRef90_UPI0003C8EBE7	52.17	146	3124
UniRef90_UPI0003C8EBE7	45.52	146	3124
UniRef90_UPI000533DCA8	63.50	146	3371
UniRef90_UPI000533DCA8	54.11	146	3371
UniRef90_UPI000533DCA8	52.17	146	3371
UniRef90_UPI000533DCA8	47.01	146	3371
UniRef90_UPI000533D826	63.50	146	3332
UniRef90_UPI000533D826	54.11	146	3332
UniRef90_UPI000533D826	52.17	146	3332
UniRef90_UPI000533D826	47.01	146	3332
UniRef90_UPI00027F7A8F	63.50	146	3345
UniRef90_UPI00027F7A8F	54.11	146	3345
UniRef90_UPI00027F7A8F	52.17	146	3345
UniRef90_UPI00027F7A8F	47.01	146	3345
UniRef90_A0A0F7SY04	58.27	146	238
UniRef90_UPI0004D07EAD	63.97	146	2737
UniRef90_UPI0004D07EAD	54.79	146	2737
UniRef90_UPI0004D07EAD	52.17	146	2737
UniRef90_UPI0004D07EAD	46.04	146	2737
UniRef90_UPI0004575770	60.28	146	2351
UniRef90_UPI0004575770	49.26	146	2351
UniRef90_UPI0004575770	45.07	146	2351
UniRef90_UPI0004573D93	60.28	146	3000
UniRef90_UPI0004573D93	53.85	146	3000
UniRef90_UPI0004573D93	49.26	146	3000
UniRef90_UPI0004573D93	45.07	146	3000
UniRef90_UPI0004575B4B	60.28	146	3022
UniRef90_UPI0004575B4B	53.85	146	3022
UniRef90_UPI0004575B4B	49.26	146	3022
UniRef90_UPI0004575B4B	45.07	146	3022
UniRef90_F1MXS1	61.76	146	3035
UniRef90_F1MXS1	54.11	146	3035
UniRef90_F1MXS1	52.17	146	3035
UniRef90_F1MXS1	47.41	146	3035
UniRef90_Q09717	60.00	146	215
UniRef90_G0VFF2	58.09	146	201
UniRef90_UPI0004571D94	60.28	146	2974
UniRef90_UPI0004571D94	53.85	146	2974
UniRef90_UPI0004571D94	49.26	146	2974
UniRef90_UPI0004571D94	45.07	146	2974
UniRef90_UPI0001D62347	61.76	146	504
UniRef90_UPI0004F0CFC0	62.77	146	1708
UniRef90_UPI0004F0CFC0	50.71	146	1708
UniRef90_UPI0004F0CFC0	49.65	146	1708
UniRef90_F1SU29	61.43	146	2808
UniRef90_F1SU29	53.42	146	2808
UniRef90_F1SU29	52.17	146	2808
UniRef90_F1SU29	46.67	146	2808
UniRef90_UPI0004F49C1F	63.24	146	1167
UniRef90_Q6FWN1	58.21	146	195
UniRef90_UPI0004F44070	62.50	146	1302
UniRef90_UPI0004F44070	47.33	146	1302
UniRef90_A0A0F4X655	57.35	146	218
UniRef90_K7FIY7	63.50	146	3029
UniRef90_K7FIY7	52.78	146	3029
UniRef90_K7FIY7	51.43	146	3029
UniRef90_K7FIY7	47.01	146	3029
UniRef90_UPI00035989DF	96.43	146	427
UniRef90_G1TH06	98.63	146	266
UniRef90_UPI00067FAC84	97.26	146	304
UniRef90_UPI0003F10EA7	97.26	146	310
UniRef90_UPI00034FFF96	97.26	146	260
UniRef90_UPI000704411C	99.32	146	283
UniRef90_F6WQW2	100.00	146	278
UniRef90_UPI0003C27E5E	93.84	146	286
UniRef90_UPI000350D8A7	93.84	146	274
UniRef90_UPI0003F0CCBD	97.26	146	281
UniRef90_F6SRX1	93.79	146	195
UniRef90_U3K0G5	91.22	146	292
UniRef90_A0A061I7C8	99.32	146	221
UniRef90_M7BSW6	92.47	146	221
UniRef90_UPI00048AB70B	98.63	146	211
UniRef90_UPI0003EC44C1	98.63	146	229
UniRef90_UPI0004F07649	99.32	146	214
UniRef90_UPI0004446B25	98.54	146	200
UniRef90_UPI0004433294	93.79	146	262
UniRef90_H9H002	99.32	146	197
UniRef90_UPI000625FD27	99.32	146	213
UniRef90_F7C2T7	93.15	146	206
UniRef90_P43487	100.00	146	201
UniRef90_Q5ZJ38	93.84	146	208
UniRef90_A0A091SPM9	93.84	146	182
UniRef90_UPI0006446F27	81.82	146	301
UniRef90_W5QAB7	98.51	146	200
UniRef90_H2MJW7	86.71	146	212
UniRef90_G7PH94	87.88	146	230
UniRef90_I3JYK7	87.41	146	216
UniRef90_W5M3P6	87.86	146	233
UniRef90_A0A096MDZ8	83.45	146	233
UniRef90_U3FW93	91.78	146	209
UniRef90_UPI0006B35FCF	86.01	146	218
UniRef90_M3ZJQ2	84.03	146	217
UniRef90_A0A091RV80	91.78	146	195
UniRef90_UPI0006B13E0D	98.51	146	342
UniRef90_H3DH78	83.56	146	208
UniRef90_B4DE76	100.00	146	204
UniRef90_Q6NWK3	85.31	146	211
UniRef90_H3BDF2	88.11	146	216
UniRef90_V9L0X4	81.38	146	218
UniRef90_C3KH80	86.71	146	217
UniRef90_L9KPP9	76.19	146	252
UniRef90_M3Z5V4	95.89	146	209
UniRef90_UPI000328B1AF	95.89	146	214
UniRef90_Q3T0M7	98.51	146	206
UniRef90_UPI0004958F28	84.14	146	256
UniRef90_C1BYV4	84.83	146	211
UniRef90_G3SGM9	97.26	146	201
UniRef90_A0A0E9X9H3	86.01	146	219
UniRef90_G3PHQ3	83.92	146	216
UniRef90_F6YM00	91.10	146	212
UniRef90_H2UBX7	84.25	146	230
UniRef90_UPI0002C32E4E	86.18	146	311
UniRef90_UPI000496E8B1	84.14	146	210
UniRef90_L8I462	93.53	146	207
UniRef90_K7F2P2	95.00	146	206
UniRef90_D2HEZ0	97.67	146	146
UniRef90_Q6GR67	94.40	146	156
UniRef90_T1FNL4	70.50	146	269
UniRef90_UPI0001D62347	60.00	146	504
UniRef90_G2HHN4	100.00	146	221
UniRef90_UPI0006715AD8	60.69	146	635
UniRef90_A0A0F7RYJ4	60.99	146	180
UniRef90_S8F3M4	62.59	146	205
UniRef90_F6YBN5	87.14	146	209
UniRef90_L7MRR9	54.11	146	278
UniRef90_A0A094A5R9	55.24	146	725
UniRef90_A0A0C3AYM2	60.00	146	219
UniRef90_G4TP86	58.11	146	257
UniRef90_UPI0004F44070	60.71	146	1302
UniRef90_UPI0004F44070	46.21	146	1302
UniRef90_A0A0G2EZC1	59.03	146	1080
UniRef90_D5GGK3	61.27	146	236
UniRef90_Q5JC46	53.42	146	439
UniRef90_A0A091JY44	59.44	146	190
UniRef90_A0A077R3I2	60.43	146	179
UniRef90_Q13073	60.84	146	215
UniRef90_UPI00019A1AD2	62.68	146	159
UniRef90_UPI00065BFB16	64.38	146	256
UniRef90_A0A072NYX7	60.00	146	254
UniRef90_J4I9T5	63.31	146	203
UniRef90_A0A060SP07	65.47	146	229
UniRef90_UPI0006D92D84	58.74	146	352
UniRef90_W5MWB4	58.90	146	2990
UniRef90_W5MWB4	53.10	146	2990
UniRef90_W5MWB4	53.57	146	2990
UniRef90_W5MWB4	46.43	146	2990
UniRef90_A0A0A0HV97	62.68	146	481
UniRef90_V4A4K5	72.86	146	234
UniRef90_A0A081CCY9	59.57	146	204
UniRef90_UPI0005C36853	69.93	146	229
UniRef90_W5MWA8	58.90	146	3009
UniRef90_W5MWA8	53.10	146	3009
UniRef90_W5MWA8	53.57	146	3009
UniRef90_W5MWA8	46.43	146	3009
UniRef90_W5MWC4	58.90	146	2967
UniRef90_W5MWC4	53.10	146	2967
UniRef90_W5MWC4	53.57	146	2967
UniRef90_W5MWC4	46.43	146	2967
UniRef90_B2AWB5	58.74	146	253
UniRef90_A0A058YZD4	60.84	146	219
UniRef90_A0A094BHA3	55.94	146	812
UniRef90_K9KA41	54.11	146	580
UniRef90_UPI00029DAD85	62.14	146	2280
UniRef90_UPI00029DAD85	53.42	146	2280
UniRef90_UPI00029DAD85	43.57	146	2280
UniRef90_UPI00029DAD85	52.00	146	2280
UniRef90_G3JUN5	61.22	146	283
UniRef90_UPI0006430BA5	61.54	146	3220
UniRef90_UPI0006430BA5	54.11	146	3220
UniRef90_UPI0006430BA5	51.43	146	3220
UniRef90_UPI0006430BA5	45.00	146	3220
UniRef90_G1TZC2	53.42	146	1532
UniRef90_UPI0005EE292C	64.23	146	258
UniRef90_A0A087TC79	71.01	146	248
UniRef90_UPI0003EACF39	58.90	146	2703
UniRef90_UPI0003EACF39	53.10	146	2703
UniRef90_UPI0003EACF39	53.57	146	2703
UniRef90_UPI0003EACF39	46.43	146	2703
UniRef90_A0A0L0HH36	68.84	146	193
UniRef90_UPI0006525851	59.72	146	2894
UniRef90_UPI0006525851	53.79	146	2894
UniRef90_UPI0006525851	52.14	146	2894
UniRef90_UPI0003F07677	60.14	146	3089
UniRef90_UPI0003F07677	54.11	146	3089
UniRef90_UPI0003F07677	51.43	146	3089
UniRef90_UPI0003F07677	45.77	146	3089
UniRef90_UPI0005406ABF	60.14	146	3396
UniRef90_UPI0005406ABF	54.11	146	3396
UniRef90_UPI0005406ABF	51.80	146	3396
UniRef90_UPI0005406ABF	45.00	146	3396
UniRef90_G1M3B3	62.14	146	3135
UniRef90_G1M3B3	54.11	146	3135
UniRef90_G1M3B3	51.43	146	3135
UniRef90_G1M3B3	45.00	146	3135
UniRef90_UPI0004BDD3CC	62.14	146	2306
UniRef90_UPI0004BDD3CC	51.43	146	2306
UniRef90_UPI0004BDD3CC	45.00	146	2306
UniRef90_G3SMA8	60.14	146	3072
UniRef90_G3SMA8	53.74	146	3072
UniRef90_G3SMA8	51.80	146	3072
UniRef90_G3SMA8	45.00	146	3072
UniRef90_A0A093XSX0	55.24	146	701
UniRef90_U4LV20	61.54	146	217
UniRef90_UPI0005CE6BFF	59.15	146	244
UniRef90_UPI00048EA8B3	60.42	146	3132
UniRef90_UPI00048EA8B3	53.42	146	3132
UniRef90_UPI00048EA8B3	52.14	146	3132
UniRef90_UPI00048EA8B3	45.00	146	3132
UniRef90_A0A0D2P0W7	60.71	146	200
UniRef90_K7FL45	95.93	146	148
UniRef90_F1PA81	62.14	146	3047
UniRef90_F1PA81	51.43	146	3047
UniRef90_F1PA81	45.00	146	3047
UniRef90_F1PA81	54.55	146	3047
UniRef90_A0A0C3H9G5	58.04	146	475
UniRef90_UPI0004F49C1F	61.43	146	1167
UniRef90_UPI0006519F32	59.72	146	3090
UniRef90_UPI0006519F32	53.79	146	3090
UniRef90_UPI0006519F32	52.14	146	3090
UniRef90_UPI0006519F32	45.00	146	3090
UniRef90_W2S8Y0	60.99	146	268
UniRef90_G1SEW3	60.42	146	3097
UniRef90_G1SEW3	53.42	146	3097
UniRef90_G1SEW3	52.14	146	3097
UniRef90_G1SEW3	45.00	146	3097
UniRef90_A0A0C3CP64	59.31	146	207
UniRef90_M3WXW5	62.14	146	3011
UniRef90_M3WXW5	54.11	146	3011
UniRef90_M3WXW5	51.43	146	3011
UniRef90_M3WXW5	45.00	146	3011
UniRef90_UPI0004BD5C0C	54.11	146	545
UniRef90_UPI0004621B5C	62.94	146	204
UniRef90_M7SK57	62.94	146	237
UniRef90_G0S6K6	60.84	146	240
UniRef90_H0XVI6	60.84	146	3061
UniRef90_H0XVI6	52.74	146	3061
UniRef90_H0XVI6	52.14	146	3061
UniRef90_H0XVI6	45.00	146	3061
UniRef90_UPI0002741096	60.84	146	3093
UniRef90_UPI0002741096	53.42	146	3093
UniRef90_UPI0002741096	52.14	146	3093
UniRef90_UPI0002741096	45.00	146	3093
UniRef90_UPI0003F135CD	61.43	146	3105
UniRef90_UPI0003F135CD	54.11	146	3105
UniRef90_UPI0003F135CD	51.43	146	3105
UniRef90_UPI0003F135CD	45.00	146	3105
UniRef90_UPI0003F0F340	61.43	146	3051
UniRef90_UPI0003F0F340	54.11	146	3051
UniRef90_UPI0003F0F340	51.43	146	3051
UniRef90_UPI0003F0F340	45.00	146	3051
UniRef90_UPI00063F2BBE	65.94	146	258
UniRef90_P49792	62.14	146	3224
UniRef90_P49792	53.42	146	3224
UniRef90_P49792	51.43	146	3224
UniRef90_P49792	44.29	146	3224
UniRef90_F7EZV6	86.11	146	168
UniRef90_N1JM70	60.14	146	222
UniRef90_I3N884	62.14	146	2722
UniRef90_I3N884	54.11	146	2722
UniRef90_I3N884	51.43	146	2722
UniRef90_I3N884	44.29	146	2722
UniRef90_UPI0003EDBBD9	62.14	146	3100
UniRef90_UPI0003EDBBD9	54.11	146	3100
UniRef90_UPI0003EDBBD9	51.43	146	3100
UniRef90_UPI0003EDBBD9	45.00	146	3100
UniRef90_G5CB92	61.43	146	3401
UniRef90_G5CB92	53.42	146	3401
UniRef90_G5CB92	51.43	146	3401
UniRef90_G5CB92	39.62	146	3401
UniRef90_UPI00051BD693	51.37	146	363
UniRef90_UPI00063EF39B	62.14	146	3221
UniRef90_UPI00063EF39B	54.11	146	3221
UniRef90_UPI00063EF39B	51.43	146	3221
UniRef90_UPI00063EF39B	45.00	146	3221
UniRef90_G1KAA3	61.43	146	2819
UniRef90_G1KAA3	50.70	146	2819
UniRef90_G1KAA3	50.71	146	2819
UniRef90_G1KAA3	47.14	146	2819
UniRef90_A8NWI0	59.15	146	202
UniRef90_M0R3M4	60.84	146	3088
UniRef90_M0R3M4	53.10	146	3088
UniRef90_M0R3M4	51.43	146	3088
UniRef90_M0R3M4	45.00	146	3088
UniRef90_UPI0005ACE4C3	62.14	146	2877
UniRef90_UPI0005ACE4C3	54.11	146	2877
UniRef90_UPI0005ACE4C3	51.43	146	2877
UniRef90_UPI0005ACE4C3	45.00	146	2877
UniRef90_A0A094GZH7	55.24	146	672
UniRef90_Q4WVI1	59.72	146	247
UniRef90_UPI0005CFFB74	62.14	146	3199
UniRef90_UPI0005CFFB74	53.42	146	3199
UniRef90_UPI0005CFFB74	51.43	146	3199
UniRef90_UPI0005CFFB74	44.29	146	3199
UniRef90_K9IPK6	62.14	146	3074
UniRef90_K9IPK6	54.11	146	3074
UniRef90_K9IPK6	51.43	146	3074
UniRef90_K9IPK6	45.71	146	3074
UniRef90_UPI00062A54A1	61.43	146	3223
UniRef90_UPI00062A54A1	53.42	146	3223
UniRef90_UPI00062A54A1	50.71	146	3223
UniRef90_UPI00062A54A1	44.29	146	3223
UniRef90_G3W4A7	84.25	146	204
UniRef90_G1P526	62.14	146	3125
UniRef90_G1P526	54.11	146	3125
UniRef90_G1P526	51.43	146	3125
UniRef90_G1P526	45.00	146	3125
UniRef90_A8E620	49.66	146	265
UniRef90_S7QDA6	62.14	146	3108
UniRef90_S7QDA6	54.11	146	3108
UniRef90_S7QDA6	51.43	146	3108
UniRef90_S7QDA6	45.00	146	3108
UniRef90_J3NID4	60.14	146	251
UniRef90_UPI0004D07EAD	62.14	146	2737
UniRef90_UPI0004D07EAD	54.11	146	2737
UniRef90_UPI0004D07EAD	51.43	146	2737
UniRef90_UPI0004D07EAD	45.00	146	2737
UniRef90_UPI000333CDCE	60.84	146	3042
UniRef90_UPI000333CDCE	55.32	146	3042
UniRef90_UPI000333CDCE	51.43	146	3042
UniRef90_UPI000333CDCE	45.00	146	3042
UniRef90_UPI0005F417C4	61.43	146	2953
UniRef90_UPI0005F417C4	53.42	146	2953
UniRef90_UPI0005F417C4	50.71	146	2953
UniRef90_UPI0005F417C4	45.00	146	2953
UniRef90_A0A067NPY7	64.49	146	202
UniRef90_UPI0003EC594C	62.14	146	3089
UniRef90_UPI0003EC594C	54.11	146	3089
UniRef90_UPI0003EC594C	51.43	146	3089
UniRef90_UPI0003EC594C	45.00	146	3089
UniRef90_Q9ERU9	60.84	146	3053
UniRef90_Q9ERU9	53.79	146	3053
UniRef90_Q9ERU9	51.43	146	3053
UniRef90_Q9ERU9	45.00	146	3053
UniRef90_UPI00046B553B	60.84	146	3030
UniRef90_UPI00046B553B	54.11	146	3030
UniRef90_UPI00046B553B	51.43	146	3030
UniRef90_UPI00046B553B	45.77	146	3030
UniRef90_UPI0004F0756A	62.14	146	2291
UniRef90_UPI0004F0756A	53.42	146	2291
UniRef90_UPI0004F0756A	51.43	146	2291
UniRef90_UPI0004F0756A	43.66	146	2291
UniRef90_F6RYC0	62.14	146	3042
UniRef90_F6RYC0	54.11	146	3042
UniRef90_F6RYC0	51.43	146	3042
UniRef90_F6RYC0	45.00	146	3042
UniRef90_F6RGL2	62.14	146	3136
UniRef90_F6RGL2	54.11	146	3136
UniRef90_F6RGL2	51.43	146	3136
UniRef90_F6RGL2	45.00	146	3136
UniRef90_V8PC53	60.84	146	2809
UniRef90_V8PC53	52.05	146	2809
UniRef90_V8PC53	49.29	146	2809
UniRef90_V8PC53	46.10	146	2809
UniRef90_E2AAH0	65.22	146	265
UniRef90_A0A0D9RWS6	62.14	146	3247
UniRef90_A0A0D9RWS6	53.42	146	3247
UniRef90_A0A0D9RWS6	51.43	146	3247
UniRef90_A0A0D9RWS6	45.00	146	3247
UniRef90_UPI0002C450CB	60.14	146	3043
UniRef90_UPI0002C450CB	54.11	146	3043
UniRef90_UPI0002C450CB	51.43	146	3043
UniRef90_UPI0002C450CB	45.00	146	3043
UniRef90_UPI00042A9E3A	60.14	146	3026
UniRef90_UPI00042A9E3A	53.10	146	3026
UniRef90_UPI00042A9E3A	51.43	146	3026
UniRef90_UPI00042A9E3A	45.71	146	3026
UniRef90_UPI00033332F1	62.14	146	3045
UniRef90_UPI00033332F1	54.11	146	3045
UniRef90_UPI00033332F1	51.43	146	3045
UniRef90_UPI00033332F1	45.00	146	3045
UniRef90_Q5BH96	60.54	146	242
UniRef90_UPI0006802B4F	62.14	146	3175
UniRef90_UPI0006802B4F	54.11	146	3175
UniRef90_UPI0006802B4F	51.43	146	3175
UniRef90_UPI0006802B4F	44.29	146	3175
UniRef90_H2P5C5	62.14	146	2354
UniRef90_H2P5C5	53.42	146	2354
UniRef90_H2P5C5	51.43	146	2354
UniRef90_H2P5C5	45.71	146	2354
UniRef90_UPI0004DE0773	58.33	146	1433
UniRef90_W3XFL2	59.44	146	247
UniRef90_A0A0F4Z1A1	59.72	146	254
UniRef90_A0A091E2Q8	61.43	146	3175
UniRef90_A0A091E2Q8	53.42	146	3175
UniRef90_A0A091E2Q8	51.43	146	3175
UniRef90_A0A091E2Q8	44.29	146	3175
UniRef90_L5KJF5	58.74	146	2095
UniRef90_L5KJF5	52.74	146	2095
UniRef90_S7RYA4	60.56	146	207
UniRef90_UPI0004F0F07C	50.00	146	351
UniRef90_UPI000441F73D	54.36	146	3093
UniRef90_UPI000441F73D	58.74	146	3093
UniRef90_UPI000441F73D	51.43	146	3093
UniRef90_UPI000441F73D	45.00	146	3093
UniRef90_UPI00057B9387	54.11	146	3097
UniRef90_UPI00057B9387	59.03	146	3097
UniRef90_UPI00057B9387	51.82	146	3097
UniRef90_UPI00057B9387	45.00	146	3097
UniRef90_A0A067NA83	58.45	146	206
UniRef90_A0A068RJX7	63.12	146	185
UniRef90_UPI00062AC58C	60.42	146	3065
UniRef90_UPI00062AC58C	53.42	146	3065
UniRef90_UPI00062AC58C	51.43	146	3065
UniRef90_UPI00062AC58C	45.00	146	3065
UniRef90_K7IS59	59.15	146	253
UniRef90_UPI000703C6AB	54.11	146	3192
UniRef90_UPI000703C6AB	59.03	146	3192
UniRef90_UPI000703C6AB	51.82	146	3192
UniRef90_UPI000703C6AB	45.00	146	3192
UniRef90_UPI0003C8EBE7	60.14	146	3124
UniRef90_UPI0003C8EBE7	54.11	146	3124
UniRef90_UPI0003C8EBE7	51.43	146	3124
UniRef90_UPI0003C8EBE7	43.57	146	3124
UniRef90_UPI000703C579	60.14	146	3095
UniRef90_UPI000703C579	54.11	146	3095
UniRef90_UPI000703C579	51.43	146	3095
UniRef90_UPI000703C579	43.57	146	3095
UniRef90_L5LVP3	62.14	146	2677
UniRef90_L5LVP3	54.11	146	2677
UniRef90_L5LVP3	51.43	146	2677
UniRef90_L5LVP3	45.00	146	2677
UniRef90_E5A5C7	59.57	146	351
UniRef90_UPI000661BD66	61.43	146	3119
UniRef90_UPI000661BD66	53.42	146	3119
UniRef90_UPI000661BD66	51.43	146	3119
UniRef90_UPI000661BD66	45.00	146	3119
UniRef90_R9P7J7	60.28	146	204
UniRef90_V9K9F4	60.28	146	1464
UniRef90_UPI0005F4B025	63.24	146	260
UniRef90_UPI0003C86C13	54.11	146	2206
UniRef90_UPI0003C86C13	51.82	146	2206
UniRef90_UPI0003C86C13	45.00	146	2206
UniRef90_S9X9H3	54.11	146	3217
UniRef90_S9X9H3	59.03	146	3217
UniRef90_S9X9H3	51.82	146	3217
UniRef90_S9X9H3	45.00	146	3217
UniRef90_H0UTT9	61.43	146	2925
UniRef90_H0UTT9	53.06	146	2925
UniRef90_H0UTT9	51.43	146	2925
UniRef90_H0UTT9	45.00	146	2925
UniRef90_F1SU29	53.42	146	2808
UniRef90_F1SU29	61.43	146	2808
UniRef90_F1SU29	51.43	146	2808
UniRef90_F1SU29	45.00	146	2808
UniRef90_A0A0C3RQ15	59.44	146	199
UniRef90_UPI0004ED1538	60.14	146	3085
UniRef90_UPI0004ED1538	53.79	146	3085
UniRef90_UPI0004ED1538	51.80	146	3085
UniRef90_UPI0004ED1538	45.00	146	3085
UniRef90_A0A0B7AZ02	64.34	146	222
UniRef90_UPI0004F1F7D3	53.42	146	570
UniRef90_A0A087VMS1	62.59	146	155
UniRef90_UPI000443FCDD	53.42	146	3086
UniRef90_UPI000443FCDD	60.71	146	3086
UniRef90_UPI000443FCDD	52.14	146	3086
UniRef90_UPI000443FCDD	45.00	146	3086
UniRef90_UPI0006B1E1D5	53.42	146	1467
UniRef90_UPI000443EAED	53.42	146	3050
UniRef90_UPI000443EAED	60.71	146	3050
UniRef90_UPI000443EAED	52.14	146	3050
UniRef90_UPI000443EAED	45.00	146	3050
UniRef90_L9LBV4	60.14	146	1905
UniRef90_L9LBV4	57.41	146	1905
UniRef90_UPI00044069FE	54.11	146	3133
UniRef90_UPI00044069FE	58.74	146	3133
UniRef90_UPI00044069FE	51.43	146	3133
UniRef90_UPI00044069FE	45.00	146	3133
UniRef90_B8NKR8	60.42	146	471
UniRef90_A0A015IGS6	63.76	146	221
UniRef90_UPI000643452C	61.43	146	3151
UniRef90_UPI000643452C	52.74	146	3151
UniRef90_UPI000643452C	51.43	146	3151
UniRef90_UPI000643452C	44.29	146	3151
UniRef90_A0A0C2XFR7	60.00	146	191
UniRef90_UPI00062B73CC	54.11	146	3058
UniRef90_UPI00062B73CC	58.74	146	3058
UniRef90_UPI00062B73CC	51.43	146	3058
UniRef90_UPI00062B73CC	45.00	146	3058
UniRef90_A0A091VQI4	61.15	146	155
UniRef90_UPI0006B1AF2F	53.42	146	3183
UniRef90_UPI0006B1AF2F	61.43	146	3183
UniRef90_UPI0006B1AF2F	51.43	146	3183
UniRef90_UPI0006B1AF2F	45.00	146	3183
UniRef90_A0A0N0U3F1	65.69	146	255
UniRef90_A0A088AV12	66.42	146	254
UniRef90_UPI00027F7A8F	53.42	146	3345
UniRef90_UPI00027F7A8F	60.71	146	3345
UniRef90_UPI00027F7A8F	51.43	146	3345
UniRef90_UPI00027F7A8F	45.00	146	3345
UniRef90_UPI0006232989	63.04	146	259
UniRef90_UPI000440124E	54.11	146	3159
UniRef90_UPI000440124E	58.74	146	3159
UniRef90_UPI000440124E	51.43	146	3159
UniRef90_UPI000440124E	45.00	146	3159
UniRef90_A0A0F7Z427	60.84	146	3017
UniRef90_A0A0F7Z427	50.68	146	3017
UniRef90_A0A0F7Z427	50.00	146	3017
UniRef90_A0A0F7Z427	46.10	146	3017
UniRef90_UPI00062B61DF	54.11	146	3030
UniRef90_UPI00062B61DF	58.74	146	3030
UniRef90_UPI00062B61DF	51.43	146	3030
UniRef90_UPI00062B61DF	45.00	146	3030
UniRef90_G4N530	59.86	146	247
UniRef90_UPI0006295AD7	66.42	146	253
UniRef90_UPI000533D826	53.42	146	3332
UniRef90_UPI000533D826	60.71	146	3332
UniRef90_UPI000533D826	51.43	146	3332
UniRef90_UPI000533D826	45.00	146	3332
UniRef90_D8PKW0	59.29	146	210
UniRef90_M3YH60	54.11	146	2857
UniRef90_M3YH60	51.43	146	2857
UniRef90_M3YH60	45.00	146	2857
UniRef90_M3YH60	63.27	146	2857
UniRef90_E7A0D0	60.00	146	199
UniRef90_F8PNH1	59.15	146	194
UniRef90_A0A0M0UB27	58.74	146	250
UniRef90_UPI00045E0B8A	54.11	146	1618
UniRef90_UPI00045E0B8A	51.80	146	1618
UniRef90_UPI000533DCA8	53.42	146	3371
UniRef90_UPI000533DCA8	60.71	146	3371
UniRef90_UPI000533DCA8	51.43	146	3371
UniRef90_UPI000533DCA8	45.00	146	3371
UniRef90_UPI000441376E	61.43	146	193
UniRef90_A0A093V149	59.03	146	244
UniRef90_UPI000626191F	53.42	146	3116
UniRef90_UPI000626191F	60.71	146	3116
UniRef90_UPI000626191F	51.43	146	3116
UniRef90_UPI000626191F	45.00	146	3116
UniRef90_UPI0003F162AC	58.74	146	3020
UniRef90_UPI0003F162AC	52.74	146	3020
UniRef90_UPI0003F162AC	51.43	146	3020
UniRef90_UPI0003F162AC	40.00	146	3020
UniRef90_S3D6G3	59.15	146	256
UniRef90_I1BJU6	61.43	146	170
UniRef90_Q0CW79	61.11	146	236
UniRef90_F1MXS1	54.11	146	3035
UniRef90_F1MXS1	58.74	146	3035
UniRef90_F1MXS1	51.43	146	3035
UniRef90_F1MXS1	46.04	146	3035
UniRef90_UPI000649A36C	63.97	146	3044
UniRef90_UPI000649A36C	54.17	146	3044
UniRef90_UPI000649A36C	51.43	146	3044
UniRef90_UPI000649A36C	45.00	146	3044
UniRef90_UPI0004CD6E90	67.15	146	253
UniRef90_UPI000626B121	53.42	146	3142
UniRef90_UPI000626B121	60.71	146	3142
UniRef90_UPI000626B121	51.43	146	3142
UniRef90_UPI000626B121	45.00	146	3142
UniRef90_C5GLI9	61.27	146	266
UniRef90_J5JQ07	62.68	146	275
UniRef90_A0A0L1HGC7	59.29	146	1693
UniRef90_UPI0005D3F88D	63.77	146	259
UniRef90_A0A0D1ZL63	60.00	146	266
UniRef90_UPI0002C65F20	53.42	146	2246
UniRef90_UPI0002C65F20	51.43	146	2246
UniRef90_UPI0002C65F20	45.00	146	2246
UniRef90_UPI000454A15B	53.42	146	885
UniRef90_UPI00035A1ADE	51.37	146	2984
UniRef90_UPI00035A1ADE	58.33	146	2984
UniRef90_UPI00035A1ADE	50.71	146	2984
UniRef90_UPI00035A1ADE	49.30	146	2984
UniRef90_A0A0D2HCQ5	61.43	146	249
UniRef90_UPI00064C1BEC	57.34	146	3034
UniRef90_UPI00064C1BEC	53.47	146	3034
UniRef90_UPI00064C1BEC	51.43	146	3034
UniRef90_UPI00064C1BEC	45.00	146	3034
UniRef90_G3QES4	77.18	146	203
UniRef90_UPI000258DBEC	66.18	146	258
UniRef90_A0A098VLZ8	61.31	146	222
UniRef90_UPI0003596DF0	51.37	146	2958
UniRef90_UPI0003596DF0	58.33	146	2958
UniRef90_UPI0003596DF0	50.71	146	2958
UniRef90_UPI0003596DF0	49.30	146	2958
UniRef90_UPI0006264662	65.93	146	256
UniRef90_A0A0L9SJP5	60.54	146	242
UniRef90_F6PMV1	62.50	146	2922
UniRef90_F6PMV1	51.37	146	2922
UniRef90_F6PMV1	52.14	146	2922
UniRef90_F6PMV1	44.29	146	2922
UniRef90_A0A0F8UVM1	59.18	146	241
UniRef90_UPI0004575770	60.28	146	2351
UniRef90_UPI0004575770	44.68	146	2351
UniRef90_UPI0004575770	47.86	146	2351
UniRef90_A0A0D0EA61	62.04	146	193
UniRef90_U3JLN7	51.37	146	2930
UniRef90_U3JLN7	58.33	146	2930
UniRef90_U3JLN7	50.71	146	2930
UniRef90_U3JLN7	49.30	146	2930
UniRef90_M7BTT7	52.05	146	3826
UniRef90_M7BTT7	58.74	146	3826
UniRef90_M7BTT7	50.71	146	3826
UniRef90_M7BTT7	45.71	146	3826
UniRef90_UPI0006437A68	61.43	146	2246
UniRef90_UPI0006437A68	52.74	146	2246
UniRef90_UPI0006437A68	51.43	146	2246
UniRef90_UPI0006437A68	44.29	146	2246
UniRef90_UPI000549E12F	60.84	146	3040
UniRef90_UPI000549E12F	50.00	146	3040
UniRef90_UPI000549E12F	51.43	146	3040
UniRef90_UPI000549E12F	45.71	146	3040
UniRef90_S2J756	62.24	146	180
UniRef90_A0A074Y418	59.57	146	162
UniRef90_UPI00042CD730	98.10	146	216
UniRef90_UPI00062A7B01	63.97	146	2535
UniRef90_UPI00062A7B01	54.11	146	2535
UniRef90_UPI00062A7B01	51.80	146	2535
UniRef90_UPI00062A7B01	45.00	146	2535
UniRef90_UPI000387CF63	53.42	146	2282
UniRef90_UPI000387CF63	51.43	146	2282
UniRef90_UPI000387CF63	44.29	146	2282
UniRef90_R7TWJ3	63.57	146	201
UniRef90_W9WAV1	60.87	146	272
UniRef90_R7VSF7	59.44	146	2832
UniRef90_R7VSF7	49.32	146	2832
UniRef90_R7VSF7	47.89	146	2832
UniRef90_R7VSF7	50.65	146	2832
UniRef90_F7FU62	59.29	146	2461
UniRef90_F7FU62	53.42	146	2461
UniRef90_F7FU62	52.14	146	2461
UniRef90_F7FU62	43.97	146	2461
UniRef90_F6TKC3	59.59	146	2827
UniRef90_F6TKC3	49.66	146	2827
UniRef90_F6TKC3	48.92	146	2827
UniRef90_F6TKC3	45.71	146	2827
UniRef90_UPI00035056FB	60.84	146	3028
UniRef90_UPI00035056FB	50.00	146	3028
UniRef90_UPI00035056FB	51.43	146	3028
UniRef90_UPI00035056FB	46.43	146	3028
UniRef90_UPI0006977330	66.90	146	225
UniRef90_UPI0003C119B9	54.11	146	2224
UniRef90_UPI0003C119B9	51.43	146	2224
UniRef90_UPI0003C119B9	45.00	146	2224
UniRef90_S4RRT9	56.74	146	2471
UniRef90_S4RRT9	47.18	146	2471
UniRef90_S4RRT9	49.30	146	2471
UniRef90_A0A0F4ZBI2	61.90	146	221
UniRef90_A0A0D0AS29	60.99	146	195
UniRef90_UPI0006B09CA6	71.22	146	254
UniRef90_F7C246	76.03	146	203
UniRef90_F1NA05	60.84	146	3009
UniRef90_F1NA05	50.00	146	3009
UniRef90_F1NA05	51.43	146	3009
UniRef90_F1NA05	46.43	146	3009
UniRef90_A0A0C3PGF2	59.12	146	198
UniRef90_W4KDB3	61.15	146	207
UniRef90_S4RRU4	56.74	146	2365
UniRef90_S4RRU4	47.18	146	2365
UniRef90_S4RRU4	49.30	146	2365
UniRef90_B8JMJ5	61.15	146	481
UniRef90_UPI0006EB0E23	59.44	146	2809
UniRef90_UPI0006EB0E23	49.64	146	2809
UniRef90_UPI0006EB0E23	46.43	146	2809
UniRef90_A0A0L0T9L0	64.23	146	227
UniRef90_G3VQ96	62.50	146	2975
UniRef90_G3VQ96	50.68	146	2975
UniRef90_G3VQ96	52.14	146	2975
UniRef90_G3VQ96	44.29	146	2975
UniRef90_E9HLQ0	61.81	146	228
UniRef90_A0A0A1MUH3	61.03	146	171
UniRef90_UPI000388F599	52.74	146	3218
UniRef90_UPI000388F599	58.33	146	3218
UniRef90_UPI000388F599	50.71	146	3218
UniRef90_UPI000388F599	45.71	146	3218
UniRef90_E9DVJ3	61.54	146	244
UniRef90_A0A0D1DZY9	60.00	146	203
UniRef90_A0A091S0M5	61.87	146	155
UniRef90_M2LUE5	58.87	146	233
UniRef90_UPI0003C45CB5	60.71	146	3116
UniRef90_UPI0003C45CB5	52.05	146	3116
UniRef90_UPI0003C45CB5	51.43	146	3116
UniRef90_UPI0003C45CB5	45.00	146	3116
UniRef90_UPI0004571D94	60.28	146	2974
UniRef90_UPI0004571D94	44.68	146	2974
UniRef90_UPI0004571D94	53.15	146	2974
UniRef90_UPI0004571D94	47.86	146	2974
UniRef90_UPI0004573D93	60.28	146	3000
UniRef90_UPI0004573D93	44.68	146	3000
UniRef90_UPI0004573D93	53.15	146	3000
UniRef90_UPI0004573D93	47.86	146	3000
UniRef90_A0A0F8AZU7	61.90	146	230
UniRef90_UPI0003C27D26	53.42	146	532
UniRef90_UPI0004575B4B	60.28	146	3022
UniRef90_UPI0004575B4B	44.68	146	3022
UniRef90_UPI0004575B4B	53.15	146	3022
UniRef90_UPI0004575B4B	47.86	146	3022
UniRef90_UPI0004F4612A	60.28	146	1279
UniRef90_UPI0004F4612A	44.29	146	1279
UniRef90_UPI0004F4612A	50.00	146	1279
UniRef90_C0NFN5	61.97	146	261
UniRef90_UPI0004F0CFC0	58.33	146	1708
UniRef90_UPI0004F0CFC0	50.71	146	1708
UniRef90_UPI0004F0CFC0	48.59	146	1708
UniRef90_V5G729	60.42	146	241
UniRef90_K7FIY7	60.71	146	3029
UniRef90_K7FIY7	52.05	146	3029
UniRef90_K7FIY7	51.43	146	3029
UniRef90_K7FIY7	45.00	146	3029
UniRef90_W4WA84	64.49	146	257
UniRef90_H0ZH58	50.68	146	2788
UniRef90_H0ZH58	56.94	146	2788
UniRef90_H0ZH58	48.59	146	2788
UniRef90_H0ZH58	48.15	146	2788
UniRef90_G3S3Z8	55.47	146	1388
UniRef90_G3S3Z8	43.57	146	1388
UniRef90_G2R9Z1	58.50	146	457
UniRef90_A0A0D0AF72	62.32	146	193
UniRef90_W1QCK5	59.71	146	210
UniRef90_UPI0005ACFE06	65.69	146	245
UniRef90_C3XVW8	73.10	146	228
UniRef90_A2RA71	59.72	146	251
UniRef90_A0A0D6EGU6	60.43	146	254
UniRef90_A0A0A2IZG4	59.03	146	582
UniRef90_Q757L0	58.33	146	210
UniRef90_A0A093IXU7	62.04	146	152
UniRef90_B0CUX5	59.29	146	152
UniRef90_F4RFW5	60.58	146	226
UniRef90_UPI0005D0D12B	59.44	146	3021
UniRef90_UPI0005D0D12B	51.37	146	3021
UniRef90_UPI0005D0D12B	50.00	146	3021
UniRef90_UPI0005D0D12B	48.59	146	3021
UniRef90_A7F1H4	58.04	146	261
UniRef90_UPI00063C9F3D	50.68	146	2775
UniRef90_UPI00063C9F3D	56.25	146	2775
UniRef90_UPI00063C9F3D	48.59	146	2775
UniRef90_UPI00063C9F3D	49.43	146	2775
UniRef90_UPI000596000B	67.74	146	149
UniRef90_A0A0D1WUK2	61.03	146	263
UniRef90_K2S5Y8	60.28	146	254
UniRef90_C4JRG3	60.56	146	228
UniRef90_G2QBH1	58.04	146	270
UniRef90_A0A059TEQ6	53.42	146	1224
UniRef90_A0A059TEQ6	51.43	146	1224
UniRef90_A0A059TEQ6	45.71	146	1224
UniRef90_V9K792	60.28	146	2317
UniRef90_V9K792	44.68	146	2317
UniRef90_V9K792	53.15	146	2317
UniRef90_V9K792	47.86	146	2317
UniRef90_A9JS74	48.97	146	201
UniRef90_UPI000522739B	59.44	146	2314
UniRef90_UPI000522739B	52.05	146	2314
UniRef90_UPI000522739B	50.00	146	2314
UniRef90_UPI000522739B	48.59	146	2314
UniRef90_A0A061H1L8	63.83	146	195
UniRef90_W6ZGZ6	59.57	146	251
UniRef90_UPI000661F52C	51.37	146	2587
UniRef90_UPI000661F52C	50.71	146	2587
UniRef90_UPI000661F52C	48.59	146	2587
UniRef90_A0A0G2FXP0	60.14	146	241
UniRef90_A0A0D2CV66	60.58	146	270
UniRef90_UPI0006267B22	64.49	146	260
UniRef90_A0A067TJT6	61.59	146	200
UniRef90_A0A023FZ87	62.14	146	227
UniRef90_B7PPI2	61.64	146	258
UniRef90_A0A0A1TBC1	59.03	146	238
UniRef90_A0A0G4L0E4	60.14	146	510
UniRef90_R8BCR4	60.42	146	246
UniRef90_A0A017SBT5	58.33	146	163
UniRef90_K7EV09	59.29	146	1139
UniRef90_K7EV09	50.00	146	1139
UniRef90_K7EV09	46.75	146	1139
UniRef90_A0A067QMB4	58.45	146	206
UniRef90_A0A0D9M7Z3	59.03	146	522
UniRef90_A0A086T3K2	61.11	146	236
UniRef90_A0A093VHS5	59.03	146	153
UniRef90_A0A0C2ID63	58.45	146	254
UniRef90_I8U5M5	60.42	146	246
UniRef90_F6VTW5	52.74	146	1799
UniRef90_F6VTW5	51.43	146	1799
UniRef90_F6VTW5	45.71	146	1799
UniRef90_A0A0J1AZN1	60.56	146	194
UniRef90_M3DCD9	61.15	146	449
UniRef90_G9NRD0	53.95	146	239
UniRef90_A0A063C7M3	62.50	146	248
UniRef90_S3DTU7	57.34	146	268
UniRef90_S8BYH4	60.43	146	236
UniRef90_UPI00042BD01F	52.05	146	2247
UniRef90_UPI00042BD01F	50.71	146	2247
UniRef90_UPI00042BD01F	45.71	146	2247
UniRef90_A0A0B7K0L5	59.72	146	241
UniRef90_A7SEF3	55.15	146	135
UniRef90_M7XLD8	61.15	146	257
UniRef90_U1GWL9	58.74	146	263
UniRef90_B2WJ58	59.29	146	249
UniRef90_H3AN32	57.86	146	3251
UniRef90_H3AN32	52.41	146	3251
UniRef90_H3AN32	49.29	146	3251
UniRef90_H3AN32	45.00	146	3251
UniRef90_UPI0006C9A436	58.16	146	243
UniRef90_A0A066VPW4	58.99	146	168
UniRef90_A0A0L0P5Y5	57.55	146	207
UniRef90_C3ZEZ4	50.00	146	3724
UniRef90_C3ZEZ4	50.00	146	3724
UniRef90_C3ZEZ4	53.15	146	3724
UniRef90_C3ZEZ4	53.52	146	3724
UniRef90_C3ZEZ4	48.25	146	3724
UniRef90_K1X463	59.57	146	250
UniRef90_A0A0D2HPH9	60.58	146	509
UniRef90_J9VDT9	64.49	146	238
UniRef90_UPI0006D90217	57.86	146	3210
UniRef90_UPI0006D90217	52.41	146	3210
UniRef90_UPI0006D90217	49.29	146	3210
UniRef90_UPI0006D90217	45.00	146	3210
UniRef90_A3GH31	60.43	146	199
UniRef90_A0A0F7ZPX4	60.14	146	250
UniRef90_A0A0H1BDJ3	61.27	146	187
UniRef90_A0A0G2J6V1	61.43	146	266
UniRef90_V2XXC0	60.14	146	201
UniRef90_A0A0M8MNH7	59.44	146	197
UniRef90_F0XHK7	59.44	146	244
UniRef90_A0A0C4ELN5	58.99	146	245
UniRef90_I2G0S5	60.99	146	199
UniRef90_A0A0D2WSX0	63.12	146	211
UniRef90_A0A0D2EX93	60.29	146	267
UniRef90_A0A084GD86	59.44	146	239
UniRef90_UPI0006448892	61.07	146	3058
UniRef90_UPI0006448892	52.14	146	3058
UniRef90_UPI0006448892	50.36	146	3058
UniRef90_UPI0006448892	46.15	146	3058
UniRef90_P48820	53.42	146	1085
UniRef90_P48820	45.71	146	1085
UniRef90_L8G0Z2	55.94	146	278
UniRef90_M7PIQ0	57.75	146	213
UniRef90_F9X2P5	60.00	146	232
UniRef90_UPI00054BC9E4	58.94	146	3100
UniRef90_UPI00054BC9E4	52.14	146	3100
UniRef90_UPI00054BC9E4	50.35	146	3100
UniRef90_UPI00054BC9E4	46.15	146	3100
UniRef90_V5HLK0	61.64	146	177
UniRef90_UPI00062A9D4F	81.51	146	169
UniRef90_G3AJ46	57.14	146	190
UniRef90_W6MTL7	58.62	146	199
UniRef90_E2BCB2	63.77	146	265
UniRef90_W7IH23	55.32	146	239
UniRef90_UPI0003D0C4A9	53.42	146	2280
UniRef90_UPI0003D0C4A9	49.64	146	2280
UniRef90_UPI0003D0C4A9	46.43	146	2280
UniRef90_G1XTN1	57.75	146	236
UniRef90_M3B8U8	61.43	146	240
UniRef90_B8M357	59.57	146	243
UniRef90_A6QZ05	61.43	146	205
UniRef90_G7DVY5	57.14	146	244
UniRef90_I3J9D8	62.24	146	3027
UniRef90_I3J9D8	48.28	146	3027
UniRef90_I3J9D8	50.71	146	3027
UniRef90_I3J9D8	47.55	146	3027
UniRef90_U9W553	58.74	146	250
UniRef90_A0A015I7X3	66.40	146	177
UniRef90_UPI0003942008	62.24	146	3035
UniRef90_UPI0003942008	48.28	146	3035
UniRef90_UPI0003942008	50.71	146	3035
UniRef90_UPI0003942008	47.55	146	3035
UniRef90_R7YQ49	60.99	146	268
UniRef90_UPI000393D2FE	62.24	146	3061
UniRef90_UPI000393D2FE	48.28	146	3061
UniRef90_UPI000393D2FE	50.71	146	3061
UniRef90_UPI000393D2FE	47.55	146	3061
UniRef90_A0A0C3LAW7	62.59	146	242
UniRef90_A0A0D1YHB8	59.57	146	252
UniRef90_G2XI42	60.14	146	257
UniRef90_A0A0D1ZGB9	60.29	146	244
UniRef90_UPI0004953D0A	61.70	146	3037
UniRef90_UPI0004953D0A	48.59	146	3037
UniRef90_UPI0004953D0A	48.95	146	3037
UniRef90_UPI0004953D0A	50.78	146	3037
UniRef90_UPI0004981349	61.70	146	3063
UniRef90_UPI0004981349	48.59	146	3063
UniRef90_UPI0004981349	48.95	146	3063
UniRef90_UPI0004981349	50.78	146	3063
UniRef90_UPI0005CC6D7D	62.41	146	2861
UniRef90_UPI0005CC6D7D	50.71	146	2861
UniRef90_UPI0005CC6D7D	49.66	146	2861
UniRef90_UPI0005CC6D7D	46.15	146	2861
UniRef90_UPI000697C3BC	50.00	146	3524
UniRef90_UPI000697C3BC	54.61	146	3524
UniRef90_UPI000697C3BC	49.65	146	3524
UniRef90_UPI000697C3BC	48.18	146	3524
UniRef90_J7RQU5	58.57	146	208
UniRef90_G9N0B6	54.00	146	234
UniRef90_UPI0005CBB0AF	62.41	146	2983
UniRef90_UPI0005CBB0AF	50.71	146	2983
UniRef90_UPI0005CBB0AF	49.66	146	2983
UniRef90_UPI0005CBB0AF	46.15	146	2983
UniRef90_A0A087XP68	57.05	146	3082
UniRef90_A0A087XP68	51.80	146	3082
UniRef90_A0A087XP68	51.05	146	3082
UniRef90_A0A087XP68	46.85	146	3082
UniRef90_UPI000444455F	57.05	146	3108
UniRef90_UPI000444455F	51.80	146	3108
UniRef90_UPI000444455F	51.05	146	3108
UniRef90_UPI000444455F	46.85	146	3108
UniRef90_G3NUQ9	59.46	146	3037
UniRef90_G3NUQ9	50.00	146	3037
UniRef90_G3NUQ9	47.59	146	3037
UniRef90_G3NUQ9	49.22	146	3037
UniRef90_A0A0B7NMV1	60.00	146	184
UniRef90_UPI0005EF3326	50.72	146	711
UniRef90_B6HKG0	59.03	146	252
UniRef90_UPI0006D91EAA	60.99	146	3053
UniRef90_UPI0006D91EAA	51.05	146	3053
UniRef90_UPI0006D91EAA	48.61	146	3053
UniRef90_UPI0006D91EAA	50.39	146	3053
UniRef90_A0A0E9N7Q4	55.24	146	211
UniRef90_UPI00065E526E	58.33	146	1858
UniRef90_UPI00065E526E	48.28	146	1858
UniRef90_UPI00065E526E	50.00	146	1858
UniRef90_UPI00065E526E	44.29	146	1858
UniRef90_A0A0D7BTS5	61.70	146	198
UniRef90_M3ZMV8	60.99	146	3039
UniRef90_M3ZMV8	51.05	146	3039
UniRef90_M3ZMV8	48.61	146	3039
UniRef90_M3ZMV8	50.39	146	3039
UniRef90_UPI0003509CF8	58.33	146	1832
UniRef90_UPI0003509CF8	48.28	146	1832
UniRef90_UPI0003509CF8	50.00	146	1832
UniRef90_UPI0003509CF8	44.29	146	1832
UniRef90_G3BFV9	57.14	146	208
UniRef90_A0A060XIH3	60.14	146	2996
UniRef90_A0A060XIH3	51.03	146	2996
UniRef90_A0A060XIH3	44.37	146	2996
UniRef90_A0A060XIH3	48.53	146	2996
UniRef90_H2ML69	62.41	146	3121
UniRef90_H2ML69	50.71	146	3121
UniRef90_H2ML69	49.66	146	3121
UniRef90_H2ML69	46.15	146	3121
UniRef90_A5DT14	59.29	146	222
UniRef90_C5PD81	60.56	146	242
UniRef90_A0A084QDC9	53.66	146	255
UniRef90_A0A060TE09	60.87	146	226
UniRef90_A0A0H2RV16	60.00	146	226
UniRef90_G0VFF2	56.03	146	201
UniRef90_I4Y824	62.24	146	203
UniRef90_Q2H9I7	57.14	146	261
UniRef90_S9Q6T5	57.53	146	215
UniRef90_W7MJJ1	61.11	146	242
UniRef90_Q6CMW3	57.34	146	203
UniRef90_UPI0005592DAE	61.70	146	2499
UniRef90_UPI0005592DAE	50.00	146	2499
UniRef90_UPI0005592DAE	44.36	146	2499
UniRef90_W4Y5G4	50.72	146	952
UniRef90_W4Y5G4	54.43	146	952
UniRef90_B3RJL7	55.56	146	164
UniRef90_F6S5V2	82.07	146	210
UniRef90_R9AIH3	60.99	146	216
UniRef90_D4AJE7	62.14	146	250
UniRef90_B6K2Q4	58.09	146	216
UniRef90_A0A061AYU0	57.75	146	212
UniRef90_UPI0006B3A854	58.78	146	3036
UniRef90_UPI0006B3A854	51.05	146	3036
UniRef90_UPI0006B3A854	51.08	146	3036
UniRef90_UPI0006B3A854	48.95	146	3036
UniRef90_A8PSA1	58.04	146	201
UniRef90_G8ZTQ8	56.64	146	207
UniRef90_S4RRU6	56.83	146	599
UniRef90_S4RRU6	47.18	146	599
UniRef90_S9VZN4	57.53	146	215
UniRef90_H6BKK8	60.90	146	267
UniRef90_UPI000496062A	62.07	146	3025
UniRef90_UPI000496062A	51.80	146	3025
UniRef90_UPI000496062A	50.35	146	3025
UniRef90_UPI000496062A	46.94	146	3025
UniRef90_UPI00057793F2	53.19	146	3221
UniRef90_UPI00057793F2	58.11	146	3221
UniRef90_UPI00057793F2	51.43	146	3221
UniRef90_UPI00057793F2	45.39	146	3221
UniRef90_C5DPM5	55.94	146	208
UniRef90_A0A0L0N9N0	59.03	146	247
UniRef90_A0A0K6FN84	61.94	146	217
UniRef90_M5G8A3	55.32	146	204
UniRef90_C3ZEZ0	52.45	146	490
UniRef90_A0A0C9X8L1	57.24	146	191
UniRef90_A0A023FPI7	52.14	146	630
UniRef90_A0A023FPI7	43.41	146	630
UniRef90_A0A074SCZ1	58.74	146	244
UniRef90_M1VUC3	59.86	146	247
UniRef90_Q4T3X3	59.73	146	2990
UniRef90_Q4T3X3	51.80	146	2990
UniRef90_Q4T3X3	48.25	146	2990
UniRef90_Q4T3X3	47.18	146	2990
UniRef90_UPI0006B726AE	60.69	146	3364
UniRef90_UPI0006B726AE	51.43	146	3364
UniRef90_UPI0006B726AE	52.17	146	3364
UniRef90_UPI0006B726AE	44.37	146	3364
UniRef90_A0A0D7A7K5	60.99	146	208
UniRef90_UPI0005D1FE0C	60.99	146	2452
UniRef90_UPI0005D1FE0C	50.71	146	2452
UniRef90_UPI0005D1FE0C	49.65	146	2452
UniRef90_UPI0005D1FE0C	48.39	146	2452
UniRef90_UPI0006B8616C	60.69	146	3385
UniRef90_UPI0006B8616C	51.43	146	3385
UniRef90_UPI0006B8616C	52.17	146	3385
UniRef90_UPI0006B8616C	44.37	146	3385
UniRef90_H2VA44	60.99	146	2418
UniRef90_H2VA44	50.00	146	2418
UniRef90_H2VA44	49.65	146	2418
UniRef90_H2VA44	42.11	146	2418
UniRef90_Q6FWN1	55.71	146	195
UniRef90_Q6CEJ9	60.27	146	269
UniRef90_I6NDB8	57.64	146	242
UniRef90_UPI0004A32BBD	51.05	146	653
UniRef90_UPI0005D08BBC	58.74	146	234
UniRef90_H2VA45	60.99	146	2362
UniRef90_H2VA45	50.00	146	2362
UniRef90_H2VA45	49.65	146	2362
UniRef90_H2VA45	42.11	146	2362
UniRef90_UPI00067C1EFB	54.55	146	229
UniRef90_L8X545	54.93	146	350
UniRef90_S4NJ62	55.94	146	233
UniRef90_H9JTP3	56.64	146	230
UniRef90_UPI0006B7CE48	50.34	146	3196
UniRef90_UPI0006B7CE48	60.00	146	3196
UniRef90_UPI0006B7CE48	50.71	146	3196
UniRef90_UPI0006B7CE48	45.77	146	3196
UniRef90_E3KM69	59.42	146	252
UniRef90_UPI0006B6CD45	50.34	146	3222
UniRef90_UPI0006B6CD45	60.00	146	3222
UniRef90_UPI0006B6CD45	50.71	146	3222
UniRef90_UPI0006B6CD45	45.77	146	3222
UniRef90_L7M3M1	61.22	146	226
UniRef90_UPI0003F0C042	53.19	146	2073
UniRef90_UPI0003F0C042	50.71	146	2073
