UniRef90_P10349	98.91	363	396
UniRef90_Q39639	88.77	363	470
UniRef90_Q9FEQ0	86.58	363	447
UniRef90_UPI0004A631DE	82.04	363	432
UniRef90_D7TTQ8	76.65	363	458
UniRef90_M5WM27	74.86	363	461
UniRef90_A0A061G5W9	76.71	363	461
UniRef90_Q8W3L0	74.32	363	469
UniRef90_UPI0005CB21A4	74.32	363	464
UniRef90_A0A0D2R6Y5	76.71	363	446
UniRef90_C5ILB0	74.86	363	462
UniRef90_W8DX52	72.68	363	454
UniRef90_UPI00052EE478	72.95	363	461
UniRef90_A0A059BZR1	73.15	363	401
UniRef90_A0A0D2QKR2	75.07	363	440
UniRef90_Q9M4V1	72.05	363	460
UniRef90_B9RZ24	73.42	363	455
UniRef90_S5W1E8	73.15	363	450
UniRef90_A0A0D3L725	74.66	363	449
UniRef90_U5GMY6	72.40	363	453
UniRef90_UPI0005813B05	72.68	363	455
UniRef90_UPI00053CA4BA	73.15	363	457
UniRef90_UPI00053C191B	74.79	363	464
UniRef90_UPI00052EFDAA	72.24	363	356
UniRef90_G7KCB4	70.88	363	457
UniRef90_A0A0B2RWZ4	70.88	363	470
UniRef90_A0A022S1X6	70.17	363	458
UniRef90_A0A068UTT5	71.00	363	467
UniRef90_Q43822	70.33	363	461
UniRef90_K4PKL3	68.77	363	410
UniRef90_A0A0D2MQQ8	70.68	363	461
UniRef90_M4EYF4	69.13	363	440
UniRef90_Q43307	68.58	363	459
UniRef90_M0SSK1	70.14	363	395
UniRef90_D7KHH3	68.03	363	459
UniRef90_UPI00052F34F7	76.47	363	451
UniRef90_UPI00032A8F2C	70.52	363	474
UniRef90_P30706	69.23	363	457
UniRef90_Q7XYH5	69.32	363	463
UniRef90_K9JTB0	67.86	363	447
UniRef90_A0A078FG84	68.31	363	443
UniRef90_M0SVD6	69.32	363	449
UniRef90_A0A0C9S3S3	68.77	363	482
UniRef90_UPI00051BFFB8	68.94	363	472
UniRef90_UPI0006A6A683	65.71	363	470
UniRef90_K4CN09	68.49	363	470
UniRef90_C5WQP0	69.58	363	448
UniRef90_M0S6L8	67.95	363	411
UniRef90_B6U8X9	68.45	363	447
UniRef90_I1I6G2	66.76	363	435
UniRef90_A0A059C1B7	74.31	363	370
UniRef90_Q43869	65.93	363	472
UniRef90_J3N585	65.37	363	380
UniRef90_UPI00057B6A31	66.58	363	431
UniRef90_Q42713	66.03	363	463
UniRef90_U5D5D6	66.11	363	472
UniRef90_UPI0004DEA039	62.79	363	474
UniRef90_A0A0J8F5Z8	67.98	363	333
UniRef90_A0A0K9PBZ6	62.91	363	444
UniRef90_W9STQ4	65.48	363	417
UniRef90_A0A0L9US31	67.55	363	462
UniRef90_G3EXM8	76.49	363	369
UniRef90_B9G766	62.05	363	398
UniRef90_G3LIS0	70.16	363	370
UniRef90_UPI00053B06AC	61.20	363	438
UniRef90_UPI000512225C	60.55	363	430
UniRef90_A9SY86	55.34	363	494
UniRef90_A0A061G7W4	80.74	363	342
UniRef90_D8T681	56.66	363	355
UniRef90_V4V2A5	76.83	363	356
UniRef90_A0A0D2QZV0	80.08	363	376
UniRef90_A0A0B0PZP6	67.85	363	341
UniRef90_W5A6E6	71.05	363	282
UniRef90_A0A0D2S1U5	77.31	363	261
UniRef90_R7W5C7	53.89	363	385
UniRef90_A0A0D9XMX1	54.02	363	359
UniRef90_UPI00057AB9DE	65.58	363	379
UniRef90_A0A0E0MB73	53.45	363	740
UniRef90_A0A059C4K7	69.60	363	285
UniRef90_UPI000498F1B9	70.21	363	345
UniRef90_M0X0B3	68.69	363	261
UniRef90_A0A0B5EHP8	43.44	363	434
UniRef90_I0YK90	45.45	363	429
UniRef90_C6TC26	69.61	363	207
UniRef90_A7UM84	71.43	363	196
UniRef90_A8J0R2	42.35	363	408
UniRef90_A0A087S9K3	47.16	363	342
UniRef90_A0A0D2KNY5	41.60	363	365
UniRef90_D8TVT7	42.62	363	406
UniRef90_F4YAJ3	68.88	363	196
UniRef90_Q38PL1	72.16	363	277
UniRef90_C0Z249	67.57	363	195
UniRef90_M0X0B0	64.29	363	216
UniRef90_A0A059LRY6	39.23	363	361
UniRef90_S8EAT5	72.26	363	163
UniRef90_Q8RW86	69.48	363	154
UniRef90_A0A0C1H0H0	37.42	363	332
UniRef90_C1EES2	39.27	363	430
UniRef90_B2ZA20	38.42	363	450
UniRef90_K8FCP4	42.36	363	407
UniRef90_F8KWD8	38.44	363	335
UniRef90_A0A0E9AUN5	38.21	363	333
UniRef90_UPI0005A9EE71	43.53	363	335
UniRef90_A0A0C1H8X5	37.70	363	343
UniRef90_A0A090D1Y9	37.39	363	330
UniRef90_A4RT23	44.90	363	429
UniRef90_A0A061JBM0	40.00	363	333
UniRef90_Q01F77	38.38	363	408
UniRef90_S7KF21	37.27	363	333
UniRef90_A0A017PMU3	38.97	363	333
UniRef90_C1MYL1	44.26	363	328
UniRef90_A0A0G4G271	40.15	363	428
UniRef90_V8TRE1	36.79	363	331
UniRef90_Q255R2	37.93	363	333
UniRef90_A0A0G4HC02	42.23	363	426
UniRef90_F8L394	35.38	363	342
UniRef90_Q9Z6V0	41.30	363	331
UniRef90_A0A0H5E3U9	40.37	363	334
UniRef90_F0YH70	39.84	363	246
UniRef90_Q9TJS7	78.10	363	105
UniRef90_D6YUG1	38.57	363	330
UniRef90_Q38PM4	78.10	363	105
UniRef90_M2Y025	34.56	363	428
UniRef90_B1A5D2	75.23	363	110
UniRef90_R7QDV2	37.63	363	410
UniRef90_M1V7Y8	34.26	363	452
UniRef90_B7GCP3	33.33	363	435
UniRef90_A0A078L6M4	34.65	363	329
UniRef90_K0SLZ3	35.64	363	481
UniRef90_B8C9T8	36.78	363	440
UniRef90_M0X0A9	60.16	363	152
UniRef90_UPI00063AEDBC	77.00	363	165
UniRef90_A0A067EGI7	66.67	363	113
UniRef90_M4E397	67.29	363	182
UniRef90_L1IZM5	36.36	363	453
UniRef90_A0A0F9B9E6	37.05	363	330
UniRef90_A0A059DFL0	75.29	363	165
UniRef90_A0A074T9R1	37.70	363	655
UniRef90_A0A086PZR8	35.46	363	786
UniRef90_A0A0C4B158	63.37	363	110
UniRef90_Q5IWY9	45.89	363	206
UniRef90_F0VJ95	33.69	363	683
UniRef90_U6KWN0	33.89	363	517
UniRef90_A0A060RX57	39.57	363	400
UniRef90_B3LBZ7	37.98	363	418
UniRef90_A0A0D9QN38	36.06	363	418
UniRef90_D7FWA5	46.62	363	216
UniRef90_Q4YT90	35.59	363	405
UniRef90_K6VHK4	33.33	363	418
UniRef90_A0A0A9PAL8	56.36	363	110
UniRef90_R1DEQ8	37.16	363	186
UniRef90_UPI0004987162	62.07	363	88
UniRef90_A0A067EHC9	75.41	363	95
UniRef90_A0A067E8X1	71.01	363	86
UniRef90_UPI00063A883C	77.59	363	96
UniRef90_UPI00063AA5E3	77.59	363	123
UniRef90_A0A0D2T4G5	79.63	363	130
UniRef90_M1B6P6	44.09	363	103
UniRef90_Q4XGG7	39.66	363	152
UniRef90_Q9AQW6	77.27	363	44
UniRef90_UPI000498D220	71.74	363	145
UniRef90_A0A067EGJ1	71.74	363	152
UniRef90_A0A061G5W9	76.71	363	461
UniRef90_M5WM27	74.86	363	461
UniRef90_W8DX52	72.68	363	454
UniRef90_D7TTQ8	76.23	363	458
UniRef90_P10349	98.91	363	396
UniRef90_Q8W3L0	74.32	363	469
UniRef90_S5W1E8	73.15	363	450
UniRef90_Q39639	88.77	363	470
UniRef90_A0A0D2QKR2	75.07	363	440
UniRef90_Q9M4V1	72.05	363	460
UniRef90_A0A0D3L725	74.66	363	449
UniRef90_A0A0D2R6Y5	76.71	363	446
UniRef90_B9RZ24	73.42	363	455
UniRef90_UPI0005CB21A4	74.32	363	464
UniRef90_UPI00052EE478	72.95	363	461
UniRef90_A0A059BZR1	73.15	363	401
UniRef90_U5GMY6	72.40	363	453
UniRef90_C5ILB0	74.86	363	462
UniRef90_UPI0005813B05	72.68	363	455
UniRef90_UPI00053CA4BA	72.95	363	457
UniRef90_D7KHH3	68.03	363	459
UniRef90_Q7XYH5	69.32	363	463
UniRef90_M4EYF4	69.13	363	440
UniRef90_Q43307	68.58	363	459
UniRef90_A0A078FG84	68.31	363	443
UniRef90_Q9FEQ0	86.58	363	447
UniRef90_UPI00053C191B	74.59	363	464
UniRef90_M0SSK1	70.14	363	395
UniRef90_A0A022S1X6	70.17	363	458
UniRef90_A0A068UTT5	71.00	363	467
UniRef90_UPI00051BFFB8	68.94	363	472
UniRef90_A0A0B2RWZ4	70.88	363	470
UniRef90_G7KCB4	70.88	363	457
UniRef90_K4CN09	68.49	363	470
UniRef90_K9JTB0	67.86	363	447
UniRef90_M0SVD6	69.32	363	449
UniRef90_UPI00032A8F2C	70.52	363	474
UniRef90_M0S6L8	67.95	363	411
UniRef90_UPI0006A6A683	65.71	363	470
UniRef90_J3N585	65.37	363	380
UniRef90_A0A0D2MQQ8	70.68	363	461
UniRef90_P30706	69.23	363	457
UniRef90_UPI00052EFDAA	72.24	363	356
UniRef90_I1I6G2	66.76	363	435
UniRef90_Q42713	66.03	363	463
UniRef90_K4PKL3	68.77	363	410
UniRef90_Q43822	70.33	363	461
UniRef90_A0A0C9S3S3	68.77	363	482
UniRef90_C5WQP0	69.58	363	448
UniRef90_Q43869	65.75	363	472
UniRef90_B6U8X9	68.45	363	447
UniRef90_U5D5D6	66.11	363	472
UniRef90_UPI00057B6A31	66.58	363	431
UniRef90_UPI0004A631DE	82.04	363	432
UniRef90_UPI0004DEA039	63.35	363	474
UniRef90_UPI00052F34F7	76.47	363	451
UniRef90_A0A0K9PBZ6	62.89	363	444
UniRef90_A0A059C1B7	74.31	363	370
UniRef90_A0A0J8F5Z8	67.98	363	333
UniRef90_B9G766	62.05	363	398
UniRef90_W9STQ4	65.30	363	417
UniRef90_UPI00053B06AC	60.93	363	438
UniRef90_D8T681	56.66	363	355
UniRef90_UPI000512225C	60.55	363	430
UniRef90_A0A0L9US31	67.55	363	462
UniRef90_A9SY86	55.34	363	494
UniRef90_G3LIS0	70.16	363	370
UniRef90_G3EXM8	76.49	363	369
UniRef90_R7W5C7	53.74	363	385
UniRef90_A0A0D9XMX1	54.02	363	359
UniRef90_W5A6E6	71.05	363	282
UniRef90_A0A0B5EHP8	43.72	363	434
UniRef90_A0A0D2S1U5	77.31	363	261
UniRef90_A8J0R2	42.35	363	408
UniRef90_D8TVT7	42.62	363	406
UniRef90_I0YK90	45.73	363	429
UniRef90_A0A0D2KNY5	41.32	363	365
UniRef90_A0A061G7W4	80.74	363	342
UniRef90_A0A0E0MB73	53.45	363	740
UniRef90_V4V2A5	77.14	363	356
UniRef90_A0A0B0PZP6	67.85	363	341
UniRef90_A0A0D2QZV0	80.08	363	376
UniRef90_UPI00057AB9DE	65.56	363	379
UniRef90_UPI00057AB9DE	39.36	363	379
UniRef90_A0A087S9K3	47.16	363	342
UniRef90_A0A059C4K7	69.32	363	285
UniRef90_A0A0E9AUN5	35.74	363	333
UniRef90_A0A059LRY6	39.23	363	361
UniRef90_F8KWD8	36.25	363	335
UniRef90_A0A061JBM0	35.44	363	333
UniRef90_A0A0C1H0H0	37.00	363	332
UniRef90_A0A0C1H8X5	36.06	363	343
UniRef90_A0A090D1Y9	37.46	363	330
UniRef90_Q255R2	34.73	363	333
UniRef90_S7KF21	35.71	363	333
UniRef90_V8TRE1	34.13	363	331
UniRef90_F8L394	35.05	363	342
UniRef90_A0A017PMU3	35.22	363	333
UniRef90_UPI0005A9EE71	38.44	363	335
UniRef90_K8FCP4	38.96	363	407
UniRef90_UPI000498F1B9	69.92	363	345
UniRef90_C1EES2	39.16	363	430
UniRef90_Q9Z6V0	34.13	363	331
UniRef90_A0A0H5E3U9	35.37	363	334
UniRef90_D6YUG1	33.84	363	330
UniRef90_A0A078L6M4	32.42	363	329
UniRef90_M2Y025	33.33	363	428
UniRef90_M0X0B3	68.69	363	261
UniRef90_Q01F77	35.69	363	408
UniRef90_C6TC26	68.93	363	207
UniRef90_A4RT23	36.86	363	429
UniRef90_B7GCP3	33.43	363	435
UniRef90_R7QDV2	34.72	363	410
UniRef90_B2ZA20	38.42	363	450
UniRef90_A7UM84	71.43	363	196
UniRef90_M1V7Y8	30.36	363	452
UniRef90_C1MYL1	37.91	363	328
UniRef90_A0A0G4HC02	35.87	363	426
UniRef90_F4YAJ3	68.88	363	196
UniRef90_A0A0G4G271	36.89	363	428
UniRef90_C0Z249	66.49	363	195
UniRef90_F0YH70	39.84	363	246
UniRef90_K0SLZ3	32.09	363	481
UniRef90_B8C9T8	31.39	363	440
UniRef90_Q38PL1	72.16	363	277
UniRef90_M0X0B0	63.74	363	216
UniRef90_L1IZM5	29.51	363	453
UniRef90_A0A074T9R1	29.83	363	655
UniRef90_A0A086PZR8	30.97	363	786
UniRef90_B3LBZ7	30.40	363	418
UniRef90_A0A060RX57	29.17	363	400
UniRef90_A0A0F9B9E6	30.23	363	330
UniRef90_F0VJ95	30.34	363	683
UniRef90_K6VHK4	28.27	363	418
UniRef90_U6KWN0	29.97	363	517
UniRef90_A0A0D9QN38	29.08	363	418
UniRef90_Q4YT90	27.80	363	405
UniRef90_Q8RW86	69.48	363	154
UniRef90_S8EAT5	71.34	363	163
UniRef90_R1DEQ8	34.59	363	186
UniRef90_Q9TJS7	78.10	363	105
UniRef90_Q38PM4	78.10	363	105
UniRef90_B1A5D2	75.23	363	110
UniRef90_M0X0A9	60.16	363	152
UniRef90_D7FWA5	45.33	363	216
UniRef90_A0A067EGI7	66.67	363	113
UniRef90_M4E397	66.67	363	182
UniRef90_Q5IWY9	45.89	363	206
UniRef90_UPI00063AEDBC	73.58	363	165
UniRef90_A0A0C4B158	62.14	363	110
UniRef90_A0A0A9PAL8	56.36	363	110
UniRef90_A0A059DFL0	74.42	363	165
UniRef90_UPI0004987162	62.07	363	88
UniRef90_Q4XGG7	35.66	363	152
UniRef90_A0A067E8X1	71.01	363	86
UniRef90_A0A067EHC9	73.02	363	95
UniRef90_K2ECR7	28.16	363	104
UniRef90_UPI00063A883C	77.59	363	96
UniRef90_UPI00063AA5E3	77.59	363	123
UniRef90_A0A0D2T4G5	72.13	363	130
UniRef90_M1B6P6	45.16	363	103
UniRef90_Q9AQW6	77.27	363	44
UniRef90_E1ZAW9	34.09	363	791
UniRef90_A0A067EGJ1	70.21	363	152
UniRef90_UPI000498D220	68.75	363	145
