UniRef90_Q96TU3	100.00	517	537
UniRef90_V5FSE0	79.50	517	537
UniRef90_A0A0K8LDN0	79.88	517	537
UniRef90_A0A0A1E7W3	83.95	517	535
UniRef90_A0A0D9LAN8	77.95	517	538
UniRef90_A0A0N0RXF6	77.18	517	537
UniRef90_B6H982	71.57	517	536
UniRef90_W6Q1G4	66.48	517	539
UniRef90_A0A0D9MGB1	65.20	517	540
UniRef90_B6HIK8	64.88	517	539
UniRef90_A0A0A2I781	65.33	517	540
UniRef90_A0A0F8UP02	63.17	517	943
UniRef90_B8MHA6	60.57	517	549
UniRef90_A0A094CUY9	60.85	517	553
UniRef90_A0A094D0A0	59.60	517	545
UniRef90_A0A094H7K8	60.20	517	1059
UniRef90_A0A094H7K8	35.14	517	1059
UniRef90_Q5B368	57.12	517	1203
UniRef90_A0A094JKQ8	57.89	517	503
UniRef90_A0A094E2Y7	58.35	517	548
UniRef90_A0A0B7KA11	56.59	517	526
UniRef90_A0A094ALS3	55.21	517	486
UniRef90_A0A072PRM8	49.23	517	523
UniRef90_N4U3J4	50.47	517	546
UniRef90_UPI00068DD8DE	45.37	517	534
UniRef90_UPI0006FE1AF6	45.66	517	543
UniRef90_UPI0006F3935E	45.31	517	493
UniRef90_R7YMM7	44.58	517	483
UniRef90_A0A0B5ES46	45.17	517	534
UniRef90_UPI00058D4734	44.23	517	519
UniRef90_A0A0F7TW97	69.18	517	706
UniRef90_A0A0F7TW97	53.53	517	706
UniRef90_B8MJN8	68.09	517	704
UniRef90_B8MJN8	54.39	517	704
UniRef90_A0A0D9M866	66.67	517	699
UniRef90_A0A0D9M866	54.39	517	699
UniRef90_A0A094AE67	65.08	517	709
UniRef90_A0A094AE67	50.43	517	709
UniRef90_Q4WDS4	67.26	517	703
UniRef90_Q4WDS4	52.87	517	703
UniRef90_A0A0M5JAM6	44.40	517	531
UniRef90_A1D0V7	66.55	517	690
UniRef90_A1D0V7	52.70	517	690
UniRef90_A0A0H4L2Y4	43.35	517	494
UniRef90_Q8J0G1	65.71	517	702
UniRef90_Q8J0G1	53.19	517	702
UniRef90_UPI0004C95296	43.74	517	523
UniRef90_UPI00069BF4FB	43.74	517	503
UniRef90_K0E4E1	65.12	517	703
UniRef90_K0E4E1	48.96	517	703
UniRef90_UPI000691CCEB	43.44	517	496
UniRef90_A0A0C3H9Y0	69.60	517	1402
UniRef90_A0A0C3H9Y0	53.53	517	1402
UniRef90_A0A0C3H9Y0	32.11	517	1402
UniRef90_L5NCB4	41.86	517	533
UniRef90_UPI0004AC60FE	40.42	517	539
UniRef90_A0A0A5GLU1	42.97	517	530
UniRef90_A0A0C2VL56	42.00	517	499
UniRef90_G3GLJ6	67.26	517	704
UniRef90_G3GLJ6	53.56	517	704
UniRef90_A0A0F7TSJ6	67.65	517	1419
UniRef90_A0A0F7TSJ6	32.76	517	1419
UniRef90_A0A0F7TSJ6	46.19	517	1419
UniRef90_A0A084Q7Y2	65.33	517	1359
UniRef90_A0A084Q7Y2	34.43	517	1359
UniRef90_A0A084Q7Y2	46.78	517	1359
UniRef90_A0A024H2B4	42.31	517	516
UniRef90_H0QNZ7	42.07	517	508
UniRef90_A0A084PZT2	65.81	517	1408
UniRef90_A0A084PZT2	34.36	517	1408
UniRef90_A0A084PZT2	48.92	517	1408
UniRef90_UPI0006FFEBDD	42.15	517	528
UniRef90_A0A084Q9S9	65.44	517	1422
UniRef90_A0A084Q9S9	34.36	517	1422
UniRef90_A0A084Q9S9	48.48	517	1422
UniRef90_UPI0006F66C68	41.95	517	514
UniRef90_A0A0M4FL67	41.07	517	666
UniRef90_A4JND9	43.08	517	570
UniRef90_A0A094AN92	63.91	517	1262
UniRef90_A0A094AN92	34.75	517	1262
UniRef90_A0A094AN92	47.43	517	1262
UniRef90_UPI0006F4D7EB	41.84	517	499
UniRef90_A0A094AH05	65.49	517	846
UniRef90_A0A094AH05	47.04	517	846
UniRef90_A0A094AH05	58.62	517	846
UniRef90_M7T762	55.46	517	428
UniRef90_UPI0003705CA4	40.66	517	508
UniRef90_P05656	42.26	517	677
UniRef90_UPI0003B61F19	41.85	517	502
UniRef90_UPI00036BC156	42.11	517	502
UniRef90_A0A0D5YQW2	40.35	517	546
UniRef90_A0A0D5ED96	42.72	517	548
UniRef90_UPI00028A1BAD	41.71	517	682
UniRef90_A0A0D8E920	43.93	517	551
UniRef90_UPI0006F3C6BA	41.01	517	505
UniRef90_A0A0F6MV26	40.78	517	505
UniRef90_UPI0006CA1761	39.57	517	516
UniRef90_A0A0B4DU15	41.44	517	506
UniRef90_UPI0006DC606B	39.81	517	513
UniRef90_UPI000488327C	40.84	517	517
UniRef90_I2GME8	41.68	517	511
UniRef90_I0JV85	42.57	517	510
UniRef90_A0A0G3YMQ1	43.64	517	545
UniRef90_A0A0H4XJR2	40.31	517	677
UniRef90_J7J9U8	44.24	517	570
UniRef90_G2PKY1	40.85	517	515
UniRef90_A0A081VAY7	42.88	517	545
UniRef90_A0A0K8L0R3	66.19	517	1346
UniRef90_A0A0K8L0R3	49.77	517	1346
UniRef90_A0A0K8L0R3	31.44	517	1346
UniRef90_UPI000255B2EF	40.23	517	521
UniRef90_A0A088UMP8	42.80	517	548
UniRef90_A0JS06	42.94	517	497
UniRef90_UPI0006F5241D	41.58	517	505
UniRef90_UPI000686DD37	40.71	517	477
UniRef90_UPI000380C81D	38.58	517	545
UniRef90_A0A0J5WXV3	43.00	517	545
UniRef90_B1K8Q7	43.81	517	545
UniRef90_UPI0003B7650F	42.18	517	481
UniRef90_A0A0A7LQ67	40.88	517	512
UniRef90_UPI0003673928	40.79	517	497
UniRef90_UPI00056B865D	38.89	517	521
UniRef90_A0A0M2PJR3	38.96	517	497
UniRef90_A0A0K9GWA3	40.31	517	481
UniRef90_UPI00037C7519	41.30	517	533
UniRef90_UPI0005646BFC	42.33	517	523
UniRef90_M5P6K3	40.50	517	677
UniRef90_E0RC65	38.87	517	527
UniRef90_UPI00035C632C	40.04	517	507
UniRef90_B1Z354	42.69	517	566
UniRef90_G8TDU0	38.96	517	505
UniRef90_A0A0L8VB06	38.46	517	519
UniRef90_UPI0003642137	40.82	517	521
UniRef90_D2QMD0	41.04	517	506
UniRef90_F4B1H9	40.57	517	514
UniRef90_A0A0C1BSK6	41.44	517	519
UniRef90_A1D0V0	66.79	517	1408
UniRef90_A1D0V0	33.98	517	1408
UniRef90_A1D0V0	48.07	517	1408
UniRef90_A0A0C1IGN8	41.01	517	505
UniRef90_UPI00068C326D	39.07	517	478
UniRef90_UPI0006F273D5	41.62	517	498
UniRef90_A0A0E3ZD63	36.47	517	552
UniRef90_UPI000479A007	39.58	517	522
UniRef90_A0A0M4GF68	39.66	517	492
UniRef90_A0A094G797	64.71	517	753
UniRef90_A0A094G797	47.97	517	753
UniRef90_A0A0B4DKA8	40.19	517	526
UniRef90_C6VSM4	40.44	517	507
UniRef90_B2JVY4	41.35	517	544
UniRef90_A0A084RMU8	66.06	517	1214
UniRef90_A0A084RMU8	50.21	517	1214
UniRef90_A0A084RMU8	35.69	517	1214
UniRef90_B1G3X4	41.19	517	543
UniRef90_UPI0006FBD32B	39.29	517	503
UniRef90_UPI0002EBAD00	42.42	517	545
UniRef90_Q45372	38.42	517	512
UniRef90_A0A094ABD4	68.52	517	1435
UniRef90_A0A094ABD4	33.14	517	1435
UniRef90_A0A094ABD4	51.69	517	1435
UniRef90_F0M358	40.23	517	510
UniRef90_A0A084BAT0	65.33	517	1446
UniRef90_A0A084BAT0	33.79	517	1446
UniRef90_A0A084BAT0	50.64	517	1446
UniRef90_UPI00037B1DAF	39.73	517	526
UniRef90_UPI00036261D8	39.76	517	510
UniRef90_UPI0005CA5F16	41.33	517	502
UniRef90_UPI0006F22F9A	42.32	517	504
UniRef90_A0LXA5	40.44	517	534
UniRef90_W4QBL0	40.38	517	507
UniRef90_F4KUZ8	38.34	517	525
UniRef90_UPI000068BFC0	40.42	517	514
UniRef90_L8TTL6	39.38	517	506
UniRef90_UPI000373A6C9	40.76	517	526
UniRef90_UPI00066FC095	41.14	517	532
UniRef90_A0A094A978	65.07	517	841
UniRef90_A0A094A978	49.38	517	841
UniRef90_UPI000248DDF8	40.70	517	489
UniRef90_A0A0D5NRI2	39.92	517	512
UniRef90_A0A0J5GXF9	38.89	517	491
UniRef90_UPI00037C934F	41.00	517	516
UniRef90_UPI0006D3BB00	40.24	517	538
UniRef90_UPI0006FF8F68	41.10	517	503
UniRef90_G2Z3G6	40.35	517	529
UniRef90_UPI0004214EB1	39.75	517	538
UniRef90_A0A085ZDQ3	40.28	517	520
UniRef90_UPI0005CA472C	40.55	517	497
UniRef90_A0A0F5KSJ7	40.42	517	676
UniRef90_A0A074L4P6	40.82	517	510
UniRef90_UPI000648D7BD	38.42	517	516
UniRef90_UPI0004E1E95C	39.14	517	518
UniRef90_A0A0C1IM31	39.45	517	509
UniRef90_A0A0L1M3W4	41.96	517	498
UniRef90_UPI0006F31D4B	39.81	517	505
UniRef90_UPI000401D08B	40.31	517	495
UniRef90_A0A0A7K357	40.42	517	522
UniRef90_A0A094DW68	64.71	517	1335
UniRef90_A0A094DW68	51.72	517	1335
UniRef90_A0A088X9P0	40.73	517	549
UniRef90_UPI0006F7DBBC	42.24	517	503
UniRef90_UPI000408F513	39.47	517	510
UniRef90_UPI00048DB534	40.23	517	521
UniRef90_UPI0003722EA3	39.39	517	544
UniRef90_Q1IJR4	38.70	517	507
UniRef90_A0A081PCG3	40.40	517	511
UniRef90_L8JS87	39.46	517	512
UniRef90_K6DNI4	38.86	517	492
UniRef90_UPI00064155D4	39.31	517	522
UniRef90_A5ZIK1	38.40	517	608
UniRef90_L8TXC1	40.12	517	529
UniRef90_UPI0003F56D5F	41.98	517	502
UniRef90_C2FUK5	41.77	517	501
UniRef90_A0A0F6MTX2	40.75	517	505
UniRef90_UPI0003F4FC25	39.69	517	505
UniRef90_UPI00068A6407	38.05	517	517
UniRef90_F8FRL9	39.88	517	498
UniRef90_A0A0C1DXX1	39.14	517	540
UniRef90_UPI00057B9967	40.00	517	503
UniRef90_A0A0D8JFJ6	38.55	517	518
UniRef90_UPI0003671F1A	40.04	517	538
UniRef90_UPI00036F605E	38.79	517	527
UniRef90_UPI0004B007F3	40.40	517	539
UniRef90_UPI0006670DDD	42.28	517	488
UniRef90_UPI0006F2388C	38.98	517	526
UniRef90_I2F021	37.84	517	511
UniRef90_A0A0C1CSX4	41.02	517	531
UniRef90_G7GV66	39.26	517	552
UniRef90_C3QNW3	38.04	517	608
UniRef90_A0A0D5L3Y6	40.00	517	554
UniRef90_W4AZE1	37.97	517	530
UniRef90_Q2T432	40.08	517	557
UniRef90_J7LRW6	39.57	517	500
UniRef90_D3E6W9	40.16	517	491
UniRef90_UPI0006B4300C	38.08	517	496
UniRef90_UPI0003F9BFAD	40.15	517	677
UniRef90_UPI0004797FA3	37.93	517	530
UniRef90_UPI00047C7E4F	37.99	517	524
UniRef90_A0A089JBC8	38.24	517	489
UniRef90_C0BL85	40.08	517	519
UniRef90_UPI000402E5B9	39.58	517	494
UniRef90_A0A0E3V825	39.68	517	510
UniRef90_A0A0M9CHD4	40.61	517	487
UniRef90_UPI0003B75FDF	41.07	517	521
UniRef90_A0A0B8XV85	38.73	517	508
UniRef90_UPI00035ECDFB	39.66	517	540
UniRef90_UPI0003453299	39.26	517	515
UniRef90_UPI000565A0BB	40.61	517	502
UniRef90_A0A0E9MVS5	39.14	517	502
UniRef90_H2BXD4	39.55	517	539
UniRef90_A0A0D6Q9E3	39.50	517	523
UniRef90_H1YCJ6	38.80	517	520
UniRef90_UPI0005327361	40.08	517	499
UniRef90_Q9APY5	37.31	517	512
UniRef90_E2NMG2	36.67	517	473
UniRef90_UPI000567D0FD	39.36	517	523
UniRef90_A0A098BYY2	41.68	517	583
UniRef90_UPI0004799C5A	39.88	517	534
UniRef90_F0M1F9	39.23	517	527
UniRef90_UPI00047B73FF	38.34	517	492
UniRef90_C2M7Z9	40.46	517	737
UniRef90_A0A094HV31	58.69	517	806
UniRef90_A0A094HV31	46.09	517	806
UniRef90_A0A094HV31	40.68	517	806
UniRef90_I3ZA14	39.31	517	499
UniRef90_I8XCW4	36.59	517	605
UniRef90_A4FC07	41.26	517	508
UniRef90_A3P360	39.39	517	554
UniRef90_A0A075DMY6	40.08	517	485
UniRef90_A0A0J5JK75	40.84	517	453
UniRef90_A0A0M0EHI6	40.04	517	514
UniRef90_UPI0006467AAE	39.01	517	496
UniRef90_A0A0D2Y649	60.57	517	689
UniRef90_A0A0D2Y649	41.45	517	689
UniRef90_F8FR06	39.35	517	511
UniRef90_H7FQY8	40.12	517	532
UniRef90_F6FQ44	40.82	517	468
UniRef90_A0A0D6Q9W4	39.80	517	526
UniRef90_UPI0004934E73	39.34	517	503
UniRef90_UPI000697FB06	38.24	517	552
UniRef90_B1SXR5	42.38	517	487
UniRef90_F0II41	39.73	517	736
UniRef90_UPI00037502C0	38.06	517	500
UniRef90_A0A0D8JFY6	36.42	517	522
UniRef90_A0A0F7F9G8	38.10	517	488
UniRef90_Q9LAL1	38.95	517	501
UniRef90_UPI0006F1FF07	40.28	517	501
UniRef90_UPI0006871BFD	41.02	517	475
UniRef90_U2A128	39.52	517	562
UniRef90_A0A024H5F9	37.98	517	525
UniRef90_A0A094FLP2	60.36	517	861
UniRef90_A0A094FLP2	42.73	517	861
UniRef90_A0A094FLP2	48.31	517	861
UniRef90_UPI00047D7D8D	36.92	517	492
UniRef90_UPI000556C150	40.82	517	532
UniRef90_UPI0006F2E85E	39.62	517	491
UniRef90_A0JQY5	37.62	517	511
UniRef90_UPI0006840FA6	36.95	517	516
UniRef90_UPI00056FA261	35.52	517	530
UniRef90_A0A0E3D7Z1	38.88	517	501
UniRef90_D3HVI7	38.89	517	601
UniRef90_UPI0005C6F42F	39.44	517	496
UniRef90_C6IRF4	37.84	517	610
UniRef90_A3XK56	38.40	517	504
UniRef90_I0K8S0	38.49	517	521
UniRef90_UPI0006F62616	39.61	517	558
UniRef90_UPI0006B5DD3E	38.25	517	482
UniRef90_UPI0006D5B4ED	39.11	517	494
UniRef90_K3VG00	59.14	517	689
UniRef90_K3VG00	41.45	517	689
UniRef90_W0F1Q8	38.63	517	501
UniRef90_A0A089ICZ7	38.61	517	494
UniRef90_A4ART7	36.47	517	519
UniRef90_UPI0006F821E0	39.96	517	462
UniRef90_A0A069D3A7	36.22	517	605
UniRef90_W8F0H3	40.64	517	505
UniRef90_UPI00048A3186	41.07	517	525
UniRef90_UPI0006F4BC75	39.88	517	500
UniRef90_A0A0F9YJV4	38.32	517	527
UniRef90_R6E674	37.45	517	610
UniRef90_UPI00047E5990	39.52	517	539
UniRef90_UPI0005567FF3	37.16	517	499
UniRef90_B2IF77	40.32	517	546
UniRef90_K1LVI6	39.23	517	497
UniRef90_A0A0F9Z8Q6	53.62	517	634
UniRef90_A0A0F9Z8Q6	43.10	517	634
UniRef90_UPI0004DEDA26	38.45	517	541
UniRef90_UPI0004228299	38.00	517	499
UniRef90_A0A090ZIF3	39.28	517	484
UniRef90_UPI00048B6071	38.61	517	485
UniRef90_UPI00048661E8	39.53	517	502
UniRef90_U2A163	38.72	517	515
UniRef90_UPI0004202B18	38.71	517	506
UniRef90_A0A0D5NFE4	39.42	517	618
UniRef90_UPI0005662435	39.43	517	530
UniRef90_D0MFQ4	36.72	517	473
UniRef90_UPI0006F95B25	38.45	517	492
UniRef90_UPI0006F32599	38.42	517	500
UniRef90_A0A076HSK4	39.12	517	513
UniRef90_A0A0F5JLF5	37.16	517	527
UniRef90_UPI0006F4F474	38.93	517	459
UniRef90_S2DRV5	39.17	517	497
UniRef90_X4ZJI1	38.65	517	622
UniRef90_H7FQ43	38.21	517	532
UniRef90_W4AEK9	38.27	517	490
UniRef90_B3JPV3	37.18	517	602
UniRef90_A0A098M9U9	38.70	517	498
UniRef90_D5BCJ5	39.64	517	525
UniRef90_C3QJ61	37.25	517	611
UniRef90_UPI0004644A1C	37.43	517	539
UniRef90_A0A068HEK7	56.18	517	895
UniRef90_A0A068HEK7	37.13	517	895
UniRef90_UPI0005527434	38.51	517	501
UniRef90_UPI0004169A1B	37.21	517	506
UniRef90_E8X3H8	38.51	517	520
UniRef90_K6TB07	39.40	517	712
UniRef90_I0K5M5	39.06	517	523
UniRef90_A0A0B7HSC7	40.20	517	736
UniRef90_UPI0004B90379	37.50	517	487
UniRef90_UPI00041CA2E4	38.80	517	503
UniRef90_K2PVR3	36.89	517	531
UniRef90_UPI00067FD7CC	38.81	517	732
UniRef90_M7Y2K8	38.00	517	504
UniRef90_UPI0006199990	38.45	517	488
UniRef90_J2QA48	37.82	517	505
UniRef90_W2CIM7	37.62	517	533
UniRef90_R6ZQN1	39.00	517	602
UniRef90_A0A077XV33	38.33	517	498
UniRef90_UPI0005F776A7	37.76	517	497
UniRef90_A0A0F5R202	39.42	517	489
UniRef90_UPI0006FA5BCD	40.33	517	468
UniRef90_A0A098S547	38.90	517	535
UniRef90_A0A089KZU0	39.19	517	494
UniRef90_A0A0D0KH86	37.01	517	536
UniRef90_A0A060QH88	39.16	517	566
UniRef90_A0A089HMQ3	36.92	517	496
UniRef90_J7LLK2	37.72	517	557
UniRef90_R5MMT5	38.60	517	602
UniRef90_UPI00067998D4	39.92	517	474
UniRef90_UPI00047C532D	39.35	517	532
UniRef90_UPI000372F55D	39.18	517	489
UniRef90_G0IVR7	39.35	517	503
UniRef90_D7KA50	37.76	517	611
UniRef90_UPI0006F45556	39.33	517	457
UniRef90_A0A084EAI9	38.96	517	502
UniRef90_G4HLR7	40.20	517	487
UniRef90_UPI000645E8A9	39.53	517	518
UniRef90_W0AC17	38.74	517	496
UniRef90_W4US06	38.12	517	612
UniRef90_UPI0006F9DC71	39.24	517	515
UniRef90_UPI0004AEF263	36.92	517	492
UniRef90_UPI0006F7E02C	39.18	517	475
UniRef90_I3I4G5	38.71	517	517
UniRef90_UPI0006F5EE83	40.08	517	456
UniRef90_A0A0M2WF70	56.78	517	423
UniRef90_S3YTS2	37.52	517	510
UniRef90_A0A0M2P9F6	35.65	517	492
UniRef90_A7V0S3	36.47	517	604
UniRef90_J5VYA3	40.04	517	737
UniRef90_UPI0006458B5F	38.85	517	490
UniRef90_C0BK16	37.45	517	532
UniRef90_V4RB73	37.14	517	539
UniRef90_R7AX02	39.09	517	601
UniRef90_I3C1H8	37.20	517	528
UniRef90_A0A089KHP3	38.88	517	823
UniRef90_A0A0B8YK52	39.80	517	517
UniRef90_A0A0D8JBK1	39.01	517	526
UniRef90_B5D4B3	37.77	517	601
UniRef90_A0A0M0GR45	38.08	517	492
UniRef90_L0G2I9	37.24	517	498
UniRef90_A0A0A2UD31	39.14	517	493
UniRef90_A0A0C1GET8	36.17	517	535
UniRef90_UPI00069350D0	37.38	517	637
UniRef90_UPI0004135A47	38.31	517	738
UniRef90_UPI00035E59F7	37.81	517	532
UniRef90_UPI000248D1B6	39.17	517	492
UniRef90_A4CJN8	36.15	517	523
UniRef90_F5IWE2	39.31	517	738
UniRef90_D0TE22	36.47	517	602
UniRef90_B8HEB6	37.26	517	526
UniRef90_H6CF35	37.77	517	485
UniRef90_J2IUU2	37.70	517	533
UniRef90_X5DEP6	38.55	517	525
UniRef90_UPI0006F61880	40.78	517	457
UniRef90_UPI000675FD03	36.63	517	517
UniRef90_G7VPL2	37.28	517	488
UniRef90_UPI0005C76436	36.75	517	486
UniRef90_B2IK27	54.68	517	705
UniRef90_B2IK27	45.54	517	705
UniRef90_A0A0J1LDB1	37.70	517	487
UniRef90_UPI00069647C1	37.19	517	582
UniRef90_UPI00055DE20D	36.35	517	502
UniRef90_UPI000408A7A5	36.81	517	495
UniRef90_UPI00029A25C1	36.63	517	510
UniRef90_A0A089LQ71	38.82	517	498
UniRef90_Q8GI55	37.55	517	493
UniRef90_UPI00068CDA58	37.45	517	504
UniRef90_UPI0003FD408D	37.87	517	541
UniRef90_F1CGX0	38.35	517	586
UniRef90_UPI0003FDE03B	38.00	517	619
UniRef90_A0A0E9LUE7	35.98	517	600
UniRef90_UPI00041152F2	37.77	517	500
UniRef90_A0A094Q171	38.38	517	430
UniRef90_A0A084GLQ5	35.73	517	487
UniRef90_A0A0D7WB99	39.08	517	535
UniRef90_C9PW87	36.54	517	599
UniRef90_A0A0J5TC93	37.12	517	492
UniRef90_UPI0006FB5108	37.14	517	556
UniRef90_L1P9K4	37.88	517	608
UniRef90_X4Z8H4	36.83	517	492
UniRef90_A0A0F9XBE0	37.72	517	523
UniRef90_UPI0006FED5DA	36.22	517	535
UniRef90_UPI00069EA19F	34.82	517	483
UniRef90_Q93T55	37.61	517	493
UniRef90_A0A0D5NKJ6	38.68	517	492
UniRef90_I3I4H3	38.89	517	487
UniRef90_B0NVD9	37.58	517	618
UniRef90_A0A0B2JGR8	37.35	517	482
UniRef90_A0A0E4CVH8	37.55	517	498
UniRef90_A0A031GZP7	56.73	517	875
UniRef90_A0A031GZP7	37.97	517	875
UniRef90_J9FPL6	36.38	517	608
UniRef90_UPI00039E77C1	36.47	517	618
UniRef90_A0A089IJE4	37.21	517	493
UniRef90_A0A015KMX0	37.31	517	621
UniRef90_UPI00037CE8B4	36.14	517	496
UniRef90_H7CE75	38.72	517	485
UniRef90_UPI0002884032	37.57	517	485
UniRef90_U5C3C8	37.70	517	502
UniRef90_UPI000677B058	38.07	517	821
UniRef90_UPI000362DA41	38.92	517	514
UniRef90_UPI00055192D9	38.74	517	532
UniRef90_W4P5B5	38.01	517	731
UniRef90_UPI000524D077	36.52	517	501
UniRef90_F8EC92	37.23	517	501
UniRef90_UPI000688A5E6	38.18	517	495
UniRef90_UPI0004119F20	37.45	517	494
UniRef90_A0A0A6XZ85	38.93	517	739
UniRef90_UPI000619CF10	37.07	517	488
UniRef90_UPI0006873652	35.34	517	661
UniRef90_H2BXZ0	38.52	517	521
UniRef90_R5CFY1	36.79	517	597
UniRef90_UPI00041FB8CA	36.93	517	541
UniRef90_A0A0M8MC59	39.92	517	521
UniRef90_A0A0F9QC30	36.25	517	544
UniRef90_W4PFV0	38.75	517	507
UniRef90_E3E4E3	36.94	517	822
UniRef90_UPI00068563A3	37.50	517	506
UniRef90_UPI0006192810	39.15	517	492
UniRef90_UPI00069359CA	38.13	517	497
UniRef90_G6AZL3	37.94	517	574
UniRef90_UPI0003A8AB83	37.16	517	512
UniRef90_A0A089KEY7	39.56	517	822
UniRef90_A0A090ZD34	37.90	517	517
UniRef90_UPI00068EA148	36.95	517	480
UniRef90_UPI0003F4E141	36.81	517	581
UniRef90_UPI00041D556C	37.73	517	520
UniRef90_UPI00037C69C8	37.96	517	517
UniRef90_A0A0A6Q7D7	40.24	517	483
UniRef90_UPI000680E3B0	38.80	517	738
UniRef90_UPI00054E2364	36.61	517	493
UniRef90_F9D3K6	38.04	517	510
UniRef90_UPI000619EE37	38.24	517	822
UniRef90_A0A094WJ60	36.09	517	477
UniRef90_UPI00029B45A0	38.02	517	508
UniRef90_A0A0H4PC84	37.64	517	504
UniRef90_R6XGP1	36.59	517	571
UniRef90_A0A090WZQ8	39.00	517	541
UniRef90_L5N0M5	38.72	517	768
UniRef90_C7M5H6	38.36	517	738
UniRef90_F8FRG9	38.15	517	635
UniRef90_B5ZIR7	38.12	517	551
UniRef90_UPI00040A4874	36.42	517	499
UniRef90_UPI00046FFC09	37.47	517	573
UniRef90_UPI0005260A57	35.66	517	487
UniRef90_H1HL46	36.95	517	577
UniRef90_UPI00016A5DFE	46.03	517	387
UniRef90_A0A0F0KPA8	35.64	517	459
UniRef90_R9BVA9	36.69	517	486
UniRef90_UPI0006A7F1D8	37.50	517	492
UniRef90_A0A0B2FHP0	37.84	517	825
UniRef90_A0A0D0EZI7	37.17	517	538
UniRef90_UPI000378E66B	37.16	517	550
UniRef90_A0A0A1MBU6	37.02	517	474
UniRef90_C6D1X3	36.08	517	487
UniRef90_UPI0006192DEE	36.86	517	487
UniRef90_UPI000429290D	38.03	517	534
UniRef90_J9G9X7	35.87	517	608
UniRef90_UPI000695BD79	38.73	517	468
UniRef90_UPI000626348D	38.82	517	518
UniRef90_UPI00054FA68C	36.36	517	528
UniRef90_A0A098MB80	37.43	517	818
UniRef90_E1VY14	37.01	517	490
UniRef90_L5N185	44.75	517	397
UniRef90_UPI0004247D4D	36.20	517	489
UniRef90_UPI00069D7448	36.00	517	946
UniRef90_A0A098LQA2	36.98	517	512
UniRef90_UPI0003B3FB11	36.12	517	493
UniRef90_UPI000401AE15	38.78	517	496
UniRef90_A0A0B2A1B9	37.92	517	490
UniRef90_UPI0006FC259B	35.81	517	459
UniRef90_A0A0E9LTA4	38.33	517	502
UniRef90_UPI0003F72512	37.88	517	615
UniRef90_UPI0006FC71A6	39.87	517	435
UniRef90_D7NDM1	36.21	517	577
UniRef90_D3EAV7	38.15	517	821
UniRef90_UPI0006D59ED6	38.62	517	817
UniRef90_A0A0C1FHP3	39.03	517	532
UniRef90_Q96TU3	100.00	517	537
UniRef90_A0A0K8LDN0	79.88	517	537
UniRef90_V5FSE0	79.50	517	537
UniRef90_A0A0D9LAN8	77.95	517	538
UniRef90_A0A0N0RXF6	77.18	517	537
UniRef90_A0A0F8UP02	63.17	517	943
UniRef90_W6Q1G4	66.48	517	539
UniRef90_A0A0A2I781	65.33	517	540
UniRef90_A0A0A1E7W3	83.95	517	535
UniRef90_B6HIK8	65.25	517	539
UniRef90_A0A0D9MGB1	65.20	517	540
UniRef90_A0A094CUY9	60.85	517	553
UniRef90_B8MHA6	60.19	517	549
UniRef90_A0A0M5JAM6	44.02	517	531
UniRef90_P05656	40.88	517	677
UniRef90_A0A0B5ES46	45.61	517	534
UniRef90_A0A0C2VL56	41.23	517	499
UniRef90_B6H982	71.57	517	536
UniRef90_A0A0H4XJR2	39.35	517	677
UniRef90_M5P6K3	40.31	517	677
UniRef90_A0A0H4L2Y4	43.24	517	494
UniRef90_UPI00028A1BAD	40.50	517	682
UniRef90_A0A0D5NRI2	39.58	517	512
UniRef90_UPI0006FE1AF6	44.81	517	543
UniRef90_UPI0006FFEBDD	41.35	517	528
UniRef90_A0A0B7KA11	56.59	517	526
UniRef90_A0A0M2PJR3	37.76	517	497
UniRef90_F4KUZ8	38.15	517	525
UniRef90_UPI00068DD8DE	45.00	517	534
UniRef90_UPI00058D4734	43.82	517	519
UniRef90_A0A094D0A0	58.19	517	545
UniRef90_UPI00069BF4FB	43.13	517	503
UniRef90_A0A0L8VB06	37.57	517	519
UniRef90_UPI000402E5B9	39.16	517	494
UniRef90_Q9LAL1	37.28	517	501
UniRef90_Q5B368	56.92	517	1203
UniRef90_A0A0F7F9G8	37.33	517	488
UniRef90_A0A0E3ZD63	35.66	517	552
UniRef90_UPI0003F9BFAD	38.96	517	677
UniRef90_UPI0004AC60FE	39.96	517	539
UniRef90_F8FRL9	39.11	517	498
UniRef90_UPI0006F273D5	39.88	517	498
UniRef90_UPI0006F31D4B	38.81	517	505
UniRef90_A0A094H7K8	58.55	517	1059
UniRef90_A0A094H7K8	32.69	517	1059
UniRef90_UPI0006B4300C	37.38	517	496
UniRef90_UPI0005F776A7	36.99	517	497
UniRef90_F8FR06	37.38	517	511
UniRef90_A5ZIK1	37.38	517	608
UniRef90_A0A0D8JFY6	35.76	517	522
UniRef90_A0A0F5KSJ7	39.35	517	676
UniRef90_C3QNW3	37.38	517	608
UniRef90_A0A0J5GXF9	37.76	517	491
UniRef90_UPI0004C95296	43.44	517	523
UniRef90_UPI0006458B5F	37.96	517	490
UniRef90_UPI0006F2E85E	38.34	517	491
UniRef90_UPI0003671F1A	37.86	517	538
UniRef90_UPI0004AEF263	35.96	517	492
UniRef90_A0A094E2Y7	57.68	517	548
UniRef90_UPI000248DDF8	39.46	517	489
UniRef90_UPI00068C326D	38.49	517	478
UniRef90_C6IRF4	37.38	517	610
UniRef90_UPI0006467AAE	38.15	517	496
UniRef90_UPI00047B73FF	37.57	517	492
UniRef90_R6E674	36.99	517	610
UniRef90_K6DNI4	37.57	517	492
UniRef90_C3QJ61	36.59	517	611
UniRef90_UPI0006F3935E	45.13	517	493
UniRef90_N4U3J4	50.47	517	546
UniRef90_X4Z8H4	35.77	517	492
UniRef90_A0A024H2B4	40.19	517	516
UniRef90_I8XCW4	36.72	517	605
UniRef90_A0A089HMQ3	35.58	517	496
UniRef90_A0A0F6MV26	39.81	517	505
UniRef90_A0A094ALS3	55.21	517	486
UniRef90_A0A094JKQ8	57.20	517	503
UniRef90_L5NCB4	41.28	517	533
UniRef90_A0A098M9U9	37.84	517	498
UniRef90_A0A075DMY6	37.60	517	485
UniRef90_A0A0M4GF68	37.76	517	492
UniRef90_H6CF35	36.43	517	485
UniRef90_A0A072PRM8	48.46	517	523
UniRef90_A0A0K9GWA3	39.73	517	481
UniRef90_UPI00037C7519	38.48	517	533
UniRef90_UPI0004228299	37.31	517	499
UniRef90_UPI00047D7D8D	35.91	517	492
UniRef90_UPI0004B90379	35.98	517	487
UniRef90_D0TE22	35.94	517	602
UniRef90_W4QBL0	38.70	517	507
UniRef90_A0A0F5JLF5	36.97	517	527
UniRef90_UPI000691CCEB	42.75	517	496
UniRef90_E2NMG2	35.94	517	473
UniRef90_D7KA50	36.20	517	611
UniRef90_UPI00056B865D	37.14	517	521
UniRef90_A7V0S3	36.01	517	604
UniRef90_UPI0006CA1761	39.19	517	516
UniRef90_A0A069D3A7	36.20	517	605
UniRef90_UPI0004797FA3	36.40	517	530
UniRef90_W2CIM7	36.26	517	533
UniRef90_A0A0A5GLU1	42.28	517	530
UniRef90_D3EAV7	34.04	517	821
UniRef90_UPI000677B058	34.63	517	821
UniRef90_W4US06	36.40	517	612
UniRef90_UPI0006F3C6BA	40.31	517	505
UniRef90_D2QMD0	40.08	517	506
UniRef90_D3E6W9	37.28	517	491
UniRef90_A0A0D8JFJ6	37.98	517	518
UniRef90_L8JS87	38.76	517	512
UniRef90_L8TTL6	38.76	517	506
UniRef90_UPI000401D08B	38.42	517	495
UniRef90_UPI000372F55D	37.11	517	489
UniRef90_F0M358	39.58	517	510
UniRef90_UPI0006D5B4ED	38.30	517	494
UniRef90_UPI0004119F20	36.05	517	494
UniRef90_UPI00068563A3	34.24	517	506
UniRef90_I2F021	37.07	517	511
UniRef90_A0A089KHP3	36.28	517	823
UniRef90_UPI00068A6407	37.48	517	517
UniRef90_A0A024H5F9	37.05	517	525
UniRef90_A0A0M4FL67	40.38	517	666
UniRef90_A0A090ZIF3	37.79	517	484
UniRef90_G2PKY1	38.30	517	515
UniRef90_UPI00048B6071	37.62	517	485
UniRef90_UPI0006F95B25	37.43	517	492
UniRef90_UPI0003B61F19	40.19	517	502
UniRef90_B3JPV3	36.33	517	602
UniRef90_A0A089KEY7	36.12	517	822
UniRef90_A0A089ICZ7	36.94	517	494
UniRef90_UPI000619EE37	35.27	517	822
UniRef90_UPI0006FBD32B	37.98	517	503
UniRef90_Q45372	37.85	517	512
UniRef90_UPI00037C69C8	34.50	517	517
UniRef90_UPI0006F2388C	37.27	517	526
UniRef90_Q9APY5	36.94	517	512
UniRef90_H0QNZ7	40.35	517	508
UniRef90_B5D4B3	36.84	517	601
UniRef90_L8TXC1	38.06	517	529
UniRef90_C6IZ65	34.50	517	821
UniRef90_C6VSM4	38.75	517	507
UniRef90_UPI00036261D8	38.16	517	510
UniRef90_UPI0006DC606B	38.76	517	513
UniRef90_W4AEK9	37.26	517	490
UniRef90_R5MMT5	36.33	517	602
UniRef90_A0A0E4H7Z4	36.03	517	825
UniRef90_A0A089IJE4	36.12	517	493
UniRef90_UPI00037C934F	40.28	517	516
UniRef90_UPI0004214EB1	37.79	517	538
UniRef90_UPI00037B1DAF	37.83	517	526
UniRef90_A0A0A7LQ67	40.08	517	512
UniRef90_R6ZQN1	37.43	517	602
UniRef90_UPI000068BFC0	39.58	517	514
UniRef90_UPI00035C632C	38.03	517	507
UniRef90_I2GME8	40.60	517	511
UniRef90_A0A089JBC8	37.62	517	489
UniRef90_A0A0B4DKA8	38.27	517	526
UniRef90_A0A090ZD34	34.36	517	517
UniRef90_UPI00036F605E	37.90	517	527
UniRef90_A0A0D5NFE4	38.65	517	618
UniRef90_F0M1F9	37.01	517	527
UniRef90_A0A0E4CVH8	36.43	517	498
UniRef90_I3ZA14	36.49	517	499
UniRef90_F4B1H9	39.58	517	514
UniRef90_UPI0004799C5A	37.67	517	534
UniRef90_UPI0003B7650F	40.95	517	481
UniRef90_UPI0003705CA4	39.38	517	508
UniRef90_A0A0J1LDB1	35.76	517	487
UniRef90_UPI0006B5DD3E	37.55	517	482
UniRef90_UPI0003673928	39.38	517	497
UniRef90_UPI0006F5241D	39.61	517	505
UniRef90_A0A0B2FHP0	36.43	517	825
UniRef90_H7FQY8	37.28	517	532
UniRef90_R5CFY1	35.87	517	597
UniRef90_E3E4E3	33.91	517	822
UniRef90_UPI000686DD37	39.53	517	477
UniRef90_E0RC65	38.11	517	527
UniRef90_R7AX02	36.26	517	601
UniRef90_A0A0E3V825	38.13	517	510
UniRef90_A0JQY5	36.92	517	511
UniRef90_A0A084GLQ5	35.21	517	487
UniRef90_A0A0C1BSK6	39.35	517	519
UniRef90_UPI000408F513	37.76	517	510
UniRef90_UPI000380C81D	38.00	517	545
UniRef90_UPI0006199990	36.91	517	488
UniRef90_UPI0003F4FC25	39.07	517	505
UniRef90_A0A098BYY2	39.04	517	583
UniRef90_A0A0B4DU15	40.70	517	506
UniRef90_UPI0006F4D7EB	41.47	517	499
UniRef90_UPI0005662435	36.38	517	530
UniRef90_UPI00036BC156	40.98	517	502
UniRef90_UPI0004E1E95C	38.39	517	518
UniRef90_UPI0002884032	35.53	517	485
UniRef90_U2A163	37.45	517	515
UniRef90_R9BVA9	35.17	517	486
UniRef90_A0A0C1IGN8	39.77	517	505
UniRef90_A0A0A7K357	38.49	517	522
UniRef90_UPI000524D077	34.56	517	501
UniRef90_A0LXA5	37.94	517	534
UniRef90_X4ZJI1	37.88	517	622
UniRef90_A0A0M2P9F6	35.14	517	492
UniRef90_A0A089LIW8	35.38	517	822
UniRef90_UPI0003642137	38.80	517	521
UniRef90_UPI000626348D	36.03	517	518
UniRef90_G4HLR7	36.49	517	487
UniRef90_A0A098MB80	34.56	517	818
UniRef90_UPI000675FD03	33.91	517	517
UniRef90_H1YCJ6	38.22	517	520
UniRef90_UPI0004202B18	36.87	517	506
UniRef90_UPI0006D59ED6	34.87	517	817
UniRef90_A0A0F5R202	38.01	517	489
UniRef90_A0A0D5YQW2	40.15	517	546
UniRef90_UPI0004DEDA26	34.10	517	541
UniRef90_A0A0B7HSC7	37.76	517	736
UniRef90_A0A0A2UD31	36.68	517	493
UniRef90_UPI00037502C0	36.45	517	500
UniRef90_A0A089KZU0	36.56	517	494
UniRef90_A0A0G3YMQ1	40.78	517	545
UniRef90_J7LRW6	38.10	517	500
UniRef90_W4AZE1	37.22	517	530
UniRef90_A0A0D8JBK1	38.12	517	526
UniRef90_UPI00066FC095	38.68	517	532
UniRef90_A0A0D5NKJ6	37.04	517	492
UniRef90_A0A0M0GR45	36.75	517	492
UniRef90_UPI0005CA472C	38.54	517	497
UniRef90_A0JS06	40.31	517	497
UniRef90_B8HEB6	35.53	517	526
UniRef90_UPI0003F56D5F	40.04	517	502
UniRef90_UPI00035E59F7	35.67	517	532
UniRef90_D3HVI7	36.40	517	601
UniRef90_A0A0J5JK75	39.62	517	453
UniRef90_UPI0003FDE03B	37.19	517	619
UniRef90_C2M7Z9	39.54	517	737
UniRef90_UPI00069EA19F	34.18	517	483
UniRef90_Q8GI55	35.95	517	493
UniRef90_UPI000556C150	36.89	517	532
UniRef90_A0A0B8XV85	37.64	517	508
UniRef90_K6TB07	37.33	517	712
UniRef90_UPI0006F66C68	39.81	517	514
UniRef90_UPI00047E5990	35.81	517	539
UniRef90_L1P9K4	35.71	517	608
UniRef90_A0A0M9CHD4	37.21	517	487
UniRef90_UPI000248D1B6	37.62	517	492
UniRef90_I0JV85	41.57	517	510
UniRef90_A4JND9	40.86	517	570
UniRef90_V4RB73	35.59	517	539
UniRef90_A0A0N0UHA9	34.56	517	493
UniRef90_UPI000373A6C9	40.28	517	526
UniRef90_A0A0D8E920	40.66	517	551
UniRef90_A0A0C1CSX4	38.15	517	531
UniRef90_UPI00054E2364	34.46	517	493
UniRef90_UPI00069350D0	36.42	517	637
UniRef90_A0A015KMX0	36.54	517	621
UniRef90_UPI000619CF10	35.94	517	488
UniRef90_H2BXD4	36.99	517	539
UniRef90_A0A098S547	37.60	517	535
UniRef90_UPI000479A007	38.85	517	522
UniRef90_A0A0C1IM31	39.28	517	509
UniRef90_F8FRG9	36.92	517	635
UniRef90_A0A0C1GET8	35.52	517	535
UniRef90_M7Y2K8	37.24	517	504
UniRef90_A0A085ZDQ3	39.20	517	520
UniRef90_A0A0J5WXV3	40.00	517	545
UniRef90_A0A088UMP8	40.08	517	548
UniRef90_UPI0003B75FDF	39.61	517	521
UniRef90_K1LVI6	35.76	517	497
UniRef90_A0A0D5L3Y6	37.72	517	554
UniRef90_UPI00048661E8	38.06	517	502
UniRef90_G7GV66	37.09	517	552
UniRef90_UPI00056FA261	35.65	517	530
UniRef90_UPI00039E77C1	35.80	517	618
UniRef90_UPI0004169A1B	36.26	517	506
UniRef90_UPI000648D7BD	37.02	517	516
UniRef90_B1G3X4	39.42	517	543
UniRef90_X5DEP6	37.79	517	525
UniRef90_A0A0J5TC93	34.88	517	492
UniRef90_UPI0006F9DC71	37.28	517	515
UniRef90_UPI00047C7E4F	37.07	517	524
UniRef90_UPI0005646BFC	40.04	517	523
UniRef90_UPI00064155D4	36.87	517	522
UniRef90_W4CR65	35.05	517	484
UniRef90_G8TDU0	38.54	517	505
UniRef90_A0A0L1M3W4	39.96	517	498
UniRef90_C0BL85	38.88	517	519
UniRef90_B1Z354	40.00	517	566
UniRef90_R5CZ02	34.44	517	597
UniRef90_UPI000567D0FD	37.45	517	523
UniRef90_UPI00067FD7CC	36.36	517	732
UniRef90_G2Z3G6	38.49	517	529
UniRef90_UPI000378E66B	36.23	517	550
UniRef90_A0A074L4P6	39.03	517	510
UniRef90_B1K8Q7	40.85	517	545
UniRef90_A0A088X9P0	37.86	517	549
UniRef90_C0BK16	36.31	517	532
UniRef90_J7J9U8	40.78	517	570
UniRef90_A0A0E9LUE7	34.87	517	600
UniRef90_A0A089LNQ3	36.51	517	478
UniRef90_A0A089LQ71	37.06	517	498
UniRef90_A0A081VAY7	41.36	517	545
UniRef90_Q2T432	37.48	517	557
UniRef90_UPI0004934E73	38.03	517	503
UniRef90_UPI0005CA5F16	39.85	517	502
UniRef90_F1CGX0	34.36	517	586
UniRef90_A0A081PCG3	38.70	517	511
UniRef90_S2DRV5	37.26	517	497
UniRef90_J2IUU2	34.17	517	533
UniRef90_A0A0D0KH86	36.05	517	536
UniRef90_J5VYA3	39.23	517	737
UniRef90_UPI0006FF8F68	39.65	517	503
UniRef90_G0IVR7	38.62	517	503
UniRef90_A3XK56	37.84	517	504
UniRef90_A0A0F9QC30	35.28	517	544
UniRef90_UPI000688A5E6	37.62	517	495
UniRef90_A4ART7	35.65	517	519
UniRef90_UPI000488327C	39.10	517	517
UniRef90_A4CJN8	35.84	517	523
UniRef90_W0F1Q8	37.68	517	501
UniRef90_F0II41	38.77	517	736
UniRef90_F5IWE2	37.19	517	738
UniRef90_UPI0003F72512	35.84	517	615
UniRef90_UPI0004247D4D	35.24	517	489
UniRef90_B0NVD9	34.82	517	618
UniRef90_A0A0A6XZ85	36.99	517	739
UniRef90_UPI00048DB534	40.27	517	521
UniRef90_H7FQ43	36.36	517	532
UniRef90_K2PVR3	37.20	517	531
UniRef90_UPI0006192810	36.50	517	492
UniRef90_B2JVY4	39.81	517	544
UniRef90_UPI0006D3BB00	39.03	517	538
UniRef90_U5C3C8	34.74	517	502
UniRef90_I3C1H8	36.69	517	528
UniRef90_A0A0D5ED96	40.58	517	548
UniRef90_UPI00057B9967	37.82	517	503
UniRef90_L0G2I9	35.82	517	498
UniRef90_J9FPL6	35.99	517	608
UniRef90_A0A0F9XBE0	34.70	517	523
UniRef90_UPI000255B2EF	39.26	517	521
UniRef90_UPI0006F32599	36.96	517	500
UniRef90_UPI00069359CA	37.04	517	497
UniRef90_UPI0005327361	38.87	517	499
UniRef90_F0R0Z6	32.71	517	622
UniRef90_A4FC07	40.16	517	508
UniRef90_J9G9X7	35.80	517	608
UniRef90_UPI0002EBAD00	40.39	517	545
UniRef90_UPI0004135A47	36.42	517	738
UniRef90_UPI000565A0BB	40.20	517	502
UniRef90_UPI0006846560	35.82	517	615
UniRef90_UPI0004B007F3	38.70	517	539
UniRef90_C6D1X3	35.17	517	487
UniRef90_UPI000362DA41	36.65	517	514
UniRef90_UPI00047C532D	35.73	517	532
UniRef90_B5D4B5	33.08	517	651
UniRef90_W4QD66	35.17	517	482
UniRef90_UPI0005C6F42F	36.90	517	496
UniRef90_A0A0F9YJV4	36.03	517	527
UniRef90_UPI00054FA68C	33.46	517	528
UniRef90_D5BCJ5	37.70	517	525
UniRef90_UPI00055DE20D	35.66	517	502
UniRef90_C7M5H6	36.40	517	738
UniRef90_R6YCQ9	32.15	517	623
UniRef90_A0A0D7WB99	35.07	517	535
UniRef90_A0A094WJ60	35.64	517	477
UniRef90_UPI0003FBAB24	35.62	517	485
UniRef90_W0ES14	32.96	517	628
UniRef90_X4ZSB0	35.04	517	482
UniRef90_A0A0H4PC84	36.15	517	504
UniRef90_R7LE83	34.32	517	624
UniRef90_UPI0006FED5DA	34.81	517	535
UniRef90_G7VPL2	36.45	517	488
UniRef90_UPI0006F22F9A	39.33	517	504
UniRef90_C9PW87	36.17	517	599
UniRef90_S3YTS2	36.17	517	510
UniRef90_UPI000680E3B0	35.45	517	738
UniRef90_A3P360	37.48	517	554
UniRef90_S0FE50	33.46	517	623
UniRef90_W4P5B5	36.17	517	731
UniRef90_UPI00035ECDFB	39.31	517	540
UniRef90_J2QA48	37.30	517	505
UniRef90_UPI0006192DEE	36.47	517	487
UniRef90_UPI00055192D9	36.43	517	532
UniRef90_A0A090WZQ8	35.56	517	541
UniRef90_Q15P65	35.06	517	531
UniRef90_U6RAZ4	30.78	517	625
UniRef90_UPI0005C76436	35.48	517	486
UniRef90_UPI0003722EA3	38.86	517	544
UniRef90_A0A0C1EYA9	34.11	517	531
UniRef90_UPI00029A25C1	36.42	517	510
UniRef90_A0A0D0EZI7	35.12	517	538
UniRef90_A0A0E3D7Z1	38.18	517	501
UniRef90_UPI00067998D4	38.32	517	474
UniRef90_UPI000645E8A9	39.02	517	518
UniRef90_UPI0005527434	37.80	517	501
UniRef90_B1SXR5	39.92	517	487
UniRef90_W8F0H3	38.75	517	505
UniRef90_A0A0F6MTX2	39.02	517	505
UniRef90_B3JPV0	31.84	517	625
UniRef90_E4VZ76	33.27	517	622
UniRef90_R6XGP1	34.83	517	571
UniRef90_A0A077XV33	38.48	517	498
UniRef90_UPI0006FB5108	35.45	517	556
UniRef90_UPI0004B3284B	33.91	517	1239
UniRef90_H2BXZ0	36.78	517	521
UniRef90_E7RM12	34.31	517	599
UniRef90_UPI0003A8AB83	36.38	517	512
UniRef90_C3QNW9	32.71	517	626
UniRef90_UPI0003453299	38.48	517	515
UniRef90_UPI000695BD79	35.55	517	468
UniRef90_B2IF77	38.25	517	546
UniRef90_UPI0006F1FF07	37.84	517	501
UniRef90_R6VRT1	31.69	517	632
UniRef90_R7A4Y8	31.84	517	625
UniRef90_I3I4G5	37.38	517	517
UniRef90_UPI0006F7DBBC	38.94	517	503
UniRef90_UPI00069D7448	34.93	517	946
UniRef90_F6FQ44	40.20	517	468
UniRef90_R6PTD7	34.12	517	575
UniRef90_UPI00041152F2	36.86	517	500
UniRef90_A0A076HSK4	37.30	517	513
UniRef90_A0A0C1DXX1	37.48	517	540
UniRef90_R7JC62	32.71	517	518
UniRef90_L1N0G9	35.23	517	596
UniRef90_UPI0002E435DD	30.70	517	629
UniRef90_R6BPN7	31.20	517	633
UniRef90_S0GLN9	33.71	517	628
UniRef90_UPI0006F4BC75	37.77	517	500
UniRef90_C2FUK5	39.49	517	501
UniRef90_UPI00029B45A0	35.91	517	508
UniRef90_Q8A6W1	32.52	517	627
UniRef90_A0A0M4FUQ8	37.71	517	609
UniRef90_R9C198	36.12	517	619
UniRef90_UPI00040A4874	34.96	517	499
UniRef90_O31411	32.82	517	921
UniRef90_A0A0A6Q7D7	37.52	517	483
UniRef90_UPI000690F498	34.08	517	532
UniRef90_U2QJS7	34.63	517	588
UniRef90_A0A0D5NF34	36.24	517	489
UniRef90_UPI0006DBDC61	32.00	517	537
UniRef90_UPI000429290D	36.85	517	534
UniRef90_UPI000697FB06	36.66	517	552
UniRef90_I0K5M5	37.40	517	523
UniRef90_D5BI99	35.16	517	471
UniRef90_E6K809	31.07	517	611
UniRef90_D1PGX3	33.86	517	572
UniRef90_U2A128	38.74	517	562
UniRef90_A0A0D6Q9E3	38.27	517	523
UniRef90_UPI0006D19A5A	35.53	517	487
UniRef90_UPI000696F74E	33.33	517	1245
UniRef90_A0A0C1FHP3	35.14	517	532
UniRef90_L5N0M5	37.40	517	768
UniRef90_UPI00041CA2E4	36.77	517	503
UniRef90_E6SQY4	32.59	517	624
UniRef90_D1QRS5	34.57	517	577
UniRef90_F8EC92	36.96	517	501
UniRef90_A0A084EAI9	36.40	517	502
UniRef90_H1HL46	34.38	517	577
UniRef90_UPI0005567FF3	36.59	517	499
UniRef90_UPI00048A3186	39.06	517	525
UniRef90_D7NDM1	34.57	517	577
UniRef90_I0K8S0	36.63	517	521
UniRef90_A0A0A1MBU6	36.82	517	474
UniRef90_A0A0E9MVS5	38.65	517	502
UniRef90_UPI0003FD408D	35.66	517	541
UniRef90_H1Q3X3	30.46	517	629
UniRef90_A0A0E9LTA4	36.59	517	502
UniRef90_UPI0002890907	36.95	517	617
UniRef90_UPI0005260A57	33.92	517	487
UniRef90_G4HLR5	32.82	517	1270
UniRef90_UPI00047B5BDF	34.74	517	495
UniRef90_G6AZL3	34.83	517	574
UniRef90_UPI0004722A8C	32.95	517	1268
UniRef90_F0F3A1	30.46	517	631
UniRef90_F2KWH0	34.57	517	562
UniRef90_R5FN48	30.83	517	631
UniRef90_A0A0B5AP01	37.33	517	475
UniRef90_UPI000248D1B8	32.95	517	1267
UniRef90_UPI000595A147	35.27	517	474
UniRef90_UPI0006841A42	35.81	517	441
UniRef90_R5CPJ5	31.50	517	628
UniRef90_UPI00041D556C	35.67	517	520
UniRef90_H7CE75	38.34	517	485
UniRef90_A5ZIJ6	30.67	517	626
UniRef90_UPI00068CD1E3	33.59	517	1225
UniRef90_UPI0006F821E0	39.39	517	462
UniRef90_D6TZ25	35.52	517	470
UniRef90_UPI0006A7F1D8	35.93	517	492
UniRef90_W0AC17	36.20	517	496
UniRef90_U2IEH9	32.22	517	626
UniRef90_UPI0006670DDD	41.49	517	488
UniRef90_A0A015MCZ0	34.10	517	500
UniRef90_G1WDW4	33.98	517	576
UniRef90_UPI00041FB8CA	34.22	517	541
UniRef90_A0A0M0EHI6	37.38	517	514
UniRef90_UPI0006F62616	38.39	517	558
UniRef90_A0A0D6Q9W4	38.37	517	526
UniRef90_UPI0006840FA6	35.98	517	516
UniRef90_L1MBY1	30.49	517	635
UniRef90_A0A069ZML5	32.71	517	627
UniRef90_D2ESB8	32.40	517	628
UniRef90_R9H0Z4	32.96	517	655
UniRef90_UPI00069D1968	34.04	517	1207
UniRef90_R6AAE6	33.09	517	612
UniRef90_Q93T55	37.03	517	493
UniRef90_A0A090ZJ38	33.65	517	1275
