UniRef90_P0ADA2	98.88	176	208
UniRef90_V3R436	92.13	176	402
UniRef90_D2TLW8	91.57	176	208
UniRef90_J5XTZ9	88.20	176	208
UniRef90_Q57S58	87.64	176	215
UniRef90_A0A0G3QKP1	88.76	176	207
UniRef90_A0A085AET1	87.64	176	207
UniRef90_J2XBV2	88.76	176	286
UniRef90_A0A098C6A7	88.76	176	393
UniRef90_G9Z4R4	85.96	176	207
UniRef90_A0A089RLX5	84.36	176	207
UniRef90_E3G686	85.39	176	197
UniRef90_V5CVQ4	86.52	176	197
UniRef90_H5V7Z3	86.03	176	209
UniRef90_UPI0004635EEA	84.36	176	209
UniRef90_A0A085IJX3	84.83	176	210
UniRef90_A0A090V153	85.39	176	218
UniRef90_S3IS42	85.47	176	401
UniRef90_A0A089R7F8	83.15	176	207
UniRef90_A0A085GIA8	83.43	176	179
UniRef90_A0A0L0ALF3	83.15	176	207
UniRef90_A0A0J8YG38	79.89	176	209
UniRef90_A0A0A2WL32	85.31	176	872
UniRef90_A0A0L7TGA8	79.21	176	206
UniRef90_K8A1I1	79.78	176	209
UniRef90_UPI00046ABDDC	79.78	176	207
UniRef90_UPI0006F1DBAB	78.09	176	207
UniRef90_A0A0J8YHL7	76.97	176	207
UniRef90_UPI0005592BAD	78.65	176	216
UniRef90_C9XXW6	78.29	176	179
UniRef90_UPI00065FA9BF	76.97	176	208
UniRef90_UPI0005506A2B	77.53	176	207
UniRef90_C6CC48	74.03	176	212
UniRef90_UPI0006859DA2	74.32	176	215
UniRef90_E0SE07	74.32	176	213
UniRef90_D8MP90	76.97	176	207
UniRef90_UPI00035D6793	76.27	176	207
UniRef90_UPI00047A72AF	73.48	176	222
UniRef90_W1FX30	93.62	176	145
UniRef90_A0A0M2KEZ0	76.40	176	207
UniRef90_A0A071LTR6	74.86	176	209
UniRef90_A0A0A0Z298	76.97	176	208
UniRef90_V3TRP8	72.38	176	197
UniRef90_E6W9H0	75.28	176	218
UniRef90_UPI00056A9A42	75.28	176	210
UniRef90_D2BUP8	72.68	176	223
UniRef90_D0KIZ0	72.93	176	197
UniRef90_E0LTY5	73.60	176	218
UniRef90_C6CQN3	71.51	176	182
UniRef90_G7LRH3	72.78	176	194
UniRef90_A0A0A1B5D1	74.72	176	207
UniRef90_H3R923	74.16	176	207
UniRef90_E5B3B0	75.28	176	227
UniRef90_D4HYM1	75.28	176	227
UniRef90_I2BBI6	72.07	176	209
UniRef90_A0A085G840	70.72	176	195
UniRef90_W0LHP1	69.61	176	197
UniRef90_I0QNT4	69.61	176	198
UniRef90_A0A088KZA8	67.78	176	191
UniRef90_UPI0005C66E2A	74.58	176	176
UniRef90_A1JNE7	67.96	176	212
UniRef90_W0SMH7	68.51	176	212
UniRef90_UPI00039B33B7	70.66	176	170
UniRef90_W0HVV4	69.06	176	212
UniRef90_A0A0H5DT80	66.85	176	190
UniRef90_A0A0B6HRZ7	66.30	176	191
UniRef90_A0A0F7HCT2	68.51	176	198
UniRef90_A0A0A5FQJ4	67.78	176	213
UniRef90_A0A0G4JPE1	71.52	176	169
UniRef90_D4DW34	66.85	176	270
UniRef90_L0MBU8	66.67	176	209
UniRef90_A0A084A5B3	66.30	176	198
UniRef90_A0A085GWK9	66.85	176	188
UniRef90_A0A0C5VG83	64.64	176	188
UniRef90_UPI00066FF72F	65.56	176	213
UniRef90_W1E4V3	89.84	176	132
UniRef90_H8NXR0	62.98	176	209
UniRef90_C7BNR2	64.97	176	211
UniRef90_UPI00057C77F9	73.08	176	160
UniRef90_A0A085HI80	64.64	176	204
UniRef90_E1SGG3	76.55	176	170
UniRef90_W1JAM0	61.33	176	186
UniRef90_A0A068R219	60.77	176	189
UniRef90_D3V0R6	59.67	176	227
UniRef90_UPI0004916B0F	61.88	176	216
UniRef90_W1IXN7	62.15	176	193
UniRef90_UPI000555011F	60.67	176	220
UniRef90_A0A0G3CRJ9	62.98	176	216
UniRef90_D3VL40	60.22	176	211
UniRef90_A0A068QS12	62.71	176	193
UniRef90_A0A0J5FQK8	59.12	176	211
UniRef90_A0A0M0TA06	59.12	176	211
UniRef90_K8WYQ7	59.22	176	213
UniRef90_M0Q8A1	60.77	176	218
UniRef90_A0A0H2QT68	59.67	176	198
UniRef90_V6MHK4	59.67	176	192
UniRef90_UPI0005A75389	57.46	176	199
UniRef90_A0A0A2RH13	60.34	176	208
UniRef90_B2Q3T9	58.66	176	223
UniRef90_C9P736	56.11	176	205
UniRef90_UPI00039F60EB	59.12	176	209
UniRef90_UPI00068DEF1C	59.55	176	214
UniRef90_D2A8Q1	99.03	176	107
UniRef90_Q5DYN2	56.42	176	204
UniRef90_C5B8W5	59.78	176	220
UniRef90_A1SYU6	57.06	176	202
UniRef90_A0A090RUV3	55.87	176	202
UniRef90_B6EQR1	54.75	176	206
UniRef90_UPI000562E454	55.87	176	199
UniRef90_UPI0006D081C4	57.06	176	198
UniRef90_UPI00036BE189	56.98	176	200
UniRef90_A0A0F5V9X7	55.25	176	199
UniRef90_UPI0003FCA5CB	56.42	176	200
UniRef90_X6QCX2	57.54	176	210
UniRef90_A0A0J8VAK6	55.25	176	205
UniRef90_A6D1N2	55.31	176	202
UniRef90_F2PA42	55.87	176	204
UniRef90_UPI000411069C	53.59	176	200
UniRef90_UPI0002DB430D	55.87	176	204
UniRef90_A0A090I7R5	54.75	176	205
UniRef90_UPI00041FAEB2	55.31	176	202
UniRef90_D0IJI4	55.93	176	199
UniRef90_A0A0F5AVJ6	58.10	176	204
UniRef90_D2Y9P7	57.06	176	199
UniRef90_A0A0H3ADI1	55.37	176	215
UniRef90_A0A097AXS9	58.19	176	199
UniRef90_A0A066RZ25	55.25	176	199
UniRef90_A0A0J1JSV1	54.24	176	199
UniRef90_K8W5P4	55.93	176	201
UniRef90_A0A0B7J5P8	55.31	176	204
UniRef90_L8J997	53.07	176	198
UniRef90_A0A0M0HQR7	57.06	176	199
UniRef90_A0A0C5W8A1	54.19	176	287
UniRef90_UPI00048D6A99	55.25	176	200
UniRef90_Q6LND8	52.51	176	246
UniRef90_A0A0D8PMK0	54.75	176	203
UniRef90_D0I7E7	55.31	176	202
UniRef90_E3BKB1	55.37	176	202
UniRef90_A0A090QYY3	53.63	176	203
UniRef90_C9QFH3	54.24	176	199
UniRef90_A0A066USR2	53.71	176	201
UniRef90_U4KIM6	51.38	176	205
UniRef90_UPI0002E01A4B	52.25	176	199
UniRef90_A0A0F4NM58	54.80	176	199
UniRef90_A0A099LW85	56.50	176	200
UniRef90_A0A0A5JUN7	53.67	176	199
UniRef90_J2IAV0	59.09	176	194
UniRef90_B8K9U6	56.50	176	199
UniRef90_I9DW19	59.32	176	194
UniRef90_A0A0A0SN70	53.67	176	199
UniRef90_E8LQH7	55.93	176	199
UniRef90_UPI00046D9348	57.63	176	188
UniRef90_U3C913	54.60	176	210
UniRef90_A0A0J1HCA2	53.07	176	201
UniRef90_C4LC21	55.49	176	199
UniRef90_R8AQR2	54.14	176	202
UniRef90_UPI00046F1BAB	56.42	176	203
UniRef90_UPI0005716D0E	55.37	176	199
UniRef90_A0A0L7YUE8	56.18	176	200
UniRef90_UPI0005AB1805	53.59	176	204
UniRef90_D0M8D9	53.67	176	200
UniRef90_A0A090P7Z5	55.06	176	200
UniRef90_B7VS10	54.02	176	205
UniRef90_D0Z437	53.63	176	200
UniRef90_UPI0006193D73	53.71	176	213
UniRef90_A0A0B9GJL1	51.96	176	199
UniRef90_K1J0J2	54.70	176	203
UniRef90_K5VGF0	53.98	176	200
UniRef90_V9ZY27	53.04	176	202
UniRef90_F9SCA0	55.17	176	207
UniRef90_A0KNW2	54.70	176	199
UniRef90_UPI00067EEA29	53.59	176	200
UniRef90_UPI00047A7BBC	54.70	176	199
UniRef90_K8CKI5	78.76	176	117
UniRef90_A0A0C2NHR0	52.81	176	200
UniRef90_A0A087IQH8	54.80	176	200
UniRef90_A0A081LIA7	52.49	176	202
UniRef90_A0A0M0I575	54.80	176	199
UniRef90_UPI0002E2D321	52.54	176	198
UniRef90_UPI0002DA0D47	53.63	176	202
UniRef90_E8M5U4	54.24	176	199
UniRef90_A8T0V7	51.98	176	202
UniRef90_F0M0E9	53.94	176	165
UniRef90_UPI0003A52F82	54.02	176	200
UniRef90_F9S688	52.25	176	200
UniRef90_UPI000306C11E	52.20	176	216
UniRef90_UPI00049052FF	49.72	176	209
UniRef90_A0A0H2MMB1	51.41	176	199
UniRef90_N9U519	51.38	176	202
UniRef90_F9R7T6	53.37	176	200
UniRef90_A0A0D0R302	53.04	176	203
UniRef90_F7NT85	56.65	176	194
UniRef90_UPI0004843A18	51.40	176	202
UniRef90_U3A100	53.30	176	200
UniRef90_G5L5M7	87.76	176	109
UniRef90_UPI0005B20FAF	51.38	176	199
UniRef90_A0A0M0M446	55.49	176	201
UniRef90_Q07792	51.41	176	200
UniRef90_R1FA94	52.49	176	200
UniRef90_A0A094L4C1	51.40	176	206
UniRef90_A0A0C3EBX5	51.14	176	200
UniRef90_H2ILF2	51.70	176	200
UniRef90_UPI000377CE95	54.49	176	195
UniRef90_Q9AI01	56.55	176	211
UniRef90_A0A0J8JPQ1	48.31	176	197
UniRef90_UPI0003FE5B77	51.12	176	180
UniRef90_I1E1I0	55.68	176	195
UniRef90_A0A0K6GX90	49.16	176	208
UniRef90_UPI000463A941	56.65	176	205
UniRef90_UPI0005A86972	50.28	176	201
UniRef90_U3B3P7	47.51	176	202
UniRef90_UPI0003F8C40A	49.16	176	216
UniRef90_A0A0M2VCL9	52.51	176	197
UniRef90_E1SPF5	54.49	176	200
UniRef90_F7YS94	53.09	176	166
UniRef90_UPI000475D2E9	53.07	176	198
UniRef90_UPI0002E2FED2	47.51	176	198
UniRef90_UPI0006854836	49.44	176	198
UniRef90_A0A0H6LZQ3	50.30	176	173
UniRef90_G4SY76	50.28	176	184
UniRef90_A0A0M2VJQ3	51.45	176	196
UniRef90_UPI00048728CE	52.30	176	195
UniRef90_H2FZ27	50.84	176	200
UniRef90_K6YDI7	47.16	176	197
UniRef90_UPI00048B6A3B	50.28	176	187
UniRef90_UPI0005907E23	50.88	176	208
UniRef90_Q1QU91	50.00	176	194
UniRef90_Q15RR6	50.00	176	212
UniRef90_F4AI03	48.30	176	213
UniRef90_W7QQZ0	50.00	176	208
UniRef90_A0A0F3IKK1	48.04	176	206
UniRef90_A0A067A754	50.28	176	196
UniRef90_U7NYY4	50.57	176	212
UniRef90_UPI00069329D9	47.75	176	206
UniRef90_UPI0004E23F4F	52.63	176	202
UniRef90_A0A0M5KV35	51.38	176	239
UniRef90_Q2BL39	47.51	176	200
UniRef90_UPI00068CAA19	48.52	176	209
UniRef90_K7AGW6	48.86	176	213
UniRef90_UPI00068810CA	50.56	176	200
UniRef90_W0H6X0	49.17	176	201
UniRef90_UPI0002ED1D5F	50.89	176	209
UniRef90_A0A0B8QI46	47.88	176	169
UniRef90_A0A090IBB1	46.55	176	208
UniRef90_A9UKK0	50.89	176	239
UniRef90_UPI00037E6D31	47.49	176	213
UniRef90_K2KM74	46.11	176	207
UniRef90_A0A094JGF6	49.12	176	206
UniRef90_UPI00040CDE23	47.67	176	179
UniRef90_UPI000685680E	49.11	176	209
UniRef90_UPI00036E1B15	48.62	176	202
UniRef90_A0A0H6IG87	55.56	176	198
UniRef90_UPI0000E0E4AF	45.11	176	225
UniRef90_U1KKK2	48.88	176	216
UniRef90_UPI0006CF3E2E	46.63	176	200
UniRef90_G5PJD2	89.29	176	85
UniRef90_Q8ED42	50.30	176	199
UniRef90_UPI0004BCE2CE	47.93	176	207
UniRef90_B5JSG0	48.60	176	209
UniRef90_Q1LM66	50.56	176	226
UniRef90_UPI0004882819	49.44	176	205
UniRef90_UPI0004A36F9D	45.56	176	213
UniRef90_A8H347	50.89	176	209
UniRef90_UPI000694FCBA	47.16	176	208
UniRef90_UPI00054D66BC	49.10	176	195
UniRef90_A0A0F6TQA1	51.19	176	215
UniRef90_G4QL57	43.82	176	245
UniRef90_A0A098T472	46.96	176	201
UniRef90_UPI000428289B	47.51	176	201
UniRef90_A6BA70	54.35	176	151
UniRef90_A0A0D8CUY4	44.75	176	209
UniRef90_UPI0005A0682D	47.51	176	212
UniRef90_A8FTY4	48.52	176	198
UniRef90_UPI000486E539	49.17	176	205
UniRef90_UPI0006D68A08	49.11	176	193
UniRef90_UPI0003777B34	50.58	176	231
UniRef90_UPI00068897A5	48.60	176	209
UniRef90_F7S0W1	44.13	176	236
UniRef90_A0A0D8DA20	45.30	176	217
UniRef90_A0A0M9GGS3	48.62	176	201
UniRef90_W1H0D3	77.88	176	140
UniRef90_S6BIL5	47.51	176	201
UniRef90_UPI00056BC7D7	49.11	176	199
UniRef90_V5BQM9	45.61	176	200
UniRef90_UPI0006EC1684	46.37	176	214
UniRef90_UPI00047AAB5B	45.51	176	209
UniRef90_A0A0D1LMH9	48.62	176	201
UniRef90_UPI0005C83738	45.56	176	217
UniRef90_UPI0005FA47BA	48.30	176	221
UniRef90_J2Y0M5	48.62	176	201
UniRef90_UPI00040ABEC1	48.85	176	230
UniRef90_A0A075P0V4	44.07	176	215
UniRef90_A0A0K6ISB1	45.40	176	204
UniRef90_L8M832	48.07	176	201
UniRef90_K5YG62	48.07	176	205
UniRef90_M1FIQ8	47.25	176	209
UniRef90_A0A0F7A4U4	48.60	176	201
UniRef90_UPI0004823B38	48.30	176	227
UniRef90_A0A0D0JYL5	46.96	176	205
UniRef90_W5INV4	48.62	176	201
UniRef90_UPI0003803466	48.30	176	211
UniRef90_A0A010RIV5	46.96	176	201
UniRef90_H8W7R9	44.44	176	213
UniRef90_UPI000689A7C2	47.93	176	210
UniRef90_UPI000682BDE5	47.37	176	197
UniRef90_K0CZ76	44.13	176	218
UniRef90_A0A0C1YHD1	45.30	176	220
UniRef90_A0A0M9UHQ1	46.59	176	206
UniRef90_B1KJY4	46.89	176	190
UniRef90_Q1YR06	46.63	176	210
UniRef90_UPI000651E5DE	46.02	176	223
UniRef90_F4DWJ9	47.51	176	201
UniRef90_A0A072N590	45.00	176	209
UniRef90_N6WTN2	45.56	176	209
UniRef90_UPI000287C5F5	47.73	176	234
UniRef90_UPI00067335BC	46.41	176	212
UniRef90_I2JK04	46.29	176	219
UniRef90_U7G1V3	44.44	176	192
UniRef90_A4XVE8	48.62	176	201
UniRef90_UPI00058B0695	47.73	176	235
UniRef90_A0A0F7JXA5	45.81	176	211
UniRef90_UPI0002557475	45.30	176	205
UniRef90_UPI0005525767	47.75	176	210
UniRef90_A3QFM1	45.81	176	197
UniRef90_UPI0003600C3F	46.02	176	223
UniRef90_UPI00055A781F	44.32	176	204
UniRef90_Q472C9	47.75	176	201
UniRef90_A9D3P5	47.34	176	195
UniRef90_UPI00034B8C9F	47.73	176	219
UniRef90_UPI0003822387	44.20	176	200
UniRef90_A0A089WLU2	48.62	176	201
UniRef90_UPI000702924F	47.51	176	201
UniRef90_A3WNC3	43.26	176	211
UniRef90_M7CSI6	44.51	176	218
UniRef90_E1V7P8	48.00	176	228
UniRef90_M4XI87	47.51	176	201
UniRef90_UPI0005691F79	47.19	176	212
UniRef90_A0A0A1YIT1	46.96	176	201
UniRef90_A0A0F9ULI2	46.02	176	219
UniRef90_UPI0003766A59	46.59	176	225
UniRef90_A0A098RE53	48.00	176	201
UniRef90_S6JFN4	48.07	176	201
UniRef90_N2J045	48.62	176	209
UniRef90_J3H5M3	45.86	176	201
UniRef90_F9ZUZ2	44.75	176	200
UniRef90_UPI000690C335	46.29	176	210
UniRef90_A0A0J6GVJ7	47.51	176	201
UniRef90_F2G5T5	44.69	176	218
UniRef90_W5YPF5	46.11	176	210
UniRef90_UPI000381B342	46.47	176	209
UniRef90_E3HI19	46.37	176	215
UniRef90_UPI000579629F	47.75	176	217
UniRef90_UPI0004888513	47.75	176	223
UniRef90_UPI0003033965	47.51	176	201
UniRef90_W2UFW6	47.19	176	209
UniRef90_UPI00056370B5	47.88	176	166
UniRef90_UPI0006C7C32C	45.30	176	202
UniRef90_UPI00046A9997	44.75	176	204
UniRef90_C7RA91	48.30	176	211
UniRef90_A0A0A0BHG8	42.54	176	207
UniRef90_E2XNS9	46.96	176	201
UniRef90_Q12LM8	46.75	176	188
UniRef90_J3DV53	46.96	176	201
UniRef90_UPI0003B3572B	48.81	176	200
UniRef90_UPI000497B003	47.51	176	205
UniRef90_A3D613	48.52	176	199
UniRef90_A0A086D1K7	48.31	176	229
UniRef90_UPI0006864576	42.70	176	207
UniRef90_K6ZIJ0	41.57	176	245
UniRef90_UPI0005BE9B11	48.07	176	201
UniRef90_UPI0006470F78	47.51	176	201
UniRef90_UPI00068906BD	47.31	176	200
UniRef90_F5ZDA4	42.13	176	218
UniRef90_UPI0005CB2F1A	49.41	176	202
UniRef90_A0A0F0DQG1	45.86	176	201
UniRef90_UPI000360FBE5	45.51	176	230
UniRef90_K6YS58	45.14	176	177
UniRef90_S2L8Y6	46.59	176	231
UniRef90_A0A0B1PN11	46.02	176	234
UniRef90_UPI0005632CCA	46.67	176	166
UniRef90_UPI000463DDDB	46.43	176	209
UniRef90_A0A0H6JNZ6	56.20	176	137
UniRef90_B8CLP6	47.70	176	214
UniRef90_H5TAI1	47.13	176	234
UniRef90_E4PJG2	43.65	176	195
UniRef90_UPI0003FDA4E2	45.30	176	202
UniRef90_W1RNU8	41.99	176	208
UniRef90_UPI0004750924	48.31	176	223
UniRef90_UPI0006882854	46.41	176	200
UniRef90_W1N4P0	47.16	176	246
UniRef90_A1WYS0	44.69	176	217
UniRef90_W9UTF2	47.37	176	194
UniRef90_UPI00040C6BF1	45.56	176	201
UniRef90_I4N0I2	46.96	176	201
UniRef90_A4Y830	47.93	176	199
UniRef90_A0A0A7EIH6	45.51	176	217
UniRef90_F7SIZ9	46.02	176	223
UniRef90_R9PL54	46.06	176	168
UniRef90_U1SFB3	45.86	176	201
UniRef90_Q5QX92	43.27	176	205
UniRef90_R8AX64	44.51	176	213
UniRef90_A0A0J7J7J3	43.09	176	210
UniRef90_G9EDA7	47.56	176	218
UniRef90_G8Q1V9	46.41	176	201
UniRef90_C6KUT5	44.38	176	226
UniRef90_K6ZID5	45.35	176	222
UniRef90_UPI000571907C	43.82	176	234
UniRef90_F6AFG5	45.30	176	201
UniRef90_A0A0D6SZN6	46.93	176	201
UniRef90_UPI000509E4B3	41.34	176	217
UniRef90_A0A094JFG0	46.75	176	194
UniRef90_A0A085V6H7	46.41	176	201
UniRef90_A0A0C2II64	46.41	176	201
UniRef90_A0A0B7DFD2	45.30	176	201
UniRef90_G3IXT3	44.75	176	200
UniRef90_UPI0005A80C6D	44.63	176	206
UniRef90_UPI0005EBB72F	45.05	176	194
UniRef90_UPI000488ACFD	46.96	176	201
UniRef90_L1M6X0	50.00	176	201
UniRef90_A0A0D5M1W7	43.18	176	236
UniRef90_UPI0006901946	49.72	176	217
UniRef90_A0A077LS17	46.96	176	202
UniRef90_U2ZJS6	48.62	176	205
UniRef90_C1DGI4	49.17	176	198
UniRef90_A0A0D0T8I6	46.96	176	201
UniRef90_UPI0006877D35	46.59	176	229
UniRef90_B3R506	46.63	176	224
UniRef90_F5T2J8	41.99	176	207
UniRef90_K0C4G5	47.68	176	168
UniRef90_A0A0G3G1J9	44.38	176	228
UniRef90_A0A0B3C3C5	46.41	176	201
UniRef90_W6R2Y2	46.41	176	201
UniRef90_A0A0M9IS63	44.69	176	202
UniRef90_A1S5N6	45.56	176	195
UniRef90_UPI00036E9895	45.45	176	239
UniRef90_Q6A3Q8	43.02	176	214
UniRef90_Q9HZY8	48.07	176	201
UniRef90_UPI0005CC96C5	45.51	176	224
UniRef90_UPI000686ECE6	47.95	176	200
UniRef90_U3HCB3	46.41	176	201
UniRef90_Z5XUT0	44.07	176	205
UniRef90_A4BE42	47.62	176	204
UniRef90_A0A0C4WQF1	49.17	176	198
UniRef90_A0A085DUC8	44.89	176	225
UniRef90_A0A0F7M706	43.82	176	217
UniRef90_W8L4X0	45.76	176	206
UniRef90_B1J696	49.40	176	201
UniRef90_A0A0D7UTM7	43.75	176	245
UniRef90_I2BYF9	45.30	176	201
UniRef90_UPI00048DAE9E	47.51	176	201
UniRef90_UPI00036BB1A8	44.38	176	229
UniRef90_A0A099PAE9	44.75	176	204
UniRef90_UPI00040FD08F	46.07	176	212
UniRef90_M5QEV0	46.41	176	201
UniRef90_A0A094PMZ6	44.20	176	209
UniRef90_A0A0J6IPV3	45.86	176	201
UniRef90_A0A0M2WGX5	46.93	176	210
UniRef90_A0A088NLM4	49.40	176	201
UniRef90_A0A0M1HI08	43.65	176	201
UniRef90_H1SB30	46.07	176	223
UniRef90_Q31I78	45.81	176	219
UniRef90_Q4K8R3	46.41	176	201
UniRef90_Q080A6	44.97	176	195
UniRef90_S6GC99	45.03	176	202
UniRef90_A0A0H4SAG7	44.13	176	198
UniRef90_A0A0B5C7X7	44.20	176	201
UniRef90_G0EU61	45.93	176	218
UniRef90_UPI000557ED76	41.57	176	183
UniRef90_A0A089YII4	46.41	176	201
UniRef90_V6J284	46.96	176	201
UniRef90_F6D0I8	40.33	176	205
UniRef90_A0A090TRU9	52.90	176	167
UniRef90_UPI00047F78C9	46.74	176	210
UniRef90_A0A0N1EEA3	45.20	176	206
UniRef90_I9BVC1	43.09	176	204
UniRef90_A0A0E3ZK26	49.70	176	216
UniRef90_UPI00061D0AF3	43.50	176	199
UniRef90_A0A0J8QB46	42.54	176	204
UniRef90_A6VXF0	40.88	176	209
UniRef90_UPI0003B414B9	46.29	176	204
UniRef90_H0J278	43.75	176	283
UniRef90_M7NW42	47.78	176	213
UniRef90_UPI00056F5211	45.20	176	219
UniRef90_UPI0002EDA4AB	44.75	176	216
UniRef90_H1G1R4	45.83	176	203
UniRef90_W6M372	44.07	176	210
UniRef90_UPI000489DD3B	44.20	176	201
UniRef90_H0JCX4	47.51	176	204
UniRef90_A0A0F9W7B7	47.16	176	233
UniRef90_F2K441	41.67	176	216
UniRef90_B8GTV2	43.17	176	212
UniRef90_L8XTU7	43.65	176	204
UniRef90_UPI000558E43F	44.13	176	192
UniRef90_UPI00058B3BD8	44.31	176	167
UniRef90_C3RWV7	42.54	176	252
UniRef90_A0A0F9K5W7	42.78	176	209
UniRef90_A0A063Y5Z9	44.13	176	199
UniRef90_UPI0006F80998	44.20	176	211
UniRef90_UPI00041EE067	44.69	176	228
UniRef90_F7T714	43.58	176	219
UniRef90_UPI0003766A59	46.59	176	225
UniRef90_A0A0M5KV35	51.38	176	239
UniRef90_UPI000651E5DE	46.02	176	223
UniRef90_M7CSI6	43.96	176	218
UniRef90_UPI0002EDA4AB	44.75	176	216
UniRef90_J5XTZ9	87.08	176	208
UniRef90_A0A0J8YG38	79.89	176	209
UniRef90_N6WTN2	45.30	176	209
UniRef90_UPI0005FA47BA	48.02	176	221
UniRef90_P0ADA2	98.31	176	208
UniRef90_UPI00046ABDDC	79.78	176	207
UniRef90_I2BYF9	45.30	176	201
UniRef90_UPI00065FA9BF	76.97	176	208
UniRef90_Q1QU91	50.00	176	194
UniRef90_UPI00041FAEB2	55.31	176	202
UniRef90_F4DWJ9	47.51	176	201
UniRef90_A0A0G3QKP1	88.20	176	207
UniRef90_V3R436	91.57	176	402
UniRef90_UPI0004A36F9D	45.56	176	213
UniRef90_D2TLW8	91.57	176	208
UniRef90_E2XNS9	46.96	176	201
UniRef90_UPI000488ACFD	46.41	176	201
UniRef90_UPI0004635EEA	84.36	176	209
UniRef90_UPI000463DDDB	43.65	176	209
UniRef90_A0A0L7TGA8	79.21	176	206
UniRef90_A0A0D0JYL5	46.96	176	205
UniRef90_Q57S58	87.64	176	215
UniRef90_A0A072N590	44.75	176	209
UniRef90_UPI00069329D9	47.75	176	206
UniRef90_UPI000702924F	47.51	176	201
UniRef90_A0A0J6GVJ7	47.51	176	201
UniRef90_W1N4P0	46.89	176	246
UniRef90_UPI000497B003	47.51	176	205
UniRef90_W0HVV4	69.06	176	212
UniRef90_D8MP90	76.97	176	207
UniRef90_A1JNE7	68.33	176	212
UniRef90_E6W9H0	75.28	176	218
UniRef90_A0A089R7F8	83.15	176	207
UniRef90_H8W7R9	44.44	176	213
UniRef90_UPI00047A72AF	73.48	176	222
UniRef90_A0A0F7A4U4	48.33	176	201
UniRef90_A0A0J8YHL7	76.97	176	207
UniRef90_UPI0003622255	44.38	176	214
UniRef90_C6CC48	74.44	176	212
UniRef90_UPI0005506A2B	76.97	176	207
UniRef90_UPI00068810CA	50.00	176	200
UniRef90_L0MBU8	66.67	176	209
UniRef90_V5CVQ4	86.52	176	197
UniRef90_UPI0005A75389	56.91	176	199
UniRef90_A0A099PAE9	44.20	176	204
UniRef90_A0A0H3ADI1	55.06	176	215
UniRef90_UPI00036E1B15	48.62	176	202
UniRef90_J2XBV2	87.64	176	286
UniRef90_A0A088KZA8	67.78	176	191
UniRef90_K8A1I1	79.78	176	209
UniRef90_A0A090V153	85.39	176	218
UniRef90_A0A0D0T8I6	46.96	176	201
UniRef90_D4DW34	66.85	176	270
UniRef90_S2L8Y6	46.33	176	231
UniRef90_A0A0D6SZN6	46.93	176	201
UniRef90_D0KIZ0	72.93	176	197
UniRef90_UPI0005592BAD	78.65	176	216
UniRef90_Q4K8R3	45.86	176	201
UniRef90_L8M832	47.51	176	201
UniRef90_UPI000690C335	45.76	176	210
UniRef90_E0LTY5	73.03	176	218
UniRef90_Q1H1W9	43.09	176	208
UniRef90_H0J278	43.50	176	283
UniRef90_A0A085IJX3	84.83	176	210
UniRef90_A0A085V6H7	46.41	176	201
UniRef90_A0A085AET1	87.64	176	207
UniRef90_A0A0F9ULI2	45.76	176	219
UniRef90_W0H6X0	49.17	176	201
UniRef90_Q472C9	47.19	176	201
UniRef90_A0A0D7UTM7	43.50	176	245
UniRef90_A0A071LTR6	74.86	176	209
UniRef90_W6R2Y2	46.41	176	201
UniRef90_A0A0A1F9D2	43.65	176	211
UniRef90_A0A0B7DFD2	45.30	176	201
UniRef90_UPI000694FCBA	46.89	176	208
UniRef90_U1SFB3	45.86	176	201
UniRef90_A0A0A1B5D1	74.72	176	207
UniRef90_J2Y0M5	48.62	176	201
UniRef90_E0SE07	74.32	176	213
UniRef90_Q1LM66	50.00	176	226
UniRef90_H0PZJ6	41.44	176	207
UniRef90_I2BBI6	71.51	176	209
UniRef90_UPI00036E9895	45.20	176	239
UniRef90_E3G686	85.39	176	197
UniRef90_D8IU73	42.78	176	225
UniRef90_B2UF67	42.54	176	205
UniRef90_A0A0F9K5W7	41.99	176	209
UniRef90_I3CG74	42.86	176	210
UniRef90_UPI0006859DA2	73.77	176	215
UniRef90_E1V7P8	48.00	176	228
UniRef90_U7G1V3	44.44	176	192
UniRef90_UPI0003600C3F	45.76	176	223
UniRef90_C3X6R3	41.67	176	219
UniRef90_UPI0005691F79	46.93	176	212
UniRef90_A0A0A0Z298	76.97	176	208
UniRef90_U3HCB3	45.86	176	201
UniRef90_E4PJG2	43.65	176	195
UniRef90_G0AH18	44.75	176	230
UniRef90_H3R923	74.16	176	207
UniRef90_A0A089RLX5	84.36	176	207
UniRef90_W5YPF5	45.86	176	210
UniRef90_A3RYF3	43.26	176	272
UniRef90_UPI000428289B	47.51	176	201
UniRef90_UPI0004888513	47.75	176	223
UniRef90_W0SMH7	68.51	176	212
UniRef90_G9Z4R4	85.96	176	207
UniRef90_UPI0005907E23	48.07	176	208
UniRef90_A0A0L0ALF3	82.58	176	207
UniRef90_UPI00039A1CD7	42.78	176	209
UniRef90_N6Z483	43.09	176	204
UniRef90_H5V7Z3	86.03	176	209
UniRef90_A0A098C6A7	87.64	176	393
UniRef90_A0A0M2KEZ0	75.84	176	207
UniRef90_A0A063Y5Z9	44.13	176	199
UniRef90_K5YG62	48.07	176	205
UniRef90_UPI0003777B34	48.35	176	231
UniRef90_B3R506	46.07	176	224
UniRef90_A0A010RIV5	46.96	176	201
UniRef90_S6JFN4	48.07	176	201
UniRef90_K5VGF0	53.98	176	200
UniRef90_UPI00067EEA29	53.59	176	200
UniRef90_A0A0J1JSV1	53.63	176	199
UniRef90_V3TRP8	72.38	176	197
UniRef90_UPI00041855F3	41.44	176	211
UniRef90_UPI0004750924	48.31	176	223
UniRef90_W0LHP1	69.61	176	197
UniRef90_UPI00056A9A42	75.28	176	210
UniRef90_UPI00040FD08F	45.81	176	212
UniRef90_A4XVE8	48.62	176	201
UniRef90_A0A0D5M1W7	42.70	176	236
UniRef90_U7NYY4	50.28	176	212
UniRef90_F1VVD8	43.65	176	205
UniRef90_G8Q1V9	46.41	176	201
UniRef90_A0A0B1PN11	45.76	176	234
UniRef90_A0A0A6P018	39.11	176	183
UniRef90_F7SIZ9	45.76	176	223
UniRef90_UPI0003033965	46.41	176	201
UniRef90_A0A0M1HI08	43.65	176	201
UniRef90_A0A098T472	46.96	176	201
UniRef90_A0A098RE53	48.00	176	201
UniRef90_S6BIL5	47.51	176	201
UniRef90_UPI0006F1DBAB	78.09	176	207
UniRef90_A0A0D5ARU8	42.70	176	206
UniRef90_J3DV53	46.96	176	201
UniRef90_A0A0M2WGX5	46.67	176	210
UniRef90_N2J045	48.62	176	209
UniRef90_UPI00067335BC	46.15	176	212
UniRef90_H1SB30	46.07	176	223
UniRef90_A0A085DUC8	44.63	176	225
UniRef90_D0M8D9	53.67	176	200
UniRef90_UPI000648C489	40.56	176	237
UniRef90_A0A099LW85	57.14	176	200
UniRef90_UPI0005A0682D	46.15	176	212
UniRef90_B6EQR1	54.14	176	206
UniRef90_G4SY76	50.28	176	184
UniRef90_W6M372	43.33	176	210
UniRef90_L8J997	52.78	176	198
UniRef90_A0A090IXU6	42.78	176	217
UniRef90_S3IS42	84.92	176	401
UniRef90_UPI0002557475	45.30	176	205
UniRef90_A0A0K8JL02	44.44	176	209
UniRef90_UPI00068600D3	42.94	176	201
UniRef90_Q8XYP1	42.70	176	216
UniRef90_A0A0J8VAK6	55.56	176	205
UniRef90_A0A0J7J7J3	43.09	176	210
UniRef90_UPI000287C5F5	47.46	176	234
UniRef90_UPI0005C83738	45.56	176	217
UniRef90_UPI000579629F	47.19	176	217
UniRef90_A0A089WLU2	48.62	176	201
UniRef90_K9D969	42.78	176	208
UniRef90_A0A077LS17	46.96	176	202
UniRef90_A0A0F9W7B7	46.89	176	233
UniRef90_UPI0005BE9B11	48.07	176	201
UniRef90_U2ZJS6	48.07	176	205
UniRef90_A0A0M9GGS3	47.51	176	201
UniRef90_A0A0C1YHD1	45.30	176	220
UniRef90_A0A0B3C3C5	46.41	176	201
UniRef90_F6AFG5	45.30	176	201
UniRef90_UPI00040ABEC1	47.46	176	230
UniRef90_UPI000473A24B	41.99	176	205
UniRef90_A0A090QYY3	53.04	176	203
UniRef90_E8YNZ0	40.56	176	233
UniRef90_UPI0002DB430D	55.31	176	204
UniRef90_S9TGU8	42.54	176	215
UniRef90_J3H5M3	45.86	176	201
UniRef90_W1JAM0	60.77	176	186
UniRef90_D0IJI4	55.06	176	199
UniRef90_A0A0D5VCA8	39.33	176	185
UniRef90_UPI00048DAE9E	47.51	176	201
UniRef90_UPI000682BDE5	45.86	176	197
UniRef90_C9P736	56.11	176	205
UniRef90_A0A0B6HRZ7	66.67	176	191
UniRef90_UPI0006877D35	46.59	176	229
UniRef90_UPI000689A7C2	45.56	176	210
UniRef90_UPI00066FF72F	65.56	176	213
UniRef90_N9U519	51.38	176	202
UniRef90_A0A0H5DT80	67.22	176	190
UniRef90_UPI0005AB1805	53.59	176	204
UniRef90_A0A0F5JZ36	40.76	176	239
UniRef90_A0A067A754	50.28	176	196
UniRef90_A0A088NLM4	46.41	176	201
UniRef90_A0A0A5FQJ4	67.78	176	213
UniRef90_W8L4X0	45.51	176	206
UniRef90_A0A090RUV3	54.70	176	202
UniRef90_C6KUT5	43.65	176	226
UniRef90_A0A0C2II64	46.41	176	201
UniRef90_UPI0003FDA4E2	45.30	176	202
UniRef90_A0A0D1LMH9	48.62	176	201
UniRef90_A0A0C3EBX5	51.14	176	200
UniRef90_G7LRH3	72.78	176	194
UniRef90_D2BUP8	72.53	176	223
UniRef90_A0A087IQH8	54.86	176	200
UniRef90_B5JSG0	48.31	176	209
UniRef90_B1J696	45.86	176	201
UniRef90_A0A0J8QB46	41.99	176	204
UniRef90_UPI0006FC7C1C	42.22	176	208
UniRef90_Q2L031	43.09	176	202
UniRef90_A0A066USR2	52.84	176	201
UniRef90_D2Y9P7	56.50	176	199
UniRef90_UPI0003FCA5CB	54.14	176	200
UniRef90_C9XXW6	78.29	176	179
UniRef90_H1G1R4	43.82	176	203
UniRef90_V9ZY27	53.04	176	202
UniRef90_R0G0L3	41.11	176	207
UniRef90_A0A0K1WK94	43.65	176	206
UniRef90_UPI0005EE73E6	42.70	176	223
UniRef90_B8GTV2	42.93	176	212
UniRef90_U2FYE8	38.46	176	195
UniRef90_UPI000489DD3B	44.20	176	201
UniRef90_Q6LND8	52.22	176	246
UniRef90_W6LSJ1	42.70	176	218
UniRef90_UPI0005592537	39.44	176	248
UniRef90_A0A0F7JXA5	45.56	176	211
UniRef90_UPI00068DEF1C	59.55	176	214
UniRef90_UPI0006F80998	43.65	176	211
UniRef90_UPI0003803466	48.02	176	211
UniRef90_W5INV4	48.07	176	201
UniRef90_E3HI19	46.11	176	215
UniRef90_UPI00058C2F6D	42.08	176	208
UniRef90_A0A0F0DQG1	45.86	176	201
UniRef90_A0A0K2BJH9	41.67	176	212
UniRef90_G8M900	42.70	176	231
UniRef90_A0A086WD47	43.33	176	209
UniRef90_A0A0G3CRJ9	62.98	176	216
UniRef90_B1FZ52	40.00	176	224
UniRef90_Q07792	51.41	176	200
UniRef90_UPI00048B3E88	41.67	176	244
UniRef90_A0A0C5W8A1	53.59	176	287
UniRef90_A0A0C4Y8D9	44.94	176	231
UniRef90_A0A0J1HCA2	51.93	176	201
UniRef90_UPI0006470F78	47.51	176	201
UniRef90_C7BNR2	64.97	176	211
UniRef90_N7A3G2	43.09	176	200
UniRef90_UPI0004D007C4	43.33	176	235
UniRef90_H0JCX4	47.51	176	204
UniRef90_UPI00055E4F9F	42.78	176	210
UniRef90_A4VL40	43.09	176	201
UniRef90_A0A081LIA7	52.49	176	202
UniRef90_UPI0005C77B7D	46.96	176	201
UniRef90_UPI00047664DD	40.88	176	205
UniRef90_Q5NY44	38.67	176	203
UniRef90_M7NW42	46.96	176	213
UniRef90_A0A085GIA8	82.86	176	179
UniRef90_U3HSJ7	44.75	176	201
UniRef90_A0A084A5B3	66.30	176	198
UniRef90_W4NNQ1	41.11	176	243
UniRef90_I9BVC1	43.09	176	204
UniRef90_R8AQR2	54.14	176	202
UniRef90_K8WYQ7	58.56	176	213
UniRef90_A8T0V7	51.67	176	202
UniRef90_A0A0M7CI57	42.54	176	220
UniRef90_A9C0A0	41.99	176	214
UniRef90_A0A0B5C7X7	43.65	176	201
UniRef90_U4KIM6	51.38	176	205
UniRef90_A0A085FXR0	43.33	176	208
UniRef90_M4XI87	47.51	176	201
UniRef90_B2Q3T9	58.01	176	223
UniRef90_A0A0A1YIT1	46.96	176	201
UniRef90_UPI0006D68A08	47.98	176	193
UniRef90_UPI0004823B38	48.02	176	227
UniRef90_A0A031LTC9	43.02	176	212
UniRef90_B2JGM1	41.67	176	214
UniRef90_B2T409	38.33	176	224
UniRef90_UPI00035D6793	76.27	176	207
UniRef90_I4N0I2	46.96	176	201
UniRef90_A0A0J6IPV3	45.86	176	201
UniRef90_UPI00036BE189	56.35	176	200
UniRef90_A0A0F5AVJ6	56.35	176	204
UniRef90_E8TRR3	40.76	176	217
UniRef90_UPI00035EC408	46.63	176	221
UniRef90_L1M6X0	46.41	176	201
UniRef90_S9ZID4	41.44	176	204
UniRef90_I3IBV4	41.81	176	204
UniRef90_F9ZUZ2	44.75	176	200
UniRef90_A0A0F7HCT2	68.51	176	198
UniRef90_UPI00048C5376	44.20	176	222
UniRef90_UPI0006FA2D29	42.70	176	232
UniRef90_D3VL40	59.12	176	211
UniRef90_A0KNW2	54.14	176	199
UniRef90_UPI0005BCC7E4	42.39	176	214
UniRef90_UPI0004916B0F	61.88	176	216
UniRef90_Q5DYN2	55.80	176	204
UniRef90_UPI00068897A5	48.33	176	209
UniRef90_M1FIQ8	47.25	176	209
UniRef90_A0A068QS12	62.15	176	193
UniRef90_R8AX64	44.51	176	213
UniRef90_A0A085G840	70.17	176	195
UniRef90_UPI0003694554	42.54	176	219
UniRef90_UPI0006193D73	53.41	176	213
UniRef90_UPI00037016C0	39.23	176	226
UniRef90_UPI0004702DBC	40.22	176	216
UniRef90_UPI000483040E	42.22	176	198
UniRef90_W8QY76	45.30	176	201
UniRef90_UPI000652A9BD	41.85	176	215
UniRef90_M5QEV0	46.41	176	201
UniRef90_UPI00034B8C9F	47.46	176	219
UniRef90_UPI0006882854	46.41	176	200
UniRef90_Q13Z09	38.33	176	208
UniRef90_A0A0J5FQK8	58.56	176	211
UniRef90_A4G5W6	45.30	176	216
UniRef90_G0EU61	45.61	176	218
UniRef90_A0A086D1K7	48.31	176	229
UniRef90_UPI000362024E	36.67	176	212
UniRef90_UPI000562E454	54.70	176	199
UniRef90_A0A085GWK9	66.30	176	188
UniRef90_A0A0K1J6Z2	39.78	176	203
UniRef90_A0A087MLM8	42.22	176	197
UniRef90_A0A085HI80	64.64	176	204
UniRef90_I0HRW9	42.08	176	214
UniRef90_UPI00047A7BBC	54.70	176	199
UniRef90_R4WVZ4	42.70	176	227
UniRef90_V5BQM9	44.20	176	200
UniRef90_UPI00058B0695	47.46	176	235
UniRef90_A0A0A8C1Z8	38.12	176	214
UniRef90_A0A0M0TA06	58.01	176	211
UniRef90_E1T7W7	41.11	176	209
UniRef90_A0A038JL39	42.22	176	207
UniRef90_UPI0005B20FAF	51.38	176	199
UniRef90_A0A0M2VJQ3	51.14	176	196
UniRef90_A0A0J1FN80	42.78	176	228
UniRef90_J3DLV3	41.11	176	210
UniRef90_V6J284	46.96	176	201
UniRef90_UPI0002E2FED2	46.96	176	198
UniRef90_A6D1N2	54.70	176	202
UniRef90_M1T3B3	44.32	176	186
UniRef90_UPI000586B414	41.90	176	206
UniRef90_H2ILF2	51.70	176	200
UniRef90_N9E1K3	42.46	176	209
UniRef90_A0A0F9VNK2	41.57	176	205
UniRef90_G9EDA7	45.88	176	218
UniRef90_D7DIX4	40.56	176	234
UniRef90_UPI00048B6A3B	48.59	176	187
UniRef90_W9UTF2	45.30	176	194
UniRef90_A0A0M9IS63	44.44	176	202
UniRef90_A7C1V2	42.37	176	268
UniRef90_D5W7Z1	39.44	176	227
UniRef90_A0A078LUR8	42.78	176	201
UniRef90_UPI000377CE95	54.55	176	195
UniRef90_UPI00056F5211	45.20	176	219
UniRef90_UPI0003FFA143	41.44	176	206
UniRef90_I0QNT4	69.61	176	198
UniRef90_A0A0K6I5W5	43.26	176	225
UniRef90_A0A098U5S3	41.67	176	210
UniRef90_C7RA91	48.02	176	211
UniRef90_A0A089YII4	46.41	176	201
UniRef90_A0A0A1GCM5	44.20	176	201
UniRef90_E1VGD7	41.57	176	203
UniRef90_A0A0C5VG83	64.64	176	188
UniRef90_UPI0006C7C32C	45.30	176	202
UniRef90_A0A0H4SAG7	43.89	176	198
UniRef90_UPI000486E539	49.17	176	205
UniRef90_A0A023WSE0	41.44	176	201
UniRef90_N9CQG0	41.34	176	209
UniRef90_F4GRG6	40.56	176	217
UniRef90_E6PS51	43.89	176	208
UniRef90_U3C913	53.41	176	210
UniRef90_D3V0R6	58.56	176	227
UniRef90_UPI00047F78C9	46.41	176	210
UniRef90_A0A066RZ25	54.14	176	199
UniRef90_UPI0006CF3E2E	46.07	176	200
UniRef90_UPI0005A998CF	43.33	176	225
UniRef90_A0A097AXS9	57.63	176	199
UniRef90_F3KHP8	41.99	176	201
UniRef90_UPI0006BB682E	41.21	176	209
UniRef90_Q0BEG0	43.82	176	225
UniRef90_F0QC85	37.91	176	221
UniRef90_F7T714	43.33	176	219
UniRef90_C6CQN3	70.95	176	182
UniRef90_A6GUK2	40.46	176	217
UniRef90_Q2SCI2	43.82	176	279
UniRef90_UPI00047AA7DE	41.99	176	222
UniRef90_A0A0G3BNM5	44.75	176	219
UniRef90_UPI0005716D0E	56.25	176	199
UniRef90_A0A0M2VCL9	52.84	176	197
UniRef90_UPI00037A11A0	41.44	176	201
UniRef90_UPI0004869A99	40.44	176	216
UniRef90_A0A0L0M245	41.44	176	236
UniRef90_I1XJK2	44.20	176	212
UniRef90_A0A0M0M446	53.89	176	201
UniRef90_A0A016XGN7	42.08	176	219
UniRef90_UPI00035F6D07	43.89	176	212
UniRef90_UPI0002E2D321	51.69	176	198
UniRef90_A0A0M0I575	54.80	176	199
UniRef90_A9UKK0	50.29	176	239
UniRef90_UPI0006FAACE5	42.22	176	214
UniRef90_A0A068R219	59.67	176	189
UniRef90_UPI00048728CE	52.30	176	195
UniRef90_UPI00036B08AB	43.09	176	211
UniRef90_UPI000493D8C1	43.65	176	201
UniRef90_A0A0F6TQA1	48.33	176	215
UniRef90_A0A0A0SN70	53.11	176	199
UniRef90_A0A0N0J5M0	45.36	176	231
UniRef90_A0A0K1JVJ7	39.44	176	213
UniRef90_Q080A6	43.93	176	195
UniRef90_I3CUW3	41.11	176	239
UniRef90_Y0KG43	39.23	176	210
UniRef90_H0BTD5	39.89	176	227
UniRef90_UPI0005F2FBEC	43.02	176	219
UniRef90_A0A0K6ISB1	45.40	176	204
UniRef90_A0A0F5V9X7	54.14	176	199
UniRef90_W9TIQ2	42.54	176	201
UniRef90_F9U709	40.56	176	203
UniRef90_A0A0F4NM58	54.80	176	199
UniRef90_UPI00037B1DB2	44.13	176	215
UniRef90_A0A0A0DLM1	38.59	176	216
UniRef90_UPI00039F60EB	59.12	176	209
UniRef90_C6X6J8	40.88	176	194
UniRef90_F7NT85	54.44	176	194
UniRef90_UPI0004E23F4F	49.16	176	202
UniRef90_K1J0J2	54.14	176	203
UniRef90_UPI0006FAB202	39.56	176	227
UniRef90_F5T2J8	41.99	176	207
UniRef90_W1IXN7	62.15	176	193
UniRef90_A0A0A5JUN7	53.11	176	199
UniRef90_UPI00041959AE	42.13	176	233
UniRef90_A0A014P1P5	40.76	176	219
UniRef90_J2IAV0	59.09	176	194
UniRef90_UPI00046F1BAB	55.25	176	203
UniRef90_UPI000686ECE6	46.07	176	200
UniRef90_UPI00047629AC	41.11	176	226
UniRef90_UPI00068CAA19	47.98	176	209
UniRef90_X6QCX2	56.91	176	210
UniRef90_C5T6C6	39.67	176	199
UniRef90_D6CUY4	44.00	176	207
UniRef90_F9SCA0	55.17	176	207
UniRef90_UPI0002E01A4B	52.54	176	199
UniRef90_A1SYU6	56.11	176	202
UniRef90_UPI00067E5C38	40.00	176	203
UniRef90_UPI0004BC7258	43.33	176	216
UniRef90_B7VS10	54.02	176	205
UniRef90_UPI0002E629B6	41.99	176	219
UniRef90_R1FA94	52.49	176	200
UniRef90_UPI00048DB040	44.25	176	214
UniRef90_A0A091B625	37.57	176	201
UniRef90_A0A0A8TQR0	42.46	176	203
UniRef90_A0A0M0HQR7	56.50	176	199
UniRef90_A1WYS0	44.44	176	217
UniRef90_B9MIP6	38.59	176	215
UniRef90_A0A0B9GJL1	51.38	176	199
UniRef90_UPI00056BC7D7	46.89	176	199
UniRef90_A0A090I7R5	54.14	176	205
UniRef90_A0A094PMZ6	44.20	176	209
UniRef90_A9ILB5	42.78	176	210
UniRef90_Q6FDB3	39.11	176	211
UniRef90_A0A091BG17	40.00	176	200
UniRef90_A0A0E3ZK26	47.19	176	216
UniRef90_A0A0D5IZ41	43.26	176	184
UniRef90_A0A0J1DBC2	42.22	176	212
UniRef90_UPI0002DA0D47	52.49	176	202
UniRef90_UPI0006CAA24C	41.57	176	209
UniRef90_UPI00066FD4C3	41.24	176	201
UniRef90_UPI000477CFC3	41.81	176	205
UniRef90_UPI000466AE12	39.34	176	221
UniRef90_K8ZL78	42.86	176	221
UniRef90_UPI0004BCE2CE	47.13	176	207
UniRef90_UPI0003B46EB3	41.11	176	189
UniRef90_UPI0003F61C98	40.56	176	224
UniRef90_UPI000480A33A	42.37	176	216
UniRef90_A0A098KKZ6	41.90	176	217
UniRef90_A0A0D0R302	53.04	176	203
UniRef90_D0I7E7	54.70	176	202
UniRef90_C6WW93	39.33	176	214
UniRef90_A0A078MJI4	41.01	176	203
UniRef90_UPI0005EBB72F	44.51	176	194
UniRef90_F5XX63	41.53	176	209
UniRef90_A0A0E7UGE9	42.70	176	222
UniRef90_A0A0B7J5P8	54.14	176	204
UniRef90_K0I9Y9	37.16	176	226
UniRef90_UPI00064572EB	39.44	176	237
UniRef90_U3B3P7	47.51	176	202
UniRef90_UPI00037A3017	41.44	176	241
UniRef90_A0A009FQY3	40.22	176	209
UniRef90_H8NXR0	62.98	176	209
UniRef90_UPI0006FD8AD4	37.99	176	216
UniRef90_C9QFH3	54.24	176	199
