UniRef90_Q327L2	99.16	237	239
UniRef90_A0A095TD40	90.64	237	239
UniRef90_A0A068R648	88.61	237	238
UniRef90_C6DKM0	89.03	237	239
UniRef90_Q6D989	89.03	237	239
UniRef90_R8ATS3	89.03	237	239
UniRef90_Q8KRT5	88.19	237	238
UniRef90_A0A0M2KB64	89.45	237	239
UniRef90_B6X9X1	87.34	237	238
UniRef90_B4EWA1	87.61	237	238
UniRef90_Q7N930	86.08	237	238
UniRef90_A0A0J1YA15	86.31	237	243
UniRef90_Q9CLE6	86.02	237	238
UniRef90_W0HX56	83.47	237	239
UniRef90_A0A0A3AUH2	83.54	237	239
UniRef90_C5RZT3	83.90	237	239
UniRef90_J7U5V9	84.81	237	239
UniRef90_UPI00048E7DA1	81.86	237	238
UniRef90_B0UVM2	85.11	237	238
UniRef90_UPI0006D28219	84.32	237	240
UniRef90_UPI000509BD83	82.63	237	238
UniRef90_A4SRU1	83.54	237	238
UniRef90_UPI0003746C4A	83.90	237	239
UniRef90_D0I7W6	83.47	237	241
UniRef90_X2JYS5	81.36	237	239
UniRef90_A3N122	82.28	237	240
UniRef90_U3B6D6	82.63	237	239
UniRef90_UPI000306BDD6	81.01	237	238
UniRef90_D4BZM9	79.75	237	257
UniRef90_K2K4J5	80.08	237	239
UniRef90_UPI00056FB312	82.20	237	239
UniRef90_Q6LUH1	83.05	237	241
UniRef90_Q5E7J4	80.59	237	238
UniRef90_A0A090KG32	80.17	237	238
UniRef90_UPI000312D199	80.08	237	239
UniRef90_A6VM01	79.66	237	238
UniRef90_Q9KPM0	80.17	237	241
UniRef90_C4LAY8	78.21	237	236
UniRef90_I2NIS4	78.39	237	238
UniRef90_J3Z487	75.85	237	239
UniRef90_Q7VMS8	76.69	237	238
UniRef90_J4TQB2	78.81	237	240
UniRef90_A0A0A7S1S8	73.73	237	237
UniRef90_UPI00040C5C21	77.45	237	239
UniRef90_U3U977	71.79	237	241
UniRef90_J3YSY5	73.84	237	239
UniRef90_R4I067	74.58	237	243
UniRef90_F7SKV9	72.88	237	241
UniRef90_A6F6B6	74.15	237	237
UniRef90_X2HA06	73.50	237	237
UniRef90_A0A0G3CT96	72.57	237	239
UniRef90_A0A094JAQ6	73.39	237	236
UniRef90_E1SSQ2	72.96	237	234
UniRef90_R9PK64	72.96	237	234
UniRef90_UPI0003F68336	71.24	237	234
UniRef90_UPI0004244E4D	71.67	237	234
UniRef90_A0A098RJ09	72.46	237	244
UniRef90_UPI00037139BF	70.39	237	236
UniRef90_W7QI10	71.19	237	242
UniRef90_C5WDK2	70.04	237	239
UniRef90_A0A081K5U9	70.26	237	234
UniRef90_D0Z3M6	71.67	237	236
UniRef90_UPI0004170687	71.67	237	236
UniRef90_F5S5T3	70.82	237	236
UniRef90_UPI00046FE6F6	70.82	237	236
UniRef90_C4GJ72	72.10	237	236
UniRef90_A0A081N0W0	70.82	237	234
UniRef90_A0A081NJC0	70.51	237	235
UniRef90_H2G0F8	69.07	237	237
UniRef90_V9HDN6	69.96	237	236
UniRef90_Q8EHK0	69.10	237	236
UniRef90_UPI000478E033	71.00	237	236
UniRef90_S2KL90	69.92	237	244
UniRef90_Q6LLA7	69.10	237	236
UniRef90_Q9KNB2	69.53	237	236
UniRef90_A1SYK4	70.26	237	236
UniRef90_UPI000418EB50	71.12	237	234
UniRef90_UPI00037EB453	70.39	237	236
UniRef90_W1N933	69.07	237	244
UniRef90_UPI0003669D92	68.10	237	236
UniRef90_UPI0004836076	68.97	237	235
UniRef90_UPI00058C5354	70.39	237	243
UniRef90_A0A0F5V990	68.67	237	236
UniRef90_B1KRP5	69.96	237	236
UniRef90_Q5E0H4	68.67	237	236
UniRef90_UPI0004133FFE	67.24	237	237
UniRef90_E1V591	69.92	237	242
UniRef90_UPI00040159B6	68.22	237	239
UniRef90_A0A0C5WQ89	68.67	237	236
UniRef90_UPI00041B6D69	68.78	237	241
UniRef90_Q1QZC3	68.35	237	243
UniRef90_M4UAC6	69.10	237	235
UniRef90_A0A0F4RBH8	68.78	237	248
UniRef90_UPI00050A1EEF	70.21	237	235
UniRef90_A0A0J8XSY4	67.81	237	236
UniRef90_U7NWW3	65.82	237	242
UniRef90_W1DLM5	93.02	237	216
UniRef90_UPI0003B3E6E9	68.53	237	236
UniRef90_A6CVG1	67.38	237	236
UniRef90_UPI00047FF0F0	70.21	237	242
UniRef90_UPI00058DA315	66.95	237	244
UniRef90_A0A086D0J6	66.95	237	243
UniRef90_A0A0A7EC17	65.37	237	245
UniRef90_G2LM25	61.80	237	234
UniRef90_UPI0004DB5266	66.10	237	242
UniRef90_B1KFG7	67.10	237	236
UniRef90_UPI000693B1B1	68.78	237	239
UniRef90_Q483Q8	64.66	237	234
UniRef90_UPI000419E704	64.94	237	236
UniRef90_A0A0F3KE32	63.95	237	236
UniRef90_P57606	61.37	237	234
UniRef90_UPI000419CCC6	66.24	237	238
UniRef90_A0A099L8A0	65.81	237	238
UniRef90_A0A0I1CFC0	99.36	237	157
UniRef90_A0A0F5AM36	64.38	237	236
UniRef90_A0A081K9K2	67.67	237	240
UniRef90_A8FZE3	63.36	237	236
UniRef90_A0A0F4R1G0	63.48	237	240
UniRef90_E3BJF8	63.79	237	237
UniRef90_Q3ICU8	62.93	237	233
UniRef90_A8H076	65.80	237	236
UniRef90_U3AN52	64.66	237	236
UniRef90_UPI000311F452	63.09	237	238
UniRef90_UPI00048AF988	65.37	237	236
UniRef90_E1SUX8	65.09	237	236
UniRef90_A0A0K6H7G8	65.79	237	236
UniRef90_D2TW38	75.52	237	192
UniRef90_A0A0F4P1Q3	61.21	237	233
UniRef90_U1KPR1	63.60	237	242
UniRef90_UPI00047023C7	65.80	237	235
UniRef90_UPI0004118B84	66.52	237	237
UniRef90_UPI0006D181BA	62.23	237	236
UniRef90_F0EW65	62.23	237	237
UniRef90_UPI00037A150C	65.09	237	237
UniRef90_C9P7M1	63.52	237	236
UniRef90_A0A0D8CR17	63.52	237	234
UniRef90_UPI0006D67459	64.94	237	236
UniRef90_UPI00048A68F5	64.50	237	236
UniRef90_G2LQ21	59.23	237	234
UniRef90_F7NY91	64.81	237	234
UniRef90_A0A0A7EKM0	59.05	237	233
UniRef90_H8MFM2	61.30	237	237
UniRef90_A0A099L7P4	63.09	237	234
UniRef90_UPI0005B3EB9C	61.90	237	239
UniRef90_Q7NRT2	61.80	237	236
UniRef90_L7U559	60.09	237	241
UniRef90_UPI00069455E6	65.16	237	232
UniRef90_A5EV41	61.64	237	237
UniRef90_A4C4Z7	58.62	237	233
UniRef90_W0P339	58.37	237	237
UniRef90_A0A0K6HC50	59.48	237	234
UniRef90_UPI0004E11624	61.47	237	233
UniRef90_I1E1T7	62.88	237	233
UniRef90_A0A0M2VI32	62.61	237	233
UniRef90_A0A0M5JPW1	55.56	237	235
UniRef90_A0A0C5VS07	60.76	237	241
UniRef90_A4BK16	60.94	237	236
UniRef90_UPI00031B5F82	59.91	237	239
UniRef90_E3FJV8	59.83	237	241
UniRef90_A0A090SBN0	58.19	237	236
UniRef90_Q5DYV8	58.80	237	239
UniRef90_R4V9A4	58.90	237	237
UniRef90_Q8EKK0	56.22	237	236
UniRef90_Q1D9Z7	60.43	237	239
UniRef90_L8D4X0	57.51	237	235
UniRef90_UPI0005AA51E6	57.33	237	233
UniRef90_UPI000426C619	60.43	237	235
UniRef90_A0A0J5GGB6	60.26	237	238
UniRef90_Q89A58	52.56	237	238
UniRef90_H3SP53	59.23	237	236
UniRef90_V6IWK0	58.26	237	234
UniRef90_UPI0005D12C12	59.13	237	234
UniRef90_A0A084TF37	58.59	237	235
UniRef90_A0A085WB87	60.19	237	226
UniRef90_A0A075R6H7	55.65	237	236
UniRef90_A2E7Y6	59.23	237	236
UniRef90_Q2SHN2	58.80	237	236
UniRef90_UPI00067E684F	57.39	237	233
UniRef90_UPI0003F6C08D	57.33	237	236
UniRef90_U5T4W6	58.87	237	348
UniRef90_W4Q0F9	57.64	237	234
UniRef90_A0A0A2RBU5	58.95	237	235
UniRef90_A0A0F7DZ69	59.72	237	226
UniRef90_A0A0M2PL46	57.33	237	235
UniRef90_A0A0G2ZZ48	59.26	237	221
UniRef90_UPI000555C285	57.83	237	239
UniRef90_A0A0J6JBX0	57.08	237	236
UniRef90_UPI0003680BFD	57.02	237	239
UniRef90_C9MVY7	56.90	237	238
UniRef90_UPI0002DDC94C	57.08	237	236
UniRef90_W4EM86	56.52	237	234
UniRef90_Q81FV5	56.52	237	235
UniRef90_G5LXY5	95.14	237	162
UniRef90_A0A0M3R9E9	56.96	237	233
UniRef90_UPI000525FA61	57.08	237	235
UniRef90_UPI0005AB1D59	56.09	237	234
UniRef90_A0A0D6SY19	58.37	237	235
UniRef90_I0ERJ9	53.71	237	237
UniRef90_A0A084HCD6	55.65	237	234
UniRef90_A2EU62	57.51	237	236
UniRef90_UPI0006EC31CC	58.33	237	235
UniRef90_P56463	55.46	237	233
UniRef90_Q8K937	54.02	237	236
UniRef90_UPI000381D418	58.37	237	233
UniRef90_O34925	58.52	237	233
UniRef90_UPI0002E4523B	57.83	237	238
UniRef90_UPI000255C1E8	58.01	237	236
UniRef90_UPI000412C7AD	56.96	237	235
UniRef90_UPI00041F6E69	56.58	237	235
UniRef90_K0J1H7	55.51	237	239
UniRef90_E8U962	55.65	237	235
UniRef90_A0A0A3J1I4	55.22	237	234
UniRef90_K1L1C2	56.28	237	235
UniRef90_UPI00042651EC	54.78	237	235
UniRef90_C5D2F9	56.47	237	235
UniRef90_UPI0003B44D48	55.65	237	238
UniRef90_A0Q1A0	55.02	237	233
UniRef90_UPI00040520D0	55.26	237	233
UniRef90_UPI0002627499	54.98	237	235
UniRef90_A0KML3	56.03	237	233
UniRef90_UPI0005CA998C	56.96	237	235
UniRef90_A0A084GSY1	55.65	237	234
UniRef90_UPI00046EA97C	55.65	237	234
UniRef90_Q1Z5W2	56.47	237	234
UniRef90_UPI00067E86D0	56.90	237	235
UniRef90_UPI00037D1D99	54.78	237	235
UniRef90_Q5KZM1	56.09	237	236
UniRef90_UPI0002899FB1	54.31	237	234
UniRef90_H3SN73	54.78	237	235
UniRef90_A0A0J6D0X6	55.65	237	236
UniRef90_UPI000288D67E	55.70	237	234
UniRef90_UPI00048F3107	54.98	237	235
UniRef90_UPI0003024E37	54.78	237	235
UniRef90_U5LEH5	55.22	237	233
UniRef90_UPI000468569C	56.58	237	232
UniRef90_A0A0C2RFM8	54.35	237	236
UniRef90_UPI0004054331	55.84	237	235
UniRef90_U2QV51	55.36	237	236
UniRef90_M7NHZ0	55.65	237	262
UniRef90_Q8ENY0	54.11	237	235
UniRef90_UPI00035D5998	56.52	237	234
UniRef90_W9B935	54.11	237	235
UniRef90_A0A0M3RBX1	54.78	237	234
UniRef90_UPI000225B07A	54.98	237	235
UniRef90_UPI0004788987	55.90	237	232
UniRef90_UPI0005300746	56.09	237	234
UniRef90_UPI00037B5DD9	55.36	237	238
UniRef90_A0A098FF66	54.35	237	234
UniRef90_UPI000376F6A1	54.78	237	235
UniRef90_K4Z890	54.35	237	235
UniRef90_C6J3Y1	54.39	237	235
UniRef90_UPI0006D79904	55.02	237	236
UniRef90_UPI00040261B2	55.84	237	235
UniRef90_UPI00037D0C89	55.22	237	233
UniRef90_UPI0006A98513	56.83	237	232
UniRef90_D9TMT2	54.19	237	233
UniRef90_A0A0A3EQR0	55.60	237	235
UniRef90_W7CFH0	58.19	237	233
UniRef90_A0A0A2TWG0	54.31	237	235
UniRef90_UPI000422E28F	57.21	237	240
UniRef90_Q9RSF8	55.22	237	305
UniRef90_A0A0D1XK22	56.09	237	236
UniRef90_F0RNL5	56.09	237	236
UniRef90_UPI0005CCAC8B	55.22	237	234
UniRef90_UPI0006A776D4	56.33	237	234
UniRef90_UPI0005C7303F	56.03	237	236
UniRef90_UPI000315284B	56.09	237	235
UniRef90_W7C710	56.96	237	232
UniRef90_UPI0005C5C82C	54.78	237	235
UniRef90_D7WUP7	56.71	237	235
UniRef90_UPI0003745189	53.95	237	235
UniRef90_A0A016QNT7	54.78	237	235
UniRef90_A0A0L6ZBT9	54.19	237	232
UniRef90_D5DJE9	53.04	237	234
UniRef90_UPI0005CD4FA8	56.09	237	234
UniRef90_A0A069SX11	56.41	237	244
UniRef90_A0A098F3Y3	55.46	237	234
UniRef90_UPI000423981E	52.17	237	237
UniRef90_A0A094LYA1	55.46	237	235
UniRef90_UPI00048168F4	58.70	237	236
UniRef90_Q92AF2	57.39	237	233
UniRef90_A0A024P9U6	54.94	237	236
UniRef90_U5MYU1	56.41	237	237
UniRef90_B1YJP1	56.52	237	235
UniRef90_UPI0006F76BEB	56.09	237	234
UniRef90_N0AUP6	55.22	237	234
UniRef90_P77835	54.35	237	234
UniRef90_I3E9J3	54.35	237	235
UniRef90_A0A0B0I3W7	53.02	237	235
UniRef90_G2TJC2	55.17	237	233
UniRef90_H8GUC6	55.32	237	239
UniRef90_J3B187	55.22	237	254
UniRef90_A0A098MC70	53.68	237	234
UniRef90_B0K889	54.63	237	233
UniRef90_Q894Z3	54.35	237	235
UniRef90_Q8EDM4	55.17	237	234
UniRef90_UPI0006A77A36	54.78	237	235
UniRef90_A0A0D3VEL3	55.02	237	234
UniRef90_UPI00042830A3	55.95	237	232
UniRef90_A7Z5M8	55.02	237	232
UniRef90_UPI000619C948	53.28	237	235
UniRef90_UPI00051A25BC	55.46	237	235
UniRef90_G9QNP9	54.78	237	234
UniRef90_UPI00046D8790	55.98	237	236
UniRef90_UPI0006D65BEE	54.35	237	234
UniRef90_U3HAA6	56.41	237	237
UniRef90_UPI0006979167	58.12	237	241
UniRef90_F8FE71	55.65	237	235
UniRef90_A0A0K9GV03	53.48	237	234
UniRef90_UPI000288C056	54.08	237	234
UniRef90_UPI0002D2E4E5	54.51	237	236
UniRef90_UPI00030989F7	54.08	237	235
UniRef90_A0A0A5G0T1	55.79	237	236
UniRef90_A0A0A8JKV3	54.35	237	234
UniRef90_G2EGR9	55.51	237	232
UniRef90_UPI0005A948CC	55.65	237	235
UniRef90_UPI0006A7D88B	53.91	237	234
UniRef90_B1KQT4	56.09	237	234
UniRef90_R7Y091	55.84	237	236
UniRef90_A0A0A3IG85	54.98	237	235
UniRef90_UPI000590ECEE	53.91	237	234
UniRef90_A0A0M2PD21	53.91	237	233
UniRef90_M8D3P3	54.39	237	235
UniRef90_UPI00049834F2	57.26	237	236
UniRef90_A0A0M5JQB9	54.35	237	234
UniRef90_UPI0004903A94	53.68	237	236
UniRef90_R7RRM0	54.59	237	232
UniRef90_UPI00052EF4DF	53.91	237	234
UniRef90_UPI0002D95C79	53.04	237	234
UniRef90_W8YNE2	53.04	237	240
UniRef90_D3EKA2	52.16	237	235
UniRef90_R9BZV8	53.91	237	233
UniRef90_W8QNS3	55.65	237	231
UniRef90_UPI0003696438	56.09	237	234
UniRef90_A0A0A6VF01	54.35	237	234
UniRef90_UPI0004939031	52.81	237	235
UniRef90_A0A072NBT0	53.88	237	235
UniRef90_Q65IE9	55.65	237	232
UniRef90_C4IKH4	55.65	237	235
UniRef90_D6XWS7	53.48	237	235
UniRef90_A0A075K9F5	55.46	237	233
UniRef90_A0A094WFJ6	54.35	237	233
UniRef90_UPI000689927C	53.48	237	236
UniRef90_D7UY56	56.52	237	233
UniRef90_UPI00041CF163	54.59	237	235
UniRef90_A0A0H3SX30	53.02	237	235
UniRef90_A0A078MIY2	56.52	237	234
UniRef90_UPI00041A04ED	53.95	237	235
UniRef90_E3EBD2	53.04	237	235
UniRef90_D3PPS9	52.38	237	232
UniRef90_A0A0H4KHJ6	53.48	237	234
UniRef90_UPI0003FB57F5	56.19	237	232
UniRef90_Q1IY92	53.91	237	261
UniRef90_A0A075LNE6	54.98	237	236
UniRef90_F5LGC4	52.61	237	235
UniRef90_UPI000480F474	55.07	237	232
UniRef90_UPI00047DF835	54.78	237	234
UniRef90_A0A023VBI2	55.22	237	235
UniRef90_A0A0B4RBV3	53.28	237	234
UniRef90_UPI0004201F17	54.94	237	236
UniRef90_A0A0A5I1S3	54.08	237	236
UniRef90_UPI0006D19DA0	53.02	237	235
UniRef90_S0NY45	56.52	237	234
UniRef90_A0A0K0GBU5	51.95	237	235
UniRef90_A0A0E3UUH7	54.51	237	236
UniRef90_E7RJ65	53.91	237	234
UniRef90_A0A0A7KK11	53.91	237	236
UniRef90_UPI0001850C3B	53.48	237	235
UniRef90_A0A0B5ALU5	55.22	237	234
UniRef90_A0A0F0L149	56.09	237	236
UniRef90_A0A0M0LIB9	52.17	237	235
UniRef90_A0A0F0LM97	53.45	237	237
UniRef90_X2H3H9	53.71	237	233
UniRef90_A8H958	54.78	237	234
UniRef90_A0A0C2XZE3	52.61	237	234
UniRef90_C0ZDZ3	50.65	237	235
UniRef90_UPI00037AD81B	53.91	237	237
UniRef90_E6LE31	55.22	237	234
UniRef90_A0A0F5HWR6	52.17	237	234
UniRef90_UPI00067B20C0	53.91	237	235
UniRef90_A0A0A0IV05	52.86	237	233
UniRef90_A0A0D4C096	54.15	237	242
UniRef90_A0A0C5WG01	52.86	237	232
UniRef90_A0A074LXK3	55.36	237	238
UniRef90_UPI0006D57DCE	51.97	237	236
UniRef90_UPI0003A87BB9	53.68	237	235
UniRef90_A0A0F0KLX8	56.52	237	237
UniRef90_Q9CH10	56.65	237	234
UniRef90_G8PPK8	56.52	237	242
UniRef90_A0A0D3V8Y1	51.72	237	235
UniRef90_UPI0006EC3175	53.04	237	233
UniRef90_A0A098EYN0	52.17	237	234
UniRef90_UPI0004E12F3A	57.33	237	235
UniRef90_A0A0I1PUM7	52.59	237	235
UniRef90_I0JQ17	53.65	237	236
UniRef90_L8JGL6	53.45	237	235
UniRef90_UPI00048942DB	52.81	237	237
UniRef90_UPI000402F2EF	54.11	237	235
UniRef90_F9DMU3	53.91	237	234
UniRef90_I4D6A1	53.04	237	237
UniRef90_I9LHM7	55.75	237	233
UniRef90_V6M308	51.74	237	235
UniRef90_UPI000368BA40	56.22	237	237
UniRef90_T5KPU6	54.78	237	237
UniRef90_D1AXG4	51.07	237	236
UniRef90_A0A077J3N9	53.48	237	234
UniRef90_F5YI76	51.74	237	234
UniRef90_UPI000417F6EB	53.30	237	232
UniRef90_S0K1W6	55.65	237	235
UniRef90_A6M0X2	55.02	237	237
UniRef90_UPI0004BEC3F1	55.79	237	235
UniRef90_G8SCD9	52.38	237	235
UniRef90_A0A094JC26	53.02	237	234
UniRef90_UPI000476FF66	53.65	237	235
UniRef90_X0RMF1	53.71	237	233
UniRef90_A0A0K9GC63	52.17	237	234
UniRef90_F8EX07	52.61	237	234
UniRef90_UPI00063EE423	52.19	237	235
UniRef90_UPI000413A7CF	54.63	237	232
UniRef90_UPI0004056F39	54.94	237	235
UniRef90_UPI0006D7E7F6	53.48	237	235
UniRef90_A0A090KSX3	55.36	237	234
UniRef90_UPI00051C9FE0	57.02	237	236
UniRef90_UPI0004086075	51.29	237	233
UniRef90_A0A0F7HLH2	52.17	237	237
UniRef90_T0BEW6	53.91	237	235
UniRef90_UPI0004086E13	53.68	237	234
UniRef90_K4ZQK0	54.31	237	238
UniRef90_UPI0006EF703A	54.70	237	237
UniRef90_A4AV59	53.98	237	232
UniRef90_A0A022KY66	53.42	237	240
UniRef90_UPI000402E1E8	56.39	237	237
UniRef90_W7CTN5	54.11	237	235
UniRef90_UPI000509C0D2	51.54	237	233
UniRef90_A0A0F7JTU8	54.35	237	235
UniRef90_A0A0F0LHQ8	54.35	237	237
UniRef90_A0A017RV36	52.65	237	232
UniRef90_E4RM78	51.53	237	232
UniRef90_F4F205	51.50	237	235
UniRef90_F5YBS9	51.30	237	234
UniRef90_H3NEL9	55.60	237	236
UniRef90_B2TPJ8	53.04	237	236
UniRef90_UPI00048BD9F7	54.27	237	237
UniRef90_UPI0004983455	51.10	237	233
UniRef90_UPI00053D3273	52.42	237	232
UniRef90_Q0TQJ7	52.17	237	235
UniRef90_E6TVZ2	50.43	237	234
UniRef90_UPI00040134DF	52.86	237	232
UniRef90_UPI00041A9443	52.17	237	236
UniRef90_A0A011SFD6	54.24	237	237
UniRef90_A6TVU0	53.30	237	233
UniRef90_UPI0003809F41	53.04	237	235
UniRef90_UPI0004AF4D6B	52.16	237	235
UniRef90_UPI0006F4A113	54.31	237	236
UniRef90_UPI00048BF114	53.39	237	245
UniRef90_U5WF30	52.38	237	235
UniRef90_UPI0006C05BA9	50.87	237	235
UniRef90_I0WFT7	50.66	237	232
UniRef90_M7MHD7	53.30	237	232
UniRef90_A0A091BK33	53.12	237	241
UniRef90_UPI0006F8BBDC	54.31	237	238
UniRef90_K2GRP6	52.36	237	236
UniRef90_UPI0006F69D39	53.65	237	235
UniRef90_R2PL45	55.17	237	234
UniRef90_E3DMV8	49.78	237	233
UniRef90_H7F2Q1	54.82	237	232
UniRef90_UPI0004251AB8	50.00	237	234
UniRef90_UPI00036E02DD	52.42	237	233
UniRef90_F2NW11	53.25	237	233
UniRef90_UPI0006D29725	52.34	237	238
UniRef90_UPI00037524F4	51.52	237	235
UniRef90_UPI000469D333	54.35	237	237
UniRef90_UPI0006C50332	53.48	237	233
UniRef90_I0HJ92	53.22	237	237
UniRef90_UPI0005248DD3	54.11	237	236
UniRef90_R6FP83	55.02	237	235
UniRef90_F4LJ02	54.78	237	234
UniRef90_UPI0004919AF1	55.07	237	232
UniRef90_A0A087M026	52.61	237	236
UniRef90_UPI0006989683	54.87	237	231
UniRef90_UPI00065E6AEA	54.82	237	234
UniRef90_A0A090RSU9	67.61	237	192
UniRef90_C9CLA3	54.78	237	234
UniRef90_R7ETD4	53.62	237	246
UniRef90_B1C9E8	55.41	237	238
UniRef90_A8FUL3	51.29	237	235
UniRef90_D3Q2K8	52.36	237	235
UniRef90_C4L2Y4	53.04	237	237
UniRef90_S6A9A9	52.17	237	233
UniRef90_A3TV22	51.29	237	234
UniRef90_UPI0006F70C94	52.36	237	236
UniRef90_UPI0006D56309	50.43	237	235
UniRef90_I1AXG5	51.74	237	234
UniRef90_A0A0F5FHM3	51.52	237	238
UniRef90_K2J1Q0	53.04	237	235
UniRef90_E3H809	52.21	237	234
UniRef90_UPI0004DF0B38	52.63	237	232
UniRef90_Q1GMN4	50.00	237	234
UniRef90_UPI0003B3E677	55.17	237	233
UniRef90_X1RQE5	50.66	237	233
UniRef90_A0A068R648	88.61	237	238
UniRef90_B6X9X1	87.34	237	238
UniRef90_A4SRU1	83.54	237	238
UniRef90_Q8KRT5	88.19	237	238
UniRef90_UPI000422E28F	56.71	237	240
UniRef90_A0A095TD40	90.64	237	239
UniRef90_UPI0005CA998C	56.47	237	235
UniRef90_Q7N930	86.08	237	238
UniRef90_C6DKM0	89.03	237	239
UniRef90_Q6D989	89.03	237	239
UniRef90_R8ATS3	89.03	237	239
UniRef90_Q81FV5	56.03	237	235
UniRef90_UPI000315284B	55.36	237	235
UniRef90_A0A0B0I3W7	53.02	237	235
UniRef90_J7U5V9	84.81	237	239
UniRef90_C4LAY8	78.21	237	236
UniRef90_Q327L2	99.16	237	239
UniRef90_UPI0005D12C12	58.62	237	234
UniRef90_Q6LUH1	83.05	237	241
UniRef90_W4Q0F9	57.14	237	234
UniRef90_UPI0002899FB1	54.08	237	234
UniRef90_UPI000412C7AD	56.47	237	235
UniRef90_UPI00037D1D99	54.31	237	235
UniRef90_D0I7W6	83.47	237	241
UniRef90_C5D2F9	54.94	237	235
UniRef90_U2QV51	55.36	237	236
UniRef90_A0A084GSY1	54.94	237	234
UniRef90_C5RZT3	83.90	237	239
UniRef90_U5LEH5	54.51	237	233
UniRef90_C6J3Y1	53.68	237	235
UniRef90_UPI00037AD81B	52.97	237	237
UniRef90_U5MYU1	55.93	237	237
UniRef90_Q9KNB2	69.53	237	236
UniRef90_UPI0006D28219	84.32	237	240
UniRef90_B4EWA1	86.86	237	238
UniRef90_Q0TQJ7	51.72	237	235
UniRef90_D3EKA2	52.16	237	235
UniRef90_UPI00067B20C0	53.45	237	235
UniRef90_UPI00048F3107	54.51	237	235
UniRef90_A0A0F5HWR6	51.72	237	234
UniRef90_UPI000376F6A1	54.31	237	235
UniRef90_UPI0006D48541	52.16	237	235
UniRef90_K2K4J5	80.08	237	239
UniRef90_D9TMT2	53.25	237	233
UniRef90_C9MVY7	56.90	237	238
UniRef90_Q5KZM1	54.70	237	236
UniRef90_UPI0006EC3175	52.36	237	233
UniRef90_A0A094LYA1	54.98	237	235
UniRef90_A0A094WFJ6	53.22	237	233
UniRef90_A6F6B6	74.15	237	237
UniRef90_A0A0A2TWG0	54.31	237	235
UniRef90_UPI00067E86D0	56.41	237	235
UniRef90_A0Q1A0	54.55	237	233
UniRef90_J3B187	54.51	237	254
UniRef90_UPI000555C285	57.08	237	239
UniRef90_UPI00040520D0	54.08	237	233
UniRef90_K0J1H7	55.27	237	239
UniRef90_A0A0A6VF01	53.88	237	234
UniRef90_UPI00047DF835	54.08	237	234
UniRef90_M7NHZ0	55.17	237	262
UniRef90_UPI00048E7DA1	81.86	237	238
UniRef90_C4IKH4	55.17	237	235
UniRef90_F5LGC4	52.16	237	235
UniRef90_B0K889	53.68	237	233
UniRef90_G9QNP9	53.65	237	234
UniRef90_R9BZV8	53.22	237	233
UniRef90_A0A0B5ALU5	54.51	237	234
UniRef90_UPI00051A25BC	54.98	237	235
UniRef90_G2TJC2	54.51	237	233
UniRef90_F8FE71	55.17	237	235
UniRef90_A0A090KSX3	55.36	237	234
UniRef90_UPI00041F6E69	55.84	237	235
UniRef90_K4Z890	53.88	237	235
UniRef90_A0A0A8JKV3	53.88	237	234
UniRef90_A0A0K9GC63	51.29	237	234
UniRef90_UPI0004AF4D6B	52.16	237	235
UniRef90_A0A075R6H7	54.94	237	236
UniRef90_UPI0005CCAC8B	54.51	237	234
UniRef90_R7RRM0	54.11	237	232
UniRef90_A0A0J1YA15	86.31	237	243
UniRef90_UPI0001850C3B	52.34	237	235
UniRef90_A0A0J6D0X6	54.94	237	236
UniRef90_D3PPS9	52.38	237	232
UniRef90_X0RMF1	52.81	237	233
UniRef90_UPI0006F76BEB	55.36	237	234
UniRef90_Q9CLE6	86.02	237	238
UniRef90_A3N122	82.28	237	240
UniRef90_Q5E0H4	68.38	237	236
UniRef90_E3EBD2	52.59	237	235
UniRef90_UPI0005300746	55.60	237	234
UniRef90_UPI00040159B6	68.22	237	239
UniRef90_UPI000426C619	59.66	237	235
UniRef90_Q9RSF8	54.24	237	305
UniRef90_A0A098FF66	53.42	237	234
UniRef90_A0A0D1XK22	55.60	237	236
UniRef90_UPI0003809F41	52.16	237	235
UniRef90_A0A017RV36	52.19	237	232
UniRef90_UPI0004788987	55.41	237	232
UniRef90_A0A0C2RFM8	53.88	237	236
UniRef90_Q483Q8	64.66	237	234
UniRef90_UPI0003F68336	71.24	237	234
UniRef90_UPI0003680BFD	56.47	237	239
UniRef90_UPI0003B44D48	54.66	237	238
UniRef90_UPI0002E4523B	55.93	237	238
UniRef90_UPI000590ECEE	53.45	237	234
UniRef90_I3E9J3	53.65	237	235
UniRef90_A0A094JAQ6	73.39	237	236
UniRef90_D5DJE9	52.59	237	234
UniRef90_I4D6A1	52.34	237	237
UniRef90_A0A0H4KHJ6	53.02	237	234
UniRef90_A6VM01	79.66	237	238
UniRef90_A0A0D3V8Y1	51.72	237	235
UniRef90_UPI0005A948CC	55.17	237	235
UniRef90_U2DEK1	53.45	237	235
UniRef90_A0A084HCD6	55.17	237	234
UniRef90_A0A0K9GV03	53.02	237	234
UniRef90_A6M0X2	54.55	237	237
UniRef90_UPI0006A98513	55.84	237	232
UniRef90_UPI0003FB57F5	54.98	237	232
UniRef90_UPI00042830A3	55.46	237	232
UniRef90_D0Z3M6	71.67	237	236
UniRef90_B2TPJ8	52.59	237	236
UniRef90_UPI00046EA97C	55.17	237	234
UniRef90_A0A0M2KB64	89.45	237	239
UniRef90_UPI000619C948	52.81	237	235
UniRef90_B0UVM2	84.75	237	238
UniRef90_A0A0A5G0T1	55.79	237	236
UniRef90_UPI0006C05BA9	50.43	237	235
UniRef90_A0A0A3J1I4	54.74	237	234
UniRef90_A0A0M3RBX1	53.85	237	234
UniRef90_UPI0006D19DA0	53.25	237	235
UniRef90_M8D3P3	53.68	237	235
UniRef90_UPI000509BD83	82.63	237	238
UniRef90_UPI0003746C4A	83.90	237	239
UniRef90_UPI00041A9443	51.06	237	236
UniRef90_D7UY56	55.79	237	233
UniRef90_O34925	58.01	237	233
UniRef90_A0A077J3N9	52.79	237	234
UniRef90_UPI0003696438	55.36	237	234
UniRef90_UPI00037139BF	70.09	237	236
UniRef90_K1L1C2	55.32	237	235
UniRef90_UPI00042651EC	54.08	237	235
UniRef90_UPI0002DDC94C	56.60	237	236
UniRef90_Q8ENY0	53.42	237	235
UniRef90_N0AUP6	54.51	237	234
UniRef90_UPI00041CF163	54.11	237	235
UniRef90_UPI0006A77A36	54.31	237	235
UniRef90_UPI0002D95C79	52.59	237	234
UniRef90_UPI0002D2E4E5	54.27	237	236
UniRef90_UPI0004054331	55.13	237	235
UniRef90_A0A0C5WQ89	68.38	237	236
UniRef90_UPI0004919AF1	54.11	237	232
UniRef90_UPI00048942DB	52.36	237	237
UniRef90_W4EM86	55.56	237	234
UniRef90_D4W566	54.31	237	236
UniRef90_A0A0A7S1S8	74.36	237	237
UniRef90_UPI0004170687	71.37	237	236
UniRef90_A0A0D8CR17	63.52	237	234
UniRef90_A0A0M2PL46	57.33	237	235
UniRef90_A0A0A3AUH2	83.54	237	239
UniRef90_E8U962	55.17	237	235
UniRef90_Q65IE9	55.17	237	232
UniRef90_UPI000418EB50	71.12	237	234
UniRef90_E7RJ65	52.99	237	234
UniRef90_A0A0A0IV05	51.95	237	233
UniRef90_A0A0C2XZE3	52.16	237	234
UniRef90_UPI0006EC31CC	57.58	237	235
UniRef90_V6M308	51.29	237	235
UniRef90_W9B935	53.42	237	235
UniRef90_UPI0002627499	54.27	237	235
UniRef90_A1SYK4	69.96	237	236
UniRef90_UPI0003024E37	54.31	237	235
UniRef90_UPI00040261B2	55.84	237	235
UniRef90_E1SSQ2	72.96	237	234
UniRef90_UPI0003745189	53.25	237	235
UniRef90_UPI0005C7303F	55.56	237	236
UniRef90_UPI0006D56309	50.43	237	235
UniRef90_UPI000225B07A	54.27	237	235
UniRef90_D6XWS7	52.79	237	235
UniRef90_I0JQ17	53.65	237	236
UniRef90_Q92AF2	56.65	237	233
UniRef90_A0A0A5I1S3	53.62	237	236
UniRef90_UPI0004086075	51.29	237	233
UniRef90_UPI0006A7D88B	53.22	237	234
UniRef90_W7CFH0	57.08	237	233
UniRef90_C0ZDZ3	50.21	237	235
UniRef90_A0A0H5SJ91	54.11	237	235
UniRef90_UPI0004903A94	52.99	237	236
UniRef90_R9PK64	72.96	237	234
UniRef90_UPI0005AB1D59	55.60	237	234
UniRef90_E3H809	51.08	237	234
UniRef90_G2EGR9	54.55	237	232
UniRef90_F9DMU3	53.22	237	234
UniRef90_UPI0005CD4FA8	55.36	237	234
UniRef90_A0A075K9F5	55.46	237	233
UniRef90_F7SKV9	72.88	237	241
UniRef90_H8GUC6	54.47	237	239
UniRef90_UPI000509C0D2	50.65	237	233
UniRef90_M7MHD7	52.38	237	232
UniRef90_A0A016QNT7	54.31	237	235
UniRef90_M4UAC6	68.80	237	235
UniRef90_W7C710	56.47	237	232
UniRef90_F0RNL5	55.60	237	236
UniRef90_UPI000413A7CF	53.68	237	232
UniRef90_A0A0M0LIB9	51.72	237	235
UniRef90_A6TVU0	52.38	237	233
UniRef90_W0HX56	83.47	237	239
UniRef90_Q8EHK0	69.10	237	236
UniRef90_A0A074LXK3	54.89	237	238
UniRef90_S0FGQ6	51.72	237	236
UniRef90_UPI0006D7E7F6	52.79	237	235
UniRef90_UPI0006D29725	52.12	237	238
UniRef90_UPI0004050580	54.74	237	238
UniRef90_Q894Z3	53.88	237	235
UniRef90_H3SN73	54.31	237	235
UniRef90_A0A0L6ZBT9	53.25	237	232
UniRef90_UPI00037EB453	70.09	237	236
UniRef90_B1KRP5	69.96	237	236
UniRef90_F8EX07	52.16	237	234
UniRef90_A0A0A3IG85	54.08	237	235
UniRef90_A0A098EYN0	51.50	237	234
UniRef90_A0A0M2PD21	53.22	237	233
UniRef90_W8QNS3	55.17	237	231
UniRef90_A0A098RJ09	72.46	237	244
UniRef90_A0A024P9U6	54.47	237	236
UniRef90_P77835	53.65	237	234
UniRef90_UPI0004244E4D	71.67	237	234
UniRef90_UPI00037D0C89	54.74	237	233
UniRef90_X2JYS5	81.36	237	239
UniRef90_U3B6D6	82.63	237	239
UniRef90_Q6LLA7	69.10	237	236
UniRef90_Q7VMS8	76.69	237	238
UniRef90_K2GRP6	51.91	237	236
UniRef90_UPI0003A87BB9	52.99	237	235
UniRef90_UPI000423981E	51.27	237	237
UniRef90_UPI000478E033	70.69	237	236
UniRef90_A0A0A7FW31	54.74	237	238
UniRef90_I1E1T7	62.88	237	233
UniRef90_A0A0M5JQB9	53.65	237	234
UniRef90_UPI00037524F4	50.85	237	235
UniRef90_A6CVG1	67.38	237	236
UniRef90_H7F2Q1	54.11	237	232
UniRef90_A7Z5M8	54.55	237	232
UniRef90_UPI00035D5998	56.03	237	234
UniRef90_C9P7M1	63.52	237	236
UniRef90_I2NIS4	78.39	237	238
UniRef90_D7WUP7	55.32	237	235
UniRef90_A0A0F5V990	68.67	237	236
UniRef90_UPI0006E41BC9	47.62	237	232
UniRef90_A0A084TN35	51.95	237	232
UniRef90_UPI0005519F20	50.22	237	233
UniRef90_R1CX55	54.15	237	234
UniRef90_UPI00046FE6F6	70.82	237	236
UniRef90_A0A0M3R9E9	56.22	237	233
UniRef90_UPI0005097F01	51.54	237	235
UniRef90_B1YJP1	56.03	237	235
UniRef90_UPI0004086E13	52.99	237	234
UniRef90_T0BEW6	53.45	237	235
UniRef90_H3SP53	58.72	237	236
UniRef90_UPI000312D199	80.08	237	239
UniRef90_UPI00030989F7	53.85	237	235
UniRef90_A0A072NBT0	53.88	237	235
UniRef90_UPI00056FB312	82.20	237	239
UniRef90_UPI00049834F2	56.78	237	236
UniRef90_I9LHM7	55.02	237	233
UniRef90_UPI00048BD9F7	53.81	237	237
UniRef90_Q1IY92	53.45	237	261
UniRef90_Q9KPM0	80.17	237	241
UniRef90_B8I1N4	51.29	237	235
UniRef90_A0A081K5U9	70.26	237	234
UniRef90_UPI0005C5C82C	53.85	237	235
UniRef90_A9KJY4	48.92	237	238
UniRef90_UPI00036E02DD	51.52	237	233
UniRef90_UPI00040C5C21	77.45	237	239
UniRef90_A0A0K0GBU5	51.50	237	235
UniRef90_UPI00049071D8	52.38	237	236
UniRef90_UPI0004983455	50.22	237	233
UniRef90_UPI00063EE423	51.52	237	235
UniRef90_F7NY91	65.22	237	234
UniRef90_A0A0C2NY58	51.95	237	235
UniRef90_UPI0004106BD0	50.22	237	235
UniRef90_R6BZY7	51.53	237	233
UniRef90_UPI000480F474	54.11	237	232
UniRef90_E6TVZ2	50.00	237	234
UniRef90_UPI000381D418	58.08	237	233
UniRef90_UPI000288C056	53.22	237	234
UniRef90_V6IWK0	57.76	237	234
UniRef90_X1JAW5	50.65	237	234
UniRef90_R6G4Q6	50.22	237	236
UniRef90_A0A0J8XSY4	67.81	237	236
UniRef90_A8UMT3	52.38	237	232
UniRef90_U3AN52	64.66	237	236
UniRef90_S2KL90	69.62	237	244
UniRef90_A0A0A7KK11	53.45	237	236
UniRef90_UPI0004939031	52.14	237	235
UniRef90_A0A0G3CT96	72.57	237	239
UniRef90_V9H757	48.91	237	235
UniRef90_D4BZM9	79.75	237	257
UniRef90_UPI0004836076	68.97	237	235
UniRef90_W8YNE2	52.34	237	240
UniRef90_UPI0006BB6BDD	49.35	237	233
UniRef90_UPI00040E553B	50.00	237	233
UniRef90_I0WFT7	49.78	237	232
UniRef90_UPI0006A776D4	56.33	237	234
UniRef90_B9E9C5	51.71	237	238
UniRef90_U2FRI1	52.16	237	236
UniRef90_N9Y155	52.54	237	242
UniRef90_E1SUX8	64.68	237	236
UniRef90_F4BQE9	52.56	237	236
UniRef90_A0A081NJC0	70.51	237	235
UniRef90_A0A075LNE6	54.51	237	236
UniRef90_X1RQE5	50.22	237	233
UniRef90_A0A090KG32	80.17	237	238
UniRef90_A0A0E3UUH7	54.27	237	236
UniRef90_L1Q9K1	49.78	237	236
UniRef90_E3DMV8	48.92	237	233
UniRef90_UPI000306BDD6	81.01	237	238
UniRef90_UPI00041A04ED	53.25	237	235
UniRef90_Q26DH7	52.38	237	233
UniRef90_UPI0006B47644	50.65	237	232
UniRef90_D1AXG4	51.07	237	236
UniRef90_UPI000689927C	53.02	237	236
UniRef90_Q5E7J4	80.59	237	238
UniRef90_R9MFF5	50.65	237	233
UniRef90_A0A098F3Y3	55.46	237	234
UniRef90_A0A0F7JTU8	53.88	237	235
UniRef90_A0A060M7C5	54.59	237	237
UniRef90_A4AV59	53.51	237	232
UniRef90_A5TX07	48.07	237	235
UniRef90_UPI0006459120	52.32	237	237
UniRef90_H2G0F8	69.07	237	237
UniRef90_UPI00053D3273	51.52	237	232
UniRef90_A0A081N0W0	70.82	237	234
UniRef90_UPI0003B3E6E9	68.24	237	236
UniRef90_C4L2Y4	52.59	237	237
UniRef90_U7V9V9	54.11	237	234
UniRef90_UPI00051C9FE0	55.93	237	236
UniRef90_UPI000571B503	51.52	237	236
UniRef90_UPI000288D67E	54.98	237	234
UniRef90_UPI00058DDA96	53.30	237	233
UniRef90_F5YBS9	50.86	237	234
UniRef90_E1V591	69.92	237	242
UniRef90_W7ZK80	50.22	237	238
UniRef90_U2ER10	51.08	237	236
UniRef90_A0A099L8A0	65.81	237	238
UniRef90_G2PMV8	51.72	237	234
UniRef90_W7CTN5	53.65	237	235
UniRef90_A0A011SFD6	54.01	237	237
UniRef90_UPI000255C1E8	57.51	237	236
UniRef90_UPI0006C7F830	50.22	237	237
UniRef90_A0A0F5AM36	64.38	237	236
UniRef90_UPI000417F6EB	52.38	237	232
UniRef90_A0A0C5VS07	60.76	237	241
UniRef90_A0A0F4P1Q3	61.21	237	233
UniRef90_A0A0F7HLH2	51.29	237	237
UniRef90_W7UWN9	51.95	237	236
UniRef90_UPI00040134DF	52.40	237	232
UniRef90_A8FZE3	63.36	237	236
UniRef90_F5YI76	51.29	237	234
UniRef90_R6SAR2	52.81	237	233
UniRef90_UPI00037B5DD9	54.89	237	238
UniRef90_E4RM78	51.08	237	232
UniRef90_UPI00058CD9CB	51.08	237	232
UniRef90_A0A0B5QT97	51.08	237	237
UniRef90_UPI0003F7D296	52.84	237	232
UniRef90_R6DWT6	53.68	237	235
UniRef90_C4GJ72	72.10	237	236
UniRef90_A0A099XUL8	52.40	237	232
UniRef90_A0A0B4RBV3	53.28	237	234
UniRef90_A0A0A7EC17	65.37	237	245
UniRef90_A3K3J1	50.00	237	234
UniRef90_UPI00058E896D	49.35	237	232
UniRef90_A0A0C5WG01	51.95	237	232
UniRef90_R7FN88	50.65	237	234
UniRef90_K6DFY9	52.38	237	235
UniRef90_B7AMZ8	52.19	237	244
UniRef90_UPI0005513355	51.71	237	238
UniRef90_UPI0006D181BA	62.23	237	236
UniRef90_I6RZS2	51.28	237	235
UniRef90_I3YRR6	50.43	237	233
UniRef90_A0A0F4RBH8	68.78	237	248
UniRef90_UPI000368BA40	55.79	237	237
UniRef90_A0A0M2VI32	62.88	237	233
UniRef90_A7VP93	48.92	237	236
UniRef90_UPI0004227689	52.63	237	232
UniRef90_F5S5T3	70.82	237	236
UniRef90_A0A0D3VEL3	55.02	237	234
UniRef90_UPI00054FB650	52.79	237	236
UniRef90_UPI000476FF66	53.42	237	235
UniRef90_J4TQB2	78.81	237	240
UniRef90_R7I3E7	48.72	237	236
UniRef90_UPI0006479C18	53.02	237	233
UniRef90_E5BI86	46.93	237	235
UniRef90_UPI000402F2EF	53.42	237	235
UniRef90_UPI0004DF0B38	51.95	237	232
UniRef90_UPI0001C3723D	49.79	237	237
UniRef90_UPI0004201F17	54.04	237	236
UniRef90_X2HA06	72.88	237	237
UniRef90_R5ICB6	53.31	237	247
UniRef90_Q28U96	48.28	237	234
UniRef90_S3L2Z9	52.38	237	236
UniRef90_UPI000255558B	48.28	237	234
UniRef90_UPI00058C5354	69.79	237	243
UniRef90_D0BKD1	51.91	237	235
UniRef90_N2A5M9	51.95	237	238
UniRef90_H3NEL9	55.36	237	236
UniRef90_UPI0004841F7A	48.93	237	234
UniRef90_UPI000470A130	49.79	237	234
UniRef90_F5LBI6	52.36	237	236
UniRef90_W3AKQ3	50.43	237	233
UniRef90_UPI0004037FBA	51.29	237	236
UniRef90_V9HDN6	69.96	237	236
UniRef90_W1SFL7	51.08	237	239
UniRef90_K8EGR6	51.71	237	236
UniRef90_Q1QZC3	68.35	237	243
UniRef90_R2PL45	54.08	237	234
UniRef90_A0A086D0J6	66.95	237	243
UniRef90_A0A078MIY2	56.03	237	234
UniRef90_A0A098MC70	53.68	237	234
UniRef90_S0JDA9	52.59	237	234
UniRef90_I0GTC4	54.24	237	236
UniRef90_UPI00068065DB	50.88	237	237
UniRef90_A0A0K9HBC1	51.52	237	239
UniRef90_Q3ICU8	62.93	237	233
UniRef90_K9B073	51.08	237	236
UniRef90_C9CLA3	54.08	237	234
UniRef90_A0A078M1Y9	51.72	237	237
UniRef90_W1N933	69.07	237	244
UniRef90_A0A0B0I5G2	50.22	237	239
UniRef90_S6A9A9	51.50	237	233
UniRef90_UPI0006D57DCE	51.29	237	236
UniRef90_E3BJF8	62.98	237	237
UniRef90_UPI0005552A08	50.85	237	235
UniRef90_A0A0B3W941	52.59	237	239
UniRef90_W7QI10	71.19	237	242
UniRef90_E6MD60	50.65	237	236
UniRef90_UPI0004B3F7DE	53.22	237	237
UniRef90_UPI0002891B0F	52.86	237	233
UniRef90_D7N6T1	51.75	237	231
UniRef90_UPI0003669D92	68.10	237	236
UniRef90_S0K1W6	55.17	237	235
UniRef90_D4CS30	48.07	237	234
UniRef90_G4D5C4	52.63	237	231
UniRef90_V6Q255	50.00	237	235
UniRef90_A0A023BXP5	48.91	237	232
UniRef90_UPI00058EAC0D	49.35	237	233
UniRef90_R6GUG6	53.72	237	246
UniRef90_U7UKR9	50.44	237	233
UniRef90_UPI0005CAA0D9	50.22	237	232
UniRef90_F9ERJ0	47.19	237	235
UniRef90_A4C4Z7	58.62	237	233
UniRef90_R7AS28	50.85	237	241
UniRef90_E7GKE9	49.57	237	239
UniRef90_C8WUM0	49.79	237	235
UniRef90_G1WIR0	50.00	237	239
UniRef90_UPI0005523BEF	51.28	237	237
UniRef90_R7ETD4	53.62	237	246
UniRef90_E6LE31	54.74	237	234
UniRef90_UPI000525FA61	57.08	237	235
UniRef90_UPI0005A66272	51.95	237	239
UniRef90_W2UNU6	47.60	237	232
UniRef90_A0A0A1S433	51.72	237	238
UniRef90_D9ST62	51.08	237	237
UniRef90_UPI000489CF13	47.19	237	232
UniRef90_R6L4E4	52.38	237	236
UniRef90_N4WHC4	50.43	237	236
UniRef90_J5U0U1	46.49	237	235
UniRef90_J3YSY5	73.84	237	239
UniRef90_C0QYY7	48.28	237	232
UniRef90_A8UL31	48.92	237	232
UniRef90_UPI00036B1FA5	54.66	237	236
UniRef90_R6FP83	54.55	237	235
UniRef90_UPI00041B6D69	68.78	237	241
UniRef90_H2BV01	48.92	237	233
UniRef90_UPI0004E11624	61.84	237	233
UniRef90_S7HR44	54.55	237	235
UniRef90_UPI0004031A1F	51.28	237	236
UniRef90_A0A089L164	48.05	237	239
UniRef90_S0NY45	55.79	237	234
UniRef90_UPI000419CCC6	66.24	237	238
UniRef90_A0A059MWX9	50.85	237	235
UniRef90_R5VL57	51.48	237	237
UniRef90_UPI0004251AB8	49.57	237	234
UniRef90_B0S0N0	52.61	237	234
UniRef90_R3WD02	52.79	237	234
UniRef90_D0GPA4	48.71	237	236
UniRef90_T2KHV7	53.98	237	231
UniRef90_K4ZQK0	53.62	237	238
UniRef90_UPI0004133FFE	66.38	237	237
UniRef90_R7FVQ4	53.45	237	238
UniRef90_A0A0F4RLH2	50.64	237	234
UniRef90_UPI000416BB81	50.87	237	232
UniRef90_UPI0003B3E677	54.51	237	233
UniRef90_R5WW65	51.75	237	234
UniRef90_N2BQI5	50.22	237	235
UniRef90_R5WS34	50.65	237	234
UniRef90_A0A0C7QIT7	51.72	237	239
UniRef90_S4D5L4	51.29	237	234
UniRef90_A3JNK0	49.79	237	234
UniRef90_R5LU58	50.22	237	232
