UniRef90_P00950	100.00	240	247
UniRef90_G0VGV0	88.74	240	263
UniRef90_Q75C60	87.88	240	247
UniRef90_G8ZVG8	85.28	240	248
UniRef90_A0A090BKC3	86.15	240	247
UniRef90_I2H153	86.15	240	247
UniRef90_J7R7U5	83.98	240	248
UniRef90_Q6CNK3	83.55	240	247
UniRef90_W0VRK9	83.04	240	247
UniRef90_C5DTS1	81.74	240	248
UniRef90_C5DMB1	82.68	240	247
UniRef90_W1QA51	80.95	240	248
UniRef90_W6MM60	81.82	240	248
UniRef90_F2QV99	78.66	240	248
UniRef90_A0A099P7A2	80.00	240	249
UniRef90_A0A061BDU6	77.92	240	247
UniRef90_A3LN94	78.35	240	248
UniRef90_G3AMM7	77.06	240	247
UniRef90_P82612	77.92	240	248
UniRef90_Q6BNK1	77.39	240	248
UniRef90_G3BBU8	77.83	240	248
UniRef90_G8YNZ3	77.06	240	248
UniRef90_H8WXJ4	75.32	240	248
UniRef90_A0A060T9G6	76.09	240	252
UniRef90_C4Y108	74.89	240	248
UniRef90_K0KQG0	74.89	240	247
UniRef90_A5DP23	74.78	240	287
UniRef90_A0A0H5BZA0	77.49	240	703
UniRef90_A5DVC8	73.04	240	348
UniRef90_A0A0F4XBU4	74.57	240	248
UniRef90_UPI000648AE69	71.62	240	249
UniRef90_UPI0004273B00	70.74	240	247
UniRef90_A0A0F0KTV2	71.62	240	247
UniRef90_Q6CFX7	71.00	240	247
UniRef90_A0A0B2AA68	70.31	240	248
UniRef90_UPI0006FC6957	70.31	240	248
UniRef90_I2JQG8	70.43	240	269
UniRef90_H8E5Z4	70.74	240	249
UniRef90_A0A0J9X4D5	69.57	240	248
UniRef90_A0A0F0LZ81	70.74	240	265
UniRef90_UPI00034A19EA	70.31	240	248
UniRef90_UPI0006FDBEC4	70.61	240	249
UniRef90_A0A031FL10	69.87	240	249
UniRef90_E8N8N5	69.43	240	248
UniRef90_UPI000590C2B1	70.31	240	249
UniRef90_A0A094P4J3	67.98	240	249
UniRef90_U2YXW5	69.87	240	249
UniRef90_A0A022LQK3	67.69	240	248
UniRef90_UPI000349291B	67.39	240	246
UniRef90_UPI0006F427DD	65.94	240	247
UniRef90_A0A0C5BE13	68.56	240	250
UniRef90_U1LNU0	67.25	240	248
UniRef90_B1VS80	65.42	240	253
UniRef90_C7QIZ5	64.58	240	251
UniRef90_UPI0006FA8E2B	68.56	240	255
UniRef90_A0A0M2M3V6	65.94	240	246
UniRef90_M2YD72	65.27	240	251
UniRef90_A0A061LYF5	66.52	240	247
UniRef90_UPI0003624AAE	68.12	240	249
UniRef90_W0ZE32	68.12	240	249
UniRef90_A0A0C2RE20	68.26	240	252
UniRef90_UPI0004C0F246	66.81	240	250
UniRef90_A0A0D0IN40	65.50	240	246
UniRef90_D6Y4U9	65.94	240	247
UniRef90_UPI0004917688	66.81	240	249
UniRef90_B2GG23	64.58	240	252
UniRef90_D7AW67	64.44	240	248
UniRef90_UPI0006F7AFCC	67.25	240	249
UniRef90_A4AIH0	67.11	240	247
UniRef90_UPI0006E45A6E	63.75	240	252
UniRef90_A0A0D7QRP6	65.94	240	249
UniRef90_UPI00041D5470	66.09	240	247
UniRef90_UPI0003B4148C	67.25	240	250
UniRef90_UPI00046AB12A	65.94	240	247
UniRef90_UPI0003B7AF41	67.25	240	248
UniRef90_A0A095YC76	67.53	240	247
UniRef90_Q5YP50	65.07	240	245
UniRef90_A0A0F7FVM5	61.67	240	252
UniRef90_A0A0M4R3W4	64.32	240	247
UniRef90_UPI0005932E6C	65.07	240	245
UniRef90_A0A0J1BUU2	64.17	240	252
UniRef90_E1VSZ7	66.09	240	248
UniRef90_UPI0006F6B435	66.81	240	250
UniRef90_UPI0003456A42	63.18	240	248
UniRef90_Q82GB8	64.58	240	253
UniRef90_UPI00064881A2	66.38	240	251
UniRef90_B8HCQ9	64.58	240	248
UniRef90_N1VB14	67.69	240	251
UniRef90_UPI00046CBCE3	65.37	240	250
UniRef90_UPI0004252A29	64.19	240	245
UniRef90_UPI00055C81F8	63.33	240	251
UniRef90_A4FQ04	66.52	240	246
UniRef90_D6B8G8	63.75	240	253
UniRef90_UPI0003B2F683	66.81	240	251
UniRef90_P33158	63.75	240	253
UniRef90_A0A010Q0B2	64.02	240	248
UniRef90_UPI0006491AEA	64.50	240	251
UniRef90_UPI000255F660	67.10	240	252
UniRef90_UPI000262AC17	64.63	240	248
UniRef90_UPI000700B492	68.26	240	255
UniRef90_Q6ADH3	65.07	240	249
UniRef90_UPI0006F29AB2	65.94	240	248
UniRef90_UPI0006FCAC22	69.00	240	250
UniRef90_A0A0M5KIT5	65.22	240	247
UniRef90_D9UDL4	61.67	240	252
UniRef90_I0HII4	65.07	240	249
UniRef90_UPI0003615A94	63.91	240	252
UniRef90_W6K3Z8	63.32	240	245
UniRef90_UPI0006F86EEA	65.07	240	247
UniRef90_UPI0003705B7F	63.18	240	248
UniRef90_S3AW29	62.50	240	253
UniRef90_UPI00047CCAF6	65.50	240	251
UniRef90_UPI0004CBA7B8	62.50	240	253
UniRef90_UPI00047B5E4A	65.94	240	251
UniRef90_UPI000380A27B	63.60	240	245
UniRef90_A0A094Q4F1	63.91	240	249
UniRef90_A0A094QAC5	66.09	240	249
UniRef90_UPI00054C6C48	63.48	240	253
UniRef90_UPI000255D7C7	62.34	240	248
UniRef90_G8S676	64.78	240	248
UniRef90_I4F433	62.34	240	250
UniRef90_K0F7M8	62.88	240	245
UniRef90_UPI00047EF47D	62.92	240	248
UniRef90_UPI0003B3B993	62.34	240	247
UniRef90_UPI0006FFB407	62.72	240	245
UniRef90_UPI0004230684	65.22	240	251
UniRef90_A0A081ELM5	60.83	240	252
UniRef90_UPI0003FD303D	67.54	240	248
UniRef90_UPI00047A53A0	65.07	240	249
UniRef90_A0A094QAG7	64.78	240	248
UniRef90_A0A086E038	64.19	240	250
UniRef90_UPI00055DD5FF	62.66	240	247
UniRef90_A0A0D1LAD4	64.22	240	247
UniRef90_A0A094Q9P4	62.76	240	246
UniRef90_H6RPP7	62.34	240	252
UniRef90_A0A0D1K1E4	65.94	240	247
UniRef90_A0A0F7N8J3	62.77	240	252
UniRef90_UPI0003F9CA78	64.35	240	249
UniRef90_UPI000348D698	60.67	240	248
UniRef90_UPI000590CD25	62.08	240	249
UniRef90_UPI0006DBB3E3	67.10	240	251
UniRef90_UPI0007018F86	64.63	240	246
UniRef90_K6VR29	64.78	240	247
UniRef90_C7MSY8	65.50	240	249
UniRef90_C7NK56	63.18	240	251
UniRef90_A0A0L0BML8	65.61	240	248
UniRef90_UPI000368B933	67.53	240	246
UniRef90_K9AVP1	63.52	240	247
UniRef90_A0A0B9AQ54	64.63	240	247
UniRef90_A0A0C1X391	62.95	240	253
UniRef90_A0A0D1N8I6	63.04	240	248
UniRef90_UPI000646D6CA	64.19	240	247
UniRef90_UPI0003B51686	63.52	240	251
UniRef90_A0A077MAB9	63.16	240	245
UniRef90_Q0SF09	65.22	240	251
UniRef90_D2B9F6	62.61	240	247
UniRef90_W2EN02	62.72	240	247
UniRef90_A0A094Q2Y1	62.34	240	249
UniRef90_UPI00058AD946	60.83	240	250
UniRef90_U5EET5	62.45	240	245
UniRef90_UPI00047E413A	61.51	240	250
UniRef90_UPI0004766468	62.17	240	247
UniRef90_UPI0004204391	66.09	240	247
UniRef90_UPI00035E89E1	63.04	240	253
UniRef90_UPI00066CCA91	62.17	240	252
UniRef90_S2W4F6	62.08	240	281
UniRef90_UPI0003769C15	63.75	240	252
UniRef90_UPI0004C40A19	64.91	240	245
UniRef90_A0A0C1P952	64.07	240	249
UniRef90_UPI0005A6FB4D	64.07	240	248
UniRef90_UPI00052721C5	63.76	240	250
UniRef90_UPI0003B5E0B5	64.19	240	249
UniRef90_U5WEE5	62.88	240	249
UniRef90_E8JJJ1	64.44	240	245
UniRef90_E3J5S9	63.36	240	249
UniRef90_UPI0003B6A835	65.27	240	245
UniRef90_UPI00036006E0	63.48	240	251
UniRef90_UPI000419D4D4	62.61	240	248
UniRef90_UPI00030A4F07	65.07	240	248
UniRef90_S3X9G6	60.42	240	249
UniRef90_UPI0003B76A6B	62.88	240	250
UniRef90_UPI00048EA703	63.04	240	247
UniRef90_A0A0B8NFW8	62.01	240	245
UniRef90_UPI00047A8635	62.01	240	253
UniRef90_D1BD83	65.22	240	251
UniRef90_UPI0004C2BD9E	60.26	240	245
UniRef90_A1SP05	63.48	240	247
UniRef90_W9DNK8	64.63	240	249
UniRef90_E9UXM3	63.48	240	246
UniRef90_UPI000381918E	62.45	240	247
UniRef90_W5WLL2	62.88	240	245
UniRef90_UPI0003FE65D2	63.20	240	250
UniRef90_UPI000255E948	65.30	240	251
UniRef90_UPI000304C3A3	61.04	240	252
UniRef90_UPI00059271E2	63.32	240	246
UniRef90_V9XET6	64.35	240	248
UniRef90_UPI00049436BB	61.57	240	250
UniRef90_A0A0J0A8K3	63.04	240	248
UniRef90_Q47KS8	60.67	240	247
UniRef90_E3BC84	62.61	240	248
UniRef90_B2HQV4	63.91	240	251
UniRef90_U2AD62	65.07	240	245
UniRef90_H5UN58	67.39	240	247
UniRef90_UPI0002FFDC5E	63.76	240	247
UniRef90_D4YJS4	64.78	240	247
UniRef90_U1SLB6	61.90	240	245
UniRef90_A0A0J6W5C7	64.35	240	250
UniRef90_UPI0004AE758F	62.17	240	251
UniRef90_UPI00047832F4	63.76	240	249
UniRef90_A0A073B191	63.48	240	245
UniRef90_A6W6E0	63.76	240	250
UniRef90_U2T6M1	66.38	240	249
UniRef90_UPI00048CF87F	61.30	240	248
UniRef90_UPI00047A2B51	63.48	240	248
UniRef90_F8AW19	63.79	240	245
UniRef90_W1TLI3	60.67	240	244
UniRef90_I1CX48	63.79	240	252
UniRef90_UPI0003737150	62.45	240	247
UniRef90_D3Q5Y8	63.04	240	250
UniRef90_C7R100	64.63	240	248
UniRef90_A0A0D6GRY5	62.61	240	247
UniRef90_UPI00048ED0E9	63.04	240	247
UniRef90_A0A066YT38	63.04	240	252
UniRef90_W7SK37	65.02	240	245
UniRef90_UPI000408A50F	62.17	240	249
UniRef90_R4M0Y7	62.77	240	251
UniRef90_F6EJN2	62.61	240	248
UniRef90_UPI00034734D7	59.17	240	248
UniRef90_F9ECC6	63.45	240	270
UniRef90_UPI0006F8CA0E	63.00	240	248
UniRef90_UPI000525A48D	62.45	240	249
UniRef90_UPI00055E3C70	62.17	240	246
UniRef90_D0L481	63.48	240	249
UniRef90_UPI00035C218D	61.30	240	252
UniRef90_E6KSC3	65.27	240	257
UniRef90_C5BYN5	63.76	240	248
UniRef90_UPI00047ADB90	62.50	240	250
UniRef90_A0A076MNR5	65.22	240	246
UniRef90_UPI000349EDD8	60.87	240	248
UniRef90_A0A060JKT6	63.04	240	251
UniRef90_D1BZ81	63.76	240	247
UniRef90_A0A094P2I4	61.47	240	248
UniRef90_H5X472	62.88	240	266
UniRef90_UPI000465C2F5	63.32	240	245
UniRef90_G7CHI6	62.61	240	249
UniRef90_A0A077LWD2	60.26	240	244
UniRef90_G0FKZ0	63.48	240	249
UniRef90_UPI0002EF4379	63.48	240	247
UniRef90_UPI00035F8416	62.17	240	249
UniRef90_U3GY29	61.90	240	248
UniRef90_UPI0005696936	63.32	240	251
UniRef90_UPI0003A86A33	60.87	240	250
UniRef90_A0QLK3	63.91	240	249
UniRef90_E4NDI1	62.08	240	252
UniRef90_UPI000695FDE4	63.76	240	247
UniRef90_A0A0A1FX85	62.50	240	247
UniRef90_UPI00048A777D	61.30	240	249
UniRef90_UPI0006F8F57A	63.00	240	247
UniRef90_A0A069TAC4	64.04	240	246
UniRef90_A0A078MP03	65.80	240	247
UniRef90_C0W222	61.54	240	244
UniRef90_A0A0E8YAF5	61.74	240	256
UniRef90_D2NPJ8	66.09	240	245
UniRef90_A0A0K1REW4	60.61	240	248
UniRef90_B8ZT86	61.54	240	247
UniRef90_W7ID91	62.17	240	248
UniRef90_A0A095Y4W9	62.50	240	245
UniRef90_A0A0L6CL06	63.20	240	248
UniRef90_A0A0E9FZ29	61.92	240	245
UniRef90_A0A099DA03	60.87	240	249
UniRef90_A1UAN0	62.61	240	248
UniRef90_UPI000234CBD5	62.34	240	245
UniRef90_UPI000371928E	62.17	240	248
UniRef90_A8LZG5	60.70	240	255
UniRef90_A0A095ZBB8	63.36	240	246
UniRef90_UPI00048F3F39	61.47	240	249
UniRef90_UPI00022DF8C4	62.61	240	249
UniRef90_UPI0005ED5354	61.47	240	249
UniRef90_A0A087CG39	61.47	240	247
UniRef90_UPI0004807DE9	62.66	240	251
UniRef90_E6SAW6	61.57	240	247
UniRef90_I6Y5Z6	60.00	240	249
UniRef90_D5PBQ3	62.61	240	249
UniRef90_UPI000379FC4F	62.88	240	248
UniRef90_F1YIT8	62.61	240	247
UniRef90_UPI0005B9F7F3	62.39	240	245
UniRef90_UPI00042101CD	63.20	240	248
UniRef90_UPI00035E0CD7	62.72	240	244
UniRef90_UPI00041168FA	62.01	240	248
UniRef90_UPI00070251F9	60.96	240	244
UniRef90_UPI0006F34CB2	62.61	240	251
UniRef90_F8A4U0	63.76	240	245
UniRef90_K1DXP8	60.53	240	244
UniRef90_UPI0003B3A291	60.87	240	251
UniRef90_UPI0004925EF0	63.04	240	245
UniRef90_UPI0003FB56AB	59.17	240	249
UniRef90_UPI000623E52E	57.74	240	248
UniRef90_UPI0003829C55	61.30	240	245
UniRef90_UPI0003B77095	59.57	240	248
UniRef90_C2GGA3	62.34	240	248
UniRef90_P0A5R7	62.34	240	249
UniRef90_A0A0K3BES8	60.00	240	272
UniRef90_UPI0004811D2F	61.97	240	252
UniRef90_UPI0003681B68	61.47	240	248
UniRef90_A0A0K1F6K4	60.70	240	247
UniRef90_UPI0004C410E0	62.61	240	247
UniRef90_R7XTL8	63.91	240	247
UniRef90_W9G7J4	61.14	240	247
UniRef90_A0A0G3IEQ8	60.87	240	248
UniRef90_UPI0004937D84	62.61	240	245
UniRef90_Z4XBG0	64.85	240	381
UniRef90_UPI00036674DB	61.74	240	249
UniRef90_D2Q1C6	59.57	240	248
UniRef90_UPI00037CA032	63.32	240	247
UniRef90_UPI0003B443AA	59.83	240	249
UniRef90_A0A086ZGQ1	62.34	240	248
UniRef90_UPI0004284325	60.87	240	245
UniRef90_UPI0006F24D96	62.01	240	247
UniRef90_A3TRK8	60.26	240	244
UniRef90_F4CZU2	61.84	240	246
UniRef90_A0A0B2AJH0	64.44	240	248
UniRef90_UPI0004181FBB	63.32	240	247
UniRef90_A0A0M2Z8S8	61.74	240	249
UniRef90_D2S4K3	61.51	240	257
UniRef90_K7S229	60.83	240	249
UniRef90_UPI0004AA4703	64.32	240	248
UniRef90_UPI0004156072	62.61	240	251
UniRef90_L7LA08	61.34	240	254
UniRef90_R4SWD1	61.84	240	242
UniRef90_A0A094P7R5	61.74	240	248
UniRef90_UPI0006F51138	61.57	240	247
UniRef90_K0YSI4	60.85	240	245
UniRef90_UPI0004081F6D	62.17	240	249
UniRef90_A0A0G3GU26	61.47	240	264
UniRef90_UPI00036E6D71	60.67	240	249
UniRef90_Q2JFT8	62.07	240	333
UniRef90_Q0RS35	62.61	240	244
UniRef90_UPI0006F5C612	61.74	240	256
UniRef90_UPI00037359D0	62.78	240	250
UniRef90_H0QYF5	62.61	240	262
UniRef90_UPI0004662C1B	61.37	240	252
UniRef90_L0INC0	61.30	240	247
UniRef90_UPI000414D70B	61.74	240	245
UniRef90_V8CVL0	62.01	240	248
UniRef90_A0A077HII2	62.17	240	248
UniRef90_K5BGT0	62.17	240	256
UniRef90_D7BL22	62.93	240	246
UniRef90_J9S2Q5	61.30	240	248
UniRef90_UPI0004C3FC89	61.57	240	246
UniRef90_L1MKM0	60.17	240	248
UniRef90_UPI0006D5B0D2	61.47	240	245
UniRef90_A5CTZ0	65.65	240	251
UniRef90_H5UBQ2	61.30	240	248
UniRef90_F6FTX0	63.20	240	246
UniRef90_E6K0W9	60.17	240	246
UniRef90_D6Z8H3	61.74	240	250
UniRef90_UPI0006F6BF37	64.50	240	248
UniRef90_A0A0M4MKQ9	63.09	240	254
UniRef90_UPI000593964F	61.30	240	259
UniRef90_C7MAI3	60.70	240	248
UniRef90_X4QYX5	63.79	240	246
UniRef90_A0A0B7P1M0	59.31	240	249
UniRef90_UPI00029B5481	61.74	240	249
UniRef90_K9EHA7	63.36	240	245
UniRef90_N6X411	61.09	240	253
UniRef90_Q6NJL2	61.90	240	248
UniRef90_UPI000368AA5B	61.90	240	251
UniRef90_D7WB64	60.00	240	252
UniRef90_UPI0003664145	61.80	240	251
UniRef90_UPI0003FF8F0B	63.20	240	253
UniRef90_A0A0M3UFJ8	64.35	240	248
UniRef90_UPI0004C33DEA	63.91	240	247
UniRef90_B3DQI6	60.61	240	246
UniRef90_UPI0004233722	60.42	240	249
UniRef90_A0A0A0C6V7	61.57	240	245
UniRef90_UPI000482A353	62.01	240	249
UniRef90_I0R3F5	60.43	240	248
UniRef90_UPI00048AC6AE	65.65	240	247
UniRef90_A0A0H5CQU2	60.53	240	240
UniRef90_I7IXV5	60.53	240	254
UniRef90_UPI000407D9CC	60.43	240	247
UniRef90_A0A0E2ZV45	60.61	240	273
UniRef90_UPI0006F48833	60.27	240	248
UniRef90_UPI0003F5DC83	60.61	240	248
UniRef90_A0A076NE47	61.04	240	248
UniRef90_A0A0D5AIJ5	60.52	240	251
UniRef90_M2P9C7	58.58	240	248
UniRef90_W5XYK1	61.90	240	248
UniRef90_UPI0006F415BD	61.04	240	246
UniRef90_E0DC38	61.47	240	249
UniRef90_A0A075TQ55	61.04	240	247
UniRef90_U7JNG8	59.31	240	249
UniRef90_R7WPI7	63.04	240	380
UniRef90_I0RZ64	61.30	240	249
UniRef90_D3R3Z3	60.61	240	311
UniRef90_E0N413	59.57	240	244
UniRef90_Q6AAU8	59.74	240	249
UniRef90_K4IMK3	59.74	240	246
UniRef90_A0A0G3H2Z8	61.47	240	248
UniRef90_UPI0005F78517	61.40	240	248
UniRef90_UPI0003B35C23	60.96	240	247
UniRef90_UPI000372E043	61.04	240	247
UniRef90_UPI00035FB1DE	60.17	240	248
UniRef90_E6J9D6	61.30	240	248
UniRef90_E2S7K8	60.17	240	248
UniRef90_G8RV64	61.30	240	248
UniRef90_W5IJ44	58.44	240	246
UniRef90_D5UJ43	61.04	240	246
UniRef90_UPI00041CE9D4	64.19	240	285
UniRef90_D1NV54	59.74	240	262
UniRef90_UPI00070371C4	63.48	240	250
UniRef90_C0XUD6	59.74	240	249
UniRef90_D5UT01	60.43	240	248
UniRef90_A0A021VRW8	61.90	240	246
UniRef90_UPI0005F766C1	56.90	240	248
UniRef90_A0A068NMJ9	61.64	240	245
UniRef90_C3PKE8	60.17	240	253
UniRef90_F4GY57	60.61	240	246
UniRef90_UPI00041D89AE	62.61	240	247
UniRef90_F5XF15	58.16	240	246
UniRef90_M7NF91	62.56	240	247
UniRef90_A0A0G3HGK6	62.34	240	248
UniRef90_F5Z1H6	60.43	240	249
UniRef90_A0A087BBJ0	60.17	240	246
UniRef90_D1A4Q5	62.88	240	278
UniRef90_H5TYV4	65.22	240	248
UniRef90_M1MUI6	60.43	240	248
UniRef90_UPI0006F2ABC8	62.61	240	247
UniRef90_C5BJ25	56.49	240	248
UniRef90_UPI00037796E6	62.61	240	245
UniRef90_E2MV10	61.04	240	248
UniRef90_UPI0003453C52	60.00	240	247
UniRef90_A9WLX7	62.88	240	253
UniRef90_UPI00040238E8	60.43	240	248
UniRef90_A0A0A0B8A5	59.74	240	246
UniRef90_A0A0F6QWR3	60.17	240	248
UniRef90_W5WS02	60.00	240	251
UniRef90_A0A0C2JK82	59.41	240	248
UniRef90_UPI00021931BC	58.70	240	257
UniRef90_UPI0004761740	59.74	240	249
UniRef90_Q83HD5	59.03	240	221
UniRef90_A0A074PX54	59.57	240	245
UniRef90_Q4JSW4	58.87	240	254
UniRef90_UPI000464CFDB	58.37	240	249
UniRef90_E5XNT8	60.70	240	250
UniRef90_UPI00030AE6CD	58.01	240	248
UniRef90_A0A0G3GYR7	59.31	240	283
UniRef90_A8LDI4	62.61	240	245
UniRef90_UPI0006615671	60.00	240	255
UniRef90_A0A0D0L9I5	58.80	240	251
UniRef90_UPI000477009A	63.32	240	249
UniRef90_A0A0B6TJ34	58.01	240	248
UniRef90_C8XA05	60.43	240	247
UniRef90_A4QB41	59.74	240	248
UniRef90_UPI0005A8BCFB	59.13	240	248
UniRef90_I8I3C7	56.96	240	250
UniRef90_UPI0006538F7F	59.74	240	249
UniRef90_A0A0A1DN04	61.90	240	248
UniRef90_UPI0004862F74	58.22	240	229
UniRef90_E2S5K3	60.17	240	248
UniRef90_C4LLD4	58.87	240	248
UniRef90_E6WUM9	58.26	240	249
UniRef90_UPI0004764B37	58.19	240	250
UniRef90_UPI0003FE6DAF	62.45	240	249
UniRef90_B1VEI6	58.70	240	273
UniRef90_I6YTU2	56.49	240	248
UniRef90_M1YX09	56.96	240	248
UniRef90_A0A0B2BU08	57.21	240	248
UniRef90_A0LQZ1	61.30	240	252
UniRef90_A0A0G3V2C0	57.02	240	245
UniRef90_C6WPJ9	61.43	240	248
UniRef90_J9HHN4	59.57	240	248
UniRef90_UPI0005257632	61.06	240	251
UniRef90_UPI0004A73A8B	55.65	240	250
UniRef90_UPI000526F81A	59.83	240	269
UniRef90_UPI0003B42619	58.44	240	246
UniRef90_A0A061QK67	55.60	240	234
UniRef90_G7H1G0	62.88	240	247
UniRef90_UPI000365B66D	56.58	240	230
UniRef90_R4YXL7	57.27	240	250
UniRef90_UPI0005F798ED	53.56	240	248
UniRef90_K6W9H9	62.45	240	247
UniRef90_A0A097IDL9	60.17	240	248
UniRef90_A0A0F0ET45	60.70	240	247
UniRef90_U2Q9D7	59.58	240	249
UniRef90_A0A0F6TCK8	57.39	240	248
UniRef90_B3QVL0	55.65	240	249
UniRef90_UPI0003B7542D	56.52	240	250
UniRef90_B4RZM6	56.07	240	248
UniRef90_W9GJ82	60.26	240	247
UniRef90_U7MS91	58.01	240	262
UniRef90_W6M3B8	56.52	240	248
UniRef90_W6M1L4	56.96	240	248
UniRef90_H9GW55	54.31	240	253
UniRef90_UPI000425FE1B	54.81	240	248
UniRef90_UPI0004982D61	58.26	240	251
UniRef90_UPI00037CC993	54.35	240	248
UniRef90_D0BNY5	55.51	240	231
UniRef90_UPI00039B5D56	55.46	240	250
UniRef90_A0A099WJM9	55.95	240	229
UniRef90_B3QVL0	55.65	240	249
UniRef90_A0A081BMW6	52.30	240	249
UniRef90_B3QPN8	52.72	240	247
UniRef90_I6YTU2	56.49	240	248
UniRef90_V5WIT5	54.81	240	248
UniRef90_UPI000425FE1B	54.81	240	248
UniRef90_Q01YD0	54.81	240	248
UniRef90_B1VS80	65.42	240	253
UniRef90_K1Y1M5	53.56	240	248
UniRef90_W0SC72	53.56	240	249
UniRef90_A0A098R0I0	56.49	240	248
UniRef90_I2F6B6	51.88	240	248
UniRef90_Q8KFC8	54.15	240	247
UniRef90_S3AW29	62.50	240	253
UniRef90_UPI000590CD25	62.08	240	249
UniRef90_W6M1L4	55.65	240	248
UniRef90_I0ANS2	55.36	240	248
UniRef90_A0A0G3WG58	52.30	240	248
UniRef90_B3EN99	53.14	240	247
UniRef90_UPI00058AD946	60.83	240	250
UniRef90_D7AW67	64.44	240	248
UniRef90_UPI0003456A42	63.18	240	248
UniRef90_Q47KS8	60.67	240	247
UniRef90_A4SDM0	51.88	240	247
UniRef90_E1RGU7	53.36	240	248
UniRef90_Q82GB8	64.58	240	253
UniRef90_B2GG23	64.58	240	252
UniRef90_UPI0003646354	55.65	240	248
UniRef90_Q3AU60	48.54	240	247
UniRef90_A0A0B5FFT8	52.16	240	248
UniRef90_B4SEI0	50.21	240	249
UniRef90_M2YD72	65.27	240	251
UniRef90_UPI00055C81F8	63.33	240	251
UniRef90_A0A081ELM5	60.83	240	252
UniRef90_D1B6L3	51.88	240	249
UniRef90_F8GJP3	50.21	240	249
UniRef90_C0QV47	51.88	240	248
UniRef90_C7QIZ5	64.58	240	251
UniRef90_A0A0F7FVM5	61.67	240	252
UniRef90_A0A0K1ED47	55.65	240	248
UniRef90_UPI0003B51686	62.34	240	251
UniRef90_B8HCQ9	64.58	240	248
UniRef90_A0A0A0DMP1	55.26	240	247
UniRef90_UPI0006E45A6E	63.75	240	252
UniRef90_B4RZM6	56.07	240	248
UniRef90_Q12F50	52.17	240	293
UniRef90_G0AE37	52.84	240	248
UniRef90_UPI00034734D7	59.17	240	248
UniRef90_A0A0J1CQW4	53.48	240	248
UniRef90_A1BE55	51.05	240	247
UniRef90_M1YX09	56.96	240	248
UniRef90_UPI0003B443AA	59.83	240	249
UniRef90_H1YYU6	53.97	240	248
UniRef90_P33158	63.75	240	253
UniRef90_E8YLD7	53.04	240	270
UniRef90_S2W4F6	62.08	240	281
UniRef90_C7MSY8	65.50	240	249
UniRef90_D9PKN1	50.63	240	264
UniRef90_Q39V40	51.88	240	247
UniRef90_A0A0J1BUU2	64.17	240	252
UniRef90_J1L2Z5	51.46	240	249
UniRef90_B3EFK8	50.63	240	247
UniRef90_S3X9G6	60.42	240	249
UniRef90_J2W716	50.21	240	248
UniRef90_K7S229	60.83	240	249
UniRef90_B4S616	52.17	240	247
UniRef90_Q39CN6	54.39	240	248
UniRef90_A0A0M4R3W4	64.32	240	247
UniRef90_A0A099CZI4	48.12	240	248
UniRef90_R5E4C2	51.88	240	249
UniRef90_P00950	100.00	240	247
UniRef90_I6Y5Z6	60.00	240	249
UniRef90_A0A069Q533	52.17	240	248
UniRef90_A0A0M2V237	54.39	240	249
UniRef90_I3CMR0	49.79	240	248
UniRef90_UPI0004CBA7B8	62.50	240	253
UniRef90_E1JZA1	53.36	240	248
UniRef90_W6K3Z8	63.32	240	245
UniRef90_A0A0C5IXX5	51.05	240	249
UniRef90_W5WLL2	62.88	240	245
UniRef90_UPI0005B26B4B	50.21	240	249
UniRef90_E7S0C2	52.70	240	253
UniRef90_Q8R7C8	53.56	240	249
UniRef90_A0A073B191	63.48	240	245
UniRef90_F2NJU7	53.16	240	250
UniRef90_UPI000381918E	62.45	240	247
UniRef90_E8JJJ1	64.32	240	245
UniRef90_A4FQ04	66.52	240	246
UniRef90_UPI000701F977	51.32	240	247
UniRef90_A0A0G4JFT5	52.89	240	242
UniRef90_D6Y4U9	65.94	240	247
UniRef90_A0A017SWT4	51.88	240	248
UniRef90_D9UDL4	61.67	240	252
UniRef90_I3CG98	51.46	240	248
UniRef90_A0A0G3BIJ9	53.07	240	247
UniRef90_UPI00035E89E1	63.04	240	253
UniRef90_W6M3B8	55.23	240	248
UniRef90_UPI00048F3F39	61.47	240	249
UniRef90_W1QA51	80.95	240	248
UniRef90_A0A0J7JSU5	52.61	240	261
UniRef90_A0A0F7N8J3	62.77	240	252
UniRef90_UPI0006F9B84D	51.75	240	249
UniRef90_UPI000348D698	60.67	240	248
UniRef90_E1R7N9	53.14	240	249
UniRef90_D2V1V8	52.72	240	250
UniRef90_UPI0003F9CA78	64.35	240	249
UniRef90_A0A0G3EM27	52.30	240	248
UniRef90_W0VCM8	51.09	240	248
UniRef90_A0A0J0A8K3	63.04	240	248
UniRef90_UPI000255F660	67.10	240	252
UniRef90_A0A0J7HP98	52.30	240	248
UniRef90_G0FKZ0	63.48	240	249
UniRef90_A1SP05	63.48	240	247
UniRef90_UPI00059271E2	63.32	240	246
UniRef90_Q2Y9Z7	48.95	240	251
UniRef90_A0A090BKC3	86.15	240	247
UniRef90_A0A061BDU6	77.92	240	247
UniRef90_P82612	77.92	240	248
UniRef90_A0A0C2BSG1	50.87	240	248
UniRef90_A0A0C1P952	64.07	240	249
UniRef90_C5BJ25	56.49	240	248
UniRef90_UPI00046526FD	52.19	240	247
UniRef90_UPI0004821D16	52.63	240	249
UniRef90_A0A0A1FX85	62.07	240	247
UniRef90_UPI00047EF47D	62.92	240	248
UniRef90_UPI000427AAD9	49.58	240	248
UniRef90_UPI0005F766C1	56.90	240	248
UniRef90_A0A069TAC4	64.04	240	246
UniRef90_A0A0B4XJY4	55.70	240	248
UniRef90_UPI0006CE99BB	53.22	240	253
UniRef90_A0A0K9JXR8	52.17	240	248
UniRef90_A0A0D6GRY5	62.61	240	247
UniRef90_UPI000255D7C7	62.34	240	248
UniRef90_C0W222	60.83	240	244
UniRef90_A3LN94	78.35	240	248
UniRef90_I1CX48	63.79	240	252
UniRef90_G0VGV0	88.74	240	263
UniRef90_UPI00054C6C48	63.48	240	253
UniRef90_Q74CR0	52.94	240	247
UniRef90_A0A0B7P1M0	59.31	240	249
UniRef90_UPI000370B91A	52.61	240	248
UniRef90_UPI0006D5B0D2	61.47	240	245
UniRef90_UPI0004801D57	53.56	240	247
UniRef90_A0A0D1LAD4	64.22	240	247
UniRef90_I0HYF7	52.81	240	248
UniRef90_M5DK17	49.79	240	251
UniRef90_UPI0003B4148C	67.25	240	250
UniRef90_UPI000623E52E	57.74	240	248
UniRef90_UPI00048011CA	51.32	240	247
UniRef90_F4GQG9	49.79	240	249
UniRef90_A0A094QAC5	66.09	240	249
UniRef90_UPI00055DD5FF	62.66	240	247
UniRef90_Q6CNK3	83.55	240	247
UniRef90_UPI0005B9F7F3	61.67	240	245
UniRef90_A0A0L6CL06	63.20	240	248
UniRef90_R7IJR9	51.08	240	249
UniRef90_A0A0E8YAF5	61.74	240	256
UniRef90_UPI0003F94BC3	49.79	240	250
UniRef90_UPI00048EA703	63.04	240	247
UniRef90_S7TB19	54.59	240	247
UniRef90_UPI0003797561	52.72	240	254
UniRef90_A0A0F0LZ81	70.31	240	265
UniRef90_A0A0G3GU26	61.47	240	264
UniRef90_V4AT30	50.42	240	251
UniRef90_UPI00036E6D71	60.67	240	249
UniRef90_E3BC84	62.61	240	248
UniRef90_UPI00048BB126	52.72	240	248
UniRef90_UPI0007018F86	64.63	240	246
UniRef90_UPI000695FDE4	63.76	240	247
UniRef90_A0A085FY57	49.57	240	248
UniRef90_UPI0002FFCC08	53.07	240	247
UniRef90_B2JC95	52.17	240	248
UniRef90_A0A0B8NFW8	62.01	240	245
UniRef90_E6KSC3	64.73	240	257
UniRef90_K6VR29	64.78	240	247
UniRef90_UPI0003B7AF41	67.25	240	248
UniRef90_UPI000372E043	60.61	240	247
UniRef90_A0A0K3BES8	60.00	240	272
UniRef90_Q0SF09	65.22	240	251
UniRef90_A0A0M2M3V6	65.94	240	246
UniRef90_UPI00047832F4	63.32	240	249
UniRef90_A1VKR6	53.04	240	250
UniRef90_UPI0003B3A291	60.67	240	251
UniRef90_N1VB14	67.25	240	251
UniRef90_UPI000702645D	52.19	240	248
UniRef90_UPI00052721C5	63.76	240	250
UniRef90_F1VTZ9	49.37	240	248
UniRef90_A0A0E9FZ29	61.83	240	245
UniRef90_Q6NJL2	61.90	240	248
UniRef90_UPI0004204391	66.09	240	247
UniRef90_UPI000648AE69	71.18	240	249
UniRef90_Q3B5J2	50.87	240	247
UniRef90_UPI000255E948	63.88	240	251
UniRef90_A0A0B2AA68	70.31	240	248
UniRef90_U7JNG8	59.31	240	249
UniRef90_UPI000349291B	67.39	240	246
UniRef90_UPI0003624AAE	68.12	240	249
UniRef90_A0A0G3EWV3	49.79	240	248
UniRef90_Q54NE6	52.30	240	249
UniRef90_UPI00047C1955	51.30	240	250
UniRef90_G3VKA5	52.07	240	253
UniRef90_A0A075TQ55	61.04	240	247
UniRef90_E9UXM3	63.48	240	246
UniRef90_G8ZVG8	85.28	240	248
UniRef90_UPI000380A27B	63.60	240	245
UniRef90_UPI0006491AEA	64.50	240	251
UniRef90_UPI000345FAA7	52.19	240	247
UniRef90_C7NK56	62.76	240	251
UniRef90_Q21YW0	51.32	240	247
UniRef90_K9EHA7	61.25	240	245
UniRef90_E0DC38	61.04	240	249
UniRef90_UPI0003FB56AB	59.17	240	249
UniRef90_UPI0006D00B23	51.88	240	254
UniRef90_UPI0004766468	62.17	240	247
UniRef90_K0F7M8	62.88	240	245
UniRef90_UPI0007012574	51.54	240	247
UniRef90_Z4XBG0	64.32	240	381
UniRef90_UPI0004233722	60.42	240	249
UniRef90_A0A010Q0B2	64.02	240	248
UniRef90_K0YSI4	60.17	240	245
UniRef90_F4GIE4	53.51	240	249
UniRef90_A0A061LYF5	66.52	240	247
UniRef90_D6B8G8	63.75	240	253
UniRef90_H8E5Z4	70.31	240	249
UniRef90_A1WBJ3	52.19	240	247
UniRef90_F2YWV9	52.30	240	248
UniRef90_A0A086E038	64.19	240	250
UniRef90_Q5YP50	65.07	240	245
UniRef90_A0A0G3GYR7	58.87	240	283
UniRef90_H1HSI2	53.14	240	249
UniRef90_UPI000468BDED	48.54	240	249
UniRef90_A0A0K8JWL4	49.57	240	248
UniRef90_I4F433	62.34	240	250
UniRef90_R7KKJ5	49.78	240	249
UniRef90_E5AME7	53.51	240	266
UniRef90_A0A0C1X391	62.50	240	253
UniRef90_A0A0C2RE20	68.26	240	252
UniRef90_U2YXW5	69.43	240	249
UniRef90_UPI00041D5470	66.09	240	247
UniRef90_X2H5Q0	52.72	240	250
UniRef90_C7MAI3	60.70	240	248
UniRef90_M2P9C7	58.58	240	248
UniRef90_C5CWV9	51.75	240	247
UniRef90_UPI0003615A94	63.91	240	252
UniRef90_Q0AHK3	50.21	240	249
UniRef90_B1Y3R5	53.51	240	247
UniRef90_E8N8N5	69.00	240	248
UniRef90_UPI0004AE758F	62.17	240	251
UniRef90_K0I3B8	50.44	240	247
UniRef90_A0A0G3H2Z8	61.04	240	248
UniRef90_UPI0004E0EBC0	51.88	240	247
UniRef90_UPI0006F6B435	66.81	240	250
UniRef90_UPI0003B3B993	62.34	240	247
UniRef90_Q8Y2I3	50.00	240	248
UniRef90_U2AD62	64.19	240	245
UniRef90_Q5P7N4	51.88	240	249
UniRef90_A0A059KI20	50.88	240	247
UniRef90_UPI0006FC6957	70.31	240	248
UniRef90_Q6ADH3	65.07	240	249
UniRef90_J0UPP1	51.46	240	248
UniRef90_UPI0006F34199	54.39	240	247
UniRef90_UPI0004925EF0	62.17	240	245
UniRef90_A0A0F0KTV2	71.18	240	247
UniRef90_J0KDE5	51.32	240	247
UniRef90_C2GGA3	62.34	240	248
UniRef90_UPI00048F8FD9	50.84	240	249
UniRef90_A0A077MAB9	63.16	240	245
UniRef90_Q6AAU8	59.74	240	249
UniRef90_UPI00047A2B51	63.48	240	248
UniRef90_D1Y129	51.97	240	249
UniRef90_B0KBW9	53.51	240	251
UniRef90_UPI0006F402EF	53.48	240	248
UniRef90_I4MGB2	50.44	240	247
UniRef90_UPI000366F77B	53.07	240	244
UniRef90_R4M0Y7	62.77	240	251
UniRef90_UPI00034A19EA	69.87	240	248
UniRef90_UPI000615154C	53.51	240	248
UniRef90_S8GJT7	52.94	240	339
UniRef90_UPI0003B6A835	65.15	240	245
UniRef90_X0U8G9	52.72	240	247
UniRef90_A0A0J6W5C7	63.91	240	250
UniRef90_G7CHI6	62.61	240	249
UniRef90_UPI0006DCAD1A	51.32	240	247
UniRef90_H5WIW5	55.46	240	248
UniRef90_W1TLI3	60.83	240	244
UniRef90_UPI00037CC993	52.72	240	248
UniRef90_A0A068NMJ9	60.50	240	245
UniRef90_R4SWD1	62.11	240	242
UniRef90_A0A0H5BZA0	77.49	240	703
UniRef90_UPI0003FE8BC8	50.42	240	250
UniRef90_UPI0004273B00	70.74	240	247
UniRef90_H6RPP7	62.34	240	252
UniRef90_A6GLR4	51.05	240	248
UniRef90_I9C0K7	52.19	240	248
UniRef90_UPI0006F876E1	51.32	240	247
UniRef90_UPI000345FAAD	49.13	240	248
UniRef90_UPI00055E3C70	62.17	240	246
UniRef90_F3YTY9	53.78	240	247
UniRef90_UPI000262AC17	64.63	240	248
UniRef90_Q0KET8	51.74	240	248
UniRef90_UPI00047B14F5	53.51	240	249
UniRef90_K0KQG0	74.89	240	247
UniRef90_UPI00035F8416	61.90	240	249
UniRef90_X1CJV7	52.72	240	248
UniRef90_H5X472	62.88	240	266
UniRef90_F9ZIJ3	49.79	240	249
UniRef90_I0HWZ4	52.17	240	247
UniRef90_A0A0F6QWR3	60.17	240	248
UniRef90_UPI0004E238B9	52.30	240	248
UniRef90_S7UX24	53.30	240	249
UniRef90_W9DNK8	64.63	240	249
UniRef90_D0L481	63.48	240	249
UniRef90_U3GY29	61.90	240	248
UniRef90_D7WB64	59.13	240	252
UniRef90_A0A0F8VMT3	50.21	240	251
UniRef90_C3PKE8	60.17	240	253
UniRef90_UPI0006FB5EB0	51.32	240	247
UniRef90_Q6CFX7	71.00	240	247
UniRef90_A0A060T9G6	76.09	240	252
UniRef90_Q82TU0	50.63	240	249
UniRef90_UPI000590C2B1	70.31	240	249
UniRef90_UPI000395A87A	51.75	240	246
UniRef90_U5WEE5	62.88	240	249
UniRef90_K0CF79	53.07	240	248
UniRef90_A0A031FL10	69.43	240	249
UniRef90_UPI0004C410E0	62.61	240	247
UniRef90_B7WVG2	50.00	240	247
UniRef90_B2VBS6	54.31	240	250
UniRef90_A0A095YC76	67.10	240	247
UniRef90_D1BD83	64.35	240	251
UniRef90_Q6MJP3	52.30	240	248
UniRef90_F9ECC6	63.33	240	270
UniRef90_UPI0003705B7F	63.18	240	248
UniRef90_A0A090BW67	53.14	240	248
UniRef90_A0A0K1REW4	60.61	240	248
UniRef90_UPI0006F9F32E	49.57	240	248
UniRef90_B1GZZ1	48.95	240	249
UniRef90_UPI00048ED0E9	62.61	240	247
UniRef90_UPI0004152FCF	52.19	240	247
UniRef90_W5NF81	52.48	240	256
UniRef90_I0GI82	52.30	240	250
UniRef90_A1UAN0	62.61	240	248
UniRef90_UPI0005575E3A	51.46	240	247
UniRef90_UPI00036B338E	54.39	240	248
UniRef90_E8UFR8	53.91	240	248
UniRef90_V9XET6	64.35	240	248
UniRef90_Q0VNN1	52.19	240	248
UniRef90_H8WXJ4	75.32	240	248
UniRef90_A9BUZ3	51.32	240	247
UniRef90_UPI00047E413A	61.51	240	250
UniRef90_E2MV10	61.04	240	248
UniRef90_UPI0003724CBD	53.04	240	249
UniRef90_UPI0004C0F246	66.81	240	250
UniRef90_A0A099P7A2	80.00	240	249
UniRef90_F8A4U0	62.45	240	245
UniRef90_UPI00031198F6	52.52	240	255
UniRef90_H0QYF5	62.17	240	262
UniRef90_UPI0004C40A19	64.47	240	245
UniRef90_H2T2C5	50.83	240	256
UniRef90_UPI00064881A2	66.38	240	251
UniRef90_D2B9F6	62.61	240	247
UniRef90_W5SNX7	54.39	240	249
UniRef90_C5DMB1	82.68	240	247
UniRef90_UPI0006543F07	52.61	240	247
UniRef90_UPI000427512E	49.34	240	248
UniRef90_W7SK37	64.76	240	245
UniRef90_UPI0005B26E0D	48.12	240	249
UniRef90_C4Y108	74.89	240	248
UniRef90_UPI00036674DB	61.74	240	249
UniRef90_UPI00035F2EE1	50.00	240	248
UniRef90_A0A094QAG7	64.78	240	248
UniRef90_U5EET5	62.45	240	245
UniRef90_H2SM28	50.41	240	254
UniRef90_A0A0K1F6K4	60.70	240	247
UniRef90_UPI0006F29AB2	65.94	240	248
UniRef90_Q2FTH0	51.68	240	248
UniRef90_L0INC0	60.43	240	247
UniRef90_J7R7U5	83.98	240	248
UniRef90_E2S5K3	60.17	240	248
UniRef90_A0A085JC95	52.59	240	250
UniRef90_UPI0005ED5354	61.47	240	249
UniRef90_A0A094Q9P4	62.76	240	246
UniRef90_UPI0005A8BCFB	58.26	240	248
UniRef90_UPI0004937D84	62.61	240	245
UniRef90_A0A0E0Z1G9	51.05	240	250
UniRef90_F3KPJ7	51.32	240	246
UniRef90_A0A0C4YB44	50.87	240	248
UniRef90_UPI0003F5DC83	60.61	240	248
UniRef90_A0A0G3IEQ8	60.43	240	248
UniRef90_A0A0F3KVM5	50.63	240	246
UniRef90_W5KV19	51.24	240	254
UniRef90_H9G5U9	52.07	240	253
UniRef90_UPI00047A53A0	65.07	240	249
UniRef90_UPI00048CF87F	61.57	240	248
UniRef90_UPI0006FA8E2B	68.56	240	255
UniRef90_F6SHA9	50.41	240	257
UniRef90_UPI0004917688	66.38	240	249
UniRef90_F5XWP3	51.97	240	247
UniRef90_UPI0006F7AFCC	67.25	240	249
UniRef90_UPI00046CBCE3	65.65	240	250
UniRef90_F0JH11	52.19	240	248
UniRef90_E1VSZ7	66.09	240	248
UniRef90_F5RF51	50.21	240	273
UniRef90_W2EN02	62.72	240	247
UniRef90_W7ID91	62.17	240	248
UniRef90_A0A077HII2	61.30	240	248
UniRef90_UPI000492879D	53.04	240	249
UniRef90_C0XUD6	58.87	240	249
UniRef90_UPI00048A57B1	51.46	240	251
UniRef90_C5BEL3	51.46	240	250
UniRef90_UPI0006F24D96	62.01	240	247
UniRef90_UPI0004C2BD9E	60.26	240	245
UniRef90_W5XYK1	61.90	240	248
UniRef90_A0A0J9BL04	53.95	240	250
UniRef90_A0A0G4H830	52.52	240	250
UniRef90_A0EC15	49.79	240	258
UniRef90_A0A0B6TJ34	58.01	240	248
UniRef90_UPI00041168FA	62.01	240	248
UniRef90_UPI00048A777D	61.30	240	249
UniRef90_A0A076MNR5	64.78	240	246
UniRef90_A0A0F9RBM6	51.88	240	248
UniRef90_UPI00048F7E5A	53.88	240	250
UniRef90_Q6BNK1	77.39	240	248
UniRef90_E3TDU2	50.41	240	254
UniRef90_UPI000643EADE	50.00	240	254
UniRef90_UPI0005F798ED	53.56	240	248
UniRef90_UPI000349EDD8	60.87	240	248
UniRef90_UPI00047CCAF6	65.07	240	251
UniRef90_B5X0R8	51.24	240	254
UniRef90_D5PBQ3	62.61	240	249
UniRef90_G8RV64	60.87	240	248
UniRef90_UPI0005932E6C	65.07	240	245
UniRef90_UPI0004982CE0	53.36	240	248
UniRef90_UPI00037359D0	62.56	240	250
UniRef90_UPI0004662C1B	61.11	240	252
UniRef90_UPI0006538F7F	59.74	240	249
UniRef90_UPI000525A48D	62.45	240	249
UniRef90_L1MKM0	60.17	240	248
UniRef90_E6WUM9	58.26	240	249
UniRef90_M1WUH4	52.19	240	248
UniRef90_UPI00047B5E4A	65.38	240	251
UniRef90_A0A094Q2Y1	62.61	240	249
UniRef90_A0A0N1AQI7	53.07	240	254
UniRef90_A6W6E0	63.76	240	250
UniRef90_UPI0006FDBEC4	70.18	240	249
UniRef90_A0A0D0IN40	65.50	240	246
UniRef90_W6MM60	81.82	240	248
UniRef90_F6UBE9	50.41	240	310
UniRef90_A0A071M5K0	50.86	240	250
UniRef90_UPI000368B933	66.67	240	246
UniRef90_A5DVC8	73.04	240	348
UniRef90_A4QB41	59.74	240	248
UniRef90_F2QV99	78.66	240	248
UniRef90_A0A0M5KIT5	65.22	240	247
UniRef90_E6SAW6	61.57	240	247
UniRef90_A0A0H5CQU2	60.79	240	240
UniRef90_A0A095Y4W9	62.50	240	245
UniRef90_B5JSU3	52.30	240	249
UniRef90_A0A0L8FJK5	49.79	240	250
UniRef90_UPI00066CCA91	62.17	240	252
UniRef90_I0HII4	65.07	240	249
UniRef90_W0ZE32	68.12	240	249
UniRef90_UPI00041E8AFE	49.56	240	247
UniRef90_E6UBQ8	50.21	240	249
UniRef90_UPI00041B5456	53.51	240	247
UniRef90_UPI0004807DE9	62.23	240	251
UniRef90_A0A0F6TCK8	57.39	240	248
UniRef90_J9S2Q5	60.87	240	248
UniRef90_V8PCN9	52.48	240	324
UniRef90_G3AMM7	77.06	240	247
UniRef90_UPI0003B42619	58.01	240	246
UniRef90_Q75C60	87.88	240	247
UniRef90_A0A0M2Z8S8	61.30	240	249
UniRef90_E0N413	59.57	240	244
UniRef90_V8CVL0	61.57	240	248
UniRef90_H3B5R5	52.89	240	254
UniRef90_U1LNU0	67.25	240	248
UniRef90_UPI00070251F9	60.96	240	244
UniRef90_Q6D7E3	50.43	240	250
UniRef90_A0A0K1NF26	51.32	240	247
UniRef90_UPI0004106E7D	50.42	240	247
UniRef90_UPI00035C218D	61.30	240	252
UniRef90_UPI0003686A1B	52.19	240	247
UniRef90_K1DXP8	60.09	240	244
UniRef90_UPI000379FC4F	62.88	240	248
UniRef90_UPI00022DF8C4	62.34	240	249
UniRef90_T2GBP0	52.84	240	248
UniRef90_A0A060RZH4	55.46	240	250
UniRef90_UPI00042599C9	49.12	240	247
UniRef90_D4BW86	51.46	240	250
UniRef90_UPI0004675771	53.14	240	250
UniRef90_B0VG28	50.21	240	265
UniRef90_K5BGT0	61.74	240	256
UniRef90_UPI0003A86A33	60.87	240	250
UniRef90_N6X411	61.25	240	253
UniRef90_G8YNZ3	77.06	240	248
UniRef90_U5N9P5	48.26	240	247
UniRef90_E3HLM8	49.56	240	250
UniRef90_UPI00046AB12A	65.94	240	247
UniRef90_UPI0004C3FC89	61.57	240	246
