UniRef90_P08254	100.00	160	477
UniRef90_F7IPB7	91.88	160	477
UniRef90_UPI0003339F37	88.75	160	476
UniRef90_P28863	89.38	160	478
UniRef90_UPI00038F143F	88.12	160	476
UniRef90_UPI00018B98E0	89.38	160	477
UniRef90_L5KZD9	85.00	160	358
UniRef90_I3MBW6	88.20	160	480
UniRef90_L5L0F0	85.00	160	468
UniRef90_UPI000703F04C	85.62	160	339
UniRef90_P09238	86.25	160	476
UniRef90_UPI00045E04E7	87.50	160	477
UniRef90_UPI00046BC6E3	87.58	160	476
UniRef90_UPI0003F128A5	85.00	160	473
UniRef90_UPI0003F16105	85.00	160	474
UniRef90_L9KUT2	85.00	160	476
UniRef90_UPI00042AE03D	87.50	160	478
UniRef90_G5BUC5	86.16	160	471
UniRef90_UPI0004D0723E	86.08	160	476
UniRef90_H0X273	87.65	160	479
UniRef90_UPI00038EFDA5	85.62	160	478
UniRef90_S9WWT6	83.75	160	408
UniRef90_M3WNA2	84.38	160	481
UniRef90_UPI00032B056D	85.00	160	477
UniRef90_G3TPE1	86.08	160	476
UniRef90_UPI00018BDB9B	83.75	160	477
UniRef90_P28862	83.75	160	477
UniRef90_H0X268	84.47	160	478
UniRef90_UPI00063FC95E	85.00	160	477
UniRef90_UPI0002C46802	84.38	160	476
UniRef90_G5BUC3	82.50	160	475
UniRef90_UPI0003F07346	82.50	160	477
UniRef90_UPI00065070D1	83.85	160	475
UniRef90_G1NUJ6	84.38	160	476
UniRef90_UPI00022B55BA	83.75	160	477
UniRef90_UPI0003F15192	83.75	160	476
UniRef90_G3T4X3	85.09	160	480
UniRef90_UPI00038BDC66	84.38	160	476
UniRef90_A0A0H5AU05	83.12	160	380
UniRef90_W5P4V3	85.00	160	479
UniRef90_UPI00033479CD	83.12	160	473
UniRef90_A0A091D561	81.25	160	380
UniRef90_UPI00042C5F41	82.50	160	479
UniRef90_F1SV58	81.25	160	477
UniRef90_UPI0002C45547	84.38	160	475
UniRef90_Q6Y4Q5	83.12	160	478
UniRef90_UPI0003316C63	81.88	160	477
UniRef90_P03957	82.50	160	475
UniRef90_G1TEU2	81.88	160	477
UniRef90_UPI0004ED0BAA	82.50	160	476
UniRef90_UPI0002C337E1	83.12	160	492
UniRef90_F6V381	82.50	160	477
UniRef90_UPI00035091E2	81.25	160	479
UniRef90_Q28397	81.25	160	477
UniRef90_UPI000332F140	81.25	160	477
UniRef90_UPI0003EBD0E1	82.50	160	498
UniRef90_UPI000333C35D	81.88	160	474
UniRef90_UPI000333B436	81.25	160	489
UniRef90_L8J4P8	82.50	160	447
UniRef90_L9KR42	77.50	160	384
UniRef90_UPI00045D8B86	81.88	160	476
UniRef90_UPI0003C8D7DE	77.50	160	475
UniRef90_UPI0002C57263	81.88	160	476
UniRef90_M3Y658	80.00	160	476
UniRef90_M3WNA6	80.62	160	478
UniRef90_UPI0000F62601	80.00	160	476
UniRef90_UPI000643DC79	81.25	160	489
UniRef90_UPI00042A9F03	81.25	160	476
UniRef90_UPI0006521622	79.11	160	479
UniRef90_D2HIH1	78.12	160	477
UniRef90_G1LUK6	78.12	160	481
UniRef90_UPI00032B03A4	77.50	160	477
UniRef90_UPI000333E46C	79.38	160	476
UniRef90_UPI0003F06ACE	79.38	160	476
UniRef90_UPI0002C6599C	79.38	160	475
UniRef90_UPI00038C0386	77.50	160	477
UniRef90_I3MBU5	76.88	160	375
UniRef90_UPI00033349D5	76.25	160	469
UniRef90_A0A061I711	77.50	160	393
UniRef90_O55123	77.50	160	476
UniRef90_UPI000328984D	78.12	160	483
UniRef90_F6W5H0	75.47	160	490
UniRef90_UPI0003EDD956	76.88	160	486
UniRef90_UPI00063CF32B	77.50	160	477
UniRef90_P07152	75.62	160	476
UniRef90_G3WNE3	75.47	160	474
UniRef90_UPI000328CDCC	76.25	160	476
UniRef90_UPI0004ED2D6A	75.62	160	476
UniRef90_G3GUV4	78.12	160	966
UniRef90_G3GUV4	61.25	160	966
UniRef90_G3GUV4	58.49	160	966
UniRef90_UPI00038C0F69	73.75	160	477
UniRef90_UPI000454BF56	73.68	160	491
UniRef90_F1LPL9	74.52	160	473
UniRef90_A0A0A0AS53	66.88	160	258
UniRef90_A0A087V3G5	66.25	160	258
UniRef90_UPI0005284B88	66.04	160	256
UniRef90_G3WNV3	70.89	160	473
UniRef90_A0A087QT57	65.00	160	258
UniRef90_A0A093S4U1	66.25	160	258
UniRef90_Q6DF35	65.00	160	259
UniRef90_Q98858	66.88	160	469
UniRef90_A0A091QDM5	65.62	160	258
UniRef90_A0A093JK05	65.00	160	258
UniRef90_Q5D711	66.88	160	469
UniRef90_Q4QQQ9	63.75	160	261
UniRef90_A0A091SGG1	65.00	160	258
UniRef90_G5E3L6	63.12	160	171
UniRef90_A0A094LER0	65.00	160	258
UniRef90_A0A091QAL7	65.00	160	258
UniRef90_Q5D714	66.88	160	484
UniRef90_F6UAA1	66.25	160	474
UniRef90_A0A091FKV0	65.00	160	258
UniRef90_Q7SZS8	63.12	160	258
UniRef90_A0A091MNA1	65.00	160	258
UniRef90_Q7ZTI9	63.12	160	259
UniRef90_A0A091LUM0	64.38	160	258
UniRef90_A0A093ELW6	62.50	160	258
UniRef90_A0A091ETF1	65.00	160	260
UniRef90_A0A091RY30	63.12	160	258
UniRef90_UPI00042C19DA	65.00	160	477
UniRef90_A0A093GL42	65.00	160	258
UniRef90_A0A091JBS2	63.75	160	258
UniRef90_F6SSU7	67.09	160	472
UniRef90_Q5U548	65.00	160	466
UniRef90_UPI0003C27236	67.50	160	479
UniRef90_UPI0005204C6F	62.89	160	260
UniRef90_A0A093Q0Q9	64.38	160	258
UniRef90_UPI0006441124	67.09	160	406
UniRef90_A0A091WDT2	62.50	160	257
UniRef90_UPI00034F6B51	62.50	160	260
UniRef90_UPI00038725AE	64.38	160	327
UniRef90_H1A515	65.62	160	258
UniRef90_A0A091GMI9	64.38	160	258
UniRef90_C1BJT2	62.89	160	470
UniRef90_K7GCD9	67.09	160	476
UniRef90_UPI0004572545	64.97	160	422
UniRef90_A0A091GWR4	63.12	160	467
UniRef90_Q7SZT5	63.12	160	259
UniRef90_H3B0B6	65.61	160	475
UniRef90_UPI0003F0B402	64.38	160	579
UniRef90_I3JCK2	63.69	160	460
UniRef90_UPI0006B07893	63.75	160	263
UniRef90_Q5D712	65.62	160	469
UniRef90_UPI0006B107F6	66.88	160	500
UniRef90_UPI0003F06C99	62.50	160	479
UniRef90_Q7SYX1	64.38	160	466
UniRef90_A0A093KAS9	62.50	160	258
UniRef90_UPI0006B1E4C1	65.61	160	484
UniRef90_UPI00051CA9AD	64.38	160	338
UniRef90_UPI0006B20A59	64.60	160	469
UniRef90_UPI00063F0EFB	63.69	160	386
UniRef90_UPI000523390D	65.62	160	476
UniRef90_M3VU49	65.61	160	471
UniRef90_UPI00053084CC	61.64	160	256
UniRef90_Q5ZMQ8	63.12	160	263
UniRef90_UPI00038719E8	65.62	160	499
UniRef90_A0A091K771	62.50	160	258
UniRef90_F6UQK1	62.18	160	228
UniRef90_H0UTG1	64.33	160	455
UniRef90_UPI0003317034	64.97	160	470
UniRef90_A0A099ZEK1	63.12	160	258
UniRef90_UPI000644C394	65.82	160	346
UniRef90_G3T4Y0	63.12	160	474
UniRef90_UPI000333F8E5	66.24	160	472
UniRef90_UPI00038BF05C	63.69	160	444
UniRef90_F1CG30	65.00	160	481
UniRef90_UPI0003314FFD	62.50	160	468
UniRef90_UPI0003F0868A	64.15	160	515
UniRef90_I3MBY3	63.69	160	470
UniRef90_UPI0002C63125	64.20	160	472
UniRef90_A0A091M2B3	65.41	160	429
UniRef90_F7B3D4	64.38	160	476
UniRef90_W5LZB1	61.88	160	211
UniRef90_P45452	63.69	160	471
UniRef90_O62806	63.69	160	471
UniRef90_UPI000521CAD8	64.38	160	357
UniRef90_UPI00052969C5	62.26	160	324
UniRef90_H2NF36	63.69	160	471
UniRef90_A0A091WFE4	64.38	160	366
UniRef90_M7BQH2	64.33	160	446
UniRef90_W5P4C9	63.12	160	470
UniRef90_G1KMJ5	63.35	160	468
UniRef90_A0A091IBN0	63.46	160	259
UniRef90_A0A093EP58	65.41	160	429
UniRef90_O77656	63.69	160	471
UniRef90_UPI0003C29AE5	60.62	160	263
UniRef90_A0A093I0I8	65.41	160	469
UniRef90_K7GBY7	64.33	160	472
UniRef90_UPI0004ED1D27	64.97	160	474
UniRef90_A0A091FG34	64.78	160	372
UniRef90_UPI0005206A9E	62.50	160	280
UniRef90_P33435	62.42	160	472
UniRef90_UPI00051E205B	65.00	160	480
UniRef90_UPI00051C8C46	65.00	160	476
UniRef90_UPI000441DC16	64.97	160	471
UniRef90_O18927	64.33	160	472
UniRef90_F7I7P8	63.06	160	474
UniRef90_A0A091UR81	61.25	160	258
UniRef90_UPI0003C82395	62.50	160	470
UniRef90_M3XJA2	64.33	160	466
UniRef90_UPI000388D5E9	61.88	160	467
UniRef90_A0A093I6E5	64.10	160	474
UniRef90_G1NQJ3	63.06	160	378
UniRef90_UPI00063F53B8	60.62	160	430
UniRef90_A0A091L2R8	64.78	160	429
UniRef90_A0A099ZHD0	63.06	160	460
UniRef90_H3AYT2	61.15	160	467
UniRef90_UPI0003F095D0	63.12	160	474
UniRef90_UPI00023ACEA4	61.01	160	264
UniRef90_G3WPX6	63.69	160	474
UniRef90_UPI0003990CDA	65.00	160	478
UniRef90_UPI00052353DE	65.00	160	476
UniRef90_G1KMI9	63.69	160	473
UniRef90_UPI0003EA8F1B	61.88	160	322
UniRef90_UPI000522C847	64.38	160	478
UniRef90_UPI0004ED0395	62.42	160	478
UniRef90_H3B288	61.25	160	475
UniRef90_UPI00067FCF67	60.62	160	263
UniRef90_F7EJ90	62.18	160	438
UniRef90_E1C9E0	65.00	160	496
UniRef90_G3SNY5	61.25	160	465
UniRef90_R4GGH6	63.75	160	479
UniRef90_UPI0004EFD5EB	63.75	160	506
UniRef90_R0KCA4	64.15	160	475
UniRef90_G3Q9P8	62.89	160	485
UniRef90_A0A091GTD8	63.75	160	473
UniRef90_UPI00022B5040	63.58	160	511
UniRef90_UPI000523CE28	64.38	160	503
UniRef90_A0A091MJS7	64.15	160	467
UniRef90_H0ZR67	65.62	160	443
UniRef90_A0A087XIG4	61.15	160	485
UniRef90_UPI000328EB66	63.75	160	470
UniRef90_A0A0F8ADJ3	63.29	160	456
UniRef90_F6UAM2	62.35	160	497
UniRef90_UPI0006D91DB4	63.92	160	469
UniRef90_P21692	61.25	160	469
UniRef90_UPI000529ED72	63.12	160	503
UniRef90_U3JCA3	63.12	160	502
UniRef90_U3IGR3	64.15	160	487
UniRef90_UPI00053261F3	63.35	160	477
UniRef90_G1KMJ3	60.00	160	488
UniRef90_UPI0005238C73	61.88	160	259
UniRef90_Q7T0K9	61.15	160	223
UniRef90_UPI000496A6E4	61.15	160	471
UniRef90_A0A091NB60	64.78	160	462
UniRef90_UPI0005D036FD	60.62	160	315
UniRef90_A0A093PT98	63.52	160	468
UniRef90_UPI0006EB13B1	62.42	160	471
UniRef90_UPI0006B19507	60.76	160	445
UniRef90_UPI000529E2B0	63.12	160	412
UniRef90_UPI0003F08A6E	61.15	160	478
UniRef90_UPI0004545104	61.25	160	464
UniRef90_L9KQE4	60.00	160	433
UniRef90_F6WL75	61.25	160	469
UniRef90_UPI0006B3B54D	63.29	160	302
UniRef90_L9KR37	62.42	160	497
UniRef90_M3WEA4	60.00	160	470
UniRef90_H0ZR64	62.42	160	466
UniRef90_A0A093CWF4	63.46	160	467
UniRef90_UPI0002C45E80	60.62	160	471
UniRef90_UPI000328C96F	61.25	160	468
UniRef90_A0A091K3X3	62.89	160	468
UniRef90_UPI00042C7CE1	59.75	160	261
UniRef90_Q28IS0	61.73	160	467
UniRef90_Q4AED4	62.03	160	470
UniRef90_F7E2V0	61.25	160	434
UniRef90_UPI00042AC48C	61.88	160	462
UniRef90_UPI00034FDC3F	61.73	160	382
UniRef90_UPI00042BC04C	65.19	160	1089
UniRef90_UPI00042BC04C	60.62	160	1089
UniRef90_UPI0003F176CA	61.39	160	473
UniRef90_A0A087VAR9	63.52	160	464
UniRef90_F7DGQ3	59.38	160	305
UniRef90_UPI000650AC1A	61.25	160	453
UniRef90_G3GUV3	60.62	160	464
UniRef90_I3MBX4	62.96	160	479
UniRef90_A0A091NRP8	60.62	160	256
UniRef90_UPI0006B33643	61.78	160	460
UniRef90_K7GCP5	60.62	160	494
UniRef90_G5BUC4	58.79	160	446
UniRef90_UPI000528907C	63.12	160	479
UniRef90_UPI0004423659	62.11	160	402
UniRef90_H0X272	59.38	160	468
UniRef90_UPI0003C8E218	60.00	160	468
UniRef90_Q9XSZ5	61.25	160	469
UniRef90_UPI0005234329	60.00	160	271
UniRef90_A0A093G5X6	63.12	160	435
UniRef90_A0A0K8R5N1	61.25	160	353
UniRef90_UPI000644A609	61.15	160	459
UniRef90_UPI0004BFD728	58.75	160	209
UniRef90_W5KW61	63.92	160	462
UniRef90_F1QFZ8	61.78	160	466
UniRef90_F1MU56	61.64	160	267
UniRef90_UPI0003C2A993	63.92	160	478
UniRef90_P03956	61.25	160	469
UniRef90_M7CBA3	60.62	160	263
UniRef90_A0A091M5P3	61.25	160	468
UniRef90_K7GD27	60.00	160	263
UniRef90_UPI000650C281	63.92	160	467
UniRef90_UPI00038ED1E3	61.64	160	270
UniRef90_G3N0J0	61.25	160	468
UniRef90_R0M5S6	61.25	160	206
UniRef90_G1LUN4	61.49	160	471
UniRef90_UPI0003F14A05	60.00	160	470
UniRef90_UPI0006EAEE12	60.00	160	400
UniRef90_A0A096NQR7	59.38	160	467
UniRef90_A0A093SB21	61.25	160	467
UniRef90_UPI00052E9D12	65.00	160	503
UniRef90_A0A0E9X8I8	62.66	160	471
UniRef90_UPI0005768A36	61.64	160	305
UniRef90_I3MBV7	60.49	160	468
UniRef90_U3IDN8	61.73	160	265
UniRef90_UPI0003F0EF40	60.00	160	469
UniRef90_S9Y7F5	58.75	160	436
UniRef90_A0A093GBR9	61.88	160	467
UniRef90_UPI0003871BA7	60.62	160	465
UniRef90_UPI00045E3967	61.25	160	471
UniRef90_Q9I956	63.06	160	462
UniRef90_W5LYY3	63.69	160	474
UniRef90_UPI00063F0265	60.00	160	469
UniRef90_UPI000441FFF1	60.38	160	441
UniRef90_Q98859	61.78	160	471
UniRef90_I3KFV7	63.92	160	476
UniRef90_UPI00038F1541	62.35	160	511
UniRef90_UPI0004D0ACD3	88.35	160	208
UniRef90_A0A091JCZ4	60.62	160	467
UniRef90_UPI00045478D4	60.62	160	469
UniRef90_A0A091EXW4	62.82	160	461
UniRef90_UPI00032AD59A	60.62	160	468
UniRef90_UPI0006B81A9D	58.75	160	262
UniRef90_Q8BJC0	61.54	160	339
UniRef90_A0A091DS79	60.62	160	304
UniRef90_UPI0006B32818	62.66	160	427
UniRef90_UPI0003F16645	60.62	160	468
UniRef90_UPI0004F109A4	61.64	160	318
UniRef90_B2RFN4	62.03	160	269
UniRef90_UPI0002C595EB	58.49	160	268
UniRef90_A0A099ZCP0	64.78	160	465
UniRef90_UPI0003C25C56	59.38	160	466
UniRef90_P39900	60.00	160	470
UniRef90_L5KYH7	60.00	160	470
UniRef90_V8NUV1	62.11	160	404
UniRef90_UPI000497D7B5	63.29	160	474
UniRef90_UPI0003346250	60.00	160	465
UniRef90_U3JCA0	64.38	160	477
UniRef90_UPI0003F0F04B	60.90	160	469
UniRef90_A0A0F8BJ25	62.66	160	474
UniRef90_UPI0004F012F4	60.00	160	466
UniRef90_H0X275	61.25	160	468
UniRef90_UPI0005BE3493	85.71	160	387
UniRef90_UPI000557EE96	61.15	160	464
UniRef90_UPI0005F58357	60.62	160	425
UniRef90_UPI0004A35DE9	63.29	160	330
UniRef90_UPI0003C8F398	61.25	160	468
UniRef90_G5BUC1	61.73	160	511
UniRef90_UPI0004D052B2	60.38	160	267
UniRef90_Q10835	59.87	160	469
UniRef90_UPI0004973339	60.51	160	464
UniRef90_W5LZ95	59.62	160	259
UniRef90_A0A0B5D1B3	60.76	160	471
UniRef90_A0A091PTW5	60.62	160	467
UniRef90_UPI00032B167F	60.62	160	408
UniRef90_A0A091Q6G1	60.62	160	468
UniRef90_E2R288	58.23	160	267
UniRef90_Q63341	61.78	160	465
UniRef90_UPI00062A7721	61.96	160	504
UniRef90_UPI0004D0A3A8	60.00	160	468
UniRef90_I2ALK6	61.78	160	459
UniRef90_K7GD19	60.00	160	470
UniRef90_A0A091FIB4	62.89	160	463
UniRef90_UPI00065E25FF	61.25	160	330
UniRef90_UPI0003333FE6	58.13	160	468
UniRef90_UPI000443CAE6	63.92	160	484
UniRef90_UPI00046C3791	64.71	160	413
UniRef90_UPI000441BD0A	61.78	160	366
UniRef90_A0A0F8ASS3	64.15	160	474
UniRef90_F6WLV8	62.11	160	472
UniRef90_A0A060XRE1	59.87	160	321
UniRef90_UPI00052341B0	60.00	160	466
UniRef90_F1NZ56	60.51	160	471
UniRef90_Q9H306	60.62	160	513
UniRef90_G1PAZ7	57.50	160	468
UniRef90_P34960	61.78	160	473
UniRef90_H3B6G2	58.13	160	264
UniRef90_UPI000444233D	60.00	160	470
UniRef90_D2HIH2	60.13	160	442
UniRef90_G3WLP3	59.38	160	480
UniRef90_UPI00054BE420	62.03	160	474
UniRef90_UPI00051509C5	60.00	160	466
UniRef90_UPI0003C10D28	57.50	160	204
UniRef90_Q6DCN8	58.64	160	458
UniRef90_UPI0003343432	60.00	160	468
UniRef90_F7B3E4	62.66	160	474
UniRef90_U3JC75	60.62	160	266
UniRef90_UPI000575F6EA	61.78	160	466
UniRef90_UPI00038EC1CC	58.79	160	473
UniRef90_H0ZR75	61.49	160	468
UniRef90_A0A0F8CKA0	59.24	160	467
UniRef90_A0A099ZGP3	60.12	160	471
UniRef90_A0A091RET0	61.25	160	467
UniRef90_UPI0003D0D27A	59.38	160	396
UniRef90_UPI0004ED4218	58.75	160	469
UniRef90_UPI0004544120	60.38	160	267
UniRef90_UPI00064446C4	60.76	160	470
UniRef90_UPI00046B4CC1	58.13	160	465
UniRef90_UPI0003EDC72C	59.38	160	470
UniRef90_UPI00064374A0	61.49	160	511
UniRef90_UPI0004F0C4FC	60.62	160	466
UniRef90_Q9GKE1	60.62	160	512
UniRef90_UPI0005402DBC	59.38	160	470
UniRef90_UPI0002C424F0	59.38	160	468
UniRef90_G1KMK4	60.00	160	265
UniRef90_F7DLE7	59.49	160	462
UniRef90_UPI00063F1719	60.00	160	268
UniRef90_UPI0002ADBA0E	59.49	160	434
UniRef90_P79227	58.75	160	464
UniRef90_Q9XSF7	80.53	160	182
UniRef90_E1C9D9	60.00	160	466
UniRef90_A0A060W6E4	59.87	160	464
UniRef90_UPI0002BCF766	56.88	160	468
UniRef90_A0A093I8F7	59.38	160	468
UniRef90_UPI000644DFF9	60.76	160	474
UniRef90_UPI0003BBCBD7	57.50	160	475
UniRef90_UPI000328B2B9	61.49	160	512
UniRef90_G5BUC2	59.38	160	470
UniRef90_UPI0003F136B6	57.14	160	266
UniRef90_O13065	61.54	160	467
UniRef90_F1SV57	61.25	160	466
UniRef90_M3Y643	60.62	160	493
UniRef90_G1SEQ5	60.62	160	527
UniRef90_UPI0003F1632E	61.25	160	513
UniRef90_Q6Y9S6	57.69	160	237
UniRef90_F7DGW0	59.12	160	479
UniRef90_UPI00064FAB0E	58.13	160	400
UniRef90_UPI0004ED4536	57.59	160	467
UniRef90_A0A091ICN7	58.75	160	467
UniRef90_W5LYS5	57.96	160	478
UniRef90_M7BJ81	60.62	160	2201
UniRef90_M7BJ81	58.75	160	2201
UniRef90_M7BJ81	63.81	160	2201
UniRef90_M7BJ81	68.82	160	2201
UniRef90_M7BJ81	67.74	160	2201
UniRef90_U6CUP9	56.60	160	267
UniRef90_I3MBS7	62.73	160	507
UniRef90_UPI00038EB1C6	58.75	160	468
UniRef90_UPI0004A33440	64.56	160	1015
UniRef90_UPI0004A33440	51.88	160	1015
UniRef90_G1LU30	57.59	160	267
UniRef90_UPI0002C64506	60.00	160	469
UniRef90_UPI000443BB01	58.75	160	465
UniRef90_H0VPL5	60.62	160	468
UniRef90_F1PFP6	60.62	160	479
UniRef90_F1PVR0	56.88	160	476
UniRef90_W5LZ75	59.87	160	476
UniRef90_H2MHK5	59.87	160	473
UniRef90_O70138	58.13	160	465
UniRef90_UPI0003336C65	59.38	160	471
UniRef90_UPI00032AD6E3	61.88	160	513
UniRef90_UPI0006437CF5	56.52	160	277
UniRef90_F6X261	59.38	160	481
UniRef90_UPI00064B4766	61.25	160	530
UniRef90_I3KFV5	62.03	160	476
UniRef90_UPI0004D048B7	58.13	160	267
UniRef90_UPI00051FF6CA	60.76	160	411
UniRef90_H3B3S8	59.49	160	447
UniRef90_UPI00054F11F3	59.49	160	408
UniRef90_UPI0006521FCB	60.62	160	468
UniRef90_Q865V8	65.41	160	174
UniRef90_UPI0003EE04C0	57.23	160	274
UniRef90_UPI00064418B6	60.51	160	465
UniRef90_Q9DEE0	60.76	160	475
UniRef90_UPI00046B52F8	61.49	160	513
UniRef90_UPI00045E43BD	60.25	160	509
UniRef90_UPI00038C49F6	58.75	160	469
UniRef90_I3MBT4	59.62	160	466
UniRef90_A0A091EX43	59.75	160	400
UniRef90_UPI00046B2BAE	58.75	160	468
UniRef90_J9NZI8	59.24	160	465
UniRef90_UPI0003F18B31	60.25	160	512
UniRef90_B5X4P7	59.49	160	473
UniRef90_W5KG83	62.03	160	471
UniRef90_UPI0006B20175	59.38	160	463
UniRef90_UPI0003EBFEB8	60.62	160	461
UniRef90_A0A061I684	60.62	160	1009
UniRef90_A0A061I684	61.11	160	1009
UniRef90_F1PVQ8	59.24	160	505
UniRef90_UPI0006D90C17	62.66	160	415
UniRef90_P13943	58.75	160	468
UniRef90_UPI000333C0F3	60.25	160	503
UniRef90_UPI00066105CA	59.49	160	244
UniRef90_G1PD04	59.38	160	468
UniRef90_UPI0004D04BAA	60.00	160	470
UniRef90_H0XCW8	56.25	160	465
UniRef90_G5BUC6	60.26	160	403
UniRef90_A5PJJ3	60.00	160	510
UniRef90_UPI000333ADA8	59.12	160	267
UniRef90_A0A0F8ABJ8	60.76	160	474
UniRef90_UPI00038BCF4D	61.78	160	463
UniRef90_W5P6G5	60.25	160	511
UniRef90_UPI0004954450	62.03	160	474
UniRef90_UPI00063F1E18	56.25	160	465
UniRef90_UPI000661AFCE	60.13	160	473
UniRef90_UPI000651A1E9	58.02	160	265
UniRef90_UPI0003318C1D	58.75	160	463
UniRef90_A0A094KM60	57.50	160	226
UniRef90_F1SV69	57.50	160	468
UniRef90_UPI00045E5423	59.38	160	472
UniRef90_A0A098LYR8	60.00	160	263
UniRef90_UPI0003339F37	88.75	160	476
UniRef90_P08254	100.00	160	477
UniRef90_P28863	89.38	160	478
UniRef90_L9KUT2	85.00	160	476
UniRef90_L5KZD9	85.00	160	358
UniRef90_I3MBW6	88.20	160	480
UniRef90_UPI00038EFDA5	85.62	160	478
UniRef90_A0A091D561	81.25	160	380
UniRef90_UPI000703F04C	85.62	160	339
UniRef90_UPI00018BDB9B	83.75	160	477
UniRef90_UPI00038F143F	88.12	160	476
UniRef90_P09238	86.25	160	476
UniRef90_S9WWT6	83.75	160	408
UniRef90_UPI00045E04E7	87.50	160	477
UniRef90_L5L0F0	85.00	160	468
UniRef90_UPI00022B55BA	83.75	160	477
UniRef90_H0X273	87.65	160	479
UniRef90_F7IPB7	91.88	160	477
UniRef90_UPI00018B98E0	89.38	160	477
UniRef90_UPI00035091E2	81.25	160	479
UniRef90_P28862	83.75	160	477
UniRef90_UPI0003F128A5	85.00	160	473
UniRef90_UPI0002C45547	84.38	160	475
UniRef90_G1TEU2	81.88	160	477
UniRef90_Q6Y4Q5	83.12	160	478
UniRef90_G5BUC5	86.16	160	471
UniRef90_G3T4X3	85.09	160	480
UniRef90_UPI000333B436	81.25	160	489
UniRef90_UPI0002C337E1	83.12	160	492
UniRef90_UPI0004D0723E	86.08	160	476
UniRef90_UPI0003F16105	85.00	160	474
UniRef90_A0A091GWR4	63.12	160	467
UniRef90_F1SV58	81.25	160	477
UniRef90_UPI0004ED0BAA	82.50	160	476
UniRef90_G5BUC3	82.50	160	475
UniRef90_UPI0003316C63	81.88	160	477
UniRef90_UPI00042AE03D	87.50	160	478
UniRef90_UPI0002C46802	84.38	160	476
UniRef90_UPI00042C5F41	82.50	160	479
UniRef90_Q5U548	64.38	160	466
UniRef90_UPI00042A9F03	81.25	160	476
UniRef90_UPI00038BDC66	84.38	160	476
UniRef90_UPI0003F15192	83.75	160	476
UniRef90_UPI00032B056D	85.00	160	477
UniRef90_W5P4V3	85.00	160	479
UniRef90_G3TPE1	85.53	160	476
UniRef90_A0A0H5AU05	83.12	160	380
UniRef90_P21692	61.25	160	469
UniRef90_H0X268	84.47	160	478
UniRef90_UPI00065070D1	83.85	160	475
UniRef90_M3WNA2	84.38	160	481
UniRef90_UPI000388D5E9	61.88	160	467
UniRef90_G1NUJ6	84.38	160	476
UniRef90_UPI000332F140	81.25	160	477
UniRef90_L8J4P8	82.50	160	447
UniRef90_G3WNV3	70.44	160	473
UniRef90_A0A099ZEK1	63.12	160	258
UniRef90_Q5D711	66.88	160	469
UniRef90_UPI0006521622	79.11	160	479
UniRef90_F6UAA1	65.62	160	474
UniRef90_A0A091JCZ4	60.62	160	467
UniRef90_UPI0003F07346	82.50	160	477
UniRef90_Q7SYX1	63.12	160	466
UniRef90_F6V381	82.50	160	477
UniRef90_F6SSU7	66.67	160	472
UniRef90_A0A091JBS2	63.75	160	258
UniRef90_UPI00063FC95E	85.00	160	477
UniRef90_UPI00033479CD	83.12	160	473
UniRef90_UPI0000F62601	80.00	160	476
UniRef90_P03957	82.50	160	475
UniRef90_S9Y7F5	58.75	160	436
UniRef90_Q4QQQ9	63.75	160	261
UniRef90_Q98858	66.88	160	469
UniRef90_UPI00038C0386	77.50	160	477
UniRef90_A0A091SGG1	65.00	160	258
UniRef90_UPI000333C35D	81.88	160	474
UniRef90_K7GD19	60.00	160	470
UniRef90_Q9XSZ5	61.25	160	469
UniRef90_A0A087V3G5	66.25	160	258
UniRef90_UPI00063F53B8	60.62	160	430
UniRef90_UPI00045D8B86	81.88	160	476
UniRef90_A0A091M5P3	61.25	160	468
UniRef90_UPI00052969C5	62.26	160	324
UniRef90_UPI000328C96F	61.25	160	468
UniRef90_L9KR42	77.50	160	384
UniRef90_UPI0002C57263	81.88	160	476
UniRef90_UPI0002C6599C	79.38	160	475
UniRef90_UPI00042C7CE1	59.75	160	261
UniRef90_UPI00032B03A4	77.50	160	477
UniRef90_A0A091QAL7	65.00	160	258
UniRef90_A0A091FKV0	64.38	160	258
UniRef90_A0A093JK05	65.00	160	258
UniRef90_A0A091GMI9	64.38	160	258
UniRef90_A0A087QT57	65.00	160	258
UniRef90_O55123	77.50	160	476
UniRef90_UPI0003D0D27A	59.38	160	396
UniRef90_A0A091Q6G1	60.62	160	468
UniRef90_UPI0003871BA7	60.62	160	465
UniRef90_Q5D712	65.62	160	469
UniRef90_Q6DF35	64.38	160	259
UniRef90_M3WEA4	59.38	160	470
UniRef90_A0A093SB21	61.25	160	467
UniRef90_UPI00051CA9AD	62.73	160	338
UniRef90_UPI0003F14A05	60.00	160	470
UniRef90_UPI0006EAEE12	60.00	160	400
UniRef90_UPI00038725AE	64.78	160	327
UniRef90_UPI0003F06ACE	79.38	160	476
UniRef90_G3SNY5	61.25	160	465
UniRef90_A0A091K771	62.50	160	258
UniRef90_A0A061I711	77.50	160	393
UniRef90_UPI0004ED2D6A	75.62	160	476
UniRef90_L9KQE4	60.00	160	433
UniRef90_UPI00046BC6E3	88.61	160	476
UniRef90_I3MBU5	77.36	160	375
UniRef90_A0A093S4U1	66.25	160	258
UniRef90_Q7SZS8	63.12	160	258
UniRef90_A0A094LER0	65.00	160	258
UniRef90_UPI00051509C5	60.00	160	466
UniRef90_UPI00038C0F69	73.75	160	477
UniRef90_UPI000643DC79	81.25	160	489
UniRef90_M3WNA6	80.62	160	478
UniRef90_I3MBV7	60.49	160	468
UniRef90_F7DGQ3	59.38	160	305
UniRef90_UPI00033349D5	76.25	160	469
UniRef90_UPI00034F6B51	62.50	160	260
UniRef90_UPI0003C8D7DE	77.50	160	475
UniRef90_A0A091RET0	61.25	160	467
UniRef90_M3Y658	80.00	160	476
UniRef90_UPI0002C64506	60.00	160	469
UniRef90_Q5ZMQ8	63.12	160	263
UniRef90_UPI0004BFD728	58.75	160	209
UniRef90_H0ZR75	60.00	160	468
UniRef90_UPI0004D0A3A8	60.00	160	468
UniRef90_P03956	61.25	160	469
UniRef90_UPI000333E46C	79.38	160	476
UniRef90_A0A093Q0Q9	64.38	160	258
UniRef90_A0A093GBR9	61.88	160	467
UniRef90_A0A091PTW5	60.62	160	467
UniRef90_UPI0003C8E218	60.00	160	468
UniRef90_U6DJE4	55.62	160	265
UniRef90_UPI0003343432	60.00	160	468
UniRef90_F7E2V0	61.25	160	434
UniRef90_H3B288	61.25	160	475
UniRef90_E1C9D9	60.00	160	466
UniRef90_G1LUK6	78.12	160	481
UniRef90_UPI0004F0C4FC	60.62	160	466
UniRef90_G3T4Y0	63.12	160	474
UniRef90_A0A093GL42	65.00	160	258
UniRef90_UPI000328984D	78.12	160	483
UniRef90_UPI000328CDCC	76.25	160	476
UniRef90_G1LUN4	61.49	160	471
UniRef90_F6W5H0	75.47	160	490
UniRef90_UPI0005284B88	66.04	160	256
UniRef90_D2HIH1	78.12	160	477
UniRef90_UPI000644C394	65.82	160	346
UniRef90_P28053	60.00	160	469
UniRef90_F6WL75	61.25	160	469
UniRef90_UPI00045E3967	61.25	160	471
UniRef90_UPI00063F0265	59.38	160	469
UniRef90_UPI0004545104	61.25	160	464
UniRef90_UPI0006B20A59	64.60	160	469
UniRef90_UPI000328EB66	63.75	160	470
UniRef90_A0A091ICN7	58.75	160	467
UniRef90_H0X272	59.38	160	468
UniRef90_F7B3D4	63.75	160	476
UniRef90_UPI0003C25C56	59.38	160	466
UniRef90_F1PVQ8	59.62	160	505
UniRef90_UPI00032B167F	60.62	160	408
UniRef90_Q28397	81.25	160	477
UniRef90_UPI0003C82395	62.50	160	470
UniRef90_UPI0003EDC72C	59.38	160	470
UniRef90_UPI0002C45E80	60.62	160	471
UniRef90_Q5D714	66.88	160	484
UniRef90_A0A091RY30	63.12	160	258
UniRef90_UPI0006441124	67.09	160	406
UniRef90_UPI0002C56C6E	56.25	160	400
UniRef90_UPI0003C8F398	61.25	160	468
UniRef90_P13943	58.75	160	468
UniRef90_L5KYH7	60.00	160	470
UniRef90_H1A515	65.00	160	258
UniRef90_A0A093KAS9	62.50	160	258
UniRef90_UPI00023ACEA4	61.01	160	264
UniRef90_F1PVR0	56.88	160	476
UniRef90_Q7ZTI9	62.50	160	259
UniRef90_K7GD27	60.38	160	263
UniRef90_G1LUC1	55.62	160	468
UniRef90_UPI00052341B0	60.00	160	466
UniRef90_G1KMJ5	63.35	160	468
UniRef90_UPI0006B07893	63.75	160	263
UniRef90_A0A091LUM0	64.38	160	258
UniRef90_M7CBA3	60.62	160	263
UniRef90_G1PD04	59.38	160	468
UniRef90_J9NZI8	59.62	160	465
UniRef90_M3Y643	60.62	160	493
UniRef90_UPI00046B64EC	60.00	160	470
UniRef90_A0A093I8F7	59.38	160	468
UniRef90_F6UQK1	60.00	160	228
UniRef90_A0A099ZGP3	60.12	160	471
UniRef90_W5LYY3	63.12	160	474
UniRef90_A0A0A0AS53	66.88	160	258
UniRef90_UPI00042BC04C	60.62	160	1089
UniRef90_UPI00042BC04C	64.78	160	1089
UniRef90_UPI0003F16645	60.62	160	468
UniRef90_I3MBX4	62.35	160	479
UniRef90_G5BUC2	59.38	160	470
UniRef90_A0A093ELW6	62.50	160	258
UniRef90_UPI00046B4CC1	58.13	160	465
UniRef90_H3B6G2	58.13	160	264
UniRef90_Q28IS0	62.11	160	467
UniRef90_K7GBY7	63.06	160	472
UniRef90_F7EJ90	60.00	160	438
UniRef90_P07152	75.62	160	476
UniRef90_F7DGW0	59.12	160	479
UniRef90_A0A099ZHD0	63.06	160	460
UniRef90_UPI0005206A9E	60.87	160	280
UniRef90_A0A091QDM5	65.62	160	258
UniRef90_A0A091ETF1	65.00	160	260
UniRef90_UPI0003F0EF40	60.00	160	469
UniRef90_UPI0003314FFD	62.50	160	468
UniRef90_G3GUV4	78.12	160	966
UniRef90_G3GUV4	61.25	160	966
UniRef90_G3GUV4	62.24	160	966
UniRef90_D2HIH2	60.13	160	442
UniRef90_UPI0003EBD0E1	82.50	160	498
UniRef90_UPI0006521FCB	60.62	160	468
UniRef90_C1BJT2	62.50	160	470
UniRef90_M3Y678	55.62	160	473
UniRef90_A0A0K8R5N1	61.25	160	353
UniRef90_G3WMF5	58.13	160	473
UniRef90_F1PFP6	60.62	160	479
UniRef90_P79227	58.75	160	464
UniRef90_UPI0005204C6F	62.89	160	260
UniRef90_UPI0003EDD956	76.88	160	486
UniRef90_G1PAZ7	57.50	160	468
UniRef90_UPI0002C424F0	59.38	160	468
UniRef90_UPI00042C19DA	65.00	160	477
UniRef90_UPI0004EFD5EB	62.11	160	506
UniRef90_UPI0002BCF766	56.88	160	468
UniRef90_UPI0003317034	64.97	160	470
UniRef90_UPI0003336C65	59.38	160	471
UniRef90_G3GUV3	60.62	160	464
UniRef90_A0A098LYR8	60.00	160	263
UniRef90_UPI000444233D	60.00	160	470
UniRef90_A0A091WDT2	62.50	160	257
UniRef90_A0A096NQR7	59.38	160	467
UniRef90_UPI0003BBCBD7	57.50	160	475
UniRef90_UPI0004A35DE9	63.29	160	330
UniRef90_UPI000661AFCE	59.38	160	473
UniRef90_UPI0005402DBC	59.38	160	470
UniRef90_UPI0004423659	62.11	160	402
UniRef90_I3MBT4	59.38	160	466
UniRef90_UPI00063F0EFB	63.69	160	386
UniRef90_UPI0006B32818	62.66	160	427
UniRef90_Q7T0K9	61.15	160	223
UniRef90_UPI00038EB1C6	58.75	160	468
UniRef90_M7BQH2	63.06	160	446
UniRef90_UPI0006EB13B1	62.42	160	471
UniRef90_V8NUV1	62.11	160	404
UniRef90_H3AYT2	61.15	160	467
UniRef90_UPI000650AC1A	61.25	160	453
UniRef90_M3WNA1	58.02	160	473
UniRef90_G3WLP3	59.38	160	480
UniRef90_UPI0003346250	60.00	160	465
UniRef90_A0A091UR81	61.25	160	258
UniRef90_UPI00045E5423	59.38	160	472
UniRef90_UPI00032AD59A	60.62	160	468
UniRef90_UPI0006D90C17	62.66	160	415
UniRef90_A0A091MNA1	65.00	160	258
UniRef90_A0A093I6E5	64.10	160	474
UniRef90_UPI00042AC48C	61.25	160	462
UniRef90_A0A0F8BJ25	62.66	160	474
UniRef90_UPI0003318C1D	58.75	160	463
UniRef90_Q7SZT5	63.12	160	259
UniRef90_UPI00067FCF67	60.62	160	263
UniRef90_UPI0004F012F4	60.00	160	466
UniRef90_O13065	60.90	160	467
UniRef90_G1NQJ3	63.06	160	378
UniRef90_UPI0005238C73	61.88	160	259
UniRef90_H0VPL5	60.62	160	468
UniRef90_H0UTG1	64.33	160	455
UniRef90_UPI00063CF32B	77.50	160	477
UniRef90_UPI000521CAD8	64.38	160	357
UniRef90_H7C1M3	55.62	160	344
UniRef90_UPI00063C30FB	59.24	160	466
UniRef90_UPI00046B2BAE	58.75	160	468
UniRef90_H3B0B6	65.61	160	475
UniRef90_A0A091NRP8	60.62	160	256
UniRef90_H0XCW8	56.25	160	465
UniRef90_UPI00038719E8	63.98	160	499
UniRef90_UPI0006B107F6	65.22	160	500
UniRef90_A0A093PT98	61.88	160	468
UniRef90_UPI000441DC16	63.69	160	471
UniRef90_M3XJA2	64.33	160	466
UniRef90_O62806	63.69	160	471
UniRef90_UPI00063F1E18	56.25	160	465
UniRef90_UPI000523CE28	62.73	160	503
UniRef90_UPI0004ED1D27	63.69	160	474
UniRef90_UPI0003C8C599	58.49	160	467
UniRef90_UPI0004ED0395	62.42	160	478
UniRef90_G1KMI9	62.42	160	473
UniRef90_O70138	58.13	160	465
UniRef90_O18927	64.33	160	472
UniRef90_UPI0004ED4218	58.75	160	469
UniRef90_UPI0003C10D28	57.50	160	204
UniRef90_I3KFV7	63.92	160	476
UniRef90_UPI00018B6038	58.13	160	470
UniRef90_F6WLV8	62.11	160	472
UniRef90_G3WNE3	75.47	160	474
UniRef90_A0A093CWF4	63.46	160	467
UniRef90_UPI0003D0F4B5	58.13	160	466
UniRef90_UPI00045478D4	60.62	160	469
UniRef90_UPI000529ED72	61.49	160	503
UniRef90_P33435	62.42	160	472
UniRef90_UPI00054BE420	62.03	160	474
UniRef90_O77656	63.69	160	471
UniRef90_A0A0F8ASS3	63.75	160	474
UniRef90_L9KQ76	58.23	160	381
UniRef90_UPI00053084CC	61.64	160	256
UniRef90_G5E3L6	63.12	160	171
UniRef90_A0A0B5D1B3	60.38	160	471
UniRef90_G3Q9P8	61.88	160	485
UniRef90_UPI0005D036FD	61.01	160	315
UniRef90_M3Y665	59.24	160	470
UniRef90_Q98859	61.78	160	471
UniRef90_UPI000650C281	63.52	160	467
UniRef90_K7GCD9	66.67	160	476
UniRef90_Q8BJC0	60.13	160	339
UniRef90_UPI0003333FE6	58.13	160	468
UniRef90_UPI00038F0AA5	58.33	160	469
UniRef90_H0ZR64	62.42	160	466
UniRef90_UPI000661D447	58.86	160	472
UniRef90_E1C9E0	63.35	160	496
UniRef90_M7BJ81	60.62	160	2201
UniRef90_M7BJ81	59.12	160	2201
UniRef90_M7BJ81	63.81	160	2201
UniRef90_M7BJ81	68.82	160	2201
UniRef90_M7BJ81	67.74	160	2201
UniRef90_M3VU49	65.61	160	471
UniRef90_U3JCA0	64.38	160	477
UniRef90_UPI000333F8E5	66.24	160	472
UniRef90_UPI0003330D8C	58.33	160	470
UniRef90_I3MBY3	63.69	160	470
UniRef90_Q4AED4	62.03	160	470
UniRef90_UPI00038BF05C	63.69	160	444
UniRef90_B2RFN4	62.03	160	269
UniRef90_UPI000523390D	65.62	160	476
UniRef90_H0X275	61.25	160	468
UniRef90_F1CG30	65.00	160	481
UniRef90_U3IGR3	62.50	160	487
UniRef90_A0A0E9X8I8	62.11	160	471
UniRef90_UPI0006B1E4C1	65.61	160	484
UniRef90_P45452	63.69	160	471
UniRef90_G3N0J0	61.25	160	468
UniRef90_UPI0005762DF4	57.50	160	476
UniRef90_UPI0006D91DB4	63.92	160	469
UniRef90_U3JC80	59.12	160	510
UniRef90_UPI0003C29AE5	60.62	160	263
UniRef90_I3KFV5	62.03	160	476
UniRef90_R0KCA4	62.50	160	475
UniRef90_A0A091M2B3	65.41	160	429
UniRef90_UPI00017738A8	58.75	160	469
UniRef90_UPI00049820EB	59.49	160	474
UniRef90_UPI00038C49F6	58.75	160	469
UniRef90_UPI0004D04BAA	59.38	160	470
UniRef90_UPI00051C8C46	65.00	160	476
UniRef90_A0A0F8ADJ3	63.29	160	456
UniRef90_H0ZR67	65.62	160	443
UniRef90_A0A091FG34	64.78	160	372
UniRef90_A0A091NB60	64.78	160	462
UniRef90_UPI0003F176CA	61.01	160	473
UniRef90_UPI0003EC3C0A	57.59	160	343
UniRef90_UPI000644DFF9	60.00	160	474
UniRef90_A0A091K3X3	61.25	160	468
UniRef90_UPI000440F892	58.86	160	471
UniRef90_H2NF36	63.69	160	471
UniRef90_L9KR37	62.42	160	497
UniRef90_G3Q9Q5	59.38	160	472
UniRef90_G3WPX6	63.69	160	474
UniRef90_UPI0004954450	62.03	160	474
UniRef90_A0A091L2R8	64.78	160	429
UniRef90_R4GGH6	63.75	160	479
UniRef90_R0LQI5	59.75	160	472
UniRef90_K7GCP5	60.62	160	494
UniRef90_UPI000522C847	64.38	160	478
UniRef90_F1SV69	57.50	160	468
UniRef90_UPI00052353DE	65.00	160	476
UniRef90_UPI0003990CDA	65.00	160	478
UniRef90_A0A091WFE4	64.38	160	366
UniRef90_U3IED6	57.50	160	468
UniRef90_F1NZ56	60.51	160	471
UniRef90_A0A093EP58	65.41	160	429
UniRef90_U3IDN8	61.11	160	265
UniRef90_E3SW76	59.49	160	471
UniRef90_P34960	59.75	160	473
UniRef90_UPI000497D7B5	63.29	160	474
UniRef90_UPI00045D9FE3	57.50	160	464
UniRef90_F7I7P8	63.46	160	474
UniRef90_B5X4P7	58.75	160	473
UniRef90_F1ML54	57.50	160	481
UniRef90_UPI0003F0F04B	60.90	160	469
UniRef90_UPI00034FDC3F	61.88	160	382
UniRef90_L5KZT0	54.37	160	460
UniRef90_P22894	55.62	160	467
UniRef90_UPI0003EBFEB8	61.01	160	461
UniRef90_UPI0002ADBA0E	59.12	160	434
UniRef90_A0A091GTD8	62.35	160	473
UniRef90_A0A087VAR9	61.88	160	464
UniRef90_F7B3E4	62.03	160	474
UniRef90_UPI0003C27236	67.50	160	479
UniRef90_U3JC75	60.62	160	266
UniRef90_UPI0002C33696	56.88	160	318
UniRef90_I3NGR7	56.25	160	317
UniRef90_O18767	56.88	160	481
UniRef90_UPI0003C2A993	63.52	160	478
UniRef90_UPI000333C0F3	60.38	160	503
UniRef90_A0A091EX43	60.13	160	400
UniRef90_UPI00042BCB6B	59.12	160	470
UniRef90_I3MBS7	63.12	160	507
UniRef90_A0A091DS79	60.00	160	304
UniRef90_A0A091EXW4	62.82	160	461
UniRef90_Q9DEE0	60.76	160	475
UniRef90_P39900	60.00	160	470
UniRef90_U3JCA3	61.49	160	502
UniRef90_UPI00051E205B	65.00	160	480
UniRef90_F1NZ61	59.12	160	485
UniRef90_UPI00022AF995	61.39	160	474
UniRef90_UPI0003F08E6F	56.25	160	409
UniRef90_I3JCK2	63.06	160	460
UniRef90_F1SV57	61.25	160	466
UniRef90_UPI000529E2B0	63.12	160	412
UniRef90_UPI0006512598	57.50	160	483
UniRef90_O60882	57.50	160	483
UniRef90_A0A0F8ABJ8	60.76	160	474
UniRef90_P57748	56.88	160	482
UniRef90_UPI0004F109A4	61.64	160	318
UniRef90_UPI0006B20175	59.75	160	463
UniRef90_A0A091MJS7	62.50	160	467
UniRef90_A0A093HXG9	58.23	160	462
UniRef90_A0A093I0I8	63.75	160	469
UniRef90_W5KG83	61.49	160	471
UniRef90_A0A091R0E2	57.86	160	469
UniRef90_UPI0006B81A9D	58.75	160	262
UniRef90_UPI0004628C63	58.75	160	463
UniRef90_UPI0003F0A5FD	56.25	160	483
UniRef90_Q9GKE1	61.01	160	512
UniRef90_F6X261	59.75	160	481
UniRef90_UPI00054F11F3	59.01	160	408
UniRef90_H2Q4M8	57.50	160	483
UniRef90_UPI00064365EA	56.25	160	465
UniRef90_UPI00044228B8	61.25	160	276
UniRef90_W5P4C9	63.12	160	470
UniRef90_G3T6M9	56.25	160	483
UniRef90_UPI0003F18B31	60.38	160	512
UniRef90_H3B3S8	59.49	160	447
UniRef90_UPI000443CAE6	63.92	160	484
UniRef90_G5BUC6	58.13	160	403
UniRef90_UPI00064FAB0E	58.13	160	400
UniRef90_UPI0003336B80	58.97	160	402
UniRef90_UPI00052E9D12	63.35	160	503
UniRef90_F6UI50	59.75	160	511
UniRef90_UPI00042BF976	58.13	160	475
UniRef90_D3ZQ07	61.25	160	511
UniRef90_A0A091NUN1	57.86	160	469
UniRef90_UPI0002C664D5	57.50	160	470
UniRef90_UPI000443BB01	58.75	160	465
UniRef90_UPI000528907C	63.12	160	479
UniRef90_Q9H306	61.01	160	513
UniRef90_UPI0006B3B54D	63.29	160	302
UniRef90_Q63341	60.38	160	465
UniRef90_M3WN98	57.50	160	483
UniRef90_UPI00064BBEBD	56.25	160	478
UniRef90_UPI00033402E7	59.63	160	469
UniRef90_UPI0003F1632E	61.64	160	513
UniRef90_UPI000359FF21	61.25	160	512
UniRef90_UPI00022B5040	63.75	160	511
UniRef90_UPI00032AD6E3	62.26	160	513
UniRef90_A0A094KM60	57.86	160	226
UniRef90_W5LZ95	59.62	160	259
UniRef90_UPI0003C8670F	61.01	160	507
UniRef90_G1PAV5	55.62	160	481
UniRef90_UPI00045E43BD	60.38	160	509
UniRef90_UPI0003318262	56.88	160	480
UniRef90_UPI0003F07807	59.12	160	512
UniRef90_UPI00064374A0	61.64	160	511
UniRef90_F1QFZ8	61.78	160	466
UniRef90_A0A061IA08	56.25	160	614
UniRef90_A0A061IA08	56.45	160	614
UniRef90_UPI0003EA8F1B	61.88	160	322
UniRef90_UPI0005CC4946	58.23	160	467
UniRef90_M3WN99	60.38	160	513
UniRef90_G1SEQ5	61.01	160	527
UniRef90_UPI0005F58357	61.01	160	425
UniRef90_UPI0003F119A7	57.50	160	467
UniRef90_F7DLE7	58.49	160	462
UniRef90_F7IH65	56.88	160	469
UniRef90_G3WLF4	59.12	160	512
UniRef90_G5BUC1	61.88	160	511
UniRef90_UPI000328B2B9	61.64	160	512
UniRef90_UPI000454BF56	73.68	160	491
UniRef90_UPI00046B52F8	61.64	160	513
UniRef90_A0A093G5X6	63.12	160	435
UniRef90_UPI000661DA1F	57.05	160	468
UniRef90_G3TAT7	59.12	160	512
UniRef90_M3WNA0	53.75	160	468
UniRef90_A0A091IBN0	62.89	160	259
UniRef90_A5PJJ3	60.38	160	510
UniRef90_UPI00063F0172	60.38	160	512
UniRef90_A0A099ZCP0	63.12	160	465
