UniRef90_O93734	100.00	330	330
UniRef90_E1RH76	83.33	330	330
UniRef90_H8I4V5	83.03	330	330
UniRef90_J1L1X2	83.03	330	332
UniRef90_Q0W4W5	40.55	330	338
UniRef90_Q46FD9	40.85	330	342
UniRef90_A0A075MZU6	38.96	330	340
UniRef90_D1YYM0	38.72	330	336
UniRef90_A0A0F8J6Y9	40.00	330	332
UniRef90_A0A010YY07	38.11	330	332
UniRef90_A0A0E3SGU0	39.10	330	332
UniRef90_A0A0E3NEL4	38.97	330	332
UniRef90_UPI0003B3E674	36.59	330	329
UniRef90_D6TUI1	37.76	330	337
UniRef90_A0A0E3SHA5	38.79	330	331
UniRef90_A0A0E3WXZ9	37.58	330	332
UniRef90_D6U2M4	37.08	330	338
UniRef90_D6U406	36.97	330	330
UniRef90_Q0W0V9	38.01	330	341
UniRef90_UPI0003620B50	36.36	330	333
UniRef90_E9V3D1	36.36	330	334
UniRef90_D8I5S8	38.91	330	333
UniRef90_A0A0B2A9G1	35.87	330	335
UniRef90_A0A021VMU4	36.00	330	334
UniRef90_UPI0004288EB6	36.97	330	345
UniRef90_UPI0005631C2A	37.65	330	334
UniRef90_UPI00035FD190	35.14	330	333
UniRef90_UPI0006FD4F68	34.65	330	336
UniRef90_UPI0003FDB8AB	34.76	330	336
UniRef90_UPI0005662CF6	36.94	330	336
UniRef90_E8NCH3	34.45	330	336
UniRef90_UPI0004C36461	36.17	330	332
UniRef90_U1MQZ0	34.98	330	330
UniRef90_UPI00041DADB0	34.55	330	337
UniRef90_M0D1G1	36.31	330	325
UniRef90_UPI00040AA288	35.35	330	338
UniRef90_G7CNK8	36.34	330	335
UniRef90_A0A0E3S8N2	36.06	330	331
UniRef90_R4T3U9	36.94	330	334
UniRef90_K0IM57	37.20	330	343
UniRef90_UPI00023226DE	37.39	330	322
UniRef90_E6J8P5	36.06	330	339
UniRef90_UPI0003B31C9F	34.14	330	334
UniRef90_A0A0K1JLH3	34.34	330	335
UniRef90_A0A0M5LTF0	37.05	330	334
UniRef90_A0A0F0LTD8	34.15	330	337
UniRef90_UPI00036C4F1A	34.85	330	343
UniRef90_UPI0004260005	34.44	330	335
UniRef90_E6N2W9	35.37	330	360
UniRef90_F6EIQ9	35.82	330	340
UniRef90_UPI0004AE1E0F	34.55	330	338
UniRef90_UPI000305D7F6	34.03	330	353
UniRef90_UPI00035FD6BB	35.14	330	335
UniRef90_UPI0004C32E87	34.53	330	345
UniRef90_UPI00040CF3E4	34.55	330	333
UniRef90_M0DM58	36.34	330	323
UniRef90_UPI0006F9589D	35.15	330	339
UniRef90_UPI00037F404C	33.74	330	332
UniRef90_C8XBB4	33.54	330	339
UniRef90_A0A0F5LMW0	35.35	330	342
UniRef90_UPI00054F56A8	35.84	330	334
UniRef90_UPI000567F93D	32.52	330	334
UniRef90_A0A0J6WCD7	35.15	330	336
UniRef90_F8D9C7	34.82	330	342
UniRef90_UPI0003FC1E1C	37.27	330	318
UniRef90_A0A0M4PS84	35.74	330	334
UniRef90_UPI00064926B9	33.54	330	337
UniRef90_UPI0007034160	35.03	330	336
UniRef90_K0JYI9	36.45	330	334
UniRef90_A0A0F5L225	34.35	330	332
UniRef90_A0A024H8V0	36.75	330	349
UniRef90_UPI00069607BD	34.45	330	330
UniRef90_UPI0003479187	32.93	330	336
UniRef90_R4LRU9	33.74	330	333
UniRef90_C7NXM5	34.15	330	325
UniRef90_UPI0005272A7C	34.35	330	334
UniRef90_G7GIN4	34.23	330	341
UniRef90_UPI00041681B0	37.73	330	332
UniRef90_A0A0F3ICA9	34.24	330	337
UniRef90_UPI0007034FBA	34.73	330	335
UniRef90_A0A0K1F754	33.83	330	344
UniRef90_UPI00046E81AC	35.06	330	334
UniRef90_UPI000678959C	34.51	330	339
UniRef90_K8X6W8	34.64	330	334
UniRef90_C0ZUD4	34.34	330	337
UniRef90_D2PT98	36.45	330	334
UniRef90_UPI000428331F	34.64	330	336
UniRef90_UPI00036C8DCE	36.01	330	334
UniRef90_A0A077LW91	33.63	330	343
UniRef90_UPI0006F70502	34.62	330	338
UniRef90_UPI0005629B0E	37.16	330	335
UniRef90_UPI0003B4D875	33.84	330	336
UniRef90_UPI000685EE85	36.78	330	340
UniRef90_G7GY39	34.74	330	340
UniRef90_N0E1B2	34.82	330	339
UniRef90_H5U713	34.64	330	340
UniRef90_D6ZA79	34.64	330	335
UniRef90_UPI00036FABD6	35.44	330	334
UniRef90_W9GA23	34.94	330	335
UniRef90_L7L7B5	34.74	330	341
UniRef90_UPI0005570BBA	34.34	330	340
UniRef90_A0A034TYZ8	33.94	330	336
UniRef90_A0A0F5Q1K2	34.95	330	338
UniRef90_UPI0003B61B41	35.08	330	343
UniRef90_A0A077MC32	35.44	330	338
UniRef90_C5C430	33.84	330	336
UniRef90_A4AL67	33.43	330	338
UniRef90_UPI0002E070B6	33.93	330	336
UniRef90_M3TJY0	35.15	330	336
UniRef90_A0A0F6VPH8	33.94	330	337
UniRef90_I0REJ9	34.55	330	336
UniRef90_UPI0003B342AB	33.73	330	338
UniRef90_UPI0002FAD2C4	34.45	330	337
UniRef90_V8D1A6	34.85	330	353
UniRef90_UPI0006857118	33.64	330	345
UniRef90_UPI0006FEE619	34.95	330	339
UniRef90_UPI00069A2F75	38.72	330	339
UniRef90_D0L658	34.34	330	338
UniRef90_R7XUN7	33.23	330	341
UniRef90_UPI00037F1487	34.65	330	334
UniRef90_UPI00052509B4	36.14	330	334
UniRef90_UPI0005261A8D	34.34	330	331
UniRef90_R7WRQ9	34.24	330	343
UniRef90_UPI00040F5699	35.44	330	343
UniRef90_Q5YNN4	34.24	330	336
UniRef90_UPI0004882684	33.03	330	335
UniRef90_G8S7F3	33.13	330	332
UniRef90_E6N3Q9	36.63	330	332
UniRef90_E6SFR5	32.93	330	334
UniRef90_UPI0006F8F605	33.33	330	335
UniRef90_UPI0006DC6ADF	36.78	330	318
UniRef90_A0A0A0CBM0	35.76	330	332
UniRef90_UPI000381C68D	33.94	330	335
UniRef90_UPI0005257B87	38.91	330	332
UniRef90_A0A0F5FET0	33.74	330	333
UniRef90_UPI00039F6A10	34.64	330	337
UniRef90_A0A0A0JEJ0	32.93	330	346
UniRef90_A0A0M2H8G5	34.15	330	342
UniRef90_Q0RV73	32.23	330	337
UniRef90_D9UX80	36.45	330	334
UniRef90_F4CUF7	36.94	330	334
UniRef90_UPI000679BC43	33.63	330	342
UniRef90_E4W8Y2	33.94	330	337
UniRef90_UPI0004048B1F	34.65	330	330
UniRef90_UPI0007018896	31.40	330	349
UniRef90_A0A0F5MTH5	35.51	330	341
UniRef90_UPI0003B43B50	34.53	330	340
UniRef90_UPI00036A651E	33.43	330	333
UniRef90_UPI000400477B	34.64	330	333
UniRef90_UPI0006FB0333	34.15	330	337
UniRef90_UPI0006F5E0D7	34.42	330	338
UniRef90_B8ZU74	33.13	330	336
UniRef90_UPI00035DF51C	34.03	330	336
UniRef90_M0QGH6	34.55	330	338
UniRef90_A0A0D0LB05	34.55	330	337
UniRef90_W0JTF2	32.35	330	349
UniRef90_UPI0005BAAA0F	35.87	330	334
UniRef90_Q1AZI3	36.70	330	334
UniRef90_A0A0C5B8V2	33.53	330	338
UniRef90_Q0RVH7	33.93	330	335
UniRef90_A0A0M2H105	34.15	330	336
UniRef90_UPI0006D18C60	33.43	330	342
UniRef90_A4AEE6	32.94	330	341
UniRef90_A0A0C1L5I6	37.05	330	348
UniRef90_UPI00064C3684	37.20	330	337
UniRef90_A0A023X7D2	37.61	330	333
UniRef90_K6WT58	32.54	330	339
UniRef90_UPI0006F653E6	33.43	330	338
UniRef90_UPI0003F9C2F4	35.45	330	334
UniRef90_UPI0006F45A3E	33.14	330	339
UniRef90_Q2PC85	34.34	330	334
UniRef90_A0A0M8MQN6	32.83	330	337
UniRef90_A3TPK1	32.43	330	356
UniRef90_UPI0003666C77	33.13	330	353
UniRef90_P9WNE0	33.94	330	336
UniRef90_UPI0006F279D3	33.93	330	333
UniRef90_UPI0006485E38	33.23	330	341
UniRef90_UPI0003B496B0	32.35	330	341
UniRef90_A0A0F0ESN4	32.53	330	335
UniRef90_A0A0A0JJK2	33.73	330	359
UniRef90_UPI00040A0663	34.34	330	335
UniRef90_B1MIT2	33.64	330	337
UniRef90_UPI0005954433	32.23	330	339
UniRef90_W5TRT6	33.03	330	335
UniRef90_D3F4R0	32.62	330	331
UniRef90_UPI000628FD1A	35.47	330	329
UniRef90_X0QYD6	33.63	330	336
UniRef90_R4WA48	34.48	330	335
UniRef90_UPI0005912906	33.43	330	336
UniRef90_UPI0003B5831C	32.94	330	341
UniRef90_W6K038	33.53	330	338
UniRef90_A0PRY9	34.04	330	336
UniRef90_D3F5L4	32.52	330	331
UniRef90_UPI0002E33EF1	33.33	330	336
UniRef90_J1QRC5	32.73	330	337
UniRef90_D5QEF1	35.56	330	336
UniRef90_W6K0I5	32.13	330	339
UniRef90_D2Q019	33.54	330	321
UniRef90_A0QQJ4	34.24	330	336
UniRef90_UPI00050C8651	33.94	330	337
UniRef90_UPI0003770C14	32.73	330	334
UniRef90_D9VBX0	33.74	330	340
UniRef90_A6WD69	32.62	330	337
UniRef90_UPI00057069E5	36.25	330	335
UniRef90_UPI0006E353DB	34.35	330	318
UniRef90_UPI0006F8CBED	32.25	330	339
UniRef90_A0A0A0JX27	32.73	330	343
UniRef90_UPI00040C21CC	35.06	330	316
UniRef90_D5UYN8	35.24	330	336
UniRef90_D5PIK1	34.44	330	318
UniRef90_D1CDA2	37.73	330	335
UniRef90_UPI0003FCFEA1	35.05	330	330
UniRef90_UPI0004C1CB1D	34.97	330	319
UniRef90_K8X688	32.13	330	335
UniRef90_A0A062VX28	31.95	330	338
UniRef90_UPI0004C2192D	34.85	330	318
UniRef90_A0A0G3IM87	36.28	330	318
UniRef90_A0A0F7VT99	35.37	330	319
UniRef90_UPI0006E3C46F	34.04	330	321
UniRef90_UPI0004C07550	34.95	330	320
UniRef90_UPI0004C546C2	34.15	330	318
UniRef90_M0CDH3	33.13	330	316
UniRef90_C9ZEU1	33.43	330	320
UniRef90_UPI0003B352E7	31.53	330	338
UniRef90_UPI0003A1A75A	31.71	330	321
UniRef90_B9L4G2	37.05	330	347
UniRef90_T5KC54	30.68	330	344
UniRef90_G2PCS1	34.86	330	321
UniRef90_UPI00037D94FA	33.13	330	318
UniRef90_Q9ZC18	34.15	330	320
UniRef90_UPI00036A8506	32.42	330	316
UniRef90_R7Y2B8	35.26	330	319
UniRef90_I0HEU9	32.21	330	316
UniRef90_UPI00036D21E5	31.61	330	318
UniRef90_D6A7A7	33.84	330	320
UniRef90_UPI0006E3DF55	32.93	330	319
UniRef90_A0A0K9XBC7	34.73	330	328
UniRef90_X8AKU2	33.13	330	321
UniRef90_A0A0A6UM12	32.21	330	315
UniRef90_Q0RPT1	33.44	330	318
UniRef90_UPI000527C6C0	33.23	330	312
UniRef90_UPI0004AB8AB7	33.03	330	318
UniRef90_A0A021VYL5	34.33	330	332
UniRef90_L8EN03	32.73	330	318
UniRef90_UPI0003AD181A	32.32	330	319
UniRef90_UPI000466A107	35.17	330	316
UniRef90_UPI000426E4EE	33.64	330	325
UniRef90_A0A0F4JJC4	33.13	330	318
UniRef90_UPI0004C6135C	32.92	330	319
UniRef90_UPI0005A605BA	33.74	330	319
UniRef90_D3F4R9	31.82	330	342
UniRef90_Q47PB5	34.38	330	321
UniRef90_UPI0004C3E7E6	33.85	330	319
UniRef90_Q1AYS0	33.23	330	330
UniRef90_A0A0D0Q5N7	33.84	330	318
UniRef90_UPI0004C677DE	33.23	330	321
UniRef90_UPI0005A6443A	34.04	330	318
UniRef90_UPI0003B3A3AA	37.00	330	274
UniRef90_UPI0007039864	33.13	330	317
UniRef90_H2JMF9	32.72	330	317
UniRef90_W9B2N5	34.74	330	317
UniRef90_UPI00040BFE3F	32.72	330	319
UniRef90_M3BYU9	33.84	330	325
UniRef90_F8JYN9	32.52	330	318
UniRef90_UPI0004CC5866	34.35	330	321
UniRef90_D1C5F5	35.65	330	339
UniRef90_UPI0004C14539	32.93	330	317
UniRef90_UPI0004713285	35.17	330	330
UniRef90_UPI0004C58376	32.62	330	318
UniRef90_B8G785	34.65	330	332
UniRef90_A0A0M2YXB7	31.90	330	318
UniRef90_UPI000362E03A	33.33	330	318
UniRef90_UPI00047E3639	33.02	330	331
UniRef90_L1L0I0	31.31	330	320
UniRef90_H6R131	34.05	330	322
UniRef90_UPI0006FE526D	35.45	330	328
UniRef90_A0A0D0X9F1	32.42	330	316
UniRef90_UPI00036BBF42	32.41	330	318
UniRef90_UPI00035F8596	32.81	330	312
UniRef90_I0L0U8	31.19	330	316
UniRef90_UPI00040B1812	35.14	330	317
UniRef90_UPI000525149F	32.82	330	321
UniRef90_UPI000690FCCF	32.83	330	331
UniRef90_UPI0004C29D11	32.83	330	318
UniRef90_UPI00031442AB	32.82	330	317
UniRef90_D9WVE0	32.21	330	321
UniRef90_A0A0G4CH18	34.21	330	318
UniRef90_UPI00062C19A0	32.52	330	318
UniRef90_L8PMM1	32.01	330	318
UniRef90_C8X6F5	32.73	330	322
UniRef90_UPI00051AB737	34.24	330	320
UniRef90_UPI0002FB67BB	32.72	330	322
UniRef90_F3NQ32	32.42	330	317
UniRef90_R1GCQ3	33.95	330	317
UniRef90_UPI0006FF578C	32.83	330	318
UniRef90_D6K689	32.42	330	325
UniRef90_UPI0004C5EBED	33.97	330	323
UniRef90_W7ITC8	33.13	330	317
UniRef90_B5I0E7	31.71	330	319
UniRef90_UPI00064E96D2	33.13	330	321
UniRef90_UPI00048AF6D2	32.93	330	322
UniRef90_UPI000427C5CE	33.23	330	315
UniRef90_UPI0005F2E358	34.16	330	311
UniRef90_UPI000419957E	32.93	330	318
UniRef90_G8S3J2	33.12	330	312
UniRef90_A0A0M2S313	30.86	330	316
UniRef90_A0A089XHM7	33.33	330	319
UniRef90_A0A0J6VJ19	32.93	330	317
UniRef90_UPI0003B6E2E1	37.82	330	244
UniRef90_UPI0004857A43	33.85	330	366
UniRef90_A0A0A1FLM1	34.39	330	317
UniRef90_F4F2B9	31.08	330	316
UniRef90_M0AZ01	34.04	330	320
UniRef90_A0A0N1NMI2	33.43	330	318
UniRef90_UPI0004C1DD5E	32.83	330	318
UniRef90_K0VH45	40.83	330	226
UniRef90_E4NA47	33.84	330	672
UniRef90_A7NR18	34.86	330	329
UniRef90_X7UDS4	33.73	330	318
UniRef90_UPI0002FAA49B	32.52	330	317
UniRef90_UPI000406FD8D	33.84	330	333
UniRef90_D9VLG0	34.76	330	327
UniRef90_W2EJB9	30.40	330	319
UniRef90_K0F7C9	30.28	330	321
UniRef90_W7SST6	32.11	330	323
UniRef90_UPI0004141E8A	32.82	330	316
UniRef90_UPI0003819936	33.43	330	317
UniRef90_UPI000361348E	31.90	330	315
UniRef90_A1SMU2	33.84	330	319
UniRef90_UPI0005A93928	33.23	330	318
UniRef90_A0A098Y593	30.21	330	322
UniRef90_UPI0007032EF2	33.33	330	321
UniRef90_UPI00056970E9	32.13	330	322
UniRef90_A0A0K3B5P0	33.54	330	323
UniRef90_C7Q1J7	32.73	330	324
UniRef90_A0A0F0HY60	33.13	330	318
UniRef90_UPI0006F78DDC	34.44	330	333
UniRef90_UPI00056037BF	31.21	330	318
UniRef90_U5EB57	30.51	330	318
UniRef90_A0A024QJX5	33.54	330	317
UniRef90_UPI00062967FC	32.53	330	329
UniRef90_UPI0004BE0A76	31.17	330	320
UniRef90_UPI00058B6A65	40.91	330	228
UniRef90_UPI000418487E	33.12	330	363
UniRef90_A0A0K1FBP1	32.73	330	324
UniRef90_A0A077LXK1	31.90	330	317
UniRef90_UPI0004071796	34.05	330	321
UniRef90_M2Y5S1	37.30	330	249
UniRef90_UPI00036E9259	31.10	330	319
UniRef90_A0A0B2B2U3	31.60	330	315
UniRef90_UPI0003B67BBE	32.12	330	317
UniRef90_H5X346	33.86	330	350
UniRef90_UPI0002FB1446	33.64	330	317
UniRef90_UPI0004780E14	34.08	330	323
UniRef90_UPI0003B3D0E7	33.83	330	333
UniRef90_E3J8D8	32.25	330	316
UniRef90_UPI0006EB4628	29.79	330	318
UniRef90_UPI0006E41079	33.94	330	321
UniRef90_A0A074QQC6	32.54	330	332
UniRef90_D7CQQ3	33.75	330	320
UniRef90_UPI00055F27E7	31.91	330	321
UniRef90_UPI0005A9E131	34.57	330	322
UniRef90_D5UCJ6	32.33	330	333
UniRef90_A0A0A0JZT1	33.13	330	334
UniRef90_UPI00040837F7	33.55	330	316
UniRef90_K9DBX8	32.33	330	324
UniRef90_UPI00048E8C9C	31.71	330	319
UniRef90_D5PAG0	33.75	330	368
UniRef90_UPI0006FAF52F	33.44	330	318
UniRef90_A0A0F0GW62	34.11	330	316
UniRef90_UPI0006BBC821	33.64	330	318
UniRef90_A0A0M8WDY5	32.01	330	333
UniRef90_UPI00066D8AB8	30.00	330	322
UniRef90_A0A086DW46	34.04	330	333
UniRef90_C6VWL8	32.63	330	321
UniRef90_A0A0A0C4V7	33.23	330	333
UniRef90_C7MZ82	32.23	330	329
UniRef90_UPI0006FB4103	31.21	330	316
UniRef90_D3SRM1	31.37	330	318
UniRef90_A0A023X7M9	35.83	330	320
UniRef90_I4F1D5	31.23	330	322
UniRef90_UPI0002E171A1	32.83	330	317
UniRef90_V7KYI0	33.13	330	317
UniRef90_I0REX8	33.00	330	369
UniRef90_UPI0004B95FE4	31.83	330	350
UniRef90_UPI0002D5B550	31.35	330	322
UniRef90_UPI000401E551	33.33	330	322
UniRef90_L7F9B3	33.90	330	283
UniRef90_UPI00047C6C02	31.17	330	319
UniRef90_A0A0D7QMU7	34.14	330	333
UniRef90_A0A024JRX6	32.08	330	363
UniRef90_A0A066UC62	34.10	330	321
UniRef90_D7C2L6	30.98	330	321
UniRef90_UPI000678C9E6	33.23	330	317
UniRef90_A0A072SLT1	32.70	330	323
UniRef90_F6FQZ1	32.63	330	334
UniRef90_UPI00030527F5	33.03	330	319
UniRef90_UPI00030062BA	33.94	330	317
UniRef90_UPI000464ADD3	32.22	330	329
UniRef90_D7AY93	31.83	330	321
UniRef90_A0A0B8T5B1	34.15	330	318
UniRef90_G4R7X1	33.13	330	340
UniRef90_UPI0003773514	31.21	330	319
UniRef90_UPI0004C38C86	31.52	330	320
UniRef90_A0A0E3ZDU9	33.74	330	321
UniRef90_UPI000562CD6F	33.00	330	317
UniRef90_A0A0I9UPZ4	32.09	330	364
UniRef90_UPI0004BD9886	32.31	330	318
UniRef90_UPI000490C5DD	32.31	330	315
UniRef90_UPI00064E47A6	32.01	330	319
UniRef90_UPI0003ACEC22	31.63	330	322
UniRef90_UPI0004C34A09	33.01	330	324
UniRef90_J2W7R7	32.02	330	326
UniRef90_D1BZK7	31.64	330	332
UniRef90_M0BK96	31.10	330	317
UniRef90_A0A0F7W5H1	32.63	330	348
UniRef90_UPI0006E2D69F	32.93	330	360
UniRef90_A0A0G5LGJ2	31.71	330	337
UniRef90_UPI00064E942E	31.42	330	318
UniRef90_A0A0A0BWA9	31.91	330	333
UniRef90_UPI000234CD11	30.46	330	325
UniRef90_UPI000487DF71	33.13	330	321
UniRef90_C5BXE9	31.94	330	332
UniRef90_UPI0006E3B75C	32.80	330	322
UniRef90_UPI00047CCB0E	32.53	330	338
UniRef90_UPI0006DA80CB	33.43	330	334
UniRef90_C7Q1I5	32.82	330	321
UniRef90_UPI0004E21686	32.21	330	318
UniRef90_L0K1B0	32.79	330	318
UniRef90_W6JVX6	33.53	330	340
UniRef90_N1UQ55	33.53	330	334
UniRef90_UPI00052605E9	32.93	330	324
UniRef90_UPI00064F4453	32.13	330	320
UniRef90_V2GLK9	32.62	330	325
UniRef90_A0A0N0TLG1	31.00	330	323
UniRef90_D3SSK6	32.53	330	318
UniRef90_L1L3W3	32.34	330	328
UniRef90_UPI000646ABBE	34.04	330	328
UniRef90_A0A0A0BRB0	31.85	330	332
UniRef90_S3BQ58	34.33	330	318
UniRef90_UPI0004C469D4	32.23	330	321
UniRef90_F2RHN0	31.00	330	318
UniRef90_UPI00055AAB06	32.28	330	323
UniRef90_C7QYN5	33.23	330	333
UniRef90_UPI0005260E4B	32.62	330	319
UniRef90_D6Y457	30.82	330	320
UniRef90_U1YZZ7	31.64	330	332
UniRef90_A0A075V0M5	31.12	330	329
UniRef90_UPI0004C40AAE	32.51	330	315
UniRef90_UPI0004E1EA97	32.06	330	323
UniRef90_UPI00054EE665	32.79	330	324
UniRef90_UPI00047D856C	31.93	330	322
UniRef90_UPI0004E11016	30.49	330	320
UniRef90_S5VGX0	31.64	330	323
UniRef90_S4ZJB3	33.73	330	317
UniRef90_A0A0F7KIF2	30.28	330	321
UniRef90_W0K5M8	30.18	330	322
UniRef90_UPI000407CF4A	30.61	330	346
UniRef90_UPI0005B95947	29.57	330	317
UniRef90_UPI0006D2849C	31.75	330	321
UniRef90_UPI00055DEA54	31.94	330	332
UniRef90_H6RQV6	33.87	330	326
UniRef90_UPI0002E65173	31.35	330	321
UniRef90_D5ZZM6	32.05	330	323
UniRef90_UPI0006856EA6	32.62	330	322
UniRef90_S4MRS8	32.05	330	558
UniRef90_UPI0004C2CE8B	32.33	330	316
UniRef90_UPI00062647BA	32.02	330	338
UniRef90_M4ZW25	30.12	330	323
UniRef90_UPI000347CD49	34.53	330	330
UniRef90_D6AZ68	31.53	330	322
UniRef90_D3DBS5	45.11	330	259
UniRef90_UPI0002F09E3B	30.00	330	322
UniRef90_A0A022MKG1	31.50	330	318
UniRef90_UPI000688C521	31.86	330	328
UniRef90_UPI0003B78115	29.88	330	323
UniRef90_UPI0002D4667B	32.93	330	334
UniRef90_UPI0002F5CB8B	31.71	330	322
UniRef90_J7KWT1	33.23	330	321
UniRef90_UPI000362DE89	32.83	330	322
UniRef90_UPI000493A5CD	32.02	330	334
UniRef90_D1BJD2	31.94	330	332
UniRef90_UPI0006D23A2D	31.23	330	330
UniRef90_H8MGY9	32.62	330	320
UniRef90_U1MWG9	31.19	330	317
UniRef90_A0A0B1ZPA6	33.12	330	318
UniRef90_UPI0004BEB849	32.52	330	317
UniRef90_C7Q800	32.83	330	329
UniRef90_X7ZXU7	36.36	330	261
UniRef90_F5UMA0	31.61	330	322
UniRef90_D2SCD6	29.57	330	322
UniRef90_A0A0C1N8W6	32.01	330	322
UniRef90_UPI00047FC320	31.93	330	338
UniRef90_UPI0003676E16	29.79	330	322
UniRef90_UPI000346E9C4	32.02	330	340
UniRef90_A0A0E3ZTW5	31.29	330	326
UniRef90_UPI0004757CBA	30.61	330	316
UniRef90_UPI000587C03C	31.29	330	321
UniRef90_UPI00047629C1	30.41	330	321
UniRef90_A0A0I9ULE1	33.12	330	367
UniRef90_UPI00035FD6BB	35.14	330	335
UniRef90_E6J8P5	35.84	330	339
UniRef90_A0A0F3ICA9	33.73	330	337
UniRef90_A0A0F6VPH8	33.73	330	337
UniRef90_Q0RVH7	33.93	330	335
UniRef90_UPI0004882684	33.03	330	335
UniRef90_Q5YNN4	34.04	330	336
UniRef90_UPI0007034FBA	34.73	330	335
UniRef90_C0ZUD4	34.34	330	337
UniRef90_UPI0003620B50	36.67	330	333
UniRef90_Q0RV73	31.93	330	337
UniRef90_J1QRC5	32.23	330	337
UniRef90_UPI000381C68D	33.73	330	335
UniRef90_UPI0006F70502	34.12	330	338
UniRef90_R7WRQ9	33.73	330	343
UniRef90_A0A0J6WCD7	34.94	330	336
UniRef90_UPI0006F8F605	33.33	330	335
UniRef90_UPI0002E070B6	34.04	330	336
UniRef90_A0A034TYZ8	33.73	330	336
UniRef90_UPI0005954433	32.23	330	339
UniRef90_UPI000428331F	34.64	330	336
UniRef90_G7GY39	34.23	330	340
UniRef90_W5TRT6	32.83	330	335
UniRef90_I0REJ9	34.34	330	336
UniRef90_A4AL67	32.64	330	338
UniRef90_A0A0D0LB05	34.34	330	337
UniRef90_F6EIQ9	34.82	330	340
UniRef90_G7GIN4	33.63	330	341
UniRef90_UPI0007034160	34.73	330	336
UniRef90_R4T3U9	36.64	330	334
UniRef90_A0A0C5B8V2	32.64	330	338
UniRef90_A0A077LW91	33.63	330	343
UniRef90_K0JYI9	36.14	330	334
UniRef90_UPI0006F5E0D7	33.83	330	338
UniRef90_X0QYD6	33.63	330	336
UniRef90_V8D1A6	34.64	330	353
UniRef90_E4W8Y2	33.73	330	337
UniRef90_G7CNK8	36.34	330	335
UniRef90_UPI0004AE1E0F	34.04	330	338
UniRef90_H5U713	34.04	330	340
UniRef90_UPI0003B3E674	36.47	330	329
UniRef90_UPI0004C36461	35.87	330	332
UniRef90_UPI00054F56A8	35.84	330	334
UniRef90_D8I5S8	38.48	330	333
UniRef90_A0A0B2A9G1	35.45	330	335
UniRef90_D6TUI1	37.76	330	337
UniRef90_E8NCH3	34.35	330	336
UniRef90_UPI00035FD190	35.14	330	333
UniRef90_D6ZA79	34.24	330	335
UniRef90_P9WNE0	33.73	330	336
UniRef90_UPI0002E33EF1	32.83	330	336
UniRef90_UPI00036FABD6	34.83	330	334
UniRef90_UPI00050C8651	33.43	330	337
UniRef90_UPI00041681B0	36.89	330	332
UniRef90_A0A010YY07	37.69	330	332
UniRef90_A0A0K1JLH3	33.73	330	335
UniRef90_UPI0003B342AB	33.14	330	338
UniRef90_UPI0006FD4F68	34.65	330	336
UniRef90_N0E1B2	34.82	330	339
UniRef90_M3TJY0	34.94	330	336
UniRef90_UPI0006E353DB	33.84	330	318
UniRef90_D0L658	33.73	330	338
UniRef90_D2PT98	36.14	330	334
UniRef90_M0QGH6	34.34	330	338
UniRef90_C8XBB4	33.13	330	339
UniRef90_Q1AZI3	36.39	330	334
UniRef90_UPI0006F45A3E	32.64	330	339
UniRef90_E9V3D1	35.76	330	334
UniRef90_UPI000400477B	34.04	330	333
UniRef90_A0A0M2YXB7	31.60	330	318
UniRef90_UPI0006D18C60	32.94	330	342
UniRef90_UPI000685EE85	36.25	330	340
UniRef90_UPI0003FC1E1C	37.27	330	318
UniRef90_D9VBX0	33.43	330	340
UniRef90_G2P493	29.00	330	321
UniRef90_UPI00040CF3E4	34.14	330	333
UniRef90_A0A077MC32	35.44	330	338
UniRef90_UPI0004288EB6	36.36	330	345
UniRef90_UPI00040A0663	34.04	330	335
UniRef90_UPI0003FDB8AB	34.76	330	336
UniRef90_A0A0F0ESN4	32.43	330	335
UniRef90_UPI0003B4D875	33.13	330	336
UniRef90_D6U2M4	36.36	330	338
UniRef90_UPI0003B496B0	31.86	330	341
UniRef90_UPI0005631C2A	37.35	330	334
UniRef90_UPI000305D7F6	34.33	330	353
UniRef90_UPI0004AB8AB7	32.73	330	318
UniRef90_K8X6W8	34.64	330	334
UniRef90_B1MIT2	33.43	330	337
UniRef90_E6SFR5	32.83	330	334
UniRef90_UPI00036D21E5	31.50	330	318
UniRef90_UPI0006485E38	32.24	330	341
UniRef90_L8EN03	32.22	330	318
UniRef90_UPI0003479187	32.83	330	336
UniRef90_UPI0003666C77	33.13	330	353
UniRef90_A0A062VX28	31.45	330	338
UniRef90_F4CUF7	36.64	330	334
UniRef90_A0QQJ4	33.73	330	336
UniRef90_A0A0K1F754	33.83	330	344
UniRef90_UPI00056970E9	30.09	330	322
UniRef90_UPI00040AA288	35.05	330	338
UniRef90_D5ZZM6	29.91	330	323
UniRef90_A0A0A0JEJ0	32.73	330	346
UniRef90_C9ZEU1	33.43	330	320
UniRef90_UPI00035DF51C	33.33	330	336
UniRef90_UPI00037F404C	33.64	330	332
UniRef90_A0A0F7W5H1	31.42	330	348
UniRef90_A3TPK1	32.43	330	356
UniRef90_UPI0006E3C46F	33.84	330	321
UniRef90_UPI0003770C14	32.13	330	334
UniRef90_A0PRY9	34.04	330	336
UniRef90_UPI00055CDFDE	29.91	330	323
UniRef90_T5KC54	30.18	330	344
UniRef90_UPI00041DADB0	34.24	330	337
UniRef90_UPI0006DC6ADF	36.47	330	318
UniRef90_A4AEE6	32.64	330	341
UniRef90_UPI0006F279D3	33.33	330	333
UniRef90_D1C5F5	35.06	330	339
UniRef90_K8X688	32.13	330	335
UniRef90_UPI0004C32E87	34.33	330	345
UniRef90_UPI0004C8FDEA	28.70	330	323
UniRef90_L8EJK6	28.10	330	321
UniRef90_C7QYN5	32.23	330	333
UniRef90_UPI0006F653E6	32.94	330	338
UniRef90_A0A0M5LTF0	36.75	330	334
UniRef90_O93734	100.00	330	330
UniRef90_A0A0M4PS84	35.44	330	334
UniRef90_UPI0005272A7C	33.64	330	334
UniRef90_A0A0F0LTD8	34.04	330	337
UniRef90_Q1AYS0	32.21	330	330
UniRef90_W9GA23	34.83	330	335
UniRef90_K6WT58	32.54	330	339
UniRef90_A0A081XKE0	29.00	330	323
UniRef90_UPI0003B43B50	33.73	330	340
UniRef90_A0A0A0BRB0	31.14	330	332
UniRef90_UPI0005570BBA	34.34	330	340
UniRef90_A0A021VYL5	33.63	330	332
UniRef90_A0A0A0JJK2	33.53	330	359
UniRef90_F8JYN9	31.00	330	318
UniRef90_A0A0F5MTH5	34.64	330	341
UniRef90_UPI0004260005	34.44	330	335
UniRef90_UPI00056037BF	30.61	330	318
UniRef90_Q2PC85	34.34	330	334
UniRef90_B8ZU74	33.13	330	336
UniRef90_A0A021VMU4	35.37	330	334
UniRef90_UPI00036C4F1A	34.74	330	343
UniRef90_UPI0003B31C9F	33.84	330	334
UniRef90_A0A0L8LAQ1	29.31	330	323
UniRef90_UPI0002F5CB8B	31.10	330	322
UniRef90_Q9X7R0	29.70	330	325
UniRef90_UPI0006E3DF55	32.42	330	319
UniRef90_UPI0006EB4628	29.79	330	318
UniRef90_B5I5E0	28.70	330	323
UniRef90_A0A072SLT1	30.30	330	323
UniRef90_UPI0004CDAF38	28.79	330	321
UniRef90_A0A0C1L5I6	36.75	330	348
UniRef90_D1CDA2	36.81	330	335
UniRef90_UPI0004C1CB1D	33.64	330	319
UniRef90_D6K689	32.21	330	325
UniRef90_UPI00048B0319	28.40	330	321
UniRef90_R4LRU9	33.33	330	333
UniRef90_A0A0K9XBC7	33.53	330	328
UniRef90_UPI0005615C3D	28.79	330	321
UniRef90_UPI0004C58376	32.21	330	318
UniRef90_UPI0004C2192D	34.24	330	318
UniRef90_UPI0004BFF49C	29.91	330	323
UniRef90_F6FQZ1	31.91	330	334
UniRef90_UPI00040F5699	33.83	330	343
UniRef90_L7L7B5	34.53	330	341
UniRef90_A0A0A0BWA9	31.31	330	333
UniRef90_UPI0003B61B41	32.93	330	343
UniRef90_L1L0I0	31.31	330	320
UniRef90_A0A0F7VT99	34.15	330	319
UniRef90_UPI0004CC5866	32.52	330	321
UniRef90_B5I0E7	32.01	330	319
UniRef90_X8AKU2	33.13	330	321
UniRef90_UPI00052719A0	27.79	330	321
UniRef90_H2JMF9	32.21	330	317
UniRef90_F5UMA0	30.28	330	322
UniRef90_W6K038	33.53	330	338
UniRef90_UPI0004C29D11	32.12	330	318
UniRef90_D1BJD2	31.23	330	332
UniRef90_UPI0006857118	32.93	330	345
UniRef90_S3ZBR4	30.21	330	344
UniRef90_UPI000346E9C4	30.30	330	340
UniRef90_UPI0004C3E7E6	32.93	330	319
UniRef90_A0A086DW46	33.13	330	333
UniRef90_UPI0006FEE619	34.74	330	339
UniRef90_UPI00036E9259	30.79	330	319
UniRef90_UPI0005261A8D	34.04	330	331
UniRef90_UPI000567F93D	32.22	330	334
UniRef90_L7F3S3	27.79	330	321
UniRef90_F2RHN0	31.00	330	318
UniRef90_UPI00064926B9	33.43	330	337
UniRef90_UPI0004C8BB41	29.00	330	323
UniRef90_A0A0F4JJC4	33.13	330	318
UniRef90_R7XUN7	32.83	330	341
UniRef90_UPI0004CB0F51	27.66	330	321
UniRef90_UPI0005A605BA	32.32	330	319
UniRef90_A0A074QQC6	32.13	330	332
UniRef90_A0A024H8V0	35.84	330	349
UniRef90_UPI0002FB7AAC	30.49	330	320
UniRef90_D9WVE0	32.01	330	321
UniRef90_UPI000419957E	32.52	330	318
UniRef90_UPI0005A6443A	33.43	330	318
UniRef90_UPI0006FB0333	33.13	330	337
UniRef90_L1L3W3	30.21	330	328
UniRef90_UPI00055DEA54	31.23	330	332
UniRef90_UPI00055AAB06	30.21	330	323
UniRef90_UPI0006F9589D	34.74	330	339
UniRef90_D1BZK7	30.93	330	332
UniRef90_C7Q1I3	29.00	330	321
UniRef90_A0A0C2B4M7	28.48	330	321
UniRef90_UPI0006E1DF99	28.70	330	323
UniRef90_A0A0A0C4V7	32.23	330	333
UniRef90_UPI0003B352E7	31.16	330	338
UniRef90_UPI0004C21EAB	27.79	330	321
UniRef90_UPI0006920607	29.73	330	335
UniRef90_U1YZZ7	30.93	330	332
UniRef90_Q9ZC18	32.93	330	320
UniRef90_S5VGX0	29.91	330	323
UniRef90_L8PMM1	31.19	330	318
UniRef90_UPI0006F8CBED	31.45	330	339
UniRef90_D5UCJ6	31.63	330	333
UniRef90_G8WVM9	28.48	330	320
UniRef90_G8S7F3	33.03	330	332
UniRef90_UPI0004C48FBA	29.00	330	321
UniRef90_D9UX80	36.14	330	334
UniRef90_R7Y2B8	34.95	330	319
UniRef90_A0A0N0ATU0	29.70	330	321
UniRef90_UPI00036A8506	32.42	330	316
UniRef90_UPI00062C19A0	32.22	330	318
UniRef90_UPI0005F04008	29.31	330	323
UniRef90_A0A0A0JX27	32.43	330	343
UniRef90_UPI000362E03A	32.32	330	318
UniRef90_UPI0006E11F00	28.10	330	321
UniRef90_UPI0004C07550	33.74	330	320
UniRef90_G2NAF1	28.40	330	321
UniRef90_C7MZ82	30.91	330	329
UniRef90_A0A0N0N3B1	29.00	330	329
UniRef90_A0A0M2JN75	29.31	330	321
UniRef90_D5PIK1	34.04	330	318
UniRef90_A0A0M8S9V7	27.58	330	321
UniRef90_UPI00057069E5	35.56	330	335
UniRef90_A0A023X7D2	37.61	330	333
UniRef90_A0A0C1N8W6	31.29	330	322
UniRef90_A0A0A6UM12	31.90	330	315
UniRef90_UPI0006E2248C	28.40	330	321
UniRef90_F2R603	26.89	330	321
UniRef90_D9WSI1	30.30	330	320
UniRef90_E1RH76	83.33	330	330
UniRef90_W2EJB9	30.40	330	319
UniRef90_UPI000587C03C	30.18	330	321
UniRef90_A0A0F5LMW0	34.74	330	342
UniRef90_K9TUB6	29.79	330	322
UniRef90_K9W3D9	29.48	330	321
UniRef90_UPI00035F80ED	27.88	330	321
UniRef90_UPI0003AD181A	32.32	330	319
UniRef90_E8W0Q3	28.10	330	333
UniRef90_UPI00048E8C9C	31.71	330	319
UniRef90_B8G785	33.84	330	332
UniRef90_UPI000313380B	30.28	330	321
UniRef90_UPI00040BFE3F	32.72	330	319
UniRef90_UPI0003710FC5	28.79	330	320
UniRef90_UPI0006F78DDC	33.43	330	333
UniRef90_A0A022MBA6	29.61	330	323
UniRef90_A0A0F4IBI1	29.70	330	321
UniRef90_D5UYN8	34.94	330	336
UniRef90_C5BXE9	31.23	330	332
UniRef90_UPI00062647BA	31.33	330	338
UniRef90_UPI0006FAF52F	32.32	330	318
UniRef90_A0A081EEN3	29.64	330	322
UniRef90_UPI0004C94765	27.49	330	321
UniRef90_UPI00036BBF42	31.19	330	318
UniRef90_A0A0F5FET0	33.13	330	333
UniRef90_F4H6E3	30.42	330	337
UniRef90_UPI000539AA62	28.10	330	321
UniRef90_A0A0A0CBM0	35.45	330	332
UniRef90_UPI0005662CF6	36.53	330	336
UniRef90_UPI0007018896	31.44	330	349
UniRef90_F3NQ32	32.11	330	317
UniRef90_UPI00036A651E	32.42	330	333
UniRef90_A0A0M2S313	30.67	330	316
UniRef90_A0A0M2H8G5	34.04	330	342
UniRef90_UPI0004141E8A	31.60	330	316
UniRef90_UPI00069607BD	34.45	330	330
UniRef90_UPI0003A1A75A	31.40	330	321
UniRef90_A0A089XHM7	32.82	330	319
UniRef90_D2Q019	33.23	330	321
UniRef90_A0A0C2LV98	31.19	330	323
UniRef90_S4MRS8	30.21	330	558
UniRef90_A0A0F5Q1K2	34.35	330	338
UniRef90_D6A7A7	32.62	330	320
UniRef90_A0A0M2H105	34.04	330	336
UniRef90_UPI0005912906	32.73	330	336
UniRef90_UPI0003B5831C	32.45	330	341
UniRef90_Q0RPT1	32.52	330	318
UniRef90_H2JTV8	29.23	330	316
UniRef90_UPI0004C267C0	28.48	330	326
UniRef90_UPI000525149F	32.62	330	321
UniRef90_A0A0L8LPV1	26.97	330	321
UniRef90_C7Q800	32.42	330	329
UniRef90_UPI0003B3D0E7	33.13	330	333
UniRef90_A0A0C1TG14	28.75	330	322
UniRef90_A6WD69	31.91	330	337
UniRef90_UPI00047C6C02	29.75	330	319
UniRef90_C8X6F5	32.43	330	322
UniRef90_UPI00047FC320	31.63	330	338
UniRef90_D9VLG0	33.84	330	327
UniRef90_UPI000493A5CD	31.33	330	334
UniRef90_A0A0L8N404	26.36	330	321
UniRef90_UPI00037AA72A	28.70	330	323
UniRef90_UPI0003F9C2F4	33.33	330	334
UniRef90_C5C430	33.43	330	336
UniRef90_I0HEU9	32.21	330	316
UniRef90_A0A0F5YL71	29.57	330	320
UniRef90_UPI0004C469D4	30.61	330	321
UniRef90_UPI0002FAD2C4	33.74	330	337
UniRef90_UPI000524B1D8	28.40	330	321
UniRef90_UPI0006FE526D	34.35	330	328
UniRef90_D1CF81	28.22	330	318
UniRef90_A0A0F5L225	33.74	330	332
UniRef90_UPI00047CCB0E	31.55	330	338
UniRef90_A0A0N1NMI2	32.52	330	318
UniRef90_UPI0004657504	27.27	330	321
UniRef90_K0F7C9	30.28	330	321
UniRef90_UPI0004CAFFF2	27.58	330	321
UniRef90_UPI0004095711	29.18	330	321
UniRef90_UPI000406FD8D	33.43	330	333
UniRef90_F3NHU2	29.91	330	323
UniRef90_W6K0I5	32.13	330	339
UniRef90_UPI0006F85E14	28.48	330	321
UniRef90_A0A0D7QMU7	33.13	330	333
UniRef90_I0L0U8	31.19	330	316
UniRef90_J1L1X2	83.03	330	332
UniRef90_UPI0005BAAA0F	34.55	330	334
UniRef90_G2PCS1	34.86	330	321
UniRef90_UPI0006F694B5	30.72	330	333
UniRef90_B4VBX0	29.09	330	327
UniRef90_UPI0004C54F5E	28.70	330	321
UniRef90_UPI0002FB67BB	30.43	330	322
UniRef90_UPI0005B97A67	30.72	330	322
UniRef90_A0A010ZP66	27.71	330	325
UniRef90_UPI000381379D	28.79	330	320
UniRef90_B9L4G2	36.17	330	347
UniRef90_A0A0N0CHK9	27.58	330	332
UniRef90_M3BYU9	33.84	330	325
UniRef90_D6Y457	30.30	330	320
UniRef90_B5H950	28.10	330	321
UniRef90_UPI0006297693	28.48	330	321
UniRef90_K0K9U2	29.52	330	318
UniRef90_N0CP36	29.61	330	321
UniRef90_A0A0L8QW94	26.97	330	321
UniRef90_A0A0A0JZT1	32.33	330	334
UniRef90_W2ER19	30.09	330	321
UniRef90_UPI0004C6135C	32.32	330	319
UniRef90_B5GAX0	26.75	330	321
UniRef90_UPI00037D94FA	32.62	330	318
UniRef90_UPI00064C3684	36.81	330	337
UniRef90_UPI0004C546C2	34.15	330	318
UniRef90_A0A0D0X9F1	31.80	330	316
UniRef90_UPI0004C579D5	28.35	330	322
UniRef90_N1UQ55	32.53	330	334
UniRef90_UPI0004BFE78A	29.39	330	328
UniRef90_X7ZAJ7	30.61	330	328
UniRef90_X8A141	30.24	330	328
UniRef90_A0A075V0M5	30.40	330	329
UniRef90_UPI00052509B4	35.54	330	334
UniRef90_A0A0N0TLG1	30.40	330	323
UniRef90_UPI0004C677DE	32.93	330	321
UniRef90_H8I4V5	83.03	330	330
UniRef90_UPI0006DA80CB	32.54	330	334
UniRef90_UPI00046E81AC	34.04	330	334
UniRef90_UPI000374C60E	29.39	330	328
UniRef90_UPI0006BBC821	32.52	330	318
UniRef90_G8S3J2	32.81	330	312
UniRef90_UPI0006E275BB	30.79	330	317
UniRef90_UPI0004C14539	32.32	330	317
UniRef90_UPI00039F6A10	34.04	330	337
UniRef90_M3CAU9	28.70	330	321
UniRef90_UPI0007039864	31.29	330	317
UniRef90_U5EB57	29.97	330	318
UniRef90_UPI0006F63CB3	29.09	330	323
UniRef90_G4R7X1	32.12	330	340
UniRef90_UPI00066D8AB8	29.81	330	322
UniRef90_D6AZ68	30.51	330	322
UniRef90_M3TRI0	29.73	330	330
UniRef90_W7ITC8	32.93	330	317
UniRef90_UPI000303B078	29.41	330	326
UniRef90_A0A0M8MQN6	32.42	330	337
UniRef90_UPI00069A2F75	38.04	330	339
UniRef90_UPI000690FCCF	32.22	330	331
UniRef90_J0LLT0	29.18	330	326
UniRef90_D2ASM5	29.18	330	322
UniRef90_UPI0004C0F6C6	26.67	330	321
UniRef90_UPI000552D4D9	28.79	330	324
UniRef90_A0A0F0ELN9	30.61	330	328
UniRef90_UPI00058E41A0	29.09	330	324
UniRef90_A0A0E3ZDU9	32.22	330	321
UniRef90_A0A0J6XGT6	27.58	330	321
UniRef90_UPI0004BE0A76	30.58	330	320
UniRef90_U1MQZ0	33.94	330	330
UniRef90_A0A0D0Q5N7	33.23	330	318
UniRef90_M0BK96	29.88	330	317
UniRef90_UPI00055F27E7	31.61	330	321
UniRef90_UPI0006E1B54B	29.64	330	321
UniRef90_UPI0004E20C69	27.83	330	325
UniRef90_UPI00066B2F53	31.21	330	322
UniRef90_J9SAY4	30.00	330	330
UniRef90_UPI0002D4667B	32.22	330	334
UniRef90_A0A0L8J169	28.79	330	321
UniRef90_A0A0L0IA55	30.21	330	322
UniRef90_L9W507	30.00	330	318
UniRef90_UPI0004048B1F	34.65	330	330
UniRef90_A0A0G4CH18	31.50	330	318
UniRef90_A0A077LXK1	30.58	330	317
UniRef90_I2GEI0	29.57	330	322
UniRef90_UPI00040C21CC	34.15	330	316
UniRef90_A0A0J6WAF7	28.70	330	328
UniRef90_UPI0003A203EB	29.61	330	323
UniRef90_UPI0005A9E131	34.06	330	322
UniRef90_A1TGB8	28.48	330	328
UniRef90_UPI0006FFFA92	27.71	330	333
UniRef90_UPI00040E8FB5	30.61	330	328
UniRef90_F4F2B9	30.58	330	316
UniRef90_D5P8Y2	29.13	330	328
UniRef90_D7C2L6	30.49	330	321
UniRef90_UPI0005257B87	38.60	330	332
UniRef90_UPI00048AA1D4	28.23	330	328
UniRef90_UPI0005A95E7F	27.19	330	326
UniRef90_UPI0004CB072B	26.83	330	321
UniRef90_A0A024JPG5	29.39	330	328
UniRef90_UPI0004C93979	30.82	330	323
UniRef90_L0J776	28.18	330	328
UniRef90_UPI0006E41079	32.52	330	321
UniRef90_UPI0004923C26	29.22	330	339
UniRef90_UPI0004E21686	31.29	330	318
UniRef90_W7SST6	31.61	330	323
UniRef90_UPI000464ADD3	31.00	330	329
UniRef90_A4AEE8	30.40	330	330
UniRef90_Q1AR72	29.72	330	320
UniRef90_UPI0006E3B75C	31.72	330	322
UniRef90_UPI0004E1EA97	31.21	330	323
UniRef90_I0RRR9	27.79	330	328
UniRef90_A0A023X7M9	31.21	330	320
UniRef90_A0A0A0B840	27.88	330	332
UniRef90_UPI0006FF578C	31.91	330	318
UniRef90_U5VZ75	28.10	330	318
UniRef90_A0A066ZBK1	28.79	330	320
UniRef90_A0A0K3B5P0	33.54	330	323
UniRef90_UPI0004C34A09	31.50	330	324
UniRef90_UPI000647C8E3	28.18	330	322
UniRef90_UPI0004C70673	27.79	330	321
UniRef90_UPI0002FAA49B	31.91	330	317
UniRef90_UPI00054EE665	30.00	330	324
UniRef90_H6N4D0	28.96	330	332
UniRef90_UPI00056F1D33	31.80	330	318
UniRef90_UPI000426B9D3	28.06	330	329
UniRef90_UPI0004C1DD5E	32.83	330	318
UniRef90_UPI0005F2E358	32.19	330	311
UniRef90_E9V367	27.63	330	328
UniRef90_UPI00056BAF1E	30.49	330	322
UniRef90_UPI000646ABBE	33.23	330	328
UniRef90_A0A0D0KHN0	28.49	330	329
UniRef90_UPI0005BDBBD5	27.88	330	331
UniRef90_A7NR18	34.86	330	329
UniRef90_E4N5E3	29.09	330	320
UniRef90_A4T5W2	28.79	330	328
UniRef90_UPI00036C8DCE	34.35	330	334
UniRef90_UPI0006F3393A	28.57	330	322
UniRef90_A0A0G3IUJ3	28.10	330	328
UniRef90_D3SSK6	31.82	330	318
UniRef90_UPI0003FCFEA1	33.84	330	330
UniRef90_UPI0003A95BDD	28.44	330	329
UniRef90_UPI0004C0FCA7	27.36	330	321
UniRef90_D2RZF6	28.79	330	318
UniRef90_E8NEH0	29.39	330	324
UniRef90_UPI000702444D	29.55	330	336
UniRef90_UPI0004713285	34.56	330	330
UniRef90_UPI00048DFC99	28.48	330	330
UniRef90_UPI000561AA40	29.57	330	319
UniRef90_UPI00052605E9	32.42	330	324
UniRef90_UPI0005267A7B	29.48	330	318
UniRef90_UPI00035F8596	32.81	330	312
UniRef90_UPI000361C320	28.48	330	321
UniRef90_UPI0004C38C86	31.00	330	320
UniRef90_K9XIH9	28.57	330	319
UniRef90_T1VHK7	29.78	330	329
UniRef90_UPI0007031CC5	29.13	330	337
UniRef90_UPI0004C8B1A3	27.64	330	326
UniRef90_UPI0005649520	31.40	330	321
UniRef90_UPI000362DE89	29.48	330	322
UniRef90_X7UDS4	33.64	330	318
UniRef90_UPI0004C0B8D6	28.18	330	329
UniRef90_UPI0004C589EC	30.49	330	321
UniRef90_UPI000628FD1A	35.26	330	329
UniRef90_G8RQW6	27.88	330	325
UniRef90_UPI00035F56E8	29.79	330	329
UniRef90_X8ECI5	28.14	330	337
UniRef90_UPI0003810AD2	30.09	330	324
