UniRef90_P80366	99.76	424	459
UniRef90_V7ACX0	85.11	424	464
UniRef90_Q09131	80.38	424	464
UniRef90_Q4KU02	79.67	424	465
UniRef90_A0A072VQW8	79.25	424	467
UniRef90_V7AD31	82.82	424	429
UniRef90_A0A072TFW4	79.15	424	471
UniRef90_M5VLZ4	76.60	424	469
UniRef90_B9RHA3	76.36	424	467
UniRef90_A0A059ANQ1	76.83	424	475
UniRef90_A0A061DYP5	76.54	424	470
UniRef90_Q9SDZ9	77.07	424	465
UniRef90_D7U5K3	76.36	424	472
UniRef90_A0A0D2S7Q2	77.54	424	467
UniRef90_UPI000498F244	76.12	424	470
UniRef90_X5IEW7	76.36	424	468
UniRef90_UPI00052EBB5E	76.07	424	471
UniRef90_B9H0V4	74.94	424	490
UniRef90_UPI0005817419	75.18	424	467
UniRef90_W9RXW9	75.47	424	470
UniRef90_A0A022RBX4	74.94	424	464
UniRef90_A0A068TL08	74.00	424	471
UniRef90_V4UBK6	74.47	424	484
UniRef90_A0A067LCF7	76.60	424	466
UniRef90_A0A022RCP7	74.00	424	467
UniRef90_Q84KZ2	73.93	424	470
UniRef90_E1AFV6	74.94	424	463
UniRef90_Q84KS8	74.94	424	470
UniRef90_D7U5K4	73.76	424	471
UniRef90_I1M3C5	74.29	424	471
UniRef90_A0A0J8BHB8	74.23	424	469
UniRef90_UPI0002C32BAE	73.52	424	470
UniRef90_A0A0D2PZ78	73.52	424	478
UniRef90_Q9XF09	72.41	424	470
UniRef90_A0A061FDT9	72.99	424	467
UniRef90_A0A0A0K128	71.79	424	508
UniRef90_V7BUC2	72.47	424	461
UniRef90_A0A0K9QN59	73.52	424	473
UniRef90_UPI0004E54013	73.76	424	471
UniRef90_M5XDE4	73.70	424	468
UniRef90_A0A0D2QJD5	72.58	424	474
UniRef90_A0A059BQK3	72.12	424	476
UniRef90_B9H4H5	72.58	424	467
UniRef90_M5VJZ9	72.51	424	477
UniRef90_Q9ZP18	71.16	424	427
UniRef90_M1D1Z8	72.34	424	470
UniRef90_H6WZ69	72.04	424	465
UniRef90_K4B3L8	70.56	424	432
UniRef90_M4D9A9	71.33	424	466
UniRef90_E0CPG2	72.84	424	468
UniRef90_UPI00053C1AFF	71.87	424	466
UniRef90_A0A078EM74	71.09	424	466
UniRef90_UPI000498C56D	72.41	424	531
UniRef90_W1P0V8	71.93	424	461
UniRef90_A5B1B3	72.36	424	467
UniRef90_M4F891	71.33	424	468
UniRef90_Q9SIV9	71.09	424	468
UniRef90_M0SR51	73.40	424	466
UniRef90_UPI000511B407	72.10	424	540
UniRef90_K7KSQ9	72.84	424	474
UniRef90_A0A068UG42	71.81	424	426
UniRef90_A0A0J8D3C8	69.74	424	471
UniRef90_B9GRH6	71.16	424	488
UniRef90_A0A0B0PB97	73.05	424	910
UniRef90_A0A0B0PB97	72.27	424	910
UniRef90_Q9LRE7	72.10	424	462
UniRef90_A0A0B0PGL6	73.05	424	933
UniRef90_A0A0B0PGL6	72.08	424	933
UniRef90_V4M3T9	70.45	424	470
UniRef90_A0A0J8BJZ6	71.87	424	474
UniRef90_A0A061FK56	71.26	424	465
UniRef90_A0A0D2QZY8	71.33	424	467
UniRef90_A0A0B0P9A4	70.85	424	467
UniRef90_UPI0004E59D30	72.10	424	469
UniRef90_B4F9L6	71.33	424	475
UniRef90_M5VTV2	71.93	424	474
UniRef90_M5W3G9	71.70	424	479
UniRef90_UPI0005814709	69.10	424	469
UniRef90_Q8L6L1	71.63	424	463
UniRef90_E6NU63	70.91	424	471
UniRef90_UPI0002C2DE27	72.18	424	474
UniRef90_Q84KZ1	70.19	424	468
UniRef90_A0A0D3BDX7	69.69	424	470
UniRef90_M0SPT3	71.16	424	527
UniRef90_W9SFG9	71.60	424	594
UniRef90_W9SFG9	56.72	424	594
UniRef90_Q38924	70.67	424	469
UniRef90_I1HS75	70.14	424	468
UniRef90_B4XB31	70.43	424	469
UniRef90_M7Z3U5	68.11	424	483
UniRef90_Q8LJ43	69.91	424	465
UniRef90_B4XB43	70.67	424	526
UniRef90_S8C0W9	69.36	424	454
UniRef90_A0A0D6QXJ8	69.27	424	491
UniRef90_Q84KZ3	68.56	424	461
UniRef90_B9R821	69.50	424	469
UniRef90_A0A0K9PZS7	69.81	424	458
UniRef90_A0A059ANH4	68.16	424	466
UniRef90_UPI00053C2024	67.84	424	471
UniRef90_A0A0A0LRK5	68.75	424	477
UniRef90_A0A0B2RX77	69.34	424	445
UniRef90_Q9SE00	67.45	424	473
UniRef90_Q9MB07	68.01	424	455
UniRef90_A0A087GS48	68.51	424	464
UniRef90_UPI0003EA93C5	69.42	424	659
UniRef90_V9NCA2	68.27	424	533
UniRef90_A0A0K9PHR9	65.13	424	492
UniRef90_Q9LRJ3	67.79	424	466
UniRef90_W1P2U4	66.75	424	460
UniRef90_K4BVH1	67.15	424	471
UniRef90_UPI00053CA1C9	67.93	424	464
UniRef90_UPI0005814B24	66.51	424	464
UniRef90_A0A0A9CVQ9	65.40	424	458
UniRef90_A0A022QD15	64.47	424	527
UniRef90_UPI00046DA98C	66.67	424	401
UniRef90_UPI00053FE152	65.32	424	420
UniRef90_B4FLK0	65.01	424	466
UniRef90_UPI000581504C	65.17	424	427
UniRef90_V9LXI1	64.85	424	458
UniRef90_K3Z626	64.93	424	459
UniRef90_M0YKM9	64.69	424	457
UniRef90_A0A068VEX0	64.71	424	459
UniRef90_Q9XJ24	71.76	424	638
UniRef90_UPI0005CAD167	62.86	424	452
UniRef90_A0A078DLD4	64.44	424	460
UniRef90_B9T7B6	63.29	424	461
UniRef90_A0A0A0KH55	62.35	424	459
UniRef90_W9SND1	63.79	424	467
UniRef90_M7ZLD8	62.97	424	642
UniRef90_R0I7R9	64.72	424	464
UniRef90_Q84V55	63.98	424	462
UniRef90_J3NFB3	63.03	424	458
UniRef90_D7LB83	63.38	424	461
UniRef90_I1IG27	62.30	424	465
UniRef90_F2DH21	61.94	424	463
UniRef90_V4T9Z4	66.33	424	390
UniRef90_A5CBV9	64.07	424	403
UniRef90_A9NVR5	61.87	424	517
UniRef90_A0A0E0MQ19	64.45	424	945
UniRef90_A0A0E0MQ19	57.24	424	945
UniRef90_M4F825	63.00	424	467
UniRef90_A0A0D9Y1T8	65.17	424	1186
UniRef90_A0A0D9Y1T8	61.27	424	1186
UniRef90_K4CFK5	63.10	424	456
UniRef90_A0A067K8V7	63.40	424	462
UniRef90_A0A087HDJ4	63.03	424	465
UniRef90_V4S895	75.07	424	401
UniRef90_C0P5E1	60.85	424	461
UniRef90_Q9C510	60.56	424	466
UniRef90_UPI0003EA9CA5	61.28	424	456
UniRef90_V4MQU8	60.19	424	464
UniRef90_UPI0005D419FC	60.95	424	400
UniRef90_A0A0E0GI84	60.90	424	943
UniRef90_A0A0E0GI84	60.99	424	943
UniRef90_I1Q416	61.78	424	476
UniRef90_I1GVF8	61.06	424	480
UniRef90_C5YWL2	60.66	424	472
UniRef90_A2ZN55	62.74	424	480
UniRef90_K3Z0Y1	60.33	424	459
UniRef90_O23244	60.05	424	466
UniRef90_Q9SIV9-2	72.40	424	348
UniRef90_B8BN70	60.99	424	462
UniRef90_M4D254	59.24	424	459
UniRef90_UPI00053F9AE4	60.57	424	395
UniRef90_F2EF31	60.62	424	454
UniRef90_D8TBS5	59.62	424	474
UniRef90_B4FR72	61.06	424	476
UniRef90_V4LS82	59.25	424	467
UniRef90_UPI00052EAC86	60.19	424	531
UniRef90_Q8L5E1	61.15	424	477
UniRef90_U5CYW7	60.34	424	509
UniRef90_I1LZT0	60.91	424	475
UniRef90_UPI00053B8FD1	59.11	424	465
UniRef90_W5HP15	60.58	424	499
UniRef90_A0A0K9QIW9	59.20	424	438
UniRef90_A0A0E0RKH2	61.74	424	869
UniRef90_A0A0E0RKH2	60.00	424	869
UniRef90_A0A078J8J0	59.15	424	460
UniRef90_A0A068UPV9	60.91	424	478
UniRef90_V4L7N3	73.31	424	337
UniRef90_I1GNM1	61.14	424	456
UniRef90_M8AZP4	59.07	424	473
UniRef90_A0A0K9NXK9	58.41	424	479
UniRef90_UPI00057B7C5D	73.19	424	372
UniRef90_M0SE93	60.58	424	468
UniRef90_UPI00057B16C8	59.62	424	491
UniRef90_M0S360	60.34	424	484
UniRef90_W5HKQ5	59.90	424	461
UniRef90_A0A0B2QLD4	73.03	424	407
UniRef90_UPI00032A90D4	59.95	424	476
UniRef90_A0A061GHS9	59.23	424	482
UniRef90_R0I977	59.02	424	464
UniRef90_UPI000526FB54	60.34	424	417
UniRef90_A0A0D3HX62	60.99	424	899
UniRef90_A0A0D3HX62	57.24	424	899
UniRef90_K3Z5V8	60.52	424	477
UniRef90_V9NC52	59.71	424	469
UniRef90_UPI00051BE0BE	59.95	424	477
UniRef90_A0A0D2U744	59.57	424	477
UniRef90_A0A0D2TMT7	74.22	424	371
UniRef90_A0A061GP98	59.71	424	489
UniRef90_UPI00052F061E	59.47	424	478
UniRef90_I1IG28	59.24	424	459
UniRef90_A0A087GK61	58.00	424	468
UniRef90_D7SV33	59.23	424	484
UniRef90_UPI00052047AB	59.23	424	500
UniRef90_A0A0J8BS79	58.99	424	478
UniRef90_Q6YGT9	59.71	424	512
UniRef90_M5VPK4	58.75	424	483
UniRef90_A0A0D2W8U8	59.47	424	475
UniRef90_A0A0D2UCQ1	58.03	424	479
UniRef90_A0A0K9PHG3	72.24	424	343
UniRef90_B9IL00	58.27	424	478
UniRef90_F6HCG3	58.99	424	485
UniRef90_B9RP16	58.99	424	469
UniRef90_B9SXP6	58.75	424	488
UniRef90_G7JFF6	60.67	424	475
UniRef90_A0A067K2B4	59.23	424	478
UniRef90_UPI0002C3786F	57.79	424	482
UniRef90_A0A059CXQ5	58.75	424	485
UniRef90_U7DZC7	58.75	424	484
UniRef90_Q6J5M8	58.99	424	477
UniRef90_A0A0D3DL36	58.99	424	479
UniRef90_A0A059CLT2	58.51	424	466
UniRef90_A0A0E0RKH5	60.14	424	457
UniRef90_M1AD80	58.99	424	477
UniRef90_V4UUP3	58.75	424	479
UniRef90_UPI0005816EE7	58.75	424	480
UniRef90_V9NC36	58.75	424	477
UniRef90_A0A022RK57	58.51	424	477
UniRef90_Q949Y3	57.79	424	475
UniRef90_UPI00049918D3	57.79	424	463
UniRef90_M8ARB7	57.01	424	525
UniRef90_V9LXL9	58.51	424	476
UniRef90_A0A0K9RDF3	58.03	424	478
UniRef90_UPI000498828D	58.27	424	486
UniRef90_V4NV26	58.12	424	404
UniRef90_UPI00053C1050	58.03	424	476
UniRef90_A0A022R2W2	57.18	424	468
UniRef90_Q9C927	57.58	424	396
UniRef90_Q93WP4	58.17	424	481
UniRef90_Q9SI18	57.45	424	441
UniRef90_A9TI15	58.21	424	454
UniRef90_T2DPJ5	58.03	424	479
UniRef90_R0G573	68.96	424	374
UniRef90_W5CFL4	69.70	424	329
UniRef90_UPI0005FC24C4	57.75	424	402
UniRef90_M0ZWN5	70.85	424	361
UniRef90_A0A0K9R9M5	56.59	424	469
UniRef90_A0A0J8BNA5	56.90	424	462
UniRef90_A0A0J8D479	57.07	424	469
UniRef90_V7CA77	57.18	424	441
UniRef90_A0A0K9QP40	57.86	424	746
UniRef90_UPI0006A6D46A	53.59	424	521
UniRef90_J3NFB2	56.67	424	414
UniRef90_A0A0A0LWA9	56.94	424	481
UniRef90_UPI0006A7047F	66.77	424	397
UniRef90_A9RX47	58.07	424	453
UniRef90_B4XB41	64.97	424	397
UniRef90_UPI00051ADA45	54.91	424	471
UniRef90_S8DCH9	69.47	424	350
UniRef90_S8CC20	56.29	424	480
UniRef90_UPI0005300BEE	56.64	424	397
UniRef90_A0A0D3BDY0	62.61	424	417
UniRef90_UPI00046D9ADC	65.88	424	334
UniRef90_A0A0K9PXA7	68.01	424	366
UniRef90_UPI00049889D4	54.20	424	485
UniRef90_B9SXP8	53.48	424	463
UniRef90_A0A0D3DHZ1	62.57	424	360
UniRef90_I1R878	65.05	424	337
UniRef90_A0A0K9QLJ7	60.17	424	446
UniRef90_UPI0006AA88E5	67.12	424	312
UniRef90_S8C1Q7	63.36	424	371
UniRef90_M4DMM0	61.10	424	555
UniRef90_A0A059PZQ6	52.28	424	425
UniRef90_A5JQI7	59.94	424	396
UniRef90_UPI000520F3C3	60.58	424	405
UniRef90_I1MU35	59.76	424	409
UniRef90_D8SLM4	49.16	424	453
UniRef90_A0A0K9PYY3	59.19	424	364
UniRef90_W5EHZ5	61.39	424	453
UniRef90_M8C6B6	49.41	424	402
UniRef90_A0A078BX40	62.83	424	325
UniRef90_A0A059CL76	49.76	424	407
UniRef90_UPI0004F15449	62.54	424	398
UniRef90_UPI0004F15449	62.50	424	398
UniRef90_V4UML7	58.90	424	374
UniRef90_W5FZZ8	67.17	424	302
UniRef90_A0A0D3AEM2	60.86	424	330
UniRef90_V9NC11	67.30	424	263
UniRef90_A0A067G1H4	62.37	424	356
UniRef90_A0A0B2QRB9	71.95	424	345
UniRef90_U5FF77	57.89	424	354
UniRef90_M0UEY0	58.12	424	309
UniRef90_Q9LX83	48.35	424	388
UniRef90_UPI00057A63CF	79.45	424	240
UniRef90_A0A0D9Y1T9	47.04	424	402
UniRef90_A0A067EEW5	70.25	424	247
UniRef90_UPI0004988795	62.32	424	311
UniRef90_UPI0005FBEFB7	47.42	424	350
UniRef90_C6T819	83.16	424	307
UniRef90_A0A061FD96	72.73	424	353
UniRef90_A0A061FD96	66.67	424	353
UniRef90_A0A0D2QJD8	69.30	424	261
UniRef90_UPI0006AA90FF	62.24	424	419
UniRef90_D8RHK7	43.39	424	413
UniRef90_A0A096RFT2	70.65	424	268
UniRef90_UPI00051C73FC	43.61	424	427
UniRef90_B4XB39	68.66	424	246
UniRef90_UPI0004990CFC	71.28	424	217
UniRef90_M5VW03	42.39	424	435
UniRef90_UPI0004E56D00	42.31	424	429
UniRef90_A0A068V3M6	43.72	424	432
UniRef90_V7CXH5	41.96	424	429
UniRef90_M0ZS86	43.11	424	425
UniRef90_UPI00051BD08F	43.18	424	450
UniRef90_V4UUX0	41.71	424	468
UniRef90_UPI000510921E	41.28	424	435
UniRef90_UPI00057B0886	42.07	424	429
UniRef90_A0A061FD44	43.39	424	435
UniRef90_A0A067LF84	43.80	424	444
UniRef90_UPI00058118A0	42.71	424	428
UniRef90_UPI0004E57D8A	43.11	424	440
UniRef90_UPI000498D064	62.98	424	218
UniRef90_UPI00052EE9BE	41.97	424	432
UniRef90_W9RG64	41.65	424	445
UniRef90_A0A068V4F2	43.22	424	439
UniRef90_V7D128	40.19	424	482
UniRef90_UPI0002C36620	40.67	424	438
UniRef90_K4A9F0	42.57	424	472
UniRef90_M5W8W6	41.15	424	445
UniRef90_W9QMY5	42.28	424	441
UniRef90_A0A061EU97	41.81	424	505
UniRef90_UPI000511C0AD	42.25	424	430
UniRef90_D8SSG3	40.66	424	432
UniRef90_G7K8G7	42.53	424	439
UniRef90_UPI00046E231D	68.98	424	239
UniRef90_A0A067L2R6	42.21	424	432
UniRef90_C6TKP5	72.57	424	200
UniRef90_G7IXK7	42.28	424	433
UniRef90_A0A061F141	41.46	424	508
UniRef90_UPI00053C3244	41.04	424	427
UniRef90_A0A059DG30	43.04	424	379
UniRef90_F6HKJ9	42.42	424	449
UniRef90_A0A067L4U3	41.77	424	434
UniRef90_K7KG05	41.46	424	430
UniRef90_A0A0J8C3I1	40.57	424	435
UniRef90_UPI00032A7348	41.27	424	444
UniRef90_A0A0K9QM98	41.79	424	418
UniRef90_A0A059DG26	42.07	424	447
UniRef90_UPI000581399E	42.82	424	434
UniRef90_C5YFT7	41.87	424	448
UniRef90_B9I0D9	42.53	424	432
UniRef90_UPI00052F2C8E	42.11	424	430
UniRef90_A0A0D2TZM9	41.77	424	514
UniRef90_G8HI83	62.44	424	205
UniRef90_UPI00032A5B8E	41.27	424	444
UniRef90_B8LRS5	40.91	424	424
UniRef90_I1GQN0	42.53	424	457
UniRef90_M5WPE3	40.76	424	434
UniRef90_Q9LJU7	41.81	424	437
UniRef90_A0A067FCE4	40.68	424	369
UniRef90_UPI0005115A0C	41.77	424	443
UniRef90_D5AA01	41.06	424	423
UniRef90_W5G061	41.94	424	591
UniRef90_A0A067FD35	41.98	424	454
UniRef90_UPI0004E5634B	42.68	424	440
UniRef90_A0A0A0KIN1	41.75	424	436
UniRef90_A0A059DFE2	41.71	424	438
UniRef90_Q8S340	40.76	424	434
UniRef90_M0W8X3	41.56	424	388
UniRef90_D7T8B0	41.00	424	432
UniRef90_A0A072VJR0	40.76	424	436
UniRef90_W1PSR3	41.40	424	425
UniRef90_V9NCA3	41.56	424	449
UniRef90_A0A0C9QVC6	40.94	424	393
UniRef90_V7BKC0	41.01	424	432
UniRef90_UPI0005814328	42.03	424	433
UniRef90_UPI0006AB6982	69.02	424	375
UniRef90_R0HJI3	42.50	424	429
UniRef90_UPI0002C308F9	40.94	424	430
UniRef90_A0A068UBB4	41.52	424	440
UniRef90_A0A061FC25	71.93	424	342
UniRef90_A0A061FC25	66.40	424	342
UniRef90_A0A022PSB9	41.27	424	434
UniRef90_A0A059DEL7	40.43	424	418
UniRef90_UPI0004E58A8A	42.32	424	442
UniRef90_A0A0D3CTG9	39.47	424	436
UniRef90_UPI0004E56F10	73.05	424	171
UniRef90_B9SRV6	40.94	424	369
UniRef90_C5WUD8	41.77	424	487
UniRef90_U5GHV9	41.88	424	446
UniRef90_U5GX45	42.28	424	432
UniRef90_UPI0002C3386A	39.95	424	443
UniRef90_UPI0002C2ED85	39.90	424	436
UniRef90_UPI00053C27D5	41.52	424	434
UniRef90_D8SF22	42.19	424	382
UniRef90_M1C0M6	42.36	424	436
UniRef90_UPI00051207D5	42.43	424	432
UniRef90_W9RRF3	40.99	424	372
UniRef90_A0A0D2VEF6	41.52	424	437
UniRef90_UPI00052EEE46	41.27	424	439
UniRef90_A0A059BMV1	41.99	424	434
UniRef90_Q10I09	42.78	424	470
UniRef90_A0A0J8BZ70	41.92	424	445
UniRef90_G7L619	40.35	424	427
UniRef90_A0A0D2RWZ1	40.20	424	427
UniRef90_UPI0006480E26	39.60	424	442
UniRef90_M4F3X6	41.01	424	435
UniRef90_S8C684	42.00	424	389
UniRef90_B8LL20	41.27	424	448
UniRef90_UPI0005270A7F	40.90	424	466
UniRef90_A0A022R5I2	40.15	424	433
UniRef90_V9HXG4	41.52	424	442
UniRef90_UPI00058134DB	41.52	424	436
UniRef90_W1PXS5	40.66	424	440
UniRef90_M0Y7U1	41.52	424	475
UniRef90_V9NC90	42.19	424	370
UniRef90_V4LRV6	40.85	424	438
UniRef90_A0A0J8F9Z9	41.69	424	378
UniRef90_K3Y6N9	42.11	424	510
UniRef90_M0ZS21	42.57	424	443
UniRef90_Q2QXM4	39.85	424	445
UniRef90_A0A087HDK4	40.35	424	427
UniRef90_UPI0005206008	41.77	424	437
UniRef90_K4CHD0	41.85	424	436
UniRef90_K7KG04	40.25	424	491
UniRef90_UPI00032A9968	39.76	424	425
UniRef90_UPI00053C9615	40.25	424	487
UniRef90_UPI00053A7361	40.00	424	434
UniRef90_D7LUB5	39.75	424	435
UniRef90_V4LZ80	41.01	424	822
UniRef90_V4LZ80	41.22	424	822
UniRef90_G7L615	40.00	424	444
UniRef90_A0A0K9PG31	40.30	424	427
UniRef90_I1IUC5	41.50	424	528
UniRef90_UPI00032A63A1	41.27	424	437
UniRef90_I3SLH6	41.36	424	436
UniRef90_UPI00051085CC	39.95	424	439
UniRef90_M1B548	40.40	424	434
UniRef90_B4FKP7	40.69	424	452
UniRef90_A0A0C9QL22	39.90	424	450
UniRef90_Q9LXI7	41.46	424	427
UniRef90_M0TB85	41.27	424	446
UniRef90_R0HKR9	40.51	424	433
UniRef90_A0A0D9XP52	39.31	424	444
UniRef90_A9RHZ5	39.30	424	384
UniRef90_A0A0A9EBM4	41.10	424	535
UniRef90_A0A059DFE8	39.85	424	382
UniRef90_B8BJ49	40.85	424	542
UniRef90_I0Z8X7	40.19	424	459
UniRef90_J3N631	41.10	424	438
UniRef90_G3MHT4	40.91	424	466
UniRef90_V7B9L1	40.45	424	432
UniRef90_UPI000350C566	39.40	424	448
UniRef90_U5DBQ9	39.75	424	436
UniRef90_UPI00052F397B	40.90	424	448
UniRef90_W5GS60	41.16	424	378
UniRef90_A0A022R9B5	40.05	424	380
UniRef90_M0U3A4	40.25	424	428
UniRef90_A0A0D9W4M1	38.77	424	474
UniRef90_A9SXV5	38.38	424	456
UniRef90_A0A0D3HIB4	40.40	424	574
UniRef90_F2DAB5	40.50	424	532
UniRef90_M0XWB1	39.60	424	500
UniRef90_A0A0K9PN95	40.66	424	451
UniRef90_Q9LXI4	40.25	424	437
UniRef90_A0A024UCE4	37.38	424	451
UniRef90_G0T426	39.31	424	379
UniRef90_F6HKK0	39.34	424	427
UniRef90_M4CRV6	39.60	424	426
UniRef90_A0A0J8C921	69.19	424	336
UniRef90_A0A0J8C921	56.35	424	336
UniRef90_I1IUC3	39.56	424	449
UniRef90_A9S5K7	37.37	424	454
UniRef90_I1IXG9	39.65	424	447
UniRef90_W4FYC6	38.01	424	425
UniRef90_A0A0A9PMP0	40.20	424	453
UniRef90_Q53Q73	38.85	424	439
UniRef90_K3Y794	40.05	424	449
UniRef90_A0A087SHZ1	39.03	424	505
UniRef90_A0A022QY90	70.00	424	161
UniRef90_A0A0A0LBF2	39.40	424	430
UniRef90_B9RWM5	37.44	424	509
UniRef90_UPI0005810EB7	39.75	424	433
UniRef90_UPI00052EB481	39.15	424	459
UniRef90_M7ZW23	40.35	424	560
UniRef90_M0XED1	39.84	424	381
UniRef90_A0A0E0R4B3	41.25	424	1334
UniRef90_B9G9F6	40.85	424	1184
UniRef90_F2U8E5	38.46	424	466
UniRef90_A0A0D9XWY6	39.35	424	443
UniRef90_UPI00058174E6	40.68	424	379
UniRef90_A0A0D9XP49	39.65	424	705
UniRef90_M0RRM7	39.80	424	583
UniRef90_C5YRS3	37.98	424	491
UniRef90_A9URA5	39.57	424	461
UniRef90_W5BD08	39.10	424	525
UniRef90_T0S7S1	38.89	424	410
UniRef90_UPI0005118A81	39.49	424	369
UniRef90_A0A0E0MCI6	40.24	424	1204
UniRef90_K7TEL4	39.27	424	447
UniRef90_A0A0E0DDT7	39.00	424	533
UniRef90_W5FEJ7	39.32	424	371
UniRef90_A0A0D9XP47	39.65	424	890
UniRef90_A0A0A9HRR5	61.70	424	201
UniRef90_A0A067D0N8	38.82	424	415
UniRef90_K7UD79	38.69	424	409
UniRef90_I0YIJ7	35.46	424	562
UniRef90_R0GHY0	36.02	424	527
UniRef90_S8CDC9	37.69	424	378
UniRef90_A0A022R4J7	41.35	424	345
UniRef90_M0YS06	39.50	424	444
UniRef90_P80366	99.76	424	459
UniRef90_UPI00052EBB5E	76.07	424	471
UniRef90_Q9SDZ9	77.07	424	465
UniRef90_V7ACX0	85.11	424	464
UniRef90_A0A068TL08	74.00	424	471
UniRef90_A0A059ANQ1	76.83	424	475
UniRef90_A0A022RBX4	74.94	424	464
UniRef90_UPI0005817419	75.18	424	467
UniRef90_A0A072TFW4	79.15	424	471
UniRef90_B9RHA3	76.36	424	467
UniRef90_A0A059BQK3	70.92	424	476
UniRef90_A0A0K9QN59	73.52	424	473
UniRef90_A0A061DYP5	76.36	424	470
UniRef90_D7U5K3	76.36	424	472
UniRef90_B9H0V4	74.94	424	490
UniRef90_B9H4H5	72.58	424	467
UniRef90_Q84KZ2	73.93	424	470
UniRef90_M5VLZ4	76.60	424	469
UniRef90_UPI00053C1AFF	71.87	424	466
UniRef90_Q4KU02	79.67	424	465
UniRef90_Q84KS8	74.94	424	470
UniRef90_I1M3C5	74.29	424	471
UniRef90_A0A022RCP7	74.00	424	467
UniRef90_Q09131	80.38	424	464
UniRef90_V4UBK6	74.47	424	484
UniRef90_X5IEW7	76.36	424	468
UniRef90_W9RXW9	75.47	424	470
UniRef90_A0A0D2S7Q2	77.54	424	467
UniRef90_UPI000498F244	75.89	424	470
UniRef90_W1P0V8	71.93	424	461
UniRef90_Q9XF09	72.17	424	470
UniRef90_A0A0D2QJD5	72.90	424	474
UniRef90_A0A0A0K128	71.79	424	508
UniRef90_M4F891	71.33	424	468
UniRef90_W9SFG9	70.92	424	594
UniRef90_W9SFG9	55.07	424	594
UniRef90_D7U5K4	73.76	424	471
UniRef90_E1AFV6	74.94	424	463
UniRef90_B9GRH6	71.16	424	488
UniRef90_V4M3T9	70.45	424	470
UniRef90_UPI0002C32BAE	73.52	424	470
UniRef90_UPI0004E54013	73.76	424	471
UniRef90_M1D1Z8	72.34	424	470
UniRef90_M0SR51	73.40	424	466
UniRef90_A0A067LCF7	76.60	424	466
UniRef90_UPI000498C56D	72.41	424	531
UniRef90_Q8LJ43	69.67	424	465
UniRef90_M4D9A9	71.33	424	466
UniRef90_A0A061FK56	71.88	424	465
UniRef90_M5XDE4	73.70	424	468
UniRef90_I1HS75	69.91	424	468
UniRef90_UPI0004E59D30	72.10	424	469
UniRef90_A0A072VQW8	78.96	424	467
UniRef90_A0A0J8BJZ6	71.87	424	474
UniRef90_Q9SIV9	71.09	424	468
UniRef90_A0A078EM74	71.09	424	466
UniRef90_B4F9L6	70.92	424	475
UniRef90_V7BUC2	72.47	424	461
UniRef90_E6NU63	70.14	424	471
UniRef90_A0A0J8BHB8	74.23	424	469
UniRef90_M0SPT3	71.16	424	527
UniRef90_A0A0D2PZ78	73.52	424	478
UniRef90_Q9ZP18	71.16	424	427
UniRef90_A0A0J8D3C8	69.74	424	471
UniRef90_E0CPG2	71.63	424	468
UniRef90_M7Z3U5	67.88	424	483
UniRef90_UPI000511B407	71.87	424	540
UniRef90_UPI0003EA93C5	69.17	424	659
UniRef90_UPI0002C2DE27	72.18	424	474
UniRef90_K4B3L8	70.56	424	432
UniRef90_K7KSQ9	72.10	424	474
UniRef90_UPI0005814709	69.10	424	469
UniRef90_H6WZ69	72.04	424	465
UniRef90_B9R821	69.50	424	469
UniRef90_Q84KZ1	70.19	424	468
UniRef90_A0A0D3BDX7	69.69	424	470
UniRef90_M5VTV2	71.46	424	474
UniRef90_A0A061FDT9	72.99	424	467
UniRef90_M5VJZ9	72.27	424	477
UniRef90_B4XB43	70.67	424	526
UniRef90_A5B1B3	72.36	424	467
UniRef90_S8C0W9	69.36	424	454
UniRef90_A0A0B0P9A4	70.85	424	467
UniRef90_A0A0D6QXJ8	69.27	424	491
UniRef90_M7ZLD8	62.97	424	642
UniRef90_UPI00053C2024	67.84	424	471
UniRef90_A0A068UG42	70.62	424	426
UniRef90_Q38924	70.67	424	469
UniRef90_Q8L6L1	71.63	424	463
UniRef90_Q84KZ3	68.56	424	461
UniRef90_B4XB31	70.43	424	469
UniRef90_Q9LRE7	72.10	424	462
UniRef90_A0A087GS48	67.70	424	464
UniRef90_A0A0A9CVQ9	65.40	424	458
UniRef90_Q9MB07	68.01	424	455
UniRef90_A0A0B0PGL6	73.05	424	933
UniRef90_A0A0B0PGL6	72.08	424	933
UniRef90_A0A0B0PB97	73.05	424	910
UniRef90_A0A0B0PB97	72.10	424	910
UniRef90_V9NCA2	68.11	424	533
UniRef90_A0A0A0LRK5	68.75	424	477
UniRef90_A0A0K9PZS7	69.58	424	458
UniRef90_A0A059ANH4	68.16	424	466
UniRef90_A0A0D2QZY8	71.33	424	467
UniRef90_M5W3G9	71.22	424	479
UniRef90_K3Z626	64.93	424	459
UniRef90_Q9SE00	67.45	424	473
UniRef90_M0YKM9	64.69	424	457
UniRef90_J3NFB3	62.88	424	458
UniRef90_B4FLK0	65.01	424	466
UniRef90_Q84V55	63.83	424	462
UniRef90_UPI00053CA1C9	67.22	424	464
UniRef90_A0A0E0MQ19	64.30	424	945
UniRef90_A0A0E0MQ19	57.24	424	945
UniRef90_UPI00052EAC86	60.19	424	531
UniRef90_K4BVH1	67.15	424	471
UniRef90_A0A067K2B4	59.23	424	478
UniRef90_F2DH21	61.79	424	463
UniRef90_A0A0K9PHR9	64.91	424	492
UniRef90_UPI00032A90D4	59.95	424	476
UniRef90_K3Z0Y1	60.33	424	459
UniRef90_A0A0D9Y1T8	65.01	424	1186
UniRef90_A0A0D9Y1T8	61.03	424	1186
UniRef90_U7DZC7	58.75	424	484
UniRef90_B9SXP6	58.75	424	488
UniRef90_M5VPK4	58.51	424	483
UniRef90_W1P2U4	66.12	424	460
UniRef90_I1IG27	62.53	424	465
UniRef90_D7SV33	59.23	424	484
UniRef90_A0A0J8BS79	58.99	424	478
UniRef90_Q8L5E1	61.15	424	477
UniRef90_UPI00053C1050	58.03	424	476
UniRef90_A0A0B2RX77	69.34	424	445
UniRef90_M4F825	63.00	424	467
UniRef90_UPI00052047AB	59.23	424	500
UniRef90_A0A068UPV9	60.91	424	478
UniRef90_V9LXI1	64.85	424	458
UniRef90_Q6YGT9	59.71	424	512
UniRef90_A0A061GHS9	59.23	424	482
UniRef90_A9NVR5	61.87	424	517
UniRef90_Q9LRJ3	67.79	424	466
UniRef90_UPI0003EA9CA5	61.28	424	456
UniRef90_UPI00057B16C8	59.62	424	491
UniRef90_A0A022QD15	64.47	424	527
UniRef90_B8BN70	60.99	424	462
UniRef90_I1GVF8	61.06	424	480
UniRef90_I1LZT0	60.91	424	475
UniRef90_UPI0002C3786F	57.79	424	482
UniRef90_I1Q416	61.78	424	476
UniRef90_B4FR72	61.06	424	476
UniRef90_W5HP15	60.58	424	499
UniRef90_A0A068VEX0	64.94	424	459
UniRef90_V9NC36	58.75	424	477
UniRef90_UPI0005814B24	65.72	424	464
UniRef90_V4UUP3	58.75	424	479
UniRef90_A0A0D2U744	59.57	424	477
UniRef90_D7LB83	63.23	424	461
UniRef90_F6HCG3	58.99	424	485
UniRef90_R0I7R9	64.17	424	464
UniRef90_A0A0D2W8U8	59.47	424	475
UniRef90_UPI0005816EE7	58.75	424	480
UniRef90_A0A059CXQ5	58.75	424	485
UniRef90_A0A022RK57	58.51	424	477
UniRef90_G7JFF6	60.67	424	475
UniRef90_UPI00051BE0BE	59.95	424	477
UniRef90_A0A059CLT2	58.51	424	466
UniRef90_UPI00052F061E	59.47	424	478
UniRef90_UPI000498828D	58.27	424	486
UniRef90_A0A0E0GI84	60.76	424	943
UniRef90_A0A0E0GI84	60.99	424	943
UniRef90_M1AD80	58.99	424	477
UniRef90_A0A0D3HX62	60.99	424	899
UniRef90_A0A0D3HX62	57.11	424	899
UniRef90_A0A022R2W2	56.83	424	468
UniRef90_U5CYW7	60.34	424	509
UniRef90_A0A0K9NXK9	58.41	424	479
UniRef90_B9IL00	58.27	424	478
UniRef90_M0S360	60.34	424	484
UniRef90_D8TBS5	58.78	424	474
UniRef90_W5HKQ5	59.90	424	461
UniRef90_B9T7B6	63.06	424	461
UniRef90_A2ZN55	62.17	424	480
UniRef90_A0A0D2UCQ1	58.03	424	479
UniRef90_V4MQU8	60.19	424	464
UniRef90_V9NC52	59.71	424	469
UniRef90_A0A061GP98	59.71	424	489
UniRef90_UPI000581504C	65.17	424	427
UniRef90_Q9C510	60.85	424	466
UniRef90_V4LS82	58.97	424	467
UniRef90_UPI00049918D3	57.79	424	463
UniRef90_A0A0K9RDF3	58.03	424	478
UniRef90_B9RP16	58.99	424	469
UniRef90_A0A087HDJ4	62.30	424	465
UniRef90_A0A0D3DL36	58.99	424	479
UniRef90_F2EF31	60.48	424	454
UniRef90_I1GNM1	60.66	424	456
UniRef90_A0A0E0RKH2	61.59	424	869
UniRef90_A0A0E0RKH2	60.30	424	869
UniRef90_T2DPJ5	58.03	424	479
UniRef90_A0A0A0KH55	61.88	424	459
UniRef90_Q949Y3	57.79	424	475
UniRef90_Q6J5M8	58.99	424	477
UniRef90_M0SE93	60.58	424	468
UniRef90_UPI00053FE152	65.32	424	420
UniRef90_A0A067K8V7	63.17	424	462
UniRef90_W9SND1	63.79	424	467
UniRef90_UPI00046DA98C	66.19	424	401
UniRef90_K3Z5V8	60.52	424	477
UniRef90_R0I977	58.60	424	464
UniRef90_A0A078J8J0	59.43	424	460
UniRef90_C0P5E1	60.71	424	461
UniRef90_V9LXL9	58.27	424	476
UniRef90_V7AD31	82.82	424	429
UniRef90_M8ARB7	56.55	424	525
UniRef90_M4D254	59.24	424	459
UniRef90_I1IG28	59.24	424	459
UniRef90_O23244	60.05	424	466
UniRef90_Q93WP4	58.17	424	481
UniRef90_A0A0K9R9M5	56.35	424	469
UniRef90_UPI00053B8FD1	59.11	424	465
UniRef90_A0A0K9QP40	57.86	424	746
UniRef90_A0A078DLD4	64.11	424	460
UniRef90_V4T9Z4	65.84	424	390
UniRef90_UPI0006A6D46A	53.59	424	521
UniRef90_A0A0A0LWA9	56.83	424	481
UniRef90_C5YWL2	60.19	424	472
UniRef90_S8CC20	55.88	424	480
UniRef90_A0A087GK61	58.00	424	468
UniRef90_M8AZP4	59.35	424	473
UniRef90_A9RX47	57.48	424	453
UniRef90_A0A0J8D479	57.07	424	469
UniRef90_A0A0J8BNA5	56.90	424	462
UniRef90_A0A0K9QIW9	59.20	424	438
UniRef90_UPI0005CAD167	62.42	424	452
UniRef90_K4CFK5	61.63	424	456
UniRef90_UPI0005D419FC	60.38	424	400
UniRef90_A0A0E0RKH5	59.34	424	457
UniRef90_Q9XJ24	71.76	424	638
UniRef90_V7CA77	56.94	424	441
UniRef90_A9TI15	57.93	424	454
UniRef90_V4NV26	58.12	424	404
UniRef90_A5CBV9	64.07	424	403
UniRef90_UPI00049889D4	53.96	424	485
UniRef90_UPI00053F9AE4	60.57	424	395
UniRef90_Q9C927	57.58	424	396
UniRef90_UPI0005FC24C4	57.51	424	402
UniRef90_UPI0005300BEE	56.16	424	397
UniRef90_M5W8W6	40.29	424	445
UniRef90_B9SXP8	53.48	424	463
UniRef90_V4S895	75.07	424	401
UniRef90_Q9SI18	57.45	424	441
UniRef90_A0A061FD44	42.54	424	435
UniRef90_M5WPE3	39.60	424	434
UniRef90_UPI0005814328	40.10	424	433
UniRef90_W1PSR3	41.16	424	425
UniRef90_W9RG64	41.12	424	445
UniRef90_M5VW03	41.44	424	435
UniRef90_UPI0002C36620	39.81	424	438
UniRef90_A0A0E0MCI6	39.61	424	1204
UniRef90_J3NFB2	56.29	424	414
UniRef90_M4F3X6	39.70	424	435
UniRef90_UPI00051C73FC	42.46	424	427
UniRef90_Q9LJU7	40.29	424	437
UniRef90_D8SLM4	48.92	424	453
UniRef90_UPI0005115A0C	40.86	424	443
UniRef90_G7IXK7	40.49	424	433
UniRef90_B9I0D9	41.34	424	432
UniRef90_A0A061EU97	41.57	424	505
UniRef90_UPI0005206008	39.56	424	437
UniRef90_A0A059BMV1	40.98	424	434
UniRef90_UPI0004E57D8A	40.85	424	440
UniRef90_UPI000511C0AD	39.58	424	430
UniRef90_A0A072VJR0	39.90	424	436
UniRef90_UPI000510921E	40.45	424	435
UniRef90_UPI00053C27D5	40.24	424	434
UniRef90_K7KG04	39.29	424	491
UniRef90_K4A9F0	41.92	424	472
UniRef90_V4UUX0	40.25	424	468
UniRef90_UPI00057B7C5D	73.19	424	372
UniRef90_UPI0002C2ED85	39.30	424	436
UniRef90_A0A022PSB9	39.86	424	434
UniRef90_W9QMY5	40.58	424	441
UniRef90_UPI00052F2C8E	39.15	424	430
UniRef90_M1C0M6	40.29	424	436
UniRef90_M1B548	39.80	424	434
UniRef90_UPI0005270A7F	39.66	424	466
UniRef90_A0A067L4U3	40.55	424	434
UniRef90_B8BJ49	39.28	424	542
UniRef90_A0A068UBB4	40.65	424	440
UniRef90_UPI0004E5634B	40.35	424	440
UniRef90_UPI00032A5B8E	39.33	424	444
UniRef90_G7L615	39.14	424	444
UniRef90_V7D128	38.81	424	482
UniRef90_Q9SIV9-2	72.40	424	348
UniRef90_A0A067FD35	41.58	424	454
UniRef90_A0A059PZQ6	52.16	424	425
UniRef90_A0A0D2TZM9	41.39	424	514
UniRef90_V9NCA3	40.70	424	449
UniRef90_D7T8B0	40.69	424	432
UniRef90_UPI00058118A0	41.71	424	428
UniRef90_Q8S340	40.36	424	434
UniRef90_I3SLH6	40.53	424	436
UniRef90_C5WUD8	41.37	424	487
UniRef90_B8LL20	39.85	424	448
UniRef90_K3Y6N9	41.46	424	510
UniRef90_UPI0004E58A8A	40.81	424	442
UniRef90_V9HXG4	39.81	424	442
UniRef90_UPI0004E56D00	41.00	424	429
UniRef90_UPI0002C3386A	39.09	424	443
UniRef90_I1IUC5	41.10	424	528
UniRef90_I1GQN0	41.62	424	457
UniRef90_A0A0D2VEF6	40.45	424	437
UniRef90_F6HKJ9	41.67	424	449
UniRef90_A0A0A9EBM4	40.70	424	535
UniRef90_M0ZS86	41.71	424	425
UniRef90_A0A067LF84	43.40	424	444
UniRef90_A0A0B2QLD4	72.11	424	407
UniRef90_G7K8G7	41.12	424	439
UniRef90_U5GX45	41.16	424	432
UniRef90_B9G9F6	39.08	424	1184
UniRef90_B8LRS5	39.81	424	424
UniRef90_A0A061F141	40.95	424	508
UniRef90_A0A0E0R4B3	39.28	424	1334
UniRef90_A0A059DG26	40.70	424	447
UniRef90_A0A0D2RWZ1	39.27	424	427
UniRef90_K4CHD0	39.81	424	436
UniRef90_A0A0D2TMT7	73.31	424	371
UniRef90_A0A068V3M6	41.65	424	432
UniRef90_UPI00052F397B	39.70	424	448
UniRef90_UPI000581399E	41.29	424	434
UniRef90_UPI00057B0886	39.90	424	429
UniRef90_M0U3A4	38.90	424	428
UniRef90_W1PXS5	40.51	424	440
UniRef90_UPI00052EE9BE	41.11	424	432
UniRef90_A0A0D9W4M1	37.91	424	474
UniRef90_UPI00032A7348	40.61	424	444
UniRef90_Q10I09	41.16	424	470
UniRef90_A0A0J8C3I1	39.57	424	435
UniRef90_UPI00051085CC	39.33	424	439
UniRef90_A0A068V4F2	41.71	424	439
UniRef90_M0TB85	39.40	424	446
UniRef90_M0Y7U1	40.15	424	475
UniRef90_V7BKC0	39.81	424	432
UniRef90_UPI00051BD08F	42.21	424	450
UniRef90_UPI00053A7361	39.59	424	434
UniRef90_UPI00053C9615	39.85	424	487
UniRef90_UPI00058134DB	41.16	424	436
UniRef90_A0A0K9QLJ7	60.17	424	446
UniRef90_S8C684	41.01	424	389
UniRef90_V7B9L1	38.55	424	432
UniRef90_UPI0002C308F9	39.60	424	430
UniRef90_D7LUB5	39.34	424	435
UniRef90_A0A059DEL7	40.05	424	418
UniRef90_U5DBQ9	37.59	424	436
UniRef90_UPI00032A63A1	39.90	424	437
UniRef90_B4XB41	64.97	424	397
UniRef90_UPI00052EEE46	40.15	424	439
UniRef90_A0A0D9XP49	39.30	424	705
UniRef90_A0A0D9XP47	39.30	424	890
UniRef90_A0A022R5I2	39.85	424	433
UniRef90_R0G573	68.96	424	374
UniRef90_J3N631	39.52	424	438
UniRef90_A0A067L2R6	40.64	424	432
UniRef90_Q2QXM4	38.92	424	445
UniRef90_A0A0D3HIB4	39.09	424	574
UniRef90_A0A059DG30	42.78	424	379
UniRef90_A0A0K9QM98	40.20	424	418
UniRef90_W5G061	40.24	424	591
UniRef90_V4L7N3	73.31	424	337
UniRef90_M0ZS21	40.95	424	443
UniRef90_M0XWB1	39.35	424	500
UniRef90_V4LRV6	39.75	424	438
UniRef90_A0A059DFE2	40.59	424	438
UniRef90_Q9LXI7	40.15	424	427
UniRef90_R0HJI3	40.69	424	429
UniRef90_UPI0006480E26	38.90	424	442
UniRef90_UPI00052EB481	38.46	424	459
UniRef90_UPI00053C3244	39.65	424	427
UniRef90_W5BD08	38.85	424	525
UniRef90_UPI00051ADA45	54.12	424	471
UniRef90_A0A087HDK4	39.50	424	427
UniRef90_C5YFT7	40.74	424	448
UniRef90_A0A0A0LBF2	38.81	424	430
UniRef90_V7CXH5	40.85	424	429
UniRef90_A0A0E0DDT7	36.34	424	533
UniRef90_A0A067FCE4	39.85	424	369
UniRef90_F2DAB5	39.42	424	532
UniRef90_A0A0K9PHG3	72.02	424	343
UniRef90_M0RRM7	38.07	424	583
UniRef90_M7ZW23	39.15	424	560
UniRef90_Q53Q73	38.02	424	439
UniRef90_D8SSG3	39.85	424	432
UniRef90_U5GHV9	40.97	424	446
UniRef90_D5AA01	39.36	424	423
UniRef90_K7KG05	39.85	424	430
UniRef90_G0T426	39.31	424	379
UniRef90_A0A0J8F9Z9	41.47	424	378
UniRef90_A0A0A0KIN1	40.75	424	436
UniRef90_W9RRF3	40.52	424	372
UniRef90_W5CFL4	69.39	424	329
UniRef90_G3MHT4	39.71	424	466
UniRef90_A0A0C9QL22	39.65	424	450
UniRef90_A0A059DFE8	38.75	424	382
UniRef90_B9RWM5	35.51	424	509
UniRef90_V4LZ80	40.05	424	822
UniRef90_V4LZ80	40.31	424	822
UniRef90_I1IXG9	37.44	424	447
UniRef90_A0A0J8BZ70	41.27	424	445
UniRef90_K3Y794	38.15	424	449
UniRef90_A0A0A9PMP0	38.65	424	453
UniRef90_M0ZWN5	70.85	424	361
UniRef90_UPI00051207D5	40.19	424	432
UniRef90_M4CRV6	38.75	424	426
UniRef90_A0A059CL76	48.08	424	407
UniRef90_A0A0K9PN95	39.45	424	451
UniRef90_A0A0K9PG31	39.65	424	427
UniRef90_UPI0005810EB7	38.58	424	433
UniRef90_UPI000350C566	39.21	424	448
UniRef90_B4FKP7	38.15	424	452
UniRef90_A0A0C9QVC6	40.94	424	393
UniRef90_A0A0D3CTG9	38.61	424	436
UniRef90_R0HKR9	39.54	424	433
UniRef90_A9RHZ5	38.40	424	384
UniRef90_M0W8X3	39.95	424	388
UniRef90_A0A0D3DHZ1	62.57	424	360
UniRef90_B9SRV6	40.46	424	369
UniRef90_C5YRS3	37.02	424	491
UniRef90_G7L619	38.52	424	427
UniRef90_A0A0D9XP52	38.98	424	444
UniRef90_F6HKK0	39.34	424	427
UniRef90_A0A022R9B5	39.84	424	380
UniRef90_Q9LXI4	39.12	424	437
UniRef90_UPI0006A7047F	66.77	424	397
UniRef90_S8DCH9	69.38	424	350
UniRef90_A0A0D6QT38	32.53	424	561
UniRef90_V9NC90	41.65	424	370
UniRef90_D8SF22	40.71	424	382
UniRef90_UPI00032A9968	38.70	424	425
UniRef90_W5GS60	40.16	424	378
UniRef90_A9S5K7	37.31	424	454
UniRef90_I1IUC3	38.66	424	449
UniRef90_M8C6B6	49.05	424	402
UniRef90_R0GHY0	33.13	424	527
UniRef90_K7TEL4	37.65	424	447
UniRef90_A0A0K9PXA7	67.91	424	366
UniRef90_A0A087H2B1	32.35	424	559
UniRef90_A0A061ELY4	32.79	424	573
UniRef90_A0A0D3DLM4	32.32	424	579
UniRef90_M0XED1	39.43	424	381
UniRef90_M4DMM0	60.57	424	555
UniRef90_A0A0D3BDY0	62.61	424	417
UniRef90_D7TS77	32.59	424	525
UniRef90_UPI0004E56D0A	31.78	424	595
UniRef90_V4P9G9	32.93	424	530
UniRef90_M5XYD6	32.79	424	553
UniRef90_UPI000526FB54	51.30	424	417
UniRef90_A0A0B2SQ83	32.59	424	656
UniRef90_M5XEB3	32.79	424	520
UniRef90_A0A059DFL1	37.50	424	353
UniRef90_A0A0D2UU09	32.59	424	614
UniRef90_B9H015	32.39	424	581
UniRef90_B5ARZ7	31.57	424	547
UniRef90_A0A0K9RH06	32.59	424	540
UniRef90_V4RIF8	31.78	424	580
UniRef90_V7BZF5	32.19	424	592
UniRef90_G7KLC0	31.87	424	587
UniRef90_A0A059B221	32.19	424	586
UniRef90_M0YS06	37.05	424	444
UniRef90_UPI0003EADB28	32.26	424	1121
UniRef90_A0A0E0BFD6	37.53	424	1297
UniRef90_A0A0J8FIF3	31.58	424	588
UniRef90_K4A731	32.54	424	627
UniRef90_V4S1N1	30.30	424	569
UniRef90_V9NC54	33.00	424	538
UniRef90_I1MU35	61.06	424	409
UniRef90_UPI00053C6A58	32.39	424	616
UniRef90_Q10AM0	31.65	424	1100
UniRef90_A0A0D2R8H7	33.06	424	542
UniRef90_A0A067KT19	31.24	424	540
UniRef90_UPI0005C95F29	32.60	424	550
UniRef90_UPI00052F189D	32.04	424	553
UniRef90_A0A0A0L9I1	32.39	424	551
UniRef90_UPI00058174E6	39.63	424	379
UniRef90_B9RWG6	29.88	424	566
UniRef90_A9SXV5	37.37	424	456
UniRef90_A0A0D9XWY6	38.81	424	443
UniRef90_D7U680	33.33	424	540
UniRef90_M0RXL0	31.60	424	553
UniRef90_A0A0D9ZFS7	31.65	424	784
UniRef90_A0A0E0GWH3	31.45	424	1387
UniRef90_M1D309	31.08	424	555
UniRef90_B9IJI2	31.64	424	542
UniRef90_UPI00052F2311	30.57	424	538
UniRef90_A0A0K9PYY3	59.06	424	364
UniRef90_U5CRL6	31.58	424	522
UniRef90_M0U5B2	32.11	424	546
UniRef90_A0A068URS0	31.85	424	542
UniRef90_V9NC38	31.44	424	537
UniRef90_I1R878	64.53	424	337
UniRef90_A0A068TSY0	31.36	424	493
UniRef90_S8C1Q7	63.36	424	371
UniRef90_I1MY91	31.35	424	572
UniRef90_UPI000539B94F	35.79	424	411
UniRef90_A0A072TZQ6	31.64	424	545
UniRef90_UPI00051B5145	31.38	424	540
UniRef90_I1HEM8	31.75	424	536
UniRef90_Q84JJ6	31.65	424	539
UniRef90_A0A022QZB7	31.64	424	556
UniRef90_M5VVK4	32.25	424	635
