UniRef90_Q01172	100.00	359	379
UniRef90_A1CYC2	77.78	359	378
UniRef90_Q0CYL8	75.07	359	378
UniRef90_Q5BAU9	78.99	359	379
UniRef90_R9XVW6	76.11	359	376
UniRef90_A0A0G2E9D9	78.19	359	380
UniRef90_A1CFS2	71.67	359	378
UniRef90_Q0PH38	75.56	359	380
UniRef90_Q5BA61	75.49	359	379
UniRef90_S7ZPI6	71.19	359	377
UniRef90_A0A017SHE6	74.86	359	380
UniRef90_Q2TXM4	73.06	359	379
UniRef90_Q2TWM1	69.72	359	381
UniRef90_Q4WV10	73.65	359	380
UniRef90_W6PZ48	77.05	359	376
UniRef90_A0A0F8U160	73.00	359	386
UniRef90_A0A0G4PSJ0	73.16	359	377
UniRef90_Q5AQJ1	68.25	359	377
UniRef90_B6HHM0	71.39	359	376
UniRef90_S7Z7I1	68.22	359	378
UniRef90_Q0CFE1	74.85	359	354
UniRef90_S3CFJ2	68.80	359	377
UniRef90_A0A0A2IHA7	71.75	359	377
UniRef90_B6H075	68.70	359	373
UniRef90_A7EXK6	68.98	359	381
UniRef90_B0YCL3	69.08	359	375
UniRef90_A1CAZ3	65.72	359	380
UniRef90_G2XSB9	72.58	359	384
UniRef90_P22864	70.91	359	373
UniRef90_Q2TXS4	70.08	359	375
UniRef90_A0A0A2LG77	69.21	359	377
UniRef90_A0A0D9M6Q4	66.20	359	373
UniRef90_A0A0K8LPZ2	70.70	359	918
UniRef90_A0A0A2J7T4	67.87	359	373
UniRef90_R8BCT2	65.28	359	381
UniRef90_Q00205	66.39	359	378
UniRef90_A0A074WC25	65.10	359	383
UniRef90_A0A0F8X5U0	68.33	359	351
UniRef90_A0A084QCC0	64.80	359	379
UniRef90_C7ZJP6	65.23	359	380
UniRef90_F0XUK0	64.54	359	382
UniRef90_A0A074XSE3	64.54	359	383
UniRef90_A0A074YTV8	64.71	359	378
UniRef90_A0A0F4ZBL7	62.46	359	371
UniRef90_A0A010R498	62.85	359	379
UniRef90_S3BS25	62.75	359	371
UniRef90_A0A074W525	66.67	359	378
UniRef90_K9FTJ5	65.91	359	371
UniRef90_A0A074XLH8	63.71	359	383
UniRef90_W3X6Z8	70.36	359	379
UniRef90_E3QK15	62.54	359	379
UniRef90_A0A0B7KHG0	62.12	359	378
UniRef90_A0A0D2XNT2	64.84	359	377
UniRef90_W3X878	65.92	359	380
UniRef90_R0KT35	61.00	359	378
UniRef90_A0A0B7KC55	62.61	359	375
UniRef90_Q2HBR7	59.10	359	374
UniRef90_N4V546	62.14	359	374
UniRef90_G9IE21	60.18	359	379
UniRef90_K9H877	64.09	359	373
UniRef90_A0A0F8D1G4	60.17	359	374
UniRef90_M7SHM3	63.87	359	387
UniRef90_M2T1S7	58.06	359	376
UniRef90_A0A0L1HNM3	59.22	359	376
UniRef90_G2XBA0	60.06	359	376
UniRef90_A0A010SJC4	62.72	359	374
UniRef90_A0A0G2FSW3	59.76	359	379
UniRef90_E3RPA5	58.77	359	378
UniRef90_A0A0B7KAX7	62.50	359	379
UniRef90_A0A0G2H7M3	58.33	359	353
UniRef90_H1V3N4	63.72	359	379
UniRef90_A0A016PAG8	58.47	359	375
UniRef90_C7YW15	60.06	359	376
UniRef90_A0A0G2FEB2	57.82	359	379
UniRef90_W3WZS1	69.11	359	381
UniRef90_W9M534	59.82	359	375
UniRef90_G3F4I0	97.51	359	201
UniRef90_Q00374	59.78	359	380
UniRef90_Q0USG8	59.17	359	377
UniRef90_G3F4G6	79.28	359	255
UniRef90_A0A0D2YJ02	56.82	359	377
UniRef90_G2QG50	58.87	359	375
UniRef90_Q8NKE3	70.33	359	383
UniRef90_A0A0G4L509	59.21	359	377
UniRef90_S0DLI5	58.26	359	377
UniRef90_A0A0C9LNY6	56.50	359	420
UniRef90_R1GTP1	56.73	359	379
UniRef90_A0A0G4LS78	60.76	359	422
UniRef90_L2GG76	58.58	359	369
UniRef90_A0A016PI12	54.87	359	377
UniRef90_N1PRK5	56.34	359	406
UniRef90_A0A068L4P0	58.33	359	373
UniRef90_K2R8M4	58.29	359	378
UniRef90_A0A093YGE7	55.07	359	440
UniRef90_X0H3L6	54.05	359	378
UniRef90_G3F4I2	73.83	359	215
UniRef90_A0A094FWM6	54.42	359	420
UniRef90_B8N6W5	51.52	359	375
UniRef90_A0A094AQ29	51.51	359	381
UniRef90_F9F904	54.05	359	787
UniRef90_K1WS24	52.79	359	379
UniRef90_A0A016PJ29	49.58	359	375
UniRef90_W7MWT8	51.53	359	344
UniRef90_A0A094D9U0	54.40	359	644
UniRef90_A0A084QVK2	52.08	359	461
UniRef90_A0A0J0DXJ2	52.29	359	336
UniRef90_Q8NKE4	51.44	359	380
UniRef90_A0A0L1HRF7	52.63	359	385
UniRef90_A0A0G2DZV7	61.49	359	600
UniRef90_A0A094IBB2	55.52	359	994
UniRef90_G3F4H9	81.64	359	208
UniRef90_E3S3U7	52.33	359	385
UniRef90_Q2U1K1	49.86	359	375
UniRef90_G3F4G7	73.87	359	223
UniRef90_A0A010S5E9	51.53	359	454
UniRef90_A0A090MIJ1	47.63	359	374
UniRef90_A0A0G2HG25	51.87	359	366
UniRef90_M2Z1X9	52.10	359	392
UniRef90_A2QW65	46.50	359	373
UniRef90_A0A0L1HN74	49.59	359	370
UniRef90_Q9UUS4	51.27	359	479
UniRef90_C7ZFG8	50.42	359	373
UniRef90_A0A0B7K2C8	50.70	359	468
UniRef90_M3B023	50.97	359	375
UniRef90_A0A017S9Y8	47.53	359	454
UniRef90_M2S7U2	53.67	359	385
UniRef90_A0A074XSH5	48.88	359	379
UniRef90_B3GQR3	49.02	359	370
UniRef90_W3WR65	47.51	359	439
UniRef90_A0A074S7K9	46.83	359	384
UniRef90_B6HER6	48.18	359	379
UniRef90_A0A0F7SQC0	47.68	359	396
UniRef90_G2YHT7	48.13	359	385
UniRef90_A2R6A1	46.99	359	476
UniRef90_A0A0B7FTB2	44.70	359	384
UniRef90_H1W1Q2	52.88	359	317
UniRef90_W7MB35	45.13	359	374
UniRef90_H1W5A9	56.98	359	282
UniRef90_R1GSQ1	51.08	359	314
UniRef90_A0A074ZFV3	46.09	359	379
UniRef90_A0A0A2J0W4	46.22	359	382
UniRef90_A0A0M8P585	46.63	359	381
UniRef90_W3XHB6	46.58	359	489
UniRef90_A0A0B7FW39	45.33	359	381
UniRef90_A0A0K6GAK8	44.73	359	389
UniRef90_UPI0004561A51	42.74	359	381
UniRef90_R1FVB4	46.15	359	475
UniRef90_G2YJG3	45.96	359	388
UniRef90_L2FH74	50.96	359	436
UniRef90_A0A074RMY5	44.23	359	381
UniRef90_Q5BEB9	46.96	359	373
UniRef90_W3WLJ5	45.75	359	381
UniRef90_Q2UJA7	43.01	359	428
UniRef90_A0A0D7BPL3	45.95	359	381
UniRef90_G2Y8C5	44.39	359	392
UniRef90_M5C052	43.68	359	380
UniRef90_G9NF13	43.98	359	389
UniRef90_A0A0B7FVN8	46.83	359	384
UniRef90_A0A0K6FPB1	42.86	359	381
UniRef90_A0A0D2XF24	46.79	359	352
UniRef90_W3XJ81	45.28	359	388
UniRef90_W9CJA9	47.17	359	383
UniRef90_G3LI20	72.83	359	184
UniRef90_A0A094CUK2	43.58	359	384
UniRef90_A0A0B7FLR9	47.19	359	759
UniRef90_A0A0G2DXB8	44.59	359	404
UniRef90_I8U9J0	41.30	359	448
UniRef90_A0A0D2NZ90	44.99	359	391
UniRef90_A7E418	45.65	359	403
UniRef90_A0A0K6G6Z9	45.73	359	583
UniRef90_A7ERI8	43.31	359	392
UniRef90_K2RHU6	50.89	359	300
UniRef90_R1EJD5	46.11	359	410
UniRef90_A0A074T006	44.44	359	386
UniRef90_A0A0D7B0S9	49.00	359	382
UniRef90_A0A0K6FPQ4	43.65	359	538
UniRef90_A0A0K6FPQ4	50.54	359	538
UniRef90_X8J0U3	44.51	359	380
UniRef90_A0A0B7G147	43.41	359	381
UniRef90_A0A074RIE4	44.59	359	332
UniRef90_Q0CFF7	44.03	359	388
UniRef90_A0A0B7FLC0	41.98	359	378
UniRef90_A0A094D223	42.42	359	383
UniRef90_W3XPB3	44.97	359	383
UniRef90_B8NXF3	42.74	359	391
UniRef90_M5C2Q7	43.13	359	380
UniRef90_UPI000441825D	41.83	359	388
UniRef90_K1X0Y9	42.58	359	380
UniRef90_UPI000444A5FC	43.75	359	388
UniRef90_S8BM32	44.08	359	423
UniRef90_A0A074SP33	44.48	359	375
UniRef90_M5C1Q0	42.31	359	380
UniRef90_M5BYM2	41.48	359	380
UniRef90_Q0CZD4	44.44	359	480
UniRef90_A0A0B7G330	41.33	359	384
UniRef90_M7SBP3	42.51	359	389
UniRef90_A0A074RIV6	49.81	359	329
UniRef90_A0A0G2IGK6	42.22	359	487
UniRef90_A0A0F8DBW8	41.67	359	473
UniRef90_A0A0G2FNU7	43.87	359	430
UniRef90_A0A0C3AZK9	41.78	359	389
UniRef90_W3X968	42.19	359	392
UniRef90_G2XKW3	44.35	359	574
UniRef90_A0A0K6FPS4	40.79	359	1273
UniRef90_A0A066VWV6	41.74	359	399
UniRef90_H3H4V4	40.74	359	419
UniRef90_X8J5D0	40.78	359	368
UniRef90_G4YQR1	43.98	359	458
UniRef90_W2QYG9	43.24	359	490
UniRef90_G3F4H4	73.17	359	164
UniRef90_UPI000444944B	43.44	359	390
UniRef90_G2XKW0	44.05	359	629
UniRef90_W2Q1A7	40.36	359	439
UniRef90_G4ZUC7	40.53	359	401
UniRef90_G4TGD9	39.62	359	390
UniRef90_A0A0C3G8M8	40.80	359	406
UniRef90_M7UT07	41.14	359	386
UniRef90_G2X1P5	40.59	359	415
UniRef90_A1DEH0	40.81	359	386
UniRef90_G2XKW4	42.94	359	567
UniRef90_S3E7X1	41.58	359	377
UniRef90_G3F4H3	86.01	359	143
UniRef90_A0A0D7B5I1	43.06	359	382
UniRef90_L2FJL3	42.13	359	383
UniRef90_H3GL05	43.84	359	873
UniRef90_H3GL05	42.02	359	873
UniRef90_W2N6E0	45.87	359	1064
UniRef90_W2N6E0	42.06	359	1064
UniRef90_W2Q1B0	42.06	359	1038
UniRef90_W2Q1B0	43.87	359	1038
UniRef90_A0A0L0SH79	40.91	359	410
UniRef90_A0A0F8UTN0	40.62	359	388
UniRef90_M5C485	42.60	359	356
UniRef90_M5C1J1	40.27	359	365
UniRef90_X8J7N7	39.44	359	390
UniRef90_D5GDR6	42.99	359	321
UniRef90_G4ZBZ9	42.44	359	407
UniRef90_Q5B3J8	43.62	359	464
UniRef90_G4ZBZ4	45.10	359	904
UniRef90_G4ZBZ4	41.88	359	904
UniRef90_A0A093YCP3	43.36	359	381
UniRef90_W3XQA9	39.57	359	383
UniRef90_L2FTT7	40.05	359	384
UniRef90_D0NAW9	44.29	359	778
UniRef90_D0NAW9	42.34	359	778
UniRef90_A0A0D9MP78	38.42	359	697
UniRef90_G4ZBZ1	42.94	359	960
UniRef90_G4ZBZ1	42.33	359	960
UniRef90_T1NXE7	42.41	359	400
UniRef90_A0A0K6FNY4	40.21	359	397
UniRef90_A0A0F4Z8P2	39.84	359	387
UniRef90_A0A094AZH6	40.48	359	330
UniRef90_T1NXF2	41.84	359	400
UniRef90_A0A081CIW7	39.89	359	859
UniRef90_A0A010S4H6	39.57	359	549
UniRef90_W2Q3R2	41.44	359	971
UniRef90_W2Q3R2	41.23	359	971
UniRef90_N4VIB7	38.44	359	383
UniRef90_H3G6F7	42.31	359	343
UniRef90_B8N5R3	37.57	359	437
UniRef90_M5CBV2	45.82	359	267
UniRef90_H3H4V5	44.24	359	938
UniRef90_H3H4V5	43.40	359	938
UniRef90_W3VGB6	39.25	359	832
UniRef90_K3X4N0	39.43	359	403
UniRef90_K2RW08	39.42	359	437
UniRef90_A0A0C3QLS5	42.44	359	459
UniRef90_C7Z5T2	38.87	359	378
UniRef90_A0A074S9D9	49.76	359	384
UniRef90_A0A084R0H5	46.47	359	392
UniRef90_G2XKW6	40.44	359	349
UniRef90_G3F4I3	60.94	359	186
UniRef90_M4BBW2	40.37	359	419
UniRef90_H3G6H6	42.22	359	353
UniRef90_N4V0N5	38.98	359	395
UniRef90_W2PM06	40.17	359	525
UniRef90_M4BBW8	43.44	359	1018
UniRef90_A0A094KT90	40.61	359	1508
UniRef90_A0A0G4L4P1	41.29	359	1173
UniRef90_A0A0C3PW47	42.57	359	462
UniRef90_A0A0A7CM87	41.04	359	396
UniRef90_F4RS03	40.49	359	406
UniRef90_D0MRW5	41.11	359	515
UniRef90_E3QJR8	40.17	359	396
UniRef90_W3XPJ2	42.23	359	377
UniRef90_L2GIR1	40.39	359	395
UniRef90_V5EY48	39.94	359	819
UniRef90_W3XJJ8	41.16	359	389
UniRef90_G4ZZ95	39.77	359	410
UniRef90_E3KQ13	37.19	359	415
UniRef90_A0A0D1DRZ0	38.90	359	833
UniRef90_A0A094BEE7	39.62	359	839
UniRef90_G3LI22	96.33	359	109
UniRef90_A0A0B7JY33	40.62	359	391
UniRef90_W2PJ65	39.48	359	465
UniRef90_Q4ZPA7	40.83	359	421
UniRef90_A0A0M8MXU1	37.33	359	389
UniRef90_I2FQH6	37.23	359	888
UniRef90_F4S5N1	39.39	359	505
UniRef90_A0A0L0UTJ0	38.40	359	430
UniRef90_R9PJM0	39.62	359	2055
UniRef90_C7ZFG9	39.71	359	385
UniRef90_W2QF13	40.00	359	412
UniRef90_A0A067CKU4	38.40	359	394
UniRef90_A0A093ZHF3	40.16	359	1283
UniRef90_A0A0F7SAI4	38.32	359	908
UniRef90_N4VMN7	38.27	359	424
UniRef90_A0A066XA72	38.75	359	404
UniRef90_T0PKT9	39.48	359	395
UniRef90_G3F4H1	61.29	359	183
UniRef90_A0A080ZJL0	38.98	359	461
UniRef90_M4K431	37.99	359	407
UniRef90_G2XKV8	41.19	359	491
UniRef90_A0A080ZJG1	39.40	359	449
UniRef90_H3H826	41.85	359	512
UniRef90_W0MMK9	39.28	359	421
UniRef90_E3KLN5	40.19	359	445
UniRef90_W3X1M1	42.82	359	1132
UniRef90_T1NXF7	39.59	359	441
UniRef90_K3WBS5	38.07	359	411
UniRef90_K3WBS9	38.19	359	398
UniRef90_W2Y6A0	39.19	359	410
UniRef90_H3GH58	40.06	359	440
UniRef90_K3WBS2	39.32	359	405
UniRef90_H3GMI7	39.02	359	443
UniRef90_W4K666	43.10	359	371
UniRef90_G2XDC2	41.54	359	388
UniRef90_G2XKV6	37.84	359	410
UniRef90_L2FT46	38.80	359	484
UniRef90_E6ZR08	40.80	359	872
UniRef90_M5BYF4	43.01	359	276
UniRef90_A0A0A7CP10	38.56	359	394
UniRef90_W2H7M8	40.53	359	823
UniRef90_W2Z1A0	39.94	359	470
UniRef90_G2XKW2	41.59	359	432
UniRef90_L8WMJ6	36.75	359	416
UniRef90_C3KAQ8	37.89	359	417
UniRef90_UPI0006D601CA	40.72	359	416
UniRef90_S3MNE0	40.70	359	421
UniRef90_A0A099SPB0	38.18	359	421
UniRef90_A0A077QZM7	37.70	359	581
UniRef90_D0NC19	41.25	359	329
UniRef90_N4VL95	38.52	359	502
UniRef90_M4BUR5	38.70	359	446
UniRef90_G2XKW7	45.49	359	302
UniRef90_Q2UDM1	37.06	359	424
UniRef90_C9SW13	46.51	359	299
UniRef90_H1W0H3	38.68	359	483
UniRef90_W2PR82	42.81	359	376
UniRef90_F4RTW7	39.66	359	396
UniRef90_E2XRK1	37.53	359	417
UniRef90_A0A0D0BGL3	44.91	359	390
UniRef90_K3WBS1	38.02	359	406
UniRef90_D0P3W4	41.69	359	469
UniRef90_G2XKV7	40.12	359	400
UniRef90_W2P9R3	39.94	359	696
UniRef90_W2P9R3	41.73	359	696
UniRef90_F3HFK4	40.30	359	354
UniRef90_UPI000370AA48	37.53	359	397
UniRef90_M4C115	40.24	359	436
UniRef90_W2PRD4	41.25	359	500
UniRef90_K3WBS4	38.08	359	405
UniRef90_C9SEN8	38.19	359	474
UniRef90_C7YVE4	38.07	359	516
UniRef90_G2X9U9	40.36	359	394
UniRef90_A0A0I9XFI7	39.88	359	609
UniRef90_A0A0A6W5H1	38.89	359	405
UniRef90_A0A0K6FP13	42.60	359	305
UniRef90_W7MR14	39.57	359	621
UniRef90_A0A0M9ESU4	39.69	359	657
UniRef90_A0A0D2YAK5	39.81	359	548
UniRef90_W2PTD3	41.25	359	525
UniRef90_G4ZUJ2	40.25	359	437
UniRef90_L2GBL6	36.41	359	459
UniRef90_K3W229	40.00	359	745
UniRef90_G4ZUL1	40.50	359	449
UniRef90_T0M648	36.41	359	430
UniRef90_H3GH56	40.19	359	453
UniRef90_A0A080ZY99	40.06	359	443
UniRef90_M5BX74	47.14	359	266
UniRef90_A0A098E4B2	40.00	359	766
UniRef90_D0NC25	40.31	359	401
UniRef90_UPI0006850617	38.22	359	416
UniRef90_W2PTC9	39.38	359	448
UniRef90_A0A0D0MVV4	38.55	359	411
UniRef90_A0A0B7K5F1	43.35	359	265
UniRef90_A0A066XDL4	37.75	359	386
UniRef90_G4ZBY2	38.95	359	420
UniRef90_G4ZUL2	37.22	359	426
UniRef90_D0NAW8	41.04	359	274
UniRef90_UPI0005173C99	43.07	359	305
UniRef90_A0A0G2DS36	38.08	359	411
UniRef90_Q6QEG1	44.85	359	374
UniRef90_G4ZTY2	40.76	359	424
UniRef90_K2S2X8	59.06	359	362
UniRef90_G4ZU54	39.69	359	449
UniRef90_Q48ER3	40.39	359	418
UniRef90_G3F4H5	81.48	359	109
UniRef90_A0A067CUG7	37.30	359	394
UniRef90_G4YNM4	38.37	359	500
UniRef90_A0A090MIX6	40.00	359	672
UniRef90_A0A0L0USK8	34.63	359	460
UniRef90_G4ZBY5	37.39	359	387
UniRef90_G4ZUL6	40.92	359	362
UniRef90_V9EGC2	40.00	359	483
UniRef90_A0A0C2WPY8	45.12	359	262
UniRef90_A0A0G4LM57	39.10	359	352
UniRef90_A0A0G4KP36	35.23	359	339
UniRef90_I6RBF3	73.95	359	141
UniRef90_UPI0006F5085B	37.21	359	484
UniRef90_A0A0C4F870	33.16	359	579
UniRef90_A0A093YNA8	35.96	359	337
UniRef90_G2XKX7	39.58	359	343
UniRef90_A0A0D0N5V3	38.01	359	415
UniRef90_A0A0G4MVI5	45.54	359	393
UniRef90_UPI00068AFDBC	35.96	359	473
UniRef90_A0A0C5VHP3	37.75	359	556
UniRef90_H3GH57	40.62	359	450
UniRef90_A0A0B7FZ93	42.91	359	378
UniRef90_H3H4V8	36.56	359	379
UniRef90_A0A094AWK4	54.70	359	181
UniRef90_A0A0B7K7V8	39.67	359	475
UniRef90_G3F4H6	74.77	359	108
UniRef90_A0A0L6UF64	35.83	359	490
UniRef90_A0A0L1HXI8	39.26	359	486
UniRef90_L8WI57	37.88	359	946
UniRef90_G4ZU55	39.14	359	423
UniRef90_G3F4H2	77.12	359	118
UniRef90_D0NAX3	36.93	359	316
UniRef90_D0NAX2	43.84	359	215
UniRef90_A0A0K8JS80	37.68	359	632
UniRef90_A0A0B8VET4	38.95	359	322
UniRef90_E5A0J7	38.19	359	475
UniRef90_A0A094FV02	36.64	359	802
UniRef90_A0A066VY12	54.09	359	173
UniRef90_UPI000684B996	31.44	359	418
UniRef90_UPI0006905BBA	36.73	359	441
UniRef90_C7ZLL1	34.84	359	374
UniRef90_UPI00068C2269	36.24	359	548
UniRef90_A0A0C2EB43	33.91	359	401
UniRef90_E4ZRF9	48.50	359	224
UniRef90_A0A0G4MT12	39.86	359	330
UniRef90_UPI0003A432A7	34.69	359	520
UniRef90_B2AJ80	36.90	359	380
UniRef90_UPI00068611FA	31.55	359	419
UniRef90_UPI0003998280	33.87	359	520
UniRef90_D0N8W0	38.08	359	303
UniRef90_UPI000693BF83	32.34	359	381
UniRef90_W2I065	39.11	359	268
UniRef90_F4RS04	35.74	359	353
UniRef90_UPI0006FDC5D8	33.62	359	381
UniRef90_UPI00067DC8FB	34.42	359	478
UniRef90_UPI00068EB633	37.72	359	389
UniRef90_UPI000693EEC9	37.59	359	276
UniRef90_UPI0006F68DCE	34.48	359	715
UniRef90_K2SBH9	40.38	359	297
UniRef90_A0A080ZJH2	40.00	359	332
UniRef90_H3H929	42.36	359	621
UniRef90_A0A0M0UH28	44.26	359	148
UniRef90_A0A094E9M5	46.82	359	224
UniRef90_A0A094AE80	46.41	359	234
UniRef90_C9SHI8	44.50	359	260
UniRef90_W9J5D8	31.45	359	294
UniRef90_I7AGU1	70.97	359	94
UniRef90_G4ZUL5	42.47	359	215
UniRef90_D0NAX4	32.40	359	382
UniRef90_K3WBT0	32.33	359	372
UniRef90_D0NC26	42.49	359	200
UniRef90_UPI000685B56F	34.32	359	267
UniRef90_D0P4G1	41.04	359	240
UniRef90_UPI00068BD0B2	30.69	359	461
UniRef90_H3H4V7	42.13	359	687
UniRef90_H3H4V7	37.91	359	687
UniRef90_A0A066VUQ3	32.12	359	306
UniRef90_G4ZBZ8	37.20	359	326
UniRef90_W2MP09	41.75	359	251
UniRef90_A0A0C3AC76	45.52	359	165
UniRef90_A0A081AMJ6	41.75	359	240
UniRef90_G3LI17	85.92	359	74
UniRef90_G3LI21	59.05	359	105
UniRef90_A0A0C4ELS4	41.88	359	355
UniRef90_K3X4N1	38.46	359	270
UniRef90_M4BUR4	41.22	359	226
UniRef90_W2G7M6	42.34	359	292
UniRef90_M5C6L9	40.12	359	194
UniRef90_G2XF02	30.03	359	418
UniRef90_A0A0J0AGG1	39.13	359	223
UniRef90_M5C1Q4	39.26	359	178
UniRef90_W2IDU3	41.58	359	263
UniRef90_A0A080ZJG9	42.34	359	260
UniRef90_A0A0K6FV75	35.20	359	1201
UniRef90_A0A067BNA0	29.75	359	296
UniRef90_UPI0006846D1C	37.23	359	320
UniRef90_A0A0F9GFT8	30.26	359	532
UniRef90_W9C5Q1	43.81	359	123
UniRef90_A0A094GWB0	40.85	359	193
UniRef90_A0A0C3LU41	45.26	359	165
UniRef90_M5CFW1	40.44	359	172
UniRef90_H3GH64	42.31	359	141
UniRef90_Q2SHE7	31.84	359	523
UniRef90_A0A0C5VQ50	27.31	359	543
UniRef90_UPI0006CA2BEE	35.23	359	528
UniRef90_D0NC27	42.42	359	190
UniRef90_S9PD28	25.94	359	466
UniRef90_W2K8Q0	40.15	359	161
UniRef90_UPI00067E791D	34.09	359	529
UniRef90_A0A0K8K1K0	29.00	359	537
UniRef90_M5C056	42.86	359	133
UniRef90_T0PP05	32.50	359	186
UniRef90_G7FXY4	33.52	359	527
UniRef90_A0A0B7FWT3	40.17	359	247
UniRef90_Q01172	100.00	359	379
UniRef90_A1CFS2	71.67	359	378
UniRef90_Q0CYL8	75.07	359	378
UniRef90_Q2TXM4	73.06	359	379
UniRef90_A0A017SHE6	74.65	359	380
UniRef90_Q5AQJ1	67.78	359	377
UniRef90_Q2TWM1	69.72	359	381
UniRef90_S7ZPI6	71.19	359	377
UniRef90_A1CYC2	77.78	359	378
UniRef90_Q5BAU9	78.99	359	379
UniRef90_Q5BA61	75.49	359	379
UniRef90_Q4WV10	73.65	359	380
UniRef90_Q0PH38	75.56	359	380
UniRef90_S7Z7I1	68.51	359	378
UniRef90_R9XVW6	76.11	359	376
UniRef90_A0A0G2E9D9	78.19	359	380
UniRef90_A0A010R498	62.57	359	379
UniRef90_A0A0F4ZBL7	62.29	359	371
UniRef90_B6HHM0	71.39	359	376
UniRef90_A1CAZ3	65.72	359	380
UniRef90_A0A0G4PSJ0	73.16	359	377
UniRef90_A0A084QCC0	64.62	359	379
UniRef90_R8BCT2	65.28	359	381
UniRef90_W6PZ48	77.05	359	376
UniRef90_A0A0F8U160	73.00	359	386
UniRef90_S3CFJ2	68.80	359	377
UniRef90_Q0CFE1	72.05	359	354
UniRef90_A7EXK6	68.98	359	381
UniRef90_A0A0K8LPZ2	70.70	359	918
UniRef90_C7ZJP6	63.71	359	380
UniRef90_A0A074XSE3	63.99	359	383
UniRef90_Q00205	66.20	359	378
UniRef90_B6H075	67.69	359	373
UniRef90_E3QK15	60.61	359	379
UniRef90_S3BS25	62.57	359	371
UniRef90_A0A0G2FEB2	58.77	359	379
UniRef90_A0A0A2IHA7	71.75	359	377
UniRef90_A0A074XLH8	63.16	359	383
UniRef90_R0KT35	60.45	359	378
UniRef90_G9IE21	57.94	359	379
UniRef90_Q2HBR7	58.50	359	374
UniRef90_A0A0G2FSW3	58.59	359	379
UniRef90_B0YCL3	69.08	359	375
UniRef90_A0A074YTV8	63.26	359	378
UniRef90_A0A0D2YJ02	56.82	359	377
UniRef90_A0A074WC25	64.54	359	383
UniRef90_A0A0D9M6Q4	65.46	359	373
UniRef90_N4V546	60.11	359	374
UniRef90_F0XUK0	64.54	359	382
UniRef90_A0A0A2LG77	68.93	359	377
UniRef90_Q00374	59.33	359	380
UniRef90_G2XSB9	72.58	359	384
UniRef90_A0A016PAG8	58.47	359	375
UniRef90_Q2TXS4	68.72	359	375
UniRef90_G2XBA0	59.78	359	376
UniRef90_A0A0F8D1G4	60.17	359	374
UniRef90_A0A094IBB2	55.71	359	994
UniRef90_E3RPA5	58.22	359	378
UniRef90_A0A0L1HNM3	59.05	359	376
UniRef90_A0A0D2XNT2	63.33	359	377
UniRef90_P22864	69.92	359	373
UniRef90_A0A074W525	66.67	359	378
UniRef90_A0A0B7KHG0	62.12	359	378
UniRef90_M7SHM3	62.57	359	387
UniRef90_W3X6Z8	70.06	359	379
UniRef90_A0A016PJ29	49.58	359	375
UniRef90_Q0USG8	57.50	359	377
UniRef90_M2T1S7	58.06	359	376
UniRef90_C7YW15	59.60	359	376
UniRef90_Q2UJA7	43.17	359	428
UniRef90_W3XHB6	46.83	359	489
UniRef90_A0A094D9U0	54.42	359	644
UniRef90_R1GTP1	55.62	359	379
UniRef90_S0DLI5	57.10	359	377
UniRef90_K1WS24	51.52	359	379
UniRef90_H1V3N4	61.45	359	379
UniRef90_A0A0B7KAX7	62.22	359	379
UniRef90_A2QW65	46.50	359	373
UniRef90_A0A084QVK2	52.08	359	461
UniRef90_G2QG50	58.71	359	375
UniRef90_A0A090MIJ1	47.77	359	374
UniRef90_A0A0K6FPS4	40.52	359	1273
UniRef90_A0A017S9Y8	47.51	359	454
UniRef90_W9M534	59.53	359	375
UniRef90_A0A010SJC4	61.83	359	374
UniRef90_A0A0A2J7T4	67.04	359	373
UniRef90_UPI0004561A51	42.58	359	381
UniRef90_A0A0B7KC55	62.43	359	375
UniRef90_F9F904	53.39	359	787
UniRef90_I8U9J0	40.93	359	448
UniRef90_W3X878	66.11	359	380
UniRef90_Q2U1K1	48.75	359	375
UniRef90_A0A0G2H7M3	58.33	359	353
UniRef90_A0A016PI12	54.87	359	377
UniRef90_N1PRK5	55.90	359	406
UniRef90_B8N6W5	50.69	359	375
UniRef90_K9FTJ5	65.91	359	371
UniRef90_A0A094AQ29	51.52	359	381
UniRef90_A0A0G4L509	59.21	359	377
UniRef90_A0A094FWM6	54.29	359	420
UniRef90_A0A0F8X5U0	68.52	359	351
UniRef90_R1FVB4	46.15	359	475
UniRef90_A0A0C9LNY6	56.50	359	420
UniRef90_A0A0G4LS78	60.76	359	422
UniRef90_M2Z1X9	51.96	359	392
UniRef90_A0A0L1HRF7	51.79	359	385
UniRef90_A2R6A1	46.99	359	476
UniRef90_W7MB35	44.97	359	374
UniRef90_A0A0K6G6Z9	45.18	359	583
UniRef90_A0A074RMY5	44.11	359	381
UniRef90_X0H3L6	53.52	359	378
UniRef90_C7ZFG8	49.44	359	373
UniRef90_A0A0B7FLR9	47.04	359	759
UniRef90_A0A093YGE7	55.10	359	440
UniRef90_A0A0B7K2C8	49.58	359	468
UniRef90_K2R8M4	56.49	359	378
UniRef90_B8NXF3	42.05	359	391
UniRef90_E3S3U7	50.69	359	385
UniRef90_M5C052	43.56	359	380
UniRef90_A0A0K6FPB1	43.29	359	381
UniRef90_Q0CZD4	43.80	359	480
UniRef90_Q9UUS4	50.42	359	479
UniRef90_K9H877	62.40	359	373
UniRef90_A0A0G2DXB8	44.17	359	404
UniRef90_A0A0F4Z8P2	39.19	359	387
UniRef90_G2YHT7	46.90	359	385
UniRef90_A0A0G2DZV7	58.21	359	600
UniRef90_A0A0K6FPQ4	43.41	359	538
UniRef90_A0A0K6FPQ4	49.46	359	538
UniRef90_W7MWT8	51.53	359	344
UniRef90_L2GG76	57.69	359	369
UniRef90_A0A0B7FW39	45.21	359	381
UniRef90_A0A010S5E9	51.25	359	454
UniRef90_W3WZS1	66.18	359	381
UniRef90_M5BYM2	41.37	359	380
UniRef90_X8J0U3	44.38	359	380
UniRef90_W3WR65	47.08	359	439
UniRef90_A0A0B7FTB2	45.33	359	384
UniRef90_R1EJD5	45.55	359	410
UniRef90_G2X1P5	39.67	359	415
UniRef90_S3E7X1	41.03	359	377
UniRef90_A0A0D9MP78	38.04	359	697
UniRef90_A0A0G2HG25	51.41	359	366
UniRef90_A1DEH0	40.38	359	386
UniRef90_A0A0D7BPL3	45.18	359	381
UniRef90_B6HER6	48.18	359	379
UniRef90_A0A074RIE4	44.06	359	332
UniRef90_M7SBP3	41.44	359	389
UniRef90_A0A0B7G147	43.29	359	381
UniRef90_A0A074S7K9	46.98	359	384
UniRef90_A0A0M8P585	46.63	359	381
UniRef90_A0A0F7SQC0	47.40	359	396
UniRef90_A0A0A2J0W4	46.22	359	382
UniRef90_A0A066VWV6	39.84	359	399
UniRef90_A0A0G4L4P1	41.62	359	1173
UniRef90_M5C2Q7	42.93	359	380
UniRef90_C7Z5T2	39.19	359	378
UniRef90_A0A0K6GAK8	44.32	359	389
UniRef90_Q0CFF7	43.63	359	388
UniRef90_A0A0C3G8M8	39.57	359	406
UniRef90_M2S7U2	52.34	359	385
UniRef90_A7E418	44.69	359	403
UniRef90_A0A0L1HN74	48.22	359	370
UniRef90_A0A0B7FLC0	41.45	359	378
UniRef90_A0A0B7G330	41.33	359	384
UniRef90_M5C1Q0	42.19	359	380
UniRef90_X8J5D0	40.22	359	368
UniRef90_B3GQR3	48.45	359	370
UniRef90_K1X0Y9	41.90	359	380
UniRef90_A0A0B7FVN8	45.33	359	384
UniRef90_A0A0F8DBW8	39.78	359	473
UniRef90_M3B023	50.28	359	375
UniRef90_A0A0D7B0S9	47.98	359	382
UniRef90_A0A074XSH5	47.91	359	379
UniRef90_A0A0J0DXJ2	52.29	359	336
UniRef90_A0A074T006	42.03	359	386
UniRef90_W0MMK9	38.80	359	421
UniRef90_A0A0M8MXU1	37.30	359	389
UniRef90_Q4ZPA7	39.58	359	421
UniRef90_B8N5R3	37.54	359	437
UniRef90_A0A074SP33	42.20	359	375
UniRef90_A0A0D7B5I1	43.21	359	382
UniRef90_A0A094KT90	40.50	359	1508
UniRef90_A0A094CUK2	42.54	359	384
UniRef90_M7UT07	40.82	359	386
UniRef90_A0A093ZHF3	39.89	359	1283
UniRef90_W3VGB6	38.54	359	832
UniRef90_UPI000444A5FC	43.32	359	388
UniRef90_A0A094D223	41.41	359	383
UniRef90_L2FTT7	39.67	359	384
UniRef90_A0A074ZFV3	45.68	359	379
UniRef90_S3MNE0	37.50	359	421
UniRef90_A0A0F8UTN0	40.65	359	388
UniRef90_W2Q1A7	38.56	359	439
UniRef90_A0A0D2NZ90	44.22	359	391
UniRef90_Q5BEB9	46.11	359	373
UniRef90_Q8NKE3	57.66	359	383
UniRef90_W9CJA9	46.34	359	383
UniRef90_A0A0F7SAI4	37.67	359	908
UniRef90_A0A0G2FNU7	43.75	359	430
UniRef90_N4V0N5	37.85	359	395
UniRef90_E3QJR8	38.59	359	396
UniRef90_H3H4V4	38.36	359	419
UniRef90_G2Y8C5	43.70	359	392
UniRef90_Q5B3J8	42.56	359	464
UniRef90_UPI0006D601CA	38.18	359	416
UniRef90_UPI000444944B	42.78	359	390
UniRef90_A0A0D2XF24	47.40	359	352
UniRef90_A0A0C3AZK9	40.86	359	389
UniRef90_UPI000441825D	40.75	359	388
UniRef90_G4YQR1	40.96	359	458
UniRef90_N4VIB7	37.67	359	383
UniRef90_W3WLJ5	45.75	359	381
UniRef90_W2QYG9	40.48	359	490
UniRef90_A0A081CIW7	39.62	359	859
UniRef90_L2GIR1	39.35	359	395
UniRef90_A0A0A7CP10	38.12	359	394
UniRef90_A0A099SPB0	37.66	359	421
UniRef90_A0A093YCP3	43.21	359	381
UniRef90_A7ERI8	43.16	359	392
UniRef90_A0A0L0SH79	37.89	359	410
UniRef90_G4TGD9	39.62	359	390
UniRef90_L2FJL3	39.95	359	383
UniRef90_A0A068L4P0	57.33	359	373
UniRef90_W2H7M8	37.50	359	823
UniRef90_G9NF13	43.26	359	389
UniRef90_A0A094BEE7	39.89	359	839
UniRef90_A0A084R0H5	40.06	359	392
UniRef90_W3X1M1	42.51	359	1132
UniRef90_M5C1J1	39.46	359	365
UniRef90_X8J7N7	39.47	359	390
UniRef90_A0A0A7CM87	37.40	359	396
UniRef90_V5EY48	39.84	359	819
UniRef90_A0A0D1DRZ0	37.87	359	833
UniRef90_G2YJG3	45.51	359	388
UniRef90_W3XJ81	44.66	359	388
UniRef90_W3XJJ8	40.65	359	389
UniRef90_M4K431	37.01	359	407
UniRef90_R9PJM0	39.35	359	2055
UniRef90_G2XKW4	40.21	359	567
UniRef90_G2XDC2	36.18	359	388
UniRef90_E6ZR08	37.64	359	872
UniRef90_E3KLN5	35.58	359	445
UniRef90_I2FQH6	36.59	359	888
UniRef90_C3KAQ8	36.72	359	417
UniRef90_K2RW08	40.10	359	437
UniRef90_A0A098E4B2	36.57	359	766
UniRef90_A0A0B7JY33	39.60	359	391
UniRef90_G4ZUC7	39.41	359	401
UniRef90_A0A067CKU4	37.40	359	394
UniRef90_A0A0D0MVV4	35.16	359	411
UniRef90_T0M648	35.04	359	430
UniRef90_Q8NKE4	51.44	359	380
UniRef90_K3WBS1	36.31	359	406
UniRef90_T0PKT9	37.93	359	395
UniRef90_G3F4G6	79.28	359	255
UniRef90_L2GBL6	35.04	359	459
UniRef90_K3W229	36.29	359	745
UniRef90_Q2UDM1	36.68	359	424
UniRef90_H3GL05	42.16	359	873
UniRef90_H3GL05	41.27	359	873
UniRef90_G2XKW3	42.30	359	574
UniRef90_A0A0M9ESU4	36.26	359	657
UniRef90_G4ZBZ9	40.37	359	407
UniRef90_W3XPB3	44.82	359	383
UniRef90_A0A0K6FNY4	38.89	359	397
UniRef90_T1NXE7	40.50	359	400
UniRef90_K3X4N0	38.69	359	403
UniRef90_A0A0I9XFI7	36.78	359	609
UniRef90_W2QF13	36.22	359	412
UniRef90_A0A0D2YAK5	36.51	359	548
UniRef90_N4VMN7	37.50	359	424
UniRef90_E3KQ13	36.27	359	415
UniRef90_W3XQA9	39.02	359	383
UniRef90_E2XRK1	36.46	359	417
UniRef90_K3WBS5	36.86	359	411
UniRef90_W7MR14	36.51	359	621
UniRef90_K3WBS2	36.14	359	405
UniRef90_A0A077QZM7	37.60	359	581
UniRef90_L2FH74	48.20	359	436
UniRef90_A0A0L0UTJ0	36.73	359	430
UniRef90_F4S5N1	34.88	359	505
UniRef90_K3WBS4	36.31	359	405
UniRef90_S8BM32	42.25	359	423
UniRef90_C7ZFG9	38.67	359	385
UniRef90_A0A0G2IGK6	41.38	359	487
UniRef90_Q48ER3	38.02	359	418
UniRef90_A0A066XDL4	36.80	359	386
UniRef90_A0A080ZJL0	36.29	359	461
UniRef90_R1GSQ1	48.73	359	314
UniRef90_M4BBW2	38.20	359	419
UniRef90_K3WBS9	38.35	359	398
UniRef90_H1W1Q2	51.00	359	317
UniRef90_F4RS03	36.05	359	406
UniRef90_N4VL95	38.63	359	502
UniRef90_D0NAW9	40.60	359	778
UniRef90_D0NAW9	39.27	359	778
UniRef90_L2FT46	38.84	359	484
UniRef90_UPI000370AA48	37.14	359	397
UniRef90_G2XKW2	38.46	359	432
UniRef90_M5C485	41.99	359	356
UniRef90_H3GMI7	36.71	359	443
UniRef90_A0A080ZJG1	39.47	359	449
UniRef90_T1NXF2	39.94	359	400
UniRef90_A0A010S4H6	39.18	359	549
UniRef90_H3G6H6	41.30	359	353
UniRef90_H3GH58	37.50	359	440
UniRef90_G2XKV8	39.56	359	491
UniRef90_A0A0A6W5H1	37.14	359	405
UniRef90_G2XKV7	39.10	359	400
UniRef90_C7YVE4	37.94	359	516
UniRef90_G2XKW6	39.69	359	349
UniRef90_A0A0D0N5V3	34.03	359	415
UniRef90_F3HFK4	39.94	359	354
UniRef90_G4ZZ95	37.53	359	410
UniRef90_A0A066XA72	38.63	359	404
UniRef90_W2PJ65	36.55	359	465
UniRef90_K2RHU6	48.68	359	300
UniRef90_G2XKV6	36.66	359	410
UniRef90_A0A090MIX6	36.84	359	672
UniRef90_W2Y6A0	37.27	359	410
UniRef90_W4K666	41.83	359	371
UniRef90_T1NXF7	37.27	359	441
UniRef90_H3G6F7	42.69	359	343
UniRef90_W3X968	41.06	359	392
UniRef90_W2Q1B0	40.05	359	1038
UniRef90_W2Q1B0	40.00	359	1038
UniRef90_H3H826	36.68	359	512
UniRef90_C9SEN8	36.73	359	474
UniRef90_A0A080ZY99	37.89	359	443
UniRef90_W2N6E0	40.05	359	1064
UniRef90_W2N6E0	43.04	359	1064
UniRef90_G4ZBZ4	40.80	359	904
UniRef90_G4ZBZ4	38.83	359	904
UniRef90_A0A094AZH6	39.70	359	330
UniRef90_G2XKW0	40.11	359	629
UniRef90_F4RTW7	38.62	359	396
UniRef90_M4BUR5	37.92	359	446
UniRef90_W2PTC9	38.53	359	448
UniRef90_W2Z1A0	39.20	359	470
UniRef90_G2X9U9	38.00	359	394
UniRef90_W2PM06	37.43	359	525
UniRef90_H1W0H3	38.46	359	483
UniRef90_D5GDR6	42.68	359	321
UniRef90_A0A0C4F870	31.14	359	579
UniRef90_H1W5A9	54.55	359	282
UniRef90_W2Q3R2	39.63	359	971
UniRef90_W2Q3R2	38.46	359	971
UniRef90_A0A0D0BGL3	39.40	359	390
UniRef90_G4ZBZ1	41.04	359	960
UniRef90_G4ZBZ1	39.19	359	960
UniRef90_A0A074RIV6	49.04	359	329
UniRef90_W2PTD3	40.36	359	525
UniRef90_D0MRW5	37.50	359	515
UniRef90_M4C115	40.00	359	436
UniRef90_A0A067CUG7	36.71	359	394
UniRef90_G4ZBY2	38.52	359	420
UniRef90_UPI000684B996	30.99	359	418
UniRef90_A0A0C3QLS5	41.46	359	459
UniRef90_W2P9R3	39.20	359	696
UniRef90_W2P9R3	34.44	359	696
UniRef90_G4ZUJ2	37.50	359	437
UniRef90_M4BBW8	38.28	359	1018
UniRef90_W2PRD4	40.36	359	500
UniRef90_UPI0006850617	36.94	359	416
UniRef90_A0A0C3PW47	41.98	359	462
UniRef90_D0P3W4	41.14	359	469
UniRef90_H3GH56	38.76	359	453
UniRef90_L8WMJ6	36.65	359	416
UniRef90_G4ZTY2	37.83	359	424
UniRef90_G4ZU54	38.39	359	449
UniRef90_G4YNM4	36.00	359	500
UniRef90_H3H4V5	38.72	359	938
UniRef90_H3H4V5	40.37	359	938
UniRef90_D0NC19	40.27	359	329
UniRef90_G4ZUL2	35.93	359	426
UniRef90_H3H4V8	36.51	359	379
UniRef90_G4ZBY5	37.33	359	387
UniRef90_D0NC25	34.59	359	401
UniRef90_H3GH57	38.65	359	450
UniRef90_A0A0L0USK8	33.33	359	460
UniRef90_G3F4G7	73.87	359	223
UniRef90_A0A0G4KP36	33.97	359	339
UniRef90_G4ZUL1	40.00	359	449
UniRef90_W2PR82	40.75	359	376
UniRef90_A0A0L6UF64	30.99	359	490
UniRef90_V9EGC2	39.66	359	483
UniRef90_G4ZUL6	37.18	359	362
UniRef90_M5CBV2	45.63	359	267
UniRef90_UPI00068611FA	30.81	359	419
UniRef90_A0A0G2DS36	37.81	359	411
UniRef90_A0A0B8VET4	35.53	359	322
UniRef90_A0A093YNA8	34.65	359	337
UniRef90_UPI000693BF83	32.35	359	381
UniRef90_G3F4I2	74.18	359	215
UniRef90_G3F4I0	97.51	359	201
UniRef90_G4ZU55	36.50	359	423
UniRef90_A0A0C2EB43	32.94	359	401
UniRef90_M5BYF4	42.55	359	276
UniRef90_UPI00068AFDBC	33.86	359	473
UniRef90_A0A074S9D9	49.53	359	384
UniRef90_L8WI57	37.13	359	946
UniRef90_A0A0B7K7V8	38.48	359	475
UniRef90_A0A0K6FP13	42.24	359	305
UniRef90_W3XPJ2	42.66	359	377
UniRef90_UPI0005173C99	42.34	359	305
UniRef90_G2XKX7	38.44	359	343
UniRef90_A0A0G4LM57	36.86	359	352
UniRef90_A0A0L1HXI8	38.44	359	486
UniRef90_A0A094FV02	36.87	359	802
UniRef90_UPI0006F5085B	35.11	359	484
UniRef90_E5A0J7	37.61	359	475
UniRef90_B2AJ80	33.90	359	380
UniRef90_A0A0K8JS80	36.51	359	632
UniRef90_A0A0C5VHP3	36.09	359	556
UniRef90_D0NAW8	40.64	359	274
UniRef90_G2XKW7	44.64	359	302
UniRef90_G3F4H9	81.25	359	208
UniRef90_A0A0B7FZ93	41.34	359	378
UniRef90_UPI0006FDC5D8	33.24	359	381
UniRef90_A0A0G4MVI5	37.05	359	393
UniRef90_K3WBT0	31.30	359	372
UniRef90_UPI0006905BBA	32.05	359	441
UniRef90_UPI00068BD0B2	29.71	359	461
UniRef90_C7ZLL1	34.27	359	374
UniRef90_M5BX74	46.23	359	266
UniRef90_A0A0B7K5F1	41.67	359	265
UniRef90_UPI00067DC8FB	32.28	359	478
UniRef90_A0A0G4MT12	39.01	359	330
UniRef90_H3H929	41.08	359	621
UniRef90_UPI000693EEC9	36.13	359	276
UniRef90_UPI0003998280	31.11	359	520
UniRef90_D0NAX3	35.93	359	316
UniRef90_UPI0003A432A7	30.33	359	520
UniRef90_W2I065	39.51	359	268
UniRef90_UPI00068EB633	32.00	359	389
UniRef90_UPI00068C2269	35.31	359	548
UniRef90_UPI0006F68DCE	32.64	359	715
UniRef90_D0NAX4	30.11	359	382
UniRef90_F4RS04	31.72	359	353
UniRef90_D0N8W0	37.05	359	303
UniRef90_A0A0C2WPY8	41.00	359	262
UniRef90_C9SW13	45.25	359	299
UniRef90_A0A0C4ELS4	29.87	359	355
UniRef90_G3LI20	73.48	359	184
UniRef90_K2S2X8	59.17	359	362
UniRef90_A0A080ZJH2	38.37	359	332
UniRef90_K2SBH9	39.90	359	297
UniRef90_UPI000685B56F	34.34	359	267
UniRef90_E4ZRF9	48.24	359	224
UniRef90_D0NAX2	42.38	359	215
UniRef90_A0A066VUQ3	32.03	359	306
UniRef90_Q6QEG1	44.15	359	374
UniRef90_G3F4I3	58.20	359	186
UniRef90_G3F4H4	73.17	359	164
UniRef90_W9J5D8	30.41	359	294
UniRef90_C9SHI8	45.85	359	260
UniRef90_D0P4G1	40.00	359	240
UniRef90_G3F4H1	59.24	359	183
UniRef90_G2XF02	30.87	359	418
UniRef90_W2MP09	40.76	359	251
UniRef90_A0A094AWK4	54.40	359	181
UniRef90_A0A081AMJ6	38.05	359	240
UniRef90_A0A094E9M5	46.82	359	224
UniRef90_A0A066VY12	50.57	359	173
UniRef90_A0A094AE80	47.40	359	234
UniRef90_G4ZUL5	39.90	359	215
UniRef90_G3F4H3	86.01	359	143
UniRef90_A0A067BNA0	27.88	359	296
UniRef90_D0NC26	39.02	359	200
UniRef90_H3H4V7	39.42	359	687
UniRef90_H3H4V7	37.06	359	687
UniRef90_A0A0K6FV75	33.85	359	1201
UniRef90_A0A0K8K1K0	26.23	359	537
UniRef90_G4ZBZ8	34.04	359	326
UniRef90_K3X4N1	37.34	359	270
UniRef90_A0A0F9GFT8	28.81	359	532
UniRef90_G7FXY4	25.08	359	527
UniRef90_M5C6L9	37.10	359	194
UniRef90_A0A0J0AGG1	31.05	359	223
UniRef90_A0A094GWB0	34.72	359	193
UniRef90_UPI0006CA2BEE	27.56	359	528
UniRef90_C6AQY7	24.92	359	422
UniRef90_I6RBF3	73.33	359	141
UniRef90_UPI0006846D1C	33.63	359	320
UniRef90_S9PD28	25.31	359	466
UniRef90_A0A0C4EZE5	26.45	359	539
UniRef90_UPI0006852BD6	24.61	359	688
UniRef90_A0A0C5VQ50	24.00	359	543
UniRef90_G3LI22	96.33	359	109
UniRef90_A0A0M0UH28	44.02	359	148
UniRef90_W2G7M6	37.95	359	292
UniRef90_UPI00067E791D	25.69	359	529
UniRef90_G3F4H2	77.12	359	118
UniRef90_A0A0C3AC76	45.27	359	165
UniRef90_G3F4H5	81.48	359	109
UniRef90_W2IDU3	37.23	359	263
UniRef90_Q2SHE7	24.65	359	523
UniRef90_G3F4H6	74.77	359	108
UniRef90_M4BUR4	38.04	359	226
UniRef90_M5C1Q4	39.16	359	178
UniRef90_A0A080ZJG9	40.40	359	260
UniRef90_A0A0C3Q6C3	32.91	359	160
UniRef90_T0PP05	28.04	359	186
UniRef90_D0NC27	42.11	359	190
UniRef90_A9FK19	25.95	359	591
UniRef90_W2K8Q0	41.73	359	161
UniRef90_M5C056	42.11	359	133
UniRef90_G3LI21	59.05	359	105
UniRef90_A0A066V0S8	30.56	359	208
UniRef90_E3KLN4	30.14	359	231
