UniRef90_P56868	99.21	252	254
UniRef90_O66662	71.43	252	254
UniRef90_UPI000496070F	64.88	252	254
UniRef90_D3DKK8	61.45	252	255
UniRef90_A8URR4	63.07	252	255
UniRef90_W0DGH8	61.57	252	254
UniRef90_D3SMI3	60.00	252	255
UniRef90_B4UA20	55.24	252	259
UniRef90_B5YFY7	55.27	252	270
UniRef90_C0QQ35	53.88	252	259
UniRef90_UPI0003F7B189	54.01	252	268
UniRef90_UPI0003B3E185	51.60	252	262
UniRef90_UPI00049574F2	50.00	252	257
UniRef90_D4H6H0	51.43	252	256
UniRef90_C1DWD1	49.80	252	260
UniRef90_B2V9I5	51.43	252	260
UniRef90_S9PL36	48.63	252	272
UniRef90_E4TIX6	50.80	252	261
UniRef90_U2RGA9	54.38	252	260
UniRef90_A0A0G3A4F6	48.09	252	272
UniRef90_D1ARM3	51.13	252	258
UniRef90_D0GJ53	51.29	252	261
UniRef90_R5A9P4	46.83	252	267
UniRef90_F8E670	50.40	252	256
UniRef90_D3P958	47.83	252	253
UniRef90_UPI0006B614A2	46.72	252	261
UniRef90_A0A0K1PAA0	56.22	252	262
UniRef90_V2Q138	46.85	252	256
UniRef90_Q2INR1	49.80	252	259
UniRef90_E3HB47	47.18	252	270
UniRef90_UPI0003B5F221	46.42	252	261
UniRef90_Q098L5	47.69	252	270
UniRef90_E8T3H7	46.64	252	262
UniRef90_U2RFC7	48.73	252	261
UniRef90_C7NC65	50.00	252	261
UniRef90_R7I3N1	48.19	252	273
UniRef90_A0A0K8PAD5	51.16	252	269
UniRef90_A0A0F6XTG0	47.71	252	272
UniRef90_UPI0004635783	50.00	252	272
UniRef90_E6W0P0	50.50	252	260
UniRef90_R6PQ33	43.75	252	267
UniRef90_F7JKH7	43.92	252	275
UniRef90_UPI0004809B3B	47.24	252	261
UniRef90_B3E7X2	50.93	252	275
UniRef90_A0A0B6WZ16	49.55	252	274
UniRef90_B0NXS5	46.91	252	267
UniRef90_B2KBT5	48.12	252	264
UniRef90_R9JZL5	43.19	252	275
UniRef90_UPI0005556391	48.81	252	248
UniRef90_A0A0G3WHK6	51.36	252	276
UniRef90_A0A085W7C7	54.95	252	270
UniRef90_B0VHG9	49.15	252	267
UniRef90_A0A0G1C4G1	44.00	252	267
UniRef90_R9MK88	49.11	252	273
UniRef90_UPI00041176BC	51.85	252	279
UniRef90_A0A0F2QSC5	45.17	252	261
UniRef90_B0MEK7	50.93	252	272
UniRef90_R5DLH8	49.54	252	272
UniRef90_UPI00046439A1	51.16	252	288
UniRef90_F8C2G3	46.51	252	263
UniRef90_A4XJ90	48.85	252	267
UniRef90_L7VMP1	46.00	252	267
UniRef90_F0S0E5	45.93	252	263
UniRef90_R7BFE6	53.85	252	272
UniRef90_A0A0M3QF16	54.90	252	279
UniRef90_UPI00058F313C	46.84	252	277
UniRef90_R6GDK5	46.84	252	316
UniRef90_A9KKE6	48.19	252	270
UniRef90_N2AJW7	47.96	252	273
UniRef90_E7GH66	43.97	252	275
UniRef90_R5DH35	43.82	252	273
UniRef90_A5Z8C2	49.54	252	270
UniRef90_R5XP37	42.91	252	274
UniRef90_B9MLC5	51.98	252	267
UniRef90_R6QLM5	48.62	252	275
UniRef90_UPI0006B67AF5	44.62	252	268
UniRef90_C6JGQ8	51.38	252	273
UniRef90_R5NME0	49.07	252	280
UniRef90_R5ECP4	49.08	252	267
UniRef90_UPI00042620CC	45.23	252	274
UniRef90_UPI00054D8788	48.62	252	273
UniRef90_Q1D0D5	47.13	252	271
UniRef90_B9M4J7	50.00	252	283
UniRef90_A5KPJ8	42.75	252	279
UniRef90_W0JEE7	47.81	252	247
UniRef90_R6L2Q5	51.35	252	273
UniRef90_A0A0K8J8N7	46.83	252	269
UniRef90_R5KMI3	50.00	252	272
UniRef90_A0A0J8DAD6	48.57	252	267
UniRef90_UPI0005EADC44	52.48	252	267
UniRef90_A1ANV7	51.43	252	272
UniRef90_B8FDT6	49.77	252	264
UniRef90_I0AG92	45.42	252	274
UniRef90_F3BCQ4	49.54	252	276
UniRef90_L7UFA4	45.77	252	270
UniRef90_R6XPL3	44.22	252	274
UniRef90_N1Z2T1	44.05	252	275
UniRef90_H8MNW3	47.45	252	272
UniRef90_R5JY69	53.61	252	269
UniRef90_A0A0M9E4H7	40.84	252	262
UniRef90_K2CWL9	47.24	252	265
UniRef90_C0C5X7	44.35	252	273
UniRef90_R7AP43	46.72	252	287
UniRef90_B1GYS0	51.40	252	275
UniRef90_UPI0004809A66	54.87	252	268
UniRef90_UPI000311CCAA	45.67	252	273
UniRef90_UPI00047ED8A8	47.00	252	267
UniRef90_I7A4F0	51.98	252	275
UniRef90_A0A0D5N4X8	46.41	252	272
UniRef90_E6QTY5	44.22	252	276
UniRef90_R7IW21	50.68	252	278
UniRef90_R6CGA8	47.09	252	273
UniRef90_A0A0B5BD33	48.84	252	270
UniRef90_UPI0005D1736A	53.33	252	273
UniRef90_R5WY82	50.46	252	273
UniRef90_UPI00041D38DB	50.70	252	273
UniRef90_A0A0B5FUL3	49.36	252	265
UniRef90_D4M6E2	45.74	252	273
UniRef90_F3AGM1	50.46	252	273
UniRef90_R5BZ73	47.71	252	273
UniRef90_A0A0F2J0P6	50.74	252	279
UniRef90_UPI0001E2E6A8	48.72	252	268
UniRef90_Q1JWJ2	47.66	252	289
UniRef90_A0A0C2HH43	47.23	252	270
UniRef90_A7B1C1	45.57	252	276
UniRef90_F2NKU6	51.49	252	264
UniRef90_UPI00040EC300	47.71	252	270
UniRef90_A7H875	54.55	252	259
UniRef90_F3ZYY7	49.52	252	268
UniRef90_F3ANT1	48.86	252	278
UniRef90_R7JPX2	46.22	252	274
UniRef90_A0A0J1G4Z1	47.26	252	274
UniRef90_UPI0003B590D3	46.61	252	253
UniRef90_B5EA08	46.79	252	278
UniRef90_R5R5J2	47.25	252	273
UniRef90_UPI00068DE5EE	44.26	252	279
UniRef90_A0A0A2I5V0	43.41	252	260
UniRef90_F2LTU8	47.04	252	254
UniRef90_D4LI19	52.31	252	273
UniRef90_R9KNY7	53.09	252	275
UniRef90_A0A0N0GP19	42.40	252	271
UniRef90_B0NHZ9	43.03	252	281
UniRef90_A9FFM6	44.27	252	309
UniRef90_Q3A0Z7	49.54	252	266
UniRef90_UPI000509F327	46.76	252	269
UniRef90_R9ILK9	49.54	252	277
UniRef90_A6BG50	47.47	252	316
UniRef90_K7QVS7	50.00	252	257
UniRef90_A0A0G1QID6	45.38	252	266
UniRef90_R9N729	44.22	252	285
UniRef90_W9AG96	45.06	252	273
UniRef90_UPI000415B051	49.31	252	261
UniRef90_A0A0B7MRN9	44.98	252	283
UniRef90_A0A096DLI7	51.03	252	268
UniRef90_D4LYQ1	48.13	252	272
UniRef90_E6LS87	44.12	252	269
UniRef90_C6LH20	46.12	252	275
UniRef90_E1YAA5	50.00	252	266
UniRef90_A0A0A8WUR2	52.45	252	279
UniRef90_A0A0G1V5L0	44.66	252	263
UniRef90_UPI00061CDC5E	42.80	252	270
UniRef90_R6RX59	50.77	252	273
UniRef90_E0E117	45.45	252	270
UniRef90_A0A0G4B892	45.24	252	255
UniRef90_A0A0F6W9S3	45.31	252	278
UniRef90_R5I4U9	47.06	252	273
UniRef90_A0A0G0PDP2	43.63	252	264
UniRef90_R6MG15	50.77	252	270
UniRef90_R7HA84	42.13	252	295
UniRef90_Q39Y84	50.49	252	270
UniRef90_UPI0004787EAE	45.96	252	270
UniRef90_X2H7E9	44.22	252	268
UniRef90_A0A024QA56	43.59	252	274
UniRef90_UPI0005D16DCE	43.03	252	264
UniRef90_B6WV43	48.39	252	276
UniRef90_A5GCJ1	48.37	252	288
UniRef90_A8ZU36	43.70	252	261
UniRef90_R7N663	52.31	252	279
UniRef90_W0FGY5	44.27	252	276
UniRef90_S0JBX3	52.82	252	277
UniRef90_G5ILC7	46.30	252	271
UniRef90_UPI000684647A	44.67	252	279
UniRef90_R6GHM4	48.60	252	272
UniRef90_UPI000487B131	48.51	252	267
UniRef90_UPI0001745AED	43.65	252	271
UniRef90_UPI00056EBD35	43.19	252	263
UniRef90_A0A0F2NA64	41.15	252	261
UniRef90_A5ZSP1	50.00	252	273
UniRef90_S4XY49	43.70	252	330
UniRef90_R1CHB0	43.51	252	276
UniRef90_A0A0L0WE79	50.26	252	268
UniRef90_D6DM14	49.23	252	271
UniRef90_R6R7U6	53.33	252	273
UniRef90_A0A0K1Q6Y7	42.08	252	273
UniRef90_G8LTY6	48.21	252	268
UniRef90_UPI00047C27C6	42.97	252	275
UniRef90_UPI00046CA802	46.88	252	251
UniRef90_UPI0005B2CC66	49.23	252	268
UniRef90_K1Z8C0	47.47	252	270
UniRef90_A0A084JLY0	46.54	252	272
UniRef90_R6YF02	51.79	252	270
UniRef90_UPI00048CA1E9	47.22	252	268
UniRef90_Q01Q54	45.54	252	252
UniRef90_UPI0004979AB5	45.60	252	268
UniRef90_K1YE64	41.86	252	261
UniRef90_U2Q3S4	46.79	252	281
UniRef90_D9PIB8	46.22	252	265
UniRef90_F7K8B6	51.79	252	277
UniRef90_Q8EPJ4	43.16	252	274
UniRef90_R6BY93	51.28	252	277
UniRef90_UPI0003B57611	43.31	252	273
UniRef90_R7A1T2	51.79	252	289
UniRef90_UPI0003FD1DD3	41.60	252	269
UniRef90_B4SCU1	45.00	252	273
UniRef90_U2AHY4	52.31	252	286
UniRef90_A0A090CZN1	45.61	252	280
UniRef90_R5TF69	46.30	252	272
UniRef90_UPI0004A76003	46.37	252	264
UniRef90_X1L616	50.26	252	208
UniRef90_UPI00048ADB04	43.97	252	279
UniRef90_H1HUB9	42.52	252	297
UniRef90_H1XUU4	50.00	252	286
UniRef90_A0LMN2	42.35	252	275
UniRef90_R6PJV1	42.06	252	267
UniRef90_UPI000362AFBD	47.96	252	273
UniRef90_R5HDP2	43.40	252	279
UniRef90_UPI0005A7DA33	47.78	252	276
UniRef90_R9JBS0	41.83	252	280
UniRef90_G8N930	47.16	252	257
UniRef90_G5GHS2	47.93	252	310
UniRef90_A0A0B4S2B5	52.06	252	267
UniRef90_R7C5G5	48.61	252	267
UniRef90_A3DGS6	48.72	252	268
UniRef90_Q3AT29	43.46	252	267
UniRef90_A0A0A2URK3	48.77	252	267
UniRef90_R6VJ92	47.53	252	273
UniRef90_UPI0006B60A29	51.28	252	268
UniRef90_E8WMU1	47.25	252	279
UniRef90_T0LFZ3	46.84	252	269
UniRef90_A0A081SEQ7	44.49	252	270
UniRef90_A0A0F9KBJ7	44.29	252	293
UniRef90_UPI000554851B	43.43	252	269
UniRef90_UPI00040E0906	41.43	252	269
UniRef90_J9HUJ0	43.22	252	287
UniRef90_G2LEZ2	41.90	252	270
UniRef90_A1BDJ6	45.38	252	272
UniRef90_C5JAX1	50.92	252	277
UniRef90_A0A0L6JS20	48.21	252	268
UniRef90_A0A0C1HBU5	46.08	252	271
UniRef90_B3EFF6	42.69	252	274
UniRef90_R7RPJ4	45.87	252	268
UniRef90_R6EXX9	50.26	252	280
UniRef90_A0A0B0S9Z1	50.74	252	257
UniRef90_UPI00047B2FCB	49.48	252	268
UniRef90_F8DJK0	48.76	252	264
UniRef90_W1SFM0	47.52	252	264
UniRef90_UPI0004032147	44.02	252	274
UniRef90_S4E448	43.75	252	274
UniRef90_UPI0003FE3EBE	43.75	252	270
UniRef90_UPI00051A1D4A	42.41	252	273
UniRef90_A0A0F0CUJ7	48.39	252	267
UniRef90_A0A069RFD8	46.79	252	268
UniRef90_UPI00056FD3DA	48.13	252	257
UniRef90_UPI00031E3929	41.22	252	278
UniRef90_X0SWS8	45.95	252	267
UniRef90_X1IXE6	51.83	252	202
UniRef90_C4GID7	50.25	252	266
UniRef90_UPI0002628863	42.35	252	272
UniRef90_A0A0G1S1H4	50.68	252	266
UniRef90_E8PQ15	48.13	252	257
UniRef90_F3B1W4	49.24	252	267
UniRef90_UPI0004DB8BED	50.00	252	280
UniRef90_Q3SIQ0	42.40	252	265
UniRef90_V9HKV6	42.63	252	270
UniRef90_A6DAV3	48.29	252	245
UniRef90_UPI0004635605	48.03	252	249
UniRef90_A0A0L0QR22	47.80	252	275
UniRef90_UPI000374DCCD	42.21	252	276
UniRef90_M1ZIV3	50.77	252	268
UniRef90_C4L4I5	48.10	252	272
UniRef90_K2CJB9	44.00	252	265
UniRef90_UPI00047B9903	44.92	252	264
UniRef90_F7V4F0	45.18	252	276
UniRef90_R9N1A4	49.74	252	273
UniRef90_UPI00047BCB48	48.51	252	264
UniRef90_UPI0003FBE6FC	43.16	252	272
UniRef90_A0A0B8WAL3	52.13	252	268
UniRef90_A0A0G0KBN1	44.59	252	232
UniRef90_Q8KFN8	43.70	252	272
UniRef90_UPI0005A90DEB	49.01	252	266
UniRef90_A0A0J7HXM8	42.19	252	274
UniRef90_A0A031WF02	48.98	252	268
UniRef90_A0A0A2TIH3	42.55	252	265
UniRef90_C7LTC5	44.12	252	272
UniRef90_I7J4S8	45.87	252	268
UniRef90_UPI0003B3E1CB	48.60	252	257
UniRef90_A0A0C7QE13	42.06	252	269
UniRef90_E5WJ76	47.47	252	264
UniRef90_A0A0G0TB78	44.58	252	254
UniRef90_B7GH10	50.26	252	278
UniRef90_A0A0G1VVB6	41.01	252	273
UniRef90_M1NGA3	42.19	252	258
UniRef90_UPI00046F8E33	48.45	252	268
UniRef90_A0A0K0GEK5	41.88	252	274
UniRef90_UPI00058C449C	43.84	252	264
UniRef90_B7A9G0	47.20	252	257
UniRef90_R5J7H8	47.69	252	268
UniRef90_D7CS86	49.75	252	270
UniRef90_A0A0G0QLK8	46.58	252	266
UniRef90_UPI0003787D96	47.20	252	257
UniRef90_F0YZH7	42.69	252	277
UniRef90_B3QUI7	42.31	252	278
UniRef90_A0A0D2VU92	48.31	252	296
UniRef90_F0EYT3	50.25	252	287
UniRef90_R6YDP2	41.27	252	272
UniRef90_D9S129	43.40	252	273
UniRef90_C5EXH4	46.80	252	253
UniRef90_Q5SHT7	47.66	252	257
UniRef90_K2KYH7	45.41	252	257
UniRef90_B3QQD9	43.31	252	272
UniRef90_A0A0A8USP1	39.75	252	271
UniRef90_UPI00046354DC	44.04	252	269
UniRef90_A0A077J549	48.02	252	270
UniRef90_UPI00051BF030	42.74	252	276
UniRef90_T2RCN5	48.68	252	197
UniRef90_UPI0002893861	46.83	252	274
UniRef90_UPI000400110E	46.86	252	269
UniRef90_T0C7V4	42.06	252	283
UniRef90_Q9PM24	46.15	252	250
UniRef90_H2CL17	43.25	252	293
UniRef90_Q5P216	41.73	252	267
UniRef90_UPI000410619D	41.90	252	262
UniRef90_K6C1M1	42.13	252	264
UniRef90_Q2BGS2	43.46	252	276
UniRef90_W5WY56	49.76	252	268
UniRef90_UPI00036BB747	43.60	252	268
UniRef90_A6GHX7	41.34	252	276
UniRef90_UPI0006A7D632	51.28	252	268
UniRef90_UPI000555F0AB	43.20	252	265
UniRef90_T4VYE2	49.22	252	269
UniRef90_G2IZE7	44.09	252	270
UniRef90_UPI0003B52EB0	41.80	252	270
UniRef90_UPI0006D53393	42.41	252	272
UniRef90_F5S4W7	48.28	252	270
UniRef90_UPI0005EF58E7	41.63	252	264
UniRef90_UPI0004E28357	44.39	252	276
UniRef90_C5ZX93	50.00	252	259
UniRef90_UPI00064619AC	43.60	252	266
UniRef90_UPI0005D11FA1	44.02	252	265
UniRef90_D1AXU0	42.62	252	256
UniRef90_R2VCA4	40.50	252	273
UniRef90_A0A0G0SQX5	41.20	252	266
UniRef90_A0A0H4KJR4	42.19	252	268
UniRef90_A0A0A5HME8	46.31	252	265
UniRef90_F5TED3	48.72	252	266
UniRef90_UPI000687295A	43.29	252	239
UniRef90_F8AC01	43.08	252	276
UniRef90_A0A075WUT3	42.19	252	267
UniRef90_Q04IS7	47.76	252	264
UniRef90_B6G0G2	44.86	252	267
UniRef90_B3EMH4	42.91	252	269
UniRef90_E7S9Y9	46.27	252	264
UniRef90_A0A094NIY8	47.34	252	276
UniRef90_UPI0003690B15	42.26	252	270
UniRef90_UPI0005AA0736	46.53	252	264
UniRef90_A0A017T302	43.33	252	274
UniRef90_UPI0005CD3744	48.97	252	264
UniRef90_UPI000558EE3C	42.42	252	272
UniRef90_Q0YRX3	43.68	252	272
UniRef90_UPI0005D10624	50.52	252	269
UniRef90_G7Q8X8	50.51	252	268
UniRef90_Q3B242	43.46	252	271
UniRef90_A0LCM8	48.39	252	272
UniRef90_R6TKK4	44.44	252	260
UniRef90_A0A024P8A6	41.88	252	273
UniRef90_A0A0F9IAV9	45.80	252	280
UniRef90_I3ECQ4	43.35	252	265
UniRef90_A4SGB9	43.08	252	271
UniRef90_B9KEG0	46.05	252	246
UniRef90_A0A099DG91	46.19	252	268
UniRef90_UPI0004164696	42.31	252	272
UniRef90_Q4HTI2	47.12	252	248
UniRef90_UPI0004170987	46.31	252	267
UniRef90_UPI0003A96AA6	49.50	252	264
UniRef90_UPI00041B90D3	42.86	252	272
UniRef90_H1PLI2	40.48	252	270
UniRef90_A0A0H5DQT5	45.00	252	266
UniRef90_V6Z6N1	48.26	252	271
UniRef90_T2LHT7	46.89	252	247
UniRef90_K0AXV1	52.55	252	271
UniRef90_Q6MM65	49.29	252	268
UniRef90_UPI00067F157E	42.29	252	271
UniRef90_C8WXN9	45.87	252	281
UniRef90_A0A0N1K5R9	43.12	252	280
UniRef90_UPI0005591B08	44.50	252	269
UniRef90_UPI00047C6655	43.38	252	264
UniRef90_S6ALZ2	43.20	252	269
UniRef90_A0A0A5GJM3	45.85	252	267
UniRef90_UPI00064D7641	41.45	252	270
UniRef90_UPI0002EF24AE	48.53	252	272
UniRef90_UPI00037C6A21	47.87	252	269
UniRef90_M4V7H5	42.17	252	276
UniRef90_G4L7X9	45.67	252	273
UniRef90_A0A099U5H3	45.81	252	259
UniRef90_W1TMW6	49.75	252	271
UniRef90_D7UYD4	44.35	252	270
UniRef90_A0A081NSY0	43.58	252	269
UniRef90_C5D5M9	44.77	252	264
UniRef90_A0A0M2SVU1	44.95	252	264
UniRef90_UPI00048E976D	40.08	252	266
UniRef90_A0A0A2WQ64	45.83	252	261
UniRef90_A0A075JML3	40.60	252	274
UniRef90_E4U0B4	41.88	252	248
UniRef90_A0A0A1MWG3	42.55	252	271
UniRef90_UPI000473496A	42.92	252	264
UniRef90_Q1INP0	43.60	252	291
UniRef90_S0RUU3	41.74	252	270
UniRef90_W8T888	41.70	252	268
UniRef90_A0A078KZH4	46.53	252	268
UniRef90_UPI000488ED1A	43.55	252	253
UniRef90_A0A0M0XC88	43.35	252	264
UniRef90_A0A0B1TUC5	49.49	252	269
UniRef90_UPI00067965DC	43.18	252	272
UniRef90_UPI0004673D67	50.00	252	268
UniRef90_N0AWT5	48.51	252	270
UniRef90_H2A8A8	46.27	252	269
UniRef90_A0A0G1VGZ2	45.38	252	260
UniRef90_E4KM61	44.61	252	280
UniRef90_UPI000513625F	44.50	252	248
UniRef90_D4DS58	41.27	252	270
UniRef90_A0A099TWQ7	41.06	252	250
UniRef90_A0A0B0DD83	41.88	252	273
UniRef90_UPI0004795A95	40.84	252	270
UniRef90_A0A0K9G9Y4	45.59	252	271
UniRef90_UPI000370E923	45.81	252	277
UniRef90_A2RKH0	45.77	252	271
UniRef90_A0A091FFE2	44.80	252	282
UniRef90_I7H518	41.60	252	246
UniRef90_Q2LXZ9	39.53	252	270
UniRef90_K4LF91	40.47	252	293
UniRef90_D5DTN2	43.51	252	264
UniRef90_A0A0M0L7U3	41.84	252	264
UniRef90_A7HPQ4	44.64	252	276
UniRef90_A0A0E9EYL8	45.27	252	264
UniRef90_UPI0002891770	41.42	252	269
UniRef90_A0A0J5JN52	47.06	252	269
UniRef90_C4XJS3	43.65	252	270
UniRef90_G8P1Z5	41.94	252	267
UniRef90_E6LG36	45.05	252	272
UniRef90_F4LTY2	43.46	252	269
UniRef90_R5Y5H3	39.62	252	261
UniRef90_UPI000493AE49	44.39	252	268
UniRef90_B9L8I2	44.54	252	245
UniRef90_F4BN13	45.67	252	272
UniRef90_A6Q504	46.63	252	253
UniRef90_F0JI87	40.16	252	279
UniRef90_C3XLQ8	40.73	252	258
UniRef90_K2A7T9	41.43	252	271
UniRef90_UPI00065DFAF5	44.78	252	268
UniRef90_UPI00037C0558	47.03	252	271
UniRef90_G5IX81	45.54	252	270
UniRef90_UPI0004B9B161	42.98	252	267
UniRef90_U7VBH5	45.02	252	265
UniRef90_A0A0A8HKF5	43.40	252	247
UniRef90_UPI0004787576	48.73	252	269
UniRef90_G4CT32	40.87	252	270
UniRef90_A0A075LJT9	41.95	252	271
UniRef90_P0A0Q9	47.78	252	270
UniRef90_A0A0E0T031	41.92	252	282
UniRef90_A0A0K6H1L3	43.72	252	248
UniRef90_UPI0003497539	45.77	252	264
UniRef90_A0A062XVK5	47.45	252	282
UniRef90_W4RVT0	43.29	252	265
UniRef90_J1F9Z2	42.86	252	249
UniRef90_UPI00066FBA0D	41.35	252	264
UniRef90_U2JM60	39.45	252	255
UniRef90_A0A0M2PNE4	47.21	252	272
UniRef90_Q92CH2	43.78	252	266
UniRef90_I8AIT0	49.74	252	267
UniRef90_Q7M9M9	44.81	252	248
UniRef90_E4U514	48.51	252	260
UniRef90_UPI000487E77D	46.67	252	271
UniRef90_R2STC7	45.05	252	285
UniRef90_A0A081BB87	46.36	252	278
UniRef90_A0A091CD00	44.23	252	272
UniRef90_A3WJH9	43.52	252	248
UniRef90_UPI000405FA6D	43.12	252	266
UniRef90_C7GZZ4	40.16	252	267
UniRef90_UPI0003B72FE2	41.04	252	271
UniRef90_Q6MA22	44.76	252	249
UniRef90_A0A0G1EQB9	41.49	252	261
UniRef90_A0A099BBW1	43.75	252	247
UniRef90_UPI0002FDA5FD	49.50	252	265
UniRef90_UPI00067F1F3D	50.00	252	265
UniRef90_L5N8U2	41.03	252	273
UniRef90_G5KI44	46.27	252	263
UniRef90_UPI00036E6544	41.63	252	271
UniRef90_F1YYL9	45.27	252	264
UniRef90_UPI0006D0F1D4	43.93	252	273
UniRef90_UPI000370BB95	42.49	252	265
UniRef90_P56868	99.21	252	254
UniRef90_O66662	71.43	252	254
UniRef90_B7GH10	41.38	252	278
UniRef90_UPI000496070F	63.31	252	254
UniRef90_R7RPJ4	40.55	252	268
UniRef90_R7HA84	41.41	252	295
UniRef90_R7IW21	43.61	252	278
UniRef90_I3ECQ4	38.98	252	265
UniRef90_C6JGQ8	44.87	252	273
UniRef90_UPI00047ED8A8	42.08	252	267
UniRef90_R7I3N1	46.64	252	273
UniRef90_R5DLH8	43.75	252	272
UniRef90_C5D5M9	40.38	252	264
UniRef90_R5R5J2	41.06	252	273
UniRef90_U2Q3S4	42.06	252	281
UniRef90_UPI0005A90DEB	40.96	252	266
UniRef90_R9KNY7	42.75	252	275
UniRef90_W0DGH8	60.08	252	254
UniRef90_R5I4U9	41.06	252	273
UniRef90_UPI00041D38DB	43.97	252	273
UniRef90_R6BY93	42.23	252	277
UniRef90_B9M4J7	44.05	252	283
UniRef90_UPI0005D10624	40.23	252	269
UniRef90_W1SFM0	38.70	252	264
UniRef90_R7BFE6	43.58	252	272
UniRef90_UPI0004891A62	37.55	252	264
UniRef90_D9S129	40.38	252	273
UniRef90_UPI00058C449C	39.08	252	264
UniRef90_R6GDK5	43.70	252	316
UniRef90_UPI00047B9903	40.61	252	264
UniRef90_N0AWT5	40.39	252	270
UniRef90_UPI00046F8E33	39.37	252	268
UniRef90_R6L2Q5	44.75	252	273
UniRef90_R9ILK9	42.80	252	277
UniRef90_UPI0004635783	44.62	252	272
UniRef90_K6C1M1	39.08	252	264
UniRef90_R5NME0	43.65	252	280
UniRef90_F3ANT1	42.31	252	278
UniRef90_R6CGA8	42.58	252	273
UniRef90_R5KMI3	44.09	252	272
UniRef90_D4LYQ1	42.35	252	272
UniRef90_UPI000311CCAA	42.97	252	273
UniRef90_R6GHM4	41.83	252	272
UniRef90_R5WY82	42.97	252	273
UniRef90_UPI0003B3E185	50.20	252	262
UniRef90_R5XP37	42.35	252	274
UniRef90_F3AGM1	44.87	252	273
UniRef90_R9C7S7	38.89	252	265
UniRef90_A1ANV7	44.98	252	272
UniRef90_D4LI19	42.21	252	273
UniRef90_R9MK88	44.49	252	273
UniRef90_UPI0003F7B189	50.59	252	268
UniRef90_E5WJ76	41.00	252	264
UniRef90_A0A0N0GP19	42.06	252	271
UniRef90_B3E7X2	45.24	252	275
UniRef90_A0A0J1G4Z1	43.19	252	274
UniRef90_U5LEC0	39.08	252	266
UniRef90_A0A096DLI7	41.11	252	268
UniRef90_D5DTN2	39.85	252	264
UniRef90_UPI0005AA0736	38.46	252	264
UniRef90_A0A077J549	40.32	252	270
UniRef90_A6BG50	42.29	252	316
UniRef90_R7N663	43.03	252	279
UniRef90_UPI0005EF58E7	37.55	252	264
UniRef90_Q3A0Z7	44.62	252	266
UniRef90_E7GH66	43.24	252	275
UniRef90_UPI0003FE3EBE	40.23	252	270
UniRef90_R6R7U6	43.35	252	273
UniRef90_S0JBX3	42.80	252	277
UniRef90_R7AP43	39.71	252	287
UniRef90_R5DH35	43.48	252	273
UniRef90_UPI00065DFAF5	36.05	252	268
UniRef90_R6VJ92	42.59	252	273
UniRef90_R5HDP2	40.87	252	279
UniRef90_A0A0K9G9Y4	38.08	252	271
UniRef90_UPI0004151B9C	37.31	252	264
UniRef90_UPI0005D11FA1	40.39	252	265
UniRef90_UPI00041176BC	45.95	252	279
UniRef90_G4CT32	39.22	252	270
UniRef90_R9JZL5	42.58	252	275
UniRef90_UPI0005CD3744	39.92	252	264
UniRef90_UPI000473496A	40.00	252	264
UniRef90_A0A0J8DAD6	42.13	252	267
UniRef90_A0A0B0DD83	38.55	252	273
UniRef90_B5YFY7	50.99	252	270
UniRef90_G2IZE7	42.13	252	270
UniRef90_G4L7X9	38.49	252	273
UniRef90_A0A0M2SVU1	39.62	252	264
UniRef90_A0A084JLY0	41.43	252	272
UniRef90_UPI00040E0906	40.38	252	269
UniRef90_B5EA08	42.46	252	278
UniRef90_I7J4S8	41.37	252	268
UniRef90_D6DM14	39.84	252	271
UniRef90_R5BZ73	42.21	252	273
UniRef90_A5ZSP1	42.21	252	273
UniRef90_C0C5X7	41.00	252	273
UniRef90_W4RVT0	38.70	252	265
UniRef90_Q39Y84	42.46	252	270
UniRef90_UPI00047BCB48	40.87	252	264
UniRef90_E8T3H7	45.28	252	262
UniRef90_R6RX59	41.90	252	273
UniRef90_UPI000487B131	44.02	252	267
UniRef90_A5GCJ1	43.78	252	288
UniRef90_R2VCA4	36.02	252	273
UniRef90_Q1JWJ2	45.02	252	289
UniRef90_R7A1T2	41.83	252	289
UniRef90_B9MLC5	42.35	252	267
UniRef90_R6EXX9	41.04	252	280
UniRef90_UPI000362AFBD	43.14	252	273
UniRef90_UPI0004DB8BED	41.11	252	280
UniRef90_A0A0A6VFA8	38.55	252	268
UniRef90_A0A0D5N4X8	44.18	252	272
UniRef90_UPI000554851B	42.52	252	269
UniRef90_R7C5G5	43.78	252	267
UniRef90_A0A0A8WUR2	43.65	252	279
UniRef90_UPI00061CDC5E	41.73	252	270
UniRef90_D4M6E2	41.02	252	273
UniRef90_UPI0001E2E6A8	40.61	252	268
UniRef90_A0A0G3A4F6	47.91	252	272
UniRef90_R2STC7	38.00	252	285
UniRef90_S9PL36	48.29	252	272
UniRef90_UPI0003690B15	39.45	252	270
UniRef90_A0A0C7QE13	39.61	252	269
UniRef90_R9N1A4	40.64	252	273
UniRef90_A4XJ90	41.96	252	267
UniRef90_A0A0B5BD33	42.86	252	270
UniRef90_H1HUB9	41.57	252	297
UniRef90_A7B1C1	42.19	252	276
UniRef90_UPI0003153D14	36.40	252	264
UniRef90_X2H7E9	43.70	252	268
UniRef90_A0A0M0L7U3	39.23	252	264
UniRef90_L5N8U2	37.79	252	273
UniRef90_F4BN13	38.31	252	272
UniRef90_D3DKK8	61.45	252	255
UniRef90_D3SMI3	58.33	252	255
UniRef90_H6PAH1	37.07	252	269
UniRef90_UPI0006B67AF5	44.44	252	268
UniRef90_R6QLM5	42.97	252	275
UniRef90_A5Z8C2	42.69	252	270
UniRef90_R5JY69	44.58	252	269
UniRef90_A0A0A5GCY2	36.80	252	271
UniRef90_UPI0004797EAA	38.70	252	265
UniRef90_R5TF69	41.43	252	272
UniRef90_R5ECP4	44.18	252	267
UniRef90_R9JBS0	41.67	252	280
UniRef90_UPI0003635F0F	37.07	252	264
UniRef90_L7VMP1	43.63	252	267
UniRef90_S4E448	41.38	252	274
UniRef90_UPI0003FD1DD3	40.94	252	269
UniRef90_A9KKE6	46.83	252	270
UniRef90_UPI0004809A66	44.31	252	268
UniRef90_UPI0004164696	37.93	252	272
UniRef90_G5GHS2	42.13	252	310
UniRef90_R6XPL3	43.48	252	274
UniRef90_F7YZA3	38.74	252	269
UniRef90_A5KPJ8	41.02	252	279
UniRef90_Q098L5	47.51	252	270
UniRef90_U2AHY4	42.63	252	286
UniRef90_F7JKH7	43.36	252	275
UniRef90_UPI0002EF24AE	40.71	252	272
UniRef90_G5ILC7	40.23	252	271
UniRef90_N2AJW7	42.58	252	273
UniRef90_E6QTY5	43.08	252	276
UniRef90_UPI00054D8788	42.75	252	273
UniRef90_R1CHB0	39.46	252	276
UniRef90_C4L4I5	41.86	252	272
UniRef90_Q8EPJ4	40.32	252	274
UniRef90_I0JPH9	38.70	252	274
UniRef90_B0MEK7	44.98	252	272
UniRef90_UPI00066FBA0D	37.84	252	264
UniRef90_B0VHG9	44.83	252	267
UniRef90_UPI0005D1736A	42.97	252	273
UniRef90_UPI00040EC300	41.73	252	270
UniRef90_D4DS58	38.98	252	270
UniRef90_A0A0M3QF16	47.01	252	279
UniRef90_I0AG92	44.09	252	274
UniRef90_A0A091CD00	36.58	252	272
UniRef90_R5A9P4	44.79	252	267
UniRef90_W8T888	39.23	252	268
UniRef90_G2DIV5	38.98	252	271
UniRef90_F2BQE7	36.05	252	264
UniRef90_C6LH20	41.29	252	275
UniRef90_A0A0A5GJM3	38.55	252	267
UniRef90_C7NC65	45.00	252	261
UniRef90_R7JPX2	41.25	252	274
UniRef90_A0A0B6WZ16	44.02	252	274
UniRef90_UPI0003B57611	41.76	252	273
UniRef90_UPI000405FA6D	38.74	252	266
UniRef90_Q04IS7	39.77	252	264
UniRef90_F7K8B6	42.80	252	277
UniRef90_L7UFA4	45.21	252	270
UniRef90_A0A0H4KJR4	38.31	252	268
UniRef90_A0A0A2URK3	38.82	252	267
UniRef90_UPI00031E7627	36.90	252	269
UniRef90_S0RUU3	38.40	252	270
UniRef90_B0NXS5	44.98	252	267
UniRef90_Q5KWI3	36.54	252	264
UniRef90_R2PZF1	36.40	252	270
UniRef90_A0A024P8A6	37.40	252	273
UniRef90_UPI0005EADC44	42.75	252	267
UniRef90_A0A0A2TIH3	36.64	252	265
UniRef90_A0A0M0XC88	38.31	252	264
UniRef90_A0A0G3WHK6	44.66	252	276
UniRef90_UPI000469772E	37.60	252	262
UniRef90_R2SYN8	36.58	252	274
UniRef90_C0QQ35	51.98	252	259
UniRef90_C9A8I1	39.04	252	271
UniRef90_B6G0G2	39.15	252	267
UniRef90_UPI00046439A1	43.49	252	288
UniRef90_UPI0006D0F1D4	39.15	252	273
UniRef90_UPI0006CAE492	38.19	252	269
UniRef90_H2A8A8	37.84	252	269
UniRef90_E3CHK0	37.84	252	264
UniRef90_A3CPR2	36.05	252	264
UniRef90_F7V4F0	41.67	252	276
UniRef90_UPI00048E976D	35.63	252	266
UniRef90_UPI00047B2FCB	40.38	252	268
UniRef90_W7C425	39.92	252	276
UniRef90_A0A075LJT9	34.51	252	271
UniRef90_A0A0J5JN52	38.31	252	269
UniRef90_A0A0F2J0P6	42.91	252	279
UniRef90_UPI0005577D08	38.31	252	270
UniRef90_UPI0006A7DA97	38.19	252	265
UniRef90_F8DJK0	39.15	252	264
UniRef90_F3BCQ4	42.41	252	276
UniRef90_A0LMN2	41.90	252	275
UniRef90_A0A0N0KTX6	37.45	252	271
UniRef90_D0GJ53	46.15	252	261
UniRef90_A0A0C2VJF3	37.05	252	267
UniRef90_UPI000478E92B	36.64	252	269
UniRef90_A0A0K8J8N7	44.27	252	269
UniRef90_A6CSF9	38.55	252	266
UniRef90_UPI000554BC60	37.35	252	266
UniRef90_V4SMX4	36.68	252	264
UniRef90_S6A3D3	36.90	252	264
UniRef90_G5KI44	37.98	252	263
UniRef90_UPI00051BF030	41.67	252	276
UniRef90_Q8E3V7	35.16	252	264
UniRef90_UPI00040AFBEB	37.07	252	264
UniRef90_A0A081NSY0	38.58	252	269
UniRef90_A0A090J0M7	39.20	252	265
UniRef90_UPI0004795361	36.61	252	270
UniRef90_A0A0L0QR22	38.55	252	275
UniRef90_UPI000617ACE9	38.96	252	264
UniRef90_Q9L4V5	38.40	252	268
UniRef90_A4W3D7	35.52	252	264
UniRef90_A0A0F0CUJ7	42.64	252	267
UniRef90_A0A031WF02	38.08	252	268
UniRef90_UPI00067F1F3D	41.90	252	265
UniRef90_V6Z6N1	39.15	252	271
UniRef90_UPI00047C6655	39.08	252	264
UniRef90_A7GTG8	38.61	252	267
UniRef90_G5IX81	36.58	252	270
UniRef90_E0E117	41.92	252	270
UniRef90_UPI0005F77061	38.15	252	264
UniRef90_UPI00051A1D4A	40.93	252	273
UniRef90_UPI000377BAE9	37.98	252	270
UniRef90_A0A0E4CS76	37.21	252	276
UniRef90_UPI000370BB95	40.56	252	265
UniRef90_T4VYE2	39.62	252	269
UniRef90_UPI0004117AC7	38.74	252	265
UniRef90_A0A0A5HME8	37.85	252	265
UniRef90_B0NHZ9	42.29	252	281
UniRef90_UPI0003A96AA6	40.16	252	264
UniRef90_A0A0E9GDH9	37.21	252	264
UniRef90_D9PIB8	43.48	252	265
UniRef90_A0A073K692	36.98	252	271
UniRef90_A3DGS6	40.32	252	268
UniRef90_UPI0002F101F2	39.92	252	265
UniRef90_UPI000646255A	35.04	252	271
UniRef90_A0A0B5FUL3	46.12	252	265
UniRef90_UPI00031E3929	39.69	252	278
UniRef90_UPI0006D80F7E	37.40	252	269
UniRef90_S0KI06	35.00	252	271
UniRef90_F4LTY2	40.00	252	269
UniRef90_A0A0E9EYL8	36.82	252	264
UniRef90_R3W9B1	36.02	252	283
UniRef90_A0A0M0EYC9	40.80	252	267
UniRef90_I7A4F0	42.97	252	275
UniRef90_C0M7R0	37.60	252	264
UniRef90_S1NWD5	37.45	252	270
UniRef90_O31332	37.93	252	269
UniRef90_A0A069RFD8	42.31	252	268
UniRef90_A0A024QA56	40.32	252	274
UniRef90_A0A084GX47	37.16	252	265
UniRef90_A0A098M4F7	36.36	252	268
UniRef90_E3HB47	46.03	252	270
UniRef90_A0A0N1K5R9	38.58	252	280
UniRef90_A0A0K9H8R9	38.49	252	266
UniRef90_F3L975	37.98	252	264
UniRef90_D1ARM3	45.53	252	258
UniRef90_A0A0M2PNE4	37.65	252	272
UniRef90_A0A0C2Y7H5	38.89	252	266
UniRef90_G9QQ97	36.55	252	272
UniRef90_A0A0L0WE79	40.77	252	268
UniRef90_UPI00047C27C6	39.92	252	275
UniRef90_UPI0004787EAE	42.57	252	270
UniRef90_UPI00048CA1E9	41.11	252	268
UniRef90_R9N729	43.87	252	285
UniRef90_Q2LXZ9	38.98	252	270
UniRef90_U2RGA9	46.90	252	260
UniRef90_C6IV28	36.22	252	272
UniRef90_V9HKV6	40.94	252	270
UniRef90_UPI00035EDD11	37.07	252	264
UniRef90_Q3SIQ0	41.34	252	265
UniRef90_G5K1E7	37.21	252	265
UniRef90_F0S0E5	44.49	252	263
UniRef90_A0A0F5IDX1	36.68	252	266
UniRef90_UPI0004032147	41.50	252	274
UniRef90_R6PQ33	42.86	252	267
UniRef90_UPI00046354DC	38.31	252	269
UniRef90_UPI0003B72FE2	40.55	252	271
UniRef90_UPI00036E6544	39.53	252	271
UniRef90_A0A0F5KRF8	36.86	252	273
UniRef90_K6C8G5	36.78	252	266
UniRef90_A8URR4	60.32	252	255
UniRef90_A0A0K8PAD5	44.49	252	269
UniRef90_UPI000400110E	40.55	252	269
UniRef90_A0A085W7C7	47.51	252	270
UniRef90_UPI0003497539	37.35	252	264
UniRef90_F3ZYY7	42.17	252	268
UniRef90_UPI00054DF438	37.35	252	264
UniRef90_D3A6S2	37.40	252	269
UniRef90_UPI00037C3FDC	38.61	252	266
UniRef90_UPI0006A7D632	40.94	252	268
UniRef90_UPI000373924C	35.14	252	274
UniRef90_UPI0002893861	39.76	252	274
UniRef90_D3FWE9	37.11	252	269
UniRef90_P0A0Q9	40.64	252	270
UniRef90_UPI0006B60A29	41.50	252	268
UniRef90_F0EYT3	42.13	252	287
UniRef90_UPI000413AC19	40.08	252	262
UniRef90_A0A0M4GNP8	38.34	252	265
UniRef90_A0A098F396	38.98	252	265
UniRef90_UPI0004031F35	37.30	252	269
UniRef90_J3JNU7	36.82	252	264
UniRef90_UPI00050945B6	36.80	252	266
UniRef90_UPI0004144A12	37.21	252	264
UniRef90_A0A099DG91	39.53	252	268
UniRef90_M1ZIV3	41.50	252	268
UniRef90_B9DTR9	35.52	252	264
UniRef90_E6LG36	37.55	252	272
UniRef90_R2S5L2	37.07	252	270
UniRef90_UPI00058F313C	42.91	252	277
UniRef90_H1XUU4	41.38	252	286
UniRef90_R3WWG3	36.51	252	277
UniRef90_N6Y5X1	37.93	252	270
UniRef90_UPI00067B1B44	37.45	252	264
UniRef90_UPI00047761DE	37.98	252	264
UniRef90_W9AG96	41.13	252	273
UniRef90_H7F7K6	39.11	252	269
UniRef90_W7D236	40.00	252	272
UniRef90_UPI0006D256B1	37.80	252	269
UniRef90_A0A076GWR7	37.85	252	277
UniRef90_A0A0F6XTG0	47.53	252	272
UniRef90_A0A0J5SGH1	36.40	252	264
UniRef90_UPI000370E923	37.89	252	277
UniRef90_UPI0003FBE6FC	39.61	252	272
UniRef90_UPI000376577F	36.72	252	272
UniRef90_UPI00064D7641	38.82	252	270
UniRef90_K0J767	36.26	252	272
UniRef90_S6ALZ2	42.13	252	269
UniRef90_UPI0004851603	36.54	252	266
UniRef90_UPI000550BDA9	37.16	252	269
UniRef90_UPI0002F5F15F	35.38	252	273
UniRef90_UPI0003A039E9	37.40	252	272
UniRef90_E6LS87	42.17	252	269
UniRef90_A0A0A2U997	37.55	252	269
UniRef90_K8EIK0	37.40	252	270
UniRef90_Q5P216	41.41	252	267
UniRef90_Q92CH2	39.77	252	266
UniRef90_T0AUG1	36.78	252	277
UniRef90_A0A090YIZ5	36.26	252	269
UniRef90_A0A0K0GEK5	39.76	252	274
UniRef90_UPI0004787576	38.70	252	269
UniRef90_A0A0A3HME0	34.50	252	264
UniRef90_UPI00039A4463	36.78	252	264
UniRef90_F8FNK6	36.61	252	269
UniRef90_UPI0003FCB4BA	37.35	252	269
UniRef90_G8LTY6	39.85	252	268
UniRef90_F1YYL9	36.82	252	264
UniRef90_C5WEV0	35.27	252	265
UniRef90_A0A0M0KH92	34.25	252	266
UniRef90_Q836J0	36.11	252	273
UniRef90_UPI0002628863	40.96	252	272
UniRef90_A0A075JML3	37.30	252	274
UniRef90_G2LEZ2	41.73	252	270
UniRef90_UPI0004170987	38.19	252	267
UniRef90_A7Z7C8	37.40	252	272
UniRef90_S0NTS2	36.40	252	271
UniRef90_F5LAJ0	36.58	252	281
UniRef90_UPI0005591B08	39.62	252	269
UniRef90_Q1D0D5	46.95	252	271
UniRef90_S0RWI2	36.02	252	270
UniRef90_UPI00056C9EB0	39.22	252	270
UniRef90_B1GYS0	44.44	252	275
UniRef90_UPI00042794DA	38.37	252	278
UniRef90_A0A0K9GWT4	39.13	252	265
UniRef90_A0A0J6CWG9	38.93	252	265
UniRef90_G5JY72	35.27	252	264
UniRef90_A0A0A1MWG3	39.20	252	271
UniRef90_R6YF02	42.46	252	270
UniRef90_A0A069D793	36.51	252	279
UniRef90_L0ECX9	38.15	252	269
UniRef90_N4WNS0	33.97	252	267
UniRef90_UPI0005B2CC66	40.71	252	268
UniRef90_E7S9Y9	38.22	252	264
UniRef90_Q5F6P9	40.24	252	270
UniRef90_E8WMU1	42.06	252	279
UniRef90_UPI0001851184	36.55	252	264
UniRef90_U2RFC7	44.49	252	261
UniRef90_D7UYD4	40.93	252	270
UniRef90_UPI000346EB3B	36.78	252	265
UniRef90_UPI00041D7173	36.47	252	269
UniRef90_A0A0B0IMT7	35.34	252	264
UniRef90_UPI0006D585AD	35.57	252	268
UniRef90_UPI0004B9B161	40.15	252	267
UniRef90_W0RI25	44.06	252	270
UniRef90_UPI0002FDA5FD	41.11	252	265
UniRef90_S1R5R3	33.86	252	267
UniRef90_K4ZF71	35.97	252	270
UniRef90_R9U0I1	37.79	252	272
UniRef90_I6TD26	35.25	252	270
UniRef90_A0A0C2VBC8	38.00	252	261
UniRef90_V5XPI2	36.40	252	272
UniRef90_W7YFY9	36.51	252	274
UniRef90_UPI000493AE49	37.20	252	268
UniRef90_V6Q6W0	39.31	252	270
UniRef90_UPI00047792B9	34.65	252	270
UniRef90_F5S4W7	41.34	252	270
UniRef90_A0A0J0YR17	40.16	252	268
UniRef90_UPI0006EC1656	35.88	252	269
UniRef90_UPI000371DD00	36.58	252	269
UniRef90_C4GID7	42.91	252	266
UniRef90_Q5M627	34.36	252	271
UniRef90_R2S361	36.80	252	273
UniRef90_A0A0F3FV00	37.84	252	272
UniRef90_P94556	35.04	252	272
UniRef90_A0A089IJ17	35.57	252	268
UniRef90_UPI000364E607	36.47	252	269
UniRef90_Q2INR1	47.86	252	259
UniRef90_UPI00035FFDF2	36.08	252	269
UniRef90_UPI000289734B	37.55	252	264
UniRef90_W4QS33	35.74	252	267
UniRef90_UPI000478366A	37.50	252	269
UniRef90_A0A0B5AUH8	36.69	252	258
UniRef90_UPI000225BF71	36.86	252	270
UniRef90_UPI00037C0558	38.28	252	271
UniRef90_UPI000509F327	41.67	252	269
UniRef90_A0A094JT59	36.54	252	273
UniRef90_B1YJW7	36.08	252	271
UniRef90_I8AIT0	39.85	252	267
UniRef90_E3EFW8	35.71	252	269
UniRef90_A0A084H7Q5	36.09	252	271
UniRef90_UPI00050A2993	39.92	252	268
UniRef90_UPI000487E77D	37.35	252	271
UniRef90_A0A089M352	35.97	252	268
UniRef90_N1Z2T1	41.70	252	275
UniRef90_V6J105	38.08	252	268
UniRef90_A8FFY8	38.25	252	272
UniRef90_UPI0006FA25B4	34.39	252	269
UniRef90_A0A0F5R8P3	34.51	252	269
UniRef90_UPI0004979AB5	43.70	252	268
UniRef90_Q8DSQ5	35.27	252	264
UniRef90_UPI0006B50F7F	35.27	252	269
UniRef90_A0A0C2UXN1	34.65	252	270
UniRef90_I7LSH7	37.50	252	264
UniRef90_UPI00048CFB98	37.10	252	269
UniRef90_UPI00041949C9	37.25	252	268
UniRef90_UPI00049574F2	49.40	252	257
UniRef90_UPI0001745AED	43.08	252	271
UniRef90_UPI0003FA012C	38.43	252	265
UniRef90_A0A091FFE2	39.34	252	282
UniRef90_A0A0D6DX94	35.55	252	264
UniRef90_UPI00041194F1	36.92	252	269
UniRef90_X0SWS8	41.25	252	267
UniRef90_Q9A1B7	36.43	252	264
UniRef90_A0A0L6JS20	39.85	252	268
UniRef90_E6TZT5	36.29	252	279
UniRef90_UPI00068DE5EE	41.31	252	279
UniRef90_A0A0D3VCQ3	36.11	252	270
UniRef90_UPI0005C8699B	35.83	252	270
UniRef90_A0A074LVH1	35.91	252	265
UniRef90_A0A0F9KBJ7	38.22	252	293
UniRef90_UPI0002891770	38.98	252	269
UniRef90_UPI00037E41A1	36.29	252	264
UniRef90_A0A0H3E4P4	36.61	252	271
UniRef90_UPI0004206676	35.57	252	269
UniRef90_A0A0C2QNY2	35.04	252	269
UniRef90_A0A0C2HH43	44.35	252	270
UniRef90_UPI00037434F6	36.14	252	274
UniRef90_UPI0002F9A682	36.55	252	274
UniRef90_UPI0007000C34	37.55	252	263
UniRef90_UPI000684647A	41.31	252	279
UniRef90_UPI0006D53393	40.38	252	272
UniRef90_H8MNW3	47.15	252	272
UniRef90_R5J7H8	39.62	252	268
UniRef90_W4Q2K1	36.14	252	264
UniRef90_D4YFF9	36.15	252	287
UniRef90_F3B1W4	41.20	252	267
