UniRef90_P0AFU8	100.00	206	213
UniRef90_D2THH6	94.17	206	213
UniRef90_A0A085H1N2	91.71	206	214
UniRef90_A0A0C7WCB2	89.81	206	213
UniRef90_E3G641	90.24	206	214
UniRef90_A0A085AM48	88.83	206	212
UniRef90_A0A0H4YXX5	89.76	206	211
UniRef90_A0A090V7C8	88.35	206	216
UniRef90_A0A089PUI9	87.38	206	214
UniRef90_C9Y3J7	89.27	206	216
UniRef90_W1G4L7	92.78	206	203
UniRef90_A0A089PSE7	88.18	206	215
UniRef90_A0A0L0ANX7	86.89	206	212
UniRef90_A0A085GCD4	87.86	206	213
UniRef90_J4W3R8	87.86	206	211
UniRef90_A0A085H3M8	89.95	206	212
UniRef90_UPI00031CCAC5	89.90	206	212
UniRef90_V5ARX5	89.34	206	212
UniRef90_UPI0004E1FCB1	84.73	206	217
UniRef90_L0M272	90.95	206	214
UniRef90_A0A071LW00	85.22	206	218
UniRef90_UPI000368702C	83.74	206	214
UniRef90_H5UYM3	84.39	206	211
UniRef90_I2BA37	82.67	206	212
UniRef90_A0A0F7HF61	81.55	206	216
UniRef90_A0A014M254	80.58	206	216
UniRef90_D4E6Y0	78.64	206	216
UniRef90_A0A088KYZ1	81.46	206	218
UniRef90_A0A083ZY69	79.13	206	215
UniRef90_H8NWV2	79.13	206	217
UniRef90_A0A087L395	78.64	206	216
UniRef90_A0A085GAH4	80.79	206	218
UniRef90_A0A0A1AZH7	80.49	206	219
UniRef90_D8MRI5	79.80	206	216
UniRef90_UPI00039F9EC0	78.22	206	216
UniRef90_I6H3U4	94.25	206	205
UniRef90_UPI0004699C4B	79.80	206	211
UniRef90_L0MEM3	77.18	206	217
UniRef90_UPI00054F8E6C	78.16	206	215
UniRef90_A0A085GTA3	78.64	206	216
UniRef90_S0ADM2	79.80	206	289
UniRef90_A0A0M2KBW0	77.83	206	217
UniRef90_A0A0B6IDY1	80.30	206	217
UniRef90_A0A0H5MWY6	80.00	206	217
UniRef90_A0A0J8YKR1	79.80	206	218
UniRef90_E0SG35	79.40	206	216
UniRef90_A0A076LX24	78.71	206	211
UniRef90_UPI000345E225	78.22	206	216
UniRef90_A0A0M9CX34	76.85	206	218
UniRef90_A7FHJ8	79.51	206	218
UniRef90_H3RCC4	78.05	206	222
UniRef90_A0A068RD67	76.85	206	212
UniRef90_A0A0A3Z1F3	79.80	206	213
UniRef90_D4I2C9	76.85	206	221
UniRef90_B2VEM6	78.33	206	219
UniRef90_A0A068QSC6	75.49	206	214
UniRef90_A0A0F7LTF8	77.34	206	218
UniRef90_UPI000479678E	77.00	206	215
UniRef90_C6C4A4	78.71	206	216
UniRef90_A0A0D7F306	76.70	206	215
UniRef90_A0A0B6G864	77.56	206	221
UniRef90_I0QW39	78.22	206	222
UniRef90_UPI0003637763	79.40	206	220
UniRef90_G7LKQ5	77.23	206	211
UniRef90_W0LJ80	78.79	206	217
UniRef90_E6WDG7	76.10	206	216
UniRef90_Q6D5W5	76.85	206	211
UniRef90_UPI00040CE80E	78.22	206	204
UniRef90_A0A068R1X2	75.00	206	214
UniRef90_UPI0005DEC9A9	77.07	206	221
UniRef90_UPI0002DF6CC2	76.10	206	211
UniRef90_W1F045	100.00	206	192
UniRef90_E1SBN8	75.61	206	219
UniRef90_W1IQW2	74.51	206	214
UniRef90_A0A0A0Z9U0	76.35	206	218
UniRef90_A0A0G3CNK3	77.72	206	201
UniRef90_V3TRG8	76.38	206	215
UniRef90_A0A0H2QIR1	73.89	206	209
UniRef90_A0A085HJJ5	75.25	206	204
UniRef90_A0A0B5IXS3	75.62	206	219
UniRef90_A0A085JDR8	70.87	206	207
UniRef90_A0A0A2RBM4	72.28	206	221
UniRef90_UPI0004A3C090	72.41	206	213
UniRef90_W0HY17	75.12	206	205
UniRef90_A0A095T8L7	71.71	206	211
UniRef90_D4C317	72.06	206	221
UniRef90_K8W7M7	71.57	206	221
UniRef90_UPI0004B8F1A1	72.20	206	204
UniRef90_V6MU00	72.36	206	223
UniRef90_Q2NT11	73.66	206	205
UniRef90_K8WMN1	70.59	206	218
UniRef90_D2TYY4	70.30	206	216
UniRef90_UPI0004901D72	70.30	206	204
UniRef90_R8AQ76	72.50	206	215
UniRef90_A0A0J8YUD8	72.59	206	197
UniRef90_A0A0E3ZNB7	68.47	206	205
UniRef90_J3YRH5	68.29	206	205
UniRef90_R4I0G2	66.83	206	212
UniRef90_F2P7L9	67.82	206	202
UniRef90_G2J556	67.65	206	203
UniRef90_UPI000667FE8F	66.83	206	204
UniRef90_F7XXE0	67.33	206	202
UniRef90_UPI00065115DD	67.33	206	204
UniRef90_UPI00051C9E15	69.46	206	203
UniRef90_Q9CN00	67.00	206	204
UniRef90_E6KXB7	66.01	206	204
UniRef90_A0KK39	69.12	206	205
UniRef90_C6AN72	65.52	206	204
UniRef90_Q65SZ0	65.84	206	207
UniRef90_C9PQX2	66.34	206	204
UniRef90_D0YYH2	66.01	206	202
UniRef90_A0A0J6RCX0	64.39	206	205
UniRef90_A0A0J5GL77	66.34	206	202
UniRef90_UPI0006D195AC	65.84	206	203
UniRef90_K1IWK3	67.98	206	205
UniRef90_A0A0F5VAZ0	68.32	206	202
UniRef90_Q7NVF6	65.84	206	205
UniRef90_UPI000377862E	66.83	206	203
UniRef90_C9P4N9	65.35	206	202
UniRef90_A0A090RLA2	67.65	206	203
UniRef90_UPI0004039BE1	65.35	206	205
UniRef90_S7HZB1	66.01	206	203
UniRef90_A0A066USH1	67.66	206	203
UniRef90_D0M2E7	66.67	206	203
UniRef90_UPI00048F4D42	67.82	206	206
UniRef90_P45273	65.84	206	204
UniRef90_A0A0F4NF23	65.35	206	203
UniRef90_H2IC27	67.16	206	203
UniRef90_E0WU37	65.83	206	205
UniRef90_A0A090PHW8	66.50	206	203
UniRef90_A0A0F5EVM1	66.01	206	205
UniRef90_U4KFF1	66.34	206	203
UniRef90_A0A0F2I1K5	66.34	206	204
UniRef90_UPI000509528E	65.35	206	203
UniRef90_N9VH33	67.16	206	203
UniRef90_A5KXT7	65.02	206	202
UniRef90_A0A0F5ZU83	65.52	206	203
UniRef90_A0A0J1GVK4	65.84	206	202
UniRef90_UPI00063C2EC2	65.84	206	202
UniRef90_A0A0F7JWQ1	66.34	206	206
UniRef90_UPI000374ADC5	65.84	206	203
UniRef90_F5S5G5	65.52	206	204
UniRef90_F9R986	65.35	206	206
UniRef90_F0LTS8	65.02	206	203
UniRef90_A0A088MXA1	66.50	206	213
UniRef90_UPI0003787585	63.11	206	206
UniRef90_F0ET02	65.35	206	227
UniRef90_E8LT04	64.36	206	203
UniRef90_UPI0004DB5D52	64.85	206	204
UniRef90_UPI0003FABD35	66.00	206	206
UniRef90_A0A0C2KBI6	63.86	206	203
UniRef90_L8J8R4	65.84	206	203
UniRef90_F9S834	63.86	206	204
UniRef90_Q2C467	65.35	206	201
UniRef90_A0A0C5WTK2	65.84	206	204
UniRef90_UPI000509DB63	64.36	206	203
UniRef90_UPI0003010416	64.85	206	204
UniRef90_UPI0004870620	65.37	206	205
UniRef90_UPI00048AF3F9	63.86	206	205
UniRef90_C1DB35	64.36	206	205
UniRef90_UPI0005652C6E	66.34	206	204
UniRef90_A0A072L8T8	65.69	206	203
UniRef90_F9QBG5	62.87	206	204
UniRef90_B7VNV3	64.88	206	261
UniRef90_A6ALX4	64.22	206	203
UniRef90_UPI0005A85162	63.05	206	202
UniRef90_UPI00056FAF6F	62.87	206	210
UniRef90_A0A0C3HV01	66.01	206	203
UniRef90_A6VNJ3	64.36	206	204
UniRef90_A0A0E4G2N3	65.33	206	219
UniRef90_A0A0J1HCI9	64.04	206	205
UniRef90_U3U9P5	64.32	206	208
UniRef90_Q0I3Q4	65.35	206	202
UniRef90_W1N289	62.68	206	208
UniRef90_A0A0A0SPN2	61.08	206	204
UniRef90_C0EJR4	64.53	206	204
UniRef90_J3TGT0	62.75	206	205
UniRef90_Q1QVQ8	61.76	206	204
UniRef90_A0A094NS64	61.39	206	203
UniRef90_UPI0004647452	62.93	206	206
UniRef90_A0A0B7J8S7	65.35	206	201
UniRef90_A0A0F3KRZ8	63.55	206	204
UniRef90_UPI00030D5366	63.37	206	202
UniRef90_A0A087I210	64.36	206	206
UniRef90_A0A0A3BC84	62.87	206	208
UniRef90_S2KR91	62.80	206	207
UniRef90_F9TDV9	62.38	206	202
UniRef90_UPI00067EEB0A	66.34	206	201
UniRef90_K2JTN5	65.84	206	201
UniRef90_A0A098RB38	62.68	206	209
UniRef90_U7P7K0	62.50	206	209
UniRef90_A0A0M0HNS5	62.38	206	203
UniRef90_UPI0002EEA026	61.39	206	203
UniRef90_UPI00058FC50C	61.88	206	204
UniRef90_H2FW00	65.50	206	202
UniRef90_G2FCR8	66.33	206	205
UniRef90_UPI0004194A61	64.85	206	203
UniRef90_A0A0K2BKW8	62.38	206	212
UniRef90_A0A0K6H113	67.53	206	198
UniRef90_Q1LTZ9	65.50	206	207
UniRef90_A0A0H2N6W9	61.88	206	202
UniRef90_UPI0002D97340	62.87	206	202
UniRef90_UPI000288A382	63.46	206	209
UniRef90_A0A0D8M3C4	64.04	206	204
UniRef90_A0A0A5I627	61.58	206	203
UniRef90_U3B273	61.88	206	204
UniRef90_UPI000413649A	60.28	206	214
UniRef90_A0A0M0I2Q6	62.07	206	203
UniRef90_UPI0002FCC9B2	62.38	206	202
UniRef90_A0A0F4R8A8	63.59	206	206
UniRef90_X3Y0H8	87.94	206	141
UniRef90_E1V4E2	61.43	206	209
UniRef90_A0A0D8Q1G5	64.04	206	204
UniRef90_UPI0004846AD0	62.98	206	209
UniRef90_UPI00050A345F	61.76	206	203
UniRef90_I3D9G2	61.88	206	203
UniRef90_Q1Z8E4	64.82	206	206
UniRef90_U2ZW74	61.39	206	203
UniRef90_A0A0J0YUC5	64.04	206	202
UniRef90_C4GFC6	61.17	206	205
UniRef90_A0A0L7YSD5	60.89	206	203
UniRef90_UPI0005B25A68	88.65	206	156
UniRef90_D0W4I5	63.55	206	206
UniRef90_UPI0006934BCA	61.39	206	219
UniRef90_A0A086D5Q0	62.87	206	202
UniRef90_D0WAY2	63.55	206	205
UniRef90_A0A0A2ZDQ6	61.27	206	204
UniRef90_C6M319	63.29	206	209
UniRef90_A0A0J8VIH5	63.55	206	202
UniRef90_C9QKQ9	60.89	206	204
UniRef90_W7QA32	61.54	206	209
UniRef90_UPI00058DA5B6	60.77	206	209
UniRef90_A0A0M6W7W2	58.33	206	204
UniRef90_UPI00034842FC	59.52	206	211
UniRef90_E3BFM1	59.30	206	200
UniRef90_G2DEY4	66.33	206	613
UniRef90_V9HL50	60.00	206	202
UniRef90_A0A085DW65	61.06	206	212
UniRef90_B8KAN6	60.61	206	199
UniRef90_F2BCM6	61.08	206	203
UniRef90_A0A0B8QMN6	62.38	206	202
UniRef90_E8MAM5	59.61	206	204
UniRef90_T2LCP4	59.42	206	209
UniRef90_G4CJK9	58.82	206	205
UniRef90_UPI0005582C0B	60.10	206	204
UniRef90_UPI00036B0D20	62.56	206	202
UniRef90_A0A0M1Z2J9	62.25	206	205
UniRef90_E2PF00	62.75	206	205
UniRef90_D4DPY3	61.58	206	203
UniRef90_L1NTK4	61.58	206	204
UniRef90_UPI000489E6A1	59.22	206	207
UniRef90_C5WD87	59.41	206	202
UniRef90_A0A0B1PPN1	60.10	206	208
UniRef90_G4CS75	62.19	206	202
UniRef90_UPI0003682106	59.41	206	203
UniRef90_A0A090ISK7	61.39	206	207
UniRef90_A0A060BAF3	59.62	206	208
UniRef90_UPI00055C1418	62.87	206	202
UniRef90_A0A0D6E8N2	60.49	206	215
UniRef90_A0A0F9UKN4	60.00	206	210
UniRef90_Q5E4Y7	61.08	206	202
UniRef90_UPI00037DB7FB	58.25	206	206
UniRef90_UPI0005B8117F	61.35	206	208
UniRef90_F7SNW4	59.62	206	265
UniRef90_F0EYG1	60.59	206	223
UniRef90_UPI0003684579	60.10	206	208
UniRef90_A0A084CPM5	58.62	206	203
UniRef90_E0N8T5	62.75	206	469
UniRef90_C0DW58	57.49	206	206
UniRef90_A0A080LNT4	57.28	206	206
UniRef90_B6EKI2	58.82	206	203
UniRef90_A0A0A7S702	55.34	206	206
UniRef90_UPI0006CADEE1	58.54	206	204
UniRef90_A0A090R5X1	66.08	206	171
UniRef90_D7MZW6	60.87	206	235
UniRef90_Q8KA22	56.78	206	208
UniRef90_H0IYS9	58.94	206	208
UniRef90_A0A080KIL2	56.16	206	202
UniRef90_A0A084CLZ4	55.88	206	208
UniRef90_G2LMI6	55.78	206	207
UniRef90_A0A066TBW9	55.45	206	202
UniRef90_UPI0004703535	56.86	206	203
UniRef90_X2HF33	55.78	206	207
UniRef90_A0A0M4H368	54.77	206	208
UniRef90_A0A066TFI3	52.91	206	208
UniRef90_X2GYG6	54.68	206	202
UniRef90_UPI00047EDFA9	56.16	206	211
UniRef90_A0A081FV30	54.95	206	204
UniRef90_G2LNZ5	51.76	206	204
UniRef90_UPI000423D247	57.43	206	205
UniRef90_I0YKV3	55.83	206	213
UniRef90_U7G8G7	57.07	206	206
UniRef90_P57212	52.26	206	208
UniRef90_UPI00037EE460	57.43	206	202
UniRef90_A0A0J7M1E3	56.57	206	206
UniRef90_UPI00037C417E	56.10	206	204
UniRef90_H8WB47	56.57	206	205
UniRef90_UPI0004176D90	55.34	206	207
UniRef90_G2DKM9	62.86	206	180
UniRef90_UPI00047A17A2	56.37	206	204
UniRef90_UPI00036ED116	55.78	206	203
UniRef90_A0A090IDG3	56.44	206	201
UniRef90_Q1N1V6	55.45	206	205
UniRef90_UPI0006C7DEC4	51.49	206	203
UniRef90_UPI0003FEED8F	50.50	206	203
UniRef90_UPI00048497AD	53.17	206	204
UniRef90_UPI0004279A7D	56.44	206	202
UniRef90_UPI00040BD99B	54.95	206	204
UniRef90_A0A0C1S0R0	49.50	206	212
UniRef90_A0A081NAN4	54.95	206	204
UniRef90_N6VTS8	55.56	206	205
UniRef90_Q2BHA1	55.45	206	201
UniRef90_UPI000490D6AA	53.96	206	204
UniRef90_A8IPC9	53.00	206	215
UniRef90_W5YKR2	55.56	206	206
UniRef90_D8TS86	56.50	206	518
UniRef90_W0P5D7	49.01	206	213
UniRef90_UPI0005CAA44B	54.04	206	207
UniRef90_B1KGQ3	54.90	206	204
UniRef90_UPI0004054A1A	56.10	206	204
UniRef90_UPI0006D68F00	52.97	206	204
UniRef90_C1MQM6	52.97	206	249
UniRef90_UPI000472D1EF	52.45	206	205
UniRef90_E6XLB7	53.96	206	209
UniRef90_D4G8P0	48.77	206	203
UniRef90_UPI00057AE87D	53.47	206	205
UniRef90_B8CME4	52.97	206	204
UniRef90_E1ZSB9	54.27	206	251
UniRef90_A3QEK4	53.47	206	203
UniRef90_UPI0004296B5B	52.94	206	205
UniRef90_M7CQ95	54.55	206	214
UniRef90_E4PFV8	53.54	206	206
UniRef90_A8H4V0	53.47	206	205
UniRef90_A4BC66	52.53	206	203
UniRef90_UPI0003B331A2	54.11	206	207
UniRef90_UPI00048404E2	51.47	206	203
UniRef90_Q8EES2	52.91	206	206
UniRef90_A0A0F9SNV2	55.05	206	214
UniRef90_UPI000420EFC0	54.85	206	205
UniRef90_A9DMM7	53.96	206	211
UniRef90_A0A0F7M204	54.15	206	207
UniRef90_UPI00052F1A09	52.97	206	203
UniRef90_Q082D9	51.71	206	204
UniRef90_A0A072N396	54.04	206	203
UniRef90_UPI0004910E54	51.98	206	203
UniRef90_D4ZKS9	53.47	206	205
UniRef90_UPI000483A7C7	53.54	206	204
UniRef90_Q014T3	53.62	206	257
UniRef90_K2LAN3	50.98	206	206
UniRef90_A0A0D2M8W3	53.50	206	258
UniRef90_A0A090AJP6	51.98	206	209
UniRef90_A0A0M2T683	54.37	206	207
UniRef90_R8B5X2	54.04	206	206
UniRef90_E1SSL6	52.97	206	203
UniRef90_A0A061R0Q6	50.50	206	247
UniRef90_G0AZH5	51.96	206	207
UniRef90_A3J9J2	52.53	206	204
UniRef90_UPI0002557CEF	53.69	206	203
UniRef90_UPI00041FDF00	52.97	206	208
UniRef90_UPI00041A2D64	52.00	206	215
UniRef90_C1DYE0	51.98	206	299
UniRef90_H6Q4Y2	44.12	206	204
UniRef90_D0X3N2	63.64	206	153
UniRef90_A0A094LTC0	51.20	206	206
UniRef90_UPI000262D0F8	52.71	206	203
UniRef90_W8G618	50.24	206	216
UniRef90_A1S6G1	50.25	206	202
UniRef90_Q7VR57	47.00	206	202
UniRef90_Q12NI9	50.50	206	204
UniRef90_A0A0B8PZK7	61.69	206	154
UniRef90_A0A081KCR0	51.49	206	204
UniRef90_F7NVM6	51.43	206	211
UniRef90_A0A090AMK4	51.46	206	210
UniRef90_UPI000426BC9F	50.75	206	203
UniRef90_Q5QWF9	51.23	206	202
UniRef90_A0A0N1KNI2	50.74	206	202
UniRef90_A7BRI9	48.78	206	209
UniRef90_UPI000360658A	54.77	206	208
UniRef90_Q8D2M1	45.63	206	206
UniRef90_J4SQG6	64.08	206	147
UniRef90_A0A094JBE0	50.00	206	203
UniRef90_A0A081N124	51.22	206	207
UniRef90_A6F0Y1	50.51	206	204
UniRef90_I1DV45	50.00	206	207
UniRef90_A3WL39	51.98	206	203
UniRef90_Q2SIR3	52.26	206	229
UniRef90_A0Y8Z6	49.50	206	210
UniRef90_R4YQ84	47.14	206	218
UniRef90_F7RYW1	49.51	206	206
UniRef90_Q89AX1	47.24	206	212
UniRef90_UPI0004BB3AB4	49.02	206	214
UniRef90_A0A0M2VJQ2	50.00	206	216
UniRef90_UPI0004197A56	51.52	206	240
UniRef90_A0A0K6GUP0	48.02	206	198
UniRef90_A4S0H5	51.60	206	188
UniRef90_UPI0004E12F45	50.49	206	205
UniRef90_D6YVD7	51.81	206	193
UniRef90_UPI0006EC373B	50.74	206	206
UniRef90_M5A7E2	47.76	206	212
UniRef90_A3Y5J4	46.70	206	215
UniRef90_A0A078L288	45.63	206	205
UniRef90_Q492U2	47.21	206	207
UniRef90_UPI000417A249	49.51	206	210
UniRef90_A0A0A7EHH5	46.63	206	209
UniRef90_A0A0M2V8Q0	49.02	206	207
UniRef90_A0A0N1EQK9	45.93	206	208
UniRef90_K8EE96	47.91	206	284
UniRef90_Q606Z6	46.08	206	218
UniRef90_H3ZAR4	48.04	206	209
UniRef90_G7ECQ6	46.83	206	208
UniRef90_R9PK45	53.76	206	185
UniRef90_UPI0003783FFE	46.73	206	209
UniRef90_UPI0005A91647	46.83	206	208
UniRef90_I2JGC2	50.98	206	206
UniRef90_UPI0004186F5B	47.47	206	235
UniRef90_UPI0003F82993	45.45	206	209
UniRef90_A0A099LCD9	48.58	206	213
UniRef90_S2KF07	45.45	206	209
UniRef90_I4Z4Y9	47.52	206	216
UniRef90_A0A0D5LPF6	46.23	206	209
UniRef90_X7E662	46.83	206	210
UniRef90_A0A0F6AE70	45.75	206	213
UniRef90_U5VDK7	44.50	206	209
UniRef90_UPI00040BE14F	47.03	206	203
UniRef90_UPI000466C439	46.77	206	209
UniRef90_U1KYY8	45.37	206	208
UniRef90_B1J734	44.28	206	205
UniRef90_I0HNC9	47.80	206	235
UniRef90_G7EQC7	44.88	206	208
UniRef90_L0FLH7	45.15	206	208
UniRef90_UPI0003495916	47.80	206	235
UniRef90_A0Y1M2	45.37	206	208
UniRef90_B7WW75	46.08	206	235
UniRef90_Q3IH46	43.90	206	208
UniRef90_A0A075GBE7	45.73	206	201
UniRef90_A0A075GVF5	45.50	206	207
UniRef90_A0A0K6IP68	47.09	206	211
UniRef90_W1RNU1	45.37	206	210
UniRef90_A0A0L0GBL0	46.92	206	230
UniRef90_A0A094JHG5	46.01	206	211
UniRef90_J5KAR3	45.81	206	203
UniRef90_A0A075G1G9	48.53	206	196
UniRef90_A0A059KQB6	44.98	206	225
UniRef90_A0A0F4NQZ9	44.23	206	213
UniRef90_A0A0N1ARL7	46.23	206	242
UniRef90_A0A014P3D5	46.57	206	234
UniRef90_J0UXM7	43.78	206	211
UniRef90_F2JTW5	46.08	206	209
UniRef90_B1Y2N8	47.32	206	235
UniRef90_J4V6H2	43.84	206	202
UniRef90_A4C9U9	45.37	206	209
UniRef90_A0A0D8DCL4	46.08	206	205
UniRef90_U1JSE7	45.37	206	211
UniRef90_UPI0003FC632C	43.06	206	209
UniRef90_F6CY60	44.88	206	210
UniRef90_UPI00037ADC87	45.05	206	208
UniRef90_A0A0I9Z370	46.31	206	213
UniRef90_H4EZY2	46.23	206	206
UniRef90_UPI00048B0847	44.72	206	206
UniRef90_A6VUP3	45.37	206	210
UniRef90_UPI0006903A20	41.46	206	218
UniRef90_A0A0D8CR12	46.08	206	205
UniRef90_A0A075H0N9	44.83	206	206
UniRef90_A0A0N0JE02	46.15	206	238
UniRef90_UPI0006F6810F	47.80	206	235
UniRef90_E8Q668	43.00	206	210
UniRef90_A0A0N0J6S8	44.22	206	206
UniRef90_A0A0F4PUA9	44.39	206	209
UniRef90_A0A0F4QRG3	46.19	206	213
UniRef90_V6J8X9	43.22	206	207
UniRef90_E3HPU8	47.98	206	234
UniRef90_UPI000363C905	46.08	206	238
UniRef90_UPI00041BEE58	46.57	206	234
UniRef90_A0A075GBJ9	42.50	206	207
UniRef90_Z5XQW9	41.43	206	209
UniRef90_S7KGY6	46.00	206	196
UniRef90_A0A0N1B4H7	44.88	206	233
UniRef90_H5WI31	44.88	206	221
UniRef90_K2PXJ3	44.22	206	206
UniRef90_W0AFN8	44.06	206	210
UniRef90_UPI0002DE7CF1	46.97	206	234
UniRef90_A0A0F5ALN0	46.53	206	232
UniRef90_A0A0B3AI45	45.69	206	199
UniRef90_A0A0D2UT70	46.04	206	213
UniRef90_Q9Z820	46.27	206	200
UniRef90_A0A0A8BZ87	48.99	206	249
UniRef90_E0XT77	43.00	206	216
UniRef90_UPI0006CA5E07	41.95	206	213
UniRef90_UPI000470448C	46.83	206	234
UniRef90_A0A0B5FFW9	47.47	206	245
UniRef90_UPI0006F6B908	46.83	206	234
UniRef90_UPI0002E6BD29	42.93	206	210
UniRef90_UPI000478BD8F	45.45	206	234
UniRef90_V5A470	46.97	206	237
UniRef90_A0A0G0ZUR3	43.35	206	201
UniRef90_Q824D9	45.37	206	201
UniRef90_A1WD56	46.97	206	238
UniRef90_U2YNC4	41.09	206	214
UniRef90_Q253H2	45.85	206	201
UniRef90_UPI00061CF812	44.98	206	235
UniRef90_P0AFU8	100.00	206	213
UniRef90_D2THH6	94.17	206	213
UniRef90_H8NWV2	79.13	206	217
UniRef90_D4E6Y0	78.64	206	216
UniRef90_A0A0F7HF61	81.55	206	216
UniRef90_S0ADM2	79.80	206	289
UniRef90_A0A089PUI9	87.38	206	214
UniRef90_A0A085GTA3	78.64	206	216
UniRef90_A0A085H1N2	91.71	206	214
UniRef90_A0A085GAH4	80.79	206	218
UniRef90_L0MEM3	77.18	206	217
UniRef90_E3G641	90.24	206	214
UniRef90_A0A085AM48	88.83	206	212
UniRef90_C9Y3J7	89.27	206	216
UniRef90_A0A0H4YXX5	89.76	206	211
UniRef90_I2BA37	82.67	206	212
UniRef90_A0A076LX24	78.71	206	211
UniRef90_A0A0L0ANX7	86.89	206	212
UniRef90_A0A090V7C8	88.35	206	216
UniRef90_UPI000368702C	83.33	206	214
UniRef90_A0A087L395	78.64	206	216
UniRef90_A0A085GCD4	87.86	206	213
UniRef90_A0A083ZY69	79.13	206	215
UniRef90_UPI00039F9EC0	78.22	206	216
UniRef90_J4W3R8	87.86	206	211
UniRef90_A0A0C7WCB2	89.81	206	213
UniRef90_A0A088KYZ1	81.46	206	218
UniRef90_H5UYM3	84.39	206	211
UniRef90_A0A089PSE7	87.75	206	215
UniRef90_A0A0B6G864	77.56	206	221
UniRef90_UPI0002DF6CC2	76.10	206	211
UniRef90_A0A068RD67	75.73	206	212
UniRef90_I0QW39	78.22	206	222
UniRef90_A7FHJ8	79.51	206	218
UniRef90_A0A0A1AZH7	80.49	206	219
UniRef90_UPI0005DEC9A9	77.07	206	221
UniRef90_A0A071LW00	84.39	206	218
UniRef90_UPI0004E1FCB1	84.73	206	217
UniRef90_G7LKQ5	76.10	206	211
UniRef90_H3RCC4	78.05	206	222
UniRef90_A0A085HJJ5	75.25	206	204
UniRef90_A0A0B6IDY1	80.30	206	217
UniRef90_A0A068QSC6	75.49	206	214
UniRef90_A0A0M2KBW0	77.83	206	217
UniRef90_A0A085H3M8	89.95	206	212
UniRef90_A0A0H5MWY6	80.00	206	217
UniRef90_Q6D5W5	76.47	206	211
UniRef90_UPI000479678E	74.76	206	215
UniRef90_UPI00031CCAC5	89.90	206	212
UniRef90_W0HY17	75.12	206	205
UniRef90_D4I2C9	75.73	206	221
UniRef90_A0A068R1X2	75.00	206	214
UniRef90_W1IQW2	74.51	206	214
UniRef90_A0A014M254	80.58	206	216
UniRef90_C6C4A4	77.94	206	216
UniRef90_UPI00040CE80E	78.22	206	204
UniRef90_A0A0M9CX34	76.47	206	218
UniRef90_D8MRI5	79.80	206	216
UniRef90_UPI00054F8E6C	78.16	206	215
UniRef90_A0A0A2RBM4	70.87	206	221
UniRef90_V3TRG8	75.25	206	215
UniRef90_E1SBN8	75.61	206	219
UniRef90_A0A0F7LTF8	77.34	206	218
UniRef90_UPI000345E225	78.22	206	216
UniRef90_A0A0A0Z9U0	76.35	206	218
UniRef90_V5ARX5	89.34	206	212
UniRef90_E6WDG7	76.10	206	216
UniRef90_E0SG35	79.40	206	216
UniRef90_K8W7M7	71.57	206	221
UniRef90_Q9CN00	66.67	206	204
UniRef90_UPI0004699C4B	78.64	206	211
UniRef90_Q2NT11	73.66	206	205
UniRef90_W0LJ80	78.79	206	217
UniRef90_A0A0G3CNK3	77.72	206	201
UniRef90_A0A0H2QIR1	73.53	206	209
UniRef90_A0A0F7JWQ1	66.34	206	206
UniRef90_A0A085JDR8	70.87	206	207
UniRef90_A0A0B5IXS3	75.62	206	219
UniRef90_D4C317	72.06	206	221
UniRef90_UPI0004B8F1A1	72.20	206	204
UniRef90_A0A0F3KRZ8	63.55	206	204
UniRef90_B2VEM6	77.18	206	219
UniRef90_A0A0D7F306	76.70	206	215
UniRef90_UPI0004A3C090	72.41	206	213
UniRef90_UPI000377862E	66.83	206	203
UniRef90_C6AN72	65.20	206	204
UniRef90_UPI0004901D72	70.30	206	204
UniRef90_W1G4L7	93.26	206	203
UniRef90_UPI00048F4D42	67.16	206	206
UniRef90_E6KXB7	65.69	206	204
UniRef90_A0A0E3ZNB7	68.14	206	205
UniRef90_G2J556	67.65	206	203
UniRef90_S7HZB1	65.69	206	203
UniRef90_UPI000509528E	65.35	206	203
UniRef90_F9QBG5	62.87	206	204
UniRef90_UPI00048AF3F9	63.86	206	205
UniRef90_A0A0F5EVM1	66.01	206	205
UniRef90_UPI000667FE8F	66.83	206	204
UniRef90_G2DEY4	66.33	206	613
UniRef90_C9P4N9	65.35	206	202
UniRef90_UPI00065115DD	67.33	206	204
UniRef90_A0A0J8YKR1	79.80	206	218
UniRef90_A0A095T8L7	71.71	206	211
UniRef90_F0LTS8	65.02	206	203
UniRef90_A0A0F5ZU83	65.20	206	203
UniRef90_C9PQX2	66.34	206	204
UniRef90_A0A0J5GL77	66.34	206	202
UniRef90_Q65SZ0	65.84	206	207
UniRef90_UPI000509DB63	64.36	206	203
UniRef90_A6VNJ3	63.73	206	204
UniRef90_F2P7L9	67.82	206	202
UniRef90_UPI0004DB5D52	64.85	206	204
UniRef90_A0A0F4NF23	65.35	206	203
UniRef90_A0A0A3Z1F3	79.80	206	213
UniRef90_UPI0005A85162	63.05	206	202
UniRef90_UPI000374ADC5	65.84	206	203
UniRef90_P45273	65.84	206	204
UniRef90_A0KK39	69.12	206	205
UniRef90_UPI0004870620	65.37	206	205
UniRef90_V6MU00	72.36	206	223
UniRef90_A0A0J1GVK4	65.84	206	202
UniRef90_A0A0J6RCX0	64.39	206	205
UniRef90_F0ET02	65.35	206	227
UniRef90_D0YYH2	66.01	206	202
UniRef90_A0A0L7YSD5	60.89	206	203
UniRef90_UPI0003010416	64.85	206	204
UniRef90_UPI00067EEB0A	65.84	206	201
UniRef90_UPI0003637763	79.40	206	220
UniRef90_UPI00051C9E15	69.46	206	203
UniRef90_UPI0003787585	63.11	206	206
UniRef90_Q7NVF6	65.84	206	205
UniRef90_K8WMN1	70.59	206	218
UniRef90_Q0I3Q4	65.35	206	202
UniRef90_A0A072L8T8	65.02	206	203
UniRef90_D0M2E7	66.01	206	203
UniRef90_L0M272	90.95	206	214
UniRef90_A0A0J8VIH5	63.55	206	202
UniRef90_A0A0F5VAZ0	68.32	206	202
UniRef90_A0A090RLA2	66.50	206	203
UniRef90_J3YRH5	68.29	206	205
UniRef90_A5KXT7	65.02	206	202
UniRef90_A0A086D5Q0	62.87	206	202
UniRef90_L8J8R4	65.84	206	203
UniRef90_D2TYY4	70.30	206	216
UniRef90_A0A0A2ZDQ6	60.78	206	204
UniRef90_N9VH33	67.16	206	203
UniRef90_A0A0C2KBI6	63.86	206	203
UniRef90_A0A0H2N6W9	61.88	206	202
UniRef90_B7VNV3	64.22	206	261
UniRef90_A0A0F2I1K5	66.34	206	204
UniRef90_UPI0004039BE1	65.35	206	205
UniRef90_UPI00063C2EC2	65.84	206	202
UniRef90_F9R986	65.35	206	206
UniRef90_A0A0J1HCI9	63.41	206	205
UniRef90_A0A090PHW8	66.50	206	203
UniRef90_K1IWK3	67.98	206	205
UniRef90_G2FCR8	66.33	206	205
UniRef90_R8AQ76	71.78	206	215
UniRef90_UPI0006D195AC	65.20	206	203
UniRef90_E8LT04	64.36	206	203
UniRef90_F9S834	63.86	206	204
UniRef90_A0A0B7J8S7	65.35	206	201
UniRef90_Q2C467	65.35	206	201
UniRef90_A0A087I210	64.36	206	206
UniRef90_UPI0002D97340	62.87	206	202
UniRef90_UPI0005652C6E	66.34	206	204
UniRef90_UPI00030D5366	63.37	206	202
UniRef90_A0A066USH1	66.34	206	203
UniRef90_UPI0002FCC9B2	61.88	206	202
UniRef90_F9TDV9	62.38	206	202
UniRef90_U4KFF1	66.34	206	203
UniRef90_UPI0003682106	59.41	206	203
UniRef90_H2IC27	66.01	206	203
UniRef90_A6ALX4	63.55	206	203
UniRef90_A0A0D8M3C4	63.73	206	204
UniRef90_A0A0C3HV01	66.01	206	203
UniRef90_S2KR91	62.50	206	207
UniRef90_A0A0C5WTK2	65.84	206	204
UniRef90_C4GFC6	61.17	206	205
UniRef90_A0A0A3BC84	62.87	206	208
UniRef90_K2JTN5	65.84	206	201
UniRef90_E0N8T5	62.56	206	469
UniRef90_A0A0F4R8A8	62.62	206	206
UniRef90_UPI0002EEA026	61.39	206	203
UniRef90_A0A0M0HNS5	62.38	206	203
UniRef90_C0EJR4	64.53	206	204
UniRef90_A0A0D8Q1G5	64.04	206	204
UniRef90_C1DB35	64.36	206	205
UniRef90_U2ZW74	61.39	206	203
UniRef90_A0A0A5I627	61.58	206	203
UniRef90_U3B273	61.88	206	204
UniRef90_A0A0J8YUD8	72.59	206	197
UniRef90_A0A0A0SPN2	61.08	206	204
UniRef90_A0A0K6H113	66.84	206	198
UniRef90_D0WAY2	63.55	206	205
UniRef90_A0A094NS64	61.39	206	203
UniRef90_R4I0G2	66.83	206	212
UniRef90_E1V4E2	61.72	206	209
UniRef90_C9QKQ9	60.89	206	204
UniRef90_U7P7K0	62.50	206	209
UniRef90_A0A0M1Z2J9	62.07	206	205
UniRef90_E2PF00	62.56	206	205
UniRef90_W1N289	62.68	206	208
UniRef90_UPI0006934BCA	61.39	206	219
UniRef90_A0A0M0I2Q6	60.89	206	203
UniRef90_UPI0004194A61	64.85	206	203
UniRef90_F7SNW4	59.62	206	265
UniRef90_C6M319	62.80	206	209
UniRef90_E3BFM1	59.30	206	200
UniRef90_A0A080LNT4	57.28	206	206
UniRef90_A0A098RB38	62.38	206	209
UniRef90_UPI0004647452	62.44	206	206
UniRef90_I3D9G2	61.88	206	203
UniRef90_UPI00056FAF6F	62.87	206	210
UniRef90_D0W4I5	63.55	206	206
UniRef90_F2BCM6	61.08	206	203
UniRef90_Q1QVQ8	61.76	206	204
UniRef90_E8MAM5	59.61	206	204
UniRef90_A0A0B8QMN6	62.38	206	202
UniRef90_Q1Z8E4	63.24	206	206
UniRef90_UPI00058FC50C	61.88	206	204
UniRef90_A0A0J0YUC5	64.04	206	202
UniRef90_D8TS86	54.85	206	518
UniRef90_UPI000288A382	63.46	206	209
UniRef90_F0EYG1	60.59	206	223
UniRef90_T2LCP4	58.85	206	209
UniRef90_UPI00050A345F	61.76	206	203
UniRef90_UPI0005B8117F	61.35	206	208
UniRef90_G4CJK9	58.25	206	205
UniRef90_H2FW00	64.85	206	202
UniRef90_A0A0F9UKN4	58.85	206	210
UniRef90_A0A0E4G2N3	64.68	206	219
UniRef90_A0A085DW65	61.06	206	212
UniRef90_E0WU37	65.83	206	205
UniRef90_F5S5G5	65.52	206	204
UniRef90_I6H3U4	94.25	206	205
UniRef90_I6H3U4	29.41	206	205
UniRef90_G4CS75	61.88	206	202
UniRef90_F7XXE0	67.33	206	202
UniRef90_D4DPY3	61.58	206	203
UniRef90_A8IPC9	51.46	206	215
UniRef90_A0A0A7S702	55.34	206	206
UniRef90_UPI0003FABD35	65.67	206	206
UniRef90_A0A0D6E8N2	59.33	206	215
UniRef90_A0A060BAF3	59.62	206	208
UniRef90_UPI0006CADEE1	58.54	206	204
UniRef90_K2LAN3	50.98	206	206
UniRef90_UPI000483A7C7	53.54	206	204
UniRef90_A0A0B1PPN1	59.62	206	208
UniRef90_UPI0004296B5B	52.43	206	205
UniRef90_UPI0004703535	57.43	206	203
UniRef90_UPI0003684579	60.10	206	208
UniRef90_UPI00048497AD	53.17	206	204
UniRef90_UPI00058DA5B6	60.48	206	209
UniRef90_UPI000489E6A1	58.65	206	207
UniRef90_X2GYG6	54.68	206	202
UniRef90_L1NTK4	61.58	206	204
UniRef90_A0A0J7M1E3	56.57	206	206
UniRef90_U7G8G7	57.07	206	206
UniRef90_H8WB47	56.57	206	205
UniRef90_B8KAN6	60.91	206	199
UniRef90_UPI0005582C0B	60.10	206	204
UniRef90_UPI00057AE87D	52.97	206	205
UniRef90_Q5E4Y7	61.08	206	202
UniRef90_A0A081FV30	54.95	206	204
UniRef90_UPI0004846AD0	62.98	206	209
UniRef90_W7QA32	61.54	206	209
UniRef90_J3TGT0	62.75	206	205
UniRef90_C0DW58	57.49	206	206
UniRef90_UPI00036ED116	55.22	206	203
UniRef90_UPI000413649A	60.85	206	214
UniRef90_A0A088MXA1	66.50	206	213
UniRef90_UPI00037C417E	56.10	206	204
UniRef90_UPI000423D247	57.43	206	205
UniRef90_U3U9P5	63.68	206	208
UniRef90_M7CQ95	54.55	206	214
UniRef90_UPI00047EDFA9	56.16	206	211
UniRef90_UPI00034842FC	59.52	206	211
UniRef90_A0A080KIL2	56.16	206	202
UniRef90_Q2BHA1	55.45	206	201
UniRef90_E4PFV8	53.54	206	206
UniRef90_UPI0005CAA44B	54.04	206	207
UniRef90_V9HL50	59.70	206	202
UniRef90_R8B5X2	54.04	206	206
UniRef90_A0A072N396	54.04	206	203
UniRef90_A0A0D2M8W3	53.50	206	258
UniRef90_I0YKV3	56.10	206	213
UniRef90_UPI00037DB7FB	58.25	206	206
UniRef90_B6EKI2	58.33	206	203
UniRef90_A0A090ISK7	61.39	206	207
UniRef90_UPI0004176D90	55.34	206	207
UniRef90_H0IYS9	58.94	206	208
UniRef90_Q5QWF9	51.23	206	202
UniRef90_A6F0Y1	50.51	206	204
UniRef90_A0A066TBW9	55.45	206	202
UniRef90_A0A0M6W7W2	58.33	206	204
UniRef90_UPI0003495916	46.89	206	235
UniRef90_W5YKR2	55.56	206	206
UniRef90_A0A084CPM5	58.62	206	203
UniRef90_UPI00037EE460	57.43	206	202
UniRef90_UPI000490D6AA	53.96	206	204
UniRef90_D7MZW6	60.87	206	235
UniRef90_I0HNC9	46.89	206	235
UniRef90_X2HF33	54.37	206	207
UniRef90_N6VTS8	55.56	206	205
UniRef90_UPI00047A17A2	56.37	206	204
UniRef90_E6XLB7	53.96	206	209
UniRef90_A0A061R0Q6	50.00	206	247
UniRef90_E1ZSB9	54.27	206	251
UniRef90_A0A059KQB6	44.98	206	225
UniRef90_B8CME4	52.97	206	204
UniRef90_UPI00040BD99B	54.95	206	204
UniRef90_UPI0006C7DEC4	51.49	206	203
UniRef90_A0A0F9SNV2	55.05	206	214
UniRef90_I4Z4Y9	47.29	206	216
UniRef90_A8H4V0	53.47	206	205
UniRef90_UPI0004054A1A	55.61	206	204
UniRef90_A0A081NAN4	54.95	206	204
UniRef90_A0A0K2BKW8	62.38	206	212
UniRef90_Q8EES2	52.91	206	206
UniRef90_Q1LTZ9	65.50	206	207
UniRef90_A0A090IDG3	56.44	206	201
UniRef90_Q014T3	53.40	206	257
UniRef90_UPI00052F1A09	52.97	206	203
UniRef90_C1MQM6	53.23	206	249
UniRef90_A0A0M2T683	54.37	206	207
UniRef90_UPI00036B0D20	62.56	206	202
UniRef90_C1DYE0	52.24	206	299
UniRef90_G0AZH5	51.96	206	207
UniRef90_A0A066TFI3	52.91	206	208
UniRef90_Q1N1V6	55.45	206	205
UniRef90_UPI000360658A	53.40	206	208
UniRef90_UPI0004910E54	51.98	206	203
UniRef90_UPI0006D68F00	52.97	206	204
UniRef90_UPI0004279A7D	56.44	206	202
UniRef90_UPI0004186F5B	47.24	206	235
UniRef90_UPI0004E12F45	48.53	206	205
UniRef90_A0A094JBE0	49.02	206	203
UniRef90_A0A094LTC0	50.50	206	206
UniRef90_A0A0N1KNI2	50.74	206	202
UniRef90_UPI00055C1418	62.87	206	202
UniRef90_A0A0N1B4H7	44.39	206	233
UniRef90_A3QEK4	53.47	206	203
UniRef90_A0A0M4H368	54.77	206	208
UniRef90_UPI00048404E2	51.47	206	203
UniRef90_A0A0F7M204	54.15	206	207
UniRef90_A1S6G1	50.25	206	202
UniRef90_UPI0002557CEF	53.69	206	203
UniRef90_A0A0J5P4U8	41.00	206	214
UniRef90_H5WI31	44.02	206	221
UniRef90_UPI0004197A56	49.77	206	240
UniRef90_U4SJ06	40.00	206	214
UniRef90_UPI00041FDF00	52.45	206	208
UniRef90_B1KGQ3	54.90	206	204
UniRef90_UPI000363C905	45.19	206	238
UniRef90_UPI000472D1EF	52.45	206	205
UniRef90_A0A0K6GUP0	48.02	206	198
UniRef90_A3J9J2	52.53	206	204
UniRef90_A0A0N0JE02	46.15	206	238
UniRef90_A3WL39	51.98	206	203
UniRef90_Q082D9	51.71	206	204
UniRef90_A0A014P3D5	46.57	206	234
UniRef90_Q8KA22	56.22	206	208
UniRef90_B1Y2N8	47.32	206	235
UniRef90_I1DV45	49.28	206	207
UniRef90_A0A0N1ARL7	45.37	206	242
UniRef90_B7WW75	46.08	206	235
UniRef90_A0Y8Z6	48.08	206	210
UniRef90_A0A081KCR0	51.49	206	204
UniRef90_I3D8A6	40.89	206	215
UniRef90_F7NVM6	51.43	206	211
UniRef90_G2LMI6	55.78	206	207
UniRef90_J5HXG9	40.69	206	216
UniRef90_UPI00061CF812	44.98	206	235
UniRef90_M4R7L3	39.30	206	214
UniRef90_UPI000420EFC0	54.85	206	205
UniRef90_UPI0003FEED8F	50.50	206	203
UniRef90_A1WD56	46.08	206	238
UniRef90_UPI0003B331A2	54.11	206	207
UniRef90_UPI000417A249	48.79	206	210
UniRef90_Q12NI9	50.50	206	204
UniRef90_C4LCW6	44.02	206	240
UniRef90_E1SSL6	52.97	206	203
UniRef90_W1F045	100.00	206	192
UniRef90_W1F045	31.71	206	192
UniRef90_P57212	50.49	206	208
UniRef90_R8VWJ9	37.68	206	210
UniRef90_E3HPU8	45.45	206	234
UniRef90_A0A0M2VJQ2	50.00	206	216
UniRef90_UPI00041BEE58	46.57	206	234
UniRef90_H3ZAR4	48.04	206	209
UniRef90_UPI000262D0F8	52.71	206	203
UniRef90_A0A0L8ENE4	44.61	206	233
UniRef90_L1KM92	37.56	206	223
UniRef90_UPI00041A2D64	52.00	206	215
UniRef90_A9DMM7	53.96	206	211
UniRef90_R6HBY3	39.80	206	239
UniRef90_D4ZKS9	53.47	206	205
UniRef90_C5S1R0	39.22	206	215
UniRef90_R5SYM0	41.75	206	217
UniRef90_C5WD87	59.41	206	202
UniRef90_F4GBN4	46.23	206	235
UniRef90_R7BPV9	38.50	206	221
UniRef90_Q2SIR3	52.53	206	229
UniRef90_UPI00036AA703	36.59	206	223
UniRef90_UPI00035CA080	38.42	206	200
UniRef90_F7RYW1	49.51	206	206
UniRef90_UPI00037ADC87	45.05	206	208
UniRef90_P50854	39.41	206	215
UniRef90_A0A0F5ALN0	44.98	206	232
UniRef90_D6Y9H0	38.19	206	199
UniRef90_UPI000470448C	45.93	206	234
UniRef90_UPI0006F6810F	45.75	206	235
UniRef90_UPI00029B06AF	37.07	206	200
UniRef90_UPI0004277CAD	44.50	206	237
UniRef90_A0A094JHG5	46.01	206	211
UniRef90_A0A090AMK4	51.46	206	210
UniRef90_UPI0004C0E2DB	37.31	206	208
UniRef90_R6TR54	39.80	206	215
UniRef90_UPI000551C6B1	41.79	206	217
UniRef90_A0A090R5X1	66.08	206	171
UniRef90_F4XB49	39.50	206	215
UniRef90_D9XI87	36.27	206	202
UniRef90_A0A0N1NAC6	39.11	206	211
UniRef90_L0K938	41.18	206	218
UniRef90_UPI0002DE7CF1	46.73	206	234
UniRef90_A0A011NEX6	38.73	206	215
UniRef90_D9QQZ9	39.20	206	217
UniRef90_A0A023NP24	38.31	206	213
UniRef90_A0A0L6CHL2	42.00	206	203
UniRef90_K0IGA7	44.61	206	234
UniRef90_W0P5D7	49.01	206	213
UniRef90_UPI0001C37B3D	38.31	206	214
UniRef90_A0A0M2V8Q0	49.02	206	207
UniRef90_A0A037Z3R3	39.30	206	216
UniRef90_A0A084CLZ4	55.88	206	208
UniRef90_A0A099CX84	37.07	206	213
UniRef90_UPI000478BD8F	45.45	206	234
UniRef90_J1EPG1	44.61	206	234
UniRef90_A0A0A7EHH5	45.67	206	209
UniRef90_UPI00035F1D23	37.56	206	206
UniRef90_C0GIR1	38.35	206	217
UniRef90_R5V137	38.50	206	210
UniRef90_UPI0006F81FE5	43.22	206	225
UniRef90_L7F685	38.81	206	212
UniRef90_UPI00040BE14F	46.57	206	203
UniRef90_A0A0L0JMJ2	39.11	206	202
UniRef90_L0DZN7	35.12	206	226
UniRef90_A0A077M3B9	40.10	206	204
UniRef90_A0A0D8DCL4	44.33	206	205
UniRef90_UPI0006F6B908	44.81	206	234
UniRef90_R5FYT2	39.11	206	246
UniRef90_K0D4W6	36.10	206	220
UniRef90_A0A0F3KEQ9	38.31	206	213
UniRef90_UPI0004BB3AB4	49.02	206	214
UniRef90_UPI0006EBFD2D	37.62	206	223
UniRef90_UPI000464DCC4	37.25	206	214
UniRef90_UPI00034A1B01	37.56	206	213
UniRef90_M9X1A4	39.90	206	215
UniRef90_F2RCG9	37.31	206	202
UniRef90_UPI0006F33660	37.81	206	213
UniRef90_A0A0N1EQK9	45.93	206	208
UniRef90_S6CKS2	37.00	206	230
UniRef90_UPI0003803E1C	39.00	206	215
UniRef90_R6DBP6	41.21	206	230
UniRef90_G2LNZ5	51.24	206	204
UniRef90_J1GZR5	36.95	206	219
UniRef90_K0MAA3	42.58	206	233
UniRef90_UPI00067E9E1C	37.86	206	218
UniRef90_A1SJG7	37.50	206	217
UniRef90_A0A089X5N6	36.59	206	200
UniRef90_A0A0M2JQX4	38.12	206	212
UniRef90_C0ZKW3	38.05	206	218
UniRef90_D7BV71	38.05	206	209
UniRef90_I4WZB2	38.42	206	213
UniRef90_U2QXP1	38.35	206	215
UniRef90_G2DKM9	62.86	206	180
UniRef90_UPI000408D8AC	41.63	206	229
UniRef90_UPI00048034C2	39.20	206	215
UniRef90_UPI0004C50CC5	37.07	206	204
UniRef90_UPI00036E72AC	40.69	206	220
UniRef90_R5P356	38.83	206	222
UniRef90_UPI00047F204E	38.31	206	216
UniRef90_UPI00037CAE66	36.82	206	222
UniRef90_UPI00031182F7	36.89	206	216
UniRef90_A0A0G3H641	36.59	206	206
UniRef90_A0A0N1GJ64	37.56	206	201
UniRef90_UPI000377EE4D	38.19	206	218
UniRef90_UPI000488C138	42.58	206	241
UniRef90_UPI000373DFD2	36.45	206	212
UniRef90_F6ATP9	43.14	206	234
UniRef90_S5UZD9	38.05	206	202
UniRef90_V6JKD3	35.32	206	205
UniRef90_R5NZL0	41.38	206	218
UniRef90_U2J6D3	38.73	206	214
UniRef90_A4BC66	52.53	206	203
UniRef90_D9T5U9	38.61	206	203
UniRef90_UPI00055107CF	38.16	206	236
UniRef90_J3B9H0	37.13	206	223
UniRef90_N0CLV1	36.27	206	202
UniRef90_R6M707	38.92	206	224
UniRef90_R7MSR6	36.76	206	214
