UniRef90_P24474	100.00	538	568
UniRef90_UPI0003B6865F	81.16	538	574
UniRef90_A0A078MMX0	80.19	538	571
UniRef90_F8H0E7	80.56	538	597
UniRef90_A0A0D0TDJ4	81.15	538	559
UniRef90_A0A0B2D5N2	80.78	538	573
UniRef90_U3HLW8	80.19	538	569
UniRef90_UPI00037DAC10	82.18	538	560
UniRef90_A0A067A9N8	79.89	538	562
UniRef90_V9QV89	80.53	538	557
UniRef90_UPI000689B597	78.52	538	551
UniRef90_E2XTW1	79.89	538	557
UniRef90_G8PWM0	79.93	538	559
UniRef90_A0A072N2P7	75.19	538	574
UniRef90_UPI0003688C16	73.37	538	575
UniRef90_Q2SE04	73.93	538	594
UniRef90_UPI0006523F78	73.75	538	594
UniRef90_UPI000485D45A	72.68	538	574
UniRef90_A0A0F4QSD4	72.95	538	574
UniRef90_H8WEU2	72.01	538	574
UniRef90_UPI0004A41F07	71.30	538	568
UniRef90_U7NHV2	72.01	538	576
UniRef90_UPI0006941E68	71.83	538	579
UniRef90_A0A0F7JWR2	70.82	538	579
UniRef90_Q3SML5	71.69	538	575
UniRef90_UPI00036AE0D5	70.02	538	577
UniRef90_A0A091B8D5	70.56	538	695
UniRef90_A0A090AMG6	69.83	538	581
UniRef90_UPI0006CE63C9	71.71	538	572
UniRef90_A0A087MID7	69.63	538	701
UniRef90_A0A0K6IX33	71.57	538	571
UniRef90_Q5P7W3	71.18	538	578
UniRef90_H0Q2D4	68.02	538	576
UniRef90_A0A084Y6P5	68.70	538	574
UniRef90_UPI0006855D90	68.33	538	555
UniRef90_A0A0K1J9V8	70.41	538	576
UniRef90_I0HLW6	67.84	538	582
UniRef90_S6AI74	70.10	538	576
UniRef90_A0A0A6P001	68.22	538	591
UniRef90_W0SH56	70.99	538	582
UniRef90_A7C054	67.98	538	583
UniRef90_UPI0006886E69	71.93	538	564
UniRef90_A0A011NC66	71.95	538	579
UniRef90_A0A0C2C0F5	66.67	538	563
UniRef90_C5T1B6	67.03	538	577
UniRef90_A0A0F3KHE5	68.72	538	575
UniRef90_A0A0F2RMP8	70.87	538	581
UniRef90_A0A0K6H3D0	67.84	538	694
UniRef90_D5CQY1	69.40	538	577
UniRef90_A0A0K0XU36	67.29	538	708
UniRef90_B8R915	69.19	538	579
UniRef90_E1VR48	66.79	538	585
UniRef90_C7R742	67.35	538	687
UniRef90_UPI00047B6602	68.67	538	572
UniRef90_Q2VZK6	67.41	538	568
UniRef90_W6M913	67.85	538	577
UniRef90_N6YMT6	67.78	538	575
UniRef90_B9MJ36	65.87	538	574
UniRef90_K2CVV9	66.36	538	572
UniRef90_UPI00069028B5	66.92	538	555
UniRef90_UPI0005509BFA	68.22	538	574
UniRef90_Q47AS9	68.80	538	576
UniRef90_UPI00048B46EC	68.23	538	554
UniRef90_B9Z0A4	66.11	538	573
UniRef90_K2F532	68.41	538	611
UniRef90_UPI0004864234	66.10	538	579
UniRef90_UPI000702D069	68.14	538	582
UniRef90_B1Y7W8	67.12	538	573
UniRef90_B8R8P1	69.38	538	582
UniRef90_A0A0B4XYN7	69.50	538	575
UniRef90_A0A0D2UEX0	68.47	538	600
UniRef90_A0A0J6NLR3	68.41	538	560
UniRef90_G8QJ29	69.92	538	576
UniRef90_UPI00035E37C2	67.44	538	577
UniRef90_H5WUA6	65.25	538	573
UniRef90_A0A0A0DTJ1	65.80	538	572
UniRef90_A0A0K6GUB8	65.55	538	572
UniRef90_UPI0003494D62	66.73	538	560
UniRef90_A0A0D2VVZ9	67.47	538	589
UniRef90_UPI00041ABBA9	65.62	538	578
UniRef90_Q1LII2	67.63	538	549
UniRef90_F8GTE8	67.05	538	554
UniRef90_L0DY63	64.99	538	707
UniRef90_UPI00036366E4	67.37	538	569
UniRef90_A0A099FZP9	65.69	538	575
UniRef90_B8R969	63.96	538	575
UniRef90_F2J4R7	68.27	538	585
UniRef90_Q5LL09	67.37	538	564
UniRef90_P72181	68.17	538	596
UniRef90_A0A074KEX3	65.32	538	567
UniRef90_A0A0F9RZ66	67.82	538	584
UniRef90_A0A099F5B9	66.85	538	605
UniRef90_K9HG77	68.29	538	581
UniRef90_A0A0J5GFK2	66.34	538	564
UniRef90_UPI0006C75262	64.56	538	587
UniRef90_A0A099G9C9	66.73	538	577
UniRef90_UPI0003B6FAE6	66.10	538	585
UniRef90_C8RWI4	66.54	538	586
UniRef90_S9RX49	65.84	538	584
UniRef90_A0NZL4	65.65	538	571
UniRef90_A0A0A0HMU6	66.41	538	582
UniRef90_UPI00067DAD39	64.95	538	588
UniRef90_UPI0004911F40	63.59	538	581
UniRef90_A8LM04	66.22	538	583
UniRef90_UPI0006C7A407	64.34	538	571
UniRef90_A0A0A1VFH5	63.22	538	572
UniRef90_M4ZG55	63.92	538	584
UniRef90_F7ZJR9	63.74	538	580
UniRef90_S6A9J4	64.41	538	540
UniRef90_Q2W7H6	62.72	538	540
UniRef90_V6F2A6	61.30	538	540
UniRef90_A0A011PFR2	60.31	538	556
UniRef90_G8QJX0	61.49	538	546
UniRef90_C7RR96	59.73	538	560
UniRef90_A0A011PMW9	58.96	538	559
UniRef90_A0A0C3MY28	57.84	538	555
UniRef90_B9MSW1	64.89	538	451
UniRef90_A9I7E3	57.84	538	560
UniRef90_Q47AX7	56.24	538	561
UniRef90_UPI0006CEA0F4	56.66	538	565
UniRef90_A0A0B2D0B1	57.28	538	575
UniRef90_A0A0K1J9V7	56.80	538	560
UniRef90_B8R909	56.98	538	565
UniRef90_W0SKK2	55.87	538	558
UniRef90_N6YM25	56.34	538	560
UniRef90_T0AZN0	55.97	538	564
UniRef90_B9MSW2	63.78	538	449
UniRef90_P24040	55.95	538	560
UniRef90_N6XU41	56.24	538	560
UniRef90_UPI0006C925DF	54.75	538	688
UniRef90_E8N154	54.88	538	689
UniRef90_A0A075W4G2	97.87	538	293
UniRef90_A8UXC3	52.65	538	549
UniRef90_A0A0F9HNX9	51.35	538	539
UniRef90_D5MIV5	53.80	538	546
UniRef90_H5SMW4	53.27	538	798
UniRef90_C0QTT4	50.28	538	547
UniRef90_A0A0B0EH08	51.85	538	556
UniRef90_A7NPI4	51.76	538	690
UniRef90_Q3LGA9	53.08	538	551
UniRef90_Q52519	53.72	538	551
UniRef90_Q1Q4F5	50.66	538	621
UniRef90_B4U7B8	49.81	538	548
UniRef90_B2V830	48.67	538	553
UniRef90_A0A0F3GJG5	48.61	538	674
UniRef90_A0A0F3GJG5	45.98	538	674
UniRef90_A0A0F3GT58	48.76	538	579
UniRef90_A6Q5Z0	49.43	538	552
UniRef90_UPI000497FCB9	50.48	538	547
UniRef90_Q2HPX1	99.60	538	247
UniRef90_Q6JPL1	87.63	538	290
UniRef90_UPI00047968AD	48.57	538	550
UniRef90_Q6JPK2	80.34	538	290
UniRef90_F6DJJ7	49.03	538	536
UniRef90_G1ECJ8	77.66	538	291
UniRef90_K7XDK5	79.66	538	293
UniRef90_UPI0005712B4C	47.30	538	526
UniRef90_G1FV92	77.59	538	290
UniRef90_G1DEN3	78.62	538	290
UniRef90_E3UIE5	77.24	538	290
UniRef90_A0A068EIH4	77.24	538	290
UniRef90_R4R5I2	78.40	538	287
UniRef90_A0A076L8F8	76.90	538	290
UniRef90_A0A076LCK6	75.86	538	290
UniRef90_G1FVJ3	75.86	538	290
UniRef90_F5A9B6	76.21	538	290
UniRef90_A0A076LCH9	76.21	538	290
UniRef90_E4U5B0	47.60	538	539
UniRef90_B0F8D8	76.55	538	290
UniRef90_B0F8P3	75.17	538	290
UniRef90_A5YL00	74.48	538	290
UniRef90_Q6JPQ9	76.55	538	290
UniRef90_G1FV87	75.52	538	290
UniRef90_B0F889	76.55	538	290
UniRef90_A0A076LGB2	76.55	538	290
UniRef90_G1DEJ3	76.21	538	296
UniRef90_A0A068EHS1	75.60	538	292
UniRef90_A0A068EHS5	75.52	538	291
UniRef90_G8FQK2	75.26	538	291
UniRef90_D0MFM3	48.77	538	565
UniRef90_A0A076LG58	74.14	538	290
UniRef90_F6IBN0	74.14	538	290
UniRef90_M4YQ39	74.14	538	290
UniRef90_R4QYA3	75.96	538	287
UniRef90_B0F8D0	74.14	538	290
UniRef90_A0A076LG49	74.48	538	290
UniRef90_A0A068EHT4	74.83	538	290
UniRef90_G1DEA1	78.25	538	285
UniRef90_A0A068ELZ1	74.83	538	290
UniRef90_A5YL43	74.83	538	290
UniRef90_R4R8X8	74.56	538	287
UniRef90_G8FQJ8	75.17	538	290
UniRef90_G1DEF0	75.52	538	297
UniRef90_B0F8F7	73.79	538	290
UniRef90_H9B096	75.17	538	290
UniRef90_F5A9H1	74.14	538	290
UniRef90_A5YL18	74.14	538	290
UniRef90_L7W4N4	74.48	538	290
UniRef90_B0F886	74.83	538	290
UniRef90_K7X016	74.83	538	292
UniRef90_A0A0E4BB64	75.35	538	295
UniRef90_I7E7R5	74.57	538	291
UniRef90_K7X126	75.52	538	292
UniRef90_B0F8F3	74.48	538	290
UniRef90_B0F8B5	75.60	538	291
UniRef90_E7CW35	74.48	538	290
UniRef90_E7CW50	73.45	538	290
UniRef90_F6IBR4	74.48	538	290
UniRef90_F5A987	72.85	538	291
UniRef90_A0A068EHF1	73.45	538	290
UniRef90_A0A068EFX1	74.48	538	291
UniRef90_UPI00028965BC	45.81	538	540
UniRef90_A0A076LDR1	73.79	538	290
UniRef90_A0A0E4FJH0	74.65	538	290
UniRef90_Q6JPL5	73.45	538	290
UniRef90_F6IBR2	74.14	538	290
UniRef90_B0F8R1	75.86	538	290
UniRef90_E7CW20	72.41	538	290
UniRef90_R4QVR2	73.87	538	287
UniRef90_B0F937	73.79	538	290
UniRef90_A0A0E4BB60	73.36	538	291
UniRef90_E9LGJ4	75.17	538	290
UniRef90_G1ECK3	73.54	538	291
UniRef90_G9DDF2	74.83	538	290
UniRef90_A0A076LG89	73.45	538	290
UniRef90_K7XQK0	73.79	538	292
UniRef90_A0A076LG85	75.17	538	290
UniRef90_A5YKQ5	73.45	538	290
UniRef90_G8GQ40	73.45	538	290
UniRef90_B0F8K0	73.45	538	290
UniRef90_B0F917	73.10	538	290
UniRef90_Q6JPK5	73.45	538	290
UniRef90_A0A068EIF7	72.41	538	290
UniRef90_B0F8X9	74.14	538	290
UniRef90_F5A9F1	74.57	538	291
UniRef90_A0A060NAD7	76.70	538	279
UniRef90_K7XQS3	73.10	538	292
UniRef90_A0A0K0MS41	77.06	538	279
UniRef90_A0A068EFN8	74.14	538	290
UniRef90_A0A0G3IAG7	77.42	538	279
UniRef90_F5A9D4	73.54	538	291
UniRef90_B0F8I1	72.41	538	290
UniRef90_F6IBP1	72.07	538	290
UniRef90_A5YKU8	72.07	538	290
UniRef90_B0F8E2	72.76	538	290
UniRef90_A5YL21	73.79	538	290
UniRef90_B0F6X4	72.07	538	290
UniRef90_A5YKZ6	73.10	538	290
UniRef90_K7XDR0	73.79	538	293
UniRef90_B0F786	75.52	538	288
UniRef90_E7CW45	72.41	538	290
UniRef90_K7X131	73.10	538	292
UniRef90_W7QFB7	45.61	538	538
UniRef90_G1DET8	74.82	538	282
UniRef90_I7D9R0	72.85	538	291
UniRef90_E7CW14	73.45	538	290
UniRef90_G1DEN8	72.07	538	290
UniRef90_Q6JPQ3	72.41	538	290
UniRef90_F6IBN2	72.41	538	290
UniRef90_A5YL09	73.10	538	290
UniRef90_B0F8C9	73.45	538	290
UniRef90_Q6JPR9	72.07	538	290
UniRef90_B0F8G8	73.45	538	288
UniRef90_A0A0G3I8I6	75.90	538	279
UniRef90_G1FV48	75.90	538	278
UniRef90_A0A0G3I932	76.62	538	279
UniRef90_A1XUH1	76.98	538	279
UniRef90_G1DEE4	71.96	538	296
UniRef90_B0F944	73.10	538	290
UniRef90_Q1ELA4	76.62	538	279
UniRef90_G8EA92	72.76	538	290
UniRef90_G1DEF1	72.76	538	297
UniRef90_G8GQ50	72.41	538	290
UniRef90_B0F8N9	72.41	538	290
UniRef90_B0F8T6	72.41	538	289
UniRef90_A7X8E3	73.79	538	290
UniRef90_A1XUB6	76.98	538	279
UniRef90_K7XQS9	72.07	538	293
UniRef90_K7XDL0	70.27	538	297
UniRef90_B0F8H6	73.45	538	290
UniRef90_A0A0K1H4C4	72.76	538	290
UniRef90_F5A942	72.41	538	290
UniRef90_A0A076L8A2	73.10	538	290
UniRef90_E9LH03	72.07	538	290
UniRef90_B0F8V6	71.72	538	290
UniRef90_A7X8B6	72.41	538	290
UniRef90_B0F8M6	71.38	538	290
UniRef90_B0F925	71.72	538	290
UniRef90_H9B099	72.41	538	290
UniRef90_V5LEV8	75.90	538	279
UniRef90_G8EA98	71.92	538	292
UniRef90_G1DEQ2	70.69	538	290
UniRef90_A1XUC6	75.90	538	279
UniRef90_D2DLV2	72.07	538	290
UniRef90_E9LGW8	72.16	538	291
UniRef90_M4YV66	71.38	538	290
UniRef90_Q8RLR1	72.07	538	290
UniRef90_G1ECJ4	70.45	538	291
UniRef90_A7X8C1	72.76	538	290
UniRef90_A0A0C5DPG7	75.54	538	279
UniRef90_B0F956	72.07	538	290
UniRef90_E9LGZ8	72.07	538	290
UniRef90_A0A0G3I9S0	75.90	538	279
UniRef90_B0F8Y9	71.38	538	290
UniRef90_A0A0G3IFF1	75.54	538	279
UniRef90_B0F8E9	72.76	538	290
UniRef90_A0A0K0MRG1	76.62	538	279
UniRef90_B0F778	72.07	538	290
UniRef90_A1XUD0	76.26	538	279
UniRef90_A0A0E4B9S4	72.32	538	291
UniRef90_A4ZKQ0	73.10	538	290
UniRef90_G1FVA5	71.38	538	290
UniRef90_B0F8H0	71.03	538	290
UniRef90_E3UIB0	71.72	538	290
UniRef90_Q4JM00	76.26	538	279
UniRef90_A5YL02	71.48	538	291
UniRef90_A0A0E4BBC1	72.92	538	290
UniRef90_A0A0G3ID78	74.46	538	279
UniRef90_Q1EL99	75.54	538	279
UniRef90_G1FVE3	69.31	538	290
UniRef90_K7WZX4	71.72	538	293
UniRef90_A0A0E4FJF4	72.76	538	292
UniRef90_K7XQR1	71.38	538	292
UniRef90_A0A059PKD4	76.84	538	272
UniRef90_R4R535	72.13	538	287
UniRef90_G8GQ35	71.38	538	290
UniRef90_G1DTE6	75.90	538	279
UniRef90_B0F777	72.41	538	290
UniRef90_F6IBQ1	70.00	538	290
UniRef90_Q6JPT5	71.38	538	290
UniRef90_R4R508	72.22	538	288
UniRef90_B0F921	70.34	538	290
UniRef90_B0F8T5	72.41	538	290
UniRef90_R4R8Q9	73.17	538	287
UniRef90_A0A0G3IET5	75.90	538	279
UniRef90_E3UIA2	72.95	538	292
UniRef90_G1ECJ7	70.79	538	291
UniRef90_B0F724	71.48	538	291
UniRef90_G8EAB4	73.01	538	292
UniRef90_B0F8A5	73.79	538	290
UniRef90_E3UIA6	71.72	538	290
UniRef90_B0F8R8	71.38	538	290
UniRef90_G8GQ47	71.38	538	290
UniRef90_V5LE24	76.26	538	279
UniRef90_F2YUE7	72.26	538	292
UniRef90_F6IBM4	71.72	538	290
UniRef90_A0A0G3I839	73.74	538	279
UniRef90_A1XTQ5	76.26	538	279
UniRef90_A0A0C5DBA5	75.90	538	279
UniRef90_R4QVR8	71.08	538	287
UniRef90_F6IBN9	71.38	538	290
UniRef90_E9LGJ2	71.38	538	290
UniRef90_R4QY97	71.18	538	288
UniRef90_V5LCZ9	74.10	538	279
UniRef90_A1XTE5	74.10	538	279
UniRef90_E3UIA3	72.07	538	290
UniRef90_A0A0G3IAG2	73.74	538	279
UniRef90_A0A076L881	71.72	538	290
UniRef90_Q6JPJ2	71.72	538	290
UniRef90_A0A068EFM8	71.72	538	291
UniRef90_A0A0C5DBL6	73.84	538	279
UniRef90_F5A9G3	70.79	538	291
UniRef90_Q6JPS1	70.69	538	290
UniRef90_G9DDG0	72.41	538	290
UniRef90_F5A953	70.99	538	293
UniRef90_A7DWG7	74.10	538	279
UniRef90_B0F8U9	72.16	538	288
UniRef90_G1FVB4	72.34	538	282
UniRef90_A7X8A8	71.03	538	290
UniRef90_B0B1B4	75.54	538	279
UniRef90_B0F922	72.07	538	290
UniRef90_B0F8K6	72.16	538	291
UniRef90_B0F8Y8	72.41	538	290
UniRef90_A0A0G3IFI6	73.12	538	279
UniRef90_E9LGU0	70.34	538	290
UniRef90_B0F766	68.97	538	290
UniRef90_A7X826	74.48	538	292
UniRef90_D5KJC6	73.84	538	279
UniRef90_A7X8F8	71.03	538	290
UniRef90_A0A0G3IEU0	74.82	538	279
UniRef90_R4R869	72.82	538	287
UniRef90_A1XTS8	74.19	538	279
UniRef90_A0A0G3ICD1	75.54	538	279
UniRef90_B0F8A6	71.03	538	290
UniRef90_H9B0A2	72.85	538	290
UniRef90_K7XQR5	71.38	538	293
UniRef90_F5A9H7	70.34	538	290
UniRef90_A0A0G3IAU8	74.82	538	279
UniRef90_B0F8Q2	71.72	538	290
UniRef90_A7X836	72.07	538	288
UniRef90_A5YKZ9	70.34	538	290
UniRef90_E9LH74	70.34	538	290
UniRef90_Q9L4C9	75.18	538	279
UniRef90_G9DDE7	71.38	538	290
UniRef90_E9LH72	71.03	538	290
UniRef90_A0A0G3I952	74.46	538	279
UniRef90_A0A0E4BAX3	70.93	538	291
UniRef90_G1DE85	72.66	538	278
UniRef90_A0A0G3I961	74.82	538	279
UniRef90_D1L8W5	74.46	538	279
UniRef90_R4QYI2	73.87	538	287
UniRef90_B0F849	70.69	538	290
UniRef90_A0A0C5IBW9	70.34	538	290
UniRef90_Q9X4L3	79.92	538	259
UniRef90_A0A0E4FNI5	70.24	538	290
UniRef90_K7XQK6	70.34	538	293
UniRef90_D0FZS1	72.51	538	291
UniRef90_G1FV10	71.72	538	288
UniRef90_A0A0C5D6T4	73.84	538	279
UniRef90_B0F8J1	71.83	538	290
UniRef90_A0A0G3ICG3	74.55	538	279
UniRef90_B0F8I9	72.16	538	291
UniRef90_A7X868	71.38	538	290
UniRef90_M4YV65	70.79	538	291
UniRef90_H8ZYA5	73.48	538	279
UniRef90_A7X830	71.03	538	290
UniRef90_A0A0G3ICF4	75.18	538	279
UniRef90_A0A0C5D6H4	73.74	538	279
UniRef90_F5A962	70.00	538	290
UniRef90_K7XQR9	70.34	538	291
UniRef90_E9LGU1	71.03	538	290
UniRef90_R4R5N8	71.78	538	287
UniRef90_L7W749	69.31	538	289
UniRef90_A0A068EHU4	70.69	538	290
UniRef90_E9LGQ3	70.59	538	289
UniRef90_A0A068EFR7	69.66	538	290
UniRef90_B0F8G6	70.00	538	291
UniRef90_A7X862	71.03	538	290
UniRef90_A0A0G3IEA8	75.54	538	279
UniRef90_Q8G9J4	75.54	538	279
UniRef90_G1DEH5	70.34	538	297
UniRef90_E3UID5	71.03	538	290
UniRef90_R4R5M6	72.13	538	287
UniRef90_E7CW61	71.43	538	289
UniRef90_M4YS15	69.66	538	289
UniRef90_A0A0G3IA63	73.74	538	279
UniRef90_Q6JPI7	70.00	538	290
UniRef90_Q3I1K6	75.82	538	273
UniRef90_G1FVG3	71.03	538	290
UniRef90_R4QVT0	72.22	538	288
UniRef90_K7WUH5	69.66	538	293
UniRef90_A0A059PKB7	76.47	538	272
UniRef90_R9RIW9	73.38	538	279
UniRef90_Q6JPI8	72.51	538	291
UniRef90_Q6JPI6	71.03	538	290
UniRef90_A0A0G3I8N2	73.38	538	279
UniRef90_A7X8A6	70.69	538	290
UniRef90_A0A0C5DBJ7	75.18	538	279
UniRef90_R4R8A7	71.78	538	287
UniRef90_A0A0G3I8S7	73.38	538	279
UniRef90_B0F8M9	70.00	538	290
UniRef90_A0A0E3VNI6	70.14	538	290
UniRef90_A0A0G3IEA2	74.82	538	279
UniRef90_Q6JPT3	71.48	538	291
UniRef90_G1DTE9	74.19	538	279
UniRef90_B0LPA6	76.03	538	267
UniRef90_A0A0G3I8Z4	73.84	538	279
UniRef90_G1DED0	70.00	538	297
UniRef90_A0A0G3IDT8	73.38	538	279
UniRef90_A7X893	68.97	538	290
UniRef90_A0A0G3ICN1	74.82	538	279
UniRef90_G1FVD4	71.58	538	285
UniRef90_A0A0G3I9E8	74.64	538	280
UniRef90_R4R8J6	71.08	538	287
UniRef90_A1XTE6	73.02	538	279
UniRef90_G1DEJ5	71.92	538	290
UniRef90_A0A0C5I9Z9	68.97	538	290
UniRef90_R4R839	74.91	538	287
UniRef90_B0B1D7	73.38	538	279
UniRef90_A0A0K0MSF7	73.21	538	280
UniRef90_K7X0X8	70.07	538	296
UniRef90_G1DEN7	71.99	538	282
UniRef90_L7VZQ7	70.00	538	290
UniRef90_G1DEM9	70.34	538	290
UniRef90_A0A0G3I9Z7	73.74	538	279
UniRef90_R4R9J4	71.53	538	288
UniRef90_B0B1C0	74.46	538	279
UniRef90_E9LH63	70.93	538	291
UniRef90_B0F952	70.00	538	290
UniRef90_E7CW38	70.00	538	290
UniRef90_A0A0G3I9B5	73.38	538	279
UniRef90_H9B094	70.79	538	290
UniRef90_L7YA67	76.21	538	271
UniRef90_B0F736	68.97	538	290
UniRef90_A0A0G3I9C7	74.10	538	279
UniRef90_E9LGK7	69.66	538	291
UniRef90_F6IBP2	69.31	538	290
UniRef90_A0A0G3ID05	72.76	538	279
UniRef90_A0A0G3IFE0	73.02	538	279
UniRef90_E3UIE1	68.97	538	289
UniRef90_Q1EL98	73.74	538	279
UniRef90_G1DE91	71.89	538	281
UniRef90_F5A965	71.23	538	285
UniRef90_B0B1C7	73.38	538	279
UniRef90_A0A0C5DCI6	72.30	538	279
UniRef90_B0F935	70.34	538	290
UniRef90_Q6JPT8	71.38	538	288
UniRef90_H2CE97	45.52	538	656
UniRef90_B0F718	70.34	538	290
UniRef90_A0A068EM80	71.72	538	286
UniRef90_R4R5S6	70.38	538	287
UniRef90_A0A084Y6P5	68.52	538	574
UniRef90_A0A072N2P7	74.63	538	574
UniRef90_P24474	100.00	538	568
UniRef90_UPI000485D45A	72.68	538	574
UniRef90_A0A091B8D5	70.37	538	695
UniRef90_A0A090AMG6	69.44	538	581
UniRef90_A0A087MID7	69.44	538	701
UniRef90_UPI0006855D90	68.33	538	555
UniRef90_A0A0F7JWR2	70.69	538	579
UniRef90_Q2SE04	73.93	538	594
UniRef90_UPI0006CE63C9	69.07	538	572
UniRef90_A0A078MMX0	80.19	538	571
UniRef90_F8H0E7	80.56	538	597
UniRef90_UPI0003B6865F	81.16	538	574
UniRef90_A0A0K6IX33	69.07	538	571
UniRef90_Q3SML5	71.43	538	575
UniRef90_A0A0C2C0F5	66.48	538	563
UniRef90_W6M913	67.59	538	577
UniRef90_S6AI74	68.84	538	576
UniRef90_A0A0K6GUB8	65.31	538	572
UniRef90_W0SH56	68.70	538	582
UniRef90_UPI0005509BFA	66.11	538	574
UniRef90_A0A011NC66	69.32	538	579
UniRef90_A0A0A6P001	67.90	538	591
UniRef90_UPI00036AE0D5	69.76	538	577
UniRef90_UPI0006523F78	73.38	538	594
UniRef90_UPI0003688C16	72.96	538	575
UniRef90_U3HLW8	79.63	538	569
UniRef90_A0A0F3KHE5	68.46	538	575
UniRef90_D5CQY1	69.40	538	577
UniRef90_H8WEU2	71.48	538	574
UniRef90_A0A0B2D5N2	80.48	538	573
UniRef90_UPI000689B597	78.52	538	551
UniRef90_K2F532	66.36	538	611
UniRef90_A0A0F4QSD4	72.54	538	574
UniRef90_B9Z0A4	66.11	538	573
UniRef90_H0Q2D4	68.02	538	576
UniRef90_UPI0004A41F07	71.30	538	568
UniRef90_Q47AS9	66.73	538	576
UniRef90_A0A0K1J9V8	68.09	538	576
UniRef90_B8R915	66.79	538	579
UniRef90_Q5P7W3	68.76	538	578
UniRef90_B8R8P1	67.16	538	582
UniRef90_A0A0K0XU36	67.04	538	708
UniRef90_I0HLW6	67.65	538	582
UniRef90_A0A0A0DTJ1	65.37	538	572
UniRef90_U7NHV2	71.61	538	576
UniRef90_UPI0004864234	65.74	538	579
UniRef90_N6YMT6	67.59	538	575
UniRef90_UPI00035E37C2	65.79	538	577
UniRef90_V9QV89	79.66	538	557
UniRef90_A0A067A9N8	80.15	538	562
UniRef90_A7C054	67.60	538	583
UniRef90_A0A0D2UEX0	66.11	538	600
UniRef90_UPI0006941E68	71.30	538	579
UniRef90_UPI00041ABBA9	65.13	538	578
UniRef90_UPI00048B46EC	68.23	538	554
UniRef90_A0A0K6H3D0	67.84	538	694
UniRef90_UPI000702D069	66.36	538	582
UniRef90_H5WUA6	65.06	538	573
UniRef90_UPI00069028B5	66.54	538	555
UniRef90_G8QJ29	69.92	538	576
UniRef90_A0A0J6NLR3	66.92	538	560
UniRef90_E1VR48	66.12	538	585
UniRef90_UPI0003494D62	66.17	538	560
UniRef90_C5T1B6	66.79	538	577
UniRef90_B9MJ36	65.68	538	574
UniRef90_A0A0J5GFK2	64.92	538	564
UniRef90_Q1LII2	66.85	538	549
UniRef90_F8GTE8	65.60	538	554
UniRef90_C7R742	67.10	538	687
UniRef90_E2XTW1	78.72	538	557
UniRef90_A0A0D0TDJ4	81.15	538	559
UniRef90_UPI0004911F40	63.59	538	581
UniRef90_L0DY63	64.99	538	707
UniRef90_B8R969	63.77	538	575
UniRef90_UPI00037DAC10	81.87	538	560
UniRef90_UPI00047B6602	66.30	538	572
UniRef90_UPI0006886E69	71.79	538	564
UniRef90_A0A0D2VVZ9	66.67	538	589
UniRef90_A0A0A1VFH5	63.22	538	572
UniRef90_Q2VZK6	67.41	538	568
UniRef90_B1Y7W8	64.81	538	573
UniRef90_UPI00036366E4	66.16	538	569
UniRef90_K2CVV9	66.11	538	572
UniRef90_A0A0F2RMP8	68.03	538	581
UniRef90_A0A0F9RZ66	65.44	538	584
UniRef90_UPI0006C7A407	64.34	538	571
UniRef90_G8PWM0	79.93	538	559
UniRef90_A0A0A0HMU6	64.34	538	582
UniRef90_F2J4R7	65.87	538	585
UniRef90_A0NZL4	63.79	538	571
UniRef90_A0A0B4XYN7	66.91	538	575
UniRef90_Q5LL09	65.32	538	564
UniRef90_K9HG77	65.01	538	581
UniRef90_UPI0006C75262	64.90	538	587
UniRef90_P72181	68.17	538	596
UniRef90_S9RX49	63.85	538	584
UniRef90_M4ZG55	61.99	538	584
UniRef90_A0A099F5B9	66.85	538	605
UniRef90_A8LM04	64.15	538	583
UniRef90_A0A099FZP9	65.57	538	575
UniRef90_A0A074KEX3	65.32	538	567
UniRef90_UPI0003B6FAE6	64.22	538	585
UniRef90_C8RWI4	64.65	538	586
UniRef90_A0A099G9C9	64.65	538	577
UniRef90_F7ZJR9	62.02	538	580
UniRef90_UPI00067DAD39	62.94	538	588
UniRef90_S6A9J4	63.11	538	540
UniRef90_V6F2A6	59.21	538	540
UniRef90_Q2W7H6	62.60	538	540
UniRef90_UPI0006CEA0F4	56.24	538	565
UniRef90_A0A0C3MY28	56.88	538	555
UniRef90_A9I7E3	56.91	538	560
UniRef90_A0A0B2D0B1	56.83	538	575
UniRef90_N6YM25	55.41	538	560
UniRef90_A0A011PMW9	58.46	538	559
UniRef90_T0AZN0	55.45	538	564
UniRef90_A0A011PFR2	59.23	538	556
UniRef90_P24040	55.35	538	560
UniRef90_A0A0K1J9V7	56.40	538	560
UniRef90_G8QJX0	60.00	538	546
UniRef90_C7RR96	59.62	538	560
UniRef90_N6XU41	56.16	538	560
UniRef90_B8R909	56.50	538	565
UniRef90_W0SKK2	54.53	538	558
UniRef90_Q47AX7	55.72	538	561
UniRef90_UPI0006C925DF	53.92	538	688
UniRef90_E8N154	52.94	538	689
UniRef90_B9MSW1	64.75	538	451
UniRef90_H5SMW4	53.27	538	798
UniRef90_D5MIV5	53.80	538	546
UniRef90_B9MSW2	63.78	538	449
UniRef90_C0QTT4	50.28	538	547
UniRef90_Q3LGA9	52.88	538	551
UniRef90_A7NPI4	51.57	538	690
UniRef90_A0A0F3GJG5	48.61	538	674
UniRef90_A0A0F3GJG5	45.45	538	674
UniRef90_A0A0F3GT58	48.21	538	579
UniRef90_A8UXC3	52.55	538	549
UniRef90_B2V830	48.77	538	553
UniRef90_A0A0F9HNX9	49.91	538	539
UniRef90_Q1Q4F5	49.54	538	621
UniRef90_A0A0B0EH08	51.28	538	556
UniRef90_Q52519	53.04	538	551
UniRef90_UPI000497FCB9	48.33	538	547
UniRef90_A6Q5Z0	48.48	538	552
UniRef90_F6DJJ7	48.84	538	536
UniRef90_UPI00047968AD	48.47	538	550
UniRef90_B4U7B8	49.33	538	548
UniRef90_E4U5B0	47.50	538	539
UniRef90_UPI0005712B4C	47.22	538	526
UniRef90_UPI000687C9B7	43.40	538	522
UniRef90_D0MFM3	48.27	538	565
UniRef90_UPI00028965BC	45.28	538	540
UniRef90_UPI000687B29F	43.49	538	530
UniRef90_D0CP53	42.46	538	558
UniRef90_R4YN15	45.20	538	543
UniRef90_W7QFB7	44.40	538	538
UniRef90_A0A0F7K3R7	43.20	538	530
UniRef90_A0A0M6YXL3	41.91	538	653
UniRef90_G2DFC5	45.22	538	542
UniRef90_A0A099KCJ4	44.57	538	542
UniRef90_A0A0M6ZPH7	42.21	538	558
UniRef90_Q47WF2	43.36	538	542
UniRef90_A0A0D8CP31	43.93	538	542
UniRef90_UPI0006D99360	43.38	538	557
UniRef90_G8PQK0	42.99	538	539
UniRef90_UPI00056EC6DD	43.33	538	550
UniRef90_H2CE97	45.07	538	656
UniRef90_B0F8D0	74.14	538	290
UniRef90_G1DEN3	78.62	538	290
UniRef90_A0A076L8F8	76.90	538	290
UniRef90_A0A076LGB2	76.55	538	290
UniRef90_B0F8C9	73.45	538	290
UniRef90_G1FV87	75.52	538	290
UniRef90_E9LGJ4	75.17	538	290
UniRef90_B0F8X9	74.14	538	290
UniRef90_E7CW45	72.41	538	290
UniRef90_B0F8F7	73.79	538	290
UniRef90_F5A9B6	76.21	538	290
UniRef90_G1DEJ3	76.21	538	296
UniRef90_A0A068ELZ1	74.83	538	290
UniRef90_B0F8P3	75.17	538	290
UniRef90_K7X126	75.52	538	292
UniRef90_A0A076LG49	74.48	538	290
UniRef90_G1FVJ3	75.86	538	290
UniRef90_K7XQS9	72.07	538	293
UniRef90_B0F937	73.79	538	290
UniRef90_B0F724	71.48	538	291
UniRef90_B0F8E2	72.76	538	290
UniRef90_K7XDL0	70.27	538	297
UniRef90_A0A068EHT4	74.83	538	290
UniRef90_K7XQS3	73.10	538	292
UniRef90_A7X8E3	73.79	538	290
UniRef90_K7XDK5	79.66	538	293
UniRef90_A0A076LDR1	73.79	538	290
UniRef90_F6IBR4	74.48	538	290
UniRef90_K7XQR1	71.38	538	292
UniRef90_G8EA92	72.76	538	290
UniRef90_A5YL43	74.83	538	290
UniRef90_B0F8M6	71.38	538	290
UniRef90_A0A068EHS5	75.52	538	291
UniRef90_B0F917	73.10	538	290
UniRef90_F5A9H1	74.14	538	290
UniRef90_B0F889	76.55	538	290
UniRef90_H9B096	75.17	538	290
UniRef90_F6IBP1	72.07	538	290
UniRef90_A0A076LCH9	76.21	538	290
UniRef90_A0A0K1H4C4	72.76	538	290
UniRef90_K7X016	74.83	538	292
UniRef90_E3UIE5	77.24	538	290
UniRef90_F6IBN0	74.14	538	290
UniRef90_A5YL21	73.79	538	290
UniRef90_A7X8B6	72.41	538	290
UniRef90_B0F8F3	74.48	538	290
UniRef90_Q6JPQ3	72.41	538	290
UniRef90_B0F6X4	72.07	538	290
UniRef90_B0F8I1	72.41	538	290
UniRef90_B0F849	70.69	538	290
UniRef90_B0F778	72.07	538	290
UniRef90_G9DDF2	74.83	538	290
UniRef90_F6IBN9	71.38	538	290
UniRef90_A0A068EHU4	70.69	538	290
UniRef90_B0F777	72.41	538	290
UniRef90_B0F8Y9	71.38	538	290
UniRef90_A0A076L8A2	73.10	538	290
UniRef90_A0A076LG89	73.45	538	290
UniRef90_K7WZX4	71.72	538	293
UniRef90_A7X8C1	72.76	538	290
UniRef90_B0F925	71.72	538	290
UniRef90_A0A0E4BBC1	72.92	538	290
UniRef90_E9LGK7	69.66	538	291
UniRef90_A0A068EIF7	72.41	538	290
UniRef90_Q6JPQ9	76.55	538	290
UniRef90_G1DEQ2	70.69	538	290
UniRef90_B0F8R1	75.86	538	290
UniRef90_M4YQ39	74.14	538	290
UniRef90_G1FV92	77.59	538	290
UniRef90_A0A0E4FJH0	74.65	538	290
UniRef90_B0F8V6	71.72	538	290
UniRef90_B0F922	72.07	538	290
UniRef90_G1DEF1	72.76	538	297
UniRef90_R4R535	72.13	538	287
UniRef90_A0A076LCK6	75.86	538	290
UniRef90_F5A9G3	70.79	538	291
UniRef90_A0A068EFN8	74.14	538	290
UniRef90_K7XQK0	73.79	538	292
UniRef90_B0F8I9	72.16	538	291
UniRef90_F5A942	72.41	538	290
UniRef90_A5YKZ6	73.10	538	290
UniRef90_A5YL00	74.48	538	290
UniRef90_B0F886	74.83	538	290
UniRef90_E7CW20	72.41	538	290
UniRef90_G8FQK2	75.26	538	291
UniRef90_B0F8K0	73.45	538	290
UniRef90_R4QVR8	71.08	538	287
UniRef90_E3UIB0	71.72	538	290
UniRef90_F5A953	70.99	538	293
UniRef90_B0F8N9	72.41	538	290
UniRef90_B0F956	72.07	538	290
UniRef90_E7CW35	74.48	538	290
UniRef90_D2DLV2	72.07	538	290
UniRef90_G8GQ50	72.41	538	290
UniRef90_B0F8K6	72.16	538	291
UniRef90_G1DEN8	72.07	538	290
UniRef90_Q6JPK5	73.45	538	290
UniRef90_B0F8A6	71.03	538	290
UniRef90_A4ZKQ0	73.10	538	290
UniRef90_Q6JPT5	71.38	538	290
UniRef90_F5A9D4	73.54	538	291
UniRef90_B0F786	75.52	538	288
UniRef90_A0A0C5IBW9	70.34	538	290
UniRef90_E9LGQ3	70.59	538	289
UniRef90_R4R8X8	74.56	538	287
UniRef90_B0F8G8	73.45	538	288
UniRef90_A0A0E4BB64	75.35	538	295
UniRef90_L7W4N4	74.48	538	290
UniRef90_R4R8Q9	73.17	538	287
UniRef90_B0F8H6	73.45	538	290
UniRef90_B0F8E9	72.76	538	290
UniRef90_G1ECJ8	77.66	538	291
UniRef90_E9LGU1	71.03	538	290
UniRef90_A7X8F8	71.03	538	290
UniRef90_R4R5I2	78.40	538	287
UniRef90_G8GQ35	71.38	538	290
UniRef90_F5A987	72.85	538	291
UniRef90_G9DDG0	72.41	538	290
UniRef90_B0F8T5	72.41	538	290
UniRef90_F6IBN2	72.41	538	290
UniRef90_B0F8R8	71.38	538	290
UniRef90_R4QVR2	73.87	538	287
UniRef90_A0A0E4BAX3	70.93	538	291
UniRef90_A0A076LG58	74.14	538	290
UniRef90_K7X131	73.10	538	292
UniRef90_A0A068EIH4	77.24	538	290
UniRef90_E9LGJ2	71.38	538	290
UniRef90_E9LGW8	72.16	538	291
UniRef90_A0A076L881	71.72	538	290
UniRef90_B0F8H0	71.03	538	290
UniRef90_B0F8Q1	69.31	538	290
UniRef90_G8FQJ8	75.17	538	290
UniRef90_F5A984	68.62	538	290
UniRef90_B0F8S2	69.07	538	291
UniRef90_Q6JPJ2	71.72	538	290
UniRef90_F5A962	70.00	538	290
UniRef90_B0F736	68.97	538	290
UniRef90_R4QYA3	75.96	538	287
UniRef90_G1ECJ4	70.45	538	291
UniRef90_G1DEM9	70.34	538	290
UniRef90_A5YL18	74.14	538	290
UniRef90_A7X830	71.03	538	290
UniRef90_E3UIA3	72.07	538	290
UniRef90_K7XDR0	73.79	538	293
UniRef90_E7CW14	73.45	538	290
UniRef90_A0A068EFX1	74.48	538	291
UniRef90_G8GQ40	73.45	538	290
UniRef90_G1DED0	70.00	538	297
UniRef90_K7XQR5	71.38	538	293
UniRef90_K7XQK6	70.34	538	293
UniRef90_R4R508	72.22	538	288
UniRef90_B0F8T6	72.41	538	289
UniRef90_E9LH03	72.07	538	290
UniRef90_A0A076LG85	75.17	538	290
UniRef90_A7X862	71.03	538	290
UniRef90_K7X0X8	70.07	538	296
UniRef90_Q6JPK2	80.34	538	290
UniRef90_E9LGZ8	72.07	538	290
UniRef90_A5YL09	73.10	538	290
UniRef90_B0F944	73.10	538	290
UniRef90_K7WUH5	69.66	538	293
UniRef90_A7X8A6	70.69	538	290
UniRef90_R4R8T0	71.43	538	287
UniRef90_A0A068EHF1	73.45	538	290
UniRef90_A0A0E4FNI5	70.24	538	290
UniRef90_B0F8Q3	68.62	538	290
UniRef90_B0F8A5	73.79	538	290
UniRef90_A7X893	68.97	538	290
UniRef90_E7CW50	73.45	538	290
UniRef90_E7CW38	70.00	538	290
UniRef90_B0F8D8	76.55	538	290
UniRef90_A0A068EFM8	71.72	538	291
UniRef90_B0F8Y8	72.41	538	290
UniRef90_B0F935	70.34	538	290
UniRef90_G1FVA5	71.38	538	290
UniRef90_Q6JPR9	72.07	538	290
UniRef90_F5A9F1	74.57	538	291
UniRef90_B0F8G6	70.00	538	291
UniRef90_B0F8K7	68.97	538	290
UniRef90_F6IBR2	74.14	538	290
UniRef90_G1DEH5	70.34	538	297
UniRef90_A0A0C5I9Z9	68.97	538	290
UniRef90_G1FVG3	71.03	538	290
UniRef90_A0A068EHS1	75.60	538	292
UniRef90_E9LH74	70.34	538	290
UniRef90_E3UIA6	71.72	538	290
UniRef90_F5A9H7	70.34	538	290
UniRef90_I7D9R0	72.85	538	291
UniRef90_E9LH72	71.03	538	290
UniRef90_B0F8H7	67.35	538	291
UniRef90_F6IBM4	71.72	538	290
UniRef90_R4QVT0	72.22	538	288
UniRef90_B0F766	68.97	538	290
UniRef90_A0A0G3ID78	74.19	538	279
UniRef90_B0F921	70.34	538	290
UniRef90_M4YPZ6	67.59	538	290
UniRef90_R4QYI2	73.87	538	287
UniRef90_R4R8A7	71.78	538	287
UniRef90_B0F8M9	70.00	538	290
UniRef90_G1DEE8	70.00	538	290
UniRef90_A5YKU8	72.07	538	290
UniRef90_A0A0C5D6T4	73.84	538	279
UniRef90_B0F718	70.34	538	290
UniRef90_E7CW26	68.28	538	290
UniRef90_B0F8Q2	71.72	538	290
UniRef90_R4QYB3	71.78	538	287
UniRef90_A7X861	68.38	538	291
UniRef90_R4R5S6	70.38	538	287
UniRef90_B0F8C3	70.69	538	290
UniRef90_G1ECK3	73.54	538	291
UniRef90_G1ECJ7	70.79	538	291
UniRef90_G8GQ47	71.38	538	290
UniRef90_G1DEF0	75.52	538	297
UniRef90_D0FZS1	72.51	538	291
UniRef90_E7CW61	71.43	538	289
UniRef90_Q1EL98	73.48	538	279
UniRef90_A5YKQ5	73.45	538	290
UniRef90_F6IBP2	69.31	538	290
UniRef90_A0A068EFR7	69.66	538	290
UniRef90_B0F869	69.31	538	290
UniRef90_G1DEA1	78.25	538	285
UniRef90_R4R8J6	71.08	538	287
UniRef90_A5YKZ9	70.34	538	290
UniRef90_B0F8B5	75.60	538	291
UniRef90_A0A060NAD7	76.70	538	279
UniRef90_E9LGU0	70.34	538	290
UniRef90_L7VZQ7	70.00	538	290
UniRef90_G1FV28	67.93	538	290
UniRef90_G1FV19	66.21	538	290
UniRef90_B0F8T1	66.55	538	290
UniRef90_H9B099	72.41	538	290
UniRef90_A7X868	71.38	538	290
UniRef90_G8EA98	71.92	538	292
UniRef90_G1DEN7	71.99	538	282
UniRef90_R4R9E6	67.60	538	287
UniRef90_A0A0E4B9S4	72.32	538	291
UniRef90_R4R5N8	71.78	538	287
UniRef90_D2DLV3	68.04	538	291
UniRef90_R4QY97	71.18	538	288
UniRef90_A7X826	74.48	538	292
UniRef90_B0F8D2	67.70	538	291
UniRef90_Q6JPI7	70.00	538	290
UniRef90_E9LGH5	69.70	538	297
UniRef90_A7X8A8	71.03	538	290
UniRef90_A0A0E4BB60	73.36	538	291
UniRef90_I7DJL9	68.38	538	291
UniRef90_E9LH45	66.45	538	307
UniRef90_B0F952	70.00	538	290
UniRef90_G9DDE7	71.38	538	290
UniRef90_Q6JPL5	73.45	538	290
UniRef90_V5LEA1	70.97	538	279
UniRef90_A0A0C5D348	71.68	538	279
UniRef90_A0A0G3IEU0	74.55	538	279
UniRef90_D1L8W5	74.19	538	279
UniRef90_A0A0G3I8N2	73.12	538	279
UniRef90_E3UIA2	72.60	538	292
UniRef90_B0F707	69.42	538	291
UniRef90_A0A0G3I9R3	71.68	538	279
UniRef90_I7E7R5	74.57	538	291
UniRef90_F6IBM0	68.62	538	290
UniRef90_A0A0E4FJF4	72.76	538	292
UniRef90_K7XQR9	70.34	538	291
UniRef90_G1FVE3	69.31	538	290
UniRef90_L7W749	69.31	538	289
UniRef90_A0A0G3ID05	72.76	538	279
UniRef90_A0A0K1H4Q6	67.01	538	291
UniRef90_B0F8Q4	70.00	538	290
UniRef90_A1XUD0	75.99	538	279
UniRef90_B0F8J1	71.83	538	290
UniRef90_R4R869	72.82	538	287
UniRef90_A0A0G3ICD1	75.27	538	279
UniRef90_Q9L4C1	72.76	538	279
UniRef90_D2DLY1	69.66	538	290
UniRef90_G1DET8	74.82	538	282
UniRef90_B0F8T3	68.62	538	290
UniRef90_R4R5T8	68.75	538	288
UniRef90_B0F8T9	68.26	538	293
UniRef90_A0A0C5D6H4	73.48	538	279
UniRef90_A0A0G3IFQ2	72.40	538	279
UniRef90_Q6JPS1	70.69	538	290
UniRef90_F2YUE7	72.26	538	292
UniRef90_H9B0A2	72.51	538	290
UniRef90_M4YV66	71.38	538	290
UniRef90_Q6JPT3	71.48	538	291
UniRef90_Q6JPQ6	69.07	538	291
UniRef90_A0A0G3ICK4	72.76	538	279
UniRef90_A0A0C5DBL6	73.84	538	279
UniRef90_Q8RLR1	72.07	538	290
UniRef90_A0A0G3ICN1	74.55	538	279
UniRef90_A0A0G3I839	73.48	538	279
UniRef90_K7WZR1	68.28	538	293
UniRef90_B0F6Z6	70.42	538	284
UniRef90_F5A965	71.23	538	285
UniRef90_I7EH27	69.31	538	290
UniRef90_B0F8X3	65.64	538	291
UniRef90_G1FV85	69.31	538	290
UniRef90_A0A0G3I961	74.55	538	279
UniRef90_D2DLV7	67.01	538	291
UniRef90_B0F6V2	68.88	538	286
UniRef90_B0F8I6	68.03	538	294
UniRef90_B0F8U9	71.72	538	288
UniRef90_A0A0G3ICF4	74.91	538	279
UniRef90_A0A0E4B9S3	68.51	538	291
UniRef90_A7X836	72.07	538	288
UniRef90_A0A0K1H492	69.31	538	290
UniRef90_D2DLV8	69.66	538	290
UniRef90_B0F8S8	67.70	538	291
UniRef90_G1DEE4	71.96	538	296
UniRef90_G1FV48	75.90	538	278
UniRef90_E9LH63	70.93	538	291
UniRef90_E3UID5	71.03	538	290
UniRef90_A0A0C5D7F9	72.76	538	279
UniRef90_Q6JPS2	69.05	538	294
UniRef90_A0A0G3IAG7	77.42	538	279
UniRef90_A0A0G3I9C7	73.84	538	279
UniRef90_R4QY04	70.73	538	287
UniRef90_B0B1B4	75.27	538	279
UniRef90_G1FV54	68.97	538	290
UniRef90_A1XUB6	76.70	538	279
UniRef90_Q8G8P9	72.40	538	279
UniRef90_Q6JPT1	67.35	538	291
UniRef90_A1XUC6	75.63	538	279
UniRef90_B0F8W7	66.32	538	291
UniRef90_B0F898	68.31	538	285
UniRef90_V5LFP1	71.33	538	279
UniRef90_G1ECJ5	67.93	538	289
UniRef90_A1XUH1	76.70	538	279
UniRef90_B0F8X2	69.66	538	290
UniRef90_E3UIE1	68.97	538	289
UniRef90_G8EAB4	73.26	538	292
UniRef90_I7EGW2	67.59	538	290
