UniRef90_P08773	100.00	246	246
UniRef90_A0A0A0YQN4	77.14	246	246
UniRef90_M1EAM0	73.25	246	245
UniRef90_A0A0K1Y4I0	70.61	246	244
UniRef90_E5DI52	68.16	246	245
UniRef90_A0A023W5H6	58.80	246	245
UniRef90_I6ZW08	56.39	246	231
UniRef90_Q6U9R8	55.07	246	231
UniRef90_Q19CY2	56.50	246	224
UniRef90_A0A0F9AS08	34.45	246	146
UniRef90_Q52PP0	28.57	246	273
UniRef90_A0A0E9EVC4	32.18	246	234
UniRef90_X1CND9	34.50	246	247
UniRef90_B0T6R4	30.92	246	367
UniRef90_A0A0D5LGT4	32.17	246	288
UniRef90_G8LTU1	31.76	246	309
UniRef90_A0A0A0YQN4	77.14	246	246
UniRef90_M1EAM0	72.65	246	245
UniRef90_P08773	100.00	246	246
UniRef90_A0A0K1Y4I0	70.61	246	244
UniRef90_E5DI52	68.16	246	245
UniRef90_A0A023W5H6	58.55	246	245
UniRef90_I6ZW08	55.65	246	231
UniRef90_Q6U9R8	54.35	246	231
UniRef90_Q19CY2	56.00	246	224
UniRef90_Q52PP0	28.02	246	273
UniRef90_G8LTU1	23.33	246	309
UniRef90_A0A0E9EVC4	29.05	246	234
UniRef90_A0A0D5LGT4	29.17	246	288
UniRef90_X1CND9	29.59	246	247
UniRef90_B0T6R4	29.89	246	367
UniRef90_UPI000675FF89	26.63	246	285
UniRef90_A0A076LUV2	26.04	246	285
UniRef90_A0A093S8E3	25.88	246	295
UniRef90_UPI0005B3F4C9	26.63	246	287
UniRef90_A0A0F9AS08	31.25	246	146
UniRef90_A0A0F9UJU3	27.98	246	293
UniRef90_A0A034T6P0	28.79	246	202
UniRef90_UPI0006F8DB35	20.58	246	338
UniRef90_K2A4W6	25.33	246	280
UniRef90_I0HTJ9	21.40	246	341
UniRef90_A0A059E3D6	20.68	246	317
UniRef90_B2HI72	25.43	246	316
UniRef90_UPI00053699FD	21.34	246	350
UniRef90_E3G723	25.32	246	593
UniRef90_A8G8I9	22.36	246	325
UniRef90_UPI00036739B2	25.22	246	328
UniRef90_UPI000701B7AC	23.67	246	334
UniRef90_A0A0E0YAT9	21.43	246	329
UniRef90_A0A095BBY1	24.42	246	324
UniRef90_UPI0006F35CD6	21.34	246	322
UniRef90_A0A0G7ZZM1	19.26	246	352
UniRef90_A0A0A6SAV1	21.46	246	326
UniRef90_UPI0006FBDF0E	24.14	246	325
UniRef90_B1G3T6	23.65	246	353
UniRef90_A0A070CDW3	22.92	246	351
UniRef90_A0A0F3X3F5	22.95	246	313
UniRef90_UPI000526AAEE	22.51	246	323
UniRef90_UPI00046710C0	21.67	246	353
UniRef90_UPI00055370BB	22.27	246	322
UniRef90_N8XS12	20.16	246	335
UniRef90_A0A0G9MLC8	22.46	246	326
UniRef90_V6M0Z7	23.74	246	289
UniRef90_UPI000689AB15	24.47	246	335
UniRef90_UPI0003474432	21.60	246	340
UniRef90_UPI00031F1CC6	26.44	246	318
UniRef90_K8PK04	21.81	246	331
UniRef90_M6CIP5	22.03	246	323
UniRef90_B2IB94	24.57	246	342
UniRef90_UPI0006666742	25.14	246	334
UniRef90_UPI0003FE5CD4	24.30	246	310
UniRef90_UPI0004C2A214	19.18	246	318
UniRef90_Q13T72	22.08	246	354
UniRef90_D5RGI7	21.65	246	351
UniRef90_G3MA60	24.56	246	348
UniRef90_UPI0006921684	23.04	246	301
UniRef90_N9KKB4	21.05	246	334
UniRef90_A0A0G3A883	19.59	246	318
UniRef90_A0A099D467	21.83	246	323
UniRef90_A0A0N1NJJ0	21.33	246	324
UniRef90_A0A0F4XKQ3	20.08	246	317
UniRef90_UPI00041A8801	22.52	246	317
UniRef90_UPI0006227932	21.31	246	339
UniRef90_UPI0002EF18D5	22.51	246	334
UniRef90_A0A0L8MJK7	21.28	246	318
UniRef90_W4T545	21.76	246	325
UniRef90_UPI00067843B3	20.00	246	336
UniRef90_UPI000560AD57	22.08	246	319
UniRef90_M6GCB6	21.00	246	320
UniRef90_A0A0M8UIS2	20.34	246	318
UniRef90_A0A0D4DXJ4	20.75	246	318
UniRef90_A0A0B2A244	19.41	246	314
UniRef90_Q2FCV1	23.17	246	222
UniRef90_UPI0006B8C15D	23.46	246	340
UniRef90_UPI000381F6CE	19.92	246	318
UniRef90_UPI0006D7ED3D	22.41	246	324
UniRef90_UPI0002ECB969	21.37	246	321
UniRef90_UPI0004CAFDC5	22.57	246	337
UniRef90_UPI00067F571E	21.25	246	315
UniRef90_J9YEF8	21.78	246	328
UniRef90_UPI00035FE5AE	24.31	246	341
UniRef90_C8S1P3	24.12	246	358
UniRef90_UPI0004C49D3E	19.92	246	318
UniRef90_Q1YFG6	22.43	246	338
UniRef90_UPI00068E4334	23.81	246	344
UniRef90_A0A064DPT4	22.32	246	341
UniRef90_UPI000262C0C6	20.45	246	315
UniRef90_E4NCW4	22.12	246	322
UniRef90_V7HTC4	23.50	246	287
UniRef90_UPI00040167F5	22.17	246	330
UniRef90_UPI0006E2E419	20.34	246	318
UniRef90_B4Y380	21.78	246	334
UniRef90_A0A0L0KKC0	19.92	246	316
UniRef90_UPI000489C8BA	19.58	246	354
UniRef90_UPI0004C48F45	22.48	246	329
UniRef90_UPI000348E977	22.02	246	329
UniRef90_D5T5G7	20.74	246	332
UniRef90_UPI0002ECB9A3	20.44	246	320
UniRef90_E3FXE8	19.63	246	336
UniRef90_X6IQ10	25.28	246	338
UniRef90_UPI0006F65FBF	24.00	246	334
UniRef90_A0A0F5LIP5	24.87	246	341
UniRef90_A0A0F9N587	20.65	246	312
UniRef90_UPI0004C053C3	23.50	246	308
UniRef90_G2NYV2	19.57	246	316
UniRef90_UPI0006C92C55	21.55	246	343
UniRef90_UPI000349D56E	21.66	246	336
UniRef90_A0A084XUC7	22.38	246	266
UniRef90_T2LFU7	24.14	246	323
UniRef90_UPI00068A5683	22.87	246	300
UniRef90_UPI00036737C5	22.54	246	344
UniRef90_Q03W75	22.45	246	335
UniRef90_UPI0006286E72	20.72	246	329
UniRef90_UPI0006F713F8	24.09	246	264
UniRef90_A0A0H4T3X1	21.21	246	278
UniRef90_UPI0006900AD0	20.09	246	310
UniRef90_D9XJ88	19.92	246	316
UniRef90_A0A0D5LRV5	22.62	246	264
UniRef90_UPI00037D1C6D	22.71	246	264
UniRef90_UPI0006FC8EC5	25.12	246	264
UniRef90_U2WDW2	24.64	246	264
UniRef90_A0A059WVX9	23.25	246	264
UniRef90_K0DC06	19.21	246	326
UniRef90_UPI000403BA54	23.70	246	264
UniRef90_UPI0003607E04	23.87	246	264
UniRef90_UPI000466C51F	22.62	246	264
UniRef90_UPI0003FA7433	21.33	246	264
UniRef90_B4D396	25.11	246	264
UniRef90_H7FPI6	25.12	246	274
UniRef90_M8E940	24.40	246	264
UniRef90_UPI000481F226	22.52	246	264
UniRef90_A0A081P1P7	22.47	246	264
UniRef90_E7H2L7	24.52	246	266
UniRef90_A0A0G9MMR1	22.04	246	326
UniRef90_UPI0003B3BB2C	25.85	246	264
UniRef90_UPI00067E832C	20.86	246	348
UniRef90_G7UQC2	21.36	246	264
UniRef90_A6ERV7	23.14	246	274
UniRef90_A0A0F7PNW2	23.33	246	264
UniRef90_A0A084ILI2	22.27	246	269
UniRef90_UPI000562D1AB	21.05	246	278
UniRef90_UPI00047F05FE	22.57	246	264
UniRef90_K5A5X9	22.32	246	264
UniRef90_UPI0004912C71	22.32	246	264
UniRef90_D8JQU1	23.22	246	264
UniRef90_UPI0005A878D4	20.94	246	270
UniRef90_A0A0A8GF48	22.35	246	348
UniRef90_A0A0K2D8K8	22.33	246	264
UniRef90_A1UTA5	24.00	246	264
UniRef90_UPI0003B58A8E	22.65	246	269
UniRef90_D2QJD3	23.14	246	264
UniRef90_UPI0003B6EB86	23.35	246	264
UniRef90_UPI000427B84B	23.11	246	264
UniRef90_A0A091AVL6	23.18	246	264
UniRef90_UPI000255CA2A	23.32	246	269
UniRef90_A0A0J6FVW6	25.24	246	263
UniRef90_UPI0003689ECC	23.39	246	264
UniRef90_A0A059WQL3	20.66	246	263
UniRef90_A0A059X647	21.95	246	270
UniRef90_A0A0L0QKE6	19.48	246	332
UniRef90_E8LIH0	23.21	246	264
UniRef90_C0BFU6	22.81	246	274
UniRef90_A4CPT0	21.93	246	274
UniRef90_R6T5L8	23.81	246	264
UniRef90_H3KBZ9	21.61	246	271
UniRef90_B9Z6P9	21.93	246	264
UniRef90_A8GIH7	24.15	246	264
UniRef90_A0A0K6KGL3	21.56	246	335
UniRef90_A0A0J5QZN7	24.29	246	264
UniRef90_A0A021VWK0	23.70	246	264
UniRef90_A0A0A0EKE9	22.42	246	264
UniRef90_A4VGL9	23.66	246	264
UniRef90_A0A0E3Z0L8	23.66	246	264
UniRef90_W1N1T1	23.30	246	285
UniRef90_H3S9N9	19.91	246	335
UniRef90_E6YIG7	23.11	246	264
UniRef90_UPI0006DB20A2	23.08	246	264
UniRef90_UPI00036403A2	23.92	246	264
UniRef90_UPI00048071FC	22.97	246	264
UniRef90_UPI00037020BE	21.80	246	264
UniRef90_A0A059WKR6	20.25	246	278
UniRef90_UPI0006FEEEBB	21.56	246	264
UniRef90_A0A0G1UVR2	18.30	246	278
UniRef90_UPI00036DF59B	23.58	246	264
UniRef90_A0A0D6JLP4	21.03	246	264
UniRef90_A7GBG6	19.65	246	324
UniRef90_B9JXQ5	23.08	246	264
UniRef90_UPI0002E2C3E2	22.32	246	264
UniRef90_M7A4K1	24.88	246	277
UniRef90_D2UFT4	23.19	246	264
UniRef90_UPI0002F7A8A9	22.77	246	338
UniRef90_H1Z916	21.59	246	274
UniRef90_H3SBU0	22.49	246	264
UniRef90_F0ID10	21.37	246	274
UniRef90_UPI000427D9C8	21.90	246	264
UniRef90_L0NG80	21.43	246	264
UniRef90_A0A073JZP0	20.26	246	331
UniRef90_D4DQP9	23.22	246	264
UniRef90_UPI0002629820	21.93	246	267
UniRef90_C1D4I5	24.64	246	264
UniRef90_A0A0A1YPS0	22.77	246	264
UniRef90_F8UVR0	22.87	246	264
UniRef90_Q603S2	26.47	246	260
UniRef90_UPI0003451FA2	20.26	246	341
UniRef90_F8ELG3	23.14	246	264
UniRef90_A6UYE6	23.21	246	264
UniRef90_A9IW82	24.53	246	264
UniRef90_UPI00041AA1E0	23.77	246	264
UniRef90_F8F7R1	23.92	246	264
UniRef90_A0A059X757	20.66	246	278
UniRef90_E6WQF7	22.75	246	264
UniRef90_A0A059WVU1	22.67	246	264
UniRef90_B8IF20	22.44	246	264
UniRef90_A0A0C1VJL0	22.38	246	264
UniRef90_A0A0F9UL58	24.11	246	413
UniRef90_U1MQL8	21.12	246	266
UniRef90_A0A0G1NGI7	21.62	246	278
UniRef90_A0A091BCI8	23.11	246	290
UniRef90_A0A0F9VQE3	22.69	246	264
UniRef90_UPI0006FFA153	21.70	246	269
UniRef90_UPI0003F63B61	21.40	246	264
UniRef90_A0A0B7H9N4	23.18	246	274
UniRef90_UPI00064C14AB	20.75	246	341
UniRef90_UPI0006FCADE0	22.17	246	264
UniRef90_B1M530	21.33	246	264
UniRef90_A0A0G0KZL9	18.52	246	278
UniRef90_Q8UDS3	23.67	246	264
UniRef90_UPI0006F59CDD	22.93	246	264
UniRef90_A9D3I7	23.30	246	264
UniRef90_UPI0006F6493A	21.72	246	264
UniRef90_UPI0003B78913	23.08	246	264
UniRef90_A0A0B5RLE7	23.36	246	274
UniRef90_S2L010	22.27	246	279
UniRef90_UPI0003FF83AC	22.82	246	264
UniRef90_A0A059XDL4	21.00	246	278
UniRef90_G2Z2T9	21.96	246	274
UniRef90_Q92NQ5	24.64	246	264
UniRef90_UPI0003710042	20.89	246	264
UniRef90_G8PTY9	21.88	246	264
UniRef90_F5LT90	21.93	246	264
UniRef90_E4RR36	22.61	246	260
UniRef90_A0A071M190	23.08	246	264
UniRef90_R5BLQ8	24.40	246	264
UniRef90_UPI0003B7573B	22.55	246	269
UniRef90_UPI0004C197F2	22.42	246	270
UniRef90_UPI0004BCB52A	25.11	246	264
UniRef90_A0A0C2LB95	22.42	246	264
UniRef90_C7MA28	21.19	246	267
UniRef90_UPI00035CD06D	22.12	246	267
UniRef90_E4MUP7	22.32	246	274
UniRef90_A0A084GTE8	24.66	246	264
UniRef90_UPI000625AB9C	22.83	246	278
UniRef90_UPI0003694243	22.22	246	264
UniRef90_UPI0003659227	22.12	246	264
UniRef90_A0A0A0Z2L7	21.27	246	264
UniRef90_UPI0004176317	23.14	246	264
UniRef90_UPI00068C6B90	22.70	246	296
UniRef90_G9J249	24.15	246	296
UniRef90_A0A0A2GVN1	24.02	246	274
UniRef90_UPI000369C61C	23.14	246	264
UniRef90_A0A0G0RRI6	23.18	246	276
UniRef90_U2FY89	21.50	246	273
UniRef90_G0AJQ2	23.26	246	273
UniRef90_A0A0F9S4Y4	20.81	246	264
UniRef90_A0A081MP49	22.71	246	264
UniRef90_UPI0006F2B441	22.38	246	264
UniRef90_A0A0M3T2Y3	22.12	246	265
UniRef90_UPI00037DC7AD	22.17	246	264
UniRef90_K2JT16	23.21	246	264
UniRef90_A0A0H1AL77	21.78	246	264
UniRef90_A0A0K9EUA4	24.66	246	268
UniRef90_UPI000646109D	21.88	246	269
UniRef90_UPI0006D53B43	23.33	246	264
UniRef90_A0A0F9VHC0	22.97	246	264
UniRef90_UPI00054FCF3A	24.19	246	274
UniRef90_UPI00036B67DC	20.72	246	264
UniRef90_UPI0004120354	19.30	246	264
UniRef90_H4F2P6	23.98	246	264
UniRef90_A0A0H1RF54	22.71	246	264
UniRef90_A0A0A0F253	23.08	246	264
UniRef90_UPI0004AE937C	24.15	246	274
UniRef90_Q1QUD9	20.81	246	264
UniRef90_UPI00037B7736	21.96	246	264
UniRef90_R7I657	22.86	246	265
UniRef90_A0A0A1DMR3	23.08	246	264
UniRef90_L1NU49	23.98	246	264
UniRef90_A0A0D7QNC1	22.87	246	268
UniRef90_I3YTA1	23.25	246	274
UniRef90_UPI00036D13C0	23.92	246	264
UniRef90_A0A0F4QKE1	23.33	246	265
UniRef90_UPI00048C6003	22.07	246	264
UniRef90_Q0ABR1	22.33	246	264
UniRef90_K1K007	23.22	246	266
UniRef90_UPI0004745348	24.02	246	264
UniRef90_F5SEQ2	22.75	246	264
UniRef90_E1SCU9	21.72	246	264
UniRef90_A0A0C5VRL0	22.27	246	264
UniRef90_UPI0006848E16	21.15	246	279
UniRef90_I1XF00	25.23	246	277
UniRef90_UPI00047077B6	23.14	246	264
UniRef90_UPI00037D4904	23.44	246	264
UniRef90_B7KQG2	23.19	246	264
UniRef90_UPI00047B7367	23.26	246	274
UniRef90_G4E883	21.89	246	277
UniRef90_A0A060BCS7	21.28	246	276
UniRef90_A0A0E3D990	22.84	246	289
UniRef90_A0A086F952	21.30	246	264
UniRef90_A4AHI1	22.87	246	280
UniRef90_UPI0003B3F091	24.11	246	264
UniRef90_A0A0G3CM75	22.17	246	264
UniRef90_Q6G2S8	24.53	246	264
UniRef90_W8G8C3	21.88	246	264
UniRef90_A0A059WYE9	20.89	246	278
UniRef90_U3B4V0	21.43	246	264
UniRef90_C0ZI91	21.62	246	264
UniRef90_W7YYI6	21.17	246	264
UniRef90_R7BW70	22.55	246	268
UniRef90_X4ZK63	21.52	246	264
UniRef90_UPI0004235B8E	22.42	246	264
UniRef90_UPI000375C8D0	24.12	246	264
UniRef90_A0A087MJU1	22.37	246	264
UniRef90_UPI00070149B4	23.19	246	264
UniRef90_U1ZFK5	21.43	246	264
UniRef90_UPI00041DE489	22.75	246	274
UniRef90_UPI0006F85049	23.26	246	274
UniRef90_A0A059X4F4	24.40	246	264
UniRef90_A0A0F6R6K4	23.21	246	238
UniRef90_A0A081NM05	21.03	246	277
UniRef90_Q0C504	22.86	246	264
UniRef90_UPI0004642FBC	21.92	246	264
UniRef90_A0A0L0L9Z8	18.61	246	278
UniRef90_UPI0006F39532	21.78	246	264
UniRef90_A0A0A2U7E5	21.17	246	264
UniRef90_UPI000645A0FD	23.44	246	264
UniRef90_I1YJ54	24.22	246	277
UniRef90_D3FZ32	23.74	246	264
UniRef90_UPI0004F81C73	22.79	246	274
UniRef90_Q11HI0	22.73	246	264
UniRef90_UPI00048FE1D5	22.75	246	264
UniRef90_M4NBT2	22.12	246	264
UniRef90_UPI0003F7C41C	21.88	246	264
UniRef90_E1V822	21.90	246	284
UniRef90_A0A059WZE7	19.57	246	278
UniRef90_Q1CAR9	22.48	246	264
UniRef90_UPI0005563ACA	23.19	246	264
UniRef90_UPI00048A856C	22.22	246	264
UniRef90_UPI0006F71590	22.98	246	267
UniRef90_U1QVP6	22.88	246	290
UniRef90_UPI000479E656	22.22	246	264
UniRef90_H0HTC5	24.43	246	264
UniRef90_UPI0003734315	21.33	246	265
UniRef90_UPI000289995E	21.86	246	274
UniRef90_UPI0003651AC5	23.79	246	264
UniRef90_M3DKN4	22.81	246	323
UniRef90_UPI000687D295	24.11	246	265
UniRef90_UPI000484415B	24.39	246	263
UniRef90_A0NVL2	24.27	246	264
UniRef90_A0A098UCG2	21.86	246	264
UniRef90_UPI0003A88259	23.14	246	274
UniRef90_D4T5W6	22.12	246	347
UniRef90_A0A0A7RXD7	22.17	246	264
UniRef90_Q0VM06	22.84	246	277
UniRef90_A0A0J1C5C6	23.42	246	264
UniRef90_A0A059XCP4	21.57	246	278
UniRef90_UPI0006D56880	21.52	246	264
UniRef90_N6UF83	23.58	246	264
UniRef90_A0A0G0QEP1	25.24	246	261
UniRef90_UPI000404AB9B	21.86	246	274
UniRef90_B2FPG0	22.62	246	264
UniRef90_UPI00042758BD	21.60	246	264
UniRef90_A0A031MI54	22.77	246	264
UniRef90_E0MLW2	24.76	246	272
UniRef90_L0EII3	23.08	246	271
UniRef90_C7R933	22.17	246	264
UniRef90_UPI00036EC115	21.52	246	264
UniRef90_S5R3S1	22.33	246	264
UniRef90_M4VDY5	22.87	246	264
UniRef90_A0A059WNE5	22.67	246	277
UniRef90_G2DKQ0	22.97	246	264
UniRef90_A0A089M7H5	21.05	246	264
UniRef90_UPI00048E441F	25.48	246	264
UniRef90_D7A7E1	23.41	246	264
UniRef90_Q2NRH3	22.38	246	264
UniRef90_A0A059X8F3	21.46	246	268
UniRef90_A0A0L7T2Z0	22.71	246	264
UniRef90_C0DVS1	22.60	246	257
UniRef90_F7QQR9	23.79	246	264
UniRef90_A0A090ZE70	22.49	246	253
UniRef90_U5Q280	25.46	246	253
UniRef90_UPI0004BC9DC3	22.83	246	264
UniRef90_A6WZV4	24.09	246	264
UniRef90_UPI00050A0BAB	23.81	246	264
UniRef90_A0A014LZG8	20.81	246	264
UniRef90_B0TYI1	24.54	246	274
UniRef90_A0A059X122	23.18	246	278
UniRef90_C4L1C9	21.97	246	264
UniRef90_UPI00037A4FBB	22.55	246	270
UniRef90_A9DJL8	23.36	246	274
UniRef90_UPI00028847E0	22.67	246	264
UniRef90_UPI000693AD3A	23.30	246	280
UniRef90_A0A0L7RRL6	22.37	246	264
UniRef90_UPI00048E05B7	24.15	246	264
UniRef90_J2M681	22.17	246	264
UniRef90_Q1LK81	23.70	246	264
UniRef90_U7P1M1	22.75	246	273
UniRef90_G4CIN3	23.30	246	264
UniRef90_G7H0C4	21.97	246	268
UniRef90_UPI000408742C	21.97	246	264
UniRef90_A0A085HP94	21.72	246	264
UniRef90_C5BH86	23.19	246	264
UniRef90_Q211X8	24.64	246	264
UniRef90_A0A0G1JTK2	23.83	246	262
UniRef90_UPI00047EB424	21.92	246	264
UniRef90_UPI00068EF2A4	21.07	246	289
UniRef90_A0A0B7ITL0	23.70	246	264
UniRef90_A0A0H1AAD8	23.64	246	264
UniRef90_A0A059X4J9	21.46	246	268
UniRef90_UPI0004131BB0	23.18	246	264
UniRef90_A0A0D3V9Q3	21.90	246	264
UniRef90_B0T4Y5	25.37	246	283
UniRef90_UPI0005BDC9CA	22.22	246	269
UniRef90_A0A060RD51	23.11	246	264
UniRef90_UPI000493EEA1	22.97	246	264
UniRef90_UPI00048E3AD0	22.12	246	264
UniRef90_F2BDN0	24.04	246	264
UniRef90_Q6D8I6	22.73	246	264
UniRef90_Q89G35	23.56	246	264
UniRef90_A0A0D5YTR2	24.19	246	274
UniRef90_A0A0A2W4L0	22.98	246	500
UniRef90_UPI00056B1371	21.40	246	243
UniRef90_UPI000424309E	22.12	246	264
UniRef90_U3QK60	23.36	246	297
UniRef90_B9R0G0	24.76	246	268
UniRef90_UPI0003FD7307	24.15	246	264
UniRef90_UPI000424599A	24.19	246	274
UniRef90_A0A0N1KXL3	21.68	246	264
UniRef90_Q6REU8	23.64	246	264
UniRef90_U6B9H5	22.86	246	264
UniRef90_UPI0003B418D9	21.21	246	267
UniRef90_A0A0J6NIS7	23.08	246	264
UniRef90_A0A0G3GN75	22.86	246	271
UniRef90_A6WGF9	21.97	246	268
UniRef90_J1TFC9	23.18	246	228
UniRef90_A0A0K1WHK1	22.22	246	264
UniRef90_E2CNB4	25.46	246	264
UniRef90_R8AMN7	20.96	246	264
UniRef90_U1Q228	22.57	246	266
UniRef90_D0J2N1	23.58	246	294
UniRef90_UPI0006C760EB	23.98	246	264
UniRef90_A0A078MRL4	22.55	246	267
UniRef90_A0A0F9SYZ5	24.88	246	277
UniRef90_F0RD72	22.79	246	274
UniRef90_UPI00070340BD	24.76	246	264
UniRef90_UPI0003A79065	22.62	246	264
UniRef90_A0A0D7VYN7	23.26	246	274
UniRef90_A0A059XA86	22.86	246	264
UniRef90_UPI000686BDF8	22.87	246	277
UniRef90_UPI0004830A83	23.67	246	264
UniRef90_D3HNP9	23.29	246	264
UniRef90_K9EE87	21.33	246	270
UniRef90_K9DAE9	22.32	246	264
UniRef90_A0A0K0N6Z8	25.38	246	280
UniRef90_UPI000405F88D	23.22	246	267
UniRef90_A0A0G2ZZF5	25.24	246	269
UniRef90_UPI000647A28F	23.08	246	264
UniRef90_UPI00028853BB	21.90	246	291
UniRef90_A0A0N0UYE2	22.17	246	264
UniRef90_J1KCI7	23.58	246	264
UniRef90_UPI0002EE0359	24.29	246	264
UniRef90_A0A069DAT5	21.67	246	264
UniRef90_A0A0K2JRM5	24.42	246	274
UniRef90_R5ID74	23.77	246	264
UniRef90_A0A059DUT2	22.71	246	264
UniRef90_UPI00036B0963	22.13	246	268
UniRef90_UPI0003A8630E	22.73	246	264
UniRef90_G4FBP5	20.69	246	272
UniRef90_A0A059WVV8	20.00	246	264
UniRef90_F5S769	22.62	246	264
UniRef90_A0A059X774	20.83	246	228
UniRef90_D7BML4	20.87	246	266
UniRef90_W8I3B0	23.79	246	264
UniRef90_UPI00068A4920	22.37	246	323
UniRef90_UPI00047D9927	22.08	246	267
UniRef90_A0A0L0IWY9	22.82	246	264
UniRef90_UPI0003FA6271	21.97	246	264
UniRef90_D4W573	22.42	246	264
UniRef90_A0A059WS76	24.15	246	269
UniRef90_A0A084U9U0	21.36	246	264
UniRef90_UPI0004675A7A	21.36	246	264
UniRef90_S6FCF8	19.40	246	336
UniRef90_V6S375	20.96	246	274
UniRef90_UPI00048F41E2	21.83	246	264
UniRef90_Q2SA17	22.94	246	264
UniRef90_G4RFD0	21.72	246	264
UniRef90_A0A0F3K2A5	21.03	246	264
UniRef90_A3J2D5	21.40	246	274
