UniRef90_P08056	100.00	222	238
UniRef90_A0A0A1MTR5	62.05	222	245
UniRef90_M5B0M3	57.59	222	246
UniRef90_F5HPR1	58.67	222	246
UniRef90_A0A0C7CL23	58.93	222	245
UniRef90_S2K1V0	51.12	222	252
UniRef90_A0A068RXU7	54.91	222	254
UniRef90_A0A068SET3	51.57	222	254
UniRef90_Q9UVC5	55.36	222	226
UniRef90_A0A090BD35	49.78	222	354
UniRef90_V5YU73	47.56	222	356
UniRef90_V5YVN4	48.66	222	345
UniRef90_F5HPR4	46.67	222	351
UniRef90_A0A0B7NJB1	47.00	222	1556
UniRef90_A0A024F951	45.33	222	346
UniRef90_F5HPR5	45.13	222	347
UniRef90_A0A0A1N0H5	56.02	222	634
UniRef90_A0A0C7BXE7	58.28	222	191
UniRef90_W6R823	43.38	222	257
UniRef90_I1C776	57.25	222	138
UniRef90_A0A0L0HJJ8	38.77	222	258
UniRef90_K9H918	41.55	222	250
UniRef90_F5HPQ8	42.44	222	270
UniRef90_I2G0Y2	42.86	222	276
UniRef90_A0A066WRK3	41.63	222	247
UniRef90_E7A0H7	41.29	222	276
UniRef90_A0A0K8LLX4	40.71	222	287
UniRef90_V5E5V1	40.09	222	272
UniRef90_A0A0A2KVU5	39.92	222	267
UniRef90_A0A0A2LE02	39.73	222	257
UniRef90_M3BS50	41.28	222	438
UniRef90_V5FST8	38.74	222	254
UniRef90_UPI0004560613	38.79	222	267
UniRef90_A1CNG9	39.57	222	261
UniRef90_A0A0F7VBY2	40.37	222	256
UniRef90_K1Y3Y3	41.67	222	386
UniRef90_G2YHU2	41.30	222	392
UniRef90_S3CKK7	44.14	222	393
UniRef90_A0A0F7S603	40.20	222	274
UniRef90_N1PF45	39.48	222	439
UniRef90_A0A074WIG1	42.16	222	365
UniRef90_S8BXV2	43.69	222	417
UniRef90_M2YJT5	38.89	222	436
UniRef90_A0A074YVA4	40.69	222	265
UniRef90_A0A074W5K6	41.67	222	265
UniRef90_A0A094E5M8	41.18	222	529
UniRef90_A0A094J1T3	41.18	222	501
UniRef90_A0A0B7KEF8	40.98	222	395
UniRef90_W3VVI2	38.68	222	265
UniRef90_A0A0C3H9D6	42.93	222	398
UniRef90_F9XMX5	39.73	222	404
UniRef90_A0A077R8J4	38.73	222	279
UniRef90_B6GVY8	40.29	222	257
UniRef90_A0A094AFW5	40.20	222	487
UniRef90_A0A074Y7D5	41.18	222	422
UniRef90_A0A0B7KC35	39.06	222	255
UniRef90_F0XFI3	37.33	222	401
UniRef90_Q0CME2	41.67	222	254
UniRef90_S3D201	41.18	222	515
UniRef90_R1GU70	39.51	222	408
UniRef90_A0A0H1BRI0	39.39	222	260
UniRef90_A0A0G2HZ27	38.61	222	259
UniRef90_E3S247	41.46	222	407
UniRef90_A0A0D1DYY9	38.18	222	271
UniRef90_S7Z911	37.89	222	256
UniRef90_A0A0F4GUK4	39.73	222	1055
UniRef90_A0A0L1HMJ7	40.49	222	438
UniRef90_P24657	39.11	222	234
UniRef90_E5A4B2	40.49	222	460
UniRef90_W3WWC1	39.07	222	402
UniRef90_G9P2L2	39.30	222	262
UniRef90_A0A067LYD5	38.96	222	272
UniRef90_A0A074YIV4	37.81	222	265
UniRef90_R0KL47	40.49	222	416
UniRef90_G0RB57	40.70	222	235
UniRef90_Q4WRE3	39.39	222	262
UniRef90_K2R3M2	39.22	222	409
UniRef90_UPI00044083C9	41.41	222	269
UniRef90_M2NLT3	39.73	222	368
UniRef90_A0A094DLW7	40.49	222	487
UniRef90_P19791	37.45	222	238
UniRef90_A0A0F0I5D4	36.24	222	285
UniRef90_C5P0L4	38.94	222	411
UniRef90_S8EET7	39.91	222	294
UniRef90_J4UV04	36.60	222	257
UniRef90_M2TJG2	39.51	222	411
UniRef90_A0A016Q3M2	40.49	222	255
UniRef90_G0RLE9	38.61	222	257
UniRef90_A0A084GCF8	38.73	222	408
UniRef90_P10281	36.24	222	276
UniRef90_A0A093Z0Z6	40.00	222	549
UniRef90_G3J4N2	34.78	222	251
UniRef90_A0A0A1TRI8	36.00	222	253
UniRef90_R9NZE9	37.67	222	272
UniRef90_A0A0N0DAP6	39.51	222	255
UniRef90_A0A094DBZ3	38.73	222	906
UniRef90_A0A074XHX2	40.00	222	412
UniRef90_A0A0A2KC17	37.07	222	274
UniRef90_U1FZH9	37.25	222	467
UniRef90_A0A067MC15	40.09	222	404
UniRef90_A0A024SH31	40.70	222	381
UniRef90_M1WHK7	37.06	222	251
UniRef90_B8MZ00	35.00	222	312
UniRef90_E4UPX4	39.20	222	394
UniRef90_A0A0C2X6H7	35.40	222	270
UniRef90_G9P160	38.31	222	406
UniRef90_A0A093ZT26	39.02	222	488
UniRef90_W1QF52	38.72	222	402
UniRef90_R7Z437	38.73	222	417
UniRef90_W6Q8J0	37.56	222	418
UniRef90_B6QBL8	38.46	222	254
UniRef90_A5E6C7	35.15	222	260
UniRef90_A0A0M8N659	36.63	222	255
UniRef90_Q6C0C7	35.81	222	290
UniRef90_S8AUU8	36.76	222	405
UniRef90_B8M3F0	40.21	222	256
UniRef90_U4LF13	38.81	222	258
UniRef90_A0A061AND3	36.84	222	431
UniRef90_A0A0D2Y7V6	40.10	222	263
UniRef90_Q6CAV7	36.24	222	406
UniRef90_A0A0F7SVY3	37.06	222	272
UniRef90_A0A0D7BTJ6	36.52	222	401
UniRef90_C5FJ55	37.37	222	396
UniRef90_A0A0B1PF16	42.86	222	207
UniRef90_A0A0G2DXA6	40.00	222	438
UniRef90_A5DIF5	39.74	222	401
UniRef90_UPI00044091ED	34.89	222	404
UniRef90_G2Y2L9	39.19	222	289
UniRef90_A0A0A1TFB4	35.98	222	388
UniRef90_C0NW72	38.24	222	432
UniRef90_A0A0F9XG11	38.89	222	376
UniRef90_A0A0B7FK01	35.47	222	401
UniRef90_A0A0L0NDF0	34.78	222	260
UniRef90_G1XC95	37.13	222	411
UniRef90_Q5AK94	36.64	222	399
UniRef90_G8YT11	36.24	222	404
UniRef90_A0A0C3B7T7	37.79	222	396
UniRef90_M7THX1	36.22	222	507
UniRef90_A0A0C2XAX5	37.44	222	268
UniRef90_A0A0F8UN14	39.78	222	263
UniRef90_A0A017SQG9	38.05	222	292
UniRef90_A0A0A1P7R0	42.04	222	172
UniRef90_D4AYS8	36.36	222	412
UniRef90_A0A0H1BC34	37.25	222	446
UniRef90_A0A0A2KYS6	36.04	222	306
UniRef90_A0A0B7JQU7	37.56	222	398
UniRef90_W4KMR0	37.17	222	407
UniRef90_A6R8C7	37.25	222	393
UniRef90_A0A0B4H2D9	34.80	222	261
UniRef90_UPI0004417FA7	37.97	222	413
UniRef90_A0A0H5C5M6	38.46	222	407
UniRef90_C4JVH8	36.36	222	411
UniRef90_A0A0C3C8J2	40.00	222	257
UniRef90_A0A093XZK5	36.04	222	453
UniRef90_A0A0F8VFI5	37.56	222	439
UniRef90_Q8LW55	36.96	222	411
UniRef90_Q5B3K6	37.56	222	417
UniRef90_A0A0F7TKA9	35.61	222	416
UniRef90_G9N657	36.87	222	228
UniRef90_C7YX03	37.56	222	255
UniRef90_A0A067P8F4	37.33	222	265
UniRef90_B0DDC7	37.13	222	273
UniRef90_F2TMY8	38.24	222	484
UniRef90_A0A0C3Q0C1	35.93	222	265
UniRef90_A0A0F4YJ26	36.36	222	274
UniRef90_M2NLW0	35.75	222	382
UniRef90_Q75NT2	36.56	222	291
UniRef90_Q0U805	38.54	222	436
UniRef90_A0A094AP62	34.53	222	506
UniRef90_S7PXK8	37.44	222	313
UniRef90_B8M5N4	35.59	222	419
UniRef90_S3DQE8	36.41	222	279
UniRef90_S8FZE1	35.96	222	255
UniRef90_A0A0F4YN33	33.76	222	413
UniRef90_A0A074SFP0	34.00	222	418
UniRef90_A0A067MLB7	37.69	222	284
UniRef90_M3HGZ3	36.05	222	405
UniRef90_Q8NK84	35.32	222	409
UniRef90_W2S9I9	36.09	222	473
UniRef90_A0A067Q877	37.02	222	401
UniRef90_A0A0D2PCB6	35.17	222	399
UniRef90_A0A0C3CTS6	37.45	222	402
UniRef90_A0A0G2JBL3	35.78	222	457
UniRef90_K0KFE7	36.70	222	408
UniRef90_A0A017SC83	35.29	222	417
UniRef90_A0A0D1YGS1	37.62	222	289
UniRef90_Q75BW5	35.29	222	292
UniRef90_C5MIZ4	36.05	222	402
UniRef90_A0A0C3SCP8	37.02	222	411
UniRef90_A0A0C3Q8G5	36.20	222	265
UniRef90_G2R5S9	36.76	222	406
UniRef90_A0A0C3QJ34	35.14	222	265
UniRef90_B0DTA8	37.77	222	396
UniRef90_A0A086SZL4	34.50	222	288
UniRef90_A0A0L9SQV9	35.65	222	264
UniRef90_W7HL41	38.19	222	411
UniRef90_S7QLX6	35.74	222	412
UniRef90_A0A060SKY4	35.74	222	407
UniRef90_A0A0D1XCG4	37.62	222	402
UniRef90_A0A0C3L251	36.36	222	267
UniRef90_A0A0G2HY93	37.96	222	382
UniRef90_A0A0F7STE6	37.37	222	545
UniRef90_H8X941	36.27	222	401
UniRef90_UPI0004410C49	36.17	222	422
UniRef90_M5FXW8	37.02	222	400
UniRef90_Q8J2S3	33.64	222	408
UniRef90_A0A0C9XFB8	36.71	222	267
UniRef90_UPI0004418310	35.37	222	308
UniRef90_A0A0C3QJ37	34.84	222	264
UniRef90_G1X3L8	35.48	222	278
UniRef90_V5G3L7	35.44	222	422
UniRef90_Q75NB1	36.44	222	402
UniRef90_W9C2S2	37.13	222	1142
UniRef90_B8N3Q7	35.47	222	419
UniRef90_A5E348	34.35	222	419
UniRef90_A0A0M5MU05	33.05	222	268
UniRef90_G1UJX5	37.44	222	408
UniRef90_A0A0C2XPM8	33.74	222	284
UniRef90_Q75VA4	34.89	222	408
UniRef90_H0EEG1	38.04	222	300
UniRef90_A0A0H2RTW3	34.47	222	413
UniRef90_A0A061BE25	35.09	222	450
UniRef90_A0A084Q8K6	35.35	222	404
UniRef90_A0A0D6ZYS3	34.32	222	421
UniRef90_J0WU19	36.89	222	377
UniRef90_UPI000440E3EC	33.05	222	417
UniRef90_Q2UKU0	34.48	222	294
UniRef90_A0A0H2R8L3	35.86	222	382
UniRef90_A5AA90	34.31	222	349
UniRef90_Q5DWQ7	33.62	222	407
UniRef90_C1FYW2	35.86	222	426
UniRef90_F8QET5	33.33	222	263
UniRef90_A0A0D1XN29	37.55	222	446
UniRef90_M7XLV2	34.12	222	424
UniRef90_G3ASG0	33.66	222	412
UniRef90_UPI0004449D48	37.78	222	351
UniRef90_UPI00019A2E22	37.72	222	408
UniRef90_A0A067TTP3	34.04	222	415
UniRef90_A0A067P5F9	34.21	222	417
UniRef90_R9XD29	31.50	222	288
UniRef90_A0A0C3MGQ0	35.40	222	445
UniRef90_A0A0C3LXD0	34.23	222	264
UniRef90_G7E3I0	36.44	222	270
UniRef90_C4QZY8	32.84	222	414
UniRef90_C9SK90	32.99	222	412
UniRef90_A1CKM4	32.68	222	427
UniRef90_G3BD46	31.25	222	384
UniRef90_A0A0H5C627	33.79	222	407
UniRef90_A9CQZ0	32.30	222	297
UniRef90_I4YJ36	35.48	222	287
UniRef90_Q4WXZ5	34.80	222	408
UniRef90_A0A0B7FSY1	34.31	222	280
UniRef90_A0A0L6WZA4	37.82	222	430
UniRef90_H0ELH4	43.53	222	304
UniRef90_W6MVQ4	32.73	222	413
UniRef90_M2R197	32.05	222	269
UniRef90_J4H3S4	34.62	222	830
UniRef90_G4TBL7	32.90	222	412
UniRef90_Q5AKB1	33.47	222	413
UniRef90_X8JUV3	33.82	222	278
UniRef90_D8PSB5	35.00	222	311
UniRef90_A0A0D0C603	35.02	222	432
UniRef90_Q7Z869	35.44	222	427
UniRef90_F4S1P0	34.01	222	425
UniRef90_UPI0004409070	32.16	222	304
UniRef90_A0A0D1W086	33.33	222	464
UniRef90_N1JM76	33.97	222	288
UniRef90_D5MTK1	32.76	222	309
UniRef90_K5WBR7	32.27	222	308
UniRef90_V2XB44	34.96	222	315
UniRef90_A0A0C3NXE9	34.35	222	313
UniRef90_Q6BHB1	33.17	222	403
UniRef90_E3L2Y5	32.28	222	424
UniRef90_V9DF33	34.18	222	497
UniRef90_UPI000455DB58	33.33	222	264
UniRef90_A0A0C4F8C2	32.28	222	422
UniRef90_R9AGC1	34.50	222	789
UniRef90_UPI0004623307	31.76	222	401
UniRef90_K5WCC8	34.67	222	277
UniRef90_A0A0D2E3T6	34.88	222	477
UniRef90_K2RKE1	33.05	222	269
UniRef90_M2ZU11	33.94	222	297
UniRef90_Q8J2S2	32.24	222	309
UniRef90_A0A066WB73	34.16	222	333
UniRef90_A0A0G2F2H4	33.33	222	269
UniRef90_A0A090BDD9	31.98	222	421
UniRef90_A0A0D2ABH6	30.58	222	475
UniRef90_S8AL70	31.96	222	278
UniRef90_UPI000440C2D9	32.80	222	301
UniRef90_S8FJF9	31.95	222	312
UniRef90_Q6FP42	32.28	222	433
UniRef90_W9WPB0	33.93	222	481
UniRef90_A0A0D2LED0	30.28	222	311
UniRef90_F7J8B7	32.67	222	307
UniRef90_A0A0D0E7M1	33.62	222	265
UniRef90_A0A0D2CCD1	34.43	222	542
UniRef90_A0A0D2Y289	29.69	222	278
UniRef90_A0A067TQH7	32.52	222	307
UniRef90_B2B5A6	33.33	222	294
UniRef90_A0A0D2IVG1	34.17	222	463
UniRef90_A0A0D2G3B4	32.71	222	530
UniRef90_A0A0L0VK82	31.22	222	420
UniRef90_A0A0L0NSV4	33.66	222	221
UniRef90_A0A0C2WZJ5	31.39	222	304
UniRef90_A0A067Q8D9	32.35	222	306
UniRef90_UPI0004416B6D	31.74	222	305
UniRef90_N1QFT6	31.06	222	318
UniRef90_A3LNT9	31.73	222	362
UniRef90_F9XHP0	32.86	222	316
UniRef90_M3HH02	29.74	222	399
UniRef90_A0A0D7BF24	31.97	222	290
UniRef90_S7RZF5	32.02	222	310
UniRef90_UPI000455EDAF	32.89	222	295
UniRef90_G8JXL0	27.63	222	319
UniRef90_A0A072PQ51	35.47	222	406
UniRef90_Q6L660	32.47	222	306
UniRef90_UPI0004413141	31.37	222	305
UniRef90_A0A060T181	33.64	222	419
UniRef90_A0A0D2CLA5	33.93	222	500
UniRef90_C5JJG2	37.50	222	343
UniRef90_A0A0L0NWV9	34.03	222	344
UniRef90_A0A016Q1U4	31.98	222	279
UniRef90_A0A0C3BQ87	30.67	222	306
UniRef90_A0A0D2L235	32.86	222	539
UniRef90_A0A0C3LIP6	39.62	222	223
UniRef90_W3WTD1	32.18	222	309
UniRef90_A0A0D2ACG4	32.55	222	311
UniRef90_UPI0004412A83	31.84	222	257
UniRef90_A0A0D1X0H0	32.39	222	327
UniRef90_W9XTM9	32.05	222	535
UniRef90_UPI00046224E4	31.28	222	310
UniRef90_B0CRA2	33.48	222	306
UniRef90_A0A0J9XHT2	29.07	222	407
UniRef90_P81296	32.69	222	239
UniRef90_L8GBX1	33.33	222	366
UniRef90_A0A0L6WIT6	32.33	222	302
UniRef90_A0A0D2GV38	32.11	222	321
UniRef90_A0A0G2FUF4	44.54	222	314
UniRef90_A0A074Y9B0	32.14	222	319
UniRef90_A0A0G2FUZ0	31.65	222	314
UniRef90_A0A0C3HYL0	40.87	222	146
UniRef90_J3NXK3	33.02	222	343
UniRef90_W9Y8U4	32.85	222	499
UniRef90_A0A0M0UCG1	30.51	222	286
UniRef90_K2R6E9	32.03	222	331
UniRef90_V2XWM7	29.88	222	316
UniRef90_J4IBD2	31.38	222	315
UniRef90_A0A0D2BY02	33.80	222	323
UniRef90_E3Q4I7	29.67	222	301
UniRef90_UPI000455F947	31.74	222	303
UniRef90_B3A027	30.00	222	308
UniRef90_A0A066X6A4	32.13	222	455
UniRef90_H6C1C3	33.49	222	323
UniRef90_A0A0M8MLC0	31.42	222	326
UniRef90_A0A0C7NEH9	29.77	222	440
UniRef90_G0VCC1	28.76	222	436
UniRef90_W9YZE5	33.33	222	324
UniRef90_A0A0E9KUF7	32.39	222	279
UniRef90_M2RBR4	30.13	222	308
UniRef90_W9X6H4	31.78	222	323
UniRef90_A0A0L8R9T7	28.80	222	433
UniRef90_W0VVL6	28.57	222	427
UniRef90_A0A0C2TWA5	31.02	222	308
UniRef90_K5XL79	28.69	222	308
UniRef90_A0A0F7ZHI2	35.29	222	215
UniRef90_A0A0D2E1K8	33.33	222	323
UniRef90_A5E4N2	27.03	222	316
UniRef90_J7RBG5	30.04	222	437
UniRef90_A0A074XMQ3	31.56	222	319
UniRef90_H2AZC6	28.87	222	424
UniRef90_C4Y9Q5	33.86	222	298
UniRef90_L2FE96	30.66	222	301
UniRef90_A0A0K6G002	35.92	222	211
UniRef90_M5ES13	30.91	222	321
UniRef90_A6P7J5	30.80	222	304
UniRef90_A8QBX5	31.70	222	329
UniRef90_A0A0J9XGP9	27.75	222	411
UniRef90_F8PFL9	33.33	222	289
UniRef90_G8BUK9	28.10	222	440
UniRef90_M2LIF8	31.31	222	322
UniRef90_A0A072PCI6	32.56	222	309
UniRef90_Q5BER3	40.87	222	128
UniRef90_A0A0D0ADJ4	30.70	222	306
UniRef90_E3QJA7	32.13	222	323
UniRef90_A0A0H2S8S9	29.61	222	305
UniRef90_Q02933	28.85	222	434
UniRef90_Q3V5X7	30.83	222	306
UniRef90_A0A0D0B629	33.19	222	266
UniRef90_A0A0A8L3D8	30.87	222	426
UniRef90_A0A0C3CG98	32.35	222	283
UniRef90_G3BB00	27.31	222	311
UniRef90_L7JPJ0	29.88	222	318
UniRef90_A7ETL6	40.00	222	149
UniRef90_M2XLW2	33.18	222	320
UniRef90_A0A086TJ84	44.21	222	103
UniRef90_Q8J2S4	30.18	222	302
UniRef90_K1XA13	30.00	222	327
UniRef90_A0A010QHT1	29.67	222	323
UniRef90_A7TKY8	28.06	222	432
UniRef90_A0A0C3CFJ7	34.81	222	343
UniRef90_A0A090BKI3	29.75	222	425
UniRef90_C5DEU9	27.73	222	434
UniRef90_F8WSJ0	29.58	222	310
UniRef90_C5DXL7	26.77	222	424
UniRef90_H8X744	29.08	222	322
UniRef90_G4MS40	31.72	222	324
UniRef90_A0A0D2GDP9	28.51	222	323
UniRef90_N4VI23	31.94	222	323
UniRef90_M7U4I8	31.85	222	341
UniRef90_G8BIW5	30.10	222	322
UniRef90_C9SXA1	31.55	222	299
UniRef90_Q6CRT6	29.15	222	425
UniRef90_A3LTJ1	31.08	222	321
UniRef90_A0A074X2Z9	32.16	222	322
UniRef90_A0A0D0ADH4	29.39	222	304
UniRef90_R1ERG2	33.73	222	210
UniRef90_H6C1L6	30.91	222	537
UniRef90_A0A0D2AA78	29.53	222	362
UniRef90_W9X096	30.84	222	323
UniRef90_Q7XZV5	33.02	222	229
UniRef90_A0A060SMT3	30.60	222	305
UniRef90_A0A0C3GU09	31.37	222	299
UniRef90_Q7M438	35.87	222	223
UniRef90_S3DYE3	32.43	222	321
UniRef90_A0A0J5PYB0	32.00	222	387
UniRef90_N4VND0	30.05	222	298
UniRef90_I2H9J7	26.19	222	444
UniRef90_J8PH17	27.09	222	434
UniRef90_A0A0G2HTG2	30.65	222	330
UniRef90_R8BBH8	40.00	222	302
UniRef90_UPI0005811868	29.91	222	235
UniRef90_A0A0C9XRC4	33.47	222	249
UniRef90_A0A063C561	27.07	222	325
UniRef90_A0A059BG20	34.20	222	191
UniRef90_UPI0004416C03	27.87	222	290
UniRef90_B9S8X3	31.28	222	226
UniRef90_G0WBB1	24.89	222	466
UniRef90_M7TK74	27.95	222	325
UniRef90_A0A010R9N4	32.28	222	289
UniRef90_Q0TVD1	30.73	222	270
UniRef90_M3JZ20	26.70	222	325
UniRef90_W9CVG2	29.76	222	342
UniRef90_H1VMP1	29.13	222	323
UniRef90_J3MTA2	32.16	222	239
UniRef90_I2JXA4	31.94	222	144
UniRef90_A7E422	32.31	222	362
UniRef90_Q5AFC6	28.24	222	305
UniRef90_A0A0K9NUX2	32.16	222	282
UniRef90_R1E8F6	31.94	222	252
UniRef90_Q0CNS7	30.95	222	372
UniRef90_A0A0G2E337	33.02	222	317
UniRef90_W3XBZ9	31.61	222	345
UniRef90_G8ZMQ5	28.37	222	432
UniRef90_W9YNT9	30.45	222	534
UniRef90_A0A066VUW7	35.09	222	327
UniRef90_A0A0J8C4W3	32.86	222	221
UniRef90_C6SW07	31.82	222	227
UniRef90_W9YH34	32.18	222	321
UniRef90_A0A059BH32	32.12	222	225
UniRef90_A0A0A9GEC9	29.78	222	226
UniRef90_R8BHB7	36.59	222	179
UniRef90_A7EEQ5	30.00	222	339
UniRef90_A0A0F7S287	27.49	222	298
UniRef90_E7A1R9	27.62	222	301
UniRef90_L2FX00	27.71	222	336
UniRef90_A0A0D2VAY0	33.51	222	227
UniRef90_C4YA95	29.44	222	326
UniRef90_C5M2Z3	27.37	222	324
UniRef90_B9HY02	30.93	222	226
UniRef90_W4KMX4	29.74	222	306
UniRef90_A0A059LJ40	27.96	222	244
UniRef90_Q9FEG7	30.77	222	229
UniRef90_B9HI71	31.94	222	227
UniRef90_G3JEC3	29.07	222	328
UniRef90_V7CL33	31.11	222	227
UniRef90_K3YJI1	30.63	222	231
UniRef90_A0A0D2D208	29.82	222	532
UniRef90_I2G0C7	27.78	222	298
UniRef90_A0A066W194	31.14	222	296
UniRef90_A0A0K9RTJ6	31.61	222	211
UniRef90_D3B803	34.43	222	224
UniRef90_Q0KKW4	30.04	222	225
UniRef90_W5BUA4	29.41	222	230
UniRef90_UPI000498F4BB	28.63	222	226
UniRef90_UPI00053C3B44	28.57	222	224
UniRef90_UPI00053C5935	30.81	222	229
UniRef90_I3S414	31.20	222	279
UniRef90_A0A067LAV9	28.70	222	221
UniRef90_M8A5R0	30.14	222	254
UniRef90_E4ZVP0	27.27	222	327
UniRef90_V5E520	27.14	222	297
UniRef90_A0A077REF3	27.31	222	298
UniRef90_A0A022QLC3	30.00	222	238
UniRef90_C5YL90	30.77	222	225
UniRef90_I1I7H0	30.91	222	280
UniRef90_B9IAZ9	31.94	222	268
UniRef90_R4XJP2	36.81	222	270
UniRef90_I1I7H1	31.60	222	196
UniRef90_Q9ZQX1	32.29	222	229
UniRef90_A0A0B7JWK3	28.50	222	323
UniRef90_P08056	100.00	222	238
UniRef90_A0A0K8LLX4	39.91	222	287
UniRef90_A0A0A1MTR5	62.05	222	245
UniRef90_V5FST8	37.93	222	254
UniRef90_A0A0F4YN33	33.76	222	413
UniRef90_A0A0B7KC35	37.93	222	255
UniRef90_A0A068RXU7	54.91	222	254
UniRef90_C5FJ55	34.18	222	396
UniRef90_W6R823	42.24	222	257
UniRef90_E5A4B2	37.18	222	460
UniRef90_M2YJT5	38.03	222	436
UniRef90_A0A094J1T3	38.20	222	501
UniRef90_A0A0A1TRI8	34.20	222	253
UniRef90_K9H918	40.52	222	250
UniRef90_F0XFI3	36.91	222	401
UniRef90_A0A084GCF8	36.48	222	408
UniRef90_A0A074XHX2	37.61	222	412
UniRef90_A0A074WIG1	38.63	222	365
UniRef90_A0A0L1HMJ7	37.18	222	438
UniRef90_A0A0B4H2D9	33.19	222	261
UniRef90_R7Z437	36.48	222	417
UniRef90_R1GU70	36.75	222	408
UniRef90_F9XMX5	38.89	222	404
UniRef90_A0A0L0NDF0	35.19	222	260
UniRef90_A0A094DBZ3	35.62	222	906
UniRef90_A0A094E5M8	38.20	222	529
UniRef90_M3BS50	38.46	222	438
UniRef90_A0A074Y7D5	38.20	222	422
UniRef90_P10281	35.04	222	276
UniRef90_A0A0F0I5D4	35.04	222	285
UniRef90_F5HPQ8	39.32	222	270
UniRef90_F5HPR1	57.59	222	246
UniRef90_R0KL47	37.18	222	416
UniRef90_A0A094AFW5	37.34	222	487
UniRef90_E4UPX4	34.19	222	394
UniRef90_K2R3M2	36.48	222	409
UniRef90_J4UV04	35.47	222	257
UniRef90_A0A0F4GUK4	38.89	222	1055
UniRef90_S7Z911	37.34	222	256
UniRef90_S3D201	39.06	222	515
UniRef90_F2TMY8	35.19	222	484
UniRef90_D4AYS8	33.76	222	412
UniRef90_M2TJG2	36.32	222	411
UniRef90_A0A0N0DAP6	36.75	222	255
UniRef90_A0A0C7CL23	58.93	222	245
UniRef90_A0A0A2LE02	38.79	222	257
UniRef90_G9P160	36.05	222	406
UniRef90_W6Q8J0	34.62	222	418
UniRef90_Q4WRE3	38.25	222	262
UniRef90_M5B0M3	57.59	222	246
UniRef90_G0RLE9	35.34	222	257
UniRef90_G9N657	33.77	222	228
UniRef90_A0A0A1TFB4	34.76	222	388
UniRef90_S2K1V0	51.12	222	252
UniRef90_A1CNG9	38.63	222	261
UniRef90_N1PF45	39.06	222	439
UniRef90_A0A0M8N659	34.20	222	255
UniRef90_M7THX1	33.77	222	507
UniRef90_A0A0F7VBY2	39.22	222	256
UniRef90_A0A0B7JQU7	34.05	222	398
UniRef90_A0A093Z0Z6	36.75	222	549
UniRef90_A0A0H1BC34	34.33	222	446
UniRef90_G0RB57	37.28	222	235
UniRef90_E3S247	38.89	222	407
UniRef90_C5P0L4	36.48	222	411
UniRef90_A0A093XZK5	35.47	222	453
UniRef90_B6GVY8	38.60	222	257
UniRef90_A0A093ZT26	35.90	222	488
UniRef90_A0A0F9XG11	35.96	222	376
UniRef90_P24657	35.78	222	234
UniRef90_A1CKM4	30.60	222	427
UniRef90_A0A094DLW7	37.18	222	487
UniRef90_C4JVH8	33.48	222	411
UniRef90_B8M5N4	35.04	222	419
UniRef90_B8MZ00	34.78	222	312
UniRef90_A0A024SH31	37.28	222	381
UniRef90_A0A068SET3	51.12	222	254
UniRef90_W3WWC1	37.77	222	402
UniRef90_A0A0A2KVU5	38.65	222	267
UniRef90_A0A016Q3M2	38.46	222	255
UniRef90_Q9UVC5	54.91	222	226
UniRef90_A0A0H1BRI0	35.90	222	260
UniRef90_A0A0B7FK01	35.04	222	401
UniRef90_A0A084Q8K6	32.19	222	404
UniRef90_G3J4N2	35.19	222	251
UniRef90_C9SK90	31.33	222	412
UniRef90_A0A0C3Q0C1	35.93	222	265
UniRef90_V5G3L7	33.33	222	422
UniRef90_S7QLX6	35.32	222	412
UniRef90_A0A0D2Y7V6	37.50	222	263
UniRef90_C7YX03	35.34	222	255
UniRef90_Q0CME2	38.99	222	254
UniRef90_M2NLW0	35.19	222	382
UniRef90_K1Y3Y3	38.79	222	386
UniRef90_A0A017SQG9	35.27	222	292
UniRef90_A0A094AP62	32.14	222	506
UniRef90_M1WHK7	34.51	222	251
UniRef90_B0DDC7	37.13	222	273
UniRef90_S8AUU8	34.76	222	405
UniRef90_A0A0A2KC17	36.89	222	274
UniRef90_A0A060SKY4	35.74	222	407
UniRef90_UPI000440E3EC	32.63	222	417
UniRef90_A0A0D1YGS1	34.19	222	289
UniRef90_A0A0F7TKA9	33.76	222	416
UniRef90_A0A0B7KEF8	38.98	222	395
UniRef90_A0A0C3SCP8	36.60	222	411
UniRef90_A0A0C3QJ34	34.48	222	265
UniRef90_A0A067LYD5	38.30	222	272
UniRef90_UPI0004410C49	36.17	222	422
UniRef90_A0A0G2HZ27	35.04	222	259
UniRef90_A0A017SC83	33.05	222	417
UniRef90_A0A0C3H9D6	40.60	222	398
UniRef90_A5AA90	32.76	222	349
UniRef90_Q75VA4	34.04	222	408
UniRef90_A0A0G2JBL3	33.05	222	457
UniRef90_A0A0C3CTS6	37.02	222	402
UniRef90_G9P2L2	36.68	222	262
UniRef90_Q5DWQ7	33.19	222	407
UniRef90_U1FZH9	34.76	222	467
UniRef90_G2YHU2	40.69	222	392
UniRef90_Q8LW55	36.32	222	411
UniRef90_A0A0F8VFI5	35.34	222	439
UniRef90_A0A0D1XCG4	34.19	222	402
UniRef90_M2NLT3	39.47	222	368
UniRef90_F8QET5	33.33	222	263
UniRef90_A0A086SZL4	33.05	222	288
UniRef90_A0A061AND3	36.32	222	431
UniRef90_C1FYW2	32.91	222	426
UniRef90_W4KMR0	36.17	222	407
UniRef90_A0A0L9SQV9	35.62	222	264
UniRef90_S8BXV2	40.00	222	417
UniRef90_W1QF52	37.87	222	402
UniRef90_A0A0H2RTW3	34.04	222	413
UniRef90_A0A067P5F9	32.63	222	417
UniRef90_A0A0G2DXA6	37.66	222	438
UniRef90_Q5B3K6	34.91	222	417
UniRef90_A0A090BD35	49.78	222	354
UniRef90_V5YU73	47.56	222	356
UniRef90_A0A067MC15	37.55	222	404
UniRef90_G1UJX5	37.29	222	408
UniRef90_Q0U805	35.90	222	436
UniRef90_A0A074W5K6	37.77	222	265
UniRef90_A0A074YVA4	36.48	222	265
UniRef90_A0A074SFP0	33.60	222	418
UniRef90_G2Y2L9	37.55	222	289
UniRef90_A0A061BE25	34.89	222	450
UniRef90_Q4WXZ5	32.76	222	408
UniRef90_Q2UKU0	31.90	222	294
UniRef90_UPI00044091ED	34.89	222	404
UniRef90_A0A0C3Q8G5	35.06	222	265
UniRef90_P19791	37.02	222	238
UniRef90_A9CQZ0	32.34	222	297
UniRef90_G2R5S9	35.02	222	406
UniRef90_Q75NT2	36.02	222	291
UniRef90_F5HPR4	46.67	222	351
UniRef90_A0A067Q877	37.02	222	401
UniRef90_Q8NK84	34.89	222	409
UniRef90_A0A0D7BTJ6	35.90	222	401
UniRef90_A0A0D2PCB6	34.75	222	399
UniRef90_Q75NB1	36.02	222	402
UniRef90_A0A074YIV4	35.19	222	265
UniRef90_K5WCC8	32.63	222	277
UniRef90_A0A0F7SVY3	33.47	222	272
UniRef90_B8N3Q7	32.76	222	419
UniRef90_UPI000455EDAF	31.78	222	295
UniRef90_A0A067TTP3	34.04	222	415
UniRef90_V5YVN4	48.66	222	345
UniRef90_A0A0C9XFB8	36.71	222	267
UniRef90_A0A0H5C5M6	37.18	222	407
UniRef90_G1XC95	34.63	222	411
UniRef90_C0NW72	34.33	222	432
UniRef90_S8EET7	39.01	222	294
UniRef90_A0A0F8UN14	37.88	222	263
UniRef90_A0A0C2XAX5	34.47	222	268
UniRef90_A0A0C4F8C2	29.17	222	422
UniRef90_UPI0004417FA7	37.55	222	413
UniRef90_A0A0C2X6H7	34.89	222	270
UniRef90_S3DQE8	35.32	222	279
UniRef90_A0A0C3L251	35.93	222	267
UniRef90_UPI000455DB58	32.77	222	264
UniRef90_A0A0D6ZYS3	34.32	222	421
UniRef90_A6R8C7	33.48	222	393
UniRef90_UPI0004413141	29.39	222	305
UniRef90_B0DTA8	36.60	222	396
UniRef90_E3L2Y5	28.87	222	424
UniRef90_A0A0L0VK82	27.62	222	420
UniRef90_UPI000440C2D9	30.47	222	301
UniRef90_A0A0C3B7T7	37.33	222	396
UniRef90_A0A0H5C627	33.33	222	407
UniRef90_A0A024F951	45.33	222	346
UniRef90_A0A0A2KYS6	36.04	222	306
UniRef90_M2R197	31.62	222	269
UniRef90_A0A0C2XPM8	32.27	222	284
UniRef90_Q8J2S3	32.88	222	408
UniRef90_G4TBL7	30.74	222	412
UniRef90_A0A0D0E7M1	32.34	222	265
UniRef90_A0A067MLB7	35.06	222	284
UniRef90_B6QBL8	36.62	222	254
UniRef90_F5HPR5	45.13	222	347
UniRef90_S8FJF9	30.04	222	312
UniRef90_G8YT11	35.44	222	404
UniRef90_F4S1P0	30.83	222	425
UniRef90_J0WU19	32.92	222	377
UniRef90_A0A0B7FSY1	31.76	222	280
UniRef90_S3CKK7	42.42	222	393
UniRef90_W9C2S2	35.65	222	1142
UniRef90_A0A0F4YJ26	34.91	222	274
UniRef90_Q8J2S4	27.84	222	302
UniRef90_UPI0004409070	30.74	222	304
UniRef90_X8JUV3	31.33	222	278
UniRef90_Q8J2S2	31.03	222	309
UniRef90_B8M3F0	38.89	222	256
UniRef90_A0A0L6WZA4	36.55	222	430
UniRef90_Q5AK94	35.42	222	399
UniRef90_A0A0C3QJ37	33.77	222	264
UniRef90_K0KFE7	35.17	222	408
UniRef90_A0A067TQH7	30.47	222	307
UniRef90_A5DIF5	37.82	222	401
UniRef90_J4H3S4	33.76	222	830
UniRef90_Q6L660	28.74	222	306
UniRef90_S8FZE1	34.27	222	255
UniRef90_A0A0C3LXD0	32.90	222	264
UniRef90_B3A027	29.17	222	308
UniRef90_A5E6C7	34.18	222	260
UniRef90_M7XLV2	32.92	222	424
UniRef90_A0A0D2LED0	30.15	222	311
UniRef90_J4IBD2	28.90	222	315
UniRef90_A0A0C3MGQ0	33.33	222	445
UniRef90_Q6C0C7	35.44	222	290
UniRef90_M5FXW8	36.29	222	400
UniRef90_Q3V5X7	28.86	222	306
UniRef90_G3BD46	30.34	222	384
UniRef90_A6P7J5	28.35	222	304
UniRef90_A0A0C3C8J2	35.19	222	257
UniRef90_D8PSB5	32.82	222	311
UniRef90_U4LF13	35.19	222	258
UniRef90_F7J8B7	32.44	222	307
UniRef90_Q7Z869	34.60	222	427
UniRef90_G1X3L8	33.88	222	278
UniRef90_A0A0C3BQ87	30.42	222	306
UniRef90_UPI0004416B6D	30.60	222	305
UniRef90_W6MVQ4	31.06	222	413
UniRef90_V2XWM7	29.12	222	316
UniRef90_UPI0004560613	37.23	222	267
UniRef90_A0A0D2ACG4	31.03	222	311
UniRef90_A0A0F7S603	37.92	222	274
UniRef90_UPI00046224E4	30.09	222	310
UniRef90_A5E348	33.47	222	419
UniRef90_A0A0D0C603	34.60	222	432
UniRef90_E7A0H7	38.24	222	276
UniRef90_A0A0H2S8S9	26.62	222	305
UniRef90_M2RBR4	29.46	222	308
UniRef90_A0A067P8F4	36.32	222	265
UniRef90_S7RZF5	30.42	222	310
UniRef90_Q6CAV7	36.32	222	406
UniRef90_A0A0C3NXE9	32.92	222	313
UniRef90_A0A0F7STE6	32.90	222	545
UniRef90_K5WBR7	29.77	222	308
UniRef90_V2XB44	33.78	222	315
UniRef90_F8WSJ0	28.24	222	310
UniRef90_W7HL41	35.17	222	411
UniRef90_UPI00044083C9	37.07	222	269
UniRef90_UPI0004623307	33.33	222	401
UniRef90_A0A0D7BF24	30.38	222	290
UniRef90_I4YJ36	30.51	222	287
UniRef90_C4QZY8	30.25	222	414
UniRef90_A0A0C2WZJ5	29.41	222	304
UniRef90_A0A077R8J4	35.51	222	279
UniRef90_M3HGZ3	35.00	222	405
UniRef90_I2G0Y2	38.37	222	276
UniRef90_A0A0D1DYY9	35.86	222	271
UniRef90_A0A090BDD9	31.20	222	421
UniRef90_N1JM76	30.65	222	288
UniRef90_S8AL70	30.04	222	278
UniRef90_D5MTK1	32.62	222	309
UniRef90_A0A0D1XN29	33.46	222	446
UniRef90_B2B5A6	30.45	222	294
UniRef90_G3ASG0	30.42	222	412
UniRef90_W2S9I9	32.40	222	473
UniRef90_V5E5V1	38.08	222	272
UniRef90_Q5AKB1	31.69	222	413
UniRef90_B0CRA2	29.58	222	306
UniRef90_C5MIZ4	34.58	222	402
UniRef90_UPI00019A2E22	35.91	222	408
UniRef90_A0A0L6WIT6	28.74	222	302
UniRef90_A0A0L8R9T7	27.59	222	433
UniRef90_A0A0D0ADJ4	27.73	222	306
UniRef90_A0A0H2R8L3	31.30	222	382
UniRef90_F8PFL9	29.51	222	289
UniRef90_A0A066WRK3	38.03	222	247
UniRef90_L7JPJ0	27.52	222	318
UniRef90_UPI0004416C03	26.09	222	290
UniRef90_R9NZE9	35.83	222	272
UniRef90_A0A067Q8D9	30.68	222	306
UniRef90_A0A0G2HTG2	29.84	222	330
UniRef90_W3VVI2	36.29	222	265
UniRef90_K1XA13	27.41	222	327
UniRef90_Q02933	27.00	222	434
UniRef90_K5XL79	27.67	222	308
UniRef90_L8GBX1	30.90	222	366
UniRef90_A0A0M0UCG1	29.63	222	286
UniRef90_A0A0B7NJB1	47.87	222	1556
UniRef90_A0A0A1N0H5	56.02	222	634
UniRef90_J8PH17	25.38	222	434
UniRef90_A0A060SMT3	29.17	222	305
UniRef90_S7PXK8	36.32	222	313
UniRef90_H8X941	33.03	222	401
UniRef90_A0A0C2TWA5	31.25	222	308
UniRef90_J3NXK3	30.16	222	343
UniRef90_A0A0D1W086	29.23	222	464
UniRef90_W0VVL6	26.30	222	427
UniRef90_H0EEG1	36.15	222	300
UniRef90_A0A0G2HY93	36.97	222	382
UniRef90_A0A0D2GV38	29.96	222	321
UniRef90_UPI0004412A83	28.23	222	257
UniRef90_A0A0D2IVG1	33.18	222	463
UniRef90_M3HH02	29.29	222	399
UniRef90_W3WTD1	30.13	222	309
UniRef90_V9DF33	33.47	222	497
UniRef90_W9XTM9	30.58	222	535
UniRef90_W9YZE5	29.26	222	324
UniRef90_A0A0D2E3T6	34.08	222	477
UniRef90_K2RKE1	32.92	222	269
UniRef90_Q6BHB1	30.08	222	403
UniRef90_A0A0D0ADH4	26.09	222	304
UniRef90_P81296	30.51	222	239
UniRef90_UPI000455F947	27.59	222	303
UniRef90_Q6FP42	31.23	222	433
UniRef90_C5DEU9	26.30	222	434
UniRef90_N4VI23	27.91	222	323
UniRef90_K2R6E9	29.66	222	331
UniRef90_A0A0G2F2H4	32.50	222	269
UniRef90_E3Q4I7	29.46	222	301
UniRef90_A3LNT9	29.24	222	362
UniRef90_A0A0J9XHT2	29.31	222	407
UniRef90_L2FX00	27.38	222	336
UniRef90_A0A0D2BY02	29.63	222	323
UniRef90_S3DYE3	29.30	222	321
UniRef90_A7TKY8	26.69	222	432
UniRef90_W9X6H4	28.78	222	323
UniRef90_W4KMX4	26.95	222	306
UniRef90_C4Y9Q5	27.99	222	298
UniRef90_A0A0D2GDP9	27.34	222	323
UniRef90_A0A0G2FUZ0	29.80	222	314
UniRef90_A0A0B1PF16	39.02	222	207
UniRef90_H6C1C3	28.89	222	323
UniRef90_W9WPB0	27.76	222	481
UniRef90_A0A074X2Z9	28.93	222	322
UniRef90_A0A0D0B629	32.22	222	266
UniRef90_M2ZU11	29.39	222	297
UniRef90_A0A0C3GU09	29.29	222	299
UniRef90_A0A090BKI3	28.24	222	425
UniRef90_A0A010QHT1	26.92	222	323
UniRef90_Q6CRT6	29.50	222	425
UniRef90_C5DXL7	27.14	222	424
UniRef90_H1VMP1	28.12	222	323
UniRef90_A0A074Y9B0	28.93	222	319
UniRef90_A0A074XMQ3	29.29	222	319
UniRef90_M5ES13	29.50	222	321
UniRef90_A0A0D2G3B4	32.26	222	530
UniRef90_A0A0F4YRL7	26.87	222	329
UniRef90_A0A0D2E1K8	29.26	222	323
UniRef90_G8ZMQ5	26.30	222	432
UniRef90_A0A0C7NEH9	29.04	222	440
UniRef90_I2H9J7	24.36	222	444
UniRef90_UPI0004418310	34.75	222	308
UniRef90_A0A066WB73	33.50	222	333
UniRef90_M2LIF8	27.74	222	322
UniRef90_N4VND0	27.80	222	298
UniRef90_W3XBZ9	27.21	222	345
UniRef90_G8JXL0	25.94	222	319
UniRef90_G4MS40	29.75	222	324
UniRef90_G0VCC1	27.48	222	436
UniRef90_A0A072PCI6	28.79	222	309
UniRef90_A0A063C561	27.41	222	325
UniRef90_A0A0M8MLC0	26.86	222	326
UniRef90_C5JJG2	33.70	222	343
UniRef90_A5E4N2	25.10	222	316
UniRef90_A0A0D2CLA5	29.93	222	500
UniRef90_A8QBX5	27.89	222	329
UniRef90_A0A0D1X0H0	28.73	222	327
UniRef90_A0A0A8L3D8	29.66	222	426
UniRef90_A0A066X6A4	30.71	222	455
UniRef90_V5E520	25.29	222	297
UniRef90_A0A0D2ABH6	26.81	222	475
UniRef90_A0A0D2AA78	29.17	222	362
UniRef90_W9YH34	27.24	222	321
UniRef90_F9XHP0	29.04	222	316
UniRef90_G9MTQ8	26.33	222	322
UniRef90_A0A0C3CFJ7	34.07	222	343
UniRef90_N1QFT6	30.07	222	318
UniRef90_A0A016Q1U4	29.33	222	279
UniRef90_A0A0D2CCD1	32.86	222	542
UniRef90_A0A060T181	32.07	222	419
UniRef90_A0A0A1TBC6	24.81	222	327
UniRef90_E3QJA7	30.16	222	323
UniRef90_I2G0C7	25.39	222	298
UniRef90_W9Y8U4	31.70	222	499
UniRef90_W9X096	28.04	222	323
UniRef90_A0A0J9XGP9	27.16	222	411
UniRef90_A0A0C3CG98	29.86	222	283
UniRef90_A0A0M5MU05	31.49	222	268
UniRef90_A0A0D1DY74	24.22	222	297
UniRef90_M7TK74	26.57	222	325
UniRef90_A3LTJ1	24.34	222	321
UniRef90_A7EEQ5	28.97	222	339
UniRef90_A0A0D2L235	30.84	222	539
UniRef90_A0A0E9KUF7	31.34	222	279
UniRef90_A0A072PQ51	28.33	222	406
UniRef90_H6C1L6	26.13	222	537
UniRef90_G3JEC3	27.56	222	328
UniRef90_H2AZC6	28.24	222	424
UniRef90_G8BIW5	25.10	222	322
UniRef90_C9SXA1	29.05	222	299
UniRef90_A0A0L0NSV4	29.15	222	221
UniRef90_H8X744	25.67	222	322
UniRef90_A0A024S067	25.97	222	322
UniRef90_A0A0G2E337	29.65	222	317
UniRef90_A0A0D2Y289	29.02	222	278
UniRef90_R0KHZ7	26.45	222	328
UniRef90_UPI0004561BCE	24.80	222	285
UniRef90_A0A077REF3	25.78	222	298
UniRef90_M2XLW2	27.94	222	320
UniRef90_J7RBG5	27.72	222	437
UniRef90_L2FE96	28.75	222	301
UniRef90_G9P3W3	25.19	222	322
UniRef90_Q75BW5	32.16	222	292
UniRef90_M2T1X6	26.16	222	328
UniRef90_G0WBB1	24.35	222	466
UniRef90_A0A0F7ZHI2	29.57	222	215
UniRef90_R9PHM0	25.00	222	305
UniRef90_M7U4I8	30.20	222	341
UniRef90_A0A0M9VSU1	23.18	222	334
UniRef90_UPI0004449D48	37.23	222	351
UniRef90_R9AGC1	33.50	222	789
UniRef90_R9XD29	30.31	222	288
UniRef90_E3RDX2	25.35	222	326
UniRef90_W2RMX1	25.87	222	325
UniRef90_W9CVG2	28.24	222	342
UniRef90_A0A0F7S287	26.17	222	298
UniRef90_E4ZVP0	25.37	222	327
UniRef90_C4YA95	25.09	222	326
UniRef90_E7A1R9	25.39	222	301
UniRef90_A0A0D6EFQ4	28.00	222	473
UniRef90_W9YNT9	29.83	222	534
UniRef90_G8BUK9	25.81	222	440
UniRef90_A0A0B7JWK3	26.95	222	323
UniRef90_K1X4S6	28.19	222	406
UniRef90_A0A0L0NWV9	31.75	222	344
UniRef90_A0A0C7BXE7	58.28	222	191
UniRef90_A0A0D2D208	29.87	222	532
UniRef90_G7E3I0	35.42	222	270
UniRef90_A0A0A2W0S5	24.01	222	349
UniRef90_A0A084QUW8	25.88	222	323
UniRef90_Q0CNS7	28.43	222	372
UniRef90_A0A0J5PYB0	30.94	222	387
UniRef90_A0A0L6VDN5	23.28	222	393
UniRef90_E9DSZ4	25.00	222	310
UniRef90_G3BB00	26.84	222	311
UniRef90_A0A0D2AY46	28.34	222	568
UniRef90_Q0TVD1	29.09	222	270
UniRef90_A0A066W194	28.51	222	296
UniRef90_A0A0L0NGX9	25.69	222	318
UniRef90_A0A0L0HJJ8	38.33	222	258
UniRef90_A0A0N1HUK0	25.74	222	309
UniRef90_A0A0C3LIP6	38.69	222	223
UniRef90_F2SQA7	24.14	222	341
UniRef90_H0ELH4	43.02	222	304
UniRef90_UPI000498F4BB	27.68	222	226
UniRef90_A0A0C9XRC4	30.86	222	249
UniRef90_R1E8F6	30.48	222	252
UniRef90_UPI0002C36FED	28.12	222	229
UniRef90_D7TN77	27.80	222	226
UniRef90_C6SZF6	26.34	222	226
UniRef90_UPI0005CAEAA1	27.78	222	252
UniRef90_Q9FQL6	27.80	222	227
UniRef90_Q5AFC6	22.41	222	305
UniRef90_UPI00053C5935	27.80	222	229
UniRef90_A0A010R9N4	27.19	222	289
UniRef90_A0A061EB84	28.25	222	227
UniRef90_B9S8X3	30.36	222	226
UniRef90_A0A068TVM9	26.36	222	231
UniRef90_W9RD80	27.43	222	228
UniRef90_G7KFA7	26.01	222	227
UniRef90_A0A067LAV9	28.00	222	221
UniRef90_UPI0004E55552	28.51	222	224
UniRef90_B9HI72	25.45	222	227
UniRef90_UPI00052E9FF1	25.78	222	248
UniRef90_A0A067L9R7	27.23	222	226
UniRef90_UPI00053C3B44	27.68	222	224
UniRef90_M0SJW3	27.60	222	264
UniRef90_A0A086TEL5	22.83	222	306
UniRef90_C6SW07	29.33	222	227
UniRef90_O24279	27.23	222	227
UniRef90_A0A068TVR7	28.00	222	236
UniRef90_A0A0B2PSX8	27.56	222	227
UniRef90_UPI00032A5D70	26.36	222	230
UniRef90_K3YJI1	30.77	222	231
UniRef90_Q7XZV5	29.86	222	229
UniRef90_G7KFA1	27.03	222	228
