UniRef90_Q53547	100.00	218	218
UniRef90_U1TID7	94.04	218	218
UniRef90_J0PKR5	93.12	218	218
UniRef90_M4JYT1	92.17	218	218
UniRef90_A0A031IZU6	90.37	218	218
UniRef90_V9QQQ7	90.37	218	218
UniRef90_A0A0J8G202	90.78	218	218
UniRef90_UPI00054B9D1A	88.48	218	218
UniRef90_UPI00034BC20A	88.02	218	218
UniRef90_A0A010RR42	86.18	218	218
UniRef90_A0A075P761	85.78	218	218
UniRef90_A0A0J6H521	84.40	218	218
UniRef90_J2FHW8	83.87	218	218
UniRef90_A0A0J6IRS8	83.94	218	218
UniRef90_A0A0J6J4I3	83.87	218	218
UniRef90_K9NNJ1	82.03	218	218
UniRef90_Q4VYG8	81.57	218	218
UniRef90_A0A0C2EGD9	82.95	218	218
UniRef90_A0A0J6GMH8	81.19	218	218
UniRef90_UPI0006D7FC99	82.11	218	218
UniRef90_K0WF61	82.49	218	218
UniRef90_UPI000483F2E1	81.57	218	218
UniRef90_J2YWH4	81.57	218	218
UniRef90_UPI0002D27AC8	81.65	218	218
UniRef90_U6ZXR1	81.11	218	218
UniRef90_S6I0R0	82.57	218	218
UniRef90_J2MKD7	79.26	218	218
UniRef90_UPI000303E34D	79.72	218	218
UniRef90_M5QLQ5	83.03	218	218
UniRef90_UPI0004239CB7	76.04	218	218
UniRef90_W0MZK4	74.31	218	219
UniRef90_F3JVW2	75.23	218	219
UniRef90_A0A098SXT9	76.50	218	218
UniRef90_A0A0N0EHQ7	74.77	218	219
UniRef90_Q48MH5	74.77	218	219
UniRef90_A0A077LAK5	75.23	218	218
UniRef90_A0A085V4E7	75.12	218	218
UniRef90_A0A085VER6	74.19	218	218
UniRef90_UPI000702AC03	76.04	218	218
UniRef90_UPI0005A650DE	76.50	218	218
UniRef90_A0A067A5A8	75.58	218	218
UniRef90_W0H4Q1	73.39	218	219
UniRef90_F3HSU4	73.39	218	219
UniRef90_A0A089YLL8	73.27	218	218
UniRef90_A0A098FSD2	73.39	218	223
UniRef90_L1LRL3	74.65	218	218
UniRef90_UPI00041154BB	73.27	218	218
UniRef90_A0A0F0FAG7	73.73	218	218
UniRef90_Q4ZXJ5	70.64	218	219
UniRef90_A4VIS2	72.02	218	218
UniRef90_I7AAN3	71.10	218	218
UniRef90_A0A0A1YLC3	70.64	218	219
UniRef90_K5XHS4	69.72	218	218
UniRef90_UPI00039CB92C	71.43	218	218
UniRef90_H7F1P6	70.18	218	218
UniRef90_A0A0D1PDQ6	72.02	218	219
UniRef90_UPI00025566F3	69.27	218	222
UniRef90_A0A0D0IVX5	71.43	218	217
UniRef90_F6ABF3	71.43	218	217
UniRef90_UPI0004825826	69.59	218	218
UniRef90_A0A089WLW3	70.97	218	218
UniRef90_Q1I578	70.97	218	218
UniRef90_L0GQS3	70.05	218	218
UniRef90_A0A0D6S5V5	69.12	218	219
UniRef90_UPI0005B9DE6A	69.27	218	219
UniRef90_A0A078LXQ1	69.72	218	218
UniRef90_W9SZC1	70.70	218	219
UniRef90_A0A0B5CG51	68.35	218	218
UniRef90_A0A023WVW6	70.51	218	218
UniRef90_A0A061JNS3	69.72	218	219
UniRef90_UPI000441DD76	69.59	218	218
UniRef90_UPI00041E75E2	71.43	218	191
UniRef90_W8R4W9	69.12	218	218
UniRef90_U3HTL1	68.35	218	218
UniRef90_A0A0A1GJI4	69.12	218	218
UniRef90_UPI0003FAF5A6	67.74	218	218
UniRef90_UPI0004896A7D	66.06	218	218
UniRef90_UPI000421DF45	67.28	218	218
UniRef90_U2ZMB3	65.90	218	219
UniRef90_I4N1I9	67.28	218	218
UniRef90_A4XY93	65.60	218	219
UniRef90_S6AD34	66.36	218	219
UniRef90_A0A0C4WSA6	67.58	218	219
UniRef90_A0A0B2D8N3	66.51	218	219
UniRef90_L8MEL5	65.44	218	219
UniRef90_C1DPC7	65.75	218	219
UniRef90_W6QSY5	62.84	218	219
UniRef90_A0A024HBB5	63.13	218	217
UniRef90_UPI00058EA0FE	63.76	218	218
UniRef90_W5IYA2	62.67	218	217
UniRef90_U3HAT7	68.72	218	197
UniRef90_M4WZW3	62.21	218	217
UniRef90_A0A0F6UA41	64.06	218	215
UniRef90_A0A0F0DTF4	59.45	218	217
UniRef90_N2JBL3	62.33	218	219
UniRef90_UPI000405BC1F	57.34	218	225
UniRef90_A0A0K1X019	57.99	218	217
UniRef90_UPI0003B5DDCF	58.88	218	220
UniRef90_H0JGP7	59.45	218	214
UniRef90_UPI0003A09175	57.53	218	218
UniRef90_F3FL72	67.28	218	165
UniRef90_A0A031M5P3	54.59	218	219
UniRef90_A0A0F9XA11	54.84	218	220
UniRef90_A0A0L6FY83	67.26	218	169
UniRef90_A0A078M014	54.55	218	219
UniRef90_A0A0F9UUI3	53.24	218	220
UniRef90_L8XU05	49.77	218	223
UniRef90_A0A060B2P9	47.98	218	221
UniRef90_UPI00035C3AD3	47.30	218	221
UniRef90_UPI000651E062	49.77	218	221
UniRef90_UPI00047FB1FF	47.53	218	222
UniRef90_Q1QYJ5	49.55	218	225
UniRef90_T2LA35	46.43	218	221
UniRef90_UPI0004876457	46.40	218	221
UniRef90_A0A086D5H0	48.85	218	221
UniRef90_UPI00058E00F0	48.15	218	222
UniRef90_F3CBZ4	76.23	218	122
UniRef90_A0A0J1GVB2	46.05	218	220
UniRef90_U7P366	47.75	218	222
UniRef90_UPI000288FF86	47.30	218	221
UniRef90_E1V5G8	47.69	218	221
UniRef90_L0WFT2	47.64	218	220
UniRef90_S2KPG4	47.30	218	223
UniRef90_W1N7T9	45.21	218	222
UniRef90_A0A0F4QKK9	45.87	218	220
UniRef90_A0A063Y6P9	47.49	218	219
UniRef90_B8KTE0	46.38	218	219
UniRef90_UPI00036D19DC	45.58	218	222
UniRef90_Q2SLL2	45.67	218	226
UniRef90_UPI0004DB6DD2	45.66	218	220
UniRef90_UPI000429903A	47.66	218	219
UniRef90_UPI0004818C76	45.00	218	222
UniRef90_W9UZA2	45.33	218	219
UniRef90_A3WIK1	45.45	218	216
UniRef90_UPI000566EECD	45.19	218	220
UniRef90_A0A098RHL5	46.54	218	222
UniRef90_S9ZIF5	51.43	218	229
UniRef90_UPI0002D5B8A1	44.75	218	218
UniRef90_UPI000556F87A	48.33	218	213
UniRef90_UPI0006D0CD16	46.34	218	218
UniRef90_UPI000404B150	44.60	218	225
UniRef90_UPI0005678CBB	42.33	218	220
UniRef90_Q5QZV4	44.76	218	216
UniRef90_I2JFP6	47.85	218	219
UniRef90_UPI0005BBE494	44.84	218	223
UniRef90_A0YFQ8	45.19	218	219
UniRef90_UPI000363C20C	45.75	218	222
UniRef90_A0A0C5WLJ4	43.44	218	220
UniRef90_A0A099LE62	45.28	218	220
UniRef90_A0A0A2HYZ1	45.93	218	225
UniRef90_F2PDJ9	44.65	218	219
UniRef90_UPI00036C24F9	47.20	218	231
UniRef90_K6YVR2	46.05	218	223
UniRef90_UPI00046A95D3	47.44	218	227
UniRef90_E8RC82	46.23	218	220
UniRef90_UPI000362B680	48.36	218	225
UniRef90_UPI000566EFC5	46.60	218	231
UniRef90_A0A094NWA0	46.98	218	227
UniRef90_UPI0004019A68	44.66	218	220
UniRef90_A0A097H3J7	44.02	218	223
UniRef90_K4KP94	45.66	218	220
UniRef90_R9PRR3	42.79	218	217
UniRef90_UPI00048EB44B	43.93	218	213
UniRef90_A0A0F9VMM7	44.34	218	221
UniRef90_A4AAV8	45.24	218	219
UniRef90_A0A0E0Y735	44.69	218	223
UniRef90_UPI000308B251	44.13	218	218
UniRef90_A0A0F7M464	46.95	218	219
UniRef90_H2FZ38	45.21	218	219
UniRef90_A0A090QIX6	42.20	218	220
UniRef90_U4KAY5	43.40	218	218
UniRef90_A0A0D8PRB4	43.66	218	219
UniRef90_N6W1U0	43.40	218	223
UniRef90_A0A0J1HET2	42.99	218	220
UniRef90_A0A0B7JIW2	43.19	218	222
UniRef90_UPI0003820BC7	42.72	218	220
UniRef90_B8KJL1	45.81	218	221
UniRef90_UPI0004A6FE19	42.86	218	224
UniRef90_UPI00037C4499	42.45	218	221
UniRef90_UPI00040AA981	46.60	218	220
UniRef90_UPI00048AF66F	44.04	218	223
UniRef90_F7S1C2	44.71	218	219
UniRef90_W6M4X7	43.98	218	227
UniRef90_G8QJ87	48.79	218	222
UniRef90_T1CF47	48.06	218	228
UniRef90_UPI00052F039A	44.50	218	224
UniRef90_N6Z405	48.29	218	224
UniRef90_UPI00050950D3	44.05	218	223
UniRef90_A0A066UJR5	43.63	218	228
UniRef90_UPI000489DFEE	45.71	218	225
UniRef90_A0A084ILZ5	45.91	218	239
UniRef90_F6D9H2	43.72	218	229
UniRef90_UPI0005561117	45.33	218	228
UniRef90_UPI0005C8E42B	44.08	218	219
UniRef90_UPI0002D390C0	43.19	218	219
UniRef90_UPI00068CBD48	41.67	218	213
UniRef90_A0A094IK22	43.40	218	218
UniRef90_UPI0004134D4D	44.65	218	224
UniRef90_R8B1U4	46.00	218	219
UniRef90_UPI00034D4F50	42.13	218	221
UniRef90_UPI00048DD969	42.66	218	223
UniRef90_A0A066RPW4	41.51	218	221
UniRef90_A1SXW2	42.92	218	221
UniRef90_UPI0004892957	45.15	218	220
UniRef90_F6D0C4	45.87	218	222
UniRef90_UPI0006B4C565	43.98	218	222
UniRef90_UPI000408FC07	43.50	218	219
UniRef90_UPI000262CEC2	42.53	218	227
UniRef90_UPI00040F1CBF	43.13	218	220
UniRef90_A0A0F5VE13	42.45	218	222
UniRef90_A0A0H4RL26	43.64	218	219
UniRef90_UPI0003B77557	43.87	218	220
UniRef90_UPI0003F7F6BD	48.33	218	224
UniRef90_UPI0003FA77D4	42.99	218	227
UniRef90_W0DT97	43.60	218	223
UniRef90_UPI000702B9CE	43.19	218	228
UniRef90_UPI00040FDCBA	42.92	218	220
UniRef90_L7XC53	43.06	218	223
UniRef90_A0A0K6H9I4	43.96	218	217
UniRef90_Q6LKG0	41.31	218	221
UniRef90_Q2C8F7	42.72	218	219
UniRef90_W6M6G7	42.53	218	227
UniRef90_A0A090AEP7	40.64	218	220
UniRef90_UPI0005A1DB75	45.19	218	231
UniRef90_UPI0006690AD3	43.14	218	222
UniRef90_UPI00037C5D69	46.53	218	223
UniRef90_UPI0006FA4CC8	43.78	218	216
UniRef90_I3I9W2	43.75	218	223
UniRef90_Z5XLV0	47.83	218	218
UniRef90_A0A0D8CXT7	43.14	218	219
UniRef90_UPI0004812660	44.00	218	219
UniRef90_UPI00067ED74E	44.19	218	223
UniRef90_A0A075NVE0	45.93	218	222
UniRef90_F2G2U0	42.22	218	223
UniRef90_A0A0M5TIY5	44.23	218	223
UniRef90_UPI0004836F3E	43.78	218	225
UniRef90_I3CH99	43.26	218	220
UniRef90_UPI00056E4497	42.65	218	228
UniRef90_UPI000465699B	44.34	218	221
UniRef90_Q47AZ3	46.26	218	228
UniRef90_UPI00067387A8	45.19	218	229
UniRef90_X7E233	42.40	218	222
UniRef90_UPI0003FD9C26	41.74	218	216
UniRef90_L2F5Z8	44.02	218	222
UniRef90_UPI0003FE3D7A	41.95	218	226
UniRef90_A3QEV4	42.20	218	224
UniRef90_Q1QA93	42.79	218	223
UniRef90_UPI0004182104	42.58	218	223
UniRef90_UPI0003B54DA4	42.29	218	224
UniRef90_T1DBK5	44.50	218	231
UniRef90_A0A099LE03	46.57	218	218
UniRef90_UPI000491AA05	44.34	218	221
UniRef90_UPI00066FE206	41.31	218	222
UniRef90_F3KBI7	41.98	218	220
UniRef90_H8W4K0	40.85	218	222
UniRef90_W1Z6B1	46.08	218	218
UniRef90_G7ED11	46.38	218	218
UniRef90_UPI0006C8158C	40.83	218	219
UniRef90_UPI000469104B	43.12	218	223
UniRef90_A0A0F2P8T2	45.45	218	220
UniRef90_UPI000367F976	43.87	218	227
UniRef90_N6YLB3	45.00	218	228
UniRef90_UPI0003FBD225	41.47	218	228
UniRef90_B3R9T9	44.50	218	230
UniRef90_F5ZFM3	42.99	218	218
UniRef90_UPI0004A6C335	40.74	218	226
UniRef90_U7GFJ1	41.95	218	222
UniRef90_UPI000486196C	43.00	218	219
UniRef90_UPI00037113AF	42.13	218	224
UniRef90_A0A0J7J8W0	43.27	218	219
UniRef90_E8UET0	40.54	218	220
UniRef90_UPI0004A71A6D	40.00	218	220
UniRef90_A0A095SNI1	43.06	218	219
UniRef90_Q2BH67	42.20	218	225
UniRef90_K6YN06	44.24	218	223
UniRef90_Q21KK3	44.00	218	231
UniRef90_UPI00040F9643	39.63	218	220
UniRef90_A6W1V4	44.25	218	222
UniRef90_UPI0003FE6247	48.00	218	221
UniRef90_A0A0F2NI20	43.00	218	219
UniRef90_UPI0006EC14CB	41.12	218	218
UniRef90_N6YS96	42.92	218	238
UniRef90_UPI0006467C71	41.63	218	219
UniRef90_Q15Z12	43.52	218	223
UniRef90_UPI0005C1CAF6	42.52	218	214
UniRef90_G4QF19	41.96	218	223
UniRef90_K0CCY2	42.18	218	216
UniRef90_UPI000375384E	43.75	218	223
UniRef90_A6EVV5	43.00	218	219
UniRef90_A0A0F0FG49	44.61	218	228
UniRef90_A0A0B4XV17	45.89	218	222
UniRef90_V4IM73	40.80	218	220
UniRef90_UPI0006F87F3E	42.72	218	223
UniRef90_U7FJB9	41.98	218	220
UniRef90_Q12MA6	42.92	218	234
UniRef90_S6CED7	44.70	218	216
UniRef90_Q0VNA5	42.92	218	222
UniRef90_D5CMD6	41.89	218	229
UniRef90_A0A094IT80	40.19	218	220
UniRef90_UPI000490AB98	40.93	218	216
UniRef90_UPI00048DC88F	42.31	218	222
UniRef90_A0A0H4UYI0	40.64	218	225
UniRef90_V4JHL4	40.74	218	226
UniRef90_UPI0006D66622	42.27	218	226
UniRef90_UPI00040E237D	42.06	218	223
UniRef90_UPI00037E0994	40.47	218	222
UniRef90_K2EDQ4	47.34	218	375
UniRef90_A0A0K0XX75	46.67	218	215
UniRef90_Q081A9	41.12	218	222
UniRef90_UPI0005867F02	41.29	218	222
UniRef90_A0A0F4QJN7	43.58	218	217
UniRef90_W1S1V1	43.27	218	222
UniRef90_UPI0003FEC581	41.12	218	226
UniRef90_N6YFS3	46.27	218	238
UniRef90_B8E6Z1	43.58	218	223
UniRef90_UPI0005908612	41.83	218	212
UniRef90_Q3IEV9	45.59	218	223
UniRef90_A0A0N0M006	44.29	218	218
UniRef90_U4T491	41.15	218	223
UniRef90_A0A0E9M8A2	43.06	218	223
UniRef90_K0C9C2	41.67	218	223
UniRef90_C4ZIN9	42.33	218	231
UniRef90_UPI0003B7147E	47.26	218	220
UniRef90_A6GUH3	40.09	218	221
UniRef90_UPI00055D7841	45.10	218	228
UniRef90_A8H3U2	44.39	218	226
UniRef90_Q0EZS0	44.23	218	227
UniRef90_W0SHS1	43.63	218	225
UniRef90_K1ZIH0	42.11	218	224
UniRef90_B8CPJ6	42.01	218	223
UniRef90_C8PZN7	43.84	218	222
UniRef90_A8FWQ4	42.20	218	223
UniRef90_K2JAU5	41.86	218	227
UniRef90_A0A0C5IZF8	44.81	218	219
UniRef90_A0A095TD95	43.40	218	219
UniRef90_V2GAF7	44.04	218	239
UniRef90_UPI0003749096	45.59	218	227
UniRef90_A0A0C4YM61	44.61	218	228
UniRef90_UPI000372CC46	43.35	218	220
UniRef90_F5SMS5	41.83	218	222
UniRef90_A4Y7V0	43.46	218	223
UniRef90_A0A072N561	42.31	218	219
UniRef90_UPI0005CAE337	41.67	218	221
UniRef90_A0A099KJW7	43.12	218	225
UniRef90_B4X5K5	41.51	218	221
UniRef90_UPI000364830D	41.74	218	224
UniRef90_K2B0S5	42.38	218	229
UniRef90_H8L265	42.65	218	221
UniRef90_F2K1V3	42.71	218	221
UniRef90_A4CFD7	41.67	218	218
UniRef90_F7RPJ4	43.93	218	223
UniRef90_A0A0F6TP39	40.65	218	226
UniRef90_UPI00039D474F	41.35	218	230
UniRef90_U1L0K4	41.74	218	218
UniRef90_A7C2M6	42.21	218	214
UniRef90_A0A0A0M619	44.66	218	224
UniRef90_U5T3Z3	42.03	218	224
UniRef90_U2EQI0	41.36	218	219
UniRef90_I9BUI3	42.79	218	227
UniRef90_UPI00068B19F6	39.91	218	227
UniRef90_Q1GZE0	43.63	218	222
UniRef90_A0A099KZ11	42.01	218	224
UniRef90_UPI0003789887	42.20	218	218
UniRef90_UPI000693EE11	42.23	218	232
UniRef90_UPI000418C16C	44.02	218	229
UniRef90_A0A0F9NWX8	41.75	218	221
UniRef90_UPI000701DFED	44.39	218	232
UniRef90_UPI00048EECF9	43.93	218	226
UniRef90_D9SJG9	43.41	218	221
UniRef90_A0A0K6IQT3	39.19	218	221
UniRef90_B0TJF3	42.20	218	226
UniRef90_UPI00040379EE	42.99	218	222
UniRef90_UPI000364C04F	39.51	218	223
UniRef90_A0A031H7P4	42.16	218	219
UniRef90_UPI000423B03F	43.41	218	227
UniRef90_UPI00040CC437	43.40	218	218
UniRef90_F7NYJ9	41.78	218	223
UniRef90_G4T2H0	40.67	218	227
UniRef90_UPI000466F86B	40.55	218	217
UniRef90_UPI00036CD10D	38.53	218	222
UniRef90_UPI00048FD8A9	43.06	218	223
UniRef90_R4V4X2	42.16	218	223
UniRef90_A0A0F6AFK2	44.66	218	217
UniRef90_Q8EFH3	43.12	218	221
UniRef90_B2FI09	41.67	218	219
UniRef90_A5WE26	42.65	218	221
UniRef90_E6WPD1	44.66	218	220
UniRef90_Q31EI5	39.81	218	225
UniRef90_M7CXB1	40.80	218	222
UniRef90_A0A0K2JSM9	41.12	218	222
UniRef90_UPI0004674308	44.12	218	221
UniRef90_D2UFA6	41.18	218	221
UniRef90_A0A0A7ECS3	39.82	218	218
UniRef90_B0TW05	41.10	218	222
UniRef90_UPI000688BC48	42.13	218	216
UniRef90_A0A0K0STC8	42.00	218	214
UniRef90_A8PN35	41.47	218	223
UniRef90_D4ZLM1	41.74	218	223
UniRef90_G3CRE6	42.03	218	230
UniRef90_A0A095ZAQ6	42.33	218	227
UniRef90_A0A0D0JJU8	42.86	218	219
UniRef90_U1KJ39	43.20	218	217
UniRef90_A3YI27	39.55	218	224
UniRef90_G3IRM9	41.51	218	223
UniRef90_A1S771	41.74	218	226
UniRef90_UPI0006481819	40.91	218	218
UniRef90_A0A0E3Z0E9	42.86	218	221
UniRef90_A0A0F4PPI3	40.87	218	213
UniRef90_UPI00054F33D4	43.26	218	223
UniRef90_A0A0F9BS78	42.86	218	215
UniRef90_A6FA27	39.22	218	224
UniRef90_Q1N1D7	38.16	218	218
UniRef90_K2BQS6	40.85	218	226
UniRef90_Q83AC9	38.99	218	236
UniRef90_A0A011PZA1	42.65	218	234
UniRef90_A0A0F4QYL0	39.91	218	224
UniRef90_UPI0004D033A1	44.17	218	231
UniRef90_Y0KF44	43.50	218	216
UniRef90_UPI00041B3742	39.81	218	223
UniRef90_B1KQJ5	41.82	218	223
UniRef90_C7R6S7	40.55	218	222
UniRef90_A0A075G7K0	40.99	218	221
UniRef90_UPI0004CE60DE	43.90	218	221
UniRef90_UPI00036A84CA	41.67	218	220
UniRef90_A0A0H1AQY7	43.35	218	226
UniRef90_A0A021W077	44.66	218	233
UniRef90_G2JBL1	40.38	218	223
UniRef90_U3QTX3	42.79	218	230
UniRef90_W8G7U0	40.19	218	221
UniRef90_C6WUB8	38.36	218	227
UniRef90_A0A023XZT3	41.83	218	221
UniRef90_UPI0005666920	40.87	218	230
UniRef90_UPI00031CEECE	42.16	218	223
UniRef90_K2CS57	38.10	218	226
UniRef90_UPI0006D546B9	40.10	218	225
UniRef90_A0A0F4Q9Z0	42.65	218	218
UniRef90_A0A0G4HWH4	38.89	218	364
UniRef90_K6YCR7	38.71	218	223
UniRef90_X4ZHX9	43.06	218	221
UniRef90_I7JRT5	39.09	218	220
UniRef90_UPI00054E974C	44.02	218	210
UniRef90_UPI0007036111	41.18	218	219
UniRef90_Q0AGU5	40.20	218	234
UniRef90_UPI00048B804D	42.20	218	222
UniRef90_UPI00061506E9	41.67	218	222
UniRef90_D7DN64	39.81	218	223
UniRef90_UPI00067A955A	42.58	218	222
UniRef90_A0A0F5JZB8	40.83	218	236
UniRef90_J3HHF8	42.79	218	231
UniRef90_K7A5K4	39.72	218	223
UniRef90_A3JJD9	41.50	218	219
UniRef90_F3LI22	40.39	218	218
UniRef90_A0A0F3L048	41.18	218	222
UniRef90_A0A0A0EW11	42.31	218	231
UniRef90_UPI0005EAEB37	41.12	218	221
UniRef90_UPI00037AE90D	38.39	218	222
UniRef90_UPI0006FB025C	40.00	218	219
UniRef90_UPI0006F79BD5	42.03	218	221
UniRef90_UPI0002DAD7EC	39.71	218	227
UniRef90_Q21XU9	42.79	218	223
UniRef90_W7W1D3	42.86	218	221
UniRef90_A0A0K8QM81	41.38	218	254
UniRef90_UPI0003B4CB12	40.72	218	220
UniRef90_A0A0A8E8M1	37.09	218	220
UniRef90_B2T3Z6	42.65	218	226
UniRef90_E4PN30	43.68	218	184
UniRef90_UPI00066FF749	41.18	218	221
UniRef90_Z9JI33	42.36	218	223
UniRef90_A0A091AX91	41.98	218	221
UniRef90_UPI00061D0456	38.79	218	223
UniRef90_UPI0000E105C0	41.29	218	223
UniRef90_A0A0K1IKD6	39.27	218	222
UniRef90_A0A0K8K4Z2	43.41	218	222
UniRef90_UPI0005A975FD	39.73	218	218
UniRef90_UPI0004E0EF5A	40.67	218	227
UniRef90_S6GDG2	41.31	218	217
UniRef90_A0A0E7UMF7	42.86	218	224
UniRef90_L8D6Z8	43.75	218	219
UniRef90_A0A0L0M0N2	41.59	218	224
UniRef90_A0A0F7JVZ9	39.62	218	217
UniRef90_UPI000561F3AA	42.06	218	221
UniRef90_A0A080LVY2	40.10	218	236
UniRef90_UPI00031AAF7F	39.22	218	224
UniRef90_C6X9M8	39.35	218	216
UniRef90_A0A0K9JZI5	39.53	218	226
UniRef90_A1K9H0	41.58	218	227
UniRef90_A0A0A8UKV3	38.79	218	220
UniRef90_A0A0A2SMY8	39.34	218	214
UniRef90_Q46T84	43.84	218	232
UniRef90_A0A075GSH1	40.55	218	222
UniRef90_UPI0006FC9231	43.96	218	228
UniRef90_A0A097ERX1	39.63	218	222
UniRef90_A0A0F9QXS1	41.00	218	221
UniRef90_A0A0L0MIT7	41.67	218	224
UniRef90_UPI000365A758	39.55	218	223
UniRef90_A0A0D0S6A6	41.75	218	227
UniRef90_UPI0004004262	42.65	218	221
UniRef90_A0A0A8E312	39.71	218	222
UniRef90_A0A0A0ERI7	42.72	218	227
UniRef90_A0A0G3BFG6	43.69	218	229
UniRef90_Q4VYG8	81.57	218	218
UniRef90_U1TID7	94.04	218	218
UniRef90_A0A010RR42	86.18	218	218
UniRef90_Q53547	100.00	218	218
UniRef90_A0A0J6J4I3	83.87	218	218
UniRef90_J2FHW8	83.87	218	218
UniRef90_J0PKR5	93.12	218	218
UniRef90_U6ZXR1	81.11	218	218
UniRef90_A0A0J6H521	84.40	218	218
UniRef90_UPI00034BC20A	88.02	218	218
UniRef90_UPI0006D7FC99	82.11	218	218
UniRef90_J2MKD7	79.26	218	218
UniRef90_A0A0J6GMH8	81.19	218	218
UniRef90_A0A0C2EGD9	82.95	218	218
UniRef90_K9NNJ1	82.03	218	218
UniRef90_A0A0J6IRS8	83.94	218	218
UniRef90_A0A031IZU6	90.37	218	218
UniRef90_V9QQQ7	90.37	218	218
UniRef90_UPI000483F2E1	81.57	218	218
UniRef90_UPI0002D27AC8	81.65	218	218
UniRef90_A4VIS2	72.02	218	218
UniRef90_K0WF61	82.49	218	218
UniRef90_UPI00054B9D1A	88.48	218	218
UniRef90_A0A075P761	85.78	218	218
UniRef90_A0A0J8G202	90.78	218	218
UniRef90_A0A098FSD2	73.39	218	223
UniRef90_J2YWH4	81.57	218	218
UniRef90_UPI0004239CB7	76.04	218	218
UniRef90_M4JYT1	92.17	218	218
UniRef90_UPI000303E34D	79.72	218	218
UniRef90_A0A078LXQ1	69.72	218	218
UniRef90_H7F1P6	70.18	218	218
UniRef90_UPI0005A650DE	76.50	218	218
UniRef90_K5XHS4	69.72	218	218
UniRef90_UPI0004825826	69.27	218	218
UniRef90_UPI000311FF03	37.44	218	224
UniRef90_UPI00067A955A	40.91	218	222
UniRef90_A0A067A5A8	75.58	218	218
UniRef90_U2ZMB3	65.90	218	219
UniRef90_A0A098SXT9	76.50	218	218
UniRef90_A0A0B5CG51	68.35	218	218
UniRef90_UPI0005B9DE6A	69.27	218	219
UniRef90_UPI00031DB01A	38.64	218	222
UniRef90_W6QSY5	62.84	218	219
UniRef90_A0A077LAK5	75.23	218	218
UniRef90_X4ZHX9	40.37	218	221
UniRef90_UPI0004896A7D	66.06	218	218
UniRef90_F3HSU4	73.39	218	219
UniRef90_A0A0F0FAG7	73.73	218	218
UniRef90_L1LRL3	74.65	218	218
UniRef90_A0A0D1PDQ6	72.02	218	219
UniRef90_S6I0R0	82.57	218	218
UniRef90_L0GQS3	70.05	218	218
UniRef90_I7AAN3	71.10	218	218
UniRef90_W0MZK4	74.31	218	219
UniRef90_UPI00067E27EC	40.18	218	222
UniRef90_UPI0003FAF5A6	67.74	218	218
UniRef90_I4N1I9	66.97	218	218
UniRef90_A4XY93	65.60	218	219
UniRef90_K6YVR2	44.64	218	223
UniRef90_UPI000702AC03	76.04	218	218
UniRef90_UPI00041154BB	73.27	218	218
UniRef90_A0A085VER6	74.19	218	218
UniRef90_A0A085V4E7	75.12	218	218
UniRef90_Q1I578	70.97	218	218
UniRef90_D8IRN9	41.26	218	222
UniRef90_UPI00039CB92C	71.43	218	218
UniRef90_Q4ZXJ5	70.64	218	219
UniRef90_A0A061JNS3	69.72	218	219
UniRef90_G0ACI9	39.27	218	222
UniRef90_UPI0003033B11	40.62	218	225
UniRef90_M5QLQ5	83.03	218	218
UniRef90_A0A0B2D8N3	66.51	218	219
UniRef90_A0A0A1YLC3	70.64	218	219
UniRef90_A0A084ILZ5	45.21	218	239
UniRef90_A0A0C2BQR1	40.64	218	225
UniRef90_W9SZC1	70.70	218	219
UniRef90_A0A0E7UMF7	39.91	218	224
UniRef90_A0A0H4WGZ0	38.99	218	221
UniRef90_A0A0E0Y735	43.18	218	223
UniRef90_UPI000474405D	40.72	218	220
UniRef90_A0A0A1GJI4	69.12	218	218
UniRef90_A0A024HBB5	63.13	218	217
UniRef90_UPI00040379EE	41.89	218	222
UniRef90_W0H4Q1	73.39	218	219
UniRef90_A0A095TD95	42.53	218	219
UniRef90_A0A089YLL8	73.27	218	218
UniRef90_Q15Z12	42.20	218	223
UniRef90_F6ABF3	71.43	218	217
UniRef90_L0WFT2	46.33	218	220
UniRef90_UPI0006FB025C	40.00	218	219
UniRef90_F3JVW2	75.23	218	219
UniRef90_A0A023WVW6	70.18	218	218
UniRef90_A0A0A5JDI1	37.90	218	225
UniRef90_A0A023NXU5	38.01	218	221
UniRef90_A0A0N0JSH2	39.27	218	222
UniRef90_UPI00037C5D69	44.04	218	223
UniRef90_J3HHF8	41.10	218	231
UniRef90_UPI0004BA149F	41.07	218	225
UniRef90_Q48MH5	74.77	218	219
UniRef90_A0A089WLW3	70.97	218	218
UniRef90_A0A0D6S5V5	69.12	218	219
UniRef90_E7S035	41.01	218	221
UniRef90_W6M4X7	42.27	218	227
UniRef90_C7R6S7	39.01	218	222
UniRef90_A0A0N0EHQ7	74.77	218	219
UniRef90_W8R4W9	69.12	218	218
UniRef90_UPI00025566F3	69.27	218	222
UniRef90_J2U9H8	42.01	218	226
UniRef90_U3HTL1	68.35	218	218
UniRef90_Q0VNA5	42.52	218	222
UniRef90_U7U7Z2	37.44	218	222
UniRef90_UPI00036A84CA	38.53	218	220
UniRef90_UPI00047098AE	38.99	218	221
UniRef90_W5IYA2	62.67	218	217
UniRef90_A0A0D0IVX5	71.43	218	217
UniRef90_E3HEA0	37.90	218	225
UniRef90_F4GRY7	39.27	218	224
UniRef90_F5ZFM3	42.13	218	218
UniRef90_C1DPC7	65.75	218	219
UniRef90_UPI0006F68299	39.09	218	222
UniRef90_A0A0A2V4D2	38.36	218	511
UniRef90_UPI000441DD76	69.59	218	218
UniRef90_A0A0H4RL26	43.64	218	219
UniRef90_A0A0F6TP39	39.44	218	226
UniRef90_UPI0007036111	39.09	218	219
UniRef90_UPI000421DF45	67.28	218	218
UniRef90_A8H3U2	42.47	218	226
UniRef90_A0A075JXU4	38.53	218	221
UniRef90_A0A0F6UA41	64.06	218	215
UniRef90_UPI0006F87F3E	41.36	218	223
UniRef90_B4X5K5	40.65	218	221
UniRef90_D4X759	39.09	218	225
UniRef90_A0A0M2WQF3	38.18	218	222
UniRef90_S6AD34	66.36	218	219
UniRef90_A0A0L8ERP0	40.27	218	225
UniRef90_UPI000365A758	39.55	218	223
UniRef90_K6YCR7	37.50	218	223
UniRef90_Q2KUZ2	38.07	218	221
UniRef90_Q2SLL2	44.65	218	226
UniRef90_UPI0004773216	40.00	218	222
UniRef90_UPI0004787E12	37.27	218	221
UniRef90_K6YN06	41.26	218	223
UniRef90_UPI000429903A	47.03	218	219
UniRef90_W6M6G7	41.52	218	227
UniRef90_A0A0C4WSA6	67.58	218	219
UniRef90_C6X9M8	38.99	218	216
UniRef90_K0CCY2	41.78	218	216
UniRef90_A0A095ZAQ6	41.86	218	227
UniRef90_M4WZW3	62.21	218	217
UniRef90_U2EQI0	40.64	218	219
UniRef90_UPI00058EA0FE	63.76	218	218
UniRef90_UPI00050950D3	43.05	218	223
UniRef90_A8FWQ4	42.20	218	223
UniRef90_A0A095SNI1	41.55	218	219
UniRef90_N6W1U0	42.99	218	223
UniRef90_A6EVV5	40.65	218	219
UniRef90_I4VRF3	38.46	218	220
UniRef90_B1KQJ5	41.28	218	223
UniRef90_UPI0006F9DD70	35.00	218	222
UniRef90_UPI000693EE11	40.18	218	232
UniRef90_UPI00061506E9	40.45	218	222
UniRef90_L8MEL5	65.44	218	219
UniRef90_UPI00034AC7F0	37.73	218	222
UniRef90_UPI00047EB84C	39.09	218	223
UniRef90_Q1QYJ5	49.55	218	225
UniRef90_A0A0K8K4Z2	40.45	218	222
UniRef90_B8KTE0	45.75	218	219
UniRef90_UPI000364830D	41.28	218	224
UniRef90_V4JHL4	39.91	218	226
UniRef90_UPI000400FE42	34.55	218	222
UniRef90_A0A0G3BFG6	41.55	218	229
UniRef90_W0V1Y5	38.64	218	223
UniRef90_A0A0M2VE31	40.00	218	228
UniRef90_UPI00067ED74E	43.38	218	223
UniRef90_R8B1U4	43.52	218	219
UniRef90_UPI00037440B2	38.18	218	222
UniRef90_S9ZIF5	49.55	218	229
UniRef90_UPI000486196C	41.04	218	219
UniRef90_UPI0004A49A05	39.73	218	226
UniRef90_A0A075NVE0	43.05	218	222
UniRef90_A4AAV8	44.04	218	219
UniRef90_UPI000645F1A1	36.82	218	227
UniRef90_A0A0F0DTF4	59.45	218	217
UniRef90_UPI0004182104	41.98	218	223
UniRef90_UPI0004884D16	39.73	218	220
UniRef90_W7W1D3	40.09	218	221
UniRef90_D4ZLM1	40.83	218	223
UniRef90_UPI000566EFC5	44.29	218	231
UniRef90_A0A0J1GHX4	37.73	218	222
UniRef90_U1L0K4	41.36	218	218
UniRef90_F2G2U0	41.36	218	223
UniRef90_A0A085F8I8	39.09	218	221
UniRef90_F7S1C2	43.12	218	219
UniRef90_A0A0B4XV17	43.24	218	222
UniRef90_V2GAF7	42.47	218	239
UniRef90_UPI00055D7841	41.63	218	228
UniRef90_UPI0006535D6A	39.27	218	223
UniRef90_UPI00048EECF9	42.01	218	226
UniRef90_V8FRW3	35.91	218	223
UniRef90_A9I227	38.36	218	224
UniRef90_E1V5G8	47.09	218	221
UniRef90_A0A0F9VMM7	43.84	218	221
UniRef90_J2KND5	39.37	218	229
UniRef90_A0A0H2LYQ0	38.36	218	221
UniRef90_A4Y7V0	41.74	218	223
UniRef90_UPI00056E4497	40.95	218	228
UniRef90_Q83AC9	38.53	218	236
UniRef90_A0A066RPW4	40.37	218	221
UniRef90_A0A098U5V9	37.73	218	222
UniRef90_UPI000375384E	41.82	218	223
UniRef90_UPI000308B251	43.38	218	218
UniRef90_W7MDU1	33.33	218	284
UniRef90_A0A0F0FG49	41.63	218	228
UniRef90_UPI0006F21FD7	38.36	218	224
UniRef90_UPI000479374C	38.57	218	228
UniRef90_A0A0F4QJN7	41.74	218	217
UniRef90_L9PHN0	38.18	218	222
UniRef90_UPI0006F1CD07	37.44	218	227
UniRef90_Q8EFH3	42.73	218	221
UniRef90_L7XC53	40.72	218	223
UniRef90_U7FJB9	41.59	218	220
UniRef90_K9DJ75	39.55	218	222
UniRef90_I2JFP6	46.79	218	219
UniRef90_A0A0K6H9I4	42.99	218	217
UniRef90_UPI00048DD969	41.74	218	223
UniRef90_UPI000490AB98	40.37	218	216
UniRef90_UPI0006456D07	38.81	218	220
UniRef90_N1R8N5	33.78	218	366
UniRef90_I4WEP3	36.99	218	220
UniRef90_H2FZ38	45.21	218	219
UniRef90_UPI0005C1CAF6	42.72	218	214
UniRef90_UPI0006F8C7AA	36.36	218	222
UniRef90_A3QEV4	41.74	218	224
UniRef90_Q21XU9	40.00	218	223
UniRef90_UPI000363C20C	44.50	218	222
UniRef90_UPI0004004262	40.00	218	221
UniRef90_A0A0K1K3S6	38.89	218	222
UniRef90_A0A0L6TAV1	37.27	218	221
UniRef90_UPI000364C04F	37.50	218	223
UniRef90_UPI000466F86B	39.91	218	217
UniRef90_UPI00052F039A	43.84	218	224
UniRef90_N6YLB3	45.00	218	228
UniRef90_UPI0006FA4CC8	43.12	218	216
UniRef90_UPI0003B5DDCF	58.88	218	220
UniRef90_A4BTZ7	37.90	218	235
UniRef90_B8KJL1	43.12	218	221
UniRef90_Q12MA6	41.55	218	234
UniRef90_Q0EZS0	41.59	218	227
UniRef90_UPI00048DC88F	40.45	218	222
UniRef90_A0A060B2P9	47.98	218	221
UniRef90_UPI0006FA8D54	39.73	218	224
UniRef90_M4NBZ9	39.37	218	220
UniRef90_F7RPJ4	41.74	218	223
UniRef90_A0A084G1Z4	35.75	218	230
UniRef90_B1XVM3	38.18	218	220
UniRef90_K2EDQ4	43.44	218	375
UniRef90_A0A094IK22	42.99	218	218
UniRef90_E6V767	35.94	218	220
UniRef90_UPI00036C24F9	44.75	218	231
UniRef90_K7A5K4	38.12	218	223
UniRef90_UPI0003789887	41.10	218	218
UniRef90_B8CPJ6	41.10	218	223
UniRef90_UPI000556F87A	47.66	218	213
UniRef90_A0A0A0M619	40.81	218	224
UniRef90_F5SMS5	40.45	218	222
UniRef90_B8E6Z1	42.20	218	223
UniRef90_U4KAY5	42.66	218	218
UniRef90_A0A063Y6P9	46.79	218	219
UniRef90_A0A0D8CXT7	41.12	218	219
UniRef90_UPI000469104B	42.66	218	223
UniRef90_S2KPG4	47.09	218	223
UniRef90_F2PDJ9	43.72	218	219
UniRef90_K2B0S5	38.53	218	229
UniRef90_A0A0J1GVB2	45.41	218	220
UniRef90_A0A090AEP7	40.64	218	220
UniRef90_UPI000372CC46	41.55	218	220
UniRef90_C9Y7A3	39.27	218	223
UniRef90_UPI00031CEECE	39.73	218	223
UniRef90_U7GFJ1	39.82	218	222
UniRef90_A0A072N561	41.31	218	219
UniRef90_J2IBA7	38.60	218	227
UniRef90_A0A0F5VE13	41.47	218	222
UniRef90_UPI0005C8E42B	43.64	218	219
UniRef90_UPI000367F976	42.73	218	227
UniRef90_UPI0006F502CF	38.81	218	221
UniRef90_UPI0003A09175	57.08	218	218
UniRef90_I1E2B9	38.14	218	226
UniRef90_I9BUI3	42.86	218	227
UniRef90_UPI0002D390C0	43.18	218	219
UniRef90_B0TJF3	40.83	218	226
UniRef90_UPI00058E00F0	47.53	218	222
UniRef90_A0A0K8QM81	38.36	218	254
UniRef90_A0A0F7M464	46.33	218	219
UniRef90_UPI00048AF66F	43.58	218	223
UniRef90_F3KBI7	41.59	218	220
UniRef90_Q1QA93	40.72	218	223
UniRef90_A0A0A7ECS3	39.73	218	218
UniRef90_A0A099KJW7	41.74	218	225
UniRef90_H8W4K0	40.37	218	222
UniRef90_UPI0005BBE494	44.84	218	223
UniRef90_UPI0006467C71	41.82	218	219
UniRef90_A0A0M2UZA4	38.14	218	226
UniRef90_UPI0006FF2125	39.73	218	224
UniRef90_UPI0006FE81CC	36.36	218	222
UniRef90_X7E233	41.70	218	222
UniRef90_A0A0F6AFK2	42.20	218	217
UniRef90_G3CRE6	40.67	218	230
UniRef90_G4QF19	41.07	218	223
UniRef90_A0A0C4YM61	40.72	218	228
UniRef90_UPI0005678CBB	42.08	218	220
UniRef90_A0A0M5TIY5	42.27	218	223
UniRef90_UPI0003FA77D4	42.52	218	227
UniRef90_W1S1V1	40.81	218	222
UniRef90_U1KJ39	40.37	218	217
UniRef90_Q6LKG0	40.72	218	221
UniRef90_W9UZA2	44.24	218	219
UniRef90_Q5QZV4	44.04	218	216
UniRef90_A0A0H4UYI0	39.27	218	225
UniRef90_T2LA35	46.40	218	221
UniRef90_A0A0K0XX75	43.46	218	215
UniRef90_UPI000571B121	39.46	218	220
UniRef90_UPI0006481819	40.18	218	218
UniRef90_A0A0G9I5M0	37.44	218	222
UniRef90_A0A0F9XA11	54.55	218	220
UniRef90_K2BQS6	40.47	218	226
UniRef90_UPI0006D66622	41.74	218	226
UniRef90_UPI000408FC07	39.82	218	219
UniRef90_UPI00048EB44B	43.40	218	213
UniRef90_UPI00035C3E12	38.46	218	225
UniRef90_E8UET0	40.74	218	220
UniRef90_UPI0004134D4D	44.65	218	224
UniRef90_UPI0004876457	46.40	218	221
UniRef90_A0A087MKX9	37.90	218	221
UniRef90_UPI000561F3AA	40.00	218	221
UniRef90_I3CH99	43.26	218	220
UniRef90_UPI0006F1D0EF	36.36	218	224
UniRef90_UPI00040AA981	44.29	218	220
UniRef90_UPI0004A6FE19	42.66	218	224
UniRef90_UPI00066FE206	41.31	218	222
UniRef90_A0A011PZA1	38.46	218	234
UniRef90_A4SW87	38.36	218	221
UniRef90_UPI000463D0AB	40.18	218	222
UniRef90_A0A0F4Q9Z0	40.83	218	218
UniRef90_A0A099LE62	44.86	218	220
UniRef90_UPI00035C3AD3	47.09	218	221
UniRef90_A0A0A0EW11	38.84	218	231
UniRef90_UPI0004019A68	42.47	218	220
UniRef90_UPI0003FE3D7A	40.00	218	226
UniRef90_W0DT97	42.86	218	223
UniRef90_W1Z6B1	44.55	218	218
UniRef90_U4T491	40.57	218	223
UniRef90_UPI000288FF86	47.30	218	221
UniRef90_UPI0004160F65	38.14	218	226
UniRef90_UPI0000E105C0	37.73	218	223
UniRef90_UPI00055B0602	34.55	218	222
UniRef90_Z5XLV0	46.41	218	218
UniRef90_UPI0003B77557	42.52	218	220
UniRef90_UPI0006F79BD5	37.10	218	221
UniRef90_A0A0K0STC8	39.91	218	214
UniRef90_UPI0003F7F6BD	46.76	218	224
UniRef90_UPI0004836F3E	43.06	218	225
UniRef90_W8X1Z3	36.24	218	225
UniRef90_A0A0N0M006	43.38	218	218
UniRef90_A0A0J7J8W0	42.25	218	219
UniRef90_A0A0A0ERI7	39.27	218	227
UniRef90_L2F5Z8	42.79	218	222
UniRef90_UPI00066FF749	38.36	218	221
UniRef90_UPI00061D0456	38.64	218	223
UniRef90_UPI0004CE60DE	40.45	218	221
UniRef90_UPI0004674308	40.18	218	221
UniRef90_A3WIK1	45.24	218	216
UniRef90_H8L265	38.99	218	221
UniRef90_A0A0H1AQY7	39.09	218	226
UniRef90_A0A0D8PRB4	43.18	218	219
UniRef90_UPI0003FEC581	39.55	218	226
UniRef90_UPI0004276EFF	38.99	218	222
UniRef90_A0A080LVY2	36.65	218	236
UniRef90_G7ED11	43.38	218	218
UniRef90_Q081A9	39.91	218	222
UniRef90_Q1GZE0	40.18	218	222
UniRef90_Q3IEV9	43.38	218	223
UniRef90_UPI0002D5B8A1	44.75	218	218
UniRef90_UPI0003FDB965	42.40	218	222
UniRef90_UPI000347DBFA	37.44	218	224
UniRef90_A0A0D0JJU8	39.45	218	219
UniRef90_UPI0003749096	42.60	218	227
UniRef90_A0A090QIX6	41.47	218	220
UniRef90_A0A098RHL5	46.19	218	222
UniRef90_UPI00041B3742	39.27	218	223
UniRef90_A0A0A2HYZ1	43.12	218	225
UniRef90_UPI00047FAFED	39.55	218	224
UniRef90_A0A021W077	39.37	218	233
UniRef90_A0A011N3B7	38.18	218	234
UniRef90_A0A0A0EVU5	36.53	218	228
UniRef90_A0A099KZ11	39.91	218	224
UniRef90_A0A099LE03	45.02	218	218
UniRef90_B3R9T9	41.96	218	230
UniRef90_UPI00037DE6A2	39.05	218	227
UniRef90_G3IRM9	38.99	218	223
UniRef90_A0A0E3Z0E9	39.55	218	221
UniRef90_F6D9H2	42.99	218	229
UniRef90_A0A0F3L048	39.27	218	222
UniRef90_A0A086D5H0	48.39	218	221
UniRef90_B2AUL5	32.00	218	243
UniRef90_A0A091AX91	37.44	218	221
UniRef90_D7DN64	38.68	218	223
UniRef90_A1SXW2	42.72	218	221
UniRef90_C8PZN7	42.59	218	222
UniRef90_UPI0005CAE337	39.37	218	221
UniRef90_A0A0F9QXS1	38.14	218	221
UniRef90_U5T3Z3	40.48	218	224
UniRef90_UPI0004227FF8	37.10	218	222
UniRef90_A0A0E9M8A2	41.74	218	223
UniRef90_I7JRT5	38.18	218	220
UniRef90_UPI000566EECD	44.19	218	220
UniRef90_A0A0A0DTS0	40.18	218	224
UniRef90_A3JJD9	38.60	218	219
UniRef90_A6GUH3	40.55	218	221
UniRef90_UPI00056078FD	38.81	218	221
UniRef90_A0A0C5WLJ4	43.44	218	220
UniRef90_A4G3U0	38.01	218	220
UniRef90_I4VUY0	39.09	218	247
UniRef90_UPI000465699B	43.93	218	221
UniRef90_A6SX24	37.56	218	220
UniRef90_UPI000701DFED	40.91	218	232
UniRef90_H5T7N6	35.62	218	229
UniRef90_UPI0004AF13E4	37.39	218	230
UniRef90_UPI0004812660	39.91	218	219
UniRef90_UPI0007014C7B	38.36	218	220
UniRef90_M7CXB1	38.81	218	222
UniRef90_A0A0F7KJI6	33.95	218	226
UniRef90_A6W1V4	42.15	218	222
UniRef90_C7RJH8	36.20	218	236
UniRef90_U7P366	47.53	218	222
UniRef90_A0A0A8E4L6	37.27	218	221
UniRef90_UPI00048ECDA3	37.26	218	228
UniRef90_N2JBL3	61.82	218	219
UniRef90_A0A0A1JL14	39.27	218	221
UniRef90_UPI00040FDCBA	42.52	218	220
UniRef90_A0A031H7P4	39.27	218	219
UniRef90_UPI00047FB1FF	47.53	218	222
UniRef90_UPI000700968B	38.18	218	223
UniRef90_U3HAT7	69.07	218	197
UniRef90_N6YS96	42.92	218	238
UniRef90_I3U9N3	37.62	218	228
UniRef90_A0A0C4DQS7	32.74	218	243
UniRef90_UPI000423B03F	41.07	218	227
UniRef90_F6D0C4	43.50	218	222
UniRef90_UPI0003820BC7	42.33	218	220
UniRef90_F3LI22	38.97	218	218
UniRef90_G8QJ87	45.50	218	222
UniRef90_N6Z405	45.74	218	224
UniRef90_R4V4X2	39.73	218	223
UniRef90_B2FI09	38.36	218	219
UniRef90_Q2BH67	41.86	218	225
UniRef90_UPI00054E8A5D	38.29	218	221
UniRef90_A1S771	41.28	218	226
UniRef90_Q47AZ3	45.37	218	228
UniRef90_UPI0004E0EF5A	38.60	218	227
UniRef90_M1SU37	37.56	218	223
UniRef90_Q127I1	38.81	218	220
UniRef90_A0A094IT80	39.07	218	220
UniRef90_U3QTX3	40.18	218	230
UniRef90_A0A0F2P8T2	42.79	218	220
UniRef90_UPI00036AC88B	39.55	218	220
UniRef90_A0A091BE11	36.36	218	222
UniRef90_K2JAU5	41.10	218	227
UniRef90_A0A0K1X019	57.99	218	217
UniRef90_W3XE86	36.41	218	244
UniRef90_A5WE26	40.00	218	221
UniRef90_J3PDU7	32.30	218	243
UniRef90_UPI00040F1CBF	42.33	218	220
UniRef90_D5CMD6	40.99	218	229
UniRef90_J2KW55	39.73	218	220
UniRef90_A0A077DFM2	37.44	218	220
UniRef90_L7M7N6	32.11	218	228
UniRef90_UPI0006FBE5B3	38.18	218	229
UniRef90_UPI0006D96183	39.09	218	228
UniRef90_G7UN37	38.18	218	222
UniRef90_A0A0B7JIW2	42.99	218	222
UniRef90_UPI00039D474F	40.48	218	230
UniRef90_R4WL31	38.71	218	224
UniRef90_H0JGP7	58.64	218	214
UniRef90_UPI000702B9CE	43.19	218	228
UniRef90_H0PYR6	37.44	218	232
UniRef90_A4CFD7	40.64	218	218
UniRef90_F8GM62	40.18	218	230
UniRef90_UPI0006D2B462	37.27	218	221
UniRef90_B0RNI6	38.36	218	231
UniRef90_A0A0K9JZI5	38.84	218	226
UniRef90_A1K9H0	38.71	218	227
UniRef90_Q3BXV6	38.81	218	222
UniRef90_UPI00040E237D	41.44	218	223
UniRef90_UPI00031A34B8	37.27	218	220
UniRef90_UPI000404B150	43.78	218	225
UniRef90_A0A0M0UNC7	30.40	218	244
UniRef90_A0A0G3ER27	38.18	218	225
UniRef90_A0A0F9NWX8	39.27	218	221
UniRef90_F8GI82	38.39	218	226
