UniRef90_P37063	99.83	585	603
UniRef90_UPI0005A9EB4B	81.03	585	603
UniRef90_UPI0006F047DD	78.22	585	600
UniRef90_G9ZRG0	76.33	585	579
UniRef90_F8I0B9	70.62	585	599
UniRef90_A0A069CS79	72.12	585	599
UniRef90_A0A0D1LPH3	70.66	585	599
UniRef90_A0A087CNH3	60.85	585	615
UniRef90_UPI000685D96F	59.45	585	610
UniRef90_F9VDM1	56.41	585	597
UniRef90_A0A087C4V4	59.66	585	615
UniRef90_I7LRC5	58.47	585	596
UniRef90_UPI000645684D	56.39	585	596
UniRef90_F2I8Y6	51.79	585	595
UniRef90_A0A0F3FZN9	51.64	585	582
UniRef90_U4TN45	52.24	585	583
UniRef90_UPI0003B5E36A	50.87	585	585
UniRef90_UPI0006F0A8F5	49.57	585	582
UniRef90_A0A0A6NWR3	49.57	585	587
UniRef90_A0A091C7T5	50.94	585	593
UniRef90_UPI0006D0DA4C	51.46	585	584
UniRef90_J9W0L3	50.43	585	584
UniRef90_C0WSP6	50.34	585	598
UniRef90_UPI0003F959C0	48.63	585	593
UniRef90_C2JZG7	50.60	585	587
UniRef90_K8QHN5	50.69	585	586
UniRef90_UPI00021966A5	48.31	585	606
UniRef90_A0A0D1LKS5	47.20	585	606
UniRef90_UPI00020D9E29	48.64	585	606
UniRef90_A0A0A3HKK6	48.28	585	580
UniRef90_UPI0006F01099	49.91	585	584
UniRef90_R2MXV4	50.52	585	580
UniRef90_A0A081BHG8	49.57	585	584
UniRef90_UPI0002490EEF	48.80	585	583
UniRef90_T4JEX6	49.13	585	576
UniRef90_UPI0006D248D0	46.72	585	578
UniRef90_R2Q3T2	49.05	585	575
UniRef90_A0A0D1A6Q9	48.88	585	581
UniRef90_Q54970	48.97	585	591
UniRef90_R2S7Q2	49.31	585	576
UniRef90_X0PEX7	48.28	585	578
UniRef90_A0A0K9JAP8	47.46	585	606
UniRef90_D8MFT3	47.72	585	606
UniRef90_S0S413	49.22	585	576
UniRef90_S4DRM0	49.91	585	598
UniRef90_A9X9K8	47.41	585	592
UniRef90_A0A0J8E7A9	49.13	585	573
UniRef90_R2QST5	50.09	585	575
UniRef90_E4KLN8	48.71	585	591
UniRef90_F4BPJ0	47.20	585	593
UniRef90_U4THW4	48.36	585	579
UniRef90_F0EMW6	49.74	585	580
UniRef90_R3U700	49.48	585	575
UniRef90_C2FEN0	48.53	585	584
UniRef90_C5RB29	46.86	585	606
UniRef90_UPI000704FD19	47.24	585	579
UniRef90_I7MY28	48.19	585	579
UniRef90_Q03GH0	48.19	585	577
UniRef90_UPI00041F4F9A	47.78	585	603
UniRef90_J2ZRZ1	48.96	585	580
UniRef90_T0VGU5	47.76	585	578
UniRef90_I6T5H7	49.04	585	576
UniRef90_V6Z2N0	47.01	585	593
UniRef90_UPI00065DF1AE	48.96	585	573
UniRef90_UPI000248FEA8	48.03	585	582
UniRef90_A0A0A1GUT2	47.54	585	581
UniRef90_S0KU95	48.10	585	574
UniRef90_A0A0N1CKE3	49.05	585	573
UniRef90_A0A0D1LY73	46.62	585	609
UniRef90_C5RD55	46.72	585	583
UniRef90_S0S6T3	48.44	585	573
UniRef90_UPI00064E866C	46.08	585	586
UniRef90_G5KAK6	46.13	585	581
UniRef90_UPI000704EABD	47.93	585	594
UniRef90_Q38UJ8	47.41	585	577
UniRef90_A0A086BNK3	48.12	585	595
UniRef90_UPI00036ABCFB	46.42	585	614
UniRef90_UPI0006EF3AD3	46.22	585	590
UniRef90_Q03ES9	47.68	585	582
UniRef90_D7VA90	45.55	585	579
UniRef90_UPI0007048BA3	45.69	585	580
UniRef90_UPI0006F0A501	47.06	585	578
UniRef90_R2SCS6	48.62	585	575
UniRef90_G6CE39	47.07	585	578
UniRef90_M4KNH8	45.63	585	585
UniRef90_Q9CE06	45.97	585	567
UniRef90_UPI0006D26E94	43.08	585	579
UniRef90_UPI0006D2BB3F	45.25	585	575
UniRef90_UPI00035D7DE0	44.85	585	619
UniRef90_A0A087BMV9	46.64	585	582
UniRef90_J3EPU6	45.50	585	586
UniRef90_G8PCP0	46.42	585	583
UniRef90_A0A086ZEZ4	44.97	585	605
UniRef90_UPI000704F5E1	47.24	585	577
UniRef90_G9ZL77	44.29	585	586
UniRef90_UPI0006CFAB1B	44.96	585	609
UniRef90_W6TDC9	45.22	585	585
UniRef90_C0WM38	44.39	585	586
UniRef90_A0A0K8MJT7	43.54	585	605
UniRef90_U4TTT0	48.28	585	622
UniRef90_F9PAX1	44.56	585	601
UniRef90_UPI0006EFA3AE	47.24	585	579
UniRef90_UPI000686CAD9	46.09	585	596
UniRef90_J9W3U0	43.77	585	586
UniRef90_H1LG65	44.95	585	586
UniRef90_UPI0006CFF056	45.08	585	598
UniRef90_UPI0002DCE13A	44.54	585	621
UniRef90_UPI0006F137AB	45.27	585	607
UniRef90_Q38WE0	43.71	585	611
UniRef90_A0A0J5PEZ0	44.28	585	607
UniRef90_C2EHG3	43.72	585	607
UniRef90_UPI000704A0BC	45.33	585	608
UniRef90_W9EN21	44.28	585	605
UniRef90_A0A086Z0B6	45.45	585	588
UniRef90_UPI00054EAD4C	44.11	585	591
UniRef90_A0A087CM12	45.63	585	581
UniRef90_UPI0006D1FB66	43.89	585	606
UniRef90_Q1WVR0	43.79	585	628
UniRef90_UPI000705569A	41.97	585	606
UniRef90_UPI0006F16280	43.72	585	606
UniRef90_UPI0006EEA16F	43.99	585	608
UniRef90_D2EKL5	42.79	585	601
UniRef90_UPI00053C60EA	43.38	585	631
UniRef90_UPI0006EFEEDE	44.31	585	604
UniRef90_A5WFU5	40.73	585	603
UniRef90_W6TCQ6	42.76	585	582
UniRef90_K4IN52	44.06	585	584
UniRef90_A0A0A8QFK9	43.58	585	585
UniRef90_UPI0006F12529	41.96	585	586
UniRef90_I7KHT5	40.03	585	602
UniRef90_J9W0U9	42.13	585	584
UniRef90_UPI000704F78E	39.90	585	600
UniRef90_Q5FHQ7	39.73	585	601
UniRef90_D0R6E3	41.91	585	602
UniRef90_C0XKT7	40.75	585	584
UniRef90_D4YTT0	40.55	585	600
UniRef90_J7LN52	39.21	585	600
UniRef90_UPI0006EF9155	41.78	585	587
UniRef90_A0A0D6A5P3	40.96	585	600
UniRef90_D0DPS1	39.69	585	602
UniRef90_N2ARP1	40.55	585	604
UniRef90_W6T9G3	42.99	585	586
UniRef90_UPI0002E0D643	42.81	585	582
UniRef90_F9UM65	42.08	585	587
UniRef90_A0A089Y734	40.21	585	604
UniRef90_UPI0006EF4D44	41.43	585	586
UniRef90_E0NHE0	41.07	585	583
UniRef90_Q04FC3	40.56	585	586
UniRef90_UPI00046928F9	40.80	585	586
UniRef90_G9WI89	40.91	585	586
UniRef90_A0A0H4LD81	40.03	585	586
UniRef90_M5AAY4	42.24	585	586
UniRef90_A0A0C1PR95	42.11	585	635
UniRef90_G9ZSY5	40.03	585	581
UniRef90_A0A098CQ39	52.07	585	398
UniRef90_UPI000704B0D7	42.31	585	579
UniRef90_A0A0F3FY23	40.03	585	580
UniRef90_F9ULE1	42.63	585	584
UniRef90_UPI00064F6981	42.61	585	586
UniRef90_A0A0A6RDK6	40.85	585	579
UniRef90_A0A091C7X7	47.96	585	464
UniRef90_G8PAU3	41.17	585	582
UniRef90_A0A0C1PTJ9	41.55	585	586
UniRef90_C2D3X8	39.79	585	582
UniRef90_A0A0D1LYY4	77.61	585	309
UniRef90_A0A0C1LWY5	38.70	585	581
UniRef90_I7KKL5	39.66	585	604
UniRef90_UPI000491A503	40.44	585	576
UniRef90_A0A0K2LAS5	39.41	585	586
UniRef90_C5R9U1	39.90	585	581
UniRef90_H1LG27	39.66	585	602
UniRef90_J9W4M8	39.32	585	582
UniRef90_Q74H96	40.37	585	566
UniRef90_A0A099VZX8	37.93	585	577
UniRef90_UPI000552CA36	38.41	585	573
UniRef90_A0AGH7	39.97	585	576
UniRef90_A0A023CYU1	40.73	585	584
UniRef90_UPI00029ABFF8	40.99	585	584
UniRef90_W7CZY4	39.18	585	576
UniRef90_Q1G7Z6	39.49	585	616
UniRef90_A0A0F3RSV2	42.13	585	587
UniRef90_UPI000401E9E5	38.66	585	573
UniRef90_UPI0005AB4A56	39.18	585	584
UniRef90_A0A0H4KKM8	39.90	585	573
UniRef90_V6IXW2	37.80	585	576
UniRef90_A0A0A1M503	39.48	585	573
UniRef90_W7DTV2	38.10	585	577
UniRef90_E6LD81	38.91	585	579
UniRef90_W6T6Y2	40.44	585	583
UniRef90_D7V0H7	36.92	585	576
UniRef90_UPI000255BD14	36.54	585	576
UniRef90_UPI0002491B09	40.14	585	582
UniRef90_J0UPA7	39.83	585	582
UniRef90_UPI00028A289A	37.09	585	575
UniRef90_X0PAM8	47.74	585	434
UniRef90_W7CV22	37.13	585	577
UniRef90_Q8EL23	37.13	585	573
UniRef90_S0KXN7	36.73	585	579
UniRef90_G9ZRX8	36.30	585	591
UniRef90_UPI000509E1D5	36.51	585	573
UniRef90_UPI00055948D6	38.74	585	566
UniRef90_A0A0J6D2G7	36.44	585	573
UniRef90_Q738G9	40.33	585	566
UniRef90_UPI00051A67C7	40.67	585	566
UniRef90_A0A0J5WF97	37.02	585	573
UniRef90_UPI0003FADC0C	39.27	585	566
UniRef90_X0PFB1	38.63	585	579
UniRef90_A0A0H4RFY7	39.09	585	566
UniRef90_UPI000509F13D	39.48	585	566
UniRef90_UPI0007050E33	38.33	585	578
UniRef90_UPI0006F158D1	36.87	585	577
UniRef90_D8FMB3	42.70	585	464
UniRef90_A0A094K888	39.67	585	567
UniRef90_A8FA35	36.57	585	573
UniRef90_D5DY95	37.72	585	573
UniRef90_H7F454	36.59	585	575
UniRef90_UPI00067F28E7	36.25	585	573
UniRef90_A0A081BKN1	37.74	585	581
UniRef90_UPI00046E7CFA	36.42	585	581
UniRef90_C0WTS2	37.33	585	579
UniRef90_A0A0F4LPL0	36.02	585	575
UniRef90_UPI00055842C5	38.39	585	566
UniRef90_UPI0004B4CE21	36.73	585	574
UniRef90_A0A086YYD5	35.22	585	575
UniRef90_W7AZH7	36.25	585	577
UniRef90_UPI00024926DD	35.29	585	576
UniRef90_U1X957	40.62	585	599
UniRef90_A0A0A5GEC7	37.78	585	571
UniRef90_C2D1F9	50.26	585	419
UniRef90_UPI0003FA5628	38.60	585	566
UniRef90_P96591	37.71	585	574
UniRef90_A0A0F4KYW6	34.99	585	575
UniRef90_Q04D18	35.59	585	578
UniRef90_UPI0002D43270	38.49	585	566
UniRef90_UPI0006EEEA23	34.93	585	574
UniRef90_A0A024P260	36.84	585	573
UniRef90_UPI0003B65AE5	39.23	585	574
UniRef90_A0A0J5S3X2	35.95	585	566
UniRef90_A0A0K2LEA2	35.85	585	574
UniRef90_M5P3P3	35.70	585	573
UniRef90_W9ALG6	35.73	585	571
UniRef90_A0A0M5JCF8	35.78	585	572
UniRef90_UPI0003FBA5C1	36.14	585	573
UniRef90_A0A075JQY3	35.30	585	571
UniRef90_UPI0002490F69	37.35	585	575
UniRef90_J1F0I2	36.59	585	578
UniRef90_UPI000306FBF2	35.21	585	577
UniRef90_S6FPF0	38.26	585	573
UniRef90_A0A033UBH3	34.93	585	577
UniRef90_A0A0A5HN87	36.07	585	575
UniRef90_C2K0Z1	35.78	585	577
UniRef90_W3AFD6	39.85	585	532
UniRef90_I4X5T5	38.40	585	533
UniRef90_A0A0B0D0D8	37.05	585	564
UniRef90_UPI00029A0254	36.02	585	580
UniRef90_A0A0H4LDF0	35.22	585	574
UniRef90_A0A0M0L5E5	35.79	585	574
UniRef90_B9DL04	34.58	585	580
UniRef90_R9TS39	35.17	585	573
UniRef90_UPI00026287A8	34.53	585	580
UniRef90_A0A085UDM1	34.74	585	581
UniRef90_I7IJJ7	34.75	585	580
UniRef90_Q1N3D1	36.81	585	555
UniRef90_A0A0F5XAT4	34.30	585	580
UniRef90_K6PCF7	50.72	585	354
UniRef90_L5N2H9	36.41	585	573
UniRef90_A0A075LJD6	37.34	585	574
UniRef90_Q4L947	34.19	585	579
UniRef90_Q6PST7	34.74	585	579
UniRef90_UPI00055A88B9	45.30	585	427
UniRef90_UPI0004237D70	35.52	585	573
UniRef90_A0A084H4W5	36.40	585	571
UniRef90_A0A0A2VEK2	36.40	585	575
UniRef90_A0A069F8X8	33.28	585	581
UniRef90_K2GMH5	34.69	585	571
UniRef90_C5QN19	35.48	585	579
UniRef90_A0A087C009	36.36	585	576
UniRef90_UPI00052FE2CA	38.09	585	534
UniRef90_UPI0006D17E02	37.07	585	581
UniRef90_UPI0006F0CF85	35.99	585	579
UniRef90_A0A0E3CX90	34.30	585	580
UniRef90_K0TT20	33.79	585	580
UniRef90_UPI00065FFE1F	33.90	585	580
UniRef90_A0A098EL66	38.03	585	534
UniRef90_S2YF31	33.05	585	581
UniRef90_UPI0005AAAA80	35.97	585	571
UniRef90_M3D1I7	37.36	585	533
UniRef90_K9AHP4	32.93	585	579
UniRef90_N4WKT5	35.75	585	573
UniRef90_A0A0D0FIX0	52.57	585	333
UniRef90_E6MBB1	33.68	585	579
UniRef90_UPI0006EECC99	34.41	585	579
UniRef90_I0JLY0	36.04	585	575
UniRef90_A0A068E4G1	33.79	585	580
UniRef90_A0A0D6XSP4	34.25	585	581
UniRef90_L7WPL7	34.56	585	579
UniRef90_A0A0H4QFS1	33.94	585	574
UniRef90_A4BAZ1	36.96	585	553
UniRef90_UPI0002D31BE8	34.55	585	573
UniRef90_E8SK18	33.52	585	581
UniRef90_A0A0A8HNM1	34.02	585	581
UniRef90_H0DEB1	32.88	585	580
UniRef90_M5N6W0	47.97	585	353
UniRef90_UPI0002492420	33.05	585	574
UniRef90_UPI0004017457	33.10	585	574
UniRef90_UPI00026273F8	32.99	585	570
UniRef90_UPI0006EF04C6	34.23	585	579
UniRef90_E5CJF4	32.90	585	579
UniRef90_F5SKU4	36.16	585	565
UniRef90_S2PUQ9	50.78	585	316
UniRef90_G8TTZ4	34.38	585	559
UniRef90_A0A061QFI7	34.78	585	555
UniRef90_Q9HJZ5	33.15	585	548
UniRef90_UPI0006D2BEFB	38.89	585	479
UniRef90_A0A0L0RL55	42.65	585	347
UniRef90_UPI0005BA7B63	34.28	585	588
UniRef90_C3MPJ9	31.19	585	549
UniRef90_UPI0004C30FAA	35.60	585	588
UniRef90_K0IK18	31.88	585	615
UniRef90_T0M3K2	33.08	585	550
UniRef90_A0A0M0SJV3	32.80	585	583
UniRef90_Q0W4D3	32.96	585	554
UniRef90_UPI0005762138	38.15	585	422
UniRef90_A0A0B2XM57	38.81	585	414
UniRef90_M1J3Y9	30.48	585	549
UniRef90_T0LW43	30.93	585	550
UniRef90_A0A0A0DCK6	34.55	585	585
UniRef90_I4EDA9	32.36	585	584
UniRef90_UPI00062BE29B	33.21	585	584
UniRef90_UPI0005F77227	33.85	585	573
UniRef90_UPI0006CF7CDA	32.15	585	550
UniRef90_UPI00041D89E2	32.91	585	585
UniRef90_UPI0004B8DC4A	34.25	585	585
UniRef90_UPI0004B67DFD	35.26	585	588
UniRef90_D2QU46	31.12	585	599
UniRef90_S2U4C3	51.70	585	265
UniRef90_UPI000377AE69	33.45	585	588
UniRef90_G9ZLF9	34.73	585	471
UniRef90_UPI00062B8A64	33.21	585	584
UniRef90_UPI0006D081CA	32.21	585	550
UniRef90_UPI00040A59C6	33.82	585	585
UniRef90_G7ZDG0	33.27	585	584
UniRef90_A0A0F2R1J5	32.04	585	585
UniRef90_A0A023CXZ7	34.16	585	481
UniRef90_UPI00047BDE3C	31.23	585	583
UniRef90_Q1IPP8	31.42	585	584
UniRef90_UPI0004714D01	36.55	585	440
UniRef90_G8AZ00	34.32	585	584
UniRef90_UPI00066C58D4	33.09	585	590
UniRef90_A0A0E3ZWN4	30.84	585	600
UniRef90_Q6KYW5	31.61	585	548
UniRef90_A0A0C3M8B5	34.04	585	579
UniRef90_I0INY5	33.08	585	563
UniRef90_A0A078L7V6	32.39	585	584
UniRef90_UPI000428F9A9	32.28	585	584
UniRef90_A0A098CWM2	73.21	585	175
UniRef90_E8V7U8	32.84	585	582
UniRef90_UPI000488ABA1	31.95	585	579
UniRef90_UPI0006D7B034	31.98	585	584
UniRef90_UPI0005B9AD03	34.32	585	589
UniRef90_UPI00031AE933	34.19	585	573
UniRef90_UPI0006E2EEA9	32.93	585	588
UniRef90_A0A0E9MMW5	31.73	585	584
UniRef90_UPI0006E21F7E	33.69	585	588
UniRef90_A0A0A1PVN3	32.25	585	612
UniRef90_Q0BPK5	32.96	585	577
UniRef90_U6EDR5	31.07	585	585
UniRef90_K2LGK7	32.70	585	558
UniRef90_A0A0D8DK47	31.33	585	549
UniRef90_A0A0D1LS36	67.16	585	203
UniRef90_G8S3M3	35.35	585	587
UniRef90_UPI00066C4342	32.92	585	588
UniRef90_S6FUU1	39.41	585	360
UniRef90_E8X750	31.67	585	582
UniRef90_I3TTS6	31.93	585	593
UniRef90_UPI0003A340AE	34.35	585	587
UniRef90_D1CH03	30.71	585	584
UniRef90_A0A0C5XGD8	33.33	585	586
UniRef90_UPI0005BDF842	32.21	585	568
UniRef90_S0AN18	30.74	585	549
UniRef90_Q01Q35	30.85	585	601
UniRef90_UPI000375BD19	31.45	585	579
UniRef90_W1TUB0	40.92	585	345
UniRef90_UPI0006475E83	31.92	585	584
UniRef90_E8TEF2	32.68	585	584
UniRef90_A0A0F6XUU7	32.02	585	575
UniRef90_H0HPL6	32.10	585	586
UniRef90_A0A060HL06	31.19	585	592
UniRef90_UPI0002F6F10A	33.70	585	588
UniRef90_A0A0K2GFJ1	30.62	585	583
UniRef90_K6PC88	58.22	585	286
UniRef90_A0A0D5ZF84	31.41	585	552
UniRef90_V7HBT3	32.27	585	588
UniRef90_Q97UP3	28.85	585	552
UniRef90_T0H645	32.22	585	578
UniRef90_R5PII2	31.95	585	577
UniRef90_W2F255	33.16	585	581
UniRef90_F7Y7H0	31.88	585	586
UniRef90_UPI000481A703	32.71	585	584
UniRef90_A0A0B8QKS1	57.80	585	223
UniRef90_UPI00036702D4	33.10	585	586
UniRef90_A0A031LRL7	29.28	585	549
UniRef90_UPI0004AD6443	32.56	585	579
UniRef90_UPI0003FFF453	30.06	585	556
UniRef90_A0A090FWV7	32.52	585	586
UniRef90_A0A0F0A0A7	31.09	585	582
UniRef90_R7DU01	32.69	585	576
UniRef90_H1Y6D2	33.46	585	573
UniRef90_R5IMX9	31.19	585	579
UniRef90_UPI000688075F	31.53	585	561
UniRef90_UPI00036E8B10	33.51	585	588
UniRef90_G9S7N2	31.52	585	614
UniRef90_A0A0L0GQ85	33.15	585	598
UniRef90_A0A0C6F7A0	32.14	585	577
UniRef90_Q5LAG1	31.95	585	579
UniRef90_UPI000526F752	31.55	585	587
UniRef90_A0A0J6T7A2	32.51	585	577
UniRef90_A0A0J6T9A0	31.95	585	577
UniRef90_UPI0005A653E7	30.34	585	573
UniRef90_UPI0004262277	33.71	585	578
UniRef90_A9KDR2	29.83	585	563
UniRef90_C1F503	32.97	585	581
UniRef90_A0A0K1F8M1	30.84	585	572
UniRef90_A3CWV6	32.00	585	529
UniRef90_A0A0K2DGX3	32.22	585	586
UniRef90_I7J989	32.57	585	539
UniRef90_UPI0004C2D526	30.65	585	588
UniRef90_C4VND0	42.09	585	368
UniRef90_UPI00046898C0	32.41	585	597
UniRef90_A0A0B1R1W1	32.72	585	594
UniRef90_UPI0004C66D14	30.70	585	587
UniRef90_T2GH60	30.60	585	581
UniRef90_G2PCS0	30.80	585	606
UniRef90_B1VFS0	30.63	585	582
UniRef90_UPI0005B2697F	29.78	585	603
UniRef90_UPI0003825693	31.59	585	574
UniRef90_Q11SV2	32.80	585	579
UniRef90_UPI000524BED6	32.98	585	587
UniRef90_A0A0C1N7D1	32.84	585	587
UniRef90_UPI000678EF7D	32.26	585	581
UniRef90_S3H670	31.21	585	575
UniRef90_A8I1B4	30.96	585	578
UniRef90_A0A0F7VQ50	33.04	585	597
UniRef90_A0A0E3SQR1	29.65	585	592
UniRef90_F7VH71	32.96	585	578
UniRef90_Q2FN41	31.78	585	591
UniRef90_D4GNE5	31.23	585	616
UniRef90_X6DB40	30.28	585	581
UniRef90_E1SHX6	32.04	585	593
UniRef90_UPI0006FA64E2	31.80	585	591
UniRef90_A0A062UI34	32.39	585	571
UniRef90_F6D5M3	30.22	585	590
UniRef90_UPI0003733C75	31.07	585	575
UniRef90_F5SJ54	31.12	585	543
UniRef90_I3YRD7	30.11	585	582
UniRef90_F0TBI6	29.41	585	585
UniRef90_UPI00064FDFBF	29.68	585	585
UniRef90_UPI0004C451FD	31.63	585	573
UniRef90_J1L1M0	31.62	585	544
UniRef90_G8WXW0	30.74	585	614
UniRef90_F2RHN1	30.80	585	604
UniRef90_A0A0F4IRA2	31.88	585	575
UniRef90_K6QKR6	40.72	585	311
UniRef90_A0A034U3V8	32.93	585	574
UniRef90_F8KZ12	31.24	585	574
UniRef90_UPI00047C944C	31.68	585	555
UniRef90_A0A0A1AY65	31.54	585	598
UniRef90_U4QFJ5	30.77	585	593
UniRef90_UPI0006F4EA15	30.26	585	586
UniRef90_A0A074M6G2	30.87	585	558
UniRef90_UPI0004CAA6B7	31.68	585	575
UniRef90_R0CWM3	32.14	585	580
UniRef90_UPI000571FEF1	30.06	585	578
UniRef90_A6LAP1	32.54	585	579
UniRef90_Q92X67	30.95	585	605
UniRef90_UPI0004679378	32.39	585	577
UniRef90_A0A0N1MSU9	33.46	585	578
UniRef90_UPI00055F29FD	30.81	585	577
UniRef90_UPI00067FCF7E	32.09	585	578
UniRef90_W7CPN5	37.94	585	367
UniRef90_C7Q7T5	30.28	585	576
UniRef90_UPI0004C38DDE	32.25	585	575
UniRef90_L0HIQ3	32.77	585	590
UniRef90_D5EBA3	30.88	585	592
UniRef90_A0A0F0EM93	30.29	585	573
UniRef90_UPI00048150EA	33.97	585	578
UniRef90_K8ZHH9	32.39	585	574
UniRef90_D6CWQ0	32.48	585	613
UniRef90_UPI000479BE15	31.51	585	594
UniRef90_A0A0K1QDZ6	30.63	585	578
UniRef90_A0A0A0Z9C6	31.61	585	593
UniRef90_UPI0003FF9FDB	31.33	585	574
UniRef90_A4TA39	32.98	585	596
UniRef90_UPI0004288B91	30.45	585	574
UniRef90_I9RYH1	31.31	585	579
UniRef90_I4MYK4	30.89	585	572
UniRef90_A0A085GGP4	31.65	585	573
UniRef90_H2JMI4	34.07	585	598
UniRef90_J2GSD2	32.58	585	582
UniRef90_UPI00026CCA60	32.33	585	582
UniRef90_P37063	99.83	585	603
UniRef90_D4GNE5	29.93	585	616
UniRef90_Q0BPK5	30.63	585	577
UniRef90_UPI000401E9E5	38.28	585	573
UniRef90_UPI000704FD19	47.16	585	579
UniRef90_A0A0H2LLU6	27.88	585	574
UniRef90_UPI00055948D6	37.98	585	566
UniRef90_A0A0A3HKK6	48.36	585	580
UniRef90_C2FEN0	47.92	585	584
UniRef90_A0A0J6D2G7	36.22	585	573
UniRef90_G5KAK6	45.34	585	581
UniRef90_UPI0004288B91	29.14	585	574
UniRef90_UPI000509E1D5	36.43	585	573
UniRef90_UPI0003B45F33	28.83	585	574
UniRef90_A0A099VZX8	37.29	585	577
UniRef90_UPI0006F4EA15	28.17	585	586
UniRef90_A0A0J6T9A0	29.58	585	577
UniRef90_A0A0F6XUU7	29.60	585	575
UniRef90_UPI0003FADC0C	38.68	585	566
UniRef90_UPI000571FEF1	28.73	585	578
UniRef90_UPI00035D7654	28.47	585	574
UniRef90_I7MY28	47.59	585	579
UniRef90_T0H645	29.42	585	578
UniRef90_UPI000509F13D	37.91	585	566
UniRef90_A0A0J6T7A2	29.93	585	577
UniRef90_A0A0C6F7A0	30.29	585	577
UniRef90_W7DTV2	37.80	585	577
UniRef90_Q03GH0	47.32	585	577
UniRef90_UPI00028A289A	35.97	585	575
UniRef90_W7CV22	36.08	585	577
UniRef90_F8I0B9	70.50	585	599
UniRef90_A8I1B4	29.06	585	578
UniRef90_UPI000300464B	26.98	585	574
UniRef90_A0A085GV00	28.14	585	573
UniRef90_UPI0006FA64E2	29.25	585	591
UniRef90_UPI00035EA955	27.84	585	586
UniRef90_UPI000491A503	39.07	585	576
UniRef90_Q738G9	38.46	585	566
UniRef90_UPI000552CA36	38.41	585	573
UniRef90_UPI0004634371	29.55	585	572
UniRef90_I4MYK4	29.80	585	572
UniRef90_U4THW4	48.28	585	579
UniRef90_UPI0004AD6443	29.72	585	579
UniRef90_C7CBR5	28.29	585	577
UniRef90_A0A0D5XYZ0	29.08	585	582
UniRef90_UPI00048AC7E2	29.84	585	575
UniRef90_C7PHI2	29.60	585	574
UniRef90_UPI000645684D	55.99	585	596
UniRef90_UPI0006F047DD	78.22	585	600
UniRef90_A0A0D1A6Q9	48.54	585	581
UniRef90_UPI0003733C75	28.73	585	575
UniRef90_I0QU58	28.06	585	573
UniRef90_B3QK48	28.29	585	576
UniRef90_UPI00055842C5	37.94	585	566
UniRef90_A4Z270	27.24	585	576
UniRef90_P07003	29.01	585	572
UniRef90_UPI000255BD14	35.40	585	576
UniRef90_Q8EL23	36.51	585	573
UniRef90_UPI000685D96F	59.25	585	610
UniRef90_Q4KAM8	30.16	585	581
UniRef90_UPI0003451B28	28.52	585	576
UniRef90_S3H670	28.88	585	575
UniRef90_UPI000679DB27	30.32	585	575
UniRef90_UPI0006A7EB8C	27.70	585	574
UniRef90_B2VC68	30.40	585	573
UniRef90_A0A0J5S3X2	35.37	585	566
UniRef90_A8FA35	36.33	585	573
UniRef90_A0A0H4RFY7	38.09	585	566
UniRef90_UPI0004E1ECC2	29.37	585	573
UniRef90_UPI0006FC5F72	30.82	585	573
UniRef90_J1SJ44	29.91	585	575
UniRef90_K8PC38	30.81	585	578
UniRef90_S0AF05	27.96	585	573
UniRef90_S4DRM0	49.83	585	598
UniRef90_A0A0D1KQP1	29.91	585	572
UniRef90_A0A0M0ETV1	27.52	585	574
UniRef90_L0DNZ1	29.01	585	575
UniRef90_H2IRD5	28.44	585	574
UniRef90_A0A0J8E7A9	49.13	585	573
UniRef90_UPI000562A3A2	27.93	585	575
UniRef90_A0A0A0D8Z5	29.96	585	575
UniRef90_UPI000376C6F0	29.29	585	574
UniRef90_G8P1U0	27.57	585	574
UniRef90_I2BXD3	29.26	585	574
UniRef90_A0A0G9H0R4	29.19	585	576
UniRef90_D5DY95	36.44	585	573
UniRef90_UPI0005B9A538	30.80	585	575
UniRef90_F9VDM1	56.24	585	597
UniRef90_UPI00037B7501	29.19	585	575
UniRef90_T4JEX6	48.28	585	576
UniRef90_UPI0006D248D0	46.55	585	578
UniRef90_V5AMD0	29.14	585	572
UniRef90_R3U700	49.05	585	575
UniRef90_A0A0D0GHU8	28.21	585	574
UniRef90_UPI0004679378	30.87	585	577
UniRef90_UPI000248FEA8	47.69	585	582
UniRef90_H0TDN3	27.93	585	576
UniRef90_UPI00041A35AE	26.00	585	574
UniRef90_A0A070SD79	29.32	585	572
UniRef90_UPI000559529D	29.66	585	574
UniRef90_UPI0003825693	29.80	585	574
UniRef90_UPI000415A946	31.05	585	577
UniRef90_UPI0005353B6C	28.85	585	573
UniRef90_UPI000375BD19	29.93	585	579
UniRef90_UPI00067F28E7	35.69	585	573
UniRef90_UPI000704EABD	47.33	585	594
UniRef90_R2QST5	49.83	585	575
UniRef90_F7VH71	30.40	585	578
UniRef90_Q2KX15	29.08	585	577
UniRef90_UPI0004B40D1F	29.37	585	575
UniRef90_A0A0N1MSU9	31.41	585	578
UniRef90_Q2J3P6	28.11	585	576
UniRef90_UPI0005A6C4DD	26.69	585	575
UniRef90_D7V0H7	35.63	585	576
UniRef90_A0A087CNH3	60.10	585	615
UniRef90_J9W0L3	50.43	585	584
UniRef90_A0A0F3FZN9	51.29	585	582
UniRef90_B8ET92	28.65	585	577
UniRef90_UPI00055A325D	28.83	585	575
UniRef90_S0S413	48.28	585	576
UniRef90_UPI0003667E61	27.67	585	574
UniRef90_S0KU95	48.10	585	574
UniRef90_A0A085GJC2	27.34	585	573
UniRef90_A0A0J8YKB3	29.32	585	573
UniRef90_W7CZY4	38.73	585	576
UniRef90_A0A0A2UFE8	28.42	585	575
UniRef90_UPI00047AA7EB	29.14	585	573
UniRef90_UPI0006F532D5	26.41	585	587
UniRef90_N2ITY0	29.62	585	574
UniRef90_UPI000374A9A9	28.24	585	575
UniRef90_G7LV41	30.05	585	573
UniRef90_J2ZRZ1	48.96	585	580
UniRef90_UPI0004878FAF	29.60	585	576
UniRef90_UPI0006FB740C	26.62	585	578
UniRef90_A0A0H4KKM8	38.73	585	573
UniRef90_A0A0J5WF97	36.55	585	573
UniRef90_UPI0004B4CE21	34.95	585	574
UniRef90_H1Y6D2	32.01	585	573
UniRef90_UPI000552A98A	30.32	585	576
UniRef90_UPI00065DF1AE	48.79	585	573
UniRef90_UPI00041DF839	27.16	585	574
UniRef90_E1SIA9	28.96	585	573
UniRef90_S9T4A1	28.62	585	573
UniRef90_M3JTK9	29.14	585	574
UniRef90_Q5LAG1	29.93	585	579
UniRef90_V6J2V7	29.44	585	574
UniRef90_UPI0006F0A501	46.19	585	578
UniRef90_T0C9A2	28.60	585	574
UniRef90_I0RSU2	29.55	585	578
UniRef90_A0A0G4JV59	29.14	585	573
UniRef90_Q3BZ52	29.86	585	575
UniRef90_UPI00048B62FC	28.05	585	573
UniRef90_UPI00065E7103	29.55	585	578
UniRef90_A0A0D7Q019	30.81	585	578
UniRef90_R2MXV4	50.26	585	580
UniRef90_UPI00051A67C7	38.50	585	566
UniRef90_C5RD55	45.72	585	583
UniRef90_UPI0004262277	32.36	585	578
UniRef90_A0A085GGP4	30.34	585	573
UniRef90_UPI0005D3BE7E	27.88	585	573
UniRef90_A0A0D1NVW6	29.91	585	578
UniRef90_A0A0A5GEC7	36.19	585	571
UniRef90_D8MQA4	29.03	585	573
UniRef90_P96591	36.16	585	574
UniRef90_A0A0A1B0L1	28.06	585	573
UniRef90_R2Q3T2	48.28	585	575
UniRef90_UPI00046F0334	27.44	585	577
UniRef90_R5PII2	29.75	585	577
UniRef90_A0AGH7	38.55	585	576
UniRef90_UPI00035C47DB	29.55	585	572
UniRef90_A0A0H2QB72	28.42	585	574
UniRef90_K2BTW0	28.16	585	573
UniRef90_R0CWM3	31.05	585	580
UniRef90_A0A0J6W9W4	30.27	585	578
UniRef90_UPI000488ABA1	30.29	585	579
UniRef90_G7FYY6	24.68	585	574
UniRef90_UPI0003FBA5C1	34.66	585	573
UniRef90_A0A0L0AM95	29.68	585	572
UniRef90_C0WSP6	50.17	585	598
UniRef90_I4WEW4	29.44	585	574
UniRef90_UPI000524B8E6	29.78	585	579
UniRef90_A0A0B9AKR0	28.47	585	571
UniRef90_R2S7Q2	48.70	585	576
UniRef90_A0A0A1FQS6	30.27	585	578
UniRef90_A0A0J6VFI0	30.81	585	578
UniRef90_UPI0005A9EB4B	81.03	585	603
UniRef90_A0A087C4V4	59.01	585	615
UniRef90_E6WB58	29.75	585	573
UniRef90_I9RYH1	29.03	585	579
UniRef90_A0A0D1LPH3	70.66	585	599
UniRef90_J2GSD2	30.34	585	582
UniRef90_A0A0C3M8B5	31.54	585	579
UniRef90_UPI00039CDB8C	29.06	585	577
UniRef90_C9Y035	28.65	585	580
UniRef90_A0A024P260	36.21	585	573
UniRef90_UPI0003697DC3	30.32	585	576
UniRef90_K8WU30	28.06	585	574
UniRef90_UPI0006976281	28.75	585	580
UniRef90_A0A0A1GUT2	47.60	585	581
UniRef90_I6T5H7	48.01	585	576
UniRef90_B4WD97	30.16	585	588
UniRef90_H1YF30	28.83	585	578
UniRef90_G9S7N2	30.11	585	614
UniRef90_A0A0M0L5E5	34.37	585	574
UniRef90_A0A0F7A3I4	29.01	585	572
UniRef90_UPI000374A3C0	28.25	585	575
UniRef90_A0A0A8C203	31.05	585	575
UniRef90_A0A0A6VGV2	28.70	585	574
UniRef90_V6IXW2	37.46	585	576
UniRef90_UPI0006FF00B4	29.66	585	574
UniRef90_R5IMX9	29.93	585	579
UniRef90_U7A247	29.98	585	581
UniRef90_R9TS39	34.89	585	573
UniRef90_W6RNA1	28.70	585	578
UniRef90_F1Z5J9	30.74	585	574
UniRef90_UPI000483DFB2	29.89	585	575
UniRef90_A0A0A6NWR3	49.49	585	587
UniRef90_UPI00037A32A4	29.14	585	574
UniRef90_UPI00055966E3	29.31	585	578
UniRef90_UPI000702A55E	28.47	585	572
UniRef90_K8ZHH9	30.76	585	574
UniRef90_A0A0A5HN87	34.77	585	575
UniRef90_A0A084E3Z8	29.86	585	581
UniRef90_G9ZRX8	35.99	585	591
UniRef90_Q89E01	30.99	585	578
UniRef90_E3EG65	29.24	585	574
UniRef90_X0PEX7	48.10	585	578
UniRef90_A0A0B2AL32	29.62	585	574
UniRef90_UPI0004237D70	35.52	585	573
UniRef90_UPI00042030F2	28.19	585	575
UniRef90_UPI00041E731D	30.18	585	577
UniRef90_A0A087PLC3	30.02	585	577
UniRef90_A0A085I1R9	29.14	585	572
UniRef90_A0A0D6HR23	30.38	585	576
UniRef90_A0A0F2R1J5	30.62	585	585
UniRef90_UPI00048A0754	28.83	585	572
UniRef90_D6CWQ0	29.75	585	613
UniRef90_B2T6F3	27.47	585	574
UniRef90_UPI000485F531	28.95	585	577
UniRef90_Q38UJ8	46.89	585	577
UniRef90_K5BGZ3	29.01	585	578
UniRef90_A0A0D6P8P8	29.29	585	575
UniRef90_UPI0003B5E36A	50.34	585	585
UniRef90_A0A085V744	29.08	585	572
UniRef90_A0A0M5JCF8	35.34	585	572
UniRef90_A0A0J8YVH1	27.42	585	573
UniRef90_UPI0003B44167	29.06	585	577
UniRef90_UPI000306FBF2	33.73	585	577
UniRef90_UPI0003FA5AAE	29.73	585	578
UniRef90_S6FPF0	36.68	585	573
UniRef90_A0A0A2VEK2	34.60	585	575
UniRef90_S6J4L1	27.95	585	573
UniRef90_U2RUB3	29.78	585	577
UniRef90_B2PUI9	27.52	585	574
UniRef90_UPI000496F1B1	30.51	585	573
UniRef90_W7AZH7	34.82	585	577
UniRef90_UPI0002490EEF	48.63	585	583
UniRef90_M9U508	28.14	585	580
UniRef90_A0A0F0KJ49	29.19	585	574
UniRef90_UPI0003761F5E	28.08	585	580
UniRef90_UPI000420E39A	29.48	585	581
UniRef90_A0A069CS79	72.12	585	599
UniRef90_A0A094VLY2	27.83	585	574
UniRef90_UPI0006F01099	49.74	585	584
UniRef90_UPI0006FE6974	28.70	585	577
UniRef90_UPI0006D26E94	43.01	585	579
UniRef90_A0A0A1M503	38.93	585	573
UniRef90_W8F1M6	29.26	585	575
UniRef90_D5ZP65	26.88	585	580
UniRef90_D6AXG4	27.42	585	580
UniRef90_D7VA90	45.25	585	579
UniRef90_F2I8Y6	51.37	585	595
UniRef90_J7U4D2	28.32	585	573
UniRef90_A0A095T9G4	27.70	585	573
UniRef90_A0A094K888	37.63	585	567
UniRef90_Q9CE06	45.69	585	567
UniRef90_UPI00047DA329	28.62	585	574
UniRef90_A0A0B5DPG8	28.32	585	580
UniRef90_A0A078L7V6	31.19	585	584
UniRef90_A0A0F7VTV8	28.60	585	580
UniRef90_UPI0003707EAE	27.57	585	574
UniRef90_K0US86	30.02	585	575
UniRef90_A0A0F3L1H9	29.11	585	575
UniRef90_F9Z6B9	28.67	585	578
UniRef90_M5P3P3	35.29	585	573
UniRef90_UPI000370FCDD	27.51	585	576
UniRef90_C5AI98	30.09	585	573
UniRef90_G8RRH4	29.01	585	578
UniRef90_I7LRC5	58.05	585	596
UniRef90_I4Z1J8	29.55	585	577
UniRef90_UPI00035FA100	28.82	585	573
UniRef90_UPI00026CCA60	29.98	585	582
UniRef90_UPI0006FBD13F	28.70	585	577
UniRef90_A0A0B0D0D8	35.08	585	564
UniRef90_UPI0006D0DA4C	51.20	585	584
UniRef90_UPI0003F795C1	30.14	585	573
UniRef90_A0A086D1R3	30.92	585	574
UniRef90_U4TN45	52.07	585	583
UniRef90_F0EMW6	49.31	585	580
UniRef90_UPI0006F0A8F5	49.48	585	582
UniRef90_E9UXI5	29.78	585	582
UniRef90_L0IX03	29.55	585	578
UniRef90_H8FQ37	28.22	585	576
UniRef90_UPI0002D31BE8	33.10	585	573
UniRef90_A0A086ZEZ4	45.05	585	605
UniRef90_A0A0F7HIZ9	27.68	585	577
UniRef90_A0A0A1WBX5	27.39	585	574
UniRef90_UPI000361BB41	28.47	585	574
UniRef90_UPI0005A653E7	29.24	585	573
UniRef90_UPI0003FA5628	36.70	585	566
UniRef90_Q01Q35	29.18	585	601
UniRef90_A0A089ZQT7	30.16	585	572
UniRef90_UPI0003FF133E	28.18	585	582
UniRef90_M3V4B9	29.06	585	578
UniRef90_UPI0006F31713	29.32	585	582
UniRef90_UPI0006EF3AD3	45.39	585	590
UniRef90_C0WM38	44.04	585	586
UniRef90_UPI0003AA1906	29.37	585	574
UniRef90_UPI0002D43270	36.38	585	566
UniRef90_A0A0C1YA71	28.44	585	580
UniRef90_F7Z6Z0	27.44	585	574
UniRef90_UPI00026287A8	33.85	585	580
UniRef90_UPI00055912F4	26.49	585	579
UniRef90_H1QK56	28.14	585	580
UniRef90_A0A071M145	27.05	585	574
UniRef90_F8KZ12	29.68	585	574
UniRef90_L5N2H9	34.48	585	573
UniRef90_A0A077LR94	28.29	585	572
UniRef90_D6EKQ4	27.78	585	580
UniRef90_UPI00048150EA	31.65	585	578
UniRef90_I8UBN4	27.90	585	574
UniRef90_UPI0007048BA3	45.27	585	580
UniRef90_W0HP44	28.62	585	569
UniRef90_A0A0K1QDZ6	29.68	585	578
UniRef90_A0A081BHG8	49.40	585	584
UniRef90_G9ZRG0	76.16	585	579
UniRef90_UPI0004A49D81	28.62	585	573
UniRef90_UPI00036ABCFB	45.61	585	614
UniRef90_J9W0U9	41.23	585	584
UniRef90_W9ALG6	34.48	585	571
UniRef90_A0A062VU73	28.42	585	574
UniRef90_UPI0003639EE7	26.44	585	580
UniRef90_A0A084IMP9	27.93	585	575
UniRef90_A0A085JC32	28.42	585	573
UniRef90_UPI0004244DD0	28.23	585	576
UniRef90_UPI000377AE69	32.14	585	588
UniRef90_UPI0006F54239	29.24	585	577
UniRef90_UPI0003F959C0	48.55	585	593
UniRef90_H7F454	35.80	585	575
UniRef90_A0A074U4E6	27.31	585	572
UniRef90_T0VGU5	47.32	585	578
UniRef90_UPI0004C6A65F	27.42	585	580
UniRef90_I9CNL6	28.90	585	576
UniRef90_UPI0004BEB16E	29.35	585	577
UniRef90_A0A078KSJ0	28.65	585	573
UniRef90_UPI0002E07C72	30.29	585	567
UniRef90_G9ZL77	44.21	585	586
UniRef90_K0IK18	31.07	585	615
UniRef90_UPI0006FD680F	29.78	585	575
UniRef90_UPI00037BF105	29.08	585	579
UniRef90_G6CE39	46.46	585	578
UniRef90_UPI0004870CF8	28.47	585	573
UniRef90_UPI0002884D83	30.16	585	582
UniRef90_R9GR88	27.42	585	577
UniRef90_UPI0004A6C697	28.70	585	574
UniRef90_UPI000365992B	27.93	585	575
UniRef90_H6N535	27.31	585	583
UniRef90_W4S5D8	30.91	585	557
UniRef90_A0A0B1PZ04	29.48	585	576
UniRef90_I2N8Q3	28.21	585	580
UniRef90_Q6PST7	32.99	585	579
UniRef90_B1LSV3	31.46	585	575
UniRef90_UPI00041BD6EB	28.55	585	571
UniRef90_UPI0006F3EEC0	28.65	585	578
UniRef90_A0A0M2ZQJ9	29.73	585	578
UniRef90_A0A0M0SJV3	32.14	585	583
UniRef90_H5UHV9	28.34	585	578
UniRef90_UPI00048FB249	29.19	585	578
UniRef90_A0A0F3FY23	40.03	585	580
UniRef90_UPI0004192C80	28.45	585	575
UniRef90_UPI00035F4EF2	28.39	585	574
UniRef90_J9W3U0	43.70	585	586
UniRef90_N4WKT5	34.45	585	573
UniRef90_UPI0005A8DDD5	28.85	585	573
UniRef90_D3HS37	27.39	585	575
UniRef90_UPI00041CB7EB	28.29	585	574
UniRef90_S0GK66	29.57	585	579
UniRef90_UPI0003822D4B	28.11	585	577
UniRef90_UPI0006F990E9	29.68	585	584
UniRef90_I4EDA9	31.56	585	584
UniRef90_A0A0A2SU36	28.47	585	575
UniRef90_A0A0F7CNE9	28.60	585	571
UniRef90_S0S6T3	47.92	585	573
UniRef90_A6LAP1	29.39	585	579
UniRef90_G8MMZ7	28.19	585	573
UniRef90_UPI000704F5E1	46.30	585	577
UniRef90_UPI000408649E	30.04	585	575
UniRef90_K9AHF6	28.47	585	571
UniRef90_UPI0006FBCBFB	30.76	585	579
UniRef90_G2NYP3	27.24	585	580
UniRef90_UPI0005AAAA80	35.33	585	571
UniRef90_A0A075JQY3	34.57	585	571
UniRef90_UPI00036A0401	27.60	585	580
UniRef90_UPI0003B5A3D7	27.29	585	578
UniRef90_K2GMH5	32.93	585	571
UniRef90_Q03ES9	46.75	585	582
UniRef90_A0A061LWR5	28.83	585	574
UniRef90_B9DL04	33.79	585	580
UniRef90_Q1N3D1	35.43	585	555
UniRef90_UPI0006F158D1	36.16	585	577
UniRef90_UPI0004D0237D	27.47	585	573
UniRef90_A0A094JFA7	26.18	585	574
UniRef90_D0Z353	27.07	585	572
UniRef90_UPI00037790DE	27.06	585	588
UniRef90_UPI0006D2BB3F	45.14	585	575
UniRef90_UPI0003FFFB10	26.76	585	573
UniRef90_UPI0002F1B173	29.37	585	578
UniRef90_A0A0F3LBR3	29.32	585	574
UniRef90_UPI000349A5BD	29.60	585	574
UniRef90_UPI0003F955F4	26.22	585	574
UniRef90_Q04D18	35.22	585	578
UniRef90_UPI0002D78247	29.91	585	573
UniRef90_I3ZLJ3	27.80	585	578
UniRef90_UPI0003702B8F	29.24	585	577
UniRef90_A0A0N0SGK0	27.90	585	580
UniRef90_A0A0N1CKE3	48.70	585	573
UniRef90_J2I4J4	29.74	585	578
UniRef90_UPI0002DD9083	27.26	585	580
UniRef90_UPI00034BDEFA	29.86	585	578
UniRef90_F2RB10	28.75	585	580
UniRef90_UPI0006F12529	40.98	585	586
UniRef90_UPI00065FFE1F	33.11	585	580
UniRef90_W6XB13	28.11	585	573
UniRef90_D6Z840	29.42	585	578
UniRef90_E8N8V4	30.14	585	574
UniRef90_UPI000419D99D	28.65	585	571
UniRef90_S0KXN7	35.68	585	579
UniRef90_A0A033UBH3	34.14	585	577
UniRef90_E0NHE0	40.34	585	583
UniRef90_UPI0004CA3369	27.78	585	580
UniRef90_C5ALC2	28.98	585	574
UniRef90_UPI000465B79D	26.85	585	573
UniRef90_UPI0006FCA018	28.70	585	573
UniRef90_UPI00069A129E	28.21	585	580
UniRef90_A0A022LSG0	29.42	585	574
UniRef90_UPI00036BE125	27.93	585	574
UniRef90_A0A0D5LR81	26.94	585	572
UniRef90_A0A098T334	28.67	585	573
UniRef90_D8MFT3	47.45	585	606
UniRef90_A0A0K9JAP8	47.45	585	606
UniRef90_A0A014PSB7	28.60	585	573
UniRef90_UPI0006E35918	27.78	585	580
UniRef90_A0A0D0KHR4	27.93	585	578
UniRef90_F2LM11	29.01	585	573
UniRef90_A0A0F0KS38	30.09	585	574
UniRef90_G9EJR8	29.01	585	575
UniRef90_A0A091C7T5	49.66	585	593
UniRef90_UPI00020D9E29	48.30	585	606
UniRef90_A8IPZ6	28.65	585	579
UniRef90_D7VPG2	29.52	585	577
UniRef90_UPI0006FDB768	28.90	585	582
UniRef90_A0A095YCS4	28.75	585	570
UniRef90_I7IJJ7	33.62	585	580
UniRef90_UPI0003C77AC1	29.03	585	580
UniRef90_A0A0D4BY58	28.65	585	573
UniRef90_UPI0003450429	30.69	585	574
UniRef90_UPI00062BE29B	32.50	585	584
UniRef90_A0A069F8X8	33.16	585	581
UniRef90_D7C4Q3	28.14	585	580
UniRef90_UPI0006F3230D	29.14	585	572
UniRef90_A0A084H4W5	34.60	585	571
UniRef90_UPI00047AFEEC	28.32	585	582
UniRef90_A0A0G3IE51	29.42	585	578
UniRef90_A0A0D4DIA0	27.55	585	580
UniRef90_UPI000704F78E	39.90	585	600
UniRef90_UPI00067ED9A0	26.44	585	574
UniRef90_UPI00041D82DA	26.26	585	580
UniRef90_A0A0N1C923	30.02	585	573
UniRef90_A0A0L0MEQ6	26.93	585	573
UniRef90_J1F0I2	36.32	585	578
UniRef90_UPI000489E3F5	30.69	585	572
UniRef90_J3EPU6	45.50	585	586
UniRef90_UPI00045EA02B	28.90	585	573
UniRef90_UPI0006F48316	28.88	585	577
UniRef90_Q13QM4	27.57	585	573
UniRef90_Q11SV2	29.95	585	579
UniRef90_F3ZDJ2	29.21	585	581
UniRef90_Q4L947	32.31	585	579
UniRef90_H1LG65	44.39	585	586
UniRef90_UPI0004C999B2	28.49	585	582
UniRef90_W0AES1	29.91	585	574
UniRef90_UPI00029ACEF7	28.21	585	573
UniRef90_A0A075LJD6	35.58	585	574
UniRef90_A0A0F5XAT4	33.62	585	580
UniRef90_A0A0A6F7X7	29.32	585	582
UniRef90_A0A0A7JPX7	28.00	585	572
UniRef90_UPI0006F46A19	28.34	585	574
UniRef90_UPI0006CFF056	44.91	585	598
UniRef90_A0A0I9W2P8	29.82	585	581
UniRef90_A0A0A6T421	29.19	585	572
