UniRef90_P51541	99.16	356	357
UniRef90_A0A087TUK3	83.71	356	357
UniRef90_A0A087TUP1	81.69	356	391
UniRef90_T1KHH4	81.36	356	356
UniRef90_A0A023GBG2	80.85	356	356
UniRef90_A0A023GGV5	81.13	356	387
UniRef90_K7IUI5	80.17	356	355
UniRef90_K4PWX1	79.66	356	385
UniRef90_Q95V58	78.31	356	356
UniRef90_C7E3T4	77.90	356	356
UniRef90_A0A0L7LS98	78.53	356	385
UniRef90_T1J6W9	79.72	356	374
UniRef90_D7F1J5	77.34	356	356
UniRef90_A1KXC3	76.84	356	356
UniRef90_Q95PM9	76.84	356	355
UniRef90_D6W729	78.19	356	492
UniRef90_A7XZJ2	77.40	356	356
UniRef90_UPI00026591B6	81.18	356	1334
UniRef90_UPI0005D06575	77.12	356	379
UniRef90_A7XZJ5	77.12	356	356
UniRef90_R4G5I9	77.40	356	356
UniRef90_C6H0K8	75.92	356	355
UniRef90_B1A4C9	75.99	356	356
UniRef90_P91798	77.05	356	356
UniRef90_F6GPJ8	76.84	356	356
UniRef90_L0ESP4	76.34	356	356
UniRef90_E0W485	74.79	356	356
UniRef90_J3JXG0	74.22	356	355
UniRef90_H9BZ68	75.21	356	356
UniRef90_A6M9J4	76.20	356	356
UniRef90_P48610	74.37	356	356
UniRef90_A0A088ARZ8	78.19	356	383
UniRef90_B0WLS0	73.45	356	410
UniRef90_A0A0A1WP98	74.93	356	356
UniRef90_Q7PIQ5	74.01	356	397
UniRef90_P48610-4	74.37	356	396
UniRef90_W8BCX7	74.93	356	415
UniRef90_B4L9H2	74.93	356	584
UniRef90_O61367	77.90	356	355
UniRef90_E9FV57	73.60	356	357
UniRef90_UPI0004F40691	74.64	356	408
UniRef90_O96507	73.50	356	357
UniRef90_UPI0003297865	74.93	356	549
UniRef90_B3MA41	74.93	356	568
UniRef90_B4LB50	74.65	356	573
UniRef90_T1DCZ5	68.68	356	385
UniRef90_Q29F58	74.08	356	564
UniRef90_B4N6X5	74.08	356	570
UniRef90_G0U2A6	72.57	356	375
UniRef90_B4J0X8	73.80	356	603
UniRef90_Q38EU9	73.49	356	356
UniRef90_C6H0K6	70.54	356	372
UniRef90_F9W6K8	71.18	356	356
UniRef90_UPI00046BD277	71.95	356	354
UniRef90_A0A0L0C741	74.65	356	1125
UniRef90_UPI00026589C1	71.27	356	371
UniRef90_D6WFH2	69.77	356	371
UniRef90_A0A076L2M2	73.55	356	356
UniRef90_UPI0002657AFF	68.93	356	357
UniRef90_W6L349	68.97	356	357
UniRef90_F8UVI3	69.28	356	357
UniRef90_UPI0006CEDF21	67.72	356	401
UniRef90_UPI0004AAFF93	75.97	356	326
UniRef90_A0A061JCD7	73.63	356	312
UniRef90_E1CG13	70.26	356	359
UniRef90_B5AK57	64.62	356	361
UniRef90_Q7Z1Z3	66.30	356	360
UniRef90_A4F2K7	65.13	356	374
UniRef90_E1GBI0	65.53	356	370
UniRef90_A0A090L7M9	65.33	356	360
UniRef90_A0A0N4Y3J6	64.69	356	358
UniRef90_A0A0K0G2Q6	65.83	356	402
UniRef90_A0A0K0FGG6	64.20	356	360
UniRef90_A0A0N5A259	64.31	356	360
UniRef90_A0A0N5CW61	60.95	356	376
UniRef90_A0A0B2V5G5	63.76	356	345
UniRef90_A0A0N4ZXA5	64.44	356	407
UniRef90_B5AK58	64.27	356	411
UniRef90_H3DYX7	64.04	356	394
UniRef90_Q177S3	63.69	356	469
UniRef90_Q10454	63.13	356	396
UniRef90_UPI0006261855	61.93	356	377
UniRef90_D5FLG2	62.92	356	400
UniRef90_UPI0006C979AF	60.28	356	369
UniRef90_Q27535	64.77	356	360
UniRef90_A0A090KYR4	62.85	356	359
UniRef90_B0W4C6	62.32	356	466
UniRef90_UPI00053345E3	76.24	356	283
UniRef90_H2WQP8	64.25	356	399
UniRef90_U6P3I3	62.01	356	399
UniRef90_UPI000224685F	62.54	356	370
UniRef90_A0A0C4W9X1	83.92	356	268
UniRef90_UPI000625B03F	63.66	356	371
UniRef90_H3EZN8	64.41	356	346
UniRef90_A7YVI5	61.24	356	400
UniRef90_UPI000615283C	64.26	356	381
UniRef90_N6TMV3	60.29	356	375
UniRef90_A0A0K0E8Z6	62.67	356	410
UniRef90_UPI0005CF8D8F	61.85	356	369
UniRef90_A0A0N4XEA0	61.73	356	398
UniRef90_Q6XLN0	62.05	356	407
UniRef90_O01854	63.13	356	427
UniRef90_A0A0B6XZ78	61.11	356	363
UniRef90_F5BGR9	75.28	356	267
UniRef90_A0A016SMJ1	61.45	356	417
UniRef90_W2TIE5	62.29	356	373
UniRef90_B3MA40	60.39	356	388
UniRef90_A0A0K0DQQ3	56.58	356	404
UniRef90_F5BGT8	75.28	356	267
UniRef90_A0A0N1ITS2	61.74	356	376
UniRef90_A0A087ZPS5	61.32	356	377
UniRef90_B4N6X4	60.22	356	392
UniRef90_A0A0N4U8E7	60.56	356	367
UniRef90_A0A0N4ZQ46	61.06	356	400
UniRef90_F5BGU1	74.81	356	266
UniRef90_E5SFH9	59.89	356	408
UniRef90_A0A0K0FDC1	61.34	356	400
UniRef90_B4L9H1	62.07	356	360
UniRef90_Q9VST4	58.15	356	388
UniRef90_A0A0M3JSD5	58.20	356	410
UniRef90_S6A6F6	77.25	356	255
UniRef90_B4HB11	61.47	356	384
UniRef90_A0A0D8XWN6	60.22	356	348
UniRef90_A0A085MEI8	58.00	356	423
UniRef90_A0A0K0CVN5	59.78	356	366
UniRef90_B4LB51	58.81	356	380
UniRef90_O45518	60.34	356	372
UniRef90_A0A0B1PKV7	59.37	356	362
UniRef90_A0A0K2TEY9	58.71	356	382
UniRef90_A0A0N5E3M7	59.82	356	423
UniRef90_UPI0006B08670	92.99	356	308
UniRef90_UPI0006B08670	77.27	356	308
UniRef90_A0A0K0YFY3	72.37	356	257
UniRef90_U5LQF7	76.03	356	242
UniRef90_H2D0J5	61.03	356	391
UniRef90_E7D1C6	80.43	356	258
UniRef90_UPI0006B06E08	61.52	356	358
UniRef90_A0A0B7AJJ8	60.06	356	552
UniRef90_A0A0B7AJJ8	65.43	356	552
UniRef90_J4H7X4	74.79	356	242
UniRef90_A0A085LZD3	56.75	356	644
UniRef90_T1GTY1	71.48	356	291
UniRef90_J7GUG8	71.76	356	256
UniRef90_A0A0N4UBC0	59.82	356	323
UniRef90_A0A0N4WK46	62.09	356	361
UniRef90_K1QTF2	58.62	356	351
UniRef90_D3J8S8	76.89	356	238
UniRef90_D5LG82	76.11	356	247
UniRef90_A0A0A0RPE9	77.59	356	232
UniRef90_A6QBA0	57.78	356	343
UniRef90_A0A0A0RPD8	74.47	356	235
UniRef90_H3FD29	62.54	356	317
UniRef90_V3ZT40	57.79	356	722
UniRef90_V3ZT40	56.21	356	722
UniRef90_Q760P6	58.67	356	350
UniRef90_A0A075X613	73.64	356	239
UniRef90_J9PJ22	56.61	356	350
UniRef90_Q760P7	57.31	356	348
UniRef90_A0A0A0R433	74.47	356	235
UniRef90_O15990	56.65	356	349
UniRef90_A0A0D8XZK9	62.58	356	330
UniRef90_A0A0A0YSP5	76.68	356	225
UniRef90_Q9NKV4	56.20	356	348
UniRef90_A0A0A0RIR8	75.00	356	235
UniRef90_UPI0006C9C564	52.12	356	381
UniRef90_K4F5B8	55.49	356	366
UniRef90_A0A0K0YAY8	59.05	356	371
UniRef90_F5A6C6	76.39	356	245
UniRef90_A0A0B1TKF3	58.71	356	316
UniRef90_A0A0K0EZR7	55.59	356	331
UniRef90_R9W931	56.43	356	351
UniRef90_D8V7I9	58.51	356	352
UniRef90_Q9NKV5	56.23	356	347
UniRef90_Q4CRC5	73.28	356	237
UniRef90_Q7PYN5	50.58	356	463
UniRef90_E6X299	54.93	356	344
UniRef90_A0A088FFU0	78.22	356	224
UniRef90_V5W6Y5	55.40	356	355
UniRef90_A0A0N5DRD2	60.40	356	312
UniRef90_Q9NKV6	54.36	356	350
UniRef90_A0A059XKS2	78.22	356	224
UniRef90_J7EQ70	75.11	356	221
UniRef90_UPI00021A869F	58.39	356	324
UniRef90_A0A077ZI39	58.02	356	576
UniRef90_O15989	54.94	356	358
UniRef90_F4YJM2	71.01	356	238
UniRef90_UPI00046A1B9F	52.99	356	345
UniRef90_V3ZXU3	54.89	356	367
UniRef90_UPI0003599C02	56.73	356	440
UniRef90_A0A0L8H9P1	55.62	356	397
UniRef90_A7RGZ5	51.96	356	708
UniRef90_A7RGZ5	54.17	356	708
UniRef90_A0A097KVM0	79.52	356	210
UniRef90_F6K709	78.54	356	260
UniRef90_A0A059XKR8	75.56	356	224
UniRef90_A0A088FC52	76.89	356	224
UniRef90_Q9BLC7	55.59	356	354
UniRef90_A0A0B2VLN0	56.52	356	473
UniRef90_E3TMG6	55.88	356	351
UniRef90_A0A0B5JTE5	74.07	356	216
UniRef90_A0A084VTW4	49.13	356	464
UniRef90_A0A0B6ZYJ1	55.13	356	417
UniRef90_P51544	52.68	356	358
UniRef90_Q9BLC6	55.78	356	347
UniRef90_O15992	55.36	356	715
UniRef90_O15992	49.58	356	715
UniRef90_A0A0B7A005	55.49	356	434
UniRef90_H9NFN9	69.66	356	236
UniRef90_D7PPG4	76.26	356	248
UniRef90_J7GSC8	71.05	356	228
UniRef90_U3PZF9	68.46	356	241
UniRef90_A0A059XPV0	75.11	356	224
UniRef90_D5FNT8	77.83	356	213
UniRef90_B4J0X9	54.90	356	321
UniRef90_A0A024HZP5	70.12	356	241
UniRef90_G3C6L7	75.71	356	210
UniRef90_C3VUU5	55.36	356	723
UniRef90_C3VUU5	52.06	356	723
UniRef90_UPI000161CF4E	69.26	356	251
UniRef90_C3VUU4	55.39	356	725
UniRef90_C3VUU4	51.49	356	725
UniRef90_A0A0N5AFF9	49.86	356	396
UniRef90_Q8N0P3	53.26	356	724
UniRef90_Q8N0P3	50.73	356	724
UniRef90_A7SPV6	50.14	356	391
UniRef90_B3TNC9	79.60	356	201
UniRef90_O77052	55.33	356	724
UniRef90_O77052	51.76	356	724
UniRef90_B3TFY9	81.41	356	199
UniRef90_B8XE39	79.29	356	198
UniRef90_V4A740	53.60	356	358
UniRef90_A0A024HZ27	78.11	356	206
UniRef90_I0FXI8	50.56	356	1081
UniRef90_I0FXI8	50.98	356	1081
UniRef90_I0FXI8	52.24	356	1081
UniRef90_A0A024HZR3	75.36	356	208
UniRef90_Q8N0P4	54.62	356	723
UniRef90_Q8N0P4	51.76	356	723
UniRef90_S6HVD6	49.40	356	342
UniRef90_A0A0L0CBN1	50.86	356	453
UniRef90_A9UWZ8	52.40	356	357
UniRef90_B0L6Z9	51.42	356	389
UniRef90_Q4AEC4	53.37	356	726
UniRef90_Q4AEC4	50.29	356	726
UniRef90_B8QZZ0	73.81	356	210
UniRef90_Q8MWR8	52.53	356	723
UniRef90_Q8MWR8	50.14	356	723
UniRef90_A9UQM6	50.57	356	379
UniRef90_A6XH14	51.14	356	361
UniRef90_UPI000331649D	61.75	356	257
UniRef90_W8BZC2	50.29	356	456
UniRef90_E4U9T2	50.30	356	340
UniRef90_W5JTQ8	48.01	356	490
UniRef90_UPI0006739FF7	48.72	356	453
UniRef90_F2UNN6	51.00	356	582
UniRef90_UPI0003C36850	48.43	356	453
UniRef90_J9G8F4	52.05	356	374
UniRef90_C6ZQN7	78.06	356	197
UniRef90_Q5QBL9	74.29	356	232
UniRef90_Q4AED0	50.57	356	356
UniRef90_A6F800	48.94	356	359
UniRef90_UPI0005C3B5F5	54.93	356	307
UniRef90_U5LMZ0	77.66	356	189
UniRef90_A0A074ZN93	48.99	356	655
UniRef90_A0A074ZN93	55.56	356	655
UniRef90_G7YHA8	48.97	356	717
UniRef90_G7YHA8	48.22	356	717
UniRef90_A0A061JCI7	75.00	356	217
UniRef90_A0A078AL78	51.04	356	372
UniRef90_D7NRE0	73.21	356	213
UniRef90_B4JT45	47.99	356	456
UniRef90_B4GEU9	47.41	356	456
UniRef90_R9YZ68	78.61	356	188
UniRef90_B0L6Z8	49.00	356	382
UniRef90_X1XKF9	78.07	356	197
UniRef90_A0A078A6K5	50.30	356	939
UniRef90_A0A078A6K5	49.10	356	939
UniRef90_U3T1K4	47.65	356	370
UniRef90_G9K0E0	77.84	356	185
UniRef90_J9G9S7	50.00	356	926
UniRef90_J9G9S7	49.10	356	926
UniRef90_J9J2X5	49.25	356	371
UniRef90_A0A023JCY2	48.97	356	716
UniRef90_A0A023JCY2	47.89	356	716
UniRef90_A5JDK9	77.66	356	200
UniRef90_J9J264	51.50	356	2206
UniRef90_J9J264	49.71	356	2206
UniRef90_J9J264	48.82	356	2206
UniRef90_J9J264	49.85	356	2206
UniRef90_J9J264	47.72	356	2206
UniRef90_S4VGM4	50.00	356	715
UniRef90_S4VGM4	45.20	356	715
UniRef90_J0XFR5	46.07	356	395
UniRef90_K1PTK3	52.98	356	391
UniRef90_K4I1P3	59.27	356	273
UniRef90_C7BCG0	47.23	356	716
UniRef90_C7BCG0	45.61	356	716
UniRef90_U3T2Y2	49.41	356	716
UniRef90_U3T2Y2	46.41	356	716
UniRef90_A0A077ZVB8	51.80	356	2205
UniRef90_A0A077ZVB8	50.44	356	2205
UniRef90_A0A077ZVB8	49.85	356	2205
UniRef90_A0A077ZVB8	48.39	356	2205
UniRef90_A0A077ZVB8	48.02	356	2205
UniRef90_P16641	48.10	356	746
UniRef90_P16641	46.46	356	746
UniRef90_I7M9E4	46.33	356	370
UniRef90_A0A0A8KZ42	69.31	356	202
UniRef90_I7ML96	49.28	356	714
UniRef90_I7ML96	46.88	356	714
UniRef90_M4Q4F6	70.09	356	191
UniRef90_A0A0A0YV44	48.90	356	319
UniRef90_A0A0H5S1A6	44.79	356	395
UniRef90_Q9VF23	45.14	356	457
UniRef90_C3VEI3	81.21	356	165
UniRef90_U3PUJ2	74.43	356	177
UniRef90_A0A044TC48	45.83	356	441
UniRef90_J9J0E6	45.16	356	398
UniRef90_W4FR66	46.75	356	782
UniRef90_W4FR66	45.72	356	782
UniRef90_D0NG20	43.95	356	431
UniRef90_K3WTK4	45.25	356	781
UniRef90_K3WTK4	46.31	356	781
UniRef90_F0W1I6	44.74	356	398
UniRef90_A0A0G0GXE2	43.79	356	338
UniRef90_Q9XY07	46.47	356	370
UniRef90_A0A0K2QK94	45.86	356	369
UniRef90_F4YCW3	78.44	356	168
UniRef90_UPI0000E4A65F	45.24	356	417
UniRef90_C5H2S5	81.13	356	159
UniRef90_Q5C101	54.77	356	242
UniRef90_H3H1P2	44.41	356	785
UniRef90_H3H1P2	44.84	356	785
UniRef90_A0A0H4XI07	45.43	356	339
UniRef90_C3ZVJ6	45.77	356	362
UniRef90_UPI0006746287	62.56	356	223
UniRef90_A0A0K2QKA0	45.16	356	420
UniRef90_L0ASA3	73.94	356	165
UniRef90_A0A024TCT1	42.77	356	439
UniRef90_Q7T306	46.31	356	380
UniRef90_Q4AEC7	44.38	356	364
UniRef90_I0E0A7	45.40	356	368
UniRef90_A7RNR3	44.71	356	411
UniRef90_H3G8J3	42.56	356	351
UniRef90_Q6P347	46.02	356	381
UniRef90_V9P1K7	46.02	356	355
UniRef90_W4FQ23	43.95	356	769
UniRef90_B8QZZ1	63.05	356	203
UniRef90_T0S9M9	44.66	356	782
UniRef90_T0S9M9	45.29	356	782
UniRef90_Q4AEC6	42.81	356	365
UniRef90_W5NBZ6	45.13	356	377
UniRef90_A0A067CPR0	44.66	356	751
UniRef90_A0A067CPR0	41.76	356	751
UniRef90_Q1DA50	45.32	356	341
UniRef90_Q90X19	46.04	356	381
UniRef90_F6SAC0	45.64	356	381
UniRef90_A0A0N5CNP0	41.18	356	391
UniRef90_U5LLX4	76.92	356	156
UniRef90_H9ZVS9	46.06	356	381
UniRef90_A0A067CVR4	42.77	356	440
UniRef90_H2L804	46.33	356	394
UniRef90_B5DGG5	45.45	356	380
UniRef90_A7RQU9	43.31	356	376
UniRef90_Q6APG0	41.96	356	375
UniRef90_J7GUA4	78.06	356	156
UniRef90_UPI00054BADFD	42.93	356	387
UniRef90_UPI000674BF02	41.87	356	451
UniRef90_R7TKL7	42.86	356	398
UniRef90_Q7T1J1	45.27	356	377
UniRef90_I3KS51	43.37	356	381
UniRef90_Q14TA9	43.10	356	377
UniRef90_O15991	42.77	356	371
UniRef90_U3JJL6	43.85	356	407
UniRef90_H2T0Z4	43.87	356	398
UniRef90_Q76G22	45.61	356	381
UniRef90_A0A024G9L2	43.62	356	791
UniRef90_A0A024G9L2	44.15	356	791
UniRef90_H3DNS1	46.36	356	597
UniRef90_H3DNS1	45.96	356	597
UniRef90_I3K3E8	44.38	356	387
UniRef90_F0X212	44.91	356	513
UniRef90_B5DGP2	43.84	356	381
UniRef90_Q4AEC5	44.02	356	412
UniRef90_C8CG36	42.94	356	368
UniRef90_UPI0006442DD5	44.57	356	383
UniRef90_P05122	44.67	356	381
UniRef90_F2UEV8	51.60	356	340
UniRef90_UPI00062B73EF	43.79	356	346
UniRef90_Q9PV91	45.16	356	381
UniRef90_A0A0M4EDB2	61.54	356	317
UniRef90_A0A0M4EDB2	58.06	356	317
UniRef90_A0A0A8KZ80	78.38	356	148
UniRef90_Q76G21	46.06	356	381
UniRef90_P06732	42.78	356	381
UniRef90_Q08BV6	43.01	356	381
UniRef90_W5ZLY4	44.87	356	380
UniRef90_B0FYX1	41.94	356	368
UniRef90_A0A097KVH1	80.00	356	150
UniRef90_Q9XZF5	41.29	356	372
UniRef90_J7GS82	70.76	356	171
UniRef90_U3FZM4	44.31	356	381
UniRef90_A6XH09	42.77	356	366
UniRef90_UPI0000E491D5	43.60	356	372
UniRef90_P12277	44.67	356	381
UniRef90_P24722	43.49	356	383
UniRef90_P86699	71.51	356	223
UniRef90_Q6BDZ3	41.62	356	379
UniRef90_A0A0G2CQZ3	45.45	356	372
UniRef90_P04414	44.02	356	381
UniRef90_C3ZD21	41.72	356	355
UniRef90_K4G6X3	43.49	356	376
UniRef90_E2JE77	45.21	356	355
UniRef90_Q4S6F5	44.11	356	860
UniRef90_Q4S6F5	44.11	356	860
UniRef90_Q6XGY4	44.48	356	379
UniRef90_Q6RSH1	42.12	356	407
UniRef90_H3ASR5	44.41	356	389
UniRef90_H2ZCP0	42.74	356	383
UniRef90_Q6BDZ8	42.53	356	377
UniRef90_C0STY4	44.90	356	355
UniRef90_C1BRY2	45.77	356	354
UniRef90_A6XH13	43.95	356	408
UniRef90_W5K1M2	45.65	356	409
UniRef90_V9KXF9	44.02	356	381
UniRef90_Q67E02	43.40	356	380
UniRef90_UPI0003B52582	40.83	356	344
UniRef90_UPI0004A2FD4A	43.73	356	387
UniRef90_Q6WVK0	77.56	356	156
UniRef90_X5FKX6	41.85	356	378
UniRef90_J9F0D6	45.72	356	363
UniRef90_A0A0F7BMW6	42.86	356	342
UniRef90_F8C7U3	43.33	356	341
UniRef90_A6XH15	42.94	356	374
UniRef90_P07335	43.99	356	381
UniRef90_UPI0003751122	42.12	356	343
UniRef90_W8GJF4	43.24	356	390
UniRef90_Q4AEC9	41.41	356	411
UniRef90_UPI00021A4171	42.62	356	780
UniRef90_UPI00021A4171	41.67	356	780
UniRef90_B8R001	77.85	356	149
UniRef90_Q1EQ67	42.12	356	379
UniRef90_B5MGP5	43.24	356	378
UniRef90_Q8T6T7	41.07	356	366
UniRef90_H3B3Y5	44.02	356	381
UniRef90_A7RNE1	41.48	356	363
UniRef90_UPI0001CB9D95	42.86	356	373
UniRef90_I0E0A8	41.30	356	371
UniRef90_I5B6N2	41.32	356	343
UniRef90_H9GA84	47.84	356	312
UniRef90_I1GHV0	44.61	356	371
UniRef90_B5MGP4	43.92	356	404
UniRef90_C1BQ49	44.78	356	405
UniRef90_A7S1A1	42.52	356	369
UniRef90_UPI0006966A9D	44.29	356	1216
UniRef90_UPI0006966A9D	42.60	356	1216
UniRef90_UPI0006966A9D	42.60	356	1216
UniRef90_A6XH10	42.18	356	408
UniRef90_Q6BDZ7	41.19	356	382
UniRef90_UPI0006893D5B	40.96	356	343
UniRef90_H2ZCP3	42.17	356	579
UniRef90_H2ZCP3	43.86	356	579
UniRef90_D1L9F1	78.08	356	146
UniRef90_UPI0006EAD6B4	43.73	356	381
UniRef90_A6XH08	40.75	356	366
UniRef90_F7B0A7	41.94	356	362
UniRef90_P18294	42.65	356	1174
UniRef90_P18294	43.07	356	1174
UniRef90_P18294	40.99	356	1174
UniRef90_A0A0N4VKI3	60.19	356	257
UniRef90_Q6BDZ2	42.99	356	377
UniRef90_W4YHV1	42.65	356	1120
UniRef90_W4YHV1	43.28	356	1120
UniRef90_W4YHV1	38.08	356	1120
UniRef90_A0A0K2U0A1	44.91	356	383
UniRef90_F4YJJ7	75.34	356	146
UniRef90_I1FTM2	39.84	356	422
UniRef90_Q6RSH0	41.98	356	374
UniRef90_Q7LZG8	47.40	356	302
UniRef90_E4X1N9	41.02	356	349
UniRef90_C5LT22	41.06	356	418
UniRef90_Q4AED2	38.76	356	371
UniRef90_W4L603	43.03	356	361
UniRef90_E4YXS4	43.03	356	380
UniRef90_Q9BKB6	41.62	356	409
UniRef90_B5MGP6	41.64	356	406
UniRef90_F6RDH6	47.18	356	318
UniRef90_W4XHR0	40.18	356	427
UniRef90_F6R9H9	42.12	356	1111
UniRef90_F6R9H9	41.88	356	1111
UniRef90_F6R9H9	41.69	356	1111
UniRef90_F7BH30	40.71	356	377
UniRef90_Q6RSH2	41.16	356	379
UniRef90_K7E031	43.71	356	661
UniRef90_UPI00042A9444	46.18	356	343
UniRef90_H2YTF1	39.83	356	408
UniRef90_A6XH21	41.06	356	412
UniRef90_B5MGP7	41.42	356	785
UniRef90_B5MGP7	40.24	356	785
UniRef90_H2ZH23	41.39	356	377
UniRef90_UPI0003F0797F	39.94	356	416
UniRef90_UPI0004968FD1	42.57	356	368
UniRef90_H9BZ67	79.86	356	139
UniRef90_Q14TA8	41.33	356	422
UniRef90_R7TN70	42.90	356	410
UniRef90_G3NVD0	41.81	356	417
UniRef90_S0FXC7	40.12	356	355
UniRef90_UPI0006988525	40.47	356	434
UniRef90_UPI0001CB9BAB	42.01	356	412
UniRef90_A6XH12	39.31	356	367
UniRef90_C5L6V6	41.57	356	878
UniRef90_C5L6V6	41.57	356	878
UniRef90_C3ZVJ7	44.15	356	327
UniRef90_H2ZCP1	42.17	356	1110
UniRef90_H2ZCP1	40.28	356	1110
UniRef90_H2ZCP1	41.23	356	1110
UniRef90_B5X248	40.40	356	414
UniRef90_Q67ER6	40.77	356	1167
UniRef90_Q67ER6	42.31	356	1167
UniRef90_Q67ER6	41.00	356	1167
UniRef90_D8LLX8	41.67	356	389
UniRef90_W5ND42	40.11	356	419
UniRef90_Q6BDZ6	40.45	356	381
UniRef90_I0FXJ1	41.76	356	1158
UniRef90_I0FXJ1	42.40	356	1158
UniRef90_I0FXJ1	41.81	356	1158
UniRef90_C3ZVJ8	40.84	356	479
UniRef90_B5TY46	78.42	356	144
UniRef90_A7S6V8	41.76	356	1125
UniRef90_A7S6V8	42.40	356	1125
UniRef90_A7S6V8	41.81	356	1125
UniRef90_Q4AED1	38.53	356	377
UniRef90_UPI0001CB9AE4	40.95	356	1150
UniRef90_UPI0001CB9AE4	43.45	356	1150
UniRef90_UPI0001CB9AE4	41.40	356	1150
UniRef90_V8P3U9	41.92	356	366
UniRef90_C0QK17	39.17	356	338
UniRef90_A0A0B6VS26	76.64	356	138
UniRef90_A0A0L7QN81	55.61	356	289
UniRef90_Q4AEC8	40.46	356	384
UniRef90_G1TUS9	42.66	356	378
UniRef90_C3ZVI4	40.94	356	1436
UniRef90_C3ZVI4	41.91	356	1436
UniRef90_C3ZVI4	41.81	356	1436
UniRef90_Q5QHS4	39.88	356	390
UniRef90_T1E6U8	39.83	356	419
UniRef90_Q6P310	39.27	356	417
UniRef90_A0A0F8BF01	41.24	356	415
UniRef90_Q6BDZ5	40.76	356	369
UniRef90_F0WXT8	42.57	356	341
UniRef90_A6YLM1	45.49	356	291
UniRef90_V8NCL2	40.12	356	355
UniRef90_U3KE71	38.94	356	419
UniRef90_UPI0003EC6007	38.77	356	419
UniRef90_Q6BDZ4	41.52	356	411
UniRef90_UPI0006B74B0C	42.12	356	389
UniRef90_C6H0K7	76.22	356	145
UniRef90_P51546	40.18	356	393
UniRef90_UPI0005F3AAF5	40.61	356	346
UniRef90_UPI000416F811	40.90	356	355
UniRef90_A0A060X5N8	40.30	356	355
UniRef90_H3AW92	40.21	356	418
UniRef90_Q6AW42	39.88	356	390
UniRef90_K4G5L7	38.24	356	415
UniRef90_UPI000359C946	40.06	356	411
UniRef90_P51541	99.16	356	357
UniRef90_A0A023GBG2	80.85	356	356
UniRef90_A0A023GGV5	81.13	356	387
UniRef90_A0A087TUK3	83.71	356	357
UniRef90_K4PWX1	79.44	356	385
UniRef90_A0A087TUP1	81.69	356	391
UniRef90_Q95V58	78.31	356	356
UniRef90_A0A0L7LS98	78.31	356	385
UniRef90_T1KHH4	81.13	356	356
UniRef90_Q95PM9	76.62	356	355
UniRef90_K7IUI5	79.72	356	355
UniRef90_D6W729	77.75	356	492
UniRef90_C7E3T4	77.46	356	356
UniRef90_L0ESP4	76.12	356	356
UniRef90_T1J6W9	79.72	356	374
UniRef90_H9BZ68	75.00	356	356
UniRef90_UPI0005D06575	76.90	356	379
UniRef90_D7F1J5	76.90	356	356
UniRef90_R4G5I9	76.97	356	356
UniRef90_C6H0K8	75.49	356	355
UniRef90_E0W485	74.37	356	356
UniRef90_P91798	77.05	356	356
UniRef90_B1A4C9	75.56	356	356
UniRef90_B0WLS0	73.24	356	410
UniRef90_A7XZJ2	77.18	356	356
UniRef90_J3JXG0	73.80	356	355
UniRef90_F6GPJ8	76.40	356	356
UniRef90_A6M9J4	76.20	356	356
UniRef90_Q7PIQ5	73.80	356	397
UniRef90_P48610	74.16	356	356
UniRef90_A1KXC3	76.62	356	356
UniRef90_A0A0A1WP98	74.72	356	356
UniRef90_E9FV57	73.60	356	357
UniRef90_W8BCX7	74.72	356	415
UniRef90_P48610-4	74.16	356	396
UniRef90_B4L9H2	74.72	356	584
UniRef90_B4LB50	74.44	356	573
UniRef90_UPI0003297865	74.72	356	549
UniRef90_A7XZJ5	76.90	356	356
UniRef90_O96507	73.09	356	357
UniRef90_B4N6X5	73.88	356	570
UniRef90_B3MA41	74.72	356	568
UniRef90_Q29F58	73.88	356	564
UniRef90_T1DCZ5	68.68	356	385
UniRef90_B4J0X8	73.60	356	603
UniRef90_G0U2A6	71.95	356	375
UniRef90_UPI0004F40691	74.64	356	408
UniRef90_UPI00026591B6	81.18	356	1334
UniRef90_B5AK57	64.35	356	361
UniRef90_C6H0K6	70.14	356	372
UniRef90_A0A088ARZ8	76.90	356	383
UniRef90_D6WFH2	69.58	356	371
UniRef90_O61367	76.62	356	355
UniRef90_F9W6K8	70.98	356	356
UniRef90_UPI00046BD277	71.55	356	354
UniRef90_A0A090KYR4	62.29	356	359
UniRef90_Q7Z1Z3	66.30	356	360
UniRef90_Q38EU9	73.28	356	356
UniRef90_A0A0L0C741	74.65	356	1125
UniRef90_A0A0N5CW61	60.90	356	376
UniRef90_UPI0002657AFF	68.73	356	357
UniRef90_A0A0B2V5G5	62.92	356	345
UniRef90_E1GBI0	64.97	356	370
UniRef90_Q10454	63.13	356	396
UniRef90_UPI00026589C1	71.47	356	371
UniRef90_D5FLG2	62.46	356	400
UniRef90_A0A0N4Y3J6	64.51	356	358
UniRef90_H2WQP8	64.07	356	399
UniRef90_U6P3I3	61.67	356	399
UniRef90_A0A016SMJ1	60.83	356	417
UniRef90_H3DYX7	63.59	356	394
UniRef90_A0A0N4ZXA5	64.07	356	407
UniRef90_A0A0K0G2Q6	65.46	356	402
UniRef90_A0A0N4XEA0	61.11	356	398
UniRef90_W2TIE5	62.29	356	373
UniRef90_B5AK58	64.27	356	411
UniRef90_O01854	62.95	356	427
UniRef90_A0A0N5A259	63.41	356	360
UniRef90_Q27535	63.03	356	360
UniRef90_F8UVI3	67.90	356	357
UniRef90_A0A0K0FGG6	63.48	356	360
UniRef90_W6L349	68.77	356	357
UniRef90_A4F2K7	64.94	356	374
UniRef90_A0A0K0E8Z6	62.67	356	410
UniRef90_A0A0K0FDC1	61.24	356	400
UniRef90_U3JJL6	42.31	356	407
UniRef90_A0A090L7M9	64.04	356	360
UniRef90_UPI0006CEDF21	67.34	356	401
UniRef90_A0A0K0DQQ3	56.58	356	404
UniRef90_A0A0N4ZQ46	60.96	356	400
UniRef90_P12277	42.03	356	381
UniRef90_A7YVI5	60.22	356	400
UniRef90_E1CG13	68.63	356	359
UniRef90_F6SAC0	42.62	356	381
UniRef90_N6TMV3	59.77	356	375
UniRef90_I3KS51	42.86	356	381
UniRef90_P05122	42.58	356	381
UniRef90_P06732	41.76	356	381
UniRef90_UPI000359C946	38.87	356	411
UniRef90_P07335	42.42	356	381
UniRef90_W5ND42	39.04	356	419
UniRef90_A7RNR3	43.10	356	411
UniRef90_UPI0006261855	61.93	356	377
UniRef90_Q08BV6	41.76	356	381
UniRef90_Q6P347	43.41	356	381
UniRef90_UPI0006C979AF	60.62	356	369
UniRef90_Q9VST4	58.15	356	388
UniRef90_Q6P310	38.06	356	417
UniRef90_F1Q766	38.19	356	417
UniRef90_F1NXR0	37.64	356	368
UniRef90_Q6XLN0	62.18	356	407
UniRef90_A0A0B6XZ78	60.83	356	363
UniRef90_UPI000625B03F	63.84	356	371
UniRef90_H2VEB2	38.06	356	416
UniRef90_W5NBZ6	42.03	356	377
UniRef90_A0A0N4U8E7	60.11	356	367
UniRef90_B5X248	39.61	356	414
UniRef90_I3K3E8	42.70	356	387
UniRef90_P24722	41.87	356	383
UniRef90_P11009	37.09	356	419
UniRef90_Q6RSH1	42.13	356	407
UniRef90_U3KE71	37.09	356	419
UniRef90_UPI0006EB0910	38.20	356	408
UniRef90_UPI0003F0797F	39.95	356	416
UniRef90_H2T0Z4	43.13	356	398
UniRef90_F7EGQ7	37.09	356	422
UniRef90_W5ZLY4	42.02	356	380
UniRef90_A0A091HL78	37.64	356	366
UniRef90_H3ASR5	42.42	356	389
UniRef90_P70079	37.36	356	417
UniRef90_K4G5L7	37.26	356	415
UniRef90_UPI000224685F	62.18	356	370
UniRef90_Q5R7B5	37.09	356	419
UniRef90_P17540	37.09	356	419
UniRef90_A0A061JCD7	73.63	356	312
UniRef90_H9ZVS9	42.86	356	381
UniRef90_P12532	38.74	356	417
UniRef90_T1E6U8	38.61	356	419
UniRef90_K4G6X3	41.39	356	376
UniRef90_A2CEA4	36.81	356	396
UniRef90_UPI00054BADFD	42.32	356	387
UniRef90_A7RQU9	42.17	356	376
UniRef90_U3FZM4	42.13	356	381
UniRef90_K1QTF2	57.88	356	351
UniRef90_L8I1G3	37.54	356	446
UniRef90_H2L804	43.70	356	394
UniRef90_B4N6X4	60.22	356	392
UniRef90_UPI0005CF8D8F	60.62	356	369
UniRef90_Q6BDZ8	41.23	356	377
UniRef90_A0A0B1PKV7	58.74	356	362
UniRef90_Q4AEC9	41.29	356	411
UniRef90_H3EZN8	63.37	356	346
UniRef90_UPI0004A2FD4A	41.57	356	387
UniRef90_UPI0006988525	39.33	356	434
UniRef90_A6XH13	42.98	356	408
UniRef90_Q7T306	44.26	356	380
UniRef90_B5DFT9	37.36	356	417
UniRef90_Q76G22	42.58	356	381
UniRef90_UPI0004543CBD	36.81	356	493
UniRef90_H3AW92	38.89	356	418
UniRef90_Q177S3	62.15	356	469
UniRef90_G3WMF9	37.91	356	417
UniRef90_W5KLD1	37.81	356	416
UniRef90_O45518	59.89	356	372
UniRef90_Q7T1J1	42.58	356	377
UniRef90_UPI0004419751	37.09	356	419
UniRef90_B4L9H1	61.71	356	360
UniRef90_H3B3Y5	40.66	356	381
UniRef90_A0A076L2M2	75.38	356	356
UniRef90_B3MA40	60.39	356	388
UniRef90_E6X299	53.49	356	344
UniRef90_Q760P6	57.67	356	350
UniRef90_Q76G21	43.68	356	381
UniRef90_P04414	40.38	356	381
UniRef90_UPI00063CC4A0	37.92	356	568
UniRef90_B5DGP2	42.86	356	381
UniRef90_Q14TA9	42.61	356	377
UniRef90_UPI0001CB9BAB	40.27	356	412
UniRef90_C3ZD21	41.47	356	355
UniRef90_H3AMF7	36.81	356	419
UniRef90_I3KEV0	39.33	356	415
UniRef90_E5SFH9	59.00	356	408
UniRef90_UPI00062B73EF	43.24	356	346
UniRef90_UPI000615283C	61.36	356	381
UniRef90_A0A0M3JSD5	58.04	356	410
UniRef90_Q90X19	42.58	356	381
UniRef90_W5LLJ5	38.53	356	355
UniRef90_UPI0004DE0CA8	36.62	356	370
UniRef90_A0A0F8BF01	40.17	356	415
UniRef90_Q7ZUN7	38.76	356	417
UniRef90_B0W4C6	62.32	356	466
UniRef90_F6UZF8	39.33	356	448
UniRef90_O15990	55.68	356	349
UniRef90_B4LB51	58.64	356	380
UniRef90_J9PJ22	56.45	356	350
UniRef90_V8NCL2	39.12	356	355
UniRef90_Q6BDZ3	40.96	356	379
UniRef90_A6XH21	39.29	356	412
UniRef90_A6XH15	41.29	356	374
UniRef90_A6QBA0	56.40	356	343
UniRef90_A7RNE1	41.03	356	363
UniRef90_Q4S6F5	43.29	356	860
UniRef90_Q4S6F5	43.29	356	860
UniRef90_I3KAM9	37.53	356	414
UniRef90_V3ZT40	57.22	356	722
UniRef90_V3ZT40	56.09	356	722
UniRef90_Q9NKV4	55.07	356	348
UniRef90_UPI0003EC3C3A	39.61	356	414
UniRef90_V9KXF9	40.93	356	381
UniRef90_UPI0006442DD5	42.15	356	383
UniRef90_A0A0N1ITS2	60.51	356	376
UniRef90_Q9I8I6	39.33	356	414
UniRef90_UPI0001CB9D95	41.01	356	373
UniRef90_UPI0004AAFF93	75.97	356	326
UniRef90_Q6XGY4	41.76	356	379
UniRef90_B5DGG5	43.26	356	380
UniRef90_B0L6Z9	51.00	356	389
UniRef90_H3DNS1	43.82	356	597
UniRef90_H3DNS1	47.37	356	597
UniRef90_A0A060X5N8	38.82	356	355
UniRef90_A0A0K0CVN5	59.44	356	366
UniRef90_G3NVD0	40.45	356	417
UniRef90_UPI0001D55CD1	39.33	356	717
UniRef90_A0A0D8XWN6	60.00	356	348
UniRef90_Q9XZF5	41.34	356	372
UniRef90_M4AQG2	37.92	356	414
UniRef90_Q9PV91	41.76	356	381
UniRef90_W4XHR0	39.61	356	427
UniRef90_H2LDJ4	38.48	356	414
UniRef90_Q1EQ67	41.36	356	379
UniRef90_M7BBK8	37.09	356	767
UniRef90_Q6BDZ7	39.72	356	382
UniRef90_UPI00064432E0	38.61	356	453
UniRef90_Q7T1J0	38.06	356	416
UniRef90_A6XH10	40.73	356	408
UniRef90_UPI0004DDEF12	36.13	356	422
UniRef90_A0A0G2CQZ3	42.42	356	372
UniRef90_R9W931	54.70	356	351
UniRef90_I1FTM2	38.20	356	422
UniRef90_UPI0004422608	38.76	356	510
UniRef90_Q9NKV5	54.81	356	347
UniRef90_UPI00064415C2	38.06	356	411
UniRef90_UPI00064420B2	37.64	356	416
UniRef90_G3N5D4	38.10	356	419
UniRef90_A0A0B7AJJ8	58.38	356	552
UniRef90_A0A0B7AJJ8	64.89	356	552
UniRef90_V5W6Y5	53.71	356	355
UniRef90_UPI000550A373	36.96	356	416
UniRef90_A0A0L8H9P1	53.03	356	397
UniRef90_UPI00039924CD	37.46	356	395
UniRef90_A0A085MEI8	58.00	356	423
UniRef90_Q6BDZ5	39.04	356	369
UniRef90_UPI00063C5525	39.12	356	699
UniRef90_A0A091VCC6	36.29	356	350
UniRef90_X5FKX6	41.08	356	378
UniRef90_UPI0005214E24	35.31	356	417
UniRef90_UPI0003EC6007	37.56	356	419
UniRef90_UPI0004EFE37F	35.88	356	391
UniRef90_H2D0J5	59.76	356	391
UniRef90_G1TUS9	41.05	356	378
UniRef90_K7E031	42.77	356	661
UniRef90_Q14TA8	40.40	356	422
UniRef90_F7B0A7	40.85	356	362
UniRef90_Q67E02	41.85	356	380
UniRef90_G1NDM3	34.17	356	386
UniRef90_A0A091L9G8	37.14	356	344
UniRef90_UPI0003956CAD	36.03	356	456
UniRef90_A0A0K0YAY8	56.62	356	371
UniRef90_A9UQM6	49.72	356	379
UniRef90_A0A0N5E3M7	59.18	356	423
UniRef90_A0A087ZPS5	60.29	356	377
UniRef90_F7BH30	39.67	356	377
UniRef90_UPI000523813D	38.14	356	367
UniRef90_B4HB11	61.47	356	384
UniRef90_UPI0006447306	36.94	356	414
UniRef90_Q6BDZ6	39.28	356	381
UniRef90_F2UNN6	50.29	356	582
UniRef90_H3DD52	36.99	356	414
UniRef90_D8V7I9	56.10	356	352
UniRef90_Q9NKV6	53.35	356	350
UniRef90_UPI00021A4171	41.90	356	780
UniRef90_UPI00021A4171	40.56	356	780
UniRef90_W5K1M2	44.58	356	409
UniRef90_Q6BDZ4	38.76	356	411
UniRef90_Q6RSH0	39.61	356	374
UniRef90_H2YTF1	39.04	356	408
UniRef90_A9UWZ8	52.40	356	357
UniRef90_H2ZCP0	41.39	356	383
UniRef90_UPI0006B74B0C	38.54	356	389
UniRef90_Q6BDZ2	40.50	356	377
UniRef90_Q9BLC7	53.56	356	354
UniRef90_A0A085LZD3	56.16	356	644
UniRef90_V3ZXU3	52.44	356	367
UniRef90_B5MGP4	40.73	356	404
UniRef90_C3ZVJ6	44.90	356	362
UniRef90_E3TMG6	54.08	356	351
UniRef90_H9G9S3	38.58	356	345
UniRef90_Q4AEC5	42.13	356	412
UniRef90_O15992	52.76	356	715
UniRef90_O15992	49.30	356	715
UniRef90_A0A0K2TEY9	58.43	356	382
UniRef90_UPI00046A1B9F	52.52	356	345
UniRef90_Q9BKB6	41.01	356	409
UniRef90_B0L6Z8	48.14	356	382
UniRef90_A7S1A1	41.14	356	369
UniRef90_B5MGP5	39.73	356	378
UniRef90_Q6RSH2	38.48	356	379
UniRef90_UPI0004F128A9	36.13	356	508
UniRef90_A0A0K2QK94	43.06	356	369
UniRef90_UPI0003870CE0	35.18	356	398
UniRef90_UPI0003599C02	53.07	356	440
UniRef90_B5MGP6	39.89	356	406
UniRef90_E4YXS4	40.96	356	380
UniRef90_C3ZVJ8	39.13	356	479
UniRef90_F7CJI9	37.14	356	383
UniRef90_UPI0005400171	37.09	356	1618
UniRef90_L5KIJ8	37.36	356	1427
UniRef90_UPI0004968FD1	41.01	356	368
UniRef90_H2ZH23	40.06	356	377
UniRef90_L9L4Q1	37.09	356	1605
UniRef90_V8P3U9	39.33	356	366
UniRef90_UPI00027FB572	37.80	356	388
UniRef90_A0A091E3J9	37.09	356	1911
UniRef90_H2ZCP3	40.29	356	579
UniRef90_H2ZCP3	44.44	356	579
UniRef90_UPI0002C34706	32.75	356	452
UniRef90_A7RGZ5	51.68	356	708
UniRef90_A7RGZ5	51.10	356	708
UniRef90_K4F5B8	54.37	356	366
UniRef90_A0A0K0EZR7	55.03	356	331
UniRef90_A0A0K2QKA0	42.61	356	420
UniRef90_Q9XY07	43.97	356	370
UniRef90_A0A0B6ZYJ1	54.55	356	417
UniRef90_Q760P7	56.16	356	348
UniRef90_UPI0000E4A65F	43.68	356	417
UniRef90_UPI0005F3AAF5	39.84	356	346
UniRef90_B4DP56	38.46	356	346
UniRef90_P51544	51.84	356	358
UniRef90_UPI00052EC4E1	38.74	356	372
UniRef90_A0A0G2B8Q2	33.76	356	418
UniRef90_UPI0004403552	38.74	356	368
UniRef90_A0A0B7A005	53.58	356	434
UniRef90_I0FXI8	50.28	356	1081
UniRef90_I0FXI8	50.70	356	1081
UniRef90_I0FXI8	50.00	356	1081
UniRef90_UPI0006966A9D	41.06	356	1216
UniRef90_UPI0006966A9D	42.19	356	1216
UniRef90_UPI0006966A9D	40.62	356	1216
UniRef90_I1GHV0	42.42	356	371
UniRef90_I0FXJ1	40.27	356	1158
UniRef90_I0FXJ1	39.83	356	1158
UniRef90_I0FXJ1	41.74	356	1158
UniRef90_E4U9T2	50.30	356	340
UniRef90_Q9BLC6	54.87	356	347
UniRef90_M7BFU4	38.08	356	672
UniRef90_A6XH09	41.01	356	366
UniRef90_Q67ER6	40.46	356	1167
UniRef90_Q67ER6	40.06	356	1167
UniRef90_Q67ER6	38.98	356	1167
UniRef90_A7S6V8	41.14	356	1125
UniRef90_A7S6V8	39.83	356	1125
UniRef90_A7S6V8	41.74	356	1125
UniRef90_O15989	54.36	356	358
UniRef90_H2Z695	35.26	356	406
UniRef90_A0A0N4UBC0	58.94	356	323
UniRef90_UPI0006EAD6B4	40.38	356	381
UniRef90_UPI0003D0D7FA	37.91	356	338
UniRef90_I0E0A7	44.22	356	368
UniRef90_F6R9H9	41.06	356	1111
UniRef90_F6R9H9	40.68	356	1111
UniRef90_F6R9H9	39.43	356	1111
UniRef90_V4A740	52.01	356	358
UniRef90_A7SPV6	49.72	356	391
UniRef90_B5MGP7	38.90	356	785
UniRef90_B5MGP7	38.92	356	785
UniRef90_K3WTK4	43.77	356	781
UniRef90_K3WTK4	43.53	356	781
UniRef90_H3H1P2	43.49	356	785
UniRef90_H3H1P2	42.22	356	785
UniRef90_C8CG36	42.07	356	368
UniRef90_A6XH12	36.87	356	367
UniRef90_A6XH08	38.31	356	366
UniRef90_S9XWT2	32.22	356	552
UniRef90_UPI0001CB9AE4	41.37	356	1150
UniRef90_UPI0001CB9AE4	40.11	356	1150
UniRef90_UPI0001CB9AE4	38.84	356	1150
UniRef90_D0NG20	42.05	356	431
UniRef90_Q4AEC7	42.82	356	364
UniRef90_I0E0A8	39.77	356	371
UniRef90_J9G8F4	50.29	356	374
UniRef90_B0FYX1	40.97	356	368
UniRef90_S6HVD6	48.66	356	342
UniRef90_C3ZVI4	39.27	356	1436
UniRef90_C3ZVI4	39.61	356	1436
UniRef90_C3ZVI4	40.96	356	1436
UniRef90_F0W1I6	42.61	356	398
UniRef90_Q8T6T7	39.37	356	366
UniRef90_A0A024TCT1	40.88	356	439
UniRef90_UPI0006C9C564	51.83	356	381
UniRef90_Q4AEC8	39.33	356	384
UniRef90_A6XH14	49.57	356	361
UniRef90_A0A0N4WK46	62.09	356	361
UniRef90_A6F800	46.86	356	359
UniRef90_R7TN70	40.73	356	410
UniRef90_R7TKL7	42.36	356	398
UniRef90_G3VGV2	36.16	356	382
UniRef90_H2ZCP1	39.83	356	1110
UniRef90_H2ZCP1	40.06	356	1110
UniRef90_H2ZCP1	38.57	356	1110
UniRef90_A0A067CVR4	40.22	356	440
UniRef90_W4FR66	44.20	356	782
UniRef90_W4FR66	41.36	356	782
UniRef90_O15991	41.38	356	371
UniRef90_A0A078AL78	49.55	356	372
UniRef90_A0A024G9L2	40.72	356	791
UniRef90_A0A024G9L2	42.09	356	791
UniRef90_W4L603	42.04	356	361
UniRef90_UPI00053345E3	76.24	356	283
UniRef90_H3FD29	62.09	356	317
UniRef90_F6RDH6	45.36	356	318
UniRef90_J9J2X5	47.77	356	371
UniRef90_F5BGR9	75.28	356	267
UniRef90_W4YHV1	39.44	356	1120
UniRef90_W4YHV1	39.62	356	1120
UniRef90_W4YHV1	35.41	356	1120
UniRef90_UPI0000E491D5	41.14	356	372
UniRef90_H3G8J3	41.72	356	351
UniRef90_P18294	40.44	356	1174
UniRef90_P18294	39.44	356	1174
UniRef90_P18294	39.04	356	1174
UniRef90_W4FQ23	42.33	356	769
UniRef90_G3UTB0	37.67	356	390
UniRef90_L5M4W7	34.69	356	416
UniRef90_T0S9M9	42.78	356	782
UniRef90_T0S9M9	41.81	356	782
UniRef90_E4X1N9	40.48	356	349
UniRef90_A0A067CPR0	42.78	356	751
UniRef90_A0A067CPR0	38.42	356	751
UniRef90_UPI000626C432	39.26	356	361
UniRef90_F5BGT8	75.28	356	267
UniRef90_UPI0004F0D354	32.95	356	338
UniRef90_UPI00046B43D8	42.19	356	463
UniRef90_A0A0N5AFF9	48.60	356	396
UniRef90_UPI0004962E28	36.39	356	342
UniRef90_S4VGM4	48.86	356	715
UniRef90_S4VGM4	44.35	356	715
UniRef90_Q4AEC6	41.33	356	365
UniRef90_UPI00051BAF89	32.96	356	424
UniRef90_Q7PYN5	50.58	356	463
UniRef90_W5MDE5	33.25	356	425
UniRef90_U3T1K4	47.37	356	370
UniRef90_Q8N0P4	49.72	356	723
UniRef90_Q8N0P4	52.53	356	723
UniRef90_UPI00042A9444	44.37	356	343
UniRef90_C3VUU4	48.59	356	725
UniRef90_C3VUU4	52.09	356	725
UniRef90_C3VUU5	50.14	356	723
UniRef90_C3VUU5	52.53	356	723
UniRef90_P51546	38.66	356	393
UniRef90_H2YNF3	36.83	356	378
UniRef90_A0A093BGT2	35.71	356	331
UniRef90_A0A084VTW4	48.71	356	464
UniRef90_I7M9E4	45.61	356	370
UniRef90_W8BZC2	50.14	356	456
UniRef90_J9G9S7	47.73	356	926
UniRef90_J9G9S7	47.97	356	926
UniRef90_H9GA84	46.33	356	312
UniRef90_Q6AW42	39.00	356	390
UniRef90_A0A0B1TKF3	58.01	356	316
UniRef90_A0A078A6K5	47.83	356	939
UniRef90_A0A078A6K5	46.88	356	939
UniRef90_F6ZLQ5	37.06	356	380
UniRef90_A0A0N5DRD2	59.67	356	312
UniRef90_UPI0006450B3A	37.33	356	380
UniRef90_O77052	50.00	356	724
UniRef90_O77052	52.92	356	724
UniRef90_B4GEU9	46.86	356	456
UniRef90_Q8MWR8	52.25	356	723
UniRef90_Q8MWR8	49.57	356	723
UniRef90_Q8N0P3	51.40	356	724
UniRef90_Q8N0P3	49.00	356	724
UniRef90_A0A0L0CBN1	50.57	356	453
UniRef90_S9WIV2	33.94	356	394
UniRef90_A6YLM1	44.37	356	291
UniRef90_Q4AEC4	53.37	356	726
UniRef90_Q4AEC4	48.15	356	726
UniRef90_A0A077ZI39	56.84	356	576
UniRef90_G7YHA8	48.83	356	717
UniRef90_G7YHA8	45.89	356	717
UniRef90_F5BGU1	74.81	356	266
UniRef90_Q5QHS4	38.75	356	390
UniRef90_A0A0D8XZK9	62.58	356	330
UniRef90_F0X212	42.73	356	513
UniRef90_B4JT45	47.71	356	456
UniRef90_A7S6L6	35.96	356	371
UniRef90_A0A074ZN93	48.83	356	655
UniRef90_A0A074ZN93	37.04	356	655
UniRef90_C3ZVJ7	43.19	356	327
UniRef90_UPI00039579FA	31.30	356	398
UniRef90_UPI0003C36850	47.73	356	453
UniRef90_P16641	47.67	356	746
UniRef90_P16641	45.85	356	746
UniRef90_Q4AED0	50.29	356	356
UniRef90_UPI0003BBA274	33.33	356	389
UniRef90_UPI0006B06E08	58.31	356	358
UniRef90_I7ML96	47.85	356	714
UniRef90_I7ML96	44.16	356	714
UniRef90_C5L6V6	39.29	356	878
UniRef90_C5L6V6	39.29	356	878
UniRef90_UPI0006739FF7	48.01	356	453
UniRef90_Q7LZG8	46.90	356	302
UniRef90_UPI000703E9BC	31.30	356	449
UniRef90_Q86LZ4	41.64	356	305
UniRef90_A0A077ZVB8	48.44	356	2205
UniRef90_A0A077ZVB8	48.41	356	2205
UniRef90_A0A077ZVB8	48.98	356	2205
UniRef90_A0A077ZVB8	48.12	356	2205
UniRef90_A0A077ZVB8	46.63	356	2205
UniRef90_J9J264	50.43	356	2206
UniRef90_J9J264	49.85	356	2206
UniRef90_J9J264	47.56	356	2206
UniRef90_J9J264	48.30	356	2206
UniRef90_J9J264	46.33	356	2206
UniRef90_UPI0003C91049	41.05	356	319
UniRef90_UPI0003EDB7B0	31.13	356	372
UniRef90_W5JTQ8	48.02	356	490
UniRef90_C7BCG0	45.94	356	716
UniRef90_C7BCG0	44.19	356	716
UniRef90_A0A023JCY2	48.54	356	716
UniRef90_A0A023JCY2	45.74	356	716
UniRef90_U3T2Y2	47.67	356	716
UniRef90_U3T2Y2	46.31	356	716
UniRef90_A0A0G1Z4F5	34.65	356	404
UniRef90_UPI000678B0C3	37.40	356	348
UniRef90_UPI00042C0558	33.33	356	365
UniRef90_S6A6F6	77.25	356	255
UniRef90_H0ZRK1	35.79	356	384
UniRef90_Q4AED2	38.10	356	371
UniRef90_G5DYG1	33.33	356	314
UniRef90_UPI00062A6D91	35.47	356	324
UniRef90_Q801J7	43.42	356	302
UniRef90_A0A0G0GXE2	42.81	356	338
UniRef90_Q4AED1	36.90	356	377
UniRef90_A0A099ZVD3	32.58	356	317
UniRef90_A0A0C4W9X1	83.92	356	268
UniRef90_H2L579	30.49	356	421
UniRef90_C5LT22	39.08	356	418
UniRef90_F1PGF8	37.39	356	375
UniRef90_UPI0005C3B5F5	54.18	356	307
UniRef90_UPI00021A869F	57.81	356	324
UniRef90_UPI0004F4E320	30.00	356	375
UniRef90_A0A0K0YFY3	72.37	356	257
UniRef90_C0STY4	42.49	356	355
UniRef90_B4J0X9	54.37	356	321
UniRef90_T1GTY1	71.22	356	291
UniRef90_A0A093JF57	35.03	356	381
UniRef90_G3SAL1	34.71	356	368
UniRef90_UPI00042C1C3C	37.30	356	304
UniRef90_E2JE77	42.86	356	355
UniRef90_J0XFR5	45.81	356	395
UniRef90_W8GJF4	41.33	356	390
UniRef90_A0A0H5S1A6	44.79	356	395
UniRef90_B9V2X4	40.98	356	301
