UniRef90_P0AC14	100.00	282	282
UniRef90_A0A0A5RKF3	89.01	282	282
UniRef90_E3G0X2	88.65	282	282
UniRef90_A0A085G1T4	88.65	282	282
UniRef90_A0A0B5IWJ8	87.23	282	282
UniRef90_A0A0D1L933	87.94	282	282
UniRef90_A0A0L0AWX3	86.17	282	282
UniRef90_A0A089PZP7	85.82	282	282
UniRef90_UPI00066DCAC6	85.11	282	282
UniRef90_UPI0004631997	85.46	282	282
UniRef90_C9XU21	85.11	282	294
UniRef90_UPI00037087EB	86.88	282	282
UniRef90_I2B4S6	84.40	282	282
UniRef90_D8MXI2	82.31	282	278
UniRef90_A0A071LYH6	86.04	282	265
UniRef90_A0A0L7THA1	82.67	282	277
UniRef90_A0A0A1B3Z2	83.03	282	277
UniRef90_D4HV12	81.95	282	278
UniRef90_E1SC80	80.43	282	279
UniRef90_A0A0A0Z5A5	80.80	282	277
UniRef90_A0A014PX05	80.87	282	278
UniRef90_UPI00054D230A	80.80	282	277
UniRef90_A0A0M2KKV7	77.62	282	278
UniRef90_A0A095TPB2	77.90	282	277
UniRef90_A0A0A6YF33	81.88	282	277
UniRef90_UPI0006FB064D	77.78	282	279
UniRef90_H8NMF4	76.98	282	279
UniRef90_UPI00066163D3	80.07	282	277
UniRef90_A0A085JQ87	78.26	282	277
UniRef90_I0QTN9	75.81	282	278
UniRef90_UPI0004A3E98A	76.81	282	277
UniRef90_A0A085GY31	77.17	282	277
UniRef90_C0B0G7	74.91	282	280
UniRef90_A0A0B6GAU1	76.53	282	277
UniRef90_S0A8Z9	76.81	282	277
UniRef90_D4DY26	76.45	282	278
UniRef90_A0A085HEY4	75.36	282	277
UniRef90_UPI0004019641	75.36	282	277
UniRef90_UPI0004B11285	75.36	282	279
UniRef90_A1JIW4	75.00	282	277
UniRef90_A0A085G2R6	80.00	282	261
UniRef90_W8G7G6	74.64	282	277
UniRef90_W0LET6	74.64	282	278
UniRef90_A0A0G3CGE6	73.19	282	277
UniRef90_Q6D9B7	73.29	282	277
UniRef90_B2Q4W0	71.63	282	282
UniRef90_A0A0J8YWI2	73.55	282	277
UniRef90_A0A068R9Z1	72.73	282	284
UniRef90_A0A0E0YY89	74.37	282	277
UniRef90_D2BRT5	74.73	282	277
UniRef90_UPI0003A9AD85	75.81	282	277
UniRef90_K8WLN2	71.63	282	283
UniRef90_C6CE19	71.84	282	277
UniRef90_B6VLH7	69.15	282	282
UniRef90_D4C3R1	72.92	282	278
UniRef90_D3VIM3	72.10	282	277
UniRef90_Q7MYY2	71.07	282	281
UniRef90_W1IZ09	72.36	282	277
UniRef90_K8WUN6	70.92	282	282
UniRef90_V3TWF8	74.01	282	277
UniRef90_A0A068QNM8	72.00	282	281
UniRef90_A0A0C8AZI8	92.06	282	214
UniRef90_G7LRW4	74.01	282	277
UniRef90_W1IPC5	71.38	282	281
UniRef90_D1P2N8	70.92	282	282
UniRef90_UPI000463DA26	71.12	282	277
UniRef90_A0A0M0T8D3	71.38	282	284
UniRef90_UPI000684D590	73.36	282	260
UniRef90_X2H3Z3	68.95	282	278
UniRef90_D2TX18	67.38	282	284
UniRef90_UPI00047D2523	72.20	282	277
UniRef90_D3UYY5	70.65	282	285
UniRef90_A0A066TFN8	68.10	282	280
UniRef90_UPI0003A90188	71.94	282	278
UniRef90_E0WSM4	66.08	282	284
UniRef90_A0A0H2QQ78	70.40	282	278
UniRef90_A0A080KLL6	67.87	282	278
UniRef90_A0A0A2R6H9	68.09	282	282
UniRef90_U3U610	68.71	282	278
UniRef90_R4I0D0	66.79	282	278
UniRef90_UPI0006651E24	84.93	282	224
UniRef90_UPI0005B2D493	88.12	282	202
UniRef90_A0A088MZ10	67.39	282	288
UniRef90_A0A0B9FQA6	62.72	282	279
UniRef90_A0A0C3I8Y6	63.24	282	276
UniRef90_U3A1Z6	64.13	282	276
UniRef90_A0A0M0HSF5	64.31	282	276
UniRef90_C5WCT8	65.44	282	295
UniRef90_A0A0K2BM80	64.26	282	278
UniRef90_A0A0J1JZH0	65.22	282	276
UniRef90_A0A0F5ZYV3	63.47	282	283
UniRef90_D0YZX4	63.41	282	278
UniRef90_J3Z3U2	67.87	282	299
UniRef90_F9RAK9	61.96	282	277
UniRef90_Q1LSK4	63.54	282	288
UniRef90_D0I7Z6	62.45	282	283
UniRef90_A0A0A7RXZ0	66.67	282	256
UniRef90_A0A0J1GM08	63.04	282	276
UniRef90_A0A0F4NLD1	63.20	282	276
UniRef90_A0A066UV65	62.22	282	276
UniRef90_Q6LUJ7	62.74	282	265
UniRef90_W0I117	70.14	282	281
UniRef90_E8LR29	62.08	282	276
UniRef90_A0A0F4P3J6	62.13	282	276
UniRef90_V5FH03	63.30	282	276
UniRef90_A0A0F5VJJ1	62.72	282	286
UniRef90_A0A0A0SZX5	61.71	282	276
UniRef90_A0A066RJ90	62.04	282	277
UniRef90_F0LTP4	62.73	282	279
UniRef90_Q2NW28	67.63	282	281
UniRef90_Q5E7M1	61.17	282	278
UniRef90_A0A0M0I1F3	61.34	282	276
UniRef90_UPI00063BF854	61.48	282	276
UniRef90_A0A0J1GXQ3	62.04	282	276
UniRef90_A0A0E3U4F2	63.57	282	278
UniRef90_B8KBF1	61.34	282	276
UniRef90_D0X2X2	61.76	282	277
UniRef90_C4K7K6	64.64	282	280
UniRef90_A0A0C2JTM6	59.85	282	277
UniRef90_E8M740	60.97	282	276
UniRef90_UPI0002EDDE2B	59.42	282	276
UniRef90_R8AML7	60.00	282	276
UniRef90_B6END7	59.34	282	277
UniRef90_A0A0C1VY06	61.40	282	279
UniRef90_U3A304	61.28	282	279
UniRef90_UPI0002FC5C37	61.11	282	283
UniRef90_A0A0J8VF79	61.40	282	279
UniRef90_A6B9V6	61.40	282	276
UniRef90_U4KE67	62.08	282	276
UniRef90_A0A087III7	62.45	282	276
UniRef90_C9QCR7	60.59	282	276
UniRef90_A0A099MT83	62.22	282	276
UniRef90_A0A084TEM9	59.26	282	276
UniRef90_A0A090RW23	60.37	282	276
UniRef90_UPI0005A86159	61.37	282	281
UniRef90_A0A0B8QCD2	62.31	282	276
UniRef90_E3BM76	60.07	282	276
UniRef90_L8JBH7	61.29	282	281
UniRef90_A0A0D0J4S4	59.93	282	276
UniRef90_F7YPD1	57.88	282	276
UniRef90_UPI0005A78D83	61.37	282	281
UniRef90_H2IAY1	61.90	282	277
UniRef90_A0A0D8P6A4	59.33	282	277
UniRef90_UPI000571B946	59.11	282	276
UniRef90_Q8EHM1	61.40	282	277
UniRef90_A0A0C3QT64	59.56	282	282
UniRef90_A0A090IMP8	57.51	282	278
UniRef90_A0A0D8R482	57.51	282	277
UniRef90_UPI00056A3F59	62.54	282	287
UniRef90_A1S456	59.78	282	279
UniRef90_K5UQ89	59.93	282	276
UniRef90_A3URZ3	59.63	282	276
UniRef90_A0A0D0Q1S6	61.01	282	281
UniRef90_A0A0L7YTK6	58.24	282	276
UniRef90_A3D7L2	62.13	282	277
UniRef90_I8U7A8	64.31	282	277
UniRef90_Q086H8	62.03	282	287
UniRef90_A0A094JX18	63.53	282	278
UniRef90_H2FSV1	61.19	282	280
UniRef90_UPI00035908F0	59.63	282	276
UniRef90_UPI0005A71A05	59.93	282	281
UniRef90_UPI0002D4279E	58.82	282	276
UniRef90_UPI000427BD35	60.00	282	276
UniRef90_F9SZE0	61.76	282	276
UniRef90_UPI0002D75AD3	60.97	282	277
UniRef90_Q493U1	62.04	282	279
UniRef90_F2PC57	58.61	282	277
UniRef90_D4ZB71	61.36	282	280
UniRef90_UPI00067F113E	62.84	282	265
UniRef90_R4YU19	64.66	282	283
UniRef90_A0A0M2VAK6	62.21	282	279
UniRef90_E8Q6R7	58.67	282	278
UniRef90_D2YTX0	58.55	282	287
UniRef90_UPI0005A7197C	59.21	282	281
UniRef90_A0A067BJY1	57.88	282	277
UniRef90_A8H746	56.20	282	280
UniRef90_UPI00051C78AE	60.65	282	280
UniRef90_UPI0005AAAFAC	58.67	282	277
UniRef90_UPI00039C1599	60.37	282	293
UniRef90_UPI00046A8DF6	62.12	282	278
UniRef90_UPI00030E049F	57.25	282	276
UniRef90_A0A010PF08	60.15	282	274
UniRef90_W1EDI3	88.40	282	224
UniRef90_Q1MZR6	61.03	282	277
UniRef90_UPI00048A0385	60.59	282	283
UniRef90_UPI000329876A	89.83	282	200
UniRef90_I3D9F5	58.18	282	275
UniRef90_UPI0003F6DC79	58.82	282	276
UniRef90_A8FYS6	58.46	282	280
UniRef90_A0A0M6W9K2	60.64	282	281
UniRef90_R1H1P3	62.31	282	281
UniRef90_C9P1B0	56.46	282	278
UniRef90_A0A0B3Z423	58.80	282	274
UniRef90_B1KRR6	60.23	282	279
UniRef90_UPI00046E9794	57.72	282	278
UniRef90_A0A0N0IL94	62.84	282	271
UniRef90_UPI000690E030	60.39	282	261
UniRef90_A0A0N0INU0	61.69	282	271
UniRef90_A0A090IH37	61.54	282	283
UniRef90_UPI000570FA6C	61.11	282	278
UniRef90_J1Q1F2	61.57	282	277
UniRef90_A0KNE9	59.93	282	281
UniRef90_UPI000393E77A	61.48	282	277
UniRef90_UPI00037D8474	61.22	282	279
UniRef90_UPI0005A8AE85	58.12	282	281
UniRef90_K6YTM1	57.04	282	279
UniRef90_UPI0003F6E396	59.25	282	279
UniRef90_F4AKK1	58.82	282	277
UniRef90_A0A0F4QCS0	57.56	282	281
UniRef90_S5C228	60.38	282	274
UniRef90_F5Z8N0	60.92	282	274
UniRef90_A0A078MMX7	59.02	282	302
UniRef90_UPI000395CBBE	55.23	282	281
UniRef90_UPI000475C4A3	60.46	282	276
UniRef90_Q5QXL0	60.77	282	271
UniRef90_A0A0A3AA70	59.06	282	277
UniRef90_UPI0003FD5FEB	59.16	282	277
UniRef90_E1SSS7	57.66	282	278
UniRef90_UPI000472E3DB	53.76	282	281
UniRef90_UPI0002555F33	59.69	282	301
UniRef90_UPI00048E9BA9	54.98	282	280
UniRef90_A0A085T5H4	56.83	282	278
UniRef90_K6ZRM1	59.39	282	274
UniRef90_A0A0C5VRN8	59.41	282	283
UniRef90_UPI0003FF0A26	59.40	282	273
UniRef90_UPI0002FA6CCA	58.46	282	287
UniRef90_B8CKG7	58.46	282	262
UniRef90_K6YIW3	58.52	282	279
UniRef90_A0A0F9WJB9	61.28	282	274
UniRef90_W6M5H3	58.91	282	276
UniRef90_UPI000683ED10	59.22	282	261
UniRef90_UPI0005A799E9	60.82	282	281
UniRef90_A0A0H5BX29	56.07	282	288
UniRef90_F6AE40	61.42	282	283
UniRef90_UPI0006D66064	57.89	282	279
UniRef90_Q65TY7	56.73	282	275
UniRef90_A9DBU0	60.23	282	280
UniRef90_A0A0D8D2C7	59.47	282	284
UniRef90_UPI0006CA085D	57.09	282	282
UniRef90_A0A0M0M9Z6	59.48	282	280
UniRef90_UPI0002FACFB7	58.52	282	284
UniRef90_Z5XY81	58.43	282	282
UniRef90_N9U4X0	59.93	282	281
UniRef90_A0A0E3Y808	58.09	282	287
UniRef90_A0A061JLS8	59.93	282	283
UniRef90_A0A0F5ANS8	55.80	282	283
UniRef90_I1E239	61.22	282	277
UniRef90_UPI00068881C1	65.50	282	259
UniRef90_A0A0D8DH32	59.54	282	284
UniRef90_A6FB71	57.85	282	287
UniRef90_A0A0A1GKX1	60.30	282	283
UniRef90_L8D661	57.09	282	282
UniRef90_UPI000400C2C9	59.48	282	283
UniRef90_A0A0E3ZQV2	58.09	282	275
UniRef90_UPI00041BA940	61.42	282	283
UniRef90_K6ZT24	58.30	282	277
UniRef90_A0A023RH70	59.21	282	281
UniRef90_A0A0M2V9Z8	59.70	282	279
UniRef90_UPI0006664144	57.35	282	276
UniRef90_I3BRR4	58.80	282	275
UniRef90_H7ERY7	57.82	282	283
UniRef90_A0A0K1N584	55.27	282	275
UniRef90_UPI000411E5EF	56.72	282	282
UniRef90_Q0I2Q6	56.00	282	275
UniRef90_W6LY18	59.41	282	276
UniRef90_UPI00039A1F41	61.28	282	283
UniRef90_X2JST2	55.27	282	284
UniRef90_UPI0005BB97DC	59.71	282	281
UniRef90_A4CD77	57.14	282	282
UniRef90_UPI0003F8FD71	59.26	282	287
UniRef90_A0A0F9QSP5	61.63	282	265
UniRef90_A0A0A7EGI7	55.84	282	282
UniRef90_E6RP29	55.39	282	281
UniRef90_A0A0J6IC08	59.02	282	283
UniRef90_K6Y9Q1	57.09	282	275
UniRef90_UPI0003A1623F	58.21	282	280
UniRef90_B3PLQ2	59.33	282	286
UniRef90_A0A0F4PZG2	57.41	282	282
UniRef90_K2K9N9	60.46	282	267
UniRef90_UPI0002D44AF8	57.72	282	286
UniRef90_Q87WP9	58.05	282	283
UniRef90_UPI00039FEFA8	61.42	282	285
UniRef90_Q9CNJ1	56.36	282	275
UniRef90_A0A081LIP7	58.84	282	281
UniRef90_UPI000400353C	58.09	282	275
UniRef90_UPI0003B75732	59.26	282	285
UniRef90_J0PID5	58.80	282	283
UniRef90_A0A0F6UI14	61.07	282	283
UniRef90_UPI000465284E	59.33	282	288
UniRef90_A0A085UMQ3	58.43	282	283
UniRef90_UPI00035FCC9F	58.46	282	282
UniRef90_UPI0004E12624	57.74	282	300
UniRef90_W0MQJ1	57.30	282	283
UniRef90_UPI00040E2343	60.84	282	284
UniRef90_UPI00050979A7	58.78	282	273
UniRef90_A0A084CP74	52.73	282	279
UniRef90_UPI00048039FD	55.07	282	278
UniRef90_A0A081G2B4	58.27	282	288
UniRef90_UPI0004021F09	57.85	282	276
UniRef90_A0A0D0MWV9	58.80	282	283
UniRef90_U3HNH5	63.30	282	283
UniRef90_A0A090ASJ6	52.33	282	279
UniRef90_A4VPP6	58.18	282	283
UniRef90_UPI0005A6FD4C	52.17	282	288
UniRef90_UPI0003F7207D	55.56	282	277
UniRef90_UPI0004E1389F	56.78	282	280
UniRef90_H8W577	56.36	282	276
UniRef90_UPI0005CA0540	58.05	282	283
UniRef90_A0A0J6KT26	59.40	282	283
UniRef90_A0A099RP73	58.05	282	283
UniRef90_UPI0007035379	57.68	282	283
UniRef90_W6QZD0	59.18	282	283
UniRef90_S6I1B0	59.02	282	283
UniRef90_A0A099KYK8	56.55	282	283
UniRef90_UPI000516D020	57.30	282	279
UniRef90_A0A089WM36	59.18	282	283
UniRef90_UPI000509EE5B	56.00	282	274
UniRef90_I2BZ94	59.18	282	283
UniRef90_UPI00036F91CB	53.62	282	276
UniRef90_U1KVD1	56.93	282	281
UniRef90_I1XMQ4	56.51	282	279
UniRef90_UPI0005099A06	55.64	282	274
UniRef90_UPI00035C6295	60.45	282	289
UniRef90_F0ET55	56.36	282	275
UniRef90_A0A0D6BV52	58.80	282	283
UniRef90_B0TQA8	55.69	282	262
UniRef90_A0A023WWD0	56.73	282	283
UniRef90_UPI00040E7313	56.39	282	281
UniRef90_UPI000425621F	58.43	282	283
UniRef90_UPI000378C83E	55.27	282	275
UniRef90_A0A085VRM1	57.68	282	283
UniRef90_UPI0003765713	57.14	282	281
UniRef90_A0A0J6H098	58.21	282	285
UniRef90_UPI0003748EB3	58.43	282	283
UniRef90_L0GZ80	62.17	282	275
UniRef90_A0A0F0F672	58.43	282	283
UniRef90_Q88DV2	58.05	282	283
UniRef90_U7P9D5	60.00	282	283
UniRef90_A0A0B8VF64	57.30	282	283
UniRef90_A3WPL5	57.03	282	271
UniRef90_A1ST40	53.07	282	277
UniRef90_F7RV40	57.85	282	270
UniRef90_A0A0C1QGH5	55.43	282	281
UniRef90_W9T619	59.18	282	283
UniRef90_UPI0003B6A0F9	54.04	282	276
UniRef90_Q1H385	57.52	282	279
UniRef90_UPI0002559EF3	55.59	282	290
UniRef90_F9Q5M1	57.82	282	275
UniRef90_A0A011LYI5	56.39	282	282
UniRef90_UPI0006B4D06E	55.06	282	281
UniRef90_N6WX02	60.89	282	275
UniRef90_A0A0B3BWE7	56.77	282	283
UniRef90_A0A0D1NTC9	57.30	282	283
UniRef90_A0A0F4QJ60	55.81	282	281
UniRef90_UPI0006725801	57.30	282	283
UniRef90_A0A0D6UHE6	56.46	282	285
UniRef90_A0A0N1MUS7	55.71	282	288
UniRef90_UPI00047EDF15	56.02	282	282
UniRef90_Q1QSY4	57.74	282	290
UniRef90_A0A075NZ55	57.69	282	274
UniRef90_Q47YJ5	56.76	282	286
UniRef90_A0A0F0DHL5	58.96	282	289
UniRef90_UPI0004243A51	53.26	282	276
UniRef90_C4L8X9	56.72	282	280
UniRef90_A0A0F9PJK6	57.63	282	276
UniRef90_M7PQD6	53.79	282	279
UniRef90_I7AG08	61.05	282	283
UniRef90_UPI000684E2B8	57.65	282	263
UniRef90_I3I7L7	60.54	282	264
UniRef90_A0A0K1WIC0	56.18	282	283
UniRef90_Q4KIG1	59.93	282	283
UniRef90_A0A089ZQV3	56.55	282	283
UniRef90_Q3IE62	56.06	282	281
UniRef90_A0A0F5ER10	55.15	282	274
UniRef90_W0Q2C5	55.64	282	282
UniRef90_H5TAB5	57.99	282	278
UniRef90_UPI0006EC1DAE	56.54	282	276
UniRef90_J2YBF5	57.30	282	283
UniRef90_B4X4Q3	55.09	282	267
UniRef90_Q21H50	59.14	282	278
UniRef90_UPI000688D4D9	57.36	282	275
UniRef90_W5ISG2	58.96	282	289
UniRef90_G7F8T1	55.81	282	282
UniRef90_A0A024HPD9	57.31	282	265
UniRef90_A0A099L1R7	55.69	282	259
UniRef90_UPI00041942A1	56.57	282	277
UniRef90_W1Z5L4	55.81	282	281
UniRef90_C9PQ90	54.24	282	275
UniRef90_UPI00048F1100	58.78	282	270
UniRef90_A0A0F9Y4S5	56.32	282	300
UniRef90_A0A0H4GH32	56.11	282	281
UniRef90_A0A0A7JJ96	60.30	282	283
UniRef90_UPI00034B7FAE	56.55	282	299
UniRef90_R9PMW0	54.47	282	276
UniRef90_P43776	54.55	282	275
UniRef90_A4BTR8	55.56	282	287
UniRef90_Q12QI7	54.98	282	282
UniRef90_UPI000371CF31	53.87	282	291
UniRef90_A0A077LHA1	57.14	282	259
UniRef90_U3H5M9	58.05	282	283
UniRef90_A0A078LY13	58.30	282	259
UniRef90_U7I1Q9	56.64	282	262
UniRef90_UPI0006947FD8	57.36	282	282
UniRef90_A0A0C2IKG3	60.67	282	283
UniRef90_L3QCE6	99.31	282	144
UniRef90_V4HSX7	53.56	282	281
UniRef90_G2DDC3	56.57	282	274
UniRef90_G4E727	55.89	282	268
UniRef90_A0A099PAW0	57.09	282	288
UniRef90_B9CW80	54.85	282	281
UniRef90_W1H3I4	85.12	282	169
UniRef90_A0A0C4WJR5	59.55	282	288
UniRef90_K2J876	60.08	282	271
UniRef90_U7GAT7	57.20	282	276
UniRef90_UPI000480FC6A	54.68	282	278
UniRef90_L0GHT7	56.36	282	283
UniRef90_K0C742	54.83	282	259
UniRef90_A0A098RKF1	56.98	282	287
UniRef90_A0A0A1YR20	61.00	282	259
UniRef90_UPI0004746F38	56.93	282	283
UniRef90_E6KX51	54.55	282	275
UniRef90_W1S1B3	55.13	282	277
UniRef90_A0A0E2YZ95	53.51	282	286
UniRef90_I4MXP8	57.68	282	283
UniRef90_UPI000360504D	56.25	282	288
UniRef90_UPI00040E36FD	55.72	282	281
UniRef90_U7G135	55.56	282	281
UniRef90_A6VP85	55.64	282	275
UniRef90_A0A0K6GY67	55.94	282	272
UniRef90_Q2BH36	53.53	282	285
UniRef90_UPI000372A53E	56.60	282	286
UniRef90_D8KAY1	54.61	282	286
UniRef90_A0A031M4V2	57.89	282	287
UniRef90_R8B3Z6	56.46	282	277
UniRef90_X7E359	53.93	282	277
UniRef90_A0A0A3AUH3	53.33	282	275
UniRef90_A0A0J8GMN9	51.61	282	278
UniRef90_S6BTL7	55.02	282	279
UniRef90_A0A0J5PAF6	56.11	282	282
UniRef90_A0A0B0HBT4	54.01	282	275
UniRef90_A0A094IS71	56.32	282	271
UniRef90_B3H2U6	53.44	282	281
UniRef90_Q4QKJ0	54.35	282	276
UniRef90_A0A0D5Y6Q2	57.53	282	259
UniRef90_W8G304	54.91	282	280
UniRef90_E1VAS8	56.23	282	293
UniRef90_M7CQ68	57.45	282	277
UniRef90_S6HR68	55.97	282	283
UniRef90_A0A0J7JEN6	56.00	282	276
UniRef90_UPI0005B971C0	60.67	282	283
UniRef90_UPI0006F1DF73	53.41	282	299
UniRef90_W8KNH1	58.30	282	278
UniRef90_A6EYK9	55.35	282	277
UniRef90_A0A0M2TA45	57.62	282	280
UniRef90_W0H554	57.68	282	283
UniRef90_A0A075PCZ6	58.43	282	283
UniRef90_UPI0003FD4C5C	57.25	282	279
UniRef90_T2L4I9	56.60	282	304
UniRef90_A4BAL9	55.85	282	270
UniRef90_C1DFL4	58.80	282	282
UniRef90_UPI0004706CD8	53.56	282	283
UniRef90_UPI0006FE6646	55.93	282	299
UniRef90_UPI0004D01CF0	53.05	282	300
UniRef90_UPI0004182B01	55.47	282	278
UniRef90_A0A0M1JF56	53.41	282	286
UniRef90_W8R4H0	60.67	282	283
UniRef90_F6D056	54.07	282	277
UniRef90_A0A0F9V4P3	55.47	282	304
UniRef90_E4PP07	57.82	282	276
UniRef90_W9UZF2	53.24	282	285
UniRef90_UPI000465E8FF	55.73	282	280
UniRef90_UPI0004AF2B5D	56.09	282	279
UniRef90_A0A0F7M9L5	53.33	282	292
UniRef90_A0A0N0VK96	56.76	282	259
UniRef90_UPI0005F7C496	54.77	282	320
UniRef90_A0A0B4XR92	58.30	282	260
UniRef90_D5C2P9	55.77	282	290
UniRef90_A0A098SY63	58.05	282	283
UniRef90_I2JIW3	56.77	282	291
UniRef90_UPI000469E70F	55.60	282	297
UniRef90_A0A095SKL6	56.20	282	262
UniRef90_B8GNY1	60.67	282	278
UniRef90_A0A0B7IYZ0	53.03	282	274
UniRef90_A0A091APQ6	55.19	282	299
UniRef90_S6BNM8	57.68	282	283
UniRef90_H1G3N7	57.53	282	268
UniRef90_UPI000378B2A7	52.92	282	278
UniRef90_A0Y4J7	52.24	282	282
UniRef90_W0TNL7	55.39	282	276
UniRef90_UPI00047A15A0	53.57	282	299
UniRef90_A0A094IV16	58.02	282	269
UniRef90_F7P0G0	57.99	282	280
UniRef90_UPI0000E0E9C0	54.33	282	274
UniRef90_L0WF71	54.83	282	265
UniRef90_A0A0B2N6M9	54.04	282	300
UniRef90_UPI0004888735	53.43	282	277
UniRef90_J4KBZ2	54.51	282	280
UniRef90_R5EGV8	52.52	282	278
UniRef90_UPI000560DB93	55.97	282	288
UniRef90_H8Z5Y7	54.75	282	271
UniRef90_P0AC14	100.00	282	282
UniRef90_A0A085G1T4	88.65	282	282
UniRef90_UPI00066DCAC6	85.11	282	282
UniRef90_A0A0A5RKF3	89.01	282	282
UniRef90_UPI00037087EB	86.88	282	282
UniRef90_C9XU21	85.11	282	294
UniRef90_A0A089PZP7	85.82	282	282
UniRef90_E3G0X2	88.65	282	282
UniRef90_A0A0D1L933	87.94	282	282
UniRef90_UPI0004631997	85.46	282	282
UniRef90_A0A0B5IWJ8	87.23	282	282
UniRef90_A0A068QNM8	72.00	282	281
UniRef90_A0A085HEY4	75.36	282	277
UniRef90_I2B4S6	84.40	282	282
UniRef90_A0A068R9Z1	72.73	282	284
UniRef90_B6VLH7	69.15	282	282
UniRef90_A0A0L0AWX3	86.17	282	282
UniRef90_A0A0L7THA1	82.67	282	277
UniRef90_W1IZ09	72.36	282	277
UniRef90_D8MXI2	82.01	282	278
UniRef90_A0A0A1B3Z2	83.03	282	277
UniRef90_D3VIM3	72.10	282	277
UniRef90_A0A014PX05	80.58	282	278
UniRef90_D2BRT5	74.73	282	277
UniRef90_C0B0G7	74.91	282	280
UniRef90_A0A0M0T8D3	71.64	282	284
UniRef90_UPI0003A9AD85	75.81	282	277
UniRef90_UPI0006FB064D	77.78	282	279
UniRef90_D4HV12	81.65	282	278
UniRef90_Q7MYY2	71.07	282	281
UniRef90_W1IPC5	71.38	282	281
UniRef90_A0A0A0Z5A5	80.80	282	277
UniRef90_H8NMF4	76.70	282	279
UniRef90_W8G7G6	74.64	282	277
UniRef90_B2Q4W0	71.63	282	282
UniRef90_A0A085GY31	77.17	282	277
UniRef90_UPI0004019641	75.36	282	277
UniRef90_A0A0B9FQA6	62.72	282	279
UniRef90_Q6D9B7	73.29	282	277
UniRef90_I0QTN9	75.54	282	278
UniRef90_UPI0004B11285	74.55	282	279
UniRef90_U3A1Z6	64.13	282	276
UniRef90_A0A0B6GAU1	76.53	282	277
UniRef90_E1SC80	80.43	282	279
UniRef90_D3UYY5	70.65	282	285
UniRef90_K8WLN2	71.89	282	283
UniRef90_A1JIW4	75.00	282	277
UniRef90_A0A095TPB2	77.90	282	277
UniRef90_K8WUN6	70.92	282	282
UniRef90_UPI00054D230A	80.80	282	277
UniRef90_A0A0A2R6H9	68.09	282	282
UniRef90_S0A8Z9	76.81	282	277
UniRef90_D1P2N8	70.92	282	282
UniRef90_R8AML7	60.00	282	276
UniRef90_D4DY26	76.45	282	278
UniRef90_D4C3R1	72.66	282	278
UniRef90_UPI000463DA26	71.12	282	277
UniRef90_A0A066UV65	61.76	282	276
UniRef90_F9RAK9	61.96	282	277
UniRef90_A0A0A0SZX5	60.95	282	276
UniRef90_C6CE19	71.84	282	277
UniRef90_A0A0M2KKV7	77.34	282	278
UniRef90_A0A0G3CGE6	73.19	282	277
UniRef90_A0A0B8QCD2	60.74	282	276
UniRef90_U4KE67	61.85	282	276
UniRef90_A0A099MT83	61.31	282	276
UniRef90_V3TWF8	74.01	282	277
UniRef90_A0A0E0YY89	74.37	282	277
UniRef90_UPI0004A3E98A	76.81	282	277
UniRef90_A0A085JQ87	78.26	282	277
UniRef90_G7LRW4	74.01	282	277
UniRef90_UPI0002EDDE2B	59.42	282	276
UniRef90_UPI00066163D3	80.07	282	277
UniRef90_A0A0M0I1F3	60.22	282	276
UniRef90_UPI00063BF854	60.58	282	276
UniRef90_E8LR29	60.51	282	276
UniRef90_D0I7Z6	62.45	282	283
UniRef90_A0A0F5ZYV3	62.91	282	283
UniRef90_B8KBF1	59.78	282	276
UniRef90_E8M740	59.42	282	276
UniRef90_A0A071LYH6	86.04	282	265
UniRef90_A0A0D8R482	57.30	282	277
UniRef90_F2PC57	58.39	282	277
UniRef90_A0A0M0HSF5	63.14	282	276
UniRef90_A0A084TEM9	58.76	282	276
UniRef90_A0A0C2JTM6	59.85	282	277
UniRef90_X2H3Z3	68.95	282	278
UniRef90_D2TX18	67.38	282	284
UniRef90_C9QCR7	59.49	282	276
UniRef90_W0LET6	74.64	282	278
UniRef90_UPI000571B946	57.61	282	276
UniRef90_A0A0J1GM08	63.04	282	276
UniRef90_E3BM76	59.85	282	276
UniRef90_A0A0A3AA70	59.06	282	277
UniRef90_A0A0C1VY06	61.40	282	279
UniRef90_D0YZX4	63.64	282	278
UniRef90_A0A0F4NLD1	62.50	282	276
UniRef90_A0A0C3I8Y6	62.77	282	276
UniRef90_A0A0J1JZH0	65.22	282	276
UniRef90_A0A0F4P3J6	62.13	282	276
UniRef90_A0A0L7YTK6	58.03	282	276
UniRef90_A0A087III7	61.76	282	276
UniRef90_UPI0005A78D83	62.64	282	281
UniRef90_D0X2X2	61.31	282	277
UniRef90_A0A090RW23	59.85	282	276
UniRef90_UPI00047D2523	72.20	282	277
UniRef90_A0A0H2QQ78	70.14	282	278
UniRef90_A0A0D0J4S4	59.49	282	276
UniRef90_A0A0J8VF79	61.17	282	279
UniRef90_X2JST2	55.47	282	284
UniRef90_V5FH03	62.59	282	276
UniRef90_UPI0003A90188	71.94	282	278
UniRef90_P43776	54.55	282	275
UniRef90_A0A085G2R6	79.69	282	261
UniRef90_UPI0005A86159	61.37	282	281
UniRef90_UPI0002FC5C37	60.36	282	283
UniRef90_A0A0C3QT64	58.70	282	282
UniRef90_A3URZ3	59.63	282	276
UniRef90_A6B9V6	60.95	282	276
UniRef90_A4CD77	55.27	282	282
UniRef90_A0A0D0Q1S6	62.27	282	281
UniRef90_UPI00030E049F	57.25	282	276
UniRef90_UPI0005A7197C	59.21	282	281
UniRef90_F0ET55	56.36	282	275
UniRef90_A0A0A6YF33	81.88	282	277
UniRef90_A0A0J1GXQ3	62.04	282	276
UniRef90_UPI0002D4279E	58.82	282	276
UniRef90_A0A0K1N584	55.27	282	275
UniRef90_UPI00046E9794	57.72	282	278
UniRef90_F5Z8N0	58.82	282	274
UniRef90_UPI0006664144	56.93	282	276
UniRef90_Q5E7M1	60.95	282	278
UniRef90_UPI0003FF0A26	56.99	282	273
UniRef90_A0A066TFN8	68.10	282	280
UniRef90_H2FSV1	59.35	282	280
UniRef90_Q1MZR6	60.36	282	277
UniRef90_A0A0E3ZQV2	57.66	282	275
UniRef90_E0WSM4	65.85	282	284
UniRef90_F0LTP4	62.73	282	279
UniRef90_F7YPD1	57.66	282	276
UniRef90_Q65TY7	56.73	282	275
UniRef90_D2YTX0	58.55	282	287
UniRef90_A0A011LYI5	54.48	282	282
UniRef90_I3D9F5	58.18	282	275
UniRef90_L8JBH7	60.43	282	281
UniRef90_UPI000378C83E	55.27	282	275
UniRef90_K5UQ89	59.93	282	276
UniRef90_A0A0D8P6A4	57.40	282	277
UniRef90_UPI0003F6DC79	58.33	282	276
UniRef90_Q6LUJ7	62.26	282	265
UniRef90_F4AKK1	58.15	282	277
UniRef90_UPI000427BD35	59.34	282	276
UniRef90_UPI00047EDF15	54.12	282	282
UniRef90_A0A080KLL6	67.87	282	278
UniRef90_Q8EHM1	60.95	282	277
UniRef90_A1S456	59.78	282	279
UniRef90_Q4QKJ0	54.35	282	276
UniRef90_A0A0D6UHE6	54.04	282	285
UniRef90_B1KRR6	58.55	282	279
UniRef90_UPI00035908F0	59.19	282	276
UniRef90_UPI0005A71A05	59.93	282	281
UniRef90_Q086H8	60.58	282	287
UniRef90_A0A066RJ90	62.04	282	277
UniRef90_A0A067BJY1	57.88	282	277
UniRef90_UPI000475C4A3	58.55	282	276
UniRef90_A0A0J5PAF6	53.05	282	282
UniRef90_W0Q2C5	53.41	282	282
UniRef90_U3A304	59.64	282	279
UniRef90_A0A0A7EGI7	55.64	282	282
UniRef90_A0A0D8D2C7	58.52	282	284
UniRef90_H2IAY1	61.45	282	277
UniRef90_B6END7	59.12	282	277
UniRef90_Q9CNJ1	56.36	282	275
UniRef90_B9CW80	51.96	282	281
UniRef90_A0A094JX18	61.82	282	278
UniRef90_A0A0N0INU0	61.69	282	271
UniRef90_A0A0B3Z423	58.80	282	274
UniRef90_A0A085T5H4	56.41	282	278
UniRef90_UPI0002D75AD3	60.07	282	277
UniRef90_A0A0F5VJJ1	61.87	282	286
UniRef90_A1ST40	53.07	282	277
UniRef90_UPI000509EE5B	56.00	282	274
UniRef90_A0A0F4QCS0	57.56	282	281
UniRef90_A3D7L2	61.68	282	277
UniRef90_A0A0M2VAK6	60.37	282	279
UniRef90_A8FYS6	58.24	282	280
UniRef90_K6ZT24	56.32	282	277
UniRef90_UPI00039C1599	60.37	282	293
UniRef90_A0A0F5ANS8	55.80	282	283
UniRef90_UPI00046A8DF6	60.00	282	278
UniRef90_Z5XY81	57.56	282	282
UniRef90_UPI00047A15A0	53.21	282	299
UniRef90_UPI0006CA085D	57.09	282	282
UniRef90_D4ZB71	58.48	282	280
UniRef90_UPI00037D8474	58.70	282	279
UniRef90_A0A0J8YWI2	73.55	282	277
UniRef90_UPI0005099A06	55.64	282	274
UniRef90_A0A0F5ER10	54.91	282	274
UniRef90_Q0I2Q6	56.00	282	275
UniRef90_L8D661	57.09	282	282
UniRef90_S6BTL7	54.81	282	279
UniRef90_K6ZRM1	56.93	282	274
UniRef90_F9SZE0	61.31	282	276
UniRef90_A0A0F4PZG2	56.13	282	282
UniRef90_R4I0D0	66.55	282	278
UniRef90_UPI000395CBBE	54.84	282	281
UniRef90_B3H2U6	50.18	282	281
UniRef90_UPI0002555F33	57.30	282	301
UniRef90_UPI0005CA0540	56.73	282	283
UniRef90_UPI0005AAAFAC	58.18	282	277
UniRef90_A0A061JLS8	58.33	282	283
UniRef90_UPI0005A8AE85	58.12	282	281
UniRef90_A0A090IMP8	57.30	282	278
UniRef90_A0KNE9	59.93	282	281
UniRef90_A0A0D6BV52	57.45	282	283
UniRef90_W6M5H3	58.91	282	276
UniRef90_A0A010PF08	59.70	282	274
UniRef90_S5C228	58.15	282	274
UniRef90_UPI0005A6FD4C	52.55	282	288
UniRef90_A0A023WWD0	56.73	282	283
UniRef90_K6YTM1	55.20	282	279
UniRef90_A0A0F4QJ60	55.81	282	281
UniRef90_I2BZ94	57.82	282	283
UniRef90_A0A0D0MWV9	57.45	282	283
UniRef90_M7PQD6	53.79	282	279
UniRef90_UPI00051C78AE	60.65	282	280
UniRef90_A0A089WM36	57.82	282	283
UniRef90_B3PLQ2	57.19	282	286
UniRef90_UPI000411E5EF	56.51	282	282
UniRef90_R1H1P3	61.90	282	281
UniRef90_C9P1B0	55.60	282	278
UniRef90_K6YIW3	56.63	282	279
UniRef90_UPI0002D44AF8	56.88	282	286
UniRef90_E6RP29	54.78	282	281
UniRef90_A0A099RP73	56.73	282	283
UniRef90_UPI00048E9BA9	53.99	282	280
UniRef90_H7ERY7	57.82	282	283
UniRef90_A0A0M2V9Z8	58.09	282	279
UniRef90_A0A0D8DH32	57.72	282	284
UniRef90_A0A0A3AUH3	52.55	282	275
UniRef90_E1SSS7	56.47	282	278
UniRef90_A0A023RH70	59.21	282	281
UniRef90_UPI0005BB97DC	58.21	282	281
UniRef90_UPI00039A1F41	59.64	282	283
UniRef90_UPI0006725801	56.00	282	283
UniRef90_UPI0005A799E9	60.07	282	281
UniRef90_A0A0H4GH32	52.67	282	281
UniRef90_UPI0003B75732	58.12	282	285
UniRef90_UPI00035FCC9F	57.58	282	282
UniRef90_C9PQ90	53.82	282	275
UniRef90_UPI0004D01CF0	52.86	282	300
UniRef90_UPI000690E030	59.46	282	261
UniRef90_Q1H385	55.84	282	279
UniRef90_Q87WP9	56.73	282	283
UniRef90_UPI0006FE6646	55.11	282	299
UniRef90_UPI0003F7207D	55.56	282	277
UniRef90_UPI0003FD5FEB	57.41	282	277
UniRef90_A0A023NRG0	49.47	282	302
UniRef90_UPI00067F113E	62.60	282	265
UniRef90_A0A0F9WJB9	60.15	282	274
UniRef90_UPI0004243A51	53.26	282	276
UniRef90_A0A0M0M9Z6	58.61	282	280
UniRef90_C4L8X9	56.25	282	280
UniRef90_I3DA86	51.60	282	281
UniRef90_UPI0006F1DF73	53.21	282	299
UniRef90_A0A0F6UI14	58.91	282	283
UniRef90_A0A0B8VF64	56.00	282	283
UniRef90_Q1QSY4	55.60	282	290
UniRef90_UPI0006B4D06E	55.06	282	281
UniRef90_UPI0006D66064	56.57	282	279
UniRef90_A8H746	56.00	282	280
UniRef90_UPI0004E12624	55.64	282	300
UniRef90_UPI0002FA6CCA	58.24	282	287
UniRef90_K6Y9Q1	55.64	282	275
UniRef90_A0A0J6H098	56.68	282	285
UniRef90_UPI00036F91CB	53.62	282	276
UniRef90_A0A090IH37	58.91	282	283
UniRef90_UPI00042A02F4	51.84	282	300
UniRef90_H8W577	56.36	282	276
UniRef90_A0A0J6IC08	57.45	282	283
UniRef90_UPI00034AE9BE	51.25	282	303
UniRef90_A0A0N1MUS7	55.52	282	288
UniRef90_I8U7A8	62.64	282	277
UniRef90_UPI0004746F38	55.64	282	283
UniRef90_F9Q5M1	57.82	282	275
UniRef90_Q5QXL0	60.54	282	271
UniRef90_J0PID5	57.45	282	283
UniRef90_UPI000684D590	73.36	282	260
UniRef90_UPI000472E3DB	53.76	282	281
UniRef90_W6LY18	58.76	282	276
UniRef90_UPI0004021F09	56.67	282	276
UniRef90_W8G304	54.91	282	280
UniRef90_A0A085VRM1	56.36	282	283
UniRef90_A0A0J6KT26	57.82	282	283
UniRef90_A0A0N0IL94	62.84	282	271
UniRef90_W6QZD0	57.82	282	283
UniRef90_A0A0B3BWE7	55.27	282	283
UniRef90_A4VPP6	58.18	282	283
UniRef90_UPI0002FACFB7	57.82	282	284
UniRef90_C4K7K6	62.64	282	280
UniRef90_F6AE40	60.00	282	283
UniRef90_UPI00056A3F59	62.54	282	287
UniRef90_J4KBZ2	52.14	282	280
UniRef90_UPI0006947FD8	54.68	282	282
UniRef90_Q3IE62	54.61	282	281
UniRef90_I4MXP8	56.36	282	283
UniRef90_UPI0006458079	52.21	282	277
UniRef90_M4R865	54.65	282	258
UniRef90_G4E727	55.47	282	268
UniRef90_UPI0006DB5616	51.61	282	299
UniRef90_UPI0003F6E396	59.25	282	279
UniRef90_E6KX51	54.55	282	275
UniRef90_R5EGV8	52.52	282	278
UniRef90_UPI000465284E	57.82	282	288
UniRef90_J1Q1F2	60.00	282	277
UniRef90_J2YBF5	56.00	282	283
UniRef90_G7UT12	53.28	282	299
UniRef90_W0TNL7	54.18	282	276
UniRef90_A0A0A1GKX1	58.91	282	283
UniRef90_UPI0003B6A0F9	54.04	282	276
UniRef90_A0A081LIP7	58.84	282	281
UniRef90_A0A085UMQ3	57.09	282	283
UniRef90_A0A0B2N6M9	53.45	282	300
UniRef90_UPI000425621F	57.09	282	283
UniRef90_UPI000463A548	53.90	282	299
UniRef90_A6FB71	57.41	282	287
UniRef90_UPI000683ED10	58.98	282	261
UniRef90_A0A0A0BHG2	50.18	282	279
UniRef90_I1XMQ4	55.23	282	279
UniRef90_U7P9D5	58.18	282	283
UniRef90_A0A0K1WIC0	55.11	282	283
UniRef90_I4VNN2	53.38	282	302
UniRef90_T2L4I9	54.71	282	304
UniRef90_Q47YJ5	55.89	282	286
UniRef90_A0A0F0F672	57.09	282	283
UniRef90_A0A0B7IYZ0	51.46	282	274
UniRef90_W0MQJ1	56.00	282	283
UniRef90_UPI0003A1623F	56.47	282	280
UniRef90_G7F8T1	54.98	282	282
UniRef90_A9DBU0	58.67	282	280
UniRef90_U1KVD1	56.09	282	281
UniRef90_D8KAY1	54.18	282	286
UniRef90_R4YU19	64.66	282	283
UniRef90_A0A0A0EY25	52.94	282	299
UniRef90_I1E239	59.06	282	277
UniRef90_S6I1B0	57.45	282	283
UniRef90_A0A0C5VRN8	59.04	282	283
UniRef90_N9U4X0	59.93	282	281
UniRef90_UPI000516D020	57.09	282	279
UniRef90_A0A075NZ55	55.11	282	274
UniRef90_D7DK03	52.79	282	285
UniRef90_UPI0007035379	56.36	282	283
UniRef90_Q88DV2	56.73	282	283
UniRef90_B2FL24	51.61	282	298
UniRef90_Q4KIG1	58.55	282	283
UniRef90_R8B3Z6	56.00	282	277
UniRef90_L0GZ80	61.57	282	275
UniRef90_I3BRR4	58.65	282	275
UniRef90_A0A0A7RXZ0	66.93	282	256
UniRef90_A0A089ZQV3	55.27	282	283
UniRef90_A0A0F9PJK6	55.47	282	276
UniRef90_A0A081G2B4	57.39	282	288
UniRef90_UPI0006F55DD3	52.21	282	299
UniRef90_UPI00034B7FAE	55.11	282	299
UniRef90_Q12QI7	53.41	282	282
UniRef90_UPI00040E7313	55.35	282	281
UniRef90_A0A021VXL6	51.69	282	299
UniRef90_A0A0F0DHL5	57.40	282	289
UniRef90_UPI00058D6DC2	53.65	282	287
UniRef90_U3H5M9	56.73	282	283
UniRef90_UPI00048A0385	59.21	282	283
UniRef90_F7RV40	57.85	282	270
UniRef90_UPI0004AF2B5D	54.71	282	279
UniRef90_A0A0C1QGH5	55.43	282	281
UniRef90_A0A0E3Z2H1	51.97	282	297
UniRef90_UPI00040E2343	59.63	282	284
UniRef90_J3Z3U2	68.12	282	299
UniRef90_A0A0C2IKG3	59.27	282	283
UniRef90_A0A091APQ6	54.58	282	299
UniRef90_UPI000400C2C9	58.96	282	283
UniRef90_A0A0E3YME4	53.48	282	300
UniRef90_A0A0D1NTC9	56.00	282	283
UniRef90_UPI0004888735	53.43	282	277
UniRef90_V4HSX7	53.56	282	281
UniRef90_UPI00041942A1	56.57	282	277
UniRef90_UPI000465E8FF	53.07	282	280
UniRef90_A0A0F9V4P3	54.01	282	304
UniRef90_UPI000558FB12	51.25	282	305
UniRef90_A0A0B0HBT4	53.45	282	275
UniRef90_A0A098RKF1	55.11	282	287
UniRef90_UPI000400353C	57.66	282	275
UniRef90_E1VAS8	54.74	282	293
UniRef90_UPI0006EC1DAE	53.99	282	276
UniRef90_Q1LSK4	63.31	282	288
UniRef90_A0A088MZ10	67.15	282	288
UniRef90_UPI0004706CD8	52.00	282	283
UniRef90_A0A0M1JF56	52.99	282	286
UniRef90_A0A0E2YZ95	53.09	282	286
UniRef90_UPI0004243446	47.50	282	299
UniRef90_A6EYK9	54.91	282	277
UniRef90_W9T619	57.82	282	283
UniRef90_R9PMW0	51.45	282	276
UniRef90_UPI0002559EF3	55.48	282	290
UniRef90_A0A0A0ENG2	53.09	282	299
UniRef90_UPI00037302C1	51.46	282	274
UniRef90_A6VP85	55.64	282	275
UniRef90_G2DDC3	56.20	282	274
UniRef90_A0A023Y5A3	52.57	282	299
UniRef90_UPI00037487C4	52.24	282	269
UniRef90_A0A0K0XWW5	52.69	282	327
UniRef90_U3U610	68.71	282	278
UniRef90_B8CKG7	58.46	282	262
UniRef90_A0A099KYK8	54.91	282	283
UniRef90_A0A0G9H282	49.82	282	300
UniRef90_A0A0F9Y4S5	55.09	282	300
UniRef90_L0GHT7	56.36	282	283
UniRef90_W1Z5L4	54.98	282	281
UniRef90_UPI00035E85A7	56.41	282	288
UniRef90_UPI00050979A7	57.04	282	273
UniRef90_A0A0C4WJR5	58.18	282	288
UniRef90_A0A0F9JLX6	49.82	282	280
UniRef90_A0A084CP74	52.73	282	279
UniRef90_W5ISG2	57.40	282	289
UniRef90_M7CQ68	57.45	282	277
UniRef90_UPI000372A53E	54.74	282	286
UniRef90_UPI00048039FD	55.07	282	278
UniRef90_A0A099L1R7	54.83	282	259
UniRef90_UPI0003B31EA2	54.04	282	279
UniRef90_A3WPL5	56.39	282	271
UniRef90_UPI000688D4D9	55.88	282	275
UniRef90_A0A078MMX7	57.66	282	302
UniRef90_UPI00041BA940	60.00	282	283
UniRef90_B0TQA8	55.25	282	262
UniRef90_C5WCT8	64.73	282	295
UniRef90_UPI000402FD07	51.64	282	300
UniRef90_C6X6X1	54.21	282	273
UniRef90_U7GAT7	57.20	282	276
UniRef90_UPI000483DF84	53.09	282	305
UniRef90_UPI0003765713	56.32	282	281
UniRef90_UPI000570FA6C	60.00	282	278
UniRef90_A0A0N0VK96	56.76	282	259
UniRef90_A0A0A7JJ96	58.91	282	283
UniRef90_UPI0003748EB3	57.92	282	283
UniRef90_UPI0005B971C0	59.27	282	283
UniRef90_D5C2P9	53.85	282	290
UniRef90_K0C742	54.83	282	259
UniRef90_M1FG79	51.28	282	274
UniRef90_UPI0006458738	50.36	282	274
UniRef90_UPI000393E77A	60.36	282	277
UniRef90_UPI000571032A	53.26	282	291
UniRef90_UPI000371CF31	53.11	282	291
UniRef90_R7KV29	52.92	282	278
UniRef90_A0A038H1K5	51.25	282	294
UniRef90_I3I7L7	60.08	282	264
UniRef90_I4VX12	51.42	282	304
UniRef90_UPI00035C6295	59.04	282	289
UniRef90_UPI00039FEFA8	60.00	282	285
UniRef90_S6BNM8	56.36	282	283
UniRef90_A0A077LHA1	57.14	282	259
UniRef90_UPI00040E36FD	53.96	282	281
UniRef90_UPI0005C7F50F	54.55	282	276
UniRef90_U7G135	54.84	282	281
UniRef90_UPI000480FC6A	54.87	282	278
UniRef90_A0A098SY63	56.73	282	283
UniRef90_A0Y4J7	51.66	282	282
UniRef90_U7I1Q9	56.42	282	262
UniRef90_UPI0004182B01	53.82	282	278
UniRef90_E4PP07	57.82	282	276
UniRef90_UPI000469E70F	54.74	282	297
UniRef90_W0H554	56.36	282	283
UniRef90_A0A0K2BM80	64.03	282	278
UniRef90_Q2BH36	51.25	282	285
UniRef90_A0A0J7JEN6	56.00	282	276
UniRef90_D2UDM3	49.10	282	300
UniRef90_B2I693	52.22	282	298
UniRef90_UPI0000E0E9C0	52.85	282	274
UniRef90_UPI00056F63E4	48.18	282	283
UniRef90_A0A0D0QIW2	52.94	282	299
UniRef90_A0A0B4XR92	58.08	282	260
UniRef90_UPI0004E21C71	50.18	282	277
UniRef90_N9M6F1	47.45	282	283
UniRef90_A0A0A0F3A2	49.82	282	299
UniRef90_A0A024HPD9	57.09	282	265
UniRef90_E5AP46	48.91	282	309
UniRef90_A0A0A6PCY4	52.87	282	268
UniRef90_UPI000561B91A	48.75	282	299
UniRef90_A0A009JS22	47.81	282	282
UniRef90_L0WF71	53.99	282	265
UniRef90_N9MY44	50.18	282	283
UniRef90_A0A0J7JPK6	50.00	282	292
UniRef90_A0A099PAW0	53.93	282	288
UniRef90_UPI000373E3FD	54.37	282	263
UniRef90_M4NNH4	51.43	282	302
UniRef90_UPI000684E2B8	57.65	282	263
UniRef90_A0A0J1DG40	49.08	282	279
UniRef90_K2J876	58.87	282	271
UniRef90_Q21H50	56.51	282	278
UniRef90_UPI0006525403	51.82	282	286
UniRef90_B2SZR7	49.47	282	299
UniRef90_S2KXE1	55.11	282	287
