UniRef90_Q5HIG0	99.17	121	121
UniRef90_K0TSZ7	85.83	121	121
UniRef90_I7JHT2	85.00	121	123
UniRef90_Q4L3H3	83.47	121	121
UniRef90_UPI000307BA4E	82.64	121	121
UniRef90_A0A0F5X9V3	81.67	121	121
UniRef90_UPI00062B451D	80.99	121	121
UniRef90_C4WC03	83.19	121	121
UniRef90_UPI000660B116	80.83	121	121
UniRef90_A0A0D6XNT2	78.81	121	120
UniRef90_G5JHJ3	77.69	121	121
UniRef90_Q5HRN9	78.33	121	121
UniRef90_S2XBM5	77.97	121	123
UniRef90_E8SIQ1	75.83	121	123
UniRef90_H0DKM4	75.00	121	123
UniRef90_A0A0A8HS43	75.00	121	123
UniRef90_U7P9K2	73.55	121	123
UniRef90_K9AJ92	72.73	121	122
UniRef90_A0A033UAW5	72.65	121	119
UniRef90_UPI000319C114	71.79	121	119
UniRef90_C5QLJ1	79.41	121	103
UniRef90_B9DLC4	74.38	121	124
UniRef90_B9E8T7	61.98	121	120
UniRef90_Q59920	78.57	121	84
UniRef90_E3CIJ5	57.76	121	119
UniRef90_G5KFP3	56.90	121	119
UniRef90_UPI0003649861	55.17	121	119
UniRef90_U2J3J9	53.45	121	119
UniRef90_A0A0F5KTV5	48.72	121	120
UniRef90_UPI0005A969FE	47.86	121	119
UniRef90_A0A0K0G6G3	50.43	121	121
UniRef90_F8LKM3	55.17	121	119
UniRef90_E8JNM7	52.94	121	120
UniRef90_D6XV66	50.00	121	124
UniRef90_UPI00031D10AB	49.57	121	122
UniRef90_A0A073JTI1	49.57	121	120
UniRef90_F5U8Y6	51.28	121	119
UniRef90_P28823	47.46	121	120
UniRef90_K0IV66	52.54	121	123
UniRef90_A0A024Q5I2	46.15	121	122
UniRef90_I2C0K2	46.61	121	120
UniRef90_A0A094LW64	52.59	121	119
UniRef90_UPI0004938D6C	48.74	121	122
UniRef90_J3JPA6	50.43	121	120
UniRef90_UPI00037BF9CE	55.17	121	120
UniRef90_UPI00067B3FC6	50.86	121	121
UniRef90_M1Z5U5	51.72	121	121
UniRef90_A0A0K9YU06	48.74	121	123
UniRef90_UPI0005F7D6EB	49.57	121	121
UniRef90_F1YZC9	48.28	121	119
UniRef90_A0A0K9GNC5	46.55	121	119
UniRef90_A0A0M4FU15	46.55	121	120
UniRef90_H6P8Y2	53.85	121	134
UniRef90_A0A0A2UPP4	47.86	121	122
UniRef90_W9AGV9	47.01	121	119
UniRef90_UPI00069F507F	47.01	121	120
UniRef90_K0JJK5	50.43	121	120
UniRef90_UPI0005A62DE7	48.28	121	120
UniRef90_UPI000379D7FE	50.43	121	120
UniRef90_E9DKJ5	52.59	121	119
UniRef90_R9TPG9	45.38	121	127
UniRef90_A0A0J5GPU8	47.41	121	122
UniRef90_UPI00046998D2	47.86	121	124
UniRef90_UPI000558C9A4	49.14	121	120
UniRef90_A8F945	49.54	121	112
UniRef90_U5UHC8	52.14	121	120
UniRef90_A0A0L0QSD1	44.54	121	121
UniRef90_H2A6Q2	53.85	121	120
UniRef90_E3CRD9	52.59	121	119
UniRef90_UPI0003FCAC4B	50.43	121	123
UniRef90_UPI0006181F93	49.14	121	119
UniRef90_Q8DUG0	52.99	121	120
UniRef90_UPI00067EEB5A	44.83	121	120
UniRef90_UPI00037F2236	50.42	121	120
UniRef90_UPI0006EC1D6B	50.86	121	123
UniRef90_UPI0003AA72A0	49.14	121	121
UniRef90_F7Z166	47.90	121	122
UniRef90_W4Q9E4	46.55	121	120
UniRef90_V6LZV8	48.72	121	122
UniRef90_UPI0003FC1CFB	47.41	121	124
UniRef90_X0RCK1	46.55	121	124
UniRef90_UPI00035C8F31	51.72	121	119
UniRef90_A0A0C2RQL9	45.69	121	120
UniRef90_A0A0J5S151	46.55	121	119
UniRef90_A0A061PGG1	48.72	121	119
UniRef90_A7GJY5	47.86	121	120
UniRef90_U5L452	44.83	121	119
UniRef90_UPI0003F64432	46.61	121	120
UniRef90_B9DRZ4	51.28	121	119
UniRef90_UPI00048B8C63	46.55	121	120
UniRef90_UPI0006A7DEA6	46.55	121	120
UniRef90_UPI000617C5FC	47.86	121	121
UniRef90_G5JU66	50.43	121	120
UniRef90_UPI0002FF6F6B	50.42	121	124
UniRef90_A0A098EFS3	49.14	121	121
UniRef90_UPI000416BE4D	44.44	121	122
UniRef90_G5JNK0	49.14	121	119
UniRef90_P0C0G5	49.57	121	119
UniRef90_UPI000306BE22	45.69	121	119
UniRef90_UPI0003FB5016	50.43	121	120
UniRef90_UPI0005CCEE71	46.55	121	120
UniRef90_A0A077J7L9	47.41	121	119
UniRef90_A0A098ES07	44.83	121	119
UniRef90_UPI00064DED94	46.22	121	121
UniRef90_A0A0M3RCP6	50.43	121	121
UniRef90_R8R160	45.30	121	120
UniRef90_A6CT70	45.69	121	122
UniRef90_UPI00058AC76B	48.72	121	122
UniRef90_A0A0A3HLG2	48.28	121	119
UniRef90_D3FR35	45.69	121	122
UniRef90_K9E8F3	49.57	121	123
UniRef90_G5K3H6	48.31	121	119
UniRef90_A0A0A5FSN4	46.15	121	120
UniRef90_G2Z9K8	49.57	121	124
UniRef90_A0A075LK88	44.44	121	120
UniRef90_A0A0M2PMG7	47.90	121	120
UniRef90_UPI0004149BE2	49.14	121	118
UniRef90_A0A0A3XI35	49.14	121	122
UniRef90_A0A0H4KET7	47.41	121	120
UniRef90_K2GKT1	48.28	121	120
UniRef90_W7DK74	49.14	121	122
UniRef90_UPI000418348B	47.01	121	121
UniRef90_UPI00035C9998	46.55	121	121
UniRef90_A0A075JJS7	45.30	121	121
UniRef90_Q73FD5	44.44	121	120
UniRef90_UPI0005A5EC0B	46.55	121	119
UniRef90_A0A0F5I173	45.69	121	130
UniRef90_A0A0D1WML8	48.28	121	124
UniRef90_UPI0006EBFC37	45.69	121	121
UniRef90_UPI0005CBF114	49.14	121	119
UniRef90_UPI0003F8C64E	44.44	121	124
UniRef90_E7RLE8	48.28	121	121
UniRef90_UPI00041BFFE7	46.61	121	123
UniRef90_UPI000509CDE6	45.69	121	120
UniRef90_UPI000262744B	46.15	121	121
UniRef90_UPI00058B8146	49.57	121	122
UniRef90_UPI0004117C25	46.55	121	119
UniRef90_W7CTT1	48.28	121	124
UniRef90_U1MYQ4	43.10	121	121
UniRef90_A0A0D4C4M3	47.86	121	124
UniRef90_UPI000429DC10	48.74	121	120
UniRef90_UPI0002DAB2A5	44.83	121	119
UniRef90_A0A0N0YCR0	50.43	121	119
UniRef90_M5JGR8	45.76	121	120
UniRef90_UPI00058BBFFE	45.69	121	119
UniRef90_UPI00036EDEAC	46.55	121	120
UniRef90_UPI0005CD3EF7	43.97	121	119
UniRef90_E5WT23	43.10	121	120
UniRef90_F3L782	50.00	121	119
UniRef90_M8DCQ8	49.57	121	122
UniRef90_K0B0Q8	50.00	121	121
UniRef90_A0A0A1M4I9	44.92	121	121
UniRef90_A0A023DGV1	49.54	121	111
UniRef90_W4QK91	46.55	121	120
UniRef90_UPI00048F0B9A	45.69	121	119
UniRef90_B7GFK4	45.76	121	129
UniRef90_UPI00041010D5	45.69	121	120
UniRef90_UPI0003FE30BB	43.97	121	120
UniRef90_C6CRP4	46.15	121	128
UniRef90_W1SKU3	46.55	121	119
UniRef90_UPI00018507DE	43.97	121	121
UniRef90_A0A0K9HBU0	43.97	121	124
UniRef90_A0A090IQN0	43.10	121	123
UniRef90_F5SHZ0	50.86	121	120
UniRef90_H7F8H9	47.01	121	122
UniRef90_W3AHK4	46.55	121	121
UniRef90_UPI0003652EE2	43.22	121	121
UniRef90_UPI0004112DBE	46.61	121	121
UniRef90_UPI00037448B3	52.59	121	119
UniRef90_A0A074LLX4	46.55	121	119
UniRef90_A0A0M2SVI2	44.83	121	119
UniRef90_R9BYJ8	47.06	121	121
UniRef90_A0A0A5HPI8	43.59	121	120
UniRef90_B1YGR5	45.30	121	123
UniRef90_Q8EU12	44.44	121	121
UniRef90_UPI00037F0322	50.00	121	120
UniRef90_UPI0002881180	49.58	121	121
UniRef90_J2H871	47.86	121	123
UniRef90_UPI000473CCDF	44.83	121	119
UniRef90_C5D398	46.55	121	126
UniRef90_N0AUY7	47.41	121	119
UniRef90_I3E0N8	44.83	121	119
UniRef90_C0ZID6	48.28	121	123
UniRef90_A0A0L0WCQ8	49.57	121	121
UniRef90_UPI0002DB59D3	44.54	121	121
UniRef90_A0A0F7HNA5	42.86	121	122
UniRef90_UPI00036B3C96	47.01	121	119
UniRef90_E6TSF4	51.28	121	119
UniRef90_A0A0E9G4J4	48.72	121	119
UniRef90_UPI00051A04CA	49.14	121	119
UniRef90_UPI000424F3C7	46.15	121	120
UniRef90_UPI0005EE175F	45.69	121	119
UniRef90_U6B9L0	43.97	121	123
UniRef90_UPI00063F6DE1	46.22	121	124
UniRef90_K0A913	44.44	121	123
UniRef90_UPI0004277206	45.30	121	122
UniRef90_A0A0J5GQ15	42.24	121	120
UniRef90_UPI00054DEA93	45.69	121	119
UniRef90_A0A060M3P3	43.10	121	121
UniRef90_UPI000479B827	43.10	121	122
UniRef90_UPI0005D10ECB	43.10	121	129
UniRef90_UPI000402DC8E	43.97	121	121
UniRef90_W7B1U1	44.44	121	121
UniRef90_UPI000494629B	45.69	121	123
UniRef90_A0A087LGR8	46.55	121	129
UniRef90_W7B3L2	47.41	121	122
UniRef90_A0A0M9GR65	41.38	121	120
UniRef90_V6ITU5	49.15	121	293
UniRef90_D9QRZ6	47.11	121	122
UniRef90_UPI0004B42121	44.44	121	122
UniRef90_UPI000255C190	50.85	121	293
UniRef90_A0A0M2SQF0	44.44	121	121
UniRef90_A0A0A3HQJ7	48.72	121	123
UniRef90_A0A084GQV4	43.10	121	120
UniRef90_UPI000288B99B	49.58	121	293
UniRef90_A0A0C2UR19	46.61	121	130
UniRef90_UPI0006FDC1FE	41.38	121	120
UniRef90_V6Z0K9	50.00	121	119
UniRef90_A0A0A3IT84	47.86	121	122
UniRef90_A0A0M4GKV1	43.10	121	119
UniRef90_UPI0006890FB6	46.79	121	111
UniRef90_UPI00068B63C5	45.30	121	121
UniRef90_UPI0004710638	48.72	121	122
UniRef90_C4KZT1	44.83	121	121
UniRef90_A0A0A5GG40	41.03	121	121
UniRef90_W4F7M7	50.43	121	122
UniRef90_D7UUH0	46.55	121	119
UniRef90_A4IJF3	44.83	121	129
UniRef90_Q5WLU8	44.83	121	121
UniRef90_I8AFL5	43.10	121	120
UniRef90_UPI00052FFCDC	46.55	121	121
UniRef90_UPI000287C382	43.97	121	121
UniRef90_A0A0A3I4D9	49.57	121	123
UniRef90_W4R052	44.83	121	120
UniRef90_UPI00035EB5C0	43.10	121	120
UniRef90_UPI00031AF1C3	44.44	121	123
UniRef90_A0A084H640	42.24	121	120
UniRef90_K8EJA0	45.76	121	132
UniRef90_A0A0K9GHI1	43.70	121	122
UniRef90_W7DD80	46.55	121	124
UniRef90_A0A0M2UAH2	47.46	121	122
UniRef90_UPI00048EBD56	47.01	121	128
UniRef90_W7ZIP9	40.52	121	122
UniRef90_UPI00047AD2B2	45.69	121	119
UniRef90_UPI0003F8B7B7	46.55	121	123
UniRef90_UPI00031A0AC0	50.43	121	123
UniRef90_W8YMP2	46.15	121	138
UniRef90_A0A0J6CV88	44.44	121	121
UniRef90_A0A0C2H9G8	43.59	121	121
UniRef90_UPI000288D6A8	46.22	121	121
UniRef90_UPI00047D5872	41.38	121	119
UniRef90_UPI000409F640	45.61	121	121
UniRef90_M7NCG5	49.57	121	122
UniRef90_UPI00039F68C2	45.76	121	121
UniRef90_B4U347	50.00	121	120
UniRef90_A0A0A6XY31	44.83	121	122
UniRef90_A0A0A8JGM3	47.86	121	122
UniRef90_UPI000372EF18	41.88	121	121
UniRef90_UPI00064DB8D6	41.88	121	121
UniRef90_A0A0D8BX02	47.41	121	126
UniRef90_V9WD10	46.15	121	121
UniRef90_F9DVD1	47.86	121	122
UniRef90_UPI0003B61F0B	45.69	121	120
UniRef90_A0A0H4NZ89	45.69	121	123
UniRef90_A0A0C2QMU7	44.07	121	124
UniRef90_A0A0A2TN90	46.61	121	126
UniRef90_Q67JI1	45.76	121	121
UniRef90_UPI0005A6EAC7	46.15	121	123
UniRef90_UPI00047E85E2	43.10	121	120
UniRef90_UPI00040D1D37	47.01	121	122
UniRef90_E0I8X4	46.15	121	128
UniRef90_I0JH58	41.38	121	121
UniRef90_A0A0M0W8W5	42.24	121	120
UniRef90_S5ZZI6	49.09	121	111
UniRef90_Q9KGG8	44.04	121	114
UniRef90_UPI00035EDA89	42.86	121	120
UniRef90_A0A0D5NIZ8	43.59	121	128
UniRef90_UPI0006C4337D	45.30	121	120
UniRef90_UPI00047DFB70	42.24	121	119
UniRef90_A0A0B0D807	42.24	121	120
UniRef90_A0A0C2VU89	42.24	121	120
UniRef90_UPI000225AA9E	44.07	121	122
UniRef90_S2YC05	45.30	121	122
UniRef90_K1KMN9	46.15	121	122
UniRef90_UPI000411FA65	43.59	121	128
UniRef90_UPI00053AF2BD	43.10	121	120
UniRef90_UPI00036B554F	43.70	121	120
UniRef90_W4VLG3	40.68	121	121
UniRef90_A0A061NHA4	43.97	121	119
UniRef90_UPI0004095F3F	47.01	121	122
UniRef90_UPI000429F528	42.24	121	122
UniRef90_C6J5A6	45.38	121	120
UniRef90_A0A0D6ZBP1	42.24	121	119
UniRef90_G2RS41	41.38	121	119
UniRef90_A0A098F7E8	43.10	121	119
UniRef90_V6TCQ4	41.38	121	119
UniRef90_A0A081NW82	46.22	121	122
UniRef90_C9KQJ4	44.07	121	120
UniRef90_K6DQ75	41.38	121	119
UniRef90_A0A0A3IX09	47.86	121	123
UniRef90_A4J0V1	43.80	121	131
UniRef90_UPI0006D0F766	44.54	121	124
UniRef90_A0A094YS71	41.18	121	122
UniRef90_A0A0B5AGF2	40.52	121	120
UniRef90_X2GJ26	46.15	121	121
UniRef90_UPI0006A77D96	43.59	121	128
UniRef90_M2Y5L5	45.45	121	496
UniRef90_F8FA83	44.44	121	120
UniRef90_UPI00036AF3BC	44.92	121	120
UniRef90_A0A024PAF4	41.38	121	121
UniRef90_A0A0M0KVF0	42.24	121	119
UniRef90_A0A074LME1	46.15	121	122
UniRef90_A0A0M2VWZ2	42.02	121	120
UniRef90_UPI00048760BC	44.63	121	124
UniRef90_UPI0002887898	46.15	121	121
UniRef90_A0A0C2T7S9	43.10	121	123
UniRef90_F6DNJ1	43.80	121	121
UniRef90_UPI0006B413D5	44.44	121	128
UniRef90_UPI0006D0DF52	41.18	121	122
UniRef90_A0A0J5TM42	40.52	121	119
UniRef90_UPI0004E1EB72	42.74	121	131
UniRef90_UPI000364402B	42.86	121	120
UniRef90_L5NBZ4	42.24	121	121
UniRef90_UPI00036984EA	45.69	121	123
UniRef90_H0UD41	43.22	121	121
UniRef90_F5L399	45.87	121	118
UniRef90_UPI0006D18E8C	40.17	121	122
UniRef90_UPI0006A784AF	41.38	121	119
UniRef90_UPI00037293D1	43.70	121	120
UniRef90_A0A0F2Q9C2	46.15	121	120
UniRef90_UPI00048D75C4	46.15	121	122
UniRef90_UPI0006D2C254	44.54	121	123
UniRef90_UPI00047C86F9	44.83	121	130
UniRef90_T4VZV9	45.69	121	121
UniRef90_UPI00065E9A33	41.38	121	118
UniRef90_A0A078M2Q1	44.83	121	121
UniRef90_UPI00051B34B3	43.10	121	120
UniRef90_A0A0A2TCN8	43.59	121	120
UniRef90_A0A090XHT1	42.86	121	120
UniRef90_A0A0D8IGR0	48.31	121	121
UniRef90_UPI00048996A2	46.55	121	121
UniRef90_F5LD90	41.03	121	122
UniRef90_A6TQ53	46.15	121	119
UniRef90_A0A096BGQ8	45.69	121	122
UniRef90_C9LYD1	43.10	121	120
UniRef90_U2LQK3	43.70	121	125
UniRef90_L0F3A4	46.28	121	122
UniRef90_E3H7P6	45.69	121	120
UniRef90_K4LJ05	45.69	121	128
UniRef90_A0A078M8Z7	42.98	121	124
UniRef90_UPI00064876D4	45.30	121	122
UniRef90_UPI0003689682	41.03	121	130
UniRef90_A0A0A1SG95	46.55	121	121
UniRef90_UPI000481F982	42.98	121	127
UniRef90_UPI00041EF01E	44.63	121	123
UniRef90_UPI0005584C40	43.10	121	130
UniRef90_UPI00048C60D1	40.17	121	120
UniRef90_A0A069RBG8	43.97	121	121
UniRef90_L0K8M7	45.69	121	120
UniRef90_W7CUH0	44.44	121	122
UniRef90_UPI00042A4464	43.59	121	130
UniRef90_A0A0B0IBT7	43.97	121	120
UniRef90_UPI00059591CC	47.46	121	121
UniRef90_A0A0J1FGC1	44.92	121	140
UniRef90_M4F167	43.33	121	150
UniRef90_UPI0004B4CEB2	45.69	121	121
UniRef90_K6D681	43.70	121	120
UniRef90_UPI00047A8FA2	43.10	121	130
UniRef90_A0A0F2SDR8	42.37	121	125
UniRef90_B0AC35	43.97	121	121
UniRef90_F6B534	42.50	121	121
UniRef90_UPI00037A7F0A	43.70	121	135
UniRef90_M4F168	41.67	121	149
UniRef90_A0A061SAW7	43.97	121	164
UniRef90_UPI0002FDB279	41.38	121	139
UniRef90_UPI0006D7FA6C	40.34	121	120
UniRef90_A0A0D1PKT1	41.38	121	121
UniRef90_UPI00064745B2	40.68	121	122
UniRef90_A0A0B7MN35	47.06	121	136
UniRef90_UPI0004B61486	41.38	121	280
UniRef90_A0A0F2PNS4	42.24	121	118
UniRef90_UPI00047DBCD7	44.44	121	121
UniRef90_UPI0004BC6FF3	41.03	121	128
UniRef90_UPI0006D47C7B	43.70	121	122
UniRef90_N4WX55	38.14	121	121
UniRef90_UPI0003808D38	43.10	121	121
UniRef90_I0GUJ7	41.38	121	120
UniRef90_UPI0006D11FB7	44.44	121	120
UniRef90_UPI000372FEB8	45.69	121	130
UniRef90_M4FC62	41.67	121	153
UniRef90_UPI00037C2B15	41.18	121	120
UniRef90_F3M950	41.18	121	120
UniRef90_H3SJN7	41.38	121	135
UniRef90_B9L2C4	43.70	121	123
UniRef90_UPI0004871A1F	41.18	121	120
UniRef90_Q2RLE8	44.17	121	122
UniRef90_A0A0L6JNQ0	43.10	121	121
UniRef90_UPI00037B91F3	39.50	121	126
UniRef90_UPI00034C5E7E	44.07	121	128
UniRef90_W8TLD3	44.83	121	121
UniRef90_UPI00037E3F25	41.38	121	131
UniRef90_Q251P5	42.50	121	122
UniRef90_A0A0F2NRN2	41.38	121	122
UniRef90_A0A093TUC7	44.83	121	126
UniRef90_V4Q6F3	48.04	121	102
UniRef90_A0A0J1FV82	41.88	121	125
UniRef90_T0BW84	43.10	121	122
UniRef90_UPI00040C5926	40.52	121	120
UniRef90_UPI0006907DDE	41.38	121	129
UniRef90_W0E4I0	42.02	121	121
UniRef90_J9HSV2	43.70	121	123
UniRef90_F6CP18	43.97	121	118
UniRef90_A0A0L9TD37	40.52	121	132
UniRef90_E0R9B5	41.18	121	120
UniRef90_G5H4K2	42.86	121	122
UniRef90_H3NCY2	40.00	121	120
UniRef90_A0A0F2PFK0	43.75	121	121
UniRef90_E6SR31	42.24	121	121
UniRef90_E3J3K2	42.15	121	138
UniRef90_UPI0003678451	41.38	121	121
UniRef90_UPI0006F9B23F	44.17	121	123
UniRef90_UPI00057A8C9F	40.00	121	136
UniRef90_R4KGX5	41.38	121	133
UniRef90_B0TBP4	44.83	121	289
UniRef90_UPI0002EC5580	43.22	121	129
UniRef90_F9N413	40.52	121	120
UniRef90_G7W4W8	43.22	121	121
UniRef90_W7CEX8	41.18	121	123
UniRef90_D4S4K3	43.70	121	122
UniRef90_E1Z5L4	39.50	121	120
UniRef90_A5D5V3	42.37	121	152
UniRef90_UPI000366049D	41.18	121	120
UniRef90_G2FK14	41.88	121	125
UniRef90_V7I747	40.34	121	120
UniRef90_A0A089K877	40.34	121	120
UniRef90_I4D074	41.53	121	125
UniRef90_D5S2A5	44.07	121	131
UniRef90_A0A0D3VGQ6	38.66	121	120
UniRef90_A1HN55	44.07	121	123
UniRef90_D4YFH9	40.34	121	139
UniRef90_A0A0A0KU85	41.38	121	151
UniRef90_UPI00047DB75C	42.24	121	121
UniRef90_B6FWH8	42.24	121	125
UniRef90_A9NSQ3	36.97	121	131
UniRef90_UPI0006D56A1F	38.79	121	124
UniRef90_UPI000495B280	41.38	121	120
UniRef90_C8W3T5	40.50	121	121
UniRef90_A0A0E0LXV7	37.82	121	137
UniRef90_UPI00036D853B	40.52	121	120
UniRef90_A0A067DC52	41.38	121	134
UniRef90_UPI000406258A	39.50	121	129
UniRef90_J4QB13	41.18	121	122
UniRef90_UPI0005716236	39.25	121	138
UniRef90_C0GCX8	43.10	121	117
UniRef90_A0A0B3WR26	39.66	121	121
UniRef90_E0NYG4	42.74	121	121
UniRef90_D1CFN7	38.33	121	125
UniRef90_A0A0D6R6I3	39.50	121	133
UniRef90_J3MV76	38.66	121	133
UniRef90_D2BB26	41.53	121	120
UniRef90_A0A089LJV4	40.34	121	123
UniRef90_Q9SF23	38.33	121	146
UniRef90_UPI0006FF36CD	44.07	121	124
UniRef90_Q2J4P0	45.69	121	155
UniRef90_A0A069DL19	39.50	121	122
UniRef90_A0A0C2FEF6	43.97	121	119
UniRef90_K5ACE9	40.52	121	137
UniRef90_B9SDL5	37.93	121	133
UniRef90_I0YR57	43.10	121	149
UniRef90_UPI0005900C21	39.66	121	125
UniRef90_A0A0M2H8M3	42.15	121	120
UniRef90_B6JG22	40.68	121	121
UniRef90_UPI000510EE23	37.93	121	142
UniRef90_UPI0006199375	43.59	121	128
UniRef90_UPI000645EB4B	40.68	121	129
UniRef90_UPI00055451E4	40.68	121	127
UniRef90_UPI00053C4C93	37.29	121	148
UniRef90_W0Z5W3	43.22	121	139
UniRef90_E3PSM5	41.38	121	123
UniRef90_UPI0006F600DD	43.97	121	121
UniRef90_C3J9M2	43.10	121	119
UniRef90_M0U4Z5	37.50	121	133
UniRef90_A5C8N6	38.79	121	127
UniRef90_UPI00051B4A60	39.81	121	144
UniRef90_UPI0006F4BBF6	39.67	121	124
UniRef90_F6HZT1	38.79	121	142
UniRef90_E1L5P8	42.24	121	120
UniRef90_UPI0006F82DED	41.38	121	122
UniRef90_K7L039	37.93	121	160
UniRef90_C4FRH3	43.10	121	120
UniRef90_A0A0K0TWJ1	38.14	121	123
UniRef90_A0A089HIZ6	39.50	121	120
UniRef90_A0A094RZQ2	42.15	121	120
UniRef90_H5XRR8	41.88	121	121
UniRef90_W1PGF8	40.52	121	129
UniRef90_UPI0005FBBD56	37.93	121	133
UniRef90_K9VV85	40.34	121	121
UniRef90_K9D456	42.24	121	120
UniRef90_A0A022L206	41.38	121	131
UniRef90_UPI0003777009	41.67	121	123
UniRef90_UPI0006A7DEA6	45.38	121	120
UniRef90_U5L452	43.70	121	119
UniRef90_UPI0005D10ECB	42.37	121	129
UniRef90_B7GFK4	45.00	121	129
UniRef90_A0A0J5GQ15	41.18	121	120
UniRef90_A0A0K9GHI1	43.33	121	122
UniRef90_P28823	47.06	121	120
UniRef90_UPI0003AA72A0	47.50	121	121
UniRef90_A0A0K9GNC5	45.38	121	119
UniRef90_A0A090IQN0	42.02	121	123
UniRef90_W1SKU3	45.38	121	119
UniRef90_I2C0K2	46.22	121	120
UniRef90_V6ITU5	48.33	121	293
UniRef90_W4Q9E4	45.38	121	120
UniRef90_UPI0006EBFC37	44.92	121	121
UniRef90_UPI000509CDE6	44.54	121	120
UniRef90_V6TCQ4	40.34	121	119
UniRef90_I3E0N8	43.70	121	119
UniRef90_A0A077J7L9	46.22	121	119
UniRef90_M5JGR8	45.00	121	120
UniRef90_UPI0002DB59D3	44.17	121	121
UniRef90_W4R052	43.70	121	120
UniRef90_A0A084GQV4	42.02	121	120
UniRef90_UPI0005A62DE7	47.06	121	120
UniRef90_UPI00041BFFE7	45.45	121	123
UniRef90_UPI00067B3FC6	49.17	121	121
UniRef90_UPI00047DFB70	41.18	121	119
UniRef90_A0A0F5I173	44.17	121	130
UniRef90_A0A073JTI1	48.74	121	120
UniRef90_UPI0005CCEE71	45.38	121	120
UniRef90_A0A0M9GR65	40.34	121	120
UniRef90_UPI00018507DE	42.86	121	121
UniRef90_UPI00048F0B9A	44.54	121	119
UniRef90_UPI000424F3C7	45.76	121	120
UniRef90_UPI0003FE30BB	42.86	121	120
UniRef90_A0A0K9HBU0	42.86	121	124
UniRef90_UPI0004117C25	45.38	121	119
UniRef90_UPI0005A5EC0B	45.38	121	119
UniRef90_I8AFL5	42.02	121	120
UniRef90_UPI0003FC1CFB	46.22	121	124
UniRef90_F7Z166	47.50	121	122
UniRef90_UPI000479B827	42.02	121	122
UniRef90_UPI0002DAB2A5	43.70	121	119
UniRef90_UPI000306BE22	44.54	121	119
UniRef90_A0A0J6CV88	43.70	121	121
UniRef90_A0A0F5KTV5	47.90	121	120
UniRef90_A0A098ES07	43.70	121	119
UniRef90_UPI00035EB5C0	42.02	121	120
UniRef90_UPI000319C114	70.59	121	119
UniRef90_A0A0A6XY31	43.70	121	122
UniRef90_UPI00067EEB5A	43.70	121	120
UniRef90_UPI00047D5872	40.34	121	119
UniRef90_UPI000558C9A4	47.50	121	120
UniRef90_UPI000617C5FC	47.06	121	121
UniRef90_A0A0C2RQL9	44.54	121	120
UniRef90_UPI00058BBFFE	44.54	121	119
UniRef90_G2Z9K8	48.74	121	124
UniRef90_A0A0M4GKV1	42.02	121	119
UniRef90_UPI000473CCDF	43.70	121	119
UniRef90_UPI0006181F93	47.90	121	119
UniRef90_R9BYJ8	46.67	121	121
UniRef90_UPI00046998D2	47.06	121	124
UniRef90_E5WT23	42.02	121	120
UniRef90_X0RCK1	45.00	121	124
UniRef90_N0AUY7	46.22	121	119
UniRef90_A0A0M2SVI2	43.70	121	119
UniRef90_A0A094YS71	40.83	121	122
UniRef90_UPI00047AD2B2	44.54	121	119
UniRef90_UPI000660B116	81.36	121	121
UniRef90_Q4L3H3	83.47	121	121
UniRef90_C4WC03	82.50	121	121
UniRef90_UPI0003652EE2	42.86	121	121
UniRef90_UPI00064DED94	45.83	121	121
UniRef90_UPI0005F7D6EB	48.74	121	121
UniRef90_A0A0F5X9V3	81.67	121	121
UniRef90_H0DKM4	75.00	121	123
UniRef90_K6DQ75	40.34	121	119
UniRef90_Q5HIG0	99.17	121	121
UniRef90_I7JHT2	85.00	121	123
UniRef90_A0A0D4C4M3	47.06	121	124
UniRef90_A0A0J5S151	45.38	121	119
UniRef90_A0A0J5GPU8	47.01	121	122
UniRef90_UPI0005CD3EF7	42.86	121	119
UniRef90_UPI00054DEA93	44.54	121	119
UniRef90_C5D398	45.76	121	126
UniRef90_A0A0M0W8W5	41.18	121	120
UniRef90_A4IJF3	44.07	121	129
UniRef90_UPI00037F0322	48.74	121	120
UniRef90_A7GJY5	47.06	121	120
UniRef90_D3FR35	45.30	121	122
UniRef90_UPI000418348B	46.22	121	121
UniRef90_A0A075JJS7	44.54	121	121
UniRef90_A0A0K0G6G3	49.58	121	121
UniRef90_A0A0M2PMG7	47.50	121	120
UniRef90_A0A033UAW5	71.43	121	119
UniRef90_UPI00048B8C63	45.38	121	120
UniRef90_UPI00051A04CA	47.90	121	119
UniRef90_A8F945	48.65	121	112
UniRef90_UPI0004938D6C	48.33	121	122
UniRef90_A0A0M4FU15	45.00	121	120
UniRef90_R9TPG9	45.38	121	127
UniRef90_UPI000307BA4E	82.64	121	121
UniRef90_UPI0005A969FE	47.06	121	119
UniRef90_G2RS41	40.34	121	119
UniRef90_UPI00069F507F	46.22	121	120
UniRef90_A4J0V1	44.17	121	131
UniRef90_W7CTT1	47.06	121	124
UniRef90_A0A0A5FSN4	45.38	121	120
UniRef90_A6CT70	44.92	121	122
UniRef90_UPI00053AF2BD	42.02	121	120
UniRef90_UPI00036AF3BC	44.54	121	120
UniRef90_A0A087LGR8	45.76	121	129
UniRef90_M8DCQ8	48.33	121	122
UniRef90_UPI000287C382	42.86	121	121
UniRef90_E3CIJ5	56.30	121	119
UniRef90_A0A0H4NZ89	44.17	121	123
UniRef90_UPI00031D10AB	48.74	121	122
UniRef90_A0A0H4KET7	46.22	121	120
UniRef90_A0A024Q5I2	45.38	121	122
UniRef90_UPI00037E3F25	40.34	121	131
UniRef90_W9AGV9	46.22	121	119
UniRef90_U1MYQ4	42.02	121	121
UniRef90_F6B534	42.50	121	121
UniRef90_C6CRP4	45.38	121	128
UniRef90_G5JHJ3	77.69	121	121
UniRef90_A0A0A2UPP4	47.06	121	122
UniRef90_UPI0003F64432	46.22	121	120
UniRef90_A0A098F7E8	42.02	121	119
UniRef90_K0TSZ7	85.83	121	121
UniRef90_Q73FD5	43.70	121	120
UniRef90_C4KZT1	43.70	121	121
UniRef90_UPI0006FDC1FE	40.34	121	120
UniRef90_UPI000262744B	45.38	121	121
UniRef90_A0A094LW64	51.26	121	119
UniRef90_UPI00062B451D	80.99	121	121
UniRef90_UPI000429F528	41.18	121	122
UniRef90_Q5HRN9	78.33	121	121
UniRef90_UPI0005EE175F	44.54	121	119
UniRef90_A0A0L0QSD1	44.17	121	121
UniRef90_K8EJA0	45.00	121	132
UniRef90_I0JH58	40.34	121	121
UniRef90_F5SHZ0	49.58	121	120
UniRef90_V6LZV8	47.50	121	122
UniRef90_UPI000402DC8E	42.86	121	121
UniRef90_A0A075LK88	43.70	121	120
UniRef90_K9AJ92	72.73	121	122
UniRef90_A0A0M2VWZ2	41.67	121	120
UniRef90_A0A0D8BX02	46.61	121	126
UniRef90_Q5WLU8	43.70	121	121
UniRef90_UPI0006D0F766	44.17	121	124
UniRef90_A0A0A5HPI8	42.86	121	120
UniRef90_UPI000411FA65	42.86	121	128
UniRef90_U7P9K2	73.55	121	123
UniRef90_W7B3L2	46.61	121	122
UniRef90_UPI0006B413D5	43.70	121	128
UniRef90_UPI0006EC1D6B	49.17	121	123
UniRef90_UPI0006A784AF	40.34	121	119
UniRef90_W7DK74	48.31	121	122
UniRef90_A0A0D6ZBP1	41.18	121	119
UniRef90_UPI000364402B	42.50	121	120
UniRef90_Q8EU12	43.33	121	121
UniRef90_A0A0B0D807	41.18	121	120
UniRef90_UPI00047E85E2	42.02	121	120
UniRef90_W7DD80	45.38	121	124
UniRef90_UPI0003F8B7B7	45.00	121	123
UniRef90_UPI00036984EA	44.54	121	123
UniRef90_UPI000255C190	50.00	121	293
UniRef90_A0A0A5GG40	40.00	121	121
UniRef90_A0A0C2VU89	41.18	121	120
UniRef90_W7B1U1	43.70	121	121
UniRef90_A0A090XHT1	42.50	121	120
UniRef90_D7UUH0	45.38	121	119
UniRef90_A0A084H640	41.18	121	120
UniRef90_A0A0D5NIZ8	42.86	121	128
UniRef90_A0A0A1M4I9	44.54	121	121
UniRef90_A0A089K877	40.00	121	120
UniRef90_UPI000416BE4D	43.70	121	122
UniRef90_UPI000288D6A8	45.83	121	121
UniRef90_Q9KGG8	42.11	121	114
UniRef90_S2XBM5	77.97	121	123
UniRef90_A0A0D6XNT2	78.81	121	120
UniRef90_R8R160	44.54	121	120
UniRef90_C6J5A6	45.00	121	120
UniRef90_UPI0004B42121	43.70	121	122
UniRef90_UPI00048760BC	44.63	121	124
UniRef90_A0A023DGV1	48.65	121	111
UniRef90_UPI00035C9998	45.38	121	121
UniRef90_UPI00063F6DE1	45.83	121	124
UniRef90_A0A074LLX4	45.38	121	119
UniRef90_A0A0N0YCR0	49.58	121	119
UniRef90_UPI0004149BE2	47.90	121	118
UniRef90_L5NBZ4	41.18	121	121
UniRef90_A6TQ53	45.38	121	119
UniRef90_UPI0003689682	40.34	121	130
UniRef90_UPI0006D18E8C	39.50	121	122
UniRef90_H6P8Y2	52.94	121	134
UniRef90_W7ZIP9	39.50	121	122
UniRef90_A0A0M2UAH2	46.67	121	122
UniRef90_H7F8H9	46.22	121	122
UniRef90_UPI00037C2B15	40.83	121	120
UniRef90_A0A0J5TM42	39.50	121	119
UniRef90_A0A0D1WML8	47.06	121	124
UniRef90_B9SDL5	37.29	121	133
UniRef90_A0A024PAF4	40.34	121	121
UniRef90_UPI00036B554F	43.33	121	120
UniRef90_UPI0006D7FA6C	40.00	121	120
UniRef90_UPI00064876D4	44.54	121	122
UniRef90_UPI00037A7F0A	43.33	121	135
UniRef90_V9WD10	45.00	121	121
UniRef90_I1QR99	37.50	121	208
UniRef90_UPI000481F982	42.98	121	127
UniRef90_UPI00036EDEAC	45.38	121	120
UniRef90_UPI0002FF6F6B	50.00	121	124
UniRef90_UPI000225AA9E	43.70	121	122
UniRef90_A0A0A9N0L4	38.33	121	206
UniRef90_M1Z5U5	50.42	121	121
UniRef90_C9KQJ4	43.70	121	120
UniRef90_W4QK91	45.38	121	120
UniRef90_U2J3J9	52.10	121	119
UniRef90_B9E8T7	61.98	121	120
UniRef90_K0B0Q8	48.74	121	121
UniRef90_W8YMP2	45.38	121	138
UniRef90_UPI000495B280	40.34	121	120
UniRef90_UPI00048D75C4	45.38	121	122
UniRef90_UPI00048C60D1	39.50	121	120
UniRef90_E7RLE8	47.86	121	121
UniRef90_B9III2	37.29	121	133
UniRef90_A0A061PGG1	47.90	121	119
UniRef90_A0A098EFS3	48.72	121	121
UniRef90_W4VLG3	40.34	121	121
UniRef90_F8LKM3	53.78	121	119
UniRef90_A0A0M0KVF0	41.18	121	119
UniRef90_UPI0006A77D96	42.86	121	128
UniRef90_K2GKT1	47.06	121	120
UniRef90_A0A074LME1	45.38	121	122
UniRef90_K3ZWK7	37.50	121	235
UniRef90_A0A089LJV4	40.00	121	123
UniRef90_UPI00041010D5	44.54	121	120
UniRef90_Q67JI1	45.38	121	121
UniRef90_A0A089IWE9	40.00	121	120
UniRef90_UPI0004277206	44.54	121	122
UniRef90_A0A0D8IGR0	48.31	121	121
UniRef90_A0A0E0QM96	36.97	121	214
UniRef90_J2H871	46.67	121	123
UniRef90_UPI00037293D1	43.33	121	120
UniRef90_A5D5V3	42.37	121	152
UniRef90_H0UD41	42.86	121	121
UniRef90_UPI0004871A1F	40.83	121	120
UniRef90_M0T8L7	37.82	121	289
UniRef90_A0A0A1SG95	45.38	121	121
UniRef90_D9QRZ6	47.11	121	122
UniRef90_UPI0006C4337D	44.54	121	120
UniRef90_UPI0003808D38	42.02	121	121
UniRef90_E8JNM7	52.50	121	120
UniRef90_A0A0B7MN35	47.06	121	136
UniRef90_F6HZT1	38.02	121	142
UniRef90_UPI00035EDA89	42.50	121	120
UniRef90_I0GUJ7	40.34	121	120
UniRef90_UPI000288B99B	49.17	121	293
UniRef90_A0A0C2QMU7	43.70	121	124
UniRef90_UPI00048EBD56	46.22	121	128
UniRef90_F6DNJ1	43.80	121	121
UniRef90_E3CRD9	51.26	121	119
UniRef90_K0A913	43.70	121	123
UniRef90_UPI00064DB8D6	41.18	121	121
UniRef90_T4VZV9	44.54	121	121
UniRef90_UPI00052FFCDC	46.15	121	121
UniRef90_A0A061NHA4	42.86	121	119
UniRef90_A0A0B5AGF2	39.50	121	120
UniRef90_UPI00047DBCD7	43.70	121	121
UniRef90_E0R9B5	40.83	121	120
UniRef90_UPI0006890FB6	45.95	121	111
UniRef90_A0A0C2UR19	46.22	121	130
UniRef90_S5ZZI6	48.65	121	111
UniRef90_A0A0A2TN90	46.61	121	126
UniRef90_S7J2M9	37.82	121	121
UniRef90_A0A081NW82	45.83	121	122
UniRef90_E0I8X4	45.38	121	128
UniRef90_UPI0006DCBC0E	34.71	121	128
UniRef90_A0A089HIZ6	39.17	121	120
UniRef90_UPI00047C86F9	43.70	121	130
UniRef90_H2A6Q2	52.94	121	120
UniRef90_UPI0005FBBD56	37.29	121	133
UniRef90_A5C8N6	38.02	121	127
UniRef90_M5VXY0	36.44	121	142
UniRef90_B1YGR5	44.54	121	123
UniRef90_UPI0006D0DF52	40.83	121	122
UniRef90_UPI00058B8146	48.33	121	122
UniRef90_UPI000520841B	37.29	121	128
UniRef90_W3AHK4	46.15	121	121
UniRef90_UPI000366049D	40.83	121	120
UniRef90_K4LJ05	45.69	121	128
UniRef90_A0A0A3I4D9	48.33	121	123
UniRef90_K6D681	43.33	121	120
UniRef90_B9L2C4	42.98	121	123
UniRef90_H2GX98	33.06	121	146
UniRef90_A0A069DL19	39.17	121	122
UniRef90_A0A0A8JGM3	45.00	121	122
UniRef90_UPI0003FCAC4B	49.58	121	123
UniRef90_A0A0E0DX55	38.33	121	364
UniRef90_G5K3H6	47.90	121	119
UniRef90_A0A060M3P3	42.02	121	121
UniRef90_F6CP18	42.86	121	118
UniRef90_UPI000379D7FE	49.58	121	120
UniRef90_UPI00051B34B3	42.02	121	120
UniRef90_W0E4I0	42.02	121	121
UniRef90_UPI0003678451	40.34	121	121
UniRef90_UPI0005CBF114	47.90	121	119
UniRef90_UPI00052F3CED	36.13	121	132
UniRef90_C0ZID6	46.67	121	123
UniRef90_UPI000372FEB8	44.54	121	130
UniRef90_L0K8M7	44.54	121	120
UniRef90_Q6TFM2	38.14	121	130
UniRef90_E8SIQ1	75.83	121	123
UniRef90_UPI0006D47C7B	43.33	121	122
UniRef90_F5LD90	40.34	121	122
UniRef90_A0A0D3VGQ6	38.33	121	120
UniRef90_A0A0D2R6L3	34.75	121	135
UniRef90_I1I9D5	36.13	121	134
UniRef90_A0A061EVS6	36.67	121	142
UniRef90_U2LQK3	43.33	121	125
UniRef90_A0A0E0R1A0	37.50	121	615
UniRef90_A0A0J8BY93	35.54	121	130
UniRef90_UPI0003649861	53.78	121	119
UniRef90_A0A097BTX2	38.14	121	128
UniRef90_A0A0A8HS43	75.42	121	123
UniRef90_B8BEF2	37.50	121	624
UniRef90_UPI00031A0AC0	50.00	121	123
UniRef90_A0A0E0LXV7	37.82	121	137
UniRef90_F8FA83	43.70	121	120
UniRef90_UPI00040D1D37	45.83	121	122
UniRef90_UPI000510EE23	37.29	121	142
UniRef90_F1YZC9	47.06	121	119
UniRef90_M7NCG5	48.33	121	122
UniRef90_A0A0M3RCP6	50.00	121	121
UniRef90_F3M950	40.83	121	120
UniRef90_J3N040	36.67	121	142
UniRef90_UPI0002C35454	36.44	121	139
UniRef90_UPI000404F4CE	38.84	121	123
UniRef90_A9NSQ3	36.97	121	131
UniRef90_K7L039	37.29	121	160
UniRef90_P0C0G5	48.74	121	119
UniRef90_B4FPQ2	35.29	121	134
UniRef90_UPI00058AC76B	48.31	121	122
UniRef90_A0A0K9YU06	48.33	121	123
UniRef90_T0BW84	42.02	121	122
UniRef90_A0A067DC52	40.50	121	134
UniRef90_UPI00031AF1C3	43.70	121	123
UniRef90_A0A0L9TD37	39.83	121	132
UniRef90_UPI000511D1AC	37.82	121	137
UniRef90_UPI00037BF9CE	53.33	121	120
UniRef90_A9TR87	35.83	121	139
UniRef90_A0A0G3H0N2	33.33	121	123
UniRef90_UPI0004B4CEB2	44.54	121	121
UniRef90_UPI0003B61F0B	44.54	121	120
UniRef90_UPI0004710638	47.50	121	122
UniRef90_G5JU66	49.58	121	120
UniRef90_A0A096BGQ8	44.54	121	122
UniRef90_A0A0J1FGC1	44.83	121	140
UniRef90_UPI000406258A	39.17	121	129
UniRef90_A0A0A3XI35	47.90	121	122
UniRef90_Q2RLE8	44.17	121	122
UniRef90_U6B9L0	42.50	121	123
UniRef90_UPI0004E1EB72	42.02	121	131
UniRef90_M4FC62	41.67	121	153
UniRef90_UPI00037F2236	50.00	121	120
UniRef90_A0A059BA91	38.14	121	136
UniRef90_UPI0004BC6FF3	40.34	121	128
UniRef90_U5UHC8	51.26	121	120
UniRef90_W8TLD3	43.70	121	121
UniRef90_E6TSF4	50.42	121	119
UniRef90_A0A069RBG8	42.86	121	121
UniRef90_R4KGX5	40.68	121	133
UniRef90_UPI00040C5926	39.50	121	120
UniRef90_UPI00057A8C9F	40.00	121	136
UniRef90_UPI00048A3A11	36.97	121	125
UniRef90_C5YNA8	35.29	121	133
UniRef90_G5JNK0	47.90	121	119
UniRef90_A0A0A9M1J6	36.97	121	130
UniRef90_S2YC05	45.76	121	122
UniRef90_A0A0F2NRN2	40.34	121	122
UniRef90_B0AC35	42.86	121	121
UniRef90_UPI0003F8C64E	43.70	121	124
UniRef90_G7W4W8	41.18	121	121
UniRef90_UPI0005584C40	42.02	121	130
UniRef90_F5U8Y6	50.42	121	119
UniRef90_A0A0F2Q9C2	45.38	121	120
UniRef90_A0A0A3IT84	47.46	121	122
UniRef90_K1KMN9	45.76	121	122
UniRef90_UPI00047A8FA2	42.02	121	130
UniRef90_V4M8Z2	37.40	121	152
UniRef90_K9E8F3	48.74	121	123
UniRef90_A0A022REA8	36.44	121	129
UniRef90_M4F167	43.33	121	150
UniRef90_A0A0B3WR26	38.66	121	121
UniRef90_E9DKJ5	51.26	121	119
UniRef90_H5XRR8	41.18	121	121
UniRef90_UPI0003FB5016	49.58	121	120
UniRef90_A0A099SA15	39.50	121	121
UniRef90_Q8DUG0	52.10	121	120
UniRef90_UPI000494629B	44.54	121	123
UniRef90_G2FK14	41.53	121	125
UniRef90_UPI00036B3C96	46.22	121	119
UniRef90_D1C534	36.07	121	125
UniRef90_A0A0E9G4J4	47.90	121	119
UniRef90_M8B059	33.90	121	134
UniRef90_J3MV76	38.66	121	133
UniRef90_UPI00042A4464	42.86	121	130
UniRef90_UPI00039F68C2	45.38	121	121
UniRef90_UPI00052F1037	36.97	121	133
UniRef90_UPI0004B61486	40.34	121	280
UniRef90_A0A078M2Q1	44.44	121	121
UniRef90_A0A0L0WCQ8	48.74	121	121
UniRef90_F9DVD1	46.67	121	122
UniRef90_A0A068V5J2	37.29	121	141
UniRef90_UPI00041857EE	42.50	121	124
UniRef90_UPI0004095F3F	46.61	121	122
UniRef90_UPI000581378F	35.59	121	142
UniRef90_G5H4K2	42.50	121	122
UniRef90_UPI0006D11FB7	43.70	121	120
UniRef90_UPI0005A6EAC7	45.76	121	123
UniRef90_UPI0003601DEE	35.00	121	130
UniRef90_A0A0D6R6I3	39.50	121	133
UniRef90_UPI0004C45DE3	39.67	121	130
UniRef90_C8W3T5	40.50	121	121
UniRef90_UPI00048D323E	34.71	121	123
UniRef90_A0A0C2T7S9	42.02	121	123
UniRef90_A0A0E0EUY0	36.67	121	138
UniRef90_L0F3A4	45.00	121	122
UniRef90_D5S2A5	43.70	121	131
UniRef90_A0A0A3HQJ7	47.50	121	123
UniRef90_A0A0F2SDR8	42.37	121	125
UniRef90_A0A0F2PNS4	41.18	121	118
UniRef90_J3JPA6	49.58	121	120
UniRef90_B9DRZ4	50.42	121	119
UniRef90_D6XV66	48.74	121	124
UniRef90_UPI00037F7834	37.19	121	124
UniRef90_F5L399	45.05	121	118
UniRef90_H3NCY2	39.17	121	120
UniRef90_A0A0A3IX09	47.46	121	123
UniRef90_M0U4Z5	37.50	121	133
UniRef90_L1M9Z8	32.23	121	132
UniRef90_R0G2A9	37.50	121	138
UniRef90_A0A0B0IBT7	42.86	121	120
UniRef90_A0A0D9XAS0	36.97	121	137
UniRef90_UPI00035C8F31	50.42	121	119
UniRef90_S5SX78	38.84	121	129
UniRef90_A0A0E0R199	37.29	121	969
UniRef90_A0A0F5FQW0	36.97	121	137
UniRef90_I1ISU5	38.33	121	140
UniRef90_C7MQJ1	36.44	121	130
UniRef90_Q251P5	42.50	121	122
UniRef90_A0A0K9RS31	35.54	121	130
UniRef90_D8SID2	37.29	121	131
UniRef90_W1PGF8	39.83	121	129
UniRef90_L7LDX3	34.71	121	127
UniRef90_E3H7P6	44.54	121	120
UniRef90_UPI00037BCF4D	36.13	121	121
UniRef90_W7CUH0	43.70	121	122
UniRef90_A0A0A2TV68	37.50	121	120
UniRef90_UPI0002887898	46.61	121	121
UniRef90_K0JJK5	49.58	121	120
UniRef90_UPI0004112DBE	46.22	121	121
UniRef90_D5WRM1	40.34	121	121
UniRef90_W4F7M7	50.00	121	122
UniRef90_UPI00032AC92A	34.75	121	240
UniRef90_D4S4K3	43.33	121	122
UniRef90_A0A0F2PFK0	44.55	121	121
UniRef90_UPI00032AA61A	34.75	121	266
UniRef90_C6T502	33.90	121	132
UniRef90_A0A0F7FU62	42.02	121	119
UniRef90_A0A0D2V5C4	34.75	121	140
UniRef90_V7D1B6	36.44	121	132
UniRef90_A0A061SAW7	43.22	121	164
UniRef90_A0A076N9F9	33.33	121	120
UniRef90_R4TCY1	34.17	121	119
UniRef90_K7MF09	34.75	121	186
UniRef90_V7I747	40.00	121	120
UniRef90_G5GRX0	38.33	121	124
UniRef90_D5X9M8	41.67	121	120
UniRef90_E0NYG4	42.02	121	121
UniRef90_A8I543	32.77	121	164
UniRef90_UPI0006DAA69F	41.67	121	121
UniRef90_F5RP11	41.67	121	124
UniRef90_UPI00037448B3	51.26	121	119
UniRef90_A0A0F0GIA9	38.84	121	129
UniRef90_W7CEX8	40.83	121	123
UniRef90_UPI00040598A7	40.50	121	132
UniRef90_X2GJ26	45.76	121	121
UniRef90_M2Y5L5	45.45	121	496
UniRef90_UPI00048996A2	45.38	121	121
UniRef90_J9HSV2	43.70	121	123
UniRef90_A0A078MLF2	37.82	121	131
UniRef90_W9QPY2	33.05	121	133
UniRef90_UPI0002881180	49.17	121	121
UniRef90_UPI0003A748A0	35.00	121	119
UniRef90_A7IL65	40.34	121	145
UniRef90_UPI0006414391	34.75	121	165
UniRef90_Q9SF23	38.66	121	146
UniRef90_S8D865	34.75	121	124
