UniRef90_P09883	100.00	131	582
UniRef90_A0A098YNK1	94.66	131	576
UniRef90_A0A0I0JMA8	81.68	131	295
UniRef90_UPI000016F271	80.92	131	204
UniRef90_A0A0K3WFD0	79.39	131	494
UniRef90_A0A0J5FS99	74.81	131	626
UniRef90_UPI0005307C1E	78.63	131	611
UniRef90_UPI0002DF2685	74.81	131	490
UniRef90_K8W1W3	75.20	131	583
UniRef90_W3YF76	74.40	131	594
UniRef90_UPI00066707A7	69.47	131	620
UniRef90_Q47112	70.23	131	576
UniRef90_UPI0005F013E3	60.16	131	436
UniRef90_UPI00069DF431	61.54	131	744
UniRef90_UPI000696B89C	60.16	131	762
UniRef90_UPI000468A2F6	61.54	131	630
UniRef90_A0A0J0ILR1	58.54	131	148
UniRef90_Q7N5Q1	56.59	131	562
UniRef90_UPI00067CB26F	55.47	131	139
UniRef90_UPI000515FE37	53.85	131	141
UniRef90_UPI0005E73CE4	58.91	131	903
UniRef90_UPI0005931574	68.69	131	101
UniRef90_A0A0M0T4S5	69.31	131	103
UniRef90_B2VB98	56.15	131	640
UniRef90_UPI0004A2282C	52.34	131	135
UniRef90_S0A8N1	54.62	131	710
UniRef90_A0A0B6FNA2	55.12	131	141
UniRef90_UPI00050A7D60	73.68	131	97
UniRef90_UPI00069ABFB3	54.69	131	174
UniRef90_UPI0006C741F1	57.69	131	470
UniRef90_UPI000676FB19	53.44	131	142
UniRef90_UPI00068E5D41	58.14	131	673
UniRef90_UPI000691E6A9	57.25	131	520
UniRef90_A0A0J5FR92	53.12	131	142
UniRef90_W3V1J5	55.38	131	557
UniRef90_UPI0006717E1B	56.25	131	139
UniRef90_UPI00069F3607	55.38	131	483
UniRef90_UPI0005DDC549	51.94	131	141
UniRef90_UPI00069E7638	56.92	131	547
UniRef90_UPI0006203A2A	51.97	131	141
UniRef90_UPI00068E3856	52.31	131	226
UniRef90_UPI0004B4F3C7	55.91	131	551
UniRef90_UPI0006460F4E	55.38	131	572
UniRef90_UPI0003990C21	50.78	131	333
UniRef90_R5WKI6	53.08	131	353
UniRef90_S2KM91	50.78	131	336
UniRef90_UPI0003BD025C	60.94	131	904
UniRef90_UPI00067B7EAF	52.31	131	143
UniRef90_UPI0003D36DBE	55.12	131	315
UniRef90_UPI00069E5E69	54.26	131	562
UniRef90_A0A0E8MJI3	55.04	131	940
UniRef90_UPI0005E73288	55.04	131	987
UniRef90_A0A085IE35	54.69	131	552
UniRef90_A0A0H5P8Q4	54.62	131	904
UniRef90_UPI0005F8F0D5	52.34	131	563
UniRef90_A0A0H3G2H6	53.08	131	692
UniRef90_UPI0004DB48F1	54.69	131	547
UniRef90_A0A0H5MWT1	51.16	131	387
UniRef90_UPI0004A45C3C	54.69	131	548
UniRef90_UPI00059C459C	52.76	131	138
UniRef90_B6VKC3	62.38	131	114
UniRef90_UPI00066B102E	50.00	131	135
UniRef90_A0A0H4NDV5	53.54	131	896
UniRef90_A0A0H5MF98	54.26	131	922
UniRef90_UPI0006D462E7	49.23	131	144
UniRef90_UPI00069AE30B	56.35	131	669
UniRef90_UPI00068D9A1A	50.77	131	528
UniRef90_A7MTX8	56.49	131	859
UniRef90_UPI000571A788	51.56	131	365
UniRef90_UPI0006807F67	54.33	131	520
UniRef90_A0A086BQ98	51.54	131	430
UniRef90_UPI0003940573	51.15	131	521
UniRef90_G2S3M9	53.91	131	552
UniRef90_S5EJJ1	52.71	131	733
UniRef90_UPI0006970D16	50.77	131	675
UniRef90_A0A0E4CH58	50.77	131	813
UniRef90_A0A0N2A5K4	52.31	131	674
UniRef90_UPI0005E690E3	53.85	131	997
UniRef90_A0A0J6GVU2	52.34	131	390
UniRef90_UPI0002E27D38	54.20	131	864
UniRef90_J3H8X1	52.34	131	596
UniRef90_UPI00067F6414	54.69	131	428
UniRef90_A0A0D5Y109	51.54	131	448
UniRef90_UPI0002DF80D2	51.54	131	439
UniRef90_UPI0005E26BDA	55.47	131	842
UniRef90_UPI0005E40174	52.31	131	910
UniRef90_UPI00068DAFBA	50.00	131	236
UniRef90_H2IPE2	50.00	131	806
UniRef90_UPI0006D2AFB9	51.67	131	125
UniRef90_J2EV17	51.54	131	439
UniRef90_Q66G34	51.15	131	139
UniRef90_J8TH49	50.00	131	600
UniRef90_UPI000662BDBC	50.00	131	138
UniRef90_UPI000365F0C0	48.36	131	156
UniRef90_UPI0002F175EE	51.94	131	513
UniRef90_UPI000619F00C	52.34	131	474
UniRef90_UPI000696AA48	50.77	131	529
UniRef90_Q87GQ2	53.44	131	869
UniRef90_UPI000642250E	51.94	131	368
UniRef90_UPI00056359A2	50.00	131	518
UniRef90_UPI0004687093	51.94	131	554
UniRef90_UPI00053F1BF8	46.88	131	321
UniRef90_UPI00068F1F41	48.09	131	368
UniRef90_UPI0004248E1D	49.23	131	838
UniRef90_UPI00067B9418	58.42	131	105
UniRef90_UPI00050D86C1	50.77	131	436
UniRef90_A0A077F9G4	51.56	131	464
UniRef90_A0A0A8RBA3	47.66	131	777
UniRef90_A0A0E1J8F1	51.56	131	552
UniRef90_UPI00030EF447	50.77	131	820
UniRef90_I4MVQ3	50.77	131	239
UniRef90_A0A0L7ZC38	50.77	131	829
UniRef90_UPI00069B54E1	48.44	131	452
UniRef90_S6HX39	50.39	131	534
UniRef90_UPI0003D2F712	50.78	131	388
UniRef90_J7KSR0	50.76	131	599
UniRef90_A0A0A0CV97	51.16	131	555
UniRef90_Q06584	50.00	131	689
UniRef90_UPI0006FC2304	49.23	131	423
UniRef90_A0A094U800	49.24	131	598
UniRef90_UPI0006D5A628	49.62	131	819
UniRef90_UPI00069FE850	52.73	131	111
UniRef90_W3V1F5	51.18	131	502
UniRef90_UPI0005E3AF41	51.15	131	954
UniRef90_UPI0004BC539F	50.78	131	619
UniRef90_W8G778	51.91	131	551
UniRef90_UPI0005035A5C	48.48	131	603
UniRef90_E6WJT3	50.77	131	769
UniRef90_A0A0J1MC08	46.62	131	579
UniRef90_L0M703	50.76	131	588
UniRef90_UPI000569CFE6	56.86	131	109
UniRef90_A0A0J4QD82	47.69	131	160
UniRef90_UPI00061AC9E8	53.72	131	125
UniRef90_A8AJ94	47.37	131	580
UniRef90_J2EQJ3	47.24	131	426
UniRef90_UPI00031DEEC8	50.77	131	448
UniRef90_Q4ZME2	50.78	131	643
UniRef90_UPI00067B8FD9	55.45	131	108
UniRef90_J3IJT0	50.39	131	860
UniRef90_J3IJT0	34.19	131	860
UniRef90_UPI0005E6AF81	55.56	131	121
UniRef90_UPI000467C1AA	55.47	131	447
UniRef90_A0A0E8XGG1	51.15	131	870
UniRef90_A0A0L7AGR8	46.21	131	1151
UniRef90_UPI0005E17FB8	50.39	131	913
UniRef90_A0A0D5XX52	46.51	131	428
UniRef90_J2EF28	50.39	131	913
UniRef90_UPI0006B523B0	45.31	131	289
UniRef90_UPI0005E08715	51.97	131	919
UniRef90_A0A0A6DI96	49.22	131	784
UniRef90_UPI00069322A1	47.66	131	592
UniRef90_Q06583	49.22	131	618
UniRef90_UPI00068B696D	48.46	131	451
UniRef90_J2WLF8	48.06	131	677
UniRef90_UPI0005E011F4	50.39	131	855
UniRef90_A0A0H5GMU2	50.39	131	906
UniRef90_K9NQR6	47.29	131	840
UniRef90_UPI0005DBA4C3	55.88	131	106
UniRef90_UPI0005E6FFC1	50.00	131	480
UniRef90_C7BND6	57.43	131	106
UniRef90_UPI0004DFAA46	49.23	131	832
UniRef90_A0A0J6GAL4	48.44	131	749
UniRef90_UPI0006FAD5C4	49.61	131	855
UniRef90_UPI0006FAD5C4	34.19	131	855
UniRef90_UPI000641EF2D	46.92	131	367
UniRef90_A0A0A0CTR0	55.45	131	108
UniRef90_UPI000680AEEB	46.09	131	289
UniRef90_Q66G32	46.92	131	142
UniRef90_A0A0H6QQ79	48.46	131	842
UniRef90_UPI0005166932	55.88	131	107
UniRef90_J2WYW8	49.22	131	752
UniRef90_UPI0006ACE787	48.44	131	534
UniRef90_A0A059L189	46.88	131	298
UniRef90_Q3KHV9	49.22	131	731
UniRef90_A0A0J6H6U1	54.46	131	110
UniRef90_UPI00066EA6D7	55.88	131	106
UniRef90_UPI000666FB3C	47.69	131	569
UniRef90_UPI0006473FAE	48.06	131	849
UniRef90_UPI0006473FAE	28.45	131	849
UniRef90_J3IN31	45.31	131	703
UniRef90_UPI0005CFBF34	49.22	131	546
UniRef90_J3BLH2	48.46	131	444
UniRef90_UPI00055C7580	49.24	131	599
UniRef90_J3HG58	50.78	131	451
UniRef90_F3H8Y8	47.66	131	181
UniRef90_A0A0E2V9L6	46.09	131	661
UniRef90_A0A0E1E7J3	48.46	131	438
UniRef90_J2SS01	49.61	131	855
UniRef90_J2SS01	34.19	131	855
UniRef90_Q9XBT6	47.69	131	765
UniRef90_F3DSA8	46.09	131	473
UniRef90_A0A0J6L9E5	46.56	131	782
UniRef90_UPI0005DB295C	51.49	131	108
UniRef90_UPI00068663E2	46.15	131	373
UniRef90_L8MHE2	46.09	131	544
UniRef90_UPI00068B10FC	46.09	131	214
UniRef90_UPI00061B0D2B	57.58	131	115
UniRef90_UPI0007027D4D	45.74	131	755
UniRef90_A0A024EAF9	47.29	131	752
UniRef90_I4KW29	45.74	131	755
UniRef90_J9XV18	46.92	131	773
UniRef90_UPI000702EABB	46.51	131	302
UniRef90_UPI0002E7602F	45.31	131	749
UniRef90_UPI00067F6DE0	46.15	131	527
UniRef90_L3QIC1	47.10	131	445
UniRef90_UPI0002D435A3	47.33	131	753
UniRef90_A0A0D9B0U1	46.88	131	863
UniRef90_A0A0D9B0U1	33.62	131	863
UniRef90_UPI00031A7947	44.62	131	785
UniRef90_A0A024HC89	46.51	131	478
UniRef90_Q3K6V6	47.66	131	416
UniRef90_UPI0002C40A45	46.92	131	448
UniRef90_UPI0006947614	46.15	131	720
UniRef90_UPI0005166E40	46.09	131	542
UniRef90_UPI000694803E	43.41	131	588
UniRef90_A0A010RRL5	49.22	131	443
UniRef90_Q3K520	46.88	131	789
UniRef90_A0A0N0BV16	46.88	131	444
UniRef90_J2XK98	45.31	131	723
UniRef90_A0A0H5MAZ4	47.69	131	604
UniRef90_F3IGF7	44.53	131	184
UniRef90_J2Y171	47.29	131	854
UniRef90_J2Y171	29.91	131	854
UniRef90_UPI00067E762E	46.09	131	459
UniRef90_D2ZY22	46.88	131	387
UniRef90_UPI00066FCBA4	54.26	131	100
UniRef90_I4KG10	46.09	131	518
UniRef90_UPI000567EA34	53.47	131	108
UniRef90_UPI0006F8EC0F	42.64	131	635
UniRef90_UPI00048A02E7	48.09	131	738
UniRef90_J3ISZ2	43.75	131	528
UniRef90_S6GZ99	43.85	131	448
UniRef90_UPI00067BDF53	55.79	131	101
UniRef90_Q3K6V8	47.66	131	415
UniRef90_UPI0005E9E627	46.03	131	270
UniRef90_UPI00069E616D	46.09	131	282
UniRef90_A0A0H0DDQ7	47.97	131	573
UniRef90_UPI0005BD2E3E	44.62	131	753
UniRef90_UPI000684F0A9	43.75	131	549
UniRef90_UPI00067DD268	49.54	131	123
UniRef90_A0A0C5RR02	45.04	131	773
UniRef90_UPI00070302C5	42.64	131	159
UniRef90_A0A083UUH9	43.75	131	659
UniRef90_UPI00054B57B0	44.53	131	755
UniRef90_L0FBV3	44.96	131	425
UniRef90_C4SH19	45.24	131	530
UniRef90_UPI00047118DE	45.31	131	432
UniRef90_UPI000363E2A6	47.29	131	853
UniRef90_UPI000363E2A6	33.33	131	853
UniRef90_E7PC76	44.53	131	425
UniRef90_UPI000702669F	43.41	131	737
UniRef90_S5N9S8	45.24	131	369
UniRef90_S6MCN1	47.66	131	546
UniRef90_UPI00040873F0	45.31	131	551
UniRef90_K0WCQ0	45.74	131	563
UniRef90_T6IHK2	42.03	131	186
UniRef90_UPI00067B9D5D	46.56	131	898
UniRef90_Q8VV18	43.48	131	346
UniRef90_A9MMY5	45.65	131	1196
UniRef90_Q88NA6	45.80	131	758
UniRef90_F3F451	46.72	131	574
UniRef90_I4N884	47.75	131	113
UniRef90_F3HDH1	45.31	131	661
UniRef90_S6HR26	46.09	131	415
UniRef90_UPI0005A89E4E	46.00	131	111
UniRef90_UPI00048B149A	45.67	131	737
UniRef90_K2TNS5	46.09	131	632
UniRef90_A0A099GDD0	43.41	131	465
UniRef90_UPI0003D4062A	45.24	131	464
UniRef90_D4HY66	45.24	131	1426
UniRef90_A0A0C5E872	44.62	131	428
UniRef90_UPI0006B94942	45.31	131	636
UniRef90_UPI00067BC143	48.98	131	104
UniRef90_L0FPS5	43.85	131	752
UniRef90_C7BQD8	51.00	131	265
UniRef90_UPI0004724635	42.19	131	725
UniRef90_UPI00069EE3F9	42.97	131	450
UniRef90_UPI00036DEA5A	45.74	131	862
UniRef90_UPI00036DEA5A	31.62	131	862
UniRef90_S5NAK5	50.94	131	118
UniRef90_A0A0F5B7X9	46.38	131	592
UniRef90_S2KMV0	48.42	131	180
UniRef90_UPI0004653FC6	45.31	131	548
UniRef90_A0A0B5KCE2	41.41	131	730
UniRef90_A0A099SKU6	45.31	131	548
UniRef90_A0A097H408	41.54	131	292
UniRef90_A0A077LDN9	40.91	131	116
UniRef90_I4MYA9	43.75	131	277
UniRef90_UPI0005A772DF	52.94	131	105
UniRef90_UPI0006991D97	39.84	131	423
UniRef90_A0A0E2KD77	46.03	131	1461
UniRef90_UPI0006FDFDC9	46.88	131	744
UniRef90_UPI0006D3CE22	43.08	131	730
UniRef90_UPI0006ACD644	51.00	131	419
UniRef90_F3JXA4	43.75	131	551
UniRef90_Q87UR4	44.53	131	655
UniRef90_A0A0B7D954	42.64	131	648
UniRef90_UPI00069808DD	42.22	131	267
UniRef90_UPI00068D69BD	37.69	131	240
UniRef90_UPI0006F605A7	40.00	131	730
UniRef90_E6L4Y1	43.41	131	411
UniRef90_A0A066UC02	44.90	131	122
UniRef90_UPI000475F5DC	45.74	131	2867
UniRef90_S3MRT0	40.62	131	633
UniRef90_F2ZER6	39.84	131	508
UniRef90_UPI00069F3605	48.42	131	97
UniRef90_UPI00044BD090	48.60	131	535
UniRef90_UPI00067B3411	50.53	131	102
UniRef90_Q3L7G3	57.50	131	111
UniRef90_A0A0N0XEN0	40.62	131	451
UniRef90_UPI00069758A7	52.53	131	211
UniRef90_V6JA57	37.40	131	555
UniRef90_V2K7W2	48.57	131	116
UniRef90_UPI000697C6A3	42.19	131	1465
UniRef90_UPI0006CA80C8	60.00	131	82
UniRef90_UPI000418EFA1	43.08	131	790
UniRef90_A0A0M9C129	41.73	131	837
UniRef90_S2K478	37.69	131	386
UniRef90_W4NUI5	42.52	131	1185
UniRef90_A0A095E2P2	37.31	131	392
UniRef90_A0A0D1IMV0	40.60	131	624
UniRef90_UPI0003AA2DC5	38.58	131	782
UniRef90_I2C296	39.85	131	624
UniRef90_A0A0M1UN64	43.41	131	2735
UniRef90_UPI0004078DD8	41.67	131	247
UniRef90_UPI0005270257	42.86	131	115
UniRef90_A0A0H3ST72	45.10	131	113
UniRef90_UPI0006983575	55.26	131	79
UniRef90_A0A0F6J963	38.46	131	434
UniRef90_S6VYV8	40.20	131	129
UniRef90_J9AG76	45.16	131	129
UniRef90_J8MIJ0	37.69	131	204
UniRef90_R8Q428	39.23	131	538
UniRef90_UPI0006909FFA	58.46	131	73
UniRef90_A0A0J6HME8	39.32	131	630
UniRef90_UPI0005AF09AF	45.74	131	101
UniRef90_G9Q0M4	37.69	131	366
UniRef90_UPI000683F73B	48.78	131	82
UniRef90_J8VER2	48.75	131	82
UniRef90_B7IKS1	37.69	131	561
UniRef90_A0A0A6SBM7	42.27	131	115
UniRef90_A0A0F6BIN3	43.00	131	116
UniRef90_UPI0001E89D41	38.58	131	599
UniRef90_UPI00067ADDFF	54.79	131	77
UniRef90_A0A0E1NS96	51.35	131	83
UniRef90_UPI0005549B01	38.66	131	147
UniRef90_A0A0D8ZMX4	39.58	131	105
UniRef90_UPI0003767EED	37.88	131	558
UniRef90_A0A0G8FCT9	39.18	131	434
UniRef90_A0A0F6IXM8	39.18	131	434
UniRef90_S5MRT4	41.57	131	96
UniRef90_UPI00069633CF	34.81	131	278
UniRef90_UPI000650D751	45.78	131	134
UniRef90_UPI0006D3AADB	61.40	131	65
UniRef90_A0A0K1QV69	34.19	131	850
UniRef90_UPI00068AC70B	30.17	131	807
UniRef90_UPI00069B7E20	50.65	131	160
UniRef90_A0A0M9BNS9	39.22	131	238
UniRef90_A0A0B6LQM5	40.82	131	159
UniRef90_W1E8D3	44.58	131	284
UniRef90_D8A9Z9	45.98	131	596
UniRef90_UPI0006D45685	35.05	131	106
UniRef90_UPI000537AB60	45.59	131	83
UniRef90_L1M586	43.04	131	85
UniRef90_UPI000695B11F	31.36	131	769
UniRef90_A0A085URZ6	34.45	131	645
UniRef90_UPI00050AAD31	48.39	131	65
UniRef90_UPI0004C3F6CD	40.48	131	88
UniRef90_UPI000689395A	32.20	131	631
UniRef90_UPI0003FFAAD4	48.57	131	74
UniRef90_UPI0006D419F3	33.68	131	106
UniRef90_V1HMZ6	56.72	131	340
UniRef90_UPI0005175616	37.89	131	101
UniRef90_A0A0J6HU70	31.03	131	884
UniRef90_UPI0003F7156E	31.58	131	106
UniRef90_C4S7A0	64.00	131	59
UniRef90_L1LX23	29.31	131	872
UniRef90_UPI0005BC427E	31.91	131	106
UniRef90_UPI000696033A	31.90	131	612
UniRef90_B0KGN4	30.85	131	106
UniRef90_UPI00034DB0F7	32.17	131	612
UniRef90_H7E4H9	55.56	131	64
UniRef90_A0A0E9ZS20	29.31	131	857
UniRef90_K6TUC4	32.28	131	2518
UniRef90_J8B9R5	35.71	131	115
UniRef90_UPI00067BEDC8	49.12	131	64
UniRef90_UPI0006D462E7	49.23	131	144
UniRef90_UPI0004687093	51.15	131	554
UniRef90_A0A0B6FNA2	53.85	131	141
UniRef90_UPI0006203A2A	51.16	131	141
UniRef90_UPI00067B7EAF	52.31	131	143
UniRef90_UPI0005E73CE4	58.91	131	903
UniRef90_UPI0003D36DBE	53.85	131	315
UniRef90_UPI00067CB26F	54.20	131	139
UniRef90_UPI000691E6A9	57.25	131	520
UniRef90_UPI00068D9A1A	50.77	131	528
UniRef90_A0A0H5MWT1	50.77	131	387
UniRef90_UPI000696AA48	50.77	131	529
UniRef90_UPI0005DDC549	51.54	131	141
UniRef90_S0A8N1	54.62	131	710
UniRef90_UPI000468A2F6	61.54	131	630
UniRef90_W3V1F5	50.39	131	502
UniRef90_Q7N5Q1	56.59	131	562
UniRef90_UPI00050D86C1	50.77	131	436
UniRef90_UPI0006717E1B	54.96	131	139
UniRef90_A0A0H5MF98	53.85	131	922
UniRef90_UPI0006460F4E	54.96	131	572
UniRef90_A0A0J5FS99	74.81	131	626
UniRef90_UPI0003940573	51.15	131	521
UniRef90_A0A0L7ZC38	50.38	131	829
UniRef90_UPI0005E6FFC1	50.00	131	480
UniRef90_UPI000676FB19	53.44	131	142
UniRef90_UPI0003D2F712	50.78	131	388
UniRef90_A7MTX8	56.49	131	859
UniRef90_UPI0004DFAA46	48.85	131	832
UniRef90_UPI0005E690E3	53.85	131	997
UniRef90_A0A086BQ98	51.54	131	430
UniRef90_UPI00066707A7	69.47	131	620
UniRef90_A0A0H4NDV5	52.31	131	896
UniRef90_A0A0K3WFD0	79.39	131	494
UniRef90_UPI0004248E1D	48.85	131	838
UniRef90_UPI00069ABFB3	54.69	131	174
UniRef90_UPI0006C741F1	57.69	131	470
UniRef90_UPI0003990C21	50.00	131	333
UniRef90_S2KM91	50.00	131	336
UniRef90_UPI0005F013E3	58.78	131	436
UniRef90_UPI0002DF2685	74.81	131	490
UniRef90_UPI00067F6414	54.69	131	428
UniRef90_UPI0006FC2304	49.23	131	423
UniRef90_UPI00066B102E	49.62	131	135
UniRef90_A0A085IE35	54.69	131	552
UniRef90_A0A0H5P8Q4	54.20	131	904
UniRef90_UPI000619F00C	52.34	131	474
UniRef90_UPI0002F175EE	51.94	131	513
UniRef90_S6HX39	49.23	131	534
UniRef90_UPI0004A45C3C	54.69	131	548
UniRef90_UPI0002E27D38	54.20	131	864
UniRef90_B2VB98	56.15	131	640
UniRef90_A0A0D5Y109	51.54	131	448
UniRef90_Q06584	48.85	131	689
UniRef90_UPI0006D5A628	49.62	131	819
UniRef90_A0A0E4CH58	50.38	131	813
UniRef90_H2IPE2	49.62	131	806
UniRef90_UPI0004BC539F	50.00	131	619
UniRef90_UPI0006807F67	54.33	131	520
UniRef90_A0A0H5MAZ4	47.69	131	604
UniRef90_Q06583	48.09	131	618
UniRef90_A0A0J6GVU2	52.34	131	390
UniRef90_W3V1J5	55.38	131	557
UniRef90_Q87GQ2	53.44	131	869
UniRef90_UPI000571A788	51.56	131	365
UniRef90_A0A0E8MJI3	54.62	131	940
UniRef90_UPI00031A7947	44.62	131	785
UniRef90_UPI0005307C1E	78.63	131	611
UniRef90_J2EV17	51.54	131	439
UniRef90_UPI0005E73288	54.62	131	987
UniRef90_UPI00068E3856	52.31	131	226
UniRef90_I4MVQ3	50.77	131	239
UniRef90_UPI000515FE37	53.85	131	141
UniRef90_UPI00030EF447	50.38	131	820
UniRef90_UPI0005E26BDA	54.20	131	842
UniRef90_A0A0H6QQ79	48.09	131	842
UniRef90_A0A0I0JMA8	81.68	131	295
UniRef90_UPI0005E3AF41	51.15	131	954
UniRef90_UPI0005E011F4	49.23	131	855
UniRef90_UPI0002DF80D2	51.54	131	439
UniRef90_A0A0H5GMU2	49.23	131	906
UniRef90_A0A098YNK1	94.66	131	576
UniRef90_Q4ZME2	50.00	131	643
UniRef90_UPI000696B89C	58.78	131	762
UniRef90_Q3K6V6	46.56	131	416
UniRef90_R5WKI6	53.08	131	353
UniRef90_UPI0004DB48F1	54.69	131	547
UniRef90_UPI00031DEEC8	50.77	131	448
UniRef90_UPI00069E7638	56.92	131	547
UniRef90_UPI0005E17FB8	50.39	131	913
UniRef90_UPI000365F0C0	47.97	131	156
UniRef90_UPI0007027D4D	45.04	131	755
UniRef90_L8MHE2	45.38	131	544
UniRef90_UPI00059C459C	52.34	131	138
UniRef90_A0A0J5FR92	52.71	131	142
UniRef90_P09883	100.00	131	582
UniRef90_UPI000642250E	51.94	131	368
UniRef90_A0A0N2A5K4	52.31	131	674
UniRef90_UPI0006B523B0	44.96	131	289
UniRef90_A0A077F9G4	51.56	131	464
UniRef90_A0A0J4QD82	47.33	131	160
UniRef90_W8G778	51.91	131	551
UniRef90_UPI00069E5E69	54.26	131	562
UniRef90_UPI0005E40174	52.31	131	910
UniRef90_UPI00069DF431	61.54	131	744
UniRef90_A0A0A0CV97	51.16	131	555
UniRef90_UPI000662BDBC	50.39	131	138
UniRef90_UPI0006473FAE	47.33	131	849
UniRef90_UPI0006473FAE	28.45	131	849
UniRef90_UPI0005E08715	50.77	131	919
UniRef90_Q66G32	46.92	131	142
UniRef90_A0A0E1E7J3	48.46	131	438
UniRef90_UPI00068B696D	48.46	131	451
UniRef90_UPI00055C7580	49.24	131	599
UniRef90_A0A0J6L9E5	46.56	131	782
UniRef90_I4KW29	45.04	131	755
UniRef90_UPI00069322A1	46.92	131	592
UniRef90_A0A059L189	46.15	131	298
UniRef90_S5EJJ1	52.31	131	733
UniRef90_J3HG58	50.00	131	451
UniRef90_J3H8X1	51.94	131	596
UniRef90_UPI00069F3607	54.96	131	483
UniRef90_UPI00056359A2	49.62	131	518
UniRef90_UPI00068E5D41	57.69	131	673
UniRef90_A0A0E8XGG1	51.15	131	870
UniRef90_UPI0002C40A45	46.56	131	448
UniRef90_UPI00053F1BF8	45.80	131	321
UniRef90_UPI000016F271	80.92	131	204
UniRef90_A0A0J0ILR1	58.54	131	148
UniRef90_UPI0004A2282C	52.34	131	135
UniRef90_UPI00040873F0	44.27	131	551
UniRef90_UPI0006991D97	38.93	131	423
UniRef90_UPI000666FB3C	47.33	131	569
UniRef90_Q66G34	51.15	131	139
UniRef90_UPI00068DAFBA	49.62	131	236
UniRef90_J3ISZ2	43.08	131	528
UniRef90_A0A0N0XEN0	39.69	131	451
UniRef90_UPI00068B10FC	45.04	131	214
UniRef90_K9NQR6	46.56	131	840
UniRef90_UPI000641EF2D	46.92	131	367
UniRef90_A0A0J6GAL4	47.33	131	749
UniRef90_UPI0005F8F0D5	52.34	131	563
UniRef90_A0A0H3G2H6	53.08	131	692
UniRef90_A0A0E1J8F1	51.56	131	552
UniRef90_F3HDH1	44.27	131	661
UniRef90_Q47112	70.23	131	576
UniRef90_UPI0005166E40	45.04	131	542
UniRef90_J8TH49	50.00	131	600
UniRef90_UPI0005CFBF34	48.46	131	546
UniRef90_UPI0004B4F3C7	55.91	131	551
UniRef90_A0A094U800	49.24	131	598
UniRef90_UPI00068663E2	46.15	131	373
UniRef90_A0A0N0BV16	46.88	131	444
UniRef90_UPI0002E7602F	44.27	131	749
UniRef90_Q3K520	46.15	131	789
UniRef90_Q3KHV9	48.46	131	731
UniRef90_F3IGF7	43.51	131	184
UniRef90_UPI0006970D16	50.77	131	675
UniRef90_UPI0006FAD5C4	49.23	131	855
UniRef90_UPI0006FAD5C4	34.19	131	855
UniRef90_UPI000680AEEB	45.74	131	289
UniRef90_J2WYW8	48.46	131	752
UniRef90_S3MRT0	39.69	131	633
UniRef90_Q9XBT6	47.33	131	765
UniRef90_UPI0006B94942	44.27	131	636
UniRef90_J2WLF8	47.33	131	677
UniRef90_UPI00069E616D	46.09	131	282
UniRef90_J2Y171	46.56	131	854
UniRef90_J2Y171	29.91	131	854
UniRef90_UPI000684F0A9	43.08	131	549
UniRef90_E6WJT3	50.77	131	769
UniRef90_J2XK98	44.62	131	723
UniRef90_A0A083UUH9	43.08	131	659
UniRef90_J2EF28	49.62	131	913
UniRef90_G2S3M9	53.91	131	552
UniRef90_S6HR26	46.09	131	415
UniRef90_A0A010RRL5	48.46	131	443
UniRef90_UPI0005035A5C	48.48	131	603
UniRef90_A8AJ94	46.62	131	580
UniRef90_UPI00069B54E1	48.06	131	452
UniRef90_K8W1W3	75.20	131	583
UniRef90_UPI00048A02E7	48.09	131	738
UniRef90_UPI000467C1AA	55.47	131	447
UniRef90_F3JXA4	42.75	131	551
UniRef90_J7KSR0	50.00	131	599
UniRef90_A0A0A8RBA3	46.56	131	777
UniRef90_F2ZER6	38.93	131	508
UniRef90_E7PC76	43.51	131	425
UniRef90_J3IJT0	50.00	131	860
UniRef90_J3IJT0	34.19	131	860
UniRef90_W3YF76	74.40	131	594
UniRef90_A0A0J1MC08	46.62	131	579
UniRef90_A0A0C5E872	44.62	131	428
UniRef90_UPI00054B57B0	43.85	131	755
UniRef90_UPI0003BD025C	60.00	131	904
UniRef90_A0A0A6DI96	48.46	131	784
UniRef90_UPI000702669F	42.75	131	737
UniRef90_Q3K6V8	46.56	131	415
UniRef90_J9XV18	46.56	131	773
UniRef90_I4MYA9	43.75	131	277
UniRef90_J3BLH2	48.46	131	444
UniRef90_A0A024EAF9	46.56	131	752
UniRef90_UPI00069EE3F9	42.97	131	450
UniRef90_UPI00068F1F41	48.09	131	368
UniRef90_UPI0006D2AFB9	51.67	131	125
UniRef90_J2SS01	49.23	131	855
UniRef90_J2SS01	34.19	131	855
UniRef90_UPI00047118DE	44.53	131	432
UniRef90_A0A0D5XX52	46.51	131	428
UniRef90_F3F451	45.97	131	574
UniRef90_J3IN31	44.96	131	703
UniRef90_UPI000694803E	42.75	131	588
UniRef90_S6GZ99	43.85	131	448
UniRef90_UPI0006ACE787	47.33	131	534
UniRef90_UPI00067E762E	45.04	131	459
UniRef90_F3H8Y8	46.56	131	181
UniRef90_I4KG10	46.09	131	518
UniRef90_UPI0006F8EC0F	41.98	131	635
UniRef90_A0A0L7AGR8	45.86	131	1151
UniRef90_A0A0D9B0U1	46.51	131	863
UniRef90_A0A0D9B0U1	33.62	131	863
UniRef90_UPI000702EABB	45.80	131	302
UniRef90_A0A024HC89	46.51	131	478
UniRef90_UPI00061AC9E8	53.72	131	125
UniRef90_L0M703	50.38	131	588
UniRef90_UPI0004653FC6	44.27	131	548
UniRef90_UPI0005BD2E3E	44.62	131	753
UniRef90_F3DSA8	45.04	131	473
UniRef90_J2EQJ3	47.24	131	426
UniRef90_Q87UR4	43.51	131	655
UniRef90_L0FPS5	43.85	131	752
UniRef90_UPI00069AE30B	56.35	131	669
UniRef90_UPI00036DEA5A	45.38	131	862
UniRef90_UPI00036DEA5A	31.62	131	862
UniRef90_S6MCN1	45.80	131	546
UniRef90_UPI0005E6AF81	55.05	131	121
UniRef90_A0A0E2V9L6	45.04	131	661
UniRef90_UPI0002D435A3	47.33	131	753
UniRef90_A0A0C5RR02	45.04	131	773
UniRef90_UPI000363E2A6	46.92	131	853
UniRef90_UPI000363E2A6	33.33	131	853
UniRef90_UPI00067B9418	57.84	131	105
UniRef90_K2TNS5	45.04	131	632
UniRef90_UPI00070302C5	41.98	131	159
UniRef90_L0FBV3	44.27	131	425
UniRef90_UPI0006FDFDC9	46.15	131	744
UniRef90_UPI0005E9E627	46.03	131	270
UniRef90_UPI00066EA6D7	55.34	131	106
UniRef90_L3QIC1	46.38	131	445
UniRef90_T6IHK2	41.30	131	186
UniRef90_A0A0A0CTR0	54.90	131	108
UniRef90_A0A099SKU6	44.27	131	548
UniRef90_S5N9S8	44.88	131	369
UniRef90_A0A0M0T4S5	70.00	131	103
UniRef90_A0A0H0DDQ7	47.97	131	573
UniRef90_Q8VV18	42.75	131	346
UniRef90_UPI00067F6DE0	45.80	131	527
UniRef90_Q88NA6	45.04	131	758
UniRef90_UPI0006947614	46.15	131	720
UniRef90_UPI00067B8FD9	54.90	131	108
UniRef90_UPI0005DBA4C3	55.34	131	106
UniRef90_UPI0005DB295C	50.98	131	108
UniRef90_K0WCQ0	45.04	131	563
UniRef90_A0A0F5B7X9	45.65	131	592
UniRef90_D2ZY22	46.88	131	387
UniRef90_UPI00048B149A	44.62	131	737
UniRef90_B6VKC3	61.76	131	114
UniRef90_UPI00067DD268	49.54	131	123
UniRef90_UPI00069808DD	42.22	131	267
UniRef90_UPI00044BD090	47.27	131	535
UniRef90_UPI0006D3CE22	42.75	131	730
UniRef90_S2K478	37.40	131	386
UniRef90_UPI00067B9D5D	46.56	131	898
UniRef90_UPI0006F605A7	39.69	131	730
UniRef90_UPI00069FE850	52.73	131	111
UniRef90_A0A0E2KD77	46.03	131	1461
UniRef90_UPI000567EA34	52.94	131	108
UniRef90_A0A0B7D954	41.98	131	648
UniRef90_UPI00067BC143	48.98	131	104
UniRef90_UPI000569CFE6	56.31	131	109
UniRef90_UPI0004724635	41.22	131	725
UniRef90_UPI000475F5DC	45.74	131	2867
UniRef90_A9MMY5	42.75	131	1196
UniRef90_I4N884	47.75	131	113
UniRef90_UPI000418EFA1	42.96	131	790
UniRef90_C4SH19	44.19	131	530
UniRef90_A0A0B5KCE2	40.46	131	730
UniRef90_UPI0003D4062A	45.24	131	464
UniRef90_UPI0006ACD644	50.00	131	419
UniRef90_V6JA57	37.40	131	555
UniRef90_C7BQD8	51.00	131	265
UniRef90_UPI0005166932	55.34	131	107
UniRef90_C7BND6	56.86	131	106
UniRef90_UPI00061B0D2B	56.76	131	115
UniRef90_D4HY66	45.24	131	1426
UniRef90_UPI00066FCBA4	54.26	131	100
UniRef90_A0A0J6H6U1	54.46	131	110
UniRef90_A0A077LDN9	40.91	131	116
UniRef90_UPI00068D69BD	37.69	131	240
UniRef90_A0A099GDD0	43.41	131	465
UniRef90_S6VYV8	38.68	131	129
UniRef90_UPI0003AA2DC5	37.69	131	782
UniRef90_E6L4Y1	43.08	131	411
UniRef90_A0A0M9C129	41.91	131	837
UniRef90_UPI00067BDF53	55.79	131	101
UniRef90_W4NUI5	42.52	131	1185
UniRef90_S5NAK5	47.79	131	118
UniRef90_UPI00069F3605	48.42	131	97
UniRef90_UPI00069758A7	52.00	131	211
UniRef90_S2KMV0	34.42	131	180
UniRef90_UPI00050A7D60	73.68	131	97
UniRef90_UPI0005931574	68.69	131	101
UniRef90_UPI000697C6A3	42.19	131	1465
UniRef90_A0A0M1UN64	43.08	131	2735
UniRef90_UPI0005A89E4E	45.10	131	111
UniRef90_A0A097H408	39.69	131	292
UniRef90_A0A0D1IMV0	40.46	131	624
UniRef90_UPI00067B3411	50.53	131	102
UniRef90_I2C296	39.69	131	624
UniRef90_J8MIJ0	37.69	131	204
UniRef90_UPI0001E89D41	36.51	131	599
UniRef90_R8Q428	38.93	131	538
UniRef90_G9Q0M4	37.69	131	366
UniRef90_V2K7W2	44.25	131	116
UniRef90_B7IKS1	37.69	131	561
UniRef90_A0A0F6IXM8	33.85	131	434
UniRef90_A0A066UC02	43.14	131	122
UniRef90_UPI0003767EED	37.69	131	558
UniRef90_UPI0005AF09AF	45.74	131	101
UniRef90_A0A0F6J963	38.46	131	434
UniRef90_A0A0J6HME8	38.33	131	630
UniRef90_A0A0G8FCT9	33.85	131	434
UniRef90_A0A095E2P2	37.31	131	392
UniRef90_UPI000650D751	39.80	131	134
UniRef90_UPI0005270257	39.81	131	115
UniRef90_A0A0A6SBM7	38.46	131	115
UniRef90_A0A0F6BIN3	42.31	131	116
UniRef90_UPI0004078DD8	41.35	131	247
UniRef90_UPI0005549B01	38.89	131	147
UniRef90_A0A0H3ST72	44.44	131	113
UniRef90_UPI0005A772DF	52.94	131	105
UniRef90_J9AG76	44.68	131	129
UniRef90_W1E8D3	42.05	131	284
UniRef90_UPI000683F73B	48.78	131	82
UniRef90_A0A0B6LQM5	40.00	131	159
UniRef90_A0A085URZ6	34.40	131	645
UniRef90_Q3L7G3	57.50	131	111
UniRef90_UPI0006CA80C8	60.00	131	82
UniRef90_UPI0005175616	38.30	131	101
UniRef90_A0A0K1QV69	34.19	131	850
UniRef90_L1LX23	29.31	131	872
UniRef90_UPI0005BC427E	31.91	131	106
UniRef90_UPI00069633CF	35.61	131	278
UniRef90_UPI0006D45685	35.79	131	106
UniRef90_UPI00068AC70B	29.91	131	807
UniRef90_UPI000696033A	31.09	131	612
UniRef90_UPI00034DB0F7	31.62	131	612
UniRef90_A0A0E9ZS20	29.31	131	857
UniRef90_A0A0E1NS96	50.67	131	83
UniRef90_UPI0006D419F3	33.68	131	106
UniRef90_K6TUC4	32.31	131	2518
UniRef90_A0A0M9BNS9	34.59	131	238
UniRef90_UPI00067ADDFF	54.05	131	77
UniRef90_S2K1J2	26.72	131	632
UniRef90_S5MRT4	42.70	131	96
UniRef90_UPI0006983575	55.26	131	79
UniRef90_L1M586	43.04	131	85
UniRef90_UPI0003F7156E	31.58	131	106
UniRef90_B0KGN4	30.85	131	106
UniRef90_B0KQD0	26.72	131	862
UniRef90_UPI00048050E6	30.53	131	106
UniRef90_J8B9R5	33.33	131	115
UniRef90_A0A0D8ZMX4	38.78	131	105
UniRef90_J8VER2	48.75	131	82
UniRef90_UPI000689395A	31.67	131	631
UniRef90_D8A9Z9	44.83	131	596
UniRef90_UPI00069B7E20	50.65	131	160
UniRef90_A0A0J6HU70	31.03	131	884
UniRef90_UPI000695B11F	30.51	131	769
UniRef90_A0A0E9ZMG1	29.79	131	106
UniRef90_V0UNZ2	35.16	131	95
UniRef90_UPI0003FFAAD4	48.57	131	74
UniRef90_UPI00068757E4	49.25	131	548
UniRef90_UPI0004C3F6CD	40.96	131	88
UniRef90_A0A0E8XPR4	42.25	131	78
UniRef90_UPI0006909FFA	58.46	131	73
UniRef90_UPI00050AAD31	46.15	131	65
UniRef90_UPI00067BEDC8	49.12	131	64
UniRef90_UPI000537AB60	44.29	131	83
UniRef90_R8KAZ1	32.47	131	102
UniRef90_UPI000376A210	34.38	131	81
UniRef90_UPI0006D3AADB	61.40	131	65
UniRef90_UPI0001D18ED1	38.46	131	79
UniRef90_V1HMZ6	51.39	131	340
UniRef90_F3F636	45.59	131	225
UniRef90_F3EPU6	43.75	131	333
UniRef90_UPI00037E3888	33.33	131	938
UniRef90_UPI0003EB230C	37.33	131	78
UniRef90_UPI0005CDD242	33.33	131	91
UniRef90_C4S7A0	60.38	131	59
UniRef90_B6VKC5	43.40	131	65
UniRef90_H7E4H9	53.97	131	64
UniRef90_UPI0006CE9450	44.44	131	56
UniRef90_A0A0A5HUK2	34.72	131	86
UniRef90_UPI00069E2C5C	50.00	131	64
UniRef90_UPI00050B8482	33.33	131	60
UniRef90_UPI00055BCDD3	51.16	131	85
UniRef90_D3VLI3	50.00	131	83
UniRef90_UPI000657A1C1	49.02	131	59
UniRef90_UPI000516C77C	55.81	131	69
UniRef90_Q13MM2	31.15	131	73
UniRef90_A2I2S7	45.65	131	46
UniRef90_C4S7A1	40.48	131	50
UniRef90_A0A061PJL8	29.41	131	67
UniRef90_UPI00053B3AE2	31.34	131	70
UniRef90_A0A061YCC5	26.56	131	79
