UniRef90_P32400	100.00	253	264
UniRef90_UPI0003B75767	65.82	253	251
UniRef90_UPI0003B35982	62.13	253	263
UniRef90_M1UWF9	58.70	253	243
UniRef90_S4XB87	60.00	253	244
UniRef90_UPI0005BBEC83	65.02	253	226
UniRef90_UPI000425BBEC	52.49	253	223
UniRef90_H2FTC0	52.47	253	232
UniRef90_A0A0D5LXL9	52.86	253	231
UniRef90_UPI000551FF67	51.61	253	224
UniRef90_Q2CH48	52.44	253	240
UniRef90_UPI0003B6875B	50.64	253	240
UniRef90_UPI0004A3294B	53.18	253	219
UniRef90_A1BA74	52.44	253	247
UniRef90_F0E4N6	51.79	253	229
UniRef90_UPI0003FF6910	51.93	253	240
UniRef90_UPI0002627C8E	49.77	253	238
UniRef90_V4T7C4	53.12	253	232
UniRef90_A7IDL4	52.00	253	236
UniRef90_F7ZLC6	48.51	253	234
UniRef90_H0Q4J5	50.66	253	228
UniRef90_S5XU87	48.51	253	248
UniRef90_UPI0003B4FAA8	51.13	253	233
UniRef90_UPI0003827958	51.07	253	240
UniRef90_UPI0004658C68	50.67	253	234
UniRef90_A8IA49	51.56	253	234
UniRef90_UPI00040DFFA7	51.11	253	245
UniRef90_A0A0D6MY97	49.33	253	233
UniRef90_UPI000488D1DC	46.54	253	247
UniRef90_A0A0B7MKG6	47.95	253	248
UniRef90_UPI00049828C2	47.93	253	237
UniRef90_M1ZF56	47.00	253	238
UniRef90_A0A0C7S9I0	46.08	253	245
UniRef90_E0NLU0	46.08	253	247
UniRef90_K1LPP2	46.76	253	252
UniRef90_C5EK27	44.70	253	245
UniRef90_K1LNZ3	45.66	253	263
UniRef90_D1Y6F3	43.32	253	244
UniRef90_B8G6Y8	43.60	253	227
UniRef90_UPI00064BBA1F	45.41	253	207
UniRef90_A5UPD8	42.11	253	210
UniRef90_L9WQD3	39.61	253	225
UniRef90_UPI0004913908	42.51	253	218
UniRef90_J3JE26	37.62	253	223
UniRef90_Q1AVC4	42.86	253	209
UniRef90_A9WGD9	42.51	253	214
UniRef90_Q0RCN7	40.48	253	224
UniRef90_A0A0F2SAK7	40.10	253	205
UniRef90_UPI0006FF5C47	39.32	253	210
UniRef90_L8FFN0	39.13	253	214
UniRef90_L9X3D2	37.93	253	214
UniRef90_D8J7C8	38.92	253	211
UniRef90_Q3ILY2	38.42	253	208
UniRef90_M0MN28	37.86	253	218
UniRef90_F4CTA0	37.38	253	229
UniRef90_A0A0D8FUS7	37.93	253	215
UniRef90_UPI0006FBB309	39.49	253	211
UniRef90_UPI0002884F53	37.95	253	212
UniRef90_UPI0003078973	38.42	253	213
UniRef90_UPI000679214B	37.86	253	213
UniRef90_L9VPN9	39.42	253	218
UniRef90_UPI0006463AE0	39.06	253	217
UniRef90_R7NSQ1	34.70	253	391
UniRef90_UPI0004873105	39.39	253	219
UniRef90_W4L3Y2	41.35	253	212
UniRef90_A0A0D8HJY3	35.10	253	213
UniRef90_UPI00055D2C06	37.63	253	220
UniRef90_D1C944	37.50	253	219
UniRef90_L9VVC5	42.03	253	209
UniRef90_L7ZF60	37.86	253	209
UniRef90_L0LZD4	37.50	253	213
UniRef90_UPI0003FEC407	36.73	253	207
UniRef90_A0A031JRV9	36.45	253	206
UniRef90_U1PJH6	36.10	253	216
UniRef90_A0A0F2NJH8	38.81	253	204
UniRef90_A0A084YYG2	37.37	253	213
UniRef90_UPI00048A0057	34.30	253	215
UniRef90_UPI000524C415	36.76	253	207
UniRef90_W8X2R0	36.45	253	217
UniRef90_C6BA61	36.98	253	213
UniRef90_A0A0F2KWV8	38.12	253	217
UniRef90_A0A0B1PVW0	37.44	253	226
UniRef90_K0CFT3	37.56	253	215
UniRef90_UPI00054FB571	38.38	253	213
UniRef90_UPI000702DD5A	39.69	253	210
UniRef90_L9WFI3	36.45	253	209
UniRef90_UPI000563C9EC	37.93	253	226
UniRef90_S0AF89	37.88	253	218
UniRef90_UPI000289E893	36.18	253	210
UniRef90_UPI00063F6F5E	34.65	253	216
UniRef90_A3VGB3	39.32	253	212
UniRef90_A0A0N1BZK7	36.59	253	210
UniRef90_Q0RWD7	37.68	253	221
UniRef90_D4E6K8	36.71	253	227
UniRef90_A0A0N1LJ23	37.00	253	215
UniRef90_UPI00037E739C	40.32	253	229
UniRef90_UPI0006F50505	35.44	253	222
UniRef90_I3TSF2	37.98	253	217
UniRef90_H0FVW8	37.50	253	211
UniRef90_Q1ASG6	36.41	253	216
UniRef90_T2L7G9	36.71	253	221
UniRef90_UPI00059361DB	38.65	253	207
UniRef90_Q9AGK9	34.86	253	218
UniRef90_UPI0006F42415	38.42	253	217
UniRef90_A0A0D0I5C2	36.18	253	212
UniRef90_A0A0B5DWY9	37.81	253	204
UniRef90_A0A0N1I1Y7	37.67	253	223
UniRef90_UPI000646CB80	40.76	253	211
UniRef90_X7EA63	36.36	253	209
UniRef90_F6AQA8	37.56	253	210
UniRef90_G8AUX1	39.70	253	217
UniRef90_E6WJS6	37.95	253	212
UniRef90_UPI0002F59B5D	38.46	253	211
UniRef90_A0A0F3GG70	36.55	253	212
UniRef90_A0A0B5E126	37.68	253	216
UniRef90_A0A0D6H443	37.25	253	222
UniRef90_W2UGS4	37.00	253	207
UniRef90_UPI0004698417	34.87	253	214
UniRef90_M2NLU7	34.70	253	223
UniRef90_UPI0003726947	37.62	253	218
UniRef90_A0A098SXA1	36.55	253	215
UniRef90_UPI00056B1DC2	39.00	253	210
UniRef90_I0HD84	37.82	253	214
UniRef90_A0A075LG73	34.93	253	216
UniRef90_K2N468	39.13	253	217
UniRef90_UPI0004905485	35.92	253	219
UniRef90_H8E5L2	35.07	253	221
UniRef90_Q1YPG6	35.29	253	207
UniRef90_UPI0006C921F2	36.97	253	216
UniRef90_UPI0002D52ECE	35.61	253	217
UniRef90_A0A0G4EYR5	31.71	253	264
UniRef90_W6V7J6	34.52	253	210
UniRef90_UPI00055C0E97	37.44	253	202
UniRef90_A0A0G4G9S6	36.24	253	721
UniRef90_G7ZDJ5	37.50	253	210
UniRef90_A0A0F9XXV7	34.50	253	229
UniRef90_UPI0006FFB176	38.42	253	219
UniRef90_A0A0D2D9P1	36.70	253	226
UniRef90_E3HKH0	34.80	253	210
UniRef90_UPI0003458747	35.41	253	210
UniRef90_F8J6Q2	36.18	253	216
UniRef90_UPI0003A89BA8	37.68	253	205
UniRef90_UPI0003475C50	36.95	253	218
UniRef90_UPI00036B7224	34.26	253	232
UniRef90_A0A098FG36	34.80	253	223
UniRef90_A0A023X3X5	36.02	253	217
UniRef90_A0A098C4V0	36.06	253	223
UniRef90_A0A0D8I0U0	35.47	253	220
UniRef90_UPI0006CF3FC2	33.33	253	212
UniRef90_F3L447	34.85	253	201
UniRef90_UPI0002E29287	37.56	253	207
UniRef90_B8KY83	36.36	253	203
UniRef90_W9H3V0	36.55	253	207
UniRef90_A0YDY8	35.68	253	199
UniRef90_UPI0004BEA70F	35.96	253	213
UniRef90_A0A0M3AMA5	36.23	253	206
UniRef90_UPI0004260DAC	39.27	253	193
UniRef90_A0Z8Y3	33.50	253	215
UniRef90_UPI000345C625	34.80	253	211
UniRef90_UPI0002DFEAF2	32.29	253	215
UniRef90_G2NUE6	37.68	253	220
UniRef90_B8KWS4	36.36	253	221
UniRef90_UPI00030DB169	34.33	253	216
UniRef90_N8S0D4	34.36	253	212
UniRef90_W2RPF0	36.74	253	220
UniRef90_A0A0D0SFZ2	35.47	253	210
UniRef90_UPI000360D8BE	37.26	253	207
UniRef90_UPI000564C176	33.50	253	212
UniRef90_A0A0B3RUF6	35.75	253	208
UniRef90_A0A0J5LZ74	36.92	253	212
UniRef90_N1QNX9	33.77	253	225
UniRef90_S2KI80	35.53	253	218
UniRef90_A0A0D2BNR5	35.89	253	221
UniRef90_UPI00035C9F61	37.98	253	220
UniRef90_A0A0A0NUP4	38.46	253	235
UniRef90_A0A0M4QCP9	36.84	253	212
UniRef90_U1TX33	37.44	253	212
UniRef90_UPI0004108C70	37.20	253	212
UniRef90_UPI0006809352	33.82	253	213
UniRef90_E6WKZ6	38.54	253	211
UniRef90_UPI0004133594	38.46	253	212
UniRef90_W8HN60	36.10	253	216
UniRef90_S6HXC2	34.47	253	216
UniRef90_A0A0L8AFL5	36.76	253	206
UniRef90_A0A0N1BV55	36.54	253	212
UniRef90_UPI0005F7A827	35.75	253	214
UniRef90_B5MAB4	37.50	253	236
UniRef90_J2TUL5	35.15	253	210
UniRef90_H3NUB2	35.23	253	200
UniRef90_UPI000481EE6A	33.85	253	208
UniRef90_A0A0J6GMP2	34.69	253	210
UniRef90_UPI000361326F	36.06	253	220
UniRef90_A0A0N1AM18	35.60	253	211
UniRef90_UPI0006E22AAD	36.54	253	220
UniRef90_UPI000703B002	38.24	253	211
UniRef90_UPI000684A1E4	35.44	253	210
UniRef90_A0A0J1BSE7	33.99	253	218
UniRef90_A0A0A6D2V9	34.30	253	206
UniRef90_Q8L175	33.18	253	312
UniRef90_UPI00048D6DAE	37.77	253	220
UniRef90_A0A0F4SZ78	34.18	253	210
UniRef90_Q88FY5	34.67	253	213
UniRef90_D3D2B6	36.41	253	202
UniRef90_J1T1Q5	35.29	253	218
UniRef90_UPI000255B4C2	35.78	253	204
UniRef90_UPI0003F86D9F	33.33	253	210
UniRef90_UPI0004037C88	35.86	253	208
UniRef90_A0A0F5PS56	42.16	253	212
UniRef90_UPI00038145BA	34.62	253	230
UniRef90_A0A0J5QAP5	35.58	253	230
UniRef90_A0A0C2EZX6	35.23	253	210
UniRef90_W3XIL9	34.06	253	224
UniRef90_UPI00026283FA	36.27	253	215
UniRef90_N1QCV4	34.88	253	223
UniRef90_A0A0F5A5G5	37.32	253	235
UniRef90_W9BTR8	36.32	253	208
UniRef90_A0A022LE32	35.92	253	207
UniRef90_A0A0D1CLS1	35.92	253	211
UniRef90_A0A095VBI7	33.85	253	212
UniRef90_L7FCR3	36.27	253	223
UniRef90_W6W9D5	33.33	253	214
UniRef90_W9XWV5	34.42	253	222
UniRef90_D0L9Q6	37.04	253	207
UniRef90_UPI0006856CF4	36.49	253	216
UniRef90_X7FD52	33.81	253	232
UniRef90_H5X5C6	34.80	253	209
UniRef90_UPI00062B6A7C	39.36	253	221
UniRef90_UPI00056A8B57	36.06	253	212
UniRef90_UPI00064831D1	33.17	253	209
UniRef90_F9VVX0	33.17	253	220
UniRef90_UPI0003AA3CBE	35.00	253	204
UniRef90_U5VYE1	34.55	253	220
UniRef90_UPI0004838B3D	36.10	253	217
UniRef90_UPI000481DBCD	35.61	253	206
UniRef90_UPI0006477ADD	33.33	253	218
UniRef90_D2B3P9	36.87	253	215
UniRef90_F1YHS1	34.93	253	218
UniRef90_UPI0004947FDF	35.50	253	207
UniRef90_A0A0D7AQB0	33.33	253	224
UniRef90_A0A095VTU5	36.13	253	202
UniRef90_UPI00035F785D	36.76	253	210
UniRef90_UPI00041759A1	34.48	253	216
UniRef90_F4D0J2	36.00	253	206
UniRef90_Q2GC01	33.33	253	209
UniRef90_I9WJS2	33.50	253	211
UniRef90_H0A8U7	37.81	253	204
UniRef90_UPI0006C8F6D6	34.95	253	210
UniRef90_M9RH08	38.46	253	206
UniRef90_UPI0005EEDB26	35.16	253	235
UniRef90_UPI000566B982	36.23	253	216
UniRef90_J8VHZ9	35.32	253	213
UniRef90_B7RY09	35.33	253	178
UniRef90_UPI0002D3B093	40.20	253	205
UniRef90_S9SAD6	36.95	253	208
UniRef90_B1J7A5	33.83	253	213
UniRef90_UPI00057CA729	32.02	253	212
UniRef90_A0A0N0JIC2	36.45	253	216
UniRef90_J9Q860	33.82	253	221
UniRef90_UPI0004832DF4	34.93	253	223
UniRef90_UPI00068970C8	34.95	253	212
UniRef90_UPI0006F31DBE	36.87	253	205
UniRef90_UPI0005B4B2B8	33.82	253	214
UniRef90_UPI0006FBE6B2	34.47	253	209
UniRef90_A3U0E0	33.33	253	217
UniRef90_A0A084D6G7	33.81	253	214
UniRef90_W9YVT5	36.06	253	217
UniRef90_UPI0006F427E9	33.18	253	216
UniRef90_UPI0006E3639A	34.15	253	217
UniRef90_UPI00047DC75A	35.50	253	201
UniRef90_A0A0J0UV49	32.52	253	222
UniRef90_U7PNR8	32.55	253	222
UniRef90_N1Q3I7	33.90	253	249
UniRef90_A0A0E0TGX6	34.43	253	208
UniRef90_A0A059VRC1	35.96	253	216
UniRef90_J2HAU8	34.33	253	212
UniRef90_A0A0M2DWT9	33.82	253	223
UniRef90_H0BN63	34.36	253	254
UniRef90_R7WIQ9	34.62	253	218
UniRef90_A0A093AVD7	35.61	253	489
UniRef90_UPI000484C9DB	32.86	253	205
UniRef90_A0A0F4GF85	32.72	253	223
UniRef90_A0A0N1A6E3	34.33	253	208
UniRef90_A0A0N0SWX6	35.78	253	231
UniRef90_A0A0C1J8V6	31.37	253	209
UniRef90_I4F1D9	36.50	253	201
UniRef90_UPI00030DAAFA	35.44	253	219
UniRef90_M2T6Z6	33.01	253	216
UniRef90_UPI00053C00F1	35.68	253	218
UniRef90_UPI0004C23B45	33.65	253	225
UniRef90_A0A0H0XR77	35.26	253	207
UniRef90_A0A0C5LHR1	35.96	253	210
UniRef90_A0A0C7NQN5	35.35	253	228
UniRef90_J1SNA9	31.53	253	210
UniRef90_A0A074MV99	37.57	253	212
UniRef90_UPI000686B032	38.27	253	224
UniRef90_A0A0N1ME21	34.95	253	210
UniRef90_UPI0007004A66	39.70	253	202
UniRef90_A0A094PLN3	33.84	253	213
UniRef90_UPI0006E25693	35.78	253	216
UniRef90_L2G3K7	32.55	253	227
UniRef90_A0A059FBJ4	30.58	253	212
UniRef90_UPI00052790AA	36.41	253	209
UniRef90_UPI00069EC8AB	36.13	253	184
UniRef90_UPI0003454E5F	34.62	253	218
UniRef90_A0A0D0LHR8	36.14	253	206
UniRef90_A0A075X9G2	33.82	253	210
UniRef90_K6VWE5	33.50	253	218
UniRef90_UPI00068900AB	34.86	253	227
UniRef90_UPI0002F25D4F	34.78	253	219
UniRef90_UPI00037C1208	39.58	253	202
UniRef90_UPI00058CC364	34.95	253	212
UniRef90_A0A0F2KWW3	34.65	253	209
UniRef90_W9G8Q7	34.95	253	203
UniRef90_W9YXS2	31.16	253	218
UniRef90_UPI000485E060	35.64	253	208
UniRef90_UPI000590C5BE	31.63	253	212
UniRef90_A0A0D0CSS7	31.96	253	219
UniRef90_UPI00068783C3	34.92	253	198
UniRef90_E6VAN9	37.20	253	218
UniRef90_F3S713	34.29	253	222
UniRef90_A0A0B8ZFP5	31.03	253	213
UniRef90_A0A0A8EXW2	34.98	253	216
UniRef90_UPI0005BB4B7A	34.80	253	222
UniRef90_UPI000629605D	33.33	253	206
UniRef90_A0A0D2H0W6	32.86	253	225
UniRef90_C6L147	34.50	253	206
UniRef90_UPI0006B9C00E	33.50	253	215
UniRef90_UPI000379663C	36.89	253	209
UniRef90_G8AUW5	34.15	253	209
UniRef90_UPI0006FDAB5A	34.45	253	228
UniRef90_UPI000561D0BC	33.00	253	213
UniRef90_A0A0K2R953	36.18	253	206
UniRef90_UPI0002379026	35.41	253	240
UniRef90_UPI00069C8B2F	31.63	253	222
UniRef90_UPI00055A8631	36.71	253	211
UniRef90_UPI00055FFAB9	35.03	253	213
UniRef90_UPI000370B43E	34.80	253	205
UniRef90_A0A0M4QT04	35.38	253	217
UniRef90_A0A074M1J8	37.13	253	210
UniRef90_UPI0004824313	34.85	253	197
UniRef90_UPI0006852A08	34.15	253	223
UniRef90_W1SN36	34.56	253	232
UniRef90_UPI000349A37C	33.98	253	207
UniRef90_W4ABX7	33.00	253	212
UniRef90_A0A0F2KPD6	33.49	253	204
UniRef90_UPI0005F88B12	34.43	253	236
UniRef90_A0A0L8QHN4	35.03	253	199
UniRef90_UPI000486ADB3	38.78	253	197
UniRef90_UPI00040C9A62	36.73	253	216
UniRef90_UPI0005C1C816	34.16	253	210
UniRef90_A0A0D1XFM2	33.91	253	221
UniRef90_A0A084QM01	33.49	253	219
UniRef90_A0A098FHI5	30.69	253	255
UniRef90_A0A0B5E6H7	32.21	253	206
UniRef90_UPI00048AB2E7	34.30	253	226
UniRef90_S3DAK3	31.53	253	216
UniRef90_A0A0F4RG41	32.49	253	212
UniRef90_UPI0004C2B6FA	33.00	253	208
UniRef90_A0A0M2S342	32.51	253	208
UniRef90_UPI00048AEA0D	33.81	253	226
UniRef90_UPI00055DE81B	33.33	253	210
UniRef90_I5C7C2	33.33	253	204
UniRef90_W4LRF8	34.65	253	247
UniRef90_UPI0005B8DDF3	36.60	253	221
UniRef90_D3F3M3	35.26	253	198
UniRef90_UPI0004692470	32.37	253	212
UniRef90_S3B643	34.98	253	246
UniRef90_UPI000347B98F	34.88	253	210
UniRef90_G8MH62	33.98	253	212
UniRef90_V2Y9S3	33.01	253	221
UniRef90_UPI00035DBA9C	31.03	253	212
UniRef90_G8B0I8	32.18	253	204
UniRef90_UPI00052453AB	35.58	253	220
UniRef90_UPI0004A718B2	30.41	253	214
UniRef90_A4ACX9	32.46	253	199
UniRef90_A0A0B7K9F6	35.00	253	203
UniRef90_K6VRL9	36.08	253	229
UniRef90_UPI00067C0B1F	32.52	253	206
UniRef90_A0A0D5NMN0	31.08	253	229
UniRef90_M2PX50	33.81	253	497
UniRef90_K2QAY8	31.19	253	208
UniRef90_A0A0J7ZEG7	34.31	253	209
UniRef90_H6RS73	37.00	253	217
UniRef90_F8G0M0	32.84	253	208
UniRef90_E4PJK1	33.85	253	196
UniRef90_A0A0M7GL04	32.68	253	223
UniRef90_UPI000590CE95	32.85	253	206
UniRef90_UPI00068DE6FA	32.29	253	231
UniRef90_UPI00049253B7	33.33	253	213
UniRef90_UPI00035ECF1C	31.55	253	214
UniRef90_UPI000570ADDD	32.69	253	206
UniRef90_UPI000349347F	33.50	253	203
UniRef90_A0A074MF38	31.88	253	210
UniRef90_A0A0N0K1H3	33.50	253	210
UniRef90_A0A0N1G6S8	33.82	253	213
UniRef90_A0A0D0KJI0	35.57	253	225
UniRef90_A0A067Z5G3	33.33	253	212
UniRef90_A0A0B8Z0Y6	34.30	253	249
UniRef90_T0DNR6	29.61	253	204
UniRef90_A0A0K9SY88	31.58	253	211
UniRef90_UPI0002E8C923	33.82	253	258
UniRef90_A0A0M3AN78	32.98	253	207
UniRef90_A0A076MZG9	34.78	253	228
UniRef90_K2JVT6	31.10	253	206
UniRef90_A0A059E6Z6	33.66	253	232
UniRef90_I9CAS5	33.66	253	226
UniRef90_A0A0M9CC05	34.16	253	218
UniRef90_E6SAR7	33.00	253	206
UniRef90_A0A0J9ER17	38.89	253	140
UniRef90_H1RXD8	31.75	253	209
UniRef90_A0A081CZG4	30.50	253	208
UniRef90_A0A0D0S7K4	34.62	253	224
UniRef90_C6XJA2	32.68	253	227
UniRef90_A0A061QK28	33.81	253	216
UniRef90_Q0KD49	33.00	253	211
UniRef90_A0A0C5LB35	34.33	253	220
UniRef90_J3APW3	32.02	253	226
UniRef90_UPI0005949AA3	34.34	253	212
UniRef90_A0A078LSF3	34.54	253	196
UniRef90_A0A0D1YHB1	33.18	253	222
UniRef90_UPI000289289E	31.78	253	254
UniRef90_UPI0002D51797	29.76	253	261
UniRef90_UPI00048C35AE	34.04	253	214
UniRef90_A0A072NFX3	32.86	253	233
UniRef90_UPI00047B1038	32.73	253	241
UniRef90_F6IKP3	33.17	253	212
UniRef90_G4RD21	32.50	253	206
UniRef90_A0A0C2VH36	27.59	253	213
UniRef90_F3S5Z3	31.88	253	209
UniRef90_UPI0006871C3E	33.17	253	224
UniRef90_D8IP22	32.02	253	207
UniRef90_X4ZG17	32.27	253	231
UniRef90_B2WMV7	34.74	253	222
UniRef90_UPI00041C09F9	33.85	253	208
UniRef90_UPI00048B503B	32.43	253	218
UniRef90_W0PEE5	32.35	253	207
UniRef90_A0A0D1XRT0	34.52	253	1615
UniRef90_A0A0L0IS72	34.95	253	212
UniRef90_UPI0003797A37	36.23	253	198
UniRef90_UPI0004144E3E	32.59	253	236
UniRef90_B8IWR6	33.18	253	227
UniRef90_A0A0M0EMJ2	30.84	253	220
UniRef90_I0S4U1	33.68	253	206
UniRef90_UPI0002DFBA38	34.48	253	223
UniRef90_UPI00031006D4	33.64	253	238
UniRef90_G8MP92	32.04	253	209
UniRef90_W7VW93	32.84	253	211
UniRef90_A5EB34	36.79	253	242
UniRef90_A0A0F7PQ77	32.04	253	206
UniRef90_UPI000645C39A	33.33	253	220
UniRef90_M2WY16	34.17	253	210
UniRef90_UPI0006867B90	34.74	253	251
UniRef90_UPI000417D903	29.06	253	261
UniRef90_V2JL15	33.00	253	210
UniRef90_J2HEG9	36.27	253	211
UniRef90_Q15S95	31.10	253	219
UniRef90_H0C432	31.60	253	223
UniRef90_A0A062TZ40	31.73	253	232
UniRef90_I4WIM5	35.53	253	197
UniRef90_V8QRR5	31.84	253	206
UniRef90_UPI0005F05760	28.64	253	227
UniRef90_UPI0004856FB5	35.53	253	196
UniRef90_UPI0002D8F58C	30.92	253	212
UniRef90_A9BV27	32.55	253	231
UniRef90_UPI0006F30F21	34.48	253	205
UniRef90_UPI00068AA439	32.82	253	210
UniRef90_H0JT83	31.10	253	216
UniRef90_UPI00034BD3C9	32.84	253	233
UniRef90_W6WEC0	34.03	253	220
UniRef90_A0A0M4R9F2	35.44	253	214
UniRef90_UPI00055CBA4F	34.59	253	200
UniRef90_V8QRI7	33.50	253	215
UniRef90_A0A095VKB4	34.80	253	206
UniRef90_G4QE06	33.17	253	205
UniRef90_A0A0C5L9V0	32.51	253	226
UniRef90_R4X489	31.19	253	217
UniRef90_UPI0003B50095	33.99	253	212
UniRef90_K8RHB5	32.18	253	209
UniRef90_UPI0005B7E484	30.96	253	211
UniRef90_A0A0D6PJT8	32.20	253	204
UniRef90_H3MZU0	30.95	253	275
UniRef90_UPI0004BC2EEF	30.37	253	214
UniRef90_A0A0J6QMX6	33.18	253	232
UniRef90_UPI0006CF9683	31.10	253	218
UniRef90_I3U750	33.01	253	211
UniRef90_A0A0N0K616	31.86	253	222
UniRef90_D4XBF8	31.53	253	206
UniRef90_Q46UN7	34.00	253	208
UniRef90_A0A0B2BPV1	34.36	253	202
UniRef90_Q13IE8	33.50	253	211
UniRef90_A0A094S9F8	31.75	253	207
UniRef90_UPI0002EC5795	35.15	253	228
UniRef90_UPI00068E50BD	33.64	253	230
UniRef90_A0A072NSD1	29.11	253	263
UniRef90_M7SM75	34.43	253	219
UniRef90_K6ZKS1	31.31	253	205
UniRef90_UPI000406D73B	32.73	253	241
UniRef90_Q2KW61	33.17	253	208
UniRef90_UPI0003B2FB10	34.40	253	241
UniRef90_UPI000347C1DA	32.02	253	208
UniRef90_P32400	100.00	253	264
UniRef90_UPI0003B75767	65.82	253	251
UniRef90_M1UWF9	58.44	253	243
UniRef90_S4XB87	58.37	253	244
UniRef90_UPI0003B35982	59.20	253	263
UniRef90_UPI000425BBEC	51.82	253	223
UniRef90_UPI0002884F53	34.88	253	212
UniRef90_H2FTC0	49.78	253	232
UniRef90_A0A0B1PVW0	36.87	253	226
UniRef90_A0A0D5LXL9	51.30	253	231
UniRef90_H0Q4J5	50.22	253	228
UniRef90_A5UPD8	40.95	253	210
UniRef90_G7ZDJ5	36.36	253	210
UniRef90_UPI00036B7224	33.94	253	232
UniRef90_UPI000551FF67	51.38	253	224
UniRef90_B8G6Y8	42.65	253	227
UniRef90_UPI0005BBEC83	64.44	253	226
UniRef90_W9H3V0	36.00	253	207
UniRef90_T2L7G9	36.36	253	221
UniRef90_UPI0003B6875B	50.00	253	240
UniRef90_F0E4N6	50.66	253	229
UniRef90_K0CFT3	37.00	253	215
UniRef90_A0A0D0I5C2	35.32	253	212
UniRef90_UPI0006FBB309	38.69	253	211
UniRef90_A0A084YYG2	36.32	253	213
UniRef90_W6V7J6	34.17	253	210
UniRef90_UPI0006463AE0	37.31	253	217
UniRef90_UPI0004873105	38.42	253	219
UniRef90_E6WJS6	37.37	253	212
UniRef90_H0FVW8	36.00	253	211
UniRef90_A0A0F9XXV7	34.16	253	229
UniRef90_UPI0003827958	49.57	253	240
UniRef90_C6BA61	35.15	253	213
UniRef90_UPI00037E739C	36.76	253	229
UniRef90_UPI0004658C68	48.50	253	234
UniRef90_A0A098SXA1	36.00	253	215
UniRef90_X7EA63	35.82	253	209
UniRef90_UPI0004698417	33.02	253	214
UniRef90_UPI0004A3294B	52.51	253	219
UniRef90_S5XU87	47.86	253	248
UniRef90_L0LZD4	35.64	253	213
UniRef90_UPI0003B4FAA8	50.00	253	233
UniRef90_S6HXC2	32.87	253	216
UniRef90_A0A0J6GMP2	34.17	253	210
UniRef90_UPI00054FB571	35.15	253	213
UniRef90_UPI0002627C8E	49.32	253	238
UniRef90_F7ZLC6	47.86	253	234
UniRef90_A1BA74	49.79	253	247
UniRef90_S0AF89	37.37	253	218
UniRef90_J2TUL5	33.18	253	210
UniRef90_D4E6K8	34.42	253	227
UniRef90_UPI0003FF6910	50.86	253	240
UniRef90_Q9AGK9	34.86	253	218
UniRef90_A0A0F3GG70	34.98	253	212
UniRef90_V4T7C4	51.77	253	232
UniRef90_UPI00049828C2	47.71	253	237
UniRef90_A0A0F2SAK7	39.90	253	205
UniRef90_Q1ASG6	34.39	253	216
UniRef90_UPI000488D1DC	45.91	253	247
UniRef90_A0A0F4SZ78	33.67	253	210
UniRef90_UPI000481EE6A	33.33	253	208
UniRef90_A0A0C2EZX6	34.00	253	210
UniRef90_S2KI80	34.47	253	218
UniRef90_D1C944	35.94	253	219
UniRef90_M1ZF56	46.79	253	238
UniRef90_B8KWS4	35.82	253	221
UniRef90_Q2CH48	50.21	253	240
UniRef90_UPI000703B002	36.82	253	211
UniRef90_UPI0003078973	37.88	253	213
UniRef90_A7IDL4	50.66	253	236
UniRef90_UPI0004913908	40.57	253	218
UniRef90_A8IA49	50.67	253	234
UniRef90_L7ZF60	37.31	253	209
UniRef90_C5EK27	44.29	253	245
UniRef90_UPI00040DFFA7	48.10	253	245
UniRef90_A0A0B7MKG6	47.51	253	248
UniRef90_A0A0N1BZK7	36.06	253	210
UniRef90_Q88FY5	34.16	253	213
UniRef90_A0A0D6MY97	48.23	253	233
UniRef90_M2NLU7	33.49	253	223
UniRef90_W9BTR8	36.32	253	208
UniRef90_A3VGB3	38.94	253	212
UniRef90_A0A0D0SFZ2	34.00	253	210
UniRef90_A0A0N1LJ23	37.00	253	215
UniRef90_A0A0C7S9I0	43.97	253	245
UniRef90_B1J7A5	33.18	253	213
UniRef90_UPI0004037C88	35.50	253	208
UniRef90_H8E5L2	33.33	253	221
UniRef90_W8X2R0	34.56	253	217
UniRef90_A0A0D2D9P1	35.78	253	226
UniRef90_UPI0006F50505	32.73	253	222
UniRef90_A0A0N0K1H3	33.66	253	210
UniRef90_A0A0F2NJH8	38.81	253	204
UniRef90_F8J6Q2	36.32	253	216
UniRef90_F6AQA8	35.89	253	210
UniRef90_A0A031JRV9	36.10	253	206
UniRef90_UPI00057CA729	31.40	253	212
UniRef90_E0NLU0	45.66	253	247
UniRef90_Q0RWD7	35.65	253	221
UniRef90_UPI00030DB169	33.66	253	216
UniRef90_I9WJS2	33.49	253	211
UniRef90_UPI000646CB80	37.09	253	211
UniRef90_A0A023X3X5	35.05	253	217
UniRef90_N1Q3I7	33.05	253	249
UniRef90_A9WGD9	41.35	253	214
UniRef90_K1LNZ3	45.45	253	263
UniRef90_A0A0D8HJY3	33.79	253	213
UniRef90_Q8L175	33.18	253	312
UniRef90_UPI000702DD5A	36.23	253	210
UniRef90_N1QNX9	32.88	253	225
UniRef90_UPI0002D52ECE	33.02	253	217
UniRef90_A0A095VBI7	33.17	253	212
UniRef90_A0A075LG73	33.33	253	216
UniRef90_A0A0J1BSE7	32.86	253	218
UniRef90_A0A0D2BNR5	35.35	253	221
UniRef90_W9XWV5	33.80	253	222
UniRef90_A0A0D0CSS7	30.23	253	219
UniRef90_D1Y6F3	42.92	253	244
UniRef90_UPI0003F86D9F	32.86	253	210
UniRef90_Q2GC01	31.16	253	209
UniRef90_K1LPP2	46.12	253	252
UniRef90_A0A0J5LZ74	36.36	253	212
UniRef90_N8S0D4	33.84	253	212
UniRef90_UPI000361326F	35.05	253	220
UniRef90_U1TX33	36.87	253	212
UniRef90_A0A074MF38	31.73	253	210
UniRef90_A0A0D8FUS7	36.89	253	215
UniRef90_A0A0B8ZFP5	31.55	253	213
UniRef90_UPI00048A0057	33.97	253	215
UniRef90_N1QCV4	33.48	253	223
UniRef90_W9YVT5	35.10	253	217
UniRef90_F4CTA0	36.62	253	229
UniRef90_UPI00063F6F5E	33.18	253	216
UniRef90_UPI0002DFEAF2	31.22	253	215
UniRef90_A0A067Z5G3	30.70	253	212
UniRef90_A0A0M7GL04	31.82	253	223
UniRef90_UPI0004108C70	34.62	253	212
UniRef90_A9BV27	32.55	253	231
UniRef90_J9Q860	32.57	253	221
UniRef90_UPI0006E22AAD	35.51	253	220
UniRef90_K2QAY8	31.55	253	208
UniRef90_J3JE26	35.85	253	223
UniRef90_UPI000564C176	32.39	253	212
UniRef90_J2HAU8	33.49	253	212
UniRef90_UPI00041759A1	34.30	253	216
UniRef90_W2RPF0	35.19	253	220
UniRef90_A0A0D7AQB0	31.22	253	224
UniRef90_A0A0G4G9S6	35.47	253	721
UniRef90_F3S5Z3	30.29	253	209
UniRef90_A1TU36	31.60	253	224
UniRef90_UPI0006FF5C47	37.74	253	210
UniRef90_A0A0D1CLS1	35.05	253	211
UniRef90_I3TSF2	37.44	253	217
UniRef90_D4X3L7	29.33	253	229
UniRef90_J8VHZ9	35.15	253	213
UniRef90_J1T1Q5	33.33	253	218
UniRef90_M0MN28	37.26	253	218
UniRef90_H0A8U7	35.75	253	204
UniRef90_W9YXS2	30.73	253	218
UniRef90_A0A0B5E126	35.78	253	216
UniRef90_L9WQD3	39.61	253	225
UniRef90_UPI00035C9F61	36.92	253	220
UniRef90_H0JT83	29.44	253	216
UniRef90_A0A0N1I1Y7	34.67	253	223
UniRef90_A0A081CZG4	30.33	253	208
UniRef90_UPI000289E893	36.00	253	210
UniRef90_UPI0005BB4B7A	32.72	253	222
UniRef90_A0A0B5DWY9	37.38	253	204
UniRef90_A0A0D6H443	36.19	253	222
UniRef90_UPI0004BEA70F	34.74	253	213
UniRef90_A0A0F4GF85	30.63	253	223
UniRef90_A0A098FG36	34.47	253	223
UniRef90_UPI000563C9EC	35.04	253	226
UniRef90_A0A0G4EYR5	28.99	253	264
UniRef90_UPI0006477ADD	33.01	253	218
UniRef90_A0A0F2KWV8	37.13	253	217
UniRef90_Q0KD49	31.88	253	211
UniRef90_UPI000345C625	33.82	253	211
UniRef90_UPI0004133594	37.14	253	212
UniRef90_H0C432	31.60	253	223
UniRef90_H1RXD8	31.60	253	209
UniRef90_A0A0N1AM18	33.82	253	211
UniRef90_J1SNA9	31.88	253	210
UniRef90_W3XIL9	32.14	253	224
UniRef90_K6VWE5	32.85	253	218
UniRef90_UPI0005670A7F	29.61	253	203
UniRef90_A0A0N1A6E3	32.54	253	208
UniRef90_UPI0006FBE6B2	34.47	253	209
UniRef90_A0A0M7LJ57	28.44	253	228
UniRef90_E3HKH0	34.67	253	210
UniRef90_A0A0M0EMJ2	30.05	253	220
UniRef90_UPI000570ADDD	32.54	253	206
UniRef90_UPI00035ECF1C	31.43	253	214
UniRef90_UPI0005F05760	27.39	253	227
UniRef90_A0A0D2H0W6	31.94	253	225
UniRef90_W4ABX7	32.54	253	212
UniRef90_X4ZG17	30.04	253	231
UniRef90_UPI000590C5BE	30.70	253	212
UniRef90_UPI000347C1DA	30.81	253	208
UniRef90_Q0RCN7	38.14	253	224
UniRef90_F9VVX0	32.06	253	220
UniRef90_Q3ILY2	37.21	253	208
UniRef90_A3U0E0	33.33	253	217
UniRef90_D8IP22	31.25	253	207
UniRef90_UPI0006E25693	34.42	253	216
UniRef90_A0A0J0UV49	30.95	253	222
UniRef90_UPI0004905485	34.91	253	219
UniRef90_M2T6Z6	33.17	253	216
UniRef90_A0A0M7MC05	30.88	253	218
UniRef90_A0A0N1BV55	36.19	253	212
UniRef90_A0A0A5JH27	30.73	253	222
UniRef90_A0A0C1J8V6	30.77	253	209
UniRef90_UPI0006856CF4	33.64	253	216
UniRef90_UPI0005F7A827	35.38	253	214
UniRef90_UPI00064BBA1F	45.41	253	207
UniRef90_UPI000481DBCD	35.58	253	206
UniRef90_R4XWD7	31.28	253	217
UniRef90_Q2KW61	31.25	253	208
UniRef90_L8FFN0	37.50	253	214
UniRef90_UPI00067C0B1F	32.21	253	206
UniRef90_W0PEE5	32.35	253	207
UniRef90_UPI0002F25D4F	33.64	253	219
UniRef90_K2N468	38.76	253	217
UniRef90_UPI0006C921F2	36.49	253	216
UniRef90_UPI0005EEDB26	31.76	253	235
UniRef90_UPI000566B982	35.47	253	216
UniRef90_A0A0M3AN78	30.66	253	207
UniRef90_A0A0C5LHR1	35.78	253	210
UniRef90_B5MAB4	34.36	253	236
UniRef90_UPI0006FFB176	37.20	253	219
UniRef90_K8Z405	29.56	253	249
UniRef90_A0A059FBJ4	30.05	253	212
UniRef90_UPI000679214B	37.14	253	213
UniRef90_V2Y9S3	30.67	253	221
UniRef90_G8B0I8	30.58	253	204
UniRef90_A0A0F2KPD6	32.52	253	204
UniRef90_W6W9D5	32.38	253	214
UniRef90_A0A0H0XR77	34.36	253	207
UniRef90_UPI00048AEA0D	32.72	253	226
UniRef90_E6WKZ6	35.71	253	211
UniRef90_L9VPN9	36.89	253	218
UniRef90_A0A0F5PS56	37.80	253	212
UniRef90_UPI0003458747	35.10	253	210
UniRef90_Q2L212	29.05	253	228
UniRef90_UPI0005B4B2B8	32.20	253	214
UniRef90_G8AUX1	36.95	253	217
UniRef90_UPI0006CF3FC2	33.33	253	212
UniRef90_U7PNR8	31.96	253	222
UniRef90_UPI0003006DEC	29.63	253	211
UniRef90_A0A0N1ME21	33.97	253	210
UniRef90_A0A0M3AMA5	36.06	253	206
UniRef90_UPI000484C9DB	31.43	253	205
UniRef90_UPI0004A718B2	31.58	253	214
UniRef90_UPI0002F59B5D	37.56	253	211
UniRef90_UPI000255B4C2	34.15	253	204
UniRef90_UPI0005C1C816	32.51	253	210
UniRef90_UPI00064831D1	31.90	253	209
UniRef90_UPI0004832DF4	34.93	253	223
UniRef90_UPI0003726947	37.75	253	218
UniRef90_A0A0D5NMN0	29.74	253	229
UniRef90_A0A0J1CTE6	29.52	253	214
UniRef90_D8J7C8	37.75	253	211
UniRef90_F6IKP3	32.20	253	212
UniRef90_A0A0F2KWW3	33.65	253	209
UniRef90_UPI0002379026	34.56	253	240
UniRef90_A0A094PLN3	33.67	253	213
UniRef90_A0A0M4QCP9	35.21	253	212
UniRef90_UPI00052790AA	34.12	253	209
UniRef90_A0A0F5A5G5	35.71	253	235
UniRef90_UPI00048AB2E7	33.80	253	226
UniRef90_UPI00059361DB	37.86	253	207
UniRef90_UPI000629605D	32.69	253	206
UniRef90_G8AUW5	33.49	253	209
UniRef90_A0A0A8EXW2	34.29	253	216
UniRef90_L9WFI3	36.10	253	209
UniRef90_D2B3P9	36.50	253	215
UniRef90_UPI000684A1E4	34.60	253	210
UniRef90_Q46UN7	30.95	253	208
UniRef90_L9X3D2	36.76	253	214
UniRef90_Q1AVC4	42.41	253	209
UniRef90_A0A084QM01	32.88	253	219
UniRef90_A0A0B3RUF6	35.24	253	208
UniRef90_A0A0D6PJT8	31.58	253	204
UniRef90_A0A093AVD7	35.24	253	489
UniRef90_A0A0B5E6H7	32.21	253	206
UniRef90_UPI00030DAAFA	35.24	253	219
UniRef90_V2JL15	32.20	253	210
UniRef90_UPI0005F88B12	33.95	253	236
UniRef90_G8MP92	31.55	253	209
UniRef90_L7FCR3	34.63	253	223
UniRef90_A0A0C4YGE6	29.52	253	213
UniRef90_A0A0D8I0U0	34.78	253	220
UniRef90_UPI0006F42415	37.50	253	217
UniRef90_A0A0E7UNU6	30.73	253	205
UniRef90_A0A0M7EZP6	29.91	253	211
UniRef90_UPI00055C0E97	36.71	253	202
UniRef90_R4X489	29.86	253	217
UniRef90_Q1YPG6	35.29	253	207
UniRef90_UPI000484F743	29.05	253	207
UniRef90_UPI0006F2E7C4	33.00	253	211
UniRef90_A0A0A0NUP4	37.32	253	235
UniRef90_I3U750	31.73	253	211
UniRef90_G8MH62	32.54	253	212
UniRef90_A0A0D1XFM2	33.78	253	221
UniRef90_A0A059VRC1	35.24	253	216
UniRef90_U5VYE1	33.83	253	220
UniRef90_UPI0006852A08	33.18	253	223
UniRef90_UPI000524C415	35.44	253	207
UniRef90_UPI00035F785D	34.30	253	210
UniRef90_UPI0006C8F6D6	34.45	253	210
UniRef90_UPI00026283FA	35.26	253	215
UniRef90_S9SAD6	37.56	253	208
UniRef90_M2PX50	31.62	253	497
UniRef90_UPI00056B1DC2	38.81	253	210
UniRef90_UPI000347B98F	35.29	253	210
UniRef90_G2NUE6	37.32	253	220
UniRef90_UPI0004814991	29.52	253	207
UniRef90_W4NFH0	27.91	253	215
UniRef90_A0A0D1YHB1	29.52	253	222
UniRef90_J2TBK1	30.05	253	205
UniRef90_G8MMU8	30.00	253	207
UniRef90_A0A0N0JIC2	36.41	253	216
UniRef90_F2LD83	30.66	253	219
UniRef90_D4XBF8	31.37	253	206
UniRef90_S6CX90	29.67	253	210
UniRef90_UPI0003FEC407	34.95	253	207
UniRef90_UPI00048F43A2	28.64	253	207
UniRef90_A0A098C4V0	34.22	253	223
UniRef90_K8RHB5	30.99	253	209
UniRef90_W4L3Y2	39.91	253	212
UniRef90_A0A075X9G2	33.65	253	210
UniRef90_L2G3K7	31.51	253	227
UniRef90_W2UGS4	37.00	253	207
UniRef90_UPI00053C00F1	34.70	253	218
UniRef90_V8QRR5	31.37	253	206
UniRef90_UPI00048D6DAE	37.77	253	220
UniRef90_A0A0A8BGD6	29.17	253	220
UniRef90_H5X5C6	34.47	253	209
UniRef90_A0A087PP30	30.14	253	209
UniRef90_E3HM86	31.58	253	206
UniRef90_M9RH08	37.98	253	206
UniRef90_U1PJH6	35.07	253	216
UniRef90_A0A038GU46	31.07	253	209
UniRef90_A0A0A6D2V9	34.13	253	206
UniRef90_UPI000360D8BE	35.78	253	207
UniRef90_A0A074M1J8	36.14	253	210
UniRef90_UPI0004247DA4	29.81	253	210
UniRef90_K2JVT6	31.10	253	206
UniRef90_A0A0B7K9F6	33.17	253	203
UniRef90_A0A0B8Z0Y6	31.45	253	249
UniRef90_V8QRI7	32.21	253	215
UniRef90_A0A0L8AFL5	36.06	253	206
UniRef90_Q13IE8	31.03	253	211
UniRef90_W7VW93	32.84	253	211
UniRef90_UPI0006809352	33.49	253	213
UniRef90_UPI0004891084	29.06	253	208
UniRef90_A0A0H2LQC1	29.13	253	213
UniRef90_A0A0D0LHR8	36.14	253	206
UniRef90_UPI00055FFAB9	34.50	253	213
UniRef90_A0A0E0TGX6	32.57	253	208
UniRef90_A0A0N0KDR0	32.69	253	212
UniRef90_UPI0006F84BDD	29.95	253	215
UniRef90_A0A0A8BH19	28.44	253	210
UniRef90_UPI00052453AB	34.74	253	220
UniRef90_W1SN36	30.70	253	232
UniRef90_L9VVC5	40.00	253	209
UniRef90_S3B643	32.16	253	246
UniRef90_I3U7B9	27.67	253	211
UniRef90_C6L147	33.67	253	206
UniRef90_J3DIK9	28.23	253	210
UniRef90_UPI0006F31DBE	36.68	253	205
UniRef90_UPI0006E4045B	33.80	253	240
UniRef90_UPI0004716DF0	27.18	253	214
UniRef90_H3NUB2	35.23	253	200
UniRef90_A0A0F4RG41	32.83	253	212
UniRef90_UPI0003454E5F	34.12	253	218
UniRef90_UPI000590CE95	32.18	253	206
UniRef90_A0A0N0SWX6	34.95	253	231
UniRef90_B2WMV7	33.64	253	222
UniRef90_A0A0F7PQ77	31.73	253	206
UniRef90_B8KY83	35.35	253	203
UniRef90_UPI0003A89BA8	37.07	253	205
UniRef90_A0A0A0ECS2	30.04	253	228
UniRef90_J2HEG9	35.27	253	211
UniRef90_I9CAS5	31.03	253	226
UniRef90_UPI000561D0BC	31.78	253	213
UniRef90_A0A0K9SY88	31.40	253	211
UniRef90_A0A0M4QT04	34.13	253	217
UniRef90_W8HN60	34.25	253	216
UniRef90_UPI0004692470	31.73	253	212
UniRef90_UPI0003475C50	35.48	253	218
UniRef90_A0A0F5FNC1	27.38	253	252
UniRef90_A0A0C4YB45	29.47	253	209
UniRef90_A5EB34	33.64	253	242
UniRef90_UPI00068970C8	34.60	253	212
UniRef90_A0A0D5VMW0	29.52	253	214
UniRef90_A0A0K2R953	35.82	253	206
UniRef90_G4RD21	30.14	253	206
UniRef90_UPI0006F427E9	33.18	253	216
UniRef90_B8IWR6	31.53	253	227
UniRef90_A0A0M9CC05	33.99	253	218
UniRef90_UPI0006E3639A	32.26	253	217
UniRef90_A0YDY8	34.52	253	199
UniRef90_I5C7C2	32.51	253	204
UniRef90_A0A0J6QMX6	31.39	253	232
UniRef90_D0L9Q6	37.04	253	207
UniRef90_W0PB86	28.78	253	211
UniRef90_A0A0F5FK85	31.84	253	235
UniRef90_A0A061QK28	32.20	253	216
UniRef90_A0A0M2DWT9	32.55	253	223
UniRef90_UPI00047DC75A	35.00	253	201
UniRef90_UPI0003180D52	26.91	253	223
UniRef90_UPI0004838B3D	35.75	253	217
UniRef90_A0A072NFX3	30.17	253	233
UniRef90_UPI00047FFC0B	29.70	253	220
UniRef90_M2WY16	34.00	253	210
UniRef90_J3APW3	30.54	253	226
UniRef90_UPI0003AA3CBE	34.83	253	204
UniRef90_A0A0C1P1L3	32.08	253	236
UniRef90_E6SAR7	31.84	253	206
UniRef90_UPI0004947FDF	35.15	253	207
UniRef90_UPI000316D205	29.52	253	209
UniRef90_UPI0006FDAB5A	32.44	253	228
UniRef90_F3L447	33.50	253	201
UniRef90_W0ABG5	30.54	253	226
UniRef90_UPI000310CA8E	32.18	253	211
UniRef90_A0A0D0S7K4	32.68	253	224
UniRef90_A0A023D211	27.40	253	209
UniRef90_UPI0003FA9AB6	29.86	253	230
UniRef90_W4LRF8	32.13	253	247
UniRef90_K0I2C5	29.95	253	214
UniRef90_A0A0C5K6R1	29.38	253	214
UniRef90_F8G0M0	31.90	253	208
UniRef90_A0A0D4ZZG8	30.54	253	219
UniRef90_W9BU26	31.19	253	226
UniRef90_UPI00031A4BBE	29.70	253	219
UniRef90_UPI0006871C3E	31.03	253	224
UniRef90_UPI000379663C	34.93	253	209
UniRef90_A0A0M2S342	32.67	253	208
UniRef90_A0A0F5FRU2	29.27	253	253
UniRef90_UPI00058CC364	34.45	253	212
UniRef90_A0A031JUK8	29.56	253	227
UniRef90_A0A0N1G6S8	31.61	253	213
UniRef90_Q0K318	27.14	253	208
UniRef90_A0A0L0IS72	33.18	253	212
UniRef90_A0A0H1R6D0	30.04	253	226
UniRef90_I0HD84	36.68	253	214
UniRef90_UPI00048B503B	32.13	253	218
UniRef90_UPI0005CB11BA	30.84	253	251
UniRef90_UPI0004BC2EEF	29.49	253	214
UniRef90_UPI0002D8F58C	29.58	253	212
UniRef90_A0A074MVD6	29.56	253	227
UniRef90_M4SAW5	29.06	253	227
UniRef90_UPI0006B9C00E	32.51	253	215
UniRef90_UPI00036D2205	27.88	253	205
UniRef90_UPI0004194C81	29.73	253	235
UniRef90_A0A062TZ40	27.90	253	232
UniRef90_E4PJK1	33.68	253	196
UniRef90_A0A0C2VH36	28.29	253	213
UniRef90_UPI000378704E	31.03	253	226
UniRef90_UPI0004223C37	27.44	253	221
UniRef90_A0A074MV99	33.02	253	212
UniRef90_W3RRB2	30.18	253	226
UniRef90_W9G8Q7	32.34	253	203
UniRef90_UPI0004C2B6FA	33.17	253	208
UniRef90_A0A0C6P7B9	29.79	253	239
UniRef90_J4RY99	29.41	253	223
UniRef90_UPI000485E060	35.64	253	208
UniRef90_A0A022LE32	33.49	253	207
UniRef90_D3D2B6	36.22	253	202
UniRef90_A0A059FFY5	28.39	253	236
UniRef90_F3S713	34.16	253	222
UniRef90_A0A0C5L9V0	31.53	253	226
UniRef90_UPI0002E29287	37.02	253	207
UniRef90_UPI000374B2BC	28.23	253	210
UniRef90_A0A0N1B1L4	31.63	253	211
UniRef90_L1QRB3	29.26	253	242
UniRef90_UPI0006F99A79	29.26	253	231
UniRef90_UPI00047B1038	30.38	253	241
UniRef90_UPI00068900AB	34.55	253	227
UniRef90_A0A059E6Z6	33.17	253	232
UniRef90_A0A078LSF3	33.51	253	196
UniRef90_UPI00040C9A62	35.12	253	216
UniRef90_A0A0J6C134	27.54	253	228
UniRef90_A0A0A1Q1J3	29.91	253	232
UniRef90_UPI00037EB96D	33.01	253	214
UniRef90_A0A0D0KJI0	31.19	253	225
UniRef90_Q0C356	29.27	253	223
UniRef90_A0A084D6G7	32.72	253	214
UniRef90_UPI0005C23C21	28.03	253	257
UniRef90_UPI000700FE5B	25.24	253	211
UniRef90_UPI00062BDB89	28.02	253	217
UniRef90_A0A0G9MRS1	30.05	253	227
UniRef90_A0A0N0KAV3	31.40	253	229
UniRef90_S3DAK3	30.56	253	216
UniRef90_UPI00049253B7	29.68	253	213
UniRef90_B8KJM4	26.01	253	220
UniRef90_UPI00035DBA9C	30.00	253	212
UniRef90_UPI0004260DAC	37.31	253	193
UniRef90_UPI0006FD083E	29.35	253	219
