UniRef90_P37351	100.00	159	149
UniRef90_A8AMZ5	85.62	159	151
UniRef90_D2TQ02	84.25	159	147
UniRef90_G8LIC9	82.88	159	149
UniRef90_G2S1H8	82.88	159	149
UniRef90_A0A0D1D5J1	81.51	159	149
UniRef90_G7LT13	80.14	159	150
UniRef90_A0A089RF02	82.76	159	149
UniRef90_A0A085IVT6	79.45	159	149
UniRef90_A0A0J1YLN9	81.51	159	149
UniRef90_A0A089UAD7	82.07	159	149
UniRef90_X0P5S2	85.62	159	149
UniRef90_A0A0B6IAZ4	80.69	159	151
UniRef90_A0A0B5IFR0	78.08	159	149
UniRef90_F0JPR1	84.93	159	149
UniRef90_J6I7V6	81.51	159	149
UniRef90_A0A0G3QFG6	82.19	159	149
UniRef90_A0A097R4K0	73.29	159	147
UniRef90_W0LJK4	71.53	159	148
UniRef90_R5YVQ3	71.53	159	147
UniRef90_I2B5J5	73.24	159	143
UniRef90_A0A0F7HFU2	69.93	159	147
UniRef90_R5N6L8	70.14	159	150
UniRef90_K5TV27	66.67	159	146
UniRef90_A0A0B8QXG3	65.28	159	145
UniRef90_C4L7G2	69.44	159	155
UniRef90_A0A090PA10	68.06	159	146
UniRef90_C4STU2	68.06	159	148
UniRef90_V3TKS3	65.03	159	151
UniRef90_A0A080KJD6	66.67	159	150
UniRef90_A0A0B9G5Q9	63.89	159	149
UniRef90_A0A090SAJ9	65.28	159	146
UniRef90_C0C0X0	62.67	159	157
UniRef90_UPI000373B5B9	65.75	159	165
UniRef90_A0A090TAN0	67.13	159	150
UniRef90_W6T3Z8	70.34	159	166
UniRef90_Q67LX4	68.06	159	154
UniRef90_A0A0K2LBC8	67.12	159	167
UniRef90_F4BS83	67.13	159	150
UniRef90_UPI0003728F32	64.58	159	148
UniRef90_A5Z733	64.58	159	150
UniRef90_R9MH40	65.97	159	146
UniRef90_R5DFR2	62.50	159	148
UniRef90_UPI00041F4B6D	63.89	159	161
UniRef90_UPI00036869CE	67.36	159	156
UniRef90_UPI00030E55D4	65.97	159	152
UniRef90_UPI0002191AD4	65.07	159	166
UniRef90_B0G4B9	61.07	159	154
UniRef90_R2Q144	68.06	159	146
UniRef90_G2ZCZ8	68.53	159	149
UniRef90_A2RJU5	66.43	159	149
UniRef90_G7VX83	68.06	159	149
UniRef90_UPI0002E17E0E	67.36	159	145
UniRef90_UPI00070521D6	65.97	159	145
UniRef90_A0A0N0KQJ9	65.03	159	148
UniRef90_A0AGJ1	66.67	159	146
UniRef90_S0RX31	66.20	159	143
UniRef90_UPI000553CBB4	64.58	159	147
UniRef90_R2TIB5	66.43	159	145
UniRef90_R6W6X6	61.81	159	146
UniRef90_G5JJR1	66.67	159	149
UniRef90_UPI00046F1888	65.97	159	145
UniRef90_S5LXH7	64.96	159	141
UniRef90_G5IM21	61.81	159	146
UniRef90_D7ATH1	64.58	159	148
UniRef90_UPI0005718A67	61.81	159	155
UniRef90_E5XIT4	63.89	159	146
UniRef90_R5YNA7	61.81	159	150
UniRef90_F5T7D9	62.00	159	158
UniRef90_G7MDA5	65.28	159	148
UniRef90_H3NQ99	67.36	159	149
UniRef90_A0A0B2FDI9	67.13	159	149
UniRef90_UPI000467BD18	62.50	159	149
UniRef90_UPI00016C0A18	64.34	159	151
UniRef90_UPI00064F03AC	64.83	159	165
UniRef90_D4M258	61.11	159	147
UniRef90_V2XHQ2	63.19	159	151
UniRef90_A0A0F4LL62	66.43	159	176
UniRef90_UPI000344F105	63.89	159	153
UniRef90_A0A0M4JST3	62.04	159	140
UniRef90_D1AQL0	63.89	159	147
UniRef90_UPI00051C14F7	61.11	159	148
UniRef90_UPI00047DF643	63.89	159	149
UniRef90_A0A090YDN1	66.91	159	143
UniRef90_N9VN73	60.42	159	151
UniRef90_UPI0004140DB7	61.54	159	150
UniRef90_R5LF20	60.42	159	149
UniRef90_R7AGB1	62.50	159	147
UniRef90_D0GP81	66.19	159	143
UniRef90_U5PD53	63.97	159	141
UniRef90_L0X2K3	60.42	159	149
UniRef90_D5U5I0	61.11	159	149
UniRef90_D7GT22	63.19	159	146
UniRef90_C9CLE8	66.43	159	146
UniRef90_A4E755	63.64	159	155
UniRef90_C5ERY6	64.14	159	146
UniRef90_D4CH16	62.50	159	146
UniRef90_A0A037Z4K1	59.44	159	148
UniRef90_C0DB74	64.14	159	146
UniRef90_A7B230	59.86	159	173
UniRef90_UPI000483F6EE	60.14	159	150
UniRef90_J3AKK9	61.38	159	149
UniRef90_A0A0J1DK71	62.94	159	145
UniRef90_K0JK12	58.33	159	149
UniRef90_UPI000619B96B	60.84	159	149
UniRef90_F3BBH8	59.72	159	146
UniRef90_B5CQF6	60.42	159	148
UniRef90_D9R0H3	59.72	159	147
UniRef90_V6Z6I9	62.07	159	153
UniRef90_UPI0003FA868E	62.76	159	151
UniRef90_B0NG93	61.81	159	146
UniRef90_UPI0004E19601	59.03	159	147
UniRef90_G5JMK5	62.76	159	156
UniRef90_F7JKQ4	59.72	159	148
UniRef90_R2QQD0	65.93	159	148
UniRef90_R5XYU8	60.42	159	148
UniRef90_R5YX26	55.03	159	154
UniRef90_A0A023CXJ1	60.42	159	169
UniRef90_UPI00037A4F9F	61.38	159	148
UniRef90_UPI0003FC7FC3	61.38	159	149
UniRef90_A0A0M2NGI4	61.54	159	147
UniRef90_Q3A933	61.11	159	159
UniRef90_D7N784	54.86	159	147
UniRef90_E7G7F7	61.38	159	153
UniRef90_F4A0Q1	59.44	159	147
UniRef90_H1APP2	62.07	159	151
UniRef90_A0A090JMJ5	56.25	159	149
UniRef90_M2Q3F6	60.00	159	153
UniRef90_B1BRS8	58.33	159	149
UniRef90_R5KSV2	54.36	159	154
UniRef90_R9M1F6	60.69	159	151
UniRef90_R6LE38	55.56	159	147
UniRef90_H1HU12	56.94	159	152
UniRef90_U7UFQ0	56.12	159	143
UniRef90_E7GN06	60.84	159	147
UniRef90_UPI00067F6B0A	59.03	159	149
UniRef90_R6HAF6	58.04	159	147
UniRef90_UPI0005546C2A	56.64	159	164
UniRef90_E0NKN8	55.56	159	147
UniRef90_UPI0006C779E8	61.11	159	146
UniRef90_A5Z5P2	54.73	159	154
UniRef90_UPI00058F881E	57.64	159	149
UniRef90_UPI0004728DF7	60.14	159	158
UniRef90_UPI00051B97CC	61.38	159	151
UniRef90_UPI00036254FC	61.11	159	145
UniRef90_A0A099SF72	57.34	159	149
UniRef90_UPI000488F78A	56.94	159	149
UniRef90_UPI0004BA4DE9	56.94	159	145
UniRef90_A0A0A2ZWA6	55.17	159	149
UniRef90_C0EZS4	58.33	159	154
UniRef90_UPI0004964544	54.86	159	150
UniRef90_UPI00040198AE	58.99	159	141
UniRef90_UPI00070537D3	55.86	159	184
UniRef90_S3JSF6	55.17	159	150
UniRef90_N2AGY1	59.03	159	149
UniRef90_UPI00047E259A	60.14	159	149
UniRef90_A0LI15	57.75	159	146
UniRef90_R5TY46	55.56	159	145
UniRef90_G5GIQ0	54.86	159	149
UniRef90_C0QQE3	54.86	159	148
UniRef90_R6I7P6	55.24	159	147
UniRef90_G9WPT5	56.94	159	155
UniRef90_C2L0J9	58.33	159	156
UniRef90_I8R249	54.86	159	150
UniRef90_UPI00054CEB11	56.94	159	149
UniRef90_R1CYU9	55.56	159	149
UniRef90_A0A0A7FVG3	54.17	159	149
UniRef90_S1LL45	96.39	159	86
UniRef90_R7K8B4	51.75	159	149
UniRef90_U2LKA7	53.10	159	150
UniRef90_A4XIR8	56.94	159	150
UniRef90_UPI0006D783A0	55.56	159	148
UniRef90_D4CIG2	56.25	159	183
UniRef90_E8T2X3	54.86	159	150
UniRef90_UPI00040384F8	54.86	159	149
UniRef90_A3DIL8	58.33	159	149
UniRef90_A0A0L8F0W1	54.86	159	149
UniRef90_L0IQ70	57.34	159	148
UniRef90_W3AKI3	53.47	159	155
UniRef90_R7RMN6	54.17	159	149
UniRef90_W6SIG0	54.17	159	149
UniRef90_F0YT89	57.24	159	152
UniRef90_UPI0004789A82	53.15	159	146
UniRef90_A6Q2W3	53.42	159	146
UniRef90_G4D3S4	54.86	159	145
UniRef90_A8UWV9	57.64	159	148
UniRef90_UPI0006683807	57.64	159	149
UniRef90_UPI0002887C8A	54.17	159	149
UniRef90_A0A084J7R6	54.86	159	149
UniRef90_UPI00047DF2B4	54.17	159	149
UniRef90_A6BCP9	54.17	159	159
UniRef90_F0S2J4	53.47	159	148
UniRef90_UPI0005941FD7	52.08	159	148
UniRef90_D1VRM3	53.96	159	144
UniRef90_UPI000590C3D7	57.34	159	149
UniRef90_R5AWQ8	55.94	159	146
UniRef90_UPI0004153BEB	54.86	159	150
UniRef90_N9XYM6	54.17	159	149
UniRef90_H5UP60	55.56	159	149
UniRef90_A0A0F9JMX5	52.82	159	155
UniRef90_R9N5P1	56.94	159	146
UniRef90_E6W086	51.05	159	153
UniRef90_T0NH09	53.47	159	149
UniRef90_B1KSR6	52.78	159	145
UniRef90_UPI00054F47A2	56.25	159	149
UniRef90_K0AWW6	52.78	159	149
UniRef90_UPI0004869CFD	52.45	159	151
UniRef90_D3PBK5	51.03	159	159
UniRef90_UPI00047E3D17	52.78	159	149
UniRef90_A0A0A0CCR6	57.64	159	149
UniRef90_E7MP69	55.24	159	148
UniRef90_C5EQH2	55.56	159	154
UniRef90_D3DHM6	53.47	159	149
UniRef90_A0A037Z0R1	55.24	159	149
UniRef90_U2N9M5	54.17	159	149
UniRef90_J4TJY6	54.17	159	149
UniRef90_UPI000498549A	55.56	159	148
UniRef90_U2EKM4	52.78	159	149
UniRef90_D9TTU8	55.94	159	148
UniRef90_E4Q4C9	56.25	159	148
UniRef90_N0B4A6	52.08	159	153
UniRef90_B3E1Z9	54.17	159	149
UniRef90_W0DGC1	54.86	159	148
UniRef90_A0A0F3GZ11	53.85	159	151
UniRef90_E5BEL8	55.17	159	147
UniRef90_UPI0003F95A75	57.93	159	151
UniRef90_UPI0004826916	56.25	159	150
UniRef90_E4QEB5	56.25	159	148
UniRef90_W6N4G1	53.47	159	149
UniRef90_UPI000495FC09	53.47	159	149
UniRef90_UPI00040F4D1A	55.10	159	154
UniRef90_Q898Y0	54.86	159	149
UniRef90_C6PVE0	53.47	159	149
UniRef90_A0A0C1R467	55.56	159	149
UniRef90_UPI0004906569	51.39	159	146
UniRef90_W0EC01	54.55	159	149
UniRef90_D4JJ03	57.34	159	147
UniRef90_D3SPV9	53.47	159	148
UniRef90_A0A075KID5	55.63	159	145
UniRef90_B8E007	52.78	159	148
UniRef90_W7DA43	54.86	159	149
UniRef90_F5YKJ1	55.24	159	151
UniRef90_A0A0H3IY01	54.55	159	146
UniRef90_R6T7D6	54.17	159	145
UniRef90_UPI000509CF14	52.78	159	149
UniRef90_B6G0L4	53.79	159	155
UniRef90_D2RP51	53.47	159	145
UniRef90_A0A096BF69	52.78	159	150
UniRef90_UPI000289DDC0	54.17	159	146
UniRef90_W7BSX4	57.34	159	149
UniRef90_A0A099W0G7	54.86	159	149
UniRef90_A0Q307	52.78	159	149
UniRef90_E6SLL6	53.15	159	372
UniRef90_D8GKY8	52.08	159	149
UniRef90_B1C4E6	54.55	159	147
UniRef90_Q97F72	53.47	159	152
UniRef90_E4TFN7	51.08	159	156
UniRef90_R6NK59	53.52	159	145
UniRef90_R7BSV1	50.68	159	148
UniRef90_B9MPJ5	54.86	159	148
UniRef90_A0A0L6JSW9	53.85	159	149
UniRef90_B4U7E8	52.08	159	148
UniRef90_U2NJ36	51.39	159	148
UniRef90_B1B8L2	52.08	159	149
UniRef90_Q1IS85	52.78	159	152
UniRef90_UPI0003B2F872	52.78	159	153
UniRef90_K6P0N9	52.08	159	389
UniRef90_G8M1U7	53.47	159	149
UniRef90_A0A0C1USX4	52.78	159	147
UniRef90_A0A0L0WE21	51.39	159	149
UniRef90_UPI0003FF1A0C	54.86	159	145
UniRef90_R4JX97	53.47	159	147
UniRef90_L0FD06	54.86	159	149
UniRef90_UPI000648DB4F	56.25	159	152
UniRef90_F5LA87	56.94	159	148
UniRef90_U7VGW9	54.68	159	142
UniRef90_K6VPW9	56.83	159	143
UniRef90_F1TDN5	53.15	159	149
UniRef90_E8LFU2	51.72	159	148
UniRef90_B9DX76	52.78	159	154
UniRef90_R6BJJ4	53.15	159	148
UniRef90_UPI0005590457	51.75	159	153
UniRef90_F3ZX18	54.55	159	159
UniRef90_D9S004	54.17	159	146
UniRef90_UPI0003B478E8	49.65	159	156
UniRef90_I0R9G6	52.78	159	149
UniRef90_B0TI66	55.70	159	156
UniRef90_UPI00040522B5	55.24	159	153
UniRef90_F9N7B1	54.17	159	145
UniRef90_A6LM85	49.31	159	145
UniRef90_UPI0003708111	53.47	159	149
UniRef90_E2ZB00	51.01	159	157
UniRef90_A5TV62	55.71	159	149
UniRef90_B8FZ71	53.47	159	149
UniRef90_D9STL8	54.17	159	149
UniRef90_K2PD49	50.00	159	145
UniRef90_E3GQ17	53.47	159	149
UniRef90_B8CZ23	53.33	159	322
UniRef90_UPI00047B5A61	52.08	159	149
UniRef90_UPI0007050ED2	50.00	159	159
UniRef90_F0YUD6	55.63	159	146
UniRef90_R9IJG4	56.25	159	146
UniRef90_A8F427	48.61	159	145
UniRef90_UPI0002D7F6D3	52.52	159	143
UniRef90_E0E3E4	52.08	159	148
UniRef90_UPI0006B6399F	51.75	159	145
UniRef90_A0A0L6Z5X7	52.08	159	149
UniRef90_UPI0004DB7174	53.62	159	144
UniRef90_R5Q4F1	50.69	159	146
UniRef90_D4CU92	56.43	159	147
UniRef90_C9RAD7	57.64	159	149
UniRef90_I0GIH6	53.47	159	146
UniRef90_A0A017RZI9	52.08	159	149
UniRef90_UPI0004E1D6C3	53.85	159	146
UniRef90_UPI0006BB5F71	51.43	159	141
UniRef90_UPI00039C1190	54.23	159	147
UniRef90_UPI0005971605	52.52	159	146
UniRef90_E4L876	52.08	159	150
UniRef90_UPI00065E4BEB	53.15	159	148
UniRef90_UPI00036328D6	51.06	159	144
UniRef90_R7QUK8	54.17	159	146
UniRef90_A0A0F2S8X2	52.78	159	151
UniRef90_R7KDR7	52.78	159	148
UniRef90_R7LSZ3	55.40	159	144
UniRef90_UPI0004E123D9	54.86	159	148
UniRef90_D4H119	46.53	159	150
UniRef90_A0A0F2JFW0	53.47	159	149
UniRef90_K1SJ48	52.78	159	152
UniRef90_G4Q3S0	52.74	159	146
UniRef90_R6PN10	53.15	159	146
UniRef90_UPI0004889B4F	53.85	159	149
UniRef90_R6CMP1	54.48	159	148
UniRef90_UPI00029B3457	49.32	159	159
UniRef90_A0A0A8WSM8	51.39	159	149
UniRef90_D9TSZ4	52.45	159	150
UniRef90_C7GF79	54.17	159	152
UniRef90_N2B7Z7	53.47	159	146
UniRef90_A0A0K1PCW6	49.31	159	149
UniRef90_UPI0006C0F0D6	50.69	159	149
UniRef90_UPI0006D48123	51.39	159	150
UniRef90_E4KZT2	52.52	159	143
UniRef90_A0ALZ7	49.31	159	146
UniRef90_H2J6P2	50.00	159	147
UniRef90_UPI000409E761	50.69	159	150
UniRef90_A7HL60	51.39	159	145
UniRef90_UPI000419B2F1	50.36	159	144
UniRef90_A0A0J8D9R2	50.69	159	149
UniRef90_UPI00048EFBB1	49.31	159	146
UniRef90_UPI00041BE960	51.05	159	149
UniRef90_UPI0004236D41	51.80	159	146
UniRef90_A6LPY7	52.08	159	149
UniRef90_UPI00068A7332	51.80	159	142
UniRef90_A8MJX2	54.86	159	149
UniRef90_UPI00048922DA	53.47	159	147
UniRef90_A0A0M2NH54	52.41	159	150
UniRef90_G7MBR2	52.78	159	146
UniRef90_UPI00037185F6	53.15	159	146
UniRef90_H7F5P5	53.85	159	145
UniRef90_R7L151	51.75	159	145
UniRef90_A0A0F6YIJ4	53.10	159	147
UniRef90_Q2RFW5	52.78	159	181
UniRef90_A0A061PHU1	51.72	159	145
UniRef90_A0A069RCL9	51.63	159	159
UniRef90_A6TK50	54.86	159	149
UniRef90_F7NIR5	53.85	159	146
UniRef90_U2QPF1	53.96	159	147
UniRef90_R5DF73	50.70	159	145
UniRef90_A0A0L8F3C5	48.95	159	150
UniRef90_G7WHI6	51.39	159	149
UniRef90_R5RY89	49.65	159	145
UniRef90_UPI00041EB2B1	56.43	159	147
UniRef90_R6X1T7	54.17	159	149
UniRef90_C5D9M7	52.78	159	148
UniRef90_T0ICD7	50.69	159	147
UniRef90_UPI0006E12802	52.45	159	149
UniRef90_UPI0005D242A4	49.65	159	145
UniRef90_F9EQ13	55.71	159	149
UniRef90_R7MGC1	50.36	159	145
UniRef90_E6MIH6	53.47	159	149
UniRef90_A0A0A3AQ89	47.59	159	148
UniRef90_R6QN83	53.85	159	149
UniRef90_L0KBH5	50.69	159	145
UniRef90_R7PQQ1	51.05	159	149
UniRef90_UPI00025558E6	51.75	159	154
UniRef90_UPI0003B3DC3A	53.47	159	145
UniRef90_M1ZAL9	52.45	159	155
UniRef90_A0A0M4R972	53.15	159	147
UniRef90_UPI0002899F74	50.35	159	149
UniRef90_E2ZIY9	51.03	159	148
UniRef90_UPI0002828287	48.63	159	147
UniRef90_UPI000466582B	51.03	159	151
UniRef90_UPI000404C6B6	54.17	159	148
UniRef90_UPI00051C5917	48.61	159	146
UniRef90_A0A031WJA6	51.39	159	148
UniRef90_R4KDZ4	49.65	159	149
UniRef90_UPI0003B56103	48.61	159	146
UniRef90_E9S7I4	50.00	159	146
UniRef90_UPI0006D537EA	48.61	159	149
UniRef90_A0A0J1FUV2	51.05	159	149
UniRef90_U2DQC3	51.75	159	146
UniRef90_C3WBW0	51.41	159	143
UniRef90_UPI0006B530B5	52.78	159	147
UniRef90_S0FTX5	51.75	159	149
UniRef90_E3FU63	51.75	159	147
UniRef90_J5WLS8	49.31	159	147
UniRef90_A0A0H2SAI6	48.61	159	147
UniRef90_R6DS35	52.52	159	142
UniRef90_D6S8H3	50.69	159	150
UniRef90_R5WBX9	55.40	159	142
UniRef90_UPI00036A392B	49.31	159	145
UniRef90_S0J908	52.78	159	151
UniRef90_J7J215	52.08	159	149
UniRef90_D4M8V7	49.31	159	363
UniRef90_UPI0005B28F18	51.75	159	149
UniRef90_E4KMI8	52.52	159	145
UniRef90_A0A0J1I352	52.08	159	149
UniRef90_D1AXL2	52.52	159	150
UniRef90_UPI0003B5D6FF	51.41	159	147
UniRef90_UPI00040AFB5B	50.36	159	142
UniRef90_UPI000593636C	52.78	159	153
UniRef90_UPI00048F2C8A	51.39	159	147
UniRef90_UPI0002E2E238	51.39	159	145
UniRef90_U4P1W5	52.45	159	154
UniRef90_A0A0M4D1R4	49.65	159	151
UniRef90_A0A074MBR1	52.08	159	156
UniRef90_C5CHB0	48.20	159	151
UniRef90_UPI00040C9F48	52.78	159	146
UniRef90_UPI0004E28761	50.35	159	144
UniRef90_UPI0003F6C828	52.05	159	148
UniRef90_UPI0004858248	53.96	159	143
UniRef90_UPI00040038D4	51.43	159	143
UniRef90_F0T2B9	51.39	159	146
UniRef90_A0A0J1FXM2	55.40	159	142
UniRef90_A0A0K2SP97	52.08	159	320
UniRef90_A0A080KDX8	50.00	159	146
UniRef90_A0A0A2U4B9	51.39	159	149
UniRef90_F8E891	50.00	159	163
UniRef90_C4G9C4	52.08	159	153
UniRef90_UPI0004E189E5	51.72	159	156
UniRef90_K1KPK9	54.17	159	146
UniRef90_F6CQ45	51.39	159	155
UniRef90_A0A061N3Y9	50.69	159	146
UniRef90_A0A094YYN4	50.00	159	145
UniRef90_R5K6C8	51.80	159	145
UniRef90_UPI0005BDBA5A	50.00	159	150
UniRef90_B9LAE3	49.64	159	142
UniRef90_A0A0C2VQ19	51.06	159	150
UniRef90_UPI000310E44C	50.69	159	148
UniRef90_R6UZV1	47.97	159	151
UniRef90_E6U977	51.39	159	148
UniRef90_E7GAV2	47.22	159	146
UniRef90_V2PWY5	53.08	159	143
UniRef90_UPI000424751A	53.96	159	142
UniRef90_R7IM60	53.24	159	142
UniRef90_A0A0F2PRF1	52.08	159	154
UniRef90_UPI0005524A98	51.72	159	145
UniRef90_R6VPJ8	53.96	159	142
UniRef90_A0A0K8JAP7	51.75	159	148
UniRef90_A0A095ZGC7	49.66	159	147
UniRef90_S9RT86	52.45	159	149
UniRef90_B1I6K6	52.78	159	152
UniRef90_UPI0005D2A2C7	53.10	159	145
UniRef90_W2BYB6	50.35	159	143
UniRef90_A0A031WI87	50.34	159	150
UniRef90_R5WSK0	54.68	159	143
UniRef90_D4J198	54.48	159	148
UniRef90_C0FS26	52.45	159	147
UniRef90_I9NN50	52.45	159	145
UniRef90_R6PLD4	52.17	159	145
UniRef90_E2SI85	50.34	159	146
UniRef90_B0US04	47.95	159	157
UniRef90_C7LWS2	51.06	159	149
UniRef90_UPI0006B4D7BE	50.35	159	148
UniRef90_UPI00059710F7	47.92	159	145
UniRef90_R6E2A6	50.00	159	143
UniRef90_O67211	54.41	159	154
UniRef90_C0E9M2	52.45	159	145
UniRef90_H5Y0L8	49.31	159	149
UniRef90_UPI0006BB7A6C	51.08	159	142
UniRef90_A0A0F7HMT6	52.94	159	142
UniRef90_UPI0003B5BD0B	51.70	159	155
UniRef90_UPI000552A7A8	52.86	159	143
UniRef90_R5J1Q5	50.00	159	148
UniRef90_A0A098EJF8	52.08	159	145
UniRef90_A0A0C7P490	46.53	159	147
UniRef90_R7G638	49.31	159	149
UniRef90_UPI00047342EF	51.39	159	145
UniRef90_UPI00047F3E09	48.61	159	145
UniRef90_R7C9T9	53.24	159	142
UniRef90_UPI00051A548B	51.75	159	148
UniRef90_A0A0L6U3K6	47.92	159	150
UniRef90_B5YFY9	52.41	159	150
UniRef90_R6AHH5	48.61	159	147
UniRef90_Q67TD1	52.08	159	146
UniRef90_R7NST2	48.25	159	150
UniRef90_A0A0B3VV42	51.03	159	150
UniRef90_R9K6I7	54.17	159	145
UniRef90_A0A094JMC7	52.78	159	147
UniRef90_UPI0003B30C69	50.69	159	149
UniRef90_A0A0J1DM52	54.68	159	143
UniRef90_UPI00040384F8	54.48	159	149
UniRef90_B1BRS8	57.93	159	149
UniRef90_A0A0A7FVG3	53.79	159	149
UniRef90_F5LA87	56.55	159	148
UniRef90_A0A096BF69	52.41	159	150
UniRef90_S7U6N3	48.10	159	197
UniRef90_N9XYM6	53.79	159	149
UniRef90_R1CYU9	55.17	159	149
UniRef90_UPI00054CEB11	56.55	159	149
UniRef90_U2N9M5	53.79	159	149
UniRef90_A7B230	59.86	159	173
UniRef90_W6SIG0	53.79	159	149
UniRef90_L0IQ70	57.34	159	148
UniRef90_UPI0006D48123	51.03	159	150
UniRef90_UPI0006683807	57.24	159	149
UniRef90_K0AWW6	52.41	159	149
UniRef90_UPI00054F47A2	55.86	159	149
UniRef90_D9TTU8	55.94	159	148
UniRef90_UPI00058F881E	57.24	159	149
UniRef90_A0A0L6JSW9	53.85	159	149
UniRef90_A0A0L0WE21	51.03	159	149
UniRef90_UPI0002887C8A	53.79	159	149
UniRef90_UPI0003708111	53.10	159	149
UniRef90_UPI00067F6B0A	58.62	159	149
UniRef90_UPI00036A392B	48.97	159	145
UniRef90_D8GKY8	51.72	159	149
UniRef90_A0A099SF72	56.94	159	149
UniRef90_A8MJX2	54.48	159	149
UniRef90_B5CQF6	60.00	159	148
UniRef90_A0Q307	52.41	159	149
UniRef90_A0A0L8F0W1	54.48	159	149
UniRef90_UPI0003FF1A0C	54.48	159	145
UniRef90_E4Q4C9	55.86	159	148
UniRef90_R7RMN6	53.79	159	149
UniRef90_A0A0K2LBC8	67.12	159	167
UniRef90_A0A0C1R467	55.17	159	149
UniRef90_Q97F72	53.10	159	152
UniRef90_R5AWQ8	55.94	159	146
UniRef90_UPI0006D783A0	55.17	159	148
UniRef90_V6MBN6	52.08	159	147
UniRef90_Q3A933	60.69	159	159
UniRef90_D4M258	60.69	159	147
UniRef90_D9STL8	53.79	159	149
UniRef90_F0S2J4	53.10	159	148
UniRef90_UPI000509CF14	52.41	159	149
UniRef90_UPI00065E4BEB	52.78	159	148
UniRef90_B1KSR6	52.41	159	145
UniRef90_A4XIR8	56.94	159	150
UniRef90_UPI0004889B4F	53.47	159	149
UniRef90_I0GIH6	53.10	159	146
UniRef90_J3AY46	50.00	159	151
UniRef90_UPI000422E3AF	48.28	159	147
UniRef90_C9RAD7	57.24	159	149
UniRef90_Q8RD95	50.35	159	302
UniRef90_A0A084J7R6	54.48	159	149
UniRef90_T0NH09	53.10	159	149
UniRef90_A3DIL8	57.93	159	149
UniRef90_B8CZ23	53.33	159	322
UniRef90_UPI000495FC09	53.10	159	149
UniRef90_B9DX76	52.41	159	154
UniRef90_B1B8L2	51.72	159	149
UniRef90_UPI0003A398ED	49.66	159	150
UniRef90_UPI0006B4D7BE	50.35	159	148
UniRef90_E7GN06	60.42	159	147
UniRef90_U4P1W5	51.72	159	154
UniRef90_W4F356	51.03	159	146
UniRef90_A0A0L6Z5X7	51.72	159	149
UniRef90_W6N4G1	53.10	159	149
UniRef90_UPI0003037E00	50.00	159	151
UniRef90_A0A075KID5	55.63	159	145
UniRef90_UPI0003B2F872	52.41	159	153
UniRef90_E4QEB5	55.86	159	148
UniRef90_F7JKQ4	59.31	159	148
UniRef90_A0A0A3IBH2	48.28	159	145
UniRef90_UPI00047D57BB	46.90	159	148
UniRef90_Q2RFW5	51.33	159	181
UniRef90_I8R249	54.48	159	150
UniRef90_UPI000287E20F	50.69	159	147
UniRef90_F9N7B1	53.79	159	145
UniRef90_L0KBH5	50.34	159	145
UniRef90_M5JET4	47.59	159	147
UniRef90_B9MPJ5	54.48	159	148
UniRef90_A0A098EJF8	51.72	159	145
UniRef90_D7GT22	62.76	159	146
UniRef90_A0A090J356	50.34	159	146
UniRef90_UPI0005AA7C82	51.39	159	145
UniRef90_I3EBL1	47.92	159	148
UniRef90_UPI000404C6B6	53.79	159	148
UniRef90_C5D9M7	52.41	159	148
UniRef90_D1AQL0	63.45	159	147
UniRef90_UPI0006C0F0D6	50.34	159	149
UniRef90_C6PVE0	53.10	159	149
UniRef90_A0A061N3Y9	50.34	159	146
UniRef90_C0C0X0	62.67	159	157
UniRef90_A0A0A8JHL7	49.66	159	145
UniRef90_E5XIT4	63.45	159	146
UniRef90_R5DFR2	62.07	159	148
UniRef90_F1TDN5	53.15	159	149
UniRef90_UPI00040AFB5B	49.30	159	142
UniRef90_U1Y484	49.33	159	157
UniRef90_UPI000289DDC0	54.17	159	146
UniRef90_A0A017RZI9	51.72	159	149
UniRef90_R7LSZ3	55.00	159	144
UniRef90_L0EI23	52.05	159	149
UniRef90_R5YVQ3	71.03	159	147
UniRef90_R7AGB1	62.07	159	147
UniRef90_A0A0G3Y454	50.34	159	147
UniRef90_B9E8F7	47.22	159	148
UniRef90_UPI0005B28F18	51.39	159	149
UniRef90_UPI0005507021	50.69	159	151
UniRef90_R5N6L8	69.66	159	150
UniRef90_A0A061PHU1	51.72	159	145
UniRef90_A0A0K9G9M8	49.66	159	145
UniRef90_UPI0004699DB8	50.00	159	146
UniRef90_E8T2X3	54.48	159	150
UniRef90_R5XYU8	60.00	159	148
UniRef90_A0A0J8D9R2	50.34	159	149
UniRef90_UPI0005A87906	49.66	159	148
UniRef90_Q898Y0	54.48	159	149
UniRef90_UPI0002191AD4	65.07	159	166
UniRef90_A0A074MBR1	51.72	159	156
UniRef90_G8M1U7	53.10	159	149
UniRef90_B0G4B9	59.48	159	154
UniRef90_D3PBK5	51.03	159	159
UniRef90_F5SH20	51.39	159	146
UniRef90_UPI0006B6399F	51.39	159	145
UniRef90_UPI0002E17E0E	66.90	159	145
UniRef90_UPI00047DF2B4	53.79	159	149
UniRef90_UPI00047CA37B	50.34	159	146
UniRef90_UPI0006EC05B3	48.97	159	149
UniRef90_A0A0A3J620	50.00	159	145
UniRef90_D9S004	53.79	159	146
UniRef90_UPI00047F3E09	48.28	159	145
UniRef90_F3BBH8	59.31	159	146
UniRef90_UPI0004E19601	58.62	159	147
UniRef90_W7LJ94	50.69	159	146
UniRef90_D4CH16	62.07	159	146
UniRef90_UPI00040370FD	49.30	159	142
UniRef90_UPI0002FF9E0B	50.00	159	145
UniRef90_E5WGQ2	50.00	159	146
UniRef90_UPI0006C779E8	60.69	159	146
UniRef90_U2EKM4	52.41	159	149
UniRef90_UPI00041F4B6D	63.45	159	161
UniRef90_UPI000344F105	63.45	159	153
UniRef90_UPI000498549A	55.17	159	148
UniRef90_UPI00067E9A90	48.97	159	150
UniRef90_UPI00036869CE	66.90	159	156
UniRef90_F9DRB6	48.28	159	146
UniRef90_A0A0B8QXG3	64.83	159	145
UniRef90_UPI00034977C0	50.34	159	145
UniRef90_UPI0004728DF7	59.72	159	158
UniRef90_A0A0A6VEL3	44.83	159	148
UniRef90_A0A097R4K0	73.29	159	147
UniRef90_UPI00051C14F7	60.69	159	148
UniRef90_Q9K6G2	48.61	159	145
UniRef90_A0A089RF02	82.76	159	149
UniRef90_UPI00030E55D4	65.52	159	152
UniRef90_X2GNG6	48.97	159	145
UniRef90_A6TK50	54.86	159	149
UniRef90_A0A089UAD7	82.07	159	149
UniRef90_UPI000467BD18	62.07	159	149
UniRef90_A0A0M4FTK8	48.97	159	148
UniRef90_A0A0N0HED1	50.69	159	149
UniRef90_D9TSZ4	52.45	159	150
UniRef90_UPI0003F69635	48.97	159	149
UniRef90_C0QQE3	54.48	159	148
UniRef90_UPI0002896981	47.59	159	149
UniRef90_A0A0A3IYW3	52.08	159	145
UniRef90_UPI00047E3D17	52.41	159	149
UniRef90_H0UAM0	49.31	159	151
UniRef90_H3NQ99	66.90	159	149
UniRef90_D7AR61	45.81	159	302
UniRef90_UPI000488F78A	56.55	159	149
UniRef90_UPI0004964544	54.48	159	150
UniRef90_A0A0M4R972	52.78	159	147
UniRef90_G7LT13	80.14	159	150
UniRef90_UPI0006D201C0	52.08	159	145
UniRef90_A0A0C2QZ26	50.00	159	147
UniRef90_S0FTX5	51.75	159	149
UniRef90_A0A094JMC7	52.41	159	147
UniRef90_A0A0M5JCB8	51.03	159	145
UniRef90_UPI00030C14C6	48.28	159	150
UniRef90_K1KPK9	53.79	159	146
UniRef90_K5TV27	66.21	159	146
UniRef90_N9VN73	60.00	159	151
UniRef90_UPI0004789A82	53.15	159	146
UniRef90_UPI00051A548B	51.39	159	148
UniRef90_A8AMZ5	85.03	159	151
UniRef90_A0A0J5SFI2	46.90	159	146
UniRef90_UPI000409E761	50.34	159	150
UniRef90_R4JX97	53.10	159	147
UniRef90_UPI0006CF6059	51.39	159	150
UniRef90_E3PTP5	50.69	159	151
UniRef90_UPI0005CBDF83	49.31	159	145
UniRef90_L0X2K3	60.00	159	149
UniRef90_D5DWH5	47.22	159	153
UniRef90_R6HAF6	57.64	159	147
UniRef90_R6I7P6	54.86	159	147
UniRef90_M1ZAL9	50.00	159	155
UniRef90_UPI00030532B0	47.59	159	148
UniRef90_G2S1H8	82.88	159	149
UniRef90_UPI0006C7C996	50.70	159	146
UniRef90_W0DGC1	54.48	159	148
UniRef90_UPI0003737720	48.97	159	156
UniRef90_UPI0004823159	49.66	159	148
UniRef90_N0B7K2	48.28	159	148
UniRef90_C5ERY6	62.07	159	146
UniRef90_A0A037Z0R1	54.86	159	149
UniRef90_UPI00047B5A61	51.72	159	149
UniRef90_I4X6M7	46.90	159	145
UniRef90_UPI0005CCEE40	48.28	159	148
UniRef90_Q67LX4	67.59	159	154
UniRef90_UPI00018513B0	50.34	159	146
UniRef90_UPI0004704C11	48.97	159	146
UniRef90_F6CQ45	51.39	159	155
UniRef90_R7K8B4	51.03	159	149
UniRef90_D3SPV9	53.10	159	148
UniRef90_D9QTZ6	47.22	159	144
UniRef90_G5JJR1	66.21	159	149
UniRef90_A0A0J5GYX3	47.59	159	145
UniRef90_D3T5F6	48.97	159	302
UniRef90_X0SMD4	47.59	159	145
UniRef90_B0K1G1	48.95	159	148
UniRef90_UPI0003F6C828	51.70	159	148
UniRef90_W6T3Z8	70.34	159	166
UniRef90_B6G0L4	53.42	159	155
UniRef90_UPI0004906569	51.03	159	146
UniRef90_A5CYB8	49.66	159	153
UniRef90_UPI00030CA5C5	48.97	159	146
UniRef90_T4VLJ6	50.00	159	148
UniRef90_R5DQU7	50.00	159	142
UniRef90_A0AGJ1	66.21	159	146
UniRef90_UPI0003090BDF	46.21	159	147
UniRef90_A0A0B5IFR0	78.08	159	149
UniRef90_A3IER3	49.66	159	145
UniRef90_A0A0D1D5J1	81.51	159	149
UniRef90_A8UWV9	57.24	159	148
UniRef90_A5Z733	64.14	159	150
UniRef90_G2ZCZ8	68.06	159	149
UniRef90_A0A033UQ62	48.94	159	145
UniRef90_A0A0C2S6U5	48.28	159	147
UniRef90_F8FH42	47.95	159	152
UniRef90_UPI0004214199	47.59	159	148
UniRef90_A0A085IVT6	79.45	159	149
UniRef90_UPI00068A7332	50.70	159	142
UniRef90_A0A094XE32	49.31	159	145
UniRef90_W4Q555	45.83	159	145
UniRef90_F3ZX18	54.55	159	159
UniRef90_D7N784	54.48	159	147
UniRef90_E3GQ17	53.10	159	149
UniRef90_B0AD30	50.00	159	150
UniRef90_E4KMI8	51.77	159	145
UniRef90_E8LFU2	51.37	159	148
UniRef90_B8E007	52.41	159	148
UniRef90_A0A037Z4K1	59.44	159	148
UniRef90_A0A0M2STQ3	48.97	159	146
UniRef90_UPI0006D53A23	52.08	159	152
UniRef90_F7NIR5	53.85	159	146
UniRef90_P37351	100.00	159	149
UniRef90_A0A0K2SP97	50.00	159	320
UniRef90_D3G0G7	50.69	159	145
UniRef90_UPI00058D1BE3	49.66	159	146
UniRef90_A0A0F7HMT6	51.41	159	142
UniRef90_A0A078M764	46.48	159	142
UniRef90_A0A0H4KA98	50.34	159	150
UniRef90_A0A069RCL9	51.63	159	159
UniRef90_A0A0J5R0K6	51.39	159	145
UniRef90_S0RX31	65.73	159	143
UniRef90_A0A0H3IY01	54.17	159	146
UniRef90_UPI0005941FD7	51.72	159	148
UniRef90_UPI000483F6EE	60.14	159	150
UniRef90_R5YNA7	61.38	159	150
UniRef90_R6NK59	53.52	159	145
UniRef90_R6W6X6	61.38	159	146
UniRef90_A0A077J6X6	47.59	159	148
UniRef90_D9R0H3	59.31	159	147
UniRef90_C4L7G2	68.97	159	155
UniRef90_B0NG93	61.38	159	146
UniRef90_D2TQ02	84.25	159	147
UniRef90_UPI0003677122	51.03	159	152
UniRef90_R9MH40	65.52	159	146
UniRef90_A0A072NLQ5	47.59	159	146
UniRef90_R6BJJ4	53.15	159	148
UniRef90_A0A0F2PRF1	51.72	159	154
UniRef90_A0A0M0EPL0	48.61	159	148
UniRef90_W0EC01	54.17	159	149
UniRef90_UPI00046F1888	65.52	159	145
UniRef90_UPI0006E12802	52.08	159	149
UniRef90_A0A0J1YLN9	81.51	159	149
UniRef90_A0A0C2HA93	50.00	159	142
UniRef90_UPI0004159FEA	49.31	159	145
UniRef90_C0DB74	62.76	159	146
UniRef90_E6TXC0	49.66	159	150
UniRef90_F0YUD6	55.63	159	146
UniRef90_A0A084HAL8	48.97	159	146
UniRef90_UPI0006A7D884	51.39	159	149
UniRef90_UPI00047E27D8	51.72	159	150
UniRef90_A0A0B0I8W0	51.37	159	151
UniRef90_A0A0C2UM04	49.32	159	152
UniRef90_A0A0D0QMT0	51.06	159	142
UniRef90_UPI00047DF963	49.66	159	148
UniRef90_A0A0K9G8D0	49.66	159	148
UniRef90_I9NN50	52.82	159	145
UniRef90_UPI00047342EF	51.03	159	145
UniRef90_A0A0H4PLE5	46.26	159	157
UniRef90_UPI00047B7CBF	48.28	159	148
UniRef90_R6DS35	52.14	159	142
UniRef90_UPI0002899F74	50.00	159	149
UniRef90_R7JZG2	48.94	159	142
UniRef90_UPI000373B5B9	65.75	159	165
UniRef90_A0A0M2SQB9	52.82	159	142
UniRef90_G5IM21	61.38	159	146
UniRef90_E2ZIY9	51.03	159	148
UniRef90_M7NH64	49.66	159	145
UniRef90_UPI0005F87292	46.90	159	149
UniRef90_R5LF20	60.00	159	149
UniRef90_A0A0F9JMX5	52.45	159	155
UniRef90_UPI0004AF42C7	51.72	159	151
UniRef90_R2Q144	67.59	159	146
UniRef90_UPI0004127E0F	47.59	159	146
UniRef90_A0A0B6IAZ4	80.69	159	151
UniRef90_F4A0Q1	59.44	159	147
UniRef90_D5U5I0	60.69	159	149
UniRef90_R4KDZ4	49.31	159	149
UniRef90_C6D5G4	51.37	159	152
UniRef90_UPI0003B70359	50.00	159	145
UniRef90_D1AKE7	50.70	159	143
UniRef90_A0A0N0KQJ9	64.58	159	148
UniRef90_G7MBR2	52.41	159	146
UniRef90_UPI0004091EA7	47.26	159	152
UniRef90_A0A0B9G5Q9	63.45	159	149
UniRef90_UPI0003728F32	64.14	159	148
UniRef90_E5BEL8	55.17	159	147
UniRef90_A0A0K2FZP9	52.41	159	149
UniRef90_R6T7D6	53.79	159	145
UniRef90_A0A0B3VV42	50.68	159	150
UniRef90_S6FPJ8	49.66	159	149
UniRef90_UPI00051C5917	48.28	159	146
UniRef90_UPI0004140DB7	61.54	159	150
UniRef90_A6LM85	48.97	159	145
UniRef90_C0E9M2	52.45	159	145
UniRef90_C6JH50	52.14	159	143
UniRef90_A0A098F3I3	47.59	159	148
UniRef90_G8LIC9	82.88	159	149
UniRef90_UPI0003730BA1	47.92	159	148
UniRef90_U5LGN6	46.21	159	146
UniRef90_A7HL60	51.03	159	145
UniRef90_UPI000648DB4F	55.86	159	152
UniRef90_A0A0B5WQA3	49.66	159	146
UniRef90_UPI000409304F	48.63	159	152
UniRef90_B0P4Z5	51.02	159	305
UniRef90_A7VGZ8	50.00	159	170
UniRef90_M1ZAN7	49.32	159	151
UniRef90_F0YT89	56.08	159	152
UniRef90_UPI000466582B	50.68	159	151
UniRef90_UPI000553CBB4	64.14	159	147
UniRef90_A0A090JMJ5	55.86	159	149
UniRef90_UPI0003B3DC3A	53.10	159	145
UniRef90_A0A0J1DK71	62.50	159	145
UniRef90_R7IM60	52.48	159	142
UniRef90_D0GP81	64.34	159	143
UniRef90_A0A0D6ZBP5	47.59	159	147
UniRef90_A0A0L6U3K6	47.59	159	150
UniRef90_A0A0A8X0B2	48.28	159	146
UniRef90_K6P0N9	52.08	159	389
UniRef90_A0A0F4LL62	66.43	159	176
UniRef90_UPI0003B61ACE	47.59	159	147
UniRef90_W7YSM0	51.37	159	151
UniRef90_G7WHI6	51.03	159	149
UniRef90_UPI00037185F6	52.78	159	146
UniRef90_R5NGY4	51.06	159	142
UniRef90_A0A060LYE7	48.28	159	148
UniRef90_A0A090PA10	67.59	159	146
UniRef90_J7J215	51.72	159	149
UniRef90_UPI0003B56103	48.28	159	146
UniRef90_K1SJ48	52.78	159	152
UniRef90_B1C4E6	54.17	159	147
UniRef90_R6MZE4	50.35	159	142
UniRef90_A0A075LTV4	46.90	159	146
UniRef90_UPI0005CC994C	46.21	159	148
UniRef90_UPI00040198AE	58.16	159	141
UniRef90_G0V4H0	47.59	159	149
UniRef90_E9S7I4	49.66	159	146
UniRef90_R7MGC1	49.65	159	145
UniRef90_A0A0J1DM52	53.90	159	143
UniRef90_A0A090SAJ9	64.83	159	146
UniRef90_W4VGJ8	46.90	159	146
UniRef90_A0A0B5AUF5	46.53	159	146
UniRef90_D3EMJ8	52.05	159	154
UniRef90_UPI0003FA6D37	47.22	159	145
UniRef90_G4D3S4	54.48	159	145
UniRef90_A0A023CXJ1	60.00	159	169
UniRef90_A0A0D3VDG5	50.00	159	151
UniRef90_A0A0J1FUV2	50.69	159	149
UniRef90_C8VZA1	50.00	159	149
UniRef90_W4QPP0	46.53	159	145
UniRef90_Q1IS85	52.41	159	152
UniRef90_I8UA68	50.69	159	145
UniRef90_A5ZV85	51.77	159	153
UniRef90_A0A078M2W2	48.61	159	149
UniRef90_R7BSV1	50.68	159	148
UniRef90_A0A0F2S8X2	52.78	159	151
UniRef90_UPI000552A7A8	51.75	159	143
UniRef90_R5RY89	49.31	159	145
UniRef90_UPI0003FD4409	46.15	159	143
UniRef90_UPI00047A30EB	52.41	159	147
UniRef90_UPI0004207775	48.63	159	152
UniRef90_E0NKN8	55.17	159	147
UniRef90_UPI00036069C6	45.89	159	152
UniRef90_G2FTN7	50.69	159	146
UniRef90_K2PD49	49.66	159	145
UniRef90_T0ICD7	50.34	159	147
UniRef90_UPI0006BB5F71	51.43	159	141
UniRef90_UPI0006CFC4B5	47.26	159	152
UniRef90_C0GGE0	51.39	159	155
UniRef90_UPI00047E259A	60.14	159	149
UniRef90_UPI000374E2CB	48.97	159	150
UniRef90_UPI00061973EC	50.00	159	150
UniRef90_N0B4A6	51.72	159	153
UniRef90_A0A015LSM4	50.00	159	152
UniRef90_U2NJ36	51.03	159	148
UniRef90_K0JK12	57.93	159	149
UniRef90_UPI00037FFCF2	51.77	159	142
UniRef90_A0A031WI87	50.00	159	150
UniRef90_UPI00070521D6	65.52	159	145
UniRef90_E0E3E4	51.72	159	148
UniRef90_R7G638	48.97	159	149
UniRef90_L8Q2H1	45.95	159	201
UniRef90_UPI00048EFBB1	48.97	159	146
UniRef90_A6LPY7	51.72	159	149
UniRef90_A0A090TAN0	67.13	159	150
UniRef90_UPI0004153BEB	54.48	159	150
UniRef90_A0A0B0IC06	47.22	159	145
UniRef90_A0A0M2PG13	48.28	159	148
UniRef90_R5Q4F1	50.34	159	146
UniRef90_D5WX73	46.90	159	162
UniRef90_R5WSK0	54.29	159	143
UniRef90_W1SBS3	48.28	159	148
UniRef90_R5NNK8	53.57	159	141
UniRef90_D6Y0T2	45.52	159	150
UniRef90_UPI00064F03AC	64.83	159	165
UniRef90_A0A0C2QEU5	47.59	159	152
UniRef90_R6DNN6	52.38	159	150
UniRef90_G0VML7	49.66	159	145
UniRef90_U7UFQ0	54.93	159	143
UniRef90_G4Q3S0	52.74	159	146
UniRef90_S2YIS4	47.59	159	146
UniRef90_B2A3H7	42.95	159	162
UniRef90_C0CMF9	51.77	159	143
UniRef90_P39156	46.58	159	149
UniRef90_H3SQ39	49.32	159	152
UniRef90_W7YVP5	51.72	159	148
UniRef90_X1WQA7	48.61	159	711
UniRef90_U2FJN5	51.05	159	145
UniRef90_A0A0M2NH54	52.05	159	150
UniRef90_L0FD06	54.48	159	149
UniRef90_A0A0F2JFW0	53.10	159	149
UniRef90_UPI0004812D9E	51.06	159	143
UniRef90_C6J1G1	46.21	159	150
UniRef90_UPI0006A79490	47.26	159	152
UniRef90_R7I0L2	51.77	159	142
UniRef90_A0A0E9G183	48.61	159	146
UniRef90_A0A081P3D7	47.26	159	152
UniRef90_A2RJU5	65.97	159	149
UniRef90_E4TFN7	48.97	159	156
UniRef90_C7H4A2	50.69	159	148
UniRef90_UPI0003A33621	44.83	159	146
UniRef90_UPI0006D537EA	48.28	159	149
UniRef90_I4DCF0	50.69	159	149
UniRef90_H6LFS6	50.34	159	149
UniRef90_UPI00038020A7	47.18	159	142
UniRef90_A0A031WJA6	51.03	159	148
UniRef90_N2AGY1	59.03	159	149
UniRef90_B9LAE3	48.94	159	142
UniRef90_UPI00067A9C7A	46.90	159	149
UniRef90_E4L876	51.72	159	150
UniRef90_A0A0F7HFU2	69.44	159	147
UniRef90_UPI000381C3C1	45.89	159	150
UniRef90_R5SUB1	51.77	159	142
UniRef90_R6IP02	51.39	159	150
UniRef90_A6Q2W3	53.42	159	146
UniRef90_C6JLT4	47.55	159	143
UniRef90_UPI0004BA4DE9	56.55	159	145
UniRef90_UPI0004B516C5	47.26	159	152
UniRef90_D4JJ03	56.94	159	147
UniRef90_UPI00070537D3	54.73	159	184
UniRef90_A0A0B2FDI9	66.67	159	149
UniRef90_V3TKS3	64.58	159	151
UniRef90_E6SLL6	53.15	159	372
UniRef90_R6E2A6	49.65	159	143
UniRef90_H2J6P2	49.66	159	147
UniRef90_R2TIB5	65.97	159	145
UniRef90_G7VX83	67.59	159	149
UniRef90_UPI00040038D4	50.35	159	143
UniRef90_E2ZB00	51.01	159	157
UniRef90_R6AHH5	48.28	159	147
UniRef90_A0A086YS26	49.65	159	150
UniRef90_C3WBW0	51.05	159	143
UniRef90_H1CYN2	47.59	159	150
UniRef90_A0A094YYN4	49.66	159	145
