UniRef90_P46844	100.00	292	295
UniRef90_Q9CY64	89.73	292	295
UniRef90_UPI00022F3BA4	88.66	292	295
UniRef90_P53004	83.90	292	296
UniRef90_UPI0004ED2D42	82.88	292	296
UniRef90_UPI0003F0C0AA	80.48	292	296
UniRef90_U3DF20	82.19	292	296
UniRef90_UPI00045E4CA1	84.03	292	319
UniRef90_UPI00044465EE	77.40	292	423
UniRef90_F1PCM1	80.89	292	296
UniRef90_A5D7K0	81.16	292	296
UniRef90_UPI00038E9A7F	78.84	292	296
UniRef90_G1SRZ6	80.55	292	425
UniRef90_H0WIX8	80.14	292	296
UniRef90_UPI00045DCD98	81.60	292	473
UniRef90_UPI0003F128A0	79.45	292	296
UniRef90_H0VBM8	79.45	292	295
UniRef90_UPI0002C31D63	77.59	292	353
UniRef90_UPI00064C1BAA	77.47	292	296
UniRef90_UPI000333D61A	77.05	292	296
UniRef90_G1PAT5	78.47	292	289
UniRef90_UPI00042BBDA6	78.62	292	309
UniRef90_L9KSV6	81.11	292	273
UniRef90_L5KU07	76.47	292	295
UniRef90_UPI00059AC9B1	81.20	292	254
UniRef90_UPI0004DFE5B9	76.04	292	322
UniRef90_G3QH85	74.57	292	298
UniRef90_UPI0006D74741	78.00	292	251
UniRef90_UPI00064D4297	72.26	292	474
UniRef90_S9YLC2	70.89	292	314
UniRef90_F7B4A8	68.97	292	323
UniRef90_UPI0006D71EE4	68.84	292	265
UniRef90_UPI0003EC0F3C	70.14	292	278
UniRef90_UPI0003C119B3	66.10	292	250
UniRef90_W5P4X0	65.75	292	274
UniRef90_UPI00062A949F	81.25	292	222
UniRef90_A0A093CYE7	57.34	292	300
UniRef90_G5AV43	62.19	292	400
UniRef90_F1NAF5	58.19	292	296
UniRef90_A0A099ZP04	57.44	292	297
UniRef90_A0A091PY38	57.09	292	300
UniRef90_K7GJJ0	56.79	292	296
UniRef90_F6T8F5	59.14	292	295
UniRef90_UPI0003D0959A	55.97	292	359
UniRef90_M7C6L2	55.52	292	461
UniRef90_G1KTZ4	54.77	292	299
UniRef90_S7MM01	78.76	292	194
UniRef90_A0A0B8RSF1	52.96	292	296
UniRef90_UPI000454435E	55.76	292	277
UniRef90_A9UM16	51.92	292	290
UniRef90_L5M3R2	60.76	292	250
UniRef90_G3VB96	69.38	292	214
UniRef90_H2TXU8	54.17	292	298
UniRef90_UPI00035997A5	54.42	292	286
UniRef90_UPI0004D098C6	78.69	292	191
UniRef90_UPI000644157F	53.50	292	291
UniRef90_I3JGI4	52.54	292	298
UniRef90_UPI0006B752B6	51.94	292	297
UniRef90_A0A0F8BXW0	51.74	292	289
UniRef90_W5LJ87	51.71	292	298
UniRef90_Q08CI5	52.41	292	292
UniRef90_G3PNP9	51.70	292	297
UniRef90_A0A060Y459	51.75	292	328
UniRef90_W5MXM7	51.72	292	292
UniRef90_M3ZFM1	51.90	292	299
UniRef90_H2LHK8	52.25	292	300
UniRef90_UPI00045716CB	51.82	292	309
UniRef90_A0A0G2CPX3	49.19	292	390
UniRef90_UPI000496CB6E	52.26	292	349
UniRef90_H3CCQ9	52.38	292	298
UniRef90_UPI000576DA4F	47.90	292	297
UniRef90_E3TGJ1	50.17	292	291
UniRef90_V9LCP3	53.22	292	238
UniRef90_H0ZXE9	59.31	292	205
UniRef90_A0A091QJ30	58.49	292	218
UniRef90_UPI000644A59B	49.43	292	275
UniRef90_UPI0006520DE7	59.52	292	191
UniRef90_V8NC54	55.39	292	205
UniRef90_UPI0004A49A9A	46.34	292	249
UniRef90_A0A096LTS8	55.50	292	233
UniRef90_UPI00054B1D1D	50.43	292	238
UniRef90_A2ASB8	90.68	292	140
UniRef90_UPI0006504D36	63.31	292	260
UniRef90_Q3TS98	91.38	292	290
UniRef90_UPI0004D0A15E	76.12	292	140
UniRef90_M3X232	75.57	292	147
UniRef90_UPI0003EBF3D5	52.27	292	200
UniRef90_UPI0006D7466A	85.19	292	82
UniRef90_UPI00065B6731	32.97	292	289
UniRef90_A0A060Z998	51.59	292	168
UniRef90_S7P4X5	67.03	292	105
UniRef90_A0A060XI41	52.73	292	136
UniRef90_R7T7C7	31.92	292	331
UniRef90_UPI0002240B28	71.05	292	80
UniRef90_K1R0U7	29.03	292	304
UniRef90_UPI0006746E75	31.27	292	255
UniRef90_A0A0L8FYE9	32.85	292	324
UniRef90_R7VKX2	34.85	292	304
UniRef90_G3VB31	69.51	292	85
UniRef90_R7TTA2	32.23	292	653
UniRef90_UPI00034D766E	29.17	292	322
UniRef90_UPI000525A93D	28.18	292	332
UniRef90_A0A0B7AME5	48.45	292	149
UniRef90_UPI0003456CA9	28.94	292	331
UniRef90_K9ETN9	26.64	292	319
UniRef90_A0A077JEU6	27.17	292	341
UniRef90_UPI000463898D	26.81	292	322
UniRef90_R7TPC9	29.57	292	395
UniRef90_K9YLN7	27.18	292	332
UniRef90_B4VUA1	25.17	292	325
UniRef90_A0A0C1UEI2	27.30	292	329
UniRef90_UPI000495459E	28.04	292	330
UniRef90_B7K2D5	30.46	292	342
UniRef90_G5E1L6	49.33	292	75
UniRef90_UPI0002ACC5BB	26.09	292	328
UniRef90_UPI0004E380AC	27.59	292	333
UniRef90_A0A0F5YJ59	26.51	292	339
UniRef90_B1XJL6	26.01	292	314
UniRef90_A0A0D6ABK3	26.03	292	330
UniRef90_UPI00036E3B0E	28.08	292	341
UniRef90_L8N0K2	25.69	292	334
UniRef90_K9RGZ3	32.61	292	318
UniRef90_A0YMA3	25.17	292	342
UniRef90_K9WGN4	30.20	292	333
UniRef90_UPI00056AF63D	28.33	292	325
UniRef90_A0A0C2LDP3	29.74	292	324
UniRef90_L8AEV5	30.81	292	328
UniRef90_E0UHK1	30.24	292	325
UniRef90_U5D8H1	33.58	292	367
UniRef90_A0A0B0QPU9	26.55	292	332
UniRef90_UPI00047D56B2	25.35	292	326
UniRef90_K9SXV4	27.30	292	325
UniRef90_K9VT68	27.88	292	331
UniRef90_UPI0003807E90	26.22	292	319
UniRef90_K9YVD1	29.96	292	326
UniRef90_L8LP32	29.32	292	333
UniRef90_A0A0C1WMN0	28.27	292	325
UniRef90_D7DYI7	29.89	292	335
UniRef90_B4WFX3	29.41	292	329
UniRef90_D4TJ39	27.78	292	333
UniRef90_UPI0003FD6DFF	29.63	292	332
UniRef90_K9PY56	26.56	292	317
UniRef90_B7KC99	27.55	292	336
UniRef90_UPI00056D1C1E	30.16	292	323
UniRef90_G6FT42	26.28	292	327
UniRef90_K8GQK3	31.12	292	320
UniRef90_K9ZCA6	29.53	292	335
UniRef90_A0A0D6KQG5	32.00	292	334
UniRef90_A0A0M3V516	25.24	292	324
UniRef90_A0A0D6ATA0	25.43	292	330
UniRef90_A0A0D8ZPK8	25.93	292	332
UniRef90_UPI0002ED1FF1	26.26	292	331
UniRef90_F4XZZ8	26.06	292	329
UniRef90_B0JKF7	29.95	292	332
UniRef90_Q3MF57	25.68	292	329
UniRef90_K9SJT4	28.91	292	325
UniRef90_A0A0M1JLZ6	26.13	292	328
UniRef90_UPI000475EBF9	31.44	292	335
UniRef90_K9PUG0	26.78	292	334
UniRef90_F5UHV6	24.56	292	337
UniRef90_Q2JLK9	29.44	292	324
UniRef90_A0ZGQ3	26.58	292	348
UniRef90_L8M5K3	26.77	292	324
UniRef90_UPI000361B988	28.27	292	328
UniRef90_UPI0003817A19	27.80	292	334
UniRef90_K9YFP9	29.52	292	326
UniRef90_UPI0002EEC204	26.84	292	342
UniRef90_UPI0003007903	28.75	292	336
UniRef90_K9QD97	27.59	292	324
UniRef90_G2LG18	25.69	292	328
UniRef90_P46844	100.00	292	295
UniRef90_UPI00044465EE	77.40	292	423
UniRef90_UPI0003F0C0AA	80.20	292	296
UniRef90_F1PCM1	80.89	292	296
UniRef90_P53004	83.90	292	296
UniRef90_Q9CY64	89.73	292	295
UniRef90_UPI0002C31D63	76.71	292	353
UniRef90_A5D7K0	81.16	292	296
UniRef90_U3DF20	82.19	292	296
UniRef90_UPI00022F3BA4	88.36	292	295
UniRef90_UPI00038E9A7F	78.84	292	296
UniRef90_UPI00045E4CA1	83.45	292	319
UniRef90_UPI0004ED2D42	82.59	292	296
UniRef90_UPI00045DCD98	81.03	292	473
UniRef90_G1PAT5	78.47	292	289
UniRef90_H0WIX8	80.14	292	296
UniRef90_G1SRZ6	80.55	292	425
UniRef90_UPI00042BBDA6	78.62	292	309
UniRef90_M7C6L2	54.95	292	461
UniRef90_UPI000333D61A	76.79	292	296
UniRef90_UPI0003F128A0	79.18	292	296
UniRef90_H0VBM8	79.45	292	295
UniRef90_K7GJJ0	56.40	292	296
UniRef90_UPI00064C1BAA	77.47	292	296
UniRef90_A0A093CYE7	56.70	292	300
UniRef90_A0A091PY38	56.70	292	300
UniRef90_G3QH85	74.57	292	298
UniRef90_UPI0003D0959A	54.92	292	359
UniRef90_A0A099ZP04	57.04	292	297
UniRef90_F1NAF5	57.79	292	296
UniRef90_A0A0B8RSF1	52.60	292	296
UniRef90_L9KSV6	81.11	292	273
UniRef90_I3JGI4	52.36	292	298
UniRef90_L5KU07	76.21	292	295
UniRef90_G1KTZ4	53.42	292	299
UniRef90_UPI0006D74741	78.31	292	251
UniRef90_UPI00059AC9B1	81.53	292	254
UniRef90_A0A0F8BXW0	51.56	292	289
UniRef90_UPI0004DFE5B9	76.04	292	322
UniRef90_H2TXU8	53.98	292	298
UniRef90_UPI000644157F	53.31	292	291
UniRef90_F7B4A8	68.97	292	323
UniRef90_UPI0006B752B6	51.76	292	297
UniRef90_H2LHK8	52.07	292	300
UniRef90_G3PNP9	51.70	292	297
UniRef90_A0A060Y459	51.57	292	328
UniRef90_W5LJ87	51.72	292	298
UniRef90_UPI000496CB6E	51.54	292	349
UniRef90_UPI000576DA4F	47.39	292	297
UniRef90_A9UM16	51.56	292	290
UniRef90_UPI0006D71EE4	68.84	292	265
UniRef90_M3ZFM1	51.72	292	299
UniRef90_W5P4X0	65.75	292	274
UniRef90_S9YLC2	70.89	292	314
UniRef90_Q08CI5	52.26	292	292
UniRef90_UPI0003C119B3	66.10	292	250
UniRef90_UPI00064D4297	72.01	292	474
UniRef90_F6T8F5	58.63	292	295
UniRef90_UPI00035997A5	53.93	292	286
UniRef90_W5MXM7	51.21	292	292
UniRef90_A0A0G2CPX3	48.87	292	390
UniRef90_G5AV43	62.19	292	400
UniRef90_H3CCQ9	51.26	292	298
UniRef90_UPI0003EC0F3C	64.92	292	278
UniRef90_UPI00045716CB	51.45	292	309
UniRef90_E3TGJ1	49.48	292	291
UniRef90_UPI00062A949F	80.86	292	222
UniRef90_UPI000454435E	55.76	292	277
UniRef90_UPI000644A59B	49.43	292	275
UniRef90_UPI000475EBF9	23.58	292	335
UniRef90_K9QD97	25.00	292	324
UniRef90_A0A0M3V516	23.40	292	324
UniRef90_A0ZGQ3	24.84	292	348
UniRef90_G6FT42	23.81	292	327
UniRef90_UPI00047D56B2	24.13	292	326
UniRef90_Q3MF57	23.58	292	329
UniRef90_L5M3R2	60.76	292	250
UniRef90_S7MM01	78.76	292	194
UniRef90_UPI0004E380AC	23.96	292	333
UniRef90_UPI00036BC132	23.49	292	326
UniRef90_A0A091QJ30	57.82	292	218
UniRef90_K9ZCA6	23.49	292	335
UniRef90_K9WGN4	24.05	292	333
UniRef90_D7DYI7	25.08	292	335
UniRef90_UPI0003FD6DFF	24.03	292	332
UniRef90_A0A0B0QPU9	23.32	292	332
UniRef90_UPI0004A49A9A	46.02	292	249
UniRef90_K9VT68	22.44	292	331
UniRef90_V9LCP3	52.99	292	238
UniRef90_K9QP67	23.17	292	339
UniRef90_A0A0C1UEI2	25.08	292	329
UniRef90_A0A0M0SQZ7	23.22	292	334
UniRef90_K9X4E3	23.49	292	334
UniRef90_A0A0C1WMN0	23.10	292	325
UniRef90_G3VB96	69.05	292	214
UniRef90_K9PUG0	21.90	292	334
UniRef90_A0A0C1N8K6	23.00	292	333
UniRef90_B2J404	23.58	292	333
UniRef90_A0A0D6KQG5	24.92	292	334
UniRef90_UPI00054B1D1D	50.43	292	238
UniRef90_F5UHV6	21.90	292	337
UniRef90_A0A0C2LDP3	24.35	292	324
UniRef90_UPI000495459E	24.44	292	330
UniRef90_UPI00058DFBA5	23.32	292	343
UniRef90_A0YMA3	23.69	292	342
UniRef90_A0A0M1JLZ6	22.61	292	328
UniRef90_UPI000361B988	22.71	292	328
UniRef90_Q117L2	20.89	292	335
UniRef90_L8LP32	23.25	292	333
UniRef90_E0UHK1	23.82	292	325
UniRef90_A0A0D8ZPK8	22.83	292	332
UniRef90_A0A0F5YJ59	24.21	292	339
UniRef90_UPI0004D098C6	78.26	292	191
UniRef90_K9XB83	21.02	292	328
UniRef90_UPI0002ED1FF1	23.27	292	331
UniRef90_K9RGZ3	24.76	292	318
UniRef90_UPI0002ACC5BB	22.57	292	328
UniRef90_A0A098TNR1	23.00	292	337
UniRef90_B7K2D5	21.34	292	342
UniRef90_UPI000525A93D	24.76	292	332
UniRef90_UPI0003007903	21.90	292	336
UniRef90_B4VUA1	21.74	292	325
UniRef90_H0ZXE9	59.02	292	205
UniRef90_K9TCG0	21.97	292	333
UniRef90_F4XZZ8	23.00	292	329
UniRef90_UPI000463898D	25.08	292	322
UniRef90_D4TJ39	21.84	292	333
UniRef90_D8G714	21.04	292	319
UniRef90_UPI0003456CA9	23.96	292	331
UniRef90_A0A0C2QCZ7	23.55	292	323
UniRef90_B7KC99	23.03	292	336
UniRef90_UPI00056AF63D	23.81	292	325
UniRef90_K8GQK3	24.92	292	320
UniRef90_B1XJL6	24.19	292	314
UniRef90_UPI00034A9090	22.64	292	339
UniRef90_K9UWH9	23.96	292	333
UniRef90_V8NC54	55.12	292	205
UniRef90_K9PY56	21.34	292	317
UniRef90_A0A0D6ABK3	22.12	292	330
UniRef90_X5JY03	20.74	292	337
UniRef90_K9TMZ6	21.73	292	329
UniRef90_K9YVD1	25.32	292	326
UniRef90_L8M5K3	20.95	292	324
UniRef90_K9SAI1	22.61	292	345
UniRef90_A0A0D6ATA0	21.79	292	330
UniRef90_A0A096LTS8	55.50	292	233
UniRef90_B0JKF7	23.87	292	332
UniRef90_UPI000348B6E2	20.56	292	329
UniRef90_L8AEV5	23.03	292	328
UniRef90_K9YFP9	23.78	292	326
UniRef90_K9YLN7	22.61	292	332
UniRef90_A3IN28	20.00	292	332
UniRef90_B1WXX1	20.95	292	343
UniRef90_K9XWC7	23.57	292	334
UniRef90_A0A077JEU6	22.64	292	341
UniRef90_G5JDT3	20.00	292	341
UniRef90_K9Z546	22.83	292	321
UniRef90_A0A068MSF8	21.07	292	329
UniRef90_UPI00036E3B0E	22.98	292	341
UniRef90_L8N0K2	23.66	292	334
UniRef90_UPI0003807E90	23.00	292	319
UniRef90_UPI00056D1C1E	23.64	292	323
UniRef90_A0A073CVB0	21.38	292	340
UniRef90_UPI00034D766E	26.06	292	322
UniRef90_UPI0003738884	19.50	292	326
UniRef90_K9UH35	22.68	292	336
UniRef90_D5A108	20.31	292	339
UniRef90_UPI0002ACDFFA	21.45	292	332
UniRef90_UPI0002EEC204	21.47	292	342
UniRef90_UPI0006908B97	21.77	292	350
UniRef90_U5D8H1	20.89	292	367
UniRef90_K1R0U7	28.76	292	304
UniRef90_Q2JLK9	23.73	292	324
UniRef90_B4WFX3	22.96	292	329
UniRef90_UPI00065B6731	31.19	292	289
UniRef90_K9ETN9	23.05	292	319
UniRef90_K9SXV4	22.86	292	325
UniRef90_UPI00034CD11D	22.04	292	319
UniRef90_K9SJT4	24.44	292	325
UniRef90_UPI0003817A19	20.75	292	334
UniRef90_UPI0006520DE7	59.24	292	191
UniRef90_U9VSI3	21.61	292	321
UniRef90_UPI0003EBF3D5	51.98	292	200
UniRef90_R7T7C7	31.54	292	331
UniRef90_A0A0C1V986	22.12	292	347
UniRef90_UPI0006746E75	30.07	292	255
UniRef90_R7VKX2	26.97	292	304
UniRef90_Q7NMB6	19.61	292	332
UniRef90_A0A0L8FYE9	30.32	292	324
UniRef90_R7TPC9	26.32	292	395
UniRef90_UPI0006504D36	63.31	292	260
UniRef90_A0A060Z998	51.59	292	168
UniRef90_M3X232	75.57	292	147
UniRef90_R7TTA2	31.84	292	653
UniRef90_G2LG18	23.17	292	328
UniRef90_UPI0004D0A15E	75.56	292	140
UniRef90_U5QFE8	22.62	292	319
UniRef90_A2ASB8	90.68	292	140
UniRef90_Q3TS98	90.60	292	290
UniRef90_S7P4X5	63.54	292	105
UniRef90_A0A060XI41	52.73	292	136
UniRef90_T2IGL6	24.35	292	177
UniRef90_UPI0006D7466A	84.15	292	82
UniRef90_A0A0B7AME5	47.47	292	149
UniRef90_UPI0002240B28	68.35	292	80
UniRef90_G5E1L6	49.33	292	75
UniRef90_A0A0J1FQN8	25.00	292	353
UniRef90_UPI0004E0FB21	22.38	292	324
UniRef90_A0A0M0BJ70	21.09	292	318
UniRef90_UPI00040E6CA2	18.67	292	328
UniRef90_G3VB31	69.51	292	85
UniRef90_UPI00036227FC	25.52	292	383
UniRef90_UPI00036EA1F4	24.27	292	345
UniRef90_A0A0H3FTH0	23.53	292	360
UniRef90_K9X7W1	21.63	292	348
UniRef90_UPI0006FEBEF3	31.33	292	367
UniRef90_UPI00036F40BB	26.24	292	380
UniRef90_L0FU12	24.75	292	343
UniRef90_L0EDL8	26.34	292	351
UniRef90_C6W7R3	27.39	292	381
UniRef90_A7T143	28.99	292	232
UniRef90_I3ZEV4	32.20	292	363
UniRef90_A0A0A1B6N4	23.53	292	360
UniRef90_A0A069DE86	24.43	292	351
UniRef90_A0A0F3KU37	27.56	292	349
UniRef90_UPI0004708C3D	25.32	292	381
UniRef90_UPI0005B289B3	23.77	292	319
UniRef90_UPI00056E57DC	19.32	292	353
UniRef90_I0K6A2	28.70	292	381
UniRef90_H2JGL7	21.05	292	391
UniRef90_A0A0C1UZC8	25.12	292	397
UniRef90_UPI00055692D0	26.28	292	372
UniRef90_N9U676	28.30	292	347
UniRef90_D2QPD5	31.03	292	381
UniRef90_UPI000378EB04	25.00	292	343
UniRef90_V4NJW8	23.85	292	337
UniRef90_J5VEX6	24.88	292	355
UniRef90_A0A098C9H2	24.62	292	372
UniRef90_A0A075KFN1	24.05	292	382
UniRef90_A0A0C1ERV7	27.03	292	348
UniRef90_D1CDY3	22.91	292	344
UniRef90_Q6D7C7	23.60	292	383
UniRef90_E4RWV1	30.43	292	382
UniRef90_UPI000366F620	29.17	292	346
UniRef90_C8T653	24.12	292	319
UniRef90_Q6U201	26.14	292	165
UniRef90_UPI000493C279	23.04	292	355
UniRef90_R9MDL4	25.47	292	339
UniRef90_W4JT10	22.48	292	353
UniRef90_UPI000479F495	24.80	292	350
UniRef90_E8WVG3	22.67	292	357
UniRef90_A0A0E9MZN8	31.03	292	381
UniRef90_A0A0B5IQQ4	23.88	292	360
UniRef90_A0A085GBD1	22.89	292	360
UniRef90_UPI0007018479	23.81	292	352
UniRef90_UPI0004651C3B	20.45	292	365
UniRef90_UPI0004103132	25.88	292	350
UniRef90_Q7NSA4	24.51	292	347
UniRef90_A4XGK1	24.75	292	386
UniRef90_K8GMP2	21.84	292	388
UniRef90_D2ZC45	21.63	292	357
UniRef90_UPI0006894E7E	25.90	292	371
UniRef90_F5LSD5	21.98	292	386
UniRef90_A0A0C5VSQ0	22.27	292	332
UniRef90_R7PX43	21.23	292	318
UniRef90_UPI000560DF3A	22.14	292	347
UniRef90_UPI000695D9D3	26.25	292	340
UniRef90_UPI00045EB25C	25.93	292	353
UniRef90_UPI0005648E72	25.98	292	348
UniRef90_V4PWA5	24.88	292	335
UniRef90_H8MN86	28.30	292	350
UniRef90_A0A0J6NGV0	32.89	292	349
UniRef90_UPI00047E31F9	22.36	292	366
UniRef90_M8DG97	22.81	292	348
UniRef90_M5PBF2	24.26	292	354
UniRef90_UPI0001E89C6C	20.22	292	371
UniRef90_A0A0H6LGX7	22.60	292	198
UniRef90_E3GBD2	23.38	292	360
UniRef90_K1JWL2	27.14	292	349
UniRef90_UPI0006F8087A	22.53	292	346
UniRef90_UPI0003B75B3F	24.68	292	365
UniRef90_A0A0H4RFV5	21.40	292	344
UniRef90_UPI0006D5A05D	18.46	292	340
UniRef90_UPI00055BC17E	29.27	292	341
UniRef90_A0A023RGA9	27.10	292	349
UniRef90_UPI0001FAEC97	29.29	292	371
UniRef90_UPI0005097FD1	20.65	292	345
UniRef90_V4IUP2	23.73	292	326
UniRef90_UPI000497DA2A	23.50	292	355
UniRef90_E2SLB1	21.02	292	320
UniRef90_A0A085IC02	22.39	292	360
UniRef90_G2HZS7	23.19	292	362
UniRef90_G7DJB7	18.94	292	348
UniRef90_X0TU20	19.72	292	262
UniRef90_M7X4Y3	28.57	292	381
UniRef90_F5RYC5	23.38	292	359
UniRef90_UPI000486E856	25.75	292	353
UniRef90_UPI00059E764C	24.51	292	404
UniRef90_K1X665	18.40	292	327
UniRef90_D7VK97	23.88	292	358
UniRef90_UPI0003FE73BC	17.70	292	333
UniRef90_UPI000556099C	26.11	292	397
UniRef90_V4PZX4	22.94	292	343
UniRef90_A0A011U845	22.96	292	336
UniRef90_UPI000375A31F	24.87	292	361
UniRef90_UPI0004137124	23.85	292	350
UniRef90_UPI000557E7CC	21.77	292	356
UniRef90_A0A0M2XMI8	21.36	292	359
UniRef90_G2S2Y6	21.89	292	361
UniRef90_K9PQE5	24.19	292	384
UniRef90_G8NWG1	20.72	292	366
UniRef90_UPI00035DDB69	30.66	292	359
UniRef90_U0Z4K3	29.61	292	350
UniRef90_UPI0005520D38	27.81	292	345
UniRef90_UPI0002E98710	18.65	292	362
UniRef90_A0A086GID7	24.49	292	332
UniRef90_S0EZG3	24.57	292	345
UniRef90_UPI0005D34FEB	20.88	292	331
UniRef90_I2GL33	25.86	292	381
UniRef90_C7LGW0	18.25	292	378
UniRef90_UPI00036986AD	21.29	292	342
UniRef90_UPI0005A85FE6	23.32	292	347
UniRef90_UPI00040A20DB	28.08	292	351
UniRef90_A0A0J6KHX1	30.92	292	347
UniRef90_A0A098FDT1	24.19	292	347
UniRef90_I0RW43	21.22	292	324
UniRef90_A0A0H2M7F2	25.69	292	357
UniRef90_D3UJ76	25.83	292	334
UniRef90_UPI00040CD449	26.73	292	347
UniRef90_UPI00046867B6	25.33	292	343
UniRef90_A0A0B0ILH5	24.67	292	342
UniRef90_E9V2F5	23.75	292	359
UniRef90_A0A0C9M5P8	22.86	292	356
UniRef90_UPI000376D446	19.44	292	322
UniRef90_A7BUY7	23.57	292	315
UniRef90_S9PJE1	23.79	292	357
UniRef90_UPI00047C8E4C	24.84	292	378
UniRef90_L5NDA4	22.93	292	347
UniRef90_U5C345	31.03	292	381
UniRef90_UPI0005BB6FC1	31.03	292	349
UniRef90_A0A0B8PEW8	19.70	292	343
UniRef90_W0RD82	21.80	292	377
UniRef90_A0A0D6KDH1	21.89	292	373
UniRef90_I1BSU8	23.79	292	356
UniRef90_UPI0006945C16	19.20	292	326
UniRef90_UPI000480037C	18.94	292	344
UniRef90_UPI000701C19E	26.22	292	371
UniRef90_A6X6T2	18.25	292	378
UniRef90_M1Z2A5	17.71	292	355
UniRef90_Q08T80	26.00	292	368
UniRef90_UPI00041FD4DA	30.17	292	382
UniRef90_A0KGJ9	26.42	292	349
UniRef90_UPI00048331EB	20.87	292	358
UniRef90_UPI00047A9632	23.03	292	359
UniRef90_A0A0E3V8T1	25.48	292	346
UniRef90_V9W3D9	24.90	292	346
UniRef90_A0A0H4W7R4	22.22	292	357
UniRef90_A0A0M8K883	22.76	292	360
UniRef90_A3ZSM9	21.89	292	381
UniRef90_UPI00067F628C	26.42	292	347
UniRef90_UPI0002FD008C	25.32	292	341
UniRef90_UPI00069D323B	19.12	292	341
UniRef90_UPI0005324F30	32.41	292	358
UniRef90_I9WZY5	27.40	292	367
UniRef90_A0A0F5YMQ0	22.06	292	379
UniRef90_A0A0B5EG89	25.53	292	346
UniRef90_UPI0004177FC7	24.33	292	360
UniRef90_UPI00046EE68B	22.54	292	379
UniRef90_UPI00036901AA	20.77	292	355
UniRef90_D5P0K0	16.48	292	367
UniRef90_UPI0004799044	27.18	292	357
UniRef90_A0A0C1Y6T4	22.55	292	375
UniRef90_A0A0M0EV03	24.19	292	347
UniRef90_S0FF82	20.00	292	385
UniRef90_UPI00069FF5F1	25.70	292	347
UniRef90_UPI0006FAA8F5	25.00	292	327
UniRef90_UPI00055E810A	20.21	292	381
UniRef90_A3N1I2	20.80	292	347
UniRef90_W1DN88	26.42	292	315
UniRef90_V5N5F9	22.00	292	329
UniRef90_K9RG09	23.65	292	414
UniRef90_J8VSG1	24.53	292	355
UniRef90_A0A0G3XY63	18.85	292	384
UniRef90_A0A085H5N8	19.29	292	380
UniRef90_UPI0003715F67	23.70	292	345
UniRef90_H1BG75	19.84	292	316
UniRef90_UPI0005C9E393	20.65	292	346
UniRef90_F0RUJ5	18.61	292	358
UniRef90_G5Q352	21.62	292	281
UniRef90_W4QJ46	26.00	292	341
UniRef90_UPI0006F552C7	19.71	292	375
UniRef90_M3I0G7	19.77	292	378
UniRef90_UPI00064640CB	24.68	292	348
UniRef90_J8JQV6	20.95	292	343
UniRef90_W4QVA8	26.00	292	340
UniRef90_S0DGQ4	26.71	292	358
UniRef90_D6TE01	22.18	292	357
UniRef90_A0A090YV89	21.48	292	343
UniRef90_UPI0002FC32F7	24.38	292	349
UniRef90_U5L5N1	26.49	292	342
UniRef90_A1RYY3	18.59	292	337
UniRef90_J5WCA5	21.99	292	346
UniRef90_UPI0004084902	22.30	292	365
UniRef90_D4C0K0	17.81	292	377
UniRef90_F4C724	22.12	292	351
UniRef90_A0A0M3F9T1	26.23	292	380
UniRef90_J1ZM89	22.02	292	328
UniRef90_UPI000495D3AD	18.95	292	334
UniRef90_A0A0B1Y6U0	25.17	292	370
UniRef90_UPI0002DD870F	23.65	292	408
UniRef90_A0A0D6Y7R7	23.65	292	408
UniRef90_W0HXY6	22.89	292	348
UniRef90_A0A0G0JCI0	26.83	292	350
UniRef90_A0A0D0Q8Y9	19.75	292	377
UniRef90_Q81YA0	20.47	292	343
UniRef90_UPI0004009850	23.90	292	381
UniRef90_K9V8I7	25.00	292	371
UniRef90_S3Z3R6	23.83	292	334
UniRef90_A0A081LR32	25.94	292	349
UniRef90_A0A090V3I2	29.01	292	383
UniRef90_F8E4L7	21.46	292	324
UniRef90_G5NDC4	25.90	292	229
UniRef90_UPI00042224D5	22.79	292	347
UniRef90_W7PT84	21.39	292	355
UniRef90_UPI0005CFD0FC	27.87	292	292
UniRef90_A0A0D5AW24	24.48	292	365
UniRef90_C2X1E7	20.16	292	343
UniRef90_UPI000494BE29	24.59	292	359
UniRef90_K1S336	22.52	292	361
UniRef90_A0A059NYB7	21.25	292	348
UniRef90_UPI0006605E4C	24.84	292	346
UniRef90_UPI00037BEEA2	24.55	292	348
UniRef90_G6FP85	24.14	292	402
UniRef90_A4W7R4	25.60	292	380
UniRef90_A0A0M2P984	18.12	292	331
UniRef90_UPI0003B3F2B8	31.21	292	362
UniRef90_UPI000472C6B9	25.00	292	349
UniRef90_UPI0004722728	24.88	292	348
UniRef90_A0A0G3QBH0	20.38	292	382
UniRef90_UPI0003657272	25.93	292	355
UniRef90_D3DZ47	21.97	292	315
UniRef90_E6UZI6	25.00	292	355
UniRef90_UPI000287D4AC	19.22	292	350
UniRef90_G7ZBG1	25.64	292	338
UniRef90_UPI0004200E0C	25.58	292	373
UniRef90_UPI0005AA7C98	18.43	292	328
UniRef90_X1NR55	25.15	292	228
UniRef90_UPI00068B83F1	27.59	292	368
UniRef90_UPI00036E46EB	21.52	292	352
UniRef90_A0A0D7QND8	18.53	292	365
UniRef90_UPI000562314F	25.55	292	370
UniRef90_A0A0D8ZXY1	27.04	292	344
UniRef90_A0A0K8JYW6	21.57	292	354
UniRef90_A0A075KL06	25.98	292	346
UniRef90_UPI000554B8D8	21.49	292	343
UniRef90_UPI0003FE8145	22.92	292	347
UniRef90_L0G3N5	28.21	292	382
UniRef90_UPI0004DB56D2	25.95	292	345
UniRef90_UPI00040C1ED9	25.00	292	352
UniRef90_UPI0005A6E7CA	27.50	292	349
UniRef90_R6CXE9	21.30	292	343
UniRef90_UPI00039E3215	27.04	292	365
UniRef90_G2SB34	24.00	292	380
UniRef90_B4WQJ3	22.96	292	368
UniRef90_UPI0003483517	18.99	292	343
UniRef90_X0T132	27.35	292	215
UniRef90_UPI0006FBF21F	26.22	292	369
UniRef90_D1CEL1	23.65	292	364
UniRef90_A0A0M0X5Y5	24.48	292	330
UniRef90_UPI0005F7D238	25.33	292	341
UniRef90_C3ANK4	18.97	292	342
UniRef90_G8LCV1	28.57	292	409
UniRef90_UPI0004061E84	21.89	292	348
UniRef90_UPI0003FEF5F6	18.25	292	332
UniRef90_B0K618	21.02	292	385
UniRef90_UPI0004E1028B	23.24	292	382
UniRef90_D6TL12	29.50	292	335
UniRef90_UPI0002E37A20	24.82	292	350
UniRef90_A0A088EUP2	29.50	292	359
UniRef90_UPI0006878E21	25.17	292	355
UniRef90_UPI0004858A76	28.78	292	346
UniRef90_A0A0K9GP42	24.67	292	340
UniRef90_UPI0005793F84	29.51	292	380
UniRef90_A0A074KYF4	30.43	292	381
UniRef90_UPI0005528B4A	26.83	292	362
UniRef90_UPI00037BE93D	19.57	292	318
UniRef90_UPI00056E3C39	26.81	292	351
UniRef90_UPI00068E0676	25.89	292	362
UniRef90_E4RSA5	24.00	292	335
UniRef90_K9Z2T2	19.78	292	372
UniRef90_D7B9W4	24.23	292	358
UniRef90_A0A022PQM0	25.00	292	345
UniRef90_UPI0006B69121	26.28	292	350
UniRef90_UPI0005CDA007	25.60	292	351
UniRef90_A0A0F0YMN7	22.39	292	355
UniRef90_A0A0J5JTD4	25.00	292	345
UniRef90_UPI0003457ADA	22.30	292	364
UniRef90_A0A0J5T6L7	24.15	292	702
UniRef90_UPI00036313D6	19.85	292	393
UniRef90_UPI0006B49DB7	28.47	292	355
