UniRef90_Q00017	100.00	233	250
UniRef90_A0A0F7TNT5	71.79	233	249
UniRef90_B6H315	71.12	233	245
UniRef90_A0A0K8L9U4	73.82	233	252
UniRef90_Q0CS23	73.71	233	248
UniRef90_A2QTH8	69.79	233	261
UniRef90_A1D5X0	70.69	233	251
UniRef90_K9H2A9	68.24	233	250
UniRef90_A0A017S3M2	72.10	233	250
UniRef90_Q5BAA2	66.38	233	245
UniRef90_W6QFC0	71.24	233	250
UniRef90_A0A0H5AU14	70.69	233	248
UniRef90_B8MNJ5	70.82	233	255
UniRef90_A1CLF1	68.51	233	254
UniRef90_Q4WYW6	62.30	233	271
UniRef90_B6QTF3	68.67	233	255
UniRef90_S7Z955	67.09	233	250
UniRef90_A0A093Y7F3	62.55	233	254
UniRef90_A0A094A5E5	68.12	233	1318
UniRef90_J0LDV1	57.20	233	254
UniRef90_S8BJS6	57.08	233	325
UniRef90_A0A0D7B0F8	58.85	233	244
UniRef90_M3B6F2	56.71	233	252
UniRef90_A0A0D7B280	58.33	233	249
UniRef90_A0A074XIL2	58.12	233	252
UniRef90_G1X5X8	54.77	233	324
UniRef90_A0A0G2E0E4	59.49	233	268
UniRef90_A0A094GG97	64.63	233	1305
UniRef90_N1PFE1	55.26	233	251
UniRef90_R7SXV9	59.57	233	265
UniRef90_A0A0D7B7E5	56.77	233	249
UniRef90_A0A094AMV4	65.28	233	1289
UniRef90_A0A0F4GK20	55.61	233	238
UniRef90_W9CND3	56.30	233	256
UniRef90_R8BN26	55.60	233	271
UniRef90_G2YBC9	56.54	233	256
UniRef90_A0A094F5F7	64.35	233	1387
UniRef90_A0A074VGK2	57.26	233	253
UniRef90_A0A0D2XNY4	55.17	233	257
UniRef90_S3DEB6	55.65	233	267
UniRef90_A0A094E3E2	65.49	233	2390
UniRef90_G0S0S2	57.28	233	262
UniRef90_G2QMH3	55.41	233	263
UniRef90_R7SYG6	56.17	233	265
UniRef90_Q0UJZ2	54.17	233	266
UniRef90_R1GFP8	59.83	233	268
UniRef90_A0A074W7F1	55.56	233	253
UniRef90_A0A0M0UAT2	57.67	233	263
UniRef90_A0A0B7KE62	55.26	233	266
UniRef90_E7D8Q7	52.68	233	258
UniRef90_M3CID1	58.14	233	219
UniRef90_E3RVB8	53.75	233	268
UniRef90_B2WF35	52.92	233	268
UniRef90_K5WB60	52.89	233	258
UniRef90_A0A066XKW2	50.61	233	291
UniRef90_Q2H3Q1	56.74	233	263
UniRef90_C7ZJ69	55.60	233	258
UniRef90_W3WV59	54.82	233	272
UniRef90_A0A0B7KB04	56.02	233	272
UniRef90_A0A0F4GL84	56.54	233	471
UniRef90_M7SE33	55.30	233	260
UniRef90_Q7S0L0	59.09	233	269
UniRef90_A7F3Z6	57.38	233	255
UniRef90_A0A084B433	53.24	233	271
UniRef90_G2R1S5	58.14	233	263
UniRef90_A0A016PNK7	51.72	233	257
UniRef90_A0A0D9N339	51.71	233	258
UniRef90_A0A093XNX4	58.30	233	253
UniRef90_UPI0004449D85	57.59	233	260
UniRef90_A0A0G2IBK5	57.35	233	266
UniRef90_E5A8R4	52.94	233	266
UniRef90_UPI000440EEF7	56.00	233	261
UniRef90_V2YGT5	53.39	233	253
UniRef90_A0A0G4KRC9	46.75	233	293
UniRef90_A0A093ZR85	58.30	233	253
UniRef90_A0A0L1HTV6	52.94	233	228
UniRef90_R0JZ16	52.72	233	257
UniRef90_K2RWX2	49.19	233	282
UniRef90_A0A093ZM65	54.04	233	251
UniRef90_M2SV70	52.48	233	267
UniRef90_H1VMN3	53.85	233	295
UniRef90_F7VSJ2	54.75	233	272
UniRef90_J3NUW6	51.40	233	273
UniRef90_A0A0C4EC41	51.87	233	295
UniRef90_T0KGT6	51.01	233	293
UniRef90_W4KDG9	52.58	233	227
UniRef90_L7IST5	50.43	233	259
UniRef90_E3QNS7	51.42	233	291
UniRef90_A0A067NT33	52.25	233	254
UniRef90_W4KCS0	54.50	233	256
UniRef90_A0A010QS99	52.34	233	291
UniRef90_W6XZ17	50.00	233	267
UniRef90_A0A0C2EPN6	47.77	233	283
UniRef90_A0A067TB26	51.77	233	256
UniRef90_L2FIL7	49.77	233	262
UniRef90_A0A0D2PCW1	52.94	233	256
UniRef90_A0A010R8I6	51.16	233	268
UniRef90_N4VPW1	50.70	233	263
UniRef90_K1WK85	44.54	233	268
UniRef90_B2AS32	52.53	233	726
UniRef90_UPI00044079D8	50.47	233	246
UniRef90_D8PRB9	50.22	233	289
UniRef90_R1G7Q2	49.15	233	236
UniRef90_E3QZD4	49.30	233	263
UniRef90_S3CBX0	51.27	233	270
UniRef90_A0A0C3HBJ0	52.94	233	255
UniRef90_W3XDD7	54.27	233	246
UniRef90_UPI000440C559	52.44	233	261
UniRef90_U4L426	50.44	233	253
UniRef90_A0A0L6WYN8	52.11	233	228
UniRef90_N4VNY3	47.77	233	290
UniRef90_A7EFK4	51.46	233	282
UniRef90_X8JGM5	50.70	233	256
UniRef90_A8N2V3	45.10	233	224
UniRef90_M5BYV9	49.54	233	255
UniRef90_A0A074RX62	49.77	233	255
UniRef90_A0A0B7FDW4	48.15	233	256
UniRef90_L2G323	41.94	233	284
UniRef90_X8J490	48.15	233	246
UniRef90_S8AV66	39.75	233	309
UniRef90_A0A074RL44	47.69	233	256
UniRef90_A0A094FNQ1	56.60	233	323
UniRef90_A0A067TZQ1	47.25	233	231
UniRef90_A0A0C3QNH1	43.46	233	339
UniRef90_A0A010QAQ3	41.53	233	286
UniRef90_T0KFZ2	40.17	233	247
UniRef90_A0A0K6FUV3	45.58	233	2058
UniRef90_A0A0B7K8M3	44.86	233	245
UniRef90_E7D8Q8	45.34	233	254
UniRef90_K5X891	44.95	233	226
UniRef90_A0A0C2WH46	43.98	233	258
UniRef90_W3WSN8	41.20	233	252
UniRef90_A0A0C3L490	43.22	233	335
UniRef90_V2XEH4	41.89	233	251
UniRef90_A0A0K6FUQ4	47.03	233	334
UniRef90_A0A0C3L486	41.92	233	311
UniRef90_W7HYG1	36.33	233	315
UniRef90_A0A0C3S582	40.35	233	257
UniRef90_UPI00044091B0	40.87	233	259
UniRef90_G1X867	38.53	233	305
UniRef90_G4TNN3	43.32	233	229
UniRef90_A0A0G2EI20	51.22	233	209
UniRef90_L8X509	48.15	233	312
UniRef90_D5GAP8	42.36	233	276
UniRef90_A0A0C3AEX7	42.79	233	229
UniRef90_M3CG35	40.67	233	363
UniRef90_A0A066UWW0	43.72	233	201
UniRef90_A0A0L6WZC3	46.67	233	194
UniRef90_A0A0C2Z1J6	44.33	233	228
UniRef90_UPI0004DF6116	37.44	233	501
UniRef90_UPI0004DF6116	32.19	233	501
UniRef90_A0A094I3N1	39.72	233	260
UniRef90_C9SBM5	34.44	233	238
UniRef90_A0A094G9V0	39.45	233	271
UniRef90_A0A093Y7X0	40.19	233	407
UniRef90_A0A094AV23	38.20	233	260
UniRef90_G7DWJ9	37.02	233	250
UniRef90_UPI00047E7E58	37.02	233	512
UniRef90_UPI00047E7E58	30.90	233	512
UniRef90_A0A066V586	49.33	233	179
UniRef90_J2JIY4	35.16	233	501
UniRef90_J2JIY4	31.76	233	501
UniRef90_A0A094IK53	36.48	233	260
UniRef90_UPI0003B40A31	36.87	233	255
UniRef90_A0A093ZWL9	38.79	233	260
UniRef90_A0A085EL23	36.23	233	502
UniRef90_A0A085EL23	31.03	233	502
UniRef90_A0A085Z0M1	36.36	233	258
UniRef90_G2X6L6	35.62	233	274
UniRef90_UPI0006FC0DF6	35.06	233	258
UniRef90_W0EZX9	34.91	233	267
UniRef90_UPI0006FB9E4B	36.24	233	258
UniRef90_A0A0D0LHE5	34.84	233	492
UniRef90_A0A0D0LHE5	31.76	233	492
UniRef90_UPI00047C427C	31.36	233	264
UniRef90_C1F156	38.32	233	287
UniRef90_UPI000420607B	34.20	233	258
UniRef90_A3HRN0	36.97	233	505
UniRef90_A3HRN0	33.33	233	505
UniRef90_UPI00042177AD	34.55	233	502
UniRef90_UPI00042177AD	31.76	233	502
UniRef90_UPI0006478B89	35.68	233	258
UniRef90_A0A0B6WU10	34.58	233	276
UniRef90_F4C6L5	34.55	233	261
UniRef90_A0A0H4VUP2	35.02	233	249
UniRef90_A0A074KS97	34.40	233	505
UniRef90_A0A074KS97	34.12	233	505
UniRef90_UPI0006485F62	34.25	233	258
UniRef90_A0A085ZEZ1	35.27	233	501
UniRef90_A0A085ZEZ1	29.58	233	501
UniRef90_UPI00040D20CE	34.33	233	502
UniRef90_UPI00040D20CE	30.90	233	502
UniRef90_Q01PN2	33.92	233	254
UniRef90_UPI0006F76C08	35.45	233	258
UniRef90_UPI0006477720	35.91	233	258
UniRef90_UPI0005D1B59E	36.32	233	279
UniRef90_A0A0A2M3G6	34.84	233	261
UniRef90_A0A066WK52	34.13	233	511
UniRef90_A0A066WK52	31.76	233	511
UniRef90_UPI0006D7F5D6	33.94	233	499
UniRef90_UPI0006D7F5D6	30.04	233	499
UniRef90_A0A0B4DEF4	35.00	233	258
UniRef90_R5C4I1	33.04	233	546
UniRef90_R5C4I1	32.87	233	546
UniRef90_A0A0C3C298	47.02	233	221
UniRef90_L0FZ19	34.48	233	500
UniRef90_L0FZ19	33.78	233	500
UniRef90_G8TPU6	34.84	233	273
UniRef90_UPI0006BBBB39	34.48	233	270
UniRef90_UPI0003607435	33.91	233	498
UniRef90_UPI0003607435	32.91	233	498
UniRef90_A0A0B8Y3L8	34.50	233	255
UniRef90_A0A0E3UJS9	35.94	233	241
UniRef90_G4WV73	34.91	233	498
UniRef90_G4WV73	35.34	233	498
UniRef90_A0A0D7WAJ7	36.06	233	500
UniRef90_A0A0D7WAJ7	28.14	233	500
UniRef90_UPI000255AE5C	33.49	233	498
UniRef90_UPI000255AE5C	31.90	233	498
UniRef90_A5FC39	35.27	233	491
UniRef90_A5FC39	27.12	233	491
UniRef90_UPI0006FC63ED	38.91	233	562
UniRef90_UPI0006FC63ED	30.47	233	562
UniRef90_F0S6D2	36.70	233	254
UniRef90_E4RWF8	36.84	233	701
UniRef90_UPI000700E31F	34.55	233	501
UniRef90_UPI000700E31F	31.33	233	501
UniRef90_A0A085B788	35.00	233	260
UniRef90_UPI000701C622	37.90	233	571
UniRef90_UPI000701C622	32.39	233	571
UniRef90_A0A0L8VA40	34.39	233	519
UniRef90_A0A0L8VA40	33.79	233	519
UniRef90_A3XPL5	36.06	233	503
UniRef90_A3XPL5	31.74	233	503
UniRef90_UPI0006F82313	37.10	233	553
UniRef90_UPI0006F82313	30.04	233	553
UniRef90_UPI0004915CE4	34.58	233	503
UniRef90_UPI0004915CE4	31.33	233	503
UniRef90_U4L6G1	36.40	233	274
UniRef90_A7LXX7	33.33	233	555
UniRef90_A7LXX7	34.17	233	555
UniRef90_K9EBX9	32.60	233	545
UniRef90_K9EBX9	31.76	233	545
UniRef90_A0A0J5PJJ5	35.75	233	276
UniRef90_UPI00068C5FED	34.63	233	292
UniRef90_E8WZ83	36.49	233	297
UniRef90_UPI0003B33FC8	36.09	233	283
UniRef90_A0A069D3Y0	32.02	233	573
UniRef90_A0A069D3Y0	33.64	233	573
UniRef90_R5MQ82	33.04	233	545
UniRef90_R5MQ82	32.57	233	545
UniRef90_E8V432	36.16	233	294
UniRef90_U5BRL1	34.70	233	509
UniRef90_U5BRL1	34.23	233	509
UniRef90_D7VJL9	34.05	233	246
UniRef90_UPI000695EF07	35.27	233	733
UniRef90_R6DEE4	32.60	233	544
UniRef90_R6DEE4	34.26	233	544
UniRef90_B5CU88	33.18	233	716
UniRef90_I0KBN0	33.33	233	262
UniRef90_M5RPN8	34.48	233	550
UniRef90_M5RPN8	31.03	233	550
UniRef90_UPI0006BBA48A	32.89	233	255
UniRef90_M5TPE0	34.73	233	566
UniRef90_M5TPE0	34.11	233	566
UniRef90_M2AZ72	35.17	233	313
UniRef90_G8NWA8	35.56	233	672
UniRef90_UPI0007035CA8	32.89	233	255
UniRef90_A0A0K8LJW3	36.89	233	511
UniRef90_A0A0J0YBR0	33.33	233	255
UniRef90_F9F9W1	35.71	233	258
UniRef90_A7M4D1	31.72	233	544
UniRef90_A7M4D1	34.40	233	544
UniRef90_R5TTW5	32.47	233	548
UniRef90_R5TTW5	32.20	233	548
UniRef90_UPI00055F783B	33.76	233	554
UniRef90_UPI00055F783B	32.07	233	554
UniRef90_UPI0003B36A32	34.50	233	304
UniRef90_F3PIB6	33.77	233	552
UniRef90_F3PIB6	30.21	233	552
UniRef90_A0A0N0RQJ3	32.09	233	254
UniRef90_B1ZRF4	35.78	233	552
UniRef90_B1ZRF4	33.64	233	552
UniRef90_A0A085FJ00	33.77	233	554
UniRef90_A0A085FJ00	29.11	233	554
UniRef90_W4US18	30.40	233	361
UniRef90_A0A0D8JFC9	33.18	233	502
UniRef90_A0A0D8JFC9	30.70	233	502
UniRef90_UPI00049389EC	32.75	233	255
UniRef90_R7D0Z1	32.90	233	549
UniRef90_R7D0Z1	31.49	233	549
UniRef90_B5D2C9	32.03	233	548
UniRef90_B5D2C9	33.49	233	548
UniRef90_D5ET24	32.31	233	529
UniRef90_D5ET24	30.04	233	529
UniRef90_UPI0006FA57F8	35.24	233	551
UniRef90_UPI0006FA57F8	31.47	233	551
UniRef90_H1Y0W8	34.40	233	255
UniRef90_A0A094E0Q1	37.50	233	238
UniRef90_K9D9W0	34.74	233	757
UniRef90_K9D9W0	33.19	233	757
UniRef90_A0A0C1FT12	32.89	233	255
UniRef90_UPI0006816412	33.33	233	716
UniRef90_I3I9K3	35.48	233	527
UniRef90_I3I9K3	31.78	233	527
UniRef90_L8X2G2	41.15	233	407
UniRef90_E8V0C3	34.96	233	271
UniRef90_UPI00069922B1	33.33	233	274
UniRef90_Q4WBX3	35.89	233	303
UniRef90_A0A094DKH8	49.12	233	311
UniRef90_K2P5R2	32.02	233	519
UniRef90_K2P5R2	29.87	233	519
UniRef90_G8NYH3	32.62	233	280
UniRef90_UPI0006F9CC0C	33.33	233	256
UniRef90_UPI00035ED4EA	31.60	233	262
UniRef90_A0A0J1BPJ5	32.62	233	265
UniRef90_G7E6X0	36.17	233	526
UniRef90_G7E6X0	33.80	233	526
UniRef90_UPI00055A542A	33.33	233	552
UniRef90_A0A0E4A1D2	31.88	233	266
UniRef90_UPI00041BD75F	31.74	233	254
UniRef90_UPI00046496A5	33.18	233	509
UniRef90_UPI00046496A5	32.89	233	509
UniRef90_A0A078QP74	31.60	233	547
UniRef90_A0A078QP74	32.57	233	547
UniRef90_W7YCE1	32.57	233	1052
UniRef90_UPI00070120C6	32.49	233	556
UniRef90_UPI00070120C6	31.30	233	556
UniRef90_R5PFW9	34.19	233	550
UniRef90_R5PFW9	30.04	233	550
UniRef90_G5SVI1	32.90	233	547
UniRef90_G5SVI1	31.80	233	547
UniRef90_UPI00046876DE	32.89	233	547
UniRef90_UPI00046876DE	30.54	233	547
UniRef90_B5JJ43	35.35	233	928
UniRef90_B5JJ43	31.72	233	928
UniRef90_R4XGB0	32.84	233	437
UniRef90_A0A0N1KYD7	35.98	233	562
UniRef90_A0A0N1KYD7	32.31	233	562
UniRef90_UPI0004885B50	35.41	233	256
UniRef90_UPI000360FF72	32.64	233	292
UniRef90_UPI0005CA098A	33.65	233	524
UniRef90_UPI0005CA098A	29.26	233	524
UniRef90_A0A0C1DAQ3	31.67	233	263
UniRef90_UPI00068D6B07	34.15	233	299
UniRef90_F5IYW4	31.65	233	716
UniRef90_UPI0003FEA01E	31.28	233	513
UniRef90_UPI0003FEA01E	30.41	233	513
UniRef90_UPI000429DE3D	32.61	233	718
UniRef90_F9D1P5	34.82	233	544
UniRef90_F9D1P5	28.34	233	544
UniRef90_D3I220	33.04	233	545
UniRef90_D3I220	30.84	233	545
UniRef90_UPI0007039FCC	31.56	233	264
UniRef90_D8DYC4	31.90	233	535
UniRef90_D8DYC4	29.15	233	535
UniRef90_UPI00048E5F93	31.14	233	540
UniRef90_UPI00048E5F93	29.60	233	540
UniRef90_A0A0N0JN32	34.88	233	537
UniRef90_A0A0N0JN32	32.75	233	537
UniRef90_UPI0007030B3B	32.38	233	552
UniRef90_UPI0007030B3B	30.45	233	552
UniRef90_UPI0006846C84	33.63	233	312
UniRef90_G2XYZ8	47.06	233	119
UniRef90_UPI00047FB31C	32.02	233	259
UniRef90_UPI00048EC506	32.31	233	540
UniRef90_UPI00048EC506	30.49	233	540
UniRef90_UPI0006971408	32.16	233	299
UniRef90_G7E6X7	31.19	233	247
UniRef90_D1PX58	33.19	233	546
UniRef90_D1PX58	30.18	233	546
UniRef90_A0A0D2QAP1	64.44	233	122
UniRef90_UPI0005694E07	29.88	233	564
UniRef90_UPI0005694E07	30.70	233	564
UniRef90_A0A077XZM1	31.12	233	275
UniRef90_H1HNV1	31.90	233	532
UniRef90_H1HNV1	28.38	233	532
UniRef90_UPI0006FDF130	33.78	233	264
UniRef90_R6L6X4	31.22	233	560
UniRef90_UPI0004B99ECB	32.46	233	539
UniRef90_UPI0004B99ECB	30.52	233	539
UniRef90_UPI0005C7151C	32.03	233	543
UniRef90_E8WZ86	32.56	233	270
UniRef90_UPI0007017542	35.65	233	548
UniRef90_UPI0007017542	32.75	233	548
UniRef90_A0A077XV05	33.47	233	264
UniRef90_UPI00049318E0	30.52	233	264
UniRef90_A0A0K8L2H0	34.57	233	198
UniRef90_R6BAR8	34.06	233	538
UniRef90_R6BAR8	30.84	233	538
UniRef90_D2QL42	30.84	233	280
UniRef90_G7E6X1	30.53	233	261
UniRef90_A0A0C4E2M6	43.33	233	139
UniRef90_O31528	28.44	233	217
UniRef90_A0A094AJC4	33.49	233	414
UniRef90_A0A0B8YFP0	32.74	233	261
UniRef90_I8Y6E2	30.14	233	546
UniRef90_I8Y6E2	29.11	233	546
UniRef90_V4NVL9	33.05	233	291
UniRef90_M5PDE6	32.27	233	213
UniRef90_UPI00047F4EB9	30.24	233	564
UniRef90_UPI00047F4EB9	28.93	233	564
UniRef90_Q65KX9	30.70	233	214
UniRef90_UPI00055DD309	31.31	233	377
UniRef90_B9THU1	30.90	233	415
UniRef90_B9THU1	50.62	233	415
UniRef90_UPI000568A27A	27.59	233	215
UniRef90_A0A0E3UMY1	31.78	233	376
UniRef90_UPI0003B72AFA	33.49	233	268
UniRef90_W0RSC2	32.73	233	661
UniRef90_UPI00066C40D8	29.77	233	523
UniRef90_UPI00066C40D8	27.07	233	523
UniRef90_UPI000689A071	31.25	233	260
UniRef90_UPI0006DB93EC	31.47	233	256
UniRef90_A0A081L9A8	27.70	233	209
UniRef90_A0A0B8T2L6	34.38	233	264
UniRef90_A0A0J6EJ03	29.91	233	214
UniRef90_H1Y0W9	30.53	233	268
UniRef90_A0A084GC31	56.16	233	204
UniRef90_A0A084GC31	37.63	233	204
UniRef90_R5Y4P7	37.33	233	168
UniRef90_A0A0H3DYC0	26.22	233	217
UniRef90_X0RLE3	27.73	233	224
UniRef90_A3DK57	27.59	233	831
UniRef90_A0A0D2PJX2	44.44	233	124
UniRef90_I3C145	28.69	233	244
UniRef90_A0A090MBX5	35.53	233	170
UniRef90_UPI0006CF7DF8	32.58	233	223
UniRef90_UPI000369A954	35.84	233	252
UniRef90_UPI000474A544	28.64	233	214
UniRef90_A0A089I615	29.69	233	234
UniRef90_A0A075P2U9	26.16	233	246
UniRef90_D4LED4	32.88	233	996
UniRef90_A0A0J7IR75	27.80	233	244
UniRef90_UPI0006F49714	27.80	233	245
UniRef90_UPI0006966BD3	30.13	233	563
UniRef90_UPI00040A90F2	29.57	233	224
UniRef90_A0A0M2PHI5	29.25	233	218
UniRef90_A0A085Z673	27.08	233	245
UniRef90_UPI0006FDE967	29.91	233	246
UniRef90_F8FIH2	29.88	233	233
UniRef90_A0A0D7VWB6	32.95	233	246
UniRef90_UPI0005A83AAC	26.70	233	218
UniRef90_F0S6D3	31.08	233	264
UniRef90_E6WNY1	29.44	233	376
UniRef90_A0A089M8F7	48.05	233	231
UniRef90_R5PAM9	32.16	233	1620
UniRef90_UPI0006D0BE9C	29.78	233	248
UniRef90_F3QTQ6	48.72	233	290
UniRef90_UPI00048B9020	30.70	233	1060
UniRef90_A0A085BAC0	28.75	233	244
UniRef90_A0A085B685	28.03	233	245
UniRef90_UPI000677AAD0	31.86	233	237
UniRef90_UPI0003B72CE5	35.42	233	292
UniRef90_L7EY48	30.88	233	266
UniRef90_UPI000423B005	28.16	233	235
UniRef90_UPI00036FE299	48.05	233	228
UniRef90_UPI0006E33673	29.36	233	268
UniRef90_B5JHS0	29.46	233	256
UniRef90_UPI0006872E8E	27.87	233	270
UniRef90_UPI000492B577	27.93	233	220
UniRef90_K9EHE5	31.60	233	555
UniRef90_UPI00049258EE	26.36	233	230
UniRef90_UPI000469829D	27.62	233	246
UniRef90_UPI000467A294	30.23	233	1058
UniRef90_W4CT89	48.05	233	240
UniRef90_R9TSG8	28.45	233	238
UniRef90_Q829N6	29.74	233	266
UniRef90_UPI0001C3768F	29.73	233	1056
UniRef90_F8F7X9	28.44	233	224
UniRef90_UPI00054EF7B1	28.93	233	244
UniRef90_C2FWX5	30.41	233	227
UniRef90_UPI0006D84DC0	29.44	233	232
UniRef90_V6VGU2	26.94	233	273
UniRef90_UPI0006E432E7	29.15	233	264
UniRef90_R2SFI4	27.85	233	221
UniRef90_UPI0005596ADD	28.22	233	251
UniRef90_E8X416	29.36	233	310
UniRef90_A0A0M2PKS1	27.23	233	224
UniRef90_UPI0003664F99	27.98	233	258
UniRef90_UPI0006D1BFAE	28.04	233	227
UniRef90_A0A086A593	26.56	233	246
UniRef90_G8LWW6	27.93	233	843
UniRef90_A0A0M0M1S1	27.75	233	243
UniRef90_A0A086B391	27.31	233	281
UniRef90_UPI0006D5348F	29.60	233	232
UniRef90_K6XN19	26.05	233	251
UniRef90_UPI0005AB2AAC	28.57	233	238
UniRef90_L0G1X5	30.63	233	251
UniRef90_A0A0C5GB95	29.60	233	272
UniRef90_C9SPB1	36.28	233	210
UniRef90_UPI0003F98DAF	26.96	233	245
UniRef90_UPI0004DED147	27.63	233	239
UniRef90_UPI00049214C4	29.44	233	1043
UniRef90_A0A0C1DAQ4	27.63	233	246
UniRef90_B5HR50	29.91	233	266
UniRef90_T5KAR2	28.33	233	366
UniRef90_UPI000699060D	47.50	233	588
UniRef90_A7LT40	27.69	233	563
UniRef90_B5CUN0	25.61	233	262
UniRef90_A0A060CMJ5	44.30	233	104
UniRef90_UPI0004799028	27.51	233	229
UniRef90_A0A074KUT9	30.90	233	246
UniRef90_UPI0004C6FA88	27.66	233	268
UniRef90_UPI000427B95A	29.91	233	248
UniRef90_UPI0004C88AFD	28.09	233	259
UniRef90_A0A0H4CD08	28.45	233	259
UniRef90_UPI00055DE08D	27.95	233	263
UniRef90_M5PDE8	27.71	233	238
UniRef90_A0A0H1S0X2	27.31	233	209
UniRef90_UPI00068D9B2E	27.67	233	257
UniRef90_I0KC76	28.28	233	777
UniRef90_UPI0004B07C23	28.09	233	245
UniRef90_UPI00048FB0A7	26.29	233	223
UniRef90_UPI00063F1363	30.98	233	229
UniRef90_A0A084BSM5	31.25	233	194
UniRef90_A0A023Y9D6	28.45	233	366
UniRef90_UPI00058EEF1F	28.77	233	833
UniRef90_UPI0005A5E17C	27.51	233	365
UniRef90_A0A0H4VQH9	32.30	233	277
UniRef90_UPI0004089142	27.95	233	253
UniRef90_A0A090ZKN2	29.69	233	238
UniRef90_UPI000697F90F	26.84	233	255
UniRef90_UPI00048A65A8	29.30	233	1055
UniRef90_UPI0006EB9C85	28.38	233	262
UniRef90_X0SKE7	27.92	233	363
UniRef90_R5NXP3	48.72	233	714
UniRef90_UPI0003A079FC	29.31	233	232
UniRef90_UPI000365323E	29.61	233	236
UniRef90_A0A0L0JFR3	28.76	233	262
UniRef90_A3XJH5	47.44	233	261
UniRef90_UPI0003741CA6	28.16	233	252
UniRef90_UPI00041F2FDF	29.44	233	247
UniRef90_UPI000570649A	26.56	233	246
UniRef90_A0A086H1B9	29.49	233	268
UniRef90_G0IZG3	28.00	233	285
UniRef90_UPI000702DB59	25.96	233	247
UniRef90_UPI00030D1C46	28.45	233	370
UniRef90_UPI00047D0CD1	28.22	233	243
UniRef90_A0A0N0MWN8	29.44	233	264
UniRef90_R5DZ48	43.75	233	333
UniRef90_UPI000645C2B4	23.86	233	275
UniRef90_A0A089LG97	28.82	233	228
UniRef90_A0A0F5W215	26.81	233	265
UniRef90_U5C1F1	29.55	233	250
UniRef90_E9SGH2	31.44	233	1028
UniRef90_R5Z033	30.80	233	505
UniRef90_B5D356	28.06	233	582
UniRef90_UPI00055BADE1	26.92	233	266
UniRef90_UPI00042310A9	27.24	233	262
UniRef90_A0A0N1DT35	26.14	233	245
UniRef90_R5CS78	44.16	233	333
UniRef90_W8EV81	26.94	233	778
UniRef90_A0A0D7VW77	44.44	233	255
UniRef90_UPI000490E9A4	28.97	233	264
UniRef90_E6UFF4	30.59	233	1020
UniRef90_W4V4D8	28.04	233	588
UniRef90_G7FZ57	25.21	233	256
UniRef90_M5TVC7	27.47	233	365
UniRef90_G7VPT1	29.13	233	498
UniRef90_UPI0004B0BCB4	28.51	233	1966
UniRef90_UPI0005A8BFFF	27.35	233	362
UniRef90_S7U646	26.34	233	295
UniRef90_UPI00029B26A1	28.05	233	245
UniRef90_F4C3N9	26.38	233	244
UniRef90_UPI000564470B	27.93	233	265
UniRef90_Q93RU5	26.92	233	267
UniRef90_UPI00046EC305	27.63	233	232
UniRef90_H6CL46	48.68	233	245
UniRef90_UPI0003755222	28.93	233	1958
UniRef90_F8EFP4	27.42	233	781
UniRef90_UPI0007035121	26.32	233	246
UniRef90_E2NJP9	29.52	233	504
UniRef90_UPI00069045E0	30.70	233	1226
UniRef90_A0A0F6EP48	43.01	233	498
UniRef90_A0A0E9LY33	44.05	233	239
UniRef90_A0A0M0TMQ7	28.14	233	247
UniRef90_Q00017	100.00	233	250
UniRef90_B6H315	70.26	233	245
UniRef90_A0A0F7TNT5	71.79	233	249
UniRef90_A0A0K8L9U4	73.82	233	252
UniRef90_Q0CS23	73.71	233	248
UniRef90_A1D5X0	70.69	233	251
UniRef90_K9H2A9	68.24	233	250
UniRef90_B8MNJ5	70.82	233	255
UniRef90_Q5BAA2	65.52	233	245
UniRef90_B6QTF3	68.67	233	255
UniRef90_Q4WYW6	61.11	233	271
UniRef90_A0A0H5AU14	70.69	233	248
UniRef90_A0A017S3M2	72.10	233	250
UniRef90_A2QTH8	69.79	233	261
UniRef90_W6QFC0	71.24	233	250
UniRef90_A0A093Y7F3	62.55	233	254
UniRef90_J0LDV1	57.20	233	254
UniRef90_Q0UJZ2	53.56	233	266
UniRef90_E3RVB8	53.33	233	268
UniRef90_K5WB60	51.46	233	258
UniRef90_B2WF35	53.33	233	268
UniRef90_A1CLF1	68.51	233	254
UniRef90_A0A0B6WU10	33.33	233	276
UniRef90_A0A094A5E5	68.12	233	1318
UniRef90_S7Z955	67.09	233	250
UniRef90_S8BJS6	56.67	233	325
UniRef90_E5A8R4	52.94	233	266
UniRef90_K2RWX2	48.37	233	282
UniRef90_A0A0D7B0F8	58.85	233	244
UniRef90_E7D8Q7	50.21	233	258
UniRef90_A0A074XIL2	58.12	233	252
UniRef90_W0EZX9	35.06	233	267
UniRef90_UPI0006FC0DF6	33.77	233	258
UniRef90_UPI0005D1B59E	32.77	233	279
UniRef90_UPI000420607B	32.76	233	258
UniRef90_G0S0S2	55.26	233	262
UniRef90_M7SE33	52.16	233	260
UniRef90_UPI00049389EC	32.61	233	255
UniRef90_UPI0007035CA8	32.89	233	255
UniRef90_A0A0B8Y3L8	33.62	233	255
UniRef90_UPI0006478B89	32.76	233	258
UniRef90_UPI0006F76C08	33.19	233	258
UniRef90_W9CND3	55.46	233	256
UniRef90_A0A0C1FT12	32.75	233	255
UniRef90_UPI0006FB9E4B	34.91	233	258
UniRef90_A0A085Z0M1	34.48	233	258
UniRef90_UPI0003607435	33.91	233	498
UniRef90_UPI0003607435	31.62	233	498
UniRef90_A0A094GG97	64.63	233	1305
UniRef90_M3B6F2	56.71	233	252
UniRef90_UPI00047C427C	30.17	233	264
UniRef90_A0A0B4DEF4	33.19	233	258
UniRef90_UPI0006BBBB39	32.33	233	270
UniRef90_UPI0006F9CC0C	32.75	233	256
UniRef90_R8BN26	55.36	233	271
UniRef90_UPI0003B40A31	35.34	233	255
UniRef90_G1X5X8	55.19	233	324
UniRef90_UPI0004DF6116	35.11	233	501
UniRef90_UPI0004DF6116	30.17	233	501
UniRef90_A0A0D2XNY4	55.17	233	257
UniRef90_UPI0006477720	33.19	233	258
UniRef90_UPI00040D20CE	33.04	233	502
UniRef90_UPI00040D20CE	29.74	233	502
UniRef90_R7SXV9	59.15	233	265
UniRef90_A0A0M0UAT2	55.41	233	263
UniRef90_A0A074VGK2	57.26	233	253
UniRef90_UPI00068C5FED	29.75	233	292
UniRef90_UPI0006485F62	32.47	233	258
UniRef90_L0FZ19	33.91	233	500
UniRef90_L0FZ19	32.05	233	500
UniRef90_A0A069D3Y0	31.86	233	573
UniRef90_A0A069D3Y0	29.54	233	573
UniRef90_A0A0L1HTV6	52.17	233	228
UniRef90_G2YBC9	55.70	233	256
UniRef90_UPI00041BD75F	30.00	233	254
UniRef90_K1WK85	44.54	233	268
UniRef90_A0A0H4VUP2	33.19	233	249
UniRef90_R0JZ16	52.72	233	257
UniRef90_G2QMH3	55.41	233	263
UniRef90_E3QZD4	47.62	233	263
UniRef90_F0S6D2	34.33	233	254
UniRef90_J2JIY4	33.33	233	501
UniRef90_J2JIY4	29.74	233	501
UniRef90_A0A0J0YBR0	33.33	233	255
UniRef90_A0A074W7F1	55.56	233	253
UniRef90_A0A085B788	32.48	233	260
UniRef90_K9EBX9	32.02	233	545
UniRef90_K9EBX9	30.08	233	545
UniRef90_S3DEB6	54.81	233	267
UniRef90_R6DEE4	32.02	233	544
UniRef90_R6DEE4	31.36	233	544
UniRef90_G8TPU6	33.76	233	273
UniRef90_A0A0F4GK20	54.87	233	238
UniRef90_R5MQ82	32.02	233	545
UniRef90_R5MQ82	29.79	233	545
UniRef90_R7D0Z1	32.33	233	549
UniRef90_R7D0Z1	29.66	233	549
UniRef90_W4US18	30.26	233	361
UniRef90_W4US18	27.59	233	361
UniRef90_M5BYV9	47.81	233	255
UniRef90_A0A0B7KE62	54.55	233	266
UniRef90_A0A0D7B7E5	56.77	233	249
UniRef90_A0A0G4KRC9	46.34	233	293
UniRef90_Q2H3Q1	54.55	233	263
UniRef90_R5C4I1	32.90	233	546
UniRef90_R5C4I1	28.94	233	546
UniRef90_A3HRN0	34.91	233	505
UniRef90_A3HRN0	31.91	233	505
UniRef90_F4C6L5	31.62	233	261
UniRef90_V2YGT5	53.39	233	253
UniRef90_L2FIL7	47.62	233	262
UniRef90_UPI0006D7F5D6	32.74	233	499
UniRef90_UPI0006D7F5D6	28.02	233	499
UniRef90_UPI0003B36A32	30.08	233	304
UniRef90_A0A0D7B280	58.33	233	249
UniRef90_A0A066XKW2	50.20	233	291
UniRef90_A0A0B7FDW4	45.65	233	256
UniRef90_UPI00042177AD	33.19	233	502
UniRef90_UPI00042177AD	30.17	233	502
UniRef90_A0A074KS97	32.91	233	505
UniRef90_A0A074KS97	31.80	233	505
UniRef90_F3PIB6	33.19	233	552
UniRef90_F3PIB6	28.51	233	552
UniRef90_A0A084B433	51.72	233	271
UniRef90_N4VPW1	48.05	233	263
UniRef90_R7SYG6	55.74	233	265
UniRef90_A0A094AMV4	65.42	233	1289
UniRef90_A0A016PNK7	51.72	233	257
UniRef90_A7M4D1	31.58	233	544
UniRef90_A7M4D1	31.49	233	544
UniRef90_W3WV59	53.88	233	272
UniRef90_A0A0G2E0E4	59.07	233	268
UniRef90_A0A0B7KB04	54.31	233	272
UniRef90_A0A0C2EPN6	46.96	233	283
UniRef90_A0A093XNX4	57.45	233	253
UniRef90_D7VJL9	32.90	233	246
UniRef90_A0A010R8I6	48.92	233	268
UniRef90_A0A0D0LHE5	34.39	233	492
UniRef90_A0A0D0LHE5	30.17	233	492
UniRef90_UPI00047E7E58	35.45	233	512
UniRef90_UPI00047E7E58	27.90	233	512
UniRef90_A0A085ZEZ1	33.19	233	501
UniRef90_A0A085ZEZ1	28.45	233	501
UniRef90_A7LXX7	32.89	233	555
UniRef90_A7LXX7	31.38	233	555
UniRef90_A0A093ZM65	53.19	233	251
UniRef90_UPI0004449D85	55.04	233	260
UniRef90_R5TTW5	32.33	233	548
UniRef90_R5TTW5	29.66	233	548
UniRef90_UPI00035ED4EA	28.57	233	262
UniRef90_U5BRL1	34.55	233	509
UniRef90_U5BRL1	31.49	233	509
UniRef90_C7ZJ69	55.60	233	258
UniRef90_N1PFE1	55.26	233	251
UniRef90_B5D2C9	31.47	233	548
UniRef90_B5D2C9	30.08	233	548
UniRef90_A0A0L8VA40	32.31	233	519
UniRef90_A0A0L8VA40	30.90	233	519
UniRef90_I0KBN0	30.64	233	262
UniRef90_A0A074RX62	48.02	233	255
UniRef90_A0A094F5F7	64.07	233	1387
UniRef90_A0A094E3E2	64.91	233	2390
UniRef90_Q01PN2	32.60	233	254
UniRef90_M2SV70	52.48	233	267
UniRef90_A7F3Z6	56.54	233	255
UniRef90_X8JGM5	47.81	233	256
UniRef90_UPI000700E31F	32.42	233	501
UniRef90_UPI000700E31F	30.17	233	501
UniRef90_A0A0D9N339	52.17	233	258
UniRef90_A0A074RL44	45.61	233	256
UniRef90_A0A093ZR85	58.30	233	253
UniRef90_W6XZ17	50.00	233	267
UniRef90_UPI0004B99ECB	30.70	233	539
UniRef90_UPI0004B99ECB	27.62	233	539
UniRef90_A8N2V3	42.73	233	224
UniRef90_G2R1S5	56.28	233	263
UniRef90_A0A0F4GL84	56.28	233	471
UniRef90_A0A0A2M3G6	33.48	233	261
UniRef90_A0A078QP74	31.03	233	547
UniRef90_A0A078QP74	29.66	233	547
UniRef90_A0A0C1DAQ3	30.77	233	263
UniRef90_A0A085EL23	33.63	233	502
UniRef90_A0A085EL23	28.45	233	502
UniRef90_A0A0J1BPJ5	32.34	233	265
UniRef90_L7IST5	50.00	233	259
UniRef90_A0A067NT33	50.00	233	254
UniRef90_A0A077XZM1	29.87	233	275
UniRef90_W4KCS0	52.12	233	256
UniRef90_UPI0006846C84	30.17	233	312
UniRef90_R1GFP8	58.23	233	268
UniRef90_X8J490	48.15	233	246
UniRef90_A5FC39	33.80	233	491
UniRef90_A5FC39	26.89	233	491
UniRef90_H1Y0W8	33.19	233	255
UniRef90_T0KGT6	50.61	233	293
UniRef90_G4WV73	32.75	233	498
UniRef90_G4WV73	30.87	233	498
UniRef90_A0A0E4A1D2	28.87	233	266
UniRef90_UPI00068D6B07	31.43	233	299
UniRef90_UPI00049318E0	29.61	233	264
UniRef90_D8PRB9	50.00	233	289
UniRef90_UPI00046876DE	30.60	233	547
UniRef90_UPI00046876DE	29.71	233	547
UniRef90_E8V432	32.75	233	294
UniRef90_G8NYH3	31.47	233	280
UniRef90_UPI00044079D8	46.15	233	246
UniRef90_UPI0004915CE4	32.46	233	503
UniRef90_UPI0004915CE4	30.17	233	503
UniRef90_UPI000440EEF7	53.59	233	261
UniRef90_R1G7Q2	48.73	233	236
UniRef90_A0A0C2WH46	41.56	233	258
UniRef90_UPI0003B33FC8	33.48	233	283
UniRef90_E8WZ83	34.07	233	297
UniRef90_A0A094AV23	37.71	233	260
UniRef90_A0A0C4EC41	49.57	233	295
UniRef90_A0A093Y7X0	38.14	233	407
UniRef90_UPI0004885B50	31.60	233	256
UniRef90_A0A0D7WAJ7	35.05	233	500
UniRef90_A0A0D7WAJ7	27.16	233	500
UniRef90_A0A094I3N1	38.20	233	260
UniRef90_B1ZRF4	34.51	233	552
UniRef90_B1ZRF4	31.53	233	552
UniRef90_A0A067TB26	50.85	233	256
UniRef90_A0A0C3HBJ0	52.10	233	255
UniRef90_B2AS32	48.37	233	726
UniRef90_A0A066WK52	31.74	233	511
UniRef90_A0A066WK52	29.31	233	511
UniRef90_W4KDG9	49.56	233	227
UniRef90_S3CBX0	49.19	233	270
UniRef90_J3NUW6	49.13	233	273
UniRef90_E4RWF8	34.65	233	701
UniRef90_Q7S0L0	56.17	233	269
UniRef90_A0A093ZWL9	36.75	233	260
UniRef90_U4L426	48.31	233	253
UniRef90_G2X6L6	34.04	233	274
UniRef90_H1VMN3	53.85	233	295
UniRef90_UPI0003FEA01E	30.74	233	513
UniRef90_UPI0003FEA01E	28.83	233	513
UniRef90_D5ET24	32.33	233	529
UniRef90_D5ET24	27.27	233	529
UniRef90_UPI0006816412	30.57	233	716
UniRef90_A0A094IK53	36.02	233	260
UniRef90_M2AZ72	34.04	233	313
UniRef90_F7VSJ2	52.54	233	272
UniRef90_E3QNS7	51.01	233	291
UniRef90_UPI0006BBA48A	29.87	233	255
UniRef90_A0A094G9V0	39.45	233	271
UniRef90_E8WZ86	29.39	233	270
UniRef90_A0A0B8YFP0	29.49	233	261
UniRef90_A0A0N0RQJ3	28.51	233	254
UniRef90_L2G323	41.94	233	284
UniRef90_UPI0007039FCC	30.91	233	264
UniRef90_C1F156	35.62	233	287
UniRef90_A0A0G2IBK5	57.35	233	266
UniRef90_A3XPL5	32.30	233	503
UniRef90_A3XPL5	30.17	233	503
UniRef90_UPI00048E5F93	29.87	233	540
UniRef90_UPI00048E5F93	27.56	233	540
UniRef90_A0A0D8JFC9	28.76	233	502
UniRef90_A0A0D8JFC9	32.00	233	502
UniRef90_G8NWA8	33.19	233	672
UniRef90_UPI000695EF07	34.65	233	733
UniRef90_UPI000255AE5C	32.42	233	498
UniRef90_UPI000255AE5C	31.10	233	498
UniRef90_A0A010QS99	50.20	233	291
UniRef90_UPI00048EC506	31.03	233	540
UniRef90_UPI00048EC506	28.00	233	540
UniRef90_UPI00046496A5	32.33	233	509
UniRef90_UPI00046496A5	30.18	233	509
UniRef90_UPI0006971408	29.84	233	299
UniRef90_S8AV66	39.75	233	309
UniRef90_UPI000429DE3D	31.17	233	718
UniRef90_I8Y6E2	28.51	233	546
UniRef90_I8Y6E2	27.73	233	546
UniRef90_E8V0C3	34.51	233	271
UniRef90_M5RPN8	34.48	233	550
UniRef90_M5RPN8	29.78	233	550
UniRef90_G5SVI1	29.13	233	547
UniRef90_G5SVI1	29.63	233	547
UniRef90_A0A0D2PCW1	51.32	233	256
UniRef90_N4VNY3	47.77	233	290
UniRef90_D8DYC4	30.30	233	535
UniRef90_D8DYC4	28.14	233	535
UniRef90_UPI0006FDF130	30.91	233	264
UniRef90_UPI0005694E07	29.25	233	564
UniRef90_UPI0005694E07	27.27	233	564
UniRef90_M5TPE0	33.76	233	566
UniRef90_M5TPE0	31.90	233	566
UniRef90_I3I9K3	32.91	233	527
UniRef90_I3I9K3	30.00	233	527
UniRef90_D3I220	31.17	233	545
UniRef90_D3I220	27.71	233	545
UniRef90_A0A0K6FUV3	43.48	233	2058
UniRef90_B5CU88	32.61	233	716
UniRef90_B5JJ43	32.19	233	928
UniRef90_B5JJ43	30.57	233	928
UniRef90_B5JJ43	24.26	233	928
UniRef90_M3CID1	57.87	233	219
UniRef90_UPI000568A27A	27.47	233	215
UniRef90_A7EFK4	50.21	233	282
UniRef90_K2P5R2	30.13	233	519
UniRef90_K2P5R2	26.84	233	519
UniRef90_A0A010QAQ3	40.73	233	286
UniRef90_UPI000360FF72	31.28	233	292
UniRef90_UPI00047FB31C	29.06	233	259
UniRef90_UPI000440C559	48.51	233	261
UniRef90_UPI00069922B1	33.33	233	274
UniRef90_H1HNV1	29.57	233	532
UniRef90_H1HNV1	26.34	233	532
UniRef90_V2XEH4	39.83	233	251
UniRef90_A0A085FJ00	31.20	233	554
UniRef90_A0A085FJ00	27.94	233	554
UniRef90_UPI00055A542A	31.51	233	552
UniRef90_UPI00055A542A	24.14	233	552
UniRef90_UPI0006F82313	34.50	233	553
UniRef90_UPI0006F82313	29.06	233	553
UniRef90_A0A0L6WYN8	51.39	233	228
UniRef90_A0A0K6FUQ4	43.44	233	334
UniRef90_UPI00055BADE1	27.48	233	266
UniRef90_UPI00055F783B	31.20	233	554
UniRef90_UPI00055F783B	28.34	233	554
UniRef90_A0A0C3QNH1	43.04	233	339
UniRef90_R6BAR8	31.14	233	538
UniRef90_R6BAR8	27.50	233	538
UniRef90_A0A0L0JFR3	28.25	233	262
UniRef90_D2QL42	28.03	233	280
UniRef90_F5IYW4	29.69	233	716
UniRef90_UPI0006AF7303	28.05	233	266
UniRef90_A0A0E3UJS9	34.50	233	241
UniRef90_UPI0006E432E7	29.15	233	264
UniRef90_UPI0006FC63ED	36.24	233	562
UniRef90_UPI0006FC63ED	29.49	233	562
UniRef90_R5PFW9	30.25	233	550
UniRef90_R5PFW9	29.44	233	550
UniRef90_A0A0J5PJJ5	32.24	233	276
UniRef90_G4TNN3	41.89	233	229
UniRef90_UPI0004E21C4F	27.35	233	264
UniRef90_O31528	25.86	233	217
UniRef90_R6L6X4	29.96	233	560
UniRef90_R6L6X4	27.15	233	560
UniRef90_UPI0005573738	24.90	233	257
UniRef90_UPI00046EC305	25.00	233	232
UniRef90_UPI0005CA098A	27.83	233	524
UniRef90_UPI0005CA098A	30.32	233	524
UniRef90_UPI0005C7151C	30.00	233	543
UniRef90_UPI0005C7151C	24.90	233	543
UniRef90_W7HYG1	36.33	233	315
UniRef90_B5HR50	28.83	233	266
UniRef90_UPI00066C40D8	26.61	233	523
UniRef90_UPI00066C40D8	29.28	233	523
UniRef90_UPI00055DD80D	27.80	233	262
UniRef90_UPI0006D1BFAE	25.11	233	227
UniRef90_UPI00047F4EB9	27.71	233	564
UniRef90_UPI00047F4EB9	29.74	233	564
UniRef90_UPI0004C6FA88	27.68	233	268
UniRef90_M5PDE6	28.44	233	213
UniRef90_A0A066YJQ6	26.91	233	263
UniRef90_A0A0C3L486	41.03	233	311
UniRef90_F9F9W1	35.56	233	258
UniRef90_Q93RU5	27.35	233	267
UniRef90_UPI0006FA57F8	31.91	233	551
UniRef90_UPI0006FA57F8	29.61	233	551
UniRef90_UPI000564470B	27.48	233	265
UniRef90_UPI0004C0B389	28.83	233	266
UniRef90_A0A0H4CD08	27.16	233	259
UniRef90_UPI0004C7F8C3	26.61	233	268
UniRef90_A0A0J8C2F5	27.23	233	266
UniRef90_I3C145	28.93	233	244
UniRef90_H1QP09	26.91	233	267
UniRef90_UPI000701C622	28.46	233	571
UniRef90_UPI000701C622	36.57	233	571
UniRef90_UPI0006B38A65	27.48	233	264
UniRef90_UPI0006E33673	28.83	233	268
UniRef90_UPI0003B72AFA	30.64	233	268
UniRef90_UPI0004C4D69D	27.03	233	267
UniRef90_H1Y0W9	28.57	233	268
UniRef90_Q829N6	28.51	233	266
UniRef90_L8P796	27.35	233	271
UniRef90_W3WSN8	38.11	233	252
UniRef90_A0A0M8X6Z7	25.56	233	271
UniRef90_T0KFZ2	40.17	233	247
UniRef90_A0A0N0NDT2	27.35	233	265
UniRef90_UPI0007017542	28.63	233	548
UniRef90_UPI0007017542	32.61	233	548
UniRef90_D9X0K7	26.91	233	265
UniRef90_UPI0004C88AFD	28.70	233	259
UniRef90_UPI0006DB93EC	31.49	233	256
UniRef90_A0A0J6EJ03	25.88	233	214
UniRef90_UPI000369A954	29.22	233	252
UniRef90_UPI0005BD1661	26.46	233	262
UniRef90_A0A0C5GB95	29.60	233	272
UniRef90_UPI0006F49714	27.27	233	245
UniRef90_A0A0N0MWN8	28.51	233	264
UniRef90_D1PX58	31.30	233	546
UniRef90_D1PX58	29.00	233	546
UniRef90_D5GAP8	41.53	233	276
UniRef90_K2PS48	26.14	233	253
UniRef90_A0A0H4VQH9	27.43	233	277
UniRef90_B9THU1	29.49	233	415
UniRef90_B9THU1	47.62	233	415
UniRef90_Q65KX9	26.34	233	214
UniRef90_F9D1P5	31.70	233	544
UniRef90_F9D1P5	27.08	233	544
UniRef90_UPI0004933BD6	27.69	233	245
UniRef90_U4L6G1	33.93	233	274
UniRef90_A0A0J7IR75	27.69	233	244
UniRef90_UPI0006994B6B	26.46	233	266
UniRef90_A0A0M2GCT2	26.34	233	265
UniRef90_A0A085B685	27.69	233	245
UniRef90_UPI000490E9A4	28.05	233	264
UniRef90_A0A0F5W215	26.91	233	265
UniRef90_A0A086N4W3	27.35	233	266
UniRef90_UPI0005BE818A	27.60	233	274
UniRef90_A0A0C3L490	42.80	233	335
UniRef90_UPI0004CA316F	26.34	233	268
UniRef90_A0A0L8L6R6	27.35	233	270
UniRef90_UPI0006EB9C85	29.15	233	262
UniRef90_A0A0B4E5R1	26.03	233	245
UniRef90_L8X509	44.88	233	312
UniRef90_A3DK57	27.59	233	831
UniRef90_A3DK57	22.83	233	831
UniRef90_UPI0005596ADD	25.70	233	251
UniRef90_UPI0005245EBF	27.60	233	266
UniRef90_A0A0K8LJW3	32.61	233	511
UniRef90_A0A081L9A8	27.11	233	209
UniRef90_A0A077XV05	29.36	233	264
UniRef90_E7D8Q8	44.92	233	254
UniRef90_K9D9W0	31.20	233	757
UniRef90_K9D9W0	28.28	233	757
UniRef90_J2SWL0	27.80	233	244
UniRef90_A0A0D7VWB6	28.40	233	246
UniRef90_A0A0C3S582	38.30	233	257
UniRef90_UPI0004C8267F	29.15	233	265
UniRef90_A0A0J8ASQ3	25.88	233	256
UniRef90_S7U646	26.34	233	295
UniRef90_UPI0003F98DAF	26.45	233	245
UniRef90_UPI0007030B3B	29.06	233	552
UniRef90_UPI0007030B3B	29.18	233	552
UniRef90_UPI0004CBBB9C	27.35	233	264
UniRef90_A0A0K2APW7	26.91	233	266
UniRef90_UPI000255B01E	25.51	233	247
UniRef90_UPI0004BFB540	27.80	233	265
UniRef90_UPI00070120C6	30.77	233	556
UniRef90_UPI00070120C6	29.87	233	556
UniRef90_UPI0006E29D0A	27.65	233	269
UniRef90_E8X416	27.20	233	310
UniRef90_UPI0006B034A7	25.76	233	259
UniRef90_L7EY48	28.64	233	266
UniRef90_UPI00056504F2	28.51	233	264
UniRef90_UPI00039EBEBD	27.35	233	262
UniRef90_I0KC76	28.16	233	777
UniRef90_W7YCE1	30.87	233	1052
UniRef90_F0S6D3	28.51	233	264
UniRef90_W3XDD7	52.52	233	246
UniRef90_A0A0H3DYC0	25.00	233	217
UniRef90_A0A0M2PKS1	26.67	233	224
UniRef90_A0A0M9X7P7	27.80	233	279
UniRef90_A0A0M7QKY4	28.57	233	276
UniRef90_A0A0C3AEX7	42.34	233	229
UniRef90_W4V4D8	25.11	233	588
UniRef90_W4V4D8	19.35	233	588
UniRef90_UPI00054EF7B1	27.69	233	244
UniRef90_UPI00055802B9	25.62	233	244
UniRef90_A0A089X1P7	27.48	233	265
UniRef90_UPI0005A83AAC	23.04	233	218
UniRef90_Q4WBX3	33.65	233	303
UniRef90_A0A085Z673	26.75	233	245
UniRef90_V6VGU2	26.91	233	273
UniRef90_UPI000469829D	27.08	233	246
UniRef90_A0A067TZQ1	46.46	233	231
UniRef90_G1X867	38.53	233	305
UniRef90_W8EV81	25.93	233	778
UniRef90_UPI0005A98B73	28.70	233	268
UniRef90_UPI0003AA61DC	25.11	233	262
UniRef90_A0A0B7K8M3	43.48	233	245
UniRef90_A0A086A593	27.27	233	246
UniRef90_F2RHG1	26.34	233	242
UniRef90_UPI0006E3A46A	27.40	233	266
UniRef90_L1KMW8	28.11	233	263
UniRef90_V4NVL9	29.24	233	291
UniRef90_UPI0004C23DD9	27.35	233	267
UniRef90_UPI0005A9E353	23.46	233	227
UniRef90_UPI0006D9D2B4	23.48	233	779
UniRef90_UPI00044091B0	38.86	233	259
UniRef90_D6X7B1	27.48	233	243
UniRef90_UPI00068545D3	23.33	233	247
UniRef90_A0A0K9XZ28	26.86	233	245
UniRef90_UPI0004799028	26.14	233	229
UniRef90_F0S890	25.51	233	250
UniRef90_UPI000400C620	25.54	233	227
UniRef90_A0A086B395	25.62	233	245
UniRef90_A0A066WTG8	25.51	233	244
UniRef90_UPI000689A071	29.80	233	260
UniRef90_D9XR91	27.35	233	264
UniRef90_UPI0003497C3B	24.30	233	264
UniRef90_W0RSC2	30.60	233	661
UniRef90_A0A0N1FVB8	27.19	233	268
UniRef90_A0A085EMD7	24.36	233	215
UniRef90_UPI0006E451D1	26.67	233	231
UniRef90_F8F7X9	27.43	233	224
UniRef90_F8FIH2	28.98	233	233
UniRef90_UPI00047D0CD1	26.34	233	243
UniRef90_A0A0N1DT35	26.03	233	245
UniRef90_K5X891	42.45	233	226
UniRef90_A3XJH5	26.86	233	261
UniRef90_A0A0M2YRG9	26.91	233	257
UniRef90_UPI00055DD309	28.81	233	377
UniRef90_D5ZNM4	27.80	233	266
UniRef90_U2X7J6	26.02	233	278
UniRef90_F0SCP8	25.10	233	249
UniRef90_L0G1X5	24.90	233	251
UniRef90_A0A086H1B9	29.28	233	268
UniRef90_U5C1F1	26.03	233	250
UniRef90_UPI000698395F	26.55	233	269
UniRef90_UPI0006D8CD6A	24.37	233	249
UniRef90_UPI0006B501F9	27.27	233	253
UniRef90_X0RLE3	25.94	233	224
UniRef90_UPI0004C06C2D	26.82	233	267
UniRef90_A0A0H1S0X2	26.11	233	209
UniRef90_UPI00041F2FDF	26.94	233	247
UniRef90_A0A094FNQ1	55.21	233	323
UniRef90_F4C3N9	25.42	233	244
UniRef90_S5Z608	25.21	233	272
UniRef90_A0A0N1KYD7	32.44	233	562
UniRef90_A0A0N1KYD7	30.90	233	562
UniRef90_UPI000570649A	26.75	233	246
UniRef90_UPI0004CC3FF0	26.24	233	268
UniRef90_UPI00040A90F2	29.11	233	224
UniRef90_UPI0006DCC325	28.10	233	255
UniRef90_UPI000427B95A	26.75	233	248
UniRef90_UPI00070173F0	26.79	233	268
UniRef90_A0A072SIF0	27.35	233	262
UniRef90_UPI00029B26A1	26.25	233	245
UniRef90_UPI0003C7413E	26.61	233	286
UniRef90_M5RED4	23.87	233	246
UniRef90_A0A0L8V3J6	26.05	233	247
UniRef90_UPI0004BF0518	26.34	233	275
UniRef90_UPI0004939DB9	26.64	233	247
UniRef90_S7V7D2	25.00	233	246
UniRef90_A0A0M2SV16	23.14	233	225
UniRef90_UPI0006D0BE9C	27.16	233	248
UniRef90_C9YYE5	27.85	233	268
UniRef90_A0A0G3XZK8	24.69	233	278
UniRef90_UPI0004C27653	26.91	233	268
UniRef90_UPI0006F7C117	27.13	233	247
UniRef90_G2PVP5	25.73	233	340
UniRef90_UPI00047E72DA	24.07	233	265
UniRef90_A0A0E3UMY1	29.66	233	376
UniRef90_E4Q680	25.73	233	340
UniRef90_UPI0004CC64A0	29.03	233	266
UniRef90_A0A085BAC0	27.27	233	244
UniRef90_A0A0D3L8Y4	21.81	233	254
UniRef90_UPI00038144E4	24.58	233	253
UniRef90_A0A0E3ZEF4	24.48	233	249
UniRef90_UPI0004935AC3	23.75	233	246
UniRef90_F4KQU4	26.23	233	778
UniRef90_A0A0M8VP01	27.35	233	259
UniRef90_A4IPJ1	24.79	233	264
UniRef90_R9TSG8	27.50	233	238
UniRef90_UPI00069D0B59	24.27	233	225
UniRef90_UPI00029B459C	23.65	233	245
UniRef90_C6X1J9	24.79	233	249
UniRef90_A0A0J0Y4F6	25.00	233	247
UniRef90_UPI000702DB59	25.42	233	247
UniRef90_UPI00041A4773	23.55	233	232
UniRef90_UPI0004DED147	25.96	233	239
UniRef90_UPI0006912B9C	25.51	233	245
UniRef90_A0A0C1DAQ4	27.19	233	246
UniRef90_D9WC54	27.66	233	264
UniRef90_UPI000426C797	27.08	233	248
UniRef90_E3ECM9	25.31	233	370
UniRef90_UPI0006895EB1	26.34	233	275
UniRef90_A0A0C1FRJ2	25.82	233	248
UniRef90_UPI0006990A50	25.21	233	264
UniRef90_G0IZG3	28.23	233	285
UniRef90_UPI00036DF947	24.69	233	229
UniRef90_J2S6L4	25.91	233	247
UniRef90_W4SII8	26.56	233	372
UniRef90_UPI0007035121	25.42	233	246
UniRef90_B5JHS0	28.93	233	256
UniRef90_UPI00048FB0A7	23.91	233	223
