UniRef90_P0A6C2	100.00	279	285
UniRef90_Q3Z047	98.92	279	285
UniRef90_A9MK49	88.89	279	285
UniRef90_L0M2G5	88.89	279	285
UniRef90_UPI000300CB65	87.81	279	285
UniRef90_E3GC09	88.17	279	285
UniRef90_UPI0003710B48	87.46	279	285
UniRef90_UPI00057C21B6	85.66	279	285
UniRef90_A0A071LTJ1	84.23	279	285
UniRef90_V5ATN0	85.66	279	286
UniRef90_UPI000466C008	85.66	279	285
UniRef90_Q0GMF1	86.02	279	285
UniRef90_A0A085IBS6	88.89	279	285
UniRef90_A0A0L0AQD5	85.66	279	281
UniRef90_A0A0D1MZU9	85.30	279	285
UniRef90_J1GC44	84.23	279	285
UniRef90_A6TBP4	88.17	279	284
UniRef90_A4WCJ5	86.74	279	285
UniRef90_I2B7F0	84.23	279	285
UniRef90_A0A0F3YKP5	87.10	279	285
UniRef90_E5YGN8	82.08	279	285
UniRef90_W7P5F5	87.10	279	285
UniRef90_A0A0J8VLM3	82.80	279	285
UniRef90_UPI0006F3546A	81.72	279	282
UniRef90_A0A0A3Z1U6	81.36	279	282
UniRef90_A0A090UZV2	86.38	279	285
UniRef90_UPI0004146F21	81.36	279	285
UniRef90_A0A014NMR5	81.36	279	280
UniRef90_H8NPW7	80.65	279	288
UniRef90_Q6D3L8	83.09	279	281
UniRef90_A0A0G3CL02	81.00	279	285
UniRef90_A8GGT5	81.00	279	279
UniRef90_A0A0J9BE78	81.00	279	280
UniRef90_A7MLL2	82.80	279	285
UniRef90_A0A0F5Y1H8	80.65	279	281
UniRef90_UPI0005563D17	80.65	279	280
UniRef90_A1JLX8	82.01	279	281
UniRef90_I0QNI6	80.65	279	288
UniRef90_UPI0005D384A9	80.65	279	287
UniRef90_A0A0M2K4K7	80.65	279	280
UniRef90_A0A095T6R8	80.29	279	281
UniRef90_E9CJU5	80.29	279	279
UniRef90_E6WG27	79.93	279	281
UniRef90_UPI0004B306F9	79.93	279	282
UniRef90_A0A085HLQ4	80.29	279	285
UniRef90_A0A084A161	79.57	279	279
UniRef90_A0A0G4K203	80.58	279	279
UniRef90_A0A0A1B0X7	79.93	279	285
UniRef90_H3RER6	79.21	279	280
UniRef90_UPI000660D896	79.57	279	281
UniRef90_UPI0004A362FF	78.85	279	285
UniRef90_B2VIH1	78.49	279	280
UniRef90_UPI0004787CF6	78.85	279	283
UniRef90_C6C8E4	79.21	279	288
UniRef90_UPI00046A913B	78.49	279	280
UniRef90_C4UKS2	79.50	279	281
UniRef90_G7LN64	80.94	279	283
UniRef90_A0A0A0Z5K0	77.78	279	282
UniRef90_UPI0006F2E900	78.26	279	288
UniRef90_A0A0J7JMG1	79.93	279	282
UniRef90_C5BCN2	79.93	279	282
UniRef90_B4ETA5	78.14	279	281
UniRef90_UPI000379F0E5	78.49	279	280
UniRef90_A0A0J8YTN7	79.21	279	279
UniRef90_A0A077MW16	77.42	279	280
UniRef90_K8WVK2	77.06	279	280
UniRef90_E0SM09	76.70	279	285
UniRef90_V3U004	77.42	279	282
UniRef90_A0A077PP37	76.70	279	280
UniRef90_D3VIW2	76.70	279	280
UniRef90_A0A066TA87	77.70	279	281
UniRef90_A0A0A2RCS3	76.90	279	280
UniRef90_Q7N364	77.78	279	280
UniRef90_A0A0H2Q8G6	77.78	279	280
UniRef90_K7SK75	77.17	279	294
UniRef90_A0A0A7S0M6	76.53	279	280
UniRef90_B6XKH2	76.34	279	281
UniRef90_UPI00039CE09E	75.27	279	280
UniRef90_X2H1E9	75.27	279	280
UniRef90_UPI0005BBD988	77.34	279	283
UniRef90_UPI00022CACA6	75.18	279	282
UniRef90_D2TYP9	71.68	279	279
UniRef90_R4I0C2	73.29	279	278
UniRef90_R8AV46	75.36	279	283
UniRef90_Q1YST7	70.25	279	282
UniRef90_A0A0A3A8G5	71.48	279	281
UniRef90_J3TEY8	72.36	279	295
UniRef90_UPI00048AB5BD	72.76	279	280
UniRef90_S2L8E1	73.12	279	283
UniRef90_C4LD49	74.64	279	279
UniRef90_H0J3B0	72.30	279	286
UniRef90_A0A0B1PU96	73.02	279	286
UniRef90_UPI0003681075	73.12	279	289
UniRef90_UPI0004859D27	72.66	279	281
UniRef90_U3U301	69.78	279	281
UniRef90_I3YKS7	74.01	279	282
UniRef90_UPI0004081F7B	71.74	279	283
UniRef90_G4F2Z8	71.22	279	281
UniRef90_A0A081K6S9	70.65	279	280
UniRef90_A0A088N1Z9	70.55	279	291
UniRef90_UPI0002557815	70.76	279	281
UniRef90_B6EKY4	71.01	279	282
UniRef90_A0A081MZS0	70.29	279	280
UniRef90_UPI00058ED540	70.86	279	282
UniRef90_UPI0003631932	71.68	279	281
UniRef90_UPI0004862683	70.91	279	287
UniRef90_UPI00036A2E8C	70.86	279	286
UniRef90_I2NKB1	69.93	279	281
UniRef90_R1F691	70.76	279	280
UniRef90_B8F7D1	68.59	279	281
UniRef90_A0A085DWT0	70.50	279	286
UniRef90_K8C0W5	81.67	279	248
UniRef90_D4IKY7	72.56	279	282
UniRef90_Q1LT79	68.00	279	292
UniRef90_W1GW30	99.49	279	201
UniRef90_R6VED7	72.92	279	282
UniRef90_A0A081NIW2	68.10	279	279
UniRef90_A0A0D6EAV5	70.50	279	285
UniRef90_G9S7X8	70.50	279	279
UniRef90_A6FA24	69.45	279	282
UniRef90_N9V645	70.04	279	280
UniRef90_UPI000371CFA9	70.29	279	281
UniRef90_A0KK26	70.40	279	281
UniRef90_UPI0005AADF23	71.01	279	280
UniRef90_A3MZ76	68.48	279	280
UniRef90_F7SSC6	69.78	279	296
UniRef90_J4KE32	68.23	279	281
UniRef90_R5IA96	68.00	279	278
UniRef90_Q1Z184	70.40	279	282
UniRef90_UPI000407B894	69.82	279	281
UniRef90_A0A0A2ETH0	69.20	279	278
UniRef90_UPI000379070E	67.87	279	288
UniRef90_UPI000415B897	68.23	279	279
UniRef90_Q0F1B7	69.45	279	281
UniRef90_UPI00041994C5	69.93	279	284
UniRef90_A0A086D677	70.25	279	282
UniRef90_A0A0B0ENF6	66.91	279	280
UniRef90_UPI0004140A24	69.20	279	285
UniRef90_F3ZUD3	70.18	279	278
UniRef90_A0A090P5L3	69.68	279	293
UniRef90_UPI0004852F8E	69.93	279	281
UniRef90_C5S320	67.51	279	279
UniRef90_A0A0M0I0P7	69.45	279	294
UniRef90_A0A0C3NHV6	68.84	279	282
UniRef90_A0A0J8XUT7	68.95	279	283
UniRef90_V5HLS3	69.20	279	283
UniRef90_UPI0004713A1B	70.55	279	281
UniRef90_UPI000361581A	67.75	279	282
UniRef90_S7I1J2	69.09	279	292
UniRef90_UPI000645695A	69.45	279	279
UniRef90_UPI0004898E2C	67.38	279	281
UniRef90_A0A0B8QPZ8	69.93	279	286
UniRef90_UPI0006C19F98	69.20	279	281
UniRef90_UPI000493BA8E	67.75	279	280
UniRef90_A0A0C5WU03	69.68	279	283
UniRef90_E2PB47	67.39	279	281
UniRef90_L8J3K0	69.31	279	280
UniRef90_A0A0J1H774	68.95	279	282
UniRef90_A0A0K2BKS5	65.70	279	287
UniRef90_UPI0003815BC3	68.48	279	282
UniRef90_U4JUG5	69.20	279	285
UniRef90_D7JGK5	68.12	279	280
UniRef90_C9QMS3	68.36	279	291
UniRef90_G2LMK9	64.52	279	288
UniRef90_M4U9Y1	67.03	279	280
UniRef90_A5F5R6	69.45	279	286
UniRef90_W0EKW6	69.09	279	282
UniRef90_A0A081G2D0	68.84	279	286
UniRef90_M4RKK9	65.70	279	279
UniRef90_A0A0B7JB25	69.31	279	283
UniRef90_G2FFY1	67.27	279	280
UniRef90_A0A0M0HLD2	68.73	279	294
UniRef90_A0A084TET5	68.36	279	283
UniRef90_A0A0B0H6M5	67.27	279	280
UniRef90_R5YCN3	69.31	279	280
UniRef90_B0MYM0	70.29	279	281
UniRef90_A0A0C3E4Z5	70.07	279	296
UniRef90_Q1ZMK3	68.84	279	282
UniRef90_B8D8T8	63.44	279	281
UniRef90_Q7VMC4	67.39	279	281
UniRef90_A0A094K0T1	68.12	279	283
UniRef90_UPI00030E7577	68.46	279	283
UniRef90_W0P5B8	63.08	279	280
UniRef90_Q6ASE4	69.57	279	292
UniRef90_Q87SC6	68.36	279	295
UniRef90_U7NL91	67.63	279	283
UniRef90_U3A3S3	68.73	279	289
UniRef90_L8Y071	68.73	279	283
UniRef90_UPI000255CC51	66.79	279	283
UniRef90_UPI00056E38B4	68.00	279	291
UniRef90_UPI0006B479B0	66.43	279	284
UniRef90_A0A0F7K2A0	66.31	279	280
UniRef90_A0A0D8P913	68.23	279	282
UniRef90_D0Z015	68.59	279	280
UniRef90_F7YM79	67.75	279	305
UniRef90_UPI000361D410	67.38	279	280
UniRef90_K0X0A9	68.00	279	282
UniRef90_A0A0A3AN51	66.43	279	280
UniRef90_F9RWV8	68.00	279	288
UniRef90_UPI0003180029	67.64	279	291
UniRef90_UPI0006D27FC7	67.64	279	280
UniRef90_B7VJ51	67.39	279	302
UniRef90_A0A066UHH6	68.36	279	301
UniRef90_E8M7H7	68.00	279	293
UniRef90_A3QBV6	67.03	279	283
UniRef90_Q7MNR1	67.64	279	293
UniRef90_F4MVX9	82.81	279	222
UniRef90_F9RH93	68.00	279	288
UniRef90_UPI0003B69039	65.58	279	280
UniRef90_C9P6K3	68.36	279	294
UniRef90_A0A099LT23	68.00	279	293
UniRef90_A0A0L7YVM9	67.64	279	297
UniRef90_B8KAG2	67.27	279	295
UniRef90_UPI000237C2DD	63.90	279	283
UniRef90_E8LXQ0	67.27	279	295
UniRef90_A0A090T1X1	67.64	279	283
UniRef90_A0A0J1GMF4	66.06	279	281
UniRef90_UPI00029A153A	63.90	279	283
UniRef90_D0I843	69.57	279	288
UniRef90_UPI000413A5F5	66.67	279	282
UniRef90_UPI0004789A84	65.82	279	282
UniRef90_UPI0005A9DBBD	67.64	279	291
UniRef90_B1KI88	65.94	279	289
UniRef90_UPI0003FD66D7	65.69	279	287
UniRef90_A8TAE8	67.27	279	295
UniRef90_UPI00040CCED9	66.67	279	282
UniRef90_UPI00048DB1C0	66.06	279	284
UniRef90_P59058	61.65	279	279
UniRef90_R5W7P6	68.61	279	331
UniRef90_UPI0002DA35EA	67.27	279	308
UniRef90_UPI00036A0817	69.31	279	282
UniRef90_A0A0K8R083	65.34	279	280
UniRef90_T0JFI6	66.06	279	283
UniRef90_R5NWL1	65.82	279	282
UniRef90_B9L9K0	63.54	279	281
UniRef90_A0A0M4H386	62.82	279	280
UniRef90_UPI00047B26CC	66.91	279	280
UniRef90_G2LP13	61.51	279	280
UniRef90_Q5LG28	66.55	279	278
UniRef90_UPI00053A680C	67.75	279	279
UniRef90_J1FBR0	63.90	279	291
UniRef90_A0A086WKE5	66.91	279	294
UniRef90_UPI0004138E13	66.91	279	288
UniRef90_R1ILY6	68.84	279	288
UniRef90_E4VPU9	66.19	279	278
UniRef90_UPI0004118A67	66.06	279	279
UniRef90_A0A0H2N256	65.82	279	295
UniRef90_UPI0002F5AFEC	66.30	279	288
UniRef90_U5Q4W6	64.98	279	282
UniRef90_UPI0004BA8CF4	66.91	279	278
UniRef90_U2CLX2	66.67	279	282
UniRef90_E8T367	63.50	279	281
UniRef90_A8FSG7	63.77	279	286
UniRef90_B6BI48	64.60	279	282
UniRef90_A0A0J5P9X5	63.90	279	281
UniRef90_Q30PH2	65.69	279	281
UniRef90_K5Z973	64.00	279	278
UniRef90_UPI0003B6C11E	63.27	279	279
UniRef90_E1SSE0	67.64	279	281
UniRef90_UPI0004698676	65.22	279	284
UniRef90_K5YP37	63.64	279	278
UniRef90_UPI0004725D8B	65.69	279	286
UniRef90_F0S1Y0	64.36	279	289
UniRef90_A0A090R5C2	65.82	279	290
UniRef90_UPI0006C80FC9	64.36	279	290
UniRef90_F9Z958	64.36	279	284
UniRef90_C0QMG1	64.98	279	279
UniRef90_UPI0004DEE046	63.48	279	292
UniRef90_A6LB99	64.03	279	281
UniRef90_UPI00056EC943	65.09	279	292
UniRef90_A0L901	63.44	279	282
UniRef90_R6E8Y9	65.70	279	277
UniRef90_Q89YT0	64.98	279	277
UniRef90_F3PSL3	66.06	279	277
UniRef90_B3CDN8	64.86	279	278
UniRef90_UPI00048E8D63	65.22	279	284
UniRef90_A0A0A5IBA4	65.82	279	289
UniRef90_G5HAF2	67.39	279	282
UniRef90_UPI00068F6BB2	68.18	279	268
UniRef90_E0UQL0	63.76	279	297
UniRef90_UPI000480ADE8	65.94	279	291
UniRef90_K1XMU6	64.26	279	281
UniRef90_A8EWW1	65.82	279	280
UniRef90_G2HSB5	66.18	279	281
UniRef90_B3QQA9	64.36	279	281
UniRef90_K0N229	63.48	279	288
UniRef90_W1FTZ6	92.00	279	203
UniRef90_A0A0H6NBK4	62.54	279	310
UniRef90_UPI000467CA9C	64.73	279	281
UniRef90_UPI00040460B5	66.55	279	281
UniRef90_B4S3I3	66.18	279	283
UniRef90_U3CDR7	64.73	279	291
UniRef90_R5FYF1	63.27	279	282
UniRef90_I6H191	98.29	279	181
UniRef90_UPI0004917418	63.87	279	284
UniRef90_UPI00030C2834	63.90	279	282
UniRef90_A0A0A2E654	63.67	279	281
UniRef90_A7V160	64.62	279	280
UniRef90_B4SE58	63.18	279	280
UniRef90_UPI0004695B42	61.73	279	279
UniRef90_UPI0003754B01	63.27	279	282
UniRef90_UPI0005C9C782	65.09	279	281
UniRef90_B0TJ96	67.03	279	284
UniRef90_A0A060R9X1	63.64	279	280
UniRef90_H1DFT0	63.27	279	282
UniRef90_A0A098C1U2	62.01	279	280
UniRef90_W4UWV4	63.54	279	277
UniRef90_A0A0C2V9A6	65.94	279	283
UniRef90_UPI00040FEB1C	65.09	279	283
UniRef90_UPI0004243D75	66.43	279	285
UniRef90_A6D9Z1	65.00	279	280
UniRef90_A8ZSE7	65.82	279	283
UniRef90_A0A063Y5A4	65.02	279	268
UniRef90_I5AY69	62.45	279	281
UniRef90_UPI00046D1A19	62.91	279	280
UniRef90_UPI00047795AA	63.18	279	284
UniRef90_B0NL76	63.90	279	277
UniRef90_Q3AT74	63.44	279	282
UniRef90_A8H1G0	65.20	279	284
UniRef90_Q0YUM1	64.73	279	280
UniRef90_A6Q1P1	63.14	279	281
UniRef90_UPI00047C3E1E	62.55	279	280
UniRef90_D4ZH00	62.68	279	285
UniRef90_I3XU55	61.82	279	280
UniRef90_B8CSD8	62.77	279	284
UniRef90_UPI000471D917	62.23	279	296
UniRef90_K7SAV4	62.59	279	282
UniRef90_A0A0C2YV37	60.69	279	295
UniRef90_Q7M8B4	62.77	279	282
UniRef90_D5V7L7	63.60	279	281
UniRef90_A0A0F2QYA3	61.23	279	281
UniRef90_Q6LUP5	66.93	279	279
UniRef90_E6SWP8	62.09	279	277
UniRef90_E4TY13	62.23	279	282
UniRef90_S0G431	60.36	279	299
UniRef90_UPI0004698A80	61.45	279	280
UniRef90_A0A0C2W3Z7	60.98	279	296
UniRef90_UPI0003619A0D	61.65	279	280
UniRef90_Q8KFL0	62.55	279	281
UniRef90_UPI0004841F2D	62.09	279	283
UniRef90_A6L330	62.09	279	278
UniRef90_W6EB72	60.73	279	280
UniRef90_A0A0A2DVP5	57.76	279	279
UniRef90_V5WGA2	59.93	279	280
UniRef90_A6QCI0	59.93	279	296
UniRef90_E1R8A5	60.73	279	281
UniRef90_UPI0005C5887A	63.77	279	280
UniRef90_I2K626	60.90	279	297
UniRef90_R4JCX4	58.99	279	280
UniRef90_A4SDE2	60.73	279	279
UniRef90_D1AZ34	61.45	279	280
UniRef90_UPI00046819A0	61.23	279	281
UniRef90_UPI00054EEF6F	58.18	279	283
UniRef90_UPI000466A907	61.15	279	282
UniRef90_Q3B5R5	61.29	279	279
UniRef90_R5K809	66.93	279	301
UniRef90_C3JBU6	59.12	279	284
UniRef90_E6X2X8	58.13	279	300
UniRef90_A0A071L9R6	59.14	279	280
UniRef90_A0A0A2G7R7	58.76	279	284
UniRef90_A0A0H2LNW8	75.70	279	214
UniRef90_B3ELV8	61.01	279	284
UniRef90_A8Z6D9	60.51	279	283
UniRef90_A0A076FAY5	58.33	279	282
UniRef90_C8PHD7	58.78	279	284
UniRef90_UPI000289E1AB	72.07	279	223
UniRef90_S3XIB2	57.25	279	279
UniRef90_A0A0B0Q6D7	58.91	279	287
UniRef90_A7I010	59.42	279	282
UniRef90_R5AU22	59.64	279	282
UniRef90_A7GW36	58.78	279	283
UniRef90_B3EEJ7	59.27	279	290
UniRef90_E3H8F6	57.66	279	298
UniRef90_A0RRG4	57.25	279	282
UniRef90_U2GLJ8	58.33	279	283
UniRef90_P59496	55.23	279	278
UniRef90_C3WE78	58.03	279	293
UniRef90_A0A071LKK0	57.25	279	283
UniRef90_UPI00046FDEAA	58.33	279	280
UniRef90_Q2BR59	70.83	279	225
UniRef90_A1BHW7	59.27	279	284
UniRef90_UPI000486DE82	56.57	279	281
UniRef90_C6JR26	56.20	279	290
UniRef90_F2LVR9	55.23	279	279
UniRef90_W1ANN0	86.91	279	250
UniRef90_R7EV84	56.52	279	283
UniRef90_U7VDA2	56.36	279	288
UniRef90_UPI0003B403A0	55.43	279	284
UniRef90_D1AKE2	56.00	279	281
UniRef90_B9D2N9	56.88	279	279
UniRef90_Q5E2Y7	69.51	279	223
UniRef90_Q1JW24	67.25	279	229
UniRef90_UPI00053C0263	54.35	279	281
UniRef90_G5LR00	89.70	279	171
UniRef90_A0A0H6QA16	71.84	279	225
UniRef90_U7D7D3	54.71	279	288
UniRef90_A0A0J7HSR1	52.33	279	284
UniRef90_C2MCR2	54.71	279	285
UniRef90_F7WZ30	53.09	279	287
UniRef90_G8QU07	54.15	279	279
UniRef90_R7DJG7	70.39	279	207
UniRef90_Q057Y5	49.64	279	290
UniRef90_A0A015MR74	55.64	279	435
UniRef90_UPI000487F3BA	52.92	279	285
UniRef90_A0A0D2WQD8	51.96	279	467
UniRef90_A0A0N4UP60	52.21	279	279
UniRef90_UPI0004418290	52.38	279	415
UniRef90_F0RSK5	52.54	279	280
UniRef90_Z2ETV0	69.95	279	203
UniRef90_F1A0E3	53.28	279	302
UniRef90_I0YXE4	54.34	279	407
UniRef90_G4TSQ9	50.92	279	449
UniRef90_A0A0D2M3Z9	52.35	279	345
UniRef90_UPI0006973D57	51.46	279	346
UniRef90_B0DFS6	51.81	279	302
UniRef90_G3MNX8	51.82	279	460
UniRef90_B3RPR2	52.49	279	382
UniRef90_UPI0004A3B9CC	68.34	279	209
UniRef90_B7P8E1	51.64	279	314
UniRef90_W4KKM9	51.45	279	289
UniRef90_A0A024UVK6	51.08	279	407
UniRef90_W4H6A9	52.16	279	395
UniRef90_A0A0B2VGL8	51.29	279	531
UniRef90_A0A0D0B4E0	51.64	279	391
UniRef90_A7SS16	52.49	279	281
UniRef90_K5WZ84	51.99	279	423
UniRef90_L7MAL2	51.46	279	465
UniRef90_A0A0C3AC27	49.45	279	447
UniRef90_A0A0C2WZ09	52.35	279	388
UniRef90_M3XJU4	50.57	279	392
UniRef90_UPI000440D083	52.00	279	483
UniRef90_A0A077TRP2	48.53	279	509
UniRef90_A0A0C3PUY2	48.97	279	386
UniRef90_U6P834	49.26	279	287
UniRef90_A0A077XJ53	47.43	279	509
UniRef90_UPI0003FE9778	49.64	279	286
UniRef90_Q7RCQ2	47.43	279	460
UniRef90_A0A0C3J544	51.25	279	443
UniRef90_A0A067D3G7	51.09	279	348
UniRef90_F8P785	49.64	279	302
UniRef90_A0A067Q2R2	50.55	279	488
UniRef90_Q5CT26	48.57	279	364
UniRef90_S8E2H7	49.81	279	347
UniRef90_A0A0C3BYF9	49.82	279	420
UniRef90_A0A0D7BF50	50.72	279	397
UniRef90_W7KB37	47.06	279	537
UniRef90_R7UJ60	48.54	279	359
UniRef90_J0WSE3	50.91	279	500
UniRef90_UPI00065BFAAC	48.73	279	469
UniRef90_A0A0C9YSG3	51.25	279	502
UniRef90_A0A0C9W9T2	49.45	279	454
UniRef90_Q10002	47.51	279	396
UniRef90_Q8IE02	47.06	279	597
UniRef90_U6LZ77	49.10	279	411
UniRef90_T0QHK6	49.64	279	360
UniRef90_A0A0N4Y227	48.71	279	420
UniRef90_A0A0G4GEP0	49.29	279	474
UniRef90_U6LTR5	48.75	279	502
UniRef90_Q966U0	47.43	279	542
UniRef90_U6GVW6	48.03	279	424
UniRef90_D8PSR7	49.45	279	370
UniRef90_U6GNB2	48.39	279	420
UniRef90_A0A060T4Q3	48.92	279	366
UniRef90_U4LA39	47.12	279	476
UniRef90_B6AFX1	48.21	279	346
UniRef90_L7IUB1	47.57	279	478
UniRef90_A8XHT2	46.74	279	389
UniRef90_M2R0K8	47.89	279	480
UniRef90_A0A0F8DGJ5	48.61	279	446
UniRef90_UPI00036FACF4	49.10	279	290
UniRef90_U6K2E4	48.03	279	426
UniRef90_G0PA93	46.36	279	358
UniRef90_V3ZXY3	47.94	279	271
UniRef90_A0A0H2RXH7	48.77	279	464
UniRef90_I3IKQ9	48.89	279	281
UniRef90_A0A0C9WVL7	45.34	279	469
UniRef90_Q4N5F6	46.21	279	422
UniRef90_A0A0J9X4R5	49.10	279	351
UniRef90_I3EQF9	47.45	279	305
UniRef90_Q4UE35	46.21	279	420
UniRef90_W7A330	45.59	279	398
UniRef90_A8KBF9	45.09	279	363
UniRef90_UPI0006448E24	47.83	279	316
UniRef90_U6KXL6	48.03	279	506
UniRef90_A0A067SE71	52.54	279	471
UniRef90_A0A069D2K7	72.99	279	214
UniRef90_H8Z958	46.72	279	305
UniRef90_B3L8Q7	46.32	279	479
UniRef90_A0A0N4V120	47.89	279	415
UniRef90_E7FBZ9	48.66	279	296
UniRef90_D2VNP8	48.55	279	462
UniRef90_V2X7J9	48.23	279	428
UniRef90_UPI0005A7DAD0	50.54	279	285
UniRef90_F8Q891	47.40	279	418
UniRef90_S3CEN8	47.77	279	450
UniRef90_A0A0F4Z7Q5	47.22	279	438
UniRef90_A0A090CXZ0	48.39	279	287
UniRef90_K8BA63	85.00	279	147
UniRef90_G3NL42	46.93	279	293
UniRef90_L0AVZ0	48.08	279	357
UniRef90_A0A0D1MZU9	85.30	279	285
UniRef90_P0A6C2	100.00	279	285
UniRef90_Q3Z047	98.92	279	285
UniRef90_B4ETA5	78.14	279	281
UniRef90_A0A071LTJ1	84.23	279	285
UniRef90_UPI0006F3546A	81.72	279	282
UniRef90_UPI000300CB65	87.81	279	285
UniRef90_Q0GMF1	86.02	279	285
UniRef90_A9MK49	88.89	279	285
UniRef90_E3GC09	88.17	279	285
UniRef90_A8GGT5	81.00	279	279
UniRef90_UPI00057C21B6	85.66	279	285
UniRef90_A0A0A3Z1U6	81.36	279	282
UniRef90_X2H1E9	75.27	279	280
UniRef90_UPI0004787CF6	78.85	279	283
UniRef90_A0A0G3CL02	81.00	279	285
UniRef90_C6C8E4	79.21	279	288
UniRef90_A0A084A161	79.57	279	279
UniRef90_I2B7F0	84.23	279	285
UniRef90_A0A0J8VLM3	82.80	279	285
UniRef90_A0A066TA87	77.70	279	281
UniRef90_E0SM09	76.70	279	285
UniRef90_UPI0003710B48	87.46	279	285
UniRef90_UPI0004146F21	81.36	279	285
UniRef90_V5ATN0	85.66	279	286
UniRef90_A0A081MZS0	70.29	279	280
UniRef90_A0A085HLQ4	80.29	279	285
UniRef90_A0A0A2RCS3	76.34	279	280
UniRef90_UPI000466C008	85.66	279	285
UniRef90_UPI0005BBD988	77.34	279	283
UniRef90_I0QNI6	80.65	279	288
UniRef90_E5YGN8	82.08	279	285
UniRef90_L0M2G5	88.89	279	285
UniRef90_J1GC44	84.23	279	285
UniRef90_F0S1Y0	63.67	279	289
UniRef90_A7MLL2	82.80	279	285
UniRef90_UPI0005D384A9	80.65	279	287
UniRef90_UPI00039CE09E	75.27	279	280
UniRef90_UPI0004B306F9	79.93	279	282
UniRef90_A0A0L0AQD5	85.66	279	281
UniRef90_A0A0J1H774	68.71	279	282
UniRef90_A0A0A7S0M6	76.26	279	280
UniRef90_B2VIH1	78.49	279	280
UniRef90_S2L8E1	73.12	279	283
UniRef90_A0A0J9BE78	81.00	279	280
UniRef90_A0A0A1B0X7	79.93	279	285
UniRef90_H8NPW7	80.65	279	288
UniRef90_A0A077MW16	77.42	279	280
UniRef90_Q6D3L8	83.09	279	281
UniRef90_A0A081NIW2	68.10	279	279
UniRef90_A0A0C5WU03	69.42	279	283
UniRef90_UPI00022CACA6	75.18	279	282
UniRef90_E6WG27	79.93	279	281
UniRef90_K8WVK2	77.06	279	280
UniRef90_A0A0J8YTN7	79.21	279	279
UniRef90_A0A014NMR5	81.36	279	280
UniRef90_E9CJU5	80.29	279	279
UniRef90_A0A0F7K2A0	66.31	279	280
UniRef90_UPI0005563D17	80.65	279	280
UniRef90_A0A0B0ENF6	65.95	279	280
UniRef90_UPI000379F0E5	78.49	279	280
UniRef90_D0Z015	68.35	279	280
UniRef90_UPI000660D896	79.57	279	281
UniRef90_B6EKY4	71.01	279	282
UniRef90_G2FFY1	66.55	279	280
UniRef90_UPI00058ED540	70.86	279	282
UniRef90_A0A0J8XUT7	68.71	279	283
UniRef90_D2TYP9	71.68	279	279
UniRef90_C4UKS2	79.50	279	281
UniRef90_Q1YST7	70.25	279	282
UniRef90_D3VIW2	76.70	279	280
UniRef90_R5IA96	67.27	279	278
UniRef90_A0A081K6S9	70.65	279	280
UniRef90_UPI0004081F7B	71.74	279	283
UniRef90_UPI0004A362FF	78.85	279	285
UniRef90_UPI0006D27FC7	66.91	279	280
UniRef90_G7LN64	80.94	279	283
UniRef90_UPI0004713A1B	69.78	279	281
UniRef90_A0A095T6R8	80.29	279	281
UniRef90_A0A0F5Y1H8	80.65	279	281
UniRef90_A4WCJ5	86.74	279	285
UniRef90_V3U004	77.42	279	282
UniRef90_H3RER6	79.21	279	280
UniRef90_UPI0006F2E900	78.26	279	288
UniRef90_A0A0A2ETH0	69.20	279	278
UniRef90_A0A0G4K203	80.58	279	279
UniRef90_Q1Z184	70.14	279	282
UniRef90_A0A0A0Z5K0	77.78	279	282
UniRef90_L8J3K0	69.06	279	280
UniRef90_B6XKH2	76.34	279	281
UniRef90_A0A0C3NHV6	68.59	279	282
UniRef90_A0L901	63.44	279	282
UniRef90_A0A077PP37	76.70	279	280
UniRef90_A0A0M2K4K7	80.65	279	280
UniRef90_G9S7X8	70.50	279	279
UniRef90_A0A0H2Q8G6	77.78	279	280
UniRef90_UPI0004859D27	72.66	279	281
UniRef90_A1JLX8	82.01	279	281
UniRef90_A0A0J1GMF4	65.83	279	281
UniRef90_F3ZUD3	69.53	279	278
UniRef90_UPI0002557815	70.50	279	281
UniRef90_R8AV46	75.09	279	283
UniRef90_U4JUG5	69.20	279	285
UniRef90_UPI000371CFA9	70.04	279	281
UniRef90_UPI0003631932	71.68	279	281
UniRef90_A0A0F3YKP5	87.10	279	285
UniRef90_U7NL91	67.63	279	283
UniRef90_UPI000645695A	68.71	279	279
UniRef90_A0A090P5L3	69.68	279	293
UniRef90_U2CLX2	66.67	279	282
UniRef90_A6TBP4	88.17	279	284
UniRef90_D7JGK5	68.12	279	280
UniRef90_I3YKS7	73.74	279	282
UniRef90_J4KE32	67.74	279	281
UniRef90_B9L9K0	63.08	279	281
UniRef90_W7P5F5	87.10	279	285
UniRef90_A0A0B1PU96	73.02	279	286
UniRef90_A0A0B8QPZ8	69.42	279	286
UniRef90_A0A0C3E4Z5	70.07	279	296
UniRef90_C5BCN2	79.93	279	282
UniRef90_A0A084TET5	68.36	279	283
UniRef90_F7YM79	67.75	279	305
UniRef90_Q6ASE4	69.57	279	292
UniRef90_A0A0B7JB25	69.06	279	283
UniRef90_UPI00046A913B	78.49	279	280
UniRef90_UPI000379070E	68.12	279	288
UniRef90_A0A085IBS6	88.89	279	285
UniRef90_S7I1J2	69.09	279	292
UniRef90_Q7N364	77.78	279	280
UniRef90_A0A0J7JMG1	79.93	279	282
UniRef90_UPI0003180029	67.64	279	291
UniRef90_V5HLS3	68.95	279	283
UniRef90_UPI000361581A	67.75	279	282
UniRef90_A5F5R6	69.45	279	286
UniRef90_E8M7H7	68.00	279	293
UniRef90_UPI0004852F8E	69.68	279	281
UniRef90_UPI0004862683	70.91	279	287
UniRef90_Q87SC6	68.36	279	295
UniRef90_Q1ZMK3	68.84	279	282
UniRef90_A0A085DWT0	70.50	279	286
UniRef90_UPI0003681075	73.12	279	289
UniRef90_UPI0003B6C11E	62.59	279	279
UniRef90_UPI0006B479B0	66.19	279	284
UniRef90_UPI0004140A24	69.20	279	285
UniRef90_A0A0A3A8G5	70.97	279	281
UniRef90_E8T367	62.82	279	281
UniRef90_A8TAE8	67.27	279	295
UniRef90_H0J3B0	72.30	279	286
UniRef90_W0EKW6	69.09	279	282
UniRef90_T0JFI6	65.11	279	283
UniRef90_R6E8Y9	65.23	279	277
UniRef90_Q5LG28	66.55	279	278
UniRef90_UPI00030E7577	68.46	279	283
UniRef90_UPI000415B897	68.23	279	279
UniRef90_A0A066UHH6	68.36	279	301
UniRef90_UPI000255CC51	66.79	279	283
UniRef90_A0A090T1X1	67.64	279	283
UniRef90_A0A0M0I0P7	69.45	279	294
UniRef90_R6VED7	72.66	279	282
UniRef90_UPI0004BA8CF4	66.91	279	278
UniRef90_A0A0D6EAV5	70.50	279	285
UniRef90_B7VJ51	67.64	279	302
UniRef90_A0A0D8P913	67.74	279	282
UniRef90_UPI00053A680C	67.27	279	279
UniRef90_UPI0002DA35EA	67.27	279	308
UniRef90_Q89YT0	64.52	279	277
UniRef90_C4LD49	74.64	279	279
UniRef90_I2NKB1	69.93	279	281
UniRef90_W4UWV4	63.08	279	277
UniRef90_UPI00036A2E8C	70.86	279	286
UniRef90_G4F2Z8	71.22	279	281
UniRef90_UPI00048AB5BD	72.76	279	280
UniRef90_UPI000407B894	69.18	279	281
UniRef90_Q7MNR1	67.64	279	293
UniRef90_K7SAV4	62.59	279	282
UniRef90_K0X0A9	67.27	279	282
UniRef90_C9P6K3	68.36	279	294
UniRef90_UPI00041994C5	69.93	279	284
UniRef90_A6LB99	64.03	279	281
UniRef90_E4TY13	62.23	279	282
UniRef90_A0A0M0HLD2	68.73	279	294
UniRef90_A0A0L7YVM9	67.64	279	297
UniRef90_D4IKY7	72.30	279	282
UniRef90_A0A0B0H6M5	67.27	279	280
UniRef90_F9Z958	63.44	279	284
UniRef90_E4VPU9	66.19	279	278
UniRef90_C9QMS3	68.36	279	291
UniRef90_R5NWL1	65.11	279	282
UniRef90_Q0F1B7	68.71	279	281
UniRef90_UPI00056EC943	65.09	279	292
UniRef90_A0A099LT23	68.00	279	293
UniRef90_B8F7D1	68.10	279	281
UniRef90_A0A086D677	70.25	279	282
UniRef90_UPI000361D410	67.38	279	280
UniRef90_UPI0006C19F98	69.20	279	281
UniRef90_A0A0H2N256	65.82	279	295
UniRef90_M4U9Y1	67.03	279	280
UniRef90_UPI0005AADF23	71.01	279	280
UniRef90_C5S320	67.75	279	279
UniRef90_UPI0005A9DBBD	67.64	279	291
UniRef90_B6BI48	63.67	279	282
UniRef90_A0A098C1U2	62.01	279	280
UniRef90_R1F691	70.50	279	280
UniRef90_E0UQL0	62.20	279	297
UniRef90_A0A0A2E654	63.67	279	281
UniRef90_K5YP37	63.18	279	278
UniRef90_UPI0004695B42	61.29	279	279
UniRef90_UPI0002F5AFEC	65.59	279	288
UniRef90_F7SSC6	69.78	279	296
UniRef90_UPI00056E38B4	68.00	279	291
UniRef90_UPI00029A153A	63.90	279	283
UniRef90_A6Q1P1	62.45	279	281
UniRef90_A0A0A3AN51	66.19	279	280
UniRef90_K7SK75	76.90	279	294
UniRef90_B8KAG2	67.27	279	295
UniRef90_F3PSL3	65.23	279	277
UniRef90_A0A090R5C2	65.82	279	290
UniRef90_A0A090UZV2	86.38	279	285
UniRef90_A0A0K8R083	65.11	279	280
UniRef90_UPI00036A0817	69.06	279	282
UniRef90_F9RH93	68.00	279	288
UniRef90_UPI000237C2DD	63.90	279	283
UniRef90_R5FYF1	63.31	279	282
UniRef90_UPI00030C2834	63.44	279	282
UniRef90_UPI0004118A67	66.06	279	279
UniRef90_F9RWV8	68.00	279	288
UniRef90_UPI00040CCED9	66.67	279	282
UniRef90_A6FA24	69.45	279	282
UniRef90_C0QMG1	64.75	279	279
UniRef90_A0KK26	70.14	279	281
UniRef90_UPI0003815BC3	68.48	279	282
UniRef90_E8LXQ0	67.27	279	295
UniRef90_U3A3S3	68.73	279	289
UniRef90_K5Z973	64.00	279	278
UniRef90_U5Q4W6	64.98	279	282
UniRef90_A0A0J5P9X5	63.44	279	281
UniRef90_A3MZ76	68.48	279	280
UniRef90_A6L330	61.29	279	278
UniRef90_I5AY69	62.23	279	281
UniRef90_A7V160	64.03	279	280
UniRef90_N9V645	69.78	279	280
UniRef90_A0A0A5IBA4	65.82	279	289
UniRef90_UPI0004898E2C	67.38	279	281
UniRef90_U3CDR7	64.73	279	291
UniRef90_UPI0004789A84	65.34	279	282
UniRef90_B3CDN8	64.03	279	278
UniRef90_UPI0003754B01	63.27	279	282
UniRef90_B0MYM0	70.29	279	281
UniRef90_A8EWW1	65.82	279	280
UniRef90_M4RKK9	65.47	279	279
UniRef90_L8Y071	68.48	279	283
UniRef90_A0A0C2YV37	60.07	279	295
UniRef90_R5YCN3	69.06	279	280
UniRef90_A0A086WKE5	66.91	279	294
UniRef90_UPI000493BA8E	67.75	279	280
UniRef90_A3QBV6	67.03	279	283
UniRef90_Q30PH2	64.98	279	281
UniRef90_UPI00047B26CC	66.19	279	280
UniRef90_UPI000413A5F5	66.67	279	282
UniRef90_Q3AT74	63.44	279	282
UniRef90_S0G431	59.71	279	299
UniRef90_UPI0003B69039	65.58	279	280
UniRef90_A0A0F2QYA3	61.23	279	281
UniRef90_J1FBR0	63.67	279	291
UniRef90_B0NL76	63.08	279	277
UniRef90_UPI00046D1A19	62.23	279	280
UniRef90_UPI0003619A0D	61.65	279	280
UniRef90_UPI0004138E13	66.19	279	288
UniRef90_UPI00068F6BB2	68.18	279	268
UniRef90_UPI00047795AA	62.95	279	284
UniRef90_UPI0005C9C782	65.09	279	281
UniRef90_R1ILY6	68.10	279	288
UniRef90_D0I843	68.82	279	288
UniRef90_B4S3I3	65.23	279	283
UniRef90_R4I0C2	73.29	279	278
UniRef90_UPI0004DEE046	63.48	279	292
UniRef90_A0A081G2D0	68.84	279	286
UniRef90_UPI00046819A0	60.57	279	281
UniRef90_B3QQA9	63.44	279	281
UniRef90_F2LVR9	55.04	279	279
UniRef90_G2HSB5	66.18	279	281
UniRef90_UPI000467CA9C	64.03	279	281
UniRef90_V5WGA2	59.71	279	280
UniRef90_UPI00040460B5	65.59	279	281
UniRef90_UPI0006C80FC9	64.13	279	290
UniRef90_UPI0003FD66D7	65.69	279	287
UniRef90_E6SWP8	61.29	279	277
UniRef90_R5W7P6	67.87	279	331
UniRef90_Q8KFL0	61.87	279	281
UniRef90_R5AU22	58.99	279	282
UniRef90_A8FSG7	63.54	279	286
UniRef90_A4SDE2	59.86	279	279
UniRef90_UPI000480ADE8	65.23	279	291
UniRef90_A0A0A2DVP5	57.35	279	279
UniRef90_K1XMU6	64.26	279	281
UniRef90_B0DFS6	51.81	279	302
UniRef90_UPI0004698A80	60.79	279	280
UniRef90_Q0YUM1	63.80	279	280
UniRef90_Q7VMC4	67.39	279	281
UniRef90_B1KI88	65.70	279	289
UniRef90_UPI00047C3E1E	61.87	279	280
UniRef90_UPI0004725D8B	65.22	279	286
UniRef90_B4SE58	62.72	279	280
UniRef90_A6QCI0	59.73	279	296
UniRef90_UPI0006973D57	50.90	279	346
UniRef90_A0A0A2G7R7	58.76	279	284
UniRef90_A0A094K0T1	68.12	279	283
UniRef90_C3JBU6	58.48	279	284
UniRef90_A7GW36	58.78	279	283
UniRef90_E2PB47	67.39	279	281
UniRef90_Q3B5R5	61.29	279	279
UniRef90_A0A071L9R6	59.14	279	280
UniRef90_UPI0004841F2D	62.09	279	283
UniRef90_A0A015MR74	53.19	279	435
UniRef90_Q7M8B4	62.09	279	282
UniRef90_H1DFT0	63.27	279	282
UniRef90_G4TSQ9	50.92	279	449
UniRef90_B3ELV8	60.57	279	284
UniRef90_D1AZ34	60.79	279	280
UniRef90_A0A0H6NBK4	62.54	279	310
UniRef90_E6X2X8	58.13	279	300
UniRef90_I3XU55	61.15	279	280
UniRef90_UPI0004698676	64.98	279	284
UniRef90_E1R8A5	60.73	279	281
UniRef90_A0A060R9X1	62.95	279	280
UniRef90_D4ZH00	62.45	279	285
UniRef90_UPI00048DB1C0	65.58	279	284
UniRef90_C8PHD7	58.78	279	284
UniRef90_W6EB72	60.07	279	280
UniRef90_UPI00048E8D63	65.22	279	284
UniRef90_D5V7L7	63.27	279	281
UniRef90_UPI00054EEF6F	58.18	279	283
UniRef90_A0A0C2W3Z7	60.69	279	296
UniRef90_K5WZ84	51.99	279	423
UniRef90_UPI000486DE82	56.57	279	281
UniRef90_I2K626	60.90	279	297
UniRef90_A0A063Y5A4	65.27	279	268
UniRef90_UPI0004243D75	66.19	279	285
UniRef90_K0N229	63.48	279	288
UniRef90_U3U301	69.78	279	281
UniRef90_UPI0004917418	63.87	279	284
UniRef90_G5HAF2	67.39	279	282
UniRef90_L7MAL2	51.46	279	465
UniRef90_B8CSD8	62.32	279	284
UniRef90_B3EEJ7	59.27	279	290
UniRef90_J3TEY8	72.36	279	295
UniRef90_L7IUB1	47.40	279	478
UniRef90_E3H8F6	57.66	279	298
UniRef90_R4JCX4	58.99	279	280
UniRef90_A0A0D0B4E0	51.64	279	391
UniRef90_C3WE78	57.40	279	293
UniRef90_W4KKM9	51.64	279	289
UniRef90_A1BHW7	58.63	279	284
UniRef90_UPI0004418290	52.17	279	415
UniRef90_A8Z6D9	59.86	279	283
UniRef90_A6D9Z1	65.00	279	280
UniRef90_A8ZSE7	65.11	279	283
UniRef90_J0WSE3	50.91	279	500
UniRef90_A0A0C9W9T2	49.45	279	454
UniRef90_G3MNX8	51.82	279	460
UniRef90_A0A0B0Q6D7	58.91	279	287
UniRef90_G2LMK9	64.52	279	288
UniRef90_C6JR26	55.60	279	290
UniRef90_UPI000471D917	62.23	279	296
UniRef90_P59058	61.65	279	279
UniRef90_D8PSR7	49.45	279	370
UniRef90_A0A067Q2R2	50.55	279	488
UniRef90_Q2HFP4	46.37	279	470
UniRef90_E1SSE0	66.67	279	281
UniRef90_W0P5B8	63.08	279	280
UniRef90_A0A0B4H2T3	43.94	279	429
UniRef90_A0A0D7BF50	50.36	279	397
UniRef90_A0A0M0U1Y2	47.74	279	472
UniRef90_F8P785	49.47	279	302
UniRef90_A0A0D2M3Z9	52.35	279	345
UniRef90_U7VDA2	56.16	279	288
UniRef90_UPI0003B403A0	54.84	279	284
UniRef90_A0A0C2V9A6	65.70	279	283
UniRef90_B8D8T8	63.44	279	281
UniRef90_UPI0005C5887A	63.77	279	280
UniRef90_U2GLJ8	57.71	279	283
UniRef90_G2R485	48.10	279	449
UniRef90_S3XIB2	57.25	279	279
UniRef90_UPI00046FDEAA	58.33	279	280
UniRef90_A0A0F8DGJ5	48.44	279	446
UniRef90_A7SS16	50.18	279	281
UniRef90_G2PZW3	46.02	279	480
UniRef90_A7I010	59.42	279	282
UniRef90_G0RDC3	43.94	279	439
UniRef90_UPI00040FEB1C	64.16	279	283
UniRef90_A0A0C3PUY2	48.97	279	386
UniRef90_UPI000440D083	51.64	279	483
UniRef90_B7P8E1	51.82	279	314
UniRef90_A0A0C9WVL7	45.34	279	469
UniRef90_Q1LT79	68.00	279	292
UniRef90_B9D2N9	56.27	279	279
UniRef90_A0A0E9NNB8	44.24	279	465
UniRef90_G2LP13	61.51	279	280
UniRef90_A0A0B2VGL8	50.54	279	531
UniRef90_A0A010Q3A5	45.67	279	469
UniRef90_A0A0F4Z7Q5	47.06	279	438
UniRef90_A0A0C3AC27	49.45	279	447
UniRef90_B3RPR2	50.18	279	382
UniRef90_A0A0B2WYA1	44.64	279	447
UniRef90_M2R0K8	47.89	279	480
UniRef90_A0A088N1Z9	70.04	279	291
UniRef90_B2AYB1	45.52	279	485
UniRef90_S8E2H7	46.34	279	347
UniRef90_G9NHK0	44.98	279	434
UniRef90_A0A0M4H386	62.37	279	280
UniRef90_A0A0D2WQD8	51.77	279	467
UniRef90_M7SFK7	42.56	279	441
UniRef90_A0A076FAY5	58.33	279	282
UniRef90_A0RRG4	57.25	279	282
UniRef90_A0A0C3BYF9	49.82	279	420
UniRef90_D1AKE2	55.40	279	281
UniRef90_UPI000466A907	61.39	279	282
UniRef90_A0A0C4DMW6	44.98	279	487
UniRef90_R8BF46	43.94	279	464
UniRef90_U4LA39	46.79	279	476
UniRef90_W7A330	44.77	279	398
UniRef90_M7U3S6	42.56	279	514
UniRef90_A0A071LKK0	57.25	279	283
UniRef90_A0A0B1P4C5	43.94	279	443
UniRef90_A0A0C3J544	51.25	279	443
UniRef90_G9N8W3	44.29	279	429
UniRef90_V2X7J9	48.21	279	428
UniRef90_M3XJU4	50.38	279	392
UniRef90_K1X654	42.91	279	511
UniRef90_E3Q5T3	45.30	279	464
UniRef90_UPI00053C0263	54.35	279	281
UniRef90_UPI0003FE9778	49.10	279	286
UniRef90_A0A093XGQ2	44.48	279	498
UniRef90_A0A084GAU5	44.95	279	458
UniRef90_A0A0D2F0S5	42.03	279	564
UniRef90_C2MCR2	54.51	279	285
UniRef90_J4KKP4	46.37	279	446
UniRef90_A0A0D2CFM6	42.37	279	570
UniRef90_U6LTR5	48.23	279	502
UniRef90_Q7RCQ2	46.21	279	460
UniRef90_A0A0D1X0X8	42.71	279	534
UniRef90_A0A077TRP2	47.29	279	509
UniRef90_A0A0H2RXH7	49.12	279	464
UniRef90_A0A0C3D0C2	41.52	279	501
UniRef90_Q4UE35	45.71	279	420
UniRef90_A0A0F2M1C7	45.21	279	537
UniRef90_R7UJ60	48.01	279	359
UniRef90_Q4N5F6	45.71	279	422
UniRef90_A8H1G0	64.96	279	284
UniRef90_A0A094GRW1	45.77	279	425
UniRef90_S3CEN8	46.92	279	450
UniRef90_J3NR03	46.18	279	481
UniRef90_K3V562	44.60	279	455
UniRef90_A0A0C2WZ09	52.35	279	388
UniRef90_A0A0N4Y227	47.65	279	420
UniRef90_A0A0N4UP60	51.64	279	279
UniRef90_B0TJ96	66.79	279	284
UniRef90_A0A0C9YSG3	50.54	279	502
UniRef90_A0A0D2KNV1	42.03	279	570
UniRef90_A0A0D9QH27	44.04	279	398
UniRef90_A5K7X2	43.68	279	394
UniRef90_U6GVW6	47.16	279	424
UniRef90_B3L8Q7	45.49	279	479
UniRef90_S3CKA6	44.79	279	512
UniRef90_A0A077XJ53	46.21	279	509
UniRef90_D5GF85	44.60	279	463
UniRef90_A0A0A1TPH4	44.98	279	431
UniRef90_A0A0K2BKS5	66.18	279	287
UniRef90_F8Q891	47.40	279	418
UniRef90_R5K809	66.27	279	301
UniRef90_U6LZ77	48.58	279	411
UniRef90_A7F6Q3	42.56	279	574
UniRef90_H6CAD3	40.68	279	608
UniRef90_UPI00045605E7	44.88	279	507
UniRef90_U6K2E4	47.16	279	426
UniRef90_G0PA93	44.89	279	358
UniRef90_A0A072NYS6	40.34	279	570
UniRef90_M1W782	43.30	279	450
UniRef90_S7QCV7	47.64	279	499
UniRef90_L0AVZ0	45.16	279	357
UniRef90_W4H6A9	51.25	279	395
UniRef90_Q6LUP5	67.89	279	279
UniRef90_L2FEC5	46.02	279	438
UniRef90_U6P834	48.38	279	287
UniRef90_G8QU07	54.15	279	279
UniRef90_A0A0J9X4R5	48.75	279	351
UniRef90_E9FWI8	46.43	279	461
UniRef90_W9X828	41.69	279	576
UniRef90_U6GNB2	47.52	279	420
UniRef90_G0SGR4	44.29	279	469
UniRef90_U6KXL6	47.52	279	506
UniRef90_A0A0G2FR08	44.95	279	460
UniRef90_A0A074WKK7	45.58	279	386
UniRef90_A0A0D1W278	43.05	279	600
UniRef90_G3JN60	45.02	279	366
UniRef90_S8B945	45.71	279	564
UniRef90_T0QHK6	49.64	279	360
UniRef90_G4UBY0	46.28	279	490
UniRef90_W9ZEX8	41.02	279	550
UniRef90_A0A0G4GEP0	48.06	279	474
