UniRef90_P15559	100.00	273	274
UniRef90_G9KDW0	91.88	273	271
UniRef90_F1S395	90.04	273	274
UniRef90_M3Y7R7	90.91	273	395
UniRef90_UPI0004D04F8F	89.01	273	274
UniRef90_I3MQU6	89.38	273	275
UniRef90_UPI0003F0D78E	90.41	273	318
UniRef90_UPI0003F0FAB8	89.59	273	349
UniRef90_G1SLQ3	88.93	273	275
UniRef90_F1PBZ4	87.87	273	275
UniRef90_G5AK39	87.91	273	273
UniRef90_UPI0003C8EF3B	88.56	273	274
UniRef90_UPI00032B200B	87.82	273	274
UniRef90_UPI0006520A4C	86.72	273	277
UniRef90_UPI0005BC84CF	85.98	273	274
UniRef90_G3I015	86.72	273	274
UniRef90_S9Y9S7	89.67	273	606
UniRef90_L5KTL4	85.35	273	421
UniRef90_UPI000444115B	87.45	273	375
UniRef90_P05982	85.98	273	274
UniRef90_UPI0004ED1B72	84.93	273	274
UniRef90_F6PFV8	85.29	273	274
UniRef90_UPI00033349A7	85.61	273	283
UniRef90_Q8CHK7	85.24	273	275
UniRef90_F6W6Z4	83.82	273	273
UniRef90_M3WV10	90.91	273	253
UniRef90_UPI0002C63BA4	84.50	273	274
UniRef90_UPI000643C8FE	84.13	273	274
UniRef90_A0A0D9QVX2	95.85	273	255
UniRef90_UPI00062AA868	81.72	273	325
UniRef90_A0A091CRN5	84.62	273	783
UniRef90_F7CXV7	80.95	273	277
UniRef90_G3WR78	80.15	273	274
UniRef90_UPI00038BC0C9	79.34	273	274
UniRef90_UPI00038BB694	78.60	273	274
UniRef90_UPI0004ED1175	77.86	273	274
UniRef90_P15559-2	87.55	273	240
UniRef90_F7C6M1	81.25	273	236
UniRef90_L5M4Z0	78.60	273	237
UniRef90_UPI00034F2478	76.56	273	241
UniRef90_UPI0003C85D76	77.86	273	236
UniRef90_UPI0003C26AEE	69.74	273	275
UniRef90_L9JIP2	74.91	273	623
UniRef90_UPI00064F1DE8	76.28	273	219
UniRef90_UPI000388A4D5	66.54	273	275
UniRef90_UPI00063CCCF9	75.89	273	215
UniRef90_A5D8M8	64.31	273	278
UniRef90_H3BRK3	84.23	273	269
UniRef90_H9G7W3	65.20	273	273
UniRef90_Q28HD6	63.94	273	280
UniRef90_T1DK44	62.41	273	280
UniRef90_UPI0006B1526E	60.22	273	284
UniRef90_UPI0006707ED9	60.74	273	274
UniRef90_E1BYW3	60.66	273	274
UniRef90_K7G024	61.66	273	254
UniRef90_UPI00064AF904	90.17	273	177
UniRef90_H0WQ80	93.53	273	170
UniRef90_UPI0005FB9561	88.07	273	255
UniRef90_H3AHP9	59.92	273	254
UniRef90_F6VKD9	57.93	273	275
UniRef90_UPI0004BE01C2	82.86	273	179
UniRef90_UPI0006446F66	53.31	273	344
UniRef90_UPI0006B6A435	52.04	273	274
UniRef90_A0A0F8AU38	50.92	273	349
UniRef90_UPI0004950CF3	52.96	273	283
UniRef90_M4AGA8	53.90	273	280
UniRef90_UPI000644D52F	53.53	273	282
UniRef90_E3TE47	53.53	273	273
UniRef90_H2TZ89	52.42	273	280
UniRef90_UPI0006B38890	52.42	273	284
UniRef90_G3PZT9	50.93	273	275
UniRef90_H3CBA8	54.28	273	281
UniRef90_UPI0005539764	51.48	273	286
UniRef90_W5M4H7	51.31	273	291
UniRef90_UPI00022AF54E	52.04	273	293
UniRef90_UPI000644153F	51.85	273	272
UniRef90_I3J5W1	51.67	273	281
UniRef90_F1QLV5	50.38	273	293
UniRef90_UPI000576EA5D	50.56	273	280
UniRef90_UPI0004422DF1	63.90	273	219
UniRef90_UPI0004959D5A	51.30	273	278
UniRef90_S4RYN5	52.21	273	279
UniRef90_W5KI80	49.07	273	289
UniRef90_UPI0006B7419D	50.93	273	272
UniRef90_UPI00054B3016	49.63	273	272
UniRef90_UPI000661EA55	50.00	273	273
UniRef90_H2MUA9	49.45	273	281
UniRef90_Q9W7D5	49.08	273	270
UniRef90_UPI0003BBBCF9	88.32	273	145
UniRef90_UPI000533E81D	91.24	273	167
UniRef90_UPI0004A22C8A	48.70	273	324
UniRef90_Q27R93	47.78	273	277
UniRef90_G3NHY0	49.40	273	250
UniRef90_UPI0004959DE0	46.13	273	271
UniRef90_UPI0006B33951	46.40	273	277
UniRef90_UPI0006B3704D	45.76	273	270
UniRef90_UPI00054BBEC7	43.91	273	252
UniRef90_UPI000644E391	44.56	273	293
UniRef90_H2TRS6	45.72	273	274
UniRef90_W5KI77	54.76	273	212
UniRef90_M3ZPV4	47.78	273	264
UniRef90_UPI00067162E0	66.86	273	385
UniRef90_A0A096LYA7	47.19	273	260
UniRef90_G3WP34	47.81	273	229
UniRef90_UPI0006987E9B	45.72	273	296
UniRef90_UPI0006B17EBD	50.22	273	231
UniRef90_A0A087X7L3	45.19	273	262
UniRef90_G3NHV8	49.77	273	219
UniRef90_UPI00064BB6A5	50.68	273	231
UniRef90_G3NHY2	50.00	273	252
UniRef90_Q3SZT2	48.02	273	231
UniRef90_G1NT66	49.12	273	230
UniRef90_H3B1W2	47.37	273	232
UniRef90_UPI000579D5AC	48.68	273	233
UniRef90_UPI00038BE2FB	48.90	273	231
UniRef90_UPI00038EB7A7	47.58	273	231
UniRef90_Q6AY80	48.02	273	231
UniRef90_UPI000643B939	48.46	273	231
UniRef90_R7T6S4	44.33	273	292
UniRef90_S7PGQ1	49.12	273	243
UniRef90_L8YG38	50.00	273	236
UniRef90_UPI0003C2B6FF	48.02	273	239
UniRef90_UPI0000F2C928	46.93	273	231
UniRef90_UPI00034FD431	47.58	273	231
UniRef90_A0A091DU20	48.02	273	303
UniRef90_Q9JI75	47.58	273	231
UniRef90_H0XYX7	47.81	273	230
UniRef90_F7CKN3	47.37	273	230
UniRef90_UPI0003EBED77	47.04	273	282
UniRef90_G1TBR1	46.70	273	231
UniRef90_UPI0003287D32	47.79	273	234
UniRef90_R4GLI9	46.58	273	230
UniRef90_H2LTD9	50.94	273	242
UniRef90_F6XWV6	46.49	273	314
UniRef90_UPI00062B823D	47.64	273	213
UniRef90_V8NG30	46.70	273	232
UniRef90_M3XMZ7	46.70	273	231
UniRef90_R0JNK2	46.26	273	228
UniRef90_F6W2T9	46.49	273	230
UniRef90_P16083	48.40	273	231
UniRef90_L5KUD5	47.58	273	323
UniRef90_H0VP30	48.68	273	237
UniRef90_U3J6L9	46.64	273	226
UniRef90_M3X0S5	46.70	273	231
UniRef90_UPI000462AF00	47.95	273	226
UniRef90_UPI00046B1145	47.81	273	239
UniRef90_UPI000528949C	45.81	273	245
UniRef90_A0A091IYX9	45.81	273	228
UniRef90_H0YVB6	46.70	273	229
UniRef90_A0A091WF42	45.81	273	228
UniRef90_UPI0006827587	45.37	273	241
UniRef90_UPI00064E419A	47.11	273	256
UniRef90_A0A093GHY6	45.66	273	228
UniRef90_B4DLR8	100.00	273	202
UniRef90_B4DLR8	100.00	273	202
UniRef90_UPI00044219D6	46.93	273	396
UniRef90_K7FWZ5	44.49	273	231
UniRef90_UPI0006435201	46.93	273	293
UniRef90_A0A087YC86	55.68	273	184
UniRef90_UPI00045D98C2	46.26	273	256
UniRef90_UPI00062666CF	98.04	273	255
UniRef90_UPI00062666CF	90.00	273	255
UniRef90_G3UBH0	46.49	273	233
UniRef90_F1PN25	45.41	273	271
UniRef90_G9AAB9	47.72	273	246
UniRef90_UPI00063F97D7	48.46	273	308
UniRef90_UPI0005293C63	45.50	273	221
UniRef90_UPI0002C566CF	44.69	273	469
UniRef90_UPI00052977F6	44.81	273	221
UniRef90_UPI0003F9EDB8	46.89	273	246
UniRef90_UPI0004F09B59	43.20	273	262
UniRef90_UPI0006B38FE1	49.49	273	199
UniRef90_UPI0005234AF1	45.02	273	221
UniRef90_UPI0004401B14	43.98	273	244
UniRef90_UPI00051C4A39	44.08	273	221
UniRef90_A0A090F1X4	45.83	273	249
UniRef90_UPI00044006FF	92.16	273	237
UniRef90_UPI00044006FF	82.65	273	237
UniRef90_UPI0004F08194	43.87	273	221
UniRef90_S7Q839	89.32	273	140
UniRef90_A0A0B1Q2W3	45.00	273	246
UniRef90_UPI0002BD102E	91.09	273	223
UniRef90_UPI0002BD102E	83.51	273	223
UniRef90_H0YVA4	44.04	273	217
UniRef90_UPI000521AD8A	45.32	273	221
UniRef90_I3KFX1	42.39	273	278
UniRef90_UPI0003EC62E9	50.73	273	258
UniRef90_UPI000441C965	41.85	273	217
UniRef90_UPI0003330496	47.57	273	187
UniRef90_R7V9W4	38.52	273	342
UniRef90_Q4TAG2	55.81	273	338
UniRef90_UPI00057A70E8	52.00	273	235
UniRef90_UPI0004448E70	47.57	273	187
UniRef90_H2TRS7	39.69	273	230
UniRef90_UPI0003C87083	44.30	273	294
UniRef90_UPI0003C8629E	44.74	273	306
UniRef90_A0A0J6B7C0	45.41	273	222
UniRef90_UPI000466BDDB	46.05	273	222
UniRef90_A0A0C2QBQ7	43.48	273	233
UniRef90_K1JVM1	44.70	273	223
UniRef90_UPI000553005A	43.48	273	239
UniRef90_UPI0004D006C0	37.74	273	269
UniRef90_UPI00047D35AA	43.81	273	236
UniRef90_UPI0002473F54	43.16	273	237
UniRef90_A0A085Z6F9	46.98	273	220
UniRef90_A0A0L8GAV3	38.49	273	265
UniRef90_UPI000651D878	52.33	273	359
UniRef90_UPI0005D013EB	50.88	273	192
UniRef90_UPI00048A88B4	42.61	273	263
UniRef90_UPI0006D3CC29	41.32	273	265
UniRef90_N9VJR6	44.24	273	222
UniRef90_J2NIG8	41.59	273	262
UniRef90_H2LTD8	51.16	273	216
UniRef90_U6DJ86	49.71	273	173
UniRef90_L5K4R2	55.75	273	176
UniRef90_A0A0C1QNN2	43.42	273	240
UniRef90_UPI00049590D7	47.65	273	183
UniRef90_A0A061MZK2	44.54	273	238
UniRef90_A0A081GMR0	43.18	273	223
UniRef90_UPI0005ECF31E	42.08	273	271
UniRef90_UPI0003BB9261	41.41	273	197
UniRef90_UPI0004D0698F	45.74	273	283
UniRef90_H0TY10	44.24	273	222
UniRef90_UPI000577E443	47.67	273	272
UniRef90_A0A0C3NA89	40.26	273	237
UniRef90_UPI000670F2F2	48.84	273	191
UniRef90_I7BFX9	42.60	273	240
UniRef90_H9GPJ4	47.88	273	170
UniRef90_UPI00030AA007	42.17	273	233
UniRef90_UPI0005AB447E	38.67	273	264
UniRef90_UPI0006F87D20	43.98	273	220
UniRef90_G0WFF0	39.37	273	261
UniRef90_C7PPK9	44.95	273	222
UniRef90_V2ULN6	41.96	273	232
UniRef90_W6X7G9	40.16	273	268
UniRef90_S9PM47	42.41	273	235
UniRef90_UPI00045DCB5A	41.55	273	197
UniRef90_Q1IAF8	38.60	273	234
UniRef90_I3TW93	44.19	273	222
UniRef90_V8P2W4	63.36	273	709
UniRef90_A0A0A1PZC3	43.84	273	249
UniRef90_UPI00069BD704	40.78	273	239
UniRef90_A0A090RMG0	43.52	273	222
UniRef90_A0A010T7T7	41.15	273	240
UniRef90_A0A0D1PHP3	39.67	273	263
UniRef90_UPI0003B5DDC8	45.50	273	232
UniRef90_G5BKE9	50.29	273	302
UniRef90_UPI0004708D8F	44.87	273	237
UniRef90_UPI0006FBE706	40.74	273	238
UniRef90_H0PUV1	41.36	273	247
UniRef90_N8YK97	42.41	273	233
UniRef90_N8TMU8	43.30	273	233
UniRef90_UPI00063C391E	49.71	273	184
UniRef90_K9NIN7	40.71	273	236
UniRef90_G2PJ85	44.50	273	215
UniRef90_H6R3L1	38.46	273	259
UniRef90_UPI00045D6F23	46.99	273	176
UniRef90_N6YA74	40.71	273	234
UniRef90_UPI000689A511	41.51	273	241
UniRef90_UPI00041367AE	42.01	273	238
UniRef90_A0A060UXU8	43.32	273	222
UniRef90_UPI000485BC2D	42.67	273	259
UniRef90_Q0RAP9	37.31	273	260
UniRef90_A0A0B7D9Y7	40.87	273	267
UniRef90_A0A0C2I3X9	41.07	273	233
UniRef90_N9EBD7	41.96	273	233
UniRef90_UPI0005A73EA8	42.41	273	260
UniRef90_UPI0003B581B4	43.75	273	234
UniRef90_UPI00053FA971	39.73	273	193
UniRef90_J3EZT2	39.82	273	239
UniRef90_A0A024E8A5	39.82	273	234
UniRef90_K5UEC2	42.72	273	222
UniRef90_UPI0002FEF3F9	38.46	273	259
UniRef90_J3EQI9	39.64	273	238
UniRef90_UPI00039D1834	42.58	273	238
UniRef90_A0A068NY09	40.71	273	256
UniRef90_G0W407	37.40	273	261
UniRef90_C3FDD6	42.79	273	236
UniRef90_V7EG30	39.82	273	232
UniRef90_A0A066YLR9	37.66	273	259
UniRef90_S3TDR6	41.07	273	233
UniRef90_UPI0005CFA6A7	40.62	273	234
UniRef90_UPI0006943E08	43.46	273	250
UniRef90_N6Y415	40.71	273	239
UniRef90_A0A0B8PDH1	43.26	273	222
UniRef90_UPI00031398D5	38.85	273	259
UniRef90_X0QFE5	39.38	273	267
UniRef90_U3QJW6	37.92	273	270
UniRef90_UPI0003FFE827	41.74	273	245
UniRef90_D5NVP7	38.60	273	263
UniRef90_UPI000578E5D9	41.07	273	244
UniRef90_A0A0C3IDI8	43.87	273	222
UniRef90_UPI0004907FE2	38.84	273	234
UniRef90_I0QPQ3	40.56	273	259
UniRef90_S6AIB3	39.29	273	235
UniRef90_UPI000625BDFC	41.36	273	302
UniRef90_A0A0F6UIK1	41.23	273	234
UniRef90_UPI0003B7AACC	41.47	273	250
UniRef90_UPI0006FF557D	40.09	273	273
UniRef90_UPI0004C558D5	37.69	273	259
UniRef90_H3C929	54.90	273	236
UniRef90_A0A077LYY9	40.27	273	246
UniRef90_UPI0004F9254B	42.01	273	247
UniRef90_N9LRP0	40.18	273	233
UniRef90_UPI000367480F	41.86	273	232
UniRef90_K9B8Q2	41.52	273	232
UniRef90_U1HNS6	39.11	273	250
UniRef90_N9WDL4	42.65	273	236
UniRef90_UPI00066E8AA7	36.92	273	259
UniRef90_A0A0J6GKM7	40.18	273	236
UniRef90_UPI00035FBC4F	36.92	273	259
UniRef90_N6YWG3	39.38	273	236
UniRef90_UPI000480073A	38.94	273	236
UniRef90_G8MJ74	39.56	273	237
UniRef90_K8ZW09	42.86	273	232
UniRef90_A4XX95	38.03	273	272
UniRef90_G0W401	38.58	273	261
UniRef90_A0A090V0L1	41.33	273	260
UniRef90_F4CCL1	45.66	273	222
UniRef90_U1ZQ02	40.27	273	234
UniRef90_UPI0002E03A4E	39.62	273	258
UniRef90_S9YKG8	41.52	273	1041
UniRef90_J2YU23	38.05	273	234
UniRef90_UPI0006F254C1	40.00	273	267
UniRef90_K2IDI4	47.45	273	259
UniRef90_UPI0002D7C451	37.31	273	259
UniRef90_A0A077FAP3	38.84	273	233
UniRef90_E3GBL9	42.79	273	259
UniRef90_UPI0003F0FFB4	38.50	273	233
UniRef90_A0A0G3AA12	36.92	273	259
UniRef90_UPI0006E465F6	40.78	273	214
UniRef90_N9R6X8	41.07	273	232
UniRef90_A0A0L8JQ29	36.54	273	259
UniRef90_A0A0M9GH74	38.67	273	233
UniRef90_I5BTR6	42.29	273	258
UniRef90_A0A090T7H4	41.94	273	222
UniRef90_A0A090B7S1	41.96	273	232
UniRef90_UPI00064826DF	38.36	273	273
UniRef90_A4X4S1	36.40	273	259
UniRef90_A0A0J7KZE9	40.47	273	215
UniRef90_A0A090FNK0	44.34	273	235
UniRef90_A3VWJ2	41.20	273	255
UniRef90_A0A0C2S1A6	38.67	273	232
UniRef90_A0A0D7PN72	39.56	273	247
UniRef90_UPI00068A282D	37.79	273	237
UniRef90_UPI0004C2CA0E	36.78	273	259
UniRef90_UPI0006D81F34	38.50	273	236
UniRef90_E1TDW8	39.83	273	258
UniRef90_S6ALS8	38.50	273	234
UniRef90_UPI0004C01C56	36.15	273	259
UniRef90_A0A0N0B2Q1	37.69	273	260
UniRef90_A0A031LXT9	35.50	273	235
UniRef90_U6ZSW6	40.18	273	234
UniRef90_UPI0004142E67	36.43	273	262
UniRef90_UPI00036F09B5	38.17	273	259
UniRef90_A0A0F4JJ74	37.55	273	259
UniRef90_UPI000374FFE3	36.92	273	260
UniRef90_Q4KD60	38.39	273	234
UniRef90_S7WGE4	41.96	273	232
UniRef90_UPI0004C03163	36.54	273	259
UniRef90_A0A0D5VAP7	40.78	273	256
UniRef90_A0A0N0L8Y2	38.39	273	242
UniRef90_UPI000349CDBC	37.12	273	259
UniRef90_UPI00035E962F	42.15	273	259
UniRef90_A0A0C5E1G2	39.29	273	233
UniRef90_UPI0003053150	41.59	273	222
UniRef90_UPI00062C45B5	36.92	273	259
UniRef90_A0A0M3AB87	40.18	273	232
UniRef90_UPI000414AE60	41.38	273	237
UniRef90_UPI0002E8ABF9	36.82	273	262
UniRef90_B1K4Y4	39.18	273	259
UniRef90_UPI0004C0C78F	35.77	273	259
UniRef90_N9N2T9	39.38	273	233
UniRef90_UPI00051C8BAB	36.92	273	259
UniRef90_V9QTM4	38.05	273	233
UniRef90_A0A0N0N8M6	36.15	273	259
UniRef90_UPI00035DBAE0	37.69	273	272
UniRef90_UPI000463704F	36.15	273	259
UniRef90_UPI00036D1A2B	36.92	273	259
UniRef90_UPI000369E9A4	38.53	273	235
UniRef90_C7QGF0	37.31	273	259
UniRef90_UPI0003B40CA5	39.53	273	222
UniRef90_UPI000413D6BF	41.15	273	234
UniRef90_A0A0D6PLC0	39.35	273	236
UniRef90_UPI0006996EEC	39.91	273	265
UniRef90_UPI0006E20621	36.15	273	259
UniRef90_A0A0J5TX95	40.24	273	260
UniRef90_UPI0003FB892D	36.09	273	248
UniRef90_A0A0L6FSS2	41.41	273	261
UniRef90_A0A024H9K5	39.29	273	234
UniRef90_H1Q5F7	36.15	273	259
UniRef90_UPI0006FFC8A9	39.11	273	258
UniRef90_UPI00066D672F	39.46	273	237
UniRef90_A0A070C677	38.91	273	259
UniRef90_UPI00030F1A7E	37.93	273	258
UniRef90_A0A0K3B4D2	36.15	273	259
UniRef90_UPI0005B96433	43.48	273	239
UniRef90_UPI0004834622	40.61	273	269
UniRef90_I8T716	39.66	273	258
UniRef90_UPI00031E47E1	37.31	273	259
UniRef90_G5JGG2	42.49	273	233
UniRef90_S5S3S9	42.98	273	250
UniRef90_A0A0G9IID0	41.15	273	267
UniRef90_A8M781	37.12	273	259
UniRef90_B0KMN2	37.50	273	233
UniRef90_F8F6F3	39.65	273	262
UniRef90_UPI00063CC06A	41.20	273	222
UniRef90_UPI0006F77951	42.11	273	235
UniRef90_A0A0D5Y1Q7	38.84	273	233
UniRef90_A0A0E3PA74	40.38	273	213
UniRef90_UPI0002F503DD	38.46	273	259
UniRef90_A0A084DF69	41.15	273	259
UniRef90_UPI000484184D	38.05	273	242
UniRef90_G6F1C1	36.14	273	244
UniRef90_H2IZR0	39.20	273	257
UniRef90_UPI0004CC4E46	34.62	273	259
UniRef90_G0AB74	39.83	273	270
UniRef90_A0A0C5W5K6	39.83	273	261
UniRef90_A0A0B5HYF9	35.77	273	259
UniRef90_A0A0A1YIL7	38.50	273	235
UniRef90_U5E9L8	39.65	273	259
UniRef90_E6V1Z7	39.33	273	259
UniRef90_A0A0G3BU30	40.54	273	266
UniRef90_UPI00044103B7	42.78	273	163
UniRef90_A0A090DT68	43.06	273	257
UniRef90_UPI000700ACA3	38.14	273	250
UniRef90_A0A085H4S9	40.53	273	258
UniRef90_UPI00051A826B	38.22	273	276
UniRef90_A0A089VCK4	35.50	273	260
UniRef90_UPI0004C6BD8B	35.38	273	259
UniRef90_L7FHY3	40.29	273	214
UniRef90_UPI0007019D8A	37.97	273	263
UniRef90_A0A0F0H486	36.15	273	258
UniRef90_A0A0D1YJG1	38.40	273	266
UniRef90_UPI0005BDAC89	37.78	273	268
UniRef90_Q393C3	39.84	273	262
UniRef90_UPI0002EFFB7A	41.48	273	259
UniRef90_UPI0003A420AB	38.15	273	260
UniRef90_A0A0F0DIT3	42.48	273	258
UniRef90_UPI00047F26CA	38.37	273	258
UniRef90_X5A3C1	39.04	273	257
UniRef90_I2H0P3	39.64	273	262
UniRef90_A6V8Y3	40.17	273	259
UniRef90_UPI000571AFC2	41.15	273	260
UniRef90_F3NI98	35.77	273	259
UniRef90_K2LIS6	39.56	273	279
UniRef90_A4VK09	39.43	273	262
UniRef90_D5WGA7	39.30	273	274
UniRef90_UPI000557FFFC	40.77	273	258
UniRef90_B2FTF1	37.93	273	284
UniRef90_UPI0005102063	40.17	273	233
UniRef90_Q4ZPU4	40.89	273	266
UniRef90_UPI00048E297D	40.62	273	234
UniRef90_K7TAU3	42.60	273	263
UniRef90_Q21D48	40.78	273	223
UniRef90_UPI0004C8F488	35.63	273	260
UniRef90_A0A0M4R2P8	38.60	273	264
UniRef90_A0A0K8QMM6	42.18	273	219
UniRef90_UPI00037E7E07	38.22	273	268
UniRef90_UPI0005719196	39.04	273	233
UniRef90_A0A0D5AWD5	40.44	273	258
UniRef90_A0A063BJN0	40.89	273	258
UniRef90_A0A090DEB5	39.42	273	245
UniRef90_G8MNM1	39.04	273	258
UniRef90_UPI0004C51F3A	40.09	273	259
UniRef90_A0A089YRW6	40.97	273	260
UniRef90_K5ZES7	46.75	273	172
UniRef90_W9GTZ8	36.44	273	260
UniRef90_UPI0004887161	36.04	273	236
UniRef90_W6VM69	37.05	273	258
UniRef90_UPI0003F6DA4D	34.62	273	259
UniRef90_C0VNX8	38.05	273	233
UniRef90_UPI0006F40F59	37.97	273	272
UniRef90_UPI000698FF3D	36.54	273	259
UniRef90_W6J612	42.54	273	261
UniRef90_A0A0G3WV30	41.15	273	261
UniRef90_Q1I8M5	41.33	273	259
UniRef90_A0A0G4JX80	36.84	273	263
UniRef90_A0A0D5VJ28	38.86	273	258
UniRef90_K8Z0Y1	40.71	273	279
UniRef90_A0A0J6XNW0	37.00	273	259
UniRef90_UPI00032803C3	38.36	273	258
UniRef90_UPI0005EB46ED	38.67	273	248
UniRef90_UPI0002D33885	39.65	273	259
UniRef90_W7QEJ0	40.35	273	249
UniRef90_Q5NL37	37.84	273	238
UniRef90_UPI0004917704	38.33	273	241
UniRef90_A0A0A6SY02	38.86	273	268
UniRef90_UPI00042BBE82	64.71	273	182
UniRef90_UPI00042BBE82	59.30	273	182
UniRef90_A0A0E3RFF4	40.48	273	213
UniRef90_UPI000370FCEC	39.30	273	258
UniRef90_UPI00047596C0	37.87	273	253
UniRef90_H2K8A8	34.62	273	259
UniRef90_UPI0003805636	41.85	273	262
UniRef90_L8MQC2	38.39	273	236
UniRef90_A0A0E3L7B0	40.00	273	252
UniRef90_R0GC15	35.84	273	262
UniRef90_A0A0G3QGK1	40.44	273	259
UniRef90_UPI00070271CF	38.28	273	219
UniRef90_A0A0D6SN18	38.15	273	259
UniRef90_A4JLI3	36.53	273	281
UniRef90_U2ZPA5	40.00	273	239
UniRef90_M5EGN9	38.67	273	276
UniRef90_L9MQA2	42.56	273	232
UniRef90_UPI0003C8EF3B	88.56	273	274
UniRef90_UPI0005BC84CF	85.98	273	274
UniRef90_G9KDW0	91.88	273	271
UniRef90_P15559	100.00	273	274
UniRef90_G5AK39	87.91	273	273
UniRef90_UPI0004D04F8F	89.01	273	274
UniRef90_F1S395	90.04	273	274
UniRef90_UPI00038BC0C9	79.34	273	274
UniRef90_F1PBZ4	87.55	273	275
UniRef90_UPI0003F0D78E	90.41	273	318
UniRef90_L5KTL4	85.35	273	421
UniRef90_Q8CHK7	85.24	273	275
UniRef90_F6PFV8	84.98	273	274
UniRef90_UPI000444115B	87.45	273	375
UniRef90_F6W6Z4	83.82	273	273
UniRef90_I3MQU6	89.67	273	275
UniRef90_UPI0004ED1B72	84.62	273	274
UniRef90_UPI0002C63BA4	83.88	273	274
UniRef90_UPI0006520A4C	86.72	273	277
UniRef90_UPI0003F0FAB8	89.59	273	349
UniRef90_UPI00032B200B	87.82	273	274
UniRef90_G1SLQ3	88.93	273	275
UniRef90_F7CXV7	80.95	273	277
UniRef90_P05982	85.98	273	274
UniRef90_G3WR78	79.85	273	274
UniRef90_UPI0004ED1175	77.86	273	274
UniRef90_G3I015	86.72	273	274
UniRef90_UPI000643C8FE	84.13	273	274
UniRef90_UPI00033349A7	85.61	273	283
UniRef90_M3Y7R7	90.91	273	395
UniRef90_UPI0003C26AEE	69.23	273	275
UniRef90_S9Y9S7	89.67	273	606
UniRef90_UPI000388A4D5	66.30	273	275
UniRef90_UPI00038BB694	78.60	273	274
UniRef90_A5D8M8	63.60	273	278
UniRef90_UPI00062AA868	81.00	273	325
UniRef90_M3WV10	90.91	273	253
UniRef90_Q28HD6	63.24	273	280
UniRef90_H2MUA9	49.26	273	281
UniRef90_A0A0F8AU38	50.92	273	349
UniRef90_A0A091CRN5	84.62	273	783
UniRef90_UPI00054B3016	49.26	273	272
UniRef90_Q27R93	47.78	273	277
UniRef90_E3TE47	53.33	273	273
UniRef90_Q9W7D5	48.90	273	270
UniRef90_UPI0006446F66	53.31	273	344
UniRef90_UPI000644153F	51.47	273	272
UniRef90_T1DK44	62.41	273	280
UniRef90_H9G7W3	65.20	273	273
UniRef90_UPI0006707ED9	60.52	273	274
UniRef90_F1QLV5	50.38	273	293
UniRef90_UPI0006B3704D	45.59	273	270
UniRef90_UPI0006B6A435	51.85	273	274
UniRef90_UPI0005539764	51.48	273	286
UniRef90_UPI0006B33951	46.24	273	277
UniRef90_UPI00022AF54E	52.04	273	293
UniRef90_H2TZ89	52.03	273	280
UniRef90_UPI0004959DE0	45.96	273	271
UniRef90_UPI000644E391	44.41	273	293
UniRef90_M4AGA8	53.90	273	280
UniRef90_UPI0006B1526E	60.22	273	284
UniRef90_UPI000644D52F	53.53	273	282
UniRef90_UPI0006B7419D	50.74	273	272
UniRef90_I3J5W1	52.08	273	281
UniRef90_UPI000661EA55	49.45	273	273
UniRef90_S4RYN5	52.01	273	279
UniRef90_G3PZT9	50.93	273	275
UniRef90_W5KI80	49.07	273	289
UniRef90_UPI0006B38890	52.42	273	284
UniRef90_UPI0004950CF3	52.96	273	283
UniRef90_W5M4H7	51.31	273	291
UniRef90_H3CBA8	53.87	273	281
UniRef90_UPI000576EA5D	50.37	273	280
UniRef90_UPI0004959D5A	51.11	273	278
UniRef90_E1BYW3	60.44	273	274
UniRef90_K7G024	61.66	273	254
UniRef90_A0A0D9QVX2	95.06	273	255
UniRef90_M3ZPV4	46.69	273	264
UniRef90_H3AHP9	59.92	273	254
UniRef90_L5M4Z0	77.86	273	237
UniRef90_UPI00034F2478	76.19	273	241
UniRef90_A0A096LYA7	46.44	273	260
UniRef90_H6R3L1	38.08	273	259
UniRef90_UPI000698FF3D	35.77	273	259
UniRef90_UPI0004C558D5	37.69	273	259
UniRef90_F3NI98	35.77	273	259
UniRef90_UPI0002D7C451	36.92	273	259
UniRef90_UPI0003C85D76	77.86	273	236
UniRef90_F6VKD9	57.72	273	275
UniRef90_UPI00036F09B5	37.55	273	259
UniRef90_H2TRS6	45.56	273	274
UniRef90_UPI00031E47E1	36.92	273	259
UniRef90_UPI0006EBD5B2	35.00	273	259
UniRef90_G3NHY0	49.00	273	250
UniRef90_UPI00036D1A2B	36.92	273	259
UniRef90_C7QGF0	37.31	273	259
UniRef90_A0A0F4JJ74	36.92	273	259
UniRef90_A0A0G3AA12	36.92	273	259
UniRef90_UPI00035DBAE0	37.69	273	272
UniRef90_UPI00062C45B5	36.92	273	259
UniRef90_A0A087X7L3	45.19	273	262
UniRef90_UPI000349CDBC	36.54	273	259
UniRef90_A0A0F0H486	36.15	273	258
UniRef90_UPI000463704F	36.15	273	259
UniRef90_A0A0B5HYF9	35.77	273	259
UniRef90_UPI0003F6DA4D	34.62	273	259
UniRef90_UPI0004C0C78F	35.77	273	259
UniRef90_UPI0006E20621	36.15	273	259
UniRef90_UPI00066E8AA7	36.92	273	259
UniRef90_Q0RAP9	37.31	273	260
UniRef90_UPI0004C01C56	36.15	273	259
UniRef90_A0A0L8JQ29	36.54	273	259
UniRef90_UPI00051C8BAB	36.92	273	259
UniRef90_UPI00031398D5	38.46	273	259
UniRef90_A0A066YLR9	36.15	273	259
UniRef90_UPI00035FBC4F	36.92	273	259
UniRef90_UPI0002E03A4E	39.62	273	258
UniRef90_A0A0N0N8M6	36.29	273	259
UniRef90_UPI0004C2CA0E	36.54	273	259
UniRef90_UPI0004C6BD8B	35.38	273	259
UniRef90_UPI00030F1A7E	35.63	273	258
UniRef90_A4JLI3	35.66	273	281
UniRef90_R0JNK2	46.26	273	228
UniRef90_UPI0002FEF3F9	38.46	273	259
UniRef90_UPI0006EB74CA	34.62	273	259
UniRef90_A0A0L0JQU2	35.00	273	259
UniRef90_UPI000528949C	45.61	273	245
UniRef90_E1TDW8	36.58	273	258
UniRef90_UPI0004C03163	36.54	273	259
UniRef90_A0A0H3KK43	37.20	273	259
UniRef90_H2K8A8	34.62	273	259
UniRef90_UPI000374FFE3	36.92	273	260
UniRef90_U5E9L8	36.54	273	259
UniRef90_UPI0004142E67	36.15	273	262
UniRef90_B2UHF9	37.15	273	258
UniRef90_A0A091IYX9	45.81	273	228
UniRef90_UPI0004834622	36.92	273	269
UniRef90_B1K4Y4	37.45	273	259
UniRef90_R4GLI9	45.18	273	230
UniRef90_A0A070C677	36.68	273	259
UniRef90_UPI0003A420AB	35.77	273	260
UniRef90_UPI0003C2B6FF	48.02	273	239
UniRef90_A0A089VCK4	35.50	273	260
UniRef90_UPI0006FFC8A9	36.15	273	258
UniRef90_A4VK09	37.55	273	262
UniRef90_A0A063BJN0	37.31	273	258
UniRef90_UPI0006827587	45.18	273	241
UniRef90_UPI000318D056	35.00	273	259
UniRef90_UPI00032803C3	35.00	273	258
UniRef90_A0A0J5TX95	37.40	273	260
UniRef90_A0A0L6FSS2	37.69	273	261
UniRef90_UPI0004C8F488	35.00	273	260
UniRef90_UPI0006B17EBD	50.00	273	231
UniRef90_D5WGA7	35.38	273	274
UniRef90_G1NT66	49.12	273	230
UniRef90_UPI0006987E9B	45.26	273	296
UniRef90_A0A091WF42	45.81	273	228
UniRef90_UPI0002F503DD	38.46	273	259
UniRef90_A0A0G3WV30	36.64	273	261
UniRef90_UPI00034CBE2C	34.48	273	258
UniRef90_Q393C3	36.60	273	262
UniRef90_A0A0N0B2Q1	37.69	273	260
UniRef90_U3J6L9	46.64	273	226
UniRef90_A8M781	36.68	273	259
UniRef90_UPI000524D8F3	32.72	273	267
UniRef90_J3DIJ2	34.73	273	278
UniRef90_A0A0F0DIT3	38.34	273	258
UniRef90_UPI00035E962F	38.22	273	259
UniRef90_A0A0D5EB33	36.54	273	262
UniRef90_H0XYX7	47.81	273	230
UniRef90_A0A072CFV2	32.69	273	300
UniRef90_UPI0004C51F3A	37.31	273	259
UniRef90_A0A0K3B4D2	36.15	273	259
UniRef90_A0A085H4S9	36.92	273	258
UniRef90_A0A0D5AWD5	36.15	273	258
UniRef90_S7PGQ1	48.68	273	243
UniRef90_A0A093GHY6	44.49	273	228
UniRef90_K7FWZ5	44.30	273	231
UniRef90_W6J612	37.02	273	261
UniRef90_I0QPQ3	39.53	273	259
UniRef90_UPI00030716C7	36.54	273	260
UniRef90_A0A0J6XNW0	34.62	273	259
UniRef90_UPI000557FFFC	36.54	273	258
UniRef90_A4X4S1	36.54	273	259
UniRef90_A0A0D6SN18	36.92	273	259
UniRef90_UPI000370FCEC	35.63	273	258
UniRef90_A5EPE4	35.00	273	262
UniRef90_M3X0S5	46.49	273	231
UniRef90_I3UFH3	33.81	273	284
UniRef90_UPI0007019D8A	35.63	273	263
UniRef90_A0A0C4WGD6	34.62	273	258
UniRef90_S5EPL7	35.77	273	257
UniRef90_UPI0003EBED77	46.32	273	282
UniRef90_Q3SZT2	47.81	273	231
UniRef90_UPI0002E8ABF9	36.29	273	262
UniRef90_UPI0005BC1E36	34.09	273	269
UniRef90_A0A0A1F724	35.38	273	258
UniRef90_UPI0004CC4E46	34.62	273	259
UniRef90_A0A084DF69	37.45	273	259
UniRef90_A0A090V0L1	37.31	273	260
UniRef90_A1K5U5	35.52	273	267
UniRef90_I8T716	37.69	273	258
UniRef90_P16083	46.93	273	231
UniRef90_A0A088UJA5	34.98	273	263
UniRef90_Q9JI75	47.37	273	231
UniRef90_UPI00038BE2FB	48.68	273	231
UniRef90_UPI0005596DB4	34.50	273	265
UniRef90_S9S4E2	36.54	273	258
UniRef90_A0A0A6SY02	35.38	273	268
UniRef90_M3XMZ7	46.49	273	231
UniRef90_UPI00064BB6A5	49.12	273	231
UniRef90_UPI00030BB1A5	35.38	273	261
UniRef90_Q1LG37	35.00	273	261
UniRef90_P15559-2	86.81	273	240
UniRef90_UPI00047F26CA	36.92	273	258
UniRef90_K7TAU3	36.15	273	263
UniRef90_H0YVB6	46.70	273	229
UniRef90_A3NG88	33.08	273	258
UniRef90_E4NJV3	34.36	273	259
UniRef90_UPI0004A22C8A	48.33	273	324
UniRef90_U3QVF1	35.77	273	271
UniRef90_U3H4H2	37.31	273	259
UniRef90_UPI000412C371	36.92	273	258
UniRef90_UPI0005A625EA	35.38	273	258
UniRef90_Q0B480	35.88	273	261
UniRef90_UPI000579D5AC	48.68	273	233
UniRef90_UPI000485BC2D	37.40	273	259
UniRef90_I4CSD1	37.05	273	260
UniRef90_UPI0003287D32	47.58	273	234
UniRef90_UPI00036D1205	33.85	273	268
UniRef90_UPI00038EB7A7	47.37	273	231
UniRef90_UPI0002D33885	37.07	273	259
UniRef90_A0A0A8DXN8	36.15	273	277
UniRef90_UPI00066A1A96	36.15	273	258
UniRef90_F6W2T9	46.49	273	230
UniRef90_Q13PW3	35.00	273	292
UniRef90_UPI00036261F4	36.76	273	259
UniRef90_A0A0G9IID0	36.40	273	267
UniRef90_H1Q5F7	36.15	273	259
UniRef90_A0A0D5VJ28	35.77	273	258
UniRef90_I2QL20	33.08	273	284
UniRef90_G3WP34	47.81	273	229
UniRef90_G0AB74	36.43	273	270
UniRef90_UPI0004BA1E33	32.05	273	282
UniRef90_G1TBR1	46.49	273	231
UniRef90_Q6AY80	47.81	273	231
UniRef90_UPI0003805636	38.46	273	262
UniRef90_UPI000378E969	35.77	273	277
UniRef90_H3B1W2	47.37	273	232
UniRef90_UPI0002EFFB7A	37.21	273	259
UniRef90_K8Z0Y1	36.15	273	279
UniRef90_UPI00034FD431	47.37	273	231
UniRef90_UPI000565DDCE	35.14	273	259
UniRef90_A0A0D7MR64	35.91	273	259
UniRef90_A8GEM1	35.38	273	258
UniRef90_I0HRU5	37.69	273	259
UniRef90_L0KIJ2	33.46	273	290
UniRef90_A0A060VGN9	35.66	273	260
UniRef90_C1DF78	34.73	273	265
UniRef90_A0A091DU20	48.02	273	303
UniRef90_L8YG38	48.68	273	236
UniRef90_A0P4B3	32.43	273	279
UniRef90_A0A0B1YFX5	36.36	273	258
UniRef90_A0A0C5K3Q6	35.00	273	258
UniRef90_A0A069PLB2	34.73	273	270
UniRef90_L7ZM90	35.52	273	258
UniRef90_L0MI66	34.75	273	258
UniRef90_UPI0006902A05	31.92	273	286
UniRef90_J2XC41	35.91	273	258
UniRef90_A0A0K2DCM4	33.46	273	267
UniRef90_E6V1Z7	37.31	273	259
UniRef90_UPI0005EB46ED	36.14	273	248
UniRef90_UPI00045D98C2	46.05	273	256
UniRef90_UPI0002EACC62	36.15	273	261
UniRef90_A0A0K2BEL6	36.15	273	264
UniRef90_A0A0C5W5K6	37.31	273	261
UniRef90_W6VM69	36.76	273	258
UniRef90_J3DPD6	33.85	273	258
UniRef90_S6ATM0	35.38	273	260
UniRef90_G8MNM1	35.25	273	258
UniRef90_B9J7J6	33.98	273	265
UniRef90_UPI00046B1145	47.60	273	239
UniRef90_W8I6F8	30.80	273	268
UniRef90_UPI000560C36B	32.05	273	264
UniRef90_J2VZ06	33.59	273	264
UniRef90_W6WYQ2	35.25	273	258
UniRef90_A0A087KTQ4	36.80	273	258
UniRef90_H0TZV7	33.98	273	263
UniRef90_A0A0M2ML16	35.00	273	259
UniRef90_UPI0003F97C35	34.62	273	269
UniRef90_A0A0F7HFU5	34.11	273	258
UniRef90_Q0JYS7	36.15	273	258
UniRef90_A0A0B4WYT9	33.20	273	280
UniRef90_A0A0D7F7Q3	37.60	273	260
UniRef90_UPI00031BCBE3	36.40	273	258
UniRef90_A4YZD5	34.62	273	260
UniRef90_A0A0N1JTG3	36.15	273	259
UniRef90_A6V8Y3	36.65	273	259
UniRef90_UPI000400B18C	31.92	273	281
UniRef90_H2IZR0	38.34	273	257
UniRef90_A0A0E1E5Z7	33.98	273	258
UniRef90_A0A0D5XZ42	35.52	273	258
UniRef90_L5KUD5	47.58	273	323
UniRef90_A0A021VYM1	32.69	273	258
UniRef90_UPI000701E0C8	33.85	273	263
UniRef90_A0A0M3BTZ3	31.03	273	268
UniRef90_A0A0N1CFB4	31.77	273	275
UniRef90_A0A0D0K4J4	35.00	273	258
UniRef90_UPI000348764A	34.48	273	258
UniRef90_A0A0L8EM13	33.33	273	264
UniRef90_UPI0005624EF3	31.66	273	284
UniRef90_G9AAB9	46.28	273	246
UniRef90_H2AR14	35.77	273	261
UniRef90_Q4ZPU4	37.21	273	266
UniRef90_A0A0G3QGK1	37.07	273	259
UniRef90_A0A0B5IPL9	34.22	273	260
UniRef90_U3HNK7	33.85	273	260
UniRef90_B2IKK8	32.43	273	265
UniRef90_A0A0D0LSC2	36.15	273	259
UniRef90_A0A0J1CL20	33.46	273	258
UniRef90_G8ATP7	33.98	273	260
UniRef90_L8DAN2	34.62	273	271
UniRef90_UPI0004662521	32.69	273	274
UniRef90_UPI0004707D28	33.08	273	264
UniRef90_F7Y670	32.43	273	265
UniRef90_UPI0005A73FCB	32.46	273	272
UniRef90_UPI00047F4BFF	32.43	273	284
UniRef90_UPI0006F40F59	35.52	273	272
UniRef90_R4WRA7	35.38	273	258
UniRef90_UPI00035F5476	30.89	273	265
UniRef90_H0VP30	48.47	273	237
UniRef90_UPI000643B939	48.25	273	231
UniRef90_J2HGK1	31.27	273	290
UniRef90_M9LWG6	33.98	273	264
UniRef90_S4YIQ1	34.78	273	261
UniRef90_V2GY09	35.45	273	279
UniRef90_UPI0006435201	46.93	273	293
UniRef90_J1YM76	34.35	273	261
UniRef90_J2JII1	35.14	273	258
UniRef90_E6VG05	34.36	273	266
UniRef90_J5XLR1	33.46	273	260
UniRef90_UPI00044219D6	46.93	273	396
UniRef90_I3KFX1	42.39	273	278
UniRef90_UPI0004046D6C	32.08	273	291
UniRef90_L7UGM1	32.96	273	277
UniRef90_A0A0B5F062	34.10	273	258
UniRef90_UPI0005A73EA8	37.84	273	260
UniRef90_H5V4D5	37.07	273	259
UniRef90_UPI0002D65047	33.85	273	252
UniRef90_E6W7H9	35.91	273	259
UniRef90_UPI000347B8E5	33.59	273	261
UniRef90_UPI0004F09B59	41.70	273	262
UniRef90_X6GK08	30.89	273	276
UniRef90_UPI0004197184	33.46	273	277
UniRef90_UPI00036F46A9	33.08	273	259
UniRef90_F7CKN3	47.16	273	230
UniRef90_A0A0D6NUX5	32.95	273	266
UniRef90_B3QCB5	33.98	273	272
UniRef90_V7FQH9	30.89	273	290
UniRef90_UPI00048A88B4	40.56	273	263
UniRef90_A0A0G3EQX0	33.98	273	284
UniRef90_B1G9T5	31.80	273	259
UniRef90_UPI000701215B	34.78	273	259
UniRef90_V8NG30	46.49	273	232
UniRef90_Q2J1X6	33.20	273	266
UniRef90_G2I1F0	32.71	273	264
UniRef90_U7GES4	32.31	273	277
UniRef90_A0A0A8BI82	34.78	273	258
UniRef90_A0A010T7T7	40.61	273	240
UniRef90_A0A097N7Q6	34.78	273	258
UniRef90_F8F6F3	35.58	273	262
UniRef90_UPI0002E3FAD2	32.82	273	263
UniRef90_A0A0H2M298	34.36	273	265
UniRef90_A0A089YRW6	37.84	273	260
UniRef90_UPI0004121350	32.31	273	263
UniRef90_UPI0005CFA6A7	39.74	273	234
UniRef90_W9H3B7	32.31	273	270
UniRef90_A0A0B6RWA7	32.32	273	280
UniRef90_G3UBH0	46.49	273	233
UniRef90_F1PN25	44.98	273	271
UniRef90_J3EZT2	39.30	273	239
UniRef90_K9NIN7	40.17	273	236
UniRef90_UPI00047B5176	33.98	273	260
UniRef90_A0A0E9B4E5	35.21	273	260
UniRef90_K2LIS6	36.84	273	279
UniRef90_A0A077FAP3	37.99	273	233
UniRef90_X5A3C1	34.35	273	257
UniRef90_UPI0006F254C1	36.65	273	267
UniRef90_E3GBL9	37.35	273	259
UniRef90_A0A031H9C0	34.88	273	265
UniRef90_R7T6S4	43.10	273	292
UniRef90_A0A090F1X4	45.04	273	249
UniRef90_W0X970	32.82	273	270
UniRef90_UPI00048DBA90	34.62	273	260
UniRef90_UPI00047D35AA	42.79	273	236
UniRef90_A0A0A1YIL7	37.99	273	235
UniRef90_F3HF08	36.58	273	258
UniRef90_A0A0B7D9Y7	39.04	273	267
UniRef90_UPI0004B2E018	32.17	273	286
UniRef90_A0A0C2I3X9	40.17	273	233
UniRef90_UPI0004C86D60	32.18	273	255
UniRef90_J2YU23	37.55	273	234
UniRef90_Q1I8M5	37.60	273	259
UniRef90_A0A0F3LXL2	33.85	273	258
UniRef90_A0A024E8A5	39.30	273	234
UniRef90_G0W401	38.74	273	261
UniRef90_X6GTH8	31.27	273	264
UniRef90_T1X9W2	35.38	273	259
UniRef90_B0KMN2	36.68	273	233
UniRef90_U1ZQ02	39.74	273	234
UniRef90_UPI0004401B14	43.80	273	244
UniRef90_UPI00035DF7E1	31.30	273	264
UniRef90_UPI0006852093	32.82	273	290
UniRef90_UPI00040E1854	34.75	273	264
UniRef90_A0A0J6GKM7	39.30	273	236
UniRef90_UPI00066FBEAC	33.33	273	286
UniRef90_G3NHY2	50.00	273	252
UniRef90_UPI000567AE75	33.73	273	251
UniRef90_A0A085HLL6	34.23	273	259
UniRef90_UPI0004206C0B	33.46	273	258
UniRef90_UPI0004D006C0	37.36	273	269
UniRef90_UPI00047A5CC0	31.66	273	263
UniRef90_J3DGN1	35.77	273	259
UniRef90_G2NSF8	32.08	273	270
UniRef90_G0VF50	34.12	273	254
UniRef90_J2NIG8	40.00	273	262
UniRef90_UPI0003942A03	35.83	273	260
UniRef90_A0A0C5E1G2	38.43	273	233
UniRef90_UPI0004D02FB3	32.31	273	264
UniRef90_UPI000480073A	38.43	273	236
UniRef90_F0Q3Z9	32.69	273	262
UniRef90_UPI0003F9EDB8	45.04	273	246
UniRef90_UPI0005ECF31E	39.09	273	271
UniRef90_UPI000462AF00	47.30	273	226
UniRef90_A0A098SRN0	35.91	273	263
UniRef90_UPI00041367AE	39.58	273	238
UniRef90_UPI0004907FE2	37.61	273	234
UniRef90_UPI0006C7D33B	30.50	273	265
UniRef90_Q1IAF8	38.10	273	234
UniRef90_A9H2J2	32.82	273	263
UniRef90_A0A0I9Z7T3	33.46	273	261
UniRef90_UPI0006F78AFE	34.36	273	264
UniRef90_UPI0002C566CF	44.69	273	469
UniRef90_H3R9M7	34.23	273	262
UniRef90_Q4KD60	37.55	273	234
UniRef90_A0A0N0L8Y2	37.55	273	242
UniRef90_UPI00063F97D7	48.25	273	308
UniRef90_A0A0F7E5T3	32.95	273	273
UniRef90_UPI00037E7E07	33.46	273	268
UniRef90_V7EG30	39.30	273	232
UniRef90_K2IDI4	37.84	273	259
UniRef90_A0A0A1PPI0	34.46	273	266
UniRef90_A0A0G3BU30	37.15	273	266
UniRef90_U6ZSW6	39.30	273	234
UniRef90_A4XX95	35.97	273	272
UniRef90_S0AFN8	37.83	273	262
UniRef90_C7ZP14	29.34	273	261
UniRef90_A0A0C3NA89	38.96	273	237
UniRef90_A0A0D5Y1Q7	37.99	273	233
UniRef90_X0KSI1	32.32	273	288
UniRef90_K0CGV6	32.43	273	264
UniRef90_UPI0005AB447E	38.37	273	264
UniRef90_U3QJW6	36.65	273	270
UniRef90_UPI000578E5D9	39.39	273	244
UniRef90_UPI0000F2C928	46.72	273	231
UniRef90_UPI0006D3CC29	40.16	273	265
UniRef90_A0A0D1YJG1	37.84	273	266
UniRef90_UPI000571AFC2	36.50	273	260
UniRef90_A0A0F6UIK1	40.69	273	234
UniRef90_A0A0B1Q2W3	44.63	273	246
UniRef90_A3PQP4	34.36	273	270
UniRef90_UPI000402A970	34.62	273	265
UniRef90_W6X7G9	38.71	273	268
UniRef90_A0A023D9Q6	31.78	273	281
UniRef90_W7MBV7	32.69	273	266
UniRef90_G8QAD9	34.10	273	263
UniRef90_A0A0C2QBQ7	43.48	273	233
UniRef90_Q2RTN2	33.09	273	268
UniRef90_G0WFF0	39.13	273	261
UniRef90_D9WU84	31.87	273	263
UniRef90_A0A0D6P2K8	33.59	273	264
UniRef90_S4XSF3	35.27	273	258
UniRef90_R1HKG1	31.91	273	263
UniRef90_UPI00051A826B	34.50	273	276
UniRef90_G0W407	37.15	273	261
UniRef90_A0A075V5L6	30.08	273	256
UniRef90_A7TKG4	36.92	273	260
UniRef90_W0MQC1	35.66	273	265
UniRef90_H2LTD9	50.70	273	242
UniRef90_UPI00064E419A	47.09	273	256
UniRef90_A0A0D2D553	34.13	273	265
UniRef90_A0A0M9GH74	37.99	273	233
UniRef90_A0A0C1QNN2	43.42	273	240
UniRef90_A8I203	33.98	273	262
UniRef90_N6YA74	39.39	273	234
UniRef90_A0A0A0NGJ4	32.06	273	276
UniRef90_V9QTM4	37.23	273	233
UniRef90_UPI000441C965	41.67	273	217
UniRef90_I7BFX9	40.51	273	240
UniRef90_K7SRA3	32.69	273	264
