UniRef90_Q9ZHI0	95.90	581	670
UniRef90_G8N8X7	85.67	581	690
UniRef90_Q9ZFY8	85.32	581	674
UniRef90_K7RGH9	85.67	581	670
UniRef90_F6DH08	87.05	581	676
UniRef90_P26996	87.39	581	676
UniRef90_UPI00035C9FFA	83.28	581	674
UniRef90_Q9ZFY7	85.63	581	527
UniRef90_Q9ZFY3	83.56	581	505
UniRef90_F2NLB5	68.43	581	676
UniRef90_Q9ZFY2	85.92	581	481
UniRef90_D7BHA5	63.57	581	670
UniRef90_UPI000424F33A	64.09	581	676
UniRef90_E4U866	63.65	581	670
UniRef90_UPI00056B641D	62.41	581	673
UniRef90_D3PSJ8	62.31	581	666
UniRef90_UPI00037FB813	62.29	581	671
UniRef90_UPI000404A1B0	61.43	581	671
UniRef90_L0A7T2	52.47	581	675
UniRef90_E6SMF1	53.25	581	764
UniRef90_D9RYR7	50.59	581	672
UniRef90_A0A094JNG0	52.13	581	674
UniRef90_UPI0004B7D463	51.45	581	668
UniRef90_Q8RC42	52.82	581	666
UniRef90_A0A072NBU0	51.65	581	683
UniRef90_UPI00051A87E9	52.64	581	675
UniRef90_K6P0D3	52.69	581	817
UniRef90_E8U956	51.11	581	671
UniRef90_C9RD93	51.62	581	672
UniRef90_Q1J0I6	51.22	581	684
UniRef90_B5Y6V5	49.91	581	666
UniRef90_UPI00046CEB78	51.97	581	672
UniRef90_A0A0J1DME6	50.09	581	665
UniRef90_A0A075WSF1	48.90	581	688
UniRef90_F4LVV4	49.23	581	675
UniRef90_G9QL68	49.49	581	668
UniRef90_F8C669	49.16	581	686
UniRef90_F8A8Z2	50.00	581	693
UniRef90_UPI000553ECAE	48.36	581	676
UniRef90_A0A0N0Y6U1	51.37	581	671
UniRef90_UPI00055098BF	50.34	581	688
UniRef90_UPI0005CDC11A	48.20	581	668
UniRef90_UPI00068D5C85	48.63	581	687
UniRef90_UPI0002DA053B	48.54	581	668
UniRef90_A0A0F5I3E8	48.38	581	668
UniRef90_A0A0M2U1B6	51.03	581	673
UniRef90_B0KBN6	50.43	581	662
UniRef90_I0GJ14	48.55	581	678
UniRef90_C1CVC7	49.05	581	686
UniRef90_D7CL18	50.69	581	668
UniRef90_D3L0D1	50.00	581	674
UniRef90_A0A0F2Q5A8	48.72	581	666
UniRef90_R7RV28	48.64	581	664
UniRef90_I4BXU7	50.17	581	670
UniRef90_A0A084HBH9	48.20	581	669
UniRef90_H8GRQ4	48.88	581	691
UniRef90_UPI0003650868	48.55	581	667
UniRef90_H5SJT6	50.93	581	689
UniRef90_D7CY76	52.04	581	681
UniRef90_UPI0003762184	47.59	581	690
UniRef90_UPI000368B242	50.00	581	673
UniRef90_Q9KF37	50.17	581	669
UniRef90_C5D4J2	48.29	581	670
UniRef90_UPI00047ED07B	50.76	581	661
UniRef90_UPI0003603AB2	49.06	581	708
UniRef90_A0A0C7N624	49.66	581	679
UniRef90_UPI00047AF1C2	48.54	581	680
UniRef90_UPI00037FF0DB	49.49	581	672
UniRef90_UPI0003B68E54	48.78	581	679
UniRef90_UPI00047F14E5	49.49	581	677
UniRef90_Q2RGY0	49.74	581	666
UniRef90_UPI0004774486	51.26	581	679
UniRef90_Q3AD38	49.23	581	664
UniRef90_D9TQN3	49.32	581	659
UniRef90_D5XD69	49.57	581	665
UniRef90_Q8GDW7	48.72	581	677
UniRef90_UPI00047E07DF	47.95	581	680
UniRef90_UPI000551C614	48.97	581	688
UniRef90_K4LDN2	50.60	581	667
UniRef90_D5C143	49.74	581	675
UniRef90_A0A077JAF2	47.44	581	668
UniRef90_A0A0F7JM19	48.27	581	673
UniRef90_UPI000495889E	50.44	581	687
UniRef90_I3E3N9	47.95	581	668
UniRef90_UPI00037E0FAE	48.12	581	669
UniRef90_F6B7U7	47.60	581	669
UniRef90_A0A016QPE2	49.39	581	682
UniRef90_A0A0B7MMH4	48.97	581	673
UniRef90_UPI0004AEC6E8	49.24	581	704
UniRef90_UPI0006D55731	50.35	581	676
UniRef90_Q9RSQ5	47.36	581	700
UniRef90_Q604U8	50.34	581	673
UniRef90_L5N864	48.29	581	666
UniRef90_F0T0L7	49.05	581	671
UniRef90_UPI00063F544C	48.81	581	669
UniRef90_UPI000404E3EB	47.74	581	668
UniRef90_UPI000345B550	48.12	581	669
UniRef90_UPI0003773A3A	47.94	581	668
UniRef90_E6TWN1	46.42	581	670
UniRef90_UPI00041EE818	47.61	581	668
UniRef90_UPI00048AD8B5	48.29	581	667
UniRef90_Q24QL5	48.45	581	659
UniRef90_UPI0005D0ED83	47.61	581	667
UniRef90_UPI000422D4C2	49.14	581	668
UniRef90_UPI0004E0CC3B	48.28	581	666
UniRef90_F0RMI2	48.87	581	676
UniRef90_A0A017RV72	47.69	581	667
UniRef90_F5L445	48.73	581	670
UniRef90_UPI0006EC1F57	47.51	581	668
UniRef90_F6CR27	50.17	581	668
UniRef90_F6BIN4	49.14	581	659
UniRef90_I9LHF1	48.04	581	678
UniRef90_A0A0A1MTT1	47.00	581	669
UniRef90_K2BG78	48.27	581	670
UniRef90_F4A066	47.94	581	665
UniRef90_Q65RN7	48.05	581	675
UniRef90_B8D122	48.88	581	670
UniRef90_UPI000410801F	48.12	581	668
UniRef90_UPI0004649697	48.99	581	672
UniRef90_UPI0005F8350E	47.28	581	669
UniRef90_UPI00036EFB8E	49.73	581	678
UniRef90_B7GFV1	47.27	581	672
UniRef90_UPI0006D5415F	47.35	581	679
UniRef90_UPI00042A74DB	48.89	581	681
UniRef90_UPI00047CAA07	47.78	581	672
UniRef90_UPI00047908EA	47.92	581	664
UniRef90_UPI00067C1367	47.09	581	669
UniRef90_A0A0A3J1X8	47.15	581	666
UniRef90_U5L4Z2	47.61	581	674
UniRef90_M7D7I7	48.81	581	677
UniRef90_UPI0003F7B8D3	47.30	581	669
UniRef90_A0A084H1D8	47.51	581	669
UniRef90_UPI0002F29C4A	47.67	581	667
UniRef90_UPI0006D0EC64	47.91	581	659
UniRef90_UPI000370F536	48.03	581	666
UniRef90_UPI000378BF09	47.27	581	668
UniRef90_Q0AZZ5	48.27	581	661
UniRef90_Q3JAI1	48.54	581	675
UniRef90_UPI0002E9432A	46.82	581	668
UniRef90_UPI00037C9775	48.38	581	671
UniRef90_UPI0002D8EFDE	46.06	581	666
UniRef90_A0A0J6FN43	48.03	581	668
UniRef90_M5DXW7	45.47	581	667
UniRef90_R6DWA9	46.31	581	660
UniRef90_UPI0006182CC0	47.60	581	669
UniRef90_A0A0A3I6I4	47.32	581	667
UniRef90_UPI00055DCD1B	49.66	581	661
UniRef90_Q2LTN8	45.84	581	672
UniRef90_A0A0M2STU7	47.27	581	668
UniRef90_E3DPF7	44.12	581	670
UniRef90_A0A0C2UBW5	46.95	581	669
UniRef90_A0A0C1RKB7	46.28	581	669
UniRef90_UPI00046FE0FC	47.27	581	665
UniRef90_UPI0002890F47	47.87	581	668
UniRef90_T4VMT9	44.75	581	673
UniRef90_UPI000424D166	51.03	581	673
UniRef90_B3PGQ8	47.34	581	680
UniRef90_A6EWC6	48.97	581	676
UniRef90_Q65MR2	49.38	581	667
UniRef90_D5WUX7	49.66	581	677
UniRef90_T0MPJ9	46.58	581	673
UniRef90_C8W209	47.36	581	677
UniRef90_UPI00035F8E21	47.46	581	677
UniRef90_A0A0J5GSF1	47.10	581	668
UniRef90_A0A099LRC4	47.17	581	669
UniRef90_UPI0006D45F2A	47.08	581	665
UniRef90_UPI00042832BB	46.42	581	667
UniRef90_UPI0005A939E1	46.42	581	668
UniRef90_Q39S28	49.23	581	671
UniRef90_UPI000381C597	47.19	581	668
UniRef90_K6DG76	47.61	581	668
UniRef90_A0A0F2P5Y5	49.47	581	663
UniRef90_UPI0003A5AEAF	46.59	581	668
UniRef90_UPI0005CDAAF8	48.46	581	670
UniRef90_I8AEV3	46.76	581	669
UniRef90_UPI0004037149	47.53	581	671
UniRef90_UPI00046606FA	47.26	581	681
UniRef90_A0A0C9PIC8	45.22	581	672
UniRef90_K2GDT0	48.55	581	669
UniRef90_B8GTL0	50.59	581	675
UniRef90_UPI00048A6513	47.68	581	675
UniRef90_C0GK05	47.87	581	667
UniRef90_A0A0H4KAB9	47.54	581	669
UniRef90_UPI000481B5B1	50.62	581	670
UniRef90_UPI0004202116	47.88	581	671
UniRef90_UPI000478E07D	46.05	581	668
UniRef90_A0A080LT42	50.00	581	673
UniRef90_B0TDL0	49.66	581	675
UniRef90_K4L496	46.50	581	666
UniRef90_UPI0003F72233	48.45	581	667
UniRef90_UPI00037A8D62	47.43	581	670
UniRef90_A0A090APQ0	47.08	581	671
UniRef90_B3DWU2	46.14	581	689
UniRef90_A0A0A5G6E5	46.84	581	667
UniRef90_Q21JI8	46.46	581	674
UniRef90_UPI0004A79B12	45.67	581	667
UniRef90_UPI00041F95A4	47.36	581	673
UniRef90_A0A075JQP1	46.42	581	667
UniRef90_A0A072N498	48.71	581	678
UniRef90_UPI00041785F8	47.34	581	677
UniRef90_R4KQF3	47.18	581	674
UniRef90_UPI000225BE35	45.05	581	668
UniRef90_F4X959	47.75	581	657
UniRef90_Q5HN30	45.09	581	665
UniRef90_D5DWY2	46.59	581	668
UniRef90_I0JXM7	45.35	581	691
UniRef90_UPI0004842EC1	48.81	581	671
UniRef90_UPI00067EA069	45.90	581	668
UniRef90_V6T4Z5	45.90	581	668
UniRef90_UPI00052FE81A	46.48	581	667
UniRef90_A0A0J5S7R3	46.93	581	668
UniRef90_A0A0E4C9I8	48.79	581	671
UniRef90_D3FTF4	46.76	581	668
UniRef90_A0A0M0WBH7	46.58	581	668
UniRef90_A0A094WK05	46.14	581	674
UniRef90_A0A091AG56	46.62	581	596
UniRef90_UPI0004734F33	46.59	581	668
UniRef90_A4J703	46.13	581	670
UniRef90_UPI0005CC6D47	46.75	581	670
UniRef90_UPI0004023B73	46.59	581	668
UniRef90_A0A0K2SNF3	50.70	581	688
UniRef90_UPI0007020E64	46.14	581	682
UniRef90_UPI0006D58103	48.55	581	680
UniRef90_A1HME7	49.32	581	673
UniRef90_G2FED3	49.74	581	758
UniRef90_I3BZ75	48.37	581	672
UniRef90_UPI0005B87EDF	48.45	581	678
UniRef90_A0A0K0G8N0	45.90	581	670
UniRef90_UPI00047A1683	50.43	581	679
UniRef90_A0A060LV31	46.85	581	671
UniRef90_UPI0003FB130C	47.26	581	667
UniRef90_J9HXP1	48.12	581	679
UniRef90_O87703	49.49	581	670
UniRef90_UPI000469DFC1	46.94	581	669
UniRef90_UPI0003B67F68	47.79	581	673
UniRef90_UPI00047CD1F4	47.27	581	668
UniRef90_D5EG10	48.80	581	684
UniRef90_UPI0003B33E83	45.47	581	667
UniRef90_UPI000375F079	47.22	581	677
UniRef90_A0A0K6IQY9	49.91	581	681
UniRef90_A0A081BVD7	46.43	581	680
UniRef90_Q2BJC3	48.71	581	674
UniRef90_UPI0005EB6E27	48.03	581	678
UniRef90_UPI0005A62C33	47.27	581	668
UniRef90_UPI0004E284A6	46.66	581	679
UniRef90_K6DZB6	45.80	581	668
UniRef90_A8GHF2	49.37	581	673
UniRef90_E6KZG8	46.67	581	671
UniRef90_L0F7Y4	47.77	581	659
UniRef90_A0A0F2PNF1	47.09	581	676
UniRef90_E5CKS8	45.11	581	667
UniRef90_F5SJ28	48.21	581	670
UniRef90_UPI0004249557	48.26	581	670
UniRef90_UPI0002FA74AE	48.21	581	673
UniRef90_UPI000509457E	45.97	581	668
UniRef90_A0A0A2US38	46.09	581	668
UniRef90_W4QVY3	46.93	581	669
UniRef90_A0A069RFB2	46.06	581	678
UniRef90_M8DEH8	47.54	581	671
UniRef90_W4QC31	46.59	581	669
UniRef90_UPI0006B59894	44.86	581	663
UniRef90_UPI000255A1FC	48.47	581	678
UniRef90_O31498	47.95	581	668
UniRef90_Q5HEL8	45.04	581	667
UniRef90_M7PEL0	46.67	581	673
UniRef90_UPI00064E01E1	45.05	581	674
UniRef90_Q2YZQ2	45.78	581	670
UniRef90_D2RIV7	45.52	581	675
UniRef90_A0A0B5FRM6	47.69	581	671
UniRef90_A0A0J5TPC9	46.08	581	674
UniRef90_UPI0005871C3F	47.94	581	679
UniRef90_F6DPJ7	47.32	581	672
UniRef90_A0A0C7RC53	44.41	581	673
UniRef90_A6CTQ6	46.59	581	668
UniRef90_M5DR48	47.04	581	701
UniRef90_Q2SD47	47.41	581	683
UniRef90_UPI000288AAC8	45.73	581	667
UniRef90_R6IDZ1	47.13	581	698
UniRef90_UPI0005CA627F	46.26	581	668
UniRef90_Q8CXK6	45.39	581	667
UniRef90_A0A090KP88	47.02	581	670
UniRef90_UPI0003063380	45.63	581	677
UniRef90_K8EL45	46.32	581	669
UniRef90_A0A073JY45	47.09	581	669
UniRef90_W8T2N3	47.85	581	680
UniRef90_UPI00041C5151	46.25	581	669
UniRef90_E5WTD3	46.14	581	668
UniRef90_A0A098EU14	49.15	581	667
UniRef90_UPI000596E212	44.69	581	678
UniRef90_A0A086YPA5	47.09	581	667
UniRef90_A0A081BMT1	44.57	581	676
UniRef90_A0A024P5I8	47.14	581	668
UniRef90_B9DMU3	46.63	581	668
UniRef90_A0A0C2RZ07	45.56	581	671
UniRef90_UPI000370FF3F	46.66	581	668
UniRef90_F4GMI3	47.01	581	698
UniRef90_K0D0W5	46.25	581	678
UniRef90_UPI0005972EDE	45.55	581	679
UniRef90_D1B5Q8	48.63	581	673
UniRef90_A0A0M4FXY5	46.92	581	670
UniRef90_E4RJ33	46.33	581	670
UniRef90_UPI00038016BB	46.68	581	682
UniRef90_A0A066T8D1	43.63	581	692
UniRef90_R5S1D4	47.52	581	677
UniRef90_UPI000426DEEA	47.16	581	676
UniRef90_UPI0006C8297D	45.96	581	683
UniRef90_X0R9S1	45.39	581	672
UniRef90_UPI0005A6B5C9	47.17	581	670
UniRef90_UPI00058C33AD	47.86	581	664
UniRef90_UPI00047D4FD3	45.66	581	673
UniRef90_R8B1D7	47.45	581	675
UniRef90_Q81IP2	47.02	581	669
UniRef90_UPI0005F83A06	45.75	581	674
UniRef90_A0A0M2PKW5	45.98	581	668
UniRef90_W0TJI4	49.23	581	677
UniRef90_UPI0006CFAA91	47.41	581	671
UniRef90_E1L725	45.77	581	666
UniRef90_B3E8F8	47.27	581	683
UniRef90_A0A0A5I310	47.60	581	667
UniRef90_A0A0K0XWK8	50.09	581	668
UniRef90_F7YYG8	45.47	581	676
UniRef90_A0A024QHN1	45.28	581	670
UniRef90_A0A011PN37	48.24	581	697
UniRef90_A4XK85	46.97	581	673
UniRef90_A3DE88	46.91	581	663
UniRef90_F2NFV7	48.89	581	676
UniRef90_UPI00040CD626	47.52	581	674
UniRef90_N4W693	44.29	581	671
UniRef90_F7NF00	47.00	581	679
UniRef90_A0A0A7S1D4	44.60	581	676
UniRef90_C4L2B2	46.56	581	664
UniRef90_C5CGF3	46.95	581	672
UniRef90_UPI00058ECA4F	46.56	581	675
UniRef90_A0A080M9Y5	49.91	581	673
UniRef90_J4TW41	48.35	581	675
UniRef90_A0A0L8B4P9	45.45	581	668
UniRef90_A0A0J1FQ87	47.06	581	662
UniRef90_A0A0K9GP77	46.85	581	668
UniRef90_F2LVX2	45.08	581	667
UniRef90_B6BTY6	42.37	581	669
UniRef90_I3DGW3	46.92	581	696
UniRef90_D1JF80	46.79	581	667
UniRef90_B9E830	46.88	581	663
UniRef90_A0A0N0ZMX6	48.28	581	670
UniRef90_F0EQA7	47.44	581	675
UniRef90_C1D1Y6	46.62	581	686
UniRef90_A9BJX5	44.77	581	668
UniRef90_H0UQX9	48.02	581	665
UniRef90_F5B4L2	46.08	581	668
UniRef90_A0A0A6XZA9	46.25	581	668
UniRef90_Q1N5K3	47.67	581	694
UniRef90_A0A098EP73	46.48	581	668
UniRef90_UPI00056C9CE9	47.62	581	677
UniRef90_A0A0B6X082	48.89	581	677
UniRef90_G4Q3D9	45.69	581	677
UniRef90_A0A097AVU7	45.45	581	669
UniRef90_UPI0002F44ADB	45.23	581	666
UniRef90_D6XYW3	46.82	581	668
UniRef90_A8FAQ1	47.17	581	668
UniRef90_UPI00055508C9	44.90	581	667
UniRef90_I2F3D9	46.98	581	665
UniRef90_D8FC29	46.94	581	671
UniRef90_E8LBE0	48.54	581	679
UniRef90_W1J9A7	48.03	581	677
UniRef90_C5S0F7	47.08	581	679
UniRef90_UPI0006FD431E	44.98	581	666
UniRef90_A0A0A6RSM2	44.94	581	670
UniRef90_UPI0005EFDBB5	46.42	581	668
UniRef90_A0A080LKI8	44.52	581	692
UniRef90_A0A075LH31	46.00	581	668
UniRef90_G7V5S5	49.41	581	682
UniRef90_B8F314	45.53	581	675
UniRef90_UPI00068F2579	48.05	581	719
UniRef90_H9UB41	44.99	581	672
UniRef90_M4R478	46.05	581	670
UniRef90_N0AVQ8	45.45	581	668
UniRef90_R5QH56	45.67	581	664
UniRef90_A0A0B0EKU8	44.33	581	705
UniRef90_A0A0F2S762	46.27	581	672
UniRef90_A0A0A5G866	44.79	581	667
UniRef90_B2A5W5	44.85	581	663
UniRef90_N6WS54	48.28	581	672
UniRef90_E3PW90	45.45	581	683
UniRef90_A0A0K8JFH3	46.93	581	677
UniRef90_UPI000414F9E9	45.73	581	666
UniRef90_A0A068QX25	48.50	581	672
UniRef90_G4QLQ8	44.71	581	675
UniRef90_Q7MMT5	46.93	581	669
UniRef90_UPI00047D52F6	46.93	581	668
UniRef90_A0A0B0H7A8	48.80	581	670
UniRef90_B9XGZ1	44.80	581	680
UniRef90_R7NF43	44.33	581	663
UniRef90_H1G2U7	49.66	581	678
UniRef90_Q9CKA9	46.22	581	673
UniRef90_UPI0004758EE7	47.03	581	683
UniRef90_I3DIV2	46.34	581	672
UniRef90_UPI0004E16927	45.97	581	660
UniRef90_W4F7E6	45.22	581	668
UniRef90_H3ZHY9	47.34	581	684
UniRef90_A0A033UB23	45.52	581	667
UniRef90_UPI00048E98BD	46.59	581	671
UniRef90_I3IAN5	46.47	581	680
UniRef90_C8WTI8	47.34	581	684
UniRef90_A0A078KP18	47.93	581	657
UniRef90_UPI0002629311	44.80	581	667
UniRef90_F4HFA3	45.41	581	671
UniRef90_E7RJR6	45.97	581	668
UniRef90_Q67KI8	47.29	581	673
UniRef90_A0A0M4G5B9	45.33	581	667
UniRef90_A1TZT9	47.87	581	678
UniRef90_K2DWX7	45.00	581	665
UniRef90_W3Y7H5	46.19	581	665
UniRef90_A0A0M9UC46	46.94	581	699
UniRef90_Q180F3	44.92	581	674
UniRef90_UPI00037907F2	44.52	581	680
UniRef90_UPI000379E23F	46.17	581	671
UniRef90_UPI0004044517	46.18	581	656
UniRef90_UPI000486C4B8	44.29	581	674
UniRef90_K2BU84	45.36	581	667
UniRef90_A0A0B5AP66	46.93	581	670
UniRef90_UPI0006A76313	47.72	581	669
UniRef90_UPI00053AEB5C	45.56	581	667
UniRef90_W1IV81	47.34	581	672
UniRef90_UPI0003820A77	48.37	581	672
UniRef90_V6M6T6	47.54	581	671
UniRef90_UPI000482D037	46.91	581	783
UniRef90_UPI0004B3B8D8	46.83	581	673
UniRef90_K1KXU8	46.05	581	665
UniRef90_D1BMS3	45.50	581	667
UniRef90_F0LVG4	47.69	581	669
UniRef90_A0A0F5F0A8	46.29	581	675
UniRef90_A0A095WXR0	49.74	581	680
UniRef90_A7FGC2	47.23	581	670
UniRef90_A0A094ISS5	47.02	581	671
UniRef90_I4X462	46.66	581	668
UniRef90_UPI0005CB2974	47.03	581	678
UniRef90_U7G276	47.64	581	678
UniRef90_G9YNS8	47.07	581	666
UniRef90_Q7MBH2	48.59	581	672
UniRef90_C5BHZ0	46.83	581	676
UniRef90_UPI00055309E3	46.90	581	671
UniRef90_G7LMI3	48.79	581	684
UniRef90_UPI0005094877	46.67	581	675
UniRef90_B7RUQ0	46.09	581	677
UniRef90_C4WDH6	45.88	581	668
UniRef90_A0A075KBA3	45.21	581	676
UniRef90_R7L5A0	44.95	581	667
UniRef90_UPI0004932C69	46.58	581	667
UniRef90_B0A760	45.08	581	674
UniRef90_F7YMH9	46.72	581	671
UniRef90_F3LDG3	44.71	581	707
UniRef90_A0A0C7P3Y0	44.25	581	664
UniRef90_A0A0F2J7T3	45.93	581	669
UniRef90_E1VP71	47.51	581	677
UniRef90_R6BG79	46.15	581	656
UniRef90_UPI0005AA7FB2	46.63	581	665
UniRef90_C0Z4D6	46.69	581	671
UniRef90_E1IHK0	45.95	581	674
UniRef90_UPI0004661771	47.41	581	686
UniRef90_A0A0L0QKS4	45.63	581	672
UniRef90_A0A0F4QGN0	45.80	581	673
UniRef90_D0KWN0	48.36	581	685
UniRef90_UPI00064D9476	45.73	581	668
UniRef90_R6HXU9	46.75	581	657
UniRef90_C7RBE4	46.23	581	667
UniRef90_UPI000484AD94	47.96	581	668
UniRef90_A0A075P6E3	45.75	581	677
UniRef90_UPI000660B7C8	44.25	581	668
UniRef90_H0PTY8	46.37	581	677
UniRef90_Q74ER9	47.36	581	670
UniRef90_A0A0F7JY10	47.35	581	671
UniRef90_G6YVE0	48.28	581	678
UniRef90_UPI0004643B90	45.39	581	680
UniRef90_UPI0003822F91	48.28	581	675
UniRef90_S6BJY8	50.73	581	741
UniRef90_E4PL91	48.28	581	678
UniRef90_UPI00041607E9	46.42	581	670
UniRef90_UPI00036AF43E	43.91	581	660
UniRef90_L0KCQ9	44.83	581	660
UniRef90_UPI000405D613	44.29	581	668
UniRef90_A0A0L7YYR5	46.08	581	671
UniRef90_R1F732	47.51	581	668
UniRef90_J7J0V1	46.45	581	663
UniRef90_A0A0C2HLH4	49.23	581	673
UniRef90_UPI0004A702E4	47.75	581	686
UniRef90_A0A0J8GX37	45.22	581	677
UniRef90_UPI00038071F1	44.86	581	718
UniRef90_UPI000556AE89	45.88	581	664
UniRef90_UPI0004073452	45.34	581	671
UniRef90_S9PIX2	47.93	581	675
UniRef90_E8MD90	45.55	581	669
UniRef90_UPI0005906E5B	46.08	581	668
UniRef90_UPI0003782F07	47.31	581	672
UniRef90_UPI0005C8FAE9	45.80	581	678
UniRef90_B2Q0P7	45.91	581	671
UniRef90_D8K616	47.34	581	675
UniRef90_A0A0J8VJ66	48.19	581	672
UniRef90_I2JK47	46.93	581	675
UniRef90_D9SFD0	46.86	581	674
UniRef90_A7NHP6	48.17	581	718
UniRef90_C5D4J2	48.29	581	670
UniRef90_G9QL68	49.32	581	668
UniRef90_UPI0005D0ED83	47.61	581	667
UniRef90_UPI0006EC1F57	47.18	581	668
UniRef90_A0A077JAF2	47.44	581	668
UniRef90_L5N864	48.21	581	666
UniRef90_I3E3N9	47.44	581	668
UniRef90_UPI0005CDC11A	48.12	581	668
UniRef90_UPI00048AD8B5	48.29	581	667
UniRef90_U5L4Z2	47.61	581	674
UniRef90_UPI0005CDAAF8	48.46	581	670
UniRef90_UPI0002890F47	47.27	581	668
UniRef90_UPI0004734F33	46.59	581	668
UniRef90_UPI0005A939E1	46.25	581	668
UniRef90_UPI0005A62C33	46.76	581	668
UniRef90_UPI0003FB130C	47.18	581	667
UniRef90_UPI000422D4C2	49.06	581	668
UniRef90_B7GFV1	47.59	581	672
UniRef90_A0A0F5I3E8	48.04	581	668
UniRef90_UPI000368B242	49.66	581	673
UniRef90_UPI000378BF09	47.10	581	668
UniRef90_UPI0002E9432A	46.59	581	668
UniRef90_K6DZB6	45.39	581	668
UniRef90_A0A0A6XZA9	45.90	581	668
UniRef90_UPI000509457E	45.90	581	668
UniRef90_A0A0M2STU7	47.10	581	668
UniRef90_A0A090KP88	46.42	581	670
UniRef90_UPI0004023B73	46.59	581	668
UniRef90_A0A0J5S7R3	46.93	581	668
UniRef90_UPI00053AEB5C	44.88	581	667
UniRef90_A0A094JNG0	51.96	581	674
UniRef90_A0A0A5G866	44.44	581	667
UniRef90_A0A0A2US38	45.83	581	668
UniRef90_UPI00047CD1F4	46.93	581	668
UniRef90_D5DWY2	46.25	581	668
UniRef90_A0A0A5G6E5	46.50	581	667
UniRef90_UPI0005CA627F	46.25	581	668
UniRef90_K6DG76	47.61	581	668
UniRef90_UPI00063F544C	48.81	581	669
UniRef90_A0A0K0G8N0	45.90	581	670
UniRef90_UPI000404E3EB	46.93	581	668
UniRef90_E5WTD3	45.81	581	668
UniRef90_A0A0C2UBW5	46.34	581	669
UniRef90_A0A084HBH9	48.03	581	669
UniRef90_UPI00042832BB	46.42	581	667
UniRef90_UPI0004202116	47.88	581	671
UniRef90_UPI0002DA053B	47.86	581	668
UniRef90_UPI00067EA069	45.90	581	668
UniRef90_A0A0A3J1X8	46.48	581	666
UniRef90_UPI0002D8EFDE	45.98	581	666
UniRef90_A0A0J6FN43	47.27	581	668
UniRef90_V6T4Z5	45.90	581	668
UniRef90_UPI0002F29C4A	46.66	581	667
UniRef90_G2TJ60	46.59	581	668
UniRef90_UPI000370FF3F	46.32	581	668
UniRef90_F5L445	48.30	581	670
UniRef90_UPI00051A87E9	52.47	581	675
UniRef90_UPI000478E07D	45.90	581	668
UniRef90_UPI000410801F	48.03	581	668
UniRef90_A0A024QHN1	45.13	581	670
UniRef90_N4W693	44.29	581	671
UniRef90_A0A075JQP1	46.42	581	667
UniRef90_UPI00047CAA07	47.78	581	672
UniRef90_Q9KF37	49.91	581	669
UniRef90_Q8CXK6	45.39	581	667
UniRef90_UPI000345B550	48.12	581	669
UniRef90_A0A0M2PKW5	45.39	581	668
UniRef90_A0A084H1D8	47.01	581	669
UniRef90_UPI000288AAC8	45.73	581	667
UniRef90_D3FTF4	46.76	581	668
UniRef90_UPI0006182CC0	47.27	581	669
UniRef90_R9BXP2	45.47	581	674
UniRef90_A0A0M0WBH7	46.32	581	668
UniRef90_UPI0003A5AEAF	46.59	581	668
UniRef90_A6CTQ6	46.42	581	668
UniRef90_A0A0J5GSF1	46.93	581	668
UniRef90_A0A0H4KAB9	47.44	581	669
UniRef90_UPI0002629311	44.54	581	667
UniRef90_Q3AD38	48.81	581	664
UniRef90_UPI0005AA7FB2	46.08	581	665
UniRef90_UPI000484AD94	47.78	581	668
UniRef90_UPI000225BE35	45.05	581	668
UniRef90_A0A0K9GGT4	45.14	581	671
UniRef90_A0A0M0KQU7	46.08	581	668
UniRef90_A0A0K9GP77	46.25	581	668
UniRef90_UPI00064E01E1	45.05	581	674
UniRef90_UPI0005F8350E	46.93	581	669
UniRef90_UPI00037E0FAE	47.95	581	669
UniRef90_X0R9S1	45.39	581	672
UniRef90_UPI00067C1367	46.68	581	669
UniRef90_A0A075LH31	46.00	581	668
UniRef90_UPI00037A8D62	46.85	581	670
UniRef90_I3BZ75	48.12	581	672
UniRef90_A0A0C2RZ07	45.56	581	671
UniRef90_UPI00037F75C0	46.17	581	669
UniRef90_UPI0002FA74AE	47.71	581	673
UniRef90_UPI0002DD3F8F	44.88	581	671
UniRef90_D5C143	49.15	581	675
UniRef90_UPI00047D52F6	46.93	581	668
UniRef90_K1KXU8	45.63	581	665
UniRef90_N0AVQ8	45.39	581	668
UniRef90_UPI0005EFDBB5	46.42	581	668
UniRef90_D9RYR7	50.25	581	672
UniRef90_F4LVV4	48.39	581	675
UniRef90_Q81IP2	47.02	581	669
UniRef90_E6TWN1	46.42	581	670
UniRef90_A0A024P5I8	46.25	581	668
UniRef90_A0A0A3I6I4	46.76	581	667
UniRef90_I8AEV3	46.59	581	669
UniRef90_O87703	49.49	581	670
UniRef90_A0A098F8I8	45.90	581	668
UniRef90_B8GTL0	49.32	581	675
UniRef90_UPI000414F9E9	45.30	581	666
UniRef90_F6CR27	49.40	581	668
UniRef90_UPI00047AF1C2	48.21	581	680
UniRef90_UPI00040CD626	47.01	581	674
UniRef90_UPI0006D012A5	45.25	581	674
UniRef90_V6M6T6	47.20	581	671
UniRef90_F5B4L2	46.08	581	668
UniRef90_A0A0N0Y6U1	51.02	581	671
UniRef90_A0A0L0QKS4	45.47	581	672
UniRef90_UPI00052FE81A	46.15	581	667
UniRef90_A0A0J5TPC9	46.08	581	674
UniRef90_O31498	46.93	581	668
UniRef90_A0A094WK05	45.98	581	674
UniRef90_UPI000551C614	48.73	581	688
UniRef90_D5XD69	49.23	581	665
UniRef90_A0A073JY45	47.02	581	669
UniRef90_A0A0L8B4P9	45.13	581	668
UniRef90_UPI00037C9775	47.79	581	671
UniRef90_A0A0A3HVG1	46.14	581	669
UniRef90_A0A098EU14	48.98	581	667
UniRef90_A0A090APQ0	45.59	581	671
UniRef90_F0EQA7	46.67	581	675
UniRef90_E7RJR6	45.30	581	668
UniRef90_M8DEH8	47.54	581	671
UniRef90_A0A0J1K9N2	45.05	581	671
UniRef90_L8JA97	44.29	581	671
UniRef90_A0A0M5JJ59	47.44	581	667
UniRef90_UPI00047AF37B	45.90	581	669
UniRef90_K2GDT0	48.12	581	669
UniRef90_UPI00047E07DF	47.86	581	680
UniRef90_E6KZG8	46.19	581	671
UniRef90_F0LVG4	45.66	581	669
UniRef90_A0A0B5AP66	45.53	581	670
UniRef90_C9RD93	51.28	581	672
UniRef90_A0A0L7YYR5	45.24	581	671
UniRef90_UPI0003820A77	47.12	581	672
UniRef90_UPI00047A1683	48.81	581	679
UniRef90_UPI00039DF5A4	44.63	581	668
UniRef90_A0A0A6RSM2	44.12	581	670
UniRef90_UPI00046606FA	46.68	581	681
UniRef90_UPI000394509F	44.96	581	672
UniRef90_UPI000370F536	47.61	581	666
UniRef90_Q65RN7	47.72	581	675
UniRef90_UPI00064D9476	45.73	581	668
UniRef90_A0A0M0HYY5	44.44	581	669
UniRef90_UPI00041C5151	46.25	581	669
UniRef90_UPI0003F72233	47.59	581	667
UniRef90_E8MD90	45.07	581	669
UniRef90_B2Q0P7	44.77	581	671
UniRef90_UPI00041F95A4	47.11	581	673
UniRef90_UPI00040EE20D	44.54	581	668
UniRef90_A0A0A1MTT1	46.67	581	669
UniRef90_U2ZWG9	45.70	581	669
UniRef90_C0Z4D6	46.69	581	671
UniRef90_UPI0004932C69	46.50	581	667
UniRef90_A0A0A3JNL4	45.63	581	666
UniRef90_UPI0006CFAA91	46.09	581	671
UniRef90_A0A068QX25	46.17	581	672
UniRef90_A0A0M0HJM2	44.62	581	669
UniRef90_A0A0A5I310	47.18	581	667
UniRef90_UPI0005B87EDF	47.31	581	678
UniRef90_UPI0005906E5B	46.08	581	668
UniRef90_F6B7U7	47.50	581	669
UniRef90_E5YCK1	46.46	581	678
UniRef90_Q87RJ4	45.13	581	670
UniRef90_A0A071LP68	45.05	581	672
UniRef90_UPI00056FB1A5	44.35	581	671
UniRef90_UPI00047F14E5	48.40	581	677
UniRef90_A0A099LRC4	46.67	581	669
UniRef90_A0A0J1GSZ4	43.86	581	671
UniRef90_A0A0L7TAT8	45.58	581	672
UniRef90_UPI000381C597	46.70	581	668
UniRef90_UPI0002F44ADB	44.80	581	666
UniRef90_K8EL45	46.32	581	669
UniRef90_A0A0J1JUA9	45.56	581	671
UniRef90_UPI00040C7F03	45.75	581	674
UniRef90_UPI000255A1FC	46.80	581	678
UniRef90_C5S0F7	46.31	581	679
UniRef90_D7UU98	44.75	581	674
UniRef90_R7RV28	47.68	581	664
UniRef90_A0A0A8JEH3	43.76	581	672
UniRef90_A0A066RZ85	44.90	581	670
UniRef90_K2BG78	47.19	581	670
UniRef90_M4R478	45.13	581	670
UniRef90_J7TLB5	44.31	581	673
UniRef90_A0A0F5VGF1	45.41	581	670
UniRef90_M7P5H6	44.20	581	667
UniRef90_UPI0005A75580	46.32	581	669
UniRef90_UPI0004774486	50.51	581	679
UniRef90_UPI0003787A96	45.92	581	672
UniRef90_D4C4S1	43.91	581	671
UniRef90_J4TW41	46.91	581	675
UniRef90_A0A085JHZ7	44.73	581	673
UniRef90_UPI00042A74DB	48.02	581	681
UniRef90_B1HTW6	44.60	581	667
UniRef90_Q0KA11	44.65	581	709
UniRef90_UPI0006A76313	47.44	581	669
UniRef90_UPI000469DFC1	46.77	581	669
UniRef90_W0TJI4	48.72	581	677
UniRef90_A0A0F5F0A8	44.50	581	675
UniRef90_I3DIV2	46.02	581	672
UniRef90_UPI00058CE9D1	43.49	581	668
UniRef90_A0A0F4NFH7	45.07	581	669
UniRef90_A0A097AVU7	44.96	581	669
UniRef90_Q8Y6D0	44.39	581	671
UniRef90_UPI0003B2E619	45.58	581	673
UniRef90_UPI0002899197	44.44	581	665
UniRef90_F4HFA3	45.24	581	671
UniRef90_K4KH82	43.03	581	674
UniRef90_A0A0C5WX41	44.03	581	671
UniRef90_A0A0M2U1B6	50.51	581	673
UniRef90_W1DHN6	44.80	581	638
UniRef90_A0A0A2TJ95	45.98	581	667
UniRef90_UPI00048A4C51	45.01	581	669
UniRef90_UPI000426DEEA	46.35	581	676
UniRef90_R4KQF3	46.75	581	674
UniRef90_A0A081N583	44.48	581	684
UniRef90_W4F7E6	44.71	581	668
UniRef90_D0ICE0	43.73	581	670
UniRef90_S2XEW2	43.59	581	668
UniRef90_UPI0004289B02	44.44	581	670
UniRef90_Q2BJC3	47.86	581	674
UniRef90_W7BX40	45.30	581	669
UniRef90_H3ZHY9	45.93	581	684
UniRef90_A7FGC2	46.15	581	670
UniRef90_A3I454	44.60	581	667
UniRef90_F7YMH9	45.64	581	671
UniRef90_W1J9A7	45.35	581	677
UniRef90_K2AF32	45.61	581	671
UniRef90_V6IUM1	44.77	581	667
UniRef90_A0A0G3CLN1	44.81	581	673
UniRef90_UPI00058FD7DA	44.86	581	671
UniRef90_I3DGW3	45.97	581	696
UniRef90_A0A060LV31	46.50	581	671
UniRef90_F5SXH4	42.28	581	672
UniRef90_A0A085HNV0	45.61	581	673
UniRef90_Q8ZN89	44.46	581	671
UniRef90_UPI0006FD431E	43.86	581	666
UniRef90_UPI0005CC6D47	46.25	581	670
UniRef90_UPI0003802B49	45.59	581	676
UniRef90_B8F314	44.46	581	675
UniRef90_A0A0J8VJ66	46.26	581	672
UniRef90_UPI0006D5415F	47.01	581	679
UniRef90_F9T8Y2	44.69	581	669
UniRef90_E8M0L8	44.96	581	669
UniRef90_F9QBT5	45.83	581	667
UniRef90_A0A098EP73	45.98	581	668
UniRef90_K8WDZ3	43.22	581	671
UniRef90_A7MKW4	45.41	581	672
UniRef90_UPI0002F15984	43.37	581	670
UniRef90_A0A0A6T9K0	44.44	581	669
UniRef90_UPI00041EE818	47.44	581	668
UniRef90_A0A0D1YKS5	46.77	581	669
UniRef90_A4J703	46.13	581	670
UniRef90_UPI00048E98BD	45.22	581	671
UniRef90_C0N202	44.48	581	673
UniRef90_A0A089UIE7	45.75	581	672
UniRef90_A0A0F5AUH8	45.21	581	671
UniRef90_M7PEL0	45.78	581	673
UniRef90_J2IVH2	45.24	581	672
UniRef90_UPI000379E23F	45.49	581	671
UniRef90_A8FAQ1	47.01	581	668
UniRef90_C9QM18	44.86	581	669
UniRef90_UPI00046FE0FC	47.26	581	665
UniRef90_W0Q4U2	44.69	581	685
UniRef90_A1JLA4	45.86	581	672
UniRef90_A3QFJ5	44.08	581	669
UniRef90_UPI000481B5B1	49.74	581	670
UniRef90_B5JWI9	46.32	581	673
UniRef90_F5SJ28	48.21	581	670
UniRef90_N6WS54	46.59	581	672
UniRef90_Q1N5K3	46.38	581	694
UniRef90_A0A072N498	47.36	581	678
UniRef90_U3TZ98	45.52	581	672
UniRef90_M7D7I7	47.87	581	677
UniRef90_A6EWC6	47.72	581	676
UniRef90_I2B6R1	44.22	581	672
UniRef90_A0A0F7NM59	45.42	581	675
UniRef90_A0A081NFW2	44.84	581	680
UniRef90_A0A0M4KTP2	44.05	581	724
UniRef90_F6DPJ7	47.08	581	672
UniRef90_W4Q865	46.25	581	668
UniRef90_A3N1V2	45.38	581	683
UniRef90_UPI0004758EE7	45.58	581	683
UniRef90_UPI0002F8AE16	45.13	581	675
UniRef90_UPI000255C520	45.28	581	667
UniRef90_A0A0F7M6U6	43.63	581	676
UniRef90_A0A0M4FXY5	46.67	581	670
UniRef90_W9AMX4	46.32	581	667
UniRef90_A8GHF2	46.69	581	673
UniRef90_D8MVE4	45.58	581	672
UniRef90_A0A081KEU4	44.69	581	681
UniRef90_U3AW19	45.30	581	670
UniRef90_Q9KTD1	45.22	581	669
UniRef90_B4EZR2	44.14	581	675
UniRef90_B3R2C2	44.09	581	709
UniRef90_Q65MR2	47.95	581	667
UniRef90_UPI0004B3B8D8	45.33	581	673
UniRef90_UPI00038016BB	45.83	581	682
UniRef90_D0ZF28	45.93	581	675
UniRef90_W4QVY3	46.93	581	669
UniRef90_A0A061N6Y2	45.70	581	664
UniRef90_A6VR16	45.52	581	672
UniRef90_UPI0006676CF1	44.67	581	673
UniRef90_I1XK03	44.65	581	670
UniRef90_A0A095T669	44.71	581	672
UniRef90_A0A090P3H6	44.52	581	669
UniRef90_A7MT54	45.30	581	670
UniRef90_UPI0005A6B5C9	46.42	581	670
UniRef90_UPI00046454D4	45.32	581	695
UniRef90_W1SN43	45.73	581	668
UniRef90_A0A0B5J0T1	44.97	581	671
UniRef90_H2IZW3	45.38	581	673
UniRef90_A0A0K6IQY9	49.74	581	681
UniRef90_Q9CKA9	45.01	581	673
UniRef90_Q604U8	50.00	581	673
UniRef90_Q2SD47	45.90	581	683
UniRef90_C9PLY7	43.71	581	673
UniRef90_R8ATX7	45.38	581	670
UniRef90_UPI00047908EA	47.84	581	664
UniRef90_UPI0003782F07	45.90	581	672
UniRef90_W4QC31	46.59	581	669
UniRef90_A0A084A4L0	44.56	581	673
UniRef90_A0A0A1B2A9	45.75	581	675
UniRef90_F9RG09	44.20	581	669
UniRef90_F9DT41	44.67	581	689
UniRef90_A0A0A7EGK4	44.88	581	670
UniRef90_A0A0C2VH14	46.25	581	671
UniRef90_A0A0H2QD05	43.74	581	673
UniRef90_A0A0J5P4I4	44.16	581	675
UniRef90_UPI0004A39C28	44.22	581	672
UniRef90_A0A0F4PEL2	43.27	581	672
UniRef90_W1IV81	45.75	581	672
UniRef90_D9TQN3	48.81	581	659
UniRef90_A0A0E3ZRT2	44.50	581	673
UniRef90_A0A090TP60	45.03	581	667
UniRef90_J3DL58	44.46	581	705
UniRef90_I0JIK9	46.08	581	671
UniRef90_A0A0L0AR82	44.39	581	672
UniRef90_A0A080LT42	49.06	581	673
UniRef90_A0A0J1DME6	50.09	581	665
UniRef90_V5FJB3	44.44	581	675
UniRef90_UPI00040DC984	43.12	581	673
UniRef90_F8GDB5	44.12	581	699
UniRef90_D1P342	42.93	581	678
UniRef90_A0A0D1MSY7	45.22	581	672
UniRef90_U7G276	46.54	581	678
UniRef90_P43813	45.18	581	670
UniRef90_UPI00055309E3	45.83	581	671
UniRef90_UPI00035F8E21	46.10	581	677
UniRef90_S0AHL3	46.00	581	673
UniRef90_W7D1H9	45.25	581	671
UniRef90_B9DMU3	46.22	581	668
UniRef90_UPI00065FC386	47.27	581	672
UniRef90_F8A8Z2	49.66	581	693
UniRef90_Q7MMT5	45.81	581	669
UniRef90_A1TZT9	47.05	581	678
UniRef90_B3PGQ8	46.60	581	680
UniRef90_UPI0004037149	46.42	581	671
UniRef90_UPI00037C80B6	44.18	581	676
UniRef90_C7RBE4	45.72	581	667
UniRef90_A0A0K2BCQ9	45.80	581	693
UniRef90_A0KVI4	43.44	581	689
UniRef90_UPI0005EB6E27	47.69	581	678
UniRef90_UPI00028912E0	44.79	581	668
UniRef90_E5CKS8	44.77	581	667
UniRef90_A6D8B0	44.18	581	667
UniRef90_B0USD9	44.20	581	667
UniRef90_A1HME7	48.98	581	673
UniRef90_A0A0D8PYD3	42.15	581	672
UniRef90_UPI000468F9E0	44.96	581	668
UniRef90_K0IVX2	44.67	581	665
UniRef90_E1SMV0	44.84	581	685
UniRef90_UPI00067DB90A	45.96	581	686
UniRef90_I3CDM7	44.25	581	684
UniRef90_D3V3L2	45.58	581	672
UniRef90_D2TXD9	45.73	581	670
UniRef90_A0A0K0XWK8	49.48	581	668
UniRef90_Q7MBH2	46.34	581	672
UniRef90_U4K0B1	45.08	581	671
UniRef90_A4Y802	44.05	581	685
UniRef90_UPI00041607E9	45.32	581	670
UniRef90_I1DTK1	46.33	581	677
UniRef90_C8W209	47.19	581	677
UniRef90_E3BIF7	44.22	581	670
UniRef90_E1SKJ4	45.56	581	672
UniRef90_S2XKF4	44.88	581	667
UniRef90_Q21JI8	45.64	581	674
UniRef90_UPI000428BB3D	46.68	581	678
UniRef90_A0A0F2P5Y5	48.95	581	663
UniRef90_A0A014LZ04	45.75	581	672
UniRef90_Q5E3L1	43.84	581	668
UniRef90_M5DR48	45.93	581	701
UniRef90_H0DKB2	43.64	581	667
UniRef90_UPI0004E0CC3B	47.59	581	666
UniRef90_A0A0F4PRJ5	45.11	581	672
UniRef90_N9U4G8	45.03	581	670
UniRef90_UPI0005652EFF	46.18	581	682
UniRef90_UPI000495889E	49.65	581	687
UniRef90_UPI0004889B49	43.54	581	670
UniRef90_UPI0003B67F68	47.27	581	673
UniRef90_UPI0003063380	44.50	581	677
UniRef90_F9ZGS5	45.89	581	677
UniRef90_A0A0A6Q842	43.90	581	686
UniRef90_UPI00047ED07B	49.74	581	661
UniRef90_UPI000375F079	45.67	581	677
UniRef90_UPI00034BC8EC	44.69	581	683
UniRef90_H1G2U7	48.64	581	678
UniRef90_UPI0003F97280	46.34	581	669
UniRef90_W0L967	45.50	581	673
UniRef90_Q8GDW7	48.72	581	677
UniRef90_A0A094ISS5	46.17	581	671
UniRef90_UPI00067DD83F	45.07	581	703
UniRef90_UPI00038141C4	43.89	581	626
UniRef90_A0A075R112	44.99	581	668
UniRef90_F4A066	47.94	581	665
UniRef90_D8IU04	46.47	581	688
UniRef90_F6BIN4	47.94	581	659
UniRef90_UPI0004AF36F9	44.62	581	680
UniRef90_A0A0H6GBQ0	44.52	581	676
UniRef90_A0A0F4QGN0	44.96	581	673
UniRef90_UPI0006D2BEA2	45.47	581	672
UniRef90_D6XYW3	46.40	581	668
UniRef90_UPI0006D58103	48.12	581	680
UniRef90_UPI0004AFDECE	46.64	581	683
UniRef90_A0A0J8YPP0	45.39	581	670
UniRef90_B2JID1	44.85	581	683
UniRef90_UPI0005094877	45.32	581	675
UniRef90_UPI00037907F2	43.95	581	680
UniRef90_D9SFD0	46.36	581	674
UniRef90_K0D0W5	44.82	581	678
UniRef90_B0KBN6	49.31	581	662
UniRef90_A0A0K0SZI2	44.63	581	688
UniRef90_UPI0005A0EB38	45.83	581	680
UniRef90_UPI0003B4D636	46.08	581	667
UniRef90_I3IAN5	46.39	581	680
UniRef90_A0A0J8GB37	45.08	581	669
UniRef90_A0A080M9Y5	49.06	581	673
UniRef90_Q3JAI1	48.28	581	675
UniRef90_Q8RC42	52.05	581	666
UniRef90_UPI0005CB2974	45.87	581	678
UniRef90_K6P0D3	52.50	581	817
UniRef90_I4X462	46.15	581	668
UniRef90_W2UDP6	43.63	581	677
UniRef90_Q5HN30	44.77	581	665
UniRef90_B9E830	46.47	581	663
UniRef90_Q1BHI7	42.88	581	691
UniRef90_UPI0006876107	46.35	581	697
UniRef90_E4PL91	46.68	581	678
UniRef90_Z5XQ84	44.77	581	673
UniRef90_UPI0005F83A06	45.25	581	674
UniRef90_UPI00048B5411	42.56	581	670
UniRef90_UPI0004117450	44.39	581	671
UniRef90_K6X1V7	43.63	581	675
UniRef90_G6YVE0	46.68	581	678
UniRef90_UPI000490DF39	43.40	581	669
UniRef90_I0QN48	45.33	581	674
UniRef90_V3TK34	45.61	581	677
UniRef90_UPI000684373E	44.67	581	683
UniRef90_UPI00056C9CE9	46.59	581	677
UniRef90_Q1ZPK1	43.78	581	670
UniRef90_I2JK47	46.27	581	675
UniRef90_G4QLQ8	43.80	581	675
UniRef90_Y0KH69	44.12	581	706
UniRef90_D5WUX7	48.82	581	677
UniRef90_A0A017RV72	47.52	581	667
UniRef90_UPI000660B7C8	43.91	581	668
UniRef90_UPI000497CCFF	44.96	581	668
UniRef90_UPI0004249557	46.59	581	670
UniRef90_UPI0003773A3A	47.71	581	668
UniRef90_E6MCP0	43.34	581	667
UniRef90_G0AB02	44.41	581	694
UniRef90_A0A099WMA3	45.08	581	671
UniRef90_I1YE83	43.32	581	671
UniRef90_A0KHL9	46.42	581	668
UniRef90_UPI0006D45F2A	46.22	581	665
UniRef90_UPI00041785F8	47.01	581	677
UniRef90_Q5HEL8	44.33	581	667
UniRef90_UPI0006921B48	44.54	581	673
UniRef90_E6SMF1	53.16	581	764
UniRef90_A0A0D0RMY5	43.30	581	667
UniRef90_Q82TW6	44.63	581	681
UniRef90_R1F732	46.90	581	668
UniRef90_A0A0G3EWU1	44.33	581	696
UniRef90_Q6LTU5	42.83	581	676
UniRef90_UPI0006C8297D	45.36	581	683
UniRef90_E8SK51	44.85	581	667
UniRef90_A0A0B0H7A8	47.50	581	670
