UniRef90_P29218	100.00	273	277
UniRef90_H0XN05	92.31	273	277
UniRef90_G5BAK3	90.48	273	285
UniRef90_J9P7W8	90.11	273	277
UniRef90_P20456	88.28	273	277
UniRef90_UPI000642CD83	87.91	273	277
UniRef90_UPI000333B6BF	87.55	273	277
UniRef90_G1QDC4	86.08	273	278
UniRef90_H0Y0Q8	85.35	273	294
UniRef90_UPI00038C2E34	85.66	273	353
UniRef90_UPI0004423413	86.03	273	464
UniRef90_UPI0006981A77	78.57	273	312
UniRef90_P97697	84.93	273	277
UniRef90_F7FDS8	82.05	273	277
UniRef90_H0YBL1	100.00	273	265
UniRef90_K7F312	83.76	273	278
UniRef90_H2PQN7	85.71	273	275
UniRef90_R4GF79	82.66	273	334
UniRef90_G3RA18	86.08	273	274
UniRef90_G1KP58	80.44	273	278
UniRef90_R0K0Z3	81.57	273	258
UniRef90_P29219	76.36	273	285
UniRef90_UPI0006D91AB0	76.75	273	275
UniRef90_V9L3J0	73.99	273	284
UniRef90_UPI0004542DAA	87.71	273	256
UniRef90_Q80ZJ2	87.29	273	276
UniRef90_W5N346	71.79	273	278
UniRef90_V8PBD4	82.23	273	245
UniRef90_I3LTC6	75.46	273	276
UniRef90_UPI000332F912	76.56	273	242
UniRef90_UPI000398F771	76.38	273	261
UniRef90_N0GT48	70.11	273	280
UniRef90_UPI0006445068	67.53	273	280
UniRef90_W5N333	69.74	273	276
UniRef90_N0GRS1	70.85	273	278
UniRef90_H2MBE5	69.60	273	279
UniRef90_UPI000643ECA6	67.16	273	282
UniRef90_Q6DGB2	67.90	273	282
UniRef90_C1BLV9	69.37	273	281
UniRef90_E1UVK7	66.79	273	279
UniRef90_W5N341	69.00	273	307
UniRef90_M4A1C5	67.40	273	279
UniRef90_H2S9N9	67.16	273	280
UniRef90_C0HBE4	67.53	273	278
UniRef90_H2S9P0	68.27	273	277
UniRef90_UPI000577CD26	68.63	273	279
UniRef90_I3JGM2	67.40	273	278
UniRef90_E6ZJ94	67.77	273	278
UniRef90_G3NMF7	67.40	273	278
UniRef90_W5KGC6	67.90	273	278
UniRef90_F7E5J1	70.14	273	282
UniRef90_UPI000494E730	66.91	273	276
UniRef90_N0GRX6	66.79	273	282
UniRef90_H2LW25	66.79	273	280
UniRef90_UPI0005F45441	84.43	273	262
UniRef90_UPI0005225A36	70.48	273	243
UniRef90_H2SEC5	68.82	273	282
UniRef90_W5K089	67.53	273	282
UniRef90_H3CBM9	66.91	273	282
UniRef90_A0A087V9Z2	85.71	273	213
UniRef90_M7BWU0	86.24	273	357
UniRef90_H3AKK7	67.39	273	286
UniRef90_G3ND95	65.31	273	278
UniRef90_I3K906	63.47	273	288
UniRef90_UPI000649F82F	73.05	273	224
UniRef90_UPI000223F39D	67.77	273	234
UniRef90_UPI0006451588	64.81	273	281
UniRef90_UPI0006B37082	63.70	273	280
UniRef90_UPI000644200C	67.32	273	302
UniRef90_A0A0F8ANI9	66.80	273	304
UniRef90_UPI000643F1B5	63.74	273	291
UniRef90_R9QR69	62.27	273	283
UniRef90_H2S9P1	62.64	273	282
UniRef90_W5M287	60.07	273	290
UniRef90_U6DQF4	90.58	273	195
UniRef90_A0A087Y150	62.22	273	295
UniRef90_F6SDQ5	94.02	273	244
UniRef90_UPI000495871A	61.62	273	287
UniRef90_UPI0006B36617	62.13	273	287
UniRef90_C1BF75	62.73	273	255
UniRef90_UPI0006440F1D	57.88	273	286
UniRef90_UPI00054C0060	60.44	273	290
UniRef90_W5LIN1	57.14	273	279
UniRef90_N0GTM5	57.88	273	287
UniRef90_M3XRT4	90.81	273	295
UniRef90_UPI0005550B8A	59.71	273	283
UniRef90_UPI000495BAF2	59.07	273	291
UniRef90_G3NMA2	59.34	273	283
UniRef90_UPI0004985606	60.07	273	293
UniRef90_UPI000497023A	58.97	273	288
UniRef90_K7G1U8	58.24	273	303
UniRef90_Q503S9	57.20	273	275
UniRef90_UPI0004954E0A	68.24	273	248
UniRef90_A9ULZ0	59.34	273	309
UniRef90_Q3ZLD0	58.97	273	283
UniRef90_A0A0F7ZAC2	55.68	273	292
UniRef90_F1P0Q6	56.04	273	320
UniRef90_H3C6H2	56.25	273	277
UniRef90_H0UW75	53.87	273	282
UniRef90_UPI0003F06A76	54.04	273	289
UniRef90_Q8CIN7	52.94	273	290
UniRef90_Q91UZ5	52.94	273	290
UniRef90_O14732	53.31	273	288
UniRef90_Q3TAU6	52.57	273	290
UniRef90_UPI000393CB0C	58.61	273	287
UniRef90_G1TCX4	53.31	273	288
UniRef90_UPI0003338F7B	52.38	273	289
UniRef90_U3JVA6	56.42	273	276
UniRef90_UPI000510EC25	54.68	273	306
UniRef90_UPI000333A427	54.61	273	512
UniRef90_UPI000523DFEF	82.70	273	189
UniRef90_UPI00032890CF	52.94	273	289
UniRef90_UPI000533FA38	83.51	273	250
UniRef90_UPI000649DD34	55.04	273	275
UniRef90_UPI00052276B4	56.03	273	308
UniRef90_UPI0005284E68	56.03	273	317
UniRef90_U3IX38	55.89	273	290
UniRef90_UPI0004DE06C0	56.64	273	303
UniRef90_UPI000679C326	54.21	273	297
UniRef90_D2I1Q9	55.08	273	257
UniRef90_UPI0005284E74	55.47	273	316
UniRef90_UPI000359B1C6	56.42	273	399
UniRef90_UPI0006BA41F6	56.03	273	340
UniRef90_G1N9L6	55.21	273	259
UniRef90_UPI0005217D94	55.25	273	332
UniRef90_F1PPN3	53.53	273	311
UniRef90_UPI0003AB6D57	53.49	273	278
UniRef90_E6ZJ93	61.76	273	260
UniRef90_H0WTJ2	50.18	273	287
UniRef90_UPI000533DCEF	53.33	273	278
UniRef90_O14732-2	53.97	273	261
UniRef90_C3Z105	56.25	273	284
UniRef90_UPI00065FA1F5	47.37	273	322
UniRef90_H2ZKT7	53.16	273	278
UniRef90_P29218-2	93.21	273	198
UniRef90_UPI0005F3F523	53.49	273	387
UniRef90_L8Y2T5	88.89	273	220
UniRef90_I3LIH2	53.91	273	260
UniRef90_UPI0003C82507	52.94	273	299
UniRef90_F6TKL9	53.90	273	275
UniRef90_G3I4E6	88.34	273	236
UniRef90_B3RIZ8	52.94	273	277
UniRef90_UPI0006B1D515	54.12	273	311
UniRef90_UPI00042BD4B2	54.51	273	295
UniRef90_UPI0003ACBE3F	53.91	273	368
UniRef90_G5C074	52.16	273	255
UniRef90_UPI0004ED6588	51.00	273	286
UniRef90_UPI000511EEF4	80.65	273	244
UniRef90_F7AFG8	52.29	273	268
UniRef90_L8ITL8	53.52	273	257
UniRef90_C3Z103	55.85	273	274
UniRef90_UPI00042C878C	53.52	273	311
UniRef90_UPI0003C16AB4	53.52	273	290
UniRef90_F6SDS9	88.27	273	198
UniRef90_W4YIT6	54.89	273	285
UniRef90_UPI0003C831BE	52.45	273	341
UniRef90_E5RG13	80.98	273	153
UniRef90_A0A0G2AG47	58.94	273	816
UniRef90_A0A0G2AG47	61.18	273	816
UniRef90_UPI000661F5F0	54.24	273	352
UniRef90_UPI000265999E	53.79	273	278
UniRef90_UPI000333E3B3	85.80	273	198
UniRef90_UPI0003F0AB53	81.55	273	198
UniRef90_A7S400	51.29	273	281
UniRef90_UPI000703D178	52.73	273	393
UniRef90_A0A0K8RPT1	54.37	273	285
UniRef90_E1BPR2	50.37	273	288
UniRef90_UPI0004431515	55.45	273	258
UniRef90_UPI00059AE90C	85.80	273	271
UniRef90_UPI000333DB27	83.95	273	201
UniRef90_D7EI01	50.38	273	274
UniRef90_UPI0005EF9BA8	52.85	273	272
UniRef90_A0A091Q5T0	57.82	273	212
UniRef90_F6SMH6	56.48	273	235
UniRef90_H2PRL4	87.12	273	241
UniRef90_A0A067RKD6	51.12	273	273
UniRef90_A0A026WQU3	50.94	273	272
UniRef90_UPI000698E12F	49.24	273	281
UniRef90_A0A091D9H2	43.32	273	345
UniRef90_UPI0006239485	49.44	273	272
UniRef90_UPI0006266D0A	49.63	273	272
UniRef90_UPI0006452232	65.95	273	189
UniRef90_E1ZXT3	50.19	273	273
UniRef90_F4X804	51.34	273	272
UniRef90_Q17PJ1	49.44	273	274
UniRef90_B0XAY6	50.19	273	274
UniRef90_A0A0A6YW07	83.89	273	208
UniRef90_UPI0005C37BA3	49.63	273	273
UniRef90_A0A0D2VJT3	50.37	273	297
UniRef90_UPI0005D3CDA6	50.19	273	272
UniRef90_UPI00063FB3CD	50.57	273	272
UniRef90_A0A088A4S7	52.09	273	272
UniRef90_UPI0005D01F68	55.71	273	272
UniRef90_B3M6S3	48.71	273	277
UniRef90_A0A0K8TNH5	48.51	273	272
UniRef90_T1L1P8	49.05	273	262
UniRef90_U5EW60	49.07	273	274
UniRef90_L7M4E9	52.85	273	275
UniRef90_A0A0M8ZVL5	52.00	273	272
UniRef90_UPI0005BAE98E	45.59	273	253
UniRef90_UPI0003C19293	45.05	273	249
UniRef90_W5J658	48.70	273	272
UniRef90_E5RI82	80.59	273	174
UniRef90_R4G4P3	50.57	273	275
UniRef90_H9J7P5	47.55	273	273
UniRef90_V9LEN7	54.05	273	231
UniRef90_UPI000258E58B	50.95	273	272
UniRef90_T1H3J9	48.89	273	276
UniRef90_T1PD43	47.97	273	280
UniRef90_UPI0005AC86AF	48.15	273	271
UniRef90_W5NUG5	54.15	273	230
UniRef90_E2BM26	50.00	273	260
UniRef90_Q7PNQ6	47.21	273	274
UniRef90_A0A0L0CTI7	47.23	273	280
UniRef90_E9HQY9	48.33	273	274
UniRef90_UPI00067D85A4	47.01	273	272
UniRef90_C3Z920	51.00	273	268
UniRef90_UPI0006C9A7A6	48.62	273	273
UniRef90_UPI0004CCC598	46.97	273	271
UniRef90_UPI0003F0A015	48.15	273	284
UniRef90_A0A0L0FT85	47.41	273	277
UniRef90_UPI000625B4BA	49.04	273	272
UniRef90_UPI000673C00F	46.86	273	278
UniRef90_A0A034W2J6	45.59	273	279
UniRef90_K7J8W2	47.89	273	272
UniRef90_Q7KTW5	45.96	273	278
UniRef90_A0A0L7R988	53.91	273	240
UniRef90_E0VZU8	47.96	273	274
UniRef90_T1IQ47	43.73	273	336
UniRef90_T1G750	51.23	273	254
UniRef90_N6TA28	45.56	273	279
UniRef90_A0A084WMQ2	50.21	273	269
UniRef90_A0A0M3QWI1	45.96	273	278
UniRef90_V4C0V3	48.15	273	279
UniRef90_G3MNY0	51.71	273	275
UniRef90_UPI0005D05D46	46.30	273	275
UniRef90_A0A0L8G0W0	45.52	273	279
UniRef90_B4ML52	45.22	273	279
UniRef90_A0A077Z1R2	46.52	273	276
UniRef90_UPI0006C9A639	47.19	273	274
UniRef90_G3UKF7	46.15	273	260
UniRef90_B5DQB3	45.22	273	278
UniRef90_A0A068XTF9	46.62	273	264
UniRef90_UPI0005CF3436	46.64	273	273
UniRef90_Q19420-2	49.23	273	282
UniRef90_D3TPP4	45.02	273	281
UniRef90_UPI0006D526D0	47.73	273	275
UniRef90_A0A0J7NVF0	49.57	273	244
UniRef90_B4J130	46.13	273	278
UniRef90_G3HMW7	43.36	273	448
UniRef90_A0A068XYG1	44.74	273	264
UniRef90_UPI0006CEEB27	43.77	273	284
UniRef90_I1GJD9	45.45	273	283
UniRef90_A0A0L7LNG0	43.28	273	273
UniRef90_Q19420	47.91	273	285
UniRef90_J9K7Y0	44.44	273	279
UniRef90_I4DNT7	44.11	273	273
UniRef90_F1LC83	45.52	273	287
UniRef90_T2MFX0	44.81	273	290
UniRef90_A0A0J9Y620	46.10	273	320
UniRef90_D5LIP1	46.37	273	254
UniRef90_S4PX24	48.89	273	230
UniRef90_I0Z0E2	50.63	273	279
UniRef90_UPI000258E325	42.75	273	287
UniRef90_E4XS13	43.75	273	279
UniRef90_M3ZJD7	57.30	273	185
UniRef90_A0A0A9XZ44	43.54	273	276
UniRef90_UPI0006742F53	45.31	273	275
UniRef90_A0A044V8T9	44.32	273	287
UniRef90_T1IQ48	43.02	273	275
UniRef90_UPI0006266AD2	41.22	273	284
UniRef90_A0A0N4UWF3	43.28	273	290
UniRef90_A0A026WF97	43.89	273	281
UniRef90_H2ZXZ2	53.11	273	180
UniRef90_A0A0N4WC26	42.42	273	349
UniRef90_UPI0006254832	42.69	273	286
UniRef90_A0A0J7NHE9	43.19	273	281
UniRef90_E4Y242	40.74	273	281
UniRef90_E2AFG6	44.36	273	281
UniRef90_UPI0004CD7AFD	40.30	273	293
UniRef90_UPI00022CAB1A	43.24	273	292
UniRef90_F4WKC8	43.97	273	281
UniRef90_A0A0L8GGH6	42.25	273	283
UniRef90_UPI0005D1C7DC	59.51	273	251
UniRef90_UPI0006235DDB	42.15	273	286
UniRef90_V9LGN4	54.89	273	187
UniRef90_A0A068U7J6	44.87	273	268
UniRef90_UPI0005D344BD	43.97	273	280
UniRef90_A0A0N5DEC2	46.75	273	317
UniRef90_A0A0K9NY72	45.20	273	273
UniRef90_W4WWJ9	43.73	273	229
UniRef90_V5GCZ6	50.75	273	198
UniRef90_A0A0A0LVT1	45.06	273	268
UniRef90_A0A0C9QN68	44.32	273	277
UniRef90_C1LZ50	45.20	273	272
UniRef90_G7IP84	45.14	273	271
UniRef90_A9TQX6	43.87	273	272
UniRef90_UPI0005F0075F	42.11	273	313
UniRef90_B9HCU6	43.89	273	270
UniRef90_A0A0K2UC65	42.47	273	296
UniRef90_A0A067K9K2	45.00	273	270
UniRef90_A0A0C9QEN6	41.83	273	289
UniRef90_UPI0004E55C1E	45.63	273	276
UniRef90_UPI0005D308A7	41.38	273	286
UniRef90_P54928	44.66	273	268
UniRef90_A0A0L0DJA8	46.00	273	301
UniRef90_E2AFG4	41.00	273	286
UniRef90_A0A0G4F846	45.26	273	344
UniRef90_M0T2W3	46.18	273	294
UniRef90_UPI0003592E3D	47.70	273	279
UniRef90_B4H5Z0	41.39	273	663
UniRef90_A0A0L7R3E4	41.13	273	280
UniRef90_S4RGH0	67.59	273	163
UniRef90_E2AFG5	42.86	273	280
UniRef90_A0A075F954	43.35	273	270
UniRef90_A0A088AVE8	41.85	273	281
UniRef90_A0A0M4EHT2	40.66	273	551
UniRef90_Q2LYQ1	41.03	273	699
UniRef90_C6TMG0	44.80	273	270
UniRef90_B9T037	43.51	273	270
UniRef90_F4PVY8	42.13	273	275
UniRef90_A0A026WCA4	40.23	273	286
UniRef90_C6TE11	44.80	273	270
UniRef90_A0A0C9RAV8	41.70	273	287
UniRef90_A0A067RG75	42.80	273	281
UniRef90_UPI000644EC25	42.29	273	285
UniRef90_UPI0001758872	45.31	273	286
UniRef90_A5AXB8	44.58	273	386
UniRef90_UPI00052E9B28	46.03	273	270
UniRef90_UPI000258E326	44.23	273	281
UniRef90_I3S8Q4	43.85	273	271
UniRef90_E2BKV9	43.25	273	281
UniRef90_Q5U789	42.42	273	270
UniRef90_I1GQI9	44.98	273	267
UniRef90_B4N527	40.66	273	704
UniRef90_E0CNP0	44.86	273	297
UniRef90_D3BM60	41.50	273	274
UniRef90_A0A0M4EAC5	41.39	273	843
UniRef90_A0A0M4EAC5	37.84	273	843
UniRef90_A0A0M4EAC5	41.48	273	843
UniRef90_A0A022R0T7	44.18	273	270
UniRef90_A0A016UDA2	43.80	273	297
UniRef90_A9RTG2	44.66	273	272
UniRef90_B6ZL94	45.08	273	270
UniRef90_U5FPW0	46.72	273	261
UniRef90_P54926	43.18	273	273
UniRef90_E0W1C9	37.22	273	276
UniRef90_A0A097ZMQ1	42.80	273	268
UniRef90_A0A061GH45	43.94	273	270
UniRef90_UPI0006232506	42.41	273	281
UniRef90_M9RXA7	43.97	273	270
UniRef90_B3M6S2	40.93	273	639
UniRef90_S8BWE5	41.85	273	286
UniRef90_A0A088AVE7	41.04	273	276
UniRef90_E1Z6E8	42.58	273	298
UniRef90_A9NP29	43.46	273	271
UniRef90_UPI000581356D	43.48	273	270
UniRef90_B4LHB1	40.66	273	616
UniRef90_P54927	42.13	273	265
UniRef90_A0A0B6VIL7	42.40	273	270
UniRef90_Q5U788	43.78	273	270
UniRef90_A0A026WC98	40.54	273	280
UniRef90_UPI0004CCEB2E	40.98	273	280
UniRef90_UPI0005D36FD3	42.08	273	280
UniRef90_H2MBC1	49.28	273	223
UniRef90_Q9VP62	39.92	273	596
UniRef90_N0GSM2	50.61	273	169
UniRef90_U5CY61	43.82	273	271
UniRef90_C1LK26	41.15	273	277
UniRef90_UPI0006B1C3BB	56.55	273	252
UniRef90_UPI000623593A	41.70	273	280
UniRef90_E5RIF4	100.00	273	109
UniRef90_B4ITG9	39.92	273	603
UniRef90_B4J129	39.19	273	597
UniRef90_UPI00058175AC	44.49	273	270
UniRef90_B4QJQ2	39.92	273	593
UniRef90_UPI00053C1C14	41.29	273	270
UniRef90_B4LHB2	43.15	273	487
UniRef90_UPI0004989E6F	44.13	273	270
UniRef90_UPI00052F16A0	42.91	273	272
UniRef90_B3NIX5	39.16	273	602
UniRef90_A0A0B7B4D4	45.35	273	275
UniRef90_L1II13	41.37	273	296
UniRef90_A0A0A1P5D8	39.34	273	331
UniRef90_Q5MM82	48.00	273	249
UniRef90_A9TNR4	41.50	273	272
UniRef90_A0A059CA91	43.93	273	270
UniRef90_A0A0K9Q0Q2	44.13	273	265
UniRef90_A0A0J8BW84	43.72	273	270
UniRef90_A0A061RKM0	42.80	273	289
UniRef90_A0A0N5AN81	40.29	273	307
UniRef90_A0A0D2KDJ2	44.98	273	295
UniRef90_W9RJH3	42.97	273	371
UniRef90_UPI000614C7CE	38.69	273	281
UniRef90_D8SQT0	42.13	273	273
UniRef90_UPI0006D4E314	38.93	273	267
UniRef90_UPI0005203192	51.85	273	172
UniRef90_A0A0D2TM23	42.59	273	268
UniRef90_L8GWY8	45.11	273	284
UniRef90_O49071	43.72	273	270
UniRef90_UPI00053C610E	41.47	273	270
UniRef90_C1E217	44.90	273	280
UniRef90_A0A0G4J1M6	40.68	273	271
UniRef90_C5WU54	44.54	273	269
UniRef90_I3SXA4	43.44	273	270
UniRef90_B9IH53	45.26	273	258
UniRef90_Q54U72	38.89	273	272
UniRef90_I1KNJ5	43.20	273	247
UniRef90_F4WKC7	40.61	273	280
UniRef90_S2JE38	39.42	273	317
UniRef90_UPI0004CCAE8A	40.07	273	282
UniRef90_UPI0003EDC750	57.82	273	176
UniRef90_A0A0B7MS49	38.97	273	329
UniRef90_UPI000654693A	58.39	273	244
UniRef90_E2BKW0	41.70	273	262
UniRef90_A0A068SA90	39.18	273	310
UniRef90_UPI0005D33FC8	39.46	273	262
UniRef90_A0A0L7R3F3	43.01	273	585
UniRef90_A0A0L7R3F3	38.76	273	585
UniRef90_A0A087SE92	41.16	273	548
UniRef90_U5EXR2	39.27	273	279
UniRef90_R7UDC7	56.69	273	167
UniRef90_C1BN72	39.86	273	285
UniRef90_B4LHB3	38.26	273	304
UniRef90_C1BRS8	37.01	273	290
UniRef90_B4KYI3	38.04	273	282
UniRef90_UPI0005F3A4D9	39.92	273	284
UniRef90_Q0UIW3	41.31	273	289
UniRef90_Q9M8S8	43.91	273	271
UniRef90_D8TII8	39.92	273	314
UniRef90_A0A0D2UPI7	43.98	273	267
UniRef90_D3PG43	37.45	273	287
UniRef90_A0A015L085	38.41	273	319
UniRef90_A0A0L0S8L8	39.55	273	323
UniRef90_N6TRT8	40.96	273	284
UniRef90_F4S2C0	43.53	273	312
UniRef90_A0A0D3B9H3	42.40	273	268
UniRef90_A0A023F6K9	40.08	273	262
UniRef90_UPI0006252F14	39.33	273	280
UniRef90_A0A0G2E4Q4	42.56	273	250
UniRef90_C1C1J4	40.07	273	283
UniRef90_M2S114	41.20	273	290
UniRef90_R4XC02	44.30	273	297
UniRef90_UPI00046C25D3	47.15	273	238
UniRef90_B6K2U1	40.61	273	324
UniRef90_A0A061GG98	42.19	273	317
UniRef90_A0A0C9S219	39.41	273	325
UniRef90_M2WSL5	36.88	273	268
UniRef90_D8LTH8	39.10	273	326
UniRef90_A0A0A0KJT0	40.64	273	269
UniRef90_B4KUM3	39.49	273	636
UniRef90_B4KUM3	32.56	273	636
UniRef90_UPI000623803F	37.93	273	280
UniRef90_UPI0006736A51	38.71	273	283
UniRef90_D8RTD5	38.49	273	268
UniRef90_W8C2X3	41.06	273	283
UniRef90_B4LDZ4	38.20	273	356
UniRef90_F2U184	39.55	273	281
UniRef90_R1GD66	41.11	273	267
UniRef90_C4WW30	36.02	273	253
UniRef90_K2RYU2	38.18	273	290
UniRef90_A0A0L0HA25	36.18	273	296
UniRef90_UPI0006CEFA07	35.80	273	266
UniRef90_C1MM38	42.80	273	282
UniRef90_Q17BI6	36.68	273	279
UniRef90_E2G4I7	47.72	273	202
UniRef90_A0A074XU40	39.54	273	294
UniRef90_A0A0K0VQ51	40.62	273	269
UniRef90_K2BST0	39.69	273	262
UniRef90_A0A084VUM7	38.81	273	282
UniRef90_A0A088AVE6	37.02	273	284
UniRef90_U5ETD7	39.13	273	266
UniRef90_UPI0005F4BB20	38.49	273	280
UniRef90_E3RZH4	39.36	273	291
UniRef90_A0A034VU91	40.39	273	283
UniRef90_A0A0A9Y1P6	39.15	273	301
UniRef90_Q4DPS5	38.31	273	283
UniRef90_A0A0M9A1R4	38.08	273	267
UniRef90_A0A0F7SG91	43.67	273	332
UniRef90_C1LK27	41.15	273	283
UniRef90_M4FHM9	41.95	273	592
UniRef90_S7UK47	37.55	273	297
UniRef90_A0A0A1U825	40.52	273	296
UniRef90_N6TK01	39.25	273	280
UniRef90_A0A0B0ERA3	38.65	273	255
UniRef90_UPI000258E327	37.26	273	284
UniRef90_E3JVD5	42.35	273	313
UniRef90_A0A0J9XFD2	39.26	273	289
UniRef90_A0A0F5R3Z8	39.54	273	278
UniRef90_A0A0L1HT49	38.31	273	331
UniRef90_B4N723	38.04	273	290
UniRef90_R1DZJ5	40.39	273	283
UniRef90_G7E8T7	38.46	273	309
UniRef90_UPI0006198D52	37.84	273	312
UniRef90_A0A067GT14	39.22	273	264
UniRef90_E5S1V6	44.71	273	208
UniRef90_W6KTZ6	39.18	273	284
UniRef90_B4LDZ2	37.69	273	282
UniRef90_Q9VUW1	36.94	273	284
UniRef90_W8BS60	36.09	273	286
UniRef90_UPI0004F46C24	36.58	273	283
UniRef90_B0EIX8	42.50	273	295
UniRef90_M5EK29	41.11	273	330
UniRef90_A0A0D2BA40	38.08	273	290
UniRef90_A0A061IZL5	37.55	273	283
UniRef90_P29218	100.00	273	277
UniRef90_UPI000642CD83	87.91	273	277
UniRef90_H0XN05	92.31	273	277
UniRef90_J9P7W8	90.11	273	277
UniRef90_G5BAK3	90.48	273	285
UniRef90_UPI00038C2E34	85.66	273	353
UniRef90_P20456	88.28	273	277
UniRef90_UPI000333B6BF	87.55	273	277
UniRef90_H0Y0Q8	85.35	273	294
UniRef90_UPI0004423413	86.03	273	464
UniRef90_G1QDC4	86.08	273	278
UniRef90_R4GF79	82.66	273	334
UniRef90_F7FDS8	82.05	273	277
UniRef90_K7F312	83.76	273	278
UniRef90_P97697	84.93	273	277
UniRef90_G1KP58	80.44	273	278
UniRef90_V9L3J0	73.99	273	284
UniRef90_UPI0006D91AB0	76.75	273	275
UniRef90_W5N346	71.79	273	278
UniRef90_Q6DGB2	67.90	273	282
UniRef90_H2PQN7	85.71	273	275
UniRef90_M4A1C5	67.40	273	279
UniRef90_N0GRS1	70.85	273	278
UniRef90_H2MBE5	69.60	273	279
UniRef90_H2S9P0	68.27	273	277
UniRef90_E6ZJ94	67.77	273	278
UniRef90_W5M287	60.07	273	290
UniRef90_I3JGM2	67.40	273	278
UniRef90_N0GRX6	66.79	273	282
UniRef90_N0GT48	70.11	273	280
UniRef90_P29219	76.36	273	285
UniRef90_UPI000643ECA6	67.16	273	282
UniRef90_UPI000577CD26	68.63	273	279
UniRef90_C1BLV9	69.37	273	281
UniRef90_R0K0Z3	81.57	273	258
UniRef90_W5N333	69.74	273	276
UniRef90_G3NMF7	67.40	273	278
UniRef90_C0HBE4	67.53	273	278
UniRef90_W5KGC6	67.40	273	278
UniRef90_UPI000494E730	66.91	273	276
UniRef90_H2LW25	66.79	273	280
UniRef90_UPI0006445068	67.53	273	280
UniRef90_K7G1U8	58.24	273	303
UniRef90_E1UVK7	66.79	273	279
UniRef90_F1P0Q6	56.04	273	320
UniRef90_UPI0006440F1D	57.88	273	286
UniRef90_W5LIN1	57.14	273	279
UniRef90_N0GTM5	57.51	273	287
UniRef90_H2S9N9	67.16	273	280
UniRef90_H3CBM9	66.91	273	282
UniRef90_W5N341	69.00	273	307
UniRef90_UPI0006B37082	63.70	273	280
UniRef90_UPI0003F06A76	54.04	273	289
UniRef90_A9ULZ0	59.34	273	309
UniRef90_Q503S9	57.20	273	275
UniRef90_H2SEC5	68.82	273	282
UniRef90_O14732	53.31	273	288
UniRef90_Q8CIN7	52.94	273	290
UniRef90_Q91UZ5	52.94	273	290
UniRef90_G3ND95	65.31	273	278
UniRef90_A0A0F7ZAC2	55.68	273	292
UniRef90_W5K089	67.53	273	282
UniRef90_UPI0006451588	64.81	273	281
UniRef90_UPI000495871A	61.62	273	287
UniRef90_I3K906	63.47	273	288
UniRef90_Q3TAU6	52.57	273	290
UniRef90_H0YBL1	100.00	273	265
UniRef90_UPI00032890CF	52.94	273	289
UniRef90_UPI0003338F7B	52.38	273	289
UniRef90_G1TCX4	53.31	273	288
UniRef90_UPI000644200C	67.32	273	302
UniRef90_H0UW75	53.87	273	282
UniRef90_UPI000398F771	76.38	273	261
UniRef90_I3LTC6	75.46	273	276
UniRef90_G3RA18	85.35	273	274
UniRef90_UPI00054C0060	60.44	273	290
UniRef90_A0A0F8ANI9	66.80	273	304
UniRef90_V8PBD4	82.23	273	245
UniRef90_C3Z105	56.25	273	284
UniRef90_UPI0004985606	60.07	273	293
UniRef90_UPI000333A427	54.61	273	512
UniRef90_A0A087Y150	62.22	273	295
UniRef90_UPI0004542DAA	87.34	273	256
UniRef90_UPI000359B1C6	56.42	273	399
UniRef90_UPI0005EF9BA8	51.12	273	272
UniRef90_UPI000643F1B5	63.74	273	291
UniRef90_UPI0006239485	48.88	273	272
UniRef90_UPI000497023A	58.97	273	288
UniRef90_U3JVA6	56.42	273	276
UniRef90_UPI000258E58B	49.44	273	272
UniRef90_UPI000510EC25	55.09	273	306
UniRef90_F7E5J1	69.78	273	282
UniRef90_UPI00052276B4	56.03	273	308
UniRef90_A0A067RKD6	50.75	273	273
UniRef90_UPI0005284E68	56.03	273	317
UniRef90_A0A088A4S7	50.37	273	272
UniRef90_UPI0004DE06C0	56.64	273	303
UniRef90_UPI0005217D94	55.25	273	332
UniRef90_UPI0005284E74	55.47	273	316
UniRef90_UPI000649DD34	55.04	273	275
UniRef90_R9QR69	62.27	273	283
UniRef90_A0A026WQU3	49.63	273	272
UniRef90_Q80ZJ2	86.92	273	276
UniRef90_UPI0006B36617	62.13	273	287
UniRef90_UPI00063FB3CD	48.88	273	272
UniRef90_U3IX38	55.94	273	290
UniRef90_A7S400	51.29	273	281
UniRef90_UPI000679C326	55.86	273	297
UniRef90_UPI0003AB6D57	53.49	273	278
UniRef90_H3C6H2	56.25	273	277
UniRef90_B3RIZ8	52.94	273	277
UniRef90_H2S9P1	62.64	273	282
UniRef90_E1ZXT3	49.25	273	273
UniRef90_UPI0005D3CDA6	49.25	273	272
UniRef90_UPI0005550B8A	59.71	273	283
UniRef90_UPI0006266D0A	49.26	273	272
UniRef90_B3M6S3	48.71	273	277
UniRef90_F1PPN3	54.69	273	311
UniRef90_UPI0006BA41F6	56.03	273	340
UniRef90_F4X804	50.00	273	272
UniRef90_T1PD43	47.97	273	280
UniRef90_D2I1Q9	55.08	273	257
UniRef90_G3NMA2	59.34	273	283
UniRef90_D7EI01	49.63	273	274
UniRef90_UPI000265999E	52.99	273	278
UniRef90_UPI000533DCEF	53.33	273	278
UniRef90_G1N9L6	55.21	273	259
UniRef90_A0A0L0CTI7	47.23	273	280
UniRef90_A0A0M8ZVL5	49.25	273	272
UniRef90_UPI0005F3F523	53.49	273	387
UniRef90_UPI0005AC86AF	47.01	273	271
UniRef90_UPI000495BAF2	58.72	273	291
UniRef90_UPI00067D85A4	47.01	273	272
UniRef90_W4YIT6	54.28	273	285
UniRef90_O14732-2	53.75	273	261
UniRef90_E9HQY9	48.33	273	274
UniRef90_N6TA28	45.35	273	279
UniRef90_H0WTJ2	49.46	273	287
UniRef90_H9J7P5	47.01	273	273
UniRef90_Q7KTW5	46.89	273	278
UniRef90_UPI0004CCC598	45.69	273	271
UniRef90_T1H3J9	48.89	273	276
UniRef90_A0A0D2VJT3	50.37	273	297
UniRef90_F6TKL9	53.90	273	275
UniRef90_Q17PJ1	49.44	273	274
UniRef90_H3AKK7	67.03	273	286
UniRef90_U5EW60	48.33	273	274
UniRef90_C3Z103	54.61	273	274
UniRef90_K7J8W2	46.27	273	272
UniRef90_H2ZKT7	53.16	273	278
UniRef90_R4G4P3	49.44	273	275
UniRef90_UPI000625B4BA	47.01	273	272
UniRef90_UPI000393CB0C	58.61	273	287
UniRef90_B0XAY6	49.81	273	274
UniRef90_A0A034W2J6	45.39	273	279
UniRef90_UPI000673C00F	46.86	273	278
UniRef90_B5DQB3	45.22	273	278
UniRef90_UPI0003C82507	52.94	273	299
UniRef90_B4ML52	45.39	273	279
UniRef90_UPI0006C9A639	46.10	273	274
UniRef90_E0VZU8	47.58	273	274
UniRef90_UPI0003ACBE3F	53.91	273	368
UniRef90_UPI0006C9A7A6	46.47	273	273
UniRef90_A0A0K8TNH5	48.51	273	272
UniRef90_A0A0M3QWI1	45.96	273	278
UniRef90_UPI0004ED6588	51.61	273	286
UniRef90_UPI0004954E0A	67.37	273	248
UniRef90_UPI00042BD4B2	54.51	273	295
UniRef90_UPI0003C16AB4	53.52	273	290
UniRef90_I3LIH2	53.91	273	260
UniRef90_UPI0005D05D46	46.30	273	275
UniRef90_W5J658	48.70	273	272
UniRef90_B9T037	43.35	273	270
UniRef90_L8ITL8	53.52	273	257
UniRef90_Q7PNQ6	47.21	273	274
UniRef90_A0A0L0FT85	47.41	273	277
UniRef90_G5C074	52.16	273	255
UniRef90_A5AXB8	43.68	273	386
UniRef90_UPI00042C878C	53.52	273	311
UniRef90_UPI000698E12F	48.69	273	281
UniRef90_UPI0006B1D515	54.05	273	311
UniRef90_A0A061GH45	43.77	273	270
UniRef90_F7AFG8	51.91	273	268
UniRef90_C1BF75	62.73	273	255
UniRef90_B9HCU6	43.73	273	270
UniRef90_A0A0L7LNG0	43.28	273	273
UniRef90_Q3ZLD0	58.97	273	283
UniRef90_A0A097ZMQ1	42.80	273	268
UniRef90_T1L1P8	49.05	273	262
UniRef90_UPI0003C831BE	52.08	273	341
UniRef90_A0A067K9K2	44.83	273	270
UniRef90_UPI0005CF3436	44.78	273	273
UniRef90_A0A0A0LVT1	43.18	273	268
UniRef90_A0A077Z1R2	46.52	273	276
UniRef90_A0A0K8RPT1	53.56	273	285
UniRef90_A0A084WMQ2	48.24	273	269
UniRef90_UPI0005225A36	70.48	273	243
UniRef90_D3TPP4	44.85	273	281
UniRef90_A0A0K9NY72	43.85	273	273
UniRef90_A0A068U7J6	44.70	273	268
UniRef90_M0T2W3	45.63	273	294
UniRef90_UPI000703D178	52.73	273	393
UniRef90_M7BWU0	86.24	273	357
UniRef90_G7IP84	44.11	273	271
UniRef90_E2BM26	49.01	273	260
UniRef90_A0A0L7R988	52.28	273	240
UniRef90_P54928	43.89	273	268
UniRef90_UPI000661F5F0	54.24	273	352
UniRef90_A0A075F954	43.51	273	270
UniRef90_UPI000223F39D	67.03	273	234
UniRef90_Q5U789	42.42	273	270
UniRef90_C1LZ50	43.73	273	272
UniRef90_UPI0004E55C1E	43.89	273	276
UniRef90_A0A0D2TM23	42.42	273	268
UniRef90_UPI00053C1C14	40.91	273	270
UniRef90_B4J130	46.13	273	278
UniRef90_E0CNP0	44.49	273	297
UniRef90_A0A0L8G0W0	45.52	273	279
UniRef90_A0A0B6VIL7	42.06	273	270
UniRef90_T1G750	49.41	273	254
UniRef90_UPI0005C37BA3	49.63	273	273
UniRef90_I4DNT7	42.38	273	273
UniRef90_L7M4E9	52.85	273	275
UniRef90_C6TMG0	43.35	273	270
UniRef90_A0A0J8BW84	41.44	273	270
UniRef90_P54926	42.32	273	273
UniRef90_UPI00052F16A0	40.89	273	272
UniRef90_UPI0006CEEB27	42.80	273	284
UniRef90_J9K7Y0	43.33	273	279
UniRef90_UPI0006D526D0	46.67	273	275
UniRef90_U5CY61	43.65	273	271
UniRef90_A0A068XYG1	44.57	273	264
UniRef90_I3S8Q4	41.06	273	271
UniRef90_C6TE11	43.56	273	270
UniRef90_A0A068XTF9	46.44	273	264
UniRef90_B6ZL94	42.91	273	270
UniRef90_V4C0V3	48.15	273	279
UniRef90_W9RJH3	40.73	273	371
UniRef90_M9RXA7	42.97	273	270
UniRef90_UPI000581356D	42.05	273	270
UniRef90_Q5U788	42.37	273	270
UniRef90_UPI00058175AC	42.80	273	270
UniRef90_A0A087V9Z2	85.71	273	213
UniRef90_T2MFX0	42.16	273	290
UniRef90_S8BWE5	39.72	273	286
UniRef90_A0A022R0T7	44.18	273	270
UniRef90_A0A0D2UPI7	43.44	273	267
UniRef90_A9TQX6	42.75	273	272
UniRef90_UPI00053C610E	41.00	273	270
UniRef90_P54927	42.13	273	265
UniRef90_UPI0006266AD2	40.60	273	284
UniRef90_UPI0004431515	55.20	273	258
UniRef90_A0A0K9Q0Q2	42.91	273	265
UniRef90_A0A0A9XZ44	43.54	273	276
UniRef90_A0A026WF97	43.89	273	281
UniRef90_A0A061GG98	37.62	273	317
UniRef90_E1BPR2	50.37	273	288
UniRef90_F4WKC8	42.38	273	281
UniRef90_A0A0C9QN68	44.15	273	277
UniRef90_T1IQ47	43.54	273	336
UniRef90_I1GQI9	44.98	273	267
UniRef90_UPI0005F0075F	41.35	273	313
UniRef90_UPI0003F0A015	48.33	273	284
UniRef90_E2AFG6	42.70	273	281
UniRef90_UPI0006235DDB	40.23	273	286
UniRef90_A9NP29	43.30	273	271
UniRef90_UPI000258E325	42.15	273	287
UniRef90_A0A059CA91	42.40	273	270
UniRef90_UPI0004CD7AFD	40.60	273	293
UniRef90_UPI0004989E6F	42.37	273	270
UniRef90_UPI0005D308A7	40.98	273	286
UniRef90_UPI0005D344BD	42.75	273	280
UniRef90_A0A0J7NHE9	42.37	273	281
UniRef90_E2AFG4	39.47	273	286
UniRef90_C1LK26	40.53	273	277
UniRef90_E6ZJ93	61.76	273	260
UniRef90_A0A026WCA4	39.47	273	286
UniRef90_Q9M8S8	41.60	273	271
UniRef90_F1LC83	43.62	273	287
UniRef90_I1GJD9	45.09	273	283
UniRef90_C5WU54	44.35	273	269
UniRef90_Q19420-2	47.58	273	282
UniRef90_A0A0N4UWF3	42.12	273	290
UniRef90_UPI00052E9B28	44.98	273	270
UniRef90_A0A0J7NVF0	49.57	273	244
UniRef90_D5LIP1	46.37	273	254
UniRef90_O49071	41.44	273	270
UniRef90_UPI0006254832	41.73	273	286
UniRef90_UPI0006742F53	43.66	273	275
UniRef90_A9TNR4	40.84	273	272
UniRef90_B9IH53	44.87	273	258
UniRef90_A0A0J9Y620	44.93	273	320
UniRef90_G3UKF7	46.15	273	260
UniRef90_A0A044V8T9	44.16	273	287
UniRef90_A0A0L7R3E4	41.13	273	280
UniRef90_UPI000258E326	43.13	273	281
UniRef90_UPI0006D4E314	38.55	273	267
UniRef90_UPI0005F45441	84.43	273	262
UniRef90_Q19420	46.32	273	285
UniRef90_A0A088AVE8	41.42	273	281
UniRef90_I0Z0E2	44.98	273	279
UniRef90_C3Z920	49.81	273	268
UniRef90_D8SQT0	40.60	273	273
UniRef90_UPI0004CCAE8A	40.07	273	282
UniRef90_F4PVY8	39.71	273	275
UniRef90_UPI00022CAB1A	41.35	273	292
UniRef90_I3SXA4	41.06	273	270
UniRef90_M4FHM9	41.20	273	592
UniRef90_E1Z6E8	42.58	273	298
UniRef90_E2BKV9	41.76	273	281
UniRef90_A0A0D3B9H3	42.40	273	268
UniRef90_A0A091D9H2	53.67	273	345
UniRef90_A0A067GT14	38.76	273	264
UniRef90_G3MNY0	50.93	273	275
UniRef90_I1KNJ5	42.05	273	247
UniRef90_A0A087SE92	40.81	273	548
UniRef90_UPI000644EC25	40.84	273	285
UniRef90_E2AFG5	41.48	273	280
UniRef90_K2RYU2	37.37	273	290
UniRef90_A9RTG2	42.64	273	272
UniRef90_UPI000623593A	41.06	273	280
UniRef90_A0A0M4EHT2	40.66	273	551
UniRef90_A0A061RKM0	43.31	273	289
UniRef90_F6SMH6	56.48	273	235
UniRef90_F4S2C0	40.61	273	312
UniRef90_A0A0N5AN81	38.81	273	307
UniRef90_U5FPW0	46.12	273	261
UniRef90_A0A067RG75	40.08	273	281
UniRef90_B4H5Z0	41.76	273	663
UniRef90_R1GD66	40.54	273	267
UniRef90_M2S114	38.69	273	290
UniRef90_U6DQF4	90.58	273	195
UniRef90_Q2LYQ1	41.39	273	699
UniRef90_A0A0L8GGH6	41.22	273	283
UniRef90_A0A088AVE7	39.93	273	276
UniRef90_A0A0A0KJT0	40.16	273	269
UniRef90_UPI000614C7CE	38.46	273	281
UniRef90_A0A0K0VQ51	39.69	273	269
UniRef90_A0A091Q5T0	57.55	273	212
UniRef90_F4WKC7	38.52	273	280
UniRef90_A0A026WC98	39.26	273	280
UniRef90_V9LEN7	54.05	273	231
UniRef90_UPI0005D36FD3	40.74	273	280
UniRef90_A0A068SA90	37.76	273	310
UniRef90_D3BM60	41.50	273	274
UniRef90_Q0UIW3	39.19	273	289
UniRef90_UPI0005D01F68	55.45	273	272
UniRef90_E4Y242	40.74	273	281
UniRef90_A0A0G2E4Q4	42.11	273	250
UniRef90_UPI0003592E3D	44.44	273	279
UniRef90_A0A0N5DEC2	47.16	273	317
UniRef90_F6SDQ5	94.02	273	244
UniRef90_B4N527	40.29	273	704
UniRef90_M3XRT4	90.32	273	295
UniRef90_B4LHB3	38.11	273	304
UniRef90_UPI0001758872	43.17	273	286
UniRef90_A0A0B7MS49	36.88	273	329
UniRef90_UPI000623803F	37.45	273	280
UniRef90_A0A0A1XMF3	35.61	273	377
UniRef90_S4PX24	48.89	273	230
UniRef90_W8BFE4	37.12	273	386
UniRef90_A0A0D2KDJ2	44.44	273	295
UniRef90_UPI000523DFEF	82.70	273	189
UniRef90_A0A0C9S219	39.26	273	325
UniRef90_E2BKW0	40.47	273	262
UniRef90_UPI0006232506	41.60	273	281
UniRef90_Q54U72	37.88	273	272
UniRef90_UPI0005D33FC8	38.35	273	262
UniRef90_B4N722	34.85	273	281
UniRef90_A0A0A1P5D8	37.33	273	331
UniRef90_A0A0K2UC65	42.47	273	296
UniRef90_E4XS13	43.87	273	279
UniRef90_A0A0L1HT49	35.44	273	331
UniRef90_A0A0L7R3F3	41.83	273	585
UniRef90_A0A0L7R3F3	37.83	273	585
UniRef90_V5G4I6	38.26	273	296
UniRef90_D8TII8	39.85	273	314
UniRef90_K9TGB0	34.69	273	275
UniRef90_R0K2X3	36.63	273	289
UniRef90_E3RZH4	37.00	273	291
UniRef90_A0A034WAG7	34.09	273	378
UniRef90_A0A0G4J1M6	38.87	273	271
UniRef90_B4LHB2	40.67	273	487
UniRef90_S2JE38	36.67	273	317
UniRef90_A0A0J9XFD2	39.55	273	289
UniRef90_A0A0D2BA40	36.86	273	290
UniRef90_C5P3L1	37.41	273	299
UniRef90_B4KYI4	34.22	273	283
UniRef90_Q9VP62	39.55	273	596
UniRef90_UPI0006D85C9F	33.71	273	284
UniRef90_UPI0005F3A4D9	38.69	273	284
UniRef90_B4KYI3	37.36	273	282
UniRef90_F8FQ35	36.12	273	286
UniRef90_G1X363	36.80	273	290
UniRef90_UPI000686925B	35.23	273	281
UniRef90_A0A0G4F846	43.96	273	344
UniRef90_A0A0F7SG91	42.64	273	332
UniRef90_B4QJQ2	39.55	273	593
UniRef90_Q9VUW2	33.71	273	284
UniRef90_T1IQ48	42.11	273	275
UniRef90_A0A0L0DJA8	45.28	273	301
UniRef90_B4J129	39.19	273	597
UniRef90_A0A0A9Y1P6	37.87	273	301
UniRef90_A0A0D2S3L3	44.19	273	255
UniRef90_A0A0C9QEN6	41.98	273	289
UniRef90_B4ITG9	38.97	273	603
UniRef90_UPI000625B50A	35.45	273	323
UniRef90_A0A0B7B4D4	43.87	273	275
UniRef90_UPI0004918700	34.63	273	288
UniRef90_A0A0M2VIQ9	34.75	273	293
UniRef90_UPI0004926D13	35.71	273	286
UniRef90_E4V5Z6	36.30	273	293
UniRef90_UPI0004CCEB2E	40.67	273	280
UniRef90_UPI0006A7E454	36.61	273	284
UniRef90_UPI0006B6E90B	34.47	273	388
UniRef90_A0A0C9RAV8	41.06	273	287
UniRef90_UPI0006736A51	36.74	273	283
UniRef90_T1PI68	35.61	273	285
UniRef90_B3NIX5	38.81	273	602
UniRef90_UPI0006198D52	36.94	273	312
UniRef90_A0A023F6K9	38.70	273	262
UniRef90_A0A081NTX6	34.98	273	286
UniRef90_C6J747	35.11	273	289
UniRef90_W8BS60	35.48	273	286
UniRef90_A0A090ZQT0	35.63	273	286
UniRef90_UPI00059516FD	36.47	273	286
UniRef90_B4J3P4	33.71	273	286
UniRef90_F2U184	38.24	273	281
UniRef90_A0A015MM29	36.47	273	298
UniRef90_S7Z7H3	37.15	273	295
UniRef90_C5K2Z1	35.61	273	301
UniRef90_A0A069P9E1	31.60	273	267
UniRef90_A0A0F5R3Z8	38.26	273	278
UniRef90_B2WE49	35.15	273	311
UniRef90_A0A0M1JQW1	33.82	273	279
UniRef90_UPI0005D2D737	34.57	273	285
UniRef90_C4JGP9	35.34	273	300
UniRef90_UPI000375CA7F	32.58	273	285
UniRef90_UPI0005931CBB	35.34	273	286
UniRef90_G4HPI5	33.59	273	287
UniRef90_K9Z9X0	35.79	273	276
UniRef90_W4K1Y8	35.97	273	321
UniRef90_UPI00041489BC	35.91	273	284
UniRef90_R8BAV9	36.49	273	299
UniRef90_UPI0006D59407	35.29	273	286
UniRef90_L0EIU8	34.35	273	282
UniRef90_A0A0B0ERA3	38.10	273	255
UniRef90_UPI000258E327	36.06	273	284
UniRef90_U5HHE7	39.10	273	310
UniRef90_R4XC02	40.07	273	297
UniRef90_K9S737	35.93	273	273
UniRef90_UPI000490F70E	36.23	273	285
UniRef90_F5LSF3	35.09	273	286
UniRef90_W7YFE9	35.52	273	291
UniRef90_M2MMX2	35.38	273	297
UniRef90_B4KYI2	35.42	273	284
UniRef90_A0A0A1XLY9	37.27	273	283
UniRef90_A0A0M9A1R4	37.79	273	267
UniRef90_E0RGV8	35.14	273	288
UniRef90_L8GWY8	41.42	273	284
UniRef90_K1WZZ1	39.78	273	296
UniRef90_A0A089HXJ6	37.25	273	305
UniRef90_L1II13	40.31	273	296
UniRef90_W5NUG5	53.71	273	230
UniRef90_UPI00048C70FB	34.88	273	284
UniRef90_B4LDZ4	38.17	273	356
UniRef90_B4LDZ4	36.71	273	356
UniRef90_A0A074XU40	36.23	273	294
UniRef90_W6QZG1	35.69	273	292
UniRef90_Q9VUW4	36.46	273	288
UniRef90_C1E217	43.82	273	280
UniRef90_G1WXZ1	34.98	273	312
UniRef90_A0A060SSD7	36.86	273	317
UniRef90_K8GJK3	35.69	273	282
UniRef90_C1BRS8	36.96	273	290
UniRef90_A0A0F4YTA7	37.93	273	851
UniRef90_C1GSM4	35.48	273	303
UniRef90_A0A0D3VG99	35.21	273	289
UniRef90_G7E8T7	36.73	273	309
UniRef90_A0A088AVE6	36.80	273	284
UniRef90_J7RG32	36.33	273	319
UniRef90_K9W510	35.19	273	272
UniRef90_UPI0006B4E674	35.88	273	284
UniRef90_E3JVD5	41.70	273	313
UniRef90_A0A0L6WLC6	36.22	273	328
UniRef90_UPI0002AC9DCD	34.20	273	280
UniRef90_C1LK27	40.43	273	283
UniRef90_K9Z1L1	35.91	273	277
UniRef90_UPI0004771564	33.84	273	288
UniRef90_F9X6E0	37.18	273	297
UniRef90_B8MNV4	38.89	273	294
UniRef90_D3EE48	34.09	273	287
UniRef90_A0A0M4EAC5	41.39	273	843
UniRef90_A0A0M4EAC5	37.02	273	843
UniRef90_A0A0M4EAC5	41.23	273	843
UniRef90_UPI0006D1444D	34.21	273	285
UniRef90_B4LHB1	40.66	273	616
UniRef90_S8C343	34.66	273	314
UniRef90_A0A0D6Y8Q0	33.96	273	265
UniRef90_A0A0F8UIT2	33.57	273	302
UniRef90_A0A0M9A390	37.17	273	410
UniRef90_A0A0K1J7I8	36.15	273	268
UniRef90_A0A0G2HSI9	35.13	273	302
UniRef90_UPI0006252F14	38.15	273	280
