UniRef90_P0A6F2	99.74	379	382
UniRef90_UPI0004A344B9	90.50	379	382
UniRef90_H5UZV1	90.21	379	382
UniRef90_A0A089UH79	91.82	379	382
UniRef90_A0A071LY45	90.19	379	382
UniRef90_D8MN03	88.65	379	390
UniRef90_L7ZIX3	88.59	379	382
UniRef90_R8AMM1	87.00	379	390
UniRef90_B2VGP8	86.81	379	391
UniRef90_A0A0G3CQB1	86.24	379	382
UniRef90_A0A077NVH9	85.98	379	424
UniRef90_A0A095T1K8	86.17	379	382
UniRef90_E6W920	88.10	379	382
UniRef90_A0A0J8YW12	86.44	379	382
UniRef90_Q6D0C8	85.75	379	382
UniRef90_B6XA21	85.98	379	396
UniRef90_E5YJ18	84.33	379	395
UniRef90_A0A0H2QG22	85.98	379	387
UniRef90_J7U614	85.15	379	379
UniRef90_Q7N8W2	84.84	379	387
UniRef90_C6C9F2	87.80	379	382
UniRef90_Q8ZIL5	86.81	379	391
UniRef90_A0A083ZX05	84.62	379	382
UniRef90_C5B7N4	83.51	379	385
UniRef90_A0A0G4Q9I1	82.54	379	387
UniRef90_Q5E7M9	83.16	379	385
UniRef90_UPI0005D3E6D0	85.49	379	382
UniRef90_Q9KPH8	82.45	379	379
UniRef90_Q2NVY1	83.86	379	384
UniRef90_UPI0005706059	81.12	379	379
UniRef90_A0A0D8P6L1	82.57	379	384
UniRef90_A0A0F5VHL6	82.40	379	379
UniRef90_A0A085GPW3	87.78	379	360
UniRef90_Q6LUK6	81.50	379	384
UniRef90_A0A0F5APB2	81.12	379	379
UniRef90_A0A085HGS4	88.34	379	348
UniRef90_U4TYH6	86.97	379	1701
UniRef90_A0A0G4JVE2	83.33	379	356
UniRef90_A1S8K0	80.37	379	381
UniRef90_A0A0D8DH20	80.16	379	376
UniRef90_A1STC3	78.46	379	378
UniRef90_C4LCT9	78.93	379	376
UniRef90_A0A0H7TH44	99.33	379	302
UniRef90_E1SST3	77.51	379	382
UniRef90_Q0GKK5	92.83	379	321
UniRef90_A0A0J7MRQ1	87.13	379	547
UniRef90_R9PTL3	80.21	379	380
UniRef90_E0WTH7	77.57	379	401
UniRef90_UPI00048A2880	79.09	379	379
UniRef90_A0KLT1	78.51	379	378
UniRef90_F7P0G7	78.88	379	376
UniRef90_F7XXB4	77.45	379	382
UniRef90_H2FX82	79.20	379	378
UniRef90_UPI0003A6A268	78.46	379	378
UniRef90_UPI00048E7611	76.92	379	380
UniRef90_A6F9K5	77.45	379	386
UniRef90_B1KRS7	77.72	379	381
UniRef90_R4HZV4	76.25	379	382
UniRef90_UPI000472E9BB	78.46	379	381
UniRef90_Q8EHS6	76.66	379	386
UniRef90_D2TW84	77.57	379	388
UniRef90_U1JXK3	77.19	379	378
UniRef90_UPI00054DE54F	75.80	379	385
UniRef90_UPI00042176C5	76.33	379	379
UniRef90_UPI0004E252C4	77.81	379	376
UniRef90_A0A094JAN5	75.93	379	381
UniRef90_Q47YI7	76.52	379	383
UniRef90_UPI0003B7261F	76.25	379	382
UniRef90_B7S0D1	75.81	379	379
UniRef90_I1E233	75.80	379	376
UniRef90_UPI000479ACFB	77.01	379	379
UniRef90_A0A099L104	75.27	379	377
UniRef90_UPI00048A34CF	76.68	379	381
UniRef90_UPI00039B4D80	74.48	379	385
UniRef90_A0A080KEV6	73.16	379	386
UniRef90_J3YS42	76.52	379	388
UniRef90_A0A088MYN3	73.94	379	384
UniRef90_C5WCW6	73.21	379	410
UniRef90_A0A0J8GRU8	75.66	379	378
UniRef90_Q15TQ5	74.47	379	381
UniRef90_Q3IKQ6	77.26	379	365
UniRef90_A4C5M3	76.80	379	377
UniRef90_UPI00048565BB	74.86	379	380
UniRef90_A0A0A7RXT5	72.37	379	386
UniRef90_A0A066THA5	72.11	379	386
UniRef90_M4U2Z8	73.94	379	379
UniRef90_UPI000475F54D	72.82	379	384
UniRef90_Q0GKJ7	83.49	379	327
UniRef90_A0A0F6TNV7	73.74	379	386
UniRef90_A0A0C5VDS2	72.00	379	375
UniRef90_K6Y8G2	73.28	379	387
UniRef90_UPI0002555D7A	74.19	379	379
UniRef90_M4LQA9	91.84	379	296
UniRef90_K2JUF9	80.11	379	376
UniRef90_A0A084CMV8	70.59	379	378
UniRef90_UPI00037EE050	74.26	379	375
UniRef90_UPI000255A166	72.68	379	379
UniRef90_A0A0F7JZG8	73.33	379	387
UniRef90_UPI0004876B5B	73.94	379	377
UniRef90_G2FGD1	72.53	379	381
UniRef90_I3BNU6	71.31	379	379
UniRef90_UPI0005C7F969	72.80	379	381
UniRef90_K4KNE3	75.54	379	378
UniRef90_A0A081NER2	72.70	379	384
UniRef90_UPI0004E0BBCC	72.61	379	380
UniRef90_UPI0000E0E4B4	72.61	379	377
UniRef90_C7R905	72.34	379	388
UniRef90_A0A0F2P6T1	72.89	379	381
UniRef90_F5ZD54	71.16	379	376
UniRef90_B3PLR6	74.14	379	400
UniRef90_A0YHF4	72.80	379	379
UniRef90_K2KMW1	72.65	379	385
UniRef90_A4BGE2	72.99	379	376
UniRef90_UPI0003B74AA8	71.69	379	382
UniRef90_UPI000427D1DE	72.53	379	378
UniRef90_G4QHP3	73.40	379	379
UniRef90_A0A0B0H4U4	71.39	379	376
UniRef90_UPI000478FCE8	72.82	379	379
UniRef90_UPI0006738E94	72.61	379	387
UniRef90_B8KN19	71.66	379	386
UniRef90_V2UQN1	72.56	379	379
UniRef90_K6Z365	73.02	379	381
UniRef90_UPI000481F9E0	72.61	379	378
UniRef90_C4K8P4	70.26	379	385
UniRef90_UPI00036A297B	71.62	379	380
UniRef90_UPI00047766EA	71.28	379	379
UniRef90_UPI000418BE3F	72.73	379	377
UniRef90_UPI00057002DB	71.35	379	381
UniRef90_W0TP96	72.65	379	379
UniRef90_A0A094INJ0	73.07	379	385
UniRef90_Q1LSS6	70.82	379	381
UniRef90_A0A081G2C0	73.12	379	376
UniRef90_A0A0K6IT33	71.73	379	376
UniRef90_A0A081K886	72.39	379	376
UniRef90_C5BQ30	73.46	379	386
UniRef90_S6CGF2	73.28	379	367
UniRef90_U3U9G6	70.90	379	385
UniRef90_UPI0006861171	72.04	379	393
UniRef90_F3LIB6	71.28	379	398
UniRef90_UPI00048FCB78	69.17	379	379
UniRef90_UPI0006B4291A	72.22	379	386
UniRef90_UPI0004A71924	71.28	379	381
UniRef90_A6W2K2	73.07	379	396
UniRef90_Q6F8M7	70.71	379	379
UniRef90_A0A094PJZ6	70.60	379	381
UniRef90_UPI00047658DF	71.28	379	381
UniRef90_I2JIV7	71.47	379	379
UniRef90_W7QLP7	74.80	379	375
UniRef90_UPI0003818781	71.01	379	377
UniRef90_A0A0B4XTV5	71.93	379	376
UniRef90_A0A095UE70	72.24	379	377
UniRef90_F3KYZ3	72.97	379	377
UniRef90_G2DXF2	68.78	379	440
UniRef90_B5JX37	71.05	379	379
UniRef90_D3RPS8	70.98	379	381
UniRef90_UPI00040BDEC0	71.20	379	381
UniRef90_A0A0F9RVT8	71.12	379	378
UniRef90_N2JAB2	70.74	379	378
UniRef90_UPI0005F88FF0	70.45	379	393
UniRef90_R4YK57	70.50	379	389
UniRef90_UPI0003A2178A	71.35	379	378
UniRef90_C0N705	71.05	379	376
UniRef90_UPI0005F8169E	71.05	379	383
UniRef90_UPI0005916868	73.21	379	389
UniRef90_H8W582	71.43	379	376
UniRef90_UPI0005251317	70.86	379	378
UniRef90_UPI0005908BC0	71.77	379	377
UniRef90_UPI000566D322	70.78	379	381
UniRef90_UPI00040F1D29	71.00	379	378
UniRef90_S2KIB6	69.74	379	381
UniRef90_P38098	71.28	379	378
UniRef90_A0A0E3Y748	70.03	379	384
UniRef90_A0A0D5M9K9	69.74	379	386
UniRef90_B8GNX4	71.16	379	379
UniRef90_UPI000262CDF8	70.93	379	378
UniRef90_A4A9X8	70.32	379	378
UniRef90_UPI00040650CA	70.37	379	377
UniRef90_UPI00058AC1CC	71.01	379	378
UniRef90_A0A063XZ25	70.93	379	379
UniRef90_F9U7T3	69.87	379	402
UniRef90_A3WPM1	70.62	379	381
UniRef90_UPI0004890B19	70.13	379	386
UniRef90_E1VM65	72.27	379	379
UniRef90_UPI0003B6C5D3	73.04	379	381
UniRef90_UPI000379E83B	69.15	379	377
UniRef90_UPI0003A2C919	70.29	379	377
UniRef90_Q2BH30	71.27	379	395
UniRef90_S3NJZ9	70.40	379	384
UniRef90_Q21H40	69.74	379	387
UniRef90_A0A0K6GXX0	70.97	379	379
UniRef90_S6I051	70.56	379	378
UniRef90_S6GLK8	69.92	379	383
UniRef90_W8G2Z4	73.14	379	382
UniRef90_UPI0004293354	70.37	379	380
UniRef90_F6D8H0	72.34	379	380
UniRef90_F5T2Z7	68.90	379	376
UniRef90_Q1YSX2	71.62	379	380
UniRef90_Q0VST3	70.62	379	374
UniRef90_C1DFM0	69.41	379	378
UniRef90_I1YHI0	69.17	379	376
UniRef90_Q8RSS4	70.94	379	381
UniRef90_Q5QXL6	70.24	379	381
UniRef90_Q1N379	73.74	379	376
UniRef90_A0A0F7M9A9	69.81	379	379
UniRef90_Q1QSX8	67.72	379	381
UniRef90_A0A081N394	70.11	379	380
UniRef90_UPI0003B79C15	69.17	379	378
UniRef90_A3YF27	70.16	379	380
UniRef90_A0A066ZPC1	68.07	379	378
UniRef90_W6M3C7	69.31	379	381
UniRef90_A0A0K2BM21	68.67	379	398
UniRef90_Q47HI7	71.51	379	385
UniRef90_H0JIX8	68.88	379	378
UniRef90_S6AJP9	70.32	379	376
UniRef90_A0A031M7D3	70.13	379	378
UniRef90_C6RLQ6	69.13	379	379
UniRef90_Q88DU5	70.56	379	378
UniRef90_P57245	67.82	379	387
UniRef90_W0P4E4	69.15	379	386
UniRef90_I3CFC2	69.15	379	376
UniRef90_G4E6R8	68.55	379	374
UniRef90_A4XYF3	68.88	379	382
UniRef90_A0A0F3KP82	69.25	379	376
UniRef90_A0A034TTG0	80.43	379	374
UniRef90_A0A0B3BVC2	70.38	379	383
UniRef90_UPI00048098AD	69.50	379	376
UniRef90_L0E0F7	68.98	379	377
UniRef90_A0A095VNL1	70.35	379	381
UniRef90_W7Q7Z2	69.37	379	384
UniRef90_UPI0003F7BD38	68.06	379	381
UniRef90_A0A0F9X3J9	69.52	379	378
UniRef90_A0A0F3IM72	69.89	379	372
UniRef90_A7BWT6	66.85	379	375
UniRef90_A6EYL5	68.46	379	374
UniRef90_UPI000370D2E8	68.92	379	382
UniRef90_K0CK49	71.59	379	350
UniRef90_UPI000570EFF1	70.29	379	378
UniRef90_A8D1I6	84.89	379	311
UniRef90_L0GQZ7	68.17	379	380
UniRef90_G3IYN5	69.23	379	376
UniRef90_UPI000370EF55	72.12	379	377
UniRef90_A0A098RGV5	68.42	379	381
UniRef90_W0E6D0	70.70	379	380
UniRef90_I1XMR0	69.17	379	376
UniRef90_UPI000558EBEF	67.63	379	386
UniRef90_Q31H99	69.41	379	378
UniRef90_P38099	70.30	379	384
UniRef90_S9ZTZ6	70.74	379	382
UniRef90_UPI00037DC614	68.97	379	376
UniRef90_M7PFJ2	70.70	379	376
UniRef90_UPI00035FA85E	67.02	379	380
UniRef90_G2LML7	68.92	379	383
UniRef90_W0SD38	67.93	379	376
UniRef90_Q493R9	68.16	379	379
UniRef90_A0A0F4RAJ4	69.47	379	381
UniRef90_A0A099P8Y6	68.44	379	378
UniRef90_UPI000552F095	68.82	379	377
UniRef90_Q0GKM3	83.85	379	322
UniRef90_D5CQQ8	70.43	379	374
UniRef90_G0A5G2	68.62	379	377
UniRef90_UPI00037F2D11	66.32	379	386
UniRef90_UPI000486130F	67.11	379	383
UniRef90_H5T8V9	68.24	379	382
UniRef90_UPI0005534D76	66.58	379	386
UniRef90_F7RV32	71.01	379	393
UniRef90_UPI0003A5489D	67.93	379	375
UniRef90_A0A0K1JX00	68.78	379	387
UniRef90_A0A0K0SWS7	67.91	379	379
UniRef90_W6M5A8	67.29	379	379
UniRef90_H0PW43	69.39	379	380
UniRef90_Q2SMM5	68.45	379	381
UniRef90_A0A0J5GGR7	68.98	379	377
UniRef90_UPI0005EB577B	68.66	379	375
UniRef90_UPI000525BC48	68.23	379	389
UniRef90_UPI000651DCC1	66.32	379	386
UniRef90_A0A0F9QDY4	68.28	379	376
UniRef90_A0A023NR61	68.09	379	378
UniRef90_A3J980	67.65	379	376
UniRef90_A0A0F9Y4S4	67.02	379	401
UniRef90_U7P5J1	69.21	379	382
UniRef90_A0A0N0XLX0	67.29	379	376
UniRef90_A0A0C5J093	67.82	379	388
UniRef90_A0A0A6R3C6	68.88	379	377
UniRef90_B8F7S8	68.18	379	374
UniRef90_UPI00038298FA	69.19	379	376
UniRef90_S6HPQ0	69.47	379	381
UniRef90_UPI000368B50C	67.29	379	381
UniRef90_UPI00066FB93E	67.47	379	375
UniRef90_V4J761	65.61	379	386
UniRef90_UPI0005B86864	67.37	379	380
UniRef90_UPI0006538240	65.43	379	384
UniRef90_UPI0006F4C24E	67.72	379	389
UniRef90_UPI0003B63240	68.98	379	376
UniRef90_C8PXS0	67.45	379	397
UniRef90_UPI00037643A0	66.76	379	383
UniRef90_UPI0004DF2394	66.84	379	376
UniRef90_G4T1Q8	67.82	379	377
UniRef90_C6WXG1	67.91	379	379
UniRef90_UPI00040B7B14	67.11	379	384
UniRef90_UPI00047EA880	67.47	379	386
UniRef90_Q8K9Z6	66.04	379	385
UniRef90_A0A0K8K2S1	67.28	379	389
UniRef90_W0Q6W8	67.29	379	377
UniRef90_UPI0004769622	67.02	379	375
UniRef90_UPI000360E37C	66.58	379	377
UniRef90_A0A0B7IVI9	66.67	379	377
UniRef90_A0A0M6W6N1	66.05	379	389
UniRef90_A0A086D0B3	65.35	379	385
UniRef90_N6X3T4	70.40	379	380
UniRef90_Q30KF4	81.46	379	302
UniRef90_M4RLK6	65.79	379	379
UniRef90_UPI0006F8D155	66.49	379	389
UniRef90_R5EMF7	66.49	379	379
UniRef90_UPI0004632321	65.62	379	389
UniRef90_A0A0F9PJL1	71.55	379	349
UniRef90_G2LP21	65.59	379	386
UniRef90_Q7NRH7	68.82	379	375
UniRef90_UPI00037131BD	66.49	379	383
UniRef90_H8GR74	68.98	379	373
UniRef90_UPI0006CE69DC	69.33	379	379
UniRef90_A0A0E9M6D3	69.35	379	374
UniRef90_UPI00048F4A64	69.35	379	376
UniRef90_UPI00036243DB	66.49	379	386
UniRef90_UPI00061CF48E	66.49	379	378
UniRef90_UPI0004889298	66.93	379	383
UniRef90_Y0KJ57	69.41	379	389
UniRef90_Q65QB6	66.84	379	375
UniRef90_A0A0K8K4F4	67.47	379	385
UniRef90_C6X6X8	67.02	379	378
UniRef90_A0A0M4HWN5	64.89	379	383
UniRef90_N6W0S1	66.76	379	380
UniRef90_Q1H391	67.73	379	376
UniRef90_A0A0H6TF01	80.46	379	381
UniRef90_UPI000428945B	67.20	379	385
UniRef90_D5C2Q5	68.19	379	395
UniRef90_UPI000400214A	67.20	379	384
UniRef90_A0A0K6GSS0	67.38	379	376
UniRef90_C4ZKG7	69.79	379	380
UniRef90_A0A0K1N410	66.94	379	374
UniRef90_UPI00068691F2	67.37	379	392
UniRef90_UPI0005699FD8	66.67	379	377
UniRef90_I8T8I3	68.11	379	378
UniRef90_F5R824	68.58	379	380
UniRef90_UPI000470F823	67.29	379	383
UniRef90_UPI0006D058AA	66.58	379	376
UniRef90_X2HCF7	66.49	379	377
UniRef90_V5C002	67.38	379	380
UniRef90_G0A968	68.27	379	392
UniRef90_UPI0003B6D7DA	65.52	379	382
UniRef90_UPI000686400C	66.22	379	390
UniRef90_C1D4U5	67.47	379	376
UniRef90_A0A023Y4C5	66.67	379	376
UniRef90_S3DGX0	64.52	379	373
UniRef90_E2P4W1	66.05	379	377
UniRef90_UPI0004187BCC	66.49	379	379
UniRef90_UPI00064776FF	66.14	379	381
UniRef90_D0L120	67.93	379	377
UniRef90_UPI0005BE401A	69.62	379	382
UniRef90_UPI0007037CF8	66.58	379	378
UniRef90_D7DK11	66.14	379	385
UniRef90_G8QHK6	68.88	379	382
UniRef90_H1G3N1	66.93	379	374
UniRef90_A0A021W7X6	66.22	379	376
UniRef90_D8IP74	67.47	379	387
UniRef90_K9D8W4	65.87	379	387
UniRef90_B8KS15	65.78	379	425
UniRef90_UPI00070286D9	65.70	379	377
UniRef90_Q607A8	65.33	379	378
UniRef90_A0A0J5P568	64.55	379	381
UniRef90_C7RKS1	68.38	379	382
UniRef90_A0A0L0TKZ8	64.97	379	379
UniRef90_A0A0J0YSA2	66.58	379	376
UniRef90_UPI0003809CB4	66.40	379	379
UniRef90_W8KSK4	66.13	379	378
UniRef90_D3SFI3	65.69	379	377
UniRef90_K0C703	66.04	379	377
UniRef90_A0A080JZU7	65.43	379	412
UniRef90_A0A0D6EXD4	64.99	379	382
UniRef90_V5UA51	65.76	379	381
UniRef90_UPI0003814D77	66.13	379	376
UniRef90_Q8XZ85	65.96	379	378
UniRef90_W0V877	67.46	379	392
UniRef90_A1K593	68.98	379	380
UniRef90_UPI000381DC0E	67.20	379	379
UniRef90_UPI00068A12AE	65.51	379	379
UniRef90_C9P2C9	80.47	379	299
UniRef90_UPI00036515A5	65.52	379	378
UniRef90_UPI00048EA29D	67.48	379	373
UniRef90_UPI0006F4B0B6	66.67	379	389
UniRef90_B9YZD4	67.20	379	375
UniRef90_M4NMM7	66.04	379	378
UniRef90_A0A0N1B435	67.28	379	397
UniRef90_I3DBG5	66.22	379	375
UniRef90_A0A099CX23	67.65	379	374
UniRef90_A0A066TKV1	65.69	379	377
UniRef90_V2JDS4	65.87	379	378
UniRef90_UPI0005B94627	66.32	379	388
UniRef90_A0A094L9L1	69.68	379	383
UniRef90_G8M5N6	66.58	379	380
UniRef90_G2DI36	66.03	379	376
UniRef90_A0A011N280	66.14	379	387
UniRef90_A0A011LY19	65.62	379	378
UniRef90_G4CH29	66.22	379	377
UniRef90_UPI0003B316B6	64.36	379	378
UniRef90_I4VTX9	66.04	379	375
UniRef90_UPI0006877296	65.51	379	388
UniRef90_A0A0A0F0R5	65.86	379	373
UniRef90_H8L5H7	67.47	379	375
UniRef90_I9KTR1	66.31	379	383
UniRef90_UPI00036BF5DD	64.02	379	381
UniRef90_A0A091B0Y8	65.15	379	373
UniRef90_Q9CKV3	65.67	379	385
UniRef90_L1NQF0	65.68	379	404
UniRef90_UPI00068529A5	66.14	379	393
UniRef90_UPI00036FB754	65.00	379	385
UniRef90_A0A0F5K1T4	66.67	379	384
UniRef90_Q50983	67.03	379	377
UniRef90_UPI00058ACA2C	65.26	379	386
UniRef90_A6GQY0	65.44	379	395
UniRef90_UPI00047BB931	69.35	379	383
UniRef90_A0A0A2WJ78	65.52	379	382
UniRef90_D9SIU9	68.19	379	375
UniRef90_Q2KVT6	66.22	379	384
UniRef90_L8XXT1	67.30	379	374
UniRef90_UPI0006F89235	64.81	379	378
UniRef90_F5XVT6	64.83	379	387
UniRef90_UPI00047B7935	66.84	379	375
UniRef90_UPI0006F8368B	65.07	379	390
UniRef90_B4EEJ7	65.25	379	381
UniRef90_F4HEQ4	65.31	379	385
UniRef90_A0A0F3KRI9	65.51	379	379
UniRef90_A1VN56	65.45	379	393
UniRef90_A0A0G6CNC3	64.63	379	439
UniRef90_L2F7A9	63.85	379	394
UniRef90_A0A0M4PMD1	66.03	379	373
UniRef90_UPI000509C989	64.71	379	375
UniRef90_A0A0M1J7X5	66.84	379	376
UniRef90_A0A0G3ERR8	66.49	379	387
UniRef90_UPI0006F7836C	66.76	379	389
UniRef90_UPI000647A7B7	65.00	379	385
UniRef90_Q12A47	65.00	379	401
UniRef90_A0A091B2X3	66.48	379	362
UniRef90_UPI00068D6CFC	62.34	379	418
UniRef90_UPI0004825C37	65.24	379	379
UniRef90_Q1LLA2	66.40	379	382
UniRef90_UPI000486E7F1	64.72	379	381
UniRef90_A0A091C062	65.41	379	375
UniRef90_F8GJM2	63.85	379	384
UniRef90_UPI0004289288	65.45	379	385
UniRef90_A0A0C2BQ55	67.47	379	389
UniRef90_A0A0D7KBN6	65.00	379	390
UniRef90_Q3SJS0	66.67	379	379
UniRef90_UPI0006DCCB65	66.58	379	385
UniRef90_Q0A763	65.14	379	386
UniRef90_UPI000653E133	64.72	379	393
UniRef90_A0A011NQM0	64.81	379	387
UniRef90_A0A0F5EYG4	64.96	379	375
UniRef90_E6PQW6	64.47	379	387
UniRef90_F5SN69	62.34	379	418
UniRef90_C3XAB4	63.56	379	382
UniRef90_A0A0A3BAG0	63.83	379	383
UniRef90_S4YTJ9	63.22	379	410
UniRef90_A0A0H1AUU2	65.86	379	373
UniRef90_A0A011PLR6	66.58	379	418
UniRef90_A0A0K6IX20	66.14	379	383
UniRef90_UPI0006F7273E	64.74	379	385
UniRef90_A0A0A0ESU1	64.27	379	380
UniRef90_UPI00070349EE	64.92	379	399
UniRef90_H3NS31	66.67	379	388
UniRef90_P58896	65.31	379	375
UniRef90_Q5P1G5	66.58	379	381
UniRef90_A0A090BUF3	64.52	379	374
UniRef90_UPI00040D6BB9	62.38	379	413
UniRef90_X0RX63	62.09	379	413
UniRef90_UPI0004DF1EEE	64.47	379	388
UniRef90_A0A0K1NBC2	64.30	379	392
UniRef90_UPI0004B24FCE	65.95	379	384
UniRef90_UPI0006CF624C	64.36	379	374
UniRef90_A0A0J7JSA9	65.25	379	380
UniRef90_Q2YBT5	65.25	379	383
UniRef90_A0A0K1WIZ9	64.86	379	376
UniRef90_A0A080M416	66.04	379	385
UniRef90_A0A0K8QQ94	66.31	379	376
UniRef90_UPI00035E8ABB	65.88	379	387
UniRef90_UPI000509A4A4	64.50	379	375
UniRef90_C9PSR8	64.31	379	385
UniRef90_A0A0A0DM50	65.45	379	390
UniRef90_UPI00048F5927	66.67	379	378
UniRef90_E6WTV9	64.31	379	398
UniRef90_UPI00048CFEB7	65.04	379	372
UniRef90_V9HBV9	64.96	379	375
UniRef90_A0A0E2YZA0	67.20	379	381
UniRef90_UPI00047B4975	64.44	379	375
UniRef90_F9ZF00	63.13	379	383
UniRef90_UPI00039E2239	65.07	379	387
UniRef90_UPI0005BADE0B	64.59	379	381
UniRef90_A0A087MMA8	64.32	379	380
UniRef90_B0RSP6	64.10	379	428
UniRef90_A0Z545	63.83	379	397
UniRef90_I4MP16	64.02	379	451
UniRef90_P0A6F2	99.74	379	382
UniRef90_Q9KPH8	82.45	379	379
UniRef90_UPI0004A344B9	90.50	379	382
UniRef90_A0A0F5VHL6	82.40	379	379
UniRef90_UPI0005706059	81.12	379	379
UniRef90_R8AMM1	87.00	379	390
UniRef90_Q5E7M9	83.16	379	385
UniRef90_Q6D0C8	85.75	379	382
UniRef90_L7ZIX3	88.36	379	382
UniRef90_A0A0F5APB2	81.12	379	379
UniRef90_A0A077NVH9	85.98	379	424
UniRef90_H5UZV1	90.21	379	382
UniRef90_Q6LUK6	81.50	379	384
UniRef90_A0A0D8P6L1	82.57	379	384
UniRef90_A0A0G3CQB1	86.24	379	382
UniRef90_D8MN03	88.65	379	390
UniRef90_A0A0G4Q9I1	82.54	379	387
UniRef90_UPI000418BE3F	72.19	379	377
UniRef90_UPI000255A166	72.68	379	379
UniRef90_C4LCT9	78.93	379	376
UniRef90_A0KLT1	78.40	379	378
UniRef90_A1S8K0	80.37	379	381
UniRef90_UPI00047766EA	71.28	379	379
UniRef90_H2FX82	79.20	379	378
UniRef90_B6XA21	85.98	379	396
UniRef90_B7S0D1	75.40	379	379
UniRef90_A0A081G2C0	72.53	379	376
UniRef90_A0A0D8DH20	80.05	379	376
UniRef90_Q7N8W2	84.39	379	387
UniRef90_UPI0004E0BBCC	72.61	379	380
UniRef90_E5YJ18	84.33	379	395
UniRef90_P38098	71.28	379	378
UniRef90_C7R905	72.34	379	388
UniRef90_A0A0F6TNV7	73.74	379	386
UniRef90_A0A089UH79	91.82	379	382
UniRef90_A0A0C5VDS2	72.00	379	375
UniRef90_A1STC3	78.46	379	378
UniRef90_U1JXK3	76.60	379	378
UniRef90_C6C9F2	87.57	379	382
UniRef90_J7U614	85.15	379	379
UniRef90_A0A0H2QG22	85.98	379	387
UniRef90_C5B7N4	83.51	379	385
UniRef90_A0A081K886	71.81	379	376
UniRef90_A0A099L104	75.27	379	377
UniRef90_B1KRS7	77.72	379	381
UniRef90_A0A083ZX05	84.39	379	382
UniRef90_UPI0002555D7A	73.99	379	379
UniRef90_C1DFM0	69.41	379	378
UniRef90_B2VGP8	86.81	379	391
UniRef90_R9PTL3	79.20	379	380
UniRef90_UPI000370D2E8	68.18	379	382
UniRef90_E6W920	88.10	379	382
UniRef90_B8GNX4	70.59	379	379
UniRef90_UPI00042176C5	76.33	379	379
UniRef90_S2KIB6	69.74	379	381
UniRef90_Q8ZIL5	86.81	379	391
UniRef90_A0A0J8YW12	86.44	379	382
UniRef90_UPI00039B4D80	74.22	379	385
UniRef90_A0A0B4XTV5	71.73	379	376
UniRef90_A6F9K5	77.45	379	386
UniRef90_UPI000479ACFB	76.19	379	379
UniRef90_UPI0003A2178A	70.74	379	378
UniRef90_I3BNU6	70.56	379	379
UniRef90_A4XYF3	68.88	379	382
UniRef90_A0A094JAN5	75.33	379	381
UniRef90_A0A095T1K8	85.94	379	382
UniRef90_F7P0G7	78.67	379	376
UniRef90_I1E233	75.80	379	376
UniRef90_UPI00048A2880	78.67	379	379
UniRef90_E1SST3	77.78	379	382
UniRef90_Q8EHS6	76.66	379	386
UniRef90_UPI0004E252C4	77.60	379	376
UniRef90_A0A071LY45	89.95	379	382
UniRef90_A0A0F9RVT8	70.93	379	378
UniRef90_A0A0F3KP82	69.07	379	376
UniRef90_A0A0B0H4U4	71.39	379	376
UniRef90_UPI00054DE54F	75.20	379	385
UniRef90_UPI0006861171	71.66	379	393
UniRef90_UPI000481F9E0	72.61	379	378
UniRef90_S6AJP9	69.95	379	376
UniRef90_I2JIV7	71.28	379	379
UniRef90_A0A063XZ25	70.93	379	379
UniRef90_UPI00037EE050	73.47	379	375
UniRef90_A0A095UE70	71.28	379	377
UniRef90_UPI000475F54D	72.37	379	384
UniRef90_UPI00040BDEC0	71.39	379	381
UniRef90_UPI0005251317	70.67	379	378
UniRef90_UPI00036A297B	70.48	379	380
UniRef90_A4BGE2	72.61	379	376
UniRef90_Q2BH30	69.95	379	395
UniRef90_UPI0005D3E6D0	85.49	379	382
UniRef90_UPI00057002DB	71.16	379	381
UniRef90_A0A0K6IT33	71.73	379	376
UniRef90_S6I051	69.95	379	378
UniRef90_K2KMW1	72.34	379	385
UniRef90_Q15TQ5	74.47	379	381
UniRef90_K6Z365	72.03	379	381
UniRef90_B8KN19	71.66	379	386
UniRef90_UPI0004890B19	69.95	379	386
UniRef90_UPI00048565BB	73.47	379	380
UniRef90_UPI0003A6A268	78.46	379	378
UniRef90_UPI00040F1D29	69.23	379	378
UniRef90_A0A0D5M9K9	69.74	379	386
UniRef90_Q1QSX8	67.72	379	381
UniRef90_UPI00047658DF	71.28	379	381
UniRef90_H8W582	70.59	379	376
UniRef90_A0A094PJZ6	70.60	379	381
UniRef90_UPI0005EB577B	67.47	379	375
UniRef90_UPI00048FCB78	68.44	379	379
UniRef90_UPI000427D1DE	72.34	379	378
UniRef90_A0A081NER2	72.44	379	384
UniRef90_A0A094INJ0	72.68	379	385
UniRef90_A0A0F2P6T1	73.02	379	381
UniRef90_UPI0005F8169E	70.48	379	383
UniRef90_A0A0N0XLX0	67.11	379	376
UniRef90_F9U7T3	69.31	379	402
UniRef90_A0A023NR61	67.55	379	378
UniRef90_H0PW43	68.07	379	380
UniRef90_A0A0K0SWS7	67.29	379	379
UniRef90_A0A0K1JX00	68.34	379	387
UniRef90_A0A0B3BVC2	68.09	379	383
UniRef90_A0A0J5GGR7	68.80	379	377
UniRef90_Q88DU5	69.95	379	378
UniRef90_G2DXF2	68.78	379	440
UniRef90_UPI000486130F	67.11	379	383
UniRef90_UPI0003B74AA8	71.69	379	382
UniRef90_N2JAB2	70.74	379	378
UniRef90_UPI0004293354	70.18	379	380
UniRef90_UPI00037F2D11	66.32	379	386
UniRef90_Q5QXL6	70.05	379	381
UniRef90_F5ZD54	71.01	379	376
UniRef90_Q2NVY1	83.86	379	384
UniRef90_Q3IKQ6	76.65	379	365
UniRef90_Q0VST3	70.24	379	374
UniRef90_A0A098RGV5	68.16	379	381
UniRef90_UPI000472E9BB	78.46	379	381
UniRef90_UPI00040B7B14	66.93	379	384
UniRef90_H0JIX8	68.88	379	378
UniRef90_A0A0J8GRU8	75.40	379	378
UniRef90_A0A086D0B3	65.35	379	385
UniRef90_A0A099P8Y6	68.70	379	378
UniRef90_Q47HI7	71.31	379	385
UniRef90_B5JX37	70.67	379	379
UniRef90_UPI00047EA880	67.29	379	386
UniRef90_Q65QB6	66.49	379	375
UniRef90_UPI0006738E94	72.61	379	387
UniRef90_A0A0F7JZG8	72.75	379	387
UniRef90_A4C5M3	76.53	379	377
UniRef90_K6Y8G2	73.09	379	387
UniRef90_Q21H40	69.58	379	387
UniRef90_UPI0005908BC0	71.39	379	377
UniRef90_UPI0003B63240	68.80	379	376
UniRef90_UPI000552F095	68.45	379	377
UniRef90_K4KNE3	74.93	379	378
UniRef90_A0A0F4RAJ4	69.47	379	381
UniRef90_A0A0K8K2S1	66.84	379	389
UniRef90_W0TP96	71.66	379	379
UniRef90_S6CGF2	72.68	379	367
UniRef90_UPI0006B4291A	71.69	379	386
UniRef90_UPI000651DCC1	66.32	379	386
UniRef90_UPI0004A71924	71.28	379	381
UniRef90_UPI00048A34CF	76.68	379	381
UniRef90_UPI0003B6C5D3	71.32	379	381
UniRef90_W0SD38	66.67	379	376
UniRef90_UPI000558EBEF	67.63	379	386
UniRef90_V5UA51	64.02	379	381
UniRef90_A6W2K2	72.80	379	396
UniRef90_UPI0004876B5B	73.94	379	377
UniRef90_G4QHP3	73.40	379	379
UniRef90_A0A0K6GSS0	67.20	379	376
UniRef90_W7QLP7	74.47	379	375
UniRef90_UPI000478FCE8	72.89	379	379
UniRef90_W7Q7Z2	69.39	379	384
UniRef90_UPI0003818781	71.01	379	377
UniRef90_B9YZD4	66.84	379	375
UniRef90_G4E6R8	68.18	379	374
UniRef90_Q6F8M7	70.26	379	379
UniRef90_UPI0000E0E4B4	72.61	379	377
UniRef90_A0YHF4	72.27	379	379
UniRef90_B3PLR6	73.02	379	400
UniRef90_UPI000686400C	66.22	379	390
UniRef90_UPI00066FB93E	67.47	379	375
UniRef90_UPI0003B7261F	76.05	379	382
UniRef90_B4EEJ7	64.55	379	381
UniRef90_G8QHK6	68.17	379	382
UniRef90_A4A9X8	69.76	379	378
UniRef90_UPI0006F4C24E	67.55	379	389
UniRef90_UPI00058AC1CC	71.01	379	378
UniRef90_UPI000368B50C	66.14	379	381
UniRef90_C6X6X8	66.93	379	378
UniRef90_A0A031M7D3	69.52	379	378
UniRef90_UPI0003B79C15	69.17	379	378
UniRef90_UPI0003A2C919	70.11	379	377
UniRef90_UPI00038298FA	68.09	379	376
UniRef90_UPI00035FA85E	67.02	379	380
UniRef90_A0A081N394	70.11	379	380
UniRef90_Q8XZ85	64.55	379	378
UniRef90_UPI0005C7F969	72.61	379	381
UniRef90_A0A0B7IVI9	66.49	379	377
UniRef90_Q8RSS4	70.00	379	381
UniRef90_UPI0006F8D155	66.31	379	389
UniRef90_Q2SMM5	68.27	379	381
UniRef90_Q47YI7	76.05	379	383
UniRef90_A0A021W7X6	66.22	379	376
UniRef90_V2UQN1	72.11	379	379
UniRef90_E0WTH7	77.57	379	401
UniRef90_UPI00061CF48E	66.49	379	378
UniRef90_UPI00048EA29D	67.12	379	373
UniRef90_UPI000379E83B	68.97	379	377
UniRef90_Q7NRH7	68.45	379	375
UniRef90_UPI0003A5489D	67.20	379	375
UniRef90_A0A0F7M9A9	69.07	379	379
UniRef90_UPI0004889298	66.40	379	383
UniRef90_C0N705	70.86	379	376
UniRef90_K9D8W4	65.70	379	387
UniRef90_A0A0K6GXX0	70.78	379	379
UniRef90_C5BQ30	72.15	379	386
UniRef90_UPI00064776FF	66.05	379	381
UniRef90_M4U2Z8	73.40	379	379
UniRef90_M4RLK6	65.44	379	379
UniRef90_G2DI36	64.63	379	376
UniRef90_A0A066ZPC1	67.72	379	378
UniRef90_A3WPM1	70.24	379	381
UniRef90_I3CFC2	68.97	379	376
UniRef90_U7P5J1	68.95	379	382
UniRef90_D5CQQ8	69.79	379	374
UniRef90_UPI0005534D76	66.58	379	386
UniRef90_A0A0G3ERR8	65.96	379	387
UniRef90_UPI00040650CA	70.37	379	377
UniRef90_UPI0005916868	73.21	379	389
UniRef90_P38099	69.35	379	384
UniRef90_B8F7S8	67.64	379	374
UniRef90_X2HCF7	66.49	379	377
UniRef90_S9ZTZ6	69.66	379	382
UniRef90_UPI000400214A	66.49	379	384
UniRef90_A0A0G4JVE2	83.57	379	356
UniRef90_Q1YSX2	71.66	379	380
UniRef90_Q1H391	67.55	379	376
UniRef90_W0Q6W8	66.05	379	377
UniRef90_UPI000566D322	70.59	379	381
UniRef90_A6EYL5	67.91	379	374
UniRef90_A0A0F9X3J9	69.33	379	378
UniRef90_C4ZKG7	68.68	379	380
UniRef90_UPI0005B86864	66.58	379	380
UniRef90_G2FGD1	72.15	379	381
UniRef90_F3LIB6	71.28	379	398
UniRef90_UPI00036243DB	66.40	379	386
UniRef90_A0A0C5J093	66.40	379	388
UniRef90_V2JDS4	65.08	379	378
UniRef90_A0A0J0YSA2	66.40	379	376
UniRef90_UPI0005B94627	65.62	379	388
UniRef90_A0A0A0F0R5	65.24	379	373
UniRef90_UPI00048F4A64	68.72	379	376
UniRef90_A0A091C062	64.53	379	375
UniRef90_UPI00068691F2	66.76	379	392
UniRef90_F5T2Z7	68.72	379	376
UniRef90_C1D4U5	67.11	379	376
UniRef90_I3DBG5	65.16	379	375
UniRef90_UPI00070286D9	65.61	379	377
UniRef90_A0A085GPW3	87.78	379	360
UniRef90_Q31H99	69.41	379	378
UniRef90_R4YK57	70.23	379	389
UniRef90_UPI0006D058AA	65.96	379	376
UniRef90_UPI000509C989	64.36	379	375
UniRef90_UPI0004825C37	64.72	379	379
UniRef90_N6X3T4	69.66	379	380
UniRef90_F5R824	68.21	379	380
UniRef90_W6M5A8	66.67	379	379
UniRef90_UPI0005699FD8	66.22	379	377
UniRef90_UPI0006CE69DC	68.80	379	379
UniRef90_A0A0F9Y4S4	66.67	379	401
UniRef90_A3J980	67.47	379	376
UniRef90_D9SIU9	67.47	379	375
UniRef90_E1VM65	72.27	379	379
UniRef90_A0A0G6CNC3	64.63	379	439
UniRef90_D3RPS8	70.98	379	381
UniRef90_F4HEQ4	64.02	379	385
UniRef90_UPI0004769622	67.02	379	375
UniRef90_UPI0003814D77	66.13	379	376
UniRef90_A0A023Y4C5	66.49	379	376
UniRef90_A0A011LY19	65.17	379	378
UniRef90_Q12A47	65.09	379	401
UniRef90_N6W0S1	66.22	379	380
UniRef90_G0A5G2	68.62	379	377
UniRef90_UPI000509A4A4	63.30	379	375
UniRef90_A0A087MMA8	63.81	379	380
UniRef90_A0A0A6R3C6	68.44	379	377
UniRef90_UPI0006877296	65.07	379	388
UniRef90_C6WXG1	67.90	379	379
UniRef90_E3HNW1	63.93	379	384
UniRef90_G8M5N6	66.05	379	380
UniRef90_Q607A8	64.91	379	378
UniRef90_UPI0007037CF8	66.04	379	378
UniRef90_A0A0E9M6D3	68.90	379	374
UniRef90_UPI00048E7611	76.92	379	380
UniRef90_D2TW84	77.57	379	388
UniRef90_G4T1Q8	67.55	379	377
UniRef90_A3YF27	69.19	379	380
UniRef90_UPI00036FB754	64.57	379	385
UniRef90_A0A0J5P568	64.04	379	381
UniRef90_A0A0F5EYG4	64.96	379	375
UniRef90_S6GLK8	69.74	379	383
UniRef90_UPI0005F88FF0	69.95	379	393
UniRef90_C6RLQ6	68.68	379	379
UniRef90_UPI0004DF2394	66.05	379	376
UniRef90_M4NMM7	65.87	379	378
UniRef90_I4MP16	63.25	379	451
UniRef90_L0E0F7	68.80	379	377
UniRef90_UPI000470F823	66.93	379	383
UniRef90_G3IYN5	68.97	379	376
UniRef90_UPI00036515A5	65.52	379	378
UniRef90_E2P4W1	65.44	379	377
UniRef90_A0A0A2WJ78	64.66	379	382
UniRef90_A0A0L0TKZ8	64.46	379	379
UniRef90_UPI0006F89235	64.38	379	378
UniRef90_S3NJZ9	69.76	379	384
UniRef90_A0A080KEV6	72.40	379	386
UniRef90_L0GQZ7	68.27	379	380
UniRef90_UPI0003B6D7DA	64.99	379	382
UniRef90_UPI0006CF624C	64.36	379	374
UniRef90_UPI00039E2239	64.19	379	387
UniRef90_UPI00037131BD	66.05	379	383
UniRef90_F5XVT6	64.06	379	387
UniRef90_UPI00047BB931	67.74	379	383
UniRef90_G4CH29	65.07	379	377
UniRef90_UPI000647A7B7	65.44	379	385
UniRef90_W0E6D0	69.76	379	380
UniRef90_K0CK49	71.79	379	350
UniRef90_W0V877	67.02	379	392
UniRef90_A4SXM1	62.50	379	397
UniRef90_A7BWT6	66.85	379	375
UniRef90_A0A091B0Y8	64.53	379	373
UniRef90_K0C703	65.87	379	377
UniRef90_UPI00068529A5	65.62	379	393
UniRef90_A0A0F3IM72	69.89	379	372
UniRef90_Q2YBT5	65.25	379	383
UniRef90_A0A0K1NBC2	63.80	379	392
UniRef90_H5T8V9	67.98	379	382
UniRef90_UPI0003809CB4	66.40	379	379
UniRef90_R5EMF7	66.49	379	379
UniRef90_A0A0A0ESU1	64.10	379	380
UniRef90_UPI0005BE401A	68.36	379	382
UniRef90_UPI00037DC614	68.70	379	376
UniRef90_I1YHI0	68.17	379	376
UniRef90_UPI0003FC0A69	63.03	379	374
UniRef90_A1VN56	64.49	379	393
UniRef90_Q9CKV3	64.27	379	385
UniRef90_A0A0D7KBN6	64.49	379	390
UniRef90_UPI00047BDEA7	62.92	379	389
UniRef90_Q2KVT6	64.99	379	384
UniRef90_UPI000525BC48	67.28	379	389
UniRef90_UPI0003F7BD38	68.06	379	381
UniRef90_F7XXB4	77.45	379	382
UniRef90_P58896	63.93	379	375
UniRef90_F0C8I1	63.17	379	377
UniRef90_UPI00047B7935	66.67	379	375
UniRef90_A1K593	67.89	379	380
UniRef90_Y0KJ57	68.44	379	389
UniRef90_A0A0K1N410	65.78	379	374
UniRef90_A0A0K6I9F7	60.73	379	383
UniRef90_V4J761	65.34	379	386
UniRef90_UPI000370EF55	71.54	379	377
UniRef90_W6M3C7	69.31	379	381
UniRef90_B1XXG8	62.37	379	394
UniRef90_A0A085HGS4	88.34	379	348
UniRef90_A0A0F5K1T4	64.38	379	384
UniRef90_UPI0006F7273E	64.74	379	385
UniRef90_A0A066THA5	71.35	379	386
UniRef90_D7DK11	65.96	379	385
UniRef90_UPI00058ACA2C	65.26	379	386
UniRef90_UPI0006F8368B	65.07	379	390
UniRef90_C9PSR8	62.93	379	385
UniRef90_A0A0G3LPV8	63.37	379	384
UniRef90_UPI000653E133	64.21	379	393
UniRef90_A0A011NQM0	64.81	379	387
UniRef90_H8L5H7	67.20	379	375
UniRef90_UPI000262CDF8	70.37	379	378
UniRef90_UPI00070349EE	64.42	379	399
UniRef90_C3XAB4	63.40	379	382
UniRef90_B0RSP6	63.93	379	428
UniRef90_I4VTX9	65.87	379	375
UniRef90_A0A080JZU7	65.60	379	412
UniRef90_F6D8H0	72.34	379	380
UniRef90_F3KVR4	64.30	379	391
UniRef90_A0A084CMV8	70.13	379	378
UniRef90_A0A0A3BAG0	63.49	379	383
UniRef90_E5AP37	63.49	379	432
UniRef90_F7RV32	71.01	379	393
UniRef90_I8T8I3	67.56	379	378
UniRef90_UPI000360E37C	66.13	379	377
UniRef90_D5C2Q5	68.01	379	395
UniRef90_UPI000381DC0E	67.20	379	379
UniRef90_F8GJM2	63.59	379	384
UniRef90_UPI000416FA24	64.30	379	391
UniRef90_E6PQW6	63.61	379	387
UniRef90_D8IP74	66.75	379	387
UniRef90_L1NQF0	64.97	379	404
UniRef90_A0A0A7RXT5	72.37	379	386
UniRef90_E6WTV9	63.27	379	398
UniRef90_A0A091B2X3	66.48	379	362
UniRef90_F3KYZ3	71.43	379	377
UniRef90_A0A0K8QQ94	65.87	379	376
UniRef90_UPI00037643A0	66.58	379	383
UniRef90_UPI0004187BCC	66.05	379	379
UniRef90_UPI0005B91303	62.95	379	390
UniRef90_D3SFI3	65.16	379	377
UniRef90_G0A968	68.09	379	392
UniRef90_UPI00048CFEB7	64.52	379	372
UniRef90_UPI00048098AD	69.50	379	376
UniRef90_R4HZV4	76.25	379	382
UniRef90_UPI00048F51BC	63.28	379	388
UniRef90_A0A080M416	65.52	379	385
UniRef90_U4TYH6	86.97	379	1701
UniRef90_UPI000570EFF1	70.11	379	378
UniRef90_UPI00035E8ABB	65.54	379	387
UniRef90_UPI00048F5927	65.60	379	378
UniRef90_UPI00047B4975	64.27	379	375
UniRef90_A0A0F9QDY4	67.65	379	376
UniRef90_UPI0006DC4A01	62.92	379	390
UniRef90_UPI00068A12AE	65.33	379	379
UniRef90_A0A066TKV1	65.87	379	377
UniRef90_A0A011N280	65.34	379	387
UniRef90_UPI00034A7BC2	61.74	379	383
UniRef90_UPI000419916F	64.78	379	375
UniRef90_UPI0006DCCB65	64.51	379	385
UniRef90_W8KSK4	65.60	379	378
UniRef90_D2UAC8	63.73	379	374
UniRef90_C7RKS1	67.11	379	382
UniRef90_UPI000468ABCC	63.30	379	379
UniRef90_H5SGR9	61.83	379	369
UniRef90_UPI0003B316B6	64.36	379	378
UniRef90_A0A0C2BQ55	67.11	379	389
UniRef90_UPI00034CE3EA	65.44	379	388
UniRef90_Q50983	65.43	379	377
UniRef90_A0A011PLR6	66.05	379	418
UniRef90_A0A099CX23	67.11	379	374
UniRef90_D4DMR4	63.27	379	375
UniRef90_A0A0C3REU8	61.38	379	381
UniRef90_UPI000486E7F1	64.38	379	381
UniRef90_A0A0G3BQS9	64.08	379	385
UniRef90_A0A0E3Z635	63.27	379	373
UniRef90_Q1LLA2	66.05	379	382
UniRef90_A0A0A0EPW3	62.37	379	379
UniRef90_UPI00037CD010	64.38	379	382
UniRef90_A0A0H1AUU2	65.51	379	373
UniRef90_J3YS42	76.52	379	388
UniRef90_J0KQV3	62.92	379	390
UniRef90_I1XMR0	68.45	379	376
UniRef90_W8G2Z4	72.03	379	382
UniRef90_V5C002	67.20	379	380
UniRef90_K2JUF9	79.47	379	376
UniRef90_F2B903	61.50	379	377
UniRef90_UPI0006538240	65.33	379	384
UniRef90_A6GQY0	65.09	379	395
UniRef90_UPI0004B24FCE	64.72	379	384
UniRef90_UPI000550E0BF	63.73	379	377
UniRef90_A2SF84	65.05	379	383
UniRef90_Q13W42	63.66	379	391
UniRef90_I9KTR1	65.79	379	383
UniRef90_UPI00040A5C96	64.40	379	380
UniRef90_Q1N379	72.61	379	376
UniRef90_UPI000395C83F	61.66	379	395
UniRef90_A1TQE4	61.92	379	392
UniRef90_G7UVS5	60.36	379	405
UniRef90_UPI00034D34A8	63.45	379	394
UniRef90_V9HBV9	64.27	379	375
UniRef90_A0A0K6IX20	65.35	379	383
UniRef90_C8PXS0	67.28	379	397
UniRef90_A9BML6	61.72	379	388
UniRef90_H5WI70	62.24	379	386
UniRef90_A0A0L6TCQ7	64.49	379	386
UniRef90_A0A088MYN3	73.74	379	384
UniRef90_UPI0004DF1EEE	64.14	379	388
UniRef90_Q3SJS0	66.13	379	379
UniRef90_A0A0D0RXX4	62.50	379	392
UniRef90_A0A0D6EXD4	64.99	379	382
UniRef90_C5WCW6	73.02	379	410
UniRef90_UPI0005A5F9EB	62.66	379	389
UniRef90_Q5P1G5	64.74	379	381
UniRef90_A9HYY7	63.40	379	384
UniRef90_A0A0A0DM50	64.43	379	390
UniRef90_S6HPQ0	69.47	379	381
UniRef90_A0A0K8K4F4	66.49	379	385
UniRef90_UPI00036BF5DD	64.19	379	381
UniRef90_A0A0J7MRQ1	87.13	379	547
UniRef90_UPI0006F7DFD4	64.30	379	388
UniRef90_F9ZF00	62.70	379	383
UniRef90_B9MHY6	62.69	379	390
UniRef90_A0A0K1WIZ9	63.64	379	376
UniRef90_A0A095VNL1	69.60	379	381
UniRef90_A0A0N1ADZ0	65.07	379	386
UniRef90_A0A0F3KRI9	65.33	379	379
UniRef90_H8GR74	68.72	379	373
UniRef90_UPI0006F7836C	66.58	379	389
UniRef90_A0A078BP38	61.52	379	383
UniRef90_C5T2S4	62.53	379	391
UniRef90_Q0A763	64.61	379	386
UniRef90_A0A0N1B435	65.62	379	397
UniRef90_A0A0J7JSA9	65.25	379	380
UniRef90_V8FTW6	61.60	379	382
