UniRef90_P42676	100.00	665	704
UniRef90_UPI0005AB9577	91.23	665	746
UniRef90_A0A091DBY0	91.13	665	681
UniRef90_Q02038	91.43	665	704
UniRef90_Q02038-2	91.43	665	745
UniRef90_G3WIE5	86.60	665	704
UniRef90_G1SX63	91.83	665	668
UniRef90_UPI0004D06D4A	88.97	665	702
UniRef90_UPI000651B270	87.67	665	673
UniRef90_UPI0005F410C8	86.96	665	683
UniRef90_UPI00063EE5DD	85.86	665	670
UniRef90_UPI0006D70A9B	90.71	665	722
UniRef90_UPI00032AF638	85.03	665	670
UniRef90_UPI00045DF45B	92.36	665	675
UniRef90_G3T5F0	85.01	665	649
UniRef90_G3RZV1	81.86	665	706
UniRef90_H2PFP9	83.16	665	650
UniRef90_F7E621	83.23	665	897
UniRef90_E1C0D8	78.46	665	698
UniRef90_UPI0003C271B0	78.80	665	679
UniRef90_L5KJB3	86.02	665	767
UniRef90_L5KJB3	96.55	665	767
UniRef90_F7GB67	90.93	665	607
UniRef90_K7FXU2	77.71	665	730
UniRef90_G1KRY5	75.75	665	679
UniRef90_UPI00053FB440	92.92	665	585
UniRef90_UPI000643B9B3	93.28	665	622
UniRef90_G3X795	93.30	665	555
UniRef90_UPI0005D068B3	75.15	665	678
UniRef90_M7BWS2	75.30	665	788
UniRef90_G3RK65	76.58	665	602
UniRef90_UPI000388BA0B	78.21	665	746
UniRef90_F6YR41	70.65	665	704
UniRef90_UPI0006D8E752	73.00	665	713
UniRef90_I3JAB0	67.99	665	701
UniRef90_H2LAS3	66.72	665	687
UniRef90_V9KIA2	66.72	665	689
UniRef90_UPI0006B390ED	66.87	665	685
UniRef90_UPI000643F537	66.21	665	687
UniRef90_G3WFT1	66.01	665	684
UniRef90_E7EZ90	67.38	665	707
UniRef90_B5X1B9	66.46	665	685
UniRef90_W5LI22	67.07	665	686
UniRef90_Q0IIT3	65.85	665	683
UniRef90_M7AIG1	66.62	665	717
UniRef90_G3NG09	65.21	665	685
UniRef90_H0YRF6	66.97	665	680
UniRef90_H2TYF8	65.70	665	685
UniRef90_UPI0003504FA4	64.54	665	720
UniRef90_H3CE25	66.46	665	688
UniRef90_A0A087VRB6	79.29	665	561
UniRef90_V8P4E6	74.39	665	620
UniRef90_P52888	65.24	665	689
UniRef90_H3A2K4	67.23	665	684
UniRef90_UPI000651DF07	65.09	665	687
UniRef90_UPI0004953265	65.51	665	693
UniRef90_UPI0004ED6883	64.63	665	686
UniRef90_UPI0003F17267	64.79	665	688
UniRef90_UPI0006495234	65.70	665	841
UniRef90_P24155	64.33	665	687
UniRef90_U3FAY3	64.06	665	684
UniRef90_F7HGJ5	88.34	665	598
UniRef90_Q1JPJ8	64.94	665	687
UniRef90_UPI00046B67B5	64.73	665	996
UniRef90_P47788	65.24	665	687
UniRef90_UPI00032B00E1	64.46	665	690
UniRef90_K7F3U5	65.25	665	676
UniRef90_A0A094ME68	77.88	665	559
UniRef90_UPI00046B1984	88.96	665	748
UniRef90_UPI0005118953	77.24	665	622
UniRef90_UPI0005118953	81.40	665	622
UniRef90_G5BZC8	63.36	665	704
UniRef90_Q9PTV2	64.02	665	685
UniRef90_UPI0004447F14	62.20	665	926
UniRef90_UPI0002C47088	63.01	665	684
UniRef90_U3K3F8	64.13	665	716
UniRef90_UPI000383857E	60.81	665	710
UniRef90_UPI0006B126A1	62.50	665	703
UniRef90_G1MZ45	69.89	665	661
UniRef90_UPI0003504320	64.26	665	733
UniRef90_H2SB17	60.58	665	702
UniRef90_H2TYF9	61.03	665	697
UniRef90_A0A087XAA4	60.45	665	710
UniRef90_A0A060W7I3	62.40	665	748
UniRef90_Q4T6J7	60.99	665	701
UniRef90_UPI000495AB6E	60.48	665	704
UniRef90_UPI0004955444	60.88	665	686
UniRef90_UPI0005539A4C	60.63	665	746
UniRef90_UPI0006B3B8F3	60.18	665	702
UniRef90_H3D7G5	59.97	665	710
UniRef90_A0A091UVE7	69.49	665	575
UniRef90_UPI0006445497	65.42	665	644
UniRef90_I3JYL1	60.12	665	701
UniRef90_UPI0004ED4554	89.38	665	470
UniRef90_E7F834	59.46	665	690
UniRef90_UPI000644E92F	60.54	665	652
UniRef90_UPI0006442C04	60.63	665	707
UniRef90_UPI0005BC165C	60.52	665	651
UniRef90_UPI0006749DE9	60.70	665	782
UniRef90_UPI0003F0A087	59.30	665	674
UniRef90_UPI000661E5AF	58.30	665	696
UniRef90_UPI0004F03283	62.50	665	658
UniRef90_UPI0005229579	60.26	665	757
UniRef90_A0A093LL09	65.22	665	575
UniRef90_A0A0F8AIZ1	59.60	665	650
UniRef90_A7RJZ8	58.32	665	666
UniRef90_UPI000696DAE6	57.73	665	712
UniRef90_H2LC28	58.22	665	713
UniRef90_UPI00035991F2	58.67	665	798
UniRef90_M3ZDS1	64.21	665	593
UniRef90_UPI0006260C77	57.39	665	669
UniRef90_UPI0005CBEC4A	56.95	665	644
UniRef90_G3PTM5	60.03	665	620
UniRef90_F7D0N5	59.97	665	683
UniRef90_A0A093G866	63.22	665	607
UniRef90_Q5XIZ1	56.61	665	660
UniRef90_K7EP46	64.92	665	568
UniRef90_B3RQH1	55.19	665	664
UniRef90_R7TVL6	56.36	665	724
UniRef90_H2SB14	56.32	665	659
UniRef90_T2MFR5	55.49	665	684
UniRef90_UPI0003C8F2AA	58.99	665	637
UniRef90_A0A093EYL8	76.32	665	459
UniRef90_W5LVD0	69.25	665	529
UniRef90_F7E1X3	58.59	665	680
UniRef90_UPI0006B081E6	56.71	665	782
UniRef90_C3XVT1	57.55	665	749
UniRef90_UPI0006258D51	89.41	665	640
UniRef90_UPI0006258D51	93.23	665	640
UniRef90_F6YEG0	55.18	665	666
UniRef90_UPI0004420C9E	63.95	665	590
UniRef90_U6DTW4	64.23	665	583
UniRef90_A0A093BX45	80.56	665	430
UniRef90_UPI000644E0C4	63.03	665	563
UniRef90_L8Y045	86.21	665	514
UniRef90_L8Y045	79.20	665	514
UniRef90_H3B416	59.26	665	715
UniRef90_K1QVS3	53.81	665	621
UniRef90_F7FGE8	56.11	665	679
UniRef90_F7HSH6	91.47	665	396
UniRef90_W5LNK8	64.55	665	536
UniRef90_A0A0L0G707	51.57	665	676
UniRef90_UPI0001D54A4F	55.36	665	821
UniRef90_UPI0004541460	55.42	665	664
UniRef90_Q96K48	89.14	665	381
UniRef90_A0A087TKK2	51.90	665	737
UniRef90_G3TR20	67.15	665	490
UniRef90_A0A0G2KAW4	60.60	665	644
UniRef90_UPI000644D855	59.04	665	541
UniRef90_T1IK18	50.69	665	708
UniRef90_A0A0L8FHT3	49.93	665	784
UniRef90_V3ZLY3	51.74	665	605
UniRef90_H2YA06	56.76	665	562
UniRef90_S9WNF5	92.67	665	538
UniRef90_S9WNF5	81.36	665	538
UniRef90_A0A091KKB5	78.03	665	399
UniRef90_A0A0D2X4Z9	46.32	665	682
UniRef90_A0A0G1ZR62	66.30	665	600
UniRef90_A0A0G1ZR62	56.52	665	600
UniRef90_UPI0004F48053	69.46	665	616
UniRef90_UPI0004F48053	57.86	665	616
UniRef90_UPI0004400617	64.87	665	564
UniRef90_K3WB38	46.27	665	708
UniRef90_A0A0B7A044	57.93	665	552
UniRef90_F6RDE9	78.07	665	376
UniRef90_A0A093HQH7	78.85	665	363
UniRef90_G4LW91	47.10	665	682
UniRef90_UPI00062A73F5	57.22	665	539
UniRef90_A0A023G4E5	44.50	665	745
UniRef90_UPI0003EE002B	65.09	665	1009
UniRef90_A0A023FY90	43.71	665	758
UniRef90_D0NB07	45.66	665	712
UniRef90_A0A023G487	43.71	665	745
UniRef90_M4B763	45.97	665	700
UniRef90_H2KQ60	45.71	665	690
UniRef90_UPI00045455E2	73.12	665	422
UniRef90_A0A0L0HBM0	47.82	665	751
UniRef90_A0A0H5R7Y9	45.84	665	755
UniRef90_C5LHP6	47.32	665	721
UniRef90_UPI0005C39513	53.17	665	554
UniRef90_A0A0C2IWT2	46.93	665	694
UniRef90_G4LW94	45.17	665	683
UniRef90_A0A0G4IKL2	45.92	665	733
UniRef90_A9RWY8	43.81	665	675
UniRef90_A9T684	44.21	665	686
UniRef90_UPI000540453E	66.67	665	406
UniRef90_UPI00062A5E97	65.91	665	406
UniRef90_B7QBX6	42.00	665	708
UniRef90_UPI00052A0B4C	78.01	665	341
UniRef90_F2UG91	44.75	665	656
UniRef90_A0A075ANW3	45.62	665	662
UniRef90_A0A0E9NAF4	43.07	665	792
UniRef90_UPI0005224629	65.74	665	423
UniRef90_K1PNN9	48.44	665	504
UniRef90_A0A093PFH4	66.84	665	535
UniRef90_A0A093PFH4	70.31	665	535
UniRef90_C3XVS1	56.89	665	445
UniRef90_A0A0A1PIY9	43.66	665	671
UniRef90_I1C6X6	43.64	665	671
UniRef90_A0A0L0SBZ8	43.39	665	667
UniRef90_A0A0D9RGE3	63.22	665	441
UniRef90_UPI0004EFC01E	68.33	665	504
UniRef90_UPI0004EFC01E	70.54	665	504
UniRef90_H0YAF7	95.37	665	283
UniRef90_A0A0J9XBE7	40.99	665	727
UniRef90_A0A0B7NI83	43.48	665	679
UniRef90_D2VGK9	42.37	665	660
UniRef90_G4TP04	39.72	665	715
UniRef90_S2J172	43.12	665	667
UniRef90_A0A068RGI0	42.21	665	664
UniRef90_A0A0B7F9L7	40.85	665	722
UniRef90_A0A0L0W148	40.00	665	744
UniRef90_A0A0L6X049	41.75	665	678
UniRef90_A0A0H5CBT1	41.19	665	679
UniRef90_A0A074RTJ7	40.76	665	720
UniRef90_U4LIY2	41.90	665	689
UniRef90_F0ZGU0	39.79	665	669
UniRef90_A0A0D0AQP0	41.83	665	797
UniRef90_F7FL65	78.09	665	317
UniRef90_F8NYC7	40.48	665	681
UniRef90_UPI000644B50A	40.43	665	673
UniRef90_A0A067BUN0	38.91	665	694
UniRef90_T0RNZ3	37.76	665	697
UniRef90_A0A074RTX7	40.30	665	723
UniRef90_Q6C0X4	40.54	665	757
UniRef90_B0CVU2	40.87	665	682
UniRef90_UPI0004408162	41.06	665	673
UniRef90_G3AGL8	40.65	665	683
UniRef90_V2X889	41.30	665	750
UniRef90_A0A0C3C3B0	40.18	665	682
UniRef90_M3IN06	41.42	665	680
UniRef90_A0A0D2MK35	40.54	665	680
UniRef90_A0A0C3LSE8	41.23	665	686
UniRef90_A0A067TS43	40.76	665	761
UniRef90_A0A0C2XHZ9	37.67	665	686
UniRef90_A8NQS8	40.52	665	680
UniRef90_R8BPF2	40.23	665	701
UniRef90_A0A0C2Z388	40.63	665	808
UniRef90_B9W7U9	40.72	665	702
UniRef90_K0L075	40.36	665	802
UniRef90_A3GFY2	41.04	665	687
UniRef90_C5MEL8	40.09	665	702
UniRef90_A0A0C3NQV6	40.39	665	819
UniRef90_A0A061BKA9	39.76	665	694
UniRef90_F4PPF3	39.01	665	762
UniRef90_A0A067Q5P7	40.87	665	681
UniRef90_G7EAJ5	40.45	665	747
UniRef90_W1QHJ3	40.09	665	680
UniRef90_V4VFT3	37.14	665	703
UniRef90_H8X092	39.52	665	702
UniRef90_F2QP52	40.09	665	727
UniRef90_S7RJS7	39.91	665	685
UniRef90_A0A0H2SI47	39.67	665	696
UniRef90_A0A087UYM7	55.47	665	396
UniRef90_K5VEH3	39.97	665	678
UniRef90_Q6C2I3	37.74	665	677
UniRef90_A0A0C2X139	40.43	665	680
UniRef90_W7I5V6	40.32	665	688
UniRef90_UPI000528B2EF	73.76	665	319
UniRef90_A0A0C3GF41	39.45	665	678
UniRef90_A0A0D7BC60	39.22	665	682
UniRef90_B9RMK4	37.29	665	709
UniRef90_A0A0J0XTZ7	38.76	665	683
UniRef90_UPI0004449CF0	39.91	665	684
UniRef90_B2B3E1	40.68	665	719
UniRef90_G2QLN9	40.77	665	722
UniRef90_W4K9J1	39.30	665	681
UniRef90_G0S7K9	40.53	665	722
UniRef90_G2QZP2	39.47	665	722
UniRef90_UPI0002C306F6	37.90	665	710
UniRef90_A0A060SAE1	40.45	665	753
UniRef90_D5G653	39.20	665	691
UniRef90_Q54DD2	37.82	665	673
UniRef90_A0A0D1WKM9	40.57	665	714
UniRef90_A0A0C3JLT2	39.28	665	686
UniRef90_A5DWL6	39.97	665	699
UniRef90_C0NLE3	39.20	665	719
UniRef90_A0A0C9ZX55	39.44	665	688
UniRef90_UPI0004547428	63.11	665	445
UniRef90_UPI0004414A12	39.64	665	676
UniRef90_M2RMX7	40.27	665	677
UniRef90_UPI00057B4992	36.04	665	697
UniRef90_UPI000455E8B4	39.82	665	681
UniRef90_F4SAF7	39.61	665	679
UniRef90_A0A067NQG3	40.43	665	679
UniRef90_UPI000529CDE9	81.15	665	266
UniRef90_A0A0C3PPK6	39.02	665	675
UniRef90_A0A086T2Z0	39.77	665	772
UniRef90_U5H7N5	38.46	665	764
UniRef90_A0A0B7JIC7	39.91	665	769
UniRef90_K5WVB2	38.59	665	678
UniRef90_L2FJG0	39.56	665	701
UniRef90_UPI0004417218	38.98	665	690
UniRef90_A0A090BHT1	38.21	665	712
UniRef90_E3KDX3	38.98	665	674
UniRef90_A0A061E846	37.25	665	707
UniRef90_A0A0L0P7F1	41.19	665	790
UniRef90_A0A060T773	39.64	665	708
UniRef90_W2SER2	39.86	665	711
UniRef90_G0VAW3	37.57	665	730
UniRef90_A0A0D2BTE2	39.43	665	723
UniRef90_A0A0D7A717	39.91	665	680
UniRef90_D8Q018	38.85	665	680
UniRef90_A0A067M7M5	38.24	665	679
UniRef90_A0A099P6J4	39.00	665	672
UniRef90_M7WP94	39.28	665	688
UniRef90_A0A067MNS6	38.12	665	689
UniRef90_G8BUA8	37.90	665	747
UniRef90_A0A0C3HZA8	39.12	665	700
UniRef90_A0A0F8AY81	39.68	665	700
UniRef90_G1XCI7	40.65	665	688
UniRef90_A0A0D2GWP1	39.00	665	723
UniRef90_A0A0C4DV10	39.06	665	838
UniRef90_G2XCR0	40.45	665	683
UniRef90_S3CJ51	38.85	665	701
UniRef90_A0A067SJ20	37.72	665	676
UniRef90_H6C622	39.89	665	726
UniRef90_A0A0F4ZJ05	39.30	665	708
UniRef90_A0A0C3SCL2	36.75	665	671
UniRef90_A0A0G2EMZ6	37.75	665	706
UniRef90_UPI00052EE239	38.11	665	699
UniRef90_C4Y5D6	39.76	665	706
UniRef90_A0A0N1P2R2	39.97	665	941
UniRef90_A0A067TJ64	37.07	665	682
UniRef90_A0A0D2RGS3	36.10	665	710
UniRef90_J7S480	37.96	665	744
UniRef90_A0A0G2FP55	39.68	665	701
UniRef90_W3XBH9	39.09	665	700
UniRef90_A0A0A8L3I2	38.06	665	713
UniRef90_A3GF02	38.27	665	658
UniRef90_A0A0B1P9Q5	37.94	665	710
UniRef90_B8M3X1	39.46	665	716
UniRef90_G8JM10	38.24	665	716
UniRef90_S8A333	40.50	665	688
UniRef90_A0A067JSB1	36.66	665	707
UniRef90_A0A072PUV8	39.37	665	711
UniRef90_A0A0D1XTI7	39.60	665	721
UniRef90_W9RMS1	36.95	665	707
UniRef90_L8G812	39.29	665	701
UniRef90_A0A0K9NPZ5	35.88	665	705
UniRef90_UPI000455F87B	36.46	665	680
UniRef90_C1G7R6	38.87	665	719
UniRef90_K1WQY7	37.22	665	708
UniRef90_A0A084QMP6	40.15	665	910
UniRef90_M5XQK3	36.74	665	708
UniRef90_C5GNL6	38.64	665	719
UniRef90_D8QTJ1	39.45	665	609
UniRef90_C5DZ58	37.04	665	725
UniRef90_UPI000511F7D2	35.12	665	698
UniRef90_Q4WGR2	39.00	665	716
UniRef90_A0A094F6C9	39.44	665	960
UniRef90_B2KEY7	38.60	665	676
UniRef90_Q6CV20	38.00	665	712
UniRef90_A0A0A0LMX1	36.18	665	704
UniRef90_A0A074Y323	39.26	665	718
UniRef90_G0W5G4	38.08	665	740
UniRef90_G0RPM2	39.15	665	703
UniRef90_G7XGL4	38.71	665	716
UniRef90_A0A068NPD5	37.38	665	676
UniRef90_N1JBV1	37.36	665	719
UniRef90_D7TAL7	36.72	665	686
UniRef90_G0T0T2	38.43	665	1269
UniRef90_A0A0B0PQ30	34.87	665	733
UniRef90_A0A0D0E6Y8	38.12	665	705
UniRef90_A0A059D810	35.42	665	713
UniRef90_UPI0004992F47	36.34	665	708
UniRef90_A0A084FZN3	39.94	665	935
UniRef90_K3XF55	35.22	665	695
UniRef90_I2JQY9	38.02	665	682
UniRef90_UPI0005811751	35.51	665	697
UniRef90_G3AZC1	39.10	665	674
UniRef90_A0A0F4Z6D9	39.35	665	1109
UniRef90_Q0CIZ3	38.14	665	717
UniRef90_D4D566	38.03	665	882
UniRef90_UPI00053C09C0	35.22	665	707
UniRef90_F0X856	38.62	665	719
UniRef90_A7F8L6	38.44	665	703
UniRef90_A0A017SP31	37.61	665	716
UniRef90_R7Z2U0	38.14	665	810
UniRef90_A0A067SBZ0	36.68	665	684
UniRef90_V5GGU6	38.17	665	985
UniRef90_B9HTC7	36.71	665	710
UniRef90_A0A093Z654	39.50	665	1263
UniRef90_C7Z6X8	39.18	665	704
UniRef90_UPI000428A0EC	35.78	665	693
UniRef90_A0A0B4VM27	37.75	665	783
UniRef90_U7Q6D7	38.00	665	720
UniRef90_A0A0G2EIF3	35.96	665	750
UniRef90_B6QKI2	37.35	665	776
UniRef90_A0A0L0NGS9	37.43	665	702
UniRef90_A0A068V098	36.04	665	699
UniRef90_UPI000455F5C4	37.02	665	690
UniRef90_A0A0G4KS00	40.45	665	1827
UniRef90_M2N3C0	37.94	665	729
UniRef90_A0A094BQB3	37.52	665	860
UniRef90_M3APH0	38.35	665	716
UniRef90_N1PBL9	37.99	665	714
UniRef90_J0CW95	37.27	665	703
UniRef90_S8FVW8	38.43	665	767
UniRef90_UPI00058140FC	34.46	665	717
UniRef90_W9CC14	37.77	665	704
UniRef90_L7J3J9	37.20	665	781
UniRef90_A0A0D8JU56	38.49	665	860
UniRef90_S8CSP7	34.59	665	694
UniRef90_A0A0L6UY63	37.44	665	669
UniRef90_P25375	35.96	665	712
UniRef90_T5AB02	36.49	665	741
UniRef90_A7TFC8	35.49	665	739
UniRef90_S7ZAL2	37.64	665	719
UniRef90_K4CRW3	35.73	665	693
UniRef90_Q5N6Y0	34.10	665	695
UniRef90_W1PZT9	36.06	665	711
UniRef90_A0A022QDG3	35.60	665	695
UniRef90_U1HF19	38.18	665	716
UniRef90_R1G7D2	35.15	665	767
UniRef90_A0A0F4G841	37.89	665	808
UniRef90_A0A063BZT7	37.85	665	904
UniRef90_K1ZI01	34.15	665	697
UniRef90_B2WMG4	37.66	665	724
UniRef90_V7D031	35.05	665	708
UniRef90_E4ZIF0	37.71	665	785
UniRef90_V5G2P3	37.25	665	979
UniRef90_S3CJG1	38.18	665	718
UniRef90_Q0U6K3	37.79	665	697
UniRef90_V4KFE5	34.35	665	709
UniRef90_A0A0J8EWF5	34.50	665	707
UniRef90_W0VGW1	37.42	665	622
UniRef90_F4HTQ1	34.50	665	710
UniRef90_A0A0G2AQP0	36.80	665	655
UniRef90_I2GWP4	36.86	665	741
UniRef90_A0A067SKU8	35.27	665	684
UniRef90_M3CJA2	37.64	665	714
UniRef90_I4AHE7	35.97	665	653
UniRef90_UPI0004622AC4	37.19	665	688
UniRef90_Q6FX66	36.74	665	743
UniRef90_A0A0B2QRU6	34.60	665	708
UniRef90_A0A087HI10	34.25	665	710
UniRef90_W6QF16	37.02	665	781
UniRef90_M1VZ25	36.11	665	701
UniRef90_M7T2X9	39.58	665	620
UniRef90_UPI0004624847	36.97	665	681
UniRef90_H2ATG4	35.49	665	723
UniRef90_A0A0A1UV48	38.54	665	701
UniRef90_F1Q5G6	56.93	665	630
UniRef90_F1Q5G6	65.35	665	630
UniRef90_A0A0C3DY90	34.38	665	722
UniRef90_UPI0005F0739B	57.98	665	308
UniRef90_A0A0M8N0Y5	38.10	665	701
UniRef90_A0A0G4ATM7	33.83	665	671
UniRef90_A0A0C4ESY9	35.39	665	786
UniRef90_E9DUI5	35.20	665	723
UniRef90_UPI0004412A8A	35.47	665	676
UniRef90_A0A086TJY3	34.06	665	690
UniRef90_UPI000410C5DD	34.53	665	687
UniRef90_B2KE72	34.85	665	681
UniRef90_A0A0A1TME3	36.02	665	699
UniRef90_G7J2I3	33.38	665	708
UniRef90_A0A0A1N7W7	46.00	665	451
UniRef90_UPI0006B0EF08	53.66	665	394
UniRef90_D7KVN0	34.09	665	985
UniRef90_UPI0005AA249D	31.81	665	660
UniRef90_UPI000524D59D	33.64	665	677
UniRef90_A0A0G0RG63	34.23	665	671
UniRef90_A0A0C3GZV2	36.10	665	674
UniRef90_A0A078EL04	34.10	665	982
UniRef90_A0A0D9V953	33.13	665	660
UniRef90_A0A0G1QVJ0	32.63	665	659
UniRef90_UPI0006AA88C5	32.25	665	735
UniRef90_J4KPT6	35.66	665	701
UniRef90_W5DDL3	35.33	665	573
UniRef90_A0A078GW59	32.51	665	746
UniRef90_M0TLM2	35.83	665	540
UniRef90_A0A0G1H835	34.23	665	671
UniRef90_G3JQ79	35.53	665	699
UniRef90_J0L822	38.62	665	539
UniRef90_A0A060SGX3	34.86	665	641
UniRef90_A0A066XSY9	35.19	665	711
UniRef90_G3J6U4	36.35	665	701
UniRef90_A0A0G4L272	42.76	665	3715
UniRef90_A0A0G4L272	35.81	665	3715
UniRef90_A0A0A2VK14	35.14	665	698
UniRef90_B8NGQ8	34.44	665	704
UniRef90_UPI00044158E8	34.39	665	670
UniRef90_H1V008	34.37	665	723
UniRef90_A0A0G0BXN2	32.72	665	694
UniRef90_UPI00046B3522	93.75	665	250
UniRef90_A7IA06	32.06	665	660
UniRef90_A0A0A2W4L5	35.81	665	955
UniRef90_A0A0F0I1Z9	34.39	665	714
UniRef90_L2FUG1	32.47	665	697
UniRef90_X8JBY7	40.33	665	497
UniRef90_K7EL02	63.71	665	260
UniRef90_UPI000532F537	36.17	665	570
UniRef90_T0LVN1	33.33	665	722
UniRef90_A0A074VSD9	34.64	665	710
UniRef90_A0A0G0L9I0	33.08	665	709
UniRef90_A0A0F2M347	35.73	665	868
UniRef90_S5DN40	32.92	665	632
UniRef90_A0A074W6R8	33.82	665	708
UniRef90_A0A0L1JIW3	33.86	665	712
UniRef90_L2FDY0	33.38	665	722
UniRef90_A0A0F9XZH3	32.96	665	705
UniRef90_A0A0J8RGX5	37.26	665	646
UniRef90_A0A075K619	31.11	665	674
UniRef90_Q74Z02	35.52	665	717
UniRef90_A0A0L9UAK7	33.43	665	672
UniRef90_C5XFF8	31.43	665	621
UniRef90_C5L1D9	50.14	665	353
UniRef90_Q74Z01	35.31	665	683
UniRef90_A0A0G0VBZ6	32.73	665	665
UniRef90_A0A0D2J7R6	36.71	665	493
UniRef90_P42676	100.00	665	704
UniRef90_G3WFT1	66.01	665	684
UniRef90_G3WIE5	86.60	665	704
UniRef90_I3JAB0	67.32	665	701
UniRef90_H2LAS3	66.72	665	687
UniRef90_M7AIG1	66.62	665	717
UniRef90_H0YRF6	66.97	665	680
UniRef90_UPI000651DF07	64.46	665	687
UniRef90_P24155	63.55	665	687
UniRef90_P52888	65.24	665	689
UniRef90_UPI0004ED6883	64.63	665	686
UniRef90_UPI000643F537	65.71	665	687
UniRef90_UPI00046B67B5	64.73	665	996
UniRef90_UPI0006495234	65.30	665	841
UniRef90_UPI0003F17267	64.01	665	688
UniRef90_E7EZ90	67.38	665	707
UniRef90_UPI0006B390ED	66.87	665	685
UniRef90_Q02038-2	91.43	665	745
UniRef90_Q1JPJ8	64.45	665	687
UniRef90_W5LI22	67.07	665	686
UniRef90_Q02038	91.43	665	704
UniRef90_P47788	64.56	665	687
UniRef90_UPI00032B00E1	64.46	665	690
UniRef90_H2TYF8	65.20	665	685
UniRef90_UPI0004953265	65.51	665	693
UniRef90_G3NG09	65.21	665	685
UniRef90_V9KIA2	66.72	665	689
UniRef90_B5X1B9	65.81	665	685
UniRef90_A0A091DBY0	91.13	665	681
UniRef90_H3CE25	65.66	665	688
UniRef90_G1KRY5	75.75	665	679
UniRef90_G5BZC8	63.36	665	704
UniRef90_UPI0004447F14	62.20	665	926
UniRef90_Q0IIT3	65.65	665	683
UniRef90_E1C0D8	78.46	665	698
UniRef90_UPI0006B126A1	61.86	665	703
UniRef90_H3A2K4	66.82	665	684
UniRef90_U3FAY3	63.61	665	684
UniRef90_K7F3U5	65.05	665	676
UniRef90_UPI000696DAE6	57.73	665	712
UniRef90_UPI0003C271B0	78.80	665	679
UniRef90_UPI00035991F2	58.67	665	798
UniRef90_UPI0006749DE9	60.33	665	782
UniRef90_K7FXU2	77.71	665	730
UniRef90_UPI0003F0A087	59.21	665	674
UniRef90_UPI0002C47088	62.35	665	684
UniRef90_UPI000383857E	60.54	665	710
UniRef90_A0A087XAA4	60.30	665	710
UniRef90_Q9PTV2	63.31	665	685
UniRef90_UPI0005539A4C	60.63	665	746
UniRef90_I3JYL1	60.12	665	701
UniRef90_H2SB17	60.58	665	702
UniRef90_UPI000651B270	87.67	665	673
UniRef90_UPI0004955444	60.88	665	686
UniRef90_A7RJZ8	58.41	665	666
UniRef90_UPI0006B3B8F3	60.18	665	702
UniRef90_UPI0004D06D4A	88.26	665	702
UniRef90_R7TVL6	56.52	665	724
UniRef90_H3D7G5	59.97	665	710
UniRef90_UPI0005F410C8	86.51	665	683
UniRef90_G1SX63	90.57	665	668
UniRef90_UPI0006D8E752	73.00	665	713
UniRef90_UPI0006D70A9B	90.71	665	722
UniRef90_UPI000495AB6E	60.48	665	704
UniRef90_UPI0006445497	65.20	665	644
UniRef90_F6YR41	70.48	665	704
UniRef90_UPI00032AF638	85.07	665	670
UniRef90_UPI0005D068B3	75.15	665	678
UniRef90_UPI0005BC165C	60.24	665	651
UniRef90_F6YEG0	54.96	665	666
UniRef90_F7E621	83.20	665	897
UniRef90_T2MFR5	55.11	665	684
UniRef90_E7F834	59.04	665	690
UniRef90_A0A0L0G707	51.57	665	676
UniRef90_B3RQH1	55.19	665	664
UniRef90_UPI000388BA0B	78.21	665	746
UniRef90_UPI0005229579	60.12	665	757
UniRef90_UPI00045DF45B	92.05	665	675
UniRef90_M7BWS2	74.37	665	788
UniRef90_UPI0006442C04	60.63	665	707
UniRef90_A0A060W7I3	62.31	665	748
UniRef90_UPI0006B081E6	56.73	665	782
UniRef90_UPI000644E92F	60.09	665	652
UniRef90_F7D0N5	59.10	665	683
UniRef90_H2LC28	58.22	665	713
UniRef90_G3T5F0	84.86	665	649
UniRef90_A0A0F8AIZ1	59.13	665	650
UniRef90_G3RZV1	81.71	665	706
UniRef90_A0A0L8FHT3	49.93	665	784
UniRef90_K1QVS3	53.53	665	621
UniRef90_UPI000661E5AF	58.30	665	696
UniRef90_UPI0004F03283	62.35	665	658
UniRef90_T1IK18	50.45	665	708
UniRef90_C3XVT1	57.38	665	749
UniRef90_A0A0E9NAF4	43.07	665	792
UniRef90_UPI0005CBEC4A	56.95	665	644
UniRef90_G3PTM5	60.13	665	620
UniRef90_K7EP46	64.92	665	568
UniRef90_A0A0F4Z6D9	37.64	665	1109
UniRef90_L5KJB3	85.02	665	767
UniRef90_L5KJB3	97.67	665	767
UniRef90_H2PFP9	78.83	665	650
UniRef90_F7E1X3	58.47	665	680
UniRef90_D0NB07	45.66	665	712
UniRef90_A0A087TKK2	51.59	665	737
UniRef90_A0A0G4IKL2	45.65	665	733
UniRef90_A0A0D2X4Z9	46.32	665	682
UniRef90_R8BPF2	39.09	665	701
UniRef90_F7GB67	90.93	665	607
UniRef90_A0A0L0HBM0	47.17	665	751
UniRef90_K3WB38	46.27	665	708
UniRef90_Q4WGR2	37.27	665	716
UniRef90_A9T684	43.54	665	686
UniRef90_A9RWY8	43.35	665	675
UniRef90_K1WQY7	35.65	665	708
UniRef90_G2QLN9	39.06	665	722
UniRef90_B8M3X1	37.83	665	716
UniRef90_G2QZP2	38.64	665	722
UniRef90_B2B3E1	39.64	665	719
UniRef90_A0A023G4E5	44.48	665	745
UniRef90_A0A0H5R7Y9	45.80	665	755
UniRef90_U4LIY2	40.73	665	689
UniRef90_G0S7K9	37.33	665	722
UniRef90_V5GGU6	36.49	665	985
UniRef90_V8P4E6	74.39	665	620
UniRef90_G7XGL4	37.27	665	716
UniRef90_UPI0004420C9E	63.95	665	590
UniRef90_L2FJG0	38.31	665	701
UniRef90_A0A0B7F9L7	39.91	665	722
UniRef90_D4D566	36.87	665	882
UniRef90_A0A023G487	43.41	665	745
UniRef90_Q0CIZ3	36.94	665	717
UniRef90_UPI000643B9B3	93.28	665	622
UniRef90_A0A094F6C9	37.91	665	960
UniRef90_UPI00053FB440	92.25	665	585
UniRef90_M4B763	45.36	665	700
UniRef90_A0A0B4VM27	36.59	665	783
UniRef90_H6C622	37.97	665	726
UniRef90_C0NLE3	37.74	665	719
UniRef90_A0A0N1P2R2	38.65	665	941
UniRef90_A0A074RTJ7	39.61	665	720
UniRef90_S3CJ51	37.48	665	701
UniRef90_G3X795	93.30	665	555
UniRef90_F7FGE8	56.09	665	679
UniRef90_A0A023FY90	43.56	665	758
UniRef90_A0A017SP31	36.29	665	716
UniRef90_A0A0C4DV10	38.28	665	838
UniRef90_A0A072PUV8	37.45	665	711
UniRef90_A0A0G2EIF3	35.15	665	750
UniRef90_A0A0G2EMZ6	36.31	665	706
UniRef90_A0A0D1WKM9	38.43	665	714
UniRef90_A0A074RTX7	39.14	665	723
UniRef90_A0A0D8JU56	36.77	665	860
UniRef90_C5LHP6	47.32	665	721
UniRef90_A0A0D2GWP1	37.39	665	723
UniRef90_A0A0D1XTI7	37.60	665	721
UniRef90_UPI000428AA43	29.51	665	684
UniRef90_A0A066TET0	29.28	665	675
UniRef90_A8NQS8	37.79	665	680
UniRef90_C5GNL6	37.05	665	719
UniRef90_R7Z2U0	37.38	665	810
UniRef90_L7J3J9	37.01	665	781
UniRef90_A0A0H6UYW9	29.29	665	727
UniRef90_UPI00046A5F42	29.01	665	680
UniRef90_A0A087VRB6	79.14	665	561
UniRef90_A0A0G3CNW4	29.69	665	680
UniRef90_W1GQ18	28.82	665	933
UniRef90_S7ZAL2	35.82	665	719
UniRef90_A0A093Z654	38.11	665	1263
UniRef90_W5LVD0	69.25	665	529
UniRef90_D5G653	37.92	665	691
UniRef90_C1G7R6	36.77	665	719
UniRef90_A0A0A1B4M0	29.30	665	680
UniRef90_U4K9U0	28.72	665	680
UniRef90_A0A084FZN3	38.25	665	935
UniRef90_A0A0D2BTE2	37.39	665	723
UniRef90_V2X889	38.53	665	750
UniRef90_Q5E1W4	30.55	665	680
UniRef90_F9S4F1	29.06	665	680
UniRef90_A6D266	29.81	665	680
UniRef90_M3ZDS1	64.54	665	593
UniRef90_M9X4A0	31.00	665	688
UniRef90_B4F015	28.38	665	680
UniRef90_U6DTW4	63.86	665	583
UniRef90_A0A068RBV4	29.51	665	680
UniRef90_UPI00040AFD14	29.96	665	680
UniRef90_G1XCI7	39.28	665	688
UniRef90_F7YIX0	28.32	665	680
UniRef90_S0AJW6	29.40	665	680
UniRef90_N1PBL9	36.35	665	714
UniRef90_A0A0C3HZA8	37.73	665	700
UniRef90_R1G7D2	33.81	665	767
UniRef90_L8G812	37.91	665	701
UniRef90_UPI00037DC2B3	28.53	665	680
UniRef90_H3RHW8	28.86	665	680
UniRef90_A0A0A2W2V6	28.61	665	917
UniRef90_UPI00031F4F71	29.32	665	680
UniRef90_A0A0J9XBE7	39.82	665	727
UniRef90_A0A085G041	29.11	665	680
UniRef90_A0A0A1PIY9	43.31	665	671
UniRef90_UPI0004414A12	38.36	665	676
UniRef90_A0A0F5VDI3	30.70	665	680
UniRef90_UPI0002EEB4C1	30.10	665	680
UniRef90_A0A0C5WVJ1	30.55	665	680
UniRef90_B0CVU2	37.94	665	682
UniRef90_W3XBH9	38.02	665	700
UniRef90_A0A060SAE1	38.96	665	753
UniRef90_P27298	28.97	665	680
UniRef90_A0A085GZF8	29.11	665	680
UniRef90_A0A0J1GPI4	29.81	665	680
UniRef90_A0A085HCK0	28.72	665	680
UniRef90_V5HE93	30.95	665	680
UniRef90_A0A0C3C3B0	37.74	665	682
UniRef90_F9T758	29.81	665	680
UniRef90_Q664F3	28.82	665	680
UniRef90_Q7MQE1	29.81	665	702
UniRef90_A0A080KI80	29.72	665	675
UniRef90_D8Q018	35.96	665	680
UniRef90_W7I5V6	39.71	665	688
UniRef90_UPI0002F3A446	27.27	665	680
UniRef90_C9Y2I9	27.95	665	695
UniRef90_A0A0E1CB92	28.24	665	741
UniRef90_E4ZIF0	36.74	665	785
UniRef90_W2SER2	38.32	665	711
UniRef90_A0A0G2FP55	38.66	665	701
UniRef90_A0A0A7ECQ9	31.15	665	678
UniRef90_A8T669	29.51	665	680
UniRef90_K5VEH3	38.99	665	678
UniRef90_F0LPQ9	29.06	665	680
UniRef90_F2PBQ1	30.25	665	680
UniRef90_A0A0D0AQP0	38.48	665	797
UniRef90_X2H6G4	29.87	665	675
UniRef90_L8J9F1	29.96	665	680
UniRef90_N1JBV1	36.18	665	719
UniRef90_B2WMG4	36.60	665	724
UniRef90_K6X014	31.08	665	680
UniRef90_A0A067TS43	40.06	665	761
UniRef90_M3APH0	37.13	665	716
UniRef90_UPI00063C6655	29.06	665	680
UniRef90_Q65TA4	29.69	665	679
UniRef90_A0A0F5ARM7	29.51	665	680
UniRef90_A0A071LR90	29.45	665	680
UniRef90_A7F8L6	36.71	665	703
UniRef90_M2N3C0	36.61	665	729
UniRef90_UPI000644E0C4	61.66	665	563
UniRef90_A0A0J1H1T0	29.96	665	680
UniRef90_A0KEG4	31.00	665	680
UniRef90_A0A0F4QAG8	29.36	665	679
UniRef90_A0A0A8VD67	29.11	665	695
UniRef90_M2RMX7	38.36	665	677
UniRef90_G4TP04	39.22	665	715
UniRef90_A0A0L6X049	38.95	665	678
UniRef90_E0SNF0	28.72	665	680
UniRef90_D0I4D2	29.66	665	680
UniRef90_A0A0F8AY81	38.31	665	700
UniRef90_UPI0007017094	27.70	665	680
UniRef90_M4R476	30.60	665	676
UniRef90_E3BEZ8	28.76	665	680
UniRef90_J7TKV4	29.07	665	682
UniRef90_A0A0F4ZJ05	37.98	665	708
UniRef90_A0A0B7J8X0	30.55	665	680
UniRef90_W1QHJ3	39.88	665	680
UniRef90_D0Z0W9	29.51	665	680
UniRef90_A0A0C2Z388	37.76	665	808
UniRef90_P44573	28.91	665	681
UniRef90_F9Q954	28.17	665	679
UniRef90_UPI0002D33203	29.06	665	680
UniRef90_UPI0004AEFE9D	30.47	665	680
UniRef90_B7VHA7	29.21	665	680
UniRef90_U1HF19	36.24	665	716
UniRef90_UPI00056DB0A0	28.17	665	680
UniRef90_UPI0004788933	28.09	665	680
UniRef90_I0QWQ7	29.34	665	695
UniRef90_U2ZNX5	28.61	665	680
UniRef90_W6QF16	35.76	665	781
UniRef90_R8ALQ5	28.97	665	687
UniRef90_J1Q6Q0	31.00	665	683
UniRef90_A0A074Y323	36.91	665	718
UniRef90_G1MZ45	69.89	665	661
UniRef90_I3D6W8	28.97	665	690
UniRef90_UPI00066522F7	29.21	665	679
UniRef90_I3BIE7	28.61	665	679
UniRef90_A0A0A3AQP8	27.95	665	679
UniRef90_A0A0G2KAW4	59.58	665	644
UniRef90_A0A0F4QP20	29.21	665	681
UniRef90_A0A0F4G841	36.53	665	808
UniRef90_W9CC14	36.05	665	704
UniRef90_A0A067NQG3	39.64	665	679
UniRef90_A0A067Q5P7	37.54	665	681
UniRef90_UPI0006F8EA3E	28.46	665	686
UniRef90_A0A084F0X1	29.78	665	677
UniRef90_A0A0C2X139	37.46	665	680
UniRef90_A0A0B1P9Q5	36.61	665	710
UniRef90_S8A333	39.57	665	688
UniRef90_C9PRH7	29.61	665	679
UniRef90_C5BB23	27.95	665	680
UniRef90_D4I3R4	28.57	665	685
UniRef90_A0A0H2Q881	29.21	665	680
UniRef90_A0A090BHT1	37.57	665	712
UniRef90_D8ML14	29.30	665	679
UniRef90_U7Q6D7	34.43	665	720
UniRef90_A0A085JMD1	27.95	665	680
UniRef90_A0A061BKA9	38.96	665	694
UniRef90_I1C6X6	42.84	665	671
UniRef90_A0A094ME68	78.30	665	559
UniRef90_A0A0F5F1Z2	28.82	665	681
UniRef90_J4KC59	29.45	665	675
UniRef90_Q6LLL3	30.10	665	680
UniRef90_A0A0A7S846	29.51	665	681
UniRef90_E1SVB8	29.17	665	682
UniRef90_A6VPP5	28.91	665	679
UniRef90_F5T2L4	31.55	665	679
UniRef90_Q6DB46	29.74	665	680
UniRef90_A0A0A0BGW1	30.28	665	679
UniRef90_G2XCR0	39.24	665	683
UniRef90_E6KX01	29.26	665	679
UniRef90_H2YA06	56.76	665	562
UniRef90_Q0U6K3	36.87	665	697
UniRef90_A0A081N0A3	29.36	665	678
UniRef90_K6YZQ5	29.09	665	684
UniRef90_A0A075ANW3	45.02	665	662
UniRef90_F8NYC7	37.34	665	681
UniRef90_UPI0005118953	77.24	665	622
UniRef90_UPI0005118953	81.40	665	622
UniRef90_C6C5L6	27.84	665	680
UniRef90_A0A085G5E4	28.76	665	691
UniRef90_I2B448	27.84	665	680
UniRef90_A0A0J9BCM4	26.78	665	680
UniRef90_A0A0D2MK35	37.19	665	680
UniRef90_A0A0E3V2S1	29.51	665	679
UniRef90_B6XAW9	29.40	665	680
UniRef90_A0A0C3PPK6	38.38	665	675
UniRef90_UPI00036F7FAE	31.09	665	677
UniRef90_A0A081K690	29.45	665	677
UniRef90_A0A0J5P6Y6	28.61	665	677
UniRef90_A0A093G866	68.09	665	607
UniRef90_A0A093G866	62.79	665	607
UniRef90_W5LNK8	63.77	665	536
UniRef90_UPI0005097A7E	29.26	665	679
UniRef90_Q0I2J4	29.69	665	679
UniRef90_B7QBX6	41.46	665	708
UniRef90_UPI000360B0AE	28.46	665	672
UniRef90_UPI00039F0B95	28.91	665	677
UniRef90_F0X856	36.82	665	719
UniRef90_A0A0C2IWT2	46.93	665	694
UniRef90_G7EJT9	29.06	665	679
UniRef90_A0A075P5L0	30.64	665	678
UniRef90_A0A0F6A9U9	29.51	665	681
UniRef90_A0A0H5CBT1	40.09	665	679
UniRef90_A0A086T2Z0	38.68	665	772
UniRef90_G4LW91	46.18	665	682
UniRef90_U1KTI7	28.32	665	681
UniRef90_UPI00067EF5CD	30.30	665	676
UniRef90_W0HSF5	26.38	665	680
UniRef90_UPI0002D5EE76	28.72	665	680
UniRef90_W1J611	27.80	665	680
UniRef90_UPI00048C8852	27.70	665	680
UniRef90_UPI0004848635	30.75	665	677
UniRef90_G0VAW3	36.86	665	730
UniRef90_M3CJA2	36.59	665	714
UniRef90_A0A0J8GTU4	29.26	665	680
UniRef90_W7QI57	28.82	665	682
UniRef90_R9PF63	30.19	665	677
UniRef90_A0A0F9K014	30.57	665	679
UniRef90_K8WIP5	28.53	665	680
UniRef90_B6QKI2	34.57	665	776
UniRef90_A0A0L0W148	38.61	665	744
UniRef90_Q9CMX1	29.06	665	679
UniRef90_A0A0D8CSD9	30.55	665	680
UniRef90_Q1MZ68	28.68	665	679
UniRef90_C4LD59	29.36	665	679
UniRef90_C7BU51	29.11	665	680
UniRef90_M7PIK0	29.61	665	679
UniRef90_A0A0C3NQV6	38.19	665	819
UniRef90_Q3IIA7	29.21	665	683
UniRef90_S7RJS7	37.32	665	685
UniRef90_F7RXJ6	29.64	665	679
UniRef90_A0A068QMH0	27.95	665	680
UniRef90_A0A0J8XUD1	28.91	665	680
UniRef90_Q8E8G5	30.86	665	679
UniRef90_K5WVB2	37.85	665	678
UniRef90_V3TUX3	28.72	665	727
UniRef90_A4C865	27.87	665	679
UniRef90_I1XGW9	30.25	665	706
UniRef90_UPI00037A278D	29.74	665	678
UniRef90_UPI00041477F5	31.19	665	677
UniRef90_A0A010QJ17	30.94	665	678
UniRef90_K0L075	39.52	665	802
UniRef90_A0A0F7K280	28.32	665	677
UniRef90_A0A0C3GF41	37.00	665	678
UniRef90_A0A0H4HBS8	29.60	665	676
UniRef90_K6YUK8	29.15	665	678
UniRef90_A0A099KEY9	28.55	665	682
UniRef90_F5ZFQ5	31.19	665	678
UniRef90_A0A099P6J4	39.00	665	672
UniRef90_A0A094J8N1	29.96	665	679
UniRef90_UPI0004449CF0	39.01	665	684
UniRef90_G7F8C7	28.91	665	679
UniRef90_A0A081NDV4	29.67	665	682
UniRef90_A0A0N0LYX0	29.36	665	683
UniRef90_A3N142	28.85	665	677
UniRef90_A0A068RGI0	41.64	665	664
UniRef90_A0A0B7JIC7	36.72	665	769
UniRef90_UPI0004220A20	28.32	665	679
UniRef90_UPI000684A18A	29.54	665	666
UniRef90_A0A0C3LSE8	38.43	665	686
UniRef90_A0A0K1WHS9	29.90	665	681
UniRef90_A0A0D7BC60	36.27	665	682
UniRef90_D3UY66	27.37	665	680
UniRef90_UPI00048F1C54	29.55	665	679
UniRef90_A0A084QMP6	38.63	665	910
UniRef90_F2UG91	44.26	665	656
UniRef90_A0A0B3BWL2	29.90	665	681
UniRef90_F6AA86	29.55	665	682
UniRef90_A0A0A8L3I2	37.30	665	713
UniRef90_A0A0F6RDN6	30.06	665	681
UniRef90_UPI0003B6E4CD	28.85	665	683
UniRef90_UPI000509F272	30.64	665	678
UniRef90_K7ARF2	29.15	665	678
UniRef90_UPI0003FF69A2	29.35	665	685
UniRef90_Z5XL29	28.32	665	683
UniRef90_UPI0003A7BB8E	29.30	665	682
UniRef90_E0WRV1	29.36	665	692
UniRef90_Q6CV20	36.54	665	712
UniRef90_D2U091	28.42	665	680
UniRef90_A0A0F4PSY8	29.51	665	679
UniRef90_Q2BQC0	28.86	665	678
UniRef90_Q6C0X4	39.70	665	757
UniRef90_V5G2P3	35.39	665	979
UniRef90_A0A0K6H3G2	29.45	665	685
UniRef90_Q5QVY8	31.30	665	679
UniRef90_A0A0H2SI47	37.18	665	696
UniRef90_UPI000400CE0D	29.02	665	679
UniRef90_W6R3T0	29.30	665	682
UniRef90_A0A060T773	39.00	665	708
UniRef90_UPI0004DF7B8E	28.09	665	679
UniRef90_UPI000462F59D	28.61	665	680
UniRef90_A0A068QXW4	27.07	665	680
UniRef90_H2FZH0	30.10	665	680
UniRef90_Q07WB5	29.81	665	679
UniRef90_W4K9J1	39.12	665	681
UniRef90_A1SBJ2	28.68	665	678
UniRef90_I3YFD6	28.88	665	677
UniRef90_UPI000413FCF2	29.11	665	682
UniRef90_A0A0A0Z0I5	28.38	665	680
UniRef90_G3TR20	67.15	665	490
UniRef90_UPI0004872BEF	29.49	665	684
UniRef90_UPI00040A1049	28.72	665	679
UniRef90_A0A0D7A717	36.88	665	680
UniRef90_UPI0003633E5D	28.76	665	679
UniRef90_A0A0L0SBZ8	42.69	665	667
UniRef90_A0A081FVB0	29.17	665	677
UniRef90_UPI00059026CA	29.75	665	683
UniRef90_UPI0003772567	29.93	665	696
UniRef90_K2JLX7	29.96	665	683
UniRef90_G0RPM2	37.82	665	703
UniRef90_S3CJG1	36.67	665	718
UniRef90_UPI0004408162	38.54	665	673
UniRef90_UPI00046E6C22	30.30	665	680
UniRef90_UPI0003FEBF69	27.22	665	680
UniRef90_C7R9U1	30.51	665	681
UniRef90_UPI000471F8F3	30.28	665	679
UniRef90_I3C8A9	30.15	665	679
UniRef90_A0A094J9K6	30.06	665	687
UniRef90_A0A0F9X859	29.03	665	680
UniRef90_A0A0M0T8Y8	27.95	665	680
UniRef90_Q12I56	30.13	665	679
UniRef90_I1DUD1	29.81	665	682
UniRef90_UPI00048AAF2A	30.71	665	679
UniRef90_I1YIA4	28.76	665	679
UniRef90_A0A024HA62	28.74	665	681
UniRef90_A0A078MJE1	29.48	665	686
UniRef90_Q47U98	29.82	665	683
UniRef90_C1DG49	29.30	665	681
UniRef90_B1KL84	30.25	665	679
UniRef90_UPI000483FEDB	29.76	665	681
UniRef90_S6CEC7	28.14	665	683
UniRef90_U3HCP1	28.70	665	682
UniRef90_UPI00040D6C92	29.10	665	677
UniRef90_F4HCM2	28.82	665	679
UniRef90_F9UBP2	27.57	665	710
UniRef90_UPI000455E8B4	36.72	665	681
UniRef90_K2KJB1	29.45	665	676
UniRef90_UPI00045E646B	28.09	665	679
UniRef90_G8JM10	37.54	665	716
UniRef90_A0A0F9Y3T2	29.55	665	680
UniRef90_W2URB2	29.26	665	678
UniRef90_UPI00048BC899	29.33	665	675
UniRef90_UPI0004855C20	29.30	665	680
UniRef90_A1SRG4	29.96	665	683
UniRef90_A0A0G4KS00	37.37	665	1827
UniRef90_UPI00022CAA6C	28.72	665	901
UniRef90_S6HX20	29.62	665	683
UniRef90_H0JB34	29.75	665	682
UniRef90_N9VHQ3	29.81	665	680
UniRef90_A0A063Y8D9	27.41	665	680
UniRef90_N2J826	28.51	665	710
UniRef90_B0TN57	30.21	665	679
UniRef90_L8MT45	29.00	665	682
UniRef90_UPI0004417218	37.76	665	690
UniRef90_UPI0004172145	29.32	665	681
UniRef90_A0A099L3R6	29.82	665	683
UniRef90_G3AGL8	37.74	665	683
