UniRef90_Q5SGX2	100.00	265	350
UniRef90_UPI0003B50F20	92.08	265	353
UniRef90_UPI00037E65BA	91.29	265	352
UniRef90_E8PQX8	90.15	265	353
UniRef90_UPI0005702481	91.29	265	352
UniRef90_B7ABK4	89.43	265	352
UniRef90_K7R1I1	90.60	265	351
UniRef90_A0A0B0SBZ3	88.68	265	351
UniRef90_G8NCU7	92.05	265	353
UniRef90_A0A0A2WQE4	84.85	265	348
UniRef90_D7BE71	71.91	265	353
UniRef90_D3PN96	70.00	265	356
UniRef90_A0A0D0N9I2	69.26	265	356
UniRef90_UPI00041EBEB7	70.94	265	351
UniRef90_UPI000373E886	69.29	265	355
UniRef90_F2NPL4	67.42	265	337
UniRef90_E4U4K5	65.91	265	338
UniRef90_UPI0004AD0ECE	61.51	265	364
UniRef90_UPI00055102EE	62.31	265	339
UniRef90_E8U4Q2	63.43	265	359
UniRef90_K9ZZ43	61.51	265	349
UniRef90_Q1J1V8	62.31	265	339
UniRef90_UPI00055129A5	62.69	265	339
UniRef90_C1CYT5	61.57	265	339
UniRef90_Q9RRX8	60.45	265	339
UniRef90_H8GTX6	61.19	265	339
UniRef90_UPI000366568A	59.70	265	344
UniRef90_UPI0003B69328	60.07	265	339
UniRef90_A0A072N8B5	60.45	265	339
UniRef90_F0RKC4	61.19	265	340
UniRef90_W5INH5	56.72	265	329
UniRef90_A0A0G1W4B6	56.65	265	341
UniRef90_D7CWW6	55.76	265	350
UniRef90_A0A0G0N9J5	51.71	265	343
UniRef90_A0A0G4AUD0	52.47	265	336
UniRef90_A0A0G0R9C8	49.82	265	365
UniRef90_A0A0G0J6S0	48.66	265	340
UniRef90_A0A0G1NQL5	50.96	265	325
UniRef90_A0A0G1YDX1	53.97	265	244
UniRef90_A0A0F7GFQ1	51.84	265	346
UniRef90_Q3Z9I8	50.92	265	346
UniRef90_A0A0G1Y2M2	48.56	265	348
UniRef90_I4EN82	51.28	265	355
UniRef90_A0A0G0W199	49.82	265	357
UniRef90_A0A0F9YEM2	45.74	265	349
UniRef90_E6SIV5	49.64	265	371
UniRef90_A0A0G1PXH3	52.21	265	241
UniRef90_A0A0G1YJ79	51.63	265	239
UniRef90_A0A0G0YN97	49.65	265	362
UniRef90_D5MGN0	48.34	265	350
UniRef90_D8K1Q0	49.82	265	344
UniRef90_D1C4D6	49.63	265	347
UniRef90_A0A0G1U3N8	47.60	265	348
UniRef90_B9KYT7	50.36	265	359
UniRef90_A0A0K0SUD5	48.85	265	333
UniRef90_A0A0G1Z0B3	46.85	265	368
UniRef90_UPI0005709D8C	49.24	265	331
UniRef90_A0A0G1TVC9	46.76	265	367
UniRef90_UPI0004167D85	50.00	265	334
UniRef90_UPI000366AE37	46.69	265	339
UniRef90_H8GQ78	47.43	265	339
UniRef90_UPI00056F4F2A	50.37	265	348
UniRef90_A0A0G0D5A9	47.60	265	344
UniRef90_UPI00035DD87A	48.51	265	342
UniRef90_A0A0G1X7G3	48.85	265	326
UniRef90_A0A0G1GZP0	50.00	265	336
UniRef90_I3ZCM6	47.62	265	370
UniRef90_A0A0F9A4I3	47.60	265	324
UniRef90_UPI00037B71CB	48.34	265	345
UniRef90_E3DR66	46.86	265	341
UniRef90_Q1GZS1	50.00	265	327
UniRef90_UPI0003763983	47.06	265	339
UniRef90_B3PL12	49.45	265	337
UniRef90_UPI0004DFBBE4	47.06	265	339
UniRef90_B6BWY8	47.53	265	327
UniRef90_G3BMT0	45.96	265	337
UniRef90_L0KD16	47.08	265	340
UniRef90_A0A0L0LIH2	48.08	265	248
UniRef90_A0A0G1KZ67	47.41	265	342
UniRef90_A0A0G1VLK7	45.96	265	287
UniRef90_A0A0G1XB22	47.81	265	364
UniRef90_E4RLI2	47.23	265	341
UniRef90_Q2RYT4	49.25	265	336
UniRef90_W8G0B6	48.88	265	334
UniRef90_A0A0G0Y8S9	48.35	265	345
UniRef90_K2B9S3	47.06	265	349
UniRef90_W7YUQ7	45.65	265	344
UniRef90_D6TN96	45.96	265	348
UniRef90_Y0KIK1	48.47	265	328
UniRef90_D0MFJ2	48.30	265	341
UniRef90_C6WX39	47.76	265	332
UniRef90_UPI0006998052	47.97	265	348
UniRef90_I3CGC2	47.92	265	331
UniRef90_A0A0G0FRF6	45.76	265	343
UniRef90_UPI000483DC8E	46.13	265	339
UniRef90_A0A0E3WH08	45.65	265	344
UniRef90_UPI000498251A	47.97	265	343
UniRef90_I3D277	47.76	265	333
UniRef90_UPI0003B4BD55	48.47	265	327
UniRef90_X1L2Q7	48.34	265	305
UniRef90_UPI0005BAC6E3	46.49	265	337
UniRef90_X0T5X1	48.34	265	318
UniRef90_K6PZ17	47.81	265	374
UniRef90_A0A0G0N274	47.25	265	345
UniRef90_UPI00059F4782	47.97	265	345
UniRef90_H1XPD0	45.02	265	335
UniRef90_D9RXS8	46.86	265	338
UniRef90_UPI00058BEFDC	43.17	265	358
UniRef90_A0A0K6H3T7	48.67	265	334
UniRef90_A0A0G0L1M7	47.92	265	249
UniRef90_M5E1H7	46.86	265	341
UniRef90_UPI0003FFF93F	46.24	265	332
UniRef90_A0A0E9M560	46.69	265	336
UniRef90_K2ERS4	45.76	265	344
UniRef90_UPI00036A0459	46.32	265	339
UniRef90_G3J0C8	45.96	265	339
UniRef90_E8T2V8	46.52	265	343
UniRef90_UPI00036339B9	48.30	265	331
UniRef90_E1YFE5	45.39	265	335
UniRef90_Q60AZ0	47.43	265	341
UniRef90_UPI00048025CE	46.56	265	331
UniRef90_E8V1K2	46.89	265	369
UniRef90_A0A0G0KBB2	45.76	265	342
UniRef90_A0A0G0PYW0	46.15	265	341
UniRef90_C6J6F8	46.38	265	344
UniRef90_H5SQH1	49.81	265	339
UniRef90_R5IRS3	43.53	265	347
UniRef90_R6Q3G3	46.86	265	339
UniRef90_UPI0006D406B9	44.28	265	339
UniRef90_UPI000415BFA9	46.97	265	362
UniRef90_UPI000381D350	45.29	265	344
UniRef90_UPI00048BBF5D	46.77	265	327
UniRef90_R5FIC0	44.85	265	339
UniRef90_A0A0G0IIG7	45.22	265	350
UniRef90_UPI00047B6941	47.97	265	341
UniRef90_A0A0E4GAK1	47.25	265	340
UniRef90_F4A076	44.65	265	340
UniRef90_A0A089M3S6	44.93	265	344
UniRef90_D3EEQ3	44.57	265	344
UniRef90_A4XKJ8	43.75	265	340
UniRef90_E3PXU7	44.65	265	339
UniRef90_A0A0G1IDZ5	45.80	265	246
UniRef90_K4KFC7	47.60	265	337
UniRef90_C6XAN7	49.24	265	328
UniRef90_G4CQG6	47.73	265	329
UniRef90_Q7NYC2	47.53	265	328
UniRef90_UPI0004192294	45.05	265	344
UniRef90_V5C8B6	46.13	265	362
UniRef90_A0A0N0XLY3	49.05	265	331
UniRef90_D9QUN5	46.49	265	339
UniRef90_L9PEA4	47.19	265	339
UniRef90_K1ZC28	44.65	265	343
UniRef90_UPI0005CA9075	44.57	265	344
UniRef90_UPI00048F85E3	46.56	265	331
UniRef90_D9SF45	47.53	265	339
UniRef90_A0A0G1WSD3	47.43	265	265
UniRef90_G0A2F3	46.32	265	339
UniRef90_C8WQJ4	47.46	265	348
UniRef90_UPI00040BEA4B	46.13	265	339
UniRef90_UPI0006B5EBD3	46.49	265	337
UniRef90_Q1JYJ9	45.02	265	338
UniRef90_UPI0003820816	45.79	265	339
UniRef90_UPI000486C81A	47.73	265	330
UniRef90_I4VXC0	48.86	265	331
UniRef90_A0A0F9VL39	47.76	265	334
UniRef90_A0A0G1JSR0	48.65	265	246
UniRef90_B9Z6X8	47.15	265	327
UniRef90_UPI00041610AC	47.15	265	331
UniRef90_L8LR85	47.89	265	334
UniRef90_A0A0F9YVB7	44.53	265	279
UniRef90_A1U2B9	48.87	265	332
UniRef90_UPI0004A7546F	48.09	265	328
UniRef90_UPI0003FF4BEC	47.92	265	333
UniRef90_UPI000556BDA9	45.85	265	344
UniRef90_UPI0005F814A3	46.13	265	337
UniRef90_UPI000382687D	45.76	265	337
UniRef90_A0A0G1U5T6	45.96	265	343
UniRef90_C1DDA2	47.15	265	327
UniRef90_C4GHD4	47.15	265	331
UniRef90_UPI0004A6F285	46.49	265	338
UniRef90_Q2BII6	48.47	265	327
UniRef90_UPI00047A1AF0	44.77	265	345
UniRef90_A0A0F5RB12	43.59	265	344
UniRef90_A8LY47	46.21	265	355
UniRef90_J9HCI6	45.45	265	375
UniRef90_A0A0M1JDD3	47.43	265	343
UniRef90_F8E9V3	45.02	265	337
UniRef90_Q8PJE4	49.62	265	331
UniRef90_UPI000489CF06	48.47	265	327
UniRef90_A5D0U1	46.55	265	342
UniRef90_A0A069D903	43.96	265	344
UniRef90_UPI00038207B7	44.20	265	344
UniRef90_UPI00047FCE86	45.09	265	339
UniRef90_E8JSG3	46.18	265	348
UniRef90_UPI0003FD2C93	46.95	265	327
UniRef90_F3LFE2	46.13	265	352
UniRef90_A0A0F2QC88	46.52	265	357
UniRef90_UPI0006B4D6E7	43.91	265	339
UniRef90_A0A0G4B962	47.47	265	244
UniRef90_A0A0F8YNL4	49.40	265	235
UniRef90_E8WVC4	46.18	265	370
UniRef90_UPI00038279B7	47.81	265	339
UniRef90_G4Q6B2	45.62	265	341
UniRef90_A0A0G0S5R5	45.42	265	255
UniRef90_UPI0006CE6828	47.10	265	347
UniRef90_A0A096BHU9	44.49	265	340
UniRef90_B9MRS9	43.75	265	340
UniRef90_UPI000413D84C	42.28	265	341
UniRef90_A0A0J1C598	47.53	265	329
UniRef90_Q8R9C6	46.13	265	339
UniRef90_A0A0M9DUD8	43.91	265	338
UniRef90_A0A0M2VQM1	44.32	265	344
UniRef90_Q21KD6	45.76	265	337
UniRef90_UPI000424252A	47.23	265	337
UniRef90_UPI0003768BBC	43.91	265	338
UniRef90_X1AHV8	45.76	265	346
UniRef90_A0A0G1M2L5	46.13	265	346
UniRef90_A0A0A6QZW2	45.22	265	339
UniRef90_A0A0D9AQ63	46.64	265	334
UniRef90_UPI0006CFCBFB	44.85	265	339
UniRef90_A0A0D5NEU0	45.05	265	344
UniRef90_A0A031MAM8	47.43	265	338
UniRef90_Q1N601	46.32	265	338
UniRef90_L0EDN6	44.69	265	344
UniRef90_F6DNY2	47.25	265	340
UniRef90_UPI00040CB644	47.15	265	327
UniRef90_UPI000368886D	45.26	265	344
UniRef90_G4T3A1	45.59	265	339
UniRef90_A0A0F2P824	45.02	265	337
UniRef90_A0A0J5JAQ4	47.53	265	328
UniRef90_UPI000378737F	45.99	265	369
UniRef90_E3H642	44.85	265	338
UniRef90_Q9PFD7	48.30	265	333
UniRef90_A0A094RG78	44.44	265	338
UniRef90_UPI0003FF6728	44.74	265	333
UniRef90_Q47CM8	46.91	265	348
UniRef90_UPI000476C596	48.11	265	328
UniRef90_UPI0002559EC2	49.62	265	327
UniRef90_A0A0G0R549	45.39	265	346
UniRef90_J9H5R2	43.68	265	338
UniRef90_B7RYC1	45.39	265	337
UniRef90_A0A0F4QIY7	45.28	265	331
UniRef90_W9UU31	48.28	265	327
UniRef90_UPI000405A2E3	47.83	265	348
UniRef90_A0A0F9IFI1	47.43	265	345
UniRef90_UPI00037EBD70	45.79	265	345
UniRef90_K2FRK7	43.54	265	343
UniRef90_UPI0003FA8CE3	47.33	265	331
UniRef90_G7UR80	48.11	265	331
UniRef90_UPI00028825DD	44.12	265	345
UniRef90_UPI00036326C5	45.42	265	345
UniRef90_UPI0005F85DCB	45.96	265	344
UniRef90_H8L6D3	48.86	265	331
UniRef90_A0A066UJW5	46.36	265	342
UniRef90_A0A095UEH8	46.95	265	327
UniRef90_A0A085FWE9	46.99	265	338
UniRef90_R6PQP5	46.49	265	341
UniRef90_C5BSQ6	47.91	265	329
UniRef90_A0A0C2R389	43.59	265	344
UniRef90_Q9I0A3	46.32	265	338
UniRef90_H5SED0	47.60	265	339
UniRef90_C7H153	43.07	265	340
UniRef90_E1SRF2	48.09	265	327
UniRef90_A0A0B0I604	43.22	265	344
UniRef90_A0YCU8	44.85	265	338
UniRef90_X2HAV3	46.97	265	329
UniRef90_UPI0003B7201D	47.13	265	328
UniRef90_UPI000405566D	46.95	265	337
UniRef90_Q7V0I7	46.36	265	335
UniRef90_UPI0003750070	44.16	265	344
UniRef90_I0L1D7	46.54	265	359
UniRef90_W0SGQ8	46.93	265	348
UniRef90_Q2SDJ6	46.42	265	331
UniRef90_N1Z1P0	45.39	265	339
UniRef90_C0E979	43.91	265	339
UniRef90_X0S4D3	46.86	265	339
UniRef90_UPI0004874B9F	47.74	265	334
UniRef90_F0S361	44.69	265	342
UniRef90_F0F0Y7	46.77	265	334
UniRef90_A0A094Q3F7	45.59	265	335
UniRef90_B9M520	46.49	265	338
UniRef90_UPI00061CEB75	45.25	265	328
UniRef90_F2NFL0	45.39	265	338
UniRef90_E3EFH5	44.36	265	337
UniRef90_A0A0A2BDP4	47.13	265	335
UniRef90_E6W567	45.62	265	377
UniRef90_C0DYS4	46.77	265	330
UniRef90_UPI000417F04E	47.06	265	338
UniRef90_A0A0F3H3A5	43.91	265	351
UniRef90_UPI000478821A	47.35	265	331
UniRef90_UPI0004716A36	43.96	265	339
UniRef90_UPI00063FCF93	43.48	265	344
UniRef90_N6X7X1	47.74	265	332
UniRef90_B1WVT1	47.13	265	340
UniRef90_UPI00041D673F	45.98	265	350
UniRef90_Q7TTU6	48.28	265	335
UniRef90_C6CWJ4	43.38	265	343
UniRef90_G5JWH2	45.49	265	348
UniRef90_UPI00042324C9	43.22	265	344
UniRef90_R5UWU8	45.02	265	339
UniRef90_R6WI12	44.49	265	338
UniRef90_UPI000402697A	47.92	265	337
UniRef90_B0K8B7	44.65	265	339
UniRef90_W0TLI6	46.13	265	312
UniRef90_UPI0003663FC3	43.59	265	344
UniRef90_A0A086CGK1	47.13	265	334
UniRef90_UPI0004043E32	47.71	265	327
UniRef90_I4CUJ2	45.90	265	334
UniRef90_E7RWE7	46.64	265	344
UniRef90_A0A0M4D9R1	43.91	265	338
UniRef90_UPI00037A0BAB	44.57	265	345
UniRef90_UPI000361150B	47.71	265	327
UniRef90_Q1YPK8	46.49	265	337
UniRef90_H8MFB8	46.15	265	349
UniRef90_A0A0G2ZPI1	45.42	265	349
UniRef90_R4YLK5	45.99	265	338
UniRef90_I0GK52	43.54	265	338
UniRef90_UPI0004B3282E	47.33	265	327
UniRef90_Q1D6E0	45.79	265	349
UniRef90_R7RT96	43.59	265	339
UniRef90_E4TJZ0	45.02	265	336
UniRef90_F8C4E3	47.43	265	337
UniRef90_X2H4N4	45.42	265	327
UniRef90_W7VE12	46.21	265	360
UniRef90_F3KHG1	44.85	265	338
UniRef90_G8QHY1	47.08	265	348
UniRef90_A0A0A0E221	43.54	265	335
UniRef90_A0A0F7BMS2	45.42	265	345
UniRef90_UPI00059082E0	43.91	265	339
UniRef90_A0A0A7RZ43	45.04	265	327
UniRef90_A0A0D3VBE9	43.59	265	344
UniRef90_A0A094PFJ1	42.91	265	338
UniRef90_A0A0B0HAT4	45.39	265	339
UniRef90_C8WZ74	44.20	265	350
UniRef90_A0A0F9K8E3	46.32	265	346
UniRef90_R5ACG5	43.91	265	339
UniRef90_D0U667	45.66	265	335
UniRef90_UPI000370CD23	46.77	265	328
UniRef90_UPI0006D5A7BA	44.77	265	346
UniRef90_UPI0005F7C07D	47.74	265	329
UniRef90_UPI0004008A3A	42.49	265	344
UniRef90_A0A0E3Y9A0	44.66	265	328
UniRef90_UPI0005A7D8D1	43.59	265	345
UniRef90_I1XIS6	47.43	265	345
UniRef90_R7FSY8	44.28	265	336
UniRef90_UPI0003B75B0D	43.80	265	344
UniRef90_UPI00048BA053	46.21	265	355
UniRef90_R7FB92	44.28	265	339
UniRef90_A0A0D6EUU5	45.45	265	327
UniRef90_E0I6H3	44.32	265	344
UniRef90_K2B326	45.79	265	345
UniRef90_A0A094RLG2	44.06	265	338
UniRef90_A0A0K1REL0	46.54	265	347
UniRef90_R6HCM1	44.89	265	341
UniRef90_UPI000428D03A	47.33	265	327
UniRef90_I4FGG9	48.28	265	334
UniRef90_UPI00037DA3A0	47.71	265	327
UniRef90_Q319M1	46.74	265	345
UniRef90_G9PHW5	46.42	265	362
UniRef90_F4LW88	45.02	265	338
UniRef90_D2S8R2	46.59	265	355
UniRef90_A0A0B5FQS2	44.65	265	338
UniRef90_F8AAU5	47.60	265	336
UniRef90_X4ZW87	45.29	265	344
UniRef90_G8P1L1	45.42	265	366
UniRef90_D5EJ34	44.15	265	346
UniRef90_B8GRI4	47.06	265	339
UniRef90_A0A023NNK7	48.11	265	331
UniRef90_S6GSW5	46.95	265	327
UniRef90_A0A086D6H7	47.64	265	339
UniRef90_UPI0004847863	45.62	265	341
UniRef90_A5WHW5	46.36	265	375
UniRef90_Q0AAL9	47.06	265	343
UniRef90_UPI0003B59620	45.39	265	339
UniRef90_UPI00034537D8	46.07	265	297
UniRef90_A0A062Y010	46.93	265	342
UniRef90_UPI000480F717	47.94	265	333
UniRef90_UPI00040AFF32	43.22	265	344
UniRef90_R7CS04	45.56	265	405
UniRef90_K8DXG0	46.52	265	340
UniRef90_A0A0C5J937	45.85	265	352
UniRef90_Q7TV42	48.28	265	335
UniRef90_A0A076H4Y1	47.89	265	335
UniRef90_UPI00051A5D99	44.36	265	333
UniRef90_A8FWI2	46.95	265	327
UniRef90_A8AWJ8	44.77	265	349
UniRef90_A8ZZ70	45.02	265	334
UniRef90_Q6D4H2	46.56	265	327
UniRef90_K9YBC7	47.51	265	335
UniRef90_A0A094PDU3	45.21	265	344
UniRef90_G8LZS0	43.54	265	339
UniRef90_UPI00049772BA	45.79	265	345
UniRef90_A0A0B6WXK0	45.76	265	361
UniRef90_E0DHQ0	45.45	265	338
UniRef90_UPI00047E5B5B	43.54	265	339
UniRef90_R6IKK8	44.89	265	341
UniRef90_A0A0A3J398	44.85	265	345
UniRef90_UPI0003754006	44.19	265	338
UniRef90_UPI0002D8C491	45.21	265	335
UniRef90_Q5F9U0	46.21	265	329
UniRef90_UPI0006CF9293	45.42	265	340
UniRef90_D4KEL4	44.32	265	341
UniRef90_A4XTS5	47.06	265	338
UniRef90_A0A0B1PU25	47.79	265	339
UniRef90_A0A0F9TV59	45.83	265	334
UniRef90_UPI0003B3F6A5	47.23	265	339
UniRef90_B1X3R5	46.74	265	334
UniRef90_A0A0B7IV79	46.44	265	342
UniRef90_D5CSM8	46.32	265	336
UniRef90_UPI00055988BC	45.42	265	353
UniRef90_U1X3N7	43.12	265	398
UniRef90_UPI0002E04034	45.21	265	335
UniRef90_A0A0D0QG32	46.21	265	336
UniRef90_UPI000429558B	44.28	265	335
UniRef90_A0A077JGC3	47.89	265	334
UniRef90_UPI000476D83C	42.45	265	344
UniRef90_UPI0003F513AE	44.28	265	335
UniRef90_A0A011PZ32	46.72	265	348
UniRef90_A0A077HQD4	46.54	265	352
UniRef90_UPI0003B4030E	44.57	265	345
UniRef90_UPI000470A63F	43.59	265	345
UniRef90_K0C0P2	45.22	265	339
UniRef90_UPI00042A1706	43.84	265	344
UniRef90_A0A0A3IEX0	43.01	265	345
UniRef90_UPI000412D1FB	44.15	265	358
UniRef90_A4G615	45.69	265	338
UniRef90_A0A0G1EVB0	44.53	265	342
UniRef90_UPI0003FF2D4C	43.91	265	338
UniRef90_A0A0G0UV73	45.11	265	277
UniRef90_UPI0004753AD2	46.36	265	332
UniRef90_UPI0004912E39	45.42	265	327
UniRef90_A0A0G0IQL6	47.71	265	244
UniRef90_UPI0004944DBD	46.21	265	355
UniRef90_K0EU24	46.21	265	353
UniRef90_A0A0G0F531	43.91	265	344
UniRef90_UPI0006B4C9F6	43.54	265	335
UniRef90_D3EQU2	45.59	265	334
UniRef90_A0A085HJY1	46.18	265	327
UniRef90_A0A0F9ZB00	45.79	265	345
UniRef90_UPI0005EBA55D	46.52	265	341
UniRef90_F3P676	44.70	265	361
UniRef90_I7Z9J6	48.69	265	333
UniRef90_R6MS00	44.28	265	339
UniRef90_B7K1Q7	47.51	265	334
UniRef90_G4L7X2	44.57	265	347
UniRef90_A0A094S5W9	44.53	265	335
UniRef90_A0A084ILW5	45.49	265	333
UniRef90_A0A0G0QWL9	45.02	265	340
UniRef90_UPI000524DA84	44.32	265	361
UniRef90_UPI00037D7B77	45.83	265	346
UniRef90_R5KSX4	43.91	265	339
UniRef90_C5WD62	43.13	265	327
UniRef90_A0A098F1X1	42.86	265	345
UniRef90_A9BBN3	47.13	265	335
UniRef90_K0YVD1	44.15	265	358
UniRef90_C4LFG9	46.95	265	327
UniRef90_A6GQC0	45.49	265	335
UniRef90_A4J4Z4	46.15	265	340
UniRef90_F3YW55	42.75	265	350
UniRef90_UPI00034D7BA3	44.40	265	348
UniRef90_K9Z449	47.13	265	331
UniRef90_D7WD04	45.08	265	362
UniRef90_A0A0J8GMU5	48.47	265	326
UniRef90_H0U445	44.89	265	344
UniRef90_UPI00036B4053	43.01	265	343
UniRef90_L7VMV5	43.91	265	339
UniRef90_H2FW09	45.80	265	327
UniRef90_F8FEM0	44.32	265	344
UniRef90_A0A075U290	45.45	265	349
UniRef90_M1LU79	44.36	265	346
UniRef90_W5Y186	45.08	265	340
UniRef90_A0A081FX84	47.71	265	327
UniRef90_K2ECP0	43.17	265	341
UniRef90_A0A094JN53	44.36	265	333
UniRef90_A0A0F7JX34	46.49	265	343
UniRef90_UPI000476D2DC	43.23	265	337
UniRef90_Q1MRV5	43.48	265	345
UniRef90_UPI00057B785C	47.33	265	326
UniRef90_C0N7J2	45.96	265	345
UniRef90_UPI0006614ACE	45.38	265	340
UniRef90_B0PF43	44.28	265	339
UniRef90_UPI000287EB58	47.43	265	339
UniRef90_A0A0D5A7G6	46.15	265	355
UniRef90_A0A0F2QUX4	43.22	265	323
UniRef90_R6E265	44.49	265	351
UniRef90_A1HPG1	45.26	265	341
UniRef90_G5JQK9	44.36	265	371
UniRef90_Q8NQN7	46.54	265	340
UniRef90_D2UDK3	48.11	265	331
UniRef90_D5V9Q9	44.66	265	343
UniRef90_X2JZ51	45.66	265	337
UniRef90_S6B2P5	46.52	265	339
UniRef90_A0A0D8IGE5	42.80	265	339
UniRef90_A5GUT5	47.51	265	335
UniRef90_Q04LU1	45.13	265	348
UniRef90_UPI0004762A80	47.53	265	327
UniRef90_A0A0F5K2C0	47.94	265	337
UniRef90_UPI000372B695	46.49	265	343
UniRef90_A0A0J9BK71	46.18	265	327
UniRef90_UPI0003695B60	45.39	265	343
UniRef90_K4KFC7	46.49	265	337
UniRef90_UPI000424252A	46.13	265	337
UniRef90_F3LFE2	46.13	265	352
UniRef90_UPI00037B71CB	47.60	265	345
UniRef90_Q1YPK8	45.39	265	337
UniRef90_UPI000361150B	47.33	265	327
UniRef90_B3PL12	47.97	265	337
UniRef90_UPI0005F814A3	45.39	265	337
UniRef90_UPI00059F4782	47.23	265	345
UniRef90_A4XTS5	45.96	265	338
UniRef90_UPI0002559EC2	49.62	265	327
UniRef90_A0A081FX84	46.95	265	327
UniRef90_Q2BII6	48.47	265	327
UniRef90_E8T2V8	45.79	265	343
UniRef90_W9UU31	48.09	265	327
UniRef90_UPI000428D03A	46.56	265	327
UniRef90_A0A0K1WJK8	45.22	265	338
UniRef90_UPI000489CF06	48.09	265	327
UniRef90_R7RT96	43.54	265	339
UniRef90_UPI000483DC8E	46.13	265	339
UniRef90_UPI000486C81A	47.73	265	330
UniRef90_UPI0003FD2C93	46.56	265	327
UniRef90_B7RYC1	45.02	265	337
UniRef90_UPI0005BAC6E3	46.49	265	337
UniRef90_UPI000417F04E	46.32	265	338
UniRef90_R4YLK5	44.85	265	338
UniRef90_Q9I0A3	45.59	265	338
UniRef90_UPI000382687D	45.39	265	337
UniRef90_A0A090BU17	44.49	265	339
UniRef90_UPI0003FFF93F	46.24	265	332
UniRef90_W8G0B6	48.51	265	334
UniRef90_UPI0003B3DC4C	45.02	265	338
UniRef90_Q5SGX2	100.00	265	350
UniRef90_Q21KD6	45.76	265	337
UniRef90_A0A031MAM8	47.06	265	338
UniRef90_D9RXS8	46.13	265	338
UniRef90_UPI0003820816	45.02	265	339
UniRef90_UPI00037DA3A0	47.71	265	327
UniRef90_C0E979	43.91	265	339
UniRef90_I4CUJ2	45.90	265	334
UniRef90_UPI0003B75B0D	43.59	265	344
UniRef90_A0A0H4P6E7	41.97	265	346
UniRef90_A0A0F2P824	45.02	265	337
UniRef90_UPI0003B787FF	45.22	265	338
UniRef90_F0S361	43.96	265	342
UniRef90_F3KHG1	44.12	265	338
UniRef90_UPI000368886D	45.05	265	344
UniRef90_A0A0F9WDY5	43.75	265	338
UniRef90_R6RV93	43.17	265	339
UniRef90_A4BHB3	44.12	265	338
UniRef90_I3CGC2	48.30	265	331
UniRef90_A0A0F7JX34	46.13	265	343
UniRef90_A0A098F1X1	42.55	265	345
UniRef90_G4Q6B2	44.16	265	341
UniRef90_A0A0F4QIY7	45.28	265	331
UniRef90_I3ECN1	41.97	265	345
UniRef90_A0A075KCG4	43.96	265	340
UniRef90_C5D627	43.12	265	344
UniRef90_A0A098FH17	40.88	265	347
UniRef90_A0A0A6RYX9	43.75	265	338
UniRef90_A0A0D9AQ63	46.27	265	334
UniRef90_W6M1B0	44.85	265	338
UniRef90_B9M520	45.76	265	338
UniRef90_UPI0006EBED7D	42.12	265	345
UniRef90_R6MS00	43.54	265	339
UniRef90_B0PF43	44.28	265	339
UniRef90_N2JMK1	45.52	265	334
UniRef90_UPI0005F85DCB	45.05	265	344
UniRef90_B8GRI4	47.06	265	339
UniRef90_A4J4Z4	45.42	265	340
UniRef90_A0A0F9VL39	47.39	265	334
UniRef90_A0A077J569	41.30	265	345
UniRef90_Q1N601	46.32	265	338
UniRef90_C5BSQ6	47.53	265	329
UniRef90_E5WJ09	41.97	265	345
UniRef90_D4KEL4	43.96	265	341
UniRef90_UPI00040A7513	40.73	265	344
UniRef90_UPI0006B5EBD3	45.39	265	337
UniRef90_A7VU42	43.54	265	339
UniRef90_UPI0004167D85	49.63	265	334
UniRef90_UPI0003FA9596	45.02	265	337
UniRef90_UPI0003B50F20	92.08	265	353
UniRef90_I7K5B0	40.96	265	339
UniRef90_A0A0J5JN72	42.03	265	344
UniRef90_G2TKP8	42.70	265	345
UniRef90_A4XKJ8	43.01	265	340
UniRef90_UPI00056B0FEF	45.02	265	337
UniRef90_Q4KEW0	45.59	265	338
UniRef90_S6GSW5	46.95	265	327
UniRef90_N6X7X1	46.24	265	332
UniRef90_UPI0005709D8C	48.47	265	331
UniRef90_F6DNY2	46.52	265	340
UniRef90_G2FCP8	44.28	265	342
UniRef90_A7C3J1	45.22	265	266
UniRef90_UPI000405566D	46.54	265	337
UniRef90_R6CQE1	43.54	265	339
UniRef90_N0AYS7	41.24	265	347
UniRef90_A0A0B5ASR4	41.82	265	347
UniRef90_W6M6L6	44.12	265	338
UniRef90_G3J0C8	45.96	265	339
UniRef90_B9MRS9	43.75	265	340
UniRef90_Q2SDJ6	45.66	265	331
UniRef90_UPI00036F0007	43.75	265	338
UniRef90_K4LET7	44.00	265	361
UniRef90_UPI0005D0FBF3	42.70	265	344
UniRef90_UPI00040F7267	41.82	265	345
UniRef90_H2FW09	45.80	265	327
UniRef90_A0A0M0L892	41.45	265	344
UniRef90_UPI0004DFBBE4	46.69	265	339
UniRef90_UPI0006C7A600	43.54	265	340
UniRef90_UPI000289BB03	40.73	265	344
UniRef90_A0YCU8	43.75	265	338
UniRef90_H1G1S9	45.96	265	339
UniRef90_B4ETL0	45.80	265	327
UniRef90_UPI0004043E32	47.33	265	327
UniRef90_UPI00036A0459	45.96	265	339
UniRef90_A0A0F2QC88	45.79	265	357
UniRef90_A0A0D8CTQ0	46.95	265	326
UniRef90_A1U2B9	48.12	265	332
UniRef90_A6VYH7	44.53	265	331
UniRef90_G9PHW5	45.45	265	362
UniRef90_D9SF45	47.53	265	339
UniRef90_UPI000539DB8E	42.49	265	346
UniRef90_K2JQC5	47.33	265	327
UniRef90_A0A0M2SX68	40.15	265	345
UniRef90_UPI00035DD87A	47.76	265	342
UniRef90_U5T6F3	45.59	265	339
UniRef90_UPI00036339B9	47.55	265	331
UniRef90_R9LX09	43.17	265	339
UniRef90_UPI0004A6F285	45.76	265	338
UniRef90_I8IY57	41.24	265	344
UniRef90_G9EH10	46.69	265	339
UniRef90_A1HPG1	44.53	265	341
UniRef90_B5EBY3	44.65	265	338
UniRef90_A0A0B1PU25	46.69	265	339
UniRef90_A0A0F5ID15	43.38	265	344
UniRef90_A0A0M4G9C4	41.61	265	344
UniRef90_UPI0003763983	46.32	265	339
UniRef90_G4T3A1	44.85	265	339
UniRef90_Q6D4H2	46.56	265	327
UniRef90_UPI0004E27D8A	42.86	265	340
UniRef90_UPI0003FF6D2E	42.12	265	344
UniRef90_UPI0005A996F2	42.12	265	345
UniRef90_F8AAU5	47.60	265	336
UniRef90_A0A0A8WQN7	43.17	265	340
UniRef90_H8GQ78	47.06	265	339
UniRef90_A0A0B0I604	42.91	265	344
UniRef90_A0A0A2T7B1	42.12	265	344
UniRef90_U1X3N7	41.67	265	398
UniRef90_UPI00057B785C	46.56	265	326
UniRef90_L0KD16	46.32	265	340
UniRef90_K7R1I1	90.60	265	351
UniRef90_Q47ZS4	45.42	265	331
UniRef90_C4LFG9	46.56	265	327
UniRef90_A5G4T3	43.54	265	338
UniRef90_UPI000570D899	42.80	265	339
UniRef90_UPI00058BEFDC	43.17	265	358
UniRef90_A5D0U1	46.55	265	342
UniRef90_Q0AAL9	46.69	265	343
UniRef90_D9TR45	42.07	265	339
UniRef90_A0A0C5VKJ6	43.75	265	338
UniRef90_K6E2L8	43.64	265	343
UniRef90_C7RCY1	45.22	265	348
UniRef90_C9KPQ2	41.76	265	342
UniRef90_UPI00028825DD	43.07	265	345
UniRef90_E8PQX8	90.15	265	353
UniRef90_UPI000468A104	42.03	265	344
UniRef90_UPI0003B40634	44.12	265	338
UniRef90_UPI0003B3F6A5	46.49	265	339
UniRef90_F4LW88	44.28	265	338
UniRef90_UPI000423E462	40.88	265	344
UniRef90_U1KKE4	46.56	265	326
UniRef90_UPI0004269EE7	42.34	265	342
UniRef90_A0A0J8G4Q6	40.81	265	340
UniRef90_Q1GZS1	48.85	265	327
UniRef90_UPI0006B4C9F6	43.17	265	335
UniRef90_R5GWV2	42.44	265	339
UniRef90_A0A0M2U3T2	43.96	265	340
UniRef90_W0TLI6	45.39	265	312
UniRef90_UPI000423FBB2	40.51	265	346
UniRef90_Q65GD2	40.51	265	344
UniRef90_UPI00035E4127	45.59	265	340
UniRef90_UPI00037E65BA	91.29	265	352
UniRef90_F0SWT1	43.59	265	340
UniRef90_UPI0004716A36	43.17	265	339
UniRef90_A9VJM4	39.27	265	344
UniRef90_UPI00059082E0	43.54	265	339
UniRef90_J0WP69	42.80	265	339
UniRef90_K0C0P2	44.49	265	339
UniRef90_F6B409	43.59	265	340
UniRef90_C6WX39	47.01	265	332
UniRef90_F5SVZ0	45.22	265	345
UniRef90_A1ARE1	43.17	265	338
UniRef90_W7YUQ7	46.15	265	344
UniRef90_A0A0A5G175	40.66	265	344
UniRef90_A0A0F9IFI1	46.69	265	345
UniRef90_UPI0003A3BFC2	40.96	265	337
UniRef90_A0A084GX71	41.45	265	344
UniRef90_R6BFY4	42.80	265	339
UniRef90_E1VIK1	44.49	265	338
UniRef90_C0N7J2	45.59	265	345
UniRef90_E6W567	44.69	265	377
UniRef90_A0A0C3NVV1	44.49	265	348
UniRef90_B7ABK4	89.43	265	352
UniRef90_B0K8B7	43.54	265	339
UniRef90_Q8ZDX0	46.18	265	327
UniRef90_A7FHG5	46.18	265	327
UniRef90_UPI0006B4D6E7	43.91	265	339
UniRef90_UPI0003F513AE	42.80	265	335
UniRef90_A0A084H7S9	42.18	265	344
UniRef90_UPI0003695B60	45.39	265	343
UniRef90_S6B2P5	46.15	265	339
UniRef90_A6CRS0	41.61	265	345
UniRef90_UPI00036326C5	44.69	265	345
UniRef90_Q60AZ0	47.43	265	341
UniRef90_A0A0E3WH08	45.65	265	344
UniRef90_A0A0F7M728	44.12	265	338
UniRef90_Q5KWE4	43.48	265	344
UniRef90_UPI0005F7C07D	46.01	265	329
UniRef90_A0A023DAE2	43.12	265	501
UniRef90_Y0KIK1	47.33	265	328
UniRef90_R6HCM1	43.43	265	341
UniRef90_UPI0003744C6A	40.66	265	345
UniRef90_Q2YZU5	43.17	265	335
UniRef90_A0A0D0QG32	45.83	265	336
UniRef90_V5C8B6	45.39	265	362
UniRef90_I2JNA3	43.38	265	338
UniRef90_R4V718	45.59	265	339
UniRef90_P17921	41.24	265	344
UniRef90_A0A0K0SUD5	48.09	265	333
UniRef90_E3DR66	46.86	265	341
UniRef90_UPI000650B6B8	44.85	265	339
UniRef90_UPI000288E392	42.49	265	344
UniRef90_A0A0J8GMU5	48.09	265	326
UniRef90_V2UZ47	45.98	265	326
UniRef90_A0A0B0HAT4	45.02	265	339
UniRef90_H3SHG8	41.67	265	344
UniRef90_A0A0M2PLZ2	42.75	265	344
UniRef90_G4E5W6	45.59	265	339
UniRef90_UPI000372D84B	42.86	265	341
UniRef90_UPI000480F717	47.57	265	333
UniRef90_A0A017RXY1	43.54	265	339
UniRef90_Q8EFA0	46.18	265	327
UniRef90_UPI0005702481	91.29	265	352
UniRef90_A0A094JH13	46.18	265	326
UniRef90_UPI0004680CDE	44.85	265	341
UniRef90_UPI00067EBBFD	41.82	265	347
UniRef90_A0A095UEH8	46.95	265	327
UniRef90_I1XIS6	47.06	265	345
UniRef90_U2TG08	41.76	265	342
UniRef90_UPI00042324C9	42.03	265	344
UniRef90_UPI000470A63F	43.43	265	345
UniRef90_Q1QWK3	44.85	265	339
UniRef90_A0A0M2VQM1	43.84	265	344
UniRef90_W8GGT9	46.18	265	327
UniRef90_Q2IJB2	47.18	265	369
UniRef90_UPI0003663FC3	42.39	265	344
UniRef90_W4ERD0	40.73	265	345
UniRef90_C1DDA2	46.77	265	327
UniRef90_UPI0006CFCBFB	44.12	265	339
UniRef90_A0A0A3IEX0	42.34	265	345
UniRef90_C6J6F8	45.65	265	344
UniRef90_A0A0J1GQE4	45.42	265	340
UniRef90_B0TEV9	43.22	265	340
UniRef90_A0A094NS89	46.52	265	339
UniRef90_L0DY04	46.72	265	342
UniRef90_UPI00042A1706	43.12	265	344
UniRef90_UPI000647AFDA	45.42	265	327
UniRef90_R8AQN4	46.56	265	328
UniRef90_R5WDS5	46.18	265	261
UniRef90_K8DXG0	45.79	265	340
UniRef90_F4A076	43.17	265	340
UniRef90_UPI00038207B7	44.20	265	344
UniRef90_A0A0F5AT60	47.71	265	327
UniRef90_UPI00063FCF93	42.75	265	344
UniRef90_D9QUN5	45.76	265	339
UniRef90_UPI0005A7D8D1	42.70	265	345
UniRef90_A8FWI2	46.56	265	327
UniRef90_A0A0J5V9R5	40.88	265	345
UniRef90_A0A0D3VBE9	43.12	265	344
UniRef90_R6PQP5	44.28	265	341
UniRef90_F3L289	43.75	265	338
UniRef90_UPI00038279B7	47.25	265	339
UniRef90_A0A023NNK7	46.59	265	331
UniRef90_A7HBJ0	48.03	265	359
UniRef90_A0Z7S3	45.05	265	360
UniRef90_UPI0005CA9075	43.84	265	344
UniRef90_D2RJL9	42.12	265	340
UniRef90_UPI0004053DB5	41.82	265	344
UniRef90_UPI00041AC5ED	44.49	265	338
UniRef90_G8LZS0	43.54	265	339
UniRef90_UPI0006A761BD	40.88	265	344
UniRef90_UPI000421E24F	43.22	265	340
UniRef90_F8FEM0	42.86	265	344
UniRef90_A0A0M1JDD3	46.69	265	343
UniRef90_A0A099L7B7	45.80	265	326
UniRef90_R6GR40	41.01	265	346
UniRef90_I0DZ93	46.18	265	327
UniRef90_UPI000381D350	44.57	265	344
UniRef90_D3EEQ3	44.57	265	344
UniRef90_A0A063Y6E9	48.09	265	327
UniRef90_UPI0003754006	43.45	265	338
UniRef90_E1SRF2	47.71	265	327
UniRef90_D3SG51	44.36	265	342
UniRef90_A0A0J9BK71	46.18	265	327
UniRef90_UPI0007003DB5	40.88	265	344
UniRef90_B5JRT9	43.96	265	340
UniRef90_A0A085HJY1	46.18	265	327
UniRef90_N1Z1P0	44.65	265	339
UniRef90_R6IKK8	43.80	265	341
UniRef90_C9LUD7	42.86	265	342
UniRef90_U5LEE3	43.07	265	345
UniRef90_A0A021WD80	45.45	265	336
UniRef90_B8KX92	45.22	265	339
UniRef90_A0A0A5HZP5	39.93	265	344
UniRef90_A0A069D903	43.64	265	344
UniRef90_X0S4D3	45.76	265	339
UniRef90_UPI000487A91F	47.43	265	339
UniRef90_E0NXU1	41.76	265	342
UniRef90_W8KPJ2	45.96	265	333
UniRef90_F5L8C0	43.12	265	348
UniRef90_J9HCI6	45.09	265	375
UniRef90_Q3SK30	45.05	265	344
UniRef90_U2DIR1	43.54	265	337
UniRef90_A0A0F7BMS2	43.91	265	345
UniRef90_A0A089M3S6	45.29	265	344
UniRef90_Q8R9C6	45.02	265	339
UniRef90_A0A0K9GWV3	40.00	265	346
UniRef90_A0A0A2WQE4	84.85	265	348
UniRef90_B3E1T9	43.91	265	338
UniRef90_A8FG17	40.15	265	344
UniRef90_UPI0004912E39	45.42	265	327
UniRef90_Q6ANC1	44.81	265	338
UniRef90_UPI0004847863	44.53	265	341
UniRef90_A0A0B4XQI5	45.22	265	339
UniRef90_A0KKP5	45.80	265	327
UniRef90_F8E9V3	44.28	265	337
UniRef90_UPI000495A220	41.88	265	346
UniRef90_Q8PJE4	48.86	265	331
UniRef90_E7RJX5	41.45	265	345
UniRef90_R7IM63	42.44	265	339
UniRef90_UPI00047B6941	47.60	265	341
UniRef90_UPI00041D673F	45.98	265	350
UniRef90_UPI00047A1AF0	44.40	265	345
UniRef90_UPI0006D0A94B	45.42	265	255
UniRef90_UPI00047CB29D	41.09	265	343
UniRef90_A3DBX6	41.33	265	339
UniRef90_H8MFB8	44.65	265	349
UniRef90_A0A0J1IKN8	40.15	265	346
UniRef90_K4L6C1	43.59	265	340
UniRef90_H8Z7T2	43.59	265	349
UniRef90_Q3A4N9	42.44	265	338
UniRef90_C6XAN7	48.09	265	328
UniRef90_S2YL21	42.39	265	356
UniRef90_A0A0B2K2U2	39.19	265	342
UniRef90_G7UR80	47.35	265	331
UniRef90_E6U0I2	42.03	265	344
UniRef90_Q3ABT4	43.22	265	340
UniRef90_X2H4N4	45.42	265	327
UniRef90_D5DTR9	41.30	265	344
UniRef90_F7NU53	45.04	265	326
UniRef90_A0A0C2VBF0	41.39	265	347
UniRef90_UPI000262C936	45.79	265	339
UniRef90_A0A0K8QQR6	46.59	265	331
UniRef90_UPI00055988BC	45.05	265	353
UniRef90_Q2LR28	43.54	265	338
UniRef90_W2EDF4	41.76	265	342
UniRef90_D2UDK3	47.35	265	331
UniRef90_A0A0C2VIF3	42.18	265	347
UniRef90_F6CQH9	43.59	265	340
UniRef90_UPI00035C75C0	42.49	265	345
UniRef90_UPI00061CEB75	44.87	265	328
UniRef90_B1HWA2	42.18	265	345
UniRef90_K6YS78	46.18	265	326
UniRef90_UPI000287EB58	46.32	265	339
UniRef90_A0A0E3Z2T7	46.97	265	336
UniRef90_K0TS17	41.67	265	352
UniRef90_A5WHW5	46.36	265	375
UniRef90_B9Z6X8	46.77	265	327
UniRef90_UPI00034D11FD	44.49	265	339
UniRef90_Q1JYJ9	43.91	265	338
UniRef90_A0A0H1AVN7	46.97	265	336
UniRef90_A0A0F6RBN6	44.85	265	338
UniRef90_A0A0E9M560	46.69	265	336
UniRef90_UPI000372B695	46.13	265	343
UniRef90_UPI000476D83C	42.03	265	344
UniRef90_UPI00041AF3E7	46.36	265	327
UniRef90_A0A0F3H3A5	43.91	265	351
UniRef90_UPI0003185256	41.45	265	346
UniRef90_UPI000402C708	43.22	265	340
UniRef90_A0A074PYA7	44.32	265	358
UniRef90_UPI0005555A7C	42.49	265	340
UniRef90_G3BMT0	45.59	265	337
UniRef90_A0A0G2ZPI1	43.91	265	349
UniRef90_A0A0N0XLY3	47.91	265	331
UniRef90_J1Y7Z0	45.42	265	326
UniRef90_U2D3B1	39.11	265	341
UniRef90_A0A0A0E221	43.17	265	335
UniRef90_A0A0E4GAK1	46.52	265	340
UniRef90_S7VDR8	42.80	265	335
UniRef90_B0U0C4	42.44	265	337
UniRef90_Q4L5E3	41.67	265	352
UniRef90_UPI000524AD00	44.32	265	333
UniRef90_W6N2N7	39.11	265	340
UniRef90_A0A0A7RZ43	45.04	265	327
UniRef90_A0A0B0SBZ3	88.68	265	351
UniRef90_G4QLB8	46.18	265	326
UniRef90_C3X7E8	44.36	265	338
UniRef90_Q15SX7	46.18	265	326
UniRef90_H5SED0	46.86	265	339
UniRef90_A6FHQ6	45.42	265	327
UniRef90_UPI00051BA240	42.86	265	341
UniRef90_I0GPD3	43.22	265	341
UniRef90_G8NCU7	92.05	265	353
UniRef90_UPI0003768BBC	43.91	265	338
UniRef90_Q6F872	45.59	265	330
UniRef90_A0A090KU62	41.03	265	367
UniRef90_M7ND40	42.91	265	345
UniRef90_E1YFE5	44.65	265	335
UniRef90_UPI0006D5A7BA	43.68	265	346
UniRef90_D1KCY2	44.69	265	346
UniRef90_A0A0F5VCM9	46.56	265	327
UniRef90_UPI00030CA1B5	40.36	265	344
UniRef90_M1ZIR3	43.27	265	344
UniRef90_F2NFL0	45.02	265	338
UniRef90_UPI0004008A3A	42.03	265	344
UniRef90_E9CKK8	45.80	265	327
UniRef90_D8GSA5	40.22	265	337
UniRef90_J7IPX0	42.49	265	343
UniRef90_F9ZFC9	42.12	265	339
UniRef90_D0IAN8	45.80	265	327
UniRef90_A0A0G3EQ37	45.66	265	337
UniRef90_UPI0003FE5CC2	44.85	265	339
UniRef90_A0A0J6CZJ7	41.24	265	344
UniRef90_A0A0K6H3T7	48.29	265	334
UniRef90_A8ZZ70	43.54	265	334
UniRef90_A0A087N2P6	42.12	265	345
UniRef90_UPI0003617728	43.07	265	347
UniRef90_F5SA84	42.75	265	344
UniRef90_L0H1M4	45.02	265	342
UniRef90_E6U2U6	43.91	265	340
UniRef90_Q4FQ65	45.21	265	351
UniRef90_A0A0F3K1J2	46.59	265	330
UniRef90_UPI00047F7855	41.67	265	349
UniRef90_A4AAY9	44.65	265	337
UniRef90_Q251I2	42.49	265	340
UniRef90_D5CSM8	46.32	265	336
UniRef90_F9UEF7	45.59	265	343
UniRef90_D7CNG9	45.05	265	340
UniRef90_Q3JBZ8	45.79	265	352
UniRef90_UPI000366AE37	46.69	265	339
UniRef90_B4RS43	43.89	265	326
UniRef90_UPI0004044988	42.18	265	343
UniRef90_Q3IIL1	45.80	265	301
UniRef90_D6XSV7	42.75	265	344
UniRef90_Q9PFD7	47.55	265	333
UniRef90_Q5QXL7	45.80	265	326
UniRef90_G0A2F3	45.96	265	339
UniRef90_UPI00048F85E3	46.56	265	331
UniRef90_UPI000556BDA9	45.49	265	344
UniRef90_C8W0F2	42.86	265	340
UniRef90_UPI000476C596	46.59	265	328
UniRef90_H0U445	42.55	265	344
UniRef90_A0A0A0F086	44.70	265	331
UniRef90_Q5HQ36	40.94	265	352
UniRef90_UPI0003FE2E25	45.45	265	331
UniRef90_M4UK68	45.42	265	326
UniRef90_I1E1M5	45.42	265	326
UniRef90_UPI0001851195	40.29	265	345
UniRef90_C8WQJ4	47.45	265	348
UniRef90_UPI00048740B9	46.82	265	333
UniRef90_A0A0A2UFW4	43.27	265	344
UniRef90_UPI0003735320	39.48	265	339
UniRef90_UPI00048025CE	46.56	265	331
UniRef90_R9PK61	46.95	265	326
UniRef90_UPI0006D406B9	43.54	265	339
UniRef90_I1YF39	44.85	265	345
UniRef90_UPI00036290FF	46.52	265	339
UniRef90_Q2RHN7	43.96	265	340
UniRef90_A0A0K9G9X0	41.39	265	345
UniRef90_A0A0A3J398	44.00	265	345
UniRef90_A0A095Z0W6	43.22	265	340
UniRef90_Q3Z9I8	50.55	265	346
UniRef90_UPI00047E5B5B	43.54	265	339
UniRef90_Q0VNG2	45.96	265	339
UniRef90_Q49WQ5	42.03	265	352
UniRef90_L7VMV5	43.54	265	339
UniRef90_K4Z7V4	41.30	265	344
UniRef90_UPI00054E77F4	38.01	265	339
UniRef90_I3Y983	44.65	265	343
UniRef90_A0A0C2H8G2	40.94	265	355
UniRef90_E1VCP7	45.22	265	339
UniRef90_UPI000491A6B9	45.08	265	359
UniRef90_UPI00036FEE56	46.18	265	326
UniRef90_A0A0F2QUX4	42.80	265	323
UniRef90_UPI0003FA8CE3	47.33	265	331
UniRef90_A0A0A6QZW2	45.22	265	339
UniRef90_A0A0F7HL26	41.03	265	355
UniRef90_UPI00040BEA4B	46.13	265	339
UniRef90_K2KFV8	46.56	265	326
