UniRef90_Q96D47	100.00	247	326
UniRef90_D3DXJ4	100.00	247	278
UniRef90_Q5R4N2	100.00	247	543
UniRef90_UPI00063FA375	100.00	247	622
UniRef90_G3RZY2	100.00	247	531
UniRef90_B7Z9U2	99.60	247	650
UniRef90_P46459	100.00	247	744
UniRef90_UPI00062A5610	98.79	247	670
UniRef90_G3RQ37	100.00	247	712
UniRef90_B4DGR3	99.60	247	702
UniRef90_UPI00029DA4C6	100.00	247	724
UniRef90_I3LTE8	98.79	247	751
UniRef90_UPI000520D3AE	97.98	247	355
UniRef90_G1MQ35	97.98	247	665
UniRef90_V8NZ67	94.74	247	632
UniRef90_W5LFI3	90.69	247	376
UniRef90_B5X134	87.45	247	751
UniRef90_H3D0Q7	87.85	247	546
UniRef90_L5LGE4	88.97	247	660
UniRef90_W5UKA7	89.47	247	742
UniRef90_Q7ZU50	88.66	247	744
UniRef90_UPI0003EC4144	83.40	247	721
UniRef90_G3NTG5	86.64	247	590
UniRef90_H2MXE1	87.04	247	754
UniRef90_V9KFV4	85.83	247	395
UniRef90_H2S3L4	83.00	247	740
UniRef90_A0A060W412	87.04	247	728
UniRef90_I3KPC7	81.93	247	750
UniRef90_E6ZI08	85.43	247	737
UniRef90_F7FM34	86.06	247	492
UniRef90_UPI00064455F3	86.23	247	747
UniRef90_UPI00064422AE	87.04	247	775
UniRef90_UPI0004571477	85.83	247	700
UniRef90_UPI0004955498	84.62	247	747
UniRef90_V9KCL0	85.83	247	748
UniRef90_M4AU39	84.62	247	746
UniRef90_UPI00055302ED	84.62	247	687
UniRef90_H2M996	84.21	247	746
UniRef90_UPI0006B3B513	84.62	247	744
UniRef90_A0A096M2R9	83.00	247	653
UniRef90_UPI0004966D2A	84.21	247	745
UniRef90_G3NI15	83.40	247	744
UniRef90_W5UAX9	80.57	247	747
UniRef90_A0A093JHN7	98.45	247	435
UniRef90_H2S3L7	84.35	247	795
UniRef90_UPI00066197CD	82.59	247	747
UniRef90_Q4U0S6	80.97	247	747
UniRef90_G1QDW8	89.88	247	534
UniRef90_UPI00052166EB	81.78	247	642
UniRef90_C3YZ18	73.28	247	780
UniRef90_UPI0003F0EA2F	70.04	247	741
UniRef90_R7UXI4	66.80	247	731
UniRef90_S9XP79	82.04	247	383
UniRef90_A0A0G1ZVE7	68.83	247	538
UniRef90_UPI0006AB444F	85.94	247	678
UniRef90_UPI000528E85F	100.00	247	242
UniRef90_S7QFG5	93.23	247	651
UniRef90_UPI0006744C51	59.11	247	403
UniRef90_K1P7K8	64.63	247	743
UniRef90_UPI0006960609	65.59	247	737
UniRef90_UPI00052318B8	96.32	247	171
UniRef90_O96393	65.99	247	746
UniRef90_A0A0B7A238	57.89	247	388
UniRef90_K7EQD6	100.00	247	180
UniRef90_V4B9V6	63.56	247	746
UniRef90_A0A067R0U0	56.68	247	294
UniRef90_A0A0B6ZZU9	57.89	247	745
UniRef90_F6WAD4	54.25	247	461
UniRef90_UPI0006B09493	60.32	247	742
UniRef90_A0A067QM29	57.09	247	565
UniRef90_UPI000626169B	58.70	247	743
UniRef90_A0A088A494	59.50	247	743
UniRef90_T1FR43	56.68	247	738
UniRef90_B0W7Q4	58.87	247	714
UniRef90_UPI0006D4F349	59.11	247	747
UniRef90_D6X0K4	57.89	247	740
UniRef90_T1HHZ4	57.49	247	714
UniRef90_T1IP97	59.92	247	745
UniRef90_UPI0001A46D37	57.89	247	744
UniRef90_E2C1M2	57.49	247	743
UniRef90_P46461	55.47	247	745
UniRef90_A0A0C9QG91	57.89	247	743
UniRef90_W4Z126	66.97	247	637
UniRef90_J9KAC5	58.30	247	748
UniRef90_N6UKE4	59.11	247	1497
UniRef90_A0A0K8TTK0	56.28	247	746
UniRef90_A0A0A9WYG7	57.49	247	752
UniRef90_U5EWA2	58.70	247	745
UniRef90_A0A0F8C283	92.47	247	154
UniRef90_A0A087TQ71	58.72	247	725
UniRef90_B4R0K6	58.30	247	669
UniRef90_P54351	58.30	247	752
UniRef90_H2YXP3	54.66	247	738
UniRef90_UPI0004CDCF98	57.09	247	741
UniRef90_A0A0A1XP20	57.49	247	745
UniRef90_A0A060VTZ1	92.57	247	284
UniRef90_G6D2X4	56.28	247	746
UniRef90_UPI0006CF1018	56.61	247	747
UniRef90_UPI0003594384	57.89	247	746
UniRef90_UPI0006EB25E1	55.87	247	701
UniRef90_E0VAZ4	52.44	247	738
UniRef90_UPI0006C9A40E	55.06	247	740
UniRef90_E9HAE2	58.37	247	736
UniRef90_A0A067RCN5	52.38	247	742
UniRef90_A7SJ74	56.68	247	743
UniRef90_UPI0004A37B9D	89.86	247	485
UniRef90_E0VAZ5	53.04	247	740
UniRef90_T1GCV4	55.06	247	725
UniRef90_W5JIS7	57.66	247	758
UniRef90_L7LZV6	53.85	247	748
UniRef90_UPI0005BE3EF5	48.36	247	306
UniRef90_UPI0005D07BC8	52.51	247	733
UniRef90_B7PUU3	51.82	247	436
UniRef90_UPI0002659B3F	50.61	247	743
UniRef90_A0A085NRA3	50.61	247	747
UniRef90_UPI0006413F1B	50.81	247	523
UniRef90_A0A077YUX6	50.61	247	724
UniRef90_O46136	52.63	247	600
UniRef90_J9EDS7	48.33	247	345
UniRef90_A0A0L8GCM1	51.65	247	774
UniRef90_S4PVP1	61.83	247	222
UniRef90_I4YCA8	53.33	247	747
UniRef90_T2MG86	50.81	247	768
UniRef90_E9HWA5	56.96	247	738
UniRef90_E9GBX7	64.02	247	306
UniRef90_A0A075AZS0	51.49	247	1191
UniRef90_A0A0L0HQU7	51.27	247	770
UniRef90_S2JJC2	52.85	247	753
UniRef90_A0A0B7MZW4	52.03	247	753
UniRef90_A0A0E9NGT7	51.06	247	1578
UniRef90_A0A015JAL1	50.40	247	794
UniRef90_A0A068RHX9	50.81	247	763
UniRef90_A9V2Z3	50.86	247	508
UniRef90_A0A0K0IYW6	47.92	247	750
UniRef90_I1CSR5	52.44	247	753
UniRef90_E9GBX5	61.62	247	486
UniRef90_A0A0N5D9S1	47.50	247	754
UniRef90_D5GJS7	50.42	247	766
UniRef90_A0A0A1NJE8	49.80	247	583
UniRef90_U5H128	50.97	247	872
UniRef90_F2TYA0	50.78	247	613
UniRef90_F4Q0E0	47.21	247	749
UniRef90_A1CKZ5	47.79	247	846
UniRef90_E5T123	48.57	247	249
UniRef90_W7I1L3	48.10	247	853
UniRef90_A0A0A1NKG5	49.80	247	753
UniRef90_F4Q0E1	47.21	247	747
UniRef90_UPI0003F49241	47.45	247	687
UniRef90_UPI000441637F	51.03	247	807
UniRef90_V5G320	48.94	247	838
UniRef90_S7ZYE3	45.97	247	868
UniRef90_A0A068S968	50.20	247	751
UniRef90_G1XLZ7	46.18	247	859
UniRef90_A0A0D2WNX2	49.61	247	777
UniRef90_E3MT78	42.97	247	799
UniRef90_Q4WYC1	46.59	247	770
UniRef90_S7ZI10	48.09	247	843
UniRef90_A8XVN9	43.50	247	754
UniRef90_G4VMW9	47.60	247	743
UniRef90_S7QHB1	48.58	247	792
UniRef90_A0A067M058	50.40	247	812
UniRef90_T1JVV7	44.22	247	751
UniRef90_M7WD04	48.66	247	819
UniRef90_L5LGY9	89.31	247	148
UniRef90_L8FPJ9	46.40	247	833
UniRef90_A0A094D2P5	46.40	247	907
UniRef90_K5WK39	50.00	247	798
UniRef90_UPI000644FA7C	45.89	247	677
UniRef90_Q75JI3	45.96	247	738
UniRef90_F4REE0	49.16	247	762
UniRef90_U1HZP8	47.66	247	843
UniRef90_A0A0F4YZW0	47.62	247	852
UniRef90_W6PYP4	47.23	247	806
UniRef90_Q2URR5	47.72	247	733
UniRef90_K7HAZ6	44.58	247	813
UniRef90_A0A0G2GLE9	47.66	247	836
UniRef90_A0A066W2B4	49.79	247	638
UniRef90_E3JQ45	48.74	247	765
UniRef90_F5HI43	46.48	247	844
UniRef90_UPI0004413350	48.64	247	794
UniRef90_D3BDZ2	45.53	247	730
UniRef90_A0A0D7BUL7	46.37	247	819
UniRef90_D8PQM9	47.72	247	742
UniRef90_U4LQI6	45.96	247	818
UniRef90_B8MY31	47.72	247	848
UniRef90_UPI00046227FB	45.53	247	793
UniRef90_B0CXG9	46.09	247	813
UniRef90_B8MAR9	48.09	247	814
UniRef90_C5PA65	44.40	247	829
UniRef90_A0A061RFG1	48.70	247	404
UniRef90_UPI000455DEB4	47.15	247	756
UniRef90_A0A0J8QHJ0	44.40	247	820
UniRef90_J4G1P9	46.75	247	805
UniRef90_A0A0C3NSX3	46.67	247	794
UniRef90_A0A0B7FR54	45.52	247	1408
UniRef90_A0A0H2SDY8	46.09	247	798
UniRef90_A0A0B2VYN1	47.41	247	780
UniRef90_R7T1H2	48.78	247	796
UniRef90_F4PBY8	51.05	247	752
UniRef90_F8PPQ2	46.31	247	816
UniRef90_A0A0D6EGU7	48.81	247	810
UniRef90_M7NQM6	54.03	247	780
UniRef90_A0A0N4V408	45.04	247	716
UniRef90_A0A074S8D9	46.80	247	835
UniRef90_M2RPS3	45.74	247	802
UniRef90_M5G8S0	48.76	247	828
UniRef90_G0P5F3	40.96	247	755
UniRef90_A0A074ZY96	46.00	247	867
UniRef90_D8T4T8	49.78	247	733
UniRef90_K5XXA4	45.95	247	826
UniRef90_V2YTY3	46.88	247	822
UniRef90_J6F599	49.41	247	850
UniRef90_I1GB82	47.37	247	755
UniRef90_A8I175	47.68	247	719
UniRef90_A0A067QPA8	45.14	247	819
UniRef90_A0A0C3CNF8	45.53	247	806
UniRef90_A0A0L6WKJ5	45.10	247	840
UniRef90_A0A0D2QDW2	45.31	247	819
UniRef90_A0A0N5DEF7	60.25	247	270
UniRef90_A0A091SWP9	98.02	247	559
UniRef90_F2RTX9	46.19	247	728
UniRef90_S9VQT6	45.34	247	793
UniRef90_A0A066VS36	47.24	247	842
UniRef90_A0A061H5N3	46.85	247	859
UniRef90_A0A061S476	48.70	247	719
UniRef90_A0A067NNN8	45.49	247	827
UniRef90_F0ZDC9	45.65	247	741
UniRef90_G7E019	49.38	247	867
UniRef90_K1XNK2	48.48	247	829
UniRef90_A0A077R073	49.40	247	914
UniRef90_Q94392	41.60	247	824
UniRef90_D4AUB9	46.19	247	781
UniRef90_A0A067TLF5	44.53	247	830
UniRef90_R4XCP5	45.34	247	724
UniRef90_A0A017SC88	46.38	247	797
UniRef90_UPI000440E9DA	42.75	247	816
UniRef90_Q9P7Q4	44.92	247	792
UniRef90_A0A0F7SI54	50.00	247	798
UniRef90_A0A0D7ANF8	47.08	247	794
UniRef90_W4KF07	44.24	247	823
UniRef90_A0A068XVN1	42.05	247	737
UniRef90_A0A0J0XKI2	44.31	247	861
UniRef90_UPI000498B13C	46.98	247	278
UniRef90_A8NYT8	44.83	247	854
UniRef90_A0A0A0LTF2	46.52	247	330
UniRef90_A8Q4K5	45.06	247	777
UniRef90_R7QLB1	39.07	247	750
UniRef90_A0A068XKM0	42.54	247	774
UniRef90_A0A0C3AYI0	45.78	247	774
UniRef90_Q0UYG8	46.35	247	1157
UniRef90_A0A0C2II78	48.84	247	694
UniRef90_B7G0L9	44.35	247	532
UniRef90_A0A059C892	48.70	247	743
UniRef90_UPI00044095E9	49.23	247	805
UniRef90_A0A0M3K1F9	44.90	247	778
UniRef90_G4TH72	44.40	247	820
UniRef90_E5ACS9	46.81	247	1184
UniRef90_A2QDV7	44.26	247	728
UniRef90_M2TBR7	45.96	247	818
UniRef90_R9PFU8	47.81	247	869
UniRef90_V4S346	47.39	247	744
UniRef90_A0A0C2XLA9	43.02	247	832
UniRef90_A0A090MXH8	42.62	247	749
UniRef90_M5E618	45.45	247	750
UniRef90_A0A0G4EVF9	43.48	247	742
UniRef90_C1FYM2	44.49	247	856
UniRef90_UPI00019A2FE5	44.49	247	834
UniRef90_UPI00053C5D78	46.32	247	743
UniRef90_M1CWU6	46.75	247	743
UniRef90_A0A081CEA4	48.21	247	871
UniRef90_C1DZV3	47.37	247	698
UniRef90_A0A0G4IS92	46.61	247	747
UniRef90_M1CWU5	46.75	247	790
UniRef90_A0A060T7S1	45.49	247	797
UniRef90_E0CSK6	46.52	247	739
UniRef90_E5SNJ2	43.82	247	729
UniRef90_E6ZTY8	48.21	247	874
UniRef90_A0A022QIM9	47.39	247	698
UniRef90_A0A0B1P4J4	45.45	247	799
UniRef90_M0TU68	47.83	247	747
UniRef90_A0A0B0PRK5	47.39	247	776
UniRef90_UPI00052F1AE7	48.02	247	744
UniRef90_A0A061RL63	56.21	247	357
UniRef90_R1GEX0	43.65	247	784
UniRef90_A0A0M8MJB4	43.87	247	820
UniRef90_G8YNG2	42.98	247	771
UniRef90_A0A0D0B858	44.22	247	816
UniRef90_B9H2U6	45.65	247	740
UniRef90_A0A0A7LUH8	45.65	247	747
UniRef90_A0A016WEJ0	44.03	247	935
UniRef90_A0A061GFB1	46.09	247	719
UniRef90_U5DIU0	46.52	247	725
UniRef90_N1J659	44.92	247	828
UniRef90_UPI0002B42A5E	46.52	247	743
UniRef90_U6PMR9	42.91	247	752
UniRef90_I2G5P5	47.01	247	883
UniRef90_A0A0F8UFB8	41.77	247	841
UniRef90_C1MJ06	47.16	247	736
UniRef90_A0A068UCA9	45.65	247	729
UniRef90_B6JVC3	44.92	247	792
UniRef90_C5WS54	46.52	247	743
UniRef90_W2S0E8	45.53	247	806
UniRef90_A0A0C3DNV9	47.41	247	834
UniRef90_A0A059C859	48.91	247	402
UniRef90_W9S6Y9	46.09	247	732
UniRef90_K8YYF3	43.72	247	731
UniRef90_A0A0C3DS48	46.34	247	819
UniRef90_A0A0M0J3G6	45.61	247	724
UniRef90_I1HHI6	45.22	247	739
UniRef90_Q5B8N2	42.29	247	775
UniRef90_A0A0B0MMU4	46.09	247	632
UniRef90_K8ELI8	52.97	247	770
UniRef90_A0A0B2PQN3	45.85	247	747
UniRef90_G2YPI3	45.45	247	825
UniRef90_A0A078G4C1	45.45	247	714
UniRef90_A0A0N0NHK5	42.55	247	799
UniRef90_B2VVD6	44.68	247	824
UniRef90_A0A0D6QXW2	46.75	247	762
UniRef90_A0A0L0SZN4	45.93	247	852
UniRef90_E4XH51	40.73	247	738
UniRef90_A0A0D0E8D3	45.42	247	816
UniRef90_W2T1B0	47.39	247	403
UniRef90_W6MFK9	44.83	247	750
UniRef90_A0A0L9TKH7	45.65	247	708
UniRef90_S3DBJ1	44.16	247	828
UniRef90_UPI0004E553F1	44.83	247	747
UniRef90_B5RUP7	43.86	247	779
UniRef90_H2ARM5	44.02	247	760
UniRef90_G8BNI7	45.22	247	760
UniRef90_A0A0L0SQB0	45.53	247	719
UniRef90_UPI0005816328	45.22	247	732
UniRef90_S8E611	46.75	247	807
UniRef90_D8TUC6	53.19	247	673
UniRef90_UPI0005C9EA10	44.78	247	743
UniRef90_M5WRJ7	46.09	247	744
UniRef90_A7F2S7	44.16	247	827
UniRef90_A0A078APH7	45.19	247	767
UniRef90_I0Z391	43.28	247	719
UniRef90_G7ZZ79	44.35	247	444
UniRef90_A0A0N5AC77	40.94	247	647
UniRef90_Q6FK22	43.59	247	758
UniRef90_A0A061D1I5	40.59	247	757
UniRef90_Q9M0Y8	44.59	247	742
UniRef90_G0VJX6	44.02	247	758
UniRef90_A0A0J7KUE2	47.37	247	676
UniRef90_Q6CT89	43.48	247	764
UniRef90_H0EDQ2	44.16	247	1306
UniRef90_A0A0C3KSD2	43.48	247	806
UniRef90_B9PVD8	43.16	247	751
UniRef90_Q756T4	44.08	247	762
UniRef90_A0A0D8Y8S4	42.08	247	800
UniRef90_A7TM17	42.86	247	763
UniRef90_K3XEU3	44.35	247	760
UniRef90_A0A0D3G9U8	44.78	247	725
UniRef90_Q65X08	44.78	247	743
UniRef90_A0A0C4EPD1	44.12	247	715
UniRef90_A0A059C894	48.91	247	763
UniRef90_A7AUQ9	40.00	247	750
UniRef90_D2VHW8	44.40	247	768
UniRef90_B9RZA0	51.93	247	701
UniRef90_A0A0D2CU89	42.92	247	827
UniRef90_C4JYJ2	53.45	247	729
UniRef90_A0A0D2VAR9	45.22	247	721
UniRef90_A4RU31	49.57	247	737
UniRef90_A0A072UYZ3	44.35	247	752
UniRef90_I2H7B4	44.02	247	762
UniRef90_A0A0K0CT55	49.01	247	748
UniRef90_L0AVJ6	43.40	247	765
UniRef90_A0A0J8B9N7	43.78	247	734
UniRef90_Q4N5X0	42.13	247	628
UniRef90_A5DHM7	41.81	247	778
UniRef90_A0A0J9XC05	42.42	247	777
UniRef90_Q677Q6	42.04	247	690
UniRef90_J7S2Y6	44.87	247	758
UniRef90_A0A0B1TJS1	49.74	247	748
UniRef90_J9EHV6	48.68	247	773
UniRef90_Q4UDM4	41.70	247	711
UniRef90_E1Z628	54.55	247	722
UniRef90_Q7QKT0	57.32	247	175
UniRef90_C5DIP8	43.91	247	763
UniRef90_A0A023B2G5	43.30	247	654
UniRef90_UPI000580EE12	40.08	247	296
UniRef90_Q5AKY3	40.17	247	444
UniRef90_W9VYX1	41.77	247	839
UniRef90_A0A0C7NBN7	42.04	247	763
UniRef90_H8X538	41.92	247	793
UniRef90_M2XV14	45.76	247	754
UniRef90_A3GI18	43.67	247	794
UniRef90_W9VK86	41.37	247	835
UniRef90_UPI0005FA5192	41.53	247	289
UniRef90_A0A074XYZ8	40.64	247	742
UniRef90_M1VAI9	42.62	247	737
UniRef90_G8ZTG1	44.26	247	759
UniRef90_M3AVH5	43.43	247	797
UniRef90_L8HAQ4	39.00	247	602
UniRef90_Q6FV54	43.48	247	735
UniRef90_T1RU75	43.48	247	842
UniRef90_A0A0G4F7R5	45.99	247	738
UniRef90_Q0CQ92	41.37	247	809
UniRef90_A0A096P7Q7	49.14	247	755
UniRef90_E9GBR7	45.58	247	691
UniRef90_I7J5S1	41.03	247	677
UniRef90_A5E1C0	41.48	247	798
UniRef90_A0A0L8VVR3	43.72	247	724
UniRef90_A0A0N4UAL9	45.50	247	664
UniRef90_A0A0K9PFG5	49.18	247	739
UniRef90_P18759	43.72	247	758
UniRef90_H6BSW3	40.77	247	841
UniRef90_G3ANM8	40.61	247	797
UniRef90_I2H915	40.23	247	868
UniRef90_R7YUH7	43.37	247	815
UniRef90_P34732	40.17	247	794
UniRef90_W0VKF5	43.48	247	761
UniRef90_J4C362	41.63	247	766
UniRef90_F2QWP7	42.17	247	758
UniRef90_F9XEI9	41.43	247	741
UniRef90_W1QDK3	41.03	247	749
UniRef90_A0A0D1Z0D0	40.34	247	831
UniRef90_A0A0L0D947	38.43	247	755
UniRef90_D8TCZ5	45.02	247	729
UniRef90_M2LML9	40.55	247	812
UniRef90_C4Y610	43.67	247	804
UniRef90_A0A099NXH5	43.27	247	760
UniRef90_UPI0005C9A4E3	43.16	247	728
UniRef90_B2B217	42.32	247	709
UniRef90_G8JWN4	43.29	247	764
UniRef90_A0A060VU89	75.68	247	154
UniRef90_K0KXL6	45.30	247	781
UniRef90_A0A0E0L4Q8	42.98	247	739
UniRef90_A0A059C8S5	43.98	247	266
UniRef90_Q6C470	43.91	247	809
UniRef90_G2RH21	39.57	247	867
UniRef90_Q1K5G2	39.32	247	853
UniRef90_I2JSQ3	40.51	247	752
UniRef90_L1JZE9	41.81	247	743
UniRef90_A0A0D1XL42	39.20	247	822
UniRef90_A0A074WNQ9	40.80	247	785
UniRef90_F0X7J8	40.00	247	836
UniRef90_A0A0D1WZA5	40.34	247	836
UniRef90_A0A059C9H5	46.45	247	240
UniRef90_D8M8U3	40.00	247	697
UniRef90_M3D453	39.68	247	743
UniRef90_U6GJF5	42.37	247	706
UniRef90_A0A0C9VC88	42.13	247	536
UniRef90_A0A0F8BFH7	78.00	247	115
UniRef90_A0A087GFV2	43.35	247	464
UniRef90_N1PM18	41.57	247	785
UniRef90_D7ME89	42.92	247	732
UniRef90_A0A022QEJ3	44.39	247	435
UniRef90_A0A0C4EBF4	39.47	247	838
UniRef90_UPI00064D8AB4	44.17	247	304
UniRef90_B3RRZ0	46.45	247	693
UniRef90_A0A0F8CTH0	83.00	247	560
UniRef90_U7PLS7	38.75	247	844
UniRef90_A0A072NZD5	39.48	247	847
UniRef90_A0C095	38.40	247	748
UniRef90_A0A0L0P009	41.05	247	782
UniRef90_K3WB36	40.26	247	767
UniRef90_A9TVK3	47.64	247	742
UniRef90_U1NA34	50.30	247	189
UniRef90_F1LCY5	36.12	247	289
UniRef90_J3PBG5	39.20	247	853
UniRef90_Q5CTH4	44.02	247	747
UniRef90_D7MJD7	41.20	247	733
UniRef90_B4PQJ9	44.67	247	338
UniRef90_UPI00053A6FA8	41.20	247	1241
UniRef90_UPI00053A6FA8	39.00	247	1241
UniRef90_G3B447	36.84	247	767
UniRef90_UPI0006D7475A	90.91	247	133
UniRef90_M4EXK1	42.67	247	655
UniRef90_Q8WPW8	38.13	247	751
UniRef90_UPI0006AB0415	46.49	247	243
UniRef90_B6AK16	45.56	247	743
UniRef90_Q4D5R2	39.42	247	726
UniRef90_L7JN22	38.70	247	835
UniRef90_R8BWA5	37.65	247	834
UniRef90_F0VAE7	43.65	247	730
UniRef90_H3H0Z5	39.15	247	1095
UniRef90_G0RYH0	42.71	247	900
UniRef90_A0A0D2J3D5	38.63	247	827
UniRef90_D7MEP8	41.20	247	703
UniRef90_A0A0G2FRB8	37.35	247	806
UniRef90_F2DRG7	35.74	247	801
UniRef90_A0A0G4LRL7	38.89	247	340
UniRef90_UPI0004F47DE5	38.10	247	726
UniRef90_D0NB08	38.72	247	765
UniRef90_A0A0K1L651	46.15	247	654
UniRef90_A0A0N0P640	41.76	247	741
UniRef90_Q8ING5	41.33	247	341
UniRef90_A0A061B0B5	40.00	247	758
UniRef90_Q4QCW5	40.66	247	738
UniRef90_M8AHW7	40.43	247	709
UniRef90_A0A0M0U1L0	40.17	247	855
UniRef90_B8BY63	41.99	247	735
UniRef90_D8LTY3	39.84	247	749
UniRef90_A0A0L0FIV7	58.68	247	445
UniRef90_K6UDB3	39.83	247	744
UniRef90_A0A0C2GBU7	53.50	247	509
UniRef90_A0A0L1I463	41.24	247	668
UniRef90_F0VZR2	37.66	247	769
UniRef90_W3WZV7	36.24	247	819
UniRef90_D3DXJ4	100.00	247	278
UniRef90_Q96D47	100.00	247	326
UniRef90_UPI00029DA4C6	100.00	247	724
UniRef90_G3RZY2	100.00	247	531
UniRef90_Q5R4N2	100.00	247	543
UniRef90_UPI00063FA375	100.00	247	622
UniRef90_G3RQ37	100.00	247	712
UniRef90_P46459	100.00	247	744
UniRef90_B4DGR3	99.60	247	702
UniRef90_B7Z9U2	99.60	247	650
UniRef90_UPI00062A5610	98.79	247	670
UniRef90_I3LTE8	98.79	247	751
UniRef90_UPI000520D3AE	97.98	247	355
UniRef90_UPI0003EC4144	83.40	247	721
UniRef90_I3KPC7	81.93	247	750
UniRef90_W5LFI3	90.69	247	376
UniRef90_B5X134	87.45	247	751
UniRef90_G1MQ35	97.98	247	665
UniRef90_V8NZ67	94.74	247	632
UniRef90_H3D0Q7	87.85	247	546
UniRef90_H2S3L4	83.00	247	740
UniRef90_W5UKA7	89.47	247	742
UniRef90_W5UAX9	80.57	247	747
UniRef90_G3NTG5	86.64	247	590
UniRef90_UPI0004955498	84.62	247	747
UniRef90_M4AU39	84.62	247	746
UniRef90_C3YZ18	73.28	247	780
UniRef90_H2MXE1	87.04	247	754
UniRef90_A0A060W412	87.04	247	728
UniRef90_H2M996	84.21	247	746
UniRef90_UPI0006B3B513	84.62	247	744
UniRef90_E6ZI08	85.43	247	737
UniRef90_Q7ZU50	88.66	247	744
UniRef90_V9KFV4	85.83	247	395
UniRef90_R7UXI4	66.80	247	731
UniRef90_UPI0004966D2A	84.21	247	745
UniRef90_A0A096M2R9	83.00	247	653
UniRef90_UPI00064455F3	86.23	247	747
UniRef90_UPI00055302ED	84.62	247	687
UniRef90_UPI00064422AE	87.04	247	775
UniRef90_G3NI15	83.40	247	744
UniRef90_UPI00066197CD	82.59	247	747
UniRef90_UPI0004571477	85.83	247	700
UniRef90_A0A067R0U0	56.68	247	294
UniRef90_UPI0003F0EA2F	70.04	247	741
UniRef90_V9KCL0	85.83	247	748
UniRef90_A0A067QM29	57.09	247	565
UniRef90_L5LGE4	88.60	247	660
UniRef90_UPI000626169B	58.70	247	743
UniRef90_Q4U0S6	80.97	247	747
UniRef90_P46461	55.47	247	745
UniRef90_T1HHZ4	57.49	247	714
UniRef90_H2S3L7	84.72	247	795
UniRef90_E2C1M2	57.49	247	743
UniRef90_A0A068RHX9	50.00	247	763
UniRef90_A0A0C9QG91	57.89	247	743
UniRef90_UPI0001A46D37	57.89	247	744
UniRef90_UPI0006744C51	59.11	247	403
UniRef90_UPI0006D4F349	59.11	247	747
UniRef90_J9KAC5	58.30	247	748
UniRef90_U1HZP8	44.58	247	843
UniRef90_K1P7K8	64.63	247	743
UniRef90_N6UKE4	59.11	247	1497
UniRef90_B4R0K6	58.30	247	669
UniRef90_UPI0006EB25E1	55.87	247	701
UniRef90_A1CKZ5	47.79	247	846
UniRef90_A0A088A494	58.94	247	743
UniRef90_A0A0E9NGT7	49.60	247	1578
UniRef90_UPI0006B09493	60.32	247	742
UniRef90_O96393	65.99	247	746
UniRef90_A0A0A9WYG7	57.49	247	752
UniRef90_B0W7Q4	58.87	247	714
UniRef90_UPI0004CDCF98	57.09	247	741
UniRef90_S2JJC2	52.21	247	753
UniRef90_V5G320	46.99	247	838
UniRef90_A0A0A1XP20	57.49	247	745
UniRef90_A0A0K8TTK0	56.28	247	746
UniRef90_P54351	58.30	247	752
UniRef90_D6X0K4	57.89	247	740
UniRef90_D5GJS7	48.40	247	766
UniRef90_G6D2X4	56.28	247	746
UniRef90_UPI0006CF1018	56.15	247	747
UniRef90_U5EWA2	58.70	247	745
UniRef90_T1FR43	56.68	247	738
UniRef90_A0A015JAL1	50.20	247	794
UniRef90_A0A0F4YZW0	46.99	247	852
UniRef90_T1IP97	59.92	247	745
UniRef90_U4LQI6	45.12	247	818
UniRef90_A0A0B7MZW4	51.00	247	753
UniRef90_UPI0006960609	65.59	247	737
UniRef90_UPI000441637F	48.03	247	807
UniRef90_A0A067RCN5	52.38	247	742
UniRef90_F6WAD4	54.25	247	461
UniRef90_W7I1L3	46.18	247	853
UniRef90_G1XLZ7	46.37	247	859
UniRef90_A0A0A1NKG5	49.40	247	753
UniRef90_S7QHB1	47.08	247	792
UniRef90_A0A0A1NJE8	49.40	247	583
UniRef90_I4YCA8	51.59	247	747
UniRef90_F7FM34	86.06	247	492
UniRef90_Q4WYC1	46.59	247	770
UniRef90_L8FPJ9	46.00	247	833
UniRef90_A0A067M058	49.60	247	812
UniRef90_I1CSR5	51.41	247	753
UniRef90_C1FYM2	42.80	247	856
UniRef90_S7ZI10	46.18	247	843
UniRef90_A0A085NRA3	50.61	247	747
UniRef90_W6PYP4	45.38	247	806
UniRef90_A0A094D2P5	46.00	247	907
UniRef90_B8MY31	45.49	247	848
UniRef90_E0VAZ4	52.44	247	738
UniRef90_A0A0D2QDW2	44.57	247	819
UniRef90_V4B9V6	63.56	247	746
UniRef90_UPI00019A2FE5	42.80	247	834
UniRef90_A0A017SC88	44.76	247	797
UniRef90_A0A068S968	47.98	247	751
UniRef90_A0A067QPA8	45.53	247	819
UniRef90_A0A0J8QHJ0	44.40	247	820
UniRef90_M2RPS3	45.35	247	802
UniRef90_A0A0B7A238	57.89	247	388
UniRef90_S7ZYE3	44.98	247	868
UniRef90_UPI0006C9A40E	55.06	247	740
UniRef90_A0A067TLF5	43.80	247	830
UniRef90_J9EDS7	47.20	247	345
UniRef90_F5HI43	45.70	247	844
UniRef90_A0A077YUX6	50.61	247	724
UniRef90_F2RTX9	44.00	247	728
UniRef90_Q2URR5	45.49	247	733
UniRef90_A0A0G2GLE9	47.46	247	836
UniRef90_H2YXP3	54.66	247	738
UniRef90_UPI00046227FB	45.53	247	793
UniRef90_A0A0D7BUL7	44.57	247	819
UniRef90_C5PA65	44.40	247	829
UniRef90_A0A0F7SI54	46.83	247	798
UniRef90_J4G1P9	44.62	247	805
UniRef90_A0A0A0LTF2	44.96	247	330
UniRef90_U5H128	50.97	247	872
UniRef90_W2S0E8	43.37	247	806
UniRef90_UPI0004413350	48.25	247	794
UniRef90_R7T1H2	46.09	247	796
UniRef90_A0A0L0HQU7	48.81	247	770
UniRef90_E0VAZ5	53.04	247	740
UniRef90_L7LZV6	53.85	247	748
UniRef90_F8PPQ2	44.57	247	816
UniRef90_T1GCV4	55.06	247	725
UniRef90_A8Q4K5	44.66	247	777
UniRef90_Q0UYG8	44.13	247	1157
UniRef90_A0A0C3NSX3	44.88	247	794
UniRef90_E9HAE2	57.72	247	736
UniRef90_B0CXG9	45.53	247	813
UniRef90_E3JQ45	47.22	247	765
UniRef90_UPI000498B13C	46.98	247	278
UniRef90_V2YTY3	46.69	247	822
UniRef90_W4KF07	43.49	247	823
UniRef90_A8NYT8	44.88	247	854
UniRef90_M5G8S0	46.46	247	828
UniRef90_K5XXA4	46.12	247	826
UniRef90_A0A087TQ71	58.72	247	725
UniRef90_B8MAR9	45.78	247	814
UniRef90_D4AUB9	44.00	247	781
UniRef90_A0A0B6ZZU9	57.89	247	745
UniRef90_Q756T4	44.08	247	762
UniRef90_UPI0003F49241	47.84	247	687
UniRef90_A0A074S8D9	47.01	247	835
UniRef90_E5ACS9	44.18	247	1184
UniRef90_UPI0005BE3EF5	48.36	247	306
UniRef90_D8PQM9	45.88	247	742
UniRef90_H2ARM5	42.45	247	760
UniRef90_A0A059C892	47.06	247	743
UniRef90_A0A0M8MJB4	43.48	247	820
UniRef90_A0A0J0XKI2	44.31	247	861
UniRef90_A0A093JHN7	98.96	247	435
UniRef90_A0A061H5N3	45.82	247	859
UniRef90_A0A0B7FR54	46.61	247	1408
UniRef90_V4S346	45.80	247	744
UniRef90_A0A0K0IYW6	46.80	247	750
UniRef90_A0A0N0NHK5	40.56	247	799
UniRef90_M5E618	44.66	247	750
UniRef90_A0A0N5D9S1	46.40	247	754
UniRef90_B2VVD6	42.57	247	824
UniRef90_A0A0C3CNF8	45.53	247	806
UniRef90_K5WK39	48.03	247	798
UniRef90_F4REE0	46.83	247	762
UniRef90_A0A067NNN8	45.88	247	827
UniRef90_R1GEX0	44.00	247	784
UniRef90_UPI00053C5D78	45.92	247	743
UniRef90_A8XVN9	42.40	247	754
UniRef90_A0A0C2XLA9	42.64	247	832
UniRef90_A0A0L6WKJ5	44.31	247	840
UniRef90_UPI000455DEB4	46.54	247	756
UniRef90_M1CWU6	46.35	247	743
UniRef90_Q6CT89	41.87	247	764
UniRef90_UPI0002659B3F	50.41	247	743
UniRef90_P18759	41.13	247	758
UniRef90_Q6FV54	41.87	247	735
UniRef90_A0A0L8VVR3	41.13	247	724
UniRef90_A0A0B0PRK5	45.61	247	776
UniRef90_A0A066VS36	46.25	247	842
UniRef90_A0A0D7ANF8	44.88	247	794
UniRef90_G8ZTG1	42.04	247	759
UniRef90_B9H2U6	44.12	247	740
UniRef90_A0A066W2B4	47.01	247	638
UniRef90_G0VJX6	42.86	247	758
UniRef90_Q9M0Y8	44.21	247	742
UniRef90_A0A078G4C1	45.06	247	714
UniRef90_E3MT78	42.00	247	799
UniRef90_A0A0B0MMU4	44.54	247	632
UniRef90_M1CWU5	46.35	247	790
UniRef90_W5JIS7	57.66	247	758
UniRef90_A0A061GFB1	44.54	247	719
UniRef90_J7S2Y6	43.27	247	758
UniRef90_Q6FK22	41.94	247	758
UniRef90_UPI0002B42A5E	44.96	247	743
UniRef90_K1XNK2	45.78	247	829
UniRef90_Q9P7Q4	43.20	247	792
UniRef90_G8BNI7	43.67	247	760
UniRef90_A0A0J8B9N7	42.68	247	734
UniRef90_M2TBR7	43.78	247	818
UniRef90_C5DIP8	42.04	247	763
UniRef90_A7TM17	42.86	247	763
UniRef90_S9VQT6	44.00	247	793
UniRef90_E0CSK6	44.96	247	739
UniRef90_W0VKF5	41.80	247	761
UniRef90_M7WD04	48.66	247	819
UniRef90_B7PUU3	51.82	247	436
UniRef90_A0A0H2SDY8	46.09	247	798
UniRef90_W9S6Y9	44.54	247	732
UniRef90_A0A075AZS0	51.71	247	1191
UniRef90_E5T123	48.57	247	249
UniRef90_G2YPI3	42.06	247	825
UniRef90_W9VK86	41.77	247	835
UniRef90_I2H7B4	42.86	247	762
UniRef90_A0A0D6EGU7	48.02	247	810
UniRef90_U5DIU0	46.12	247	725
UniRef90_G7ZZ79	44.35	247	444
UniRef90_A0A022QIM9	46.98	247	698
UniRef90_UPI00052166EB	81.78	247	642
UniRef90_D8T4T8	45.17	247	733
UniRef90_UPI000440E9DA	41.64	247	816
UniRef90_A0A0B1P4J4	42.46	247	799
UniRef90_UPI0003594384	57.89	247	746
UniRef90_F4Q0E0	46.61	247	749
UniRef90_UPI00052F1AE7	48.02	247	744
UniRef90_F4Q0E1	46.61	247	747
UniRef90_A7SJ74	56.68	247	743
UniRef90_UPI00044095E9	49.22	247	805
UniRef90_UPI000644FA7C	45.69	247	677
UniRef90_T1RU75	42.02	247	842
UniRef90_M5WRJ7	44.54	247	744
UniRef90_W9VYX1	41.37	247	839
UniRef90_A0A0D0B858	41.54	247	816
UniRef90_A0A0L9TKH7	45.26	247	708
UniRef90_N1J659	42.06	247	828
UniRef90_A0A0F8UFB8	41.77	247	841
UniRef90_A7F2S7	40.87	247	827
UniRef90_A0A059C859	48.48	247	402
UniRef90_R9PFU8	46.06	247	869
UniRef90_A0A068UCA9	41.86	247	729
UniRef90_A0A0C7NBN7	42.04	247	763
UniRef90_R4XCP5	44.00	247	724
UniRef90_A0A0L8GCM1	51.23	247	774
UniRef90_UPI0006413F1B	50.81	247	523
UniRef90_A0A0M3K1F9	43.43	247	778
UniRef90_G8JWN4	41.22	247	764
UniRef90_K7HAZ6	44.00	247	813
UniRef90_A0A077R073	46.46	247	914
UniRef90_UPI0005816328	44.83	247	732
UniRef90_A0A0B2VYN1	44.35	247	780
UniRef90_A0A0D2CU89	41.37	247	827
UniRef90_H6BSW3	39.36	247	841
UniRef90_UPI0005C9EA10	44.40	247	743
UniRef90_A0A0B2PQN3	45.45	247	747
UniRef90_C5WS54	46.52	247	743
UniRef90_Q94392	41.04	247	824
UniRef90_G7E019	48.02	247	867
UniRef90_A0A061RFG1	48.26	247	404
UniRef90_E6ZTY8	46.22	247	874
UniRef90_A0A0G4EVF9	43.14	247	742
UniRef90_J6F599	48.74	247	850
UniRef90_G1QDW8	90.28	247	534
UniRef90_S8E611	44.62	247	807
UniRef90_A2QDV7	41.53	247	728
UniRef90_G0P5F3	40.40	247	755
UniRef90_A0A060T7S1	45.30	247	797
UniRef90_I1HHI6	45.22	247	739
UniRef90_D3BDZ2	44.68	247	730
UniRef90_A0A081CEA4	46.46	247	871
UniRef90_A0A0C3DS48	44.31	247	819
UniRef90_A0A0C3KSD2	42.75	247	806
UniRef90_A0A0A7LUH8	44.92	247	747
UniRef90_M0TU68	47.83	247	747
UniRef90_A0A0C3AYI0	43.35	247	774
UniRef90_W4Z126	66.97	247	637
UniRef90_A0A0D6QXW2	46.75	247	762
UniRef90_UPI0005D07BC8	53.02	247	733
UniRef90_Q0CQ92	41.37	247	809
UniRef90_Q5B8N2	41.50	247	775
UniRef90_A0A0D2WNX2	49.61	247	777
UniRef90_F2TYA0	50.39	247	613
UniRef90_O46136	52.63	247	600
UniRef90_A9V2Z3	50.86	247	508
UniRef90_A0A0G4IS92	45.92	247	747
UniRef90_T2MG86	50.81	247	768
UniRef90_G4TH72	41.44	247	820
UniRef90_A0A061S476	48.26	247	719
UniRef90_A0A072UYZ3	44.35	247	752
UniRef90_K3XEU3	44.35	247	760
UniRef90_B7G0L9	43.55	247	532
UniRef90_I2G5P5	44.88	247	883
UniRef90_A0A074WNQ9	40.24	247	785
UniRef90_Q75JI3	44.72	247	738
UniRef90_UPI0004E553F1	44.78	247	747
UniRef90_K0KXL6	43.44	247	781
UniRef90_A0A0D1Z0D0	38.96	247	831
UniRef90_F4PBY8	49.41	247	752
UniRef90_A0A059C894	48.48	247	763
UniRef90_R7YUH7	41.18	247	815
UniRef90_A8I175	47.03	247	719
UniRef90_G4VMW9	46.99	247	743
UniRef90_A0A074XYZ8	40.24	247	742
UniRef90_UPI0006AB444F	85.49	247	678
UniRef90_A0A0D1WZA5	39.36	247	836
UniRef90_A0A0L0SZN4	45.93	247	852
UniRef90_A0A0C3DNV9	45.57	247	834
UniRef90_M3AVH5	41.83	247	797
UniRef90_A0A087GFV2	40.70	247	464
UniRef90_B6JVC3	43.20	247	792
UniRef90_A0A0N4V408	44.31	247	716
UniRef90_A0A072NZD5	37.35	247	847
UniRef90_F9XEI9	41.43	247	741
UniRef90_W6MFK9	42.57	247	750
UniRef90_G2RH21	39.41	247	867
UniRef90_A0A0L0SQB0	45.53	247	719
UniRef90_A0A0D3G9U8	44.78	247	725
UniRef90_S3DBJ1	40.87	247	828
UniRef90_Q65X08	44.78	247	743
UniRef90_M3D453	37.70	247	743
UniRef90_C1MJ06	46.75	247	736
UniRef90_I2H915	40.23	247	868
UniRef90_K8YYF3	43.32	247	731
UniRef90_F0ZDC9	43.90	247	741
UniRef90_G8YNG2	42.98	247	771
UniRef90_A0A0D0E8D3	42.91	247	816
UniRef90_A0A0C4EBF4	37.85	247	838
UniRef90_A0A090MXH8	42.28	247	749
UniRef90_T1JVV7	44.22	247	751
UniRef90_C1DZV3	46.96	247	698
UniRef90_D7MJD7	38.76	247	733
UniRef90_M2LML9	40.39	247	812
UniRef90_I0Z391	43.29	247	719
UniRef90_H0EDQ2	42.55	247	1306
UniRef90_E9HWA5	56.22	247	738
UniRef90_A0A0D2VAR9	42.86	247	721
UniRef90_B9PVD8	40.94	247	751
UniRef90_A0A0J9XC05	41.45	247	777
UniRef90_F0X7J8	38.10	247	836
UniRef90_Q1K5G2	37.30	247	853
UniRef90_D7ME89	42.19	247	732
UniRef90_A0A074ZY96	45.38	247	867
UniRef90_B2B217	41.45	247	709
UniRef90_U7PLS7	36.51	247	844
UniRef90_Q6C470	38.34	247	809
UniRef90_UPI00053A6FA8	38.76	247	1241
UniRef90_UPI00053A6FA8	39.00	247	1241
UniRef90_F2QWP7	42.17	247	758
UniRef90_B5RUP7	43.86	247	779
UniRef90_C7Z0R0	35.97	247	821
UniRef90_G0RYH0	36.05	247	900
UniRef90_U6PMR9	42.40	247	752
UniRef90_D8TCZ5	44.59	247	729
UniRef90_M4EXK1	41.95	247	655
UniRef90_A0A061B0B5	38.87	247	758
UniRef90_A0A0K9PFG5	42.17	247	739
UniRef90_A0A0A1T1C1	34.13	247	831
UniRef90_A3GI18	43.48	247	794
UniRef90_R8BWA5	37.45	247	834
UniRef90_A5DHM7	41.10	247	778
UniRef90_A0A0D2J3D5	37.35	247	827
UniRef90_W1QDK3	39.29	247	749
UniRef90_A0A0G1ZVE7	68.02	247	538
UniRef90_L7JN22	37.35	247	835
UniRef90_I1GB82	47.37	247	755
UniRef90_M7NQM6	48.59	247	780
UniRef90_S4PVP1	61.83	247	222
UniRef90_L1JZE9	41.20	247	743
UniRef90_J3PBG5	38.10	247	853
UniRef90_A0A068XVN1	42.05	247	737
UniRef90_G9NCV2	36.00	247	813
UniRef90_F2DRG7	34.27	247	801
UniRef90_K8ELI8	45.22	247	770
UniRef90_S7QFG5	91.84	247	651
UniRef90_A0A016WEJ0	42.80	247	935
UniRef90_A0A0G4LRL7	36.76	247	340
UniRef90_A4RU31	47.01	247	737
UniRef90_W2T1B0	39.43	247	403
UniRef90_A5E1C0	41.30	247	798
UniRef90_L0AVJ6	42.98	247	765
UniRef90_D7MEP8	40.51	247	703
UniRef90_A0A0L9SKF3	34.80	247	843
UniRef90_N1PM18	41.04	247	785
UniRef90_A0A0M0J3G6	42.68	247	724
UniRef90_Q4N5X0	42.13	247	628
UniRef90_A0A084QA86	33.86	247	847
UniRef90_C4JYJ2	53.45	247	729
UniRef90_A0A061D1I5	40.59	247	757
UniRef90_H8X538	41.74	247	793
UniRef90_A0A099NXH5	38.78	247	760
UniRef90_Q4UDM4	41.70	247	711
UniRef90_Q5AKY3	40.00	247	444
UniRef90_E4XH51	40.73	247	738
UniRef90_I2JSQ3	39.66	247	752
UniRef90_A0A059C8S5	41.59	247	266
UniRef90_UPI0005C9A4E3	42.98	247	728
UniRef90_M1VAI9	40.00	247	737
UniRef90_A0A078APH7	41.73	247	767
UniRef90_A0A0G2FRB8	36.61	247	806
UniRef90_A0A0C4EPD1	42.86	247	715
UniRef90_A0A0L0NIW0	34.63	247	840
UniRef90_A0A068XKM0	41.04	247	774
UniRef90_D2VHW8	42.15	247	768
UniRef90_E5SNJ2	43.82	247	729
UniRef90_A0A0G4F7R5	43.08	247	738
UniRef90_A7AUQ9	39.11	247	750
UniRef90_A0A022QEJ3	42.86	247	435
UniRef90_J9EHV6	41.34	247	773
UniRef90_E9E154	36.25	247	840
UniRef90_G0RJG9	34.00	247	822
UniRef90_P34732	40.00	247	794
UniRef90_S9XP79	82.44	247	383
UniRef90_D8M8U3	39.83	247	697
UniRef90_B9RZA0	47.98	247	701
UniRef90_G3ANM8	40.43	247	797
UniRef90_J4C362	41.28	247	766
UniRef90_A0A063BSZ5	32.81	247	837
UniRef90_S3C208	35.02	247	839
UniRef90_G3JRC5	34.78	247	1248
UniRef90_J4UQX8	33.20	247	830
UniRef90_U6GJF5	42.37	247	706
UniRef90_A9TVK3	47.19	247	742
UniRef90_G2XAI3	36.76	247	853
UniRef90_M7SXH3	35.32	247	833
UniRef90_K3UED1	35.74	247	822
UniRef90_T5AEM6	31.52	247	775
UniRef90_R9VZY5	32.81	247	849
UniRef90_D8TUC6	46.54	247	673
UniRef90_A0A0D8Y8S4	40.98	247	800
UniRef90_A0A0D1XL42	39.20	247	822
UniRef90_A0A0M0U1L0	40.00	247	855
UniRef90_C4Y610	43.67	247	804
UniRef90_A0A0E0L4Q8	40.93	247	739
UniRef90_D8LTY3	39.84	247	749
UniRef90_I7J5S1	38.49	247	677
UniRef90_E9GBX7	62.50	247	306
UniRef90_A0A0C2II78	48.39	247	694
UniRef90_M8AHW7	40.43	247	709
UniRef90_UPI000580EE12	40.00	247	296
UniRef90_A0A0L0P009	41.05	247	782
UniRef90_A0A0N5DEF7	60.25	247	270
UniRef90_G0UIX5	36.86	247	723
UniRef90_K3WB36	37.85	247	767
UniRef90_UPI000528E85F	100.00	247	242
UniRef90_A0A0L0D947	37.55	247	755
UniRef90_A0A0N5AC77	41.27	247	647
UniRef90_A0A0C9VC88	38.80	247	536
UniRef90_UPI0006AB0415	40.27	247	243
UniRef90_R7QLB1	38.35	247	750
UniRef90_UPI00052318B8	96.32	247	171
UniRef90_UPI0004F47DE5	38.10	247	726
UniRef90_L8HAQ4	38.61	247	602
UniRef90_A6R8N7	34.40	247	805
UniRef90_E9GBX5	61.62	247	486
UniRef90_K7EQD6	100.00	247	180
UniRef90_G3B447	36.21	247	767
UniRef90_UPI00064D8AB4	43.54	247	304
UniRef90_O77313	38.79	247	783
UniRef90_A0A096P7Q7	48.29	247	755
UniRef90_E3QJX6	36.60	247	780
UniRef90_A0A0M8MZX4	35.06	247	830
UniRef90_A0A086SZ19	32.80	247	820
UniRef90_K6UDB3	38.89	247	744
UniRef90_E1Z628	50.46	247	722
UniRef90_D0NB08	37.77	247	765
UniRef90_A0A0B7KHE1	32.94	247	841
UniRef90_L2GJK6	34.04	247	757
UniRef90_A0A0N4UAL9	44.86	247	664
UniRef90_L8XB96	38.65	247	1353
UniRef90_A0A0F9ZA30	35.32	247	817
UniRef90_UPI0005FA5192	41.63	247	289
UniRef90_H3H0Z5	38.20	247	1095
UniRef90_W7AZ40	37.50	247	776
UniRef90_A0A0B1TJS1	46.23	247	748
UniRef90_B3L4H0	37.61	247	783
UniRef90_W3WZV7	36.12	247	819
UniRef90_A0A0K0CT55	44.87	247	748
UniRef90_F0VZR2	37.18	247	769
UniRef90_A0C095	37.55	247	748
UniRef90_C9ZI97	37.07	247	725
UniRef90_A0A023B2G5	43.30	247	654
UniRef90_A0A061RL63	56.29	247	357
UniRef90_Q4QCW5	36.52	247	738
UniRef90_G0TR58	35.83	247	730
