UniRef90_P00445	100.00	153	154
UniRef90_Q6FWL5	83.66	153	154
UniRef90_J7S6N7	82.35	153	154
UniRef90_C5E138	79.61	153	154
UniRef90_A0A061ATU6	78.15	153	154
UniRef90_G0W995	78.43	153	155
UniRef90_G0RQK0	76.47	153	154
UniRef90_G8ZRT7	79.61	153	154
UniRef90_W0VP29	76.32	153	154
UniRef90_H2AXL8	78.15	153	154
UniRef90_G0VIN3	74.51	153	154
UniRef90_K0KGH7	72.55	153	154
UniRef90_G9N7N4	73.20	153	154
UniRef90_C5DH73	73.86	153	154
UniRef90_A0A098DGQ1	75.82	153	228
UniRef90_W7IG27	73.20	153	154
UniRef90_Q6C662	75.66	153	154
UniRef90_W7LTM5	74.17	153	205
UniRef90_A0A0D2XGN2	73.33	153	172
UniRef90_F0XK55	72.37	153	154
UniRef90_Q8J0N2	73.86	153	154
UniRef90_A0A0M8N6E7	71.05	153	154
UniRef90_I2JWC1	73.68	153	154
UniRef90_Q96VL0	73.86	153	154
UniRef90_F2QY66	74.83	153	154
UniRef90_A0A0F2M6S7	75.17	153	187
UniRef90_A0A0F8B2F4	71.52	153	154
UniRef90_P83684	71.52	153	153
UniRef90_Q751L8	72.55	153	154
UniRef90_G8JW01	71.05	153	159
UniRef90_B0B552	71.24	153	154
UniRef90_G8BY07	71.90	153	155
UniRef90_Q9HEY7	73.51	153	154
UniRef90_M7SKN2	71.05	153	154
UniRef90_A0A0G2FKR1	70.59	153	154
UniRef90_A0A0F7ZPP6	72.55	153	154
UniRef90_H8WZA6	71.05	153	154
UniRef90_W9XH54	70.86	153	154
UniRef90_W1QC78	71.24	153	154
UniRef90_G3AH22	71.24	153	154
UniRef90_C5GHK9	71.71	153	154
UniRef90_H8WZ99	68.42	153	154
UniRef90_D4DKQ0	72.19	153	224
UniRef90_A0A084QEB3	74.15	153	160
UniRef90_K1W6A8	70.20	153	154
UniRef90_H6BZ82	70.86	153	154
UniRef90_Q1HEQ0	69.54	153	154
UniRef90_G1XLM2	70.39	153	154
UniRef90_Q6CPE2	69.93	153	155
UniRef90_E4ZWR5	69.28	153	154
UniRef90_P07509	70.39	153	154
UniRef90_W6MLR4	70.20	153	154
UniRef90_C5FII9	70.20	153	154
UniRef90_G3DQF4	70.78	153	155
UniRef90_W6PZ66	71.52	153	154
UniRef90_R8BKC7	71.05	153	154
UniRef90_C9S9J0	69.93	153	154
UniRef90_A0A0G2IXG7	71.05	153	170
UniRef90_A0A0F8V5S0	69.54	153	154
UniRef90_D5G966	69.74	153	237
UniRef90_G8YH79	70.59	153	154
UniRef90_I2H6Z0	70.39	153	154
UniRef90_O42724	70.86	153	154
UniRef90_A0A060T9H0	69.54	153	155
UniRef90_F0UXR6	70.20	153	154
UniRef90_A0A086SY59	71.81	153	179
UniRef90_A0A0A8L826	70.39	153	155
UniRef90_W9WER2	70.20	153	154
UniRef90_C4JLQ8	70.86	153	154
UniRef90_G3BAZ8	71.24	153	154
UniRef90_W2RVP5	71.52	153	154
UniRef90_A0A072PZ83	70.86	153	154
UniRef90_W3WMJ8	67.97	153	154
UniRef90_W9XF74	67.55	153	154
UniRef90_A0A0H1B485	72.00	153	194
UniRef90_O94178	66.67	153	154
UniRef90_Q70Q35	68.21	153	154
UniRef90_M2S8N7	69.28	153	154
UniRef90_W8AGP8	67.97	153	159
UniRef90_A0A0J9XDS9	70.86	153	154
UniRef90_A0A084G1W6	67.11	153	154
UniRef90_E4UUM7	69.80	153	153
UniRef90_U1HJV3	70.20	153	154
UniRef90_Q6T3B0	69.28	153	154
UniRef90_R7YUN7	67.32	153	154
UniRef90_U4L6E7	69.08	153	155
UniRef90_A0A0D2B6C1	68.21	153	154
UniRef90_A2QMY6	68.87	153	154
UniRef90_A0A0G2G647	69.54	153	154
UniRef90_A0A0F4YZ31	68.21	153	154
UniRef90_Q711T9	68.42	153	154
UniRef90_A0A0F7TUZ3	70.86	153	230
UniRef90_A0A0C3DI71	66.89	153	154
UniRef90_S8A9M3	67.32	153	154
UniRef90_O59924	68.63	153	154
UniRef90_V9DAS2	68.87	153	176
UniRef90_B6QEB3	67.76	153	154
UniRef90_Q9Y8D9	68.21	153	154
UniRef90_F9X7L5	69.54	153	154
UniRef90_R1GTN9	68.42	153	154
UniRef90_Q1HDV5	66.89	153	155
UniRef90_A3LTJ0	67.32	153	154
UniRef90_C0NTZ2	68.42	153	154
UniRef90_A7TG62	69.08	153	181
UniRef90_C5P502	67.55	153	154
UniRef90_A0A0E9N7R9	69.54	153	153
UniRef90_A0A0D1YVC3	66.01	153	154
UniRef90_C1GJI2	68.24	153	166
UniRef90_B6JW95	68.21	153	154
UniRef90_A0A0M0U433	65.77	153	152
UniRef90_B2VRY4	68.42	153	154
UniRef90_A0A099NXK9	67.55	153	154
UniRef90_Q877B5	67.55	153	154
UniRef90_M3CGX9	67.55	153	154
UniRef90_A1CAD8	68.71	153	165
UniRef90_A0A0A2L571	72.48	153	1044
UniRef90_A0A0A0UUD6	57.07	153	193
UniRef90_H0EMK2	66.23	153	154
UniRef90_A0A094HUN5	63.82	153	154
UniRef90_A0A0C7N775	72.48	153	178
UniRef90_N1PRQ2	66.23	153	154
UniRef90_C7ZR16	61.44	153	173
UniRef90_A0A017SP85	63.16	153	154
UniRef90_G7E7Y4	66.89	153	156
UniRef90_A0A0D2DYZ2	55.38	153	189
UniRef90_R4XDI7	62.25	153	154
UniRef90_Q9C0N4	64.05	153	154
UniRef90_S9VXR1	64.24	153	153
UniRef90_S3CQJ8	65.56	153	219
UniRef90_P28758	62.91	153	154
UniRef90_A7THC1	77.31	153	121
UniRef90_J3PD33	64.52	153	158
UniRef90_UPI000444A7FD	62.00	153	200
UniRef90_A0ZPR9	62.91	153	157
UniRef90_A0A0L9SMZ1	61.45	153	191
UniRef90_M5G4T7	62.42	153	157
UniRef90_UPI000455E905	62.00	153	198
UniRef90_A0A067TI43	63.76	153	197
UniRef90_A0A0C9W110	61.33	153	192
UniRef90_G4NJK6	63.69	153	158
UniRef90_F8Q1R3	62.00	153	172
UniRef90_J4I8N5	62.00	153	198
UniRef90_E6Y356	63.33	153	154
UniRef90_Q5KIW7	62.91	153	154
UniRef90_A0A0D0B746	62.16	153	208
UniRef90_UPI0004621924	62.00	153	200
UniRef90_W2T7H1	61.44	153	180
UniRef90_UPI0004409671	60.54	153	150
UniRef90_A0A0B1TJ29	62.09	153	180
UniRef90_A0A0N5DVP3	58.82	153	188
UniRef90_B6QJA4	59.60	153	252
UniRef90_UPI0006450B03	63.16	153	153
UniRef90_M9SYB8	63.40	153	159
UniRef90_UPI0003F48F18	62.91	153	154
UniRef90_Q96V79	64.10	153	157
UniRef90_U1NHG1	60.78	153	192
UniRef90_A0A0D2NMP3	61.33	153	166
UniRef90_A0A0K0G3L6	64.05	153	183
UniRef90_A0A0H2SFZ5	56.95	153	157
UniRef90_A0A0B2VPI6	61.44	153	161
UniRef90_UPI000643ECF4	61.18	153	154
UniRef90_A0A0N4Z978	63.40	153	171
UniRef90_D5LGN8	61.59	153	154
UniRef90_A0A0C3FY46	60.67	153	194
UniRef90_Q9C402	58.55	153	183
UniRef90_A0A0J0XNN9	58.17	153	155
UniRef90_E9RFG1	60.13	153	154
UniRef90_A0A0K0EHJ3	64.05	153	158
UniRef90_G8BTB3	56.29	153	153
UniRef90_S8EJL8	60.67	153	197
UniRef90_X0L1B9	57.82	153	200
UniRef90_A0A066VMX1	58.67	153	238
UniRef90_A0A016SN38	61.44	153	283
UniRef90_T1KY35	61.44	153	152
UniRef90_A0A016SM13	61.44	153	316
UniRef90_O73872	59.87	153	154
UniRef90_A0A0K6FV38	58.39	153	234
UniRef90_UPI000644FF3A	57.89	153	220
UniRef90_P24706	57.24	153	158
UniRef90_X8JJV2	57.33	153	226
UniRef90_W5KMP4	60.67	153	154
UniRef90_R7SZB5	62.00	153	201
UniRef90_A0A077DB40	60.93	153	154
UniRef90_C9V498	59.21	153	154
UniRef90_M4AT47	59.60	153	154
UniRef90_L8GDC4	60.53	153	157
UniRef90_A0A0G4KIV0	68.12	153	1373
UniRef90_A0A0B7FJ42	57.33	153	238
UniRef90_H2LHN5	60.93	153	154
UniRef90_A0A0D0D753	59.03	153	192
UniRef90_A0A0N5DBX6	60.53	153	156
UniRef90_Q27666	60.93	153	159
UniRef90_C1BFL3	58.55	153	154
UniRef90_P41962	55.92	153	158
UniRef90_E3TG66	60.26	153	152
UniRef90_A0A0K0DIQ5	58.82	153	159
UniRef90_A0A0C4FH71	60.26	153	154
UniRef90_UPI00057705C8	59.48	153	154
UniRef90_H2WL43	60.13	153	180
UniRef90_W4K7C2	57.33	153	214
UniRef90_M9NZV8	60.26	153	154
UniRef90_Q52JH6	58.55	153	154
UniRef90_Q3ZLR1	58.94	153	154
UniRef90_A0A0A7DNE9	57.52	153	154
UniRef90_C1BJA3	59.21	153	154
UniRef90_A8XCP3	59.48	153	180
UniRef90_I3JAL8	59.87	153	153
UniRef90_A0A0L0NSZ1	75.23	153	109
UniRef90_Q0PKG2	57.89	153	154
UniRef90_A0A0B7NKC3	59.21	153	152
UniRef90_I6TCY8	58.55	153	156
UniRef90_A0A0L0HSS9	56.29	153	153
UniRef90_UPI00069654FC	58.17	153	154
UniRef90_U5YTK9	58.17	153	154
UniRef90_I1C3T1	59.21	153	152
UniRef90_I1C456	60.53	153	152
UniRef90_A0A0A1NRV4	60.67	153	152
UniRef90_M4PSX3	56.86	153	154
UniRef90_K7YBI9	59.60	153	155
UniRef90_UPI00044167B2	57.52	153	202
UniRef90_T2B4T7	59.48	153	153
UniRef90_P34697	57.52	153	180
UniRef90_G4T8J7	58.67	153	244
UniRef90_A0A067QI78	52.30	153	222
UniRef90_L7UK81	57.62	153	154
UniRef90_A0A077WS33	58.82	153	153
UniRef90_S2J9W0	61.33	153	160
UniRef90_Q8QHI0	57.62	153	154
UniRef90_UPI0006B0EC64	60.53	153	153
UniRef90_UPI0002C68B71	59.60	153	154
UniRef90_A2I463	61.84	153	153
UniRef90_A0A067NPM1	58.28	153	195
UniRef90_F4Q653	56.00	153	217
UniRef90_Q07449	56.21	153	201
UniRef90_T1JAI9	58.28	153	159
UniRef90_UPI0006CEE0A1	61.18	153	154
UniRef90_K9IG23	59.33	153	153
UniRef90_A7J6E5	57.62	153	169
UniRef90_UPI000644E00D	54.00	153	154
UniRef90_I6LKW9	57.52	153	156
UniRef90_I1LTN6	55.63	153	183
UniRef90_P11964	58.94	153	202
UniRef90_UPI00051BC14B	58.94	153	220
UniRef90_G4T8J8	56.67	153	202
UniRef90_O02430	57.52	153	158
UniRef90_C3ZM91	57.89	153	156
UniRef90_F6VK78	58.28	153	154
UniRef90_Q9Y0A5	54.25	153	158
UniRef90_P11418	56.95	153	152
UniRef90_G3LY18	59.06	153	155
UniRef90_H9BQP8	60.26	153	227
UniRef90_V7AFG8	58.94	153	204
UniRef90_P08228	55.63	153	154
UniRef90_A0A0K9NUD7	56.95	153	153
UniRef90_A0A0C3KIT5	54.30	153	205
UniRef90_A0A0C3BF15	56.58	153	165
UniRef90_P00443	57.62	153	154
UniRef90_P07505	59.60	153	222
UniRef90_A0A0L0S104	60.26	153	153
UniRef90_B7PUC4	59.87	153	154
UniRef90_Q0IIW3	60.78	153	151
UniRef90_V5N542	57.62	153	154
UniRef90_A0A0K0QRG7	56.29	153	204
UniRef90_Q55GQ5	57.33	153	153
UniRef90_UPI0004958B33	57.24	153	154
UniRef90_UPI0003C2ADDD	60.26	153	154
UniRef90_O78310	59.60	153	216
UniRef90_UPI00045D7CAC	57.33	153	154
UniRef90_Q3ZLR2	58.00	153	157
UniRef90_S7RJD9	55.92	153	194
UniRef90_C5IYJ1	57.62	153	154
UniRef90_C3KGY9	56.95	153	154
UniRef90_Q7YXL9	55.84	153	155
UniRef90_Q96WH7	58.60	153	161
UniRef90_C6ZRL9	58.82	153	152
UniRef90_UPI00044207D6	56.00	153	154
UniRef90_A0D4J6	53.95	153	193
UniRef90_A0A0B6VWS2	56.29	153	154
UniRef90_W9LP71	53.29	153	201
UniRef90_A8NRB5	55.03	153	193
UniRef90_S5S4I5	60.53	153	153
UniRef90_D7LIE2	59.60	153	220
UniRef90_E7CWH6	58.90	153	199
UniRef90_C4WRV2	55.92	153	152
UniRef90_UPI0006B0C0C1	59.60	153	153
UniRef90_UPI00058157DC	58.94	153	226
UniRef90_W5MS00	57.62	153	154
UniRef90_UPI0004987AE2	56.95	153	221
UniRef90_Q8HXQ1	56.29	153	154
UniRef90_A0A0A0QE01	58.28	153	210
UniRef90_A3QQY1	57.52	153	153
UniRef90_A0A023NFG9	57.24	153	156
UniRef90_G9M4K3	59.60	153	204
UniRef90_C3KIP6	56.29	153	154
UniRef90_Q6TKF7	56.29	153	152
UniRef90_O24400	58.94	153	201
UniRef90_A0A0D3C2I5	57.62	153	207
UniRef90_A0A0J8BQL4	57.62	153	228
UniRef90_UPI000626CED1	57.24	153	155
UniRef90_A0A022RAK2	58.94	153	227
UniRef90_G3MMT8	58.55	153	154
UniRef90_P10792	58.94	153	219
UniRef90_E3W9A4	58.94	153	196
UniRef90_Q96123	58.94	153	201
UniRef90_A0A0C9RQF3	57.62	153	221
UniRef90_A0A015LCV9	59.09	153	173
UniRef90_A0A077ZSQ1	58.82	153	169
UniRef90_T1FNC7	58.39	153	155
UniRef90_Q176T4	53.95	153	207
UniRef90_UPI0006D511C2	58.55	153	155
UniRef90_B3S9R7	54.61	153	154
UniRef90_B5G2U2	56.29	153	154
UniRef90_UPI0006262335	57.89	153	154
UniRef90_Q9XY94	55.48	153	146
UniRef90_Q93Y61	58.55	153	201
UniRef90_F0Z8U0	54.61	153	152
UniRef90_A7S2P2	55.56	153	156
UniRef90_C5YN49	58.94	153	206
UniRef90_A0A0N4UNI4	56.77	153	158
UniRef90_Q000H3	54.97	153	152
UniRef90_A0A085M8G9	56.21	153	179
UniRef90_P41963	53.90	153	199
UniRef90_V8PGN0	56.49	153	163
UniRef90_A0A087UZV8	58.82	153	151
UniRef90_UPI0005CEBA3C	57.24	153	153
UniRef90_P00441	56.00	153	154
UniRef90_P14831	57.62	153	217
UniRef90_I3M480	57.24	153	156
UniRef90_K7G779	56.95	153	155
UniRef90_UPI000444434C	53.95	153	154
UniRef90_UPI0006C9B50E	58.28	153	155
UniRef90_F1A3R9	56.00	153	152
UniRef90_P93407	58.28	153	211
UniRef90_Q8MUT8	55.19	153	155
UniRef90_UPI000328B494	57.33	153	156
UniRef90_UPI00018BAE55	56.29	153	153
UniRef90_R4WNL0	58.55	153	155
UniRef90_C1C4J6	58.94	153	150
UniRef90_K3YIU7	59.60	153	297
UniRef90_M5VZK2	56.29	153	280
UniRef90_H3CX53	55.77	153	179
UniRef90_Q7Q9H5	54.67	153	207
UniRef90_M1HKF1	57.33	153	180
UniRef90_A0A0D2SV54	57.62	153	221
UniRef90_V4A2N2	56.21	153	156
UniRef90_H9XW01	55.63	153	223
UniRef90_D2K8K6	56.95	153	153
UniRef90_O77253	51.28	153	195
UniRef90_Q103C4	55.63	153	151
UniRef90_Q70GL0	56.21	153	158
UniRef90_J9IFI6	50.98	153	193
UniRef90_A0A0K2A1R8	55.63	153	153
UniRef90_P33431	57.33	153	153
UniRef90_H3F1B8	53.53	153	176
UniRef90_O04997	58.28	153	220
UniRef90_A0A0C3CGX0	55.33	153	155
UniRef90_A7K8F0	58.00	153	182
UniRef90_A0A0A0KEQ1	57.62	153	223
UniRef90_T1HRT6	58.55	153	154
UniRef90_A0A0H4IRB5	57.62	153	207
UniRef90_D8SBS8	56.29	153	151
UniRef90_G3E253	57.62	153	228
UniRef90_E5RZT8	53.95	153	180
UniRef90_O65199	56.95	153	212
UniRef90_UPI0003338721	53.95	153	154
UniRef90_Q60FS5	60.00	153	151
UniRef90_R9QXL9	56.95	153	152
UniRef90_A0A0B6Y7Q8	55.19	153	155
UniRef90_O04996	56.29	153	153
UniRef90_Q09JE3	57.89	153	154
UniRef90_A9SX65	58.94	153	170
UniRef90_A0A078AY76	50.98	153	192
UniRef90_A0A0B7ARH9	56.13	153	155
UniRef90_B8YNY0	55.63	153	213
UniRef90_A0A0A9W4R7	57.24	153	154
UniRef90_M1I3E4	55.33	153	180
UniRef90_I1LR93	57.62	153	204
UniRef90_L7M2Y2	56.58	153	154
UniRef90_M1JNK3	57.62	153	153
UniRef90_Q38J79	56.29	153	152
UniRef90_UPI0003F0DE91	57.62	153	155
UniRef90_A0A061GWC1	56.29	153	223
UniRef90_W5JT45	54.67	153	207
UniRef90_O65768	58.28	153	152
UniRef90_A0A023EJN9	54.61	153	209
UniRef90_G9M4K4	59.60	153	211
UniRef90_UPI00046BD70C	54.67	153	154
UniRef90_A0A0N4TE43	55.40	153	174
UniRef90_UPI000596112C	55.26	153	154
UniRef90_W1NYZ2	56.29	153	218
UniRef90_B6CHW7	55.92	153	153
UniRef90_K5WVI0	53.29	153	181
UniRef90_A0A0C5ASS1	56.29	153	228
UniRef90_Q5EEY7	56.29	153	223
UniRef90_A0A0D2WYD5	60.00	153	151
UniRef90_A0A0M3JZ77	53.76	153	182
UniRef90_F0ZX49	56.58	153	152
UniRef90_G9M4K7	56.95	153	156
UniRef90_B2LYR8	56.95	153	214
UniRef90_UPI000498E5D7	54.97	153	175
UniRef90_B9SCK9	54.97	153	213
UniRef90_O48654	58.55	153	161
UniRef90_D3AVW2	55.92	153	199
UniRef90_H6BDU4	54.90	153	153
UniRef90_UPI0004CD5DDA	56.58	153	151
UniRef90_UPI00052F3807	54.97	153	217
UniRef90_A0A0C2F2E6	47.06	153	179
UniRef90_A0A067R0S2	54.97	153	154
UniRef90_A0A0H3YBT3	54.97	153	211
UniRef90_A0A096X937	58.55	153	150
UniRef90_UPI00026546BD	55.63	153	153
UniRef90_UPI000674109D	65.85	153	128
UniRef90_J3SDD5	55.19	153	159
UniRef90_Q3SAX0	56.95	153	253
UniRef90_A0A0J7KGT5	56.86	153	494
UniRef90_K4GBR3	56.29	153	157
UniRef90_A0A0B0NAI1	55.63	153	224
UniRef90_H0XBM9	55.63	153	153
UniRef90_A0A016SM91	51.63	153	225
UniRef90_UPI0003343C06	55.92	153	153
UniRef90_A0A0N5AME8	56.41	153	156
UniRef90_M3HLS8	72.00	153	125
UniRef90_E3VSS4	55.63	153	156
UniRef90_U5EW44	56.95	153	152
UniRef90_A0A0L0D977	54.97	153	155
UniRef90_UPI0004E56EB5	57.62	153	154
UniRef90_A0A0N4VJJ8	58.00	153	153
UniRef90_P24669	57.62	153	154
UniRef90_Q8WNN6	54.90	153	153
UniRef90_J7H0M9	54.90	153	152
UniRef90_A7S2P3	52.98	153	154
UniRef90_G9M4K6	56.95	153	211
UniRef90_UPI00064E03D8	56.29	153	152
UniRef90_O22668	56.29	153	152
UniRef90_UPI000258F1FD	54.97	153	152
UniRef90_A0A0H4CPR2	54.97	153	220
UniRef90_Q2V8E6	58.16	153	164
UniRef90_P03946	56.00	153	152
UniRef90_A8WMY6	57.24	153	157
UniRef90_H2YL26	53.29	153	156
UniRef90_A0A0D2TGF1	54.97	153	181
UniRef90_A0A058ZE05	55.63	153	153
UniRef90_UPI0003F10B87	54.61	153	153
UniRef90_D6QXC0	56.85	153	222
UniRef90_M1HHL3	55.33	153	180
UniRef90_UPI00063F2132	54.97	153	153
UniRef90_G9M4K5	56.95	153	156
UniRef90_K9K2G1	52.78	153	195
UniRef90_U5DDV0	56.29	153	158
UniRef90_UPI0004421278	58.45	153	159
UniRef90_A0A0A1TT77	53.33	153	157
UniRef90_P27082	54.97	153	152
UniRef90_A0A067ZSV8	56.95	153	154
UniRef90_E9GNE7	55.03	153	150
UniRef90_A0A0C2Y0J9	52.03	153	201
UniRef90_J9JB48	57.52	153	167
UniRef90_H3B131	54.30	153	154
UniRef90_B0VZ56	53.33	153	173
UniRef90_F2PU90	75.25	153	154
UniRef90_I1I9J5	55.63	153	206
UniRef90_Q90023	54.00	153	187
UniRef90_A0A0C9RR75	58.28	153	154
UniRef90_B6E105	53.95	153	155
UniRef90_A0A0G4ND00	65.55	153	131
UniRef90_W4W7P1	54.61	153	153
UniRef90_Q1WJB3	58.21	153	155
UniRef90_A0A0L9UNJ2	53.74	153	204
UniRef90_P13926	57.89	153	151
UniRef90_D3TRM9	56.67	153	153
UniRef90_Q6W5R8	56.58	153	153
UniRef90_P80566	56.29	153	154
UniRef90_Q01137	54.97	153	153
UniRef90_A0A0A0LIH2	56.29	153	152
UniRef90_A0A0J0XZA3	52.35	153	170
UniRef90_UPI00067DB94B	53.95	153	155
UniRef90_A0A0C9TWU4	53.68	153	144
UniRef90_UPI0002C459ED	54.00	153	157
UniRef90_Q6Q248	56.16	153	147
UniRef90_UPI0004E55F9A	54.30	153	212
UniRef90_I7AGR7	67.54	153	115
UniRef90_U5G0C8	57.14	153	289
UniRef90_Q6TKF5	52.32	153	154
UniRef90_Q7QDP9	56.29	153	153
UniRef90_L5KYT8	54.00	153	153
UniRef90_P00442	54.67	153	152
UniRef90_H2Y0A0	53.59	153	156
UniRef90_A0A059D9S5	56.16	153	224
UniRef90_E0W322	54.00	153	154
UniRef90_Q6SCL6	56.67	153	153
UniRef90_UPI00062353E8	55.92	153	152
UniRef90_R4V538	53.64	153	154
UniRef90_UPI0006B10F20	53.29	153	224
UniRef90_G4XH81	55.92	153	154
UniRef90_V5G5W5	56.29	153	201
UniRef90_UPI0003DEB61F	57.53	153	220
UniRef90_A0A0C2CGP8	53.50	153	187
UniRef90_Q802E0	54.97	153	154
UniRef90_P82205	56.95	153	154
UniRef90_B9HQP5	54.97	153	219
UniRef90_P15107	58.55	153	151
UniRef90_A0A0J7KGT5	56.86	153	494
UniRef90_A0A098DGQ1	75.82	153	228
UniRef90_D4DKQ0	72.19	153	224
UniRef90_A0A0F7TUZ3	70.39	153	230
UniRef90_D5G966	69.74	153	237
UniRef90_W7LTM5	74.17	153	205
UniRef90_A0A0H1B485	72.00	153	194
UniRef90_A0A0D2XGN2	74.32	153	172
UniRef90_A0A061ATU6	77.12	153	154
UniRef90_G0RQK0	76.47	153	154
UniRef90_P00445	100.00	153	154
UniRef90_A0A0F4YZ31	67.76	153	154
UniRef90_A0A0G2IXG7	72.00	153	170
UniRef90_Q6FWL5	83.66	153	154
UniRef90_G9N7N4	73.20	153	154
UniRef90_H6BZ82	70.39	153	154
UniRef90_Q9Y8D9	67.76	153	154
UniRef90_W1QC78	71.24	153	154
UniRef90_C4JLQ8	70.39	153	154
UniRef90_I6TCY8	58.55	153	156
UniRef90_G1XLM2	69.93	153	154
UniRef90_A0A0A2L571	72.48	153	1044
UniRef90_A0A016SN38	61.04	153	283
UniRef90_F0XK55	72.37	153	154
UniRef90_UPI0006B0C0C1	59.21	153	153
UniRef90_Q9HEY7	73.03	153	154
UniRef90_A0A016SM13	61.04	153	316
UniRef90_D5LGN8	61.18	153	154
UniRef90_A0A0E0QCD8	53.64	153	498
UniRef90_E4ZWR5	69.28	153	154
UniRef90_A0A0F8V5S0	69.08	153	154
UniRef90_Q1HEQ0	68.63	153	154
UniRef90_H8WZA6	71.05	153	154
UniRef90_W5KMP4	59.87	153	154
UniRef90_A0A0M8N6E7	71.05	153	154
UniRef90_P83684	71.05	153	153
UniRef90_Q9C0N4	64.05	153	154
UniRef90_W7IG27	73.20	153	154
UniRef90_A0A084QEB3	74.15	153	160
UniRef90_Q8J0N2	73.86	153	154
UniRef90_W9XH54	70.39	153	154
UniRef90_A0A061GWC1	56.29	153	223
UniRef90_Q3SAX0	56.95	153	253
UniRef90_C5FII9	69.74	153	154
UniRef90_U5YTK9	58.17	153	154
UniRef90_B8B5M4	53.64	153	456
UniRef90_G3DQF4	70.78	153	155
UniRef90_G3AH22	71.24	153	154
UniRef90_A0A0G2FKR1	70.59	153	154
UniRef90_M2S8N7	69.28	153	154
UniRef90_C0NTZ2	68.42	153	154
UniRef90_C9V498	58.82	153	154
UniRef90_K3YIU7	59.60	153	297
UniRef90_O73872	59.87	153	154
UniRef90_B9FUR1	53.64	153	426
UniRef90_F0UXR6	69.28	153	154
UniRef90_O59924	68.63	153	154
UniRef90_A0A0D1YVC3	66.01	153	154
UniRef90_A0A087UZV8	58.82	153	151
UniRef90_G3E253	57.62	153	228
UniRef90_C5E138	79.61	153	154
UniRef90_B7PUC4	59.87	153	154
UniRef90_H8WZ99	68.42	153	154
UniRef90_E6Y356	62.50	153	154
UniRef90_K0KGH7	72.55	153	154
UniRef90_U5G0C8	57.53	153	289
UniRef90_V5G5W5	56.29	153	201
UniRef90_UPI0006450B03	62.09	153	153
UniRef90_A0A077DB40	60.13	153	154
UniRef90_W8AGP8	67.97	153	159
UniRef90_Q5KIW7	62.50	153	154
UniRef90_Q6C662	75.66	153	154
UniRef90_A0A086SY59	72.79	153	179
UniRef90_A0A0C4FH71	59.87	153	154
UniRef90_A2QMY6	68.42	153	154
UniRef90_V9DAS2	69.80	153	176
UniRef90_Q6CPE2	69.93	153	155
UniRef90_A0A0B6VWS2	55.56	153	154
UniRef90_A0A0J9XDS9	70.39	153	154
UniRef90_C5P502	67.11	153	154
UniRef90_V7AFG8	58.94	153	204
UniRef90_R7YUN7	67.32	153	154
UniRef90_B0B552	71.24	153	154
UniRef90_W0VP29	76.32	153	154
UniRef90_UPI0006262335	57.89	153	154
UniRef90_Q8HXQ1	55.56	153	154
UniRef90_A2I463	61.84	153	153
UniRef90_O94178	66.67	153	154
UniRef90_UPI0006CEE0A1	61.18	153	154
UniRef90_R8BKC7	70.59	153	154
UniRef90_P07509	69.93	153	154
UniRef90_A0A061F1U6	55.26	153	235
UniRef90_C5GHK9	71.71	153	154
UniRef90_A0A084G1W6	67.11	153	154
UniRef90_F2QY66	74.34	153	154
UniRef90_G8YH79	70.59	153	154
UniRef90_L7UK81	57.24	153	154
UniRef90_B6QEB3	67.76	153	154
UniRef90_Q96VL0	73.86	153	154
UniRef90_A0A0F8B2F4	71.05	153	154
UniRef90_G0W995	78.43	153	155
UniRef90_H9BQP8	60.26	153	227
UniRef90_O78310	59.60	153	216
UniRef90_A0A0N5DVP3	58.82	153	188
UniRef90_UPI00051BC14B	58.94	153	220
UniRef90_W9WER2	69.74	153	154
UniRef90_A0A072PZ83	70.39	153	154
UniRef90_W2RVP5	70.59	153	154
UniRef90_A0A0F2M6S7	75.17	153	187
UniRef90_C9S9J0	69.93	153	154
UniRef90_M9NZV8	59.48	153	154
UniRef90_O42724	70.86	153	154
UniRef90_I3JAL8	58.82	153	153
UniRef90_G8ZRT7	79.61	153	154
UniRef90_A0A0A8L826	70.39	153	155
UniRef90_M4AT47	58.82	153	154
UniRef90_E4UUM7	70.75	153	153
UniRef90_Q0PKG2	57.89	153	154
UniRef90_I2JWC1	73.68	153	154
UniRef90_P08228	54.90	153	154
UniRef90_A0A0D2B6C1	67.76	153	154
UniRef90_E3TG66	59.87	153	152
UniRef90_UPI000626CED1	57.24	153	155
UniRef90_W6PZ66	71.05	153	154
UniRef90_A0A060T9H0	69.08	153	155
UniRef90_U1HJV3	69.28	153	154
UniRef90_B2VRY4	68.42	153	154
UniRef90_A0A077WS33	57.24	153	153
UniRef90_M5VZK2	56.29	153	280
UniRef90_A0A0G2G647	69.08	153	154
UniRef90_W9XF74	67.11	153	154
UniRef90_F9X7L5	69.08	153	154
UniRef90_Q09JE3	57.89	153	154
UniRef90_A0A0C9RQF3	57.62	153	221
UniRef90_UPI00058157DC	58.94	153	226
UniRef90_A0A0J8BQL4	57.62	153	228
UniRef90_H2LHN5	60.13	153	154
UniRef90_W6MLR4	69.74	153	154
UniRef90_A0A067LI99	55.17	153	275
UniRef90_K1W6A8	69.74	153	154
UniRef90_M7SKN2	71.05	153	154
UniRef90_A0A0C3DI71	66.45	153	154
UniRef90_UPI0004621924	61.59	153	200
UniRef90_P07505	59.60	153	222
UniRef90_J7S6N7	82.35	153	154
UniRef90_T1JAI9	57.89	153	159
UniRef90_Q5EEY7	56.29	153	223
UniRef90_B2LYR8	56.95	153	214
UniRef90_UPI00057705C8	59.48	153	154
UniRef90_A0A0H4IRB5	57.62	153	207
UniRef90_Q1HDV5	66.45	153	155
UniRef90_A0A0A0KEQ1	57.62	153	223
UniRef90_A0A0B0NAI1	55.63	153	224
UniRef90_A0A0D3C2I5	57.62	153	207
UniRef90_E3VSS4	55.63	153	156
UniRef90_I6LKW9	57.52	153	156
UniRef90_UPI000643ECF4	60.78	153	154
UniRef90_A0A0D6R332	58.67	153	352
UniRef90_E9RFG1	60.13	153	154
UniRef90_Q3ZLR2	57.24	153	157
UniRef90_Q8QHI0	56.86	153	154
UniRef90_G3BAZ8	71.24	153	154
UniRef90_H3CX53	55.77	153	179
UniRef90_C1BFL3	58.17	153	154
UniRef90_UPI00052F3807	54.97	153	217
UniRef90_M3CGX9	67.11	153	154
UniRef90_A3LTJ0	67.32	153	154
UniRef90_K7YBI9	59.21	153	155
UniRef90_N1PRQ2	65.79	153	154
UniRef90_O24400	58.94	153	201
UniRef90_T1HRT6	58.55	153	154
UniRef90_I1LR93	57.62	153	204
UniRef90_Q877B5	67.11	153	154
UniRef90_A0A0C9W110	61.33	153	192
UniRef90_D7LIE2	59.60	153	220
UniRef90_UPI0004958B33	56.86	153	154
UniRef90_C1BJA3	58.82	153	154
UniRef90_Q751L8	72.55	153	154
UniRef90_O65199	56.95	153	212
UniRef90_I3M480	56.49	153	156
UniRef90_A0A0H3YBT3	54.97	153	211
UniRef90_UPI00063F2132	54.25	153	153
UniRef90_Q70Q35	67.76	153	154
UniRef90_Q3ZLR1	58.17	153	154
UniRef90_UPI0004CD5DDA	56.58	153	151
UniRef90_UPI0004987AE2	56.95	153	221
UniRef90_C3ZM91	57.89	153	156
UniRef90_Q96123	58.94	153	201
UniRef90_C1GJI2	68.71	153	166
UniRef90_A0A0D0B746	62.16	153	208
UniRef90_A0A017SP85	63.16	153	154
UniRef90_W1NYZ2	56.29	153	218
UniRef90_P10792	58.94	153	219
UniRef90_C5IYJ1	57.62	153	154
UniRef90_Q103C4	55.26	153	151
UniRef90_A0A0A0QE01	58.28	153	210
UniRef90_Q93Y61	58.55	153	201
UniRef90_A0A0D2SV54	57.62	153	221
UniRef90_UPI000596112C	54.90	153	154
UniRef90_C5DH73	73.86	153	154
UniRef90_G8BY07	71.90	153	155
UniRef90_L7M2Y2	56.58	153	154
UniRef90_Q1HRN3	56.29	153	153
UniRef90_Q711T9	68.42	153	154
UniRef90_R4WNL0	58.55	153	155
UniRef90_A0A0M0U433	65.77	153	152
UniRef90_P93407	58.28	153	211
UniRef90_P33431	56.58	153	153
UniRef90_UPI0003DEB61F	57.53	153	220
UniRef90_M5G4T7	61.29	153	157
UniRef90_UPI0003338721	53.95	153	154
UniRef90_H2AXL8	77.63	153	154
UniRef90_B6E105	53.95	153	155
UniRef90_R1GTN9	68.42	153	154
UniRef90_UPI00044207D6	55.26	153	154
UniRef90_G0VIN3	74.51	153	154
UniRef90_UPI0003F48F18	62.50	153	154
UniRef90_UPI00018BAE55	55.56	153	153
UniRef90_A0A0F7ZPP6	72.55	153	154
UniRef90_UPI00069654FC	58.17	153	154
UniRef90_W2T7H1	61.04	153	180
UniRef90_O04997	58.28	153	220
UniRef90_A0A0J0XNN9	58.17	153	155
UniRef90_A0ZPR9	62.50	153	157
UniRef90_UPI000455E905	61.59	153	198
UniRef90_Q9C402	58.55	153	183
UniRef90_UPI0003F0DE91	56.21	153	155
UniRef90_G3LY18	58.67	153	155
UniRef90_R4V538	53.29	153	154
UniRef90_T1KY35	61.44	153	152
UniRef90_K9IG23	58.55	153	153
UniRef90_UPI0005CEBA3C	57.24	153	153
UniRef90_Q6W5R8	56.58	153	153
UniRef90_P14831	57.62	153	217
UniRef90_UPI0006C9B50E	57.89	153	155
UniRef90_H9XW01	55.63	153	223
UniRef90_W3WMJ8	67.97	153	154
UniRef90_W5MS00	56.86	153	154
UniRef90_B8YNY0	55.63	153	213
UniRef90_A0A0A0V8G1	54.90	153	153
UniRef90_P11964	58.94	153	202
UniRef90_A0A0H4CPR2	54.97	153	220
UniRef90_UPI0006D511C2	58.55	153	155
UniRef90_A0A022RAK2	58.94	153	227
UniRef90_H6BDU4	54.90	153	153
UniRef90_S8A9M3	67.32	153	154
UniRef90_O04996	56.29	153	153
UniRef90_P11418	56.58	153	152
UniRef90_A0A0K2A1R8	55.26	153	153
UniRef90_G9C5D1	52.63	153	154
UniRef90_A0A015LCV9	58.71	153	173
UniRef90_F6VK78	57.89	153	154
UniRef90_A0A0C5ASS1	56.29	153	228
UniRef90_Q6SCL6	56.29	153	153
UniRef90_A0A0B1TJ29	61.69	153	180
UniRef90_V5N542	57.62	153	154
UniRef90_H0XBM9	54.90	153	153
UniRef90_Q6T3B0	69.28	153	154
UniRef90_W4W7P1	54.61	153	153
UniRef90_B9SCK9	54.97	153	213
UniRef90_U5EW44	56.95	153	152
UniRef90_J3PD33	64.10	153	158
UniRef90_Q52JH6	58.55	153	154
UniRef90_A0A099NXK9	67.11	153	154
UniRef90_C5YN49	58.94	153	206
UniRef90_UPI000498E5D7	54.25	153	175
UniRef90_G9M4K6	56.95	153	211
UniRef90_UPI000258F1FD	54.61	153	152
UniRef90_G8JW01	71.05	153	159
UniRef90_A0A067R0S2	54.61	153	154
UniRef90_G9M4K4	59.60	153	211
UniRef90_G7E7Y4	66.89	153	156
UniRef90_T2B4T7	59.48	153	153
UniRef90_A0A0L0S104	60.26	153	153
UniRef90_E5RZT8	53.95	153	180
UniRef90_D2K8K6	57.72	153	153
UniRef90_A0A096X937	58.17	153	150
UniRef90_A0A094HUN5	63.82	153	154
UniRef90_U4L6E7	69.08	153	155
UniRef90_UPI0002C68B71	58.82	153	154
UniRef90_R4XDI7	61.84	153	154
UniRef90_P00441	55.26	153	154
UniRef90_G3MMT8	58.55	153	154
UniRef90_C6ZRL9	58.82	153	152
UniRef90_A0A067QI78	52.00	153	222
UniRef90_UPI0002C459ED	53.29	153	157
UniRef90_W9RSS6	51.37	153	193
UniRef90_UPI0004E55F9A	54.30	153	212
UniRef90_UPI0006B0EC64	60.53	153	153
UniRef90_UPI000444434C	53.95	153	154
UniRef90_UPI00045D7CAC	56.58	153	154
UniRef90_B6JW95	67.76	153	154
UniRef90_U1NHG1	60.39	153	192
UniRef90_A0A0E9N7R9	69.08	153	153
UniRef90_C5NS97	53.95	153	167
UniRef90_A0A0L7R2N7	53.95	153	152
UniRef90_UPI000444A7FD	61.59	153	200
UniRef90_UPI0006B10F20	53.29	153	224
UniRef90_A1CAD8	68.24	153	165
UniRef90_K4AF55	53.06	153	208
UniRef90_A0A067TI43	63.33	153	197
UniRef90_C4WRV2	55.92	153	152
UniRef90_F8R8R2	54.61	153	152
UniRef90_UPI00046BD70C	53.95	153	154
UniRef90_I4DJ15	53.59	153	154
UniRef90_G6CT52	55.92	153	154
UniRef90_E3W9A4	58.94	153	196
UniRef90_P00443	57.24	153	154
UniRef90_G4NJK6	63.69	153	158
UniRef90_M1JNK3	57.62	153	153
UniRef90_A0A0D2TGF1	55.33	153	181
UniRef90_A0A0C3FY46	60.26	153	194
UniRef90_M4PSX3	56.86	153	154
UniRef90_P27082	54.97	153	152
UniRef90_A0A0E0ANY4	52.82	153	208
UniRef90_A7TG62	69.08	153	181
UniRef90_P82205	56.58	153	154
UniRef90_A5CLI1	55.86	153	274
UniRef90_A9SX65	58.94	153	170
UniRef90_I1LTN6	55.63	153	183
UniRef90_F4Q653	56.00	153	217
UniRef90_V5IV13	54.90	153	165
UniRef90_H3B131	53.59	153	154
UniRef90_A0A088A933	52.32	153	152
UniRef90_UPI0004E55783	56.16	153	220
UniRef90_UPI0003343C06	55.92	153	153
UniRef90_Q70GL0	56.21	153	158
UniRef90_A0A068TS95	54.30	153	226
UniRef90_M5VRH1	55.56	153	156
UniRef90_R7SZB5	61.59	153	201
UniRef90_A0A0K0G3L6	64.05	153	183
UniRef90_K7IYG5	55.63	153	150
UniRef90_A0A068UHA7	54.79	153	261
UniRef90_H0EMK2	65.79	153	154
UniRef90_C3KGY9	56.21	153	154
UniRef90_Q5PSI7	54.30	153	154
UniRef90_P28757	53.64	153	152
UniRef90_A0A0B7NKC3	59.21	153	152
UniRef90_G9M4K3	59.60	153	204
UniRef90_A0A0A9W4R7	57.24	153	154
UniRef90_A0A0C3KIT5	53.95	153	205
UniRef90_K7G779	56.58	153	155
UniRef90_UPI0004DEB34D	56.29	153	165
UniRef90_Q8S3V1	55.63	153	152
UniRef90_UPI00062353E8	55.92	153	152
UniRef90_A0A026WG66	53.29	153	152
UniRef90_G9M4K7	56.95	153	156
UniRef90_P00442	54.30	153	152
UniRef90_UPI000328B494	56.95	153	156
UniRef90_Q6TKF7	55.56	153	152
UniRef90_P10791	53.29	153	153
UniRef90_UPI0006444675	54.25	153	153
UniRef90_Q8MUT8	55.19	153	155
UniRef90_B9HQP5	54.97	153	219
UniRef90_UPI00067DB94B	53.59	153	155
UniRef90_E7CWH6	58.90	153	199
UniRef90_I1I9J5	56.85	153	206
UniRef90_A0A097I4Z6	56.85	153	227
UniRef90_D8SBS8	56.29	153	151
UniRef90_P23346	54.30	153	152
UniRef90_A0A0K8TQF3	53.64	153	152
UniRef90_F4MI33	54.97	153	153
UniRef90_O65175	56.29	153	216
UniRef90_H2WL43	59.74	153	180
UniRef90_S5S4I5	60.53	153	153
UniRef90_W5VU42	55.17	153	199
UniRef90_D3TRM9	56.29	153	153
UniRef90_L8GDC4	60.53	153	157
UniRef90_A0A0A7DNE9	57.52	153	154
UniRef90_O65768	58.28	153	152
UniRef90_M9SYB8	62.99	153	159
UniRef90_Q9SW98	53.64	153	152
UniRef90_S3CQJ8	65.77	153	219
UniRef90_O48654	58.55	153	161
UniRef90_UPI00053C21D3	56.16	153	221
UniRef90_Q01137	54.61	153	153
UniRef90_E0W322	53.64	153	154
UniRef90_L7S1T0	55.33	153	152
UniRef90_G3T643	54.97	153	153
UniRef90_B8YNX4	53.64	153	153
UniRef90_A0A0D3DYD4	53.33	153	198
UniRef90_A0A0D2NMP3	60.93	153	166
UniRef90_A0A0H2SFZ5	56.95	153	157
UniRef90_Q65YQ2	56.29	153	152
UniRef90_P28755	52.63	153	153
UniRef90_B3S9R7	54.61	153	154
UniRef90_A0A0B2VPI6	61.04	153	161
UniRef90_C7ZR16	61.44	153	173
UniRef90_Q7QDP9	55.92	153	153
UniRef90_Q07182	54.97	153	153
UniRef90_D2A2T2	52.32	153	153
UniRef90_F8Q1R3	62.00	153	172
UniRef90_P80174	51.83	153	167
UniRef90_P04178	53.29	153	153
UniRef90_V8PGN0	56.13	153	163
UniRef90_W6E877	53.59	153	153
UniRef90_Q56VR6	54.30	153	152
UniRef90_A0A0G4KIV0	68.12	153	1373
UniRef90_Q60FS5	59.60	153	151
UniRef90_Q58ZE5	54.97	153	152
UniRef90_Q9AR80	54.90	153	156
UniRef90_L5KYT8	53.29	153	153
UniRef90_A7S2P2	55.56	153	156
UniRef90_UPI0003F10B87	53.95	153	153
UniRef90_D6QXC0	56.85	153	222
UniRef90_W4K7C2	57.33	153	214
UniRef90_D7TI74	53.59	153	156
UniRef90_Q000H3	54.61	153	152
UniRef90_UPI00064E03D8	56.29	153	152
UniRef90_A0A0B6Y7Q8	55.19	153	155
UniRef90_Q38J79	56.29	153	152
UniRef90_H9BEW2	52.63	153	153
UniRef90_M5WAT2	55.78	153	157
UniRef90_P11428	56.29	153	151
UniRef90_F1CZQ4	56.29	153	222
UniRef90_A0A0K0EHJ3	64.05	153	158
UniRef90_J4I8N5	61.59	153	198
UniRef90_A0A068VCS5	56.29	153	152
UniRef90_UPI0003C2ADDD	59.21	153	154
UniRef90_R7UPQ8	52.20	153	160
UniRef90_Q8WNN6	54.90	153	153
UniRef90_G4XH81	54.90	153	154
UniRef90_B6CHW7	55.92	153	153
UniRef90_L7S293	54.30	153	152
UniRef90_J7H0M9	54.90	153	152
UniRef90_P24669	57.62	153	154
UniRef90_Q0IIW3	60.13	153	151
UniRef90_C1LNY3	52.63	153	169
UniRef90_A0A075IVQ8	56.25	153	224
UniRef90_D3AVW2	55.92	153	199
UniRef90_A3QQY1	56.86	153	153
UniRef90_J3SDD5	54.84	153	159
UniRef90_Q9BA07	56.16	153	210
UniRef90_C8CHT2	53.64	153	152
UniRef90_I1GRB8	54.30	153	152
UniRef90_UPI000462C6C7	54.19	153	229
UniRef90_Q7YXL9	55.84	153	155
UniRef90_Q9AR77	54.25	153	158
UniRef90_U5DDV0	55.56	153	158
UniRef90_A2XGP6	54.97	153	152
UniRef90_A0A0D6R9V5	50.31	153	166
UniRef90_A0A0B7ARH9	56.13	153	155
UniRef90_A0A0L0HSS9	55.92	153	153
UniRef90_UPI000581765C	55.63	153	153
UniRef90_P41962	55.92	153	158
UniRef90_B5G2U2	55.26	153	154
UniRef90_B1PRK3	54.67	153	152
UniRef90_UPI0004E56EB5	57.62	153	154
UniRef90_K4GBR3	55.56	153	157
UniRef90_G5BEA6	44.44	153	200
UniRef90_W9SBU2	55.56	153	278
UniRef90_Q95086	53.29	153	152
UniRef90_W0FVL0	53.64	153	152
UniRef90_A0A059D9S5	56.16	153	224
UniRef90_A0A0A1NRV4	60.67	153	152
UniRef90_Q9SQL5	54.30	153	152
UniRef90_A0A0D0D753	59.03	153	192
UniRef90_Q4JKA6	54.97	153	152
UniRef90_C3RSN1	53.95	153	152
UniRef90_Q8L5E0	52.98	153	152
UniRef90_A0A0K0NPR2	54.25	153	156
UniRef90_P22233	54.00	153	152
UniRef90_A0A075W0S9	54.97	153	153
UniRef90_C1C4J6	57.52	153	150
UniRef90_R9QXL9	56.21	153	152
UniRef90_A8ICW9	55.63	153	152
UniRef90_A8XCP3	59.09	153	180
UniRef90_I1C456	60.53	153	152
UniRef90_B8APH0	53.47	153	187
UniRef90_A0A0C9RR75	58.28	153	154
UniRef90_A0A0D2WYD5	59.60	153	151
UniRef90_UPI0005F41DD9	52.63	153	155
UniRef90_B9I5X0	52.94	153	158
UniRef90_A0A067NPM1	57.89	153	195
UniRef90_G9D320	53.95	153	151
UniRef90_A7S2P3	52.63	153	154
UniRef90_G9BQS8	54.61	153	153
UniRef90_UPI00063F3902	50.33	153	154
UniRef90_E2IH94	53.02	153	152
UniRef90_G9M4K5	56.95	153	156
UniRef90_A0A0L9SMZ1	62.05	153	191
UniRef90_C3KIP6	55.56	153	154
UniRef90_E6Y8N8	54.30	153	152
UniRef90_O77253	51.28	153	195
UniRef90_A9NQ55	54.25	153	156
UniRef90_F1CYZ2	55.63	153	152
UniRef90_UPI0004421278	56.13	153	159
UniRef90_A0A0N5DBX6	60.13	153	156
UniRef90_W0FW16	53.64	153	152
UniRef90_E6Y8N5	55.63	153	152
UniRef90_A0A0A0LIH2	56.29	153	152
UniRef90_D2Y1A6	55.63	153	152
UniRef90_A0A091H3F5	53.29	153	154
UniRef90_P28758	62.50	153	154
UniRef90_D4HNE3	52.53	153	159
UniRef90_A0A0H3Y8M9	53.64	153	152
UniRef90_O65174	56.95	153	152
UniRef90_I1C3T1	59.21	153	152
UniRef90_Q802E0	53.95	153	154
UniRef90_Q07796	53.64	153	152
