UniRef90_P00491	99.65	289	289
UniRef90_UPI0001CE2B54	90.31	289	289
UniRef90_UPI00046B326D	92.73	289	549
UniRef90_UPI0002C331B2	90.31	289	289
UniRef90_G1SN21	90.53	289	289
UniRef90_G1NWQ8	89.16	289	301
UniRef90_UPI0004ED1F77	88.24	289	289
UniRef90_F7AZD1	87.89	289	289
UniRef90_UPI0005BCE41C	88.89	289	289
UniRef90_F1S8H8	88.46	289	308
UniRef90_P55859	88.38	289	289
UniRef90_H0UUF6	86.97	289	288
UniRef90_G3SSZ8	89.25	289	289
UniRef90_UPI0003289A97	86.57	289	289
UniRef90_M3W6S5	86.16	289	289
UniRef90_L8YE89	88.07	289	290
UniRef90_UPI00045E1BDB	85.81	289	289
UniRef90_UPI0003319532	85.47	289	289
UniRef90_UPI00038BEFE7	85.52	289	342
UniRef90_P85973	85.12	289	289
UniRef90_UPI0003F16A33	84.08	289	289
UniRef90_F1PQM1	84.72	289	289
UniRef90_M3Z345	83.68	289	292
UniRef90_UPI0003EDD4F5	84.43	289	289
UniRef90_P23492	84.08	289	289
UniRef90_H0X8W6	85.66	289	289
UniRef90_UPI0000F6289B	84.48	289	290
UniRef90_UPI0004BD851A	84.91	289	274
UniRef90_G1LFJ8	83.86	289	291
UniRef90_UPI0003F15D59	85.30	289	405
UniRef90_UPI00045DE28A	82.01	289	289
UniRef90_UPI00063C8C7C	82.46	289	432
UniRef90_F6VQN8	75.78	289	309
UniRef90_UPI0003F0A022	77.30	289	288
UniRef90_F7B5G2	74.39	289	312
UniRef90_UPI0006432E6A	77.03	289	292
UniRef90_UPI00057657E7	75.78	289	322
UniRef90_UPI00064B86BA	88.74	289	242
UniRef90_H9GDE3	71.53	289	293
UniRef90_UPI0004D04C41	88.84	289	279
UniRef90_UPI0005FB94FF	90.00	289	230
UniRef90_UPI000441A5F8	70.86	289	308
UniRef90_J3S0I7	70.11	289	293
UniRef90_U6D7N9	87.89	289	223
UniRef90_UPI0003889D1F	68.71	289	294
UniRef90_UPI0003C29150	68.35	289	346
UniRef90_UPI000496589A	64.52	289	293
UniRef90_A0A0F8AVA2	67.51	289	286
UniRef90_H3ACL6	64.89	289	293
UniRef90_Q6P0H3	66.91	289	286
UniRef90_H3CPR2	63.93	289	293
UniRef90_UPI000551DB64	64.16	289	293
UniRef90_H2MCJ6	66.55	289	299
UniRef90_UPI00063C15F8	84.65	289	275
UniRef90_H3AFG7	64.79	289	286
UniRef90_Q6NYG0	64.52	289	293
UniRef90_UPI000496C28C	67.62	289	296
UniRef90_H2TAC6	63.38	289	294
UniRef90_UPI000329BBED	64.71	289	300
UniRef90_M4AL69	66.55	289	288
UniRef90_C1BZH1	63.54	289	294
UniRef90_W5U8E8	66.19	289	286
UniRef90_UPI0006B31E0C	66.55	289	297
UniRef90_H2LWB7	64.03	289	300
UniRef90_UPI000577E2A1	62.63	289	294
UniRef90_UPI0001550C61	87.02	289	216
UniRef90_M4A269	64.52	289	293
UniRef90_A0A060WKY7	65.68	289	298
UniRef90_UPI0006B32CAA	64.16	289	293
UniRef90_A0A060X3S1	63.44	289	298
UniRef90_I3JYS4	65.81	289	304
UniRef90_Q6DIT1	66.43	289	297
UniRef90_H2LBY1	63.87	289	291
UniRef90_G3V5M2	99.44	289	221
UniRef90_UPI0003C2AD0B	65.93	289	293
UniRef90_UPI0006B83293	63.80	289	293
UniRef90_G3NFD8	66.55	289	289
UniRef90_W5LN18	63.67	289	292
UniRef90_A0A060YUD5	62.45	289	292
UniRef90_I3KD75	61.79	289	291
UniRef90_UPI0003C28AEF	62.63	289	286
UniRef90_V9L305	62.23	289	286
UniRef90_W5US25	60.78	289	292
UniRef90_UPI0006B394D0	60.93	289	293
UniRef90_A0A093J3K2	65.58	289	279
UniRef90_W5MVX6	63.64	289	296
UniRef90_UPI000577F5C9	61.79	289	292
UniRef90_A0A091TSD2	64.49	289	280
UniRef90_UPI000644CE48	65.58	289	290
UniRef90_H3CL49	61.62	289	284
UniRef90_UPI0004955EDE	65.47	289	319
UniRef90_UPI0006446525	61.65	289	306
UniRef90_UPI0006B77A2B	64.06	289	286
UniRef90_I3K5R4	62.59	289	295
UniRef90_G3Q5E6	62.63	289	320
UniRef90_W5MHM5	65.83	289	297
UniRef90_UPI00064419F7	62.28	289	286
UniRef90_A0A091HLY5	63.77	289	280
UniRef90_S4RTI0	62.23	289	286
UniRef90_H2TH35	65.07	289	280
UniRef90_UPI000644732E	60.57	289	295
UniRef90_U3JXX7	63.54	289	294
UniRef90_UPI000644795B	60.73	289	301
UniRef90_A0A0G2CZB9	63.64	289	293
UniRef90_Q7SZW5	60.92	289	291
UniRef90_M3ZTW6	59.14	289	296
UniRef90_A0A091W570	63.41	289	280
UniRef90_UPI0006B6F4BB	59.86	289	291
UniRef90_UPI0006443F83	59.86	289	291
UniRef90_W5MHX7	60.93	289	304
UniRef90_M3ZVE5	60.57	289	296
UniRef90_Q6P016	60.36	289	304
UniRef90_W5L2P2	58.80	289	291
UniRef90_F1NZ91	61.37	289	289
UniRef90_I3IVU2	62.04	289	291
UniRef90_H3AGM2	61.59	289	293
UniRef90_Q66ID4	58.72	289	294
UniRef90_A0A091RSM0	62.68	289	280
UniRef90_UPI0005760543	61.87	289	304
UniRef90_H0Z6G3	61.23	289	280
UniRef90_C3KH91	59.64	289	295
UniRef90_UPI0005CBF084	60.22	289	399
UniRef90_T1J2B2	59.01	289	286
UniRef90_H0XHZ9	68.80	289	268
UniRef90_E3TC70	58.18	289	297
UniRef90_UPI0004983C0D	58.48	289	295
UniRef90_A0A093DIM1	61.29	289	282
UniRef90_V9KZ17	59.93	289	290
UniRef90_M3ZDN8	59.49	289	292
UniRef90_G3LZY0	58.18	289	295
UniRef90_H9GDJ2	58.84	289	299
UniRef90_UPI000698D51D	57.19	289	301
UniRef90_H2SDU8	59.41	289	291
UniRef90_UPI00052ECFED	60.87	289	291
UniRef90_A0A023GHV8	58.84	289	296
UniRef90_E9GU60	57.55	289	333
UniRef90_UPI0006710B80	60.14	289	301
UniRef90_UPI0006B06FF3	59.06	289	300
UniRef90_V3YW72	57.40	289	281
UniRef90_UPI0000583CCE	57.86	289	290
UniRef90_Q7SYP6	68.20	289	249
UniRef90_A0A087TRU6	59.19	289	275
UniRef90_UPI000393F0E8	63.39	289	293
UniRef90_G3NJY7	57.65	289	301
UniRef90_W4Y1R3	57.91	289	364
UniRef90_B3RV48	56.47	289	287
UniRef90_UPI00064FBC1C	85.05	289	328
UniRef90_R0JI95	58.36	289	282
UniRef90_U3IGQ2	58.16	289	296
UniRef90_UPI000359CD5E	55.00	289	304
UniRef90_A0A0B6YS56	54.68	289	296
UniRef90_D6WHJ8	56.23	289	308
UniRef90_A0A084WA99	55.99	289	341
UniRef90_V4AEM1	54.09	289	289
UniRef90_W5LXZ1	66.08	289	233
UniRef90_A0A0K8RK63	55.60	289	296
UniRef90_A0A0A1WPJ2	56.32	289	308
UniRef90_UPI0005C38500	54.35	289	323
UniRef90_Q7Q6A9	55.76	289	301
UniRef90_U5EV37	54.68	289	297
UniRef90_W5JNR5	55.63	289	348
UniRef90_A0A067QW09	55.76	289	337
UniRef90_A0A0L0CHI9	54.96	289	357
UniRef90_R7V8A8	52.88	289	297
UniRef90_H9JQG8	52.98	289	321
UniRef90_C1BRF2	54.51	289	308
UniRef90_K7IM21	53.19	289	323
UniRef90_A0A034VGE2	57.41	289	328
UniRef90_C1C239	55.16	289	316
UniRef90_UPI0006C96418	53.96	289	331
UniRef90_A0A0A1WFJ0	57.41	289	328
UniRef90_UPI00046CC6EA	54.78	289	355
UniRef90_UPI0006735777	56.39	289	351
UniRef90_UPI0002656F4D	56.16	289	287
UniRef90_A0A0D2VXD4	53.40	289	310
UniRef90_K1Q9A4	52.86	289	329
UniRef90_UPI0006B0C36C	53.41	289	282
UniRef90_A0A088ARK6	52.90	289	327
UniRef90_UPI0005CE7C9E	52.52	289	323
UniRef90_UPI0004CD1102	52.78	289	328
UniRef90_D3TLL2	54.12	289	319
UniRef90_V5I8X0	56.69	289	327
UniRef90_UPI0005AC408D	53.31	289	381
UniRef90_G3NJX8	62.66	289	291
UniRef90_T1PEF0	53.10	289	356
UniRef90_T1E9Q0	57.68	289	347
UniRef90_UPI00067BB8B9	53.33	289	328
UniRef90_UPI0004AB46ED	52.84	289	291
UniRef90_K1R4H7	54.38	289	646
UniRef90_K1QK12	51.77	289	330
UniRef90_UPI0006C9DB67	52.13	289	338
UniRef90_UPI00062625F9	52.60	289	344
UniRef90_T1GD09	53.93	289	293
UniRef90_H2YNQ6	53.41	289	286
UniRef90_D3PFJ6	53.48	289	319
UniRef90_UPI0006252F16	51.90	289	327
UniRef90_G6CQN8	53.82	289	318
UniRef90_F4X5C6	51.93	289	332
UniRef90_E0VM92	54.45	289	318
UniRef90_UPI00026592A8	52.48	289	286
UniRef90_A0A0L8HM87	53.82	289	286
UniRef90_W8C6S6	53.74	289	306
UniRef90_B3SCP0	52.16	289	288
UniRef90_T1KTQ0	52.16	289	304
UniRef90_UPI000614AF4C	51.58	289	437
UniRef90_C3ZRV1	51.44	289	286
UniRef90_UPI00053CECF1	55.87	289	274
UniRef90_G3VC78	72.82	289	218
UniRef90_T1HZJ0	51.44	289	292
UniRef90_A0A068Y2F6	51.26	289	279
UniRef90_B4MGP7	51.94	289	408
UniRef90_B4IYL5	51.59	289	390
UniRef90_Q5YBA4	50.36	289	285
UniRef90_B4N381	50.88	289	413
UniRef90_Q2LYR4	51.24	289	396
UniRef90_I4DN26	51.94	289	324
UniRef90_A0A0M4EC62	51.79	289	370
UniRef90_B3NBJ0	51.23	289	351
UniRef90_A0A060WM20	62.73	289	256
UniRef90_I1GJF7	50.54	289	309
UniRef90_A0A0C9QZ53	50.53	289	330
UniRef90_Q9W004	51.06	289	329
UniRef90_Q7KV91	51.06	289	321
UniRef90_A0A0J9RP10	51.07	289	321
UniRef90_B4KXX0	51.07	289	392
UniRef90_A0A0A9XXL6	51.24	289	315
UniRef90_G5A1Z6	51.87	289	351
UniRef90_H3G995	53.28	289	289
UniRef90_T2MI18	50.54	289	286
UniRef90_Q95TC1	51.06	289	356
UniRef90_UPI00038BECFA	87.74	289	159
UniRef90_Q17IS2	51.08	289	298
UniRef90_A0A0M8K8J0	56.54	289	285
UniRef90_B3M6Q5	50.18	289	418
UniRef90_UPI0005D0BD86	51.42	289	339
UniRef90_UPI0006237225	53.19	289	332
UniRef90_UPI00058D6F71	51.40	289	333
UniRef90_D0NYH8	52.24	289	351
UniRef90_W5JKQ6	54.42	289	336
UniRef90_UPI0003593AD9	49.63	289	291
UniRef90_A0A094ZR11	49.28	289	287
UniRef90_M4C5H9	52.61	289	315
UniRef90_A0A069DS66	50.36	289	299
UniRef90_G3XXB0	52.76	289	326
UniRef90_B0WKC7	51.08	289	329
UniRef90_UPI0006D4DB51	50.88	289	331
UniRef90_D6WN16	50.54	289	302
UniRef90_U6H8S3	51.45	289	279
UniRef90_A0A0C9SBP3	60.09	289	235
UniRef90_A0A0G2GAD4	47.88	289	322
UniRef90_Q4WDN1	50.00	289	320
UniRef90_J3KLM3	54.15	289	317
UniRef90_E9QIZ7	60.75	289	225
UniRef90_A0A0F8VPH3	55.47	289	315
UniRef90_N6U0W3	56.45	289	260
UniRef90_C8V0B3	51.19	289	315
UniRef90_D0NTD2	50.75	289	363
UniRef90_E4UYY9	52.86	289	314
UniRef90_G4YYD0	51.49	289	354
UniRef90_D5GNI0	49.67	289	316
UniRef90_G5AVJ9	82.14	289	200
UniRef90_B8NCZ7	54.15	289	319
UniRef90_A0A0B6ZGY4	49.28	289	291
UniRef90_A0A0E9XRD1	64.36	289	209
UniRef90_A0A0M9A8P0	53.05	289	424
UniRef90_A0A060YZB2	58.26	289	266
UniRef90_A0A0L7RIS9	56.02	289	267
UniRef90_A0A084WA98	52.88	289	295
UniRef90_U6HAA2	50.00	289	280
UniRef90_A7S700	50.71	289	295
UniRef90_A0A086TKA2	48.36	289	304
UniRef90_S8AW25	53.43	289	317
UniRef90_M2NEX9	50.00	289	312
UniRef90_F9XH75	47.68	289	314
UniRef90_Q9BMI9	49.28	289	287
UniRef90_UPI0006741BCE	48.34	289	290
UniRef90_K3WSW4	50.00	289	393
UniRef90_UPI0006CEECE3	49.46	289	304
UniRef90_K2S0V9	47.23	289	322
UniRef90_H3GH23	48.75	289	315
UniRef90_UPI0002C6405B	84.57	289	222
UniRef90_UPI0002C6405B	81.67	289	222
UniRef90_F6Z6J2	49.27	289	296
UniRef90_B8MTR7	50.88	289	317
UniRef90_C1L6U5	47.83	289	287
UniRef90_W7HPP0	50.82	289	324
UniRef90_A0A060T5F1	54.38	289	302
UniRef90_I1GJF8	47.29	289	313
UniRef90_C1GLD0	49.18	289	317
UniRef90_A0A024U8G4	49.64	289	397
UniRef90_T0QBL6	49.65	289	364
UniRef90_W6QNT6	52.11	289	317
UniRef90_G4VP82	49.28	289	409
UniRef90_G4VP82	48.19	289	409
UniRef90_B6GY76	50.90	289	297
UniRef90_UPI0006B78BAB	52.35	289	334
UniRef90_T1G841	50.00	289	277
UniRef90_Q7PIK5	51.61	289	329
UniRef90_I0I103	51.29	289	300
UniRef90_A0A0G4FPX5	52.14	289	292
UniRef90_UPI0002C640D5	84.57	289	342
UniRef90_UPI0002C640D5	82.14	289	342
UniRef90_U4LVW4	52.16	289	456
UniRef90_Q6BZX6	51.84	289	298
UniRef90_U4UD54	52.45	289	646
UniRef90_A0A075AQF2	52.73	289	301
UniRef90_N6T4N0	52.08	289	665
UniRef90_A0A0F7VCX0	51.06	289	317
UniRef90_A0A0K8TQJ9	50.18	289	340
UniRef90_H3DRD5	57.21	289	232
UniRef90_R7RSC6	51.82	289	272
UniRef90_A0A074XAC2	47.81	289	325
UniRef90_C5K3K5	51.64	289	310
UniRef90_A0A0A9X8X6	44.44	289	305
UniRef90_UPI0004BC50A1	52.75	289	289
UniRef90_L1QH33	50.74	289	272
UniRef90_F0X2D4	47.78	289	327
UniRef90_F2UQ33	50.97	289	303
UniRef90_UPI00021A75C5	52.63	289	335
UniRef90_A0A0B2UYG4	49.47	289	293
UniRef90_A0A017SK16	47.00	289	333
UniRef90_S6FCM7	50.00	289	272
UniRef90_A0A0D2AS74	47.71	289	318
UniRef90_A0A0E3K446	49.28	289	272
UniRef90_R7YYC7	49.12	289	319
UniRef90_M5P9A1	51.65	289	274
UniRef90_I2H5X6	49.45	289	306
UniRef90_UPI000554B619	52.55	289	271
UniRef90_Q05788	48.44	289	311
UniRef90_UPI0005097D0B	50.18	289	272
UniRef90_A0A068Y2G1	48.59	289	291
UniRef90_M2YXA9	47.44	289	311
UniRef90_A0A0G2JAW7	49.30	289	317
UniRef90_A0A068Y9N1	46.57	289	279
UniRef90_A0A024GIK9	48.50	289	354
UniRef90_UPI0006E282C8	49.28	289	272
UniRef90_H2KSM1	46.76	289	330
UniRef90_UPI00069C3F1E	52.65	289	288
UniRef90_G1XUC6	52.31	289	324
UniRef90_UPI00048AAA5D	48.55	289	273
UniRef90_Q0UGU0	47.06	289	315
UniRef90_UPI0006B5B293	49.64	289	272
UniRef90_V9HGY8	49.82	289	272
UniRef90_V5G720	48.84	289	313
UniRef90_C0P0G2	48.95	289	317
UniRef90_M2TFJ1	46.08	289	322
UniRef90_UPI00067EE63B	51.46	289	270
UniRef90_W0VL10	49.28	289	304
UniRef90_A0A0G2Z5C5	50.89	289	283
UniRef90_UPI00037A2D6E	49.64	289	268
UniRef90_A0A0L0FCJ3	50.36	289	288
UniRef90_E5AAQ5	45.75	289	317
UniRef90_M2WLQ4	45.93	289	338
UniRef90_F4NVP5	47.30	289	312
UniRef90_A0A0F5KXC6	51.28	289	271
UniRef90_N1QJV0	46.51	289	340
UniRef90_B6K0G6	46.26	289	319
UniRef90_A6LLB2	50.00	289	273
UniRef90_A0A069RE38	49.64	289	272
UniRef90_G0W9B7	48.20	289	315
UniRef90_A0A0N5AEV2	48.40	289	288
UniRef90_C5DYA3	48.12	289	304
UniRef90_A0A023UIB5	63.83	289	195
UniRef90_G8LUB5	47.87	289	274
UniRef90_W6UX55	45.13	289	279
UniRef90_J7S4P6	47.67	289	312
UniRef90_A0A0M2PKV4	50.90	289	272
UniRef90_A0A0M2TYP0	52.03	289	273
UniRef90_G8ZRF6	50.56	289	309
UniRef90_C5CFQ0	49.63	289	286
UniRef90_UPI000496B13F	49.06	289	272
UniRef90_UPI00047B3987	51.62	289	273
UniRef90_B2VVS1	47.37	289	319
UniRef90_Q8XHI8	49.82	289	272
UniRef90_UPI00066522E4	48.91	289	272
UniRef90_S9X7W1	49.45	289	319
UniRef90_UPI000414BF38	50.73	289	272
UniRef90_Q67R72	54.18	289	273
UniRef90_R1GJ83	47.67	289	692
UniRef90_A7TL14	48.89	289	309
UniRef90_UPI0006C5EE34	48.91	289	272
UniRef90_A0A0G2BDS5	66.31	289	189
UniRef90_D8GJH6	49.45	289	281
UniRef90_A0A0B6WZA2	50.00	289	284
UniRef90_I1SRQ7	62.96	289	196
UniRef90_A0A0G2F4T0	50.00	289	314
UniRef90_A0A0C7NAT6	47.12	289	305
UniRef90_K9H539	47.37	289	337
UniRef90_A0A0A7G057	50.95	289	272
UniRef90_U2NGQ4	48.54	289	272
UniRef90_C5E222	47.39	289	305
UniRef90_R6FZ49	52.40	289	272
UniRef90_E1ID48	47.16	289	277
UniRef90_A0A0N5DGG2	48.55	289	292
UniRef90_S9Q6I1	48.35	289	319
UniRef90_UPI0005972BF3	50.00	289	275
UniRef90_U5LD52	51.27	289	273
UniRef90_UPI000509D238	50.54	289	271
UniRef90_A0A0H5RZ85	47.65	289	295
UniRef90_UPI0003A11416	50.55	289	270
UniRef90_A0A0J9X6E3	48.55	289	301
UniRef90_A0A068XQL9	43.68	289	278
UniRef90_A0A0D8ICZ4	49.46	289	273
UniRef90_A0A017RU83	48.73	289	273
UniRef90_H2J802	46.91	289	277
UniRef90_R9TZ50	50.18	289	271
UniRef90_A0A0L6ZCC8	49.82	289	272
UniRef90_K0KR31	49.43	289	299
UniRef90_Q9UTG1	48.91	289	315
UniRef90_C4JPJ8	48.29	289	308
UniRef90_A0A0L1IR02	55.02	289	309
UniRef90_A0A0N4V8Q7	48.21	289	303
UniRef90_A5DXC2	50.18	289	307
UniRef90_A7NJS7	50.74	289	288
UniRef90_A0A0L0G837	47.69	289	289
UniRef90_UPI0005B2C9FF	48.91	289	272
UniRef90_UPI00041AE2F7	51.15	289	272
UniRef90_UPI0002E2164D	49.28	289	270
UniRef90_A0A044TBN7	46.43	289	284
UniRef90_A6CMW8	49.28	289	271
UniRef90_A0A0K2T779	45.10	289	314
UniRef90_A0A068XIX5	43.68	289	278
UniRef90_A0A085M8V8	48.19	289	302
UniRef90_UPI0004174F99	48.72	289	277
UniRef90_UPI00046EDD79	49.27	289	270
UniRef90_A0A074ZTL8	52.28	289	268
UniRef90_A9WFX1	48.91	289	273
UniRef90_UPI0004242480	49.81	289	270
UniRef90_B9WDS7	51.49	289	307
UniRef90_A0A0M0XAY4	49.82	289	274
UniRef90_A0A099W958	50.57	289	272
UniRef90_G8YQD0	47.78	289	305
UniRef90_A0A0B5KWZ9	50.18	289	296
UniRef90_R9C379	50.92	289	264
UniRef90_D5WXZ0	50.72	289	271
UniRef90_W6MIX3	46.64	289	289
UniRef90_UPI00058B2256	47.08	289	271
UniRef90_A0A0H3E3J3	49.45	289	271
UniRef90_A0A0A2MX41	48.35	289	270
UniRef90_UPI0003097840	48.56	289	270
UniRef90_C5M876	50.37	289	307
UniRef90_Q6CSZ6	47.25	289	306
UniRef90_G4VP83	45.96	289	274
UniRef90_A0A0A2MFQ4	47.62	289	270
UniRef90_F2QME8	48.91	289	307
UniRef90_A0A066WP75	48.36	289	270
UniRef90_A0PYX7	47.48	289	272
UniRef90_A3J4X2	47.83	289	270
UniRef90_UPI0005C85B06	52.00	289	278
UniRef90_D6TJW0	50.00	289	278
UniRef90_C1C0Q7	45.88	289	299
UniRef90_UPI0006D7BE72	50.00	289	272
UniRef90_A0A0C2UNZ7	50.00	289	275
UniRef90_A0A0K9GWL3	49.08	289	270
UniRef90_R5GT13	51.81	289	271
UniRef90_R7IZY3	50.73	289	270
UniRef90_UPI0006B1E983	77.12	289	158
UniRef90_F5L875	51.11	289	270
UniRef90_F0ICF0	48.89	289	273
UniRef90_A8F551	49.25	289	273
UniRef90_I7K9U3	46.91	289	272
UniRef90_A0A0A1P209	46.82	289	317
UniRef90_A9URE9	47.60	289	311
UniRef90_UPI00036E9C3D	50.54	289	273
UniRef90_A0A068Y6Q9	53.71	289	268
UniRef90_UPI000402CAF8	50.19	289	274
UniRef90_UPI00036C5482	48.73	289	273
UniRef90_C5P2F4	47.40	289	344
UniRef90_G8JSE6	48.26	289	308
UniRef90_U1MDI1	46.79	289	301
UniRef90_Q6HE80	53.91	289	273
UniRef90_A0A061BH94	49.24	289	298
UniRef90_A0A0A2GBX7	49.64	289	273
UniRef90_I7LHZ9	49.81	289	272
UniRef90_UPI00048E7CBF	48.01	289	276
UniRef90_G8UJL7	50.00	289	270
UniRef90_A5USV0	50.78	289	297
UniRef90_E5WI82	48.39	289	273
UniRef90_F1LBA4	48.21	289	293
UniRef90_E1UK92	48.00	289	272
UniRef90_R9CBL5	45.62	289	272
UniRef90_E0ICF8	51.91	289	279
UniRef90_I7ALB8	44.60	289	307
UniRef90_UPI0006D23F95	45.96	289	275
UniRef90_A0A037Z7B4	47.45	289	271
UniRef90_Q6FNV3	47.31	289	315
UniRef90_H8X1B4	49.44	289	306
UniRef90_D7N6W4	46.43	289	273
UniRef90_A0A0A6VE28	50.55	289	277
UniRef90_D6XVG3	45.56	289	286
UniRef90_A0A0F5QZU7	49.82	289	276
UniRef90_A0A098BW35	48.00	289	270
UniRef90_F7YYG1	48.91	289	280
UniRef90_UPI00048F2EAC	51.15	289	271
UniRef90_UPI0005EF8901	48.91	289	273
UniRef90_A0A0M4G8G3	46.93	289	270
UniRef90_UPI0004E108C6	50.38	289	269
UniRef90_UPI0006A76697	48.91	289	272
UniRef90_A0A090BNY2	45.65	289	306
UniRef90_A0A077J1Q9	48.20	289	272
UniRef90_A0A0D5NQP0	51.29	289	274
UniRef90_A0A081P648	48.38	289	276
UniRef90_A0A090ZGX3	50.55	289	267
UniRef90_P00491	99.65	289	289
UniRef90_UPI00046B326D	92.73	289	549
UniRef90_UPI0002C331B2	90.31	289	289
UniRef90_UPI0004ED1F77	88.24	289	289
UniRef90_UPI0001CE2B54	90.31	289	289
UniRef90_G1NWQ8	89.16	289	301
UniRef90_UPI00063C8C7C	82.17	289	432
UniRef90_UPI0003F16A33	84.08	289	289
UniRef90_P55859	87.15	289	289
UniRef90_UPI0005BCE41C	88.89	289	289
UniRef90_G1SN21	90.21	289	289
UniRef90_UPI00045E1BDB	85.81	289	289
UniRef90_UPI0003289A97	85.37	289	289
UniRef90_F1S8H8	88.46	289	308
UniRef90_M3W6S5	86.16	289	289
UniRef90_G3SSZ8	87.76	289	289
UniRef90_P85973	85.12	289	289
UniRef90_H0UUF6	86.67	289	288
UniRef90_F1PQM1	84.72	289	289
UniRef90_M3Z345	83.68	289	292
UniRef90_UPI0003319532	85.47	289	289
UniRef90_P23492	84.08	289	289
UniRef90_F7AZD1	87.89	289	289
UniRef90_H0X8W6	84.45	289	289
UniRef90_H9GDE3	69.79	289	293
UniRef90_UPI0003F0A022	76.76	289	288
UniRef90_UPI00038BEFE7	85.52	289	342
UniRef90_UPI0003EDD4F5	84.43	289	289
UniRef90_H2MCJ6	66.55	289	299
UniRef90_G1LFJ8	83.57	289	291
UniRef90_UPI000441A5F8	68.88	289	308
UniRef90_UPI000496589A	63.38	289	293
UniRef90_UPI0006B31E0C	65.84	289	297
UniRef90_UPI00045DE28A	82.01	289	289
UniRef90_UPI0000F6289B	84.48	289	290
UniRef90_A0A0F8AVA2	66.55	289	286
UniRef90_J3S0I7	68.40	289	293
UniRef90_M4A269	62.94	289	293
UniRef90_UPI0003C29150	66.43	289	346
UniRef90_Q6P0H3	65.48	289	286
UniRef90_Q6NYG0	63.16	289	293
UniRef90_H3AFG7	64.79	289	286
UniRef90_UPI000496C28C	67.62	289	296
UniRef90_UPI000329BBED	64.71	289	300
UniRef90_L8YE89	87.11	289	290
UniRef90_H3CPR2	62.81	289	293
UniRef90_H2LBY1	63.41	289	291
UniRef90_UPI0003F15D59	84.70	289	405
UniRef90_W5U8E8	65.48	289	286
UniRef90_UPI0006432E6A	76.39	289	292
UniRef90_M4AL69	65.84	289	288
UniRef90_F6VQN8	75.78	289	309
UniRef90_H2TAC6	63.38	289	294
UniRef90_I3JYS4	65.33	289	304
UniRef90_UPI0004955EDE	65.23	289	319
UniRef90_H2LWB7	62.90	289	300
UniRef90_UPI00064419F7	62.28	289	286
UniRef90_UPI0006B32CAA	62.59	289	293
UniRef90_UPI0006B394D0	59.58	289	293
UniRef90_A0A060WKY7	65.68	289	298
UniRef90_UPI000577E2A1	61.32	289	294
UniRef90_H3ACL6	63.76	289	293
UniRef90_W5US25	60.14	289	292
UniRef90_C1BZH1	63.76	289	294
UniRef90_UPI000551DB64	62.81	289	293
UniRef90_UPI000644CE48	65.58	289	290
UniRef90_H3CL49	60.78	289	284
UniRef90_W5LN18	62.99	289	292
UniRef90_I3KD75	61.57	289	291
UniRef90_UPI0004BD851A	84.91	289	274
UniRef90_UPI000577F5C9	60.84	289	292
UniRef90_UPI0003C2AD0B	65.45	289	293
UniRef90_UPI0006B77A2B	64.06	289	286
UniRef90_A0A060YUD5	60.49	289	292
UniRef90_Q66ID4	58.72	289	294
UniRef90_UPI0006B83293	62.68	289	293
UniRef90_UPI0003889D1F	67.97	289	294
UniRef90_F7B5G2	73.36	289	312
UniRef90_A0A023GHV8	57.80	289	296
UniRef90_U3JXX7	63.54	289	294
UniRef90_M3ZTW6	58.10	289	296
UniRef90_UPI0005760543	61.21	289	304
UniRef90_H2TH35	63.67	289	280
UniRef90_A0A091W570	63.41	289	280
UniRef90_UPI0006446525	61.65	289	306
UniRef90_UPI000644732E	60.36	289	295
UniRef90_V9L305	61.57	289	286
UniRef90_T1J2B2	59.01	289	286
UniRef90_A0A093J3K2	65.58	289	279
UniRef90_I3K5R4	60.42	289	295
UniRef90_A0A091HLY5	63.77	289	280
UniRef90_A0A091TSD2	64.49	289	280
UniRef90_UPI0006B6F4BB	59.23	289	291
UniRef90_F1NZ91	60.50	289	289
UniRef90_W5MHM5	65.36	289	297
UniRef90_A0A060X3S1	63.21	289	298
UniRef90_G3Q5E6	62.63	289	320
UniRef90_UPI0003C28AEF	62.19	289	286
UniRef90_UPI0006B06FF3	57.09	289	300
UniRef90_W5L2P2	57.99	289	291
UniRef90_G3NFD8	66.07	289	289
UniRef90_S4RTI0	62.23	289	286
UniRef90_UPI0006443F83	59.03	289	291
UniRef90_H0Z6G3	61.23	289	280
UniRef90_UPI000644795B	60.51	289	301
UniRef90_A0A0G2CZB9	61.19	289	293
UniRef90_A0A091RSM0	62.68	289	280
UniRef90_E9GU60	57.35	289	333
UniRef90_W5MVX6	63.41	289	296
UniRef90_UPI000698D51D	56.58	289	301
UniRef90_Q7SZW5	60.07	289	291
UniRef90_I3IVU2	59.44	289	291
UniRef90_A0A087TRU6	59.41	289	275
UniRef90_D6WHJ8	56.34	289	308
UniRef90_A0A0K8RK63	54.61	289	296
UniRef90_H9JQG8	52.98	289	321
UniRef90_V5I8X0	55.67	289	327
UniRef90_I3EA52	48.91	289	273
UniRef90_UPI00067BB8B9	53.15	289	328
UniRef90_A0A0M0XAY4	49.46	289	274
UniRef90_UPI0006710B80	60.14	289	301
UniRef90_UPI0005D0F30B	47.64	289	272
UniRef90_W5MHX7	59.52	289	304
UniRef90_UPI00052ECFED	59.79	289	291
UniRef90_H3AGM2	60.71	289	293
UniRef90_Q6P016	60.14	289	304
UniRef90_V9KZ17	58.87	289	290
UniRef90_UPI0002E2164D	48.91	289	270
UniRef90_UPI000614AF4C	50.52	289	437
UniRef90_C3KH91	59.42	289	295
UniRef90_Q6DIT1	66.20	289	297
UniRef90_D5DRM6	48.19	289	276
UniRef90_E5WI82	48.01	289	273
UniRef90_UPI00040C16A8	47.64	289	272
UniRef90_UPI00067EE63B	50.36	289	270
UniRef90_A0A0L0CHI9	54.96	289	357
UniRef90_U5LD52	50.92	289	273
UniRef90_A0A088ARK6	51.89	289	327
UniRef90_W4Y1R3	57.30	289	364
UniRef90_I4DN26	51.58	289	324
UniRef90_UPI0005CBF084	58.74	289	399
UniRef90_U3IGQ2	58.16	289	296
UniRef90_A0A0M2SEX1	48.91	289	274
UniRef90_UPI0003A11416	48.91	289	270
UniRef90_UPI0004983C0D	57.65	289	295
UniRef90_A0A093DIM1	61.29	289	282
UniRef90_B3RV48	55.87	289	287
UniRef90_UPI0006EBEDBF	45.91	289	276
UniRef90_UPI000421A07A	48.36	289	272
UniRef90_A0A077J1Q9	47.83	289	272
UniRef90_E3TC70	57.97	289	297
UniRef90_UPI0000583CCE	57.86	289	290
UniRef90_H2SDU8	55.90	289	291
UniRef90_UPI00047B3987	51.27	289	273
UniRef90_M3ZVE5	59.72	289	296
UniRef90_UPI0004CD1102	51.88	289	328
UniRef90_F4X5C6	50.86	289	332
UniRef90_A6CMW8	48.91	289	271
UniRef90_A0A0B3VWL3	46.81	289	273
UniRef90_UPI00030FE37D	48.91	289	272
UniRef90_A0A0M2PKV4	50.54	289	272
UniRef90_UPI00047C58A4	48.19	289	272
UniRef90_A0A0K9GWL3	47.46	289	270
UniRef90_A0A0M0EXJ9	46.38	289	270
UniRef90_UPI0005D0BD86	51.06	289	339
UniRef90_UPI0004B3A22A	46.01	289	273
UniRef90_UPI0005A9B610	46.21	289	272
UniRef90_R0JI95	58.36	289	282
UniRef90_R7RSC6	50.91	289	272
UniRef90_F5L875	49.45	289	270
UniRef90_A0A0J5YBY8	48.19	289	271
UniRef90_UPI0006C96418	53.76	289	331
UniRef90_A0A0H4KME5	47.62	289	273
UniRef90_UPI0003097840	48.19	289	270
UniRef90_A0A075JP96	44.53	289	272
UniRef90_R9TZ50	49.45	289	271
UniRef90_G6CQN8	53.05	289	318
UniRef90_UPI0005CDC174	46.52	289	273
UniRef90_UPI000554B619	52.01	289	271
UniRef90_UPI0006E282C8	48.73	289	272
UniRef90_H9GDJ2	57.29	289	299
UniRef90_M5P9A1	50.92	289	274
UniRef90_A0A0A8W8R9	46.74	289	273
UniRef90_V3YW72	56.99	289	281
UniRef90_UPI0004736FBC	46.21	289	275
UniRef90_T1PEF0	53.10	289	356
UniRef90_P77834	48.72	289	274
UniRef90_UPI0005AC408D	52.94	289	381
UniRef90_M3ZDN8	59.06	289	292
UniRef90_UPI000480D266	46.89	289	274
UniRef90_D3TLL2	53.87	289	319
UniRef90_W4RG45	46.74	289	274
UniRef90_UPI00046CC6EA	53.57	289	355
UniRef90_UPI0006C5EE34	48.36	289	272
UniRef90_A0A0A5G4C9	47.81	289	271
UniRef90_UPI000413F7EB	48.36	289	273
UniRef90_A0A024P173	47.64	289	273
UniRef90_UPI00062625F9	52.05	289	344
UniRef90_A0A0A2V2A6	47.79	289	271
UniRef90_T1GD09	53.93	289	293
UniRef90_A0A0M0KZK0	48.35	289	271
UniRef90_K7IM21	53.19	289	323
UniRef90_UPI0005EF8901	48.00	289	273
UniRef90_A0A067QW09	55.56	289	337
UniRef90_UPI0006735777	53.55	289	351
UniRef90_UPI000509D238	50.18	289	271
UniRef90_A0A0A2T8M0	47.08	289	271
UniRef90_A0A0A1WFJ0	53.93	289	328
UniRef90_A0A0J5JVX7	46.18	289	271
UniRef90_A0A0A1SMP6	46.10	289	273
UniRef90_Q6HE80	49.82	289	273
UniRef90_UPI0001851014	48.19	289	271
UniRef90_A0A0F5KXC6	50.55	289	271
UniRef90_UPI000475F2B5	46.45	289	271
UniRef90_L5N2Z0	47.64	289	273
UniRef90_A0A0A1WPJ2	55.52	289	308
UniRef90_A0A0C2XZR7	46.91	289	271
UniRef90_UPI0004190D99	49.09	289	272
UniRef90_U5EV37	54.68	289	297
UniRef90_UPI00040DA37C	46.72	289	272
UniRef90_UPI0006D54DBF	46.91	289	276
UniRef90_N4WAD2	48.18	289	273
UniRef90_UPI0004108AA8	46.38	289	272
UniRef90_B4KXX0	50.53	289	392
UniRef90_UPI0004794A6B	49.45	289	271
UniRef90_UPI000478F075	45.39	289	273
UniRef90_I1GJF7	50.54	289	309
UniRef90_U6HAA2	49.46	289	280
UniRef90_T4VQ44	47.16	289	273
UniRef90_UPI0006B5B293	47.46	289	272
UniRef90_UPI0006B0C36C	53.21	289	282
UniRef90_R9C379	50.56	289	264
UniRef90_A0A0K9H6Z6	46.91	289	271
UniRef90_Q95TC1	50.35	289	356
UniRef90_UPI000414BF38	49.82	289	272
UniRef90_A0A0H3E3J3	48.91	289	271
UniRef90_UPI00063FC543	49.08	289	272
UniRef90_UPI00035FB43D	47.27	289	273
UniRef90_UPI0005097D0B	49.27	289	272
UniRef90_A0A034VGE2	53.93	289	328
UniRef90_A0A0B0CYN8	47.64	289	273
UniRef90_UPI0004AB46ED	52.84	289	291
UniRef90_UPI0005C6CA23	46.95	289	273
UniRef90_N0AXP2	48.90	289	269
UniRef90_A0A0L8HM87	52.82	289	286
UniRef90_UPI00064D826A	45.52	289	275
UniRef90_V4AEM1	54.09	289	289
UniRef90_B4MGP7	51.94	289	408
UniRef90_A0A099W958	47.29	289	272
UniRef90_UPI00041AE2F7	47.81	289	272
UniRef90_I7LHZ9	47.81	289	272
UniRef90_A0A0B6YS56	54.09	289	296
UniRef90_D7UXV9	45.85	289	272
UniRef90_UPI0005CCC468	47.25	289	273
UniRef90_K6DNC7	45.49	289	273
UniRef90_UPI00065E51EE	47.10	289	271
UniRef90_A0A0C9QZ53	49.48	289	330
UniRef90_A0A0A5FWA3	47.08	289	271
UniRef90_A0A0B0ILI2	49.08	289	271
UniRef90_R9CBL5	44.89	289	272
UniRef90_A0A084GVY6	47.27	289	277
UniRef90_Q7KV91	50.70	289	321
UniRef90_V9HGY8	48.91	289	272
UniRef90_W7C0J1	45.49	289	272
UniRef90_UPI00057657E7	75.78	289	322
UniRef90_H2YNQ6	53.02	289	286
UniRef90_G8N0M3	49.08	289	278
UniRef90_UPI0005CE7C9E	51.77	289	323
UniRef90_UPI000287A44E	45.42	289	273
UniRef90_UPI000591820A	47.45	289	272
UniRef90_A0A0A6VE28	48.56	289	277
UniRef90_A0A023DDY7	46.15	289	274
UniRef90_A0A084WA99	55.99	289	341
UniRef90_B4N381	50.88	289	413
UniRef90_UPI000406E97C	44.48	289	275
UniRef90_UPI0006A76697	48.00	289	272
UniRef90_B4IYL5	51.59	289	390
UniRef90_Q8EQ68	43.97	289	271
UniRef90_UPI0002DB204A	48.00	289	272
UniRef90_A4IQI9	47.62	289	273
UniRef90_A0A0L0QPD2	46.74	289	274
UniRef90_UPI000469AC3F	47.31	289	277
UniRef90_D6XVG4	45.09	289	271
UniRef90_Q92A55	48.38	289	272
UniRef90_A0A0M4EC62	51.79	289	370
UniRef90_Q17IS2	50.71	289	298
UniRef90_A0A0F5HWZ7	47.08	289	271
UniRef90_A0A0G3Y119	48.72	289	275
UniRef90_W5JNR5	55.63	289	348
UniRef90_I0JNI1	46.91	289	273
UniRef90_A0A0A7G057	48.53	289	272
UniRef90_G3NJY7	56.84	289	301
UniRef90_UPI000550B829	48.34	289	269
UniRef90_K1Q9A4	52.67	289	329
UniRef90_UPI00048C2A18	45.09	289	274
UniRef90_P46354	46.35	289	271
UniRef90_UPI000359CD5E	54.80	289	304
UniRef90_UPI0004D04C41	88.14	289	279
UniRef90_A0A0L6ZCC8	48.19	289	272
UniRef90_UPI00047E141E	47.46	289	273
UniRef90_Q9KCN8	48.18	289	272
UniRef90_L1QH33	48.54	289	272
UniRef90_D0NTD2	49.82	289	363
UniRef90_UPI0006252F16	51.55	289	327
UniRef90_Q9W004	50.53	289	329
UniRef90_UPI0004ADA804	45.04	289	273
UniRef90_B3NBJ0	50.87	289	351
UniRef90_A0A084H7G4	46.57	289	278
UniRef90_A0A075LKQ0	46.21	289	274
UniRef90_UPI0003FBB35C	45.29	289	270
UniRef90_Q7Q6A9	55.12	289	301
UniRef90_A0A0J9RP10	50.35	289	321
UniRef90_B3M6Q5	50.18	289	418
UniRef90_E1UK92	47.45	289	272
UniRef90_B0WKC7	50.71	289	329
UniRef90_R6FZ49	47.45	289	272
UniRef90_UPI00026592A8	52.48	289	286
UniRef90_T2MI18	50.00	289	286
UniRef90_Q8XHI8	48.91	289	272
UniRef90_UPI0006F8BF47	47.27	289	272
UniRef90_A0A0J8G9W0	46.21	289	272
UniRef90_UPI0004774841	46.52	289	271
UniRef90_UPI00031EE1F5	46.38	289	273
UniRef90_G3LZY0	57.97	289	295
UniRef90_A0A0E3K446	48.36	289	272
UniRef90_A0A0A5GLX2	44.93	289	275
UniRef90_A0A0J6CPA7	46.01	289	275
UniRef90_D3FZD2	46.52	289	272
UniRef90_W7B193	46.21	289	271
UniRef90_UPI000374A35C	45.85	289	271
UniRef90_UPI000617EE28	45.13	289	271
UniRef90_Q2LYR4	51.24	289	396
UniRef90_W7CZJ4	46.21	289	272
UniRef90_A0A0D2VXD4	54.23	289	310
UniRef90_A0PYX7	46.38	289	272
UniRef90_A0A017RU83	47.43	289	273
UniRef90_UPI0002656F4D	55.52	289	287
UniRef90_S6FCM7	48.54	289	272
UniRef90_UPI0002F6EDD1	44.68	289	275
UniRef90_A0A0M4G8G3	47.06	289	270
UniRef90_UPI0003FA5BB8	46.01	289	273
UniRef90_B6FWI7	46.38	289	270
UniRef90_C1BRF2	54.51	289	308
UniRef90_A0A0L0W803	45.45	289	272
UniRef90_A0A0N0HGK1	48.18	289	274
UniRef90_UPI00064DBDD6	44.57	289	273
UniRef90_UPI0002629354	46.72	289	273
UniRef90_U6H8S3	51.26	289	279
UniRef90_I8AMP0	47.81	289	268
UniRef90_M4C5H9	52.61	289	315
UniRef90_A0A024QB64	44.09	289	274
UniRef90_UPI00058B2256	46.35	289	271
UniRef90_A0A0K0GC85	47.45	289	271
UniRef90_U2NGQ4	47.81	289	272
UniRef90_A0A068Y2F6	51.26	289	279
UniRef90_UPI0005B2C9FF	48.00	289	272
UniRef90_U1WTE2	47.81	289	272
UniRef90_W1SL87	48.36	289	273
UniRef90_S3FFW5	45.59	289	269
UniRef90_A0A0J5QY14	46.35	289	268
UniRef90_UPI00058D6F71	50.34	289	333
UniRef90_UPI00048E7CBF	46.29	289	276
UniRef90_A0A0D6ZAH9	45.29	289	274
UniRef90_UPI0004276103	45.39	289	275
UniRef90_W4QYW4	46.89	289	272
UniRef90_UPI0003096321	45.99	289	270
UniRef90_UPI00047A7059	45.00	289	277
UniRef90_UPI0005972BF3	48.73	289	275
UniRef90_UPI000519ECE5	46.24	289	273
UniRef90_A0A078KNH6	45.59	289	282
UniRef90_E0VM92	54.45	289	318
UniRef90_D0NYH8	51.27	289	351
UniRef90_V9W4L5	46.72	289	274
UniRef90_A0A0A8U2M3	47.10	289	270
UniRef90_UPI0006D7A9B5	46.10	289	275
UniRef90_V6MC72	46.72	289	269
UniRef90_K2GKX9	45.45	289	271
UniRef90_UPI0005C85B06	48.94	289	278
UniRef90_UPI000496B13F	47.08	289	272
UniRef90_C0ZC51	45.62	289	269
UniRef90_B1YM96	45.59	289	270
UniRef90_UPI00065E99C4	46.91	289	275
UniRef90_UPI00046A9926	46.72	289	270
UniRef90_UPI000362D0EA	47.81	289	270
UniRef90_A8FET3	45.62	289	270
UniRef90_A0A0M9A8P0	52.86	289	424
UniRef90_D5X7E3	47.46	289	274
UniRef90_A0A0D8ICZ4	49.09	289	273
UniRef90_I1GJF8	47.29	289	313
UniRef90_UPI0002F32FEA	44.96	289	272
UniRef90_A0A069RE38	48.55	289	272
UniRef90_C1C239	55.16	289	316
UniRef90_A0A096DQ85	44.53	289	272
UniRef90_E6TYK2	46.72	289	282
UniRef90_UPI00066522E4	48.18	289	272
UniRef90_UPI000289E4A7	45.05	289	271
UniRef90_F5LKE2	48.00	289	273
UniRef90_UPI0006C9DB67	52.13	289	338
UniRef90_G4YYD0	50.55	289	354
UniRef90_UPI0005F7A0A6	45.99	289	271
UniRef90_R1CWS6	46.18	289	273
UniRef90_UPI000483653A	47.08	289	269
UniRef90_A0A0B5KWZ9	48.92	289	296
UniRef90_UPI00048309F1	45.82	289	274
UniRef90_C6J3X3	46.10	289	278
UniRef90_B3SCP0	51.42	289	288
UniRef90_A0A094K4M2	47.99	289	267
UniRef90_UPI00028A3993	44.77	289	272
UniRef90_UPI00048A9D91	48.03	289	273
UniRef90_UPI000475E27C	48.36	289	275
UniRef90_UPI00058B3787	44.89	289	271
UniRef90_M8EDZ0	45.99	289	269
UniRef90_A0A081P648	48.00	289	276
UniRef90_UPI0004174F99	48.06	289	277
UniRef90_UPI000393F0E8	61.21	289	293
UniRef90_A0A0N0HGT8	45.09	289	274
UniRef90_D3PFJ6	52.14	289	319
UniRef90_UPI00058EF7D2	44.73	289	269
UniRef90_UPI000362D4AE	44.68	289	273
UniRef90_UPI0005706288	47.10	289	272
UniRef90_I7K9U3	46.91	289	272
UniRef90_T1HZJ0	50.71	289	292
UniRef90_K1QK12	51.77	289	330
UniRef90_H3SFJ6	47.10	289	273
UniRef90_UPI0006237225	50.00	289	332
UniRef90_A0A074M8U5	45.65	289	271
UniRef90_UPI0003788933	47.16	289	275
UniRef90_UPI0005FB94FF	90.00	289	230
UniRef90_K1R4H7	53.99	289	646
UniRef90_A0A0M2TYP0	50.91	289	273
UniRef90_D8GJH6	48.54	289	281
UniRef90_UPI0006CFAA1F	46.89	289	275
UniRef90_UPI00064B86BA	88.74	289	242
UniRef90_G8LUB5	47.50	289	274
UniRef90_F5L876	46.74	289	275
UniRef90_UPI0006D23F95	45.04	289	275
UniRef90_UPI0005CBD54E	47.08	289	269
UniRef90_F0QZ74	47.81	289	269
UniRef90_UPI00037E8E7D	46.81	289	275
UniRef90_F8F8C1	46.10	289	275
UniRef90_A0A090ZGX3	48.72	289	267
UniRef90_G5A1Z6	50.91	289	351
UniRef90_A7S700	50.35	289	295
UniRef90_H0UFA5	43.43	289	269
UniRef90_UPI0006D01600	46.91	289	271
UniRef90_A0A0C2UJH0	47.27	289	281
UniRef90_D8E086	47.64	289	270
UniRef90_UPI000481CA60	45.26	289	270
UniRef90_A0A0C2R5S4	45.26	289	273
UniRef90_F6Z6J2	48.91	289	296
UniRef90_F5SB81	47.52	289	297
UniRef90_UPI0002EBE8DF	43.26	289	273
UniRef90_W4QFY0	48.36	289	271
UniRef90_K4Z8R2	45.04	289	275
UniRef90_UPI00036CB303	46.10	289	275
UniRef90_A0A0C2UNZ7	47.16	289	275
UniRef90_UPI00054F9674	43.80	289	271
UniRef90_UPI00040583C3	45.04	289	275
UniRef90_UPI0006D4DB51	50.70	289	331
UniRef90_UPI00034D86D9	46.13	289	275
UniRef90_UPI0006A77A0C	47.65	289	276
UniRef90_I4Z7I5	46.55	289	269
UniRef90_A0A0M2VM51	46.89	289	274
UniRef90_C1L6U5	47.48	289	287
UniRef90_UPI0005CC5AF8	45.79	289	274
UniRef90_H2KSM1	45.04	289	330
UniRef90_UPI000287C327	43.64	289	273
UniRef90_UPI0005C38500	53.99	289	323
UniRef90_A0A0C1R3I8	43.96	289	271
UniRef90_UPI0006FEBD0C	45.82	289	272
UniRef90_A0A066WP75	48.35	289	270
UniRef90_A0A069DS66	49.30	289	299
UniRef90_UPI0004B8FFC7	44.00	289	272
UniRef90_A0A037Z7B4	46.72	289	271
UniRef90_A5N8L9	46.35	289	272
UniRef90_A0A085EEW1	48.36	289	270
UniRef90_UPI0004838273	47.83	289	273
UniRef90_Q9KCN7	46.45	289	275
UniRef90_UPI000646F84E	46.74	289	273
UniRef90_UPI0004789476	47.83	289	275
UniRef90_F5SB82	48.55	289	275
UniRef90_A0A094ZR11	49.28	289	287
UniRef90_A0A0K8TQJ9	48.95	289	340
UniRef90_K8EUV0	48.00	289	272
UniRef90_L0K6A4	46.18	289	274
UniRef90_UPI00054FA578	48.54	289	273
UniRef90_H3G995	52.27	289	289
UniRef90_UPI000289C42E	43.53	289	272
UniRef90_UPI0004687B02	47.27	289	275
UniRef90_A0A098BW35	48.00	289	270
UniRef90_UPI00047953AD	46.45	289	275
UniRef90_UPI00036BB5F7	45.26	289	276
UniRef90_A6LLB2	49.09	289	273
UniRef90_UPI000593CE12	43.71	289	280
UniRef90_K0B0J2	44.36	289	272
UniRef90_UPI00040A7B43	46.52	289	270
UniRef90_H3GH23	49.45	289	315
UniRef90_UPI0004191DD2	48.18	289	275
UniRef90_M7P9B9	43.84	289	273
UniRef90_T1KTQ0	51.97	289	304
