UniRef90_Q06241	100.00	202	202
UniRef90_B8XGS4	84.16	202	202
UniRef90_UPI000308CDA0	78.61	202	202
UniRef90_A0A094K520	78.61	202	209
UniRef90_Q9LA08	79.10	202	223
UniRef90_Q4U1V6	83.51	202	194
UniRef90_Q47749	75.12	202	202
UniRef90_UPI0003FDCDE6	76.12	202	202
UniRef90_Q8GF03	74.13	202	202
UniRef90_Q3S3G2	71.64	202	203
UniRef90_A0A090ZEL6	71.14	202	205
UniRef90_Q9XCR3	69.15	202	202
UniRef90_A0A0L8QKI9	66.67	202	202
UniRef90_D2PMX6	66.17	202	202
UniRef90_Q24R59	66.17	202	202
UniRef90_UPI0003A87E45	65.17	202	202
UniRef90_K0K5U0	66.16	202	207
UniRef90_A0A096XKE3	65.17	202	202
UniRef90_UPI0004C68D43	64.65	202	208
UniRef90_UPI0006E22BF6	64.68	202	202
UniRef90_UPI0006B3865C	63.37	202	202
UniRef90_D9VBI1	64.18	202	202
UniRef90_A0A0F7NDP0	64.18	202	202
UniRef90_UPI0004C25A90	64.68	202	222
UniRef90_S2ZS93	64.68	202	202
UniRef90_UPI00059A8946	66.67	202	209
UniRef90_A0A066TRW1	65.67	202	202
UniRef90_E9L1K2	65.67	202	202
UniRef90_Q9ZI81	64.18	202	208
UniRef90_UPI0003B6893B	64.14	202	202
UniRef90_V9NIM1	64.68	202	202
UniRef90_UPI00040F310B	63.68	202	202
UniRef90_S4T351	63.68	202	202
UniRef90_UPI0004884DFF	63.86	202	202
UniRef90_UPI0006BBD158	64.18	202	202
UniRef90_D3PUW6	65.17	202	202
UniRef90_UPI000527CA16	64.18	202	202
UniRef90_UPI00041F260F	63.18	202	202
UniRef90_UPI0006D3BD49	64.68	202	202
UniRef90_A0A0M8XUI9	63.37	202	202
UniRef90_G4V4Q5	62.87	202	202
UniRef90_UPI000234D826	64.18	202	202
UniRef90_UPI000524ED7D	64.18	202	205
UniRef90_UPI0004261C55	64.18	202	202
UniRef90_B5I696	61.69	202	202
UniRef90_UPI00037C0CD4	62.69	202	202
UniRef90_UPI000365D169	64.32	202	201
UniRef90_A0A0K3BE70	63.18	202	202
UniRef90_W7IL84	64.97	202	202
UniRef90_UPI00037F99A0	62.25	202	205
UniRef90_UPI00048EBAE5	62.94	202	203
UniRef90_R1FWM6	64.18	202	202
UniRef90_A0A0L0KIL1	61.69	202	220
UniRef90_UPI000626E8D8	62.19	202	202
UniRef90_UPI0004BE8306	61.69	202	202
UniRef90_UPI00036A3DE1	65.50	202	206
UniRef90_Q6ZZK1	64.18	202	202
UniRef90_UPI000370F15A	60.70	202	202
UniRef90_UPI0005247661	63.68	202	206
UniRef90_UPI0004850A6F	61.69	202	202
UniRef90_UPI0006BC009C	63.68	202	202
UniRef90_UPI000377D6B4	63.18	202	202
UniRef90_E9L1E8	63.18	202	216
UniRef90_V6JSR6	62.19	202	202
UniRef90_UPI0004C33FE1	64.18	202	212
UniRef90_V5KVC0	63.18	202	202
UniRef90_UPI0002626D13	62.69	202	202
UniRef90_Q20FL6	62.69	202	204
UniRef90_S4TWP8	61.19	202	202
UniRef90_UPI00036DB366	60.89	202	202
UniRef90_R6QUX3	61.19	202	210
UniRef90_UPI0003764A93	61.69	202	202
UniRef90_C7QDM6	62.19	202	202
UniRef90_UPI000699A890	62.19	202	227
UniRef90_L0F559	62.19	202	202
UniRef90_UPI0004CB1962	62.69	202	202
UniRef90_UPI000478EE0D	61.69	202	202
UniRef90_UPI00048FF2C8	61.19	202	202
UniRef90_UPI00069FFBC2	61.93	202	204
UniRef90_R4SV78	61.39	202	202
UniRef90_UPI0004AB2AFD	61.19	202	202
UniRef90_Q9XAK6	60.70	202	202
UniRef90_S5TLF9	62.19	202	213
UniRef90_UPI00035F37A6	62.69	202	202
UniRef90_UPI0006F2FDD9	61.42	202	204
UniRef90_D3EYW9	59.70	202	213
UniRef90_S5UDD0	62.19	202	202
UniRef90_UPI0004C134F8	61.00	202	208
UniRef90_E9L1P4	64.18	202	213
UniRef90_UPI0004C734EC	62.19	202	202
UniRef90_UPI0006F6C123	59.90	202	204
UniRef90_UPI0006E1DF13	61.19	202	202
UniRef90_UPI00036E371A	61.69	202	202
UniRef90_L8ETN0	61.42	202	208
UniRef90_UPI00055E921C	60.20	202	202
UniRef90_A8L664	61.19	202	216
UniRef90_D5US96	61.69	202	210
UniRef90_UPI0005F2DBC0	60.70	202	205
UniRef90_A0A0C5BQY8	60.20	202	205
UniRef90_A0A0F7G0R0	61.69	202	215
UniRef90_V8D3H5	61.69	202	202
UniRef90_UPI0006FA19C4	62.44	202	211
UniRef90_UPI0004AF5B4C	60.41	202	210
UniRef90_UPI0004C4675E	62.19	202	199
UniRef90_E9UYS8	59.61	202	204
UniRef90_H0E9D4	61.69	202	213
UniRef90_UPI00040C3783	61.69	202	205
UniRef90_UPI0004C40101	61.70	202	202
UniRef90_UPI000696FF4E	60.91	202	217
UniRef90_UPI000629BE46	60.70	202	202
UniRef90_UPI0003164F46	61.69	202	210
UniRef90_A0A0F0DKW9	48.24	202	227
UniRef90_W5IRS7	47.74	202	224
UniRef90_A0A024HNI2	47.24	202	227
UniRef90_W5W8J4	63.77	202	139
UniRef90_M4X3K9	46.77	202	231
UniRef90_UPI00057BC9CC	43.07	202	225
UniRef90_R4KBJ6	44.72	202	255
UniRef90_H2BVB0	42.71	202	225
UniRef90_UPI00064B047B	42.71	202	221
UniRef90_UPI00068C74ED	43.43	202	224
UniRef90_UPI000405B850	44.95	202	223
UniRef90_H3NRH5	45.60	202	233
UniRef90_R9LIG0	44.22	202	287
UniRef90_D5BL81	44.10	202	195
UniRef90_UPI0004882512	42.71	202	221
UniRef90_UPI0005CA232A	42.08	202	202
UniRef90_A0A090ZLP9	43.22	202	303
UniRef90_A0LZ24	43.72	202	226
UniRef90_UPI00055CF014	43.22	202	225
UniRef90_A0A099Y1W1	40.70	202	222
UniRef90_UPI00048D7F76	40.70	202	221
UniRef90_UPI000466EE90	41.21	202	223
UniRef90_W4V318	46.07	202	192
UniRef90_UPI00041E320B	41.71	202	225
UniRef90_E6VWS4	42.71	202	230
UniRef90_H6LBY3	43.98	202	210
UniRef90_R5B491	42.21	202	214
UniRef90_A4BYY2	41.92	202	261
UniRef90_UPI0003FFE7F7	42.42	202	210
UniRef90_A0A0D7W445	42.21	202	221
UniRef90_T2GF22	41.71	202	227
UniRef90_UPI0006B435D4	40.40	202	224
UniRef90_D7VKN3	40.20	202	233
UniRef90_UPI000688AFA8	43.22	202	209
UniRef90_A0LFK7	42.57	202	234
UniRef90_C0BFM5	42.21	202	228
UniRef90_A0A090VI69	43.22	202	221
UniRef90_UPI0003B69950	43.72	202	226
UniRef90_A0A0F7FRF5	43.65	202	242
UniRef90_A0A0L6TW71	40.70	202	210
UniRef90_W7YVV8	43.22	202	206
UniRef90_U2J446	42.71	202	246
UniRef90_UPI0004819849	39.20	202	221
UniRef90_UPI000557D4E9	39.39	202	225
UniRef90_UPI00050990A4	40.91	202	245
UniRef90_UPI0006B40E98	40.20	202	226
UniRef90_UPI0004783D64	45.31	202	220
UniRef90_M7MK02	40.70	202	226
UniRef90_A0A077BZG6	38.29	202	235
UniRef90_F6GE83	39.70	202	221
UniRef90_UPI0006D79F69	41.21	202	223
UniRef90_A0A099XZ88	41.21	202	223
UniRef90_A0A0D7W9L2	40.20	202	221
UniRef90_UPI00036A7750	40.40	202	221
UniRef90_A0A089KVT8	41.21	202	211
UniRef90_UPI00053D43EF	39.70	202	221
UniRef90_UPI00047549C0	41.71	202	223
UniRef90_W4D5U0	41.92	202	255
UniRef90_UPI0005515103	39.39	202	221
UniRef90_L0RIR5	41.92	202	233
UniRef90_C5AUE7	42.42	202	220
UniRef90_A0A088EYN3	39.70	202	225
UniRef90_X5A130	39.39	202	244
UniRef90_UPI00068C06C3	40.91	202	204
UniRef90_UPI0006CFEFE5	39.20	202	221
UniRef90_A2U1F8	39.11	202	202
UniRef90_A0A078KRU3	36.99	202	242
UniRef90_UPI0003AAEC10	44.72	202	228
UniRef90_UPI0006999210	41.12	202	249
UniRef90_UPI0006D5726C	41.41	202	216
UniRef90_G4T1N4	39.90	202	218
UniRef90_UPI000362EF79	40.39	202	209
UniRef90_A0A0F3ILG0	41.41	202	227
UniRef90_A0A0D3VGN3	39.39	202	218
UniRef90_F7XVN7	44.17	202	391
UniRef90_UPI0005636D84	43.15	202	212
UniRef90_UPI00054DB596	40.91	202	219
UniRef90_UPI00047B2C7A	37.69	202	222
UniRef90_A0A089IZA3	40.40	202	260
UniRef90_A0A0D7X493	39.80	202	202
UniRef90_A0A0N0UNY8	38.89	202	222
UniRef90_UPI0005C99B84	39.20	202	221
UniRef90_A0A0F4K293	42.93	202	223
UniRef90_E3GIB2	38.38	202	209
UniRef90_UPI000308A9DC	43.94	202	242
UniRef90_H8GKF3	39.11	202	230
UniRef90_I0X8G3	42.13	202	218
UniRef90_A0A089JZC1	39.11	202	202
UniRef90_UPI0006846687	39.60	202	212
UniRef90_UPI00068A99CD	40.30	202	202
UniRef90_D3SC75	40.40	202	231
UniRef90_R5FQQ7	42.21	202	216
UniRef90_B1Z7X0	41.92	202	224
UniRef90_UPI0006D0A231	40.20	202	229
UniRef90_A0A0C5WKS0	39.70	202	221
UniRef90_UPI000417EDE3	40.10	202	218
UniRef90_UPI0004239020	38.89	202	203
UniRef90_A0A0F5RCV2	42.71	202	212
UniRef90_UPI00048B663A	40.91	202	217
UniRef90_A8UQB5	40.20	202	226
UniRef90_UPI00068881B0	39.60	202	202
UniRef90_G2EG25	37.69	202	224
UniRef90_UPI0006E422DA	39.70	202	221
UniRef90_UPI00068F527D	40.91	202	218
UniRef90_W3AJW5	41.92	202	218
UniRef90_A0A098GB45	38.18	202	242
UniRef90_A0A089I685	40.40	202	256
UniRef90_UPI0003B42612	39.90	202	217
UniRef90_UPI000405F0D9	38.19	202	221
UniRef90_UPI0005D2A4A8	40.40	202	218
UniRef90_UPI00047AD735	38.69	202	227
UniRef90_UPI00053D5AD1	39.20	202	221
UniRef90_UPI000688492C	40.70	202	233
UniRef90_A0A075MKB1	43.07	202	216
UniRef90_A0A0F4I9V6	41.79	202	226
UniRef90_A0A0M2XMC6	38.61	202	226
UniRef90_UPI00059095E7	39.70	202	227
UniRef90_UPI0004BAEE93	41.54	202	216
UniRef90_UPI00038087DB	39.39	202	269
UniRef90_UPI0006E3A51B	38.19	202	221
UniRef90_A0A0E3WHP1	39.90	202	254
UniRef90_UPI0005BD721E	38.29	202	251
UniRef90_G2J890	38.91	202	270
UniRef90_A9EAY5	37.62	202	202
UniRef90_A0A0G3G4F3	40.91	202	233
UniRef90_UPI00037BFBC2	40.10	202	226
UniRef90_UPI0004267D5D	39.70	202	227
UniRef90_UPI00068DCC77	44.57	202	197
UniRef90_UPI000701F7DE	41.15	202	218
UniRef90_A0A077XX00	37.37	202	225
UniRef90_UPI00054D0A38	42.21	202	216
UniRef90_K4KI73	44.15	202	233
UniRef90_A0A0C1R0P5	43.07	202	216
UniRef90_Q1MRM8	35.71	202	221
UniRef90_A0A024FIZ3	39.11	202	202
UniRef90_UPI0005D14435	41.62	202	226
UniRef90_A0A098G5V2	35.91	202	243
UniRef90_A0A0M8SRA0	40.91	202	242
UniRef90_W8YSH9	42.71	202	306
UniRef90_A0A0G0J8F0	39.56	202	274
UniRef90_A0A090W5J1	38.19	202	221
UniRef90_W4DCU9	39.20	202	254
UniRef90_A0A0N1GST3	42.42	202	225
UniRef90_UPI0006515519	38.69	202	224
UniRef90_UPI0004850983	38.00	202	218
UniRef90_UPI00038005F2	38.29	202	251
UniRef90_S7VRI5	38.19	202	226
UniRef90_C6BZX2	41.41	202	230
UniRef90_A0A0F5L8G2	36.04	202	248
UniRef90_UPI0004D0011D	40.30	202	210
UniRef90_UPI00053EFDE1	37.19	202	226
UniRef90_E0RXF5	36.87	202	213
UniRef90_A0A0F4PNI4	38.89	202	222
UniRef90_V4FCP0	38.12	202	254
UniRef90_A8PK95	38.89	202	233
UniRef90_UPI000568213D	41.79	202	232
UniRef90_I1DW36	38.81	202	224
UniRef90_UPI00048C1F28	38.64	202	240
UniRef90_UPI00068F81F9	40.10	202	226
UniRef90_UPI0004108C10	39.70	202	221
UniRef90_UPI00068C6EA9	41.29	202	230
UniRef90_UPI0005589EFD	41.41	202	218
UniRef90_A0A0F9VH08	36.16	202	250
UniRef90_UPI000629ACC3	36.68	202	224
UniRef90_UPI0005594BFA	40.10	202	210
UniRef90_A0A0D0IT08	37.89	202	199
UniRef90_UPI0004A63ED8	40.62	202	232
UniRef90_A0A0G3UFW4	40.40	202	229
UniRef90_UPI0003FE557F	41.58	202	248
UniRef90_UPI0007032B40	38.92	202	234
UniRef90_UPI0006473B22	37.69	202	227
UniRef90_UPI00047EC709	39.70	202	245
UniRef90_UPI000689B399	41.79	202	240
UniRef90_UPI000700155C	36.45	202	235
UniRef90_UPI00055B2957	39.59	202	223
UniRef90_UPI000693A831	40.70	202	223
UniRef90_I4WL22	40.70	202	239
UniRef90_D1Y215	39.70	202	264
UniRef90_UPI0004AD41A3	39.39	202	217
UniRef90_UPI000428B26D	40.91	202	215
UniRef90_A8HRA0	42.42	202	226
UniRef90_A7ID13	39.39	202	265
UniRef90_W2V6R6	37.44	202	234
UniRef90_UPI0005D22A0A	42.54	202	200
UniRef90_UPI000628FCFF	34.67	202	224
UniRef90_UPI0004CE0981	42.35	202	208
UniRef90_UPI0004636CBE	38.81	202	224
UniRef90_A0A0N1ENS8	41.40	202	215
UniRef90_A0A0M2V5T0	41.79	202	235
UniRef90_M4NLG1	40.82	202	244
UniRef90_A0A0C9NZ73	34.39	202	243
UniRef90_A0A098M3R4	38.66	202	205
UniRef90_UPI00055AE988	39.59	202	219
UniRef90_G7UWR9	38.42	202	239
UniRef90_UPI00036FA23B	38.89	202	231
UniRef90_UPI000423E95C	37.22	202	252
UniRef90_A0A0E9FN50	38.61	202	216
UniRef90_I7HS09	34.39	202	243
UniRef90_UPI00058BE9A7	36.18	202	226
UniRef90_A0A0J7Z5K7	39.82	202	268
UniRef90_W0FLV6	38.89	202	223
UniRef90_E6WVV9	39.41	202	230
UniRef90_UPI0004223D12	37.69	202	227
UniRef90_UPI0006875ED0	41.84	202	233
UniRef90_UPI00056622E5	41.46	202	201
UniRef90_T2KI78	41.21	202	221
UniRef90_Q4UKS6	34.68	202	247
UniRef90_A0A061LUV0	42.29	202	286
UniRef90_V4HRN5	39.79	202	220
UniRef90_B7WUB1	40.38	202	263
UniRef90_X6LT75	39.60	202	347
UniRef90_A0A0G9I1Z8	36.95	202	223
UniRef90_UPI0003F9B5C5	43.89	202	226
UniRef90_L8P914	39.64	202	262
UniRef90_W7VSI8	38.01	202	270
UniRef90_UPI0006E186E6	38.01	202	269
UniRef90_UPI00051BDF7A	37.27	202	274
UniRef90_K0UQ93	36.04	202	266
UniRef90_UPI0006D0501E	39.18	202	199
UniRef90_A0A0E3Z457	36.45	202	231
UniRef90_I4C4Y8	37.00	202	232
UniRef90_UPI0004C00AB1	40.27	202	269
UniRef90_A0A0A8UWE4	37.33	202	239
UniRef90_C7N2T4	37.76	202	254
UniRef90_UPI00055F116C	36.99	202	272
UniRef90_A0A0C1P4F4	35.29	202	287
UniRef90_I4WN80	41.84	202	272
UniRef90_A0A0C1P1N2	38.91	202	305
UniRef90_UPI0004C7FC89	38.91	202	269
UniRef90_A0A081EDY4	37.56	202	285
UniRef90_A0A0B2JXY9	36.99	202	271
UniRef90_M5CSQ9	37.31	202	237
UniRef90_UPI00068A4865	38.99	202	225
UniRef90_I0AJI7	36.49	202	248
UniRef90_UPI0004CD1B71	40.80	202	260
UniRef90_A0A0M8XG94	39.37	202	266
UniRef90_UPI0003B6FB73	37.56	202	244
UniRef90_UPI0005643553	38.01	202	293
UniRef90_UPI0004C07764	38.74	202	274
UniRef90_I0GW00	37.27	202	271
UniRef90_A0A0G0BEJ0	36.44	202	258
UniRef90_UPI0006FB0573	38.05	202	228
UniRef90_A1UKT6	37.10	202	268
UniRef90_UPI0004C89880	38.01	202	269
UniRef90_UPI00056453AE	35.14	202	274
UniRef90_A0A0N1NUD8	38.46	202	269
UniRef90_A0A0M2S285	37.61	202	282
UniRef90_UPI0003FC6D31	36.84	202	223
UniRef90_A0A0N1D7T2	36.45	202	237
UniRef90_A0A096HR05	38.46	202	262
UniRef90_UPI0003699FC4	38.00	202	210
UniRef90_UPI0006C7E307	35.71	202	252
UniRef90_UPI0004BF13E8	33.33	202	274
UniRef90_C4RDM4	35.59	202	262
UniRef90_UPI00066FD11F	40.00	202	236
UniRef90_UPI000303CBBD	38.89	202	237
UniRef90_UPI0004C04311	36.20	202	271
UniRef90_UPI0003701B02	42.29	202	234
UniRef90_UPI0003B61EF5	38.74	202	209
UniRef90_Z5XP60	38.38	202	221
UniRef90_A0A0G3AL13	37.56	202	269
UniRef90_A0A0M1E8I2	36.95	202	237
UniRef90_A0A024YRS2	39.30	202	236
UniRef90_B2UM03	37.81	202	246
UniRef90_UPI0005547D62	38.07	202	216
UniRef90_UPI0006FFEAE7	37.13	202	235
UniRef90_D9TEN5	38.86	202	269
UniRef90_UPI0006FE27E5	38.12	202	224
UniRef90_UPI0004C0DE95	36.65	202	269
UniRef90_A0A0M2VIX7	38.81	202	229
UniRef90_UPI0004BFF9F8	37.56	202	270
UniRef90_A0A0G9H7D3	39.30	202	236
UniRef90_D5ZTV1	34.39	202	269
UniRef90_UPI0004CC80B6	38.01	202	266
UniRef90_A0A0M1JCH2	37.19	202	229
UniRef90_A0A0F4K9W6	37.17	202	261
UniRef90_R4LPD5	36.89	202	263
UniRef90_UPI000627E7FC	39.18	202	199
UniRef90_UPI0004750B7F	34.68	202	242
UniRef90_A0A0F7N2I7	35.29	202	275
UniRef90_A0A021VY00	38.31	202	249
UniRef90_S2YAK1	38.01	202	269
UniRef90_A0A077FND0	37.62	202	253
UniRef90_V6JMR4	37.10	202	269
UniRef90_A1TE98	36.20	202	263
UniRef90_A0A0E3UGV9	38.12	202	225
UniRef90_A0A0M2GNN8	37.10	202	269
UniRef90_D9XI34	38.91	202	269
UniRef90_A0A068JJD3	33.93	202	248
UniRef90_A0A0M8XN40	34.23	202	267
UniRef90_A0A0L0JM37	36.65	202	266
UniRef90_UPI0004ACF7A3	38.81	202	213
UniRef90_I4W1W9	38.05	202	231
UniRef90_R1GAX6	36.04	202	261
UniRef90_A0A0N0A517	34.09	202	250
UniRef90_UPI0006BB75A1	37.98	202	229
UniRef90_UPI0004E20F70	37.56	202	272
UniRef90_UPI000688E445	37.56	202	229
UniRef90_A0A031HCK8	37.89	202	199
UniRef90_Q2BLT2	35.53	202	209
UniRef90_UPI0004F39725	36.54	202	234
UniRef90_A0BTW8	37.10	202	235
UniRef90_E6Q4T9	36.36	202	218
UniRef90_UPI00055E3B4E	36.82	202	273
UniRef90_A0A086N668	36.65	202	269
UniRef90_UPI0006D65989	39.39	202	243
UniRef90_A0A0C1MNB0	36.36	202	220
UniRef90_M5CHY7	39.04	202	199
UniRef90_UPI00056705BC	36.94	202	269
UniRef90_A0A0M2T4C7	38.58	202	222
UniRef90_A0A0D0VNC3	36.04	202	275
UniRef90_A0A066Y5U1	38.46	202	269
UniRef90_A0A073B3N8	34.39	202	266
UniRef90_A0A0I9UJX6	35.43	202	268
UniRef90_S0G0V5	35.87	202	247
UniRef90_UPI0004CA8742	37.10	202	269
UniRef90_A0A072SLD5	35.29	202	269
UniRef90_UPI00068FEDE1	39.59	202	215
UniRef90_UPI00068312CA	36.04	202	283
UniRef90_A0A0D8CPW7	35.32	202	223
UniRef90_UPI0004BF2ED1	38.89	202	229
UniRef90_UPI00040C9505	34.84	202	268
UniRef90_K2EUM6	35.43	202	237
UniRef90_UPI000478A0DF	36.59	202	223
UniRef90_UPI0004C51233	37.56	202	269
UniRef90_UPI0004C62D0A	36.65	202	269
UniRef90_UPI00036AA186	35.75	202	269
UniRef90_UPI00035D4DCD	35.59	202	297
UniRef90_A0A0L8L2G9	37.10	202	269
UniRef90_S3B5W9	33.03	202	273
UniRef90_UPI00037837DF	36.92	202	222
UniRef90_A0A0M0M4F9	39.69	202	221
UniRef90_D6X5D8	35.75	202	271
UniRef90_A0A0N2SC04	36.63	202	248
UniRef90_A0A0F5VPU9	37.10	202	269
UniRef90_A0A0F7W324	36.20	202	281
UniRef90_A0A084TNP6	35.68	202	222
UniRef90_I0L2X2	34.23	202	278
UniRef90_UPI000688E86D	36.45	202	231
UniRef90_A0A089X5J3	35.75	202	271
UniRef90_UPI0004C62C00	36.65	202	268
UniRef90_A0A081XNY3	35.75	202	269
UniRef90_UPI00047456B8	37.44	202	229
UniRef90_UPI0004C3372F	34.84	202	274
UniRef90_UPI0004E229DD	36.65	202	268
UniRef90_F3NKQ8	37.10	202	258
UniRef90_A0A0G8M6R2	37.13	202	225
UniRef90_UPI0006F2164E	34.68	202	254
UniRef90_UPI0006E162ED	34.39	202	272
UniRef90_A0A098JEK7	37.13	202	248
UniRef90_B7CCY9	39.06	202	204
UniRef90_UPI000414B710	33.79	202	254
UniRef90_A0A0M2Z6J3	34.39	202	264
UniRef90_J9EZQ1	35.09	202	271
UniRef90_A0A0M8YVH5	35.75	202	269
UniRef90_UPI00051B4844	36.32	202	272
UniRef90_A0A0F0GGQ3	35.45	202	250
UniRef90_Q9KZN6	38.35	202	274
UniRef90_S3ZEP5	35.59	202	270
UniRef90_UPI0004CDB4DD	36.65	202	269
UniRef90_V7ZB79	36.63	202	248
UniRef90_A0A0N1FHZ1	37.10	202	267
UniRef90_A0A0M9ZMU6	34.23	202	269
UniRef90_UPI0006F266B1	38.62	202	240
UniRef90_A0A0M9YXA2	37.10	202	269
UniRef90_UPI00052567C9	34.39	202	260
UniRef90_R0E4L8	37.62	202	248
UniRef90_UPI0005609874	34.84	202	269
UniRef90_H5XIA7	34.84	202	268
UniRef90_M3ASQ6	35.29	202	268
UniRef90_F7NXU8	37.11	202	257
UniRef90_UPI00036A30FE	36.20	202	268
UniRef90_A3KKV3	34.84	202	269
UniRef90_A0A0B5EVT2	34.68	202	275
UniRef90_UPI00069B13D7	35.29	202	279
UniRef90_UPI0004C48318	35.29	202	271
UniRef90_UPI0004C7214D	38.01	202	270
UniRef90_D3RRN6	34.08	202	257
UniRef90_A0A0G9HN26	37.44	202	241
UniRef90_UPI0006F262E9	36.73	202	225
UniRef90_D9WJH4	35.75	202	271
UniRef90_UPI0004CB200D	35.75	202	266
UniRef90_UPI0006E3C208	34.68	202	267
UniRef90_UPI0004BFFE5E	35.75	202	268
UniRef90_A0A0A7EK44	36.41	202	195
UniRef90_UPI0006E25A24	34.39	202	272
UniRef90_V6JJV1	35.75	202	238
UniRef90_UPI00068C15AF	34.68	202	252
UniRef90_UPI0005BDA5E1	33.94	202	270
UniRef90_UPI0004C25A90	64.68	202	222
UniRef90_V9NIM1	64.68	202	202
UniRef90_UPI0004884DFF	63.86	202	202
UniRef90_S2ZS93	64.68	202	202
UniRef90_H2BVB0	42.08	202	225
UniRef90_G4V4Q5	62.87	202	202
UniRef90_UPI0004C68D43	64.65	202	208
UniRef90_S4T351	63.68	202	202
UniRef90_Q6ZZK1	64.18	202	202
UniRef90_A0A0J7Z5K7	38.39	202	268
UniRef90_R4KBJ6	44.06	202	255
UniRef90_A0A0G3AL13	36.16	202	269
UniRef90_A0A096XKE3	65.17	202	202
UniRef90_UPI0006B3865C	63.37	202	202
UniRef90_D9VBI1	64.18	202	202
UniRef90_A0A0F4K293	42.50	202	223
UniRef90_UPI0004C734EC	62.19	202	202
UniRef90_UPI00055CF014	42.57	202	225
UniRef90_A0A066Y5U1	37.05	202	269
UniRef90_A0A0L8QKI9	66.67	202	202
UniRef90_UPI00037C0CD4	62.69	202	202
UniRef90_Q9ZI81	64.18	202	208
UniRef90_UPI0004C89880	35.71	202	269
UniRef90_Q06241	100.00	202	202
UniRef90_A0A090ZEL6	71.14	202	205
UniRef90_V6JMR4	35.71	202	269
UniRef90_E6VWS4	42.29	202	230
UniRef90_UPI0006E1DF13	61.19	202	202
UniRef90_A0A094K520	78.61	202	209
UniRef90_K0K5U0	65.35	202	207
UniRef90_E9L1K2	65.67	202	202
UniRef90_S5UDD0	62.19	202	202
UniRef90_UPI0003764A93	61.69	202	202
UniRef90_A0LFK7	41.95	202	234
UniRef90_Q20FL6	62.69	202	204
UniRef90_UPI0006BBD158	64.18	202	202
UniRef90_L8P914	38.39	202	262
UniRef90_UPI0006D0A231	39.60	202	229
UniRef90_UPI0006E34A60	34.82	202	269
UniRef90_C7QDM6	62.19	202	202
UniRef90_UPI000524ED7D	64.18	202	205
UniRef90_UPI00041F260F	63.18	202	202
UniRef90_UPI0004C7214D	36.61	202	270
UniRef90_A0A0F4K9W6	34.96	202	261
UniRef90_Q24R59	66.17	202	202
UniRef90_D6X5D8	33.94	202	271
UniRef90_B5I696	61.69	202	202
UniRef90_UPI00053D43EF	39.11	202	221
UniRef90_S3ZEP5	35.27	202	270
UniRef90_R6QUX3	61.50	202	210
UniRef90_UPI000234D826	64.18	202	202
UniRef90_D5ZTV1	33.93	202	269
UniRef90_UPI0004C00AB1	38.84	202	269
UniRef90_UPI0003B6893B	63.37	202	202
UniRef90_D3PUW6	65.17	202	202
UniRef90_D9XI34	37.50	202	269
UniRef90_UPI0004CDB4DD	35.27	202	269
UniRef90_UPI0004C62D0A	34.82	202	269
UniRef90_S4TWP8	61.19	202	202
UniRef90_UPI0004850983	37.44	202	218
UniRef90_A0A0N1NUD8	37.05	202	269
UniRef90_UPI000365D169	64.32	202	201
UniRef90_S2YAK1	36.61	202	269
UniRef90_M9SZT6	34.67	202	296
UniRef90_D9WJH4	33.48	202	271
UniRef90_UPI0004C51233	35.71	202	269
UniRef90_UPI0004BFF9F8	35.71	202	270
UniRef90_UPI0004261C55	64.18	202	202
UniRef90_UPI0006E3C208	33.48	202	267
UniRef90_A0A0M8XUI9	63.37	202	202
UniRef90_A0A0D7W445	41.58	202	221
UniRef90_A0A0M9YXA2	35.71	202	269
UniRef90_A0A0N1FHZ1	35.71	202	267
UniRef90_UPI0004CC80B6	36.16	202	266
UniRef90_UPI0006EB54FA	33.93	202	271
UniRef90_UPI00036DB366	60.89	202	202
UniRef90_UPI0003AAEC10	44.28	202	228
UniRef90_UPI000370F15A	60.70	202	202
UniRef90_UPI0003A87E45	65.17	202	202
UniRef90_L0F559	62.19	202	202
UniRef90_A0A0M2GNN8	36.16	202	269
UniRef90_UPI000626E8D8	62.19	202	202
UniRef90_UPI0004CA8742	36.04	202	269
UniRef90_A0A099Y1W1	40.10	202	222
UniRef90_UPI0006D3BD49	64.68	202	202
UniRef90_D7VKN3	39.60	202	233
UniRef90_A0A090VI69	42.57	202	221
UniRef90_UPI0004BE8306	61.69	202	202
UniRef90_UPI0006B40E98	39.60	202	226
UniRef90_UPI000308CDA0	78.61	202	202
UniRef90_UPI0006E3B73F	35.27	202	268
UniRef90_UPI0004C92452	33.04	202	267
UniRef90_UPI00036AA186	34.38	202	269
UniRef90_UPI00041E320B	41.09	202	225
UniRef90_UPI000377D6B4	63.18	202	202
UniRef90_V6JJV1	33.48	202	238
UniRef90_UPI000557D4E9	38.81	202	225
UniRef90_UPI00039AEFBB	33.93	202	268
UniRef90_UPI0006E186E6	36.61	202	269
UniRef90_M7MK02	40.10	202	226
UniRef90_UPI000466EE90	40.59	202	223
UniRef90_A0A0L0KIL1	61.69	202	220
UniRef90_B8XGS4	84.16	202	202
UniRef90_UPI0004C0DE95	36.16	202	269
UniRef90_A0A0C5WKS0	39.11	202	221
UniRef90_UPI0004C48318	34.39	202	271
UniRef90_UPI00037F99A0	62.25	202	205
UniRef90_A2U1F8	39.11	202	202
UniRef90_Q9LA08	79.10	202	223
UniRef90_R4SV78	61.39	202	202
UniRef90_V6JSR6	62.19	202	202
UniRef90_A0A0F7NDP0	64.18	202	202
UniRef90_UPI0004C49E98	33.48	202	268
UniRef90_UPI0006E444D7	32.59	202	271
UniRef90_D3SC75	40.00	202	231
UniRef90_UPI0004AB2AFD	61.19	202	202
UniRef90_A0A0F5VPU9	35.71	202	269
UniRef90_A0A0M9ZMU6	34.82	202	269
UniRef90_UPI00068F81F9	39.90	202	226
UniRef90_UPI0004CB1962	62.69	202	202
UniRef90_A0A0D7W9L2	39.60	202	221
UniRef90_K0UQ93	34.67	202	266
UniRef90_UPI0004C0AEAB	34.38	202	270
UniRef90_A0A086N668	35.27	202	269
UniRef90_A0A0K3BE70	63.18	202	202
UniRef90_A0A089X5J3	34.38	202	271
UniRef90_UPI00048EBAE5	62.19	202	203
UniRef90_UPI00064B047B	42.08	202	221
UniRef90_UPI00040C9505	33.48	202	268
UniRef90_E9L1E8	63.18	202	216
UniRef90_UPI000699A890	62.19	202	227
UniRef90_UPI0004C07764	37.50	202	274
UniRef90_I0AJI7	35.11	202	248
UniRef90_UPI00035F37A6	62.69	202	202
UniRef90_L0RIR5	41.09	202	233
UniRef90_UPI0006E162ED	34.82	202	272
UniRef90_UPI0004BFFE5E	33.93	202	268
UniRef90_UPI0006F2FDD9	60.50	202	204
UniRef90_UPI0004E20F70	37.05	202	272
UniRef90_A0A0L0JM37	36.16	202	266
UniRef90_A0A0M8XG94	37.50	202	266
UniRef90_UPI00056705BC	35.71	202	269
UniRef90_L8ETN0	60.80	202	208
UniRef90_G2EG25	37.13	202	224
UniRef90_UPI0004242BC9	33.48	202	273
UniRef90_UPI0004C33FE1	64.18	202	212
UniRef90_UPI000695F69B	34.38	202	275
UniRef90_A0A081XNY3	34.82	202	269
UniRef90_A0A0M8RVF7	33.03	202	265
UniRef90_UPI0004C7FC89	37.50	202	269
UniRef90_A0A0F0DKW9	47.76	202	227
UniRef90_W7IL84	64.18	202	202
UniRef90_UPI00040F310B	63.68	202	202
UniRef90_A3KKV3	33.48	202	269
UniRef90_UPI00057BC9CC	43.07	202	225
UniRef90_Q9KZN6	35.27	202	274
UniRef90_UPI0006BC009C	63.68	202	202
UniRef90_A0A072SLD5	35.27	202	269
UniRef90_D7BRE9	34.38	202	268
UniRef90_UPI00048FF2C8	61.19	202	202
UniRef90_F2RBE4	34.84	202	273
UniRef90_A1UKT6	35.71	202	268
UniRef90_A0A0F7W324	35.27	202	281
UniRef90_UPI0003B69950	43.28	202	226
UniRef90_A0A0K9XIG6	34.82	202	279
UniRef90_T2GF22	41.09	202	227
UniRef90_V5KVC0	63.18	202	202
UniRef90_UPI000478EE0D	61.69	202	202
UniRef90_A0A066TRW1	65.67	202	202
UniRef90_UPI00068F1D3D	34.84	202	262
UniRef90_UPI0004C870DF	34.53	202	289
UniRef90_UPI0004C04311	34.82	202	271
UniRef90_Q9XAK6	60.70	202	202
UniRef90_UPI0005247661	63.68	202	206
UniRef90_A0A0G3UFW4	40.20	202	229
UniRef90_UPI0004C134F8	61.00	202	208
UniRef90_A0A0J6XLA5	32.74	202	271
UniRef90_A0A099XZ88	40.59	202	223
UniRef90_A0A0F0GGQ3	34.80	202	250
UniRef90_A0A0L8L2G9	35.71	202	269
UniRef90_UPI00054DB596	40.70	202	219
UniRef90_UPI0006E13829	33.48	202	269
UniRef90_A0A0M2XMC6	38.61	202	226
UniRef90_S3B5W9	33.48	202	273
UniRef90_UPI0004AD41A3	39.00	202	217
UniRef90_A0A0F3ILG0	40.59	202	227
UniRef90_UPI00062C8509	33.93	202	272
UniRef90_UPI0004C62C00	34.38	202	268
UniRef90_UPI000423E95C	36.89	202	252
UniRef90_E8WB84	34.82	202	268
UniRef90_UPI000527CA16	64.18	202	202
UniRef90_G2NV24	35.27	202	268
UniRef90_UPI00036A7750	39.80	202	221
UniRef90_A0A0N1GST3	42.42	202	225
UniRef90_A8UQB5	39.60	202	226
UniRef90_Q8GF03	74.13	202	202
UniRef90_E9UYS8	59.61	202	204
UniRef90_A0A0B5EVT2	35.27	202	275
UniRef90_A0A0M9YMQ1	33.04	202	264
UniRef90_UPI0004E229DD	35.27	202	268
UniRef90_UPI0005BDA5E1	34.84	202	270
UniRef90_V4FCP0	37.17	202	254
UniRef90_UPI00068C74ED	43.00	202	224
UniRef90_A0A0L8LPU5	35.27	202	281
UniRef90_D2PMX6	66.17	202	202
UniRef90_UPI0006E25A24	34.82	202	272
UniRef90_A8L664	61.19	202	216
UniRef90_A0A0F4PNI4	38.31	202	222
UniRef90_UPI0005594BFA	39.90	202	210
UniRef90_UPI0005251361	35.11	202	267
UniRef90_UPI0005172367	35.27	202	269
UniRef90_M9TT06	34.82	202	440
UniRef90_R1FWM6	64.18	202	202
UniRef90_A0A0N0A517	34.55	202	250
UniRef90_UPI00068F527D	40.50	202	218
UniRef90_UPI00055E921C	60.20	202	202
UniRef90_F6GE83	39.11	202	221
UniRef90_UPI000626B384	33.04	202	279
UniRef90_F3NKQ8	36.04	202	258
UniRef90_UPI000405B850	44.06	202	223
UniRef90_X5A130	38.81	202	244
UniRef90_UPI0005D14435	41.41	202	226
UniRef90_A9EAY5	37.62	202	202
UniRef90_UPI0005D2A4A8	40.00	202	218
UniRef90_UPI0006F2164E	34.22	202	254
UniRef90_A0A0N0S4V3	33.48	202	269
UniRef90_UPI00068C15AF	35.59	202	252
UniRef90_UPI00047B2C7A	37.13	202	222
UniRef90_UPI000565AC3B	33.78	202	263
UniRef90_UPI0005609874	33.48	202	269
UniRef90_UPI00059095E7	39.11	202	227
UniRef90_UPI0004267D5D	39.11	202	227
UniRef90_UPI0003B42612	39.90	202	217
UniRef90_U2J446	42.08	202	246
UniRef90_G4T1N4	39.30	202	218
UniRef90_A0A0F4I9V6	41.38	202	226
UniRef90_UPI0004C6652F	32.59	202	288
UniRef90_UPI0005643553	36.61	202	293
UniRef90_UPI0004C3372F	34.38	202	274
UniRef90_UPI00047AD735	38.12	202	227
UniRef90_UPI00051B4844	35.27	202	272
UniRef90_A0A090ZLP9	43.00	202	303
UniRef90_A0LZ24	43.07	202	226
UniRef90_A0A081EDY4	36.16	202	285
UniRef90_A0A0N0UNY8	38.12	202	222
UniRef90_UPI00069FFBC2	61.31	202	204
UniRef90_UPI000568213D	41.38	202	232
UniRef90_W2V6R6	36.74	202	234
UniRef90_UPI0006B435D4	39.80	202	224
UniRef90_UPI0004AAAF43	35.71	202	284
UniRef90_UPI00035F9DB3	33.48	202	264
UniRef90_UPI0006F6C123	59.30	202	204
UniRef90_M3ASQ6	35.27	202	268
UniRef90_A0A0M8YVH5	35.27	202	269
UniRef90_A0A0L8LDE9	33.93	202	259
UniRef90_A1TE98	35.71	202	263
UniRef90_W4D5U0	41.09	202	255
UniRef90_UPI00055AE988	39.39	202	219
UniRef90_A4BYY2	41.29	202	261
UniRef90_A0A0F4JKG6	32.14	202	272
UniRef90_UPI0004882512	42.08	202	221
UniRef90_UPI00036A30FE	34.38	202	268
UniRef90_Q3S3G2	71.64	202	203
UniRef90_UPI0006E22BF6	64.68	202	202
UniRef90_D5BL81	44.56	202	195
UniRef90_UPI00055B2957	39.39	202	223
UniRef90_UPI0002626D13	62.69	202	202
UniRef90_Q9XCR3	69.15	202	202
UniRef90_A0A024HNI2	46.77	202	227
UniRef90_UPI0005A6E1E3	32.74	202	267
UniRef90_D5US96	61.69	202	210
UniRef90_UPI00068312CA	35.11	202	283
UniRef90_A0A0C2B5W7	31.70	202	268
UniRef90_A0A0G3G4F3	40.50	202	233
UniRef90_UPI0006473B22	37.13	202	227
UniRef90_UPI0003B6FB73	36.16	202	244
UniRef90_UPI00053EFDE1	36.63	202	226
UniRef90_A0A0A8EW22	33.93	202	280
UniRef90_UPI0005BB975F	35.27	202	284
UniRef90_R1GAX6	36.20	202	261
UniRef90_A0A068JJD3	33.63	202	248
UniRef90_I4C4Y8	36.45	202	232
UniRef90_A0A024FIZ3	39.11	202	202
UniRef90_UPI00042364DC	34.23	202	268
UniRef90_UPI0006515519	38.12	202	224
UniRef90_UPI0005C99B84	38.61	202	221
UniRef90_I1D2Z6	33.04	202	267
UniRef90_Q47749	75.12	202	202
UniRef90_UPI0005278104	32.14	202	268
UniRef90_UPI0006CFEFE5	38.61	202	221
UniRef90_A0A0F7G0R0	62.00	202	215
UniRef90_B1W4E5	33.93	202	270
UniRef90_UPI00048D7F76	40.10	202	221
UniRef90_UPI0005CA232A	42.08	202	202
UniRef90_S5TLF9	62.19	202	213
UniRef90_A0A091AG76	30.97	202	255
UniRef90_R9LIG0	44.00	202	287
UniRef90_A0A098GB45	38.12	202	242
UniRef90_I0X8G3	41.58	202	218
UniRef90_UPI000424A0CD	32.14	202	286
UniRef90_UPI0004CB200D	34.82	202	266
UniRef90_UPI0006846687	39.60	202	212
UniRef90_A0A0M8SRA0	40.50	202	242
UniRef90_UPI0005547D62	37.50	202	216
UniRef90_A0A069JLT6	33.93	202	268
UniRef90_D6B864	34.88	202	226
UniRef90_A0A0D3VGN3	38.61	202	218
UniRef90_UPI000464223B	34.38	202	268
UniRef90_A0A0F7N2I7	34.38	202	275
UniRef90_UPI00068C6EA9	40.89	202	230
UniRef90_D6AK44	32.59	202	268
UniRef90_A0A0D7X493	39.60	202	202
UniRef90_UPI0004CA4821	32.59	202	268
UniRef90_A0A089IZA3	39.60	202	260
UniRef90_G2NRX5	33.48	202	268
UniRef90_UPI000628FCFF	34.16	202	224
UniRef90_W4DCU9	38.61	202	254
UniRef90_UPI0004C4675E	62.19	202	199
UniRef90_A0A089I685	39.60	202	256
UniRef90_UPI000689B399	41.58	202	240
UniRef90_UPI0004C40101	61.38	202	202
UniRef90_Q8Z749	31.70	202	256
UniRef90_UPI0004223D12	37.13	202	227
UniRef90_A0A073B3N8	34.84	202	266
UniRef90_UPI0004C8F44D	34.82	202	287
UniRef90_UPI00036FA23B	38.50	202	231
UniRef90_UPI0004AF5B4C	59.70	202	210
UniRef90_D9V8Y2	34.84	202	274
UniRef90_UPI0004C8F7C7	32.59	202	268
UniRef90_W3AJW5	41.50	202	218
UniRef90_B1Z7X0	40.80	202	224
UniRef90_A0A0C1MNB0	36.00	202	220
UniRef90_L8EGC0	35.27	202	279
UniRef90_C5AUE7	41.92	202	220
UniRef90_UPI0004CD1B71	40.39	202	260
UniRef90_UPI00058BE9A7	35.64	202	226
UniRef90_A0A0I9UJX6	35.71	202	268
UniRef90_A0A0L8MI48	33.94	202	278
UniRef90_H5XIA7	34.38	202	268
UniRef90_UPI0006F924E3	33.48	202	268
UniRef90_C0BFM5	41.58	202	228
UniRef90_A0A0D7CFF2	35.14	202	274
UniRef90_S7VRI5	37.62	202	226
UniRef90_UPI00059A8946	67.00	202	209
UniRef90_A0A0K3AUT6	33.04	202	280
UniRef90_A0A024YRS2	38.42	202	236
UniRef90_A0A0A8BU51	31.39	202	252
UniRef90_R4LPD5	36.00	202	263
UniRef90_A0A022M7Z6	33.04	202	282
UniRef90_W5IRS7	47.26	202	224
UniRef90_A0A0C5BQY8	60.20	202	205
UniRef90_UPI00069B13D7	35.75	202	279
UniRef90_UPI00036A3DE1	65.50	202	206
UniRef90_A0A0D8CPW7	34.80	202	223
UniRef90_UPI0004BAEE93	40.50	202	216
UniRef90_UPI0004C0A3BF	36.16	202	271
UniRef90_UPI00068A99CD	40.10	202	202
UniRef90_A0A0N0XRN3	34.22	202	268
UniRef90_UPI0005F857E9	33.04	202	289
UniRef90_UPI0003FDCDE6	76.12	202	202
UniRef90_V4HRN5	38.38	202	220
UniRef90_A0A0F7FRF5	43.00	202	242
UniRef90_UPI00068DCC77	43.39	202	197
UniRef90_W4V318	46.32	202	192
UniRef90_A0A077XX00	36.82	202	225
UniRef90_C4RDM4	35.27	202	262
UniRef90_UPI0006C7E307	35.27	202	252
UniRef90_UPI0004BDDA73	33.93	202	279
UniRef90_A0A088EYN3	39.11	202	225
UniRef90_S5MQ08	31.25	202	253
UniRef90_UPI0004886166	34.82	202	269
UniRef90_UPI000629ACC3	36.14	202	224
UniRef90_UPI00048B663A	40.50	202	217
UniRef90_H7E714	32.14	202	255
UniRef90_UPI0005BD721E	36.89	202	251
UniRef90_UPI00038087DB	39.39	202	269
UniRef90_D9VLD7	30.80	202	270
UniRef90_UPI0005589EFD	41.00	202	218
UniRef90_UPI000688492C	40.10	202	233
UniRef90_V8D3H5	61.69	202	202
UniRef90_UPI00036E371A	61.69	202	202
UniRef90_UPI0004819849	38.61	202	221
UniRef90_UPI0006E422DA	39.11	202	221
UniRef90_UPI000300D1D3	30.22	202	257
UniRef90_UPI0004850A6F	61.69	202	202
UniRef90_UPI0005515103	38.61	202	221
UniRef90_UPI0005D22A0A	40.41	202	200
UniRef90_A0A0D0VNC3	35.71	202	275
UniRef90_UPI00068C06C3	40.91	202	204
UniRef90_UPI0004C7AF19	32.14	202	272
UniRef90_UPI000417EDE3	39.50	202	218
UniRef90_W0FLV6	38.89	202	223
UniRef90_UPI0006D5726C	40.59	202	216
UniRef90_UPI00035D4DCD	35.11	202	297
UniRef90_UPI0006E3A51B	37.62	202	221
UniRef90_D3EYW9	59.70	202	213
UniRef90_UPI0004783659	32.59	202	279
UniRef90_UPI00047EC709	38.92	202	245
UniRef90_A0A089JZC1	39.11	202	202
UniRef90_UPI0006C770B2	31.25	202	253
UniRef90_UPI0004C4F465	34.38	202	309
UniRef90_UPI00054D0A38	41.41	202	216
UniRef90_A0A0A0JHS6	29.46	202	266
UniRef90_A0A0F9VH08	35.27	202	250
UniRef90_A0A059VYW7	33.79	202	228
UniRef90_E0RXF5	36.68	202	213
UniRef90_A0A0L6CLU4	30.36	202	277
UniRef90_UPI0005636D84	43.15	202	212
UniRef90_UPI000405F0D9	37.62	202	221
UniRef90_A0A0E3WHP1	39.11	202	254
UniRef90_UPI0003FDCE4C	33.78	202	293
UniRef90_UPI000490171B	34.82	202	283
UniRef90_A8PK95	37.81	202	233
UniRef90_UPI0006BB75A1	37.09	202	229
UniRef90_A0A078KRU3	36.49	202	242
UniRef90_UPI00037837DF	36.18	202	222
UniRef90_UPI000414B710	33.79	202	254
UniRef90_E9L1P4	64.18	202	213
UniRef90_UPI00068881B0	39.60	202	202
UniRef90_UPI00048A5098	32.42	202	264
UniRef90_A0A0G9I1Z8	36.45	202	223
UniRef90_A0A098M3R4	38.86	202	205
UniRef90_UPI0006D65989	38.89	202	243
UniRef90_D1Y215	39.70	202	264
UniRef90_M4X3K9	46.77	202	231
UniRef90_UPI0005F7D2CD	33.48	202	266
UniRef90_G7UWR9	38.42	202	239
UniRef90_G2J890	38.39	202	270
UniRef90_H8GKF3	39.11	202	230
UniRef90_D3RRN6	33.19	202	257
UniRef90_UPI00053D5AD1	38.61	202	221
UniRef90_A0A0G8M6R2	37.13	202	225
UniRef90_UPI00040052A7	31.25	202	277
UniRef90_W7VSI8	36.61	202	270
UniRef90_I0GW00	36.82	202	271
UniRef90_UPI000629BE46	60.70	202	202
UniRef90_UPI000696FF4E	60.30	202	217
UniRef90_A0A089KVT8	40.59	202	211
UniRef90_UPI0005F2DBC0	60.70	202	205
UniRef90_UPI00068E85AF	33.18	202	260
UniRef90_A0A0B2JXY9	36.20	202	271
UniRef90_V7ZB79	36.63	202	248
UniRef90_UPI00052567C9	34.38	202	260
UniRef90_UPI0006D79F69	40.59	202	223
UniRef90_D8DZ49	33.79	202	267
UniRef90_A0A0M2S285	37.05	202	282
UniRef90_UPI000700155C	35.96	202	235
UniRef90_A0A0E3UGV9	38.12	202	225
UniRef90_UPI0004D0011D	40.10	202	210
UniRef90_UPI00048D5080	33.18	202	258
UniRef90_V6KYC4	35.27	202	269
UniRef90_UPI0007032B40	38.42	202	234
UniRef90_C6BZX2	40.59	202	230
UniRef90_A0A075MKB1	42.44	202	216
UniRef90_UPI0003FC6D31	34.98	202	223
UniRef90_D9TEN5	36.16	202	269
UniRef90_A0A098G5V2	35.43	202	243
UniRef90_Z5XP60	38.38	202	221
UniRef90_UPI000701F7DE	39.90	202	218
UniRef90_UPI0003B61EF5	37.13	202	209
UniRef90_UPI00055E3B4E	35.91	202	273
UniRef90_UPI0004636CBE	37.81	202	224
UniRef90_A0A0J6Y2N9	32.74	202	263
UniRef90_A0A0M1JCH2	36.45	202	229
UniRef90_Q1MRM8	35.71	202	221
UniRef90_C7N2T4	37.56	202	254
UniRef90_I4WN80	39.22	202	272
UniRef90_M4NLG1	39.22	202	244
UniRef90_A0A0G9HN26	37.44	202	241
UniRef90_UPI00051BDF7A	36.82	202	274
UniRef90_A0A021VY00	38.12	202	249
UniRef90_K4KI73	42.21	202	233
UniRef90_A0A099CQZ0	33.33	202	259
UniRef90_A0A0C9NZ73	33.93	202	243
UniRef90_UPI00055F116C	36.65	202	272
UniRef90_I7HS09	33.93	202	243
UniRef90_UPI0006D0501E	38.38	202	199
UniRef90_D9UC27	33.93	202	275
UniRef90_UPI0004BF13E8	32.74	202	274
UniRef90_UPI0006875ED0	39.22	202	233
UniRef90_UPI0006FB0573	37.07	202	228
UniRef90_A0A0N1D7T2	35.96	202	237
UniRef90_U1KUE7	32.82	202	223
UniRef90_D5EU01	33.49	202	265
UniRef90_UPI0006FA19C4	61.88	202	211
UniRef90_UPI00053A527F	35.15	202	216
UniRef90_UPI0004BF2ED1	38.69	202	229
UniRef90_M5CSQ9	36.63	202	237
UniRef90_A0A0C1R0P5	42.44	202	216
UniRef90_UPI00068C0DD0	32.41	202	244
UniRef90_A0A0M2Z6J3	34.38	202	264
UniRef90_UPI000627E7FC	38.00	202	199
UniRef90_S0G0V5	35.24	202	247
UniRef90_K0EVM8	30.67	202	268
UniRef90_UPI000478A0DF	36.59	202	223
UniRef90_F4FGF3	32.88	202	281
UniRef90_UPI000694B542	31.53	202	255
UniRef90_A0A098JEK7	36.63	202	248
UniRef90_UPI0006FE27E5	37.62	202	224
UniRef90_T2KI78	40.59	202	221
