UniRef90_P23904	95.75	214	237
UniRef90_G7VT75	89.15	214	237
UniRef90_A0A0N0UHX7	90.43	214	237
UniRef90_P45797	89.15	214	238
UniRef90_A0A097QQT4	84.91	214	238
UniRef90_E3E469	87.08	214	237
UniRef90_E0IE86	86.12	214	237
UniRef90_UPI0006196E04	84.69	214	237
UniRef90_UPI00036143CB	85.38	214	237
UniRef90_C6CVB7	85.17	214	237
UniRef90_R9TX70	80.19	214	243
UniRef90_P04957	79.72	214	242
UniRef90_UPI000464C665	78.30	214	243
UniRef90_A0A0E3WIU7	80.86	214	240
UniRef90_F8F6D2	80.86	214	237
UniRef90_F8FB21	79.52	214	243
UniRef90_A0A089JAV4	80.38	214	240
UniRef90_A0A098M7T4	80.38	214	237
UniRef90_UPI0006D81803	80.86	214	237
UniRef90_P27051	75.94	214	243
UniRef90_M9XGK2	80.38	214	238
UniRef90_A0A089LHL7	77.51	214	240
UniRef90_A0A0M4NIK2	75.47	214	236
UniRef90_A0A0D1IL93	79.04	214	168
UniRef90_D9SRJ0	65.07	214	247
UniRef90_M1MTK6	66.99	214	246
UniRef90_G7M8L7	66.67	214	245
UniRef90_UPI00047AB76D	65.73	214	246
UniRef90_UPI0006D57C9E	61.79	214	244
UniRef90_A0A089KG27	62.56	214	249
UniRef90_K6TUB8	64.73	214	242
UniRef90_C4IM99	62.91	214	242
UniRef90_R6KHF6	61.97	214	241
UniRef90_UPI0006D809EA	59.43	214	245
UniRef90_U5MTF0	61.97	214	246
UniRef90_F2JKE0	65.07	214	389
UniRef90_A0A089I9B6	61.50	214	244
UniRef90_Q58WW0	62.20	214	243
UniRef90_A0A011WK98	59.80	214	270
UniRef90_F2JKE4	60.19	214	257
UniRef90_UPI000688924C	59.80	214	208
UniRef90_R7KXL2	61.97	214	404
UniRef90_E9SCT3	59.80	214	264
UniRef90_A0A060RJ87	62.25	214	236
UniRef90_Q97FD3	59.81	214	246
UniRef90_E6UGI9	59.72	214	408
UniRef90_UPI00068B4A66	59.13	214	225
UniRef90_D2KFK4	59.05	214	264
UniRef90_E6UH08	61.14	214	263
UniRef90_A0A011VYD2	59.24	214	428
UniRef90_UPI00048CCFE3	58.49	214	422
UniRef90_R5ZEF8	63.78	214	387
UniRef90_A0A0H5SFD6	58.94	214	303
UniRef90_T0UMT6	61.95	214	237
UniRef90_Q6A4K6	62.38	214	243
UniRef90_A0A075SJJ2	57.69	214	221
UniRef90_R5Z5U8	62.75	214	413
UniRef90_UPI0006897B21	56.60	214	225
UniRef90_A3DBX3	59.24	214	334
UniRef90_UPI00036DF173	58.82	214	224
UniRef90_UPI0004148B9D	58.54	214	213
UniRef90_Q93UI2	74.34	214	163
UniRef90_Q45648	58.06	214	276
UniRef90_A0A075SI95	58.10	214	449
UniRef90_UPI000376BACA	62.57	214	346
UniRef90_UPI000477FE9C	58.42	214	215
UniRef90_UPI0006886C83	63.30	214	397
UniRef90_T0TBK0	56.73	214	213
UniRef90_W0U8V7	61.14	214	255
UniRef90_R5GYB3	59.70	214	275
UniRef90_A0A091BSL6	56.40	214	473
UniRef90_I3W8N1	60.20	214	243
UniRef90_UPI00055F80D1	59.31	214	425
UniRef90_UPI00047C0166	58.99	214	378
UniRef90_A0A060LYJ5	57.48	214	249
UniRef90_O14412	59.80	214	245
UniRef90_A0A091BQZ4	57.69	214	432
UniRef90_UPI000370CD04	58.10	214	365
UniRef90_G8LU32	57.41	214	341
UniRef90_UPI0002F19C60	58.06	214	378
UniRef90_UPI000400E862	57.69	214	438
UniRef90_UPI000400EEE6	59.52	214	422
UniRef90_UPI000424F181	55.61	214	217
UniRef90_S5RNB9	55.83	214	213
UniRef90_B1SBM6	58.45	214	238
UniRef90_U2ZAM6	57.92	214	448
UniRef90_W4V1B6	59.80	214	568
UniRef90_W4V1B6	57.89	214	568
UniRef90_UPI000550939D	56.87	214	442
UniRef90_UPI00037BBB21	56.34	214	449
UniRef90_U2Y0X0	55.45	214	218
UniRef90_W4QLD5	55.25	214	377
UniRef90_E6TRB0	55.45	214	379
UniRef90_W7UAS4	56.19	214	301
UniRef90_A0A0L6JQ89	58.60	214	567
UniRef90_A0A0L6JQ89	59.72	214	567
UniRef90_R7GRU1	57.28	214	1016
UniRef90_UPI0006870B49	59.07	214	252
UniRef90_P37073	56.02	214	259
UniRef90_UPI0003761C7C	56.40	214	422
UniRef90_W7ZNE8	56.34	214	372
UniRef90_UPI00046341CB	61.86	214	823
UniRef90_UPI0003812685	55.56	214	435
UniRef90_UPI0001E2D930	56.59	214	339
UniRef90_UPI0004AEEDE4	52.73	214	267
UniRef90_R5V1K9	54.93	214	1021
UniRef90_U2K104	56.81	214	1032
UniRef90_R7MS04	57.35	214	1030
UniRef90_UPI000677D68D	60.33	214	388
UniRef90_R7KTF3	54.46	214	264
UniRef90_Q9K7X5	54.38	214	851
UniRef90_Q9K7X5	54.38	214	851
UniRef90_Q9K7X5	52.25	214	851
UniRef90_UPI0006A980C4	52.25	214	353
UniRef90_C9KLC7	54.59	214	260
UniRef90_A0A059WL61	49.12	214	291
UniRef90_UPI0006793AA7	56.19	214	835
UniRef90_UPI0006793AA7	53.21	214	835
UniRef90_UPI0006793AA7	54.29	214	835
UniRef90_UPI0007022950	51.58	214	261
UniRef90_UPI0004BAC695	58.55	214	812
UniRef90_D4LAY7	59.59	214	1049
UniRef90_Q53317	51.58	214	802
UniRef90_UPI0004B73C43	55.50	214	1081
UniRef90_U5W1S5	48.87	214	258
UniRef90_UPI00048CD057	53.27	214	269
UniRef90_UPI000687A6F0	53.99	214	967
UniRef90_UPI000687A6F0	52.09	214	967
UniRef90_UPI000687A6F0	52.83	214	967
UniRef90_UPI0006902364	50.68	214	250
UniRef90_UPI0004BADF8D	57.51	214	927
UniRef90_UPI0004BADF8D	53.49	214	927
UniRef90_UPI0004BADF8D	52.36	214	927
UniRef90_UPI000365CD36	49.32	214	259
UniRef90_UPI0003FE8A7E	54.73	214	261
UniRef90_A0A0D6VIA8	48.65	214	259
UniRef90_UPI0001C36E0F	52.29	214	921
UniRef90_UPI0001C36E0F	53.33	214	921
UniRef90_UPI0001C36E0F	56.48	214	921
UniRef90_UPI0004E19CEA	50.69	214	261
UniRef90_UPI0003600D0D	49.55	214	259
UniRef90_I0GN34	54.95	214	263
UniRef90_UPI0004850E99	49.32	214	255
UniRef90_E6TXJ2	53.67	214	1150
UniRef90_D4KE97	54.23	214	261
UniRef90_Q9K7X6	64.33	214	302
UniRef90_UPI0002FF2673	52.75	214	1130
UniRef90_Q9APD8	49.77	214	256
UniRef90_UPI00047BE7BE	51.38	214	1139
UniRef90_UPI000690B927	50.91	214	716
UniRef90_UPI000690B927	51.16	214	716
UniRef90_UPI0006901516	49.10	214	285
UniRef90_F3MJJ2	48.40	214	256
UniRef90_W4AMY9	48.40	214	256
UniRef90_UPI0004C66802	46.40	214	263
UniRef90_E0RWG1	46.54	214	252
UniRef90_G7ZAN8	40.27	214	268
UniRef90_A0A089NYK1	44.89	214	277
UniRef90_B1M5W9	44.20	214	277
UniRef90_A0A0F2KQ57	39.55	214	241
UniRef90_I9LCI0	45.05	214	278
UniRef90_UPI00034C9065	39.55	214	262
UniRef90_UPI00047CD4DA	45.67	214	242
UniRef90_A0A090Z855	46.64	214	257
UniRef90_UPI000647E936	41.74	214	266
UniRef90_A0A021XHH3	41.67	214	261
UniRef90_A0A081ME50	40.74	214	265
UniRef90_A6NZ43	45.33	214	290
UniRef90_Q9AGJ7	76.77	214	124
UniRef90_UPI0006B41461	43.56	214	392
UniRef90_UPI0005D22D10	47.57	214	213
UniRef90_D3P086	39.27	214	271
UniRef90_UPI000687390A	41.47	214	257
UniRef90_A0A023J868	81.32	214	91
UniRef90_UPI00055C9929	40.38	214	264
UniRef90_A0A0B1PXT7	39.25	214	260
UniRef90_UPI0006F2D3A7	38.43	214	263
UniRef90_UPI0006C737DC	42.73	214	263
UniRef90_UPI00068EB136	42.52	214	296
UniRef90_Q9P420	77.66	214	94
UniRef90_UPI00068511E4	44.02	214	215
UniRef90_UPI0004644F80	41.01	214	263
UniRef90_UPI0003FB32CD	37.33	214	256
UniRef90_UPI000684B646	49.17	214	185
UniRef90_UPI00036C6993	40.83	214	272
UniRef90_UPI000686350A	37.33	214	269
UniRef90_A0A095X9Q7	38.60	214	265
UniRef90_X6GSS3	39.63	214	289
UniRef90_C3KLJ7	39.07	214	292
UniRef90_W6RXD2	38.14	214	264
UniRef90_W6W3F6	38.03	214	265
UniRef90_M5EXF2	37.61	214	303
UniRef90_W8I5U9	38.43	214	237
UniRef90_UPI0003FFC40A	39.45	214	350
UniRef90_A0A0D0K628	37.21	214	263
UniRef90_UPI0006F60DFB	37.33	214	257
UniRef90_A0A0B4X2K3	37.96	214	263
UniRef90_UPI00047E9BE8	38.50	214	265
UniRef90_UPI00055F83CA	38.68	214	264
UniRef90_A0A081CSP7	37.67	214	263
UniRef90_P33693	39.07	214	269
UniRef90_A0A068DM52	38.18	214	293
UniRef90_A0A069HU34	37.04	214	262
UniRef90_A0A0M3BHD1	38.60	214	265
UniRef90_A0A0B4XFU3	36.41	214	276
UniRef90_UPI00048345EE	37.21	214	263
UniRef90_UPI0006F236BA	38.14	214	264
UniRef90_UPI00056BAEBF	37.04	214	260
UniRef90_UPI0003742200	37.33	214	284
UniRef90_UPI0006933337	39.90	214	260
UniRef90_A4EK01	38.53	214	269
UniRef90_UPI00037DF2DE	37.26	214	268
UniRef90_X7EA47	36.70	214	257
UniRef90_UPI00055FA606	37.50	214	260
UniRef90_A0A024KJ67	35.48	214	261
UniRef90_E8T884	37.79	214	284
UniRef90_UPI0006FAFE3E	36.70	214	265
UniRef90_UPI00056D017A	37.33	214	263
UniRef90_A0A0H0ZWP5	36.62	214	270
UniRef90_A4WTZ9	35.21	214	260
UniRef90_UPI0006F35244	36.57	214	273
UniRef90_U4Q152	37.67	214	263
UniRef90_UPI000565567D	37.67	214	260
UniRef90_UPI00055CEC69	35.48	214	269
UniRef90_UPI00067FE3A5	37.21	214	253
UniRef90_A0A0E2PIF5	38.81	214	299
UniRef90_F7XZ91	36.82	214	290
UniRef90_A0A068STG2	36.65	214	271
UniRef90_A0A0F7KUE5	35.19	214	273
UniRef90_W6RLY5	35.48	214	259
UniRef90_Q0BZ01	43.27	214	264
UniRef90_B9K264	36.28	214	268
UniRef90_A0A069E9S0	42.93	214	339
UniRef90_A0A090G691	37.00	214	289
UniRef90_UPI00040F1168	36.41	214	267
UniRef90_X6CWS1	35.78	214	287
UniRef90_A0A059FV04	41.15	214	274
UniRef90_A0A090DJW7	37.00	214	294
UniRef90_A0A059G4D3	40.47	214	271
UniRef90_A0A085FLB3	34.55	214	264
UniRef90_S9QJ78	35.91	214	452
UniRef90_A0A059FV62	42.56	214	351
UniRef90_UPI0005198FE5	35.94	214	261
UniRef90_L0LWX2	37.50	214	267
UniRef90_A0A0F5L051	34.40	214	270
UniRef90_X6EF14	35.91	214	288
UniRef90_A0A062VH78	42.63	214	315
UniRef90_A0A0J8VBH9	37.73	214	256
UniRef90_X6GZD5	36.53	214	285
UniRef90_UPI0006FD4D42	34.72	214	261
UniRef90_V7FQX0	35.48	214	288
UniRef90_A0A0F5PZH0	35.14	214	259
UniRef90_A0A062UCF2	39.32	214	332
UniRef90_N6V1W2	36.24	214	268
UniRef90_A0A059F8C8	47.13	214	339
UniRef90_R6CKZ1	62.50	214	98
UniRef90_UPI000556D150	36.24	214	267
UniRef90_A0A087LZK7	33.49	214	256
UniRef90_A0A037ZNP8	35.68	214	225
UniRef90_A0A0F5FXL0	35.71	214	264
UniRef90_Q3J3C6	34.11	214	260
UniRef90_UPI000486F930	39.60	214	254
UniRef90_A0A059DU97	42.39	214	244
UniRef90_A0A062UIS9	38.83	214	226
UniRef90_B9JKZ2	36.11	214	267
UniRef90_A3JWM7	37.13	214	258
UniRef90_A0A059DXW7	43.37	214	343
UniRef90_A0A0D0NLY6	33.95	214	263
UniRef90_Q0BYV3	37.50	214	294
UniRef90_A0A0B4D0U7	34.10	214	265
UniRef90_G6YHN0	36.50	214	288
UniRef90_A0A0C5W9T3	34.62	214	265
UniRef90_A0A062VCY9	43.98	214	335
UniRef90_Q1Z582	34.91	214	265
UniRef90_A0A0F2RHH5	38.67	214	247
UniRef90_A0A062UCK1	45.78	214	333
UniRef90_A0A0F5FUF1	33.33	214	258
UniRef90_A0A0K0TVV8	35.65	214	265
UniRef90_A0A0H5D244	37.43	214	355
UniRef90_A0A0F2RFG7	39.78	214	234
UniRef90_A0A090T2X2	38.32	214	258
UniRef90_A0A0F2RBB7	40.22	214	240
UniRef90_A0A062U256	50.00	214	333
UniRef90_A0A058ZJZ3	40.22	214	236
UniRef90_UPI00068AEB32	31.02	214	284
UniRef90_UPI0006D25EAA	53.60	214	166
UniRef90_Q11KM7	37.62	214	253
UniRef90_B6EQ48	37.91	214	264
UniRef90_A0A0J1HCD9	36.00	214	249
UniRef90_C6XLW6	36.74	214	309
UniRef90_A0A059E5M6	44.94	214	338
UniRef90_A0A0M6XQ37	40.21	214	264
UniRef90_A0A0M9EG19	37.19	214	247
UniRef90_A0A0B5E409	38.29	214	272
UniRef90_A3W160	35.15	214	283
UniRef90_A0A017H722	41.80	214	246
UniRef90_A0A074TI58	34.13	214	265
UniRef90_UPI00035CD2F8	35.94	214	299
UniRef90_A6D3T0	35.16	214	256
UniRef90_UPI000694CA32	36.23	214	261
UniRef90_A0A0L1JLL2	34.22	214	257
UniRef90_A0A066USI4	34.40	214	268
UniRef90_A0A074JVE5	34.67	214	265
UniRef90_A0A090P0U4	35.19	214	260
UniRef90_A0A0C2NQ70	35.81	214	259
UniRef90_S4XW73	33.33	214	270
UniRef90_A8H684	36.36	214	272
UniRef90_A0A085EUA4	32.43	214	261
UniRef90_I1AQ73	33.64	214	253
UniRef90_UPI00055E07B4	37.04	214	245
UniRef90_UPI00068B7ED5	35.68	214	265
UniRef90_A0A0J1GTW0	33.04	214	257
UniRef90_UPI0006916172	39.46	214	1458
UniRef90_UPI0003FC1FE9	45.81	214	339
UniRef90_F9R8S0	33.95	214	264
UniRef90_A0A098LFI4	44.94	214	339
UniRef90_F9S776	33.49	214	260
UniRef90_A0A090QXP0	32.61	214	338
UniRef90_Q11RB4	43.87	214	345
UniRef90_UPI0003679CC1	42.95	214	347
UniRef90_UPI0006960D87	41.77	214	287
UniRef90_UPI0006845A89	36.67	214	233
UniRef90_I0AMS6	41.32	214	587
UniRef90_H1XUZ9	40.00	214	597
UniRef90_UPI000684B01A	42.36	214	477
UniRef90_A0A0D6T7M5	32.41	214	261
UniRef90_A0A0F9SNA3	31.16	214	261
UniRef90_A0A0M6XRP3	33.33	214	1290
UniRef90_A0A059KMH1	29.69	214	292
UniRef90_UPI000369988D	33.12	214	195
UniRef90_A0A024H1V9	36.84	214	722
UniRef90_V4U876	37.33	214	215
UniRef90_UPI0006F3198F	31.96	214	236
UniRef90_UPI0005AB56FD	28.50	214	261
UniRef90_I1AQ82	33.33	214	1666
UniRef90_UPI000423322B	34.36	214	223
UniRef90_A0A059CHS6	37.75	214	213
UniRef90_D8QN63	38.61	214	209
UniRef90_UPI000697FDF7	34.72	214	669
UniRef90_Q9SV61	39.16	214	292
UniRef90_U5DG20	36.00	214	230
UniRef90_F2UHL2	30.05	214	1275
UniRef90_A0A061DUM0	32.39	214	213
UniRef90_C5BJI9	30.54	214	486
UniRef90_F6I323	36.24	214	208
UniRef90_S4YBK0	34.81	214	372
UniRef90_B9GPU5	34.67	214	213
UniRef90_UPI00037013FF	31.63	214	216
UniRef90_A0A0G4AVK2	35.37	214	706
UniRef90_A0A0B8NU08	32.79	214	260
UniRef90_UPI0004E58C29	36.42	214	214
UniRef90_B8CHR0	39.86	214	158
UniRef90_V7AMX1	36.24	214	246
UniRef90_UPI000424A1B8	30.94	214	374
UniRef90_A9TWY5	39.33	214	220
UniRef90_A0A0G4FT88	32.53	214	412
UniRef90_W9RDT3	35.76	214	214
UniRef90_UPI00067D1C70	34.48	214	715
UniRef90_R0F9N7	36.59	214	292
UniRef90_UPI0003FBB28C	31.19	214	1590
UniRef90_UPI00058798F4	33.71	214	394
UniRef90_A0A0B8YEY4	33.33	214	233
UniRef90_UPI00036E1951	32.72	214	234
UniRef90_A0A0C3IDP3	32.26	214	277
UniRef90_M5X4R2	34.90	214	214
UniRef90_A0A086PBR6	33.33	214	724
UniRef90_A0A067DWV0	34.44	214	282
UniRef90_E8U374	30.81	214	384
UniRef90_UPI0004142F05	29.62	214	315
UniRef90_A0A0D2SH19	42.59	214	169
UniRef90_UPI00053C9F83	34.05	214	302
UniRef90_UPI0006F957F6	30.88	214	233
UniRef90_A9GTZ5	27.54	214	302
UniRef90_I3I9D2	31.23	214	512
UniRef90_T0SG02	31.76	214	213
UniRef90_I3IEF4	31.28	214	398
UniRef90_UPI0002C36EE0	33.77	214	215
UniRef90_UPI0002D5E311	34.55	214	275
UniRef90_A7TIH7	32.79	214	350
UniRef90_UPI000560F7C1	32.88	214	704
UniRef90_A0A067KVX8	34.55	214	285
UniRef90_UPI0002888839	32.14	214	363
UniRef90_C5Z8T3	31.25	214	315
UniRef90_A0A0G4ISB1	35.00	214	354
UniRef90_B6TNS1	41.51	214	250
UniRef90_UPI00053B6540	34.52	214	295
UniRef90_K7AXY3	28.12	214	314
UniRef90_P17989	34.12	214	349
UniRef90_K5USL7	33.74	214	268
UniRef90_A0A0B0N2P5	33.91	214	297
UniRef90_A0A0K9R4H0	42.31	214	298
UniRef90_A0A086BSN6	29.89	214	704
UniRef90_A0A090T7E9	35.71	214	214
UniRef90_W9RVF8	34.29	214	286
UniRef90_I4EYQ3	32.05	214	705
UniRef90_UPI00053A51C0	35.54	214	397
UniRef90_UPI0006F9162E	31.03	214	701
UniRef90_Q6BH39	34.04	214	404
UniRef90_A0A061GPN5	35.06	214	293
UniRef90_W5EL03	41.51	214	229
UniRef90_S8DBH0	36.88	214	271
UniRef90_K4ALD5	37.96	214	258
UniRef90_A0A087GIJ4	34.34	214	288
UniRef90_UPI00066FD715	32.52	214	331
UniRef90_UPI00052F2C20	29.80	214	321
UniRef90_A0A061GQW9	34.86	214	307
UniRef90_A0A010NGU8	26.92	214	193
UniRef90_A0A0K9H4Q8	27.43	214	235
UniRef90_C5X101	40.57	214	264
UniRef90_A9RRU5	34.27	214	144
UniRef90_B3PHW2	31.87	214	340
UniRef90_R0H4F6	35.12	214	281
UniRef90_A0A0L9VQN4	42.42	214	217
UniRef90_X6CHY6	32.43	214	467
UniRef90_UPI000684570B	31.14	214	652
UniRef90_Q84IG1	32.51	214	264
UniRef90_B9SJQ5	36.88	214	295
UniRef90_C6K7C4	30.99	214	235
UniRef90_M0WXI0	39.81	214	157
UniRef90_G7K3D4	34.46	214	290
UniRef90_D8QTN6	33.53	214	285
UniRef90_M4CB54	35.58	214	284
UniRef90_A5DIC4	31.18	214	314
UniRef90_V4MXE1	37.86	214	292
UniRef90_K3XYI4	30.11	214	301
UniRef90_UPI000579DDEF	33.51	214	290
UniRef90_UPI00053C78E5	32.20	214	283
UniRef90_UPI0004751B37	29.41	214	311
UniRef90_Q9LJR7	40.29	214	290
UniRef90_I1LVS8	34.48	214	293
UniRef90_A0A0D3D4W3	39.85	214	290
UniRef90_UPI0002F8CFF6	31.68	214	741
UniRef90_A0A0L8RKL6	34.59	214	501
UniRef90_F3H077	28.74	214	704
UniRef90_A5VH38	27.55	214	372
UniRef90_A0A0D2RSL4	33.94	214	281
UniRef90_D7MVF7	33.53	214	261
UniRef90_UPI000695FA6E	31.31	214	733
UniRef90_A0A0A1YME1	33.57	214	727
UniRef90_A0A078CKV9	39.85	214	295
UniRef90_W7QRV8	28.17	214	307
UniRef90_A0A077RVZ6	35.71	214	288
UniRef90_C1D1W8	29.49	214	279
UniRef90_B9IM13	32.12	214	291
UniRef90_A0A0G4J4A9	33.33	214	339
UniRef90_UPI0004E57B2D	35.15	214	580
UniRef90_UPI0004E57B2D	32.79	214	580
UniRef90_X6JIW2	32.69	214	701
UniRef90_Q9ZV40	33.71	214	305
UniRef90_F7NUL9	29.49	214	261
UniRef90_UPI00067317B8	31.53	214	244
UniRef90_Q84JB9	31.03	214	291
UniRef90_V4UQS4	32.00	214	353
UniRef90_V4UGI0	32.39	214	280
UniRef90_Q9SV60	33.53	214	292
UniRef90_A0A0D3D2V6	34.29	214	340
UniRef90_Q9LLC2	32.39	214	284
UniRef90_K3Y1W8	30.77	214	290
UniRef90_Q06H37	33.14	214	212
UniRef90_H8I5J4	32.21	214	494
UniRef90_H8I5J4	37.30	214	494
UniRef90_V4U3U2	34.94	214	288
UniRef90_I1HAH3	38.32	214	255
UniRef90_A0A061GQX3	32.57	214	282
UniRef90_S2J0B2	32.10	214	290
UniRef90_V4MLJ8	34.07	214	291
UniRef90_UPI00041E498E	29.49	214	261
UniRef90_A5DGI6	32.94	214	452
UniRef90_A0A087HDR4	33.71	214	305
UniRef90_J3MH66	36.96	214	288
UniRef90_A0A0J1JR15	33.50	214	231
UniRef90_D8VMV3	29.94	214	341
UniRef90_R0F6G8	32.93	214	300
UniRef90_A0A072TP59	37.33	214	207
UniRef90_A0A059CKL5	30.91	214	297
UniRef90_Q4LET4	31.25	214	304
UniRef90_Z5XST5	32.03	214	258
UniRef90_Q10SM5	38.68	214	312
UniRef90_V4RUR1	36.22	214	214
UniRef90_D7MSR8	36.96	214	230
UniRef90_UPI000248EAB2	29.14	214	343
UniRef90_W9RVF1	32.57	214	284
UniRef90_UPI0004E59F65	35.43	214	286
UniRef90_J3LJA9	38.32	214	230
UniRef90_G0W9R8	34.78	214	460
UniRef90_A0A0A1P2W8	33.61	214	305
UniRef90_UPI000400BECA	28.83	214	720
UniRef90_M3D944	32.62	214	462
UniRef90_V4WIU8	33.70	214	272
UniRef90_D7MVE6	36.57	214	299
UniRef90_A0A0E0CU65	38.68	214	727
UniRef90_A0A059CJV4	32.57	214	287
UniRef90_UPI00036DF78A	29.91	214	265
UniRef90_A0A059CLD6	32.00	214	224
UniRef90_Q0QJA4	32.03	214	258
UniRef90_UPI00057A1EA1	32.39	214	281
UniRef90_A0A061GRL0	31.43	214	294
UniRef90_A0A0L9TF38	32.73	214	291
UniRef90_G0VDY0	31.16	214	425
UniRef90_A0A0D1Z8E1	34.01	214	431
UniRef90_U5DGE5	32.57	214	287
UniRef90_A0A022PUT1	36.18	214	273
UniRef90_UPI000587BC25	30.91	214	341
UniRef90_K4C250	31.95	214	282
UniRef90_UPI0003D6E0CC	32.95	214	292
UniRef90_V4NA25	38.52	214	283
UniRef90_G7JVH9	30.81	214	289
UniRef90_UPI0001C47356	30.52	214	704
UniRef90_A0A061EJS0	31.82	214	291
UniRef90_E7D4U6	34.86	214	286
UniRef90_V7CBQ5	32.57	214	284
UniRef90_A0MMD7	31.25	214	272
UniRef90_B3PHW3	32.18	214	398
UniRef90_V7AYV3	32.39	214	277
UniRef90_Q06BI6	32.92	214	290
UniRef90_P23904	95.31	214	237
UniRef90_UPI00036143CB	84.98	214	237
UniRef90_P04957	79.72	214	242
UniRef90_UPI000464C665	78.30	214	243
UniRef90_G7VT75	88.73	214	237
UniRef90_A0A0N0UHX7	90.43	214	237
UniRef90_P45797	88.73	214	238
UniRef90_UPI0006196E04	83.10	214	237
UniRef90_R9TX70	80.19	214	243
UniRef90_C6CVB7	83.96	214	237
UniRef90_A0A097QQT4	84.51	214	238
UniRef90_E3E469	85.45	214	237
UniRef90_A0A0E3WIU7	79.34	214	240
UniRef90_F8F6D2	80.86	214	237
UniRef90_A0A098M7T4	80.38	214	237
UniRef90_A0A089JAV4	78.87	214	240
UniRef90_F8FB21	79.90	214	243
UniRef90_M9XGK2	79.25	214	238
UniRef90_E0IE86	86.12	214	237
UniRef90_P27051	75.23	214	243
UniRef90_UPI0006D81803	79.72	214	237
UniRef90_A0A089LHL7	76.06	214	240
UniRef90_A0A0M4NIK2	75.47	214	236
UniRef90_A0A075SI95	58.10	214	449
UniRef90_UPI0006D57C9E	61.79	214	244
UniRef90_A0A0H5SFD6	58.94	214	303
UniRef90_U2ZAM6	56.80	214	448
UniRef90_M1MTK6	65.28	214	246
UniRef90_UPI00068B4A66	59.71	214	225
UniRef90_UPI00047AB76D	64.81	214	246
UniRef90_UPI0006D809EA	59.15	214	245
UniRef90_Q45648	57.80	214	276
UniRef90_R6KHF6	61.40	214	241
UniRef90_D9SRJ0	63.72	214	247
UniRef90_UPI0003761C7C	55.19	214	422
UniRef90_E9SCT3	59.51	214	264
UniRef90_A3DBX3	59.24	214	334
UniRef90_A0A011WK98	59.51	214	270
UniRef90_A0A089KG27	60.66	214	249
UniRef90_UPI000400E862	55.81	214	438
UniRef90_A0A091BSL6	55.87	214	473
UniRef90_E6UH08	58.54	214	263
UniRef90_D2KFK4	58.57	214	264
UniRef90_G7M8L7	65.28	214	245
UniRef90_UPI00037BBB21	55.14	214	449
UniRef90_F2JKE4	59.13	214	257
UniRef90_A0A089I9B6	61.50	214	244
UniRef90_F2JKE0	63.55	214	389
UniRef90_R7KXL2	62.38	214	404
UniRef90_UPI000688924C	59.51	214	208
UniRef90_A0A091BQZ4	56.73	214	432
UniRef90_Q58WW0	61.03	214	243
UniRef90_W0U8V7	57.97	214	255
UniRef90_U5MTF0	60.65	214	246
UniRef90_UPI0003812685	53.99	214	435
UniRef90_K6TUB8	62.79	214	242
UniRef90_R5ZEF8	63.13	214	387
UniRef90_R5GYB3	59.70	214	275
UniRef90_UPI00048CCFE3	58.49	214	422
UniRef90_A0A075SJJ2	57.42	214	221
UniRef90_Q97FD3	57.48	214	246
UniRef90_G8LU32	56.13	214	341
UniRef90_UPI0006897B21	56.60	214	225
UniRef90_UPI0004148B9D	57.89	214	213
UniRef90_A0A011VYD2	58.77	214	428
UniRef90_T0TBK0	56.80	214	213
UniRef90_R7KTF3	52.63	214	264
UniRef90_C4IM99	62.33	214	242
UniRef90_E6UGI9	59.24	214	408
UniRef90_UPI0006A980C4	52.02	214	353
UniRef90_UPI000370CD04	57.62	214	365
UniRef90_UPI00036DF173	57.69	214	224
UniRef90_R7GRU1	55.66	214	1016
UniRef90_R5Z5U8	61.54	214	413
UniRef90_UPI000477FE9C	56.67	214	215
UniRef90_I0GN34	50.45	214	263
UniRef90_U2K104	56.52	214	1032
UniRef90_T0UMT6	60.38	214	237
UniRef90_U5W1S5	48.87	214	258
UniRef90_P37073	53.27	214	259
UniRef90_R7MS04	56.67	214	1030
UniRef90_R5V1K9	54.46	214	1021
UniRef90_A0A069HU34	37.04	214	262
UniRef90_UPI0004AEEDE4	52.73	214	267
UniRef90_A0A059WL61	49.77	214	291
UniRef90_A0A095X9Q7	39.35	214	265
UniRef90_UPI0006C737DC	42.66	214	263
UniRef90_W4V1B6	58.29	214	568
UniRef90_W4V1B6	56.54	214	568
UniRef90_D4LAY7	54.46	214	1049
UniRef90_C9KLC7	53.67	214	260
UniRef90_UPI0006F236BA	37.96	214	264
UniRef90_A0A081ME50	39.81	214	265
UniRef90_Q6A4K6	60.19	214	243
UniRef90_A0A060RJ87	62.25	214	236
UniRef90_UPI00036C6993	40.83	214	272
UniRef90_UPI000647E936	41.74	214	266
UniRef90_D4KE97	50.00	214	261
UniRef90_UPI0006F60DFB	37.33	214	257
UniRef90_UPI00046341CB	57.55	214	823
UniRef90_UPI000424F181	55.02	214	217
UniRef90_W6RXD2	38.14	214	264
UniRef90_W6W3F6	38.03	214	265
UniRef90_S5RNB9	55.29	214	213
UniRef90_UPI000376BACA	62.57	214	346
UniRef90_UPI00055C9929	39.81	214	264
UniRef90_UPI0004E19CEA	50.23	214	261
UniRef90_UPI0003FE8A7E	50.46	214	261
UniRef90_B1SBM6	57.01	214	238
UniRef90_A0A0D1IL93	79.52	214	168
UniRef90_UPI00048CD057	49.54	214	269
UniRef90_O14412	59.51	214	245
UniRef90_UPI00048345EE	37.21	214	263
UniRef90_C3KLJ7	38.60	214	292
UniRef90_UPI00056D017A	37.33	214	263
UniRef90_E6TXJ2	52.97	214	1150
UniRef90_E6TXJ2	19.84	214	1150
UniRef90_A0A021XHH3	40.74	214	261
UniRef90_UPI000687390A	41.47	214	257
UniRef90_UPI0004850E99	49.32	214	255
UniRef90_W7UAS4	55.14	214	301
UniRef90_UPI0006870B49	54.46	214	252
UniRef90_UPI00055FA606	36.57	214	260
UniRef90_A0A0B1PXT7	38.79	214	260
UniRef90_UPI0002FF2673	52.05	214	1130
UniRef90_UPI0002FF2673	19.76	214	1130
UniRef90_A0A081CSP7	37.67	214	263
UniRef90_UPI0003742200	36.87	214	284
UniRef90_UPI00055CEC69	35.32	214	269
UniRef90_A0A0B4X2K3	37.96	214	263
UniRef90_UPI00047BE7BE	51.14	214	1139
UniRef90_UPI0006F35244	36.11	214	273
UniRef90_W8I5U9	38.43	214	237
UniRef90_UPI000550939D	56.87	214	442
UniRef90_A0A0M3BHD1	38.60	214	265
UniRef90_UPI0001E2D930	55.29	214	339
UniRef90_A0A0D0K628	37.21	214	263
UniRef90_UPI0006F2D3A7	38.43	214	263
UniRef90_A0A068STG2	35.75	214	271
UniRef90_A0A0D6VIA8	48.87	214	259
UniRef90_A0A0L6JQ89	58.14	214	567
UniRef90_A0A0L6JQ89	57.48	214	567
UniRef90_X6GSS3	39.63	214	289
UniRef90_UPI000565567D	36.57	214	260
UniRef90_U2Y0X0	55.45	214	218
UniRef90_UPI0004C66802	45.70	214	263
UniRef90_UPI00040F1168	35.94	214	267
UniRef90_A0A060LYJ5	57.35	214	249
UniRef90_P33693	39.07	214	269
UniRef90_M5EXF2	37.61	214	303
UniRef90_UPI0006FD4D42	34.72	214	261
UniRef90_UPI0006902364	50.68	214	250
UniRef90_U4Q152	38.14	214	263
UniRef90_UPI00067FE3A5	37.21	214	253
UniRef90_UPI0003600D0D	48.20	214	259
UniRef90_UPI0004B73C43	55.50	214	1081
UniRef90_UPI00056BAEBF	36.11	214	260
UniRef90_Q53317	51.58	214	802
UniRef90_UPI00047E9BE8	38.32	214	265
UniRef90_A0A090G691	34.86	214	289
UniRef90_UPI00055F80D1	58.25	214	425
UniRef90_UPI000365CD36	49.10	214	259
UniRef90_UPI0004644F80	40.64	214	263
UniRef90_A0A068DM52	37.61	214	293
UniRef90_UPI00037DF2DE	37.26	214	268
UniRef90_V7FQX0	35.48	214	288
UniRef90_UPI000556D150	35.78	214	267
UniRef90_UPI0007022950	51.35	214	261
UniRef90_UPI000686350A	36.11	214	269
UniRef90_F7XZ91	36.24	214	290
UniRef90_UPI0006FAFE3E	36.70	214	265
UniRef90_L0LWX2	37.50	214	267
UniRef90_UPI00055F83CA	38.21	214	264
UniRef90_UPI0003FB32CD	37.33	214	256
UniRef90_UPI0006886C83	59.02	214	397
UniRef90_N6V1W2	36.24	214	268
UniRef90_UPI00047C0166	57.34	214	378
UniRef90_A0A090DJW7	34.86	214	294
UniRef90_UPI0006B41461	42.67	214	392
UniRef90_UPI0006793AA7	53.88	214	835
UniRef90_UPI0006793AA7	52.29	214	835
UniRef90_UPI0006793AA7	53.21	214	835
UniRef90_UPI000400EEE6	58.49	214	422
UniRef90_A0A0E2PIF5	36.24	214	299
UniRef90_W4AMY9	47.73	214	256
UniRef90_B9K264	36.28	214	268
UniRef90_B9JKZ2	35.48	214	267
UniRef90_UPI0004BAC695	53.49	214	812
UniRef90_X6EF14	35.32	214	288
UniRef90_A0A0B4XFU3	35.94	214	276
UniRef90_W7ZNE8	56.07	214	372
UniRef90_I9LCI0	43.89	214	278
UniRef90_I3W8N1	59.02	214	243
UniRef90_Q9K7X5	52.02	214	851
UniRef90_Q9K7X5	54.13	214	851
UniRef90_Q9K7X5	54.13	214	851
UniRef90_Q9APD8	49.55	214	256
UniRef90_W6RLY5	35.02	214	259
UniRef90_F3MJJ2	47.73	214	256
UniRef90_UPI0005198FE5	35.94	214	261
UniRef90_UPI000687A6F0	53.24	214	967
UniRef90_UPI000687A6F0	52.36	214	967
UniRef90_UPI000687A6F0	52.09	214	967
UniRef90_UPI0004BADF8D	53.55	214	927
UniRef90_UPI0004BADF8D	52.36	214	927
UniRef90_UPI0004BADF8D	53.49	214	927
UniRef90_E8T884	37.33	214	284
UniRef90_E6TRB0	54.79	214	379
UniRef90_W4QLD5	55.25	214	377
UniRef90_G6YHN0	34.56	214	288
UniRef90_X6CWS1	35.78	214	287
UniRef90_UPI0001C36E0F	51.14	214	921
UniRef90_UPI0001C36E0F	52.29	214	921
UniRef90_UPI0001C36E0F	53.14	214	921
UniRef90_A0A024KJ67	35.32	214	261
UniRef90_X6GZD5	35.48	214	285
UniRef90_A0A0F5L051	33.33	214	270
UniRef90_B1M5W9	43.05	214	277
UniRef90_UPI000690B927	48.92	214	716
UniRef90_UPI000690B927	48.02	214	716
UniRef90_UPI0002F19C60	56.88	214	378
UniRef90_UPI000677D68D	60.33	214	388
UniRef90_A0A0H0ZWP5	35.48	214	270
UniRef90_A0A090Z855	44.74	214	257
UniRef90_A0A085FLB3	34.09	214	264
UniRef90_A0A089NYK1	44.39	214	277
UniRef90_A4WTZ9	35.21	214	260
UniRef90_A0A0F5PZH0	34.39	214	259
UniRef90_A0A0F5FXL0	34.08	214	264
UniRef90_UPI0006901516	47.98	214	285
UniRef90_A0A074TI58	34.29	214	265
UniRef90_A4EK01	36.57	214	269
UniRef90_Q3J3C6	34.11	214	260
UniRef90_X7EA47	35.48	214	257
UniRef90_A0A087LZK7	32.88	214	256
UniRef90_A0A074JVE5	33.33	214	265
UniRef90_A0A0K0TVV8	34.70	214	265
UniRef90_Q93UI2	75.84	214	163
UniRef90_UPI00068AEB32	31.34	214	284
UniRef90_A0A0B4D0U7	33.64	214	265
UniRef90_A0A059G4D3	40.47	214	271
UniRef90_A0A0D0NLY6	33.49	214	263
UniRef90_A0A0F5FUF1	32.43	214	258
UniRef90_UPI00047CD4DA	45.67	214	242
UniRef90_UPI00068EB136	41.20	214	296
UniRef90_A6NZ43	44.44	214	290
UniRef90_UPI00034C9065	39.55	214	262
UniRef90_A0A0F2KQ57	39.55	214	241
UniRef90_G7ZAN8	40.27	214	268
UniRef90_E0RWG1	46.79	214	252
UniRef90_D3P086	38.71	214	271
UniRef90_A0A0F2RHH5	36.87	214	247
UniRef90_UPI000486F930	38.43	214	254
UniRef90_A0A0F7KUE5	35.19	214	273
UniRef90_UPI0006933337	37.56	214	260
UniRef90_A0A085EUA4	31.39	214	261
UniRef90_A3W160	34.48	214	283
UniRef90_A0A059FV04	37.44	214	274
UniRef90_Q11KM7	36.50	214	253
UniRef90_A0A0F9SNA3	29.91	214	261
UniRef90_A0A059DXW7	35.16	214	343
UniRef90_A0A062UCF2	38.94	214	332
UniRef90_Q9K7X6	63.92	214	302
UniRef90_A0A062UIS9	39.15	214	226
UniRef90_A0A0J8VBH9	36.05	214	256
UniRef90_A0A069E9S0	37.90	214	339
UniRef90_A0A059F8C8	37.90	214	339
UniRef90_UPI0005D22D10	46.32	214	213
UniRef90_A0A059FV62	38.94	214	351
UniRef90_C6XLW6	36.28	214	309
UniRef90_UPI0003FFC40A	38.91	214	350
UniRef90_A0A062VH78	39.53	214	315
UniRef90_A0A0C5W9T3	34.62	214	265
UniRef90_Q0BZ01	36.28	214	264
UniRef90_A0A090T2X2	37.23	214	258
UniRef90_A0A037ZNP8	35.51	214	225
UniRef90_Q1Z582	34.05	214	265
UniRef90_A0A090QXP0	33.19	214	338
UniRef90_S9QJ78	35.29	214	452
UniRef90_UPI00035CD2F8	34.88	214	299
UniRef90_A0A0D6T7M5	30.70	214	261
UniRef90_UPI00068B7ED5	32.62	214	265
UniRef90_Q0BYV3	35.48	214	294
UniRef90_UPI000684B646	47.78	214	185
UniRef90_UPI0005AB56FD	27.98	214	261
UniRef90_A6D3T0	34.33	214	256
UniRef90_A0A0F2RFG7	36.92	214	234
UniRef90_A0A062VCY9	40.00	214	335
UniRef90_A0A0J1HCD9	34.76	214	249
UniRef90_A0A0B5E409	38.57	214	272
UniRef90_A0A059DU97	36.99	214	244
UniRef90_A0A0M6XQ37	36.04	214	264
UniRef90_UPI0006916172	38.18	214	1458
UniRef90_V4UQS4	32.95	214	353
UniRef90_A0A062UCK1	40.82	214	333
UniRef90_A0A0F2RBB7	36.06	214	240
UniRef90_I1AQ73	32.88	214	253
UniRef90_A0A066USI4	33.33	214	268
UniRef90_A0A059E5M6	35.62	214	338
UniRef90_M5XYQ4	30.34	214	296
UniRef90_W9RVF8	32.58	214	286
UniRef90_A0A0J1GTW0	33.62	214	257
UniRef90_A0A017H722	37.93	214	246
UniRef90_B9I6N9	30.43	214	318
UniRef90_A0A059CJV4	31.25	214	287
UniRef90_W9RHV3	30.11	214	231
UniRef90_Q6RHY0	29.47	214	287
UniRef90_UPI00052E8977	28.50	214	295
UniRef90_A0A059CLD6	30.34	214	224
UniRef90_I1LVS8	33.14	214	293
UniRef90_A0A0B0N2P5	32.57	214	297
UniRef90_A0A0B2QX44	27.94	214	316
UniRef90_C6TIV9	29.78	214	200
UniRef90_M7YEM3	28.35	214	298
UniRef90_UPI00068511E4	42.72	214	215
UniRef90_G7KW97	31.28	214	282
UniRef90_A0A061GRL0	31.46	214	294
UniRef90_A0A0M9EG19	33.33	214	247
UniRef90_V4UGI0	31.28	214	280
UniRef90_B9SJR0	30.90	214	284
UniRef90_C0IRG8	28.65	214	282
UniRef90_Q4LET4	30.94	214	304
UniRef90_G7JVI0	30.73	214	283
UniRef90_V5TA32	28.09	214	290
UniRef90_UPI00052007B0	29.78	214	272
UniRef90_B9IM15	29.78	214	286
UniRef90_Q8S902	30.34	214	285
UniRef90_W9RJN5	31.25	214	289
UniRef90_UPI00052EF427	29.21	214	301
UniRef90_A0A0D2QSI6	29.41	214	292
UniRef90_A0A059CKG4	30.34	214	336
UniRef90_A0A062U256	39.27	214	333
UniRef90_F9R8S0	32.05	214	264
UniRef90_UPI00052F403D	30.34	214	301
UniRef90_UPI00052E7BA9	28.65	214	325
UniRef90_Q84JX3	29.78	214	283
UniRef90_A0A0H5D244	35.82	214	355
UniRef90_UPI000581358A	32.02	214	301
UniRef90_G7JAU7	28.92	214	282
UniRef90_C0IRI1	29.78	214	289
UniRef90_Q06H37	31.15	214	212
UniRef90_A0A067XSJ2	29.71	214	287
UniRef90_A0A0L9TF38	31.46	214	291
UniRef90_M1B6T7	29.55	214	248
UniRef90_B9RY13	28.43	214	277
UniRef90_W9RVF1	31.82	214	284
UniRef90_UPI0004E59F65	33.71	214	286
UniRef90_A5ANA9	29.78	214	287
UniRef90_A0A0L9T5N3	29.41	214	280
UniRef90_W9RSW5	31.61	214	288
UniRef90_UPI00052F3371	29.78	214	290
UniRef90_A0A059CJZ9	30.34	214	433
UniRef90_A0A067E6J7	31.46	214	283
UniRef90_B9S318	29.38	214	287
UniRef90_C6TEP4	31.46	214	283
UniRef90_A0A061GQX3	31.46	214	282
UniRef90_M5Y1N2	28.49	214	299
UniRef90_Q9LLC3	28.98	214	284
UniRef90_UPI00055E07B4	33.81	214	245
UniRef90_I1MST0	30.11	214	293
UniRef90_A0A061GRL8	29.78	214	296
UniRef90_V7CBQ5	32.39	214	284
UniRef90_UPI00057AF713	27.92	214	296
UniRef90_UPI00053C9F83	32.62	214	302
UniRef90_C6THE7	29.78	214	287
UniRef90_A0A067KX47	30.34	214	286
UniRef90_A0A0K9RAA5	29.44	214	296
UniRef90_G5DAC6	28.00	214	287
UniRef90_F6GXE6	29.03	214	285
UniRef90_C6TMD1	29.19	214	276
UniRef90_K3Y1W8	29.78	214	290
UniRef90_A0A061ENV7	30.17	214	290
UniRef90_G7L7C8	28.65	214	274
UniRef90_A5ANB1	29.78	214	287
UniRef90_M5XQF7	31.49	214	284
UniRef90_W1PI40	30.85	214	286
UniRef90_Q9ZRV1	30.90	214	292
UniRef90_A0A061EJS0	29.61	214	291
UniRef90_UPI00052F1C28	30.29	214	283
UniRef90_UPI0002C359BF	26.34	214	291
UniRef90_P35694	28.93	214	283
UniRef90_B8XXI3	31.25	214	292
UniRef90_B7FJW1	29.44	214	222
UniRef90_U5DGE5	32.40	214	287
UniRef90_A5C3A3	30.90	214	296
UniRef90_H6TNN0	29.78	214	191
UniRef90_E7D4U6	32.58	214	286
UniRef90_A0A0J8D267	29.55	214	280
UniRef90_W9RJQ0	29.61	214	297
UniRef90_UPI00057AAB5C	29.21	214	298
UniRef90_A0A061GPN5	33.71	214	293
UniRef90_UPI00053C78E5	30.98	214	283
UniRef90_M5WT30	29.21	214	285
UniRef90_F9S776	31.91	214	260
UniRef90_A0A072TT00	29.56	214	283
UniRef90_UPI000581286D	28.04	214	295
UniRef90_A0A0K9RRH8	30.11	214	280
UniRef90_A0A061GTH8	29.78	214	285
UniRef90_A0MMD7	29.44	214	272
UniRef90_J9RZ81	30.37	214	285
UniRef90_I1MSS9	30.34	214	292
UniRef90_I3T9R4	29.55	214	223
UniRef90_Q9LLC2	31.46	214	284
UniRef90_UPI000510BFD2	30.68	214	289
UniRef90_C0SSE3	30.37	214	288
UniRef90_Q84JB9	31.43	214	291
UniRef90_UPI00052E9A8F	27.92	214	291
UniRef90_Q38907	28.41	214	284
UniRef90_A1E368	30.68	214	280
UniRef90_A0A0C2NQ70	33.76	214	259
UniRef90_M5XEJ9	32.02	214	293
UniRef90_G7JD12	30.11	214	288
UniRef90_UPI0002C2E83A	27.27	214	306
UniRef90_V7C9G8	31.25	214	292
UniRef90_UPI0005FBA076	29.84	214	283
UniRef90_J7HCG3	29.78	214	285
UniRef90_A0A059DGU8	30.11	214	277
UniRef90_A0A022Q186	29.61	214	292
UniRef90_G7JD11	29.55	214	275
UniRef90_A0A0B0NMT7	27.78	214	246
UniRef90_C5Z8T4	28.72	214	288
UniRef90_UPI0005FB4E9A	28.95	214	283
UniRef90_UPI000694CA32	34.50	214	261
UniRef90_V4WIV4	31.46	214	302
UniRef90_A0A067KVX8	32.00	214	285
UniRef90_W9S6K2	29.78	214	289
UniRef90_A0A0K9QQT2	30.17	214	287
UniRef90_A0A078ESB6	29.44	214	312
UniRef90_UPI00053C3BFF	29.73	214	289
UniRef90_A5ANB0	30.34	214	287
UniRef90_A0A067KJZ2	27.92	214	277
UniRef90_UPI0004E58A31	29.89	214	368
UniRef90_U6C0D2	27.68	214	324
UniRef90_U7DXR9	28.65	214	270
UniRef90_UPI0002C3654A	31.46	214	285
UniRef90_V7AYV3	30.34	214	277
UniRef90_A0A022QEN1	31.46	214	275
UniRef90_A0A067E5L9	30.11	214	267
UniRef90_UPI000520B465	30.51	214	288
UniRef90_UPI00053C2056	27.67	214	280
UniRef90_UPI0005209254	26.11	214	340
UniRef90_UPI0003D6E0CC	30.90	214	292
UniRef90_A0A0J8FMS7	30.51	214	290
UniRef90_UPI0005FBF0D9	30.90	214	283
UniRef90_UPI0002C37287	29.78	214	291
UniRef90_Q06BI6	31.25	214	290
UniRef90_A0A087HDR4	32.39	214	305
UniRef90_A0A0L1JLL2	30.88	214	257
UniRef90_M1BM48	31.46	214	285
UniRef90_B9H805	28.65	214	294
UniRef90_I1AQ82	31.36	214	1666
UniRef90_C0IRG9	32.02	214	283
UniRef90_A0A0L9TEK2	29.78	214	283
UniRef90_UPI00051AEC87	32.39	214	279
UniRef90_F6I4C8	27.86	214	281
UniRef90_Q06BI5	30.90	214	287
UniRef90_R0HRE4	31.82	214	311
UniRef90_M4DV90	28.98	214	285
UniRef90_G7JT81	32.02	214	284
UniRef90_C0IRH9	26.82	214	294
UniRef90_A0A096Q701	29.03	214	377
UniRef90_A0A068U471	30.86	214	265
UniRef90_A8H684	34.06	214	272
UniRef90_W5I262	28.41	214	233
UniRef90_A0A0J8CU54	30.11	214	284
UniRef90_Q38910	29.14	214	286
UniRef90_UPI00053C24B4	30.77	214	283
UniRef90_Q1W398	31.35	214	277
UniRef90_M0RMW1	30.20	214	282
UniRef90_A0A067KI33	29.78	214	271
UniRef90_A9PBP3	28.93	214	288
UniRef90_M4DV89	32.39	214	260
UniRef90_UPI00053C9D0D	28.93	214	293
UniRef90_K4C0W2	31.46	214	288
UniRef90_K3XX29	27.84	214	430
UniRef90_A0A090P0U4	31.33	214	260
UniRef90_UPI0004F19EAF	32.39	214	234
UniRef90_A0A0A9E1N7	28.98	214	286
UniRef90_W8P9G2	28.65	214	171
UniRef90_Q38911	27.18	214	289
UniRef90_C0IRG7	28.64	214	285
UniRef90_Q588C0	28.49	214	278
UniRef90_K4CBF8	27.93	214	282
UniRef90_UPI0006418504	29.21	214	287
UniRef90_B9IM13	30.86	214	291
UniRef90_UPI00032A957C	29.06	214	284
UniRef90_R0GXB3	27.70	214	342
UniRef90_C0IRG6	28.57	214	294
UniRef90_UPI000581730B	28.81	214	333
UniRef90_J3MH68	28.41	214	298
UniRef90_J3MH66	29.55	214	288
UniRef90_F6HMF5	27.00	214	273
UniRef90_F6GXE3	30.68	214	289
UniRef90_B9GT42	28.34	214	294
UniRef90_A0A059CRK0	31.25	214	292
UniRef90_Q5Z6H0	29.94	214	288
UniRef90_Q9ZV40	32.39	214	305
UniRef90_A0A0D6QTF1	30.17	214	284
UniRef90_A0A067KN44	30.11	214	269
UniRef90_V4P5F2	29.55	214	323
UniRef90_P93671	28.41	214	292
UniRef90_V4M309	30.29	214	298
UniRef90_G7JVH9	30.86	214	289
UniRef90_G7IIF3	29.38	214	294
UniRef90_A0A0D2RSL4	31.72	214	281
UniRef90_A0A058ZJZ3	35.98	214	236
UniRef90_M4CEU0	26.79	214	284
UniRef90_UPI00032A72B1	29.33	214	284
UniRef90_UPI0003D70C65	29.38	214	349
UniRef90_UPI00053CAA22	29.89	214	294
UniRef90_F6I4C9	27.36	214	279
UniRef90_A0A0K9RMX6	29.41	214	284
UniRef90_C0IRH0	27.57	214	307
UniRef90_UPI00057B4129	29.21	214	279
UniRef90_X5I189	28.93	214	281
