UniRef90_P0A434	99.70	328	365
UniRef90_Q93LD7	90.58	328	384
UniRef90_A0A060GTM0	89.67	328	333
UniRef90_Q47934	69.57	328	325
UniRef90_W4MA68	35.65	328	317
UniRef90_R5IC92	36.00	328	321
UniRef90_UPI00056B4EB5	37.65	328	312
UniRef90_X0RTQ0	40.54	328	241
UniRef90_K1KRQ2	33.94	328	314
UniRef90_UPI0005F01887	35.22	328	326
UniRef90_A0A0M2SVR0	32.62	328	331
UniRef90_A0A0B6AYH0	31.25	328	314
UniRef90_I0RNN3	33.04	328	326
UniRef90_D5PAV6	34.13	328	326
UniRef90_B2HN12	33.73	328	326
UniRef90_E4WFC4	32.42	328	317
UniRef90_H5X9L3	36.20	328	332
UniRef90_A0A0A0NKX7	34.32	328	332
UniRef90_A0A0A1FL56	33.13	328	323
UniRef90_A0A0M2ZHU3	33.53	328	325
UniRef90_UPI0004632293	33.53	328	302
UniRef90_A1U9E3	34.63	328	325
UniRef90_A0A0C2ANA2	37.01	328	323
UniRef90_UPI000408143C	31.41	328	332
UniRef90_P9WHN8	33.43	328	326
UniRef90_R4SPP2	34.62	328	327
UniRef90_UPI0006FAB3AE	35.78	328	329
UniRef90_A0A0K3B0D2	34.43	328	319
UniRef90_F5YY10	33.04	328	325
UniRef90_A0A024QKG7	32.74	328	325
UniRef90_A0A0M8PN04	30.89	328	313
UniRef90_L0IRM9	32.34	328	324
UniRef90_W4LQL9	36.82	328	292
UniRef90_UPI0005D2A8A0	31.53	328	318
UniRef90_UPI0004203C1D	34.82	328	333
UniRef90_G0FLL0	35.12	328	326
UniRef90_UPI0007003141	31.64	328	325
UniRef90_A0A0G3IK67	33.63	328	329
UniRef90_UPI0006BBA308	35.33	328	319
UniRef90_A0A0C1NVF4	34.23	328	331
UniRef90_UPI0006FD4154	33.03	328	333
UniRef90_UPI00047074FE	31.44	328	320
UniRef90_E6SI98	32.65	328	331
UniRef90_UPI0006E208E5	33.53	328	325
UniRef90_A0A0D6G3D9	31.85	328	325
UniRef90_UPI0003621AF7	33.13	328	325
UniRef90_Q97VT7	31.27	328	314
UniRef90_UPI0004E1F1E4	32.00	328	329
UniRef90_X6HC02	34.31	328	332
UniRef90_UPI00039D3110	32.84	328	334
UniRef90_H6RRE4	29.97	328	331
UniRef90_A0A0M2SQR2	32.11	328	313
UniRef90_UPI0003115AD1	31.70	328	326
UniRef90_UPI0002D78525	31.31	328	318
UniRef90_UPI00062672F3	34.82	328	334
UniRef90_UPI0006F66B88	34.12	328	333
UniRef90_UPI000623D8B9	31.55	328	321
UniRef90_G7CDC2	31.34	328	327
UniRef90_K8XFT8	32.15	328	329
UniRef90_X0PY64	30.75	328	330
UniRef90_X8ACX6	32.28	328	306
UniRef90_UPI00055B8942	31.33	328	302
UniRef90_UPI000482AE2C	30.70	328	322
UniRef90_G8RHW1	31.66	328	323
UniRef90_A0A0F9J938	41.28	328	222
UniRef90_UPI000564D041	32.63	328	319
UniRef90_UPI0006CFB165	34.82	328	340
UniRef90_UPI0004AFB02B	30.06	328	324
UniRef90_UPI0002D99AC0	29.63	328	328
UniRef90_R6F477	30.09	328	320
UniRef90_K5BCY6	31.63	328	320
UniRef90_UPI0003B72E7F	30.29	328	333
UniRef90_UPI0003651BFB	32.15	328	323
UniRef90_M1JFA3	33.44	328	315
UniRef90_R0A666	33.53	328	327
UniRef90_K8XDR7	31.86	328	325
UniRef90_G7GMU4	31.23	328	326
UniRef90_UPI00065C8ED0	32.26	328	333
UniRef90_UPI00039F7428	32.84	328	325
UniRef90_A0A098Y3L7	32.27	328	325
UniRef90_UPI0004176999	31.66	328	328
UniRef90_A0A090DM84	32.66	328	338
UniRef90_UPI00022E155A	31.64	328	321
UniRef90_UPI0005578FBF	31.34	328	322
UniRef90_UPI000419DAEC	30.59	328	328
UniRef90_UPI00040BE5DA	31.66	328	330
UniRef90_G9YU42	32.11	328	317
UniRef90_UPI000701342A	32.93	328	326
UniRef90_UPI0004C5C8FC	32.45	328	338
UniRef90_UPI000519F783	33.24	328	324
UniRef90_UPI00064BE211	29.74	328	325
UniRef90_X0XMU2	39.09	328	230
UniRef90_UPI0005615146	30.00	328	332
UniRef90_K8ZNQ8	27.13	328	316
UniRef90_UPI000305B359	31.79	328	318
UniRef90_A0A0D1LIQ3	29.59	328	326
UniRef90_H6R7T0	29.15	328	323
UniRef90_UPI000421E3BC	32.24	328	319
UniRef90_B9CM78	31.60	328	304
UniRef90_UPI0006EB97FD	32.25	328	346
UniRef90_UPI000477EE75	38.77	328	325
UniRef90_UPI00040EFBCE	30.09	328	324
UniRef90_A0A0D0ENT6	29.91	328	342
UniRef90_F1YIG8	28.24	328	326
UniRef90_D5UMY0	30.56	328	326
UniRef90_UPI00048B437B	30.97	328	327
UniRef90_A0A0B0D5E6	31.23	328	325
UniRef90_G5IGT3	32.82	328	303
UniRef90_UPI00068ABB09	32.84	328	346
UniRef90_A0A023X192	29.28	328	327
UniRef90_E6MIZ3	31.78	328	325
UniRef90_D4J7F6	31.36	328	325
UniRef90_A0A077LWP4	29.11	328	326
UniRef90_UPI0006CF62B2	31.79	328	318
UniRef90_F7V944	30.29	328	326
UniRef90_UPI0006CFDAC3	29.45	328	343
UniRef90_UPI0006C1BA7E	32.01	328	304
UniRef90_UPI0004778051	31.61	328	321
UniRef90_UPI0006D0CE29	31.86	328	317
UniRef90_UPI0003FFDDA7	29.61	328	332
UniRef90_A0A0K0GC66	29.46	328	341
UniRef90_UPI0003176A1E	30.59	328	327
UniRef90_UPI000369B477	30.47	328	324
UniRef90_UPI0006C92D90	32.27	328	310
UniRef90_UPI0004C5619E	31.55	328	319
UniRef90_H0R240	29.08	328	326
UniRef90_M3TAA8	31.76	328	341
UniRef90_D2B315	31.83	328	333
UniRef90_X1HF49	34.77	328	238
UniRef90_UPI0006877777	30.75	328	307
UniRef90_UPI0006882873	30.94	328	308
UniRef90_UPI0004789D89	29.74	328	326
UniRef90_F0QXN6	28.66	328	315
UniRef90_A0A0D8I3R9	29.12	328	330
UniRef90_J8VQG6	30.30	328	336
UniRef90_UPI0004DF1BC0	30.63	328	320
UniRef90_Q1ATL0	29.07	328	337
UniRef90_UPI0003497779	29.68	328	329
UniRef90_G7W946	29.82	328	326
UniRef90_UPI000686E83A	31.99	328	315
UniRef90_I0I6X3	32.93	328	308
UniRef90_I0JIA7	30.23	328	325
UniRef90_UPI00036007F7	32.12	328	324
UniRef90_UPI00048D44B7	30.27	328	319
UniRef90_UPI0005240B10	30.33	328	316
UniRef90_F3L1Y7	28.96	328	322
UniRef90_A0A077LTN5	29.03	328	327
UniRef90_V9XL46	30.06	328	323
UniRef90_W2EKE6	31.75	328	325
UniRef90_UPI0002DE7646	30.33	328	306
UniRef90_W4A3W1	32.70	328	324
UniRef90_X0U395	46.94	328	148
UniRef90_UPI000494E08F	29.15	328	327
UniRef90_K6WJM2	30.09	328	326
UniRef90_UPI0005BDA535	28.49	328	334
UniRef90_UPI0004953115	29.22	328	323
UniRef90_A0A084GRG4	28.57	328	333
UniRef90_UPI00036D0A77	29.24	328	324
UniRef90_A0A022LEI1	32.95	328	352
UniRef90_Q9RVU2	30.27	328	323
UniRef90_UPI0003FB34C0	30.37	328	319
UniRef90_UPI0006D02F10	30.77	328	317
UniRef90_UPI00069C8DD9	33.04	328	345
UniRef90_A0A084H8T5	29.82	328	333
UniRef90_F5SK62	33.54	328	306
UniRef90_UPI0004057E60	30.21	328	325
UniRef90_I0W692	29.29	328	327
UniRef90_UPI00062B6C98	30.03	328	359
UniRef90_X1V7Y1	42.04	328	158
UniRef90_M1ZG43	31.02	328	304
UniRef90_UPI000308348B	31.21	328	303
UniRef90_UPI000237A89B	30.97	328	345
UniRef90_B8FHL5	27.91	328	327
UniRef90_UPI0005C5794B	31.90	328	333
UniRef90_UPI0006DBD893	29.03	328	323
UniRef90_UPI000400DA65	30.81	328	342
UniRef90_UPI0003449631	30.03	328	331
UniRef90_H5XGM2	30.50	328	321
UniRef90_A0A0G8FG55	29.23	328	329
UniRef90_A0A098Y422	29.38	328	325
UniRef90_F1YGS8	33.04	328	347
UniRef90_I0UYV5	30.84	328	321
UniRef90_UPI0003FFACC9	31.32	328	331
UniRef90_L7ZZ57	28.86	328	326
UniRef90_UPI00069480F7	30.84	328	302
UniRef90_UPI000688B71C	32.21	328	302
UniRef90_UPI0005A997BF	27.71	328	341
UniRef90_Q67S04	31.83	328	304
UniRef90_UPI00056CAFA6	27.84	328	339
UniRef90_Q5DQU3	27.38	328	323
UniRef90_A0A0C2JT83	28.53	328	319
UniRef90_UPI00041395A8	33.53	328	338
UniRef90_UPI0002E5FCBF	29.04	328	319
UniRef90_A0A0N1HUN7	28.48	328	291
UniRef90_UPI000050F841	29.20	328	319
UniRef90_UPI00030E91F5	28.07	328	323
UniRef90_D8MLX1	30.20	328	359
UniRef90_M3VG29	29.29	328	319
UniRef90_UPI0006D55F43	30.90	328	326
UniRef90_UPI00055D8708	29.21	328	361
UniRef90_A4IN23	27.91	328	326
UniRef90_UPI00068AFCA2	30.41	328	342
UniRef90_A0A061NZV6	28.40	328	334
UniRef90_K6V5H5	28.87	328	319
UniRef90_UPI00059294C9	27.11	328	323
UniRef90_UPI0004940659	29.45	328	326
UniRef90_A0A0B2B0C0	28.91	328	318
UniRef90_L5N2R2	28.78	328	342
UniRef90_UPI0006F2D8BA	28.65	328	319
UniRef90_UPI0005251056	32.73	328	321
UniRef90_A0A0J6D1U4	28.15	328	332
UniRef90_UPI0005A915A4	32.93	328	322
UniRef90_A0A0B7GXG8	27.94	328	295
UniRef90_H0RKC9	28.36	328	319
UniRef90_A0A0D6ZE40	28.66	328	335
UniRef90_E1QDX6	31.45	328	329
UniRef90_A0A0N1MVB2	29.43	328	327
UniRef90_A0A0J1FCR3	29.25	328	328
UniRef90_W4QRQ3	30.90	328	301
UniRef90_UPI0004C89173	35.01	328	317
UniRef90_A0A0I9W3E4	28.44	328	318
UniRef90_M7AMZ5	29.24	328	318
UniRef90_UPI00058DDD51	28.79	328	331
UniRef90_UPI0004C004D0	29.68	328	325
UniRef90_UPI00041DFF10	32.65	328	315
UniRef90_L0K664	28.92	328	307
UniRef90_H1LWF0	28.27	328	333
UniRef90_UPI0005A9ED46	28.62	328	331
UniRef90_UPI00068CF58D	30.77	328	346
UniRef90_UPI00066DD119	30.47	328	325
UniRef90_UPI0002FE8597	29.91	328	303
UniRef90_UPI00068CEAA6	30.60	328	297
UniRef90_UPI0003C7F6B3	28.70	328	319
UniRef90_A0A0F2G1U8	32.45	328	347
UniRef90_UPI0004BE61B7	29.24	328	319
UniRef90_UPI00047ED7EC	30.00	328	327
UniRef90_A0A098EQ34	31.21	328	330
UniRef90_UPI0003F6BDD6	27.61	328	301
UniRef90_UPI000415B447	28.66	328	288
UniRef90_UPI00030A96C4	28.03	328	318
UniRef90_UPI0003AD577E	29.04	328	354
UniRef90_UPI0003074385	29.19	328	331
UniRef90_D1ACV0	29.11	328	326
UniRef90_U4KBA3	29.78	328	362
UniRef90_J3DBA7	29.18	328	359
UniRef90_A0A0A8X3B3	27.92	328	332
UniRef90_UPI0004DB5618	30.79	328	304
UniRef90_E6WKW1	29.46	328	359
UniRef90_D4YJ95	27.62	328	328
UniRef90_A0A071M9X8	28.90	328	359
UniRef90_B0K1N8	28.16	328	299
UniRef90_A0A0B2B0P4	33.33	328	317
UniRef90_N1V7S4	32.23	328	370
UniRef90_I0QUN1	28.21	328	363
UniRef90_UPI000368E8B8	27.78	328	335
UniRef90_UPI0004AA8AF4	32.18	328	253
UniRef90_UPI00068919E3	30.96	328	354
UniRef90_A0A0M2VJ60	30.15	328	310
UniRef90_UPI0006E3BC7B	30.36	328	324
UniRef90_M2XEB2	27.89	328	325
UniRef90_D0GNT4	26.96	328	291
UniRef90_Q8Y5T5	29.38	328	305
UniRef90_UPI00029A75EE	29.27	328	316
UniRef90_F4LR03	30.00	328	298
UniRef90_I4D4D1	27.78	328	326
UniRef90_A0A023CNH7	26.67	328	326
UniRef90_K6DE88	32.36	328	334
UniRef90_UPI00064924A7	30.75	328	344
UniRef90_UPI0004B1B4E5	28.75	328	332
UniRef90_A0A0D5A7Y3	32.53	328	305
UniRef90_UPI000485C30C	32.05	328	311
UniRef90_A0A075JH83	27.78	328	319
UniRef90_A0A0F2SI93	27.11	328	331
UniRef90_A0A0D8I319	27.43	328	323
UniRef90_UPI000408DEEE	29.53	328	328
UniRef90_H0K311	35.19	328	314
UniRef90_A0A0E9B2K0	28.90	328	359
UniRef90_UPI0006E363D6	29.86	328	360
UniRef90_UPI0004795D2A	31.40	328	319
UniRef90_UPI0003147115	27.19	328	319
UniRef90_J9S8Q0	27.54	328	319
UniRef90_A0A081XN24	30.68	328	356
UniRef90_A0A0E3UTE4	25.55	328	291
UniRef90_D3F4H0	29.86	328	334
UniRef90_A0A085GE90	27.97	328	365
UniRef90_E5XDG9	32.12	328	309
UniRef90_P45548	27.44	328	292
UniRef90_UPI000688DB38	29.15	328	303
UniRef90_UPI0003AD48A8	28.70	328	326
UniRef90_UPI0004955BDD	26.92	328	316
UniRef90_UPI0002FBC2B3	28.73	328	340
UniRef90_N9XP12	30.30	328	305
UniRef90_H5TP55	28.87	328	319
UniRef90_UPI0006849F0F	31.25	328	306
UniRef90_UPI0005BDE51B	27.84	328	318
UniRef90_UPI00036C0EB3	27.97	328	364
UniRef90_UPI0005C54DFC	29.19	328	330
UniRef90_L7LFC6	27.09	328	346
UniRef90_B3TC33	28.41	328	344
UniRef90_UPI0003134A7A	28.45	328	363
UniRef90_A0A0K2J9J9	25.55	328	291
UniRef90_A0A078LQS5	27.08	328	292
UniRef90_D2AW39	30.40	328	356
UniRef90_D9TQG2	27.73	328	299
UniRef90_UPI0004C9C5C2	34.33	328	317
UniRef90_UPI0004093220	29.30	328	362
UniRef90_C5DAC5	30.24	328	330
UniRef90_W8HET7	34.12	328	317
UniRef90_M1Z9J3	28.75	328	322
UniRef90_A0A0D1MB83	31.01	328	317
UniRef90_A0A081D211	27.81	328	362
UniRef90_UPI00052657D8	30.89	328	330
UniRef90_A0A010NDJ3	30.23	328	331
UniRef90_D1APJ8	29.13	328	304
UniRef90_Q985I1	28.65	328	362
UniRef90_B5Y6L2	28.57	328	296
UniRef90_B9Y6M1	30.21	328	303
UniRef90_U2RKF4	30.43	328	334
UniRef90_A0A021X1X2	28.25	328	363
UniRef90_G5IBC3	27.11	328	318
UniRef90_UPI0004898342	28.26	328	291
UniRef90_I9KR71	28.57	328	311
UniRef90_UPI0004C860F9	33.73	328	317
UniRef90_UPI0005A6BA1E	30.28	328	357
UniRef90_H3NKZ5	26.32	328	291
UniRef90_A0A0D6ZET5	27.87	328	291
UniRef90_W7VCA2	32.08	328	330
UniRef90_A0A0H4P0F0	27.38	328	323
UniRef90_A0A0J1IKY8	29.91	328	330
UniRef90_A0A022MAX7	28.65	328	357
UniRef90_UPI00040466BB	29.08	328	292
UniRef90_UPI0006F9CF61	29.88	328	308
UniRef90_UPI0004C4199F	29.97	328	346
UniRef90_V7FB71	28.65	328	362
UniRef90_M5PED1	27.73	328	294
UniRef90_UPI0002E038E2	27.96	328	302
UniRef90_E6SBP6	35.09	328	317
UniRef90_I0I888	31.34	328	307
UniRef90_G7GJR8	27.49	328	319
UniRef90_A0A0M0KD55	31.00	328	306
UniRef90_UPI00059003FB	32.54	328	317
UniRef90_X8EYE2	36.87	328	199
UniRef90_UPI000492EB4F	30.10	328	318
UniRef90_UPI00040C42FD	28.65	328	358
UniRef90_A0A0J1CYS2	29.13	328	359
UniRef90_UPI00022E2B50	33.63	328	317
UniRef90_R3WBE2	27.40	328	295
UniRef90_UPI0003AA279B	33.53	328	321
UniRef90_I4EYF5	34.90	328	321
UniRef90_UPI0005B27D83	28.53	328	302
UniRef90_R4LRI7	33.80	328	205
UniRef90_W3ACH2	27.62	328	331
UniRef90_UPI0003F9B708	28.17	328	362
UniRef90_Q9KG87	29.86	328	331
UniRef90_K1ES59	27.73	328	319
UniRef90_UPI0004C2CC9E	34.81	328	317
UniRef90_UPI0006E435FD	24.84	328	291
UniRef90_A0A0M2VN97	30.48	328	330
UniRef90_UPI00068A99E8	31.02	328	350
UniRef90_UPI0003FFA606	30.25	328	343
UniRef90_R0HYU7	38.73	328	320
UniRef90_UPI00036BAF50	26.65	328	319
UniRef90_C8NIC0	28.17	328	295
UniRef90_UPI000527F9F5	27.79	328	338
UniRef90_UPI000364D6AF	29.04	328	330
UniRef90_UPI0003668980	27.30	328	325
UniRef90_A0A0A2VZN3	28.36	328	517
UniRef90_A0A021XIT2	28.57	328	304
UniRef90_D3F532	28.27	328	315
UniRef90_C3WF26	28.72	328	290
UniRef90_UPI00059125D1	26.17	328	291
UniRef90_UPI00056F0901	29.70	328	309
UniRef90_UPI0004BF2195	28.19	328	318
UniRef90_UPI0006BECA9E	27.35	328	334
UniRef90_UPI00041D02BD	28.69	328	361
UniRef90_R4L572	29.55	328	331
UniRef90_UPI00040C1A04	28.27	328	330
UniRef90_A0A098M863	27.22	328	320
UniRef90_B0M9K2	29.70	328	304
UniRef90_G5IKI8	32.51	328	323
UniRef90_K9EGU5	29.86	328	350
UniRef90_UPI0003B5C555	28.81	328	367
UniRef90_A0A022LAZ2	27.98	328	320
UniRef90_UPI0004187671	29.18	328	303
UniRef90_A0A0M9WWC6	28.61	328	305
UniRef90_UPI000255E02A	32.94	328	317
UniRef90_W7AQ44	32.53	328	330
UniRef90_UPI000485B49F	28.97	328	345
UniRef90_UPI00058B92E6	27.44	328	302
UniRef90_M1Z797	26.44	328	300
UniRef90_A0A0M4PSC3	29.22	328	312
UniRef90_D6KG20	34.31	328	321
UniRef90_F4NN90	28.52	328	245
UniRef90_R5LXX7	27.48	328	290
UniRef90_UPI0003CE75C2	26.25	328	387
UniRef90_W9ADS4	30.80	328	330
UniRef90_U1XZC3	31.40	328	330
UniRef90_A0A024QCU8	27.11	328	304
UniRef90_A0A0D8I3C9	32.63	328	317
UniRef90_UPI000704E609	25.71	328	292
UniRef90_G4HC26	28.44	328	310
UniRef90_UPI0006B4B9DD	26.61	328	299
UniRef90_UPI000379CC55	28.61	328	327
UniRef90_D3ECC8	31.60	328	330
UniRef90_G5HJH6	26.79	328	303
UniRef90_A1WHY0	28.53	328	357
UniRef90_D9R154	26.90	328	289
UniRef90_D3AKA6	29.27	328	340
UniRef90_H3N3U8	27.47	328	292
UniRef90_UPI0004185FAE	27.73	328	304
UniRef90_UPI000382CDBD	26.67	328	304
UniRef90_UPI00047196F8	28.04	328	304
UniRef90_M0CK18	28.57	328	307
UniRef90_UPI00059589FA	25.44	328	291
UniRef90_UPI000372B0B1	28.02	328	307
UniRef90_UPI0003CF8A22	29.27	328	299
UniRef90_B9JLM8	25.64	328	361
UniRef90_UPI000402D5A8	28.69	328	330
UniRef90_UPI00036B524F	28.73	328	348
UniRef90_I5CSU2	29.43	328	363
UniRef90_A0A0L8V6J0	26.88	328	335
UniRef90_B5WQK4	29.06	328	379
UniRef90_UPI00068DF4E4	26.35	328	363
UniRef90_UPI0004BF1EC3	31.66	328	318
UniRef90_UPI0006FFACC0	29.26	328	336
UniRef90_UPI0006F20DC3	27.92	328	362
UniRef90_A0A095WU34	27.22	328	359
UniRef90_UPI000497D5D9	26.67	328	292
UniRef90_UPI000688DC09	32.70	328	304
UniRef90_UPI00041993F5	30.27	328	330
UniRef90_A0A0A1MMK0	26.75	328	294
UniRef90_UPI0006DB1E94	31.56	328	317
UniRef90_H8E9N4	28.48	328	304
UniRef90_S0RWN6	26.39	328	290
UniRef90_F4CKY9	27.90	328	354
UniRef90_W1DGP7	31.13	328	296
UniRef90_A7RFA1	26.76	328	350
UniRef90_D1ALX7	25.16	328	290
UniRef90_C6B9P7	27.64	328	359
UniRef90_A0A0L0QSJ7	27.73	328	310
UniRef90_Q9KF95	30.40	328	679
UniRef90_G8MMG2	31.49	328	325
UniRef90_A0A0C2W0B1	25.53	328	304
UniRef90_UPI00069FB147	27.84	328	350
UniRef90_A0A0F4LBD8	27.08	328	297
UniRef90_UPI000526D21E	39.73	328	246
UniRef90_UPI0004208126	27.74	328	309
UniRef90_N6UXX3	26.55	328	363
UniRef90_UPI00035C2EBE	28.13	328	304
UniRef90_A0A098F3M9	27.17	328	330
UniRef90_A0A083ZV44	26.93	328	296
UniRef90_UPI0006470E37	28.25	328	357
UniRef90_A0A099LVW7	24.92	328	292
UniRef90_C1AW37	26.76	328	282
UniRef90_UPI0003A69623	27.19	328	327
UniRef90_UPI000413CDCC	26.95	328	331
UniRef90_UPI0006A759C2	28.05	328	306
UniRef90_B2Q2Z8	27.73	328	343
UniRef90_A0A0G9LCG5	29.13	328	291
UniRef90_C0LZ68	28.13	328	306
UniRef90_UPI00035DF6C5	30.12	328	324
UniRef90_F9RA42	26.85	328	291
UniRef90_UPI00034624EB	30.95	328	330
UniRef90_A0A090ZJE6	27.95	328	330
UniRef90_R3TPJ6	26.10	328	297
UniRef90_J7T085	25.55	328	290
UniRef90_UPI0004904F4B	29.36	328	332
UniRef90_A0A0M8Z101	32.42	328	315
UniRef90_F0L9R0	26.88	328	355
UniRef90_F7E669	27.89	328	349
UniRef90_A0A085A434	27.24	328	291
UniRef90_UPI0006F26FCA	27.92	328	362
UniRef90_A0A0A5I9H9	24.53	328	291
UniRef90_UPI0006D5B4FF	30.28	328	304
UniRef90_UPI0005C2440E	28.85	328	344
UniRef90_A0A0M4DS23	32.42	328	318
UniRef90_A0A0D1C516	28.49	328	336
UniRef90_A0A0F5PW31	30.45	328	305
UniRef90_V8NLY8	26.05	328	349
UniRef90_UPI0004697A2D	29.39	328	329
UniRef90_G0GAK2	28.57	328	313
UniRef90_UPI000619C7FB	33.62	328	320
UniRef90_A0A0M7C2C8	26.99	328	344
UniRef90_UPI0006940DC8	27.97	328	344
UniRef90_UPI0004BA983E	26.93	328	354
UniRef90_R8C1V9	30.86	328	307
UniRef90_A0A087L4F2	25.70	328	297
UniRef90_A0A0L0QLX6	30.66	328	330
UniRef90_UPI00032E931B	25.39	328	290
UniRef90_E5WGH4	28.44	328	305
UniRef90_A0A0B1Q281	27.30	328	366
UniRef90_A0A011ABA8	25.86	328	289
UniRef90_UPI0003FB0774	27.57	328	325
UniRef90_UPI000595DBD7	29.01	328	330
UniRef90_A0A0D5YUM1	34.91	328	321
UniRef90_UPI00041B9DE3	28.35	328	309
UniRef90_UPI0005640C7B	27.42	328	354
UniRef90_C6IXJ7	29.07	328	330
UniRef90_M0CY61	29.91	328	337
UniRef90_D7HVM0	28.98	328	371
UniRef90_P0A434	99.39	328	365
UniRef90_Q93LD7	90.27	328	384
UniRef90_A0A060GTM0	89.36	328	333
UniRef90_UPI0005F01887	33.93	328	326
UniRef90_D5PAV6	32.84	328	326
UniRef90_B2HN12	32.54	328	326
UniRef90_A0A0M2ZHU3	31.85	328	325
UniRef90_UPI000408143C	31.76	328	332
UniRef90_P9WHN8	32.84	328	326
UniRef90_I0RNN3	32.44	328	326
UniRef90_A0A0A1FL56	32.43	328	323
UniRef90_F5YY10	32.93	328	325
UniRef90_UPI00062B6C98	28.90	328	359
UniRef90_G8RHW1	30.21	328	323
UniRef90_A0A0G3IK67	31.85	328	329
UniRef90_A0A095WU34	25.84	328	359
UniRef90_E6WKW1	28.61	328	359
UniRef90_UPI0004BA983E	25.78	328	354
UniRef90_K5BCY6	30.42	328	320
UniRef90_UPI00055D8708	28.81	328	361
UniRef90_A0A024QKG7	31.53	328	325
UniRef90_A1U9E3	33.33	328	325
UniRef90_L0IRM9	31.04	328	324
UniRef90_A0A0C2ANA2	34.14	328	323
UniRef90_U4KBA3	29.18	328	362
UniRef90_A0A0E9B2K0	28.33	328	359
UniRef90_D8MLX1	28.81	328	359
UniRef90_A0A0D6G3D9	31.34	328	325
UniRef90_H6R7T0	27.68	328	323
UniRef90_J3DBA7	28.33	328	359
UniRef90_I0QUN1	26.55	328	363
UniRef90_C6B9P7	26.63	328	359
UniRef90_A0A069HXP4	25.21	328	355
UniRef90_G0FLL0	33.53	328	326
UniRef90_K8XFT8	30.27	328	329
UniRef90_G7CDC2	31.04	328	327
UniRef90_UPI00062672F3	32.63	328	334
UniRef90_A0A0A0NKX7	32.24	328	332
UniRef90_A0A085GE90	27.56	328	365
UniRef90_Q67S04	29.88	328	304
UniRef90_V7FB71	27.97	328	362
UniRef90_H6RRE4	29.08	328	331
UniRef90_UPI00059294C9	25.60	328	323
UniRef90_A0A081D211	27.20	328	362
UniRef90_H0V0H6	24.16	328	349
UniRef90_UPI0002DE7646	29.79	328	306
UniRef90_UPI0004AFB02B	28.40	328	324
UniRef90_UPI000308348B	29.48	328	303
UniRef90_A0A0J1CYS2	29.10	328	359
UniRef90_UPI0003C28CB5	24.44	328	349
UniRef90_A0A093HMG7	23.31	328	349
UniRef90_K7G151	23.31	328	349
UniRef90_L7ZZ57	27.00	328	326
UniRef90_A0A083ZLG3	24.72	328	355
UniRef90_A0A0D1LIQ3	27.51	328	326
UniRef90_UPI00039F7428	30.27	328	325
UniRef90_UPI0004254902	23.01	328	355
UniRef90_Q63530	23.31	328	349
UniRef90_UPI00030E91F5	26.65	328	323
UniRef90_H5X9L3	34.52	328	332
UniRef90_E6SI98	32.54	328	331
UniRef90_E1BWG7	23.60	328	357
UniRef90_G1SGJ7	24.16	328	349
UniRef90_M1ZG43	30.40	328	304
UniRef90_UPI0004203C1D	33.53	328	333
UniRef90_UPI0006CFB165	32.04	328	340
UniRef90_UPI0003115AD1	30.29	328	326
UniRef90_I3X570	24.09	328	368
UniRef90_A0A0D6ZE40	26.84	328	335
UniRef90_D1ACV0	27.08	328	326
UniRef90_D4YJ95	25.83	328	328
UniRef90_N6UXX3	25.50	328	363
UniRef90_A0A077LTN5	27.98	328	327
UniRef90_V9XL46	28.06	328	323
UniRef90_A0A0C1NVF4	33.03	328	331
UniRef90_UPI00014F7A18	22.75	328	349
UniRef90_A0A0B1Q281	26.27	328	366
UniRef90_A0A084GRG4	28.19	328	333
UniRef90_A0A021X1X2	27.20	328	363
UniRef90_UPI00030A96C4	26.73	328	318
UniRef90_A0A071M9X8	27.76	328	359
UniRef90_F0L9R0	25.42	328	355
UniRef90_UPI0007003141	31.53	328	325
UniRef90_A0A023CNH7	26.79	328	326
UniRef90_B9K5G2	25.21	328	355
UniRef90_UPI0003FB34C0	27.93	328	319
UniRef90_A0A0A0DCE2	25.56	328	364
UniRef90_UPI000494E08F	28.96	328	327
UniRef90_UPI0004176999	28.78	328	328
UniRef90_B9JLM8	25.21	328	361
UniRef90_UPI000482AE2C	29.17	328	322
UniRef90_R4SPP2	33.33	328	327
UniRef90_A0A0D0ENT6	29.52	328	342
UniRef90_Q5DQU3	26.27	328	323
UniRef90_G5BFE9	22.47	328	349
UniRef90_Q8Y5T5	27.96	328	305
UniRef90_UPI00039D3110	31.74	328	334
UniRef90_UPI0003621AF7	32.04	328	325
UniRef90_L9JEI8	23.60	328	349
UniRef90_UPI0003FFDDA7	27.76	328	332
UniRef90_UPI00036C0EB3	27.61	328	364
UniRef90_UPI000650FE1A	23.31	328	349
UniRef90_A0A0M2SVR0	32.01	328	331
UniRef90_A9JTS9	23.31	328	349
UniRef90_J1T5V8	24.72	328	356
UniRef90_UPI0004093220	28.17	328	362
UniRef90_UPI0006F20DC3	27.27	328	362
UniRef90_UPI00041D02BD	27.35	328	361
UniRef90_A0A0D8I319	25.97	328	323
UniRef90_UPI00022E155A	30.54	328	321
UniRef90_UPI000333ACA3	23.88	328	349
UniRef90_F1YIG8	27.60	328	326
UniRef90_Q985I1	27.81	328	362
UniRef90_A1WHY0	28.25	328	357
UniRef90_UPI000642B041	22.47	328	364
UniRef90_UPI0003134A7A	27.48	328	363
UniRef90_H0YSV8	24.16	328	349
UniRef90_UPI00041FE98A	25.84	328	352
UniRef90_H0WXE7	23.60	328	349
UniRef90_A6QLJ8	23.03	328	349
UniRef90_A0A0B4XGI9	21.81	328	355
UniRef90_F4LR03	27.78	328	298
UniRef90_UPI00040BE5DA	29.62	328	330
UniRef90_UPI0004C5619E	30.63	328	319
UniRef90_X6KVQ5	25.77	328	354
UniRef90_Q0P3Z2	24.44	328	349
UniRef90_UPI0004789D89	27.60	328	326
UniRef90_X8ACX6	31.45	328	306
UniRef90_UPI0003F9B708	27.25	328	362
UniRef90_UPI0003834A49	23.03	328	349
UniRef90_A4IN23	27.00	328	326
UniRef90_UPI0005574E98	26.12	328	354
UniRef90_UPI000465B426	24.08	328	366
UniRef90_UPI000328FAF6	25.00	328	349
UniRef90_UPI0006E208E5	32.84	328	325
UniRef90_UPI0006C92D90	31.80	328	310
UniRef90_E2RH81	23.03	328	349
UniRef90_UPI0003074385	27.51	328	331
UniRef90_A0A078LQS5	27.48	328	292
UniRef90_UPI0004E1F1E4	30.70	328	329
UniRef90_Q3IVY4	26.05	328	354
UniRef90_H3ABR2	24.44	328	349
UniRef90_G1PVL3	24.16	328	349
UniRef90_UPI000421E3BC	30.33	328	319
UniRef90_Q4RWX9	24.44	328	349
UniRef90_UPI00033471CE	22.75	328	349
UniRef90_X6HC02	32.94	328	332
UniRef90_H2MTQ5	25.00	328	347
UniRef90_UPI000050F841	28.74	328	319
UniRef90_UPI0004057E60	28.87	328	325
UniRef90_V8NLY8	24.72	328	349
UniRef90_F7E669	26.12	328	349
UniRef90_UPI0004BD5381	23.03	328	354
UniRef90_UPI0003319473	25.28	328	349
UniRef90_H0R240	28.19	328	326
UniRef90_A0A0G8FG55	27.84	328	329
UniRef90_I0W692	28.49	328	327
UniRef90_UPI00040C42FD	28.09	328	358
UniRef90_UPI00068DF4E4	25.99	328	363
UniRef90_A0A0D6T9P6	26.12	328	354
UniRef90_B5X4Y9	23.31	328	349
UniRef90_UPI00048B437B	29.38	328	327
UniRef90_K6V5H5	27.33	328	319
UniRef90_W3ACH2	26.92	328	331
UniRef90_UPI0005A9ED46	27.30	328	331
UniRef90_UPI0005578FBF	31.44	328	322
UniRef90_M2XEB2	25.89	328	325
UniRef90_UPI00036007F7	29.85	328	324
UniRef90_K1KRQ2	33.03	328	314
UniRef90_UPI0004C004D0	28.06	328	325
UniRef90_UPI0003147115	26.13	328	319
UniRef90_UPI00036D0A77	27.68	328	324
UniRef90_UPI00047ED7EC	27.46	328	327
UniRef90_H0RKC9	27.33	328	319
UniRef90_I0I6X3	30.98	328	308
UniRef90_M3VG29	27.63	328	319
UniRef90_A0A084H8T5	28.96	328	333
UniRef90_G7W946	29.25	328	326
UniRef90_UPI0003668980	26.49	328	325
UniRef90_A0A0K0GC66	28.96	328	341
UniRef90_M4AI51	23.60	328	349
UniRef90_M7AMZ5	27.33	328	318
UniRef90_B5WQK4	28.69	328	379
UniRef90_A0A0K3B0D2	33.03	328	319
UniRef90_I0UYV5	28.92	328	321
UniRef90_G3VZ17	21.63	328	349
UniRef90_D5UMY0	29.67	328	326
UniRef90_UPI00058DDD51	27.81	328	331
UniRef90_W4MA68	34.65	328	317
UniRef90_UPI0006F26FCA	27.20	328	362
UniRef90_I5CSU2	28.98	328	363
UniRef90_R0A666	31.23	328	327
UniRef90_Q96BW5	23.31	328	349
UniRef90_L5LR84	24.16	328	564
UniRef90_A0A0A8X3B3	27.27	328	332
UniRef90_UPI0002E5FCBF	27.03	328	319
UniRef90_A0A077LWP4	28.15	328	326
UniRef90_I3JSA4	23.88	328	349
UniRef90_K2QWY3	25.07	328	354
UniRef90_A0A0I9W3E4	27.63	328	318
UniRef90_W2EKE6	30.36	328	325
UniRef90_Q1ATL0	28.74	328	337
UniRef90_UPI0003C7F6B3	27.03	328	319
UniRef90_G1KSW9	23.88	328	408
UniRef90_A0A0M3B2W0	25.28	328	354
UniRef90_X0PY64	29.41	328	330
UniRef90_A0A099ZGW6	25.56	328	349
UniRef90_UPI0004953AC9	23.60	328	349
UniRef90_UPI000419DAEC	27.89	328	328
UniRef90_R5IC92	34.66	328	321
UniRef90_A0A0J1FCR3	28.36	328	328
UniRef90_F7V944	28.01	328	326
UniRef90_UPI0006B30580	23.60	328	349
UniRef90_UPI0002E038E2	27.13	328	302
UniRef90_UPI0002FBC2B3	27.84	328	340
UniRef90_G7GJR8	26.13	328	319
UniRef90_C3Y2T3	24.02	328	347
UniRef90_UPI0003CE75C2	25.98	328	387
UniRef90_UPI00066DD119	27.68	328	325
UniRef90_P45548	27.48	328	292
UniRef90_UPI000643EDD1	23.03	328	349
UniRef90_K1ES59	25.83	328	319
UniRef90_UPI000623D8B9	30.54	328	321
UniRef90_F5SK62	31.52	328	306
UniRef90_UPI0006E3BC7B	28.06	328	324
UniRef90_C3Y2T1	22.66	328	359
UniRef90_UPI00032AEE80	24.44	328	349
UniRef90_UPI0005BDA535	28.07	328	334
UniRef90_D2B315	29.38	328	333
UniRef90_D4J7F6	28.87	328	325
UniRef90_H5TP55	26.43	328	319
UniRef90_UPI0006CFDAC3	27.81	328	343
UniRef90_J9S8Q0	26.43	328	319
UniRef90_UPI0003F0826F	23.10	328	349
UniRef90_G7GMU4	29.71	328	326
UniRef90_A0A0H4P0F0	25.89	328	323
UniRef90_UPI0003AD48A8	26.79	328	326
UniRef90_UPI000529810A	23.31	328	349
UniRef90_UPI0006BBA308	33.83	328	319
UniRef90_UPI0004953115	29.04	328	323
UniRef90_UPI0004DF1BC0	30.03	328	320
UniRef90_A0A0M8PN04	30.58	328	313
UniRef90_UPI0005B27D83	26.69	328	302
UniRef90_A0A0B6AYH0	30.18	328	314
UniRef90_A0A0C2W0B1	24.70	328	304
UniRef90_B5Y6L2	27.95	328	296
UniRef90_UPI0005615146	29.29	328	332
UniRef90_UPI0005A997BF	26.13	328	341
UniRef90_UPI0003334BBF	23.03	328	349
UniRef90_A0A061NZV6	27.03	328	334
UniRef90_G4HC26	25.53	328	310
UniRef90_F6Y8J3	22.47	328	366
UniRef90_UPI0004940659	26.71	328	326
UniRef90_UPI0005BDE51B	26.13	328	318
UniRef90_UPI00041B9DE3	27.30	328	309
UniRef90_A0A098Y422	26.79	328	325
UniRef90_A0A0M2SQR2	31.29	328	313
UniRef90_UPI0004187671	27.44	328	303
UniRef90_UPI00040C1A04	26.71	328	330
UniRef90_UPI0004778051	30.36	328	321
UniRef90_E3TFQ5	21.91	328	349
UniRef90_C3ZNC5	23.65	328	341
UniRef90_A0A093GY44	24.29	328	349
UniRef90_UPI000415B447	27.71	328	288
UniRef90_A0A075JH83	26.43	328	319
UniRef90_A0A0J6D1U4	26.76	328	332
UniRef90_M1Z797	24.92	328	300
UniRef90_UPI000368E8B8	27.43	328	335
UniRef90_UPI0005240B10	30.33	328	316
UniRef90_E5XDG9	30.58	328	309
UniRef90_B3TC33	26.48	328	344
UniRef90_UPI0003B72E7F	29.50	328	333
UniRef90_D0GNT4	26.20	328	291
UniRef90_A0A068QX91	25.56	328	337
UniRef90_UPI0004C5C8FC	30.77	328	338
UniRef90_UPI0004BE61B7	27.33	328	319
UniRef90_UPI00064BEC13	26.48	328	345
UniRef90_A0A0D8I3R9	27.65	328	330
UniRef90_A0A085G1A8	24.06	328	296
UniRef90_M1Z9J3	27.83	328	322
UniRef90_G3PYY3	23.03	328	349
UniRef90_A0A090DM84	31.67	328	338
UniRef90_UPI0004632293	32.52	328	302
UniRef90_A0A023X192	29.20	328	327
UniRef90_UPI000564D041	30.63	328	319
UniRef90_A0A0D6ZET5	25.96	328	291
UniRef90_A0A0B2B0C0	27.03	328	318
UniRef90_UPI0006D55F43	28.19	328	326
UniRef90_UPI000369B477	29.85	328	324
UniRef90_A0A085A434	25.87	328	291
UniRef90_UPI000372B0B1	26.91	328	307
UniRef90_H3N3U8	26.50	328	292
UniRef90_S5Y4Y7	23.38	328	363
UniRef90_E6MIZ3	30.68	328	325
UniRef90_V9L0P2	22.75	328	349
UniRef90_A0A083ZV44	26.50	328	296
UniRef90_UPI000483DC82	28.25	328	365
UniRef90_UPI0002D99AC0	27.99	328	328
UniRef90_UPI00036BAF50	25.83	328	319
UniRef90_A0A0C2JT83	27.41	328	319
UniRef90_Q9RVU2	29.04	328	323
UniRef90_B8FHL5	27.51	328	327
UniRef90_UPI0006F2D8BA	27.33	328	319
UniRef90_H5XGM2	29.34	328	321
UniRef90_UPI000382CDBD	26.22	328	304
UniRef90_A0A022LAZ2	26.35	328	320
UniRef90_UPI00064BE211	29.85	328	325
UniRef90_UPI000379CC55	25.97	328	327
UniRef90_Q7N5F5	24.14	328	296
UniRef90_N9XP12	29.36	328	305
UniRef90_UPI0003AD577E	25.97	328	354
UniRef90_E3GBS4	26.02	328	291
UniRef90_R3WBE2	24.53	328	295
UniRef90_D7HVM0	27.53	328	371
UniRef90_UPI0003497779	27.78	328	329
UniRef90_D1ALX7	24.68	328	290
UniRef90_A0A0E3UTE4	24.92	328	291
UniRef90_C8NIC0	26.10	328	295
UniRef90_A0A0F7LUD2	23.73	328	296
UniRef90_UPI00048D44B7	28.83	328	319
UniRef90_G3TEF3	22.10	328	349
UniRef90_A0A098M863	26.47	328	320
UniRef90_A0A0A2VZN3	27.25	328	517
UniRef90_UPI000519F783	33.43	328	324
UniRef90_A0A087L4F2	24.61	328	297
UniRef90_A0A0M2VJ60	26.75	328	310
UniRef90_UPI00068919E3	28.10	328	354
UniRef90_UPI00055B8942	30.79	328	302
UniRef90_UPI00059125D1	25.56	328	291
UniRef90_UPI00029A75EE	26.44	328	316
UniRef90_UPI00056F0901	28.13	328	309
UniRef90_UPI0003651BFB	29.17	328	323
UniRef90_K8ZNQ8	26.52	328	316
UniRef90_B2T8R7	23.50	328	349
UniRef90_D3F532	26.14	328	315
UniRef90_UPI0006B4B9DD	25.08	328	299
UniRef90_H8E9N4	27.30	328	304
UniRef90_A7RFA1	26.61	328	350
UniRef90_E1QDX6	30.47	328	329
UniRef90_UPI0006C1BA7E	30.98	328	304
UniRef90_UPI0005640C7B	25.49	328	354
UniRef90_A0A0E8IML6	23.90	328	295
UniRef90_M5PED1	25.00	328	294
UniRef90_A0A0N1NM04	25.83	328	365
UniRef90_W5MWT0	22.31	328	353
UniRef90_UPI00065C8ED0	31.47	328	333
UniRef90_A0A0L8FT45	21.29	328	350
UniRef90_I4D4D1	27.46	328	326
UniRef90_UPI000400DA65	28.87	328	342
UniRef90_Q97VT7	30.41	328	314
UniRef90_UPI00047074FE	29.94	328	320
UniRef90_UPI00068A99E8	28.73	328	350
UniRef90_UPI0006DBD893	28.10	328	323
UniRef90_UPI000408DEEE	26.33	328	328
UniRef90_A0A081NVJ5	26.14	328	307
UniRef90_UPI000364D6AF	26.70	328	330
UniRef90_C7BN74	23.82	328	306
UniRef90_UPI0006A77E91	24.51	328	361
UniRef90_A0A021XIT2	27.96	328	304
UniRef90_UPI0003176A1E	28.82	328	327
UniRef90_W7AQ44	27.04	328	330
UniRef90_C0LZ68	26.14	328	306
UniRef90_A0A0N1HUN7	26.52	328	291
UniRef90_A0A0B0D5E6	28.87	328	325
UniRef90_D9TQG2	27.42	328	299
UniRef90_D3BFX8	24.46	328	362
UniRef90_G5IGT3	30.37	328	303
UniRef90_F4CKY9	26.20	328	354
UniRef90_F0Z7C8	23.45	328	363
UniRef90_UPI0003A69623	26.41	328	327
UniRef90_W4A3W1	30.28	328	324
UniRef90_A0A089RGS2	24.13	328	296
UniRef90_UPI0006CF62B2	30.46	328	318
UniRef90_G9YU42	29.97	328	317
UniRef90_A0A0M9WWC6	26.67	328	305
UniRef90_D1APJ8	27.66	328	304
UniRef90_UPI000704E609	24.60	328	292
UniRef90_L0K664	28.06	328	307
UniRef90_A0A024QCU8	25.68	328	304
UniRef90_A0A0D7XKS0	23.72	328	294
UniRef90_M1JFA3	32.09	328	315
UniRef90_G5HJH6	26.17	328	303
UniRef90_UPI0006FAB3AE	32.13	328	329
UniRef90_UPI0006FD4154	31.52	328	333
UniRef90_B9CM78	30.06	328	304
UniRef90_F9RA42	24.92	328	291
UniRef90_D3F4H0	29.07	328	334
UniRef90_Q5WK91	23.40	328	306
UniRef90_B1G3Y5	23.43	328	347
UniRef90_UPI00056CAFA6	27.93	328	339
UniRef90_UPI0005ED76EB	27.19	328	304
UniRef90_A0A0F2SI93	26.87	328	331
UniRef90_A0A099LVW7	23.97	328	292
UniRef90_A0A0K2J9J9	25.00	328	291
UniRef90_C5DAC5	26.42	328	330
UniRef90_UPI0004185FAE	26.28	328	304
UniRef90_UPI0004CFEB2E	23.71	328	353
UniRef90_D9R154	25.88	328	289
UniRef90_I0JIA7	28.49	328	325
UniRef90_A0A0A1PMN1	25.50	328	348
UniRef90_Q54BV6	23.20	328	370
UniRef90_UPI00035C2EBE	26.14	328	304
UniRef90_B0M9K2	28.00	328	304
UniRef90_C2GFA1	26.40	328	347
UniRef90_UPI000644AF1D	22.76	328	358
UniRef90_UPI0003FFA606	27.32	328	343
UniRef90_A0A0A5I9H9	23.97	328	291
UniRef90_V4XMM0	25.20	328	357
UniRef90_UPI0001CBB7A9	25.00	328	364
UniRef90_UPI0003449631	28.36	328	331
UniRef90_D6Y592	25.00	328	349
UniRef90_UPI00059589FA	23.30	328	291
UniRef90_A0A0J1BPF0	25.98	328	348
UniRef90_UPI00069480F7	29.15	328	302
UniRef90_A0A0A0N595	26.84	328	351
UniRef90_B0K1N8	26.75	328	299
UniRef90_N1V7S4	29.01	328	370
UniRef90_T0VJZ9	23.40	328	291
UniRef90_E5WGH4	26.59	328	305
UniRef90_W9GHX5	23.45	328	347
UniRef90_A0A0L0QN77	24.92	328	306
UniRef90_A0A0N1MVB2	28.83	328	327
UniRef90_UPI0006D0CE29	29.65	328	317
UniRef90_UPI0005C5794B	30.61	328	333
UniRef90_UPI0006A759C2	25.53	328	306
UniRef90_V5HLG5	22.53	328	296
UniRef90_L5N2R2	27.00	328	342
UniRef90_N2BPT0	26.44	328	310
UniRef90_G5IBC3	25.59	328	318
UniRef90_R3TPJ6	24.84	328	297
UniRef90_UPI000688B71C	30.06	328	302
UniRef90_UPI0005A6BA1E	29.55	328	357
UniRef90_A0A0J5FQA1	25.00	328	291
UniRef90_K9EGU5	27.81	328	350
UniRef90_H7F824	24.28	328	290
UniRef90_UPI000488E48D	23.78	328	347
UniRef90_C6IXJ7	25.07	328	330
UniRef90_I4MGN7	24.58	328	348
UniRef90_A0A0B7GXG8	27.24	328	295
UniRef90_UPI0006975090	21.57	328	350
UniRef90_W9ADS4	26.78	328	330
UniRef90_UPI0005C54DFC	26.99	328	330
UniRef90_N1NMS8	25.39	328	341
UniRef90_A0A0A1MMK0	25.32	328	294
UniRef90_K1QFI9	21.01	328	347
UniRef90_UPI0006E435FD	23.64	328	291
UniRef90_UPI0003AB5571	23.64	328	314
UniRef90_T0QL48	23.73	328	643
UniRef90_UPI0005251056	30.72	328	321
UniRef90_UPI000359C614	22.69	328	349
UniRef90_G4HG08	26.42	328	330
UniRef90_H1LWF0	26.20	328	333
UniRef90_A0A023GF05	24.86	328	353
UniRef90_A0A0F0VAH5	25.08	328	291
UniRef90_W1J2S4	25.24	328	289
UniRef90_UPI0005D2A8A0	29.52	328	318
UniRef90_UPI000402D5A8	26.70	328	330
UniRef90_UPI00037F8F3D	22.60	328	353
UniRef90_F0QXN6	27.10	328	315
UniRef90_D3UYA6	25.39	328	362
UniRef90_W1J7X0	26.33	328	322
UniRef90_B2Q2Z8	25.35	328	343
UniRef90_UPI0004898342	27.16	328	291
UniRef90_A0A098EQ34	28.65	328	330
UniRef90_A0A0M2SJK0	23.65	328	330
UniRef90_UPI00064924A7	29.45	328	344
UniRef90_UPI00040EFBCE	29.48	328	324
UniRef90_UPI00041DE08B	24.50	328	330
UniRef90_J7T085	23.32	328	290
UniRef90_UPI00048E5ADD	25.28	328	330
UniRef90_K8WXM6	23.82	328	298
UniRef90_C0AQT3	23.94	328	343
UniRef90_D3ECC8	26.70	328	330
UniRef90_R2RJ54	22.90	328	290
UniRef90_UPI0003CF8A22	26.84	328	299
UniRef90_Q8Y427	25.63	328	330
UniRef90_UPI00035DF6C5	27.94	328	324
UniRef90_A0A0M2VN97	25.64	328	330
UniRef90_UPI0001CBABE3	23.42	328	360
UniRef90_C3YBJ5	23.43	328	1050
UniRef90_C3YBJ5	21.69	328	1050
UniRef90_UPI000237A89B	29.33	328	345
UniRef90_UPI0005E19496	24.68	328	295
UniRef90_UPI0003F6BDD6	25.61	328	301
UniRef90_A0A0D1MB83	29.22	328	317
UniRef90_A0A0L8F237	25.56	328	291
UniRef90_A0A090U1Q8	26.52	328	292
UniRef90_UPI0005A915A4	29.85	328	322
UniRef90_A0A0F4LBD8	25.84	328	297
UniRef90_A0A0M6XU56	25.28	328	351
UniRef90_UPI0006E363D6	27.81	328	360
UniRef90_E4WFC4	31.71	328	317
UniRef90_K2Q433	23.28	328	337
UniRef90_K8XDR7	28.82	328	325
UniRef90_UPI000497D5D9	25.48	328	292
UniRef90_A0A090PAS2	23.34	328	292
UniRef90_UPI00041DFF10	31.25	328	315
UniRef90_A0A098F3M9	25.92	328	330
UniRef90_UPI0006E3863B	23.60	328	356
UniRef90_A0A0M0KD55	28.10	328	306
UniRef90_UPI000595DBD7	25.36	328	330
