UniRef90_P04963	100.00	298	373
UniRef90_A0A0A7RMU1	86.58	298	376
UniRef90_H1VNH1	33.74	298	278
UniRef90_H1W2K3	32.09	298	281
UniRef90_L2GBA1	30.09	298	277
UniRef90_N1PL25	30.92	298	283
UniRef90_Q0CS13	31.67	298	242
UniRef90_A0A0A1TR63	29.39	298	271
UniRef90_M2YL26	31.88	298	227
UniRef90_A0A010SNE9	28.96	298	271
UniRef90_G9MX32	30.49	298	269
UniRef90_T5ABQ4	31.47	298	484
UniRef90_A0A010R4H9	30.28	298	287
UniRef90_A0A0F7ZJJ5	30.09	298	533
UniRef90_A0A0B4EAP0	28.25	298	247
UniRef90_A0A0L1HDP9	28.63	298	258
UniRef90_A0A0G2FNL0	30.70	298	243
UniRef90_A0A066XDN8	27.73	298	288
UniRef90_A0A0L1HHP4	30.22	298	252
UniRef90_G2QID2	28.19	298	261
UniRef90_A0A084QYH2	30.43	298	258
UniRef90_G4U343	30.37	298	262
UniRef90_A0A086TFZ2	32.39	298	264
UniRef90_A0A0F7ZWG1	26.55	298	312
UniRef90_A0A0F9X539	31.00	298	256
UniRef90_G9NIK5	27.02	298	260
UniRef90_N1QFF0	29.32	298	298
UniRef90_A0A098D6N6	28.81	298	266
UniRef90_M3D222	32.33	298	262
UniRef90_A0A0F9XF18	30.28	298	268
UniRef90_K2SCB3	27.97	298	254
UniRef90_G0RQQ6	27.27	298	260
UniRef90_G9N1K7	28.88	298	257
UniRef90_A0A0F7ZW00	26.97	298	312
UniRef90_UPI00044095FE	32.14	298	244
UniRef90_W3X364	34.76	298	253
UniRef90_L7JQ66	27.69	298	257
UniRef90_C0NTY2	29.22	298	276
UniRef90_A2QV48	26.94	298	258
UniRef90_G3YGD8	32.39	298	265
UniRef90_A0A074VFD7	27.23	298	272
UniRef90_B2B6C6	29.46	298	268
UniRef90_Q2UAL0	28.81	298	275
UniRef90_A2QLC7	31.92	298	265
UniRef90_Q0V4S4	29.33	298	268
UniRef90_A0A067PDS0	27.57	298	313
UniRef90_A0A0G2H6K7	29.44	298	249
UniRef90_A0A0F7ZUY9	27.78	298	338
UniRef90_N4VE96	28.63	298	626
UniRef90_F8QGH5	30.00	298	229
UniRef90_A0A0B7KDK0	29.11	298	243
UniRef90_Q5ATI5	29.49	298	268
UniRef90_T4ZZ71	30.04	298	326
UniRef90_E3QP26	28.70	298	247
UniRef90_A0A0B7KD27	29.58	298	241
UniRef90_A0A0C4DXA8	28.27	298	247
UniRef90_L2GCS3	30.84	298	246
UniRef90_Q2GU92	27.59	298	271
UniRef90_A0A0A1TQW3	29.17	298	278
UniRef90_A0A0M4AQD6	28.16	298	272
UniRef90_A0A0K8LCE0	28.09	298	241
UniRef90_T5ALI1	33.57	298	356
UniRef90_M7SGP9	27.90	298	262
UniRef90_M3BRW7	28.63	298	276
UniRef90_A0A0B4HV99	27.40	298	262
UniRef90_G2R8M6	29.19	298	274
UniRef90_G0RXK8	28.19	298	268
UniRef90_Q0CAG9	30.24	298	725
UniRef90_V2YIE3	26.73	298	275
UniRef90_A0A0F7ZYQ6	30.00	298	252
UniRef90_C5GHM1	27.80	298	281
UniRef90_L2FY66	25.79	298	283
UniRef90_T0LWP6	27.38	298	269
UniRef90_M7TME0	27.75	298	260
UniRef90_M2QVN4	27.67	298	267
UniRef90_UPI0004414A6E	30.05	298	224
UniRef90_T0L804	27.88	298	252
UniRef90_G7XY94	28.05	298	263
UniRef90_A0A0J9EMJ3	28.91	298	678
UniRef90_S8AXK7	28.44	298	226
UniRef90_A0A0F7TYK6	27.54	298	268
UniRef90_A0A0A1SS29	26.32	298	269
UniRef90_A0A0G2J622	28.05	298	263
UniRef90_W3WRL0	27.56	298	253
UniRef90_A0A084PYC1	26.94	298	280
UniRef90_Q5BA52	29.95	298	271
UniRef90_W3WJL6	27.15	298	255
UniRef90_A0A0D2Y9V6	27.08	298	264
UniRef90_UPI000440C718	29.30	298	262
UniRef90_A0A060SAI6	28.51	298	243
UniRef90_B2VU61	28.81	298	254
UniRef90_A0A0C1E6U2	27.87	298	256
UniRef90_G3Y488	28.23	298	193
UniRef90_W3XD38	28.05	298	243
UniRef90_A0A0M0UIX0	30.14	298	281
UniRef90_C1GJJ5	28.57	298	231
UniRef90_N4ULQ4	30.74	298	244
UniRef90_W3XEP2	43.30	298	215
UniRef90_A0A0C4E1P3	25.94	298	251
UniRef90_UPI000440E2A0	27.98	298	262
UniRef90_E2LMD4	26.12	298	281
UniRef90_V2WPS5	26.15	298	254
UniRef90_N4VC48	28.14	298	281
UniRef90_R7SZH5	36.79	298	242
UniRef90_A0A094BSG5	28.00	298	257
UniRef90_T5BP10	28.44	298	656
UniRef90_A0A0D0BBU7	26.85	298	281
UniRef90_A0A0M0U300	27.66	298	281
UniRef90_A0A067NKZ5	27.27	298	255
UniRef90_V2XF20	26.10	298	275
UniRef90_A0A0D7BJ13	29.25	298	269
UniRef90_E3R0S8	27.47	298	272
UniRef90_A0A0D9N9P2	27.23	298	259
UniRef90_A0A084B134	26.72	298	756
UniRef90_N4UY67	30.70	298	248
UniRef90_J3NM50	30.04	298	249
UniRef90_UPI0004449FD3	35.56	298	268
UniRef90_Q2GWW6	38.61	298	283
UniRef90_A0A0D7BHZ5	26.61	298	271
UniRef90_S7ZUQ7	25.75	298	248
UniRef90_L2FRC8	26.89	298	532
UniRef90_A0A0D0BZ96	26.05	298	267
UniRef90_S3CW54	26.32	298	990
UniRef90_N4W714	27.27	298	214
UniRef90_H1VMS0	27.98	298	241
UniRef90_H1W505	28.29	298	282
UniRef90_A0A0D0C574	26.72	298	268
UniRef90_L7J8X3	28.14	298	241
UniRef90_P04963	100.00	298	373
UniRef90_A0A0A7RMU1	86.58	298	376
UniRef90_A0A0D9N9P2	25.30	298	259
UniRef90_B6HR61	25.59	298	264
UniRef90_N4VC48	26.25	298	281
UniRef90_A0A0F7TYK6	23.92	298	268
UniRef90_A0A0M0U300	25.10	298	281
UniRef90_A0A084QYH2	28.34	298	258
UniRef90_Q2GU92	27.12	298	271
UniRef90_L2FY66	25.98	298	283
UniRef90_A0A010SNE9	26.46	298	271
UniRef90_K2QYP1	24.79	298	259
UniRef90_C5GHM1	25.21	298	281
UniRef90_A0A0G2J622	25.39	298	263
UniRef90_G2R8M6	25.86	298	274
UniRef90_Q0CS13	28.87	298	242
UniRef90_W3WKD5	25.74	298	243
UniRef90_V2YIE3	23.62	298	275
UniRef90_C0NTY2	26.45	298	276
UniRef90_G3YGD8	26.03	298	265
UniRef90_A0A0C4E957	24.05	298	274
UniRef90_A2QLC7	26.25	298	265
UniRef90_A2QV48	25.20	298	258
UniRef90_A0A0M4AQD6	25.43	298	272
UniRef90_H1W505	25.74	298	282
UniRef90_V2XF20	22.88	298	275
UniRef90_A0A094DLV6	25.30	298	264
UniRef90_A0A017SKB4	24.69	298	265
UniRef90_G2QID2	27.67	298	261
UniRef90_E2LMD4	23.64	298	281
UniRef90_M7TME0	25.52	298	260
UniRef90_H1VNH1	28.34	298	278
UniRef90_L2GBA1	26.17	298	277
UniRef90_UPI000440E2A0	26.64	298	262
UniRef90_Q5ATI5	25.55	298	268
UniRef90_H1W2K3	28.00	298	281
UniRef90_A0A0A1TR63	27.31	298	271
UniRef90_Q5AZ23	24.27	298	264
UniRef90_A0A098D6N6	26.34	298	266
UniRef90_W3WJL6	25.42	298	255
UniRef90_A0A094BSG5	26.00	298	257
UniRef90_A0A094E3E8	25.00	298	260
UniRef90_J3NM50	24.08	298	249
UniRef90_A0A0J9EMJ3	24.90	298	678
UniRef90_A0A0A1TQW3	23.66	298	278
UniRef90_T0LWP6	26.54	298	269
UniRef90_A0A0G2DQF7	24.42	298	266
UniRef90_A0A0D2Y9V6	25.74	298	264
UniRef90_A0A0C3CVM3	23.67	298	263
UniRef90_A0A0D7BHZ5	23.08	298	271
UniRef90_L7JQ66	24.90	298	257
UniRef90_B8NHU3	22.50	298	242
UniRef90_C1GJJ5	24.34	298	231
UniRef90_Q0CAG9	27.53	298	725
UniRef90_S3CW54	24.71	298	990
UniRef90_Q5BA52	25.60	298	271
UniRef90_A0A0L1HDP9	26.42	298	258
UniRef90_A0A086TFZ2	27.39	298	264
UniRef90_A0A0L1JIK8	22.78	298	242
UniRef90_S7ZUQ7	24.80	298	248
UniRef90_A0A093ZNR2	25.74	298	260
UniRef90_A0A0C4E111	23.58	298	279
UniRef90_A0A074X510	23.23	298	283
UniRef90_G3Y488	24.88	298	193
UniRef90_N1QFF0	26.07	298	298
UniRef90_A0A0D7B8F5	22.67	298	269
UniRef90_G7XY94	24.90	298	263
UniRef90_W3WRL0	23.53	298	253
UniRef90_F8ME05	23.29	298	268
UniRef90_W3X364	25.96	298	253
UniRef90_A0A0G4LJI1	22.05	298	278
UniRef90_N4UY67	23.08	298	248
UniRef90_UPI000440C718	25.61	298	262
UniRef90_A0A0L1HHP4	26.64	298	252
UniRef90_W3XD38	24.00	298	243
UniRef90_H1V4W3	22.81	298	248
UniRef90_A0A010R4A9	22.81	298	248
UniRef90_M7SGJ9	23.28	298	264
UniRef90_W9CDU6	21.74	298	278
UniRef90_A0A074Y8Q8	24.00	298	283
UniRef90_M3BRW7	25.32	298	276
UniRef90_W3XLG4	22.22	298	253
UniRef90_A7F4T4	22.18	298	276
UniRef90_B2VU61	23.48	298	254
UniRef90_A0A010QYP9	22.35	298	291
UniRef90_K2SCB3	26.10	298	254
UniRef90_G2YKU6	21.65	298	277
UniRef90_V2XS92	21.15	298	270
UniRef90_V2XT66	22.71	298	272
UniRef90_A0A0D7BJ13	22.94	298	269
UniRef90_A0A0F7ZYQ6	26.97	298	252
UniRef90_A0A0D0CDW5	21.93	298	272
UniRef90_W9CCX2	20.90	298	275
UniRef90_A0A010R4H9	24.90	298	287
UniRef90_A0A0C4DXA8	25.52	298	247
UniRef90_M3D222	25.19	298	262
UniRef90_A0A0F7ZWG1	24.91	298	312
UniRef90_A0A066XDN8	25.40	298	288
UniRef90_A0A010RTA3	24.31	298	254
UniRef90_B2B666	24.39	298	253
UniRef90_A0A0D0C574	24.54	298	268
UniRef90_F9FM94	22.98	298	231
UniRef90_A0A0G2H6K7	24.79	298	249
UniRef90_E3R0S8	25.71	298	272
UniRef90_V2WPS5	24.07	298	254
UniRef90_V2WZ22	21.72	298	284
UniRef90_A0A0D0CUD9	19.25	298	269
UniRef90_G2YRA2	22.08	298	276
UniRef90_W3WKZ0	21.65	298	265
UniRef90_Q0V4S4	24.80	298	268
UniRef90_T0L804	25.10	298	252
UniRef90_M2YL26	30.52	298	227
UniRef90_L7J4I9	23.11	298	248
UniRef90_A0A074WX18	21.34	298	299
UniRef90_UPI000440BF40	24.39	298	263
UniRef90_N4VE96	25.51	298	626
UniRef90_E3QP26	24.27	298	247
UniRef90_T5BP10	23.81	298	656
UniRef90_N1PJI6	22.36	298	288
UniRef90_V2WX44	22.68	298	284
UniRef90_A0A0F7ZW00	24.91	298	312
UniRef90_L2G1W8	23.68	298	248
UniRef90_N1PL25	24.80	298	283
UniRef90_A0A0L1HPT1	24.89	298	261
UniRef90_A0A074Y7T7	20.65	298	327
UniRef90_A0A0C4E1P3	25.31	298	251
UniRef90_UPI0004449FD3	23.62	298	268
UniRef90_V2XBZ3	21.56	298	285
UniRef90_A0A066WSF4	24.07	298	235
UniRef90_M2NGT1	24.32	298	299
UniRef90_H1VDD8	21.95	298	240
UniRef90_B8LZ19	25.21	298	309
UniRef90_Q0U0A6	24.14	298	248
UniRef90_M2TGH4	25.53	298	247
UniRef90_A0A0L1HEN6	21.03	298	302
UniRef90_A0A0F4ZLT1	22.27	298	244
UniRef90_A0A0D2I3K1	23.01	298	219
UniRef90_L2FRC8	25.97	298	532
UniRef90_B2W7I0	24.37	298	267
UniRef90_A0A074WCB1	21.20	298	314
UniRef90_A0A0L1I294	22.71	298	259
UniRef90_A0A084PYC1	20.48	298	280
UniRef90_A0A084B134	19.23	298	756
UniRef90_A0A0M0UIX0	24.90	298	281
UniRef90_A0A074X817	20.33	298	306
UniRef90_W3WL34	23.48	298	228
UniRef90_J3NL98	24.27	298	250
UniRef90_E3R118	22.27	298	240
UniRef90_A0A0B4EAP0	27.54	298	247
UniRef90_T5ABQ4	27.62	298	484
UniRef90_A0A074VFD7	24.50	298	272
UniRef90_A0A0G2FNL0	28.02	298	243
UniRef90_B2ADX1	21.52	298	266
UniRef90_A0A0M0UH73	21.61	298	269
UniRef90_S3D5I9	20.45	298	313
UniRef90_A0A074WRL1	22.27	298	215
UniRef90_J3NYT6	21.81	298	239
UniRef90_Q0TWP8	21.43	298	269
UniRef90_L2GCS3	25.79	298	246
UniRef90_T0KRR9	22.92	298	259
UniRef90_S3D0K7	24.60	298	237
UniRef90_N4UXS2	22.41	298	254
UniRef90_L2GC81	23.93	298	241
UniRef90_R4XCU3	22.03	298	248
UniRef90_E9EI18	25.63	298	208
UniRef90_A0A0C9LMH5	23.85	298	283
UniRef90_B2B6C6	25.39	298	268
UniRef90_K1WMB5	24.80	298	304
UniRef90_K1WBL7	22.03	298	316
UniRef90_G9MX32	26.89	298	269
UniRef90_N4V532	22.36	298	241
UniRef90_A0A0C3E3J8	23.73	298	226
UniRef90_Q2GWW6	25.96	298	283
UniRef90_F9WWX8	21.09	298	267
UniRef90_A0A0B2WLR2	22.73	298	252
UniRef90_V5IL74	20.96	298	310
UniRef90_W3XQ26	23.97	298	241
UniRef90_A0A010S2U1	25.42	298	245
UniRef90_L7J8X3	23.89	298	241
UniRef90_W9XDL6	24.10	298	184
UniRef90_N4W714	24.36	298	214
UniRef90_H1VMS0	22.22	298	241
UniRef90_A0A0F9XF18	25.31	298	268
UniRef90_G9NIK5	25.30	298	260
UniRef90_C9SXP4	22.88	298	275
UniRef90_A0A067PDS0	24.09	298	313
UniRef90_A0A084PGU3	24.04	298	203
UniRef90_A0A0C1E6U2	25.81	298	256
UniRef90_A0A010RSE5	23.93	298	240
UniRef90_A0A084FY25	21.88	298	246
UniRef90_R0KJX1	23.18	298	250
UniRef90_E9F6S4	23.05	298	267
UniRef90_A0A0C1E276	22.94	298	302
UniRef90_R7S4R3	22.04	298	254
UniRef90_R1GEN1	23.79	298	233
UniRef90_E9DTD7	23.50	298	266
UniRef90_A0A0F9X539	23.29	298	256
UniRef90_A0A0B7KDK0	25.63	298	243
UniRef90_A0A0A1SS29	24.36	298	269
UniRef90_A0A0B4HV99	24.36	298	262
UniRef90_G9N1K7	23.19	298	257
UniRef90_W3XRC8	23.83	298	237
UniRef90_F7W2P8	21.78	298	207
UniRef90_V2YBC5	21.40	298	260
UniRef90_R7SZH5	24.17	298	242
UniRef90_G0RXK8	24.79	298	268
UniRef90_A0A0F7ZUY9	23.28	298	338
UniRef90_A0A0F7ZJJ5	25.74	298	533
UniRef90_N1PFG1	18.83	298	241
UniRef90_E2LCW7	18.85	298	222
UniRef90_A0A0D1ZYX3	20.23	298	278
UniRef90_A0A0B2WQ47	23.93	298	269
UniRef90_A0A0C4EGE8	22.18	298	257
UniRef90_T4ZZ71	24.30	298	326
UniRef90_A0A0B7KD27	26.86	298	241
UniRef90_Q00668	24.15	298	305
UniRef90_A0A060SAI6	24.41	298	243
UniRef90_N4VYM0	22.37	298	217
UniRef90_L7JJZ6	24.15	298	242
UniRef90_G0RQQ6	25.31	298	260
UniRef90_B5DCI4	21.46	298	288
UniRef90_G9NUZ0	22.13	298	296
UniRef90_UPI00044095FE	29.60	298	244
UniRef90_UPI000444A508	24.24	298	225
UniRef90_A0A010RN45	21.12	298	241
UniRef90_F0ULJ3	26.87	298	617
UniRef90_L7JNH0	22.69	298	261
UniRef90_A0A0G2FQS4	24.32	298	202
UniRef90_B6Q882	23.44	298	257
UniRef90_L2FIA7	23.73	298	677
UniRef90_A0A0G0ASQ0	21.61	298	298
UniRef90_E2LQ53	25.67	298	206
UniRef90_A0A067PTQ8	26.52	298	241
UniRef90_A0A0B7KDF3	20.78	298	255
UniRef90_UPI0004624410	23.72	298	241
UniRef90_K1WF36	27.03	298	235
UniRef90_M3CLX5	22.51	298	246
UniRef90_A0A0C3H4I3	20.24	298	255
UniRef90_A0A0D0BZ96	25.59	298	267
UniRef90_E3RHH6	19.91	298	300
UniRef90_A0A0L9SQ42	23.69	298	326
UniRef90_J3P0N1	21.90	298	258
UniRef90_A0A098DJY9	21.43	298	227
UniRef90_B8MRF3	21.09	298	257
UniRef90_A0A0D1XK06	24.67	298	245
UniRef90_Q2TX33	22.71	298	205
UniRef90_G4U343	26.99	298	262
UniRef90_M7SCJ0	22.71	298	214
UniRef90_C7ZB07	24.38	298	208
UniRef90_A0A017SPY5	22.27	298	240
UniRef90_A0A0L0HBA3	23.48	298	253
UniRef90_A0A0L6WHF0	22.22	298	252
UniRef90_UPI0004414A6E	24.58	298	224
UniRef90_C9K7G8	21.55	298	230
UniRef90_A0A0K8LCE0	24.89	298	241
UniRef90_A0A015KB27	20.73	298	233
UniRef90_V2XK94	21.96	298	251
UniRef90_J4I8H4	21.83	298	251
UniRef90_B8NCA0	25.78	298	252
UniRef90_N4ULQ4	24.58	298	244
UniRef90_Q2UAL0	24.39	298	275
UniRef90_A0A0C3S0D8	23.46	298	239
UniRef90_A0A0D0CF42	24.64	298	268
UniRef90_A0A067LYR3	23.08	298	232
UniRef90_G9N5M6	22.75	298	247
UniRef90_A0A0D9MUB3	26.10	298	533
UniRef90_A0A0D0BBU7	26.19	298	281
UniRef90_UPI00044074B7	21.37	298	224
UniRef90_M2QVN4	24.24	298	267
UniRef90_M7SGP9	25.42	298	262
UniRef90_A0A0L0HS54	21.65	298	248
UniRef90_A0A067NHY2	21.96	298	242
UniRef90_F8QGH5	24.46	298	229
UniRef90_S8AXK7	24.31	298	226
UniRef90_A0A0A2J674	20.55	298	251
UniRef90_V2XK72	18.85	298	282
UniRef90_K5UMW4	24.26	298	240
UniRef90_S8FR02	23.63	298	243
UniRef90_A0A0F8B0K7	21.70	298	274
UniRef90_A0A0F8A639	20.90	298	404
UniRef90_G0RU68	22.86	298	185
UniRef90_A0A0L6W7P2	22.67	298	254
UniRef90_A0A0C3GGT6	24.89	298	226
UniRef90_A0A067N0R0	23.14	298	247
UniRef90_UPI0004449392	20.09	298	238
UniRef90_A0A067PAT2	20.83	298	277
UniRef90_G3Y502	22.13	298	230
UniRef90_UPI000440DBD5	21.54	298	260
UniRef90_A0A010S225	25.74	298	245
UniRef90_W3X8V3	24.38	298	253
UniRef90_J3NZQ4	22.98	298	260
UniRef90_A0A0F8DHL2	21.43	298	281
UniRef90_J4GI20	23.61	298	277
UniRef90_A0A024S1F5	22.66	298	248
UniRef90_L2FGR3	21.81	298	244
UniRef90_G7Y1F3	21.54	298	252
UniRef90_A0A067M9N2	24.35	298	228
UniRef90_A0A0D2CGT9	22.18	298	252
UniRef90_A0A0D0DV02	22.37	298	225
UniRef90_A0A0D0CQA6	24.40	298	275
UniRef90_A0A0C3ASR1	24.46	298	255
UniRef90_S8ARU0	20.42	298	310
UniRef90_S8E3N2	23.97	298	274
UniRef90_A0A067NKZ5	23.61	298	255
UniRef90_A0A0A1T8P2	18.55	298	254
UniRef90_A0A0C9WEY7	24.23	298	230
UniRef90_A0A0H2SAD0	20.39	298	297
UniRef90_N4U816	22.69	298	252
UniRef90_B0DVA6	24.59	298	253
UniRef90_A0A066WC37	24.54	298	217
UniRef90_A0A0D0BF98	21.43	298	251
UniRef90_A0A0H2RTM8	21.20	298	319
UniRef90_A0A0D0DGF8	22.27	298	269
UniRef90_A0A0F7ZM62	21.63	298	337
UniRef90_UPI0004418277	26.39	298	230
UniRef90_A0A0K8LAE8	25.00	298	250
UniRef90_A0A075B0B6	22.22	298	640
UniRef90_K5WZ35	23.66	298	269
UniRef90_Q2HHI5	20.88	298	225
UniRef90_G7XCF5	22.27	298	244
UniRef90_A0A0C3CG96	21.37	298	269
UniRef90_A0A0C9ZRU2	27.73	298	278
UniRef90_A0A0G2IED1	25.48	298	209
UniRef90_A0A074S9X1	23.77	298	217
UniRef90_A0A0C2YW31	25.00	298	280
UniRef90_T5ALI1	25.47	298	356
UniRef90_K5WIG9	23.28	298	240
UniRef90_G4UCN3	22.34	298	177
UniRef90_H0ECH0	23.08	298	165
UniRef90_UPI0004411ED4	23.04	298	231
UniRef90_UPI000455E1B7	20.30	298	301
UniRef90_A0A0C3JCR8	24.55	298	246
UniRef90_A0A084Q8Y4	22.40	298	247
UniRef90_G2QUC3	23.51	298	263
UniRef90_UPI0004416C8D	22.53	298	280
UniRef90_W4KDW4	22.78	298	228
UniRef90_F9G5I7	22.69	298	692
UniRef90_A1C5B6	23.17	298	252
UniRef90_R7SV03	21.03	298	243
UniRef90_B8P407	24.19	298	277
UniRef90_A0A0L9SMG7	20.16	298	409
UniRef90_A0A0H2S7E7	24.32	298	295
UniRef90_A0A0D2C4Y7	23.64	298	285
UniRef90_A0A0B7F3U7	24.88	298	223
UniRef90_G1XKB4	20.82	298	294
UniRef90_A0A0F7ZLX1	22.76	298	317
UniRef90_K3WBV1	20.80	298	249
UniRef90_A0A0D2XI92	19.55	298	270
UniRef90_V2W2M1	19.44	298	194
UniRef90_A0A0C9W9V0	21.82	298	273
UniRef90_Q4WEA3	24.22	298	275
UniRef90_F8PEV7	21.70	298	278
UniRef90_W4JZ79	24.26	298	246
UniRef90_A0A0L0HUM0	23.89	298	517
UniRef90_A0A015KWA5	21.37	298	237
UniRef90_K1XHU9	22.58	298	289
UniRef90_A0A0C9TEB3	21.36	298	276
UniRef90_A0A0D2N999	21.96	298	285
UniRef90_Q2H8A8	22.27	298	261
UniRef90_A0A0I9XH57	20.18	298	227
UniRef90_A0A0H2RTN3	22.22	298	277
UniRef90_W3XEP2	24.88	298	215
UniRef90_W4KCK9	22.78	298	314
UniRef90_A0A0C3FAR4	22.41	298	276
UniRef90_A0A067N159	23.18	298	240
UniRef90_J6F169	25.19	298	449
UniRef90_R7S0C8	21.93	298	231
UniRef90_A0A090MIT0	20.73	298	269
UniRef90_R7SIX5	23.67	298	295
UniRef90_S7RNK2	21.81	298	239
UniRef90_H3G5H8	19.91	298	245
UniRef90_A0A0G2E842	27.60	298	442
UniRef90_L8WZJ5	25.44	298	314
UniRef90_G5A444	23.11	298	271
UniRef90_T5AG20	19.07	298	509
UniRef90_A0A0C2WNX6	22.01	298	255
UniRef90_S8C099	23.26	298	263
UniRef90_G9NL56	22.48	298	249
UniRef90_A0A016PSX1	20.95	298	268
UniRef90_A0A0D2CRR9	23.39	298	267
UniRef90_A0A0G2FIW5	23.66	298	167
UniRef90_M5BR77	24.88	298	2437
UniRef90_C7YNC2	19.92	298	271
UniRef90_A0A0E9NJX6	24.88	298	377
UniRef90_A0A0D7BQS3	21.34	298	259
UniRef90_Q5AUV6	29.63	298	183
UniRef90_S7QKD9	21.89	298	177
UniRef90_UPI0004412DFC	21.26	298	258
UniRef90_R1G1K6	19.32	298	190
UniRef90_M2PCT5	23.17	298	443
UniRef90_A0A0D2CDC3	20.70	298	287
UniRef90_A0A0C9TQZ5	23.67	298	209
UniRef90_A0A0G0AS47	23.58	298	242
UniRef90_A5AAF5	21.00	298	281
UniRef90_A0A0G2FM91	20.37	298	247
UniRef90_H3GA33	22.27	298	244
UniRef90_A0A0C3MIM4	25.22	298	310
UniRef90_A0A0C3RWQ1	18.80	298	382
UniRef90_A0A0L0HKP5	23.64	298	296
UniRef90_A0A067BSH2	24.32	298	248
UniRef90_K3WBV0	21.24	298	228
UniRef90_J4ICQ3	20.27	298	432
UniRef90_UPI00044179A1	21.52	298	281
UniRef90_A0A0D2F5D6	18.88	298	295
UniRef90_R9AFL8	25.12	298	356
UniRef90_W2RYS6	24.06	298	193
UniRef90_A0A0A7CN39	21.09	298	236
UniRef90_A0A0D2FJ70	19.68	298	279
UniRef90_UPI0004416847	22.31	298	236
UniRef90_A0A0J0XC00	23.05	298	436
UniRef90_W2KZJ3	20.38	298	280
UniRef90_K3WD30	20.36	298	257
UniRef90_A0A0D9MFI9	21.03	298	226
UniRef90_M2ZI24	17.32	298	173
UniRef90_G4Z2Q9	21.21	298	245
UniRef90_M2R8T7	21.43	298	252
UniRef90_A0A0D2EQD0	20.32	298	159
UniRef90_G4Z2Q2	19.56	298	256
UniRef90_A0A0K6G1S4	23.47	298	217
UniRef90_A0A0C2SQD7	25.00	298	251
UniRef90_A0A0C3BCH8	24.46	298	229
UniRef90_G4Z2Q3	20.52	298	225
UniRef90_E2LIX6	28.76	298	161
UniRef90_A0A067NL29	20.83	298	247
UniRef90_D8PX36	23.72	298	320
UniRef90_A0A067PEJ6	23.43	298	361
UniRef90_X8IWW7	22.65	298	309
UniRef90_J4VZH4	21.43	298	225
UniRef90_M2RD72	20.50	298	244
UniRef90_W7N2E0	20.73	298	271
UniRef90_W2ZP60	20.19	298	300
UniRef90_A2R6N5	22.07	298	214
UniRef90_G4ZCB7	20.95	298	252
UniRef90_F9XGA4	21.78	298	280
UniRef90_J6F9L8	22.50	298	418
UniRef90_A0A0F8A2R3	23.62	298	221
UniRef90_A0A080Z3Q5	18.58	298	243
UniRef90_A0A0H2S2X7	23.01	298	275
UniRef90_A0A0L6WJ47	20.07	298	282
UniRef90_D0N8X3	18.03	298	249
UniRef90_H0EZ44	21.46	298	159
UniRef90_A0A074S6Q2	23.85	298	295
UniRef90_R1EXB2	23.56	298	184
UniRef90_L2FIL3	23.50	298	182
UniRef90_A0A024TR98	23.48	298	298
UniRef90_A0A0L9T0T4	23.72	298	549
UniRef90_A0A067PH91	24.06	298	360
UniRef90_A0A0C3NZA1	21.76	298	293
UniRef90_E7A211	21.82	298	408
UniRef90_H3GUM0	18.14	298	245
UniRef90_D8QAD1	22.43	298	260
UniRef90_G4TF47	24.14	298	295
UniRef90_A0A0A2I8U6	25.13	298	808
UniRef90_A0A074VLD2	22.73	298	243
UniRef90_J5TSX2	19.81	298	562
UniRef90_A0A0C3MIL9	25.70	298	311
UniRef90_A0A0B7FXP6	23.29	298	295
UniRef90_A0A0B4GA53	23.53	298	265
UniRef90_W2QGT7	18.95	298	252
UniRef90_V2X6M8	22.22	298	275
UniRef90_G1XNL7	22.37	298	286
UniRef90_L8X2R3	22.03	298	319
UniRef90_A0A0C2SS05	20.43	298	289
UniRef90_Q0UF04	23.51	298	272
UniRef90_A0A0D7BMG8	23.58	298	290
UniRef90_W4JVD1	21.10	298	298
UniRef90_W3VMG8	20.66	298	410
UniRef90_A0A0C9XB01	21.15	298	292
UniRef90_A0A094G3Z1	21.86	298	298
UniRef90_A1D8W4	21.60	298	298
UniRef90_UPI0004623D8F	21.74	298	299
UniRef90_R9P5G4	20.50	298	394
UniRef90_A0A0K6FSQ9	22.08	298	305
UniRef90_S8BRZ5	21.97	298	289
UniRef90_A0A0F7ZKF6	17.01	298	317
UniRef90_M2QYC8	22.27	298	304
UniRef90_A0A067PB96	22.22	298	181
UniRef90_UPI0004412B68	27.02	298	290
UniRef90_T0PIC0	23.61	298	249
UniRef90_E3R0N6	20.66	298	268
UniRef90_A0A0C3C7M4	21.01	298	376
UniRef90_N1PWD2	21.26	298	276
UniRef90_K3WVQ8	20.09	298	288
UniRef90_H3H364	21.43	298	257
UniRef90_A0A067Q289	20.40	298	315
UniRef90_A0A0F9WX80	22.79	298	298
UniRef90_G4Z525	19.82	298	245
UniRef90_A0A0L9T0F0	21.55	298	461
UniRef90_A0A0D1XJU2	20.44	298	280
UniRef90_A0A067N000	21.90	298	302
UniRef90_A0A080ZLC3	17.43	298	255
UniRef90_A8P0W1	24.35	298	304
UniRef90_K3WVQ7	18.39	298	239
UniRef90_Q9HGX3	21.88	298	284
UniRef90_R7SJY6	20.18	298	301
UniRef90_A0A067PAZ7	23.08	298	361
UniRef90_E2LZ55	18.14	298	240
UniRef90_A0A0D2P5H6	20.34	298	378
UniRef90_A0A0G2EYC3	21.11	298	181
UniRef90_E4ZTC2	19.90	298	188
