UniRef90_B5RK32	99.28	556	598
UniRef90_A0A0B5IT33	89.21	556	599
UniRef90_B5ABD8	83.60	556	599
UniRef90_D0VX20	76.90	556	558
UniRef90_D9MPF2	74.73	556	600
UniRef90_B2VKN7	74.46	556	599
UniRef90_V5Z7U6	73.74	556	599
UniRef90_A0A068ZB23	73.65	556	599
UniRef90_D4I385	73.02	556	599
UniRef90_Q6XNK6	72.30	556	598
UniRef90_V2UZ32	70.32	556	603
UniRef90_A0A094RZC6	68.83	556	603
UniRef90_M1E1F6	69.62	556	584
UniRef90_V2TXI1	67.81	556	564
UniRef90_UPI0004789631	64.45	556	598
UniRef90_UPI00066866FB	59.03	556	606
UniRef90_A0A0C4WSL5	58.23	556	601
UniRef90_UPI000478A2EE	58.06	556	602
UniRef90_A0A0C4WT06	57.87	556	600
UniRef90_C1DMP8	57.87	556	600
UniRef90_UPI0003675C9A	57.27	556	560
UniRef90_A0A0G4JVS5	57.25	556	580
UniRef90_UPI00055A3C82	55.07	556	580
UniRef90_Q1INN0	54.97	556	582
UniRef90_UPI000472ABDD	54.82	556	565
UniRef90_UPI000467B451	55.35	556	559
UniRef90_J2HBB0	52.54	556	557
UniRef90_K7SU10	51.91	556	581
UniRef90_UPI0005A1AE07	52.23	556	564
UniRef90_UPI00062C98D1	51.00	556	581
UniRef90_B0T4E0	51.99	556	557
UniRef90_E8WVA1	52.23	556	708
UniRef90_G6XMK1	49.91	556	581
UniRef90_UPI0003FD7D34	51.00	556	559
UniRef90_UPI0006F362C9	51.26	556	563
UniRef90_C1K2X6	52.33	556	568
UniRef90_UPI0004A779B4	51.53	556	556
UniRef90_UPI0005506295	50.18	556	556
UniRef90_UPI00054DE45A	50.00	556	562
UniRef90_UPI0004105494	50.18	556	559
UniRef90_UPI000429070F	49.19	556	556
UniRef90_I3ZC78	49.82	556	552
UniRef90_UPI0006481CAC	49.73	556	557
UniRef90_UPI00041332E6	49.28	556	565
UniRef90_R6VM48	49.10	556	555
UniRef90_UPI000489F3D0	49.11	556	560
UniRef90_UPI0005D18054	48.12	556	558
UniRef90_A0A0K8N3L2	48.01	556	583
UniRef90_P29094	48.75	556	562
UniRef90_UPI000360C060	48.19	556	560
UniRef90_U2DEX5	47.13	556	558
UniRef90_A0A089IG38	46.96	556	562
UniRef90_UPI00028957C8	46.43	556	560
UniRef90_UPI0005D1095B	48.29	556	560
UniRef90_R9L728	48.13	556	558
UniRef90_N4WIK8	49.37	556	561
UniRef90_UPI0006D3A9E3	48.11	556	558
UniRef90_R7JSX2	47.38	556	556
UniRef90_UPI00069EF18B	47.94	556	561
UniRef90_R9JCN5	48.36	556	555
UniRef90_UPI00040B1A70	47.04	556	561
UniRef90_UPI0003A58A3E	46.86	556	554
UniRef90_V4Q0N6	49.00	556	553
UniRef90_UPI00036D1FC2	47.30	556	560
UniRef90_R9MYY1	48.01	556	554
UniRef90_N2A4L0	48.09	556	555
UniRef90_A0A0B2F7B7	47.94	556	561
UniRef90_U2EFK6	48.01	556	554
UniRef90_D3T6Z8	48.21	556	556
UniRef90_E0IFF6	46.67	556	558
UniRef90_A0A0D6MLJ2	47.37	556	583
UniRef90_R9KZU5	47.39	556	558
UniRef90_C0BYS3	47.22	556	558
UniRef90_Q45517	47.96	556	587
UniRef90_W4CGP3	46.69	556	560
UniRef90_A0A0E4CV25	46.07	556	562
UniRef90_A0A074MBV8	46.69	556	561
UniRef90_B8D0R2	46.96	556	562
UniRef90_A0A0M2PQ84	46.31	556	560
UniRef90_UPI0003A348A7	46.96	556	559
UniRef90_A0A0E4CVU5	47.42	556	562
UniRef90_F5L307	48.03	556	563
UniRef90_V4NNM3	48.46	556	539
UniRef90_C6LA92	46.35	556	574
UniRef90_UPI000363B9C6	47.05	556	562
UniRef90_UPI00036E3DD5	45.92	556	555
UniRef90_X4ZV79	46.62	556	567
UniRef90_A0A0A8X3C7	46.22	556	560
UniRef90_R7I7E7	47.74	556	557
UniRef90_A0A098MAG5	47.38	556	553
UniRef90_B9MM85	48.11	556	557
UniRef90_F4QNP7	51.08	556	537
UniRef90_UPI00064DF19B	47.21	556	560
UniRef90_UPI00064DF225	46.21	556	559
UniRef90_A0A0M0LCC7	46.42	556	564
UniRef90_A0A0K9GXM6	45.60	556	561
UniRef90_V4NIV7	47.73	556	537
UniRef90_N2AY69	47.61	556	569
UniRef90_R9KVZ0	50.29	556	557
UniRef90_M1Z4B0	46.76	556	558
UniRef90_A0A0C2VQ89	45.31	556	560
UniRef90_L0K7N2	46.22	556	559
UniRef90_UPI0006E1A97E	45.78	556	561
UniRef90_A4XM70	47.76	556	556
UniRef90_UPI0003689FED	46.51	556	558
UniRef90_A0A089HKK8	46.24	556	562
UniRef90_UPI000225BB83	45.77	556	558
UniRef90_UPI000406031A	47.31	556	561
UniRef90_A0A0A5GIM8	47.67	556	561
UniRef90_C9LA36	45.74	556	554
UniRef90_A7GS42	47.23	556	559
UniRef90_R9MBW4	47.37	556	556
UniRef90_UPI0005634BB2	46.14	556	555
UniRef90_R0ARC6	46.28	556	553
UniRef90_UPI000225BE5F	46.13	556	560
UniRef90_R4K664	45.57	556	559
UniRef90_P21332	46.40	556	558
UniRef90_UPI00047E7AB6	47.92	556	556
UniRef90_A0A0D6Z603	45.59	556	561
UniRef90_A0A0H4LEG1	46.75	556	567
UniRef90_A0A089M4R8	46.88	556	562
UniRef90_R7R2H2	47.11	556	556
UniRef90_UPI00047A4ACD	45.59	556	558
UniRef90_UPI0004651D4D	46.73	556	560
UniRef90_N2AUS1	46.28	556	554
UniRef90_A0A089HYA8	46.15	556	562
UniRef90_U2CAK9	48.56	556	588
UniRef90_L0KAB6	46.15	556	562
UniRef90_A0A0H3JA56	45.59	556	560
UniRef90_A0A089IF17	45.80	556	560
UniRef90_B2THZ4	45.74	556	553
UniRef90_UPI00047E6D01	45.60	556	558
UniRef90_UPI0005098F3E	46.04	556	559
UniRef90_A0A090XUH5	45.50	556	560
UniRef90_R5CG51	46.39	556	555
UniRef90_B0G7D4	44.97	556	552
UniRef90_UPI0006D55F85	46.67	556	541
UniRef90_X4ZPN9	45.96	556	562
UniRef90_R6RH47	46.46	556	555
UniRef90_UPI0004847169	48.26	556	553
UniRef90_R6H4S5	47.68	556	555
UniRef90_UPI00051BDB77	46.75	556	552
UniRef90_UPI00050969D5	45.59	556	559
UniRef90_UPI00030D6D96	45.55	556	558
UniRef90_D9R657	48.00	556	557
UniRef90_A6CSL5	47.98	556	544
UniRef90_UPI00051AF151	45.42	556	554
UniRef90_UPI0004009B89	45.42	556	558
UniRef90_X4Z8G5	45.70	556	562
UniRef90_A0A0D5NIZ0	44.54	556	566
UniRef90_UPI00047E00B0	46.65	556	557
UniRef90_UPI00067E8F39	48.46	556	553
UniRef90_C2WBL8	47.04	556	565
UniRef90_U2E9T9	47.20	556	558
UniRef90_UPI0004DB6B81	45.74	556	559
UniRef90_UPI00036F6EAD	44.90	556	563
UniRef90_UPI00046E8123	45.00	556	564
UniRef90_UPI00037C68BC	45.78	556	562
UniRef90_A0A0D5NDG3	46.68	556	562
UniRef90_I0JL01	44.29	556	565
UniRef90_UPI0003F76285	45.99	556	556
UniRef90_M1MC65	45.32	556	560
UniRef90_I7J4X3	47.46	556	555
UniRef90_M5JAS3	46.35	556	569
UniRef90_UPI0005EDFFAC	46.42	556	557
UniRef90_UPI0003665B89	45.42	556	560
UniRef90_A0A010Z7C8	47.02	556	563
UniRef90_A0A076W4V4	46.69	556	558
UniRef90_UPI0003FB6B9F	46.52	556	564
UniRef90_A0A0A5GEB8	45.55	556	565
UniRef90_F5LNK8	46.70	556	1113
UniRef90_H8GWN1	46.09	556	566
UniRef90_A0A011A2Y0	47.92	556	552
UniRef90_UPI0003FA59F7	45.11	556	557
UniRef90_V2Y9V8	47.65	556	552
UniRef90_UPI0005583D54	46.21	556	558
UniRef90_UPI00040EAD66	45.60	556	558
UniRef90_B8CWN3	46.33	556	563
UniRef90_R5UM10	46.43	556	560
UniRef90_A0A0J5GLN4	44.17	556	560
UniRef90_UPI0004B1D01F	46.75	556	564
UniRef90_D9RYQ2	47.56	556	556
UniRef90_A5ZY12	45.27	556	560
UniRef90_W8YZE1	46.22	556	577
UniRef90_A0A0M2SRF1	46.15	556	559
UniRef90_UPI000414ED9F	46.07	556	560
UniRef90_UPI0006D58B9B	45.47	556	568
UniRef90_UPI0006DCA442	47.04	556	562
UniRef90_UPI0004AE8330	45.34	556	560
UniRef90_UPI0002891CED	44.96	556	558
UniRef90_A0A0M0EPM8	45.96	556	560
UniRef90_A0A0D3VEF6	45.80	556	560
UniRef90_A0A0N0H5S9	45.78	556	562
UniRef90_A0A0K9NFF2	47.29	556	553
UniRef90_UPI000372ECD4	46.04	556	555
UniRef90_UPI00048C46C5	45.41	556	559
UniRef90_A0A0C2VCP1	46.03	556	558
UniRef90_C7G9C2	44.60	556	585
UniRef90_A0A0A6VJ28	45.32	556	563
UniRef90_A0A0B0HSR4	44.72	556	561
UniRef90_D3FVM1	45.68	556	559
UniRef90_A0A098F7W9	45.36	556	559
UniRef90_F7K5E4	45.59	556	561
UniRef90_F8FEA2	45.16	556	593
UniRef90_A0A090Z791	45.32	556	562
UniRef90_E5WDU0	48.82	556	558
UniRef90_UPI0003F9034F	44.60	556	561
UniRef90_W3AM11	44.42	556	554
UniRef90_UPI000300BEAA	48.82	556	558
UniRef90_A0A0M9GQ22	45.95	556	558
UniRef90_F8F4X1	45.96	556	562
UniRef90_D7VFY4	46.15	556	567
UniRef90_S3FMH8	45.13	556	549
UniRef90_Q4LAE4	47.57	556	572
UniRef90_R5I9X5	44.38	556	557
UniRef90_UPI0004079F01	45.23	556	569
UniRef90_A0A090YKY5	44.82	556	558
UniRef90_UPI0005CA7B49	45.60	556	557
UniRef90_A0A0D2UUA7	45.44	556	563
UniRef90_UPI00067D56B3	44.52	556	565
UniRef90_C4GDA2	45.86	556	606
UniRef90_UPI0004E2013A	46.86	556	547
UniRef90_A0A084HEM1	45.16	556	560
UniRef90_A0A0L0QW21	44.50	556	559
UniRef90_K6TGT9	45.59	556	546
UniRef90_UPI00068490D6	47.21	556	571
UniRef90_R9LLD6	45.23	556	562
UniRef90_R5R656	45.01	556	551
UniRef90_UPI00040D7024	45.78	556	561
UniRef90_UPI000684144C	43.84	556	579
UniRef90_A0A0J1G156	46.75	556	553
UniRef90_A0A0M4GR70	45.06	556	561
UniRef90_R4K660	44.78	556	561
UniRef90_UPI00034AB73A	45.95	556	550
UniRef90_UPI0004BA1DFF	45.68	556	558
UniRef90_A0A0A2USA3	45.88	556	561
UniRef90_UPI0006190735	44.54	556	569
UniRef90_A0A0F2S6X2	45.89	556	564
UniRef90_A8RLX1	46.05	556	570
UniRef90_S0FEY4	45.44	556	562
UniRef90_E4RK20	46.56	556	555
UniRef90_UPI0003FF1805	44.82	556	563
UniRef90_E6TXF9	45.14	556	553
UniRef90_E6LSF1	46.39	556	557
UniRef90_UPI0004290667	44.52	556	556
UniRef90_UPI000619232C	44.46	556	570
UniRef90_UPI00051B197D	46.83	556	562
UniRef90_R6RGZ3	45.84	556	554
UniRef90_W4QSZ2	45.06	556	555
UniRef90_D4CQ81	45.06	556	563
UniRef90_UPI0004024591	44.64	556	565
UniRef90_R6B4L0	46.87	556	557
UniRef90_UPI00036E92B3	45.59	556	569
UniRef90_UPI0005D1EF18	44.55	556	555
UniRef90_UPI000287B374	44.60	556	553
UniRef90_A0A089LUV2	45.60	556	558
UniRef90_UPI00047C4A06	45.31	556	552
UniRef90_A0A0L0QTH0	44.78	556	555
UniRef90_K6TNU9	46.65	556	551
UniRef90_UPI0007054057	44.40	556	570
UniRef90_Q9K8U9	45.31	556	561
UniRef90_A0A0F3FWZ2	45.70	556	553
UniRef90_A5KK17	44.98	556	565
UniRef90_UPI00068C2942	45.97	556	574
UniRef90_UPI0001E894EF	45.52	556	560
UniRef90_A0A089ISC5	46.22	556	558
UniRef90_UPI00041AAD97	43.75	556	560
UniRef90_A0A0M4FUJ4	45.05	556	556
UniRef90_A0A0B0D7T1	44.09	556	561
UniRef90_C1D355	45.55	556	568
UniRef90_D4K4L2	45.39	556	552
UniRef90_W4AH08	44.72	556	558
UniRef90_A0A0K9GG08	44.44	556	561
UniRef90_F3S8L1	45.13	556	585
UniRef90_C6JD65	45.19	556	556
UniRef90_UPI00064E0E7E	45.34	556	551
UniRef90_F3M8R0	44.70	556	558
UniRef90_UPI000225B9AF	45.16	556	550
UniRef90_J5GIN4	44.67	556	554
UniRef90_UPI00064A7477	44.28	556	557
UniRef90_U7VC23	44.52	556	549
UniRef90_D3FYW2	45.85	556	561
UniRef90_A0A073K369	44.50	556	558
UniRef90_G0L9I2	45.55	556	564
UniRef90_UPI0006C15BFA	45.03	556	550
UniRef90_UPI00041F1262	45.06	556	557
UniRef90_Q2B447	46.72	556	565
UniRef90_UPI000484F801	45.41	556	545
UniRef90_UPI0005597308	43.42	556	542
UniRef90_UPI0002899F72	44.27	556	566
UniRef90_A0A0E1KXG0	45.06	556	554
UniRef90_G9WNE6	43.55	556	584
UniRef90_R5AJK9	46.71	556	551
UniRef90_C1CYH8	45.74	556	562
UniRef90_UPI00063F3551	44.24	556	563
UniRef90_A0A0D6ZD51	43.55	556	561
UniRef90_A0A0J5GUY8	44.62	556	560
UniRef90_A0A0D6Q6D4	45.21	556	583
UniRef90_UPI00037AD6FC	47.89	556	555
UniRef90_A0A0B5APL3	44.77	556	558
UniRef90_G7M061	45.08	556	563
UniRef90_UPI0002E8A37D	45.49	556	546
UniRef90_UPI000487A0A9	45.52	556	554
UniRef90_K0J3W1	46.13	556	553
UniRef90_A0A0D5NGM0	45.50	556	557
UniRef90_UPI000472D531	45.06	556	558
UniRef90_A0A0B0II03	45.36	556	557
UniRef90_UPI0005555775	44.88	556	556
UniRef90_A0A0B0DBK2	44.60	556	566
UniRef90_B0G804	44.62	556	565
UniRef90_Q8CZD6	45.23	556	552
UniRef90_UPI0004BADAA4	44.27	556	562
UniRef90_A0A0C2RLA6	44.06	556	564
UniRef90_UPI000482AF1D	43.45	556	553
UniRef90_UPI000558F7AA	43.71	556	557
UniRef90_C9KJ10	44.66	556	561
UniRef90_UPI0006F2EAA0	44.27	556	558
UniRef90_A0A0C1F614	45.67	556	581
UniRef90_L1QEE3	44.50	556	554
UniRef90_D9TT11	44.90	556	560
UniRef90_A3XGN3	45.37	556	582
UniRef90_W8F6C6	46.59	556	584
UniRef90_E6U2M6	45.21	556	556
UniRef90_A0A0J1FBR9	44.58	556	591
UniRef90_Q45101	45.80	556	555
UniRef90_D5DEX7	44.80	556	562
UniRef90_UPI00064D829F	44.96	556	551
UniRef90_M1N5S4	44.86	556	546
UniRef90_UPI0003B748A0	45.24	556	559
UniRef90_UPI0004708F94	43.74	556	558
UniRef90_A0A0J5GMM7	45.05	556	557
UniRef90_R6G6C8	45.05	556	553
UniRef90_UPI0005C7FB09	44.93	556	543
UniRef90_UPI0003B63111	44.70	556	555
UniRef90_UPI0002E6AA72	45.91	556	577
UniRef90_Q5P8D5	46.06	556	562
UniRef90_UPI000490AF9C	45.68	556	561
UniRef90_U5LGV8	44.32	556	551
UniRef90_F3B1Q8	46.65	556	554
UniRef90_F3NTS7	45.12	556	566
UniRef90_UPI00068820EA	44.22	556	568
UniRef90_X0QQW1	42.47	556	564
UniRef90_UPI0002FB097D	45.82	556	552
UniRef90_A0A0K0GAN1	44.80	556	556
UniRef90_E5WC32	43.19	556	561
UniRef90_A0A073KAG7	45.24	556	562
UniRef90_UPI00056F7D7B	45.16	556	564
UniRef90_UPI0006E4287A	45.05	556	555
UniRef90_UPI0004263150	43.75	556	557
UniRef90_A0A0M0GGS9	43.55	556	561
UniRef90_A0A0J6FQ48	44.46	556	554
UniRef90_F3AQ99	43.92	556	551
UniRef90_C5D6I1	45.70	556	554
UniRef90_UPI000400574A	46.44	556	559
UniRef90_UPI000255506C	45.44	556	555
UniRef90_W4D9J9	44.80	556	620
UniRef90_F8FB12	44.58	556	585
UniRef90_G2Z4B5	45.05	556	578
UniRef90_A0A089NF04	45.11	556	543
UniRef90_A0A0K9GF98	45.21	556	551
UniRef90_A0A0J1EZ35	44.44	556	560
UniRef90_A0A023DIB9	46.59	556	554
UniRef90_UPI0004055100	45.74	556	558
UniRef90_UPI00047B0FC9	44.48	556	557
UniRef90_B5CSI7	43.88	556	566
UniRef90_A0A0A8GNN8	44.90	556	564
UniRef90_A0A090IU67	47.89	556	557
UniRef90_A0A0H4KHS7	44.78	556	555
UniRef90_UPI0003F60C99	44.62	556	551
UniRef90_A0A0A2TXX6	44.29	556	560
UniRef90_F4B3F2	44.11	556	564
UniRef90_U6BAZ2	44.40	556	556
UniRef90_A0A0A1MQ29	45.16	556	551
UniRef90_UPI000289FCF1	44.68	556	548
UniRef90_A0A0M1J085	45.08	556	554
UniRef90_A0A076W4L6	44.78	556	554
UniRef90_UPI00050972A4	43.81	556	553
UniRef90_UPI000470AD13	44.24	556	560
UniRef90_UPI000426F1EC	44.34	556	558
UniRef90_S9PLM0	45.06	556	565
UniRef90_G7M638	44.95	556	546
UniRef90_A0A0N1F0L8	46.92	556	550
UniRef90_A0A087PP38	44.04	556	583
UniRef90_UPI00067E88C4	43.27	556	560
UniRef90_A0A089L160	45.88	556	562
UniRef90_UPI0006A784DD	44.06	556	560
UniRef90_M8E1D9	45.26	556	554
UniRef90_UPI0003760865	44.22	556	552
UniRef90_UPI0005C95197	44.06	556	560
UniRef90_UPI0006D5AB9B	43.75	556	567
UniRef90_A0A089JCM5	44.93	556	543
UniRef90_K6TQA4	44.96	556	545
UniRef90_G7M771	44.42	556	547
UniRef90_UPI000306FCBA	44.09	556	563
UniRef90_W4AHQ8	44.52	556	557
UniRef90_F6IWT3	45.00	556	558
UniRef90_A0A0A2V349	45.31	556	553
UniRef90_A0A0K1ITR7	45.11	556	568
UniRef90_I6T683	43.92	556	541
UniRef90_U4PGN5	43.88	556	565
UniRef90_UPI0006FE21CD	43.86	556	542
UniRef90_A7GKQ4	44.36	556	554
UniRef90_UPI000363B0BC	44.74	556	564
UniRef90_UPI0005099853	44.67	556	542
UniRef90_N4WMC6	45.03	556	555
UniRef90_C7CZ95	44.85	556	542
UniRef90_UPI0004BF13C8	44.39	556	566
UniRef90_UPI0005EFB028	44.70	556	555
UniRef90_A0A089N931	44.02	556	549
UniRef90_V9HI64	43.01	556	554
UniRef90_UPI0003F87CAA	44.46	556	552
UniRef90_UPI0004B33CF8	44.01	556	554
UniRef90_UPI00047AB3EA	44.06	556	554
UniRef90_E0RDK5	44.19	556	565
UniRef90_A0A0M4GBD2	44.60	556	561
UniRef90_I0JQU3	45.44	556	551
UniRef90_E4TKH0	43.88	556	548
UniRef90_UPI0004732558	44.06	556	554
UniRef90_UPI00036E177C	45.28	556	567
UniRef90_A0A037Z3U6	42.09	556	557
UniRef90_C4KYY2	46.33	556	568
UniRef90_G2FXE5	42.71	556	585
UniRef90_UPI0004276672	44.62	556	553
UniRef90_UPI00047C6EA4	44.70	556	556
UniRef90_W1SP53	44.91	556	557
UniRef90_W4QJL8	43.81	556	553
UniRef90_A0A0D3VGG1	44.21	556	564
UniRef90_UPI0003FD4DDB	43.71	556	558
UniRef90_E6LE80	44.48	556	542
UniRef90_A0A077J2R8	45.24	556	555
UniRef90_A0A075JWN3	43.32	556	560
UniRef90_S0SBW6	43.01	556	542
UniRef90_H1DKL6	44.09	556	566
UniRef90_B0MX78	45.24	556	568
UniRef90_UPI0002D8CED3	45.41	556	553
UniRef90_K2H3I9	43.09	556	556
UniRef90_A0A0D7X7N8	43.30	556	551
UniRef90_G8SAN8	43.79	556	566
UniRef90_K0AB09	43.50	556	564
UniRef90_C0CQ53	44.31	556	558
UniRef90_UPI0006CA39B0	44.17	556	563
UniRef90_C7PIX4	45.50	556	604
UniRef90_A0A024FGX0	44.86	556	553
UniRef90_D3FPY2	45.08	556	553
UniRef90_A0A024Q8Y9	44.72	556	552
UniRef90_R9IQH8	43.66	556	541
UniRef90_UPI0003F95580	42.57	556	543
UniRef90_UPI0005D0EF24	44.70	556	554
UniRef90_UPI0002FBD98E	45.71	556	559
UniRef90_A0A0A2TEQ0	44.44	556	555
UniRef90_A0A0J5TXJ6	47.47	556	554
UniRef90_L0A5C7	44.31	556	566
UniRef90_UPI0006865564	44.89	556	540
UniRef90_A0A084H6I0	44.86	556	555
UniRef90_UPI000403698E	43.94	556	559
UniRef90_UPI00066CF0A6	46.03	556	542
UniRef90_H6RF36	43.73	556	564
UniRef90_J3EYE5	44.37	556	572
UniRef90_S3GJH8	45.88	556	567
UniRef90_A0A0M0LI16	43.63	556	556
UniRef90_UPI000371FABB	44.30	556	551
UniRef90_UPI0005555CC2	43.30	556	541
UniRef90_Q08RB1	44.70	556	565
UniRef90_A0A0A1S590	44.14	556	553
UniRef90_UPI0005CB2F50	44.33	556	563
UniRef90_B9E9G6	42.70	556	557
UniRef90_A0A098ETX6	44.36	556	556
UniRef90_UPI0003490D0A	44.52	556	552
UniRef90_R2RP14	43.48	556	539
UniRef90_F7K1F7	44.20	556	569
UniRef90_UPI0006690EDA	44.17	556	558
UniRef90_L8JR89	44.02	556	552
UniRef90_UPI0007026D51	46.42	556	567
UniRef90_UPI0004124F8F	44.76	556	561
UniRef90_A7VQN9	45.45	556	589
UniRef90_A0A0E4CYW4	45.99	556	566
UniRef90_UPI000495932B	43.48	556	539
UniRef90_UPI0005575B01	43.09	556	558
UniRef90_V5XLY5	43.12	556	539
UniRef90_UPI00047180CF	46.76	556	555
UniRef90_UPI0002E9EF68	45.49	556	553
UniRef90_UPI0004C35392	44.31	556	564
UniRef90_D5E1C1	44.34	556	555
UniRef90_I0JSF6	44.22	556	553
UniRef90_S6FBK9	43.01	556	554
UniRef90_A0A093UL72	45.95	556	555
UniRef90_E5WH24	42.55	556	553
UniRef90_UPI0005CC0AEF	44.11	556	560
UniRef90_W1SNF2	43.73	556	554
UniRef90_UPI0003F55EA3	43.78	556	555
UniRef90_E3DMP9	45.31	556	554
UniRef90_UPI000370C2E8	44.98	556	563
UniRef90_UPI00055280A5	43.73	556	554
UniRef90_UPI0006EC273C	44.38	556	541
UniRef90_G4HH20	43.63	556	565
UniRef90_A0A0A5FSQ0	43.17	556	560
UniRef90_W4RLN8	44.12	556	550
UniRef90_UPI000409FA92	44.39	556	556
UniRef90_M5P7P1	43.01	556	565
UniRef90_D4M443	43.94	556	563
UniRef90_UPI0005D1095B	47.14	556	560
UniRef90_UPI000489F3D0	48.92	556	560
UniRef90_P29094	48.75	556	562
UniRef90_A0A0N0H5S9	44.80	556	562
UniRef90_UPI000406031A	46.43	556	561
UniRef90_F5LNK8	46.70	556	1113
UniRef90_F5L307	47.58	556	563
UniRef90_A0A0M2PQ84	45.96	556	560
UniRef90_A0A0M0LCC7	46.15	556	564
UniRef90_Q9K8U9	44.95	556	561
UniRef90_UPI00036D1FC2	47.13	556	560
UniRef90_UPI000225BB83	45.34	556	558
UniRef90_UPI00064DF225	45.67	556	559
UniRef90_UPI0003FA59F7	44.75	556	557
UniRef90_UPI000360C060	48.19	556	560
UniRef90_Q45517	46.90	556	587
UniRef90_UPI0003A348A7	46.77	556	559
UniRef90_A0A0A8X3C7	45.26	556	560
UniRef90_M1Z4B0	46.50	556	558
UniRef90_UPI00050969D5	45.16	556	559
UniRef90_UPI0005098F3E	46.04	556	559
UniRef90_UPI00047A4ACD	45.16	556	558
UniRef90_A0A084HEM1	44.88	556	560
UniRef90_UPI0005583D54	45.60	556	558
UniRef90_U2DEX5	47.05	556	558
UniRef90_N4WIK8	49.10	556	561
UniRef90_UPI0003689FED	45.44	556	558
UniRef90_M5JAS3	45.63	556	569
UniRef90_UPI00064DF19B	45.96	556	560
UniRef90_P21332	45.88	556	558
UniRef90_UPI0005D18054	47.58	556	558
UniRef90_UPI0006D58B9B	45.21	556	568
UniRef90_A7GS42	46.58	556	559
UniRef90_UPI000225BE5F	45.60	556	560
UniRef90_A0A0M2SRF1	45.62	556	559
UniRef90_UPI00047E00B0	46.40	556	557
UniRef90_R9L728	47.96	556	558
UniRef90_UPI00028957C8	46.14	556	560
UniRef90_A0A076W4V4	45.62	556	558
UniRef90_A0A0K9GXM6	45.62	556	561
UniRef90_W8YZE1	45.88	556	577
UniRef90_A0A0C2VCP1	45.32	556	558
UniRef90_A0A0D6Z603	45.34	556	561
UniRef90_UPI00040EAD66	45.42	556	558
UniRef90_B8D0R2	46.88	556	562
UniRef90_A0A0M9GQ22	45.41	556	558
UniRef90_A0A0E4CV25	46.25	556	562
UniRef90_A0A0A5FSQ0	43.17	556	560
UniRef90_UPI00067D56B3	44.19	556	565
UniRef90_UPI000558F7AA	43.29	556	557
UniRef90_A0A0M4GR70	44.88	556	561
UniRef90_UPI00040B1A70	47.22	556	561
UniRef90_UPI00048C46C5	44.90	556	559
UniRef90_A0A089IG38	46.44	556	562
UniRef90_A0A0E4CVU5	46.95	556	562
UniRef90_UPI0006E1A97E	45.44	556	561
UniRef90_C2WBL8	45.77	556	565
UniRef90_A0A0L0QW21	44.50	556	559
UniRef90_UPI000363B9C6	46.42	556	562
UniRef90_R7JSX2	46.49	556	556
UniRef90_A0A0B2F7B7	47.94	556	561
UniRef90_UPI000400574A	44.01	556	559
UniRef90_UPI000414ED9F	45.70	556	560
UniRef90_X4Z8G5	45.08	556	562
UniRef90_A0A0D5NIZ0	44.36	556	566
UniRef90_A0A090XUH5	45.32	556	560
UniRef90_A0A089HKK8	45.97	556	562
UniRef90_A0A090YKY5	44.54	556	558
UniRef90_UPI00041AAD97	43.65	556	560
UniRef90_A0A089HYA8	45.81	556	562
UniRef90_UPI0003FD4DDB	43.01	556	558
UniRef90_A0A073K369	44.60	556	558
UniRef90_UPI00069EF18B	47.58	556	561
UniRef90_A0A089M4R8	46.24	556	562
UniRef90_A0A074MBV8	46.25	556	561
UniRef90_UPI00040D7024	45.44	556	561
UniRef90_F8FEA2	44.62	556	593
UniRef90_A0A098F7W9	45.16	556	559
UniRef90_UPI000490AF9C	45.05	556	561
UniRef90_A0A0D5NDG3	46.04	556	562
UniRef90_B9MM85	47.49	556	557
UniRef90_UPI0005CA7B49	44.52	556	557
UniRef90_A0A090Z791	44.72	556	562
UniRef90_F8F4X1	45.80	556	562
UniRef90_A0A098MAG5	46.65	556	553
UniRef90_R6VM48	48.47	556	555
UniRef90_W4CGP3	46.51	556	560
UniRef90_A0A0A2USA3	45.34	556	561
UniRef90_W1SP53	44.60	556	557
UniRef90_C6LA92	45.80	556	574
UniRef90_L0K7N2	45.88	556	559
UniRef90_A0A0B5APL3	44.06	556	558
UniRef90_A6CSL5	46.58	556	544
UniRef90_UPI0005EDFFAC	45.54	556	557
UniRef90_Q2B447	44.48	556	565
UniRef90_A0A0M0EPM8	45.70	556	560
UniRef90_E0IFF6	46.40	556	558
UniRef90_A0A0D2UUA7	45.18	556	563
UniRef90_UPI00046E8123	44.31	556	564
UniRef90_J5GIN4	44.50	556	554
UniRef90_E5WDU0	46.04	556	558
UniRef90_A4XM70	47.41	556	556
UniRef90_A0A0B0HSR4	44.52	556	561
UniRef90_UPI0004BADAA4	43.91	556	562
UniRef90_C9LA36	44.96	556	554
UniRef90_M1MC65	44.80	556	560
UniRef90_UPI0004290667	44.68	556	556
UniRef90_UPI000300BEAA	46.04	556	558
UniRef90_C0BYS3	47.21	556	558
UniRef90_A0A0C2VQ89	44.78	556	560
UniRef90_A0A089IF17	45.28	556	560
UniRef90_N2AY69	45.84	556	569
UniRef90_UPI00063F3551	44.17	556	563
UniRef90_UPI0003FF1805	44.32	556	563
UniRef90_UPI00036F6EAD	44.64	556	563
UniRef90_A0A0K9GG08	44.03	556	561
UniRef90_UPI0004B1D01F	45.99	556	564
UniRef90_UPI00047B0FC9	43.83	556	557
UniRef90_UPI0003F9034F	44.42	556	561
UniRef90_UPI000619232C	43.94	556	570
UniRef90_R6RH47	46.01	556	555
UniRef90_A0A0D6ZD51	43.29	556	561
UniRef90_D9RYQ2	47.47	556	556
UniRef90_UPI00036E3DD5	45.75	556	555
UniRef90_A0A0B0D7T1	44.09	556	561
UniRef90_UPI0006190735	44.04	556	569
UniRef90_N2A4L0	48.09	556	555
UniRef90_A0A0A6VJ28	45.14	556	563
UniRef90_U2EFK6	48.03	556	554
UniRef90_A0A0H3JA56	45.59	556	560
UniRef90_UPI00047E7AB6	47.57	556	556
UniRef90_A0A0A5GIM8	47.13	556	561
UniRef90_D9TT11	44.29	556	560
UniRef90_R9KZU5	47.21	556	558
UniRef90_UPI00037C68BC	45.42	556	562
UniRef90_UPI000372ECD4	46.04	556	555
UniRef90_UPI0005D1EF18	44.26	556	555
UniRef90_A0A0D3VEF6	45.24	556	560
UniRef90_E5WC32	43.11	556	561
UniRef90_R9JCN5	47.93	556	555
UniRef90_X4ZV79	46.45	556	567
UniRef90_A0A010Z7C8	47.02	556	563
UniRef90_R4K660	44.70	556	561
UniRef90_R9KVZ0	47.31	556	557
UniRef90_B2THZ4	45.57	556	553
UniRef90_R9MYY1	47.73	556	554
UniRef90_R6RGZ3	43.45	556	554
UniRef90_A0A0L0QTH0	44.19	556	555
UniRef90_UPI00067E88C4	42.58	556	560
UniRef90_UPI00041332E6	48.83	556	565
UniRef90_D3T6Z8	47.76	556	556
UniRef90_A0A0M0GGS9	43.29	556	561
UniRef90_UPI0006A784DD	43.24	556	560
UniRef90_UPI0006D3A9E3	47.85	556	558
UniRef90_A0A0J5GMM7	44.77	556	557
UniRef90_F3B1Q8	44.04	556	554
UniRef90_A5ZY12	45.14	556	560
UniRef90_R7R2H2	46.93	556	556
UniRef90_R0ARC6	46.03	556	553
UniRef90_R6H4S5	45.27	556	555
UniRef90_UPI0006D55F85	46.40	556	541
UniRef90_X4ZPN9	45.54	556	562
UniRef90_UPI00047C6EA4	43.93	556	556
UniRef90_R5R656	44.96	556	551
UniRef90_UPI00030D6D96	45.50	556	558
UniRef90_D3FYW2	45.49	556	561
UniRef90_E6LSF1	44.22	556	557
UniRef90_R9MBW4	47.20	556	556
UniRef90_UPI0002891CED	44.88	556	558
UniRef90_E6U2M6	44.44	556	556
UniRef90_K0AB09	43.24	556	564
UniRef90_U2E9T9	45.21	556	558
UniRef90_C1D355	45.78	556	568
UniRef90_V2Y9V8	44.77	556	552
UniRef90_R5UM10	44.70	556	560
UniRef90_A0A0J5GUY8	44.46	556	560
UniRef90_U6BAZ2	44.14	556	556
UniRef90_R5CG51	45.88	556	555
UniRef90_R4K664	45.32	556	559
UniRef90_I7J4X3	46.86	556	555
UniRef90_N2AUS1	46.20	556	554
UniRef90_UPI0004651D4D	46.14	556	560
UniRef90_K6TGT9	44.88	556	546
UniRef90_D9R657	47.72	556	557
UniRef90_D3FVM1	45.31	556	559
UniRef90_A0A0J1G156	43.45	556	553
UniRef90_UPI000225B9AF	44.72	556	550
UniRef90_C5D6I1	45.26	556	554
UniRef90_UPI0003F76285	45.06	556	556
UniRef90_UPI0003665B89	45.26	556	560
UniRef90_M8E1D9	44.72	556	554
UniRef90_A0A0B0DBK2	44.21	556	566
UniRef90_U2CAK9	46.58	556	588
UniRef90_R7I7E7	47.21	556	557
UniRef90_S3FMH8	44.96	556	549
UniRef90_A0A098EV39	42.47	556	560
UniRef90_M1N5S4	44.42	556	546
UniRef90_F7K5E4	44.95	556	561
UniRef90_L0KAB6	45.99	556	562
UniRef90_B0G7D4	44.42	556	552
UniRef90_A0A0J5GLN4	44.52	556	560
UniRef90_UPI0004DB6B81	45.31	556	559
UniRef90_R5I9X5	44.09	556	557
UniRef90_A0A0M4FUJ4	44.70	556	556
UniRef90_W8YI06	44.34	556	587
UniRef90_UPI0001E894EF	45.34	556	560
UniRef90_A0A0D6Z744	40.50	556	563
UniRef90_UPI000484F801	44.62	556	545
UniRef90_C4GDA2	45.60	556	606
UniRef90_K6TQA4	44.50	556	545
UniRef90_UPI0004BA1DFF	45.42	556	558
UniRef90_UPI0002E6AA72	43.53	556	577
UniRef90_W4D9J9	44.17	556	620
UniRef90_D4K4L2	45.31	556	552
UniRef90_A0A0C2RLA6	43.11	556	564
UniRef90_UPI0006A789CC	41.86	556	558
UniRef90_UPI00047E6D01	45.71	556	558
UniRef90_W4AHQ8	44.34	556	557
UniRef90_UPI000684144C	43.53	556	579
UniRef90_A0A0M4GBD2	43.65	556	561
UniRef90_R6B4L0	44.48	556	557
UniRef90_UPI00051AF151	45.08	556	554
UniRef90_UPI000287B374	44.27	556	553
UniRef90_A0A077JAL9	42.50	556	556
UniRef90_B1Y2C8	43.41	556	570
UniRef90_UPI0006C15BFA	44.77	556	550
UniRef90_UPI0005ED9878	42.09	556	549
UniRef90_C6JD65	45.03	556	556
UniRef90_UPI0004949671	43.42	556	555
UniRef90_K6TNU9	45.95	556	551
UniRef90_A0A0E4CYW4	45.45	556	566
UniRef90_A0A023DIB9	46.15	556	554
UniRef90_A0A011A2Y0	47.54	556	552
UniRef90_UPI00041F1262	44.82	556	557
UniRef90_I0JL01	44.48	556	565
UniRef90_UPI00036E92B3	45.06	556	569
UniRef90_UPI0005CD6F4B	42.48	556	562
UniRef90_A0A0B5WTY7	44.80	556	573
UniRef90_A0A0B0II03	44.84	556	557
UniRef90_G7M771	43.86	556	547
UniRef90_A0A0J6CSN4	42.60	556	557
UniRef90_A0A0K9NFF2	45.14	556	553
UniRef90_UPI000487A0A9	44.90	556	554
UniRef90_I8AG05	42.34	556	558
UniRef90_UPI000472D531	44.70	556	558
UniRef90_H8GWN1	46.09	556	566
UniRef90_F8FB12	44.35	556	585
UniRef90_A0A0A2TEQ0	43.88	556	555
UniRef90_UPI0004024591	43.87	556	565
UniRef90_A0A089MGY1	45.63	556	563
UniRef90_A0A023DD54	43.54	556	563
UniRef90_UPI0005D0EF24	43.73	556	554
UniRef90_C7G9C2	44.36	556	585
UniRef90_UPI0003A58A3E	46.75	556	554
UniRef90_F3AQ99	43.92	556	551
UniRef90_W4QJL8	43.81	556	553
UniRef90_I0JQU3	44.77	556	551
UniRef90_C9KJ10	44.31	556	561
UniRef90_A0A073KAG7	44.52	556	562
UniRef90_G7M638	44.34	556	546
UniRef90_UPI0004AE8330	45.28	556	560
UniRef90_UPI0005CB2F50	43.82	556	563
UniRef90_UPI0004732558	43.37	556	554
UniRef90_A0A0D5NGM0	45.42	556	557
UniRef90_S2XJ73	41.55	556	563
UniRef90_UPI00036E177C	44.84	556	567
UniRef90_Q3MUG8	43.04	556	563
UniRef90_UPI0006FE21CD	43.53	556	542
UniRef90_A0A089LUV2	45.42	556	558
UniRef90_E0IEX7	42.30	556	562
UniRef90_A0A0A2UWK3	42.53	556	567
UniRef90_F5L5E9	42.32	556	561
UniRef90_A0A076W4L6	43.99	556	554
UniRef90_UPI0006A77889	43.01	556	558
UniRef90_Q8YAE6	42.70	556	553
UniRef90_A7GKQ4	43.78	556	554
UniRef90_UPI0005575B01	42.40	556	558
UniRef90_UPI000690F52A	42.55	556	561
UniRef90_UPI00068C2942	45.68	556	574
UniRef90_UPI00064E0E7E	45.26	556	551
UniRef90_A0A089L160	45.88	556	562
UniRef90_A0A093UL72	44.90	556	555
UniRef90_UPI0004108327	42.27	556	556
UniRef90_R9LLD6	44.98	556	562
UniRef90_UPI0003FB6B9F	46.17	556	564
UniRef90_A0A089ISC5	45.86	556	558
UniRef90_UPI000372CDF4	43.01	556	554
UniRef90_K0J3W1	45.96	556	553
UniRef90_UPI0004009B89	44.98	556	558
UniRef90_A0A0H4KHS7	44.36	556	555
UniRef90_W4QSZ2	44.29	556	555
UniRef90_W4RLN8	43.42	556	550
UniRef90_UPI0003F60C99	44.01	556	551
UniRef90_UPI0004E2013A	46.22	556	547
UniRef90_A0A0A5GEB8	45.62	556	565
UniRef90_UPI0005634BB2	45.78	556	555
UniRef90_UPI000484E0AD	43.26	556	562
UniRef90_UPI00064D829F	44.80	556	551
UniRef90_UPI0003F8AC64	42.17	556	559
UniRef90_W7YF94	43.21	556	566
UniRef90_UPI00048E23D8	42.96	556	561
UniRef90_UPI000366E636	43.26	556	574
UniRef90_UPI0002E8A37D	45.13	556	546
UniRef90_X4ZN31	44.27	556	571
UniRef90_UPI000289F6C7	42.02	556	563
UniRef90_UPI0005CCA694	43.21	556	561
UniRef90_UPI00047E314C	42.25	556	556
UniRef90_UPI0002899F72	44.09	556	566
UniRef90_A0A024Q8Y9	43.81	556	552
UniRef90_A0A090ZF40	44.36	556	565
UniRef90_UPI00047BC0A1	42.65	556	554
UniRef90_E6TXF9	44.27	556	553
UniRef90_UPI0002FB097D	45.14	556	552
UniRef90_L7ZNK4	44.42	556	555
UniRef90_G9WNE6	42.88	556	584
UniRef90_UPI00051BDB77	45.92	556	552
UniRef90_UPI000289FCF1	44.44	556	548
UniRef90_A0A089JSF4	44.29	556	565
UniRef90_C6IWC4	41.89	556	565
UniRef90_UPI0005555775	44.17	556	556
UniRef90_UPI0004055100	43.53	556	558
UniRef90_Q5KZ55	44.13	556	563
UniRef90_UPI00047CE081	42.83	556	561
UniRef90_UPI0003F55EA3	43.37	556	555
UniRef90_W1SNF2	42.73	556	554
UniRef90_R5AJK9	44.63	556	551
UniRef90_D5DEX7	44.39	556	562
UniRef90_Q9K664	44.98	556	553
UniRef90_UPI0005CCEDF4	42.50	556	561
UniRef90_UPI0003F4B23B	41.71	556	562
UniRef90_A0A0K0GAN1	44.09	556	556
UniRef90_A0A0F2S6X2	45.29	556	564
UniRef90_UPI0004124F8F	42.42	556	561
UniRef90_D5E1C1	43.75	556	555
UniRef90_UPI00034AB73A	45.68	556	550
UniRef90_A0A084H6I0	44.68	556	555
UniRef90_UPI0006EC181C	41.44	556	555
UniRef90_UPI000426F1EC	43.83	556	558
UniRef90_UPI0005CCC198	43.60	556	555
UniRef90_A0A089LYK0	43.91	556	565
UniRef90_A0A0H4P069	44.29	556	555
UniRef90_UPI000370C2E8	44.21	556	563
UniRef90_D4CQ81	44.77	556	563
UniRef90_UPI0006D5A52D	41.92	556	558
UniRef90_UPI00047AB3EA	43.35	556	554
UniRef90_A0A077J2R8	45.24	556	555
UniRef90_W3AM11	44.42	556	554
UniRef90_W6RSE5	42.16	556	542
UniRef90_A0A0D3VGG1	43.67	556	564
UniRef90_A0A0D6Z898	42.27	556	552
UniRef90_UPI0005EDE574	42.25	556	554
UniRef90_UPI00053AB83A	42.96	556	557
UniRef90_UPI0005099853	44.40	556	542
UniRef90_UPI00037AD6FC	44.54	556	555
UniRef90_E5WH24	42.11	556	553
UniRef90_A0A069DT75	43.62	556	541
UniRef90_UPI00050972A4	43.37	556	553
UniRef90_U5LGV8	43.81	556	551
UniRef90_A0A0N1F0L8	44.68	556	550
UniRef90_A0A062XNK2	43.79	556	560
UniRef90_UPI0004B0A247	44.12	556	542
UniRef90_A8RLX1	44.07	556	570
UniRef90_UPI0003FD2EAA	43.06	556	553
UniRef90_UPI0002D8CED3	45.14	556	553
UniRef90_C6R3P8	42.09	556	604
UniRef90_E6LE80	44.30	556	542
UniRef90_A0A084GJP9	43.04	556	560
UniRef90_Q8CZD6	44.96	556	552
UniRef90_A0A0M0LI16	43.39	556	556
UniRef90_UPI00055280A5	43.45	556	554
UniRef90_UPI000411081E	44.11	556	560
UniRef90_A7VQN9	43.96	556	589
UniRef90_F8FPS3	42.63	556	562
UniRef90_UPI00058D2F42	42.50	556	556
UniRef90_UPI0002894E66	42.88	556	558
UniRef90_A6CP52	43.32	556	564
UniRef90_A0A0K9GS27	43.88	556	553
UniRef90_A0A0M3RDN5	42.55	556	555
UniRef90_A0A0J5VKY4	42.73	556	561
UniRef90_UPI0006D5AB9B	43.24	556	567
UniRef90_E3H5D1	42.35	556	609
UniRef90_R6FYN9	43.14	556	542
UniRef90_A0A0J1IM55	42.16	556	542
UniRef90_A0A098M8K5	44.56	556	563
UniRef90_UPI00066866FB	59.03	556	606
UniRef90_I0JSQ1	44.29	556	561
UniRef90_Q08RB1	43.93	556	565
UniRef90_UPI0002D83817	42.70	556	557
UniRef90_UPI0003A892EE	43.50	556	553
UniRef90_C8XA00	44.37	556	578
UniRef90_V5XLY5	42.88	556	539
UniRef90_UPI00040FF043	43.60	556	560
UniRef90_UPI000306FCBA	43.93	556	563
UniRef90_UPI0004C7933C	42.58	556	577
UniRef90_UPI000409FA92	44.19	556	556
UniRef90_S9PLM0	44.88	556	565
UniRef90_UPI0002EF1133	41.70	556	566
UniRef90_A0A0M0GIN9	42.35	556	561
UniRef90_K2GNA9	42.73	556	555
UniRef90_UPI0005095524	42.78	556	561
UniRef90_UPI00040536F3	42.70	556	541
UniRef90_B5CSI7	43.32	556	566
UniRef90_C6IXA9	44.60	556	598
UniRef90_UPI0006D05A9F	41.70	556	558
UniRef90_UPI00040C89A6	42.55	556	553
UniRef90_B7GI25	43.04	556	554
UniRef90_UPI0006FC85B0	42.83	556	569
UniRef90_A0A090IU67	45.08	556	557
UniRef90_A0A0F3FWZ2	45.70	556	553
UniRef90_C1DMP8	57.87	556	600
UniRef90_UPI0006FD17A5	44.03	556	569
UniRef90_UPI00028984A1	42.63	556	558
UniRef90_B8CWN3	46.17	556	563
UniRef90_A0A0M3RDD4	42.13	556	559
UniRef90_UPI0004104FBC	42.01	556	560
UniRef90_A0A0K0G704	41.61	556	556
UniRef90_R4KGB5	43.45	556	559
UniRef90_Q45101	45.08	556	555
UniRef90_UPI0005C7FB09	44.85	556	543
UniRef90_A0A075JWN3	42.73	556	560
UniRef90_UPI00031A64CB	44.44	556	557
UniRef90_A0A089N931	43.94	556	549
UniRef90_UPI000647371F	42.13	556	551
UniRef90_UPI0003760865	43.94	556	552
UniRef90_A0A098F331	40.97	556	555
UniRef90_A0A0J5SG38	43.17	556	553
UniRef90_UPI0003490D0A	44.11	556	552
UniRef90_A0A0M2P965	43.45	556	559
UniRef90_F6IWT3	43.88	556	558
UniRef90_UPI000509708E	44.44	556	545
UniRef90_A0A0J5QSN6	41.88	556	555
UniRef90_UPI00064D801F	44.34	556	553
UniRef90_L0A5C7	43.78	556	566
UniRef90_A0A0C4WT06	57.87	556	600
UniRef90_UPI0004B7156C	42.39	556	544
UniRef90_UPI000401B122	43.01	556	553
UniRef90_F5T602	41.45	556	581
UniRef90_U5LFT2	42.78	556	556
UniRef90_L0KDC0	42.32	556	561
UniRef90_UPI00051B197D	45.44	556	562
UniRef90_UPI000479055A	42.52	556	553
UniRef90_UPI00041D2727	42.52	556	553
UniRef90_R2RP14	43.24	556	539
UniRef90_D4W885	42.65	556	557
UniRef90_UPI0002FB5D78	43.32	556	552
UniRef90_UPI000255506C	44.70	556	555
UniRef90_C1CYH8	45.60	556	562
UniRef90_E0RDK5	44.01	556	565
UniRef90_UPI0005597308	42.99	556	542
UniRef90_UPI00046F438A	43.60	556	540
UniRef90_W4AFN9	43.71	556	540
UniRef90_UPI000363B0BC	44.21	556	564
UniRef90_A0A098ENM6	43.66	556	535
UniRef90_A0A0M2PQI3	43.40	556	542
UniRef90_A0A0C4WSL5	58.23	556	601
UniRef90_UPI000496B5E8	43.21	556	560
UniRef90_UPI0003F95580	41.98	556	543
UniRef90_A0A0C1Q6P2	42.25	556	557
UniRef90_Q03XR6	43.01	556	560
UniRef90_A0A0A2THY2	43.60	556	556
UniRef90_UPI0006CFA0D1	42.81	556	535
UniRef90_UPI0004AD8719	42.78	556	562
UniRef90_A0A0M8Y5S5	41.89	556	575
UniRef90_UPI00064D76E1	43.71	556	552
UniRef90_UPI000377C32B	42.47	556	565
UniRef90_UPI0003479C23	42.22	556	561
UniRef90_U6SLI1	40.93	556	559
UniRef90_A0A084GLV9	44.06	556	553
UniRef90_A0A0M0WY45	42.68	556	563
UniRef90_UPI000688F109	40.26	556	535
UniRef90_A0A0B0IDI2	43.55	556	553
UniRef90_UPI0005907BE7	44.09	556	555
UniRef90_W1SBK7	43.17	556	555
UniRef90_A0A089NF04	45.03	556	543
UniRef90_A0A0J5GN29	41.83	556	559
UniRef90_A0A0B0IJC2	41.94	556	558
UniRef90_UPI000482AF1D	42.29	556	553
UniRef90_U5W6T2	42.27	556	565
UniRef90_I6T683	43.68	556	541
UniRef90_UPI0005C95197	44.06	556	560
UniRef90_Q1INN0	54.41	556	582
UniRef90_A0A089XE91	41.87	556	582
UniRef90_UPI000495932B	43.24	556	539
UniRef90_A0A094XBI3	44.64	556	553
UniRef90_A0A024P453	42.81	556	554
UniRef90_A0A0J6FQ48	43.63	556	554
UniRef90_G8SAN8	43.09	556	566
UniRef90_C4KYY2	45.86	556	568
UniRef90_M5P7P1	42.45	556	565
UniRef90_UPI0006C35D10	43.04	556	545
UniRef90_UPI0006C0F9CC	42.01	556	554
UniRef90_UPI0005A88501	43.24	556	560
UniRef90_UPI0005275442	41.67	556	574
UniRef90_UPI00047D0998	40.89	556	556
UniRef90_A0A090J3B3	43.32	556	558
UniRef90_UPI00067F07CB	43.09	556	553
UniRef90_UPI00067E8F39	46.04	556	553
UniRef90_A0A0G3BME7	44.22	556	567
UniRef90_A0A0K2L9G7	42.75	556	557
UniRef90_A0A0C2AMC7	43.17	556	572
