UniRef90_P45066	96.54	449	475
UniRef90_A3MY91	85.31	449	475
UniRef90_I3D932	84.23	449	475
UniRef90_E6KWD0	83.15	449	476
UniRef90_M4R431	81.86	449	475
UniRef90_A0A0F5EPU7	80.30	449	476
UniRef90_I3D7N9	81.64	449	478
UniRef90_P57818	79.70	449	482
UniRef90_A0A0A3AEY7	78.62	449	480
UniRef90_Q7VMY1	79.70	449	475
UniRef90_Q0I1D2	78.79	449	476
UniRef90_A6VQN2	78.62	449	476
UniRef90_Q65RY7	78.19	449	480
UniRef90_UPI0005096D1B	77.29	449	478
UniRef90_A0A0A3AKS2	75.76	449	480
UniRef90_UPI0002483631	66.74	449	486
UniRef90_Q87SG3	66.52	449	485
UniRef90_U4JUA7	66.23	449	487
UniRef90_UPI00041E751A	66.16	449	488
UniRef90_C9QMT6	67.83	449	486
UniRef90_A0A0D8PWW8	65.94	449	487
UniRef90_A0A0J8VCC5	66.59	449	487
UniRef90_A0A0F4P085	66.30	449	486
UniRef90_A0A0C5WWE6	66.59	449	486
UniRef90_D0YW99	66.81	449	472
UniRef90_E3BQ94	65.87	449	489
UniRef90_A0A0B8QIX8	65.36	449	486
UniRef90_A6D366	66.38	449	486
UniRef90_Q6LMF7	66.59	449	487
UniRef90_Q7MNV0	67.61	449	486
UniRef90_V5FEF0	64.49	449	486
UniRef90_A0A085GJS3	66.81	449	491
UniRef90_B7VJ04	64.92	449	486
UniRef90_Q9KPG8	67.17	449	486
UniRef90_I2BCS4	66.31	449	491
UniRef90_A0A0F5ASX9	65.22	449	485
UniRef90_C9P2D7	66.30	449	487
UniRef90_Q5E2Q1	66.74	449	487
UniRef90_D0I4X2	65.94	449	487
UniRef90_UPI00063C27C6	65.65	449	486
UniRef90_A0A0F5VCV6	65.65	449	485
UniRef90_UPI000554EE60	63.81	449	491
UniRef90_A8H983	64.07	449	489
UniRef90_A3QIM0	62.55	449	484
UniRef90_A8FQA1	63.64	449	489
UniRef90_UPI000491D5DC	62.77	449	483
UniRef90_X2GVD3	63.71	449	482
UniRef90_A0A084CL78	62.33	449	477
UniRef90_Q9F1M9	63.20	449	483
UniRef90_B1KKX6	62.77	449	489
UniRef90_A0A0H2QC72	65.45	449	487
UniRef90_A0A0G3CL14	65.86	449	472
UniRef90_C5B9F7	65.38	449	487
UniRef90_A0A0D8CNQ0	62.31	449	482
UniRef90_A0A0A7S8D1	63.50	449	491
UniRef90_A0A085HGN0	65.71	449	471
UniRef90_D3V8T1	65.67	449	491
UniRef90_A0A071M9E3	65.95	449	491
UniRef90_D0ZCK4	64.96	449	491
UniRef90_J3TX88	63.81	449	500
UniRef90_Q2NVV0	66.17	449	490
UniRef90_W0LFP2	66.38	449	491
UniRef90_H3ZDH4	61.32	449	484
UniRef90_UPI00056F5A88	64.35	449	487
UniRef90_A0A084Q798	63.34	449	483
UniRef90_R8AT68	64.35	449	489
UniRef90_A0A094JV07	62.91	449	487
UniRef90_D2U1S7	62.88	449	515
UniRef90_Q8E9P8	60.61	449	488
UniRef90_A1S2G0	62.12	449	484
UniRef90_UPI0005D37EF4	65.24	449	491
UniRef90_UPI00048F2DAC	62.34	449	479
UniRef90_A0A084CMU9	62.61	449	489
UniRef90_Q12SC5	61.04	449	479
UniRef90_E0SG74	65.10	449	486
UniRef90_A0A099KNP2	61.52	449	505
UniRef90_Q47VR0	61.30	449	503
UniRef90_UPI0003FFB39F	60.30	449	489
UniRef90_A0A0F9VJX7	59.13	449	473
UniRef90_K8W387	64.38	449	487
UniRef90_A7FM65	65.88	449	491
UniRef90_H2IR29	64.81	449	495
UniRef90_UPI00035E5D53	60.78	449	485
UniRef90_Q6D0I4	64.24	449	486
UniRef90_UPI000469940B	61.47	449	489
UniRef90_B4F110	63.81	449	487
UniRef90_UPI000683D94D	59.24	449	464
UniRef90_A0A081G3M8	60.30	449	483
UniRef90_Q2BH00	59.22	449	482
UniRef90_Q7N148	65.10	449	491
UniRef90_Q07WI6	62.12	449	485
UniRef90_A0A0F4PX40	61.76	449	487
UniRef90_J7SJL0	64.07	449	473
UniRef90_UPI00039AFA93	57.95	449	476
UniRef90_UPI000408899F	58.64	449	482
UniRef90_UPI0004752B72	64.81	449	491
UniRef90_A0A0F4QBF1	61.49	449	477
UniRef90_B8CNL2	61.90	449	489
UniRef90_UPI000686B6C8	60.13	449	468
UniRef90_Z5XPJ1	62.14	449	483
UniRef90_A4W6J4	66.95	449	491
UniRef90_Q2S9Z3	59.78	449	472
UniRef90_UPI00048F81DF	64.88	449	489
UniRef90_Q83MF8	65.88	449	491
UniRef90_UPI0006D66335	62.12	449	487
UniRef90_UPI000463A31E	62.91	449	482
UniRef90_A0A099PDA4	58.57	449	482
UniRef90_A0A085JJK0	65.24	449	491
UniRef90_A0A0J9BLQ3	63.89	449	488
UniRef90_UPI000371AE4B	57.05	449	481
UniRef90_A0A0F4QPY6	61.27	449	489
UniRef90_W9UWV4	57.17	449	484
UniRef90_A0A0A7EEQ9	58.86	449	477
UniRef90_Q3IFY1	60.18	449	483
UniRef90_UPI0004E128FA	60.22	449	485
UniRef90_UPI00041865B9	57.68	449	479
UniRef90_K6YG23	60.26	449	483
UniRef90_A0A0N0ING0	62.72	449	488
UniRef90_UPI000255649B	60.53	449	481
UniRef90_W7QH60	59.65	449	493
UniRef90_E9CPF8	65.24	449	491
UniRef90_E1SD92	65.10	449	492
UniRef90_C4LA26	61.17	449	484
UniRef90_UPI0002DFC807	60.61	449	482
UniRef90_UPI0003FE07D1	58.33	449	481
UniRef90_Q1MYC1	57.79	449	485
UniRef90_A0A099LGD0	59.44	449	484
UniRef90_R4I0I5	63.23	449	480
UniRef90_UPI000684D026	60.66	449	463
UniRef90_U3TUS7	65.02	449	491
UniRef90_E0WRZ5	62.05	449	493
UniRef90_Q21MG8	57.79	449	474
UniRef90_C7R9L9	57.05	449	489
UniRef90_A6FEZ6	63.48	449	485
UniRef90_Q5R0M0	60.73	449	490
UniRef90_UPI000405B161	57.08	449	478
UniRef90_B3PCL9	56.18	449	474
UniRef90_K2K1S7	59.61	449	465
UniRef90_A0A081KEC7	56.87	449	486
UniRef90_UPI000416BC12	58.08	449	479
UniRef90_UPI00068FEACA	57.92	449	490
UniRef90_UPI000361E048	56.74	449	474
UniRef90_UPI00041F6F23	61.17	449	485
UniRef90_I3I4N5	57.11	449	462
UniRef90_L8D2B5	59.96	449	478
UniRef90_A0A0F6TRC9	56.77	449	484
UniRef90_A0A063Y770	56.96	449	482
UniRef90_UPI00035F3B9E	64.24	449	491
UniRef90_U1JKD4	59.74	449	478
UniRef90_UPI0004265311	61.39	449	486
UniRef90_D4HZZ3	63.95	449	491
UniRef90_A0A0M6W6H5	56.41	449	481
UniRef90_UPI0006842673	57.46	449	468
UniRef90_F7NZM1	61.49	449	482
UniRef90_F3KFC8	56.28	449	482
UniRef90_A0YHL7	58.79	449	477
UniRef90_Q15Q18	59.13	449	484
UniRef90_B7RSP0	56.21	449	478
UniRef90_A0KPX1	60.74	449	484
UniRef90_A4C8C8	60.61	449	478
UniRef90_V4HZN0	59.96	449	477
UniRef90_K0CDS1	56.18	449	488
UniRef90_UPI00054CE2DA	60.00	449	499
UniRef90_A0A0F7M1H0	56.90	449	477
UniRef90_A3WNG1	62.23	449	489
UniRef90_UPI0005935953	57.42	449	472
UniRef90_UPI00068EE670	59.04	449	488
UniRef90_UPI0003764A6C	57.54	449	493
UniRef90_A0A0J8GWF4	59.13	449	484
UniRef90_A0A089WLZ8	57.02	449	484
UniRef90_R9PSC5	60.74	449	484
UniRef90_A0A095VPF4	57.05	449	478
UniRef90_UPI0003B35C55	60.52	449	486
UniRef90_N2JLB0	56.02	449	484
UniRef90_N6W2U2	57.24	449	483
UniRef90_A0A0F9U9H4	55.31	449	483
UniRef90_A1SU20	61.52	449	487
UniRef90_UPI00047B3579	56.62	449	485
UniRef90_UPI000485D9F2	57.39	449	475
UniRef90_UPI0006B42D80	57.83	449	495
UniRef90_A0A0H6SQB0	67.01	449	403
UniRef90_UPI00036DB2C3	57.80	449	482
UniRef90_G4QME0	59.12	449	514
UniRef90_A0A031MJ42	55.99	449	472
UniRef90_E1VHG4	56.62	449	480
UniRef90_A0A059X385	56.52	449	484
UniRef90_F2GD16	59.78	449	481
UniRef90_UPI0005A976A3	63.79	449	478
UniRef90_K2KBW8	62.91	449	490
UniRef90_M5DP87	57.58	449	484
UniRef90_A0A0C5VID6	58.44	449	476
UniRef90_L8MC75	55.22	449	486
UniRef90_UPI0004E16D27	59.34	449	479
UniRef90_UPI00058C1F32	56.74	449	484
UniRef90_B4WWY6	55.99	449	474
UniRef90_K4KNW3	56.47	449	473
UniRef90_UPI0005A2236C	55.97	449	475
UniRef90_A0A0K6H753	59.61	449	498
UniRef90_UPI0002558A49	56.93	449	480
UniRef90_K6ZPS9	58.64	449	498
UniRef90_A0A0B4XJX6	55.87	449	484
UniRef90_E8LKX2	56.89	449	479
UniRef90_F4DS21	57.08	449	480
UniRef90_Q1LSW6	55.91	449	490
UniRef90_Q0VS01	55.68	449	474
UniRef90_A0A081N636	58.37	449	483
UniRef90_A0A0F9VQ06	56.06	449	486
UniRef90_C1DQA0	56.32	449	488
UniRef90_H0JH68	55.21	449	471
UniRef90_R5EP43	56.33	449	475
UniRef90_C4K735	59.10	449	493
UniRef90_Q87WY6	54.78	449	486
UniRef90_M4U670	60.00	449	487
UniRef90_I1DUJ0	59.78	449	484
UniRef90_UPI00041E4A65	55.87	449	481
UniRef90_E1SMK6	59.34	449	486
UniRef90_UPI0003791363	57.14	449	487
UniRef90_A0A075P4B6	58.46	449	482
UniRef90_B7GV74	56.83	449	482
UniRef90_W5YHI4	56.62	449	481
UniRef90_UPI00055D6B3E	54.27	449	462
UniRef90_I2JGI6	56.90	449	472
UniRef90_F7RZI4	60.00	449	488
UniRef90_D0SYF5	54.98	449	482
UniRef90_F2JVW7	55.90	449	476
UniRef90_A6VB84	55.96	449	480
UniRef90_A0A0A3W2N9	54.76	449	482
UniRef90_UPI00036A3187	55.88	449	480
UniRef90_A0A0B2D4V7	56.22	449	483
UniRef90_UPI0003B66D6A	56.96	449	477
UniRef90_D0SFM8	55.41	449	482
UniRef90_A4BFR2	55.43	449	480
UniRef90_A6VYJ7	55.46	449	473
UniRef90_C5BP33	55.84	449	473
UniRef90_A1U3F7	56.83	449	481
UniRef90_K7A9T2	58.35	449	484
UniRef90_A0A0B0HFL0	55.82	449	478
UniRef90_K0C3U5	55.07	449	484
UniRef90_S6GNT5	54.35	449	484
UniRef90_A0A0E2GNE5	55.22	449	482
UniRef90_UPI0003783535	56.37	449	480
UniRef90_A4VIH9	55.65	449	485
UniRef90_A3YHI3	55.70	449	478
UniRef90_R4YQ16	55.34	449	503
UniRef90_UPI00041BF425	57.97	449	472
UniRef90_A0A0K1WIT5	56.00	449	482
UniRef90_UPI0006856C4A	53.59	449	487
UniRef90_F5ZBR7	58.68	449	482
UniRef90_UPI00041B0F42	61.23	449	483
UniRef90_UPI0005F84E69	55.84	449	472
UniRef90_UPI0005F76B62	56.06	449	474
UniRef90_C5WD41	54.45	449	486
UniRef90_H2G1M8	60.78	449	485
UniRef90_UPI0004E12E00	56.99	449	475
UniRef90_S3NSX9	54.76	449	482
UniRef90_A0A0E3Y8X7	55.65	449	481
UniRef90_A0A0F2PBZ6	54.66	449	475
UniRef90_A3JA98	55.29	449	486
UniRef90_A0A0K2BLY6	57.79	449	483
UniRef90_E1V9L3	56.09	449	507
UniRef90_A6F2T8	55.53	449	481
UniRef90_A0A088MYJ7	58.46	449	490
UniRef90_N8VB11	55.19	449	482
UniRef90_UPI00068D5F1A	60.43	449	498
UniRef90_UPI0006861D96	57.08	449	464
UniRef90_F3LHA5	55.95	449	491
UniRef90_J6CY81	85.35	449	278
UniRef90_Q493Q0	54.15	449	480
UniRef90_UPI0004063122	58.61	449	484
UniRef90_UPI0006857DBB	57.55	449	471
UniRef90_A0A0M2VEQ4	58.68	449	484
UniRef90_K2A5E2	54.03	449	472
UniRef90_UPI0005A963A4	58.11	449	469
UniRef90_W7PYF6	55.22	449	488
UniRef90_UPI000685AD97	57.14	449	465
UniRef90_UPI00068D0E58	55.12	449	469
UniRef90_UPI0004821244	55.28	449	473
UniRef90_U3U684	59.44	449	493
UniRef90_V2TN71	53.68	449	482
UniRef90_Q6F704	54.45	449	482
UniRef90_A0A0D5M5R6	55.22	449	489
UniRef90_C8PXV8	52.69	449	504
UniRef90_Q1YSD0	55.94	449	485
UniRef90_A0A066ZST2	53.52	449	461
UniRef90_UPI0004A735FF	52.61	449	482
UniRef90_H5TDL5	56.71	449	475
UniRef90_B5JXF5	54.49	449	468
UniRef90_A0A091AUM6	52.97	449	478
UniRef90_UPI0003B41EEF	51.74	449	471
UniRef90_G2FET2	55.70	449	479
UniRef90_UPI0003B2E601	53.03	449	466
UniRef90_W0TMX7	50.77	449	479
UniRef90_S6BAF9	54.29	449	461
UniRef90_A0A0A0ESE8	54.63	449	486
UniRef90_A0A0F3KFZ5	53.08	449	464
UniRef90_A0A0A2WJH2	54.65	449	481
UniRef90_UPI0006189272	65.26	449	445
UniRef90_UPI00040AFF1C	54.32	449	485
UniRef90_UPI0006DA0D2A	54.63	449	484
UniRef90_UPI0004DF1C29	52.97	449	477
UniRef90_F9ZIS9	52.51	449	475
UniRef90_H3NXX4	53.70	449	490
UniRef90_UPI000300FB7D	56.30	449	470
UniRef90_A0A0F7JXV9	51.86	449	481
UniRef90_UPI000466E9BD	52.95	449	482
UniRef90_UPI000379C24E	58.03	449	481
UniRef90_UPI0004023B5F	52.05	449	478
UniRef90_UPI000667C70A	53.80	449	481
UniRef90_A5WCT9	52.94	449	476
UniRef90_A0A0F4QVQ7	57.39	449	482
UniRef90_UPI000409069E	56.48	449	488
UniRef90_UPI000372C6D1	54.34	449	478
UniRef90_A0A0K6IRZ7	53.29	449	473
UniRef90_V5C5K7	53.39	449	485
UniRef90_UPI000552B454	58.81	449	483
UniRef90_W1N6Y8	55.87	449	490
UniRef90_A0A091AXA6	54.95	449	477
UniRef90_UPI000693BE20	54.78	449	470
UniRef90_A0A0K6GY98	52.86	449	463
UniRef90_D0KXY5	52.62	449	491
UniRef90_A0A0M1JKA7	51.43	449	482
UniRef90_UPI0006877CE2	55.65	449	472
UniRef90_A0A094NWD3	55.46	449	481
UniRef90_A0A021W6X9	54.97	449	481
UniRef90_UPI0005EADD3F	52.10	449	482
UniRef90_H0J462	55.22	449	489
UniRef90_A0A060B7W5	54.35	449	489
UniRef90_K2DRG8	50.87	449	471
UniRef90_UPI0003F79979	59.61	449	496
UniRef90_A0A066UBF9	52.93	449	479
UniRef90_U7P2H4	56.83	449	490
UniRef90_J3Z5Q9	57.24	449	521
UniRef90_UPI00047543BA	52.27	449	484
UniRef90_K2CL08	52.49	449	481
UniRef90_B9Z5P9	52.07	449	463
UniRef90_UPI0003B58090	54.09	449	473
UniRef90_U2EAA9	54.05	449	484
UniRef90_UPI0006945253	56.17	449	493
UniRef90_A0A0H1ASZ2	53.71	449	482
UniRef90_UPI0004163AD6	54.09	449	469
UniRef90_F8GE42	52.38	449	475
UniRef90_UPI00036FDB34	53.13	449	473
UniRef90_I8T611	51.42	449	476
UniRef90_UPI000421F8C9	51.88	449	478
UniRef90_G4CNF7	53.68	449	465
UniRef90_S6HC91	53.64	449	446
UniRef90_UPI00048B03CB	52.08	449	477
UniRef90_C0N6A0	54.59	449	473
UniRef90_A0A0A0F187	51.42	449	488
UniRef90_F5R759	52.39	449	465
UniRef90_Q1GZ02	52.53	449	475
UniRef90_UPI000380B5DC	52.20	449	464
UniRef90_L2F9D3	50.97	449	485
UniRef90_A1K3U7	50.87	449	467
UniRef90_A0A0J5GJ96	52.30	449	464
UniRef90_UPI00037CCE4D	53.07	449	477
UniRef90_C7RLM5	51.76	449	462
UniRef90_Q9PF80	52.41	449	477
UniRef90_UPI0002FE6E36	51.52	449	475
UniRef90_Q4FQW0	51.20	449	479
UniRef90_UPI000650C63F	51.46	449	490
UniRef90_UPI0003F7789D	52.27	449	483
UniRef90_A0A098RLE7	55.65	449	493
UniRef90_A0A0F3IG49	52.38	449	475
UniRef90_K8ZLC2	52.30	449	680
UniRef90_UPI0006885C0D	54.13	449	470
UniRef90_UPI00068DE623	52.34	449	488
UniRef90_Q7NQ00	51.54	449	464
UniRef90_Q3J790	56.33	449	476
UniRef90_A0A0A0EPU6	51.98	449	485
UniRef90_UPI0004DB8F61	55.24	449	488
UniRef90_B4SJX6	52.63	449	478
UniRef90_A0A011PN39	51.10	449	462
UniRef90_Q5P6Z7	50.43	449	471
UniRef90_A0A091BIA9	53.86	449	479
UniRef90_H8Z3I2	52.03	449	497
UniRef90_UPI0006F89457	51.37	449	484
UniRef90_UPI00040E3D8B	52.29	449	479
UniRef90_UPI0003735A38	54.68	449	475
UniRef90_G3IUA0	52.31	449	480
UniRef90_UPI0003F5CE70	51.43	449	463
UniRef90_F3L1P3	52.85	449	479
UniRef90_I4MIG7	51.09	449	465
UniRef90_A0A011PLJ5	50.77	449	462
UniRef90_A0A0K2L853	52.30	449	485
UniRef90_A0A0A0DSG7	52.16	449	469
UniRef90_UPI0004082041	52.19	449	483
UniRef90_UPI00040457C9	52.29	449	485
UniRef90_A0A0A0MB54	52.43	449	479
UniRef90_A0A0E3U3T4	50.22	449	484
UniRef90_H8GRH2	51.43	449	479
UniRef90_A0A086D3K0	53.38	449	484
UniRef90_W6LU77	54.23	449	481
UniRef90_A0A0J7JSN5	51.32	449	464
UniRef90_A0A060P8J0	51.43	449	464
UniRef90_UPI0005B8966A	50.54	449	463
UniRef90_C8ND45	51.20	449	479
UniRef90_UPI0006F3E580	51.21	449	469
UniRef90_UPI0007007AA4	52.25	449	483
UniRef90_X2HD13	51.99	449	470
UniRef90_G2DJR7	51.30	449	466
UniRef90_A5EY22	53.06	449	478
UniRef90_UPI00056E05DD	52.89	449	464
UniRef90_A0A0G3EX59	50.32	449	473
UniRef90_A0A0M4T713	50.54	449	490
UniRef90_A4A5G1	53.41	449	474
UniRef90_D5VA52	50.75	449	486
UniRef90_F9ZZP8	53.63	449	482
UniRef90_UPI000686EC46	52.40	449	469
UniRef90_UPI0003491753	51.80	449	502
UniRef90_UPI0006D08B6A	52.54	449	478
UniRef90_S2KP48	54.78	449	493
UniRef90_UPI000372EF91	52.42	449	480
UniRef90_D3HL68	50.99	449	469
UniRef90_Q13TZ3	50.33	449	467
UniRef90_UPI000623E4F4	58.08	449	1674
UniRef90_UPI000372A1D1	52.61	449	480
UniRef90_A0A0H6L4P2	67.51	449	464
UniRef90_UPI00047D1F15	52.30	449	482
UniRef90_UPI0003F73D93	50.76	449	464
UniRef90_Q5ZSA5	50.98	449	469
UniRef90_UPI00061D39BC	52.64	449	462
UniRef90_Q604V8	51.97	449	472
UniRef90_Q1QVG8	53.93	449	488
UniRef90_UPI00031797D5	50.22	449	464
UniRef90_UPI00048BB225	49.67	449	472
UniRef90_UPI0003F9320C	51.63	449	462
UniRef90_UPI00036AB470	50.55	449	473
UniRef90_UPI000374F0E5	50.77	449	469
UniRef90_K2BTL1	51.20	449	475
UniRef90_Q3SMH2	51.43	449	463
UniRef90_Q7VQI7	48.07	449	480
UniRef90_L0H2I0	52.22	449	477
UniRef90_A0A098G8X4	50.55	449	469
UniRef90_UPI000262CCE5	51.33	449	467
UniRef90_UPI0003F7F341	51.52	449	464
UniRef90_A0A0C5JJY6	50.66	449	468
UniRef90_C4KCS2	51.94	449	471
UniRef90_UPI0003666052	51.63	449	463
UniRef90_Q2Y639	51.61	449	493
UniRef90_W0E6N3	51.20	449	475
UniRef90_A0A0A6QWZ5	53.19	449	475
UniRef90_E5ALG7	50.77	449	487
UniRef90_A0A0K0XYM6	51.44	449	476
UniRef90_Q5F6L9	51.08	449	468
UniRef90_D3RVH6	52.88	449	475
UniRef90_S6AJ42	50.77	449	462
UniRef90_A0A0E9MHX3	49.27	449	486
UniRef90_A0A0B5CP07	50.65	449	470
UniRef90_K1ZIR6	50.87	449	481
UniRef90_A0A085FKW7	49.56	449	461
UniRef90_A0A0H5BWN5	47.40	449	484
UniRef90_UPI00047209C8	49.89	449	468
UniRef90_A0A0K1JZK6	50.44	449	463
UniRef90_Q0A6K3	52.39	449	479
UniRef90_A8PL57	52.19	449	471
UniRef90_A0A087MGB2	52.75	449	481
UniRef90_A0A0N0XJJ3	51.07	449	468
UniRef90_A0A0F3KYV9	51.79	449	479
UniRef90_K2BHZ3	50.87	449	481
UniRef90_C0DTB9	51.62	449	486
UniRef90_W6M479	56.12	449	493
UniRef90_A0A084IP68	53.17	449	483
UniRef90_A0A078KVW6	51.42	449	473
UniRef90_R7C144	50.11	449	467
UniRef90_UPI0006FECD05	49.35	449	468
UniRef90_P59418	48.17	449	486
UniRef90_A4G8T7	49.68	449	469
UniRef90_U5T5A2	50.88	449	462
UniRef90_Q8PPA7	51.88	449	477
UniRef90_W8KES3	53.13	449	476
UniRef90_E6WQP8	52.85	449	479
UniRef90_H0Q4H0	50.00	449	471
UniRef90_UPI00048E6DF8	50.76	449	465
UniRef90_UPI00050A10AB	49.68	449	468
UniRef90_O51926	48.02	449	483
UniRef90_F6D9L8	50.77	449	457
UniRef90_C1D5L5	51.98	449	469
UniRef90_A0A080MA20	49.89	449	464
UniRef90_H1G0S3	53.38	449	476
UniRef90_A0A0C2PZZ5	52.26	449	481
UniRef90_A0Z7C4	53.53	449	478
UniRef90_A0A0A1H8D5	51.61	449	460
UniRef90_UPI0007030B2C	51.08	449	475
UniRef90_I3BX17	51.84	449	478
UniRef90_UPI00037BAFCB	52.04	449	477
UniRef90_UPI0002E23950	49.68	449	468
UniRef90_B8KJ32	53.62	449	460
UniRef90_UPI0003807B11	50.33	449	463
UniRef90_A3NZL4	50.77	449	465
UniRef90_UPI000410986B	49.56	449	468
UniRef90_W0VB23	50.00	449	467
UniRef90_I3CJD8	49.78	449	477
UniRef90_F2BAZ9	50.98	449	484
UniRef90_W0P095	48.74	449	449
UniRef90_M4NS19	53.12	449	479
UniRef90_I3UEY8	48.28	449	471
UniRef90_UPI00054EBEF7	51.85	449	463
UniRef90_UPI0006CAE7AD	51.19	449	466
UniRef90_UPI0005C8CBA0	50.55	449	461
UniRef90_L8MC75	55.02	449	486
UniRef90_C7R9L9	56.83	449	489
UniRef90_Q2S9Z3	59.61	449	472
UniRef90_Q87SG3	66.30	449	485
UniRef90_UPI00039AFA93	57.95	449	476
UniRef90_UPI000371AE4B	57.05	449	481
UniRef90_A0A063Y770	56.96	449	482
UniRef90_UPI00041E751A	65.94	449	488
UniRef90_W9UWV4	57.17	449	484
UniRef90_A0A089WLZ8	56.80	449	484
UniRef90_A0A081G3M8	60.30	449	483
UniRef90_U4JUA7	66.01	449	487
UniRef90_N2JLB0	55.90	449	484
UniRef90_UPI00036A3187	55.36	449	480
UniRef90_C1DQA0	55.68	449	488
UniRef90_A0A099PDA4	58.57	449	482
UniRef90_UPI00068FEACA	57.92	449	490
UniRef90_UPI0003FFB39F	60.30	449	489
UniRef90_UPI000683D94D	59.11	449	464
UniRef90_A0A0F6TRC9	55.97	449	484
UniRef90_UPI00058C1F32	56.55	449	484
UniRef90_A0A059X385	56.33	449	484
UniRef90_UPI0003FE07D1	58.04	449	481
UniRef90_Q2BH00	59.22	449	482
UniRef90_UPI0002483631	66.52	449	486
UniRef90_H0JH68	54.70	449	471
UniRef90_Q87WY6	54.59	449	486
UniRef90_F4DS21	56.67	449	480
UniRef90_A6VB84	55.43	449	480
UniRef90_UPI00041865B9	57.52	449	479
UniRef90_A0A0B8QIX8	65.14	449	486
UniRef90_M5DP87	57.33	449	484
UniRef90_A4VIH9	55.65	449	485
UniRef90_K4KNW3	56.52	449	473
UniRef90_B4WWY6	56.21	449	474
UniRef90_A0A0F9U9H4	55.12	449	483
UniRef90_Q8E9P8	57.84	449	488
UniRef90_V5FEF0	64.05	449	486
UniRef90_A0A031MJ42	56.52	449	472
UniRef90_K0CDS1	56.40	449	488
UniRef90_D0YW99	66.59	449	472
UniRef90_A0A0F9VQ06	55.99	449	486
UniRef90_UPI0005935953	57.30	449	472
UniRef90_A0A0B2D4V7	56.22	449	483
UniRef90_N6W2U2	56.80	449	483
UniRef90_B3PCL9	55.97	449	474
UniRef90_UPI000361E048	56.52	449	474
UniRef90_A0A0C5WWE6	66.38	449	486
UniRef90_Q1MYC1	57.88	449	485
UniRef90_E1VHG4	56.62	449	480
UniRef90_UPI000416BC12	57.79	449	479
UniRef90_Q0VS01	55.77	449	474
UniRef90_UPI00047B3579	56.40	449	485
UniRef90_UPI000686B6C8	59.78	449	468
UniRef90_A0A0K1WIT5	56.00	449	482
UniRef90_A0A0D8PWW8	65.73	449	487
UniRef90_C9QMT6	67.61	449	486
UniRef90_A0A0F4P085	66.09	449	486
UniRef90_Q21MG8	57.79	449	474
UniRef90_F3KFC8	56.28	449	482
UniRef90_A0A0J8VCC5	66.38	449	487
UniRef90_A3QIM0	59.75	449	484
UniRef90_UPI0004082041	52.63	449	483
UniRef90_UPI000491D5DC	59.96	449	483
UniRef90_UPI0006842673	57.33	449	468
UniRef90_A0A081KEC7	56.65	449	486
UniRef90_UPI0004DF1C29	52.74	449	477
UniRef90_UPI00041E4A65	55.63	449	481
UniRef90_I3I4N5	56.77	449	462
UniRef90_UPI000405B161	56.86	449	478
UniRef90_S6GNT5	54.35	449	484
UniRef90_B9Z5P9	52.07	449	463
UniRef90_V5C5K7	53.63	449	485
UniRef90_A0A0J5GJ96	51.96	449	464
UniRef90_I2BCS4	63.03	449	491
UniRef90_UPI000485D9F2	57.39	449	475
UniRef90_A0A0C5VID6	58.44	449	476
UniRef90_A0A0F3KFZ5	52.72	449	464
UniRef90_UPI000372C6D1	54.34	449	478
UniRef90_A6D366	66.16	449	486
UniRef90_B7RSP0	55.99	449	478
UniRef90_UPI0004821244	54.89	449	473
UniRef90_Q6LMF7	66.38	449	487
UniRef90_A0A0F5ASX9	65.22	449	485
UniRef90_UPI000554EE60	60.80	449	491
UniRef90_A0A0A3W2N9	54.76	449	482
UniRef90_A0A085GJS3	63.45	449	491
UniRef90_A0A0K6GY98	52.51	449	463
UniRef90_UPI000255649B	60.26	449	481
UniRef90_A0A0E2GNE5	55.22	449	482
UniRef90_UPI00055D6B3E	53.93	449	462
UniRef90_Q12SC5	58.26	449	479
UniRef90_UPI0005A2236C	55.75	449	475
UniRef90_UPI000408899F	58.23	449	482
UniRef90_G2DJR7	51.30	449	466
UniRef90_Q47VR0	58.51	449	503
UniRef90_A8FQA1	60.85	449	489
UniRef90_UPI0005EADD3F	51.65	449	482
UniRef90_A0A0A3AEY7	77.97	449	480
UniRef90_B7VJ04	64.71	449	486
UniRef90_K2A5E2	53.16	449	472
UniRef90_A0A0B0HFL0	55.58	449	478
UniRef90_A0A0D8CNQ0	59.49	449	482
UniRef90_F5R759	51.96	449	465
UniRef90_G3IUA0	52.75	449	480
UniRef90_Q9F1M9	60.38	449	483
UniRef90_A0A0B4XJX6	56.30	449	484
UniRef90_A1K3U7	50.22	449	467
UniRef90_A0A0G3EX59	49.36	449	473
UniRef90_UPI0003B2E601	52.06	449	466
UniRef90_A0A0F5EPU7	76.69	449	476
UniRef90_A0YHL7	58.79	449	477
UniRef90_UPI0003F5CE70	51.20	449	463
UniRef90_UPI0005B8966A	50.54	449	463
UniRef90_B1KKX6	59.96	449	489
UniRef90_A0A011PLJ5	49.89	449	462
UniRef90_D0SYF5	54.98	449	482
UniRef90_A0A099KNP2	58.72	449	505
UniRef90_A0A0F7JXV9	51.87	449	481
UniRef90_A0A0F9VJX7	59.13	449	473
UniRef90_D0SFM8	55.41	449	482
UniRef90_K2K1S7	56.72	449	465
UniRef90_UPI00068EE670	59.04	449	488
UniRef90_UPI00036DB2C3	57.55	449	482
UniRef90_W0TMX7	51.20	449	479
UniRef90_Q5E2Q1	66.52	449	487
UniRef90_A1S2G0	59.32	449	484
UniRef90_UPI000469940B	58.69	449	489
UniRef90_P45066	95.90	449	475
UniRef90_A1U3F7	55.94	449	481
UniRef90_C7RLM5	50.87	449	462
UniRef90_UPI0002558A49	56.47	449	480
UniRef90_UPI0003B66D6A	56.74	449	477
UniRef90_A0A0A0DSG7	51.73	449	469
UniRef90_W5YHI4	55.72	449	481
UniRef90_S3NSX9	54.76	449	482
UniRef90_E6KWD0	82.94	449	476
UniRef90_A0A011PN39	50.11	449	462
UniRef90_Q7NQ00	51.20	449	464
UniRef90_UPI000380B5DC	50.76	449	464
UniRef90_UPI00068DE623	51.66	449	488
UniRef90_UPI0005F84E69	55.84	449	472
UniRef90_Q15Q18	56.38	449	484
UniRef90_I3D7N9	81.21	449	478
UniRef90_A3JA98	55.10	449	486
UniRef90_B7GV74	54.68	449	482
UniRef90_C5BP33	55.63	449	473
UniRef90_A0A0A7EEQ9	55.65	449	477
UniRef90_H3ZDH4	58.15	449	484
UniRef90_A6VYJ7	55.43	449	473
UniRef90_UPI0006856C4A	54.03	449	487
UniRef90_A0A094JV07	60.08	449	487
UniRef90_UPI00031797D5	49.78	449	464
UniRef90_P57818	76.11	449	482
UniRef90_I3D932	83.59	449	475
UniRef90_A0A0B5CP07	50.65	449	470
UniRef90_A0A095VPF4	57.05	449	478
UniRef90_A3MY91	84.67	449	475
UniRef90_Q3SMH2	50.66	449	463
UniRef90_A0A0F2PBZ6	54.66	449	475
UniRef90_X2HD13	51.31	449	470
UniRef90_A4BFR2	55.43	449	480
UniRef90_F8GE42	51.41	449	475
UniRef90_E3BQ94	65.87	449	489
UniRef90_R4YQ16	55.34	449	503
UniRef90_Q07WI6	59.32	449	485
UniRef90_A8H983	61.44	449	489
UniRef90_A6VQN2	75.26	449	476
UniRef90_UPI000372EF91	51.42	449	480
UniRef90_A0A0F7M1H0	56.90	449	477
UniRef90_A6F2T8	54.64	449	481
UniRef90_UPI00035E5D53	60.78	449	485
UniRef90_A0A099LGD0	56.69	449	484
UniRef90_A0A0E9MHX3	48.74	449	486
UniRef90_Q13TZ3	49.57	449	467
UniRef90_F2JVW7	55.84	449	476
UniRef90_J3TX88	63.17	449	500
UniRef90_UPI0006FECD05	48.81	449	468
UniRef90_Q1GZ02	49.89	449	475
UniRef90_S6AJ42	50.55	449	462
UniRef90_C9P2D7	66.09	449	487
UniRef90_UPI0004152C31	46.30	449	467
UniRef90_UPI0004A735FF	52.06	449	482
UniRef90_A0A0F5VCV6	65.43	449	485
UniRef90_R5EP43	55.94	449	475
UniRef90_Q5P6Z7	49.79	449	471
UniRef90_UPI00041F6F23	58.05	449	485
UniRef90_UPI00048E6DF8	50.54	449	465
UniRef90_Q9KPG8	66.96	449	486
UniRef90_B5JXF5	53.91	449	468
UniRef90_E1SMK6	55.20	449	486
UniRef90_UPI00040AFF1C	53.83	449	485
UniRef90_Q0K6M5	48.27	449	477
UniRef90_A0A091AUM6	52.75	449	478
UniRef90_K0C3U5	54.85	449	484
UniRef90_K6YG23	57.14	449	483
UniRef90_A1VST5	47.93	449	478
UniRef90_UPI00048F2DAC	59.20	449	479
UniRef90_A0A081N636	58.12	449	483
UniRef90_D0I4X2	64.03	449	487
UniRef90_UPI0004163AD6	53.66	449	469
UniRef90_A3YHI3	55.36	449	478
UniRef90_Q0I1D2	75.21	449	476
UniRef90_UPI0003B41EEF	51.74	449	471
UniRef90_Q7MNV0	67.39	449	486
UniRef90_X2GVD3	60.89	449	482
UniRef90_E8LKX2	56.59	449	479
UniRef90_D0ZCK4	62.18	449	491
UniRef90_A3NZL4	50.00	449	465
UniRef90_W7QH60	59.44	449	493
UniRef90_UPI0006B42D80	57.52	449	495
UniRef90_A0A060P8J0	50.66	449	464
UniRef90_C8PXV8	53.33	449	504
UniRef90_UPI0004023B5F	52.05	449	478
UniRef90_G2FET2	55.26	449	479
UniRef90_N8VB11	53.19	449	482
UniRef90_C5B9F7	62.39	449	487
UniRef90_H0Q4H0	49.35	449	471
UniRef90_K2DRG8	50.43	449	471
UniRef90_UPI000684D026	57.73	449	463
UniRef90_G4CNF7	53.80	449	465
UniRef90_UPI0004E128FA	56.87	449	485
UniRef90_UPI00063C27C6	65.43	449	486
UniRef90_E1V9L3	54.04	449	507
UniRef90_A0A084CL78	61.76	449	477
UniRef90_F3KP74	47.62	449	477
UniRef90_R8AT68	61.49	449	489
UniRef90_A0A0F4PX40	58.21	449	487
UniRef90_W7PYF6	53.19	449	488
UniRef90_I4MIG7	50.33	449	465
UniRef90_F9ZIS9	51.84	449	475
UniRef90_Q8XVI8	48.04	449	483
UniRef90_H8GRH2	51.76	449	479
UniRef90_A0A0F3IG49	52.60	449	475
UniRef90_UPI0003666052	51.42	449	463
UniRef90_UPI00050A10AB	49.24	449	468
UniRef90_C1D5L5	51.09	449	469
UniRef90_A0A0M1JKA7	51.10	449	482
UniRef90_UPI0003764A6C	57.33	449	493
UniRef90_Q7VMY1	79.05	449	475
UniRef90_UPI0005D37EF4	62.39	449	491
UniRef90_UPI00047209C8	48.10	449	468
UniRef90_UPI0003F7F341	51.09	449	464
UniRef90_W0LFP2	63.24	449	491
UniRef90_UPI0003791363	56.25	449	487
UniRef90_Q6F704	52.34	449	482
UniRef90_UPI0006D66335	59.32	449	487
UniRef90_E5ALG7	50.00	449	487
UniRef90_UPI00061D39BC	51.63	449	462
UniRef90_UPI00034B58A8	49.24	449	475
UniRef90_I9BRC0	49.12	449	479
UniRef90_A0A0E9M517	49.89	449	510
UniRef90_UPI0005F76B62	55.63	449	474
UniRef90_UPI0004E16D27	58.91	449	479
UniRef90_UPI00037CCE4D	52.85	449	477
UniRef90_C4LA26	58.05	449	484
UniRef90_UPI0003807B11	49.34	449	463
UniRef90_C0DTB9	50.32	449	486
UniRef90_I8T611	51.09	449	476
UniRef90_B8CNL2	59.32	449	489
UniRef90_UPI00048B03CB	51.86	449	477
UniRef90_A0A0F4QBF1	58.21	449	477
UniRef90_Q5F6L9	50.87	449	468
UniRef90_A0A0N0XJJ3	50.64	449	468
UniRef90_A0A066ZST2	53.52	449	461
UniRef90_UPI00047543BA	52.27	449	484
UniRef90_V2TN71	51.38	449	482
UniRef90_UPI00054CE2DA	57.26	449	499
UniRef90_M4R431	81.21	449	475
UniRef90_A0A0J7JSN5	50.54	449	464
UniRef90_UPI0006F3E580	50.54	449	469
UniRef90_A7FM65	62.39	449	491
UniRef90_D3V8T1	62.82	449	491
UniRef90_I2JGI6	56.90	449	472
UniRef90_A0KPX1	57.63	449	484
UniRef90_A0A0A2WJH2	53.98	449	481
UniRef90_Q3IFY1	57.26	449	483
UniRef90_Z5XPJ1	62.01	449	483
UniRef90_Q12EL4	47.94	449	467
UniRef90_UPI0006546CE0	49.35	449	470
UniRef90_A0A0D5M5R6	53.19	449	489
UniRef90_D2U1S7	60.29	449	515
UniRef90_E0SG74	62.05	449	486
UniRef90_D5X4H6	48.34	449	469
UniRef90_Q2NVV0	63.10	449	490
UniRef90_A0A0J8GWF4	58.91	449	484
UniRef90_A0A071M9E3	63.10	449	491
UniRef90_F0EXU8	47.19	449	469
UniRef90_A0A084Q798	60.51	449	483
UniRef90_A0A080MA20	49.24	449	464
UniRef90_UPI0004752B72	61.97	449	491
UniRef90_UPI00055758E0	47.39	449	488
UniRef90_V4HZN0	56.50	449	477
UniRef90_A0A0F4QPY6	58.00	449	489
UniRef90_A0A0A0ESE8	54.41	449	486
UniRef90_UPI00068D0E58	53.52	449	469
UniRef90_A4G8T7	47.46	449	469
UniRef90_UPI00047D008B	48.71	449	470
UniRef90_Q5R0M0	58.19	449	490
UniRef90_A2SCY6	49.13	449	469
UniRef90_UPI0002DFC807	57.36	449	482
UniRef90_L8D2B5	56.84	449	478
UniRef90_A0A075P4B6	58.16	449	482
UniRef90_H2IR29	61.97	449	495
UniRef90_UPI0006857DBB	57.64	449	471
UniRef90_UPI000410986B	47.45	449	468
UniRef90_F2BAZ9	50.65	449	484
UniRef90_C4GG47	48.06	449	472
UniRef90_A0A0N0ING0	60.13	449	488
UniRef90_UPI0006DC6BBC	48.91	449	469
UniRef90_UPI00056F5A88	64.13	449	487
UniRef90_Q6D0I4	61.43	449	486
UniRef90_A0A098UDL4	47.44	449	465
UniRef90_C5AAD8	47.49	449	466
UniRef90_UPI000650C63F	49.80	449	490
UniRef90_A0A0G3BKI3	48.81	449	471
UniRef90_A0A0H2QC72	62.39	449	487
UniRef90_F2GD16	59.54	449	481
UniRef90_A0A0A1H8D5	48.92	449	460
UniRef90_UPI0003F9320C	49.36	449	462
UniRef90_R9PSC5	57.96	449	484
UniRef90_F1VUB9	46.61	449	471
UniRef90_Q604V8	51.42	449	472
UniRef90_A3WNG1	59.03	449	489
UniRef90_A0A084CMU9	62.39	449	489
UniRef90_I3UEY8	45.89	449	471
UniRef90_D9SJN1	47.07	449	466
UniRef90_B4F110	61.01	449	487
UniRef90_M1SSM2	47.26	449	478
UniRef90_L2F9D3	50.97	449	485
UniRef90_F5S5H1	46.65	449	468
UniRef90_UPI000463A31E	60.43	449	482
UniRef90_A0A0A7S8D1	60.47	449	491
UniRef90_UPI0003B35C55	57.75	449	486
UniRef90_UPI00048BB225	49.24	449	472
UniRef90_A0A0G3CL14	62.82	449	472
UniRef90_C4KCS2	51.29	449	471
UniRef90_F5XZM6	48.28	449	470
UniRef90_A6GR20	46.79	449	466
UniRef90_A0A0K1JZK6	48.39	449	463
UniRef90_UPI000421F8C9	51.88	449	478
UniRef90_A1TKD2	48.59	449	475
UniRef90_UPI000466E9BD	52.52	449	482
UniRef90_UPI0003783535	56.37	449	480
UniRef90_S6BAF9	53.83	449	461
UniRef90_A0A085HGN0	62.31	449	471
UniRef90_A0A0A0F187	50.98	449	488
UniRef90_UPI0006FCB76C	47.55	449	468
UniRef90_UPI0003F73D93	50.33	449	464
UniRef90_W0E6N3	50.66	449	475
UniRef90_K8W387	61.55	449	487
UniRef90_UPI0003790EE4	48.47	449	491
UniRef90_G4QME0	58.62	449	514
UniRef90_H8Z3I2	52.74	449	497
UniRef90_Q1LSW6	55.48	449	490
UniRef90_Q5ZSA5	50.33	449	469
UniRef90_A0A0K6IRZ7	53.04	449	473
UniRef90_Q65RY7	74.63	449	480
UniRef90_G0AF37	47.03	449	468
UniRef90_E6PTH3	47.94	449	471
UniRef90_A0A091AXA6	54.73	449	477
UniRef90_L9PMB8	47.74	449	463
UniRef90_K9DB89	46.88	449	469
UniRef90_K7A9T2	55.77	449	484
UniRef90_UPI00047C8AF1	49.46	449	470
UniRef90_A0A098G8X4	50.77	449	469
UniRef90_UPI0007030B2C	50.00	449	475
UniRef90_UPI0004265311	58.60	449	486
UniRef90_UPI00042019DC	48.81	449	477
UniRef90_UPI00036AB470	50.33	449	473
UniRef90_Q9PF80	52.41	449	477
UniRef90_D3HL68	50.77	449	469
UniRef90_UPI0005096D1B	73.31	449	478
UniRef90_UPI00037FE784	47.62	449	469
UniRef90_A0A0K6IQ26	49.03	449	479
UniRef90_J7SJL0	61.10	449	473
UniRef90_A0A0C5JJY6	49.67	449	468
UniRef90_A5WCT9	51.28	449	476
UniRef90_A0A0F3KYV9	50.44	449	479
UniRef90_UPI0004DF0895	49.24	449	471
UniRef90_UPI0005926DD8	48.80	449	465
UniRef90_D5CP22	44.33	449	486
UniRef90_G4QC55	44.75	449	472
UniRef90_UPI0003448E4D	46.58	449	468
UniRef90_G4CI47	49.67	449	468
UniRef90_A0A085FKW7	47.54	449	461
UniRef90_D3RVH6	51.26	449	475
UniRef90_UPI000372A1D1	49.89	449	480
UniRef90_A0A0C2BV82	46.30	449	468
UniRef90_A0A0A0EPU6	51.42	449	485
UniRef90_F9ZZP8	52.95	449	482
UniRef90_A0A0K6H753	56.48	449	498
UniRef90_A4JB95	49.24	449	465
UniRef90_Q47AA5	46.91	449	463
UniRef90_UPI00048E5B6B	44.91	449	455
UniRef90_UPI00041CBA77	49.24	449	472
UniRef90_A0A0A3AKS2	71.67	449	480
UniRef90_UPI0003B58090	51.39	449	473
UniRef90_W0VB23	47.74	449	467
UniRef90_E8UEF7	44.75	449	472
UniRef90_A6FEZ6	60.64	449	485
UniRef90_UPI0004A6E6F7	49.45	449	463
UniRef90_E7RYP5	46.86	449	489
UniRef90_V5UEK6	47.98	449	469
UniRef90_R7C144	49.89	449	467
UniRef90_G8QMS6	48.83	449	467
UniRef90_UPI0002E23950	47.68	449	468
UniRef90_A0A0J0YS62	48.83	449	465
UniRef90_UPI00054EBEF7	51.42	449	463
UniRef90_W7W085	49.67	449	595
UniRef90_K6ZPS9	58.12	449	498
UniRef90_UPI00041BF425	56.38	449	472
UniRef90_U1JKD4	56.50	449	478
UniRef90_A0A094NWD3	53.85	449	481
UniRef90_UPI000374F0E5	50.77	449	469
UniRef90_Q7N148	61.84	449	491
UniRef90_R4I0I5	60.00	449	480
UniRef90_A1SU20	58.72	449	487
UniRef90_W0DUJ9	49.56	449	460
UniRef90_F5ZBR7	58.39	449	482
UniRef90_A0A059WZM2	47.01	449	465
UniRef90_Q2KVG1	47.89	449	468
UniRef90_W6LU77	51.82	449	481
UniRef90_UPI0006F89457	50.52	449	484
UniRef90_UPI000493CC1B	48.36	449	462
UniRef90_L0H2I0	51.87	449	477
UniRef90_A0A066UBF9	51.28	449	479
UniRef90_Q31I43	49.67	449	461
UniRef90_V4JST8	50.98	449	480
UniRef90_UPI0006CAE7AD	48.94	449	466
UniRef90_K2BTL1	50.54	449	475
UniRef90_A0A0N1LB97	47.11	449	462
UniRef90_UPI00036FDB34	51.70	449	473
UniRef90_W1N6Y8	54.04	449	490
UniRef90_UPI000667C70A	53.80	449	481
UniRef90_D0KXY5	51.50	449	491
UniRef90_F7NZM1	58.33	449	482
UniRef90_A0A0J9BLQ3	61.09	449	488
UniRef90_S6HC91	53.64	449	446
UniRef90_A0A0M6W6H5	56.20	449	481
UniRef90_K2KBW8	60.08	449	490
UniRef90_UPI0004E12E00	56.96	449	475
UniRef90_A0A0K8JZ63	47.31	449	463
UniRef90_W0BCJ7	50.00	449	473
UniRef90_Q21SX0	48.37	449	477
UniRef90_UPI000693BE20	54.66	449	470
UniRef90_UPI0004063122	55.86	449	484
UniRef90_F6D9L8	50.55	449	457
UniRef90_A0A060B7W5	52.55	449	489
UniRef90_UPI00037D768D	49.78	449	469
UniRef90_A0A021W6X9	54.87	449	481
UniRef90_UPI0006861D96	55.36	449	464
UniRef90_UPI000370CD63	47.96	449	473
UniRef90_F3LHA5	54.64	449	491
UniRef90_D8IW65	47.66	449	475
UniRef90_UPI000480C794	44.40	449	458
UniRef90_V9HMD6	48.28	449	470
UniRef90_G4SWN2	52.30	449	479
UniRef90_A0A0K8P3B0	48.81	449	469
UniRef90_M4U670	57.14	449	487
UniRef90_UPI0003769210	49.67	449	465
UniRef90_A0A059WPW2	45.61	449	468
UniRef90_UPI000409069E	52.23	449	488
UniRef90_C0N6A0	51.93	449	473
UniRef90_A4C8C8	57.36	449	478
UniRef90_T0AQZ9	47.36	449	471
UniRef90_UPI00040457C9	52.18	449	485
UniRef90_B9M173	42.67	449	458
UniRef90_UPI00042796A8	47.16	449	466
UniRef90_B3E3Y1	44.19	449	456
UniRef90_UPI000685AD97	54.70	449	465
UniRef90_Q83MF8	62.39	449	491
UniRef90_Q1YSD0	55.34	449	485
UniRef90_K1ZIR6	50.66	449	481
UniRef90_A9BUK7	47.23	449	477
UniRef90_Q2Y639	49.16	449	493
UniRef90_UPI000300FB7D	54.68	449	470
UniRef90_E3HGE0	47.47	449	468
UniRef90_UPI00048A8268	45.61	449	455
UniRef90_D5VA52	50.00	449	486
UniRef90_I3CJD8	48.69	449	477
UniRef90_E9CPF8	61.97	449	491
UniRef90_UPI0002FE6E36	48.94	449	475
UniRef90_H0J462	53.62	449	489
UniRef90_I3YB97	49.89	449	475
UniRef90_UPI0006DA0D2A	54.53	449	484
UniRef90_K8ZLC2	52.08	449	680
UniRef90_H5WP05	49.03	449	471
UniRef90_C8ND45	50.87	449	479
UniRef90_UPI0006F8B4CD	47.68	449	481
UniRef90_A9I4V6	47.26	449	468
UniRef90_UPI0005C8CBA0	50.55	449	461
UniRef90_Q313Q2	44.00	449	454
UniRef90_I0HMQ9	48.82	449	474
UniRef90_F7RZI4	57.45	449	488
UniRef90_UPI00056E05DD	52.65	449	464
UniRef90_Q0A6K3	49.22	449	479
UniRef90_B9MFR1	47.51	449	477
UniRef90_K2CL08	50.11	449	481
UniRef90_M5DK07	46.95	449	471
