UniRef90_P40881	100.00	206	247
UniRef90_A0A0E3SJW8	85.92	206	249
UniRef90_A0A0E3QU57	85.92	206	249
UniRef90_A0A0E3Q2Z4	84.95	206	249
UniRef90_A0A0F8BXJ0	84.50	206	247
UniRef90_A0A0E3WN36	83.08	206	250
UniRef90_A0A0E3NPU0	84.08	206	247
UniRef90_A0A0E3SDT1	83.50	206	247
UniRef90_A0A0E3L8W6	80.20	206	252
UniRef90_A0A0E3S3I8	81.09	206	247
UniRef90_A0A0E3NWR8	79.21	206	249
UniRef90_F2KNT3	66.83	206	256
UniRef90_F7XMW7	60.70	206	219
UniRef90_A0A0E3STH6	57.92	206	206
UniRef90_Q2LUP7	58.29	206	204
UniRef90_UPI0006863BD7	56.31	206	241
UniRef90_UPI00036A9942	57.28	206	269
UniRef90_K9U4N3	54.95	206	227
UniRef90_K9XLP5	55.17	206	230
UniRef90_Q3A3H4	55.28	206	205
UniRef90_A0A091FGT7	55.28	206	204
UniRef90_UPI00034A3BD4	55.39	206	227
UniRef90_UPI000307BE69	54.46	206	221
UniRef90_A0A0F2PD50	55.50	206	222
UniRef90_D8PHX9	54.97	206	230
UniRef90_D8PGW7	55.67	206	228
UniRef90_I3DZM2	52.15	206	232
UniRef90_A0A075MNC6	46.73	206	291
UniRef90_A0A060HSC1	46.98	206	293
UniRef90_A0A0H4X780	43.56	206	236
UniRef90_B5W1L2	46.19	206	546
UniRef90_UPI0005CF4D90	44.55	206	232
UniRef90_A0A0F5YGQ4	44.16	206	551
UniRef90_K9Q823	43.15	206	555
UniRef90_Q2JKN0	43.37	206	653
UniRef90_K9XQK7	43.88	206	680
UniRef90_D8G7Q1	43.37	206	549
UniRef90_Q2JU49	43.08	206	654
UniRef90_K9SIV0	43.65	206	676
UniRef90_L8LU67	43.88	206	646
UniRef90_UPI000347CBC0	42.13	206	685
UniRef90_UPI000364CC95	43.37	206	315
UniRef90_B0CDH9	41.41	206	310
UniRef90_A0A0C1UML5	45.92	206	661
UniRef90_A0A073CEW8	44.16	206	499
UniRef90_K9R111	41.84	206	549
UniRef90_K9YHA3	43.15	206	670
UniRef90_K9Z2K0	44.39	206	672
UniRef90_L8N335	44.44	206	696
UniRef90_K9EM78	41.12	206	312
UniRef90_UPI000400DFEA	43.65	206	648
UniRef90_U7QGV2	43.15	206	561
UniRef90_K9X1R5	43.15	206	545
UniRef90_B7JVW2	42.13	206	666
UniRef90_UPI00034DE330	45.18	206	545
UniRef90_A0YRT5	43.15	206	554
UniRef90_A0A0M4T2C9	43.88	206	555
UniRef90_UPI00030AFD62	42.86	206	555
UniRef90_F5UM83	42.35	206	550
UniRef90_U5DL44	41.62	206	311
UniRef90_M1X366	41.33	206	550
UniRef90_Q10XY3	43.37	206	672
UniRef90_K9UWC4	42.86	206	568
UniRef90_K9UKG4	43.07	206	567
UniRef90_L8M686	43.15	206	671
UniRef90_A0A0C1RAJ7	42.86	206	560
UniRef90_U5QDI9	43.94	206	665
UniRef90_UPI00034CBA15	42.13	206	549
UniRef90_UPI00047CBE31	42.86	206	553
UniRef90_A0A098TLV8	42.64	206	553
UniRef90_A0A0C2Q4Q1	43.88	206	561
UniRef90_A0A0D6KLP7	42.86	206	552
UniRef90_A0ZBS3	43.94	206	556
UniRef90_E0ICY7	44.69	206	239
UniRef90_A3IPM2	41.50	206	667
UniRef90_UPI00031FCDA6	43.37	206	553
UniRef90_K9SRD4	42.64	206	652
UniRef90_K9VZA0	41.84	206	550
UniRef90_D4TPU5	40.61	206	543
UniRef90_G6FUV4	41.33	206	547
UniRef90_X5JNU0	42.35	206	550
UniRef90_Q7NIT9	41.12	206	668
UniRef90_K9PUM9	39.50	206	662
UniRef90_UPI0003828ED2	41.33	206	550
UniRef90_A0A0M1JVF8	42.00	206	667
UniRef90_K9S574	42.13	206	558
UniRef90_B2J9Z2	42.35	206	669
UniRef90_A0A0M2Q1L7	42.86	206	566
UniRef90_K9TVE3	43.37	206	566
UniRef90_UPI00036BFB28	40.70	206	690
UniRef90_UPI00056D21EE	40.70	206	687
UniRef90_UPI0004E42C12	41.03	206	554
UniRef90_Q8DKB5	43.37	206	652
UniRef90_K8GLL0	45.09	206	678
UniRef90_K9X9U7	42.35	206	560
UniRef90_E0U7P3	39.59	206	670
UniRef90_B7K7P5	40.10	206	675
UniRef90_UPI00034ABE81	40.82	206	673
UniRef90_F4XSW0	42.13	206	559
UniRef90_K9T010	40.61	206	665
UniRef90_A0A0D6ABV8	41.33	206	657
UniRef90_K9YU24	41.12	206	681
UniRef90_A0A0C2M589	41.84	206	554
UniRef90_K9YGX2	40.10	206	678
UniRef90_K9PDK6	40.61	206	550
UniRef90_F7Q204	42.00	206	222
UniRef90_UPI0002ABAB23	41.62	206	312
UniRef90_UPI000372E009	43.58	206	674
UniRef90_K9TI19	41.84	206	544
UniRef90_K9WK39	43.68	206	584
UniRef90_K9ZA75	40.10	206	554
UniRef90_Q3M4L9	39.80	206	556
UniRef90_A0A099SCA0	42.50	206	232
UniRef90_F9MN47	43.72	206	188
UniRef90_K7WXB0	41.84	206	553
UniRef90_D7DVV1	40.10	206	552
UniRef90_A0A0D6AV50	39.80	206	655
UniRef90_UPI0002E7964F	38.61	206	584
UniRef90_Q4C8Y5	40.50	206	669
UniRef90_K9WEF9	41.03	206	315
UniRef90_S9P8Q0	42.25	206	712
UniRef90_K9RD55	40.82	206	590
UniRef90_D3LT90	42.79	206	190
UniRef90_K9RUZ0	38.89	206	656
UniRef90_UPI000347F673	41.90	206	220
UniRef90_UPI00034AA268	41.62	206	673
UniRef90_A0B700	40.00	206	183
UniRef90_U2D8C5	40.39	206	229
UniRef90_E6U7U8	42.46	206	237
UniRef90_UPI0002AC603E	40.46	206	549
UniRef90_UPI000347564C	41.12	206	692
UniRef90_UPI000419F025	40.46	206	657
UniRef90_A0A0E3NGY0	38.69	206	191
UniRef90_U5DIC4	39.80	206	686
UniRef90_UPI0004905F58	39.00	206	220
UniRef90_UPI000477215F	42.05	206	222
UniRef90_UPI000647F5C8	41.34	206	210
UniRef90_O30711	38.14	206	661
UniRef90_B0CBT9	41.01	206	803
UniRef90_G7WMN6	39.70	206	191
UniRef90_C6CR64	39.90	206	226
UniRef90_UPI0005601CD3	40.12	206	582
UniRef90_B4W1U9	39.78	206	554
UniRef90_UPI0005A7BA5A	41.14	206	216
UniRef90_A0A0J8D7Q2	39.50	206	220
UniRef90_UPI00047CBAEC	41.34	206	218
UniRef90_A0A0D7XVW0	40.22	206	214
UniRef90_UPI0004051A65	39.47	206	227
UniRef90_F4C035	36.63	206	189
UniRef90_B2TJP5	37.00	206	232
UniRef90_UPI00031E0FDA	40.35	206	674
UniRef90_A0A0K1Q7N3	41.09	206	695
UniRef90_J9BW87	39.11	206	221
UniRef90_B0JVM0	38.95	206	652
UniRef90_UPI000686294C	36.32	206	210
UniRef90_UPI00034CBB58	38.15	206	676
UniRef90_A0A0B6APA2	40.78	206	226
UniRef90_A0A0D8ZYB3	37.10	206	555
UniRef90_R1AW31	36.36	206	234
UniRef90_A0A098F9K9	40.22	206	226
UniRef90_UPI0005A8EA2D	38.55	206	225
UniRef90_I4AAF6	33.17	206	196
UniRef90_F6CPG3	37.19	206	193
UniRef90_U9W9L6	37.65	206	664
UniRef90_UPI00068F7E5D	37.71	206	221
UniRef90_S2Y4F8	38.55	206	226
UniRef90_UPI0006A77C9A	36.87	206	228
UniRef90_Q03513	43.12	206	539
UniRef90_K9FM49	38.89	206	669
UniRef90_UPI0006A7D890	37.57	206	209
UniRef90_UPI00054F83E1	35.53	206	184
UniRef90_A0A0G0EZI2	38.25	206	204
UniRef90_E6QVB1	36.87	206	186
UniRef90_UPI00067B7D3F	36.41	206	228
UniRef90_UPI000301A3A7	37.99	206	226
UniRef90_A0A0C7AR99	38.58	206	186
UniRef90_B8HQJ5	37.06	206	650
UniRef90_P72758	40.48	206	687
UniRef90_UPI00047C4475	35.91	206	224
UniRef90_UPI0004897085	35.15	206	193
UniRef90_F9UBH2	37.88	206	186
UniRef90_UPI00037F4B5B	37.37	206	186
UniRef90_A0A0E3NYU8	36.92	206	186
UniRef90_V8G4X7	36.82	206	186
UniRef90_A0A0A3X5X9	36.04	206	186
UniRef90_A0A0E3L461	37.70	206	181
UniRef90_A0A0G0D6E5	36.46	206	204
UniRef90_UPI0005B4FD89	34.85	206	186
UniRef90_A0A0F8S825	38.22	206	181
UniRef90_A0A0B4XRI5	36.87	206	186
UniRef90_A0A0E3PRN8	36.79	206	181
UniRef90_A0A0G0HNQ6	36.71	206	213
UniRef90_G4E6A9	36.36	206	186
UniRef90_A0A0E3SIC4	38.22	206	181
UniRef90_A0A0E3RB44	38.74	206	181
UniRef90_UPI0002AC980C	37.43	206	375
UniRef90_UPI0002AC980C	27.66	206	375
UniRef90_A4SRP2	36.50	206	186
UniRef90_UPI0004886866	33.00	206	186
UniRef90_A0A0F5HPT0	34.31	206	230
UniRef90_S3P4Z1	35.03	206	186
UniRef90_D4BX67	34.34	206	186
UniRef90_J0P6B3	37.56	206	186
UniRef90_C0VLM6	35.03	206	186
UniRef90_A0A0G3XUK1	36.11	206	210
UniRef90_K9NRA6	36.55	206	186
UniRef90_L0SVY2	34.34	206	186
UniRef90_D5QBR2	35.18	206	186
UniRef90_A0A0G3ES38	33.84	206	186
UniRef90_A0A062V4X9	36.41	206	182
UniRef90_A0A0F9SRD0	35.50	206	186
UniRef90_S0FV66	38.83	206	179
UniRef90_Q0VNW8	33.17	206	186
UniRef90_Q6FCC6	34.00	206	186
UniRef90_C4L7D0	36.55	206	186
UniRef90_UPI0006EBEDFF	32.34	206	236
UniRef90_A0A0F2PLS7	32.49	206	210
UniRef90_UPI0003824053	36.00	206	186
UniRef90_A0A0E3S5Z2	36.65	206	216
UniRef90_W9DRR3	34.36	206	182
UniRef90_Q8TRS1	35.23	206	181
UniRef90_J2LRE1	34.34	206	186
UniRef90_A0A0C2LKM4	35.47	206	390
UniRef90_A0A0C2LKM4	30.37	206	390
UniRef90_UPI0006911F81	33.74	206	184
UniRef90_D8J1G2	34.34	206	186
UniRef90_Q4K3E3	36.55	206	186
UniRef90_UPI00040A5C1F	33.50	206	186
UniRef90_A0A0B5FDM3	32.83	206	186
UniRef90_H1G3Y6	34.34	206	186
UniRef90_UPI00035E3A1D	35.47	206	393
UniRef90_UPI00035E3A1D	31.55	206	393
UniRef90_E8UDY8	33.17	206	186
UniRef90_UPI00041CBB30	34.62	206	186
UniRef90_A0A0F9U7Y7	35.55	206	191
UniRef90_A0A028VAD7	34.52	206	186
UniRef90_S9TJT4	34.67	206	192
UniRef90_K9U3J4	33.93	206	378
UniRef90_K9U3J4	31.44	206	378
UniRef90_D7I0Y3	36.04	206	186
UniRef90_Q82V91	32.83	206	186
UniRef90_V8L8U0	33.02	206	211
UniRef90_U2DQX7	35.00	206	212
UniRef90_A0A0C2PZB8	34.52	206	396
UniRef90_A0A0C2PZB8	29.84	206	396
UniRef90_Q1LPD8	34.01	206	186
UniRef90_A0A0C1Y5I2	35.33	206	677
UniRef90_Q2BNC0	34.85	206	186
UniRef90_A0A0E3SNZ9	35.23	206	204
UniRef90_A0A0F4RCS5	34.17	206	186
UniRef90_UPI00035FE664	34.85	206	186
UniRef90_UPI0002F4EAFA	33.50	206	186
UniRef90_UPI00067C7DF3	32.83	206	186
UniRef90_K4M7M1	33.33	206	181
UniRef90_D4E602	35.53	206	188
UniRef90_W8L1M8	33.84	206	186
UniRef90_K4N028	35.03	206	186
UniRef90_A0A0F0FKX0	31.82	206	186
UniRef90_M7PDF9	34.52	206	186
UniRef90_C7RQ94	32.83	206	186
UniRef90_C1DM02	36.04	206	186
UniRef90_UPI00040FFE71	32.67	206	209
UniRef90_UPI0004A6EBA7	33.50	206	186
UniRef90_Q1I8Z1	36.04	206	186
UniRef90_UPI00056C03F7	32.32	206	186
UniRef90_S3IWD8	35.53	206	186
UniRef90_C0N1T4	32.49	206	186
UniRef90_Q3SFN8	33.84	206	186
UniRef90_Q39AS6	33.33	206	186
UniRef90_A0A0J6NM53	31.47	206	186
UniRef90_A0A095W7I4	33.33	206	186
UniRef90_D5EAX7	36.08	206	178
UniRef90_I3THX8	32.99	206	186
UniRef90_C2XWX6	35.62	206	172
UniRef90_L0KZ08	33.33	206	184
UniRef90_A0A0F6A311	32.00	206	186
UniRef90_Q3A8R7	35.90	206	180
UniRef90_E3BHE8	31.84	206	186
UniRef90_A0A0F7JX20	32.32	206	186
UniRef90_U5N7L0	33.50	206	186
UniRef90_Q5E282	32.50	206	186
UniRef90_A0A0M7FNX3	34.52	206	186
UniRef90_A6UU83	36.89	206	273
UniRef90_A0A0F2NG50	36.60	206	179
UniRef90_A0A0B8Q3V8	30.50	206	186
UniRef90_UPI0002554A7B	34.34	206	186
UniRef90_A0A077DJA0	34.69	206	186
UniRef90_UPI000475F1A3	36.82	206	270
UniRef90_C1D446	33.33	206	380
UniRef90_C1D446	26.88	206	380
UniRef90_A9C022	32.49	206	186
UniRef90_Q3ACL6	32.31	206	179
UniRef90_UPI000670A54F	33.68	206	177
UniRef90_B4WNX1	31.03	206	872
UniRef90_F4A144	32.46	206	185
UniRef90_A0A080M5H2	32.83	206	186
UniRef90_UPI0006C76A09	32.49	206	186
UniRef90_A8AF21	33.51	206	175
UniRef90_A0A0A2VU49	35.60	206	480
UniRef90_UPI00036BD04C	30.05	206	202
UniRef90_A0A061PP05	37.58	206	141
UniRef90_K0NI33	31.40	206	199
UniRef90_Q0AHD2	30.64	206	197
UniRef90_UPI00058B8A0C	51.32	206	80
UniRef90_UPI000688F12E	33.11	206	630
UniRef90_V8GBB0	36.36	206	173
UniRef90_A0A0F2NII3	30.95	206	195
UniRef90_W0PDL4	34.86	206	173
UniRef90_A0A095YYJ5	36.47	206	173
UniRef90_UPI0004785A8C	40.54	206	171
UniRef90_UPI000688ADAC	31.18	206	204
UniRef90_UPI00046643A9	34.41	206	165
UniRef90_I3UDQ8	35.43	206	173
UniRef90_A0A077DDW9	35.71	206	173
UniRef90_UPI00035F5A90	35.09	206	174
UniRef90_H1S9U7	35.86	206	174
UniRef90_UPI0004E11AB0	37.16	206	171
UniRef90_A0A0F0FFH3	33.13	206	174
UniRef90_A0A090SZE6	37.69	206	127
UniRef90_F3CA16	34.25	206	145
UniRef90_A1SRI5	32.11	206	179
UniRef90_A0A0M2WHD6	32.62	206	174
UniRef90_T4W5G4	35.14	206	166
UniRef90_UPI000255787B	34.03	206	174
UniRef90_UPI000471F7A7	36.11	206	173
UniRef90_A0A090TUP2	36.84	206	127
UniRef90_UPI00040021EE	34.08	206	181
UniRef90_W8WTN4	36.84	206	173
UniRef90_F6G2C3	34.68	206	214
UniRef90_E0S2U1	35.62	206	185
UniRef90_UPI000404F9E6	36.99	206	169
UniRef90_G5H0T5	33.15	206	176
UniRef90_UPI0003F8EC9B	33.73	206	182
UniRef90_A0A0K1K589	31.90	206	174
UniRef90_B9TPG6	32.62	206	214
UniRef90_A0A0A1SKS5	32.97	206	166
UniRef90_A0A0A0DKA9	31.43	206	180
UniRef90_A0A0M4LF03	32.53	206	174
UniRef90_UPI00040770D1	33.96	206	177
UniRef90_UPI0004973EED	31.61	206	167
UniRef90_UPI0006F24ABE	40.48	206	102
UniRef90_E1V602	31.18	206	177
UniRef90_F7UUV0	31.58	206	185
UniRef90_A3JSN4	30.65	206	174
UniRef90_UPI0003998EA1	29.32	206	179
UniRef90_UPI0006FE2D59	35.53	206	173
UniRef90_W0V3T8	33.12	206	174
UniRef90_A0A0F9IT66	36.65	206	181
UniRef90_B2KC26	30.00	206	171
UniRef90_UPI00036CF4A9	37.30	206	174
UniRef90_UPI0006F5B093	32.02	206	175
UniRef90_F5Y3N0	36.72	206	174
UniRef90_X4YZ57	35.42	206	173
UniRef90_R5H1E6	32.11	206	173
UniRef90_UPI00056347EC	27.96	206	182
UniRef90_M2U814	31.84	206	175
UniRef90_UPI0004150F27	32.58	206	158
UniRef90_UPI0006F70AF3	31.95	206	174
UniRef90_UPI0006F68A44	36.13	206	174
UniRef90_UPI0006FF62F2	35.33	206	174
UniRef90_UPI000680A9CB	36.88	206	166
UniRef90_A6UX19	27.10	206	204
UniRef90_UPI000686BFFD	36.30	206	171
UniRef90_UPI000686DCDF	41.59	206	99
UniRef90_Q88HG6	32.58	206	174
UniRef90_A4G734	33.92	206	174
UniRef90_A0A081GLY8	31.98	206	184
UniRef90_UPI00070181F2	32.58	206	180
UniRef90_J4V0X8	35.04	206	176
UniRef90_B1J8D1	31.61	206	174
UniRef90_UPI0004C354AA	33.16	206	175
UniRef90_D4J3M7	36.69	206	158
UniRef90_Q2L082	34.72	206	173
UniRef90_UPI0003C19F2D	32.35	206	176
UniRef90_A0A0F4R6D3	31.28	206	175
UniRef90_UPI0003813613	34.87	206	178
UniRef90_F1VXC0	30.16	206	175
UniRef90_H0JB33	30.26	206	183
UniRef90_UPI0006FDAB1E	33.70	206	171
UniRef90_R6HZ12	34.97	206	179
UniRef90_UPI0006F1E422	35.25	206	215
UniRef90_UPI00056C3B9B	34.43	206	176
UniRef90_K9E153	32.41	206	174
UniRef90_UPI000486BB09	30.11	206	167
UniRef90_A0A0E7UTV8	34.72	206	173
UniRef90_UPI000425ECF2	30.58	206	192
UniRef90_I9A1L6	34.69	206	172
UniRef90_UPI00058ECED2	29.12	206	168
UniRef90_A0A0G3VBC2	37.63	206	121
UniRef90_UPI0003F59CAE	30.29	206	168
UniRef90_UPI000345F18B	30.05	206	174
UniRef90_A9IIQ4	33.77	206	173
UniRef90_Q7UR11	33.88	206	206
UniRef90_UPI0004867E15	30.85	206	180
UniRef90_A0A0A1H7T9	36.11	206	174
UniRef90_UPI0006FF7A8E	34.23	206	179
UniRef90_A0A0C1RBP3	35.46	206	172
UniRef90_A0A031G008	36.99	206	176
UniRef90_A0A0H3X181	33.13	206	167
UniRef90_UPI0003B77DC0	37.96	206	173
UniRef90_UPI00040863C7	32.91	206	174
UniRef90_UPI0003690BA2	29.95	206	174
UniRef90_UPI000371F5D9	34.72	206	173
UniRef90_E8RQD5	32.24	206	173
UniRef90_F5R8M0	33.10	206	176
UniRef90_UPI0005A2C722	31.82	206	174
UniRef90_UPI00046EEB01	32.21	206	177
UniRef90_H5WI20	30.16	206	174
UniRef90_A0A0C2IMH8	31.79	206	182
UniRef90_B2UGS8	31.84	206	174
UniRef90_V4NYJ1	30.21	206	175
UniRef90_UPI0006898960	25.69	206	620
UniRef90_UPI0003717914	34.62	206	174
UniRef90_A0A098UAE0	32.02	206	174
UniRef90_G8PY42	31.77	206	181
UniRef90_UPI0004C597A8	32.62	206	178
UniRef90_UPI0005BAE1AF	34.97	206	173
UniRef90_I3C551	31.33	206	171
UniRef90_UPI0005910DC6	32.12	206	169
UniRef90_UPI00048B5482	31.67	206	183
UniRef90_N9VHM6	29.66	206	182
UniRef90_Q1MZ69	30.89	206	179
UniRef90_UPI0003B51111	29.44	206	183
UniRef90_W1J5A7	36.67	206	198
UniRef90_K2F9Y6	37.14	206	234
UniRef90_UPI00063CFEBB	35.42	206	172
UniRef90_H3NMR7	32.84	206	287
UniRef90_R5AL33	31.49	206	205
UniRef90_UPI00036C625B	30.11	206	177
UniRef90_Q47CG1	29.63	206	173
UniRef90_UPI00058EC248	31.38	206	186
UniRef90_A0A0N1BNX9	31.65	206	176
UniRef90_E1V549	34.23	206	182
UniRef90_U1Z9F2	42.61	206	175
UniRef90_A0A0F2TGH1	34.23	206	176
UniRef90_A0A0B1YB57	37.80	206	174
UniRef90_UPI0004B22168	30.51	206	166
UniRef90_UPI0002F3442D	32.57	206	174
UniRef90_UPI00031CE148	36.91	206	171
UniRef90_B2JS08	31.82	206	261
UniRef90_UPI0004736840	34.48	206	174
UniRef90_A0A0K1J4H4	34.30	206	182
UniRef90_UPI00047E36E6	35.42	206	173
UniRef90_C0XTR6	36.09	206	174
UniRef90_W2UI77	32.02	206	174
UniRef90_B6G1J4	29.21	206	164
UniRef90_R6KM60	31.36	206	167
UniRef90_A0A0F5JXX7	32.95	206	174
UniRef90_F2AKS8	33.33	206	275
UniRef90_B8KUG7	30.56	206	188
UniRef90_A0A085F3B9	33.13	206	174
UniRef90_A0A0D5BRY9	37.41	206	197
UniRef90_A0A098T677	33.97	206	174
UniRef90_A0A098U504	35.97	206	197
UniRef90_A0A0N0D9I4	33.33	206	175
UniRef90_A0A0M0HN33	32.32	206	199
UniRef90_A0A099NKF3	27.92	206	185
UniRef90_A0A0C2BLI9	31.43	206	174
UniRef90_A1K7F0	32.58	206	181
UniRef90_UPI00068E5F49	34.25	206	160
UniRef90_UPI0004DF0511	32.61	206	177
UniRef90_UPI000509CC49	31.13	206	167
UniRef90_R6DT76	31.69	206	165
UniRef90_UPI00067EC1BE	35.76	206	167
UniRef90_S6KS67	28.87	206	181
UniRef90_E7RWL1	29.61	206	175
UniRef90_UPI0006FE6921	30.90	206	174
UniRef90_L9PFJ9	32.16	206	174
UniRef90_A0A0K1PBH0	32.56	206	176
UniRef90_UPI00041C66FD	29.74	206	184
UniRef90_A0A0J1DD97	33.79	206	174
UniRef90_A0A0D7QTD5	34.76	206	169
UniRef90_K2KE54	31.76	206	177
UniRef90_L7VZG4	33.76	206	228
UniRef90_A4CV33	34.52	206	177
UniRef90_A2SHD4	29.48	206	174
UniRef90_UPI0002ECC2AF	32.94	206	172
UniRef90_W3YCC1	36.11	206	197
UniRef90_UPI00046922F3	36.22	206	196
UniRef90_UPI000702A4E6	29.61	206	173
UniRef90_D5UPR2	35.68	206	172
UniRef90_UPI00041B1AC1	31.94	206	173
UniRef90_D4E4I7	35.83	206	198
UniRef90_UPI0006FD312F	33.12	206	176
UniRef90_UPI00036CF229	33.11	206	173
UniRef90_UPI0006D180A9	36.30	206	179
UniRef90_K0CDN6	32.97	206	177
UniRef90_I9BZC9	31.71	206	174
UniRef90_U3R3M8	32.22	206	174
UniRef90_A0A0E3W3T8	36.24	206	175
UniRef90_D0I2T3	26.20	206	180
UniRef90_A0A0A1HV85	33.33	206	174
UniRef90_R7B557	33.11	206	198
UniRef90_UPI0002E300FC	36.24	206	171
UniRef90_E2XJ86	30.37	206	180
UniRef90_N6YJY9	33.33	206	184
UniRef90_U3AYR9	30.30	206	180
UniRef90_Q2CE51	33.33	206	173
UniRef90_V6F7W2	36.67	206	202
UniRef90_UPI0004216731	31.36	206	179
UniRef90_D6CNL6	34.15	206	205
UniRef90_UPI0002ED1A9E	27.17	206	179
UniRef90_UPI0006F1E6C9	30.52	206	174
UniRef90_UPI00047FE70B	33.71	206	178
UniRef90_UPI000306C4ED	37.50	206	175
UniRef90_UPI000424F855	35.37	206	176
UniRef90_P40881	100.00	206	247
UniRef90_A0A0E3SJW8	85.92	206	249
UniRef90_A0A0E3QU57	85.92	206	249
UniRef90_A0A0E3WN36	83.08	206	250
UniRef90_A0A0E3S3I8	81.09	206	247
UniRef90_A0A0E3L8W6	80.60	206	252
UniRef90_A0A0E3Q2Z4	84.95	206	249
UniRef90_A0A0F8BXJ0	84.50	206	247
UniRef90_A0A0E3NPU0	84.08	206	247
UniRef90_A0A0E3SDT1	83.50	206	247
UniRef90_A0A0E3NWR8	79.60	206	249
UniRef90_F2KNT3	66.83	206	256
UniRef90_UPI00036A9942	57.28	206	269
UniRef90_A3IPM2	40.20	206	667
UniRef90_F7XMW7	60.10	206	219
UniRef90_B5W1L2	44.28	206	546
UniRef90_UPI00047CBE31	39.60	206	553
UniRef90_UPI0006863BD7	56.31	206	241
UniRef90_K9SIV0	42.08	206	676
UniRef90_K9YGX2	38.69	206	678
UniRef90_A0A098TLV8	41.41	206	553
UniRef90_Q2JKN0	41.67	206	653
UniRef90_UPI0003828ED2	38.54	206	550
UniRef90_UPI00030AFD62	39.11	206	555
UniRef90_UPI0004E42C12	39.51	206	554
UniRef90_K9XQK7	41.71	206	680
UniRef90_K9Q823	41.29	206	555
UniRef90_Q2JU49	41.18	206	654
UniRef90_Q4C8Y5	39.11	206	669
UniRef90_G6FUV4	38.12	206	547
UniRef90_D8G7Q1	42.93	206	549
UniRef90_K9UWC4	41.09	206	568
UniRef90_UPI00034CBA15	38.81	206	549
UniRef90_Q8DKB5	41.21	206	652
UniRef90_E0U7P3	38.38	206	670
UniRef90_K9S574	40.91	206	558
UniRef90_A0A0C2Q4Q1	40.30	206	561
UniRef90_A0A0F5YGQ4	43.00	206	551
UniRef90_UPI00034DE330	42.93	206	545
UniRef90_A0A0M4T2C9	40.30	206	555
UniRef90_K9T010	39.20	206	665
UniRef90_U7QGV2	42.00	206	561
UniRef90_UPI00031FCDA6	39.30	206	553
UniRef90_K9YHA3	42.13	206	670
UniRef90_K9WK39	41.21	206	584
UniRef90_B7K7P5	39.39	206	675
UniRef90_K9YU24	39.70	206	681
UniRef90_K9PDK6	37.31	206	550
UniRef90_A0A0E3STH6	57.92	206	206
UniRef90_A0A0C1RAJ7	39.80	206	560
UniRef90_UPI00036BFB28	38.73	206	690
UniRef90_K9Z2K0	43.00	206	672
UniRef90_A0YRT5	42.00	206	554
UniRef90_A0ZBS3	40.30	206	556
UniRef90_X5JNU0	41.62	206	550
UniRef90_UPI0002E7964F	35.12	206	584
UniRef90_L8LU67	41.29	206	646
UniRef90_B7JVW2	40.40	206	666
UniRef90_K9VZA0	39.90	206	550
UniRef90_K9X1R5	39.30	206	545
UniRef90_L8M686	40.70	206	671
UniRef90_K9RD55	38.19	206	590
UniRef90_Q10XY3	40.40	206	672
UniRef90_UPI000347CBC0	40.70	206	685
UniRef90_B2J9Z2	38.81	206	669
UniRef90_A0A0C2M589	40.61	206	554
UniRef90_A0A073CEW8	43.50	206	499
UniRef90_A0A0C1UML5	41.79	206	661
UniRef90_M1X366	40.10	206	550
UniRef90_K9R111	39.80	206	549
UniRef90_F4XSW0	41.21	206	559
UniRef90_D4TPU5	39.39	206	543
UniRef90_K9X9U7	40.10	206	560
UniRef90_F5UM83	41.41	206	550
UniRef90_A0A0M1JVF8	40.70	206	667
UniRef90_UPI00056D21EE	38.69	206	687
UniRef90_K9TI19	40.70	206	544
UniRef90_A0A0D6KLP7	40.51	206	552
UniRef90_K9UKG4	41.29	206	567
UniRef90_B0CDH9	41.00	206	310
UniRef90_K9EM78	38.81	206	312
UniRef90_K9SRD4	41.71	206	652
UniRef90_A0A0D6AV50	38.89	206	655
UniRef90_K9ZA75	37.37	206	554
UniRef90_K9U4N3	54.95	206	227
UniRef90_K9RUZ0	37.69	206	656
UniRef90_UPI000400DFEA	43.00	206	648
UniRef90_K9XLP5	55.17	206	230
UniRef90_U5DL44	39.20	206	311
UniRef90_UPI000347564C	38.81	206	692
UniRef90_UPI00034ABE81	39.90	206	673
UniRef90_A0A0D6ABV8	40.40	206	657
UniRef90_Q7NIT9	39.80	206	668
UniRef90_UPI000307BE69	54.19	206	221
UniRef90_L8N335	41.29	206	696
UniRef90_A0A0D7XVW0	37.93	206	214
UniRef90_K9PUM9	38.69	206	662
UniRef90_K9TVE3	40.91	206	566
UniRef90_A0A0M2Q1L7	40.70	206	566
UniRef90_UPI00034A3BD4	54.85	206	227
UniRef90_U5DIC4	38.61	206	686
UniRef90_Q3M4L9	37.81	206	556
UniRef90_D7DVV1	37.37	206	552
UniRef90_Q2LUP7	58.29	206	204
UniRef90_UPI00047CBAEC	38.31	206	218
UniRef90_K8GLL0	41.79	206	678
UniRef90_UPI0002AC603E	37.69	206	549
UniRef90_UPI000647F5C8	38.42	206	210
UniRef90_UPI000364CC95	43.15	206	315
UniRef90_K7WXB0	39.30	206	553
UniRef90_K9WEF9	39.11	206	315
UniRef90_U5QDI9	42.71	206	665
UniRef90_Q3A3H4	55.28	206	205
UniRef90_A0A0B6APA2	37.81	206	226
UniRef90_UPI00034AA268	40.82	206	673
UniRef90_UPI0002ABAB23	39.11	206	312
UniRef90_A0A0F2PD50	55.50	206	222
UniRef90_O30711	37.44	206	661
UniRef90_A0A075MNC6	46.51	206	291
UniRef90_A0A091FGT7	54.19	206	204
UniRef90_UPI0004051A65	37.81	206	227
UniRef90_A0A0H4X780	43.56	206	236
UniRef90_UPI000372E009	41.24	206	674
UniRef90_F7Q204	41.00	206	222
UniRef90_B4W1U9	39.04	206	554
UniRef90_U2D8C5	40.00	206	229
UniRef90_E0ICY7	42.00	206	239
UniRef90_UPI0005A8EA2D	36.82	206	225
UniRef90_J9BW87	37.00	206	221
UniRef90_UPI000419F025	38.34	206	657
UniRef90_R1AW31	35.50	206	234
UniRef90_D8PHX9	53.54	206	230
UniRef90_A0A098F9K9	37.31	206	226
UniRef90_A0A0D8ZYB3	36.17	206	555
UniRef90_A0A060HSC1	46.98	206	293
UniRef90_UPI0005CF4D90	44.55	206	232
UniRef90_UPI000477215F	39.00	206	222
UniRef90_E6U7U8	39.00	206	237
UniRef90_A0B700	40.00	206	183
UniRef90_I3DZM2	50.79	206	232
UniRef90_A0A099SCA0	42.50	206	232
UniRef90_UPI0005601CD3	37.44	206	582
UniRef90_UPI0006A77C9A	35.00	206	228
UniRef90_A0A0J8D7Q2	39.00	206	220
UniRef90_S2Y4F8	35.82	206	226
UniRef90_UPI0004905F58	37.50	206	220
UniRef90_UPI0005A7BA5A	36.50	206	216
UniRef90_UPI00067B7D3F	34.33	206	228
UniRef90_D8PGW7	54.55	206	228
UniRef90_B2TJP5	37.50	206	232
UniRef90_C6CR64	40.00	206	226
UniRef90_UPI00034CBB58	34.50	206	676
UniRef90_UPI000301A3A7	35.32	206	226
UniRef90_A0A0E3NGY0	37.19	206	191
UniRef90_J2LRE1	33.67	206	186
UniRef90_G7WMN6	39.70	206	191
UniRef90_S9P8Q0	42.25	206	712
UniRef90_UPI00068F7E5D	34.00	206	221
UniRef90_V8L8U0	32.39	206	211
UniRef90_D8J1G2	33.67	206	186
UniRef90_UPI000686294C	36.32	206	210
UniRef90_F4C035	35.18	206	189
UniRef90_UPI00047C4475	34.00	206	224
UniRef90_F9MN47	43.72	206	188
UniRef90_B0CBT9	37.24	206	803
UniRef90_UPI00031E0FDA	37.57	206	674
UniRef90_UPI0006A7D890	36.00	206	209
UniRef90_UPI00067C7DF3	32.16	206	186
UniRef90_F9UBH2	37.19	206	186
UniRef90_A0A0C7AR99	37.06	206	186
UniRef90_A4SRP2	36.00	206	186
UniRef90_S9TJT4	33.17	206	192
UniRef90_A0A0E3SNZ9	35.05	206	204
UniRef90_UPI0004897085	34.67	206	193
UniRef90_K9NRA6	35.68	206	186
UniRef90_UPI0004886866	32.00	206	186
UniRef90_C0N1T4	32.49	206	186
UniRef90_Q82V91	32.16	206	186
UniRef90_Q1LPD8	33.50	206	186
UniRef90_L0SVY2	32.51	206	186
UniRef90_Q0VNW8	30.65	206	186
UniRef90_F6CPG3	37.19	206	193
UniRef90_D3LT90	42.79	206	190
UniRef90_A0A095W7I4	33.17	206	186
UniRef90_A0A0F2PLS7	31.00	206	210
UniRef90_A0A0E3NYU8	36.92	206	186
UniRef90_Q39AS6	32.66	206	186
UniRef90_J0P6B3	36.68	206	186
UniRef90_H1G3Y6	34.17	206	186
UniRef90_A0A0M7FNX3	34.01	206	186
UniRef90_A0A0F7JX20	31.66	206	186
UniRef90_Q4K3E3	35.68	206	186
UniRef90_D7I0Y3	35.18	206	186
UniRef90_E6QVB1	36.18	206	186
UniRef90_I3THX8	32.49	206	186
UniRef90_I4AAF6	32.84	206	196
UniRef90_UPI0002F4EAFA	33.00	206	186
UniRef90_A0A0A3X5X9	35.18	206	186
UniRef90_A0A0B4XRI5	35.18	206	186
UniRef90_B0JVM0	35.87	206	652
UniRef90_C7RQ94	32.66	206	186
UniRef90_A0A080M5H2	32.66	206	186
UniRef90_A9C022	32.49	206	186
UniRef90_P72758	36.96	206	687
UniRef90_A0A0F9SRD0	35.00	206	186
UniRef90_C4L7D0	35.68	206	186
UniRef90_A0A028VAD7	33.67	206	186
UniRef90_A0A0E3PRN8	36.60	206	181
UniRef90_A0A0F8S825	37.63	206	181
UniRef90_A0A0F0FKX0	30.15	206	186
UniRef90_Q1I8Z1	34.48	206	186
UniRef90_Q6FCC6	33.50	206	186
UniRef90_A0A0B8Q3V8	29.41	206	186
UniRef90_A0A0B5FDM3	31.66	206	186
UniRef90_UPI00040A5C1F	32.84	206	186
UniRef90_M7PDF9	34.01	206	186
UniRef90_A0A0F4RCS5	32.16	206	186
UniRef90_K4N028	34.17	206	186
UniRef90_C1DM02	35.18	206	186
UniRef90_G4E6A9	34.17	206	186
UniRef90_B8HQJ5	37.27	206	650
UniRef90_V8G4X7	35.86	206	186
UniRef90_A0A0E3SIC4	38.22	206	181
UniRef90_UPI00056C03F7	31.16	206	186
UniRef90_A0A0E3L461	37.70	206	181
UniRef90_Q3SFN8	32.66	206	186
UniRef90_UPI00037F4B5B	35.47	206	186
UniRef90_C0VLM6	34.17	206	186
UniRef90_UPI00035FE664	33.50	206	186
UniRef90_D4E602	34.67	206	188
UniRef90_UPI0003824053	35.50	206	186
UniRef90_UPI0002554A7B	33.67	206	186
UniRef90_A0A0G3ES38	32.66	206	186
UniRef90_Q1MZ69	29.38	206	179
UniRef90_UPI0005B4FD89	34.67	206	186
UniRef90_Q2BNC0	34.67	206	186
UniRef90_W8L1M8	33.17	206	186
UniRef90_S3P4Z1	34.17	206	186
UniRef90_A0A0F6A311	31.00	206	186
UniRef90_A0A0E3RB44	38.74	206	181
UniRef90_Q5E282	31.50	206	186
UniRef90_A0A0E3S5Z2	36.08	206	216
UniRef90_D4BX67	34.17	206	186
UniRef90_UPI00048A5C61	29.06	206	177
UniRef90_A0A0A2VU49	34.20	206	480
UniRef90_Q8TRS1	35.05	206	181
UniRef90_U5N7L0	32.02	206	186
UniRef90_E3BHE8	30.50	206	186
UniRef90_A0A0K1Q7N3	42.25	206	695
UniRef90_UPI0006911F81	32.40	206	184
UniRef90_UPI0004A6EBA7	31.84	206	186
UniRef90_UPI00054F83E1	34.85	206	184
UniRef90_E8UDY8	32.16	206	186
UniRef90_UPI0006EBEDFF	32.34	206	236
UniRef90_S3IWD8	34.52	206	186
UniRef90_Q03513	39.31	206	539
UniRef90_G8PY42	28.64	206	181
UniRef90_UPI00041CBB30	32.69	206	186
UniRef90_Q0AHD2	29.63	206	197
UniRef90_A0A0F9U7Y7	35.55	206	191
UniRef90_UPI0004867E15	28.79	206	180
UniRef90_UPI000670A54F	31.77	206	177
UniRef90_W8FTH7	27.98	206	189
UniRef90_UPI0003F8EC9B	28.57	206	182
UniRef90_U9W9L6	36.75	206	664
UniRef90_A0A0C2IMH8	28.00	206	182
UniRef90_UPI0006C76A09	31.66	206	186
UniRef90_W9DRR3	34.36	206	182
UniRef90_Q2BQC1	27.32	206	182
UniRef90_A0A0J6NM53	30.65	206	186
UniRef90_H0JB33	27.64	206	183
UniRef90_A0A0M9GFA3	26.50	206	182
UniRef90_K9FM49	36.75	206	669
UniRef90_A0A0F7K1K1	27.59	206	177
UniRef90_K4M7M1	32.82	206	181
UniRef90_UPI00041C66FD	29.02	206	184
UniRef90_UPI0003998EA1	27.92	206	179
UniRef90_D5EAX7	35.57	206	178
UniRef90_S6KS67	27.60	206	181
UniRef90_S6HPG3	27.98	206	182
UniRef90_S6AE87	27.14	206	181
UniRef90_A0A0C1Y5I2	31.82	206	677
UniRef90_UPI000486CE8D	25.64	206	182
UniRef90_A0A0K1WHV9	27.92	206	184
UniRef90_UPI0003B51111	26.06	206	183
UniRef90_A0A077DJA0	32.66	206	186
UniRef90_A0A062V4X9	35.42	206	182
UniRef90_E2XJ86	28.14	206	180
UniRef90_UPI0005B93781	27.13	206	176
UniRef90_UPI0002557349	26.70	206	180
UniRef90_G3IR28	25.00	206	178
UniRef90_D7DNE4	29.67	206	176
UniRef90_UPI0006D3CAF5	30.53	206	167
UniRef90_A0A0G0EZI2	36.07	206	204
UniRef90_N2J379	25.25	206	183
UniRef90_A8AF21	32.98	206	175
UniRef90_UPI0003A11D74	26.70	206	181
UniRef90_UPI00036C1608	25.38	206	174
UniRef90_UPI000425ECF2	29.06	206	192
UniRef90_A0A094U2E3	26.70	206	187
UniRef90_L0KZ08	32.99	206	184
UniRef90_D5QBR2	32.52	206	186
UniRef90_U6ZTE9	27.98	206	181
UniRef90_A0A0A1SKS5	30.53	206	166
UniRef90_W1J2Q7	25.13	206	185
UniRef90_B0KFX5	24.62	206	182
UniRef90_B1J4J5	24.62	206	182
UniRef90_UPI00040021EE	29.26	206	181
UniRef90_UPI00045EAD49	27.78	206	180
UniRef90_G2KLY0	26.46	206	175
UniRef90_G2DJX5	29.47	206	184
UniRef90_F4DSL3	26.94	206	180
UniRef90_H8GNK4	28.72	206	179
UniRef90_A1SRI5	29.79	206	179
UniRef90_UPI0003FB51C3	24.26	206	193
UniRef90_A0A094YPE4	25.52	206	240
UniRef90_M4X295	26.90	206	180
UniRef90_UPI00048AE2C4	28.88	206	175
UniRef90_C0QR55	25.56	206	172
UniRef90_A0A094R9K7	28.43	206	180
UniRef90_Q48QF4	25.77	206	181
UniRef90_UPI00036F29CB	24.49	206	182
UniRef90_A0A0M2WHD6	32.09	206	174
UniRef90_UPI00058ECED2	28.50	206	168
UniRef90_D7KI38	28.50	206	299
UniRef90_B0A9Q5	27.22	206	188
UniRef90_W5YPQ4	27.59	206	180
UniRef90_UPI0004973EED	29.17	206	167
UniRef90_UPI00058EC248	28.65	206	186
UniRef90_A0A0G4Q250	26.94	206	187
UniRef90_U3AYR9	27.46	206	180
UniRef90_UPI000486BB09	28.95	206	167
UniRef90_Q9FWR5	28.50	206	275
UniRef90_A0A0J5FX28	24.72	206	184
UniRef90_B8KUG7	29.78	206	188
UniRef90_UPI0003813613	29.63	206	178
UniRef90_A0A0J0YV21	26.50	206	188
UniRef90_A6EY56	25.00	206	178
UniRef90_F3KDC9	28.49	206	180
UniRef90_B5JT83	30.41	206	175
UniRef90_N6WUR2	26.09	206	183
UniRef90_A0A089ZR61	26.13	206	181
UniRef90_S0FV66	36.60	206	179
UniRef90_V4TF19	26.98	206	270
UniRef90_A0A085F3B9	27.27	206	174
UniRef90_A0A0F9MVY5	27.04	206	176
UniRef90_A0A0D0P840	26.94	206	172
UniRef90_Q3A8R7	35.38	206	180
UniRef90_F5Z9Y0	25.51	206	178
UniRef90_UPI00035CC485	25.84	206	181
UniRef90_UPI0006F1E6C9	26.98	206	174
UniRef90_R4YUN5	27.27	206	171
UniRef90_C6M0X5	26.13	206	178
UniRef90_UPI00036508C1	28.72	206	180
UniRef90_UPI0004216731	27.46	206	179
UniRef90_A0A0C4Y161	27.66	206	180
UniRef90_UPI0004C597A8	30.89	206	178
UniRef90_UPI00040770D1	29.57	206	177
UniRef90_UPI0003999616	26.32	206	177
UniRef90_UPI0003806DA1	27.78	206	184
UniRef90_UPI0006FF07A9	22.78	206	180
UniRef90_Q88B74	25.91	206	181
UniRef90_A0A0F5HPT0	33.33	206	230
UniRef90_UPI000509CC49	28.42	206	167
UniRef90_UPI0006D607F8	24.35	206	181
UniRef90_S6AHQ2	25.98	206	183
UniRef90_E7RWL1	26.80	206	175
UniRef90_UPI0004DB67DE	28.57	206	178
UniRef90_M5XD82	27.51	206	272
UniRef90_UPI0003B5E69A	29.63	206	182
UniRef90_R8B0G4	25.00	206	179
UniRef90_A0A0E1KFD3	25.76	206	180
UniRef90_UPI00037371E8	25.93	206	196
UniRef90_Q1GYE3	26.06	206	180
UniRef90_B0TVZ2	25.54	206	179
UniRef90_UPI0005813779	26.46	206	265
UniRef90_UPI00041B1AC1	26.80	206	173
UniRef90_L7VZG4	26.84	206	228
UniRef90_R7TQ13	27.47	206	188
UniRef90_L1NQ84	27.45	206	224
UniRef90_A0A0D6SB45	26.90	206	181
UniRef90_A0A081FVB1	24.46	206	182
UniRef90_M4U3V0	27.47	206	181
UniRef90_UPI00036037FE	29.10	206	182
UniRef90_UPI0003690BA2	29.41	206	174
UniRef90_A0A0A1YPI5	26.53	206	181
UniRef90_A0A0H3J2K9	24.61	206	166
UniRef90_F7STE7	27.23	206	178
UniRef90_G4T3K4	28.34	206	186
UniRef90_UPI000509DE7E	25.77	206	176
UniRef90_A0A0D5M957	26.92	206	181
UniRef90_F2JW95	22.63	206	181
UniRef90_UPI000480C655	24.61	206	184
UniRef90_UPI00058BC2A0	26.70	206	183
UniRef90_E1V549	29.17	206	182
UniRef90_A4Y0U1	26.40	206	180
UniRef90_UPI00042964E4	24.37	206	181
UniRef90_A6VS30	22.92	206	179
UniRef90_Q47CG1	27.18	206	173
UniRef90_A0A0K1K589	28.88	206	174
UniRef90_UPI00035ED05D	28.87	206	176
UniRef90_A0A061FDM4	27.51	206	273
UniRef90_M7NTC0	22.45	206	182
UniRef90_W7Q9M9	26.32	206	183
UniRef90_I1YHV8	23.59	206	180
UniRef90_Q1R0J5	26.06	206	179
UniRef90_W0V3T8	29.41	206	174
UniRef90_G4CM23	25.52	206	179
UniRef90_A0A017HBJ9	27.37	206	173
UniRef90_A0A063Y9I9	23.83	206	180
UniRef90_A0A0B1PSG8	27.47	206	181
UniRef90_UPI0004B22168	27.62	206	166
UniRef90_A5C3G7	26.46	206	272
UniRef90_UPI0004063EDC	27.51	206	179
UniRef90_G2DHC1	24.74	206	180
UniRef90_X7E8Y5	23.68	206	185
UniRef90_UPI0004244103	27.13	206	181
UniRef90_I3SYK2	29.10	206	272
UniRef90_T4W5G4	31.75	206	166
UniRef90_A0A0B5C3U7	25.64	206	178
UniRef90_A0A095XYJ6	26.87	206	185
UniRef90_A0A0G0D6E5	35.52	206	204
UniRef90_UPI00058158A2	27.57	206	272
UniRef90_F6AA87	25.91	206	180
UniRef90_A0A072VDB9	27.51	206	272
UniRef90_UPI000377B91D	27.66	206	175
UniRef90_L7F1K0	31.94	206	175
UniRef90_B8KLU1	26.09	206	189
UniRef90_UPI000471B6A6	26.98	206	173
UniRef90_H8WAB7	22.96	206	179
UniRef90_K9E153	27.27	206	174
UniRef90_W7QPM5	25.89	206	183
UniRef90_A0A0F9VR09	26.09	206	182
UniRef90_UPI000498D070	27.51	206	272
UniRef90_UPI0006272F6D	27.46	206	176
UniRef90_UPI0003FC9F2A	25.40	206	180
UniRef90_K0C9D9	27.08	206	178
UniRef90_A0A059XSF7	25.81	206	177
UniRef90_K4B6E8	26.98	206	268
UniRef90_UPI00028A13C4	26.74	206	175
UniRef90_G5DWW8	26.98	206	272
UniRef90_F0EZT0	28.26	206	212
UniRef90_A0A0F4R6D3	29.79	206	175
UniRef90_UPI00048B5482	29.90	206	183
UniRef90_A0A0J1JM71	22.51	206	181
UniRef90_A0A096DQR3	27.37	206	167
UniRef90_UPI0003B630BB	28.09	206	178
UniRef90_C2XWX6	33.73	206	172
UniRef90_A0A081N0A2	28.02	206	177
UniRef90_A0A0N0IBN8	24.02	206	184
UniRef90_UPI000371FDB9	25.79	206	177
UniRef90_H2IS15	23.08	206	180
UniRef90_UPI0005B915B6	27.51	206	191
UniRef90_C0EL26	25.13	206	179
UniRef90_A0A081NDV3	25.82	206	184
UniRef90_C1DT77	27.62	206	173
UniRef90_A0A0F6A522	24.74	206	181
UniRef90_UPI0004696F12	23.30	206	184
UniRef90_UPI0006644E6C	24.74	206	179
UniRef90_L8J6B2	24.62	206	180
UniRef90_A0A0F9VXM3	24.87	206	178
UniRef90_UPI0004DF7CCD	26.32	206	181
UniRef90_A0A069NQE4	28.93	206	174
UniRef90_W8WTN4	30.46	206	173
UniRef90_A0A099PFA6	24.58	206	180
UniRef90_UPI00036B48A1	25.00	206	179
UniRef90_B4X119	27.60	206	179
UniRef90_Q2CE51	27.32	206	173
UniRef90_A0A0C5WIP7	25.40	206	179
UniRef90_A0A059BRE1	28.04	206	241
UniRef90_G0A0P9	27.47	206	175
UniRef90_UPI000345F18B	29.95	206	174
UniRef90_A0A0A6R1K5	28.57	206	179
UniRef90_A0A0B0HB23	26.23	206	177
UniRef90_UPI0002ED1A9E	25.79	206	179
UniRef90_A0A0N0XKT1	28.02	206	176
UniRef90_D4C610	25.13	206	197
UniRef90_C7R9T2	24.47	206	178
UniRef90_UPI0006F68A44	28.65	206	174
UniRef90_F7RWJ2	28.42	206	183
UniRef90_UPI0002882E55	26.90	206	186
UniRef90_U3ANS4	26.84	206	173
UniRef90_UPI0003FA63FB	29.32	206	184
UniRef90_U2DGW1	27.42	206	168
UniRef90_UPI0004250A14	26.92	206	186
UniRef90_A9E4V4	26.84	206	173
UniRef90_F2PC03	23.23	206	182
UniRef90_S6GH88	27.32	206	180
UniRef90_A6D3W5	22.53	206	182
UniRef90_G8QQ17	25.67	206	173
UniRef90_B9LA76	25.82	206	179
UniRef90_UPI0004A74B96	28.02	206	180
UniRef90_C4FKI2	27.37	206	174
UniRef90_A0A078LVB5	25.38	206	179
UniRef90_V4NYJ1	29.03	206	175
UniRef90_Q1QSM5	26.40	206	175
UniRef90_UPI000255BBC6	26.92	206	189
UniRef90_UPI0004165432	26.53	206	174
UniRef90_N1MQS6	28.88	206	189
UniRef90_H8FRG2	27.18	206	174
