UniRef90_P16120	98.63	503	514
UniRef90_G0VEN6	83.83	503	513
UniRef90_G0WFQ6	83.89	503	516
UniRef90_H2B117	82.64	503	513
UniRef90_Q6CTY8	80.87	503	510
UniRef90_G8ZN76	80.67	503	513
UniRef90_W0VM29	79.68	503	513
UniRef90_J7SAC5	80.12	503	513
UniRef90_Q6FMB9	80.35	503	512
UniRef90_A0A090BLX4	78.90	503	510
UniRef90_A7TT30	80.16	503	513
UniRef90_G8BWH8	81.37	503	515
UniRef90_B2G3X2	77.12	503	513
UniRef90_C5DBY5	79.09	503	509
UniRef90_I2H6D6	78.90	503	513
UniRef90_A0A0C7MZT5	76.92	503	510
UniRef90_G8JPJ9	72.06	503	510
UniRef90_Q00063	66.73	503	512
UniRef90_A0A0L8VW26	75.26	503	607
UniRef90_K0KNQ6	66.28	503	510
UniRef90_C4Y559	64.20	503	515
UniRef90_A5E244	66.54	503	504
UniRef90_A0A061B723	65.30	503	507
UniRef90_Q6BKV1	63.97	503	520
UniRef90_Q5AGE6	65.05	503	510
UniRef90_C5MHG4	66.21	503	503
UniRef90_H8X7E2	64.83	503	503
UniRef90_A3LVC4	64.66	503	511
UniRef90_A5DAD5	64.04	503	518
UniRef90_G3APF0	64.40	503	509
UniRef90_G8YHN7	64.72	503	515
UniRef90_G3B684	64.23	503	500
UniRef90_W1Q7I0	62.62	503	511
UniRef90_F2QTI7	62.45	503	502
UniRef90_A0A099NWV4	60.55	503	510
UniRef90_W6MMC4	59.88	503	516
UniRef90_A0A0L0NPW0	59.38	503	537
UniRef90_A0A0J9XA92	59.77	503	524
UniRef90_Q6C0N3	60.90	503	505
UniRef90_A0A060T8E1	57.25	503	516
UniRef90_I2K2D7	59.92	503	484
UniRef90_B6JVL7	56.35	503	517
UniRef90_U4L9D0	55.08	503	545
UniRef90_W7HWS1	56.45	503	542
UniRef90_E9E135	56.37	503	537
UniRef90_A0A0A1T3G9	56.60	503	529
UniRef90_A0A0C7BX11	56.31	503	532
UniRef90_I1CMM8	56.23	503	531
UniRef90_S3DJ77	55.22	503	541
UniRef90_D5GJK7	55.68	503	545
UniRef90_A0A063BV54	56.58	503	536
UniRef90_G0RZ80	57.01	503	541
UniRef90_A0A0E9NHY7	53.60	503	536
UniRef90_S3CKW2	55.20	503	544
UniRef90_A0A068RWI5	55.51	503	528
UniRef90_A0A0L0NIX6	54.70	503	547
UniRef90_A0A084G3G1	55.53	503	539
UniRef90_K1X7W4	56.05	503	547
UniRef90_G1XIM4	54.93	503	533
UniRef90_R8BW56	54.55	503	547
UniRef90_A0A0C3ATL7	56.48	503	521
UniRef90_A0A0F8DND2	54.77	503	535
UniRef90_U7PLA0	53.79	503	558
UniRef90_Q42598	55.58	503	514
UniRef90_E4ZLR7	54.67	503	549
UniRef90_A0A0M9VWP7	54.72	503	538
UniRef90_S8AWP2	57.28	503	1102
UniRef90_A0A0F4ZIY0	54.58	503	534
UniRef90_F9XJL5	53.06	503	560
UniRef90_N1PD09	52.34	503	560
UniRef90_B2B1N9	54.40	503	554
UniRef90_A0A0B7MPV9	55.39	503	532
UniRef90_J4VSX7	53.96	503	550
UniRef90_M2SXP6	54.84	503	545
UniRef90_Q0CIS5	53.85	503	534
UniRef90_A0A017S533	55.53	503	534
UniRef90_A0A084QAR4	53.42	503	533
UniRef90_A0A074W4W9	53.28	503	549
UniRef90_G2WWL3	54.07	503	557
UniRef90_A0A0G2HB02	51.07	503	566
UniRef90_S9VWB4	54.79	503	529
UniRef90_F0X7D1	54.21	503	553
UniRef90_A0A086T276	53.89	503	551
UniRef90_UPI000440F79E	52.78	503	545
UniRef90_G2RGY9	54.44	503	547
UniRef90_A0A0B7KFG5	54.60	503	537
UniRef90_A7F7A3	53.85	503	537
UniRef90_A0A0G2EAC4	52.69	503	554
UniRef90_M1VY29	54.58	503	537
UniRef90_B2VTP3	52.94	503	546
UniRef90_S7RH13	52.47	503	530
UniRef90_M3ALZ7	52.17	503	557
UniRef90_A0A074X4T4	51.81	503	567
UniRef90_W3WZE8	54.83	503	544
UniRef90_A2R773	54.68	503	520
UniRef90_I4YDV3	51.58	503	538
UniRef90_A1CK16	54.58	503	536
UniRef90_G4TAN0	54.01	503	513
UniRef90_G3JRE3	52.94	503	638
UniRef90_G0RKT5	53.31	503	533
UniRef90_A0A0G2F5S4	53.17	503	560
UniRef90_K5VVF6	52.75	503	525
UniRef90_A0A0C3S8G0	51.58	503	548
UniRef90_A0A0C3Q4W8	50.55	503	561
UniRef90_N1QEA7	51.73	503	555
UniRef90_B8MTK3	53.11	503	548
UniRef90_A0A0B1PB49	53.53	503	562
UniRef90_A0A0F8UAY1	53.64	503	536
UniRef90_Q2GV42	54.41	503	548
UniRef90_F9FPF6	54.26	503	776
UniRef90_A0A0F4YJX7	55.45	503	998
UniRef90_S0DRK2	53.70	503	540
UniRef90_R7YHX8	51.93	503	568
UniRef90_UPI0004623BCB	51.40	503	538
UniRef90_A0A0L9SPX5	53.75	503	535
UniRef90_Q1K5C3	52.50	503	553
UniRef90_A0A0C3GNV9	51.49	503	532
UniRef90_UPI0004408235	51.90	503	533
UniRef90_V5FMA8	53.70	503	541
UniRef90_J4H470	53.36	503	514
UniRef90_N4VLC7	53.99	503	553
UniRef90_A0A0D7BA85	51.52	503	517
UniRef90_A0A067NXK2	51.40	503	542
UniRef90_A0A094D8K3	53.43	503	565
UniRef90_Q0UMX8	53.61	503	551
UniRef90_C1HA31	52.32	503	536
UniRef90_M7U1I0	53.23	503	550
UniRef90_A0A0H2RHX0	52.41	503	527
UniRef90_A0A0C3H1M0	51.76	503	539
UniRef90_B6HD87	54.46	503	537
UniRef90_K5V3D0	52.04	503	546
UniRef90_A0A0K8LBQ6	55.31	503	1274
UniRef90_M5FXV9	50.65	503	532
UniRef90_A0A0F8A477	53.22	503	531
UniRef90_R4XF92	53.20	503	532
UniRef90_A0A067M7H2	53.36	503	526
UniRef90_A0A0D1XLK1	51.57	503	537
UniRef90_V2XPL1	51.21	503	532
UniRef90_A0A0D2Q1C2	51.13	503	526
UniRef90_M5BTC0	51.14	503	532
UniRef90_A0A0D7A186	52.59	503	513
UniRef90_A0A015I7B1	53.23	503	519
UniRef90_M2QIZ6	50.85	503	537
UniRef90_M2LCV3	50.54	503	558
UniRef90_A0A0D0CKE3	50.93	503	529
UniRef90_R1GD27	51.16	503	563
UniRef90_G9PAR4	52.92	503	534
UniRef90_T5AKL1	54.21	503	534
UniRef90_A0A060SK30	50.83	503	547
UniRef90_A0A0D2A3M0	51.82	503	546
UniRef90_S8EFZ7	51.45	503	524
UniRef90_A0A0E9KKS3	51.14	503	702
UniRef90_A0A0D2G107	51.39	503	550
UniRef90_R9ACT5	50.85	503	535
UniRef90_A0A0C2XHE0	51.52	503	519
UniRef90_H6BKH2	51.28	503	551
UniRef90_A0A0C2YKM6	51.92	503	519
UniRef90_A0A0D1WFB4	52.22	503	551
UniRef90_W9X3P4	51.67	503	551
UniRef90_A0A0D2EXD9	51.95	503	551
UniRef90_D4B5N4	53.03	503	544
UniRef90_W9VU00	52.51	503	551
UniRef90_N1JPG3	51.10	503	569
UniRef90_S7ZDN9	53.82	503	535
UniRef90_F8PSF9	51.40	503	546
UniRef90_UPI0004418514	49.55	503	560
UniRef90_W2RYR7	52.19	503	550
UniRef90_C5JGG1	53.19	503	536
UniRef90_W9XVE1	52.42	503	550
UniRef90_J6EPM4	52.63	503	515
UniRef90_A0A066WGM9	51.18	503	566
UniRef90_A0A067TBN5	51.02	503	544
UniRef90_A0A0D9M8M2	53.56	503	851
UniRef90_UPI0004414EBD	50.38	503	529
UniRef90_C5P123	52.23	503	544
UniRef90_Q5B8U9	52.90	503	517
UniRef90_A0A0L6WE00	49.63	503	549
UniRef90_A0A0D0AGL7	52.99	503	511
UniRef90_W4JUX1	51.22	503	538
UniRef90_R7T2M0	51.45	503	552
UniRef90_A6QTT7	52.59	503	536
UniRef90_W9YY73	50.09	503	551
UniRef90_A8NZN1	51.95	503	574
UniRef90_A0A0N0NLD6	50.00	503	553
UniRef90_G4MVN8	50.19	503	549
UniRef90_A0A0G4MTF4	55.13	503	2906
UniRef90_A0A0C9VHN4	51.31	503	539
UniRef90_A0A0D2D0J5	50.74	503	559
UniRef90_Q2U324	49.28	503	553
UniRef90_A0A072NYV0	50.97	503	550
UniRef90_B0D421	51.02	503	544
UniRef90_D8Q7N7	51.32	503	526
UniRef90_A0A067PQ16	50.28	503	540
UniRef90_Q4WXC3	55.81	503	506
UniRef90_X8JCJ1	51.32	503	1542
UniRef90_C7Z694	54.88	503	510
UniRef90_J3NLX2	50.09	503	546
UniRef90_V5EFM0	50.75	503	563
UniRef90_A0A077R7Q5	50.00	503	564
UniRef90_A8QD54	51.37	503	532
UniRef90_U5HCQ9	49.07	503	562
UniRef90_G7E259	50.27	503	1959
UniRef90_U1GFW2	46.72	503	590
UniRef90_A0A0M8MTD2	50.79	503	521
UniRef90_A0A0D0E0D8	51.15	503	513
UniRef90_A0A081CHS5	49.16	503	569
UniRef90_L2GF24	52.96	503	1142
UniRef90_I2FVG1	49.53	503	570
UniRef90_G9MGD4	49.14	503	523
UniRef90_F5H961	49.63	503	547
UniRef90_L8X164	50.00	503	1194
UniRef90_E6ZPK2	48.13	503	568
UniRef90_A0A0J0XLM8	49.90	503	511
UniRef90_R9P9N8	49.16	503	565
UniRef90_A0A0C9VGP6	50.19	503	518
UniRef90_A0A0D1BZT8	47.76	503	568
UniRef90_A0A0C3PS05	48.55	503	519
UniRef90_G0RSJ1	48.84	503	532
UniRef90_A0A0D0A4V7	49.71	503	517
UniRef90_A0A0F7SNC4	50.78	503	1445
UniRef90_A0A0L0HK37	47.43	503	573
UniRef90_M5E747	50.10	503	519
UniRef90_A0A0L0VT80	46.85	503	568
UniRef90_A0A0C2YWU4	48.94	503	517
UniRef90_A0A0F9ZSE8	49.71	503	537
UniRef90_F4RER6	51.28	503	512
UniRef90_UPI000455DECD	45.14	503	564
UniRef90_A0A061HAP7	45.26	503	608
UniRef90_E3JVX0	45.88	503	573
UniRef90_L1JFJ2	49.21	503	515
UniRef90_W9V610	48.91	503	463
UniRef90_F4PEQ3	48.30	503	537
UniRef90_A0A0C4EUY9	48.82	503	543
UniRef90_A0A067BY40	46.64	503	529
UniRef90_D3RRF0	50.88	503	465
UniRef90_A0A0J8RR44	48.16	503	514
UniRef90_D8LN21	46.12	503	492
UniRef90_G2E524	49.78	503	463
UniRef90_I3Y5Q0	47.62	503	467
UniRef90_W0E2F3	47.21	503	466
UniRef90_A0A066W9W8	52.55	503	545
UniRef90_A0A0L6VEL3	43.46	503	587
UniRef90_A0A0M1JH51	47.21	503	460
UniRef90_B8CBR8	48.35	503	509
UniRef90_W4FM74	46.50	503	520
UniRef90_K3X440	45.60	503	537
UniRef90_D4H487	46.51	503	457
UniRef90_A0A024T8L7	48.28	503	520
UniRef90_A0A0D2X4H6	49.67	503	741
UniRef90_UPI00046D18CC	47.62	503	454
UniRef90_UPI0003F48E38	46.80	503	511
UniRef90_UPI000644B84D	44.36	503	500
UniRef90_L0GTL3	47.01	503	462
UniRef90_A0A0F7JYJ0	48.25	503	460
UniRef90_A0A0M2T507	45.53	503	469
UniRef90_F2LW83	47.23	503	455
UniRef90_B9M1F1	46.22	503	460
UniRef90_W7TYE5	45.97	503	479
UniRef90_A0A0A8WQW1	45.80	503	461
UniRef90_A0A0B5BGZ6	47.00	503	461
UniRef90_Q39V62	46.80	503	461
UniRef90_Q3A4F9	44.80	503	463
UniRef90_C5JAY7	45.94	503	463
UniRef90_F8AAL2	45.80	503	463
UniRef90_UPI0003B6A6E1	45.02	503	463
UniRef90_UPI00036DB43A	46.99	503	463
UniRef90_A0L4U1	45.82	503	459
UniRef90_A0A0D5NCP8	46.60	503	461
UniRef90_F9UHG0	46.71	503	461
UniRef90_H8YXF4	47.69	503	461
UniRef90_UPI0003B48C98	44.91	503	458
UniRef90_UPI000419DC11	44.13	503	466
UniRef90_F8E6Y9	44.84	503	472
UniRef90_UPI0003B3906B	46.63	503	455
UniRef90_UPI0004067312	44.53	503	463
UniRef90_Q6AJX8	47.83	503	469
UniRef90_W0JHI5	47.70	503	450
UniRef90_UPI0002FF7E89	44.53	503	466
UniRef90_H3GWU6	45.64	503	532
UniRef90_B3E4R0	47.91	503	460
UniRef90_UPI00040225DA	44.80	503	465
UniRef90_UPI00047B272F	44.29	503	467
UniRef90_A0A0M1JDE0	48.13	503	466
UniRef90_A0A075WRP0	45.80	503	463
UniRef90_A0A0B5FDR4	44.29	503	462
UniRef90_B7G9C6	47.26	503	504
UniRef90_M4BM75	44.67	503	491
UniRef90_D3PAH9	46.41	503	464
UniRef90_E0I7N9	47.67	503	466
UniRef90_A1ARN1	44.22	503	461
UniRef90_Q1K0E7	46.27	503	463
UniRef90_A0A0M3QFU3	45.03	503	462
UniRef90_C6E2Q4	47.70	503	458
UniRef90_F8C3R7	45.82	503	463
UniRef90_UPI0004A77E2B	44.40	503	462
UniRef90_UPI00047B6960	43.35	503	467
UniRef90_A0A0C2EB21	44.87	503	462
UniRef90_UPI000421260D	47.89	503	462
UniRef90_V4JBY4	46.48	503	465
UniRef90_A0A072NP32	46.78	503	466
UniRef90_UPI00056EB78A	45.42	503	464
UniRef90_A5GF77	47.47	503	460
UniRef90_E8WMX8	48.14	503	458
UniRef90_A0A069D8T5	43.35	503	467
UniRef90_UPI00037A1AD7	45.80	503	466
UniRef90_A0A0G3EH09	46.15	503	468
UniRef90_E4TJ14	44.36	503	464
UniRef90_M7X896	61.64	503	603
UniRef90_M7X896	43.00	503	603
UniRef90_UPI0003F9A57D	47.01	503	462
UniRef90_UPI00048C9E48	46.12	503	464
UniRef90_UPI00036DC2FE	44.24	503	467
UniRef90_UPI00054D33FF	45.63	503	455
UniRef90_A0A0G4FJY7	44.44	503	525
UniRef90_W4FPM2	51.64	503	386
UniRef90_UPI0005F08266	42.42	503	467
UniRef90_A0A0D5NHF2	46.41	503	462
UniRef90_A0A0F2NDU6	46.72	503	465
UniRef90_A0A0K3CJ45	61.32	503	642
UniRef90_A0A0K3CJ45	33.89	503	642
UniRef90_A0A0G4G0T7	46.38	503	516
UniRef90_L0E7K7	44.38	503	463
UniRef90_A0A089LQI2	44.44	503	463
UniRef90_F8FCZ8	46.33	503	464
UniRef90_L8HCM4	43.86	503	600
UniRef90_A0A0L0G9B7	44.44	503	542
UniRef90_D3BUK1	45.40	503	480
UniRef90_V4J9W3	43.43	503	466
UniRef90_UPI000619D389	43.85	503	464
UniRef90_UPI0006CF8349	45.11	503	462
UniRef90_UPI0006A7A518	45.35	503	465
UniRef90_A0A0A2HVJ6	45.83	503	465
UniRef90_UPI0006CFD40B	45.68	503	462
UniRef90_UPI00036973C7	43.78	503	465
UniRef90_A0A024GL40	44.08	503	545
UniRef90_UPI0005C8604E	45.45	503	463
UniRef90_UPI00041D9407	44.80	503	463
UniRef90_A0A0C2UX57	45.26	503	464
UniRef90_UPI0004B5D0B7	47.80	503	464
UniRef90_F0WMI9	43.75	503	718
UniRef90_A0A0D3V4W0	43.24	503	464
UniRef90_UPI00048F7478	45.23	503	463
UniRef90_D6Z193	45.51	503	463
UniRef90_F2UH39	46.68	503	882
UniRef90_A0A0M6YRX5	43.92	503	468
UniRef90_A0A089HLD2	44.02	503	469
UniRef90_A0A0C1UFG6	44.20	503	465
UniRef90_A0A089I083	43.23	503	462
UniRef90_W8YTU0	45.92	503	482
UniRef90_E8REY1	45.25	503	463
UniRef90_UPI000426B97D	43.81	503	462
UniRef90_J9YV96	42.71	503	460
UniRef90_A0A089ICU5	45.35	503	462
UniRef90_A0A015MM74	44.99	503	465
UniRef90_E3E9Q9	42.63	503	463
UniRef90_UPI0005F7E712	42.01	503	469
UniRef90_Q1V0N5	42.28	503	459
UniRef90_UPI0004B83A8F	42.60	503	465
UniRef90_M1PJD9	43.98	503	468
UniRef90_A0A098M9S0	43.32	503	464
UniRef90_UPI00036568B8	42.80	503	466
UniRef90_F0Y1J8	45.32	503	481
UniRef90_UPI0003720A95	44.69	503	464
UniRef90_C5KRV1	40.31	503	514
UniRef90_A0A0L0RYT9	41.44	503	538
UniRef90_A0A0L0J2Z8	42.86	503	468
UniRef90_Q1NN95	42.23	503	461
UniRef90_C6D2P7	44.93	503	466
UniRef90_B9R377	44.63	503	468
UniRef90_A0A0D6EJL4	54.29	503	632
UniRef90_A0A0D6EJL4	39.15	503	632
UniRef90_A0NV86	42.80	503	468
UniRef90_Q21LF7	43.61	503	465
UniRef90_A0A0F7M5R1	44.40	503	465
UniRef90_A7HQW7	44.59	503	467
UniRef90_UPI0005A143FA	43.96	503	465
UniRef90_UPI000378B0AD	44.57	503	462
UniRef90_UPI000484EA25	44.38	503	463
UniRef90_UPI000416F372	41.72	503	459
UniRef90_UPI000567E098	43.74	503	466
UniRef90_A0A011AMW5	46.04	503	472
UniRef90_A0A0M9EIT1	42.57	503	462
UniRef90_C5BR79	44.13	503	471
UniRef90_A0A0D6T9K6	42.28	503	458
UniRef90_W9E495	42.69	503	459
UniRef90_UPI00047E3F68	45.70	503	464
UniRef90_V2QDG6	43.04	503	461
UniRef90_A9V4R9	39.44	503	968
UniRef90_A0A089KUW3	42.63	503	462
UniRef90_UPI0006B4D4F1	41.24	503	464
UniRef90_UPI000360B6A5	42.86	503	465
UniRef90_UPI00041BA65B	43.17	503	463
UniRef90_A0A0E4H724	45.01	503	462
UniRef90_X7FDT9	42.03	503	463
UniRef90_A0A089LB22	42.83	503	462
UniRef90_UPI00049734DF	42.43	503	460
UniRef90_U4UY43	41.15	503	463
UniRef90_S9RRP9	42.00	503	462
UniRef90_E2CBC6	42.48	503	468
UniRef90_UPI0003B66129	41.53	503	458
UniRef90_UPI00057976A0	44.30	503	461
UniRef90_A0A081BAF3	41.70	503	474
UniRef90_UPI0003649D5F	45.83	503	474
UniRef90_A0A086Y8P3	44.37	503	462
UniRef90_W2UG98	44.52	503	465
UniRef90_UPI00048D0D28	44.47	503	468
UniRef90_UPI000465097A	41.86	503	468
UniRef90_UPI0004145C6B	43.08	503	465
UniRef90_A0A0M6ZDX9	42.37	503	468
UniRef90_UPI0003C7FB84	41.52	503	457
UniRef90_K0SN04	50.66	503	445
UniRef90_A0A0A0EJW6	45.25	503	462
UniRef90_UPI00055F6EA7	41.07	503	463
UniRef90_L0LJS9	42.97	503	465
UniRef90_B6BS70	42.18	503	460
UniRef90_K2PXV6	43.30	503	465
UniRef90_A9DAK8	41.36	503	465
UniRef90_UPI00056E1E35	42.59	503	471
UniRef90_A0A059IKB0	41.24	503	462
UniRef90_A0A017H9V4	41.95	503	462
UniRef90_W4HPK4	43.67	503	463
UniRef90_F2K1Y1	42.83	503	461
UniRef90_UPI0006C92810	43.18	503	463
UniRef90_UPI00055A8C90	41.04	503	459
UniRef90_V7END6	43.25	503	463
UniRef90_B8I9Q9	42.24	503	471
UniRef90_C6XEY6	42.25	503	469
UniRef90_B3PDI2	42.44	503	465
UniRef90_UPI0005F7F2E1	41.87	503	466
UniRef90_A0A095XVE6	43.83	503	465
UniRef90_UPI0003812A67	42.38	503	466
UniRef90_A0A076K5C0	41.39	503	461
UniRef90_A0A0F2P211	42.22	503	466
UniRef90_E4PQI6	43.36	503	466
UniRef90_L0NBU0	41.74	503	468
UniRef90_F3LHE4	40.64	503	465
UniRef90_G8PSH0	41.38	503	468
UniRef90_A0A0B5DXU5	41.32	503	460
UniRef90_UPI0005628EBB	42.62	503	465
UniRef90_Q8YFS0	41.65	503	463
UniRef90_A0A099GA63	41.04	503	463
UniRef90_UPI0006489A32	42.39	503	471
UniRef90_UPI000479A483	40.98	503	462
UniRef90_UPI000364AD10	41.38	503	470
UniRef90_A3SIR1	44.40	503	462
UniRef90_UPI000255A765	41.19	503	463
UniRef90_A3V794	41.60	503	461
UniRef90_B7RLF0	41.24	503	462
UniRef90_A0A0D6B1A3	43.71	503	463
UniRef90_UPI000489F046	42.41	503	465
UniRef90_UPI00037E1853	41.45	503	472
UniRef90_C5AYA3	42.17	503	470
UniRef90_X7EJJ5	41.55	503	463
UniRef90_A0A0E2PAG9	43.49	503	469
UniRef90_UPI0003FDBC0A	41.20	503	465
UniRef90_I5C1G0	41.68	503	467
UniRef90_K2HCT9	41.55	503	459
UniRef90_A0A0F3IZB0	40.67	503	468
UniRef90_A0A0N0VLE8	42.15	503	463
UniRef90_UPI0004980C3B	41.37	503	467
UniRef90_A6DUW6	41.52	503	462
UniRef90_UPI00063D039D	43.71	503	460
UniRef90_Q0G178	40.95	503	469
UniRef90_A3JR52	45.25	503	467
UniRef90_A0A0N1FL11	42.18	503	471
UniRef90_UPI0006FBEA39	39.59	503	469
UniRef90_W8I024	42.09	503	466
UniRef90_A0A0F9V5K6	40.65	503	469
UniRef90_A0A037ZKE1	43.93	503	463
UniRef90_A3K034	41.87	503	462
UniRef90_A0A0H4KTP0	42.54	503	462
UniRef90_UPI0006C7FB39	43.71	503	468
UniRef90_UPI00065E47E2	41.86	503	465
UniRef90_Q1MKE6	43.17	503	474
UniRef90_UPI00037A0F55	41.35	503	469
UniRef90_C3MHL1	42.42	503	465
UniRef90_A6DTD0	43.98	503	456
UniRef90_UPI0003F92726	43.49	503	463
UniRef90_B9NPN3	41.32	503	462
UniRef90_UPI0006F8C00E	42.21	503	465
UniRef90_H4FDD2	41.80	503	465
UniRef90_A0A0B4WXT2	43.71	503	466
UniRef90_UPI0006F427F1	41.94	503	465
UniRef90_UPI00037D181F	40.53	503	469
UniRef90_A0A086XZT6	42.83	503	465
UniRef90_UPI00048FDC84	40.64	503	462
UniRef90_J9E093	42.95	503	468
UniRef90_A0A081MSK3	42.36	503	465
UniRef90_A0A0M3BAB0	41.39	503	465
UniRef90_UPI000493DB87	39.92	503	470
UniRef90_J0QFC2	43.74	503	465
UniRef90_W8SJ57	40.96	503	462
UniRef90_A0A0J5QHF2	44.59	503	441
UniRef90_U7P749	41.89	503	466
UniRef90_A3J9B3	41.18	503	466
UniRef90_UPI000414A11C	43.61	503	467
UniRef90_UPI00067C73A4	42.22	503	461
UniRef90_UPI00037DB2E6	41.67	503	484
UniRef90_A0A0J9E9T2	42.86	503	462
UniRef90_A6U6W2	41.48	503	465
UniRef90_A0A073IS96	41.22	503	462
UniRef90_UPI00046A3A5C	42.25	503	462
UniRef90_UPI0006B53D5C	40.76	503	461
UniRef90_P16120	98.04	503	514
UniRef90_G0WFQ6	82.97	503	516
UniRef90_H2B117	81.93	503	513
UniRef90_G0VEN6	82.91	503	513
UniRef90_G8ZN76	79.76	503	513
UniRef90_Q6FMB9	79.96	503	512
UniRef90_Q6CTY8	80.47	503	510
UniRef90_J7SAC5	79.57	503	513
UniRef90_A0A090BLX4	78.50	503	510
UniRef90_G8BWH8	80.66	503	515
UniRef90_W0VM29	78.78	503	513
UniRef90_C5DBY5	78.70	503	509
UniRef90_A0A0C7MZT5	76.73	503	510
UniRef90_B2G3X2	76.23	503	513
UniRef90_A7TT30	79.76	503	513
UniRef90_I2H6D6	78.00	503	513
UniRef90_A0A0M9VWP7	53.40	503	538
UniRef90_R8BW56	54.07	503	547
UniRef90_A5E244	66.08	503	504
UniRef90_Q00063	65.94	503	512
UniRef90_A0A086T276	52.58	503	551
UniRef90_E9E135	55.43	503	537
UniRef90_S3CKW2	54.36	503	544
UniRef90_A0A084G3G1	54.95	503	539
UniRef90_G8JPJ9	71.66	503	510
UniRef90_N4VLC7	53.23	503	553
UniRef90_G0RZ80	55.47	503	541
UniRef90_G2RGY9	53.51	503	547
UniRef90_H8X7E2	64.24	503	503
UniRef90_C5MHG4	65.82	503	503
UniRef90_G2WWL3	53.15	503	557
UniRef90_M7U1I0	52.87	503	550
UniRef90_A0A0F8DND2	54.19	503	535
UniRef90_W3WZE8	53.89	503	544
UniRef90_Q5AGE6	64.47	503	510
UniRef90_K0KNQ6	65.43	503	510
UniRef90_A0A0F4ZIY0	54.00	503	534
UniRef90_A0A063BV54	55.62	503	536
UniRef90_A0A0A1T3G9	55.43	503	529
UniRef90_A7F7A3	53.07	503	537
UniRef90_B2B1N9	52.39	503	554
UniRef90_C4Y559	63.62	503	515
UniRef90_A0A061B723	64.26	503	507
UniRef90_K1X7W4	54.72	503	547
UniRef90_A0A0G2F5S4	52.04	503	560
UniRef90_A0A0L0NIX6	53.96	503	547
UniRef90_S3DJ77	54.09	503	541
UniRef90_Q2GV42	53.20	503	548
UniRef90_S7RH13	51.62	503	530
UniRef90_Q6BKV1	63.15	503	520
UniRef90_A1CK16	53.54	503	536
UniRef90_G3APF0	63.23	503	509
UniRef90_M1VY29	54.21	503	537
UniRef90_C5P123	51.48	503	544
UniRef90_A0A0B7KFG5	53.18	503	537
UniRef90_A0A074W4W9	52.25	503	549
UniRef90_A0A068RWI5	54.73	503	528
UniRef90_A2R773	54.39	503	520
UniRef90_G3JRE3	51.10	503	638
UniRef90_Q1K5C3	51.48	503	553
UniRef90_U4L9D0	54.43	503	545
UniRef90_E4ZLR7	52.42	503	549
UniRef90_G8YHN7	64.06	503	515
UniRef90_J4VSX7	52.40	503	550
UniRef90_M2LCV3	49.82	503	558
UniRef90_V5FMA8	52.31	503	541
UniRef90_K5V3D0	50.46	503	546
UniRef90_UPI000440F79E	51.48	503	545
UniRef90_M2SXP6	52.23	503	545
UniRef90_F9FPF6	53.32	503	776
UniRef90_C1HA31	51.02	503	536
UniRef90_A3LVC4	63.69	503	511
UniRef90_I1CMM8	54.70	503	531
UniRef90_A0A0C3H1M0	51.02	503	539
UniRef90_A0A0C2YKM6	50.95	503	519
UniRef90_A0A0C3S8G0	50.92	503	548
UniRef90_S8EFZ7	50.00	503	524
UniRef90_A0A0H2RHX0	51.82	503	527
UniRef90_B8MTK3	52.19	503	548
UniRef90_G0RKT5	52.54	503	533
UniRef90_A0A0E9NHY7	53.23	503	536
UniRef90_B6JVL7	55.77	503	517
UniRef90_W4JUX1	50.47	503	538
UniRef90_G3B684	63.83	503	500
UniRef90_A0A0F8UAY1	52.80	503	536
UniRef90_R7YHX8	50.09	503	568
UniRef90_A0A094D8K3	52.59	503	565
UniRef90_A0A074X4T4	50.72	503	567
UniRef90_A0A0C7BX11	55.16	503	532
UniRef90_A5DAD5	62.50	503	518
UniRef90_A0A017S533	54.12	503	534
UniRef90_A0A0K8LBQ6	54.10	503	1274
UniRef90_F0X7D1	52.83	503	553
UniRef90_N1JPG3	50.00	503	569
UniRef90_J4H470	51.77	503	514
UniRef90_UPI0004623BCB	50.56	503	538
UniRef90_A0A0D1XLK1	50.56	503	537
UniRef90_F9XJL5	51.44	503	560
UniRef90_S7ZDN9	52.97	503	535
UniRef90_B2VTP3	51.12	503	546
UniRef90_A0A084QAR4	52.50	503	533
UniRef90_UPI0004408235	51.04	503	533
UniRef90_A0A0G2HB02	49.46	503	566
UniRef90_S0DRK2	52.77	503	540
UniRef90_A0A0D7BA85	50.19	503	517
UniRef90_A0A0C3ATL7	54.25	503	521
UniRef90_A0A0J9XA92	58.59	503	524
UniRef90_A0A067NXK2	49.91	503	542
UniRef90_G1XIM4	53.83	503	533
UniRef90_A0A0F8A477	51.42	503	531
UniRef90_A0A060SK30	50.28	503	547
UniRef90_C5JGG1	51.92	503	536
UniRef90_I4YDV3	50.56	503	538
UniRef90_K5VVF6	51.42	503	525
UniRef90_A0A0B1PB49	52.97	503	562
UniRef90_N1PD09	51.16	503	560
UniRef90_G4MVN8	49.08	503	549
UniRef90_Q0UMX8	51.57	503	551
UniRef90_Q0CIS5	52.83	503	534
UniRef90_T5AKL1	51.12	503	534
UniRef90_F2QTI7	61.86	503	502
UniRef90_A0A067TBN5	49.54	503	544
UniRef90_A0A0L9SPX5	52.70	503	535
UniRef90_M5FXV9	49.91	503	532
UniRef90_A0A0L6WE00	48.45	503	549
UniRef90_A0A0L0NPW0	58.41	503	537
UniRef90_M2QIZ6	49.72	503	537
UniRef90_A0A0B7MPV9	54.05	503	532
UniRef90_A0A0F4YJX7	54.49	503	998
UniRef90_W6MMC4	59.11	503	516
UniRef90_W1Q7I0	61.79	503	511
UniRef90_N1QEA7	50.82	503	555
UniRef90_W7HWS1	55.51	503	542
UniRef90_M3ALZ7	50.81	503	557
UniRef90_G4TAN0	53.61	503	513
UniRef90_A0A0D7A186	51.05	503	513
UniRef90_A0A0C2XHE0	50.00	503	519
UniRef90_R1GD27	49.55	503	563
UniRef90_D4B5N4	51.01	503	544
UniRef90_Q6C0N3	60.39	503	505
UniRef90_B6HD87	53.16	503	537
UniRef90_D5GJK7	54.92	503	545
UniRef90_S8AWP2	55.70	503	1102
UniRef90_V2XPL1	49.63	503	532
UniRef90_A0A099NWV4	59.96	503	510
UniRef90_R7T2M0	49.90	503	552
UniRef90_U5HCQ9	46.97	503	562
UniRef90_A0A0G2EAC4	51.27	503	554
UniRef90_UPI0004418514	48.56	503	560
UniRef90_A6QTT7	50.37	503	536
UniRef90_G9PAR4	50.94	503	534
UniRef90_A0A0D2Q1C2	50.09	503	526
UniRef90_UPI0004414EBD	49.53	503	529
UniRef90_A0A067M7H2	51.73	503	526
UniRef90_A8NZN1	50.46	503	574
UniRef90_S9VWB4	53.67	503	529
UniRef90_Q5B8U9	51.58	503	517
UniRef90_W9YY73	48.99	503	551
UniRef90_A0A067PQ16	49.07	503	540
UniRef90_Q2U324	48.92	503	553
UniRef90_B0D421	48.79	503	544
UniRef90_M5BTC0	49.91	503	532
UniRef90_A0A0D0AGL7	51.35	503	511
UniRef90_Q42598	55.38	503	514
UniRef90_H6BKH2	50.18	503	551
UniRef90_R9ACT5	49.35	503	535
UniRef90_A0A0D1WFB4	49.45	503	551
UniRef90_W9X3P4	49.82	503	551
UniRef90_A0A060T8E1	56.07	503	516
UniRef90_A0A0D2A3M0	50.09	503	546
UniRef90_A0A0D2EXD9	50.00	503	551
UniRef90_D8Q7N7	50.19	503	526
UniRef90_A0A0G4MTF4	54.41	503	2906
UniRef90_A0A0D2G107	49.81	503	550
UniRef90_A0A015I7B1	52.65	503	519
UniRef90_W9VU00	49.91	503	551
UniRef90_UPI0003FDBC0A	40.64	503	465
UniRef90_A0A0J6HZY8	39.04	503	469
UniRef90_UPI000360B6A5	39.29	503	465
UniRef90_UPI0005F7E712	40.43	503	469
UniRef90_A0A0C9VHN4	49.81	503	539
UniRef90_W9XVE1	50.00	503	550
UniRef90_Q4KHP8	38.45	503	469
UniRef90_J3NLX2	48.98	503	546
UniRef90_UPI0005A143FA	40.08	503	465
UniRef90_P29363	38.65	503	469
UniRef90_A0A0F7XUL3	38.45	503	469
UniRef90_W2RYR7	50.92	503	550
UniRef90_F6ABD9	38.25	503	469
UniRef90_UPI0003B777C1	38.25	503	469
UniRef90_UPI0004145C6B	38.97	503	465
UniRef90_A0A081G2D5	39.29	503	464
UniRef90_A0A0D2D0J5	48.99	503	559
UniRef90_A0A0D9M8M2	54.13	503	851
UniRef90_Q21LF7	39.44	503	465
UniRef90_C7Z694	50.18	503	510
UniRef90_A0A0N0NLD6	49.17	503	553
UniRef90_A0A077R7Q5	46.85	503	564
UniRef90_A0A072NYV0	48.24	503	550
UniRef90_A8QD54	48.93	503	532
UniRef90_C5BR79	39.96	503	471
UniRef90_A0A024HD76	38.25	503	469
UniRef90_A0A0F9V5K6	39.44	503	469
UniRef90_UPI00025598F2	37.70	503	464
UniRef90_L2GF24	52.38	503	1142
UniRef90_A0A0F7SNC4	49.90	503	1445
UniRef90_A0A0H4KTP0	40.95	503	462
UniRef90_A0A089YVM6	38.25	503	469
UniRef90_A0A0A0EJW6	41.95	503	462
UniRef90_N2J3W8	38.05	503	469
UniRef90_B3PDI2	39.36	503	465
UniRef90_UPI000567E098	38.89	503	466
UniRef90_A0A0M8MTD2	48.48	503	521
UniRef90_UPI0006B4D4F1	39.80	503	464
UniRef90_A0A099PCF5	39.09	503	464
UniRef90_D0D619	40.28	503	462
UniRef90_A0A031MGB2	37.65	503	468
UniRef90_V5EFM0	46.89	503	563
UniRef90_A0A066WGM9	48.83	503	566
UniRef90_U7P749	39.84	503	466
UniRef90_A9DAK8	39.20	503	465
UniRef90_R4XF92	52.33	503	532
UniRef90_B9R377	41.52	503	468
UniRef90_A0A0B5DXU5	40.36	503	460
UniRef90_A7HQW7	41.72	503	467
UniRef90_K2PXV6	39.40	503	465
UniRef90_A0A0M6YRX5	42.12	503	468
UniRef90_A0A0M6ZDX9	40.52	503	468
UniRef90_A0A0K1WKF5	36.85	503	469
UniRef90_A0A0D0A4V7	47.78	503	517
UniRef90_Q1MKE6	38.88	503	474
UniRef90_R9P9N8	45.62	503	565
UniRef90_UPI00040FF5E3	38.97	503	462
UniRef90_E4PQI6	40.44	503	466
UniRef90_A0A081CHS5	46.07	503	569
UniRef90_W2UG98	40.56	503	465
UniRef90_UPI00055F6EA7	40.95	503	463
UniRef90_E6ZPK2	45.36	503	568
UniRef90_A3K034	40.87	503	462
UniRef90_G2E524	45.74	503	463
UniRef90_A0A063Y597	37.50	503	464
UniRef90_A3TZ57	40.56	503	462
UniRef90_A0A081BAF3	40.20	503	474
UniRef90_X8JCJ1	50.56	503	1542
UniRef90_A0NV86	41.32	503	468
UniRef90_A0A0C3PS05	47.98	503	519
UniRef90_A0A0M9EIT1	41.67	503	462
UniRef90_Q2BR75	37.85	503	464
UniRef90_UPI0006C92810	40.92	503	463
UniRef90_H0JE23	37.85	503	469
UniRef90_UPI00067C73A4	38.97	503	461
UniRef90_A0A086Y8P3	40.24	503	462
UniRef90_A0A0L0J2Z8	42.28	503	468
UniRef90_J6EPM4	50.29	503	515
UniRef90_UPI000362D7C9	38.49	503	464
UniRef90_C1DSZ4	36.67	503	469
UniRef90_UPI0006C76D48	38.89	503	461
UniRef90_A6DUW6	40.36	503	462
UniRef90_A0A0F9M5X9	39.04	503	466
UniRef90_Q3J5F4	39.68	503	461
UniRef90_F2K1Y1	39.64	503	461
UniRef90_W9UQF6	37.50	503	464
UniRef90_A0A0K6IQW0	39.24	503	461
UniRef90_N6WZU1	39.44	503	466
UniRef90_A0A0B4WXT2	39.08	503	466
UniRef90_UPI0004802444	37.70	503	463
UniRef90_A0A073J2S8	39.76	503	462
UniRef90_A0A0F9WB01	37.97	503	469
UniRef90_A0A0M3BAB0	39.32	503	465
UniRef90_A0A0C9VGP6	48.57	503	518
UniRef90_A3J9B3	40.04	503	466
UniRef90_A0A0E2PAG9	40.00	503	469
UniRef90_U4UY43	39.96	503	463
UniRef90_UPI000479A483	40.87	503	462
UniRef90_S6GKZ7	39.36	503	462
UniRef90_A0A0B4C3M9	39.56	503	462
UniRef90_UPI00048B4BF3	38.77	503	465
UniRef90_A0A098T561	39.16	503	465
UniRef90_A8LHU1	38.84	503	463
UniRef90_L0LJS9	40.24	503	465
UniRef90_K4KFP5	38.57	503	464
UniRef90_F3LHE4	39.17	503	465
UniRef90_V7END6	40.84	503	463
UniRef90_UPI000418C658	39.17	503	461
UniRef90_A0A017H9V4	40.87	503	462
UniRef90_A0A099TA78	39.56	503	465
UniRef90_UPI00041D6999	40.04	503	463
UniRef90_A0L4U1	44.84	503	459
UniRef90_C3MHL1	38.80	503	465
UniRef90_UPI0004980C3B	39.32	503	467
UniRef90_UPI0003485F54	40.44	503	473
UniRef90_U1GFW2	45.44	503	590
UniRef90_X7FDT9	41.47	503	463
UniRef90_UPI0006F8C00E	38.80	503	465
UniRef90_UPI000465097A	38.80	503	468
UniRef90_UPI0004284189	39.88	503	462
UniRef90_UPI00039D2DAC	38.05	503	469
UniRef90_X7EJJ5	39.84	503	463
UniRef90_UPI0006B53D5C	39.68	503	461
UniRef90_UPI0005628EBB	39.20	503	465
UniRef90_A0A0F7PQM3	38.03	503	465
UniRef90_A0A061SKI0	40.04	503	462
UniRef90_B9NPN3	40.56	503	462
UniRef90_A0A021X1W5	38.40	503	465
UniRef90_UPI00057976A0	40.04	503	461
UniRef90_A0A0F2P211	39.48	503	466
UniRef90_A0A0L1JSS9	39.24	503	462
UniRef90_UPI00046525BA	38.97	503	462
UniRef90_UPI00036913E5	39.56	503	465
UniRef90_A0A0D1BZT8	45.71	503	568
UniRef90_W9V610	46.80	503	463
UniRef90_W4HPK4	41.04	503	463
UniRef90_UPI0003B6A6E1	43.94	503	463
UniRef90_A0A0N0K8A7	38.52	503	469
UniRef90_W6WAW9	38.20	503	464
UniRef90_A0A0C2YWU4	48.17	503	517
UniRef90_UPI000683503D	40.76	503	462
UniRef90_G8PSH0	39.76	503	468
UniRef90_H0I008	38.63	503	465
UniRef90_A3SIR1	41.12	503	462
UniRef90_UPI0003F92726	39.88	503	463
UniRef90_B9M1F1	44.91	503	460
UniRef90_A3YIC4	39.04	503	461
UniRef90_F8AAL2	44.93	503	463
UniRef90_W8SJ57	40.20	503	462
UniRef90_UPI000369EF71	38.45	503	464
UniRef90_UPI0004673B77	38.60	503	465
UniRef90_A6W1T6	38.84	503	461
UniRef90_G9MGD4	48.19	503	523
UniRef90_A6U6W2	39.12	503	465
UniRef90_UPI0005F7F2E1	39.28	503	466
UniRef90_E2CBC6	40.60	503	468
UniRef90_UPI0004752BE4	38.00	503	464
UniRef90_UPI0004876BB9	38.29	503	464
UniRef90_I2FVG1	45.45	503	570
UniRef90_Q4WXC3	54.79	503	506
UniRef90_W9HFT1	36.71	503	475
UniRef90_A0A0H1ABE3	38.63	503	470
UniRef90_D3NT62	38.65	503	473
UniRef90_B7RLF0	39.88	503	462
UniRef90_Q8YFS0	39.20	503	463
UniRef90_Q5LNY2	40.12	503	463
UniRef90_UPI0005792C86	38.89	503	462
UniRef90_A0A0B5BGZ6	45.82	503	461
UniRef90_UPI00067D8CB6	38.77	503	461
UniRef90_UPI000571DC19	38.72	503	463
UniRef90_UPI000482BA3D	39.92	503	462
UniRef90_UPI0003FEDADB	38.32	503	469
UniRef90_A0A0F7M5R1	41.27	503	465
UniRef90_UPI000408B5AE	39.52	503	468
UniRef90_L8X164	48.87	503	1194
UniRef90_UPI000493DB87	38.40	503	470
UniRef90_A0A0F7JYJ0	45.24	503	460
UniRef90_A0A073IS96	40.28	503	462
UniRef90_A0A0J9E9T2	38.89	503	462
UniRef90_UPI00037D9001	39.04	503	463
UniRef90_K2JG38	39.17	503	460
UniRef90_M5E747	46.58	503	519
UniRef90_UPI00046D18CC	46.73	503	454
UniRef90_A0A058ZI78	39.72	503	463
UniRef90_W8I024	40.00	503	466
UniRef90_S9RRP9	40.64	503	462
UniRef90_A0A0D6B1A3	40.72	503	463
UniRef90_K2AIS9	39.88	503	461
UniRef90_A0A076K5C0	39.56	503	461
UniRef90_A0A0K0Y378	38.65	503	462
UniRef90_U4Q1S9	38.72	503	465
UniRef90_UPI000255857E	39.52	503	462
UniRef90_K2JMX4	39.68	503	468
UniRef90_S6GDE3	39.84	503	462
UniRef90_H4FDD2	38.43	503	465
UniRef90_UPI00037A0F55	40.40	503	469
UniRef90_K2PJI4	37.58	503	467
UniRef90_F4RER6	48.76	503	512
UniRef90_A0A0F4RFC2	39.04	503	459
UniRef90_Q1GE54	38.45	503	463
UniRef90_Q39V62	45.11	503	461
UniRef90_UPI00065E47E2	38.20	503	465
UniRef90_A6FU17	39.36	503	462
UniRef90_I7DMN1	38.05	503	462
UniRef90_UPI0006FA1D4D	38.40	503	465
UniRef90_A0A0D2UH97	37.70	503	476
UniRef90_F2IZ87	39.60	503	468
UniRef90_W0E2F3	46.03	503	466
UniRef90_UPI00048D0D28	40.24	503	468
UniRef90_J2VEV6	37.20	503	465
UniRef90_A0A0D0J7M4	39.52	503	466
UniRef90_A0A0D5NCP8	45.62	503	461
UniRef90_UPI0006DA07EB	38.37	503	461
UniRef90_A0A0J8RR44	47.78	503	514
UniRef90_G8AN18	38.55	503	470
UniRef90_UPI00046A3A5C	40.56	503	462
UniRef90_K2LQ40	37.55	503	467
UniRef90_X6L352	39.09	503	465
UniRef90_L0NBU0	38.76	503	468
UniRef90_A0A059IKB0	40.67	503	462
UniRef90_UPI0006489A32	40.00	503	471
UniRef90_A9E191	38.25	503	462
UniRef90_UPI00036FFCA8	38.00	503	465
UniRef90_A0A0G9MMY3	39.29	503	466
UniRef90_C7DBB9	39.24	503	461
UniRef90_UPI0006F427F1	39.40	503	465
UniRef90_I5C1G0	39.16	503	467
UniRef90_UPI00040225DA	44.02	503	465
UniRef90_I2JKA8	39.48	503	465
UniRef90_UPI000414A11C	40.44	503	467
UniRef90_A0A0F5LPR1	40.16	503	463
UniRef90_A0A037ZKE1	40.32	503	463
UniRef90_A0A081MSK3	39.56	503	465
UniRef90_A0A0B5FDR4	44.02	503	462
UniRef90_B6B9C6	39.56	503	462
UniRef90_UPI000255A765	38.37	503	463
UniRef90_F5H961	49.07	503	547
UniRef90_A0A0F5QMK8	40.12	503	464
UniRef90_UPI0003A3EC47	37.72	503	465
UniRef90_K9H684	38.25	503	465
UniRef90_UPI0004A77E2B	43.85	503	462
UniRef90_A0A095XVE6	39.56	503	465
UniRef90_A0A0F5L2Z2	39.56	503	464
UniRef90_I2K2D7	59.28	503	484
UniRef90_A0A087LSQ1	40.52	503	463
UniRef90_A0A017HU10	39.84	503	462
UniRef90_Q167V6	38.52	503	460
UniRef90_D7A4A5	38.60	503	469
UniRef90_UPI00040BF8BB	39.32	503	467
UniRef90_D3RRF0	47.12	503	465
UniRef90_UPI0006FFDE79	38.35	503	466
UniRef90_A0A0D1EA27	39.17	503	465
UniRef90_UPI0006C7FB39	39.60	503	468
UniRef90_UPI0004660B47	38.63	503	466
UniRef90_UPI000468A37A	39.36	503	462
UniRef90_Q0FCB3	39.60	503	461
UniRef90_UPI0003B3906B	44.93	503	455
UniRef90_A5GF77	43.11	503	460
UniRef90_A0A0A8WQW1	45.62	503	461
UniRef90_UPI00048F0088	40.12	503	462
UniRef90_A0A0N0VLE8	39.80	503	463
UniRef90_UPI0006460845	38.40	503	465
UniRef90_M9RHI1	39.29	503	462
UniRef90_UPI00036B5ABE	39.88	503	470
UniRef90_A3VFV9	39.32	503	461
UniRef90_C5JAY7	44.75	503	463
UniRef90_F9Y9H0	39.24	503	462
UniRef90_UPI000490E6CB	39.76	503	469
UniRef90_A3JR52	40.20	503	467
UniRef90_A1ARN1	43.14	503	461
UniRef90_UPI0006FC3E70	38.00	503	465
UniRef90_UPI000489F046	39.40	503	465
UniRef90_A0A085F768	40.52	503	464
UniRef90_A0A0F5PXN1	40.52	503	464
UniRef90_A0A0F5FQS3	40.16	503	463
UniRef90_C5AYA3	40.12	503	470
UniRef90_A0A0M7B8N6	38.88	503	461
UniRef90_UPI00056E1E35	40.60	503	471
UniRef90_A0A081NHW1	37.28	503	467
UniRef90_A0A0D6T9K6	40.92	503	458
UniRef90_I3Y5Q0	46.23	503	467
UniRef90_UPI000364AD10	40.12	503	470
UniRef90_A4EEG5	38.05	503	461
UniRef90_C8S0W1	39.17	503	461
UniRef90_A0A0L0HK37	46.11	503	573
UniRef90_A0A086XZT6	40.48	503	465
UniRef90_A0A0F5FJ02	38.32	503	463
UniRef90_UPI00039E772F	37.38	503	466
UniRef90_UPI00063D039D	40.24	503	460
UniRef90_UPI00037E1853	39.48	503	472
UniRef90_B3E4R0	44.69	503	460
UniRef90_Q28MJ6	39.48	503	462
UniRef90_Q11KB5	38.32	503	467
UniRef90_A0YAS3	39.76	503	465
UniRef90_H8FRU3	37.50	503	467
UniRef90_UPI0004104488	38.69	503	464
UniRef90_A0A0H1RF70	39.12	503	471
UniRef90_A3X8Z1	38.97	503	462
UniRef90_A0A087LU55	40.76	503	464
UniRef90_UPI00037D181F	39.32	503	469
UniRef90_A0A0J5QHF2	42.33	503	441
UniRef90_E8T7Z7	38.23	503	465
UniRef90_UPI00048CFA73	38.55	503	471
UniRef90_A0A0M6XJZ1	39.17	503	460
UniRef90_UPI000422043F	39.32	503	466
UniRef90_A0A081KBQ1	37.20	503	462
UniRef90_Q1K0E7	43.23	503	463
UniRef90_UPI0006F3E7A9	39.72	503	463
UniRef90_UPI0006D7E909	39.72	503	466
UniRef90_A0A011UV69	37.60	503	468
UniRef90_A0A099GA63	40.72	503	463
UniRef90_UPI00048FDC84	38.17	503	462
UniRef90_A4BBM3	36.38	503	464
UniRef90_A0A0D0E0D8	49.62	503	513
UniRef90_B7RY64	37.18	503	465
UniRef90_A8I578	39.32	503	470
UniRef90_A0A0C2EB21	43.71	503	462
UniRef90_A0Z7L9	37.97	503	467
UniRef90_A3V794	40.04	503	461
UniRef90_UPI000404D021	38.10	503	465
UniRef90_UPI0005ED69EB	37.85	503	461
UniRef90_A7IL60	37.80	503	470
UniRef90_B8I9Q9	39.80	503	471
UniRef90_UPI000404B313	38.92	503	466
