UniRef90_O87172	100.00	500	500
UniRef90_A0A0B0SAD2	88.60	500	500
UniRef90_UPI0003B78A5F	89.00	500	500
UniRef90_Q2VJA0	86.80	500	500
UniRef90_E8PNF5	87.40	500	500
UniRef90_G8NC59	87.80	500	501
UniRef90_UPI00056EF4B4	85.97	500	500
UniRef90_B7A9X4	88.18	500	500
UniRef90_UPI0005714F3B	86.80	500	500
UniRef90_K7QZL3	84.60	500	500
UniRef90_A0A0A2X7D9	71.66	500	485
UniRef90_UPI00041AD122	65.07	500	500
UniRef90_UPI0003675F53	63.60	500	499
UniRef90_D3PR02	63.27	500	501
UniRef90_UPI0004846884	62.95	500	501
UniRef90_D7BF07	60.68	500	500
UniRef90_E4U8S9	63.47	500	503
UniRef90_A0A0M9UC58	58.66	500	499
UniRef90_UPI000554BE35	54.55	500	508
UniRef90_A7NMF5	55.02	500	516
UniRef90_I0I0E0	55.58	500	523
UniRef90_UPI0006C8ED02	53.57	500	505
UniRef90_B8G3J5	54.24	500	504
UniRef90_A9WDD3	55.25	500	517
UniRef90_UPI00054E64BD	56.61	500	510
UniRef90_D7CSX3	54.98	500	517
UniRef90_UPI0004898EFC	53.65	500	510
UniRef90_A0A0C1QPF8	51.19	500	503
UniRef90_UPI0004811029	51.81	500	494
UniRef90_Q1J0L5	55.23	500	503
UniRef90_UPI0003B6CD74	54.64	500	504
UniRef90_C1CWV2	53.65	500	501
UniRef90_A0A0C2KZR3	51.59	500	502
UniRef90_UPI000317E01A	52.32	500	503
UniRef90_K9QHC3	52.20	500	502
UniRef90_E8MXP8	55.04	500	511
UniRef90_A5UTL4	55.42	500	512
UniRef90_UPI00048CB7AF	52.96	500	523
UniRef90_UPI0004E381B8	51.90	500	503
UniRef90_A0A016QLM5	54.64	500	501
UniRef90_A0A072NCC2	55.14	500	508
UniRef90_A0A0A7KH37	53.86	500	510
UniRef90_E1IFU3	51.47	500	513
UniRef90_UPI00037AFE7D	51.09	500	503
UniRef90_K9XCN2	51.20	500	503
UniRef90_K9S9D3	52.48	500	501
UniRef90_UPI0003667165	50.99	500	502
UniRef90_A0A0F7JLZ2	52.37	500	500
UniRef90_A0A0C2QSQ4	50.40	500	502
UniRef90_A0ZM10	51.40	500	502
UniRef90_L0KA68	49.90	500	507
UniRef90_UPI00036545EB	52.86	500	502
UniRef90_Q116E8	48.91	500	505
UniRef90_A0A0B5BFX8	52.73	500	492
UniRef90_D0GKZ5	49.80	500	496
UniRef90_L0A516	52.67	500	500
UniRef90_Q3A733	52.51	500	501
UniRef90_A0A073CTT5	50.60	500	498
UniRef90_UPI00034D7342	53.65	500	502
UniRef90_K9X523	50.79	500	502
UniRef90_UPI0004927757	53.41	500	503
UniRef90_K9XVV9	52.51	500	505
UniRef90_E8U8D8	51.98	500	503
UniRef90_K9QZ62	50.00	500	502
UniRef90_B8HY02	51.09	500	500
UniRef90_A0A098TKQ2	50.30	500	505
UniRef90_B3XXJ0	51.77	500	504
UniRef90_D9SFU3	52.91	500	511
UniRef90_H8GUA1	53.06	500	505
UniRef90_I0AG37	50.30	500	514
UniRef90_K8DXM8	51.39	500	498
UniRef90_B4WLQ2	50.80	500	504
UniRef90_M1WYF2	49.40	500	500
UniRef90_E3T739	52.10	500	502
UniRef90_UPI0004A6E7F9	50.71	500	502
UniRef90_X5JJJ5	50.20	500	500
UniRef90_UPI0004963ECF	52.95	500	501
UniRef90_D4ZY35	49.90	500	505
UniRef90_U2PB89	49.00	500	507
UniRef90_UPI00037E4D95	53.25	500	504
UniRef90_Q8YQG0	50.79	500	502
UniRef90_UPI0003021545	51.10	500	502
UniRef90_Q39T08	51.61	500	496
UniRef90_K9V8I5	50.20	500	508
UniRef90_Q7NG57	51.65	500	504
UniRef90_UPI00034D7DF7	50.70	500	502
UniRef90_F6DPX1	50.00	500	507
UniRef90_A0A0C1UUH2	50.30	500	502
UniRef90_D1C2P3	53.20	500	502
UniRef90_UPI0005679E09	52.87	500	503
UniRef90_A0A0C2HT44	51.30	500	499
UniRef90_B9M7F8	50.90	500	497
UniRef90_U2T2Q1	48.40	500	498
UniRef90_D0MHD8	52.65	500	514
UniRef90_A0A0M1JU15	50.10	500	498
UniRef90_UPI000483AA34	52.57	500	499
UniRef90_D8FUF9	49.21	500	502
UniRef90_UPI0002EBE702	49.80	500	502
UniRef90_K7W948	50.50	500	502
UniRef90_UPI0003775571	50.21	500	502
UniRef90_UPI0002E29D78	49.21	500	502
UniRef90_A0A081BYF3	49.90	500	516
UniRef90_A0A0E9M7P1	50.79	500	527
UniRef90_UPI0007000EDB	52.92	500	506
UniRef90_A0A0M4D044	51.31	500	503
UniRef90_C7NB71	48.20	500	496
UniRef90_UPI0003794722	48.02	500	497
UniRef90_K8GCD3	50.98	500	512
UniRef90_UPI0002AB9BB1	48.71	500	503
UniRef90_K9R651	49.20	500	502
UniRef90_K9VCH8	50.00	500	502
UniRef90_A0A0M2PZN0	49.21	500	499
UniRef90_UPI00055FE7DE	48.89	500	505
UniRef90_A0A0B5FEX6	52.71	500	504
UniRef90_F4XI93	48.02	500	517
UniRef90_L8LK91	49.70	500	502
UniRef90_A0A098QYQ3	49.90	500	508
UniRef90_A0A0D8ZMZ5	48.81	500	504
UniRef90_D9QVV5	48.59	500	495
UniRef90_UPI00054EB922	51.19	500	500
UniRef90_R7JQN0	49.20	500	493
UniRef90_UPI000346071D	49.80	500	502
UniRef90_L8M945	48.70	500	502
UniRef90_K9Q598	49.70	500	512
UniRef90_UPI00037BFAF3	49.11	500	499
UniRef90_A0A0B6WUE0	51.67	500	507
UniRef90_A0A0A8WW05	51.79	500	495
UniRef90_F9U754	51.19	500	502
UniRef90_UPI0003617ABC	50.00	500	502
UniRef90_D5CQN9	50.30	500	503
UniRef90_K9TE10	48.52	500	505
UniRef90_A0A077JHF6	49.50	500	502
UniRef90_A0A072XJQ7	49.08	500	492
UniRef90_A0A0D5NDH0	50.41	500	493
UniRef90_W9VAN8	51.09	500	503
UniRef90_U5QG85	50.61	500	504
UniRef90_A0A0F5Y9W3	48.43	500	500
UniRef90_K9W563	49.10	500	501
UniRef90_UPI00037BBFB3	52.41	500	504
UniRef90_A0A0K8P1B1	52.30	500	507
UniRef90_K9PD31	50.79	500	502
UniRef90_UPI0003813F55	49.30	500	502
UniRef90_D3RV13	52.72	500	504
UniRef90_G2LKT1	53.71	500	517
UniRef90_A1VL91	49.90	500	501
UniRef90_G6FYT9	49.60	500	501
UniRef90_U2RTM5	47.42	500	500
UniRef90_C0ECJ1	50.20	500	489
UniRef90_Q2JS27	51.17	500	533
UniRef90_V5V7C6	49.80	500	518
UniRef90_K9FC96	50.20	500	499
UniRef90_E8WMJ9	49.80	500	495
UniRef90_UPI0003F81A42	49.42	500	514
UniRef90_F6B9Y0	50.40	500	496
UniRef90_K9TXB4	47.23	500	501
UniRef90_UPI000477EB11	50.40	500	500
UniRef90_UPI0002E678D2	53.24	500	499
UniRef90_U5DDG8	48.73	500	518
UniRef90_L0DCU7	50.87	500	525
UniRef90_K9TUF5	48.61	500	506
UniRef90_I0HTB3	53.24	500	499
UniRef90_Q31PH0	51.10	500	499
UniRef90_A9B3H8	49.90	500	519
UniRef90_A4J4I6	48.21	500	499
UniRef90_D1AYA8	46.69	500	488
UniRef90_B1WX80	49.70	500	501
UniRef90_A0PXG4	47.18	500	492
UniRef90_U2EX48	49.40	500	498
UniRef90_U9VP96	49.70	500	500
UniRef90_K9UME9	48.81	500	498
UniRef90_UPI000485E296	48.51	500	504
UniRef90_A5UXX1	49.61	500	503
UniRef90_I0HRE0	51.98	500	497
UniRef90_Q8XHY6	48.41	500	497
UniRef90_B8G5W3	51.84	500	502
UniRef90_UPI00037085B9	48.72	500	503
UniRef90_UPI0003600175	49.70	500	502
UniRef90_R9N6U5	49.80	500	502
UniRef90_K9TB49	50.30	500	501
UniRef90_B2JA37	50.40	500	502
UniRef90_A0A0K9N8H0	51.29	500	503
UniRef90_UPI0002D92973	48.80	500	499
UniRef90_G2E650	50.80	500	503
UniRef90_R7A502	48.48	500	493
UniRef90_K9U0A5	47.43	500	509
UniRef90_V5SNJ9	47.78	500	505
UniRef90_D7E384	48.81	500	502
UniRef90_D4TM02	49.60	500	502
UniRef90_A0A0C1YE88	49.01	500	503
UniRef90_Q1AZF0	54.31	500	483
UniRef90_A5G6J3	49.90	500	499
UniRef90_K9ZHP3	49.40	500	502
UniRef90_A0A0L6Z6H7	47.79	500	492
UniRef90_UPI00048907A1	45.63	500	498
UniRef90_A0A0D6QHM6	54.71	500	518
UniRef90_S6FBH8	46.53	500	495
UniRef90_UPI00030FEF1B	47.06	500	505
UniRef90_A0A0F3IFT8	49.70	500	496
UniRef90_R6P871	46.92	500	501
UniRef90_UPI000365B058	50.20	500	508
UniRef90_U5N8A8	48.70	500	506
UniRef90_A0A0N1ALI4	50.59	500	502
UniRef90_I4ECN9	50.91	500	488
UniRef90_UPI000418EB95	47.71	500	495
UniRef90_U2JG31	48.50	500	502
UniRef90_A9WI85	51.33	500	496
UniRef90_B7KFI5	48.80	500	498
UniRef90_W6RWU5	45.63	500	492
UniRef90_UPI00064B9075	53.14	500	482
UniRef90_A0A0D6KZ81	49.70	500	503
UniRef90_UPI000347A246	47.98	500	513
UniRef90_W0E3S2	51.28	500	504
UniRef90_A0A023X024	51.50	500	514
UniRef90_R7N5G8	47.62	500	498
UniRef90_K9WL20	47.60	500	502
UniRef90_I4FFC9	49.50	500	500
UniRef90_UPI0004BC9814	46.34	500	498
UniRef90_A0A011NK65	49.90	500	508
UniRef90_UPI00048834F3	48.28	500	495
UniRef90_A0A0N1AFJ3	49.70	500	518
UniRef90_E3HAK9	44.84	500	497
UniRef90_R5E680	45.63	500	495
UniRef90_R9IWM1	48.10	500	493
UniRef90_UPI0004863603	49.12	500	507
UniRef90_R9N2B2	46.91	500	493
UniRef90_D5BZ58	51.01	500	482
UniRef90_UPI000701539A	52.20	500	500
UniRef90_Q1IRL2	49.22	500	509
UniRef90_F0RM66	49.70	500	522
UniRef90_K9Y885	48.91	500	500
UniRef90_A0A080MK95	50.90	500	509
UniRef90_B8GTQ7	51.52	500	495
UniRef90_V5WCT5	48.61	500	508
UniRef90_B5EGH0	48.59	500	494
UniRef90_A0A0L6TAF9	50.69	500	501
UniRef90_R5DGJ5	49.40	500	502
UniRef90_B7JW51	47.31	500	501
UniRef90_D9SR03	46.98	500	492
UniRef90_UPI00066586A4	45.71	500	490
UniRef90_A0A0K1PIE9	51.89	500	524
UniRef90_UPI0002FB15D6	47.82	500	503
UniRef90_D1AN51	47.92	500	496
UniRef90_F8EYN1	48.16	500	516
UniRef90_A0A0N0J9Q0	51.21	500	495
UniRef90_D4J6V6	47.11	500	513
UniRef90_R7R196	46.91	500	493
UniRef90_E0UFS8	49.11	500	501
UniRef90_A0A011P1J4	49.90	500	508
UniRef90_K9YXT1	48.41	500	500
UniRef90_P72785	49.30	500	505
UniRef90_R5D5F5	46.52	500	500
UniRef90_UPI0004258323	48.60	500	486
UniRef90_C0C5W2	51.20	500	503
UniRef90_UPI000475B6F2	46.12	500	498
UniRef90_R9JGP2	47.11	500	491
UniRef90_A0A0N1B1I8	48.50	500	510
UniRef90_V7I3W4	48.79	500	492
UniRef90_UPI0006D578F0	55.27	500	492
UniRef90_B0G5J1	46.20	500	502
UniRef90_UPI0003B710CB	46.12	500	494
UniRef90_R9MLG4	47.40	500	502
UniRef90_UPI0004E1434D	47.31	500	492
UniRef90_UPI00039E1BF5	51.22	500	501
UniRef90_A7NN94	50.79	500	525
UniRef90_UPI0004DB6C24	46.91	500	491
UniRef90_R5UIG8	45.91	500	522
UniRef90_C7RT84	50.50	500	508
UniRef90_A0A0N0KBD2	50.89	500	502
UniRef90_D1CE10	47.02	500	504
UniRef90_G3IUW3	49.28	500	489
UniRef90_I3Y5N0	51.38	500	503
UniRef90_H8Z2U7	49.80	500	506
UniRef90_UPI0002EB400E	48.80	500	500
UniRef90_E1R9M6	49.22	500	522
UniRef90_UPI000646F330	50.40	500	501
UniRef90_B5JFW1	48.53	500	516
UniRef90_UPI000559BF9C	45.96	500	505
UniRef90_F3AGW5	48.10	500	492
UniRef90_B0G781	50.50	500	511
UniRef90_L0K9W7	47.02	500	499
UniRef90_A1AU36	51.62	500	502
UniRef90_UPI00050954F2	45.77	500	505
UniRef90_UPI0006BB0350	45.02	500	498
UniRef90_S0J1U5	48.99	500	499
UniRef90_K9TDE2	47.62	500	501
UniRef90_V5B4Q6	49.90	500	493
UniRef90_A0A0C9NIG0	46.31	500	499
UniRef90_UPI0003B558EF	46.26	500	512
UniRef90_UPI0006C7D673	52.49	500	498
UniRef90_A0A0K6I9X4	49.60	500	507
UniRef90_F3BCR6	47.27	500	508
UniRef90_UPI00040E48CD	46.11	500	507
UniRef90_UPI0005B2C214	47.38	500	492
UniRef90_R6G2Z0	46.46	500	499
UniRef90_K9Z712	46.81	500	504
UniRef90_UPI0004901872	51.49	500	506
UniRef90_H5WPY6	51.78	500	498
UniRef90_UPI00056B8623	43.68	500	513
UniRef90_A0A0D6ATK2	46.89	500	506
UniRef90_UPI0006C37DB9	45.63	500	493
UniRef90_R7R8G9	46.91	500	496
UniRef90_UPI0006FE96F0	49.30	500	503
UniRef90_UPI00042148A6	48.09	500	507
UniRef90_M1M820	45.54	500	512
UniRef90_W8KUB9	50.51	500	497
UniRef90_UPI00034A13FC	46.80	500	505
UniRef90_G7MBR9	45.94	500	498
UniRef90_R6MX00	47.42	500	500
UniRef90_G8NNP5	47.91	500	526
UniRef90_UPI0001745568	49.01	500	511
UniRef90_B4W2G4	47.39	500	502
UniRef90_K9YJZ6	46.89	500	505
UniRef90_B6FQW0	48.35	500	520
UniRef90_UPI0004119C57	44.73	500	497
UniRef90_UPI000482AAF0	45.91	500	500
UniRef90_C7G843	48.86	500	492
UniRef90_L1QEB0	45.86	500	498
UniRef90_UPI0003622CAE	49.09	500	489
UniRef90_UPI00047F7083	50.60	500	502
UniRef90_R6NWM0	46.23	500	505
UniRef90_R6EEM3	48.00	500	497
UniRef90_Q4C9P5	47.31	500	502
UniRef90_A0A0D6AGV8	46.89	500	505
UniRef90_UPI0005D1C7A2	45.39	500	546
UniRef90_G6FQ64	46.18	500	506
UniRef90_UPI0004E1D6A7	46.52	500	508
UniRef90_UPI0002EB4083	46.97	500	504
UniRef90_T0PIK2	46.39	500	491
UniRef90_H1G4A3	51.80	500	503
UniRef90_R5D5G0	46.63	500	496
UniRef90_UPI00037716F7	47.68	500	488
UniRef90_UPI0006D7B1C2	45.91	500	505
UniRef90_K9STQ8	45.35	500	498
UniRef90_UPI0006461724	44.31	500	499
UniRef90_UPI0003629905	48.30	500	531
UniRef90_B0NI12	48.09	500	502
UniRef90_UPI000552057C	46.12	500	506
UniRef90_UPI000566930D	46.55	500	502
UniRef90_D6CPZ7	49.80	500	504
UniRef90_A0A0A7FUX8	44.36	500	495
UniRef90_H9UGZ5	49.02	500	510
UniRef90_R5Y9L5	46.11	500	519
UniRef90_R9CES3	46.32	500	491
UniRef90_UPI0003A6334E	48.08	500	495
UniRef90_C0BZ13	46.80	500	508
UniRef90_U2LWT1	47.63	500	532
UniRef90_Q608L7	51.84	500	494
UniRef90_C4ZAS9	46.57	500	503
UniRef90_C0FSQ0	48.23	500	486
UniRef90_N9WJE7	44.84	500	497
UniRef90_G2DG90	51.43	500	506
UniRef90_UPI00034B648F	50.70	500	497
UniRef90_R6R657	47.41	500	491
UniRef90_M1X0J7	44.99	500	504
UniRef90_R6BWP1	48.14	500	494
UniRef90_I7A6D9	48.76	500	502
UniRef90_L8MT56	46.80	500	509
UniRef90_UPI00055A9E8B	46.53	500	502
UniRef90_R7E727	46.31	500	491
UniRef90_UPI000407E757	45.36	500	510
UniRef90_F0RY98	46.75	500	504
UniRef90_UPI0003B4FF68	47.91	500	520
UniRef90_A0A0F2Q6A1	45.24	500	498
UniRef90_M1MIV0	46.14	500	495
UniRef90_UPI00048B27DE	49.60	500	496
UniRef90_UPI0007039640	48.79	500	503
UniRef90_UPI00068A7759	47.49	500	526
UniRef90_R6ZKM3	45.98	500	493
UniRef90_R6GGN2	45.44	500	493
UniRef90_C6PNN7	45.07	500	492
UniRef90_UPI000347A4DE	46.06	500	504
UniRef90_UPI0006B60B7F	46.03	500	494
UniRef90_B1XNG2	50.78	500	457
UniRef90_B5CMY1	44.82	500	522
UniRef90_D4ZWY1	47.74	500	503
UniRef90_L8K2F8	45.96	500	502
UniRef90_A0A0A0IHW5	47.12	500	492
UniRef90_A6TNT6	46.61	500	491
UniRef90_U7VDX4	43.71	500	499
UniRef90_A0A0F0CHB1	46.63	500	499
UniRef90_C1F434	51.97	500	515
UniRef90_V2XMK2	45.15	500	511
UniRef90_G2T2R1	49.06	500	481
UniRef90_R5LKF1	46.31	500	489
UniRef90_N9WWJ4	46.32	500	492
UniRef90_V9HHP7	48.86	500	493
UniRef90_UPI0004239E0F	47.01	500	505
UniRef90_D4J0I2	47.12	500	519
UniRef90_R5GVP3	47.60	500	489
UniRef90_UPI0003085CFB	46.94	500	503
UniRef90_UPI0003B68EB3	45.53	500	493
UniRef90_B0ACX3	44.51	500	493
UniRef90_F4LPJ7	46.81	500	520
UniRef90_UPI0004118A0B	50.10	500	502
UniRef90_N1ZCN1	43.02	500	566
UniRef90_F0YYQ3	47.31	500	505
UniRef90_A6BJ24	45.60	500	495
UniRef90_UPI00052B5432	46.91	500	492
UniRef90_UPI0003F69BE3	47.05	500	511
UniRef90_UPI00037FD1E9	45.26	500	531
UniRef90_UPI000615356C	49.60	500	503
UniRef90_UPI000485EDD9	45.07	500	492
UniRef90_UPI000558C2E4	49.11	500	490
UniRef90_K9SM38	45.76	500	511
UniRef90_E0RZP6	46.32	500	507
UniRef90_K6TX79	46.00	500	508
UniRef90_UPI00047CBCCD	45.99	500	506
UniRef90_A0A0M2SKI1	47.18	500	494
UniRef90_X8HR12	48.21	500	495
UniRef90_UPI0003B4007A	46.12	500	500
UniRef90_UPI00047ECC3E	44.16	500	500
UniRef90_UPI000551261B	47.39	500	526
UniRef90_A0A0B3VGV6	45.82	500	493
UniRef90_R6QF89	43.80	500	520
UniRef90_F3YV24	49.01	500	499
UniRef90_UPI0006BB7FF7	46.11	500	503
UniRef90_UPI00041DBAFD	46.06	500	507
UniRef90_UPI000425A0B7	48.48	500	498
UniRef90_R6TZG1	44.44	500	497
UniRef90_R9LHH6	48.51	500	494
UniRef90_A0A0A0DCX2	46.32	500	503
UniRef90_R7NTB2	44.64	500	497
UniRef90_UPI0004848FBB	46.20	500	497
UniRef90_B6ITC7	50.40	500	512
UniRef90_C5EHJ1	46.23	500	499
UniRef90_R7JWH7	43.40	500	499
UniRef90_A6C7P8	47.09	500	528
UniRef90_U2KV05	46.91	500	529
UniRef90_UPI0004DF8991	48.98	500	494
UniRef90_UPI0003B603BA	44.71	500	506
UniRef90_A0A0M1JL62	47.99	500	487
UniRef90_F2JIP8	45.02	500	498
UniRef90_A5KLQ9	45.53	500	501
UniRef90_R6XU06	47.01	500	540
UniRef90_UPI00045E6B79	48.08	500	494
UniRef90_W6N499	43.23	500	492
UniRef90_UPI000405E099	47.04	500	511
UniRef90_L0H333	50.91	500	498
UniRef90_R6YSQ5	49.41	500	530
UniRef90_C0BBC7	44.75	500	543
UniRef90_R6D370	46.72	500	497
UniRef90_A0A099S5D9	44.56	500	490
UniRef90_UPI0005574BB4	44.73	500	500
UniRef90_UPI000565814C	47.81	500	511
UniRef90_UPI00047C436F	48.78	500	506
UniRef90_UPI0005627241	46.76	500	499
UniRef90_UPI00040F4F57	46.72	500	496
UniRef90_UPI0003B76F22	46.22	500	507
UniRef90_UPI0004E1707B	46.44	500	498
UniRef90_UPI000400066B	47.33	500	506
UniRef90_UPI00042756CF	45.73	500	506
UniRef90_K0AVY0	43.34	500	494
UniRef90_F7KJM1	46.46	500	490
UniRef90_G8QT90	45.69	500	524
UniRef90_G4SVT1	47.96	500	491
UniRef90_E8KM32	45.33	500	503
UniRef90_UPI0003B3611B	50.51	500	493
UniRef90_R9KHQ6	48.39	500	498
UniRef90_E0UKE8	46.27	500	499
UniRef90_H3NNU2	44.25	500	509
UniRef90_E6UDL8	45.29	500	505
UniRef90_B1Y7K2	47.12	500	495
UniRef90_A0A0E3K405	44.47	500	492
UniRef90_R6NLL7	47.60	500	488
UniRef90_UPI00068EAD89	47.58	500	492
UniRef90_C6L953	45.16	500	488
UniRef90_A8RQU5	46.44	500	518
UniRef90_R5Q292	46.00	500	490
UniRef90_G4E5Z4	49.47	500	498
UniRef90_D4LPC8	45.91	500	514
UniRef90_R6DB83	48.70	500	495
UniRef90_Q2S4T3	47.90	500	506
UniRef90_A7HEL9	52.04	500	508
UniRef90_R5AF81	49.10	500	494
UniRef90_D4KGM9	45.34	500	482
UniRef90_UPI0003FB4F80	46.59	500	504
UniRef90_UPI000476EAEC	49.38	500	490
UniRef90_F5YBZ3	45.53	500	490
UniRef90_F7JQ33	45.71	500	499
UniRef90_A0A0H5SHS4	43.84	500	493
UniRef90_M5RLC6	46.53	500	508
UniRef90_R6BGA9	46.23	500	513
UniRef90_UPI0006F29EE3	47.89	500	501
UniRef90_UPI000490C040	44.91	500	494
UniRef90_UPI0005D189F6	46.71	500	493
UniRef90_A0A0E3ZBD4	45.84	500	482
UniRef90_A0A0M2PXS3	47.36	500	505
UniRef90_UPI0006D7AA12	44.55	500	492
UniRef90_D9Q1W6	49.48	500	491
UniRef90_A0A011QU31	47.81	500	523
UniRef90_A0YPT1	47.35	500	505
UniRef90_UPI00047E8C6F	49.00	500	489
UniRef90_V4J6Y6	48.21	500	491
UniRef90_UPI00041B4926	45.92	500	506
UniRef90_E9SBB2	44.02	500	495
UniRef90_U2PHN1	45.66	500	492
UniRef90_C0EX77	46.41	500	493
UniRef90_B3E3D8	50.21	500	493
UniRef90_A0A0B0EIC6	45.27	500	499
UniRef90_UPI00046EB879	45.83	500	492
UniRef90_O87172	100.00	500	500
UniRef90_UPI00037AFE7D	50.89	500	503
UniRef90_R7N5G8	47.82	500	498
UniRef90_K9XCN2	50.99	500	503
UniRef90_R6ZKM3	45.62	500	493
UniRef90_C0BZ13	46.80	500	508
UniRef90_K9X523	50.79	500	502
UniRef90_UPI00040E48CD	45.45	500	507
UniRef90_Q8YQG0	50.79	500	502
UniRef90_A0A0C1QPF8	51.19	500	503
UniRef90_A0A0D8ZMZ5	48.81	500	504
UniRef90_U2PB89	48.80	500	507
UniRef90_UPI00034D7DF7	50.40	500	502
UniRef90_A7NMF5	54.67	500	516
UniRef90_R6P871	46.92	500	501
UniRef90_A0A098TKQ2	50.10	500	505
UniRef90_K7W948	50.20	500	502
UniRef90_K9QHC3	51.98	500	502
UniRef90_UPI0002E29D78	49.21	500	502
UniRef90_A0PXG4	46.81	500	492
UniRef90_K9QZ62	50.00	500	502
UniRef90_A0A0C1UUH2	50.00	500	502
UniRef90_A0A081BYF3	49.11	500	516
UniRef90_A0A0H5SHS4	43.60	500	493
UniRef90_UPI00056B8623	43.39	500	513
UniRef90_UPI000464E938	45.24	500	505
UniRef90_A0A0C2KZR3	51.59	500	502
UniRef90_UPI0004DB6C24	46.71	500	491
UniRef90_A9WDD3	55.07	500	517
UniRef90_A0A0B0SAD2	88.60	500	500
UniRef90_C7NB71	48.01	500	496
UniRef90_D9SR03	46.80	500	492
UniRef90_D0GKZ5	49.60	500	496
UniRef90_R7JQN0	49.20	500	493
UniRef90_U2T2Q1	48.21	500	498
UniRef90_UPI00042148A6	47.41	500	507
UniRef90_R6EEM3	47.41	500	497
UniRef90_D9QVV5	48.31	500	495
UniRef90_A0A0C2QSQ4	50.40	500	502
UniRef90_UPI0004E381B8	51.59	500	503
UniRef90_UPI000317E01A	51.79	500	503
UniRef90_K9TUF5	48.51	500	506
UniRef90_A0ZM10	51.19	500	502
UniRef90_B0G5J1	45.80	500	502
UniRef90_R9JGP2	46.91	500	491
UniRef90_R7A502	48.20	500	493
UniRef90_UPI0004811029	51.50	500	494
UniRef90_F7JQ33	45.71	500	499
UniRef90_Q2VJA0	86.80	500	500
UniRef90_K8GCD3	50.98	500	512
UniRef90_R5UIG8	45.31	500	522
UniRef90_B8G3J5	54.26	500	504
UniRef90_R7R8G9	46.71	500	496
UniRef90_E8PNF5	87.40	500	500
UniRef90_UPI0002AB9BB1	48.71	500	503
UniRef90_B8HY02	51.09	500	500
UniRef90_C0BBC7	44.91	500	543
UniRef90_T0PIK2	46.02	500	491
UniRef90_A6BJ24	45.40	500	495
UniRef90_UPI00042756CF	45.33	500	506
UniRef90_UPI000418EB95	47.62	500	495
UniRef90_UPI0003667165	50.99	500	502
UniRef90_UPI000407E757	45.67	500	510
UniRef90_UPI0003B76F22	46.02	500	507
UniRef90_UPI0003B710CB	45.92	500	494
UniRef90_G6FYT9	49.31	500	501
UniRef90_F4XI93	48.02	500	517
UniRef90_K9S9D3	52.48	500	501
UniRef90_U2RTM5	47.04	500	500
UniRef90_B5CMY1	44.62	500	522
UniRef90_UPI0002EBE702	49.50	500	502
UniRef90_UPI00030FEF1B	46.56	500	505
UniRef90_UPI0003021545	50.79	500	502
UniRef90_K9XVV9	50.60	500	505
UniRef90_UPI000400066B	45.53	500	506
UniRef90_R5D5F5	46.52	500	500
UniRef90_F3AGW5	48.10	500	492
UniRef90_R9J0D2	44.80	500	499
UniRef90_UPI0005B2C214	47.31	500	492
UniRef90_UPI00048CB7AF	52.98	500	523
UniRef90_UPI00041DBAFD	46.25	500	507
UniRef90_R7E727	46.11	500	491
UniRef90_A0A0M1JU15	49.80	500	498
UniRef90_R9N2B2	47.11	500	493
UniRef90_K9W563	48.41	500	501
UniRef90_S6FBH8	45.94	500	495
UniRef90_A0A072XJQ7	48.21	500	492
UniRef90_UPI00056EF4B4	85.97	500	500
UniRef90_K9R651	49.01	500	502
UniRef90_Q8XHY6	48.21	500	497
UniRef90_UPI000552057C	46.12	500	506
UniRef90_B7JW51	47.02	500	501
UniRef90_X5JJJ5	50.00	500	500
UniRef90_N9WJE7	44.84	500	497
UniRef90_D4ZY35	49.11	500	505
UniRef90_R6BWP1	46.60	500	494
UniRef90_F0YYQ3	46.71	500	505
UniRef90_UPI000485EDD9	44.82	500	492
UniRef90_A5KLQ9	44.95	500	501
UniRef90_F2JIP8	44.73	500	498
UniRef90_B3XXJ0	51.68	500	504
UniRef90_F7KJM1	45.80	500	490
UniRef90_UPI000559BF9C	45.47	500	505
UniRef90_E0RZP6	45.92	500	507
UniRef90_R5Y9L5	45.11	500	519
UniRef90_R6R657	47.11	500	491
UniRef90_UPI0006BB0350	45.04	500	498
UniRef90_UPI000346071D	48.91	500	502
UniRef90_D7CSX3	54.98	500	517
UniRef90_E8MXP8	52.99	500	511
UniRef90_A5UTL4	55.07	500	512
UniRef90_R9IWM1	46.91	500	493
UniRef90_UPI0003B558EF	45.87	500	512
UniRef90_E1IFU3	51.47	500	513
UniRef90_R9L1N1	46.00	500	494
UniRef90_UPI0004975940	45.51	500	493
UniRef90_UPI00048834F3	47.61	500	495
UniRef90_D8FUF9	49.21	500	502
UniRef90_A0A099S5D9	44.40	500	490
UniRef90_B0ACX3	44.71	500	493
UniRef90_UPI0006C37DB9	45.63	500	493
UniRef90_B9M7F8	50.90	500	497
UniRef90_Q39T08	51.30	500	496
UniRef90_W6RWU5	45.44	500	492
UniRef90_K9WL20	47.02	500	502
UniRef90_R6NWM0	45.40	500	505
UniRef90_A5Z9N7	42.54	500	496
UniRef90_K9V8I5	49.80	500	508
UniRef90_UPI0005574BB4	44.71	500	500
UniRef90_R5GVP3	47.60	500	489
UniRef90_C0ECJ1	50.20	500	489
UniRef90_U2PHN1	45.20	500	492
UniRef90_L0KA68	49.50	500	507
UniRef90_R5QJS1	45.00	500	517
UniRef90_UPI0006C8ED02	53.57	500	505
UniRef90_UPI00066586A4	45.31	500	490
UniRef90_UPI00037085B9	48.33	500	503
UniRef90_R6G2Z0	45.74	500	499
UniRef90_R7R196	46.91	500	493
UniRef90_L8M945	48.51	500	502
UniRef90_UPI0003B78A5F	89.00	500	500
UniRef90_R6R2J7	42.66	500	1313
UniRef90_A0A0D6KZ81	46.89	500	503
UniRef90_A0A0B3VGV6	44.11	500	493
UniRef90_R6C0R5	44.14	500	527
UniRef90_R5CUA2	45.14	500	508
UniRef90_UPI00041AD122	64.87	500	500
UniRef90_UPI0004898EFC	53.45	500	510
UniRef90_K9TDE2	47.62	500	501
UniRef90_B4W2G4	46.83	500	502
UniRef90_G6FQ64	45.88	500	506
UniRef90_A0A0M9UC58	57.54	500	499
UniRef90_Q116E8	48.61	500	505
UniRef90_E8WMJ9	50.00	500	495
UniRef90_Q2JS27	50.78	500	533
UniRef90_S0J1U5	47.40	500	499
UniRef90_D4LPC8	45.51	500	514
UniRef90_K9TXB4	47.04	500	501
UniRef90_V9HHP7	46.03	500	493
UniRef90_R6MX00	47.02	500	500
UniRef90_B2JA37	47.86	500	502
UniRef90_M1M820	45.15	500	512
UniRef90_R5E680	45.63	500	495
UniRef90_K9FC96	49.80	500	499
UniRef90_G5IA93	45.44	500	498
UniRef90_K7QZL3	84.60	500	500
UniRef90_A6TNT6	46.61	500	491
UniRef90_UPI0004BC9814	46.34	500	498
UniRef90_K9YJZ6	46.06	500	505
UniRef90_UPI0003675F53	63.24	500	499
UniRef90_B1WX80	49.01	500	501
UniRef90_R9KHQ6	46.80	500	498
UniRef90_K9VCH8	50.00	500	502
UniRef90_G7MBR9	45.35	500	498
UniRef90_R5YES9	43.60	500	490
UniRef90_UPI000347A246	47.22	500	513
UniRef90_R9MYX7	43.87	500	499
UniRef90_K6TX79	45.63	500	508
UniRef90_C6PNN7	44.91	500	492
UniRef90_D7BF07	60.48	500	500
UniRef90_U2EX48	49.60	500	498
UniRef90_UPI0004119C57	44.38	500	497
UniRef90_UPI0004846884	62.48	500	501
UniRef90_UPI00047CBCCD	45.29	500	506
UniRef90_K9TB49	49.80	500	501
UniRef90_A0A0C1YE88	48.81	500	503
UniRef90_D0MHD8	52.46	500	514
UniRef90_A0A073CTT5	50.20	500	498
UniRef90_D4LV16	44.88	500	499
UniRef90_A0A0L6Z6H7	47.50	500	492
UniRef90_K9YXT1	48.02	500	500
UniRef90_L8LK91	49.11	500	502
UniRef90_U9VP96	49.70	500	500
UniRef90_UPI0002D92973	48.51	500	499
UniRef90_UPI0005714F3B	86.80	500	500
UniRef90_UPI0003B68EB3	45.53	500	493
UniRef90_K9Z712	46.06	500	504
UniRef90_D3PR02	63.27	500	501
UniRef90_R6MNY5	44.40	500	492
UniRef90_I0I0E0	54.26	500	523
UniRef90_R5WT50	45.91	500	526
UniRef90_K9PD31	48.25	500	502
UniRef90_UPI00055FE7DE	48.21	500	505
UniRef90_A0A0D5NDH0	49.70	500	493
UniRef90_A0A098QYQ3	49.31	500	508
UniRef90_A0A0B6WUE0	51.46	500	507
UniRef90_UPI0005679E09	52.18	500	503
UniRef90_UPI00050954F2	44.75	500	505
UniRef90_UPI0003794722	48.21	500	497
UniRef90_R7C4Y0	44.33	500	505
UniRef90_R5W3W8	43.94	500	495
UniRef90_C4IEX6	43.39	500	520
UniRef90_U5DDG8	47.88	500	518
UniRef90_R5I1N2	43.98	500	509
UniRef90_K9TE10	48.32	500	505
UniRef90_C6L953	44.76	500	488
UniRef90_V5SNJ9	46.85	500	505
UniRef90_A0A0E3K405	44.31	500	492
UniRef90_UPI0005D189F6	46.31	500	493
UniRef90_R6FSG6	43.74	500	496
UniRef90_UPI0004927757	53.08	500	503
UniRef90_UPI000347A4DE	46.06	500	504
UniRef90_I4FFC9	49.50	500	500
UniRef90_UPI0004941B62	42.36	500	511
UniRef90_UPI00048907A1	45.63	500	498
UniRef90_A0A0D6ATK2	46.06	500	506
UniRef90_N9WWJ4	46.12	500	492
UniRef90_D4LLV5	44.55	500	502
UniRef90_K9ZHP3	46.89	500	502
UniRef90_UPI0003F69BE3	44.79	500	511
UniRef90_UPI0003775571	48.71	500	502
UniRef90_K9Y885	48.21	500	500
UniRef90_C0EX77	46.41	500	493
UniRef90_A0A0C2HT44	50.99	500	499
UniRef90_UPI0002FB15D6	47.42	500	503
UniRef90_V2XMK2	44.95	500	511
UniRef90_U2JG31	48.50	500	502
UniRef90_M1WYF2	49.21	500	500
UniRef90_UPI0003813F55	49.01	500	502
UniRef90_K6SYH1	42.97	500	495
UniRef90_C1CWV2	53.65	500	501
UniRef90_A0A0A7FUX8	43.87	500	495
UniRef90_R9CES3	46.12	500	491
UniRef90_K9U0A5	47.04	500	509
UniRef90_V5V7C6	49.40	500	518
UniRef90_UPI00047B24EA	43.97	500	506
UniRef90_UPI00042A0882	43.31	500	491
UniRef90_UPI00037BFAF3	48.71	500	499
UniRef90_R6XU06	46.52	500	540
UniRef90_A0A0A0IHW5	43.50	500	492
UniRef90_A8RQU5	45.06	500	518
UniRef90_E3T739	51.49	500	502
UniRef90_A6BIU5	45.54	500	512
UniRef90_A0A077JHF6	48.80	500	502
UniRef90_UPI0004E1707B	45.85	500	498
UniRef90_R5P4E2	42.49	500	493
UniRef90_G8NC59	87.80	500	501
UniRef90_UPI0005D25C5B	44.58	500	499
UniRef90_UPI00040DDD51	43.05	500	511
UniRef90_A6LPZ3	43.96	500	496
UniRef90_R5HPT7	44.58	500	516
UniRef90_UPI00052B5432	43.30	500	492
UniRef90_R7GV81	46.31	500	540
UniRef90_UPI000405E099	44.49	500	511
UniRef90_B7KFI5	48.51	500	498
UniRef90_D4M0S2	44.95	500	504
UniRef90_R9N6U5	49.11	500	502
UniRef90_A0A0B5BFX8	52.40	500	492
UniRef90_R5WEL2	42.97	500	499
UniRef90_E0UFS8	49.11	500	501
UniRef90_A0A0F0CHB1	45.35	500	499
UniRef90_C0CWC3	45.54	500	500
UniRef90_A0A078KUI6	45.02	500	1292
UniRef90_UPI0004E1434D	45.40	500	492
UniRef90_B7A9X4	88.18	500	500
UniRef90_UPI000566930D	46.25	500	502
UniRef90_UPI000485E296	48.21	500	504
UniRef90_UPI0003F8B228	43.91	500	511
UniRef90_M1MIV0	46.14	500	495
UniRef90_R6TZG1	43.85	500	497
UniRef90_C6JF67	43.85	500	501
UniRef90_P72785	48.71	500	505
UniRef90_A5G6J3	49.90	500	499
UniRef90_A0A0F5Y9W3	48.12	500	500
UniRef90_A0A0M4D044	51.00	500	503
UniRef90_N2B9G8	44.47	500	499
UniRef90_UPI0006E19684	44.25	500	496
UniRef90_L1QEB0	45.15	500	498
UniRef90_N2AGM1	44.60	500	495
UniRef90_I1ZPK9	44.73	500	509
UniRef90_UPI0006B60B7F	45.04	500	494
UniRef90_UPI00054E64BD	56.61	500	510
UniRef90_UPI0003B603BA	44.71	500	506
UniRef90_R9MLG4	47.13	500	502
UniRef90_D1PSI1	47.90	500	493
UniRef90_F3BCR6	47.00	500	508
UniRef90_UPI0006B43AB6	44.33	500	495
UniRef90_UPI0003085CFB	46.64	500	503
UniRef90_UPI00034A13FC	46.06	500	505
UniRef90_A6LRR8	43.98	500	497
UniRef90_D0RS44	44.44	500	516
UniRef90_R6GGN2	44.84	500	493
UniRef90_Q1Q1C3	46.23	500	499
UniRef90_B5EGH0	48.41	500	494
UniRef90_C4ZAS9	45.95	500	503
UniRef90_A0A0E9M7P1	50.79	500	527
UniRef90_R6JI62	46.02	500	492
UniRef90_D1AYA8	46.49	500	488
UniRef90_B4WLQ2	50.60	500	504
UniRef90_R9K6Y5	44.95	500	500
UniRef90_UPI0004848FBB	45.80	500	497
UniRef90_Q4C9P5	46.64	500	502
UniRef90_R5YKQ5	42.74	500	496
UniRef90_R5IX81	45.17	500	501
UniRef90_K0AVY0	43.14	500	494
UniRef90_U5MR27	43.76	500	495
UniRef90_D9R0G3	45.00	500	492
UniRef90_D4LWB1	44.71	500	528
UniRef90_R6KME0	44.51	500	524
UniRef90_A0A0D6AGV8	45.87	500	505
UniRef90_UPI000477EB11	50.40	500	500
UniRef90_K9UME9	47.91	500	498
UniRef90_K9Q598	49.21	500	512
UniRef90_UPI00055A9E8B	46.14	500	502
UniRef90_K9STQ8	45.35	500	498
UniRef90_K8DXM8	51.39	500	498
UniRef90_UPI000486FC76	42.35	500	495
UniRef90_I0AG37	50.20	500	514
UniRef90_C5EHJ1	45.15	500	499
UniRef90_D4TM02	46.89	500	502
UniRef90_F9HFA8	44.33	500	500
UniRef90_UPI00034D7342	53.36	500	502
UniRef90_D4J6V6	47.11	500	513
UniRef90_A0A0D0QP55	45.22	500	489
UniRef90_C7G843	48.23	500	492
UniRef90_K9RBZ6	44.83	500	504
UniRef90_A0A010ZYL4	45.20	500	492
UniRef90_S6CP53	44.95	500	500
UniRef90_R7NTB2	44.64	500	497
UniRef90_R5XH20	43.37	500	504
UniRef90_UPI0002EB4083	47.05	500	504
UniRef90_N1ZIU9	43.28	500	501
UniRef90_R6F811	45.71	500	498
UniRef90_UPI0003B4007A	44.75	500	500
UniRef90_A4J4I6	48.41	500	499
UniRef90_X8GRS9	45.65	500	512
UniRef90_N1ZXK2	43.54	500	528
UniRef90_A0A0M2PZN0	49.21	500	499
UniRef90_W6N499	43.03	500	492
UniRef90_F6DPX1	49.90	500	507
UniRef90_A0A0B5FEX6	51.79	500	504
UniRef90_UPI000480F98D	45.40	500	497
UniRef90_I5AUR6	44.44	500	503
UniRef90_A9B3H8	49.90	500	519
UniRef90_D1AN51	46.22	500	496
UniRef90_UPI0007000EDB	52.29	500	506
UniRef90_Q1J0L5	55.23	500	503
UniRef90_E8JWE2	45.33	500	502
UniRef90_B2TMI9	42.57	500	495
UniRef90_UPI0006D7AA12	44.55	500	492
UniRef90_UPI0003F81A42	49.23	500	514
UniRef90_UPI0003600175	49.70	500	502
UniRef90_D1C2P3	53.00	500	502
UniRef90_B7K9W9	44.01	500	499
UniRef90_E0UKE8	45.38	500	499
UniRef90_L0A516	52.28	500	500
UniRef90_UPI0004E14C99	42.20	500	500
UniRef90_UPI000483AA34	52.37	500	499
UniRef90_R5LKF1	45.91	500	489
UniRef90_A0A0F7JLZ2	52.37	500	500
UniRef90_UPI0006D108F9	43.96	500	502
UniRef90_F7V422	42.91	500	493
UniRef90_D7E384	46.30	500	502
UniRef90_A0A080MK95	50.00	500	509
UniRef90_E4U8S9	63.47	500	503
UniRef90_V7I3W4	48.50	500	492
UniRef90_A0A072NCC2	55.14	500	508
UniRef90_UPI000477C70A	43.43	500	496
UniRef90_R5XL29	45.36	500	499
UniRef90_R5D5G0	46.43	500	496
UniRef90_UPI000480797E	42.26	500	516
UniRef90_A0A0K9N8H0	50.89	500	503
UniRef90_H9UGZ5	48.82	500	510
UniRef90_A0A011NK65	49.41	500	508
UniRef90_UPI0003478DCC	43.74	500	506
UniRef90_UPI000683F590	44.02	500	538
UniRef90_R6D370	46.92	500	497
UniRef90_C0FSQ0	47.40	500	486
UniRef90_UPI0004118289	42.30	500	504
UniRef90_J4K885	45.33	500	497
UniRef90_E9SBB2	44.02	500	495
UniRef90_E8KM32	44.84	500	503
UniRef90_D4MS20	43.88	500	482
UniRef90_UPI000554BE35	54.55	500	508
UniRef90_D4ZWY1	46.55	500	503
UniRef90_UPI000371BE1C	45.63	500	505
UniRef90_C7RT84	49.80	500	508
UniRef90_G2T2R1	48.02	500	481
UniRef90_A8RPA2	45.13	500	511
UniRef90_UPI00040F4F57	45.53	500	496
UniRef90_R5GZM9	44.84	500	533
UniRef90_U2RET5	42.00	500	511
UniRef90_UPI00036545EB	52.86	500	502
UniRef90_U2KV05	46.91	500	529
UniRef90_UPI00051C9198	43.43	500	494
UniRef90_UPI0005D1F163	43.80	500	496
UniRef90_F2NWN6	42.66	500	494
UniRef90_A5Z8E5	43.14	500	494
UniRef90_B0NI12	47.53	500	502
UniRef90_Q3A733	51.89	500	501
UniRef90_W9VAN8	51.09	500	503
UniRef90_UPI00037FD1E9	44.79	500	531
UniRef90_A0A0C9NIG0	45.24	500	499
UniRef90_UPI0004239E0F	46.22	500	505
UniRef90_I0S7P2	45.44	500	507
UniRef90_R5EDV7	47.21	500	492
UniRef90_R9M7B3	48.69	500	489
UniRef90_UPI000496B6A6	45.33	500	495
UniRef90_E6UDL8	44.71	500	505
UniRef90_B0G781	49.90	500	511
UniRef90_Q59266	43.66	500	487
UniRef90_M1X0J7	44.49	500	504
UniRef90_UPI0004E1A6DB	42.00	500	500
UniRef90_UPI00035D63AB	44.53	500	505
UniRef90_X8HR12	48.11	500	495
UniRef90_I5AUR8	44.53	500	493
UniRef90_L8MT56	46.80	500	509
UniRef90_UPI00058BD6CA	45.51	500	498
UniRef90_R6NLL7	46.40	500	488
UniRef90_R7JWH7	43.71	500	499
UniRef90_R9LHH6	47.11	500	494
UniRef90_A0A0J1G2V4	43.40	500	494
UniRef90_L0DCU7	49.42	500	525
UniRef90_R6LUP9	44.47	500	486
UniRef90_A0A0A8WW05	51.79	500	495
UniRef90_D0BMZ9	44.02	500	498
UniRef90_U7VDX4	43.63	500	499
UniRef90_UPI0004863603	48.24	500	507
UniRef90_UPI0003B6CD74	54.64	500	504
UniRef90_UPI0003617ABC	49.60	500	502
UniRef90_W0U763	42.91	500	492
UniRef90_F5YLM3	46.61	500	508
UniRef90_R5CWV3	47.52	500	495
UniRef90_A0A0D8IBB4	46.31	500	492
UniRef90_UPI0006461724	44.22	500	499
UniRef90_UPI00037E4D95	53.25	500	504
UniRef90_A0A0A7KH37	53.36	500	510
UniRef90_A0A011P1J4	49.02	500	508
UniRef90_R5A7X8	44.66	500	515
UniRef90_R5RE13	47.60	500	519
UniRef90_UPI00054D504E	43.75	500	487
UniRef90_E6LSE6	44.73	500	498
UniRef90_F8EYN1	47.69	500	516
UniRef90_H3NNU2	43.54	500	509
UniRef90_D4J0I2	46.52	500	519
UniRef90_UPI000464AC0F	45.40	500	494
UniRef90_Q7NG57	49.90	500	504
UniRef90_E1L1L0	43.70	500	513
UniRef90_A0A0F3IFT8	49.60	500	496
UniRef90_D3RV13	51.98	500	504
UniRef90_A0A016QLM5	54.64	500	501
UniRef90_UPI0005627241	46.37	500	499
UniRef90_F1T4M1	44.53	500	548
UniRef90_J1H577	47.71	500	501
UniRef90_UPI000490C040	44.71	500	494
UniRef90_R6XCT0	43.17	500	493
UniRef90_P0A3Q0	45.04	500	505
UniRef90_V5WCT5	48.42	500	508
UniRef90_A0A0N1ALI4	50.59	500	502
UniRef90_E8U8D8	51.98	500	503
UniRef90_V2YI64	46.37	500	490
UniRef90_A0A0F0C941	44.75	500	498
UniRef90_UPI000681232A	44.93	500	498
UniRef90_UPI0002E678D2	52.68	500	499
UniRef90_R5CYF0	47.91	500	496
UniRef90_W1Q6C8	43.06	500	527
UniRef90_UPI0006B4E3E9	43.85	500	493
UniRef90_F9U754	51.19	500	502
UniRef90_I0HTB3	52.68	500	499
UniRef90_R9LMK4	43.34	500	509
UniRef90_G2E650	50.10	500	503
UniRef90_B6FQW0	46.71	500	520
UniRef90_A7NN94	50.49	500	525
UniRef90_U5QG85	49.12	500	504
UniRef90_E6U713	45.24	500	520
UniRef90_B1Y7K2	47.32	500	495
UniRef90_R7HSU2	42.94	500	515
UniRef90_E2NRJ4	43.43	500	494
UniRef90_A1VL91	49.31	500	501
UniRef90_R6YSQ5	48.71	500	530
UniRef90_R5DGJ5	48.21	500	502
UniRef90_G2LKT1	53.11	500	517
UniRef90_A0A0M2UR56	45.35	500	498
UniRef90_A0A0A0DCX2	46.12	500	503
UniRef90_UPI00047A04C2	42.30	500	515
UniRef90_H1HWK1	45.15	500	498
UniRef90_K9SM38	45.17	500	511
UniRef90_E1R9M6	48.27	500	522
UniRef90_C6LL41	45.74	500	473
UniRef90_I3IJQ8	44.93	500	499
