UniRef90_P06875	100.00	557	846
UniRef90_I2RXZ7	99.64	557	820
UniRef90_A0A0H0MW64	99.64	557	649
UniRef90_P07941	86.54	557	844
UniRef90_A0A085H795	82.41	557	839
UniRef90_E3GBI1	81.83	557	846
UniRef90_UPI0005B31398	64.14	557	838
UniRef90_Q7WZI9	63.91	557	837
UniRef90_A0A0C4YN55	64.50	557	859
UniRef90_I0DUC0	64.81	557	838
UniRef90_A0A0G4JKG9	60.14	557	898
UniRef90_A0A0A8C3B5	59.78	557	864
UniRef90_V5UJS9	59.72	557	883
UniRef90_A0A0H3WZJ7	61.15	557	863
UniRef90_A0A0C5JZD6	60.86	557	860
UniRef90_D4XBJ1	52.33	557	866
UniRef90_Q6PWR5	52.33	557	874
UniRef90_E3HPP6	52.33	557	860
UniRef90_R4XU23	51.52	557	862
UniRef90_A0A0C3J1H0	49.28	557	863
UniRef90_A0A0I1M442	99.61	557	317
UniRef90_A0A0J5YFD7	99.62	557	560
UniRef90_A0A0I5MHX2	98.79	557	248
UniRef90_A0A0I0JV29	99.17	557	257
UniRef90_UPI0002557C4C	45.36	557	830
UniRef90_S6AFJ4	43.69	557	815
UniRef90_A8GGK2	43.06	557	812
UniRef90_K2H9B8	41.40	557	827
UniRef90_A0A067A0P5	42.12	557	792
UniRef90_I6D8V2	98.11	557	213
UniRef90_J3DFH9	41.55	557	823
UniRef90_O34142	40.47	557	816
UniRef90_J2GBU2	98.99	557	201
UniRef90_K6XP79	40.14	557	803
UniRef90_UPI0004898C72	41.95	557	855
UniRef90_W8H6G1	40.55	557	811
UniRef90_A1BBI0	40.75	557	790
UniRef90_A0A0J1HEN0	41.01	557	820
UniRef90_A5V4S1	40.18	557	825
UniRef90_A0A0M5LVS2	40.11	557	815
UniRef90_UPI00041D9F1A	38.60	557	805
UniRef90_UPI00034B22A7	39.46	557	827
UniRef90_A0A0F9QDD1	39.36	557	854
UniRef90_UPI00068EB984	39.49	557	784
UniRef90_UPI0006C85FF9	60.29	557	584
UniRef90_D8DDB8	36.87	557	581
UniRef90_A0A021WYW5	39.31	557	791
UniRef90_J0B187	36.04	557	811
UniRef90_U7U8Q7	36.40	557	810
UniRef90_A0A0I1ERT8	98.77	557	162
UniRef90_V2TR88	35.01	557	825
UniRef90_UPI000360CA9C	35.15	557	848
UniRef90_N8UZK6	34.55	557	821
UniRef90_U1VLK3	34.07	557	820
UniRef90_UPI0002BA34E6	33.75	557	754
UniRef90_N9LLV7	34.13	557	825
UniRef90_N8TE28	33.94	557	823
UniRef90_A0A0A8TVD1	34.11	557	823
UniRef90_E7SQ99	99.35	557	442
UniRef90_B8KT87	34.48	557	837
UniRef90_N1UYG7	48.39	557	578
UniRef90_A0A0J7XM82	32.31	557	800
UniRef90_UPI000478BA57	31.00	557	811
UniRef90_UPI000423EDC7	33.15	557	817
UniRef90_UPI0003A92E0B	31.45	557	810
UniRef90_Q60136	30.50	557	802
UniRef90_A0A0F5I5V4	31.78	557	807
UniRef90_Q45TR7	30.82	557	805
UniRef90_K0XLG3	97.62	557	126
UniRef90_I6C7L9	80.89	557	182
UniRef90_D0C6U9	31.54	557	434
UniRef90_N9SJR1	38.12	557	625
UniRef90_A0A0M0ES65	42.23	557	525
UniRef90_UPI000678733D	29.68	557	843
UniRef90_I6C7I5	99.03	557	325
UniRef90_L9X774	28.72	557	849
UniRef90_L9VTQ7	28.55	557	865
UniRef90_A0A0F9K3Q1	28.82	557	813
UniRef90_V4IW34	27.96	557	807
UniRef90_UPI000677842C	28.32	557	869
UniRef90_G0HYW8	29.27	557	949
UniRef90_M0JBN7	28.75	557	949
UniRef90_A0A0M2SFS2	27.61	557	787
UniRef90_Q5UWE6	28.17	557	650
UniRef90_UPI0003F9A663	26.20	557	790
UniRef90_UPI0003BAFBAB	26.76	557	769
UniRef90_UPI0003B5EDF7	26.54	557	801
UniRef90_F2NKM4	34.33	557	768
UniRef90_I4YWL8	30.83	557	809
UniRef90_UPI00055FF01E	27.47	557	842
UniRef90_N1V4L0	33.09	557	267
UniRef90_A7NJ94	36.69	557	803
UniRef90_UPI0003084044	27.84	557	799
UniRef90_G8ME95	27.35	557	803
UniRef90_A0A0A2WRZ0	32.43	557	768
UniRef90_A0A0F2J0Q2	25.93	557	817
UniRef90_K9RPD0	31.30	557	847
UniRef90_UPI0006FBD790	28.40	557	788
UniRef90_A0A0N0GMZ4	28.51	557	817
UniRef90_UPI00056E1F7A	32.73	557	770
UniRef90_B2IUB4	32.08	557	850
UniRef90_A0A023CNB5	25.60	557	794
UniRef90_A0A0D6N2F6	28.44	557	813
UniRef90_UPI000558E4FD	26.76	557	789
UniRef90_F7VDT8	30.72	557	814
UniRef90_E4UA82	33.66	557	777
UniRef90_UPI00034CFD52	28.21	557	808
UniRef90_UPI0002D516F8	31.84	557	846
UniRef90_A0A0J5SNI2	28.16	557	791
UniRef90_UPI0006D25D20	26.39	557	787
UniRef90_A0A087PWV2	29.82	557	814
UniRef90_B8G5J9	34.13	557	804
UniRef90_UPI000363760E	33.63	557	768
UniRef90_D5QC11	34.27	557	801
UniRef90_Q25548	29.76	557	589
UniRef90_A0A094YWG6	24.95	557	791
UniRef90_A0A095AYX5	25.73	557	1278
UniRef90_G8NAP7	32.93	557	768
UniRef90_W1XIK3	95.71	557	70
UniRef90_H0F549	29.39	557	820
UniRef90_A0A0M8Q8M5	26.14	557	787
UniRef90_Q8YQA9	30.02	557	847
UniRef90_A0A0L0M9W7	29.45	557	805
UniRef90_W4NYG7	30.16	557	806
UniRef90_K9QY46	31.19	557	854
UniRef90_UPI000412472E	30.39	557	846
UniRef90_F3A397	28.05	557	804
UniRef90_UPI0004BC603F	28.61	557	808
UniRef90_UPI00067CCBF3	27.21	557	798
UniRef90_A0A060QLE4	27.53	557	805
UniRef90_J3DIG8	30.71	557	811
UniRef90_K7QY76	32.43	557	769
UniRef90_UPI000422AA66	29.52	557	784
UniRef90_UPI0002F45121	24.48	557	809
UniRef90_A0A0D6NG88	33.22	557	814
UniRef90_E5V3K9	28.21	557	794
UniRef90_UPI00067D16C3	33.16	557	845
UniRef90_Q8CX57	25.84	557	800
UniRef90_D4X8R7	31.38	557	819
UniRef90_A0A090YTH1	26.26	557	797
UniRef90_A0A084GJE8	26.76	557	794
UniRef90_UPI00063EC5FC	30.10	557	809
UniRef90_E8PLB9	32.13	557	770
UniRef90_UPI0006C7572B	29.16	557	797
UniRef90_E3HEP8	29.28	557	820
UniRef90_B2UI95	26.66	557	809
UniRef90_W3ACI5	29.84	557	788
UniRef90_A0A0K9FIG2	26.83	557	787
UniRef90_UPI000480F3ED	31.53	557	838
UniRef90_UPI0003711BED	25.62	557	836
UniRef90_S2DTR2	31.80	557	811
UniRef90_A0A0D6L2M1	29.75	557	861
UniRef90_A0A0M0EPJ7	25.45	557	787
UniRef90_A0A076WGH1	25.45	557	795
UniRef90_UPI0006F75460	30.19	557	796
UniRef90_A0A0G4JCP2	30.38	557	813
UniRef90_UPI0002E55930	28.10	557	795
UniRef90_UPI00047E6CD6	31.28	557	818
UniRef90_H0EAS7	33.71	557	781
UniRef90_UPI0004791FC9	35.22	557	830
UniRef90_F5SCC7	31.15	557	805
UniRef90_A1WN00	28.22	557	782
UniRef90_UPI0004909A59	33.53	557	802
UniRef90_A9WBX4	33.53	557	804
UniRef90_UPI00065240B6	30.84	557	812
UniRef90_H5UUE5	31.69	557	799
UniRef90_UPI00054C2FDD	25.08	557	823
UniRef90_F1Z7W3	25.67	557	804
UniRef90_UPI0004710441	31.47	557	804
UniRef90_UPI0004E292BF	26.64	557	838
UniRef90_Q470H7	29.20	557	829
UniRef90_X2H1J4	26.97	557	787
UniRef90_D8N1N3	27.37	557	811
UniRef90_Q72G76	31.93	557	776
UniRef90_A0A0M9DHG3	26.97	557	793
UniRef90_UPI0003711B89	35.55	557	828
UniRef90_UPI0005C95885	30.63	557	790
UniRef90_A0A073K9W8	25.47	557	795
UniRef90_A0A0N0E3N5	28.66	557	816
UniRef90_UPI00056D0427	30.12	557	788
UniRef90_I4X406	29.03	557	788
UniRef90_A0A075JQU6	26.00	557	795
UniRef90_L0SVG9	27.27	557	799
UniRef90_I0I0A4	27.52	557	792
UniRef90_Q1AUI0	30.68	557	770
UniRef90_A0A0A3XYB0	30.82	557	815
UniRef90_A0A068NXX6	30.07	557	736
UniRef90_F8EP29	25.00	557	797
UniRef90_UPI000578EEFA	27.44	557	809
UniRef90_F3A6D5	27.01	557	784
UniRef90_V5SL10	27.37	557	567
UniRef90_B1HYR9	26.32	557	789
UniRef90_A0A0J5QX77	25.47	557	792
UniRef90_Q6HGH2	25.14	557	796
UniRef90_UPI000429C196	30.59	557	789
UniRef90_M9X8J8	30.93	557	770
UniRef90_I0KC30	26.14	557	800
UniRef90_K9TLR2	35.85	557	851
UniRef90_V2GVT1	31.91	557	824
UniRef90_K9PIT3	29.67	557	865
UniRef90_A0A024Q9J0	25.27	557	794
UniRef90_A0A010ZRN7	30.00	557	877
UniRef90_R7ZAL0	26.09	557	787
UniRef90_K0K8K7	26.86	557	798
UniRef90_I3CBJ4	33.54	557	766
UniRef90_Q1LN15	32.66	557	821
UniRef90_A0A085F0A0	26.89	557	786
UniRef90_A0A0K9SXE8	30.47	557	788
UniRef90_A0A0M4T773	29.58	557	854
UniRef90_UPI000399FD08	27.11	557	787
UniRef90_UPI00047E4312	29.79	557	799
UniRef90_UPI0005A8B43A	25.31	557	789
UniRef90_A0A074LVA6	31.35	557	805
UniRef90_A0A098F9M3	25.05	557	788
UniRef90_UPI00031E51A6	27.91	557	791
UniRef90_W0P6K1	29.78	557	833
UniRef90_UPI0004045569	29.14	557	778
UniRef90_UPI0005F96E21	98.36	557	61
UniRef90_UPI00034949AB	25.35	557	790
UniRef90_A0A084H6A2	26.05	557	797
UniRef90_UPI0003FB4844	30.63	557	780
UniRef90_UPI0005792374	29.76	557	821
UniRef90_K7TC85	29.03	557	762
UniRef90_D2VJM6	28.69	557	917
UniRef90_D6TJN6	26.36	557	813
UniRef90_UPI0002E534EC	27.85	557	811
UniRef90_V8QSZ1	30.08	557	831
UniRef90_UPI00034890FA	32.87	557	859
UniRef90_A0A0M8S642	28.23	557	845
UniRef90_UPI00041F7609	32.80	557	789
UniRef90_UPI000481017C	30.75	557	779
UniRef90_I0JLQ2	25.95	557	793
UniRef90_A0A0K9GIV3	27.15	557	792
UniRef90_UPI000691121F	29.84	557	771
UniRef90_B7A530	31.23	557	767
UniRef90_A0A073AUK8	28.88	557	755
UniRef90_UPI00062BE3F8	31.09	557	579
UniRef90_W7JDC0	29.97	557	788
UniRef90_UPI000509D327	26.45	557	799
UniRef90_UPI0006CA6F01	25.17	557	808
UniRef90_D6AKN2	32.40	557	914
UniRef90_A0A0F2QT83	27.08	557	792
UniRef90_UPI000237A3C7	26.98	557	771
UniRef90_UPI00058E2A86	36.61	557	821
UniRef90_UPI00056C6F7D	31.91	557	782
UniRef90_UPI00067B4329	29.23	557	812
UniRef90_UPI00067EB968	24.86	557	787
UniRef90_D7BBE1	29.73	557	783
UniRef90_H8GEP2	29.00	557	785
UniRef90_UPI0002F36E59	25.45	557	787
UniRef90_Q8CX58	24.87	557	905
UniRef90_D0D0B9	28.95	557	803
UniRef90_UPI00048A5A7E	27.32	557	796
UniRef90_UPI00052FFAF0	29.82	557	788
UniRef90_F0BCN6	28.92	557	863
UniRef90_K2JLM6	31.02	557	791
UniRef90_W9BAA1	24.65	557	811
UniRef90_UPI000550DA94	24.72	557	787
UniRef90_A0A098EQH1	31.75	557	785
UniRef90_UPI00056F4FDD	30.42	557	768
UniRef90_A0A0D1MR70	30.22	557	759
UniRef90_A0A0B5I5L4	33.24	557	922
UniRef90_H8MFL1	29.61	557	812
UniRef90_G0AJ99	26.39	557	804
UniRef90_UPI000225B871	25.27	557	795
UniRef90_W4EQN1	27.30	557	791
UniRef90_A0A0M8JIC8	24.81	557	813
UniRef90_A0A0D6PQW1	32.34	557	443
UniRef90_A0A0A1FGQ5	29.92	557	815
UniRef90_UPI0004298F42	29.00	557	793
UniRef90_UPI0004764366	30.70	557	867
UniRef90_UPI0003641E90	27.93	557	798
UniRef90_A0A0G9HRV1	28.74	557	803
UniRef90_S2XCM1	29.71	557	787
UniRef90_A0A0F0FS08	30.66	557	821
UniRef90_M7YD67	32.35	557	810
UniRef90_U3ATI3	31.41	557	792
UniRef90_L8EQS6	30.41	557	789
UniRef90_A0A0M8K8Z4	33.80	557	836
UniRef90_UPI0006F322AF	30.42	557	802
UniRef90_A9IMX4	29.26	557	818
UniRef90_A0A0B0S9Z8	31.14	557	768
UniRef90_U1IJJ2	28.06	557	814
UniRef90_A0A0C4YG94	30.46	557	820
UniRef90_K4ZHX2	29.64	557	802
UniRef90_D2B301	36.27	557	843
UniRef90_J2KDS0	29.59	557	832
UniRef90_UPI0006860E4D	28.81	557	779
UniRef90_G0EX63	31.61	557	820
UniRef90_UPI0004936B60	26.33	557	798
UniRef90_UPI0004C5F15A	33.99	557	940
UniRef90_UPI000700BE09	29.03	557	823
UniRef90_E7RK17	30.18	557	788
UniRef90_A0A069BD36	27.07	557	837
UniRef90_B3R236	31.47	557	819
UniRef90_UPI00048995BA	29.05	557	776
UniRef90_UPI0006857829	28.43	557	821
UniRef90_C6C497	26.55	557	806
UniRef90_Q67TD9	31.35	557	822
UniRef90_A0A095VKE9	28.07	557	820
UniRef90_U5QHE1	31.36	557	811
UniRef90_UPI00041F0681	25.26	557	793
UniRef90_S5S5G8	29.16	557	782
UniRef90_A0A0N1KE87	33.55	557	502
UniRef90_G2LX41	28.13	557	799
UniRef90_UPI000697ABF5	30.32	557	824
UniRef90_UPI00054D6DA8	33.42	557	775
UniRef90_A0A0K8N240	27.27	557	535
UniRef90_U2RLL4	32.04	557	388
UniRef90_U3QR93	31.30	557	820
UniRef90_UPI0002EEF32B	24.23	557	790
UniRef90_UPI000524F097	28.57	557	777
UniRef90_A0A0A5FZM6	25.28	557	793
UniRef90_UPI0004764718	31.43	557	830
UniRef90_A0A0A1MBK0	24.16	557	799
UniRef90_UPI00041827AB	23.88	557	795
UniRef90_UPI00056283C0	33.43	557	922
UniRef90_A0A067Z0Z4	31.32	557	795
UniRef90_UPI000419FBE6	29.64	557	800
UniRef90_UPI00055F7821	29.07	557	819
UniRef90_UPI00037E0F23	30.36	557	790
UniRef90_UPI00036719F0	29.48	557	793
UniRef90_A0A0D7KEY3	30.64	557	601
UniRef90_W1RQW8	27.27	557	792
UniRef90_UPI00058EADCD	25.83	557	785
UniRef90_I2GN40	24.83	557	802
UniRef90_UPI0006E1691D	29.51	557	869
UniRef90_UPI0003F79833	23.30	557	851
UniRef90_UPI0006890261	29.97	557	782
UniRef90_S3ZYM2	27.22	557	796
UniRef90_UPI00068555FF	24.61	557	795
UniRef90_A0A0A3IT86	26.15	557	785
UniRef90_A0A0A5FWJ6	25.94	557	794
UniRef90_A0A0M9GS66	29.67	557	799
UniRef90_A0A095B750	29.81	557	802
UniRef90_A0A0A3J478	28.65	557	795
UniRef90_L0A361	32.74	557	781
UniRef90_Q21Y74	26.43	557	809
UniRef90_UPI0006F56A6D	32.49	557	838
UniRef90_A0A0M9UDK1	32.98	557	796
UniRef90_UPI0006FA2379	33.82	557	837
UniRef90_A0A0H2M0Z9	28.42	557	847
UniRef90_D2B0S7	35.47	557	855
UniRef90_A0A0M0GFC9	26.07	557	789
UniRef90_I6ZSL0	25.89	557	821
UniRef90_UPI0001850BB5	25.28	557	798
UniRef90_D8JBQ2	25.54	557	781
UniRef90_UPI00066A9A01	27.29	557	833
UniRef90_UPI0005AA9965	27.35	557	805
UniRef90_M8DDR1	31.68	557	792
UniRef90_UPI000552B55B	29.77	557	813
UniRef90_A0A0A7PCJ3	30.88	557	794
UniRef90_UPI0002FE013B	26.78	557	813
UniRef90_UPI0004671A18	28.33	557	745
UniRef90_C4WPP4	29.13	557	776
UniRef90_UPI0003B35856	32.23	557	873
UniRef90_UPI0003649347	32.12	557	884
UniRef90_U1P2V0	30.28	557	753
UniRef90_I2ESN9	27.92	557	790
UniRef90_A0A0A2UW21	23.89	557	792
UniRef90_A0A0M2YTT0	31.53	557	918
UniRef90_F8JMR6	33.99	557	871
UniRef90_M9SJD2	33.55	557	950
UniRef90_A0A023X3N0	30.06	557	796
UniRef90_A0A0M2GSE3	29.91	557	943
UniRef90_UPI0006D5E556	25.22	557	814
UniRef90_A0A0M2JAN8	31.23	557	919
UniRef90_R7ZVJ8	29.18	557	803
UniRef90_L7F9K6	31.94	557	918
UniRef90_UPI0006F310DC	32.27	557	840
UniRef90_Q1LBI2	29.26	557	812
UniRef90_UPI0004C407C1	34.25	557	837
UniRef90_UPI0005A9773D	32.45	557	948
UniRef90_UPI0006E1285A	31.63	557	802
UniRef90_A0A0J6CPN2	30.00	557	796
UniRef90_UPI000687C339	32.54	557	854
UniRef90_A0A0A2T716	25.57	557	793
UniRef90_K1L3R0	24.86	557	803
UniRef90_D2QBD0	29.48	557	807
UniRef90_UPI00045E8FA6	25.27	557	805
UniRef90_C0BK13	27.95	557	796
UniRef90_UPI0006E24D09	30.75	557	920
UniRef90_S3ARE6	33.33	557	948
UniRef90_K1L6R5	31.34	557	804
UniRef90_UPI0005680021	32.44	557	966
UniRef90_UPI0006F79BD0	28.42	557	795
UniRef90_UPI0004BEB457	31.74	557	943
UniRef90_UPI0005900457	26.95	557	787
UniRef90_UPI0004C43783	24.74	557	780
UniRef90_G2LH87	33.56	557	839
UniRef90_UPI00069C2F29	30.55	557	815
UniRef90_A0A089XAJ8	30.57	557	950
UniRef90_A9B492	29.20	557	821
UniRef90_C1A857	26.77	557	827
UniRef90_UPI000693581E	30.34	557	860
UniRef90_UPI0004A785A3	28.57	557	791
UniRef90_UPI0006F54C55	31.29	557	817
UniRef90_UPI000584DCAE	31.59	557	868
UniRef90_Q04PP4	24.53	557	838
UniRef90_A0A0A5I709	24.03	557	790
UniRef90_A0A061NWU9	28.46	557	689
UniRef90_A0A0D2WIL6	28.73	557	805
UniRef90_A0A084E9X6	29.70	557	793
UniRef90_UPI000569FE40	27.88	557	780
UniRef90_A0A0B6SEW7	30.84	557	823
UniRef90_UPI00048F2348	29.18	557	821
UniRef90_UPI00069C8A01	31.55	557	945
UniRef90_A0A061PAW4	28.16	557	806
UniRef90_I3TT97	30.58	557	793
UniRef90_F0C682	30.50	557	809
UniRef90_UPI000702DB69	30.30	557	892
UniRef90_M8EC32	27.00	557	797
UniRef90_A0A022MEU2	31.09	557	945
UniRef90_F4L7J0	29.70	557	800
UniRef90_UPI0004CB6CD4	30.00	557	939
UniRef90_Q3EK40	31.72	557	507
UniRef90_A0A0C1TIP1	30.75	557	968
UniRef90_UPI0006F49662	29.10	557	902
UniRef90_W7LDQ6	27.72	557	789
UniRef90_A4CHA4	30.43	557	824
UniRef90_T0IM04	30.57	557	794
UniRef90_UPI0003F5ECDB	30.97	557	831
UniRef90_A0A0B2BS75	32.82	557	858
UniRef90_A0A0L0QN05	24.57	557	794
UniRef90_UPI0006D58684	31.95	557	828
UniRef90_S9SCV2	29.73	557	792
UniRef90_D3FUM4	29.46	557	800
UniRef90_UPI00068ECC4E	29.87	557	793
UniRef90_UPI0006E1B7A3	31.86	557	931
UniRef90_UPI000703573E	31.56	557	895
UniRef90_UPI00053C0015	30.13	557	750
UniRef90_UPI0002880B9C	28.09	557	803
UniRef90_UPI000472E9F8	24.58	557	785
UniRef90_K8Y615	24.44	557	846
UniRef90_UPI0006E3ECA6	30.29	557	839
UniRef90_UPI0003A9CE8D	33.43	557	918
UniRef90_I2NBR3	27.07	557	833
UniRef90_A0A0F2L0X3	31.66	557	806
UniRef90_A0A0N1H0K1	30.28	557	926
UniRef90_A0A0M2MWF8	32.64	557	955
UniRef90_UPI0006F242A7	28.11	557	835
UniRef90_S2XX66	31.58	557	933
UniRef90_UPI0005CBD2AE	30.46	557	765
UniRef90_UPI0003A63085	31.02	557	948
UniRef90_V2JB06	31.91	557	829
UniRef90_A0A0A6PJN5	30.88	557	762
UniRef90_M6CZS5	24.28	557	840
UniRef90_UPI000349EFAF	24.42	557	785
UniRef90_A0A0D0H9Q0	30.08	557	847
UniRef90_UPI00056D2D04	29.56	557	940
UniRef90_UPI00041C2C88	29.60	557	804
UniRef90_A0A0M4GJY2	26.55	557	785
UniRef90_A0A0F7VST0	30.28	557	945
UniRef90_M3AGV8	31.36	557	806
UniRef90_A5USU8	27.08	557	827
UniRef90_A0A0E3V5H2	29.12	557	801
UniRef90_UPI00068622BC	25.22	557	794
UniRef90_N1WL59	24.14	557	845
UniRef90_UPI0006FD0BA5	31.44	557	874
UniRef90_UPI000402DD74	25.11	557	811
UniRef90_UPI0004C93807	30.11	557	951
UniRef90_W0RE75	28.73	557	785
UniRef90_M3C5E0	32.68	557	974
UniRef90_E6V4Y4	28.53	557	848
UniRef90_A0A024P2V4	25.14	557	784
UniRef90_F3NSA4	31.23	557	958
UniRef90_UPI0005680A66	30.40	557	844
UniRef90_UPI0004CA7D5C	30.63	557	946
UniRef90_A0A076MV24	27.61	557	782
UniRef90_D9XVH9	30.06	557	944
UniRef90_E5WMT5	25.05	557	789
UniRef90_A0A0M8W3L8	32.34	557	832
UniRef90_D6K3N9	33.00	557	938
UniRef90_UPI00041029F5	33.11	557	941
UniRef90_D7BAM9	30.46	557	769
UniRef90_UPI000365B2D4	32.43	557	1072
UniRef90_UPI00036EF5C6	28.72	557	822
UniRef90_A0A0M8QHR5	29.49	557	953
UniRef90_UPI00055085D7	34.51	557	821
UniRef90_UPI0007026A67	31.09	557	895
UniRef90_UPI0003FB098C	32.46	557	952
UniRef90_A0A0M9ZH45	29.55	557	925
UniRef90_V6KCH1	30.24	557	938
UniRef90_UPI000310742F	27.17	557	808
UniRef90_UPI000486EB32	29.97	557	799
UniRef90_D3NUA2	26.96	557	905
UniRef90_UPI0005AAD6A0	30.09	557	803
UniRef90_A0A0B0D0T6	23.86	557	794
UniRef90_F9DSY5	23.35	557	770
UniRef90_M4ZET3	27.08	557	802
UniRef90_D7CYD7	28.80	557	789
UniRef90_A7NJS5	26.12	557	827
UniRef90_UPI000377B58C	31.23	557	900
UniRef90_UPI000248C9ED	25.99	557	797
UniRef90_UPI00048A555A	31.05	557	780
UniRef90_E1IBQ9	28.62	557	819
UniRef90_Q979D7	27.38	557	862
UniRef90_UPI0004CA7405	30.84	557	938
UniRef90_UPI0006866C01	27.65	557	785
UniRef90_C7QII7	33.33	557	858
UniRef90_P06875	100.00	557	846
UniRef90_A0A0H0MW64	99.64	557	649
UniRef90_I2RXZ7	99.64	557	820
UniRef90_A0A085H795	82.41	557	839
UniRef90_P07941	86.54	557	844
UniRef90_E3GBI1	81.83	557	846
UniRef90_UPI0005B31398	64.14	557	838
UniRef90_A0A0G4JKG9	60.14	557	898
UniRef90_A0A0A8C3B5	59.78	557	864
UniRef90_V5UJS9	59.54	557	883
UniRef90_Q7WZI9	63.91	557	837
UniRef90_A0A0H3WZJ7	61.15	557	863
UniRef90_A0A0C5JZD6	60.68	557	860
UniRef90_I0DUC0	64.81	557	838
UniRef90_A0A0C4YN55	64.50	557	859
UniRef90_D4XBJ1	52.24	557	866
UniRef90_UPI0002557C4C	45.13	557	830
UniRef90_R4XU23	51.52	557	862
UniRef90_A0A0C3J1H0	48.92	557	863
UniRef90_E3HPP6	52.24	557	860
UniRef90_Q6PWR5	52.24	557	874
UniRef90_A0A023CNB5	25.18	557	794
UniRef90_A0A076WGH1	24.29	557	795
UniRef90_UPI000558E4FD	24.15	557	789
UniRef90_A0A0J5SNI2	25.09	557	791
UniRef90_A0A094YWG6	24.33	557	791
UniRef90_A0A090YTH1	24.16	557	797
UniRef90_S6AFJ4	42.70	557	815
UniRef90_W8H6G1	40.04	557	811
UniRef90_UPI000509D327	22.78	557	799
UniRef90_A0A073K9W8	23.44	557	795
UniRef90_J3DFH9	40.97	557	823
UniRef90_Q6HGH2	23.99	557	796
UniRef90_UPI0005C95885	23.61	557	790
UniRef90_A0A084GJE8	23.84	557	794
UniRef90_A0A0M0GFC9	23.87	557	789
UniRef90_A0A084H6A2	23.10	557	797
UniRef90_UPI000399FD08	24.87	557	787
UniRef90_UPI0002EEF32B	22.28	557	790
UniRef90_UPI0005A8B43A	24.33	557	789
UniRef90_UPI0006D25D20	24.11	557	787
UniRef90_A0A0M0X8S0	21.47	557	788
UniRef90_A0A0M5LVS2	38.56	557	815
UniRef90_W7LDQ6	23.08	557	789
UniRef90_A8GGK2	41.80	557	812
UniRef90_A0A0K9FIG2	24.16	557	787
UniRef90_A0A0M8Q8M5	23.46	557	787
UniRef90_A0A067A0P5	41.62	557	792
UniRef90_A0A098F9M3	22.94	557	788
UniRef90_UPI00031E51A6	23.15	557	791
UniRef90_UPI0002F36E59	23.33	557	787
UniRef90_A0A0M0EPJ7	23.48	557	787
UniRef90_UPI00034B22A7	39.46	557	827
UniRef90_O34142	40.47	557	816
UniRef90_A0A0F9QDD1	38.37	557	854
UniRef90_B1HYR9	24.29	557	789
UniRef90_X2H1J4	23.77	557	787
UniRef90_A0A0M9DHG3	23.37	557	793
UniRef90_W4EQN1	22.72	557	791
UniRef90_UPI0004936B60	22.56	557	798
UniRef90_R7ZAL0	23.05	557	787
UniRef90_E5WMT5	23.04	557	789
UniRef90_UPI000550DA94	23.04	557	787
UniRef90_I0JLQ2	23.33	557	793
UniRef90_M8EC32	21.53	557	797
UniRef90_UPI0002E55930	24.16	557	795
UniRef90_Q8CX57	23.40	557	800
UniRef90_A0A075JQU6	23.45	557	795
UniRef90_A0A0B0D0T6	21.88	557	794
UniRef90_UPI00067EB968	23.21	557	787
UniRef90_N8UZK6	33.45	557	821
UniRef90_W9BAA1	23.88	557	811
UniRef90_A0A0A5FZM6	22.88	557	793
UniRef90_UPI0004898C72	41.80	557	855
UniRef90_A0A0K9GIV3	23.20	557	792
UniRef90_A0A0A1MBK0	22.24	557	799
UniRef90_UPI0004298F42	23.53	557	793
UniRef90_V2TR88	34.35	557	825
UniRef90_A0A0J5QX77	23.09	557	792
UniRef90_UPI00041827AB	22.18	557	795
UniRef90_UPI0006EC349B	22.00	557	796
UniRef90_UPI000225B871	22.95	557	795
UniRef90_A0A0D6L2M1	24.37	557	861
UniRef90_A0A0A2UW21	22.91	557	792
UniRef90_A0A024Q9J0	23.80	557	794
UniRef90_A0A085F0A0	23.75	557	786
UniRef90_N8TE28	32.73	557	823
UniRef90_UPI0001850BB5	22.95	557	798
UniRef90_UPI0003F7FA71	21.25	557	787
UniRef90_UPI0002BA34E6	33.09	557	754
UniRef90_A0A0A2T716	21.94	557	793
UniRef90_A0A0M9GS66	23.44	557	799
UniRef90_S2XCM1	22.18	557	787
UniRef90_UPI000429C196	22.53	557	789
UniRef90_A0A0A5FWJ6	22.05	557	794
UniRef90_UPI0005900457	22.14	557	787
UniRef90_A0A0K9SXE8	22.70	557	788
UniRef90_UPI0002880B9C	22.15	557	803
UniRef90_U1VLK3	33.09	557	820
UniRef90_F5SCC7	24.64	557	805
UniRef90_UPI0003084044	24.96	557	799
UniRef90_L5N5Z1	22.10	557	787
UniRef90_UPI000472E9F8	21.70	557	785
UniRef90_A0A0C2VGN7	21.24	557	800
UniRef90_W3ACI5	24.19	557	788
UniRef90_UPI00068555FF	22.99	557	795
UniRef90_UPI00058EADCD	22.55	557	785
UniRef90_UPI0004E292BF	24.46	557	838
UniRef90_A0A0M4GJY2	21.87	557	785
UniRef90_F9DSZ2	21.82	557	785
UniRef90_E7RK17	22.74	557	788
UniRef90_UPI00052FFAF0	22.57	557	788
UniRef90_N9LLV7	33.45	557	825
UniRef90_Q8CX58	22.82	557	905
UniRef90_UPI00034949AB	23.54	557	790
UniRef90_D8DDB8	36.69	557	581
UniRef90_A0A098EQH1	23.13	557	785
UniRef90_A0A0D7KEY3	22.08	557	601
UniRef90_K1L3R0	24.16	557	803
UniRef90_A0A0A5I709	22.40	557	790
UniRef90_UPI0005AAD6A0	21.70	557	803
UniRef90_A0A0J1HEN0	40.29	557	820
UniRef90_UPI0005CBD2AE	21.25	557	765
UniRef90_D6TJN6	23.29	557	813
UniRef90_A0A0A3IT86	23.79	557	785
UniRef90_E5V3K9	25.32	557	794
UniRef90_A0A024P2V4	22.60	557	784
UniRef90_F3A6D5	24.64	557	784
UniRef90_A0A0A8TVD1	33.45	557	823
UniRef90_J3DIG8	23.92	557	811
UniRef90_UPI0003A92E0B	30.30	557	810
UniRef90_UPI00064D87BF	22.54	557	795
UniRef90_UPI0006C7572B	24.39	557	797
UniRef90_A0A0L0QN05	22.12	557	794
UniRef90_D3FUM4	23.33	557	800
UniRef90_K2H9B8	41.22	557	827
UniRef90_J0B187	36.04	557	811
UniRef90_UPI00068EB984	38.13	557	784
UniRef90_A5V4S1	39.57	557	825
UniRef90_Q8YQA9	23.75	557	847
UniRef90_B2IUB4	24.42	557	850
UniRef90_M7NTL7	21.47	557	786
UniRef90_A0A0A3J478	22.86	557	795
UniRef90_I4X406	22.74	557	788
UniRef90_UPI0002D516F8	24.87	557	846
UniRef90_UPI00048A5A7E	21.84	557	796
UniRef90_K9RPD0	24.08	557	847
UniRef90_A0A0K2FV20	21.65	557	799
UniRef90_A0A0J7JQ42	22.57	557	776
UniRef90_K9QY46	24.29	557	854
UniRef90_I0KC30	23.48	557	800
UniRef90_UPI0005AA9965	22.73	557	805
UniRef90_I8UFS9	20.67	557	798
UniRef90_UPI000478BA57	30.41	557	811
UniRef90_U7U8Q7	36.40	557	810
UniRef90_UPI000422AA66	25.27	557	784
UniRef90_I4YWL8	24.10	557	809
UniRef90_A0A0J6CPN2	22.42	557	796
UniRef90_I0I0A4	23.63	557	792
UniRef90_UPI00041D9F1A	38.26	557	805
UniRef90_K4ZHX2	22.92	557	802
UniRef90_UPI00035D434E	24.83	557	799
UniRef90_K9PIT3	23.45	557	865
UniRef90_A0A074LVA6	25.04	557	805
UniRef90_G0AJ99	22.63	557	804
UniRef90_A1BBI0	40.57	557	790
UniRef90_F3A397	24.82	557	804
UniRef90_UPI00067CCBF3	24.31	557	798
UniRef90_UPI00069C8A01	22.04	557	945
UniRef90_A0A0D2WIL6	22.32	557	805
UniRef90_UPI0004C93807	22.86	557	951
UniRef90_UPI000423EDC7	30.45	557	817
UniRef90_A0A0A1FGQ5	22.70	557	815
UniRef90_UPI0004791FC9	24.62	557	830
UniRef90_V6JXS8	22.95	557	910
UniRef90_UPI0003711B89	23.87	557	828
UniRef90_A0A061PAW4	23.06	557	806
UniRef90_UPI00034CFD52	25.00	557	808
UniRef90_UPI00067B4329	23.61	557	812
UniRef90_M9SJD2	23.15	557	950
UniRef90_W7YRH2	19.51	557	800
UniRef90_A1WN00	24.44	557	782
UniRef90_V5SL10	24.20	557	567
UniRef90_UPI0004C7AEAE	22.60	557	928
UniRef90_UPI00034890FA	24.29	557	859
UniRef90_UPI0004BF1FA5	22.24	557	907
UniRef90_A0A0M2JAN8	23.48	557	919
UniRef90_UPI0006E1B7A3	23.60	557	931
UniRef90_K9TLR2	24.54	557	851
UniRef90_UPI0006890261	23.88	557	782
UniRef90_K0K8K7	23.40	557	798
UniRef90_UPI0004BEB457	23.13	557	943
UniRef90_UPI0004E2103B	21.88	557	947
UniRef90_A0A0M2GSE3	22.40	557	943
UniRef90_UPI0004BC603F	23.41	557	808
UniRef90_UPI00041029F5	22.68	557	941
UniRef90_UPI0003649347	23.64	557	884
UniRef90_D7CYD7	23.38	557	789
UniRef90_A0A021WYW5	37.41	557	791
UniRef90_A0A0M2YTT0	23.52	557	918
UniRef90_A0A0E3V5H2	23.08	557	801
UniRef90_UPI000578EEFA	25.22	557	809
UniRef90_Q60136	29.89	557	802
UniRef90_A0A089XAJ8	22.88	557	950
UniRef90_S3ARE6	22.65	557	948
UniRef90_A0A0N0MW13	22.68	557	921
UniRef90_A0A0F5VRS4	21.92	557	932
UniRef90_B2UI95	23.83	557	809
UniRef90_K2FLA6	21.57	557	781
UniRef90_F8EP29	21.66	557	797
UniRef90_UPI0006E22BE8	22.26	557	950
UniRef90_UPI000481120C	22.07	557	784
UniRef90_M3E8X7	21.41	557	934
UniRef90_G8ME95	25.43	557	803
UniRef90_A0A0K9XB03	22.26	557	955
UniRef90_UPI00056283C0	22.77	557	922
UniRef90_A0A0L8QQK3	21.61	557	932
UniRef90_UPI0006F2A642	22.85	557	798
UniRef90_A0A0M4T773	23.95	557	854
UniRef90_UPI0004C5F15A	22.52	557	940
UniRef90_UPI0004BF9512	21.63	557	904
UniRef90_UPI0004B63E6E	22.28	557	592
UniRef90_UPI000310742F	20.82	557	808
UniRef90_A0A0F5I5V4	28.88	557	807
UniRef90_UPI00055F7821	23.97	557	819
UniRef90_I2GN40	22.55	557	802
UniRef90_A0A0C1XBL2	21.25	557	935
UniRef90_A0A0F7VST0	21.96	557	945
UniRef90_A0A060LU45	21.12	557	800
UniRef90_Q45TR7	29.18	557	805
UniRef90_UPI0002FE013B	23.26	557	813
UniRef90_UPI00047577E9	22.01	557	809
UniRef90_D9XVH9	22.24	557	944
UniRef90_A0A0N1G4M5	21.70	557	918
UniRef90_Q67TD9	24.46	557	822
UniRef90_J1RMH4	22.04	557	907
UniRef90_A0A059W8S7	21.67	557	933
UniRef90_UPI0003641E90	22.49	557	798
UniRef90_L1L7P0	22.12	557	925
UniRef90_UPI0003711BED	23.13	557	836
UniRef90_UPI0004C68320	22.56	557	925
UniRef90_A0A0B5DD02	22.52	557	954
UniRef90_B5HKW0	22.89	557	944
UniRef90_Q1LBI2	23.32	557	812
UniRef90_UPI00037E0F23	23.41	557	790
UniRef90_W4NYG7	24.57	557	806
UniRef90_A0A0M8QHR5	22.40	557	953
UniRef90_UPI0004285C3C	21.83	557	928
UniRef90_UPI0004CB253A	22.47	557	949
UniRef90_UPI0003FB098C	21.85	557	952
UniRef90_UPI0006EB5439	21.79	557	962
UniRef90_D6K3N9	22.72	557	938
UniRef90_UPI00041F0681	22.36	557	793
UniRef90_A0A022MEU2	23.24	557	945
UniRef90_UPI00035C0A3B	21.99	557	915
UniRef90_UPI0004C74E7C	21.63	557	961
UniRef90_L7F9K6	22.04	557	918
UniRef90_UPI0006860E4D	22.61	557	779
UniRef90_UPI0003FA4E8F	21.96	557	914
UniRef90_UPI0005680021	22.92	557	966
UniRef90_D9XFQ1	21.96	557	938
UniRef90_L8EZB5	21.63	557	953
UniRef90_D7BU35	22.40	557	914
UniRef90_UPI0004045569	23.62	557	778
UniRef90_UPI0003FAC98D	21.85	557	915
UniRef90_UPI0004CA40EE	22.65	557	924
UniRef90_UPI0006EBB584	21.82	557	919
UniRef90_UPI000527DA1F	22.72	557	914
UniRef90_UPI0006E1C794	21.52	557	921
UniRef90_A0A073AUK8	22.66	557	755
UniRef90_UPI000237A3C7	23.65	557	771
UniRef90_A0A072SFK8	21.41	557	943
UniRef90_D8N1N3	23.32	557	811
UniRef90_A0A0G4JCP2	24.57	557	813
UniRef90_UPI0006FBD790	26.39	557	788
UniRef90_UPI00041C058D	22.40	557	951
UniRef90_D2QBD0	23.35	557	807
UniRef90_A0A0L8L5X2	22.24	557	930
UniRef90_UPI000403253C	20.86	557	900
UniRef90_UPI0005640A94	22.33	557	937
UniRef90_A0A0C4YWW7	22.88	557	819
UniRef90_A0A0D4DRM4	22.15	557	905
UniRef90_UPI0006E23B2D	21.21	557	923
UniRef90_UPI0003A9CE8D	23.11	557	918
UniRef90_F3NSA4	22.35	557	958
UniRef90_A0A0M8K8Z4	24.48	557	836
UniRef90_V6KCH1	22.56	557	938
UniRef90_A0A0M9ZH45	23.48	557	925
UniRef90_A0A0H2M0Z9	22.63	557	847
UniRef90_UPI000561656D	22.84	557	917
UniRef90_K4R7Y4	22.60	557	929
UniRef90_UPI0006866C01	20.24	557	785
UniRef90_A0A0C2BFT1	20.35	557	943
UniRef90_K6XP79	39.32	557	803
UniRef90_B5HBD2	21.99	557	945
UniRef90_A0A010ZRN7	24.92	557	877
UniRef90_V6KWB2	21.59	557	906
UniRef90_M3C5E0	22.29	557	974
UniRef90_UPI0006260488	22.12	557	959
UniRef90_A0A0L0KN67	22.13	557	936
UniRef90_A0A0M8S642	25.17	557	845
UniRef90_UPI0003FCD9A7	22.26	557	901
UniRef90_F2NKM4	26.33	557	768
UniRef90_UPI00056D2D04	22.49	557	940
UniRef90_UPI0006E24D09	23.32	557	920
UniRef90_S3ZNM6	21.78	557	955
UniRef90_UPI00035E898A	21.75	557	921
UniRef90_A0A0J7XM82	31.89	557	800
UniRef90_UPI0004CB868E	21.50	557	918
UniRef90_D6AKN2	22.44	557	914
UniRef90_UPI00052E4C7B	22.08	557	925
UniRef90_W0P6K1	22.65	557	833
UniRef90_Q8CJX4	21.57	557	936
UniRef90_UPI00062C74AF	21.31	557	904
UniRef90_A9B492	23.34	557	821
UniRef90_Q82H71	22.67	557	936
UniRef90_UPI0003A63085	23.04	557	948
UniRef90_UPI000377B58C	22.13	557	900
UniRef90_A0A0L0M9W7	24.74	557	805
UniRef90_UPI0005F82C69	22.04	557	902
UniRef90_A0A081EGC1	21.12	557	927
UniRef90_L8PCM4	21.88	557	922
UniRef90_G2P0A1	21.64	557	920
UniRef90_UPI000248C9ED	23.55	557	797
UniRef90_A0A086N1N5	22.33	557	947
UniRef90_H0F549	23.37	557	820
UniRef90_UPI000424CEC0	21.46	557	904
UniRef90_UPI0006E2ECAE	21.47	557	920
UniRef90_UPI0006871311	22.70	557	803
UniRef90_A0A0C1TIP1	22.63	557	968
UniRef90_Q1LN15	23.68	557	821
UniRef90_D9WN58	21.90	557	916
UniRef90_UPI0002EC88A8	21.27	557	906
UniRef90_A0A076MV24	22.26	557	782
UniRef90_A0A0J7Z481	21.78	557	926
UniRef90_UPI0004CB6CD4	22.40	557	939
UniRef90_D5ZWE9	22.24	557	932
UniRef90_A0A0J8AIA8	22.40	557	948
UniRef90_UPI0004CA7405	22.06	557	938
UniRef90_UPI000700BE09	21.86	557	823
UniRef90_UPI0006E13D82	21.82	557	930
UniRef90_D9UTM8	21.63	557	939
UniRef90_UPI000419FBE6	23.22	557	800
UniRef90_H2JT15	22.72	557	957
UniRef90_A0A0M8SMH6	20.61	557	917
UniRef90_J2KDS0	23.54	557	832
UniRef90_C9YWG0	21.57	557	948
UniRef90_UPI00065240B6	23.06	557	812
UniRef90_V8QSZ1	23.52	557	831
UniRef90_UPI0004BF769E	21.05	557	956
UniRef90_UPI000691121F	23.52	557	771
UniRef90_UPI00056E1F7A	25.54	557	770
UniRef90_UPI0004CD8288	23.28	557	940
UniRef90_F9DSY5	21.02	557	770
UniRef90_UPI00040C1CF2	21.78	557	901
UniRef90_D2B0S7	22.48	557	855
UniRef90_UPI0006F75460	23.26	557	796
UniRef90_UPI0004C43783	23.39	557	780
UniRef90_UPI000361DEF3	20.42	557	754
UniRef90_UPI0004CA7D5C	22.28	557	946
UniRef90_UPI0005792374	24.78	557	821
UniRef90_UPI0006EB3EC0	20.96	557	942
UniRef90_D4X8R7	23.45	557	819
UniRef90_UPI00056B73F0	21.10	557	906
UniRef90_A4CHA4	22.57	557	824
UniRef90_S2XX66	22.20	557	933
UniRef90_UPI00048A555A	22.15	557	780
UniRef90_UPI0004CCF3F0	22.15	557	944
UniRef90_UPI0002DBC37A	21.50	557	941
UniRef90_A0A0N0YDZ0	22.66	557	796
UniRef90_E6V4Y4	21.99	557	848
UniRef90_A0A0F4KP51	22.17	557	945
UniRef90_UPI0004C4F7E1	21.82	557	928
UniRef90_UPI0003754298	20.96	557	917
UniRef90_F8JX84	21.77	557	909
UniRef90_UPI00036EF5C6	21.14	557	822
UniRef90_UPI00051B1CCF	20.63	557	904
UniRef90_Q470H7	24.16	557	829
UniRef90_A0A0C4YG94	22.77	557	820
UniRef90_A0A0B5I5L4	23.40	557	922
UniRef90_A0A0F2J0Q2	24.58	557	817
UniRef90_G2NHU5	21.28	557	914
UniRef90_D1ABA8	23.72	557	854
UniRef90_UPI0004C94937	21.60	557	971
UniRef90_A0A0F0FS08	22.75	557	821
UniRef90_A0A0N1H0K1	22.65	557	926
UniRef90_UPI0004CD3CB2	21.02	557	937
UniRef90_A0A0C1YPP6	22.71	557	810
UniRef90_A0A0B5F361	22.68	557	893
UniRef90_UPI00037EC92B	22.49	557	819
UniRef90_D9VZQ1	23.32	557	949
UniRef90_UPI0004C2C496	22.44	557	911
UniRef90_UPI0004C0C1BF	23.04	557	952
UniRef90_A7NJ94	26.19	557	803
UniRef90_K7QY76	24.08	557	769
UniRef90_A0A095VKE9	22.13	557	820
UniRef90_A0A0A3XYB0	23.65	557	815
UniRef90_G2GKS1	21.90	557	946
UniRef90_I2ESN9	21.11	557	790
UniRef90_A0A0G3UKY6	21.75	557	957
UniRef90_M9TQN6	21.92	557	914
UniRef90_UPI0004909A59	24.60	557	802
UniRef90_UPI0004849C99	22.88	557	946
UniRef90_B3RD16	22.36	557	807
UniRef90_UPI000561B5CE	20.61	557	923
UniRef90_UPI0006FA3492	21.67	557	811
UniRef90_E2Q7I8	20.35	557	982
UniRef90_UPI00037D3727	20.61	557	964
UniRef90_UPI000569FE40	22.66	557	780
UniRef90_H8MFL1	24.36	557	812
UniRef90_A0A0F6IXF7	22.83	557	841
UniRef90_G0EX63	23.85	557	820
UniRef90_D8JBI0	21.39	557	784
UniRef90_UPI00069C2F29	24.07	557	815
UniRef90_U1IJJ2	21.82	557	814
UniRef90_UPI0006E1691D	23.11	557	869
UniRef90_UPI0004CD60F8	22.44	557	942
UniRef90_A0A0M9YLS2	22.57	557	967
UniRef90_A0A0F7N677	21.42	557	901
UniRef90_A0A0M2MWF8	23.00	557	955
UniRef90_M9X8J8	24.39	557	770
UniRef90_D2B301	24.26	557	843
UniRef90_A9WBX4	24.42	557	804
UniRef90_UPI00066D569A	21.46	557	935
UniRef90_UPI00066A9A01	22.43	557	833
UniRef90_UPI0004710441	24.27	557	804
UniRef90_UPI00069110B8	23.24	557	776
UniRef90_UPI000409BBF6	21.44	557	916
UniRef90_UPI00041C2C88	23.21	557	804
UniRef90_E3HEP8	23.97	557	820
UniRef90_UPI0006F322AF	22.43	557	802
UniRef90_UPI000697ABF5	22.30	557	824
UniRef90_UPI0005680A66	21.17	557	844
UniRef90_UPI0004764718	23.34	557	830
UniRef90_UPI000395A303	21.48	557	822
UniRef90_N0CVX8	21.28	557	931
UniRef90_B3R236	24.04	557	819
UniRef90_UPI00036F78DA	21.35	557	948
UniRef90_UPI00058E2A86	23.67	557	821
UniRef90_UPI000698223C	20.51	557	916
UniRef90_UPI00047E6CD6	24.96	557	818
UniRef90_UPI0006F5193C	21.28	557	914
UniRef90_A9IMX4	23.02	557	818
UniRef90_Q7NJ44	22.96	557	806
UniRef90_UPI00063EC5FC	22.96	557	809
UniRef90_UPI000527024D	22.19	557	959
UniRef90_UPI00068ECC4E	23.09	557	793
UniRef90_F4L7J0	22.92	557	800
UniRef90_UPI000375CC0D	22.20	557	804
UniRef90_A0A0N1KE87	25.00	557	502
UniRef90_UPI0004E1A4BC	19.59	557	909
UniRef90_UPI000304E442	23.16	557	819
UniRef90_UPI0004C1EC66	22.64	557	934
UniRef90_UPI000365B2D4	22.84	557	1072
UniRef90_UPI0006E1285A	24.06	557	802
UniRef90_D8JBQ2	21.43	557	781
UniRef90_D7BBE1	23.69	557	783
UniRef90_L8EQS6	24.18	557	789
UniRef90_UPI00068622BC	23.54	557	794
UniRef90_L0SVG9	24.35	557	799
UniRef90_A0A0G4JZD6	21.72	557	785
UniRef90_UPI0006E3ECA6	21.77	557	839
UniRef90_S5USK8	21.25	557	951
UniRef90_UPI00068B5AA9	23.83	557	794
UniRef90_M8DDR1	21.72	557	792
UniRef90_U3QR93	23.78	557	820
UniRef90_UPI0006F54C55	21.24	557	817
UniRef90_UPI0006F7B7D3	20.60	557	859
UniRef90_UPI00048F2348	22.72	557	821
UniRef90_B8G5J9	24.69	557	804
UniRef90_UPI0003B52B56	22.37	557	890
UniRef90_A0A0A2WRZ0	24.28	557	768
UniRef90_A0A0F4INT7	21.91	557	956
UniRef90_UPI0004C0EDF8	22.13	557	779
UniRef90_UPI0007035A4B	21.29	557	849
UniRef90_S5S5G8	22.57	557	782
UniRef90_UPI000481017C	24.52	557	779
UniRef90_V2GVT1	23.04	557	824
UniRef90_A5USU8	23.56	557	827
UniRef90_U5QHE1	22.24	557	811
UniRef90_E4UA82	25.27	557	777
UniRef90_UPI0004764366	23.80	557	867
UniRef90_L7W0E7	23.01	557	800
UniRef90_UPI000360CA9C	34.46	557	848
UniRef90_UPI00047E4312	22.07	557	799
UniRef90_UPI0005BACEED	22.24	557	833
UniRef90_A0A0D2WCH5	24.05	557	792
UniRef90_E8PLB9	24.82	557	770
UniRef90_UPI0006F611F0	21.43	557	848
UniRef90_A0A0D0H9Q0	23.21	557	847
UniRef90_F0BCN6	22.61	557	863
UniRef90_G8NAP7	23.57	557	768
UniRef90_W7JDC0	23.92	557	788
UniRef90_UPI00042279ED	20.52	557	780
UniRef90_UPI000629027E	21.32	557	854
UniRef90_F4D074	21.70	557	778
UniRef90_UPI0003FB4844	23.78	557	780
UniRef90_C0BK13	21.54	557	796
UniRef90_W9G5X2	23.26	557	871
UniRef90_UPI0006E21FA5	21.01	557	913
