UniRef90_P26440	100.00	387	423
UniRef90_UPI0003C8330E	94.83	387	448
UniRef90_G1SW97	95.61	387	651
UniRef90_F1SSR4	92.76	387	426
UniRef90_W5QG64	93.30	387	429
UniRef90_UPI0004446298	93.54	387	425
UniRef90_P12007	91.73	387	424
UniRef90_UPI000572B271	85.78	387	461
UniRef90_G1PD46	92.65	387	424
UniRef90_UPI00034F9259	87.89	387	452
UniRef90_F1NF35	89.64	387	424
UniRef90_L9JCT8	92.80	387	616
UniRef90_P26440-2	92.25	387	393
UniRef90_UPI00045D922F	88.37	387	423
UniRef90_UPI0003EAFA8E	99.14	387	389
UniRef90_UPI00042BA42F	87.70	387	426
UniRef90_H9GKK3	84.97	387	433
UniRef90_F6VDN3	86.56	387	422
UniRef90_H0ZAC7	88.20	387	376
UniRef90_UPI0005355AB5	88.27	387	426
UniRef90_F6VHN6	84.46	387	429
UniRef90_K7G009	86.35	387	421
UniRef90_UPI00062B85DF	88.44	387	430
UniRef90_K9IXP3	95.66	387	417
UniRef90_UPI00052270BB	86.72	387	573
UniRef90_H3BDT7	82.90	387	444
UniRef90_W5NBZ4	82.64	387	450
UniRef90_V9KJ36	82.90	387	426
UniRef90_V8NTJ2	82.05	387	427
UniRef90_UPI0003D77EC2	83.46	387	389
UniRef90_E7FGP9	78.76	387	425
UniRef90_W5U7W8	79.79	387	416
UniRef90_W5KWD4	79.53	387	428
UniRef90_UPI0004576252	82.84	387	458
UniRef90_B5X2G6	79.02	387	414
UniRef90_G3P1X6	78.50	387	425
UniRef90_UPI0006443F74	79.27	387	414
UniRef90_UPI00049783DF	77.98	387	417
UniRef90_H2U8G6	78.50	387	417
UniRef90_I3KW23	78.76	387	422
UniRef90_UPI000497559C	77.98	387	417
UniRef90_UPI00064352A2	95.64	387	387
UniRef90_UPI0002C33B79	82.69	387	426
UniRef90_M4AFV5	77.72	387	417
UniRef90_H2ML13	76.41	387	421
UniRef90_T0MDQ3	95.54	387	708
UniRef90_L5K4Z0	93.55	387	312
UniRef90_U3I047	79.68	387	376
UniRef90_A0A093QG79	85.21	387	338
UniRef90_UPI00054C63A1	74.87	387	405
UniRef90_A9V0R1	72.85	387	417
UniRef90_A7SWC2	71.83	387	422
UniRef90_H2XK60	70.91	387	414
UniRef90_C3Z5C3	72.87	387	1110
UniRef90_UPI0003EAF0DE	100.00	387	347
UniRef90_D2SNL6	71.06	387	416
UniRef90_A0A0N1ICI2	72.35	387	415
UniRef90_UPI0005C37C69	72.54	387	450
UniRef90_B5UB85	71.95	387	416
UniRef90_F2U1A3	70.57	387	429
UniRef90_E0W349	71.06	387	423
UniRef90_E9GS77	70.80	387	394
UniRef90_A0A077WUG3	71.61	387	413
UniRef90_U5EUB2	71.58	387	415
UniRef90_A0A091TB83	88.31	387	308
UniRef90_UPI0006D5295C	71.06	387	419
UniRef90_UPI0005D05154	69.87	387	415
UniRef90_V4A7E5	70.18	387	422
UniRef90_F4NZM5	69.71	387	418
UniRef90_R7UHR6	68.99	387	428
UniRef90_UPI00065DD9D7	72.80	387	404
UniRef90_S2KBQ9	70.05	387	413
UniRef90_UPI0005524218	70.73	387	387
UniRef90_K7IUR0	68.99	387	423
UniRef90_B3S1J5	68.48	387	424
UniRef90_UPI00046C0D97	69.77	387	417
UniRef90_U9TUD2	69.71	387	388
UniRef90_A0A058ZDS7	70.76	387	423
UniRef90_A0A0L8HE60	69.17	387	422
UniRef90_A0A0B7AWP4	68.13	387	422
UniRef90_A0A0D2X2K1	68.93	387	427
UniRef90_A0A087SWH9	68.22	387	421
UniRef90_U6NUT5	69.77	387	412
UniRef90_I1F743	67.96	387	424
UniRef90_A0A067R9Z1	69.25	387	422
UniRef90_K1R8B2	64.07	387	471
UniRef90_UPI0005CEF514	68.41	387	428
UniRef90_I1CQE2	68.49	387	410
UniRef90_UPI0005EE8BA4	69.25	387	436
UniRef90_R4V138	68.22	387	424
UniRef90_UPI00035949FF	68.39	387	422
UniRef90_H2YYV9	71.08	387	378
UniRef90_UPI0006B0768E	67.18	387	428
UniRef90_T2MGY8	67.79	387	501
UniRef90_B0X633	68.48	387	423
UniRef90_UPI0006CEE8AC	68.48	387	420
UniRef90_F1L7A1	69.61	387	415
UniRef90_A0A0N4ZG80	69.25	387	414
UniRef90_A0A0K0F7C1	68.57	387	414
UniRef90_UPI000614D871	67.72	387	506
UniRef90_D3PGR5	67.79	387	418
UniRef90_L8HD26	67.85	387	443
UniRef90_A0A0A9WS65	66.93	387	419
UniRef90_UPI0006C9665E	66.93	387	429
UniRef90_C1C1U2	67.53	387	458
UniRef90_UPI0004CD03EC	68.99	387	422
UniRef90_B7P6T5	66.15	387	429
UniRef90_T1J989	65.37	387	428
UniRef90_H3DVW8	65.85	387	447
UniRef90_A0A0L0HGN7	74.27	387	344
UniRef90_A0A0L0RZT1	68.24	387	414
UniRef90_W2TPS6	65.69	387	465
UniRef90_A0A084WMZ7	67.44	387	427
UniRef90_G5EEH6	67.44	387	419
UniRef90_UPI0005ED878C	65.63	387	432
UniRef90_A0A0F4NQL1	68.09	387	391
UniRef90_A0A0C9M4K9	70.05	387	1320
UniRef90_UPI0004810EA4	68.09	387	389
UniRef90_UPI00048AE146	67.37	387	390
UniRef90_A0A0M4EK03	66.93	387	422
UniRef90_C5JAR7	70.40	387	390
UniRef90_B4LEK2	66.67	387	424
UniRef90_I2JL82	67.82	387	389
UniRef90_A0A075AS55	67.99	387	409
UniRef90_D3NZC5	68.53	387	390
UniRef90_UPI0006963C3E	66.93	387	430
UniRef90_A0A0B2VL92	69.54	387	463
UniRef90_UPI0005F4B181	65.37	387	419
UniRef90_A0A0D8CW69	67.47	387	389
UniRef90_UPI0006C94FCD	65.71	387	431
UniRef90_Q7QIC5	66.41	387	429
UniRef90_G7EWV4	67.82	387	391
UniRef90_A0A026WU13	66.15	387	422
UniRef90_UPI00046E949B	68.80	387	390
UniRef90_UPI00036F4850	68.27	387	389
UniRef90_UPI0004009558	67.02	387	390
UniRef90_Q2W9J4	68.80	387	389
UniRef90_A0A0D8XDD9	65.52	387	433
UniRef90_B4K041	65.63	387	424
UniRef90_A0A0B4Y2Y8	66.93	387	382
UniRef90_UPI0002FE0156	67.02	387	389
UniRef90_UPI0005D31D45	66.15	387	419
UniRef90_Q9VSL9	66.15	387	420
UniRef90_UPI00040C0031	67.55	387	389
UniRef90_UPI0005C225E2	66.84	387	392
UniRef90_U5H7K1	65.27	387	432
UniRef90_UPI000625C0EB	65.63	387	420
UniRef90_UPI0005ACE4CD	65.12	387	425
UniRef90_G3MR40	64.34	387	427
UniRef90_I3TNS9	67.73	387	389
UniRef90_UPI0004AAD487	64.34	387	422
UniRef90_I1DTL7	67.73	387	389
UniRef90_D3TLC7	66.15	387	423
UniRef90_UPI00021A7AF0	66.93	387	422
UniRef90_U7NLH2	67.82	387	389
UniRef90_UPI0004804EA1	69.84	387	389
UniRef90_A0A094JAE7	68.88	387	389
UniRef90_C5YZ44	68.00	387	410
UniRef90_UPI000377E761	66.05	387	387
UniRef90_A0A0H5QT10	67.20	387	407
UniRef90_UPI000363F1F1	66.22	387	389
UniRef90_UPI00026588C0	64.08	387	418
UniRef90_UPI00062545EB	68.99	387	422
UniRef90_F9T105	68.35	387	389
UniRef90_A0A0A0SWY7	67.29	387	389
UniRef90_T2LF46	67.55	387	389
UniRef90_U3C4L7	67.55	387	389
UniRef90_UPI0005F06477	66.67	387	419
UniRef90_M4VWQ9	68.88	387	393
UniRef90_A0A090LDK9	67.01	387	414
UniRef90_UPI000644DFED	66.40	387	416
UniRef90_A0A010QSJ2	65.43	387	389
UniRef90_UPI0003713673	66.76	387	387
UniRef90_UPI0003B3A41C	68.16	387	387
UniRef90_UPI0003F973C1	66.93	387	389
UniRef90_UPI00041C0D3C	67.55	387	388
UniRef90_K9H3V1	66.93	387	390
UniRef90_A0A067MFD0	63.97	387	421
UniRef90_K6Z4Z3	65.96	387	389
UniRef90_B6R9B6	66.49	387	387
UniRef90_E1SU56	67.55	387	387
UniRef90_UPI00063ED3B8	65.37	387	418
UniRef90_E1V3Y6	67.02	387	389
UniRef90_Q54W88	66.32	387	415
UniRef90_A0A068UFV0	67.20	387	405
UniRef90_K2JKD1	66.76	387	389
UniRef90_N6VUR9	66.22	387	389
UniRef90_UPI0004724C15	66.76	387	389
UniRef90_UPI000366946F	66.22	387	389
UniRef90_A0A034VTX1	65.63	387	423
UniRef90_Q75IM9	66.67	387	409
UniRef90_A0A081NME1	66.67	387	387
UniRef90_A0A0D6PAR1	64.57	387	392
UniRef90_A0A085F7N3	65.87	387	390
UniRef90_W8BYD7	64.60	387	423
UniRef90_D3BJP0	64.96	387	424
UniRef90_T1PCM6	65.45	387	419
UniRef90_A0A0B4XNT8	66.13	387	388
UniRef90_UPI00037243BD	67.02	387	388
UniRef90_I8TC79	67.73	387	387
UniRef90_A0A088AHV5	65.63	387	400
UniRef90_K2L4Y7	66.76	387	388
UniRef90_J3C5I0	65.88	387	387
UniRef90_K0CDQ0	66.93	387	387
UniRef90_H5T9D4	66.49	387	390
UniRef90_A0A0C3ED60	65.69	387	389
UniRef90_A0A095UKJ7	67.20	387	387
UniRef90_B8KXY6	66.40	387	389
UniRef90_A0A0F2R860	66.67	387	387
UniRef90_A0A098RH98	66.05	387	389
UniRef90_J9K930	65.37	387	417
UniRef90_UPI0005295761	86.97	387	284
UniRef90_C7LF77	68.62	387	382
UniRef90_A0A081KEX7	66.40	387	389
UniRef90_A0A0F9VF22	66.22	387	387
UniRef90_UPI000374EA4B	65.96	387	389
UniRef90_A0Z4R3	67.11	387	389
UniRef90_A0A095XTC2	66.67	387	389
UniRef90_A0A0C3QNM5	63.19	387	416
UniRef90_K3ZDL5	64.21	387	431
UniRef90_UPI0005AA8017	66.49	387	391
UniRef90_A7N2M9	64.89	387	389
UniRef90_A7HWV5	66.23	387	390
UniRef90_E2B6V4	63.31	387	422
UniRef90_B3S1J6	63.99	387	418
UniRef90_B8K6R6	67.29	387	389
UniRef90_A0A0K2DFM6	65.87	387	390
UniRef90_Q1EHY8	65.96	387	390
UniRef90_UPI0003785870	67.73	387	389
UniRef90_UPI0003652A2E	65.60	387	386
UniRef90_E2AHW1	63.57	387	423
UniRef90_Q39QH2	65.33	387	390
UniRef90_Q9FS88	66.13	387	412
UniRef90_A0A0N0E8R5	65.62	387	387
UniRef90_K2IXC0	65.96	387	391
UniRef90_B4MXU5	65.12	387	423
UniRef90_A0A086D1A3	65.16	387	389
UniRef90_A0A063Y515	67.29	387	388
UniRef90_Q485C0	65.60	387	389
UniRef90_UPI0003B4E72B	65.87	387	387
UniRef90_M2VZC8	66.23	387	416
UniRef90_A0YEY5	65.87	387	389
UniRef90_Q2SFB1	66.49	387	389
UniRef90_A0A093GNI9	91.08	387	272
UniRef90_UPI00041E8961	65.69	387	389
UniRef90_UPI00040C3A45	65.16	387	389
UniRef90_A3UJS3	66.05	387	390
UniRef90_F3LCU2	66.13	387	389
UniRef90_UPI00049470AC	66.30	387	390
UniRef90_A0A081FY04	65.43	387	388
UniRef90_G6D8B1	65.15	387	413
UniRef90_UPI0006514E43	66.22	387	389
UniRef90_A0A0L0BYS5	65.03	387	422
UniRef90_UPI000440880E	63.78	387	415
UniRef90_Q20YJ9	67.20	387	390
UniRef90_Q1QI30	66.13	387	391
UniRef90_F7RVD7	67.82	387	390
UniRef90_E9J5Z0	66.94	387	376
UniRef90_A0A0F4NP99	65.61	387	389
UniRef90_A0A099MJN3	64.83	387	389
UniRef90_UPI00042A3438	66.13	387	387
UniRef90_Q1MXN3	65.43	387	389
UniRef90_A0A0H2MFQ3	65.60	387	391
UniRef90_UPI0003FF043B	68.09	387	387
UniRef90_A0A0E0DLE4	63.80	387	429
UniRef90_UPI0005BBCC58	67.47	387	385
UniRef90_A7IN99	66.13	387	390
UniRef90_E8M594	66.76	387	389
UniRef90_UPI0004848251	65.43	387	388
UniRef90_A0A0M3JV73	68.28	387	382
UniRef90_A3Y9Q1	64.89	387	388
UniRef90_UPI00052F3B1B	66.32	387	407
UniRef90_UPI0004863293	66.40	387	387
UniRef90_UPI0003FAEBA7	67.57	387	392
UniRef90_I7HW62	65.07	387	386
UniRef90_UPI0004E1C8F2	64.89	387	389
UniRef90_D2UXG9	63.76	387	404
UniRef90_W4KKB3	62.92	387	430
UniRef90_B4X0S8	65.33	387	387
UniRef90_H2IM65	64.36	387	389
UniRef90_F3KYX7	65.43	387	388
UniRef90_A0A094NXW3	64.89	387	389
UniRef90_Q3SN73	66.67	387	407
UniRef90_A7K394	64.10	387	389
UniRef90_Q0VQ60	65.07	387	387
UniRef90_A9DC30	65.62	387	403
UniRef90_A0A0H2NCF2	65.43	387	389
UniRef90_W2UEI0	65.96	387	388
UniRef90_Q8EFR9	65.16	387	389
UniRef90_UPI00040275BD	65.87	387	389
UniRef90_Q5QW28	67.02	387	389
UniRef90_A0A0J8V638	64.89	387	389
UniRef90_UPI000481DE0E	65.16	387	388
UniRef90_UPI0003B6B8FE	65.16	387	389
UniRef90_A0A0A7JT98	64.53	387	387
UniRef90_UPI00053C5CA5	68.27	387	407
UniRef90_Q24C12	64.55	387	408
UniRef90_UPI00041376AB	66.13	387	390
UniRef90_Q6N9D5	65.87	387	390
UniRef90_D7SKV8	67.47	387	404
UniRef90_UPI00034AF859	64.63	387	388
UniRef90_W1NXB9	66.13	387	410
UniRef90_S6GH15	64.30	387	388
UniRef90_A0A021XDZ6	68.09	387	387
UniRef90_S6HV06	65.43	387	389
UniRef90_E4XB03	64.16	387	411
UniRef90_UPI0005099213	65.96	387	387
UniRef90_A0A067NZP8	62.66	387	427
UniRef90_A0A0N1BSI5	65.43	387	390
UniRef90_UPI00047A72D0	66.67	387	390
UniRef90_A0A022RG55	67.47	387	410
UniRef90_A0A084UCB8	65.43	387	386
UniRef90_M5WB43	66.31	387	408
UniRef90_S7QDN2	61.68	387	417
UniRef90_UPI0004070945	65.96	387	389
UniRef90_J4G0W7	63.52	387	424
UniRef90_F4PS82	66.67	387	848
UniRef90_F8Q7U5	62.47	387	417
UniRef90_Q9FS87	66.13	387	412
UniRef90_UPI000623220B	66.06	387	422
UniRef90_UPI00048D5045	64.53	387	387
UniRef90_A0A061QDA4	66.22	387	389
UniRef90_Q6LI94	64.53	387	389
UniRef90_A0A059D651	68.29	387	409
UniRef90_A9TJ89	65.96	387	388
UniRef90_A0A0F5VBB8	64.89	387	389
UniRef90_UPI000485E526	64.53	387	390
UniRef90_UPI0005901AE7	64.53	387	387
UniRef90_A0A0J7KM86	63.54	387	404
UniRef90_UPI00037B8028	66.30	387	387
UniRef90_E3BMF5	65.43	387	389
UniRef90_UPI0002DAA962	64.63	387	389
UniRef90_A0A0A1PYF5	64.00	387	390
UniRef90_V6EWQ9	66.93	387	387
UniRef90_T1HFQ6	63.21	387	420
UniRef90_H3NUM7	66.03	387	372
UniRef90_UPI0004416C2E	61.36	387	416
UniRef90_UPI00035D2D25	65.87	387	387
UniRef90_UPI00048A6EDE	65.60	387	386
UniRef90_A0A0A8UM87	64.80	387	386
UniRef90_L8JBM1	64.63	387	389
UniRef90_M5G4H2	62.92	387	416
UniRef90_UPI0003FF753E	64.89	387	389
UniRef90_A5EQW4	66.93	387	390
UniRef90_G8PXS5	65.60	387	387
UniRef90_A0A089WRT8	64.53	387	387
UniRef90_A0A090RPS9	65.43	387	389
UniRef90_I9WRR3	65.96	387	389
UniRef90_W4Z352	66.93	387	537
UniRef90_A6B1P6	64.89	387	389
UniRef90_UPI000364D873	65.16	387	388
UniRef90_I7ADB2	64.80	387	387
UniRef90_A0A0J1H0S5	64.63	387	390
UniRef90_A4BVP8	64.27	387	387
UniRef90_D2U865	65.33	387	387
UniRef90_UPI0003FADB5D	65.16	387	389
UniRef90_UPI000255802B	64.10	387	388
UniRef90_E1VQB6	63.56	387	389
UniRef90_I4YKP6	65.70	387	390
UniRef90_G0AFK1	63.54	387	394
UniRef90_G7DW86	60.94	387	414
UniRef90_Q0ANV6	64.00	387	390
UniRef90_A0A0C3DWW6	61.36	387	417
UniRef90_H0SSR7	66.40	387	390
UniRef90_H8W917	63.30	387	388
UniRef90_A0A0K1WLH3	63.73	387	387
UniRef90_A0A078LNA9	64.53	387	386
UniRef90_B9HQB4	66.67	387	420
UniRef90_D8T815	65.79	387	416
UniRef90_A0A061GUH0	66.67	387	409
UniRef90_UPI0006CFC210	66.40	387	387
UniRef90_A0A067QES7	61.10	387	421
UniRef90_UPI0003F63EBE	64.10	387	388
UniRef90_A0A0D0E7Y8	62.73	387	421
UniRef90_D3HRA4	64.95	387	386
UniRef90_B8PCS4	62.40	387	424
UniRef90_K2A0C1	64.95	387	387
UniRef90_M2TDH3	65.49	387	390
UniRef90_K2B4B0	63.83	387	386
UniRef90_A0A0E0KY35	67.22	387	455
UniRef90_L8MF84	64.80	387	387
UniRef90_A0A080LT90	65.42	387	387
UniRef90_A8NEH1	60.40	387	438
UniRef90_G2IWI8	65.09	387	389
UniRef90_UPI0006C7BAB7	66.40	387	390
UniRef90_A0A024HHC4	63.56	387	387
UniRef90_A0A0C9ZXV1	62.20	387	421
UniRef90_A0A0F3IS26	65.79	387	389
UniRef90_A0A0J1H852	66.49	387	389
UniRef90_A0A0H5BK44	66.49	387	390
UniRef90_UPI0004058F6B	66.67	387	390
UniRef90_A0A0K6IU23	65.44	387	390
UniRef90_N9TWL8	66.48	387	378
UniRef90_Q7MDJ0	64.36	387	400
UniRef90_A0A0H2SQ75	61.72	387	419
UniRef90_A0A0C3PW41	61.68	387	419
UniRef90_A0A060SME5	62.20	387	426
UniRef90_S8E1H6	61.10	387	425
UniRef90_A0A0C6EUY8	65.79	387	390
UniRef90_C9QFR5	64.89	387	389
UniRef90_Q2RSZ7	64.38	387	387
UniRef90_G7JQF7	65.87	387	417
UniRef90_K5VUY1	60.82	387	421
UniRef90_Q9SWG0	67.56	387	409
UniRef90_A0A0G3EVA0	63.64	387	393
UniRef90_Q1YN34	65.87	387	382
UniRef90_B9Z4P2	64.57	387	389
UniRef90_V8G2Z7	65.00	387	392
UniRef90_UPI00063CBB99	64.36	387	389
UniRef90_UPI00056C2DD2	64.53	387	390
UniRef90_A0A081BEC0	68.00	387	389
UniRef90_A0A098GCT1	64.00	387	386
UniRef90_H6SMT9	64.21	387	388
UniRef90_W8I4U3	67.20	387	387
UniRef90_V4RTB4	65.78	387	410
UniRef90_UPI0003A0F3F8	66.03	387	387
UniRef90_A0A0M0HRF7	64.10	387	389
UniRef90_W0DZX5	65.60	387	388
UniRef90_Q88FM5	65.07	387	424
UniRef90_J7QML1	64.50	387	389
UniRef90_J3C077	65.10	387	394
UniRef90_E3I023	63.56	387	387
UniRef90_A0A011U0W3	65.43	387	387
UniRef90_UPI00037B72EF	64.36	387	388
UniRef90_A0A0C5WSB8	63.56	387	389
UniRef90_U3BJH0	64.63	387	389
UniRef90_M0T5C9	66.13	387	409
UniRef90_A0A078MHL7	62.93	387	387
UniRef90_UPI0003732EC5	62.86	387	393
UniRef90_V4RG00	63.83	387	388
UniRef90_E3L433	61.94	387	444
UniRef90_A7JYA6	66.58	387	389
UniRef90_D5RIV5	64.74	387	408
UniRef90_A0A0H3SC09	63.16	387	393
UniRef90_UPI000570BF72	64.10	387	389
UniRef90_A8I9U5	66.13	387	390
UniRef90_A4B8U1	65.69	387	385
UniRef90_UPI000473A2B2	63.28	387	394
UniRef90_A0A0B7G1G5	61.98	387	413
UniRef90_A4A6B8	64.10	387	389
UniRef90_UPI0003459B0C	65.35	387	389
UniRef90_UPI0005ED38B7	65.78	387	408
UniRef90_M2PP19	61.62	387	425
UniRef90_G9AHC3	66.84	387	387
UniRef90_V2X4U9	62.66	387	423
UniRef90_B6IQV5	63.03	387	390
UniRef90_UPI00065E2575	65.16	387	387
UniRef90_UPI0005C241CB	65.76	387	387
UniRef90_K6Z8S9	64.63	387	389
UniRef90_B0RM12	64.27	387	387
UniRef90_A0A0A0CZN4	65.07	387	390
UniRef90_A6D639	62.77	387	389
UniRef90_UPI000307673A	63.83	387	392
UniRef90_A0A0G4J485	63.73	387	417
UniRef90_W8KMF1	64.53	387	388
UniRef90_W0PBK7	64.74	387	392
UniRef90_A0A096BEW5	63.95	387	392
UniRef90_A0KK07	63.27	387	382
UniRef90_D6CMU9	62.50	387	392
UniRef90_UPI000366BC2C	66.67	387	387
UniRef90_Q1ZW88	62.93	387	386
UniRef90_M7XGJ1	62.60	387	436
UniRef90_UPI00056C9365	63.30	387	387
UniRef90_A0A0D2MT03	59.53	387	430
UniRef90_UPI0004409D19	61.36	387	425
UniRef90_UPI00036914A4	65.79	387	390
UniRef90_C1DL57	63.68	387	393
UniRef90_UPI0002EA97DB	63.78	387	390
UniRef90_A0A077AVS4	65.70	387	384
UniRef90_UPI0004024CDD	61.82	387	393
UniRef90_A0A011MF25	64.08	387	387
UniRef90_H2FUX6	64.27	387	387
UniRef90_A0A069PDT0	62.60	387	393
UniRef90_UPI0002D538C8	65.16	387	387
UniRef90_UPI0003A7AA95	62.93	387	390
UniRef90_G7UV14	63.56	387	387
UniRef90_M0YJU4	70.27	387	337
UniRef90_H0A127	66.76	387	386
UniRef90_A0A0L0VL32	60.10	387	425
UniRef90_A0A0F7JSD6	65.44	387	387
UniRef90_A0A066WPS4	59.27	387	420
UniRef90_E8LZZ7	65.43	387	389
UniRef90_V4T8X7	64.10	387	390
UniRef90_A0A0M8ZNW3	61.76	387	403
UniRef90_UPI0003B2FF7C	63.97	387	388
UniRef90_F0M0J2	65.96	387	389
UniRef90_UPI000426A385	64.40	387	387
UniRef90_K5X452	61.15	387	413
UniRef90_A0A011NZC0	64.08	387	387
UniRef90_A0A0K0DMM6	66.67	387	342
UniRef90_UPI00047C17C2	64.80	387	385
UniRef90_A5G0K4	66.40	387	390
UniRef90_A0A067TH81	59.84	387	425
UniRef90_K2NSE6	64.57	387	387
UniRef90_A0A089YL75	62.11	387	393
UniRef90_UPI000414FF38	63.20	387	390
UniRef90_R4XMT3	62.60	387	392
UniRef90_A8TZF4	62.13	387	390
UniRef90_A0A0B1PZ60	65.16	387	387
UniRef90_UPI00048923D9	64.80	387	386
UniRef90_G1SW97	95.61	387	651
UniRef90_F6VHN6	84.46	387	429
UniRef90_P26440	100.00	387	423
UniRef90_UPI00046E949B	67.54	387	390
UniRef90_K2IXC0	64.92	387	391
UniRef90_D2SNL6	71.06	387	416
UniRef90_B5UB85	71.58	387	416
UniRef90_P12007	91.73	387	424
UniRef90_E1V3Y6	65.97	387	389
UniRef90_UPI0003C8330E	94.83	387	448
UniRef90_F1SSR4	92.76	387	426
UniRef90_UPI0004446298	93.54	387	425
UniRef90_UPI0004009558	65.97	387	390
UniRef90_I3TNS9	66.49	387	389
UniRef90_UPI0006514E43	65.18	387	389
UniRef90_C5JAR7	69.11	387	390
UniRef90_F1NF35	89.64	387	424
UniRef90_F6VDN3	86.56	387	422
UniRef90_S2KBQ9	69.69	387	413
UniRef90_UPI00040C0031	66.49	387	389
UniRef90_A0A0K2DFM6	64.58	387	390
UniRef90_UPI0004810EA4	67.02	387	389
UniRef90_A0A077WUG3	71.43	387	413
UniRef90_A0A086D1A3	64.14	387	389
UniRef90_U7NLH2	66.75	387	389
UniRef90_F4NZM5	69.71	387	418
UniRef90_K9H3V1	65.71	387	390
UniRef90_UPI0002FE0156	65.97	387	389
UniRef90_A0A0D6PAR1	64.40	387	392
UniRef90_UPI000377E761	65.71	387	387
UniRef90_E0W349	70.69	387	423
UniRef90_H3BDT7	82.90	387	444
UniRef90_W5QG64	93.30	387	429
UniRef90_I1DTL7	66.49	387	389
UniRef90_UPI00048AE146	67.02	387	390
UniRef90_J3C5I0	65.71	387	387
UniRef90_Q6N9D5	65.00	387	390
UniRef90_D3NZC5	67.28	387	390
UniRef90_A0A0F4NQL1	67.02	387	391
UniRef90_A0A081NME1	65.45	387	387
UniRef90_UPI00041376AB	65.26	387	390
UniRef90_A3UJS3	65.26	387	390
UniRef90_UPI0006B0768E	67.18	387	428
UniRef90_I2JL82	66.75	387	389
UniRef90_G3P1X6	78.50	387	425
UniRef90_H9GKK3	84.97	387	433
UniRef90_A0A0N0E8R5	65.45	387	387
UniRef90_B6R9B6	65.45	387	387
UniRef90_T2LF46	66.49	387	389
UniRef90_V9KJ36	82.64	387	426
UniRef90_A0A0D8CW69	66.23	387	389
UniRef90_A0A0N1ICI2	72.35	387	415
UniRef90_A0A0B4Y2Y8	65.71	387	382
UniRef90_Q20YJ9	66.14	387	390
UniRef90_H2U8G6	78.50	387	417
UniRef90_G7EWV4	66.75	387	391
UniRef90_UPI0005355AB5	88.98	387	426
UniRef90_W5KWD4	79.53	387	428
UniRef90_UPI00041C0D3C	66.49	387	388
UniRef90_W5NBZ4	82.64	387	450
UniRef90_Q39QH2	64.14	387	390
UniRef90_I1CQE2	68.31	387	410
UniRef90_K7IUR0	68.99	387	423
UniRef90_N6VUR9	65.18	387	389
UniRef90_A0A094NXW3	63.87	387	389
UniRef90_C1C1U2	67.18	387	458
UniRef90_E7FGP9	78.76	387	425
UniRef90_UPI00046C0D97	69.77	387	417
UniRef90_UPI000572B271	85.78	387	461
UniRef90_Q2SFB1	65.45	387	389
UniRef90_UPI000485E526	63.35	387	390
UniRef90_A0A0A1PYF5	62.99	387	390
UniRef90_UPI00062B85DF	88.20	387	430
UniRef90_K2JKD1	65.71	387	389
UniRef90_UPI0004804EA1	67.54	387	389
UniRef90_A0A058ZDS7	70.57	387	423
UniRef90_A7IN99	65.26	387	390
UniRef90_UPI0005D05154	69.51	387	415
UniRef90_UPI0003713673	65.71	387	387
UniRef90_B0X633	68.48	387	423
UniRef90_UPI0003F973C1	65.71	387	389
UniRef90_UPI0005C225E2	66.84	387	392
UniRef90_UPI00049783DF	77.98	387	417
UniRef90_Q2W9J4	67.54	387	389
UniRef90_UPI0006D5295C	71.06	387	419
UniRef90_U5EUB2	71.58	387	415
UniRef90_UPI0005CEF514	67.70	387	428
UniRef90_A0A0B4XNT8	64.92	387	388
UniRef90_A0A0F9VF22	65.18	387	387
UniRef90_A0A098RH98	65.18	387	389
UniRef90_UPI000374EA4B	65.09	387	389
UniRef90_H0ZAC7	88.20	387	376
UniRef90_A7SWC2	71.83	387	422
UniRef90_UPI000363F1F1	65.18	387	389
UniRef90_A0A081KEX7	65.18	387	389
UniRef90_I8TC79	66.49	387	387
UniRef90_UPI00042BA42F	87.70	387	426
UniRef90_K0CDQ0	65.71	387	387
UniRef90_UPI00052270BB	86.95	387	573
UniRef90_UPI000366946F	65.18	387	389
UniRef90_A0A0F2R860	65.79	387	387
UniRef90_C3Z5C3	72.87	387	1110
UniRef90_U6NUT5	69.77	387	412
UniRef90_D3PGR5	67.44	387	418
UniRef90_A0A0C9M4K9	69.69	387	1320
UniRef90_F9T105	67.28	387	389
UniRef90_UPI0004CD03EC	68.99	387	422
UniRef90_U9TUD2	69.53	387	388
UniRef90_A0A0H2MFQ3	64.40	387	391
UniRef90_Q88FM5	63.87	387	424
UniRef90_E9GS77	70.80	387	394
UniRef90_UPI0006443F74	79.27	387	414
UniRef90_UPI00034F9259	87.89	387	452
UniRef90_Q1QI30	65.09	387	391
UniRef90_Q75IM9	65.79	387	409
UniRef90_I3KW23	78.76	387	422
UniRef90_UPI00035D2D25	64.66	387	387
UniRef90_UPI0006C9665E	66.93	387	429
UniRef90_H2ML13	76.41	387	421
UniRef90_A0A0F7QNG9	62.57	387	387
UniRef90_U3C4L7	66.49	387	389
UniRef90_W5U7W8	79.79	387	416
UniRef90_F2U1A3	70.57	387	429
UniRef90_B4X0S8	64.14	387	387
UniRef90_A7N2M9	63.87	387	389
UniRef90_Q0VQ60	63.87	387	387
UniRef90_I7HW62	64.21	387	386
UniRef90_UPI000366FE6F	62.30	387	390
UniRef90_A0A084WMZ7	67.44	387	427
UniRef90_F3KYX7	64.40	387	388
UniRef90_A0A0A0SWY7	66.23	387	389
UniRef90_B8KXY6	66.23	387	389
UniRef90_W9H0K8	62.04	387	390
UniRef90_A7HWV5	65.18	387	390
UniRef90_V8NTJ2	82.05	387	427
UniRef90_Q54W88	66.15	387	415
UniRef90_C7LF77	67.54	387	382
UniRef90_UPI0003A7AA95	61.78	387	390
UniRef90_Q1EHY8	64.92	387	390
UniRef90_K3ZDL5	63.41	387	431
UniRef90_UPI000614D871	67.36	387	506
UniRef90_Q7QIC5	66.41	387	429
UniRef90_H2XK60	70.91	387	414
UniRef90_A0A095UKJ7	65.97	387	387
UniRef90_M4VWQ9	67.80	387	393
UniRef90_A0A0H2NCF2	64.40	387	389
UniRef90_A0A0F4NP99	64.66	387	389
UniRef90_A0A098GCT1	63.16	387	386
UniRef90_M4AFV5	77.72	387	417
UniRef90_A0A010QSJ2	64.40	387	389
UniRef90_W2UEI0	65.45	387	388
UniRef90_B6IQV5	62.04	387	390
UniRef90_A0A085F7N3	64.83	387	390
UniRef90_UPI00042A3438	64.92	387	387
UniRef90_V4RG00	62.83	387	388
UniRef90_C5YZ44	67.11	387	410
UniRef90_A0YEY5	64.66	387	389
UniRef90_UPI0005BBCC58	66.23	387	385
UniRef90_A9V0R1	72.85	387	417
UniRef90_A0A0G3EVA0	63.31	387	393
UniRef90_UPI00037243BD	65.97	387	388
UniRef90_L8MF84	63.61	387	387
UniRef90_M2TDH3	63.35	387	390
UniRef90_A0A0N1BSI5	64.40	387	390
UniRef90_Q6LI94	63.35	387	389
UniRef90_UPI00048D5045	63.68	387	387
UniRef90_A8TZF4	60.99	387	390
UniRef90_A0A089WRT8	63.35	387	387
UniRef90_UPI000644DFED	65.03	387	416
UniRef90_UPI0004E1C8F2	64.04	387	389
UniRef90_A0A087SWH9	68.22	387	421
UniRef90_UPI000497559C	77.98	387	417
UniRef90_G1PD46	92.63	387	424
UniRef90_E1VQB6	62.57	387	389
UniRef90_A0A081FY04	64.74	387	388
UniRef90_D3BJP0	64.14	387	424
UniRef90_UPI000414FF38	62.04	387	390
UniRef90_F3LCU2	64.92	387	389
UniRef90_UPI0004863293	65.18	387	387
UniRef90_UPI00056C2DD2	63.35	387	390
UniRef90_A0A067R9Z1	69.25	387	422
UniRef90_UPI00040275BD	64.83	387	389
UniRef90_A0A0F5VBB8	63.87	387	389
UniRef90_A0A0F3IS26	65.45	387	389
UniRef90_A0A094JAE7	67.80	387	389
UniRef90_L9JCT8	92.31	387	616
UniRef90_A0A0A7JT98	63.35	387	387
UniRef90_G8PXS5	64.40	387	387
UniRef90_UPI0005C37C69	72.54	387	450
UniRef90_A0A0E0DLE4	63.00	387	429
UniRef90_B7P6T5	66.15	387	429
UniRef90_H6SMT9	63.87	387	388
UniRef90_UPI00037B8028	64.14	387	387
UniRef90_A0A024HHC4	62.57	387	387
UniRef90_UPI0002557ADC	62.30	387	389
UniRef90_Q8EFR9	64.14	387	389
UniRef90_UPI000307673A	62.83	387	392
UniRef90_UPI00049470AC	64.14	387	390
UniRef90_A0A011U0W3	64.40	387	387
UniRef90_C9QFR5	63.87	387	389
UniRef90_F1L7A1	69.25	387	415
UniRef90_UPI00056C9365	62.30	387	387
UniRef90_K6Z4Z3	64.92	387	389
UniRef90_A7K394	63.09	387	389
UniRef90_A0A0C5WSB8	62.30	387	389
UniRef90_A0A099MJN3	64.66	387	389
UniRef90_L8HD26	67.68	387	443
UniRef90_A0A084UCB8	64.91	387	386
UniRef90_K2NSE6	64.40	387	387
UniRef90_UPI0005AA8017	65.45	387	391
UniRef90_Q1MXN3	64.40	387	389
UniRef90_UPI0003652A2E	64.74	387	386
UniRef90_K2L4Y7	65.45	387	388
UniRef90_I7ADB2	63.61	387	387
UniRef90_A5EQW4	66.05	387	390
UniRef90_A0A0C3ED60	64.66	387	389
UniRef90_UPI0003B6B8FE	64.14	387	389
UniRef90_A0A0K1WLH3	62.57	387	387
UniRef90_V8G2Z7	63.82	387	392
UniRef90_A0Z4R3	66.40	387	389
UniRef90_UPI0003A0F3F8	64.12	387	387
UniRef90_UPI0004576252	82.57	387	458
UniRef90_R7UHR6	68.99	387	428
UniRef90_UPI00045D922F	88.37	387	423
UniRef90_UPI0004724C15	65.71	387	389
UniRef90_B8K6R6	66.23	387	389
UniRef90_F2IV03	62.89	387	390
UniRef90_A0A0A8UM87	63.95	387	386
UniRef90_UPI00041E8961	64.66	387	389
UniRef90_B5X2G6	79.02	387	414
UniRef90_UPI00048A6EDE	64.74	387	386
UniRef90_UPI0005B838EF	62.20	387	392
UniRef90_UPI00047A72D0	65.96	387	390
UniRef90_E3BMF5	64.14	387	389
UniRef90_H8FS88	62.30	387	390
UniRef90_UPI0005901AE7	63.35	387	387
UniRef90_C7RB38	63.09	387	386
UniRef90_A0A0L0RZT1	68.24	387	414
UniRef90_UPI0002D538C8	64.14	387	387
UniRef90_K7G009	87.94	387	421
UniRef90_Q3SN73	65.62	387	407
UniRef90_UPI0006C7BAB7	65.35	387	390
UniRef90_A0A0L0IUA5	63.95	387	390
UniRef90_UPI00036F4850	67.02	387	389
UniRef90_A0A0K6IU23	64.42	387	390
UniRef90_UPI0006CEE8AC	68.48	387	420
UniRef90_Q7MDJ0	63.35	387	400
UniRef90_H8W917	62.63	387	388
UniRef90_E1SU56	66.49	387	387
UniRef90_A6B1P6	63.87	387	389
UniRef90_H0SSR7	65.35	387	390
UniRef90_I9WRR3	64.92	387	389
UniRef90_UPI0005F4B181	65.37	387	419
UniRef90_G7UV14	62.57	387	387
UniRef90_A8I9U5	65.44	387	390
UniRef90_UPI000625C0EB	65.63	387	420
UniRef90_A0A0C6EUY8	65.26	387	390
UniRef90_UPI0003B4E72B	65.00	387	387
UniRef90_UPI00048923D9	63.95	387	386
UniRef90_W0PBK7	63.57	387	392
UniRef90_UPI0003785870	66.84	387	389
UniRef90_UPI00035949FF	68.39	387	422
UniRef90_I1F743	67.96	387	424
UniRef90_G3MR40	64.34	387	427
UniRef90_UPI0002DAA962	63.61	387	389
UniRef90_Q5QW28	65.97	387	389
UniRef90_UPI0005D31D45	66.15	387	419
UniRef90_F4GMU6	63.05	387	392
UniRef90_A0A068UFV0	66.32	387	405
UniRef90_UPI0003FF043B	67.02	387	387
UniRef90_H2IM65	63.35	387	389
UniRef90_UPI0003FAEBA7	65.71	387	392
UniRef90_B4LEK2	66.67	387	424
UniRef90_A9DC30	65.45	387	403
UniRef90_G0AFK1	62.63	387	394
UniRef90_L8JBM1	63.61	387	389
UniRef90_D2U865	64.14	387	387
UniRef90_D3HRA4	63.16	387	386
UniRef90_B4R928	61.48	387	388
UniRef90_UPI000416CF21	60.73	387	387
UniRef90_A4BVP8	63.09	387	387
UniRef90_R4XMT3	62.02	387	392
UniRef90_A0A0M4EK03	66.93	387	422
UniRef90_H5T9D4	65.45	387	390
UniRef90_V4A7E5	70.10	387	422
UniRef90_F4QKV7	61.26	387	382
UniRef90_Q1YN34	64.66	387	382
UniRef90_A0A0K0F7C1	68.22	387	414
UniRef90_UPI000481DE0E	64.47	387	388
UniRef90_W2TPS6	65.69	387	465
UniRef90_H0J734	61.78	387	387
UniRef90_Q0ANV6	62.83	387	390
UniRef90_K2A0C1	62.83	387	387
UniRef90_A0A060SME5	61.40	387	426
UniRef90_A0A0N4ZG80	69.25	387	414
UniRef90_A0A0C3QNM5	62.69	387	416
UniRef90_UPI000473A2B2	62.63	387	394
UniRef90_UPI0006151793	60.00	387	391
UniRef90_I4YKP6	65.35	387	390
UniRef90_UPI000364D873	64.47	387	388
UniRef90_UPI00065E2575	64.14	387	387
UniRef90_UPI0006C94FCD	65.71	387	431
UniRef90_A0A0J1H0S5	63.61	387	390
UniRef90_A0A021XDZ6	67.02	387	387
UniRef90_Q2RSZ7	63.61	387	387
UniRef90_W8KMF1	63.35	387	388
UniRef90_A0A0D8XDD9	65.20	387	433
UniRef90_M5WB43	65.79	387	408
UniRef90_Q9FS88	65.44	387	412
UniRef90_J0B703	62.27	387	392
UniRef90_A0A067MFD0	63.47	387	421
UniRef90_UPI0003FF753E	63.87	387	389
UniRef90_A0A0J1H852	65.45	387	389
UniRef90_R4V138	68.22	387	424
UniRef90_UPI0003FADB5D	63.90	387	389
UniRef90_UPI00047C17C2	63.95	387	385
UniRef90_A0A0C2C6H4	62.02	387	393
UniRef90_UPI0005C241CB	63.95	387	387
UniRef90_UPI00052F3B1B	66.32	387	407
UniRef90_F4PS82	65.79	387	848
UniRef90_A0A0B5FCU5	61.04	387	393
UniRef90_S7QDN2	60.88	387	417
UniRef90_UPI00037E3004	63.09	387	390
UniRef90_A9TJ89	65.09	387	388
UniRef90_A0A078LNA9	63.35	387	386
UniRef90_U3BJH0	63.61	387	389
UniRef90_A0A096BEW5	62.79	387	392
UniRef90_A0A069PDT0	62.27	387	393
UniRef90_UPI000426A385	63.87	387	387
UniRef90_A0A0C3P356	60.42	387	419
UniRef90_UPI0006963C3E	66.93	387	430
UniRef90_F7RVD7	66.58	387	390
UniRef90_G2IWI8	64.92	387	389
UniRef90_T2MGY8	67.44	387	501
UniRef90_UPI0006CE97A7	62.34	387	390
UniRef90_UPI00063CBB99	63.35	387	389
UniRef90_G7JQF7	65.00	387	417
UniRef90_A6D639	61.78	387	389
UniRef90_B9Z4P2	64.40	387	389
UniRef90_H3DVW8	65.85	387	447
UniRef90_A0A022RG55	66.58	387	410
UniRef90_A0A067NZP8	61.92	387	427
UniRef90_UPI0003F63EBE	63.59	387	388
UniRef90_V6EWQ9	65.71	387	387
UniRef90_A0A0J8V638	63.87	387	389
UniRef90_UPI0003B2FF7C	63.64	387	388
UniRef90_Q9FS87	65.26	387	412
UniRef90_Q485C0	64.40	387	389
UniRef90_D7SKV8	66.58	387	404
UniRef90_A0A0A9WS65	66.93	387	419
UniRef90_W6M6M6	62.04	387	390
UniRef90_G0ESQ3	62.53	387	393
UniRef90_X4Z3Z3	61.76	387	392
UniRef90_A0A0H2SQ75	61.40	387	419
UniRef90_B0RM12	63.59	387	387
UniRef90_A0A061GUH0	65.79	387	409
UniRef90_D2UXG9	62.92	387	404
UniRef90_A0A080LT90	64.64	387	387
UniRef90_B3S1J5	68.48	387	424
UniRef90_B4K041	65.63	387	424
UniRef90_W1NXB9	65.26	387	410
UniRef90_B4MXU5	65.12	387	423
UniRef90_Q9VSL9	66.15	387	420
UniRef90_UPI0004409D19	61.20	387	425
UniRef90_A0A0A0CZN4	64.89	387	390
UniRef90_A4B8U1	64.66	387	385
UniRef90_UPI0003B3A41C	67.80	387	387
UniRef90_UPI00053C5CA5	67.37	387	407
UniRef90_A0A0L8HE60	69.17	387	422
UniRef90_W0DZX5	64.40	387	388
UniRef90_T1PCM6	65.12	387	419
UniRef90_D6CMU9	62.34	387	392
UniRef90_UPI0002EA97DB	63.61	387	390
UniRef90_A0A090RPS9	64.40	387	389
UniRef90_UPI0005099213	65.26	387	387
UniRef90_A0A095XTC2	66.05	387	389
UniRef90_A0A0G7ZRF6	61.76	387	393
UniRef90_A0KK07	62.53	387	382
UniRef90_UPI00036914A4	65.45	387	390
UniRef90_UPI0004410A77	59.59	387	425
UniRef90_UPI0004416C2E	60.88	387	416
UniRef90_S8E1H6	60.62	387	425
UniRef90_H5WSS9	62.34	387	390
UniRef90_UPI0004848251	64.91	387	388
UniRef90_B8PCS4	62.24	387	424
UniRef90_UPI0006F60CBF	60.00	387	391
UniRef90_A0A0B7AWP4	68.13	387	422
UniRef90_A6GLN0	60.47	387	393
UniRef90_UPI00034AF859	63.95	387	388
UniRef90_G5EEH6	67.44	387	419
UniRef90_A0A0B2VL92	68.98	387	463
UniRef90_UPI00026588C0	64.08	387	418
UniRef90_A0A059D651	66.32	387	409
UniRef90_G9AHC3	66.49	387	387
UniRef90_E3I023	62.89	387	387
UniRef90_UPI000255802B	63.42	387	388
UniRef90_A0A0F7JSD6	64.40	387	387
UniRef90_UPI000570BF72	62.83	387	389
UniRef90_A0A0B1PZ60	64.14	387	387
UniRef90_A0A059KPJ0	62.08	387	390
UniRef90_A1KA42	61.30	387	390
UniRef90_A3Y9Q1	64.21	387	388
UniRef90_J4G0W7	62.44	387	424
UniRef90_C1DL57	62.86	387	393
UniRef90_E3L433	61.46	387	444
UniRef90_A0A026WU13	66.15	387	422
UniRef90_J7QML1	62.57	387	389
UniRef90_T1J989	65.37	387	428
UniRef90_H2EPJ8	61.54	387	375
UniRef90_UPI00037B72EF	63.68	387	388
UniRef90_A0A061QDA4	64.66	387	389
UniRef90_S6HV06	64.74	387	389
UniRef90_A0A0C3DWW6	60.62	387	417
UniRef90_B1Y2P4	60.26	387	390
UniRef90_UPI0005ACE4CD	65.12	387	425
UniRef90_W0SBT1	60.78	387	388
UniRef90_K5VUY1	60.62	387	421
UniRef90_D3TLC7	66.15	387	423
UniRef90_Q47JX2	61.82	387	390
UniRef90_UPI000366BC2C	65.45	387	387
UniRef90_B9HQB4	65.79	387	420
UniRef90_UPI00040D7AC3	61.82	387	391
UniRef90_M0T5C9	65.26	387	409
UniRef90_A0A0L0BYS5	64.34	387	422
UniRef90_M2VZC8	65.80	387	416
UniRef90_S6GH15	64.14	387	388
UniRef90_UPI0004058F6B	65.62	387	390
UniRef90_A0A0H3SC09	62.34	387	393
UniRef90_A0A0J1GQ95	61.78	387	389
UniRef90_UPI0006C76FFB	63.61	387	387
UniRef90_H0PZT6	61.52	387	390
UniRef90_N9TWL8	63.59	387	378
UniRef90_A0A011MF25	63.32	387	387
UniRef90_UPI0005EE8BA4	69.25	387	436
UniRef90_UPI000467A49C	63.61	387	387
UniRef90_W8I4U3	65.97	387	387
UniRef90_A0A0N1BBD4	62.02	387	392
UniRef90_UPI00040C3A45	64.14	387	389
UniRef90_UPI0005ED38B7	65.26	387	408
UniRef90_A0A0K1PWM6	61.04	387	392
UniRef90_A0A0D2X2K1	68.93	387	427
UniRef90_A0A0C1T131	63.35	387	390
UniRef90_A0A034VTX1	65.63	387	423
UniRef90_Q0C2Q3	62.04	387	390
UniRef90_UPI0004DEF531	60.95	387	388
UniRef90_E8M594	65.71	387	389
UniRef90_A0A0E0KY35	67.22	387	455
UniRef90_Q7NX63	61.56	387	389
UniRef90_A0A0C3EHW5	59.29	387	426
UniRef90_UPI0003459B0C	64.94	387	389
UniRef90_A0A011NZC0	63.32	387	387
UniRef90_UPI000440880E	63.12	387	415
UniRef90_K6Z8S9	63.61	387	389
UniRef90_F8Q7U5	61.88	387	417
UniRef90_M2PP19	60.88	387	425
UniRef90_UPI00062545EB	68.99	387	422
UniRef90_UPI00036371A1	64.58	387	393
UniRef90_K0PVI0	65.18	387	387
UniRef90_UPI00034BF121	56.65	387	413
UniRef90_A0A0L0HGN7	74.27	387	344
UniRef90_A0A067QES7	60.94	387	421
UniRef90_Q9SWG0	66.49	387	409
UniRef90_UPI0004AAD487	64.34	387	422
UniRef90_A0A081BEC0	66.75	387	389
UniRef90_A0A0C9ZXV1	61.46	387	421
UniRef90_A0A075AS55	67.81	387	409
UniRef90_A0A090LDK9	66.67	387	414
UniRef90_UPI0007033759	64.04	387	390
UniRef90_U5H7K1	65.27	387	432
UniRef90_UPI0004070945	64.92	387	389
UniRef90_C4ZJ06	61.34	387	393
UniRef90_UPI0006CFC210	65.35	387	387
UniRef90_A7JYA6	64.91	387	389
UniRef90_A0A090DWX4	63.87	387	387
UniRef90_A0A0D0E7Y8	62.14	387	421
UniRef90_A0A078MHL7	61.78	387	387
UniRef90_A0A0F9YYK1	61.82	387	393
UniRef90_N6U0F0	64.92	387	387
UniRef90_A0A0L0VL32	59.64	387	425
UniRef90_UPI00054C63A1	74.87	387	405
UniRef90_UPI00063ED3B8	65.37	387	418
UniRef90_UPI0005F06477	66.67	387	419
UniRef90_A0A0M0HRF7	63.09	387	389
UniRef90_A0A0D2MT03	59.07	387	430
UniRef90_G5ZVK9	62.83	387	387
UniRef90_A0A0C3PW41	61.20	387	419
UniRef90_W7VRE4	61.62	387	391
UniRef90_F6AIN5	61.30	387	393
UniRef90_A0A094LN54	62.30	387	389
UniRef90_P26440-2	92.25	387	393
UniRef90_A0A090IFS2	60.99	387	390
UniRef90_A0A088AHV5	65.63	387	400
UniRef90_UPI0006F93DFB	64.66	387	386
UniRef90_H0I0L5	63.35	387	387
UniRef90_UPI000568198B	62.57	387	389
UniRef90_U4Q2P3	59.89	387	390
UniRef90_A0A0M2WRT6	60.82	387	394
UniRef90_UPI0005666E27	60.89	387	387
UniRef90_UPI0004895F32	61.58	387	387
UniRef90_A8NEH1	59.41	387	438
