UniRef90_O34714	100.00	377	385
UniRef90_E1UQI1	88.36	377	386
UniRef90_I2AVW2	86.36	377	385
UniRef90_R9U227	81.82	377	384
UniRef90_A0A0F5KZJ6	79.95	377	383
UniRef90_A8FB72	79.62	377	387
UniRef90_A0A0G8EDL1	77.27	377	387
UniRef90_A0A0H3E342	69.41	377	390
UniRef90_A7Z603	66.49	377	391
UniRef90_D6TFN1	64.17	377	388
UniRef90_B9XMK9	64.25	377	386
UniRef90_UPI0006CFF25C	65.48	377	377
UniRef90_A0A0M5M3V9	65.25	377	399
UniRef90_A0A0A6XVH6	62.70	377	397
UniRef90_A0A0F5KYB2	61.33	377	390
UniRef90_UPI000371FD1B	61.70	377	396
UniRef90_A0A0M0LJ18	62.33	377	391
UniRef90_A0A0H4P520	61.87	377	396
UniRef90_C6IZ56	60.80	377	406
UniRef90_A0A075R841	62.67	377	399
UniRef90_V9W3W6	62.77	377	390
UniRef90_UPI0005502D4D	62.23	377	400
UniRef90_A0A0M0W6W4	59.95	377	381
UniRef90_A0A0E3WJ90	60.70	377	399
UniRef90_A0A089JMK9	60.90	377	403
UniRef90_A0A090ZFD7	60.80	377	391
UniRef90_V9GJP1	60.27	377	396
UniRef90_UPI00036B7C5D	61.23	377	399
UniRef90_F5LIC5	61.76	377	384
UniRef90_UPI000300AA7C	61.17	377	399
UniRef90_UPI00040B00AD	60.96	377	387
UniRef90_UPI00068EEC15	60.90	377	394
UniRef90_A0A089L2H2	60.00	377	401
UniRef90_UPI0003731D4E	60.37	377	397
UniRef90_A0A0A3J7Z3	60.53	377	394
UniRef90_UPI0006D847CE	60.53	377	398
UniRef90_C0Z5C9	60.80	377	392
UniRef90_W7YIQ5	60.16	377	384
UniRef90_UPI00048D8B50	60.27	377	389
UniRef90_UPI0006F31F4A	60.90	377	399
UniRef90_UPI00057B335A	59.89	377	388
UniRef90_F3MDM5	60.80	377	398
UniRef90_A0A0D3VAC9	60.00	377	400
UniRef90_A0A089I8L3	59.20	377	399
UniRef90_E0RKH4	60.00	377	395
UniRef90_UPI000382A318	59.73	377	397
UniRef90_UPI0003FC2981	60.90	377	407
UniRef90_UPI0003676497	61.87	377	407
UniRef90_UPI00037C29F6	60.53	377	398
UniRef90_W4D2K1	59.73	377	402
UniRef90_UPI00037F813F	59.68	377	398
UniRef90_UPI0004077538	60.80	377	397
UniRef90_UPI0004250AAE	61.60	377	402
UniRef90_A0A0K9FBY6	60.80	377	394
UniRef90_UPI0006A761F5	61.44	377	396
UniRef90_C5B359	61.07	377	404
UniRef90_UPI000248DF8B	61.33	377	392
UniRef90_UPI0004B3E790	60.00	377	403
UniRef90_R7ZE37	60.27	377	394
UniRef90_UPI0006B4BF3F	60.11	377	399
UniRef90_UPI0005A77DFF	59.47	377	415
UniRef90_A0A084HB30	59.73	377	397
UniRef90_UPI00028952F4	58.13	377	396
UniRef90_UPI0006D1AA85	59.73	377	397
UniRef90_A0A0C2TCY7	60.21	377	385
UniRef90_UPI0003731ABB	60.05	377	402
UniRef90_A0A081P6G7	59.47	377	396
UniRef90_K4ZJ31	58.78	377	395
UniRef90_A0A0K2FWE4	59.31	377	394
UniRef90_UPI0006EC3531	59.63	377	396
UniRef90_A0A0D7KPZ7	59.84	377	397
UniRef90_I3E951	60.11	377	398
UniRef90_A0A090CY62	60.59	377	385
UniRef90_UPI000372EB00	58.93	377	400
UniRef90_A0A084GMQ7	59.47	377	400
UniRef90_UPI0006A7BA4B	59.04	377	403
UniRef90_A0A0B0IB41	59.73	377	389
UniRef90_C2MX94	60.11	377	398
UniRef90_A0A0J6TX74	61.07	377	410
UniRef90_A0A0J5JWP1	59.73	377	397
UniRef90_C6CTK8	59.57	377	419
UniRef90_A0A0K9YMM6	58.93	377	395
UniRef90_UPI0006F9B2F2	59.04	377	424
UniRef90_G4HGT3	59.20	377	396
UniRef90_I9LLR4	61.83	377	409
UniRef90_UPI0004099FF9	58.24	377	395
UniRef90_UPI0006F6A0BD	58.24	377	396
UniRef90_UPI0006FB06B2	57.22	377	387
UniRef90_UPI000646954F	58.51	377	396
UniRef90_O34767	59.04	377	392
UniRef90_D7BSQ5	57.87	377	383
UniRef90_A0A0A8K147	59.57	377	388
UniRef90_B1M5C9	59.84	377	408
UniRef90_UPI000619931C	58.29	377	392
UniRef90_A0A0F5R2P1	57.22	377	389
UniRef90_UPI000686100B	58.51	377	404
UniRef90_UPI0006F4473D	59.47	377	411
UniRef90_A0A0A2U7Y7	57.49	377	386
UniRef90_UPI00069385C6	57.29	377	393
UniRef90_UPI000687FBCD	58.51	377	399
UniRef90_A0A0J6R0X9	59.47	377	409
UniRef90_UPI000416E07B	57.33	377	398
UniRef90_J3AL76	59.47	377	397
UniRef90_M9LBN2	58.24	377	392
UniRef90_W4F316	58.51	377	443
UniRef90_UPI0004714BF8	56.65	377	399
UniRef90_K7SG45	58.24	377	391
UniRef90_A0A023XJB5	58.93	377	408
UniRef90_A0A0H4LHD1	58.33	377	410
UniRef90_V6M6K4	57.60	377	396
UniRef90_V6M6K4	31.72	377	396
UniRef90_B9JM25	58.24	377	407
UniRef90_UPI000361BD15	58.18	377	382
UniRef90_W0HUD6	58.51	377	431
UniRef90_A0A075MQ85	57.29	377	388
UniRef90_UPI0004823926	56.35	377	384
UniRef90_W5YDK2	56.35	377	389
UniRef90_A0A0E2EPN7	58.02	377	394
UniRef90_UPI0004C17F34	56.99	377	377
UniRef90_UPI00046372F0	56.72	377	399
UniRef90_I8AK05	56.81	377	405
UniRef90_UPI000421329E	57.87	377	407
UniRef90_UPI0006D031B5	58.45	377	405
UniRef90_UPI000483C7EF	58.04	377	414
UniRef90_UPI0004B5425E	56.54	377	386
UniRef90_F3UMY2	57.80	377	397
UniRef90_I0L3W1	55.08	377	380
UniRef90_D6U1D6	57.87	377	411
UniRef90_A0A0A0D8U9	56.65	377	407
UniRef90_UPI0005BD3D06	59.05	377	408
UniRef90_UPI000479F06D	57.80	377	408
UniRef90_E0SIZ4	60.00	377	416
UniRef90_K4ZJZ5	65.18	377	314
UniRef90_K4ZJZ5	26.34	377	314
UniRef90_A0A0J8YS08	57.37	377	407
UniRef90_UPI00034AFA35	54.99	377	399
UniRef90_B1KXI2	53.66	377	402
UniRef90_A0A0D6MMU2	54.52	377	389
UniRef90_UPI0004972FCC	57.71	377	408
UniRef90_UPI000495BFC7	54.81	377	399
UniRef90_S0P3S4	57.30	377	387
UniRef90_UPI0004117834	57.07	377	408
UniRef90_R9TZW1	61.54	377	329
UniRef90_R2XG80	57.81	377	389
UniRef90_UPI00070257EE	57.67	377	409
UniRef90_D6YQ42	58.73	377	409
UniRef90_UPI000381BB25	58.17	377	407
UniRef90_V5Z9L2	58.73	377	407
UniRef90_A0A0A1SX28	60.51	377	450
UniRef90_A0A0A1SX28	32.41	377	450
UniRef90_UPI0006790526	57.07	377	387
UniRef90_D6U7X2	56.68	377	415
UniRef90_D8MWX5	56.38	377	397
UniRef90_UPI0002EE9F1C	57.10	377	392
UniRef90_UPI0002EE9F1C	37.23	377	392
UniRef90_UPI0003FEFDA8	55.99	377	396
UniRef90_J4HZ17	56.12	377	443
UniRef90_A0A0D1D0N5	57.89	377	403
UniRef90_UPI0005D449E3	58.99	377	409
UniRef90_A0A0E9B9P0	58.73	377	402
UniRef90_J4KQS0	59.27	377	475
UniRef90_J4KQS0	30.57	377	475
UniRef90_U3TVU8	58.45	377	398
UniRef90_X6F018	57.22	377	377
UniRef90_J0QY78	58.01	377	410
UniRef90_UPI0003F841A8	54.67	377	408
UniRef90_F7VR57	55.91	377	455
UniRef90_E8X7C8	54.67	377	387
UniRef90_A0A0F7ZPU4	55.12	377	452
UniRef90_K5V348	55.20	377	455
UniRef90_A0A0B7JZS9	59.15	377	449
UniRef90_A0A0D5WXW0	57.89	377	403
UniRef90_A0A023XB34	56.27	377	420
UniRef90_A0A023XB34	31.51	377	420
UniRef90_E9E6I3	55.12	377	462
UniRef90_G0RKQ0	57.30	377	447
UniRef90_UPI0006609172	57.62	377	403
UniRef90_W4KCN0	54.93	377	466
UniRef90_J7W1C4	55.47	377	371
UniRef90_A0A0L9T0V6	54.59	377	451
UniRef90_G3J7L7	58.15	377	462
UniRef90_W3XMU8	57.58	377	466
UniRef90_A0A0D7BFX8	55.85	377	431
UniRef90_A0A089PPZ5	57.62	377	403
UniRef90_A0A0M8N1T6	58.52	377	454
UniRef90_A0A010RDL5	55.73	377	577
UniRef90_A0A0A3XS04	55.73	377	409
UniRef90_UPI000440CB69	54.62	377	453
UniRef90_UPI0006862E6C	56.27	377	387
UniRef90_S8DXU1	55.32	377	450
UniRef90_A0A0J8YC82	56.67	377	402
UniRef90_A0A063BRD8	54.69	377	466
UniRef90_A0A0B7FD88	53.97	377	460
UniRef90_A0A0D2EVP0	57.42	377	444
UniRef90_M7TNW7	57.94	377	474
UniRef90_J4GUF8	55.70	377	456
UniRef90_W4KA62	54.13	377	437
UniRef90_A0A074RXL2	53.97	377	458
UniRef90_L2G455	57.38	377	464
UniRef90_W2RM20	55.50	377	427
UniRef90_C7ZQA7	57.38	377	467
UniRef90_A0A0L0NAI6	57.30	377	456
UniRef90_Q5EMV1	54.59	377	486
UniRef90_R8B8Q6	55.38	377	472
UniRef90_A0A0G2FCJ1	55.12	377	466
UniRef90_M2R572	55.38	377	516
UniRef90_A0A067LY23	54.21	377	428
UniRef90_UPI0004411876	53.87	377	470
UniRef90_A0A0B2WFG4	55.35	377	464
UniRef90_UPI000410CC3C	55.35	377	409
UniRef90_H6BP69	56.02	377	440
UniRef90_H6BP69	33.72	377	440
UniRef90_V2X6R9	55.44	377	468
UniRef90_C5WDU0	54.03	377	398
UniRef90_A0A094F8N4	54.67	377	394
UniRef90_V5FHL8	53.30	377	415
UniRef90_A0A0F5XWL1	55.83	377	407
UniRef90_A0A0E3XHA5	56.82	377	398
UniRef90_A0A0C3H2M1	57.10	377	464
UniRef90_L2FKF9	54.59	377	476
UniRef90_M5FRC7	53.19	377	433
UniRef90_UPI00024A4F10	55.91	377	398
UniRef90_A0A0C3PRD4	54.23	377	484
UniRef90_UPI000440F038	52.38	377	464
UniRef90_A0A0F6BM85	65.10	377	308
UniRef90_A0A0F6BM85	32.62	377	308
UniRef90_A0A0D2BIJ8	56.58	377	457
UniRef90_D9TCN9	54.85	377	366
UniRef90_UPI0004623897	53.46	377	440
UniRef90_M5C291	53.70	377	459
UniRef90_UPI00044149B3	51.33	377	438
UniRef90_A0A0B7FD49	52.65	377	460
UniRef90_UPI000561183F	51.74	377	378
UniRef90_S7ZLV6	55.96	377	452
UniRef90_S7PUK5	54.67	377	431
UniRef90_A0A084QKF1	57.75	377	463
UniRef90_A0A066VZN4	53.97	377	458
UniRef90_R7S278	54.93	377	483
UniRef90_J3PF34	54.59	377	479
UniRef90_A0A060SLB1	52.77	377	437
UniRef90_W6QG84	56.15	377	454
UniRef90_A0A0A2JSC1	54.03	377	618
UniRef90_W9VT28	55.46	377	442
UniRef90_W9VT28	32.93	377	442
UniRef90_A0A093XIJ3	56.94	377	466
UniRef90_A0A093XIJ3	33.79	377	466
UniRef90_A0A0C3GLW1	54.52	377	432
UniRef90_K5WRG5	56.02	377	455
UniRef90_E3QY53	54.33	377	474
UniRef90_B8MF86	56.94	377	458
UniRef90_A0A0C2SR22	53.56	377	436
UniRef90_M2P7J7	53.99	377	428
UniRef90_A0A0N1HS22	54.23	377	396
UniRef90_A8NVA5	54.13	377	485
UniRef90_UPI00044078BE	53.32	377	478
UniRef90_B8ESY2	53.21	377	384
UniRef90_M1VX03	53.39	377	461
UniRef90_A0A086T1X1	56.50	377	461
UniRef90_A0A0D0BX04	53.72	377	461
UniRef90_M2NLP0	55.90	377	451
UniRef90_A2QFX7	53.83	377	457
UniRef90_Q0V2L7	55.31	377	457
UniRef90_W9WMP5	55.18	377	442
UniRef90_C7ZI14	56.06	377	468
UniRef90_V2Y750	53.05	377	471
UniRef90_N1PD35	53.93	377	450
UniRef90_UPI0006F8D032	51.34	377	378
UniRef90_UPI0006FB91BC	50.53	377	378
UniRef90_V2WW62	52.79	377	464
UniRef90_R0IMN2	54.75	377	460
UniRef90_A0A0D2YA79	55.97	377	465
UniRef90_A0A0D1ZMB0	55.46	377	440
UniRef90_A0A0D1ZMB0	32.73	377	440
UniRef90_UPI0003FB9426	51.61	377	378
UniRef90_Q2J3P9	52.42	377	378
UniRef90_C9SRK5	55.41	377	480
UniRef90_A0A0G4N257	56.55	377	463
UniRef90_J4H3G9	54.26	377	486
UniRef90_F4F7R3	53.80	377	381
UniRef90_UPI00067151DF	60.65	377	323
UniRef90_A0A067TI65	52.00	377	463
UniRef90_A0A072P1Q1	55.56	377	442
UniRef90_A0A072P1Q1	36.30	377	442
UniRef90_T5AML3	52.49	377	441
UniRef90_A0A098E1S2	55.68	377	465
UniRef90_A0A0C9SXC0	53.72	377	445
UniRef90_A0A0D1ZGM9	55.28	377	452
UniRef90_V2Y7S0	52.13	377	440
UniRef90_V2X5J2	52.66	377	438
UniRef90_M5FSP1	51.69	377	452
UniRef90_B3QK43	55.06	377	658
UniRef90_S8EDF3	53.60	377	440
UniRef90_UPI00046249B7	52.00	377	486
UniRef90_A0A0C6DRV2	49.75	377	505
UniRef90_UPI0006785F7F	50.13	377	383
UniRef90_K5V6L0	52.93	377	451
UniRef90_A0A0C3P007	52.82	377	420
UniRef90_A0A074X5X4	53.39	377	392
UniRef90_A0A060SMB0	51.26	377	506
UniRef90_A0A067NYJ7	52.51	377	400
UniRef90_A0A0C3PM31	52.52	377	434
UniRef90_S7Q3N8	52.37	377	431
UniRef90_B2ATI7	54.45	377	477
UniRef90_A0A074S4W5	52.52	377	476
UniRef90_B8PBY2	52.24	377	440
UniRef90_A0A0C9WDZ9	53.60	377	438
UniRef90_A0A067NAB0	53.58	377	450
UniRef90_A0A0D0E7X1	53.93	377	450
UniRef90_F9XM94	52.08	377	462
UniRef90_M2ZEJ5	55.59	377	447
UniRef90_K5V5C5	52.06	377	444
UniRef90_C7BWW2	52.56	377	493
UniRef90_UPI000455F6AA	53.07	377	443
UniRef90_K5WWV4	52.00	377	483
UniRef90_A0A0B7K5Y5	51.92	377	460
UniRef90_A0A0B7G4N0	51.06	377	501
UniRef90_B6QLX6	56.94	377	1027
UniRef90_B6QLX6	33.79	377	1027
UniRef90_A0A0H2RN63	50.53	377	481
UniRef90_A0A0L6WX77	50.80	377	454
UniRef90_K5WCL5	52.80	377	486
UniRef90_B2II46	51.25	377	405
UniRef90_M5CD85	51.86	377	460
UniRef90_UPI0004407C1D	51.72	377	430
UniRef90_UPI0004623DE1	51.70	377	445
UniRef90_D8Q486	53.89	377	394
UniRef90_Q9UVK4	53.20	377	447
UniRef90_Q9UVK4	33.12	377	447
UniRef90_A0A0C3SB52	52.27	377	472
UniRef90_A0A0F7TMD2	52.76	377	453
UniRef90_A0A0C3NZZ2	50.53	377	450
UniRef90_J4I3F8	54.93	377	362
UniRef90_A0A0K6KQ94	60.27	377	300
UniRef90_A0A0K6KQ94	35.25	377	300
UniRef90_A0A0C6E5V8	50.92	377	455
UniRef90_UPI000441169C	51.31	377	445
UniRef90_A0A0J6T1K4	50.93	377	377
UniRef90_R7S497	53.10	377	438
UniRef90_A0A0J0XZ85	53.17	377	426
UniRef90_A0A0B7G3Z6	50.66	377	454
UniRef90_G2Q4N9	52.25	377	470
UniRef90_K5WCL2	52.00	377	469
UniRef90_S8FN85	51.17	377	451
UniRef90_UPI00045610A7	51.04	377	495
UniRef90_A0A0B7F5V7	52.39	377	475
UniRef90_F8PXF8	48.83	377	444
UniRef90_M2QZC4	51.21	377	454
UniRef90_UPI000455D908	51.59	377	452
UniRef90_Q6UGB9	50.39	377	455
UniRef90_A0A067Q6P3	51.80	377	451
UniRef90_UPI00038117BC	50.40	377	377
UniRef90_UPI0003B5CE5D	52.82	377	415
UniRef90_R7SN19	50.26	377	452
UniRef90_A0A0C9W5A3	51.06	377	436
UniRef90_UPI0004409305	50.53	377	451
UniRef90_E8X6R0	51.74	377	420
UniRef90_A0A0D1YPF4	53.82	377	398
UniRef90_UPI0003FF4C70	52.78	377	401
UniRef90_A0A0C3PM17	52.53	377	428
UniRef90_A0A0C3G5L6	51.19	377	433
UniRef90_F8NGW9	51.33	377	436
UniRef90_M2PCT8	52.62	377	421
UniRef90_A0A0D0A111	50.40	377	433
UniRef90_F4S341	53.33	377	460
UniRef90_A0A0C9VVH1	49.34	377	452
UniRef90_A0A0C3ED07	50.80	377	433
UniRef90_E8X6Q2	54.19	377	416
UniRef90_E8X6Q2	33.56	377	416
UniRef90_A8I194	50.53	377	443
UniRef90_A0A0H2S0E4	49.47	377	506
UniRef90_A0A0C3BRJ9	49.87	377	461
UniRef90_H1VL20	54.68	377	361
UniRef90_A0A0D2LCL5	48.53	377	475
UniRef90_S8DU89	50.13	377	373
UniRef90_A0A060SLA1	49.24	377	459
UniRef90_G8P064	53.07	377	417
UniRef90_G8P064	33.77	377	417
UniRef90_A0A0C6E0T5	50.52	377	443
UniRef90_A0A0C9ZJ37	51.20	377	471
UniRef90_A0A0C3PJ98	50.53	377	436
UniRef90_UPI0006795AE0	50.55	377	419
UniRef90_A0A0D0C9Y3	48.68	377	451
UniRef90_A0A0D0DNJ1	48.66	377	435
UniRef90_F8QB14	49.73	377	391
UniRef90_A0A090AJ95	49.17	377	402
UniRef90_UPI00054D9E9F	51.10	377	420
UniRef90_J4GX93	51.19	377	467
UniRef90_R0KFQ4	48.02	377	497
UniRef90_M2QDP8	49.33	377	461
UniRef90_S7QHR9	50.40	377	426
UniRef90_UPI0003740F30	51.69	377	389
UniRef90_UPI0003740F30	32.65	377	389
UniRef90_M2QJL8	49.06	377	455
UniRef90_A0A060SRL8	49.74	377	451
UniRef90_G8NWT4	50.54	377	423
UniRef90_UPI000694938C	50.95	377	427
UniRef90_A0A0L1HU11	48.02	377	501
UniRef90_J4GDM1	50.27	377	427
UniRef90_UPI0003A814EB	50.00	377	418
UniRef90_UPI0003A814EB	29.33	377	418
UniRef90_UPI000556C9EA	51.40	377	416
UniRef90_UPI000556C9EA	35.62	377	416
UniRef90_A0A0D2NH46	47.76	377	428
UniRef90_UPI0006786996	51.40	377	418
UniRef90_UPI0006786996	28.96	377	418
UniRef90_B8PD86	48.53	377	364
UniRef90_Q2H5I8	52.37	377	432
UniRef90_H0TMD2	48.28	377	427
UniRef90_K5X4V2	48.00	377	472
UniRef90_A0A0D0AW61	49.34	377	438
UniRef90_R9QAK1	49.21	377	477
UniRef90_A0A088ULU9	50.27	377	418
UniRef90_K5X393	50.00	377	464
UniRef90_W6YKT1	46.70	377	496
UniRef90_A0A072PG45	55.09	377	338
UniRef90_B0DZS6	47.49	377	432
UniRef90_A0A095GDA8	49.72	377	418
UniRef90_UPI00068E22EC	48.54	377	386
UniRef90_UPI000440F6D3	49.60	377	432
UniRef90_A0A0L0HDN8	50.26	377	356
UniRef90_A0A0C3CIS1	48.28	377	436
UniRef90_A0A0D2G2N4	50.42	377	418
UniRef90_A0A0D2G2N4	33.71	377	418
UniRef90_E5A0C6	56.29	377	388
UniRef90_E3RMC3	46.17	377	518
UniRef90_Q2T5C7	49.46	377	418
UniRef90_A0A094H2V8	45.24	377	392
UniRef90_UPI000493C8EF	47.41	377	417
UniRef90_A0A069PN28	50.00	377	418
UniRef90_A0A069PN28	32.89	377	418
UniRef90_B8EQB0	49.72	377	418
UniRef90_B8EQB0	28.57	377	418
UniRef90_A0A0D6PMD3	50.14	377	418
UniRef90_A0A0D6PMD3	29.14	377	418
UniRef90_B8EL97	49.44	377	402
UniRef90_U1IDY2	49.00	377	415
UniRef90_U1IDY2	31.62	377	415
UniRef90_Q0U352	45.65	377	479
UniRef90_H0S545	49.04	377	420
UniRef90_A0A0D2NRL2	45.87	377	449
UniRef90_G2Y5R6	44.44	377	455
UniRef90_UPI000562069B	50.00	377	418
UniRef90_UPI000562069B	32.65	377	418
UniRef90_A7EZM9	45.74	377	504
UniRef90_A7EZM9	33.52	377	504
UniRef90_L8WM33	46.85	377	459
UniRef90_V5I2A1	46.88	377	464
UniRef90_V5I2A1	24.34	377	464
UniRef90_A0A067SH37	47.64	377	411
UniRef90_A0A0C6DUW9	47.53	377	471
UniRef90_G2XXL5	45.60	377	504
UniRef90_A0A0E9GS22	59.27	377	289
UniRef90_A0A0E9GS22	35.29	377	289
UniRef90_H0TWI4	49.13	377	415
UniRef90_H0TWI4	32.14	377	415
UniRef90_UPI00048457F4	49.00	377	418
UniRef90_UPI00048457F4	34.31	377	418
UniRef90_UPI00040C0356	48.70	377	415
UniRef90_UPI00040C0356	31.85	377	415
UniRef90_UPI00067930B6	47.89	377	428
UniRef90_A7EU07	44.33	377	455
UniRef90_A7EU07	29.22	377	455
UniRef90_A0A0D7Q5H1	48.84	377	422
UniRef90_A0A0D7Q5H1	29.44	377	422
UniRef90_Q89XM7	48.57	377	415
UniRef90_Q89XM7	31.11	377	415
UniRef90_UPI000465779E	48.55	377	404
UniRef90_UPI000465779E	33.58	377	404
UniRef90_A0A0D7Q2V9	49.42	377	415
UniRef90_A0A0D7Q2V9	31.03	377	415
UniRef90_A0A0F4YEK5	46.44	377	479
UniRef90_A0A0H2S6P5	45.89	377	439
UniRef90_A0A0B6RJ39	46.93	377	418
UniRef90_D8QD67	48.15	377	419
UniRef90_UPI00067908CC	46.40	377	428
UniRef90_UPI0006F5A271	47.83	377	415
UniRef90_UPI0006F5A271	35.66	377	415
UniRef90_G9MYA2	44.41	377	496
UniRef90_A0A0F4Z0C0	47.51	377	447
UniRef90_UPI00067C966B	48.14	377	415
UniRef90_UPI00067C966B	30.00	377	415
UniRef90_UPI000466594B	46.93	377	403
UniRef90_K5WDS2	48.25	377	398
UniRef90_W9CP13	45.12	377	457
UniRef90_W9CP13	28.57	377	457
UniRef90_S7RNE6	45.85	377	474
UniRef90_A0A0C3HYE7	44.06	377	465
UniRef90_A0A0C3HYE7	27.70	377	465
UniRef90_E8UY71	49.04	377	429
UniRef90_W3XCZ6	46.92	377	537
UniRef90_UPI00056DCDBC	49.73	377	397
UniRef90_S3CSY5	44.62	377	460
UniRef90_K6WYS3	49.72	377	406
UniRef90_R1E9V1	46.15	377	454
UniRef90_J5JJG2	45.21	377	487
UniRef90_W9CA00	44.12	377	505
UniRef90_W9CA00	33.15	377	505
UniRef90_U4KYE2	44.97	377	551
UniRef90_U4KYE2	28.38	377	551
UniRef90_F9X8G8	44.56	377	508
UniRef90_M2MXM6	45.67	377	528
UniRef90_UPI00055592AA	49.72	377	420
UniRef90_UPI0003B76D2A	47.49	377	415
UniRef90_K2S0R4	45.87	377	501
UniRef90_K2S0R4	30.73	377	501
UniRef90_W0V914	45.91	377	418
UniRef90_UPI0003624009	47.28	377	418
UniRef90_B2VWS2	46.65	377	362
UniRef90_UPI000465A1E7	47.40	377	415
UniRef90_UPI000465A1E7	31.71	377	415
UniRef90_UPI0003B4C9AC	49.86	377	422
UniRef90_R7SZ20	46.77	377	477
UniRef90_A5ABZ4	46.38	377	485
UniRef90_A0A0F7TRM8	45.62	377	469
UniRef90_A0A0G2EKS8	45.89	377	455
UniRef90_UPI0006F500DD	48.15	377	405
UniRef90_A0A074YG97	46.15	377	505
UniRef90_A0A074YG97	28.24	377	505
UniRef90_UPI000462392E	47.16	377	476
UniRef90_UPI0001D2DFA7	48.12	377	403
UniRef90_UPI0001D2DFA7	33.11	377	403
UniRef90_M3CLN7	45.72	377	512
UniRef90_UPI000378FA3E	47.69	377	417
UniRef90_UPI000378FA3E	31.65	377	417
UniRef90_L8WK29	45.30	377	526
UniRef90_L7HTB6	44.77	377	476
UniRef90_L7HTB6	32.64	377	476
UniRef90_G2QW16	44.12	377	499
UniRef90_UPI0004824254	47.69	377	414
UniRef90_UPI0004824254	28.80	377	414
UniRef90_D7A8E7	47.99	377	398
UniRef90_A0A0D2Y0Q3	45.48	377	460
UniRef90_A0A0D2Y0Q3	29.58	377	460
UniRef90_G9NRV6	43.88	377	482
UniRef90_UPI0006F61B35	47.80	377	405
UniRef90_A0A0F0KL45	49.43	377	403
UniRef90_S3D7T7	44.41	377	503
UniRef90_S3D7T7	33.10	377	503
UniRef90_D5G7L2	43.77	377	452
UniRef90_D5G7L2	34.01	377	452
UniRef90_B6GZC5	45.21	377	475
UniRef90_UPI0004080E15	46.59	377	418
UniRef90_UPI0005B2E902	48.31	377	415
UniRef90_A0A017S3D7	44.74	377	453
UniRef90_F8JCB9	46.59	377	419
UniRef90_F8JCB9	30.99	377	419
UniRef90_M2YZQ6	45.19	377	509
UniRef90_M2YZQ6	26.98	377	509
UniRef90_B8MQE3	43.65	377	459
UniRef90_UPI000410A78D	47.93	377	415
UniRef90_UPI000410A78D	32.24	377	415
UniRef90_UPI0006858E7A	49.13	377	429
UniRef90_D8Q473	44.95	377	540
UniRef90_A0A067Q076	44.33	377	478
UniRef90_A0A016PRC6	44.95	377	498
UniRef90_A0A016PRC6	32.64	377	498
UniRef90_A0A0A2KHT6	44.06	377	461
UniRef90_M5C3S9	52.55	377	316
UniRef90_M5C3S9	31.97	377	316
UniRef90_O34714	100.00	377	385
UniRef90_E1UQI1	88.36	377	386
UniRef90_I2AVW2	86.36	377	385
UniRef90_R9U227	81.82	377	384
UniRef90_B9XMK9	63.56	377	386
UniRef90_A0A0F5KZJ6	79.95	377	383
UniRef90_A0A0F5KZJ6	29.24	377	383
UniRef90_A0A0M5M3V9	65.25	377	399
UniRef90_A0A0M5M3V9	25.34	377	399
UniRef90_UPI0006CFF25C	64.95	377	377
UniRef90_UPI0006CFF25C	25.34	377	377
UniRef90_A0A0G8EDL1	77.27	377	387
UniRef90_A0A0G8EDL1	29.25	377	387
UniRef90_A0A0A6XVH6	62.70	377	397
UniRef90_D6TFN1	64.00	377	388
UniRef90_D6TFN1	21.77	377	388
UniRef90_A8FB72	79.62	377	387
UniRef90_A8FB72	29.24	377	387
UniRef90_A0A0F5KYB2	61.07	377	390
UniRef90_A0A0F5KYB2	21.95	377	390
UniRef90_A0A075R841	62.57	377	399
UniRef90_A0A075R841	27.40	377	399
UniRef90_A0A0K9FBY6	60.70	377	394
UniRef90_A0A0K9FBY6	23.26	377	394
UniRef90_F3MDM5	60.80	377	398
UniRef90_F3MDM5	23.26	377	398
UniRef90_UPI0006F31F4A	60.90	377	399
UniRef90_UPI000300AA7C	60.90	377	399
UniRef90_UPI0005502D4D	61.97	377	400
UniRef90_UPI0005502D4D	27.92	377	400
UniRef90_A0A0M0LJ18	62.23	377	391
UniRef90_A0A0A3J7Z3	60.53	377	394
UniRef90_A0A0A3J7Z3	23.26	377	394
UniRef90_R7ZE37	60.27	377	394
UniRef90_R7ZE37	25.17	377	394
UniRef90_UPI0003FC2981	60.90	377	407
UniRef90_UPI0003FC2981	25.85	377	407
UniRef90_I3E951	60.11	377	398
UniRef90_UPI0006D847CE	60.53	377	398
UniRef90_UPI0006A761F5	61.44	377	396
UniRef90_UPI0006A761F5	22.67	377	396
UniRef90_UPI00028952F4	58.13	377	396
UniRef90_UPI00037F813F	59.68	377	398
UniRef90_UPI00037F813F	26.53	377	398
UniRef90_A0A0H3E342	69.41	377	390
UniRef90_C6IZ56	60.80	377	406
UniRef90_C6IZ56	28.08	377	406
UniRef90_V9W3W6	62.77	377	390
UniRef90_A0A089L2H2	60.27	377	401
UniRef90_A0A0H4P520	61.87	377	396
UniRef90_A0A0H4P520	22.09	377	396
UniRef90_A0A090ZFD7	60.80	377	391
UniRef90_A0A090ZFD7	28.77	377	391
UniRef90_UPI00037C29F6	60.53	377	398
UniRef90_UPI00040B00AD	60.96	377	387
UniRef90_UPI00040B00AD	26.03	377	387
UniRef90_A7Z603	66.49	377	391
UniRef90_UPI0003731D4E	60.37	377	397
UniRef90_F5LIC5	61.50	377	384
UniRef90_F5LIC5	22.67	377	384
UniRef90_UPI000382A318	59.73	377	397
UniRef90_UPI0004250AAE	61.60	377	402
UniRef90_V9GJP1	60.27	377	396
UniRef90_UPI00048D8B50	60.00	377	389
UniRef90_UPI0006FB06B2	56.95	377	387
UniRef90_UPI0006FB06B2	25.34	377	387
UniRef90_UPI0006D1AA85	59.73	377	397
UniRef90_UPI0006D1AA85	26.53	377	397
UniRef90_C2MX94	60.11	377	398
UniRef90_A0A089JMK9	60.90	377	403
UniRef90_A0A089JMK9	29.31	377	403
UniRef90_UPI00069385C6	57.18	377	393
UniRef90_UPI00068EEC15	60.64	377	394
UniRef90_A0A0M0W6W4	59.95	377	381
UniRef90_UPI0004B3E790	60.00	377	403
UniRef90_UPI0006A7BA4B	58.51	377	403
UniRef90_A0A0E3WJ90	60.70	377	399
UniRef90_UPI000371FD1B	61.70	377	396
UniRef90_UPI000371FD1B	21.51	377	396
UniRef90_UPI00036B7C5D	61.23	377	399
UniRef90_UPI00036B7C5D	27.40	377	399
UniRef90_A0A089I8L3	59.63	377	399
UniRef90_UPI000619931C	58.56	377	392
UniRef90_E0RKH4	60.00	377	395
UniRef90_A0A0D3VAC9	60.00	377	400
UniRef90_A0A0A2U7Y7	57.49	377	386
UniRef90_A0A0A2U7Y7	24.66	377	386
UniRef90_A0A084HB30	59.73	377	397
UniRef90_C0Z5C9	60.53	377	392
UniRef90_W4D2K1	60.00	377	402
UniRef90_UPI0005A77DFF	59.47	377	415
UniRef90_A0A0K9YMM6	58.93	377	395
UniRef90_UPI000248DF8B	61.07	377	392
UniRef90_UPI0006EC3531	59.63	377	396
UniRef90_UPI0006EC3531	24.66	377	396
UniRef90_A0A084GMQ7	59.47	377	400
UniRef90_A0A084GMQ7	24.83	377	400
UniRef90_A0A081P6G7	59.73	377	396
UniRef90_A0A081P6G7	24.14	377	396
UniRef90_UPI000686100B	58.78	377	404
UniRef90_UPI000686100B	23.97	377	404
UniRef90_UPI0003676497	61.60	377	407
UniRef90_UPI0003676497	28.49	377	407
UniRef90_C6CTK8	59.57	377	419
UniRef90_A0A0D7KPZ7	59.84	377	397
UniRef90_A0A0J5JWP1	60.27	377	397
UniRef90_A0A0F5R2P1	56.65	377	389
UniRef90_A0A0F5R2P1	25.17	377	389
UniRef90_K4ZJ31	58.78	377	395
UniRef90_A0A0K2FWE4	59.04	377	394
UniRef90_G4HGT3	59.47	377	396
UniRef90_G4HGT3	24.14	377	396
UniRef90_UPI0006B4BF3F	60.11	377	399
UniRef90_UPI0006B4BF3F	19.69	377	399
UniRef90_UPI0004077538	60.80	377	397
UniRef90_A0A0C2TCY7	59.95	377	385
UniRef90_A0A0B0IB41	59.63	377	389
UniRef90_UPI0006F6A0BD	58.51	377	396
UniRef90_UPI0006F6A0BD	27.40	377	396
UniRef90_C5B359	60.42	377	404
UniRef90_UPI000416E07B	57.07	377	398
UniRef90_UPI000372EB00	58.93	377	400
UniRef90_B1M5C9	59.52	377	408
UniRef90_A0A0J6TX74	60.74	377	410
UniRef90_UPI000646954F	58.51	377	396
UniRef90_UPI000646954F	24.22	377	396
UniRef90_D7BSQ5	57.71	377	383
UniRef90_UPI0004099FF9	58.24	377	395
UniRef90_UPI0004099FF9	23.84	377	395
UniRef90_O34767	59.04	377	392
UniRef90_UPI0004714BF8	56.91	377	399
UniRef90_A0A0B7FD88	53.42	377	460
UniRef90_I9LLR4	61.50	377	409
UniRef90_UPI000440CB69	54.76	377	453
UniRef90_UPI0006F4473D	59.31	377	411
UniRef90_A0A074RXL2	53.68	377	458
UniRef90_A0A067LY23	53.95	377	428
UniRef90_UPI000687FBCD	58.67	377	399
UniRef90_W7YIQ5	60.00	377	384
UniRef90_W4F316	58.51	377	443
UniRef90_W4F316	25.47	377	443
UniRef90_V6M6K4	57.60	377	396
UniRef90_UPI0006F9B2F2	59.04	377	424
UniRef90_A0A0A8K147	59.09	377	388
UniRef90_A0A075MQ85	57.29	377	388
UniRef90_A0A090CY62	60.27	377	385
UniRef90_W4KA62	54.13	377	437
UniRef90_A0A0J6R0X9	59.15	377	409
UniRef90_UPI0004823926	56.35	377	384
UniRef90_A0A0B7FD49	52.65	377	460
UniRef90_M9LBN2	58.24	377	392
UniRef90_M5C291	53.44	377	459
UniRef90_W4KCN0	54.38	377	466
UniRef90_UPI000440F038	52.12	377	464
UniRef90_S7Q3N8	52.12	377	431
UniRef90_UPI00057B335A	59.73	377	388
UniRef90_S7PUK5	54.40	377	431
UniRef90_UPI0004411876	53.44	377	470
UniRef90_UPI0004411876	28.49	377	470
UniRef90_I8AK05	56.58	377	405
UniRef90_K5V348	54.91	377	455
UniRef90_K7SG45	57.67	377	391
UniRef90_A0A0C3PM31	51.98	377	434
UniRef90_A0A0B7G4N0	50.79	377	501
UniRef90_UPI0003731ABB	59.89	377	402
UniRef90_UPI0003731ABB	26.92	377	402
UniRef90_A0A066VZN4	53.97	377	458
UniRef90_A0A0J8YS08	57.37	377	407
UniRef90_A0A0J8YS08	25.31	377	407
UniRef90_B9JM25	57.94	377	407
UniRef90_B9JM25	27.33	377	407
UniRef90_UPI000361BD15	58.18	377	382
UniRef90_UPI00046249B7	51.72	377	486
UniRef90_UPI0004623897	53.03	377	440
UniRef90_UPI000421329E	57.56	377	407
UniRef90_UPI00046372F0	56.72	377	399
UniRef90_W5YDK2	56.35	377	389
UniRef90_A0A023XJB5	58.78	377	408
UniRef90_S8DXU1	55.17	377	450
UniRef90_S8DXU1	22.55	377	450
UniRef90_A0A0C9SXC0	53.44	377	445
UniRef90_D6U7X2	56.68	377	415
UniRef90_A0A0C3GLW1	54.23	377	432
UniRef90_I0L3W1	55.08	377	380
UniRef90_A0A0A0D8U9	56.35	377	407
UniRef90_M5FRC7	53.19	377	433
UniRef90_M5FRC7	21.80	377	433
UniRef90_A0A0C3PRD4	54.67	377	484
UniRef90_A0A0C3PRD4	28.25	377	484
UniRef90_UPI00070257EE	57.29	377	409
UniRef90_UPI00070257EE	28.77	377	409
UniRef90_M2R572	54.26	377	516
UniRef90_UPI0004B5425E	56.54	377	386
UniRef90_UPI0006862E6C	55.49	377	387
UniRef90_UPI0006862E6C	27.71	377	387
UniRef90_UPI0004C17F34	56.99	377	377
UniRef90_UPI0004C17F34	22.41	377	377
UniRef90_UPI00044149B3	50.79	377	438
UniRef90_W0HUD6	58.05	377	431
UniRef90_W0HUD6	26.79	377	431
UniRef90_V2X6R9	54.16	377	468
UniRef90_M2QZC4	50.67	377	454
UniRef90_A0A0C6DRV2	48.91	377	505
UniRef90_A0A060SLB1	52.24	377	437
UniRef90_V2X5J2	52.38	377	438
UniRef90_UPI000479F06D	57.49	377	408
UniRef90_A0A0C9WDZ9	53.32	377	438
UniRef90_A0A0B7G3Z6	50.53	377	454
UniRef90_UPI0004117834	56.91	377	408
UniRef90_UPI0004117834	23.16	377	408
UniRef90_A0A0D7BFX8	55.59	377	431
UniRef90_A0A060SMB0	51.26	377	506
UniRef90_J4HZ17	55.44	377	443
UniRef90_J4HZ17	24.47	377	443
UniRef90_A0A0D0BX04	52.93	377	461
UniRef90_UPI000410CC3C	55.20	377	409
UniRef90_UPI0004623DE1	51.70	377	445
UniRef90_A0A0C3P007	51.46	377	420
UniRef90_UPI000455F6AA	52.13	377	443
UniRef90_J4H3G9	53.70	377	486
UniRef90_J4GUF8	55.12	377	456
UniRef90_M5CD85	51.59	377	460
UniRef90_E0SIZ4	58.29	377	416
UniRef90_E0SIZ4	24.71	377	416
UniRef90_A0A0C3NZZ2	50.13	377	450
UniRef90_A8NVA5	54.13	377	485
UniRef90_D6YQ42	58.04	377	409
UniRef90_A0A0C2SR22	53.14	377	436
UniRef90_A0A0C6E5V8	50.53	377	455
UniRef90_A0A074S4W5	52.24	377	476
UniRef90_D6U1D6	57.75	377	411
UniRef90_D6U1D6	24.86	377	411
UniRef90_V2Y7S0	51.85	377	440
UniRef90_A0A0A3XS04	55.59	377	409
UniRef90_UPI00034AFA35	54.99	377	399
UniRef90_UPI000495BFC7	54.81	377	399
UniRef90_M2P7J7	53.70	377	428
UniRef90_A0A0D5WXW0	57.42	377	403
UniRef90_UPI0003F841A8	54.38	377	408
UniRef90_A0A023XB34	55.97	377	420
UniRef90_D8MWX5	56.53	377	397
UniRef90_A0A0D0DNJ1	48.40	377	435
UniRef90_A0A0D0DNJ1	29.67	377	435
UniRef90_A0A0C9W5A3	50.40	377	436
UniRef90_V5Z9L2	57.37	377	407
UniRef90_A0A0D1D0N5	57.22	377	403
UniRef90_UPI000381BB25	57.49	377	407
UniRef90_B1KXI2	53.66	377	402
UniRef90_B1KXI2	22.62	377	402
UniRef90_B8PBY2	52.24	377	440
UniRef90_UPI0006790526	57.07	377	387
UniRef90_UPI0006790526	20.35	377	387
UniRef90_A0A067TI65	51.72	377	463
UniRef90_A0A0D0E7X1	53.00	377	450
UniRef90_K5WCL5	51.99	377	486
UniRef90_A0A0C3SB52	51.72	377	472
UniRef90_A0A089PPZ5	57.14	377	403
UniRef90_A0A0D6MMU2	54.52	377	389
UniRef90_F8NGW9	50.66	377	436
UniRef90_K5WWV4	51.46	377	483
UniRef90_A0A060SLA1	48.99	377	459
UniRef90_F8PXF8	47.88	377	444
UniRef90_A0A067NYJ7	51.85	377	400
UniRef90_V2WW62	52.51	377	464
UniRef90_K5V6L0	52.38	377	451
UniRef90_K5V6L0	27.62	377	451
UniRef90_A0A0L6WX77	50.80	377	454
UniRef90_R7SN19	50.53	377	452
UniRef90_U3TVU8	57.97	377	398
UniRef90_M5FSP1	51.43	377	452
UniRef90_V2Y750	52.77	377	471
UniRef90_V2Y750	30.81	377	471
UniRef90_A0A0F5XWL1	55.19	377	407
UniRef90_UPI00044078BE	53.03	377	478
UniRef90_F7VR57	56.17	377	455
UniRef90_A0A0E9B9P0	58.24	377	402
UniRef90_S8EDF3	53.33	377	440
UniRef90_S8EDF3	21.86	377	440
UniRef90_UPI0006609172	57.14	377	403
UniRef90_A0A0H2RN63	50.40	377	481
UniRef90_A0A0H2RN63	28.98	377	481
UniRef90_R7S278	53.99	377	483
UniRef90_R7S278	27.65	377	483
UniRef90_UPI0005D449E3	58.33	377	409
UniRef90_A0A067NAB0	53.62	377	450
UniRef90_A0A067NAB0	28.81	377	450
UniRef90_A0A0B7F5V7	48.51	377	475
UniRef90_UPI000441169C	51.04	377	445
UniRef90_A0A0C3G5L6	50.53	377	433
UniRef90_UPI000483C7EF	57.57	377	414
UniRef90_UPI000483C7EF	23.27	377	414
UniRef90_A0A0C3ED07	49.87	377	433
UniRef90_X6F018	56.57	377	377
UniRef90_X6F018	27.33	377	377
UniRef90_Q6UGB9	50.40	377	455
UniRef90_Q6UGB9	25.00	377	455
UniRef90_A0A0H4LHD1	58.45	377	410
UniRef90_A0A063BRD8	54.33	377	466
UniRef90_E9E6I3	55.12	377	462
UniRef90_A0A0B2WFG4	55.96	377	464
UniRef90_A0A0B2WFG4	24.59	377	464
UniRef90_V5FHL8	53.30	377	415
UniRef90_V5FHL8	22.22	377	415
UniRef90_R9TZW1	61.35	377	329
UniRef90_R9TZW1	31.38	377	329
UniRef90_A0A0A1SX28	58.29	377	450
UniRef90_A0A0A1SX28	28.08	377	450
UniRef90_R8B8Q6	54.97	377	472
UniRef90_A0A0F7ZPU4	54.97	377	452
UniRef90_A0A0G2FCJ1	54.86	377	466
UniRef90_A0A0G2FCJ1	21.64	377	466
UniRef90_E8X7C8	54.67	377	387
UniRef90_K5V5C5	51.81	377	444
UniRef90_UPI0003FB9426	51.61	377	378
UniRef90_H6BP69	55.25	377	440
UniRef90_H6BP69	29.68	377	440
UniRef90_H6BP69	22.81	377	440
UniRef90_A0A0C9VVH1	48.94	377	452
UniRef90_UPI0006785F7F	50.13	377	383
UniRef90_A0A010RDL5	55.12	377	577
UniRef90_A0A010RDL5	26.71	377	577
UniRef90_UPI0005BD3D06	58.29	377	408
UniRef90_L2FKF9	54.05	377	476
UniRef90_M7TNW7	57.87	377	474
UniRef90_M7TNW7	22.04	377	474
UniRef90_A7EZM9	45.38	377	504
UniRef90_A7EZM9	31.22	377	504
UniRef90_UPI000455D908	51.32	377	452
UniRef90_A0A0C6E0T5	50.13	377	443
UniRef90_J7W1C4	55.47	377	371
UniRef90_S7ZLV6	53.56	377	452
UniRef90_S7ZLV6	22.22	377	452
UniRef90_UPI0004972FCC	57.71	377	408
UniRef90_UPI0004972FCC	23.60	377	408
UniRef90_R0IMN2	54.47	377	460
UniRef90_R0IMN2	23.97	377	460
UniRef90_R7S497	53.10	377	438
UniRef90_R7S497	22.05	377	438
UniRef90_K5WRG5	54.79	377	455
UniRef90_A0A0C3PJ98	49.87	377	436
UniRef90_A0A0D0A111	49.74	377	433
UniRef90_G0RKQ0	56.67	377	447
UniRef90_G0RKQ0	27.40	377	447
UniRef90_A0A0J8YC82	56.16	377	402
UniRef90_W2RM20	55.50	377	427
UniRef90_M1VX03	53.28	377	461
UniRef90_A0A0C3BRJ9	48.49	377	461
UniRef90_L2G455	57.02	377	464
UniRef90_L2G455	25.34	377	464
UniRef90_K5WCL2	51.19	377	469
UniRef90_J3AL76	59.47	377	397
UniRef90_Q5EMV1	54.45	377	486
UniRef90_Q5EMV1	22.67	377	486
UniRef90_A0A0E2EPN7	58.02	377	394
UniRef90_A0A0E2EPN7	25.87	377	394
UniRef90_C7ZQA7	57.30	377	467
UniRef90_C7ZQA7	24.49	377	467
UniRef90_A0A0B7JZS9	57.78	377	449
UniRef90_A0A0B7JZS9	28.08	377	449
UniRef90_Q0V2L7	54.90	377	457
UniRef90_Q0V2L7	22.81	377	457
UniRef90_UPI0004409305	50.13	377	451
UniRef90_W9WMP5	53.64	377	442
UniRef90_W9WMP5	22.81	377	442
UniRef90_UPI000561183F	51.74	377	378
UniRef90_A0A0D1ZMB0	53.46	377	440
UniRef90_A0A0D1ZMB0	22.22	377	440
UniRef90_W3XMU8	56.94	377	466
UniRef90_W3XMU8	20.47	377	466
UniRef90_A0A0H2S0E4	49.47	377	506
UniRef90_A0A072P1Q1	52.89	377	442
UniRef90_A0A072P1Q1	22.53	377	442
UniRef90_UPI0006F8D032	51.34	377	378
UniRef90_W6QG84	53.56	377	454
UniRef90_W6QG84	22.53	377	454
UniRef90_A0A0D2LCL5	48.28	377	475
UniRef90_J4KQS0	58.45	377	475
UniRef90_J4KQS0	26.71	377	475
UniRef90_A0A084QKF1	56.67	377	463
UniRef90_A0A084QKF1	26.71	377	463
UniRef90_A0A0L9T0V6	54.59	377	451
UniRef90_A0A0D0C9Y3	48.42	377	451
UniRef90_M2QJL8	48.79	377	455
UniRef90_A0A0C3H2M1	57.02	377	464
UniRef90_A0A0C3H2M1	22.22	377	464
UniRef90_E3QY53	53.81	377	474
UniRef90_E3QY53	21.51	377	474
UniRef90_F9XM94	51.83	377	462
UniRef90_B8ESY2	52.93	377	384
UniRef90_W9VT28	54.70	377	442
UniRef90_W9VT28	22.22	377	442
UniRef90_S8FN85	50.78	377	451
UniRef90_S8FN85	25.41	377	451
UniRef90_A0A0E3XHA5	55.83	377	398
UniRef90_B3QK43	53.97	377	658
UniRef90_B3QK43	22.80	377	658
UniRef90_UPI0006FB91BC	50.00	377	378
UniRef90_A0A0N1HS22	53.81	377	396
UniRef90_B0DZS6	47.09	377	432
UniRef90_A0A0D2EVP0	56.79	377	444
UniRef90_A0A0D2EVP0	22.81	377	444
UniRef90_G3J7L7	57.50	377	462
UniRef90_G3J7L7	26.71	377	462
UniRef90_A0A0D1ZGM9	53.16	377	452
UniRef90_A0A0D1ZGM9	21.98	377	452
UniRef90_A0A0M8N1T6	57.50	377	454
UniRef90_A0A0M8N1T6	26.71	377	454
UniRef90_A0A067Q6P3	51.03	377	451
UniRef90_A0A067Q6P3	26.98	377	451
UniRef90_D8Q486	53.74	377	394
UniRef90_D8Q486	28.57	377	394
UniRef90_A0A0L0NAI6	54.86	377	456
UniRef90_N1PD35	53.28	377	450
UniRef90_A0A098E1S2	52.76	377	465
UniRef90_A0A098E1S2	25.85	377	465
UniRef90_A0A0C3PM17	52.12	377	428
UniRef90_A0A0C3PM17	29.51	377	428
UniRef90_C7ZI14	55.00	377	468
UniRef90_C7ZI14	25.34	377	468
UniRef90_A0A016PRC6	44.06	377	498
UniRef90_A0A016PRC6	27.33	377	498
UniRef90_A0A0G4N257	55.12	377	463
UniRef90_A0A0G4N257	25.85	377	463
UniRef90_A0A0C9ZJ37	50.93	377	471
UniRef90_A0A0C9ZJ37	26.80	377	471
UniRef90_J3PF34	54.45	377	479
UniRef90_K5X4V2	47.50	377	472
UniRef90_M2QDP8	49.33	377	461
UniRef90_M2QDP8	30.59	377	461
UniRef90_M2NLP0	55.62	377	451
UniRef90_M2NLP0	21.98	377	451
UniRef90_G2XXL5	44.97	377	504
UniRef90_A0A0D2BIJ8	55.19	377	457
UniRef90_A0A0D2BIJ8	22.81	377	457
UniRef90_UPI0006D031B5	58.45	377	405
UniRef90_UPI0003FEFDA8	55.99	377	396
UniRef90_B2ATI7	53.56	377	477
UniRef90_B2ATI7	25.68	377	477
UniRef90_A0A0D2NRL2	45.62	377	449
UniRef90_F3UMY2	58.18	377	397
UniRef90_A2QFX7	53.30	377	457
UniRef90_A2QFX7	21.64	377	457
UniRef90_J4I3F8	53.74	377	362
UniRef90_A0A0B7K5Y5	51.53	377	460
UniRef90_A0A0D2YA79	53.02	377	465
UniRef90_A0A0D2YA79	26.53	377	465
UniRef90_A0A0F7TRM8	45.14	377	469
UniRef90_A0A0F7TRM8	24.87	377	469
UniRef90_M2ZEJ5	52.36	377	447
UniRef90_C7BWW2	51.84	377	493
UniRef90_Q2J3P9	52.42	377	378
UniRef90_A0A094F8N4	53.97	377	394
UniRef90_A0A094F8N4	23.23	377	394
UniRef90_A0A0J0XZ85	52.93	377	426
UniRef90_W9CA00	43.65	377	505
UniRef90_W9CA00	28.43	377	505
UniRef90_A0A0H2S6P5	45.38	377	439
UniRef90_UPI00024A4F10	54.62	377	398
UniRef90_G2Q4N9	51.97	377	470
UniRef90_G2Q4N9	21.05	377	470
UniRef90_S7QHR9	49.87	377	426
UniRef90_A0A0A2JSC1	53.30	377	618
UniRef90_A0A0A2JSC1	22.53	377	618
UniRef90_C9SRK5	54.50	377	480
UniRef90_C9SRK5	23.46	377	480
UniRef90_A0A0D2Y0Q3	44.59	377	460
UniRef90_A0A0D2Y0Q3	24.74	377	460
UniRef90_B8MF86	56.86	377	458
UniRef90_B8MF86	26.71	377	458
UniRef90_A0A0D2NH46	47.76	377	428
UniRef90_J4GX93	50.66	377	467
UniRef90_A0A060SRL8	49.47	377	451
UniRef90_A0A060SRL8	25.90	377	451
UniRef90_A0A060SRL8	22.39	377	451
UniRef90_A0A086T1X1	55.25	377	461
UniRef90_A0A086T1X1	25.14	377	461
UniRef90_A0A017S3D7	44.50	377	453
UniRef90_UPI00045610A7	51.04	377	495
UniRef90_K2S0R4	45.26	377	501
UniRef90_D9TCN9	55.15	377	366
UniRef90_UPI0003B5CE5D	51.22	377	415
UniRef90_J0QY78	56.76	377	410
UniRef90_UPI0004407C1D	51.45	377	430
UniRef90_A0A094H2V8	45.12	377	392
UniRef90_E8X6R0	51.74	377	420
UniRef90_A0A0F4YEK5	45.95	377	479
UniRef90_G2QW16	43.19	377	499
UniRef90_G2QW16	24.61	377	499
UniRef90_E3QNS0	41.42	377	506
UniRef90_E3QNS0	27.27	377	506
UniRef90_L8WM33	46.62	377	459
UniRef90_A0A010R5R4	41.16	377	503
UniRef90_A0A010R5R4	28.35	377	503
UniRef90_W3XCZ6	46.03	377	537
UniRef90_W3XCZ6	26.25	377	537
UniRef90_A5ABZ4	46.13	377	485
UniRef90_S3D7T7	44.06	377	503
UniRef90_S3D7T7	26.70	377	503
UniRef90_Q9UVK4	51.59	377	447
UniRef90_V5I2A1	46.72	377	464
UniRef90_V5I2A1	25.65	377	464
UniRef90_Q0CET0	43.80	377	461
UniRef90_Q0CET0	26.53	377	461
UniRef90_UPI0002EE9F1C	56.95	377	392
UniRef90_UPI0002EE9F1C	30.98	377	392
UniRef90_UPI0002EE9F1C	22.62	377	392
UniRef90_M2PCT8	51.05	377	421
UniRef90_S0P3S4	56.08	377	387
UniRef90_H1UZY7	40.90	377	478
UniRef90_H1UZY7	28.10	377	478
UniRef90_F9X8G8	43.86	377	508
UniRef90_F9X8G8	26.60	377	508
UniRef90_J5JJG2	44.59	377	487
UniRef90_J5JJG2	23.66	377	487
UniRef90_A0A0D0AW61	49.08	377	438
UniRef90_A0A0A2KHT6	43.83	377	461
UniRef90_A0A0A2KHT6	26.46	377	461
UniRef90_A0A074X5X4	53.89	377	392
UniRef90_A0A093XIJ3	55.92	377	466
UniRef90_A0A093XIJ3	26.71	377	466
UniRef90_A0A0F7TMD2	52.24	377	453
UniRef90_A0A0F7TMD2	22.81	377	453
UniRef90_B6GZC5	45.21	377	475
UniRef90_R2XG80	56.61	377	389
UniRef90_A0A0C3CIS1	47.88	377	436
UniRef90_B2II46	50.55	377	405
UniRef90_B2II46	31.10	377	405
UniRef90_A0A0C3HYE7	43.72	377	465
UniRef90_A0A0C3HYE7	24.61	377	465
UniRef90_A0A0D9MF34	44.36	377	813
UniRef90_A0A0D9MF34	24.74	377	813
UniRef90_G2Y5R6	44.21	377	455
UniRef90_G2Y5R6	26.63	377	455
UniRef90_S7ZM77	42.78	377	471
UniRef90_S7ZM77	24.62	377	471
UniRef90_R9QAK1	48.82	377	477
UniRef90_R9QAK1	27.81	377	477
UniRef90_A7EU07	44.24	377	455
UniRef90_H0TMD2	48.39	377	427
UniRef90_C5WDU0	54.32	377	398
UniRef90_L2FTM8	40.63	377	474
UniRef90_L2FTM8	26.89	377	474
UniRef90_M2MXM6	45.31	377	528
UniRef90_M3CLN7	44.76	377	512
UniRef90_M3CLN7	25.40	377	512
UniRef90_B6QLX6	55.01	377	1027
UniRef90_B6QLX6	26.71	377	1027
UniRef90_I8TZ86	44.36	377	471
UniRef90_M2YZQ6	44.24	377	509
UniRef90_A0A088ULU9	50.13	377	418
UniRef90_W6YKT1	46.46	377	496
UniRef90_W6YKT1	25.98	377	496
UniRef90_R0KFQ4	47.77	377	497
UniRef90_R0KFQ4	25.00	377	497
UniRef90_E8X6Q2	53.97	377	416
UniRef90_Q5AUD1	44.13	377	477
UniRef90_Q5AUD1	26.46	377	477
UniRef90_K4ZJZ5	64.97	377	314
UniRef90_K4ZJZ5	26.37	377	314
UniRef90_J4GDM1	50.00	377	427
UniRef90_Q2T5C7	49.33	377	418
UniRef90_Q2T5C7	32.30	377	418
UniRef90_G2Q4J3	42.37	377	502
UniRef90_G2Q4J3	21.39	377	502
UniRef90_S3CSY5	44.47	377	460
UniRef90_S3CSY5	26.84	377	460
UniRef90_A0A0F6BM85	65.10	377	308
UniRef90_A0A0F6BM85	30.43	377	308
UniRef90_A0A0F6BM85	27.42	377	308
UniRef90_W9CP13	44.50	377	457
UniRef90_A1C785	42.93	377	456
UniRef90_F8QB14	49.73	377	391
UniRef90_F8QB14	25.54	377	391
UniRef90_A0A074YG97	45.19	377	505
UniRef90_L8WK29	44.83	377	526
UniRef90_R1E9V1	45.41	377	454
UniRef90_V5G4V1	43.27	377	496
UniRef90_T5AML3	51.97	377	441
UniRef90_UPI000562069B	46.74	377	418
UniRef90_UPI000562069B	20.21	377	418
UniRef90_A0A067SH37	47.35	377	411
UniRef90_G9MYA2	44.06	377	496
UniRef90_W6Q8Y4	42.61	377	479
UniRef90_W6Q8Y4	24.87	377	479
UniRef90_UPI00038117BC	50.00	377	377
UniRef90_UPI00054D9E9F	49.74	377	420
UniRef90_A0A0J5Q2F7	42.68	377	478
UniRef90_F4S341	53.07	377	460
UniRef90_N1PY05	44.01	377	503
UniRef90_N1PY05	27.78	377	503
UniRef90_F4F7R3	55.18	377	381
UniRef90_UPI0006795AE0	49.60	377	419
UniRef90_A0A0G2FDL3	44.36	377	534
UniRef90_A0A0G2FDL3	28.19	377	534
UniRef90_A0A0J6T1K4	50.80	377	377
UniRef90_A0A0A2IUV5	42.39	377	474
UniRef90_A0A0A2IUV5	25.40	377	474
UniRef90_A0A0G2EKS8	45.38	377	455
UniRef90_A0A0L1HU11	47.77	377	501
UniRef90_A0A0L1HU11	25.00	377	501
UniRef90_G9NRV6	43.54	377	482
UniRef90_A0A095GDA8	48.39	377	418
UniRef90_G8NWT4	50.54	377	423
UniRef90_A0A0D6PMD3	47.41	377	418
UniRef90_A0A0D6PMD3	21.15	377	418
UniRef90_F7W2M9	40.84	377	503
UniRef90_F7W2M9	26.98	377	503
UniRef90_A0A0D1YPF4	54.00	377	398
UniRef90_A0A0D1YPF4	21.31	377	398
UniRef90_B8MQE3	43.54	377	459
UniRef90_K5X393	49.61	377	464
UniRef90_K5X393	26.74	377	464
UniRef90_UPI000440F6D3	49.46	377	432
UniRef90_M1VWG5	43.24	377	489
UniRef90_M1VWG5	27.81	377	489
UniRef90_A8I194	50.13	377	443
UniRef90_B6QJ83	42.44	377	450
UniRef90_B6QJ83	17.13	377	450
UniRef90_A0A017SNU9	44.15	377	402
UniRef90_Q0U352	45.41	377	479
UniRef90_Q0U352	24.21	377	479
UniRef90_A0A069PN28	47.40	377	418
UniRef90_A0A069PN28	21.53	377	418
UniRef90_UPI000465779E	46.59	377	404
UniRef90_UPI000465779E	21.36	377	404
UniRef90_UPI0003740F30	50.27	377	389
UniRef90_UPI0003740F30	22.28	377	389
UniRef90_A0A0F7ZGF2	42.55	377	477
UniRef90_A0A0F7ZGF2	19.54	377	477
UniRef90_UPI000694938C	50.00	377	427
UniRef90_N1PT54	41.54	377	526
UniRef90_N1PT54	26.32	377	526
UniRef90_S8DU89	49.19	377	373
UniRef90_A0A074WY47	43.12	377	507
UniRef90_D8QD67	47.62	377	419
UniRef90_A0A0D7Q5H1	46.17	377	422
UniRef90_A0A0D7Q5H1	19.51	377	422
UniRef90_UPI0003B76D2A	46.58	377	415
UniRef90_UPI0006786996	50.68	377	418
UniRef90_E3RMC3	45.93	377	518
UniRef90_UPI0003FF4C70	52.05	377	401
UniRef90_U4KYE2	44.85	377	551
UniRef90_U4KYE2	24.32	377	551
UniRef90_G3JSF4	43.68	377	477
UniRef90_G3JSF4	23.44	377	477
UniRef90_L7HTB6	43.92	377	476
UniRef90_L7HTB6	25.26	377	476
UniRef90_D5G7L2	43.77	377	452
UniRef90_D5G7L2	28.50	377	452
UniRef90_A0A0A2I8B9	42.82	377	407
UniRef90_UPI000556C9EA	50.69	377	416
UniRef90_A0A0L0NE19	42.74	377	472
UniRef90_G8P064	52.34	377	417
UniRef90_UPI0004080E15	45.97	377	418
UniRef90_UPI0004080E15	21.43	377	418
UniRef90_A0A0G2HWH9	44.53	377	405
UniRef90_K1X8C3	40.33	377	506
UniRef90_K5WDS2	47.43	377	398
UniRef90_U1IDY2	46.74	377	415
UniRef90_T5AIY8	43.01	377	478
UniRef90_A0A0K6KQ94	60.27	377	300
UniRef90_A0A0K6KQ94	31.98	377	300
UniRef90_UPI00048457F4	46.87	377	418
UniRef90_UPI00048457F4	30.49	377	418
UniRef90_H0S545	47.89	377	420
UniRef90_Q2TWB3	42.97	377	404
UniRef90_A0A0F7TMV4	42.86	377	410
UniRef90_D8Q473	44.95	377	540
UniRef90_D8Q473	29.38	377	540
UniRef90_UPI0003A814EB	48.09	377	418
UniRef90_UPI0003A814EB	22.44	377	418
UniRef90_UPI0003A814EB	27.11	377	418
UniRef90_UPI00067C966B	45.50	377	415
UniRef90_Q4X060	41.98	377	453
UniRef90_A0A0D7Q2V9	46.87	377	415
UniRef90_A0A0D2N606	43.16	377	445
UniRef90_Q5B7B7	42.22	377	407
UniRef90_Q5B7B7	25.43	377	407
UniRef90_W3XKJ3	41.44	377	407
UniRef90_A0A0N1NYM3	44.35	377	410
UniRef90_B8EQB0	47.00	377	418
UniRef90_E9DVC2	44.20	377	411
UniRef90_L2GBR1	43.57	377	409
UniRef90_UPI000465A1E7	45.23	377	415
UniRef90_G3JS32	44.41	377	408
UniRef90_A0A0D6MK70	42.86	377	412
UniRef90_A0A0D6MK70	28.48	377	412
UniRef90_Q89XM7	46.47	377	415
UniRef90_UPI0001D2DFA7	45.90	377	403
UniRef90_UPI0001D2DFA7	21.02	377	403
UniRef90_UPI000493C8EF	47.14	377	417
UniRef90_A0A0C3HJY8	41.21	377	401
UniRef90_A0A0C3HJY8	23.20	377	401
UniRef90_U4Q6E9	43.24	377	415
UniRef90_W9VW31	43.12	377	520
UniRef90_W9VW31	25.60	377	520
