UniRef90_P18429	99.46	185	213
UniRef90_S0ARU1	89.67	185	205
UniRef90_UPI00036D4DE9	86.49	185	212
UniRef90_F8F611	87.57	185	211
UniRef90_UPI0006D59AF0	88.11	185	211
UniRef90_E3EBI0	84.86	185	212
UniRef90_A0A0E4H7R5	88.46	185	212
UniRef90_E1AHZ6	87.03	185	211
UniRef90_UPI00047C84D5	85.41	185	211
UniRef90_UPI000376CA7C	85.41	185	212
UniRef90_F6LP55	86.49	185	208
UniRef90_A0A089IVJ3	86.81	185	211
UniRef90_D5KTJ4	84.86	185	211
UniRef90_Q6TLP3	84.32	185	214
UniRef90_A0A090Z5C8	84.86	185	211
UniRef90_A3QRI7	84.32	185	211
UniRef90_UPI0006D7777D	83.78	185	211
UniRef90_A0A089L610	86.81	185	211
UniRef90_P45705	83.78	185	210
UniRef90_A0A089KII9	86.26	185	211
UniRef90_UPI000376BC65	83.24	185	210
UniRef90_UPI000619ADA5	84.32	185	213
UniRef90_Q43993	83.24	185	211
UniRef90_W4D1N1	82.61	185	207
UniRef90_A9KJ59	80.54	185	212
UniRef90_S0AU68	82.42	185	203
UniRef90_A0A084JFE8	78.92	185	212
UniRef90_G7M8A3	80.00	185	213
UniRef90_W4QBI7	78.92	185	209
UniRef90_UPI000479A904	77.84	185	213
UniRef90_I3VTR8	78.26	185	211
UniRef90_S0FMH3	77.84	185	212
UniRef90_UPI000467CBDD	77.84	185	212
UniRef90_Q9KEF3	80.11	185	210
UniRef90_A0A0B5QSY8	79.46	185	214
UniRef90_B8I371	76.22	185	212
UniRef90_UPI00051BD8AD	75.14	185	212
UniRef90_D2KFL9	75.00	185	207
UniRef90_A0A0H5SEM7	79.67	185	212
UniRef90_L0EBB6	73.48	185	210
UniRef90_M1LSN7	71.35	185	213
UniRef90_H9TUL2	76.05	185	170
UniRef90_A1E9A5	64.48	185	226
UniRef90_D1BXH1	67.78	185	338
UniRef90_C7R2M6	67.22	185	428
UniRef90_UPI0005269A2B	68.33	185	328
UniRef90_UPI0004CA2D8D	66.11	185	227
UniRef90_F1SX84	67.40	185	228
UniRef90_A0A0M8Y505	68.33	185	317
UniRef90_UPI000426D962	67.58	185	362
UniRef90_UPI0003809DCB	68.33	185	334
UniRef90_S5VLT8	89.17	185	140
UniRef90_F3NGI4	65.56	185	340
UniRef90_I3NRT9	68.33	185	335
UniRef90_K7UAM8	65.56	185	223
UniRef90_T1W9I6	67.78	185	321
UniRef90_UPI00055DE936	65.56	185	226
UniRef90_UPI0003AD7251	65.56	185	229
UniRef90_S0AT02	85.61	185	160
UniRef90_Q9RQB8	68.36	185	335
UniRef90_L1KXE4	66.67	185	228
UniRef90_A0A0L8LGJ4	66.11	185	223
UniRef90_UPI00066A5A2F	67.22	185	328
UniRef90_H9ZGD1	66.11	185	341
UniRef90_UPI0005251414	65.56	185	224
UniRef90_UPI00036CA001	66.11	185	228
UniRef90_A0A0F5VPK9	65.56	185	226
UniRef90_A0A0M8XSR2	66.67	185	316
UniRef90_A0A081XZT6	70.45	185	330
UniRef90_UPI000464F34D	65.93	185	358
UniRef90_D7EZJ3	66.11	185	340
UniRef90_UPI000373546D	65.00	185	225
UniRef90_A0A086GNS1	66.11	185	232
UniRef90_Q5RZ98	66.67	185	338
UniRef90_UPI0005BE20D7	66.67	185	332
UniRef90_UPI0006251F22	67.05	185	341
UniRef90_H2JS43	64.44	185	231
UniRef90_D6K459	66.67	185	313
UniRef90_UPI0004E21EE5	64.44	185	229
UniRef90_L7EST2	65.00	185	229
UniRef90_D7CCK0	63.89	185	229
UniRef90_A0A072S7M7	69.89	185	342
UniRef90_A0A0M2JQ58	67.22	185	332
UniRef90_D1FNQ6	63.89	185	230
UniRef90_Q0CFS3	66.67	185	231
UniRef90_D9XZP1	67.78	185	333
UniRef90_UPI0004C08761	64.44	185	227
UniRef90_A0A066YDC0	64.44	185	227
UniRef90_UPI0006E22BCA	65.56	185	335
UniRef90_UPI00034952F3	66.11	185	333
UniRef90_UPI0004C61E46	63.89	185	230
UniRef90_UPI0005249EEF	65.00	185	329
UniRef90_D5UGI2	67.05	185	343
UniRef90_A0A0F0GHC2	65.00	185	223
UniRef90_A0A0L0KEL4	64.44	185	230
UniRef90_UPI0004C7D6ED	66.67	185	336
UniRef90_UPI000524D9E5	66.67	185	327
UniRef90_A0A0F7W6V9	64.44	185	240
UniRef90_A0A081EH01	62.36	185	231
UniRef90_UPI0006F7B0FF	66.67	185	648
UniRef90_A0A089X3Q9	64.44	185	229
UniRef90_UPI0004C4E1A2	65.00	185	231
UniRef90_UPI0003451CE1	62.36	185	229
UniRef90_A0A0A0C4F3	65.73	185	259
UniRef90_UPI0004C3536D	66.48	185	376
UniRef90_UPI0004C3C50C	63.89	185	221
UniRef90_UPI0006E227C2	64.44	185	233
UniRef90_D6Y4B1	66.11	185	334
UniRef90_Q9RMM4	65.00	185	335
UniRef90_A0A0C2G326	64.44	185	339
UniRef90_A0A0A0NAB5	63.89	185	231
UniRef90_UPI00068BD9D5	67.05	185	320
UniRef90_C6WIK2	61.11	185	233
UniRef90_UPI0006EB2A05	67.05	185	246
UniRef90_P26220	63.89	185	240
UniRef90_UPI0004C9026B	62.22	185	230
UniRef90_A0A0M8W3J9	62.78	185	232
UniRef90_A0A0N1H0F9	65.00	185	330
UniRef90_K4QXB0	64.44	185	320
UniRef90_UPI000525DD6A	63.89	185	226
UniRef90_W2F0S2	64.44	185	333
UniRef90_A0A0H4CJ26	65.56	185	337
UniRef90_UPI000405AE3E	63.33	185	330
UniRef90_UPI00056CAEEB	64.77	185	230
UniRef90_UPI0004CAA7DE	64.44	185	225
UniRef90_UPI0006E2C8E9	63.89	185	217
UniRef90_UPI000525DA66	65.00	185	324
UniRef90_Q9RMH9	68.18	185	329
UniRef90_UPI0005243962	61.67	185	224
UniRef90_D7AYW2	65.56	185	333
UniRef90_UPI00064BE2CC	63.33	185	231
UniRef90_UPI0003FE01D1	63.33	185	223
UniRef90_UPI00055CF7B9	64.44	185	328
UniRef90_D9WNB8	64.44	185	436
UniRef90_UPI00055A7345	64.37	185	296
UniRef90_A2AWV8	66.67	185	332
UniRef90_UPI00067CFDE8	61.67	185	207
UniRef90_UPI0006F9F5C6	65.00	185	641
UniRef90_UPI00037E0219	62.78	185	219
UniRef90_UPI0006E193BA	63.89	185	317
UniRef90_B2KJ43	64.44	185	279
UniRef90_G2NBA0	63.89	185	335
UniRef90_C7Q365	63.89	185	380
UniRef90_A0A0M8Y3K9	61.67	185	225
UniRef90_UPI0006E32BC8	63.48	185	224
UniRef90_A0A0M8QTZ7	63.89	185	240
UniRef90_F9XDM7	62.64	185	225
UniRef90_A0A0K2ARG3	63.89	185	331
UniRef90_A0A0J6DGS2	67.22	185	675
UniRef90_Q4WG11	63.93	185	228
UniRef90_D5UGI1	65.34	185	1001
UniRef90_A0A0N1NSV4	63.89	185	326
UniRef90_UPI0006251E64	65.00	185	340
UniRef90_E5L391	63.89	185	332
UniRef90_A0A0M9ZUG8	62.22	185	227
UniRef90_S9QGF2	62.03	185	197
UniRef90_A0A0D2J362	62.64	185	225
UniRef90_A0A0B5DRJ6	65.56	185	344
UniRef90_A0A0M8VDC3	62.78	185	208
UniRef90_C9Z2V1	62.78	185	232
UniRef90_UPI0005618616	62.78	185	224
UniRef90_C4RFE5	62.78	185	333
UniRef90_UPI00068B3C49	63.33	185	337
UniRef90_UPI0006E35992	63.89	185	337
UniRef90_A0A0F7CNZ4	62.92	185	209
UniRef90_UPI0004C449AB	62.22	185	331
UniRef90_UPI0004152BF4	63.89	185	327
UniRef90_UPI0003713EFD	66.48	185	354
UniRef90_R1I386	62.22	185	221
UniRef90_A0A0J6DD11	65.56	185	330
UniRef90_D5UGI0	64.20	185	692
UniRef90_UPI00058F5C81	62.22	185	326
UniRef90_Q14ST6	65.56	185	539
UniRef90_A0A0M8RNG5	60.56	185	214
UniRef90_UPI0005AB68F5	65.00	185	335
UniRef90_UPI0004C2946F	63.33	185	326
UniRef90_P55332	62.30	185	225
UniRef90_E3QHP2	61.54	185	232
UniRef90_A1CCU0	62.84	185	229
UniRef90_A0A0N0MWS9	62.78	185	342
UniRef90_H9TUL4	61.29	185	255
UniRef90_UPI0004C0F057	63.89	185	335
UniRef90_UPI0006E36818	61.11	185	231
UniRef90_A0A066YQQ6	61.67	185	375
UniRef90_W7S860	60.00	185	376
UniRef90_UPI0005C1324D	61.67	185	355
UniRef90_A0A0C2FCQ0	58.89	185	227
UniRef90_Q8GMV7	65.50	185	344
UniRef90_A0A0F2T1B8	60.00	185	230
UniRef90_A0A0M0ULM4	64.61	185	230
UniRef90_Q59962	63.74	185	228
UniRef90_F7VLK3	60.99	185	221
UniRef90_P26515	62.78	185	335
UniRef90_F8A6K7	63.89	185	626
UniRef90_C7PX75	62.43	185	494
UniRef90_R1GCT8	62.30	185	222
UniRef90_UPI00034A353E	59.65	185	229
UniRef90_Q8VUT4	64.29	185	346
UniRef90_Q693B5	61.08	185	417
UniRef90_UPI00068DCFCA	61.11	185	365
UniRef90_E4N0N4	61.58	185	329
UniRef90_UPI0004C6DF38	63.01	185	284
UniRef90_P55333	59.34	185	221
UniRef90_Q7SDQ1	59.89	185	220
UniRef90_UPI0006E1DD90	59.44	185	336
UniRef90_S4YDW0	63.19	185	236
UniRef90_W2S6Z5	61.75	185	221
UniRef90_Q8J1V5	60.99	185	230
UniRef90_G8SKM4	62.22	185	329
UniRef90_A0A0L0I865	60.00	185	385
UniRef90_UPI00068A873A	58.33	185	212
UniRef90_S8A5I6	60.80	185	231
UniRef90_A0A0F7NBN8	58.33	185	228
UniRef90_A0A093YLJ8	60.11	185	230
UniRef90_A0A0G2GGJ7	61.20	185	224
UniRef90_D1KJJ7	59.44	185	241
UniRef90_Q21G61	63.74	185	767
UniRef90_UPI00037E2C73	58.01	185	230
UniRef90_A0A0A8LFP1	59.12	185	186
UniRef90_G4TKT5	61.75	185	233
UniRef90_A0A0A0B4D5	63.33	185	652
UniRef90_Q9HFA4	61.75	185	232
UniRef90_A0A099D5H6	59.67	185	230
UniRef90_W2RLY5	60.67	185	232
UniRef90_A0A0A7CN83	56.68	185	575
UniRef90_A0A093XZB9	61.24	185	231
UniRef90_G1X0J7	61.24	185	231
UniRef90_P55330	61.54	185	225
UniRef90_G2Q4S6	61.24	185	228
UniRef90_A0A0F7NE49	59.44	185	325
UniRef90_A0A074WCG6	59.55	185	231
UniRef90_A0A094HAT3	60.11	185	230
UniRef90_A0A0A8LEC2	57.69	185	221
UniRef90_UPI0006847549	58.56	185	235
UniRef90_G4MWS3	55.74	185	236
UniRef90_W7SI29	60.23	185	224
UniRef90_G0WRC8	58.99	185	227
UniRef90_Q2GZ11	60.11	185	230
UniRef90_W3X1B8	58.79	185	223
UniRef90_A0A086TBD5	59.66	185	232
UniRef90_A0A0L6JJI3	58.56	185	729
UniRef90_Q0ZHI9	60.67	185	250
UniRef90_UPI000481B053	57.78	185	228
UniRef90_A0A0A8LFE7	58.79	185	224
UniRef90_Q0ZBK9	58.47	185	235
UniRef90_Q9HGE1	57.87	185	227
UniRef90_H1UW78	60.67	185	231
UniRef90_A0A010QGI7	61.54	185	252
UniRef90_C0STU7	58.24	185	202
UniRef90_B2A9I4	57.69	185	223
UniRef90_A0A0D2G6R6	60.11	185	228
UniRef90_A0A0B5JRQ1	58.99	185	232
UniRef90_A0A094G3U5	58.47	185	243
UniRef90_G4TNM5	60.44	185	230
UniRef90_R4LM27	59.34	185	375
UniRef90_UPI0005F2A247	60.56	185	310
UniRef90_UPI00068FDCBB	58.99	185	313
UniRef90_P54865	63.33	185	644
UniRef90_A0A0M0UKI7	57.14	185	220
UniRef90_A0A0N0NSC6	58.99	185	231
UniRef90_A0A0D9MS98	54.19	185	219
UniRef90_I1S2K3	56.74	185	231
UniRef90_UPI0006E14286	57.22	185	371
UniRef90_A1DNU5	57.14	185	221
UniRef90_G9BYB1	61.11	185	217
UniRef90_A0A0G4KFG4	61.80	185	705
UniRef90_Q00350	57.87	185	231
UniRef90_V4PVB8	59.57	185	201
UniRef90_U7PKR6	59.02	185	234
UniRef90_T0K1I6	55.43	185	227
UniRef90_A0A0A8LEB1	57.14	185	219
UniRef90_W9WKQ3	58.70	185	230
UniRef90_E3Q9I3	60.99	185	283
UniRef90_T0MBU2	59.34	185	274
UniRef90_E3S9S5	57.38	185	231
UniRef90_Q5I3P3	68.28	185	142
UniRef90_G4TKW1	59.34	185	292
UniRef90_A0A0A8LF36	54.59	185	232
UniRef90_A0A0A8LED9	56.22	185	229
UniRef90_A0A094GZ33	57.30	185	230
UniRef90_A0A0C3M8T4	60.11	185	287
UniRef90_D9SZ92	61.02	185	333
UniRef90_A0A093YJP7	57.38	185	224
UniRef90_A7EE78	58.24	185	281
UniRef90_K2RN85	57.92	185	222
UniRef90_C3VEV8	58.24	185	217
UniRef90_G4U014	58.24	185	234
UniRef90_W9C719	55.74	185	227
UniRef90_W9C6Q0	58.79	185	286
UniRef90_F0S4T0	55.43	185	275
UniRef90_A0A0C4DHY5	56.74	185	231
UniRef90_A0A017RZL4	56.04	185	221
UniRef90_Q5I3Q0	68.28	185	142
UniRef90_A0A084P7B3	54.95	185	280
UniRef90_G4TKV8	60.44	185	287
UniRef90_UPI000694A4C5	55.43	185	216
UniRef90_A0A0G2EI29	60.66	185	236
UniRef90_UPI0001762116	60.66	185	219
UniRef90_Q2PGY1	56.04	185	217
UniRef90_S8AJR6	57.14	185	292
UniRef90_T2D2H3	58.43	185	230
UniRef90_Q0Q592	56.83	185	231
UniRef90_S3D920	57.38	185	228
UniRef90_UPI000441774D	54.95	185	286
UniRef90_R9UKP5	59.89	185	352
UniRef90_Q0CMZ1	57.14	185	220
UniRef90_B8NJ86	56.04	185	221
UniRef90_F8DB45	58.79	185	435
UniRef90_UPI000418D575	56.28	185	229
UniRef90_Q5I3P8	66.90	185	143
UniRef90_A0A0A8LF26	56.04	185	220
UniRef90_F9F5R3	57.30	185	295
UniRef90_W9LSR6	57.30	185	289
UniRef90_J7GPW4	59.34	185	358
UniRef90_M7TVV3	57.69	185	281
UniRef90_A0A0A8LEB5	55.62	185	215
UniRef90_A0A093ZJ61	53.85	185	280
UniRef90_A0A0K8LJ42	56.35	185	427
UniRef90_UPI00068BB743	57.69	185	347
UniRef90_A0A0C3L0X6	58.47	185	291
UniRef90_B2LWN3	60.66	185	346
UniRef90_A0A010SFW1	53.26	185	229
UniRef90_B0FX61	55.74	185	216
UniRef90_A0A094BJP2	55.74	185	224
UniRef90_Q9UUQ2	54.40	185	221
UniRef90_A0A094FF83	53.85	185	279
UniRef90_W3XMK0	56.28	185	229
UniRef90_A0A084RDN1	54.95	185	793
UniRef90_A0A084G7T7	58.24	185	276
UniRef90_J3PC50	54.64	185	297
UniRef90_A0A0A8LEE1	56.59	185	221
UniRef90_A0A0H2SLH4	53.30	185	285
UniRef90_F7PGE0	54.44	185	520
UniRef90_A0A0A2KTJ9	54.40	185	216
UniRef90_G4TWK7	61.49	185	176
UniRef90_C7ZC92	57.14	185	286
UniRef90_A0A0M8P5G5	51.65	185	217
UniRef90_S5WCP8	93.55	185	112
UniRef90_E3QH42	54.44	185	229
UniRef90_C9SNM9	56.28	185	223
UniRef90_A1CU59	53.30	185	221
UniRef90_Q8J1V6	57.69	185	261
UniRef90_A0A0M2S1I8	58.79	185	327
UniRef90_A0A0A8LEC5	53.85	185	289
UniRef90_S7ZJ07	53.85	185	219
UniRef90_C7NT55	54.49	185	411
UniRef90_A0A067C1G7	54.84	185	563
UniRef90_G2X4G0	56.28	185	223
UniRef90_UPI0004164D40	57.14	185	365
UniRef90_Q12579	55.49	185	219
UniRef90_P35809	54.05	185	197
UniRef90_B7SIW1	54.95	185	290
UniRef90_M1G4Y1	54.64	185	219
UniRef90_G2QIK8	54.40	185	223
UniRef90_M7STD0	55.74	185	226
UniRef90_F2VRY8	54.95	185	292
UniRef90_V2WP45	52.97	185	231
UniRef90_N4VFY8	53.26	185	227
UniRef90_S5RSV2	55.87	185	226
UniRef90_K3VKV9	55.62	185	318
UniRef90_A0A0K8KZG6	63.19	185	227
UniRef90_N4VM17	59.34	185	282
UniRef90_A0A0C2WGW7	55.25	185	230
UniRef90_K5WVZ1	53.30	185	292
UniRef90_A0A0F4ZHJ3	55.43	185	232
UniRef90_A0A0A8LEY3	54.70	185	229
UniRef90_A0A0C3Q0I9	57.38	185	264
UniRef90_E3Q964	55.98	185	225
UniRef90_A6YAP7	54.59	185	234
UniRef90_A0A0A8LED7	57.92	185	287
UniRef90_J3NW75	54.89	185	232
UniRef90_A0A0C3S735	58.05	185	200
UniRef90_V5FWP5	54.40	185	217
UniRef90_A0A0A8LEA9	53.59	185	233
UniRef90_A0A0G4L2X7	54.04	185	823
UniRef90_Q7Z8Q3	54.40	185	223
UniRef90_Q00263	55.06	185	227
UniRef90_V9XVA4	57.69	185	282
UniRef90_N1PCA4	55.19	185	229
UniRef90_A0A0A7CMG4	56.68	185	300
UniRef90_UPI0006F894E5	55.62	185	197
UniRef90_Q2GZB2	55.74	185	233
UniRef90_L0E9J8	51.87	185	204
UniRef90_A8P8F0	53.04	185	230
UniRef90_A0A0F8AZX7	55.87	185	229
UniRef90_B5A7N4	53.93	185	221
UniRef90_A0A0C2X2W6	54.14	185	200
UniRef90_G4TXS3	58.79	185	295
UniRef90_A0A0A8LEB2	57.14	185	225
UniRef90_A0A0A8LF32	53.55	185	201
UniRef90_A0A093XQL8	54.10	185	283
UniRef90_G2QDB9	53.55	185	230
UniRef90_Q2HCI0	55.49	185	219
UniRef90_W0HJ53	52.75	185	216
UniRef90_A0A0A8LFD9	54.70	185	220
UniRef90_A0A0C3H1N7	51.10	185	219
UniRef90_A0A0A8LFE1	54.64	185	289
UniRef90_R8BQL1	55.74	185	219
UniRef90_Q5I3P5	63.45	185	144
UniRef90_F2ZAD6	56.76	185	233
UniRef90_A0A0D9LDE3	52.75	185	217
UniRef90_UPI000440E121	53.85	185	288
UniRef90_UPI00044129E1	58.66	185	279
UniRef90_S6D107	56.11	185	403
UniRef90_Q5I3P7	66.21	185	142
UniRef90_G0XSW2	64.08	185	136
UniRef90_Q1K5S8	56.04	185	293
UniRef90_A0A074WF16	51.10	185	225
UniRef90_A0A0M8P137	50.27	185	217
UniRef90_A0A0A7CMT8	56.15	185	237
UniRef90_A0A098LFJ9	52.69	185	837
UniRef90_G4TYY6	57.69	185	290
UniRef90_UPI000526854F	65.44	185	266
UniRef90_M0CQL9	51.11	185	554
UniRef90_A8NKZ6	53.33	185	230
UniRef90_I6LKU3	55.06	185	291
UniRef90_A0A0D2Y051	53.85	185	232
UniRef90_L2G4N5	51.92	185	300
UniRef90_A0A0M0UBR9	54.95	185	285
UniRef90_Q0TZE3	54.49	185	226
UniRef90_M0CNH9	53.37	185	406
UniRef90_A0A0C2WVS2	53.59	185	230
UniRef90_A0A0F8WUT9	52.17	185	297
UniRef90_Q06562	53.85	185	221
UniRef90_B3VSG7	55.19	185	226
UniRef90_G4NA54	53.93	185	231
UniRef90_A0A067NH24	52.97	185	295
UniRef90_A0A0F8WP74	51.61	185	222
UniRef90_C7YSL3	54.64	185	222
UniRef90_Q0U2J3	53.93	185	227
UniRef90_A0A0A8LEC9	57.49	185	163
UniRef90_A0A0F7TQZ8	53.80	185	288
UniRef90_UPI000463006C	55.25	185	574
UniRef90_I0L6W9	56.83	185	347
UniRef90_A0A074XWT4	52.20	185	224
UniRef90_A0A0C3APY7	51.61	185	222
UniRef90_A0A094FNX0	51.10	185	238
UniRef90_A0A074X0W6	53.01	185	218
UniRef90_UPI0004BEDD1D	57.14	185	339
UniRef90_A0A093XJR1	53.01	185	361
UniRef90_A0A0D7BKS2	53.51	185	226
UniRef90_A0A0C3PW60	54.64	185	289
UniRef90_A0A0F7VU23	54.40	185	349
UniRef90_A0A0D0VX03	55.43	185	343
UniRef90_R0ICV4	53.01	185	231
UniRef90_A0A0A8LEC0	56.29	185	161
UniRef90_A0A0G2ERY0	52.20	185	242
UniRef90_M2RSH5	53.30	185	221
UniRef90_A0A0L1HK00	50.25	185	246
UniRef90_A0A0A8LF91	53.33	185	226
UniRef90_A0A074XAA6	53.55	185	218
UniRef90_A0A067N8W3	54.59	185	243
UniRef90_UPI00044125BB	58.10	185	284
UniRef90_A0A094KA56	52.75	185	281
UniRef90_E7EF85	50.54	185	310
UniRef90_A0A0C3LJD3	54.64	185	223
UniRef90_Q9HFH0	51.10	185	223
UniRef90_I1RII8	51.37	185	228
UniRef90_A0A0D2IBH1	50.25	185	245
UniRef90_UPI0003769F3A	56.04	185	348
UniRef90_Q0U5W9	53.51	185	232
UniRef90_M2RAB4	50.81	185	229
UniRef90_B2AC12	53.85	185	287
UniRef90_U5VZU1	55.49	185	342
UniRef90_A0A084QUG5	54.44	185	231
UniRef90_A0A0A8LFH4	53.30	185	215
UniRef90_A0A0D2NXE2	56.71	185	220
UniRef90_C3VEV7	53.26	185	243
UniRef90_A0A0J5PNY6	51.63	185	363
UniRef90_C7NT54	52.63	185	524
UniRef90_UPI0006900BA3	51.65	185	359
UniRef90_H2J8J4	54.14	185	361
UniRef90_UPI000409C16F	53.55	185	341
UniRef90_X5IHJ0	52.15	185	362
UniRef90_A0A0K8KZ20	52.20	185	346
UniRef90_M3CYK1	53.30	185	227
UniRef90_UPI0006E24141	54.40	185	328
UniRef90_UPI0003FF0F9A	52.72	185	360
UniRef90_A1DJ68	51.65	185	330
UniRef90_N1PGQ5	53.89	185	229
UniRef90_A0A0L0T0B6	51.14	185	234
UniRef90_H2J8J3	54.70	185	551
UniRef90_UPI0006CF4EA1	52.73	185	368
UniRef90_UPI0004C72F47	53.30	185	349
UniRef90_A0A0A8LFJ4	50.56	185	265
UniRef90_Q2I6W5	52.43	185	377
UniRef90_A0A0C2W5W6	50.83	185	225
UniRef90_UPI0004C420AF	50.00	185	361
UniRef90_A0A0B5JC15	53.85	185	291
UniRef90_G4TKV9	59.01	185	301
UniRef90_UPI00069476AB	53.04	185	451
UniRef90_A0A0A8LF22	49.46	185	253
UniRef90_A0A0L0T0A2	50.28	185	233
UniRef90_A0A0A6UN41	53.01	185	334
UniRef90_P81536	50.55	185	194
UniRef90_Q38Q19	50.56	185	227
UniRef90_A0A094CFV1	50.00	185	279
UniRef90_B2A9A1	51.69	185	224
UniRef90_A0A010S4E2	55.19	185	222
UniRef90_Q11SH7	51.61	185	1160
UniRef90_A0A084RDN1	54.95	185	793
UniRef90_P18429	99.46	185	213
UniRef90_A0A0G4KFG4	60.44	185	705
UniRef90_F8F611	87.57	185	211
UniRef90_Q6TLP3	84.32	185	214
UniRef90_D5KTJ4	84.86	185	211
UniRef90_E1AHZ6	87.03	185	211
UniRef90_I3VTR8	78.26	185	211
UniRef90_E3EBI0	84.86	185	212
UniRef90_D9WNB8	64.44	185	436
UniRef90_A0A0B5QSY8	78.92	185	214
UniRef90_UPI000479A904	77.84	185	213
UniRef90_UPI00036D4DE9	86.49	185	212
UniRef90_UPI0006D7777D	83.78	185	211
UniRef90_G7M8A3	80.00	185	213
UniRef90_A0A0E4H7R5	88.46	185	212
UniRef90_G1X9B1	51.65	185	1364
UniRef90_A0A090Z5C8	84.86	185	211
UniRef90_Q9KEF3	78.38	185	210
UniRef90_A9KJ59	80.54	185	212
UniRef90_UPI0006D59AF0	88.11	185	211
UniRef90_A0A084JFE8	78.92	185	212
UniRef90_S0FMH3	77.84	185	212
UniRef90_A3QRI7	84.32	185	211
UniRef90_A0A0G4L2X7	52.97	185	823
UniRef90_UPI000376CA7C	85.41	185	212
UniRef90_Q43993	83.24	185	211
UniRef90_W4QBI7	78.92	185	209
UniRef90_UPI000376BC65	83.24	185	210
UniRef90_UPI00047C84D5	85.41	185	211
UniRef90_A0A089KII9	86.26	185	211
UniRef90_UPI000619ADA5	84.32	185	213
UniRef90_A0A089IVJ3	86.81	185	211
UniRef90_D2KFL9	75.00	185	207
UniRef90_A0A0K8LJ42	56.35	185	427
UniRef90_P45705	83.78	185	210
UniRef90_A0A089L610	86.81	185	211
UniRef90_UPI0004C08761	64.44	185	227
UniRef90_S0ARU1	89.67	185	205
UniRef90_M1LSN7	71.35	185	213
UniRef90_UPI000467CBDD	77.84	185	212
UniRef90_P55332	62.30	185	225
UniRef90_F9XDM7	62.64	185	225
UniRef90_A0A0A7CN83	56.68	185	575
UniRef90_B8I371	76.22	185	212
UniRef90_A0A0G4M6I8	52.20	185	787
UniRef90_UPI00067CFDE8	61.67	185	207
UniRef90_UPI0006F7B0FF	66.11	185	648
UniRef90_I3NRT9	68.33	185	335
UniRef90_A0A0H5SEM7	78.38	185	212
UniRef90_A0A0J5PNY6	51.63	185	363
UniRef90_UPI0006F9F5C6	64.44	185	641
UniRef90_W4D1N1	82.61	185	207
UniRef90_UPI00051BD8AD	75.14	185	212
UniRef90_Q0CFS3	66.67	185	231
UniRef90_L7EST2	65.00	185	229
UniRef90_UPI0004CA2D8D	66.11	185	227
UniRef90_K7UAM8	65.56	185	223
UniRef90_A0A0N1NSV4	63.89	185	326
UniRef90_A0A0C3L0X6	58.47	185	291
UniRef90_A0A094G3U5	57.92	185	243
UniRef90_W3XMK0	55.49	185	229
UniRef90_A0A0L8LGJ4	66.11	185	223
UniRef90_Q0Q592	56.04	185	231
UniRef90_UPI0005269A2B	68.33	185	328
UniRef90_A0A0H4CJ26	65.56	185	337
UniRef90_D7EZJ3	66.11	185	340
UniRef90_UPI0006E227C2	64.44	185	233
UniRef90_A0A0L0KEL4	64.44	185	230
UniRef90_UPI0005618616	62.22	185	224
UniRef90_H9ZGD1	66.11	185	341
UniRef90_D6Y4B1	66.11	185	334
UniRef90_D1BXH1	67.78	185	338
UniRef90_UPI0005251414	65.56	185	224
UniRef90_D1FNQ6	63.89	185	230
UniRef90_UPI00055DE936	65.56	185	226
UniRef90_A0A0M8Y3K9	61.67	185	225
UniRef90_K4QXB0	64.44	185	320
UniRef90_UPI0004C2946F	63.33	185	326
UniRef90_UPI00058F5C81	62.22	185	326
UniRef90_UPI0006E35992	63.89	185	337
UniRef90_Q14ST6	65.56	185	539
UniRef90_A0A0M8W3J9	62.78	185	232
UniRef90_D7CCK0	63.89	185	229
UniRef90_Q5RZ98	66.67	185	338
UniRef90_U7PKR6	58.24	185	234
UniRef90_A0A066YDC0	64.44	185	227
UniRef90_UPI0004E21EE5	64.44	185	229
UniRef90_A0A093XJR1	53.01	185	361
UniRef90_L0EBB6	71.89	185	210
UniRef90_UPI0005243962	61.67	185	224
UniRef90_C4RFE5	63.13	185	333
UniRef90_A0A0N1H0F9	65.00	185	330
UniRef90_Q693B5	61.08	185	417
UniRef90_A0A0C3Q0I9	57.38	185	264
UniRef90_UPI0004C4E1A2	65.00	185	231
UniRef90_UPI0004C61E46	63.89	185	230
UniRef90_F8A6K7	63.89	185	626
UniRef90_L1KXE4	66.67	185	228
UniRef90_UPI00064BE2CC	63.33	185	231
UniRef90_UPI00034952F3	66.11	185	333
UniRef90_A0A0M9ZUG8	62.22	185	227
UniRef90_A0A093YJP7	57.38	185	224
UniRef90_D7AYW2	65.00	185	333
UniRef90_UPI0004C3536D	64.44	185	376
UniRef90_UPI000524D9E5	66.67	185	327
UniRef90_UPI0004C9026B	62.22	185	230
UniRef90_P26515	62.78	185	335
UniRef90_A0A084P7B3	54.95	185	280
UniRef90_UPI0006251E64	65.00	185	340
UniRef90_Q9RMM4	65.00	185	335
UniRef90_UPI0004C7D6ED	66.67	185	336
UniRef90_F3NGI4	65.56	185	340
UniRef90_F1SX84	67.40	185	228
UniRef90_A0A0A0NAB5	63.89	185	231
UniRef90_Q4WG11	63.93	185	228
UniRef90_Q21G61	63.74	185	767
UniRef90_E5L391	63.89	185	332
UniRef90_Q0ZHI9	59.34	185	250
UniRef90_T1W9I6	67.22	185	321
UniRef90_M7STD0	54.95	185	226
UniRef90_E3S9S5	56.59	185	231
UniRef90_A0A010QGI7	61.54	185	252
UniRef90_UPI0006E193BA	63.89	185	317
UniRef90_A0A0M8RNG5	60.56	185	214
UniRef90_P26220	63.89	185	240
UniRef90_A0A089X3Q9	64.44	185	229
UniRef90_A0A0F7W6V9	64.44	185	240
UniRef90_A0A0J6DGS2	67.22	185	675
UniRef90_UPI0003713EFD	65.93	185	354
UniRef90_A0A081EH01	62.36	185	231
UniRef90_A0A0A8LFE7	58.79	185	224
UniRef90_A0A0M0UKI7	57.14	185	220
UniRef90_A0A0A0B4D5	63.33	185	652
UniRef90_A0A0K8KZ20	52.20	185	346
UniRef90_UPI000373546D	65.00	185	225
UniRef90_Q38Q19	49.45	185	227
UniRef90_D5UGI1	64.25	185	1001
UniRef90_P55333	59.34	185	221
UniRef90_UPI0006E2C8E9	63.89	185	217
UniRef90_UPI0003AD7251	65.56	185	229
UniRef90_S3D920	57.38	185	228
UniRef90_UPI00036CA001	66.11	185	228
UniRef90_A0A067C1G7	54.84	185	563
UniRef90_Q9HFA4	61.75	185	232
UniRef90_A0A086GNS1	66.11	185	232
UniRef90_UPI00066A5A2F	67.22	185	328
UniRef90_H2JS43	64.44	185	231
UniRef90_UPI000525DD6A	63.89	185	226
UniRef90_W9LSR6	56.04	185	289
UniRef90_A0A017RZL4	56.04	185	221
UniRef90_E3QHP2	61.54	185	232
UniRef90_A0A0M8Y505	68.33	185	317
UniRef90_UPI000405AE3E	63.33	185	330
UniRef90_D1KJJ7	59.44	185	241
UniRef90_A0A0K2ARG3	63.89	185	331
UniRef90_UPI0004C3C50C	63.89	185	221
UniRef90_R8BQL1	54.95	185	219
UniRef90_A0A0M2JQ58	67.22	185	332
UniRef90_UPI0004C0F057	63.89	185	335
UniRef90_UPI0004152BF4	63.89	185	327
UniRef90_A1E9A5	64.48	185	226
UniRef90_D6K459	66.67	185	313
UniRef90_F7VLK3	60.99	185	221
UniRef90_UPI000525DA66	65.00	185	324
UniRef90_G4TKT5	61.75	185	233
UniRef90_UPI0003809DCB	68.33	185	334
UniRef90_Q7SDQ1	59.89	185	220
UniRef90_A0A0C2G326	63.89	185	339
UniRef90_D9XZP1	67.22	185	333
UniRef90_UPI000441774D	54.95	185	286
UniRef90_A0A0B5DRJ6	65.56	185	344
UniRef90_A0A0F5VPK9	65.56	185	226
UniRef90_A0A0N0MWS9	62.78	185	342
UniRef90_F9F5R3	56.04	185	295
UniRef90_P55330	61.54	185	225
UniRef90_A0A0M8XSR2	66.11	185	316
UniRef90_UPI0005AB68F5	65.00	185	335
UniRef90_B7SIW1	54.95	185	290
UniRef90_C6WIK2	61.11	185	233
UniRef90_G8SKM4	62.22	185	329
UniRef90_A0A0M8QTZ7	63.89	185	240
UniRef90_G2QIK8	54.40	185	223
UniRef90_G4MWS3	55.74	185	236
UniRef90_UPI0006E22BCA	65.56	185	335
UniRef90_S8AJR6	57.14	185	292
UniRef90_UPI00068B3C49	63.33	185	337
UniRef90_A0A084QG64	55.33	185	722
UniRef90_W9C6Q0	58.79	185	286
UniRef90_R0ICV4	52.20	185	231
UniRef90_A0A066YQQ6	61.67	185	375
UniRef90_Q2PGY1	56.04	185	217
UniRef90_C7ZC92	57.14	185	286
UniRef90_Q8VUT4	63.74	185	346
UniRef90_A0A093ZJ61	53.85	185	280
UniRef90_Q9RQB8	68.36	185	335
UniRef90_B2A9I4	57.69	185	223
UniRef90_R1GCT8	62.30	185	222
UniRef90_E3Q9I3	59.89	185	283
UniRef90_A1DJ68	51.65	185	330
UniRef90_A0A0A8LEB1	57.14	185	219
UniRef90_B0FX61	54.95	185	216
UniRef90_A0A0D2J362	62.64	185	225
UniRef90_UPI0006E32BC8	63.33	185	224
UniRef90_UPI00055CF7B9	64.44	185	328
UniRef90_A0A0G2GGJ7	61.20	185	224
UniRef90_C9Z2V1	62.78	185	232
UniRef90_C7Q365	63.89	185	380
UniRef90_G2NBA0	63.89	185	335
UniRef90_A0A0C3M8T4	60.11	185	287
UniRef90_UPI0006E36818	61.11	185	231
UniRef90_M2RAB4	50.00	185	229
UniRef90_T0MBU2	59.34	185	274
UniRef90_UPI0003451CE1	62.71	185	229
UniRef90_A1DNU5	57.14	185	221
UniRef90_Q4WFZ8	51.10	185	313
UniRef90_A0A0F2T1B8	60.00	185	230
UniRef90_UPI0004C449AB	62.22	185	331
UniRef90_K2RN85	57.92	185	222
UniRef90_K5WVZ1	53.30	185	292
UniRef90_A0A0A8LF36	54.59	185	232
UniRef90_UPI0005249EEF	65.00	185	329
UniRef90_M7TVV3	57.69	185	281
UniRef90_A0A0C2FCQ0	58.89	185	227
UniRef90_A0A0H2SLH4	53.30	185	285
UniRef90_A2AWV8	66.67	185	332
UniRef90_A8NKZ6	52.17	185	230
UniRef90_UPI0005BE20D7	66.67	185	332
UniRef90_UPI0003FE01D1	63.33	185	223
UniRef90_A0A0L0I865	60.00	185	385
UniRef90_Q0CMZ1	56.04	185	220
UniRef90_UPI0004CAA7DE	64.44	185	225
UniRef90_A0A093XZB9	59.89	185	231
UniRef90_B2KJ43	64.44	185	279
UniRef90_A0A084G7T7	58.24	185	276
UniRef90_A0A0A8LEB2	56.04	185	225
UniRef90_A0A081XZT6	68.72	185	330
UniRef90_C7R2M6	67.22	185	428
UniRef90_B5A7N4	53.93	185	221
UniRef90_UPI00056CAEEB	63.69	185	230
UniRef90_UPI00068BD9D5	65.36	185	320
UniRef90_A0A0F0GHC2	65.00	185	223
UniRef90_A0A0L1HK00	50.25	185	246
UniRef90_A0A0A0C4F3	65.73	185	259
UniRef90_A0A0A8LEC5	53.85	185	289
UniRef90_J3PC50	54.64	185	297
UniRef90_E4N0N4	61.58	185	329
UniRef90_G0WRC8	57.69	185	227
UniRef90_T2D2H3	57.14	185	230
UniRef90_G4TKW1	59.34	185	292
UniRef90_A0A094BJP2	55.74	185	224
UniRef90_A0A0C3H1N7	51.10	185	219
UniRef90_Q00263	53.85	185	227
UniRef90_A0A0A8LEB5	54.95	185	215
UniRef90_W2RLY5	59.34	185	232
UniRef90_Q2GZ11	58.79	185	230
UniRef90_G4TXS3	58.79	185	295
UniRef90_Q00350	56.59	185	231
UniRef90_Q7Z8Q3	52.75	185	223
UniRef90_A0A093YLJ8	58.79	185	230
UniRef90_A0A0M8VDC3	62.78	185	208
UniRef90_A0A0A8LFE1	54.64	185	289
UniRef90_A0A0D9MS98	53.30	185	219
UniRef90_UPI0006E1DD90	59.44	185	336
UniRef90_Q8J1V6	57.69	185	261
UniRef90_G2QDB9	53.55	185	230
UniRef90_S7ZJ07	53.85	185	219
UniRef90_A0A0D2Y051	53.85	185	232
UniRef90_A0A072S7M7	68.16	185	342
UniRef90_A0A0A8LED7	57.92	185	287
UniRef90_A0A0B7KN37	50.00	185	229
UniRef90_A0A074WCG6	58.24	185	231
UniRef90_H1UW78	59.34	185	231
UniRef90_A0A094FF83	53.85	185	279
UniRef90_J7GPW4	59.89	185	358
UniRef90_UPI000464F34D	65.38	185	358
UniRef90_W2F0S2	64.44	185	333
UniRef90_V9XVA4	56.59	185	282
UniRef90_UPI00055A7345	63.54	185	296
UniRef90_Q9RMH9	66.48	185	329
UniRef90_Q8J1V5	60.99	185	230
UniRef90_W9C719	55.74	185	227
UniRef90_A0A094KA56	52.75	185	281
UniRef90_M1G4Y1	54.64	185	219
UniRef90_UPI00037E2C73	57.46	185	230
UniRef90_G2Q4S6	59.89	185	228
UniRef90_A0A0N0NSC6	57.69	185	231
UniRef90_G4NA54	53.30	185	231
UniRef90_G4TYY6	57.69	185	290
UniRef90_Q0U5W9	52.72	185	232
UniRef90_UPI000426D962	67.03	185	362
UniRef90_A0A0F7NE49	59.44	185	325
UniRef90_A0A0A8LF26	56.04	185	220
UniRef90_W7S860	60.67	185	376
UniRef90_A0A074WF16	51.10	185	225
UniRef90_W2S6Z5	61.20	185	221
UniRef90_F2VRY8	54.95	185	292
UniRef90_UPI0005C1324D	62.36	185	355
UniRef90_A0A0M0ULM4	63.19	185	230
UniRef90_G4TKV8	60.44	185	287
UniRef90_UPI0001762116	60.66	185	219
UniRef90_A1CU59	53.30	185	221
UniRef90_A0A067N8W3	54.05	185	243
UniRef90_C7YSL3	54.64	185	222
UniRef90_Q9HGE1	56.59	185	227
UniRef90_A0A067NH24	52.43	185	295
UniRef90_A0A093XQL8	52.75	185	283
UniRef90_Q0ZBK9	58.47	185	235
UniRef90_Q9UUQ2	54.40	185	221
UniRef90_Q1K5S8	56.04	185	293
UniRef90_UPI0006847549	58.56	185	235
UniRef90_UPI00037E0219	62.78	185	219
UniRef90_UPI00068DCFCA	61.11	185	365
UniRef90_L2G4N5	51.92	185	300
UniRef90_A1CCU0	62.84	185	229
UniRef90_W3X1B8	58.79	185	223
UniRef90_K3VKV9	54.40	185	318
UniRef90_D5UGI0	63.13	185	692
UniRef90_A0A0J6DD11	65.56	185	330
UniRef90_A0A0M0UBR9	54.95	185	285
UniRef90_B8NJ86	56.04	185	221
UniRef90_A0A0A8LEY3	54.05	185	229
UniRef90_A0A094HAT3	58.79	185	230
UniRef90_G2Q913	51.37	185	278
UniRef90_A7EE78	58.24	185	281
UniRef90_Q8GMV7	65.50	185	344
UniRef90_A0A0L6JJI3	58.56	185	729
UniRef90_Q9HFH0	51.10	185	223
UniRef90_C9SNM9	56.28	185	223
UniRef90_K1WWU0	50.27	185	226
UniRef90_UPI00034A353E	59.65	185	229
UniRef90_N1PCA4	55.19	185	229
UniRef90_R4LM27	58.24	185	375
UniRef90_A0A0A8LEC2	57.69	185	221
UniRef90_G4U014	58.24	185	234
UniRef90_A0A0M8P5G5	51.65	185	217
UniRef90_Q59962	63.74	185	228
UniRef90_G4TNM5	60.44	185	230
UniRef90_F7PGE0	54.44	185	520
UniRef90_A0A0F8WUT9	52.17	185	297
UniRef90_A0A0B5JRQ1	57.69	185	232
UniRef90_S5RSV2	55.56	185	226
UniRef90_O43097	49.45	185	225
UniRef90_I1RII8	51.37	185	228
UniRef90_A0A010SFW1	53.26	185	229
UniRef90_V2WP45	52.97	185	231
UniRef90_A0A0D2G6R6	60.11	185	228
UniRef90_UPI000440E121	53.85	185	288
UniRef90_A0A0F7CNZ4	62.78	185	209
UniRef90_G1X0J7	59.89	185	231
UniRef90_S8A5I6	59.44	185	231
UniRef90_A0A099D5H6	59.12	185	230
UniRef90_A0A0C2WVS2	51.89	185	230
UniRef90_UPI00068BB743	58.24	185	347
UniRef90_A0A098LFJ9	52.69	185	837
UniRef90_B2LWN3	60.66	185	346
UniRef90_UPI0004C6DF38	63.01	185	284
UniRef90_G2X4G0	56.28	185	223
UniRef90_A0A086TBD5	58.33	185	232
UniRef90_D9SZ92	61.02	185	333
UniRef90_A0A0A8LFP1	57.38	185	186
UniRef90_I6LKU3	54.40	185	291
UniRef90_A0A0A8LED9	56.22	185	229
UniRef90_A0A0F7NBN8	58.33	185	228
UniRef90_Q2HCI0	55.49	185	219
UniRef90_J3NW75	54.35	185	232
UniRef90_N4VM17	59.34	185	282
UniRef90_B2AC12	53.85	185	287
UniRef90_UPI0006EB2A05	65.36	185	246
UniRef90_UPI0004164D40	57.69	185	365
UniRef90_I1S2K3	55.49	185	231
UniRef90_UPI0005F2A247	60.00	185	310
UniRef90_P54865	63.33	185	644
UniRef90_A0A094GZ33	56.04	185	230
UniRef90_A8P8F0	51.89	185	230
UniRef90_A0A0A8LFD9	54.70	185	220
UniRef90_W9WKQ3	58.70	185	230
UniRef90_A0A0F7TQZ8	53.80	185	288
UniRef90_R1I386	62.22	185	221
UniRef90_UPI000481B053	57.78	185	228
UniRef90_Q2GZB2	55.74	185	233
UniRef90_J3PI48	50.29	185	227
UniRef90_A0A094C9I7	48.35	185	572
UniRef90_V5FWP5	54.40	185	217
UniRef90_W0HJ53	52.75	185	216
UniRef90_A0A074XWT4	52.20	185	224
UniRef90_R9UKP5	59.89	185	352
UniRef90_A0A0D7BKS2	52.43	185	226
UniRef90_A0A0A8LEE1	56.59	185	221
UniRef90_S0AU68	82.42	185	203
UniRef90_Q12579	55.49	185	219
UniRef90_F8DB45	58.33	185	435
UniRef90_A0A0A7CMG4	52.94	185	300
UniRef90_C3VEV7	53.26	185	243
UniRef90_A0A094FFX6	48.90	185	293
UniRef90_A0A0G2ERY0	52.20	185	242
UniRef90_UPI0006251F22	65.92	185	341
UniRef90_A0A0A8LFH4	52.75	185	215
UniRef90_UPI00068FDCBB	58.99	185	313
UniRef90_A0A094CFV1	50.00	185	279
UniRef90_A0A0C3PW60	54.64	185	289
UniRef90_A0A0G2EI29	60.66	185	236
UniRef90_W7SI29	60.23	185	224
UniRef90_A0A0A8LF32	52.75	185	201
UniRef90_H2J8J3	54.70	185	551
UniRef90_C3VEV8	57.69	185	217
UniRef90_U5VZU1	56.04	185	342
UniRef90_UPI0006E14286	57.22	185	371
UniRef90_Q0U2J3	53.30	185	227
UniRef90_A0A0B5JC15	52.75	185	291
UniRef90_UPI00044129E1	57.92	185	279
UniRef90_M3CYK1	53.30	185	227
UniRef90_A0A094HQ95	48.35	185	303
UniRef90_A0A0A8LF91	51.87	185	226
UniRef90_A0A0A2KTJ9	54.40	185	216
UniRef90_E3QH42	53.26	185	229
UniRef90_A0A0M8P137	50.00	185	217
UniRef90_UPI000463006C	55.25	185	574
UniRef90_G2X8M4	49.74	185	294
UniRef90_B3VSG7	55.19	185	226
UniRef90_A0A0A8LEA9	52.43	185	233
UniRef90_F8UV78	41.59	185	258
UniRef90_E1UUS4	50.81	185	248
UniRef90_F6LP55	86.49	185	208
UniRef90_Q2GN95	51.91	185	219
UniRef90_E7EF85	50.54	185	310
UniRef90_A0A0F8AZX7	53.01	185	229
UniRef90_A0A0C4DHY5	55.49	185	231
UniRef90_O52780	46.77	185	683
UniRef90_Q06562	53.85	185	221
UniRef90_C7NT55	53.89	185	411
UniRef90_A6YAP7	53.51	185	234
UniRef90_UPI000418D575	56.04	185	229
UniRef90_UPI00069476AB	52.81	185	451
UniRef90_W4QUM4	49.19	185	360
UniRef90_A0A0C3LJD3	54.64	185	223
UniRef90_UPI00068A873A	58.33	185	212
UniRef90_A0A0G2FCH0	47.54	185	225
UniRef90_B2B3J5	48.90	185	253
UniRef90_A0A0F7VU23	54.40	185	349
UniRef90_A0A0C2WGW7	52.97	185	230
UniRef90_H9TUL4	60.75	185	255
UniRef90_UPI0006E24141	54.40	185	328
UniRef90_F4FB94	51.37	185	369
UniRef90_W8YKL5	49.73	185	358
UniRef90_A0A0C2W5W6	48.37	185	225
UniRef90_A0A0F4ZHJ3	55.43	185	232
UniRef90_F1TIC1	45.45	185	300
UniRef90_T0K1I6	55.43	185	227
UniRef90_C0STU7	57.69	185	202
UniRef90_A0A0A7CMT8	51.30	185	237
UniRef90_N4VFY8	52.17	185	227
UniRef90_N1PGQ5	52.46	185	229
UniRef90_B8I7X1	46.77	185	298
UniRef90_M2RSH5	53.30	185	221
UniRef90_C7PX75	62.01	185	494
UniRef90_UPI00041B75E6	52.15	185	977
UniRef90_A0A0A8LF02	53.30	185	251
UniRef90_A0A0F8WP74	51.61	185	222
UniRef90_UPI000409C16F	53.30	185	341
UniRef90_G0RYY1	48.37	185	221
UniRef90_A0A0A6UN41	53.01	185	334
UniRef90_A0A0C2X2W6	52.43	185	200
UniRef90_A0A0A8LFJ4	50.56	185	265
UniRef90_UPI0004781E8F	52.20	185	340
UniRef90_G0YP28	48.90	185	231
UniRef90_UPI0003769F3A	56.59	185	348
UniRef90_E3Q964	54.35	185	225
UniRef90_UPI00035FD372	56.59	185	377
UniRef90_A0A0A8LFM2	49.42	185	288
UniRef90_UPI00068D0ECA	52.20	185	335
UniRef90_D5UGI2	65.92	185	343
UniRef90_I0H6D1	53.01	185	342
UniRef90_UPI0004654A50	45.45	185	298
UniRef90_H2J8J4	54.14	185	361
UniRef90_UPI0004C72F47	53.30	185	349
UniRef90_W5VXL4	51.55	185	376
UniRef90_A0A0G2HVY0	53.30	185	225
UniRef90_F2ZAD6	55.98	185	233
UniRef90_H9TUL2	74.71	185	170
UniRef90_P35809	52.97	185	197
UniRef90_UPI0003FF0F9A	51.09	185	360
UniRef90_V9TS54	49.73	185	221
UniRef90_Q766V1	55.19	185	235
UniRef90_G8LWL2	45.99	185	660
UniRef90_Q0ZBL0	54.40	185	222
UniRef90_UPI0006CF4EA1	49.71	185	368
UniRef90_A0A0D2IBH1	50.25	185	245
UniRef90_X5IHJ0	50.81	185	362
UniRef90_M2QR82	50.29	185	276
UniRef90_A0A0D9LDE3	52.75	185	217
UniRef90_I0L6W9	56.83	185	347
UniRef90_K1X7K7	49.50	185	306
UniRef90_R8BSP6	53.01	185	222
UniRef90_S0FJT1	46.77	185	299
UniRef90_A0A0D0VX03	55.43	185	343
UniRef90_Q11SH7	51.61	185	1160
UniRef90_A0A0K8KZG6	63.19	185	227
UniRef90_A0A094FNX0	51.10	185	238
UniRef90_I6P974	47.28	185	225
