UniRef90_P04075-2	100.00	363	418
UniRef90_P04075	100.00	363	364
UniRef90_A5A6I5	99.45	363	364
UniRef90_F7D457	98.90	363	418
UniRef90_UPI0002C54B3D	98.90	363	434
UniRef90_UPI00063FAA3E	99.45	363	583
UniRef90_L9KV74	99.45	363	627
UniRef90_G1PHQ0	97.79	363	419
UniRef90_A0A091DVY5	99.17	363	610
UniRef90_G1M9L3	98.90	363	692
UniRef90_F1PBT3	98.62	363	701
UniRef90_M3WK75	98.90	363	701
UniRef90_UPI00064A4763	96.12	363	415
UniRef90_A6ZI46	93.66	363	419
UniRef90_F7F3Q9	93.96	363	444
UniRef90_UPI00063C0FDC	99.40	363	441
UniRef90_G3WAK9	92.52	363	711
UniRef90_H0X592	90.63	363	336
UniRef90_UPI000703FB23	88.98	363	436
UniRef90_Q6GL64	89.26	363	364
UniRef90_A3FKT6	98.73	363	314
UniRef90_H3AM09	83.70	363	364
UniRef90_A4ZDY0	85.67	363	364
UniRef90_A4ZDY1	84.02	363	364
UniRef90_H2LPL6	83.47	363	363
UniRef90_A4ZDX9	83.75	363	364
UniRef90_E3TCD8	83.75	363	364
UniRef90_P53448	83.70	363	363
UniRef90_W5MFX9	83.20	363	365
UniRef90_B5DGM7	82.37	363	363
UniRef90_H9GIU8	82.32	363	364
UniRef90_Q3ZBY4	82.09	363	364
UniRef90_P09972	81.82	363	364
UniRef90_UPI0006468A9F	83.43	363	391
UniRef90_UPI0006B76EF0	81.27	363	363
UniRef90_A0A091V150	83.10	363	357
UniRef90_UPI0006B7C00D	88.99	363	379
UniRef90_UPI0006444B02	81.27	363	363
UniRef90_F7DC88	94.55	363	312
UniRef90_UPI0005D0AD46	89.30	363	454
UniRef90_UPI00053CC5AA	88.06	363	569
UniRef90_A0A060XHN5	85.00	363	376
UniRef90_Q6NVQ9	80.11	363	364
UniRef90_H3AKA5	83.58	363	340
UniRef90_A0A093IZ06	83.38	363	339
UniRef90_B5X0T0	75.97	363	361
UniRef90_T0MGS6	82.09	363	1412
UniRef90_K7GIC4	86.49	363	326
UniRef90_Q4KMC8	75.97	363	364
UniRef90_UPI00051E174B	81.13	363	847
UniRef90_UPI00064422BB	75.41	363	364
UniRef90_B7Z1Y2	76.86	363	345
UniRef90_L8YAV7	81.22	363	1773
UniRef90_F6R5C8	82.09	363	342
UniRef90_H2T6E6	74.59	363	364
UniRef90_H3A3J8	74.03	363	364
UniRef90_UPI000577DA14	74.03	363	361
UniRef90_Q76BH3	82.78	363	331
UniRef90_UPI0006D8F3FD	76.52	363	336
UniRef90_UPI000495B79A	74.31	363	364
UniRef90_P53445	75.90	363	363
UniRef90_Q8JH71	74.59	363	364
UniRef90_Q4R523	99.27	363	276
UniRef90_H2LIY2	75.14	363	364
UniRef90_W5UKP2	74.59	363	364
UniRef90_A0A0E9XEW1	73.76	363	364
UniRef90_Q76BB6	80.66	363	331
UniRef90_Q76BC5	81.57	363	331
UniRef90_Q76BC3	80.36	363	331
UniRef90_Q76BB1	80.97	363	331
UniRef90_Q76BH5	81.27	363	331
UniRef90_C1BLL8	73.20	363	364
UniRef90_Q4SFT7	77.07	363	373
UniRef90_K7FNK8	72.65	363	364
UniRef90_P53447	72.38	363	364
UniRef90_H2S1P9	73.20	363	366
UniRef90_M4A250	73.48	363	364
UniRef90_UPI0005F55A1C	78.69	363	405
UniRef90_G1KTX7	73.20	363	364
UniRef90_UPI0006B7414F	77.72	363	338
UniRef90_P07341	72.10	363	364
UniRef90_I3K606	75.14	363	372
UniRef90_F6QY90	71.55	363	364
UniRef90_P53446	75.00	363	364
UniRef90_H2LII0	71.58	363	370
UniRef90_A3RH21	72.65	363	364
UniRef90_UPI00064465DD	71.82	363	364
UniRef90_A8MVZ9	74.10	363	336
UniRef90_A0A091F4J9	84.21	363	304
UniRef90_S9WZF5	76.31	363	374
UniRef90_C3KIR8	72.38	363	364
UniRef90_Q76BG6	78.55	363	331
UniRef90_Q9U5F9	76.44	363	331
UniRef90_UPI000522A355	72.10	363	361
UniRef90_P00884	69.34	363	364
UniRef90_Q76BB8	79.46	363	331
UniRef90_P05062	69.61	363	364
UniRef90_O73866	72.10	363	362
UniRef90_Q9DGE3	71.94	363	364
UniRef90_Q178U8	71.82	363	364
UniRef90_R0KDK0	86.15	363	287
UniRef90_A0A096NHQ3	99.22	363	331
UniRef90_U5EXS9	72.10	363	364
UniRef90_T1PF08	70.72	363	364
UniRef90_Q76BI2	78.55	363	331
UniRef90_L5M8W7	66.75	363	475
UniRef90_U3I939	80.12	363	335
UniRef90_UPI000395B2D5	70.72	363	341
UniRef90_G1N4K3	68.78	363	363
UniRef90_K1RTQ6	71.43	363	363
UniRef90_V5SHY6	72.16	363	364
UniRef90_Q76BD1	74.02	363	331
UniRef90_F7IRG9	74.93	363	347
UniRef90_R7VBN9	69.97	363	363
UniRef90_B0WR64	71.82	363	363
UniRef90_UPI00026574D9	70.28	363	363
UniRef90_UPI0006269715	71.19	363	386
UniRef90_Q76BH4	73.13	363	335
UniRef90_Q76BF3	73.11	363	331
UniRef90_UPI0004966E09	71.43	363	363
UniRef90_A0A0A1XBW0	68.78	363	364
UniRef90_F3YDE2	69.34	363	363
UniRef90_E2BI91	70.17	363	366
UniRef90_A0A087ZPQ8	68.67	363	387
UniRef90_L7M7W2	67.96	363	364
UniRef90_M7AWQ7	69.70	363	411
UniRef90_B7Q5H9	68.98	363	364
UniRef90_UPI0006257522	69.61	363	366
UniRef90_Q76BD8	74.02	363	331
UniRef90_K7WKX6	69.70	363	363
UniRef90_Q6PPI0	69.06	363	364
UniRef90_UPI0003F117D4	99.18	363	299
UniRef90_UPI0006C9D627	72.58	363	365
UniRef90_UPI0006B08AE8	69.75	363	362
UniRef90_F7GKI1	66.39	363	366
UniRef90_K7J4J5	72.30	363	365
UniRef90_F7H7I1	73.51	363	358
UniRef90_M5DDL7	70.19	363	369
UniRef90_F4WVX5	70.44	363	366
UniRef90_I4DIX5	69.34	363	364
UniRef90_UPI000595C5DB	70.91	363	491
UniRef90_A0A0K8RK68	69.25	363	363
UniRef90_Q76BC4	72.81	363	331
UniRef90_P07764	69.89	363	361
UniRef90_E9GJ13	69.34	363	364
UniRef90_J9K2N4	68.78	363	364
UniRef90_Q76BG7	71.90	363	331
UniRef90_A0A0L7QUZ9	70.44	363	366
UniRef90_G9C5D5	70.17	363	364
UniRef90_E3VWM3	70.31	363	364
UniRef90_E2A8R8	70.17	363	365
UniRef90_A0A0N0BHK5	70.36	363	502
UniRef90_B9V3W3	84.43	363	303
UniRef90_L5KQG7	71.86	363	405
UniRef90_A0A022T4L6	70.80	363	366
UniRef90_Q76BB0	73.13	363	335
UniRef90_UPI0005AD0C4F	70.25	363	367
UniRef90_V4A4F2	70.87	363	363
UniRef90_Q76BI1	70.75	363	335
UniRef90_A0A093DH98	69.73	363	340
UniRef90_Q1HPN7	68.51	363	364
UniRef90_F6PP44	68.35	363	364
UniRef90_UPI00033366A3	74.10	363	358
UniRef90_UPI0006409B92	68.23	363	364
UniRef90_A0A0N4VDL3	69.81	363	365
UniRef90_D3TPV3	69.43	363	364
UniRef90_UPI00045E57E7	66.57	363	342
UniRef90_UPI00058AFAD0	70.72	363	365
UniRef90_A0A067QX08	68.23	363	364
UniRef90_UPI0006B0C313	67.87	363	366
UniRef90_Q76BE6	72.21	363	331
UniRef90_A7SF13	69.83	363	360
UniRef90_G6DL76	66.15	363	389
UniRef90_A0A090LDK1	69.08	363	364
UniRef90_A0A087T632	69.25	363	362
UniRef90_K1R8R6	68.91	363	398
UniRef90_T1FMP1	67.49	363	363
UniRef90_A0A068FCL9	68.32	363	365
UniRef90_G3VYQ3	66.76	363	383
UniRef90_D2A6E8	68.51	363	364
UniRef90_B3S803	68.63	363	361
UniRef90_B4JG48	67.40	363	363
UniRef90_A0A075AIH6	68.35	363	394
UniRef90_E5SNV8	67.29	363	378
UniRef90_N6SVS8	67.96	363	364
UniRef90_R4H2V1	67.88	363	365
UniRef90_O17497	68.25	363	359
UniRef90_UPI0006CF0264	67.13	363	364
UniRef90_H2ZKV6	68.99	363	363
UniRef90_UPI000359B3CA	69.47	363	367
UniRef90_UPI00063F675A	67.59	363	364
UniRef90_T1FP48	67.22	363	363
UniRef90_Q76BB7	70.39	363	331
UniRef90_UPI0004AAC65B	65.01	363	364
UniRef90_A0A0M3K444	69.27	363	364
UniRef90_S9Y027	71.43	363	380
UniRef90_S4RGR5	66.39	363	366
UniRef90_A0A074ZFC7	69.19	363	362
UniRef90_B4KB24	67.96	363	361
UniRef90_U1M5S0	69.47	363	362
UniRef90_A0A0H5S7G0	69.19	363	363
UniRef90_T1K925	68.29	363	355
UniRef90_E0W3R5	66.57	363	364
UniRef90_UPI0006D4F6E2	67.13	363	364
UniRef90_T1I0J6	66.85	363	364
UniRef90_Q45RT8	68.35	363	367
UniRef90_A0A0A9VWY6	67.13	363	387
UniRef90_A0A091WFR5	87.17	363	267
UniRef90_UPI0005CE5CB1	67.04	363	365
UniRef90_W2SHQ7	67.60	363	365
UniRef90_UPI0006B07C86	67.04	363	361
UniRef90_F7GSY3	72.02	363	330
UniRef90_M5DDL4	65.93	363	369
UniRef90_A0A0A9YCA7	67.96	363	364
UniRef90_P53442	66.67	363	363
UniRef90_UPI000580C282	73.03	363	387
UniRef90_C0H7T1	66.57	363	338
UniRef90_G7YM44	68.63	363	873
UniRef90_A0A0A9WBE0	66.67	363	364
UniRef90_M5DDK8	67.04	363	370
UniRef90_Q9U5F8	70.09	363	331
UniRef90_M5DDC2	66.94	363	370
UniRef90_A0A0N5E6L5	66.67	363	405
UniRef90_UPI00065BE59B	66.48	363	366
UniRef90_E9IA80	72.37	363	645
UniRef90_E9IA80	48.56	363	645
UniRef90_W4WMD0	70.06	363	361
UniRef90_A0A0L8HKK9	73.10	363	322
UniRef90_V9KV47	63.28	363	363
UniRef90_A0A0N5AMV8	65.32	363	376
UniRef90_A0A085MNM9	64.55	363	413
UniRef90_H3BPS8	100.00	363	278
UniRef90_UPI0005224599	87.45	363	731
UniRef90_B4LYD9	62.50	363	364
UniRef90_E4XIX9	66.21	363	366
UniRef90_Q9GP32	64.90	363	363
UniRef90_UPI000674D2C1	64.99	363	365
UniRef90_W6URS1	64.82	363	369
UniRef90_U6PEX1	67.04	363	429
UniRef90_A0A091JPC1	63.76	363	355
UniRef90_A0A075ATE1	66.48	363	369
UniRef90_W4YL19	65.36	363	365
UniRef90_A0A0D8Y0D8	63.97	363	555
UniRef90_P54216	66.57	363	366
UniRef90_A0A093IAR6	90.46	363	241
UniRef90_B4JG53	62.18	363	364
UniRef90_A0A0M4ED63	62.18	363	364
UniRef90_W6NBB4	63.97	363	365
UniRef90_B4KAK8	61.39	363	364
UniRef90_A0A0G2C341	64.92	363	294
UniRef90_A0A0L0T133	66.12	363	366
UniRef90_Q8I875	67.41	363	365
UniRef90_K7X7L3	67.56	363	415
UniRef90_T2MHF6	65.46	363	361
UniRef90_A0A0M3JYW9	64.44	363	403
UniRef90_UPI0006CF0859	63.26	363	363
UniRef90_C3XV57	69.85	363	324
UniRef90_A0A0N4XT73	64.80	363	648
UniRef90_A0A0N4XT73	55.97	363	648
UniRef90_Q9GPK1	66.30	363	366
UniRef90_UPI000670EFFC	88.57	363	261
UniRef90_A0A0L0T5N3	64.79	363	414
UniRef90_B4NKR1	60.50	363	364
UniRef90_UPI0003AFA0E9	84.23	363	316
UniRef90_A0A075A0M6	66.29	363	576
UniRef90_UPI0005F53FBB	62.15	363	364
UniRef90_B7Z1Z9	83.73	363	261
UniRef90_A0A0D8Y4U7	60.85	363	385
UniRef90_C1C200	62.85	363	370
UniRef90_P46563	65.36	363	366
UniRef90_UPI00067C19A0	62.98	363	364
UniRef90_A0A0N4U2C9	64.25	363	346
UniRef90_UPI000679927D	61.88	363	364
UniRef90_A0A0G4II58	63.35	363	362
UniRef90_A0A0K0DUQ0	64.99	363	376
UniRef90_A0A0K2TGP7	62.47	363	367
UniRef90_F1L6S0	64.44	363	417
UniRef90_H2KTH8	68.52	363	361
UniRef90_UPI000522A838	76.43	363	279
UniRef90_I1EJ24	63.31	363	359
UniRef90_A0A0B1TNA8	66.67	363	326
UniRef90_A0A0K0DGX0	65.80	363	674
UniRef90_A0A0K0DGX0	52.79	363	674
UniRef90_A0A0H5R512	63.82	363	366
UniRef90_B3N1M2	58.82	363	364
UniRef90_A0A087GH21	62.57	363	358
UniRef90_W8BXF6	61.36	363	363
UniRef90_A0A0J8CFW1	63.71	363	357
UniRef90_U5DAC2	63.41	363	357
UniRef90_W5JYM0	77.36	363	304
UniRef90_A0A087R4G3	84.27	363	248
UniRef90_J9P7A6	99.52	363	257
UniRef90_W6VC34	60.70	363	382
UniRef90_F4P3D8	63.54	363	362
UniRef90_D7MF88	65.14	363	358
UniRef90_A0A098VNI7	62.12	363	359
UniRef90_H3DYL4	65.34	363	327
UniRef90_I0Z355	67.48	363	365
UniRef90_K9KCM0	86.81	363	267
UniRef90_D8RHM0	64.57	363	358
UniRef90_Q9VBF5	57.58	363	364
UniRef90_Q297B4	57.73	363	364
UniRef90_W2TD37	63.69	363	399
UniRef90_A0A0K0DDS4	65.36	363	366
UniRef90_G9MA91	62.86	363	349
UniRef90_UPI000528816C	88.89	363	247
UniRef90_A0A068UAS9	63.14	363	360
UniRef90_U3JVH9	90.27	363	333
UniRef90_L0HNG6	63.71	363	358
UniRef90_A0A078DY92	63.69	363	870
UniRef90_A0A0D3A6M9	63.69	363	916
UniRef90_A0A0G2AUN7	66.16	363	577
UniRef90_UPI000512186B	63.71	363	357
UniRef90_T1E246	73.20	363	282
UniRef90_Q6RUF6	62.57	363	357
UniRef90_B5B3T4	63.14	363	357
UniRef90_A0A059DA17	63.35	363	348
UniRef90_UPI0004E57D25	63.14	363	357
UniRef90_Q6RJ32	63.71	363	358
UniRef90_Q9LF98	62.01	363	358
UniRef90_P29356	63.14	363	357
UniRef90_F7H4L6	80.29	363	259
UniRef90_I1LZG1	62.50	363	358
UniRef90_UPI0004439A2A	77.01	363	260
UniRef90_A0A0A1WFG0	59.09	363	363
UniRef90_D1MBS1	67.19	363	361
UniRef90_A0A016SYB5	61.05	363	361
UniRef90_S8CRS6	61.82	363	359
UniRef90_Q9FUG7	63.14	363	358
UniRef90_A0A0B2VJ41	55.56	363	463
UniRef90_O15937	63.14	363	330
UniRef90_I1JPX8	62.50	363	358
UniRef90_A0A067L654	61.45	363	358
UniRef90_C6TMG1	62.86	363	358
UniRef90_A9NMQ0	62.22	363	358
UniRef90_C5Z5R1	61.17	363	358
UniRef90_A0A067KDS7	62.86	363	358
UniRef90_UPI000498F1BA	61.36	363	358
UniRef90_UPI0006EB0BAE	64.00	363	344
UniRef90_G6DL75	60.22	363	361
UniRef90_M5W2J0	62.00	363	358
UniRef90_Q2PYX3	61.43	363	358
UniRef90_D7MF89	60.86	363	358
UniRef90_UPI0002C31CD8	62.68	363	357
UniRef90_B9T5T6	62.29	363	358
UniRef90_I3SU63	63.14	363	358
UniRef90_A0A0A0KKE4	62.86	363	358
UniRef90_Q5N725	61.93	363	358
UniRef90_A0A061EU04	61.36	363	377
UniRef90_P22197	59.22	363	358
UniRef90_A9SKS8	62.11	363	356
UniRef90_W1PYU5	61.14	363	357
UniRef90_C5K7G9	60.62	363	362
UniRef90_Q86A67	59.94	363	357
UniRef90_W6NF85	60.00	363	354
UniRef90_K4D3E4	62.29	363	358
UniRef90_Q4RRM4	67.32	363	364
UniRef90_A9NSH4	61.82	363	364
UniRef90_A0A0D2X253	59.10	363	321
UniRef90_T1G880	57.10	363	363
UniRef90_D8RE94	61.14	363	357
UniRef90_A0A0A0K738	62.11	363	403
UniRef90_A0A0C9RQV8	64.55	363	357
UniRef90_A8CWB3	71.48	363	281
UniRef90_A0A0K9NM17	61.43	363	357
UniRef90_F4QE12	59.49	363	356
UniRef90_UPI00053C1D46	61.43	363	358
UniRef90_A0A0D9X3Y6	61.24	363	374
UniRef90_A0A0D6RB10	61.71	363	443
UniRef90_C5XRQ7	61.08	363	358
UniRef90_UPI0006409B73	57.50	363	379
UniRef90_A0A0B2SI36	62.86	363	804
UniRef90_J9ISI8	59.21	363	356
UniRef90_A0A0B2QUU5	63.14	363	894
UniRef90_A0A0K9PRJ8	60.86	363	357
UniRef90_D3BKL2	58.19	363	357
UniRef90_A9P9U1	61.43	363	358
UniRef90_A0A0D2QBC2	61.14	363	358
UniRef90_A5B118	61.43	363	358
UniRef90_I1GXE4	62.22	363	360
UniRef90_O65735	61.25	363	359
UniRef90_K3XT03	61.08	363	526
UniRef90_A0A087VN87	90.34	363	208
UniRef90_A0A0A0LGI3	59.94	363	358
UniRef90_I1Q3J5	63.64	363	387
UniRef90_C5LYL8	59.44	363	361
UniRef90_A0A0E0Q002	63.82	363	600
UniRef90_UPI0006443B5E	76.98	363	274
UniRef90_U1MCE0	58.33	363	365
UniRef90_A0A0K9NSE3	59.22	363	382
UniRef90_A9SGL4	59.71	363	355
UniRef90_F4KGQ0	63.14	363	393
UniRef90_A0A0K9PXE8	60.00	363	359
UniRef90_A0A0E0HTC2	63.64	363	587
UniRef90_F1SSB5	72.37	363	257
UniRef90_P17784	60.23	363	358
UniRef90_D1MY58	59.66	363	358
UniRef90_UPI000510ACCF	89.05	363	400
UniRef90_A0A0E0LQS0	61.02	363	360
UniRef90_A4PCF1	55.96	363	361
UniRef90_A0A0K9PUR8	60.11	363	357
UniRef90_P46256	59.43	363	357
UniRef90_UPI0003EBC5F2	85.53	363	800
UniRef90_F2CXT7	59.38	363	358
UniRef90_A0A087SCK3	58.74	363	370
UniRef90_A0A0G4G160	59.20	363	357
UniRef90_A0A0D2QW81	55.58	363	393
UniRef90_H9JTG5	59.46	363	410
UniRef90_F7II57	82.43	363	287
UniRef90_F7II57	77.27	363	287
UniRef90_F0ZTU5	57.94	363	359
UniRef90_B9FU33	62.50	363	559
UniRef90_A0A058Z4F5	57.30	363	367
UniRef90_C5LNV8	58.31	363	361
UniRef90_G3IH03	74.34	363	244
UniRef90_L1JFU9	57.39	363	354
UniRef90_A0A0G4F1F4	59.10	363	359
UniRef90_A0A0E0QWN8	59.43	363	542
UniRef90_A0A0C2MWS6	55.59	363	360
UniRef90_A9S0F9	57.14	363	355
UniRef90_M4DL53	58.60	363	343
UniRef90_J3MFQ1	62.31	363	609
UniRef90_J3MFQ1	50.56	363	609
UniRef90_A0A074TPJ0	58.89	363	449
UniRef90_X2DAR5	60.39	363	372
UniRef90_X2D9N3	56.21	363	359
UniRef90_B5XE29	54.72	363	362
UniRef90_E1ZTB0	58.97	363	359
UniRef90_A0A059LPA9	59.26	363	359
UniRef90_V4UV15	58.86	363	337
UniRef90_H6VLM9	70.66	363	260
UniRef90_S8EZM9	59.88	363	432
UniRef90_A0E428	59.40	363	398
UniRef90_M0SDW7	58.86	363	336
UniRef90_V4TZC7	57.54	363	316
UniRef90_G3MI94	59.15	363	326
UniRef90_M4DL52	55.11	363	1323
UniRef90_Q5CSE9	55.10	363	369
UniRef90_A0A093BU38	91.10	363	193
UniRef90_A0A078AQL9	58.07	363	356
UniRef90_B9PW35	57.78	363	433
UniRef90_L0AZ48	53.69	363	358
UniRef90_A0A0K9NR10	57.14	363	352
UniRef90_M0UTD1	62.75	363	359
UniRef90_A0A059XNP6	70.59	363	256
UniRef90_Q9M634	55.90	363	356
UniRef90_Q7SYU5	88.38	363	279
UniRef90_Q7SYU5	86.59	363	279
UniRef90_D7FNZ9	56.46	363	397
UniRef90_U6GXL3	57.91	363	358
UniRef90_B6AI65	54.60	363	358
UniRef90_UPI0003831C9F	86.89	363	717
UniRef90_E0MT04	55.59	363	341
UniRef90_U6LQR0	57.70	363	359
UniRef90_U2EQ39	55.56	363	339
UniRef90_UPI0005C18FC5	55.26	363	339
UniRef90_L1JTD2	56.36	363	334
UniRef90_A0A061RDV5	59.23	363	348
UniRef90_K2C7A4	55.76	363	346
UniRef90_A0A061DBB7	53.99	363	360
UniRef90_M0TNG5	56.57	363	365
UniRef90_A0A016S179	64.69	363	288
UniRef90_A7AV51	53.33	363	358
UniRef90_U6MNL0	57.75	363	358
UniRef90_UPI00065E3295	55.26	363	340
UniRef90_UPI000464A3CF	55.36	363	341
UniRef90_Q9M633	56.29	363	419
UniRef90_Q0DIB5	63.00	363	333
UniRef90_I5C011	55.86	363	340
UniRef90_A0A084IJJ4	54.25	363	339
UniRef90_UPI00062B9651	53.39	363	341
UniRef90_A0A016S048	65.36	363	275
UniRef90_G0QJK1	53.67	363	355
UniRef90_A0A059DFI9	67.64	363	301
UniRef90_UPI0002C36F52	53.33	363	393
UniRef90_A9NUC9	54.13	363	398
UniRef90_W7TFC8	53.97	363	411
UniRef90_U6M490	59.50	363	358
UniRef90_A0A0G4F0H8	55.34	363	416
UniRef90_UPI0004731909	54.68	363	343
UniRef90_B4FR47	54.29	363	394
UniRef90_M5W5E3	58.04	363	365
UniRef90_UPI0003600532	57.45	363	339
UniRef90_UPI0003F0D17A	88.06	363	617
UniRef90_A0A084U6V4	55.26	363	341
UniRef90_C0QJM3	53.61	363	348
UniRef90_B7GE67	53.54	363	401
UniRef90_UPI0006B212D2	92.43	363	462
UniRef90_F8UFK7	53.20	363	357
UniRef90_I7M007	56.34	363	356
UniRef90_UPI000581106C	54.00	363	397
UniRef90_A0A061SPP3	53.41	363	385
UniRef90_A9RX76	53.43	363	386
UniRef90_B5TMC8	73.91	363	232
UniRef90_B3L9W9	56.76	363	389
UniRef90_P49577	56.59	363	358
UniRef90_A0A0H2MHR3	55.49	363	332
UniRef90_A0A0L0D6I6	54.34	363	358
UniRef90_M7YRV7	56.94	363	652
UniRef90_B0M0U7	57.65	363	413
UniRef90_C1ECQ2	57.53	363	342
UniRef90_C5XEA1	54.00	363	387
UniRef90_UPI00055DAA21	53.39	363	341
UniRef90_Q84RI0	54.67	363	378
UniRef90_A0A068T9T8	54.93	363	343
UniRef90_Q11CR8	54.35	363	341
UniRef90_F7D457	98.90	363	418
UniRef90_P04075	100.00	363	364
UniRef90_P04075-2	100.00	363	418
UniRef90_A0A091DVY5	99.17	363	610
UniRef90_G1PHQ0	97.79	363	419
UniRef90_A5A6I5	99.45	363	364
UniRef90_L9KV74	99.45	363	627
UniRef90_UPI0002C54B3D	98.90	363	434
UniRef90_M3WK75	98.90	363	701
UniRef90_F1PBT3	98.62	363	701
UniRef90_G1M9L3	98.90	363	692
UniRef90_UPI00064A4763	96.12	363	415
UniRef90_UPI00063FAA3E	99.45	363	583
UniRef90_A6ZI46	93.66	363	419
UniRef90_G3WAK9	92.52	363	711
UniRef90_A4ZDY1	84.02	363	364
UniRef90_H9GIU8	82.32	363	364
UniRef90_A4ZDX9	83.75	363	364
UniRef90_H3AM09	83.70	363	364
UniRef90_H2LPL6	83.47	363	363
UniRef90_P09972	81.82	363	364
UniRef90_Q3ZBY4	82.09	363	364
UniRef90_W5MFX9	83.20	363	365
UniRef90_P53448	83.70	363	363
UniRef90_UPI0006468A9F	83.43	363	391
UniRef90_F7F3Q9	93.96	363	444
UniRef90_UPI0006B76EF0	81.27	363	363
UniRef90_B5DGM7	82.37	363	363
UniRef90_Q6GL64	89.26	363	364
UniRef90_A0A091V150	83.10	363	357
UniRef90_E3TCD8	83.75	363	364
UniRef90_A4ZDY0	85.67	363	364
UniRef90_UPI0006444B02	81.27	363	363
UniRef90_UPI000495B79A	74.31	363	364
UniRef90_Q6NVQ9	80.11	363	364
UniRef90_UPI00063C0FDC	99.40	363	441
UniRef90_Q8JH71	74.59	363	364
UniRef90_W5UKP2	74.59	363	364
UniRef90_P53447	72.38	363	364
UniRef90_T1PF08	70.72	363	364
UniRef90_A0A0E9XEW1	73.76	363	364
UniRef90_M4A250	73.48	363	364
UniRef90_H2T6E6	74.59	363	364
UniRef90_C1BLL8	73.20	363	364
UniRef90_H3A3J8	74.03	363	364
UniRef90_D2A6E8	68.51	363	364
UniRef90_P53445	75.76	363	363
UniRef90_K7FNK8	72.65	363	364
UniRef90_Q6PPI0	69.06	363	364
UniRef90_I4DIX5	69.34	363	364
UniRef90_Q4KMC8	75.97	363	364
UniRef90_H0X592	90.63	363	336
UniRef90_H2LIY2	75.14	363	364
UniRef90_V5SHY6	70.72	363	364
UniRef90_G9C5D5	70.17	363	364
UniRef90_UPI000595C5DB	70.91	363	491
UniRef90_UPI00064422BB	75.41	363	364
UniRef90_A0A060XHN5	85.00	363	376
UniRef90_A0A0A1XBW0	68.78	363	364
UniRef90_B5X0T0	75.97	363	361
UniRef90_G1KTX7	73.20	363	364
UniRef90_UPI0006409B92	68.23	363	364
UniRef90_P07341	72.10	363	364
UniRef90_A3RH21	72.65	363	364
UniRef90_UPI00064465DD	71.82	363	364
UniRef90_Q1HPN7	68.51	363	364
UniRef90_K1RTQ6	70.72	363	363
UniRef90_R7VBN9	69.97	363	363
UniRef90_F4WVX5	70.17	363	366
UniRef90_F6QY90	71.55	363	364
UniRef90_A0A0K8RK68	69.25	363	363
UniRef90_O73866	72.02	363	362
UniRef90_U5EXS9	72.10	363	364
UniRef90_A0A0A9VWY6	67.13	363	387
UniRef90_K7WKX6	69.42	363	363
UniRef90_E2BI91	69.89	363	366
UniRef90_B7Q5H9	68.98	363	364
UniRef90_UPI00026574D9	70.08	363	363
UniRef90_Q178U8	71.82	363	364
UniRef90_UPI00053CC5AA	89.60	363	569
UniRef90_T0MGS6	82.09	363	1412
UniRef90_UPI0006B08AE8	68.98	363	362
UniRef90_UPI000703FB23	88.98	363	436
UniRef90_A0A022T4L6	70.80	363	366
UniRef90_E9GJ13	69.34	363	364
UniRef90_UPI0006269715	71.19	363	386
UniRef90_E2A8R8	69.89	363	365
UniRef90_UPI000577DA14	74.03	363	361
UniRef90_A0A0L7QUZ9	70.44	363	366
UniRef90_A0A087T632	68.70	363	362
UniRef90_D3TPV3	67.68	363	364
UniRef90_J9K2N4	68.78	363	364
UniRef90_B0WR64	71.27	363	363
UniRef90_N6SVS8	67.96	363	364
UniRef90_H3AKA5	84.29	363	340
UniRef90_K1R8R6	68.14	363	398
UniRef90_A0A093IZ06	83.38	363	339
UniRef90_F3YDE2	69.34	363	363
UniRef90_A0A067QX08	68.23	363	364
UniRef90_UPI0006CF0264	67.13	363	364
UniRef90_B7Z1Y2	76.86	363	345
UniRef90_Q9DGE3	71.94	363	364
UniRef90_P53446	75.00	363	364
UniRef90_L7M7W2	67.96	363	364
UniRef90_L8YAV7	81.22	363	1773
UniRef90_K7J4J5	70.99	363	365
UniRef90_A0A087ZPQ8	68.67	363	387
UniRef90_UPI0006257522	69.34	363	366
UniRef90_E3VWM3	69.61	363	364
UniRef90_UPI0006D4F6E2	67.13	363	364
UniRef90_T1FP48	67.22	363	363
UniRef90_UPI0005D0AD46	89.26	363	454
UniRef90_A0A068FCL9	68.32	363	365
UniRef90_G6DL76	65.37	363	389
UniRef90_UPI0005AD0C4F	69.97	363	367
UniRef90_T1FMP1	67.49	363	363
UniRef90_UPI00051E174B	81.13	363	847
UniRef90_P05062	69.61	363	364
UniRef90_T1I0J6	66.85	363	364
UniRef90_A0A0N0BHK5	71.35	363	502
UniRef90_UPI0006C9D627	71.19	363	365
UniRef90_V4A4F2	69.97	363	363
UniRef90_M5DDL7	70.19	363	369
UniRef90_C3KIR8	72.38	363	364
UniRef90_A0A090LDK1	68.25	363	364
UniRef90_A0A075AIH6	68.16	363	394
UniRef90_P00884	69.34	363	364
UniRef90_Q76BH3	82.78	363	331
UniRef90_A3FKT6	98.73	363	314
UniRef90_UPI00058AFAD0	69.34	363	365
UniRef90_E5SNV8	66.49	363	378
UniRef90_E0W3R5	66.57	363	364
UniRef90_UPI0006B7C00D	88.96	363	379
UniRef90_A7SF13	69.36	363	360
UniRef90_A0A0N4VDL3	69.81	363	365
UniRef90_P07764	69.34	363	361
UniRef90_O17497	68.25	363	359
UniRef90_B4JG48	67.40	363	363
UniRef90_UPI0006B0C313	67.87	363	366
UniRef90_A0A0A9WBE0	66.57	363	364
UniRef90_Q76BC3	80.36	363	331
UniRef90_T1K925	68.09	363	355
UniRef90_UPI000522A355	72.10	363	361
UniRef90_L5M8W7	66.75	363	475
UniRef90_W2SHQ7	67.41	363	365
UniRef90_UPI00063F675A	67.59	363	364
UniRef90_R4H2V1	67.69	363	365
UniRef90_Q76BB6	80.66	363	331
UniRef90_B4KB24	67.68	363	361
UniRef90_F6PP44	68.16	363	364
UniRef90_H2ZKV6	68.99	363	363
UniRef90_Q9GP32	64.90	363	363
UniRef90_UPI0004AAC65B	65.01	363	364
UniRef90_UPI0006D8F3FD	76.24	363	336
UniRef90_UPI0005CE5CB1	66.57	363	365
UniRef90_G7YM44	68.44	363	873
UniRef90_A0A068UAS9	63.14	363	360
UniRef90_H2S1P9	73.20	363	366
UniRef90_G9MA91	62.68	363	349
UniRef90_A0A074ZFC7	68.99	363	362
UniRef90_A0A078DY92	63.69	363	870
UniRef90_Q45RT8	68.16	363	367
UniRef90_UPI000359B3CA	68.99	363	367
UniRef90_UPI000498F1BA	61.02	363	358
UniRef90_A0A067L654	61.45	363	358
UniRef90_U1M5S0	68.99	363	362
UniRef90_P53442	66.30	363	363
UniRef90_Q9U5F9	76.44	363	331
UniRef90_L0HNG6	62.99	363	358
UniRef90_A0A0A9YCA7	67.96	363	364
UniRef90_A0A0D3A6M9	63.69	363	916
UniRef90_B3S803	68.44	363	361
UniRef90_Q76BC5	81.57	363	331
UniRef90_H2LII0	71.58	363	370
UniRef90_A8MVZ9	73.83	363	336
UniRef90_Q4SFT7	77.07	363	373
UniRef90_Q76BG6	78.55	363	331
UniRef90_U6PEX1	67.32	363	429
UniRef90_M5W2J0	60.89	363	358
UniRef90_I1LZG1	62.15	363	358
UniRef90_G1N4K3	68.78	363	363
UniRef90_Q9LF98	62.01	363	358
UniRef90_A0A0D8Y0D8	63.79	363	555
UniRef90_Q9FUG7	62.15	363	358
UniRef90_Q76BF3	73.11	363	331
UniRef90_Q5N725	61.58	363	358
UniRef90_M5DDC2	66.94	363	370
UniRef90_A0A087GH21	62.57	363	358
UniRef90_Q76BD8	74.02	363	331
UniRef90_U5DAC2	63.41	363	357
UniRef90_A0A0M3K444	68.80	363	364
UniRef90_I3K606	75.14	363	372
UniRef90_UPI000395B2D5	70.72	363	341
UniRef90_A0A059DA17	62.57	363	348
UniRef90_Q76BB1	80.97	363	331
UniRef90_Q76BD1	74.02	363	331
UniRef90_A0A0D6RB10	61.02	363	443
UniRef90_K4D3E4	61.58	363	358
UniRef90_W4YL19	65.18	363	365
UniRef90_A0A067KDS7	61.86	363	358
UniRef90_I1JPX8	62.15	363	358
UniRef90_A0A061EU04	60.06	363	377
UniRef90_Q2PYX3	60.73	363	358
UniRef90_B5B3T4	62.96	363	357
UniRef90_A0A0A0LGI3	59.60	363	358
UniRef90_P17784	59.89	363	358
UniRef90_L5KQG7	62.78	363	405
UniRef90_A0A0N5E6L5	66.12	363	405
UniRef90_A0A075ATE1	66.48	363	369
UniRef90_I3SU63	62.15	363	358
UniRef90_A9NMQ0	61.86	363	358
UniRef90_A5B118	60.73	363	358
UniRef90_B9T5T6	61.58	363	358
UniRef90_A0A0L0T133	65.03	363	366
UniRef90_D7MF88	63.97	363	358
UniRef90_UPI0006B07C86	66.85	363	361
UniRef90_W1PYU5	60.97	363	357
UniRef90_A0A0B2QUU5	62.96	363	894
UniRef90_Q76BH5	81.27	363	331
UniRef90_UPI00053C1D46	61.25	363	358
UniRef90_Q6RUF6	61.45	363	357
UniRef90_A0A0B2SI36	62.68	363	804
UniRef90_A0A0A0KKE4	61.86	363	358
UniRef90_M5DDK8	66.76	363	370
UniRef90_P29356	62.43	363	357
UniRef90_C1C200	61.68	363	370
UniRef90_C6TMG1	62.15	363	358
UniRef90_C5XRQ7	60.73	363	358
UniRef90_A0A0J8CFW1	62.57	363	357
UniRef90_D8RHM0	63.84	363	358
UniRef90_W6NBB4	63.97	363	365
UniRef90_F2CXT7	59.04	363	358
UniRef90_UPI000580C282	72.51	363	387
UniRef90_D1MY58	59.66	363	358
UniRef90_A0A0N5AMV8	65.32	363	376
UniRef90_A0A0H5S7G0	68.91	363	363
UniRef90_Q6RJ32	62.99	363	358
UniRef90_E4XIX9	66.21	363	366
UniRef90_A0A0K9PXE8	58.94	363	359
UniRef90_A9P9U1	60.73	363	358
UniRef90_W6URS1	63.76	363	369
UniRef90_Q76BH4	73.13	363	335
UniRef90_A0A075A0M6	65.19	363	576
UniRef90_Q76BG7	71.90	363	331
UniRef90_A0A0K2TGP7	62.47	363	367
UniRef90_E9IA80	72.59	363	645
UniRef90_E9IA80	48.91	363	645
UniRef90_K3XT03	60.73	363	526
UniRef90_B4LYD9	62.50	363	364
UniRef90_W4WMD0	69.86	363	361
UniRef90_P54216	66.57	363	366
UniRef90_S8CRS6	60.72	363	359
UniRef90_M5DDL4	65.93	363	369
UniRef90_Q8I875	67.13	363	365
UniRef90_M7AWQ7	68.11	363	411
UniRef90_A0A0K9NSE3	59.22	363	382
UniRef90_A0A0D2QBC2	60.45	363	358
UniRef90_F7DC88	94.55	363	312
UniRef90_A0A0K9PRJ8	60.68	363	357
UniRef90_I1EJ24	63.13	363	359
UniRef90_UPI000512186B	62.29	363	357
UniRef90_A0A0L0T5N3	63.97	363	414
UniRef90_A0A0C9RQV8	62.39	363	357
UniRef90_Q76BB8	79.46	363	331
UniRef90_A0A0M3JYW9	64.44	363	403
UniRef90_Q76BE6	72.21	363	331
UniRef90_UPI00065BE59B	66.02	363	366
UniRef90_Q9GPK1	65.74	363	366
UniRef90_Q76BI1	70.75	363	335
UniRef90_A9NSH4	61.58	363	364
UniRef90_Q76BC4	72.81	363	331
UniRef90_O65735	60.28	363	359
UniRef90_K7X7L3	66.96	363	415
UniRef90_UPI000679927D	61.88	363	364
UniRef90_A9SKS8	60.89	363	356
UniRef90_UPI0004E57D25	61.45	363	357
UniRef90_UPI000674D2C1	64.53	363	365
UniRef90_A0A0E0QWN8	59.09	363	542
UniRef90_F4KGQ0	63.14	363	393
UniRef90_A0A0G4II58	62.99	363	362
UniRef90_A0A0D2QW81	55.01	363	393
UniRef90_A0A085MNM9	63.76	363	413
UniRef90_Q76BI2	78.55	363	331
UniRef90_K7GIC4	86.49	363	326
UniRef90_A0A0D8Y4U7	60.32	363	385
UniRef90_F1L6S0	64.44	363	417
UniRef90_C0H7T1	66.48	363	338
UniRef90_UPI0006CF0859	63.26	363	363
UniRef90_UPI00067C19A0	62.98	363	364
UniRef90_B4JG53	61.84	363	364
UniRef90_A0A0K9NM17	60.73	363	357
UniRef90_D7MF89	59.78	363	358
UniRef90_A0A0K9PUR8	58.38	363	357
UniRef90_W2TD37	63.97	363	399
UniRef90_P46563	65.64	363	366
UniRef90_A0A091F4J9	84.21	363	304
UniRef90_UPI0002C31CD8	60.89	363	357
UniRef90_Q76BB0	73.13	363	335
UniRef90_A0A0E0LQS0	60.67	363	360
UniRef90_I0Z355	63.66	363	365
UniRef90_P46256	58.38	363	357
UniRef90_UPI00045E57E7	66.57	363	342
UniRef90_Q76BB7	70.39	363	331
UniRef90_UPI0004966E09	71.43	363	363
UniRef90_P22197	59.22	363	358
UniRef90_T2MHF6	65.28	363	361
UniRef90_A0A0K0DGX0	65.62	363	674
UniRef90_A0A0K0DGX0	52.79	363	674
UniRef90_A0A0H5R512	63.28	363	366
UniRef90_A0A0N4XT73	65.81	363	648
UniRef90_A0A0N4XT73	61.11	363	648
UniRef90_A0A0M4ED63	62.54	363	364
UniRef90_B4NKR1	60.50	363	364
UniRef90_A0A0A0K738	60.34	363	403
UniRef90_D8RE94	60.17	363	357
UniRef90_A0A0K0DUQ0	64.80	363	376
UniRef90_C5Z5R1	60.89	363	358
UniRef90_B4KAK8	61.39	363	364
UniRef90_A0A0E0Q002	62.96	363	600
UniRef90_C3XV57	69.23	363	324
UniRef90_Q9U5F8	70.09	363	331
UniRef90_M4DL52	54.61	363	1323
UniRef90_Q86A67	59.49	363	357
UniRef90_A0A0L8HKK9	73.10	363	322
UniRef90_S4RGR5	66.30	363	366
UniRef90_A0A0N4U2C9	64.25	363	346
UniRef90_H2KTH8	66.87	363	361
UniRef90_I1GXE4	61.11	363	360
UniRef90_A0A0D9X3Y6	61.24	363	374
UniRef90_A0A074TPJ0	58.77	363	449
UniRef90_W8BXF6	61.19	363	363
UniRef90_F4P3D8	63.54	363	362
UniRef90_C5LYL8	59.10	363	361
UniRef90_I1Q3J5	62.78	363	387
UniRef90_A0A0B2VJ41	57.00	363	463
UniRef90_Q9M634	55.90	363	356
UniRef90_S9Y027	71.43	363	380
UniRef90_L1JFU9	57.39	363	354
UniRef90_S8EZM9	58.22	363	432
UniRef90_A0A0E0HTC2	62.78	363	587
UniRef90_A0A0A1WFG0	58.76	363	363
UniRef90_W6VC34	60.70	363	382
UniRef90_C5K7G9	60.62	363	362
UniRef90_B9PW35	57.50	363	433
UniRef90_B3N1M2	59.15	363	364
UniRef90_O15937	63.14	363	330
UniRef90_V4UV15	58.19	363	337
UniRef90_A9SGL4	58.19	363	355
UniRef90_G6DL75	60.22	363	361
UniRef90_A0A0B1TNA8	66.26	363	326
UniRef90_D3BKL2	57.87	363	357
UniRef90_J9ISI8	59.49	363	356
UniRef90_G3MI94	59.15	363	326
UniRef90_UPI0006409B73	57.34	363	379
UniRef90_A0A0K0DDS4	65.64	363	366
UniRef90_R0KDK0	86.10	363	287
UniRef90_A0A0G4F1F4	58.22	363	359
UniRef90_U3I939	82.69	363	335
UniRef90_M4DL53	58.41	363	343
UniRef90_UPI00055DAA21	53.39	363	341
UniRef90_A0A0G4G160	58.64	363	357
UniRef90_F7GKI1	66.02	363	366
UniRef90_F6R5C8	82.09	363	342
UniRef90_A0A098VNI7	61.84	363	359
UniRef90_A9RX76	52.82	363	386
UniRef90_C5LNV8	57.98	363	361
UniRef90_A0A0G4F0H8	55.34	363	416
UniRef90_V9KV47	64.55	363	363
UniRef90_F0ZTU5	56.55	363	359
UniRef90_A9TPN5	52.12	363	387
UniRef90_UPI000581106C	53.54	363	397
UniRef90_F4QE12	58.50	363	356
UniRef90_G3VYQ3	66.39	363	383
UniRef90_A0A016SYB5	60.89	363	361
UniRef90_UPI0006B7414F	75.68	363	338
UniRef90_B9V3W3	85.46	363	303
UniRef90_UPI00053C5C6D	54.13	363	413
UniRef90_F6HFL6	53.82	363	393
UniRef90_B9FU33	61.82	363	559
UniRef90_UPI0002C36F52	53.19	363	393
UniRef90_E1ZTB0	57.75	363	359
UniRef90_A0A087SCK3	58.74	363	370
UniRef90_UPI00052F41DB	52.09	363	393
UniRef90_K4B3P9	52.41	363	397
UniRef90_Q5CSE9	55.46	363	369
UniRef90_A0A0C9RQC8	51.56	363	393
UniRef90_C5XEA1	53.54	363	387
UniRef90_A9NVA7	51.56	363	393
UniRef90_A9S0F9	56.21	363	355
UniRef90_M0TNG5	55.93	363	365
UniRef90_A7HUY6	50.59	363	339
UniRef90_Q9VBF5	57.75	363	364
UniRef90_M1D0A6	52.71	363	395
UniRef90_A0A059LPA9	58.03	363	359
UniRef90_A9NUC9	53.67	363	398
UniRef90_W1NLZ8	53.56	363	392
UniRef90_U6GXL3	56.39	363	358
UniRef90_X2D9N3	55.15	363	359
UniRef90_B4FR47	53.67	363	394
UniRef90_UPI0006EB0BAE	64.00	363	344
UniRef90_A0A0J8CBI0	51.84	363	406
UniRef90_A0A0K9P725	52.71	363	390
UniRef90_W7TFC8	53.97	363	411
UniRef90_Q9SXX4	52.12	363	395
UniRef90_W6NF85	59.83	363	354
UniRef90_A0A0D6R5H8	52.71	363	399
UniRef90_A0A0J8C456	52.71	363	401
UniRef90_H3DYL4	64.94	363	327
UniRef90_Q9ZU52	52.54	363	391
UniRef90_UPI000415CCA0	53.51	363	343
UniRef90_Q42690	51.98	363	377
UniRef90_M0T1M4	54.42	363	329
UniRef90_A0A0J8CPN6	52.71	363	397
UniRef90_W1PF21	51.69	363	393
UniRef90_Q40677	52.54	363	388
UniRef90_K4BAW0	50.99	363	392
UniRef90_A0A0B2SDP5	53.78	363	412
UniRef90_A0A0K9R0B2	52.12	363	405
UniRef90_B6AI65	54.60	363	358
UniRef90_U6MNL0	56.39	363	358
UniRef90_M0ZVM9	51.27	363	395
UniRef90_D7FNZ9	56.18	363	397
UniRef90_UPI0004268368	51.33	363	341
UniRef90_M0U9P4	52.99	363	392
UniRef90_Q944G9	52.12	363	398
UniRef90_M0UTD1	62.34	363	359
UniRef90_A0A072VQ58	52.12	363	391
UniRef90_R7QSM0	52.33	363	396
UniRef90_UPI0004E5498D	53.28	363	390
UniRef90_Q297B4	58.59	363	364
UniRef90_Q9M633	53.98	363	419
UniRef90_A0A0D6QZA6	52.42	363	387
UniRef90_A0A084IJJ4	54.12	363	339
UniRef90_A0A022RCS7	52.12	363	397
UniRef90_Q01516	53.26	363	356
UniRef90_U2EQ39	54.57	363	339
UniRef90_M0SDW7	57.54	363	336
UniRef90_A0A0A0LJ63	51.56	363	397
UniRef90_M0T7Y8	52.54	363	389
UniRef90_M0TNV2	54.24	363	333
UniRef90_J3MFQ1	62.02	363	609
UniRef90_I5C011	55.00	363	340
UniRef90_A0A0K9NR10	54.62	363	352
UniRef90_Q9ATJ1	50.43	363	378
UniRef90_M4D5X7	50.82	363	409
UniRef90_A0A061SPP3	52.96	363	385
UniRef90_A0A058Z4F5	57.02	363	367
UniRef90_UPI000483C928	51.04	363	341
UniRef90_UPI0005C18FC5	54.87	363	339
UniRef90_UPI00049410E3	52.66	363	341
UniRef90_UPI00062B9651	53.39	363	341
UniRef90_M8CEJ8	54.07	363	412
UniRef90_S9WZF5	77.13	363	374
UniRef90_A0A091WFR5	87.17	363	267
UniRef90_UPI0003626D78	51.90	363	344
UniRef90_UPI000464A3CF	54.73	363	341
UniRef90_E1ZQQ5	50.71	363	385
UniRef90_U6LQR0	56.67	363	359
UniRef90_Q4R523	99.27	363	276
UniRef90_C0PD30	53.49	363	352
UniRef90_A3UHA0	52.80	363	339
UniRef90_L0AZ48	52.94	363	358
UniRef90_V5YNZ5	50.28	363	379
UniRef90_UPI0004E5B0B7	53.28	363	710
UniRef90_D8RHD1	50.85	363	390
UniRef90_T1G880	57.10	363	363
UniRef90_A7AV51	52.92	363	358
UniRef90_A0A011UX83	53.39	363	341
UniRef90_A0A084U6V4	54.25	363	341
UniRef90_H9JTG5	59.28	363	410
UniRef90_C0QJM3	51.59	363	348
UniRef90_K0J8T9	51.24	363	382
UniRef90_A0A078AQL9	58.07	363	356
UniRef90_Q0ALG2	50.44	363	345
UniRef90_V5SEC1	52.19	363	344
UniRef90_M5W5E3	58.04	363	365
UniRef90_A6WY48	52.49	363	341
UniRef90_UPI0004E265C3	52.48	363	349
UniRef90_M0T021	51.84	363	391
UniRef90_M1V4H1	54.24	363	360
UniRef90_W3RNP8	51.48	363	341
UniRef90_V4RE56	52.92	363	365
UniRef90_E0MT04	55.59	363	341
UniRef90_D1MBS1	65.05	363	361
UniRef90_Q6NB88	51.91	363	344
UniRef90_UPI00065E3295	54.12	363	340
UniRef90_UPI00042152F1	51.65	363	334
UniRef90_I0YN66	49.86	363	385
UniRef90_G0QJK1	53.67	363	355
UniRef90_M1VGT6	51.27	363	407
UniRef90_A0A0C1TJJ2	50.15	363	343
UniRef90_UPI00040A6358	52.84	363	339
UniRef90_UPI0005F55A1C	78.69	363	405
UniRef90_X2DAR5	60.39	363	372
UniRef90_Q89U97	51.78	363	341
UniRef90_Q11CR8	53.37	363	341
UniRef90_UPI0003A7DEAF	52.35	363	339
UniRef90_Q0DIB5	62.58	363	333
UniRef90_UPI00046A8200	53.12	363	340
UniRef90_B3QL48	52.80	363	340
UniRef90_UPI00037B7FD7	52.33	363	346
UniRef90_A0A0A0M970	50.15	363	336
UniRef90_F8UFK7	52.92	363	357
