UniRef90_P43099	100.00	730	731
UniRef90_UPI000306C657	70.63	730	725
UniRef90_H8ZI01	69.64	730	721
UniRef90_A0A0F4KWR7	68.95	730	730
UniRef90_A0A0B2XIM1	67.92	730	718
UniRef90_Q5ZH57	68.80	730	745
UniRef90_A0A0L8F1P9	67.55	730	720
UniRef90_S6ETA5	67.53	730	733
UniRef90_UPI0006F0EFBF	64.61	730	727
UniRef90_N9Y886	65.27	730	718
UniRef90_UPI00058C4475	64.83	730	749
UniRef90_UPI000481F635	65.59	730	719
UniRef90_U2D716	63.21	730	746
UniRef90_UPI0005C45247	68.64	730	660
UniRef90_A0A0L6Z8I6	61.88	730	749
UniRef90_UPI00026BFE5F	62.74	730	724
UniRef90_E6MBL5	62.60	730	722
UniRef90_L1Q2V9	62.67	730	716
UniRef90_W1U4S3	62.14	730	730
UniRef90_D9CJB5	60.53	730	724
UniRef90_UPI000509422B	62.26	730	717
UniRef90_UPI00055F7C02	61.61	730	728
UniRef90_A0A0D0Y3Q2	60.92	730	726
UniRef90_UPI0006C0E3E6	60.89	730	717
UniRef90_C9LLW8	61.02	730	725
UniRef90_H1CXW1	61.69	730	725
UniRef90_Q9CML3	61.45	730	720
UniRef90_J4QCL6	61.46	730	724
UniRef90_UPI000374744A	60.17	730	718
UniRef90_UPI0002E1711E	58.77	730	726
UniRef90_F2BXE9	60.80	730	729
UniRef90_A5EWZ3	59.20	730	725
UniRef90_Q0I5A9	59.10	730	719
UniRef90_C0DYH0	60.00	730	720
UniRef90_H3KHL2	60.77	730	727
UniRef90_W0Q5K5	59.16	730	724
UniRef90_P44317	59.36	730	720
UniRef90_A0A0F5ETI1	59.19	730	720
UniRef90_I2BDF5	59.44	730	722
UniRef90_A0A0H6JC71	58.67	730	720
UniRef90_UPI00057A51B8	58.87	730	721
UniRef90_UPI0005E7E7E2	58.38	730	720
UniRef90_A0A085GYH0	58.36	730	720
UniRef90_R8AMK6	58.02	730	720
UniRef90_C4FRJ0	58.59	730	724
UniRef90_A1SAY0	58.50	730	720
UniRef90_R7KPX1	59.36	730	719
UniRef90_UPI00068831AE	60.09	730	702
UniRef90_E7H5K2	58.47	730	729
UniRef90_M5J512	59.39	730	726
UniRef90_F2Q7U5	57.12	730	720
UniRef90_UPI00031E6FD7	55.45	730	725
UniRef90_B4EUP2	56.90	730	720
UniRef90_K1JXZ3	57.48	730	719
UniRef90_F9N4D3	57.59	730	727
UniRef90_E4LGD5	58.45	730	724
UniRef90_A0A0J6WT41	58.52	730	718
UniRef90_K9DNF6	57.76	730	737
UniRef90_Q8EJZ2	56.61	730	720
UniRef90_UPI00047CEA11	58.45	730	723
UniRef90_K1JL29	57.94	730	730
UniRef90_F2BXU4	57.43	730	731
UniRef90_W7PEY0	56.92	730	732
UniRef90_G0VNQ1	57.76	730	719
UniRef90_V3TZI6	56.05	730	720
UniRef90_A0A088L833	57.28	730	721
UniRef90_D9Y682	57.22	730	731
UniRef90_U7UFB7	57.54	730	718
UniRef90_UPI0005560807	58.75	730	721
UniRef90_UPI0002F78493	55.79	730	722
UniRef90_R7CQ77	56.29	730	727
UniRef90_UPI000463A7A9	56.90	730	732
UniRef90_R7IK61	56.15	730	747
UniRef90_A0A076LI19	55.65	730	720
UniRef90_A0A084ZZ85	56.01	730	727
UniRef90_A0A096AJA0	55.42	730	726
UniRef90_A0A089PW41	55.76	730	719
UniRef90_D2U3X2	56.47	730	698
UniRef90_I0QMK5	56.01	730	719
UniRef90_UPI0006207526	56.10	730	732
UniRef90_A0A085IEX2	54.83	730	731
UniRef90_D4DXZ7	55.51	730	720
UniRef90_E7H1W2	57.55	730	735
UniRef90_C9LLX1	56.02	730	733
UniRef90_A0A085GJP7	56.39	730	712
UniRef90_A0A090V6D1	56.12	730	719
UniRef90_K9NM28	55.88	730	727
UniRef90_Q666L6	56.29	730	720
UniRef90_P24169	55.88	730	732
UniRef90_UPI0006CE8BB1	54.42	730	727
UniRef90_H1CXV7	56.60	730	730
UniRef90_B4EG91	54.94	730	726
UniRef90_S2EWQ9	54.77	730	728
UniRef90_B6ESX0	55.67	730	730
UniRef90_A0A089R6T4	54.68	730	732
UniRef90_A0A0D1MUQ7	54.43	730	732
UniRef90_L0M8R1	56.12	730	720
UniRef90_J0M4T5	56.06	730	711
UniRef90_R7PQX8	55.11	730	725
UniRef90_A0A0B3BGW5	54.14	730	727
UniRef90_A0A0A3ARU7	54.69	730	715
UniRef90_E0SBS9	56.38	730	717
UniRef90_K8BXK3	55.68	730	731
UniRef90_C9LR32	54.16	730	712
UniRef90_F2BXE5	54.44	730	727
UniRef90_A0A085HG89	55.63	730	711
UniRef90_UPI00041629F3	54.22	730	727
UniRef90_H5V469	54.72	730	711
UniRef90_A0A085G6F0	55.60	730	720
UniRef90_Q6D8K7	57.71	730	717
UniRef90_A0A0J0YT23	54.88	730	715
UniRef90_L0MMR6	55.32	730	720
UniRef90_A0A083ZWR2	54.74	730	723
UniRef90_V5CQ21	54.89	730	711
UniRef90_V3V936	56.15	730	717
UniRef90_A0A0C7KFS4	54.79	730	712
UniRef90_UPI0004679CA8	55.35	730	712
UniRef90_H2IQ69	53.81	730	729
UniRef90_A0A085IHZ6	54.83	730	711
UniRef90_C9XZ81	55.82	730	731
UniRef90_UPI0005E5136E	54.72	730	720
UniRef90_K0ZED9	54.38	730	730
UniRef90_D0XA01	57.64	730	726
UniRef90_S0AM80	56.60	730	741
UniRef90_C9Y0H7	54.79	730	712
UniRef90_A0A085V616	53.60	730	727
UniRef90_P21169	54.27	730	711
UniRef90_A0A085A5J1	53.89	730	715
UniRef90_UPI00047CA8D9	55.87	730	717
UniRef90_W0HRY9	55.24	730	720
UniRef90_G7LRS5	57.20	730	718
UniRef90_A0A014PTM3	54.85	730	713
UniRef90_C8PXM4	54.65	730	719
UniRef90_F5SM56	52.97	730	756
UniRef90_UPI0006F26A59	54.71	730	714
UniRef90_D4HVS1	54.40	730	714
UniRef90_A0A0L0AWH2	54.65	730	710
UniRef90_UPI000468C58D	54.57	730	714
UniRef90_A0A090UYS6	54.49	730	708
UniRef90_A0A0J8VNE5	55.32	730	711
UniRef90_UPI000374AEDF	54.53	730	713
UniRef90_A0A0A0YZF9	54.66	730	715
UniRef90_A0A071M210	54.51	730	715
UniRef90_V6MHG4	53.47	730	720
UniRef90_E3G440	53.68	730	711
UniRef90_UPI000614564B	53.16	730	711
UniRef90_UPI00057C1BC9	54.08	730	711
UniRef90_A0A095VJU8	53.32	730	717
UniRef90_UPI0006613520	53.87	730	722
UniRef90_D4BGE2	53.29	730	728
UniRef90_A0A085J9K5	53.53	730	716
UniRef90_A0A089QZR5	53.31	730	714
UniRef90_I2B5G6	53.46	730	712
UniRef90_UPI0004A49CC8	52.19	730	716
UniRef90_UPI00037FE219	54.56	730	715
UniRef90_D8MWL0	54.48	730	716
UniRef90_C7B0S1	53.86	730	711
UniRef90_Q57K01	53.72	730	725
UniRef90_A0A0L7T362	55.06	730	713
UniRef90_U3TXY7	55.17	730	708
UniRef90_A0A0A1AWX2	53.92	730	714
UniRef90_UPI0005508C6A	54.05	730	714
UniRef90_UPI0004894764	52.83	730	718
UniRef90_E6W8P5	54.02	730	715
UniRef90_K8AEH4	54.55	730	810
UniRef90_A0A0E9B9U2	53.51	730	722
UniRef90_UPI000646B4FB	50.92	730	723
UniRef90_H1CXP9	54.34	730	716
UniRef90_K8VY63	51.27	730	719
UniRef90_B6XDC4	51.77	730	719
UniRef90_A0A069T2J5	53.41	730	725
UniRef90_R7PUB0	51.50	730	745
UniRef90_S3XZ90	55.73	730	726
UniRef90_A0A081RW94	50.71	730	724
UniRef90_UPI00055809ED	61.50	730	560
UniRef90_D2N270	54.17	730	724
UniRef90_E4L770	50.69	730	738
UniRef90_UPI00067E26D7	54.67	730	647
UniRef90_A0A0H7W5Q2	60.60	730	586
UniRef90_A0A0A8NR57	49.29	730	730
UniRef90_UPI0006698714	59.78	730	566
UniRef90_E3VNN3	73.53	730	443
UniRef90_W1J5Z9	48.16	730	725
UniRef90_UPI00026BF067	66.32	730	485
UniRef90_UPI0004EDA192	49.23	730	664
UniRef90_W0HG62	52.07	730	632
UniRef90_A0A0A1ID45	57.27	730	571
UniRef90_C7C569	58.61	730	560
UniRef90_UPI00068CA76E	51.12	730	715
UniRef90_Q92ZT9	51.25	730	782
UniRef90_A0A0A6Q4T5	50.38	730	787
UniRef90_B3PWP9	49.30	730	787
UniRef90_A0A0A6QCC9	46.41	730	787
UniRef90_UPI00037B78A1	49.54	730	787
UniRef90_UPI0007008675	50.00	730	793
UniRef90_UPI00045C7EE5	62.08	730	504
UniRef90_J0CN71	50.16	730	1246
UniRef90_M5J547	47.43	730	680
UniRef90_UPI00040456C8	50.30	730	790
UniRef90_UPI000490342B	49.70	730	787
UniRef90_W6WDQ2	50.00	730	787
UniRef90_A0A0H4LA75	47.44	730	695
UniRef90_A0A0K2L9S8	44.91	730	695
UniRef90_B2JWZ8	49.09	730	787
UniRef90_A0A0H4R3F3	46.81	730	698
UniRef90_A0A0H5G1K5	60.59	730	479
UniRef90_UPI0005051A40	56.54	730	548
UniRef90_Q1WVG2	45.55	730	699
UniRef90_UPI0006EED7B0	47.44	730	703
UniRef90_UPI0004687BBA	45.83	730	702
UniRef90_I7KHT8	45.14	730	697
UniRef90_G1UB50	48.45	730	697
UniRef90_C2EMX9	49.04	730	705
UniRef90_A0A062XCH4	46.07	730	708
UniRef90_V7HT82	46.00	730	697
UniRef90_Q1G8S9	46.12	730	701
UniRef90_UPI000468250F	45.68	730	703
UniRef90_M4S1Q5	45.95	730	715
UniRef90_UPI00046A87EC	44.71	730	695
UniRef90_F0TET9	46.85	730	697
UniRef90_D4YTS2	48.11	730	699
UniRef90_D0R6D5	45.01	730	699
UniRef90_UPI0002492790	49.75	730	702
UniRef90_C7XGR4	45.47	730	695
UniRef90_I7KKJ8	46.68	730	696
UniRef90_F6CB14	46.59	730	697
UniRef90_N2ALV2	44.76	730	698
UniRef90_UPI00024913BA	46.83	730	707
UniRef90_A0A0G9H3Z5	44.82	730	750
UniRef90_C4VN39	44.93	730	696
UniRef90_C4MCM9	47.86	730	698
UniRef90_F0HXH7	46.32	730	695
UniRef90_UPI00024931D0	43.06	730	705
UniRef90_C2KGQ5	46.61	730	700
UniRef90_I6DSM4	59.69	730	482
UniRef90_UPI00067EEF5D	45.75	730	705
UniRef90_UPI0006F0ED29	47.28	730	693
UniRef90_E7FMB5	46.82	730	674
UniRef90_UPI0006EF77DD	43.24	730	704
UniRef90_UPI000553DF87	43.95	730	788
UniRef90_D6S306	45.51	730	696
UniRef90_A0A084IKH7	42.07	730	786
UniRef90_A0A070CCF2	57.91	730	440
UniRef90_UPI00035F2E80	44.58	730	781
UniRef90_Q13H06	44.04	730	778
UniRef90_W1U1T6	58.37	730	479
UniRef90_UPI000494B40E	45.58	730	779
UniRef90_UPI0004D00696	44.41	730	778
UniRef90_G7ZEX8	40.56	730	778
UniRef90_C5AVM8	44.20	730	781
UniRef90_UPI0002F2D160	44.14	730	785
UniRef90_D3P6Y5	43.96	730	783
UniRef90_A0A0N1LPM5	40.84	730	778
UniRef90_UPI0005B8EFBA	40.54	730	777
UniRef90_Q2W8B3	43.78	730	783
UniRef90_UPI0002DC141C	43.12	730	778
UniRef90_A0A0G3ETF3	43.63	730	764
UniRef90_A0A0I2H0A6	58.78	730	446
UniRef90_UPI0003686169	40.36	730	778
UniRef90_A8IE05	43.23	730	785
UniRef90_K8BZZ7	58.87	730	464
UniRef90_Q6N853	42.95	730	785
UniRef90_UPI0002E24131	43.30	730	785
UniRef90_B1M475	43.43	730	781
UniRef90_UPI0004170228	42.83	730	785
UniRef90_W6I2G8	42.48	730	784
UniRef90_B8ENW7	43.36	730	779
UniRef90_UPI00056B5CA5	42.79	730	784
UniRef90_A0A0D6PJN2	42.20	730	773
UniRef90_UPI0003F8B721	42.75	730	785
UniRef90_UPI00041FC382	42.35	730	785
UniRef90_H9UPU8	57.68	730	502
UniRef90_A7ID00	42.37	730	785
UniRef90_A0A024HCL4	41.87	730	782
UniRef90_B2IHQ8	42.37	730	785
UniRef90_A0A0D1NTQ1	42.46	730	785
UniRef90_A5EGF3	42.46	730	785
UniRef90_Q89QF1	42.66	730	838
UniRef90_UPI0003649755	42.75	730	785
UniRef90_A0A0E0YX30	58.06	730	433
UniRef90_D7HB96	60.87	730	405
UniRef90_A0A0F0F715	41.31	730	714
UniRef90_A0A0I1BR10	57.66	730	430
UniRef90_UPI0006F13A90	42.07	730	692
UniRef90_A0A066PZU8	41.57	730	773
UniRef90_UPI00051153EC	58.37	730	420
UniRef90_A0A0M3CX05	59.23	730	419
UniRef90_U4TLY5	38.98	730	690
UniRef90_S6BSK5	40.92	730	696
UniRef90_K8AZN2	55.50	730	418
UniRef90_C2JXX3	39.82	730	697
UniRef90_UPI00040E7D12	39.41	730	690
UniRef90_UPI0006F0B64F	40.43	730	693
UniRef90_R7CT79	41.40	730	615
UniRef90_C2FF14	40.93	730	696
UniRef90_UPI0006EE81D9	40.23	730	695
UniRef90_UPI0006D2C2CD	40.84	730	632
UniRef90_UPI0006EEA2C6	41.00	730	692
UniRef90_W1U0N7	51.53	730	435
UniRef90_D0ZAE8	57.49	730	388
UniRef90_H1D1V0	39.83	730	610
UniRef90_F8FYU9	37.86	730	682
UniRef90_F5P014	54.86	730	391
UniRef90_A0A0H2QR16	57.11	730	387
UniRef90_R7PR40	58.33	730	365
UniRef90_J6CTP9	62.77	730	335
UniRef90_I6H8B0	58.09	730	384
UniRef90_R6AI19	38.90	730	601
UniRef90_N9W8K8	39.07	730	683
UniRef90_UPI00057513BC	36.84	730	683
UniRef90_A0A0H7X6Y1	58.79	730	354
UniRef90_A0A0C9CN63	55.78	730	417
UniRef90_W1F0R7	61.41	730	377
UniRef90_C9LMS2	37.88	730	619
UniRef90_D0ZAE7	55.99	730	339
UniRef90_X4ISI4	60.55	730	290
UniRef90_Q1W5T9	61.05	730	283
UniRef90_UPI0006C7389B	36.31	730	771
UniRef90_UPI0006D07BD4	34.91	730	762
UniRef90_UPI000364910F	34.76	730	751
UniRef90_I4N4D1	35.77	730	751
UniRef90_J1AR33	35.28	730	781
UniRef90_A0A0B3C530	35.18	730	751
UniRef90_A0A024HE56	34.64	730	755
UniRef90_A0A071KXD7	35.00	730	751
UniRef90_A0A077FDU2	34.68	730	753
UniRef90_K6QE12	42.95	730	518
UniRef90_I9KRN4	34.64	730	753
UniRef90_A0A0D6SGZ2	34.81	730	751
UniRef90_UPI0006D26F75	33.48	730	751
UniRef90_UPI000255703E	34.74	730	751
UniRef90_Q21GF5	34.35	730	757
UniRef90_L1LZJ0	34.43	730	751
UniRef90_A0A0F0F053	34.50	730	751
UniRef90_G5PJZ7	67.86	730	270
UniRef90_I7KDU0	34.91	730	814
UniRef90_A0A081FVR4	33.82	730	751
UniRef90_A0A0B5C886	34.72	730	749
UniRef90_A0A084IKH9	33.18	730	758
UniRef90_Q3SH30	34.50	730	747
UniRef90_A3CUZ9	34.39	730	767
UniRef90_E2XR22	33.95	730	751
UniRef90_E6QRV8	34.13	730	746
UniRef90_UPI000648C289	33.79	730	755
UniRef90_A0A011PLF2	34.30	730	748
UniRef90_A0A0C4YCV7	34.19	730	754
UniRef90_M4WW60	35.53	730	750
UniRef90_N1JS60	33.86	730	781
UniRef90_A0A0B6RQ04	34.86	730	765
UniRef90_A0A0F7XUX8	35.43	730	746
UniRef90_F6ABN7	35.22	730	752
UniRef90_E1RF59	36.02	730	773
UniRef90_C0AX42	59.36	730	287
UniRef90_UPI000702550E	33.79	730	750
UniRef90_A0A0F7M2B4	33.68	730	751
UniRef90_UPI0004809413	33.49	730	750
UniRef90_I1DUN4	33.43	730	751
UniRef90_B1JBM9	35.34	730	749
UniRef90_G8QLQ5	32.88	730	746
UniRef90_D8P090	33.83	730	759
UniRef90_B1XVH2	32.87	730	755
UniRef90_UPI00041D9CBE	33.93	730	753
UniRef90_UPI00036ECC0F	33.03	730	751
UniRef90_A0A063Y3R8	32.54	730	750
UniRef90_N6ZTK2	33.38	730	747
UniRef90_U3B3K0	34.14	730	746
UniRef90_A0A0N0GLC9	33.43	730	756
UniRef90_A7I4K7	34.42	730	769
UniRef90_A1KAF9	33.53	730	747
UniRef90_D5CN69	33.18	730	748
UniRef90_W6QV90	35.05	730	747
UniRef90_S6ALV3	33.89	730	748
UniRef90_A0A0G5V619	32.60	730	762
UniRef90_UPI00040523C8	32.11	730	754
UniRef90_A6GRN1	34.02	730	751
UniRef90_UPI00041442B1	34.59	730	750
UniRef90_L8MQ24	34.37	730	751
UniRef90_UPI000360F38F	33.28	730	758
UniRef90_I0HT31	33.33	730	754
UniRef90_D0KZQ1	33.03	730	753
UniRef90_B0SKR8	33.69	730	755
UniRef90_F5RF84	33.89	730	753
UniRef90_C3X834	33.63	730	753
UniRef90_A0A0F7HA78	33.58	730	790
UniRef90_UPI0004897810	33.03	730	754
UniRef90_A0A023WSY3	33.87	730	749
UniRef90_A6SX84	33.38	730	750
UniRef90_Q47IJ6	33.33	730	742
UniRef90_K5YNR3	34.63	730	750
UniRef90_A0A0G3BJS4	33.64	730	755
UniRef90_A0A0A1GE26	33.93	730	750
UniRef90_A0A023Y2E0	34.44	730	762
UniRef90_A0A0D6EW83	34.08	730	746
UniRef90_UPI00036A024E	33.08	730	745
UniRef90_UPI00037BE64D	33.03	730	753
UniRef90_Q7NQU7	32.99	730	752
UniRef90_R7BVA3	32.33	730	747
UniRef90_A0A0J5GDW2	34.24	730	752
UniRef90_Q2KWF0	33.09	730	792
UniRef90_E5ANG3	33.23	730	771
UniRef90_E5YEY8	34.21	730	789
UniRef90_W7QWM8	32.94	730	751
UniRef90_UPI0004E26FF2	33.23	730	754
UniRef90_A0A0B5FIK3	33.48	730	761
UniRef90_B1Y0P5	32.54	730	751
UniRef90_D1P605	32.84	730	822
UniRef90_UPI000370994B	33.83	730	745
UniRef90_A0A0A1H6A0	32.84	730	750
UniRef90_E8X088	31.42	730	805
UniRef90_UPI0003708A80	33.78	730	749
UniRef90_A0A0F5K5Y8	32.89	730	755
UniRef90_UPI0003B47950	32.83	730	747
UniRef90_A0A0E9M8C8	32.98	730	748
UniRef90_UPI0003F79592	32.41	730	767
UniRef90_UPI00047E9C9E	32.93	730	755
UniRef90_A0A098FZR5	33.43	730	716
UniRef90_A0A0G4QHA8	33.04	730	790
UniRef90_A0A085EWD6	33.28	730	752
UniRef90_L7RRQ5	32.68	730	744
UniRef90_W0SMD3	33.18	730	748
UniRef90_J0UVJ5	32.46	730	791
UniRef90_UPI00042105DE	33.33	730	752
UniRef90_A0A0K6GSW5	33.23	730	752
UniRef90_A0A085AA53	34.33	730	758
UniRef90_A4C5B8	33.23	730	752
UniRef90_UPI0004806AD7	34.08	730	759
UniRef90_K2B8S4	34.39	730	714
UniRef90_A0A096BDZ9	32.54	730	753
UniRef90_F7NTW3	32.63	730	755
UniRef90_G6F0A8	33.10	730	793
UniRef90_UPI000348275D	32.57	730	757
UniRef90_E8UEY5	32.39	730	752
UniRef90_R6HQE4	33.63	730	764
UniRef90_A2VWA1	33.58	730	760
UniRef90_UPI0004038531	32.07	730	754
UniRef90_H2ILL9	31.48	730	764
UniRef90_UPI00036CA328	33.33	730	744
UniRef90_G4MGK3	33.23	730	761
UniRef90_E7RUV0	33.28	730	770
UniRef90_A0A0L6TBB0	31.65	730	752
UniRef90_C1DM37	34.53	730	746
UniRef90_UPI0004E21A45	34.07	730	766
UniRef90_D5X169	31.87	730	754
UniRef90_Q1H2G0	32.86	730	746
UniRef90_UPI0003A952A2	32.84	730	750
UniRef90_A0A0F9W0W8	31.86	730	749
UniRef90_X4ZIN0	32.64	730	791
UniRef90_UPI0007016735	32.05	730	771
UniRef90_UPI000615202B	33.08	730	748
UniRef90_UPI00041874CD	34.04	730	765
UniRef90_UPI00029B187E	32.37	730	770
UniRef90_I3ZMH0	30.98	730	800
UniRef90_E6PRQ6	32.93	730	753
UniRef90_UPI000553731F	32.50	730	764
UniRef90_A0A075JX64	33.23	730	766
UniRef90_UPI00046E6C43	34.01	730	791
UniRef90_K8WEF0	32.28	730	790
UniRef90_A0A0N1LCH1	32.68	730	751
UniRef90_A0A0N1AA74	32.17	730	753
UniRef90_K5UYP0	34.82	730	711
UniRef90_H2E706	43.78	730	370
UniRef90_H2FT20	32.68	730	753
UniRef90_UPI00026C7A54	35.40	730	713
UniRef90_D7DQC2	32.26	730	746
UniRef90_G8NRB8	32.00	730	814
UniRef90_T1C2L4	33.13	730	749
UniRef90_UPI0006F24BF5	32.14	730	783
UniRef90_A0A0B7JGD4	35.54	730	710
UniRef90_A0A0F9UV99	31.80	730	750
UniRef90_T2G8U6	32.71	730	760
UniRef90_A0A0A1A968	32.10	730	789
UniRef90_UPI00048F62AD	32.93	730	757
UniRef90_UPI0004C50EEC	32.05	730	780
UniRef90_D3RV51	32.43	730	750
UniRef90_UPI000409E210	32.35	730	746
UniRef90_M1M5E5	32.88	730	750
UniRef90_A0A031MBY0	33.63	730	751
UniRef90_UPI0006F8E8F4	32.65	730	757
UniRef90_UPI0003FFD4D2	32.68	730	753
UniRef90_UPI0006CE80BB	32.89	730	784
UniRef90_UPI0004218537	32.14	730	755
UniRef90_A0A0A0NSP0	33.38	730	805
UniRef90_A0A081KF10	33.17	730	767
UniRef90_B6BUF1	32.67	730	746
UniRef90_A0A060NUD2	32.18	730	764
UniRef90_A0A077DE72	32.38	730	747
UniRef90_J1ZU33	32.36	730	795
UniRef90_M1L1K3	33.08	730	750
UniRef90_H5WNC2	31.87	730	754
UniRef90_W0PK45	33.38	730	754
UniRef90_W8X0P9	33.69	730	754
UniRef90_A0A0K8P4H1	32.22	730	755
UniRef90_V8FV03	32.34	730	753
UniRef90_R5RCG4	33.04	730	764
UniRef90_K0K4Z1	32.51	730	803
UniRef90_R5YMX0	32.74	730	771
UniRef90_UPI0005D21F67	31.51	730	788
UniRef90_A0A085V615	32.70	730	777
UniRef90_A0A0A0HKU6	32.55	730	763
UniRef90_A0A0G9H9D6	32.79	730	770
UniRef90_P43099	100.00	730	731
UniRef90_A0A0L8F1P9	67.45	730	720
UniRef90_R8AMK6	57.86	730	720
UniRef90_A0A085GYH0	58.00	730	720
UniRef90_UPI0005E7E7E2	57.72	730	720
UniRef90_UPI00057A51B8	58.19	730	721
UniRef90_F2Q7U5	56.88	730	720
UniRef90_A0A0B2XIM1	67.83	730	718
UniRef90_V3TZI6	56.05	730	720
UniRef90_W7PEY0	55.46	730	732
UniRef90_A0A0H6JC71	58.61	730	720
UniRef90_A1SAY0	58.33	730	720
UniRef90_N9Y886	65.04	730	718
UniRef90_D4DXZ7	55.22	730	720
UniRef90_UPI000481F635	65.32	730	719
UniRef90_K1JXZ3	57.22	730	719
UniRef90_Q8EJZ2	56.39	730	720
UniRef90_I2BDF5	58.97	730	722
UniRef90_U2D716	62.82	730	746
UniRef90_Q0I5A9	58.77	730	719
UniRef90_S6ETA5	67.08	730	733
UniRef90_A0A088L833	56.59	730	721
UniRef90_W1U4S3	61.81	730	730
UniRef90_A0A084ZZ85	54.55	730	727
UniRef90_P24169	54.92	730	732
UniRef90_B4EUP2	56.75	730	720
UniRef90_UPI000306C657	70.14	730	725
UniRef90_A0A076LI19	55.49	730	720
UniRef90_A0A089PW41	55.01	730	719
UniRef90_Q9CML3	61.20	730	720
UniRef90_A0A0F4KWR7	68.76	730	730
UniRef90_A0A083ZWR2	54.24	730	723
UniRef90_Q5ZH57	68.09	730	745
UniRef90_UPI0006207526	55.20	730	732
UniRef90_H2IQ69	53.32	730	729
UniRef90_V5CQ21	54.44	730	711
UniRef90_P44317	59.19	730	720
UniRef90_UPI000463A7A9	56.41	730	732
UniRef90_C9LLW8	60.55	730	725
UniRef90_A0A085A5J1	53.61	730	715
UniRef90_J0M4T5	55.77	730	711
UniRef90_UPI00058C4475	64.40	730	749
UniRef90_A5EWZ3	59.12	730	725
UniRef90_A0A085HG89	55.35	730	711
UniRef90_H1CXW1	61.46	730	725
UniRef90_A0A0J8VNE5	54.44	730	711
UniRef90_Q666L6	55.28	730	720
UniRef90_W0Q5K5	58.75	730	724
UniRef90_A0A0D1MUQ7	54.36	730	732
UniRef90_A0A085GJP7	55.69	730	712
UniRef90_A0A0L6Z8I6	61.71	730	749
UniRef90_A0A085IEX2	54.65	730	731
UniRef90_UPI000509422B	62.26	730	717
UniRef90_A0A0C7KFS4	54.24	730	712
UniRef90_UPI00057C1BC9	53.69	730	711
UniRef90_L1Q2V9	62.34	730	716
UniRef90_UPI000374744A	59.75	730	718
UniRef90_J4QCL6	61.19	730	724
UniRef90_UPI00055F7C02	61.34	730	728
UniRef90_H8ZI01	69.64	730	721
UniRef90_A0A090V6D1	55.37	730	719
UniRef90_A0A085IHZ6	54.24	730	711
UniRef90_H5V469	54.86	730	711
UniRef90_P21169	54.10	730	711
UniRef90_S2EWQ9	54.33	730	728
UniRef90_UPI0006C0E3E6	60.67	730	717
UniRef90_UPI0005E5136E	53.96	730	720
UniRef90_C9Y0H7	54.31	730	712
UniRef90_A0A0F5ETI1	58.69	730	720
UniRef90_A0A089R6T4	54.50	730	732
UniRef90_C0DYH0	59.75	730	720
UniRef90_UPI0006F0EFBF	64.70	730	727
UniRef90_K8BXK3	54.66	730	731
UniRef90_D9Y682	56.08	730	731
UniRef90_A0A0L0AWH2	53.82	730	710
UniRef90_UPI000374AEDF	54.09	730	713
UniRef90_D4BGE2	53.55	730	728
UniRef90_C9XZ81	54.72	730	731
UniRef90_F2BXE9	60.80	730	729
UniRef90_A0A090UYS6	53.99	730	708
UniRef90_I0QMK5	54.94	730	719
UniRef90_R7KPX1	58.86	730	719
UniRef90_UPI0004679CA8	54.80	730	712
UniRef90_UPI000614564B	52.85	730	711
UniRef90_UPI0006CE8BB1	53.86	730	727
UniRef90_R7IK61	55.86	730	747
UniRef90_E3G440	53.76	730	711
UniRef90_C7B0S1	53.55	730	711
UniRef90_A0A014PTM3	54.03	730	713
UniRef90_Q57K01	53.41	730	725
UniRef90_A0A0B3BGW5	53.43	730	727
UniRef90_L0M8R1	54.87	730	720
UniRef90_H3KHL2	60.69	730	727
UniRef90_UPI00026BFE5F	62.34	730	724
UniRef90_K1JL29	57.72	730	730
UniRef90_A0A071M210	54.38	730	715
UniRef90_A0A095VJU8	52.21	730	717
UniRef90_UPI000468C58D	53.97	730	714
UniRef90_E7H5K2	58.39	730	729
UniRef90_E6MBL5	62.22	730	722
UniRef90_I2B5G6	52.99	730	712
UniRef90_UPI00041629F3	53.24	730	727
UniRef90_D2U3X2	55.86	730	698
UniRef90_V3V936	55.43	730	717
UniRef90_W0HRY9	54.66	730	720
UniRef90_A0A0D0Y3Q2	60.55	730	726
UniRef90_E0SBS9	56.40	730	717
UniRef90_UPI0002E1711E	58.57	730	726
UniRef90_C4FRJ0	58.23	730	724
UniRef90_D4HVS1	53.55	730	714
UniRef90_UPI0004A49CC8	51.88	730	716
UniRef90_B4EG91	54.31	730	726
UniRef90_UPI0006613520	53.72	730	722
UniRef90_UPI0002F78493	55.56	730	722
UniRef90_A0A089QZR5	53.19	730	714
UniRef90_UPI00047CEA11	58.15	730	723
UniRef90_E4LGD5	58.31	730	724
UniRef90_L0MMR6	54.52	730	720
UniRef90_D9CJB5	60.58	730	724
UniRef90_K9NM28	55.65	730	727
UniRef90_A0A085J9K5	53.27	730	716
UniRef90_UPI00037FE219	53.51	730	715
UniRef90_Q6D8K7	56.53	730	717
UniRef90_A0A085V616	52.82	730	727
UniRef90_U7UFB7	57.12	730	718
UniRef90_S0AM80	55.63	730	741
UniRef90_K9DNF6	56.52	730	737
UniRef90_A0A0A0YZF9	53.78	730	715
UniRef90_U3TXY7	54.48	730	708
UniRef90_D8MWL0	53.54	730	716
UniRef90_UPI0006F26A59	54.38	730	714
UniRef90_G0VNQ1	57.44	730	719
UniRef90_UPI0005560807	58.47	730	721
UniRef90_A0A0J6WT41	58.06	730	718
UniRef90_V6MHG4	52.78	730	720
UniRef90_E6W8P5	53.36	730	715
UniRef90_G7LRS5	56.19	730	718
UniRef90_F2BXE5	53.85	730	727
UniRef90_F2BXU4	56.40	730	731
UniRef90_A0A0A3ARU7	53.97	730	715
UniRef90_A0A085G6F0	54.95	730	720
UniRef90_UPI00068831AE	59.34	730	702
UniRef90_UPI00047CA8D9	54.74	730	717
UniRef90_A0A0J0YT23	53.97	730	715
UniRef90_A0A0E9B9U2	52.94	730	722
UniRef90_K0ZED9	54.11	730	730
UniRef90_A0A096AJA0	55.22	730	726
UniRef90_UPI0005508C6A	53.30	730	714
UniRef90_A0A0A1AWX2	52.92	730	714
UniRef90_UPI000646B4FB	50.00	730	723
UniRef90_F9N4D3	55.72	730	727
UniRef90_A0A0L7T362	53.82	730	713
UniRef90_K8VY63	50.90	730	719
UniRef90_B6ESX0	54.32	730	730
UniRef90_K8AEH4	54.71	730	810
UniRef90_B6XDC4	51.04	730	719
UniRef90_C9LR32	54.08	730	712
UniRef90_R7CQ77	56.15	730	727
UniRef90_C9LLX1	55.80	730	733
UniRef90_A0A081RW94	50.21	730	724
UniRef90_R7PQX8	55.03	730	725
UniRef90_M5J512	58.98	730	726
UniRef90_R7PUB0	51.09	730	745
UniRef90_C8PXM4	52.86	730	719
UniRef90_E7H1W2	56.45	730	735
UniRef90_H1CXV7	55.72	730	730
UniRef90_UPI0005C45247	68.64	730	660
UniRef90_F5SM56	51.81	730	756
UniRef90_UPI00031E6FD7	55.45	730	725
UniRef90_D0XA01	55.76	730	726
UniRef90_UPI0004894764	51.73	730	718
UniRef90_A0A069T2J5	51.76	730	725
UniRef90_D2N270	52.15	730	724
UniRef90_UPI00067E26D7	54.52	730	647
UniRef90_UPI0004EDA192	48.96	730	664
UniRef90_A0A0A8NR57	48.62	730	730
UniRef90_H1CXP9	52.49	730	716
UniRef90_W1J5Z9	47.57	730	725
UniRef90_E4L770	50.69	730	738
UniRef90_C3X834	32.16	730	753
UniRef90_UPI00041D9CBE	33.09	730	753
UniRef90_S3XZ90	50.74	730	726
UniRef90_UPI00036A024E	31.06	730	745
UniRef90_G8QLQ5	31.10	730	746
UniRef90_A1KAF9	31.61	730	747
UniRef90_A6SX84	32.10	730	750
UniRef90_S6ALV3	32.84	730	748
UniRef90_W0SMD3	32.00	730	748
UniRef90_N6ZTK2	31.90	730	747
UniRef90_UPI000648C289	32.84	730	755
UniRef90_UPI0004897810	32.45	730	754
UniRef90_A0A0C4YCV7	31.63	730	754
UniRef90_UPI00036ECC0F	31.31	730	751
UniRef90_Q47IJ6	32.29	730	742
UniRef90_A0A011PLF2	32.24	730	748
UniRef90_F5RF84	32.79	730	753
UniRef90_E6QRV8	33.28	730	746
UniRef90_A0A063Y3R8	31.62	730	750
UniRef90_D5CN69	31.58	730	748
UniRef90_Q7NQU7	32.22	730	752
UniRef90_A6GRN1	32.44	730	751
UniRef90_UPI0003FFD4D2	30.80	730	753
UniRef90_UPI000702550E	32.45	730	750
UniRef90_I9KRN4	31.30	730	753
UniRef90_UPI0003B47950	31.51	730	747
UniRef90_UPI0004809413	31.44	730	750
UniRef90_A0A0N1LCH1	31.32	730	751
UniRef90_B3PWP9	44.57	730	787
UniRef90_A0A0G3BJS4	31.63	730	755
UniRef90_A0A085EWD6	31.00	730	752
UniRef90_A0A0J5GDW2	32.34	730	752
UniRef90_A0A081FVR4	31.96	730	751
UniRef90_D8P090	32.01	730	759
UniRef90_A0A0L6TBB0	30.26	730	752
UniRef90_UPI0006F24BF5	29.59	730	783
UniRef90_A0A0A6QCC9	45.90	730	787
UniRef90_UPI0004038531	30.93	730	754
UniRef90_B1Y0P5	30.91	730	751
UniRef90_UPI000494B40E	41.86	730	779
UniRef90_A0A0K6GSW5	31.97	730	752
UniRef90_F7NTW3	32.06	730	755
UniRef90_Q21GF5	32.11	730	757
UniRef90_UPI000360F38F	31.58	730	758
UniRef90_A0A0E9M8C8	32.00	730	748
UniRef90_A1TS81	29.97	730	793
UniRef90_A0A0D6EW83	32.40	730	746
UniRef90_A0A0N1AA74	30.00	730	753
UniRef90_A0A0N0GLC9	32.35	730	756
UniRef90_D8IPN4	30.47	730	750
UniRef90_UPI0004E26FF2	32.31	730	754
UniRef90_UPI00037B78A1	45.96	730	787
UniRef90_B1XVH2	31.81	730	755
UniRef90_I1DUN4	31.62	730	751
UniRef90_Q92ZT9	46.50	730	782
UniRef90_UPI0002DEFE12	30.47	730	790
UniRef90_UPI00040523C8	31.39	730	754
UniRef90_UPI0006DC9DFF	29.16	730	757
UniRef90_Q3SH30	33.09	730	747
UniRef90_B0SKR8	32.44	730	755
UniRef90_UPI000615202B	31.76	730	748
UniRef90_Q1H2G0	30.52	730	746
UniRef90_A0A0H7W5Q2	59.41	730	586
UniRef90_L7RRQ5	31.79	730	744
UniRef90_D5X169	31.24	730	754
UniRef90_UPI0004218537	30.93	730	755
UniRef90_I0HT31	30.59	730	754
UniRef90_UPI0006D26F75	32.51	730	751
UniRef90_UPI000652BCD1	29.73	730	754
UniRef90_UPI00029B187E	31.20	730	770
UniRef90_A0A060NUD2	30.20	730	764
UniRef90_UPI00042105DE	31.63	730	752
UniRef90_UPI0005BD4BBC	30.76	730	764
UniRef90_UPI0006F5AB4E	30.75	730	782
UniRef90_A0A0F7M2B4	32.58	730	751
UniRef90_R7BVA3	31.21	730	747
UniRef90_F5XX98	29.99	730	754
UniRef90_E1RF59	31.96	730	773
UniRef90_D3RV51	31.51	730	750
UniRef90_F3KV15	28.67	730	764
UniRef90_A4C5B8	31.76	730	752
UniRef90_E6PRQ6	30.66	730	753
UniRef90_W7QWM8	31.61	730	751
UniRef90_D0KZQ1	31.77	730	753
UniRef90_B6BUF1	31.31	730	746
UniRef90_A2SH44	30.14	730	753
UniRef90_A0A0K8P4H1	30.28	730	755
UniRef90_A0A0F5K5Y8	31.59	730	755
UniRef90_A0A0A6Q4T5	47.66	730	787
UniRef90_H2FT20	31.28	730	753
UniRef90_A0A096BDZ9	30.63	730	753
UniRef90_UPI0002F2D160	40.19	730	785
UniRef90_A0A084IKH7	41.12	730	786
UniRef90_A0A0A0DMM8	30.33	730	753
UniRef90_J0CN71	45.70	730	1246
UniRef90_G7ZEX8	39.48	730	778
UniRef90_D7DQC2	31.42	730	746
UniRef90_UPI000364910F	33.96	730	751
UniRef90_UPI000370994B	32.10	730	745
UniRef90_E5ANG3	32.35	730	771
UniRef90_UPI0006F8E8F4	30.23	730	757
UniRef90_A8IE05	39.25	730	785
UniRef90_W7WXX7	29.49	730	763
UniRef90_H5WNC2	29.44	730	754
UniRef90_A0A0B5FIK3	31.91	730	761
UniRef90_UPI0006698714	59.36	730	566
UniRef90_UPI0003686169	39.62	730	778
UniRef90_E7RUV0	31.62	730	770
UniRef90_W6WDQ2	46.84	730	787
UniRef90_UPI0004D00696	41.63	730	778
UniRef90_R5RCG4	31.64	730	764
UniRef90_M5RV77	31.81	730	751
UniRef90_V5AFU2	31.22	730	785
UniRef90_UPI00048F62AD	31.66	730	757
UniRef90_UPI00047E9C9E	31.95	730	755
UniRef90_A1WNL1	28.90	730	772
UniRef90_A0A0G3ETF3	40.08	730	764
UniRef90_G7HFB1	29.73	730	766
UniRef90_UPI000490342B	46.70	730	787
UniRef90_V8FV03	31.13	730	753
UniRef90_UPI000348275D	31.73	730	757
UniRef90_UPI00035F2E80	40.84	730	781
UniRef90_A0A077DE72	31.14	730	747
UniRef90_I4MH73	29.75	730	761
UniRef90_A2VWA1	32.50	730	760
UniRef90_A0A059WW50	31.43	730	659
UniRef90_A0A068YQD4	28.87	730	762
UniRef90_G4MGK3	31.21	730	761
UniRef90_UPI0005B8EFBA	40.11	730	777
UniRef90_A0A0A1H6A0	31.41	730	750
UniRef90_UPI00037BE64D	31.39	730	753
UniRef90_R5YMX0	31.53	730	771
UniRef90_R6HQE4	31.39	730	764
UniRef90_UPI0002E24131	39.11	730	785
UniRef90_UPI00040456C8	46.63	730	790
UniRef90_D0DC35	29.72	730	761
UniRef90_A0A0F7PJZ3	29.68	730	764
UniRef90_A0A0N1LPM5	40.03	730	778
UniRef90_W6I2G8	40.11	730	784
UniRef90_UPI0006CE80BB	32.56	730	784
UniRef90_A0A0L8AU41	28.47	730	757
UniRef90_UPI00055809ED	61.50	730	560
UniRef90_Q0FQ64	29.82	730	762
UniRef90_T1C2L4	31.95	730	749
UniRef90_UPI00050E50B7	29.59	730	850
UniRef90_A7I4K7	32.71	730	769
UniRef90_UPI000400F870	28.37	730	786
UniRef90_D3P6Y5	40.57	730	783
UniRef90_M4S1Q5	45.01	730	715
UniRef90_B2JWZ8	45.42	730	787
UniRef90_A9I7Q0	31.66	730	753
UniRef90_Q13H06	42.19	730	778
UniRef90_F6B246	29.88	730	867
UniRef90_W0HG62	51.47	730	632
UniRef90_M1M5E5	31.42	730	750
UniRef90_UPI0004170228	38.58	730	785
UniRef90_F6DA79	31.92	730	749
UniRef90_UPI0003F8B721	39.52	730	785
UniRef90_UPI00056B5CA5	39.30	730	784
UniRef90_UPI00031291F6	31.69	730	773
UniRef90_A0A085V615	31.84	730	777
UniRef90_F4GQZ7	31.24	730	753
UniRef90_Q2W8B3	40.16	730	783
UniRef90_UPI00041FC382	38.54	730	785
UniRef90_A0A071KXD7	32.97	730	751
UniRef90_A0A068JIR8	30.48	730	759
UniRef90_W0PK45	31.42	730	754
UniRef90_A0A0B3SKI8	30.18	730	761
UniRef90_Q6N853	39.25	730	785
UniRef90_M1LTF3	30.91	730	751
UniRef90_W8X0P9	32.25	730	754
UniRef90_S5Y5G4	30.33	730	762
UniRef90_M1L1K3	31.71	730	750
UniRef90_A0P6D2	31.28	730	747
UniRef90_J1AR33	32.21	730	781
UniRef90_Q21WK3	28.59	730	762
UniRef90_C5CLV3	29.17	730	767
UniRef90_M5T8R3	30.39	730	758
UniRef90_UPI000483E2E0	30.35	730	764
UniRef90_UPI00046AEE91	30.06	730	768
UniRef90_C5AVM8	40.92	730	781
UniRef90_UPI0006B64953	29.30	730	762
UniRef90_UPI00040D1FFA	29.55	730	763
UniRef90_A0A086Y5J3	29.97	730	763
UniRef90_B2IHQ8	38.44	730	785
UniRef90_N1JS60	31.44	730	781
UniRef90_B8ENW7	39.81	730	779
UniRef90_UPI0007008675	45.17	730	793
UniRef90_A0A024HE56	33.09	730	755
UniRef90_UPI00048ECFFF	29.69	730	763
UniRef90_UPI00042766DB	29.64	730	761
UniRef90_A0A0G5V619	31.49	730	762
UniRef90_A7ID00	38.58	730	785
UniRef90_A0A0A1I0L1	30.41	730	759
UniRef90_UPI0002DC141C	39.76	730	778
UniRef90_A0A066XW19	29.78	730	800
UniRef90_A3V145	28.93	730	763
UniRef90_A0A0K1NGH8	29.70	730	803
UniRef90_A0A077FDU2	33.00	730	753
UniRef90_T2G8U6	30.77	730	760
UniRef90_U1YD92	31.31	730	757
UniRef90_I7KDU0	33.76	730	814
UniRef90_A0A0D1NTQ1	37.90	730	785
UniRef90_UPI0006FF2AA5	30.57	730	756
UniRef90_E8UEY5	31.79	730	752
UniRef90_A0A0A0HKU6	29.49	730	763
UniRef90_A0A073J7Y7	29.44	730	763
UniRef90_A3CUZ9	32.62	730	767
UniRef90_A0A0D6SGZ2	33.19	730	751
UniRef90_UPI000553DF87	41.33	730	788
UniRef90_A5EGF3	38.46	730	785
UniRef90_UPI0003667013	29.70	730	786
UniRef90_A0A0B3C530	33.87	730	751
UniRef90_A0A0F4TPZ7	29.14	730	761
UniRef90_A0A086N8H4	29.32	730	791
UniRef90_UPI00048364D5	30.68	730	783
UniRef90_UPI00041442B1	32.16	730	750
UniRef90_A0A069HY63	28.65	730	766
UniRef90_A0A098STQ1	29.77	730	761
UniRef90_E3HHC6	31.04	730	754
UniRef90_UPI0006D07BD4	32.51	730	762
UniRef90_A0A074TQF3	30.47	730	764
UniRef90_UPI0003708A80	32.02	730	749
UniRef90_UPI000255703E	33.67	730	751
UniRef90_A0A0B4EDN4	29.42	730	762
UniRef90_C7C569	57.81	730	560
UniRef90_A0A024HCL4	40.91	730	782
UniRef90_M4S163	29.78	730	764
UniRef90_UPI000289B42F	29.71	730	761
UniRef90_L8MQ24	33.00	730	751
UniRef90_UPI0005D3FD98	29.64	730	761
UniRef90_E2XR22	32.81	730	751
UniRef90_M4WW60	33.33	730	750
UniRef90_U1XYA4	29.92	730	755
UniRef90_A0A023Y2E0	31.55	730	762
UniRef90_A0A0D6PJN2	41.15	730	773
UniRef90_UPI0006911848	29.34	730	764
UniRef90_M3F581	29.41	730	791
UniRef90_L1LZJ0	33.29	730	751
UniRef90_A0A0G9H3Z5	45.01	730	750
UniRef90_J4J5U4	29.12	730	754
UniRef90_U5N565	28.80	730	761
UniRef90_B1M475	40.19	730	781
UniRef90_A0A089YUW2	29.35	730	761
UniRef90_A0A0F4SY41	29.45	730	761
UniRef90_A0A0H4LA75	43.51	730	695
UniRef90_R6I9X3	31.26	730	761
UniRef90_UPI0003649755	38.71	730	785
UniRef90_UPI0006D890C3	29.68	730	768
UniRef90_A0A0D6PIY1	31.50	730	765
UniRef90_L7FIL0	30.21	730	790
UniRef90_A0A088UF60	30.57	730	780
UniRef90_A8HUU6	29.65	730	754
UniRef90_A0A0B5C886	33.87	730	749
UniRef90_UPI000379EFDA	31.09	730	768
UniRef90_A0A0F4XVI3	28.78	730	761
UniRef90_A0A023WSY3	33.00	730	749
UniRef90_U3B3K0	31.63	730	746
UniRef90_Q89QF1	38.17	730	838
UniRef90_UPI00046F3E13	29.12	730	753
UniRef90_A0A0F0F053	33.09	730	751
UniRef90_F6ABN7	33.38	730	752
UniRef90_A0A0H4R3F3	43.78	730	698
UniRef90_I7KHT8	43.47	730	697
UniRef90_A0A066PZU8	40.14	730	773
UniRef90_N2ALV2	42.72	730	698
UniRef90_A0A095BTY7	30.86	730	763
UniRef90_A0A0A0NSP0	31.17	730	805
UniRef90_A0A084IKH9	31.81	730	758
UniRef90_K5YNR3	32.42	730	750
UniRef90_J1ZU33	31.37	730	795
UniRef90_A0A0A1GE26	32.75	730	750
UniRef90_A0A0N0VJH5	29.00	730	761
UniRef90_UPI00046A87EC	43.23	730	695
UniRef90_UPI0004636CC0	28.93	730	763
UniRef90_I4N4D1	33.57	730	751
UniRef90_A0A0G9H9D6	31.40	730	770
UniRef90_A0A0A1ID45	57.27	730	571
UniRef90_D3VEL4	28.57	730	757
UniRef90_UPI0005AB3178	30.59	730	798
UniRef90_F3NB01	28.92	730	792
UniRef90_X7RDN4	31.03	730	645
UniRef90_D0R6D5	43.21	730	699
UniRef90_UPI0007016735	30.56	730	771
UniRef90_A0A021X747	30.21	730	763
UniRef90_A0A0K2L9S8	43.74	730	695
UniRef90_B2JX00	29.97	730	771
UniRef90_A0A085H1X5	28.02	730	757
UniRef90_A0A0D7CHK7	30.01	730	803
UniRef90_UPI000468250F	42.97	730	703
UniRef90_A0A023NRF2	30.45	730	768
UniRef90_A0A0N1HHK6	30.54	730	802
UniRef90_UPI0004243D50	30.10	730	771
UniRef90_A0A075JX64	31.52	730	766
UniRef90_H2ILM0	29.48	730	764
UniRef90_UPI00068DFF3A	30.03	730	798
UniRef90_UPI00058CDFE5	29.77	730	760
UniRef90_UPI00067D3B8A	29.86	730	763
UniRef90_UPI00068CA76E	47.74	730	715
UniRef90_UPI0004C50EEC	29.40	730	780
UniRef90_R4XYI0	30.26	730	754
UniRef90_UPI0006FC277A	30.90	730	766
UniRef90_A0A068R3S0	28.93	730	757
UniRef90_D4YTS2	43.03	730	699
UniRef90_W6QV90	32.94	730	747
UniRef90_B2PUW2	30.13	730	758
UniRef90_UPI0004009177	32.09	730	766
UniRef90_A0A0H4BZE5	30.65	730	782
UniRef90_UPI0004889447	30.00	730	772
UniRef90_P28629	26.98	730	755
UniRef90_UPI00025574DF	28.47	730	766
UniRef90_UPI000413C3E2	28.49	730	757
UniRef90_W1JCE8	27.18	730	760
UniRef90_M3BYJ8	30.07	730	778
UniRef90_S4MCC3	30.78	730	701
UniRef90_UPI000402BBA5	29.71	730	787
UniRef90_C2EMX9	45.19	730	705
UniRef90_W1IUH2	27.93	730	757
UniRef90_G8NRB8	30.85	730	814
UniRef90_I3ZMH0	30.42	730	800
UniRef90_UPI0004687BBA	42.78	730	702
