UniRef90_Q31NB3	99.79	467	472
UniRef90_Q2JIP3	86.94	467	474
UniRef90_Q44176	87.12	467	470
UniRef90_P00879	85.01	467	476
UniRef90_Q10WH6	85.44	467	476
UniRef90_Q02518	85.78	467	474
UniRef90_K9PU29	84.76	467	471
UniRef90_Q9MUT6	83.30	467	475
UniRef90_B0CCC1	85.01	467	476
UniRef90_Q7NIM7	84.37	467	474
UniRef90_K9YHT3	83.51	467	472
UniRef90_P00877	82.01	467	475
UniRef90_A4GG89	83.08	467	476
UniRef90_U5QGZ6	82.76	467	474
UniRef90_P24312	82.44	467	475
UniRef90_P00875	82.72	467	475
UniRef90_Q3S3D2	79.87	467	475
UniRef90_P11383	81.16	467	477
UniRef90_A0A0F7R4L8	81.16	467	475
UniRef90_A1E9T2	80.56	467	476
UniRef90_Q06J26	79.23	467	475
UniRef90_R4R7E8	78.80	467	472
UniRef90_Q95CG3	79.12	467	456
UniRef90_A0A0C5BQQ9	77.73	467	474
UniRef90_E1CBS3	81.78	467	458
UniRef90_Q32428	78.80	467	468
UniRef90_Q9THT9	76.02	467	475
UniRef90_Q71N79	77.52	467	475
UniRef90_Q9THT7	76.02	467	475
UniRef90_Q40911	76.66	467	477
UniRef90_P26490	74.73	467	475
UniRef90_Q71N78	77.85	467	473
UniRef90_Q71N65	76.45	467	475
UniRef90_Q8WL30	76.23	467	468
UniRef90_O19878	78.11	467	475
UniRef90_A4YQD3	76.46	467	479
UniRef90_Q59460	80.73	467	471
UniRef90_G0WZH1	78.81	467	453
UniRef90_Q2ACI5	85.79	467	394
UniRef90_V5K459	74.52	467	476
UniRef90_O98428	76.18	467	468
UniRef90_A0A058ZJW7	76.39	467	472
UniRef90_Q9MRB5	75.54	467	475
UniRef90_Q32856	75.80	467	468
UniRef90_UPI00070339F4	76.45	467	473
UniRef90_P24672	75.75	467	471
UniRef90_O85040	77.54	467	473
UniRef90_A6XHY5	74.95	467	475
UniRef90_B7JB30	77.54	467	473
UniRef90_W5XN07	76.89	467	452
UniRef90_Q32233	79.64	467	476
UniRef90_A0A0F6A3M1	76.82	467	472
UniRef90_Q9TIE0	78.80	467	472
UniRef90_Q09RG6	79.33	467	446
UniRef90_A0A0F7EWP0	77.30	467	469
UniRef90_G0WYV0	76.82	467	453
UniRef90_Q6JXT8	78.03	467	446
UniRef90_F9U578	75.11	467	472
UniRef90_Q603Q7	75.81	467	473
UniRef90_G9FQY0	80.55	467	438
UniRef90_O20370	76.10	467	464
UniRef90_Q9MRF9	75.88	467	476
UniRef90_W6KA22	76.82	467	472
UniRef90_L0DYE9	76.46	467	471
UniRef90_A1E8W6	80.83	467	419
UniRef90_I3BR08	75.59	467	473
UniRef90_N0GVB8	79.20	467	423
UniRef90_B7VF99	76.81	467	452
UniRef90_Q31824	75.65	467	475
UniRef90_A0A090AH38	75.81	467	473
UniRef90_W8KLA9	76.24	467	470
UniRef90_F4ZDQ2	78.90	467	439
UniRef90_A8CYB7	76.59	467	460
UniRef90_Q85ZK0	73.66	467	475
UniRef90_S6B5M5	76.03	467	473
UniRef90_O98753	77.90	467	476
UniRef90_Q9XD77	74.95	467	473
UniRef90_Q56259	75.38	467	473
UniRef90_A5CKB9	75.16	467	469
UniRef90_Q6Y664	79.95	467	424
UniRef90_Q9TNK1	80.18	467	434
UniRef90_H8YWN1	75.37	467	471
UniRef90_A0A0K6HSV7	75.59	467	473
UniRef90_Q9BAB7	76.96	467	418
UniRef90_Q31895	74.09	467	468
UniRef90_Q6SH98	75.59	467	473
UniRef90_B6EC38	77.03	467	444
UniRef90_Q8HRT5	78.41	467	439
UniRef90_Q9MTS8	75.33	467	476
UniRef90_Q59458	73.18	467	472
UniRef90_Q8MCW7	77.18	467	448
UniRef90_Q95CD5	73.66	467	470
UniRef90_P22859	74.73	467	471
UniRef90_B1NFZ9	78.44	467	436
UniRef90_A1WVW0	74.09	467	473
UniRef90_Q0A4R1	74.73	467	473
UniRef90_Q9TIC8	75.38	467	455
UniRef90_K2IJY5	75.38	467	477
UniRef90_H7C857	76.64	467	441
UniRef90_Q8HT86	79.07	467	430
UniRef90_Q8HTA7	78.70	467	432
UniRef90_Q2ACI8	84.77	467	394
UniRef90_UPI0003FCF6BA	74.51	467	472
UniRef90_Q51856	72.79	467	474
UniRef90_Q32095	77.90	467	448
UniRef90_F3LK76	73.23	467	473
UniRef90_Q5MNX4	84.94	467	385
UniRef90_A0A085TS28	74.95	467	477
UniRef90_G8Z0H6	77.52	467	437
UniRef90_A0A0F7CRR1	83.42	467	386
UniRef90_UPI0006D546E9	74.51	467	471
UniRef90_Q5J9T1	76.07	467	443
UniRef90_Q9MT22	76.05	467	430
UniRef90_O32740	71.73	467	473
UniRef90_G8IVV9	73.02	467	475
UniRef90_K9HI43	72.79	467	472
UniRef90_O47082	77.10	467	476
UniRef90_Q1MTW9	83.42	467	386
UniRef90_G8CUR9	77.29	467	436
UniRef90_Q0GN25	79.24	467	419
UniRef90_O98427	72.69	467	474
UniRef90_E1CBU8	80.25	467	424
UniRef90_Q6QAX9	78.74	467	408
UniRef90_Q9TML9	77.93	467	428
UniRef90_J7I007	73.94	467	449
UniRef90_Q33263	78.46	467	441
UniRef90_O03636	76.01	467	406
UniRef90_A0A0H3VC21	80.00	467	403
UniRef90_Q9TIY5	74.61	467	449
UniRef90_Q32496	79.36	467	479
UniRef90_A4GGX1	78.91	467	424
UniRef90_Q32087	75.28	467	441
UniRef90_UPI0004C44013	72.35	467	475
UniRef90_A0A076GVY2	81.98	467	383
UniRef90_C7A602	74.72	467	447
UniRef90_Q8MCW4	73.95	467	453
UniRef90_Q9GGG7	72.89	467	475
UniRef90_Q37BZ5	71.92	467	472
UniRef90_F2W8F9	83.98	467	387
UniRef90_A0A0K2SQ39	71.03	467	485
UniRef90_Q6Y2Y1	74.83	467	451
UniRef90_Q8HTQ7	83.21	467	393
UniRef90_I2E980	75.06	467	415
UniRef90_J9QG95	76.05	467	432
UniRef90_Q9MTS3	79.85	467	476
UniRef90_A1E8V5	83.16	467	380
UniRef90_C7DTK7	74.24	467	460
UniRef90_Q8MAP5	76.87	467	428
UniRef90_H9LDA7	82.85	467	379
UniRef90_Q9THU4	69.59	467	475
UniRef90_Q9MSZ0	74.88	467	439
UniRef90_E6Y8K7	73.14	467	459
UniRef90_Q85ZK1	71.52	467	475
UniRef90_Q8MAP8	73.64	467	448
UniRef90_G4E5P3	71.06	467	473
UniRef90_Q32033	78.01	467	476
UniRef90_E6Y8J0	74.77	467	444
UniRef90_Q8MGD8	78.15	467	422
UniRef90_A0A0B4L8W1	82.22	467	388
UniRef90_O47045	80.70	467	476
UniRef90_Q7YN82	73.52	467	465
UniRef90_A1E8W3	82.71	467	378
UniRef90_Q9GGI0	83.65	467	373
UniRef90_O24636	82.18	467	376
UniRef90_W0HG82	82.64	467	387
UniRef90_Q9GEE0	75.81	467	435
UniRef90_Q9GED5	75.17	467	435
UniRef90_O98599	71.12	467	470
UniRef90_K3Z2S7	74.89	467	427
UniRef90_D0FZF9	82.18	467	376
UniRef90_A0A023UND1	84.43	467	367
UniRef90_A0A0D3MGD7	84.66	467	378
UniRef90_Q6JVI2	83.25	467	382
UniRef90_Q0ZJU8	83.42	467	379
UniRef90_O98438	70.88	467	471
UniRef90_Q32101	71.21	467	466
UniRef90_O24631	81.91	467	376
UniRef90_X5CUY8	72.04	467	452
UniRef90_A0A0D3MFZ7	84.66	467	378
UniRef90_Q37291	81.65	467	376
UniRef90_Q5PYJ8	76.42	467	424
UniRef90_S5RGL7	82.90	467	386
UniRef90_B6CJW4	73.76	467	449
UniRef90_G3CUL0	83.92	467	367
UniRef90_Q9T3J9	81.38	467	376
UniRef90_Q71N63	77.62	467	440
UniRef90_Q5I954	77.19	467	403
UniRef90_G0WZN2	79.45	467	399
UniRef90_A0A097ITE2	83.11	467	379
UniRef90_B4E4G1	79.90	467	403
UniRef90_Q9GE67	78.28	467	419
UniRef90_Q36539	73.86	467	449
UniRef90_Q9T3V7	84.02	467	363
UniRef90_A0A0H3VD47	79.44	467	395
UniRef90_C0SJP8	73.48	467	409
UniRef90_Q71N76	71.81	467	455
UniRef90_A0A023Q1J6	83.38	467	362
UniRef90_Q9THU3	69.35	467	475
UniRef90_D3W975	84.25	467	362
UniRef90_Q9MT07	72.22	467	451
UniRef90_Q85ZK8	68.75	467	465
UniRef90_Q37730	72.51	467	451
UniRef90_A1E8T3	82.32	467	379
UniRef90_S5RWE6	77.72	467	413
UniRef90_Q9MSY8	71.49	467	442
UniRef90_Q9GG56	70.02	467	469
UniRef90_A0A0G2QRJ2	83.61	467	360
UniRef90_A0A0D4BI51	81.58	467	380
UniRef90_X2FAK9	70.88	467	475
UniRef90_A0A0F7G6D2	85.11	467	356
UniRef90_J9QEN8	75.00	467	428
UniRef90_O46930	70.45	467	417
UniRef90_W0HJM2	80.10	467	387
UniRef90_Q840C4	88.56	467	341
UniRef90_M1X474	85.55	467	346
UniRef90_Q9MT15	74.47	467	426
UniRef90_A9X7C3	75.12	467	419
UniRef90_S6CMY6	82.55	467	361
UniRef90_A0A0G2QN81	82.53	467	372
UniRef90_Q6SSI1	75.12	467	425
UniRef90_Q6W3R8	73.00	467	437
UniRef90_Q4QST0	71.52	467	471
UniRef90_Q9GEE5	73.50	467	434
UniRef90_A0A0K2SQY8	83.06	467	360
UniRef90_B4E4G4	75.30	467	421
UniRef90_Q840C3	87.39	467	341
UniRef90_A0A089WZY8	81.33	467	377
UniRef90_Q8MAK8	71.66	467	435
UniRef90_D4Q9L3	81.65	467	376
UniRef90_A0A089WY39	81.18	467	372
UniRef90_Q1A5S9	80.53	467	380
UniRef90_A0A0D4BI85	81.94	467	371
UniRef90_E0D902	84.66	467	352
UniRef90_Q76M92	79.78	467	366
UniRef90_Q9MT11	75.24	467	433
UniRef90_B8PRL9	68.31	467	469
UniRef90_Q95EM4	79.27	467	386
UniRef90_U3M8E2	83.67	467	350
UniRef90_Q33056	83.06	467	480
UniRef90_O03125	70.16	467	449
UniRef90_M8A2T1	69.59	467	420
UniRef90_Q8SLK3	81.27	467	363
UniRef90_Q9XPZ4	68.24	467	467
UniRef90_G9G775	80.95	467	376
UniRef90_X5DC36	83.00	467	353
UniRef90_B3DVG5	66.45	467	486
UniRef90_F5BVU2	69.93	467	449
UniRef90_Q6SSH3	73.24	467	426
UniRef90_A4GGS2	82.91	467	354
UniRef90_A2I9Z8	72.92	467	432
UniRef90_A4GGW8	75.00	467	414
UniRef90_G8XV60	70.07	467	452
UniRef90_Q9MTS2	70.79	467	476
UniRef90_Q37154	78.80	467	382
UniRef90_M9V5N9	83.14	467	350
UniRef90_Q5YGH0	79.79	467	376
UniRef90_C0LL73	77.60	467	375
UniRef90_Q6JVF6	81.87	467	368
UniRef90_A0A0A7H8K6	81.62	467	361
UniRef90_Q71N62	67.46	467	475
UniRef90_A0A0A7NX27	71.96	467	428
UniRef90_A0A0G2QS85	83.82	467	340
UniRef90_Q5VAU5	83.57	467	347
UniRef90_D1ABJ5	63.85	467	482
UniRef90_Q6QGU9	83.33	467	354
UniRef90_Q31912	78.36	467	365
UniRef90_Q8MCY2	71.03	467	438
UniRef90_Q33179	80.00	467	365
UniRef90_E2D4M5	71.88	467	409
UniRef90_Q8WIG5	72.73	467	448
UniRef90_A0A0D4BI61	81.89	467	359
UniRef90_Q9MSZ2	71.73	467	437
UniRef90_H9LIQ2	85.89	467	326
UniRef90_L0N7T5	78.61	467	374
UniRef90_Q32677	80.17	467	365
UniRef90_Q8WLK8	74.50	467	404
UniRef90_W6A1R0	81.32	467	350
UniRef90_A9X7F6	81.64	467	354
UniRef90_G8Z0L9	69.28	467	446
UniRef90_D6C642	78.42	467	370
UniRef90_Q1A5U3	81.14	467	350
UniRef90_Q32627	78.36	467	365
UniRef90_Q33035	78.90	467	365
UniRef90_A1E8T2	74.60	467	385
UniRef90_UPI000623D5DD	64.29	467	478
UniRef90_B4E4G3	72.90	467	417
UniRef90_A4GGX0	71.80	467	424
UniRef90_D3W6I2	79.73	467	365
UniRef90_F2RM57	80.64	467	346
UniRef90_Q9MSY7	70.28	467	430
UniRef90_Q9GG55	67.99	467	455
UniRef90_M3DJU5	62.77	467	494
UniRef90_Q8WJB1	80.52	467	349
UniRef90_A1E8W9	75.87	467	374
UniRef90_W5THP8	62.12	467	480
UniRef90_H5X8D1	62.55	467	482
UniRef90_UPI00031EF658	62.75	467	480
UniRef90_Q32881	78.59	467	355
UniRef90_C0LYP2	83.13	467	342
UniRef90_A0A0C1CZ90	62.31	467	480
UniRef90_UPI00048A5FAA	63.40	467	482
UniRef90_Q32731	67.57	467	441
UniRef90_C4N758	81.18	467	340
UniRef90_G1BWG9	62.99	467	487
UniRef90_R7XYT9	61.47	467	485
UniRef90_UPI0003AAFF05	62.12	467	481
UniRef90_D4HRG2	83.18	467	333
UniRef90_Q95637	65.31	467	469
UniRef90_Q9TKM7	79.88	467	343
UniRef90_H9LI37	86.21	467	319
UniRef90_F4CQ77	61.26	467	476
UniRef90_G3EJL5	76.96	467	370
UniRef90_D3W980	82.78	467	331
UniRef90_R4H5H8	77.30	467	370
UniRef90_Q9MTT1	73.54	467	476
UniRef90_Q9BB46	77.78	467	378
UniRef90_Q32641	76.86	467	363
UniRef90_A0A0D3MH62	81.38	467	350
UniRef90_Q9MT16	69.11	467	433
UniRef90_D8L8D7	82.40	467	342
UniRef90_B6RMF7	81.32	467	348
UniRef90_UPI0005C23782	63.64	467	476
UniRef90_F1D868	73.30	467	397
UniRef90_Q6X409	81.50	467	345
UniRef90_W2U246	61.17	467	479
UniRef90_UPI00041CE6EC	61.80	467	480
UniRef90_D5MHI3	60.48	467	487
UniRef90_D7BIR5	61.39	467	480
UniRef90_D5WV36	61.47	467	478
UniRef90_A0A075IUG8	81.98	467	344
UniRef90_E1IGS1	62.61	467	459
UniRef90_UPI0004894A28	60.17	467	486
UniRef90_N6XPI4	60.82	467	488
UniRef90_A1E8V3	82.41	467	325
UniRef90_A0A037UVQ1	60.39	467	485
UniRef90_I3CCI4	61.26	467	487
UniRef90_A0A0D8FYF3	61.26	467	482
UniRef90_A0A0M4QJL0	59.52	467	476
UniRef90_UPI0003FFD372	60.39	467	498
UniRef90_A0A0H5BB63	60.82	467	498
UniRef90_UPI000685EBF2	59.32	467	497
UniRef90_Q219P7	59.74	467	485
UniRef90_UPI0003F7E203	61.26	467	477
UniRef90_Q3SNG2	58.66	467	489
UniRef90_A9P770	71.18	467	399
UniRef90_Q9XQA0	75.91	467	357
UniRef90_Q13QV1	61.51	467	499
UniRef90_H0Q551	60.61	467	488
UniRef90_B5LZY4	78.78	467	344
UniRef90_Q8HT81	74.12	467	371
UniRef90_UPI00047947B8	59.31	467	485
UniRef90_A2SJJ7	59.96	467	485
UniRef90_A0A090EAY6	59.31	467	486
UniRef90_Q9MT05	70.56	467	410
UniRef90_Q9ZI34	58.87	467	486
UniRef90_Q8MFS6	72.99	467	413
UniRef90_P23755	59.96	467	493
UniRef90_Q8HUN5	76.50	467	352
UniRef90_D0ETE0	77.78	467	352
UniRef90_P58348	60.17	467	486
UniRef90_A1B2Q2	60.17	467	487
UniRef90_G1Y1B6	59.31	467	485
UniRef90_A0A0A6QFL5	58.55	467	494
UniRef90_A0A0F7G6D8	83.60	467	311
UniRef90_D7A343	59.09	467	489
UniRef90_G8TZ49	62.77	467	479
UniRef90_P56889	60.39	467	486
UniRef90_A0A0B4XFP5	60.00	467	486
UniRef90_G9AH13	59.96	467	486
UniRef90_UPI0006D54AA5	59.19	467	492
UniRef90_G3CET5	69.38	467	405
UniRef90_UPI0002EDF0C7	58.44	467	481
UniRef90_P23011	60.17	467	488
UniRef90_B8EPF9	59.18	467	484
UniRef90_Q85VC5	78.61	467	332
UniRef90_J6UBH8	60.39	467	499
UniRef90_Q48952	58.44	467	486
UniRef90_A0A0B4SXC7	83.33	467	312
UniRef90_S5K962	79.07	467	344
UniRef90_B9S1B6	62.80	467	690
UniRef90_A0A0A0CZD7	59.74	467	494
UniRef90_C0SJP2	74.59	467	370
UniRef90_A0A0D6P675	58.87	467	487
UniRef90_Q37247	80.85	467	401
UniRef90_B5M010	79.94	467	344
UniRef90_F1W4Q5	59.09	467	497
UniRef90_Q85G81	58.66	467	488
UniRef90_B6IYM6	59.19	467	487
UniRef90_A0A0D6TBF4	60.39	467	486
UniRef90_A0A0A0DUA6	59.09	467	489
UniRef90_Q5J090	77.91	467	344
UniRef90_A0A075INH5	78.49	467	344
UniRef90_P0C2C2	59.96	467	486
UniRef90_K4PCQ3	82.64	467	311
UniRef90_A0A023D5D1	59.74	467	484
UniRef90_D2JYW7	60.93	467	469
UniRef90_Q6B8P0	58.87	467	488
UniRef90_UPI0006F301F1	58.12	467	495
UniRef90_K4PD14	81.99	467	311
UniRef90_I5D4I1	60.43	467	497
UniRef90_UPI000425F70F	58.76	467	489
UniRef90_L0L532	81.10	467	343
UniRef90_UPI00041A0830	59.09	467	489
UniRef90_O98993	68.81	467	404
UniRef90_H0HRD0	59.40	467	494
UniRef90_UPI0004A710B9	59.40	467	497
UniRef90_P51226	58.01	467	488
UniRef90_F7QBH0	58.23	467	483
UniRef90_U3M1P0	59.24	467	460
UniRef90_Q4G3F4	57.14	467	488
UniRef90_F4YBG9	77.11	467	332
UniRef90_I5CBQ2	60.17	467	484
UniRef90_W9GZL7	58.84	467	497
UniRef90_I0HVA8	56.59	467	493
UniRef90_B5M045	76.45	467	344
UniRef90_A2SFV1	58.23	467	488
UniRef90_P92212	65.24	467	420
UniRef90_P14957	57.58	467	488
UniRef90_E6YC11	84.51	467	297
UniRef90_A0A0N0JE65	56.28	467	497
UniRef90_I8T2V6	58.51	467	495
UniRef90_H5ZW43	82.89	467	304
UniRef90_UPI0004062AF8	57.14	467	486
UniRef90_S2KT91	58.41	467	485
UniRef90_A0A0G3BQM6	57.79	467	488
UniRef90_P37393	57.36	467	488
UniRef90_UPI000570E0A7	56.93	467	488
UniRef90_A0A0D4BSS5	83.84	467	297
UniRef90_F8QMJ2	57.58	467	488
UniRef90_Q37266	58.17	467	459
UniRef90_Q33215	78.51	467	336
UniRef90_A0A0G2RHC4	57.78	467	461
UniRef90_Q33036	81.15	467	480
UniRef90_A0A075IPX7	75.87	467	344
UniRef90_Q93A90	57.87	467	489
UniRef90_Q70IZ3	58.28	467	466
UniRef90_P14959	58.01	467	488
UniRef90_V9IQX7	81.67	467	311
UniRef90_Q9TKM9	57.94	467	457
UniRef90_A0T0N6	58.62	467	490
UniRef90_A8CCV0	57.85	467	457
UniRef90_B9UM53	81.61	467	310
UniRef90_Q4VI82	71.95	467	353
UniRef90_A5FWR1	57.58	467	493
UniRef90_Q3T2A0	80.46	467	307
UniRef90_B1Q459	57.74	467	463
UniRef90_K7QTC5	57.40	467	466
UniRef90_A0A0D3M3F4	57.11	467	461
UniRef90_UPI0006DC78EA	56.49	467	489
UniRef90_Q8MDX2	55.84	467	476
UniRef90_Q85V63	57.73	467	470
UniRef90_P24313	57.14	467	488
UniRef90_O98947	57.76	467	490
UniRef90_Q8GIC5	75.00	467	328
UniRef90_C3RT33	56.06	467	474
UniRef90_D0ETE6	76.51	467	315
UniRef90_A0A0A7LXA8	57.17	467	464
UniRef90_Q8HDG7	57.30	467	457
UniRef90_U5JEX8	58.96	467	451
UniRef90_Q49P32	57.43	467	450
UniRef90_D0ETC5	81.21	467	314
UniRef90_A0A0H5BNA2	57.08	467	470
UniRef90_Q32306	56.74	467	471
UniRef90_A9UK18	58.92	467	429
UniRef90_Q6JY74	55.85	467	469
UniRef90_P48691	56.29	467	467
UniRef90_A1YB31	80.13	467	307
UniRef90_B6RII5	56.22	467	461
UniRef90_A0A0C5C5T1	57.40	467	458
UniRef90_A0A075IQF3	75.07	467	344
UniRef90_A0A0C5C5C7	82.82	467	291
UniRef90_Q9TKM8	57.94	467	457
UniRef90_A0A0D4BI94	82.94	467	299
UniRef90_D0ETE8	80.67	467	300
UniRef90_S6DF14	79.38	467	345
UniRef90_A0A0D4CG21	56.00	467	461
UniRef90_Q49P25	56.98	467	450
UniRef90_Q7YMU0	57.69	467	463
UniRef90_D2KAH5	82.41	467	290
UniRef90_A0A0G3XNZ4	55.41	467	466
UniRef90_D0ETD5	77.20	467	307
UniRef90_Q95D19	55.97	467	472
UniRef90_Q9GE55	75.96	467	338
UniRef90_Q6Y9P1	55.19	467	474
UniRef90_I1I474	80.79	467	405
UniRef90_A0A0F6NCE3	82.29	467	290
UniRef90_H3K358	87.41	467	270
UniRef90_B0YI21	81.67	467	299
UniRef90_H3K363	87.04	467	270
UniRef90_C3RTC5	56.50	467	457
UniRef90_U5JEW2	57.30	467	454
UniRef90_S6E1M5	78.03	467	345
UniRef90_Q9TN50	55.19	467	464
UniRef90_C8CTL2	56.01	467	452
UniRef90_O46967	54.33	467	474
UniRef90_A4GGZ9	76.92	467	314
UniRef90_Q8GIC4	73.44	467	320
UniRef90_O78531	60.63	467	443
UniRef90_S6DFX8	80.82	467	345
UniRef90_Q33105	56.98	467	441
UniRef90_A4GG89	83.08	467	476
UniRef90_Q9MUT6	83.30	467	475
UniRef90_P00877	82.01	467	475
UniRef90_A1E9T2	80.56	467	476
UniRef90_P11383	81.16	467	477
UniRef90_P00875	82.01	467	475
UniRef90_Q2JIP3	86.94	467	474
UniRef90_Q31NB3	99.79	467	472
UniRef90_Q3S3D2	79.87	467	475
UniRef90_P00879	85.01	467	476
UniRef90_Q44176	87.12	467	470
UniRef90_B0CCC1	85.01	467	476
UniRef90_Q10WH6	85.44	467	476
UniRef90_R4R7E8	78.80	467	472
UniRef90_Q7NIM7	84.37	467	474
UniRef90_Q02518	85.19	467	474
UniRef90_U5QGZ6	82.40	467	474
UniRef90_K9YHT3	83.69	467	472
UniRef90_P24312	82.44	467	475
UniRef90_K9PU29	84.76	467	471
UniRef90_Q40911	76.66	467	477
UniRef90_A0A0F7R4L8	81.16	467	475
UniRef90_Q32428	78.80	467	468
UniRef90_Q9THT9	76.02	467	475
UniRef90_Q95CG3	78.95	467	456
UniRef90_Q71N79	77.52	467	475
UniRef90_A0A0C5BQQ9	77.73	467	474
UniRef90_Q06J26	79.23	467	475
UniRef90_Q9THT7	76.02	467	475
UniRef90_E1CBS3	81.78	467	458
UniRef90_Q8WL30	76.23	467	468
UniRef90_A6XHY5	74.95	467	475
UniRef90_A0A058ZJW7	76.39	467	472
UniRef90_Q9MRB5	75.54	467	475
UniRef90_Q71N78	77.85	467	473
UniRef90_O19878	78.11	467	475
UniRef90_Q32856	75.80	467	468
UniRef90_P26490	74.73	467	475
UniRef90_Q31895	74.09	467	468
UniRef90_W5XN07	76.89	467	452
UniRef90_A4YQD3	75.80	467	479
UniRef90_G0WZH1	78.81	467	453
UniRef90_P24672	75.75	467	471
UniRef90_Q85ZK0	73.66	467	475
UniRef90_Q9XD77	74.30	467	473
UniRef90_Q71N65	76.45	467	475
UniRef90_A0A090AH38	75.16	467	473
UniRef90_Q603Q7	75.16	467	473
UniRef90_G0WYV0	76.82	467	453
UniRef90_Q6B8P0	58.62	467	488
UniRef90_O85040	76.87	467	473
UniRef90_Q95CD5	73.66	467	470
UniRef90_Q9MRF9	75.88	467	476
UniRef90_Q56259	74.73	467	473
UniRef90_A1WVW0	74.09	467	473
UniRef90_O98428	76.18	467	468
UniRef90_I3BR08	75.59	467	473
UniRef90_UPI00070339F4	76.45	467	473
UniRef90_S6B5M5	75.37	467	473
UniRef90_A0A0F7EWP0	77.30	467	469
UniRef90_Q0A4R1	74.73	467	473
UniRef90_W6KA22	76.82	467	472
UniRef90_H7C857	76.64	467	441
UniRef90_B7JB30	76.87	467	473
UniRef90_Q59458	73.18	467	472
UniRef90_Q9MT07	72.38	467	451
UniRef90_Q9TIE0	78.80	467	472
UniRef90_Q8MCW7	77.01	467	448
UniRef90_Q9MT22	76.05	467	430
UniRef90_B7VF99	77.95	467	452
UniRef90_Q9MTS8	75.33	467	476
UniRef90_Q31824	75.48	467	475
UniRef90_Q32233	79.64	467	476
UniRef90_Q51856	72.47	467	474
UniRef90_A0A0K6HSV7	74.95	467	473
UniRef90_Q6SH98	75.59	467	473
UniRef90_A0A0F6A3M1	76.82	467	472
UniRef90_K2IJY5	75.38	467	477
UniRef90_P51226	57.51	467	488
UniRef90_P23755	59.70	467	493
UniRef90_Q6JXT8	78.03	467	446
UniRef90_O32740	71.73	467	473
UniRef90_L0DYE9	75.80	467	471
UniRef90_O98753	77.90	467	476
UniRef90_W8KLA9	75.75	467	470
UniRef90_N6XPI4	60.30	467	488
UniRef90_F9U578	75.11	467	472
UniRef90_Q09RG6	79.15	467	446
UniRef90_G8IVV9	73.02	467	475
UniRef90_U3M1P0	59.11	467	460
UniRef90_Q85G81	58.28	467	488
UniRef90_O20370	76.10	467	464
UniRef90_A0A085TS28	74.95	467	477
UniRef90_P14957	57.33	467	488
UniRef90_A8CYB7	76.59	467	460
UniRef90_UPI000685EBF2	59.20	467	497
UniRef90_Q9BAB7	76.79	467	418
UniRef90_F4ZDQ2	78.36	467	439
UniRef90_V5K459	74.52	467	476
UniRef90_D1ABJ5	63.17	467	482
UniRef90_Q85ZK8	68.60	467	465
UniRef90_D5MHI3	60.22	467	487
UniRef90_H8YWN1	75.37	467	471
UniRef90_F8QMJ2	57.33	467	488
UniRef90_B6EC38	77.03	467	444
UniRef90_Q59460	80.73	467	471
UniRef90_A1B2Q2	59.66	467	487
UniRef90_Q9TNK1	80.18	467	434
UniRef90_A2SJJ7	59.31	467	485
UniRef90_G8Z0H6	77.52	467	437
UniRef90_Q8HRT5	78.41	467	439
UniRef90_A5CKB9	74.68	467	469
UniRef90_UPI0006F301F1	57.63	467	495
UniRef90_F3LK76	73.23	467	473
UniRef90_D7A343	58.62	467	489
UniRef90_P22859	74.73	467	471
UniRef90_Q9MSZ0	74.71	467	439
UniRef90_P37393	56.99	467	488
UniRef90_Q4G3F4	56.65	467	488
UniRef90_A0A037UVQ1	60.13	467	485
UniRef90_Q9TIC8	75.38	467	455
UniRef90_Q219P7	59.61	467	485
UniRef90_B1NFZ9	78.44	467	436
UniRef90_UPI0003FCF6BA	74.03	467	472
UniRef90_K9HI43	72.32	467	472
UniRef90_I3CCI4	60.99	467	487
UniRef90_A0A090EAY6	59.05	467	486
UniRef90_UPI00047947B8	59.05	467	485
UniRef90_P14959	57.76	467	488
UniRef90_A0A0G2RHC4	57.65	467	461
UniRef90_F1W4Q5	58.58	467	497
UniRef90_P56889	60.13	467	486
UniRef90_UPI0003FFD372	59.91	467	498
UniRef90_Q37266	57.91	467	459
UniRef90_UPI0006D546E9	73.88	467	471
UniRef90_Q8MCW4	73.95	467	453
UniRef90_P58348	59.91	467	486
UniRef90_Q9MSY8	71.43	467	442
UniRef90_Q48952	57.97	467	486
UniRef90_O98427	72.69	467	474
UniRef90_Q5J9T1	76.07	467	443
UniRef90_B6IYM6	59.19	467	487
UniRef90_H0Q551	60.34	467	488
UniRef90_Q8HTA7	78.70	467	432
UniRef90_Q37BZ5	71.61	467	472
UniRef90_A1E8W6	80.83	467	419
UniRef90_Q13QV1	61.24	467	499
UniRef90_P23011	59.53	467	488
UniRef90_H5X8D1	62.28	467	482
UniRef90_A0A0H5BB63	60.17	467	498
UniRef90_Q3SNG2	58.53	467	489
UniRef90_G9AH13	59.70	467	486
UniRef90_P0C2C2	59.57	467	486
UniRef90_A0A0A6QFL5	57.93	467	494
UniRef90_H0HRD0	59.15	467	494
UniRef90_C3RT33	55.82	467	474
UniRef90_G4E5P3	70.45	467	473
UniRef90_Q9ZI34	58.41	467	486
UniRef90_I2E980	75.06	467	415
UniRef90_A0T0N6	58.12	467	490
UniRef90_A8CCV0	57.72	467	457
UniRef90_G1Y1B6	59.18	467	485
UniRef90_A0A0H5BNA2	56.96	467	470
UniRef90_G9FQY0	80.37	467	438
UniRef90_E6Y8K7	73.14	467	459
UniRef90_UPI000623D5DD	63.73	467	478
UniRef90_Q8MDX2	55.36	467	476
UniRef90_J7I007	73.94	467	449
UniRef90_C7DTK7	73.89	467	460
UniRef90_A0A0A0DUA6	58.46	467	489
UniRef90_G8CUR9	77.29	467	436
UniRef90_A0A0B4XFP5	59.87	467	486
UniRef90_O98438	70.88	467	471
UniRef90_P24313	56.65	467	488
UniRef90_Q8HT86	79.07	467	430
UniRef90_A0A0A0CZD7	59.27	467	494
UniRef90_B1Q459	57.62	467	463
UniRef90_K7QTC5	57.27	467	466
UniRef90_F4CQ77	60.99	467	476
UniRef90_R7XYT9	61.34	467	485
UniRef90_A0A0D6P675	58.62	467	487
UniRef90_B3DVG5	66.31	467	486
UniRef90_UPI0006D54AA5	58.72	467	492
UniRef90_A0A0D3M3F4	56.98	467	461
UniRef90_M3DJU5	62.50	467	494
UniRef90_N0GVB8	79.15	467	423
UniRef90_UPI0003AAFF05	61.59	467	481
UniRef90_W9GZL7	58.71	467	497
UniRef90_Q85V63	57.61	467	470
UniRef90_W5THP8	61.99	467	480
UniRef90_Q93A90	57.75	467	489
UniRef90_Q6JY74	55.56	467	469
UniRef90_S2KT91	58.15	467	485
UniRef90_F7QBH0	57.85	467	483
UniRef90_UPI00048A5FAA	62.85	467	482
UniRef90_Q70IZ3	58.15	467	466
UniRef90_O47082	77.10	467	476
UniRef90_UPI0004894A28	59.53	467	486
UniRef90_A0A0D8FYF3	60.99	467	482
UniRef90_I8T2V6	58.14	467	495
UniRef90_O46930	70.88	467	417
UniRef90_C0SJP8	73.32	467	409
UniRef90_A0A0A7LXA8	57.05	467	464
UniRef90_Q6SSI1	75.06	467	425
UniRef90_Q32306	56.62	467	471
UniRef90_J6UBH8	59.74	467	499
UniRef90_Q32095	77.90	467	448
UniRef90_A0A0K2SQ39	71.03	467	485
UniRef90_Q9THU4	69.59	467	475
UniRef90_UPI00031EF658	62.20	467	480
UniRef90_K3Z2S7	72.37	467	427
UniRef90_UPI0004A710B9	58.77	467	497
UniRef90_A0A0C1CZ90	61.77	467	480
UniRef90_Q8MAP8	73.64	467	448
UniRef90_A2SFV1	57.73	467	488
UniRef90_Q49P32	57.43	467	450
UniRef90_B8EPF9	59.05	467	484
UniRef90_A0A023D5D1	59.48	467	484
UniRef90_I5CBQ2	59.78	467	484
UniRef90_UPI0005C23782	63.36	467	476
UniRef90_O98947	57.26	467	490
UniRef90_UPI0004062AF8	56.53	467	486
UniRef90_E1IGS1	62.47	467	459
UniRef90_Q0GN25	79.24	467	419
UniRef90_Q9MT15	74.30	467	426
UniRef90_UPI00041A0830	58.46	467	489
UniRef90_P48691	56.17	467	467
UniRef90_A0A0D4CG21	55.88	467	461
UniRef90_Q7YN82	73.52	467	465
UniRef90_A0A0K0KSU3	54.08	467	463
UniRef90_Q9MTS3	79.85	467	476
UniRef90_A0A0N0JE65	55.67	467	497
UniRef90_Q6Y664	79.95	467	424
UniRef90_C7A602	74.72	467	447
UniRef90_Q9GGG7	72.89	467	475
UniRef90_Q33263	78.46	467	441
UniRef90_UPI000570E0A7	56.32	467	488
UniRef90_G1BWG9	62.85	467	487
UniRef90_A0A0G3BQM6	57.17	467	488
UniRef90_O98599	71.12	467	470
UniRef90_Q9TML9	77.57	467	428
UniRef90_UPI0004C44013	72.10	467	475
UniRef90_A0A0F7CRR1	83.42	467	386
UniRef90_Q49P25	56.98	467	450
UniRef90_X2FAK9	70.88	467	475
UniRef90_D2JYW7	60.26	467	469
UniRef90_B6RII5	56.10	467	461
UniRef90_Q32496	79.36	467	479
UniRef90_Q32101	70.91	467	466
UniRef90_Q6SSH3	73.24	467	426
UniRef90_I0HVA8	56.47	467	493
UniRef90_A5FWR1	57.11	467	493
UniRef90_J9QG95	75.69	467	432
UniRef90_Q6Y2Y1	74.83	467	451
UniRef90_I5D4I1	60.17	467	497
UniRef90_A0A0H3VC21	80.00	467	403
UniRef90_A0A0M4QJL0	59.01	467	476
UniRef90_A0A0B4L8W1	82.22	467	388
UniRef90_Q2ACI5	85.79	467	394
UniRef90_Q85ZK1	71.52	467	475
UniRef90_A9X7E5	69.46	467	469
UniRef90_Q95D19	55.84	467	472
UniRef90_A4GGX1	78.72	467	424
UniRef90_UPI000425F70F	58.51	467	489
UniRef90_A0A0D6TBF4	59.87	467	486
UniRef90_Q36539	73.70	467	449
UniRef90_O47045	80.70	467	476
UniRef90_Q8HDG7	57.17	467	457
UniRef90_W2U246	61.04	467	479
UniRef90_Q9TKM9	57.94	467	457
UniRef90_Q32087	75.28	467	441
UniRef90_Q9TIY5	74.61	467	449
UniRef90_Q6QAX9	78.74	467	408
UniRef90_Q8MAP5	76.87	467	428
UniRef90_F2W8F9	83.98	467	387
UniRef90_UPI00041CE6EC	61.67	467	480
UniRef90_D5WV36	60.94	467	478
UniRef90_Q9MSY7	70.28	467	430
UniRef90_Q9GED5	75.17	467	435
UniRef90_A0A0G3XNZ4	55.29	467	466
UniRef90_W0HG82	82.64	467	387
UniRef90_C3RTC5	56.38	467	457
UniRef90_Q9GGI0	83.65	467	373
UniRef90_Q37730	72.51	467	451
UniRef90_Q9TN50	55.07	467	464
UniRef90_H9LDA7	82.85	467	379
UniRef90_UPI0002EDF0C7	58.19	467	481
UniRef90_UPI0006DC78EA	55.89	467	489
UniRef90_U5JEX8	57.87	467	451
UniRef90_Q9GG56	70.02	467	469
UniRef90_O46967	54.09	467	474
UniRef90_Q9MSZ2	71.73	467	437
UniRef90_Q6Y9P1	54.96	467	474
UniRef90_UPI0003F7E203	60.99	467	477
UniRef90_C8CTL2	55.88	467	452
UniRef90_Q71N63	77.62	467	440
UniRef90_Q4QST0	71.52	467	471
UniRef90_Q32033	78.01	467	476
UniRef90_A0A076GVY2	81.98	467	383
UniRef90_M4QGF0	52.86	467	465
UniRef90_D7BIR5	61.26	467	480
UniRef90_Q9MT11	74.76	467	433
UniRef90_A9UK18	58.37	467	429
UniRef90_A0A0C5C5T1	57.02	467	458
UniRef90_M8A2T1	70.02	467	420
UniRef90_Q9XQS2	53.88	467	480
UniRef90_O24636	82.18	467	376
UniRef90_D0FZF9	82.18	467	376
UniRef90_Q37291	81.65	467	376
UniRef90_Q8MGD8	77.96	467	422
UniRef90_Q5V9N1	56.99	467	469
UniRef90_Q5MNX4	84.94	467	385
UniRef90_M4I249	54.26	467	446
UniRef90_Q7YMU0	56.29	467	463
UniRef90_A1E8V5	83.16	467	380
UniRef90_Q71N76	71.81	467	455
UniRef90_Q5I954	77.19	467	403
UniRef90_Q8HTQ7	83.21	467	393
UniRef90_A0A097ITE2	83.11	467	379
UniRef90_Q9TKM8	57.94	467	457
UniRef90_Q8HDG5	54.74	467	474
UniRef90_G0WZN2	79.45	467	399
UniRef90_Q9XPZ4	68.24	467	467
UniRef90_A0A0H3VD47	79.44	467	395
UniRef90_A0A0D4BI51	81.58	467	380
UniRef90_O24631	81.91	467	376
UniRef90_E1CBU8	80.25	467	424
UniRef90_Q5PYJ8	76.42	467	424
UniRef90_Q1MTW9	83.42	467	386
UniRef90_W5QKA8	51.19	467	474
UniRef90_Q9T3J9	81.38	467	376
UniRef90_G8TZ49	62.50	467	479
UniRef90_U5JEW2	56.92	467	454
UniRef90_Q6V576	54.63	467	453
UniRef90_A0A0K2SQY8	83.06	467	360
UniRef90_X5CUY8	72.04	467	452
UniRef90_Q49P42	55.65	467	450
UniRef90_A7UMD1	53.67	467	459
UniRef90_W0HJM2	80.10	467	387
UniRef90_B6CJW4	73.76	467	449
UniRef90_Q9TN56	55.31	467	471
UniRef90_Q33105	56.84	467	441
UniRef90_O03125	70.16	467	449
UniRef90_A1E8T3	82.32	467	379
UniRef90_G1E770	53.76	467	501
UniRef90_Q9GE67	78.28	467	419
UniRef90_G8XV60	70.07	467	452
UniRef90_A0A089WZY8	81.33	467	377
UniRef90_S5RWE6	77.54	467	413
UniRef90_Q6W3R8	73.00	467	437
UniRef90_Q95D06	51.08	467	480
UniRef90_A0A089WY39	81.18	467	372
UniRef90_A0A023UND1	84.43	467	367
UniRef90_Q0ZJU8	83.42	467	379
UniRef90_A1E8W3	82.28	467	378
UniRef90_Q8MAK8	71.66	467	435
UniRef90_B8PRL9	68.31	467	469
UniRef90_Q32878	55.20	467	443
UniRef90_Q2ACI8	84.77	467	394
UniRef90_Q5V9M3	56.33	467	469
UniRef90_B4E4G1	79.90	467	403
UniRef90_Q9MT16	69.11	467	433
UniRef90_Q95EM4	79.27	467	386
UniRef90_Q9GEE0	75.81	467	435
UniRef90_S6CMY6	82.55	467	361
UniRef90_A0A0F7G6D2	85.11	467	356
UniRef90_S5RGL7	82.90	467	386
UniRef90_Q6JVI2	83.25	467	382
UniRef90_A0A0D3MFZ7	84.66	467	378
UniRef90_Q8MCY2	70.71	467	438
UniRef90_A0A0D3MGD7	84.66	467	378
UniRef90_A0A0G2QN81	82.53	467	372
UniRef90_Q33186	54.76	467	441
UniRef90_G4WS69	53.66	467	461
UniRef90_A0A0D4BI85	81.94	467	371
UniRef90_A0A023Q1J6	83.15	467	362
UniRef90_E0YCK5	51.08	467	488
UniRef90_H6TIB8	48.92	467	476
UniRef90_Q1A5S9	80.53	467	380
UniRef90_F5BVU2	69.93	467	449
UniRef90_Q9MTS2	70.79	467	476
UniRef90_Q8SLK3	81.27	467	363
UniRef90_Q31657	55.48	467	439
UniRef90_A0A0G2QRJ2	83.61	467	360
UniRef90_G8Z0L9	69.28	467	446
UniRef90_Q37154	78.80	467	382
UniRef90_D4Q9L3	81.65	467	376
UniRef90_Q9T3V7	84.02	467	363
UniRef90_Q5YGH0	79.79	467	376
UniRef90_G3CUL0	83.92	467	367
UniRef90_G9G775	80.95	467	376
UniRef90_Q76M92	79.78	467	366
UniRef90_Q33056	83.06	467	480
UniRef90_D3W975	84.25	467	362
UniRef90_Q6JAK3	57.88	467	405
UniRef90_E0D902	84.66	467	352
UniRef90_Q32286	51.32	467	465
UniRef90_Q8WIG5	72.73	467	448
UniRef90_D6C642	78.42	467	370
UniRef90_O46963	52.15	467	476
UniRef90_E2D4M5	71.88	467	409
UniRef90_Q6JVF6	81.87	467	368
UniRef90_Q1WFR7	55.91	467	405
UniRef90_A2I9Z8	72.92	467	432
UniRef90_Q32849	55.08	467	433
UniRef90_A4GGW8	74.82	467	414
UniRef90_A0A0H4JGC9	58.84	467	412
UniRef90_Q31912	78.36	467	365
UniRef90_A3EZD6	57.95	467	419
UniRef90_Q95GX0	51.29	467	480
UniRef90_X5DC36	83.00	467	353
UniRef90_O46984	51.08	467	474
UniRef90_Q32609	50.88	467	465
UniRef90_Q8WLK8	74.50	467	404
UniRef90_Q33179	80.00	467	365
UniRef90_Q32378	55.98	467	428
UniRef90_Q71N62	67.60	467	475
UniRef90_Q95637	65.31	467	469
UniRef90_Q32677	80.17	467	365
UniRef90_Q32328	52.38	467	451
UniRef90_A9X7F6	81.64	467	354
UniRef90_A4GGX0	71.63	467	424
UniRef90_A0A0D4BI61	81.89	467	359
UniRef90_L0N7T5	78.61	467	374
UniRef90_D3W6I2	79.73	467	365
UniRef90_O46977	54.09	467	439
UniRef90_U3M8E2	83.67	467	350
UniRef90_Q33197	51.85	467	471
UniRef90_A1E8T2	74.60	467	385
UniRef90_A4GGS2	82.44	467	354
UniRef90_B9S1B6	62.88	467	690
UniRef90_A3EZE2	56.72	467	419
UniRef90_Q49P08	52.78	467	448
UniRef90_Q33035	78.90	467	365
UniRef90_Q8WH64	56.97	467	457
UniRef90_Q6QGU9	83.33	467	354
UniRef90_Q9GGJ1	55.77	467	415
UniRef90_Q5VAU5	83.57	467	347
UniRef90_Q9MTT1	73.54	467	476
UniRef90_M9V5N9	83.14	467	350
UniRef90_Q8HSJ9	48.49	467	477
UniRef90_Q31925	56.18	467	440
UniRef90_Q32731	67.57	467	441
UniRef90_M1X474	85.55	467	346
UniRef90_Q33480	49.24	467	471
UniRef90_Q32627	78.36	467	365
UniRef90_Q32327	48.16	467	471
UniRef90_A3EZE0	58.92	467	419
UniRef90_Q32372	49.34	467	465
UniRef90_Q32370	47.19	467	472
UniRef90_W6A1R0	80.86	467	350
UniRef90_A0A0A7H8K6	81.62	467	361
UniRef90_A0A096W126	60.66	467	393
UniRef90_C0LL73	77.60	467	375
UniRef90_A1E8W9	75.87	467	374
UniRef90_R4H5H8	77.30	467	370
UniRef90_Q9MT05	70.56	467	410
UniRef90_A0A0G2QS85	83.82	467	340
UniRef90_D8L8D7	82.16	467	342
UniRef90_O46985	49.12	467	462
UniRef90_I3UDT6	58.97	467	414
UniRef90_Q32881	78.59	467	355
UniRef90_B6RMF7	81.32	467	348
UniRef90_A3EZ97	56.86	467	419
UniRef90_Q32641	76.86	467	363
UniRef90_Q85VL1	49.34	467	402
UniRef90_A0A0D3MH62	81.38	467	350
UniRef90_F2RM57	80.64	467	346
UniRef90_C4N758	81.18	467	340
UniRef90_Q1A5U3	81.14	467	350
UniRef90_W7WCW8	58.33	467	431
UniRef90_Q7YMT9	56.70	467	387
UniRef90_Q840C3	87.39	467	341
UniRef90_A0A0H3VC45	55.92	467	397
UniRef90_Q697J5	57.33	467	399
UniRef90_Q840C4	88.56	467	341
UniRef90_C0LYP2	83.13	467	342
UniRef90_A0A0F6TFD2	54.68	467	406
UniRef90_G3EJL5	76.76	467	370
UniRef90_Q37247	80.85	467	401
UniRef90_Q8WJB1	80.52	467	349
UniRef90_F1D868	73.30	467	397
UniRef90_D3W980	82.78	467	331
UniRef90_Q5J090	77.91	467	344
UniRef90_Q9XQA0	75.91	467	357
UniRef90_Q32198	47.58	467	464
UniRef90_B5LZY4	78.78	467	344
UniRef90_Q95AL1	56.59	467	418
UniRef90_Q31823	51.06	467	433
UniRef90_D4HRG2	83.18	467	333
UniRef90_Q9TKM7	79.88	467	343
UniRef90_A0A0B4VFV3	55.93	467	388
UniRef90_Q9BBY7	49.21	467	455
UniRef90_Q32234	49.88	467	443
UniRef90_O98960	48.08	467	453
UniRef90_A0A0H3VBZ0	57.25	467	385
UniRef90_Q31798	47.44	467	440
UniRef90_Q5J9W9	47.26	467	448
UniRef90_Q8HUN5	76.50	467	352
UniRef90_Q33409	51.64	467	438
