UniRef90_P0AG16	100.00	492	505
UniRef90_A0A0H9AG24	94.51	492	478
UniRef90_D8MUX9	88.19	492	505
UniRef90_E6W8J2	88.82	492	505
UniRef90_A0A0B6HG35	88.16	492	505
UniRef90_D2BS60	86.18	492	505
UniRef90_C5B8M1	86.18	492	505
UniRef90_E9CPL6	86.59	492	505
UniRef90_Q2NSI7	85.98	492	505
UniRef90_UPI00040D8102	85.66	492	505
UniRef90_I0QUC5	85.77	492	505
UniRef90_A0A0G3CL65	84.96	492	505
UniRef90_UPI0004789003	84.96	492	505
UniRef90_UPI0004B3DF81	85.57	492	505
UniRef90_A0A0J8YTJ2	84.76	492	505
UniRef90_A0A0J9HTB3	84.35	492	505
UniRef90_B2Q0D9	82.11	492	505
UniRef90_J3YS66	81.63	492	505
UniRef90_UPI0004917DE3	82.72	492	505
UniRef90_W1J944	82.32	492	505
UniRef90_D1P5N9	81.10	492	505
UniRef90_R8AVG9	81.76	492	503
UniRef90_A0A088N1V2	81.30	492	505
UniRef90_D2U4D5	81.86	492	504
UniRef90_M7CVM0	80.41	492	505
UniRef90_A0A0C5WCL0	78.85	492	505
UniRef90_A0A0F5VH47	78.86	492	505
UniRef90_A0A0F5AMT3	77.24	492	504
UniRef90_U4E4V9	78.66	492	504
UniRef90_Q5E460	79.47	492	504
UniRef90_A0A0J8VAX0	77.64	492	505
UniRef90_Q6LNV0	77.44	492	505
UniRef90_UPI0006D115C4	77.44	492	504
UniRef90_R1IRL4	77.03	492	504
UniRef90_UPI0003103810	77.21	492	505
UniRef90_U3CC98	77.35	492	505
UniRef90_A0A0D8M1C9	76.80	492	505
UniRef90_L8J6F7	76.22	492	504
UniRef90_A0A0I1QIX1	99.74	492	395
UniRef90_A0A0D8Q517	76.80	492	505
UniRef90_A0A0B8Q1X6	75.77	492	504
UniRef90_F7YMF3	76.94	492	504
UniRef90_UPI0003F8B766	75.71	492	507
UniRef90_R9PQG2	76.22	492	507
UniRef90_C4K4M2	76.81	492	504
UniRef90_D0YWU8	75.46	492	505
UniRef90_C9P5W5	77.30	492	504
UniRef90_UPI00022CAA80	75.36	492	510
UniRef90_UPI0003941B04	76.59	492	504
UniRef90_N9VFZ6	74.90	492	506
UniRef90_Q1LTA2	78.09	492	472
UniRef90_A0A0K2BL28	75.73	492	504
UniRef90_A3QFC0	75.41	492	504
UniRef90_K2K0I7	75.82	492	504
UniRef90_A8FTU4	75.41	492	504
UniRef90_A0KJF0	73.27	492	506
UniRef90_A1S7J5	74.39	492	504
UniRef90_E0WQP0	75.70	492	509
UniRef90_E3BGV4	75.00	492	504
UniRef90_A0A080KFB8	73.40	492	506
UniRef90_F9R786	74.95	492	504
UniRef90_A0A080LM12	73.37	492	505
UniRef90_B1KKN4	74.59	492	504
UniRef90_A0A0M6W935	75.27	492	499
UniRef90_X2HBD7	73.10	492	505
UniRef90_A0A0A7S900	74.38	492	504
UniRef90_A0A094ISE0	74.95	492	506
UniRef90_A0A066T845	72.75	492	504
UniRef90_A0A0F4Q0E5	72.76	492	509
UniRef90_A8H309	74.39	492	504
UniRef90_Q9L6B8	73.16	492	504
UniRef90_A0A090AJ41	72.48	492	508
UniRef90_Q3IF45	73.47	492	508
UniRef90_C4LBG3	74.69	492	507
UniRef90_Q12P51	74.33	492	504
UniRef90_A0A0F5ERB6	73.31	492	503
UniRef90_Q8ECR8	74.59	492	504
UniRef90_H3ZHK4	73.36	492	503
UniRef90_A3WQ33	73.57	492	505
UniRef90_L8D8H5	72.54	492	508
UniRef90_A6FEP0	72.36	492	504
UniRef90_F7NX82	73.31	492	504
UniRef90_R4I1B9	70.96	492	506
UniRef90_A0A0F4Q2Z9	72.34	492	510
UniRef90_I1DX06	73.20	492	503
UniRef90_UPI00040E98F5	72.36	492	506
UniRef90_A0A0D8CY44	72.28	492	504
UniRef90_U1KJL6	71.95	492	508
UniRef90_UPI0003FE2DE3	72.75	492	504
UniRef90_F7RUY7	72.34	492	503
UniRef90_A4CD08	72.13	492	506
UniRef90_A0A099LDL5	72.28	492	505
UniRef90_A0A0A7EIQ3	71.52	492	506
UniRef90_UPI0000E0E888	72.48	492	506
UniRef90_G5SEM8	96.94	492	365
UniRef90_G4QL96	72.95	492	505
UniRef90_F2GCR8	71.66	492	507
UniRef90_Q47XK9	71.05	492	505
UniRef90_K6Y5G5	71.14	492	508
UniRef90_E6KXA9	72.28	492	503
UniRef90_UPI000509F7C9	71.87	492	503
UniRef90_H2FXY9	74.18	492	506
UniRef90_UPI0004E172CE	72.95	492	503
UniRef90_UPI0005A5D762	70.64	492	506
UniRef90_Q0I3F0	71.78	492	504
UniRef90_A0A0F4QJ41	70.73	492	508
UniRef90_K2K803	72.48	492	503
UniRef90_K7ABN3	72.07	492	505
UniRef90_A0A084CNC1	71.02	492	496
UniRef90_Q65TV0	71.46	492	503
UniRef90_UPI000379C461	70.70	492	505
UniRef90_E1SQ36	73.72	492	504
UniRef90_J5HKB3	69.80	492	507
UniRef90_E1W627	71.17	492	505
UniRef90_H5TAF1	71.93	492	505
UniRef90_A0A090S4N0	77.80	492	463
UniRef90_P43854	70.14	492	505
UniRef90_A0A0J8GVD1	70.43	492	502
UniRef90_UPI00037C1F6B	70.96	492	505
UniRef90_Q15VF7	71.46	492	505
UniRef90_UPI000415E3E4	70.93	492	504
UniRef90_A1SW68	68.09	492	504
UniRef90_K0GAG7	71.60	492	505
UniRef90_F4HA94	69.11	492	504
UniRef90_B8F4U1	69.51	492	504
UniRef90_A0A0A3APB9	69.39	492	504
UniRef90_I3DIH2	69.33	492	505
UniRef90_UPI0003F6928A	72.04	492	504
UniRef90_S9Y8I6	71.40	492	505
UniRef90_UPI00036082B7	68.90	492	505
UniRef90_UPI000382400B	68.29	492	504
UniRef90_UPI0002555D53	70.29	492	504
UniRef90_UPI0003B6642D	68.09	492	504
UniRef90_A0A0H4HNP7	69.37	492	503
UniRef90_A6VQ13	68.79	492	488
UniRef90_UPI0004E239CE	69.33	492	504
UniRef90_W7QGM8	71.40	492	504
UniRef90_M4UL22	68.30	492	503
UniRef90_A0A0J5P8T7	70.16	492	504
UniRef90_H6Q504	67.53	492	468
UniRef90_UPI000576D14A	84.33	492	395
UniRef90_S3DZQ5	69.30	492	486
UniRef90_A0A0H7A1H9	74.55	492	452
UniRef90_E8LIE4	67.42	492	503
UniRef90_A0A0B4XMZ7	67.15	492	509
UniRef90_UPI00041049B1	66.80	492	506
UniRef90_K0CGP2	66.26	492	507
UniRef90_Q8D2P1	65.31	492	470
UniRef90_Q2SJC5	64.02	492	506
UniRef90_UPI00047A13A5	65.44	492	514
UniRef90_W5IW65	65.37	492	501
UniRef90_H0J7G4	65.04	492	502
UniRef90_A0A0J7J8L2	64.27	492	508
UniRef90_UPI00041FB92F	66.60	492	505
UniRef90_E1VK75	64.89	492	506
UniRef90_Q0VPJ5	65.37	492	506
UniRef90_UPI00035FAF98	64.55	492	506
UniRef90_UPI0003B36320	64.68	492	501
UniRef90_B5JSE4	64.27	492	500
UniRef90_A0A031MH81	65.03	492	501
UniRef90_A4BHC4	64.68	492	505
UniRef90_A0A0F9Y7C4	64.68	492	501
UniRef90_A0A031LL39	64.84	492	512
UniRef90_Q1N6Q0	65.57	492	505
UniRef90_W8G9H9	65.65	492	507
UniRef90_UPI0005BB3C47	64.68	492	501
UniRef90_A0A0B3BZI9	64.29	492	501
UniRef90_V2VTP3	64.83	492	513
UniRef90_UPI0003A8DE78	65.16	492	503
UniRef90_A0A0A6PBB6	64.56	492	503
UniRef90_C7RCA0	64.07	492	506
UniRef90_B8GQF0	64.75	492	503
UniRef90_K5YK72	64.83	492	501
UniRef90_Q51342	64.75	492	501
UniRef90_I8T2A5	64.55	492	506
UniRef90_I1XKB8	62.40	492	502
UniRef90_UPI0003B68AD2	64.46	492	501
UniRef90_G3IQL0	63.73	492	502
UniRef90_S3TB18	64.42	492	512
UniRef90_UPI00037048E7	63.62	492	506
UniRef90_W6M828	64.89	492	504
UniRef90_A0A0M4GST0	64.42	492	512
UniRef90_G2DBV5	64.62	492	511
UniRef90_W0TN25	65.03	492	505
UniRef90_UPI0003F62856	65.16	492	504
UniRef90_A0A0F9PLF0	61.81	492	502
UniRef90_UPI000255A33B	64.48	492	508
UniRef90_UPI000407F1E1	65.09	492	505
UniRef90_UPI0004DF2177	63.66	492	502
UniRef90_V2TQ20	64.42	492	512
UniRef90_H8Z8N6	64.34	492	509
UniRef90_D3RRR1	65.16	492	504
UniRef90_V4LL46	64.01	492	505
UniRef90_H8GHV3	63.32	492	501
UniRef90_UPI0003FD3665	63.93	492	502
UniRef90_UPI00035F9BA2	63.27	492	501
UniRef90_A0A0F6TQX8	63.06	492	506
UniRef90_UPI00037E3547	62.63	492	507
UniRef90_UPI0006D126A7	64.75	492	502
UniRef90_A0A0F3IFG5	62.91	492	502
UniRef90_V2RDS7	63.52	492	511
UniRef90_N9BGE5	63.60	492	511
UniRef90_Q0A996	63.11	492	504
UniRef90_H8WE12	62.32	492	507
UniRef90_A0A081KCR8	65.57	492	500
UniRef90_A0A090ACT3	63.41	492	503
UniRef90_C6XE10	62.68	492	512
UniRef90_W8KT97	63.66	492	502
UniRef90_A0A094NR57	64.14	492	504
UniRef90_G4SYJ1	63.11	492	502
UniRef90_Q31HG9	61.59	492	503
UniRef90_UPI000482FDC0	63.66	492	508
UniRef90_W6LPV8	65.09	492	508
UniRef90_A0A0B0H1V3	63.93	492	504
UniRef90_UPI0006CAA5A8	64.23	492	512
UniRef90_A0A0B7IZT5	61.89	492	513
UniRef90_A3YFA3	63.32	492	502
UniRef90_UPI0004A6C68F	61.59	492	507
UniRef90_I3Y6U2	63.93	492	504
UniRef90_A0A0F7JXB2	64.55	492	504
UniRef90_A0A0A6QWQ4	62.83	492	502
UniRef90_Q1H0M7	63.04	492	511
UniRef90_N8YH68	62.99	492	514
UniRef90_A3JGB4	62.09	492	507
UniRef90_UPI00047035F7	63.45	492	503
UniRef90_UPI0003655C66	63.17	492	503
UniRef90_N6WZN7	62.09	492	507
UniRef90_W9UZ03	62.99	492	508
UniRef90_UPI0005EBE1EC	62.91	492	502
UniRef90_UPI000484853E	63.27	492	504
UniRef90_C6WVE6	62.09	492	511
UniRef90_UPI0005BDB1AB	62.70	492	494
UniRef90_UPI00037C3BEC	63.14	492	504
UniRef90_UPI00039C7022	62.70	492	502
UniRef90_C0N892	60.82	492	502
UniRef90_A0A0F9W602	64.23	492	499
UniRef90_R4YMG8	64.42	492	505
UniRef90_W0E303	64.34	492	504
UniRef90_C8PZC8	63.32	492	511
UniRef90_I1YLK3	61.40	492	502
UniRef90_U2E4U3	62.32	492	503
UniRef90_F7SNY8	63.04	492	507
UniRef90_V5BUS6	63.24	492	498
UniRef90_S3NAQ2	63.19	492	513
UniRef90_S2KND1	63.04	492	505
UniRef90_C5BL52	63.88	492	506
UniRef90_A0A081FZ80	63.32	492	507
UniRef90_D3S9Y1	63.64	492	502
UniRef90_D0KZW6	61.40	492	506
UniRef90_UPI0003759D4E	62.07	492	505
UniRef90_I3CBU4	63.73	492	505
UniRef90_UPI00035E3EB0	62.80	492	492
UniRef90_A0A0F9UHT5	62.09	492	502
UniRef90_G2E6A8	63.21	492	504
UniRef90_Q604P9	62.45	492	502
UniRef90_A0A099CXV6	63.14	492	491
UniRef90_A0A0G3G7K6	63.64	492	502
UniRef90_G0A408	61.81	492	499
UniRef90_E1VB67	62.63	492	505
UniRef90_UPI000489196C	64.96	492	503
UniRef90_A0A0C5V6A3	63.29	492	507
UniRef90_R5ENI2	61.89	492	505
UniRef90_Q2BMN0	62.91	492	506
UniRef90_Q1QY36	63.11	492	506
UniRef90_A0A084IQ96	62.60	492	503
UniRef90_A0A0K1WIT1	62.42	492	501
UniRef90_UPI0004E12D22	61.68	492	505
UniRef90_UPI000381C3DE	62.22	492	505
UniRef90_L2F5R5	62.78	492	513
UniRef90_M7PR62	59.76	492	502
UniRef90_D8K648	61.38	492	503
UniRef90_A0A066ZNU9	60.57	492	505
UniRef90_UPI000262CECC	62.83	492	505
UniRef90_Q4FS76	61.43	492	511
UniRef90_G4E1E8	62.65	492	502
UniRef90_UPI0006C7CE25	63.32	492	512
UniRef90_B3PFP5	62.73	492	507
UniRef90_UPI0003B4CDC2	61.18	492	508
UniRef90_UPI0005CA6F47	60.82	492	507
UniRef90_UPI0004184428	62.55	492	507
UniRef90_UPI0003496AC6	62.01	492	507
UniRef90_F6DC14	60.45	492	507
UniRef90_A4A850	62.80	492	506
UniRef90_R4V631	61.86	492	502
UniRef90_UPI00048C043C	60.77	492	503
UniRef90_UPI0005F82686	62.70	492	504
UniRef90_UPI0003690FBB	61.89	492	502
UniRef90_A4BRW2	61.40	492	503
UniRef90_I2JK70	62.01	492	506
UniRef90_UPI0004032F10	60.85	492	505
UniRef90_UPI00040F9623	62.07	492	505
UniRef90_A1WY00	61.81	492	504
UniRef90_A0A0F7M6U7	63.30	492	506
UniRef90_UPI000415CB81	63.39	492	511
UniRef90_Q21IZ7	63.24	492	504
UniRef90_UPI0006FF2EAD	62.73	492	491
UniRef90_UPI00048542B7	62.70	492	506
UniRef90_A6VWZ1	62.17	492	502
UniRef90_A0A094QAR1	63.67	492	501
UniRef90_K4KEK7	62.70	492	509
UniRef90_UPI00040CE386	63.21	492	506
UniRef90_Y0KG96	62.27	492	511
UniRef90_K0C5Z1	61.96	492	502
UniRef90_UPI000374BFF4	61.81	492	495
UniRef90_UPI0004A6B3B5	61.18	492	505
UniRef90_A0A0K6IJV4	61.46	492	502
UniRef90_UPI00048C704C	61.60	492	501
UniRef90_UPI0003B49095	62.19	492	506
UniRef90_A5WDZ5	61.43	492	511
UniRef90_I3BRF9	61.60	492	501
UniRef90_UPI0005C1E2F7	62.99	492	511
UniRef90_UPI0003B3071B	62.40	492	503
UniRef90_B7RU66	62.53	492	506
UniRef90_UPI000372FDC5	61.99	492	505
UniRef90_UPI0005F78606	62.20	492	507
UniRef90_UPI00041F058C	62.42	492	506
UniRef90_A0A0D6EVX5	61.24	492	508
UniRef90_A0YB08	61.27	492	505
UniRef90_UPI0004A74DC8	62.32	492	504
UniRef90_C8N6S8	62.60	492	501
UniRef90_UPI000563602A	62.99	492	513
UniRef90_UPI000379982E	62.42	492	505
UniRef90_D1KCW5	59.92	492	505
UniRef90_A0A086D7A1	62.73	492	509
UniRef90_A0A066UIZ1	62.37	492	506
UniRef90_L0GX70	62.09	492	504
UniRef90_F2K3Y5	61.35	492	502
UniRef90_UPI0004A73ABD	60.65	492	507
UniRef90_UPI00066FE3AC	62.40	492	492
UniRef90_UPI000377B0F6	62.30	492	506
UniRef90_A0A099PFA0	62.42	492	511
UniRef90_F3LHR5	60.77	492	510
UniRef90_A5EWT5	61.68	492	505
UniRef90_D5VBY7	62.07	492	509
UniRef90_A0A081NAM2	61.30	492	503
UniRef90_B2U6Y2	61.15	492	511
UniRef90_UPI00049120D9	60.95	492	511
UniRef90_V8GA17	62.81	492	503
UniRef90_L0DTI7	64.19	492	501
UniRef90_UPI00041073E5	61.51	492	507
UniRef90_A0A0K8QLH5	61.71	492	491
UniRef90_UPI00048E4DE2	61.36	492	500
UniRef90_G9ZE89	62.96	492	501
UniRef90_UPI0007004317	62.12	492	489
UniRef90_A0A095VNV3	61.76	492	506
UniRef90_M5DLF1	61.68	492	506
UniRef90_A0A0M4NW86	60.53	492	505
UniRef90_E0XVW9	59.30	492	505
UniRef90_UPI0004265FDA	61.59	492	504
UniRef90_UPI0003821B2D	60.57	492	501
UniRef90_A0A081N3P6	61.30	492	503
UniRef90_A0A0F3L0V2	60.57	492	492
UniRef90_D5CU24	61.36	492	508
UniRef90_A6GNX4	61.65	492	504
UniRef90_UPI0003B3E695	60.62	492	501
UniRef90_A0A0F3K5I8	60.94	492	510
UniRef90_A0A0K2YYE3	59.92	492	505
UniRef90_U5T526	61.80	492	497
UniRef90_UPI000654483B	60.37	492	504
UniRef90_UPI000347C873	61.51	492	491
UniRef90_A0A0K8JRY9	59.71	492	506
UniRef90_A0A0F2P3L0	61.19	492	508
UniRef90_I4WLM0	61.91	492	491
UniRef90_A0A0A0E3U1	60.25	492	489
UniRef90_I0HNL4	58.97	492	502
UniRef90_UPI000423D5F7	61.65	492	512
UniRef90_UPI0006B54D2E	61.40	492	502
UniRef90_D9SC84	61.03	492	508
UniRef90_UPI0004124F44	62.60	492	490
UniRef90_H5S9N1	61.44	492	493
UniRef90_H8L475	60.08	492	491
UniRef90_A0A023NS75	61.71	492	491
UniRef90_UPI00047DDEFC	61.91	492	490
UniRef90_UPI0006731B4C	61.86	492	513
UniRef90_A0A0E9M730	59.51	492	508
UniRef90_A0A0C1CEL6	59.67	492	508
UniRef90_UPI0006FB2F5A	61.51	492	488
UniRef90_A0A091AX83	61.51	492	489
UniRef90_Q2Y7S0	60.32	492	506
UniRef90_UPI000347BDE6	60.04	492	507
UniRef90_UPI0006CADBD9	59.63	492	512
UniRef90_K3WBA6	62.22	492	519
UniRef90_F5REF0	60.82	492	509
UniRef90_A0A0K6GVR5	60.33	492	514
UniRef90_A0A0N0JDG6	60.38	492	512
UniRef90_A0A0A0EV30	60.69	492	489
UniRef90_T1BRN5	62.32	492	502
UniRef90_UPI00048E9C13	59.63	492	507
UniRef90_I9BXE6	59.63	492	511
UniRef90_F1VXH2	60.21	492	505
UniRef90_A0A021W327	61.71	492	489
UniRef90_A5CVL2	58.69	492	505
UniRef90_UPI000382D143	61.78	492	513
UniRef90_S6BCJ3	62.42	492	494
UniRef90_G2DKL3	60.33	492	513
UniRef90_UPI000703186D	60.12	492	507
UniRef90_A0A0J6RAQ9	59.92	492	511
UniRef90_B4SLK7	60.49	492	488
UniRef90_UPI0006FA30B6	60.24	492	508
UniRef90_A0A0J5GI55	58.10	492	514
UniRef90_UPI00035EE91D	59.10	492	505
UniRef90_UPI000420E0E8	58.88	492	508
UniRef90_UPI000645EBD0	58.76	492	509
UniRef90_UPI0003B44D89	60.90	492	512
UniRef90_A4G4G8	59.79	492	505
UniRef90_E6PW99	59.75	492	501
UniRef90_A1AXQ0	58.49	492	505
UniRef90_Q6SFS3	58.49	492	505
UniRef90_S6GK88	61.48	492	506
UniRef90_UPI0004118F16	61.10	492	489
UniRef90_A0A0F7KJ37	60.74	492	507
UniRef90_A0A0H4QZQ2	60.04	492	501
UniRef90_E6WV93	60.69	492	489
UniRef90_F8GF12	59.76	492	506
UniRef90_G4CPZ4	59.71	492	515
UniRef90_A0A0L6T3T2	59.96	492	512
UniRef90_UPI00048BB915	61.32	492	510
UniRef90_G2IUT4	59.96	492	511
UniRef90_UPI00030C94F2	60.91	492	497
UniRef90_UPI00036EB642	59.18	492	513
UniRef90_C1D9J3	60.62	492	507
UniRef90_Q1YT85	60.04	492	513
UniRef90_S9Z916	59.47	492	511
UniRef90_D7N0L8	59.92	492	513
UniRef90_B1XY54	59.10	492	505
UniRef90_A0A0K8P1R5	58.56	492	510
UniRef90_A1K4B5	60.20	492	509
UniRef90_Q820D0	60.70	492	505
UniRef90_UPI0002DC1879	59.50	492	505
UniRef90_A0A098UAJ6	59.88	492	507
UniRef90_A0P6J2	59.38	492	513
UniRef90_C5AH83	58.50	492	510
UniRef90_UPI000426B515	61.51	492	489
UniRef90_UPI0005BC696C	58.74	492	505
UniRef90_A0A0G3BK04	59.83	492	505
UniRef90_UPI00042139DB	59.80	492	488
UniRef90_T1AV59	59.47	492	491
UniRef90_E5ASL4	58.26	492	511
UniRef90_B2I4N9	61.60	492	485
UniRef90_B6BU91	57.64	492	517
UniRef90_A0A0A2WMR8	60.90	492	489
UniRef90_A0A060H462	61.60	492	485
UniRef90_F9ZG02	60.62	492	506
UniRef90_A0A0H1AIH4	61.18	492	488
UniRef90_F3L1A3	59.88	492	508
UniRef90_A0A0J1C5P7	59.01	492	514
UniRef90_UPI0005643515	58.86	492	509
UniRef90_K9DEL2	60.41	492	507
UniRef90_G8MCF5	59.30	492	515
UniRef90_UPI00047686B2	60.00	492	508
UniRef90_Q3SHM5	60.25	492	506
UniRef90_UPI000410A00B	59.18	492	511
UniRef90_V7IDT5	58.84	492	507
UniRef90_X2JVS4	58.71	492	506
UniRef90_UPI0004284518	59.71	492	507
UniRef90_F4GS12	59.18	492	499
UniRef90_G8QIQ8	58.57	492	512
UniRef90_UPI00061D02D8	60.82	492	513
UniRef90_K2F897	59.30	492	515
UniRef90_UPI000487FF3A	60.41	492	514
UniRef90_G4M899	58.47	492	536
UniRef90_A0A0F5K1I9	58.88	492	527
UniRef90_A0A0D0R2I6	60.77	492	489
UniRef90_W0SEA6	60.00	492	513
UniRef90_UPI0004281AEA	59.71	492	508
UniRef90_UPI0003F546BE	60.21	492	511
UniRef90_G4CJ12	58.23	492	507
UniRef90_H0PW63	60.33	492	508
UniRef90_G4Q9P9	59.34	492	485
UniRef90_B4EFK7	57.81	492	510
UniRef90_UPI00047342FA	58.76	492	505
UniRef90_J0JN57	60.00	492	494
UniRef90_UPI00036EBC6E	59.17	492	512
UniRef90_G0AK26	58.35	492	505
UniRef90_F2BBH5	57.00	492	511
UniRef90_UPI000368FC05	57.00	492	515
UniRef90_L1NNY2	56.14	492	512
UniRef90_D4DTQ8	58.18	492	512
UniRef90_L9PEJ7	59.71	492	507
UniRef90_A0A0C2BQA5	58.14	492	505
UniRef90_A0A0E9MEQ8	61.03	492	506
UniRef90_UPI0006F69033	57.93	492	500
UniRef90_UPI000486E8EF	58.47	492	501
UniRef90_A2SHR8	57.80	492	509
UniRef90_A0A0A0M8W2	58.94	492	490
UniRef90_D8J1Y4	57.93	492	506
UniRef90_Q13S18	58.26	492	516
UniRef90_A0A0A0DWD0	59.79	492	509
UniRef90_UPI0003747B20	59.79	492	514
UniRef90_F0EW97	57.37	492	510
UniRef90_A0A0C5J8U5	60.00	492	519
UniRef90_UPI000557F863	57.35	492	515
UniRef90_UPI0006F3C318	59.96	492	506
UniRef90_Q5P1I4	59.88	492	508
UniRef90_V9HLY1	57.67	492	512
UniRef90_A0A0G2UHB8	57.91	492	502
UniRef90_C4KB78	58.85	492	511
UniRef90_A0A0G3EUY7	58.68	492	509
UniRef90_UPI000319BC43	58.26	492	510
UniRef90_I3UBX2	59.38	492	505
UniRef90_P0AG16	100.00	492	505
UniRef90_A0A0B6HG35	88.16	492	505
UniRef90_Q2SJC5	64.02	492	506
UniRef90_D2BS60	86.18	492	505
UniRef90_D8MUX9	88.19	492	505
UniRef90_A0A0B4XMZ7	66.73	492	509
UniRef90_E9CPL6	86.91	492	505
UniRef90_UPI0004789003	84.96	492	505
UniRef90_A0A0G3CL65	84.96	492	505
UniRef90_K0CGP2	66.26	492	507
UniRef90_UPI0004B3DF81	85.57	492	505
UniRef90_UPI00037048E7	63.01	492	506
UniRef90_C5B8M1	86.18	492	505
UniRef90_H8WE12	62.32	492	507
UniRef90_E6W8J2	88.82	492	505
UniRef90_A0A0J7J8L2	64.27	492	508
UniRef90_UPI0003FD3665	63.67	492	502
UniRef90_A0A0B7IZT5	61.30	492	513
UniRef90_R8AVG9	81.60	492	503
UniRef90_B2Q0D9	82.11	492	505
UniRef90_Q0VPJ5	64.63	492	506
UniRef90_D1P5N9	81.10	492	505
UniRef90_W1J944	82.32	492	505
UniRef90_A0A0A6PBB6	64.56	492	503
UniRef90_A0A031MH81	65.03	492	501
UniRef90_I0QUC5	85.77	492	505
UniRef90_A0A0B3BZI9	64.29	492	501
UniRef90_UPI00040D8102	85.66	492	505
UniRef90_A0A0F5VH47	78.62	492	505
UniRef90_N6WZN7	61.84	492	507
UniRef90_C6XE10	62.35	492	512
UniRef90_N9VFZ6	74.75	492	506
UniRef90_Q1H0M7	62.32	492	511
UniRef90_A0A0J9HTB3	84.35	492	505
UniRef90_A0A0F9Y7C4	64.68	492	501
UniRef90_D8K648	61.38	492	503
UniRef90_M7CVM0	80.41	492	505
UniRef90_A0A0J8VAX0	77.19	492	505
UniRef90_D2U4D5	81.69	492	504
UniRef90_A3JGB4	62.09	492	507
UniRef90_Q2NSI7	85.98	492	505
UniRef90_C6WVE6	61.71	492	511
UniRef90_E1VK75	64.02	492	506
UniRef90_W5IW65	64.83	492	501
UniRef90_A0A0C5WCL0	78.21	492	505
UniRef90_A0A0J8YTJ2	84.76	492	505
UniRef90_Y0KG96	61.71	492	511
UniRef90_UPI0006D115C4	77.44	492	504
UniRef90_A0A0F9UHT5	61.89	492	502
UniRef90_A0A0F3IFG5	62.65	492	502
UniRef90_A0KJF0	73.12	492	506
UniRef90_UPI00035FAF98	63.95	492	506
UniRef90_A0A090ACT3	63.14	492	503
UniRef90_H3ZHK4	73.06	492	503
UniRef90_UPI00039C7022	62.45	492	502
UniRef90_UPI0006D126A7	64.42	492	502
UniRef90_Q1N6Q0	65.30	492	505
UniRef90_Q604P9	62.04	492	502
UniRef90_R1IRL4	77.03	492	504
UniRef90_UPI0003B36320	64.23	492	501
UniRef90_A4BHC4	64.42	492	505
UniRef90_UPI0005EBE1EC	62.45	492	502
UniRef90_A0A031LL39	64.84	492	512
UniRef90_A0A0A6QWQ4	62.24	492	502
UniRef90_H0J7G4	64.84	492	502
UniRef90_K5YK72	64.21	492	501
UniRef90_Q51342	63.95	492	501
UniRef90_UPI0005BB3C47	64.68	492	501
UniRef90_Q6LNV0	77.19	492	505
UniRef90_UPI000407F1E1	64.96	492	505
UniRef90_UPI0003F8B766	75.71	492	507
UniRef90_B8GQF0	64.10	492	503
UniRef90_UPI0003B68AD2	64.46	492	501
UniRef90_U4E4V9	78.41	492	504
UniRef90_H8GHV3	63.06	492	501
UniRef90_L8J6F7	76.22	492	504
UniRef90_UPI00041049B1	66.80	492	506
UniRef90_A4CD08	71.69	492	506
UniRef90_B5JSE4	64.07	492	500
UniRef90_U3CC98	77.35	492	505
UniRef90_UPI0003B3071B	61.89	492	503
UniRef90_I1XKB8	62.40	492	502
UniRef90_W8G9H9	65.65	492	507
UniRef90_V5BUS6	62.73	492	498
UniRef90_A0A0A7EIQ3	71.22	492	506
UniRef90_V2VTP3	64.43	492	513
UniRef90_A0A066ZNU9	60.57	492	505
UniRef90_R9PQG2	76.22	492	507
UniRef90_UPI000415CB81	63.01	492	511
UniRef90_G4SYJ1	62.86	492	502
UniRef90_G0A408	61.43	492	499
UniRef90_Q31HG9	61.79	492	503
UniRef90_I1DX06	72.99	492	503
UniRef90_B3PFP5	62.73	492	507
UniRef90_S3TB18	63.82	492	512
UniRef90_A0A0D6EVX5	61.11	492	508
UniRef90_A0A081FZ80	63.19	492	507
UniRef90_UPI0004DF2177	63.01	492	502
UniRef90_UPI0003F62856	65.37	492	504
UniRef90_Q0A996	62.86	492	504
UniRef90_A0A0F5AMT3	77.03	492	504
UniRef90_U1KJL6	71.75	492	508
UniRef90_E6KXA9	71.54	492	503
UniRef90_A0A0B8Q1X6	75.31	492	504
UniRef90_C0N892	60.57	492	502
UniRef90_A0A0D8M1C9	76.17	492	505
UniRef90_UPI00047A13A5	64.96	492	514
UniRef90_A3QFC0	74.80	492	504
UniRef90_V2TQ20	63.69	492	512
UniRef90_H8Z8N6	63.95	492	509
UniRef90_F7NX82	72.71	492	504
UniRef90_A1S7J5	74.08	492	504
UniRef90_UPI0004184428	62.04	492	507
UniRef90_Q21IZ7	62.73	492	504
UniRef90_UPI0006CAA5A8	64.23	492	512
UniRef90_A0A0F9PLF0	61.18	492	502
UniRef90_Q5E460	79.30	492	504
UniRef90_H5S9N1	61.32	492	493
UniRef90_A0A0F9W602	64.23	492	499
UniRef90_G3IQL0	63.27	492	502
UniRef90_A8H309	73.78	492	504
UniRef90_D0YWU8	75.46	492	505
UniRef90_V2RDS7	63.52	492	511
UniRef90_M7PR62	59.76	492	502
UniRef90_N8YH68	62.40	492	514
UniRef90_K2K0I7	75.51	492	504
UniRef90_W0E303	63.95	492	504
UniRef90_L8D8H5	72.24	492	508
UniRef90_A0A0K1WIT1	62.42	492	501
UniRef90_UPI0005BDB1AB	62.20	492	494
UniRef90_Q8ECR8	73.78	492	504
UniRef90_UPI0004917DE3	82.72	492	505
UniRef90_UPI000482FDC0	63.66	492	508
UniRef90_W0TN25	64.43	492	505
UniRef90_A0A0F6TQX8	62.53	492	506
UniRef90_A0A0B0H1V3	63.34	492	504
UniRef90_UPI0004E172CE	72.43	492	503
UniRef90_UPI0004032F10	60.85	492	505
UniRef90_UPI0003FE2DE3	72.45	492	504
UniRef90_UPI0003941B04	75.97	492	504
UniRef90_K4KEK7	62.20	492	509
UniRef90_C8PZC8	62.93	492	511
UniRef90_Q9L6B8	72.41	492	504
UniRef90_UPI00037E3547	61.91	492	507
UniRef90_A0A0F5ERB6	72.56	492	503
UniRef90_G2DBV5	64.02	492	511
UniRef90_W9UZ03	62.99	492	508
UniRef90_Q2BMN0	62.40	492	506
UniRef90_A0A0M4GST0	63.95	492	512
UniRef90_N9BGE5	63.34	492	511
UniRef90_UPI00037C3BEC	63.14	492	504
UniRef90_A0A0F4Q0E5	72.56	492	509
UniRef90_K0C5Z1	61.96	492	502
UniRef90_Q3IF45	73.32	492	508
UniRef90_UPI00040E98F5	72.15	492	506
UniRef90_A5WDZ5	61.30	492	511
UniRef90_W6M828	64.29	492	504
UniRef90_UPI0004A6C68F	61.59	492	507
UniRef90_A6FEP0	72.36	492	504
UniRef90_A0A0D8Q517	76.80	492	505
UniRef90_UPI0003690FBB	61.63	492	502
UniRef90_UPI000255A33B	64.21	492	508
UniRef90_UPI000489196C	64.36	492	503
UniRef90_I1YLK3	60.77	492	502
UniRef90_K7ABN3	71.87	492	505
UniRef90_A0A099LDL5	71.34	492	505
UniRef90_K2K803	71.89	492	503
UniRef90_G2E6A8	63.21	492	504
UniRef90_D3RRR1	64.77	492	504
UniRef90_C9P5W5	76.99	492	504
UniRef90_G4QL96	72.75	492	505
UniRef90_S2KND1	63.04	492	505
UniRef90_UPI000563602A	61.79	492	513
UniRef90_I3Y6U2	63.54	492	504
UniRef90_S3NAQ2	62.80	492	513
UniRef90_B1KKN4	73.78	492	504
UniRef90_A3WQ33	73.27	492	505
UniRef90_Q47XK9	70.12	492	505
UniRef90_B2U6Y2	60.77	492	511
UniRef90_Q4FS76	60.65	492	511
UniRef90_F7YMF3	76.78	492	504
UniRef90_A0A080LM12	73.37	492	505
UniRef90_A0A094NR57	64.01	492	504
UniRef90_UPI0003A8DE78	64.77	492	503
UniRef90_A8FTU4	74.59	492	504
UniRef90_A0A0E9M730	59.51	492	508
UniRef90_W8KT97	63.01	492	502
UniRef90_A0A094ISE0	74.74	492	506
UniRef90_D5CU24	61.36	492	508
UniRef90_X2HBD7	73.10	492	505
UniRef90_UPI00040F9623	61.87	492	505
UniRef90_UPI00040CE386	63.01	492	506
UniRef90_UPI0003759D4E	61.66	492	505
UniRef90_Q0I3F0	70.79	492	504
UniRef90_A0A066T845	72.15	492	504
UniRef90_UPI0005F82686	62.45	492	504
UniRef90_UPI0005A5D762	70.12	492	506
UniRef90_UPI00048C043C	60.77	492	503
UniRef90_UPI000381C3DE	62.22	492	505
UniRef90_UPI0003103810	76.73	492	505
UniRef90_R4YMG8	64.21	492	505
UniRef90_J3YS66	81.63	492	505
UniRef90_A1SW68	68.09	492	504
UniRef90_UPI000509F7C9	71.14	492	503
UniRef90_C7RCA0	63.47	492	506
UniRef90_UPI0000E0E888	72.28	492	506
UniRef90_A0A0F4QJ41	70.53	492	508
UniRef90_W6LPV8	64.69	492	508
UniRef90_UPI000410A00B	58.62	492	511
UniRef90_F7SNY8	63.04	492	507
UniRef90_K6Y5G5	71.14	492	508
UniRef90_UPI0006C7CE25	63.32	492	512
UniRef90_UPI0005F78606	62.20	492	507
UniRef90_UPI000377B0F6	61.71	492	506
UniRef90_Q1QY36	62.73	492	506
UniRef90_G8QIQ8	58.22	492	512
UniRef90_F2GCR8	71.46	492	507
UniRef90_Q12P51	73.37	492	504
UniRef90_Q65TV0	70.73	492	503
UniRef90_I3CBU4	63.34	492	505
UniRef90_A0A094QAR1	63.67	492	501
UniRef90_A0A0D8CY44	71.34	492	504
UniRef90_UPI000368FC05	57.00	492	515
UniRef90_A0A0F5K1I9	58.88	492	527
UniRef90_UPI0004A6B3B5	61.18	492	505
UniRef90_UPI000415E3E4	70.93	492	504
UniRef90_E1SQ36	72.86	492	504
UniRef90_A0A0F4Q2Z9	71.69	492	510
UniRef90_A0A080KFB8	73.25	492	506
UniRef90_C5BL52	63.88	492	506
UniRef90_A6GNX4	61.65	492	504
UniRef90_Q2Y7S0	60.12	492	506
UniRef90_L0GX70	61.71	492	504
UniRef90_A0A081KCR8	64.14	492	500
UniRef90_UPI0004A73ABD	60.45	492	507
UniRef90_D9SC84	61.03	492	508
UniRef90_B4EFK7	57.61	492	510
UniRef90_A0A0K8JRY9	59.51	492	506
UniRef90_F9R786	74.95	492	504
UniRef90_Q15VF7	71.25	492	505
UniRef90_I8T2A5	63.69	492	506
UniRef90_F8GF12	59.63	492	506
UniRef90_UPI00035F9BA2	62.45	492	501
UniRef90_E3BGV4	74.75	492	504
UniRef90_UPI00048542B7	62.32	492	506
UniRef90_C4LBG3	74.24	492	507
UniRef90_Q13S18	58.26	492	516
UniRef90_A0A0H9AG24	94.51	492	478
UniRef90_UPI0003F6928A	72.04	492	504
UniRef90_UPI0003B49095	61.43	492	506
UniRef90_UPI00036082B7	68.70	492	505
UniRef90_E1W627	70.45	492	505
UniRef90_UPI00049120D9	60.95	492	511
UniRef90_UPI000382D143	60.57	492	513
UniRef90_C4K4M2	76.81	492	504
UniRef90_UPI0006B54D2E	61.27	492	502
UniRef90_UPI000379C461	70.29	492	505
UniRef90_UPI00022CAA80	74.90	492	510
UniRef90_V4LL46	63.75	492	505
UniRef90_A0A0A7S900	74.23	492	504
UniRef90_S9Z916	59.47	492	511
UniRef90_L2F5R5	62.40	492	513
UniRef90_A0A0G3G7K6	63.51	492	502
UniRef90_M5DLF1	61.68	492	506
UniRef90_UPI000374BFF4	61.22	492	495
UniRef90_U2E4U3	62.12	492	503
UniRef90_A4G4G8	59.55	492	505
UniRef90_I2JK70	61.63	492	506
UniRef90_C5AH83	58.22	492	510
UniRef90_H2FXY9	73.67	492	506
UniRef90_F9ZG02	60.04	492	506
UniRef90_E5ASL4	57.61	492	511
UniRef90_F6DC14	60.65	492	507
UniRef90_J3CP05	57.94	492	505
UniRef90_J5HKB3	69.65	492	507
UniRef90_A0A0A3APB9	69.11	492	504
UniRef90_A0A084IQ96	62.60	492	503
UniRef90_UPI0004281AEA	59.59	492	508
UniRef90_A0A0F2P3L0	60.69	492	508
UniRef90_E1VB67	62.63	492	505
UniRef90_A0A088N1V2	81.30	492	505
UniRef90_A0A099PFA0	62.22	492	511
UniRef90_A0A0C2BQA5	57.91	492	505
UniRef90_P43854	69.43	492	505
UniRef90_UPI0003655C66	63.17	492	503
UniRef90_UPI0002555D53	70.00	492	504
UniRef90_G8MCF5	59.30	492	515
UniRef90_D3S9Y1	63.51	492	502
UniRef90_A0YB08	61.07	492	505
UniRef90_B7RU66	62.53	492	506
UniRef90_UPI00041073E5	61.51	492	507
UniRef90_E0WQP0	74.70	492	509
UniRef90_D0KZW6	61.40	492	506
UniRef90_A1K4B5	59.96	492	509
UniRef90_R4V631	61.86	492	502
UniRef90_X2JVS4	58.39	492	506
UniRef90_A0A0C1CEL6	59.67	492	508
UniRef90_D1KCW5	59.67	492	505
UniRef90_UPI0005CA6F47	60.24	492	507
UniRef90_UPI0004E239CE	68.98	492	504
UniRef90_UPI000484853E	63.14	492	504
UniRef90_A1WY00	61.55	492	504
UniRef90_F3LHR5	60.77	492	510
UniRef90_A0A081N3P6	61.10	492	503
UniRef90_A0A0K2YYE3	59.67	492	505
UniRef90_D8J1Y4	57.93	492	506
UniRef90_A0A086D7A1	61.49	492	509
UniRef90_E0XVW9	59.18	492	505
UniRef90_UPI00048E9C13	59.39	492	507
UniRef90_UPI0003B4CDC2	61.18	492	508
UniRef90_UPI00037C1F6B	70.67	492	505
UniRef90_I3BRF9	60.77	492	501
UniRef90_Q820D0	60.70	492	505
UniRef90_Q1LKI9	58.35	492	510
UniRef90_I9BXE6	59.63	492	511
UniRef90_G4E1E8	62.65	492	502
UniRef90_A0A0G3EUY7	58.47	492	509
UniRef90_G4M899	58.47	492	536
UniRef90_Q0K8I2	57.46	492	509
UniRef90_F1VXH2	60.00	492	505
UniRef90_F7RUY7	71.95	492	503
UniRef90_UPI00048C704C	60.98	492	501
UniRef90_UPI0002DC1879	59.50	492	505
UniRef90_A0A0F3K5I8	60.94	492	510
UniRef90_F4HA94	68.97	492	504
UniRef90_A4BRW2	61.07	492	503
UniRef90_UPI0006731B4C	61.24	492	513
UniRef90_H5TAF1	71.93	492	505
UniRef90_UPI000703186D	59.92	492	507
UniRef90_UPI000382400B	68.09	492	504
UniRef90_G2IUT4	58.70	492	511
UniRef90_UPI000379982E	62.04	492	505
UniRef90_UPI0003496AC6	62.01	492	507
UniRef90_UPI00041F058C	62.42	492	506
UniRef90_W0SEA6	59.88	492	513
UniRef90_A0A063BEW3	57.64	492	511
UniRef90_UPI00036EB642	58.81	492	513
UniRef90_C8N6S8	62.60	492	501
UniRef90_UPI000372FDC5	61.99	492	505
UniRef90_C4KB78	58.04	492	511
UniRef90_G9ZE89	62.12	492	501
UniRef90_A0A0M4NW86	60.29	492	505
UniRef90_UPI00047342FA	58.76	492	505
UniRef90_A0A0F7M6U7	62.65	492	506
UniRef90_A3YFA3	63.01	492	502
UniRef90_A0A0J8GVD1	70.23	492	502
UniRef90_UPI00048E4DE2	60.32	492	500
UniRef90_UPI0004265FDA	61.59	492	504
UniRef90_A0A0C5V6A3	62.55	492	507
UniRef90_E8LIE4	67.14	492	503
UniRef90_K0GAG7	71.60	492	505
UniRef90_S6GK88	60.90	492	506
UniRef90_A0A0J6RAQ9	59.92	492	511
UniRef90_UPI0003F546BE	59.79	492	511
UniRef90_UPI0003B6642D	68.09	492	504
UniRef90_G0AK26	58.11	492	505
UniRef90_Q6SFS3	58.37	492	505
UniRef90_UPI00054F9CD2	57.78	492	514
UniRef90_A1AXQ0	58.49	492	505
UniRef90_UPI0003747B20	59.38	492	514
UniRef90_I3DIH2	68.76	492	505
UniRef90_UPI00047035F7	63.06	492	503
UniRef90_UPI000423D5F7	61.44	492	512
UniRef90_A6VQ13	68.79	492	488
UniRef90_A0A066UIZ1	62.37	492	506
UniRef90_A0P6J2	58.85	492	513
UniRef90_F5REF0	59.60	492	509
UniRef90_H0PW63	59.35	492	508
UniRef90_A0A081NAM2	60.69	492	503
UniRef90_K2F897	58.38	492	515
UniRef90_M4UL22	68.30	492	503
UniRef90_A0A0K6IJV4	61.46	492	502
UniRef90_A0A0J5GI55	58.10	492	514
UniRef90_UPI0003B44D89	60.45	492	512
UniRef90_A0A0F7JXB2	64.42	492	504
UniRef90_D5VBY7	61.66	492	509
UniRef90_A1VL81	55.47	492	509
UniRef90_A0A080MEK4	57.09	492	508
UniRef90_UPI0006FF2EAD	62.73	492	491
UniRef90_B6BU91	57.40	492	517
UniRef90_UPI00061D02D8	60.82	492	513
UniRef90_UPI000347BDE6	58.88	492	507
UniRef90_A0A0C5J8U5	59.88	492	519
UniRef90_A0A060S692	54.34	492	1697
UniRef90_A4A850	62.80	492	506
UniRef90_U5T526	60.95	492	497
UniRef90_C1D9J3	60.62	492	507
UniRef90_A0A0K8QLH5	61.71	492	491
UniRef90_H8L475	60.08	492	491
UniRef90_A0A0K6GVR5	60.33	492	514
UniRef90_F3L1A3	59.88	492	508
UniRef90_A0A0A0E3U1	60.25	492	489
UniRef90_UPI00035EE91D	59.71	492	505
UniRef90_A0A099CXV6	63.14	492	491
UniRef90_UPI000645EBD0	58.76	492	509
UniRef90_UPI0004A74DC8	61.59	492	504
UniRef90_UPI00048BB915	60.24	492	510
UniRef90_UPI000487FF3A	60.00	492	514
UniRef90_UPI00047686B2	59.11	492	508
UniRef90_UPI0003B3E695	60.62	492	501
UniRef90_UPI00036EBC6E	58.92	492	512
UniRef90_A0A011NTU6	57.09	492	508
UniRef90_UPI0006CE6C6E	57.69	492	513
UniRef90_UPI0003821B2D	60.57	492	501
UniRef90_Q5P1I4	59.55	492	508
UniRef90_A5CVL2	58.49	492	505
UniRef90_A6VWZ1	62.24	492	502
UniRef90_UPI00066FE3AC	62.40	492	492
UniRef90_UPI000654483B	60.16	492	504
UniRef90_S6BCJ3	62.08	492	494
UniRef90_A0A095VNV3	61.38	492	506
UniRef90_UPI0004E282C8	58.10	492	506
UniRef90_UPI0004284518	59.71	492	507
UniRef90_Q1YT85	59.84	492	513
UniRef90_A0A0J1BBW3	56.31	492	558
UniRef90_A0A0N0XKY2	60.21	492	510
UniRef90_F2K3Y5	60.61	492	502
UniRef90_S9Y8I6	71.40	492	505
UniRef90_B8F4U1	69.23	492	504
UniRef90_A0A0A6Q8N5	57.02	492	514
UniRef90_W7QGM8	71.40	492	504
UniRef90_A0A0H4HNP7	69.37	492	503
UniRef90_C7RRS5	58.26	492	508
UniRef90_V8GA17	62.35	492	503
UniRef90_UPI0006FA30B6	59.84	492	508
UniRef90_UPI000262CECC	62.32	492	505
UniRef90_A0A0L0HAP3	56.36	492	509
UniRef90_UPI000420E0E8	58.68	492	508
UniRef90_A0A0F7KJ37	60.37	492	507
UniRef90_K9DEL2	59.72	492	507
UniRef90_A0A0C3S693	54.95	492	547
UniRef90_B1XY54	59.59	492	505
UniRef90_A0A0E9MEQ8	60.82	492	506
UniRef90_UPI00035E3EB0	62.93	492	492
UniRef90_A0A0N0JDG6	58.98	492	512
UniRef90_A0A084CNC1	71.55	492	496
UniRef90_I3UBX2	59.05	492	505
UniRef90_A0A0J5P8T7	70.16	492	504
UniRef90_A0A098UAJ6	59.35	492	507
UniRef90_L9PEJ7	59.71	492	507
UniRef90_Q21V04	56.82	492	501
UniRef90_A0A0K8P1R5	58.20	492	510
UniRef90_C3XAT5	58.14	492	506
UniRef90_A0A0J1C5P7	59.01	492	514
UniRef90_A0A015K9Q4	54.86	492	524
UniRef90_A5EWT5	61.68	492	505
UniRef90_A0A0G3BK04	58.68	492	505
UniRef90_W0VA34	58.37	492	507
UniRef90_UPI0005643515	58.74	492	509
UniRef90_UPI00041FB92F	66.26	492	505
UniRef90_UPI00030C94F2	60.91	492	497
UniRef90_UPI0005C1E2F7	62.35	492	511
UniRef90_UPI0004410405	56.10	492	542
UniRef90_G2DKL3	59.21	492	513
UniRef90_I0HNL4	58.97	492	502
UniRef90_A0A0K1K5D3	60.12	492	507
UniRef90_W4KKU6	55.15	492	547
UniRef90_G4CPZ4	59.26	492	515
UniRef90_UPI0004A48172	57.44	492	500
UniRef90_A2SHR8	57.40	492	509
UniRef90_I4WLM0	61.91	492	491
UniRef90_A0A0A0DWD0	57.91	492	509
UniRef90_UPI0006CADBD9	59.02	492	512
UniRef90_D9Y3Y3	56.49	492	499
UniRef90_F4GS12	59.18	492	499
UniRef90_D4DTQ8	58.18	492	512
UniRef90_UPI0006F69033	58.26	492	500
UniRef90_A0A0F3L0V2	60.57	492	492
UniRef90_UPI000652F43D	57.02	492	502
UniRef90_UPI0006151D0B	57.85	492	507
UniRef90_UPI00040554B1	57.23	492	498
UniRef90_A0A015K5H6	56.21	492	515
UniRef90_UPI0007004317	61.91	492	489
UniRef90_I4MN71	57.02	492	500
UniRef90_F2BBH5	57.00	492	511
UniRef90_R5ENI2	61.63	492	505
UniRef90_G4CJ12	57.99	492	507
UniRef90_A9IKX4	59.75	492	506
UniRef90_A8NEY1	56.07	492	578
UniRef90_S8EG69	54.53	492	538
UniRef90_A0A077WEN7	58.37	492	508
UniRef90_UPI000486E8EF	57.44	492	501
UniRef90_K5VU49	55.06	492	548
UniRef90_A0A090AJ41	72.19	492	508
UniRef90_J0JN57	59.02	492	494
UniRef90_A0Z5K7	59.05	492	505
UniRef90_UPI000347F7AC	57.02	492	512
UniRef90_X2H6A1	57.82	492	511
UniRef90_H3NT29	58.64	492	500
UniRef90_F0EW97	57.32	492	510
UniRef90_A4SWY2	58.30	492	512
UniRef90_Q47HP9	57.83	492	505
UniRef90_E6PW99	59.75	492	501
UniRef90_R7S782	54.45	492	548
UniRef90_A0A0L6WEJ7	54.45	492	540
UniRef90_UPI0006DD0C5C	56.56	492	506
UniRef90_A0A0B7F0T7	55.76	492	559
UniRef90_A0A023NS75	61.71	492	491
UniRef90_A0A0D0CUR7	55.06	492	542
UniRef90_UPI00047B001B	59.84	492	506
