UniRef90_Q92820	100.00	288	318
UniRef90_UPI00029DABEA	99.31	288	428
UniRef90_UPI0005F519F0	95.83	288	424
UniRef90_U3CKT6	91.67	288	318
UniRef90_UPI00063F25BC	87.85	288	318
UniRef90_I3MKQ3	83.04	288	318
UniRef90_UPI0004D07397	81.60	288	317
UniRef90_G1SIW5	82.58	288	318
UniRef90_UPI00046B30E4	84.59	288	279
UniRef90_UPI0003C906CD	82.23	288	318
UniRef90_UPI00032AEF5A	80.42	288	318
UniRef90_UPI0003345B05	80.21	288	318
UniRef90_UPI0002C688B3	80.21	288	318
UniRef90_UPI0004440814	78.82	288	318
UniRef90_F1RTA3	77.78	288	318
UniRef90_UPI0003C8A39B	80.99	288	284
UniRef90_UPI00018B57AA	79.86	288	318
UniRef90_UPI0003334945	79.44	288	318
UniRef90_UPI0003C815F7	81.91	288	412
UniRef90_F7CAQ5	79.51	288	318
UniRef90_H0XE30	79.17	288	318
UniRef90_M3WHF8	79.24	288	318
UniRef90_E2QUT9	79.37	288	318
UniRef90_UPI00045D6643	77.35	288	316
UniRef90_A7YWG4	78.52	288	318
UniRef90_UPI0004ED65DF	78.37	288	356
UniRef90_UPI0006513748	76.39	288	316
UniRef90_UPI0003595ECD	77.35	288	318
UniRef90_UPI00042C814C	79.36	288	322
UniRef90_K9IJ77	76.04	288	318
UniRef90_UPI00038BC240	75.26	288	318
UniRef90_UPI0002C45B46	77.35	288	316
UniRef90_UPI0003315CEB	74.65	288	319
UniRef90_UPI000328AB5D	75.96	288	318
UniRef90_A0A091D1K8	75.69	288	318
UniRef90_M3YEJ9	77.16	288	317
UniRef90_G5BIT4	77.74	288	283
UniRef90_A0A061ILT6	74.13	288	318
UniRef90_UPI00038ED316	76.92	288	318
UniRef90_UPI00042AAF8A	74.82	288	302
UniRef90_G3T7P8	77.70	288	316
UniRef90_UPI000333A01D	75.17	288	318
UniRef90_G1P8Z5	76.31	288	317
UniRef90_UPI00046BCB44	76.31	288	317
UniRef90_H0VAN0	74.22	288	319
UniRef90_UPI0003F0DF02	72.41	288	319
UniRef90_UPI0003F13815	73.17	288	316
UniRef90_S7P2V4	76.34	288	279
UniRef90_Q9Z0L8	71.18	288	317
UniRef90_Q62867	69.44	288	317
UniRef90_L5JTJ2	73.48	288	272
UniRef90_F6XZT6	85.83	288	245
UniRef90_L5LLA2	72.98	288	278
UniRef90_UPI0005D026AA	100.00	288	271
UniRef90_A0A093GTE8	63.41	288	315
UniRef90_H0ZLW2	62.59	288	321
UniRef90_A0A093S4U7	62.59	288	317
UniRef90_G3WB66	62.37	288	316
UniRef90_F6R3K0	63.80	288	279
UniRef90_UPI0002B4CEE4	62.59	288	410
UniRef90_U3JSK9	62.41	288	282
UniRef90_A0A091TNS5	62.02	288	306
UniRef90_Q5BKJ9	62.81	288	315
UniRef90_A0A091PY17	61.67	288	318
UniRef90_A0A0A0AT04	63.48	288	282
UniRef90_UPI0004F4E6FB	62.63	288	297
UniRef90_UPI000523AF2E	62.06	288	296
UniRef90_U3ITM9	61.19	288	328
UniRef90_S9WPB2	70.14	288	376
UniRef90_UPI000549D65A	60.98	288	408
UniRef90_UPI000333AC20	73.79	288	280
UniRef90_UPI000388D453	62.37	288	389
UniRef90_K7GBF8	62.72	288	339
UniRef90_UPI0004F11A39	60.84	288	412
UniRef90_F7FU03	61.67	288	315
UniRef90_UPI00051C2AA3	60.84	288	307
UniRef90_UPI0006B2037F	64.24	288	272
UniRef90_G1KT97	62.59	288	316
UniRef90_UPI00046C11CF	60.21	288	326
UniRef90_A0A099ZJT8	62.68	288	276
UniRef90_F1NR48	59.23	288	325
UniRef90_A0A093HFL9	62.95	288	278
UniRef90_UPI0003D0C0C8	59.23	288	322
UniRef90_UPI00042CE3B5	64.79	288	272
UniRef90_UPI00044234E3	58.19	288	316
UniRef90_V9KMY2	60.42	288	318
UniRef90_B4DVI2	100.00	288	205
UniRef90_W5MC70	60.35	288	320
UniRef90_S4RRX3	58.54	288	323
UniRef90_UPI0006B18661	57.84	288	315
UniRef90_S4RE00	55.40	288	319
UniRef90_A0A0F8AEB8	56.79	288	319
UniRef90_W5KAF2	55.59	288	309
UniRef90_W5UMK7	56.29	288	316
UniRef90_UPI000643FA32	55.24	288	316
UniRef90_UPI0004954774	58.95	288	305
UniRef90_F1R4T9	55.94	288	314
UniRef90_H2V9Q2	58.89	288	313
UniRef90_W5UCB8	58.95	288	314
UniRef90_H2ZYJ2	57.34	288	314
UniRef90_I3IV40	55.94	288	320
UniRef90_Q6NY42	58.19	288	312
UniRef90_H3BHD7	55.75	288	313
UniRef90_G3NFF3	55.24	288	314
UniRef90_UPI0005773266	55.59	288	315
UniRef90_H2M108	54.93	288	318
UniRef90_UPI0006B77BFD	55.24	288	316
UniRef90_UPI000575F5C0	55.94	288	307
UniRef90_UPI0006B3BF25	54.01	288	319
UniRef90_UPI000440BE9E	56.49	288	310
UniRef90_I3JH99	56.64	288	311
UniRef90_W5LDG5	60.23	288	312
UniRef90_G1NF82	61.48	288	245
UniRef90_W5N7W5	54.55	288	316
UniRef90_UPI000644762F	57.14	288	314
UniRef90_A0A087XTB2	53.50	288	319
UniRef90_UPI0004964DFD	54.27	288	357
UniRef90_W5LDG2	59.32	288	352
UniRef90_G3N5Z5	55.40	288	287
UniRef90_G1MIG1	77.45	288	234
UniRef90_M4AIV6	56.14	288	315
UniRef90_H2MFS4	55.09	288	309
UniRef90_UPI00054D2628	50.70	288	321
UniRef90_B5X6J2	55.44	288	309
UniRef90_UPI00064414B0	54.90	288	312
UniRef90_A0A060VX46	55.79	288	307
UniRef90_W5NDC7	53.85	288	316
UniRef90_D2I413	77.27	288	198
UniRef90_H2UTZ8	49.65	288	326
UniRef90_UPI0006B837E9	54.20	288	288
UniRef90_V9KL83	54.20	288	326
UniRef90_C1BL01	57.41	288	384
UniRef90_H2LF27	50.70	288	322
UniRef90_I3KDL2	50.35	288	321
UniRef90_B5XC50	51.92	288	317
UniRef90_UPI00049703CE	49.65	288	320
UniRef90_A0A0F8C1U6	57.54	288	726
UniRef90_A0A0F8C1U6	57.89	288	726
UniRef90_UPI00054B8A87	48.78	288	344
UniRef90_UPI000577DCAB	49.65	288	316
UniRef90_F6RT24	50.70	288	319
UniRef90_Q32NX0	51.40	288	311
UniRef90_UPI000643FCF2	50.18	288	290
UniRef90_UPI000644E5EB	48.95	288	321
UniRef90_M4AP32	48.95	288	317
UniRef90_UPI000495C945	48.25	288	389
UniRef90_UPI0004985A1D	52.45	288	307
UniRef90_H3DH05	47.57	288	328
UniRef90_C3Z748	50.69	288	318
UniRef90_Q08CS3	48.95	288	331
UniRef90_W5KDJ5	47.90	288	319
UniRef90_H3D7X7	55.02	288	316
UniRef90_G3NSW2	47.57	288	324
UniRef90_UPI0006B2F1BD	50.70	288	318
UniRef90_C3Z747	49.83	288	298
UniRef90_UPI0003D77496	69.31	288	234
UniRef90_UPI00064CE7CE	51.23	288	269
UniRef90_UPI00054C3C92	52.43	288	305
UniRef90_UPI000643F180	52.85	288	283
UniRef90_A7SPT7	49.31	288	314
UniRef90_UPI0001CBC07D	49.30	288	324
UniRef90_UPI000551909D	56.77	288	333
UniRef90_UPI0001CBC107	47.89	288	314
UniRef90_A7RUK5	45.67	288	324
UniRef90_UPI0005C35BE9	50.53	288	320
UniRef90_UPI0003AFC0B1	50.76	288	563
UniRef90_UPI0006B2F576	52.12	288	300
UniRef90_UPI0006B2F576	60.27	288	300
UniRef90_UPI000510F614	60.91	288	210
UniRef90_E9GSD7	46.39	288	340
UniRef90_F0ZHZ6	45.70	288	314
UniRef90_A0A0L0DW46	44.10	288	320
UniRef90_L7M012	45.86	288	312
UniRef90_B3SDN1	45.76	288	285
UniRef90_T2M871	45.55	288	319
UniRef90_UPI000497404D	44.76	288	275
UniRef90_UPI0002B4126B	42.56	288	331
UniRef90_A0A067R906	46.08	288	318
UniRef90_UPI0006744545	47.99	288	314
UniRef90_UPI00069643EA	44.06	288	322
UniRef90_UPI0006B087E4	44.67	288	322
UniRef90_UPI0006AB5A3D	43.21	288	293
UniRef90_F4QE72	42.81	288	335
UniRef90_UPI000497170E	47.30	288	245
UniRef90_L8Y4H0	50.18	288	178
UniRef90_UPI000440DF2D	56.50	288	340
UniRef90_UPI0003C19B1F	56.65	288	380
UniRef90_Q54HL4	43.75	288	347
UniRef90_A0A0K8RNE9	45.36	288	357
UniRef90_UPI0001925D5B	42.76	288	339
UniRef90_UPI0004CD843A	45.27	288	333
UniRef90_UPI0006449737	42.61	288	327
UniRef90_UPI00065BFF50	43.55	288	312
UniRef90_T1DRQ4	43.00	288	392
UniRef90_A0A084WA72	43.00	288	379
UniRef90_A7RUK6	45.53	288	302
UniRef90_W5JUI2	42.66	288	364
UniRef90_Q54LN4	41.92	288	317
UniRef90_UPI00065BFA6D	42.86	288	344
UniRef90_V3Z0S8	43.40	288	319
UniRef90_D2V7A7	41.67	288	301
UniRef90_F4PRW6	43.30	288	615
UniRef90_F4PRW6	44.52	288	615
UniRef90_Q4RPT8	40.42	288	414
UniRef90_F2TXM0	42.09	288	332
UniRef90_D3B9G2	40.34	288	321
UniRef90_A0A087UJD0	41.37	288	315
UniRef90_Q7Q531	41.64	288	377
UniRef90_W4Z272	42.91	288	309
UniRef90_UPI0005ABD669	42.66	288	351
UniRef90_R7TI73	40.64	288	287
UniRef90_A9VAD8	46.77	288	365
UniRef90_UPI0006415F58	40.80	288	326
UniRef90_UPI0006299F6B	42.47	288	312
UniRef90_UPI0006450DF2	54.04	288	253
UniRef90_Q17PM0	42.86	288	376
UniRef90_A0A0E9X9E6	57.07	288	212
UniRef90_K7J848	43.34	288	328
UniRef90_A0A0C9RQL8	42.52	288	368
UniRef90_T1JIA3	43.80	288	294
UniRef90_UPI00067387BB	41.98	288	387
UniRef90_T1PC71	43.34	288	381
UniRef90_D2VWH0	42.55	288	287
UniRef90_UPI0006B7AC6B	43.54	288	395
UniRef90_UPI0002657B50	40.14	288	308
UniRef90_A0A067R8Q9	41.98	288	317
UniRef90_W8B2C3	42.18	288	378
UniRef90_A0A0A1WFF4	42.71	288	389
UniRef90_I0YRJ2	40.33	288	345
UniRef90_A0A0D2WWA8	42.54	288	314
UniRef90_D2VVF7	38.89	288	317
UniRef90_UPI0003DF511B	42.81	288	617
UniRef90_E2A6W8	41.50	288	349
UniRef90_UPI0003DF65D9	42.81	288	648
UniRef90_UPI0006C9D160	39.93	288	327
UniRef90_T1DJR8	41.94	288	317
UniRef90_UPI0006C9B2CA	41.44	288	326
UniRef90_U5EYI6	38.14	288	371
UniRef90_A8HVE0	40.00	288	379
UniRef90_I1EKL9	47.37	288	228
UniRef90_UPI0005ED7BD5	39.73	288	337
UniRef90_A0A034VBS1	42.18	288	395
UniRef90_UPI00067E00DF	39.46	288	337
UniRef90_A0A023EMF2	42.97	288	283
UniRef90_A0A0A7CLY1	41.30	288	322
UniRef90_A9T172	38.13	288	304
UniRef90_D8S5X6	42.16	288	330
UniRef90_UPI00067DF167	40.14	288	344
UniRef90_UPI0005D32C20	40.07	288	329
UniRef90_UPI0006746CB3	45.98	288	311
UniRef90_UPI000258D924	39.18	288	331
UniRef90_E9IPM1	39.27	288	342
UniRef90_B0WIK1	40.82	288	362
UniRef90_A0A0L7R4R6	42.12	288	307
UniRef90_E1Z265	39.24	288	386
UniRef90_V5GM31	40.69	288	351
UniRef90_UPI00059C6539	41.30	288	748
UniRef90_E0VGS7	39.86	288	320
UniRef90_C3Z745	42.86	288	252
UniRef90_UPI0006231828	40.41	288	742
UniRef90_D8TI61	40.54	288	331
UniRef90_E2BIR5	39.25	288	344
UniRef90_UPI00021A7747	42.47	288	322
UniRef90_A0A0L0CCZ4	41.64	288	817
UniRef90_A0A0L0CCZ4	32.37	288	817
UniRef90_UPI00059792C9	42.18	288	576
UniRef90_UPI00022C8D4D	41.78	288	328
UniRef90_UPI0006265DD7	39.93	288	338
UniRef90_D3TRZ8	40.00	288	377
UniRef90_L8GKY1	34.06	288	354
UniRef90_UPI000558D2F5	59.46	288	153
UniRef90_B4J0B5	39.12	288	380
UniRef90_R4G898	38.41	288	309
UniRef90_UPI0005F50475	40.07	288	330
UniRef90_F4W5X6	40.41	288	341
UniRef90_UPI000676248F	37.50	288	388
UniRef90_UPI00063F4B63	40.07	288	330
UniRef90_D6WG39	38.49	288	314
UniRef90_J3JYZ0	38.57	288	331
UniRef90_A0A0N0BKL4	39.93	288	293
UniRef90_UPI00054B5331	57.40	288	203
UniRef90_H9JQA6	37.76	288	332
UniRef90_K3WYU7	39.39	288	325
UniRef90_I1F6U9	43.15	288	248
UniRef90_A0A059LKR4	39.57	288	323
UniRef90_B4LHY4	37.88	288	374
UniRef90_L8H401	37.63	288	327
UniRef90_E9HXS3	38.70	288	305
UniRef90_UPI00019260FE	35.71	288	353
UniRef90_A0A0K8TKA1	40.30	288	284
UniRef90_A0A060Z3S1	52.94	288	210
UniRef90_L8H1Q0	36.56	288	326
UniRef90_UPI000626C8AF	40.07	288	340
UniRef90_F0WJZ5	39.66	288	313
UniRef90_A0A0G4EYA8	36.26	288	445
UniRef90_T0QGJ2	37.97	288	335
UniRef90_UPI0003DE860D	42.01	288	723
UniRef90_C4WV96	40.00	288	314
UniRef90_A0A024GIG4	37.84	288	313
UniRef90_B4KW53	37.33	288	371
UniRef90_A9TUW1	37.33	288	294
UniRef90_A0A0K2U1H6	37.50	288	324
UniRef90_A0A087SB93	38.31	288	360
UniRef90_A0A0D2VML9	35.15	288	323
UniRef90_I0ZAW2	39.32	288	324
UniRef90_A0A085MHU7	39.25	288	345
UniRef90_M4AI39	56.76	288	155
UniRef90_M4C4I3	39.86	288	320
UniRef90_H3GLE7	38.05	288	318
UniRef90_A0A0L0GCL9	36.82	288	309
UniRef90_A0A0L0G3K5	38.37	288	302
UniRef90_A7SS46	35.85	288	276
UniRef90_Q29EM3	38.98	288	374
UniRef90_C4WV95	38.64	288	314
UniRef90_F1A4P5	37.88	288	293
UniRef90_A7RKK4	35.74	288	357
UniRef90_A0A0L0D5G5	36.60	288	347
UniRef90_H0ZWL4	66.67	288	117
UniRef90_A0A0A7CND3	39.93	288	320
UniRef90_R4G3H7	37.54	288	319
UniRef90_J9JQ91	38.18	288	314
UniRef90_F1A4P6	44.49	288	267
UniRef90_I1F6V0	45.81	288	205
UniRef90_A0A0K2U284	37.04	288	312
UniRef90_A9NPK6	36.30	288	334
UniRef90_Q8IQM9	37.67	288	373
UniRef90_Q4S1P3	49.72	288	300
UniRef90_A0A026WG72	38.06	288	685
UniRef90_A0A087SS88	37.59	288	379
UniRef90_L1J5Y8	36.86	288	334
UniRef90_A0A0A9YST9	37.67	288	324
UniRef90_B3M8Q2	38.01	288	372
UniRef90_K1Q2U3	52.17	288	196
UniRef90_A0A0M4EZ64	36.86	288	381
UniRef90_E1ZFW6	35.67	288	369
UniRef90_UPI0005D0BF5F	37.16	288	272
UniRef90_C1BRE6	37.37	288	313
UniRef90_A0A0D2LIN0	36.46	288	358
UniRef90_A0A022QNM8	37.46	288	333
UniRef90_A0A0D2K8P3	36.89	288	395
UniRef90_T1KX37	36.88	288	325
UniRef90_A8I683	37.59	288	395
UniRef90_A0A0B7AG90	44.27	288	223
UniRef90_R4G7S8	36.90	288	315
UniRef90_UPI000498FD11	37.29	288	387
UniRef90_D8U6J5	36.88	288	397
UniRef90_UPI0003F08AAC	44.39	288	207
UniRef90_T1D663	37.27	288	287
UniRef90_UPI00052EBCDE	36.82	288	384
UniRef90_A0A077ZGE4	37.32	288	304
UniRef90_W7TNW9	37.58	288	431
UniRef90_B3M8Q0	32.27	288	328
UniRef90_W4GMP3	37.09	288	349
UniRef90_A0A024UPG6	35.37	288	343
UniRef90_UPI0002C3091E	35.59	288	388
UniRef90_A0A087HJE7	35.23	288	326
UniRef90_A0A061RTZ5	35.74	288	347
UniRef90_S8C6S1	35.84	288	351
UniRef90_A0A0K8UUF1	40.73	288	300
UniRef90_UPI0003F0C916	48.02	288	272
UniRef90_V4TQG6	37.50	288	380
UniRef90_Q9SYL6	35.25	288	348
UniRef90_F6H1W5	37.04	288	384
UniRef90_A0A022QEC2	37.20	288	393
UniRef90_UPI00065BDFA4	52.66	288	255
UniRef90_S4RDR4	57.05	288	155
UniRef90_A0A087HJE9	36.24	288	352
UniRef90_I0YLT1	34.81	288	369
UniRef90_A0A087HJE8	36.27	288	336
UniRef90_M4F1W1	36.61	288	344
UniRef90_UPI0006D5021B	38.83	288	360
UniRef90_A7RKP9	32.87	288	316
UniRef90_W4GAR9	33.67	288	353
UniRef90_T1K6V3	38.38	288	284
UniRef90_G7ITE1	35.35	288	340
UniRef90_A0A067LFK5	35.81	288	385
UniRef90_UPI0002659C28	34.93	288	295
UniRef90_A0A0D3ARI6	34.24	288	344
UniRef90_A0A059LNU4	35.99	288	376
UniRef90_Q238Z5	36.95	288	337
UniRef90_X5HY53	36.49	288	343
UniRef90_G7ITD9	37.04	288	341
UniRef90_A0A024URD8	36.73	288	352
UniRef90_M0TBX1	34.71	288	360
UniRef90_UPI0004E55198	34.34	288	394
UniRef90_W4GNP2	35.93	288	347
UniRef90_W4WSN4	38.98	288	278
UniRef90_A0A024TFU2	36.36	288	354
UniRef90_D2I241	83.72	288	86
UniRef90_K3Z7L8	33.90	288	346
UniRef90_Q9ZV85	37.09	288	352
UniRef90_R0KHP8	62.39	288	124
UniRef90_UPI00053CA69C	35.93	288	405
UniRef90_UPI000641314A	35.27	288	337
UniRef90_A0A024UPS0	37.41	288	351
UniRef90_C5Z191	33.22	288	342
UniRef90_A0A0A9EYE6	33.79	288	344
UniRef90_A0A0K9S2Q3	33.67	288	356
UniRef90_A0A067CBA9	34.47	288	353
UniRef90_A0A059BPA1	34.58	288	394
UniRef90_A0A068UCM8	35.27	288	397
UniRef90_W1NUK7	34.51	288	372
UniRef90_A0A0D2R113	34.92	288	386
UniRef90_A0A0G4IWF4	34.13	288	330
UniRef90_A0A061F8R2	34.92	288	388
UniRef90_I1M2Y6	37.16	288	342
UniRef90_B9SEV4	34.92	288	388
UniRef90_B4MN79	36.52	288	373
UniRef90_A0A0M4EJ07	31.39	288	319
UniRef90_UPI000579D7AA	34.34	288	363
UniRef90_UPI00058131D2	36.30	288	326
UniRef90_V4M7Y9	35.93	288	355
UniRef90_UPI00051B58A2	33.11	288	340
UniRef90_I3T794	34.58	288	342
UniRef90_UPI0005816D5A	34.25	288	390
UniRef90_A0A0A0L398	35.25	288	375
UniRef90_C5Z190	32.53	288	344
UniRef90_UPI00057B0174	35.59	288	407
UniRef90_B9I428	35.59	288	411
UniRef90_M5WN15	34.58	288	388
UniRef90_B2Z9Y4	32.99	288	337
UniRef90_A0A024UPV3	35.79	288	348
UniRef90_A9SLE6	33.45	288	367
UniRef90_A0A072VAF3	34.12	288	340
UniRef90_UPI000673D9F8	39.41	288	233
UniRef90_F2DDL5	34.35	288	336
UniRef90_UPI0006D4EC51	34.71	288	306
UniRef90_B4MWW7	31.82	288	328
UniRef90_A0A0D3D1M3	36.04	288	625
UniRef90_V7BYA5	34.69	288	342
UniRef90_A0A0M0KPU5	35.76	288	621
UniRef90_A0A088AQX4	35.40	288	255
UniRef90_I1HHK2	34.25	288	333
UniRef90_A0A0D2KDN3	41.44	288	252
UniRef90_UPI0005C8CDDF	36.22	288	397
UniRef90_Q9VV00	29.21	288	345
UniRef90_R4WUD5	35.84	288	293
UniRef90_D3TMZ6	32.57	288	326
UniRef90_A0A0J8CI91	34.35	288	376
UniRef90_R0IFA1	35.97	288	302
UniRef90_UPI000511E040	33.55	288	376
UniRef90_UPI00052F4085	34.13	288	346
UniRef90_O65355	34.46	288	347
UniRef90_UPI000645082E	54.62	288	141
UniRef90_A0A075F2G1	34.58	288	342
UniRef90_J3M8X0	34.25	288	320
UniRef90_UPI0003C351A6	32.12	288	339
UniRef90_UPI000526638A	34.34	288	360
UniRef90_UPI00032A87AC	35.81	288	343
UniRef90_UPI0004AB71E3	35.55	288	377
UniRef90_UPI0004AB71E3	39.47	288	377
UniRef90_UPI0003B62A19	51.88	288	167
UniRef90_UPI0006412CC3	35.06	288	278
UniRef90_Q75II5	34.59	288	337
UniRef90_UPI00053A2C2E	33.90	288	368
UniRef90_W9SIZ0	34.92	288	401
UniRef90_B2Z9Y5	31.65	288	344
UniRef90_M4F1V9	34.77	288	343
UniRef90_B4J0B7	30.43	288	332
UniRef90_Q237L9	34.81	288	396
UniRef90_B4PHM6	29.43	288	346
UniRef90_A0A022QIF7	33.22	288	333
UniRef90_B5Y4A0	34.67	288	284
UniRef90_UPI0006CF1215	32.21	288	268
UniRef90_A0A0L0G839	34.24	288	345
UniRef90_A9RSX4	31.77	288	274
UniRef90_A0A0G4EHP8	32.48	288	363
UniRef90_D8S5X3	43.59	288	194
UniRef90_UPI0004A4DCCC	56.90	288	218
UniRef90_B3NI70	28.98	288	338
UniRef90_B2Z9Y3	31.16	288	340
UniRef90_A9V742	35.06	288	1953
UniRef90_UPI0006CF0935	32.77	288	367
UniRef90_A0A022QFC6	35.71	288	330
UniRef90_R4WUA6	36.11	288	275
UniRef90_F2UJ27	31.20	288	275
UniRef90_G7ITE2	32.08	288	311
UniRef90_R4WCN9	32.89	288	333
UniRef90_D7FRS5	30.87	288	379
UniRef90_A0A0A0L214	31.16	288	355
UniRef90_Q22CN1	32.45	288	336
UniRef90_T1GAR8	37.97	288	276
UniRef90_V4VRI4	32.41	288	321
UniRef90_P93164	31.25	288	342
UniRef90_A0A0A1XRN7	29.10	288	302
UniRef90_B4KW52	31.47	288	333
UniRef90_A0A0A9YYP9	31.43	288	341
UniRef90_A0A091SSH9	66.28	288	86
UniRef90_J9EWQ6	33.09	288	334
UniRef90_Q29EM2	30.13	288	319
UniRef90_UPI0005C3497C	51.49	288	151
UniRef90_Q23H93	31.23	288	328
UniRef90_V7BWY5	31.40	288	346
UniRef90_W4GML8	33.58	288	352
UniRef90_UPI0006B3B712	57.14	288	157
UniRef90_UPI000532EE06	30.82	288	307
UniRef90_A0A0G2AUG8	47.79	288	200
UniRef90_A0A0K8RPH7	45.75	288	157
UniRef90_A0A061F9N9	32.31	288	358
UniRef90_W5A2U3	35.34	288	267
UniRef90_Q22AT8	30.18	288	381
UniRef90_C1EC66	32.68	288	256
UniRef90_J9HVM5	33.21	288	334
UniRef90_A0DGF9	31.88	288	325
UniRef90_W8BZQ1	30.45	288	300
UniRef90_Q92820	100.00	288	318
UniRef90_UPI00029DABEA	99.31	288	428
UniRef90_UPI0005F519F0	95.83	288	424
UniRef90_UPI00063F25BC	87.85	288	318
UniRef90_UPI000549D65A	60.98	288	408
UniRef90_U3CKT6	91.67	288	318
UniRef90_F7CAQ5	79.51	288	318
UniRef90_A0A093GTE8	63.41	288	315
UniRef90_A0A091PY17	61.67	288	318
UniRef90_UPI00032AEF5A	80.42	288	318
UniRef90_UPI0002C688B3	80.21	288	318
UniRef90_G1SIW5	82.58	288	318
UniRef90_UPI0002B4CEE4	62.37	288	410
UniRef90_UPI0004F11A39	60.63	288	412
UniRef90_UPI000388D453	62.37	288	389
UniRef90_F1RTA3	77.78	288	318
UniRef90_UPI0003C815F7	81.91	288	412
UniRef90_E2QUT9	79.37	288	318
UniRef90_I3MKQ3	82.70	288	318
UniRef90_UPI00018B57AA	79.86	288	318
UniRef90_H0ZLW2	62.37	288	321
UniRef90_M3WHF8	79.24	288	318
UniRef90_UPI0003345B05	80.21	288	318
UniRef90_F1NR48	59.23	288	325
UniRef90_A7YWG4	78.52	288	318
UniRef90_U3ITM9	61.19	288	328
UniRef90_UPI0004D07397	81.60	288	317
UniRef90_UPI0003C906CD	81.94	288	318
UniRef90_A0A093S4U7	62.37	288	317
UniRef90_A0A091TNS5	62.02	288	306
UniRef90_K7GBF8	62.72	288	339
UniRef90_UPI0003315CEB	74.65	288	319
UniRef90_K9IJ77	76.04	288	318
UniRef90_UPI0004440814	78.82	288	318
UniRef90_M3YEJ9	77.16	288	317
UniRef90_UPI0004F4E6FB	62.63	288	297
UniRef90_F7FU03	61.67	288	315
UniRef90_UPI0003C8A39B	81.56	288	284
UniRef90_H0XE30	79.17	288	318
UniRef90_UPI000333A01D	74.91	288	318
UniRef90_UPI00038BC240	75.26	288	318
UniRef90_U3JSK9	62.41	288	282
UniRef90_UPI00045D6643	77.08	288	316
UniRef90_UPI000523AF2E	62.06	288	296
UniRef90_UPI000328AB5D	75.69	288	318
UniRef90_A0A061ILT6	74.13	288	318
UniRef90_G3WB66	62.37	288	316
UniRef90_UPI00038ED316	76.92	288	318
UniRef90_A0A0A0AT04	63.48	288	282
UniRef90_A0A091D1K8	75.69	288	318
UniRef90_UPI0002C45B46	77.08	288	316
UniRef90_UPI0003595ECD	77.35	288	318
UniRef90_Q62867	69.44	288	317
UniRef90_UPI00042C814C	79.36	288	322
UniRef90_Q9Z0L8	71.18	288	317
UniRef90_UPI0003334945	79.17	288	318
UniRef90_G1KT97	62.59	288	316
UniRef90_UPI00046C11CF	60.21	288	326
UniRef90_G1P8Z5	76.04	288	317
UniRef90_UPI0004ED65DF	78.37	288	356
UniRef90_UPI0003D0C0C8	59.23	288	322
UniRef90_UPI00051C2AA3	60.92	288	307
UniRef90_UPI00044234E3	58.19	288	316
UniRef90_UPI0006513748	76.39	288	316
UniRef90_G3T7P8	77.43	288	316
UniRef90_H0VAN0	74.22	288	319
UniRef90_UPI0003F0DF02	71.48	288	319
UniRef90_G5BIT4	78.01	288	283
UniRef90_UPI0003F13815	72.92	288	316
UniRef90_UPI00046BCB44	76.04	288	317
UniRef90_A0A0F8AEB8	56.79	288	319
UniRef90_UPI00046B30E4	84.59	288	279
UniRef90_I3IV40	55.94	288	320
UniRef90_Q6NY42	58.19	288	312
UniRef90_Q5BKJ9	62.59	288	315
UniRef90_F6R3K0	63.80	288	279
UniRef90_W5KAF2	55.59	288	309
UniRef90_UPI0006B3BF25	54.01	288	319
UniRef90_G3NFF3	55.24	288	314
UniRef90_UPI0006B77BFD	55.24	288	316
UniRef90_S4RRX3	58.33	288	323
UniRef90_I3JH99	56.64	288	311
UniRef90_UPI00042AAF8A	74.82	288	302
UniRef90_F1R4T9	55.94	288	314
UniRef90_UPI000643FA32	55.24	288	316
UniRef90_W5MC70	59.79	288	320
UniRef90_W5UMK7	56.29	288	316
UniRef90_F6RT24	50.52	288	319
UniRef90_UPI0005773266	55.59	288	315
UniRef90_A0A087XTB2	53.31	288	319
UniRef90_M4AIV6	55.59	288	315
UniRef90_UPI000575F5C0	55.94	288	307
UniRef90_S4RE00	55.40	288	319
UniRef90_Q32NX0	51.22	288	311
UniRef90_A0A099ZJT8	62.68	288	276
UniRef90_UPI000440BE9E	56.49	288	310
UniRef90_UPI0006B18661	57.49	288	315
UniRef90_V9KMY2	60.07	288	318
UniRef90_W5UCB8	58.95	288	314
UniRef90_S7P2V4	76.34	288	279
UniRef90_B5XC50	51.22	288	317
UniRef90_UPI0004954774	58.39	288	305
UniRef90_H3BHD7	55.75	288	313
UniRef90_UPI00064414B0	54.70	288	312
UniRef90_W5N7W5	54.55	288	316
UniRef90_UPI000644762F	56.94	288	314
UniRef90_UPI00049703CE	49.48	288	320
UniRef90_A0A093HFL9	63.18	288	278
UniRef90_A0A060VX46	55.24	288	307
UniRef90_H2M108	55.32	288	318
UniRef90_H2UTZ8	49.48	288	326
UniRef90_H2V9Q2	58.74	288	313
UniRef90_H2MFS4	54.90	288	309
UniRef90_UPI000577DCAB	49.48	288	316
UniRef90_UPI00054B8A87	48.78	288	344
UniRef90_H2LF27	50.52	288	322
UniRef90_B5X6J2	55.24	288	309
UniRef90_G3N5Z5	55.05	288	287
UniRef90_W5LDG5	57.45	288	312
UniRef90_H3DH05	46.88	288	328
UniRef90_UPI00054D2628	50.52	288	321
UniRef90_W5LDG2	56.43	288	352
UniRef90_UPI0004964DFD	54.08	288	357
UniRef90_W5NDC7	53.66	288	316
UniRef90_A7RUK5	45.36	288	324
UniRef90_H2ZYJ2	57.34	288	314
UniRef90_I3KDL2	50.17	288	321
UniRef90_C1BL01	54.61	288	384
UniRef90_V9KL83	53.85	288	326
UniRef90_G3NSW2	47.57	288	324
UniRef90_L5LLA2	72.98	288	278
UniRef90_W5KDJ5	47.74	288	319
UniRef90_T1DRQ4	42.52	288	392
UniRef90_W5JUI2	42.18	288	364
UniRef90_C3Z748	49.83	288	318
UniRef90_UPI0006B837E9	54.20	288	288
UniRef90_A7SPT7	48.62	288	314
UniRef90_A0A084WA72	42.86	288	379
UniRef90_UPI000643FCF2	49.65	288	290
UniRef90_UPI000495C945	48.08	288	389
UniRef90_Q08CS3	48.78	288	331
UniRef90_UPI00054C3C92	51.21	288	305
UniRef90_Q17PM0	42.86	288	376
UniRef90_M4AP32	48.78	288	317
UniRef90_L5JTJ2	73.48	288	272
UniRef90_Q7Q531	41.36	288	377
UniRef90_UPI000644E5EB	48.78	288	321
UniRef90_K7J848	42.66	288	328
UniRef90_A0A0F8C1U6	56.29	288	726
UniRef90_A0A0F8C1U6	56.25	288	726
UniRef90_UPI0006B2F1BD	50.52	288	318
UniRef90_UPI0001CBC07D	49.12	288	324
UniRef90_A0A0C9RQL8	42.03	288	368
UniRef90_C3Z747	49.13	288	298
UniRef90_A0A067R906	45.05	288	318
UniRef90_L7M012	45.21	288	312
UniRef90_UPI0006B087E4	44.37	288	322
UniRef90_UPI0006265DD7	39.25	288	338
UniRef90_E9GSD7	45.89	288	340
UniRef90_UPI0001CBC107	47.55	288	314
UniRef90_A0A0K8RNE9	44.52	288	357
UniRef90_UPI0006299F6B	41.64	288	312
UniRef90_T1PC71	43.34	288	381
UniRef90_U5EYI6	37.80	288	371
UniRef90_UPI0004CD843A	44.41	288	333
UniRef90_UPI00067387BB	41.98	288	387
UniRef90_T1DJR8	41.79	288	317
UniRef90_UPI0005ABD669	42.18	288	351
UniRef90_A0A0A1WFF4	42.52	288	389
UniRef90_F4QE72	42.27	288	335
UniRef90_UPI0006B7AC6B	43.54	288	395
UniRef90_UPI0006231828	39.59	288	742
UniRef90_UPI0003DF511B	41.98	288	617
UniRef90_UPI000643F180	50.53	288	283
UniRef90_UPI0005F50475	39.59	288	330
UniRef90_W8B2C3	42.18	288	378
UniRef90_UPI0003DF65D9	41.98	288	648
UniRef90_UPI0005ED7BD5	38.91	288	337
UniRef90_UPI0006C9D160	39.93	288	327
UniRef90_A8HVE0	40.00	288	379
UniRef90_UPI0005D32C20	39.25	288	329
UniRef90_UPI00059C6539	40.96	288	748
UniRef90_E9IPM1	38.16	288	342
UniRef90_E2BIR5	37.88	288	344
UniRef90_UPI0002C3091E	34.93	288	388
UniRef90_E2A6W8	40.82	288	349
UniRef90_T2M871	44.86	288	319
UniRef90_A0A034VBS1	42.18	288	395
UniRef90_A0A059BPA1	34.25	288	394
UniRef90_G1NF82	61.48	288	245
UniRef90_F4W5X6	39.93	288	341
UniRef90_F0ZHZ6	45.36	288	314
UniRef90_A0A0L0DW46	44.10	288	320
UniRef90_UPI0006B2037F	64.24	288	272
UniRef90_M5WN15	34.25	288	388
UniRef90_H3D7X7	53.98	288	316
UniRef90_F6H1W5	35.27	288	384
UniRef90_A0A068UCM8	35.27	288	397
UniRef90_UPI0004985A1D	52.10	288	307
UniRef90_UPI00022C8D4D	40.75	288	328
UniRef90_A0A061F8R2	33.90	288	388
UniRef90_D3TRZ8	39.46	288	377
UniRef90_UPI00069643EA	43.71	288	322
UniRef90_UPI00059792C9	42.18	288	576
UniRef90_UPI00059792C9	23.98	288	576
UniRef90_I1M2Y6	34.93	288	342
UniRef90_UPI000333AC20	74.09	288	280
UniRef90_UPI00063F4B63	39.25	288	330
UniRef90_UPI00032A87AC	34.13	288	343
UniRef90_UPI0006449737	42.07	288	327
UniRef90_D3B9G2	40.00	288	321
UniRef90_UPI000498FD11	36.64	288	387
UniRef90_UPI0006C9B2CA	40.27	288	326
UniRef90_A0A026WG72	37.72	288	685
UniRef90_J3JYZ0	38.10	288	331
UniRef90_B9SEV4	34.25	288	388
UniRef90_A0A067LFK5	34.59	288	385
UniRef90_B9I428	34.59	288	411
UniRef90_UPI00021A7747	40.21	288	322
UniRef90_A0A067R8Q9	41.38	288	317
UniRef90_UPI0002B4126B	42.01	288	331
UniRef90_A0A0D2R113	33.90	288	386
UniRef90_I3T794	33.56	288	342
UniRef90_G7ITD9	35.15	288	341
UniRef90_A0A0D3ARI6	33.56	288	344
UniRef90_A0A0N0BKL4	39.93	288	293
UniRef90_UPI00057B0174	34.59	288	407
UniRef90_UPI00042CE3B5	64.79	288	272
UniRef90_UPI00065BFF50	43.06	288	312
UniRef90_F2TXM0	41.95	288	332
UniRef90_G7ITE1	34.13	288	340
UniRef90_B3SDN1	43.01	288	285
UniRef90_Q54LN4	41.92	288	317
UniRef90_V5GM31	40.69	288	351
UniRef90_A0A0L0CCZ4	41.98	288	817
UniRef90_A0A0L0CCZ4	31.71	288	817
UniRef90_D8TI61	40.54	288	331
UniRef90_UPI00052EBCDE	35.62	288	384
UniRef90_V4TQG6	34.93	288	380
UniRef90_A9T172	38.13	288	304
UniRef90_Q9SYL6	34.59	288	348
UniRef90_UPI0004E55198	33.90	288	394
UniRef90_UPI0005816D5A	34.25	288	390
UniRef90_UPI000258D924	38.70	288	331
UniRef90_UPI0006744545	46.15	288	314
UniRef90_UPI000526638A	32.53	288	360
UniRef90_UPI00053CA69C	35.27	288	405
UniRef90_V7BYA5	32.53	288	342
UniRef90_UPI00067DF167	39.80	288	344
UniRef90_F4PRW6	44.18	288	615
UniRef90_F4PRW6	43.30	288	615
UniRef90_UPI000579D7AA	33.56	288	363
UniRef90_B0WIK1	40.82	288	362
UniRef90_A0A023EMF2	42.97	288	283
UniRef90_V4M7Y9	35.27	288	355
UniRef90_UPI0005C35BE9	48.12	288	320
UniRef90_S9WPB2	67.94	288	376
UniRef90_A0A087UJD0	40.41	288	315
UniRef90_E0VGS7	39.38	288	320
UniRef90_B4J0B5	38.83	288	380
UniRef90_UPI000676248F	38.05	288	388
UniRef90_UPI0001925D5B	42.56	288	339
UniRef90_H9JQA6	37.63	288	332
UniRef90_UPI0002657B50	39.79	288	308
UniRef90_Q54HL4	43.40	288	347
UniRef90_UPI00067E00DF	39.39	288	337
UniRef90_UPI00052F4085	32.30	288	346
UniRef90_X5HY53	35.27	288	343
UniRef90_M4F1W1	35.62	288	344
UniRef90_B4KW53	37.11	288	371
UniRef90_A0A0K9S2Q3	33.33	288	356
UniRef90_UPI000626C8AF	39.93	288	340
UniRef90_A0A087HJE9	35.27	288	352
UniRef90_M0TBX1	34.71	288	360
UniRef90_A0A087HJE8	34.59	288	336
UniRef90_D6WG39	38.28	288	314
UniRef90_I0YRJ2	39.33	288	345
UniRef90_C5Z191	32.53	288	342
UniRef90_A0A0L7R4R6	40.56	288	307
UniRef90_V3Z0S8	43.40	288	319
UniRef90_A0A075F2G1	32.53	288	342
UniRef90_R4G3H7	36.86	288	319
UniRef90_O65355	32.88	288	347
UniRef90_F6XZT6	85.83	288	245
UniRef90_F0WJZ5	38.64	288	313
UniRef90_A7RUK6	45.67	288	302
UniRef90_A0A087HJE7	34.25	288	326
UniRef90_K3Z7L8	33.22	288	346
UniRef90_B3M8Q2	38.01	288	372
UniRef90_UPI0006415F58	40.61	288	326
UniRef90_D8S5X6	40.40	288	330
UniRef90_B4LHY4	38.01	288	374
UniRef90_Q8IQM9	37.67	288	373
UniRef90_A0A072VAF3	33.11	288	340
UniRef90_I1HHK2	34.13	288	333
UniRef90_A0A0D3D1M3	34.98	288	625
UniRef90_UPI000551909D	56.77	288	333
UniRef90_S8C6S1	34.93	288	351
UniRef90_J3M8X0	34.25	288	320
UniRef90_A0A0J8CI91	33.56	288	376
UniRef90_F2DDL5	32.76	288	336
UniRef90_C5Z190	31.27	288	344
UniRef90_W4Z272	43.10	288	309
UniRef90_UPI0003DE860D	40.62	288	723
UniRef90_A0A0A9EYE6	33.11	288	344
UniRef90_Q75II5	34.47	288	337
UniRef90_UPI00051B58A2	33.11	288	340
UniRef90_E1Z265	36.89	288	386
UniRef90_UPI00058131D2	34.28	288	326
UniRef90_A0A024GIG4	37.50	288	313
UniRef90_UPI00053A2C2E	32.19	288	368
UniRef90_A9TUW1	36.95	288	294
UniRef90_UPI000641314A	34.59	288	337
UniRef90_UPI0003AFC0B1	52.63	288	563
UniRef90_UPI000497404D	44.76	288	275
UniRef90_A0A0M4EZ64	36.30	288	381
UniRef90_E1ZFW6	35.22	288	369
UniRef90_W1NUK7	33.22	288	372
UniRef90_Q29EM3	39.25	288	374
UniRef90_A0A0K8TKA1	40.00	288	284
UniRef90_A9NPK6	35.96	288	334
UniRef90_M4C4I3	38.57	288	320
UniRef90_C4WV96	40.00	288	314
UniRef90_B2Z9Y5	31.51	288	344
UniRef90_UPI0005D026AA	100.00	288	271
UniRef90_A0A022QNM8	35.71	288	333
UniRef90_A0A0D2LIN0	34.88	288	358
UniRef90_B2Z9Y4	32.42	288	337
UniRef90_W9SIZ0	34.25	288	401
UniRef90_UPI000511E040	32.37	288	376
UniRef90_A0A0D2K8P3	36.25	288	395
UniRef90_R7TI73	40.64	288	287
UniRef90_UPI00064CE7CE	51.05	288	269
UniRef90_H3GLE7	37.20	288	318
UniRef90_K3WYU7	37.84	288	325
UniRef90_A0A0A0L398	34.93	288	375
UniRef90_D2VWH0	40.70	288	287
UniRef90_UPI00065BFA6D	42.71	288	344
UniRef90_A0A087SB93	37.41	288	360
UniRef90_B4MN79	35.96	288	373
UniRef90_B2Z9Y3	30.82	288	340
UniRef90_C4WV95	38.64	288	314
UniRef90_D2V7A7	41.00	288	301
UniRef90_L8H1Q0	34.46	288	326
UniRef90_A0A0D2WWA8	40.41	288	314
UniRef90_A0A022QEC2	36.55	288	393
UniRef90_Q9ZV85	34.78	288	352
UniRef90_P93164	30.38	288	342
UniRef90_R4G898	38.06	288	309
UniRef90_J9JQ91	37.63	288	314
UniRef90_A0A0K2U1H6	36.95	288	324
UniRef90_A0A059LKR4	38.63	288	323
UniRef90_M4F1V9	32.78	288	343
UniRef90_A0A087SS88	36.21	288	379
UniRef90_A8I683	35.55	288	395
UniRef90_Q4RPT8	39.51	288	414
UniRef90_T0QGJ2	36.52	288	335
UniRef90_A0A061RTZ5	34.33	288	347
UniRef90_T1D663	36.59	288	287
UniRef90_L1J5Y8	34.71	288	334
UniRef90_G1MIG1	77.45	288	234
UniRef90_UPI0005C8CDDF	35.46	288	397
UniRef90_L8H401	35.81	288	327
UniRef90_UPI0005D0BF5F	36.78	288	272
UniRef90_V4KBY9	29.02	288	371
UniRef90_A0A0A7CLY1	39.38	288	322
UniRef90_D2VVF7	38.03	288	317
UniRef90_A0A061F9N9	29.90	288	358
UniRef90_UPI0006B2F576	51.68	288	300
UniRef90_UPI0006B2F576	46.23	288	300
UniRef90_A0A0K2U284	35.84	288	312
UniRef90_D8U6J5	34.88	288	397
UniRef90_UPI0006D5021B	38.23	288	360
UniRef90_UPI0006AB5A3D	43.21	288	293
UniRef90_A0A0L0GCL9	36.14	288	309
UniRef90_UPI0003D77496	68.29	288	234
UniRef90_A0A0A7CND3	39.25	288	320
UniRef90_B3M8Q0	31.09	288	328
UniRef90_UPI0006D4EC51	34.81	288	306
UniRef90_L8GKY1	34.38	288	354
UniRef90_A0A0L0D5G5	35.62	288	347
UniRef90_A0A0G4EYA8	35.48	288	445
UniRef90_A7SS46	35.85	288	276
UniRef90_F1A4P5	36.64	288	293
UniRef90_B4MWW7	29.97	288	328
UniRef90_R4G7S8	35.52	288	315
UniRef90_W4WSN4	38.74	288	278
UniRef90_UPI0002659C28	33.79	288	295
UniRef90_A9VAD8	46.01	288	365
UniRef90_D2I413	77.66	288	198
UniRef90_I0ZAW2	38.91	288	324
UniRef90_A0A0M4EJ07	30.36	288	319
UniRef90_R0IFA1	35.20	288	302
UniRef90_G7ITE2	31.06	288	311
UniRef90_V7BWY5	30.95	288	346
UniRef90_A0A059LNU4	34.09	288	376
UniRef90_A0A022QIF7	32.76	288	333
UniRef90_I0YLT1	33.11	288	369
UniRef90_C5Z189	30.90	288	388
UniRef90_UPI000497170E	46.69	288	245
UniRef90_UPI000510F614	59.41	288	210
UniRef90_T1JIA3	44.12	288	294
UniRef90_UPI000440DF2D	56.22	288	340
UniRef90_Q9VV00	27.24	288	345
UniRef90_V4VRI4	32.00	288	321
UniRef90_T1K6V3	37.36	288	284
UniRef90_B4PHM6	27.56	288	346
UniRef90_A0A0A0L214	31.06	288	355
UniRef90_UPI00019260FE	34.24	288	353
UniRef90_A7RKK4	35.40	288	357
UniRef90_A7RKP9	32.20	288	316
UniRef90_C1BRE6	36.18	288	313
UniRef90_A0A0G4IWF4	32.88	288	330
UniRef90_W7TNW9	36.36	288	431
UniRef90_A0A0D2VML9	34.93	288	323
UniRef90_A0A0K8UUF1	40.73	288	300
UniRef90_A0A024UPG6	34.24	288	343
UniRef90_A0A0A9YST9	37.20	288	324
UniRef90_A0A022QFC6	35.89	288	330
UniRef90_I1EKL9	46.93	288	228
UniRef90_A0A0L0G3K5	37.55	288	302
UniRef90_UPI0003C19B1F	56.10	288	380
UniRef90_T1KX37	34.46	288	325
UniRef90_UPI0003C351A6	31.23	288	339
UniRef90_B3NI70	27.24	288	338
UniRef90_A0A024URD8	34.46	288	352
UniRef90_UPI0006CF0935	32.19	288	367
UniRef90_M1AA80	30.71	288	307
UniRef90_UPI000532EE06	29.45	288	307
UniRef90_W4GNP2	33.90	288	347
UniRef90_B4KW52	29.64	288	333
UniRef90_Q29EM2	29.03	288	319
UniRef90_A0A0M0KPU5	33.33	288	621
UniRef90_B4DVI2	100.00	288	205
UniRef90_A0A024UPS0	34.56	288	351
UniRef90_A0A024TFU2	33.56	288	354
UniRef90_UPI0004AB71E3	35.16	288	377
UniRef90_UPI0004AB71E3	38.26	288	377
UniRef90_R4WUD5	34.66	288	293
UniRef90_R4WUA6	34.65	288	275
UniRef90_UPI0006746CB3	44.54	288	311
UniRef90_A0A067CBA9	34.01	288	353
UniRef90_A0A085MHU7	37.93	288	345
UniRef90_W4GAR9	33.89	288	353
UniRef90_C3Z745	42.63	288	252
UniRef90_D3TMZ6	31.91	288	326
UniRef90_B4J0B7	29.62	288	332
UniRef90_R4WCN9	31.42	288	333
UniRef90_UPI0006450DF2	50.00	288	253
UniRef90_I1F6U9	42.74	288	248
UniRef90_W4GMP3	35.38	288	349
UniRef90_A9SLE6	32.86	288	367
UniRef90_W4GML8	31.25	288	352
UniRef90_A0A0A0KZI0	30.14	288	348
UniRef90_A9RSX4	31.16	288	274
UniRef90_J9HVM5	29.01	288	334
UniRef90_A0A0L9UJW5	25.71	288	406
UniRef90_Q237L9	32.65	288	396
UniRef90_J9EWQ6	30.38	288	334
UniRef90_A0A0L0G839	33.44	288	345
UniRef90_F1A4P6	42.74	288	267
UniRef90_A0A024UPV3	34.94	288	348
UniRef90_A0A0A1XRN7	28.09	288	302
UniRef90_B4LHY6	24.92	288	357
UniRef90_E9HXS3	39.53	288	305
UniRef90_UPI0006CF1215	31.84	288	268
UniRef90_A0A067DLE2	33.18	288	278
UniRef90_Q238Z5	36.39	288	337
UniRef90_Q22CN1	30.33	288	336
UniRef90_W5A2U3	34.31	288	267
UniRef90_U5GT06	34.55	288	322
UniRef90_UPI0005D2EC0E	25.77	288	331
UniRef90_A0A085M160	28.67	288	529
UniRef90_A0A077ZGE4	36.01	288	304
UniRef90_A0A034WPA3	27.80	288	297
UniRef90_A0A0D2KDN3	40.99	288	252
UniRef90_A0A088AQX4	32.88	288	255
UniRef90_UPI0006D4E0E8	29.37	288	322
UniRef90_T1GAR8	36.55	288	276
UniRef90_W8BZQ1	29.11	288	300
UniRef90_I1F6V0	46.04	288	205
UniRef90_UPI0006B7D642	28.33	288	305
UniRef90_A0A060Z3S1	51.43	288	210
UniRef90_A0A0E9X9E6	57.07	288	212
UniRef90_UPI0003F0C916	47.03	288	272
UniRef90_A0A0A9YYP9	30.34	288	341
UniRef90_F2UJ27	30.45	288	275
UniRef90_UPI0003F08AAC	42.03	288	207
UniRef90_UPI00054B5331	56.47	288	203
UniRef90_UPI0006412CC3	34.69	288	278
UniRef90_A0A077ZD59	27.40	288	355
UniRef90_A0A0N5E522	30.89	288	279
UniRef90_R0GE72	31.82	288	276
UniRef90_Q22AT8	29.05	288	381
UniRef90_A0A078A8U4	28.93	288	334
UniRef90_D7FRS5	29.19	288	379
UniRef90_A0DGF9	29.79	288	325
UniRef90_C1EC66	32.03	288	256
UniRef90_A0A061F969	33.17	288	292
UniRef90_B5Y4A0	34.00	288	284
UniRef90_A0C5Z6	28.90	288	341
UniRef90_A9V742	33.62	288	1953
UniRef90_A0CAC1	29.33	288	341
UniRef90_V4U0I5	34.18	288	265
UniRef90_N1QZX6	30.98	288	279
UniRef90_A0A0B7AG90	40.38	288	223
