UniRef90_Q8N5H5	100.00	182	236
UniRef90_U6DRQ4	99.45	182	431
UniRef90_F6Q684	100.00	182	601
UniRef90_F1SMG3	99.45	182	778
UniRef90_Q8C9V5	97.80	182	721
UniRef90_L8Y4M1	99.45	182	898
UniRef90_G3QRV0	100.00	182	1022
UniRef90_UPI00029D9493	100.00	182	1053
UniRef90_Q13423	100.00	182	1086
UniRef90_UPI00065FEB38	98.90	182	1009
UniRef90_Q8BGK0	97.80	182	835
UniRef90_L5KLG3	99.45	182	1111
UniRef90_A0A091E6T1	98.90	182	1136
UniRef90_UPI0003C89161	98.35	182	1054
UniRef90_L5LIR0	98.35	182	1124
UniRef90_A0A0E9X7P7	89.01	182	255
UniRef90_UPI000523B0C7	95.05	182	800
UniRef90_A0A093EW31	95.05	182	824
UniRef90_A0A087VPM1	95.05	182	828
UniRef90_E1C6A1	95.60	182	1086
UniRef90_A0A0G1ZLK9	89.01	182	628
UniRef90_UPI000440A024	90.66	182	868
UniRef90_C0PUI8	86.81	182	607
UniRef90_A0A0F7Z5T3	91.71	182	1086
UniRef90_Q66J07	92.86	182	1086
UniRef90_V8PG50	91.71	182	1007
UniRef90_W5N3B2	90.66	182	1086
UniRef90_V8NK46	79.90	182	487
UniRef90_G3PX85	88.46	182	791
UniRef90_H9GMQ6	90.66	182	1082
UniRef90_A0A0F8AVH1	89.56	182	1007
UniRef90_M3ZN65	90.11	182	1087
UniRef90_H2V288	89.01	182	1071
UniRef90_H2SYB4	90.06	182	1089
UniRef90_V9KGY3	88.33	182	744
UniRef90_UPI0004441CF2	88.40	182	857
UniRef90_Q6NYQ7	89.50	182	1079
UniRef90_UPI000497E837	89.01	182	1076
UniRef90_W5LC41	90.16	182	1091
UniRef90_G3PZ05	89.56	182	1084
UniRef90_K7FLH5	88.95	182	1083
UniRef90_W5N6D3	88.95	182	1080
UniRef90_V9K7H0	89.01	182	1085
UniRef90_A0A060X964	89.01	182	1088
UniRef90_UPI0005770A2E	86.26	182	1080
UniRef90_UPI0005536F0C	88.46	182	1087
UniRef90_V9KA01	88.33	182	1081
UniRef90_UPI0006441F71	87.85	182	1078
UniRef90_F6X3Y2	87.29	182	1036
UniRef90_Q4SJ60	89.89	182	1091
UniRef90_UPI0006446727	87.29	182	1086
UniRef90_H3B486	86.81	182	1089
UniRef90_A0A0G2CE31	81.59	182	1318
UniRef90_F7H9Y5	88.04	182	1092
UniRef90_H2ZIS4	82.42	182	662
UniRef90_A0A0K8TMI5	81.32	182	404
UniRef90_V5GHX5	81.67	182	181
UniRef90_A0A023FLL0	81.87	182	421
UniRef90_I1FZU4	85.08	182	1077
UniRef90_H2ZIS6	82.42	182	776
UniRef90_O96789	80.00	182	390
UniRef90_T1JNF6	84.53	182	1081
UniRef90_H2ZIS3	84.27	182	1036
UniRef90_F6YN07	83.24	182	1029
UniRef90_UPI0006B0DB93	81.87	182	1075
UniRef90_E0VR86	81.32	182	1068
UniRef90_L7LSB9	83.43	182	1111
UniRef90_W4YRG7	81.67	182	1075
UniRef90_UPI0001CBB5AB	84.36	182	1070
UniRef90_C3YQ60	79.01	182	1047
UniRef90_UPI00052F0AA0	91.45	182	156
UniRef90_W5JVG0	80.66	182	1067
UniRef90_K1QU53	81.77	182	1269
UniRef90_A0A067QXG1	80.66	182	1098
UniRef90_UPI00065BCE0E	79.01	182	1067
UniRef90_A0A0B7BKQ0	78.45	182	1070
UniRef90_E9GAE5	78.45	182	1066
UniRef90_U5ESM1	81.22	182	1066
UniRef90_A0A087UCJ2	81.22	182	1073
UniRef90_UPI0006979216	79.78	182	1071
UniRef90_B7PCD1	79.12	182	1079
UniRef90_A0A0L8H5S2	81.71	182	1004
UniRef90_B0W8J7	79.01	182	1065
UniRef90_T1HWS5	78.02	182	999
UniRef90_D6WMM8	82.12	182	1064
UniRef90_A0A0A9ZAR2	80.00	182	1059
UniRef90_W8FSN6	77.84	182	444
UniRef90_UPI0006D4DAFA	79.01	182	1056
UniRef90_V3ZYD3	78.45	182	1067
UniRef90_UPI0006CEFAA1	77.90	182	1057
UniRef90_V5HVJ9	80.00	182	1064
UniRef90_UPI000673EA2E	76.80	182	1014
UniRef90_T2MDQ1	76.11	182	1077
UniRef90_UPI0006785043	80.00	182	1047
UniRef90_UPI00034FE5E2	78.29	182	1047
UniRef90_UPI0005D08C75	77.14	182	790
UniRef90_UPI0006764BEF	78.86	182	967
UniRef90_H9JDA5	78.29	182	1113
UniRef90_UPI0005D05275	77.71	182	1015
UniRef90_A0CWD3	74.30	182	1051
UniRef90_E5S180	74.19	182	1064
UniRef90_A7SEI9	75.98	182	1005
UniRef90_R7US16	74.44	182	1071
UniRef90_H2ZIS5	80.12	182	1037
UniRef90_F6YZQ8	94.12	182	139
UniRef90_G6DK62	77.14	182	1045
UniRef90_F1KS31	74.01	182	1075
UniRef90_A0A068XI65	73.74	182	1078
UniRef90_U1M969	74.01	182	1084
UniRef90_A0A0N4V677	73.45	182	969
UniRef90_A0A0K2SZ35	73.74	182	1051
UniRef90_T1EFU7	72.38	182	1077
UniRef90_W6UI55	71.35	182	752
UniRef90_J9JS99	71.51	182	1047
UniRef90_A0A068Y5L2	72.47	182	1078
UniRef90_A0A074ZLV8	74.12	182	1109
UniRef90_W2TIL1	70.39	182	392
UniRef90_A0A0B2UZS1	77.44	182	1241
UniRef90_A0A077Z4N4	72.93	182	1084
UniRef90_UPI000549A9B8	98.40	182	142
UniRef90_L8GX44	72.88	182	1092
UniRef90_UPI0006451C4D	69.10	182	1128
UniRef90_G4VN23	72.93	182	1090
UniRef90_N6TBT2	70.53	182	1050
UniRef90_A0A0D6MC34	68.51	182	438
UniRef90_U6PHQ6	71.51	182	1042
UniRef90_X6P244	73.14	182	1046
UniRef90_A0A0D2WQP0	69.49	182	1181
UniRef90_F0XVJ6	69.66	182	1040
UniRef90_A0A0N4XES8	72.29	182	406
UniRef90_UPI0003808ED2	65.56	182	472
UniRef90_A0A085N4Z7	71.82	182	1122
UniRef90_A0A0B1TTU9	71.19	182	979
UniRef90_H3FHD9	76.05	182	1327
UniRef90_K0T7M6	67.60	182	526
UniRef90_A0A016TCY8	69.66	182	1045
UniRef90_L8AID7	65.17	182	480
UniRef90_A0A0N4UGB8	67.21	182	624
UniRef90_L1K0E8	68.33	182	1032
UniRef90_A0A0D8L6I5	66.47	182	463
UniRef90_A8JCP5	66.10	182	1094
UniRef90_F4PT19	65.17	182	1154
UniRef90_UPI00067B53F3	98.40	182	1105
UniRef90_A0A0E5SMW8	64.33	182	220
UniRef90_A0A087SMW3	67.22	182	1256
UniRef90_A0A0H8BYN1	64.71	182	175
UniRef90_A0A090RLQ6	64.37	182	319
UniRef90_I3U7N9	61.24	182	202
UniRef90_A0A0H6LWK1	64.16	182	182
UniRef90_A0A0D6KP95	63.84	182	480
UniRef90_W9G547	67.26	182	458
UniRef90_K9XN71	64.41	182	477
UniRef90_F9Q944	67.25	182	475
UniRef90_UPI00067F6058	64.16	182	458
UniRef90_C8N7D1	64.57	182	489
UniRef90_A0A0F5ZUW5	64.37	182	461
UniRef90_D8TQ42	64.41	182	1093
UniRef90_UPI000382285B	63.84	182	462
UniRef90_A4NYH3	65.34	182	337
UniRef90_A0A0A3B8E5	66.67	182	457
UniRef90_Q18031	68.54	182	1041
UniRef90_A0A0D8XDD1	64.71	182	762
UniRef90_UPI0004BFF27D	66.67	182	460
UniRef90_G9ZI39	64.57	182	488
UniRef90_UPI00035D9650	63.74	182	483
UniRef90_UPI0007031340	64.94	182	474
UniRef90_K2JY58	64.74	182	458
UniRef90_G4CNT3	63.07	182	462
UniRef90_D7N0V3	63.07	182	461
UniRef90_A0A0A0C4G8	64.57	182	469
UniRef90_V1ID58	64.33	182	356
UniRef90_A0A059LIK7	65.71	182	323
UniRef90_D8MRS8	66.47	182	462
UniRef90_U3ADA2	65.29	182	464
UniRef90_F7YRV3	66.08	182	458
UniRef90_Q55F30	64.80	182	1163
UniRef90_B7K881	63.64	182	481
UniRef90_U9VZX3	60.34	182	474
UniRef90_R8APD0	65.29	182	458
UniRef90_F2BD80	62.50	182	461
UniRef90_A0A0F2HYX6	64.91	182	464
UniRef90_A0A0F0ETS2	66.07	182	462
UniRef90_W9GTM2	66.07	182	476
UniRef90_A0A090QJ04	63.58	182	465
UniRef90_K9YIB8	64.20	182	476
UniRef90_A8XKT5	70.59	182	1089
UniRef90_A0A0M0JTM5	67.43	182	1067
UniRef90_UPI0002E5E6D2	65.29	182	461
UniRef90_K9T6L9	62.71	182	479
UniRef90_B8C9R3	65.36	182	1071
UniRef90_A0A0J8YLJ0	65.88	182	462
UniRef90_A0A097AXK2	64.91	182	458
UniRef90_UPI00054ECE88	65.29	182	430
UniRef90_UPI0003710767	64.20	182	484
UniRef90_D1BBH0	64.94	182	472
UniRef90_A0A0D3L423	97.54	182	894
UniRef90_A0A0A2Y353	64.91	182	457
UniRef90_A0A0A0BQS0	66.67	182	467
UniRef90_UPI0004938B56	61.02	182	462
UniRef90_P43010	65.34	182	474
UniRef90_A0A0H6CWE0	64.16	182	340
UniRef90_A0A0M0K3Y1	64.94	182	1297
UniRef90_H2G0E2	65.48	182	458
UniRef90_F1A395	63.89	182	1160
UniRef90_UPI000693D4AF	66.67	182	477
UniRef90_UPI00050A035C	61.36	182	461
UniRef90_A0A077DBA8	60.34	182	487
UniRef90_UPI0006B22817	95.16	182	1135
UniRef90_G6FSQ5	60.89	182	494
UniRef90_Q8EAZ6	65.29	182	469
UniRef90_A0A0D6AIA7	64.20	182	480
UniRef90_A0A087C4H9	64.33	182	463
UniRef90_A0A0G4FAC9	66.11	182	1109
UniRef90_B4ETT1	65.29	182	462
UniRef90_D0I5F6	63.22	182	461
UniRef90_H2ILC8	64.33	182	458
UniRef90_I2B9X1	63.58	182	462
UniRef90_V1D6Y3	65.29	182	494
UniRef90_U2AAZ3	61.71	182	469
UniRef90_F7NW28	64.74	182	459
UniRef90_W0PBG8	61.36	182	463
UniRef90_UPI0004414FD1	66.48	182	1079
UniRef90_A0A0B9H5W1	64.33	182	458
UniRef90_A0A0F7LTT2	64.71	182	462
UniRef90_M4R6K6	65.48	182	467
UniRef90_H5UQ98	66.07	182	477
UniRef90_Q65T80	64.91	182	475
UniRef90_UPI00047ADA4C	62.07	182	485
UniRef90_UPI000368CA5C	64.29	182	462
UniRef90_UPI0002EF1064	63.89	182	482
UniRef90_UPI00040CDB7A	64.16	182	460
UniRef90_B7GC36	66.48	182	1060
UniRef90_A0A0A1AYZ3	63.01	182	462
UniRef90_UPI00054EF820	64.71	182	459
UniRef90_A3TIJ7	63.58	182	460
UniRef90_B6XHV9	65.29	182	463
UniRef90_I0QV77	64.71	182	463
UniRef90_D0Z2G5	64.71	182	458
UniRef90_P0AB69	64.71	182	462
UniRef90_UPI0003655800	61.02	182	468
UniRef90_U4K6I7	61.58	182	464
UniRef90_A1S9I7	64.12	182	494
UniRef90_A0A0J6DKS0	62.71	182	465
UniRef90_UPI00036546CA	67.26	182	480
UniRef90_F8A792	63.28	182	464
UniRef90_UPI00045EA1FB	64.94	182	472
UniRef90_M3UTZ6	66.07	182	479
UniRef90_A0A067MJ21	66.48	182	1085
UniRef90_D1BV24	66.07	182	468
UniRef90_UPI0004E0CF64	63.28	182	508
UniRef90_L8MCI3	61.02	182	474
UniRef90_L8LKI0	60.45	182	481
UniRef90_F4GYM6	64.88	182	460
UniRef90_L7LA76	66.07	182	484
UniRef90_V8C9Y2	63.43	182	507
UniRef90_UPI000372A9F1	66.07	182	480
UniRef90_K9Z689	63.07	182	479
UniRef90_UPI0006FB465C	63.22	182	476
UniRef90_C6CHM4	64.12	182	457
UniRef90_A0A083ZDL2	63.79	182	462
UniRef90_E6S837	64.88	182	456
UniRef90_A0A0F3LVR8	64.29	182	462
UniRef90_UPI0005A677DD	62.15	182	458
UniRef90_A3N0K1	64.33	182	482
UniRef90_A0A0A0BP47	62.22	182	469
UniRef90_UPI000560575C	61.02	182	473
UniRef90_A5L7T5	64.71	182	465
UniRef90_Q12QQ8	62.64	182	494
UniRef90_E4PGQ5	62.64	182	294
UniRef90_A0A074JEU4	62.64	182	491
UniRef90_UPI0002556289	63.69	182	502
UniRef90_I0WZE9	59.22	182	471
UniRef90_F4XWV3	61.36	182	487
UniRef90_A0A0G3CQE5	65.48	182	468
UniRef90_Q82QU2	62.57	182	488
UniRef90_UPI0003658A41	61.80	182	478
UniRef90_A0A077M1W9	62.50	182	464
UniRef90_A0A0H4GEQ8	64.29	182	482
UniRef90_A0A0M7BD79	63.22	182	486
UniRef90_E0UDU9	63.07	182	483
UniRef90_Q1ZVN4	64.67	182	458
UniRef90_A0A081N4N6	64.12	182	465
UniRef90_Q6D537	64.12	182	462
UniRef90_A0A086Y7S4	63.22	182	479
UniRef90_Q5DZZ1	63.53	182	458
UniRef90_D0Z815	63.53	182	463
UniRef90_J9Q4I5	88.52	182	129
UniRef90_D2SFV1	62.50	182	468
UniRef90_A0A0M2Q2C5	61.36	182	480
UniRef90_A0A0D8M4I7	64.67	182	458
UniRef90_UPI00047E82F2	62.86	182	470
UniRef90_D5UK71	62.79	182	463
UniRef90_W7X5M7	67.10	182	163
UniRef90_UPI0006F91D7A	63.10	182	462
UniRef90_UPI0003651565	61.80	182	477
UniRef90_UPI00053991CA	61.93	182	487
UniRef90_A0A0F2GA90	65.48	182	482
UniRef90_UPI00056999BA	61.63	182	464
UniRef90_A0A0F5F8R6	63.16	182	462
UniRef90_UPI0004B8E420	63.58	182	479
UniRef90_D5UQL3	63.58	182	473
UniRef90_UPI0007031977	63.10	182	461
UniRef90_UPI0004898645	63.10	182	482
UniRef90_UPI0006FC30DE	63.16	182	463
UniRef90_UPI0002557D13	61.80	182	472
UniRef90_A0A0M2K6T2	62.57	182	462
UniRef90_UPI0007024144	64.88	182	474
UniRef90_C4LBW5	62.94	182	498
UniRef90_A6GBN1	61.85	182	482
UniRef90_U7GD31	60.67	182	477
UniRef90_J5SKW5	66.47	182	435
UniRef90_UPI0005A7F225	61.93	182	486
UniRef90_F6FPM9	63.10	182	460
UniRef90_E1SE31	62.57	182	462
UniRef90_UPI000349B905	60.45	182	472
UniRef90_A0A0M0STS6	61.80	182	484
UniRef90_A0A021VLM8	63.84	182	466
UniRef90_UPI00070399C1	63.69	182	470
UniRef90_A0A087E7D0	61.85	182	461
UniRef90_A0A090J510	63.53	182	465
UniRef90_A4SHQ6	63.53	182	494
UniRef90_Q7N4Z2	63.10	182	462
UniRef90_UPI00030CADB2	66.87	182	471
UniRef90_A0A017HS36	62.36	182	473
UniRef90_D3F8B3	63.69	182	482
UniRef90_UPI0003197F06	62.43	182	469
UniRef90_A0A0M2ZE29	62.71	182	481
UniRef90_UPI0003FE8403	61.85	182	459
UniRef90_UPI00042A6468	62.07	182	481
UniRef90_UPI00048E210C	61.40	182	460
UniRef90_G4TIA9	64.25	182	1099
UniRef90_C8XBM3	62.35	182	480
UniRef90_E4N0Q5	63.10	182	476
UniRef90_A0A094PT67	63.58	182	446
UniRef90_UPI00039443D3	63.53	182	460
UniRef90_E6KY21	63.69	182	474
UniRef90_Q07Y83	63.53	182	494
UniRef90_A0A081MZS7	61.93	182	464
UniRef90_UPI0006F7D2DE	64.16	182	482
UniRef90_UPI0006FE1BBB	64.29	182	473
UniRef90_UPI0006889B7D	63.01	182	477
UniRef90_A0A0M4Q4N7	60.11	182	469
UniRef90_UPI000684F45F	61.93	182	467
UniRef90_UPI0005654539	61.40	182	495
UniRef90_UPI000411237F	64.29	182	457
UniRef90_UPI0003648A7D	63.43	182	460
UniRef90_UPI0003B67893	64.63	182	468
UniRef90_A0A099KNQ1	63.69	182	458
UniRef90_A0A0M2KA76	63.22	182	474
UniRef90_C5BYC9	63.31	182	472
UniRef90_UPI0003B4BF9B	62.64	182	477
UniRef90_E6JD62	61.93	182	473
UniRef90_L7ZMK3	62.94	182	464
UniRef90_B0CDX5	59.32	182	474
UniRef90_A0A0C3BP91	66.09	182	1073
UniRef90_X7FAX6	62.50	182	477
UniRef90_A0A0B3S0C3	61.24	182	481
UniRef90_S5XZ44	62.64	182	510
UniRef90_UPI0006FCDE43	63.01	182	462
UniRef90_UPI00037CC979	64.07	182	473
UniRef90_K1DWJ9	63.01	182	482
UniRef90_Q0SD62	64.29	182	472
UniRef90_UPI0006D5723F	61.76	182	475
UniRef90_UPI00037639C7	60.92	182	472
UniRef90_UPI00040C5248	60.67	182	480
UniRef90_M1FFJ9	60.92	182	457
UniRef90_UPI0002DAE3F2	60.45	182	482
UniRef90_D5APA9	60.00	182	478
UniRef90_UPI00067C61AD	62.64	182	481
UniRef90_V5FHV9	62.35	182	459
UniRef90_Q2SHR4	63.53	182	458
UniRef90_UPI0003676703	64.16	182	496
UniRef90_UPI000362F7E7	61.24	182	479
UniRef90_A3JC80	60.92	182	464
UniRef90_A0A068VV89	64.12	182	470
UniRef90_A0A076MYK0	62.94	182	487
UniRef90_H5WVP7	64.12	182	472
UniRef90_A0A0A6P6E2	67.52	182	468
UniRef90_UPI00061881FF	64.71	182	954
UniRef90_A0A099GHI1	62.64	182	469
UniRef90_UPI00056CF9EF	59.32	182	469
UniRef90_E3BKG7	62.35	182	458
UniRef90_UPI000568BCBB	60.34	182	488
UniRef90_E2S898	63.58	182	468
UniRef90_A0A066XZ29	60.11	182	477
UniRef90_R7Y2C7	64.29	182	479
UniRef90_A4G217	64.29	182	470
UniRef90_UPI00056269E3	62.43	182	468
UniRef90_A0A0E9L6H6	66.03	182	174
UniRef90_A0A0F2G252	63.10	182	466
UniRef90_G0QJG1	64.16	182	1046
UniRef90_UPI00040F0B20	62.64	182	477
UniRef90_A0A077MBJ5	62.07	182	475
UniRef90_A0A0F4RNY1	61.24	182	475
UniRef90_A0A058ZNK3	61.24	182	481
UniRef90_A0A011UVE3	67.31	182	480
UniRef90_A0A011QAW7	63.41	182	312
UniRef90_W7U3Y9	62.22	182	798
UniRef90_UPI0003C7E6B1	62.50	182	462
UniRef90_F9Y7B2	60.34	182	474
UniRef90_C9Z6B2	63.10	182	476
UniRef90_UPI0005A984A6	60.57	182	468
UniRef90_D6ESY0	60.00	182	486
UniRef90_D2U0L4	63.53	182	462
UniRef90_A1SDC1	63.69	182	471
UniRef90_UPI000420887A	61.31	182	492
UniRef90_M4U9U1	64.71	182	457
UniRef90_I0H842	64.29	182	482
UniRef90_A0A080LTC6	66.67	182	347
UniRef90_UPI000262CA6B	60.11	182	457
UniRef90_UPI00055B51DB	60.82	182	487
UniRef90_A0A0M6XUK0	60.11	182	512
UniRef90_A0A0F4NLX4	61.85	182	458
UniRef90_A0A017HAB9	60.11	182	499
UniRef90_UPI0004181A2E	67.95	182	466
UniRef90_K6W8D4	63.69	182	495
UniRef90_UPI00048F5669	62.07	182	477
UniRef90_UPI000565D054	59.65	182	484
UniRef90_A0A0F5VBX9	63.10	182	459
UniRef90_Q484K0	63.10	182	469
UniRef90_A0A059IM58	61.85	182	477
UniRef90_UPI000490FB60	62.29	182	484
UniRef90_A0A0B7FAA4	63.33	182	1089
UniRef90_Q603N6	63.53	182	465
UniRef90_V5X6S4	63.22	182	473
UniRef90_G6YSP5	62.07	182	463
UniRef90_UPI0004840385	61.80	182	499
UniRef90_UPI0006463CD6	60.80	182	477
UniRef90_C8RY51	62.07	182	477
UniRef90_A8GEZ5	62.35	182	464
UniRef90_UPI00056C713F	60.82	182	488
UniRef90_A0A068R5L4	61.76	182	467
UniRef90_W6K2U4	63.58	182	468
UniRef90_UPI0006FC98C0	64.88	182	474
UniRef90_Q6W1J8	61.49	182	481
UniRef90_UPI0004689665	62.94	182	494
UniRef90_A3SH46	59.55	182	476
UniRef90_A0A0B5I7W7	63.69	182	472
UniRef90_B6BF65	61.49	182	476
UniRef90_UPI0006549BB6	60.23	182	470
UniRef90_G7H694	63.69	182	479
UniRef90_B6BB62	59.78	182	478
UniRef90_R9PFQ6	61.49	182	465
UniRef90_UPI000395A359	63.64	182	471
UniRef90_A0A0F5AMV9	61.18	182	458
UniRef90_W0HXQ3	61.76	182	462
UniRef90_A0A099F7R2	62.07	182	479
UniRef90_A0A0J5QG32	60.67	182	477
UniRef90_A0A0L0ISU3	61.49	182	477
UniRef90_A0A022XAK7	63.79	182	464
UniRef90_A0A0N1NWS4	66.10	182	1066
UniRef90_G8PVV7	60.45	182	477
UniRef90_A0A0D8D0S6	63.69	182	467
UniRef90_A0A023ATN3	63.79	182	464
UniRef90_UPI00047CEF81	63.16	182	469
UniRef90_UPI0005EB346F	65.03	182	465
UniRef90_UPI00042A04E7	62.43	182	461
UniRef90_R1BXY2	62.03	182	836
UniRef90_UPI0004C35622	62.07	182	472
UniRef90_A0A069HW41	62.07	182	477
UniRef90_F9T013	61.18	182	458
UniRef90_UPI00047EB8D5	63.31	182	472
UniRef90_UPI0004C021D0	61.27	182	484
UniRef90_F2J4T0	60.92	182	477
UniRef90_A0A086MJ09	60.92	182	476
UniRef90_Q3J1C3	62.43	182	482
UniRef90_A0A0K1F709	63.10	182	464
UniRef90_UPI00048C6400	60.92	182	481
UniRef90_UPI0003144E0C	61.85	182	468
UniRef90_A0A062VR40	63.10	182	467
UniRef90_A0A081E9P4	61.80	182	472
UniRef90_UPI000377CCA3	61.49	182	477
UniRef90_UPI000661025E	59.66	182	542
UniRef90_UPI0004677026	60.11	182	477
UniRef90_A0A0F9FNU3	59.09	182	282
UniRef90_UPI000490C6F5	62.43	182	472
UniRef90_UPI00057C6609	61.63	182	472
UniRef90_K2QYW6	60.92	182	500
UniRef90_Q2W3E8	67.31	182	469
UniRef90_UPI00057E2346	62.50	182	321
UniRef90_M5FZD6	64.25	182	1063
UniRef90_A0A094LV24	62.94	182	494
UniRef90_K2AGD1	60.92	182	477
UniRef90_Q0FJI6	61.58	182	475
UniRef90_A0A0N0LB46	62.29	182	477
UniRef90_A0A086Y1N6	57.78	182	479
UniRef90_A0A0A6UAA6	63.69	182	479
UniRef90_A0A0C2BT69	67.95	182	474
UniRef90_UPI0004AD4705	64.29	182	458
UniRef90_UPI0003B2FC24	62.64	182	463
UniRef90_A0A0E9M3W2	62.72	182	474
UniRef90_A6FVQ6	59.89	182	494
UniRef90_UPI000557B516	62.07	182	489
UniRef90_A8LIC2	62.07	182	498
UniRef90_U4U2R7	64.12	182	948
UniRef90_D7FQ93	63.13	182	1166
UniRef90_A4ENC3	60.11	182	505
UniRef90_UPI000374CBFE	61.76	182	457
UniRef90_A0A037XPZ3	60.92	182	307
UniRef90_UPI000695B665	61.90	182	473
UniRef90_A0A0D8L6I5	64.97	182	463
UniRef90_A0A0A2Y353	62.36	182	457
UniRef90_A0A0E5SMW8	62.15	182	220
UniRef90_A0A0H6CWE0	62.71	182	340
UniRef90_V1ID58	62.15	182	356
UniRef90_A4NYH3	63.28	182	337
UniRef90_A0A0A3B8E5	64.41	182	457
UniRef90_A0A0H8BYN1	63.22	182	175
UniRef90_A0A0H6LWK1	62.71	182	182
UniRef90_Q8N5H5	100.00	182	236
UniRef90_P43010	63.28	182	474
UniRef90_A3N0K1	61.45	182	482
UniRef90_A0A090RLQ6	64.37	182	319
UniRef90_I2B9X1	62.15	182	462
UniRef90_UPI00067F6058	62.71	182	458
UniRef90_UPI00054ECE88	63.28	182	430
UniRef90_P0AB69	62.15	182	462
UniRef90_U6DRQ4	99.45	182	431
UniRef90_M4R6K6	63.22	182	467
UniRef90_D0Z2G5	62.15	182	458
UniRef90_C6CHM4	62.64	182	457
UniRef90_A0A0F4NLX4	60.45	182	458
UniRef90_F9Q944	64.61	182	475
UniRef90_UPI000368CA5C	61.58	182	462
UniRef90_D8MRS8	64.94	182	462
UniRef90_H2ILC8	62.15	182	458
UniRef90_E3BKG7	59.89	182	458
UniRef90_UPI00040CDB7A	62.71	182	460
UniRef90_A0A0H4GEQ8	60.67	182	482
UniRef90_A0A0A1AYZ3	61.58	182	462
UniRef90_Q65T80	62.36	182	475
UniRef90_R8APD0	63.28	182	458
UniRef90_UPI00054EF820	62.71	182	459
UniRef90_U3ADA2	62.71	182	464
UniRef90_A0A090QJ04	62.15	182	465
UniRef90_A0A0J8YLJ0	63.84	182	462
UniRef90_F7YRV3	64.94	182	458
UniRef90_A0A0F5ZUW5	64.37	182	461
UniRef90_F6Q684	100.00	182	601
UniRef90_I3U7N9	61.24	182	202
UniRef90_A0A097AXK2	63.43	182	458
UniRef90_E6KY21	61.14	182	474
UniRef90_A0A0D8M4I7	61.58	182	458
UniRef90_UPI0002E5E6D2	63.79	182	461
UniRef90_D0I5F6	63.22	182	461
UniRef90_UPI0005A677DD	62.15	182	458
UniRef90_L7ZMK3	60.34	182	464
UniRef90_Q8EAZ6	63.79	182	469
UniRef90_Q1ZVN4	61.58	182	458
UniRef90_A5L7T5	62.15	182	465
UniRef90_A0A0F2HYX6	63.79	182	464
UniRef90_V1D6Y3	63.28	182	494
UniRef90_UPI000693D4AF	64.74	182	477
UniRef90_Q5DZZ1	61.02	182	458
UniRef90_F9T013	59.43	182	458
UniRef90_UPI0003FE8403	60.45	182	459
UniRef90_A0A0B9H5W1	62.15	182	458
UniRef90_A0A0E9X7P7	89.01	182	255
UniRef90_Q7N4Z2	60.92	182	462
UniRef90_V5FHV9	59.89	182	459
UniRef90_UPI0006FCDE43	60.92	182	462
UniRef90_B4ETT1	63.79	182	462
UniRef90_UPI0007031340	64.94	182	474
UniRef90_A1S9I7	62.15	182	494
UniRef90_A0A077DBA8	60.34	182	487
UniRef90_A0A0G3CQE5	62.71	182	468
UniRef90_K2JY58	63.28	182	458
UniRef90_E1SE31	60.45	182	462
UniRef90_A3TIJ7	61.49	182	460
UniRef90_G4CNT3	62.57	182	462
UniRef90_Q6D537	62.15	182	462
UniRef90_UPI0004B8E420	61.14	182	479
UniRef90_W0HXQ3	59.22	182	462
UniRef90_A0A0F7LTT2	63.22	182	462
UniRef90_UPI00037639C7	60.92	182	472
UniRef90_B6XHV9	63.28	182	463
UniRef90_A0A093EW31	95.05	182	824
UniRef90_I0QV77	63.22	182	463
UniRef90_H5UQ98	63.79	182	477
UniRef90_A0A068R5L4	60.34	182	467
UniRef90_Q8C9V5	97.80	182	721
UniRef90_A0A087VPM1	95.05	182	828
UniRef90_E4N0Q5	59.89	182	476
UniRef90_A0A0M2K6T2	61.14	182	462
UniRef90_UPI00053991CA	59.89	182	487
UniRef90_D0Z815	62.07	182	463
UniRef90_A0A0F3LVR8	62.79	182	462
UniRef90_A4SHQ6	62.07	182	494
UniRef90_W0PBG8	61.36	182	463
UniRef90_A8GEZ5	60.11	182	464
UniRef90_U4K6I7	61.58	182	464
UniRef90_UPI000523B0C7	95.05	182	800
UniRef90_UPI00056CF9EF	59.32	182	469
UniRef90_A0A0M4Q4N7	60.11	182	469
UniRef90_K9T6L9	62.01	182	479
UniRef90_F1SMG3	99.45	182	778
UniRef90_UPI00039443D3	61.02	182	460
UniRef90_A0A0F5F8R6	61.02	182	462
UniRef90_UPI0006F91D7A	60.92	182	462
UniRef90_G7H694	62.07	182	479
UniRef90_Q6LIV5	59.89	182	458
UniRef90_A1SDC1	60.80	182	471
UniRef90_A0A0K8TMI5	81.32	182	404
UniRef90_Q12QQ8	62.64	182	494
UniRef90_D2U0L4	61.71	182	462
UniRef90_W9G547	64.94	182	458
UniRef90_F7NW28	63.28	182	459
UniRef90_UPI00041C128C	59.20	182	462
UniRef90_V8C9Y2	63.43	182	507
UniRef90_D7N0V3	62.57	182	461
UniRef90_R7Y2C7	62.07	182	479
UniRef90_UPI00036546CA	64.57	182	480
UniRef90_I0WZE9	59.22	182	471
UniRef90_Q8BGK0	97.80	182	835
UniRef90_V5GHX5	81.67	182	181
UniRef90_A0A094LV24	61.02	182	494
UniRef90_A0A0F5VBX9	60.45	182	459
UniRef90_UPI0004E0CF64	63.28	182	508
UniRef90_W6K2U4	61.49	182	468
UniRef90_UPI00070399C1	61.49	182	470
UniRef90_UPI0004689665	61.02	182	494
UniRef90_C9P6N1	59.89	182	458
UniRef90_W9GTM2	63.79	182	476
UniRef90_A0A0M2KA76	63.22	182	474
UniRef90_UPI0006D10167	59.89	182	478
UniRef90_L7LA76	64.37	182	484
UniRef90_A0A0M2ZE29	62.71	182	481
UniRef90_A0A0F2GA90	63.79	182	482
UniRef90_V5X6S4	63.22	182	473
UniRef90_Q82QU2	60.11	182	488
UniRef90_UPI0002DD5193	60.45	182	465
UniRef90_C8N7D1	64.04	182	489
UniRef90_H2G0E2	62.71	182	458
UniRef90_UPI0007031977	60.92	182	461
UniRef90_D5UQL3	61.71	182	473
UniRef90_UPI000490FB60	62.29	182	484
UniRef90_M3UTZ6	63.79	182	479
UniRef90_UPI00042A04E7	60.34	182	461
UniRef90_UPI00056C713F	57.78	182	488
UniRef90_E6JD62	60.89	182	473
UniRef90_UPI0003B67893	61.49	182	468
UniRef90_UPI000420887A	57.87	182	492
UniRef90_UPI0003710767	64.20	182	484
UniRef90_A0A023FLL0	81.87	182	421
UniRef90_H2ZIS4	82.42	182	662
UniRef90_C4LBW5	61.02	182	498
UniRef90_UPI000372A9F1	63.43	182	480
UniRef90_E2S898	60.92	182	468
UniRef90_L8AID7	65.17	182	480
UniRef90_UPI0007024144	62.64	182	474
UniRef90_UPI00065FEB38	98.90	182	1009
UniRef90_A0A076MYK0	61.49	182	487
UniRef90_UPI0006F7D2DE	61.58	182	482
UniRef90_G9ZI39	64.57	182	488
UniRef90_UPI000565D054	57.63	182	484
UniRef90_K9XN71	64.04	182	477
UniRef90_UPI0005654539	58.33	182	495
UniRef90_D2SFV1	60.00	182	468
UniRef90_UPI0003C7E6B1	60.34	182	462
UniRef90_UPI00040FF6C4	58.10	182	473
UniRef90_UPI00029D9493	100.00	182	1053
UniRef90_A0A0F0ETS2	63.79	182	462
UniRef90_A0A096APG2	58.66	182	460
UniRef90_K1DWJ9	60.92	182	482
UniRef90_UPI0005A7F225	59.55	182	486
UniRef90_UPI0004C1A49D	57.30	182	479
UniRef90_UPI0006F622F4	58.19	182	469
UniRef90_Q07Y83	62.07	182	494
UniRef90_F5Z1D2	60.34	182	473
UniRef90_UPI0004C7EA9A	57.14	182	463
UniRef90_H0QTD3	60.92	182	475
UniRef90_A0A0F2G252	60.92	182	466
UniRef90_UPI0004C45FAE	59.77	182	468
UniRef90_A0A083ZDL2	63.43	182	462
UniRef90_F8A792	63.28	182	464
UniRef90_L8Y4M1	99.45	182	898
UniRef90_F2BD80	62.01	182	461
UniRef90_G3QRV0	100.00	182	1022
UniRef90_A0A077M1W9	60.34	182	464
UniRef90_UPI00050A035C	60.89	182	461
UniRef90_UPI00061881FF	63.22	182	954
UniRef90_UPI0006FB465C	63.22	182	476
UniRef90_A0QZQ2	61.49	182	479
UniRef90_UPI00047B88AC	59.77	182	473
UniRef90_A0A0D1LFD2	62.07	182	476
UniRef90_C9Z6B2	60.57	182	476
UniRef90_K6W8D4	61.14	182	495
UniRef90_D1BBH0	64.57	182	472
UniRef90_H2ZIS6	82.42	182	776
UniRef90_UPI0004C5A6BC	57.22	182	490
UniRef90_E6S837	62.64	182	456
UniRef90_N0E335	60.34	182	481
UniRef90_Q13423	100.00	182	1086
UniRef90_UPI00047CEF81	60.67	182	469
UniRef90_UPI0003197F06	60.00	182	469
UniRef90_UPI00035D9650	61.80	182	483
UniRef90_R9PFQ6	61.14	182	465
UniRef90_E1C6A1	95.60	182	1086
UniRef90_UPI0003144E0C	59.77	182	468
UniRef90_Q0SD62	62.07	182	472
UniRef90_A0A0A6P6E2	61.27	182	468
UniRef90_A0A0A6UAA6	61.02	182	479
UniRef90_A0A0G1ZLK9	89.01	182	628
UniRef90_UPI000684F45F	59.89	182	467
UniRef90_A0A022LPL4	58.66	182	474
UniRef90_D1BV24	63.43	182	468
UniRef90_UPI0004173146	59.77	182	470
UniRef90_UPI00063C505E	59.43	182	468
UniRef90_K6X5T2	60.34	182	469
UniRef90_I1FZU4	85.08	182	1077
UniRef90_UPI0006FC30DE	61.71	182	463
UniRef90_L5LIR0	98.35	182	1124
UniRef90_UPI0004BFF27D	64.37	182	460
UniRef90_F5RI60	59.22	182	472
UniRef90_UPI0004C021D0	58.52	182	484
UniRef90_D3F8B3	61.49	182	482
UniRef90_A0A0L6CKN7	59.20	182	463
UniRef90_UPI0003676703	61.36	182	496
UniRef90_B5HPQ2	57.06	182	488
UniRef90_A0A0A0C4G8	64.20	182	469
UniRef90_UPI0006FE1BBB	62.07	182	473
UniRef90_UPI0003655800	61.02	182	468
UniRef90_D9V1H0	60.34	182	472
UniRef90_A0A0F5AMV9	59.77	182	458
UniRef90_A0A017HS36	62.36	182	473
UniRef90_A0A066XZ29	59.43	182	477
UniRef90_UPI000440A024	90.66	182	868
UniRef90_UPI0003651565	61.80	182	477
UniRef90_F9Y7B2	60.34	182	474
UniRef90_UPI00055B51DB	58.76	182	487
UniRef90_A0A0J6XEM7	58.05	182	487
UniRef90_L5KLG3	99.45	182	1111
UniRef90_A0A037XPZ3	59.55	182	307
UniRef90_D6ESY0	57.63	182	486
UniRef90_A0A062VR40	60.57	182	467
UniRef90_UPI000557B516	60.34	182	489
UniRef90_UPI00042A6468	60.67	182	481
UniRef90_UPI0004AD4705	61.71	182	458
UniRef90_H5WVP7	62.36	182	472
UniRef90_A0A077MBJ5	62.07	182	475
UniRef90_D6WMM8	80.77	182	1064
UniRef90_UPI00056269E3	59.77	182	468
UniRef90_F4GYM6	63.22	182	460
UniRef90_UPI0003808ED2	65.56	182	472
UniRef90_UPI0002556289	61.02	182	502
UniRef90_UPI0003648A7D	61.02	182	460
UniRef90_A0A058ZNK3	60.89	182	481
UniRef90_Q603N6	61.93	182	465
UniRef90_UPI00048E210C	60.00	182	460
UniRef90_UPI00056A3CF6	61.49	182	473
UniRef90_Q2W3E8	60.23	182	469
UniRef90_UPI0006FE27E8	58.62	182	473
UniRef90_V8PG50	91.71	182	1007
UniRef90_UPI000262CA6B	59.78	182	457
UniRef90_UPI00031975A0	62.07	182	464
UniRef90_UPI0002557D13	61.80	182	472
UniRef90_UPI0003C89161	98.35	182	1054
UniRef90_UPI000401EB2F	58.86	182	474
UniRef90_UPI0004898645	60.92	182	482
UniRef90_UPI0002EF1064	62.71	182	482
UniRef90_A3SH46	59.55	182	476
UniRef90_UPI0006549BB6	60.23	182	470
UniRef90_UPI000395A359	59.55	182	471
UniRef90_UPI00041E19E2	59.20	182	468
UniRef90_T2MDQ1	76.11	182	1077
UniRef90_UPI000654A763	61.14	182	468
UniRef90_UPI0006D5723F	60.34	182	475
UniRef90_L2TT94	58.76	182	477
UniRef90_UPI0005F85EF8	55.93	182	492
UniRef90_UPI0006FC98C0	61.93	182	474
UniRef90_E4PGQ5	62.64	182	294
UniRef90_A0A0B5I7W7	61.49	182	472
UniRef90_UPI0004181A2E	61.36	182	466
UniRef90_K9Z689	62.01	182	479
UniRef90_A0A0F0LL72	59.89	182	465
UniRef90_B7K881	63.64	182	481
UniRef90_G6FSQ5	61.58	182	494
UniRef90_A0A0F7Z5T3	91.71	182	1086
UniRef90_A0A091E6T1	98.90	182	1136
UniRef90_UPI00037A0068	59.89	182	514
UniRef90_UPI000702F561	58.43	182	471
UniRef90_A0A0C1XCM8	59.20	182	468
UniRef90_A0A094PT67	60.45	182	446
UniRef90_G2FI23	58.29	182	441
UniRef90_A0A080KDC1	59.32	182	276
UniRef90_UPI0004B1E775	58.62	182	470
UniRef90_A0A017HAB9	60.11	182	499
UniRef90_UPI00040C5248	60.67	182	480
UniRef90_UPI00030CADB2	62.36	182	471
UniRef90_A0A085BVT8	60.11	182	477
UniRef90_U7GD31	60.67	182	477
UniRef90_UPI0004840385	61.80	182	499
UniRef90_UPI0004C35622	61.71	182	472
UniRef90_B6BB62	59.78	182	478
UniRef90_UPI00047E82F2	62.50	182	470
UniRef90_UPI0007026F79	59.09	182	462
UniRef90_D5UK71	62.07	182	463
UniRef90_A0A0M9GL91	58.66	182	480
UniRef90_UPI000702BD38	59.20	182	465
UniRef90_I0R378	59.32	182	465
UniRef90_G6YSP5	62.07	182	463
UniRef90_A0A099GHI1	61.24	182	469
UniRef90_UPI00057C6609	61.63	182	472
UniRef90_A0A0M2Q2C5	61.36	182	480
UniRef90_UPI0004640512	58.89	182	471
UniRef90_A0A0A0BQS0	62.92	182	467
UniRef90_L8LKI0	59.44	182	481
UniRef90_Q66J07	92.86	182	1086
UniRef90_A0A0L0ISU3	59.78	182	477
UniRef90_Q484K0	60.92	182	469
UniRef90_UPI0003658A41	61.80	182	478
UniRef90_A0A0D8D0S6	61.49	182	467
UniRef90_W5LC41	90.16	182	1091
UniRef90_S5XZ44	61.24	182	510
UniRef90_I7EN34	59.22	182	477
UniRef90_UPI0003F9345B	61.14	182	480
UniRef90_UPI00036FDDDB	60.34	182	467
UniRef90_UPI0004C2DB88	59.77	182	467
UniRef90_A0A081K6S4	59.77	182	466
UniRef90_M3ZN65	90.11	182	1087
UniRef90_UPI00057E2346	62.50	182	321
UniRef90_UPI00048F5669	60.34	182	477
UniRef90_A0A0M8V0T7	61.49	182	476
UniRef90_UPI000360F7A1	61.24	182	473
UniRef90_UPI00031493D1	60.00	182	483
UniRef90_UPI000382285B	63.48	182	462
UniRef90_UPI00045EA1FB	64.20	182	472
UniRef90_A0A099KNQ1	61.49	182	458
UniRef90_C0PUI8	86.81	182	607
UniRef90_Q2SHR4	62.07	182	458
UniRef90_B9JSX2	58.66	182	477
UniRef90_A0A0M7BD79	61.80	182	486
UniRef90_UPI0004A3E2F5	60.57	182	470
UniRef90_UPI0003F599D9	58.05	182	467
UniRef90_F4XWV3	61.02	182	487
UniRef90_A0A0J6DKS0	62.07	182	465
UniRef90_A0A074JEU4	61.24	182	491
UniRef90_UPI000411237F	61.71	182	457
UniRef90_W7J708	56.50	182	470
UniRef90_UPI0004E151F9	58.05	182	468
UniRef90_UPI0004441CF2	88.40	182	857
UniRef90_UPI0006889B7D	61.58	182	477
UniRef90_A0A069HW41	60.67	182	477
UniRef90_UPI0006F99026	58.62	182	466
UniRef90_UPI000428D28F	57.63	182	477
UniRef90_UPI0004938B56	61.02	182	462
UniRef90_X6L4I8	60.45	182	477
UniRef90_UPI00047EB8D5	60.80	182	472
UniRef90_B6BF65	60.11	182	476
UniRef90_W5N3B2	90.66	182	1086
UniRef90_A0A0F4RNY1	61.24	182	475
UniRef90_A0A0K1F709	60.92	182	464
UniRef90_UPI00052E4D2E	57.47	182	472
UniRef90_H2ZIS3	84.27	182	1036
UniRef90_F6YN07	82.78	182	1029
UniRef90_U2AAZ3	61.36	182	469
UniRef90_A0A0D6AIA7	63.69	182	480
UniRef90_UPI00040F0B20	61.24	182	477
UniRef90_B7PCD1	79.12	182	1079
UniRef90_E0UDU9	62.01	182	483
UniRef90_A0A011UVE3	62.13	182	480
UniRef90_D4ZJ20	58.62	182	466
UniRef90_A3U460	60.67	182	496
UniRef90_UPI000594E9A4	60.34	182	475
UniRef90_H2SYB4	90.06	182	1089
UniRef90_A0A076PIA3	59.22	182	471
UniRef90_A0A0L8H5S2	79.44	182	1004
UniRef90_A3X7P1	58.66	182	477
UniRef90_A8FU45	59.43	182	466
UniRef90_Q6NYQ7	89.50	182	1079
UniRef90_UPI000490C6F5	60.34	182	472
UniRef90_A0A0L1JRH5	59.32	182	505
UniRef90_O96789	80.00	182	390
UniRef90_A0A0D6KP95	63.84	182	480
UniRef90_UPI0006B0DB93	81.87	182	1075
UniRef90_H4FAP1	58.10	182	479
UniRef90_A0A0L6T9J6	59.78	182	471
UniRef90_F7U6E0	59.78	182	481
UniRef90_A0A087C4H9	61.80	182	463
UniRef90_A0A060X964	89.01	182	1088
UniRef90_K2QYW6	59.22	182	500
UniRef90_F2AII2	59.78	182	477
UniRef90_G3PX85	88.46	182	791
UniRef90_H3B486	86.81	182	1089
UniRef90_L7LSB9	83.43	182	1111
UniRef90_A0A086Y1N6	58.10	182	479
UniRef90_A1SSF4	58.43	182	458
UniRef90_E0VR86	81.32	182	1068
UniRef90_X7FAX6	62.50	182	477
UniRef90_UPI00056999BA	60.57	182	464
UniRef90_A0A081E9P4	60.57	182	472
UniRef90_A3VI60	60.11	182	491
UniRef90_F2J4T0	59.22	182	477
UniRef90_A0A0M6YI18	59.55	182	493
UniRef90_UPI0006DC32AF	59.22	182	473
UniRef90_UPI0005536F0C	88.46	182	1087
UniRef90_I0H842	63.16	182	482
UniRef90_A0A0N0D945	58.43	182	477
UniRef90_A0A011QAW7	60.00	182	312
UniRef90_Q0FJI6	61.58	182	475
UniRef90_U9VZX3	60.34	182	474
UniRef90_Q28M64	60.11	182	502
UniRef90_UPI000362F7E7	61.24	182	479
UniRef90_UPI00057957D6	59.22	182	477
UniRef90_K9YIB8	63.13	182	476
UniRef90_UPI000377CCA3	59.78	182	477
UniRef90_W8FSN6	78.29	182	444
UniRef90_A0A0M6XUK0	60.11	182	512
UniRef90_A0A068VV89	61.80	182	470
UniRef90_V9KGY3	87.36	182	744
UniRef90_UPI0005793663	58.66	182	477
UniRef90_X7EKE8	60.80	182	499
UniRef90_A0A021VLM8	62.50	182	466
UniRef90_K2HS13	59.55	182	494
UniRef90_A0A099F7R2	60.89	182	479
UniRef90_A0A011P5R5	58.66	182	472
UniRef90_U5N696	59.43	182	470
UniRef90_UPI000374CBFE	59.89	182	457
UniRef90_N6V6Y3	60.11	182	477
UniRef90_A0A0F2CB01	60.45	182	465
UniRef90_A0A0F8AVH1	89.56	182	1007
UniRef90_A0A090J510	61.58	182	465
UniRef90_A0A0B3S0C3	60.89	182	481
UniRef90_UPI00036895AA	58.33	182	470
UniRef90_UPI0003F94F6E	57.95	182	498
UniRef90_UPI000497E837	89.01	182	1076
UniRef90_UPI0004677026	59.78	182	477
UniRef90_E2CHS5	59.22	182	477
UniRef90_A0A0M8U5D0	57.06	182	492
UniRef90_F3KSB5	57.39	182	469
UniRef90_A4G217	60.89	182	470
UniRef90_UPI0005EB346F	60.92	182	465
UniRef90_UPI0006F1CEC0	60.34	182	461
UniRef90_A0A081MZS7	61.49	182	464
UniRef90_UPI0006463CD6	60.80	182	477
UniRef90_E9GAE5	78.45	182	1066
UniRef90_A3V7N9	60.11	182	477
UniRef90_F6FPM9	60.57	182	460
UniRef90_UPI0006F57FCD	59.89	182	463
UniRef90_E8TW83	59.55	182	470
UniRef90_A0A0A0BP47	61.80	182	469
UniRef90_K1QU53	81.77	182	1269
UniRef90_G8MAA0	60.23	182	465
UniRef90_A0A0B1YQA5	58.52	182	333
UniRef90_UPI000560575C	60.44	182	473
UniRef90_H9GMQ6	90.66	182	1082
UniRef90_UPI0006E29B59	58.05	182	473
UniRef90_W4YRG7	81.67	182	1075
UniRef90_M9R2V1	58.10	182	477
UniRef90_A0A0J7XPX2	61.02	182	483
UniRef90_A0A0C2BT69	60.00	182	474
UniRef90_D5APA9	60.00	182	478
UniRef90_A0A086MJ09	59.55	182	476
UniRef90_UPI0003B42706	57.06	182	463
UniRef90_H2V288	89.01	182	1071
UniRef90_G3PZ05	89.56	182	1084
UniRef90_A0A0E9M3W2	59.89	182	474
UniRef90_H6RND1	58.62	182	468
UniRef90_Q0F939	57.54	182	459
UniRef90_A0A095UND4	59.55	182	471
UniRef90_A0A0F9FNU3	59.09	182	282
UniRef90_V9K7H0	89.01	182	1085
UniRef90_G8SLF9	60.12	182	472
UniRef90_A0A0N0LB46	60.56	182	477
UniRef90_W5N6D3	88.95	182	1080
UniRef90_A0A0B5E6P4	59.55	182	477
UniRef90_A0A086Y7S4	61.45	182	479
UniRef90_Q1GIS6	58.43	182	477
UniRef90_UPI00037FF398	60.45	182	479
UniRef90_U4U2R7	62.64	182	948
UniRef90_A0A0J5QG32	60.34	182	477
UniRef90_C7D8J9	57.87	182	477
UniRef90_A0A061SV66	58.99	182	477
UniRef90_UPI0003B4BF9B	61.24	182	477
UniRef90_A0A0A0EH96	60.11	182	477
UniRef90_A0A0M0STS6	60.45	182	484
UniRef90_UPI0003829B93	58.19	182	458
UniRef90_A4ENC3	60.11	182	505
UniRef90_UPI000567F286	58.62	182	464
UniRef90_UPI0003F731F5	61.49	182	456
UniRef90_Q4SJ60	89.89	182	1091
UniRef90_UPI000695B665	59.77	182	473
UniRef90_A9E376	58.43	182	477
UniRef90_T1HWS5	78.02	182	999
UniRef90_A0A0B4C1R1	59.22	182	498
UniRef90_K7FLH5	88.95	182	1083
UniRef90_UPI000648DE67	57.87	182	457
UniRef90_A0A0L8AR76	59.55	182	472
UniRef90_A0A084CNA1	55.93	182	459
UniRef90_UPI0005A984A6	60.23	182	468
UniRef90_UPI00048C6400	59.22	182	481
UniRef90_K0VU87	61.14	182	477
UniRef90_A0A0M2HKJ2	59.55	182	476
UniRef90_UPI00047ADA4C	62.07	182	485
UniRef90_A0A059IM58	60.45	182	477
UniRef90_A3JT56	58.10	182	479
UniRef90_UPI0006F8D485	59.66	182	463
UniRef90_S9QPC9	60.45	182	477
UniRef90_A0A014MFA7	59.66	182	469
UniRef90_Q3J1C3	60.67	182	482
