UniRef90_P09030	100.00	268	268
UniRef90_P0A1B0	92.51	268	268
UniRef90_A0A0J8VMV3	88.76	268	268
UniRef90_A0A0F1A2J1	88.76	268	268
UniRef90_J1Q832	88.76	268	268
UniRef90_E3GAK5	89.51	268	268
UniRef90_A0A0B7GC24	91.39	268	301
UniRef90_W7PGL0	88.76	268	268
UniRef90_A0A085H1D8	89.47	268	269
UniRef90_A0A0L0AMY0	89.51	268	268
UniRef90_A4W9J4	88.76	268	268
UniRef90_H5UYT2	89.14	268	268
UniRef90_A0A090V7N1	88.35	268	268
UniRef90_D2ZBA8	88.76	268	354
UniRef90_R9VJR0	88.01	268	268
UniRef90_A0A089PNA6	87.27	268	268
UniRef90_K8B7E6	86.84	268	268
UniRef90_UPI000367BDEB	86.84	268	268
UniRef90_A0A085GXZ6	86.89	268	267
UniRef90_A0A0M3F1S6	86.47	268	268
UniRef90_J1GFZ3	84.33	268	268
UniRef90_UPI00036A6864	84.27	268	268
UniRef90_I2BA78	83.83	268	268
UniRef90_UPI0004633B94	84.64	268	268
UniRef90_A0A014N360	84.96	268	268
UniRef90_A0A0E9BK18	83.83	268	268
UniRef90_UPI00054FBF30	84.59	268	269
UniRef90_UPI0004680FF4	84.21	268	268
UniRef90_A0A071LWZ0	82.33	268	268
UniRef90_A0A0L7TBH8	82.71	268	268
UniRef90_A0A0J8YN83	83.46	268	268
UniRef90_E1SEU9	82.02	268	272
UniRef90_A0A095VER3	82.77	268	268
UniRef90_D8MSY5	81.95	268	272
UniRef90_A0A0M2KB94	82.33	268	268
UniRef90_A0A0A2W3V2	85.39	268	1051
UniRef90_B2VKW6	81.58	268	268
UniRef90_A0A076LPT2	79.32	268	269
UniRef90_S0AIH0	80.45	268	268
UniRef90_A0A085GBM5	80.83	268	269
UniRef90_A0A085GT42	79.40	268	269
UniRef90_A0A0A0ZAI9	81.20	268	268
UniRef90_A0A0I1CUL2	100.00	268	237
UniRef90_UPI0004B8DF8D	79.32	268	268
UniRef90_H2IYN9	79.32	268	269
UniRef90_A0A0A1AZS1	79.70	268	268
UniRef90_A0A068Z4K7	80.45	268	268
UniRef90_E0SBD0	79.70	268	268
UniRef90_C6C5W3	80.08	268	268
UniRef90_A0A085JEB6	80.45	268	268
UniRef90_UPI0003FFF99A	78.28	268	268
UniRef90_UPI0005E1B82B	78.95	268	268
UniRef90_UPI0006F47EC0	83.83	268	268
UniRef90_A0A085HL14	78.95	268	268
UniRef90_A0A0F7NLE6	78.20	268	269
UniRef90_W1JAZ3	79.03	268	268
UniRef90_UPI00047869F6	79.70	268	268
UniRef90_A0A0G3CRJ5	77.53	268	268
UniRef90_V3TQH4	77.82	268	268
UniRef90_Q7N408	78.57	268	268
UniRef90_A0A0H5E565	79.32	268	311
UniRef90_G7LKK4	78.57	268	268
UniRef90_D4I3X9	80.08	268	301
UniRef90_UPI00048BD498	78.20	268	269
UniRef90_UPI0004A3D40D	78.57	268	268
UniRef90_D3V1M2	77.44	268	268
UniRef90_C2LGT2	77.53	268	268
UniRef90_A0A068QVP9	76.69	268	268
UniRef90_D4BTH1	76.32	268	270
UniRef90_D1NYI0	76.69	268	271
UniRef90_Q6D4Q5	76.32	268	268
UniRef90_A0A0A8NY44	76.32	268	268
UniRef90_K8W6S2	74.44	268	271
UniRef90_A0A068R212	75.66	268	268
UniRef90_R8ANR8	76.32	268	268
UniRef90_A0A0H2QS98	75.56	268	269
UniRef90_B2Q4A9	75.19	268	271
UniRef90_A0A0B5BWD9	76.03	268	291
UniRef90_W0HWH6	75.56	268	268
UniRef90_I0QQ66	79.32	268	269
UniRef90_I3DD30	75.28	268	267
UniRef90_UPI0004A9869B	74.53	268	267
UniRef90_E8KI31	75.66	268	305
UniRef90_M4R8X4	74.16	268	275
UniRef90_A0A0H2QH68	74.81	268	272
UniRef90_E0WSC7	71.43	268	271
UniRef90_D2TZB2	72.93	268	269
UniRef90_A1XRC2	73.03	268	267
UniRef90_A0A0J8YLZ9	74.53	268	269
UniRef90_UPI000666AEA9	72.28	268	267
UniRef90_C9PQD2	73.03	268	267
UniRef90_U1GZR9	71.91	268	267
UniRef90_F9Q5N4	72.28	268	267
UniRef90_P44318	71.91	268	267
UniRef90_Q0I3N0	71.16	268	267
UniRef90_A0A0A3AQG2	72.28	268	267
UniRef90_UPI000509B211	70.79	268	267
UniRef90_A0A0E3VZI4	71.54	268	272
UniRef90_I6H4H5	100.00	268	241
UniRef90_A0A0F5EWB3	69.55	268	267
UniRef90_E6KX71	69.29	268	267
UniRef90_UPI00067EF047	69.03	268	269
UniRef90_I3DIP2	70.30	268	267
UniRef90_A6VP42	71.80	268	266
UniRef90_A0A0N1KPR3	69.29	268	269
UniRef90_F7RZ23	68.28	268	270
UniRef90_K2LAM0	67.42	268	273
UniRef90_UPI0003770878	69.55	268	270
UniRef90_Q5QY30	66.79	268	269
UniRef90_F7XY73	67.29	268	268
UniRef90_C4LC52	68.91	268	268
UniRef90_A0A080KHW9	67.67	268	269
UniRef90_A0A031MK72	69.52	268	271
UniRef90_K2J7A6	67.79	268	269
UniRef90_Q65TQ5	68.54	268	275
UniRef90_UPI0005A89AD6	67.79	268	268
UniRef90_L8MGK8	68.05	268	270
UniRef90_UPI00030555E2	68.05	268	270
UniRef90_UPI000464F41C	67.79	268	268
UniRef90_A0A0F9SWW0	67.78	268	271
UniRef90_A0A0A7RZH7	66.54	268	267
UniRef90_S6BIF9	68.05	268	270
UniRef90_N9VI26	67.04	268	268
UniRef90_Q1IBR0	68.42	268	270
UniRef90_Q4K9Q5	67.67	268	270
UniRef90_A0A0F9XEP1	67.66	268	271
UniRef90_A0KMG1	66.67	268	268
UniRef90_UPI00039C38D5	68.52	268	271
UniRef90_A0A0F4U255	68.05	268	270
UniRef90_A0A0A1YJ06	67.67	268	270
UniRef90_M4WWM2	67.67	268	270
UniRef90_A0A0F5AUR5	66.04	268	269
UniRef90_D0I7A7	65.30	268	300
UniRef90_E1SPD0	65.67	268	268
UniRef90_UPI0003719072	66.67	268	269
UniRef90_A0A0K6H2G5	66.29	268	269
UniRef90_A3WKX6	66.29	268	269
UniRef90_D3VHA8	72.76	268	277
UniRef90_X2H0T8	66.54	268	268
UniRef90_A0A024HIY7	68.05	268	270
UniRef90_I2BNM6	66.54	268	270
UniRef90_A0A094IWF6	67.42	268	270
UniRef90_UPI00030FE259	65.92	268	270
UniRef90_A0A085TNT8	64.18	268	268
UniRef90_F7YPU9	64.42	268	269
UniRef90_A0A0B3BNI2	66.54	268	270
UniRef90_A0A084Q6S7	66.54	268	268
UniRef90_UPI00036BB57B	64.55	268	268
UniRef90_UPI00036FE546	65.30	268	269
UniRef90_H2FT54	65.30	268	269
UniRef90_S6HSJ7	65.79	268	270
UniRef90_A0A0J1H0H4	63.30	268	268
UniRef90_S3MFP9	65.79	268	270
UniRef90_UPI0005BCF8BF	67.29	268	270
UniRef90_UPI00056DED7F	62.69	268	268
UniRef90_A0A0C5ILS4	64.04	268	270
UniRef90_UPI0004116DA8	66.04	268	269
UniRef90_Q47ZA1	63.67	268	268
UniRef90_V5F6B5	63.43	268	268
UniRef90_A0A0F5VI21	64.55	268	268
UniRef90_A0A0B7JAS3	64.04	268	269
UniRef90_A0A0D8D0G8	64.04	268	268
UniRef90_A0A069QAR4	66.17	268	270
UniRef90_D0YWT7	63.30	268	268
UniRef90_W0H5D6	65.41	268	270
UniRef90_E3BED4	63.06	268	268
UniRef90_UPI000402B93C	64.29	268	268
UniRef90_F6AEQ9	66.54	268	270
UniRef90_A0A0A7JM82	65.41	268	270
UniRef90_A0A090R233	63.81	268	268
UniRef90_W6QU31	65.79	268	270
UniRef90_F0LPC4	63.30	268	269
UniRef90_A0A0C2E9W8	66.17	268	270
UniRef90_A0A0L7YY87	63.30	268	268
UniRef90_U1K4Z0	63.06	268	268
UniRef90_A0A090P3U3	64.04	268	269
UniRef90_U1L0Z1	63.30	268	268
UniRef90_W7QX69	63.81	268	268
UniRef90_UPI000509577E	63.30	268	268
UniRef90_A0A077LM21	65.79	268	270
UniRef90_UPI00036C7C87	62.55	268	270
UniRef90_M4U6M2	62.92	268	269
UniRef90_UPI0003716B55	63.67	268	268
UniRef90_F9S6U9	61.94	268	268
UniRef90_I7AD28	65.56	268	270
UniRef90_Q6LNL7	63.81	268	268
UniRef90_U3AM88	62.55	268	268
UniRef90_UPI00056E5DE6	62.92	268	270
UniRef90_A0A098T2V4	65.41	268	270
UniRef90_A0A0M2VG10	62.17	268	270
UniRef90_U4DSA0	62.69	268	268
UniRef90_A0A094L5H7	64.18	268	269
UniRef90_UPI0003B3679E	62.92	268	268
UniRef90_A0A0J1HC73	62.92	268	268
UniRef90_A0A066TEU8	63.53	268	268
UniRef90_F2G9D2	61.94	268	269
UniRef90_A0A089YV81	64.66	268	272
UniRef90_A5L1F6	61.94	268	268
UniRef90_A7K265	62.31	268	268
UniRef90_UPI0004673C0D	63.53	268	269
UniRef90_L8D9B2	62.17	268	273
UniRef90_Q3IL12	62.69	268	268
UniRef90_A0A099L9P0	62.17	268	268
UniRef90_J3YTE9	62.03	268	268
UniRef90_B8K5H0	62.31	268	268
UniRef90_A1SUH9	62.55	268	269
UniRef90_Q8ECT7	62.69	268	270
UniRef90_A0A0B5C8E9	64.68	268	270
UniRef90_Q7MJ29	64.04	268	268
UniRef90_A0A0F4PV77	61.05	268	267
UniRef90_K6WU09	63.43	268	269
UniRef90_A0A0N1EGY8	62.17	268	268
UniRef90_W1S0X3	63.57	268	271
UniRef90_Z5XUA1	62.17	268	269
UniRef90_A0A0K6IKY8	66.04	268	269
UniRef90_F6CZC4	64.18	268	270
UniRef90_K6XR56	64.04	268	269
UniRef90_I1E1K3	62.55	268	286
UniRef90_UPI00040C4785	62.55	268	271
UniRef90_UPI0003FD9A13	65.41	268	270
UniRef90_UPI0005A6D395	61.94	268	268
UniRef90_UPI0004836972	63.94	268	271
UniRef90_N2IRF0	64.79	268	288
UniRef90_UPI0004A70383	63.57	268	271
UniRef90_UPI000406BC61	61.94	268	268
UniRef90_A0A0B4XP25	66.54	268	274
UniRef90_C9P3U6	62.08	268	270
UniRef90_UPI0004884F67	64.44	268	270
UniRef90_V6AEF0	65.79	268	601
UniRef90_U3B502	65.04	268	270
UniRef90_UPI0005A6AD0C	62.17	268	268
UniRef90_UPI00041BE079	62.92	268	268
UniRef90_W9TAZ6	64.29	268	270
UniRef90_UPI0002D6428A	61.80	268	269
UniRef90_F5Z957	61.71	268	269
UniRef90_A0A0J8GQQ4	60.82	268	269
UniRef90_UPI0004689368	61.94	268	268
UniRef90_A0A099LTX9	60.67	268	268
UniRef90_F2K2P9	64.18	268	268
UniRef90_A3QF80	61.94	268	269
UniRef90_A0A095TLC9	64.68	268	271
UniRef90_C5WCL8	62.17	268	270
UniRef90_UPI0004036F43	61.19	268	268
UniRef90_A0A0F4P1L6	62.17	268	269
UniRef90_UPI00036E6130	61.94	268	269
UniRef90_A0A0C4WLV5	64.29	268	270
UniRef90_U1LYB6	61.05	268	269
UniRef90_UPI00036F1C3A	62.36	268	271
UniRef90_UPI00030B19C3	61.57	268	268
UniRef90_K0CBJ0	65.06	268	273
UniRef90_X4IYR5	89.69	268	194
UniRef90_A0A0M2V947	60.00	268	271
UniRef90_UPI00070316B2	62.78	268	270
UniRef90_A0A0F6ABD8	60.45	268	269
UniRef90_UPI0003FE5BBB	61.85	268	271
UniRef90_UPI0004E121B6	61.57	268	270
UniRef90_L0MX07	60.90	268	268
UniRef90_A0A0C2EFS7	64.04	268	272
UniRef90_UPI00037F0AD2	62.08	268	271
UniRef90_D4ZM86	61.57	268	268
UniRef90_UPI00046E67EF	61.42	268	269
UniRef90_UPI00025580B9	62.96	268	270
UniRef90_A4CBT0	61.19	268	267
UniRef90_B8CLK9	61.80	268	268
UniRef90_Q5E4G8	61.19	268	268
UniRef90_D4H3Z0	60.59	268	266
UniRef90_UPI0002EE6679	59.70	268	268
UniRef90_F3KGS7	63.20	268	271
UniRef90_UPI0004815543	64.07	268	271
UniRef90_UPI000255B92C	63.70	268	271
UniRef90_A0A094JDI9	61.80	268	269
UniRef90_I9DVM7	61.85	268	270
UniRef90_B3PF08	61.71	268	269
UniRef90_Q0VPG5	63.94	268	271
UniRef90_UPI0003F52658	62.08	268	271
UniRef90_L0WCV4	63.70	268	273
UniRef90_UPI00058E5222	65.04	268	270
UniRef90_A0A0F7K3H3	61.34	268	271
UniRef90_UPI0004859C5D	63.33	268	270
UniRef90_H0J6T2	63.53	268	270
UniRef90_UPI00048E78F8	60.45	268	268
UniRef90_K6Y7P7	61.05	268	268
UniRef90_A0A090IBQ1	59.71	268	275
UniRef90_UPI000470101B	62.31	268	269
UniRef90_U7FNZ8	62.22	268	271
UniRef90_UPI00048526D5	59.70	268	268
UniRef90_UPI0005872147	62.45	268	270
UniRef90_Q084P3	59.93	268	268
UniRef90_F7NU79	59.93	268	270
UniRef90_A0A0K1WKM6	62.08	268	271
UniRef90_A0A081FW65	60.97	268	272
UniRef90_Q2SII2	61.19	268	270
UniRef90_UPI0003785B07	61.25	268	271
UniRef90_K5YR56	61.65	268	270
UniRef90_UPI0006D656AE	59.93	268	270
UniRef90_UPI0004678E0C	61.71	268	270
UniRef90_UPI000364A154	62.31	268	271
UniRef90_UPI00037578BD	62.83	268	272
UniRef90_U1JQG4	59.18	268	269
UniRef90_UPI0006C7DF63	61.34	268	271
UniRef90_UPI00048C247F	60.59	268	271
UniRef90_UPI0006B48211	60.66	268	273
UniRef90_UPI00059F76E8	60.00	268	270
UniRef90_Q12P76	59.55	268	269
UniRef90_UPI00048A04A5	60.22	268	271
UniRef90_J1Y819	60.07	268	270
UniRef90_W1E5J2	90.43	268	235
UniRef90_D3RV52	60.59	268	278
UniRef90_UPI0003FE5C12	60.22	268	271
UniRef90_UPI00066FB6D0	61.71	268	269
UniRef90_A0A084CN55	58.43	268	268
UniRef90_F9U7Q2	62.45	268	272
UniRef90_S5ADB7	60.55	268	260
UniRef90_N6W195	61.57	268	270
UniRef90_Q1JYE3	59.70	268	270
UniRef90_L0H240	59.85	268	272
UniRef90_UPI00037A970B	60.97	268	271
UniRef90_I3IBD1	60.97	268	270
UniRef90_G2DXL8	59.26	268	272
UniRef90_UPI0003B67B74	60.53	268	271
UniRef90_A0A063Y197	58.74	268	283
UniRef90_UPI000375107F	60.45	268	269
UniRef90_E8Q6D1	57.95	268	274
UniRef90_G2D9L4	59.85	268	271
UniRef90_A0A0F4QR00	58.96	268	274
UniRef90_Q2BMY8	59.48	268	271
UniRef90_A0A0E3Y7P7	56.77	268	270
UniRef90_W0TK44	61.28	268	271
UniRef90_A0A0B5FFP5	63.20	268	274
UniRef90_H8Z160	62.88	268	271
UniRef90_A3YGM8	59.33	268	274
UniRef90_UPI0003F8EB5E	59.48	268	270
UniRef90_UPI0006731C13	57.56	268	270
UniRef90_UPI000414330E	60.00	268	270
UniRef90_UPI00065096F2	61.85	268	273
UniRef90_A0A067A1K4	58.82	268	273
UniRef90_A0A0F9PRT5	59.33	268	270
UniRef90_A6EVQ0	59.33	268	270
UniRef90_R8B203	59.33	268	270
UniRef90_Q21J74	59.63	268	272
UniRef90_A3JIV4	59.33	268	270
UniRef90_A0A0B0H7E5	61.34	268	270
UniRef90_UPI00040C89C4	59.70	268	270
UniRef90_F7SJZ9	60.22	268	277
UniRef90_W0E024	60.22	268	272
UniRef90_I3YAB2	59.85	268	272
UniRef90_A0A084CK92	56.72	268	274
UniRef90_M7CP90	59.70	268	270
UniRef90_UPI000571FA84	58.46	268	273
UniRef90_A0A0J7J7J5	59.33	268	270
UniRef90_H8WEM0	58.96	268	270
UniRef90_A0A072NGV7	59.33	268	270
UniRef90_UPI00046409B8	58.09	268	273
UniRef90_A0A094PLW7	60.30	268	270
UniRef90_A0A0F6TQH9	58.96	268	272
UniRef90_S6BZM6	61.42	268	271
UniRef90_S6GGC4	58.74	268	271
UniRef90_A0A081NB24	58.52	268	272
UniRef90_A0A0M4D8V8	60.67	268	276
UniRef90_W8FXQ5	59.93	268	270
UniRef90_W5YFG5	58.58	268	270
UniRef90_A0A081KC96	58.58	268	270
UniRef90_H0J336	60.22	268	276
UniRef90_E1V4I1	60.07	268	277
UniRef90_A0A081N9G1	58.15	268	272
UniRef90_C7RAS7	58.58	268	271
UniRef90_F3LGL2	57.56	268	272
UniRef90_UPI0004AA393A	59.48	268	277
UniRef90_C5BJD2	59.02	268	273
UniRef90_UPI0000E116EB	57.68	268	269
UniRef90_UPI0005F86497	54.65	268	270
UniRef90_S6GHY2	57.25	268	271
UniRef90_UPI0005C9005D	59.78	268	274
UniRef90_UPI00047F32B4	59.85	268	277
UniRef90_UPI0005CB4778	58.96	268	270
UniRef90_Q3A1Y9	57.68	268	276
UniRef90_UPI0003661C91	58.74	268	277
UniRef90_A0A086D7S4	61.34	268	272
UniRef90_A0A0D5NCI7	60.53	268	271
UniRef90_A0A0M1J9D1	57.30	268	271
UniRef90_S2KTQ4	59.18	268	271
UniRef90_F5SLX3	57.62	268	271
UniRef90_UPI00041BE404	57.84	268	273
UniRef90_UPI00034819DA	60.22	268	274
UniRef90_UPI00040B1E64	60.53	268	271
UniRef90_A0A098RBR9	60.22	268	276
UniRef90_UPI00036D48B4	61.05	268	271
UniRef90_UPI0004DB89B6	60.53	268	278
UniRef90_A1S7I8	61.05	268	268
UniRef90_V4IXI8	57.58	268	270
UniRef90_UPI000367C386	58.80	268	272
UniRef90_UPI0005BCDD94	60.00	268	271
UniRef90_R4YMV7	58.80	268	274
UniRef90_A0A0B1PZ08	58.36	268	275
UniRef90_W2UEI9	57.36	268	271
UniRef90_UPI000262C9E6	58.96	268	270
UniRef90_A0A0F4QTN9	58.74	268	271
UniRef90_UPI00035E4EAC	76.65	268	199
UniRef90_A0A0M1J908	54.87	268	282
UniRef90_T2LFT7	57.99	268	275
UniRef90_W9VB68	59.02	268	272
UniRef90_A0A0H4R0P4	56.67	268	271
UniRef90_Q1QX34	59.48	268	276
UniRef90_UPI000289D3FD	59.34	268	277
UniRef90_A5WEW4	58.58	268	271
UniRef90_A0A066UJ80	59.40	268	271
UniRef90_A0A0F2P201	55.76	268	272
UniRef90_UPI0004180D8F	57.72	268	273
UniRef90_A1API2	57.30	268	270
UniRef90_Q4FSF8	57.68	268	274
UniRef90_UPI0004949897	57.35	268	273
UniRef90_Q31DY1	57.72	268	273
UniRef90_W1N1P4	56.67	268	271
UniRef90_UPI00037B666D	56.99	268	273
UniRef90_E6W0Q3	57.46	268	272
UniRef90_A0A0M6W7F6	55.81	268	274
UniRef90_UPI0005909EC5	58.67	268	275
UniRef90_D5VC82	58.80	268	271
UniRef90_UPI000567266E	56.13	268	270
UniRef90_Q7VQZ5	54.51	268	267
UniRef90_U7P958	58.61	268	275
UniRef90_UPI00037F1B50	57.74	268	270
UniRef90_UPI0004832008	57.89	268	270
UniRef90_UPI0004023851	56.55	268	279
UniRef90_UPI0004A6DAAF	55.88	268	273
UniRef90_F6DB92	56.09	268	275
UniRef90_L2F818	56.93	268	270
UniRef90_A0A0H5C5G5	56.02	268	267
UniRef90_UPI0004A6E9B6	56.25	268	273
UniRef90_UPI000485FFCC	57.88	268	274
UniRef90_C8PZP9	58.15	268	270
UniRef90_A0A0E3Y6M2	51.87	268	269
UniRef90_A0A090AM93	51.88	268	268
UniRef90_UPI00041CC9BC	56.93	268	277
UniRef90_K4KFG8	58.80	268	256
UniRef90_A4BDS1	55.81	268	274
UniRef90_UPI0004101827	55.15	268	273
UniRef90_UPI00042158D3	54.15	268	279
UniRef90_Q1N4L1	52.42	268	271
UniRef90_K6GGT7	51.67	268	269
UniRef90_UPI0003788D46	54.04	268	275
UniRef90_Z2EGB4	61.50	268	213
UniRef90_A0A0H6WKD6	61.21	268	235
UniRef90_J4V356	51.12	268	268
UniRef90_UPI0004731F03	50.94	268	270
UniRef90_K8W8T9	72.99	268	178
UniRef90_J4WV15	51.32	268	270
UniRef90_A0A0H6WNP7	59.80	268	204
UniRef90_A0A0C1S077	50.19	268	268
UniRef90_Q8D2I3	48.29	268	267
UniRef90_W9VAS3	61.34	268	196
UniRef90_J5NF00	73.55	268	157
UniRef90_D4G7T3	48.87	268	267
UniRef90_UPI00056C831D	62.22	268	180
UniRef90_C0AQN4	72.30	268	151
UniRef90_A0A084YU55	78.20	268	138
UniRef90_W8U480	77.04	268	137
UniRef90_C0AQN5	79.69	268	130
UniRef90_H6Q4U4	42.97	268	268
UniRef90_A0A0B8PR48	58.33	268	172
UniRef90_A0A090SCJ6	58.33	268	159
UniRef90_Q1D1Z2	40.82	268	256
UniRef90_G2LFM1	41.42	268	267
UniRef90_Q091G1	38.95	268	263
UniRef90_A0A085WXE0	38.95	268	265
UniRef90_D4DU69	36.84	268	261
UniRef90_A9FM12	38.26	268	269
UniRef90_UPI0005535DFF	39.03	268	256
UniRef90_UPI0003745C00	40.53	268	254
UniRef90_Q7NPB5	37.83	268	258
UniRef90_UPI0006CAC7D5	37.59	268	256
UniRef90_A0A0J5P220	77.57	268	107
UniRef90_UPI00036A0AF0	41.35	268	255
UniRef90_D7N3E6	38.35	268	256
UniRef90_UPI0006D5715E	40.00	268	259
UniRef90_UPI0003698A9F	42.11	268	255
UniRef90_A0A0F6W449	38.35	268	258
UniRef90_UPI00036553D2	42.11	268	255
UniRef90_L1NSQ0	37.59	268	256
UniRef90_A0A080MA99	39.10	268	255
UniRef90_M1LB85	37.45	268	260
UniRef90_A0A0F7E318	39.16	268	259
UniRef90_A0A090U1T4	70.54	268	117
UniRef90_A1WZD5	40.23	268	267
UniRef90_C0DSH4	39.33	268	255
UniRef90_U5QIC8	38.35	268	304
UniRef90_S9PDZ1	38.58	268	260
UniRef90_G2DIH8	35.71	268	256
UniRef90_UPI00036D34D9	39.39	268	257
UniRef90_A0A017TCH9	39.39	268	260
UniRef90_UPI000365C5DA	39.62	268	255
UniRef90_UPI0006840A21	39.10	268	258
UniRef90_UPI00046797B7	39.93	268	262
UniRef90_A0A0N1ABZ0	40.74	268	259
UniRef90_I3CH58	40.82	268	258
UniRef90_UPI00041BD6F9	41.04	268	260
UniRef90_UPI000480AD3E	39.85	268	261
UniRef90_F2BDB2	38.72	268	276
UniRef90_A0A0K1E6P2	39.77	268	262
UniRef90_D3SBM6	40.98	268	255
UniRef90_P09030	100.00	268	268
UniRef90_J1GFZ3	84.33	268	268
UniRef90_A0A085GXZ6	86.89	268	267
UniRef90_W7PGL0	88.76	268	268
UniRef90_A0A089PNA6	87.27	268	268
UniRef90_E3GAK5	89.51	268	268
UniRef90_J1Q832	88.76	268	268
UniRef90_A0A0B7GC24	91.39	268	301
UniRef90_P0A1B0	92.51	268	268
UniRef90_A0A0F1A2J1	88.76	268	268
UniRef90_A0A0J8VMV3	88.76	268	268
UniRef90_D2ZBA8	88.76	268	354
UniRef90_A4W9J4	88.76	268	268
UniRef90_A0A085H1D8	89.47	268	269
UniRef90_A0A090V7N1	88.35	268	268
UniRef90_A0A0L0AMY0	89.51	268	268
UniRef90_H5UYT2	89.14	268	268
UniRef90_W1JAZ3	79.03	268	268
UniRef90_K8B7E6	86.84	268	268
UniRef90_UPI0003FFF99A	78.28	268	268
UniRef90_A0A071LWZ0	82.33	268	268
UniRef90_R9VJR0	88.01	268	268
UniRef90_A0A068QVP9	76.69	268	268
UniRef90_C2LGT2	77.53	268	268
UniRef90_A0A0M3F1S6	86.47	268	268
UniRef90_A0A085GT42	79.40	268	269
UniRef90_UPI000367BDEB	86.84	268	268
UniRef90_E0SBD0	79.70	268	268
UniRef90_UPI0005E1B82B	78.95	268	268
UniRef90_A0A0H5E565	79.32	268	311
UniRef90_UPI0004B8DF8D	79.32	268	268
UniRef90_I2BA78	83.83	268	268
UniRef90_A0A085GBM5	80.83	268	269
UniRef90_A0A0A8NY44	76.32	268	268
UniRef90_A0A0G3CRJ5	77.53	268	268
UniRef90_UPI0004633B94	84.64	268	268
UniRef90_H2IYN9	79.32	268	269
UniRef90_S0AIH0	80.45	268	268
UniRef90_UPI00047869F6	79.70	268	268
UniRef90_A0A085HL14	78.95	268	268
UniRef90_A0A095VER3	82.77	268	268
UniRef90_D3V1M2	77.44	268	268
UniRef90_G7LKK4	78.57	268	268
UniRef90_Q7N408	78.57	268	268
UniRef90_V3TQH4	77.82	268	268
UniRef90_A0A068R212	75.66	268	268
UniRef90_D1NYI0	76.69	268	271
UniRef90_D4BTH1	76.32	268	270
UniRef90_A0A0L7TBH8	82.71	268	268
UniRef90_UPI00036A6864	84.27	268	268
UniRef90_Q6D4Q5	76.32	268	268
UniRef90_C6C5W3	80.08	268	268
UniRef90_B2Q4A9	75.19	268	271
UniRef90_UPI0005A89AD6	67.79	268	268
UniRef90_A0A0E9BK18	83.83	268	268
UniRef90_A0A0A1AZS1	79.70	268	268
UniRef90_UPI0004680FF4	84.21	268	268
UniRef90_A0A0A2W3V2	85.39	268	1051
UniRef90_UPI0004A3D40D	78.57	268	268
UniRef90_F7RZ23	68.28	268	270
UniRef90_A0A068Z4K7	80.45	268	268
UniRef90_A0A0H2QS98	75.19	268	269
UniRef90_A7K265	62.31	268	268
UniRef90_D0I7A7	65.30	268	300
UniRef90_F7YPU9	64.42	268	269
UniRef90_B2VKW6	81.58	268	268
UniRef90_A0A0J8YN83	83.46	268	268
UniRef90_A0A0A0ZAI9	81.20	268	268
UniRef90_A0A085TNT8	64.18	268	268
UniRef90_D4I3X9	80.08	268	301
UniRef90_N9VI26	67.04	268	268
UniRef90_A0A085JEB6	80.45	268	268
UniRef90_A0A0F5AUR5	66.04	268	269
UniRef90_D8MSY5	81.95	268	272
UniRef90_A0A0F7NLE6	78.20	268	269
UniRef90_E1SEU9	82.02	268	272
UniRef90_M4R8X4	74.16	268	275
UniRef90_R8ANR8	76.32	268	268
UniRef90_E8KI31	75.66	268	305
UniRef90_A0A076LPT2	79.32	268	269
UniRef90_A0A0B5BWD9	76.03	268	291
UniRef90_A0A0L7YY87	63.30	268	268
UniRef90_A0A0D8D0G8	64.04	268	268
UniRef90_UPI0004A9869B	74.53	268	267
UniRef90_A0A0J1HC73	62.92	268	268
UniRef90_I3DD30	75.28	268	267
UniRef90_D0YWT7	63.30	268	268
UniRef90_A0A090P3U3	64.04	268	269
UniRef90_Q6LNL7	63.81	268	268
UniRef90_K8W6S2	74.44	268	271
UniRef90_A5L1F6	61.94	268	268
UniRef90_A0A014N360	84.96	268	268
UniRef90_E3BED4	63.06	268	268
UniRef90_UPI00030FE259	65.92	268	270
UniRef90_Q47ZA1	63.67	268	268
UniRef90_A0A090R233	63.81	268	268
UniRef90_U3AM88	62.55	268	268
UniRef90_A0A0F5VI21	64.55	268	268
UniRef90_Q5QY30	66.79	268	269
UniRef90_A0A0M2KB94	82.33	268	268
UniRef90_A0A0K6H2G5	66.29	268	269
UniRef90_U1GZR9	71.91	268	267
UniRef90_UPI00056DED7F	62.69	268	268
UniRef90_F0LPC4	63.30	268	269
UniRef90_UPI00030B19C3	61.57	268	268
UniRef90_A0A0B7JAS3	64.04	268	269
UniRef90_UPI0003719072	66.67	268	269
UniRef90_Q7MJ29	64.04	268	268
UniRef90_B8K5H0	62.31	268	268
UniRef90_V5F6B5	63.43	268	268
UniRef90_U4DSA0	62.69	268	268
UniRef90_E1SPD0	65.67	268	268
UniRef90_A0A0J8YLZ9	74.53	268	269
UniRef90_C9PQD2	73.03	268	267
UniRef90_A0A0N1KPR3	69.29	268	269
UniRef90_UPI0003716B55	63.67	268	268
UniRef90_UPI00067EF047	69.03	268	269
UniRef90_UPI0005A6AD0C	62.17	268	268
UniRef90_UPI00048BD498	78.20	268	269
UniRef90_F9S6U9	61.94	268	268
UniRef90_E0WSC7	71.43	268	271
UniRef90_K2LAM0	67.42	268	273
UniRef90_UPI00054FBF30	84.59	268	269
UniRef90_P44318	71.91	268	267
UniRef90_A0A094L5H7	64.18	268	269
UniRef90_UPI0002EE6679	59.70	268	268
UniRef90_K2J7A6	67.79	268	269
UniRef90_A0A0J1H0H4	63.30	268	268
UniRef90_C9P3U6	62.08	268	270
UniRef90_Z5XUA1	62.17	268	269
UniRef90_A1XRC2	73.03	268	267
UniRef90_A3QF80	61.94	268	269
UniRef90_UPI0002D6428A	61.80	268	269
UniRef90_A0KMG1	66.67	268	268
UniRef90_S6BIF9	67.29	268	270
UniRef90_A0A024HIY7	67.29	268	270
UniRef90_UPI00041BE079	62.92	268	268
UniRef90_A0A0H2QH68	74.81	268	272
UniRef90_Q3IL12	62.69	268	268
UniRef90_UPI00056E5DE6	62.92	268	270
UniRef90_UPI0003770878	69.03	268	270
UniRef90_UPI0005A6D395	61.94	268	268
UniRef90_A0A094IWF6	67.42	268	270
UniRef90_U1K4Z0	63.06	268	268
UniRef90_I0QQ66	79.32	268	269
UniRef90_UPI00046E67EF	61.42	268	269
UniRef90_A0A0N1EGY8	62.17	268	268
UniRef90_A0A099LTX9	60.67	268	268
UniRef90_A0A0A1YJ06	66.91	268	270
UniRef90_UPI0006F47EC0	83.83	268	268
UniRef90_M4WWM2	66.91	268	270
UniRef90_L8MGK8	67.29	268	270
UniRef90_A0A0B5C8E9	64.68	268	270
UniRef90_A3WKX6	66.29	268	269
UniRef90_F6AEQ9	65.80	268	270
UniRef90_UPI0004116DA8	66.04	268	269
UniRef90_A0A069QAR4	65.43	268	270
UniRef90_D2TZB2	72.93	268	269
UniRef90_W0HWH6	75.56	268	268
UniRef90_Q5E4G8	61.19	268	268
UniRef90_A4CBT0	61.19	268	267
UniRef90_Q8ECT7	62.69	268	270
UniRef90_Q4K9Q5	66.91	268	270
UniRef90_U1LYB6	61.05	268	269
UniRef90_Q65TQ5	68.54	268	275
UniRef90_A0A0F4P1L6	62.17	268	269
UniRef90_A0A0F4U255	67.29	268	270
UniRef90_UPI00030555E2	67.29	268	270
UniRef90_H2FT54	65.30	268	269
UniRef90_UPI000402B93C	64.29	268	268
UniRef90_U1L0Z1	63.30	268	268
UniRef90_UPI000666AEA9	72.28	268	267
UniRef90_UPI0004689368	61.57	268	268
UniRef90_A0A0F6ABD8	60.45	268	269
UniRef90_W7QX69	63.81	268	268
UniRef90_F9Q5N4	72.28	268	267
UniRef90_UPI0003B3679E	62.92	268	268
UniRef90_UPI0004036F43	61.19	268	268
UniRef90_A0A0F5EWB3	69.55	268	267
UniRef90_F5Z957	61.71	268	269
UniRef90_I7AD28	65.56	268	270
UniRef90_I3DIP2	70.30	268	267
UniRef90_C4LC52	68.91	268	268
UniRef90_S6HSJ7	65.06	268	270
UniRef90_F2G9D2	61.94	268	269
UniRef90_Q1IBR0	67.66	268	270
UniRef90_UPI000464F41C	67.79	268	268
UniRef90_A0A0A7JM82	64.68	268	270
UniRef90_UPI00048E78F8	60.45	268	268
UniRef90_U1JQG4	59.18	268	269
UniRef90_A0A099L9P0	62.17	268	268
UniRef90_UPI00040C4785	62.78	268	271
UniRef90_W0H5D6	64.68	268	270
UniRef90_A0A0J8GQQ4	60.82	268	269
UniRef90_A0A098T2V4	64.68	268	270
UniRef90_B8CLK9	61.80	268	268
UniRef90_I1E1K3	62.55	268	286
UniRef90_W6QU31	65.06	268	270
UniRef90_W9TAZ6	63.57	268	270
UniRef90_K6XR56	64.29	268	269
UniRef90_UPI0005BCF8BF	66.54	268	270
UniRef90_A0A0F4PV77	61.05	268	267
UniRef90_M4U6M2	62.92	268	269
UniRef90_UPI0006D656AE	59.93	268	270
UniRef90_A0A0C5ILS4	64.29	268	270
UniRef90_UPI0004884F67	64.44	268	270
UniRef90_UPI00036BB57B	64.55	268	268
UniRef90_L8D9B2	62.17	268	273
UniRef90_D4ZM86	61.57	268	268
UniRef90_I2BNM6	65.80	268	270
UniRef90_K6WU09	63.43	268	269
UniRef90_E6KX71	69.29	268	267
UniRef90_A0A0A3AQG2	72.28	268	267
UniRef90_U3B502	64.31	268	270
UniRef90_A6VP42	71.05	268	266
UniRef90_A0A0C2E9W8	65.43	268	270
UniRef90_UPI00036FE546	64.93	268	269
UniRef90_A0A089YV81	63.94	268	272
UniRef90_A0A0C4WLV5	63.57	268	270
UniRef90_A0A0B3BNI2	66.42	268	270
UniRef90_UPI00039C38D5	68.52	268	271
UniRef90_UPI0003FE5BBB	61.85	268	271
UniRef90_A1SUH9	62.55	268	269
UniRef90_A0A077LM21	65.06	268	270
UniRef90_UPI000509577E	63.53	268	268
UniRef90_UPI0003FD9A13	65.17	268	270
UniRef90_UPI000509B211	70.79	268	267
UniRef90_F3KGS7	63.20	268	271
UniRef90_UPI00070316B2	62.08	268	270
UniRef90_S3MFP9	65.06	268	270
UniRef90_Q0I3N0	71.16	268	267
UniRef90_K6Y7P7	61.05	268	268
UniRef90_N2IRF0	64.31	268	288
UniRef90_A0A0K6IKY8	65.67	268	269
UniRef90_A0A0F9XEP1	67.66	268	271
UniRef90_UPI00048526D5	59.70	268	268
UniRef90_UPI00025580B9	62.96	268	270
UniRef90_UPI0003F52658	62.08	268	271
UniRef90_Q2BMY8	59.48	268	271
UniRef90_A0A094JDI9	61.42	268	269
UniRef90_UPI00059F76E8	59.48	268	270
UniRef90_K5YR56	61.19	268	270
UniRef90_V6AEF0	65.06	268	601
UniRef90_W1S0X3	63.57	268	271
UniRef90_F2K2P9	63.81	268	268
UniRef90_UPI0003785B07	60.74	268	271
UniRef90_UPI0004836972	63.94	268	271
UniRef90_UPI0006C7DF63	61.34	268	271
UniRef90_I9DVM7	60.97	268	270
UniRef90_Q12P76	59.18	268	269
UniRef90_UPI00036C7C87	62.55	268	270
UniRef90_A0A0F9SWW0	67.78	268	271
UniRef90_A0A031MK72	69.52	268	271
UniRef90_UPI0003B67B74	59.63	268	271
UniRef90_A0A0M2VG10	62.17	268	270
UniRef90_UPI00037A970B	60.97	268	271
UniRef90_UPI000406BC61	61.94	268	268
UniRef90_Q084P3	59.93	268	268
UniRef90_A0A0E3VZI4	71.80	268	272
UniRef90_F6CZC4	63.81	268	270
UniRef90_A0A0B4XP25	66.17	268	274
UniRef90_UPI0004678E0C	61.71	268	270
UniRef90_UPI00048A04A5	60.22	268	271
UniRef90_B3PF08	61.71	268	269
UniRef90_UPI0003F8EB5E	59.11	268	270
UniRef90_H8WEM0	58.58	268	270
UniRef90_A0A090IBQ1	59.71	268	275
UniRef90_A0A0M4D8V8	59.11	268	276
UniRef90_UPI0004859C5D	63.33	268	270
UniRef90_UPI00065096F2	61.48	268	273
UniRef90_A0A0A7RZH7	66.54	268	267
UniRef90_I3IBD1	60.97	268	270
UniRef90_A0A0C2EFS7	63.81	268	272
UniRef90_UPI00040C89C4	59.70	268	270
UniRef90_S6BZM6	61.19	268	271
UniRef90_UPI00036F1C3A	62.22	268	271
UniRef90_UPI0006731C13	57.41	268	270
UniRef90_A0A0D5NCI7	60.07	268	271
UniRef90_J1Y819	59.70	268	270
UniRef90_R8B203	59.33	268	270
UniRef90_UPI00036E6130	61.94	268	269
UniRef90_H0J6T2	62.83	268	270
UniRef90_U7FNZ8	62.22	268	271
UniRef90_A0A084CN55	58.43	268	268
UniRef90_X2H0T8	66.17	268	268
UniRef90_A0A095TLC9	64.68	268	271
UniRef90_A0A086D7S4	61.34	268	272
UniRef90_A0A0M2V947	59.70	268	271
UniRef90_A0A080KHW9	67.92	268	269
UniRef90_A0A0B5FFP5	62.31	268	274
UniRef90_F7NU79	59.93	268	270
UniRef90_F3LGL2	57.78	268	272
UniRef90_UPI0003FE5C12	60.22	268	271
UniRef90_Q1QX34	59.11	268	276
UniRef90_L0WCV4	63.33	268	273
UniRef90_A0A0K1WKM6	62.08	268	271
UniRef90_UPI0005872147	62.45	268	270
UniRef90_UPI0000E116EB	57.68	268	269
UniRef90_A0A0J7J7J5	58.96	268	270
UniRef90_UPI000255B92C	63.57	268	271
UniRef90_N6W195	61.19	268	270
UniRef90_K0CBJ0	64.68	268	273
UniRef90_A6EVQ0	59.33	268	270
UniRef90_UPI000364A154	61.94	268	271
UniRef90_UPI00066FB6D0	61.71	268	269
UniRef90_UPI00058E5222	64.31	268	270
UniRef90_F7SJZ9	60.22	268	277
UniRef90_T2LFT7	57.99	268	275
UniRef90_UPI0004AA393A	59.48	268	277
UniRef90_A0A072NGV7	59.33	268	270
UniRef90_UPI000414330E	59.77	268	270
UniRef90_A0A094PLW7	59.70	268	270
UniRef90_M7CP90	59.33	268	270
UniRef90_A0A0F9PRT5	59.33	268	270
UniRef90_A0A0B1PZ08	58.36	268	275
UniRef90_A0A084Q6S7	66.17	268	268
UniRef90_UPI000470101B	62.31	268	269
UniRef90_UPI0003661C91	58.74	268	277
UniRef90_UPI0004E121B6	61.57	268	270
UniRef90_W5YFG5	58.80	268	270
UniRef90_UPI00034819DA	60.22	268	274
UniRef90_UPI0004A70383	63.57	268	271
UniRef90_UPI0005CB4778	58.96	268	270
UniRef90_A0A0H4R0P4	55.76	268	271
UniRef90_A3YGM8	59.33	268	274
UniRef90_Q21J74	59.63	268	272
UniRef90_F9U7Q2	62.08	268	272
UniRef90_UPI000571FA84	58.09	268	273
UniRef90_W8FXQ5	59.93	268	270
UniRef90_UPI00037F0AD2	62.08	268	271
UniRef90_A1API2	57.09	268	270
UniRef90_UPI0004815543	64.07	268	271
UniRef90_H0J336	60.22	268	276
UniRef90_D4H3Z0	60.22	268	266
UniRef90_W0TK44	61.28	268	271
UniRef90_UPI0006B48211	61.03	268	273
UniRef90_A0A081FW65	61.19	268	272
UniRef90_A0A0F4QTN9	58.74	268	271
UniRef90_A0A066TEU8	63.16	268	268
UniRef90_UPI0005F86497	54.65	268	270
UniRef90_UPI00036D48B4	60.22	268	271
UniRef90_C5BJD2	59.02	268	273
UniRef90_A0A0F4QR00	58.58	268	274
UniRef90_A0A067A1K4	58.46	268	273
UniRef90_G2D9L4	59.85	268	271
UniRef90_UPI0005BCDD94	59.63	268	271
UniRef90_UPI00046409B8	57.72	268	273
UniRef90_Q2SII2	61.19	268	270
UniRef90_UPI0004673C0D	63.53	268	269
UniRef90_UPI000289D3FD	59.34	268	277
UniRef90_W1N1P4	56.67	268	271
UniRef90_UPI00047F32B4	59.85	268	277
UniRef90_UPI0004DB89B6	59.85	268	278
UniRef90_Q0VPG5	63.94	268	271
UniRef90_H8Z160	62.64	268	271
UniRef90_A0A081KC96	58.58	268	270
UniRef90_A0A0F7K3H3	61.34	268	271
UniRef90_UPI000375107F	60.07	268	269
UniRef90_A0A081N9G1	58.15	268	272
UniRef90_G2DXL8	59.11	268	272
UniRef90_S6GHY2	56.88	268	271
UniRef90_A0A081NB24	58.15	268	272
UniRef90_A3JIV4	59.33	268	270
UniRef90_UPI00048C247F	60.59	268	271
UniRef90_A0A084CK92	56.72	268	274
UniRef90_Q31DY1	57.72	268	273
UniRef90_S2KTQ4	58.36	268	271
UniRef90_W0E024	60.22	268	272
UniRef90_Q1JYE3	59.33	268	270
UniRef90_A0A063Y197	58.74	268	283
UniRef90_I3YAB2	59.85	268	272
UniRef90_E1V4I1	60.44	268	277
UniRef90_S6GGC4	58.36	268	271
UniRef90_UPI0004180D8F	57.72	268	273
UniRef90_D3VHA8	72.76	268	277
UniRef90_L0H240	59.48	268	272
UniRef90_UPI0005C9005D	60.00	268	274
UniRef90_UPI0004A6E9B6	56.25	268	273
UniRef90_UPI0004832008	57.68	268	270
UniRef90_A0A098RBR9	60.22	268	276
UniRef90_UPI0004A6DAAF	55.88	268	273
UniRef90_A0A0B0H7E5	61.34	268	270
UniRef90_S5ADB7	61.11	268	260
UniRef90_UPI0005909EC5	58.24	268	275
UniRef90_W9VB68	58.36	268	272
UniRef90_F7XY73	67.29	268	268
UniRef90_UPI00037578BD	62.45	268	272
UniRef90_Q3A1Y9	57.09	268	276
UniRef90_J3YTE9	62.03	268	268
UniRef90_UPI000485FFCC	57.88	268	274
UniRef90_UPI0004101827	55.51	268	273
UniRef90_F6DB92	56.09	268	275
UniRef90_UPI00041CC9BC	56.93	268	277
UniRef90_UPI0004949897	57.35	268	273
UniRef90_UPI00037B666D	56.99	268	273
UniRef90_UPI000367C386	58.80	268	272
UniRef90_A5WEW4	58.58	268	271
UniRef90_V4IXI8	56.55	268	270
UniRef90_UPI000262C9E6	58.96	268	270
UniRef90_Q4FSF8	57.68	268	274
UniRef90_UPI000480AD3E	39.85	268	261
UniRef90_UPI0003745C00	40.53	268	254
UniRef90_D3RV52	60.59	268	278
UniRef90_UPI00040B1E64	60.53	268	271
UniRef90_R4YMV7	58.43	268	274
UniRef90_C7RAS7	58.58	268	271
UniRef90_UPI00041BE404	58.05	268	273
UniRef90_U7P958	58.61	268	275
UniRef90_L0MX07	60.90	268	268
UniRef90_UPI0003788D46	54.38	268	275
UniRef90_E6W0Q3	57.46	268	272
UniRef90_W2UEI9	56.93	268	271
UniRef90_UPI00037F1B50	57.30	268	270
UniRef90_A0A0M1J9D1	57.09	268	271
UniRef90_A0A066UJ80	59.40	268	271
UniRef90_K2LGS0	36.84	268	263
UniRef90_A0A0A8K5J8	37.59	268	260
UniRef90_C8PZP9	56.93	268	270
UniRef90_F5SLX3	57.84	268	271
UniRef90_A9D5Q2	38.55	268	260
UniRef90_J4WV15	50.75	268	270
UniRef90_D5VC82	57.89	268	271
UniRef90_A1S7I8	61.05	268	268
UniRef90_UPI00037F29FA	34.21	268	260
UniRef90_V7ELY5	36.84	268	260
UniRef90_B9JXE9	37.22	268	264
UniRef90_A0A0F6TQH9	58.96	268	272
UniRef90_A0A098TBB7	35.88	268	260
UniRef90_A0A0F2P201	55.76	268	272
UniRef90_H4FBI2	36.47	268	261
UniRef90_A0A0I1CUL2	100.00	268	237
UniRef90_UPI0004731F03	50.37	268	270
UniRef90_M3JR11	36.47	268	260
UniRef90_A0A0M1J908	54.29	268	282
UniRef90_J3CA85	35.88	268	259
UniRef90_UPI000492025B	37.97	268	261
UniRef90_A0A0L0ITG4	34.59	268	260
UniRef90_A0A011VKL8	35.21	268	264
UniRef90_A0A0D5LUV8	37.22	268	263
UniRef90_Q8YGR5	36.47	268	296
UniRef90_UPI0004675364	35.71	268	263
UniRef90_UPI0006FEDD59	37.22	268	263
UniRef90_UPI000567266E	54.85	268	270
UniRef90_F2J0T8	37.97	268	260
UniRef90_UPI0004023851	55.93	268	279
UniRef90_UPI0005688F62	36.26	268	259
UniRef90_W6VWH1	36.84	268	262
UniRef90_A4YV88	35.34	268	263
UniRef90_L2F818	56.93	268	270
UniRef90_UPI0003C167F5	35.34	268	264
UniRef90_A0A069HTD6	37.97	268	263
UniRef90_W8IAQ5	36.84	268	264
UniRef90_UPI0004948B96	35.71	268	264
UniRef90_A0A081B7I4	34.96	268	260
UniRef90_UPI000495A862	34.59	268	260
UniRef90_A0A0F7PH22	36.26	268	260
UniRef90_A0A084UA85	36.84	268	263
UniRef90_A9E5T3	38.35	268	260
UniRef90_C0DSH4	38.72	268	255
UniRef90_UPI00047FC433	35.34	268	263
UniRef90_A0A098UIL7	36.33	268	261
UniRef90_UPI000554443B	38.35	268	254
UniRef90_K6GGT7	51.67	268	269
UniRef90_UPI0003FAA158	39.10	268	259
UniRef90_UPI0003173446	36.47	268	269
UniRef90_N6U9R1	34.83	268	263
UniRef90_L0NEQ9	36.09	268	264
UniRef90_C4WH95	37.02	268	272
UniRef90_UPI00048430C7	34.96	268	262
UniRef90_A0A068D451	35.71	268	264
UniRef90_UPI0004BCF67B	37.97	268	263
UniRef90_UPI0003FB8EB9	40.23	268	256
UniRef90_Q6N5V9	36.09	268	303
UniRef90_A0A081MCZ0	36.84	268	264
UniRef90_K2PIK8	35.71	268	263
UniRef90_UPI0006464A28	34.46	268	264
UniRef90_A0A0G3GBU5	40.60	268	255
UniRef90_D6ZZ62	34.21	268	262
UniRef90_A0A0D0KLL2	35.71	268	264
UniRef90_C7RNM2	39.47	268	255
UniRef90_A0A0D6JGN7	36.47	268	260
UniRef90_UPI0006FBB5DB	37.59	268	262
UniRef90_UPI0006FC9FCE	36.47	268	263
UniRef90_S9QIK9	35.71	268	260
UniRef90_UPI0004808853	38.72	268	260
UniRef90_UPI0006F2815E	35.07	268	275
UniRef90_C5WCL8	62.17	268	270
UniRef90_C3MBS9	37.97	268	319
UniRef90_UPI0006F4A38B	35.58	268	264
UniRef90_UPI0006B4193E	36.09	268	259
UniRef90_F7X0X3	36.47	268	294
UniRef90_J6LGY9	34.96	268	264
UniRef90_Q11HP4	34.46	268	262
UniRef90_UPI00040ECF25	37.59	268	260
UniRef90_A0A061SXJ4	37.97	268	260
UniRef90_K4KFG8	57.65	268	256
UniRef90_A0A0N0E7R9	34.83	268	262
UniRef90_C6VYM7	35.82	268	260
UniRef90_A0A0B3SB50	36.47	268	260
UniRef90_E2CQL1	34.59	268	260
