UniRef90_P41500	100.00	98	101
UniRef90_UPI0003C80281	93.88	98	158
UniRef90_P24540	93.88	98	101
UniRef90_UPI0003288955	92.86	98	156
UniRef90_UPI0005BB97E5	93.88	98	163
UniRef90_G1P9X8	91.84	98	101
UniRef90_UPI00046BE599	91.84	98	101
UniRef90_UPI0006254D42	91.84	98	156
UniRef90_G3THC9	91.84	98	156
UniRef90_UPI00063CE714	90.82	98	139
UniRef90_F7IL81	89.80	98	99
UniRef90_H9EWH1	90.82	98	99
UniRef90_UPI0003C8C64E	90.82	98	156
UniRef90_L5JNS0	91.84	98	129
UniRef90_UPI000441BCCC	91.84	98	178
UniRef90_I3M9G9	90.82	98	156
UniRef90_K7DD90	89.80	98	113
UniRef90_P07311	89.80	98	99
UniRef90_UPI000643C7F0	88.78	98	127
UniRef90_UPI0003F0863E	90.82	98	158
UniRef90_P56376	88.78	98	99
UniRef90_J9P901	91.84	98	119
UniRef90_H0XRB1	90.82	98	99
UniRef90_F6WNY7	90.82	98	99
UniRef90_UPI0003ACD52F	90.82	98	122
UniRef90_UPI00042AEFA3	89.80	98	156
UniRef90_Q4VAF0	88.78	98	134
UniRef90_H0WDN4	87.76	98	99
UniRef90_UPI00064305FE	88.78	98	140
UniRef90_UPI00063F786F	88.78	98	157
UniRef90_UPI00064B5162	87.76	98	118
UniRef90_UPI0004438AE1	86.73	98	99
UniRef90_G1SYS6	88.78	98	155
UniRef90_A0A091CWY0	87.76	98	120
UniRef90_UPI00064D390E	87.76	98	117
UniRef90_D4A6X4	85.71	98	99
UniRef90_UPI000454A3F6	87.76	98	139
UniRef90_UPI0000E41C00	87.76	98	99
UniRef90_UPI000661DE6F	79.63	98	132
UniRef90_F7DGK4	84.69	98	99
UniRef90_G3X0N0	83.67	98	101
UniRef90_F7AJT1	84.69	98	100
UniRef90_G1KT64	76.53	98	106
UniRef90_M7BRE4	77.55	98	99
UniRef90_V8P0J7	75.51	98	147
UniRef90_UPI000388A3BD	76.29	98	140
UniRef90_A0A0B8RRU0	73.47	98	135
UniRef90_K7GHF9	73.47	98	108
UniRef90_UPI0003C4590B	73.47	98	152
UniRef90_UPI00054E82E8	73.68	98	98
UniRef90_G3HFQ8	86.21	98	1533
UniRef90_UPI000440AB80	71.58	98	119
UniRef90_W5L534	71.58	98	123
UniRef90_UPI0004420326	72.45	98	135
UniRef90_UPI000497C01F	71.58	98	115
UniRef90_UPI0006443195	72.04	98	97
UniRef90_UPI0003EACC28	71.58	98	100
UniRef90_A0A091S3F7	70.41	98	100
UniRef90_H2MPG3	73.68	98	100
UniRef90_A0A087YAR9	71.88	98	98
UniRef90_I3KWD2	72.63	98	101
UniRef90_A0A060WLS8	73.12	98	94
UniRef90_H2VC87	73.12	98	93
UniRef90_H3BG22	71.88	98	98
UniRef90_A0A091TWP0	69.39	98	102
UniRef90_UPI0003C26A28	69.39	98	121
UniRef90_UPI0006B7CE67	70.53	98	99
UniRef90_A3KPA7	69.47	98	99
UniRef90_A0A091HPL1	70.41	98	105
UniRef90_H3DJ47	71.58	98	100
UniRef90_UPI00052930D3	67.35	98	99
UniRef90_U3JV14	69.39	98	103
UniRef90_M4AK72	70.83	98	101
UniRef90_UPI0006B3ABDF	72.34	98	122
UniRef90_Q28FK7	71.74	98	98
UniRef90_P07032	66.33	98	99
UniRef90_UPI0003EE1D7A	90.28	98	80
UniRef90_UPI000644C256	68.75	98	98
UniRef90_A0A087R4V7	65.31	98	102
UniRef90_UPI0004423B56	67.35	98	114
UniRef90_UPI0003F0C155	61.70	98	127
UniRef90_G3WHR7	65.22	98	132
UniRef90_UPI0006437A12	63.74	98	124
UniRef90_UPI0003337127	61.96	98	99
UniRef90_UPI000443395C	64.13	98	173
UniRef90_UPI000441C428	61.54	98	99
UniRef90_UPI0003F1225F	61.29	98	127
UniRef90_UPI00044453D1	65.17	98	127
UniRef90_UPI000328B883	61.54	98	127
UniRef90_P35745	61.70	98	97
UniRef90_UPI0003C8E145	58.33	98	127
UniRef90_P00820	61.54	98	99
UniRef90_U3KA01	63.33	98	103
UniRef90_UPI0002BD03CC	60.44	98	127
UniRef90_UPI0006573987	60.44	98	124
UniRef90_F7AN49	63.74	98	117
UniRef90_P14621	57.29	98	99
UniRef90_UPI00038BFC1C	59.38	98	125
UniRef90_UPI0006613BEA	63.74	98	166
UniRef90_M3YH12	62.64	98	129
UniRef90_V9LJN5	61.29	98	129
UniRef90_UPI0001CBA571	56.25	98	113
UniRef90_UPI0004F3F8BE	62.64	98	146
UniRef90_F6X4A4	60.44	98	128
UniRef90_UPI0006EAF698	59.14	98	122
UniRef90_G1LCT3	61.54	98	99
UniRef90_P00821	62.92	98	103
UniRef90_K7FX87	61.11	98	103
UniRef90_UPI000298ED6C	58.51	98	101
UniRef90_UPI00042AD3FE	59.57	98	197
UniRef90_UPI0004545A0A	59.57	98	134
UniRef90_UPI0005C38603	59.34	98	101
UniRef90_UPI00046276EA	64.04	98	98
UniRef90_E9GS27	57.45	98	102
UniRef90_UPI0003C2AAF1	61.36	98	103
UniRef90_UPI0006971886	58.89	98	178
UniRef90_A0A088AM18	56.99	98	96
UniRef90_Q5EBE1	61.80	98	103
UniRef90_UPI00069851F1	57.14	98	171
UniRef90_UPI000661A5A4	56.99	98	102
UniRef90_UPI0003EA8806	58.95	98	104
UniRef90_UPI00045D736E	58.70	98	127
UniRef90_I3KE87	56.84	98	103
UniRef90_G5BZ56	57.14	98	99
UniRef90_T1IQP0	57.14	98	93
UniRef90_UPI0003D08EFE	59.55	98	98
UniRef90_UPI00067466FE	60.22	98	100
UniRef90_A7RUU0	56.99	98	107
UniRef90_UPI00044233D2	58.43	98	98
UniRef90_W4Y3L6	57.14	98	106
UniRef90_H3BGG5	61.80	98	117
UniRef90_K7F6C0	59.55	98	98
UniRef90_UPI00044238D5	59.77	98	97
UniRef90_M3ZI91	57.89	98	98
UniRef90_R7TWU9	59.34	98	109
UniRef90_UPI00054B61DF	60.44	98	156
UniRef90_UPI0006B1E921	72.22	98	85
UniRef90_UPI00046BECD8	58.24	98	118
UniRef90_C3YXB3	56.52	98	96
UniRef90_UPI0005C3B63F	57.45	98	98
UniRef90_UPI0005BC81B4	54.84	98	125
UniRef90_UPI0005F3E3B7	53.76	98	123
UniRef90_UPI00067B671A	51.65	98	131
UniRef90_V3ZM27	54.17	98	101
UniRef90_G3PB61	53.68	98	103
UniRef90_UPI0005D4147C	52.04	98	125
UniRef90_UPI000258F0C8	53.76	98	134
UniRef90_S4P887	54.95	98	121
UniRef90_M4AII6	58.24	98	124
UniRef90_UPI000644B594	55.79	98	99
UniRef90_UPI00049764EC	55.79	98	103
UniRef90_UPI000496C490	55.79	98	122
UniRef90_G6CJC2	51.06	98	97
UniRef90_E1ZUY9	56.04	98	124
UniRef90_UPI000625B9E6	50.54	98	97
UniRef90_UPI0006447963	60.87	98	128
UniRef90_UPI0004976250	56.52	98	112
UniRef90_E9IIG8	52.58	98	139
UniRef90_UPI0006CF177B	55.91	98	97
UniRef90_S9WZ51	86.36	98	957
UniRef90_W5KH18	61.80	98	121
UniRef90_UPI0006CF1083	55.91	98	97
UniRef90_UPI0002659A3A	55.43	98	129
UniRef90_B5XBL2	59.78	98	124
UniRef90_D8UAT7	54.26	98	99
UniRef90_T1FX32	53.19	98	95
UniRef90_UPI0005EF86A1	52.08	98	130
UniRef90_UPI00035A0FE1	52.13	98	98
UniRef90_G3WHR8	56.04	98	99
UniRef90_A0A0C9R1Q2	49.46	98	129
UniRef90_G1KM45	55.06	98	96
UniRef90_I3KV25	56.52	98	120
UniRef90_C4WSX7	54.26	98	100
UniRef90_UPI00021A73B6	53.76	98	127
UniRef90_A0A0L7RIB7	52.69	98	127
UniRef90_V9L8X8	56.18	98	101
UniRef90_UPI0005D0AA48	54.35	98	101
UniRef90_UPI000580EA39	50.00	98	125
UniRef90_Q16Z04	53.85	98	146
UniRef90_UPI00062303FC	52.04	98	124
UniRef90_UPI0003C3633D	51.65	98	97
UniRef90_UPI00063FA339	52.04	98	125
UniRef90_UPI00053FF4BE	58.75	98	96
UniRef90_Q16Z05	53.85	98	166
UniRef90_E3TED5	60.92	98	121
UniRef90_UPI0003501F98	53.85	98	96
UniRef90_A0A091GVU9	67.12	98	73
UniRef90_UPI000673F81A	56.04	98	101
UniRef90_A0A023EEW2	53.85	98	144
UniRef90_UPI00067D4D53	52.08	98	101
UniRef90_UPI0005D079E1	54.08	98	84
UniRef90_E2C2U7	52.69	98	93
UniRef90_B3M373	50.55	98	102
UniRef90_B4N4L3	50.00	98	99
UniRef90_UPI000359F1D8	52.17	98	99
UniRef90_UPI0005CF6647	52.58	98	128
UniRef90_A0A034VG57	53.85	98	142
UniRef90_UPI0005968CDD	54.95	98	140
UniRef90_UPI0006B700CA	53.85	98	142
UniRef90_UPI00034FFA96	56.67	98	98
UniRef90_UPI0006735083	51.65	98	97
UniRef90_A0A077Z9X3	49.45	98	111
UniRef90_UPI0006C9666D	51.02	98	127
UniRef90_UPI0005F48DF8	43.75	98	164
UniRef90_A0A093GNE2	51.89	98	120
UniRef90_A0A0A9Y5B4	57.78	98	121
UniRef90_UPI00046BD262	57.50	98	94
UniRef90_E0VW38	54.84	98	97
UniRef90_UPI000329D5FD	53.85	98	142
UniRef90_B4GFK8	45.83	98	102
UniRef90_UPI00064426C5	54.44	98	97
UniRef90_UPI0003EC5357	58.97	98	95
UniRef90_M7AMX7	58.43	98	2458
UniRef90_G3TQN2	57.50	98	82
UniRef90_A0A0M9A6I0	51.61	98	96
UniRef90_A4VEH0	53.06	98	130
UniRef90_E1ZBA5	51.11	98	96
UniRef90_UPI0004DDE75C	61.04	98	93
UniRef90_T1IEM1	53.76	98	102
UniRef90_A0A093QYQ0	63.01	98	73
UniRef90_J3JXD7	47.31	98	103
UniRef90_H0VD84	57.69	98	80
UniRef90_K7IUV6	51.09	98	130
UniRef90_UPI0004F4F562	59.49	98	99
UniRef90_UPI0006734E98	51.61	98	98
UniRef90_UPI00038EB1F4	50.00	98	99
UniRef90_UPI0006D91201	49.53	98	114
UniRef90_U4UHD1	51.04	98	149
UniRef90_UPI000703D557	57.69	98	112
UniRef90_A0A091F399	61.04	98	77
UniRef90_UPI0005282754	58.33	98	101
UniRef90_UPI0005D0BC75	52.17	98	119
UniRef90_A0A0L0CG51	50.55	98	98
UniRef90_UPI000395546B	60.53	98	101
UniRef90_G1MU84	55.29	98	88
UniRef90_UPI00062A6FC0	56.25	98	82
UniRef90_V9LJE5	58.02	98	81
UniRef90_UPI000393F184	59.74	98	99
UniRef90_UPI0003C3A1FF	49.46	98	98
UniRef90_A0A0L8GQ97	47.31	98	97
UniRef90_W5JCQ2	49.45	98	98
UniRef90_UPI0004DFE480	60.26	98	139
UniRef90_L8GHY8	52.27	98	160
UniRef90_B4PRK9	47.25	98	102
UniRef90_A0A069DMJ1	52.69	98	93
UniRef90_UPI0005F38788	43.22	98	143
UniRef90_E0VK32	50.56	98	97
UniRef90_UPI0003C83430	57.14	98	121
UniRef90_UPI0005CBA7C2	45.38	98	123
UniRef90_UPI000522544F	54.35	98	111
UniRef90_A0A093HID9	63.01	98	73
UniRef90_UPI000549BFE8	58.97	98	170
UniRef90_UPI000626E3A1	53.85	98	96
UniRef90_UPI0004DFFBE4	59.49	98	165
UniRef90_UPI0006B0D1E8	63.01	98	135
UniRef90_UPI00022358EE	58.97	98	219
UniRef90_UPI00052ED35C	58.44	98	99
UniRef90_Q9GPM0	50.55	98	96
UniRef90_UPI000350ED2B	60.00	98	82
UniRef90_B4KBY9	44.09	98	96
UniRef90_UPI0006B07B38	56.96	98	115
UniRef90_UPI0004DDE482	62.50	98	98
UniRef90_UPI0003C3676F	48.35	98	101
UniRef90_UPI0006B70D8C	62.50	98	161
UniRef90_UPI00067641F7	45.65	98	101
UniRef90_UPI00021A67AA	47.31	98	104
UniRef90_UPI0006C93FD2	51.65	98	136
UniRef90_U3KQL2	56.41	98	172
UniRef90_UPI00051E4D58	58.44	98	147
UniRef90_UPI0007045777	57.14	98	135
UniRef90_C3ZLE7	60.56	98	75
UniRef90_A0A0L7L3Z0	50.55	98	101
UniRef90_UPI0006D522D4	49.45	98	122
UniRef90_UPI0004EFBF99	62.86	98	109
UniRef90_UPI0005120AE7	56.41	98	170
UniRef90_A0A061QUI0	52.17	98	192
UniRef90_A0A0G4H713	48.89	98	100
UniRef90_A0A0L0H9I3	49.45	98	97
UniRef90_A0A0L8G8W6	47.87	98	101
UniRef90_B4JFL9	47.25	98	96
UniRef90_UPI00051EFD5D	64.29	98	92
UniRef90_M1ECF6	57.32	98	83
UniRef90_L7M3T0	49.45	98	96
UniRef90_A0A091F8A9	59.46	98	78
UniRef90_D6X171	45.16	98	98
UniRef90_UPI0004AA1D73	54.35	98	103
UniRef90_A0CK67	51.61	98	91
UniRef90_A0A087ZMS0	47.31	98	104
UniRef90_UPI0006715505	56.25	98	137
UniRef90_UPI0006B3E317	38.57	98	177
UniRef90_UPI0004A34685	50.00	98	126
UniRef90_UPI0006C97BC8	47.31	98	114
UniRef90_UPI0005281C6A	62.86	98	71
UniRef90_UPI00042BC716	57.89	98	160
UniRef90_A0DHL3	51.11	98	102
UniRef90_G3MR87	46.15	98	96
UniRef90_UPI0003316C42	59.72	98	95
UniRef90_U3KPX8	56.16	98	83
UniRef90_UPI0003C28355	57.33	98	109
UniRef90_B9PKZ0	44.79	98	113
UniRef90_A0A0M3QYD1	43.96	98	125
UniRef90_A0A091VTP2	58.11	98	78
UniRef90_UPI000529A4A3	61.43	98	75
UniRef90_L1JAZ3	47.31	98	105
UniRef90_UPI0006B8330C	45.05	98	131
UniRef90_I0YNM5	47.31	98	138
UniRef90_UPI00034FF856	41.94	98	101
UniRef90_A8IYX0	52.44	98	84
UniRef90_W8BXW0	46.15	98	101
UniRef90_B4JE85	46.15	98	99
UniRef90_A0CNA3	53.49	98	92
UniRef90_A0A0N5E674	52.00	98	181
UniRef90_B4LUK6	46.15	98	99
UniRef90_V8PDI9	52.81	98	82
UniRef90_B4GSW9	44.57	98	132
UniRef90_A0A0B6YR11	45.26	98	100
UniRef90_B4K2X3	46.15	98	124
UniRef90_A0A022T555	46.15	98	104
UniRef90_B3MN05	41.49	98	116
UniRef90_K1PP16	42.40	98	132
UniRef90_U5ESY5	45.65	98	101
UniRef90_B3MJL0	43.75	98	119
UniRef90_A0A0M4EAL6	42.86	98	101
UniRef90_UPI0005D04242	56.94	98	119
UniRef90_UPI00062591C1	43.96	98	104
UniRef90_B4NLM3	42.86	98	101
UniRef90_UPI000329E5C6	56.58	98	101
UniRef90_F0VGX1	44.79	98	224
UniRef90_B4K6N2	43.48	98	120
UniRef90_A0A0L7RC85	45.16	98	104
UniRef90_Q9VF36	43.96	98	102
UniRef90_I3LC10	60.61	98	103
UniRef90_B4Q9D2	42.71	98	124
UniRef90_Q5DFQ8	44.21	98	100
UniRef90_UPI0004409E53	58.44	98	136
UniRef90_F6SSS2	47.19	98	108
UniRef90_B6AJI1	45.16	98	93
UniRef90_A2VEH7	43.75	98	111
UniRef90_B4KKR7	46.15	98	99
UniRef90_A0A0K8TTY5	45.65	98	160
UniRef90_B4M0E8	43.48	98	122
UniRef90_J9JNQ1	40.43	98	116
UniRef90_UPI00067B8063	39.36	98	122
UniRef90_B7PMU2	44.09	98	96
UniRef90_T2MHF3	46.74	98	96
UniRef90_UPI0005D06A11	43.01	98	105
UniRef90_UPI0003C4C5DB	57.75	98	82
UniRef90_E7EXH3	67.80	98	87
UniRef90_K7IQJ2	40.86	98	104
UniRef90_UPI0003C3A020	44.57	98	96
UniRef90_C3YGW4	43.33	98	126
UniRef90_A0A0G4J317	46.67	98	95
UniRef90_A0A0M4EA89	46.15	98	134
UniRef90_B4MWR2	43.96	98	126
UniRef90_G6CWU6	40.66	98	94
UniRef90_R4G410	40.22	98	101
UniRef90_UPI00059698BD	40.66	98	96
UniRef90_B7Q5G1	43.01	98	156
UniRef90_Q7Q4A5	43.96	98	103
UniRef90_A0A0G1ZRA1	47.73	98	149
UniRef90_UPI000528A63E	56.58	98	88
UniRef90_A0A087SGH2	50.00	98	83
UniRef90_A0A067QK36	50.00	98	94
UniRef90_A0A067QWA7	41.30	98	102
UniRef90_E9IA53	43.01	98	114
UniRef90_C3YXA4	46.74	98	99
UniRef90_B4LX48	51.39	98	96
UniRef90_A0A0G4IB56	44.32	98	93
UniRef90_UPI0006B17B33	63.33	98	147
UniRef90_A0A0F8ASN5	56.94	98	138
UniRef90_T1KG04	43.96	98	120
UniRef90_E4XCW5	47.78	98	94
UniRef90_C1BYI6	61.43	98	75
UniRef90_A0A015L740	46.15	98	95
UniRef90_UPI0006CF0630	40.22	98	101
UniRef90_B4KI43	40.66	98	101
UniRef90_V4B676	45.05	98	95
UniRef90_B4JUR5	45.74	98	141
UniRef90_A0A0E9T514	86.96	98	60
UniRef90_A0A0F8B9F2	57.75	98	633
UniRef90_UPI0005AC8AB2	44.79	98	116
UniRef90_B4NL34	43.75	98	139
UniRef90_UPI0006CEEFDB	38.54	98	108
UniRef90_K1QVM6	42.86	98	328
UniRef90_UPI000670F70C	67.86	98	85
UniRef90_UPI00062A742D	56.34	98	125
UniRef90_UPI000625E0E9	40.86	98	104
UniRef90_UPI0006C97413	40.21	98	117
UniRef90_R4V0H5	42.39	98	110
UniRef90_B3NYU5	40.00	98	149
UniRef90_A0A0A9WEE1	39.56	98	101
UniRef90_B4HLW7	41.76	98	102
UniRef90_G1P072	66.07	98	86
UniRef90_UPI0004447197	54.67	98	254
UniRef90_UPI0004E481A2	57.14	98	114
UniRef90_A0A026W5V6	51.35	98	77
UniRef90_UPI0003C4276D	59.09	98	97
UniRef90_E9PF46	62.71	98	97
UniRef90_UPI0004A380CE	45.16	98	139
UniRef90_UPI0004E49031	63.93	98	131
UniRef90_UPI0006B6E729	50.00	98	107
UniRef90_UPI00062B9263	66.67	98	110
UniRef90_UPI0003B7A27C	56.16	98	91
UniRef90_W5NEP6	62.30	98	73
UniRef90_B4MYG6	44.09	98	107
UniRef90_L8HX92	60.66	98	91
UniRef90_H2RDI4	62.07	98	98
UniRef90_UPI0003AFE64E	45.05	98	94
UniRef90_UPI00042CA6CA	64.91	98	132
UniRef90_B5DJA7	36.56	98	116
UniRef90_P56544	40.45	98	120
UniRef90_B4PQY1	39.36	98	149
UniRef90_UPI0006444626	51.39	98	77
UniRef90_UPI0005FB66CC	45.05	98	94
UniRef90_UPI00067079AE	66.07	98	85
UniRef90_UPI000384090A	55.22	98	325
UniRef90_UPI0005970CA0	39.56	98	96
UniRef90_UPI000441D4C9	64.29	98	74
UniRef90_UPI0006188635	40.66	98	127
UniRef90_UPI00046C2489	66.07	98	156
UniRef90_UPI00046C08C5	66.07	98	90
UniRef90_B3L4R7	45.56	98	129
UniRef90_UPI0005C3364C	40.22	98	94
UniRef90_UPI0005233A9B	61.67	98	60
UniRef90_UPI000682E32E	62.07	98	111
UniRef90_Q9VHX3	39.36	98	149
UniRef90_UPI00062A8CBE	62.50	98	98
UniRef90_UPI000491A4F3	63.33	98	102
UniRef90_A0A096MV90	63.16	98	98
UniRef90_UPI0005FBA110	58.06	98	130
UniRef90_S4RX73	50.70	98	75
UniRef90_H2ZTJ1	66.07	98	66
UniRef90_C5LZE1	45.56	98	111
UniRef90_Q4V6I0	42.55	98	110
UniRef90_UPI0006D51224	39.56	98	102
UniRef90_UPI00042C5B9B	62.50	98	101
UniRef90_B3MD06	42.11	98	108
UniRef90_UPI0006B15460	52.86	98	79
UniRef90_UPI0006B14E7C	62.50	98	122
UniRef90_U3KPX1	61.40	98	66
UniRef90_A3FPX5	39.56	98	123
UniRef90_A0A094KCT3	66.04	98	53
UniRef90_B0WYQ1	43.75	98	127
UniRef90_A0A087W1H4	40.00	98	95
UniRef90_A0A061ILS5	64.29	98	116
UniRef90_B4GDV8	40.66	98	143
UniRef90_B3NAB3	39.33	98	119
UniRef90_A0A0L0C9R0	42.31	98	80
UniRef90_A0A099ZUZ3	58.06	98	62
UniRef90_F4WHP8	46.67	98	75
UniRef90_UPI0006436122	67.92	98	137
UniRef90_A0A0L0CAM4	38.46	98	124
UniRef90_A0A074Z4I9	39.56	98	89
UniRef90_A0A023FTC1	39.78	98	90
UniRef90_UPI000673AC56	37.36	98	96
UniRef90_UPI0003DE9A01	44.87	98	88
UniRef90_Q28YV7	44.09	98	110
UniRef90_W7AN66	48.05	98	95
UniRef90_A0A0D9QHF4	43.33	98	129
UniRef90_W4IGW9	43.33	98	129
UniRef90_R0LYG1	54.24	98	59
UniRef90_A0A0L0RWF5	41.75	98	113
UniRef90_A0A077XEC5	48.05	98	129
UniRef90_A0A0L8GKY5	52.31	98	70
UniRef90_U3HZ49	54.24	98	65
UniRef90_A0A077XFX4	46.15	98	129
UniRef90_B3LWW5	37.11	98	150
UniRef90_UPI0006B08014	38.46	98	107
UniRef90_UPI000457610D	62.96	98	74
UniRef90_UPI0002658540	36.56	98	127
UniRef90_V6T8U5	40.62	98	101
UniRef90_A7ASJ8	41.57	98	97
UniRef90_B4LNS0	41.94	98	111
UniRef90_V7PE86	43.18	98	95
UniRef90_A0A091QQN2	62.50	98	66
UniRef90_E5SJ56	61.40	98	2533
UniRef90_UPI0005233A17	57.14	98	69
UniRef90_UPI0006B09BEF	48.57	98	74
UniRef90_G3MJ51	42.31	98	96
UniRef90_UPI0005F408F4	46.15	98	133
UniRef90_B4KT78	39.36	98	110
UniRef90_T1IQP1	41.98	98	135
UniRef90_B4JVI0	44.16	98	111
UniRef90_W4VY88	37.65	98	90
UniRef90_V6U1B4	50.00	98	100
UniRef90_Q4UIY4	47.89	98	96
UniRef90_E1F2W5	41.25	98	96
UniRef90_M7P6D1	37.93	98	96
UniRef90_J4C311	42.53	98	97
UniRef90_M7XDD4	36.96	98	90
UniRef90_E2BXV8	50.00	98	67
UniRef90_A0A0E9UNE4	88.57	98	43
UniRef90_UPI00056F9A97	44.05	98	90
UniRef90_UPI0004286AE4	37.50	98	90
UniRef90_R4KFY4	38.82	98	93
UniRef90_UPI0006D53E11	41.79	98	88
UniRef90_A0A0M0FYA2	41.67	98	95
UniRef90_F8C3A4	45.24	98	90
UniRef90_UPI00052178BD	64.44	98	56
UniRef90_UPI000360DC63	42.65	98	89
UniRef90_UPI0003C80281	93.88	98	158
UniRef90_UPI0003288955	92.86	98	156
UniRef90_UPI0006254D42	91.84	98	156
UniRef90_UPI0005BB97E5	93.88	98	163
UniRef90_G3THC9	91.84	98	156
UniRef90_UPI0003C8C64E	90.82	98	156
UniRef90_G1SYS6	88.78	98	155
UniRef90_UPI00042AEFA3	89.80	98	156
UniRef90_UPI00063F786F	88.78	98	157
UniRef90_I3M9G9	90.82	98	156
UniRef90_UPI0006437A12	59.79	98	124
UniRef90_UPI00063CE714	90.82	98	139
UniRef90_UPI00064305FE	88.78	98	140
UniRef90_UPI000454A3F6	87.76	98	139
UniRef90_UPI000643C7F0	88.78	98	127
UniRef90_UPI000441BCCC	91.84	98	178
UniRef90_UPI0002BD03CC	56.70	98	127
UniRef90_UPI00064B5162	87.76	98	118
UniRef90_UPI0003F0863E	90.82	98	158
UniRef90_UPI0003F0C155	59.79	98	127
UniRef90_UPI00042AD3FE	58.95	98	197
UniRef90_F7IL81	89.80	98	99
UniRef90_P24540	93.88	98	101
UniRef90_G1P9X8	91.84	98	101
UniRef90_L5JNS0	91.84	98	129
UniRef90_H0XRB1	90.82	98	99
UniRef90_H9EWH1	90.82	98	99
UniRef90_Q4VAF0	88.78	98	134
UniRef90_A0A091CWY0	87.76	98	120
UniRef90_P41500	100.00	98	101
UniRef90_UPI00064D390E	87.76	98	117
UniRef90_K7DD90	89.80	98	113
UniRef90_UPI0003C8E145	57.73	98	127
UniRef90_UPI000328B883	57.73	98	127
UniRef90_UPI0003F1225F	58.76	98	127
UniRef90_UPI00038BFC1C	59.38	98	125
UniRef90_UPI0003C4590B	73.47	98	152
UniRef90_UPI00044453D1	59.79	98	127
UniRef90_UPI0000E41C00	87.76	98	99
UniRef90_P07311	89.80	98	99
UniRef90_H0WDN4	87.76	98	99
UniRef90_J9P901	91.84	98	119
UniRef90_D4A6X4	85.71	98	99
UniRef90_UPI00046BE599	91.84	98	101
UniRef90_V8P0J7	75.51	98	147
UniRef90_P56376	88.78	98	99
UniRef90_UPI0004545A0A	58.95	98	134
UniRef90_UPI000443395C	62.77	98	173
UniRef90_G3WHR7	61.86	98	132
UniRef90_UPI0006613BEA	61.05	98	166
UniRef90_A0A0B8RRU0	73.47	98	135
UniRef90_UPI0004438AE1	86.73	98	99
UniRef90_UPI0003ACD52F	90.82	98	122
UniRef90_F6X4A4	56.70	98	128
UniRef90_UPI0004F3F8BE	62.64	98	146
UniRef90_UPI000661DE6F	78.70	98	132
UniRef90_F6WNY7	90.82	98	99
UniRef90_U3JV14	69.39	98	103
UniRef90_P14621	56.70	98	99
UniRef90_G1KT64	76.53	98	106
UniRef90_UPI000388A3BD	75.51	98	140
UniRef90_UPI000441C428	57.73	98	99
UniRef90_P00820	57.73	98	99
UniRef90_M7BRE4	77.55	98	99
UniRef90_A0A091TWP0	69.39	98	102
UniRef90_K7GHF9	73.47	98	108
UniRef90_P35745	61.05	98	97
UniRef90_UPI00052930D3	67.35	98	99
UniRef90_UPI0006573987	56.70	98	124
UniRef90_A0A091S3F7	70.41	98	100
UniRef90_G3X0N0	83.67	98	101
UniRef90_UPI0003C26A28	69.39	98	121
UniRef90_P00821	59.57	98	103
UniRef90_F7AN49	60.42	98	117
UniRef90_P07032	66.33	98	99
UniRef90_E9IIG8	52.04	98	139
UniRef90_UPI0004420326	72.45	98	135
UniRef90_UPI000497C01F	70.10	98	115
UniRef90_W5L534	70.83	98	123
UniRef90_S4P887	52.04	98	121
UniRef90_UPI00045D736E	55.67	98	127
UniRef90_F7AJT1	84.69	98	100
UniRef90_UPI0006443195	69.79	98	97
UniRef90_UPI00054E82E8	73.68	98	98
UniRef90_Q16Z05	51.04	98	166
UniRef90_M3YH12	61.29	98	129
UniRef90_U3KA01	61.29	98	103
UniRef90_G1LCT3	57.73	98	99
UniRef90_K7FX87	59.78	98	103
UniRef90_UPI0006EAF698	57.14	98	122
UniRef90_UPI0005BC81B4	52.04	98	125
UniRef90_W5KH18	61.80	98	121
UniRef90_A0A091HPL1	70.41	98	105
UniRef90_I3KWD2	71.13	98	101
UniRef90_Q16Z04	51.04	98	146
UniRef90_Q5EBE1	60.44	98	103
UniRef90_UPI0005F48DF8	41.04	98	164
UniRef90_F7DGK4	84.69	98	99
UniRef90_UPI0005EF86A1	51.55	98	130
UniRef90_UPI0003337127	58.76	98	99
UniRef90_UPI0003C2AAF1	60.67	98	103
UniRef90_UPI0003EA8806	59.57	98	104
UniRef90_V9LJN5	61.29	98	129
UniRef90_UPI0005F3E3B7	52.04	98	123
UniRef90_UPI000440AB80	70.83	98	119
UniRef90_E3TED5	57.45	98	121
UniRef90_H2MPG3	72.16	98	100
UniRef90_A0A023EEW2	51.04	98	144
UniRef90_UPI0005D4147C	52.04	98	125
UniRef90_H3DJ47	70.10	98	100
UniRef90_A3KPA7	67.35	98	99
UniRef90_A0A087R4V7	65.31	98	102
UniRef90_H2VC87	73.12	98	93
UniRef90_UPI0006B3ABDF	70.83	98	122
UniRef90_UPI0003EACC28	71.58	98	100
UniRef90_UPI00062303FC	52.04	98	124
UniRef90_A0A087YAR9	71.13	98	98
UniRef90_B5XBL2	59.78	98	124
UniRef90_B4JFL9	44.79	98	96
UniRef90_M4AK72	70.10	98	101
UniRef90_UPI000644C256	68.04	98	98
UniRef90_K7F6C0	56.38	98	98
UniRef90_B4GFK8	44.90	98	102
UniRef90_E1ZUY9	53.68	98	124
UniRef90_UPI000258F0C8	52.63	98	134
UniRef90_UPI00044238D5	58.43	98	97
UniRef90_UPI0003C3633D	48.96	98	97
UniRef90_A0A0L7RIB7	50.00	98	127
UniRef90_H3BG22	71.13	98	98
UniRef90_UPI00069851F1	54.17	98	171
UniRef90_UPI00063FA339	52.04	98	125
UniRef90_UPI000580EA39	50.00	98	125
UniRef90_UPI00021A73B6	51.02	98	127
UniRef90_UPI00054B61DF	60.44	98	156
UniRef90_UPI00046276EA	60.64	98	98
UniRef90_I3KV25	56.52	98	120
UniRef90_UPI0004976250	56.52	98	112
UniRef90_UPI0005D0BC75	50.00	98	119
UniRef90_G6CJC2	51.06	98	97
UniRef90_UPI0006447963	60.87	98	128
UniRef90_Q28FK7	68.37	98	98
UniRef90_UPI00067B671A	50.00	98	131
UniRef90_I3KE87	56.84	98	103
UniRef90_M3ZI91	57.89	98	98
UniRef90_V9L8X8	53.68	98	101
UniRef90_G5BZ56	54.17	98	99
UniRef90_UPI00046BECD8	56.38	98	118
UniRef90_UPI0003D08EFE	56.38	98	98
UniRef90_A0A0L0CG51	47.42	98	98
UniRef90_A0A088AM18	56.38	98	96
UniRef90_UPI000298ED6C	57.89	98	101
UniRef90_M4AII6	57.61	98	124
UniRef90_B3M373	47.42	98	102
UniRef90_A0A060WLS8	73.12	98	94
UniRef90_UPI0003501F98	52.69	98	96
UniRef90_M7AMX7	55.32	98	2458
UniRef90_UPI0006971886	56.99	98	178
UniRef90_UPI000329D5FD	52.13	98	142
UniRef90_UPI0006735083	48.96	98	97
UniRef90_UPI0005968CDD	51.55	98	140
UniRef90_C4WSX7	54.26	98	100
UniRef90_UPI0006B7CE67	70.53	98	99
UniRef90_UPI0005F38788	43.22	98	143
UniRef90_A0A0C9R1Q2	47.42	98	129
UniRef90_A7RUU0	55.21	98	107
UniRef90_UPI0002659A3A	52.58	98	129
UniRef90_B4PRK9	44.79	98	102
UniRef90_A0A034VG57	51.58	98	142
UniRef90_UPI000496C490	56.38	98	122
UniRef90_UPI000661A5A4	55.79	98	102
UniRef90_UPI0006C9666D	51.02	98	127
UniRef90_A0A077Z9X3	46.39	98	111
UniRef90_UPI00044233D2	55.32	98	98
UniRef90_E2C2U7	52.69	98	93
UniRef90_T1IQP0	56.52	98	93
UniRef90_UPI0005D0AA48	52.63	98	101
UniRef90_UPI0006C93FD2	51.65	98	136
UniRef90_R7TWU9	56.12	98	109
UniRef90_UPI00049764EC	55.79	98	103
UniRef90_E9GS27	57.45	98	102
UniRef90_UPI000644B594	55.79	98	99
UniRef90_UPI00021A67AA	46.81	98	104
UniRef90_W5JCQ2	46.39	98	98
UniRef90_G3HFQ8	87.21	98	1533
UniRef90_H3BGG5	61.11	98	117
UniRef90_UPI00059698BD	38.95	98	96
UniRef90_UPI00067466FE	59.57	98	100
UniRef90_U4UHD1	50.00	98	149
UniRef90_UPI00067D4D53	51.02	98	101
UniRef90_A0A0L8G8W6	47.87	98	101
UniRef90_G3PB61	53.68	98	103
UniRef90_A0A087ZMS0	46.81	98	104
UniRef90_A0A0M9A6I0	50.00	98	96
UniRef90_UPI0006B700CA	51.58	98	142
UniRef90_Q9GPM0	49.46	98	96
UniRef90_B4KBY9	42.71	98	96
UniRef90_G3MR87	45.16	98	96
UniRef90_UPI00034FFA96	54.26	98	98
UniRef90_G1KM45	55.06	98	96
UniRef90_K7IUV6	49.47	98	130
UniRef90_UPI0006CF1083	54.17	98	97
UniRef90_UPI0001CBA571	55.67	98	113
UniRef90_UPI0003C3A020	43.16	98	96
UniRef90_UPI000625B9E6	49.47	98	97
UniRef90_W4Y3L6	57.14	98	106
UniRef90_A0A0L7RC85	44.68	98	104
UniRef90_C3YXB3	55.32	98	96
UniRef90_E1ZBA5	48.94	98	96
UniRef90_UPI0005970CA0	37.89	98	96
UniRef90_UPI0006D522D4	45.92	98	122
UniRef90_UPI0005C38603	58.06	98	101
UniRef90_A0A069DMJ1	52.69	98	93
UniRef90_T1IEM1	52.63	98	102
UniRef90_UPI00064426C5	52.69	98	97
UniRef90_UPI0003C3A1FF	48.94	98	98
UniRef90_E0VW38	54.26	98	97
UniRef90_UPI0004DFFBE4	59.49	98	165
UniRef90_UPI000673F81A	54.26	98	101
UniRef90_UPI0006734E98	51.06	98	98
UniRef90_A0A093GNE2	50.45	98	120
UniRef90_B4N4L3	49.48	98	99
UniRef90_L7M3T0	49.45	98	96
UniRef90_A0A022T555	45.16	98	104
UniRef90_D8UAT7	52.58	98	99
UniRef90_UPI0003EC5357	58.23	98	95
UniRef90_A0A0K8TTY5	44.21	98	160
UniRef90_UPI0005CBA7C2	45.38	98	123
UniRef90_UPI0006CF177B	55.91	98	97
UniRef90_UPI00035A0FE1	52.13	98	98
UniRef90_D6X171	43.75	98	98
UniRef90_G3WHR8	55.43	98	99
UniRef90_A0A0L7L3Z0	48.94	98	101
UniRef90_B4Q9D2	41.84	98	124
UniRef90_UPI00046BD262	58.23	98	94
UniRef90_UPI0006B07B38	58.44	98	115
UniRef90_B4LUK6	44.21	98	99
UniRef90_UPI0003C83430	56.41	98	121
UniRef90_UPI00022358EE	58.23	98	219
UniRef90_UPI0005CF6647	52.58	98	128
UniRef90_UPI0006D91201	49.07	98	114
UniRef90_A2VEH7	42.86	98	111
UniRef90_UPI0003C3676F	47.83	98	101
UniRef90_UPI0006B8330C	44.57	98	131
UniRef90_UPI000703D557	56.96	98	112
UniRef90_UPI00042BC716	57.14	98	160
UniRef90_UPI0006B3E317	36.99	98	177
UniRef90_UPI0004DFE480	59.49	98	139
UniRef90_B4JE85	44.21	98	99
UniRef90_A0A0A9Y5B4	56.52	98	121
UniRef90_A0A0B6YR11	45.26	98	100
UniRef90_UPI00051E4D58	59.21	98	147
UniRef90_U3KQL2	56.41	98	172
UniRef90_UPI000359F1D8	51.61	98	99
UniRef90_L8GHY8	50.55	98	160
UniRef90_UPI00067641F7	45.16	98	101
UniRef90_W8BXW0	45.65	98	101
UniRef90_T1FX32	53.19	98	95
UniRef90_E0VK32	46.88	98	97
UniRef90_UPI00052ED35C	58.44	98	99
UniRef90_B3MN05	40.62	98	116
UniRef90_A4VEH0	53.06	98	130
UniRef90_UPI000549BFE8	59.74	98	170
UniRef90_B4MWR2	41.24	98	126
UniRef90_UPI000626E3A1	51.58	98	96
UniRef90_G6CWU6	40.22	98	94
UniRef90_G1MU84	56.63	98	88
UniRef90_B4GSW9	42.27	98	132
UniRef90_UPI0006188635	38.54	98	127
UniRef90_B4KKR7	44.21	98	99
UniRef90_B4K6N2	43.01	98	120
UniRef90_A0A0M3QYD1	42.11	98	125
UniRef90_UPI00053FF4BE	59.49	98	96
UniRef90_UPI0004F4F562	59.49	98	99
UniRef90_UPI0007045777	56.41	98	135
UniRef90_V3ZM27	53.06	98	101
UniRef90_B4K2X3	44.21	98	124
UniRef90_B3NYU5	39.58	98	149
UniRef90_Q5DFQ8	42.27	98	100
UniRef90_UPI00034FF856	40.62	98	101
UniRef90_A0A0G4H713	50.00	98	100
UniRef90_UPI000625E0E9	40.00	98	104
UniRef90_UPI0005C3B63F	56.25	98	98
UniRef90_UPI000395546B	61.33	98	101
UniRef90_A0A067QWA7	40.86	98	102
UniRef90_F0VGX1	44.79	98	224
UniRef90_UPI0004409E53	55.29	98	136
UniRef90_UPI00038EB1F4	47.87	98	99
UniRef90_B3MJL0	42.86	98	119
UniRef90_B4PQY1	38.54	98	149
UniRef90_B4M0E8	42.11	98	122
UniRef90_B4NL34	43.30	98	139
UniRef90_UPI00062591C1	42.11	98	104
UniRef90_A0A0L0CAM4	36.46	98	124
UniRef90_B9PKZ0	44.33	98	113
UniRef90_E9IA53	42.55	98	114
UniRef90_UPI0004A34685	49.52	98	126
UniRef90_A0A061QUI0	50.00	98	192
UniRef90_Q9VHX3	38.54	98	149
UniRef90_B7PMU2	44.09	98	96
UniRef90_UPI00062A6FC0	57.69	98	82
UniRef90_B4HLW7	39.80	98	102
UniRef90_J3JXD7	46.81	98	103
UniRef90_UPI0005D06A11	41.67	98	105
UniRef90_UPI0004DDE75C	61.84	98	93
UniRef90_UPI0005120AE7	56.41	98	170
UniRef90_A0A0N5E674	46.39	98	181
UniRef90_I0YNM5	46.32	98	138
UniRef90_UPI000393F184	60.53	98	99
UniRef90_B4LX48	41.05	98	96
UniRef90_P56544	38.71	98	120
UniRef90_Q9VF36	42.11	98	102
UniRef90_UPI0005AC8AB2	43.88	98	116
UniRef90_B6AJI1	45.16	98	93
UniRef90_UPI000350ED2B	59.21	98	82
UniRef90_A0A0M4EA89	44.68	98	134
UniRef90_B4JUR5	45.74	98	141
UniRef90_G3TQN2	58.23	98	82
UniRef90_T1KG04	43.48	98	120
UniRef90_R4V0H5	40.62	98	110
UniRef90_UPI0006C97BC8	45.83	98	114
UniRef90_J9JNQ1	39.58	98	116
UniRef90_A0A0A9WEE1	37.50	98	101
UniRef90_Q4V6I0	42.11	98	110
UniRef90_H0VD84	56.96	98	80
UniRef90_B3LWW5	37.11	98	150
UniRef90_B4GDV8	39.36	98	143
UniRef90_UPI0006D51224	38.54	98	102
UniRef90_V9LJE5	58.02	98	81
UniRef90_Q28YV7	42.71	98	110
UniRef90_A0CK67	51.61	98	91
UniRef90_K7IQJ2	40.43	98	104
UniRef90_UPI0003316C42	58.90	98	95
UniRef90_R4G410	39.78	98	101
UniRef90_I3LC10	54.05	98	103
UniRef90_U5ESY5	43.75	98	101
UniRef90_A0A0L8GQ97	45.83	98	97
UniRef90_C3YXA4	44.79	98	99
UniRef90_B7Q5G1	42.55	98	156
UniRef90_A0A0G4IB56	41.94	98	93
UniRef90_L1JAZ3	46.81	98	105
UniRef90_A0A0M4EAL6	41.94	98	101
UniRef90_UPI0004AA1D73	51.55	98	103
UniRef90_UPI0006B08014	38.04	98	107
UniRef90_B3NAB3	36.46	98	119
UniRef90_UPI0003C28355	56.58	98	109
UniRef90_UPI000673AC56	35.79	98	96
UniRef90_UPI0006CF0630	39.36	98	101
UniRef90_U3KPX8	56.16	98	83
UniRef90_T2MHF3	46.74	98	96
UniRef90_Q7Q4A5	43.48	98	103
UniRef90_UPI0005D079E1	54.08	98	84
UniRef90_UPI00067B8063	39.36	98	122
UniRef90_B3MD06	41.67	98	108
UniRef90_C3YGW4	42.40	98	126
UniRef90_A0A026W5V6	51.35	98	77
UniRef90_B3L4R7	41.41	98	129
UniRef90_B0WYQ1	42.86	98	127
UniRef90_A0CNA3	53.49	98	92
UniRef90_UPI000529A4A3	59.72	98	75
UniRef90_A0A023FTC1	39.78	98	90
UniRef90_UPI0006B17B33	57.58	98	147
UniRef90_B4MYG6	43.16	98	107
UniRef90_UPI0005D04242	57.75	98	119
UniRef90_A0DHL3	50.55	98	102
UniRef90_A3FPX5	38.71	98	123
UniRef90_V8PDI9	52.81	98	82
UniRef90_A0A087SGH2	49.37	98	83
UniRef90_A0A0D9QHF4	41.49	98	129
UniRef90_M1ECF6	56.63	98	83
UniRef90_UPI0006B70D8C	62.50	98	161
UniRef90_B4NLM3	41.94	98	101
UniRef90_B4LNS0	41.49	98	111
UniRef90_A0A0L0H9I3	47.83	98	97
UniRef90_A0A015L740	44.21	98	95
UniRef90_B4KI43	39.78	98	101
UniRef90_UPI0003EE1D7A	90.28	98	80
UniRef90_A8IYX0	52.44	98	84
UniRef90_UPI0005C3364C	39.78	98	94
UniRef90_A0A091VTP2	57.33	98	78
UniRef90_G3MJ51	42.31	98	96
UniRef90_UPI0003C4C5DB	56.94	98	82
UniRef90_V4B676	45.05	98	95
UniRef90_B4KT78	38.14	98	110
UniRef90_UPI000329E5C6	56.58	98	101
UniRef90_UPI0006715505	61.97	98	137
UniRef90_A0A077XEC5	41.49	98	129
UniRef90_UPI000522544F	62.50	98	111
UniRef90_A0A087W1H4	40.00	98	95
UniRef90_B4JVI0	38.14	98	111
UniRef90_UPI0006C97413	39.80	98	117
UniRef90_A0A091F8A9	59.46	98	78
UniRef90_A0A0G1ZRA1	47.67	98	149
UniRef90_A0A077XFX4	40.43	98	129
UniRef90_B5DJA7	36.17	98	116
UniRef90_V7PE86	40.43	98	95
UniRef90_W4IGW9	39.39	98	129
UniRef90_UPI0005282754	57.65	98	101
UniRef90_A0A091GVU9	68.06	98	73
UniRef90_W7AN66	41.49	98	95
UniRef90_UPI0006CEEFDB	38.14	98	108
UniRef90_UPI0004EFBF99	61.97	98	109
UniRef90_C5LZE1	43.96	98	111
UniRef90_UPI0004A380CE	44.68	98	139
UniRef90_A0A067QK36	50.00	98	94
UniRef90_F6SSS2	44.21	98	108
UniRef90_UPI0006B1E921	72.22	98	85
UniRef90_UPI0006B0D1E8	63.89	98	135
UniRef90_UPI0004447197	54.67	98	254
UniRef90_UPI00062A742D	51.28	98	125
UniRef90_A0A093QYQ0	63.89	98	73
UniRef90_K1PP16	42.06	98	132
UniRef90_UPI00042CA6CA	59.68	98	132
UniRef90_UPI0002658540	36.17	98	127
UniRef90_UPI0004DDE482	62.50	98	98
UniRef90_A0A0L0RWF5	41.75	98	113
UniRef90_C1BYI6	60.56	98	75
UniRef90_UPI000528A63E	53.75	98	88
UniRef90_UPI0003DE9A01	44.30	98	88
UniRef90_F4WHP8	47.30	98	75
UniRef90_A0A091F399	61.04	98	77
UniRef90_K1QVM6	41.94	98	328
UniRef90_A0A0G4J317	46.67	98	95
UniRef90_A0A096MV90	59.02	98	98
UniRef90_E4XCW5	46.74	98	94
UniRef90_A0A074Z4I9	37.50	98	89
UniRef90_UPI0004E49031	61.90	98	131
UniRef90_C3ZLE7	59.72	98	75
UniRef90_A0A0F8B9F2	58.57	98	633
UniRef90_UPI0004E481A2	63.93	98	114
UniRef90_UPI00051EFD5D	63.38	98	92
UniRef90_UPI0004423B56	67.35	98	114
UniRef90_L8HX92	60.66	98	91
UniRef90_A0A093HID9	63.89	98	73
UniRef90_UPI00062A8CBE	57.38	98	98
UniRef90_S4RX73	50.70	98	75
UniRef90_A0A0F8ASN5	56.94	98	138
UniRef90_T1IQP1	41.98	98	135
UniRef90_E9PF46	58.73	98	97
UniRef90_UPI00042C5B9B	58.33	98	101
UniRef90_UPI000491A4F3	58.46	98	102
UniRef90_UPI00046C2489	66.07	98	156
UniRef90_A7ASJ8	41.11	98	97
UniRef90_UPI0005281C6A	61.97	98	71
UniRef90_UPI0006B14E7C	58.33	98	122
UniRef90_UPI000670F70C	63.33	98	85
UniRef90_H2RDI4	59.02	98	98
UniRef90_G1P072	60.66	98	86
UniRef90_A0A0L0C9R0	41.77	98	80
UniRef90_UPI000682E32E	60.00	98	111
UniRef90_UPI0005FBA110	58.33	98	130
UniRef90_UPI0006436122	50.68	98	137
UniRef90_UPI000384090A	43.75	98	325
UniRef90_UPI0003C4276D	55.71	98	97
UniRef90_UPI0006B3C700	34.38	98	150
UniRef90_UPI0003B7A27C	58.57	98	91
UniRef90_UPI0006B3D2BF	34.38	98	154
UniRef90_W4VY88	38.10	98	90
UniRef90_UPI00046C08C5	66.07	98	90
UniRef90_UPI0003AFE64E	43.01	98	94
UniRef90_UPI0005FB66CC	43.01	98	94
UniRef90_W5NEP6	62.30	98	73
UniRef90_UPI0006B6E729	52.11	98	107
UniRef90_UPI00067079AE	62.71	98	85
UniRef90_UPI0006444626	51.39	98	77
UniRef90_UPI0006B09BEF	48.57	98	74
UniRef90_E7EXH3	66.67	98	87
UniRef90_S9WZ51	67.44	98	957
UniRef90_J4C311	38.14	98	97
UniRef90_UPI00062B9263	63.33	98	110
UniRef90_UPI000441D4C9	62.07	98	74
UniRef90_A0A061D237	34.02	98	97
UniRef90_UPI000673C457	35.14	98	136
UniRef90_UPI0003B34371	38.82	98	92
UniRef90_U3KPX1	60.34	98	66
UniRef90_A0A061ILS5	62.07	98	116
UniRef90_Q4UIY4	39.36	98	96
UniRef90_UPI0006B15460	63.64	98	79
UniRef90_A0A075WU38	36.56	98	90
UniRef90_UPI0004621D7A	36.26	98	98
UniRef90_E1F2W5	36.73	98	96
UniRef90_I5API8	31.91	98	128
UniRef90_UPI0005F408F4	42.16	98	133
UniRef90_UPI00056F9A97	41.30	98	90
UniRef90_V6U1B4	39.18	98	100
UniRef90_H2ZTJ1	63.79	98	66
UniRef90_F8ABD5	38.82	98	92
UniRef90_UPI0006871A5E	38.04	98	105
UniRef90_UPI0005575884	39.29	98	95
UniRef90_W7JWW8	38.37	98	297
UniRef90_Q57ZA8	32.26	98	110
UniRef90_V6T8U5	39.80	98	101
UniRef90_A0A0L8GKY5	49.28	98	70
UniRef90_M7P6D1	37.08	98	96
UniRef90_F8C3A4	42.39	98	90
UniRef90_A0A0C9RIN0	30.77	98	105
UniRef90_R0LYG1	54.24	98	59
UniRef90_U3HZ49	54.24	98	65
UniRef90_L1LGB9	38.04	98	123
UniRef90_R4KFY4	38.82	98	93
UniRef90_R7SN78	34.04	98	99
