UniRef90_A0A0C7KSV1	98.21	391	394
UniRef90_C4K4F8	90.00	391	394
UniRef90_A0A0E3Y9M2	88.21	391	394
UniRef90_Q1LSY4	87.18	391	394
UniRef90_G5QB83	99.71	391	399
UniRef90_F5Z9Y9	90.51	391	393
UniRef90_UPI0004E1B268	86.41	391	394
UniRef90_A0KQ95	91.03	391	394
UniRef90_A0A0E3U3M2	84.36	391	394
UniRef90_Q8EK81	86.67	391	394
UniRef90_M4R3D3	91.82	391	402
UniRef90_E1SKT3	90.26	391	394
UniRef90_U4US72	94.99	391	1094
UniRef90_P59506	87.95	391	394
UniRef90_B4RYQ8	88.72	391	394
UniRef90_A0A0M6W7H6	89.49	391	394
UniRef90_A0A0H4V0G6	93.09	391	369
UniRef90_A4SHU2	88.72	391	394
UniRef90_E1SLS1	88.46	391	394
UniRef90_Q492B2	85.64	391	394
UniRef90_B8D9U9	90.00	391	394
UniRef90_Q7VRP0	87.44	391	394
UniRef90_F7XY84	88.46	391	394
UniRef90_A6UZH4	84.73	391	397
UniRef90_D4G8K0	81.54	391	394
UniRef90_A0A0A1H9S2	83.38	391	396
UniRef90_C5WDH3	87.21	391	394
UniRef90_A8GYW2	86.70	391	394
UniRef90_A0A0H5BWI3	81.79	391	394
UniRef90_A0A090ARZ4	86.41	391	394
UniRef90_E8LLI7	82.56	391	394
UniRef90_E0WQG9	86.67	391	394
UniRef90_Q057A2	86.45	391	394
UniRef90_UPI0004E14064	83.08	391	394
UniRef90_D5CP51	81.84	391	396
UniRef90_Q5QWA3	85.64	391	394
UniRef90_H5SH02	83.38	391	396
UniRef90_A4CFX6	85.64	391	394
UniRef90_UPI0005576A93	83.72	391	391
UniRef90_Q3ILP4	85.13	391	394
UniRef90_A0A078LWM2	82.53	391	399
UniRef90_UPI00039C760D	85.90	391	394
UniRef90_UPI00063FD311	81.84	391	396
UniRef90_Q47UU9	83.85	391	394
UniRef90_Q8D240	83.59	391	394
UniRef90_A5EX84	82.14	391	396
UniRef90_Q2YAZ9	81.33	391	396
UniRef90_A0A0K0XY84	81.84	391	396
UniRef90_M4U7G0	84.87	391	394
UniRef90_UPI000477D6C4	81.93	391	396
UniRef90_C3X764	81.59	391	396
UniRef90_A0A073CB64	82.56	391	393
UniRef90_L0DYY6	81.63	391	396
UniRef90_A4BT50	81.59	391	396
UniRef90_G9ZCS9	82.14	391	396
UniRef90_UPI000262CE54	81.63	391	396
UniRef90_A6FH02	84.40	391	394
UniRef90_I3I674	79.65	391	407
UniRef90_Q1H4Q1	81.59	391	396
UniRef90_P33167	81.59	391	396
UniRef90_A0A0A1YDR8	80.41	391	397
UniRef90_Q2L2G6	81.33	391	396
UniRef90_A0A0J7YLM1	81.59	391	406
UniRef90_G4E3R4	80.61	391	396
UniRef90_Q4K519	80.92	391	397
UniRef90_Q3SLQ1	82.61	391	396
UniRef90_P48864	83.12	391	394
UniRef90_Q3J8Q0	80.31	391	396
UniRef90_Q0K5Z9	80.61	391	396
UniRef90_X2H998	81.68	391	396
UniRef90_Q6LLV5	85.64	391	394
UniRef90_Q605B0	80.10	391	396
UniRef90_R6A9U5	82.70	391	396
UniRef90_Q8NL22	79.28	391	396
UniRef90_I1XL59	80.82	391	396
UniRef90_F9ZXL8	79.85	391	396
UniRef90_A0A0F9VJF3	81.38	391	397
UniRef90_A1T056	83.03	391	394
UniRef90_Q5X873	82.91	391	396
UniRef90_B1XSP9	79.64	391	396
UniRef90_B0TX03	81.79	391	394
UniRef90_UPI00061D0B42	79.08	391	396
UniRef90_A7BRI4	79.54	391	396
UniRef90_D0KXF8	79.08	391	396
UniRef90_A9KD33	78.63	391	397
UniRef90_A0A031GRT6	79.34	391	396
UniRef90_W0UYE9	79.80	391	400
UniRef90_A0A084Y3B3	82.35	391	396
UniRef90_L0H027	80.56	391	396
UniRef90_Q81ZS3	82.35	391	396
UniRef90_Q6FF97	84.62	391	396
UniRef90_C7R861	85.20	391	396
UniRef90_Q21M86	78.16	391	407
UniRef90_UPI000489B779	78.88	391	396
UniRef90_A1WVC4	78.83	391	396
UniRef90_A0A0A6QVD8	79.28	391	394
UniRef90_A0A0M1JCA7	79.28	391	396
UniRef90_UPI0005EBAACD	79.34	391	396
UniRef90_A0A0F7M2N8	78.16	391	407
UniRef90_S3BAM2	83.42	391	396
UniRef90_R5VB39	76.92	391	394
UniRef90_A0A0F3KSN1	78.46	391	396
UniRef90_G2E0B0	79.59	391	396
UniRef90_A6W394	78.11	391	407
UniRef90_UPI0005C24092	79.80	391	396
UniRef90_Q7M7F1	82.19	391	396
UniRef90_N6YSN3	83.12	391	396
UniRef90_UPI00041C5802	81.52	391	399
UniRef90_Q0ABH7	82.10	391	396
UniRef90_V4YQJ1	78.09	391	402
UniRef90_I3CIM5	79.28	391	396
UniRef90_R4VHD1	78.83	391	396
UniRef90_Q2S8Z8	83.21	391	397
UniRef90_I1EPZ2	81.33	391	396
UniRef90_Q2W2H3	78.57	391	396
UniRef90_Q6N4Q4	78.52	391	396
UniRef90_UPI00037A4B5B	81.28	391	395
UniRef90_A6B9V5	85.22	391	444
UniRef90_UPI0003B782FA	81.54	391	394
UniRef90_UPI0003C1AA59	78.06	391	396
UniRef90_G2LHU1	76.98	391	414
UniRef90_A8F2E9	78.87	391	394
UniRef90_B6BV80	80.82	391	396
UniRef90_A0A081N270	78.16	391	407
UniRef90_F6CUF6	77.42	391	407
UniRef90_Q0VSL7	82.86	391	396
UniRef90_UPI00050969E4	78.01	391	396
UniRef90_C7NDJ5	77.32	391	394
UniRef90_C8WTX5	75.96	391	395
UniRef90_UPI000363D14A	77.10	391	396
UniRef90_A0A0M3DNZ6	76.73	391	396
UniRef90_A0A0N0X3D3	77.16	391	397
UniRef90_A0YHK6	76.43	391	407
UniRef90_A0A0F3KTK2	78.21	391	396
UniRef90_A6Q1L5	77.22	391	399
UniRef90_B5YFW5	77.66	391	399
UniRef90_B7J452	79.28	391	396
UniRef90_K4KLS9	81.89	391	397
UniRef90_U4TMI7	82.31	391	396
UniRef90_UPI0003601C5B	77.55	391	397
UniRef90_W0THY8	82.40	391	396
UniRef90_K1Z7X2	78.06	391	395
UniRef90_UPI0003FA8A9E	76.79	391	396
UniRef90_UPI0006D08B72	76.28	391	396
UniRef90_G4STM9	78.57	391	396
UniRef90_Q9P9Q9	77.61	391	396
UniRef90_C7LU66	76.08	391	397
UniRef90_G8NSL4	74.42	391	395
UniRef90_U4KLQ8	75.70	391	394
UniRef90_H0E8N8	79.23	391	394
UniRef90_UPI0006C7EE35	78.79	391	398
UniRef90_Q8R7V2	76.26	391	400
UniRef90_UPI0002FD951F	77.81	391	396
UniRef90_A0A077DFN5	80.77	391	396
UniRef90_B2UQY9	74.62	391	394
UniRef90_UPI000670C776	80.36	391	397
UniRef90_UPI0004127CBE	77.30	391	396
UniRef90_B8D0A8	76.84	391	397
UniRef90_A0A0F9NJA8	76.79	391	395
UniRef90_A0A0M2UDT1	75.89	391	400
UniRef90_E0XR36	77.17	391	406
UniRef90_E3DPY6	76.84	391	397
UniRef90_S6GGL9	76.25	391	407
UniRef90_B5JXS0	80.56	391	396
UniRef90_A0A0G0Z728	77.44	391	393
UniRef90_UPI0004E1309E	75.70	391	395
UniRef90_A0A0K8MCQ0	76.53	391	396
UniRef90_UPI0006F5EBC9	78.63	391	396
UniRef90_E8UFB1	81.59	391	396
UniRef90_D6Z3M4	76.59	391	396
UniRef90_UPI00037862EB	76.41	391	394
UniRef90_A0A0F8YEB7	75.96	391	401
UniRef90_A0A0K1PE41	76.53	391	396
UniRef90_F6BGH0	75.06	391	400
UniRef90_B1C4S5	75.38	391	394
UniRef90_UPI0003FB13D1	76.02	391	397
UniRef90_Q6AP86	76.59	391	396
UniRef90_C3YG40	80.26	391	425
UniRef90_A0A081KGG0	80.71	391	398
UniRef90_A0A0F7JY84	80.36	391	396
UniRef90_Q1JXE6	79.85	391	396
UniRef90_A0A0A8E8Q4	76.79	391	397
UniRef90_R9YJW8	73.40	391	396
UniRef90_UPI00065E317B	78.72	391	395
UniRef90_M4X3T8	75.32	391	400
UniRef90_G2J8U2	79.80	391	396
UniRef90_A0A0D0SEI8	75.77	391	397
UniRef90_W2BX64	76.34	391	397
UniRef90_Q01SX2	75.45	391	395
UniRef90_Q5P334	83.38	391	396
UniRef90_A0A090BU74	80.56	391	396
UniRef90_Q1N284	76.12	391	407
UniRef90_E0XWT3	75.43	391	407
UniRef90_J1F7Y8	74.62	391	399
UniRef90_UPI00047D10DF	75.89	391	400
UniRef90_F7V0B8	74.75	391	400
UniRef90_UPI000365FA60	74.94	391	396
UniRef90_K6W8F3	76.79	391	397
UniRef90_D3FEU3	80.77	391	394
UniRef90_UPI0004086354	76.79	391	391
UniRef90_A5V604	75.64	391	396
UniRef90_A1KB29	83.38	391	396
UniRef90_UPI00041D0BCC	76.47	391	397
UniRef90_A0A0H4T6L8	76.79	391	396
UniRef90_U4KMG3	74.87	391	394
UniRef90_A0A017RR69	75.63	391	406
UniRef90_A0A0K9I2H3	75.13	391	399
UniRef90_UPI00016C0D81	75.51	391	397
UniRef90_W7AYV7	79.43	391	394
UniRef90_C3YG45	79.49	391	391
UniRef90_E0TJ48	73.66	391	396
UniRef90_D0RNL2	75.45	391	395
UniRef90_A0A0K1FA42	75.26	391	397
UniRef90_A0A0F5MNP8	75.96	391	396
UniRef90_A4J0Z5	75.63	391	400
UniRef90_E5Y7B1	75.83	391	397
UniRef90_E2NSF3	74.62	391	394
UniRef90_E8RDU2	77.04	391	396
UniRef90_UPI00046D45EA	75.19	391	399
UniRef90_A1SNN5	75.70	391	397
UniRef90_R4UCS8	73.40	391	395
UniRef90_U2WU74	77.04	391	396
UniRef90_E6W252	78.97	391	395
UniRef90_Q2BGR0	76.18	391	407
UniRef90_A0A0N1BAX0	74.42	391	396
UniRef90_R5Y116	76.53	391	396
UniRef90_F5WTZ8	74.36	391	394
UniRef90_A0A0G0CBD3	76.34	391	398
UniRef90_C7GZQ3	75.83	391	397
UniRef90_G8LUM8	75.19	391	400
UniRef90_UPI00036EC7BC	76.53	391	397
UniRef90_C7NKZ3	75.51	391	397
UniRef90_A0A0A2HSC6	77.10	391	396
UniRef90_P42479	76.08	391	396
UniRef90_F6CKK2	75.44	391	400
UniRef90_Q748X8	79.28	391	396
UniRef90_A0A0J1DLC8	75.25	391	400
UniRef90_A0A059FV41	75.90	391	396
UniRef90_E0MJN8	76.28	391	391
UniRef90_A0A078KHE9	74.81	391	397
UniRef90_UPI0006B42BD1	81.38	391	376
UniRef90_A0A0G0C6L0	75.63	391	396
UniRef90_B8G1W4	74.24	391	400
UniRef90_M1PAB0	76.47	391	396
UniRef90_B9KFF9	73.42	391	399
UniRef90_Q0BUQ2	76.47	391	396
UniRef90_A0A0H4TBJ4	76.20	391	402
UniRef90_I3BWT2	79.80	391	396
UniRef90_A0A0F3GTB0	77.52	391	387
UniRef90_A0A0J7KM00	76.15	391	396
UniRef90_W6KC41	79.08	391	396
UniRef90_A0A0D7P7N3	75.19	391	396
UniRef90_Q1R0H7	79.90	391	397
UniRef90_A0A0L6CFQ3	76.28	391	397
UniRef90_UPI000419BF37	78.26	391	395
UniRef90_A0A077C4B4	75.51	391	396
UniRef90_Q7VJ74	74.94	391	399
UniRef90_UPI00036FBCF2	74.49	391	397
UniRef90_M2PLN5	74.62	391	394
UniRef90_G4ENC1	74.04	391	394
UniRef90_S5DYP6	73.85	391	394
UniRef90_K2B767	72.89	391	395
UniRef90_R5HER8	74.10	391	394
UniRef90_A0LRL8	75.77	391	397
UniRef90_A0A0M5IS11	77.41	391	399
UniRef90_T1B6I0	76.98	391	396
UniRef90_R4YMW7	74.38	391	407
UniRef90_P42482	75.38	391	399
UniRef90_H8GFM0	75.51	391	397
UniRef90_Q2II78	78.32	391	396
UniRef90_UPI0004E11A73	74.30	391	397
UniRef90_A0A017HQR1	74.49	391	391
UniRef90_K1KQ60	76.67	391	395
UniRef90_R5B543	74.94	391	403
UniRef90_UPI0003B5C3EF	74.23	391	397
UniRef90_A0A060JN72	74.62	391	396
UniRef90_E1QKT4	74.49	391	399
UniRef90_R7RU78	75.13	391	400
UniRef90_R5J9I0	74.62	391	394
UniRef90_UPI00037273BE	79.90	391	397
UniRef90_K2A3B9	75.51	391	396
UniRef90_A0A0K2SPR0	73.80	391	400
UniRef90_UPI00030673EE	76.73	391	395
UniRef90_UPI00036A9674	75.13	391	396
UniRef90_G4Q750	76.41	391	395
UniRef90_R6TUT9	73.59	391	394
UniRef90_F2LXU4	73.59	391	394
UniRef90_B1HMZ0	76.67	391	395
UniRef90_E6S9M2	75.26	391	398
UniRef90_A0A0H4TC17	74.43	391	399
UniRef90_A8GVB2	76.15	391	395
UniRef90_UPI0003B7A40D	79.13	391	397
UniRef90_B9Y6B2	73.26	391	394
UniRef90_Q2RQV8	78.88	391	396
UniRef90_H6RMT6	77.75	391	397
UniRef90_F6D953	78.77	391	396
UniRef90_C0Q9Y7	75.06	391	397
UniRef90_F9Y5N6	74.68	391	391
UniRef90_A0A0D2JK03	75.95	391	399
UniRef90_A3PGI1	74.23	391	391
UniRef90_W0JI17	73.98	391	396
UniRef90_A0A0G1N3N2	73.59	391	408
UniRef90_UPI0006B4D3B4	77.55	391	397
UniRef90_UPI00040A5C19	78.32	391	396
UniRef90_K0NNP6	74.81	391	397
UniRef90_W8TCF7	78.57	391	397
UniRef90_Q4FQG6	81.54	391	396
UniRef90_A0A0F5PAB6	74.36	391	396
UniRef90_Q30X13	78.37	391	397
UniRef90_Q2RFP5	74.49	391	400
UniRef90_A4FPM7	76.47	391	397
UniRef90_W5WL60	74.81	391	397
UniRef90_Q1IHG6	74.17	391	395
UniRef90_E7C4T5	74.74	391	396
UniRef90_UPI00040601B8	74.23	391	397
UniRef90_A0A0C1MTP2	74.74	391	391
UniRef90_S5RPA7	77.04	391	396
UniRef90_G0HIH1	72.63	391	395
UniRef90_A0A0H4T2M2	74.68	391	399
UniRef90_B9JDS7	74.94	391	391
UniRef90_Q0AUH8	73.86	391	400
UniRef90_UPI0006BB8D27	75.89	391	397
UniRef90_J9H5P4	74.23	391	397
UniRef90_K1LK22	73.86	391	397
UniRef90_Q2JFH8	78.12	391	397
UniRef90_A0A076K6Q9	74.94	391	391
UniRef90_X8K161	77.86	391	397
UniRef90_A0A0F2PAS9	73.10	391	400
UniRef90_Q839G8	77.75	391	395
UniRef90_B0TC54	75.19	391	400
UniRef90_A5CW32	76.21	391	396
UniRef90_D4CVQ3	77.38	391	394
UniRef90_UPI000495E19F	75.96	391	397
UniRef90_A5N4N1	75.51	391	397
UniRef90_A0A0F2NBX9	75.32	391	396
UniRef90_A0A0L6JTF0	73.74	391	400
UniRef90_R1CAD5	75.51	391	397
UniRef90_F4A2Y7	74.18	391	399
UniRef90_UPI00035D62F8	79.08	391	397
UniRef90_A0A099UY53	73.67	391	399
UniRef90_B5K196	74.23	391	391
UniRef90_A0A0C7DUI2	76.84	391	397
UniRef90_E8UXH6	72.38	391	395
UniRef90_UPI0006D549D2	79.34	391	396
UniRef90_J7J6A8	76.14	391	397
UniRef90_UPI000696CFBD	73.79	391	398
UniRef90_A0A0G0NCI0	73.59	391	400
UniRef90_UPI0003723650	78.63	391	396
UniRef90_A4XI37	75.00	391	400
UniRef90_A0A0F9RSZ3	80.94	391	365
UniRef90_C8W3W9	74.62	391	400
UniRef90_F2I1J9	76.59	391	397
UniRef90_A9KRZ4	74.55	391	397
UniRef90_P56003	73.67	391	399
UniRef90_A5FZW7	75.90	391	395
UniRef90_UPI0006D3C916	74.49	391	398
UniRef90_A0A0G1TD57	73.01	391	393
UniRef90_A0A0G0XYX7	73.59	391	394
UniRef90_A0A074LPG9	76.67	391	395
UniRef90_C2L1C8	75.45	391	397
UniRef90_Q8R603	76.86	391	394
UniRef90_Q3A9R3	74.87	391	400
UniRef90_Q5NQ65	76.02	391	397
UniRef90_A0A0G1ZFQ2	75.00	391	395
UniRef90_A8R9M8	72.38	391	394
UniRef90_A5D5K0	73.42	391	400
UniRef90_A0A0G0P911	73.59	391	393
UniRef90_W1Q168	76.79	391	395
UniRef90_Q6A6L7	73.98	391	397
UniRef90_A0A0J8DDN6	74.87	391	398
UniRef90_D4H373	78.61	391	394
UniRef90_U5L665	76.09	391	395
UniRef90_UPI0003F5B337	73.42	391	397
UniRef90_E7A9Y4	73.86	391	399
UniRef90_UPI000555FD1C	73.33	391	393
UniRef90_A0A0B4XYA9	78.06	391	396
UniRef90_J9Z198	74.23	391	396
UniRef90_Q47LJ1	73.98	391	397
UniRef90_K2AIU9	75.06	391	394
UniRef90_A0A0D8I532	76.28	391	397
UniRef90_A0A0B6WYF7	72.38	391	395
UniRef90_A0A0D1KLF9	74.36	391	396
UniRef90_A0A0H4T3K9	72.41	391	399
UniRef90_F4LRF2	74.49	391	401
UniRef90_UPI00034DCE4E	73.79	391	397
UniRef90_R5ACI4	73.72	391	397
UniRef90_B8I5N8	74.18	391	400
UniRef90_B1CAF4	75.83	391	397
UniRef90_A0A0L0W8Y8	74.55	391	397
UniRef90_K0AZP3	73.98	391	397
UniRef90_A0A0B5FIR1	78.26	391	396
UniRef90_K5ZI81	74.36	391	395
UniRef90_H6LGV4	78.32	391	397
UniRef90_E3GH30	78.83	391	397
UniRef90_M1YYG8	74.74	391	396
UniRef90_K6DA33	76.92	391	395
UniRef90_Q6SG61	75.00	391	396
UniRef90_R7J0Q6	72.56	391	394
UniRef90_N8R5L2	83.02	391	411
UniRef90_D7BC40	75.19	391	405
UniRef90_H5T2Y2	76.73	391	395
UniRef90_D3LTI1	74.87	391	395
UniRef90_UPI0005B2EB5A	73.79	391	397
UniRef90_UPI00037E7381	73.21	391	397
UniRef90_F2NAM0	72.96	391	396
UniRef90_A0A0G0C141	73.54	391	400
UniRef90_O21245	70.51	391	394
UniRef90_UPI0004813E5B	73.47	391	397
UniRef90_B3QY22	72.82	391	393
UniRef90_Q99QM0	78.32	391	396
UniRef90_Q8EX18	72.82	391	394
UniRef90_K2FEA1	72.66	391	398
UniRef90_UPI0003FAD2DB	74.30	391	397
UniRef90_O50306	75.64	391	395
UniRef90_D1BP65	73.98	391	395
UniRef90_A0A094PI36	76.28	391	397
UniRef90_A0A090HZ05	74.23	391	396
UniRef90_A0A0G1Y2W2	72.05	391	394
UniRef90_F4CWE6	77.49	391	397
UniRef90_V2QIK1	77.81	391	396
UniRef90_R5FU98	73.21	391	395
UniRef90_T0JV45	74.18	391	400
UniRef90_A0A0G1N2V0	73.45	391	414
UniRef90_C6C171	78.57	391	397
UniRef90_D9SXA2	73.98	391	397
UniRef90_A0A0G1AM15	72.19	391	408
UniRef90_P33166	76.98	391	396
UniRef90_UPI00040CF319	73.78	391	396
UniRef90_A7FZ71	73.66	391	397
UniRef90_UPI0004789413	72.31	391	394
UniRef90_D3QB76	73.79	391	397
UniRef90_R5Y8A1	73.33	391	394
UniRef90_A0A0G1FGT5	73.03	391	405
UniRef90_UPI0006463752	75.38	391	394
UniRef90_E0RZ25	72.89	391	396
UniRef90_UPI00047FB919	77.02	391	401
UniRef90_I3TNY4	78.12	391	396
UniRef90_A0A0G1WRX5	72.34	391	397
UniRef90_UPI0006B50259	74.23	391	397
UniRef90_A0A062X3Y2	73.33	391	395
UniRef90_A0A0G0K2Z1	72.38	391	393
UniRef90_K2BLN2	76.53	391	397
UniRef90_W7CN44	76.86	391	394
UniRef90_UPI000428F0C8	76.92	391	395
UniRef90_R2Q165	73.85	391	395
UniRef90_D4IQR6	72.63	391	395
UniRef90_K8ELS6	76.67	391	395
UniRef90_A0A0G0MCQ5	72.05	391	395
UniRef90_G2KQW5	75.19	391	392
UniRef90_A0A0G0UC19	74.23	391	394
UniRef90_Q3A6R2	76.90	391	399
UniRef90_R6D721	73.01	391	394
UniRef90_W3ANV4	73.91	391	397
UniRef90_F7XW13	74.30	391	392
UniRef90_UPI0004234AF4	76.09	391	394
UniRef90_R7DLR5	72.56	391	394
UniRef90_UPI00046F4873	77.89	391	395
UniRef90_A0A094KXI6	72.19	391	396
UniRef90_UPI0004DB7153	72.96	391	397
UniRef90_A0A0F2S6L8	77.81	391	396
UniRef90_A8MLC4	77.35	391	397
UniRef90_Q1N7Z6	74.36	391	396
UniRef90_A0A0G1DY39	74.94	391	396
UniRef90_K2E263	74.37	391	404
UniRef90_A0A0E3M839	74.74	391	397
UniRef90_A9VP75	75.90	391	396
UniRef90_A0A058ZGI3	76.53	391	391
UniRef90_R5LCN3	72.29	391	400
UniRef90_M4Q983	71.94	391	397
UniRef90_A0A0H4TAN6	72.98	391	400
UniRef90_G8TXF5	74.43	391	400
UniRef90_D1B5X7	71.94	391	397
UniRef90_UPI0004885BB1	76.79	391	396
UniRef90_UPI0004BC1841	76.47	391	397
UniRef90_Q5YPG4	74.74	391	396
UniRef90_UPI000570C703	72.38	391	395
UniRef90_B0VGC9	72.56	391	403
UniRef90_J1JAM4	74.17	391	391
UniRef90_A9NEN4	73.08	391	395
UniRef90_R7J580	73.25	391	402
UniRef90_A0A015ZM00	72.31	391	394
UniRef90_H0ULA6	72.52	391	399
UniRef90_UPI000378327F	72.89	391	394
UniRef90_A0A0H4TAJ7	73.85	391	394
UniRef90_M4Q9Q6	71.79	391	394
UniRef90_G9RRQ0	73.42	391	400
UniRef90_K6GHV7	74.74	391	396
UniRef90_N0AKG9	75.06	391	395
UniRef90_C0GGB6	73.74	391	400
UniRef90_A0A0H3JAP8	74.49	391	397
UniRef90_Q1AU14	75.13	391	400
UniRef90_A9BCK0	73.16	391	399
UniRef90_Q6UCQ7	73.47	391	396
UniRef90_W9DM01	71.94	391	397
UniRef90_L7VVM9	74.56	391	402
UniRef90_A0A0G1XAN7	72.91	391	397
UniRef90_Q0ANN1	77.55	391	396
UniRef90_A0A0A2F0C6	70.84	391	395
UniRef90_UPI0005567EA8	76.47	391	396
UniRef90_A8PNQ6	72.12	391	400
UniRef90_A0A0C7KSV1	98.21	391	394
UniRef90_H5SH02	83.38	391	396
UniRef90_C4K4F8	90.00	391	394
UniRef90_A0A0A1H9S2	83.38	391	396
UniRef90_C8WTX5	75.96	391	395
UniRef90_Q6N4Q4	78.01	391	396
UniRef90_G9ZCS9	82.14	391	396
UniRef90_L0DYY6	81.38	391	396
UniRef90_A0A0K0XY84	81.84	391	396
UniRef90_Q605B0	79.59	391	396
UniRef90_D5CP51	81.84	391	396
UniRef90_A4BT50	81.07	391	396
UniRef90_UPI000363D14A	77.10	391	396
UniRef90_UPI0006D08B72	76.28	391	396
UniRef90_L0H027	80.56	391	396
UniRef90_Q0K5Z9	80.61	391	396
UniRef90_P33167	81.59	391	396
UniRef90_C3X764	81.59	391	396
UniRef90_Q2W2H3	78.26	391	396
UniRef90_Q2YAZ9	81.33	391	396
UniRef90_G2E0B0	79.59	391	396
UniRef90_G4E3R4	80.61	391	396
UniRef90_A0A0E3Y9M2	88.21	391	394
UniRef90_Q8R7V2	76.26	391	400
UniRef90_UPI00046D45EA	74.68	391	399
UniRef90_F4LRF2	74.49	391	401
UniRef90_UPI000477D6C4	81.42	391	396
UniRef90_A0A0K8MCQ0	76.53	391	396
UniRef90_A0A0H4TBJ4	76.20	391	402
UniRef90_Q0BUQ2	76.15	391	396
UniRef90_Q8EK81	86.67	391	394
UniRef90_D9RZL0	72.98	391	400
UniRef90_UPI000365FA60	74.94	391	396
UniRef90_F6BGH0	74.81	391	400
UniRef90_A6Q1L5	77.22	391	399
UniRef90_A5EX84	82.14	391	396
UniRef90_A0A0K9I2H3	75.13	391	399
UniRef90_A6UZH4	84.73	391	397
UniRef90_UPI0004127CBE	77.30	391	396
UniRef90_UPI0004E1B268	86.41	391	394
UniRef90_R5Y116	76.53	391	396
UniRef90_Q1LSY4	87.18	391	394
UniRef90_D0KXF8	79.08	391	396
UniRef90_R5HER8	74.10	391	394
UniRef90_A0A0M1JCA7	79.28	391	396
UniRef90_UPI00063FD311	81.84	391	396
UniRef90_UPI00037862EB	75.90	391	394
UniRef90_C7NDJ5	77.32	391	394
UniRef90_G8LUM8	74.94	391	400
UniRef90_UPI0005EBAACD	79.34	391	396
UniRef90_G2LHU1	76.98	391	414
UniRef90_B8D0A8	76.84	391	397
UniRef90_UPI00050969E4	78.01	391	396
UniRef90_A8F2E9	78.87	391	394
UniRef90_B8G1W4	74.24	391	400
UniRef90_UPI000262CE54	81.63	391	396
UniRef90_A7BRI4	79.54	391	396
UniRef90_F6CKK2	75.19	391	400
UniRef90_A0A0D7P7N3	75.19	391	396
UniRef90_Q1H4Q1	81.59	391	396
UniRef90_A0A031GRT6	78.83	391	396
UniRef90_Q2L2G6	81.33	391	396
UniRef90_UPI00036A9674	74.74	391	396
UniRef90_A0A0M2UDT1	75.89	391	400
UniRef90_B5YFW5	77.66	391	399
UniRef90_UPI0003C1AA59	77.81	391	396
UniRef90_Q8NL22	79.28	391	396
UniRef90_A0A0J7YLM1	81.59	391	406
UniRef90_B1C4S5	75.38	391	394
UniRef90_B1XSP9	79.39	391	396
UniRef90_I1XL59	80.82	391	396
UniRef90_A1WVC4	78.83	391	396
UniRef90_D3LTI1	74.23	391	395
UniRef90_D6Z3M4	76.59	391	396
UniRef90_A0A0J7KM00	76.15	391	396
UniRef90_A5D5K0	73.42	391	400
UniRef90_W0UYE9	79.49	391	400
UniRef90_A4J0Z5	75.63	391	400
UniRef90_U4KLQ8	75.70	391	394
UniRef90_I3CIM5	79.28	391	396
UniRef90_Q2RFP5	74.24	391	400
UniRef90_E8LLI7	82.56	391	394
UniRef90_A0A078LWM2	82.53	391	399
UniRef90_UPI00061D0B42	79.08	391	396
UniRef90_UPI00047D10DF	75.44	391	400
UniRef90_C7LU66	76.08	391	397
UniRef90_U2WU74	77.04	391	396
UniRef90_A0A0K1PE41	76.53	391	396
UniRef90_Q3J8Q0	80.31	391	396
UniRef90_A4XI37	75.19	391	400
UniRef90_R5Y8A1	73.33	391	394
UniRef90_E8RDU2	76.53	391	396
UniRef90_A0A017RR69	74.94	391	406
UniRef90_B0TC54	75.19	391	400
UniRef90_B2UQY9	74.62	391	394
UniRef90_UPI0006D3C916	74.49	391	398
UniRef90_UPI0003FA8A9E	76.79	391	396
UniRef90_P42479	76.08	391	396
UniRef90_A0A0F3KSN1	78.06	391	396
UniRef90_D1BP65	74.10	391	395
UniRef90_F5RQ76	71.79	391	395
UniRef90_E3DPY6	76.84	391	397
UniRef90_R6D721	73.01	391	394
UniRef90_R7RU78	74.87	391	400
UniRef90_UPI000489B779	78.63	391	396
UniRef90_A0A0G0Z728	77.44	391	393
UniRef90_C8W3W9	74.37	391	400
UniRef90_W0JI17	73.98	391	396
UniRef90_Q5NQ65	75.77	391	397
UniRef90_A0A0E3U3M2	84.14	391	394
UniRef90_G8TXF5	74.18	391	400
UniRef90_F7V0B8	74.43	391	400
UniRef90_G4Q750	76.15	391	395
UniRef90_F9ZXL8	79.85	391	396
UniRef90_V4YQJ1	77.89	391	402
UniRef90_R4VHD1	78.83	391	396
UniRef90_R6TUT9	73.59	391	394
UniRef90_UPI0004086354	76.79	391	391
UniRef90_S7IST7	73.59	391	395
UniRef90_R5VB39	76.92	391	394
UniRef90_UPI0005C24092	79.08	391	396
UniRef90_A0A0F2PAS9	73.10	391	400
UniRef90_D1B5X7	71.94	391	397
UniRef90_A0A0A2HSC6	76.59	391	396
UniRef90_B9KFF9	73.42	391	399
UniRef90_A0LRL8	75.77	391	397
UniRef90_D0RNL2	75.19	391	395
UniRef90_UPI0003601C5B	77.55	391	397
UniRef90_UPI00016C0D81	75.51	391	397
UniRef90_E5Y7B1	75.83	391	397
UniRef90_A0A059FV41	75.90	391	396
UniRef90_A5FZW7	75.38	391	395
UniRef90_UPI0004E14064	83.08	391	394
UniRef90_K2A3B9	75.26	391	396
UniRef90_R5J9I0	74.62	391	394
UniRef90_A0A0N1BAX0	74.42	391	396
UniRef90_M1PAB0	76.47	391	396
UniRef90_A9KD33	78.63	391	397
UniRef90_B9Y6B2	73.26	391	394
UniRef90_Q6AP86	76.59	391	396
UniRef90_G9RRQ0	73.60	391	400
UniRef90_E1QKT4	74.18	391	399
UniRef90_A5V604	75.64	391	396
UniRef90_Q0AUH8	73.86	391	400
UniRef90_E0MJN8	76.28	391	391
UniRef90_A0A0D2JK03	75.44	391	399
UniRef90_F2LXU4	73.59	391	394
UniRef90_A0A0A1YDR8	80.41	391	397
UniRef90_UPI0005576A93	83.46	391	391
UniRef90_W2BX64	76.34	391	397
UniRef90_R5TEW7	71.28	391	394
UniRef90_A0A0H4T2M2	73.92	391	399
UniRef90_R5T3T4	71.28	391	394
UniRef90_F5Z9Y9	90.51	391	393
UniRef90_A0A0J1DLC8	75.00	391	400
UniRef90_A0A017HQR1	74.49	391	391
UniRef90_Q3A9R3	74.87	391	400
UniRef90_M1YYG8	74.74	391	396
UniRef90_P42482	75.38	391	399
UniRef90_A0A0F2NBX9	74.81	391	396
UniRef90_R6C5I9	71.28	391	389
UniRef90_X2H998	81.68	391	396
UniRef90_Q2II78	78.32	391	396
UniRef90_UPI00065E317B	78.72	391	395
UniRef90_UPI0003FB13D1	76.02	391	397
UniRef90_UPI0002FD951F	77.81	391	396
UniRef90_K4LID8	72.22	391	400
UniRef90_R7M648	71.54	391	394
UniRef90_F4A2Y7	74.68	391	399
UniRef90_A0A0A6QVD8	79.28	391	394
UniRef90_A0A0K2SPR0	73.80	391	400
UniRef90_A0A0L6JTF0	73.67	391	400
UniRef90_A0A0H4TC17	74.43	391	399
UniRef90_UPI00041D0BCC	76.47	391	397
UniRef90_A0A0F9VJF3	81.38	391	397
UniRef90_U4KMG3	74.87	391	394
UniRef90_K5ZI81	74.36	391	395
UniRef90_E2NSF3	74.62	391	394
UniRef90_G2KQW5	75.19	391	392
UniRef90_A0A0H4T6L8	76.79	391	396
UniRef90_F5WTZ8	74.36	391	394
UniRef90_A0A077C4B4	75.51	391	396
UniRef90_B1I1I6	74.37	391	400
UniRef90_E1SLS1	88.46	391	394
UniRef90_B9JDS7	74.94	391	391
UniRef90_A1SNN5	75.70	391	397
UniRef90_UPI0004E11A73	74.30	391	397
UniRef90_A0A0F5PAB6	74.36	391	396
UniRef90_R6MJG4	72.66	391	401
UniRef90_C0GGB6	73.74	391	400
UniRef90_G7V8T8	71.21	391	400
UniRef90_C9R8J2	74.24	391	400
UniRef90_M2PLN5	74.62	391	394
UniRef90_Q01SX2	75.45	391	395
UniRef90_A0KQ95	90.79	391	394
UniRef90_R7KBX5	71.10	391	396
UniRef90_A0A0D0SEI8	75.77	391	397
UniRef90_P48864	83.12	391	394
UniRef90_B3QY22	72.82	391	393
UniRef90_C2L1C8	75.26	391	397
UniRef90_B7J452	79.28	391	396
UniRef90_Q4K519	80.92	391	397
UniRef90_J9Z198	74.23	391	396
UniRef90_G8NSL4	74.42	391	395
UniRef90_A0A0A2TN52	73.03	391	399
UniRef90_A0A099UY53	73.67	391	399
UniRef90_K6W8F3	76.79	391	397
UniRef90_W7AYV7	79.43	391	394
UniRef90_UPI0006BB8D27	75.63	391	397
UniRef90_A0A084Y3B3	82.35	391	396
UniRef90_N6YSN3	83.12	391	396
UniRef90_Q1IHG6	73.98	391	395
UniRef90_Q7VJ74	74.94	391	399
UniRef90_A0A0F3KTK2	78.21	391	396
UniRef90_R7F3V4	72.12	391	397
UniRef90_E6S9M2	75.26	391	398
UniRef90_C0EE14	70.99	391	399
UniRef90_A0A0E3M839	74.74	391	397
UniRef90_W3ANV4	73.47	391	397
UniRef90_A0A0C1MTP2	74.74	391	391
UniRef90_J9H5P4	74.23	391	397
UniRef90_R6A9U5	82.70	391	396
UniRef90_A3PGI1	73.72	391	391
UniRef90_A9KRZ4	74.30	391	397
UniRef90_R7GF11	71.54	391	394
UniRef90_A0A0F3GTB0	77.52	391	387
UniRef90_R5ACI4	73.47	391	397
UniRef90_H0E8N8	79.23	391	394
UniRef90_Q3SLQ1	82.61	391	396
UniRef90_UPI0004813E5B	73.47	391	397
UniRef90_I3I674	79.65	391	407
UniRef90_D4G8K0	81.54	391	394
UniRef90_R6ZC21	72.49	391	394
UniRef90_Q47LJ1	73.98	391	397
UniRef90_B4RYQ8	88.72	391	394
UniRef90_P56003	73.67	391	399
UniRef90_Q7M7F1	82.19	391	396
UniRef90_UPI0004DB7153	72.70	391	397
UniRef90_R1CAD5	75.26	391	397
UniRef90_A0A0F5MNP8	75.96	391	396
UniRef90_A8R9M8	72.38	391	394
UniRef90_R6CAD6	70.05	391	399
UniRef90_UPI0005914BD3	70.74	391	399
UniRef90_Q5QWA3	85.64	391	394
UniRef90_UPI00047FB919	77.02	391	401
UniRef90_J1F7Y8	74.62	391	399
UniRef90_R8W1G6	71.90	391	400
UniRef90_A0A0J8DDN6	74.49	391	398
UniRef90_A0A0H5BWI3	81.59	391	394
UniRef90_UPI000495E19F	75.70	391	397
UniRef90_UPI00030673EE	76.47	391	395
UniRef90_UPI0003B5C3EF	74.23	391	397
UniRef90_R4UCS8	73.40	391	395
UniRef90_L7VVM9	74.56	391	402
UniRef90_S3BAM2	83.42	391	396
UniRef90_A0A0M5IS11	77.41	391	399
UniRef90_O50306	75.64	391	395
UniRef90_R5B543	73.87	391	403
UniRef90_E1SKT3	90.03	391	394
UniRef90_Q5X873	82.40	391	396
UniRef90_UPI0004E1309E	75.70	391	395
UniRef90_D4JZ53	72.84	391	400
UniRef90_A6FH02	84.40	391	394
UniRef90_R6U6B6	71.39	391	400
UniRef90_K0AZP3	73.72	391	397
UniRef90_H0ULA6	72.34	391	399
UniRef90_U2L5G7	74.11	391	412
UniRef90_A0A062X3Y2	73.33	391	395
UniRef90_T0JV45	73.67	391	400
UniRef90_Q9P9Q9	77.61	391	396
UniRef90_Q21M86	77.97	391	407
UniRef90_C4Z2R9	72.45	391	397
UniRef90_A0A0F7JY84	80.36	391	396
UniRef90_D9SXA2	73.98	391	397
UniRef90_A5N4N1	75.26	391	397
UniRef90_UPI000345BCB3	72.94	391	394
UniRef90_D9QZS4	72.19	391	397
UniRef90_UPI0003FAD2DB	74.30	391	397
UniRef90_M4U7G0	84.87	391	394
UniRef90_G4STM9	78.57	391	396
UniRef90_I4BV19	71.39	391	401
UniRef90_Q81ZS3	82.35	391	396
UniRef90_A4SHU2	88.49	391	394
UniRef90_UPI00055E4849	72.59	391	398
UniRef90_R7NK17	70.63	391	400
UniRef90_F9Z841	72.45	391	395
UniRef90_R7J580	73.25	391	402
UniRef90_E7A9Y4	73.86	391	399
UniRef90_A0A0M3DNZ6	76.73	391	396
UniRef90_A0A074LPG9	76.67	391	395
UniRef90_H1HUC7	71.83	391	399
UniRef90_UPI0004789413	72.31	391	394
UniRef90_UPI00040CF319	73.33	391	396
UniRef90_UPI00036EC7BC	76.53	391	397
UniRef90_G9PW36	70.99	391	396
UniRef90_Q2RQV8	78.83	391	396
UniRef90_R5FU98	72.89	391	395
UniRef90_A4CFX6	85.64	391	394
UniRef90_Q6UCQ7	73.28	391	396
UniRef90_A8GVB2	76.15	391	395
UniRef90_Q3A6R2	76.90	391	399
UniRef90_K2AIU9	75.06	391	394
UniRef90_A0A060JN72	74.62	391	396
UniRef90_W6SIV8	73.72	391	397
UniRef90_R5MKS9	71.07	391	400
UniRef90_M4R3D3	91.82	391	402
UniRef90_G4KVR0	72.15	391	401
UniRef90_C7NKZ3	75.51	391	397
UniRef90_A0A0G0P911	73.59	391	393
UniRef90_A0A0B6WYF7	72.38	391	395
UniRef90_Q0ABH7	82.10	391	396
UniRef90_Q3ILP4	85.13	391	394
UniRef90_UPI0006B50259	73.79	391	397
UniRef90_UPI0003F5B337	73.16	391	397
UniRef90_UPI00039C760D	85.68	391	394
UniRef90_B7CE90	72.24	391	394
UniRef90_D7N921	73.72	391	396
UniRef90_A0A0K1FA42	75.26	391	397
UniRef90_T0LID7	70.85	391	402
UniRef90_B1HMZ0	76.41	391	395
UniRef90_Q748X8	79.28	391	396
UniRef90_C0Q9Y7	75.06	391	397
UniRef90_UPI0005B2EB5A	73.79	391	397
UniRef90_R6HV88	71.90	391	400
UniRef90_H8GFM0	75.51	391	397
UniRef90_K1KQ60	76.92	391	395
UniRef90_R9YJW8	73.40	391	396
UniRef90_R2Q165	73.85	391	395
UniRef90_A6LPP6	73.72	391	397
UniRef90_UPI000570C703	72.38	391	395
UniRef90_UPI000555FD1C	73.33	391	393
UniRef90_G4ENC1	74.04	391	394
UniRef90_U5L665	75.84	391	395
UniRef90_E6W252	78.97	391	395
UniRef90_A0A0L6CFQ3	76.28	391	397
UniRef90_UPI00067ED292	71.83	391	400
UniRef90_UPI00040601B8	74.23	391	397
UniRef90_UPI00036FBCF2	74.49	391	397
UniRef90_K2B767	72.89	391	395
UniRef90_B6BV80	80.82	391	396
UniRef90_B8I5N8	73.92	391	400
UniRef90_Q492B2	85.42	391	394
UniRef90_J0KYB4	73.08	391	395
UniRef90_A0A078KQF4	70.56	391	400
UniRef90_R5LCN3	72.04	391	400
UniRef90_A4FPM7	76.47	391	397
UniRef90_UPI0005567EA8	76.47	391	396
UniRef90_B0VGC9	72.56	391	403
UniRef90_E0RZ25	72.89	391	396
UniRef90_UPI00056F06B1	72.34	391	401
UniRef90_A0A0G0XYX7	73.59	391	394
UniRef90_K1LK22	73.79	391	397
UniRef90_A0A077DFN5	80.36	391	396
UniRef90_UPI00049700A3	75.32	391	395
UniRef90_W6KC41	79.08	391	396
UniRef90_A0A0B2K337	70.77	391	395
UniRef90_A0A015ZM00	72.31	391	394
UniRef90_A0A0L0W8Y8	74.55	391	397
UniRef90_A7FZ71	73.66	391	397
UniRef90_UPI00036AEB3A	73.54	391	397
UniRef90_B1CAF4	75.57	391	397
UniRef90_A0A0H5SK50	71.94	391	397
UniRef90_A0A0H4T3K9	72.41	391	399
UniRef90_B0TX03	81.79	391	394
UniRef90_K2E263	74.37	391	404
UniRef90_A0A0G1VHF3	71.79	391	396
UniRef90_D1Y711	71.39	391	399
UniRef90_D5ED23	71.79	391	400
UniRef90_W6A8V7	70.59	391	395
UniRef90_A0A0G0NCI0	73.21	391	400
UniRef90_D2Z4F4	70.89	391	399
UniRef90_C7GZQ3	75.83	391	397
UniRef90_V5XNH4	72.45	391	395
UniRef90_J1JAM4	74.17	391	391
UniRef90_W0FQ61	72.86	391	413
UniRef90_A0A0B8Y141	71.68	391	395
UniRef90_A6W394	78.11	391	407
UniRef90_UPI00037E7381	73.21	391	397
UniRef90_Q1N7Z6	74.36	391	396
UniRef90_A0A0F7M2N8	78.16	391	407
UniRef90_Q1JXE6	79.85	391	396
UniRef90_A0A0G1N3N2	73.59	391	408
UniRef90_D5X9U2	75.38	391	400
UniRef90_A0A076K6Q9	74.68	391	391
UniRef90_V6J1H0	72.12	391	395
UniRef90_P42480	72.38	391	395
UniRef90_A0A0G1N2V0	73.26	391	414
UniRef90_A0A0D1KLF9	74.36	391	396
UniRef90_V2QIK1	77.81	391	396
UniRef90_Q2G8Y2	75.13	391	396
UniRef90_A0A0F8YEB7	75.96	391	401
UniRef90_H6RMT6	77.75	391	397
UniRef90_E6U4J9	70.81	391	400
UniRef90_A0A0H3JAP8	74.23	391	397
UniRef90_D7BC40	75.19	391	405
UniRef90_UPI0005530723	72.01	391	397
UniRef90_B0RZP0	74.55	391	397
UniRef90_K6DA33	76.67	391	395
UniRef90_R7F0K3	70.77	391	395
UniRef90_A0A090HZ05	73.98	391	396
UniRef90_A0A0M6W7H6	89.26	391	394
UniRef90_A0A0N0X3D3	77.16	391	397
UniRef90_F7XY84	88.24	391	394
UniRef90_E0WQG9	86.67	391	394
UniRef90_D4CVQ3	77.38	391	394
UniRef90_F8EEN6	71.54	391	395
UniRef90_A0A090ARZ4	86.41	391	394
UniRef90_M4QD94	71.10	391	394
UniRef90_B5YEY4	69.33	391	405
UniRef90_B5K196	74.23	391	391
UniRef90_M4Q9Q6	71.79	391	394
UniRef90_A8GYW2	86.70	391	394
UniRef90_P59506	87.95	391	394
UniRef90_J0NCC6	73.18	391	401
UniRef90_K0NNP6	74.81	391	397
UniRef90_A0A094JL40	75.90	391	395
UniRef90_S5DYP6	73.85	391	394
UniRef90_Q47UU9	83.63	391	394
UniRef90_D4IQR6	72.63	391	395
UniRef90_W9DM01	71.94	391	397
UniRef90_UPI0005D1F7D7	69.29	391	399
UniRef90_UPI000378327F	72.89	391	394
UniRef90_F2NAM0	72.70	391	396
UniRef90_A0A0H4TAJ7	73.85	391	394
UniRef90_S7UNY8	76.28	391	397
UniRef90_Q6A6L7	73.98	391	397
UniRef90_Q8R603	76.86	391	394
UniRef90_UPI0006B4D3B4	77.55	391	397
UniRef90_UPI0003723650	78.32	391	396
UniRef90_K1Z7X2	78.06	391	395
UniRef90_F6CUF6	77.92	391	407
UniRef90_E4TF04	74.74	391	396
UniRef90_D3R2W4	70.63	391	399
UniRef90_D3FEU3	80.77	391	394
UniRef90_A0A0G0UC19	73.85	391	394
UniRef90_B5JXS0	80.56	391	396
UniRef90_Q5SHN6	71.25	391	406
UniRef90_UPI000419BF37	78.26	391	395
UniRef90_A0A0A8K4L8	75.51	391	396
UniRef90_R5XDA5	70.99	391	398
UniRef90_F8C4G7	69.54	391	399
UniRef90_E8UXH6	72.38	391	395
UniRef90_W7CN44	76.86	391	394
UniRef90_E7C4T5	74.74	391	396
UniRef90_A0A0H4TAN6	72.73	391	400
UniRef90_Q057A2	86.45	391	394
UniRef90_Q0VSL7	82.86	391	396
UniRef90_K8E5W5	72.56	391	395
UniRef90_F7XW13	73.79	391	392
UniRef90_A0A0G0CBD3	76.59	391	398
UniRef90_O21245	70.51	391	394
UniRef90_UPI000670C776	80.10	391	397
UniRef90_UPI00040A5C19	78.32	391	396
UniRef90_J5PPS5	76.79	391	396
UniRef90_E0TJ48	73.66	391	396
UniRef90_Q5YPG4	74.74	391	396
UniRef90_UPI00047B3DA7	72.70	391	395
UniRef90_UPI00034DCE4E	73.79	391	397
UniRef90_W0THY8	82.40	391	396
UniRef90_R7J0Q6	72.56	391	394
UniRef90_U4TMI7	82.31	391	396
UniRef90_Q8D240	83.59	391	394
UniRef90_C0ZIH6	75.13	391	396
UniRef90_UPI000428F0C8	76.92	391	395
UniRef90_D5RUJ8	77.07	391	374
UniRef90_A0A0G1FCR8	71.36	391	395
UniRef90_W8TCF7	78.57	391	397
UniRef90_F9Y5N6	74.68	391	391
UniRef90_UPI0004923EFC	70.48	391	397
UniRef90_UPI000484B975	77.49	391	396
UniRef90_UPI00034523D8	73.47	391	397
UniRef90_A0A0F9R977	73.59	391	395
UniRef90_E4RX13	71.10	391	395
UniRef90_G0IX89	72.24	391	395
UniRef90_E6SLE6	75.90	391	395
UniRef90_F5TCN4	73.35	391	397
UniRef90_H5T2Y2	76.73	391	395
UniRef90_A0A0B4XYA9	78.06	391	396
UniRef90_Q1AU14	75.13	391	400
UniRef90_A0A0D6JAU0	78.26	391	396
UniRef90_A0A0G1FGT5	72.70	391	405
UniRef90_H5SGQ6	71.68	391	402
UniRef90_F5L9N0	75.51	391	396
UniRef90_C5WDH3	87.21	391	394
UniRef90_Q039K9	72.12	391	396
UniRef90_UPI000696CFBD	73.79	391	398
UniRef90_UPI00036A1926	71.47	391	394
UniRef90_A0A0F2S6L8	77.81	391	396
UniRef90_R7DLR5	72.56	391	394
UniRef90_C7R861	85.20	391	396
UniRef90_A0A0B5FIR1	78.01	391	396
UniRef90_A0A0G1ZFQ2	75.00	391	395
UniRef90_A0A0G0E364	72.98	391	401
UniRef90_E8LCW5	77.63	391	396
UniRef90_A0A0F5L534	76.28	391	396
UniRef90_D5WRR8	75.26	391	396
UniRef90_N0AKG9	74.81	391	395
UniRef90_A0A090BU74	80.31	391	396
UniRef90_Q839G8	77.49	391	395
UniRef90_Q7VRP0	87.21	391	394
