UniRef90_P00651	100.00	104	130
UniRef90_A0A0D9MQL5	99.04	104	908
UniRef90_A0A0L1JDQ0	86.54	104	141
UniRef90_Q4W9Z2	80.77	104	131
UniRef90_P00652	71.84	104	132
UniRef90_A0A0F7TY14	73.79	104	125
UniRef90_Q7M515	72.55	104	104
UniRef90_Q0CNF2	78.64	104	130
UniRef90_V5FUV0	70.87	104	805
UniRef90_G7XI83	65.38	104	135
UniRef90_S7Z887	68.93	104	125
UniRef90_A0A0F8WS88	65.38	104	138
UniRef90_P00653	65.38	104	105
UniRef90_P09646	66.02	104	153
UniRef90_F7VXA3	65.05	104	155
UniRef90_S3CRG0	65.05	104	136
UniRef90_A0A0C3CLE4	66.99	104	126
UniRef90_P09647	69.90	104	102
UniRef90_A0A0D2FGW8	63.11	104	155
UniRef90_A0A0F2MJM5	61.17	104	132
UniRef90_F0XBW1	60.19	104	141
UniRef90_A0A0D9MKK6	65.05	104	129
UniRef90_H6BT17	61.17	104	169
UniRef90_W9YDI6	62.14	104	156
UniRef90_A0A0A2LBC9	64.71	104	129
UniRef90_A0A0D2HDI1	62.14	104	155
UniRef90_A0A0D1ZI63	63.11	104	213
UniRef90_Q5BCK7	71.57	104	127
UniRef90_A0A0D2GZR8	59.22	104	134
UniRef90_A0A0D2F0P5	60.58	104	155
UniRef90_M7TGQ3	64.08	104	133
UniRef90_W9VP98	60.58	104	155
UniRef90_A0A0G2HJM6	63.11	104	129
UniRef90_V9DH11	60.58	104	152
UniRef90_Q0UDC3	64.08	104	138
UniRef90_A0A0D2IBI7	65.05	104	468
UniRef90_B2W6U3	62.50	104	136
UniRef90_W9XBV2	59.22	104	158
UniRef90_A0A074XTA9	65.00	104	133
UniRef90_A0A0L1HJW7	61.54	104	141
UniRef90_A0A0D2BX95	58.25	104	155
UniRef90_W6QJ14	67.31	104	129
UniRef90_R0K2C5	60.58	104	135
UniRef90_A0A017S355	72.82	104	134
UniRef90_A0A0F4YQ26	58.82	104	126
UniRef90_A0A0A1SRZ5	63.37	104	132
UniRef90_A0A074Y426	62.00	104	133
UniRef90_G9MRL4	58.25	104	135
UniRef90_W9XZU6	56.31	104	154
UniRef90_G2QA93	59.22	104	137
UniRef90_W6Y2D5	58.65	104	142
UniRef90_A0A093ZXB5	66.00	104	130
UniRef90_P07446	66.35	104	102
UniRef90_G3XX26	59.22	104	137
UniRef90_A0A0M0TZI9	58.25	104	140
UniRef90_A0A072PM38	60.78	104	168
UniRef90_A0A0F9ZVX4	58.82	104	500
UniRef90_A0A0D1YV30	56.73	104	138
UniRef90_K9G070	59.80	104	129
UniRef90_W3WNA3	59.22	104	143
UniRef90_Q2GX55	57.28	104	137
UniRef90_A0A0B7JI10	65.00	104	130
UniRef90_M2T712	58.65	104	142
UniRef90_M3D5B8	60.00	104	141
UniRef90_A0A090CIH8	53.85	104	137
UniRef90_A0A024SDF9	57.28	104	135
UniRef90_F9X693	61.62	104	137
UniRef90_G9P2R6	57.28	104	131
UniRef90_A0A0B2WVT0	62.00	104	131
UniRef90_G2QWU1	56.86	104	133
UniRef90_A0A0M9VTY0	57.28	104	131
UniRef90_N1PNS5	63.00	104	132
UniRef90_P10282	63.00	104	131
UniRef90_A0A074W4A2	63.00	104	133
UniRef90_P16411	62.00	104	105
UniRef90_R1H1L9	60.00	104	139
UniRef90_A0A0A1T5W7	57.28	104	157
UniRef90_A0A0N1NYH6	58.49	104	139
UniRef90_L2G2G8	62.00	104	129
UniRef90_A0A066X7T7	61.00	104	130
UniRef90_B8MM43	58.65	104	131
UniRef90_A0A0D2APL1	60.40	104	134
UniRef90_A0A094DFQ1	65.00	104	136
UniRef90_A0A0G2H6S4	56.86	104	147
UniRef90_E3QUD1	60.00	104	130
UniRef90_G3J9C8	65.00	104	129
UniRef90_N4UZ94	60.00	104	129
UniRef90_A0A084FY57	60.19	104	140
UniRef90_J6F554	52.43	104	128
UniRef90_P16412	59.00	104	105
UniRef90_J4UVG7	60.00	104	129
UniRef90_A0A093YQ26	63.00	104	130
UniRef90_M2LHS5	56.00	104	129
UniRef90_A0A0D7BII7	60.78	104	133
UniRef90_A0A016PBE0	61.62	104	132
UniRef90_A0A0D7BI90	62.14	104	133
UniRef90_H1V7L8	59.00	104	130
UniRef90_A0A0L0NFA1	62.38	104	132
UniRef90_A0A0F7ZQH7	55.45	104	129
UniRef90_A0A0I9XQ80	58.00	104	132
UniRef90_E4ZYS1	55.77	104	137
UniRef90_A0A0B7JX35	56.57	104	134
UniRef90_S3D868	54.55	104	127
UniRef90_A0A0B4I9W2	66.23	104	131
UniRef90_B6QSB5	53.85	104	132
UniRef90_E4UPH6	58.42	104	129
UniRef90_A0A0G2EHU6	59.00	104	139
UniRef90_B2ALP3	54.37	104	198
UniRef90_M7SS85	56.00	104	134
UniRef90_L7IZQ1	54.21	104	180
UniRef90_C7ZIL4	60.00	104	131
UniRef90_A0A0G4KCT4	57.00	104	138
UniRef90_A0A0B4HKU9	47.62	104	146
UniRef90_A0A0G4N194	57.00	104	787
UniRef90_A0A084QGH5	54.00	104	132
UniRef90_L2FSY2	54.90	104	140
UniRef90_C9S652	51.00	104	202
UniRef90_G2QKH2	50.96	104	206
UniRef90_P26875	60.00	104	106
UniRef90_C5FST5	55.45	104	129
UniRef90_K2S632	57.00	104	139
UniRef90_J3NPL7	50.00	104	182
UniRef90_W2S875	58.59	104	150
UniRef90_A0A0E9KYJ9	56.44	104	131
UniRef90_A0A0G4KCQ2	58.00	104	1193
UniRef90_D4AVI0	54.46	104	129
UniRef90_A0A066XKM4	51.96	104	138
UniRef90_UPI0004416D14	57.43	104	132
UniRef90_Q2GM22	49.57	104	213
UniRef90_A0A0B2WSV2	44.23	104	150
UniRef90_A0A086SXW8	54.46	104	133
UniRef90_E9DVX9	48.78	104	155
UniRef90_G0RXT8	50.94	104	221
UniRef90_D8QEK7	55.45	104	134
UniRef90_A0A063CAK7	48.00	104	155
UniRef90_A0A0C3CFS8	51.43	104	132
UniRef90_G0RXC6	55.00	104	133
UniRef90_D8Q2X5	56.31	104	129
UniRef90_S7QM21	54.00	104	123
UniRef90_A0A010QZY1	44.44	104	164
UniRef90_A0A0A1T5S2	50.50	104	207
UniRef90_A0A0M0U097	48.11	104	197
UniRef90_M1WAF0	45.00	104	155
UniRef90_S8FS49	54.90	104	125
UniRef90_H1V0J4	48.08	104	191
UniRef90_A0A0D0BXH0	52.94	104	134
UniRef90_A0A084QRX5	56.44	104	132
UniRef90_G9NPV1	55.00	104	138
UniRef90_A0A086SXB6	51.49	104	132
UniRef90_UPI000455F147	49.50	104	125
UniRef90_A0A010R0H0	47.12	104	184
UniRef90_A0A084FV74	48.08	104	190
UniRef90_P07736	51.92	104	105
UniRef90_S8AJA0	46.73	104	157
UniRef90_R9P4H0	52.48	104	128
UniRef90_E9DVW2	44.23	104	147
UniRef90_A0A0C3S7P6	49.04	104	116
UniRef90_E3QJ24	43.40	104	182
UniRef90_T0LS35	46.60	104	176
UniRef90_UPI0004561465	50.49	104	129
UniRef90_U7PJM8	67.74	104	280
UniRef90_A0A0F7SDW4	50.50	104	128
UniRef90_G1XF91	45.79	104	157
UniRef90_A0A023ADJ4	47.00	104	118
UniRef90_UPI00044130FF	48.54	104	124
UniRef90_M3B5A4	55.95	104	108
UniRef90_A0A0K6G397	44.76	104	146
UniRef90_F2PXX0	46.00	104	117
UniRef90_K5XE33	48.94	104	89
UniRef90_B8PID4	51.55	104	91
UniRef90_A0A0D7AIR8	40.37	104	137
UniRef90_A0A0A1UHW8	46.67	104	149
UniRef90_P81762	43.43	104	101
UniRef90_A0A063CAJ5	40.29	104	169
UniRef90_UPI00044167DD	53.47	104	133
UniRef90_A0A0B7FES8	45.28	104	149
UniRef90_W3VQF0	50.50	104	342
UniRef90_A0A022U7B2	43.00	104	117
UniRef90_N4VJF4	42.72	104	178
UniRef90_V5FXI9	40.95	104	155
UniRef90_A0A060SMK5	44.66	104	124
UniRef90_L2FQZ0	46.24	104	130
UniRef90_A0A0C9WAJ5	45.10	104	123
UniRef90_B1Q4V2	43.56	104	124
UniRef90_M7TTU9	39.83	104	154
UniRef90_A0A0K6G6R1	46.39	104	151
UniRef90_A0A0G4MKF0	41.41	104	174
UniRef90_A7EM47	37.61	104	154
UniRef90_A0A0C3KFT9	43.14	104	121
UniRef90_A0A0G2GPM7	45.05	104	124
UniRef90_K5Y7H4	56.94	104	132
UniRef90_A0A0B7FCS3	53.85	104	145
UniRef90_A0A0C2T6Z0	50.72	104	70
UniRef90_A0A0B7FAY4	46.75	104	213
UniRef90_UPI00045604CB	38.24	104	140
UniRef90_V2XLK8	47.57	104	127
UniRef90_K2RYE8	42.45	104	145
UniRef90_I2G242	55.45	104	128
UniRef90_W4KMR1	47.37	104	98
UniRef90_W9CME7	41.88	104	153
UniRef90_M5BZ62	45.57	104	153
UniRef90_A0A0C3D861	42.20	104	163
UniRef90_A0A074RYY5	44.74	104	106
UniRef90_A0A0C2ZY48	42.39	104	94
UniRef90_A0A0L9SHE6	50.00	104	109
UniRef90_R1G7H9	49.43	104	124
UniRef90_J0LDH2	45.45	104	76
UniRef90_A0A059J9F3	43.00	104	117
UniRef90_K5UTJ1	38.53	104	140
UniRef90_A0A0B7F978	43.75	104	149
UniRef90_A0A0K6G181	45.78	104	164
UniRef90_K1X0A3	33.66	104	152
UniRef90_X8IVJ2	42.50	104	175
UniRef90_M2R726	36.54	104	129
UniRef90_UPI000440956F	37.61	104	135
UniRef90_G2X5B1	50.75	104	122
UniRef90_UPI00044497AF	35.78	104	140
UniRef90_D5GLZ1	47.50	104	101
UniRef90_M5C2X3	43.75	104	676
UniRef90_A0A0D9MQL5	99.04	104	908
UniRef90_V5FUV0	70.87	104	805
UniRef90_A0A0D2FGW8	63.11	104	155
UniRef90_P00651	100.00	104	130
UniRef90_A0A0D2HDI1	62.14	104	155
UniRef90_A0A0F9ZVX4	58.82	104	500
UniRef90_W9VP98	61.17	104	155
UniRef90_A0A0D2BX95	58.25	104	155
UniRef90_Q4W9Z2	80.77	104	131
UniRef90_A0A0F2MJM5	61.17	104	132
UniRef90_V9DH11	61.17	104	152
UniRef90_W9XBV2	59.22	104	158
UniRef90_A0A0D1ZI63	62.50	104	213
UniRef90_A0A0D2IBI7	65.05	104	468
UniRef90_A0A0L1JDQ0	86.54	104	141
UniRef90_W9YDI6	62.14	104	156
UniRef90_A0A0C3CLE4	66.35	104	126
UniRef90_S3CRG0	65.05	104	136
UniRef90_F0XBW1	59.62	104	141
UniRef90_H6BT17	61.17	104	169
UniRef90_A0A0D2F0P5	60.58	104	155
UniRef90_F7VXA3	65.05	104	155
UniRef90_A0A0D2GZR8	59.22	104	134
UniRef90_W9XZU6	56.31	104	154
UniRef90_A0A0D1YV30	56.73	104	138
UniRef90_A0A0G2HJM6	62.50	104	129
UniRef90_G2QA93	59.22	104	137
UniRef90_G9MRL4	58.25	104	135
UniRef90_A0A066X7T7	61.00	104	130
UniRef90_P09646	66.02	104	153
UniRef90_A0A0B2WVT0	60.78	104	131
UniRef90_G7XI83	65.38	104	135
UniRef90_A0A024SDF9	57.28	104	135
UniRef90_G2QWU1	56.31	104	133
UniRef90_P00652	71.84	104	132
UniRef90_E3QUD1	60.00	104	130
UniRef90_S7Z887	68.93	104	125
UniRef90_G9P2R6	57.28	104	131
UniRef90_A0A0G4N194	55.88	104	787
UniRef90_Q2GX55	57.28	104	137
UniRef90_M7TGQ3	64.08	104	133
UniRef90_A0A0G4KCQ2	56.86	104	1193
UniRef90_W3WNA3	58.65	104	143
UniRef90_A0A0M9VTY0	57.28	104	131
UniRef90_R0K2C5	60.58	104	135
UniRef90_A0A0G2H6S4	56.31	104	147
UniRef90_A0A072PM38	60.19	104	168
UniRef90_L2G2G8	62.00	104	129
UniRef90_C9S652	50.00	104	202
UniRef90_A0A0M0TZI9	58.25	104	140
UniRef90_A0A0L1HJW7	61.54	104	141
UniRef90_N4UZ94	58.82	104	129
UniRef90_P10282	61.76	104	131
UniRef90_Q0CNF2	78.64	104	130
UniRef90_M3D5B8	58.82	104	141
UniRef90_A0A0A1T5W7	57.28	104	157
UniRef90_A0A0F8WS88	65.38	104	138
UniRef90_R1H1L9	58.82	104	139
UniRef90_A0A0F7TY14	73.79	104	125
UniRef90_H1V7L8	57.84	104	130
UniRef90_Q0UDC3	64.08	104	138
UniRef90_A0A074XTA9	63.73	104	133
UniRef90_F9X693	61.62	104	137
UniRef90_A0A0D9MKK6	65.05	104	129
UniRef90_A0A0D2APL1	60.40	104	134
UniRef90_A0A0A1SRZ5	62.14	104	132
UniRef90_B8MM43	58.65	104	131
UniRef90_A0A090CIH8	53.85	104	137
UniRef90_J4UVG7	58.82	104	129
UniRef90_A0A074W4A2	63.00	104	133
UniRef90_A0A093ZXB5	64.71	104	130
UniRef90_Q7M515	72.55	104	104
UniRef90_A0A0F4YQ26	58.82	104	126
UniRef90_A0A0N1NYH6	58.49	104	139
UniRef90_B2W6U3	62.50	104	136
UniRef90_J3NPL7	49.52	104	182
UniRef90_A0A0G4KCT4	55.88	104	138
UniRef90_A0A074Y426	60.78	104	133
UniRef90_N1PNS5	63.00	104	132
UniRef90_A0A0B7JI10	63.73	104	130
UniRef90_P00653	65.38	104	105
UniRef90_A0A094DFQ1	63.73	104	136
UniRef90_A0A0B4HKU9	47.62	104	146
UniRef90_W6Y2D5	58.65	104	142
UniRef90_A0A0A2LBC9	64.71	104	129
UniRef90_M2T712	58.65	104	142
UniRef90_L7IZQ1	53.27	104	180
UniRef90_B6QSB5	53.85	104	132
UniRef90_K9G070	59.80	104	129
UniRef90_A0A010QZY1	44.44	104	164
UniRef90_A0A0B7JX35	54.90	104	134
UniRef90_P09647	69.90	104	102
UniRef90_A0A0G2EHU6	57.84	104	139
UniRef90_M2LHS5	56.00	104	129
UniRef90_A0A093YQ26	61.76	104	130
UniRef90_A0A084FY57	57.69	104	140
UniRef90_Q5BCK7	71.57	104	127
UniRef90_A0A0B4I9W2	55.88	104	131
UniRef90_G0RXT8	51.43	104	221
UniRef90_P16411	60.78	104	105
UniRef90_J6F554	51.46	104	128
UniRef90_S3D868	53.47	104	127
UniRef90_A0A0F7ZQH7	55.45	104	129
UniRef90_A0A0B2WSV2	44.23	104	150
UniRef90_A0A016PBE0	59.80	104	132
UniRef90_A0A084QGH5	54.55	104	132
UniRef90_W6QJ14	67.31	104	129
UniRef90_E4UPH6	57.28	104	129
UniRef90_G2QKH2	50.48	104	206
UniRef90_B2ALP3	53.85	104	198
UniRef90_A0A0I9XQ80	55.77	104	132
UniRef90_K2S632	54.90	104	139
UniRef90_UPI0004416D14	55.88	104	132
UniRef90_A0A0L0NFA1	62.38	104	132
UniRef90_P16412	57.84	104	105
UniRef90_G3J9C8	63.73	104	129
UniRef90_C5FST5	54.37	104	129
UniRef90_A0A084FV74	46.67	104	190
UniRef90_A0A086SXW8	53.40	104	133
UniRef90_A0A0M0U097	48.57	104	197
UniRef90_G3XX26	59.22	104	137
UniRef90_M7SS85	54.90	104	134
UniRef90_L2FSY2	54.90	104	140
UniRef90_A0A0D7BII7	59.22	104	133
UniRef90_C7ZIL4	58.82	104	131
UniRef90_A0A066XKM4	51.96	104	138
UniRef90_A0A063CAK7	48.48	104	155
UniRef90_D4AVI0	53.40	104	129
UniRef90_A0A017S355	72.82	104	134
UniRef90_D8QEK7	54.90	104	134
UniRef90_A0A0A1T5S2	50.50	104	207
UniRef90_A0A023ADJ4	45.71	104	118
UniRef90_P07446	66.35	104	102
UniRef90_H1V0J4	47.62	104	191
UniRef90_A0A0D7BI90	60.19	104	133
UniRef90_M1WAF0	44.55	104	155
UniRef90_Q2GM22	48.28	104	213
UniRef90_A0A086SXB6	52.00	104	132
UniRef90_E3QJ24	43.40	104	182
UniRef90_E4ZYS1	55.77	104	137
UniRef90_E9DVX9	47.62	104	155
UniRef90_A0A010R0H0	46.67	104	184
UniRef90_F2PXX0	42.72	104	117
UniRef90_A0A022U7B2	39.81	104	117
UniRef90_W2S875	58.59	104	150
UniRef90_T0LS35	46.60	104	176
UniRef90_G0RXC6	53.92	104	133
UniRef90_A0A0D0BXH0	50.49	104	134
UniRef90_E9DVW2	44.23	104	147
UniRef90_S8AJA0	46.73	104	157
UniRef90_A0A084QRX5	55.88	104	132
UniRef90_N4VJF4	42.72	104	178
UniRef90_G1XF91	45.79	104	157
UniRef90_A0A0E9KYJ9	56.44	104	131
UniRef90_V5FXI9	40.00	104	155
UniRef90_W3VQF0	50.00	104	342
UniRef90_S7QM21	51.00	104	123
UniRef90_P26875	59.41	104	106
UniRef90_A0A0G4MKF0	40.59	104	174
UniRef90_A0A0D7AIR8	40.57	104	137
UniRef90_D8Q2X5	53.40	104	129
UniRef90_A0A0C3CFS8	51.43	104	132
UniRef90_UPI0004561465	50.00	104	129
UniRef90_UPI000455F147	48.51	104	125
UniRef90_A0A0B7FES8	45.28	104	149
UniRef90_R9P4H0	49.04	104	128
UniRef90_UPI00044130FF	45.45	104	124
UniRef90_A0A0A1UHW8	45.37	104	149
UniRef90_S8FS49	53.47	104	125
UniRef90_A0A0K6G397	44.34	104	146
UniRef90_L2FQZ0	45.74	104	130
UniRef90_UPI00044167DD	51.96	104	133
UniRef90_A0A060SMK5	41.41	104	124
UniRef90_G9NPV1	53.66	104	138
UniRef90_A0A0C3S7P6	46.00	104	116
UniRef90_UPI000440956F	40.00	104	135
UniRef90_A7EM47	37.61	104	154
UniRef90_M7TTU9	39.83	104	154
UniRef90_K5UTJ1	39.09	104	140
UniRef90_A0A0F7SDW4	49.04	104	128
UniRef90_A0A0C9WAJ5	44.55	104	123
UniRef90_P07736	50.00	104	105
UniRef90_A0A0K6G6R1	39.81	104	151
UniRef90_A0A059J9F3	41.75	104	117
UniRef90_U7PJM8	67.74	104	280
UniRef90_A0A0C3D861	39.45	104	163
UniRef90_A0A0C3KFT9	42.16	104	121
UniRef90_A0A063CAJ5	40.29	104	169
UniRef90_M3B5A4	54.65	104	108
UniRef90_B1Q4V2	42.57	104	124
UniRef90_K5XE33	47.37	104	89
UniRef90_A0A0B7FAY4	40.37	104	213
UniRef90_K2RYE8	42.86	104	145
UniRef90_UPI00044497AF	38.18	104	140
UniRef90_UPI0004449601	38.18	104	140
UniRef90_P81762	43.43	104	101
UniRef90_M2R726	36.19	104	129
UniRef90_K1X0A3	33.66	104	152
UniRef90_K5Y7H4	44.00	104	132
UniRef90_V2XLK8	44.00	104	127
UniRef90_A0A0C3EQ12	34.55	104	142
UniRef90_B8PID4	48.98	104	91
UniRef90_A0A0C3NH10	36.36	104	124
UniRef90_W9CME7	38.46	104	153
UniRef90_A0A0E9NBN8	37.84	104	219
UniRef90_M5C2X3	38.46	104	676
UniRef90_A0A0G2GPM7	45.05	104	124
UniRef90_UPI00045604CB	38.24	104	140
UniRef90_M5BZ62	39.64	104	153
UniRef90_W4KMR1	41.84	104	98
UniRef90_V5ERI2	40.66	104	311
UniRef90_I2G242	53.40	104	128
UniRef90_A0A0H2S1S9	38.18	104	135
UniRef90_A0A0C2ZY48	40.00	104	94
UniRef90_D5GLZ1	45.57	104	101
UniRef90_A0A0B7F978	38.46	104	149
UniRef90_A0A0B7FCS3	53.85	104	145
UniRef90_M9MI86	40.62	104	400
UniRef90_X8IVJ2	36.54	104	175
UniRef90_A0A0C9XCV3	35.19	104	127
UniRef90_A0A074RYY5	41.46	104	106
UniRef90_M2R7T3	29.09	104	136
UniRef90_G2X5B1	49.28	104	122
UniRef90_A0A0C2T6Z0	50.72	104	70
UniRef90_V5EZV5	38.74	104	136
UniRef90_R1G7H9	46.39	104	124
UniRef90_A0A0K6G181	40.00	104	164
UniRef90_J0LDH2	45.45	104	76
UniRef90_A0A0K6G3N3	30.61	104	170
UniRef90_A0A0L9SHE6	50.00	104	109
UniRef90_A0A0K6G393	33.02	104	148
UniRef90_F2S6H2	40.00	104	137
UniRef90_A0A077R256	35.51	104	134
UniRef90_A0A0C9WYL3	35.29	104	130
UniRef90_A0A0K8LNN9	33.04	104	160
UniRef90_B0D2B0	36.11	104	137
UniRef90_P00654	32.41	104	114
UniRef90_A0A074RIP9	36.36	104	154
UniRef90_M9MA62	37.61	104	133
UniRef90_L8WHR3	35.16	104	139
UniRef90_M2QQM8	33.64	104	135
UniRef90_A0A067NIK4	32.65	104	161
UniRef90_A0A0C4DNZ4	44.44	104	125
UniRef90_I2FRW8	35.51	104	136
UniRef90_B0D2B1	45.07	104	72
UniRef90_M2QQR2	36.11	104	142
UniRef90_E3QDQ2	48.53	104	84
UniRef90_W7E309	33.64	104	136
UniRef90_A0A0K8LLL5	29.36	104	191
UniRef90_A0A0F8A3I9	33.33	104	300
UniRef90_A0A061H8P6	34.55	104	134
UniRef90_A0A067P629	35.09	104	140
UniRef90_Q0CIA1	25.42	104	264
UniRef90_Q2UP36	36.84	104	287
UniRef90_W6Z9U6	32.73	104	123
UniRef90_A0A0F0IG20	36.84	104	405
UniRef90_M2T2L1	30.25	104	145
UniRef90_B0Y965	33.64	104	264
UniRef90_A0A0C9WG88	39.22	104	179
UniRef90_N4VL42	41.43	104	129
UniRef90_D4AUY0	32.86	104	106
UniRef90_R7SWP3	42.67	104	90
UniRef90_M2QBW5	32.74	104	136
UniRef90_A0A081CBA2	29.41	104	160
UniRef90_M1VVC8	32.41	104	178
UniRef90_A0A0K6G3Q4	35.64	104	249
UniRef90_A0A0L1HIL6	40.00	104	85
UniRef90_A0A0K8LNZ8	30.09	104	775
UniRef90_D4DB63	30.43	104	104
UniRef90_A0A074X0Q9	33.33	104	167
UniRef90_W3VLM0	34.74	104	145
UniRef90_R1EB25	33.64	104	186
UniRef90_M5BXX4	49.21	104	129
UniRef90_A0A067NIJ4	38.24	104	67
UniRef90_A1D5F1	31.53	104	195
UniRef90_A0A0F8A3U7	40.00	104	432
UniRef90_L8WWP0	34.18	104	133
UniRef90_A0A0C9ZLJ5	43.64	104	73
UniRef90_A2R152	30.39	104	194
UniRef90_Q0CBS7	28.04	104	197
UniRef90_A0A0G2I413	31.15	104	167
UniRef90_A0A066XRS2	29.75	104	166
UniRef90_R1EIR6	26.17	104	145
UniRef90_K2RZD1	30.63	104	226
UniRef90_A0A067P520	34.44	104	154
UniRef90_A0A0L9SNX2	26.23	104	191
UniRef90_A0A066XPS5	39.58	104	126
UniRef90_A0A0L1IWP7	28.97	104	188
UniRef90_A0A0C2F443	28.92	104	202
UniRef90_UPI0001F29EE4	38.81	104	288
UniRef90_A0A066VKP0	50.00	104	64
UniRef90_C9SSH5	33.01	104	126
UniRef90_R9NWR6	33.71	104	251
UniRef90_K2QNX2	25.93	104	193
UniRef90_U7PRD4	28.92	104	136
UniRef90_A0A0D9MMC1	29.63	104	189
UniRef90_A0A0F7ZJ34	32.26	104	1002
UniRef90_W3WV17	35.44	104	138
UniRef90_A0A0N1HGR7	40.82	104	186
UniRef90_K2S1Z3	32.43	104	118
UniRef90_G7XZM1	27.62	104	198
UniRef90_A0A0B1P344	32.58	104	439
