UniRef90_B3LP78	100.00	452	483
UniRef90_G2WLM7	99.78	452	454
UniRef90_H2APD9	74.34	452	450
UniRef90_W0VTU0	72.06	452	452
UniRef90_G8ZUI9	73.84	452	449
UniRef90_Q6FP08	74.56	452	466
UniRef90_A7TQN9	73.94	452	495
UniRef90_I2GXK5	71.59	452	528
UniRef90_G8C2F9	73.92	452	480
UniRef90_G0WD47	71.83	452	456
UniRef90_J7R7A4	71.52	452	449
UniRef90_G8JUS5	69.33	452	488
UniRef90_C5DYT5	69.18	452	456
UniRef90_Q75E86	68.89	452	479
UniRef90_G0VHE0	68.42	452	456
UniRef90_K0KT46	55.21	452	484
UniRef90_A0A0H5C9V2	53.32	452	464
UniRef90_A0A0L0NVR1	52.97	452	454
UniRef90_A0A061AZ04	53.15	452	449
UniRef90_A5DCK1	51.78	452	454
UniRef90_C4XVR2	51.46	452	452
UniRef90_W6MJ33	49.89	452	505
UniRef90_W1QB29	50.55	452	443
UniRef90_A0A0J9X6B9	48.78	452	445
UniRef90_A0A0J9XHA1	48.66	452	455
UniRef90_A0A060TIF4	46.89	452	441
UniRef90_I2JU39	51.79	452	413
UniRef90_A0A099P560	48.11	452	1290
UniRef90_A0A0F4YQ92	42.98	452	505
UniRef90_A0A0G2HLA7	44.47	452	513
UniRef90_A0A0D1Y8V2	43.79	452	509
UniRef90_H6BPT0	44.40	452	518
UniRef90_A0A072Q0N1	43.32	452	513
UniRef90_A0A0D1YCC5	44.42	452	523
UniRef90_R8BQU1	43.60	452	517
UniRef90_W9YDJ1	43.36	452	511
UniRef90_A0A0D1X0A5	43.10	452	510
UniRef90_A0A0D2D2P6	43.56	452	523
UniRef90_G5EHT3	43.29	452	507
UniRef90_W2RXH2	43.79	452	504
UniRef90_S8ELA0	44.81	452	499
UniRef90_W9VP86	43.78	452	518
UniRef90_W3WZA9	41.91	452	519
UniRef90_A0A060SE93	44.18	452	502
UniRef90_A0A0F7ZV37	44.93	452	502
UniRef90_Q7SGS9	43.40	452	516
UniRef90_V5FM06	41.59	452	506
UniRef90_A0A0D9L6V5	43.72	452	497
UniRef90_K9FYZ5	43.10	452	495
UniRef90_K5XJL4	42.21	452	509
UniRef90_A0A0A1SNB6	42.92	452	459
UniRef90_F2QPT8	42.51	452	517
UniRef90_T0L0J6	43.58	452	506
UniRef90_S7RSB4	46.29	452	500
UniRef90_UPI00044090B0	43.72	452	496
UniRef90_Q5AZ81	43.20	452	518
UniRef90_A0A0D0B3D7	43.84	452	503
UniRef90_G9NPB0	43.17	452	510
UniRef90_A0A084GE36	42.04	452	502
UniRef90_A0A0G2H9B8	41.90	452	509
UniRef90_Q6C2Q6	42.79	452	509
UniRef90_E3Q7I1	43.58	452	513
UniRef90_S3CNS2	42.08	452	506
UniRef90_K3VZB2	42.12	452	504
UniRef90_A0A0G2G2T4	42.86	452	603
UniRef90_A8N7C8	42.27	452	503
UniRef90_W9WJ49	42.18	452	519
UniRef90_A0A0D2CTG2	43.40	452	531
UniRef90_UPI000441729B	44.37	452	489
UniRef90_A0A084PEK5	42.30	452	507
UniRef90_S7RK13	42.83	452	489
UniRef90_A0A067PI56	43.29	452	501
UniRef90_S0ED17	42.33	452	504
UniRef90_W6MGK2	44.03	452	511
UniRef90_B0D176	42.15	452	505
UniRef90_M2R1N2	43.84	452	506
UniRef90_A0A060TEG4	42.92	452	501
UniRef90_N4V0Y4	43.04	452	507
UniRef90_A0A0E9KQ62	43.75	452	505
UniRef90_C1GX90	41.77	452	515
UniRef90_UPI0004449435	43.53	452	502
UniRef90_Q6C1A4	42.27	452	461
UniRef90_A0A0C3NT28	42.64	452	474
UniRef90_N1PUM4	42.54	452	505
UniRef90_UPI000462451B	43.53	452	498
UniRef90_G2XT45	42.27	452	505
UniRef90_A0A0D2NME9	43.14	452	527
UniRef90_A0A0C2XAJ4	42.30	452	492
UniRef90_C0SGT8	41.77	452	515
UniRef90_V2XYC8	41.92	452	497
UniRef90_F7VRA3	41.45	452	503
UniRef90_M7SMW4	40.69	452	513
UniRef90_G0RQQ4	41.99	452	459
UniRef90_A0A068RUT7	42.38	452	504
UniRef90_R1E9J6	41.25	452	511
UniRef90_A0A086TA00	42.89	452	510
UniRef90_U5GZ72	41.42	452	516
UniRef90_M2M0W1	42.45	452	492
UniRef90_F4RRL9	41.36	452	521
UniRef90_I1C4W3	42.36	452	486
UniRef90_A0A0B1P8J8	41.39	452	501
UniRef90_C5JSU3	41.65	452	513
UniRef90_A0A0H1BKM5	41.43	452	513
UniRef90_A0A0B7KRS5	41.03	452	504
UniRef90_A0A0D1XLB6	41.20	452	506
UniRef90_UPI000455EA25	42.46	452	503
UniRef90_A0A0J1B3M2	42.03	452	498
UniRef90_C7YLX6	44.66	452	499
UniRef90_W9CEN4	43.20	452	505
UniRef90_L0P9K9	40.54	452	789
UniRef90_A7EDY6	41.18	452	528
UniRef90_A0A010QJ94	42.58	452	512
UniRef90_A0A0D7BXB2	42.64	452	495
UniRef90_A2Q7S0	41.01	452	514
UniRef90_Q0CEZ7	41.72	452	501
UniRef90_B8M661	40.69	452	496
UniRef90_K1WPJ0	41.00	452	504
UniRef90_C5M2V5	41.43	452	510
UniRef90_A0A0M8N8A3	41.04	452	512
UniRef90_A0A0M8NSL9	41.37	452	496
UniRef90_M3B048	42.86	452	499
UniRef90_F9X9W7	44.39	452	470
UniRef90_B9WLP7	41.59	452	510
UniRef90_F8PV81	43.01	452	501
UniRef90_A0A067NWK5	41.43	452	493
UniRef90_Q2US23	41.79	452	450
UniRef90_A0A0B4GRB0	42.57	452	501
UniRef90_A0A067SYC8	43.02	452	506
UniRef90_M3J9E8	42.58	452	509
UniRef90_W4K4X6	42.42	452	500
UniRef90_A0A0F7SLI2	42.70	452	484
UniRef90_A0A066VE48	41.74	452	491
UniRef90_D5G486	40.04	452	478
UniRef90_H8WXB1	41.76	452	511
UniRef90_A0A0F4ZDI2	42.76	452	511
UniRef90_G9N7G7	41.25	452	508
UniRef90_D8Q8N2	40.91	452	497
UniRef90_A0A074W3V3	42.73	452	454
UniRef90_A0A067MHI3	42.73	452	504
UniRef90_E3KWK5	40.21	452	537
UniRef90_C5FWP7	40.09	452	508
UniRef90_A0A0G4NQA4	42.08	452	479
UniRef90_F2PYE7	41.63	452	508
UniRef90_A0A0N1HBE1	38.54	452	536
UniRef90_A0A0A1PC20	41.52	452	489
UniRef90_A3LT55	41.87	452	502
UniRef90_E4ZSF1	41.43	452	513
UniRef90_R7Z3A7	41.00	452	509
UniRef90_A0A0D7A0V5	41.04	452	476
UniRef90_F0UW90	40.56	452	512
UniRef90_C4XYR1	40.83	452	511
UniRef90_R0KGK9	41.51	452	514
UniRef90_UPI0003F49F06	42.98	452	487
UniRef90_E4US41	40.83	452	508
UniRef90_A0A0L0N7E0	41.25	452	507
UniRef90_A0A0L9SP90	41.80	452	499
UniRef90_A0A0L0VUY7	39.70	452	530
UniRef90_A0A0C3B186	41.00	452	519
UniRef90_A0A0L6WY17	42.67	452	521
UniRef90_A0A0C3HYG6	40.87	452	505
UniRef90_M2RMW2	40.95	452	517
UniRef90_A0A0C3AW91	42.43	452	505
UniRef90_K5UWL5	41.76	452	504
UniRef90_A0A0H2SR67	41.59	452	497
UniRef90_Q0UQ18	40.65	452	513
UniRef90_A0A0B7FRJ9	41.38	452	491
UniRef90_G8Y615	41.92	452	513
UniRef90_A0A0A2LBI3	44.86	452	451
UniRef90_B2VYJ4	40.17	452	512
UniRef90_J4GNC6	41.08	452	502
UniRef90_A0A0H5R7K1	40.70	452	477
UniRef90_A0A061B5Y5	41.28	452	496
UniRef90_A0A074XWE9	42.51	452	515
UniRef90_G4TKE2	40.21	452	519
UniRef90_A0A0J9XIB3	40.56	452	515
UniRef90_A0A0D0E4L6	42.03	452	504
UniRef90_UPI0004415206	40.95	452	496
UniRef90_B0DX43	40.96	452	498
UniRef90_A0A0F8B1P3	42.38	452	518
UniRef90_A0A0D0A0W0	43.66	452	505
UniRef90_A6RG54	43.20	452	485
UniRef90_A0A0B2WLB6	42.70	452	501
UniRef90_M5G6G0	38.51	452	512
UniRef90_UPI0006C9B6E8	43.22	452	459
UniRef90_K0KE56	40.89	452	504
UniRef90_A0A0H2S5R1	40.04	452	476
UniRef90_A0A093XR94	41.16	452	506
UniRef90_A0A0C3F2Z9	41.92	452	509
UniRef90_W8BC54	41.87	452	463
UniRef90_A0A0B7NLJ7	41.41	452	517
UniRef90_A0A023ESH6	40.85	452	455
UniRef90_UPI0004561832	40.38	452	549
UniRef90_M7XXF5	40.78	452	488
UniRef90_N1JAW3	40.52	452	502
UniRef90_A0A094HC76	40.09	452	507
UniRef90_J5R2U0	42.45	452	496
UniRef90_A0A0B7NRE7	41.07	452	494
UniRef90_U1GI23	40.95	452	988
UniRef90_B0WKQ7	41.00	452	469
UniRef90_F0XJC9	39.41	452	523
UniRef90_A0A0L6ULD2	39.79	452	594
UniRef90_S3BQB6	40.55	452	528
UniRef90_A0A093Z1Y4	40.73	452	506
UniRef90_G3JGR0	39.39	452	460
UniRef90_A0A0K3CFJ5	38.64	452	491
UniRef90_M3B4A8	41.32	452	528
UniRef90_S2JWH2	39.96	452	495
UniRef90_A0A0L0P1X4	39.01	452	497
UniRef90_UPI0006892C56	43.97	452	457
UniRef90_G7DZZ0	40.84	452	505
UniRef90_A0A084VS69	41.69	452	497
UniRef90_N6U1S1	40.53	452	456
UniRef90_V5GJP3	41.06	452	545
UniRef90_A0A077QRQ0	41.00	452	552
UniRef90_A0A0C9MWX6	40.67	452	507
UniRef90_W1QFQ2	40.13	452	484
UniRef90_F4RRL8	38.89	452	510
UniRef90_UPI0004C3066F	40.14	452	447
UniRef90_R6QGD6	42.08	452	447
UniRef90_K7J270	41.07	452	457
UniRef90_Q9W3F6	40.39	452	488
UniRef90_E6ZTT1	40.42	452	549
UniRef90_B4M2M8	40.48	452	510
UniRef90_A0A026WWB8	39.96	452	454
UniRef90_A0A0F7RW28	40.98	452	540
UniRef90_I2G5I2	40.08	452	549
UniRef90_A0A099P897	39.96	452	504
UniRef90_UPI0006264F3C	39.43	452	466
UniRef90_A0A015IYX8	39.52	452	495
UniRef90_B4JJL0	40.66	452	492
UniRef90_D3PHG7	38.96	452	453
UniRef90_U5EUL6	41.00	452	450
UniRef90_G2WVW4	43.00	452	464
UniRef90_A0A0K8RBR3	38.74	452	455
UniRef90_A0A0D1CE33	39.62	452	557
UniRef90_G3BC57	37.92	452	508
UniRef90_W4M611	38.24	452	459
UniRef90_A0A0G4J647	38.90	452	470
UniRef90_R9PFZ8	40.76	452	564
UniRef90_UPI0006D8B331	38.83	452	432
UniRef90_UPI0005620CAC	41.65	452	446
UniRef90_L7M866	39.21	452	451
UniRef90_UPI0006D5A456	40.09	452	449
UniRef90_R5H9Y1	39.34	452	444
UniRef90_H1V5J4	42.61	452	465
UniRef90_UPI0006734A6D	39.74	452	455
UniRef90_Q13867	39.18	452	455
UniRef90_UPI000625868B	38.77	452	482
UniRef90_B4MSJ2	40.22	452	518
UniRef90_A0A063BTD7	43.50	452	1066
UniRef90_UPI0003603CF7	39.69	452	444
UniRef90_UPI0003FE3A22	39.51	452	450
UniRef90_F3ANG7	40.95	452	445
UniRef90_Q29HJ1	39.78	452	486
UniRef90_T1PC46	38.88	452	455
UniRef90_E1BL29	38.83	452	459
UniRef90_U4LK24	39.18	452	492
UniRef90_I4YAQ6	40.09	452	496
UniRef90_A0A0K8TT30	37.74	452	455
UniRef90_L5JSI4	39.61	452	701
UniRef90_A0A0F0EXJ4	39.73	452	444
UniRef90_H9GIE0	36.60	452	454
UniRef90_UPI0004CCF9B9	39.43	452	454
UniRef90_A0A0M4EN33	38.80	452	473
UniRef90_B2G4B5	67.71	452	230
UniRef90_UPI0006EC1971	39.46	452	444
UniRef90_A0A0C3CNK4	39.71	452	535
UniRef90_UPI0002C625E3	40.17	452	798
UniRef90_R5ZS02	42.14	452	445
UniRef90_UPI000258D8E3	39.25	452	456
UniRef90_A0A067QMM3	39.39	452	454
UniRef90_UPI000376B581	41.35	452	443
UniRef90_E9G4Z0	38.44	452	460
UniRef90_UPI0003C432EE	38.02	452	455
UniRef90_R9AI39	39.34	452	507
UniRef90_D2A4S5	38.93	452	456
UniRef90_M9MDF4	38.98	452	539
UniRef90_A0A075MXM3	40.73	452	444
UniRef90_UPI000704F75B	39.64	452	446
UniRef90_A0A075FZ89	37.67	452	445
UniRef90_G8QQQ4	39.61	452	445
UniRef90_A0A0G6NTF5	40.74	452	444
UniRef90_W1TQV4	40.41	452	447
UniRef90_L5LLJ1	38.04	452	664
UniRef90_W9GJ98	38.74	452	444
UniRef90_B3S4M2	38.43	452	454
UniRef90_F8DIN9	40.18	452	444
UniRef90_UPI0006F1931B	38.17	452	448
UniRef90_A0A062XAZ6	41.10	452	444
UniRef90_A0A067C9L2	39.91	452	446
UniRef90_G2TMN3	41.18	452	446
UniRef90_W7I902	41.30	452	416
UniRef90_K9EET6	41.16	452	436
UniRef90_UPI00024905E3	41.65	452	443
UniRef90_H6PB29	42.64	452	445
UniRef90_E2B4H7	37.72	452	477
UniRef90_M7BIQ9	36.80	452	470
UniRef90_UPI0005F0898C	38.31	452	459
UniRef90_F3L9E4	41.39	452	448
UniRef90_A0A088AFU7	38.28	452	455
UniRef90_UPI0006D13910	41.65	452	451
UniRef90_F1R4G2	37.94	452	453
UniRef90_A0A066VBK7	37.21	452	532
UniRef90_A0A075FU69	38.01	452	448
UniRef90_G5JY13	40.86	452	445
UniRef90_A0A0A6VA49	41.18	452	446
UniRef90_Q1J5H1	41.01	452	445
UniRef90_M2X883	38.51	452	469
UniRef90_J9JUT3	38.23	452	456
UniRef90_D1AVI2	39.61	452	435
UniRef90_UPI00040F74EA	38.33	452	445
UniRef90_UPI0004222C02	42.46	452	450
UniRef90_A0A0E3UUC6	38.63	452	444
UniRef90_H9JU11	38.71	452	461
UniRef90_UPI000568EEF1	38.74	452	442
UniRef90_D7UZL6	40.50	452	447
UniRef90_A0A0C7CC40	43.16	452	369
UniRef90_UPI0003733FA3	40.44	452	446
UniRef90_G5JRF5	40.93	452	445
UniRef90_UPI0006EAE0E9	39.71	452	459
UniRef90_R6CW23	41.65	452	445
UniRef90_A0A0E7ZXR2	41.35	452	444
UniRef90_V6JH87	38.13	452	453
UniRef90_A0A0F9UTR1	39.65	452	466
UniRef90_UPI000367B807	40.00	452	445
UniRef90_A0A075FS76	37.44	452	465
UniRef90_G3VRS5	40.76	452	385
UniRef90_U2KNT8	40.67	452	456
UniRef90_UPI000375A898	42.57	452	443
UniRef90_P87362	36.36	452	455
UniRef90_J3SE21	35.87	452	453
UniRef90_UPI00067F0CAD	39.91	452	444
UniRef90_UPI00036BB982	37.89	452	444
UniRef90_S0EXC7	38.46	452	451
UniRef90_E4RK81	39.08	452	448
UniRef90_A0A0E9DXG1	37.89	452	447
UniRef90_X0PEY3	39.36	452	446
UniRef90_UPI00069F6659	40.83	452	446
UniRef90_Q5BL86	36.91	452	453
UniRef90_W5MI71	36.66	452	453
UniRef90_UPI0006C9C627	40.14	452	456
UniRef90_F9HIV4	39.72	452	444
UniRef90_G5KCP7	39.08	452	444
UniRef90_R0JMV5	37.77	452	420
UniRef90_UPI00037E4E84	37.12	452	453
UniRef90_F9UL68	38.74	452	443
UniRef90_A0A091KL62	37.87	452	396
UniRef90_A0A0H3N173	40.77	452	443
UniRef90_F4RRM0	37.69	452	500
UniRef90_E0VMN3	38.10	452	490
UniRef90_J3JB55	40.69	452	445
UniRef90_F2URJ7	39.86	452	445
UniRef90_A0A068NVD5	36.52	452	453
UniRef90_UPI00046A307A	36.94	452	446
UniRef90_UPI000375E0B8	37.67	452	437
UniRef90_W4VXZ1	36.34	452	503
UniRef90_UPI0006D19469	37.36	452	446
UniRef90_A9UPL3	38.43	452	452
UniRef90_E7FMJ9	40.55	452	448
UniRef90_UPI0006BC0219	39.95	452	444
UniRef90_UPI0005C3D2E9	38.39	452	456
UniRef90_A0A0K9ESV7	41.11	452	430
UniRef90_G5K4E6	38.60	452	444
UniRef90_Q8DVL5	40.05	452	444
UniRef90_A0A0C1PWR3	39.90	452	444
UniRef90_UPI000378D1A0	39.04	452	445
UniRef90_A3CPY7	39.49	452	444
UniRef90_A0A0J9WYK9	40.65	452	444
UniRef90_A0A075HGP1	36.57	452	441
UniRef90_UPI0006DC1086	38.39	452	441
UniRef90_UPI0004C6A6C1	37.17	452	442
UniRef90_UPI0006CF250E	40.90	452	454
UniRef90_A0A0H4LPM1	37.33	452	447
UniRef90_UPI0002491372	37.92	452	447
UniRef90_D7N5A3	38.19	452	445
UniRef90_A0A081BJD4	40.40	452	449
UniRef90_D0WKG9	37.00	452	440
UniRef90_A0A0A1GX20	38.12	452	443
UniRef90_A0A0M5KVD6	37.66	452	449
UniRef90_C1BQW9	37.66	452	454
UniRef90_UPI000347ED52	41.58	452	445
UniRef90_A0A0D4C0Q0	37.50	452	451
UniRef90_M5E475	38.16	452	449
UniRef90_H2TBG3	36.88	452	454
UniRef90_K7FHZ1	36.01	452	497
UniRef90_A0A0C9QQG8	38.53	452	455
UniRef90_UPI0006D25C75	40.40	452	450
UniRef90_UPI000698CE9A	36.92	452	458
UniRef90_D3PZN0	37.09	452	442
UniRef90_Q56115	39.02	452	445
UniRef90_UPI000368530D	36.87	452	443
UniRef90_C2GHK4	36.92	452	443
UniRef90_M4ACT6	36.72	452	455
UniRef90_UPI00067E22DD	36.85	452	486
UniRef90_X5DPV3	36.85	452	462
UniRef90_G7PTZ8	37.69	452	424
UniRef90_V7HUN7	40.30	452	397
UniRef90_S3A1I3	36.36	452	444
UniRef90_A0A0A1D3H9	41.21	452	455
UniRef90_R6YJ07	37.89	452	444
UniRef90_F2S2A8	42.82	452	442
UniRef90_UPI0004C69A26	35.90	452	453
UniRef90_V9KG27	37.20	452	500
UniRef90_A0A060VVH4	37.06	452	455
UniRef90_F2I8V5	36.83	452	444
UniRef90_V5T8X6	35.45	452	447
UniRef90_A0A0A6NY23	38.26	452	444
UniRef90_F9P4E6	38.90	452	445
UniRef90_D2Q431	38.12	452	440
UniRef90_A0A087T1E8	36.12	452	479
UniRef90_E7FTP9	37.89	452	439
UniRef90_J3A6A3	39.57	452	444
UniRef90_O83150	37.19	452	450
UniRef90_Q38UY9	37.89	452	448
UniRef90_UPI0004682E56	38.12	452	448
UniRef90_V6Q229	39.75	452	443
UniRef90_I1FYK6	37.25	452	458
UniRef90_UPI0006455DAA	36.96	452	445
UniRef90_A0A068NI19	37.64	452	436
UniRef90_H3NC94	37.58	452	445
UniRef90_UPI000249304D	37.81	452	444
UniRef90_J1F3S1	40.30	452	444
UniRef90_U2RLN1	37.20	452	443
UniRef90_M5J730	39.80	452	446
UniRef90_D3R1T2	38.39	452	441
UniRef90_E8JL82	40.15	452	443
UniRef90_Q3XZZ8	39.06	452	442
UniRef90_UPI000419F10F	40.30	452	444
UniRef90_UPI0003683D43	39.51	452	444
UniRef90_UPI000704C547	40.65	452	451
UniRef90_H3NK04	37.22	452	444
UniRef90_K0YQG6	37.26	452	449
UniRef90_G0HFX4	37.53	452	450
UniRef90_R2SKL4	40.67	452	442
UniRef90_UPI0006EE94DA	39.60	452	444
UniRef90_B9DV65	40.38	452	443
UniRef90_A0A0F4LUX7	36.82	452	445
UniRef90_A0A075TWR4	35.26	452	462
UniRef90_UPI0004870F47	36.38	452	444
UniRef90_F1Z2T0	37.92	452	444
UniRef90_T1J2L0	36.03	452	455
UniRef90_A0A0H4QGC2	36.97	452	447
UniRef90_G3VRS6	40.37	452	371
UniRef90_J1HWL2	41.08	452	442
UniRef90_A0A075HKE0	34.73	452	453
UniRef90_C4LHI9	36.46	452	487
UniRef90_G3U6X6	37.72	452	457
UniRef90_Q48543	35.81	452	449
UniRef90_UPI000288098D	39.12	452	447
UniRef90_UPI00036082A6	39.51	452	445
UniRef90_UPI000364AB73	39.02	452	445
UniRef90_UPI0006CF65F7	38.11	452	446
UniRef90_F9VFK0	40.10	452	436
UniRef90_Q1WSR9	39.55	452	444
UniRef90_K6RFV1	38.90	452	448
UniRef90_A7RM23	38.36	452	474
UniRef90_G2ZEG5	36.38	452	442
UniRef90_UPI00041D1D56	39.71	452	446
UniRef90_A0A0F3RTV7	39.15	452	444
UniRef90_UPI000255C1B7	36.68	452	446
UniRef90_UPI0005356D2E	38.32	452	431
UniRef90_A0A0M5L5L6	42.29	452	448
UniRef90_UPI00041A0813	37.20	452	442
UniRef90_E4KQA6	37.47	452	445
UniRef90_U7UGJ9	38.83	452	445
UniRef90_I7LB29	35.38	452	449
UniRef90_UPI0006868B2C	36.11	452	453
UniRef90_UPI0005588E48	36.90	452	445
UniRef90_UPI0002485433	39.95	452	446
UniRef90_C3Z459	37.50	452	456
UniRef90_S4D875	37.77	452	442
UniRef90_N6W5L3	36.96	452	445
UniRef90_F4FRC5	40.54	452	444
UniRef90_C9A049	40.20	452	448
UniRef90_UPI0007049B2E	39.90	452	449
UniRef90_UPI0003B7701C	37.94	452	443
UniRef90_F4RRM1	35.42	452	715
UniRef90_C6RCA7	37.80	452	433
UniRef90_U4TGQ5	38.65	452	447
UniRef90_V6IX24	40.10	452	446
UniRef90_UPI000694C509	35.01	452	452
UniRef90_I7JGD5	36.81	452	439
UniRef90_UPI0006D08CF9	39.76	452	444
UniRef90_L8Y5L3	37.17	452	690
UniRef90_D7GDP7	37.98	452	443
UniRef90_G2KV05	40.55	452	444
UniRef90_R2PRW5	40.20	452	464
UniRef90_UPI00040B0C21	37.04	452	449
UniRef90_K1LD42	35.82	452	445
UniRef90_W7C9D2	37.39	452	441
UniRef90_F4BNA1	37.92	452	464
UniRef90_UPI0006F0B660	36.38	452	444
UniRef90_F5TEP9	37.92	452	445
UniRef90_I7K2D1	34.23	452	449
UniRef90_UPI00040682B8	36.40	452	444
UniRef90_E3DLQ8	35.96	452	449
UniRef90_UPI0005571282	36.80	452	445
UniRef90_A8U5N4	37.36	452	445
UniRef90_UPI00054EB469	38.10	452	446
UniRef90_E6LHJ2	40.10	452	442
UniRef90_A0A0F4YQ92	42.42	452	505
UniRef90_R6QGD6	40.13	452	447
UniRef90_A0A0D2D2P6	43.35	452	523
UniRef90_B3LP78	100.00	452	483
UniRef90_G2WLM7	99.78	452	454
UniRef90_R6CW23	37.94	452	445
UniRef90_F3ANG7	38.99	452	445
UniRef90_A0A0D1YCC5	44.21	452	523
UniRef90_R5H9Y1	38.77	452	444
UniRef90_Q13867	38.96	452	455
UniRef90_UPI0002C625E3	39.83	452	798
UniRef90_UPI0006892C56	39.25	452	457
UniRef90_UPI00067F0CAD	35.89	452	444
UniRef90_K6RFV1	34.65	452	448
UniRef90_A0A0B7KRS5	40.60	452	504
UniRef90_L5JSI4	39.39	452	701
UniRef90_G2TMN3	37.28	452	446
UniRef90_E3Q7I1	42.48	452	513
UniRef90_H6BPT0	44.18	452	518
UniRef90_M5J730	35.82	452	446
UniRef90_UPI0003FE3A22	39.07	452	450
UniRef90_UPI0006EC1971	37.72	452	444
UniRef90_E1BL29	38.61	452	459
UniRef90_UPI00024905E3	37.72	452	443
UniRef90_F9UL68	36.62	452	443
UniRef90_C1GX90	41.21	452	515
UniRef90_D8Q8N2	40.26	452	497
UniRef90_A0A060SE93	42.42	452	502
UniRef90_UPI0006D13910	37.14	452	451
UniRef90_UPI000704C547	36.40	452	451
UniRef90_UPI0006D25C75	36.40	452	450
UniRef90_UPI0006D5A456	39.91	452	449
UniRef90_V5FM06	40.60	452	506
UniRef90_N4V0Y4	42.70	452	507
UniRef90_UPI0003733FA3	37.06	452	446
UniRef90_A0A0D0YX20	34.87	452	443
UniRef90_E7FMJ9	37.20	452	448
UniRef90_A0A0D1Y8V2	43.79	452	509
UniRef90_A0A0D0B3D7	42.98	452	503
UniRef90_C5JSU3	41.30	452	513
UniRef90_A0A072Q0N1	43.14	452	513
UniRef90_M7BIQ9	37.01	452	470
UniRef90_C0SGT8	41.21	452	515
UniRef90_L5LLJ1	37.83	452	664
UniRef90_W9YDJ1	43.36	452	511
UniRef90_G2XT45	41.09	452	505
UniRef90_T0L0J6	42.92	452	506
UniRef90_A0A0G2H9B8	41.13	452	509
UniRef90_W2RXH2	43.57	452	504
UniRef90_A7EDY6	40.17	452	528
UniRef90_UPI000249304D	35.89	452	444
UniRef90_A0A0C1PWR3	35.75	452	444
UniRef90_UPI000255C1B7	35.96	452	446
UniRef90_A0A0D2CTG2	41.93	452	531
UniRef90_A0A0J9WYK9	35.96	452	444
UniRef90_W9WJ49	42.18	452	519
UniRef90_R8BQU1	43.60	452	517
UniRef90_UPI000704F75B	37.06	452	446
UniRef90_A0A0A1GX20	35.75	452	443
UniRef90_UPI000419F10F	36.54	452	444
UniRef90_V6Q229	34.87	452	443
UniRef90_UPI0006CF250E	36.48	452	454
UniRef90_C5FWP7	39.52	452	508
UniRef90_Q38UY9	36.87	452	448
UniRef90_UPI0006CF65F7	34.65	452	446
UniRef90_S0EXC7	36.64	452	451
UniRef90_A0A0H1BKM5	40.87	452	513
UniRef90_UPI0004682E56	36.34	452	448
UniRef90_J1HWL2	36.48	452	442
UniRef90_W9VP86	43.78	452	518
UniRef90_G5EHT3	42.64	452	507
UniRef90_R2SKL4	36.20	452	442
UniRef90_G9NPB0	43.04	452	510
UniRef90_X0PEY3	36.48	452	446
UniRef90_P87362	36.36	452	455
UniRef90_M4ACT6	37.07	452	455
UniRef90_UPI0006D19469	34.21	452	446
UniRef90_C9A049	35.96	452	448
UniRef90_A0A0D7BXB2	41.34	452	495
UniRef90_UPI0004222C02	38.11	452	450
UniRef90_F0UW90	40.17	452	512
UniRef90_F1R4G2	37.45	452	453
UniRef90_K5XJL4	41.61	452	509
UniRef90_A0A0F7ZV37	43.17	452	502
UniRef90_UPI00041D1D56	36.62	452	446
UniRef90_UPI000469014E	34.73	452	444
UniRef90_A0A062XAZ6	38.95	452	444
UniRef90_A0A084GE36	41.30	452	502
UniRef90_UPI0006F1931B	36.18	452	448
UniRef90_G0RQQ4	41.30	452	459
UniRef90_R2PRW5	36.12	452	464
UniRef90_A0A0D1X0A5	42.92	452	510
UniRef90_S3CNS2	41.09	452	506
UniRef90_A0A068RUT7	42.07	452	504
UniRef90_A0A081BJD4	36.26	452	449
UniRef90_K3VZB2	41.68	452	504
UniRef90_U4TGQ5	34.65	452	447
UniRef90_Q0UQ18	39.09	452	513
UniRef90_S0ED17	41.90	452	504
UniRef90_Q1WSR9	35.67	452	444
UniRef90_F4FRC5	35.89	452	444
UniRef90_UPI0004449435	42.42	452	502
UniRef90_A0A067PI56	41.68	452	501
UniRef90_S4D875	35.60	452	442
UniRef90_W9CEN4	41.09	452	505
UniRef90_R6YJ07	37.44	452	444
UniRef90_UPI00069F6659	36.62	452	446
UniRef90_UPI00031B5106	34.57	452	444
UniRef90_A0A0C3NT28	41.99	452	474
UniRef90_A0A0A6NY23	35.67	452	444
UniRef90_A0A0B4GRB0	40.91	452	501
UniRef90_F2PYE7	39.35	452	508
UniRef90_A0A060VVH4	36.58	452	455
UniRef90_R2S1G3	35.16	452	441
UniRef90_W5MI71	36.80	452	453
UniRef90_W3WZA9	41.49	452	519
UniRef90_R1E9J6	40.69	452	511
UniRef90_E4US41	39.35	452	508
UniRef90_G4L6U8	35.16	452	442
UniRef90_UPI00046A307A	35.46	452	446
UniRef90_A0A0A6VA49	37.44	452	446
UniRef90_Q3XZZ8	36.78	452	442
UniRef90_A0A0F3RTV7	36.28	452	444
UniRef90_A0A084PEK5	42.30	452	507
UniRef90_A0A077ZGB8	35.82	452	442
UniRef90_UPI00029B0452	35.01	452	444
UniRef90_UPI0006D0CF94	33.11	452	446
UniRef90_B2VYJ4	39.83	452	512
UniRef90_B8M661	40.35	452	496
UniRef90_UPI000288098D	35.89	452	447
UniRef90_I6S1A0	35.24	452	442
UniRef90_S0JZJ5	35.02	452	442
UniRef90_A0A0D1XLB6	40.69	452	506
UniRef90_A0A0C3HYG6	40.09	452	505
UniRef90_F3R4H9	34.87	452	442
UniRef90_A0A060TEG4	42.16	452	501
UniRef90_G9N7G7	40.91	452	508
UniRef90_Q5BL86	36.58	452	453
UniRef90_A0A0H4LPM1	35.53	452	447
UniRef90_R7Z3A7	39.83	452	509
UniRef90_A0A010QJ94	43.01	452	512
UniRef90_A0A0G2G2T4	42.66	452	603
UniRef90_A8N7C8	40.78	452	503
UniRef90_K7FHZ1	36.23	452	497
UniRef90_UPI0006EF58EA	34.43	452	445
UniRef90_UPI0006EE94DA	35.23	452	444
UniRef90_H9GIE0	36.60	452	454
UniRef90_UPI0003C432EE	37.01	452	455
UniRef90_F8DIN9	36.26	452	444
UniRef90_A0A067NWK5	40.78	452	493
UniRef90_V5XMW6	35.16	452	442
UniRef90_UPI0002F68DF8	33.62	452	446
UniRef90_J1F3S1	35.89	452	444
UniRef90_V6IX24	35.53	452	446
UniRef90_B0D176	40.65	452	505
UniRef90_UPI0006D250EE	34.14	452	446
UniRef90_A0A023ESH6	39.70	452	455
UniRef90_N1PUM4	41.94	452	505
UniRef90_A0A0C3AW91	40.95	452	505
UniRef90_D2EKS8	35.15	452	448
UniRef90_UPI000462451B	42.86	452	498
UniRef90_M7SMW4	40.52	452	513
UniRef90_R3WLL4	34.95	452	454
UniRef90_UPI000441729B	42.14	452	489
UniRef90_K7J270	39.83	452	457
UniRef90_A0A093XR94	40.39	452	506
UniRef90_A0A091C6N6	35.82	452	442
UniRef90_UPI0007049B2E	35.82	452	449
UniRef90_A0A0N0KR57	35.38	452	442
UniRef90_G5JRF5	37.80	452	445
UniRef90_J3JB55	37.50	452	445
UniRef90_S8ELA0	43.51	452	499
UniRef90_M2X883	37.12	452	469
UniRef90_V7HUN7	39.36	452	397
UniRef90_A0A0F3FW91	33.70	452	449
UniRef90_A0A0M8N8A3	40.69	452	512
UniRef90_B0WKQ7	39.18	452	469
UniRef90_H2TBG3	36.44	452	454
UniRef90_K1WPJ0	40.00	452	504
UniRef90_D0DNW6	33.77	452	449
UniRef90_UPI00065E9227	34.73	452	442
UniRef90_UPI0006EAE0E9	36.66	452	459
UniRef90_A0A023CW62	33.92	452	445
UniRef90_E6LHJ2	35.60	452	442
UniRef90_A0A0D0E4L6	41.59	452	504
UniRef90_A0A094HC76	39.52	452	507
UniRef90_A0A0E3UUC6	37.75	452	444
UniRef90_S1ND78	34.87	452	442
UniRef90_A0A0L0N7E0	40.91	452	507
UniRef90_UPI00064A3DD1	34.28	452	446
UniRef90_T1PC46	38.31	452	455
UniRef90_UPI0006C9B6E8	40.82	452	459
UniRef90_A0A0C2XAJ4	41.00	452	492
UniRef90_M3B048	41.94	452	499
UniRef90_A0A011RPB2	34.51	452	445
UniRef90_Q03E34	34.50	452	448
UniRef90_A0A0B1P8J8	40.61	452	501
UniRef90_UPI000367B807	36.92	452	445
UniRef90_D5G486	39.28	452	478
UniRef90_V2XYC8	41.05	452	497
UniRef90_UPI00044090B0	43.29	452	496
UniRef90_A0A0F4ZDI2	40.34	452	511
UniRef90_A0A0N1HBE1	38.13	452	536
UniRef90_F8PV81	41.39	452	501
UniRef90_M2RMW2	40.17	452	517
UniRef90_A0A0D7A0V5	40.35	452	476
UniRef90_D0R290	33.11	452	449
UniRef90_A0A0E9KQ62	42.30	452	505
UniRef90_E0E3C9	34.88	452	441
UniRef90_S7RSB4	45.07	452	500
UniRef90_A0A0L6WY17	41.58	452	521
UniRef90_W0VTU0	72.06	452	452
UniRef90_A0A0G2HLA7	44.03	452	513
UniRef90_E4ZSF1	40.48	452	513
UniRef90_A0A084VS69	40.09	452	497
UniRef90_UPI0006D1C080	34.21	452	445
UniRef90_G8QQQ4	38.77	452	445
UniRef90_V5T8X6	35.02	452	447
UniRef90_S0JBZ4	35.38	452	442
UniRef90_UPI0006EEB943	32.39	452	444
UniRef90_A0A0D2NME9	40.70	452	527
UniRef90_A0A0A1PC20	41.23	452	489
UniRef90_A0A0H3N173	37.36	452	443
UniRef90_H1LKH8	35.32	452	453
UniRef90_F4RRL9	40.51	452	521
UniRef90_W4K4X6	40.82	452	500
UniRef90_UPI00040F74EA	37.58	452	445
UniRef90_A0A0H2SR67	39.96	452	497
UniRef90_C8P6K8	33.62	452	446
UniRef90_J3SE21	35.37	452	453
UniRef90_UPI000378D1A0	34.73	452	445
UniRef90_UPI000455EA25	41.38	452	503
UniRef90_C7YLX6	40.82	452	499
UniRef90_F9X9W7	41.28	452	470
UniRef90_I1C4W3	41.89	452	486
UniRef90_F7VRA3	41.03	452	503
UniRef90_A0A0K8RBR3	38.74	452	455
UniRef90_A0A0F8B1P3	40.13	452	518
UniRef90_H6PB29	38.24	452	445
UniRef90_W8BC54	41.65	452	463
UniRef90_M2M0W1	41.37	452	492
UniRef90_Q2US23	41.27	452	450
UniRef90_D2A4S5	37.61	452	456
UniRef90_A0A086TA00	42.37	452	510
UniRef90_R0KGK9	40.30	452	514
UniRef90_C7XWE8	33.84	452	445
UniRef90_A0A093Z1Y4	40.17	452	506
UniRef90_UPI0006F0B660	34.57	452	444
UniRef90_K5UWL5	40.30	452	504
UniRef90_C0WUQ5	35.59	452	444
UniRef90_E3KWK5	39.36	452	537
UniRef90_UPI0005F0898C	38.53	452	459
UniRef90_S2JWH2	39.78	452	495
UniRef90_W4M611	37.22	452	459
UniRef90_UPI0006734A6D	39.18	452	455
UniRef90_A0A0L9SP90	39.74	452	499
UniRef90_M3B4A8	39.96	452	528
UniRef90_N1JAW3	39.91	452	502
UniRef90_A2Q7S0	40.25	452	514
UniRef90_A0A026WWB8	39.13	452	454
UniRef90_A0A067MHI3	41.83	452	504
UniRef90_A0A0B2WLB6	40.04	452	501
UniRef90_C7RFD1	35.10	452	442
UniRef90_A0A0B7NRE7	39.91	452	494
UniRef90_A0A0C3B186	40.38	452	519
UniRef90_H3NC94	36.56	452	445
UniRef90_A0A0H4QGC2	35.31	452	447
UniRef90_K9EET6	37.67	452	436
UniRef90_G8JUS5	68.89	452	488
UniRef90_A0A075FU69	36.42	452	448
UniRef90_Q7SGS9	42.35	452	516
UniRef90_Q0CEZ7	41.51	452	501
UniRef90_Q5AZ81	42.14	452	518
UniRef90_A0A068NVD5	34.79	452	453
UniRef90_K9FYZ5	42.30	452	495
UniRef90_UPI000375A898	38.63	452	443
UniRef90_A0A0F4LUX7	35.09	452	445
UniRef90_A0A0L0VUY7	39.15	452	530
UniRef90_Q48543	33.99	452	449
UniRef90_Q75E86	68.36	452	479
UniRef90_G8PB51	35.15	452	462
UniRef90_C2ET70	33.62	452	446
UniRef90_G5K4E6	36.92	452	444
UniRef90_UPI0004C3066F	38.85	452	447
UniRef90_C8PBH5	34.21	452	448
UniRef90_G2ZEG5	35.75	452	442
UniRef90_S7RK13	41.83	452	489
UniRef90_G8ZUI9	73.84	452	449
UniRef90_C5R7Y3	34.21	452	444
UniRef90_M5G6G0	37.87	452	512
UniRef90_D7UZL6	37.00	452	447
UniRef90_UPI0006264F3C	38.53	452	466
UniRef90_W1TQV4	39.04	452	447
UniRef90_A0A0K8TT30	37.74	452	455
UniRef90_G5JY13	36.40	452	445
UniRef90_Q56115	34.73	452	445
UniRef90_F8DLH1	33.19	452	446
UniRef90_H2APD9	74.34	452	450
UniRef90_UPI00036BB982	36.70	452	444
UniRef90_U5EUL6	39.22	452	450
UniRef90_N6U1S1	39.48	452	456
UniRef90_C5DYT5	69.18	452	456
UniRef90_R0JMV5	36.83	452	420
UniRef90_UPI0005569209	33.63	452	445
UniRef90_A0A067SYC8	40.04	452	506
UniRef90_A0A0D9L6V5	42.39	452	497
UniRef90_C3Z459	36.46	452	456
UniRef90_H4GKB5	31.50	452	444
UniRef90_K1LD42	35.10	452	445
UniRef90_UPI0006BC0219	35.60	452	444
UniRef90_F3L9E4	37.80	452	448
UniRef90_F2QPT8	42.23	452	517
UniRef90_Q6FP08	74.56	452	466
UniRef90_A0A088AFU7	37.23	452	455
UniRef90_B4MSJ2	39.83	452	518
UniRef90_C4XYR1	39.52	452	511
UniRef90_A0A0J8E7H0	35.16	452	442
UniRef90_Q1J5H1	36.26	452	445
UniRef90_F9HIV4	36.26	452	444
UniRef90_A0A0E7ZXR2	37.58	452	444
UniRef90_D7N5A3	37.89	452	445
UniRef90_E2B4H7	36.88	452	477
UniRef90_A0A0G6NTF5	36.87	452	444
UniRef90_A0A074W3V3	40.65	452	454
UniRef90_E4KQA6	36.26	452	445
UniRef90_G5KCP7	35.82	452	444
UniRef90_A0A067QMM3	39.18	452	454
UniRef90_UPI000376B581	37.67	452	443
UniRef90_UPI0003603CF7	38.82	452	444
UniRef90_UPI000368530D	36.73	452	443
UniRef90_A0A0D1M340	36.40	452	444
UniRef90_U5GZ72	40.30	452	516
UniRef90_UPI0003B5BE27	36.06	452	435
UniRef90_UPI0006455DAA	36.48	452	445
UniRef90_A0A075FZ89	37.00	452	445
UniRef90_UPI000625868B	38.31	452	482
UniRef90_B4M2M8	40.35	452	510
UniRef90_A0A0D4CMA5	35.60	452	445
UniRef90_W9EGW8	35.82	452	444
UniRef90_A0A0D0A0W0	41.38	452	505
UniRef90_G4TKE2	39.38	452	519
UniRef90_Q9W3F6	40.04	452	488
UniRef90_F9P4E6	36.92	452	445
UniRef90_UPI000347ED52	37.22	452	445
UniRef90_UPI000364AB73	35.60	452	445
UniRef90_M2R1N2	43.20	452	506
UniRef90_UPI0003B359D3	33.85	452	444
UniRef90_G2KV05	36.48	452	444
UniRef90_A0A075FS76	37.22	452	465
UniRef90_UPI00040682B8	35.24	452	444
UniRef90_UPI0005571D72	35.16	452	445
UniRef90_A0A075MXM3	37.14	452	444
UniRef90_UPI0002491372	36.18	452	447
UniRef90_C2CIY2	34.66	452	442
UniRef90_A7TQN9	73.94	452	495
UniRef90_D1AVI2	37.19	452	435
UniRef90_A0A0F4LQN3	32.02	452	448
UniRef90_D5T476	36.32	452	445
UniRef90_I7K2D1	32.89	452	449
UniRef90_UPI0006D8B331	38.20	452	432
UniRef90_A0A0G4NQA4	41.43	452	479
UniRef90_UPI00054EB469	33.99	452	446
UniRef90_A0A068NI19	35.46	452	436
UniRef90_UPI00037E4E84	36.56	452	453
UniRef90_Q29HJ1	39.18	452	486
UniRef90_A0A089XZQ9	32.02	452	448
UniRef90_A6RG54	39.52	452	485
UniRef90_D2Q431	36.34	452	440
UniRef90_A0A0M4EN33	38.67	452	473
UniRef90_D8IGQ9	32.75	452	445
UniRef90_F2I8V5	36.42	452	444
UniRef90_E4RK81	37.14	452	448
UniRef90_G3U6X6	36.85	452	457
UniRef90_UPI0005A67A07	33.99	452	444
UniRef90_A3CPY7	36.26	452	444
UniRef90_A0A074XWE9	40.65	452	515
UniRef90_W7C9D2	35.90	452	441
UniRef90_UPI0006D08CF9	36.12	452	444
UniRef90_UPI000698CE9A	36.82	452	458
UniRef90_UPI0005571282	36.48	452	445
UniRef90_UPI0004561832	39.62	452	549
UniRef90_UPI000694C509	33.85	452	452
UniRef90_Q8DVL5	36.92	452	444
UniRef90_I7LB29	33.92	452	449
UniRef90_A0A0F7SLI2	41.81	452	484
UniRef90_R5ZS02	38.33	452	445
UniRef90_A0A0C9MWX6	39.21	452	507
UniRef90_F4BNA1	36.56	452	464
UniRef90_K0D8U4	34.79	452	445
UniRef90_A0A062XLI1	33.92	452	445
UniRef90_U2RLN1	36.26	452	443
UniRef90_J7R7A4	71.52	452	449
UniRef90_H2MFY8	35.65	452	451
UniRef90_UPI0004C69A26	35.68	452	453
UniRef90_UPI0004415206	39.83	452	496
UniRef90_A0A0C1PNJ3	33.63	452	449
UniRef90_UPI000375E0B8	37.08	452	437
UniRef90_A0A0M8NSL9	41.37	452	496
UniRef90_R9PFZ8	39.24	452	564
UniRef90_H3NK04	37.09	452	444
UniRef90_UPI0006EFCF4B	35.60	452	448
UniRef90_D3R1T2	35.98	452	441
UniRef90_J3A6A3	35.82	452	444
UniRef90_A0A0B7NLJ7	39.65	452	517
UniRef90_W9GJ98	37.53	452	444
UniRef90_U1RKT0	35.40	452	435
UniRef90_UPI0003683D43	35.82	452	444
UniRef90_A0A0E9DXG1	37.44	452	447
UniRef90_J4GNC6	40.65	452	502
UniRef90_UPI0004CCF9B9	38.78	452	454
UniRef90_Q6C2Q6	42.04	452	509
UniRef90_UPI000258D8E3	37.66	452	456
UniRef90_B4JJL0	40.13	452	492
UniRef90_O69192	34.51	452	441
UniRef90_A0A015IYX8	38.55	452	495
UniRef90_A8U5N4	36.70	452	445
UniRef90_A0A0A1D3H9	36.87	452	455
UniRef90_UPI000568EEF1	37.22	452	442
UniRef90_A0A0E2V875	36.84	452	446
UniRef90_UPI000704F7BD	35.53	452	444
UniRef90_A0A0L6ULD2	38.11	452	594
UniRef90_UPI00036082A6	35.98	452	445
UniRef90_A0A0K9ESV7	36.61	452	430
UniRef90_C4LHI9	35.64	452	487
UniRef90_A0A075HGP1	34.73	452	441
UniRef90_G9WIH3	37.06	452	446
UniRef90_A0A0F0EXJ4	38.19	452	444
UniRef90_G0WD47	71.18	452	456
UniRef90_V6JH87	37.00	452	453
UniRef90_W1QFQ2	39.60	452	484
UniRef90_E3DLQ8	34.73	452	449
UniRef90_E7FTP9	36.04	452	439
UniRef90_D0WKG9	36.12	452	440
UniRef90_A0A0D1CE33	39.20	452	557
UniRef90_G8C2F9	73.92	452	480
UniRef90_I2GXK5	71.37	452	528
UniRef90_E9EET2	38.31	452	475
UniRef90_UPI0006C9C627	36.85	452	456
UniRef90_C8NGE8	35.24	452	441
UniRef90_A0A0M5KVD6	37.06	452	449
UniRef90_F1Z2T0	34.51	452	444
UniRef90_Q6C1A4	41.42	452	461
UniRef90_I2G5I2	39.20	452	549
UniRef90_H9JU11	37.88	452	461
UniRef90_B0DX43	40.31	452	498
UniRef90_A0A091KL62	37.87	452	396
UniRef90_F4RRL8	37.85	452	510
UniRef90_B9WLP7	39.30	452	510
UniRef90_UPI0004C6A6C1	36.62	452	442
UniRef90_S3BQB6	39.50	452	528
UniRef90_C8PS21	33.48	452	444
UniRef90_A0A0F2CMB2	35.82	452	448
UniRef90_UPI0005588E48	36.18	452	445
UniRef90_A0A0F7RW28	39.19	452	540
UniRef90_G8Y615	41.14	452	513
UniRef90_V5GJP3	40.00	452	545
UniRef90_W6MGK2	41.18	452	511
UniRef90_A0A063B911	34.14	452	446
UniRef90_A0A0B7FRJ9	40.75	452	491
UniRef90_U1GI23	40.78	452	988
UniRef90_C2KHJ5	33.70	452	445
UniRef90_A0A0J9XIB3	39.91	452	515
UniRef90_A0A0A1SNB6	42.79	452	459
UniRef90_O83150	36.34	452	450
UniRef90_A0A087T1E8	35.14	452	479
UniRef90_UPI0004870F47	35.98	452	444
UniRef90_UPI0005620CAC	39.65	452	446
UniRef90_A0A0H5R7K1	39.78	452	477
UniRef90_E6ZTT1	39.24	452	549
UniRef90_M9MDF4	38.22	452	539
UniRef90_L7M866	38.70	452	451
UniRef90_A0A066VE48	41.41	452	491
UniRef90_F5TEP9	36.12	452	445
UniRef90_A5DCK1	51.78	452	454
UniRef90_B3S4M2	38.07	452	454
UniRef90_E3ZSZ6	33.55	452	442
UniRef90_V9KG27	37.20	452	500
UniRef90_D3PZN0	36.87	452	442
UniRef90_Q10744	32.24	452	449
UniRef90_A0A061B5Y5	40.84	452	496
UniRef90_W4VXZ1	35.74	452	503
UniRef90_A0A0D2UD16	36.76	452	645
UniRef90_B9DV65	36.34	452	443
UniRef90_D7GDP7	35.67	452	443
UniRef90_A0A0J1B3M2	41.38	452	498
UniRef90_F9VFK0	34.88	452	436
UniRef90_UPI0003B7701C	36.40	452	443
UniRef90_U2KNT8	38.33	452	456
UniRef90_A0A0D4C0Q0	37.28	452	451
UniRef90_M3J9E8	39.08	452	509
UniRef90_J9JUT3	38.01	452	456
UniRef90_I7JGD5	35.24	452	439
UniRef90_A0A060TIF4	46.44	452	441
UniRef90_M5E475	36.26	452	449
UniRef90_UPI000380F179	31.40	452	443
UniRef90_W6MJ33	49.89	452	505
UniRef90_D8ME04	34.14	452	445
UniRef90_UPI0004640917	34.73	452	445
UniRef90_A0A0C3F2Z9	41.27	452	509
UniRef90_A0A0G4J647	38.48	452	470
