UniRef90_P37450	99.82	551	554
UniRef90_A0AHP7	79.67	551	554
UniRef90_S0RW85	76.55	551	553
UniRef90_UPI00054F77B7	76.14	551	554
UniRef90_F3SJE1	75.45	551	553
UniRef90_L0WZH8	76.41	551	553
UniRef90_A0A0M4SFS0	76.91	551	554
UniRef90_A0A099HTX3	75.09	551	554
UniRef90_A0A0A7FWJ6	75.27	551	554
UniRef90_A0A0H3J346	76.55	551	554
UniRef90_D1AFL4	74.77	551	553
UniRef90_K9DJ26	75.09	551	553
UniRef90_A0A0C2NRQ8	74.18	551	554
UniRef90_E4LFR3	74.18	551	553
UniRef90_C6PQK5	72.73	551	554
UniRef90_K6D897	74.18	551	554
UniRef90_UPI000483D6A2	72.68	551	554
UniRef90_A0A099S3S2	72.36	551	554
UniRef90_UPI00047D5829	74.50	551	555
UniRef90_A0A0F5HME1	73.27	551	554
UniRef90_I6X6C6	72.36	551	553
UniRef90_UPI0002DB660E	72.73	551	554
UniRef90_C6PYA1	72.00	551	554
UniRef90_C6JP58	71.04	551	554
UniRef90_UPI0003063EF0	73.09	551	554
UniRef90_UPI0005B286EE	73.77	551	555
UniRef90_A0A0M2U5B6	73.04	551	557
UniRef90_P45514	71.40	551	555
UniRef90_A0A0K8J9P2	71.45	551	556
UniRef90_L0INZ6	71.95	551	555
UniRef90_D5XBU3	73.41	551	556
UniRef90_UPI0003781E7E	71.64	551	556
UniRef90_I9NPI4	70.73	551	556
UniRef90_UPI00058F7CCE	71.45	551	553
UniRef90_E3H9G6	68.73	551	554
UniRef90_G2G2A9	70.73	551	556
UniRef90_U7VFQ6	70.36	551	554
UniRef90_J7JWA6	70.60	551	558
UniRef90_B1R5G1	70.18	551	553
UniRef90_UPI0004811D1B	72.31	551	557
UniRef90_S2WI29	70.55	551	553
UniRef90_UPI00047AF53C	69.82	551	554
UniRef90_U2QE68	70.00	551	553
UniRef90_A0A0F2Q307	70.73	551	555
UniRef90_D9S1P5	70.55	551	555
UniRef90_F6BKG4	68.73	551	554
UniRef90_D2EJV0	69.51	551	558
UniRef90_A0A0F4LU22	69.51	551	558
UniRef90_A0A068VU29	70.91	551	553
UniRef90_X8I278	69.22	551	554
UniRef90_S3YCA3	69.82	551	553
UniRef90_A0A0H4QCX1	68.49	551	554
UniRef90_B0K3C0	70.00	551	554
UniRef90_A0A0L6TYQ1	69.45	551	553
UniRef90_J2Z7Y2	68.91	551	558
UniRef90_UPI0006F0FFDA	68.97	551	558
UniRef90_E3HDA7	68.55	551	554
UniRef90_A0A0B2XKP1	68.00	551	558
UniRef90_A7B0W5	66.36	551	554
UniRef90_G9YVN5	67.64	551	553
UniRef90_UPI000484056D	70.20	551	552
UniRef90_F7NH24	70.55	551	556
UniRef90_UPI0006D0E67E	68.97	551	558
UniRef90_T0DSY7	68.00	551	558
UniRef90_A0A0J1G6X4	65.09	551	554
UniRef90_E4RM97	66.79	551	556
UniRef90_Q6YNM4	67.70	551	558
UniRef90_A0A0D1XXW2	66.85	551	561
UniRef90_UPI00040E063F	65.82	551	555
UniRef90_UPI000423069C	67.58	551	555
UniRef90_I4BU29	65.57	551	556
UniRef90_C0E8B8	66.42	551	556
UniRef90_B8FDN9	65.76	551	555
UniRef90_H6LEQ3	66.91	551	555
UniRef90_UPI0004AD714B	65.27	551	555
UniRef90_A0A076MZF5	66.30	551	562
UniRef90_Q6YNN0	66.42	551	558
UniRef90_C0ET01	66.73	551	559
UniRef90_UPI0006C4E632	64.07	551	553
UniRef90_A0A0C1NWC7	65.87	551	568
UniRef90_E6MIX8	66.73	551	553
UniRef90_UPI0004145A63	63.75	551	553
UniRef90_A0A095XCD1	68.31	551	554
UniRef90_C0YZ15	65.70	551	558
UniRef90_A5ZM65	63.45	551	554
UniRef90_G7V6B1	66.00	551	557
UniRef90_D2S4X6	64.94	551	564
UniRef90_UPI0006CF8AFB	65.27	551	561
UniRef90_UPI0006D0DE11	66.42	551	558
UniRef90_D8JB94	64.30	551	573
UniRef90_H1LI34	64.97	551	558
UniRef90_F9DQU7	65.09	551	561
UniRef90_UPI00056C2B8F	66.48	551	564
UniRef90_UPI0004762D73	65.11	551	551
UniRef90_W1DTZ0	98.87	551	400
UniRef90_UPI000408A3B0	65.75	551	562
UniRef90_A0A0M5LPV6	63.28	551	559
UniRef90_UPI0006D2C358	63.52	551	558
UniRef90_V5RR30	64.61	551	558
UniRef90_W9AWF0	62.25	551	568
UniRef90_UPI00037FD479	66.11	551	559
UniRef90_Q8RSR7	63.52	551	558
UniRef90_UPI000690F25D	63.17	551	572
UniRef90_UPI0003B3DD8A	64.09	551	573
UniRef90_D2Z8G5	62.52	551	556
UniRef90_E3CV99	64.85	551	557
UniRef90_UPI0006FDEB92	64.02	551	570
UniRef90_S6ER53	63.53	551	535
UniRef90_A0A0K3ZN33	97.71	551	376
UniRef90_UPI0006FD6D77	62.06	551	574
UniRef90_A0A0D6HAM4	62.98	551	570
UniRef90_V5XAF0	61.69	551	575
UniRef90_UPI0003678DF9	61.89	551	561
UniRef90_J3JEZ5	62.79	551	580
UniRef90_A5N6G3	59.09	551	554
UniRef90_UPI0006990012	62.62	551	570
UniRef90_A0A0M4Q508	61.25	551	573
UniRef90_A0A0H4QVC9	61.71	551	558
UniRef90_A0A0F2S7D6	74.46	551	417
UniRef90_A0A0H5FWI1	86.41	551	327
UniRef90_UPI0006E390CB	53.30	551	736
UniRef90_A0A0D6G9F6	50.92	551	754
UniRef90_A0A0B2YI19	51.58	551	741
UniRef90_X5L9W4	51.10	551	757
UniRef90_K0UVG8	51.29	551	757
UniRef90_V5X9D3	50.00	551	758
UniRef90_UPI000403DD0F	50.00	551	760
UniRef90_A0A0J6W8B2	52.04	551	746
UniRef90_A1UN23	51.31	551	739
UniRef90_UPI000489E08D	50.66	551	738
UniRef90_F7Y6X5	49.45	551	756
UniRef90_F8JIJ9	49.36	551	760
UniRef90_A0A0H5GCU2	93.12	551	250
UniRef90_W9B2C6	52.04	551	749
UniRef90_X6GKV8	46.78	551	755
UniRef90_UPI0004C2EBC3	47.96	551	744
UniRef90_A0A011TG29	46.06	551	755
UniRef90_UPI00048AD929	51.30	551	745
UniRef90_A0A0D6J2D3	50.93	551	757
UniRef90_A0A064CHT3	51.87	551	739
UniRef90_UPI0003FB8070	46.72	551	757
UniRef90_A0A010YY91	49.08	551	741
UniRef90_UPI0003759D6F	45.67	551	774
UniRef90_X5LJ33	51.32	551	747
UniRef90_UPI0004794606	45.74	551	761
UniRef90_W1UTP3	71.82	551	294
UniRef90_G5RH77	98.06	551	206
UniRef90_W1FSI3	96.39	551	220
UniRef90_A0A0A3XHT9	64.62	551	281
UniRef90_Q7X468	69.75	551	242
UniRef90_I0CII3	59.85	551	280
UniRef90_M0NQU0	59.77	551	264
UniRef90_G5MJZ1	98.09	551	212
UniRef90_G5MJZ1	97.83	551	212
UniRef90_X1CXG4	65.95	551	232
UniRef90_G5QL06	98.64	551	151
UniRef90_X3UWW0	100.00	551	143
UniRef90_R5R5C2	59.13	551	232
UniRef90_W1UPX2	75.98	551	179
UniRef90_M0NPI3	59.63	551	218
UniRef90_H1C1G3	100.00	551	133
UniRef90_W1GJ79	96.18	551	145
UniRef90_A0A0I9Q8C1	90.21	551	209
UniRef90_H1C1G4	94.64	551	149
UniRef90_G5M550	95.33	551	110
UniRef90_G5MJZ6	100.00	551	98
UniRef90_W1F5A6	94.19	551	98
UniRef90_W1G2X7	60.98	551	137
UniRef90_UPI00057ED900	79.55	551	88
UniRef90_Q9F142	76.34	551	93
UniRef90_G5R203	100.00	551	63
UniRef90_UPI0006D5A958	100.00	551	97
UniRef90_K9M110	77.27	551	76
UniRef90_A0A0D0FCJ8	71.64	551	72
UniRef90_Q46187	85.45	551	56
UniRef90_X1CB73	47.87	551	96
UniRef90_W1Y6I1	78.57	551	43
UniRef90_A0A0M4SFS0	76.77	551	554
UniRef90_UPI000483D6A2	72.55	551	554
UniRef90_C6PQK5	72.73	551	554
UniRef90_A0A099S3S2	72.36	551	554
UniRef90_D5XBU3	73.27	551	556
UniRef90_A0A0A7FWJ6	75.14	551	554
UniRef90_A0A0K8J9P2	71.45	551	556
UniRef90_A0A099HTX3	74.95	551	554
UniRef90_A0A0F5HME1	73.14	551	554
UniRef90_K6D897	74.05	551	554
UniRef90_L0WZH8	76.41	551	553
UniRef90_UPI0004811D1B	72.18	551	557
UniRef90_C6PYA1	72.00	551	554
UniRef90_L0INZ6	71.82	551	555
UniRef90_P37450	99.82	551	554
UniRef90_A0A0M2U5B6	72.91	551	557
UniRef90_D1AFL4	74.77	551	553
UniRef90_UPI0002DB660E	72.60	551	554
UniRef90_A0A0C2NRQ8	74.05	551	554
UniRef90_UPI00047AF53C	69.82	551	554
UniRef90_D9S1P5	70.42	551	555
UniRef90_I9NPI4	70.73	551	556
UniRef90_G2G2A9	70.73	551	556
UniRef90_A0A0H3J346	76.41	551	554
UniRef90_UPI0005B286EE	73.64	551	555
UniRef90_UPI00047D5829	74.36	551	555
UniRef90_U7VFQ6	70.24	551	554
UniRef90_UPI0003781E7E	71.64	551	556
UniRef90_C6JP58	70.78	551	554
UniRef90_E3H9G6	68.60	551	554
UniRef90_I6X6C6	72.23	551	553
UniRef90_F6BKG4	68.73	551	554
UniRef90_E4LFR3	74.18	551	553
UniRef90_A0AHP7	79.67	551	554
UniRef90_UPI00054F77B7	76.14	551	554
UniRef90_K9DJ26	75.09	551	553
UniRef90_B0K3C0	69.87	551	554
UniRef90_S0RW85	76.55	551	553
UniRef90_UPI0003063EF0	73.09	551	554
UniRef90_F3SJE1	75.45	551	553
UniRef90_P45514	71.40	551	555
UniRef90_G9YVN5	67.51	551	553
UniRef90_J7JWA6	70.47	551	558
UniRef90_A0A0F2Q307	70.73	551	555
UniRef90_X8I278	68.97	551	554
UniRef90_S2WI29	70.42	551	553
UniRef90_UPI00058F7CCE	71.32	551	553
UniRef90_U2QE68	69.87	551	553
UniRef90_F7NH24	70.55	551	556
UniRef90_D2EJV0	69.51	551	558
UniRef90_B1R5G1	70.05	551	553
UniRef90_A0A068VU29	70.78	551	553
UniRef90_UPI0006F0FFDA	68.97	551	558
UniRef90_A0A0H4QCX1	68.49	551	554
UniRef90_A0A0F4LU22	69.38	551	558
UniRef90_A7B0W5	66.36	551	554
UniRef90_C0YZ15	65.58	551	558
UniRef90_A0A0J1G6X4	65.09	551	554
UniRef90_S3YCA3	69.69	551	553
UniRef90_T0DSY7	68.00	551	558
UniRef90_G7V6B1	65.88	551	557
UniRef90_E3HDA7	68.42	551	554
UniRef90_A0A0D1XXW2	66.73	551	561
UniRef90_A0A0B2XKP1	68.00	551	558
UniRef90_I4BU29	65.45	551	556
UniRef90_UPI00040E063F	65.82	551	555
UniRef90_A0A0L6TYQ1	69.45	551	553
UniRef90_B8FDN9	65.64	551	555
UniRef90_UPI000484056D	70.07	551	552
UniRef90_UPI000423069C	67.45	551	555
UniRef90_J2Z7Y2	68.91	551	558
UniRef90_UPI0004AD714B	65.27	551	555
UniRef90_UPI0004145A63	63.75	551	553
UniRef90_E4RM97	66.55	551	556
UniRef90_UPI0006D0E67E	68.78	551	558
UniRef90_A5ZM65	63.45	551	554
UniRef90_V5RR30	64.49	551	558
UniRef90_Q6YNM4	67.57	551	558
UniRef90_H1LI34	64.86	551	558
UniRef90_C0ET01	66.73	551	559
UniRef90_UPI0006C4E632	64.07	551	553
UniRef90_A0A076MZF5	65.69	551	562
UniRef90_D8JB94	64.30	551	573
UniRef90_F9DQU7	65.09	551	561
UniRef90_D2S4X6	64.59	551	564
UniRef90_UPI0006D0DE11	66.30	551	558
UniRef90_C0E8B8	66.42	551	556
UniRef90_Q6YNN0	66.42	551	558
UniRef90_UPI0006CF8AFB	65.27	551	561
UniRef90_E3CV99	64.73	551	557
UniRef90_D2Z8G5	62.41	551	556
UniRef90_E6MIX8	66.73	551	553
UniRef90_A0A0C1NWC7	65.03	551	568
UniRef90_H6LEQ3	66.91	551	555
UniRef90_UPI00056C2B8F	66.12	551	564
UniRef90_UPI000408A3B0	65.38	551	562
UniRef90_UPI0006FD6D77	61.27	551	574
UniRef90_A0A0M5LPV6	62.96	551	559
UniRef90_A0A0D6HAM4	62.64	551	570
UniRef90_UPI000690F25D	62.82	551	572
UniRef90_W9AWF0	61.45	551	568
UniRef90_A0A095XCD1	68.31	551	554
UniRef90_UPI0004762D73	64.39	551	551
UniRef90_UPI0003B3DD8A	63.27	551	573
UniRef90_A5N6G3	59.09	551	554
UniRef90_UPI0006FDEB92	63.55	551	570
UniRef90_UPI00037FD479	65.40	551	559
UniRef90_UPI0003678DF9	61.78	551	561
UniRef90_V5XAF0	61.36	551	575
UniRef90_UPI0006990012	62.27	551	570
UniRef90_A0A0M4Q508	60.92	551	573
UniRef90_S6ER53	63.53	551	535
UniRef90_J3JEZ5	62.32	551	580
UniRef90_Q8RSR7	63.41	551	558
UniRef90_A0A0H4QVC9	61.59	551	558
UniRef90_UPI0006D2C358	63.41	551	558
UniRef90_A0A0D6G9F6	50.82	551	754
UniRef90_X5L9W4	51.01	551	757
UniRef90_UPI000403DD0F	49.91	551	760
UniRef90_A0A0B2YI19	51.29	551	741
UniRef90_K0UVG8	51.19	551	757
UniRef90_UPI0006E390CB	52.50	551	736
UniRef90_V5X9D3	49.91	551	758
UniRef90_F7Y6X5	48.91	551	756
UniRef90_UPI000489E08D	50.19	551	738
UniRef90_A1UN23	51.02	551	739
UniRef90_X6GKV8	46.52	551	755
UniRef90_F8JIJ9	48.99	551	760
UniRef90_A0A011TG29	45.96	551	755
UniRef90_A0A0J6W8B2	51.84	551	746
UniRef90_A0A0F2S7D6	74.46	551	417
UniRef90_UPI0003759D6F	45.52	551	774
UniRef90_UPI0003FB8070	46.36	551	757
UniRef90_A0A0D6J2D3	50.64	551	757
UniRef90_W9B2C6	51.84	551	749
UniRef90_A0A064CHT3	51.57	551	739
UniRef90_UPI00048AD929	51.10	551	745
UniRef90_UPI0004C2EBC3	47.79	551	744
UniRef90_A0A010YY91	48.99	551	741
UniRef90_UPI0004794606	45.26	551	761
UniRef90_X5LJ33	51.12	551	747
UniRef90_A0A0K3ZN33	97.44	551	376
UniRef90_W1DTZ0	98.59	551	400
UniRef90_A0A0H5FWI1	86.41	551	327
UniRef90_W1UTP3	71.82	551	294
UniRef90_A0A0A3XHT9	64.62	551	281
UniRef90_I0CII3	59.64	551	280
UniRef90_A0A0H5GCU2	93.12	551	250
UniRef90_Q7X468	69.75	551	242
UniRef90_M0NQU0	58.78	551	264
UniRef90_R5R5C2	59.13	551	232
UniRef90_G5RH77	98.06	551	206
UniRef90_X1CXG4	65.95	551	232
UniRef90_W1FSI3	95.90	551	220
UniRef90_M0NPI3	60.19	551	218
UniRef90_W1UPX2	75.98	551	179
UniRef90_G5MJZ1	98.09	551	212
UniRef90_G5MJZ1	97.83	551	212
UniRef90_X3UWW0	100.00	551	143
UniRef90_G5QL06	98.64	551	151
UniRef90_H1C1G3	100.00	551	133
UniRef90_A0A0I9Q8C1	90.21	551	209
UniRef90_W1GJ79	88.28	551	145
UniRef90_W1G2X7	60.48	551	137
UniRef90_H1C1G4	94.64	551	149
UniRef90_G5M550	95.33	551	110
UniRef90_W1F5A6	94.19	551	98
UniRef90_Q9F142	76.34	551	93
UniRef90_G5MJZ6	100.00	551	98
UniRef90_UPI00057ED900	79.55	551	88
UniRef90_X1CB73	47.87	551	96
UniRef90_A0A0D0FCJ8	71.64	551	72
UniRef90_K9M110	75.00	551	76
UniRef90_Q46187	85.45	551	56
UniRef90_G5R203	100.00	551	63
UniRef90_UPI0006D5A958	76.81	551	97
UniRef90_W1Y6I1	78.57	551	43
UniRef90_U1X6Y0	61.90	551	58
