UniRef90_Q46509	100.00	907	907
UniRef90_F3YVN2	78.41	907	908
UniRef90_UPI0005EB04CC	76.63	907	915
UniRef90_UPI00041C89F2	77.15	907	907
UniRef90_S7VCC6	73.18	907	905
UniRef90_B8DK02	73.40	907	905
UniRef90_UPI0004258E8C	73.21	907	907
UniRef90_UPI00042A03E3	71.08	907	906
UniRef90_UPI00036F4537	70.75	907	905
UniRef90_Q30VG4	70.67	907	907
UniRef90_UPI0004785A35	70.09	907	909
UniRef90_D3L1G6	68.25	907	909
UniRef90_UPI00048A5E50	71.00	907	907
UniRef90_F6DS46	69.82	907	907
UniRef90_A0LHV0	68.32	907	912
UniRef90_UPI00041A3E45	69.17	907	905
UniRef90_C8X3U5	67.96	907	904
UniRef90_C8W6Q4	68.83	907	906
UniRef90_A0A0E0T2T0	69.65	907	906
UniRef90_G1UQ18	68.80	907	907
UniRef90_M1WQQ7	68.32	907	905
UniRef90_UPI0006B4177D	67.33	907	907
UniRef90_UPI0003B41EC9	69.24	907	906
UniRef90_E8RC60	68.18	907	905
UniRef90_I4C4L6	68.65	907	904
UniRef90_UPI0003F56983	69.21	907	906
UniRef90_Q9REC4	67.81	907	907
UniRef90_UPI0003B67C69	67.81	907	907
UniRef90_A0A0D2HQ41	68.40	907	905
UniRef90_UPI0003B5EE21	67.03	907	907
UniRef90_UPI0004846228	67.07	907	905
UniRef90_B8G1B6	67.66	907	910
UniRef90_I5B2P0	67.81	907	906
UniRef90_H5XT95	67.51	907	907
UniRef90_E5Y6I8	67.62	907	908
UniRef90_UPI0004226EEA	68.54	907	904
UniRef90_C7LUC0	67.44	907	904
UniRef90_G2FVS3	67.40	907	906
UniRef90_A0A0J1FLJ0	66.19	907	908
UniRef90_UPI0004A6D1E6	68.40	907	904
UniRef90_UPI0003FE1337	67.25	907	906
UniRef90_R4KRT5	66.37	907	908
UniRef90_UPI000376EB59	66.63	907	905
UniRef90_Q6ARM6	65.60	907	922
UniRef90_A5GB32	65.93	907	931
UniRef90_A5D4G2	66.63	907	923
UniRef90_J7IVN1	66.08	907	908
UniRef90_UPI00049585D5	65.97	907	909
UniRef90_F0JDJ0	65.01	907	905
UniRef90_G7Q9I9	66.56	907	909
UniRef90_B6WQZ6	67.51	907	909
UniRef90_I2Q2K8	65.09	907	914
UniRef90_A0A0K9I905	68.65	907	905
UniRef90_UPI00040979F6	66.00	907	905
UniRef90_C0QJ32	66.41	907	905
UniRef90_L0R955	64.13	907	905
UniRef90_C6BWC2	64.76	907	907
UniRef90_UPI000484E6E7	64.95	907	913
UniRef90_UPI0004E20A64	65.38	907	907
UniRef90_UPI000379F1BB	66.78	907	905
UniRef90_R4KBA1	64.17	907	913
UniRef90_I2Q774	63.96	907	915
UniRef90_UPI0003F80815	64.57	907	906
UniRef90_UPI0003FDCB10	63.08	907	914
UniRef90_E1JYE0	64.87	907	916
UniRef90_K8E0Q0	65.53	907	925
UniRef90_Q3A811	63.51	907	951
UniRef90_T0IUS7	62.71	907	909
UniRef90_I9NT08	65.09	907	912
UniRef90_R4KJP9	64.32	907	925
UniRef90_A1AP96	62.44	907	935
UniRef90_D8GLA4	61.72	907	907
UniRef90_M1M954	61.67	907	909
UniRef90_UPI00047A8C9E	61.56	907	910
UniRef90_T0IYA2	62.82	907	913
UniRef90_D8GLB2	61.45	907	909
UniRef90_F7NEC2	64.50	907	908
UniRef90_A0A0L6Z6V2	60.57	907	909
UniRef90_UPI000400E3D2	61.23	907	905
UniRef90_G4L0Z4	60.13	907	912
UniRef90_A0A0B3WUN8	61.63	907	914
UniRef90_W6N3U6	60.46	907	907
UniRef90_D1APS7	61.39	907	913
UniRef90_UPI000255570F	62.33	907	910
UniRef90_D1B323	60.02	907	907
UniRef90_UPI00046A2486	60.24	907	907
UniRef90_E1YKW9	61.28	907	920
UniRef90_H6LFI5	60.07	907	908
UniRef90_W6ESB1	59.25	907	906
UniRef90_D2Z5C2	59.52	907	913
UniRef90_J6UBS2	60.58	907	913
UniRef90_UPI0004249686	59.45	907	911
UniRef90_UPI0004204B9A	58.99	907	918
UniRef90_UPI000426C504	58.53	907	921
UniRef90_UPI000495D304	58.35	907	912
UniRef90_R6RI39	58.69	907	915
UniRef90_UPI00037BDA95	58.23	907	918
UniRef90_C0QBD3	56.72	907	918
UniRef90_K0NCC1	56.12	907	908
UniRef90_H6LHL1	56.00	907	945
UniRef90_UPI000466EC5D	53.52	907	911
UniRef90_D4LS72	54.53	907	920
UniRef90_I2PWN7	52.70	907	947
UniRef90_D3L4B0	69.54	907	643
UniRef90_I4BWF1	50.70	907	931
UniRef90_H6LFZ2	51.71	907	942
UniRef90_E3CUM9	50.16	907	940
UniRef90_UPI0004785DFD	49.19	907	929
UniRef90_G9PV20	46.04	907	943
UniRef90_G9PSW0	46.02	907	948
UniRef90_A0A073ISK2	45.55	907	951
UniRef90_E5Y9I2	47.58	907	941
UniRef90_UPI0004280A10	45.99	907	941
UniRef90_UPI0004046D1F	44.63	907	947
UniRef90_T0I8X5	45.12	907	940
UniRef90_Q24Z81	44.35	907	963
UniRef90_V2YDY1	43.11	907	939
UniRef90_A0A073IRA9	43.43	907	971
UniRef90_UPI00041EDFF7	44.98	907	952
UniRef90_UPI000424D69F	45.07	907	939
UniRef90_F7V8J2	43.89	907	945
UniRef90_A0A0L6TYW9	59.76	907	590
UniRef90_A0A0L6U4K6	60.37	907	588
UniRef90_R7AH32	42.87	907	973
UniRef90_V2ZLX7	40.76	907	977
UniRef90_A5ZR22	57.07	907	589
UniRef90_A0A0L6TY86	46.64	907	717
UniRef90_UPI0004041562	39.10	907	880
UniRef90_UPI0006CFD9C7	37.95	907	892
UniRef90_A0A0K9I522	37.91	907	890
UniRef90_UPI000415AB06	37.96	907	887
UniRef90_D8EXM2	37.38	907	888
UniRef90_UPI000425E458	37.45	907	884
UniRef90_R4KUA0	37.67	907	885
UniRef90_I5AZW0	36.74	907	889
UniRef90_G7WI90	36.35	907	884
UniRef90_UPI0004846B89	37.87	907	885
UniRef90_UPI0004254726	38.25	907	881
UniRef90_I4C1K5	38.60	907	885
UniRef90_UPI00041DE202	36.57	907	886
UniRef90_UPI0003F4EAF3	36.37	907	887
UniRef90_T0MJD6	33.37	907	942
UniRef90_A0A0M2U9P6	33.79	907	924
UniRef90_UPI00048192D3	33.86	907	933
UniRef90_UPI0006C9269D	34.00	907	934
UniRef90_UPI000590C019	32.72	907	917
UniRef90_W6KA45	32.78	907	959
UniRef90_A0A0M2U252	31.97	907	896
UniRef90_UPI0006C77545	32.76	907	920
UniRef90_UPI0007004409	32.41	907	917
UniRef90_UPI000701CB57	33.09	907	919
UniRef90_K2MYP8	32.37	907	912
UniRef90_UPI00046697F4	33.30	907	908
UniRef90_A0A090GMC5	32.83	907	927
UniRef90_UPI0004897DA3	32.56	907	938
UniRef90_UPI000366C6F9	32.52	907	913
UniRef90_A0A0H1AEZ2	31.69	907	952
UniRef90_UPI00040C7225	33.66	907	911
UniRef90_E8N4Z5	32.84	907	939
UniRef90_UPI0006D2C839	36.67	907	689
UniRef90_M5EHT8	32.72	907	930
UniRef90_V7FP96	32.11	907	915
UniRef90_D4M309	30.29	907	955
UniRef90_A0A0K2DB78	32.52	907	929
UniRef90_K2M9Y3	32.07	907	916
UniRef90_B0PE42	31.79	907	959
UniRef90_UPI0006F6947A	32.44	907	921
UniRef90_UPI000415CD1E	33.62	907	918
UniRef90_UPI0006B4350B	30.95	907	954
UniRef90_UPI00064926E0	32.33	907	916
UniRef90_I5BSJ4	31.15	907	903
UniRef90_I1X5F9	32.26	907	936
UniRef90_UPI0003FC43A0	43.85	907	395
UniRef90_UPI0004207514	31.46	907	953
UniRef90_F8I9A2	32.38	907	933
UniRef90_A8RSS9	30.58	907	1013
UniRef90_A0A059IQA4	32.69	907	907
UniRef90_A2WJI5	32.58	907	971
UniRef90_L0KFZ4	32.44	907	917
UniRef90_E8TDH5	32.83	907	944
UniRef90_UPI00047BCA14	32.51	907	944
UniRef90_UPI00065E756E	31.43	907	915
UniRef90_UPI00068C4B9B	33.12	907	915
UniRef90_UPI00057065C6	31.09	907	922
UniRef90_UPI00062B8D1E	32.25	907	929
UniRef90_UPI00046737E0	31.05	907	924
UniRef90_UPI0004808026	31.19	907	915
UniRef90_UPI0006F72BF4	31.38	907	918
UniRef90_A0A088UJ67	32.69	907	940
UniRef90_UPI0003B447A8	31.58	907	895
UniRef90_M1WLT5	31.91	907	908
UniRef90_A0A0L6U4T6	62.83	907	268
UniRef90_A0A0J9EBW7	31.40	907	913
UniRef90_Q0B3H5	32.16	907	940
UniRef90_A0A0C1GR14	31.42	907	913
UniRef90_C4IB56	30.86	907	930
UniRef90_UPI0006C7FF05	32.76	907	918
UniRef90_H0HJ93	30.47	907	977
UniRef90_A0A0B4XDZ7	31.02	907	928
UniRef90_UPI0004833C4E	31.12	907	918
UniRef90_A0A068DF82	32.03	907	971
UniRef90_B6B150	31.49	907	896
UniRef90_UPI0004654037	31.91	907	914
UniRef90_A0A0N0JXS6	31.55	907	907
UniRef90_M9R6R6	31.03	907	911
UniRef90_K2KBN7	31.28	907	927
UniRef90_A9D0Z7	30.92	907	912
UniRef90_I0HYL7	31.39	907	975
UniRef90_B8IKP1	31.76	907	914
UniRef90_A0A0L6U4U0	59.11	907	268
UniRef90_UPI0003FCE770	31.97	907	934
UniRef90_A0A0J5QHB4	31.99	907	915
UniRef90_Q2W788	30.88	907	913
UniRef90_A3SNX1	30.74	907	913
UniRef90_A0A0K8PAZ0	30.82	907	942
UniRef90_K9HFL7	31.80	907	913
UniRef90_V7EM27	32.93	907	896
UniRef90_D9R6Q0	31.52	907	872
UniRef90_A6P0Z8	32.48	907	908
UniRef90_Q16A28	31.12	907	913
UniRef90_A0A0K0Y2J2	30.41	907	911
UniRef90_A0A061SR02	30.31	907	913
UniRef90_UPI00046871EB	30.86	907	906
UniRef90_A8TIR8	32.34	907	921
UniRef90_U4Q802	35.30	907	614
UniRef90_UPI000411D3CA	30.58	907	915
UniRef90_UPI00068E993D	31.79	907	928
UniRef90_A0A0G3X178	31.06	907	939
UniRef90_A3JU40	31.22	907	947
UniRef90_UPI00067EF500	31.34	907	853
UniRef90_A0A0A0EE37	31.07	907	911
UniRef90_UPI000310B00D	31.50	907	905
UniRef90_UPI00046CB01A	33.42	907	749
UniRef90_Q6SF55	31.16	907	920
UniRef90_UPI00067C8F11	30.14	907	891
UniRef90_UPI000237A37F	30.26	907	911
UniRef90_I1AS89	32.06	907	880
UniRef90_S9RKQ8	31.43	907	903
UniRef90_UPI00067C8797	30.43	907	913
UniRef90_UPI00031B94F5	30.26	907	891
UniRef90_A3K805	30.69	907	914
UniRef90_UPI000479D3EF	29.67	907	878
UniRef90_Q5LV72	31.02	907	915
UniRef90_C6JK28	31.70	907	856
UniRef90_U2PZ86	30.99	907	851
UniRef90_A3SZZ6	30.70	907	915
UniRef90_E1R0U3	30.18	907	914
UniRef90_D1B8R5	31.66	907	855
UniRef90_UPI00041A6525	30.49	907	918
UniRef90_Q0FN39	31.00	907	905
UniRef90_E8N4W1	28.89	907	999
UniRef90_UPI000563476B	31.81	907	908
UniRef90_A0A0B4E307	31.86	907	916
UniRef90_A0A099SEZ8	30.80	907	852
UniRef90_R5IAD1	30.63	907	859
UniRef90_C0D1U3	31.54	907	891
UniRef90_C3WC74	31.54	907	855
UniRef90_F9N4T8	31.49	907	849
UniRef90_I4C0R0	31.85	907	776
UniRef90_G7LZF5	32.25	907	754
UniRef90_Q2RGZ4	32.33	907	853
UniRef90_UPI00055CBC2C	31.62	907	905
UniRef90_A0A0F9QPW9	30.64	907	915
UniRef90_K9WWR0	30.31	907	871
UniRef90_K9PMB0	30.30	907	867
UniRef90_D0RNF5	34.99	907	625
UniRef90_A6NT25	30.95	907	852
UniRef90_UPI0006B5CD2E	30.39	907	914
UniRef90_UPI00024A26B7	30.56	907	905
UniRef90_D0D4S2	31.11	907	905
UniRef90_B0UAC7	30.31	907	912
UniRef90_UPI0003F73164	31.15	907	874
UniRef90_E3GN55	30.49	907	856
UniRef90_I4CEG3	34.10	907	798
UniRef90_UPI0006E23B6D	30.87	907	851
UniRef90_A0A0F9NHQ4	31.57	907	952
UniRef90_D9WWP6	31.16	907	905
UniRef90_UPI000578FD37	30.34	907	912
UniRef90_B0P5R1	31.19	907	852
UniRef90_UPI000570E26F	33.60	907	729
UniRef90_A5I5W5	30.34	907	856
UniRef90_G8RY57	31.52	907	901
UniRef90_A6FMK3	29.73	907	924
UniRef90_UPI00051B340C	29.47	907	870
UniRef90_R8W0Q9	31.96	907	853
UniRef90_A0A0G9L9S1	30.04	907	852
UniRef90_UPI0005A95775	31.08	907	832
UniRef90_UPI0004885621	31.09	907	908
UniRef90_UPI00048A68E9	31.43	907	907
UniRef90_D3AGR7	31.48	907	855
UniRef90_UPI00051BAE55	30.67	907	850
UniRef90_UPI00040B9EAF	32.00	907	855
UniRef90_K9XIW9	31.38	907	905
UniRef90_A0A0G2Z9E7	33.59	907	767
UniRef90_UPI000315EBD5	31.58	907	882
UniRef90_J7IYR9	31.13	907	870
UniRef90_J9U0I3	29.82	907	857
UniRef90_W6N4D7	30.85	907	887
UniRef90_A0A0M1J1J7	30.49	907	852
UniRef90_M2VDA6	31.33	907	907
UniRef90_A0A0K2JA17	31.06	907	857
UniRef90_UPI0004C466A6	31.58	907	905
UniRef90_R6D0I6	30.53	907	863
UniRef90_V4RMD0	35.50	907	627
UniRef90_A0A0J1FLV3	31.00	907	854
UniRef90_G5IIH6	30.78	907	870
UniRef90_B7RQY5	29.95	907	915
UniRef90_G7W5U9	30.71	907	851
UniRef90_G2FLH5	30.32	907	850
UniRef90_UPI00067D8426	32.13	907	909
UniRef90_J2JRE3	30.84	907	905
UniRef90_C8PMD1	30.91	907	871
UniRef90_U3XXK9	31.17	907	861
UniRef90_C6J9V1	29.65	907	860
UniRef90_A0A0F2N6Z3	31.54	907	833
UniRef90_K6T5T4	29.61	907	886
UniRef90_D4J845	30.43	907	834
UniRef90_A0A0F2S7F7	29.79	907	851
UniRef90_D4LU41	29.58	907	860
UniRef90_G9PXQ0	30.75	907	861
UniRef90_L0J1W7	31.81	907	905
UniRef90_Q0S6P2	31.13	907	905
UniRef90_UPI0004218513	30.09	907	895
UniRef90_A0A0D8HRP2	30.36	907	901
UniRef90_UPI0002F4672D	30.30	907	905
UniRef90_G7LZD3	29.61	907	876
UniRef90_UPI0006C91364	33.82	907	736
UniRef90_UPI000702AEC7	30.46	907	902
UniRef90_UPI0006FCF554	30.95	907	905
UniRef90_A9KPX2	30.62	907	853
UniRef90_W6NAT7	29.79	907	860
UniRef90_E8N4W5	33.64	907	744
UniRef90_UPI0005B25C64	29.71	907	853
UniRef90_A0A0K9I8F2	31.91	907	766
UniRef90_G9YPT3	30.81	907	865
UniRef90_S5ULU6	31.30	907	908
UniRef90_A0A0C7NPB3	31.40	907	853
UniRef90_A0A0L8P9N6	31.97	907	901
UniRef90_V5XI58	30.61	907	904
UniRef90_UPI000403DDC0	30.48	907	900
UniRef90_UPI0004ACEABB	30.75	907	863
UniRef90_A0A0L0IS48	30.97	907	905
UniRef90_A0A0C1R3Q6	31.14	907	851
UniRef90_A6LUX2	30.53	907	855
UniRef90_UPI000495D676	30.09	907	856
UniRef90_UPI0004830894	30.02	907	852
UniRef90_R9MD45	30.18	907	862
UniRef90_F0YVC8	30.30	907	851
UniRef90_D1AIE7	30.02	907	858
UniRef90_C0BXP2	30.10	907	852
UniRef90_A0A0A0DY06	30.87	907	761
UniRef90_U2PZ49	30.18	907	850
UniRef90_R3TPR4	31.09	907	857
UniRef90_A0A0F4I9D7	30.55	907	905
UniRef90_V9H7K9	29.55	907	852
UniRef90_A0A090MRB3	35.08	907	631
UniRef90_UPI00069A2177	29.56	907	977
UniRef90_A0A081BLL7	31.77	907	924
UniRef90_A0A0A1PLF6	29.93	907	917
UniRef90_UPI00040D54A8	30.71	907	854
UniRef90_X5LE07	31.34	907	893
UniRef90_F7NDB8	31.41	907	850
UniRef90_UPI00051C4701	30.50	907	863
UniRef90_UPI0005C895D8	30.23	907	863
UniRef90_E3CX59	30.86	907	862
UniRef90_B0TBF7	30.30	907	862
UniRef90_UPI0004806987	31.55	907	853
UniRef90_A0A0C2KZ78	36.30	907	628
UniRef90_UPI0006BFFBEF	31.64	907	851
UniRef90_UPI0006C8F8A0	29.70	907	1004
UniRef90_L8EJ56	31.86	907	1248
UniRef90_R4JXC2	29.45	907	857
UniRef90_A0A0E9EL29	30.23	907	857
UniRef90_A0A0F2JL37	29.85	907	852
UniRef90_UPI000489B007	30.08	907	850
UniRef90_I0HZY4	33.20	907	1022
UniRef90_I0HZY4	37.50	907	1022
UniRef90_A7B3N6	29.23	907	856
UniRef90_U2R194	30.43	907	866
UniRef90_U4PH98	30.31	907	856
UniRef90_A0A0L6VX39	33.98	907	641
UniRef90_D0LKS5	31.50	907	879
UniRef90_D4M4M8	29.36	907	860
UniRef90_UPI0006EC32AF	29.67	907	865
UniRef90_A0A081CA76	27.85	907	931
UniRef90_T4VUQ8	29.83	907	852
UniRef90_K9RB47	30.32	907	880
UniRef90_UPI0006D8045B	29.64	907	855
UniRef90_A0A037YXU0	30.08	907	851
UniRef90_UPI0003A63079	29.28	907	877
UniRef90_A5EDJ2	30.15	907	904
UniRef90_UPI000380F77F	34.58	907	628
UniRef90_A0A0F0C2U7	30.21	907	860
UniRef90_E6LMG2	30.02	907	859
UniRef90_A0A0F9W586	33.85	907	626
UniRef90_UPI0004C0172A	30.31	907	908
UniRef90_UPI00040E387D	31.90	907	762
UniRef90_UPI00067B17EF	30.17	907	939
UniRef90_F7V8A4	30.64	907	861
UniRef90_UPI0002F5C945	29.82	907	872
UniRef90_UPI0003B31D36	28.78	907	851
UniRef90_G1UZB9	32.44	907	778
UniRef90_UPI0004CC318A	30.28	907	943
UniRef90_UPI00048E3B36	31.51	907	866
UniRef90_R9MG28	30.64	907	849
UniRef90_G4L5Z1	29.58	907	862
UniRef90_A0A0N1NPD8	30.14	907	908
UniRef90_A0A0E4GYT3	30.60	907	905
UniRef90_B0MJG7	28.91	907	855
UniRef90_UPI00041E0D67	30.44	907	851
UniRef90_A0A0H3J3A3	31.46	907	754
UniRef90_C2KUN3	29.69	907	865
UniRef90_U5W1D4	29.59	907	892
UniRef90_B0NHC0	30.14	907	849
UniRef90_R4LHP2	30.53	907	882
UniRef90_R5PYC3	30.04	907	856
UniRef90_A0A0H3J642	28.85	907	857
UniRef90_D7BR86	29.82	907	912
UniRef90_UPI00069AC9DF	30.27	907	935
UniRef90_A0A0N0MLT6	30.26	907	905
UniRef90_A0A0J6ZAP0	30.19	907	902
UniRef90_UPI0004C0C8ED	29.80	907	923
UniRef90_F7V552	29.89	907	854
UniRef90_A0A0L8LQW7	30.22	907	908
UniRef90_B1M7C9	30.12	907	911
UniRef90_D8F9P5	31.18	907	760
UniRef90_A0A0D1K2V8	29.97	907	923
UniRef90_A0A0F2N8R0	31.59	907	770
UniRef90_B2THL7	29.54	907	851
UniRef90_A0A0K9I4J6	34.78	907	579
UniRef90_R5B4W1	30.36	907	849
UniRef90_C0EX40	29.96	907	864
UniRef90_A0A0J1FBB0	30.11	907	888
UniRef90_A0A0K9I9S6	32.41	907	752
UniRef90_UPI0002194997	29.79	907	858
UniRef90_A0A0K8PBZ4	29.85	907	852
UniRef90_UPI00068E002B	30.80	907	760
UniRef90_X7FEY0	31.81	907	914
UniRef90_E4RJV5	33.60	907	764
UniRef90_V7I1M9	29.91	907	856
UniRef90_F7JQX1	29.56	907	886
UniRef90_I0GHW7	31.77	907	762
UniRef90_UPI0004B7D913	29.32	907	849
UniRef90_UPI00051AB9DA	29.33	907	857
UniRef90_M1PDS9	31.08	907	851
UniRef90_D1BNI8	30.10	907	849
UniRef90_H6LDX4	29.91	907	859
UniRef90_UPI0003656571	30.73	907	857
UniRef90_V9XMK4	29.13	907	898
UniRef90_G4KZT8	30.21	907	849
UniRef90_A8HZT3	31.44	907	913
UniRef90_UPI0002FAC080	30.69	907	904
UniRef90_A0A084JAA6	28.51	907	879
UniRef90_UPI0004714D07	32.19	907	728
UniRef90_UPI000408B69D	29.55	907	911
UniRef90_R5X993	29.60	907	854
UniRef90_R5AKU9	29.87	907	850
UniRef90_A3DLF9	31.89	907	804
UniRef90_G0VN01	29.52	907	896
UniRef90_UPI000262D609	29.48	907	906
UniRef90_I3XQR7	31.19	907	801
UniRef90_UPI0004815614	30.28	907	853
UniRef90_L1QK91	29.25	907	851
UniRef90_G7W9H7	29.72	907	860
UniRef90_H0RZV5	30.16	907	904
UniRef90_R6LLY1	30.07	907	858
UniRef90_C2CKH5	29.52	907	879
UniRef90_G9WKQ9	29.92	907	859
UniRef90_R5BDM5	31.70	907	851
UniRef90_D9R5L9	29.27	907	870
UniRef90_UPI000478440A	30.69	907	898
UniRef90_R5IPN5	29.48	907	862
UniRef90_W2VNV8	29.88	907	859
UniRef90_UPI0004675200	29.20	907	912
UniRef90_C6PTJ2	30.36	907	854
UniRef90_W9BLP9	30.43	907	867
UniRef90_UPI00017458E8	30.12	907	918
UniRef90_UPI0004AAB11A	29.75	907	905
UniRef90_A0A0J6RBL9	31.01	907	905
UniRef90_UPI0006F673C6	30.68	907	920
UniRef90_A6NVP3	30.99	907	771
UniRef90_I0HAX7	30.19	907	859
UniRef90_UPI000362D34D	30.83	907	910
UniRef90_N2AP19	28.72	907	860
UniRef90_UPI0003729964	29.72	907	852
UniRef90_A0A0F2QT11	31.25	907	760
UniRef90_L8P3P3	28.51	907	900
UniRef90_U2UAP7	30.66	907	862
UniRef90_UPI0004A71139	29.59	907	850
UniRef90_A0A0C7NTN3	31.95	907	757
UniRef90_B0PCM3	30.08	907	772
UniRef90_A4YNY7	30.03	907	904
UniRef90_A0A0N1FWT2	30.31	907	911
UniRef90_A0A059VWP2	30.17	907	919
UniRef90_A6W9S1	29.01	907	916
UniRef90_R5IFU6	29.68	907	860
UniRef90_E0QKU3	29.30	907	872
UniRef90_A1TFV2	31.26	907	899
UniRef90_UPI00047D643A	32.05	907	770
UniRef90_A7IEU5	30.69	907	911
UniRef90_UPI000289391F	28.70	907	857
UniRef90_Q46509	100.00	907	907
UniRef90_F6DS46	69.82	907	907
UniRef90_UPI0005EB04CC	76.57	907	915
UniRef90_S7VCC6	73.18	907	905
UniRef90_UPI00041C89F2	77.15	907	907
UniRef90_I4C4L6	68.65	907	904
UniRef90_UPI0006B4177D	67.33	907	907
UniRef90_D3L1G6	68.14	907	909
UniRef90_UPI00036F4537	70.75	907	905
UniRef90_F3YVN2	78.19	907	908
UniRef90_Q30VG4	70.67	907	907
UniRef90_UPI00042A03E3	71.08	907	906
UniRef90_A0LHV0	68.32	907	912
UniRef90_C8W6Q4	68.72	907	906
UniRef90_UPI0003F56983	69.21	907	906
UniRef90_A0A0J1FLJ0	66.08	907	908
UniRef90_D8GLA4	61.72	907	907
UniRef90_M1WQQ7	68.32	907	905
UniRef90_C8X3U5	67.96	907	904
UniRef90_B8DK02	73.40	907	905
UniRef90_H5XT95	67.40	907	907
UniRef90_R4KBA1	64.17	907	913
UniRef90_UPI0004258E8C	73.21	907	907
UniRef90_UPI00048A5E50	70.78	907	907
UniRef90_F0JDJ0	65.01	907	905
UniRef90_UPI0003B5EE21	67.03	907	907
UniRef90_E8RC60	68.18	907	905
UniRef90_R4KRT5	66.37	907	908
UniRef90_A5GB32	65.93	907	931
UniRef90_UPI0003B41EC9	69.24	907	906
UniRef90_UPI0004785A35	69.98	907	909
UniRef90_B8G1B6	67.66	907	910
UniRef90_A5D4G2	66.52	907	923
UniRef90_I5B2P0	67.81	907	906
UniRef90_UPI0004846228	67.07	907	905
UniRef90_UPI000400E3D2	61.23	907	905
UniRef90_A0A0E0T2T0	69.65	907	906
UniRef90_G1UQ18	68.80	907	907
UniRef90_G2FVS3	67.40	907	906
UniRef90_A0A0L6Z6V2	60.57	907	909
UniRef90_Q9REC4	67.81	907	907
UniRef90_UPI0004226EEA	68.54	907	904
UniRef90_UPI00041A3E45	69.17	907	905
UniRef90_D8GLB2	61.45	907	909
UniRef90_Q6ARM6	65.60	907	922
UniRef90_M1M954	61.12	907	909
UniRef90_T0IUS7	62.60	907	909
UniRef90_UPI00047A8C9E	61.45	907	910
UniRef90_A0A0D2HQ41	68.40	907	905
UniRef90_UPI0003B67C69	67.81	907	907
UniRef90_UPI000376EB59	66.56	907	905
UniRef90_J7IVN1	65.97	907	908
UniRef90_B6WQZ6	67.29	907	909
UniRef90_G7Q9I9	66.45	907	909
UniRef90_UPI0004204B9A	58.99	907	918
UniRef90_UPI00040979F6	66.00	907	905
UniRef90_UPI00049585D5	65.90	907	909
UniRef90_G4L0Z4	60.13	907	912
UniRef90_UPI0004A6D1E6	68.40	907	904
UniRef90_C7LUC0	67.44	907	904
UniRef90_D1APS7	61.01	907	913
UniRef90_C6BWC2	64.76	907	907
UniRef90_I9NT08	64.98	907	912
UniRef90_L0R955	64.13	907	905
UniRef90_UPI0004249686	59.45	907	911
UniRef90_E5Y6I8	67.55	907	908
UniRef90_UPI000379F1BB	66.78	907	905
UniRef90_E1JYE0	64.65	907	916
UniRef90_UPI0003FE1337	67.25	907	906
UniRef90_A0A0B3WUN8	61.63	907	914
UniRef90_Q3A811	63.51	907	951
UniRef90_UPI000495D304	58.35	907	912
UniRef90_UPI00046A2486	59.91	907	907
UniRef90_W6ESB1	59.25	907	906
UniRef90_W6N3U6	60.46	907	907
UniRef90_T0IYA2	62.71	907	913
UniRef90_A1AP96	62.44	907	935
UniRef90_D1B323	60.02	907	907
UniRef90_UPI000426C504	58.31	907	921
UniRef90_UPI0004E20A64	65.38	907	907
UniRef90_D2Z5C2	59.65	907	913
UniRef90_K8E0Q0	65.42	907	925
UniRef90_C0QJ32	66.41	907	905
UniRef90_UPI00037BDA95	58.12	907	918
UniRef90_UPI000255570F	62.33	907	910
UniRef90_UPI0003F80815	64.57	907	906
UniRef90_H6LFI5	60.07	907	908
UniRef90_UPI000466EC5D	53.41	907	911
UniRef90_R4KJP9	64.54	907	925
UniRef90_K0NCC1	56.12	907	908
UniRef90_F7NEC2	64.39	907	908
UniRef90_J6UBS2	60.38	907	913
UniRef90_I2Q2K8	64.58	907	914
UniRef90_I2Q774	63.85	907	915
UniRef90_C0QBD3	56.78	907	918
UniRef90_A0A0K9I905	68.65	907	905
UniRef90_UPI000484E6E7	64.84	907	913
UniRef90_I4BWF1	50.27	907	931
UniRef90_UPI0003FDCB10	62.97	907	914
UniRef90_E1YKW9	61.41	907	920
UniRef90_R6RI39	58.58	907	915
UniRef90_D4LS72	54.20	907	920
UniRef90_H6LHL1	56.00	907	945
UniRef90_UPI0004785DFD	48.54	907	929
UniRef90_I2PWN7	52.70	907	947
UniRef90_H6LFZ2	51.71	907	942
UniRef90_UPI0004041562	38.59	907	880
UniRef90_E3CUM9	49.62	907	940
UniRef90_T0MJD6	32.38	907	942
UniRef90_G9PV20	46.04	907	943
UniRef90_UPI00048192D3	32.24	907	933
UniRef90_UPI0005B25C64	28.84	907	853
UniRef90_A0A073ISK2	45.40	907	951
UniRef90_A0A0M2U9P6	32.91	907	924
UniRef90_C3WC74	30.55	907	855
UniRef90_G9PSW0	45.49	907	948
UniRef90_UPI00031B94F5	29.32	907	891
UniRef90_A0A037YXU0	28.97	907	851
UniRef90_UPI0004046D1F	44.31	907	947
UniRef90_UPI00024A26B7	30.40	907	905
UniRef90_UPI0006E23B6D	29.02	907	851
UniRef90_G5IIH6	29.33	907	870
UniRef90_UPI0004675200	28.05	907	912
UniRef90_UPI0004C0C8ED	29.57	907	923
UniRef90_D3AGR7	29.77	907	855
UniRef90_UPI00055CBC2C	30.47	907	905
UniRef90_G8RY57	30.43	907	901
UniRef90_A0A0L0IS48	29.32	907	905
UniRef90_C6JK28	30.58	907	856
UniRef90_UPI000702AEC7	30.15	907	902
UniRef90_UPI00048A68E9	29.98	907	907
UniRef90_UPI0004280A10	45.93	907	941
UniRef90_UPI000479D3EF	29.16	907	878
UniRef90_U2R194	29.25	907	866
UniRef90_A0A0G9L9S1	29.02	907	852
UniRef90_A0A099SEZ8	29.99	907	852
UniRef90_K9PMB0	28.46	907	867
UniRef90_UPI0004C466A6	30.08	907	905
UniRef90_J2JRE3	28.79	907	905
UniRef90_W6NAT7	27.57	907	860
UniRef90_X5LE07	29.59	907	893
UniRef90_A0A0H3J642	27.01	907	857
UniRef90_UPI0004C0172A	29.46	907	908
UniRef90_R4JXC2	28.12	907	857
UniRef90_UPI0004897DA3	30.75	907	938
UniRef90_V5XI58	30.00	907	904
UniRef90_A0A0D8HRP2	29.56	907	901
UniRef90_A0A0F4I9D7	29.57	907	905
UniRef90_G7W5U9	29.44	907	851
UniRef90_L0J1W7	29.89	907	905
UniRef90_UPI000403DDC0	29.22	907	900
UniRef90_A0A0D4DY73	28.57	907	927
UniRef90_V9H7K9	28.95	907	852
UniRef90_UPI0004885621	29.68	907	908
UniRef90_D9WWP6	30.54	907	905
UniRef90_UPI000289391F	27.68	907	857
UniRef90_A0A0N0MLT6	29.25	907	905
UniRef90_U5W1D4	28.63	907	892
UniRef90_M5EHT8	32.01	907	930
UniRef90_A0A0J1FLV3	29.94	907	854
UniRef90_A0A0D7PME8	28.51	907	906
UniRef90_UPI0004ACEABB	28.62	907	863
UniRef90_A0A0N1NPD8	29.25	907	908
UniRef90_T4VUQ8	28.62	907	852
UniRef90_UPI000362C2D6	27.90	907	914
UniRef90_UPI0003464AA4	29.40	907	931
UniRef90_E3GN55	29.19	907	856
UniRef90_Q0S6P2	29.46	907	905
UniRef90_A0A0E4GYT3	29.61	907	905
UniRef90_A0A090GMC5	32.12	907	927
UniRef90_G2FLH5	29.50	907	850
UniRef90_U2PZ49	28.54	907	850
UniRef90_A0A073IRA9	43.32	907	971
UniRef90_A5EDJ2	29.11	907	904
UniRef90_U3XXK9	28.89	907	861
UniRef90_UPI0006C9269D	33.02	907	934
UniRef90_T0I8X5	44.91	907	940
UniRef90_UPI0004B4431E	28.75	907	936
UniRef90_F0YVC8	28.59	907	851
UniRef90_D7BR86	29.16	907	912
UniRef90_R5AKU9	28.33	907	850
UniRef90_A5I5W5	28.17	907	856
UniRef90_E6LMG2	29.25	907	859
UniRef90_R5X993	27.73	907	854
UniRef90_R8W0Q9	30.19	907	853
UniRef90_UPI000478440A	29.09	907	898
UniRef90_UPI0002F4672D	29.78	907	905
UniRef90_UPI0006B4350B	29.43	907	954
UniRef90_D9R6Q0	30.50	907	872
UniRef90_G4KZT8	27.92	907	849
UniRef90_Q24Z81	43.85	907	963
UniRef90_UPI000668CCCC	27.81	907	852
UniRef90_A7B3N6	28.24	907	856
UniRef90_R9MD45	29.06	907	862
UniRef90_V9XMK4	28.14	907	898
UniRef90_V2YDY1	43.00	907	939
UniRef90_R5IAD1	29.84	907	859
UniRef90_E5Y9I2	47.41	907	941
UniRef90_M2VDA6	29.94	907	907
UniRef90_UPI000493C460	28.63	907	916
UniRef90_UPI0004AAB11A	29.14	907	905
UniRef90_A0A0D5AAC2	27.48	907	904
UniRef90_A0A0F2S7F7	28.68	907	851
UniRef90_C0D1U3	30.17	907	891
UniRef90_R4LHP2	30.12	907	882
UniRef90_D4LU41	28.68	907	860
UniRef90_A0A0L8LQW7	29.48	907	908
UniRef90_Q89H34	28.43	907	907
UniRef90_N0D5M4	28.74	907	915
UniRef90_R9MG28	29.25	907	849
UniRef90_UPI0006CFD9C7	37.13	907	892
UniRef90_A0A0F2JL37	28.91	907	852
UniRef90_U2PZ86	29.33	907	851
UniRef90_X6G0C2	30.63	907	953
UniRef90_F7V8J2	43.61	907	945
UniRef90_W6N4D7	29.40	907	887
UniRef90_UPI00040B9EAF	29.84	907	855
UniRef90_I0HYL7	29.55	907	975
UniRef90_F7JQX1	28.00	907	886
UniRef90_K9WWR0	28.56	907	871
UniRef90_K2MYP8	31.97	907	912
UniRef90_UPI00046697F4	32.19	907	908
UniRef90_L8EJ56	29.94	907	1248
UniRef90_D9VMW2	28.71	907	908
UniRef90_UPI000566A926	28.04	907	920
UniRef90_A0A0M2U252	31.48	907	896
UniRef90_R4KUA0	36.81	907	885
UniRef90_A0A0N1FWT2	28.65	907	911
UniRef90_C8PMD1	29.01	907	871
UniRef90_C0BXP2	28.43	907	852
UniRef90_UPI0006E38E16	27.51	907	922
UniRef90_A4YNY7	29.11	907	904
UniRef90_V7I1M9	28.91	907	856
UniRef90_V7FP96	31.94	907	915
UniRef90_M5F1N4	30.41	907	979
UniRef90_A0A0M1J1J7	29.35	907	852
UniRef90_D1B8R5	29.33	907	855
UniRef90_UPI0003FC2090	28.33	907	908
UniRef90_S5ULU6	30.17	907	908
UniRef90_A0A0C1R3Q6	28.41	907	851
UniRef90_UPI000489B007	28.86	907	850
UniRef90_R7AH32	43.31	907	973
UniRef90_D1AIE7	28.60	907	858
UniRef90_D4M4M8	27.89	907	860
UniRef90_UPI00062B8D1E	31.76	907	929
UniRef90_W6KA45	31.05	907	959
UniRef90_W2VNV8	28.92	907	859
UniRef90_UPI0006D8045B	28.24	907	855
UniRef90_E0QKU3	28.30	907	872
UniRef90_A0A0B5IJT2	28.34	907	927
UniRef90_UPI0004165CDA	28.63	907	908
UniRef90_A0A090EAN4	30.61	907	977
UniRef90_G0Q5X3	28.87	907	947
UniRef90_U4PH98	29.05	907	856
UniRef90_UPI0005A69705	28.04	907	926
UniRef90_UPI00041E0D67	29.08	907	851
UniRef90_A0A0K9I522	37.16	907	890
UniRef90_V6JMX9	28.28	907	912
UniRef90_D6TQU2	27.38	907	899
UniRef90_C6J9V1	28.70	907	860
UniRef90_UPI00067A8D83	29.05	907	906
UniRef90_UPI00064926E0	31.65	907	916
UniRef90_H0RZV5	29.00	907	904
UniRef90_B0P5R1	30.55	907	852
UniRef90_UPI00040CC229	28.94	907	910
UniRef90_UPI0003656571	29.88	907	857
UniRef90_J6HB68	27.81	907	862
UniRef90_UPI000563476B	29.70	907	908
UniRef90_R5IPN5	28.06	907	862
UniRef90_UPI0006F6947A	31.94	907	921
UniRef90_UPI00067EF500	30.26	907	853
UniRef90_E3H716	27.68	907	851
UniRef90_A0A0L8JEI6	27.74	907	937
UniRef90_A0A075KBB8	27.93	907	853
UniRef90_A0A0D1K2V8	28.92	907	923
UniRef90_UPI00067B17EF	28.93	907	939
UniRef90_UPI0006FCF554	29.68	907	905
UniRef90_U2UAP7	29.08	907	862
UniRef90_B2THL7	27.87	907	851
UniRef90_C1BAH0	28.16	907	903
UniRef90_A0A0K2DB78	32.19	907	929
UniRef90_A0A0F3I2U4	27.45	907	904
UniRef90_I5BSJ4	30.49	907	903
UniRef90_UPI00051C4701	28.65	907	863
UniRef90_A6NT25	29.67	907	852
UniRef90_Q2W788	30.66	907	913
UniRef90_UPI0004806987	29.22	907	853
UniRef90_A0A0M9YEB5	28.45	907	927
UniRef90_A0A0J7AK32	28.06	907	930
UniRef90_UPI00047BCA14	31.90	907	944
UniRef90_K6T5T4	28.62	907	886
UniRef90_A0A0F0C2U7	28.25	907	860
UniRef90_A6LUX2	28.91	907	855
UniRef90_R5IFU6	28.79	907	860
UniRef90_A0A0A8EVH4	27.26	907	932
UniRef90_UPI00057065C6	30.45	907	922
UniRef90_A0A0F2N6Z3	29.46	907	833
UniRef90_C6PTJ2	28.49	907	854
UniRef90_UPI0007004409	32.44	907	917
UniRef90_L0KFZ4	31.26	907	917
UniRef90_UPI00046737E0	30.88	907	924
UniRef90_UPI00067D8426	29.76	907	909
UniRef90_UPI00067ABE02	28.91	907	907
UniRef90_UPI0004830894	28.25	907	852
UniRef90_N2AP19	28.36	907	860
UniRef90_UPI00053A39AA	27.83	907	918
UniRef90_UPI00048DD7A9	28.56	907	912
UniRef90_UPI00017458E8	29.38	907	918
UniRef90_E8N4W1	27.78	907	999
UniRef90_R6D0I6	29.08	907	863
UniRef90_A0A0H1AEZ2	30.53	907	952
UniRef90_W9BLP9	28.96	907	867
UniRef90_UPI000590C019	31.75	907	917
UniRef90_UPI000415CD1E	32.08	907	918
UniRef90_A0A0C1VZ45	29.36	907	934
UniRef90_F7NDB8	29.78	907	850
UniRef90_B0NHC0	29.06	907	849
UniRef90_L1QK91	28.12	907	851
UniRef90_A0A0K8PBZ4	28.00	907	852
UniRef90_A0A0L8P9N6	30.02	907	901
UniRef90_A0A0D7QNA9	27.13	907	919
UniRef90_UPI00065E756E	30.90	907	915
UniRef90_UPI0003F9EEE0	29.01	907	907
UniRef90_F7V8A4	29.21	907	861
UniRef90_B0MJG7	27.73	907	855
UniRef90_G7LZD3	28.62	907	876
UniRef90_C2KUN3	28.67	907	865
UniRef90_UPI0006F673C6	30.12	907	920
UniRef90_UPI0006993CD8	28.91	907	905
UniRef90_G9WKQ9	28.75	907	859
UniRef90_H0TDG7	27.41	907	907
UniRef90_A0A0K2JA17	29.49	907	857
UniRef90_UPI0006F72BF4	30.73	907	918
UniRef90_UPI0005D21EE0	28.25	907	849
UniRef90_D6KEJ0	28.84	907	935
UniRef90_A0A0D8HQG1	27.58	907	898
UniRef90_A0A0C2AKF2	27.23	907	951
UniRef90_A0A084JAA6	26.54	907	879
UniRef90_UPI0006C77545	31.87	907	920
UniRef90_A1VQR9	27.21	907	903
UniRef90_UPI0004B7D913	28.12	907	849
UniRef90_UPI00039B4BC7	30.67	907	993
UniRef90_A9KPX2	29.33	907	853
UniRef90_K2M9Y3	31.33	907	916
UniRef90_UPI0006F76E29	28.87	907	914
UniRef90_UPI0004833C4E	30.58	907	918
UniRef90_C0ZWT4	29.05	907	903
UniRef90_UPI0004C30CC7	29.00	907	854
UniRef90_E8TDH5	31.97	907	944
UniRef90_A0A0J6ZAP0	29.25	907	902
UniRef90_F9VWX1	27.83	907	945
UniRef90_F0RUM2	28.65	907	850
UniRef90_UPI0006F7289C	28.02	907	934
UniRef90_UPI0006EC32AF	28.14	907	865
UniRef90_UPI00051BAE55	28.73	907	850
UniRef90_UPI000414E761	28.08	907	908
UniRef90_R6LLY1	28.84	907	858
UniRef90_G9YPT3	29.29	907	865
UniRef90_C4IB56	29.88	907	930
UniRef90_UPI0002FAC080	29.54	907	904
UniRef90_A0A061SR02	29.75	907	913
UniRef90_UPI000362D34D	29.67	907	910
UniRef90_UPI00058ECD43	26.51	907	887
UniRef90_G7WI90	35.38	907	884
UniRef90_UPI0006F6F86B	30.16	907	983
UniRef90_H5U0K0	26.66	907	949
UniRef90_UPI00051AB9DA	27.72	907	857
UniRef90_UPI00040D54A8	29.18	907	854
UniRef90_UPI00040C73FF	29.01	907	914
UniRef90_I5AZW0	36.51	907	889
UniRef90_C0EX40	28.17	907	864
UniRef90_X6IZ90	30.64	907	992
UniRef90_A0A0B4XDZ7	30.42	907	928
UniRef90_UPI000423FC1A	28.16	907	909
UniRef90_UPI00039E90D4	27.81	907	901
UniRef90_F6EK83	28.57	907	877
UniRef90_UPI0005A95775	29.68	907	832
UniRef90_H0HJ93	30.60	907	977
UniRef90_G9PXQ0	28.41	907	861
UniRef90_R5S0I1	26.75	907	895
UniRef90_H5TT02	27.92	907	927
UniRef90_UPI00040C7225	32.87	907	911
UniRef90_K2KBN7	30.52	907	927
UniRef90_UPI00041EDFF7	44.43	907	952
UniRef90_V2ZLX7	40.63	907	977
UniRef90_UPI000484E180	29.54	907	919
UniRef90_UPI00036CEEE5	27.62	907	916
UniRef90_K9HFL7	30.69	907	913
UniRef90_UPI0006F35F42	28.63	907	933
UniRef90_J9U0I3	28.81	907	857
UniRef90_UPI00067C8F11	29.49	907	891
UniRef90_A0A068DF82	31.27	907	971
UniRef90_A0A0J5QHB4	30.54	907	915
UniRef90_A0A0D6H4W1	28.79	907	893
UniRef90_UPI0003148621	27.26	907	941
UniRef90_D7A998	27.96	907	904
UniRef90_G8QUI2	27.42	907	861
UniRef90_H6LDX4	28.35	907	859
UniRef90_UPI0006F8E9F5	28.42	907	926
UniRef90_UPI0006BFFBEF	29.33	907	851
UniRef90_UPI0004808026	30.45	907	915
UniRef90_D1BNI8	29.05	907	849
UniRef90_L7KLL8	26.38	907	920
UniRef90_UPI000700A80C	29.38	907	909
UniRef90_UPI000481EB4D	28.76	907	900
UniRef90_A1TFV2	29.60	907	899
UniRef90_F9N4T8	30.28	907	849
UniRef90_UPI00067B2BE2	28.09	907	917
UniRef90_UPI00048E3B36	30.49	907	866
UniRef90_I0HAX7	29.66	907	859
UniRef90_UPI0004B70CB3	28.51	907	962
UniRef90_UPI000495D676	28.54	907	856
UniRef90_UPI0004218513	28.63	907	895
UniRef90_G7W9H7	28.17	907	860
UniRef90_UPI0003A63079	28.29	907	877
UniRef90_B0PE42	29.62	907	959
UniRef90_B0RI03	27.46	907	964
UniRef90_E8N4Z5	31.57	907	939
UniRef90_UPI00051B340C	29.50	907	870
UniRef90_G4L5Z1	28.41	907	862
UniRef90_A0A0E9EL29	28.82	907	857
UniRef90_UPI0003B447A8	30.93	907	895
UniRef90_F8I9A2	30.58	907	933
UniRef90_UPI0002F5C945	28.41	907	872
UniRef90_J7IYR9	29.72	907	870
UniRef90_Q2RGZ4	30.34	907	853
UniRef90_A0A0N0JXS6	31.08	907	907
UniRef90_F7V552	28.54	907	854
UniRef90_A0A0A0NWE4	28.98	907	924
UniRef90_UPI0004C080BC	27.24	907	941
UniRef90_E3CX59	28.17	907	862
UniRef90_UPI0004B47D20	28.65	907	897
UniRef90_UPI0006D15426	28.16	907	925
UniRef90_J9SFI4	26.33	907	922
UniRef90_UPI000701CB57	32.51	907	919
UniRef90_A3SNX1	30.09	907	913
UniRef90_UPI0005C895D8	28.30	907	863
UniRef90_A8HZT3	29.91	907	913
UniRef90_R3TPR4	29.22	907	857
UniRef90_A0A0D0K0V3	28.28	907	900
UniRef90_B1M7C9	29.49	907	911
UniRef90_UPI0006F5ADA8	27.41	907	934
UniRef90_UPI000408B69D	29.06	907	911
UniRef90_K9RB47	28.60	907	880
UniRef90_D8EXM2	36.66	907	888
UniRef90_A0A0M0FED4	27.53	907	988
UniRef90_UPI0003729964	27.76	907	852
UniRef90_UPI000366C6F9	31.61	907	913
UniRef90_D4J845	29.71	907	834
UniRef90_M3VG37	27.15	907	924
UniRef90_UPI00036B3376	30.18	907	921
UniRef90_A0A059VWP2	29.51	907	919
UniRef90_G0VN01	28.31	907	896
UniRef90_A0A0F9QPW9	30.43	907	915
UniRef90_A0A0J1FBB0	29.00	907	888
UniRef90_K9XIW9	30.12	907	905
UniRef90_B0TBF7	29.24	907	862
UniRef90_B6B150	30.18	907	896
UniRef90_A0A0J9EBW7	30.14	907	913
UniRef90_W0ZD96	27.98	907	946
UniRef90_A0A0J6RBL9	30.19	907	905
UniRef90_UPI0003FDA2B1	29.50	907	850
UniRef90_R5B4W1	28.26	907	849
UniRef90_I9NXV2	27.71	907	851
UniRef90_UPI00046871EB	30.27	907	906
UniRef90_A0A0C6FIL8	29.46	907	922
UniRef90_A0A0M4LNZ8	27.74	907	928
UniRef90_C8W982	27.01	907	923
UniRef90_UPI000578FD37	29.28	907	912
UniRef90_C2CKH5	27.92	907	879
UniRef90_UPI0006F1DD46	26.53	907	944
UniRef90_UPI0004654037	30.64	907	914
UniRef90_UPI000415AB06	37.28	907	887
UniRef90_A9D0Z7	30.01	907	912
UniRef90_X5LH02	28.29	907	895
UniRef90_UPI0004815614	28.68	907	853
UniRef90_A3SZZ6	29.78	907	915
UniRef90_D9R5L9	27.34	907	870
UniRef90_UPI000410A3C9	28.80	907	908
UniRef90_UPI0003FCE770	31.24	907	934
UniRef90_UPI0003B6AAEA	28.00	907	886
UniRef90_UPI0006934C0C	27.84	907	831
UniRef90_UPI0002194997	28.60	907	858
UniRef90_UPI0003754818	30.12	907	914
UniRef90_W7IEM1	29.82	907	900
UniRef90_I9CS51	29.91	907	910
UniRef90_Q5LV72	29.85	907	915
UniRef90_E7NVC8	27.89	907	849
UniRef90_Q16A28	30.65	907	913
UniRef90_G8QQU3	26.95	907	856
UniRef90_UPI0003B5FF45	28.16	907	853
UniRef90_A0A0A6X5E8	29.38	907	884
UniRef90_UPI0006B44AB5	27.81	907	856
UniRef90_A0A0C5B9Q8	28.95	907	932
UniRef90_UPI000315EBD5	29.58	907	882
UniRef90_UPI0002DDCEFE	28.40	907	925
UniRef90_A3K805	30.75	907	914
UniRef90_M4ZZ84	28.14	907	904
UniRef90_A0A0K9NA91	28.65	907	852
UniRef90_G4D6U7	27.64	907	859
