UniRef90_Q9NPB1	100.00	194	228
UniRef90_H2NSW4	98.97	194	228
UniRef90_Q8VCE6	93.78	194	220
UniRef90_UPI00022F840A	95.36	194	208
UniRef90_UPI000387BCFA	88.37	194	253
UniRef90_UPI0002C68A25	91.75	194	267
UniRef90_UPI00065203C4	90.72	194	224
UniRef90_UPI00057BCA68	90.21	194	205
UniRef90_UPI0002C45B40	90.21	194	223
UniRef90_F1SB15	90.21	194	228
UniRef90_UPI0005D03C82	83.70	194	265
UniRef90_UPI00032ADDE7	89.69	194	222
UniRef90_UPI000642EEDA	91.53	194	248
UniRef90_UPI0003F0EFA2	88.08	194	223
UniRef90_G1L691	87.63	194	224
UniRef90_G3WZI4	88.08	194	230
UniRef90_UPI00064331E0	89.18	194	229
UniRef90_U3KH74	87.56	194	232
UniRef90_F6XIA8	85.49	194	236
UniRef90_UPI00064AA6B8	84.02	194	197
UniRef90_UPI0003C29794	86.01	194	279
UniRef90_F1NFC2	86.53	194	232
UniRef90_H0ZAI7	86.53	194	200
UniRef90_A0A091GAB6	86.53	194	201
UniRef90_UPI0005779648	91.26	194	232
UniRef90_F1PP13	86.36	194	235
UniRef90_K7GG59	83.51	194	238
UniRef90_UPI0006432507	81.25	194	210
UniRef90_G5C329	84.85	194	210
UniRef90_UPI00042CFC38	79.44	194	215
UniRef90_UPI00044471AE	86.17	194	280
UniRef90_UPI000440390A	80.88	194	205
UniRef90_I3M631	92.00	194	176
UniRef90_Q6GL08	80.83	194	215
UniRef90_H9G936	79.90	194	207
UniRef90_H0VXV0	86.91	194	223
UniRef90_G1U6U9	82.47	194	226
UniRef90_UPI0007045288	92.64	194	164
UniRef90_UPI00064469FF	77.20	194	225
UniRef90_G1RT41	79.90	194	200
UniRef90_UPI000496DA47	75.65	194	230
UniRef90_UPI00054B84DC	75.65	194	228
UniRef90_H3AQ40	73.58	194	242
UniRef90_G3NPT0	74.61	194	214
UniRef90_UPI000497EBC9	75.13	194	229
UniRef90_F6WAN5	84.02	194	227
UniRef90_W5M1D6	75.13	194	212
UniRef90_U3IMX4	81.72	194	233
UniRef90_UPI0006448D52	74.09	194	233
UniRef90_M3ZJX2	74.09	194	230
UniRef90_UPI0004F01126	95.62	194	213
UniRef90_I3KUC8	73.58	194	229
UniRef90_H2V446	70.98	194	219
UniRef90_R0M432	86.13	194	176
UniRef90_UPI0003AB6B87	82.81	194	208
UniRef90_UPI000576BB07	72.54	194	231
UniRef90_W5KBP2	72.54	194	233
UniRef90_A0A060X793	71.50	194	248
UniRef90_V9LBY9	73.30	194	218
UniRef90_UPI00062A6999	76.67	194	264
UniRef90_UPI00042C845F	85.89	194	220
UniRef90_UPI00057A93BD	89.87	194	158
UniRef90_M3W4J2	89.68	194	157
UniRef90_UPI0003AB960F	96.69	194	301
UniRef90_UPI00045DF600	94.77	194	200
UniRef90_UPI000157E42A	95.97	194	209
UniRef90_F7A2W9	79.29	194	173
UniRef90_UPI00048D352A	89.03	194	249
UniRef90_UPI000383C351	89.68	194	209
UniRef90_H3AAM0	65.62	194	199
UniRef90_UPI0004543DC8	89.58	194	147
UniRef90_J9P7W2	85.99	194	271
UniRef90_U3JES3	65.97	194	221
UniRef90_UPI0003C91DAE	91.30	194	208
UniRef90_R4GBS3	64.58	194	203
UniRef90_D2I350	77.65	194	202
UniRef90_UPI0004EFC925	65.28	194	217
UniRef90_UPI00046B26A7	89.58	194	160
UniRef90_UPI0006B3AE7A	64.29	194	278
UniRef90_UPI00042BC4C1	63.87	194	238
UniRef90_A0A0F7ZCH8	62.50	194	201
UniRef90_F6XAJ9	62.18	194	215
UniRef90_UPI0002C35771	63.21	194	218
UniRef90_G3U361	62.69	194	195
UniRef90_M3YRC1	63.35	194	211
UniRef90_L8IR41	90.71	194	143
UniRef90_UPI00042BB283	81.58	194	277
UniRef90_F6VZK3	89.78	194	138
UniRef90_K7FEM4	64.40	194	220
UniRef90_UPI00054055A1	89.86	194	298
UniRef90_Q9JM14	61.14	194	200
UniRef90_UPI00053FF770	90.51	194	178
UniRef90_UPI000359930D	67.88	194	192
UniRef90_UPI00062A624E	86.23	194	171
UniRef90_G1PRR5	62.30	194	204
UniRef90_H0XFU6	61.14	194	213
UniRef90_UPI0004423599	62.30	194	201
UniRef90_G3X6X2	61.66	194	216
UniRef90_UPI0005235268	64.92	194	280
UniRef90_UPI0003F15C86	62.18	194	229
UniRef90_A0A094KBP5	64.92	194	191
UniRef90_I3LQS2	61.66	194	255
UniRef90_UPI0003F11A8B	82.19	194	150
UniRef90_Q8TCD5	61.66	194	201
UniRef90_L8YG57	75.45	194	168
UniRef90_UPI000332ED9D	61.14	194	204
UniRef90_G5BNC4	61.46	194	202
UniRef90_H2NUP2	61.66	194	201
UniRef90_UPI0002C625A2	60.94	194	236
UniRef90_V9L1X9	61.98	194	197
UniRef90_UPI0006D92441	61.66	194	347
UniRef90_H0UUV0	60.62	194	220
UniRef90_UPI00063CD3B7	62.23	194	203
UniRef90_M7B7H0	84.06	194	148
UniRef90_UPI0004ED52FB	60.42	194	203
UniRef90_UPI0003F092A3	61.70	194	211
UniRef90_UPI00063EFA3F	61.14	194	211
UniRef90_A0A091KSI1	86.13	194	137
UniRef90_A0A099YWQ5	84.67	194	137
UniRef90_S9YX95	82.43	194	233
UniRef90_A0A091T4Y6	62.76	194	196
UniRef90_UPI00048B2C00	60.62	194	201
UniRef90_UPI00022356B0	61.34	194	288
UniRef90_UPI000650A22C	60.62	194	200
UniRef90_UPI00032ADC81	59.59	194	203
UniRef90_F7G950	83.94	194	139
UniRef90_UPI0004442D84	60.10	194	218
UniRef90_UPI0003316C51	61.62	194	197
UniRef90_UPI000572B837	61.34	194	402
UniRef90_A0A091DJU4	60.10	194	392
UniRef90_UPI00065E7670	86.13	194	152
UniRef90_UPI0006978B20	55.83	194	215
UniRef90_UPI00052331FF	82.48	194	144
UniRef90_A0A091WKB4	83.97	194	131
UniRef90_A0A091PBK8	73.25	194	157
UniRef90_UPI0006D706FA	54.81	194	236
UniRef90_UPI0006973A59	55.56	194	215
UniRef90_UPI000395BC13	60.21	194	192
UniRef90_L5KXN9	61.11	194	229
UniRef90_UPI0004423989	76.98	194	177
UniRef90_W5NUW5	78.17	194	144
UniRef90_G3X2U0	60.61	194	172
UniRef90_UPI000572AE71	52.65	194	434
UniRef90_UPI00057792BE	52.53	194	232
UniRef90_D3ZWR1	56.92	194	199
UniRef90_UPI0004C02608	63.25	194	189
UniRef90_UPI0006B1FE2C	74.82	194	230
UniRef90_G3RJ71	100.00	194	143
UniRef90_UPI0005295540	63.19	194	176
UniRef90_UPI0003AB9DED	99.09	194	243
UniRef90_UPI0003F0F2ED	51.81	194	209
UniRef90_UPI0005F498D5	95.45	194	111
UniRef90_UPI00052122C7	63.86	194	189
UniRef90_C3YWE5	51.28	194	208
UniRef90_M7B5V6	57.07	194	189
UniRef90_UPI00066013B1	74.03	194	190
UniRef90_UPI0003C80B29	60.74	194	199
UniRef90_UPI00052169C2	62.26	194	242
UniRef90_UPI0003290050	57.45	194	208
UniRef90_UPI0003ACC03E	89.91	194	111
UniRef90_UPI000298BC72	86.21	194	117
UniRef90_W5PNM0	58.79	194	180
UniRef90_UPI0004D0A16A	59.87	194	171
UniRef90_UPI0005344F29	63.01	194	148
UniRef90_A0A091MLP5	64.75	194	139
UniRef90_V8NNQ1	73.39	194	126
UniRef90_F1Q4B4	58.71	194	162
UniRef90_UPI0003F0F43E	53.65	194	255
UniRef90_UPI0003ADFDD8	89.81	194	266
UniRef90_A0A099Z8Z6	64.03	194	139
UniRef90_UPI000393DBC7	65.44	194	161
UniRef90_K1S2T4	49.23	194	208
UniRef90_A0A091VYY7	66.18	194	136
UniRef90_A0A091H3T6	62.59	194	139
UniRef90_UPI0003599813	51.31	194	159
UniRef90_UPI0005FB8316	49.49	194	212
UniRef90_V4BKA8	45.55	194	210
UniRef90_UPI00051E466F	62.50	194	160
UniRef90_G7PTS1	95.83	194	151
UniRef90_UPI0005295B5E	62.77	194	139
UniRef90_F7A8Z1	62.77	194	143
UniRef90_J3KRC4	58.55	194	182
UniRef90_UPI00046BA56B	56.94	194	175
UniRef90_UPI00035A0F25	46.32	194	208
UniRef90_A2A9X5	59.18	194	194
UniRef90_V9L941	60.81	194	187
UniRef90_UPI0003C90A5E	60.14	194	200
UniRef90_UPI00042C99B6	48.70	194	176
UniRef90_A0A091WFV1	60.43	194	139
UniRef90_UPI0003C86B8F	58.90	194	194
UniRef90_G3SR39	89.58	194	150
UniRef90_UPI0003C4CE37	49.74	194	191
UniRef90_UPI0003D0EDA7	50.52	194	160
UniRef90_UPI0005403300	58.39	194	257
UniRef90_UPI00046B1D26	59.85	194	218
UniRef90_S7QCV3	59.12	194	165
UniRef90_UPI00053CBF93	49.74	194	187
UniRef90_UPI0004629FA8	78.18	194	207
UniRef90_UPI000351404D	55.19	194	207
UniRef90_UPI0004DFDF38	59.12	194	277
UniRef90_UPI0005F41BA3	56.38	194	234
UniRef90_J3KSX6	48.66	194	153
UniRef90_UPI0006B09143	88.17	194	114
UniRef90_G1TYF3	57.04	194	147
UniRef90_UPI0005FB83FA	84.16	194	174
UniRef90_UPI0001D5455E	79.09	194	117
UniRef90_UPI00069894AF	51.32	194	164
UniRef90_UPI0004545A92	59.12	194	174
UniRef90_UPI0003D6DE04	93.33	194	187
UniRef90_UPI0005779C81	49.46	194	177
UniRef90_G3GTF3	59.12	194	236
UniRef90_UPI0003C264DE	63.39	194	114
UniRef90_R7UGX4	42.13	194	213
UniRef90_UPI0003C1705A	55.40	194	147
UniRef90_L9L0N6	43.75	194	248
UniRef90_A0A0G2ABM8	46.63	194	174
UniRef90_UPI0005331F0C	96.30	194	81
UniRef90_H3CPM7	72.16	194	97
UniRef90_E4X6U0	42.63	194	201
UniRef90_UPI00047BF044	47.85	194	186
UniRef90_UPI00042C6265	65.14	194	205
UniRef90_UPI0005296CCD	53.96	194	147
UniRef90_A0A0L8ESZ4	45.41	194	186
UniRef90_UPI00037A2E3B	44.97	194	187
UniRef90_L5MER1	61.68	194	159
UniRef90_A9IDL2	47.03	194	199
UniRef90_T0NP18	65.38	194	113
UniRef90_UPI000673F1CE	38.74	194	424
UniRef90_UPI000673F1CE	38.66	194	424
UniRef90_D4X3T6	45.41	194	186
UniRef90_UPI0003EE2FB2	48.63	194	167
UniRef90_UPI0003EC4173	62.50	194	135
UniRef90_E3HJI5	45.56	194	186
UniRef90_UPI000572D0C6	45.08	194	347
UniRef90_Q7W066	45.20	194	186
UniRef90_A0A0A5JH74	43.24	194	186
UniRef90_UPI00048E0E7A	44.32	194	186
UniRef90_UPI0004702D8B	42.13	194	186
UniRef90_A0A052IH87	43.24	194	186
UniRef90_A0A0G0JMJ5	42.47	194	181
UniRef90_H2MW78	74.71	194	125
UniRef90_Q2KZR9	43.50	194	186
UniRef90_UPI0006FBE334	44.38	194	186
UniRef90_G3HHP4	95.38	194	66
UniRef90_A6W9A2	40.00	194	231
UniRef90_L5KNF6	43.21	194	209
UniRef90_Q4SQU3	44.79	194	201
UniRef90_UPI000642F691	61.05	194	116
UniRef90_K2ATC0	42.68	194	395
UniRef90_F7D2G6	93.55	194	106
UniRef90_D4DP11	39.64	194	180
UniRef90_S0F2Z8	38.83	194	526
UniRef90_T1A4W5	38.30	194	199
UniRef90_M2XWU3	35.71	194	180
UniRef90_C0DWR7	39.36	194	180
UniRef90_X2H8D8	39.02	194	183
UniRef90_UPI0001D5455D	100.00	194	97
UniRef90_Q8TCD5-2	51.82	194	117
UniRef90_UPI0005D0277C	59.34	194	104
UniRef90_A0A066THL3	36.90	194	182
UniRef90_UPI0004F02F4C	98.25	194	106
UniRef90_J3QRN4	100.00	194	113
UniRef90_UPI000683EFBB	37.43	194	198
UniRef90_A0A0G2AR17	36.02	194	182
UniRef90_UPI0004F0039C	100.00	194	144
UniRef90_C8N864	37.57	194	181
UniRef90_UPI00035A1659	38.93	194	167
UniRef90_A0A0G4FB90	36.56	194	664
UniRef90_A0A0L8GA57	48.04	194	111
UniRef90_A0A091D9B4	92.86	194	109
UniRef90_A0A0G4ERC9	35.33	194	556
UniRef90_C5LDZ5	40.88	194	318
UniRef90_L1I9Z7	34.38	194	193
UniRef90_C5LEP4	40.35	194	366
UniRef90_L1IH37	34.04	194	186
UniRef90_B8HIC5	32.97	194	197
UniRef90_M1UX98	31.18	194	221
UniRef90_UPI00051E2BD3	80.36	194	224
UniRef90_K7EPW8	97.87	194	51
UniRef90_A0A0G4F073	32.09	194	245
UniRef90_UPI000468184F	34.92	194	185
UniRef90_A0A0M0JNZ5	31.25	194	644
UniRef90_UPI0006F7565A	33.71	194	381
UniRef90_UPI0006F7565A	31.58	194	381
UniRef90_Q5UQH3	28.80	194	221
UniRef90_A0A080K1S6	45.24	194	112
UniRef90_A2FJY9	26.84	194	183
UniRef90_A0A0G2Y419	27.64	194	221
UniRef90_UPI000287D93E	30.43	194	176
UniRef90_S3ABR2	28.02	194	198
UniRef90_R4PKJ7	30.72	194	326
UniRef90_A0A086BJV9	28.12	194	187
UniRef90_A0A061NAF2	28.83	194	180
UniRef90_UPI000688C004	30.06	194	146
UniRef90_UPI0006CF5041	30.43	194	176
UniRef90_Q5WL90	31.67	194	173
UniRef90_W7YW96	31.02	194	174
UniRef90_A8BNK6	33.14	194	216
UniRef90_A0A060LN55	31.11	194	174
UniRef90_A0A0D0F8D3	30.22	194	183
UniRef90_A0A0J5LP08	27.49	194	173
UniRef90_UPI0004AF05BB	29.34	194	176
UniRef90_Q9NPB1	100.00	194	228
UniRef90_H2NSW4	98.97	194	228
UniRef90_UPI0002C68A25	91.75	194	267
UniRef90_UPI0003C29794	86.01	194	279
UniRef90_G3WZI4	88.08	194	230
UniRef90_UPI0002C45B40	90.21	194	223
UniRef90_U3KH74	87.56	194	232
UniRef90_UPI00065203C4	90.72	194	224
UniRef90_UPI00022F840A	95.36	194	208
UniRef90_UPI00057BCA68	90.21	194	205
UniRef90_K7GG59	83.51	194	238
UniRef90_F1SB15	90.21	194	228
UniRef90_A0A091GAB6	86.53	194	201
UniRef90_F6XIA8	85.49	194	236
UniRef90_F1NFC2	86.53	194	232
UniRef90_G1L691	87.63	194	224
UniRef90_UPI00064331E0	89.18	194	229
UniRef90_M3YRC1	63.02	194	211
UniRef90_Q8VCE6	93.78	194	220
UniRef90_UPI0003F0EFA2	88.08	194	223
UniRef90_U3JES3	65.62	194	221
UniRef90_UPI00032ADDE7	89.69	194	222
UniRef90_G3U361	62.69	194	195
UniRef90_H0ZAI7	86.53	194	200
UniRef90_UPI0002C35771	63.21	194	218
UniRef90_UPI00063EFA3F	61.14	194	211
UniRef90_I3LQS2	61.66	194	255
UniRef90_UPI00064AA6B8	84.02	194	197
UniRef90_Q9JM14	61.14	194	200
UniRef90_H9G936	79.90	194	207
UniRef90_G3X6X2	61.66	194	216
UniRef90_H3AQ40	73.58	194	242
UniRef90_UPI0005235268	64.58	194	280
UniRef90_H0XFU6	61.14	194	213
UniRef90_UPI0006448D52	74.09	194	233
UniRef90_UPI000332ED9D	61.14	194	204
UniRef90_UPI000642EEDA	91.53	194	248
UniRef90_Q6GL08	80.83	194	215
UniRef90_UPI0004EFC925	65.28	194	217
UniRef90_UPI0003F15C86	62.18	194	229
UniRef90_M3ZJX2	74.09	194	230
UniRef90_UPI00064469FF	77.20	194	225
UniRef90_UPI000387BCFA	88.37	194	253
UniRef90_G3NPT0	74.61	194	214
UniRef90_UPI00022356B0	60.82	194	288
UniRef90_Q8TCD5	61.66	194	201
UniRef90_UPI00042BC4C1	63.54	194	238
UniRef90_I3KUC8	73.58	194	229
UniRef90_R4GBS3	64.25	194	203
UniRef90_UPI0002C625A2	60.94	194	236
UniRef90_UPI0006D92441	61.66	194	347
UniRef90_UPI000497EBC9	75.13	194	229
UniRef90_UPI00032ADC81	59.59	194	203
UniRef90_A0A091DJU4	60.10	194	392
UniRef90_H2NUP2	61.66	194	201
UniRef90_G5BNC4	61.46	194	202
UniRef90_F6XAJ9	62.18	194	215
UniRef90_F1PP13	86.36	194	235
UniRef90_K7FEM4	64.06	194	220
UniRef90_UPI0004423599	61.98	194	201
UniRef90_UPI0004442D84	60.10	194	218
UniRef90_UPI0004ED52FB	60.73	194	203
UniRef90_UPI00048B2C00	60.62	194	201
UniRef90_UPI00054B84DC	75.65	194	228
UniRef90_H0UUV0	60.62	194	220
UniRef90_UPI00063CD3B7	62.23	194	203
UniRef90_H2V446	70.98	194	219
UniRef90_UPI000496DA47	75.65	194	230
UniRef90_A0A060X793	71.50	194	248
UniRef90_UPI000576BB07	72.54	194	231
UniRef90_UPI000650A22C	60.62	194	200
UniRef90_UPI0003F092A3	61.70	194	211
UniRef90_G1PRR5	61.98	194	204
UniRef90_A0A094KBP5	64.92	194	191
UniRef90_UPI0006978B20	55.83	194	215
UniRef90_UPI000572B837	61.34	194	402
UniRef90_A0A0F7ZCH8	62.50	194	201
UniRef90_UPI0005779648	91.26	194	232
UniRef90_H3AAM0	65.62	194	199
UniRef90_W5KBP2	72.54	194	233
UniRef90_UPI0005D03C82	83.70	194	265
UniRef90_W5M1D6	75.13	194	212
UniRef90_UPI00044471AE	86.63	194	280
UniRef90_UPI0003316C51	61.62	194	197
UniRef90_UPI00042CFC38	78.97	194	215
UniRef90_UPI000440390A	80.88	194	205
UniRef90_G5C329	84.85	194	210
UniRef90_UPI0006432507	81.25	194	210
UniRef90_A0A091T4Y6	62.76	194	196
UniRef90_V9LBY9	73.30	194	218
UniRef90_UPI000572AE71	52.65	194	434
UniRef90_UPI0006B3AE7A	64.29	194	278
UniRef90_F6WAN5	83.51	194	227
UniRef90_G1U6U9	82.47	194	226
UniRef90_V9L1X9	61.66	194	197
UniRef90_UPI00057792BE	52.53	194	232
UniRef90_UPI0006D706FA	54.81	194	236
UniRef90_H0VXV0	86.91	194	223
UniRef90_U3IMX4	84.36	194	233
UniRef90_D3ZWR1	56.92	194	199
UniRef90_I3M631	92.00	194	176
UniRef90_G1RT41	79.90	194	200
UniRef90_UPI000395BC13	59.90	194	192
UniRef90_R0M432	86.13	194	176
UniRef90_UPI0007045288	92.64	194	164
UniRef90_UPI0003C80B29	60.37	194	199
UniRef90_UPI0004C02608	63.25	194	189
UniRef90_UPI0003290050	57.45	194	208
UniRef90_UPI0003F0F2ED	51.55	194	209
UniRef90_F7A2W9	79.29	194	173
UniRef90_UPI0006973A59	55.05	194	215
UniRef90_UPI0005295540	62.80	194	176
UniRef90_UPI0004F01126	95.62	194	213
UniRef90_M3W4J2	89.68	194	157
UniRef90_G3X2U0	60.61	194	172
UniRef90_C3YWE5	51.28	194	208
UniRef90_UPI00042C845F	84.85	194	220
UniRef90_UPI0003AB6B87	82.81	194	208
UniRef90_W5PNM0	58.79	194	180
UniRef90_UPI00052122C7	63.03	194	189
UniRef90_UPI00062A6999	76.30	194	264
UniRef90_UPI0003F0F43E	53.93	194	255
UniRef90_UPI00057A93BD	91.03	194	158
UniRef90_UPI0004D0A16A	59.87	194	171
UniRef90_F1Q4B4	58.71	194	162
UniRef90_UPI00052169C2	59.30	194	242
UniRef90_M7B5V6	56.77	194	189
UniRef90_UPI0005FB8316	49.49	194	212
UniRef90_V4BKA8	45.55	194	210
UniRef90_UPI0003AB960F	97.33	194	301
UniRef90_UPI00042BB283	81.58	194	277
UniRef90_UPI000383C351	90.26	194	209
UniRef90_UPI00035A0F25	46.32	194	208
UniRef90_UPI0005344F29	63.01	194	148
UniRef90_UPI00048D352A	89.03	194	249
UniRef90_UPI00045DF600	96.67	194	200
UniRef90_UPI000157E42A	95.97	194	209
UniRef90_K1S2T4	49.23	194	208
UniRef90_D2I350	87.84	194	202
UniRef90_UPI000359930D	67.88	194	192
UniRef90_UPI00062A624E	86.23	194	171
UniRef90_UPI0003C91DAE	90.65	194	208
UniRef90_UPI00054055A1	76.92	194	298
UniRef90_UPI00046B26A7	89.58	194	160
UniRef90_M7B7H0	83.45	194	148
UniRef90_A0A091MLP5	64.75	194	139
UniRef90_UPI0004DFDF38	58.27	194	277
UniRef90_J9P7W2	88.67	194	271
UniRef90_F6VZK3	89.13	194	138
UniRef90_UPI0003C86B8F	58.90	194	194
UniRef90_UPI0004543DC8	88.97	194	147
UniRef90_UPI000393DBC7	64.49	194	161
UniRef90_UPI0005403300	58.39	194	257
UniRef90_J3KRC4	58.55	194	182
UniRef90_UPI0003F11A8B	82.19	194	150
UniRef90_A0A091KSI1	86.13	194	137
UniRef90_UPI0003C90A5E	59.29	194	200
UniRef90_A0A091VYY7	66.18	194	136
UniRef90_F7G950	83.94	194	139
UniRef90_A0A099YWQ5	84.67	194	137
UniRef90_UPI00046BA56B	56.55	194	175
UniRef90_A0A099Z8Z6	64.03	194	139
UniRef90_A0A091H3T6	62.59	194	139
UniRef90_UPI00051E466F	61.59	194	160
UniRef90_F7A8Z1	62.77	194	143
UniRef90_UPI00053CBF93	49.48	194	187
UniRef90_UPI00042C99B6	48.70	194	176
UniRef90_UPI00046B1D26	59.42	194	218
UniRef90_S9YX95	78.85	194	233
UniRef90_UPI00053FF770	89.86	194	178
UniRef90_A2A9X5	58.78	194	194
UniRef90_UPI000351404D	55.19	194	207
UniRef90_UPI0003599813	51.04	194	159
UniRef90_UPI0005F41BA3	51.50	194	234
UniRef90_UPI0005295B5E	62.77	194	139
UniRef90_UPI0003C4CE37	49.48	194	191
UniRef90_UPI00052331FF	82.48	194	144
UniRef90_S7QCV3	59.12	194	165
UniRef90_L8YG57	75.45	194	168
UniRef90_A0A091WFV1	60.43	194	139
UniRef90_UPI0006B1FE2C	71.72	194	230
UniRef90_UPI00069894AF	51.32	194	164
UniRef90_A0A091WKB4	83.97	194	131
UniRef90_G1TYF3	57.04	194	147
UniRef90_J3KSX6	48.66	194	153
UniRef90_R7UGX4	41.92	194	213
UniRef90_A0A0L8ESZ4	44.92	194	186
UniRef90_UPI0004423989	75.52	194	177
UniRef90_V9L941	58.82	194	187
UniRef90_A0A091PBK8	73.25	194	157
UniRef90_L8IR41	90.71	194	143
UniRef90_G3GTF3	58.27	194	236
UniRef90_UPI0005779C81	49.46	194	177
UniRef90_UPI0003D0EDA7	50.52	194	160
UniRef90_UPI0004545A92	58.27	194	174
UniRef90_L5KXN9	60.50	194	229
UniRef90_D4X3T6	44.92	194	186
UniRef90_A9IDL2	46.52	194	199
UniRef90_A0A0A5JH74	42.78	194	186
UniRef90_UPI00065E7670	85.93	194	152
UniRef90_UPI00037A2E3B	42.78	194	187
UniRef90_UPI000673F1CE	38.14	194	424
UniRef90_UPI000673F1CE	38.66	194	424
UniRef90_E3HJI5	43.32	194	186
UniRef90_L9L0N6	43.52	194	248
UniRef90_UPI0006FBE334	42.25	194	186
UniRef90_UPI00047BF044	46.52	194	186
UniRef90_A0A0G2ABM8	51.30	194	174
UniRef90_Q7W066	44.39	194	186
UniRef90_UPI0004702D8B	40.64	194	186
UniRef90_UPI00048E0E7A	43.85	194	186
UniRef90_A0A052IH87	42.78	194	186
UniRef90_Q2KZR9	43.32	194	186
UniRef90_V8NNQ1	73.39	194	126
UniRef90_A0A0G0JMJ5	42.47	194	181
UniRef90_UPI0003C1705A	55.40	194	147
UniRef90_E4X6U0	42.47	194	201
UniRef90_UPI0005F498D5	95.45	194	111
UniRef90_W5NUW5	78.17	194	144
UniRef90_UPI0003ACC03E	89.91	194	111
UniRef90_T1A4W5	38.30	194	199
UniRef90_K2ATC0	40.54	194	395
UniRef90_UPI0003EE2FB2	48.30	194	167
UniRef90_UPI000298BC72	86.21	194	117
UniRef90_UPI000572D0C6	45.60	194	347
UniRef90_UPI0003C264DE	63.39	194	114
UniRef90_UPI00042C6265	63.96	194	205
UniRef90_UPI0005296CCD	53.96	194	147
UniRef90_S0F2Z8	38.83	194	526
UniRef90_L5MER1	61.11	194	159
UniRef90_T0NP18	65.38	194	113
UniRef90_UPI0003AB9DED	99.09	194	243
UniRef90_A6W9A2	38.50	194	231
UniRef90_D4DP11	37.97	194	180
UniRef90_UPI0003EC4173	62.50	194	135
UniRef90_G3RJ71	100.00	194	143
UniRef90_A0A0G4ERC9	35.33	194	556
UniRef90_A0A0G2AR17	36.02	194	182
UniRef90_X2H8D8	35.26	194	183
UniRef90_UPI000683EFBB	37.43	194	198
UniRef90_UPI00066013B1	74.03	194	190
UniRef90_A0A066THL3	34.74	194	182
UniRef90_L5KNF6	43.21	194	209
UniRef90_M2XWU3	35.71	194	180
UniRef90_A0A0G4FB90	35.98	194	664
UniRef90_UPI0004629FA8	78.18	194	207
UniRef90_C0DWR7	38.10	194	180
UniRef90_C8N864	37.04	194	181
UniRef90_UPI0003ADFDD8	89.81	194	266
UniRef90_M1UX98	31.02	194	221
UniRef90_A0A0G4F073	32.09	194	245
UniRef90_UPI000642F691	61.05	194	116
UniRef90_UPI000468184F	33.16	194	185
UniRef90_G7PTS1	94.85	194	151
UniRef90_B8HIC5	33.15	194	197
UniRef90_L1I9Z7	33.51	194	193
UniRef90_UPI00035A1659	38.93	194	167
UniRef90_L1IH37	32.45	194	186
UniRef90_UPI0001D5455E	91.21	194	117
UniRef90_G3SR39	88.66	194	150
UniRef90_UPI0006B09143	87.23	194	114
UniRef90_H3CPM7	72.16	194	97
UniRef90_UPI0005FB83FA	84.16	194	174
UniRef90_A0A0M0JNZ5	31.25	194	644
UniRef90_Q4SQU3	43.56	194	201
UniRef90_C5LDZ5	40.29	194	318
UniRef90_Q8TCD5-2	50.88	194	117
UniRef90_C5LEP4	35.00	194	366
UniRef90_W7YW96	29.95	194	174
UniRef90_UPI0006CF5041	29.41	194	176
UniRef90_H2MW78	73.03	194	125
UniRef90_UPI0006F7565A	31.87	194	381
UniRef90_UPI0006F7565A	27.60	194	381
UniRef90_Q5WL90	31.11	194	173
UniRef90_UPI0003D6DE04	81.73	194	187
UniRef90_A0A060LN55	30.56	194	174
UniRef90_UPI0005D0277C	59.34	194	104
UniRef90_A0A0J5LP08	26.11	194	173
UniRef90_A0A0L8GA57	47.52	194	111
UniRef90_A2FJY9	27.93	194	183
UniRef90_UPI00016A1A6C	31.11	194	174
UniRef90_S3ABR2	27.87	194	198
UniRef90_A0A086BJV9	26.94	194	187
UniRef90_UPI0006EC0C8D	27.42	194	174
UniRef90_Q5UQH3	27.78	194	221
UniRef90_A0A061NAF2	27.22	194	180
UniRef90_A0A0D5NG58	29.21	194	173
UniRef90_A0A0D0F8D3	29.05	194	183
UniRef90_A0A0G4JX09	28.96	194	181
UniRef90_A8BNK6	32.57	194	216
UniRef90_UPI0004163FEA	28.11	194	174
UniRef90_UPI0003B79EB3	29.44	194	176
UniRef90_UPI0005331F0C	96.30	194	81
UniRef90_UPI0006FCB5B4	27.78	194	174
UniRef90_E0I5A4	26.40	194	174
UniRef90_A0A061P0Y3	28.33	194	180
UniRef90_A0A0G2Y419	26.13	194	221
UniRef90_UPI000287D93E	29.12	194	176
UniRef90_UPI0006D045D8	28.09	194	178
UniRef90_W0HWV2	28.18	194	173
UniRef90_R4PKJ7	29.78	194	326
UniRef90_V6TXX4	30.86	194	217
UniRef90_UPI00047D7F59	26.40	194	179
UniRef90_E8UZ45	27.27	194	184
UniRef90_UPI00041A82B7	29.14	194	168
UniRef90_A0A0F7NZP1	31.18	194	171
UniRef90_A0A0D5BNS3	32.26	194	171
UniRef90_UPI0004AF05BB	28.09	194	176
UniRef90_F4BPQ4	27.27	194	177
UniRef90_A0A014PRB7	26.11	194	178
UniRef90_A0A0A2H1R3	28.89	194	171
UniRef90_UPI000688C004	29.56	194	146
UniRef90_UPI0006D582D0	25.84	194	175
UniRef90_UPI0006196667	27.93	194	179
UniRef90_H1Y3B3	25.68	194	183
UniRef90_R2NXT5	28.26	194	176
UniRef90_G3HHP4	95.38	194	66
UniRef90_UPI000401206A	24.72	194	174
UniRef90_A0A069F6P4	29.44	194	175
UniRef90_A0A076HR15	25.56	194	176
UniRef90_A5FAA7	28.49	194	177
UniRef90_A6EID1	26.82	194	183
UniRef90_F7D2G6	93.55	194	106
UniRef90_E8WWT8	26.67	194	182
UniRef90_UPI0005F0F899	27.22	194	176
UniRef90_UPI0005565CDA	28.73	194	177
UniRef90_W6TV11	29.01	194	180
UniRef90_UPI0003B5C6FC	28.57	194	178
UniRef90_L8JWH8	25.13	194	199
UniRef90_A0A0C1FVY7	27.37	194	177
UniRef90_UPI00054D90E7	25.27	194	182
UniRef90_A0A0C2UNG6	26.97	194	178
UniRef90_A0A0J0YDS0	25.14	194	177
UniRef90_UPI0003FBBEF5	27.42	194	176
UniRef90_UPI000367F13C	26.67	194	175
UniRef90_A0A033UXV6	26.26	194	193
UniRef90_A0A0A2MSS7	25.42	194	198
UniRef90_UPI0003F817DB	24.58	194	183
UniRef90_Q8CTG7	26.67	194	179
UniRef90_C4W9P1	26.11	194	178
UniRef90_UPI0004B51CEA	25.28	194	178
UniRef90_UPI000403DF4C	24.19	194	181
UniRef90_K9B142	27.37	194	176
UniRef90_S0LGK4	25.39	194	176
UniRef90_R2Y7R4	26.06	194	177
UniRef90_UPI0003B7787E	24.73	194	174
UniRef90_A0A0A8HRG7	27.93	194	175
UniRef90_A0A0A3YSD1	24.47	194	174
UniRef90_D5BFV7	27.93	194	177
UniRef90_UPI000470ED7B	24.86	194	176
UniRef90_I3ZMD0	25.84	194	177
UniRef90_S2Y7N8	26.82	194	184
UniRef90_UPI00047D70F7	28.09	194	174
UniRef90_A0A080K1S6	37.61	194	112
UniRef90_C6W4N4	25.99	194	177
UniRef90_UPI0006B5D27D	25.79	194	188
UniRef90_UPI0006798BE5	25.84	194	180
UniRef90_A4CM85	28.19	194	188
UniRef90_I2GDY6	25.56	194	201
UniRef90_A0A0M2KDI9	23.37	194	173
UniRef90_Q4L4E8	27.37	194	177
UniRef90_UPI000648115A	27.88	194	177
UniRef90_E4RYN6	25.53	194	176
UniRef90_UPI0004A8028F	25.00	194	183
UniRef90_A0A0A3JT54	28.89	194	179
UniRef90_UPI0006FC68CB	24.02	194	177
UniRef90_E6M956	26.11	194	176
UniRef90_UPI00066FCDDC	25.56	194	176
UniRef90_A0A0M8MEU3	27.57	194	199
UniRef90_A0A0K8N1A9	27.72	194	186
UniRef90_R9CLA4	25.54	194	170
UniRef90_W4TEH4	28.65	194	170
UniRef90_UPI000416A991	26.63	194	179
UniRef90_I2EW58	26.11	194	196
UniRef90_H0DGY0	26.82	194	176
UniRef90_H8KLM0	27.93	194	174
UniRef90_UPI00030CBD9B	23.16	194	196
UniRef90_C7PL75	23.89	194	173
UniRef90_A0A0N0LHQ8	30.34	194	170
UniRef90_W0EX25	27.03	194	173
UniRef90_E8SKA0	26.26	194	178
UniRef90_D2QM49	27.66	194	175
UniRef90_UPI000287E45C	26.67	194	179
UniRef90_UPI00068ADB76	26.29	194	168
UniRef90_UPI0005B8962A	26.29	194	168
UniRef90_D4HZL8	23.89	194	173
UniRef90_UPI00037D5A7D	26.32	194	180
UniRef90_C6XV45	24.59	194	184
UniRef90_UPI0006D95448	26.34	194	177
UniRef90_A0A098LIG7	25.14	194	180
UniRef90_F4KWL3	30.39	194	182
UniRef90_UPI000315D69F	24.02	194	192
UniRef90_UPI000472C719	27.37	194	180
UniRef90_P66840	26.74	194	180
UniRef90_UPI0006FA1A31	27.07	194	176
UniRef90_A0A0C1FL73	25.14	194	186
UniRef90_F8EKK7	26.67	194	175
UniRef90_UPI0003140563	25.53	194	178
UniRef90_UPI0006F36703	22.78	194	173
UniRef90_H3SNB3	23.60	194	194
UniRef90_B9EAC2	25.81	194	177
UniRef90_UPI0006BBE0CB	26.67	194	183
UniRef90_UPI000479BE0B	25.56	194	175
UniRef90_UPI000486953B	27.04	194	148
UniRef90_A0A023B4R1	26.74	194	266
UniRef90_A0A0M0THG6	24.04	194	177
UniRef90_UPI00062C6036	25.41	194	187
UniRef90_A0A0A3HTW7	28.89	194	181
UniRef90_U7PGF5	24.62	194	178
UniRef90_F2I7N5	28.34	194	180
UniRef90_A0A0D6XS86	27.72	194	175
UniRef90_A0A0G1XP83	29.15	194	202
UniRef90_A0A0G3VY09	25.56	194	177
UniRef90_UPI0006D8BF80	26.11	194	164
UniRef90_E5CL23	26.26	194	178
UniRef90_G8NXK0	24.02	194	185
UniRef90_A0A0E3V7X0	28.02	194	175
UniRef90_A0A0J7IHD3	28.09	194	170
UniRef90_UPI00056FFEB9	23.46	194	173
UniRef90_E6QP03	25.28	194	181
UniRef90_UPI00054DC4F2	23.91	194	173
UniRef90_UPI00062BE7A5	26.82	194	182
UniRef90_I0K7E4	25.13	194	215
UniRef90_A0A0A3IWZ7	26.67	194	179
UniRef90_D7VZE3	29.21	194	170
UniRef90_UPI000648DB1B	28.09	194	170
UniRef90_I3IC07	21.51	194	176
UniRef90_UPI00036526E3	23.53	194	173
UniRef90_A0A0J8YK03	22.78	194	174
UniRef90_A0A0C1DLG7	25.70	194	173
UniRef90_A0A086B506	28.33	194	170
UniRef90_A0A077KQ97	27.53	194	170
UniRef90_UPI0003791FC1	27.17	194	168
UniRef90_A0A0D0EWP8	24.58	194	177
UniRef90_UPI00037BD4CE	24.08	194	176
UniRef90_A0A081PDY3	26.06	194	179
UniRef90_UPI0004E1C80A	26.11	194	179
UniRef90_UPI000366BEE4	29.83	194	181
UniRef90_UPI0003617EC1	26.97	194	175
UniRef90_UPI0006F8437C	25.84	194	173
UniRef90_Q5FP82	28.95	194	184
UniRef90_F3ZR01	26.97	194	170
UniRef90_A0A060MEM3	26.82	194	182
UniRef90_UPI00066140F8	26.60	194	178
UniRef90_UPI000697FBC9	27.88	194	145
UniRef90_I3C4S1	27.22	194	172
UniRef90_A0A0K0GF33	23.08	194	183
UniRef90_I2JM52	25.48	194	156
UniRef90_C7R653	25.50	194	143
UniRef90_G8TK91	25.00	194	174
UniRef90_UPI000587C3A1	22.47	194	177
UniRef90_Z5XSA9	25.71	194	149
UniRef90_A0A077XTD3	23.76	194	183
UniRef90_UPI0004E0FC23	25.97	194	177
UniRef90_UPI00035DAC7B	26.97	194	175
UniRef90_UPI0006478050	22.91	194	173
UniRef90_A0A0H4VP89	26.70	194	168
UniRef90_F4C749	23.66	194	188
UniRef90_A0A0E9MVV8	25.56	194	171
UniRef90_UPI00047D1A44	25.81	194	173
UniRef90_UPI0001D5455D	94.92	194	97
UniRef90_UPI0004A6E781	24.19	194	171
UniRef90_E5CF82	26.88	194	169
UniRef90_A0A0L8BT62	23.03	194	179
UniRef90_A0A0A1SAR0	26.67	194	170
UniRef90_UPI000416D95F	28.09	194	176
UniRef90_UPI000497C7FD	24.18	194	187
UniRef90_UPI000424BA2C	29.21	194	170
UniRef90_UPI000488B9C4	29.94	194	166
UniRef90_UPI00054D252F	24.57	194	168
UniRef90_K7T0H6	26.67	194	186
UniRef90_R7E4C2	27.93	194	171
UniRef90_I2JJ48	25.34	194	156
UniRef90_Q49VS1	26.52	194	182
UniRef90_UPI0006C9FB85	25.97	194	173
UniRef90_F2F4J3	21.11	194	181
UniRef90_G2PNE3	23.20	194	173
UniRef90_R4YVC7	23.95	194	154
UniRef90_UPI000480D551	25.77	194	149
UniRef90_A0A0F5X7T6	25.95	194	182
UniRef90_UPI00047B2E69	25.67	194	177
UniRef90_R7ZVG3	23.76	194	175
UniRef90_A0A0D5YS70	23.76	194	173
UniRef90_I7IKP3	25.70	194	182
UniRef90_UPI0005AA0E8D	22.83	194	180
UniRef90_D7VPG5	24.58	194	176
UniRef90_UPI000255AAD1	23.66	194	173
UniRef90_E2NJP6	26.54	194	177
UniRef90_UPI000681887B	23.24	194	171
UniRef90_UPI0007035F0A	25.43	194	166
UniRef90_Z9JZG4	24.71	194	149
UniRef90_UPI000483DBE9	22.91	194	173
UniRef90_UPI0004DF75AB	22.35	194	173
UniRef90_G0L5Z7	21.23	194	173
UniRef90_A0A0F9VLP2	23.46	194	173
UniRef90_I2JJC8	26.22	194	166
UniRef90_UPI0004292F5C	24.00	194	166
UniRef90_I9QAI2	25.70	194	171
UniRef90_C6VZB1	24.87	194	177
UniRef90_F5IUK2	24.74	194	171
UniRef90_F4BM01	21.62	194	179
UniRef90_UPI00047223CF	25.82	194	177
