UniRef90_Q9X005	96.82	154	157
UniRef90_B9KA65	85.99	154	157
UniRef90_A7HK14	72.61	154	159
UniRef90_H9U9Y9	74.66	154	159
UniRef90_UPI00040D22A2	73.29	154	160
UniRef90_UPI000597C618	71.23	154	160
UniRef90_A8F4V0	69.59	154	159
UniRef90_F7YXZ1	77.44	154	160
UniRef90_B7IDV6	66.44	154	160
UniRef90_A6LMX8	63.27	154	160
UniRef90_A0A0C7P4Y9	63.27	154	161
UniRef90_H2J6H7	59.86	154	157
UniRef90_UPI00056D9BCB	56.55	154	158
UniRef90_UPI0005B2D4AD	50.00	154	151
UniRef90_A0A0H2SMC3	55.78	154	156
UniRef90_F4LTR4	48.32	154	162
UniRef90_A0A062V6U3	47.71	154	157
UniRef90_D9S3A8	51.68	154	161
UniRef90_E3CVV2	48.99	154	162
UniRef90_E6U3K2	48.32	154	156
UniRef90_A0A0M2U7Q5	46.00	154	167
UniRef90_F6B7Y5	45.27	154	166
UniRef90_H3ZR50	50.34	154	164
UniRef90_UPI00053BA7E2	48.08	154	164
UniRef90_UPI000496205F	47.97	154	161
UniRef90_Q8RA16	47.97	154	162
UniRef90_A0A0F2PNH5	45.21	154	166
UniRef90_W7L9U8	49.66	154	165
UniRef90_F0SZW7	46.26	154	159
UniRef90_UPI0005586F9E	48.65	154	162
UniRef90_A0A0A6VG12	48.41	154	167
UniRef90_W0EF09	46.94	154	160
UniRef90_D2RE77	47.92	154	156
UniRef90_UPI0006A7AC1F	50.34	154	169
UniRef90_R9JS35	50.68	154	161
UniRef90_D2Z3J4	46.98	154	162
UniRef90_A0A0J1FBE9	46.26	154	160
UniRef90_R6EC66	46.31	154	162
UniRef90_UPI0004925EA7	48.98	154	162
UniRef90_A4J742	45.27	154	166
UniRef90_U2UKH9	44.59	154	161
UniRef90_B5Y7B5	50.69	154	156
UniRef90_K8E0Q2	43.92	154	166
UniRef90_D3L371	47.13	154	163
UniRef90_B1I5J0	47.68	154	171
UniRef90_C9R9X1	50.34	154	166
UniRef90_UPI00035D4B81	51.39	154	159
UniRef90_F8AGS8	48.65	154	163
UniRef90_A0A0A3IZW2	48.99	154	165
UniRef90_F7NL69	47.30	154	161
UniRef90_UPI000467B29B	47.68	154	164
UniRef90_A0A0A3J4U4	51.01	154	165
UniRef90_A0A0A7GFK0	47.26	154	158
UniRef90_A0A075R859	50.34	154	161
UniRef90_I4DA64	43.24	154	160
UniRef90_UPI0002F2EAD1	49.66	154	167
UniRef90_H5XYP0	43.92	154	159
UniRef90_A0A094WQF3	48.99	154	162
UniRef90_D5XFE6	47.97	154	161
UniRef90_UPI00047E0D42	48.65	154	160
UniRef90_R7R393	50.68	154	161
UniRef90_UPI000427AEB4	45.89	154	169
UniRef90_A0A0C2V3M9	48.10	154	164
UniRef90_D7CM25	47.97	154	162
UniRef90_UPI00040D2ED8	49.66	154	161
UniRef90_H0UPY9	44.30	154	163
UniRef90_O58226	46.84	154	162
UniRef90_J7IV75	44.90	154	160
UniRef90_A0A0F2PBT7	45.95	154	166
UniRef90_UPI0004E17169	45.95	154	166
UniRef90_UPI0006D2565A	46.15	154	165
UniRef90_UPI00047D2340	48.32	154	165
UniRef90_UPI00028865F6	48.32	154	165
UniRef90_A0A0H5SW42	47.40	154	161
UniRef90_A0A090ITN6	48.32	154	165
UniRef90_K1L487	50.00	154	167
UniRef90_UPI0006D16507	45.95	154	163
UniRef90_L0F8W1	46.94	154	160
UniRef90_UPI0006CF4FB2	46.98	154	164
UniRef90_F2KP64	47.33	154	157
UniRef90_G7WHX4	44.59	154	160
UniRef90_A0A0K8JEQ5	43.92	154	161
UniRef90_B6YX76	46.26	154	162
UniRef90_R5GSG5	50.34	154	159
UniRef90_F6CIB5	43.84	154	169
UniRef90_R6PW17	47.30	154	161
UniRef90_A5D0H1	45.33	154	178
UniRef90_A0A0A2VH17	48.65	154	161
UniRef90_R5KZN3	48.28	154	159
UniRef90_A0A096BIY3	47.30	154	160
UniRef90_A0A078KQX3	46.26	154	157
UniRef90_UPI00029B559F	46.62	154	160
UniRef90_UPI00055397BD	49.01	154	165
UniRef90_A0A0F2QAE9	45.95	154	160
UniRef90_UPI0003814BA3	43.92	154	161
UniRef90_UPI0003772FD9	48.08	154	164
UniRef90_A1HN12	45.95	154	162
UniRef90_V9W8B0	47.33	154	164
UniRef90_B0K1Q3	44.59	154	162
UniRef90_I4BUJ3	46.62	154	163
UniRef90_Q2RKC1	44.30	154	167
UniRef90_K6CUI2	47.65	154	165
UniRef90_A0A0A8JJA6	49.68	154	164
UniRef90_R6K2U9	46.62	154	163
UniRef90_A0A0E3SQ17	46.26	154	159
UniRef90_UPI0004837778	47.97	154	161
UniRef90_F8F711	48.32	154	164
UniRef90_A0A075KDB5	44.59	154	161
UniRef90_B8FTP6	44.90	154	160
UniRef90_D5WPH4	45.58	154	162
UniRef90_UPI0005CCAB72	46.31	154	165
UniRef90_E3EG54	50.00	154	165
UniRef90_A0A0M6WED9	47.97	154	161
UniRef90_W8NUH4	44.90	154	163
UniRef90_UPI00047983F4	50.00	154	162
UniRef90_C8W1I1	42.57	154	157
UniRef90_C5VTA6	45.16	154	162
UniRef90_A0A023CRN6	49.38	154	166
UniRef90_UPI0005B25BF2	43.54	154	155
UniRef90_G2G005	44.83	154	152
UniRef90_UPI0003FD2EB1	52.99	154	164
UniRef90_UPI00064E86BD	46.94	154	161
UniRef90_UPI0004228E95	46.98	154	162
UniRef90_A7FX01	46.45	154	162
UniRef90_R6L2I4	46.62	154	163
UniRef90_A0A0L6U296	47.33	154	162
UniRef90_E5WCX6	46.98	154	165
UniRef90_D4KW93	48.65	154	161
UniRef90_Q2FMT0	47.95	154	166
UniRef90_K0J7M1	49.33	154	166
UniRef90_L0HHJ2	50.34	154	163
UniRef90_R6VGQ7	47.30	154	162
UniRef90_UPI000361579D	42.57	154	166
UniRef90_UPI0007048959	44.90	154	162
UniRef90_UPI0005AAB551	47.65	154	165
UniRef90_UPI0004831EBE	49.32	154	161
UniRef90_R1ASU3	44.67	154	160
UniRef90_UPI0004794B93	47.33	154	161
UniRef90_A0A0A3IU63	47.65	154	165
UniRef90_UPI0002E872E7	43.05	154	166
UniRef90_D6XTY9	48.32	154	162
UniRef90_I3DZD5	50.32	154	165
UniRef90_A0A075LTM4	45.21	154	163
UniRef90_UPI000308A19B	46.79	154	165
UniRef90_F6DNU0	43.92	154	166
UniRef90_UPI0003741B34	46.79	154	165
UniRef90_A0A0C1R901	47.74	154	162
UniRef90_A0A0L6ZDN4	43.67	154	162
UniRef90_Q5JF89	44.90	154	161
UniRef90_UPI0006D5459B	48.41	154	165
UniRef90_I8UE77	45.27	154	161
UniRef90_UPI00031975F0	48.41	154	165
UniRef90_UPI0006D81329	46.31	154	165
UniRef90_UPI00040A372F	47.65	154	161
UniRef90_K0AZ88	44.59	154	161
UniRef90_Q9KA57	48.99	154	162
UniRef90_UPI000554F41D	46.26	154	169
UniRef90_A0A0F2SCT2	43.92	154	160
UniRef90_A0A0C2R3S3	48.39	154	165
UniRef90_A0A0D6Z7G9	46.31	154	165
UniRef90_UPI0004946D61	49.66	154	160
UniRef90_W4EZC6	46.15	154	165
UniRef90_UPI0004027485	47.44	154	164
UniRef90_UPI00047F69BF	43.92	154	166
UniRef90_T0IKT0	44.59	154	161
UniRef90_UPI00046820E2	44.94	154	162
UniRef90_A0A0A5GME8	46.31	154	166
UniRef90_UPI000617C4E5	46.98	154	165
UniRef90_W4RIE6	45.64	154	165
UniRef90_A0A0K9GS50	48.00	154	165
UniRef90_A0A0K8J4J6	46.62	154	162
UniRef90_UPI0004150069	45.95	154	161
UniRef90_UPI000490C44E	46.50	154	164
UniRef90_B7GG94	47.33	154	170
UniRef90_UPI000289B2D5	45.81	154	162
UniRef90_B0THD0	47.30	154	159
UniRef90_A0A0B5BIZ5	44.74	154	162
UniRef90_O29224	43.06	154	157
UniRef90_A0A0B0IFV9	48.41	154	163
UniRef90_UPI00042053BD	49.66	154	164
UniRef90_M1E5C2	45.83	154	156
UniRef90_UPI0005D0EBCA	47.77	154	166
UniRef90_UPI000556397F	45.27	154	162
UniRef90_G2TJI5	48.67	154	166
UniRef90_UPI00051C7CA6	45.27	154	161
UniRef90_A0A0J5SGS1	47.68	154	164
UniRef90_R7QX73	43.24	154	161
UniRef90_K4L2L1	42.57	154	160
UniRef90_W7YW11	46.00	154	160
UniRef90_UPI0005B25702	52.08	154	162
UniRef90_R6LZM9	45.95	154	161
UniRef90_I3E4Q5	48.32	154	165
UniRef90_M8DL19	47.44	154	161
UniRef90_A4XJ01	43.54	154	160
UniRef90_A0A0M9GRT2	46.00	154	166
UniRef90_U6BB93	46.98	154	160
UniRef90_UPI0002F0E4A4	45.57	154	165
UniRef90_I0GND6	43.24	154	161
UniRef90_R4VUR1	45.45	154	175
UniRef90_A0A0M4FYZ9	44.23	154	165
UniRef90_R4KM83	43.24	154	166
UniRef90_H6LE24	46.67	154	162
UniRef90_UPI00034D9158	48.08	154	162
UniRef90_UPI00065E1718	44.30	154	161
UniRef90_UPI0004E19DC7	47.97	154	161
UniRef90_C4L647	47.33	154	161
UniRef90_A0A0K9H536	47.33	154	165
UniRef90_D3E6R8	48.97	154	165
UniRef90_R9KIZ6	45.27	154	160
UniRef90_Q0AYK9	44.16	154	161
UniRef90_A0A031IH35	46.31	154	160
UniRef90_UPI000677BFD5	44.14	154	172
UniRef90_UPI0006EBF888	47.33	154	163
UniRef90_UPI0003A1481D	46.79	154	165
UniRef90_A0A011AMA5	46.79	154	165
UniRef90_A0A0F8F0E7	42.47	154	159
UniRef90_UPI000617B2AC	46.98	154	166
UniRef90_F8DC63	45.52	154	173
UniRef90_Q5WFS5	46.00	154	159
UniRef90_N2BBG1	44.59	154	161
UniRef90_B8GK88	50.00	154	164
UniRef90_UPI0006B48532	46.45	154	162
UniRef90_B0MPC2	43.71	154	158
UniRef90_R5DXR1	43.92	154	161
UniRef90_D3RXL9	45.45	154	156
UniRef90_B9MLZ8	44.22	154	160
UniRef90_G7V5V7	42.58	154	175
UniRef90_W0EIB0	41.22	154	160
UniRef90_V6MB25	46.79	154	161
UniRef90_UPI00036EA163	44.76	154	154
UniRef90_UPI0005F7F70B	47.65	154	165
UniRef90_A0A024QDS5	44.30	154	165
UniRef90_Q67P69	48.03	154	165
UniRef90_A0A0F2N825	39.86	154	167
UniRef90_M0LSL3	44.83	154	173
UniRef90_I3RD32	48.98	154	164
UniRef90_R7HTC5	42.76	154	153
UniRef90_UPI00067EEBF5	43.87	154	162
UniRef90_G4HBM5	49.66	154	165
UniRef90_UPI00039EAAFA	48.99	154	165
UniRef90_A0A081PA03	46.00	154	164
UniRef90_M0I5X8	42.86	154	169
UniRef90_UPI0003B2F5D7	44.30	154	161
UniRef90_B1YI79	47.65	154	160
UniRef90_H1Z4C1	50.69	154	163
UniRef90_D5VTV0	44.37	154	152
UniRef90_A0A0N0M8W0	45.64	154	165
UniRef90_UPI0006D4889C	45.16	154	162
UniRef90_A0A0M1QNL6	46.30	154	166
UniRef90_UPI00037870E6	44.90	154	162
UniRef90_UPI000482AEE9	43.95	154	166
UniRef90_UPI000619CA02	45.51	154	164
UniRef90_D9QRI4	43.14	154	160
UniRef90_A0A090ZYG7	47.47	154	165
UniRef90_A0PZY2	43.92	154	162
UniRef90_UPI00030DDE42	46.31	154	164
UniRef90_UPI00041BA9A5	45.95	154	164
UniRef90_UPI0004754B33	41.89	154	161
UniRef90_UPI000481BEAA	44.22	154	160
UniRef90_A8MHG5	41.89	154	161
UniRef90_W4B004	45.22	154	165
UniRef90_UPI000376EB7E	44.94	154	165
UniRef90_J2HTQ3	46.79	154	161
UniRef90_UPI000496B6F4	46.50	154	165
UniRef90_A0A0M2VWD0	48.97	154	165
UniRef90_D4S182	40.00	154	160
UniRef90_R5VC70	43.24	154	161
UniRef90_A0A0A3HMY7	45.22	154	167
UniRef90_L9WE03	43.45	154	173
UniRef90_Q3ADC2	45.70	154	159
UniRef90_A0A0B0IBD6	46.00	154	165
UniRef90_R7JYR0	43.92	154	162
UniRef90_UPI00047CFBFF	42.28	154	166
UniRef90_A0A087N5F6	45.64	154	165
UniRef90_A0A0E3P0I5	42.47	154	162
UniRef90_UPI00040C5952	46.31	154	165
UniRef90_R7RS37	45.39	154	160
UniRef90_UPI000367FBC1	41.22	154	161
UniRef90_C5D9B1	45.22	154	166
UniRef90_UPI00041E287B	43.84	154	160
UniRef90_UPI0005CDA4EA	44.59	154	166
UniRef90_W4VEH3	49.66	154	164
UniRef90_D4IVJ5	43.24	154	161
UniRef90_UPI0004DB8710	44.30	154	161
UniRef90_D2RYE8	42.76	154	173
UniRef90_A0A0C7NSU2	39.60	154	167
UniRef90_D9SKD8	43.92	154	165
UniRef90_UPI00063F0823	46.45	154	160
UniRef90_A3ZQH2	41.73	154	156
UniRef90_Q46DT9	40.00	154	151
UniRef90_A3IF03	46.31	154	168
UniRef90_A0A0A0ILM5	43.87	154	162
UniRef90_UPI0003789707	44.23	154	165
UniRef90_L0AFC7	43.42	154	172
UniRef90_I3R3W7	42.86	154	169
UniRef90_UPI00041792BF	41.40	154	165
UniRef90_R5SMR1	43.24	154	165
UniRef90_UPI0005C8229B	45.40	154	165
UniRef90_A0A0E3R8E0	41.38	154	151
UniRef90_UPI0005584683	44.22	154	159
UniRef90_UPI0003FA32E2	41.89	154	161
UniRef90_R6E951	45.27	154	161
UniRef90_U5F7L7	44.37	154	157
UniRef90_UPI00041BE491	45.64	154	164
UniRef90_UPI000381881C	46.79	154	165
UniRef90_A0A0H4P368	46.31	154	165
UniRef90_UPI00055726C2	41.89	154	162
UniRef90_W7YYL2	45.70	154	165
UniRef90_C4Z5I7	43.24	154	163
UniRef90_F6BFK0	41.89	154	162
UniRef90_Q39QQ2	43.83	154	162
UniRef90_UPI00016C0EF7	45.95	154	162
UniRef90_UPI00064DAA67	43.62	154	165
UniRef90_UPI0006B574CB	41.89	154	160
UniRef90_Q8TUQ4	42.47	154	159
UniRef90_C7P7C6	46.81	154	153
UniRef90_D4GWX2	42.07	154	169
UniRef90_UPI00067E24B7	46.98	154	166
UniRef90_UPI0003B6CD1D	44.59	154	161
UniRef90_A0A0C2U1L0	46.67	154	165
UniRef90_UPI0004843FF8	45.95	154	161
UniRef90_A0A0K2SFX9	43.45	154	172
UniRef90_C6IVY3	46.15	154	165
UniRef90_A0A0E3W3A1	40.91	154	161
UniRef90_UPI0004E1FC24	44.59	154	161
UniRef90_I7LKA9	42.76	154	164
UniRef90_A0A0M0X7L9	47.02	154	165
UniRef90_F2JGP6	43.87	154	164
UniRef90_Q8PXA0	38.10	154	159
UniRef90_R9JE16	42.21	154	161
UniRef90_UPI000677737F	43.15	154	173
UniRef90_UPI000479F8E4	47.47	154	164
UniRef90_D3SRS4	42.95	154	173
UniRef90_UPI0006D0B0ED	44.67	154	164
UniRef90_T0NEH1	44.00	154	162
UniRef90_UPI000562C414	45.95	154	162
UniRef90_L0KW07	43.97	154	157
UniRef90_A0A0D8I7E5	45.45	154	161
UniRef90_A0A0A2TIU9	44.67	154	165
UniRef90_A0A086YNY0	43.75	154	160
UniRef90_R9LHI7	41.33	154	162
UniRef90_UPI0006198524	46.98	154	165
UniRef90_E0RUT5	43.62	154	161
UniRef90_UPI0004E18697	44.30	154	166
UniRef90_UPI0004734036	44.44	154	162
UniRef90_F5LS15	46.31	154	164
UniRef90_M0CMT4	43.84	154	171
UniRef90_A6UNQ9	45.64	154	154
UniRef90_A0A098FC91	45.33	154	167
UniRef90_A0A0K9YVM7	46.15	154	161
UniRef90_C4IDR5	43.24	154	162
UniRef90_I7LJJ9	42.57	154	162
UniRef90_UPI0003F9B3BD	43.62	154	158
UniRef90_UPI0001850D77	44.97	154	165
UniRef90_UPI0002E43E72	47.65	154	161
UniRef90_G7M9Y7	43.92	154	162
UniRef90_UPI0002FFD451	50.00	154	164
UniRef90_A0A0M8Q7I8	46.31	154	165
UniRef90_UPI0004E17AF1	44.90	154	160
UniRef90_B0TFT2	47.62	154	159
UniRef90_UPI000484BC1B	50.75	154	161
UniRef90_UPI0004909736	41.96	154	160
UniRef90_A3DCQ2	43.24	154	161
UniRef90_UPI0002FC9C5B	47.02	154	166
UniRef90_E4NP62	46.85	154	169
UniRef90_A0A0J5JSP3	46.00	154	166
UniRef90_G9YNA7	43.33	154	160
UniRef90_A0A0L6JR87	41.22	154	161
UniRef90_X0S581	41.10	154	160
UniRef90_D8GPU9	43.87	154	162
UniRef90_UPI0004792776	41.33	154	159
UniRef90_W4V721	43.24	154	161
UniRef90_A9KND1	45.27	154	161
UniRef90_UPI0003F8BCB3	43.51	154	167
UniRef90_Q5L0K6	48.41	154	165
UniRef90_R9CGX6	42.67	154	165
UniRef90_L0IAR1	43.45	154	170
UniRef90_UPI0003615EE9	45.33	154	166
UniRef90_A8FDB1	44.97	154	166
UniRef90_W4PWP3	47.02	154	163
UniRef90_E3DPL7	44.59	154	164
UniRef90_A0A0D3VC12	46.00	154	164
UniRef90_UPI0002F7CA15	42.67	154	162
UniRef90_C5EJU7	44.30	154	158
UniRef90_UPI0003B5A211	43.62	154	161
UniRef90_UPI0003B40B98	43.92	154	161
UniRef90_UPI00064DE4D5	43.62	154	166
UniRef90_A0A0J8G1P7	45.27	154	162
UniRef90_A0A093U917	47.77	154	165
UniRef90_G9WNK7	43.84	154	162
UniRef90_UPI0006D26BF5	43.24	154	161
UniRef90_A0A099S1Q9	42.58	154	162
UniRef90_B8I3M7	41.29	154	162
UniRef90_M1ZGV2	41.89	154	160
UniRef90_UPI0003FD83EF	46.15	154	160
UniRef90_A3CU24	44.14	154	163
UniRef90_U1WKW8	45.81	154	160
UniRef90_B0P9W7	39.86	154	161
UniRef90_UPI000369CFC1	43.05	154	165
UniRef90_UPI0002889F43	42.41	154	165
UniRef90_A9AB16	43.05	154	154
UniRef90_W6S324	42.36	154	165
UniRef90_R6BX94	41.61	154	162
UniRef90_R5QFT8	44.59	154	161
UniRef90_UPI00067876C6	44.44	154	172
UniRef90_M1LYJ8	43.24	154	162
UniRef90_S0FQS1	43.92	154	162
UniRef90_C9REX4	46.48	154	154
UniRef90_A0A0C2HL42	42.38	154	163
UniRef90_A0A0A7RKG2	46.48	154	163
UniRef90_A0A0L0WBD5	39.86	154	160
UniRef90_A0A063ZPF7	43.06	154	171
UniRef90_L9W596	42.76	154	173
UniRef90_A4FXW1	43.62	154	154
UniRef90_UPI000481261D	46.62	154	161
UniRef90_A0A0E3NTG6	38.78	154	159
UniRef90_F9DP89	45.27	154	164
UniRef90_A0A0J1LHM7	44.30	154	165
UniRef90_UPI000425D9EF	43.92	154	166
UniRef90_L7VQ89	42.57	154	165
UniRef90_A0A0M0ETK9	46.98	154	167
UniRef90_A0A0C2VTI1	41.61	154	163
UniRef90_A0A0A5GBY3	46.31	154	165
UniRef90_UPI0005D22259	50.75	154	161
UniRef90_UPI00058FBD93	41.29	154	162
UniRef90_UPI0006EBFC92	44.87	154	161
UniRef90_UPI00067EA453	42.38	154	160
UniRef90_K4LE77	41.78	154	161
UniRef90_UPI00054EC975	45.70	154	165
UniRef90_W8T710	44.59	154	162
UniRef90_N6VR28	45.77	154	154
UniRef90_A6M1E0	41.89	154	162
UniRef90_D7DTZ7	44.22	154	154
UniRef90_A0A0L0QPN1	45.64	154	168
UniRef90_M0HE47	41.45	154	169
UniRef90_UPI00034D5CDE	40.94	154	166
UniRef90_Q97GZ2	40.54	154	166
UniRef90_UPI00040E6E95	50.36	154	164
UniRef90_UPI0004010FD6	44.30	154	165
UniRef90_E6TSU1	44.67	154	168
UniRef90_D7GSR8	43.54	154	162
UniRef90_U5LBB0	44.67	154	165
UniRef90_A6TRM9	40.54	154	162
UniRef90_R5YC57	44.59	154	161
UniRef90_A8U613	45.27	154	160
UniRef90_UPI000466D421	42.76	154	160
UniRef90_E1RJT2	50.00	154	163
UniRef90_Q6LYR0	41.06	154	154
UniRef90_A0A0F5R187	43.71	154	164
UniRef90_A0A0D5NN41	43.59	154	164
UniRef90_W9AHR1	45.27	154	165
UniRef90_M5EH49	41.10	154	167
UniRef90_A0A0F5I088	48.20	154	149
UniRef90_C6D2U6	47.14	154	164
UniRef90_A0A031WB30	44.97	154	161
UniRef90_U2BEL9	43.62	154	158
UniRef90_UPI00041F0F98	44.30	154	168
UniRef90_UPI000678429D	42.31	154	171
UniRef90_A0A069D808	41.40	154	166
UniRef90_Q747R4	44.30	154	162
UniRef90_F7KG04	44.59	154	158
UniRef90_UPI0005B2E69E	41.89	154	160
UniRef90_UPI0004E27C94	38.19	154	159
UniRef90_A0A0M0L6V3	45.64	154	165
UniRef90_UPI000645AEFB	41.78	154	160
UniRef90_C2KYY6	42.76	154	162
UniRef90_UPI00047894FB	40.94	154	162
UniRef90_UPI0005096E06	43.05	154	165
UniRef90_UPI00058FBAB7	42.86	154	152
UniRef90_D9R9Z7	42.07	154	160
UniRef90_K2EXH4	43.15	154	159
UniRef90_UPI0006D14E84	45.38	154	177
UniRef90_K2D2W6	47.30	154	162
UniRef90_UPI00042A7F06	39.60	154	167
UniRef90_F5L7Z2	44.90	154	161
UniRef90_N1ZDS8	42.47	154	161
UniRef90_U5MWP6	43.24	154	162
UniRef90_UPI0004857911	42.47	154	161
UniRef90_A7I7Z1	47.29	154	137
UniRef90_L0ILC2	39.86	154	162
UniRef90_R6R283	38.67	154	163
UniRef90_L0K6J5	45.19	154	161
UniRef90_UPI00067F5532	48.25	154	151
UniRef90_A5MZ48	42.58	154	162
UniRef90_UPI00041BAF02	42.31	154	164
UniRef90_J5GU91	39.86	154	161
UniRef90_UPI0004B90C1D	42.41	154	164
UniRef90_E7QQ34	39.16	154	168
UniRef90_B8CW52	39.72	154	158
UniRef90_UPI0006943839	45.16	154	176
UniRef90_UPI0003B5220D	39.86	154	170
UniRef90_F7XQE7	40.94	154	158
UniRef90_W6N684	38.71	154	162
UniRef90_A0A069REI9	41.89	154	161
UniRef90_A0A0C2UTI9	43.59	154	164
UniRef90_A4IMB9	45.86	154	165
UniRef90_UPI000554EB4C	43.92	154	160
UniRef90_UPI000402F892	40.94	154	164
UniRef90_UPI000225AA28	41.67	154	166
UniRef90_A0A0J1DNI9	39.22	154	160
UniRef90_B9KA65	85.99	154	157
UniRef90_Q9X005	96.82	154	157
UniRef90_UPI00063F0823	45.62	154	160
UniRef90_A0A0H4P368	44.52	154	165
UniRef90_A0A0A3IZW2	47.02	154	165
UniRef90_UPI0002F2EAD1	48.08	154	167
UniRef90_D5XFE6	47.10	154	161
UniRef90_E3EG54	48.08	154	165
UniRef90_UPI00028865F6	46.15	154	165
UniRef90_UPI00065E1718	43.59	154	161
UniRef90_K6CUI2	45.51	154	165
UniRef90_A0A0M4FYZ9	44.23	154	165
UniRef90_UPI0005586F9E	48.00	154	162
UniRef90_UPI000617C4E5	46.36	154	165
UniRef90_A0A0C2V3M9	47.44	154	164
UniRef90_B9MLZ8	42.86	154	160
UniRef90_UPI0004027485	46.15	154	164
UniRef90_UPI00034D9158	46.79	154	162
UniRef90_A0A0H5SW42	45.00	154	161
UniRef90_A0A090ITN6	46.58	154	165
UniRef90_UPI00046820E2	44.23	154	162
UniRef90_A0A094WQF3	47.44	154	162
UniRef90_UPI0006CF4FB2	46.15	154	164
UniRef90_UPI00040D2ED8	47.20	154	161
UniRef90_Q8RA16	46.67	154	162
UniRef90_UPI0003FD83EF	45.62	154	160
UniRef90_U1WKW8	45.81	154	160
UniRef90_A0A0K9H536	45.70	154	165
UniRef90_UPI0005F7F70B	45.16	154	165
UniRef90_A0A0F2QAE9	44.81	154	160
UniRef90_D6XTY9	46.36	154	162
UniRef90_A4XJ01	42.95	154	160
UniRef90_Q9KA57	47.44	154	162
UniRef90_A0A0B0IFV9	46.50	154	163
UniRef90_UPI0003772FD9	47.44	154	164
UniRef90_R5DXR1	43.23	154	161
UniRef90_UPI00051C7CA6	44.00	154	161
UniRef90_UPI00041BA9A5	43.23	154	164
UniRef90_W4RIE6	45.03	154	165
UniRef90_UPI0002889F43	42.31	154	165
UniRef90_A0A0A3J4U4	46.30	154	165
UniRef90_A1HN12	45.16	154	162
UniRef90_R6L2I4	44.67	154	163
UniRef90_R6LZM9	44.72	154	161
UniRef90_R7HTC5	42.76	154	153
UniRef90_A8MHG5	40.62	154	161
UniRef90_R6E951	44.23	154	161
UniRef90_UPI0003789707	43.59	154	165
UniRef90_F8F711	46.79	154	164
UniRef90_UPI0005D0EBCA	46.50	154	166
UniRef90_A0A0A8JJA6	47.10	154	164
UniRef90_F6B7Y5	44.16	154	166
UniRef90_UPI00040C5952	45.70	154	165
UniRef90_A0A0A2TIU9	43.05	154	165
UniRef90_A0A0C2U1L0	44.37	154	165
UniRef90_UPI00040D22A2	71.05	154	160
UniRef90_UPI00055397BD	47.68	154	165
UniRef90_UPI0006D2565A	46.15	154	165
UniRef90_R5GSG5	49.32	154	159
UniRef90_UPI0006D0B0ED	42.95	154	164
UniRef90_A0A075R859	47.20	154	161
UniRef90_A0A096BIY3	45.81	154	160
UniRef90_F0SZW7	44.74	154	159
UniRef90_H9U9Y9	73.47	154	159
UniRef90_UPI0005CDA4EA	44.59	154	166
UniRef90_A7HK14	71.97	154	159
UniRef90_UPI0001850D77	43.71	154	165
UniRef90_UPI000308A19B	46.15	154	165
UniRef90_E6U3K2	46.67	154	156
UniRef90_B7GG94	46.05	154	170
UniRef90_A0A0L6ZDN4	43.04	154	162
UniRef90_K0J7M1	47.44	154	166
UniRef90_K8E0Q2	42.38	154	166
UniRef90_A9KND1	44.00	154	161
UniRef90_A0A081PA03	44.23	154	164
UniRef90_C9R9X1	47.40	154	166
UniRef90_A0A0C2R3S3	46.84	154	165
UniRef90_R5KZN3	47.30	154	159
UniRef90_A0A0K8JEQ5	43.23	154	161
UniRef90_A0A0A5GME8	45.70	154	166
UniRef90_A0A0A5GBY3	45.51	154	165
UniRef90_UPI00053BA7E2	48.08	154	164
UniRef90_UPI0002F0E4A4	45.51	154	165
UniRef90_UPI000617B2AC	45.03	154	166
UniRef90_UPI000490C44E	45.51	154	164
UniRef90_UPI00041BAF02	42.31	154	164
UniRef90_R7R393	50.34	154	161
UniRef90_UPI00064DE4D5	43.05	154	166
UniRef90_W4EZC6	46.15	154	165
UniRef90_UPI00042053BD	47.68	154	164
UniRef90_K1L487	48.72	154	167
UniRef90_F2JGP6	43.23	154	164
UniRef90_F4LTR4	45.00	154	162
UniRef90_R6EC66	45.03	154	162
UniRef90_J2HTQ3	45.34	154	161
UniRef90_B0THD0	46.10	154	159
UniRef90_UPI0006D5459B	47.44	154	165
UniRef90_A0A0K8J4J6	45.75	154	162
UniRef90_F9DP89	42.58	154	164
UniRef90_UPI000619CA02	44.23	154	164
UniRef90_R7JYR0	42.86	154	162
UniRef90_UPI000361579D	40.62	154	166
UniRef90_A0A090ZYG7	47.44	154	165
UniRef90_R7QX73	42.67	154	161
UniRef90_UPI000482AEE9	43.31	154	166
UniRef90_UPI000556397F	44.16	154	162
UniRef90_A0A0N0M8W0	44.37	154	165
UniRef90_C5D9B1	44.44	154	166
UniRef90_A0A087N5F6	42.95	154	165
UniRef90_UPI0005C8229B	45.34	154	165
UniRef90_R6K2U9	44.67	154	163
UniRef90_C6IVY3	45.51	154	165
UniRef90_H2J6H7	58.39	154	157
UniRef90_I0GND6	42.68	154	161
UniRef90_W4B004	43.59	154	165
UniRef90_UPI000496205F	46.71	154	161
UniRef90_UPI0003B40B98	43.33	154	161
UniRef90_A0A0L0QPN1	43.05	154	168
UniRef90_UPI000496B6F4	45.51	154	165
UniRef90_W4PWP3	44.74	154	163
UniRef90_D3FT15	43.05	154	162
UniRef90_D9QRI4	41.40	154	160
UniRef90_UPI00054EC975	43.59	154	165
UniRef90_A0A074LR31	41.72	154	159
UniRef90_A0A0M6WED9	47.74	154	161
UniRef90_UPI0006D81329	44.87	154	165
UniRef90_A0A0M0L6V3	44.37	154	165
UniRef90_UPI000402F892	41.03	154	164
UniRef90_A0A023CRN6	49.04	154	166
UniRef90_W4QC51	41.03	154	162
UniRef90_UPI0004754B33	41.40	154	161
UniRef90_A0A0A3IU63	46.15	154	165
UniRef90_W7L9U8	49.02	154	165
UniRef90_M8DL19	46.58	154	161
UniRef90_A6TRM9	38.99	154	162
UniRef90_A0A078KQX3	44.59	154	157
UniRef90_UPI0006D16507	45.81	154	163
UniRef90_V6MB25	45.34	154	161
UniRef90_A0A075KDB5	43.87	154	161
UniRef90_UPI00067E24B7	45.03	154	166
UniRef90_R6VGQ7	45.45	154	162
UniRef90_I4DA64	41.56	154	160
UniRef90_UPI0002E43E72	44.10	154	161
UniRef90_A0A0D5NN41	43.59	154	164
UniRef90_UPI0006943839	45.16	154	176
UniRef90_F7NL69	46.67	154	161
UniRef90_UPI0004150069	44.67	154	161
UniRef90_UPI00067EEBF5	42.41	154	162
UniRef90_L0EGB5	40.00	154	161
UniRef90_UPI00016C0EF7	45.16	154	162
UniRef90_A0A0A3HMY7	42.59	154	167
UniRef90_A3IF03	44.87	154	168
UniRef90_A0A0M8Q7I8	44.87	154	165
UniRef90_UPI00047D2340	47.33	154	165
UniRef90_A0A0K9YVM7	44.10	154	161
UniRef90_G7WHX4	43.71	154	160
UniRef90_A0A0M1QNL6	45.40	154	166
UniRef90_A0A0F5R187	42.95	154	164
UniRef90_UPI000488DE83	40.00	154	162
UniRef90_A0A0D6Z7G9	45.03	154	165
UniRef90_UPI00047CFBFF	41.06	154	166
UniRef90_U2UKH9	44.10	154	161
UniRef90_R9JS35	50.34	154	161
UniRef90_UPI000225AA28	40.38	154	166
UniRef90_A4J742	43.14	154	166
UniRef90_UPI0006B48532	46.45	154	162
UniRef90_I3E4Q5	47.68	154	165
UniRef90_E0I467	42.31	154	163
UniRef90_R5SMR1	41.33	154	165
UniRef90_C5VTA6	44.52	154	162
UniRef90_A0A0M2U7Q5	44.23	154	167
UniRef90_A0A0B2JZT7	38.06	154	161
UniRef90_D4KW93	48.00	154	161
UniRef90_UPI00064DAA67	41.29	154	165
UniRef90_UPI0003814BA3	43.23	154	161
UniRef90_R5QFT8	44.00	154	161
UniRef90_H5XYP0	43.05	154	159
UniRef90_A0A0A6VG12	48.41	154	167
UniRef90_R9JE16	42.11	154	161
UniRef90_UPI00041F0F98	42.38	154	168
UniRef90_UPI0005AAB551	44.87	154	165
UniRef90_UPI000367FBC1	40.76	154	161
UniRef90_R9KIZ6	45.16	154	160
UniRef90_A0A0J5SGS1	47.74	154	164
UniRef90_UPI0002FC9C5B	44.87	154	166
UniRef90_UPI00030DDE42	43.31	154	164
UniRef90_UPI0004E19DC7	47.33	154	161
UniRef90_UPI0004E17169	45.03	154	166
UniRef90_B0K1Q3	43.87	154	162
UniRef90_UPI0004DB8710	42.21	154	161
UniRef90_UPI00047983F4	46.79	154	162
UniRef90_T0IKT0	43.87	154	161
UniRef90_A0A011AMA5	46.15	154	165
UniRef90_I7LJJ9	40.51	154	162
UniRef90_A0A0M2VWD0	44.87	154	165
UniRef90_UPI000427AEB4	43.51	154	169
UniRef90_A7FX01	44.94	154	162
UniRef90_A0A0B5AQT1	40.00	154	162
UniRef90_UPI0004831EBE	48.67	154	161
UniRef90_D3E6R8	44.87	154	165
UniRef90_C4Z5I7	42.67	154	163
UniRef90_D9S3A8	48.72	154	161
UniRef90_R9LHI7	40.52	154	162
UniRef90_UPI0004843FF8	45.33	154	161
UniRef90_UPI00042513FE	42.95	154	164
UniRef90_E0RUT5	42.21	154	161
UniRef90_UPI0003B6CD1D	44.52	154	161
UniRef90_I3DZD5	48.12	154	165
UniRef90_UPI00031975F0	47.44	154	165
UniRef90_A0A089HQG8	42.31	154	165
UniRef90_X4ZMN1	42.31	154	166
UniRef90_UPI0006EBF888	46.71	154	163
UniRef90_A0A0K9GS50	45.51	154	165
UniRef90_D8GPU9	42.41	154	162
UniRef90_A0A0M0X7L9	45.51	154	165
UniRef90_E6TSU1	43.05	154	168
UniRef90_B0P9W7	38.82	154	161
UniRef90_U5LBB0	42.38	154	165
UniRef90_R6PW17	46.75	154	161
UniRef90_K0AZ88	43.23	154	161
UniRef90_UPI0004B90C1D	42.31	154	164
UniRef90_A0A0A5G8P0	41.72	154	165
UniRef90_UPI000481261D	45.51	154	161
UniRef90_UPI0006B574CB	40.62	154	160
UniRef90_UPI0003741B34	46.15	154	165
UniRef90_G4HBM5	45.51	154	165
UniRef90_UPI00041BE491	43.95	154	164
UniRef90_E5WCX6	45.81	154	165
UniRef90_UPI0006198524	45.51	154	165
UniRef90_A3DCQ2	40.76	154	161
UniRef90_F6CIB5	41.56	154	169
UniRef90_UPI0002FFD451	46.79	154	164
UniRef90_A0A075JUK5	40.40	154	165
UniRef90_V2Y1J3	42.24	154	161
UniRef90_R5VC70	43.51	154	161
UniRef90_UPI0004AD4E19	42.38	154	168
UniRef90_A0A0F2SCT2	43.05	154	160
UniRef90_UPI00039EAAFA	46.79	154	165
UniRef90_A0A0C1R901	46.84	154	162
UniRef90_UPI000479F8E4	47.44	154	164
UniRef90_F7YXZ1	75.74	154	160
UniRef90_A0A0B0IBD6	44.52	154	165
UniRef90_A0A037ZBH5	40.00	154	162
UniRef90_UPI0003B5A211	42.67	154	161
UniRef90_UPI000376EB7E	44.23	154	165
UniRef90_UPI0006FDBABD	39.74	154	164
UniRef90_N2BBG1	43.59	154	161
UniRef90_K4ZJH4	42.31	154	164
UniRef90_UPI0004E1FC24	43.23	154	161
UniRef90_A6LMX8	62.84	154	160
UniRef90_UPI000562C414	45.64	154	162
UniRef90_UPI000597C618	69.59	154	160
UniRef90_V9W8B0	45.03	154	164
UniRef90_UPI0006E1471B	40.00	154	162
UniRef90_A0PZY2	42.38	154	162
UniRef90_W0EF09	45.70	154	160
UniRef90_U2D3I3	38.61	154	162
UniRef90_UPI0004E17AF1	44.30	154	160
UniRef90_A0A024QDS5	42.67	154	165
UniRef90_W4QVE0	39.74	154	162
UniRef90_A0A0A2VH17	47.50	154	161
UniRef90_UPI0003FD2EB1	47.44	154	164
UniRef90_UPI000288AA73	39.74	154	165
UniRef90_A0A089N6S1	42.31	154	165
UniRef90_UPI0006D16CDD	41.72	154	164
UniRef90_F6DNU0	41.83	154	166
UniRef90_D5WPH4	44.97	154	162
UniRef90_F5L7Z2	42.58	154	161
UniRef90_W7YYL2	43.87	154	165
UniRef90_UPI0004E18697	43.71	154	166
UniRef90_D7CM25	47.33	154	162
UniRef90_Q2RKC1	43.71	154	167
UniRef90_A0A098FC91	44.23	154	167
UniRef90_F6BFK0	41.33	154	162
UniRef90_A0A0C7NSU2	39.07	154	167
UniRef90_A0A0M9GRT2	45.39	154	166
UniRef90_UPI00040A372F	44.81	154	161
UniRef90_UPI000481BEAA	43.62	154	160
UniRef90_UPI0003FA32E2	40.91	154	161
UniRef90_UPI0004837778	46.75	154	161
UniRef90_UPI000307A5E4	44.37	154	165
UniRef90_A0A0D3VC12	44.23	154	164
UniRef90_UPI0002F7CA15	41.83	154	162
UniRef90_G8LVF1	41.29	154	161
UniRef90_UPI00040E6E95	44.87	154	164
UniRef90_X0RKH1	41.29	154	161
UniRef90_UPI0002F3D8CF	39.07	154	165
UniRef90_L7VQ89	41.89	154	165
UniRef90_W9AHR1	43.23	154	165
UniRef90_W8T710	42.21	154	162
UniRef90_A0A0A0ILM5	43.23	154	162
UniRef90_UPI00037EA8E1	41.67	154	165
UniRef90_W4V721	41.94	154	161
UniRef90_UPI000382E422	43.59	154	165
UniRef90_UPI00064E86BD	45.81	154	161
UniRef90_A0A024P1Z7	42.00	154	165
UniRef90_E4LKI3	40.67	154	161
UniRef90_A0A0J5QYJ4	42.31	154	162
UniRef90_C6D2U6	42.31	154	164
UniRef90_UPI00041E287B	41.77	154	160
UniRef90_A0A0L0WBD5	39.38	154	160
UniRef90_UPI00040F2BF7	42.00	154	165
UniRef90_UPI000554F41D	46.26	154	169
UniRef90_W0EIB0	40.40	154	160
UniRef90_A5MZ48	41.14	154	162
UniRef90_UPI00041792BF	40.13	154	165
UniRef90_A0A0J1FBE9	45.10	154	160
UniRef90_M1ZGV2	40.65	154	160
UniRef90_M9LBF1	44.23	154	164
UniRef90_R5YC57	43.51	154	161
UniRef90_UPI0004228E95	46.98	154	162
UniRef90_A0A0D8I7E5	45.16	154	161
UniRef90_S0FQS1	42.58	154	162
UniRef90_L0KW07	41.89	154	157
UniRef90_UPI0006EBFC92	43.48	154	161
UniRef90_J7IV75	43.71	154	160
UniRef90_R4K5G1	41.14	154	163
UniRef90_UPI0005C9E4AA	42.31	154	167
UniRef90_A0A0F2PNH5	42.14	154	166
UniRef90_A0A089L2B0	42.31	154	165
UniRef90_UPI00069F92A6	42.00	154	165
UniRef90_G2TJI5	47.17	154	166
UniRef90_A8F4V0	68.00	154	159
UniRef90_UPI0004010FD6	42.14	154	165
UniRef90_A0A069REI9	40.00	154	161
UniRef90_UPI00047894FB	40.40	154	162
UniRef90_A0A0M0ETK9	44.87	154	167
UniRef90_A0A0L6JR87	40.52	154	161
UniRef90_Q0AYK9	41.88	154	161
UniRef90_UPI000381881C	46.15	154	165
UniRef90_UPI0003B6605D	41.33	154	161
UniRef90_L0K6J5	40.52	154	161
UniRef90_UPI0004734036	43.23	154	162
UniRef90_UPI00047FF8DB	39.87	154	161
UniRef90_K4L2L1	41.72	154	160
UniRef90_UPI0005D22259	45.33	154	161
UniRef90_UPI0005B2E69E	40.67	154	160
UniRef90_W4VEH3	49.01	154	164
UniRef90_UPI0004B9ADFA	42.31	154	164
UniRef90_B8I3M7	40.65	154	162
UniRef90_A0A0J1LHM7	43.71	154	165
UniRef90_UPI0006A7AC1F	49.01	154	169
UniRef90_F5LS15	44.37	154	164
UniRef90_A0A0J5JSP3	44.74	154	166
UniRef90_UPI0004142720	43.59	154	164
UniRef90_A8FDB1	44.37	154	166
UniRef90_UPI00029B559F	44.81	154	160
UniRef90_D4IVJ5	42.67	154	161
UniRef90_R7KPQ9	42.76	154	157
UniRef90_UPI0005098D9B	40.65	154	162
UniRef90_B8FTP6	44.30	154	160
UniRef90_UPI0006D26BF5	41.56	154	161
UniRef90_UPI00034D5CDE	39.07	154	166
UniRef90_U2NRY0	37.97	154	162
UniRef90_A0A0M5JLE0	39.87	154	166
UniRef90_UPI000289B2D5	45.81	154	162
UniRef90_C4IDR5	41.18	154	162
UniRef90_UPI0005096E06	43.05	154	165
UniRef90_A0A0C2UTI9	43.59	154	164
UniRef90_Q65JK2	41.18	154	168
UniRef90_R7RS37	42.68	154	160
UniRef90_W9DPW3	41.56	154	157
UniRef90_A0A075LKB6	39.35	154	164
UniRef90_UPI000289490B	39.49	154	165
UniRef90_D4S182	40.38	154	160
UniRef90_A0A069D808	40.76	154	166
UniRef90_UPI0003615EE9	45.22	154	166
UniRef90_K6TUS2	41.77	154	162
UniRef90_A0A0H3J7D4	41.14	154	163
UniRef90_A0A0C2RK02	40.00	154	160
UniRef90_T0NEH1	41.83	154	162
UniRef90_UPI00056D9BCB	54.97	154	158
UniRef90_A0A015MP16	42.24	154	162
UniRef90_A0A075LTM4	42.95	154	163
UniRef90_UPI00058FBD93	39.87	154	162
UniRef90_UPI0002E872E7	43.05	154	166
UniRef90_G7M9Y7	41.56	154	162
UniRef90_Q8EQV8	41.06	154	166
UniRef90_A0A0L6U296	45.86	154	162
UniRef90_R6R283	38.16	154	163
UniRef90_A0A099S1Q9	41.94	154	162
UniRef90_I0JMN6	42.50	154	165
UniRef90_R7N199	40.40	154	162
UniRef90_UPI0003B2F5D7	42.21	154	161
UniRef90_UPI000360B045	43.71	154	163
UniRef90_UPI0004B3A64F	43.04	154	161
UniRef90_A0A0C7P4Y9	62.42	154	161
UniRef90_R6UVG2	37.01	154	161
UniRef90_UPI000484BC1B	44.65	154	161
UniRef90_UPI0004235500	39.47	154	159
UniRef90_W6N684	38.71	154	162
UniRef90_L0ILC2	39.33	154	162
UniRef90_H6LE24	44.81	154	162
UniRef90_R9CGX6	41.06	154	165
UniRef90_A5D0H1	43.12	154	178
UniRef90_R1ASU3	43.42	154	160
UniRef90_UPI000570E641	40.54	154	161
UniRef90_A0A0L8F2K3	40.88	154	163
UniRef90_A0A084H780	40.67	154	166
UniRef90_O58226	46.84	154	162
UniRef90_A0A0E3P0I5	42.07	154	162
UniRef90_R9MQ11	41.22	154	161
UniRef90_M1LYJ8	41.18	154	162
UniRef90_B7IDV6	65.99	154	160
UniRef90_UPI0003721E3C	41.67	154	164
UniRef90_R7A2X3	42.38	154	162
UniRef90_UPI0005A67859	40.00	154	165
UniRef90_B2TLQ3	37.84	154	162
UniRef90_A0A0F2N825	37.89	154	167
UniRef90_R4KM83	42.67	154	166
UniRef90_UPI0005CCAB72	44.87	154	165
UniRef90_A0A0J8G1P7	43.87	154	162
UniRef90_K4LE77	40.67	154	161
UniRef90_UPI0003A1481D	46.79	154	165
UniRef90_Q5JF89	43.95	154	161
UniRef90_UPI00048229E0	42.24	154	161
UniRef90_P40404	38.06	154	166
UniRef90_A0A0E3W3A1	38.75	154	161
UniRef90_D9SKD8	42.38	154	165
UniRef90_A0A0C2VTI1	41.29	154	163
UniRef90_B0TFT2	46.31	154	159
UniRef90_A7Z4R7	41.06	154	166
UniRef90_A6CQB6	44.23	154	165
UniRef90_J5GU91	39.33	154	161
UniRef90_W6S324	40.51	154	165
UniRef90_Q893S5	38.06	154	165
UniRef90_R6BX94	41.06	154	162
UniRef90_A6M1E0	40.67	154	162
UniRef90_A4IMB9	45.86	154	165
UniRef90_UPI00042A7F06	37.75	154	167
UniRef90_H3ZR50	48.70	154	164
UniRef90_UPI00055726C2	40.67	154	162
UniRef90_G2G005	43.54	154	152
UniRef90_R6YUS6	37.33	154	161
UniRef90_L0F8W1	46.31	154	160
UniRef90_UPI00028A2A39	41.06	154	162
UniRef90_R5NM81	38.71	154	162
UniRef90_C8W1I1	40.91	154	157
UniRef90_F7XQE7	40.67	154	158
UniRef90_F4A1W4	37.58	154	164
UniRef90_UPI0005582166	41.94	154	161
UniRef90_Q5L0K6	48.41	154	165
UniRef90_U5MWP6	41.18	154	162
UniRef90_UPI00047B22F0	39.07	154	162
UniRef90_F7KG04	43.71	154	158
UniRef90_UPI0004820B44	43.87	154	161
UniRef90_A0A0F8F0E7	41.89	154	159
UniRef90_UPI00037870E6	43.59	154	162
UniRef90_UPI00058FBAB7	42.76	154	152
UniRef90_I8UE77	44.67	154	161
UniRef90_A0A093U917	47.77	154	165
UniRef90_UPI0004023A87	41.06	154	162
UniRef90_B0MPC2	44.52	154	158
UniRef90_C4L647	45.86	154	161
UniRef90_J6HFB7	36.36	154	161
UniRef90_A0A0E3SQ17	45.39	154	159
UniRef90_Q97GZ2	39.24	154	166
UniRef90_UPI0004794B93	45.86	154	161
UniRef90_E3PSH7	37.58	154	161
UniRef90_B8CW52	37.91	154	158
UniRef90_R7BJD9	39.87	154	164
UniRef90_M0HE47	41.33	154	169
UniRef90_UPI00047D3DC9	39.24	154	163
UniRef90_UPI000688C7C8	40.54	154	153
UniRef90_UPI000669925B	40.65	154	162
UniRef90_Q3ADC2	43.87	154	159
UniRef90_R7IU95	41.03	154	162
UniRef90_UPI0001E2BDE3	38.71	154	161
UniRef90_F8AGS8	46.71	154	163
UniRef90_B6YX76	45.33	154	162
UniRef90_D5DQL5	44.52	154	164
UniRef90_UPI0004946D61	48.68	154	160
UniRef90_M0CMT4	42.47	154	171
UniRef90_UPI000369CFC1	41.06	154	165
UniRef90_UPI0007048959	43.04	154	162
UniRef90_A0A0H3DYU5	39.74	154	166
UniRef90_D2RYE8	41.45	154	173
UniRef90_UPI0004925EA7	47.47	154	162
UniRef90_B1I5J0	46.36	154	171
UniRef90_W8NUH4	43.59	154	163
UniRef90_A0A0F5I088	44.44	154	149
UniRef90_E3CVV2	48.32	154	162
UniRef90_U6BB93	45.39	154	160
UniRef90_D3RXL9	44.16	154	156
UniRef90_UPI0005D228E1	40.40	154	158
UniRef90_A0A062V6U3	47.40	154	157
UniRef90_UPI0006D4889C	43.04	154	162
UniRef90_H0UPY9	43.04	154	163
UniRef90_UPI00056F9037	42.11	154	159
UniRef90_A0A084H3V9	43.33	154	164
UniRef90_E4NP62	44.97	154	169
UniRef90_L9WE03	40.79	154	173
UniRef90_UPI000677BFD5	42.47	154	172
UniRef90_UPI00047E0D42	46.79	154	160
UniRef90_UPI0004857911	41.45	154	161
UniRef90_UPI0006B5BBC7	44.72	154	161
UniRef90_UPI000467B29B	45.10	154	164
UniRef90_UPI000487CD8B	38.61	154	168
UniRef90_UPI000678429D	40.38	154	171
UniRef90_B2A374	40.00	154	160
