UniRef90_Q9L9Q5	96.50	255	291
UniRef90_A3EYK2	94.47	255	291
UniRef90_Q1KZ67	90.23	255	292
UniRef90_UPI0003E85FC5	88.63	255	296
UniRef90_A5KFX5	93.00	255	247
UniRef90_A1E288	89.57	255	164
UniRef90_UPI00069CB7B8	58.33	255	301
UniRef90_A0A0A8HB97	55.69	255	300
UniRef90_UPI0002581092	54.84	255	300
UniRef90_UPI0005CF6C2C	54.03	255	304
UniRef90_Q0GH44	97.64	255	128
UniRef90_A0A0A8H3A8	51.74	255	294
UniRef90_Q9RGF1	53.33	255	430
UniRef90_Q7BP25	52.51	255	294
UniRef90_T2LJB7	52.67	255	469
UniRef90_UPI0003023617	51.44	255	426
UniRef90_E6L9P3	54.02	255	230
UniRef90_A2I3T4	56.94	255	219
UniRef90_A0A0D6G348	49.61	255	334
UniRef90_A0A099B741	47.27	255	298
UniRef90_UPI00068E7CD9	47.69	255	330
UniRef90_UPI00066635EB	50.22	255	251
UniRef90_V4NA83	45.56	255	303
UniRef90_T2LJK7	49.05	255	298
UniRef90_UPI0006668AA4	50.90	255	240
UniRef90_UPI0005574665	46.15	255	299
UniRef90_A0A077DCP7	47.79	255	306
UniRef90_A0A099V7D6	45.86	255	313
UniRef90_D3UHA2	43.67	255	281
UniRef90_UPI000667A97A	53.26	255	231
UniRef90_UPI0004B418C6	43.21	255	324
UniRef90_UPI000667A084	43.70	255	263
UniRef90_UPI0004B31EEE	42.97	255	300
UniRef90_E1X9Z0	43.53	255	301
UniRef90_A0A099B716	43.70	255	290
UniRef90_UPI0004B05FE8	42.23	255	277
UniRef90_A0A0E1XPC5	39.46	255	296
UniRef90_H5VEH3	41.06	255	237
UniRef90_A0A0N1F8E8	43.30	255	234
UniRef90_I0EP46	40.98	255	311
UniRef90_G2M9Y3	40.35	255	370
UniRef90_A0A0E0WCK0	40.35	255	339
UniRef90_F8KR68	38.87	255	325
UniRef90_E7A8M3	39.53	255	319
UniRef90_G2M4T6	40.35	255	375
UniRef90_Q17WF9	42.42	255	395
UniRef90_H2B3H9	39.35	255	340
UniRef90_I0EQZ9	41.00	255	356
UniRef90_I0EP47	37.55	255	314
UniRef90_P24324	41.75	255	231
UniRef90_G2M9Y4	36.80	255	348
UniRef90_Q17WF8	36.72	255	422
UniRef90_H2B3J7	38.18	255	352
UniRef90_E7A8M2	36.04	255	379
UniRef90_H2B3I9	42.31	255	186
UniRef90_H2B3K7	37.95	255	350
UniRef90_A4NVX6	48.33	255	132
UniRef90_H2B3I8	60.00	255	370
UniRef90_H2B3J3	34.36	255	325
UniRef90_UPI00068513B2	38.62	255	193
UniRef90_UPI0006877B9A	70.00	255	59
UniRef90_A0A0E1SRL8	42.00	255	144
UniRef90_E7ABU5	32.88	255	281
UniRef90_F9H2S1	46.99	255	84
UniRef90_Q1KZ67	90.23	255	292
UniRef90_Q9L9Q5	96.50	255	291
UniRef90_A3EYK2	94.09	255	291
UniRef90_UPI0003E85FC5	87.89	255	296
UniRef90_A0A0D6G348	49.61	255	334
UniRef90_Q9RGF1	52.53	255	430
UniRef90_UPI0002581092	53.88	255	300
UniRef90_T2LJB7	50.58	255	469
UniRef90_UPI0003023617	49.42	255	426
UniRef90_A0A0A8HB97	55.47	255	300
UniRef90_UPI0005CF6C2C	54.03	255	304
UniRef90_V4NA83	45.17	255	303
UniRef90_UPI00066635EB	49.78	255	251
UniRef90_UPI0004B418C6	41.04	255	324
UniRef90_UPI00069CB7B8	58.33	255	301
UniRef90_A0A0A8H3A8	51.35	255	294
UniRef90_D3UHA2	43.50	255	281
UniRef90_Q7BP25	51.76	255	294
UniRef90_UPI0004B31EEE	42.58	255	300
UniRef90_UPI0006668AA4	50.45	255	240
UniRef90_UPI00068E7CD9	46.72	255	330
UniRef90_H2B3H9	35.82	255	340
UniRef90_A0A099B741	46.88	255	298
UniRef90_F8KR68	37.26	255	325
UniRef90_H2B3J7	34.04	255	352
UniRef90_E7A8M3	36.40	255	319
UniRef90_G2M4T6	36.63	255	375
UniRef90_A0A077DCP7	45.80	255	306
UniRef90_G2M9Y3	38.70	255	370
UniRef90_E7A8M2	32.65	255	379
UniRef90_A0A0E0WCK0	38.70	255	339
UniRef90_A0A099V7D6	44.40	255	313
UniRef90_E1X9Z0	42.35	255	301
UniRef90_I0EQZ9	37.55	255	356
UniRef90_Q17WF9	36.97	255	395
UniRef90_H5VEH3	40.24	255	237
UniRef90_A5KFX5	91.63	255	247
UniRef90_UPI0005574665	45.59	255	299
UniRef90_A2I3T4	55.87	255	219
UniRef90_I0EP46	38.93	255	311
UniRef90_T2LJK7	48.86	255	298
UniRef90_UPI000667A084	42.52	255	263
UniRef90_UPI0004B05FE8	41.47	255	277
UniRef90_E6L9P3	53.36	255	230
UniRef90_G2M9Y4	34.98	255	348
UniRef90_A0A0E1XPC5	39.46	255	296
UniRef90_Q17WF8	35.36	255	422
UniRef90_A1E288	89.57	255	164
UniRef90_A0A099B716	43.46	255	290
UniRef90_H2B3K7	36.00	255	350
UniRef90_UPI000667A97A	53.26	255	231
UniRef90_I0EP47	38.19	255	314
UniRef90_A0A0N1F8E8	43.08	255	234
UniRef90_P24324	41.54	255	231
UniRef90_H2B3I9	41.18	255	186
UniRef90_H2B3J3	31.84	255	325
UniRef90_E7ABU5	27.56	255	281
UniRef90_Q0GH44	97.64	255	128
UniRef90_A4NVX6	47.93	255	132
UniRef90_H2B3I8	36.88	255	370
UniRef90_A0A0E1SRL8	42.00	255	144
UniRef90_UPI00068513B2	36.42	255	193
UniRef90_F9H2S1	46.43	255	84
UniRef90_A4F0R6	23.04	255	275
UniRef90_A6FLH3	20.75	255	266
UniRef90_D0D8Z1	22.71	255	268
UniRef90_UPI000690B88E	52.54	255	144
UniRef90_UPI0006877B9A	66.67	255	59
UniRef90_UPI0004B97568	22.34	255	657
UniRef90_A4N6N1	77.14	255	74
UniRef90_A0A0H4L6D8	22.61	255	269
