UniRef90_P49888	98.96	287	294
UniRef90_UPI0004F4984F	91.00	287	292
UniRef90_UPI00046B1814	85.12	287	295
UniRef90_P49887	80.97	287	296
UniRef90_UPI0003C91878	82.29	287	294
UniRef90_F1Q1N2	81.94	287	295
UniRef90_G1SN19	81.66	287	295
UniRef90_UPI0003F15424	80.97	287	296
UniRef90_S7P0K7	79.93	287	295
UniRef90_F6SQA7	79.24	287	296
UniRef90_UPI0004ED0966	79.58	287	295
UniRef90_M3YEK5	78.55	287	299
UniRef90_A0A091CY12	77.85	287	295
UniRef90_G1M0N2	79.18	287	300
UniRef90_P49891	78.25	287	295
UniRef90_UPI000334757C	79.24	287	294
UniRef90_UPI0002C630F2	77.51	287	296
UniRef90_UPI00065006A3	77.70	287	293
UniRef90_Q95MF8	76.82	287	295
UniRef90_G3T5G3	77.51	287	296
UniRef90_UPI000329317A	77.39	287	292
UniRef90_UPI0004D051A7	76.74	287	296
UniRef90_UPI00064374DD	77.51	287	296
UniRef90_UPI00038BCA95	79.08	287	295
UniRef90_UPI00033310AE	76.04	287	295
UniRef90_UPI00034FFFF9	75.43	287	296
UniRef90_H0WN06	76.90	287	296
UniRef90_UPI00044467C5	74.65	287	295
UniRef90_P49889	73.33	287	295
UniRef90_UPI0003ACC16A	80.54	287	279
UniRef90_W5PJY1	71.97	287	296
UniRef90_UPI00042AD15B	73.14	287	304
UniRef90_UPI00045D602F	74.82	287	297
UniRef90_UPI0003C8712D	70.49	287	296
UniRef90_P19217	72.32	287	295
UniRef90_UPI0003F16219	70.38	287	294
UniRef90_UPI000333BB1C	72.10	287	297
UniRef90_UPI000359ED8D	72.79	287	295
UniRef90_UPI0003F0D90D	71.28	287	294
UniRef90_L5KAV8	72.32	287	272
UniRef90_UPI00032B0654	69.62	287	295
UniRef90_F6XDC8	82.76	287	646
UniRef90_F6XDC8	52.57	287	646
UniRef90_F6XDC8	54.44	287	646
UniRef90_A0A091CTL8	67.13	287	253
UniRef90_UPI00059AEFF0	67.82	287	253
UniRef90_UPI0004F1EB5B	93.37	287	226
UniRef90_UPI0003C26421	64.41	287	294
UniRef90_K7E9W5	62.63	287	324
UniRef90_F1NMA2	61.37	287	332
UniRef90_A0A091VYR2	60.64	287	288
UniRef90_A0A093I6Y8	60.64	287	288
UniRef90_UPI000350976A	59.57	287	294
UniRef90_K7FRK1	60.85	287	294
UniRef90_UPI000521531B	58.16	287	294
UniRef90_UPI0004F0CE57	59.15	287	296
UniRef90_G3VWP3	58.45	287	295
UniRef90_G1NDH6	60.65	287	307
UniRef90_A0A093ETS8	57.80	287	291
UniRef90_A0A091QD83	58.16	287	287
UniRef90_F7E232	57.44	287	317
UniRef90_UPI000529FDB4	58.48	287	282
UniRef90_UPI0003C29C8C	59.15	287	295
UniRef90_UPI00051E5FD9	57.45	287	294
UniRef90_A0A091RES3	57.80	287	291
UniRef90_UPI0006B6CBC8	57.14	287	433
UniRef90_U3JVP0	56.74	287	294
UniRef90_UPI0004F136B8	59.22	287	656
UniRef90_UPI0004F136B8	39.79	287	656
UniRef90_R0KAW7	56.00	287	308
UniRef90_G3VS86	58.84	287	298
UniRef90_A0A091KCN7	57.45	287	287
UniRef90_A0A094LEX3	57.34	287	291
UniRef90_A0A0A0A688	60.23	287	267
UniRef90_K7G1J8	58.72	287	295
UniRef90_M7AZH5	57.44	287	295
UniRef90_UPI000549AD7B	60.65	287	673
UniRef90_UPI000549AD7B	51.59	287	673
UniRef90_UPI00033155BA	56.55	287	295
UniRef90_UPI000392D46E	56.03	287	294
UniRef90_UPI000443920F	58.27	287	295
UniRef90_UPI0006B82E33	58.51	287	714
UniRef90_UPI0006B82E33	54.48	287	714
UniRef90_A0A091H3G7	55.96	287	281
UniRef90_UPI0006508185	58.27	287	295
UniRef90_UPI0003334305	56.21	287	295
UniRef90_A0A093G3V3	55.32	287	291
UniRef90_UPI0005D02B58	100.00	287	181
UniRef90_L5LBC8	56.21	287	356
UniRef90_UPI00032AD7C4	58.27	287	294
UniRef90_M3YEP8	56.55	287	295
UniRef90_UPI0003345CE5	58.99	287	295
UniRef90_UPI0004D0898C	57.19	287	295
UniRef90_UPI0003F10D0D	57.91	287	295
UniRef90_UPI000523BF50	57.45	287	724
UniRef90_UPI000523BF50	53.36	287	724
UniRef90_UPI000523BF50	53.45	287	724
UniRef90_UPI0001CE2362	57.19	287	295
UniRef90_A0A061IM50	56.55	287	351
UniRef90_U3ISN5	55.67	287	291
UniRef90_G1Q365	55.17	287	298
UniRef90_UPI0004ED3597	57.55	287	295
UniRef90_Q3UZZ6	55.86	287	295
UniRef90_UPI00045DBD6E	55.02	287	294
UniRef90_UPI00046B6209	57.19	287	295
UniRef90_G1M0K6	55.71	287	305
UniRef90_H0VZX4	56.83	287	295
UniRef90_L7MZP9	57.76	287	297
UniRef90_UPI000333849B	55.76	287	294
UniRef90_H0Z1U3	54.83	287	296
UniRef90_UPI00052E9783	58.16	287	289
UniRef90_L8YD91	57.19	287	294
UniRef90_UPI00062A9186	55.33	287	333
UniRef90_E1BAC7	54.48	287	309
UniRef90_A0A091CX32	54.83	287	294
UniRef90_A0A099Z1X6	54.96	287	294
UniRef90_UPI000328AA47	55.17	287	295
UniRef90_M3X0R7	53.79	287	296
UniRef90_A0A091GHS6	56.47	287	296
UniRef90_H0XKV3	53.63	287	295
UniRef90_UPI00045DDC95	59.17	287	265
UniRef90_UPI000383448C	54.68	287	296
UniRef90_Q8JG30	53.36	287	296
UniRef90_Q5EAW0	55.64	287	303
UniRef90_A0A091T6M9	53.85	287	296
UniRef90_M7BAF2	57.19	287	295
UniRef90_Q28HS2	54.91	287	303
UniRef90_K7ETR3	98.14	287	176
UniRef90_UPI00022F64A8	55.44	287	303
UniRef90_V8NMA9	56.69	287	296
UniRef90_UPI0003317DC4	56.70	287	296
UniRef90_H9GRX2	55.60	287	295
UniRef90_UPI0003C4BFA3	54.55	287	296
UniRef90_UPI0004D04C38	74.37	287	210
UniRef90_UPI0003C2ABE2	56.47	287	296
UniRef90_UPI00063F9C58	54.68	287	295
UniRef90_UPI0003C91EDD	56.47	287	294
UniRef90_I3MWT7	55.44	287	298
UniRef90_A0A0B8RWX4	56.32	287	295
UniRef90_G5AYB8	52.76	287	295
UniRef90_UPI00038E9A0A	55.76	287	296
UniRef90_Q3T0Y3	55.76	287	296
UniRef90_UPI000328F1F3	54.83	287	296
UniRef90_UPI0003EBFAEC	62.78	287	311
UniRef90_O43704	55.76	287	296
UniRef90_UPI00052A0FED	52.92	287	296
UniRef90_UPI0003955189	55.04	287	296
UniRef90_A0A0A0A9F7	54.68	287	296
UniRef90_UPI000462811D	55.12	287	296
UniRef90_K7FD14	54.42	287	295
UniRef90_UPI0003C28923	56.47	287	296
UniRef90_UPI0004438C07	55.40	287	296
UniRef90_Q95JD5	55.76	287	296
UniRef90_UPI0006B1BE63	52.75	287	326
UniRef90_UPI0006514EC6	55.40	287	300
UniRef90_UPI000292AC97	52.94	287	294
UniRef90_F7I9I4	55.76	287	297
UniRef90_F1NMA3	54.68	287	296
UniRef90_A0A093RY87	53.96	287	296
UniRef90_A0A091GEC8	54.68	287	296
UniRef90_UPI00045DC023	54.48	287	296
UniRef90_UPI000350FB22	52.23	287	296
UniRef90_G1PLP7	56.83	287	296
UniRef90_A0A091IV94	54.32	287	296
UniRef90_UPI0005D077F7	52.48	287	295
UniRef90_UPI0001795E1D	55.04	287	296
UniRef90_L8I9E7	50.84	287	306
UniRef90_UPI0005229277	51.38	287	296
UniRef90_UPI0003F08643	54.86	287	296
UniRef90_UPI00038721EB	54.68	287	296
UniRef90_A0A093FU83	54.32	287	296
UniRef90_UPI0006B2225A	56.99	287	276
UniRef90_UPI0006B0CD9F	53.19	287	549
UniRef90_UPI0006B0CD9F	58.09	287	549
UniRef90_UPI0003C88DA4	51.89	287	296
UniRef90_I3LFY6	55.04	287	296
UniRef90_UPI000333F340	52.35	287	302
UniRef90_H0VH75	53.21	287	302
UniRef90_M3W895	54.64	287	300
UniRef90_I3MKP4	52.88	287	295
UniRef90_A0A091ICT8	51.38	287	296
UniRef90_I3LXE5	54.32	287	294
UniRef90_M7AL67	58.92	287	257
UniRef90_R0K9P5	50.66	287	302
UniRef90_F6XVR0	53.43	287	295
UniRef90_UPI000332ED74	53.07	287	295
UniRef90_I3L648	51.61	287	298
UniRef90_F7GN42	50.36	287	295
UniRef90_UPI0004ED3FD1	51.93	287	299
UniRef90_UPI0000F63BFB	52.71	287	295
UniRef90_E1BIS9	54.29	287	304
UniRef90_A0A093PUH0	53.56	287	267
UniRef90_Q9QWG7	51.90	287	299
UniRef90_A0A0H2UI00	51.72	287	309
UniRef90_L9KYZ4	51.99	287	295
UniRef90_F7I9K5	50.18	287	295
UniRef90_UPI0006514822	52.52	287	295
UniRef90_G3TJT1	53.57	287	295
UniRef90_UPI00033395BB	51.79	287	295
UniRef90_UPI00045D6470	52.71	287	295
UniRef90_Q68EV4	52.61	287	276
UniRef90_UPI00038BCA38	53.24	287	298
UniRef90_UPI0003F06856	52.35	287	295
UniRef90_UPI0002C47419	52.63	287	295
UniRef90_UPI000333CF5F	53.21	287	304
UniRef90_UPI00034F3E3D	52.82	287	302
UniRef90_A0A091X4X6	53.15	287	303
UniRef90_UPI0004433B9F	51.39	287	306
UniRef90_UPI0004D06232	51.99	287	295
UniRef90_F7EIN0	57.37	287	565
UniRef90_F7EIN0	54.09	287	565
UniRef90_I3N6G9	52.16	287	298
UniRef90_UPI00018BD488	53.60	287	296
UniRef90_UPI000333418B	51.62	287	295
UniRef90_UPI00068293D7	53.00	287	595
UniRef90_UPI00068293D7	57.14	287	595
UniRef90_UPI00022B52A1	52.50	287	304
UniRef90_UPI0003F17DA1	53.24	287	296
UniRef90_Q6P8G4	50.54	287	287
UniRef90_P50227	51.99	287	295
UniRef90_F7EIS0	51.80	287	311
UniRef90_UPI00064381C7	54.04	287	306
UniRef90_UPI0002C42B24	52.76	287	294
UniRef90_G3VMS6	52.50	287	304
UniRef90_Q29476	51.26	287	295
UniRef90_UPI0003F14ECF	51.62	287	295
UniRef90_UPI0003F0E4D2	52.61	287	352
UniRef90_UPI00038C37E8	51.76	287	295
UniRef90_A0A0A0AE09	52.48	287	307
UniRef90_F7DLW5	52.54	287	294
UniRef90_Q6GP49	51.04	287	297
UniRef90_G1SFL7	50.71	287	295
UniRef90_UPI0003344F8D	51.07	287	295
UniRef90_UPI0003292CDA	50.87	287	311
UniRef90_G3WCK6	52.71	287	296
UniRef90_A0A091FXQ6	51.58	287	307
UniRef90_UPI0003872153	55.97	287	312
UniRef90_UPI000533E2F1	50.00	287	295
UniRef90_F7BFM2	52.86	287	299
UniRef90_UPI00038C0228	48.78	287	296
UniRef90_UPI00052A127C	51.94	287	307
UniRef90_M3X2S6	52.50	287	304
UniRef90_G1MA44	50.71	287	306
UniRef90_UPI00046B52E8	50.00	287	293
UniRef90_UPI0003333569	48.08	287	296
UniRef90_Q80VR3	52.33	287	304
UniRef90_UPI00018A8FDC	51.99	287	295
UniRef90_UPI00046B2A4B	50.18	287	293
UniRef90_UPI0004ED6F74	48.10	287	296
UniRef90_M3YML5	50.90	287	295
UniRef90_K7FWK5	52.30	287	307
UniRef90_H0XE11	50.54	287	293
UniRef90_K7FS42	50.36	287	309
UniRef90_M3WW93	50.00	287	295
UniRef90_Q9WUW8	48.43	287	296
UniRef90_A9JTJ7	51.60	287	294
UniRef90_P0DMM9	49.64	287	295
UniRef90_G3VY69	53.02	287	296
UniRef90_I3N2R8	52.33	287	304
UniRef90_UPI00063F1D03	51.25	287	308
UniRef90_G1LIW0	51.25	287	304
UniRef90_Q9D939	48.78	287	296
UniRef90_F7CY11	50.71	287	303
UniRef90_UPI0003ACB1ED	57.02	287	278
UniRef90_H2QII1	52.65	287	304
UniRef90_UPI0002742FB3	53.00	287	366
UniRef90_UPI000697784A	50.00	287	299
UniRef90_UPI000523BE14	50.18	287	307
UniRef90_F7F0U2	48.81	287	311
UniRef90_Q95JC5	50.54	287	295
UniRef90_P52847	53.60	287	299
UniRef90_Q95JC6	50.72	287	296
UniRef90_H9GC40	48.40	287	300
UniRef90_UPI00020E2F3A	53.00	287	442
UniRef90_UPI0003318497	50.36	287	295
UniRef90_UPI000328AF0E	48.93	287	370
UniRef90_S9YE93	50.36	287	295
UniRef90_A0A087QVZ4	50.71	287	307
UniRef90_UPI0006988598	50.90	287	303
UniRef90_UPI000626764A	48.93	287	295
UniRef90_UPI000528DF8B	50.35	287	307
UniRef90_G3T426	47.06	287	296
UniRef90_UPI00052269B5	51.22	287	307
UniRef90_UPI0003C8DFFF	47.75	287	296
UniRef90_UPI00064E4DD3	47.22	287	294
UniRef90_UPI00053F2A71	51.05	287	304
UniRef90_Q7SZ93	49.66	287	294
UniRef90_H0ZHC5	51.97	287	304
UniRef90_A0A091I2S1	50.35	287	307
UniRef90_H0X9C0	47.75	287	296
UniRef90_UPI00045E4CE4	50.18	287	302
UniRef90_UPI00044196B1	50.90	287	304
UniRef90_UPI0003ABB6C0	50.00	287	388
UniRef90_A0A091K1T6	50.71	287	307
UniRef90_A0A091M6P2	50.88	287	306
UniRef90_F6YH14	51.08	287	306
UniRef90_A0A091VNG6	51.06	287	303
UniRef90_UPI0002C65FDD	49.66	287	357
UniRef90_UPI0004D077F3	50.88	287	304
UniRef90_F6Z6L2	51.62	287	304
UniRef90_I3LC84	50.90	287	310
UniRef90_A0A093BIU3	51.06	287	307
UniRef90_E2RAK5	50.90	287	304
UniRef90_E2RAL3	47.92	287	334
UniRef90_UPI000703E9CA	57.76	287	236
UniRef90_UPI0003C8CD60	50.00	287	292
UniRef90_UPI0003347621	50.90	287	302
UniRef90_A0A099Z5Z0	51.24	287	307
UniRef90_L5KJJ6	50.36	287	295
UniRef90_H2ZXY7	50.00	287	308
UniRef90_G3VKJ9	50.00	287	295
UniRef90_UPI00033462BB	47.04	287	298
UniRef90_G1P069	52.35	287	295
UniRef90_UPI0006B0FF25	52.71	287	325
UniRef90_H9GTY2	48.62	287	314
UniRef90_F6WXQ1	48.10	287	296
UniRef90_A0A093H087	49.12	287	307
UniRef90_A0A091QN66	50.35	287	307
UniRef90_H3ALD9	50.00	287	309
UniRef90_UPI0003315419	50.36	287	389
UniRef90_L5L587	50.90	287	302
UniRef90_UPI00064A00ED	47.12	287	310
UniRef90_A0A093Q5M0	49.65	287	305
UniRef90_G3IHW6	48.56	287	299
UniRef90_UPI0003340B88	49.82	287	294
UniRef90_UPI000441FC92	50.36	287	306
UniRef90_UPI00046B3A1E	47.06	287	296
UniRef90_G1QDB1	50.90	287	298
UniRef90_O75897	50.54	287	302
UniRef90_O00338	47.40	287	296
UniRef90_A5D8P4	48.61	287	308
UniRef90_UPI0004ED21C0	51.80	287	295
UniRef90_UPI000328929B	46.71	287	297
UniRef90_H3AEG8	49.28	287	310
UniRef90_UPI0003F131C3	50.89	287	302
UniRef90_UPI0006525239	49.29	287	304
UniRef90_E2RAM9	50.18	287	303
UniRef90_UPI0006258058	49.82	287	304
UniRef90_UPI000214A659	50.36	287	302
UniRef90_UPI0005405B75	45.28	287	314
UniRef90_Q6IMI6	51.25	287	304
UniRef90_Q90WR6	50.71	287	307
UniRef90_UPI0006B14333	51.08	287	305
UniRef90_G3VD24	50.00	287	293
UniRef90_D2I530	46.69	287	310
UniRef90_M3XI58	48.56	287	296
UniRef90_H0X9B6	49.10	287	297
UniRef90_UPI0006B097A4	46.26	287	307
UniRef90_F7HQJ3	52.63	287	304
UniRef90_G3SYH7	48.44	287	295
UniRef90_A0A093BPV5	49.65	287	307
UniRef90_G3VL95	50.18	287	302
UniRef90_UPI00053CDAB0	50.90	287	409
UniRef90_H3AGP9	48.56	287	314
UniRef90_U3JLS0	50.00	287	339
UniRef90_UPI0003F0E805	50.54	287	300
UniRef90_UPI0002C62B7C	49.12	287	306
UniRef90_UPI0004D09254	49.82	287	297
UniRef90_H3A5C6	50.75	287	306
UniRef90_F1MBP4	47.48	287	295
UniRef90_P17988	53.07	287	291
UniRef90_UPI0003F18D09	49.82	287	301
UniRef90_UPI0004ED5159	51.26	287	297
UniRef90_A0A091NMK7	53.44	287	261
UniRef90_UPI00042C38CF	49.09	287	298
UniRef90_UPI00052911F9	49.29	287	307
UniRef90_UPI00057AB87D	45.54	287	310
UniRef90_H0XJW0	49.29	287	304
UniRef90_UPI0005F48076	46.22	287	342
UniRef90_A0A093GA21	49.65	287	307
UniRef90_A0A0D9RWV2	51.50	287	304
UniRef90_F6WZG9	50.18	287	303
UniRef90_H0VY38	47.39	287	300
UniRef90_UPI00038EECF4	49.45	287	294
UniRef90_UPI0005239DF6	50.18	287	392
UniRef90_UPI0003C2AF8F	47.72	287	305
UniRef90_H2P5B8	49.47	287	304
UniRef90_UPI00063F8517	49.29	287	302
UniRef90_UPI000333D937	48.74	287	393
UniRef90_UPI0003316C23	78.24	287	225
UniRef90_UPI0003316C23	56.92	287	225
UniRef90_UPI00057AAE04	51.26	287	273
UniRef90_U6CYW9	81.53	287	158
UniRef90_M3WST3	49.10	287	303
UniRef90_UPI00046B2D15	50.18	287	304
UniRef90_A0A091Q8B6	51.06	287	307
UniRef90_G1T4X4	48.01	287	298
UniRef90_UPI00042AA710	51.99	287	294
UniRef90_M3YH83	48.11	287	303
UniRef90_O46503	46.62	287	296
UniRef90_UPI0002C63CB9	45.67	287	307
UniRef90_UPI00027F7A96	48.76	287	304
UniRef90_F6QZ74	49.29	287	302
UniRef90_L9LBV9	48.74	287	297
UniRef90_Q6IMI6-2	49.82	287	304
UniRef90_W5NPI2	47.12	287	335
UniRef90_I3LXJ8	47.59	287	296
UniRef90_H3A294	48.77	287	307
UniRef90_UPI0003317E8F	48.38	287	297
UniRef90_UPI0003C827F5	48.36	287	298
UniRef90_UPI0004F42C9C	49.12	287	294
UniRef90_W5NPT4	48.75	287	305
UniRef90_UPI00046B5D7C	49.10	287	297
UniRef90_H9GB94	48.06	287	306
UniRef90_UPI0003C28EB9	46.55	287	306
UniRef90_UPI0003F06689	55.92	287	284
UniRef90_UPI0003C8A76A	43.95	287	321
UniRef90_G5CB87	46.44	287	415
UniRef90_G3IJZ4	51.62	287	295
UniRef90_UPI00046B4A27	50.18	287	346
UniRef90_UPI0002C32795	49.47	287	383
UniRef90_UPI0002C32795	42.06	287	383
UniRef90_UPI000398F305	47.72	287	307
UniRef90_UPI00062B5247	48.36	287	488
UniRef90_M7B9S3	51.75	287	289
UniRef90_UPI0004443792	47.20	287	298
UniRef90_M3ZAP9	47.86	287	302
UniRef90_UPI00064464CF	45.10	287	313
UniRef90_UPI0005236D53	54.96	287	246
UniRef90_H9GBM0	48.03	287	304
UniRef90_Q6Y0X5	49.30	287	295
UniRef90_A0A099YY44	53.91	287	247
UniRef90_UPI00045D6716	49.45	287	382
UniRef90_UPI000650D5C4	48.75	287	301
UniRef90_A4IH93	48.61	287	308
UniRef90_UPI0006B1628B	46.90	287	307
UniRef90_V9L1W0	46.62	287	296
UniRef90_A0A061IJP0	48.94	287	278
UniRef90_U3IMT9	48.76	287	308
UniRef90_UPI0004F0BB3C	47.86	287	302
UniRef90_H9GB79	50.38	287	286
UniRef90_I3L9A0	48.48	287	268
UniRef90_UPI00033406A3	46.76	287	294
UniRef90_Q6DJ68	44.80	287	304
UniRef90_UPI00067BC9D9	51.99	287	301
UniRef90_UPI00045E26DE	48.38	287	302
UniRef90_UPI0003C8456C	48.00	287	458
UniRef90_L7MZN9	46.95	287	302
UniRef90_G3VD60	46.91	287	315
UniRef90_G1PM88	48.56	287	302
UniRef90_G5BRC6	48.38	287	295
UniRef90_L7MZP4	47.45	287	277
UniRef90_L8IYP9	44.48	287	316
UniRef90_L9LEH1	48.33	287	325
UniRef90_UPI000328CC26	47.65	287	302
UniRef90_Q49IK6	45.91	287	293
UniRef90_P52840	50.54	287	291
UniRef90_G3U911	52.08	287	295
UniRef90_G3S6H3	49.29	287	294
UniRef90_UPI0003288D42	49.44	287	304
UniRef90_UPI00051F0CED	57.40	287	230
UniRef90_UPI0003D0B26C	46.86	287	304
UniRef90_M3YEK6	50.00	287	300
UniRef90_Q6DJL6	46.81	287	287
UniRef90_UPI0004F0B40C	52.24	287	251
UniRef90_UPI00042AD012	74.85	287	241
UniRef90_UPI000441AA07	46.24	287	305
UniRef90_Q5HZV7	44.48	287	287
UniRef90_H0UTQ1	45.39	287	297
UniRef90_UPI0006442D64	45.16	287	293
UniRef90_UPI0005406301	49.12	287	308
UniRef90_F7ESN7	46.40	287	304
UniRef90_L7MZP3	45.88	287	304
UniRef90_I3K017	46.40	287	309
UniRef90_M3WGA0	45.33	287	296
UniRef90_G3QTP1	48.38	287	263
UniRef90_UPI0006B30E15	44.96	287	309
UniRef90_UPI0003D07FE2	48.06	287	302
UniRef90_UPI00045DA48C	46.62	287	296
UniRef90_UPI0006445BCD	49.80	287	317
UniRef90_Q5U5E7	46.76	287	304
UniRef90_UPI0005FBD9A6	48.74	287	253
UniRef90_H9GQ03	45.55	287	281
UniRef90_UPI0003D0E61E	44.85	287	316
UniRef90_UPI000203A1DF	46.40	287	297
UniRef90_Q6GL93	45.80	287	299
UniRef90_UPI00042AF75F	51.53	287	301
UniRef90_A8E5Z0	48.68	287	304
UniRef90_UPI000203A188	45.71	287	304
UniRef90_UPI00046B0DAC	47.14	287	292
UniRef90_I3KKX0	47.60	287	296
UniRef90_V8PCF0	46.45	287	668
UniRef90_V8PCF0	45.82	287	668
UniRef90_F6SH02	44.67	287	307
UniRef90_B5X695	46.69	287	291
UniRef90_A0A091ES12	47.84	287	279
UniRef90_Q66KW4	46.40	287	305
UniRef90_UPI0003AF43CC	46.04	287	309
UniRef90_UPI0005F43D30	50.41	287	258
UniRef90_C1BIS8	46.71	287	291
UniRef90_UPI00062643DC	48.56	287	266
UniRef90_G3VZM1	47.74	287	301
UniRef90_B0R136	47.31	287	300
UniRef90_UPI0006B3B0D7	45.52	287	299
UniRef90_C3KID8	45.32	287	309
UniRef90_UPI0005F3F55D	43.08	287	347
UniRef90_UPI0006448CDD	45.39	287	333
UniRef90_C1BZE5	44.14	287	296
UniRef90_UPI000495F78B	45.32	287	291
UniRef90_Q7ZYH0	46.04	287	304
UniRef90_UPI0004F0EA9A	52.23	287	278
UniRef90_Q4FZP1	44.68	287	302
UniRef90_UPI0006603591	49.62	287	290
UniRef90_A0A091XAV3	46.74	287	271
UniRef90_F6QKM7	42.86	287	305
UniRef90_S9YI58	51.03	287	265
UniRef90_F6RZY3	49.20	287	418
UniRef90_UPI000440B33B	46.59	287	299
UniRef90_UPI000661B960	45.67	287	345
UniRef90_UPI0005775F48	43.88	287	303
UniRef90_A0A0F8CHZ9	44.24	287	308
UniRef90_G1U5K3	59.50	287	212
UniRef90_I3KKW1	46.26	287	297
UniRef90_UPI000350976A	59.36	287	294
UniRef90_UPI00051E5FD9	57.04	287	294
UniRef90_A0A091VYR2	60.21	287	288
UniRef90_L5LBC8	56.21	287	356
UniRef90_A0A091QD83	57.60	287	287
UniRef90_UPI0003ABB6C0	49.47	287	388
UniRef90_A0A093ETS8	57.39	287	291
UniRef90_UPI000521531B	57.75	287	294
UniRef90_A0A093I6Y8	60.21	287	288
UniRef90_F6XVR0	51.94	287	295
UniRef90_H0Z1U3	54.83	287	296
UniRef90_F1NMA2	59.86	287	332
UniRef90_F7I9K5	50.18	287	295
UniRef90_UPI0006B6CBC8	57.14	287	433
UniRef90_UPI0004F136B8	59.01	287	656
UniRef90_UPI0004F136B8	56.80	287	656
UniRef90_UPI0004F136B8	49.45	287	656
UniRef90_UPI00062B5247	46.88	287	488
UniRef90_G1NDH6	59.36	287	307
UniRef90_G1Q365	55.17	287	298
UniRef90_UPI0006B0CD9F	51.90	287	549
UniRef90_UPI0006B0CD9F	50.93	287	549
UniRef90_UPI000529FDB4	58.12	287	282
UniRef90_I3LC84	49.83	287	310
UniRef90_UPI000333D937	48.56	287	393
UniRef90_K7G1J8	57.64	287	295
UniRef90_K7FS42	49.13	287	309
UniRef90_U3JVP0	56.10	287	294
UniRef90_UPI0003C26421	63.41	287	294
UniRef90_U3ISN5	55.48	287	291
UniRef90_UPI0003C2ABE2	54.51	287	296
UniRef90_UPI0006B82E33	57.84	287	714
UniRef90_UPI0006B82E33	54.48	287	714
UniRef90_R0KAW7	55.26	287	308
UniRef90_Q8JG30	52.08	287	296
UniRef90_UPI0003347621	49.48	287	302
UniRef90_P0DMM9	49.12	287	295
UniRef90_UPI00045DBD6E	55.17	287	294
UniRef90_F6YH14	50.00	287	306
UniRef90_UPI0003C29C8C	58.80	287	295
UniRef90_M7AZH5	57.44	287	295
UniRef90_UPI0003F06856	51.24	287	295
UniRef90_G1MA44	50.18	287	306
UniRef90_UPI000533E2F1	49.47	287	295
UniRef90_Q29476	50.18	287	295
UniRef90_UPI0003F14ECF	50.00	287	295
UniRef90_UPI00033395BB	50.88	287	295
UniRef90_S9YE93	49.47	287	295
UniRef90_UPI0003C8456C	47.65	287	458
UniRef90_H0X9B6	48.75	287	297
UniRef90_UPI000392D46E	55.83	287	294
UniRef90_UPI0003345CE5	57.44	287	295
UniRef90_UPI000333F340	51.24	287	302
UniRef90_A0A093G3V3	54.93	287	291
UniRef90_UPI0003955189	52.76	287	296
UniRef90_UPI00022B52A1	51.40	287	304
UniRef90_E2RAM9	49.12	287	303
UniRef90_H9GC40	48.06	287	300
UniRef90_UPI00046B6209	55.71	287	295
UniRef90_L9KYZ4	50.88	287	295
UniRef90_UPI000328AA47	55.17	287	295
UniRef90_UPI0003334305	56.21	287	295
UniRef90_M3WW93	49.47	287	295
UniRef90_UPI000328AF0E	48.41	287	370
UniRef90_M3YH83	48.11	287	303
UniRef90_E1BIS9	53.12	287	304
UniRef90_UPI0003C28923	54.14	287	296
UniRef90_UPI0004D06232	50.88	287	295
UniRef90_UPI0004D09254	48.45	287	297
UniRef90_P49888	98.62	287	294
UniRef90_A0A091KCN7	57.04	287	287
UniRef90_UPI0002C47419	52.63	287	295
UniRef90_L8YD91	55.99	287	294
UniRef90_A0A091ICT8	51.03	287	296
UniRef90_H0VH75	53.21	287	302
UniRef90_UPI0003C4BFA3	53.45	287	296
UniRef90_UPI00033155BA	56.55	287	295
UniRef90_UPI0004F0CE57	58.39	287	296
UniRef90_M3YEP8	56.55	287	295
UniRef90_UPI000549AD7B	59.36	287	673
UniRef90_UPI000549AD7B	50.35	287	673
UniRef90_F7GN42	50.18	287	295
UniRef90_UPI000332ED74	50.87	287	295
UniRef90_A0A091RES3	57.04	287	291
UniRef90_M3YML5	49.82	287	295
UniRef90_UPI000523BF50	56.60	287	724
UniRef90_UPI000523BF50	52.07	287	724
UniRef90_UPI000523BF50	45.21	287	724
UniRef90_M3YEK5	78.20	287	299
UniRef90_UPI0003318497	49.82	287	295
UniRef90_UPI0004433B9F	51.39	287	306
UniRef90_UPI0003315419	49.82	287	389
UniRef90_E2RAL3	48.25	287	334
UniRef90_L9LBV9	47.75	287	297
UniRef90_F6WZG9	48.79	287	303
UniRef90_UPI0004ED6F74	48.10	287	296
UniRef90_A0A093FU83	52.07	287	296
UniRef90_UPI00045D6470	51.24	287	295
UniRef90_UPI00046B5D7C	48.06	287	297
UniRef90_UPI000350FB22	51.72	287	296
UniRef90_UPI0006514822	51.59	287	295
UniRef90_UPI0000F63BFB	51.59	287	295
UniRef90_UPI0003344F8D	50.53	287	295
UniRef90_F7BFM2	51.74	287	299
UniRef90_A0A091GHS6	54.14	287	296
UniRef90_UPI0003F10D0D	56.69	287	295
UniRef90_G3SYH7	48.44	287	295
UniRef90_UPI00018A8FDC	50.53	287	295
UniRef90_UPI0003C827F5	48.36	287	298
UniRef90_Q3UZZ6	55.86	287	295
UniRef90_H0XE11	49.47	287	293
UniRef90_UPI00064381C7	52.48	287	306
UniRef90_P50227	50.88	287	295
UniRef90_F6Z6L2	51.25	287	304
UniRef90_UPI000697784A	49.65	287	299
UniRef90_F1NMA3	52.80	287	296
UniRef90_A0A091IV94	52.41	287	296
UniRef90_UPI000333418B	50.53	287	295
UniRef90_G3TJT1	52.65	287	295
UniRef90_UPI000328929B	46.71	287	297
UniRef90_H0VZX4	55.63	287	295
UniRef90_UPI0004D0898C	56.38	287	295
UniRef90_UPI00045E4CE4	49.82	287	302
UniRef90_F6WXQ1	48.10	287	296
UniRef90_UPI00046B2A4B	48.76	287	293
UniRef90_UPI00042C38CF	47.57	287	298
UniRef90_K7FRK1	60.64	287	294
UniRef90_UPI000333CF5F	52.65	287	304
UniRef90_A0A0A0A688	60.23	287	267
UniRef90_A0A0A0AE09	51.20	287	307
UniRef90_UPI00038C0228	48.44	287	296
UniRef90_G1SFL7	49.82	287	295
UniRef90_UPI000328CC26	47.31	287	302
UniRef90_UPI0003F0E805	49.47	287	300
UniRef90_UPI00063F8517	49.29	287	302
UniRef90_M7BAF2	55.36	287	295
UniRef90_I3N2R8	51.04	287	304
UniRef90_UPI0003317E8F	47.35	287	297
UniRef90_UPI0003C91878	82.29	287	294
UniRef90_UPI0003333569	47.75	287	296
UniRef90_Q9WUW8	48.43	287	296
UniRef90_A0A093RY87	51.72	287	296
UniRef90_UPI000443920F	56.21	287	295
UniRef90_A0A061IM50	56.55	287	351
UniRef90_A0A091GEC8	52.41	287	296
UniRef90_K7FD14	53.29	287	295
UniRef90_UPI00034F3E3D	52.82	287	302
UniRef90_UPI0003F18D09	49.46	287	301
UniRef90_G3WCK6	51.59	287	296
UniRef90_A0A091H3G7	55.96	287	281
UniRef90_UPI0006508185	57.04	287	295
UniRef90_UPI00045E26DE	48.03	287	302
UniRef90_I3N6G9	51.24	287	298
UniRef90_UPI0003F15424	80.90	287	296
UniRef90_G1PM88	47.54	287	302
UniRef90_UPI0004ED3597	56.34	287	295
UniRef90_G1M0K6	55.36	287	305
UniRef90_L5L587	50.54	287	302
UniRef90_UPI000462811D	53.45	287	296
UniRef90_UPI00038721EB	53.17	287	296
UniRef90_I3MKP4	51.76	287	295
UniRef90_F1Q1N2	81.88	287	295
UniRef90_UPI000333849B	54.77	287	294
UniRef90_M3WST3	48.06	287	303
UniRef90_UPI00032AD7C4	57.04	287	294
UniRef90_UPI00046B52E8	49.47	287	293
UniRef90_H0ZHC5	50.00	287	304
UniRef90_Q9D939	48.44	287	296
UniRef90_UPI0003C8DFFF	47.75	287	296
UniRef90_UPI00068293D7	52.10	287	595
UniRef90_UPI00068293D7	54.23	287	595
UniRef90_M3X0R7	53.79	287	296
UniRef90_O00338	47.40	287	296
UniRef90_A0A091T6M9	53.10	287	296
UniRef90_A0A094LEX3	56.94	287	291
UniRef90_A0A091FXQ6	51.22	287	307
UniRef90_UPI00045D6716	49.10	287	382
UniRef90_Q80VR3	51.04	287	304
UniRef90_UPI0001CE2362	56.18	287	295
UniRef90_G1LIW0	50.00	287	304
UniRef90_A0A091M6P2	50.52	287	306
UniRef90_H0XKV3	53.63	287	295
UniRef90_K7FWK5	51.58	287	307
UniRef90_G3IHW6	48.56	287	299
UniRef90_W5NPT4	48.57	287	305
UniRef90_A0A0A0A9F7	52.41	287	296
UniRef90_A0A099Z5Z0	50.17	287	307
UniRef90_A0A091QN66	49.14	287	307
UniRef90_UPI000528DF8B	48.80	287	307
UniRef90_P49887	80.90	287	296
UniRef90_UPI00052A0FED	52.08	287	296
UniRef90_UPI00052A127C	50.00	287	307
UniRef90_UPI0004443792	47.20	287	298
UniRef90_UPI00020E2F3A	52.48	287	442
UniRef90_UPI00046B3A1E	47.06	287	296
UniRef90_F7E232	56.40	287	317
UniRef90_E1BAC7	54.48	287	309
UniRef90_G1T4X4	46.74	287	298
UniRef90_A0A087QVZ4	49.83	287	307
UniRef90_F7F0U2	47.83	287	311
UniRef90_A0A091K1T6	50.35	287	307
UniRef90_UPI00046B1814	84.78	287	295
UniRef90_G3VMS6	51.21	287	304
UniRef90_UPI00057AB87D	45.54	287	310
UniRef90_O75897	50.36	287	302
UniRef90_UPI00033462BB	47.20	287	298
UniRef90_G1SN19	80.28	287	295
UniRef90_UPI0003340B88	48.76	287	294
UniRef90_A0A099Z1X6	54.77	287	294
UniRef90_H0X9C0	47.75	287	296
UniRef90_G3VS86	57.04	287	298
UniRef90_G3T426	47.06	287	296
UniRef90_UPI00063F1D03	50.70	287	308
UniRef90_F1MBP4	46.64	287	295
UniRef90_Q95JD5	53.45	287	296
UniRef90_I3MWT7	54.61	287	298
UniRef90_R0K9P5	50.00	287	302
UniRef90_G3VWP3	58.10	287	295
UniRef90_M3X2S6	51.05	287	304
UniRef90_D2I530	45.70	287	310
UniRef90_UPI0005229277	51.03	287	296
UniRef90_UPI000383448C	52.41	287	296
UniRef90_A0A093GA21	48.78	287	307
UniRef90_E2RAK5	50.90	287	304
UniRef90_V8NMA9	55.52	287	296
UniRef90_U3JLS0	49.47	287	339
UniRef90_S7P0K7	79.86	287	295
UniRef90_UPI0003C91EDD	54.14	287	294
UniRef90_O46503	46.29	287	296
UniRef90_A0A091CX32	54.83	287	294
UniRef90_G3T5G3	77.43	287	296
UniRef90_F7CY11	50.18	287	303
UniRef90_A0A093BIU3	49.83	287	307
UniRef90_G3VL95	48.44	287	302
UniRef90_Q95JC5	49.47	287	295
UniRef90_A0A091VNG6	50.17	287	303
UniRef90_UPI00063F9C58	52.94	287	295
UniRef90_UPI000398F305	47.39	287	307
UniRef90_UPI000329317A	76.22	287	292
UniRef90_F6SQA7	79.17	287	296
UniRef90_UPI00064E4DD3	47.22	287	294
UniRef90_UPI0003292CDA	50.87	287	311
UniRef90_Q90WR6	49.83	287	307
UniRef90_U3IMT9	47.40	287	308
UniRef90_A0A091CY12	77.78	287	295
UniRef90_UPI0003C2AF8F	47.72	287	305
UniRef90_UPI0002742FB3	52.48	287	366
UniRef90_L5KJJ6	49.82	287	295
UniRef90_A0A093Q5M0	48.78	287	305
UniRef90_UPI00038EECF4	48.06	287	294
UniRef90_I3L648	51.25	287	298
UniRef90_UPI00053F2A71	50.35	287	304
UniRef90_A0A093H087	48.11	287	307
UniRef90_UPI00045DC023	53.45	287	296
UniRef90_UPI00022F64A8	54.48	287	303
UniRef90_UPI0005F48076	45.71	287	342
UniRef90_Q3T0Y3	53.45	287	296
UniRef90_G1PLP7	55.63	287	296
UniRef90_UPI00065006A3	77.70	287	293
UniRef90_UPI0003C8A76A	43.95	287	321
UniRef90_Q6Y0X5	49.30	287	295
UniRef90_UPI00033406A3	45.94	287	294
UniRef90_G1P069	50.88	287	295
UniRef90_UPI00054012BE	45.04	287	446
UniRef90_UPI0004ED5159	49.82	287	297
UniRef90_UPI00044467C5	74.91	287	295
UniRef90_UPI000328F1F3	53.79	287	296
UniRef90_UPI0003317DC4	56.21	287	296
UniRef90_F7I9I4	53.79	287	297
UniRef90_UPI000523BE14	49.83	287	307
UniRef90_UPI00044196B1	49.65	287	304
UniRef90_G1M0N2	78.77	287	300
UniRef90_G5AYB8	52.76	287	295
UniRef90_O43704	53.45	287	296
UniRef90_UPI00064A00ED	45.67	287	310
UniRef90_L7MZP9	56.54	287	297
UniRef90_UPI00064374DD	77.16	287	296
UniRef90_UPI0004ED0966	79.24	287	295
UniRef90_Q6GP49	51.04	287	297
UniRef90_UPI00038C37E8	51.41	287	295
UniRef90_A0A091I2S1	49.48	287	307
UniRef90_H3AGP9	47.54	287	314
UniRef90_UPI0002C63CB9	45.67	287	307
UniRef90_H3AEG8	47.92	287	310
UniRef90_M3W895	53.50	287	300
UniRef90_I3LFY6	52.76	287	296
UniRef90_UPI0006525239	48.76	287	304
UniRef90_A0A0B8RWX4	54.77	287	295
UniRef90_W5NPI2	46.29	287	335
UniRef90_UPI0005405B75	44.30	287	314
UniRef90_UPI0001795E1D	53.87	287	296
UniRef90_M3XI58	47.54	287	296
UniRef90_G5CB88	42.11	287	559
UniRef90_UPI000626764A	48.41	287	295
UniRef90_UPI0002C32795	49.12	287	383
UniRef90_UPI0002C32795	51.95	287	383
UniRef90_UPI00052911F9	48.77	287	307
UniRef90_Q9QWG7	51.90	287	299
UniRef90_UPI0002C630F2	77.43	287	296
UniRef90_H0UTQ1	44.91	287	297
UniRef90_K7E9W5	62.63	287	324
UniRef90_M7B9S3	47.40	287	289
UniRef90_Q95MF8	76.74	287	295
UniRef90_A9JTJ7	51.06	287	294
UniRef90_UPI0006514EC6	53.10	287	300
UniRef90_UPI000334757C	79.51	287	294
UniRef90_L9LEH1	47.57	287	325
UniRef90_UPI0004D051A7	76.74	287	296
UniRef90_G5CB87	46.13	287	415
UniRef90_UPI00038BCA95	78.72	287	295
UniRef90_G3VY69	51.38	287	296
UniRef90_A4IH93	48.61	287	308
UniRef90_UPI00052269B5	49.66	287	307
UniRef90_UPI0003F131C3	50.54	287	302
UniRef90_A0A091X4X6	50.00	287	303
UniRef90_I3LXJ8	47.42	287	296
UniRef90_H9GTY2	48.62	287	314
UniRef90_H0VY38	47.04	287	300
UniRef90_UPI0003C8712D	70.14	287	296
UniRef90_L8IYP9	43.85	287	316
UniRef90_UPI00033310AE	76.04	287	295
UniRef90_UPI00038E9A0A	54.58	287	296
UniRef90_UPI00062A9186	55.36	287	333
UniRef90_UPI0006B1BE63	50.31	287	326
UniRef90_UPI000441FC92	48.79	287	306
UniRef90_Q5EAW0	55.23	287	303
UniRef90_A0A093BPV5	48.78	287	307
UniRef90_UPI00018BD488	52.46	287	296
UniRef90_UPI00042AA710	50.52	287	294
UniRef90_UPI0003F08643	53.82	287	296
UniRef90_H0WN06	76.90	287	296
UniRef90_L8I9E7	50.66	287	306
UniRef90_H9GRX2	54.42	287	295
UniRef90_UPI0003C88DA4	51.89	287	296
UniRef90_H2QII1	52.69	287	304
UniRef90_P17988	51.59	287	291
UniRef90_Q6P8G4	49.47	287	287
UniRef90_UPI000214A659	49.47	287	302
UniRef90_UPI00064464CF	45.10	287	313
UniRef90_F7EIN0	52.76	287	565
UniRef90_F7EIN0	55.86	287	565
UniRef90_UPI0004438C07	53.10	287	296
UniRef90_UPI0003F0E4D2	52.61	287	352
UniRef90_UPI00046B4A27	50.72	287	346
UniRef90_H9GBM0	47.67	287	304
UniRef90_H2P5B8	49.46	287	304
UniRef90_Q28HS2	54.51	287	303
UniRef90_UPI0003F16219	70.14	287	294
UniRef90_F7EIS0	50.35	287	311
UniRef90_F6QZ74	49.11	287	302
UniRef90_UPI0003C8CD60	50.18	287	292
UniRef90_UPI0005F3F55D	42.68	287	347
UniRef90_F7DLW5	51.76	287	294
UniRef90_G3VD24	50.00	287	293
UniRef90_UPI00034FFFF9	75.35	287	296
UniRef90_UPI0004ED21C0	50.35	287	295
UniRef90_W5PJY1	71.63	287	296
UniRef90_UPI00042AD15B	71.63	287	304
UniRef90_UPI0003F17DA1	52.11	287	296
UniRef90_G3IJZ4	50.53	287	295
UniRef90_A5D8P4	48.61	287	308
UniRef90_UPI0004ED3FD1	51.93	287	299
UniRef90_H3ALD9	48.95	287	309
UniRef90_UPI00038BCA38	52.11	287	298
UniRef90_G3VD60	46.58	287	315
UniRef90_UPI000203A188	43.45	287	304
UniRef90_UPI000292AC97	52.94	287	294
UniRef90_UPI000441AA07	45.07	287	305
UniRef90_UPI0002C62B7C	48.78	287	306
UniRef90_I3LXE5	53.17	287	294
UniRef90_UPI00045D602F	71.03	287	297
UniRef90_Q6GL93	45.61	287	299
UniRef90_L7MZP3	45.55	287	304
UniRef90_UPI0006258058	49.82	287	304
UniRef90_UPI000333BB1C	70.82	287	297
UniRef90_M3WGA0	45.33	287	296
UniRef90_A0A091Q8B6	49.83	287	307
UniRef90_UPI00052E9783	57.75	287	289
UniRef90_UPI00045DA48C	46.13	287	296
UniRef90_G1QDB1	49.82	287	298
UniRef90_M3ZAP9	47.08	287	302
UniRef90_P52840	49.47	287	291
UniRef90_UPI0003C28EB9	45.55	287	306
UniRef90_UPI0006B2225A	56.99	287	276
UniRef90_P49891	77.16	287	295
UniRef90_G5BRC6	47.52	287	295
UniRef90_P19217	71.97	287	295
UniRef90_I3L9A0	48.48	287	268
UniRef90_G3VKJ9	49.82	287	295
UniRef90_UPI00067BC9D9	50.88	287	301
UniRef90_F6SH02	44.00	287	307
UniRef90_UPI0006B14333	50.18	287	305
UniRef90_Q6IMI6	50.35	287	304
UniRef90_UPI000650D5C4	47.52	287	301
UniRef90_UPI0003D0E61E	43.11	287	316
UniRef90_Q7SZ93	49.83	287	294
UniRef90_Q6DJ68	44.01	287	304
UniRef90_UPI0003288D42	47.31	287	304
UniRef90_UPI0004D077F3	50.54	287	304
UniRef90_H3A5C6	47.37	287	306
UniRef90_F7HQJ3	50.36	287	304
UniRef90_Q68EV4	51.65	287	276
UniRef90_P52847	51.72	287	299
UniRef90_F7ESN7	45.71	287	304
UniRef90_UPI0003F0D90D	70.14	287	294
UniRef90_A8E5Z0	46.07	287	304
UniRef90_UPI0006B097A4	45.14	287	307
UniRef90_P49889	72.32	287	295
UniRef90_UPI0005F43D30	50.41	287	258
UniRef90_UPI00046B2D15	50.54	287	304
UniRef90_H2ZXY7	49.64	287	308
UniRef90_H9GB94	48.06	287	306
UniRef90_UPI0004F4984F	90.66	287	292
UniRef90_Q66KW4	46.07	287	305
UniRef90_Q95JC6	49.31	287	296
UniRef90_UPI0004F0BB3C	47.69	287	302
UniRef90_UPI00046B0DAC	46.64	287	292
UniRef90_H0XJW0	49.28	287	304
UniRef90_W5UCX2	43.86	287	310
UniRef90_UPI000359ED8D	72.44	287	295
UniRef90_UPI0004625EB2	41.38	287	297
UniRef90_B5XDY6	43.79	287	296
UniRef90_V8PCF0	46.45	287	668
UniRef90_V8PCF0	45.49	287	668
UniRef90_H9GQ03	45.36	287	281
UniRef90_Q5U5E7	46.07	287	304
UniRef90_UPI000203A1DF	46.07	287	297
UniRef90_UPI00062643DC	48.56	287	266
UniRef90_UPI0006B30E15	44.01	287	309
UniRef90_UPI0006988598	50.90	287	303
UniRef90_UPI0004F42C9C	49.10	287	294
UniRef90_I3K017	45.42	287	309
UniRef90_A0A0F8CHZ9	43.31	287	308
UniRef90_UPI000441FCA0	44.37	287	304
UniRef90_L7MZN9	46.95	287	302
UniRef90_Q7ZUS4	44.83	287	301
UniRef90_UPI00042AF75F	49.63	287	301
UniRef90_UPI0006B1628B	46.90	287	307
UniRef90_UPI00064470B7	44.10	287	298
UniRef90_B5X695	46.34	287	291
UniRef90_A0A0H2UI00	55.43	287	309
UniRef90_K4FUP2	45.20	287	301
UniRef90_Q7ZYH0	45.36	287	304
UniRef90_C1BZE5	44.14	287	296
UniRef90_UPI0003AF43CC	45.07	287	309
UniRef90_A0A091NMK7	52.85	287	261
UniRef90_UPI0003872153	55.97	287	312
UniRef90_UPI000440B33B	45.77	287	299
UniRef90_A0FIP8	45.52	287	301
UniRef90_F1RD72	44.79	287	301
UniRef90_UPI00027F7A96	46.88	287	304
UniRef90_UPI0004F0EA9A	52.23	287	278
UniRef90_V9L1W0	46.62	287	296
UniRef90_H2NQJ4	44.52	287	272
UniRef90_C3KID8	44.37	287	309
UniRef90_UPI000661C9B9	43.79	287	296
UniRef90_H9GB79	48.90	287	286
UniRef90_M3YEK6	47.96	287	300
UniRef90_B0R136	45.86	287	300
UniRef90_UPI000440C73B	41.90	287	310
UniRef90_UPI0003332AA3	47.54	287	288
UniRef90_A0A091ES12	45.52	287	279
UniRef90_I3KKW7	45.17	287	293
UniRef90_M4ANA6	44.44	287	300
UniRef90_UPI0003D0B26C	45.68	287	304
UniRef90_I3JRJ4	45.52	287	293
UniRef90_UPI0002C42B24	52.76	287	294
UniRef90_UPI000440C21D	41.55	287	308
UniRef90_UPI0006448CDD	45.23	287	333
UniRef90_UPI0005D077F7	52.11	287	295
UniRef90_W5L5B8	45.07	287	298
UniRef90_UPI0006743D2A	43.55	287	324
UniRef90_A0A0D9RWV2	49.29	287	304
UniRef90_A0A093PUH0	53.18	287	267
UniRef90_UPI0005406301	49.12	287	308
UniRef90_I3KKW1	45.45	287	297
UniRef90_UPI000644255B	42.46	287	310
UniRef90_UPI000462D48D	45.20	287	638
UniRef90_UPI000462D48D	45.20	287	638
UniRef90_M7AL67	58.92	287	257
UniRef90_UPI0002C65FDD	49.66	287	357
UniRef90_W5L5C4	42.71	287	297
UniRef90_I3KKV3	44.67	287	312
UniRef90_UPI0004977C3E	44.72	287	307
UniRef90_UPI000674F05D	43.75	287	293
UniRef90_F6RZY3	48.43	287	418
UniRef90_UPI000495F78B	44.17	287	291
UniRef90_UPI0003ACB1ED	57.02	287	278
UniRef90_Q6DJL6	46.26	287	287
UniRef90_C1BIS8	45.99	287	291
UniRef90_UPI0006B76435	41.67	287	309
UniRef90_Q6IMI6-2	48.94	287	304
UniRef90_UPI0006447331	44.44	287	293
UniRef90_H2LNB6	43.75	287	315
UniRef90_UPI0006445BCD	49.20	287	317
UniRef90_Q5HZV7	44.48	287	287
UniRef90_UPI00057AAE04	50.53	287	273
UniRef90_B1PXA9	46.18	287	301
UniRef90_W5L5C0	44.01	287	300
UniRef90_UPI000462A891	44.70	287	274
UniRef90_UPI000496A92C	43.31	287	309
UniRef90_Q6DHH8	41.20	287	308
UniRef90_A0A099YY44	53.91	287	247
UniRef90_UPI00032B2346	44.67	287	300
UniRef90_H2SWK2	42.21	287	311
UniRef90_UPI0005775F48	42.81	287	303
UniRef90_Q6PH37	44.64	287	299
UniRef90_H3A294	48.08	287	307
UniRef90_UPI000577EC48	42.81	287	308
UniRef90_UPI0005236D53	54.96	287	246
UniRef90_A0A0E9XMN5	43.66	287	307
UniRef90_I3KKX0	47.26	287	296
