UniRef90_Q05514	99.76	412	413
UniRef90_A0A099SB27	92.98	412	413
UniRef90_C6PXL1	84.50	412	413
UniRef90_D8GIL1	83.78	412	413
UniRef90_U2DG57	79.42	412	415
UniRef90_T0N769	78.93	412	413
UniRef90_A0A0C1R2W2	77.91	412	414
UniRef90_UPI0005502E0B	77.24	412	413
UniRef90_UPI000410340B	78.45	412	413
UniRef90_UPI0006E3BF02	76.94	412	414
UniRef90_UPI00058BD8C4	76.70	412	414
UniRef90_UPI0004882284	75.06	412	414
UniRef90_UPI0005094A78	75.54	412	415
UniRef90_C3WCF6	77.72	412	415
UniRef90_U7VCU6	77.24	412	413
UniRef90_UPI000494EE9C	73.79	412	414
UniRef90_E3H6D1	73.12	412	413
UniRef90_UPI0004206CDA	71.67	412	413
UniRef90_UPI0006BB648A	72.57	412	413
UniRef90_UPI0004E14AC5	69.73	412	415
UniRef90_R7RTR7	69.49	412	425
UniRef90_A0A017RWE5	73.12	412	417
UniRef90_I7J5P0	69.98	412	421
UniRef90_A0A0D8IBG0	69.49	412	417
UniRef90_U2EGW8	68.93	412	415
UniRef90_UPI00037A3C23	71.60	412	412
UniRef90_V7I765	65.62	412	413
UniRef90_S6A3L3	66.99	412	412
UniRef90_A6TTM4	67.31	412	428
UniRef90_UPI0006B50162	68.28	412	414
UniRef90_U2DNR7	67.48	412	416
UniRef90_X8K347	67.80	412	417
UniRef90_A1HQG5	64.82	412	416
UniRef90_L0K8G9	64.16	412	414
UniRef90_D9QUW7	66.01	412	413
UniRef90_W8TPQ1	66.99	412	418
UniRef90_F3ABN6	66.91	412	414
UniRef90_R5J397	66.59	412	417
UniRef90_UPI00035F3D94	67.97	412	413
UniRef90_R6AL32	67.24	412	416
UniRef90_A0A095ZGF5	66.34	412	417
UniRef90_R6BP01	64.98	412	415
UniRef90_T0JWX2	63.77	412	414
UniRef90_A0A075KES1	63.37	412	416
UniRef90_A0A0B3W871	64.79	412	415
UniRef90_R6HBC9	64.88	412	419
UniRef90_UPI000476F1E4	62.89	412	416
UniRef90_R5GDB9	64.63	412	414
UniRef90_E0NU52	64.63	412	412
UniRef90_F5YRD1	63.90	412	416
UniRef90_UPI0002554F98	63.17	412	412
UniRef90_A0A088TMM5	60.77	412	417
UniRef90_UPI000367061A	62.68	412	413
UniRef90_W2CI11	63.37	412	415
UniRef90_G5GA80	63.90	412	414
UniRef90_A0A0A2DQ68	62.20	412	414
UniRef90_A0A094IHS1	59.81	412	413
UniRef90_F4KLG4	62.84	412	433
UniRef90_UPI00068255EA	61.71	412	414
UniRef90_A4J7Z2	64.88	412	416
UniRef90_D7JFG5	63.59	412	414
UniRef90_T1CMS5	62.20	412	414
UniRef90_Q3AEJ6	60.53	412	415
UniRef90_E3DQR4	60.64	412	417
UniRef90_F6B849	63.68	412	415
UniRef90_B8CYC3	61.07	412	414
UniRef90_K8DYM3	61.71	412	416
UniRef90_I4DBP3	61.35	412	416
UniRef90_F3ZU89	61.22	412	414
UniRef90_A0A0A2EEM4	60.98	412	414
UniRef90_G7W9T9	61.74	412	414
UniRef90_A0A0J1F8K5	60.98	412	425
UniRef90_UPI0004E1C6F6	59.51	412	414
UniRef90_I4ADL3	60.24	412	417
UniRef90_W0EB38	60.98	412	426
UniRef90_A0A0F2SEG8	60.68	412	416
UniRef90_F6DJY9	60.24	412	415
UniRef90_UPI00046413C0	60.39	412	416
UniRef90_A0A0B7MAU0	60.24	412	412
UniRef90_J7IWG8	59.95	412	417
UniRef90_A0A0J1DN26	59.71	412	422
UniRef90_UPI0003A2EEA1	58.54	412	419
UniRef90_G2FLZ0	59.18	412	425
UniRef90_A0A0F2JI16	60.24	412	421
UniRef90_B8FVK3	59.27	412	422
UniRef90_UPI000478CD6B	58.21	412	419
UniRef90_K4LW34	57.80	412	418
UniRef90_UPI00045EB090	56.17	412	416
UniRef90_B5YEV0	54.63	412	417
UniRef90_B8E0H3	53.90	412	417
UniRef90_UPI0004C40227	55.97	412	418
UniRef90_O66145	56.97	412	413
UniRef90_A0A0A2R940	56.72	412	413
UniRef90_B7LKN2	55.75	412	413
UniRef90_W2F0N5	54.91	412	413
UniRef90_G9YZ23	54.77	412	416
UniRef90_F3LFB5	53.85	412	442
UniRef90_W4UW73	60.28	412	359
UniRef90_UPI000408A9C3	55.04	412	413
UniRef90_Q3AEU2	53.38	412	420
UniRef90_A0A0E8LLZ8	54.55	412	414
UniRef90_A0A090V3Y1	54.24	412	413
UniRef90_UPI000463AEB1	53.27	412	415
UniRef90_F8F1V5	51.92	412	425
UniRef90_UPI0003FCD79C	53.71	412	420
UniRef90_UPI0006FE8513	51.21	412	404
UniRef90_D2RRB8	52.77	412	427
UniRef90_M0MI74	53.16	412	434
UniRef90_A0A0F9RVE4	52.32	412	419
UniRef90_UPI000677E904	54.46	412	424
UniRef90_A0A0M2U503	49.39	412	416
UniRef90_L0AL26	52.77	412	425
UniRef90_A0A0J7JDM6	51.82	412	418
UniRef90_UPI000679ACF2	52.36	412	425
UniRef90_X0ZQH8	57.27	412	329
UniRef90_I4F1A3	51.37	412	420
UniRef90_L9X8Z0	52.53	412	428
UniRef90_F8D6N0	52.70	412	432
UniRef90_UPI000677C55F	53.68	412	423
UniRef90_L0JZ12	52.77	412	428
UniRef90_I7BZQ4	53.06	412	425
UniRef90_L9ZJG5	51.08	412	426
UniRef90_UPI0003622A15	51.83	412	417
UniRef90_D3SSP1	51.82	412	428
UniRef90_W0JKN8	54.03	412	430
UniRef90_M0LB19	53.85	412	429
UniRef90_UPI0006796DEF	51.72	412	427
UniRef90_R4W7C1	48.82	412	449
UniRef90_G9PT25	48.43	412	416
UniRef90_Q5V465	51.46	412	422
UniRef90_L0IDW2	50.24	412	420
UniRef90_W5WD18	49.14	412	429
UniRef90_C7P172	49.27	412	440
UniRef90_J3A197	49.03	412	439
UniRef90_UPI000689F269	47.19	412	423
UniRef90_UPI000406475A	47.69	412	430
UniRef90_UPI00047F2F5D	47.82	412	413
UniRef90_UPI0002EE6024	49.03	412	419
UniRef90_B9NWK1	45.83	412	411
UniRef90_A0A0K1IYI9	46.55	412	420
UniRef90_A0A0H0ZZP0	44.15	412	420
UniRef90_A0A0H0ZY87	45.05	412	414
UniRef90_B5WDY0	48.40	412	416
UniRef90_M0BZN0	45.81	412	411
UniRef90_UPI00046686C4	45.04	412	420
UniRef90_A0A077M284	45.97	412	437
UniRef90_V7FEJ4	44.79	412	417
UniRef90_X6FJN4	44.47	412	428
UniRef90_L9XNI8	45.68	412	411
UniRef90_UPI0003644AB9	44.31	412	428
UniRef90_A0A0E2NZK5	45.28	412	415
UniRef90_UPI00040682A9	44.20	412	417
UniRef90_X5PQM7	43.34	412	428
UniRef90_UPI000422A398	43.86	412	427
UniRef90_A0A090FUD8	44.58	412	417
UniRef90_Q98A98	43.00	412	416
UniRef90_X5PP80	43.83	412	412
UniRef90_A0A0A8BVD8	42.89	412	411
UniRef90_X6J9U1	43.34	412	425
UniRef90_Q8KJF8	43.34	412	423
UniRef90_L9VQP3	54.22	412	443
UniRef90_UPI00047A2D2E	43.48	412	417
UniRef90_UPI000402614C	43.93	412	427
UniRef90_M5EYC4	43.48	412	442
UniRef90_M5AN24	43.00	412	417
UniRef90_X5PGZ6	43.17	412	415
UniRef90_I2QNG4	43.36	412	427
UniRef90_X5WZ61	43.48	412	417
UniRef90_UPI00067D8129	43.48	412	427
UniRef90_L0KVC2	42.86	412	417
UniRef90_UPI00055185D5	42.62	412	436
UniRef90_UPI000403D9E9	47.47	412	385
UniRef90_UPI00069FBA80	40.29	412	413
UniRef90_L0AJX2	43.49	412	413
UniRef90_M5F2Q0	42.82	412	424
UniRef90_X5Y2C2	43.72	412	416
UniRef90_UPI00048A26D5	41.16	412	414
UniRef90_A0A0L7RMU0	43.34	412	427
UniRef90_B0R7I5	44.74	412	418
UniRef90_A0A0E2N462	42.27	412	432
UniRef90_V4YI25	42.23	412	414
UniRef90_UPI0004CDA4A9	40.53	412	409
UniRef90_UPI0004836253	41.79	412	417
UniRef90_UPI00041F3B99	41.65	412	427
UniRef90_A0A0H1A5W2	41.46	412	420
UniRef90_UPI00067C91B7	41.61	412	416
UniRef90_UPI00055BF7A6	42.23	412	426
UniRef90_U1PBX2	43.63	412	417
UniRef90_UPI00048715FE	43.10	412	415
UniRef90_UPI000482E21A	40.59	412	407
UniRef90_A0A067UAM5	43.67	412	389
UniRef90_I7ZUK3	38.80	412	416
UniRef90_U4Q7R5	61.97	412	242
UniRef90_E2CK79	39.02	412	410
UniRef90_UPI000554C022	43.10	412	411
UniRef90_S8BQW5	38.70	412	418
UniRef90_UPI0004C5A1A1	45.37	412	409
UniRef90_A0A017SQS5	38.07	412	416
UniRef90_K9G4U3	38.97	412	416
UniRef90_G1X986	39.00	412	417
UniRef90_A0A0K8KZJ5	40.00	412	416
UniRef90_W1L6Z2	42.54	412	365
UniRef90_Q7W579	35.96	412	410
UniRef90_Q4WFW5	38.31	412	399
UniRef90_A0A0J5PTA1	38.31	412	389
UniRef90_X1I0L3	46.15	412	272
UniRef90_U1P4B7	44.19	412	313
UniRef90_U1P3Z9	43.36	412	304
UniRef90_Q7W411	35.70	412	411
UniRef90_U4QIG9	57.34	412	146
UniRef90_X1A8S8	55.32	412	94
UniRef90_X1LNE9	53.68	412	96
UniRef90_R7RTR7	69.49	412	425
UniRef90_UPI0006E3BF02	76.94	412	414
UniRef90_T0N769	78.93	412	413
UniRef90_UPI0005502E0B	77.24	412	413
UniRef90_A0A0C1R2W2	77.91	412	414
UniRef90_UPI000410340B	78.45	412	413
UniRef90_UPI00058BD8C4	76.70	412	414
UniRef90_UPI0004882284	75.06	412	414
UniRef90_UPI0005094A78	75.54	412	415
UniRef90_UPI000494EE9C	73.79	412	414
UniRef90_I7J5P0	69.98	412	421
UniRef90_U2DG57	79.42	412	415
UniRef90_C6PXL1	84.50	412	413
UniRef90_UPI0006BB648A	72.57	412	413
UniRef90_UPI0006B50162	68.28	412	414
UniRef90_UPI00037A3C23	71.60	412	412
UniRef90_D8GIL1	83.78	412	413
UniRef90_R6BP01	64.98	412	415
UniRef90_X8K347	67.39	412	417
UniRef90_Q05514	99.76	412	413
UniRef90_L0K8G9	64.16	412	414
UniRef90_A0A0D8IBG0	69.49	412	417
UniRef90_A1HQG5	64.82	412	416
UniRef90_R6AL32	66.43	412	416
UniRef90_A0A075KES1	63.37	412	416
UniRef90_D9QUW7	65.69	412	413
UniRef90_F3ABN6	66.91	412	414
UniRef90_W8TPQ1	66.99	412	418
UniRef90_A0A099SB27	92.98	412	413
UniRef90_S6A3L3	66.99	412	412
UniRef90_A6TTM4	67.31	412	428
UniRef90_UPI00035F3D94	67.97	412	413
UniRef90_R5J397	65.78	412	417
UniRef90_UPI0004E14AC5	69.73	412	415
UniRef90_T0JWX2	63.77	412	414
UniRef90_C3WCF6	77.72	412	415
UniRef90_R6HBC9	64.10	412	419
UniRef90_U7VCU6	77.24	412	413
UniRef90_A0A017RWE5	73.12	412	417
UniRef90_UPI0002554F98	63.02	412	412
UniRef90_UPI000476F1E4	62.89	412	416
UniRef90_V7I765	65.62	412	413
UniRef90_A0A0B3W871	64.79	412	415
UniRef90_G5GA80	63.29	412	414
UniRef90_E0NU52	64.32	412	412
UniRef90_U2DNR7	66.83	412	416
UniRef90_UPI0004206CDA	71.67	412	413
UniRef90_A0A095ZGF5	66.34	412	417
UniRef90_T1CMS5	61.89	412	414
UniRef90_UPI000367061A	62.08	412	413
UniRef90_E3H6D1	73.12	412	413
UniRef90_F5YRD1	63.59	412	416
UniRef90_W2CI11	63.37	412	415
UniRef90_UPI00068255EA	61.26	412	414
UniRef90_D7JFG5	62.86	412	414
UniRef90_F4KLG4	62.84	412	433
UniRef90_I4DBP3	61.02	412	416
UniRef90_B8CYC3	61.07	412	414
UniRef90_A0A0A2DQ68	62.20	412	414
UniRef90_UPI000408A9C3	54.37	412	413
UniRef90_A0A0A2R940	56.31	412	413
UniRef90_G2FLZ0	59.18	412	425
UniRef90_O66145	56.55	412	413
UniRef90_B7LKN2	55.34	412	413
UniRef90_Q3AEJ6	60.77	412	415
UniRef90_A0A0F2SEG8	60.68	412	416
UniRef90_E3DQR4	60.19	412	417
UniRef90_A0A0J1F8K5	60.14	412	425
UniRef90_F6B849	63.68	412	415
UniRef90_U2EGW8	68.93	412	415
UniRef90_A0A0F2JI16	59.81	412	421
UniRef90_J7IWG8	59.95	412	417
UniRef90_K8DYM3	61.26	412	416
UniRef90_F3ZU89	60.53	412	414
UniRef90_G7W9T9	61.41	412	414
UniRef90_R5GDB9	64.63	412	414
UniRef90_W0EB38	60.39	412	426
UniRef90_A0A0A2EEM4	60.98	412	414
UniRef90_F6DJY9	59.81	412	415
UniRef90_I4ADL3	59.81	412	417
UniRef90_A0A0E8LLZ8	53.88	412	414
UniRef90_A4J7Z2	64.16	412	416
UniRef90_G9YZ23	54.24	412	416
UniRef90_UPI00045EB090	56.17	412	416
UniRef90_UPI0004E1C6F6	59.08	412	414
UniRef90_B8FVK3	58.84	412	422
UniRef90_K4LW34	57.25	412	418
UniRef90_UPI0003A2EEA1	58.11	412	419
UniRef90_B5YEV0	54.88	412	417
UniRef90_A0A0B7MAU0	60.10	412	412
UniRef90_UPI00046413C0	60.39	412	416
UniRef90_UPI000463AEB1	53.27	412	415
UniRef90_A0A088TMM5	60.77	412	417
UniRef90_B8E0H3	53.90	412	417
UniRef90_A0A090V3Y1	54.24	412	413
UniRef90_UPI0003FCD79C	52.67	412	420
UniRef90_A0A094IHS1	59.81	412	413
UniRef90_A0A0J1DN26	59.28	412	422
UniRef90_F8F1V5	51.42	412	425
UniRef90_Q3AEU2	53.38	412	420
UniRef90_D2RRB8	52.77	412	427
UniRef90_F3LFB5	53.85	412	442
UniRef90_A0A0F9RVE4	52.32	412	419
UniRef90_A0A0E2NZK5	44.90	412	415
UniRef90_V7FEJ4	44.79	412	417
UniRef90_UPI0003644AB9	44.31	412	428
UniRef90_X5WZ61	43.10	412	417
UniRef90_Q98A98	42.62	412	416
UniRef90_L0KVC2	42.86	412	417
UniRef90_Q8KJF8	43.34	412	423
UniRef90_X6J9U1	43.34	412	425
UniRef90_X6FJN4	44.42	412	428
UniRef90_M0MI74	53.16	412	434
UniRef90_X5PP80	43.83	412	412
UniRef90_UPI0003622A15	51.46	412	417
UniRef90_X5PQM7	43.34	412	428
UniRef90_UPI000677E904	54.46	412	424
UniRef90_M5AN24	42.62	412	417
UniRef90_M5F2Q0	42.86	412	424
UniRef90_X5PGZ6	42.72	412	415
UniRef90_M5EYC4	43.10	412	442
UniRef90_UPI00047A2D2E	43.10	412	417
UniRef90_D3SSP1	51.82	412	428
UniRef90_L0AL26	52.29	412	425
UniRef90_UPI00040682A9	43.83	412	417
UniRef90_A0A0E2N462	41.89	412	432
UniRef90_UPI0004C40227	55.97	412	418
UniRef90_UPI000679ACF2	51.58	412	425
UniRef90_A0A090FUD8	44.07	412	417
UniRef90_F8D6N0	52.43	412	432
UniRef90_UPI000478CD6B	58.21	412	419
UniRef90_X5Y2C2	42.62	412	416
UniRef90_L9X8Z0	52.53	412	428
UniRef90_UPI0004836253	41.79	412	417
UniRef90_A0A0J7JDM6	51.82	412	418
UniRef90_I2QNG4	43.41	412	427
UniRef90_UPI00055185D5	42.23	412	436
UniRef90_A0A0M2U503	49.39	412	416
UniRef90_UPI000422A398	43.80	412	427
UniRef90_W0JKN8	53.75	412	430
UniRef90_I7BZQ4	52.53	412	425
UniRef90_L0JZ12	52.77	412	428
UniRef90_L9ZJG5	51.08	412	426
UniRef90_UPI00067D8129	43.55	412	427
UniRef90_UPI00055BF7A6	42.23	412	426
UniRef90_W2F0N5	54.91	412	413
UniRef90_UPI0006796DEF	51.45	412	427
UniRef90_M0LB19	53.85	412	429
UniRef90_UPI000677C55F	53.68	412	423
UniRef90_UPI000402614C	42.82	412	427
UniRef90_UPI00041F3B99	41.40	412	427
UniRef90_C7P172	48.92	412	440
UniRef90_R4W7C1	48.36	412	449
UniRef90_UPI00047F2F5D	47.82	412	413
UniRef90_G9PT25	48.43	412	416
UniRef90_W4UW73	60.00	412	359
UniRef90_J3A197	49.03	412	439
UniRef90_A0A0K1IYI9	46.21	412	420
UniRef90_Q5V465	50.24	412	422
UniRef90_L0IDW2	49.88	412	420
UniRef90_A0A0L7RMU0	43.34	412	427
UniRef90_UPI00067C91B7	41.61	412	416
UniRef90_UPI00046686C4	45.04	412	420
UniRef90_UPI000406475A	47.57	412	430
UniRef90_A0A0H0ZZP0	44.04	412	420
UniRef90_A0A0H0ZY87	45.05	412	414
UniRef90_UPI000689F269	46.88	412	423
UniRef90_M0BZN0	45.57	412	411
UniRef90_UPI0006FE8513	51.21	412	404
UniRef90_I7ZUK3	38.80	412	416
UniRef90_I4F1A3	51.37	412	420
UniRef90_A0A0A8BVD8	42.37	412	411
UniRef90_W5WD18	48.79	412	429
UniRef90_A0A067UAM5	43.67	412	389
UniRef90_A0A017SQS5	38.07	412	416
UniRef90_L9XNI8	45.32	412	411
UniRef90_B9NWK1	45.61	412	411
UniRef90_B5WDY0	47.93	412	416
UniRef90_K9G4U3	38.11	412	416
UniRef90_G1X986	38.22	412	417
UniRef90_UPI0002EE6024	49.03	412	419
UniRef90_UPI00048A26D5	41.16	412	414
UniRef90_A0A0K8KZJ5	39.13	412	416
UniRef90_S8BQW5	38.46	412	418
UniRef90_X0ZQH8	57.27	412	329
UniRef90_A0A0H1A5W2	41.46	412	420
UniRef90_L0AJX2	43.10	412	413
UniRef90_UPI000482E21A	40.59	412	407
UniRef90_E2CK79	39.02	412	410
UniRef90_UPI00048715FE	43.10	412	415
UniRef90_B0R7I5	44.74	412	418
UniRef90_UPI000554C022	42.86	412	411
UniRef90_V4YI25	41.99	412	414
UniRef90_UPI00069FBA80	39.95	412	413
UniRef90_U1PBX2	43.34	412	417
UniRef90_UPI0004CDA4A9	40.19	412	409
UniRef90_A0A077M284	45.87	412	437
UniRef90_Q4WFW5	37.44	412	399
UniRef90_L9VQP3	54.22	412	443
UniRef90_W1L6Z2	42.54	412	365
UniRef90_Q7W579	35.68	412	410
UniRef90_A0A0J5PTA1	37.68	412	389
UniRef90_UPI0004C5A1A1	44.93	412	409
UniRef90_UPI000403D9E9	46.45	412	385
UniRef90_U1P4B7	43.89	412	313
UniRef90_Q7W411	35.29	412	411
UniRef90_U4Q7R5	61.97	412	242
UniRef90_U1P3Z9	41.95	412	304
UniRef90_X1I0L3	46.15	412	272
UniRef90_U4QIG9	57.34	412	146
UniRef90_X1A8S8	55.32	412	94
UniRef90_X1LNE9	53.68	412	96
UniRef90_W8U7B6	44.93	412	72
