UniRef90_P28002	100.00	350	365
UniRef90_A0A0B2QT94	89.71	350	365
UniRef90_Q3SCM5	87.43	350	365
UniRef90_Q8GU25	84.29	350	365
UniRef90_Q00763	85.67	350	365
UniRef90_M4NKK4	84.86	350	365
UniRef90_C7F6Z3	85.14	350	365
UniRef90_M5XK04	84.00	350	365
UniRef90_Q14VV8	83.14	350	365
UniRef90_UPI00015CB468	83.86	350	364
UniRef90_E4W5X8	83.48	350	366
UniRef90_O23760	81.59	350	370
UniRef90_P46484	80.86	350	366
UniRef90_S4V8K9	81.48	350	367
UniRef90_F6H775	83.86	350	740
UniRef90_F6H775	76.37	350	740
UniRef90_UPI00053C0DD4	81.48	350	366
UniRef90_A0A061G2D1	80.57	350	365
UniRef90_A0A076NBT0	80.69	350	370
UniRef90_E2FYC3	80.00	350	363
UniRef90_UPI000510A63F	81.43	350	365
UniRef90_Q1JUZ5	80.98	350	364
UniRef90_A0A0A0L0G6	81.03	350	359
UniRef90_Q9FQY8	79.54	350	359
UniRef90_M0ZIL7	79.25	350	363
UniRef90_Q41086	79.94	350	364
UniRef90_Q9SWR0	81.29	350	367
UniRef90_Q9XGW0	79.66	350	361
UniRef90_UPI00052ECB88	79.48	350	364
UniRef90_A0A067KLV9	78.86	350	365
UniRef90_Q8LL87	77.59	350	350
UniRef90_Q9XGV9	78.80	350	361
UniRef90_Q42653	80.06	350	343
UniRef90_Q42958	80.78	350	364
UniRef90_Q8W013	77.52	350	363
UniRef90_UPI00049897D3	78.00	350	365
UniRef90_A0A067DTN3	78.16	350	366
UniRef90_A0A067KUA9	78.00	350	365
UniRef90_Q9FK25	77.14	350	363
UniRef90_UPI00058143F2	79.58	350	370
UniRef90_A0A059DF27	74.57	350	366
UniRef90_V4U0B7	76.29	350	363
UniRef90_F7IX54	77.81	350	355
UniRef90_M4DR88	75.78	350	367
UniRef90_O81646	75.22	350	359
UniRef90_A0A0J8CS99	73.93	350	365
UniRef90_UPI000498BDA2	76.00	350	367
UniRef90_Q6T1F5	74.57	350	365
UniRef90_B6F0V0	75.28	350	356
UniRef90_Q9SWC1	81.73	350	312
UniRef90_UPI000498E8AD	77.43	350	365
UniRef90_Q9M560	75.86	350	386
UniRef90_A0A0H4J0H6	74.79	350	365
UniRef90_Q9XE91	74.34	350	364
UniRef90_A0A058ZXZ7	72.36	350	365
UniRef90_A0A0D2PAT0	80.58	350	318
UniRef90_O04385	71.23	350	368
UniRef90_A0A0H4ILZ9	74.57	350	367
UniRef90_A0A078G235	71.06	350	369
UniRef90_A0A059DER7	72.86	350	366
UniRef90_W1NLC7	70.98	350	358
UniRef90_V4TQ98	71.71	350	363
UniRef90_Q6WUC0	71.84	350	360
UniRef90_Q43239	70.32	350	354
UniRef90_A0A022RXU0	73.72	350	332
UniRef90_UPI000512186F	68.79	350	362
UniRef90_UPI0004E5980A	68.88	350	367
UniRef90_M4CFM7	72.29	350	350
UniRef90_UPI00053C794B	72.13	350	356
UniRef90_G7K511	67.24	350	365
UniRef90_I3SY84	69.14	350	359
UniRef90_UPI0004E5A991	68.88	350	367
UniRef90_Q9SWC2	74.76	350	313
UniRef90_Q0ZUG4	70.66	350	363
UniRef90_UPI00057A3916	68.79	350	367
UniRef90_Q42654	71.85	350	343
UniRef90_V4NB26	71.55	350	365
UniRef90_S5QCI4	83.93	350	306
UniRef90_UPI00053CA71A	69.91	350	366
UniRef90_UPI00053C0844	69.34	350	364
UniRef90_W0SLZ3	67.34	350	354
UniRef90_M0SIB3	65.90	350	362
UniRef90_UPI000579FFDA	68.48	350	367
UniRef90_UPI00052E90B8	68.33	350	365
UniRef90_M0RXJ5	65.32	350	365
UniRef90_Q5KSL8	68.19	350	365
UniRef90_UPI0004E54C14	65.71	350	362
UniRef90_UPI00058137D0	66.18	350	353
UniRef90_R0GHW2	69.52	350	364
UniRef90_S8E4G5	67.53	350	364
UniRef90_O82054	64.20	350	362
UniRef90_UPI00058157B1	66.47	350	347
UniRef90_Q38J50	63.51	350	356
UniRef90_B4X8Y5	64.43	350	360
UniRef90_A8J6X1	65.42	350	359
UniRef90_A0A0L9UUU0	63.71	350	365
UniRef90_A0A0A6Z6H7	76.87	350	284
UniRef90_A0A061FG56	63.01	350	358
UniRef90_M4E1Q0	66.19	350	361
UniRef90_M0UCB1	63.22	350	363
UniRef90_I6NIK5	99.55	350	224
UniRef90_Q6T1F6	65.99	350	354
UniRef90_A4L9H2	61.38	350	358
UniRef90_M5XE86	64.04	350	377
UniRef90_J3MQI9	62.25	350	361
UniRef90_M0U9P2	61.27	350	362
UniRef90_A0A0D9X4L4	62.14	350	365
UniRef90_W0SK39	64.85	350	353
UniRef90_M0U2V3	62.14	350	334
UniRef90_Q06509	60.73	350	364
UniRef90_A0A0K9NYM9	64.84	350	368
UniRef90_Q5NDD5	60.74	350	364
UniRef90_F6H5J2	63.58	350	372
UniRef90_A0A0A6Z5Z9	69.67	350	300
UniRef90_A5HB55	60.98	350	360
UniRef90_UPI000498D4FE	86.67	350	253
UniRef90_A0A0D2MX95	79.85	350	290
UniRef90_Q6L8K4	59.48	350	371
UniRef90_G9FXH3	59.31	350	362
UniRef90_B9S2S2	62.46	350	361
UniRef90_Q84N28	62.07	350	360
UniRef90_UPI000581484B	61.14	350	360
UniRef90_R7W4N4	57.84	350	375
UniRef90_V4T366	57.18	350	370
UniRef90_UPI00052EA83C	63.01	350	362
UniRef90_I1I1F5	62.14	350	360
UniRef90_A0A024FRR8	61.67	350	359
UniRef90_A0A0B2QH47	89.70	350	232
UniRef90_UPI00058128ED	61.43	350	356
UniRef90_K7YN82	58.00	350	359
UniRef90_A0A061GUA1	58.91	350	426
UniRef90_M0S527	60.63	350	363
UniRef90_A0A067K9T2	57.59	350	368
UniRef90_W9S415	61.34	350	373
UniRef90_S8DPK0	57.64	350	350
UniRef90_A0A067KCY8	58.17	350	367
UniRef90_Q6Q796	59.54	350	365
UniRef90_A0A0D6QWI8	57.71	350	363
UniRef90_UPI0005CB66F1	58.47	350	361
UniRef90_M0SRQ9	58.96	350	361
UniRef90_UPI00032AA8F5	57.83	350	374
UniRef90_UPI00052EC9FA	62.64	350	366
UniRef90_A0A061GTC8	58.62	350	356
UniRef90_D7TVU3	60.88	350	363
UniRef90_UPI0005122B2D	61.10	350	362
UniRef90_A0A068VG26	57.02	350	376
UniRef90_UPI00051166C2	79.84	350	269
UniRef90_M5X079	56.86	350	377
UniRef90_B9S2S3	60.57	350	359
UniRef90_A9P937	58.36	350	358
UniRef90_M0S529	59.08	350	364
UniRef90_K4CX40	57.18	350	364
UniRef90_A9NLA6	55.59	350	365
UniRef90_A0A0C5ATR6	60.40	350	367
UniRef90_A0A061EGP7	56.20	350	365
UniRef90_W9SI12	57.88	350	374
UniRef90_Q6ZD89	59.60	350	368
UniRef90_H9BMN2	56.29	350	368
UniRef90_S1RTR5	56.16	350	356
UniRef90_Q2HTB3	55.84	350	362
UniRef90_Q42949	57.67	350	365
UniRef90_M5WF86	56.56	350	358
UniRef90_UPI0005812BBD	53.56	350	364
UniRef90_D7SRA2	57.18	350	614
UniRef90_D7SRA2	52.47	350	614
UniRef90_I1GQC9	56.20	350	357
UniRef90_V4TN54	56.65	350	352
UniRef90_A0A0G4DC02	77.29	350	283
UniRef90_V4SW45	56.36	350	353
UniRef90_A0A059DFQ7	74.70	350	269
UniRef90_M0S532	56.20	350	362
UniRef90_A5HB57	54.89	350	362
UniRef90_F1CYV3	87.56	350	220
UniRef90_A0A0J8F6Q8	54.76	350	374
UniRef90_E4W6N1	53.16	350	356
UniRef90_Q6VMV9	58.88	350	364
UniRef90_A0A0J8CWQ9	56.61	350	368
UniRef90_A5C9J0	56.48	350	359
UniRef90_A0A068VJB1	54.08	350	375
UniRef90_B9GJ54	57.85	350	371
UniRef90_M4EC11	71.06	350	296
UniRef90_A0A0D2RMU5	82.91	350	275
UniRef90_V4T3R2	56.07	350	352
UniRef90_B9GRR9	55.26	350	359
UniRef90_A0A067JXB3	55.14	350	360
UniRef90_A0A0K9RKZ4	54.73	350	359
UniRef90_A0A068VIU9	56.77	350	375
UniRef90_M0UCJ1	52.30	350	361
UniRef90_A0A072TRT8	54.42	350	377
UniRef90_Q1WMA5	54.47	350	362
UniRef90_A0A072TEU0	54.13	350	377
UniRef90_A0A0D2Q209	54.89	350	368
UniRef90_UPI0005C94966	54.15	350	353
UniRef90_A0A0K9S2L3	55.91	350	370
UniRef90_W4ZTA2	54.60	350	394
UniRef90_UPI00052F1B5D	59.77	350	366
UniRef90_M0RGC8	55.23	350	362
UniRef90_A0A068V7A4	54.86	350	381
UniRef90_V7B0D8	55.24	350	366
UniRef90_UPI00046DAAD6	53.74	350	381
UniRef90_A9NT34	53.01	350	365
UniRef90_V4TZN9	56.48	350	366
UniRef90_UPI0002B4AD18	53.85	350	372
UniRef90_UPI000498E4F7	57.06	350	358
UniRef90_UPI0004A6025B	54.84	350	359
UniRef90_A0A0B2PV24	55.81	350	358
UniRef90_W5B491	54.89	350	357
UniRef90_A0A0C5AWL8	54.91	350	360
UniRef90_M0S577	57.39	350	364
UniRef90_M8A140	57.93	350	318
UniRef90_N1QY02	57.10	350	331
UniRef90_UPI0004991F29	55.40	350	362
UniRef90_A0A097ZL30	56.07	350	361
UniRef90_V4TII0	53.62	350	353
UniRef90_UPI000498A6F1	55.11	350	358
UniRef90_A0A0J8FWZ5	54.99	350	375
UniRef90_F6I2Z2	57.35	350	357
UniRef90_UPI00032AAEF8	54.05	350	371
UniRef90_Q2YHN1	78.85	350	227
UniRef90_P45986	53.47	350	365
UniRef90_A0A0B2PFN3	53.56	350	372
UniRef90_A0A0K9QFL0	53.24	350	376
UniRef90_V4T3E9	54.62	350	352
UniRef90_UPI000498E4C7	53.11	350	358
UniRef90_A0A061F0G6	54.89	350	368
UniRef90_A0A061F0V2	52.31	350	396
UniRef90_W5BFM8	52.15	350	351
UniRef90_I3SVF7	52.92	350	377
UniRef90_V7AZL9	52.71	350	371
UniRef90_UPI0006AB31FA	79.73	350	230
UniRef90_A0A0J8D7K3	54.15	350	369
UniRef90_UPI00053F936D	54.41	350	367
UniRef90_UPI000520F634	53.14	350	362
UniRef90_UPI000498C7C9	53.98	350	358
UniRef90_UPI0002B4A0E4	51.86	350	370
UniRef90_A0A072TRT2	53.28	350	376
UniRef90_T1NPC2	54.15	350	359
UniRef90_M7Y8P7	54.47	350	330
UniRef90_I1HBR8	53.12	350	354
UniRef90_A0A0K9QN72	54.02	350	369
UniRef90_A0A059BXD9	55.59	350	364
UniRef90_B9RMU8	53.67	350	359
UniRef90_A0A0L9TFC1	54.15	350	372
UniRef90_M0UCG5	51.44	350	361
UniRef90_D3Y4F1	88.18	350	203
UniRef90_A0A0K9RJ41	53.45	350	366
UniRef90_V7B0E4	54.65	350	373
UniRef90_A0A0B2PAK6	51.56	350	354
UniRef90_A0A068VCV7	55.59	350	333
UniRef90_W9RLE6	53.71	350	366
UniRef90_M5XCU7	52.86	350	360
UniRef90_D2KLI4	53.67	350	360
UniRef90_A0A061GSD8	52.87	350	378
UniRef90_A0A0J8D752	52.72	350	382
UniRef90_Q9ZTU1	51.14	350	351
UniRef90_M0S573	58.94	350	328
UniRef90_UPI00053C1AA3	54.42	350	361
UniRef90_V4T489	52.44	350	360
UniRef90_A0A061G3P8	54.60	350	367
UniRef90_UPI000498E259	78.83	350	230
UniRef90_UPI0005812266	55.71	350	324
UniRef90_A0A0D2T763	55.75	350	368
UniRef90_W5HZD5	54.26	350	352
UniRef90_UPI00063AC768	55.62	350	362
UniRef90_A0A0B0M6J5	62.18	350	308
UniRef90_W9S6M9	59.11	350	408
UniRef90_W9S6M9	44.72	350	408
UniRef90_UPI00053C8E63	51.71	350	365
UniRef90_UPI0003D6EF71	52.30	350	361
UniRef90_F2DJ46	52.57	350	359
UniRef90_S8D3G7	52.21	350	336
UniRef90_V7B3J4	52.68	350	381
UniRef90_Q2HTB5	52.45	350	375
UniRef90_Q8H0D1	52.99	350	352
UniRef90_A0A059C2M9	53.06	350	371
UniRef90_W5HXI5	54.42	350	352
UniRef90_A9X7L0	52.94	350	364
UniRef90_A0A0K9Q3M6	54.29	350	580
UniRef90_A0A023JQ26	52.16	350	370
UniRef90_G7LIL0	51.57	350	363
UniRef90_A0A0L9VQI8	50.57	350	353
UniRef90_W9RW29	59.93	350	322
UniRef90_E3UTU2	51.86	350	364
UniRef90_V4STB3	55.15	350	347
UniRef90_F6I2Z1	50.27	350	395
UniRef90_Q09K00	85.78	350	215
UniRef90_A0A0A7DN03	52.45	350	361
UniRef90_V4TC97	52.94	350	360
UniRef90_I1HBR9	52.94	350	355
UniRef90_A0A0B6VJH3	52.68	350	367
UniRef90_V4SBH9	51.57	350	359
UniRef90_V7AP24	50.00	350	368
UniRef90_A0A0J8D212	52.15	350	371
UniRef90_M1CLR9	53.28	350	361
UniRef90_V7B2B8	54.05	350	371
UniRef90_A0A0J8EUM8	52.53	350	375
UniRef90_V4TXI9	51.69	350	356
UniRef90_A0A067K9B4	53.03	350	383
UniRef90_F2EC26	51.24	350	395
UniRef90_U5FL13	53.37	350	333
UniRef90_M0U2V4	54.62	350	334
UniRef90_A0A0A6Z5Z8	56.58	350	308
UniRef90_V4T829	52.41	350	356
UniRef90_A0A0K9NKR5	54.19	350	331
UniRef90_G7KL55	51.28	350	498
UniRef90_A0A0E0I7E4	53.58	350	346
UniRef90_Q27I63	51.75	350	359
UniRef90_UPI0005FC1D9F	52.02	350	356
UniRef90_A0A0J8FWZ2	50.42	350	400
UniRef90_A0A067LR65	50.29	350	361
UniRef90_D8QX33	50.72	350	353
UniRef90_M9Z1G5	49.57	350	361
UniRef90_A0A059BS33	52.01	350	362
UniRef90_UPI00051C818F	50.29	350	363
UniRef90_A0A0J8CX30	54.00	350	373
UniRef90_A0A059BSY2	51.03	350	368
UniRef90_UPI00032AA82D	51.55	350	378
UniRef90_A0A0D2UCC5	51.87	350	361
UniRef90_W9RKB7	78.54	350	264
UniRef90_M1BS73	50.00	350	361
UniRef90_W9RKQ4	48.86	350	365
UniRef90_A0A067D9Q2	51.13	350	356
UniRef90_A0A067H451	48.92	350	390
UniRef90_V7D2V2	53.64	350	342
UniRef90_M1BS71	50.29	350	356
UniRef90_Q7X9J1	52.30	350	366
UniRef90_UPI00053C0EA2	50.28	350	415
UniRef90_UPI0003D6E1C8	50.99	350	356
UniRef90_UPI00057B03D4	68.64	350	240
UniRef90_F2DLG6	50.44	350	355
UniRef90_A0A059BT06	51.03	350	367
UniRef90_V4T2S2	76.82	350	235
UniRef90_A0A078FYQ3	79.80	350	206
UniRef90_A0A024FRG9	50.42	350	369
UniRef90_UPI0003D726AE	52.82	350	369
UniRef90_A0A0K9R8X1	54.00	350	375
UniRef90_A0A0K9P9N3	48.56	350	596
UniRef90_S8DQB3	49.72	350	353
UniRef90_R7W8J5	49.71	350	333
UniRef90_V4U2F3	50.44	350	352
UniRef90_A0A088MF62	49.00	350	362
UniRef90_M0U1I9	61.24	350	349
UniRef90_M0U458	52.78	350	357
UniRef90_W5GRH2	65.55	350	240
UniRef90_A0A059B8T7	46.84	350	364
UniRef90_P93324	49.72	350	372
UniRef90_A0A078BTF7	47.84	350	381
UniRef90_A0A022QRZ3	69.68	350	242
UniRef90_B9RMV1	50.70	350	351
UniRef90_M5X499	48.00	350	328
UniRef90_A0A068FNW1	81.68	350	194
UniRef90_A0A0K9PM30	49.00	350	574
UniRef90_S8DZ16	48.70	350	353
UniRef90_A0A0L9TEW3	49.41	350	367
UniRef90_UPI00053AC466	46.80	350	378
UniRef90_A0A0A1E1A9	66.82	350	224
UniRef90_M0S528	51.62	350	362
UniRef90_A0A072U2T1	48.15	350	345
UniRef90_A0A0D2R3X2	51.44	350	366
UniRef90_V4KQE7	47.31	350	355
UniRef90_A0A067DB18	73.16	350	241
UniRef90_A0A061F7Q2	52.74	350	342
UniRef90_M9T2E5	51.12	350	362
UniRef90_UPI00053C1638	47.46	350	380
UniRef90_Q9ZU24	47.14	350	363
UniRef90_B9RGD7	48.42	350	367
UniRef90_UPI0004A5FD9C	54.58	350	332
UniRef90_UPI00058156F4	48.86	350	354
UniRef90_A0A067L020	45.04	350	420
UniRef90_Q9CAQ4	45.66	350	381
UniRef90_A0A0L9TFC0	51.99	350	345
UniRef90_A0A072TSD5	50.47	350	319
UniRef90_D7MTK3	47.44	350	381
UniRef90_A0A061FRK9	47.58	350	443
UniRef90_A0A0B2NUU9	49.27	350	342
UniRef90_A0A0D2RAH9	49.28	350	366
UniRef90_UPI0003D72128	51.01	350	1570
UniRef90_M4EGA1	47.01	350	378
UniRef90_UPI00058117EC	49.85	350	354
UniRef90_A0A0D2VQ98	47.26	350	380
UniRef90_R0GQR6	46.57	350	352
UniRef90_M4EY42	47.06	350	381
UniRef90_M4CVR9	47.19	350	375
UniRef90_M4F331	47.46	350	356
UniRef90_A0A0D2TBV8	45.76	350	366
UniRef90_B9RYX5	54.92	350	273
UniRef90_UPI00053C4048	44.48	350	376
UniRef90_Q9MAP0	46.13	350	352
UniRef90_A0A0K9R160	46.53	350	353
UniRef90_Q39522	47.66	350	381
UniRef90_A0A087GAY1	47.88	350	379
UniRef90_A0A068VGS5	54.64	350	292
UniRef90_UPI00053C6FE5	46.96	350	392
UniRef90_V4LTV0	45.25	350	374
UniRef90_Q96424	49.15	350	367
UniRef90_G7L351	46.78	350	370
UniRef90_A0A078IXI0	46.78	350	381
UniRef90_A0A059C7Z1	48.66	350	354
UniRef90_A0A0K9PBL4	49.12	350	519
UniRef90_A0A059AUZ6	45.82	350	360
UniRef90_A0A022QRZ0	45.33	350	364
UniRef90_A0A0J8CWZ7	49.86	350	375
UniRef90_A0A0K9PR50	49.86	350	558
UniRef90_Q5C9L2	46.49	350	355
UniRef90_A0A072TYD0	46.29	350	328
UniRef90_R0EZ48	46.00	350	381
UniRef90_G7L365	46.92	350	368
UniRef90_B9I955	46.78	350	388
UniRef90_UPI00053C402F	48.58	350	379
UniRef90_G7L359	47.81	350	367
UniRef90_V4M878	46.91	350	382
UniRef90_V7BFN0	46.13	350	366
UniRef90_A0A0B0MJC9	49.24	350	350
UniRef90_A0A0B0NWQ7	49.29	350	342
UniRef90_UPI0006AA746B	44.78	350	388
UniRef90_A0A0L9VQ71	44.89	350	337
UniRef90_M4CVR6	45.38	350	381
UniRef90_A0A0L9TZD0	46.70	350	370
UniRef90_A0A0K9NPV6	49.26	350	562
UniRef90_V7B2B1	50.35	350	294
UniRef90_R0GFN5	43.58	350	376
UniRef90_K7LQI4	47.71	350	366
UniRef90_UPI00053C60D2	46.63	350	375
UniRef90_M4CHJ7	45.13	350	378
UniRef90_A0A059C9I2	44.67	350	360
UniRef90_R0I7C5	46.61	350	381
UniRef90_I3S3Y1	76.50	350	186
UniRef90_M0UDC9	52.71	350	302
UniRef90_K4C3H6	46.69	350	361
UniRef90_A0A087HJ43	45.38	350	381
UniRef90_A0A059D416	44.54	350	357
UniRef90_UPI00053B130A	46.02	350	381
UniRef90_A0A078JEE7	44.60	350	366
UniRef90_UPI00053CA09A	44.41	350	377
UniRef90_M0S575	53.36	350	302
UniRef90_C5WST1	44.61	350	364
UniRef90_A0A0E0MKZ9	46.24	350	368
UniRef90_UPI00053B738B	46.46	350	376
UniRef90_A0A0K9Q3F7	48.00	350	557
UniRef90_UPI00053C473E	45.27	350	381
UniRef90_UPI000539A40C	44.26	350	381
UniRef90_UPI00032ABB30	46.46	350	371
UniRef90_UPI00053CA883	45.89	350	373
UniRef90_UPI00052F0E55	46.99	350	565
UniRef90_V7BFN9	47.58	350	371
UniRef90_Q9CAQ3	45.66	350	381
UniRef90_A0A072V9H2	44.74	350	363
UniRef90_A0A072VH10	44.32	350	370
UniRef90_M4D488	43.63	350	373
UniRef90_A0A0K9PTI3	47.14	350	563
UniRef90_UPI00053CA5BA	44.38	350	384
UniRef90_A0A067KLG9	45.97	350	335
UniRef90_A0A0D3A7W3	43.75	350	366
UniRef90_A0A087HSE3	44.94	350	359
UniRef90_R0HZF3	44.44	350	384
UniRef90_UPI00053BAB64	45.66	350	381
UniRef90_A0A0H4IRD2	43.72	350	384
UniRef90_A0A024FRG4	45.16	350	357
UniRef90_A0A072VHJ4	43.75	350	370
UniRef90_UPI00053C2CBA	48.01	350	378
UniRef90_M1BHC3	56.63	350	252
UniRef90_R0GCT1	43.63	350	370
UniRef90_G7IZ46	46.72	350	357
UniRef90_D7MB40	45.54	350	339
UniRef90_A0A0K9P7X3	48.41	350	558
UniRef90_A0A0D3HSW1	44.82	350	348
UniRef90_UPI000539A1DB	44.89	350	380
UniRef90_A0A0D3A7W1	44.32	350	527
UniRef90_A0A078HT94	67.53	350	256
UniRef90_V7C4M2	44.03	350	368
UniRef90_G7IZ47	46.18	350	370
UniRef90_A0A0L9UIN8	44.86	350	356
UniRef90_A0A059AUE6	43.14	350	360
UniRef90_V7C6T9	44.09	350	369
UniRef90_M5XIQ4	44.72	350	395
UniRef90_M5X7M4	59.19	350	225
UniRef90_A0A0L9UU36	45.61	350	369
UniRef90_M5WK73	43.98	350	336
UniRef90_A0A0L9UIG2	47.79	350	364
UniRef90_A0A059B4J0	53.60	350	347
UniRef90_A0A022QRR2	43.30	350	354
UniRef90_A0A0L9U1W6	46.93	350	375
UniRef90_Q9CAM9	45.79	350	381
UniRef90_A0A072VH15	42.21	350	384
UniRef90_G7L368	45.40	350	375
UniRef90_G5DGD0	50.52	350	296
UniRef90_UPI00052E7972	42.82	350	354
UniRef90_UPI000498CBB0	45.37	350	361
UniRef90_M4D177	45.04	350	381
UniRef90_F6HLU7	47.62	350	358
UniRef90_A0A0D3BVX6	43.22	350	369
UniRef90_A0A0B2RBB8	43.15	350	357
UniRef90_UPI0004A627B2	55.91	350	292
UniRef90_UPI00053A0B9D	44.51	350	382
UniRef90_UPI00051BB0CC	43.43	350	328
UniRef90_D7KU17	45.22	350	381
UniRef90_I3T9J0	42.24	350	369
UniRef90_UPI00053B16CE	45.27	350	383
UniRef90_B8RCD3	43.57	350	358
UniRef90_R0H4H5	42.58	350	385
UniRef90_UPI00053C9F40	44.00	350	371
UniRef90_R0GDP0	45.00	350	385
UniRef90_UPI00053B2274	44.76	350	376
UniRef90_M5XK04	84.00	350	365
UniRef90_Q8GU25	84.29	350	365
UniRef90_P28002	100.00	350	365
UniRef90_A0A0B2QT94	89.71	350	365
UniRef90_Q00763	85.67	350	365
UniRef90_M4NKK4	84.86	350	365
UniRef90_UPI00015CB468	83.86	350	364
UniRef90_Q14VV8	83.14	350	365
UniRef90_E2FYC3	80.00	350	363
UniRef90_A0A076NBT0	80.46	350	370
UniRef90_M0ZIL7	79.25	350	363
UniRef90_Q3SCM5	87.43	350	365
UniRef90_O23760	81.59	350	370
UniRef90_C7F6Z3	85.14	350	365
UniRef90_Q1JUZ5	80.98	350	364
UniRef90_A0A061G2D1	80.57	350	365
UniRef90_E4W5X8	83.48	350	366
UniRef90_Q8W013	77.30	350	363
UniRef90_UPI00052ECB88	79.25	350	364
UniRef90_P46484	80.86	350	366
UniRef90_Q9FQY8	79.54	350	359
UniRef90_Q9XGW0	79.02	350	361
UniRef90_F6H775	83.86	350	740
UniRef90_F6H775	76.37	350	740
UniRef90_Q8LL87	77.59	350	350
UniRef90_A0A067KLV9	78.86	350	365
UniRef90_A0A067DTN3	77.71	350	366
UniRef90_UPI00053C0DD4	81.48	350	366
UniRef90_UPI000510A63F	81.43	350	365
UniRef90_A0A0A0L0G6	80.80	350	359
UniRef90_Q9XGV9	78.16	350	361
UniRef90_O81646	75.22	350	359
UniRef90_Q9XE91	74.34	350	364
UniRef90_S4V8K9	81.48	350	367
UniRef90_A0A0J8CS99	73.93	350	365
UniRef90_F7IX54	77.81	350	355
UniRef90_Q6T1F5	74.35	350	365
UniRef90_Q9SWR0	81.05	350	367
UniRef90_Q9FK25	77.14	350	363
UniRef90_A0A067KUA9	78.22	350	365
UniRef90_UPI00049897D3	78.00	350	365
UniRef90_UPI00058143F2	79.58	350	370
UniRef90_A0A059DF27	74.57	350	366
UniRef90_Q42958	80.78	350	364
UniRef90_UPI000498BDA2	76.00	350	367
UniRef90_UPI000512186F	68.59	350	362
UniRef90_Q41086	79.94	350	364
UniRef90_W1NLC7	70.98	350	358
UniRef90_UPI0004E5980A	68.48	350	367
UniRef90_B6F0V0	75.28	350	356
UniRef90_A0A058ZXZ7	72.36	350	365
UniRef90_V4U0B7	76.29	350	363
UniRef90_A0A061FG56	62.82	350	358
UniRef90_UPI00057A3916	68.19	350	367
UniRef90_A0A0H4J0H6	74.14	350	365
UniRef90_Q6L8K4	58.97	350	371
UniRef90_UPI0004E54C14	65.71	350	362
UniRef90_UPI0004E5A991	68.48	350	367
UniRef90_M0SIB3	65.71	350	362
UniRef90_W0SLZ3	66.76	350	354
UniRef90_Q42653	79.82	350	343
UniRef90_M4DR88	75.78	350	367
UniRef90_A0A0H4ILZ9	74.57	350	367
UniRef90_A4L9H2	61.74	350	358
UniRef90_O04385	71.23	350	368
UniRef90_M5X079	56.70	350	377
UniRef90_M0RXJ5	65.13	350	365
UniRef90_Q9M560	75.57	350	386
UniRef90_Q43239	70.11	350	354
UniRef90_A0A061GUA1	58.74	350	426
UniRef90_UPI000498E8AD	77.43	350	365
UniRef90_Q5NDD5	60.74	350	364
UniRef90_Q6WUC0	70.74	350	360
UniRef90_A0A061EGP7	56.03	350	365
UniRef90_W9SI12	57.39	350	374
UniRef90_M0UCB1	62.93	350	363
UniRef90_M5XE86	64.04	350	377
UniRef90_UPI0005CB66F1	58.31	350	361
UniRef90_UPI00032AA8F5	57.67	350	374
UniRef90_A0A078G235	71.06	350	369
UniRef90_UPI00058137D0	65.62	350	353
UniRef90_W9S415	59.77	350	373
UniRef90_UPI000579FFDA	68.48	350	367
UniRef90_G9FXH3	59.31	350	362
UniRef90_S1RTR5	56.16	350	356
UniRef90_A0A022RXU0	73.72	350	332
UniRef90_A0A061GTC8	58.45	350	356
UniRef90_UPI00053C794B	72.13	350	356
UniRef90_B4X8Y5	64.24	350	360
UniRef90_V4T366	57.18	350	370
UniRef90_V4T3R2	56.07	350	352
UniRef90_UPI00053CA71A	69.91	350	366
UniRef90_V4TN54	56.00	350	352
UniRef90_Q2HTB3	55.68	350	362
UniRef90_A0A059DER7	72.86	350	366
UniRef90_K4CX40	56.41	350	364
UniRef90_K7YN82	58.00	350	359
UniRef90_I3SY84	69.14	350	359
UniRef90_G7K511	67.24	350	365
UniRef90_J3MQI9	61.96	350	361
UniRef90_V4NB26	71.35	350	365
UniRef90_UPI00052E90B8	68.13	350	365
UniRef90_S8E4G5	67.53	350	364
UniRef90_A0A0D6QWI8	57.76	350	363
UniRef90_V4TQ98	71.71	350	363
UniRef90_UPI00053C0844	69.14	350	364
UniRef90_Q42949	56.66	350	365
UniRef90_Q38J50	63.51	350	356
UniRef90_A9P937	56.82	350	358
UniRef90_Q9SWC1	81.73	350	312
UniRef90_E4W6N1	53.16	350	356
UniRef90_A9NLA6	55.59	350	365
UniRef90_Q5KSL8	68.39	350	365
UniRef90_Q42654	71.64	350	343
UniRef90_A8J6X1	65.23	350	359
UniRef90_UPI00058157B1	66.28	350	347
UniRef90_A0A0K9RKZ4	54.73	350	359
UniRef90_O82054	64.20	350	362
UniRef90_M4CFM7	72.29	350	350
UniRef90_B9S2S2	62.29	350	361
UniRef90_A0A072TRT8	53.98	350	377
UniRef90_H9BMN2	56.29	350	368
UniRef90_A5C9J0	55.62	350	359
UniRef90_A0A067KCY8	57.67	350	367
UniRef90_M0S529	58.91	350	364
UniRef90_UPI00052EA83C	62.46	350	362
UniRef90_A0A0D9X4L4	61.96	350	365
UniRef90_A5HB55	60.98	350	360
UniRef90_M0U9P2	61.10	350	362
UniRef90_B9GRR9	53.82	350	359
UniRef90_UPI000498E4F7	57.06	350	358
UniRef90_A0A067JXB3	54.86	350	360
UniRef90_M0SRQ9	58.79	350	361
UniRef90_UPI000498A6F1	54.52	350	358
UniRef90_UPI00032AAEF8	53.76	350	371
UniRef90_F6H5J2	63.40	350	372
UniRef90_A0A067K9T2	57.10	350	368
UniRef90_R7W4N4	57.84	350	375
UniRef90_UPI000581484B	60.52	350	360
UniRef90_A0A072TEU0	53.69	350	377
UniRef90_Q6T1F6	65.80	350	354
UniRef90_UPI0004991F29	54.80	350	362
UniRef90_M0U2V3	61.96	350	334
UniRef90_V4T3E9	54.00	350	352
UniRef90_V7B0D8	54.83	350	366
UniRef90_A0A0B2PV24	55.65	350	358
UniRef90_UPI00046DAAD6	53.45	350	381
UniRef90_V4SW45	55.62	350	353
UniRef90_A0A0D2PAT0	80.84	350	318
UniRef90_M0S527	60.46	350	363
UniRef90_Q0ZUG4	70.66	350	363
UniRef90_Q9SWC2	74.76	350	313
UniRef90_Q1WMA5	54.31	350	362
UniRef90_A0A068VG26	56.90	350	376
UniRef90_M5XCU7	52.42	350	360
UniRef90_A0A0L9UUU0	63.71	350	365
UniRef90_UPI00058128ED	60.81	350	356
UniRef90_A0A072TRT2	52.84	350	376
UniRef90_Q6Q796	59.54	350	365
UniRef90_A0A0J8FWZ5	54.99	350	375
UniRef90_Q06509	61.30	350	364
UniRef90_B9S2S3	60.57	350	359
UniRef90_A0A0K9NYM9	64.84	350	368
UniRef90_A0A0B2PFN3	51.98	350	372
UniRef90_S8DPK0	57.47	350	350
UniRef90_UPI000498E4C7	53.11	350	358
UniRef90_UPI00052EC9FA	62.64	350	366
UniRef90_UPI0005122B2D	61.27	350	362
UniRef90_A5HB57	54.89	350	362
UniRef90_I1GQC9	56.20	350	357
UniRef90_UPI0002B4AD18	53.85	350	372
UniRef90_Q2HTB5	52.30	350	375
UniRef90_V4TZN9	56.48	350	366
UniRef90_B9RMU8	53.58	350	359
UniRef90_M0RGC8	55.23	350	362
UniRef90_M0UCJ1	52.30	350	361
UniRef90_UPI0004A6025B	53.74	350	359
UniRef90_D7TVU3	59.31	350	363
UniRef90_A0A068VJB1	53.95	350	375
UniRef90_W5B491	54.89	350	357
UniRef90_UPI00052F1B5D	59.77	350	366
UniRef90_A9NT34	53.30	350	365
UniRef90_V7AZL9	52.44	350	371
UniRef90_A0A0J8D752	52.57	350	382
UniRef90_A0A0J8F6Q8	54.76	350	374
UniRef90_Q9CAQ4	45.66	350	381
UniRef90_UPI000498C7C9	53.39	350	358
UniRef90_A0A0B2PAK6	50.99	350	354
UniRef90_A0A023JQ26	52.16	350	370
UniRef90_A0A078BTF7	47.21	350	381
UniRef90_Q84N28	62.07	350	360
UniRef90_M5WF86	55.84	350	358
UniRef90_I1I1F5	62.14	350	360
UniRef90_UPI0002B4A0E4	50.29	350	370
UniRef90_M4E1Q0	66.00	350	361
UniRef90_I3SVF7	52.46	350	377
UniRef90_G7LIL0	51.28	350	363
UniRef90_W4ZTA2	54.60	350	394
UniRef90_A0A059BXD9	55.59	350	364
UniRef90_A0A0D2Q209	54.73	350	368
UniRef90_R0GHW2	69.52	350	364
UniRef90_W9RLE6	53.56	350	366
UniRef90_A0A0A6Z6H7	76.87	350	284
UniRef90_M0S577	57.39	350	364
UniRef90_UPI00053F936D	53.64	350	367
UniRef90_A0A0K9RJ41	52.44	350	366
UniRef90_V7AP24	48.72	350	368
UniRef90_D7SRA2	57.02	350	614
UniRef90_D7SRA2	56.96	350	614
UniRef90_I1HBR8	52.56	350	354
UniRef90_A0A0C5ATR6	60.11	350	367
UniRef90_W5HXI5	54.42	350	352
UniRef90_A0A061GSD8	52.72	350	378
UniRef90_V4TII0	53.31	350	353
UniRef90_A0A068VIU9	55.87	350	375
UniRef90_V4T489	52.44	350	360
UniRef90_A0A0L9VQI8	50.57	350	353
UniRef90_A0A0J8D7K3	53.31	350	369
UniRef90_S5QCI4	83.93	350	306
UniRef90_A0A097ZL30	56.07	350	361
UniRef90_A0A0J8CWQ9	56.61	350	368
UniRef90_UPI00053AC466	46.78	350	378
UniRef90_W5HZD5	54.26	350	352
UniRef90_M0UCG5	51.44	350	361
UniRef90_A0A0J8EUM8	51.97	350	375
UniRef90_M0S532	56.03	350	362
UniRef90_A0A0J8FWZ2	49.01	350	400
UniRef90_A0A068V7A4	54.55	350	381
UniRef90_UPI0005C94966	54.15	350	353
UniRef90_A0A0L9TFC1	54.00	350	372
UniRef90_W0SK39	70.99	350	353
UniRef90_M4CVR9	46.61	350	375
UniRef90_F6I2Z2	56.52	350	357
UniRef90_A0A024FRR8	61.49	350	359
UniRef90_UPI00053C1AA3	54.42	350	361
UniRef90_A9X7L0	52.33	350	364
UniRef90_UPI0003D6EF71	52.30	350	361
UniRef90_A0A061F0V2	52.31	350	396
UniRef90_P45986	53.47	350	365
UniRef90_UPI000520F634	52.45	350	362
UniRef90_D7MTK3	46.88	350	381
UniRef90_B9GJ54	56.94	350	371
UniRef90_UPI00053C8E63	51.27	350	365
UniRef90_A0A0K9QN72	54.02	350	369
UniRef90_A0A0A6Z5Z9	69.67	350	300
UniRef90_V4TC97	52.33	350	360
UniRef90_A0A0C5AWL8	54.76	350	360
UniRef90_V7B0E4	53.01	350	373
UniRef90_V4LTV0	45.25	350	374
UniRef90_I1HBR9	50.99	350	355
UniRef90_UPI00053C4048	44.10	350	376
UniRef90_A0A061F0G6	54.73	350	368
UniRef90_V7B3J4	51.68	350	381
UniRef90_W5BFM8	52.15	350	351
UniRef90_Q6ZD89	59.43	350	368
UniRef90_A0A0K9QFL0	53.24	350	376
UniRef90_Q9ZTU1	51.14	350	351
UniRef90_A0A0A7DN03	52.45	350	361
UniRef90_F6I2Z1	49.60	350	395
UniRef90_D2KLI4	53.67	350	360
UniRef90_A0A0J8D212	52.27	350	371
UniRef90_Q6VMV9	58.88	350	364
UniRef90_F2DJ46	52.57	350	359
UniRef90_UPI0005812BBD	53.41	350	364
UniRef90_UPI00053C1638	47.04	350	380
UniRef90_M1CLR9	53.28	350	361
UniRef90_A0A0K9S2L3	56.40	350	370
UniRef90_A0A067K9B4	52.57	350	383
UniRef90_UPI00032AA82D	51.27	350	378
UniRef90_V7B2B8	52.15	350	371
UniRef90_G7KL55	51.14	350	498
UniRef90_E3UTU2	51.59	350	364
UniRef90_A0A0D2UCC5	51.87	350	361
UniRef90_A0A068VCV7	55.59	350	333
UniRef90_N1QY02	57.10	350	331
UniRef90_M4EGA1	46.88	350	378
UniRef90_M1BS73	49.57	350	361
UniRef90_F2DLG6	48.59	350	355
UniRef90_UPI00053C473E	44.20	350	381
UniRef90_M4EY42	47.06	350	381
UniRef90_M5X499	48.00	350	328
UniRef90_V4M878	46.22	350	382
UniRef90_M9Z1G5	49.57	350	361
UniRef90_S8D3G7	52.21	350	336
UniRef90_A0A067LR65	50.14	350	361
UniRef90_Q8H0D1	52.99	350	352
UniRef90_R0EZ48	46.00	350	381
UniRef90_UPI00063AC768	55.46	350	362
UniRef90_UPI0006AA746B	44.78	350	388
UniRef90_A0A059BSY2	50.14	350	368
UniRef90_R0GFN5	43.30	350	376
UniRef90_V4SBH9	52.01	350	359
UniRef90_T1NPC2	53.24	350	359
UniRef90_A0A0K9Q3M6	54.29	350	580
UniRef90_A0A078IXI0	46.78	350	381
UniRef90_A0A067H451	48.40	350	390
UniRef90_A0A088MF62	49.00	350	362
UniRef90_D8QX33	50.72	350	353
UniRef90_V4TXI9	50.56	350	356
UniRef90_M4CVR6	45.38	350	381
UniRef90_U5FL13	53.37	350	333
UniRef90_A0A0D2T763	55.59	350	368
UniRef90_A0A059BT06	50.14	350	367
UniRef90_M4CHJ7	45.13	350	378
UniRef90_V4T829	51.13	350	356
UniRef90_M4D488	43.26	350	373
UniRef90_A0A087GAY1	47.31	350	379
UniRef90_A0A059B8T7	46.55	350	364
UniRef90_Q7X9J1	52.01	350	366
UniRef90_A0A087HJ43	45.38	350	381
UniRef90_UPI00053C0EA2	49.15	350	415
UniRef90_B9RMV1	50.57	350	351
UniRef90_Q27I63	50.72	350	359
UniRef90_UPI00053C402F	47.16	350	379
UniRef90_R0HZF3	44.44	350	384
UniRef90_UPI00053CA5BA	44.13	350	384
UniRef90_M1BS71	50.29	350	356
UniRef90_UPI000539A1DB	44.38	350	380
UniRef90_UPI0003D6E1C8	49.86	350	356
UniRef90_R0GCT1	43.63	350	370
UniRef90_A0A061G3P8	54.15	350	367
UniRef90_W9RKQ4	48.72	350	365
UniRef90_R0I7C5	46.22	350	381
UniRef90_A0A059C2M9	53.06	350	371
UniRef90_UPI0005FC1D9F	52.02	350	356
UniRef90_A0A059BS33	51.86	350	362
UniRef90_UPI00053C6FE5	45.79	350	392
UniRef90_UPI000539A40C	44.26	350	381
UniRef90_UPI00053BAB64	44.82	350	381
UniRef90_A0A067D9Q2	50.00	350	356
UniRef90_M0U2V4	54.62	350	334
UniRef90_M0S573	58.75	350	328
UniRef90_W9S6M9	58.92	350	408
UniRef90_A0A024FRG9	49.45	350	369
UniRef90_UPI0005812266	55.04	350	324
UniRef90_UPI00053B738B	45.89	350	376
UniRef90_V4U2F3	49.86	350	352
UniRef90_M0U458	51.59	350	357
UniRef90_UPI00053B130A	46.02	350	381
UniRef90_C5WST1	43.43	350	364
UniRef90_A0A0B6VJH3	52.68	350	367
UniRef90_V7D2V2	48.75	350	342
UniRef90_UPI00051C818F	50.29	350	363
UniRef90_W9RW29	59.33	350	322
UniRef90_A0A072U2T1	48.01	350	345
UniRef90_UPI00053A0B9D	44.13	350	382
UniRef90_Q9CAM9	45.48	350	381
UniRef90_D7KU17	44.51	350	381
UniRef90_A0A0J8CX30	53.56	350	373
UniRef90_R7W8J5	49.71	350	333
UniRef90_UPI00053C87B3	44.17	350	379
UniRef90_UPI0003D726AE	50.88	350	369
UniRef90_R0GDP0	44.57	350	385
UniRef90_Q9CAQ3	45.66	350	381
UniRef90_A0A0K9PM30	48.86	350	574
UniRef90_R0H4H5	42.58	350	385
UniRef90_M0S528	51.62	350	362
UniRef90_A0A0D9W2B2	44.00	350	526
UniRef90_A0A0D9W2B2	42.64	350	526
UniRef90_V4STB3	55.15	350	347
UniRef90_P93324	49.72	350	372
UniRef90_UPI00053C2CBA	47.59	350	378
UniRef90_A0A0K9R8X1	53.71	350	375
UniRef90_UPI00053B16CE	43.45	350	383
UniRef90_A0A0E0MKZ9	45.76	350	368
UniRef90_D7MB40	44.64	350	339
UniRef90_A0A0K9NKR5	54.19	350	331
UniRef90_UPI00053B2274	44.76	350	376
UniRef90_Q9LPU5	45.92	350	373
UniRef90_A0A0D2MX95	82.03	350	290
UniRef90_M4D177	44.54	350	381
UniRef90_A0A0D9W2B1	44.00	350	739
UniRef90_A0A0D9W2B1	41.26	350	739
UniRef90_M7Y8P7	53.89	350	330
UniRef90_A0A0B0M6J5	62.18	350	308
UniRef90_UPI00053A81C5	39.94	350	382
UniRef90_A0A0D2TBV8	45.33	350	366
UniRef90_UPI00053C9F40	43.27	350	371
UniRef90_A0A0K9P9N3	48.56	350	596
UniRef90_G7L351	46.42	350	370
UniRef90_A0A0K9PBL4	48.14	350	519
UniRef90_UPI00053CA883	45.20	350	373
UniRef90_F2EC26	50.69	350	395
UniRef90_A0A059AUZ6	45.53	350	360
UniRef90_M8A140	57.93	350	318
UniRef90_A0A0E0I7E4	53.43	350	346
UniRef90_Q9ZU24	47.14	350	363
UniRef90_A0A078I037	42.35	350	391
UniRef90_V4LID1	45.33	350	371
UniRef90_UPI00058156F4	48.57	350	354
UniRef90_A0A0D3D7J8	44.48	350	369
UniRef90_G7L365	46.55	350	368
UniRef90_M4D709	44.76	350	369
UniRef90_UPI00058117EC	49.26	350	354
UniRef90_UPI00053C60D2	45.07	350	375
UniRef90_S8DQB3	49.72	350	353
UniRef90_A0A0K9PR50	49.86	350	558
UniRef90_A0A0D9ZH49	42.70	350	377
UniRef90_A0A059C9I2	44.67	350	360
UniRef90_K7LQI4	47.14	350	366
UniRef90_UPI0005399ADE	45.92	350	373
UniRef90_A0A0E0REZ4	40.11	350	367
UniRef90_M4F331	47.18	350	356
UniRef90_UPI00053CA09A	44.10	350	377
UniRef90_A0A078EIK4	41.53	350	385
UniRef90_V7BFN0	46.13	350	366
UniRef90_A0A0D3BVX6	43.71	350	369
UniRef90_Q9FHZ5	45.40	350	378
UniRef90_A0A0B2RBB8	42.21	350	357
UniRef90_UPI00051166C2	79.84	350	269
UniRef90_V4KQE7	47.31	350	355
UniRef90_A0A0J8CWZ7	48.87	350	375
UniRef90_A0A0L9TEW3	48.53	350	367
UniRef90_A0A0D2R3X2	51.15	350	366
UniRef90_A0A0D3HSW1	44.63	350	348
UniRef90_A0A0B2NUU9	49.27	350	342
UniRef90_A0A0L9VQ71	44.16	350	337
UniRef90_UPI0003D72128	51.18	350	1570
UniRef90_A0A061FRK9	47.44	350	443
UniRef90_Q39522	46.94	350	381
UniRef90_R0GLF5	43.38	350	374
UniRef90_W5CU17	40.17	350	370
UniRef90_M4EC11	71.06	350	296
UniRef90_G7L359	47.73	350	367
UniRef90_Q7XXD4	40.46	350	371
UniRef90_K3Y888	41.71	350	363
UniRef90_Q5C9L2	46.36	350	355
UniRef90_B9RW38	41.36	350	352
UniRef90_V4KP00	45.07	350	369
UniRef90_B9RGD7	48.29	350	367
UniRef90_Q96424	49.15	350	367
UniRef90_A0A067L020	44.15	350	420
UniRef90_S8DZ16	48.70	350	353
UniRef90_R0GFJ5	43.34	350	364
UniRef90_A0A0L9TZD0	46.42	350	370
UniRef90_A0A072TYD0	46.00	350	328
UniRef90_A0A0K9NPV6	47.86	350	562
UniRef90_M9T2E5	51.12	350	362
UniRef90_A0A072VH10	44.32	350	370
UniRef90_A0A059D416	44.25	350	357
UniRef90_UPI00032ABB30	45.92	350	371
UniRef90_A0A072TSD5	50.16	350	319
UniRef90_A0A059AUE6	42.94	350	360
UniRef90_UPI00053962E0	40.50	350	382
UniRef90_G7IZ47	46.20	350	370
UniRef90_A0A072VHJ4	43.75	350	370
UniRef90_A0A0D2VQ98	46.55	350	380
UniRef90_A0A059DFQ7	74.70	350	269
UniRef90_A0A067KLG9	46.11	350	335
UniRef90_A0A0L9TFC0	51.99	350	345
UniRef90_V4SWU4	41.47	350	350
UniRef90_M9QXV1	42.90	350	370
UniRef90_A0A0L9UIN8	44.57	350	356
UniRef90_Q9MAP0	45.45	350	352
UniRef90_A0A022QRZ0	45.33	350	364
UniRef90_D5AAR7	39.66	350	379
UniRef90_A0A059C7Z1	48.26	350	354
UniRef90_A2X4F7	39.32	350	354
UniRef90_G7L368	44.63	350	375
UniRef90_A0A0A6Z5Z8	56.58	350	308
UniRef90_A0A0D2RAH9	49.14	350	366
UniRef90_W9QW44	39.44	350	356
UniRef90_A0A061E2V5	40.40	350	353
UniRef90_Q43096	39.78	350	381
UniRef90_R0GQR6	46.88	350	352
UniRef90_A0A072V9H2	44.41	350	363
UniRef90_A0A0K9R160	46.24	350	353
UniRef90_F2DQK4	38.97	350	366
UniRef90_A0A061F7Q2	52.27	350	342
UniRef90_A0A0D3A7W3	43.75	350	366
UniRef90_A0A0G4DC02	77.29	350	283
UniRef90_W9R6E3	38.66	350	354
UniRef90_M4D710	43.66	350	376
UniRef90_V4S9P2	40.47	350	351
UniRef90_U5FIZ2	39.03	350	351
UniRef90_B9I955	46.37	350	388
UniRef90_UPI0003EABAC2	42.70	350	368
UniRef90_A0A0K9Q3F7	47.71	350	557
UniRef90_A0A0D6QYW2	39.55	350	370
UniRef90_A0A024FRG4	44.41	350	357
UniRef90_A0A078JEE7	44.60	350	366
UniRef90_G7IZ46	46.59	350	357
UniRef90_Q9SRD4	40.56	350	367
UniRef90_A9NPE2	37.93	350	377
UniRef90_A0A0K9PTI3	46.86	350	563
UniRef90_B8RCD3	42.86	350	358
UniRef90_A0A0D2V0P4	39.20	350	361
UniRef90_V7B2B1	50.35	350	294
UniRef90_M5WK73	43.98	350	336
UniRef90_A0A0K9PJ68	46.44	350	557
UniRef90_V7C4M2	43.87	350	368
UniRef90_I3T9J0	42.21	350	369
UniRef90_UPI0004A5FD9C	53.68	350	332
UniRef90_A0A067JW09	37.90	350	360
UniRef90_V7C6T9	43.18	350	369
UniRef90_A0A0L9U1W6	45.63	350	375
UniRef90_B9RW39	37.90	350	351
UniRef90_M5XIQ4	44.72	350	395
UniRef90_B9S0A7	39.31	350	357
UniRef90_A0A0K9P7X3	47.58	350	558
UniRef90_UPI000498D4FE	85.95	350	253
UniRef90_A0A072VH15	41.76	350	384
UniRef90_A0A0D3A7W1	44.32	350	527
UniRef90_F6HLU7	46.76	350	358
