UniRef90_Q00441	98.26	403	404
UniRef90_A0A099D4T8	87.34	403	404
UniRef90_Q5Y9H2	70.82	403	406
UniRef90_Q83X78	64.91	403	406
UniRef90_Q83X67	49.75	403	404
UniRef90_UPI00038051C3	50.00	403	449
UniRef90_UPI0006E369C8	49.49	403	402
UniRef90_UPI0005A8DCF4	50.51	403	397
UniRef90_UPI0004CB76C8	49.37	403	402
UniRef90_UPI000525E483	48.21	403	390
UniRef90_F2QB25	48.24	403	402
UniRef90_F4CJI8	46.40	403	420
UniRef90_A0A0D7CK05	49.62	403	398
UniRef90_UPI0004E20B0E	48.98	403	400
UniRef90_A0A0H5CM61	46.48	403	401
UniRef90_UPI000416864B	46.93	403	396
UniRef90_UPI0004C7528E	50.00	403	393
UniRef90_UPI00037372C2	48.11	403	409
UniRef90_L7ER32	47.34	403	410
UniRef90_A0A076N332	49.49	403	406
UniRef90_A0A0A8EXH7	48.74	403	447
UniRef90_UPI0004C81012	46.43	403	382
UniRef90_P33271	46.67	403	405
UniRef90_F8JXQ4	50.13	403	413
UniRef90_UPI00052495C3	47.98	403	396
UniRef90_A0A0D4DDA4	49.32	403	390
UniRef90_A0A081EIZ2	46.80	403	396
UniRef90_UPI000411CC7F	46.72	403	402
UniRef90_UPI000364D44A	48.21	403	391
UniRef90_F2RCF4	47.58	403	393
UniRef90_UPI0004BFA9FB	47.58	403	392
UniRef90_UPI0004CCB870	46.85	403	402
UniRef90_B5HEW4	48.76	403	401
UniRef90_A0A0F4JBM8	46.37	403	402
UniRef90_UPI00048C2877	49.12	403	402
UniRef90_UPI0004C7E321	48.23	403	398
UniRef90_L1KYQ0	47.06	403	400
UniRef90_UPI0003A623F5	47.45	403	391
UniRef90_UPI00068C48DA	47.04	403	413
UniRef90_UPI000559CDE8	46.55	403	410
UniRef90_A0A0A0NAS0	47.69	403	398
UniRef90_A0A075ULR1	46.98	403	399
UniRef90_H5XCS7	46.38	403	410
UniRef90_Q70AR3	48.09	403	392
UniRef90_G2NG52	46.33	403	390
UniRef90_UPI00036C3633	46.85	403	408
UniRef90_A0A0B5IEA4	47.58	403	392
UniRef90_UPI0004C9696E	45.91	403	400
UniRef90_UPI0004C0A5F6	48.08	403	401
UniRef90_Q9F823	84.66	403	189
UniRef90_UPI0006E316B5	47.12	403	401
UniRef90_M2PU24	47.36	403	400
UniRef90_UPI00068B4B4B	47.10	403	410
UniRef90_B5HBZ5	47.22	403	401
UniRef90_UPI00047C6E24	47.87	403	402
UniRef90_M2Z2I6	48.83	403	402
UniRef90_H0BB63	47.59	403	397
UniRef90_UPI0005F7A00C	48.35	403	392
UniRef90_UPI00052E68D5	46.94	403	400
UniRef90_UPI00036AA87B	46.65	403	413
UniRef90_M3BWE1	47.25	403	398
UniRef90_A0A0N1FJ13	48.74	403	390
UniRef90_UPI0004AAFEEA	49.24	403	410
UniRef90_UPI000362A095	48.12	403	406
UniRef90_UPI00069CA2AA	49.25	403	402
UniRef90_UPI0004AA43DA	45.43	403	397
UniRef90_A0A099D8S2	48.52	403	413
UniRef90_A0A0M8VPM3	48.22	403	407
UniRef90_UPI00035C83AA	46.87	403	400
UniRef90_A0A089X3T1	47.25	403	398
UniRef90_A0A0M8WL52	45.39	403	400
UniRef90_A0A059VQZ9	45.77	403	409
UniRef90_O87605	46.33	403	416
UniRef90_A0A0M9ZP89	47.86	403	394
UniRef90_A0A0G3A7G4	47.10	403	389
UniRef90_A0A0L8NPH3	45.86	403	422
UniRef90_UPI0006E24988	45.52	403	396
UniRef90_A0A0L0K0D1	44.15	403	409
UniRef90_UPI0006E2D2B2	45.52	403	400
UniRef90_L1L902	48.23	403	396
UniRef90_A0A0L0IN93	46.00	403	398
UniRef90_V6KRS6	47.87	403	393
UniRef90_D6KBC3	45.60	403	405
UniRef90_UPI00062C2428	48.85	403	393
UniRef90_A0A0M8TG95	46.87	403	394
UniRef90_A0A0F2TH23	46.10	403	397
UniRef90_UPI0004C24406	45.69	403	406
UniRef90_UPI00048FD3C8	48.49	403	393
UniRef90_A0A059VPW0	47.86	403	445
UniRef90_UPI00069C1813	47.42	403	409
UniRef90_UPI0003730A61	46.85	403	403
UniRef90_UPI0004C19B5B	46.08	403	396
UniRef90_UPI000381D8E7	47.30	403	396
UniRef90_UPI000685B073	46.31	403	404
UniRef90_UPI0005572B63	44.83	403	404
UniRef90_UPI0004033A0A	45.50	403	399
UniRef90_A0A0F4KDD5	47.73	403	411
UniRef90_A0A0N1FVY0	47.49	403	400
UniRef90_M3E3R9	46.75	403	398
UniRef90_A0A0F4JN25	46.84	403	406
UniRef90_R4TA81	45.90	403	395
UniRef90_A0A0F4J1L7	46.13	403	398
UniRef90_A0A069K947	46.68	403	390
UniRef90_A0A0C1VKP2	45.02	403	402
UniRef90_S2YW98	47.62	403	393
UniRef90_A0A0M2YSD6	47.06	403	401
UniRef90_UPI000566ACCA	45.81	403	411
UniRef90_A0A0L8L481	46.62	403	394
UniRef90_E8U935	44.80	403	405
UniRef90_UPI0003690D7A	44.09	403	415
UniRef90_UPI00051704ED	45.98	403	410
UniRef90_UPI000526A43A	47.21	403	402
UniRef90_A0A0C2JI50	46.51	403	410
UniRef90_UPI000524B5EB	47.00	403	402
UniRef90_UPI0003A15CA4	46.70	403	391
UniRef90_A0A0C1VAA9	45.10	403	409
UniRef90_A0A010Z0U0	45.82	403	399
UniRef90_UPI00039F941D	44.84	403	409
UniRef90_H2K9P3	47.26	403	391
UniRef90_UPI00037C284C	45.57	403	414
UniRef90_Q8KY32	43.84	403	419
UniRef90_Q82LM3	47.47	403	393
UniRef90_S5V4H7	46.12	403	391
UniRef90_C9ZGI2	46.10	403	396
UniRef90_UPI00039AFF47	45.50	403	400
UniRef90_I2N8Z2	46.82	403	390
UniRef90_A0A0M3QLD1	45.96	403	404
UniRef90_UPI0004C7BE93	44.97	403	414
UniRef90_UPI0004C51740	46.63	403	397
UniRef90_UPI0006F59FDC	47.33	403	392
UniRef90_A0A0C1X8L0	46.85	403	393
UniRef90_A0A0M2JNK8	44.73	403	410
UniRef90_UPI0003F5FC1D	46.97	403	391
UniRef90_UPI0004C311EA	45.04	403	397
UniRef90_S2Y0C9	46.65	403	393
UniRef90_UPI00036DB698	45.89	403	398
UniRef90_K4R015	45.84	403	392
UniRef90_UPI0004BDFA30	45.69	403	396
UniRef90_UPI0004C4AA12	46.87	403	399
UniRef90_UPI0006AF47E0	45.52	403	411
UniRef90_H8GC80	45.94	403	401
UniRef90_A0A0C2QUR8	41.94	403	409
UniRef90_A0A0A0N9M6	47.10	403	399
UniRef90_UPI0005680215	46.87	403	394
UniRef90_UPI0004C0F557	46.62	403	397
UniRef90_UPI0002379185	45.92	403	406
UniRef90_A0A0G3ASH6	45.45	403	388
UniRef90_UPI00037B2D19	47.58	403	411
UniRef90_D9VMN9	46.60	403	397
UniRef90_G0PS64	47.72	403	391
UniRef90_A0A0M8UFA3	47.15	403	399
UniRef90_D6AXS4	46.62	403	404
UniRef90_X0MSC7	46.39	403	404
UniRef90_UPI000559C8BA	46.38	403	407
UniRef90_R4LKI6	47.21	403	400
UniRef90_A0A0L8Q4E2	45.15	403	390
UniRef90_D9VLT4	45.77	403	402
UniRef90_UPI0004A9E151	46.68	403	390
UniRef90_K0KC00	46.48	403	411
UniRef90_UPI000525CBA8	44.67	403	411
UniRef90_N0D691	45.45	403	404
UniRef90_UPI0004C04EE1	46.17	403	403
UniRef90_A0A0F4IBJ4	46.65	403	399
UniRef90_UPI0006E278FB	48.48	403	396
UniRef90_A0A059WHC9	45.29	403	407
UniRef90_D9VGH4	45.43	403	409
UniRef90_G8SL02	47.37	403	398
UniRef90_A8R0I4	46.11	403	397
UniRef90_A0A0N0TK87	45.11	403	396
UniRef90_UPI0004CC2484	45.34	403	396
UniRef90_UPI00035C97AE	44.11	403	402
UniRef90_UPI0004BD1EC8	44.92	403	406
UniRef90_A0A0L8M6I1	44.42	403	407
UniRef90_A0A0F0HWT3	45.41	403	401
UniRef90_A0A0F4IZX7	44.92	403	413
UniRef90_A0A0C1XXP1	44.86	403	409
UniRef90_UPI00047FF91E	45.73	403	403
UniRef90_UPI0006250FDB	46.37	403	393
UniRef90_S3BG79	46.41	403	410
UniRef90_S3ZG53	47.61	403	395
UniRef90_A0A0M5LU53	44.20	403	410
UniRef90_UPI00069D1FAB	45.57	403	380
UniRef90_A0A0F4IGE9	45.94	403	404
UniRef90_A0A022MIG2	45.25	403	397
UniRef90_A0A0F7VQP9	46.12	403	394
UniRef90_A0A0B5DRH4	44.81	403	395
UniRef90_B5GRQ0	46.10	403	390
UniRef90_UPI00034BF00A	44.55	403	423
UniRef90_UPI0006FA8469	43.94	403	390
UniRef90_UPI0006E2B89F	44.71	403	409
UniRef90_A0A0J7AKU0	46.73	403	400
UniRef90_UPI00066B6D19	46.87	403	405
UniRef90_A0A0M8SIW4	48.59	403	376
UniRef90_UPI0002F89309	44.44	403	407
UniRef90_UPI0004756D4C	43.55	403	411
UniRef90_UPI0004C7A0A5	45.68	403	406
UniRef90_UPI000561EA60	44.53	403	398
UniRef90_UPI0004BF3B24	46.85	403	395
UniRef90_B5I942	45.27	403	405
UniRef90_UPI000525BA30	44.86	403	401
UniRef90_UPI00036C11D8	45.98	403	432
UniRef90_A0A0C2AUV4	45.52	403	396
UniRef90_UPI0004C27193	44.47	403	395
UniRef90_R1IG91	45.00	403	403
UniRef90_F4CLB6	46.11	403	406
UniRef90_M3F9A0	44.20	403	400
UniRef90_UPI0005EF4065	46.35	403	396
UniRef90_UPI0004CC4699	45.73	403	394
UniRef90_B4VB56	44.67	403	406
UniRef90_UPI0004BF4DEB	45.66	403	405
UniRef90_UPI0004C1FC15	44.33	403	419
UniRef90_Q595R7	45.86	403	415
UniRef90_J2K8C5	45.82	403	417
UniRef90_H0BIX7	46.17	403	390
UniRef90_UPI0003F62E74	45.84	403	399
UniRef90_A0A0M2JSW6	47.62	403	391
UniRef90_H2JTJ4	44.14	403	416
UniRef90_UPI0005F2A061	45.52	403	401
UniRef90_G0PS63	44.58	403	399
UniRef90_UPI0004C6A747	44.67	403	396
UniRef90_UPI0004BED158	45.15	403	402
UniRef90_A0A0N0AGD5	43.56	403	393
UniRef90_A0A0N0A985	46.73	403	409
UniRef90_UPI00062622F4	46.73	403	397
UniRef90_UPI000563F54D	45.57	403	401
UniRef90_UPI0004063785	46.60	403	398
UniRef90_B4V290	45.89	403	410
UniRef90_UPI0002EEEDC0	46.72	403	409
UniRef90_UPI0004C22171	46.23	403	393
UniRef90_UPI0004CD55A5	45.04	403	410
UniRef90_A0A0M4QTV8	44.44	403	402
UniRef90_UPI0004CABF21	45.86	403	394
UniRef90_A0A0L8Q3Z5	46.60	403	399
UniRef90_A0A0A0NWM2	46.37	403	403
UniRef90_UPI00048BD335	45.61	403	410
UniRef90_A0A0M8SYY7	46.50	403	400
UniRef90_A0A0F7VND1	45.09	403	401
UniRef90_A0A0J7YXJ6	45.11	403	394
UniRef90_UPI00035F0CF1	43.50	403	406
UniRef90_G2PAR5	44.09	403	408
UniRef90_W7J1V0	45.02	403	404
UniRef90_H5WWC2	45.93	403	405
UniRef90_UPI000419C4FE	46.37	403	409
UniRef90_UPI0002DA203C	43.71	403	422
UniRef90_V6JS30	45.50	403	389
UniRef90_UPI0004C4DF94	45.98	403	394
UniRef90_A0A0F7FZ69	47.10	403	413
UniRef90_UPI0002E57C72	44.72	403	408
UniRef90_F4CKU2	44.07	403	413
UniRef90_A0A0N1NEL1	42.51	403	405
UniRef90_UPI0004C9E555	44.81	403	412
UniRef90_A0A0N0MNZ1	45.08	403	390
UniRef90_L8PQQ4	45.84	403	392
UniRef90_UPI00037D1F9C	45.23	403	394
UniRef90_UPI0004C73760	46.34	403	415
UniRef90_UPI00068D5B87	46.00	403	407
UniRef90_UPI0004AA4D10	46.48	403	399
UniRef90_UPI000699A43B	44.23	403	420
UniRef90_UPI0004C793C2	45.98	403	409
UniRef90_A0A0J6XHP5	45.18	403	407
UniRef90_A0A0J8AX51	45.59	403	408
UniRef90_UPI0003F8EF80	45.66	403	393
UniRef90_A0A0F4KG90	43.24	403	419
UniRef90_UPI0004BCF426	44.53	403	419
UniRef90_UPI0004CA6FE1	45.81	403	403
UniRef90_A0A0F4KHU3	44.33	403	392
UniRef90_D6AAM8	46.85	403	430
UniRef90_A0A0N0N992	45.61	403	394
UniRef90_UPI000367D8D7	44.56	403	407
UniRef90_UPI0004C08F11	45.96	403	394
UniRef90_K0ER31	45.25	403	407
UniRef90_A0A024YZC0	45.06	403	406
UniRef90_UPI00039F31F6	45.52	403	409
UniRef90_A0A066U194	46.13	403	403
UniRef90_UPI0006D05716	47.49	403	410
UniRef90_S3ZHA5	44.61	403	403
UniRef90_UPI0004C56CF2	46.23	403	397
UniRef90_UPI0004C29F62	44.81	403	403
UniRef90_UPI0004C745D3	44.92	403	411
UniRef90_J2A429	46.94	403	400
UniRef90_UPI000382711E	44.86	403	394
UniRef90_L7F554	44.70	403	396
UniRef90_UPI0004CB270E	45.71	403	399
UniRef90_N0CYA4	45.15	403	390
UniRef90_A0A023WB15	45.01	403	429
UniRef90_UPI0004DF8527	43.30	403	402
UniRef90_UPI0004C70A44	45.14	403	391
UniRef90_A0A0M9ZS54	45.10	403	388
UniRef90_A0A087K552	44.67	403	390
UniRef90_D2S469	44.78	403	412
UniRef90_UPI0004C510F4	45.36	403	394
UniRef90_UPI0005257330	45.34	403	398
UniRef90_UPI0004CD22AF	45.02	403	395
UniRef90_UPI000686883A	47.24	403	410
UniRef90_A0A0K1H351	43.07	403	401
UniRef90_A0A022MNW1	45.98	403	393
UniRef90_H2K6B2	45.69	403	408
UniRef90_A0A081XLB2	44.89	403	398
UniRef90_A0A0C1TMM0	44.11	403	391
UniRef90_UPI00039A2408	44.64	403	396
UniRef90_W5WGM0	45.10	403	426
UniRef90_A0A0N0T0G4	45.84	403	388
UniRef90_A0A0L0JE01	43.78	403	401
UniRef90_UPI0005CEF2CB	44.23	403	400
UniRef90_A0A0D7CGS5	44.30	403	417
UniRef90_A0A0M9YHU2	44.00	403	394
UniRef90_UPI00036B720B	42.28	403	405
UniRef90_UPI00037D52CE	44.95	403	394
UniRef90_UPI0006882FDB	45.79	403	383
UniRef90_A0A0F4ICJ0	43.78	403	407
UniRef90_UPI000524A812	45.26	403	402
UniRef90_A0A0D6WQL2	45.89	403	385
UniRef90_UPI0003ACF32C	43.64	403	394
UniRef90_A0A0F5VR14	45.36	403	394
UniRef90_UPI0004CC69C5	43.03	403	414
UniRef90_UPI0005672777	46.21	403	389
UniRef90_UPI0004BE51E4	44.28	403	394
UniRef90_A0A0C2BKI6	45.76	403	392
UniRef90_A0A0C2B8A0	44.33	403	397
UniRef90_UPI0006E41150	44.03	403	401
UniRef90_F8FJS9	41.15	403	416
UniRef90_UPI0004C4F512	44.31	403	408
UniRef90_UPI00040B16AA	42.75	403	406
UniRef90_A8M8D4	44.47	403	408
UniRef90_A0A0H4CAS2	44.86	403	396
UniRef90_UPI00052570B9	45.11	403	394
UniRef90_UPI0004C84E62	44.72	403	408
UniRef90_E2PYN1	43.36	403	402
UniRef90_A0A0N0AMX5	44.23	403	417
UniRef90_UPI0004CB1AA7	45.71	403	400
UniRef90_K2G8Q8	41.38	403	403
UniRef90_UPI0004BFB474	43.72	403	412
UniRef90_A0A0K9H157	39.55	403	399
UniRef90_K9MYW8	45.10	403	396
UniRef90_F3N9Q4	45.15	403	399
UniRef90_UPI0006E46C42	45.61	403	394
UniRef90_A0A0K9XJE7	43.22	403	393
UniRef90_UPI000523FAA1	45.55	403	391
UniRef90_A0A0F0GS68	43.96	403	401
UniRef90_UPI0004CBC089	42.44	403	417
UniRef90_A0A0M2SVN6	40.60	403	394
UniRef90_UPI00068DDDAE	41.93	403	417
UniRef90_D2AWQ3	44.70	403	411
UniRef90_UPI0004C0D49C	46.29	403	408
UniRef90_UPI0003483FAB	42.09	403	430
UniRef90_UPI0006913827	42.31	403	429
UniRef90_A0A059VYP4	45.80	403	406
UniRef90_UPI000237A13F	41.65	403	403
UniRef90_D9VW13	47.35	403	399
UniRef90_UPI0004B999F8	43.73	403	419
UniRef90_UPI0004C30CDB	43.51	403	401
UniRef90_UPI0006E21B32	44.42	403	401
UniRef90_A0A0J7AF61	44.61	403	396
UniRef90_UPI0004CD4847	43.96	403	396
UniRef90_UPI0004808756	39.35	403	396
UniRef90_UPI0005A9B699	44.02	403	409
UniRef90_D1GLV3	44.55	403	414
UniRef90_A0A0L8LSC0	44.61	403	411
UniRef90_I0UWP8	41.96	403	405
UniRef90_UPI0003706ACC	41.34	403	391
UniRef90_UPI000698ED40	45.86	403	393
UniRef90_UPI0002627CB3	40.85	403	409
UniRef90_UPI000569AA5F	44.99	403	412
UniRef90_A0A0A8EDN9	42.64	403	428
UniRef90_UPI0004CB6FA6	46.48	403	414
UniRef90_UPI0004A6AF07	43.58	403	409
UniRef90_UPI0005B7C9FC	43.94	403	410
UniRef90_UPI00035F99C0	43.88	403	390
UniRef90_A0A0L8LVW6	45.41	403	401
UniRef90_A0A0N1NCB3	44.01	403	396
UniRef90_UPI00068936CB	44.78	403	397
UniRef90_UPI0006F2B020	44.15	403	407
UniRef90_UPI00068B6F15	44.95	403	411
UniRef90_UPI0004CBA7AD	45.43	403	414
UniRef90_Q595T8	41.43	403	430
UniRef90_UPI0006E237D7	46.17	403	408
UniRef90_UPI0006F77234	40.80	403	404
UniRef90_UPI0004B19158	45.09	403	403
UniRef90_R9THP7	43.10	403	413
UniRef90_UPI0003745D8A	43.11	403	399
UniRef90_UPI00048C8B0D	43.66	403	417
UniRef90_UPI00058E3BEC	44.68	403	388
UniRef90_A0A089XHB9	44.22	403	393
UniRef90_UPI0003658ADC	43.83	403	399
UniRef90_A0A0M2MM08	44.64	403	398
UniRef90_UPI00046738D7	41.62	403	404
UniRef90_UPI00067A75A9	41.75	403	411
UniRef90_UPI0005A717E6	45.23	403	396
UniRef90_A0A0M4F2D7	36.91	403	410
UniRef90_T2S2W2	43.80	403	391
UniRef90_A0A0D4WUR1	42.48	403	424
UniRef90_UPI0005A801CE	44.81	403	407
UniRef90_UPI000554D89D	41.71	403	434
UniRef90_UPI0004BF53F5	45.89	403	403
UniRef90_Q595U3	41.67	403	430
UniRef90_A0A0B5ENQ9	44.61	403	399
UniRef90_UPI00055B38BA	43.84	403	401
UniRef90_M2Y9W8	43.98	403	400
UniRef90_UPI0006D76C04	39.50	403	396
UniRef90_UPI000423BAB8	44.47	403	399
UniRef90_B4V6I3	45.76	403	398
UniRef90_A0A0B6VTB8	44.50	403	393
UniRef90_UPI00037D23B9	42.08	403	404
UniRef90_UPI000623BC8A	42.58	403	423
UniRef90_Q82A10	43.94	403	388
UniRef90_UPI0004C196C2	44.03	403	397
UniRef90_W2F0A7	42.54	403	427
UniRef90_A0A086GN32	42.96	403	392
UniRef90_UPI00038130F2	42.14	403	439
UniRef90_W5WGW2	43.18	403	403
UniRef90_C4B644	42.04	403	403
UniRef90_UPI000368A1E5	45.99	403	398
UniRef90_A0A0K9GT46	39.60	403	397
UniRef90_K0K5Y7	43.58	403	411
UniRef90_M3B900	43.08	403	400
UniRef90_D9W9M5	43.65	403	389
UniRef90_V6KH10	43.56	403	403
UniRef90_A0A0N0MTM0	43.36	403	431
UniRef90_G8S0F2	43.98	403	429
UniRef90_UPI0004BF4451	44.84	403	411
UniRef90_M4JVN4	44.06	403	397
UniRef90_A0A0M3U4Y3	45.20	403	405
UniRef90_UPI000428DCA9	44.05	403	401
UniRef90_A0A0C1SNF2	42.43	403	397
UniRef90_UPI0005679650	46.31	403	387
UniRef90_W7SQZ4	44.11	403	404
UniRef90_UPI0005671E6C	45.48	403	392
UniRef90_E2PZM4	44.80	403	448
UniRef90_UPI000300679C	42.65	403	407
UniRef90_UPI0004BF698B	44.97	403	397
UniRef90_A0A075UWH2	40.70	403	408
UniRef90_UPI00054E4571	46.06	403	407
UniRef90_UPI000478EC1D	39.30	403	403
UniRef90_A0A0M4QJY2	43.00	403	416
UniRef90_UPI00068460F4	41.50	403	398
UniRef90_UPI000424B748	42.29	403	411
UniRef90_D9XPH0	41.85	403	409
UniRef90_UPI0004C9B0AF	41.53	403	431
UniRef90_UPI00048908AF	45.61	403	410
UniRef90_A0A0L0K5E1	43.61	403	402
UniRef90_A0A0N1GBU3	45.13	403	404
UniRef90_A0A0F5HR78	40.90	403	397
UniRef90_UPI0003B53D91	40.45	403	403
UniRef90_V9GCF1	38.10	403	398
UniRef90_V9W6N2	39.20	403	405
UniRef90_UPI0002DBCABD	43.92	403	408
UniRef90_UPI0004C52323	43.62	403	393
UniRef90_S9QHL6	42.67	403	403
UniRef90_S3ARC2	44.64	403	408
UniRef90_A0A0C2XT29	39.35	403	405
UniRef90_A0A0F0HNH8	41.44	403	417
UniRef90_W5TEA3	42.89	403	448
UniRef90_H2JMS5	44.00	403	413
UniRef90_UPI0005BA4387	42.71	403	429
UniRef90_I4EMZ2	40.85	403	440
UniRef90_UPI0002D7ED88	44.83	403	409
UniRef90_UPI00039E5478	45.27	403	405
UniRef90_UPI00036F1B26	41.33	403	429
UniRef90_V6KJH0	43.03	403	423
UniRef90_A0A0A6USY0	43.36	403	387
UniRef90_A0A0M5LWL0	44.61	403	403
UniRef90_A0A0D4DGN9	45.70	403	417
UniRef90_C9YY34	42.62	403	431
UniRef90_UPI0006EB974C	42.25	403	417
UniRef90_UPI0006EB645A	42.30	403	438
UniRef90_UPI00069AA483	45.11	403	395
UniRef90_UPI00068A0759	43.78	403	409
UniRef90_D7C4A9	45.53	403	418
UniRef90_UPI00051A5A61	40.35	403	401
UniRef90_UPI00068C647C	41.92	403	404
UniRef90_H6UNZ9	41.59	403	422
UniRef90_UPI0005A98CD6	43.22	403	406
UniRef90_UPI000411B301	38.40	403	395
UniRef90_A0A0M0W2E9	39.19	403	401
UniRef90_UPI0006E239A5	43.50	403	392
UniRef90_A0A0K2AV88	43.85	403	394
UniRef90_Q595U8	41.58	403	429
UniRef90_UPI0006885D43	41.54	403	405
UniRef90_D9WIF6	41.83	403	423
UniRef90_Q595T9	41.46	403	430
UniRef90_UPI00069249DE	41.77	403	422
UniRef90_UPI0004CB27DE	42.82	403	414
UniRef90_UPI0005A65BE9	41.44	403	420
UniRef90_J1RM70	42.65	403	456
UniRef90_I4EKT4	41.88	403	404
UniRef90_A0A0L0KBH5	42.23	403	411
UniRef90_F5AMZ7	43.94	403	398
UniRef90_Q595U4	41.79	403	475
UniRef90_UPI000364E250	44.86	403	407
UniRef90_A0A0K9XKY9	42.39	403	403
UniRef90_UPI000525E290	41.44	403	404
UniRef90_K4R3P4	46.39	403	396
UniRef90_UPI0002F05F99	41.50	403	401
UniRef90_UPI0004CD47EF	42.79	403	403
UniRef90_A0A086GZF0	42.62	403	437
UniRef90_A0A0N0T9X9	43.22	403	404
UniRef90_UPI00068C38EA	41.41	403	406
UniRef90_UPI0004C88E1D	41.42	403	434
UniRef90_A0A0C1Y2H4	40.29	403	438
UniRef90_A0A0C2AKQ1	42.64	403	419
UniRef90_Q70AS2	40.15	403	426
UniRef90_B5HJI8	39.90	403	417
UniRef90_F2R6D7	39.22	403	425
UniRef90_F2QB25	47.64	403	402
UniRef90_UPI0006EB645A	40.44	403	438
UniRef90_Q00441	98.01	403	404
UniRef90_J1RM70	41.30	403	456
UniRef90_UPI000688927E	39.31	403	431
UniRef90_UPI0003C772FB	40.69	403	418
UniRef90_A0A0F0HNH8	40.73	403	417
UniRef90_L7ETN8	40.34	403	435
UniRef90_D6ETM0	40.10	403	433
UniRef90_E8U935	44.33	403	405
UniRef90_V6K386	40.19	403	436
UniRef90_M3E4Q2	41.02	403	431
UniRef90_A0A0D7CK05	48.62	403	398
UniRef90_A0A0N1NCY2	39.76	403	436
UniRef90_D9WIF6	41.18	403	423
UniRef90_A0A0C2QUR8	41.94	403	409
UniRef90_C9YY34	41.02	403	431
UniRef90_UPI00038051C3	49.38	403	449
UniRef90_B4V9T1	39.51	403	424
UniRef90_UPI0003618410	39.56	403	425
UniRef90_UPI00052495C3	47.12	403	396
UniRef90_UPI0004CB27DE	41.34	403	414
UniRef90_A0A0F4JBM8	45.61	403	402
UniRef90_A0A0L0KBH5	40.79	403	411
UniRef90_A0A086GZF0	40.53	403	437
UniRef90_B5GZN3	39.32	403	449
UniRef90_UPI0006E15BAD	40.58	403	440
UniRef90_UPI00068437DB	39.90	403	421
UniRef90_A0A0N0TC78	39.61	403	438
UniRef90_UPI000525CBA8	43.61	403	411
UniRef90_UPI0004C81012	45.94	403	382
UniRef90_UPI0006898212	40.00	403	440
UniRef90_UPI0004BF772D	38.82	403	417
UniRef90_A0A0M2MN43	40.05	403	427
UniRef90_S3Z6M8	39.56	403	430
UniRef90_UPI0005A8DCF4	49.87	403	397
UniRef90_A0A069K1K7	39.66	403	484
UniRef90_A0A076N332	48.87	403	406
UniRef90_A0A0A8EXH7	47.88	403	447
UniRef90_UPI00056832F9	40.79	403	424
UniRef90_H2JRN3	39.71	403	430
UniRef90_A0A0N0HN29	39.01	403	419
UniRef90_F8JXQ4	48.50	403	413
UniRef90_UPI00056D9DEA	39.86	403	437
UniRef90_UPI000374BA51	38.98	403	430
UniRef90_UPI0003A98F5A	39.86	403	465
UniRef90_UPI00035C83AA	46.63	403	400
UniRef90_A0A0F4KDD5	47.10	403	411
UniRef90_UPI0004C269F1	39.47	403	426
UniRef90_L8EEU4	39.85	403	423
UniRef90_UPI0004CB76C8	48.01	403	402
UniRef90_A0A089XCC5	39.37	403	423
UniRef90_A0A072SFN8	40.00	403	427
UniRef90_A0A0D4DST9	39.61	403	446
UniRef90_B5HBZ5	46.37	403	401
UniRef90_V6JWW3	39.76	403	417
UniRef90_UPI00069914EF	39.56	403	438
UniRef90_A0A0C2AKQ1	40.69	403	419
UniRef90_X0P0A4	39.90	403	464
UniRef90_UPI000367AFFA	39.07	403	425
UniRef90_A0A0J7Z9U0	39.90	403	441
UniRef90_UPI0006FA8469	43.80	403	390
UniRef90_S3AU66	41.36	403	427
UniRef90_UPI00036DB698	45.39	403	398
UniRef90_A0A0C1Y2H4	40.05	403	438
UniRef90_UPI0004CCB870	46.12	403	402
UniRef90_UPI0005A640EC	40.39	403	406
UniRef90_UPI000362A095	45.91	403	406
UniRef90_UPI0004C7E321	47.50	403	398
UniRef90_G2GAY3	40.34	403	439
UniRef90_A0A0L8NPH3	45.36	403	422
UniRef90_G2NG52	46.45	403	390
UniRef90_UPI0004E2656A	39.66	403	425
UniRef90_M3E3R9	45.39	403	398
UniRef90_UPI0004CBEECA	39.66	403	431
UniRef90_UPI00036D80E7	38.57	403	463
UniRef90_UPI0005BB20EC	39.71	403	446
UniRef90_UPI0006E316B5	46.46	403	401
UniRef90_F8JWA3	39.95	403	428
UniRef90_UPI00053979A3	40.00	403	415
UniRef90_UPI0006E2A0EC	39.38	403	439
UniRef90_UPI00069CA2AA	48.26	403	402
UniRef90_A0A0L0K0D1	44.61	403	409
UniRef90_UPI0005A65BE9	41.03	403	420
UniRef90_UPI000406D801	38.98	403	439
UniRef90_D6B2U9	39.22	403	422
UniRef90_UPI0005F79AB0	38.82	403	414
UniRef90_W3AB37	38.44	403	399
UniRef90_UPI00056819D1	40.25	403	416
UniRef90_A0A0N1NEL1	41.77	403	405
UniRef90_UPI0006882559	39.95	403	420
UniRef90_UPI0006E3416F	42.20	403	427
UniRef90_UPI000685BC1E	40.39	403	409
UniRef90_UPI000525BA30	43.61	403	401
UniRef90_A0A059VQZ9	45.61	403	409
UniRef90_A0A089X3T1	45.89	403	398
UniRef90_UPI00051721F0	38.48	403	415
UniRef90_A0A022M9V3	38.88	403	426
UniRef90_UPI0006996A50	40.69	403	444
UniRef90_UPI000525E483	47.97	403	390
UniRef90_UPI00068C48DA	46.75	403	413
UniRef90_M3BWE1	46.13	403	398
UniRef90_UPI0004045C5B	40.49	403	435
UniRef90_UPI0004E112EB	41.18	403	416
UniRef90_UPI0004C53572	38.29	403	412
UniRef90_W5WGW2	42.11	403	403
UniRef90_UPI0002627CB3	40.40	403	409
UniRef90_UPI0004C4DF94	44.89	403	394
UniRef90_A0A0F2T879	40.44	403	427
UniRef90_UPI0005688416	41.12	403	416
UniRef90_A0A0N1FJ13	48.00	403	390
UniRef90_A0A0K9H157	39.45	403	399
UniRef90_UPI0004877BF6	39.95	403	411
UniRef90_D9VLT4	45.36	403	402
UniRef90_UPI00048809C5	40.88	403	425
UniRef90_E4NG24	40.44	403	414
UniRef90_UPI000696AAF6	38.41	403	426
UniRef90_UPI0004C57802	41.03	403	415
UniRef90_UPI00051704ED	45.06	403	410
UniRef90_UPI00068B0555	38.26	403	440
UniRef90_UPI0006AF47E0	44.61	403	411
UniRef90_UPI000362EEBF	38.55	403	442
UniRef90_UPI0006E369C8	49.10	403	402
UniRef90_F3NS09	38.59	403	424
UniRef90_UPI00048C2877	48.00	403	402
UniRef90_UPI0005B7900A	38.55	403	429
UniRef90_A0A0C1VKP2	44.11	403	402
UniRef90_UPI000625A347	39.17	403	435
UniRef90_A0A0F5VR14	44.89	403	394
UniRef90_UPI0004A9E151	45.32	403	390
UniRef90_UPI0006892734	39.85	403	458
UniRef90_B5I942	44.91	403	405
UniRef90_A0A0F4KAR0	39.32	403	430
UniRef90_P33271	46.52	403	405
UniRef90_UPI00037372C2	47.62	403	409
UniRef90_G2NED8	38.97	403	431
UniRef90_A0A0B5IEA4	46.98	403	392
UniRef90_U5LAR8	39.60	403	402
UniRef90_F2RCF4	46.98	403	393
UniRef90_A0A0C1VAZ1	38.63	403	430
UniRef90_V6KJH0	42.54	403	423
UniRef90_UPI0003730A61	46.10	403	403
UniRef90_UPI000559CDE8	45.55	403	410
UniRef90_A0A0C2XT29	39.35	403	405
UniRef90_UPI0006925502	40.71	403	495
UniRef90_A0A099D8S2	46.15	403	413
UniRef90_UPI00038130F2	41.69	403	439
UniRef90_UPI000566ACCA	45.05	403	411
UniRef90_A0A0A0NAS0	47.45	403	398
UniRef90_UPI0005A6F378	41.18	403	441
UniRef90_L1KYQ0	45.86	403	400
UniRef90_UPI00062C2428	46.48	403	393
UniRef90_UPI0004033A0A	45.15	403	399
UniRef90_UPI0005680215	45.89	403	394
UniRef90_K2G8Q8	40.90	403	403
UniRef90_A0A0N1FVY0	46.75	403	400
UniRef90_H5XCS7	45.11	403	410
UniRef90_UPI00036C3633	45.93	403	408
UniRef90_UPI0003F62E74	45.11	403	399
UniRef90_UPI00055D5F88	39.75	403	411
UniRef90_UPI0004AAFEEA	47.88	403	410
UniRef90_H0BIX7	45.82	403	390
UniRef90_E8W305	38.92	403	431
UniRef90_N0CRV9	39.31	403	522
UniRef90_R1IG91	44.33	403	403
UniRef90_UPI0004C558A9	38.88	403	437
UniRef90_A0A022MIG2	45.14	403	397
UniRef90_A0A0H5CM61	45.71	403	401
UniRef90_L7ER32	46.82	403	410
UniRef90_UPI00051A5A61	39.65	403	401
UniRef90_UPI000413EB32	40.82	403	429
UniRef90_UPI0003658ADC	43.14	403	399
UniRef90_UPI0004C270D7	39.52	403	440
UniRef90_UPI00036C11D8	45.00	403	432
UniRef90_A0A0K9GT46	39.11	403	397
UniRef90_O87605	45.11	403	416
UniRef90_A0A0M8T3W5	39.60	403	434
UniRef90_K0KC00	44.44	403	411
UniRef90_H5WWC2	45.09	403	405
UniRef90_A0A098EMI8	39.20	403	398
UniRef90_UPI0004808756	38.85	403	396
UniRef90_A0A069K947	46.33	403	390
UniRef90_A0A099D4T8	87.34	403	404
UniRef90_A0A059VPW0	47.25	403	445
UniRef90_A0A066U194	45.09	403	403
UniRef90_UPI0002E57C72	44.72	403	408
UniRef90_W7J1V0	45.02	403	404
UniRef90_UPI000364D44A	47.46	403	391
UniRef90_A0A0M2SVN6	40.45	403	394
UniRef90_UPI00052E68D5	45.14	403	400
UniRef90_F8FJS9	40.74	403	416
UniRef90_B5HEW4	47.92	403	401
UniRef90_G0Q3F6	39.56	403	442
UniRef90_UPI0006E2D2B2	43.86	403	400
UniRef90_UPI0003F8EF80	45.43	403	393
UniRef90_A0A0F4J1L7	45.66	403	398
UniRef90_UPI00068B4B4B	46.12	403	410
UniRef90_UPI0004AA43DA	44.67	403	397
UniRef90_S5V4H7	45.89	403	391
UniRef90_UPI000691A3EE	40.59	403	437
UniRef90_UPI0004C0A5F6	47.25	403	401
UniRef90_UPI00039A2408	43.47	403	396
UniRef90_K4R015	45.36	403	392
UniRef90_UPI00052FDCEB	40.05	403	402
UniRef90_UPI0003A623F5	46.70	403	391
UniRef90_UPI00068B1A22	42.14	403	410
UniRef90_UPI00047FF91E	43.36	403	403
UniRef90_A0A0M9ZP89	46.37	403	394
UniRef90_N0CYA4	44.81	403	390
UniRef90_UPI0004C27193	44.50	403	395
UniRef90_UPI0004BED158	43.41	403	402
UniRef90_UPI0003A15CA4	46.08	403	391
UniRef90_A0A0M2JNK8	44.39	403	410
UniRef90_Q8KY32	43.17	403	419
UniRef90_G0PS63	43.97	403	399
UniRef90_A0A0L8Q3Z5	45.39	403	399
UniRef90_L8PQQ4	45.36	403	392
UniRef90_M3A0J8	39.46	403	432
UniRef90_UPI00046738D7	40.91	403	404
UniRef90_D9VMN9	45.36	403	397
UniRef90_UPI0004B338F5	37.87	403	396
UniRef90_D1GLU0	41.75	403	413
UniRef90_S2YW98	46.63	403	393
UniRef90_A0A0B5EL00	40.29	403	445
UniRef90_UPI0004C04EE1	44.04	403	403
UniRef90_A0A0N0TK87	44.64	403	396
UniRef90_A0A087K552	43.80	403	390
UniRef90_UPI0004C88E1D	41.42	403	434
UniRef90_A0A0A0N9M6	45.73	403	399
UniRef90_W4AK85	39.11	403	399
UniRef90_UPI0003690D7A	43.84	403	415
UniRef90_UPI0002DBCABD	43.18	403	408
UniRef90_A0A0G3A7G4	45.86	403	389
UniRef90_N0D691	45.00	403	404
UniRef90_UPI0002DA203C	43.44	403	422
UniRef90_I2N8Z2	46.00	403	390
UniRef90_UPI00035F99C0	43.54	403	390
UniRef90_S2YH74	40.64	403	412
UniRef90_A0A0M3QLD1	45.50	403	404
UniRef90_UPI000369C695	36.84	403	396
UniRef90_Q82HH2	38.55	403	457
UniRef90_UPI0005257330	44.75	403	398
UniRef90_G0PS64	45.45	403	391
UniRef90_A0A0L8Q4E2	44.81	403	390
UniRef90_A0A081EIZ2	46.90	403	396
UniRef90_UPI0002379185	44.08	403	406
UniRef90_UPI0004BFA9FB	46.98	403	392
UniRef90_UPI000685B073	45.09	403	404
UniRef90_UPI0003B53D91	40.50	403	403
UniRef90_A0A0F5HR78	40.10	403	397
UniRef90_UPI0004BCF426	44.08	403	419
UniRef90_A0A0L8M6I1	43.97	403	407
UniRef90_UPI0004C510F4	45.14	403	394
UniRef90_UPI0006F2B020	43.21	403	407
UniRef90_UPI0002EEEDC0	45.89	403	409
UniRef90_UPI0006E37542	40.00	403	435
UniRef90_UPI0006E41150	43.36	403	401
UniRef90_A0A0C1X8L0	45.77	403	393
UniRef90_UPI000411CC7F	46.75	403	402
UniRef90_UPI0004BC8960	39.25	403	396
UniRef90_UPI0006847036	41.56	403	409
UniRef90_UPI00039F941D	44.22	403	409
UniRef90_UPI0004C4AA12	46.25	403	399
UniRef90_UPI0004C24406	45.23	403	406
UniRef90_UPI0003F5FC1D	46.13	403	391
UniRef90_UPI0004CABF21	44.89	403	394
UniRef90_UPI000367D8D7	43.81	403	407
UniRef90_UPI0004C08F11	44.75	403	394
UniRef90_B4VB56	44.22	403	406
UniRef90_A0A0N0MTM0	43.36	403	431
UniRef90_UPI00037D23B9	42.08	403	404
UniRef90_F4CLB6	45.99	403	406
UniRef90_J2A429	45.00	403	400
UniRef90_UPI00047C6E24	46.45	403	402
UniRef90_UPI00051C3399	38.10	403	429
UniRef90_Q70AR3	47.49	403	392
UniRef90_A0A0F4IZX7	44.72	403	413
UniRef90_UPI00036AA87B	44.96	403	413
UniRef90_A0A0M8WL52	44.61	403	400
UniRef90_UPI00069C1813	46.73	403	409
UniRef90_UPI000685DBAD	39.42	403	422
UniRef90_UPI0006D76C04	39.50	403	396
UniRef90_A0A0G3ASH6	44.95	403	388
UniRef90_A0A0D4DDA4	49.18	403	390
UniRef90_A0A0A2U1F6	38.12	403	396
UniRef90_A0A0J7YXJ6	44.14	403	394
UniRef90_UPI0004C9696E	45.25	403	400
UniRef90_A0A0J8AX51	44.72	403	408
UniRef90_X0MSC7	45.34	403	404
UniRef90_UPI0005F2A061	44.53	403	401
UniRef90_A0A0M2VU79	38.35	403	401
UniRef90_H2JTJ4	43.39	403	416
UniRef90_UPI00036B0D8B	39.07	403	424
UniRef90_A0A0N0AGD5	42.79	403	393
UniRef90_UPI00048FD3C8	46.75	403	393
UniRef90_UPI000561F9F1	38.18	403	411
UniRef90_UPI00068DDDAE	41.75	403	417
UniRef90_H2K9P3	46.63	403	391
UniRef90_A0A0C1XXP1	44.64	403	409
UniRef90_A9AXU5	38.18	403	405
UniRef90_UPI0004C0F557	45.14	403	397
UniRef90_UPI00066D0A51	39.66	403	424
UniRef90_F4CJI8	45.77	403	420
UniRef90_A0A059WHC9	43.42	403	407
UniRef90_UPI0002F89309	44.47	403	407
UniRef90_UPI000382711E	44.14	403	394
UniRef90_UPI0006E24988	44.58	403	396
UniRef90_A0A0F7CNP6	40.25	403	416
UniRef90_G8S0F2	43.84	403	429
UniRef90_A0A0C1TMM0	43.89	403	391
UniRef90_F3M4H0	38.35	403	397
UniRef90_UPI000525E290	40.69	403	404
UniRef90_UPI0006804E89	39.67	403	424
UniRef90_UPI0003810924	39.35	403	395
UniRef90_UPI0006E2B89F	44.34	403	409
UniRef90_UPI0004C1FC15	43.20	403	419
UniRef90_A0A0A0NWM2	45.16	403	403
UniRef90_S2Y0C9	45.06	403	393
UniRef90_UPI00062622F4	46.15	403	397
UniRef90_I4X991	37.59	403	398
UniRef90_UPI000699A43B	42.14	403	420
UniRef90_UPI0004C22171	45.00	403	393
UniRef90_UPI0004C9E555	44.22	403	412
UniRef90_UPI0004BD1EC8	44.06	403	406
UniRef90_UPI0004063785	45.75	403	398
UniRef90_UPI0006E278FB	47.13	403	396
UniRef90_UPI00040C1B90	37.59	403	394
UniRef90_A0A0C1VAA9	45.11	403	409
UniRef90_Q82LM3	46.00	403	393
UniRef90_UPI0005679650	45.20	403	387
UniRef90_A0A0F4IGE9	44.97	403	404
UniRef90_W7SQZ4	41.44	403	404
UniRef90_A0A0F5KUP7	37.91	403	403
UniRef90_UPI0004C745D3	43.81	403	411
UniRef90_A0A0F4JN25	45.73	403	406
UniRef90_L1L902	46.38	403	396
UniRef90_A0A0M8VPM3	47.49	403	407
UniRef90_D9VGH4	44.22	403	409
UniRef90_A0A0F4IBJ4	44.91	403	399
UniRef90_UPI0005A717E6	44.50	403	396
UniRef90_UPI00037C284C	44.58	403	414
UniRef90_UPI0004A6AF07	42.64	403	409
UniRef90_A0A0M2YSD6	46.31	403	401
UniRef90_V6KRS6	46.38	403	393
UniRef90_C9ZGI2	44.64	403	396
UniRef90_UPI0004C29F62	43.47	403	403
UniRef90_A0A0H4CAS2	44.14	403	396
UniRef90_UPI000478EC1D	39.30	403	403
UniRef90_A0A0M8SYY7	44.78	403	400
UniRef90_H2K6B2	45.23	403	408
UniRef90_UPI0004AA4D10	44.61	403	399
UniRef90_UPI0004C19B5B	45.57	403	396
UniRef90_UPI0004CD22AF	44.00	403	395
UniRef90_V6JS30	43.94	403	389
UniRef90_A0A0M8UFA3	45.41	403	399
UniRef90_UPI0004CC4699	44.75	403	394
UniRef90_UPI0004CD55A5	44.47	403	410
UniRef90_A0A0L8L481	46.38	403	394
UniRef90_UPI000526A43A	46.23	403	402
UniRef90_UPI0004E20B0E	48.60	403	400
UniRef90_A0A010Z0U0	44.72	403	399
UniRef90_UPI0006F59FDC	44.97	403	392
UniRef90_UPI0004C84E62	43.72	403	408
UniRef90_UPI00066B6D19	45.52	403	405
UniRef90_UPI00068A7F31	41.56	403	415
UniRef90_J2K8C5	44.70	403	417
UniRef90_A0A0F7VQP9	45.14	403	394
UniRef90_A0A0M8TG95	45.89	403	394
UniRef90_UPI0004C7528E	48.37	403	393
UniRef90_I2MZK6	38.35	403	431
UniRef90_M2PU24	46.98	403	400
UniRef90_UPI0004C51740	45.98	403	397
UniRef90_A0A0M2MM08	42.68	403	398
UniRef90_UPI0004BF4DEB	45.04	403	405
UniRef90_A0A089XHB9	43.50	403	393
UniRef90_A0A0L0K5E1	43.14	403	402
UniRef90_UPI000559C8BA	46.35	403	407
UniRef90_UPI00058B5A69	39.10	403	397
UniRef90_UPI000411B301	37.66	403	395
UniRef90_A0A0M9YHU2	43.64	403	394
UniRef90_UPI00039F31F6	44.47	403	409
UniRef90_A0A0F7N2D5	40.24	403	424
UniRef90_A0A0B5DRH4	44.19	403	395
UniRef90_UPI0004C70A44	43.00	403	391
UniRef90_W5TEA3	41.94	403	448
UniRef90_UPI000381D8E7	45.71	403	396
UniRef90_UPI00037D52CE	43.64	403	394
UniRef90_A0A0F2TH23	44.97	403	397
UniRef90_UPI000523FAA1	43.89	403	391
UniRef90_A0A0C2B8A0	43.67	403	397
UniRef90_B4V290	44.89	403	410
UniRef90_G2NXJ3	38.85	403	425
UniRef90_UPI0004DF8527	42.39	403	402
UniRef90_UPI0004C196C2	44.14	403	397
UniRef90_V6KH10	43.03	403	403
UniRef90_A0A0C1SNF2	41.65	403	397
UniRef90_UPI00037D1F9C	44.61	403	394
UniRef90_A0A0N0A985	45.73	403	409
UniRef90_A0A0N0N992	45.39	403	394
UniRef90_A0A0L8LVW6	43.75	403	401
UniRef90_UPI000524A812	44.64	403	402
UniRef90_A0A0N0T0G4	44.39	403	388
UniRef90_D6U4A2	39.30	403	406
UniRef90_UPI0004756D4C	42.96	403	411
UniRef90_UPI0004BE51E4	43.50	403	394
UniRef90_A0A0A6USY0	42.61	403	387
UniRef90_A0A0M4QTV8	44.33	403	402
UniRef90_A0A059VYP4	44.25	403	406
UniRef90_UPI0004B999F8	43.03	403	419
UniRef90_D2S469	44.47	403	412
UniRef90_UPI0002F27B19	41.81	403	406
UniRef90_V9W6N2	38.85	403	405
UniRef90_A0A0F7FZ69	46.13	403	413
UniRef90_UPI000416864B	46.52	403	396
UniRef90_A0A0F0GS68	43.29	403	401
UniRef90_A0A0B8MZW1	41.56	403	406
UniRef90_A0A0M4F2D7	36.97	403	410
UniRef90_A0A075ULR1	46.50	403	399
UniRef90_M2Z2I6	47.00	403	402
UniRef90_UPI0004C7BE93	43.75	403	414
UniRef90_A0A0M0W2E9	38.00	403	401
UniRef90_E2PZM4	43.11	403	448
UniRef90_V9GCF1	38.10	403	398
UniRef90_UPI0006FCE62D	36.88	403	395
UniRef90_UPI0005EF4065	45.64	403	396
UniRef90_A0A0L0IN93	45.18	403	398
UniRef90_W4B8N4	37.25	403	399
UniRef90_G2PAR5	42.36	403	408
UniRef90_UPI0005A9B699	43.33	403	409
UniRef90_Q83X78	64.91	403	406
UniRef90_UPI0006D5482D	38.31	403	401
UniRef90_A0A0B5ENQ9	44.39	403	399
UniRef90_UPI0004C311EA	43.58	403	397
UniRef90_UPI000361804F	39.95	403	722
UniRef90_UPI00069C8B9E	40.83	403	426
UniRef90_W9AL17	37.91	403	399
UniRef90_D9XPH0	41.00	403	409
UniRef90_M3B900	42.03	403	400
UniRef90_H0BB63	46.84	403	397
UniRef90_UPI0004BF698B	44.42	403	397
UniRef90_UPI000686883A	45.25	403	410
UniRef90_UPI000563F54D	43.42	403	401
UniRef90_A0A0C2AUV4	44.84	403	396
UniRef90_B6ZIR6	39.55	403	399
UniRef90_UPI0002DA4341	36.84	403	405
UniRef90_M3F9A0	43.18	403	400
UniRef90_UPI0004C793C2	44.97	403	409
UniRef90_UPI000237A13F	41.65	403	403
UniRef90_UPI0004C30CDB	42.78	403	401
UniRef90_UPI000524B5EB	45.27	403	402
UniRef90_UPI00039AFF47	44.53	403	400
UniRef90_A0A081ECN7	38.04	403	437
UniRef90_G8SL02	46.37	403	398
UniRef90_A0A022MNW1	45.25	403	393
UniRef90_A0A0J6XHP5	44.72	403	407
UniRef90_A0A0J7AF61	43.63	403	396
UniRef90_A0A0F7VND1	44.36	403	401
UniRef90_A0A0F0HWT3	44.16	403	401
UniRef90_A0A0F4KHU3	43.67	403	392
UniRef90_UPI0005672777	44.89	403	389
UniRef90_A0A0C2BKI6	45.01	403	392
UniRef90_D2AWQ3	42.47	403	411
UniRef90_UPI0004C6A747	43.94	403	396
UniRef90_UPI000554D89D	41.28	403	434
UniRef90_UPI0004C0D49C	44.01	403	408
UniRef90_C4B644	41.96	403	403
UniRef90_W7YST2	38.12	403	397
UniRef90_UPI00048C8B0D	42.68	403	417
UniRef90_A0A0N1NCB3	43.38	403	396
UniRef90_S3ZG53	45.52	403	395
UniRef90_L7F554	43.43	403	396
UniRef90_UPI0006F77234	39.65	403	404
UniRef90_A0A024YZC0	44.22	403	406
UniRef90_S9QJJ9	40.45	403	404
UniRef90_UPI00048908AF	45.01	403	410
UniRef90_UPI00068B6F15	44.70	403	411
UniRef90_K9MYW8	44.89	403	396
UniRef90_A0A0K3BV85	40.20	403	405
UniRef90_S9QHL6	40.90	403	403
UniRef90_UPI00052570B9	43.89	403	394
UniRef90_U5EKE2	41.52	403	408
UniRef90_A0A0N0MNZ1	43.54	403	390
UniRef90_UPI0004CB270E	45.02	403	399
UniRef90_UPI00068C647C	41.92	403	404
UniRef90_UPI0004C56CF2	45.41	403	397
UniRef90_UPI000419C4FE	45.64	403	409
UniRef90_K0ER31	44.14	403	407
UniRef90_UPI0006250FDB	45.09	403	393
UniRef90_UPI0004CC2484	44.33	403	396
UniRef90_D6KBC3	44.33	403	405
UniRef90_A0A0M9ZS54	44.07	403	388
UniRef90_UPI0004CBA7AD	44.03	403	414
UniRef90_R9THP7	42.57	403	413
UniRef90_UPI0004C7A0A5	45.16	403	406
UniRef90_UPI00040B16AA	41.79	403	406
UniRef90_A0A0M5LWL0	43.07	403	403
UniRef90_A0A0G3A7I5	39.70	403	404
