UniRef90_Q9SWE5	99.45	182	209
UniRef90_D7L7Y7	98.35	182	209
UniRef90_UPI00053C426B	91.21	182	205
UniRef90_D7KD33	88.46	182	423
UniRef90_M4DXP1	92.86	182	566
UniRef90_P94063	89.01	182	201
UniRef90_B9SJW3	86.26	182	212
UniRef90_V4VKM2	85.71	182	212
UniRef90_A0A022R063	85.16	182	209
UniRef90_A0A059A1H2	84.62	182	211
UniRef90_W9RGR9	84.62	182	217
UniRef90_UPI0005816A1A	83.52	182	211
UniRef90_UPI0002C31529	83.52	182	216
UniRef90_A0A022Q6K5	83.43	182	210
UniRef90_M5WVI3	82.97	182	211
UniRef90_A0A068V7B9	83.98	182	210
UniRef90_A0A068UCT5	83.52	182	211
UniRef90_A0A0J8BFD5	82.97	182	211
UniRef90_UPI00058151C5	81.87	182	262
UniRef90_C6TA59	81.32	182	214
UniRef90_K4CP90	83.52	182	202
UniRef90_G7LCR5	81.32	182	213
UniRef90_A0A061FCY5	82.97	182	212
UniRef90_A0A0D2TN23	82.42	182	208
UniRef90_A0A0A0LR29	81.32	182	212
UniRef90_S8EAJ4	82.42	182	190
UniRef90_UPI00006034E0	79.12	182	207
UniRef90_UPI0006A6E8C7	84.29	182	207
UniRef90_UPI00052EDCED	82.87	182	215
UniRef90_UPI00051BCC61	81.36	182	209
UniRef90_UPI00018756B3	79.67	182	214
UniRef90_F6GTL7	79.67	182	271
UniRef90_A0A0A9CRT7	83.05	182	220
UniRef90_M1A1R6	77.47	182	206
UniRef90_M0TWR9	78.89	182	206
UniRef90_UPI00057A6A3F	78.33	182	216
UniRef90_I1H018	80.79	182	216
UniRef90_UPI0004E5615D	77.78	182	206
UniRef90_UPI0006AA91AC	93.38	182	303
UniRef90_Q69K55	79.10	182	220
UniRef90_K3XY55	79.10	182	332
UniRef90_A0A0E0PUQ8	79.10	182	282
UniRef90_B4FI60	77.97	182	220
UniRef90_J3MC41	77.97	182	220
UniRef90_UPI00057AD7E6	77.90	182	208
UniRef90_F2CRT3	75.69	182	215
UniRef90_K7VDM3	76.70	182	301
UniRef90_A0A0A9F7M4	73.89	182	258
UniRef90_M7Z429	67.66	182	235
UniRef90_A0A0D6R7U2	71.43	182	202
UniRef90_V7B2B5	70.17	182	203
UniRef90_K7MU20	69.44	182	207
UniRef90_K3XM59	72.22	182	199
UniRef90_D8RM99	71.27	182	197
UniRef90_A0A0K9NLJ3	71.19	182	199
UniRef90_A9REZ2	71.91	182	232
UniRef90_B9RAN7	69.78	182	196
UniRef90_C5XLV1	70.56	182	200
UniRef90_A0A077RXZ0	69.78	182	206
UniRef90_A9TQK4	71.35	182	239
UniRef90_A0A022QNI4	70.33	182	202
UniRef90_B9RAN6	72.53	182	395
UniRef90_B9RAN6	66.85	182	395
UniRef90_A0A0A0LP03	69.61	182	196
UniRef90_W1P1S9	68.16	182	202
UniRef90_UPI0004A63FA4	67.40	182	196
UniRef90_A0A0D2U413	64.84	182	196
UniRef90_A0A0D3CJ36	71.43	182	170
UniRef90_C5Z606	75.82	182	193
UniRef90_UPI000498EEB9	68.72	182	397
UniRef90_UPI000498EEB9	60.67	182	397
UniRef90_B6TQI3	66.11	182	190
UniRef90_A0A0D9WMZ0	77.40	182	218
UniRef90_UPI000581311F	59.89	182	215
UniRef90_A0A0E0A6C5	77.03	182	234
UniRef90_A0A0E0HM83	78.47	182	236
UniRef90_A0A0E0DYD0	77.08	182	198
UniRef90_UPI000581551F	62.92	182	201
UniRef90_V4JYS7	76.00	182	152
UniRef90_G7L1E5	58.24	182	211
UniRef90_UPI0005300919	80.30	182	190
UniRef90_UPI0003DED482	62.50	182	263
UniRef90_UPI00053C6302	60.77	182	253
UniRef90_I1N3H3	60.44	182	208
UniRef90_G7L1D9	57.53	182	204
UniRef90_W1P866	57.78	182	209
UniRef90_A0A0B2RC17	56.91	182	263
UniRef90_I0YXL0	56.18	182	210
UniRef90_G7L1E4	56.52	182	193
UniRef90_A0A061R429	55.75	182	195
UniRef90_W1P789	58.99	182	212
UniRef90_A0A087SH84	58.52	182	282
UniRef90_A4RVT3	55.91	182	190
UniRef90_UPI00032ACA2B	53.23	182	209
UniRef90_W4XV19	56.18	182	205
UniRef90_A0A068EHP1	55.11	182	183
UniRef90_D8U3S8	52.75	182	193
UniRef90_A8ICF7	49.27	182	361
UniRef90_T0RRF6	53.48	182	203
UniRef90_Q6VZK6	52.84	182	184
UniRef90_UPI000539AD7A	66.44	182	231
UniRef90_A0A023FHV0	52.51	182	200
UniRef90_L7LYT0	54.19	182	200
UniRef90_A0A087UM23	54.01	182	191
UniRef90_I1G226	57.47	182	192
UniRef90_B7PZI2	52.43	182	198
UniRef90_A0A0G4EWZ7	53.26	182	205
UniRef90_UPI0006441959	54.10	182	207
UniRef90_UPI000644C874	56.47	182	213
UniRef90_A0A015MTC7	51.65	182	190
UniRef90_Q1LWK2	53.59	182	231
UniRef90_UPI000674638F	52.81	182	209
UniRef90_A0A0G4I9D1	54.44	182	193
UniRef90_UPI0006767BE4	51.91	182	199
UniRef90_Q9AVS8	78.70	182	120
UniRef90_UPI00049656B2	51.12	182	221
UniRef90_W5NA98	54.49	182	207
UniRef90_U5DJ67	51.10	182	191
UniRef90_UPI00035998BC	53.57	182	394
UniRef90_UPI000497DA25	52.75	182	208
UniRef90_UPI0006B3AC2A	53.11	182	231
UniRef90_T1IWE8	52.81	182	203
UniRef90_C3KGU1	52.22	182	207
UniRef90_A7RS79	51.70	182	194
UniRef90_A0A091RTN1	51.63	182	195
UniRef90_A0A091LNL9	51.09	182	210
UniRef90_A0A0F8BV34	51.65	182	223
UniRef90_R7Q913	53.11	182	192
UniRef90_G3NLX5	51.67	182	210
UniRef90_D3AYN0	50.00	182	199
UniRef90_E3TGC7	53.37	182	205
UniRef90_I3KE39	52.49	182	204
UniRef90_UPI000644C686	52.81	182	208
UniRef90_A0A0L0H8N2	52.15	182	210
UniRef90_T2M7U2	53.37	182	214
UniRef90_C1BIY1	52.20	182	209
UniRef90_V9L0R4	52.25	182	207
UniRef90_B3RR71	49.43	182	187
UniRef90_T1G034	52.78	182	211
UniRef90_A0A0L8GXI8	52.81	182	209
UniRef90_UPI0001CBA07D	53.33	182	186
UniRef90_UPI0006B7E3F2	50.56	182	213
UniRef90_W4YLB1	60.00	182	154
UniRef90_UPI0006790884	49.73	182	197
UniRef90_Q5PQ26	52.27	182	213
UniRef90_A0A068S217	53.85	182	245
UniRef90_A0A0L0CQP0	48.09	182	194
UniRef90_UPI00057B36A2	72.88	182	138
UniRef90_UPI000528B29E	50.83	182	210
UniRef90_A0A075AWC2	51.41	182	187
UniRef90_Q8BZB2	50.84	182	204
UniRef90_F0YJ52	51.12	182	400
UniRef90_A0A0G4J8E3	52.25	182	205
UniRef90_UPI0003D0AEC5	51.67	182	211
UniRef90_B3MIZ3	49.17	182	191
UniRef90_Q58DB8	50.84	182	230
UniRef90_E1BUI2	51.09	182	204
UniRef90_H2LS39	51.14	182	205
UniRef90_UPI000698701F	51.63	182	198
UniRef90_C3Z8J3	50.83	182	194
UniRef90_W5JPY6	51.41	182	192
UniRef90_I3LFK1	50.84	182	220
UniRef90_UPI0004ED03A6	50.54	182	204
UniRef90_A0A0N0PAJ4	50.00	182	199
UniRef90_C1BZR3	51.96	182	214
UniRef90_S2JFA5	52.00	182	195
UniRef90_D3ZZZ5	50.84	182	242
UniRef90_M2XPK5	51.38	182	197
UniRef90_A0A091P7J7	50.54	182	210
UniRef90_UPI000441B23A	50.28	182	203
UniRef90_W5K6U9	51.69	182	203
UniRef90_A0A091S9M7	50.54	182	210
UniRef90_A0A024TQ70	51.85	182	348
UniRef90_H0WM54	50.84	182	204
UniRef90_V4CGN0	54.60	182	187
UniRef90_I3MDG5	50.28	182	194
UniRef90_UPI0005D0C5BA	50.00	182	187
UniRef90_H0VU15	50.28	182	204
UniRef90_UPI0003F096AF	50.84	182	218
UniRef90_Q7PZN2	52.78	182	191
UniRef90_H2UGD7	49.44	182	185
UniRef90_H2UGD6	49.72	182	198
UniRef90_H0Z086	50.54	182	203
UniRef90_UPI0005232A4E	49.46	182	210
UniRef90_A0A077ZDC5	51.40	182	233
UniRef90_UPI000331468A	52.51	182	204
UniRef90_F0WUK2	47.00	182	387
UniRef90_A0A0N5E542	51.10	182	234
UniRef90_E9G353	50.57	182	181
UniRef90_W4GS25	53.16	182	337
UniRef90_A0A0A1N8P5	52.94	182	169
UniRef90_G7P953	50.54	182	204
UniRef90_UPI0004D08195	51.40	182	221
UniRef90_A0A090N352	48.99	182	222
UniRef90_V5G7P2	51.16	182	183
UniRef90_UPI000333C5C4	52.57	182	204
UniRef90_B4JW85	49.45	182	192
UniRef90_G3I830	50.84	182	201
UniRef90_UPI0005C3C80D	49.71	182	195
UniRef90_A0A022QKP3	83.16	182	113
UniRef90_U3J6F0	50.84	182	204
UniRef90_G1SN42	51.38	182	221
UniRef90_A0A0M3QUP7	49.16	182	191
UniRef90_H9GP06	50.28	182	222
UniRef90_UPI0003291219	49.72	182	204
UniRef90_UPI0006C9C7E8	55.33	182	164
UniRef90_C1E4P8	45.02	182	270
UniRef90_UPI0000E4B030	48.51	182	302
UniRef90_G3U899	50.84	182	204
UniRef90_UPI00038F0CDA	50.28	182	204
UniRef90_B4KT63	48.59	182	191
UniRef90_K3WBB5	52.00	182	198
UniRef90_UPI0006B0DCEA	50.84	182	275
UniRef90_Q96CD2	50.00	182	204
UniRef90_A0A0L0SVY4	51.37	182	195
UniRef90_A0A0A9XAI4	51.35	182	206
UniRef90_G1P3P3	50.28	182	226
UniRef90_UPI0006B0BEE1	48.09	182	219
UniRef90_H2Z3Z9	50.00	182	173
UniRef90_U5ESC8	48.88	182	191
UniRef90_A0A034WTA2	47.85	182	191
UniRef90_UPI0004444F7F	50.28	182	203
UniRef90_UPI0003331EFA	50.00	182	204
UniRef90_Q8MKK3	46.41	182	191
UniRef90_H2NNT7	50.54	182	221
UniRef90_M3Z0U6	49.72	182	204
UniRef90_A0A084W4E2	50.56	182	218
UniRef90_K7FZ56	50.84	182	211
UniRef90_UPI00038402F9	49.44	182	256
UniRef90_UPI0006D4CA15	51.91	182	204
UniRef90_B4MS01	47.19	182	194
UniRef90_A0A091K7H4	49.20	182	200
UniRef90_UPI0003C393D1	47.78	182	190
UniRef90_M4B6W6	47.18	182	327
UniRef90_UPI0006C9D7F5	48.09	182	221
UniRef90_A0A091PME9	52.12	182	172
UniRef90_C4WSJ0	49.72	182	184
UniRef90_F0VE52	48.07	182	254
UniRef90_F7ADW8	51.14	182	216
UniRef90_A0A067QIV1	49.72	182	200
UniRef90_F1LCF6	51.10	182	249
UniRef90_G3VDJ7	55.41	182	159
UniRef90_UPI0003344AC1	50.00	182	204
UniRef90_UPI0005346B98	52.73	182	198
UniRef90_A0A080ZRR7	48.11	182	206
UniRef90_UPI0003F14712	49.72	182	204
UniRef90_A0A0C9MH80	53.89	182	878
UniRef90_A0A0E0L901	82.29	182	120
UniRef90_UPI0006574BCA	51.83	182	225
UniRef90_UPI0003C80974	49.72	182	276
UniRef90_D2VFG8	50.83	182	219
UniRef90_H3ADQ1	51.37	182	214
UniRef90_UPI0002656ED7	49.18	182	199
UniRef90_A0A0H5QH68	50.00	182	199
UniRef90_L8YA76	51.14	182	221
UniRef90_A0A087R1B3	51.52	182	185
UniRef90_Q1HQE9	49.43	182	192
UniRef90_D3TRH5	50.00	182	208
UniRef90_A0A0B2UZG4	50.28	182	286
UniRef90_R4WDI8	50.87	182	202
UniRef90_K7IS03	48.11	182	196
UniRef90_UPI000673746D	46.96	182	197
UniRef90_F4PCU2	48.30	182	185
UniRef90_A0A0A9PQZ1	81.25	182	120
UniRef90_A0CSG8	45.95	182	196
UniRef90_UPI0001E87AA0	53.38	182	196
UniRef90_V9L514	46.73	182	228
UniRef90_UPI0003AB993E	50.54	182	320
UniRef90_A0A0K8TKK5	45.51	182	187
UniRef90_D0MXS0	47.03	182	206
UniRef90_B4LJU1	49.72	182	270
UniRef90_I7LUP7	43.96	182	222
UniRef90_Q28XR7	45.86	182	191
UniRef90_UPI00051FF649	76.77	182	130
UniRef90_A0A0N4Z0Y7	49.72	182	244
UniRef90_A0A091TUB9	51.52	182	185
UniRef90_W8BHG4	46.28	182	205
UniRef90_UPI0005ABCA78	47.75	182	198
UniRef90_F7DMJ6	52.94	182	165
UniRef90_UPI000625E9A0	48.88	182	199
UniRef90_B0XL28	48.57	182	191
UniRef90_A0A0N5E9K4	47.22	182	285
UniRef90_A0A090MV21	50.28	182	243
UniRef90_UPI00067919E6	50.88	182	196
UniRef90_M4AN01	51.23	182	191
UniRef90_A0A0N4U1N4	50.28	182	267
UniRef90_UPI000388BB44	54.05	182	166
UniRef90_A0A0L7L7Q6	53.42	182	157
UniRef90_UPI000572BC50	51.22	182	241
UniRef90_A0A0G2CAU1	46.74	182	204
UniRef90_A0A0N4VHT9	49.18	182	218
UniRef90_D2CFX2	47.22	182	188
UniRef90_UPI0005503FE2	51.83	182	184
UniRef90_M7NKI3	48.07	182	252
UniRef90_K8YV99	51.37	182	222
UniRef90_UPI0004CCE89E	49.71	182	196
UniRef90_A0A0C9W296	52.81	182	215
UniRef90_UPI0003504177	51.83	182	203
UniRef90_UPI00045E3524	48.62	182	221
UniRef90_E9IWF7	48.30	182	198
UniRef90_UPI00042CD1F9	53.38	182	223
UniRef90_UPI00062B3328	50.62	182	225
UniRef90_UPI0002C45B5C	50.00	182	379
UniRef90_UPI0006CF0E3A	49.45	182	198
UniRef90_A0A0N4Y6N3	50.28	182	225
UniRef90_UPI0006D73147	53.38	182	186
UniRef90_UPI0006264251	48.31	182	198
UniRef90_A0A024FYF7	46.27	182	410
UniRef90_UPI0005FACBDF	50.91	182	225
UniRef90_UPI0006B80AC3	51.22	182	203
UniRef90_A0A0D2X079	57.89	182	303
UniRef90_G6CUD1	45.60	182	200
UniRef90_UPI000258F1EF	48.00	182	199
UniRef90_E2A2R9	48.84	182	196
UniRef90_UPI0006C990D3	49.43	182	357
UniRef90_A0A091WM35	50.30	182	184
UniRef90_UPI000652FFB4	53.38	182	188
UniRef90_A5AJW7	78.95	182	125
UniRef90_UPI00029D9F36	52.90	182	207
UniRef90_H2LS38	50.31	182	196
UniRef90_UPI00044365D8	54.05	182	191
UniRef90_UPI0003504AEC	50.00	182	291
UniRef90_A0A0N5AXF6	48.07	182	235
UniRef90_A0A093BFC8	55.97	182	133
UniRef90_UPI000520E2CF	80.46	182	97
UniRef90_U1LNX3	51.10	182	770
UniRef90_U1LNX3	40.88	182	770
UniRef90_U6NVI0	49.17	182	266
UniRef90_A0A099ZM08	55.97	182	167
UniRef90_A0A023EIV9	47.75	182	192
UniRef90_A0A026W3B6	50.00	182	196
UniRef90_UPI0003EC0B25	50.30	182	238
UniRef90_A0A0K0DDL1	48.89	182	251
UniRef90_UPI0003F15EB7	49.70	182	218
UniRef90_UPI0003AB99F1	53.55	182	251
UniRef90_A0A0C3QDX0	52.57	182	213
UniRef90_UPI0005403A8F	50.91	182	191
UniRef90_A0A087ZPP8	47.22	182	198
UniRef90_A0A0B3T8K1	46.02	182	188
UniRef90_H2W0S1	47.51	182	235
UniRef90_U4TS01	47.78	182	188
UniRef90_G4VHC6	49.73	182	198
UniRef90_C1BU11	48.35	182	200
UniRef90_UPI000579D1A1	49.40	182	232
UniRef90_K0KN66	48.31	182	622
UniRef90_E2BGX6	47.22	182	198
UniRef90_UPI00045DF9F5	51.23	182	195
UniRef90_A0A0M3JS97	48.62	182	265
UniRef90_M7AZK9	51.20	182	333
UniRef90_A0A0N4YP81	50.28	182	329
UniRef90_A0A0M5I219	59.68	182	131
UniRef90_U6KTC5	55.00	182	308
UniRef90_A0A0C3D385	52.38	182	203
UniRef90_A0A093GA64	48.28	182	186
UniRef90_C5E3W4	49.14	182	482
UniRef90_L0PGK0	46.74	182	192
UniRef90_L1JCB1	48.59	182	177
UniRef90_A0A060THP6	46.70	182	394
UniRef90_A0A091ID72	49.39	182	187
UniRef90_U5H9A2	51.61	182	240
UniRef90_UPI00062A5CCE	51.52	182	222
UniRef90_A0A074T0A5	43.08	182	347
UniRef90_A0A016UFE1	47.51	182	284
UniRef90_X6P2U9	46.81	182	221
UniRef90_A0A0L6UY84	49.11	182	210
UniRef90_A0A0L0USY6	47.98	182	206
UniRef90_UPI00044498E0	50.30	182	203
UniRef90_A0A044UKV4	48.31	182	413
UniRef90_Q759W6	45.40	182	530
UniRef90_A0A0M9VP08	47.00	182	236
UniRef90_A0A093R271	47.75	182	187
UniRef90_A0A0H2SSC7	50.88	182	210
UniRef90_A0A061AIQ5	48.63	182	230
UniRef90_Q5DHV8	47.37	182	200
UniRef90_F0ZIM3	45.41	182	206
UniRef90_W0VQH9	49.14	182	458
UniRef90_A0A0C3C247	49.14	182	207
UniRef90_A0A068XD63	46.49	182	191
UniRef90_A0A0A9EPD4	72.45	182	103
UniRef90_G0MSE6	47.51	182	244
UniRef90_A0A066WI10	44.61	182	1299
UniRef90_C5LHQ8	47.31	182	577
UniRef90_B6AAE1	47.06	182	193
UniRef90_A0A0N0BH19	45.56	182	394
UniRef90_E0V8V9	50.61	182	268
UniRef90_G7DUW9	49.70	182	183
UniRef90_A0A066W325	48.62	182	250
UniRef90_I2H0K2	47.83	182	649
UniRef90_A0A068Y8I9	47.54	182	191
UniRef90_E5SW29	46.28	182	588
UniRef90_H9JK08	53.03	182	141
UniRef90_M1UUC7	45.08	182	242
UniRef90_A8NZA5	48.31	182	524
UniRef90_V7B663	48.60	182	188
UniRef90_UPI0004411F9A	49.40	182	193
UniRef90_W5CIH9	72.34	182	94
UniRef90_A7TR58	48.57	182	522
UniRef90_N6UGE8	49.42	182	260
UniRef90_F6V580	45.98	182	188
UniRef90_A0A0D8Y2I9	46.41	182	413
UniRef90_M5WA38	48.59	182	186
UniRef90_A0A096TMC3	74.74	182	125
UniRef90_M5VW97	50.34	182	143
UniRef90_A0A0A2VTV0	47.67	182	223
UniRef90_E3JTP5	46.86	182	205
UniRef90_C5DDH5	47.43	182	510
UniRef90_A0A0B7NWA8	66.09	182	831
UniRef90_UPI0004407D70	48.89	182	203
UniRef90_UPI0006442C6A	60.50	182	175
UniRef90_A0A0C3PEC9	49.40	182	206
UniRef90_UPI0004A36232	61.21	182	176
UniRef90_A0A0E9NQQ6	46.51	182	437
UniRef90_A0A067MJI9	51.79	182	223
UniRef90_V2YUA6	49.11	182	205
UniRef90_F9FH18	48.69	182	238
UniRef90_Q6CMR1	47.13	182	543
UniRef90_K5WUW3	49.70	182	210
UniRef90_A0A0D2P604	49.14	182	215
UniRef90_P91988	46.96	182	237
UniRef90_B6K7B9	50.58	182	619
UniRef90_Q4WNJ4	47.17	182	243
UniRef90_A0A0C7N2H4	45.71	182	515
UniRef90_A0A067P5L3	49.43	182	200
UniRef90_A0A0A8L9H6	46.29	182	590
UniRef90_A0A067TJI5	48.00	182	206
UniRef90_S7PUW0	50.60	182	208
UniRef90_UPI0005CEB10B	43.78	182	198
UniRef90_A0A0D2VFS4	64.10	182	340
UniRef90_E3LPB8	46.96	182	282
UniRef90_A0A0C9WCZ0	48.57	182	204
UniRef90_A0A095AZK1	48.66	182	490
UniRef90_A0A061J3P5	41.35	182	265
UniRef90_A0A061AVR5	46.29	182	390
UniRef90_A3FQ15	42.70	182	188
UniRef90_A0A0J9X6D7	46.51	182	553
UniRef90_B0CW04	48.57	182	203
UniRef90_A0A0J7L343	53.73	182	144
UniRef90_A8X2W0	45.86	182	241
UniRef90_G0TWW3	43.48	182	243
UniRef90_L0DJK4	43.33	182	226
UniRef90_M9MBB4	44.06	182	1215
UniRef90_C7Z037	47.64	182	222
UniRef90_UPI00016C4C8F	43.41	182	215
UniRef90_A0A066W756	48.62	182	470
UniRef90_UPI00046224E8	48.54	182	209
UniRef90_A0A067Q6P4	51.19	182	204
UniRef90_W6MQS0	46.86	182	291
UniRef90_I4YCD3	44.69	182	181
UniRef90_Q4DB42	40.87	182	269
UniRef90_A0A0J0XK83	45.74	182	256
UniRef90_A0A0K9NQF5	44.07	182	196
UniRef90_S9XH69	46.51	182	634
UniRef90_A0A090BMG6	46.29	182	534
UniRef90_A0A0B2P698	44.85	182	211
UniRef90_A0A0L6WSK7	49.71	182	202
UniRef90_UPI000457359F	47.16	182	175
UniRef90_Q6C6T7	46.89	182	415
UniRef90_H3G7F4	57.89	182	116
UniRef90_C5Z609	72.63	182	124
UniRef90_G8ZQH5	46.29	182	506
UniRef90_M2R6E9	49.71	182	209
UniRef90_Q9UTI7	48.26	182	625
UniRef90_K6UT56	44.71	182	198
UniRef90_UPI0004F4987D	39.91	182	263
UniRef90_G1XQ92	43.63	182	248
UniRef90_C1MPS7	46.15	182	277
UniRef90_A0A0D0ACY5	47.46	182	233
UniRef90_UPI0004416E82	49.40	182	207
UniRef90_A0A0H5C8V8	46.07	182	591
UniRef90_A0A0J9X9A3	45.88	182	595
UniRef90_A0A091HJ44	47.40	182	197
UniRef90_UPI0003679A8F	41.35	182	222
UniRef90_A7AUM9	44.12	182	190
UniRef90_D8PY43	47.40	182	215
UniRef90_G8C1C5	45.56	182	563
UniRef90_L8WF77	48.09	182	373
UniRef90_S8BQ56	42.08	182	275
UniRef90_A0A0D7BM67	47.62	182	206
UniRef90_A0A098DNS0	47.12	182	222
UniRef90_H3F459	50.68	182	217
UniRef90_UPI00065228C7	58.77	182	122
UniRef90_Q54Y51	43.17	182	197
UniRef90_T1YUG1	42.23	182	269
UniRef90_A0A0L0FSJ5	59.29	182	125
UniRef90_W4K6J0	47.62	182	205
UniRef90_W2TFT8	49.09	182	614
UniRef90_G0UNP3	40.93	182	245
UniRef90_A0A0B2R558	66.36	182	127
UniRef90_F4RI50	43.92	182	217
UniRef90_Q583P0	42.00	182	251
UniRef90_UPI00062B3306	59.65	182	154
UniRef90_S8E2A2	47.06	182	210
UniRef90_UPI0005352FB2	45.05	182	178
UniRef90_K5UWH3	45.81	182	210
UniRef90_UPI0003ACD389	51.43	182	183
UniRef90_M5BXR7	48.62	182	461
UniRef90_A0A0D2ECP4	46.15	182	237
UniRef90_UPI0004415187	47.06	182	207
UniRef90_UPI000643F867	57.89	182	172
UniRef90_W6L0N9	39.80	182	241
UniRef90_M7XTR5	43.84	182	250
UniRef90_V9ILW3	51.45	182	144
UniRef90_UPI000185D7CB	50.00	182	353
UniRef90_Q9SWE5	99.45	182	209
UniRef90_D7L7Y7	98.35	182	209
UniRef90_B9SJW3	86.26	182	212
UniRef90_A0A059A1H2	84.62	182	211
UniRef90_M4DXP1	92.86	182	566
UniRef90_UPI00053C426B	91.21	182	205
UniRef90_UPI00058151C5	81.87	182	262
UniRef90_V4VKM2	85.71	182	212
UniRef90_UPI0002C31529	83.52	182	216
UniRef90_UPI0005816A1A	83.52	182	211
UniRef90_M5WVI3	82.97	182	211
UniRef90_K4CP90	83.52	182	202
UniRef90_P94063	89.01	182	201
UniRef90_W9RGR9	84.62	182	217
UniRef90_A0A022R063	85.16	182	209
UniRef90_D7KD33	88.46	182	423
UniRef90_A0A061FCY5	82.97	182	212
UniRef90_A0A0D2TN23	82.42	182	208
UniRef90_G7LCR5	81.32	182	213
UniRef90_A0A068UCT5	83.52	182	211
UniRef90_UPI00052EDCED	82.87	182	215
UniRef90_A0A0J8BFD5	82.97	182	211
UniRef90_A0A022Q6K5	83.43	182	210
UniRef90_A0A0A0LR29	81.32	182	212
UniRef90_S8EAJ4	82.42	182	190
UniRef90_UPI00006034E0	79.56	182	207
UniRef90_C6TA59	81.32	182	214
UniRef90_A0A068V7B9	83.98	182	210
UniRef90_UPI00051BCC61	79.67	182	209
UniRef90_M0TWR9	78.89	182	206
UniRef90_A0A0A9CRT7	81.22	182	220
UniRef90_UPI00057A6A3F	78.33	182	216
UniRef90_K3XY55	77.35	182	332
UniRef90_F6GTL7	79.67	182	271
UniRef90_I1H018	80.79	182	216
UniRef90_UPI00018756B3	79.67	182	214
UniRef90_A0A0E0PUQ8	79.10	182	282
UniRef90_Q69K55	79.10	182	220
UniRef90_J3MC41	77.97	182	220
UniRef90_UPI0004E5615D	77.78	182	206
UniRef90_F2CRT3	75.69	182	215
UniRef90_A0A0A9F7M4	73.89	182	258
UniRef90_B4FI60	76.24	182	220
UniRef90_M1A1R6	77.47	182	206
UniRef90_K3XM59	72.22	182	199
UniRef90_UPI00057AD7E6	77.90	182	208
UniRef90_C5XLV1	70.56	182	200
UniRef90_A0A077RXZ0	69.78	182	206
UniRef90_K7VDM3	78.36	182	301
UniRef90_A0A0D6R7U2	71.43	182	202
UniRef90_A0A0K9NLJ3	71.19	182	199
UniRef90_A9REZ2	71.91	182	232
UniRef90_W4XV19	54.40	182	205
UniRef90_M7Z429	67.66	182	235
UniRef90_E1BUI2	51.09	182	204
UniRef90_UPI0006A6E8C7	84.29	182	207
UniRef90_A9TQK4	71.35	182	239
UniRef90_A0A091LNL9	51.09	182	210
UniRef90_A0A091RTN1	51.63	182	195
UniRef90_UPI0003D0AEC5	51.10	182	211
UniRef90_A0A091P7J7	50.54	182	210
UniRef90_UPI0004ED03A6	50.55	182	204
UniRef90_UPI000497DA25	51.93	182	208
UniRef90_UPI000528B29E	50.00	182	210
UniRef90_D3ZZZ5	50.56	182	242
UniRef90_H0WM54	50.84	182	204
UniRef90_H0VU15	48.91	182	204
UniRef90_A0A0F8BV34	51.11	182	223
UniRef90_UPI0006B0DCEA	50.00	182	275
UniRef90_U3J6F0	50.84	182	204
UniRef90_B9RAN6	72.53	182	395
UniRef90_B9RAN6	66.85	182	395
UniRef90_I3KE39	51.38	182	204
UniRef90_W5JPY6	50.56	182	192
UniRef90_UPI0003F096AF	50.00	182	218
UniRef90_UPI000644C686	52.22	182	208
UniRef90_G1SN42	49.46	182	221
UniRef90_D8RM99	71.27	182	197
UniRef90_B9RAN7	69.78	182	196
UniRef90_E3TGC7	52.78	182	205
UniRef90_A0A084W4E2	50.56	182	218
UniRef90_Q1LWK2	53.01	182	231
UniRef90_C3Z8J3	50.83	182	194
UniRef90_Q8BZB2	50.56	182	204
UniRef90_Q7PZN2	51.38	182	191
UniRef90_UPI0006441959	53.55	182	207
UniRef90_I3MDG5	50.28	182	194
UniRef90_G3U899	49.46	182	204
UniRef90_H0Z086	50.54	182	203
UniRef90_K7FZ56	50.00	182	211
UniRef90_W5NA98	53.04	182	207
UniRef90_UPI0005232A4E	50.28	182	210
UniRef90_W1P1S9	67.03	182	202
UniRef90_UPI0004D08195	51.40	182	221
UniRef90_G3NLX5	51.67	182	210
UniRef90_A0A091S9M7	50.54	182	210
UniRef90_G3I830	50.84	182	201
UniRef90_UPI0003291219	48.37	182	204
UniRef90_UPI0003AB993E	50.84	182	320
UniRef90_UPI0003331EFA	48.63	182	204
UniRef90_UPI00045E3524	47.51	182	221
UniRef90_UPI00038F0CDA	50.28	182	204
UniRef90_H9GP06	50.00	182	222
UniRef90_H2UGD6	47.54	182	198
UniRef90_UPI0002C45B5C	49.17	182	379
UniRef90_Q96CD2	50.28	182	204
UniRef90_UPI0003C80974	49.72	182	276
UniRef90_Q1HQE9	48.88	182	192
UniRef90_C3KGU1	52.49	182	207
UniRef90_H2NNT7	50.84	182	221
UniRef90_I3LFK1	50.84	182	220
UniRef90_H2UGD7	47.80	182	185
UniRef90_G7P953	50.84	182	204
UniRef90_G1P3P3	50.28	182	226
UniRef90_UPI000331468A	52.51	182	204
UniRef90_M3Z0U6	49.72	182	204
UniRef90_Q58DB8	50.84	182	230
UniRef90_UPI000441B23A	49.45	182	203
UniRef90_UPI0003F14712	48.37	182	204
UniRef90_UPI0006B7E3F2	50.28	182	213
UniRef90_L8YA76	48.91	182	221
UniRef90_V7B2B5	70.17	182	203
UniRef90_UPI0004444F7F	50.28	182	203
UniRef90_A0A0G2CAU1	47.25	182	204
UniRef90_UPI0006767BE4	51.91	182	199
UniRef90_C1BZR3	51.38	182	214
UniRef90_UPI000674638F	51.91	182	209
UniRef90_C1BIY1	51.67	182	209
UniRef90_UPI00049656B2	50.84	182	221
UniRef90_V9L0R4	50.54	182	207
UniRef90_A0A022QNI4	70.33	182	202
UniRef90_W5K6U9	50.83	182	203
UniRef90_H2LS39	50.00	182	205
UniRef90_UPI0006B3AC2A	51.38	182	231
UniRef90_A0A034WTA2	48.11	182	191
UniRef90_UPI0006C9D7F5	48.09	182	221
UniRef90_A0A023EIV9	47.75	182	192
UniRef90_A0A0N0PAJ4	49.46	182	199
UniRef90_UPI0006C990D3	48.86	182	357
UniRef90_W8BHG4	45.16	182	205
UniRef90_C5E3W4	46.74	182	482
UniRef90_UPI0006AA91AC	84.71	182	303
UniRef90_K7IS03	48.57	182	196
UniRef90_UPI0005C3C80D	48.60	182	195
UniRef90_B6TQI3	66.11	182	190
UniRef90_UPI0003344AC1	49.44	182	204
UniRef90_G8ZQH5	44.57	182	506
UniRef90_W0VQH9	46.74	182	458
UniRef90_L7LYT0	52.46	182	200
UniRef90_U5ESC8	48.59	182	191
UniRef90_F7ADW8	49.45	182	216
UniRef90_A0A068EHP1	53.55	182	183
UniRef90_K7MU20	69.44	182	207
UniRef90_UPI0006790884	49.19	182	197
UniRef90_UPI0001CBA07D	52.43	182	186
UniRef90_C5DDH5	45.36	182	510
UniRef90_A0A067QIV1	49.45	182	200
UniRef90_UPI000333C5C4	51.67	182	204
UniRef90_Q6CMR1	44.26	182	543
UniRef90_E9G353	50.00	182	181
UniRef90_UPI000625E9A0	49.14	182	199
UniRef90_B0XL28	48.02	182	191
UniRef90_Q6VZK6	51.96	182	184
UniRef90_UPI0004CCE89E	47.78	182	196
UniRef90_T1G034	52.17	182	211
UniRef90_A0A091K7H4	50.54	182	200
UniRef90_A0A015MTC7	51.37	182	190
UniRef90_UPI0005D0C5BA	48.90	182	187
UniRef90_I0YXL0	55.25	182	210
UniRef90_A0A0K8TKK5	44.26	182	187
UniRef90_B4LJU1	47.83	182	270
UniRef90_T1IWE8	51.93	182	203
UniRef90_B7PZI2	51.34	182	198
UniRef90_A0A023FHV0	51.37	182	200
UniRef90_A0A0L0CQP0	46.77	182	194
UniRef90_UPI0003504177	51.52	182	203
UniRef90_UPI0006B0BEE1	46.28	182	219
UniRef90_K0KN66	46.15	182	622
UniRef90_A0A091PME9	52.12	182	172
UniRef90_V9L514	45.37	182	228
UniRef90_B3MIZ3	48.37	182	191
UniRef90_UPI000698701F	50.27	182	198
UniRef90_UPI00035998BC	52.33	182	394
UniRef90_UPI00067919E6	51.83	182	196
UniRef90_E9IWF7	48.30	182	198
UniRef90_Q759W6	42.62	182	530
UniRef90_A0A0A8L9H6	44.26	182	590
UniRef90_A0A0C7N2H4	44.26	182	515
UniRef90_R4WDI8	48.37	182	202
UniRef90_UPI0006B80AC3	51.22	182	203
UniRef90_UPI0006264251	48.57	182	198
UniRef90_A7RS79	49.19	182	194
UniRef90_UPI000258F1EF	48.00	182	199
UniRef90_G6CUD1	45.05	182	200
UniRef90_UPI0005ABCA78	48.57	182	198
UniRef90_A0A061AIQ5	48.63	182	230
UniRef90_A0A087ZPP8	48.00	182	198
UniRef90_A0A091TUB9	51.52	182	185
UniRef90_UPI0005346B98	53.05	182	198
UniRef90_UPI0006574BCA	51.52	182	225
UniRef90_A0A0N0BH19	46.86	182	394
UniRef90_Q5PQ26	50.55	182	213
UniRef90_B4JW85	48.09	182	192
UniRef90_A0A087R1B3	51.52	182	185
UniRef90_D2CFX2	47.22	182	188
UniRef90_A7TR58	46.49	182	522
UniRef90_A0A026W3B6	48.57	182	196
UniRef90_A0A0A9XAI4	51.35	182	206
UniRef90_A0A061R429	54.80	182	195
UniRef90_V5G7P2	50.00	182	183
UniRef90_E2BGX6	46.96	182	198
UniRef90_A0A0D2U413	64.84	182	196
UniRef90_B3RR71	47.25	182	187
UniRef90_A0A090BMG6	43.72	182	534
UniRef90_M7AZK9	51.20	182	333
UniRef90_I1G226	56.57	182	192
UniRef90_E2A2R9	48.00	182	196
UniRef90_Q8MKK3	45.65	182	191
UniRef90_V4CGN0	51.65	182	187
UniRef90_A0A061AVR5	44.51	182	390
UniRef90_S2JFA5	51.14	182	195
UniRef90_UPI0003504AEC	51.85	182	291
UniRef90_UPI0003C393D1	46.37	182	190
UniRef90_F1LCF6	49.72	182	249
UniRef90_A0A0A0LP03	69.61	182	196
UniRef90_A0A0M3QUP7	47.83	182	191
UniRef90_A0A0H5C8V8	42.86	182	591
UniRef90_A0A060THP6	45.60	182	394
UniRef90_A0A0N4VHT9	49.17	182	218
UniRef90_UPI000673746D	46.96	182	197
UniRef90_B4KT63	48.04	182	191
UniRef90_A0A0B2UZG4	49.17	182	286
UniRef90_A0A0E0HM83	76.87	182	236
UniRef90_A0A044UKV4	48.07	182	413
UniRef90_UPI0006D4CA15	51.96	182	204
UniRef90_UPI0003F15EB7	49.70	182	218
UniRef90_F4PCU2	48.02	182	185
UniRef90_A0A093GA64	48.28	182	186
UniRef90_A0A0L8GXI8	51.93	182	209
UniRef90_A0A091WM35	50.61	182	184
UniRef90_I2H0K2	46.20	182	649
UniRef90_UPI0005503FE2	51.55	182	184
UniRef90_T0RRF6	53.48	182	203
UniRef90_D3TRH5	48.60	182	208
UniRef90_UPI000572BC50	51.22	182	241
UniRef90_A0A087UM23	53.85	182	191
UniRef90_UPI0004A63FA4	67.40	182	196
UniRef90_A0A0L0SVY4	50.82	182	195
UniRef90_A0A0N5E542	47.62	182	234
UniRef90_A0A0N4Z0Y7	48.62	182	244
UniRef90_Q6FL89	42.93	182	544
UniRef90_A8NZA5	47.51	182	524
UniRef90_A0A0N5AXF6	47.51	182	235
UniRef90_U5H9A2	49.47	182	240
UniRef90_UPI0003EC0B25	50.61	182	238
UniRef90_T2M7U2	51.37	182	214
UniRef90_UPI0005403A8F	51.23	182	191
UniRef90_A0A0E0A6C5	77.03	182	234
UniRef90_UPI00045DF9F5	51.23	182	195
UniRef90_UPI000579D1A1	50.00	182	232
UniRef90_A0A0C9W296	51.11	182	215
UniRef90_B4MS01	45.65	182	194
UniRef90_A0A091ID72	49.11	182	187
UniRef90_UPI00062B3328	50.61	182	225
UniRef90_UPI00038402F9	49.72	182	256
UniRef90_A0A099ZM08	50.30	182	167
UniRef90_A0A066W325	48.07	182	250
UniRef90_A0A0D1VS52	42.03	182	237
UniRef90_M4AN01	51.55	182	191
UniRef90_A0A067MJI9	49.45	182	223
UniRef90_UPI0006CF0E3A	48.37	182	198
UniRef90_A0A068S217	53.55	182	245
UniRef90_A0A093R271	47.43	182	187
UniRef90_A0A0G4I9D1	51.67	182	193
UniRef90_E3JTP5	44.39	182	205
UniRef90_U4TS01	47.78	182	188
UniRef90_G8C1C5	44.02	182	563
UniRef90_M7XTR5	43.84	182	250
UniRef90_U6NVI0	46.52	182	266
UniRef90_K5WUW3	46.70	182	210
UniRef90_UPI00044498E0	47.25	182	203
UniRef90_Q28XR7	44.81	182	191
UniRef90_A0A077ZDC5	50.83	182	233
UniRef90_A0A0H5QH68	47.43	182	199
UniRef90_A0A0L0USY6	45.41	182	206
UniRef90_UPI0005FACBDF	51.22	182	225
UniRef90_UPI0004407D70	48.07	182	203
UniRef90_A0A0D2BQ19	40.10	182	237
UniRef90_A0A0N4U1N4	49.17	182	267
UniRef90_A0A0E9NQQ6	45.00	182	437
UniRef90_F2QSG5	45.30	182	532
UniRef90_G0VJG6	41.94	182	522
UniRef90_A4RVT3	55.98	182	190
UniRef90_M7NKI3	47.03	182	252
UniRef90_H2LS38	49.69	182	196
UniRef90_W1QBF6	43.72	182	561
UniRef90_A0A0G4EWZ7	52.72	182	205
UniRef90_A0A0L0H8N2	50.54	182	210
UniRef90_F6V580	43.17	182	188
UniRef90_Q4WNJ4	45.33	182	243
UniRef90_A8ICF7	48.33	182	361
UniRef90_UPI000581551F	62.22	182	201
UniRef90_U1LNX3	49.72	182	770
UniRef90_U1LNX3	39.78	182	770
UniRef90_A0A0D2ECP4	43.00	182	237
UniRef90_A0A0L6UY84	43.78	182	210
UniRef90_S7PUW0	47.80	182	208
UniRef90_A0A066W756	48.07	182	470
UniRef90_A0A0C3C247	46.81	182	207
UniRef90_A0A0D2INI9	42.03	182	240
UniRef90_W6MQS0	44.26	182	291
UniRef90_C4WSJ0	49.44	182	184
UniRef90_UPI000498EEB9	68.16	182	397
UniRef90_UPI000498EEB9	60.34	182	397
UniRef90_A0A0C9MH80	53.57	182	878
UniRef90_W4K6J0	44.51	182	205
UniRef90_A0A0H2SSC7	48.37	182	210
UniRef90_UPI000644C874	54.80	182	213
UniRef90_A0A0N4Y6N3	48.62	182	225
UniRef90_A0A090MV21	48.62	182	243
UniRef90_A0A0N4YP81	48.62	182	329
UniRef90_A0A087SH84	58.19	182	282
UniRef90_A0A0E0DYD0	78.01	182	198
UniRef90_I7LUP7	43.14	182	222
UniRef90_A0A0D2P604	46.52	182	215
UniRef90_W9W0Z5	42.23	182	239
UniRef90_A0A0D9WMZ0	78.32	182	218
UniRef90_K5UWH3	43.62	182	210
UniRef90_H3ADQ1	49.73	182	214
UniRef90_E0V8V9	48.80	182	268
UniRef90_A0A0M3JS97	46.52	182	265
UniRef90_D8PY43	45.30	182	215
UniRef90_E5SW29	44.15	182	588
UniRef90_I2JSH4	41.53	182	738
UniRef90_F9FH18	45.81	182	238
UniRef90_A5DIZ7	38.21	182	454
UniRef90_A0A0D2CPW2	42.03	182	239
UniRef90_A0A067P5L3	47.80	182	200
UniRef90_C5Z606	75.82	182	193
UniRef90_A0A0C3D385	49.72	182	203
UniRef90_G3AJ13	38.21	182	383
UniRef90_UPI000581311F	59.89	182	215
UniRef90_F4RI50	43.01	182	217
UniRef90_A0A0D0ACY5	47.19	182	233
UniRef90_UPI00046224E8	46.37	182	209
UniRef90_D6RP08	45.11	182	282
UniRef90_G7DUW9	47.19	182	183
UniRef90_A0A067TJI5	46.45	182	206
UniRef90_R7Q913	52.81	182	192
UniRef90_B6K7B9	47.57	182	619
UniRef90_A0A091HJ44	46.82	182	197
UniRef90_A0A016UFE1	46.41	182	284
UniRef90_A0A0J9X9A3	43.58	182	595
UniRef90_A0A0C3PGI4	43.41	182	216
UniRef90_G0W7D1	41.62	182	631
UniRef90_V2YUA6	46.41	182	205
UniRef90_A2QHK1	42.25	182	273
UniRef90_H6BUE2	42.51	182	232
UniRef90_A0A0L6WSK7	47.51	182	202
UniRef90_W2RL13	42.31	182	232
UniRef90_UPI0006C9C7E8	53.90	182	164
UniRef90_A0A0K0DDL1	47.31	182	251
UniRef90_UPI0006D73147	53.38	182	186
UniRef90_K8YV99	46.70	182	222
UniRef90_A0A0C3PEC9	47.46	182	206
UniRef90_A0A0G4J8E3	50.54	182	205
UniRef90_UPI0004415187	44.57	182	207
UniRef90_A0A099P264	45.05	182	607
UniRef90_F8Q026	45.45	182	207
UniRef90_G7L1E5	58.24	182	211
UniRef90_D3AYN0	49.16	182	199
UniRef90_Q6C6T7	44.81	182	415
UniRef90_A0A067Q6P4	48.62	182	204
UniRef90_D0MXS0	45.60	182	206
UniRef90_H2Z3Z9	50.00	182	173
UniRef90_UPI0004416E82	46.96	182	207
UniRef90_A0A0N5E9K4	46.70	182	285
UniRef90_R8BT83	40.00	182	253
UniRef90_G8BBK8	37.86	182	588
UniRef90_Q9UTI7	47.22	182	625
UniRef90_A0A074RTQ6	43.88	182	471
UniRef90_A3FQ15	42.33	182	188
UniRef90_H2AM63	42.93	182	440
UniRef90_UPI0003DED482	60.77	182	263
UniRef90_UPI0005CEB10B	44.83	182	198
UniRef90_W9XNB1	41.75	182	244
UniRef90_P36076	40.84	182	571
UniRef90_W9X3X9	42.23	182	240
UniRef90_G4VHC6	49.46	182	198
UniRef90_A0A0D8Y2I9	45.30	182	413
UniRef90_UPI0003AB99F1	54.05	182	251
UniRef90_D2VFG8	49.46	182	219
UniRef90_M2XPK5	51.10	182	197
UniRef90_Q6BP16	36.52	182	607
UniRef90_A0A0M9VP08	44.34	182	236
UniRef90_N6UGE8	49.42	182	260
UniRef90_UPI0002656ED7	48.91	182	199
UniRef90_H8WVK1	37.86	182	563
UniRef90_A0A0A2VTV0	47.15	182	223
UniRef90_A0A0L8RFU1	39.79	182	574
UniRef90_UPI000652FFB4	53.38	182	188
UniRef90_A3LXS0	39.62	182	536
UniRef90_A0A0F7SKC6	43.17	182	1454
UniRef90_UPI0001E87AA0	53.38	182	196
UniRef90_A0A0C9WCZ0	46.99	182	204
UniRef90_A0A0C3QDX0	50.00	182	213
UniRef90_A0A0J9X6D7	44.26	182	553
UniRef90_I1N3H3	60.44	182	208
UniRef90_A0A0L0P461	37.39	182	714
UniRef90_M5BXR7	48.07	182	461
UniRef90_A0A0C4DF52	41.15	182	230
UniRef90_UPI000388BB44	53.33	182	166
UniRef90_F0YJ52	50.84	182	400
UniRef90_W9XJF2	41.26	182	233
UniRef90_D8U3S8	52.75	182	193
UniRef90_UPI00029D9F36	50.00	182	207
UniRef90_A0A075AWC2	51.12	182	187
UniRef90_F7DMJ6	51.59	182	165
UniRef90_A0A0C3GFP8	46.33	182	207
UniRef90_A0A0L0USQ4	40.78	182	227
UniRef90_A0A072NU53	40.78	182	240
UniRef90_L8WF77	47.80	182	373
UniRef90_A0A0D7A6L3	45.30	182	205
UniRef90_A0A098DNS0	44.33	182	222
UniRef90_A0A0N0NKB2	42.03	182	236
UniRef90_F0VE52	48.35	182	254
UniRef90_R7SEZ0	43.18	182	209
UniRef90_A0A0C4F2B5	40.09	182	233
UniRef90_S9XH69	44.57	182	634
UniRef90_UPI00044365D8	52.29	182	191
UniRef90_C4Y3D3	36.28	182	738
UniRef90_UPI0004411F9A	47.19	182	193
UniRef90_Q5DHV8	45.50	182	200
UniRef90_B0CW04	45.45	182	203
UniRef90_UPI00042CD1F9	53.38	182	223
UniRef90_J7SBJ8	41.62	182	497
UniRef90_L7JHN8	39.63	182	338
UniRef90_M2R6E9	48.60	182	209
UniRef90_G7L1D9	56.99	182	204
UniRef90_M4B6W6	47.18	182	327
UniRef90_A0A0D7BM67	45.45	182	206
UniRef90_A0A0D1Z0K2	40.58	182	287
UniRef90_C5M4J5	37.67	182	768
UniRef90_U1HK35	39.65	182	260
UniRef90_C7Z037	44.78	182	222
UniRef90_Q5A868	37.79	182	731
UniRef90_UPI00062A5CCE	51.83	182	222
UniRef90_A0CSG8	44.81	182	196
UniRef90_A0A0F4Z457	41.38	182	902
UniRef90_A0A080ZRR7	46.63	182	206
UniRef90_UPI0005300919	78.52	182	190
UniRef90_M3K0X7	38.07	182	697
UniRef90_A0A017S942	41.29	182	228
UniRef90_A0A0F4Z7L8	42.78	182	218
UniRef90_M5FTJ8	45.56	182	235
UniRef90_S8E2A2	44.02	182	210
UniRef90_A0A068XD63	46.49	182	191
UniRef90_A0A0F0ID15	39.71	182	233
UniRef90_E3LPB8	46.96	182	282
UniRef90_G7X6V8	41.98	182	236
UniRef90_A0A095AZK1	48.37	182	490
UniRef90_G0MSE6	47.51	182	244
UniRef90_C1E4P8	43.87	182	270
UniRef90_A5DS08	38.14	182	775
UniRef90_A0A090N352	48.02	182	222
UniRef90_A0A0L7L7Q6	53.42	182	157
UniRef90_A0A074YM49	37.90	182	249
UniRef90_A0A024TQ70	51.89	182	348
UniRef90_A0A074WKB9	39.45	182	247
UniRef90_A0A060SBZ4	46.07	182	188
UniRef90_A8X2W0	45.86	182	241
UniRef90_B9WKT3	36.94	182	738
UniRef90_H2W0S1	47.25	182	235
UniRef90_A0A0J9XCS5	42.62	182	585
UniRef90_J3KD29	41.55	182	234
UniRef90_E6RCW6	41.92	182	362
UniRef90_S3D9S4	42.38	182	245
UniRef90_A0A068Y8I9	47.83	182	191
UniRef90_G1XQ92	44.17	182	248
UniRef90_D4B2C2	41.78	182	232
UniRef90_A0A086TEE4	42.71	182	226
UniRef90_G3VDJ7	54.30	182	159
UniRef90_Q6CCV1	42.62	182	488
UniRef90_A0A0B4GGK6	40.89	182	242
UniRef90_M2RY73	37.73	182	267
UniRef90_A0A074T0A5	42.21	182	347
UniRef90_A0A074Z251	39.73	182	248
UniRef90_A6RE04	42.42	182	223
UniRef90_E3QDT6	40.82	182	229
UniRef90_A0A0D2X079	44.84	182	303
UniRef90_A0A0B1PBB6	40.18	182	244
UniRef90_G2Q813	39.55	182	252
UniRef90_P91988	46.96	182	237
UniRef90_C4JT68	42.44	182	234
UniRef90_G8XZU7	36.40	182	552
UniRef90_A1CGQ4	41.04	182	235
UniRef90_UPI0000E4B030	48.28	182	302
UniRef90_UPI0005352FB2	43.96	182	178
UniRef90_A0A010R2N4	39.20	182	224
UniRef90_Q5KJ65	40.91	182	368
UniRef90_A0A0B2WPD0	42.00	182	243
UniRef90_A0A0F8U9Y3	41.31	182	234
UniRef90_A0A0J0XK83	44.68	182	256
