UniRef90_P36234	100.00	320	322
UniRef90_D8JQV9	80.62	320	322
UniRef90_A0A0D6JKU7	64.58	320	319
UniRef90_E3I7D0	49.53	320	329
UniRef90_W9H5P8	48.40	320	328
UniRef90_K2KXI9	47.02	320	318
UniRef90_A0A0B4XVC0	47.81	320	318
UniRef90_UPI0004896223	45.54	320	323
UniRef90_UPI0004846BA3	46.79	320	319
UniRef90_UPI0004960F50	48.08	320	321
UniRef90_UPI0005523D17	46.15	320	325
UniRef90_I3ZER6	46.79	320	323
UniRef90_A0A0F2RVT6	43.91	320	321
UniRef90_UPI0003814FBE	45.51	320	321
UniRef90_UPI000490D3DD	47.12	320	321
UniRef90_UPI00056F4465	44.59	320	322
UniRef90_A0A060DJ40	45.40	320	328
UniRef90_UPI00048B076A	46.79	320	318
UniRef90_UPI000701C8FB	43.41	320	318
UniRef90_A3V4L1	45.37	320	321
UniRef90_UPI000361D5F6	45.95	320	321
UniRef90_A0A081BE91	44.23	320	321
UniRef90_UPI000471DE5D	41.35	320	322
UniRef90_A0A0D2W3A8	46.79	320	326
UniRef90_A0A0B0HDP9	42.31	320	321
UniRef90_UPI0003688384	43.61	320	326
UniRef90_UPI0002DF2F6C	43.55	320	324
UniRef90_UPI0003B7BB8F	44.23	320	321
UniRef90_K2M9S5	43.95	320	321
UniRef90_I1F1R3	45.25	320	321
UniRef90_A9D787	43.59	320	320
UniRef90_UPI0005699F50	44.87	320	321
UniRef90_UPI00037A2F7D	42.17	320	324
UniRef90_UPI0003F5A98A	41.64	320	326
UniRef90_Q2RTD0	41.61	320	323
UniRef90_UPI0006FD4DA6	44.84	320	319
UniRef90_UPI000700FF43	45.16	320	318
UniRef90_K9HMB3	42.63	320	326
UniRef90_UPI00068A2A3B	45.30	320	319
UniRef90_A0A0F7JSQ6	46.47	320	321
UniRef90_H0A4L7	43.91	320	322
UniRef90_UPI0003B71E8A	43.27	320	321
UniRef90_I3TN34	43.53	320	330
UniRef90_UPI00047FDD2C	43.45	320	320
UniRef90_UPI00030D3218	42.90	320	321
UniRef90_A0A0M6YQN9	42.86	320	320
UniRef90_Q0FF66	41.03	320	319
UniRef90_UPI00063D0791	41.03	320	321
UniRef90_A0A0C1GQN6	42.86	320	320
UniRef90_A3T0L6	41.07	320	319
UniRef90_UPI000262CB7F	42.35	320	318
UniRef90_G8AR91	51.22	320	251
UniRef90_B7RK33	41.03	320	323
UniRef90_UPI0005C1E651	42.77	320	322
UniRef90_UPI0005C337A4	46.28	320	512
UniRef90_A7HWY2	43.91	320	321
UniRef90_UPI0003737AF4	45.00	320	324
UniRef90_B3TCR2	41.88	320	317
UniRef90_A6FWF8	41.03	320	319
UniRef90_D5RR32	41.99	320	323
UniRef90_UPI000564E6C9	41.72	320	320
UniRef90_K2KGQ0	45.19	320	329
UniRef90_A0A0B4XTR7	42.31	320	321
UniRef90_UPI00057F37B7	41.35	320	318
UniRef90_A0A0A0HTM7	41.67	320	321
UniRef90_A0A0D6JHZ4	41.46	320	321
UniRef90_Q4FNZ3	41.10	320	317
UniRef90_E0XZA4	40.45	320	317
UniRef90_V6EY96	41.43	320	321
UniRef90_UPI00054F7DEA	43.27	320	322
UniRef90_A0A076K510	40.06	320	324
UniRef90_UPI0003C7F0C2	41.10	320	317
UniRef90_A3W4B9	41.03	320	321
UniRef90_V5BZ12	39.37	320	323
UniRef90_F2I3G0	39.87	320	317
UniRef90_A0A0L6CZ14	40.06	320	320
UniRef90_A0A0F3IQX2	45.87	320	299
UniRef90_D3NVT0	44.59	320	332
UniRef90_UPI0004685A36	39.42	320	319
UniRef90_G7Z7Z8	45.22	320	333
UniRef90_A0A0F2L1G5	43.95	320	331
UniRef90_F4GSD4	38.66	320	321
UniRef90_Q608T2	38.98	320	323
UniRef90_UPI0005C291CB	38.28	320	331
UniRef90_A0A0D6PBI1	40.26	320	312
UniRef90_UPI00040A0544	38.34	320	323
UniRef90_UPI0005B7C0D3	41.40	320	325
UniRef90_UPI00036DF422	43.31	320	330
UniRef90_D0RQV3	38.39	320	318
UniRef90_A0A069HXZ2	39.94	320	324
UniRef90_E0XQ39	39.16	320	317
UniRef90_UPI0002E8A09F	41.58	320	323
UniRef90_A0A0F5K0R7	40.92	320	325
UniRef90_UPI00057F4A9F	41.25	320	322
UniRef90_UPI000681DF18	38.78	320	316
UniRef90_Q120R1	39.94	320	323
UniRef90_V4NSL4	40.76	320	322
UniRef90_A9EAM3	39.74	320	319
UniRef90_UPI00046986DF	42.63	320	320
UniRef90_J9YWY9	39.16	320	317
UniRef90_A0A0C1GH50	36.83	320	316
UniRef90_B6BRV0	40.45	320	318
UniRef90_UPI0004948F27	39.43	320	319
UniRef90_UPI0003FFB5AC	38.10	320	323
UniRef90_UPI00046A8681	39.23	320	316
UniRef90_W8IDI1	39.62	320	324
UniRef90_K9H0U3	37.75	320	328
UniRef90_UPI00039C5B29	37.82	320	330
UniRef90_S3HGS9	37.46	320	323
UniRef90_UPI00056FEFA2	38.16	320	330
UniRef90_G8AFF7	37.17	320	329
UniRef90_UPI0006F80E93	38.66	320	322
UniRef90_UPI000700FB76	38.34	320	322
UniRef90_UPI0006948CFE	38.21	320	340
UniRef90_N6V9I5	38.61	320	323
UniRef90_UPI000557FC6D	38.98	320	323
UniRef90_UPI0004281847	39.43	320	320
UniRef90_UPI0003F8276D	40.76	320	325
UniRef90_UPI0004217DCF	37.78	320	323
UniRef90_K0PX82	36.42	320	323
UniRef90_UPI000408EAFF	38.46	320	328
UniRef90_UPI0006473578	38.26	320	320
UniRef90_UPI00045EB3F5	38.34	320	324
UniRef90_A0A0B4XQQ8	38.28	320	328
UniRef90_UPI0005EB5866	37.14	320	323
UniRef90_UPI00035E02D0	38.34	320	322
UniRef90_H0PY36	38.02	320	323
UniRef90_A0A0F3IMN2	37.46	320	323
UniRef90_UPI00034AD6A1	40.97	320	321
UniRef90_A0A0K1J7U5	38.17	320	325
UniRef90_C6AUJ9	38.29	320	323
UniRef90_W9H2R1	37.42	320	329
UniRef90_UPI00053E7339	41.35	320	323
UniRef90_UPI000469997B	38.94	320	317
UniRef90_A0A0A0CW92	37.58	320	329
UniRef90_H8GPW4	38.68	320	324
UniRef90_G6A180	37.58	320	326
UniRef90_K2JS96	37.75	320	330
UniRef90_UPI00036C1196	37.85	320	324
UniRef90_D5BU64	37.92	320	328
UniRef90_UPI000366E284	37.78	320	323
UniRef90_UPI00026CA72C	40.97	320	323
UniRef90_UPI00037A6F30	38.06	320	327
UniRef90_A0A087NDX8	39.60	320	323
UniRef90_B7IHN8	40.32	320	317
UniRef90_UPI000404D29A	36.74	320	323
UniRef90_B9NMI8	37.38	320	316
UniRef90_UPI0006C922B0	38.31	320	342
UniRef90_B6IW24	38.13	320	329
UniRef90_J8VFD4	39.42	320	322
UniRef90_UPI000468E23D	36.66	320	316
UniRef90_N1JU77	36.54	320	317
UniRef90_A0A0B5E889	35.90	320	328
UniRef90_A0A0K2DBL2	37.91	320	330
UniRef90_UPI00023790FB	36.54	320	316
UniRef90_UPI0001DD0FB7	36.79	320	338
UniRef90_J3BT63	36.74	320	323
UniRef90_Q160B1	38.22	320	330
UniRef90_UPI00048B8CF8	37.75	320	328
UniRef90_U3AG79	37.78	320	320
UniRef90_L0LL97	37.38	320	323
UniRef90_A9BIR0	38.91	320	320
UniRef90_UPI00047F73E3	36.75	320	327
UniRef90_A3VBQ4	36.98	320	316
UniRef90_UPI0006F43855	37.58	320	323
UniRef90_UPI000551A9D4	38.56	320	328
UniRef90_A0A095EWA4	35.76	320	328
UniRef90_UPI000488D4B5	36.18	320	329
UniRef90_UPI00063ED26D	39.35	320	330
UniRef90_Q46NK9	38.94	320	327
UniRef90_UPI0003B35B96	36.75	320	326
UniRef90_UPI00067E7CFF	36.22	320	316
UniRef90_A3V5B0	35.45	320	328
UniRef90_A7HM61	38.39	320	317
UniRef90_A8TYX4	36.42	320	328
UniRef90_UPI00055F6056	37.10	320	323
UniRef90_A0A0F2RHD9	36.51	320	328
UniRef90_UPI000563DCBF	37.06	320	324
UniRef90_F3SCI1	38.05	320	324
UniRef90_F4QSD3	38.34	320	322
UniRef90_A0A074MG38	39.19	320	336
UniRef90_A0A085U194	36.91	320	328
UniRef90_B6B4K8	38.02	320	323
UniRef90_A0A0B4X6Q4	36.98	320	322
UniRef90_J1TD90	37.34	320	322
UniRef90_A0A0B3RQK2	35.22	320	328
UniRef90_B6AXD9	37.38	320	323
UniRef90_W6RDB6	36.42	320	323
UniRef90_UPI000422DE27	37.18	320	325
UniRef90_G3ITT2	36.42	320	323
UniRef90_UPI0004789D8E	37.83	320	326
UniRef90_UPI0006815C0E	37.21	320	328
UniRef90_A3JQU0	35.23	320	371
UniRef90_UPI00055B6E26	38.73	320	324
UniRef90_A0A062TZM5	37.87	320	328
UniRef90_UPI0004DF2335	35.44	320	323
UniRef90_V4NHP3	38.66	320	322
UniRef90_A0A074LQS2	37.50	320	328
UniRef90_A6UC42	35.74	320	324
UniRef90_Q2WAX6	37.09	320	358
UniRef90_UPI0006FC034B	37.33	320	319
UniRef90_Q0G2B8	37.46	320	322
UniRef90_A0A0C5L428	37.50	320	332
UniRef90_V7EMD2	36.64	320	315
UniRef90_A0A037ZKX7	36.86	320	318
UniRef90_UPI0004233DAE	37.79	320	328
UniRef90_UPI0006C7ED1B	36.74	320	323
UniRef90_UPI00049602E8	36.86	320	332
UniRef90_UPI0004040E75	36.84	320	329
UniRef90_A0A0A6R1U7	36.71	320	323
UniRef90_A0A0A1WAX9	37.92	320	323
UniRef90_UPI000344ED60	37.83	320	323
UniRef90_UPI000367A00B	38.05	320	331
UniRef90_Q0FAH2	38.10	320	323
UniRef90_K2JEH6	36.09	320	328
UniRef90_I7LCA3	38.26	320	318
UniRef90_A4EI92	35.91	320	328
UniRef90_I3TRK1	38.18	320	326
UniRef90_F9ZZ61	36.39	320	322
UniRef90_UPI00055C4589	35.26	320	316
UniRef90_UPI0002557E4F	34.29	320	318
UniRef90_UPI000523DC83	39.03	320	331
UniRef90_UPI000482339B	37.54	320	328
UniRef90_UPI00041E5248	36.83	320	322
UniRef90_H9UB98	37.18	320	331
UniRef90_G7Z3D8	36.51	320	329
UniRef90_A0A0C9M4X8	39.10	320	323
UniRef90_A5P7U8	37.29	320	341
UniRef90_A7HZA8	37.21	320	330
UniRef90_Q6MIG3	37.34	320	319
UniRef90_A0A0C1GW64	35.58	320	316
UniRef90_A0A069E3Y9	37.21	320	328
UniRef90_H5SKV3	37.74	320	324
UniRef90_A0A033UAK6	37.94	320	318
UniRef90_A0A017HEL0	38.44	320	319
UniRef90_E8RVM4	37.38	320	322
UniRef90_A0A0G3X856	38.51	320	338
UniRef90_A0A090DPZ5	35.46	320	322
UniRef90_Q0FEN5	37.70	320	323
UniRef90_UPI0003732E6C	35.58	320	323
UniRef90_D3L065	38.78	320	329
UniRef90_A0A0A0HPL9	36.94	320	318
UniRef90_A0A0B0IE24	37.58	320	326
UniRef90_A0A0G2Z6Y2	37.74	320	324
UniRef90_A0A074M5F0	37.84	320	339
UniRef90_S7U948	37.06	320	324
UniRef90_UPI00056238CE	37.79	320	336
UniRef90_A0A061QKQ9	36.21	320	332
UniRef90_B4RBI5	35.55	320	327
UniRef90_X7F2T1	36.88	320	322
UniRef90_UPI00037DF09A	37.91	320	331
UniRef90_H8FU94	35.91	320	328
UniRef90_J9W0V5	38.80	320	333
UniRef90_UPI0002F87582	37.42	320	329
UniRef90_UPI0003FE7C27	37.14	320	323
UniRef90_A0A074TJ19	36.58	320	328
UniRef90_UPI000412D9BF	37.09	320	328
UniRef90_W9BY03	38.65	320	307
UniRef90_UPI0006F8A647	36.83	320	323
UniRef90_S7VG11	38.14	320	326
UniRef90_UPI0003FA949E	36.28	320	323
UniRef90_C6A3Y9	39.14	320	334
UniRef90_A0NWV7	36.51	320	328
UniRef90_UPI000403EB9E	38.71	320	321
UniRef90_S9QPH6	35.22	320	328
UniRef90_UPI0004707FC8	35.86	320	331
UniRef90_A0A0H0ZZT1	35.76	320	333
UniRef90_UPI0006F0AEC3	35.22	320	319
UniRef90_W0A6B8	39.74	320	318
UniRef90_A0A073JFX0	36.25	320	317
UniRef90_UPI000424F1FC	38.94	320	322
UniRef90_UPI00046A7518	35.35	320	316
UniRef90_A0A0L1KBF4	37.63	320	337
UniRef90_A4EXF3	35.44	320	316
UniRef90_UPI0004A6EF80	37.46	320	332
UniRef90_A0A017HTZ6	38.94	320	315
UniRef90_UPI0006FF1417	38.34	320	322
UniRef90_W6KPV5	36.58	320	328
UniRef90_UPI00056C6D76	36.88	320	328
UniRef90_J2HGX5	39.74	320	319
UniRef90_A0A061SSX5	35.23	320	328
UniRef90_UPI00049780E1	37.54	320	337
UniRef90_U4V3V6	37.38	320	323
UniRef90_UPI0004907801	37.50	320	332
UniRef90_A0A074K741	34.90	320	328
UniRef90_UPI0006829E2A	36.95	320	338
UniRef90_A4WS62	37.75	320	315
UniRef90_B6YWH0	40.51	320	334
UniRef90_UPI0003B798D7	36.21	320	328
UniRef90_W4HP74	35.55	320	328
UniRef90_UPI000474B6A9	37.25	320	332
UniRef90_UPI0003FB55BF	35.22	320	328
UniRef90_UPI0006F85066	35.55	320	334
UniRef90_UPI0006F15C58	36.88	320	322
UniRef90_A0A0H2MF50	36.42	320	328
UniRef90_UPI0006FDCC45	39.18	320	304
UniRef90_F9Y9V8	37.03	320	317
UniRef90_K2HC28	35.55	320	327
UniRef90_UPI0005624A6A	36.88	320	333
UniRef90_UPI0004132D81	38.06	320	328
UniRef90_A0A0D0QE89	35.57	320	328
UniRef90_Q0BWN7	35.55	320	328
UniRef90_UPI0006D98703	34.90	320	328
UniRef90_E0MLZ3	35.44	320	332
UniRef90_G4T3S8	35.78	320	323
UniRef90_A0A0M4CP26	35.47	320	332
UniRef90_C9D2B9	36.22	320	322
UniRef90_A0A0M9EL78	35.43	320	328
UniRef90_UPI00054B6835	36.61	320	336
UniRef90_A0A0K0Y2D7	35.55	320	328
UniRef90_A0A0F3RTB0	38.38	320	319
UniRef90_W8RP84	34.88	320	328
UniRef90_UPI000410D41A	35.20	320	321
UniRef90_UPI00046358DF	35.53	320	335
UniRef90_S9RWK0	34.88	320	328
UniRef90_UPI0006FBCD30	36.33	320	322
UniRef90_S9QJB4	37.26	320	314
UniRef90_A0A0M6YEA7	37.12	320	328
UniRef90_A0A0G0NAW3	39.10	320	328
UniRef90_V6F8Q1	35.88	320	328
UniRef90_M5RRK7	36.67	320	327
UniRef90_A0A0A7PGB7	37.91	320	307
UniRef90_W4Q206	38.14	320	325
UniRef90_Q2NA55	38.44	320	338
UniRef90_Q16B28	36.10	320	323
UniRef90_Q1MN18	36.60	320	333
UniRef90_UPI0003FE9AE0	39.17	320	336
UniRef90_A3WBX6	36.49	320	337
UniRef90_UPI0002E80BFA	38.06	320	317
UniRef90_UPI0006F253E2	36.45	320	333
UniRef90_I4CEH0	38.39	320	326
UniRef90_A3JNW3	35.94	320	318
UniRef90_S9QLC2	34.18	320	319
UniRef90_UPI000467A488	35.55	320	328
UniRef90_V4PFA1	37.30	320	323
UniRef90_A0A0K2W0S9	38.34	320	327
UniRef90_D5BQJ6	37.82	320	325
UniRef90_A0A0F7KNV1	38.61	320	322
UniRef90_UPI0004215917	35.56	320	316
UniRef90_A0A0L1JR37	35.88	320	328
UniRef90_J2H603	39.33	320	290
UniRef90_UPI00069E1898	38.61	320	307
UniRef90_UPI0003AB491D	36.54	320	326
UniRef90_A0A086Y754	38.94	320	313
UniRef90_E2CQZ6	36.42	320	323
UniRef90_A0A0K9I813	37.58	320	326
UniRef90_UPI0003F84B17	36.83	320	320
UniRef90_A9DUX3	36.31	320	316
UniRef90_W7YT66	40.51	320	316
UniRef90_W6WIC2	35.33	320	334
UniRef90_A0A0J7XNB2	38.39	320	319
UniRef90_A0A0G1DFA9	38.83	320	335
UniRef90_UPI000486C01B	35.76	320	327
UniRef90_UPI0002D849AC	37.30	320	318
UniRef90_UPI0003727F60	37.38	320	323
UniRef90_D0D016	35.65	320	319
UniRef90_UPI00070497E9	38.66	320	318
UniRef90_Q1GJ08	36.59	320	322
UniRef90_V4PMS0	36.42	320	323
UniRef90_UPI0004899469	34.55	320	328
UniRef90_A0A094JL87	36.45	320	328
UniRef90_M5A4T0	40.26	320	327
UniRef90_UPI00067BC567	36.19	320	317
UniRef90_UPI0006B907EA	39.94	320	340
UniRef90_A0A069PCI2	37.17	320	325
UniRef90_UPI00059761E7	37.74	320	329
UniRef90_M9RAK2	34.45	320	328
UniRef90_UPI00062BDEDF	36.09	320	330
UniRef90_A0A0G3XKC4	36.95	320	336
UniRef90_W4HG38	37.34	320	322
UniRef90_C7D8F0	38.22	320	314
UniRef90_A0A0B2C039	38.78	320	316
UniRef90_A0A0C7NZW5	35.16	320	322
UniRef90_UPI0002896CA8	39.60	320	329
UniRef90_M8CLG5	37.10	320	323
UniRef90_F4QLG9	36.24	320	328
UniRef90_A8LKC0	34.55	320	328
UniRef90_UPI0003C1649A	36.16	320	333
UniRef90_E3I3C4	36.00	320	329
UniRef90_UPI00063D07C1	36.79	320	319
UniRef90_F2IYJ2	35.20	320	328
UniRef90_W4LFR9	37.18	320	327
UniRef90_A0A0F2S480	35.22	320	328
UniRef90_UPI0006D0A733	34.19	320	323
UniRef90_Q28TY0	34.22	320	328
UniRef90_UPI0004DF6704	35.55	320	328
UniRef90_UPI00040FCB1B	35.64	320	328
UniRef90_K1ZHI1	37.06	320	321
UniRef90_D0CVU3	34.62	320	316
UniRef90_A3X5J5	35.96	320	315
UniRef90_UPI00041AA577	37.06	320	318
UniRef90_A0A095DRF0	35.90	320	318
UniRef90_UPI0006DC48FD	35.62	320	315
UniRef90_A0A0L6CZ84	36.31	320	318
UniRef90_A0A084UED4	36.39	320	333
UniRef90_L0HKV0	37.30	320	317
UniRef90_UPI000410E276	36.88	320	327
UniRef90_F7U3K3	34.38	320	334
UniRef90_H1XU85	38.21	320	323
UniRef90_A6FV96	37.42	320	314
UniRef90_A0A097EF31	36.39	320	330
UniRef90_A0A0M5KYI4	38.10	320	338
UniRef90_I5BSD2	35.44	320	333
UniRef90_C4XIX3	37.54	320	329
UniRef90_UPI0003B2FFBA	36.59	320	322
UniRef90_V4RRS1	36.45	320	322
UniRef90_A0A0A3I394	39.14	320	321
UniRef90_K8NQ34	35.58	320	330
UniRef90_B8IB27	35.74	320	334
UniRef90_F7S3P1	40.71	320	319
UniRef90_UPI0003770B12	37.06	320	322
UniRef90_A0A0B5E6S7	35.83	320	322
UniRef90_UPI00053C05F5	35.93	320	331
UniRef90_UPI0006D25FDA	35.57	320	320
UniRef90_UPI00035F6414	36.21	320	330
UniRef90_UPI0004B4C1F6	35.35	320	319
UniRef90_F3L275	34.60	320	323
UniRef90_D0D9X3	35.57	320	328
UniRef90_A0A085FVW8	36.27	320	331
UniRef90_X7EDB7	35.69	320	307
UniRef90_I4YYU7	35.26	320	330
UniRef90_Q11BB5	35.44	320	333
UniRef90_UPI00048DBF9E	34.44	320	328
UniRef90_UPI0002882918	37.46	320	317
UniRef90_A0A0B3RVQ0	38.66	320	355
UniRef90_L0NL09	35.02	320	334
UniRef90_A0A0J5S3A4	37.38	320	320
UniRef90_UPI0003C19BA8	36.21	320	328
UniRef90_A0A0M2LQV5	35.49	320	332
UniRef90_UPI0006FF4A2C	38.11	320	323
UniRef90_UPI0006D16B14	33.33	320	320
UniRef90_Q92MX8	36.42	320	325
UniRef90_B0T7B4	34.77	320	328
UniRef90_UPI00067E303A	35.03	320	317
UniRef90_UPI0006DA3F6D	34.62	320	317
UniRef90_Q2RMR1	35.76	320	328
UniRef90_A0A0M3RCM2	38.26	320	319
UniRef90_A0A0C1JAK9	37.14	320	323
UniRef90_A7IMV5	36.60	320	333
UniRef90_UPI00048131A7	37.97	320	319
UniRef90_Q8U3Y2	39.17	320	336
UniRef90_UPI00064E7282	39.74	320	334
UniRef90_A0A0A0E982	34.55	320	328
UniRef90_K2A3G8	37.38	320	329
UniRef90_J2PZQ2	35.93	320	334
UniRef90_A0A073IUB1	34.90	320	328
UniRef90_E5CK27	38.59	320	319
UniRef90_F4Y3P7	37.06	320	325
UniRef90_A3SSI4	35.58	320	316
UniRef90_I7EZX1	34.88	320	328
UniRef90_UPI000647BC9D	34.81	320	333
UniRef90_A0A0B6RXB7	37.94	320	320
UniRef90_A0A0N1BVM1	36.58	320	328
UniRef90_UPI00051A3FDD	35.47	320	332
UniRef90_A0A081BG75	37.58	320	322
UniRef90_W4PZG6	35.58	320	323
UniRef90_A0A069EWG9	39.00	320	320
UniRef90_A0A0N1B4H1	36.21	320	335
UniRef90_A0A0G0K2L0	38.24	320	328
UniRef90_UPI0006F7973D	37.17	320	314
UniRef90_X7F511	36.49	320	312
UniRef90_UPI00054D8FFB	34.74	320	309
UniRef90_UPI00063D0557	34.56	320	328
UniRef90_I7KVR3	39.23	320	315
UniRef90_A4SWE6	35.90	320	326
UniRef90_A0A062XWV9	36.13	320	324
UniRef90_UPI000363873A	36.28	320	331
UniRef90_A0A0D2J3P6	35.85	320	319
UniRef90_Q5LT44	37.14	320	330
UniRef90_A0A0H5BDD6	36.51	320	332
UniRef90_H2J748	35.05	320	320
UniRef90_UPI000406F8F8	35.84	320	332
UniRef90_H6SQU2	36.22	320	343
UniRef90_F2HUJ9	36.59	320	336
UniRef90_UPI00048D8D11	35.46	320	323
UniRef90_A1RYE4	39.20	320	339
UniRef90_X6CH01	39.81	320	325
UniRef90_UPI0004681F77	35.91	320	328
UniRef90_UPI000701DF47	35.74	320	334
UniRef90_A0A0K2RCC5	37.50	320	319
UniRef90_A0A061SUL2	35.90	320	316
UniRef90_A0A0K2SG78	35.58	320	328
UniRef90_S5YEL4	36.21	320	336
UniRef90_UPI0006F3EDFC	37.25	320	328
UniRef90_UPI0006879DAF	34.92	320	341
UniRef90_UPI00041BF770	35.42	320	316
UniRef90_UPI0006C821D3	34.44	320	328
UniRef90_UPI000378CA78	35.56	320	332
UniRef90_A3TUA8	35.62	320	315
UniRef90_UPI0003F5AF17	40.82	320	308
UniRef90_J5PFH2	36.09	320	333
UniRef90_UPI000497FD04	38.85	320	320
UniRef90_UPI0003B5C334	34.65	320	331
UniRef90_UPI0004057C76	34.29	320	329
UniRef90_UPI0006FC7E9F	35.15	320	331
UniRef90_UPI00040FBF4B	35.86	320	331
UniRef90_F1Z948	34.58	320	350
UniRef90_A4A9T4	42.97	320	314
UniRef90_UPI00036B8DED	35.22	320	335
UniRef90_UPI000493E374	35.95	320	333
UniRef90_Q2WAX6	35.74	320	358
UniRef90_UPI00056FEFA2	36.76	320	330
UniRef90_K9H0U3	36.36	320	328
UniRef90_UPI000412D9BF	35.42	320	328
UniRef90_UPI0004040E75	35.11	320	329
UniRef90_A0A0F2RHD9	34.80	320	328
UniRef90_W6KPV5	34.80	320	328
UniRef90_UPI00040FCB1B	33.86	320	328
UniRef90_UPI0004707FC8	34.17	320	331
UniRef90_G8AFF7	35.42	320	329
UniRef90_W9H2R1	36.05	320	329
UniRef90_H8FU94	34.17	320	328
UniRef90_A0NWV7	34.80	320	328
UniRef90_K2JS96	36.36	320	330
UniRef90_UPI00047F73E3	35.42	320	327
UniRef90_UPI00039C5B29	36.99	320	330
UniRef90_F2IYJ2	33.54	320	328
UniRef90_UPI0003B35B96	35.42	320	326
UniRef90_UPI0003B798D7	34.80	320	328
UniRef90_UPI000488D4B5	34.17	320	329
UniRef90_A0A0B4XQQ8	36.36	320	328
UniRef90_G7Z3D8	34.80	320	329
UniRef90_A0A061QKQ9	34.80	320	332
UniRef90_B6IW24	36.05	320	329
UniRef90_UPI00048B8CF8	36.05	320	328
UniRef90_UPI0006C821D3	33.23	320	328
UniRef90_UPI0005C291CB	36.36	320	331
UniRef90_B4RBI5	34.17	320	327
UniRef90_V6F8Q1	34.48	320	328
UniRef90_Q0BWN7	34.17	320	328
UniRef90_H6SQU2	35.42	320	343
UniRef90_UPI000467A488	34.06	320	328
UniRef90_UPI000408EAFF	36.68	320	328
UniRef90_B0T7B4	33.23	320	328
UniRef90_A0A061SSX5	33.44	320	328
UniRef90_A0A085U194	35.00	320	328
UniRef90_A0A095EWA4	34.38	320	328
UniRef90_A0A0K2DBL2	36.02	320	330
UniRef90_A0A0D0QE89	33.75	320	328
UniRef90_A0A0F2S480	33.75	320	328
UniRef90_A0A074K741	33.12	320	328
UniRef90_UPI000482339B	36.05	320	328
UniRef90_Q1MN18	35.19	320	333
UniRef90_A8LKC0	33.12	320	328
UniRef90_UPI00037DF09A	35.71	320	331
UniRef90_A0A062TZM5	36.36	320	328
UniRef90_UPI000647BC9D	34.06	320	333
UniRef90_G6A180	35.62	320	326
UniRef90_I3TRK1	36.74	320	326
UniRef90_A0A0B4CYU6	32.50	320	328
UniRef90_UPI0006815C0E	35.31	320	328
UniRef90_A8TYX4	34.69	320	328
UniRef90_X5MD52	32.50	320	329
UniRef90_A9CWP1	34.26	320	334
UniRef90_UPI0005624A6A	35.09	320	333
UniRef90_A0A0H0ZZT1	34.98	320	333
UniRef90_S9QPH6	33.75	320	328
UniRef90_A0A069HXZ2	39.25	320	324
UniRef90_UPI000378CA78	34.27	320	332
UniRef90_A7HZA8	35.51	320	330
UniRef90_UPI0002F935A2	33.75	320	333
UniRef90_A0A0K0Y2D7	33.86	320	328
UniRef90_Q11BB5	34.67	320	333
UniRef90_F2HUJ9	35.80	320	336
UniRef90_A0A0D6JFM2	33.02	320	332
UniRef90_UPI00062BDEDF	34.47	320	330
UniRef90_W6WIC2	34.57	320	334
UniRef90_UPI0001D2E04B	33.85	320	331
UniRef90_A0A0A0CW92	35.74	320	329
UniRef90_Q1GJF3	32.19	320	328
UniRef90_V4RRS1	35.13	320	322
UniRef90_A6WWV2	34.57	320	334
UniRef90_UPI00046358DF	35.08	320	335
UniRef90_K2JEH6	34.80	320	328
UniRef90_UPI00048DBF9E	33.23	320	328
UniRef90_B9JZ94	33.33	320	334
UniRef90_UPI0004681F77	34.38	320	328
UniRef90_I5BSD2	34.67	320	333
UniRef90_Q92T15	33.33	320	334
UniRef90_I4YYU7	34.16	320	330
UniRef90_W4HP74	33.86	320	328
UniRef90_I7EZX1	33.44	320	328
UniRef90_A0A074TJ19	34.69	320	328
UniRef90_UPI0006F33F4A	33.12	320	328
UniRef90_C7D851	31.87	320	328
UniRef90_G8PJC4	34.80	320	328
UniRef90_UPI000363894B	33.75	320	331
UniRef90_A0A085FVW8	34.47	320	331
UniRef90_E3I3C4	34.59	320	329
UniRef90_UPI0003FB55BF	33.75	320	328
UniRef90_D5BU64	35.74	320	328
UniRef90_A0A069E3Y9	35.74	320	328
UniRef90_A0A099TB27	32.50	320	328
UniRef90_W8RP84	33.44	320	328
UniRef90_V7EMD2	35.37	320	315
UniRef90_F8JFK1	33.02	320	332
UniRef90_S9RWK0	33.12	320	328
UniRef90_A0A011U1D5	34.98	320	333
UniRef90_UPI000363873A	35.09	320	331
UniRef90_Q608T2	38.12	320	323
UniRef90_V5BZ12	38.63	320	323
UniRef90_UPI000367A00B	36.84	320	331
UniRef90_A0A0A1Q5L0	33.85	320	332
UniRef90_UPI00037C0B9C	34.98	320	333
UniRef90_A0A0B5E889	35.11	320	328
UniRef90_D0D9X3	33.44	320	328
UniRef90_UPI0006F8A647	36.45	320	323
UniRef90_B8IB27	34.37	320	334
UniRef90_UPI00040FBF4B	34.16	320	331
UniRef90_UPI0003C1649A	34.98	320	333
UniRef90_J7QHM0	34.16	320	331
UniRef90_UPI00047C9B19	33.13	320	332
UniRef90_A0A0B3RQK2	33.75	320	328
UniRef90_A0A073IUB1	33.12	320	328
UniRef90_M9RAK2	32.81	320	328
UniRef90_A0A0M9EL78	34.06	320	328
UniRef90_UPI0004899469	33.12	320	328
UniRef90_A0A0L1JR37	34.38	320	328
UniRef90_A3JQU0	33.86	320	371
UniRef90_D7A1W0	33.95	320	333
UniRef90_A0A0H2MF50	35.00	320	328
UniRef90_Q28TY0	32.81	320	328
UniRef90_F7U3K3	33.64	320	334
UniRef90_A3X5J5	34.41	320	315
UniRef90_A7IMV5	35.19	320	333
UniRef90_UPI00040A0544	37.38	320	323
UniRef90_Q2RMR1	34.48	320	328
UniRef90_UPI0002F87582	36.05	320	329
UniRef90_A4EI92	34.38	320	328
UniRef90_UPI0003C19BA8	34.80	320	328
UniRef90_UPI0004975915	32.09	320	332
UniRef90_UPI000702A720	33.44	320	333
UniRef90_UPI000493E374	34.57	320	333
UniRef90_UPI00035F6414	34.80	320	330
UniRef90_J5PFH2	34.06	320	333
UniRef90_UPI0004233DAE	35.74	320	328
UniRef90_UPI0006F43855	37.38	320	323
UniRef90_UPI0004DF6704	34.17	320	328
UniRef90_S3HGS9	37.07	320	323
UniRef90_W3RLG2	32.82	320	333
UniRef90_A0A0M4CP26	33.86	320	332
UniRef90_UPI0003FFB5AC	37.38	320	323
UniRef90_A3SNN5	33.54	320	328
UniRef90_UPI0004DF2335	35.20	320	323
UniRef90_A3V5B0	34.07	320	328
UniRef90_W6RDB6	35.83	320	323
UniRef90_UPI00037C70B6	31.03	320	328
UniRef90_W8IDI1	38.94	320	324
UniRef90_A0A0D5LLQ7	34.46	320	335
UniRef90_UPI0002488FCB	35.42	320	332
UniRef90_UPI00035E02D0	37.69	320	322
UniRef90_B2IEX2	32.92	320	331
UniRef90_K0PX82	35.51	320	323
UniRef90_UPI00040296AD	32.29	320	328
UniRef90_UPI00036C1196	36.96	320	324
UniRef90_UPI0003B5C334	33.02	320	331
UniRef90_J3CGD8	33.44	320	331
UniRef90_UPI0006D98703	33.12	320	328
UniRef90_A9VZT7	34.06	320	334
UniRef90_UPI000701DF47	34.37	320	334
UniRef90_UPI00055F6056	36.05	320	323
UniRef90_UPI000486C01B	34.06	320	327
UniRef90_A0A0A0E982	33.54	320	328
UniRef90_UPI000563DCBF	36.45	320	324
UniRef90_UPI0004217DCF	37.07	320	323
UniRef90_UPI0003FB32C0	32.81	320	328
UniRef90_K8P402	33.75	320	334
UniRef90_UPI00051A3FDD	33.86	320	332
UniRef90_N6V9I5	37.07	320	323
UniRef90_A0A0N0KCT9	34.48	320	342
UniRef90_A0A0A6R1U7	36.14	320	323
UniRef90_J1TD90	37.07	320	322
UniRef90_UPI0004907801	35.42	320	332
UniRef90_UPI0004653972	33.13	320	333
UniRef90_UPI00055B6E26	37.07	320	324
UniRef90_J3BT63	35.83	320	323
UniRef90_UPI00036B8DED	34.36	320	335
UniRef90_UPI0004057C76	33.54	320	329
UniRef90_M4RW36	35.74	320	332
UniRef90_UPI000523DC83	36.79	320	331
UniRef90_A0A0N1BVM1	34.80	320	328
UniRef90_A0A090DPZ5	34.58	320	322
UniRef90_B8EM24	34.16	320	331
UniRef90_UPI0006F80E93	38.01	320	322
UniRef90_UPI00056C6D76	35.62	320	328
UniRef90_UPI000419E2B7	33.23	320	332
UniRef90_UPI000557FC6D	38.01	320	323
UniRef90_L0NL09	34.26	320	334
UniRef90_Q07V31	33.44	320	333
UniRef90_G3ITT2	35.51	320	323
UniRef90_UPI000700746E	34.17	320	328
UniRef90_A0A081B713	34.27	320	329
UniRef90_X7F511	34.20	320	312
UniRef90_Q160B1	37.69	320	330
UniRef90_D0CV01	34.06	320	328
UniRef90_A9DTJ7	33.12	320	328
UniRef90_B6JCQ9	32.51	320	333
UniRef90_UPI0006D0A733	33.33	320	323
UniRef90_UPI00063D0557	32.92	320	328
UniRef90_F7YXJ6	33.54	320	331
UniRef90_H9UB98	35.11	320	331
UniRef90_A8IJ21	35.19	320	335
UniRef90_S5YEL4	34.80	320	336
UniRef90_H0PY36	37.38	320	323
UniRef90_F9ZZ61	35.94	320	322
UniRef90_UPI000366F499	33.44	320	331
UniRef90_UPI0005EB5866	35.83	320	323
UniRef90_UPI0003FA949E	35.20	320	323
UniRef90_H8GPW4	36.96	320	324
UniRef90_A0A0A8K041	33.02	320	330
UniRef90_A0A0H5BDD6	35.09	320	332
UniRef90_D9QL36	34.48	320	328
UniRef90_L0LL97	36.56	320	323
UniRef90_UPI0003FE7C27	36.56	320	323
UniRef90_A0A0F9WI02	33.13	320	333
UniRef90_UPI00048380B9	32.81	320	328
UniRef90_A0A062USG1	34.80	320	328
UniRef90_UPI000700FB76	37.38	320	322
UniRef90_A3VHW2	31.51	320	315
UniRef90_B7RI54	33.75	320	328
UniRef90_A7HM61	36.91	320	317
UniRef90_Q2J2I3	32.20	320	333
UniRef90_A0A084UED4	35.60	320	333
UniRef90_UPI0006FF1417	37.69	320	322
UniRef90_D8JY97	33.02	320	332
UniRef90_UPI000404D29A	35.83	320	323
UniRef90_UPI0006948CFE	36.36	320	340
UniRef90_X7EDB7	33.77	320	307
UniRef90_B6B4K8	37.19	320	323
UniRef90_B6AXI2	33.44	320	328
UniRef90_UPI0006F97AD4	33.23	320	331
UniRef90_Q1YFI4	32.51	320	333
UniRef90_C8RZZ8	34.17	320	328
UniRef90_A0A058ZNV7	32.19	320	328
UniRef90_Q0FEN5	37.07	320	323
UniRef90_UPI00045EB3F5	36.65	320	324
UniRef90_A4YJG2	30.96	320	333
UniRef90_G4T3S8	35.20	320	323
UniRef90_A0A059IJW5	32.50	320	328
UniRef90_A0A0C9NFB4	33.33	320	332
UniRef90_K2HC28	34.06	320	327
UniRef90_UPI0003B2FFBA	35.31	320	322
UniRef90_UPI0006F3EDFC	35.42	320	328
UniRef90_W0AFB8	32.29	320	355
UniRef90_UPI0003AB491D	35.11	320	326
UniRef90_UPI0004A6EF80	34.80	320	332
UniRef90_A0A0M9GNH5	32.61	320	335
UniRef90_A0A0K1J7U5	36.14	320	325
UniRef90_UPI0006FC7E9F	33.44	320	331
UniRef90_A1HQD8	36.39	320	327
UniRef90_A0A0N1LL67	33.23	320	329
UniRef90_A6UC42	34.89	320	324
UniRef90_UPI00059761E7	35.74	320	329
UniRef90_UPI0006829E2A	34.80	320	338
UniRef90_D5AN00	32.81	320	328
UniRef90_A0A0F2RVT6	43.12	320	321
UniRef90_UPI0003B34A0F	34.53	320	313
UniRef90_F4QLG9	34.17	320	328
UniRef90_Q5LVR8	32.81	320	328
UniRef90_UPI00048AAC93	35.31	320	332
UniRef90_UPI00041E5248	36.14	320	322
UniRef90_UPI0004132D81	35.74	320	328
UniRef90_K2KXI9	47.02	320	318
UniRef90_UPI0004908DE4	31.94	320	334
UniRef90_Q5LT44	36.56	320	330
UniRef90_E0MLZ3	34.37	320	332
UniRef90_E8TLT3	34.37	320	333
UniRef90_A0A0A6D0V5	33.65	320	340
UniRef90_W9BY03	37.09	320	307
UniRef90_UPI000366E284	37.07	320	323
UniRef90_A0A094JL87	35.65	320	328
UniRef90_Q1QS51	33.13	320	333
UniRef90_UPI00056ACFFD	33.54	320	328
UniRef90_A0A0B4XVC0	47.02	320	318
UniRef90_UPI0006F5C7D5	34.48	320	328
UniRef90_UPI00054B6835	34.48	320	336
UniRef90_UPI00048D8D11	34.80	320	323
UniRef90_UPI00047FDD2C	41.88	320	320
UniRef90_A0A0F3IMN2	37.07	320	323
UniRef90_UPI00064E7282	37.77	320	334
UniRef90_A0A0B4X6Q4	35.94	320	322
UniRef90_A0A0M2LQV5	33.33	320	332
UniRef90_A0A0A7PGB7	35.76	320	307
UniRef90_B7IHN8	38.17	320	317
UniRef90_UPI00042513BF	31.27	320	333
UniRef90_J9DVE6	35.53	320	332
UniRef90_B6YWH0	38.70	320	334
UniRef90_UPI00049780E1	35.22	320	337
UniRef90_A0A0C1JAK9	35.62	320	323
UniRef90_UPI000490D3DD	46.56	320	321
UniRef90_A0A073J009	35.00	320	328
UniRef90_Q163B5	32.50	320	328
UniRef90_A0A074M5F0	35.74	320	339
UniRef90_A0A0L1KBF4	35.53	320	337
UniRef90_UPI0006C7ED1B	36.14	320	323
UniRef90_A0A0D6AZ76	31.87	320	328
UniRef90_A3WBX6	34.48	320	337
UniRef90_S5XQZ2	35.31	320	323
UniRef90_B3QAA0	32.51	320	333
UniRef90_UPI0006D45F8B	36.05	320	321
UniRef90_UPI0003727F60	36.56	320	323
UniRef90_UPI0004960F50	47.02	320	321
UniRef90_A5P7U8	35.22	320	341
UniRef90_U2ZCL4	34.38	320	328
UniRef90_C6A3Y9	37.46	320	334
UniRef90_F3L275	34.06	320	323
UniRef90_Q13EN2	32.20	320	333
UniRef90_UPI00064777EC	36.51	320	326
UniRef90_UPI0006B699A3	31.87	320	328
UniRef90_UPI000410D41A	34.80	320	321
UniRef90_UPI0005791873	32.81	320	328
UniRef90_X6L1J0	34.38	320	328
UniRef90_A0A0M6YEA7	35.00	320	328
UniRef90_UPI00053C05F5	33.86	320	331
UniRef90_UPI000410E276	36.05	320	327
UniRef90_A8F7W7	32.60	320	327
UniRef90_UPI000406F8F8	33.65	320	332
UniRef90_Q16B28	35.51	320	323
UniRef90_D3L065	36.99	320	329
UniRef90_I1AYB5	32.92	320	328
UniRef90_B6AXD9	36.56	320	323
UniRef90_F1Z948	32.60	320	350
UniRef90_A0A0M5KYI4	35.85	320	338
UniRef90_A4EY82	35.00	320	324
UniRef90_UPI0006FFE94D	33.13	320	333
UniRef90_UPI0007007CEB	34.80	320	328
UniRef90_Q2NA55	36.16	320	338
UniRef90_UPI0006FEA0F7	34.37	320	333
UniRef90_Q0G2B8	37.07	320	322
UniRef90_UPI000569EAB6	32.81	320	328
UniRef90_UPI0006FD1F3F	33.33	320	331
UniRef90_A0A0H4KZI1	32.19	320	328
UniRef90_N1MNR6	32.60	320	344
UniRef90_Q2G5X8	31.03	320	339
UniRef90_UPI000687F620	32.70	320	335
UniRef90_U2YIN2	31.97	320	327
UniRef90_U4V1N4	33.12	320	328
UniRef90_A0A0J9E8J6	30.63	320	328
UniRef90_B9NMI8	36.36	320	316
UniRef90_V4P0P6	33.86	320	328
UniRef90_A0A037ZF28	33.44	320	328
UniRef90_A0A0B3S8R3	34.27	320	331
UniRef90_UPI0004798556	35.33	320	319
UniRef90_A3TUA8	34.19	320	315
UniRef90_Q3J417	34.48	320	328
UniRef90_A0A097EF31	34.28	320	330
UniRef90_UPI0006C8C14E	35.00	320	323
UniRef90_A1B3E0	35.00	320	336
UniRef90_E8RKI4	33.86	320	327
UniRef90_UPI00055E1D31	35.74	320	332
UniRef90_UPI0005979F54	36.36	320	328
UniRef90_A0A0C5L428	35.87	320	332
UniRef90_A0A0L1JTP2	36.25	320	323
UniRef90_UPI0005523D17	45.00	320	325
UniRef90_UPI0005798B86	32.81	320	328
UniRef90_A0A0D6TEX8	33.44	320	334
UniRef90_A0A0A6VW54	35.22	320	319
UniRef90_UPI0006F253E2	34.91	320	333
UniRef90_A0A0C1JNY3	34.69	320	323
UniRef90_Q0G0E9	32.51	320	333
UniRef90_UPI0006F1DDC9	33.96	320	332
UniRef90_UPI0003B7BB8F	43.81	320	321
UniRef90_UPI0006879DAF	32.92	320	341
UniRef90_A0A0F9TMP4	35.94	320	323
UniRef90_G2IMV1	34.52	320	336
UniRef90_A9BIR0	36.79	320	320
UniRef90_A0A0D6JHZ4	41.25	320	321
UniRef90_A3K8V0	35.37	320	315
UniRef90_A0A0K2RCC5	36.59	320	319
UniRef90_UPI0003732E6C	35.00	320	323
UniRef90_B8H8B8	34.70	320	319
UniRef90_UPI00048AB263	34.38	320	323
UniRef90_UPI0003F5A98A	41.25	320	326
UniRef90_A6FPG2	33.68	320	292
UniRef90_E8TGZ6	33.75	320	319
UniRef90_Q92XS7	34.69	320	324
UniRef90_A0A0N1C3I4	33.33	320	339
UniRef90_UPI0006C922B0	35.94	320	342
UniRef90_M5RRK7	35.22	320	327
UniRef90_I0A1I3	33.33	320	337
UniRef90_UPI00056F4465	44.06	320	322
UniRef90_UPI0002888306	33.33	320	332
UniRef90_H2J748	33.54	320	320
UniRef90_UPI0004846BA3	46.35	320	319
UniRef90_UPI0006F85066	34.17	320	334
UniRef90_UPI000361D5F6	45.66	320	321
UniRef90_A0A087NDX8	38.85	320	323
UniRef90_C6AUJ9	37.69	320	323
UniRef90_E2CQZ6	35.62	320	323
UniRef90_W9H5P8	47.50	320	328
UniRef90_Q89WC5	31.27	320	333
UniRef90_UPI00063ED26D	38.80	320	330
UniRef90_UPI00037A6F30	36.68	320	327
UniRef90_UPI00067BD631	32.81	320	328
UniRef90_UPI0003814FBE	45.00	320	321
UniRef90_A0A0F5PHH9	34.48	320	332
UniRef90_A0A074N0V9	33.86	320	339
UniRef90_N1JU77	36.16	320	317
UniRef90_UPI00041ED1D0	36.48	320	319
UniRef90_UPI0002E8A09F	40.31	320	323
UniRef90_A0A0C7NZW5	33.12	320	322
UniRef90_J7LWM5	35.22	320	319
UniRef90_A0LQ81	33.44	320	327
UniRef90_X6L3D4	34.27	320	327
UniRef90_UPI00025578C3	32.60	320	328
UniRef90_UPI0006C76542	32.81	320	328
UniRef90_A0A0B8ZSM4	31.76	320	339
UniRef90_Q92MX8	35.83	320	325
UniRef90_A0A060DJ40	44.10	320	328
UniRef90_UPI000471DE5D	40.25	320	322
UniRef90_L1QH72	35.76	320	307
UniRef90_A0A074MG38	36.99	320	336
UniRef90_A0A081BE91	43.40	320	321
UniRef90_UPI00056238CE	36.16	320	336
UniRef90_UPI00037B940F	31.76	320	341
UniRef90_A0A0C2HGL1	34.48	320	319
UniRef90_A0A0N1B4H1	34.80	320	335
UniRef90_A0A0B1ZRY5	34.19	320	338
UniRef90_A3V4L1	45.08	320	321
UniRef90_F6IQ20	31.76	320	339
UniRef90_UPI0004896223	45.00	320	323
UniRef90_UPI0001DD0FB7	35.22	320	338
UniRef90_UPI00057F37B7	40.00	320	318
UniRef90_A0A0C1GH50	36.05	320	316
UniRef90_G9XWL1	35.74	320	338
UniRef90_A1HR99	34.48	320	324
UniRef90_UPI0006FA19A9	34.80	320	319
UniRef90_A0A0E9MNK8	34.17	320	329
UniRef90_Q0FAH2	36.45	320	323
UniRef90_D4Z3H6	32.70	320	332
UniRef90_R7TFD6	31.96	320	322
UniRef90_K2M9S5	42.81	320	321
UniRef90_S7VG11	36.99	320	326
UniRef90_A0A0C1GW64	34.80	320	316
UniRef90_A0A0B4XTR7	41.56	320	321
UniRef90_M8CLG5	35.65	320	323
UniRef90_UPI000551A9D4	38.14	320	328
UniRef90_Q8U3Y2	37.77	320	336
UniRef90_C6XRW1	33.75	320	328
UniRef90_W1RRR3	30.72	320	337
UniRef90_A0A069RFQ4	33.02	320	323
UniRef90_I4CEH0	36.68	320	326
UniRef90_UPI00048B076A	45.77	320	318
UniRef90_A0A0B4DKB2	35.65	320	319
UniRef90_A0A0N0HDB5	35.41	320	311
UniRef90_E8RVM4	36.76	320	322
UniRef90_UPI0006F26FA0	32.29	320	337
UniRef90_T0J882	32.60	320	332
UniRef90_UPI000474B6A9	35.42	320	332
UniRef90_UPI0006E437D0	35.74	320	320
UniRef90_I7KVR3	38.05	320	315
UniRef90_UPI0003770B12	36.14	320	322
UniRef90_A0A0G3X856	36.36	320	338
UniRef90_A0A074LQS2	36.19	320	328
UniRef90_UPI00023790FB	35.11	320	316
UniRef90_D8JQV9	80.62	320	322
UniRef90_A0A0B1PWY7	34.06	320	333
UniRef90_UPI00067E7CFF	35.11	320	316
UniRef90_A0A0N0K0Y5	33.64	320	340
UniRef90_Q0FF66	40.32	320	319
UniRef90_UPI000694B56B	32.92	320	338
UniRef90_F4QSD3	37.38	320	322
UniRef90_UPI0006C76026	37.07	320	323
UniRef90_J2PZQ2	34.29	320	334
UniRef90_A0A0K2SG78	33.86	320	328
UniRef90_UPI0004B4C1F6	34.38	320	319
UniRef90_K2Q9Q9	33.73	320	334
UniRef90_A0A0J5QIM7	31.56	320	328
UniRef90_UPI0006F695A0	31.76	320	332
UniRef90_Q1N7C2	32.60	320	348
UniRef90_UPI0006F22AE6	33.01	320	337
UniRef90_UPI0003F84B17	35.83	320	320
UniRef90_UPI00063D0791	40.82	320	321
UniRef90_A0A0H2SLB3	33.23	320	321
UniRef90_A0A0G1K5M1	33.75	320	323
UniRef90_A0A0G3XKC4	35.24	320	336
UniRef90_UPI000681DF18	37.30	320	316
UniRef90_A3VBQ4	35.53	320	316
UniRef90_X5KD98	35.85	320	319
UniRef90_B7RK33	40.32	320	323
UniRef90_UPI00055C4589	34.17	320	316
UniRef90_F5XPU0	35.65	320	320
UniRef90_H5X4K3	35.22	320	324
UniRef90_B0VEU9	33.86	320	317
UniRef90_D7AQV9	36.28	320	323
UniRef90_Q5JEZ2	36.84	320	333
UniRef90_D0CVU3	33.54	320	316
UniRef90_S9QLC2	33.54	320	319
UniRef90_Q9C4M5	38.39	320	331
UniRef90_H0QPI5	36.48	320	319
UniRef90_UPI00057F4A9F	40.00	320	322
UniRef90_S7U948	36.99	320	324
UniRef90_A0A0A0HPL9	35.00	320	318
UniRef90_UPI00030295C5	34.70	320	336
UniRef90_A0A0B0IE24	36.99	320	326
UniRef90_UPI0006DD16E4	35.28	320	339
UniRef90_A0A099GAQ5	32.92	320	333
UniRef90_V4PMS0	35.83	320	323
UniRef90_UPI0004215917	34.80	320	316
UniRef90_A0A0B0HDP9	41.88	320	321
