UniRef90_P83788	100.00	404	416
UniRef90_A0A010T4F6	89.11	404	416
UniRef90_UPI000482D67F	87.38	404	416
UniRef90_J0PI28	87.59	404	416
UniRef90_A0A0E1E4C1	87.38	404	416
UniRef90_C3K1Z5	87.10	404	416
UniRef90_Q4KIN4	84.83	404	416
UniRef90_UPI00054BC895	83.29	404	416
UniRef90_L8MLF5	79.16	404	416
UniRef90_S6AY04	79.10	404	416
UniRef90_A0A0D6T1Y6	76.92	404	416
UniRef90_U3H5T5	77.42	404	416
UniRef90_A0A0C7CWF7	77.67	404	416
UniRef90_V5Z4I3	75.37	404	416
UniRef90_I9W4M9	74.63	404	416
UniRef90_Q8Y1D1	72.64	404	417
UniRef90_A0A077LGT1	72.15	404	416
UniRef90_UPI0007031F88	70.90	404	416
UniRef90_Q474J6	74.31	404	418
UniRef90_A0A0C4YID7	73.38	404	418
UniRef90_A9FPI7	71.25	404	423
UniRef90_Q0K7X8	74.06	404	418
UniRef90_UPI0006FC2FFF	71.18	404	419
UniRef90_UPI00035EA519	71.64	404	418
UniRef90_UPI0003F783CF	70.15	404	412
UniRef90_UPI00037C8E93	70.20	404	421
UniRef90_Q1LK01	73.37	404	418
UniRef90_V5UCB8	69.23	404	417
UniRef90_A0A0K1JTC4	70.37	404	416
UniRef90_V2J0V9	71.93	404	418
UniRef90_A0A0K8K1Q9	70.40	404	412
UniRef90_UPI000347A67E	69.08	404	416
UniRef90_L9PFH8	71.85	404	416
UniRef90_A0A0A6QDI4	69.08	404	416
UniRef90_A0A0J1G9S2	67.00	404	414
UniRef90_K9DYP3	68.14	404	424
UniRef90_A0A0A6E0F5	71.50	404	416
UniRef90_A0A0N0II08	69.48	404	416
UniRef90_UPI0006F45566	67.74	404	420
UniRef90_W0UZZ5	68.81	404	416
UniRef90_UPI00046E93C1	66.17	404	416
UniRef90_A4JHD8	69.15	404	417
UniRef90_Q13UN9	69.33	404	416
UniRef90_UPI000480B1C0	69.58	404	416
UniRef90_A0A0G3EZN2	68.41	404	417
UniRef90_A0A069Q4I9	68.58	404	416
UniRef90_A0A069NR85	68.64	404	416
UniRef90_G8M7E3	67.58	404	416
UniRef90_A0A0A1FEJ9	65.68	404	420
UniRef90_B9Z8W6	65.92	404	416
UniRef90_F2L8W1	67.16	404	416
UniRef90_UPI000700CE61	67.74	404	419
UniRef90_F1W356	67.74	404	416
UniRef90_Q63WP4	68.66	404	416
UniRef90_D4XI65	63.52	404	416
UniRef90_UPI00036EF8B9	68.98	404	418
UniRef90_UPI00036D3796	64.68	404	416
UniRef90_UPI000372B33A	65.67	404	416
UniRef90_A0A052IQI5	65.67	404	412
UniRef90_A9IDE5	65.17	404	416
UniRef90_F7SW94	64.68	404	416
UniRef90_UPI00048C12EE	66.17	404	416
UniRef90_A0A0F3KRS7	64.68	404	416
UniRef90_A0A0F5JVC1	66.42	404	424
UniRef90_B2JDS3	67.58	404	416
UniRef90_G0AAD2	66.58	404	413
UniRef90_C5ACB0	69.23	404	416
UniRef90_UPI00047D6BEA	65.17	404	416
UniRef90_E3HSW2	64.02	404	416
UniRef90_A0A0J1G3M1	69.15	404	416
UniRef90_UPI0004215F09	66.92	404	416
UniRef90_UPI00037DCDD6	68.66	404	416
UniRef90_A0A0J5JFS5	63.93	404	416
UniRef90_A0A0J6NQA5	63.68	404	417
UniRef90_Q2L1V2	64.76	404	416
UniRef90_A0A098UCP2	68.24	404	424
UniRef90_UPI00068DAB0F	67.41	404	430
UniRef90_UPI0003491FA0	67.08	404	416
UniRef90_X4ZLZ1	62.94	404	412
UniRef90_A0A0M4LL86	63.17	404	432
UniRef90_A0A0M4RR32	63.77	404	421
UniRef90_A0A085FTQ2	66.09	404	418
UniRef90_C0ZSI0	63.50	404	421
UniRef90_A0A0D4BZC7	60.64	404	431
UniRef90_M7MPM0	60.24	404	429
UniRef90_Q7W1V4	63.28	404	416
UniRef90_UPI0006F6A1DA	64.06	404	420
UniRef90_X2HAC8	58.31	404	416
UniRef90_S3N7J3	58.56	404	417
UniRef90_UPI000645BA76	61.39	404	419
UniRef90_J0UMX5	58.96	404	416
UniRef90_A0A0M4M7Q5	62.95	404	421
UniRef90_V2TJU2	55.58	404	416
UniRef90_N9Q2Q9	56.03	404	416
UniRef90_N9BME8	56.97	404	416
UniRef90_B0V6C6	55.97	404	420
UniRef90_E1VS48	58.19	404	426
UniRef90_UPI0004A3CEBB	59.19	404	436
UniRef90_A0A0M2LMW3	60.30	404	423
UniRef90_A0A0F0LP48	58.96	404	422
UniRef90_UPI0006FE138C	60.29	404	420
UniRef90_UPI0006F4EC4A	60.29	404	424
UniRef90_D8JIM8	55.97	404	416
UniRef90_N8TI48	54.84	404	417
UniRef90_UPI000380CD7A	58.04	404	415
UniRef90_A0A0H0ZU97	59.17	404	426
UniRef90_A0A0B2A086	59.71	404	420
UniRef90_UPI000372EBE2	54.09	404	417
UniRef90_UPI00058FC6E1	58.06	404	422
UniRef90_A1TLB0	60.94	404	435
UniRef90_J3DA05	60.58	404	426
UniRef90_C9YG53	60.10	404	435
UniRef90_A0A0G3BR70	58.84	404	423
UniRef90_UPI0004983CFB	58.45	404	425
UniRef90_A0A0B9A6Q5	57.28	404	437
UniRef90_UPI00037579B7	59.22	404	423
UniRef90_F3KSY4	59.77	404	445
UniRef90_K9AQP7	56.68	404	424
UniRef90_I4MLS2	58.07	404	426
UniRef90_Q126P8	57.24	404	453
UniRef90_UPI0006536E7C	57.21	404	426
UniRef90_UPI00040C7B40	56.22	404	416
UniRef90_F5Y555	57.27	404	448
UniRef90_UPI0004109083	56.86	404	416
UniRef90_UPI0003FF256F	58.89	404	445
UniRef90_UPI000463E68F	58.41	404	451
UniRef90_A1VRP0	58.94	404	425
UniRef90_UPI00005101F9	57.67	404	421
UniRef90_A0A0A1VB76	58.99	404	426
UniRef90_UPI000381C6F0	56.47	404	413
UniRef90_A0A068YW89	57.63	404	425
UniRef90_UPI0006FCA1E2	59.56	404	434
UniRef90_UPI0006F57812	58.09	404	449
UniRef90_C5CSK1	58.51	404	425
UniRef90_A0A0M4LEA3	72.73	404	313
UniRef90_A0A0L6TAP8	56.94	404	428
UniRef90_UPI0004225D6E	55.97	404	423
UniRef90_A0A0L8AUN7	55.93	404	427
UniRef90_UPI0004798300	59.95	404	419
UniRef90_B9MCU3	56.44	404	437
UniRef90_A0A0N1B5P5	58.27	404	419
UniRef90_UPI000395639A	55.14	404	438
UniRef90_UPI0006F42110	57.14	404	431
UniRef90_UPI000488A059	59.38	404	430
UniRef90_A0A0L0MBD9	67.48	404	352
UniRef90_UPI0006F4642C	58.99	404	431
UniRef90_A0A0N0JNS4	57.21	404	424
UniRef90_UPI0006F47091	56.69	404	450
UniRef90_A5V1P9	55.72	404	416
UniRef90_A0A0N1AGI4	58.58	404	416
UniRef90_A0A0K6I227	58.60	404	427
UniRef90_UPI0006DC8280	54.39	404	426
UniRef90_UPI0006486C02	55.98	404	429
UniRef90_A0A0K8NTQ8	57.60	404	425
UniRef90_A9BVE0	55.19	404	434
UniRef90_K0HWX1	56.75	404	449
UniRef90_UPI000366AA0D	56.84	404	418
UniRef90_UPI00070137AB	57.89	404	415
UniRef90_UPI00070208D5	55.42	404	415
UniRef90_D0J4I4	55.06	404	435
UniRef90_A0A059KN98	55.95	404	438
UniRef90_UPI00047FD6BF	55.47	404	410
UniRef90_UPI00047B7026	57.08	404	435
UniRef90_A0NSH3	55.08	404	406
UniRef90_UPI0003052A60	55.88	404	431
UniRef90_UPI0004896AB1	55.09	404	415
UniRef90_A7NHJ2	53.10	404	416
UniRef90_D5WZ56	57.38	404	427
UniRef90_A0A0M6YQ24	54.31	404	406
UniRef90_N9W8W1	57.33	404	415
UniRef90_UPI000416C9B5	54.48	404	442
UniRef90_UPI00037AF33D	56.06	404	434
UniRef90_A0A069HTQ3	54.27	404	415
UniRef90_I3UBC5	53.75	404	418
UniRef90_A0A011VPQ0	54.52	404	415
UniRef90_J3CHZ9	54.06	404	411
UniRef90_UPI0003F6E220	55.50	404	415
UniRef90_I7Z9N7	53.35	404	411
UniRef90_X5V3R4	53.27	404	415
UniRef90_UPI0003771981	54.02	404	415
UniRef90_UPI00067E5F84	53.47	404	411
UniRef90_UPI000365DE74	52.61	404	413
UniRef90_A0A069HTI0	54.27	404	413
UniRef90_UPI000376EDDF	52.85	404	411
UniRef90_I0HNS6	56.10	404	419
UniRef90_A0A090GKX2	53.77	404	415
UniRef90_R7XTP4	53.65	404	402
UniRef90_B9R2A7	54.06	404	406
UniRef90_G6YHG4	53.02	404	415
UniRef90_Q98MD7	54.02	404	415
UniRef90_UPI000703828E	54.37	404	418
UniRef90_I0Z8C8	52.88	404	419
UniRef90_UPI00068FC5CC	54.50	404	410
UniRef90_H5WNH1	53.72	404	425
UniRef90_D3PTT9	52.99	404	409
UniRef90_A0A0D2UH52	52.76	404	413
UniRef90_W0PCF2	52.50	404	418
UniRef90_UPI0004C0ACFE	54.84	404	414
UniRef90_UPI0002559E34	51.24	404	413
UniRef90_V4YLM5	52.17	404	430
UniRef90_A0A0M4M0K9	48.48	404	415
UniRef90_E9UTY0	53.66	404	418
UniRef90_A0A0F5VCR2	52.02	404	413
UniRef90_A0A0F2T4C1	54.80	404	399
UniRef90_A0A0F4R292	50.37	404	412
UniRef90_UPI00037BAB60	53.35	404	418
UniRef90_UPI0006F2667B	54.93	404	424
UniRef90_A0A0M7AWZ0	53.55	404	406
UniRef90_V7FSC0	51.51	404	415
UniRef90_J1E9E5	53.63	404	429
UniRef90_A0A099LAM7	50.00	404	414
UniRef90_W0ABR2	52.49	404	412
UniRef90_UPI000482B561	52.24	404	409
UniRef90_UPI0006FB47B0	53.27	404	415
UniRef90_X6JZ13	50.60	404	440
UniRef90_L0LYE5	54.00	404	415
UniRef90_UPI00041CB9BF	54.59	404	414
UniRef90_UPI0004806420	52.27	404	415
UniRef90_A0A0D0PNA3	54.34	404	414
UniRef90_UPI00040C35AE	53.23	404	411
UniRef90_A0A0L0LZJ4	67.96	404	366
UniRef90_N6U2R8	52.90	404	415
UniRef90_Q6SHH4	47.64	404	415
UniRef90_UPI0005AA9CEB	53.60	404	410
UniRef90_A0A081G3Z7	49.50	404	413
UniRef90_E8T9Y5	52.26	404	415
UniRef90_B8KU22	50.75	404	411
UniRef90_UPI0004289A21	54.73	404	410
UniRef90_A0A080JYA4	56.50	404	333
UniRef90_B8R8Z9	52.85	404	412
UniRef90_A3Y608	49.00	404	412
UniRef90_UPI0004CFF755	52.50	404	412
UniRef90_UPI000477CD23	54.03	404	397
UniRef90_A0A066S0D7	50.51	404	413
UniRef90_UPI0006F4255A	53.55	404	417
UniRef90_UPI0006FBEA57	51.36	404	410
UniRef90_UPI000344CB94	52.70	404	412
UniRef90_A0A0J9E9A8	53.25	404	395
UniRef90_A0A085TZT3	52.97	404	400
UniRef90_UPI000684D9A6	52.00	404	413
UniRef90_C8RY48	54.81	404	398
UniRef90_UPI0005CB764F	54.06	404	425
UniRef90_UPI0005576953	52.24	404	414
UniRef90_UPI00035F307B	50.12	404	414
UniRef90_UPI00058B7C51	55.18	404	426
UniRef90_A9E7F7	51.95	404	396
UniRef90_UPI0006FD1BDA	52.72	404	424
UniRef90_UPI00048523B3	51.92	404	409
UniRef90_UPI0006472950	52.19	404	397
UniRef90_J3HU14	51.93	404	394
UniRef90_UPI000564D81D	52.64	404	410
UniRef90_S2KJI9	52.44	404	415
UniRef90_Q1LCS5	53.62	404	409
UniRef90_A8TTF5	52.61	404	418
UniRef90_A0A0L0J3E2	54.18	404	409
UniRef90_B7RHG0	51.43	404	396
UniRef90_S5XZL8	53.54	404	415
UniRef90_B9JIL0	51.89	404	415
UniRef90_UPI00047D1052	51.74	404	409
UniRef90_UPI0006FA619F	52.99	404	408
UniRef90_A0A067BZT1	52.55	404	427
UniRef90_A0A059INI2	54.24	404	398
UniRef90_Q0APM4	50.62	404	409
UniRef90_U3HDZ6	51.00	404	414
UniRef90_D3P4C7	54.24	404	397
UniRef90_B6IV21	52.62	404	412
UniRef90_UPI00063F1D7D	50.75	404	410
UniRef90_UPI0006FE6802	51.36	404	411
UniRef90_J7KY88	50.85	404	412
UniRef90_UPI000684DDA8	51.58	404	385
UniRef90_A5V430	52.87	404	413
UniRef90_U5QP30	51.00	404	409
UniRef90_UPI0004941D73	53.87	404	412
UniRef90_V8QRV5	51.90	404	405
UniRef90_UPI0006FF8364	54.22	404	400
UniRef90_UPI00065E9B16	51.51	404	409
UniRef90_UPI0003FA6532	51.60	404	418
UniRef90_F2J1U5	53.48	404	410
UniRef90_A0A0M2LT66	52.28	404	414
UniRef90_A0A024U374	50.96	404	432
UniRef90_A0A0C1WYR2	50.63	404	413
UniRef90_UPI0003B6563B	51.77	404	409
UniRef90_A0A095X819	51.17	404	397
UniRef90_UPI000469C91D	51.17	404	396
UniRef90_S6KLL5	50.75	404	415
UniRef90_A5EQH7	54.03	404	397
UniRef90_UPI0004230D73	54.18	404	408
UniRef90_T5KBB3	51.36	404	424
UniRef90_E4NAM8	53.60	404	409
UniRef90_UPI000225F7BA	53.65	404	414
UniRef90_UPI00067C1FBF	51.81	404	398
UniRef90_UPI0004889DC6	50.75	404	409
UniRef90_UPI0007012613	51.24	404	408
UniRef90_K2LJ41	52.51	404	409
UniRef90_A0A0D6BZQ8	51.00	404	414
UniRef90_A0A0J6GT13	49.75	404	414
UniRef90_UPI000495A040	53.25	404	397
UniRef90_UPI0006F22848	53.03	404	412
UniRef90_UPI000367A72A	54.81	404	398
UniRef90_UPI00036C5D38	52.85	404	414
UniRef90_A0A0H1A5F4	52.30	404	398
UniRef90_A0A061SUY6	50.91	404	396
UniRef90_I5BYF8	52.54	404	407
UniRef90_G8PT97	49.49	404	410
UniRef90_A0A0L6CYX2	51.43	404	397
UniRef90_A0A0M6YMZ8	52.45	404	395
UniRef90_A0A0C1JEW7	50.13	404	397
UniRef90_UPI00053B4781	52.59	404	408
UniRef90_A0A0M9EID5	50.90	404	413
UniRef90_A0A068SUY2	52.47	404	397
UniRef90_A3K779	51.42	404	395
UniRef90_X7EEI0	51.42	404	395
UniRef90_UPI00034AC8FE	50.86	404	413
UniRef90_UPI00067D6091	52.07	404	398
UniRef90_UPI000463CD56	54.44	404	427
UniRef90_A3TUF2	51.94	404	400
UniRef90_A0A0L1JT61	50.13	404	395
UniRef90_UPI0006FB9724	51.61	404	411
UniRef90_A0A0D0QC17	52.97	404	394
UniRef90_D0D6J6	50.91	404	397
UniRef90_UPI0004C5F924	49.75	404	410
UniRef90_I1ARQ9	50.91	404	397
UniRef90_UPI0004968EBF	51.52	404	413
UniRef90_A0A0D6TCC8	52.21	404	395
UniRef90_UPI0006C75025	52.19	404	398
UniRef90_A3T0L9	50.26	404	391
UniRef90_A0A0A0ED13	50.39	404	395
UniRef90_UPI000488B9AE	52.24	404	409
UniRef90_UPI0006F59122	51.95	404	397
UniRef90_UPI0006CA7F81	49.00	404	413
UniRef90_A0A0M8Y2L7	49.51	404	414
UniRef90_UPI00047F2013	50.75	404	414
UniRef90_UPI0003FD989D	52.47	404	397
UniRef90_A0A0B3RHQ4	50.65	404	396
UniRef90_UPI000621DA4A	51.43	404	397
UniRef90_UPI0003B773B1	51.93	404	398
UniRef90_UPI0005E204A7	48.27	404	421
UniRef90_UPI0004875F16	51.43	404	397
UniRef90_Q39LI3	51.61	404	409
UniRef90_UPI0007000ABE	52.33	404	397
UniRef90_UPI0006D7CB88	53.25	404	406
UniRef90_D7AZD9	51.66	404	412
UniRef90_UPI0006FE9937	51.52	404	414
UniRef90_UPI0004758C58	48.09	404	413
UniRef90_Q0FJI1	51.17	404	397
UniRef90_A0A0M4D1D1	48.13	404	412
UniRef90_A0A0N1LIK6	48.36	404	413
UniRef90_UPI0005A70926	50.51	404	416
UniRef90_UPI00048FBD20	52.41	404	407
UniRef90_V7EGV9	55.10	404	364
UniRef90_UPI0004AA8BB1	51.73	404	385
UniRef90_UPI0004235665	52.36	404	397
UniRef90_A1B5B3	52.76	404	414
UniRef90_UPI00047932B3	49.09	404	392
UniRef90_UPI00067EE410	49.36	404	397
UniRef90_UPI0006E424D8	49.25	404	409
UniRef90_B2T2S7	51.74	404	409
UniRef90_UPI00048F3217	48.01	404	410
UniRef90_Q3J1C0	53.77	404	396
UniRef90_UPI0006FC7C4E	53.07	404	427
UniRef90_C9CVD6	50.13	404	396
UniRef90_A0A0L1KE55	49.62	404	409
UniRef90_UPI0003B792CD	51.16	404	397
UniRef90_B6BB55	51.16	404	397
UniRef90_UPI00034DC696	48.88	404	415
UniRef90_Q28QL0	50.00	404	395
UniRef90_UPI000595E769	49.37	404	405
UniRef90_UPI000421B8AE	52.44	404	398
UniRef90_A0A073IZC2	50.91	404	394
UniRef90_UPI00031D1A5E	49.87	404	395
UniRef90_Q89MN3	50.91	404	404
UniRef90_A0A0B4E2B0	51.43	404	397
UniRef90_A0A0N0JQG1	49.50	404	412
UniRef90_UPI0002488649	48.84	404	420
UniRef90_A0A0B4Y2Q6	49.10	404	397
UniRef90_A0A074JLX1	49.10	404	397
UniRef90_U1IGA1	50.39	404	404
UniRef90_E2CQR0	48.47	404	403
UniRef90_UPI000466D3B0	50.90	404	398
UniRef90_A0A017HSM2	52.16	404	426
UniRef90_A9DEY5	50.39	404	397
UniRef90_D6Y9Q5	48.16	404	413
UniRef90_C1ACU2	50.26	404	413
UniRef90_A4EYP0	48.98	404	404
UniRef90_W4GJI1	49.39	404	433
UniRef90_A5PA27	48.48	404	410
UniRef90_A0A0M0M5G9	47.72	404	414
UniRef90_A0A0J5QKP8	50.91	404	397
UniRef90_UPI00036C51D2	48.10	404	411
UniRef90_H0HSA5	51.15	404	399
UniRef90_UPI0006B61C9F	50.13	404	397
UniRef90_UPI0005796F13	48.33	404	397
UniRef90_UPI0006F287A5	51.77	404	405
UniRef90_A0A0F9NHL1	48.57	404	396
UniRef90_UPI00048A2B1E	49.61	404	397
UniRef90_K6Y7C9	45.45	404	411
UniRef90_UPI0004019F91	50.65	404	402
UniRef90_Q2C9R0	51.70	404	397
UniRef90_G7EB87	45.89	404	411
UniRef90_A0A0B4BQM9	49.61	404	397
UniRef90_UPI0006C8631C	49.87	404	397
UniRef90_U1L718	46.52	404	411
UniRef90_UPI00041C2E4C	49.13	404	412
UniRef90_UPI00067E4498	49.87	404	398
UniRef90_A0A0B4BYU7	49.48	404	391
UniRef90_C7QAB8	50.99	404	427
UniRef90_UPI0006F1FEBD	51.94	404	408
UniRef90_A0A0C1GSC8	49.36	404	397
UniRef90_UPI0006290542	49.87	404	410
UniRef90_M9RP15	49.35	404	398
UniRef90_A0A074MC44	48.86	404	407
UniRef90_UPI000623E3DB	49.63	404	413
UniRef90_Q1GTB9	47.62	404	413
UniRef90_UPI00054B97CE	50.76	404	411
UniRef90_A4BV35	47.76	404	413
UniRef90_A0A099TD37	51.67	404	394
UniRef90_UPI0005B99FA1	51.69	404	410
UniRef90_K6YSN7	45.50	404	411
UniRef90_UPI00056D630D	50.38	404	407
UniRef90_W8X0E2	60.00	404	312
UniRef90_UPI00063D03C0	48.58	404	400
UniRef90_A0A0G3XBX7	50.39	404	405
UniRef90_UPI00069A6364	49.47	404	385
UniRef90_UPI0002F3AC33	49.62	404	407
UniRef90_B9NNE2	50.13	404	397
UniRef90_UPI00056A8E85	48.84	404	397
UniRef90_UPI00046B02DD	48.31	404	396
UniRef90_UPI0003B71AFD	51.43	404	395
UniRef90_A0A0F0DDT4	50.39	404	412
UniRef90_UPI000382C643	48.57	404	397
UniRef90_A0A0C2FDW0	49.38	404	411
UniRef90_A0A098TD15	52.88	404	397
UniRef90_B6AYB2	47.16	404	418
UniRef90_UPI000344E1B2	50.49	404	415
UniRef90_UPI0003A10196	49.50	404	410
UniRef90_A0A074LZR8	48.25	404	405
UniRef90_UPI0003B613FC	52.48	404	424
UniRef90_I7DNR4	49.09	404	397
UniRef90_UPI0006FA7807	51.13	404	407
UniRef90_A0A099GI39	52.96	404	395
UniRef90_UPI0003C11DE0	49.36	404	397
UniRef90_A3JW92	49.48	404	398
UniRef90_W2EUS8	47.51	404	408
UniRef90_D0CTN9	49.61	404	433
UniRef90_UPI00068120A6	49.10	404	397
UniRef90_UPI00042327F9	50.89	404	407
UniRef90_A0A0A0D474	49.13	404	410
UniRef90_A3X7N2	48.59	404	397
UniRef90_UPI0003B30BF9	51.53	404	445
UniRef90_UPI000691BB22	51.14	404	415
UniRef90_W4HGK9	50.65	404	395
UniRef90_A4WSW3	54.03	404	400
UniRef90_UPI00056321A3	48.01	404	410
UniRef90_UPI00054C0142	51.49	404	419
UniRef90_UPI00030D3016	52.35	404	417
UniRef90_UPI000566CE8B	48.64	404	406
UniRef90_UPI000464D4E6	50.90	404	397
UniRef90_UPI0002F0771C	53.12	404	411
UniRef90_UPI00046A4E87	49.87	404	396
UniRef90_A3V7P3	49.21	404	402
UniRef90_S9QIF9	46.67	404	418
UniRef90_UPI0006F83F16	52.73	404	397
UniRef90_V9WPS9	48.76	404	416
UniRef90_A0A074MF55	46.84	404	409
UniRef90_S3MT27	44.75	404	428
UniRef90_UPI0006F21DBD	50.50	404	404
UniRef90_A0A0M2V7U0	47.24	404	419
UniRef90_D2BAW6	49.75	404	407
UniRef90_A0A0K0Y8I9	47.53	404	395
UniRef90_UPI0003460747	50.74	404	412
UniRef90_A0A0H4L2W5	51.23	404	396
UniRef90_UPI0006E3C36F	49.63	404	398
UniRef90_E6RLT7	45.00	404	411
UniRef90_G4QI83	43.21	404	459
UniRef90_UPI000288C4F7	47.26	404	420
UniRef90_UPI00070051B3	50.00	404	407
UniRef90_A6FVQ0	50.13	404	397
UniRef90_UPI0006F265E1	49.75	404	404
UniRef90_UPI00068A95B8	49.61	404	399
UniRef90_K6ZHD6	47.34	404	414
UniRef90_UPI00048CE37A	50.12	404	412
UniRef90_A0A0F7PLL0	48.83	404	397
UniRef90_UPI0003B4D059	49.75	404	409
UniRef90_E1TFV6	46.85	404	410
UniRef90_UPI0005647863	51.99	404	395
UniRef90_A0A0M9GNY4	48.83	404	393
UniRef90_UPI0003FD5EA5	48.08	404	398
UniRef90_UPI0006F54D3E	47.30	404	396
UniRef90_A0A017H9S2	54.55	404	397
UniRef90_UPI0003FFDB68	49.87	404	397
UniRef90_F4AHZ6	48.10	404	414
UniRef90_A3WF04	47.34	404	405
UniRef90_A0A0E1WCJ6	67.25	404	286
UniRef90_UPI0004BC4483	50.88	404	411
UniRef90_UPI00037E869D	51.92	404	401
UniRef90_UPI000491290F	50.13	404	401
UniRef90_Q47RF7	50.37	404	413
UniRef90_A0A0M4LXN3	49.87	404	409
UniRef90_UPI0004DFBD7A	49.63	404	409
UniRef90_UPI00047011F9	48.33	404	407
UniRef90_P83788	100.00	404	416
UniRef90_A0A0E1E4C1	87.38	404	416
UniRef90_A0A0J6NQA5	63.68	404	417
UniRef90_UPI000482D67F	87.38	404	416
UniRef90_A0A0C7CWF7	77.67	404	416
UniRef90_A0A0F3KRS7	64.68	404	416
UniRef90_B9Z8W6	65.92	404	416
UniRef90_Q4KIN4	85.04	404	416
UniRef90_A0A010T4F6	89.11	404	416
UniRef90_A0A0A6QDI4	69.08	404	416
UniRef90_S6AY04	79.10	404	416
UniRef90_J0PI28	87.59	404	416
UniRef90_U3H5T5	77.42	404	416
UniRef90_C3K1Z5	87.10	404	416
UniRef90_A9FPI7	71.25	404	423
UniRef90_V5UCB8	69.23	404	417
UniRef90_UPI00047D6BEA	65.17	404	416
UniRef90_A0A0G3EZN2	68.41	404	417
UniRef90_A0A0D6T1Y6	76.92	404	416
UniRef90_Q474J6	74.31	404	418
UniRef90_UPI0006FC2FFF	71.11	404	419
UniRef90_UPI000347A67E	69.08	404	416
UniRef90_V5Z4I3	75.56	404	416
UniRef90_A9IDE5	65.17	404	416
UniRef90_A4JHD8	69.15	404	417
UniRef90_UPI0006F45566	67.74	404	420
UniRef90_G8M7E3	67.58	404	416
UniRef90_UPI00037C8E93	70.20	404	421
UniRef90_D4XI65	63.52	404	416
UniRef90_L8MLF5	79.16	404	416
UniRef90_UPI000645BA76	61.39	404	419
UniRef90_V2J0V9	71.22	404	418
UniRef90_A0A0N0II08	69.48	404	416
UniRef90_UPI000480B1C0	69.58	404	416
UniRef90_A0A0K8K1Q9	70.40	404	412
UniRef90_Q8Y1D1	72.64	404	417
UniRef90_A0A0J5JFS5	63.93	404	416
UniRef90_UPI00054BC895	83.29	404	416
UniRef90_Q0K7X8	73.32	404	418
UniRef90_A0A069Q4I9	68.58	404	416
UniRef90_UPI00036D3796	64.68	404	416
UniRef90_I9W4M9	74.63	404	416
UniRef90_Q13UN9	69.33	404	416
UniRef90_F7SW94	64.68	404	416
UniRef90_A0A0K1JTC4	70.37	404	416
UniRef90_UPI0003F783CF	70.15	404	412
UniRef90_A0A0J1G9S2	67.00	404	414
UniRef90_UPI000700CE61	67.74	404	419
UniRef90_UPI00048C12EE	66.17	404	416
UniRef90_A0A0C4YID7	73.38	404	418
UniRef90_UPI00035EA519	71.64	404	418
UniRef90_A0A0M4RR32	63.77	404	421
UniRef90_E3HSW2	64.02	404	416
UniRef90_A0A0A1FEJ9	65.68	404	420
UniRef90_W0UZZ5	68.81	404	416
UniRef90_UPI000372B33A	65.67	404	416
UniRef90_K9DYP3	68.14	404	424
UniRef90_A0A0A6E0F5	70.79	404	416
UniRef90_A0A069NR85	68.46	404	416
UniRef90_Q1LK01	72.64	404	418
UniRef90_F1W356	67.74	404	416
UniRef90_G0AAD2	65.76	404	413
UniRef90_F2L8W1	67.16	404	416
UniRef90_B2JDS3	67.58	404	416
UniRef90_UPI0007031F88	70.90	404	416
UniRef90_C5ACB0	69.23	404	416
UniRef90_UPI0004983CFB	57.97	404	425
UniRef90_A5V1P9	55.47	404	416
UniRef90_A0A0F5JVC1	66.42	404	424
UniRef90_UPI00036EF8B9	68.98	404	418
UniRef90_X2HAC8	58.31	404	416
UniRef90_N9BME8	56.97	404	416
UniRef90_J0UMX5	58.96	404	416
UniRef90_UPI00046E93C1	66.17	404	416
UniRef90_UPI00040C7B40	56.22	404	416
UniRef90_Q7W1V4	63.28	404	416
UniRef90_V2TJU2	55.58	404	416
UniRef90_D3PTT9	52.74	404	409
UniRef90_L9PFH8	71.85	404	416
UniRef90_A0A077LGT1	71.25	404	416
UniRef90_S3N7J3	58.31	404	417
UniRef90_UPI00068DAB0F	67.41	404	430
UniRef90_A0A068YW89	57.63	404	425
UniRef90_M7MPM0	60.24	404	429
UniRef90_Q63WP4	68.66	404	416
UniRef90_UPI0004896AB1	55.09	404	415
UniRef90_A7NHJ2	53.10	404	416
UniRef90_C0ZSI0	63.18	404	421
UniRef90_B0V6C6	55.97	404	420
UniRef90_UPI0004215F09	66.92	404	416
UniRef90_A0A0M4LL86	63.41	404	432
UniRef90_J3CHZ9	54.06	404	411
UniRef90_A0A098UCP2	68.24	404	424
UniRef90_A1TLB0	60.94	404	435
UniRef90_A0A052IQI5	65.67	404	412
UniRef90_A0A0J1G3M1	68.97	404	416
UniRef90_N9Q2Q9	55.75	404	416
UniRef90_UPI0006FE138C	60.29	404	420
UniRef90_A0A0D4BZC7	60.39	404	431
UniRef90_UPI000376EDDF	52.85	404	411
UniRef90_A0A0G3BR70	58.84	404	423
UniRef90_UPI00037DCDD6	68.66	404	416
UniRef90_UPI0006F2667B	54.57	404	424
UniRef90_UPI000482B561	52.24	404	409
UniRef90_A1VRP0	58.45	404	425
UniRef90_Q2L1V2	64.76	404	416
UniRef90_UPI000372EBE2	53.85	404	417
UniRef90_A0A0L6TAP8	56.70	404	428
UniRef90_UPI0004109083	56.86	404	416
UniRef90_C9YG53	59.38	404	435
UniRef90_UPI000381C6F0	56.22	404	413
UniRef90_I4MLS2	57.59	404	426
UniRef90_B9MCU3	56.44	404	437
UniRef90_I7Z9N7	53.35	404	411
UniRef90_A0A0M4M7Q5	62.56	404	421
UniRef90_UPI0006536E7C	57.21	404	426
UniRef90_X4ZLZ1	62.94	404	412
UniRef90_UPI0004A3CEBB	58.19	404	436
UniRef90_R7XTP4	54.04	404	402
UniRef90_B9R2A7	54.06	404	406
UniRef90_A0A0F0LP48	58.96	404	422
UniRef90_A0A0L8AUN7	55.45	404	427
UniRef90_E1VS48	58.44	404	426
UniRef90_A0A0M6YQ24	54.31	404	406
UniRef90_D8JIM8	55.97	404	416
UniRef90_A0A0C1WYR2	50.00	404	413
UniRef90_UPI0003491FA0	66.42	404	416
UniRef90_UPI0006F42110	57.14	404	431
UniRef90_UPI0006F4EC4A	60.29	404	424
UniRef90_UPI0006DC8280	53.51	404	426
UniRef90_A0A0M2LMW3	60.30	404	423
UniRef90_UPI0006F4642C	58.27	404	431
UniRef90_A0NSH3	55.08	404	406
UniRef90_UPI000395639A	55.14	404	438
UniRef90_N8TI48	54.84	404	417
UniRef90_UPI0006FCA1E2	58.94	404	434
UniRef90_UPI00067E5F84	52.97	404	411
UniRef90_J3DA05	59.86	404	426
UniRef90_F3KSY4	59.54	404	445
UniRef90_UPI0002559E34	51.24	404	413
UniRef90_Q126P8	56.79	404	453
UniRef90_UPI0005AA9CEB	52.61	404	410
UniRef90_A0A085FTQ2	66.09	404	418
UniRef90_C5CSK1	58.27	404	425
UniRef90_UPI00047FD6BF	55.47	404	410
UniRef90_A0A0D2UH52	52.63	404	413
UniRef90_UPI000463E68F	58.18	404	451
UniRef90_UPI0004806420	51.87	404	415
UniRef90_UPI0003FF256F	58.89	404	445
UniRef90_UPI00058FC6E1	58.06	404	422
UniRef90_UPI00047F2013	50.75	404	414
UniRef90_UPI0004889DC6	50.75	404	409
UniRef90_A0A090GKX2	52.49	404	415
UniRef90_UPI0006F6A1DA	64.06	404	420
UniRef90_UPI00041C2E4C	49.13	404	412
UniRef90_UPI0006FBEA57	51.36	404	410
UniRef90_U3HDZ6	51.00	404	414
UniRef90_A0A069HTQ3	53.35	404	415
UniRef90_UPI00037579B7	58.98	404	423
UniRef90_S6KLL5	50.75	404	415
UniRef90_UPI000380CD7A	57.71	404	415
UniRef90_A0A0H0ZU97	59.41	404	426
UniRef90_UPI0003F6E220	54.48	404	415
UniRef90_J1E9E5	53.50	404	429
UniRef90_UPI00041CB9BF	54.59	404	414
UniRef90_A0A0B2A086	59.71	404	420
UniRef90_A0A0N1B5P5	58.27	404	419
UniRef90_UPI00068FC5CC	54.36	404	410
UniRef90_A0A0D6BZQ8	51.00	404	414
UniRef90_UPI000365DE74	52.61	404	413
UniRef90_UPI0003B6563B	51.00	404	409
UniRef90_A0A0L0J3E2	54.18	404	409
UniRef90_A0A0M7AWZ0	53.55	404	406
UniRef90_K9AQP7	56.68	404	424
UniRef90_I3UBC5	52.94	404	418
UniRef90_UPI0004798300	59.71	404	419
UniRef90_UPI0006FB47B0	51.99	404	415
UniRef90_UPI00065E9B16	51.51	404	409
UniRef90_I0Z8C8	52.61	404	419
UniRef90_A0A0F5VCR2	51.86	404	413
UniRef90_UPI0005576953	52.24	404	414
UniRef90_Q0APM4	50.37	404	409
UniRef90_UPI00070208D5	53.98	404	415
UniRef90_UPI00070137AB	55.72	404	415
UniRef90_X5V3R4	51.99	404	415
UniRef90_S2KJI9	52.06	404	415
UniRef90_UPI000684D9A6	51.75	404	413
UniRef90_UPI0004230D73	52.91	404	408
UniRef90_A0A0L1KE55	49.12	404	409
UniRef90_A0A0J6GT13	49.75	404	414
UniRef90_F5Y555	56.55	404	448
UniRef90_A0A081G3Z7	49.50	404	413
UniRef90_UPI00047D1052	51.74	404	409
UniRef90_UPI0003771981	53.35	404	415
UniRef90_A0A011VPQ0	54.02	404	415
UniRef90_B8KU22	50.75	404	411
UniRef90_A0A0N0JNS4	57.45	404	424
UniRef90_UPI0004225D6E	55.97	404	423
UniRef90_V7FSC0	51.01	404	415
UniRef90_A0A0F4R292	50.37	404	412
UniRef90_UPI000595E769	48.75	404	405
UniRef90_Q1LCS5	53.62	404	409
UniRef90_UPI000488A059	58.91	404	430
UniRef90_UPI0004758C58	47.37	404	413
UniRef90_A0A0F2T4C1	54.80	404	399
UniRef90_A5PA27	47.76	404	410
UniRef90_S5XZL8	52.36	404	415
UniRef90_Q98MD7	52.74	404	415
UniRef90_UPI0006FD1BDA	52.48	404	424
UniRef90_L0LYE5	52.99	404	415
UniRef90_W0ABR2	52.49	404	412
UniRef90_A0A0A1VB76	58.65	404	426
UniRef90_UPI0006F47091	56.46	404	450
UniRef90_A0A0N1AGI4	58.58	404	416
UniRef90_X6JZ13	49.41	404	440
UniRef90_UPI0006486C02	55.74	404	429
UniRef90_G6YHG4	51.99	404	415
UniRef90_UPI00037BAB60	53.10	404	418
UniRef90_G8PT97	49.12	404	410
UniRef90_A0A066S0D7	49.88	404	413
UniRef90_A0A0B9A6Q5	57.28	404	437
UniRef90_T5KBB3	51.11	404	424
UniRef90_UPI0003052A60	55.64	404	431
UniRef90_A0A069HTI0	53.52	404	413
UniRef90_UPI000564D81D	51.74	404	410
UniRef90_K0HWX1	56.98	404	449
UniRef90_UPI00048523B3	50.75	404	409
UniRef90_UPI00063F1D7D	50.50	404	410
UniRef90_UPI0007012613	51.00	404	408
UniRef90_E6RLT7	45.14	404	411
UniRef90_U1L718	46.27	404	411
UniRef90_UPI00054B97CE	49.75	404	411
UniRef90_G7EB87	45.64	404	411
UniRef90_UPI000488B9AE	52.24	404	409
UniRef90_UPI00067D6091	51.67	404	398
UniRef90_D0CTN9	49.61	404	433
UniRef90_A0A0C1JEW7	50.13	404	397
UniRef90_K2LJ41	52.54	404	409
UniRef90_N6U2R8	52.76	404	415
UniRef90_A3Y608	48.88	404	412
UniRef90_E8T9Y5	51.61	404	415
UniRef90_Q39LI3	51.61	404	409
UniRef90_B9JIL0	51.24	404	415
UniRef90_W0PCF2	51.72	404	418
UniRef90_A0A0K8NTQ8	57.60	404	425
UniRef90_A1B5B3	51.99	404	414
UniRef90_A0A0G3XBX7	50.00	404	405
UniRef90_UPI0006F57812	57.40	404	449
UniRef90_A0A0M2LT66	51.12	404	414
UniRef90_K6YSN7	45.50	404	411
UniRef90_F2J1U5	53.48	404	410
UniRef90_B6BB55	51.16	404	397
UniRef90_D6Y9Q5	47.91	404	413
UniRef90_UPI00053B4781	51.94	404	408
UniRef90_A0A0L6CYX2	50.90	404	397
UniRef90_B2T2S7	51.74	404	409
UniRef90_UPI00036C51D2	47.51	404	411
UniRef90_B8R8Z9	52.85	404	412
UniRef90_A0A0B4Y2Q6	49.10	404	397
UniRef90_UPI0005CB764F	54.06	404	425
UniRef90_UPI000416C9B5	54.15	404	442
UniRef90_A0A0C1GSC8	49.36	404	397
UniRef90_UPI000225F7BA	52.74	404	414
UniRef90_UPI0006E23595	45.59	404	400
UniRef90_UPI0005A70926	48.79	404	416
UniRef90_D0J4I4	54.82	404	435
UniRef90_UPI0006C8631C	49.61	404	397
UniRef90_I1DYP3	46.08	404	417
UniRef90_A0A0K6I227	58.35	404	427
UniRef90_A9DEY5	50.39	404	397
UniRef90_UPI000703828E	54.37	404	418
UniRef90_UPI0004CD7B6F	46.33	404	399
UniRef90_H5WNH1	53.48	404	425
UniRef90_UPI0006472950	51.93	404	397
UniRef90_A4EYP0	49.36	404	404
UniRef90_K6Y7C9	44.75	404	411
UniRef90_K4R7A5	46.97	404	395
UniRef90_J7KY88	50.74	404	412
UniRef90_UPI00005101F9	57.67	404	421
UniRef90_A0A059KN98	55.26	404	438
UniRef90_UPI000684DDA8	51.32	404	385
UniRef90_UPI0004C0ACFE	54.84	404	414
UniRef90_UPI00067EE410	49.36	404	397
UniRef90_A0A061SUY6	50.51	404	396
UniRef90_UPI0004875F16	50.64	404	397
UniRef90_UPI00047932B3	48.96	404	392
UniRef90_A0A095X819	51.04	404	397
UniRef90_A0A0F0DDT4	50.13	404	412
UniRef90_UPI0003B773B1	51.93	404	398
UniRef90_UPI00035F307B	49.88	404	414
UniRef90_D6A989	46.85	404	411
UniRef90_A3TUF2	51.94	404	400
UniRef90_I5BYF8	51.50	404	407
UniRef90_A9BVE0	54.95	404	434
UniRef90_UPI0004E0E7EE	45.05	404	409
UniRef90_UPI0006FA619F	52.99	404	408
UniRef90_A0A0N1LIK6	47.38	404	413
UniRef90_A0A074JLX1	49.10	404	397
UniRef90_UPI00047B7026	56.84	404	435
UniRef90_UPI00034AC8FE	50.86	404	413
UniRef90_B9NNE2	49.61	404	397
UniRef90_UPI0004968EBF	50.12	404	413
UniRef90_S5V6M1	47.21	404	394
UniRef90_UPI00070051B3	49.50	404	407
UniRef90_UPI00034DC696	48.88	404	415
UniRef90_A0A0A0ED13	50.13	404	395
UniRef90_F4AHZ6	46.78	404	414
UniRef90_H0HSA5	50.77	404	399
UniRef90_UPI00048A2B1E	49.61	404	397
UniRef90_E9UTY0	53.41	404	418
UniRef90_UPI00036C5D38	52.24	404	414
UniRef90_A0A074MF55	46.02	404	409
UniRef90_U5QP30	50.75	404	409
UniRef90_UPI00056A8E85	48.84	404	397
UniRef90_UPI0006F4255A	52.80	404	417
UniRef90_L7FDM0	45.57	404	404
UniRef90_UPI000466D3B0	50.51	404	398
UniRef90_A0A074LZR8	48.00	404	405
UniRef90_UPI000623E3DB	49.63	404	413
UniRef90_D2BAW6	49.75	404	407
UniRef90_UPI00067C1FBF	51.42	404	398
UniRef90_UPI0006FE9937	50.87	404	414
UniRef90_UPI000477CD23	53.75	404	397
UniRef90_UPI0004CFF755	52.38	404	412
UniRef90_A0A073IZC2	50.91	404	394
UniRef90_UPI0003FD5EA5	47.96	404	398
UniRef90_UPI0003FA6532	50.86	404	418
UniRef90_I7DNR4	48.59	404	397
UniRef90_UPI0004CD6C6C	46.08	404	396
UniRef90_A0A0M8Y2L7	49.26	404	414
UniRef90_X7EEI0	51.42	404	395
UniRef90_UPI000366AA0D	55.78	404	418
UniRef90_J3HU14	52.20	404	394
UniRef90_A0A0N1NKH7	46.58	404	408
UniRef90_UPI0004C5F924	49.75	404	410
UniRef90_A5V430	52.62	404	413
UniRef90_S9QIF9	46.67	404	418
UniRef90_UPI0006F1FEBD	51.54	404	408
UniRef90_W2EUS8	47.51	404	408
UniRef90_A0A0C1T3F4	47.09	404	405
UniRef90_A0A0F5VP48	46.84	404	394
UniRef90_UPI0006E424D8	49.38	404	409
UniRef90_A0A0M2V7U0	46.91	404	419
UniRef90_A0A024U374	50.84	404	432
UniRef90_A0A0N0JQG1	48.77	404	412
UniRef90_A0A0H0XY57	45.25	404	409
UniRef90_K6ZHD6	46.04	404	414
UniRef90_D9X3P2	45.32	404	398
UniRef90_UPI0006F22848	52.50	404	412
UniRef90_A5EQH7	53.89	404	397
UniRef90_UPI0005796F13	48.33	404	397
UniRef90_UPI00035F962A	44.84	404	405
UniRef90_B6AYB2	47.16	404	418
UniRef90_A0A089XCE5	46.84	404	403
UniRef90_UPI00048F3217	48.01	404	410
UniRef90_UPI0006C75025	52.19	404	398
UniRef90_A0A0G3AD80	45.82	404	394
UniRef90_UPI0004289A21	53.98	404	410
UniRef90_UPI0006B61C9F	50.13	404	397
UniRef90_A0A0M4M0K9	47.64	404	415
UniRef90_A3X7N2	48.59	404	397
UniRef90_A0A0B4BQM9	49.61	404	397
UniRef90_UPI000374E2C5	46.67	404	397
UniRef90_UPI0006FC7C4E	52.58	404	427
UniRef90_D9W1Z8	47.85	404	396
UniRef90_A0A0D0PNA3	53.85	404	414
UniRef90_A0A099LAM7	49.75	404	414
UniRef90_A0A0B3RHQ4	50.65	404	396
UniRef90_UPI000344CB94	52.70	404	412
UniRef90_UPI0006E39950	45.71	404	398
UniRef90_A0A0M0M5G9	47.00	404	414
UniRef90_I8U8E1	46.95	404	425
UniRef90_A0A0H1A5F4	51.79	404	398
UniRef90_UPI00068120A6	48.84	404	397
UniRef90_A0A0J5QKP8	50.52	404	397
UniRef90_A3T0L9	50.00	404	391
UniRef90_A0A074MC44	48.00	404	407
UniRef90_UPI0006D7CB88	52.88	404	406
UniRef90_V6KDT4	45.59	404	410
UniRef90_A0A0L0K8H2	46.41	404	395
UniRef90_I0HNS6	55.61	404	419
UniRef90_N9W8W1	57.18	404	415
UniRef90_Q15RQ9	45.16	404	414
UniRef90_Q2N5W9	43.12	404	449
UniRef90_A0A0F4RN34	47.81	404	397
UniRef90_Q0FJI1	50.90	404	397
UniRef90_UPI0004BF1A0D	46.98	404	397
UniRef90_B4V8T2	45.82	404	401
UniRef90_A9E7F7	51.81	404	396
UniRef90_B6IV21	52.62	404	412
UniRef90_A4BV35	47.26	404	413
UniRef90_A3WF04	46.63	404	405
UniRef90_A0A0M8VWK1	45.09	404	398
UniRef90_UPI000463CD56	54.44	404	427
UniRef90_UPI0004C13A1C	46.94	404	395
UniRef90_A0A0L1JT61	50.13	404	395
UniRef90_UPI0003F5D33A	45.82	404	404
UniRef90_UPI0002F3AC33	48.75	404	407
UniRef90_UPI00041F1A1E	45.96	404	401
UniRef90_UPI0001DD0C38	46.06	404	405
UniRef90_C9CVD6	50.13	404	396
UniRef90_A0A0M8V4C6	46.19	404	394
UniRef90_A0A0K0Y8I9	47.53	404	395
UniRef90_M9TU90	46.87	404	398
UniRef90_UPI0006E3C36F	49.38	404	398
UniRef90_UPI000621DA4A	50.90	404	397
UniRef90_A0A0D6TCC8	52.07	404	395
UniRef90_A0A085TZT3	52.97	404	400
UniRef90_C8RY48	54.24	404	398
UniRef90_D0D6J6	50.64	404	397
UniRef90_Q28QL0	50.13	404	395
UniRef90_A0A0M4LXN3	49.13	404	409
UniRef90_D5WZ56	57.14	404	427
UniRef90_Q6SHH4	47.39	404	415
UniRef90_UPI00067E4498	49.87	404	398
UniRef90_UPI0003A10196	49.50	404	410
UniRef90_UPI000527598E	45.89	404	403
UniRef90_A0A0J7Z0D7	46.58	404	394
UniRef90_A0A0M9EID5	50.90	404	413
UniRef90_UPI000288C4F7	47.01	404	420
UniRef90_A0A0M9GNY4	48.70	404	393
UniRef90_UPI0006FF8364	53.71	404	400
UniRef90_UPI000491290F	49.36	404	401
UniRef90_UPI00056321A3	48.76	404	410
UniRef90_UPI0006F54D3E	47.30	404	396
UniRef90_W4GJI1	48.91	404	433
UniRef90_C7QAB8	50.37	404	427
UniRef90_A3K779	51.42	404	395
UniRef90_M9RP15	49.35	404	398
UniRef90_C7DF19	47.03	404	395
UniRef90_UPI00046B02DD	48.31	404	396
UniRef90_A0A0J9E9A8	53.25	404	395
UniRef90_UPI0004C43CF4	48.02	404	412
UniRef90_UPI0004C18382	45.82	404	396
UniRef90_A0A0M2YWH4	44.80	404	405
UniRef90_UPI00058B7C51	54.81	404	426
UniRef90_A0A0M4D1D1	47.76	404	412
UniRef90_UPI0006F21DBD	50.00	404	404
UniRef90_UPI00037AF33D	55.48	404	434
UniRef90_A0A0M2VJ15	45.50	404	412
UniRef90_B7RHG0	51.43	404	396
UniRef90_UPI000367A72A	54.24	404	398
UniRef90_A0A0C2FDW0	48.89	404	411
UniRef90_UPI0006E2ACF1	45.29	404	394
UniRef90_UPI000382C643	48.19	404	397
UniRef90_B5HYA4	46.95	404	398
UniRef90_A0A0G9MNF5	46.80	404	410
UniRef90_A0A094ITH6	45.14	404	415
UniRef90_W4HGK9	50.65	404	395
UniRef90_UPI00056D9AF1	46.95	404	396
UniRef90_UPI00069A6364	49.47	404	385
UniRef90_A3V7P3	48.70	404	402
UniRef90_A0A068SUY2	52.33	404	397
UniRef90_F2G9F4	43.47	404	411
UniRef90_A0A059INI2	54.24	404	398
UniRef90_UPI0006F287A5	51.25	404	405
UniRef90_UPI0006F59122	51.41	404	397
UniRef90_UPI00031D1A5E	49.87	404	395
UniRef90_UPI0006FCEE93	45.50	404	398
UniRef90_A0A0A1PPL2	48.01	404	428
UniRef90_UPI0005AB8DF8	45.30	404	422
UniRef90_A0A0L8LEV2	44.97	404	400
UniRef90_UPI00037D9BE3	47.21	404	409
UniRef90_UPI00068C37EF	45.75	404	414
UniRef90_A0A0B5EZM4	43.65	404	457
UniRef90_G2P9Y9	45.06	404	599
UniRef90_UPI000691BB22	50.38	404	415
UniRef90_L1L2F9	41.94	404	430
UniRef90_A0A0F7VQU2	46.10	404	398
UniRef90_A0A0B4E2B0	50.90	404	397
UniRef90_UPI000566F187	47.10	404	394
UniRef90_D7CCR8	45.10	404	414
UniRef90_A0A0F9W3R3	45.52	404	415
UniRef90_D3P4C7	54.24	404	397
UniRef90_UPI000370B65B	47.01	404	410
UniRef90_UPI000418E469	45.77	404	405
UniRef90_L8PBY9	45.96	404	418
UniRef90_A0A0N0IKB2	44.28	404	415
UniRef90_UPI000566CE8B	48.39	404	406
UniRef90_G2GGL1	45.84	404	396
UniRef90_UPI000464D4E6	50.90	404	397
UniRef90_G4QI83	43.53	404	459
UniRef90_A0A0H4VJN2	46.00	404	405
UniRef90_A0A0D1CPV7	48.57	404	395
UniRef90_K6YC39	43.25	404	423
UniRef90_A0A0D0QC17	52.97	404	394
UniRef90_UPI000421B8AE	52.42	404	398
UniRef90_UPI0006FA7807	50.50	404	407
UniRef90_UPI00030D3016	51.99	404	417
UniRef90_V7EGV9	54.79	404	364
UniRef90_A0A0B3XJR4	43.72	404	411
UniRef90_A0A0M2N2L9	47.72	404	394
UniRef90_UPI0003FD989D	51.67	404	397
UniRef90_UPI00046A4E87	49.61	404	396
UniRef90_UPI000495A040	52.97	404	397
UniRef90_UPI0006FE6802	51.36	404	411
UniRef90_A0A0N0IMV2	45.50	404	413
UniRef90_UPI0003FFDB68	49.87	404	397
UniRef90_M3FLY3	44.99	404	421
UniRef90_UPI00068D8EF5	47.12	404	409
