UniRef90_Q9X519	99.61	509	511
UniRef90_M5JAI8	88.41	509	511
UniRef90_UPI0005D0F399	86.42	509	511
UniRef90_A0A0H4NZ01	85.43	509	511
UniRef90_A0A0M2PJC7	84.65	509	511
UniRef90_A0A077J655	84.84	509	510
UniRef90_I3DUA6	84.84	509	511
UniRef90_UPI0004270CF8	84.25	509	510
UniRef90_A0A084GMW7	84.45	509	511
UniRef90_UPI0002885DF3	82.68	509	510
UniRef90_UPI0004087B8F	81.30	509	510
UniRef90_UPI0005A9484E	81.50	509	511
UniRef90_D5DNA8	82.28	509	510
UniRef90_UPI000363603C	81.89	509	511
UniRef90_A0A0A6VFW9	81.50	509	511
UniRef90_UPI0006A7EEAD	80.91	509	510
UniRef90_A0A0M0X1J5	81.10	509	511
UniRef90_UPI0002F42E6E	81.58	509	512
UniRef90_UPI0006EC0851	80.91	509	511
UniRef90_UPI0002F1BB7A	81.30	509	511
UniRef90_U5LFG3	80.31	509	511
UniRef90_Q65EN1	83.07	509	511
UniRef90_A0A0M4FHU9	80.55	509	511
UniRef90_E5WFN2	80.91	509	511
UniRef90_A0A0M0KEB7	82.28	509	509
UniRef90_P39773	80.71	509	511
UniRef90_K6CJU5	80.12	509	510
UniRef90_R9C090	81.30	509	511
UniRef90_UPI00067EA8B5	80.71	509	511
UniRef90_A0A098F4A5	80.08	509	511
UniRef90_UPI0005A8E63D	80.71	509	509
UniRef90_UPI0003A23AC1	80.12	509	511
UniRef90_UPI000404A6D3	79.33	509	511
UniRef90_UPI00050961C4	81.30	509	511
UniRef90_A0A084HE02	80.71	509	509
UniRef90_A0A0M2T3N6	79.29	509	512
UniRef90_F7Z5W1	78.94	509	511
UniRef90_A0A0M4GLM0	78.94	509	510
UniRef90_A0A0D6ZFB0	78.70	509	515
UniRef90_A8FHJ1	79.53	509	511
UniRef90_A0A0H4KM37	80.31	509	510
UniRef90_A0A0K9G8L6	79.13	509	511
UniRef90_A0A0J5TDI8	78.94	509	511
UniRef90_UPI0006F702E1	79.53	509	510
UniRef90_A0A098F6E2	78.35	509	511
UniRef90_UPI0001851272	78.15	509	511
UniRef90_N0B4S8	78.35	509	510
UniRef90_A6CTF8	77.95	509	511
UniRef90_UPI0002EE15CA	79.13	509	511
UniRef90_A0A090IY87	77.36	509	511
UniRef90_A0A0J5GXG1	78.15	509	511
UniRef90_Q9K716	78.54	509	510
UniRef90_UPI0003FBBFD4	79.92	509	511
UniRef90_UPI000413D8C6	79.33	509	511
UniRef90_Q81X77	78.50	509	509
UniRef90_UPI00034A9398	77.76	509	510
UniRef90_K6DI07	76.92	509	511
UniRef90_A0A0K9GYP4	77.17	509	511
UniRef90_UPI000305ED33	76.97	509	511
UniRef90_A0A0N0HE76	76.48	509	513
UniRef90_W4QIZ8	76.77	509	510
UniRef90_A0A0A5FZG1	75.79	509	512
UniRef90_Q5WDK8	76.13	509	510
UniRef90_A0A0J6FRP2	76.53	509	510
UniRef90_A0A0A2TEQ5	75.99	509	515
UniRef90_I8AMW4	76.77	509	511
UniRef90_A0A0K0GC98	75.83	509	513
UniRef90_E6TRC8	75.25	509	512
UniRef90_UPI0006A7A084	77.71	509	511
UniRef90_A0A094WIF6	75.79	509	515
UniRef90_W4Q796	75.59	509	511
UniRef90_A0A0A5G3E2	75.35	509	514
UniRef90_UPI00055004BB	75.49	509	509
UniRef90_UPI0003662214	75.00	509	511
UniRef90_A0A0A0E968	79.04	509	478
UniRef90_A0A0C2XY80	75.59	509	511
UniRef90_UPI0003F8056B	73.92	509	512
UniRef90_W7ZBL9	74.56	509	512
UniRef90_UPI0003FF9256	75.69	509	513
UniRef90_UPI00048AB48F	75.00	509	512
UniRef90_X0R980	74.80	509	512
UniRef90_D3FY94	74.21	509	509
UniRef90_A0A0J5R269	74.80	509	510
UniRef90_A0A0L0QNI1	74.90	509	512
UniRef90_A0A0A5GLL7	73.23	509	516
UniRef90_F5L4L9	73.72	509	512
UniRef90_UPI0002DC13D5	73.52	509	513
UniRef90_UPI00037F0103	73.62	509	511
UniRef90_UPI0006D1CE3C	74.21	509	516
UniRef90_UPI000493506F	73.96	509	512
UniRef90_A0A0F5I7S8	74.16	509	511
UniRef90_A0A060M0K9	73.77	509	510
UniRef90_UPI00046850F1	73.91	509	512
UniRef90_UPI000417EDBE	73.12	509	512
UniRef90_UPI000225AE67	72.73	509	512
UniRef90_UPI0003689B61	73.52	509	513
UniRef90_UPI000422B6C5	73.12	509	512
UniRef90_V6MB45	73.72	509	513
UniRef90_A0A075JQ60	73.52	509	512
UniRef90_M8D9W6	72.78	509	513
UniRef90_UPI0005F84B27	72.83	509	511
UniRef90_C0Z6L4	72.92	509	513
UniRef90_A0A024QAZ7	73.12	509	511
UniRef90_N4W9F1	72.76	509	512
UniRef90_UPI00063F83FD	71.88	509	511
UniRef90_X1RZN8	73.35	509	501
UniRef90_L0EIS5	72.92	509	512
UniRef90_UPI000424E7D6	72.53	509	511
UniRef90_UPI0005558DD6	81.82	509	452
UniRef90_A0A0F5R6E3	71.06	509	512
UniRef90_UPI00037B32BD	71.74	509	515
UniRef90_UPI0005CC0649	72.44	509	514
UniRef90_UPI00040C57D2	71.94	509	510
UniRef90_A0A094LY24	72.13	509	513
UniRef90_A0A081NUC2	71.34	509	514
UniRef90_UPI00051A87EC	71.40	509	513
UniRef90_W9ABU9	71.74	509	511
UniRef90_A0A0D5NJD4	71.54	509	512
UniRef90_P59174	71.94	509	512
UniRef90_A0A0A1MNK7	72.13	509	512
UniRef90_F5SGJ1	73.18	509	511
UniRef90_H3SM92	70.75	509	513
UniRef90_A0A075LUR5	74.11	509	512
UniRef90_A0A0D1VYE0	71.29	509	510
UniRef90_UPI0002626892	70.41	509	512
UniRef90_UPI0003F7AFCC	70.50	509	515
UniRef90_UPI00041825DA	71.06	509	512
UniRef90_W4VHB0	74.17	509	491
UniRef90_A0A015KP69	71.54	509	513
UniRef90_UPI000416B365	71.94	509	512
UniRef90_UPI000289B18C	71.60	509	513
UniRef90_E0ID94	70.95	509	510
UniRef90_UPI0004090BB0	70.55	509	512
UniRef90_UPI0004229286	69.55	509	512
UniRef90_D3E8D7	70.75	509	514
UniRef90_UPI0003A540E6	70.36	509	513
UniRef90_V9W4R8	70.55	509	512
UniRef90_K4ZR27	69.57	509	512
UniRef90_E3EGE8	70.55	509	514
UniRef90_C6CSX1	70.55	509	511
UniRef90_L5NBY1	68.99	509	511
UniRef90_A0A0C2UYZ7	69.57	509	512
UniRef90_A0A089HFN0	70.36	509	514
UniRef90_UPI00037A8D63	70.89	509	513
UniRef90_UPI00048D54CD	69.96	509	510
UniRef90_UPI00028A24C2	70.41	509	512
UniRef90_UPI00047925AB	69.37	509	510
UniRef90_A0A059NXX2	69.64	509	511
UniRef90_D6Y130	69.55	509	512
UniRef90_C6J1H5	68.58	509	515
UniRef90_K0J437	69.76	509	511
UniRef90_A0A0A2U7E6	69.17	509	514
UniRef90_F5LKN8	69.49	509	513
UniRef90_A0A0M9BL57	68.97	509	514
UniRef90_UPI00035C9249	70.08	509	513
UniRef90_UPI0004055E09	68.06	509	512
UniRef90_X4Z5P4	69.17	509	514
UniRef90_W7YWX8	68.77	509	514
UniRef90_UPI0003196054	68.18	509	511
UniRef90_A0A0A3J1E3	70.02	509	514
UniRef90_A0A074LJW1	69.17	509	511
UniRef90_UPI0005AAC6EE	70.08	509	512
UniRef90_A0A0B0D6R5	69.38	509	512
UniRef90_UPI000424898C	67.79	509	512
UniRef90_A0A0A3I949	70.41	509	512
UniRef90_UPI000372F0A8	67.91	509	510
UniRef90_B1HVS3	69.43	509	513
UniRef90_UPI000404DFA5	67.32	509	511
UniRef90_UPI0002E255C4	69.43	509	513
UniRef90_A0A0B5AVI4	69.50	509	510
UniRef90_A0A089LKB7	67.52	509	514
UniRef90_A0A0D3VGZ0	67.19	509	514
UniRef90_W7C5B3	69.09	509	510
UniRef90_A0A075R9K4	68.77	509	512
UniRef90_A0A0A3HTE9	69.43	509	511
UniRef90_F8FL02	69.70	509	514
UniRef90_A0A0M9X359	68.64	509	513
UniRef90_I0JQC4	67.66	509	512
UniRef90_K1L2J1	68.50	509	513
UniRef90_Q8Y4I4	67.91	509	510
UniRef90_A0A0C2VM96	69.29	509	510
UniRef90_A0A0A3IH89	70.67	509	519
UniRef90_UPI0004031E9F	69.57	509	508
UniRef90_D7UWG9	67.32	509	510
UniRef90_A0A0C2RPU0	68.70	509	510
UniRef90_M1ZLY0	69.20	509	493
UniRef90_W4EQE3	67.59	509	508
UniRef90_UPI0004969861	68.51	509	504
UniRef90_K1LGR8	67.85	509	511
UniRef90_A0A0A8JE23	69.90	509	506
UniRef90_UPI0003758A7F	68.18	509	512
UniRef90_UPI000289D812	68.91	509	508
UniRef90_S2YFP2	67.39	509	514
UniRef90_UPI000288FE9A	69.50	509	508
UniRef90_UPI0003025542	67.19	509	514
UniRef90_D5WR88	65.48	509	511
UniRef90_W1Q6C5	67.91	509	509
UniRef90_UPI00035C59E6	66.60	509	513
UniRef90_K2HBN4	68.24	509	512
UniRef90_D0BNZ6	67.72	509	509
UniRef90_A0A087N0D9	67.79	509	512
UniRef90_UPI000412440C	66.80	509	514
UniRef90_UPI00047EA76A	66.01	509	512
UniRef90_V6QDI8	66.73	509	507
UniRef90_UPI000555314E	66.73	509	509
UniRef90_UPI0004958941	68.32	509	508
UniRef90_K8EJS1	67.32	509	509
UniRef90_A0A098EMB9	67.06	509	510
UniRef90_A0A0M3RB98	68.50	509	512
UniRef90_UPI0003B386DC	64.83	509	510
UniRef90_UPI0004B8E71E	66.21	509	514
UniRef90_A0A011SFI4	65.16	509	509
UniRef90_UPI0003F4B3B9	65.35	509	509
UniRef90_E4KPA8	66.93	509	509
UniRef90_F4BLS9	65.94	509	509
UniRef90_UPI000380AD44	65.42	509	516
UniRef90_E7REW6	65.48	509	510
UniRef90_UPI00052FF39E	66.34	509	510
UniRef90_UPI0004814ABB	65.94	509	509
UniRef90_UPI00054E8510	65.68	509	509
UniRef90_UPI000686A948	64.44	509	524
UniRef90_M7P521	66.67	509	510
UniRef90_UPI0002FB74F9	64.44	509	514
UniRef90_UPI0006D56781	64.62	509	529
UniRef90_UPI000418FB17	64.44	509	511
UniRef90_D4YHL5	65.16	509	510
UniRef90_W3AEA7	65.29	509	510
UniRef90_F9DXN5	67.91	509	508
UniRef90_W7CR69	66.21	509	509
UniRef90_UPI0005908C36	66.40	509	506
UniRef90_UPI00059093C6	65.69	509	510
UniRef90_UPI00041139DE	64.43	509	527
UniRef90_A0A0K9T1T3	64.50	509	510
UniRef90_UPI0006D55CFC	64.64	509	517
UniRef90_UPI0006464700	65.16	509	509
UniRef90_H3NHW4	65.10	509	517
UniRef90_UPI0003B4C4CC	65.62	509	511
UniRef90_UPI000362F58E	63.78	509	511
UniRef90_I4X8S3	64.10	509	510
UniRef90_B9EAH0	64.17	509	511
UniRef90_A0A033V042	63.85	509	510
UniRef90_UPI00047049F6	65.03	509	510
UniRef90_UPI000472565E	66.21	509	506
UniRef90_C4L5H5	62.45	509	512
UniRef90_UPI000414527A	62.23	509	512
UniRef90_A0A061NZJ6	64.10	509	506
UniRef90_UPI00068E072E	62.85	509	509
UniRef90_UPI0002E120F6	62.43	509	512
UniRef90_UPI00065DC333	62.20	509	504
UniRef90_A0A0C2DNP0	63.04	509	508
UniRef90_B9DJJ8	62.60	509	505
UniRef90_B1YLD9	60.86	509	515
UniRef90_H3NBS2	61.02	509	509
UniRef90_A0A061P440	61.93	509	506
UniRef90_A0A0F7HJI9	61.98	509	508
UniRef90_Q5HQV1	62.28	509	505
UniRef90_UPI00035DC641	61.58	509	511
UniRef90_P64269	61.69	509	505
UniRef90_T0D0V9	61.93	509	524
UniRef90_K9E8Z9	59.45	509	511
UniRef90_A0A0N0I5T3	94.38	509	339
UniRef90_A0A069EXM1	59.22	509	525
UniRef90_Q4L4K6	61.81	509	505
UniRef90_A0A0A8HRU5	61.69	509	506
UniRef90_S0NZ38	60.16	509	507
UniRef90_I7KM27	60.51	509	505
UniRef90_K9AM88	60.43	509	504
UniRef90_E8SKF3	61.42	509	505
UniRef90_U2FME3	60.54	509	515
UniRef90_Q49W02	60.43	509	505
UniRef90_C0GFB5	59.84	509	519
UniRef90_UPI00041E9F5B	60.43	509	507
UniRef90_S2XMI6	61.18	509	506
UniRef90_UPI000412CC59	59.29	509	502
UniRef90_C8VXZ8	59.14	509	513
UniRef90_D5XC91	60.12	509	521
UniRef90_UPI0004E22DB1	59.02	509	515
UniRef90_A0A078M2J1	59.33	509	507
UniRef90_B0K881	60.47	509	514
UniRef90_J9HKQ3	60.08	509	506
UniRef90_A4XKV1	60.47	509	511
UniRef90_A0A0D6XR56	60.43	509	505
UniRef90_UPI0004043409	59.88	509	503
UniRef90_F8IEF9	60.63	509	521
UniRef90_R5UYA9	60.20	509	506
UniRef90_A0A0F2PM75	57.93	509	521
UniRef90_A0A096BGG8	59.77	509	510
UniRef90_W7UEU9	58.74	509	506
UniRef90_G2FZ18	58.43	509	514
UniRef90_UPI000484CD19	59.61	509	513
UniRef90_F6CN82	60.90	509	515
UniRef90_UPI00037D6F54	57.81	509	516
UniRef90_R7KPB9	57.17	509	506
UniRef90_B8CYG0	56.97	509	512
UniRef90_A0A0H5SE67	57.42	509	514
UniRef90_Q3AFC9	58.19	509	506
UniRef90_U2EB50	60.12	509	513
UniRef90_B1I0X9	58.38	509	509
UniRef90_R5BII1	58.87	509	511
UniRef90_K4LD76	59.30	509	513
UniRef90_D4W747	58.14	509	513
UniRef90_F6B4K9	57.65	509	517
UniRef90_A4J8T8	56.75	509	516
UniRef90_I7KTC7	59.61	509	510
UniRef90_R6NIR7	57.76	509	504
UniRef90_F6DNA7	57.14	509	516
UniRef90_E7GE31	58.19	509	505
UniRef90_F6B4W3	56.86	509	517
UniRef90_Q8XKU2	58.67	509	512
UniRef90_A0A0G3W8L9	58.32	509	511
UniRef90_W0U9L3	60.27	509	507
UniRef90_UPI0001E2DEB0	59.61	509	511
UniRef90_K8DY30	58.12	509	517
UniRef90_B0TGK1	58.09	509	517
UniRef90_A0A062V917	58.07	509	508
UniRef90_A5CYN6	56.47	509	545
UniRef90_R7GZB3	58.90	509	506
UniRef90_Q0PIF9	57.17	509	538
UniRef90_R6PRK5	57.89	509	513
UniRef90_C0EAW9	59.69	509	510
UniRef90_A0A0A2U3K9	57.25	509	512
UniRef90_UPI00046F8CAC	57.59	509	515
UniRef90_R4KFN3	58.71	509	510
UniRef90_A0A0E3SH41	59.61	509	517
UniRef90_I4AEA8	58.51	509	510
UniRef90_UPI0005590111	58.01	509	510
UniRef90_A0A084JC86	57.93	509	508
UniRef90_A0A0H3J5Z8	59.49	509	510
UniRef90_W0EBT8	58.79	509	517
UniRef90_R5DB65	57.89	509	512
UniRef90_F7V6T2	57.23	509	515
UniRef90_A0PYP3	58.28	509	511
UniRef90_D9RZ27	56.64	509	514
UniRef90_G7WGA0	57.25	509	514
UniRef90_UPI000591075C	56.10	509	505
UniRef90_D4L6L8	58.98	509	503
UniRef90_M2Q0A4	56.75	509	515
UniRef90_A0A0J8D3P7	57.82	509	510
UniRef90_A0A037Z2Q8	57.78	509	512
UniRef90_F6BJ26	57.93	509	513
UniRef90_UPI0004811623	57.93	509	509
UniRef90_UPI00047AB8F3	58.71	509	505
UniRef90_UPI00047AEDE4	57.00	509	514
UniRef90_U2MC31	58.04	509	513
UniRef90_A0A078KPA4	57.28	509	505
UniRef90_Q2RLT9	57.34	509	513
UniRef90_UPI0006C8207A	58.48	509	506
UniRef90_R6LIK6	56.14	509	512
UniRef90_UPI00058D6CDB	57.93	509	508
UniRef90_A0A0L0WF58	57.23	509	512
UniRef90_A0A0B7MB14	56.45	509	513
UniRef90_A0A0C1UFA1	57.53	509	509
UniRef90_C5VQM2	58.09	509	511
UniRef90_N2B8U1	56.53	509	512
UniRef90_R6D260	57.73	509	504
UniRef90_UPI0006B679E5	58.01	509	509
UniRef90_UPI0005D1DE19	57.40	509	493
UniRef90_A0A0L6ZCP7	56.84	509	511
UniRef90_R7QTK4	57.50	509	513
UniRef90_UPI000467D7E2	56.34	509	513
UniRef90_UPI00066972F8	58.17	509	511
UniRef90_UPI00048A55FC	56.08	509	515
UniRef90_UPI0004785F7E	55.45	509	519
UniRef90_UPI0004800D81	59.61	509	516
UniRef90_UPI0006E21363	56.75	509	510
UniRef90_A0A0C7NGN9	57.45	509	513
UniRef90_UPI00036A083E	57.34	509	514
UniRef90_R5A851	56.69	509	503
UniRef90_UPI0006462F2C	57.56	509	506
UniRef90_A7B313	56.53	509	514
UniRef90_R6EH65	56.25	509	524
UniRef90_A0A0A7FSB6	57.70	509	510
UniRef90_A3DBQ2	59.22	509	511
UniRef90_R6HG24	56.36	509	513
UniRef90_G1WMC5	56.53	509	512
UniRef90_A0A0G0LRJ6	56.45	509	513
UniRef90_R6TFX7	56.75	509	505
UniRef90_R6R4V0	57.20	509	506
UniRef90_C4IDZ1	57.39	509	512
UniRef90_R7C551	55.08	509	509
UniRef90_R7MR97	56.12	509	506
UniRef90_J7IWX5	58.24	509	512
UniRef90_A7G9Y2	56.16	509	509
UniRef90_A0A0F2JCH2	55.77	509	514
UniRef90_UPI000480B932	57.12	509	513
UniRef90_Q24MW4	57.93	509	510
UniRef90_D7CPG8	56.89	509	513
UniRef90_UPI00047E4125	58.32	509	509
UniRef90_E4RN75	57.89	509	514
UniRef90_R7RTN7	57.42	509	510
UniRef90_L0KAF1	56.56	509	511
UniRef90_H5Y0E2	56.86	509	514
UniRef90_A0A0A8W9F2	58.01	509	509
UniRef90_K4L5N9	56.95	509	516
UniRef90_UPI00069EC36A	61.19	509	493
UniRef90_F0Z4J2	55.95	509	512
UniRef90_U2R936	56.61	509	505
UniRef90_W6SEQ3	58.32	509	506
UniRef90_A0A0F2NH76	57.06	509	516
UniRef90_B0G595	56.34	509	512
UniRef90_F0T1Q2	55.99	509	542
UniRef90_R6M4C9	56.64	509	505
UniRef90_UPI00051BF02C	55.49	509	515
UniRef90_U2EZM6	57.45	509	504
UniRef90_A5KKG1	56.14	509	514
UniRef90_UPI00059A9A47	54.53	509	504
UniRef90_A0A0K8J6M1	55.36	509	514
UniRef90_R6R1J7	56.05	509	515
UniRef90_R5SXN5	56.47	509	511
UniRef90_R6HVL1	56.47	509	505
UniRef90_UPI000558FF47	57.70	509	513
UniRef90_R6SIV8	56.14	509	513
UniRef90_UPI0005097AD8	56.23	509	512
UniRef90_A0B5J2	56.97	509	505
UniRef90_A0A0L8F1B9	58.51	509	509
UniRef90_R6QL24	55.77	509	509
UniRef90_B2TPW7	55.45	509	512
UniRef90_R5AC68	56.75	509	515
UniRef90_R6UBY0	55.17	509	513
UniRef90_I4DC85	55.86	509	514
UniRef90_UPI00056E352C	58.20	509	503
UniRef90_B0PCE9	56.86	509	512
UniRef90_Q8TIY2	55.86	509	521
UniRef90_R7IMT6	55.36	509	512
UniRef90_UPI0005099E7F	54.99	509	509
UniRef90_U4Q9C2	56.64	509	514
UniRef90_A0A0J1F7A4	56.95	509	525
UniRef90_A0A0M2U533	56.13	509	511
UniRef90_A5Z9K7	56.34	509	513
UniRef90_UPI0006B604C2	55.58	509	519
UniRef90_Q181T7	56.84	509	510
UniRef90_R5KWZ2	56.03	509	514
UniRef90_R6GEC5	55.95	509	513
UniRef90_G8LY96	58.86	509	512
UniRef90_A0A0E3MAR6	57.73	509	507
UniRef90_Q97L53	57.62	509	510
UniRef90_F3AIV0	55.56	509	512
UniRef90_R5NIX6	55.06	509	513
UniRef90_UPI0005B29046	56.56	509	513
UniRef90_UPI00067EBB71	55.97	509	509
UniRef90_E3DPS6	56.16	509	513
UniRef90_B0P384	55.75	509	518
UniRef90_B1C0A7	55.91	509	505
UniRef90_A6BJD9	54.39	509	512
UniRef90_F4BZX6	54.31	509	509
UniRef90_D4J8D3	55.95	509	513
UniRef90_UPI000557CB92	56.27	509	515
UniRef90_K0AZG8	56.84	509	510
UniRef90_L0FAB6	55.10	509	515
UniRef90_N1ZQY8	55.75	509	515
UniRef90_F5T7K2	56.56	509	510
UniRef90_R6UAN6	56.89	509	512
UniRef90_R7F9H3	57.45	509	505
UniRef90_G2T187	55.56	509	513
UniRef90_R8VTT5	57.06	509	559
UniRef90_R5KCC3	54.58	509	516
UniRef90_UPI0004137BBB	56.45	509	515
UniRef90_Q46D52	56.78	509	517
UniRef90_UPI000480D0F1	58.04	509	513
UniRef90_D4LE84	56.05	509	505
UniRef90_D9QU81	58.08	509	518
UniRef90_G9RNN8	57.42	509	506
UniRef90_R5SCP2	54.58	509	514
UniRef90_R5HJD1	55.27	509	512
UniRef90_R9LM38	56.86	509	505
UniRef90_D7GUD6	55.36	509	514
UniRef90_R5Z9M7	55.69	509	510
UniRef90_R5Q9F3	55.42	509	506
UniRef90_E2NVD8	55.49	509	508
UniRef90_A4J0T2	55.51	509	516
UniRef90_A0A088T3X9	55.62	509	504
UniRef90_A0A0L6JRR5	57.76	509	511
UniRef90_B0A7E6	57.23	509	508
UniRef90_N9WHM8	56.25	509	510
UniRef90_UPI000423F71B	58.32	509	509
UniRef90_R6Z3J4	54.49	509	509
UniRef90_R7JXC9	55.17	509	513
UniRef90_R5MN69	56.59	509	510
UniRef90_UPI0004158D36	57.62	509	513
UniRef90_W9DRB0	55.51	509	515
UniRef90_R6Y9V5	55.80	509	508
UniRef90_UPI0006C3A642	55.56	509	511
UniRef90_K4MEI3	55.69	509	524
UniRef90_R7F4Q6	56.08	509	510
UniRef90_UPI0003B55315	55.47	509	516
UniRef90_E6U866	57.37	509	506
UniRef90_UPI0004868884	54.47	509	514
UniRef90_R6NG55	56.27	509	513
UniRef90_UPI00047CAF98	57.53	509	511
UniRef90_A6LR07	56.61	509	512
UniRef90_N2ABP5	54.19	509	514
UniRef90_A0A0B5FNL5	55.36	509	516
UniRef90_R5PFP3	55.06	509	513
UniRef90_R5Z734	55.64	509	513
UniRef90_B7ATX1	55.56	509	531
UniRef90_A0A0B3VLE7	56.14	509	509
UniRef90_UPI0006D8621E	54.97	509	511
UniRef90_R5N933	55.47	509	510
UniRef90_R5JLN9	54.97	509	513
UniRef90_R6WF64	54.78	509	514
UniRef90_Q9X519	99.61	509	511
UniRef90_A0A0N0HE76	76.48	509	513
UniRef90_UPI0003689B61	73.23	509	513
UniRef90_A0A077J655	84.84	509	510
UniRef90_I3DUA6	84.84	509	511
UniRef90_K6DI07	76.92	509	511
UniRef90_UPI0006EC0851	80.91	509	511
UniRef90_P39773	80.71	509	511
UniRef90_UPI0005D0F399	86.42	509	511
UniRef90_A0A0A6VFW9	81.50	509	511
UniRef90_UPI0004087B8F	81.30	509	510
UniRef90_A0A0H4NZ01	85.43	509	511
UniRef90_UPI0003FF9256	75.69	509	513
UniRef90_A0A0M4FHU9	80.55	509	511
UniRef90_UPI000363603C	81.89	509	511
UniRef90_D5DNA8	82.28	509	510
UniRef90_UPI0002DC13D5	73.52	509	513
UniRef90_F5L4L9	73.72	509	512
UniRef90_L0EIS5	72.64	509	512
UniRef90_A0A0J5TDI8	78.94	509	511
UniRef90_A0A090IY87	77.36	509	511
UniRef90_UPI0005A9484E	81.50	509	511
UniRef90_K6CJU5	80.12	509	510
UniRef90_A0A0M2PJC7	84.65	509	511
UniRef90_UPI00050961C4	81.30	509	511
UniRef90_UPI0004270CF8	84.25	509	510
UniRef90_UPI000424E7D6	72.24	509	511
UniRef90_M8D9W6	72.78	509	513
UniRef90_UPI000404A6D3	79.33	509	511
UniRef90_UPI0002885DF3	82.68	509	510
UniRef90_A0A0D1VYE0	71.29	509	510
UniRef90_UPI0006A7EEAD	80.91	509	510
UniRef90_UPI0002F1BB7A	81.30	509	511
UniRef90_Q9K716	78.54	509	510
UniRef90_UPI000413D8C6	79.33	509	511
UniRef90_UPI0003A23AC1	80.12	509	511
UniRef90_V6MB45	73.72	509	513
UniRef90_M5JAI8	88.41	509	511
UniRef90_UPI0002EE15CA	79.13	509	511
UniRef90_A0A0D5NJD4	71.26	509	512
UniRef90_A0A0M0KEB7	82.28	509	509
UniRef90_A0A084HE02	80.71	509	509
UniRef90_A0A098F6E2	78.35	509	511
UniRef90_A8FHJ1	79.53	509	511
UniRef90_UPI0006F702E1	79.53	509	510
UniRef90_UPI0002F42E6E	81.58	509	512
UniRef90_F7Z5W1	78.94	509	511
UniRef90_UPI00063F83FD	71.88	509	511
UniRef90_A0A094LY24	72.13	509	513
UniRef90_UPI00037B32BD	71.74	509	515
UniRef90_E3EGE8	70.28	509	514
UniRef90_U5LFG3	80.31	509	511
UniRef90_A0A0K9G8L6	79.13	509	511
UniRef90_A0A084GMW7	84.45	509	511
UniRef90_UPI0001851272	78.15	509	511
UniRef90_W4QIZ8	76.77	509	510
UniRef90_UPI0005A8E63D	80.71	509	509
UniRef90_UPI00034A9398	77.76	509	510
UniRef90_A4XKV1	60.47	509	511
UniRef90_UPI00041825DA	71.06	509	512
UniRef90_A0A0F5R6E3	71.06	509	512
UniRef90_UPI00067EA8B5	80.71	509	511
UniRef90_UPI0003FBBFD4	79.92	509	511
UniRef90_UPI000305ED33	76.97	509	511
UniRef90_R9C090	81.30	509	511
UniRef90_A0A0M0X1J5	81.10	509	511
UniRef90_UPI00055004BB	75.49	509	509
UniRef90_A0A0M4GLM0	78.94	509	510
UniRef90_A0A098F4A5	80.08	509	511
UniRef90_C0Z6L4	72.92	509	513
UniRef90_UPI00051A87EC	71.40	509	513
UniRef90_N0B4S8	78.35	509	510
UniRef90_A0A0M2T3N6	79.29	509	512
UniRef90_E6TRC8	75.25	509	512
UniRef90_UPI0006A7A084	77.71	509	511
UniRef90_R5DB65	57.89	509	512
UniRef90_E5WFN2	80.91	509	511
UniRef90_R6GEC5	55.95	509	513
UniRef90_H3SM92	70.47	509	513
UniRef90_Q5WDK8	76.13	509	510
UniRef90_B0G595	56.14	509	512
UniRef90_UPI00046850F1	73.91	509	512
UniRef90_R6PRK5	57.89	509	513
UniRef90_A6BJD9	54.19	509	512
UniRef90_R7JXC9	55.17	509	513
UniRef90_E0ID94	70.67	509	510
UniRef90_I8AMW4	76.77	509	511
UniRef90_R5HJD1	55.27	509	512
UniRef90_G2T187	55.56	509	513
UniRef90_UPI000225AE67	72.73	509	512
UniRef90_A6CTF8	77.95	509	511
UniRef90_UPI00048AB48F	75.00	509	512
UniRef90_K4ZR27	69.29	509	512
UniRef90_A0A0K9GYP4	77.17	509	511
UniRef90_Q65EN1	83.07	509	511
UniRef90_UPI0005F84B27	72.83	509	511
UniRef90_G1WMC5	56.34	509	512
UniRef90_F5LKN8	69.76	509	513
UniRef90_A0A015KP69	71.26	509	513
UniRef90_A0A094WIF6	75.79	509	515
UniRef90_A0A0J6FRP2	76.53	509	510
UniRef90_UPI00040C57D2	71.94	509	510
UniRef90_A5KKG1	56.14	509	514
UniRef90_A7B313	56.53	509	514
UniRef90_A0A0C2XY80	75.59	509	511
UniRef90_D3E8D7	70.47	509	514
UniRef90_A0A0H4KM37	80.31	509	510
UniRef90_A5ZPA6	54.00	509	513
UniRef90_F3AIV0	55.56	509	512
UniRef90_Q81X77	78.50	509	509
UniRef90_C6J8W4	53.80	509	513
UniRef90_R5KCC3	54.58	509	516
UniRef90_R5R202	54.78	509	513
UniRef90_A0A0C2UYZ7	69.29	509	512
UniRef90_D7GUD6	55.36	509	514
UniRef90_C6CSX1	70.28	509	511
UniRef90_R6SIV8	56.14	509	513
UniRef90_A0A0F5I7S8	74.16	509	511
UniRef90_UPI00035C9249	70.08	509	513
UniRef90_C6J1H5	68.31	509	515
UniRef90_X0R980	74.80	509	512
UniRef90_UPI0003F8056B	73.92	509	512
UniRef90_A0A078KPA4	57.28	509	505
UniRef90_A0A0D6ZFB0	78.70	509	515
UniRef90_N2B8U1	56.53	509	512
UniRef90_R6LIK6	56.14	509	512
UniRef90_A0A089HFN0	70.08	509	514
UniRef90_UPI00048D54CD	69.96	509	510
UniRef90_D4J8D3	55.95	509	513
UniRef90_R5AC68	56.64	509	515
UniRef90_A0A0A2TEQ5	76.14	509	515
UniRef90_UPI000416B365	71.65	509	512
UniRef90_C6LIZ3	55.75	509	518
UniRef90_A0A0A2U7E6	68.90	509	514
UniRef90_A0A0L0QNI1	74.90	509	512
UniRef90_UPI0006D1CE3C	74.21	509	516
UniRef90_UPI00046F8CAC	57.50	509	515
UniRef90_C0EZL0	54.58	509	514
UniRef90_W7ZBL9	74.56	509	512
UniRef90_W4Q796	75.59	509	511
UniRef90_A0A081NUC2	71.34	509	514
UniRef90_UPI00037F0103	73.62	509	511
UniRef90_Q8XKU2	58.48	509	512
UniRef90_X1RZN8	73.35	509	501
UniRef90_A0A096BGG8	59.77	509	510
UniRef90_W7YWX8	68.50	509	514
UniRef90_UPI0005CC0649	72.44	509	514
UniRef90_A0A0D3VGZ0	66.93	509	514
UniRef90_A0A0K0GC98	75.83	509	513
UniRef90_R6VDY6	55.56	509	513
UniRef90_R6D260	57.06	509	504
UniRef90_A0A060M0K9	73.77	509	510
UniRef90_X4Z5P4	68.90	509	514
UniRef90_UPI0006C1861A	53.61	509	512
UniRef90_A0A0A5G3E2	74.90	509	514
UniRef90_D3FY94	74.21	509	509
UniRef90_F0Z4J2	55.95	509	512
UniRef90_A0A0J5R269	74.80	509	510
UniRef90_UPI0003F7AFCC	70.50	509	515
UniRef90_R7HTU8	54.78	509	514
UniRef90_A0A0D0QM91	54.78	509	513
UniRef90_R5Z734	55.64	509	513
UniRef90_A0A0A3I949	70.41	509	512
UniRef90_A0A0M9BL57	68.70	509	514
UniRef90_A0A0A5GLL7	73.52	509	516
UniRef90_UPI00047925AB	69.09	509	510
UniRef90_R5A851	56.69	509	503
UniRef90_G5IKB3	54.86	509	513
UniRef90_A5Z9K7	56.34	509	513
UniRef90_UPI000467D7E2	56.34	509	513
UniRef90_R6ET79	53.61	509	513
UniRef90_D6Y130	69.55	509	512
UniRef90_A0A0J1GCQ4	55.75	509	527
UniRef90_UPI00028A24C2	70.41	509	512
UniRef90_F7V6T2	57.03	509	515
UniRef90_R7QTK4	57.50	509	513
UniRef90_L5NBY1	68.99	509	511
UniRef90_UPI000417EDBE	73.12	509	512
UniRef90_D5XC91	60.00	509	521
UniRef90_V9W4R8	70.55	509	512
UniRef90_R6Y9V5	55.60	509	508
UniRef90_A0A075LUR5	74.11	509	512
UniRef90_A0A075JQ60	73.52	509	512
UniRef90_A0A0A5FZG1	75.94	509	512
UniRef90_A7G9Y2	56.16	509	509
UniRef90_R7IMT6	55.17	509	512
UniRef90_UPI0004B8E71E	66.21	509	514
UniRef90_N1ZQY8	55.75	509	515
UniRef90_UPI000422B6C5	73.12	509	512
UniRef90_R6R4V0	57.06	509	506
UniRef90_R5FHM8	54.09	509	513
UniRef90_N2ABP5	54.19	509	514
UniRef90_UPI0005D1DCE5	55.08	509	513
UniRef90_UPI00037A8D63	70.89	509	513
UniRef90_R6UBY0	55.36	509	513
UniRef90_R5PFP3	54.58	509	513
UniRef90_A0A0H5SE67	57.42	509	514
UniRef90_R7RTN7	57.53	509	510
UniRef90_UPI000424898C	67.52	509	512
UniRef90_V2Y5U3	54.30	509	519
UniRef90_UPI0003662214	75.00	509	511
UniRef90_UPI000463B63C	53.22	509	512
UniRef90_UPI0004090BB0	70.55	509	512
UniRef90_R9LM38	56.86	509	505
UniRef90_R6NIR7	57.76	509	504
UniRef90_R5LXG2	54.09	509	514
UniRef90_UPI0006D8621E	54.78	509	511
UniRef90_R9MP78	53.80	509	513
UniRef90_W4EQE3	67.46	509	508
UniRef90_UPI0004229286	69.69	509	512
UniRef90_R6RZ92	53.61	509	513
UniRef90_A0A0J5GXG1	78.15	509	511
UniRef90_A0A074LJW1	69.17	509	511
UniRef90_F7KAX2	54.00	509	513
UniRef90_F6B4K9	57.65	509	517
UniRef90_U2EB50	59.73	509	513
UniRef90_UPI0003FD7BF6	54.30	509	514
UniRef90_UPI000380AD44	65.16	509	516
UniRef90_R5J542	53.70	509	514
UniRef90_R5VM69	55.56	509	514
UniRef90_C0EAW9	59.69	509	510
UniRef90_R6ZHU4	54.19	509	513
UniRef90_UPI000493506F	73.96	509	512
UniRef90_UPI0003A540E6	70.36	509	513
UniRef90_R7N3A0	54.00	509	512
UniRef90_R6R1J7	56.05	509	515
UniRef90_R7H7L3	54.78	509	515
UniRef90_B0P384	55.75	509	518
UniRef90_A0PYP3	58.28	509	511
UniRef90_A0A089LKB7	67.52	509	514
UniRef90_B0K881	60.39	509	514
UniRef90_UPI0001E2DEB0	59.61	509	511
UniRef90_UPI00066972F8	57.78	509	511
UniRef90_UPI000591075C	56.50	509	505
UniRef90_R7AHB2	53.41	509	513
UniRef90_D9R620	53.22	509	512
UniRef90_R5V2J9	54.28	509	513
UniRef90_R6FNI5	53.11	509	513
UniRef90_E7GJ59	53.89	509	513
UniRef90_R6UDF9	54.67	509	513
UniRef90_A0A024QAZ7	73.12	509	511
UniRef90_A0A0A3J1E3	70.02	509	514
UniRef90_R7C551	54.88	509	509
UniRef90_W9ABU9	71.74	509	511
UniRef90_UPI0003B55315	55.47	509	516
UniRef90_A0A0A1MNK7	72.13	509	512
UniRef90_R5DRQ7	53.71	509	512
UniRef90_UPI0005AAC6EE	70.08	509	512
UniRef90_R5UYA9	60.20	509	506
UniRef90_R5SCP2	54.58	509	514
UniRef90_A0A0A7FSB6	57.03	509	510
UniRef90_R6HG24	56.36	509	513
UniRef90_R7GZB3	58.82	509	506
UniRef90_R5N933	55.47	509	510
UniRef90_A0A0B5AVI4	69.50	509	510
UniRef90_W1Q6C5	67.91	509	509
UniRef90_B0MGC9	54.00	509	520
UniRef90_R4KFN3	58.51	509	510
UniRef90_B1HVS3	69.43	509	513
UniRef90_UPI0006D55CFC	64.64	509	517
UniRef90_R7R6G5	53.31	509	513
UniRef90_K1LGR8	67.85	509	511
UniRef90_A0A0A3HTE9	69.43	509	511
UniRef90_C9L763	55.36	509	529
UniRef90_R9JRJ0	53.50	509	513
UniRef90_UPI0005590111	58.01	509	510
UniRef90_R6WF64	54.78	509	514
UniRef90_D4J2B2	51.36	509	514
UniRef90_UPI0004868884	54.47	509	514
UniRef90_R6BM60	56.34	509	513
UniRef90_UPI000405C9A1	54.88	509	513
UniRef90_UPI0002E255C4	69.43	509	513
UniRef90_R9JE83	54.28	509	514
UniRef90_A0A0M9X359	68.64	509	513
UniRef90_UPI0004E22DB1	59.02	509	515
UniRef90_R5BII1	58.98	509	511
UniRef90_A0A059NXX2	69.78	509	511
UniRef90_R6QL24	55.58	509	509
UniRef90_R5JLN9	54.97	509	513
UniRef90_R5NIX6	55.25	509	513
UniRef90_I7KTC7	59.22	509	510
UniRef90_A7VB11	53.41	509	514
UniRef90_N4W9F1	72.76	509	512
UniRef90_UPI0004055E09	68.19	509	512
UniRef90_R7NM99	56.30	509	503
UniRef90_C4IDZ1	56.92	509	512
UniRef90_UPI00058D6CDB	57.93	509	508
UniRef90_B7ATX1	55.56	509	531
UniRef90_UPI0006E21363	56.75	509	510
UniRef90_UPI0004031E9F	69.57	509	508
UniRef90_R6Z3J4	54.49	509	509
UniRef90_R6DMX1	54.58	509	514
UniRef90_A0A0C2RPU0	68.70	509	510
UniRef90_R7BKU1	54.58	509	513
UniRef90_A8SP54	54.19	509	514
UniRef90_R5KWZ2	55.84	509	514
UniRef90_F5SGJ1	73.18	509	511
UniRef90_UPI00035C59E6	66.34	509	513
UniRef90_I0JQC4	67.79	509	512
UniRef90_D4L6L8	58.66	509	503
UniRef90_UPI0003196054	68.18	509	511
UniRef90_K0J437	69.76	509	511
UniRef90_R5R151	53.50	509	514
UniRef90_R7KPB9	57.17	509	506
UniRef90_R6BHK9	54.12	509	511
UniRef90_R6Z755	54.60	509	510
UniRef90_C5VQM2	58.09	509	511
UniRef90_C0CLK6	55.56	509	544
UniRef90_U4Q9C2	56.64	509	514
UniRef90_B0ND80	56.34	509	511
UniRef90_D7UWG9	67.32	509	510
UniRef90_UPI0005099E7F	54.79	509	509
UniRef90_D5WR88	65.48	509	511
UniRef90_S6FBT9	55.84	509	516
UniRef90_R6NG55	56.27	509	513
UniRef90_S0IUK0	55.56	509	535
UniRef90_UPI0006C3A642	55.56	509	511
UniRef90_UPI000479E9C0	54.58	509	514
UniRef90_UPI0002626892	70.41	509	512
UniRef90_A4J8T8	56.75	509	516
UniRef90_A0A0H3J5Z8	59.30	509	510
UniRef90_UPI0006C8207A	58.63	509	506
UniRef90_UPI000289B18C	71.60	509	513
UniRef90_A0A075R9K4	68.77	509	512
UniRef90_G8LY96	58.43	509	512
UniRef90_A0A0E3MAR6	57.73	509	507
UniRef90_B2TPW7	55.17	509	512
UniRef90_V9H1Z9	56.23	509	508
UniRef90_R7GH61	55.19	509	513
UniRef90_UPI0006B679E5	57.81	509	509
UniRef90_UPI000480B932	57.12	509	513
UniRef90_F6B4W3	56.86	509	517
UniRef90_D4LE84	55.86	509	505
UniRef90_R1CEN5	54.88	509	510
UniRef90_V6QDI8	67.13	509	507
UniRef90_A0A0K8J6M1	55.36	509	514
UniRef90_UPI0004DB8272	53.89	509	514
UniRef90_UPI000408CC7F	54.49	509	516
UniRef90_R7F4Q6	55.88	509	510
UniRef90_D9RZ27	56.56	509	514
UniRef90_R7IXJ7	55.16	509	502
UniRef90_A0A037Z2Q8	57.78	509	512
UniRef90_C4Z0S3	53.11	509	516
UniRef90_A0A0C2VM96	69.29	509	510
UniRef90_N9WHM8	55.97	509	510
UniRef90_UPI0005097AD8	56.23	509	512
UniRef90_UPI0004814ABB	65.94	509	509
UniRef90_R6BEE8	54.30	509	506
UniRef90_Q8Y4I4	67.91	509	510
UniRef90_UPI0004E24076	54.28	509	513
UniRef90_D0BNZ6	67.72	509	509
UniRef90_R6BZW9	52.63	509	513
UniRef90_UPI000424B1E0	53.32	509	515
UniRef90_A0A0G3W8L9	58.32	509	511
UniRef90_E7REW6	65.87	509	510
UniRef90_B0PCE9	56.86	509	512
UniRef90_Q3AFC9	58.19	509	506
UniRef90_A0A084JC86	57.73	509	508
UniRef90_UPI00047EA76A	66.01	509	512
UniRef90_R6P4Z1	53.62	509	512
UniRef90_A0A098EMB9	66.93	509	510
UniRef90_W3AEA7	65.67	509	510
UniRef90_UPI0004811623	57.93	509	509
UniRef90_UPI00047AB8F3	58.32	509	505
UniRef90_F6BJ26	57.73	509	513
UniRef90_UPI00048342FF	52.44	509	514
UniRef90_UPI0003758A7F	67.91	509	512
UniRef90_F6DNA7	57.14	509	516
UniRef90_K1L2J1	68.50	509	513
UniRef90_A6LR07	55.95	509	512
UniRef90_UPI000288FE9A	69.50	509	508
UniRef90_R5U444	51.95	509	514
UniRef90_R6X9Q2	55.27	509	529
UniRef90_W7C5B3	69.09	509	510
UniRef90_UPI0005B29046	56.16	509	513
UniRef90_E0RUJ1	53.12	509	515
UniRef90_R5Q7G3	54.12	509	510
UniRef90_UPI00051B0253	53.80	509	514
UniRef90_U2MC31	57.84	509	513
UniRef90_A0A0C1UFA1	57.14	509	509
UniRef90_P59174	71.94	509	512
UniRef90_W7UEU9	58.35	509	506
UniRef90_UPI0004969861	68.51	509	504
UniRef90_W0U9L3	60.39	509	507
UniRef90_Q181T7	56.84	509	510
UniRef90_A9KPF4	54.39	509	514
UniRef90_UPI000404DFA5	67.32	509	511
UniRef90_A0A0L6ZCP7	56.64	509	511
UniRef90_UPI00047AEDE4	56.73	509	514
UniRef90_UPI00037D6F54	57.39	509	516
UniRef90_UPI0004958941	68.32	509	508
UniRef90_K4LD76	59.30	509	513
UniRef90_R5Z9M7	55.97	509	510
UniRef90_A0A0L0WF58	57.23	509	512
UniRef90_B8I4U4	55.40	509	511
UniRef90_K8DY30	58.12	509	517
UniRef90_A0A0F2PM75	57.93	509	521
UniRef90_T0NIX3	54.60	509	509
UniRef90_W6SEQ3	58.32	509	506
UniRef90_A0A0M2NGS4	57.25	509	511
UniRef90_A0A087N0D9	67.79	509	512
UniRef90_A3DBQ2	59.02	509	511
UniRef90_UPI00067EBB71	55.58	509	509
UniRef90_UPI00056E352C	58.27	509	503
UniRef90_E4KPA8	66.73	509	509
UniRef90_F2JKZ0	54.19	509	511
UniRef90_B8CYG0	56.97	509	512
UniRef90_UPI000372F0A8	67.91	509	510
UniRef90_A0A0M3RB98	68.50	509	512
UniRef90_UPI0004E1B549	53.89	509	513
UniRef90_UPI000554DBF6	50.49	509	514
UniRef90_UPI0006B604C2	55.49	509	519
UniRef90_UPI00059093C6	65.69	509	510
UniRef90_UPI00052FF39E	66.34	509	510
UniRef90_UPI0006CF4CC5	54.00	509	511
UniRef90_A5CYN6	56.47	509	545
UniRef90_C4GAE8	51.66	509	541
UniRef90_A0A0A8JE23	69.90	509	506
UniRef90_A7VRE6	56.89	509	504
UniRef90_B0A7E6	56.84	509	508
UniRef90_A0A0B5FNL5	55.36	509	516
UniRef90_UPI00065DC333	62.20	509	504
UniRef90_F4BLS9	65.94	509	509
UniRef90_M7P521	66.67	509	510
UniRef90_A0A0A0E968	79.04	509	478
UniRef90_A0A0A8W9F2	57.81	509	509
UniRef90_UPI00055121CC	52.83	509	515
UniRef90_C8VXZ8	59.14	509	513
UniRef90_A5N2N6	55.10	509	509
UniRef90_UPI00054E8510	65.68	509	509
UniRef90_R6G5P8	55.17	509	508
UniRef90_W0EBT8	58.28	509	517
UniRef90_A0A0M2U533	56.02	509	511
UniRef90_A0A017RWP7	54.85	509	509
UniRef90_A0A0A2U3K9	57.06	509	512
UniRef90_R6JX12	52.72	509	513
UniRef90_A0A0B3VLE7	55.47	509	509
UniRef90_G9RNN8	56.56	509	506
UniRef90_R6EH65	56.30	509	524
UniRef90_Q97L53	57.62	509	510
UniRef90_I4X8S3	64.48	509	510
UniRef90_R7MR97	56.36	509	506
UniRef90_Q8TIY2	55.86	509	521
UniRef90_UPI0006D56781	64.62	509	529
UniRef90_I5ARB2	52.53	509	515
UniRef90_A0A0G0LRJ6	56.45	509	513
UniRef90_W3ARD5	52.34	509	515
UniRef90_Q46D52	56.64	509	517
UniRef90_R5Y605	53.62	509	515
UniRef90_F6CN82	60.90	509	515
UniRef90_S0FLW0	55.19	509	511
UniRef90_U2EZM6	57.45	509	504
UniRef90_S2YFP2	67.39	509	514
UniRef90_M1ZLY0	69.34	509	493
UniRef90_W4VHB0	74.58	509	491
UniRef90_C2L1G5	55.08	509	535
UniRef90_D7CPG8	56.67	509	513
UniRef90_UPI00049540B7	53.62	509	509
UniRef90_UPI00048DD641	49.62	509	530
UniRef90_UPI0003B386DC	64.83	509	510
UniRef90_F5T7K2	56.16	509	510
UniRef90_F8FL02	69.70	509	514
UniRef90_A0A0E3KRN1	54.88	509	515
UniRef90_UPI0003025542	67.19	509	514
UniRef90_I4DC85	55.69	509	514
UniRef90_UPI0003B47F30	52.33	509	515
UniRef90_UPI0006B4A8F2	53.91	509	511
UniRef90_UPI000555314E	66.73	509	509
UniRef90_UPI0002D77F98	55.77	509	509
UniRef90_Q0PIF9	57.40	509	538
UniRef90_A0A0L8F1B9	58.32	509	509
UniRef90_U2R936	56.75	509	505
UniRef90_R4KSJ3	54.79	509	515
UniRef90_W9DRB0	55.31	509	515
UniRef90_F4XCZ7	54.62	509	504
UniRef90_A0A0B0D6R5	69.38	509	512
UniRef90_A0A0K9T1T3	64.88	509	510
UniRef90_UPI0004AC7121	56.53	509	509
UniRef90_UPI000487AC43	51.80	509	530
UniRef90_UPI000412440C	66.80	509	514
UniRef90_Q2RLT9	57.45	509	513
UniRef90_UPI0004137BBB	56.19	509	515
UniRef90_R7L8T9	56.47	509	509
UniRef90_C0GFB5	59.84	509	519
UniRef90_UPI000557CB92	56.27	509	515
UniRef90_UPI000289D812	68.91	509	508
UniRef90_R6M4C9	56.36	509	505
UniRef90_A1AV32	54.99	509	510
UniRef90_W6NGW7	55.58	509	510
UniRef90_UPI0005D29B3C	50.49	509	514
UniRef90_UPI000484CD19	59.61	509	513
UniRef90_R6S1G0	52.88	509	520
UniRef90_A0A0A3IH89	70.67	509	519
UniRef90_UPI000686A948	64.69	509	524
UniRef90_UPI00047E4125	58.32	509	509
UniRef90_R6TFX7	56.95	509	505
UniRef90_K8EJS1	67.32	509	509
UniRef90_E3PWF6	55.08	509	507
UniRef90_B9EAH0	64.17	509	511
UniRef90_UPI0005D1DE19	57.00	509	493
