UniRef90_P25114	99.07	432	469
UniRef90_Q16877	96.30	432	469
UniRef90_UPI00005BF948	88.44	432	504
UniRef90_UPI0005CFFDF4	95.47	432	466
UniRef90_G3WVQ4	90.28	432	440
UniRef90_H0Z2H9	89.58	432	468
UniRef90_F1P0K7	89.58	432	450
UniRef90_UPI000661B651	90.74	432	444
UniRef90_V8NQ28	88.40	432	474
UniRef90_UPI0003D75D1F	97.21	432	480
UniRef90_UPI0005406932	89.81	432	432
UniRef90_L8Y5M1	89.72	432	509
UniRef90_UPI000642D683	95.18	432	471
UniRef90_UPI00053FE21C	95.17	432	502
UniRef90_H3B1H5	85.19	432	474
UniRef90_Q16877-2	88.43	432	434
UniRef90_H2TPN5	84.26	432	435
UniRef90_B0ZTI0	97.63	432	419
UniRef90_UPI0004BDCF55	85.75	432	430
UniRef90_V9KAW2	83.06	432	473
UniRef90_UPI000298ECC7	83.76	432	454
UniRef90_E6ZFU6	83.76	432	474
UniRef90_Q7T325	83.06	432	469
UniRef90_M4A6W1	82.60	432	455
UniRef90_W5NAZ7	83.76	432	480
UniRef90_Q6NRY0	83.29	432	470
UniRef90_W5UKU5	82.18	432	480
UniRef90_UPI000644793B	82.18	432	479
UniRef90_UPI000644329B	82.41	432	482
UniRef90_A0A060XIP8	82.41	432	515
UniRef90_W5KP89	81.94	432	481
UniRef90_B5X4R9	82.13	432	453
UniRef90_Q32LS8	81.48	432	482
UniRef90_M3ZHX4	79.35	432	474
UniRef90_UPI0003506DF3	89.34	432	599
UniRef90_UPI000443A96B	79.81	432	451
UniRef90_H2THJ6	80.05	432	477
UniRef90_I3KS65	80.28	432	496
UniRef90_UPI0006B1F645	94.62	432	431
UniRef90_H2L732	79.58	432	476
UniRef90_UPI0005FB60C4	90.21	432	487
UniRef90_UPI0004447BFC	92.59	432	466
UniRef90_H2THJ9	78.69	432	445
UniRef90_L5KUG9	82.64	432	435
UniRef90_UPI000552440B	79.29	432	477
UniRef90_UPI0004962A73	79.81	432	536
UniRef90_UPI000497597F	78.14	432	476
UniRef90_W5NEH2	73.09	432	512
UniRef90_G3PBZ8	77.91	432	457
UniRef90_P07953	76.74	432	471
UniRef90_UPI000441A733	76.51	432	449
UniRef90_I3KI67	77.21	432	457
UniRef90_M3ZGG6	76.74	432	457
UniRef90_UPI0003BBB9D6	80.56	432	406
UniRef90_H2MNU0	77.44	432	476
UniRef90_UPI000498461F	76.80	432	470
UniRef90_A0A0G1ZUC1	80.39	432	415
UniRef90_Q91348	75.17	432	470
UniRef90_UPI0004F45069	96.50	432	403
UniRef90_UPI000329F5D4	80.87	432	493
UniRef90_A2AR70	74.48	432	470
UniRef90_Q91309	75.12	432	470
UniRef90_UPI00059AFB19	90.24	432	420
UniRef90_UPI00049789F3	76.05	432	468
UniRef90_UPI0006B7DEA1	74.25	432	449
UniRef90_S4RVF8	72.16	432	438
UniRef90_UPI00057727B5	74.42	432	470
UniRef90_M3ZDF3	75.35	432	448
UniRef90_UPI00046BFC1C	74.53	432	429
UniRef90_I3KBX8	75.12	432	467
UniRef90_UPI00057749A4	74.65	432	498
UniRef90_H3CMZ3	74.88	432	467
UniRef90_H2TPN8	76.39	432	434
UniRef90_B0ZTH9	98.78	432	372
UniRef90_W5UDX5	69.98	432	513
UniRef90_W5UJM9	79.65	432	477
UniRef90_UPI000443240F	76.57	432	473
UniRef90_A0A0F8AKB5	76.98	432	744
UniRef90_W5UBE0	73.49	432	474
UniRef90_G1KLB3	76.33	432	495
UniRef90_UPI00051BBA79	74.07	432	429
UniRef90_Q5U4Z6	73.02	432	470
UniRef90_UPI0006B31952	74.65	432	470
UniRef90_H2TIC8	75.35	432	470
UniRef90_UPI0006441FB7	69.20	432	518
UniRef90_Q9YGX7	73.95	432	470
UniRef90_UPI00034F4EE0	70.09	432	525
UniRef90_UPI00020397F8	75.42	432	518
UniRef90_H3AT49	73.58	432	478
UniRef90_A0A060VXB7	73.52	432	482
UniRef90_F6TVR2	84.99	432	373
UniRef90_UPI0004420153	75.37	432	476
UniRef90_A0A091VD05	72.37	432	430
UniRef90_A0A091U901	73.10	432	423
UniRef90_M3XH80	84.32	432	434
UniRef90_UPI00064474FF	73.26	432	456
UniRef90_K7FR94	74.45	432	501
UniRef90_U3I9X0	73.85	432	526
UniRef90_A0A099YWR6	72.07	432	457
UniRef90_UPI0006B21620	95.72	432	380
UniRef90_D2HEC3	73.25	432	482
UniRef90_Q6DTY7-3	97.19	432	413
UniRef90_K7FR84	74.38	432	475
UniRef90_F1RUL2	72.73	432	554
UniRef90_UPI0004F06EB5	95.43	432	433
UniRef90_F2Z2I2	72.64	432	455
UniRef90_W5NF73	72.05	432	540
UniRef90_UPI0004F062BB	96.01	432	401
UniRef90_UPI0003ACAEC0	93.18	432	404
UniRef90_UPI0005FADC9F	72.29	432	545
UniRef90_S7MYQ5	72.77	432	569
UniRef90_Q16875	72.29	432	520
UniRef90_H2THJ8	72.62	432	429
UniRef90_UPI0004542E82	79.90	432	386
UniRef90_O35552	71.70	432	555
UniRef90_Q16875-4	72.29	432	534
UniRef90_H3BHT3	71.76	432	467
UniRef90_M7CFT0	84.32	432	379
UniRef90_G3WJ62	73.24	432	510
UniRef90_P16118-2	77.27	432	406
UniRef90_V9KSK4	72.05	432	527
UniRef90_W5KEL6	72.05	432	536
UniRef90_UPI0003D0FBCC	76.77	432	429
UniRef90_H3BC66	71.98	432	509
UniRef90_UPI0004D07615	71.57	432	560
UniRef90_G3WJ63	73.24	432	543
UniRef90_A0A0G2K0S8	76.77	432	427
UniRef90_Q6P951	71.81	432	536
UniRef90_Q4SS25	83.38	432	486
UniRef90_O60825	72.22	432	505
UniRef90_UPI0004F08C77	71.95	432	487
UniRef90_F7CND9	73.40	432	500
UniRef90_I3K1B8	72.05	432	522
UniRef90_A0A060X7J3	71.81	432	519
UniRef90_M4A2P8	71.57	432	534
UniRef90_A0A091EGF1	69.46	432	573
UniRef90_I3M854	71.84	432	477
UniRef90_H2TRY4	72.05	432	536
UniRef90_UPI000577A9EA	82.29	432	404
UniRef90_UPI00051E2CE3	82.21	432	375
UniRef90_W5UGJ7	71.08	432	530
UniRef90_P26285	71.01	432	531
UniRef90_G3VQ13	73.06	432	512
UniRef90_UPI00054B5ACB	72.85	432	458
UniRef90_F7G783	72.02	432	509
UniRef90_Q28901	71.15	432	463
UniRef90_A0A091IC23	71.36	432	416
UniRef90_UPI0005B93DA2	69.14	432	487
UniRef90_A0A060X6R6	71.33	432	534
UniRef90_Q9JJH5-3	71.36	432	534
UniRef90_Q9JJH5	71.36	432	557
UniRef90_L9KQ08	67.26	432	557
UniRef90_F7ECV6	70.67	432	508
UniRef90_K7F701	69.76	432	546
UniRef90_UPI0005579C9B	70.84	432	522
UniRef90_G3Q655	71.33	432	533
UniRef90_UPI000462BBD7	70.67	432	528
UniRef90_A0A091MPG9	70.87	432	416
UniRef90_F7GE45	71.01	432	530
UniRef90_H9GKB9	70.67	432	529
UniRef90_E1BXR3	71.36	432	525
UniRef90_UPI0004445F94	70.29	432	517
UniRef90_U3JCR2	71.36	432	428
UniRef90_UPI0006EADF29	70.14	432	513
UniRef90_UPI000388E129	69.01	432	548
UniRef90_H2TT68	69.83	432	522
UniRef90_UPI0006B2F8CC	70.36	432	525
UniRef90_H2TT69	69.83	432	518
UniRef90_W5KHR0	71.36	432	544
UniRef90_UPI0003EC4EB3	70.93	432	463
UniRef90_A0A091CPT8	71.12	432	604
UniRef90_S7NPA7	67.51	432	506
UniRef90_UPI00045715D1	68.21	432	439
UniRef90_UPI0006C9C7DD	71.12	432	543
UniRef90_UPI0006B381E6	69.81	432	544
UniRef90_H2MR06	70.87	432	530
UniRef90_UPI000495E8F7	70.63	432	513
UniRef90_UPI0006B6A180	70.23	432	454
UniRef90_G3NLI2	68.78	432	532
UniRef90_G3GZR7	71.60	432	784
UniRef90_UPI0003B303DA	70.87	432	528
UniRef90_W5LMH9	71.73	432	480
UniRef90_W5MXU7	70.39	432	542
UniRef90_UPI0006B0B322	73.99	432	404
UniRef90_UPI0006443017	70.39	432	530
UniRef90_L5LT33	70.70	432	434
UniRef90_A0A087XW12	70.15	432	529
UniRef90_B5DE74	70.32	432	489
UniRef90_UPI0004960231	70.63	432	526
UniRef90_H2MR09	70.29	432	501
UniRef90_E7FDT6	69.45	432	539
UniRef90_UPI0005553B40	69.81	432	547
UniRef90_L5LCG0	73.21	432	596
UniRef90_L5LCG0	83.15	432	596
UniRef90_UPI0006451B1E	69.32	432	535
UniRef90_C3YAF1	66.90	432	467
UniRef90_H2MZQ3	73.48	432	397
UniRef90_UPI0006B849E0	69.66	432	537
UniRef90_Q7ZU78	69.90	432	522
UniRef90_A0A060Y0E2	69.66	432	552
UniRef90_UPI00057BBB18	74.42	432	450
UniRef90_F6W1N9	70.15	432	548
UniRef90_W5LDA2	69.30	432	468
UniRef90_C0HAN1	69.66	432	533
UniRef90_H2TK75	66.98	432	523
UniRef90_UPI0003441571	69.30	432	431
UniRef90_I3KJY4	68.36	432	529
UniRef90_UPI0002B41C97	73.40	432	398
UniRef90_UPI0004F45170	68.84	432	421
UniRef90_UPI0003BDC289	68.45	432	508
UniRef90_UPI000495EB7F	68.93	432	530
UniRef90_H2TK80	68.20	432	477
UniRef90_A0A060WKL9	68.69	432	537
UniRef90_G3NFY5	65.97	432	533
UniRef90_F1Q3K3	76.15	432	435
UniRef90_H2MCH1	67.31	432	525
UniRef90_L9JBT2	69.56	432	1319
UniRef90_H0YS35	68.52	432	472
UniRef90_A0A096P3D0	70.87	432	532
UniRef90_F6YWY7	65.89	432	448
UniRef90_Q4T6Q0	61.36	432	476
UniRef90_UPI000383B6E8	63.27	432	558
UniRef90_UPI0004F46BA8	77.03	432	377
UniRef90_H2M053	67.55	432	533
UniRef90_M7B5M9	71.10	432	951
UniRef90_UPI0003EDC496	94.52	432	303
UniRef90_B2Z892	66.75	432	497
UniRef90_T1KGC8	63.34	432	571
UniRef90_UPI0005CFF2EB	65.78	432	485
UniRef90_H2YWM9	65.42	432	454
UniRef90_UPI0003AF8A3F	74.86	432	419
UniRef90_UPI00054C2E67	67.07	432	537
UniRef90_R0LMV5	70.63	432	427
UniRef90_UPI0003316410	66.02	432	503
UniRef90_R7U7U1	63.19	432	473
UniRef90_I1GFS3	62.06	432	466
UniRef90_UPI0005C34C4F	61.72	432	452
UniRef90_W5K0G2	66.75	432	508
UniRef90_UPI00065C0479	61.95	432	540
UniRef90_A0A0L8FIE4	63.22	432	456
UniRef90_UPI000674C3AD	61.57	432	554
UniRef90_UPI0005763EF4	69.07	432	475
UniRef90_UPI00064BAD13	62.47	432	525
UniRef90_A0A0B6Z3Q4	62.18	432	497
UniRef90_B7PT92	62.18	432	468
UniRef90_V4AWT4	62.12	432	428
UniRef90_UPI0005298ECD	73.20	432	413
UniRef90_UPI0002654752	62.95	432	456
UniRef90_D6X2P8	61.99	432	454
UniRef90_A0A087TBV9	64.16	432	480
UniRef90_UPI000576C7E2	67.81	432	486
UniRef90_UPI0006B38C6D	69.00	432	428
UniRef90_S9XGK8	60.43	432	1109
UniRef90_A0A0F8CQY2	68.93	432	1146
UniRef90_V5GRD3	62.86	432	508
UniRef90_L7LY36	63.59	432	483
UniRef90_F6WV72	63.97	432	433
UniRef90_W5JVA0	63.13	432	492
UniRef90_UPI00062AA8D3	88.55	432	297
UniRef90_UPI00042C4E71	63.04	432	486
UniRef90_K1QSQ6	56.48	432	576
UniRef90_N6SZV0	61.11	432	529
UniRef90_Q7PZN8	62.95	432	468
UniRef90_U4UF65	61.26	432	509
UniRef90_W4XGY2	60.05	432	529
UniRef90_E0VK81	61.27	432	456
UniRef90_UPI00026579FB	61.29	432	509
UniRef90_Q16K23	61.83	432	535
UniRef90_A0A0F8AG03	67.84	432	535
UniRef90_UPI0003EBD971	62.09	432	510
UniRef90_T1HM25	61.35	432	453
UniRef90_A0A060XP04	82.78	432	427
UniRef90_A0A091CWI7	62.62	432	516
UniRef90_K7J2N5	60.53	432	454
UniRef90_A0A0J7KVK5	61.20	432	619
UniRef90_UPI00046C9DC0	60.53	432	532
UniRef90_A0A0M8ZWA5	60.61	432	544
UniRef90_T1JAT7	62.33	432	858
UniRef90_UPI0005ACF765	60.62	432	469
UniRef90_UPI000626E238	60.53	432	482
UniRef90_UPI0004439A09	62.38	432	480
UniRef90_A0A0K8TMX4	60.53	432	491
UniRef90_UPI000388D300	68.42	432	497
UniRef90_B0WBW5	62.71	432	531
UniRef90_UPI0006D4C99C	60.29	432	471
UniRef90_UPI00067C047D	61.99	432	507
UniRef90_A0A0G2CLE0	70.19	432	378
UniRef90_UPI0005FB431D	62.32	432	580
UniRef90_UPI0004972D4A	60.47	432	507
UniRef90_UPI000640B1B7	60.38	432	518
UniRef90_A0A0L8FIF3	60.95	432	439
UniRef90_UPI0006C9DFC1	61.07	432	473
UniRef90_T2MD53	59.03	432	490
UniRef90_UPI0006CEF3EE	59.81	432	486
UniRef90_UPI000495082A	69.54	432	477
UniRef90_UPI0006B2FB33	58.64	432	560
UniRef90_B4NDU0	58.45	432	537
UniRef90_UPI0003C91356	73.62	432	372
UniRef90_A0A067QMV9	55.63	432	500
UniRef90_A0A0A9YLK5	59.32	432	496
UniRef90_T1PNL6	60.77	432	898
UniRef90_T1FNV6	58.24	432	465
UniRef90_J9JUC0	59.81	432	475
UniRef90_A0A060X567	75.47	432	327
UniRef90_UPI0003835618	73.01	432	363
UniRef90_A0A0G2CRC0	66.22	432	393
UniRef90_UPI0003D733B9	72.70	432	367
UniRef90_L8I2I3	78.18	432	308
UniRef90_B3MPT0	58.45	432	729
UniRef90_E9GKT6	58.01	432	459
UniRef90_UPI0006737DE0	60.29	432	794
UniRef90_Q9VWH7	58.22	432	716
UniRef90_B4MA41	57.98	432	726
UniRef90_W8BQN9	59.81	432	738
UniRef90_Q29IW2	57.98	432	709
UniRef90_UPI0005C376F8	59.00	432	446
UniRef90_UPI000496427A	56.83	432	524
UniRef90_G4VSL5	57.11	432	456
UniRef90_UPI00053CE51A	70.95	432	351
UniRef90_C0HA25	76.97	432	404
UniRef90_UPI0003EDBD60	70.03	432	361
UniRef90_UPI0006618B62	72.53	432	393
UniRef90_Q4JI19	84.62	432	274
UniRef90_UPI00053351B4	68.86	432	367
UniRef90_A7S156	56.10	432	448
UniRef90_A0A0A1XKD9	59.32	432	880
UniRef90_F1QPT5	77.18	432	304
UniRef90_A0A0G1ZFX2	59.71	432	445
UniRef90_M3YTZ3	95.92	432	409
UniRef90_A0A0G2AS74	70.12	432	381
UniRef90_E9FYQ7	59.08	432	617
UniRef90_E5S5V1	57.55	432	506
UniRef90_UPI0003F0C920	65.52	432	378
UniRef90_B2Z894	67.58	432	374
UniRef90_W6UNF0	55.58	432	553
UniRef90_K7FV94	59.38	432	408
UniRef90_UPI0007041444	72.09	432	631
UniRef90_UPI000644116C	63.32	432	473
UniRef90_B3RUK6	54.85	432	461
UniRef90_A0A0D2WNN8	54.15	432	519
UniRef90_A0A077YZZ1	55.98	432	637
UniRef90_G3VB78	58.84	432	416
UniRef90_A0A0N4Y6D3	55.79	432	445
UniRef90_F7B5I1	71.15	432	393
UniRef90_A0A090LFW2	55.13	432	468
UniRef90_A0A068XGS1	55.69	432	414
UniRef90_UPI0003C439E4	58.99	432	373
UniRef90_F8SS89	96.49	432	228
UniRef90_F1KZF8	53.85	432	553
UniRef90_B3RUK8	53.88	432	426
UniRef90_A0A0B2V6R4	54.03	432	502
UniRef90_A0A0N5DS37	55.88	432	1027
UniRef90_B2Z895	63.43	432	366
UniRef90_A0A0N4UEV7	55.08	432	447
UniRef90_Q9N590	53.55	432	450
UniRef90_A0A0N4XD95	53.57	432	458
UniRef90_H9JK44	60.59	432	403
UniRef90_UPI0004AB5B34	58.05	432	481
UniRef90_UPI0005238E0C	69.26	432	315
UniRef90_A0A0N5AED9	54.27	432	458
UniRef90_A0A016SJG2	55.85	432	449
UniRef90_A0A016SIA5	55.85	432	452
UniRef90_L5L6X3	71.61	432	291
UniRef90_UPI00064CF179	78.08	432	284
UniRef90_UPI00044201CB	86.83	432	282
UniRef90_A0A044RCV3	53.81	432	455
UniRef90_B4PZH7	55.95	432	598
UniRef90_A0A068Y6V1	53.68	432	484
UniRef90_UPI0005561736	76.16	432	324
UniRef90_A0A0D8XD15	54.16	432	1062
UniRef90_A0A0E9NLV9	52.14	432	479
UniRef90_UPI00049767F5	69.87	432	391
UniRef90_A0A0M3HUM9	49.46	432	529
UniRef90_A0A0B1T0R5	52.86	432	457
UniRef90_A0A0N4X068	53.68	432	441
UniRef90_U1M8G9	53.62	432	469
UniRef90_W2TLJ5	52.98	432	498
UniRef90_A0A0N4VAS3	52.91	432	466
UniRef90_A0A075AX60	54.41	432	410
UniRef90_E4WQN8	50.49	432	495
UniRef90_A0A0G2AYF0	76.26	432	257
UniRef90_U6PB88	52.50	432	475
UniRef90_A0A0C9MLY4	51.46	432	487
UniRef90_A0A0N4VKN4	52.51	432	445
UniRef90_A0A0N4XFU1	52.50	432	452
UniRef90_A0A0A6YW89	64.31	432	327
UniRef90_S2J552	51.10	432	479
UniRef90_A0A0L0GFU5	48.10	432	443
UniRef90_A0A0D8XYF4	51.20	432	493
UniRef90_T1FMW7	48.68	432	458
UniRef90_A0A0A1NHL0	47.66	432	454
UniRef90_U6PBP6	53.16	432	1036
UniRef90_UPI0006B070AB	60.55	432	342
UniRef90_A0A067RND1	47.67	432	576
UniRef90_A5E0H3	50.12	432	455
UniRef90_A0A077WDF2	49.77	432	522
UniRef90_Q21122	51.50	432	457
UniRef90_A0A0C9MDN8	51.10	432	449
UniRef90_Q757W8	47.98	432	439
UniRef90_A7TGQ5	50.49	432	451
UniRef90_G8ZRV8	48.04	432	453
UniRef90_H3DWU8	49.14	432	469
UniRef90_A0A016UVE8	53.25	432	834
UniRef90_A0A0K0CZJ4	52.00	432	456
UniRef90_UPI0003EDCF52	68.79	432	264
UniRef90_A7SNT5	52.27	432	481
UniRef90_A0A0F8AZK1	62.78	432	514
UniRef90_B2W729	47.39	432	464
UniRef90_A5DF93	47.84	432	455
UniRef90_F4P400	49.31	432	521
UniRef90_R8BLU9	48.83	432	444
UniRef90_A0A0C9N5E6	50.99	432	479
UniRef90_Q7S2P1	49.53	432	447
UniRef90_A0A0L0VRX0	49.53	432	621
UniRef90_A3LZ36	47.60	432	456
UniRef90_G2RGT2	49.18	432	443
UniRef90_G4N6N9	49.06	432	443
UniRef90_E3LC61	49.53	432	443
UniRef90_T0NN30	78.65	432	384
UniRef90_W0VP16	48.28	432	450
UniRef90_A0A067N9H0	50.83	432	492
UniRef90_A0A0C9URI2	50.35	432	485
UniRef90_A0A0M3JS01	47.56	432	529
UniRef90_H8X5G7	47.94	432	455
UniRef90_U4LN00	47.52	432	512
UniRef90_E3JUX5	49.18	432	651
UniRef90_J3NSV8	48.48	432	445
UniRef90_R1G1U7	48.29	432	462
UniRef90_S3CW21	50.12	432	458
UniRef90_J5JVT2	47.65	432	442
UniRef90_M5GGJ2	50.12	432	456
UniRef90_Q6BY92	47.12	432	461
UniRef90_A0A0C4ETA4	50.60	432	642
UniRef90_A0A086TG84	48.59	432	448
UniRef90_A0A0L0HPG8	46.89	432	475
UniRef90_R4XFH7	47.34	432	442
UniRef90_G7YSY5	58.06	432	563
UniRef90_A0A0L1HF25	48.09	432	721
UniRef90_A0A084G0T0	48.24	432	441
UniRef90_Q6C5J2	47.36	432	436
UniRef90_A0A016VPN8	53.81	432	428
UniRef90_D5GDJ5	48.04	432	487
UniRef90_H2AWN2	48.30	432	451
UniRef90_A0A0C2TKD1	49.53	432	529
UniRef90_F2UMA7	49.17	432	605
UniRef90_W1QHD3	45.72	432	451
UniRef90_U7Q8B4	48.01	432	442
UniRef90_UPI0006B07B7A	59.40	432	396
UniRef90_UPI0006B07B7A	54.76	432	396
UniRef90_C4Y2S9	46.99	432	457
UniRef90_S7QFA1	49.76	432	506
UniRef90_A0A0J9X949	47.30	432	427
UniRef90_B8MIQ5	45.63	432	455
UniRef90_M1VYM7	47.42	432	443
UniRef90_I1CRY5	48.16	432	445
UniRef90_A0A017SP24	47.95	432	452
UniRef90_R7Z1C2	47.45	432	457
UniRef90_F8PWN2	49.29	432	495
UniRef90_G3AJI4	47.24	432	456
UniRef90_A0A061AGH0	47.93	432	451
UniRef90_A0A0L0NPF6	48.07	432	438
UniRef90_A0A0B7JU27	47.07	432	442
UniRef90_V8N8D4	72.59	432	344
UniRef90_Q6FQH9	46.94	432	450
UniRef90_G2QNX3	48.47	432	443
UniRef90_A0A0C3EWV8	50.12	432	531
UniRef90_A0A067QAL6	48.82	432	505
UniRef90_A0A066WGJ8	48.97	432	739
UniRef90_A0A060TE12	48.03	432	437
UniRef90_A0A0D2APT7	46.68	432	487
UniRef90_A0A0M8N181	48.11	432	441
UniRef90_I4YIF1	48.58	432	559
UniRef90_A0A0M8MIW4	47.95	432	670
UniRef90_G3AXC0	45.93	432	457
UniRef90_C5E156	47.32	432	450
UniRef90_A0A0D7AM01	49.17	432	482
UniRef90_M2MFH3	48.42	432	489
UniRef90_A0A094H984	48.07	432	448
UniRef90_N1QD14	47.56	432	454
UniRef90_G3JKZ6	47.43	432	721
UniRef90_E3QQ66	47.18	432	442
UniRef90_W4KJY1	48.71	432	479
UniRef90_A0A087UCG2	44.25	432	654
UniRef90_G7E1E4	48.69	432	591
UniRef90_UPI00044130B9	48.82	432	538
UniRef90_UPI0004417EBB	49.05	432	520
UniRef90_I6ND10	46.31	432	424
UniRef90_A0A074Y9H7	47.02	432	461
UniRef90_G9N309	47.65	432	443
UniRef90_F9WZ38	47.45	432	488
UniRef90_D4AWU8	47.17	432	471
UniRef90_A0A0K2TN45	47.63	432	528
UniRef90_A0A0N5AH34	50.25	432	459
UniRef90_K5X6M9	49.05	432	511
UniRef90_A0A0B1P8Y2	45.73	432	455
UniRef90_A0A0C9WAS7	48.16	432	534
UniRef90_C7YZD4	47.18	432	442
UniRef90_C5DKJ1	46.06	432	430
UniRef90_UPI000440BD57	50.00	432	497
UniRef90_S8AMJ1	49.27	432	480
UniRef90_A0A0C3DAA1	48.51	432	536
UniRef90_M7X422	50.47	432	668
UniRef90_P25114	99.07	432	469
UniRef90_Q16877	96.30	432	469
UniRef90_H0Z2H9	89.58	432	468
UniRef90_F1P0K7	89.58	432	450
UniRef90_V8NQ28	88.40	432	474
UniRef90_G3WVQ4	90.28	432	440
UniRef90_V9KAW2	82.87	432	473
UniRef90_UPI00005BF948	88.01	432	504
UniRef90_W5KP89	81.94	432	481
UniRef90_H3B1H5	85.19	432	474
UniRef90_E6ZFU6	83.76	432	474
UniRef90_UPI000441A733	76.33	432	449
UniRef90_Q7T325	83.06	432	469
UniRef90_H2TPN5	84.26	432	435
UniRef90_UPI000644329B	82.41	432	482
UniRef90_W5NAZ7	83.76	432	480
UniRef90_W5UKU5	82.18	432	480
UniRef90_M4A6W1	82.60	432	455
UniRef90_UPI000298ECC7	83.76	432	454
UniRef90_A0A060XIP8	82.41	432	515
UniRef90_UPI000644793B	82.18	432	479
UniRef90_H2MNU0	77.26	432	476
UniRef90_Q32LS8	81.48	432	482
UniRef90_UPI00049789F3	75.87	432	468
UniRef90_A2AR70	74.48	432	470
UniRef90_W5NEH2	72.94	432	512
UniRef90_UPI000498461F	76.39	432	470
UniRef90_H2L732	79.58	432	476
UniRef90_S4RVF8	71.99	432	438
UniRef90_UPI00057749A4	74.48	432	498
UniRef90_UPI00057727B5	74.25	432	470
UniRef90_I3KBX8	74.94	432	467
UniRef90_M3ZDF3	75.17	432	448
UniRef90_I3KI67	77.03	432	457
UniRef90_UPI000497597F	77.96	432	476
UniRef90_P07953	76.57	432	471
UniRef90_M3ZGG6	76.57	432	457
UniRef90_G3PBZ8	77.73	432	457
UniRef90_UPI0006B7DEA1	74.25	432	449
UniRef90_UPI0006B31952	74.48	432	470
UniRef90_UPI000443A96B	79.81	432	451
UniRef90_B5X4R9	82.13	432	453
UniRef90_Q6NRY0	83.29	432	470
UniRef90_H3CMZ3	74.71	432	467
UniRef90_Q91309	74.94	432	470
UniRef90_W5UBE0	73.32	432	474
UniRef90_Q91348	75.17	432	470
UniRef90_UPI00046BFC1C	74.53	432	429
UniRef90_UPI0005CFFDF4	96.37	432	466
UniRef90_I3KS65	80.28	432	496
UniRef90_M3ZHX4	79.35	432	474
UniRef90_Q5U4Z6	72.85	432	470
UniRef90_A0A060VXB7	73.12	432	482
UniRef90_UPI00020397F8	75.06	432	518
UniRef90_H2THJ6	80.05	432	477
UniRef90_UPI00034F4EE0	69.93	432	525
UniRef90_K7FR94	73.14	432	501
UniRef90_A0A091U901	72.92	432	423
UniRef90_Q9YGX7	73.78	432	470
UniRef90_U3I9X0	73.14	432	526
UniRef90_D2HEC3	72.66	432	482
UniRef90_UPI0006441FB7	69.05	432	518
UniRef90_G1KLB3	68.55	432	495
UniRef90_Q16875-4	71.70	432	534
UniRef90_A0A091VD05	72.20	432	430
UniRef90_W5UDX5	69.83	432	513
UniRef90_UPI0005FADC9F	71.70	432	545
UniRef90_UPI0004D07615	70.98	432	560
UniRef90_H3BC66	70.38	432	509
UniRef90_V9KSK4	71.63	432	527
UniRef90_F1RUL2	72.32	432	554
UniRef90_UPI00051BBA79	74.07	432	429
UniRef90_H2TIC8	75.17	432	470
UniRef90_A0A0F8AKB5	76.80	432	744
UniRef90_A0A099YWR6	71.90	432	457
UniRef90_S7MYQ5	72.18	432	569
UniRef90_O35552	71.29	432	555
UniRef90_UPI0004420153	75.18	432	476
UniRef90_UPI00064474FF	73.09	432	456
UniRef90_H3BHT3	71.59	432	467
UniRef90_UPI000443240F	75.00	432	473
UniRef90_Q16875	71.70	432	520
UniRef90_W5NF73	71.46	432	540
UniRef90_G3WJ62	71.94	432	510
UniRef90_C3YAF1	66.67	432	467
UniRef90_K7FR84	73.24	432	475
UniRef90_F2Z2I2	71.36	432	455
UniRef90_M4A2P8	71.15	432	534
UniRef90_G3WJ63	72.46	432	543
UniRef90_L8Y5M1	89.49	432	509
UniRef90_H2TRY4	71.63	432	536
UniRef90_UPI000552440B	78.92	432	477
UniRef90_A0A091EGF1	69.14	432	573
UniRef90_I3K1B8	71.63	432	522
UniRef90_F7ECV6	70.94	432	508
UniRef90_O60825	71.81	432	505
UniRef90_UPI0006C9C7DD	70.94	432	543
UniRef90_UPI0006B2F8CC	69.95	432	525
UniRef90_UPI0005B93DA2	68.75	432	487
UniRef90_H9GKB9	70.50	432	529
UniRef90_F7CND9	72.26	432	500
UniRef90_A0A091CPT8	70.70	432	604
UniRef90_UPI000462BBD7	70.50	432	528
UniRef90_H3AT49	73.13	432	478
UniRef90_P26285	70.84	432	531
UniRef90_UPI000495E8F7	70.22	432	513
UniRef90_UPI0004962A73	78.29	432	536
UniRef90_T1KGC8	63.34	432	571
UniRef90_UPI0005406932	89.81	432	432
UniRef90_UPI000661B651	90.74	432	444
UniRef90_I3M854	71.43	432	477
UniRef90_UPI000388E129	70.29	432	548
UniRef90_A0A091IC23	71.19	432	416
UniRef90_H2TT69	69.67	432	518
UniRef90_W5KEL6	71.63	432	536
UniRef90_Q6P951	71.39	432	536
UniRef90_H2TT68	69.67	432	522
UniRef90_W5KHR0	71.19	432	544
UniRef90_K7F701	69.03	432	546
UniRef90_UPI0006B381E6	67.61	432	544
UniRef90_L9KQ08	66.74	432	557
UniRef90_UPI0004F08C77	71.53	432	487
UniRef90_A0A060X7J3	71.39	432	519
UniRef90_A0A091MPG9	70.70	432	416
UniRef90_U3JCR2	69.98	432	428
UniRef90_G3GZR7	71.19	432	784
UniRef90_UPI0003B303DA	69.09	432	528
UniRef90_W5UGJ7	70.74	432	530
UniRef90_H2THJ9	78.69	432	445
UniRef90_G3NLI2	68.38	432	532
UniRef90_F7GE45	70.60	432	530
UniRef90_UPI0005579C9B	70.43	432	522
UniRef90_E1BXR3	70.53	432	525
UniRef90_UPI0004960231	70.22	432	526
UniRef90_Q9JJH5	70.94	432	557
UniRef90_A0A087XW12	68.32	432	529
UniRef90_A0A060X6R6	70.91	432	534
UniRef90_Q9JJH5-3	70.94	432	534
UniRef90_H2MR09	70.12	432	501
UniRef90_UPI0006EADF29	70.14	432	513
UniRef90_H2MR06	70.70	432	530
UniRef90_B5DE74	69.90	432	489
UniRef90_E7FDT6	68.81	432	539
UniRef90_G3Q655	70.91	432	533
UniRef90_UPI0005553B40	69.16	432	547
UniRef90_A0A060Y0E2	69.01	432	552
UniRef90_UPI0006443017	68.15	432	530
UniRef90_UPI000642D683	89.02	432	471
UniRef90_UPI0003506DF3	88.09	432	599
UniRef90_Q28901	70.33	432	463
UniRef90_F7G783	70.98	432	509
UniRef90_W5MXU7	67.92	432	542
UniRef90_H2YWM9	64.97	432	454
UniRef90_UPI000495EB7F	66.59	432	530
UniRef90_UPI0004445F94	69.88	432	517
UniRef90_S7NPA7	67.12	432	506
UniRef90_UPI0006451B1E	68.67	432	535
UniRef90_UPI0003D75D1F	97.21	432	480
UniRef90_UPI0006B849E0	67.68	432	537
UniRef90_UPI0003BDC289	67.80	432	508
UniRef90_F6W1N9	69.73	432	548
UniRef90_R7U7U1	63.19	432	473
UniRef90_F6YWY7	65.43	432	448
UniRef90_I3KJY4	67.71	432	529
UniRef90_B7PT92	62.18	432	468
UniRef90_C0HAN1	68.09	432	533
UniRef90_A0A087TBV9	64.16	432	480
UniRef90_UPI00053FE21C	95.17	432	502
UniRef90_Q16877-2	88.43	432	434
UniRef90_H2TK75	67.95	432	523
UniRef90_Q7ZU78	69.73	432	522
UniRef90_UPI00045715D1	68.21	432	439
UniRef90_H2TK80	68.04	432	477
UniRef90_A0A060WKL9	67.71	432	537
UniRef90_G3NFY5	67.31	432	533
UniRef90_H2MCH1	67.55	432	525
UniRef90_W4XGY2	59.68	432	529
UniRef90_W5UJM9	81.17	432	477
UniRef90_G3VQ13	72.88	432	512
UniRef90_UPI00065C0479	61.81	432	540
UniRef90_UPI0005C34C4F	61.72	432	452
UniRef90_UPI0006B6A180	70.07	432	454
UniRef90_L9JBT2	69.16	432	1319
UniRef90_A0A0L8FIE4	63.22	432	456
UniRef90_K7J2N5	60.53	432	454
UniRef90_UPI0002654752	63.26	432	456
UniRef90_W5JVA0	61.88	432	492
UniRef90_W5LMH9	70.82	432	480
UniRef90_L7LY36	63.44	432	483
UniRef90_UPI000329F5D4	80.87	432	493
UniRef90_UPI000674C3AD	61.43	432	554
UniRef90_A0A0G1ZUC1	81.44	432	415
UniRef90_Q16K23	61.68	432	535
UniRef90_H2TPN8	76.39	432	434
UniRef90_UPI00046C9DC0	60.53	432	532
UniRef90_T1JAT7	62.33	432	858
UniRef90_V5GRD3	62.71	432	508
UniRef90_D6X2P8	61.59	432	454
UniRef90_Q9VWH7	58.22	432	716
UniRef90_T1PNL6	60.77	432	898
UniRef90_UPI0006737DE0	60.29	432	794
UniRef90_UPI0005ACF765	60.62	432	469
UniRef90_UPI0003EC4EB3	70.77	432	463
UniRef90_UPI0004BDCF55	86.81	432	430
UniRef90_Q7PZN8	62.80	432	468
UniRef90_L5LCG0	72.96	432	596
UniRef90_L5LCG0	83.15	432	596
UniRef90_A0A0B6Z3Q4	62.04	432	497
UniRef90_A0A0K8TMX4	60.29	432	491
UniRef90_N6SZV0	61.11	432	529
UniRef90_U4UF65	61.11	432	509
UniRef90_B4NDU0	58.45	432	537
UniRef90_A0A0M8ZWA5	60.14	432	544
UniRef90_UPI00054C2E67	66.43	432	537
UniRef90_UPI0006D4C99C	60.14	432	471
UniRef90_UPI00054B5ACB	72.41	432	458
UniRef90_W8BQN9	59.81	432	738
UniRef90_B3MPT0	58.45	432	729
UniRef90_I1GFS3	62.06	432	466
UniRef90_UPI00026579FB	60.55	432	509
UniRef90_P16118-2	76.88	432	406
UniRef90_UPI000626E238	60.53	432	482
UniRef90_Q4T6Q0	61.23	432	476
UniRef90_E0VK81	61.12	432	456
UniRef90_A0A0J7KVK5	61.20	432	619
UniRef90_A0A0A1XKD9	59.32	432	880
UniRef90_UPI0006CEF3EE	59.66	432	486
UniRef90_UPI0006C9DFC1	60.92	432	473
UniRef90_H0YS35	67.95	432	472
UniRef90_B4MA41	57.98	432	726
UniRef90_K1QSQ6	56.48	432	576
UniRef90_J9JUC0	59.66	432	475
UniRef90_A0A0G2K0S8	76.57	432	427
UniRef90_V4AWT4	62.12	432	428
UniRef90_Q29IW2	57.98	432	709
UniRef90_A0A067QMV9	55.51	432	500
UniRef90_UPI000640B1B7	60.81	432	518
UniRef90_UPI0003D0FBCC	76.77	432	429
UniRef90_UPI00067C047D	61.84	432	507
UniRef90_M7B5M9	70.66	432	951
UniRef90_UPI0002B41C97	73.40	432	398
UniRef90_T2MD53	58.80	432	490
UniRef90_B0ZTI0	97.63	432	419
UniRef90_B2Z892	66.34	432	497
UniRef90_H2THJ8	72.62	432	429
UniRef90_W5LDA2	69.14	432	468
UniRef90_A0A0A9YLK5	59.18	432	496
UniRef90_E9GKT6	56.74	432	459
UniRef90_UPI0004F45170	68.68	432	421
UniRef90_UPI0006B0B322	73.80	432	404
UniRef90_L5LT33	70.53	432	434
UniRef90_H2MZQ3	73.48	432	397
UniRef90_B0WBW5	62.56	432	531
UniRef90_H2M053	67.15	432	533
UniRef90_UPI00057BBB18	74.23	432	450
UniRef90_T1HM25	60.96	432	453
UniRef90_A0A0D2WNN8	54.15	432	519
UniRef90_UPI0005CFF2EB	65.23	432	485
UniRef90_UPI0003441571	69.14	432	431
UniRef90_A0A0C9MLY4	51.10	432	487
UniRef90_S9XGK8	60.52	432	1109
UniRef90_A0A096P3D0	70.23	432	532
UniRef90_M3XH80	84.32	432	434
UniRef90_G4VSL5	57.11	432	456
UniRef90_S2J552	50.74	432	479
UniRef90_W5K0G2	65.70	432	508
UniRef90_A7S156	56.10	432	448
UniRef90_UPI0003316410	65.23	432	503
UniRef90_L5KUG9	82.64	432	435
UniRef90_A0A0L8FIF3	60.95	432	439
UniRef90_UPI0005763EF4	69.81	432	475
UniRef90_A0A077WDF2	49.77	432	522
UniRef90_UPI0006B1F645	95.63	432	431
UniRef90_A0A0E9NLV9	52.14	432	479
UniRef90_F1Q3K3	75.95	432	435
UniRef90_A0A0A1NHL0	47.66	432	454
UniRef90_R0LMV5	68.03	432	427
UniRef90_UPI0004447BFC	94.54	432	466
UniRef90_UPI000383B6E8	63.14	432	558
UniRef90_Q9N590	53.55	432	450
UniRef90_A0A0F8CQY2	67.94	432	1146
UniRef90_E9FYQ7	59.08	432	617
UniRef90_W6UNF0	55.45	432	553
UniRef90_A0A0N4XD95	53.57	432	458
UniRef90_E5S5V1	57.55	432	506
UniRef90_UPI0006B38C6D	68.82	432	428
UniRef90_UPI0005FB60C4	94.54	432	487
UniRef90_T1FNV6	58.10	432	465
UniRef90_G8ZRV8	48.04	432	453
UniRef90_A0A090LFW2	54.89	432	468
UniRef90_UPI00064BAD13	61.27	432	525
UniRef90_F1KZF8	52.14	432	553
UniRef90_A0A0B2V6R4	53.52	432	502
UniRef90_Q4SS25	83.61	432	486
UniRef90_A0A0C9N5E6	50.99	432	479
UniRef90_B2W729	47.16	432	464
UniRef90_W0VP16	48.28	432	450
UniRef90_A0A0N4Y6D3	54.91	432	445
UniRef90_A0A067N9H0	50.24	432	492
UniRef90_UPI00042C4E71	62.65	432	486
UniRef90_A0A0N5AED9	53.90	432	458
UniRef90_B8MIQ5	44.93	432	455
UniRef90_A0A077YZZ1	54.65	432	637
UniRef90_A0A0C9URI2	49.18	432	485
UniRef90_R1G1U7	46.92	432	462
UniRef90_Q757W8	47.62	432	439
UniRef90_C5E156	46.81	432	450
UniRef90_A0A0B7JU27	46.71	432	442
UniRef90_UPI000577A9EA	82.51	432	404
UniRef90_UPI00044130B9	48.15	432	538
UniRef90_A0A0D2APT7	46.32	432	487
UniRef90_R4XFH7	47.10	432	442
UniRef90_M2MFH3	46.01	432	489
UniRef90_W2TLJ5	52.98	432	498
UniRef90_E3JUX5	49.18	432	651
UniRef90_A7EZH8	45.79	432	450
UniRef90_A0A0D8XD15	53.92	432	1062
UniRef90_UPI0004439A09	60.76	432	480
UniRef90_A0A0L1HF25	47.85	432	721
UniRef90_A0A075AX60	53.60	432	410
UniRef90_UPI0003BBB9D6	80.56	432	406
UniRef90_A0A0N4UEV7	54.27	432	447
UniRef90_UPI0005C376F8	59.00	432	446
UniRef90_A0A016SIA5	55.85	432	452
UniRef90_A0A016SJG2	55.85	432	449
UniRef90_S7QFA1	48.93	432	506
UniRef90_A0A0F8AG03	67.12	432	535
UniRef90_N1Q2I7	46.06	432	487
UniRef90_W4KJY1	47.67	432	479
UniRef90_M7CFT0	84.05	432	379
UniRef90_A0A0B1P8Y2	45.50	432	455
UniRef90_I4YIF1	48.22	432	559
UniRef90_UPI000576C7E2	67.01	432	486
UniRef90_F9WZ38	46.08	432	488
UniRef90_F6WV72	63.36	432	433
UniRef90_E3LC61	49.53	432	443
UniRef90_Q6FQH9	46.57	432	450
UniRef90_A5E0H3	49.88	432	455
UniRef90_B3RUK6	54.61	432	461
UniRef90_K5W9F5	47.74	432	478
UniRef90_G4U314	48.22	432	566
UniRef90_N1QD14	45.82	432	454
UniRef90_A0A0G4L7V6	46.95	432	993
UniRef90_J4I0V6	46.00	432	535
UniRef90_A0A086TG84	48.36	432	448
UniRef90_A0A0C9MDN8	50.25	432	449
UniRef90_A2QMH3	44.60	432	452
UniRef90_A0A061AGH0	47.93	432	451
UniRef90_F6TVR2	84.99	432	373
UniRef90_G7E1E4	48.93	432	591
UniRef90_A0A0M3HUM9	48.02	432	529
UniRef90_UPI0005FB431D	61.54	432	580
UniRef90_R7Z1C2	45.95	432	457
UniRef90_C5DKJ1	46.06	432	430
UniRef90_A0A0D0D0H4	47.31	432	548
UniRef90_M2PF06	45.91	432	562
UniRef90_H8X5G7	47.94	432	455
UniRef90_A0A0N5DS37	55.88	432	1027
UniRef90_W3VTD3	45.78	432	787
UniRef90_A0A066WGJ8	48.17	432	739
UniRef90_A0A0C2XRX3	47.52	432	537
UniRef90_UPI0004407412	46.68	432	514
UniRef90_A0A044RCV3	53.57	432	455
UniRef90_UPI0004624341	47.34	432	540
UniRef90_A0A060TE12	47.33	432	437
UniRef90_I6ND10	46.31	432	424
UniRef90_A0A0L0VRX0	49.42	432	621
UniRef90_A0A017SP24	46.24	432	452
UniRef90_A0A067QAL6	48.22	432	505
UniRef90_V5EU40	45.33	432	751
UniRef90_A0A077R3R2	46.53	432	767
UniRef90_A5DF93	47.58	432	455
UniRef90_UPI0004F45069	96.50	432	403
UniRef90_A0A0F7RVJ1	45.33	432	765
UniRef90_A0A0C9WAS7	47.81	432	534
UniRef90_A0A094H984	46.23	432	448
UniRef90_UPI0006B2FB33	58.47	432	560
UniRef90_S8AMJ1	48.56	432	480
UniRef90_UPI0004417EBB	46.82	432	520
UniRef90_A0A074Y9H7	46.54	432	461
UniRef90_A0A0C4ETA4	50.24	432	642
UniRef90_A7TGQ5	50.49	432	451
UniRef90_K5X6M9	47.58	432	511
UniRef90_UPI00044144EC	47.99	432	525
UniRef90_A0A0C2TKD1	49.06	432	529
UniRef90_A0A0L0HPG8	46.67	432	475
UniRef90_E3QQ66	46.71	432	442
UniRef90_G3AJI4	46.99	432	456
UniRef90_A0A0D1E4A1	45.78	432	774
UniRef90_A0A0M8N181	47.64	432	441
UniRef90_B0DWT2	48.27	432	479
UniRef90_A0A0N4X068	53.21	432	441
UniRef90_A0A067MTB0	49.41	432	591
UniRef90_A0A084G0T0	47.42	432	441
UniRef90_F8PWN2	48.72	432	495
UniRef90_A0A0B7F1G5	48.11	432	572
UniRef90_V2XSQ1	45.64	432	544
UniRef90_Q7S2P1	49.06	432	447
UniRef90_G9N309	47.42	432	443
UniRef90_M1VYM7	47.18	432	443
UniRef90_Q6BY92	47.10	432	461
UniRef90_C4Y2S9	46.73	432	457
UniRef90_UPI0003AF8A3F	75.07	432	419
UniRef90_A0A0C3EWV8	48.83	432	531
UniRef90_M7X422	49.64	432	668
UniRef90_A0A0B1T0R5	52.86	432	457
UniRef90_I2G0Z6	45.68	432	787
UniRef90_M5GGJ2	49.29	432	456
UniRef90_G2QNX3	48.24	432	443
UniRef90_A0A0D7AM01	48.58	432	482
UniRef90_UPI0004560659	46.96	432	772
UniRef90_U7Q8B4	47.42	432	442
UniRef90_A0A0J9X949	47.06	432	427
UniRef90_UPI00059AFB19	90.24	432	420
UniRef90_R8BLU9	48.36	432	444
UniRef90_D5GDJ5	48.04	432	487
UniRef90_G3AXC0	45.67	432	457
UniRef90_UPI000440BD57	48.50	432	497
UniRef90_Q6CW26	47.68	432	456
UniRef90_J3NSV8	48.01	432	445
UniRef90_UPI000455EFD6	48.10	432	533
UniRef90_A0A0F7SV45	45.98	432	682
UniRef90_Q6C5J2	46.57	432	436
UniRef90_UPI0004F46BA8	76.60	432	377
UniRef90_J5JVT2	47.18	432	442
UniRef90_I1CRY5	48.16	432	445
UniRef90_A0A0C3BC95	46.96	432	511
UniRef90_D4AWU8	46.70	432	471
UniRef90_A0A0A1T5C2	46.23	432	461
UniRef90_A8NUH5	48.10	432	572
UniRef90_A0A0H2RDQ7	47.14	432	509
UniRef90_I1CNL7	48.65	432	460
UniRef90_G2RGT2	49.18	432	443
UniRef90_U6PB88	51.08	432	475
UniRef90_UPI0004542E82	89.80	432	386
UniRef90_Q21122	50.36	432	457
UniRef90_L2G1P3	47.42	432	1034
UniRef90_W3X235	45.18	432	441
UniRef90_C5PC19	46.21	432	534
UniRef90_A3LZ36	47.34	432	456
UniRef90_A0A0C3HK05	46.45	432	452
UniRef90_S3CW21	48.58	432	458
UniRef90_A0A0C9TFR5	46.74	432	535
UniRef90_S8FU99	47.85	432	492
UniRef90_V5FXN6	45.54	432	454
UniRef90_A0A068XGS1	55.56	432	414
UniRef90_A1CDR3	45.07	432	453
UniRef90_G4N6N9	48.59	432	443
UniRef90_W6Q1W6	45.20	432	456
UniRef90_UPI0003F49260	47.03	432	577
UniRef90_A0A0C3DAA1	48.05	432	536
UniRef90_C7YZD4	46.71	432	442
UniRef90_A0A0N4XFU1	51.22	432	452
UniRef90_A0A0C9ZG40	47.79	432	533
UniRef90_F4P400	48.29	432	521
UniRef90_A0A0D2P5N9	47.16	432	532
UniRef90_UPI0005298ECD	72.57	432	413
UniRef90_A0A0D0B236	48.46	432	538
UniRef90_A0A091CWI7	62.47	432	516
UniRef90_A0A067TJA1	48.36	432	500
UniRef90_F0XV45	45.88	432	443
UniRef90_A0A0F4Z0V8	45.37	432	502
UniRef90_A0A0D8XYF4	50.23	432	493
UniRef90_K0KV27	44.99	432	461
UniRef90_G3JKZ6	46.99	432	721
UniRef90_A0A0F8B0F8	47.56	432	1007
UniRef90_H6C3Y9	44.99	432	483
UniRef90_K1XEQ0	46.57	432	450
UniRef90_B3RUK8	53.48	432	426
UniRef90_S8AZ69	45.24	432	461
UniRef90_Q4WGP9	44.37	432	453
UniRef90_U6PBP6	53.21	432	1036
UniRef90_A0A016UVE8	52.20	432	834
UniRef90_P32604	47.43	432	452
UniRef90_U4LN00	46.79	432	512
UniRef90_H2AWN2	47.92	432	451
UniRef90_D8Q4F6	45.72	432	510
UniRef90_N1JQN6	43.21	432	495
UniRef90_W9WI86	45.37	432	475
UniRef90_A0A0M8MIW4	47.38	432	670
UniRef90_UPI0004AB5B34	58.05	432	481
UniRef90_UPI0004AB5B34	60.42	432	481
UniRef90_A0A0N4VAS3	52.01	432	466
UniRef90_A0A0B7NC18	48.79	432	497
UniRef90_A0A0K8LDU2	44.37	432	765
UniRef90_A0A0K0CZJ4	50.98	432	456
UniRef90_A0A0M3JS01	47.15	432	529
UniRef90_UPI00051E2CE3	81.38	432	375
UniRef90_B4PZH7	56.85	432	598
UniRef90_W1QHD3	45.72	432	451
UniRef90_UPI0004972D4A	59.04	432	507
UniRef90_G0W5I7	45.59	432	470
UniRef90_W9WLW3	44.29	432	484
UniRef90_F4RCV6	44.92	432	648
UniRef90_U1M8G9	52.71	432	469
UniRef90_A0A0F8XBP9	44.93	432	1573
UniRef90_A0A0F4Z7X2	46.24	432	444
UniRef90_C4JXA0	46.82	432	559
UniRef90_A0A0D2E4G7	44.29	432	481
UniRef90_H9JK44	60.59	432	403
UniRef90_A0A067RND1	47.67	432	576
UniRef90_A0A0L0NPF6	47.82	432	438
