UniRef90_P17612	98.81	334	351
UniRef90_P05132-2	97.02	334	343
UniRef90_A0A061IEV0	97.02	334	381
UniRef90_UPI00053F32E1	96.43	334	373
UniRef90_I3M074	96.43	334	343
UniRef90_UPI00046284C1	93.75	334	399
UniRef90_I3KHS3	91.99	334	356
UniRef90_UPI0004574E60	92.56	334	397
UniRef90_UPI0004BD89A7	93.15	334	383
UniRef90_P22694-9	92.56	334	358
UniRef90_P22694-3	92.26	334	339
UniRef90_UPI0003C4A201	92.56	334	370
UniRef90_Q6DBV8	90.18	334	351
UniRef90_W5MP72	91.37	334	396
UniRef90_K7G3R6	92.26	334	340
UniRef90_F7G4Q0	90.80	334	341
UniRef90_UPI0006442D57	90.77	334	395
UniRef90_A0A096LT49	89.88	334	380
UniRef90_H2LPG0	89.29	334	351
UniRef90_I3JKF0	89.58	334	381
UniRef90_UPI0004571361	87.98	334	411
UniRef90_E3TDZ8	88.70	334	353
UniRef90_C3YT92	87.50	334	369
UniRef90_UPI00064B8D08	89.29	334	359
UniRef90_H3ADL0	92.48	334	350
UniRef90_UPI0005333522	84.82	334	343
UniRef90_UPI0006D92105	86.31	334	359
UniRef90_F7C1A7	98.01	334	316
UniRef90_F6XMR1	85.42	334	398
UniRef90_F7I3D4	96.39	334	312
UniRef90_UPI0003F0BF08	86.27	334	352
UniRef90_P21137-6	84.52	334	370
UniRef90_P21137-13	84.48	334	349
UniRef90_UPI00027FA3B5	83.93	334	350
UniRef90_UPI00064489F1	85.10	334	355
UniRef90_A0A096MN53	91.80	334	338
UniRef90_UPI00042AD643	87.68	334	353
UniRef90_G3WR56	83.68	334	352
UniRef90_A0A0F7VKH7	87.50	334	366
UniRef90_P22612	83.93	334	351
UniRef90_UPI0002C338D7	88.76	334	330
UniRef90_F6PH07	85.12	334	367
UniRef90_Q16957	84.57	334	352
UniRef90_J0XF75	82.99	334	483
UniRef90_UPI0004430F8D	79.72	334	422
UniRef90_T1JBD4	83.77	334	486
UniRef90_B4NY66	83.63	334	488
UniRef90_A0A0B7AJ77	84.27	334	377
UniRef90_UPI0006B09014	83.33	334	352
UniRef90_B4M9H6	83.63	334	476
UniRef90_P12370	83.63	334	353
UniRef90_B4MVA0	83.63	334	498
UniRef90_Q4SLK1	77.24	334	395
UniRef90_Q4AC21	82.69	334	352
UniRef90_A0A0K8V0C2	83.33	334	353
UniRef90_UPI0006B08A22	83.28	334	375
UniRef90_Q7T374	84.23	334	395
UniRef90_K1PS11	82.60	334	354
UniRef90_E9IFT9	81.85	334	361
UniRef90_UPI000510D45D	94.93	334	341
UniRef90_T1KSF6	82.74	334	397
UniRef90_UPI0006444B1F	85.21	334	350
UniRef90_A0A093KWK7	93.73	334	303
UniRef90_C7DPD5	81.25	334	350
UniRef90_E6YE28	93.92	334	343
UniRef90_A0A0G2BGI7	86.27	334	395
UniRef90_A0A076FKS1	81.25	334	351
UniRef90_Q4R0Q1	81.49	334	423
UniRef90_A0A085MTA5	79.46	334	465
UniRef90_T2MGS3	83.63	334	351
UniRef90_W2SNE3	85.76	334	467
UniRef90_Q4R0Q0	81.49	334	466
UniRef90_UPI0006B0B68C	80.90	334	373
UniRef90_A0A0M9A1X7	83.90	334	527
UniRef90_F7AFW4	79.46	334	358
UniRef90_W5LD00	83.04	334	349
UniRef90_F7HZR8	77.98	334	349
UniRef90_H2YHW2	76.63	334	371
UniRef90_A0A0K0ESS1	74.05	334	530
UniRef90_F6URA9	91.89	334	302
UniRef90_F6UR98	92.26	334	312
UniRef90_P22694-10	83.63	334	321
UniRef90_A0A0N5DUH4	78.92	334	466
UniRef90_UPI000265906E	81.25	334	370
UniRef90_E5S3R1	74.58	334	361
UniRef90_W6UGX7	75.85	334	366
UniRef90_H2NXS7	85.12	334	299
UniRef90_M7AT04	91.47	334	293
UniRef90_UPI000695B17B	83.64	334	358
UniRef90_T1E1C0	77.31	334	366
UniRef90_I1FEP4	78.27	334	367
UniRef90_A0A085LK22	74.79	334	431
UniRef90_A0A0N5A3G1	78.98	334	477
UniRef90_E4WX10	80.06	334	351
UniRef90_A0A0D9R215	83.58	334	354
UniRef90_UPI0003EBDB5D	81.19	334	339
UniRef90_V8PG77	83.74	334	599
UniRef90_P21137-10	80.12	334	397
UniRef90_P21137	80.37	334	404
UniRef90_T1FPA1	76.79	334	341
UniRef90_UPI00046BF3ED	79.31	334	372
UniRef90_T1G759	75.00	334	350
UniRef90_S4R9C4	89.55	334	288
UniRef90_A0A0M3QTJ6	84.49	334	447
UniRef90_UPI000625770A	77.45	334	348
UniRef90_A0A087U1N7	79.29	334	375
UniRef90_A0A0N4VIT8	71.86	334	378
UniRef90_A0A0K0FE69	71.66	334	511
UniRef90_A0A0N5D1Y3	72.25	334	393
UniRef90_A0A0F7VHL0	78.57	334	412
UniRef90_A0A0N5CH13	83.61	334	536
UniRef90_UPI0003AB79E0	76.49	334	317
UniRef90_T1E265	76.19	334	330
UniRef90_E3M8X1	71.62	334	644
UniRef90_Q4S021	87.46	334	322
UniRef90_G4VSY8	82.77	334	351
UniRef90_UPI00062B65B5	75.07	334	319
UniRef90_A0A016W314	77.04	334	480
UniRef90_UPI0006253D60	98.05	334	326
UniRef90_K7H036	81.11	334	456
UniRef90_L8YD34	89.15	334	482
UniRef90_H2KTF1	73.95	334	390
UniRef90_A0A0K2UU13	82.59	334	293
UniRef90_K7H035	80.19	334	596
UniRef90_UPI00042BE402	83.96	334	293
UniRef90_G4VLY7	74.25	334	405
UniRef90_A0A095AH96	73.81	334	426
UniRef90_UPI00062595CA	75.00	334	391
UniRef90_P21137-4	87.05	334	548
UniRef90_A0A0B2VRN4	69.87	334	792
UniRef90_A0A0B2VRN4	78.05	334	792
UniRef90_M7ALG6	74.93	334	351
UniRef90_A0A068Y3S7	83.63	334	398
UniRef90_UPI00046C0BA2	86.81	334	296
UniRef90_T1EMJ9	67.86	334	339
UniRef90_G1RSN2	98.35	334	249
UniRef90_M7B5F6	89.96	334	322
UniRef90_F6Q261	94.24	334	243
UniRef90_UPI00044101FA	95.85	334	294
UniRef90_UPI000440CAB8	96.27	334	321
UniRef90_UPI0002ADB294	70.27	334	343
UniRef90_UPI0005152398	94.17	334	270
UniRef90_B1APG3	92.59	334	264
UniRef90_UPI0003288672	75.15	334	536
UniRef90_B1APF9	92.92	334	245
UniRef90_H2YHW3	86.90	334	364
UniRef90_A0A0F7VHE5	88.49	334	252
UniRef90_UPI0005333401	86.07	334	295
UniRef90_UPI0005333401	71.15	334	295
UniRef90_E0VEQ2	64.37	334	367
UniRef90_T1G9P4	63.87	334	333
UniRef90_UPI0004979155	89.63	334	306
UniRef90_A0A0G1ZEP3	85.60	334	266
UniRef90_E9HPB9	64.86	334	550
UniRef90_UPI000625520F	59.94	334	367
UniRef90_G1PB26	93.89	334	243
UniRef90_UPI0005959B45	61.38	334	348
UniRef90_A0A087VXZ6	63.72	334	401
UniRef90_A0A0L7R855	60.92	334	338
UniRef90_UPI000590DDA3	59.58	334	340
UniRef90_UPI000258E5F9	59.70	334	347
UniRef90_UPI000623CFD1	59.10	334	347
UniRef90_UPI000625DE74	60.18	334	366
UniRef90_UPI0006CEC578	60.90	334	355
UniRef90_UPI000623A487	61.08	334	347
UniRef90_A0A0A9WIZ8	60.30	334	352
UniRef90_K7ERP6	98.12	334	251
UniRef90_K7ERP6	84.62	334	251
UniRef90_Q5BXD3	81.63	334	276
UniRef90_A0A0N1IPW6	60.19	334	361
UniRef90_A0A068XBW6	62.62	334	400
UniRef90_UPI00067D971F	59.58	334	365
UniRef90_UPI00063F0A22	60.18	334	348
UniRef90_UPI0005D099AC	60.36	334	373
UniRef90_UPI0004F22B32	91.96	334	245
UniRef90_H9IV83	59.06	334	366
UniRef90_UPI0005EF4C78	57.43	334	364
UniRef90_UPI0006299325	59.10	334	364
UniRef90_UPI0006C9C886	57.69	334	367
UniRef90_W6UJC6	65.45	334	370
UniRef90_UPI00067606DD	59.75	334	373
UniRef90_UPI0006D5210D	59.88	334	384
UniRef90_A0A0L7LC89	55.79	334	360
UniRef90_A0A0L7LQB0	57.99	334	368
UniRef90_S6D318	58.86	334	388
UniRef90_F4WP06	57.43	334	357
UniRef90_W4YJT1	82.83	334	233
UniRef90_B7S8R5	58.38	334	387
UniRef90_A0A074ZH18	59.82	334	343
UniRef90_G7YQM8	62.69	334	275
UniRef90_A0A026W178	58.75	334	350
UniRef90_A0A0C9RV13	58.38	334	370
UniRef90_UPI0006C9B64D	57.27	334	353
UniRef90_UPI0004541EFC	90.37	334	257
UniRef90_UPI0006D4F1F0	57.19	334	354
UniRef90_K7J5F3	60.25	334	373
UniRef90_A0A0M3ICM0	71.02	334	283
UniRef90_F7C0Y8	98.49	334	216
UniRef90_UPI0005CE3FA4	59.31	334	362
UniRef90_UPI0006D4E620	55.99	334	352
UniRef90_B0W7M1	55.59	334	416
UniRef90_UPI00061890F9	62.23	334	295
UniRef90_Q17JG1	56.05	334	405
UniRef90_H2KU48	54.76	334	345
UniRef90_UPI000331596E	83.94	334	218
UniRef90_A0A0K0JSZ6	88.46	334	208
UniRef90_T1FZ40	66.91	334	272
UniRef90_A0A0K8U3X5	82.30	334	250
UniRef90_UPI0006263754	84.00	334	218
UniRef90_A0A0L0DN52	60.68	334	396
UniRef90_A0A0A9W4L6	55.22	334	350
UniRef90_A0A068RT56	61.49	334	416
UniRef90_Q12741	62.59	334	425
UniRef90_L8GJI9	58.55	334	349
UniRef90_D6X4G7	57.89	334	356
UniRef90_U9TCK6	61.43	334	405
UniRef90_A0A0A1PC69	62.80	334	397
UniRef90_A0A068S8R4	61.54	334	484
UniRef90_A0A068XA99	54.19	334	343
UniRef90_A0A088AJ56	62.50	334	280
UniRef90_A0A068YE76	53.41	334	343
UniRef90_W5JKX0	53.71	334	353
UniRef90_A0A0L0HDL5	60.88	334	485
UniRef90_A0A0L0SP09	61.56	334	419
UniRef90_A0A0D2WKP2	61.43	334	369
UniRef90_A0A0B7MZ21	61.90	334	406
UniRef90_F4PBU6	62.03	334	499
UniRef90_H3F4K4	80.27	334	259
UniRef90_A0A084VNE4	52.35	334	350
UniRef90_A0A0L0HTL9	59.48	334	341
UniRef90_A0A058Z308	59.54	334	535
UniRef90_A0A077Z9I3	57.64	334	401
UniRef90_A0A0C2DLJ5	86.76	334	205
UniRef90_A0A0B7AUS8	53.42	334	343
UniRef90_A0A0D8Y9E4	80.27	334	322
UniRef90_A0A068RXP5	60.14	334	434
UniRef90_S2KBP7	58.22	334	472
UniRef90_A0A0B7MVM4	58.92	334	385
UniRef90_UPI00067D5E60	61.28	334	280
UniRef90_A0A077WKQ1	59.46	334	315
UniRef90_A0A068RGM4	57.32	334	478
UniRef90_A0A0L0SAZ8	59.86	334	429
UniRef90_Q7Q3T7	50.43	334	368
UniRef90_A0A077WAG1	58.25	334	347
UniRef90_A0A077X253	60.34	334	514
UniRef90_I1BNZ8	60.00	334	426
UniRef90_F4NUZ1	58.02	334	431
UniRef90_A0A0A1N5B8	57.89	334	433
UniRef90_A0A068RK32	58.92	334	477
UniRef90_A0A0C9MGM3	60.00	334	539
UniRef90_R1C7T6	57.37	334	320
UniRef90_A0A0B7NXK4	57.24	334	431
UniRef90_G6DHX1	61.60	334	280
UniRef90_A0A0A1NK84	57.24	334	392
UniRef90_F2U497	56.71	334	422
UniRef90_A0A0G4J7E7	58.53	334	633
UniRef90_I1CVK5	57.89	334	430
UniRef90_F4PBK5	60.63	334	476
UniRef90_A0A0L0TAQ2	55.91	334	700
UniRef90_A0A0B7NJ09	59.32	334	455
UniRef90_I1C4X1	55.62	334	403
UniRef90_I1CTI3	55.35	334	344
UniRef90_A0A068RJC3	59.39	334	502
UniRef90_D6WKH0	55.59	334	347
UniRef90_I1BMB6	56.58	334	393
UniRef90_B4J1W0	53.50	334	501
UniRef90_T1PE60	57.00	334	444
UniRef90_A0A0H5R1I7	58.50	334	633
UniRef90_A0A068RZN7	58.39	334	456
UniRef90_B4KY84	54.46	334	500
UniRef90_A0A068SA20	53.27	334	431
UniRef90_A0A015KDA8	59.86	334	429
UniRef90_G0SVB6	56.71	334	493
UniRef90_A0A086TKG3	59.80	334	451
UniRef90_S2JIS0	54.72	334	444
UniRef90_W8B1Q2	54.14	334	485
UniRef90_UPI0006B752E1	78.26	334	210
UniRef90_M7WRY9	56.71	334	552
UniRef90_A0A0C9LZ74	55.70	334	467
UniRef90_J3JXC9	55.10	334	360
UniRef90_D3B9A5	56.11	334	559
UniRef90_UPI0006B102F6	55.88	334	388
UniRef90_A0A0L0G7E1	57.58	334	472
UniRef90_A0A068SCI2	55.10	334	436
UniRef90_A0A0C9RC96	55.56	334	332
UniRef90_Q16NW2	58.60	334	328
UniRef90_A0A088AAE1	55.89	334	331
UniRef90_A0A0B7MXF2	56.35	334	470
UniRef90_B5DPG8	53.18	334	507
UniRef90_UPI0003F083DD	53.55	334	348
UniRef90_B4MXV4	53.50	334	545
UniRef90_L1IBW3	54.55	334	336
UniRef90_UPI0006CED654	55.93	334	321
UniRef90_A0A0B7NHQ7	54.09	334	474
UniRef90_P16912	53.50	334	583
UniRef90_UPI000697A7E0	54.76	334	345
UniRef90_Q231B5	55.25	334	319
UniRef90_K6ZF52	53.47	334	358
UniRef90_P51817	53.47	334	358
UniRef90_M3XPU3	55.25	334	361
UniRef90_G3B166	52.87	334	423
UniRef90_UPI0006B0E0A4	56.31	334	347
UniRef90_A0A0D6EG84	56.19	334	525
UniRef90_A0A0L0SRA6	55.48	334	684
UniRef90_B4ITX2	53.50	334	588
UniRef90_G7E8E2	57.38	334	816
UniRef90_G1KEK9	53.90	334	359
UniRef90_Q5KP84	55.38	334	464
UniRef90_A0A0C4ENJ6	56.04	334	499
UniRef90_C5L7G3	56.61	334	399
UniRef90_UPI0003288F5A	54.14	334	317
UniRef90_A0A0D2WLZ6	54.79	334	366
UniRef90_A9UQT5	51.15	334	387
UniRef90_UPI000533EEB8	74.89	334	323
UniRef90_F4RUY9	56.04	334	424
UniRef90_A0A0A1MWD3	58.36	334	403
UniRef90_W4G094	54.78	334	337
UniRef90_Q5DDU1	65.73	334	267
UniRef90_W5UFZ0	54.92	334	356
UniRef90_UPI00067413FD	53.27	334	385
UniRef90_I4Y8W9	54.75	334	433
UniRef90_A0A0J0XWH3	57.38	334	528
UniRef90_U5GXU7	55.52	334	605
UniRef90_F4PJF5	56.90	334	657
UniRef90_UPI00004D96DE	53.67	334	369
UniRef90_A0A0F7RYI2	55.70	334	328
UniRef90_H2B188	54.55	334	373
UniRef90_UPI00046BFA87	87.56	334	200
UniRef90_B4GRJ8	53.18	334	713
UniRef90_A0A0L0RVH7	56.23	334	696
UniRef90_W4GML3	55.63	334	328
UniRef90_E6ZPW7	55.70	334	396
UniRef90_M4B3B8	54.10	334	331
UniRef90_UPI0005334BD8	53.82	334	501
UniRef90_R9ACS3	53.73	334	585
UniRef90_UPI0006D515FA	50.00	334	350
UniRef90_C5M7A4	51.53	334	425
UniRef90_D2V5S4	54.67	334	331
UniRef90_UPI0006B378BD	53.31	334	335
UniRef90_I3MW45	53.29	334	307
UniRef90_C4YCH7	54.14	334	441
UniRef90_A5DAZ1	52.23	334	406
UniRef90_UPI0006441661	54.55	334	357
UniRef90_F0WJD3	54.21	334	344
UniRef90_A7SM62	53.82	334	328
UniRef90_M3K6T5	52.20	334	439
UniRef90_G3W189	54.55	334	304
UniRef90_A0A060WKM3	53.69	334	358
UniRef90_UPI0003F48D20	55.77	334	528
UniRef90_UPI000703ED10	56.10	334	409
UniRef90_A0A0A1P8B9	56.31	334	397
UniRef90_UPI00042ADB1C	51.08	334	358
UniRef90_A0A0L0CFN8	51.72	334	352
UniRef90_UPI0006D5043A	53.67	334	318
UniRef90_A0A0E9NH43	55.85	334	744
UniRef90_W5LR01	53.95	334	360
UniRef90_U3JPS4	53.22	334	318
UniRef90_F4W3Z8	55.22	334	331
UniRef90_A0A0M0UBK1	54.29	334	518
UniRef90_H3G992	53.56	334	334
UniRef90_UPI0002C42787	52.98	334	353
UniRef90_P34099	55.12	334	648
UniRef90_F1A1Y1	54.93	334	565
UniRef90_B9WC07	51.71	334	433
UniRef90_A3LYD5	48.96	334	372
UniRef90_Q9SXP9	54.97	334	336
UniRef90_UPI000265706A	54.33	334	327
UniRef90_M7B486	80.09	334	220
UniRef90_Q6BK94	52.55	334	420
UniRef90_I2GV52	55.59	334	403
UniRef90_UPI0006B0C46B	52.23	334	354
UniRef90_UPI0003F17047	53.64	334	353
UniRef90_B6AG24	55.10	334	371
UniRef90_Q4E4S9	55.08	334	387
UniRef90_A0A0G4G069	55.12	334	343
UniRef90_A0A085MG76	57.96	334	2906
UniRef90_UPI000494DFB0	54.58	334	353
UniRef90_A0A0C7B8D0	56.80	334	461
UniRef90_W5MVS4	52.82	334	361
UniRef90_C5M1E1	57.39	334	318
UniRef90_C5LIX3	53.14	334	359
UniRef90_UPI0006B0ABD4	53.59	334	351
UniRef90_Q01143	55.18	334	539
UniRef90_A0A0H5RN39	57.84	334	355
UniRef90_A0A0G4IID1	55.48	334	358
UniRef90_G8YGC6	50.00	334	373
UniRef90_H0WW36	55.79	334	308
UniRef90_A0A084G5L0	56.19	334	555
UniRef90_A0A099NZ00	49.25	334	504
UniRef90_Q6FSP1	54.88	334	361
UniRef90_Q6CCL9	51.59	334	330
UniRef90_K7J1Q0	53.87	334	331
UniRef90_E3QCK6	53.02	334	510
UniRef90_UPI000614B2F1	55.52	334	364
UniRef90_A0A0G4H3A6	54.58	334	363
UniRef90_C5LW67	53.69	334	317
UniRef90_UPI0003F0DEC2	51.99	334	350
UniRef90_F1QN39	53.82	334	357
UniRef90_UPI0006969C82	53.22	334	348
UniRef90_U5HGX8	54.07	334	760
UniRef90_UPI00062AAD58	52.96	334	538
UniRef90_UPI0006D8DA3D	53.90	334	375
UniRef90_UPI00042BF6B3	55.44	334	340
UniRef90_Q3SDY7	54.21	334	323
UniRef90_R0LMM9	54.04	334	303
UniRef90_UPI0004D0A479	54.70	334	332
UniRef90_Q922R0	51.42	334	355
UniRef90_P06245	53.87	334	380
UniRef90_O42793	53.02	334	530
UniRef90_A0A061AJA8	50.94	334	385
UniRef90_A0A077R7Z3	56.75	334	393
UniRef90_UPI000674E953	55.40	334	305
UniRef90_Q6CS82	50.47	334	372
UniRef90_A0A0L0NR37	54.55	334	448
UniRef90_UPI0004547EA5	53.68	334	367
UniRef90_S9WC63	55.78	334	332
UniRef90_K0KQP6	53.20	334	446
UniRef90_Q3Y3Z2	55.52	334	536
UniRef90_A4HN71	51.83	334	372
UniRef90_R8BXP9	52.38	334	337
UniRef90_UPI0005CDF079	53.87	334	331
UniRef90_G8BTZ6	53.90	334	402
UniRef90_G8ZVX1	53.54	334	360
UniRef90_A0A0K2UGR1	53.95	334	356
UniRef90_F6V5J2	54.90	334	306
UniRef90_R4FM40	48.96	334	415
UniRef90_A3FQ39	54.52	334	392
UniRef90_H2XXD3	51.29	334	314
UniRef90_G2QE74	55.74	334	558
UniRef90_UPI0006708AC1	54.04	334	354
UniRef90_F6UVR0	53.68	334	347
UniRef90_UPI0006B1F596	54.58	334	338
UniRef90_H8X3A2	53.87	334	448
UniRef90_A0A0M9FYQ1	52.40	334	332
UniRef90_G2RC22	55.07	334	521
UniRef90_UPI0006B0989E	53.02	334	317
UniRef90_C5E2E1	49.37	334	353
UniRef90_A0A0N0DHD5	52.53	334	506
UniRef90_UPI0004544282	50.31	334	358
UniRef90_T0R293	55.74	334	600
UniRef90_A0A0B1PBP2	55.18	334	480
UniRef90_N6U822	59.85	334	268
UniRef90_D7FMK1	55.83	334	323
UniRef90_L2G7I3	52.70	334	505
UniRef90_UPI0006735BD2	52.98	334	438
UniRef90_A0A095BXJ8	52.16	334	320
UniRef90_UPI00052363D8	54.04	334	346
UniRef90_C4JXF5	52.70	334	487
UniRef90_S2JLD1	52.28	334	396
UniRef90_A0A061H368	53.31	334	431
UniRef90_C7YNK6	52.56	334	567
UniRef90_G0QRR9	54.24	334	319
UniRef90_UPI000523EA53	54.04	334	352
UniRef90_G3AKQ7	51.27	334	448
UniRef90_A0A0F8B558	55.18	334	520
UniRef90_J3P3T9	55.18	334	557
UniRef90_F6SJ42	51.16	334	384
UniRef90_UPI000441DBA3	53.42	334	358
UniRef90_W1QL34	51.91	334	390
UniRef90_Q27687	53.72	334	332
UniRef90_G9P4Q9	53.16	334	562
UniRef90_C9ZYS7	52.35	334	393
UniRef90_J9JCC2	50.94	334	342
UniRef90_A0A091U4E9	54.04	334	303
UniRef90_V5ZE33	52.22	334	571
UniRef90_A0A091EWY4	53.68	334	303
UniRef90_W6MJJ9	48.49	334	439
UniRef90_M3WRS2	55.24	334	309
UniRef90_A0A066V6Y9	53.63	334	405
UniRef90_A0A0C3HYY4	55.41	334	480
UniRef90_UPI0004542DCD	49.54	334	450
UniRef90_UPI0003C365B4	52.04	334	370
UniRef90_C9ZYT4	54.15	334	398
UniRef90_T1G414	54.55	334	304
UniRef90_A0A068S787	53.40	334	474
UniRef90_F2QPE4	53.87	334	443
UniRef90_D5GBF4	54.21	334	356
UniRef90_A0A098DVS4	52.53	334	591
UniRef90_S3E2L2	54.05	334	484
UniRef90_F0XQ74	54.52	334	429
UniRef90_A0A0A1NR10	56.31	334	675
UniRef90_A0A0A1NR10	58.69	334	675
UniRef90_G8JP47	51.12	334	352
UniRef90_A0A0M9GB59	53.27	334	376
UniRef90_G2X7L6	52.06	334	530
UniRef90_Q5KBC8	46.94	334	567
UniRef90_A0A016SV83	52.52	334	390
UniRef90_T1I8D4	56.14	334	304
UniRef90_K2MXD5	53.97	334	373
UniRef90_H2N2A0	53.22	334	358
UniRef90_C5PBX4	50.76	334	482
UniRef90_L7LY64	50.16	334	362
UniRef90_UPI0006C93FE3	53.69	334	332
UniRef90_I2H1X8	54.21	334	426
UniRef90_C5LCD4	57.60	334	329
UniRef90_A5DYL9	53.20	334	463
UniRef90_G0V5D4	54.05	334	354
UniRef90_A0A090CTZ1	54.21	334	520
UniRef90_Q7JP68	50.64	334	398
UniRef90_A0A075AVZ9	58.87	334	283
UniRef90_A0A060T576	52.19	334	446
UniRef90_A0A061HUT6	51.82	334	499
UniRef90_G0RD07	55.07	334	449
UniRef90_H9GFQ3	95.35	334	172
UniRef90_P17612	98.81	334	351
UniRef90_UPI0004574E60	92.56	334	397
UniRef90_UPI00046284C1	93.75	334	399
UniRef90_UPI00053F32E1	96.43	334	373
UniRef90_P05132-2	97.02	334	343
UniRef90_A0A061IEV0	97.02	334	381
UniRef90_W5MP72	91.37	334	396
UniRef90_Q6DBV8	90.18	334	351
UniRef90_UPI0006442D57	90.77	334	395
UniRef90_P22694-9	92.56	334	358
UniRef90_I3M074	96.43	334	343
UniRef90_H2LPG0	89.29	334	351
UniRef90_UPI0004BD89A7	93.15	334	383
UniRef90_P22694-3	92.26	334	339
UniRef90_P21137-6	84.52	334	370
UniRef90_A0A096LT49	89.88	334	380
UniRef90_P21137-13	84.48	334	349
UniRef90_C3YT92	87.50	334	369
UniRef90_I3JKF0	89.58	334	381
UniRef90_I3KHS3	91.99	334	356
UniRef90_J0XF75	82.99	334	483
UniRef90_F7G4Q0	90.80	334	341
UniRef90_UPI0004571361	87.98	334	411
UniRef90_F6XMR1	85.42	334	398
UniRef90_A0A085MTA5	79.46	334	465
UniRef90_UPI0003F0BF08	86.27	334	352
UniRef90_B4NY66	83.63	334	488
UniRef90_UPI0006D92105	86.31	334	359
UniRef90_UPI0003C4A201	92.56	334	370
UniRef90_B4M9H6	83.63	334	476
UniRef90_T1JBD4	83.77	334	486
UniRef90_B4MVA0	83.63	334	498
UniRef90_T1KSF6	82.74	334	397
UniRef90_P12370	83.63	334	353
UniRef90_UPI0005333522	84.82	334	343
UniRef90_E9IFT9	81.85	334	361
UniRef90_UPI0006B08A22	83.28	334	375
UniRef90_Q16957	84.57	334	352
UniRef90_A0A0K8V0C2	83.33	334	353
UniRef90_UPI00027FA3B5	83.93	334	350
UniRef90_UPI0006B09014	83.33	334	352
UniRef90_A0A0B7AJ77	83.98	334	377
UniRef90_K7G3R6	92.26	334	340
UniRef90_UPI0004430F8D	79.72	334	422
UniRef90_K1PS11	82.60	334	354
UniRef90_A0A0N5DUH4	78.92	334	466
UniRef90_A0A0F7VKH7	87.50	334	366
UniRef90_Q4AC21	82.69	334	352
UniRef90_A0A0M9A1X7	83.64	334	527
UniRef90_UPI00064B8D08	89.29	334	359
UniRef90_E3TDZ8	88.70	334	353
UniRef90_A0A076FKS1	81.25	334	351
UniRef90_Q4R0Q1	81.49	334	423
UniRef90_C7DPD5	81.25	334	350
UniRef90_P22612	83.93	334	351
UniRef90_UPI0006B0B68C	80.90	334	373
UniRef90_W2SNE3	85.76	334	467
UniRef90_G3WR56	83.68	334	352
UniRef90_A0A085LK22	74.79	334	431
UniRef90_Q7T374	84.23	334	395
UniRef90_H3ADL0	92.48	334	350
UniRef90_Q4R0Q0	81.49	334	466
UniRef90_E5S3R1	74.58	334	361
UniRef90_A0A0K0ESS1	74.05	334	530
UniRef90_Q4SLK1	77.24	334	395
UniRef90_A0A096MN53	91.80	334	338
UniRef90_F6PH07	85.12	334	367
UniRef90_W6UGX7	75.85	334	366
UniRef90_T2MGS3	83.63	334	351
UniRef90_A0A0N5A3G1	78.98	334	477
UniRef90_T1E1C0	77.31	334	366
UniRef90_I1FEP4	78.27	334	367
UniRef90_UPI00064489F1	85.10	334	355
UniRef90_UPI000265906E	81.25	334	370
UniRef90_F7C1A7	98.01	334	316
UniRef90_F7AFW4	79.46	334	358
UniRef90_E4WX10	80.06	334	351
UniRef90_F7I3D4	97.99	334	312
UniRef90_T1FPA1	76.79	334	341
UniRef90_UPI000510D45D	94.30	334	341
UniRef90_P21137	76.07	334	404
UniRef90_P21137-10	75.85	334	397
UniRef90_T1G759	75.00	334	350
UniRef90_A0A0K0FE69	71.66	334	511
UniRef90_A0A0G2BGI7	86.27	334	395
UniRef90_A0A093KWK7	94.30	334	303
UniRef90_H2YHW2	76.63	334	371
UniRef90_UPI000695B17B	79.59	334	358
UniRef90_E6YE28	93.92	334	343
UniRef90_E3M8X1	71.62	334	644
UniRef90_A0A0N4VIT8	70.89	334	378
UniRef90_F7HZR8	77.98	334	349
UniRef90_UPI0002C338D7	87.21	334	330
UniRef90_A0A0M3QTJ6	84.49	334	447
UniRef90_UPI0006444B1F	85.21	334	350
UniRef90_A0A0F7VHL0	67.98	334	412
UniRef90_A0A0N5D1Y3	72.05	334	393
UniRef90_UPI00042AD643	87.72	334	353
UniRef90_A0A087U1N7	79.29	334	375
UniRef90_UPI0003EBDB5D	81.19	334	339
UniRef90_W5LD00	83.04	334	349
UniRef90_G4VLY7	74.25	334	405
UniRef90_H2KTF1	73.95	334	390
UniRef90_A0A0N5CH13	83.61	334	536
UniRef90_A0A016W314	77.64	334	480
UniRef90_V8PG77	83.74	334	599
UniRef90_A0A095AH96	74.25	334	426
UniRef90_P22694-10	83.63	334	321
UniRef90_K7H035	81.43	334	596
UniRef90_K7H035	68.29	334	596
UniRef90_T1E265	76.19	334	330
UniRef90_F6UR98	91.03	334	312
UniRef90_T1EMJ9	67.86	334	339
UniRef90_K7H036	80.58	334	456
UniRef90_K7H036	68.29	334	456
UniRef90_F6URA9	91.89	334	302
UniRef90_A0A0B2VRN4	68.31	334	792
UniRef90_A0A0B2VRN4	78.05	334	792
UniRef90_UPI000625770A	77.45	334	348
UniRef90_A0A0L0HDL5	57.32	334	485
UniRef90_A0A0B7NXK4	55.10	334	431
UniRef90_A0A077X253	55.86	334	514
UniRef90_M7AT04	91.47	334	293
UniRef90_U9TCK6	56.35	334	405
UniRef90_A0A068RK32	56.37	334	477
UniRef90_A0A084G5L0	53.27	334	555
UniRef90_UPI00046BF3ED	79.02	334	372
UniRef90_UPI0003AB79E0	76.49	334	317
UniRef90_A0A0A1N5B8	55.03	334	433
UniRef90_P21137-4	87.68	334	548
UniRef90_Q12741	58.81	334	425
UniRef90_O42793	51.70	334	530
UniRef90_E0VEQ2	63.61	334	367
UniRef90_A0A0M0UBK1	53.27	334	518
UniRef90_G4VSY8	82.77	334	351
UniRef90_G2RC22	51.71	334	521
UniRef90_S2KBP7	55.35	334	472
UniRef90_I1BNZ8	55.42	334	426
UniRef90_I1CVK5	55.03	334	430
UniRef90_C7YNK6	51.55	334	567
UniRef90_B8MLH4	50.15	334	480
UniRef90_A0A068SCI2	52.63	334	436
UniRef90_G2QE74	52.65	334	558
UniRef90_UPI000623CFD1	59.10	334	347
UniRef90_E3QCK6	51.70	334	510
UniRef90_A0A068Y3S7	83.63	334	398
UniRef90_A0A0L0TAQ2	55.73	334	700
UniRef90_A0A0L0SP09	57.86	334	419
UniRef90_A0A077WAG1	55.73	334	347
UniRef90_H2NXS7	85.12	334	299
UniRef90_Q9Y777	50.93	334	522
UniRef90_A0A0F8B558	52.34	334	520
UniRef90_A0A068RJC3	54.32	334	502
UniRef90_V5ZE33	51.24	334	571
UniRef90_Q01143	52.34	334	539
UniRef90_A0A0N0DHD5	51.55	334	506
UniRef90_G9P4Q9	52.17	334	562
UniRef90_Q3Y3Z2	52.65	334	536
UniRef90_A0A093VJS3	48.08	334	481
UniRef90_C0H5W3	50.78	334	487
UniRef90_L2G7I3	51.71	334	505
UniRef90_S4R9C4	90.18	334	288
UniRef90_A0A058Z308	57.05	334	535
UniRef90_K1X856	50.46	334	492
UniRef90_A0A0K2UU13	82.59	334	293
UniRef90_Q0CYS7	49.54	334	478
UniRef90_A0A0D1YMZ3	49.84	334	455
UniRef90_A0A084QY27	51.55	334	620
UniRef90_I1BMB6	53.11	334	393
UniRef90_A0A0E9NH43	52.80	334	744
UniRef90_R1EGI5	50.77	334	482
UniRef90_L8FWG9	51.09	334	458
UniRef90_S3E2L2	50.46	334	484
UniRef90_A0A0A1NK84	54.40	334	392
UniRef90_M1WFN3	51.24	334	589
UniRef90_A0A098DVS4	51.55	334	591
UniRef90_V5FCA9	51.25	334	429
UniRef90_W3X3L7	52.02	334	496
UniRef90_B0LW64	49.84	334	491
UniRef90_UPI000258E5F9	59.70	334	347
UniRef90_G9N9Q4	51.86	334	548
UniRef90_A0A0A1TID0	51.55	334	539
UniRef90_A0A0L7R855	59.40	334	338
UniRef90_A0A015KDA8	56.43	334	429
UniRef90_A0A0L0SAZ8	57.01	334	429
UniRef90_C4JXF5	51.88	334	487
UniRef90_UPI0005959B45	61.38	334	348
UniRef90_A0A0C9MGM3	58.61	334	539
UniRef90_C5PBX4	49.13	334	482
UniRef90_M7WRY9	54.09	334	552
UniRef90_UPI00062B65B5	75.07	334	319
UniRef90_G2X7L6	50.77	334	530
UniRef90_A0A0B7NJ09	55.80	334	455
UniRef90_F4PBU6	58.99	334	499
UniRef90_A0A0F8ULH7	49.69	334	471
UniRef90_G5EB66	50.31	334	472
UniRef90_C1GNL3	50.00	334	585
UniRef90_A0A0G2FPK6	50.62	334	472
UniRef90_A0A068S8R4	57.94	334	484
UniRef90_R8BXP9	51.40	334	337
UniRef90_A0A0B1PBP2	52.01	334	480
UniRef90_A0A0J0XWH3	53.40	334	528
UniRef90_C4YCH7	52.81	334	441
UniRef90_A0A0B7NHQ7	50.73	334	474
UniRef90_F0XQ74	53.44	334	429
UniRef90_S2JIS0	53.77	334	444
UniRef90_UPI000590DDA3	59.58	334	340
UniRef90_M2NII8	49.53	334	462
UniRef90_A0A0C9LZ74	53.25	334	467
UniRef90_A0A068RT56	58.13	334	416
UniRef90_T1PE60	53.31	334	444
UniRef90_A0A063BSK5	50.62	334	568
UniRef90_A0A068RZN7	55.87	334	456
UniRef90_F4NUZ1	54.75	334	431
UniRef90_A0A0A1PC69	58.81	334	397
UniRef90_A0A0C3HYY4	52.50	334	480
UniRef90_M3K6T5	49.85	334	439
UniRef90_A0A0D2WKP2	57.73	334	369
UniRef90_W6MJJ9	48.20	334	439
UniRef90_K2S315	50.15	334	344
UniRef90_W8B1Q2	53.31	334	485
UniRef90_A0A087VXZ6	60.41	334	401
UniRef90_G0RD07	51.55	334	449
UniRef90_Q9UUS9	50.93	334	472
UniRef90_B9WC07	49.85	334	433
UniRef90_Q6BK94	50.76	334	420
UniRef90_A0A0L9SMV1	50.62	334	501
UniRef90_N1QDY9	50.47	334	462
UniRef90_T5AJF4	51.08	334	526
UniRef90_A0A0B7MXF2	53.56	334	470
UniRef90_UPI0005334BD8	51.90	334	501
UniRef90_G3B166	51.06	334	423
UniRef90_A0A068RXP5	56.25	334	434
UniRef90_C5M7A4	50.15	334	425
UniRef90_H6C3M8	51.08	334	428
UniRef90_UPI0006CEC578	60.90	334	355
UniRef90_A0A0D1Z6V7	50.46	334	424
UniRef90_G0SVB6	54.43	334	493
UniRef90_UPI000625520F	59.58	334	367
UniRef90_J3P3T9	52.34	334	557
UniRef90_J5JQN7	50.62	334	548
UniRef90_M3A037	49.84	334	454
UniRef90_U4KZ26	50.93	334	495
UniRef90_A2QCP3	51.97	334	506
UniRef90_P16912	53.00	334	583
UniRef90_A5DAZ1	49.70	334	406
UniRef90_K9J9N5	49.54	334	464
UniRef90_A0A060T576	49.06	334	446
UniRef90_UPI0005EF4C78	57.26	334	364
UniRef90_D6WKH0	53.87	334	347
UniRef90_A0A0B7MZ21	57.50	334	406
UniRef90_UPI00063F0A22	60.00	334	348
UniRef90_G8YGC6	49.70	334	373
UniRef90_K0KQP6	50.00	334	446
UniRef90_Q5KP84	55.03	334	464
UniRef90_Q4X0V1	49.85	334	490
UniRef90_B7S8R5	57.66	334	387
UniRef90_A0A068XBW6	60.29	334	400
UniRef90_Q8J129	49.85	334	502
UniRef90_A0A0L0DN52	58.39	334	396
UniRef90_A0A0D9R215	83.58	334	354
UniRef90_W9YK03	52.38	334	418
UniRef90_G1X456	49.22	334	519
UniRef90_G1KEK9	51.60	334	359
UniRef90_Q0U5G3	47.49	334	503
UniRef90_A0A0D2DSB1	50.77	334	427
UniRef90_A0A0F7TE32	50.93	334	429
UniRef90_M9RZ23	47.49	334	507
UniRef90_B4ITX2	53.00	334	588
UniRef90_A0A090CTZ1	52.79	334	520
UniRef90_Q6CCL9	50.62	334	330
UniRef90_S8AB97	50.00	334	477
UniRef90_I2JWJ2	48.94	334	505
UniRef90_P06245	50.62	334	380
UniRef90_Q6CS82	48.81	334	372
UniRef90_B4MXV4	53.00	334	545
UniRef90_H8X3A2	49.55	334	448
UniRef90_S8B1N5	50.31	334	446
UniRef90_A0A0B7AUS8	53.42	334	343
UniRef90_UPI00062AAD58	50.94	334	538
UniRef90_R7Z2Q1	51.66	334	429
UniRef90_B4KY84	53.94	334	500
UniRef90_C5JSG3	49.54	334	574
UniRef90_UPI00004D96DE	51.75	334	369
UniRef90_U5GXU7	53.14	334	605
UniRef90_A0A0N1NYU3	49.85	334	428
UniRef90_I2GV52	51.88	334	403
UniRef90_I4Y8W9	53.03	334	433
UniRef90_M2UZ73	47.49	334	758
UniRef90_K6ZF52	51.57	334	358
UniRef90_Q6FSP1	50.76	334	361
UniRef90_I1CTI3	53.21	334	344
UniRef90_UPI0006299325	59.10	334	364
UniRef90_W2RV90	51.43	334	431
UniRef90_A0A0L0HTL9	57.59	334	341
UniRef90_C5FNB1	51.25	334	502
UniRef90_A0A017SL52	48.77	334	446
UniRef90_S6D318	58.86	334	388
UniRef90_A0A061AJA8	48.64	334	385
UniRef90_E4UML1	50.62	334	534
UniRef90_UPI000625DE74	60.18	334	366
UniRef90_UPI0006B102F6	55.34	334	388
UniRef90_G3AKQ7	49.24	334	448
UniRef90_A0A099NZ00	49.25	334	504
UniRef90_D5GBF4	50.93	334	356
UniRef90_H2B188	50.46	334	373
UniRef90_UPI000623A487	61.08	334	347
UniRef90_P51817	51.57	334	358
UniRef90_E6ZPW7	52.98	334	396
UniRef90_A0A0F2ME78	50.95	334	546
UniRef90_A0A0J9XJA2	48.01	334	365
UniRef90_A0A0A9WIZ8	60.30	334	352
UniRef90_M2T3T3	47.49	334	535
UniRef90_W6QSQ5	51.23	334	392
UniRef90_UPI0003288F5A	53.31	334	317
UniRef90_B8NH99	51.80	334	385
UniRef90_UPI0006B0C46B	51.90	334	354
UniRef90_F2QPE4	50.62	334	443
UniRef90_F2Q3N9	50.94	334	401
UniRef90_B5DPG8	52.68	334	507
UniRef90_W7HKI3	49.54	334	487
UniRef90_B4GRJ8	52.68	334	713
UniRef90_A0A0G2I6Q5	51.48	334	571
UniRef90_F8SA27	47.49	334	487
UniRef90_J3JXC9	54.92	334	360
UniRef90_UPI0002C42787	50.63	334	353
UniRef90_UPI0006C9C886	57.06	334	367
UniRef90_UPI0003F48D20	53.31	334	528
UniRef90_C5E2E1	47.75	334	353
UniRef90_UPI0006B0E0A4	52.63	334	347
UniRef90_UPI0006CED654	53.50	334	321
UniRef90_UPI00062595CA	74.55	334	391
UniRef90_A5DYL9	48.64	334	463
UniRef90_W1QL34	50.15	334	390
UniRef90_J7S6M8	49.10	334	395
UniRef90_UPI00067D971F	59.58	334	365
UniRef90_W5LR01	51.89	334	360
UniRef90_F4WP06	57.27	334	357
UniRef90_UPI0006D5043A	53.50	334	318
UniRef90_L8GJI9	56.25	334	349
UniRef90_UPI00042BE402	83.96	334	293
UniRef90_W0VLM8	48.76	334	417
UniRef90_B4J1W0	53.00	334	501
UniRef90_F9X6J7	48.60	334	461
UniRef90_F4PBK5	55.76	334	476
UniRef90_W9WHY3	51.90	334	445
UniRef90_C0ND96	49.85	334	450
UniRef90_A0A061H368	52.98	334	431
UniRef90_UPI0006D5210D	58.98	334	384
UniRef90_N1PPQ3	48.60	334	455
UniRef90_R9ACS3	52.73	334	585
UniRef90_F0UJT5	51.27	334	593
UniRef90_Q4S021	87.46	334	322
UniRef90_UPI00067413FD	51.86	334	385
UniRef90_P06244	47.04	334	397
UniRef90_UPI0006B0ABD4	52.70	334	351
UniRef90_G8ZVX1	50.31	334	360
UniRef90_A0A0F7RYI2	52.98	334	328
UniRef90_A0A0B7JKS3	52.88	334	1124
UniRef90_D4AWL4	53.16	334	547
UniRef90_G8JP47	48.94	334	352
UniRef90_Q755B5	48.34	334	346
UniRef90_A0A072PJI1	52.06	334	420
UniRef90_A3LYD5	48.38	334	372
UniRef90_W5MVS4	50.95	334	361
UniRef90_A0A086TKG3	55.90	334	451
UniRef90_W5UFZ0	52.56	334	356
UniRef90_A0A074W272	52.65	334	331
UniRef90_UPI0004542DCD	49.84	334	450
UniRef90_A0A0C9RV13	58.21	334	370
UniRef90_UPI00019A12A7	49.69	334	371
UniRef90_G0WCH3	49.69	334	367
UniRef90_G8ZRW8	47.60	334	411
UniRef90_A0A0L7LQB0	56.29	334	368
UniRef90_A0A0L0NR37	51.25	334	448
UniRef90_A0A0J9XFE6	50.00	334	374
UniRef90_A0A090BR02	48.44	334	482
UniRef90_A0A0L1HNY9	47.49	334	934
UniRef90_A0A026W178	58.58	334	350
UniRef90_A0A0L0SRA6	52.94	334	684
UniRef90_A0A0D1VWY8	49.85	334	421
UniRef90_A0A0G2EP21	48.07	334	367
UniRef90_A0A0A1P8B9	50.15	334	397
UniRef90_G8BTZ6	49.85	334	402
UniRef90_UPI00042ADB1C	51.08	334	358
UniRef90_UPI00067606DD	58.13	334	373
UniRef90_F1QN39	51.90	334	357
UniRef90_UPI0006969C82	50.96	334	348
UniRef90_K7J5F3	58.88	334	373
UniRef90_M3XPU3	52.88	334	361
UniRef90_A7SM62	53.65	334	328
UniRef90_UPI000703ED10	54.13	334	409
UniRef90_UPI000441DBA3	50.00	334	358
UniRef90_A0A068RGM4	56.11	334	478
UniRef90_I2H1X8	50.93	334	426
UniRef90_G0V5D4	50.94	334	354
UniRef90_A0A0L0RVH7	53.46	334	696
UniRef90_W6UJC6	59.71	334	370
UniRef90_UPI0005D099AC	59.58	334	373
UniRef90_U3JPS4	50.48	334	318
UniRef90_A0A0A8L299	49.06	334	456
UniRef90_A0A0G4J7E7	56.01	334	633
UniRef90_A0A0F4GIT8	48.60	334	840
UniRef90_UPI0006253D60	98.05	334	326
UniRef90_H2AWM7	48.76	334	424
UniRef90_UPI0003F17047	51.26	334	353
UniRef90_A0A0D6EG84	56.42	334	525
UniRef90_G7E8E2	54.72	334	816
UniRef90_C5DKI1	47.20	334	381
UniRef90_L8YD34	89.15	334	482
UniRef90_U1G3J8	51.88	334	414
UniRef90_Q6FJ83	48.77	334	462
UniRef90_R1C7T6	57.19	334	320
UniRef90_D2V5S4	53.77	334	331
UniRef90_A7TFJ0	48.14	334	423
UniRef90_UPI000494DFB0	52.06	334	353
UniRef90_A0A0C4ENJ6	52.60	334	499
UniRef90_I1C4X1	54.29	334	403
UniRef90_A0A060WKM3	51.26	334	358
UniRef90_UPI0004544282	49.84	334	358
UniRef90_W0VQX6	50.00	334	359
UniRef90_Q6CW38	49.06	334	455
UniRef90_N4TYP2	51.99	334	460
UniRef90_A0A066V6Y9	51.79	334	405
UniRef90_A0A0C7N2U3	49.07	334	385
UniRef90_C5E167	49.38	334	396
UniRef90_UPI0003F0DEC2	49.53	334	350
UniRef90_E5A0P2	51.99	334	1188
UniRef90_E9HPB9	62.50	334	550
UniRef90_H2XXD3	50.64	334	314
UniRef90_A0A0H5R1I7	55.97	334	633
UniRef90_L7LY64	50.16	334	362
UniRef90_A0A0B7MVM4	53.73	334	385
UniRef90_A0A0N1IPW6	58.56	334	361
UniRef90_F4RUY9	52.80	334	424
UniRef90_A0A0C9RC96	52.52	334	332
UniRef90_A8N588	46.71	334	423
UniRef90_A0A088AAE1	53.33	334	331
UniRef90_P05986	48.44	334	398
UniRef90_F6SJ42	49.37	334	384
UniRef90_G0W366	49.38	334	408
UniRef90_UPI0003504F3C	50.49	334	468
UniRef90_A7TJ45	48.18	334	384
UniRef90_UPI0006D8DA3D	51.11	334	375
UniRef90_G3J7F3	50.16	334	682
UniRef90_A0A0G4G069	51.84	334	343
UniRef90_UPI0003F083DD	53.02	334	348
UniRef90_A0A068S787	51.38	334	474
UniRef90_Q922R0	51.77	334	355
UniRef90_D3B9A5	53.25	334	559
UniRef90_H0WW36	53.67	334	308
UniRef90_S2JLD1	52.28	334	396
UniRef90_Q17JG1	55.33	334	405
UniRef90_H9IV83	57.49	334	366
UniRef90_A0A0G4IID1	53.11	334	358
UniRef90_T1I8D4	53.80	334	304
UniRef90_A0A077WKQ1	56.37	334	315
UniRef90_UPI0006441661	51.72	334	357
UniRef90_C5L7G3	52.65	334	399
UniRef90_G3W189	52.49	334	304
UniRef90_Q5AP71	47.38	334	405
UniRef90_A0A0K2UGR1	51.07	334	356
UniRef90_UPI0004561811	55.78	334	752
UniRef90_A0A0L0NPB6	46.20	334	383
UniRef90_Q5KBC8	46.94	334	567
UniRef90_A0A067N7S4	47.50	334	454
UniRef90_UPI0002C36806	52.33	334	496
UniRef90_A0A068SA20	51.66	334	431
UniRef90_UPI0004ED2553	49.52	334	339
UniRef90_B0W7M1	54.87	334	416
UniRef90_A0A061B7Q1	47.19	334	379
UniRef90_Q9SXP9	52.50	334	336
UniRef90_A0A0F8A4S6	51.59	334	957
UniRef90_E6RBC4	45.83	334	571
UniRef90_A0A0C7B8D0	52.76	334	461
UniRef90_A0A077R7Z3	56.36	334	393
UniRef90_G3BDL5	47.08	334	381
UniRef90_G0VAN6	48.50	334	409
UniRef90_G8BA73	46.77	334	461
UniRef90_A0A061HUT6	49.84	334	499
UniRef90_UPI000523EA53	52.00	334	352
UniRef90_F4PJF5	53.42	334	657
UniRef90_Q16NW2	56.11	334	328
UniRef90_A0A0C3LIV2	50.00	334	350
UniRef90_I3MW45	54.00	334	307
UniRef90_J7R3E8	48.94	334	401
UniRef90_A0A0L6X079	46.18	334	363
UniRef90_H8WXT8	46.77	334	467
UniRef90_UPI0004D0A479	52.32	334	332
UniRef90_Q6BWC6	46.46	334	429
UniRef90_G0VKB8	48.45	334	402
UniRef90_R0LMM9	52.00	334	303
UniRef90_H2N2A0	50.79	334	358
UniRef90_UPI0006708AC1	52.00	334	354
UniRef90_G3APY2	46.46	334	377
UniRef90_A0A0A1NR10	51.38	334	675
UniRef90_A0A0A1NR10	52.86	334	675
UniRef90_A0A0B7MYC8	51.41	334	486
UniRef90_UPI0006B378BD	51.26	334	335
UniRef90_K7J1Q0	49.25	334	331
UniRef90_G0S518	48.60	334	501
UniRef90_G4T758	47.37	334	422
UniRef90_UPI0006B1F596	52.84	334	338
UniRef90_UPI00052363D8	52.00	334	346
