UniRef90_P11073	100.00	352	375
UniRef90_UPI0003A563CA	90.34	352	375
UniRef90_C6C822	84.94	352	376
UniRef90_P04959	83.29	352	375
UniRef90_V3U1M2	82.15	352	377
UniRef90_UPI0003A9B34E	80.63	352	376
UniRef90_G7LV81	78.98	352	374
UniRef90_C6C821	82.29	352	375
UniRef90_V3TXJ8	81.64	352	378
UniRef90_Q6CZT2	75.00	352	374
UniRef90_Q6CZT3	73.86	352	374
UniRef90_Q6CZT4	73.58	352	374
UniRef90_UPI00066FBAFA	62.09	352	514
UniRef90_B3PCG0	61.26	352	508
UniRef90_Q5END0	62.36	352	619
UniRef90_I3IEB3	58.24	352	585
UniRef90_Q5END1	58.52	352	593
UniRef90_Q5END2	58.50	352	565
UniRef90_C9YGR7	57.47	352	338
UniRef90_UPI0003805885	49.54	352	390
UniRef90_UPI0003715B9C	50.88	352	367
UniRef90_UPI0007034393	44.82	352	368
UniRef90_A0A0N1AZ58	47.08	352	351
UniRef90_UPI000701F73B	47.10	352	341
UniRef90_Q04085	55.05	352	367
UniRef90_UPI0006F770E3	44.44	352	357
UniRef90_K8Z1G7	44.63	352	354
UniRef90_UPI00037C528C	43.12	352	352
UniRef90_A0A0A8E1T1	44.95	352	354
UniRef90_A0A0G9IEQ4	43.97	352	354
UniRef90_W4SMK0	45.10	352	353
UniRef90_P16530	57.79	352	238
UniRef90_Q8P6Z9	43.79	352	353
UniRef90_A0A098J1K4	43.55	352	276
UniRef90_A0A0N1L8Y8	43.71	352	354
UniRef90_UPI000700FAB9	40.59	352	349
UniRef90_A0A0K8JNA7	41.10	352	387
UniRef90_W4S7B3	46.06	352	340
UniRef90_A0A0K2ZZR2	43.67	352	256
UniRef90_UPI0006A70053	43.03	352	241
UniRef90_K2JFR8	34.98	352	500
UniRef90_UPI00067EAEEC	33.77	352	511
UniRef90_A0A0C5VIX1	34.31	352	534
UniRef90_Q21M74	36.98	352	1316
UniRef90_UPI0004AD8DD2	34.53	352	2055
UniRef90_Q21M75	37.63	352	769
UniRef90_F3BIN1	35.48	352	2052
UniRef90_G7G841	31.10	352	2059
UniRef90_UPI0005960591	46.24	352	175
UniRef90_A4B901	34.67	352	521
UniRef90_C5BT62	34.31	352	1276
UniRef90_H3ZDP2	36.17	352	657
UniRef90_UPI0006990524	38.26	352	287
UniRef90_Q21F26	31.40	352	594
UniRef90_A0A0F8YHN5	38.32	352	387
UniRef90_A0A0J8GZY0	32.58	352	2237
UniRef90_UPI000524A067	33.82	352	517
UniRef90_UPI0006D2B30B	37.34	352	403
UniRef90_K6YCW5	33.21	352	2387
UniRef90_A0A0A6UCI3	34.18	352	521
UniRef90_A0A0C5VP24	33.44	352	497
UniRef90_A0A0D6UJW1	33.21	352	524
UniRef90_Z5XUU2	35.27	352	417
UniRef90_UPI0002E6C46E	32.48	352	528
UniRef90_K4KZ97	33.54	352	533
UniRef90_F4H5F8	33.33	352	522
UniRef90_A0A0E0YB79	31.99	352	515
UniRef90_Q5WLW9	35.16	352	327
UniRef90_UPI0006990D7D	33.56	352	520
UniRef90_D4LCH8	35.45	352	897
UniRef90_UPI00031561A0	33.33	352	2659
UniRef90_UPI000696E0EE	33.70	352	529
UniRef90_UPI0006D79062	34.80	352	328
UniRef90_I9DSG7	35.11	352	656
UniRef90_A0A0A6WXB0	35.04	352	540
UniRef90_UPI00039EF177	32.97	352	525
UniRef90_I3IEN7	34.30	352	1416
UniRef90_K0D5S1	33.94	352	2045
UniRef90_UPI00054E8C0C	32.03	352	895
UniRef90_UPI00056872E9	33.09	352	369
UniRef90_A0A0A0BCJ8	34.19	352	524
UniRef90_A0A0M2V088	35.59	352	653
UniRef90_I0H407	33.09	352	529
UniRef90_UPI000694ACFE	35.14	352	575
UniRef90_K4KMD3	32.69	352	1213
UniRef90_A0A0M4E1K4	33.33	352	520
UniRef90_UPI0004779510	34.18	352	526
UniRef90_G2GDC0	33.09	352	511
UniRef90_UPI0002E15512	32.96	352	333
UniRef90_UPI0002D25808	33.70	352	1328
UniRef90_R4LIE6	32.72	352	504
UniRef90_UPI0004CC8E5A	33.22	352	520
UniRef90_F3BF95	33.82	352	658
UniRef90_UPI0006FB0BCE	31.34	352	527
UniRef90_A0A0A3GUY0	45.35	352	191
UniRef90_UPI0004C771C6	31.58	352	369
UniRef90_UPI0004CA983C	33.82	352	518
UniRef90_UPI0004E14F76	32.34	352	519
UniRef90_M5P2K9	34.77	352	341
UniRef90_UPI0004CB08A6	31.99	352	514
UniRef90_I0H3M0	33.46	352	523
UniRef90_A0A075PAV4	32.23	352	2044
UniRef90_UPI0006D22DF1	35.14	352	334
UniRef90_UPI000566FC09	33.82	352	501
UniRef90_UPI0006F2BC03	32.47	352	522
UniRef90_UPI0004C016E1	32.72	352	367
UniRef90_UPI0006781BA8	36.31	352	423
UniRef90_UPI0004BF77AF	33.09	352	521
UniRef90_A0A0M2V2B4	33.71	352	475
UniRef90_H1QR94	31.75	352	526
UniRef90_A0A084QQ14	33.20	352	312
UniRef90_V6JTK9	32.72	352	368
UniRef90_K4RDU7	31.37	352	517
UniRef90_UPI0003708F30	34.06	352	534
UniRef90_UPI00069D20D7	35.41	352	358
UniRef90_G8S3N0	33.09	352	502
UniRef90_I3IEN6	33.21	352	599
UniRef90_UPI0004C37347	32.24	352	525
UniRef90_A0A0F5KYJ6	33.58	352	336
UniRef90_A0A089XLF5	32.35	352	515
UniRef90_UPI0006EBB2A8	32.59	352	380
UniRef90_A0A0M2GXW0	31.65	352	523
UniRef90_UPI0004CA4DCA	31.02	352	514
UniRef90_W4V8H4	32.81	352	923
UniRef90_A0A0M2GJT3	30.03	352	367
UniRef90_A0A0D0W0R7	33.70	352	519
UniRef90_UPI000525E779	32.12	352	531
UniRef90_L1KUU3	32.72	352	367
UniRef90_A0A086N2J2	31.62	352	516
UniRef90_D6A807	33.09	352	515
UniRef90_UPI0004BF24A6	31.58	352	526
UniRef90_UPI0006E22CFB	32.10	352	528
UniRef90_UPI0004C8620A	31.99	352	515
UniRef90_A0A0J8GLW3	31.70	352	1095
UniRef90_G2NJV1	31.00	352	514
UniRef90_F7NR90	33.46	352	488
UniRef90_UPI00066A61AA	32.72	352	518
UniRef90_A0A0M0F763	30.92	352	894
UniRef90_A0A0K2ASG2	31.27	352	520
UniRef90_A0A0H2KS19	30.92	352	915
UniRef90_A0A0M7QI50	30.88	352	543
UniRef90_F2RKL0	32.43	352	524
UniRef90_UPI00068446B5	31.23	352	513
UniRef90_UPI0001E2CC38	34.95	352	778
UniRef90_C9STY3	30.67	352	314
UniRef90_A0A0B7K5U3	33.07	352	331
UniRef90_D9XMI5	32.14	352	522
UniRef90_A0A0N0TBT9	29.70	352	367
UniRef90_UPI0005B9A029	30.61	352	515
UniRef90_UPI00066D72C9	32.60	352	369
UniRef90_Q9K6B0	31.97	352	333
UniRef90_D8QIE8	32.21	352	322
UniRef90_UPI00030D249A	32.85	352	660
UniRef90_UPI0004C95D75	31.25	352	521
UniRef90_UPI0004CC275D	31.58	352	520
UniRef90_E8W3P7	31.62	352	515
UniRef90_Q5END4	34.09	352	482
UniRef90_A0A0L8KWZ9	30.17	352	523
UniRef90_UPI000697E637	33.58	352	1402
UniRef90_A0A0F7VTK3	32.73	352	512
UniRef90_U5W0I2	33.45	352	510
UniRef90_A9FFD6	31.76	352	430
UniRef90_L0SX56	43.45	352	165
UniRef90_A9ZTF4	31.25	352	515
UniRef90_A0A084AVY6	32.50	352	323
UniRef90_UPI0006E308E5	31.25	352	519
UniRef90_F4FAU5	31.77	352	522
UniRef90_A0A0F7G0F4	29.69	352	387
UniRef90_N0CQC7	31.64	352	519
UniRef90_UPI0002EA738E	32.97	352	666
UniRef90_F6FQ91	29.93	352	515
UniRef90_J1Q2T0	33.08	352	504
UniRef90_UPI0006877371	32.60	352	497
UniRef90_UPI0003C77068	32.35	352	525
UniRef90_UPI00069BFE9A	30.48	352	536
UniRef90_UPI00034743E6	31.97	352	509
UniRef90_UPI0004CD1B21	31.64	352	519
UniRef90_UPI00035F004A	31.73	352	523
UniRef90_UPI0003797F93	33.07	352	332
UniRef90_UPI0004C58671	30.26	352	367
UniRef90_S8A5A5	32.84	352	410
UniRef90_UPI00037A8AF9	30.51	352	518
UniRef90_I0L701	31.25	352	517
UniRef90_UPI00056EAB5B	32.60	352	516
UniRef90_UPI0006FE9908	31.53	352	519
UniRef90_N4WM53	32.94	352	320
UniRef90_A0A0F5VWC3	31.99	352	367
UniRef90_UPI0001B1EE29	33.10	352	565
UniRef90_UPI0004CA5031	32.00	352	527
UniRef90_D7B0W6	32.59	352	501
UniRef90_UPI0006E204A5	30.26	352	522
UniRef90_UPI000346C57E	30.86	352	899
UniRef90_W7VJ02	31.80	352	515
UniRef90_Q47MW8	31.48	352	512
UniRef90_UPI0004C7A4DF	31.92	352	525
UniRef90_A0A0D2YBX1	30.42	352	328
UniRef90_UPI00056D389D	31.75	352	367
UniRef90_A8FIU6	33.09	352	342
UniRef90_UPI00069FEFCF	33.21	352	1461
UniRef90_A0A0F7FRL6	30.74	352	507
UniRef90_Q65DC2	31.73	352	341
UniRef90_V9IRZ4	33.71	352	339
UniRef90_UPI00069C9A2B	30.15	352	370
UniRef90_B8E1V0	34.70	352	527
UniRef90_C6WEM5	33.33	352	365
UniRef90_R1GII6	32.94	352	323
UniRef90_A0A0C3QET9	41.42	352	343
UniRef90_Q6XE67	34.51	352	1085
UniRef90_B3PFC9	34.38	352	616
UniRef90_UPI00036FF047	31.23	352	957
UniRef90_M5CDI0	31.16	352	318
UniRef90_A0A0N1HAL8	30.63	352	519
UniRef90_UPI0005AA13E9	30.74	352	515
UniRef90_I3IEQ8	33.21	352	702
UniRef90_B5HBV5	30.26	352	518
UniRef90_A0A0N0TJT1	32.30	352	521
UniRef90_UPI00041BE294	30.88	352	521
UniRef90_UPI0004C10140	31.37	352	515
UniRef90_G1XNM0	32.81	352	407
UniRef90_L8P3M5	30.63	352	353
UniRef90_D3CTI6	31.80	352	525
UniRef90_B3PFC6	37.98	352	962
UniRef90_UPI0005243391	31.64	352	518
UniRef90_X0R6P3	32.94	352	332
UniRef90_UPI00036C8ABA	31.87	352	1422
UniRef90_W3XLL8	33.09	352	407
UniRef90_UPI0005F2F135	31.25	352	523
UniRef90_A0A0F4ZDT0	34.33	352	404
UniRef90_A0A0J5QS24	31.27	352	319
UniRef90_UPI0006E355D1	31.62	352	369
UniRef90_A0A074SBU2	32.32	352	369
UniRef90_A0A084G8T3	31.23	352	335
UniRef90_A3DHF2	32.40	352	922
UniRef90_J3P504	32.30	352	321
UniRef90_UPI00040BDF41	34.80	352	430
UniRef90_A0A067NLK5	31.67	352	323
UniRef90_A0A0J8H1G7	31.02	352	665
UniRef90_A0A066W978	32.00	352	306
UniRef90_UPI0005B83094	32.22	352	1205
UniRef90_A0A094G0P8	32.84	352	420
UniRef90_A0A074RNR2	30.74	352	356
UniRef90_UPI0006841988	32.35	352	506
UniRef90_UPI00055BEB7C	30.15	352	904
UniRef90_A0A0D7BD96	30.79	352	309
UniRef90_UPI0004A3C5AD	30.15	352	504
UniRef90_G1X543	30.47	352	401
UniRef90_A0A0B7JU42	35.27	352	324
UniRef90_A0A0L6JST6	32.05	352	758
UniRef90_A0A0C4E488	33.63	352	325
UniRef90_A0A093Z1R5	31.72	352	399
UniRef90_A0A0D2XPR0	37.89	352	328
UniRef90_UPI000475FA02	37.50	352	372
UniRef90_UPI00067364CE	30.67	352	379
UniRef90_A0A074YF13	32.94	352	321
UniRef90_J3P252	37.79	352	322
UniRef90_D0VP31	31.73	352	362
UniRef90_UPI00066B6FEF	32.43	352	319
UniRef90_U4R1I5	28.90	352	743
UniRef90_C7Z5D3	37.06	352	330
UniRef90_A0A0B7FJ11	33.20	352	326
UniRef90_A0A016PRZ1	37.89	352	328
UniRef90_A0A074S6M4	32.45	352	326
UniRef90_B8I4T1	29.30	352	462
UniRef90_UPI00059FCD57	32.71	352	384
UniRef90_X0RAM5	30.42	352	361
UniRef90_UPI000344E0F8	37.72	352	374
UniRef90_A0A0K6G3W7	31.62	352	755
UniRef90_X8JGP1	32.02	352	296
UniRef90_W4JXY7	33.46	352	313
UniRef90_D4T526	45.52	352	127
UniRef90_UPI00069464C8	32.68	352	583
UniRef90_W7S6L1	36.11	352	322
UniRef90_M5CAR8	31.63	352	293
UniRef90_S3EB71	31.62	352	322
UniRef90_A0A0D7BAL9	31.47	352	324
UniRef90_C7ZJJ1	35.86	352	324
UniRef90_A0A084QK83	30.33	352	343
UniRef90_A0A0D7B6I6	33.33	352	310
UniRef90_S8BYE4	31.51	352	416
UniRef90_W3WWC5	33.46	352	330
UniRef90_A0A0C3K4P5	35.50	352	269
UniRef90_A0A0C4DYJ6	31.52	352	321
UniRef90_A0A086T438	39.34	352	330
UniRef90_A0A0K6GFX1	34.01	352	609
UniRef90_A0A0K6GFX1	36.09	352	609
UniRef90_A0A0B7K276	29.74	352	462
UniRef90_Q2H1I5	31.50	352	330
UniRef90_X8IW74	38.46	352	241
UniRef90_K3UEA8	28.05	352	405
UniRef90_A0A093ZZ07	30.22	352	400
UniRef90_A0A0C3Q5N5	36.69	352	409
UniRef90_A0A0F8DBS3	33.06	352	508
UniRef90_B2AEQ1	35.18	352	331
UniRef90_U4KYL1	32.02	352	336
UniRef90_F0XB73	32.30	352	333
UniRef90_R8BVG0	38.54	352	299
UniRef90_C9SYR6	35.86	352	385
UniRef90_A0A0G4LVJ7	29.10	352	1329
UniRef90_H1W044	35.60	352	330
UniRef90_A0A010S119	38.30	352	330
UniRef90_A0A0G4LZM5	35.86	352	412
UniRef90_A0A067MK61	33.20	352	313
UniRef90_A0A084B7A6	29.41	352	361
UniRef90_C7YZQ8	28.75	352	404
UniRef90_A0A0G2FNM6	33.48	352	306
UniRef90_G4NGD2	30.74	352	323
UniRef90_UPI00034D2561	30.40	352	385
UniRef90_B8NBC2	37.82	352	326
UniRef90_A0A0F7U2Z8	32.17	352	326
UniRef90_A0A0G2F872	31.92	352	334
UniRef90_A0A067NUA6	35.14	352	215
UniRef90_G2X628	35.86	352	380
UniRef90_A0A0G2H7V9	32.48	352	348
UniRef90_UPI000526449B	30.77	352	312
UniRef90_A0A097PUC5	31.62	352	321
UniRef90_A0A0M0TWH1	34.66	352	330
UniRef90_D5GIK1	32.83	352	318
UniRef90_C7Z3B9	32.20	352	320
UniRef90_A0A0M2RQD8	30.68	352	541
UniRef90_N4VXW8	32.87	352	328
UniRef90_G8YZT5	30.72	352	316
UniRef90_A0A074WJ09	29.74	352	337
UniRef90_S8AFC0	30.22	352	431
UniRef90_A0A016Q2U6	30.74	352	324
UniRef90_A0A0B7K9J5	30.89	352	334
UniRef90_R1ED02	30.35	352	321
UniRef90_S3BYT8	33.16	352	399
UniRef90_F7IWR1	28.62	352	505
UniRef90_UPI0004844C51	30.51	352	320
UniRef90_A0A093ZP19	29.13	352	318
UniRef90_R0IQW3	30.43	352	317
UniRef90_A0A094FWB8	29.53	352	318
UniRef90_Q9Y890	38.62	352	332
UniRef90_G2Q1K5	30.20	352	330
UniRef90_A0A0D7BJL7	30.97	352	302
UniRef90_A0A0F7FW86	30.59	352	325
UniRef90_A0A010RFW0	34.71	352	331
UniRef90_A0A084QE67	28.57	352	350
UniRef90_C9SAF4	29.51	352	369
UniRef90_K2RBG8	35.68	352	321
UniRef90_N4VPW3	36.63	352	325
UniRef90_A0A084AP46	30.19	352	325
UniRef90_S3CX82	33.98	352	327
UniRef90_A0A0G4KFL9	29.07	352	390
UniRef90_UPI0003F5D648	29.89	352	374
UniRef90_F9XCG0	28.97	352	342
UniRef90_E4ZRC0	34.11	352	332
UniRef90_A0A0D2Y631	33.33	352	324
UniRef90_H1VJV6	37.43	352	325
UniRef90_UPI000527C172	30.27	352	289
UniRef90_A0A066XST6	36.05	352	325
UniRef90_A0A0M2JL58	33.59	352	321
UniRef90_V5IMJ7	35.33	352	331
UniRef90_A0A0B7KDQ1	35.52	352	304
UniRef90_UPI0004C43469	35.14	352	330
UniRef90_A0A0C3QG92	32.21	352	418
UniRef90_Q0CDW1	32.56	352	319
UniRef90_Q2GPP3	34.95	352	337
UniRef90_UPI0004AFE8C1	29.87	352	393
UniRef90_M7TIC6	36.27	352	326
UniRef90_G4N258	28.89	352	350
UniRef90_UPI0006881E10	32.81	352	382
UniRef90_UPI00068DC7FF	31.27	352	322
UniRef90_A0A086TB19	34.05	352	342
UniRef90_A0A010QZH3	34.88	352	325
UniRef90_W4QBL8	33.71	352	507
UniRef90_K1X2K5	35.71	352	318
UniRef90_I6NC71	30.00	352	323
UniRef90_A0A093YIP6	31.48	352	338
UniRef90_A0A066XSS7	33.49	352	320
UniRef90_A0A017S2T1	31.40	352	324
UniRef90_A0A0M0UIB1	33.33	352	337
UniRef90_A0A0G2FNB3	35.98	352	332
UniRef90_W3WL13	35.42	352	324
UniRef90_A2I7W3	31.01	352	290
UniRef90_UPI0004C87D9D	32.69	352	325
UniRef90_N4UVD6	31.52	352	331
UniRef90_UPI00037E1B0D	31.84	352	383
UniRef90_S8AXN0	32.03	352	325
UniRef90_A0A098E4Q2	37.21	352	322
UniRef90_H1UY72	31.25	352	332
UniRef90_G1XTC1	28.09	352	342
UniRef90_Q0CBV0	35.75	352	325
UniRef90_A0A093XZ85	31.42	352	322
UniRef90_A0A094EQK9	35.68	352	337
UniRef90_L2G5Y9	34.86	352	332
UniRef90_A0A094G8X7	33.84	352	332
UniRef90_UPI0006E3B9F9	32.43	352	329
UniRef90_E3QSN0	33.33	352	336
UniRef90_C9SJV2	31.86	352	331
UniRef90_A0A0D9MJU0	29.07	352	324
UniRef90_C9SA91	33.47	352	337
UniRef90_A0A094D141	34.95	352	336
UniRef90_B8E1U9	29.44	352	335
UniRef90_E3QKM3	31.52	352	330
UniRef90_G2XBY8	33.49	352	322
UniRef90_K2S6K7	33.33	352	323
UniRef90_A0A094D8G7	28.99	352	323
UniRef90_G2NGW8	31.69	352	324
UniRef90_U4LA16	31.20	352	315
UniRef90_A0A084QG16	36.26	352	330
UniRef90_A0A0K8LRF4	31.37	352	322
UniRef90_A0A016P9R9	34.44	352	336
UniRef90_UPI00041B611D	29.10	352	345
UniRef90_UPI0003491FD9	30.08	352	387
UniRef90_A0A094CQW5	30.80	352	338
UniRef90_A0A0G4KZD2	29.41	352	485
UniRef90_UPI00068789B9	31.44	352	377
UniRef90_A0A0G2FH28	32.09	352	350
UniRef90_R7S226	30.60	352	322
UniRef90_A0A084PCF0	30.15	352	365
UniRef90_UPI0003B2F803	27.66	352	928
UniRef90_R7Z0S1	28.22	352	359
UniRef90_A0A0A0NTL2	31.69	352	372
UniRef90_C7ZHZ8	33.69	352	344
UniRef90_F9X764	30.19	352	324
UniRef90_B6HRM9	30.20	352	324
UniRef90_A0A093Z686	32.12	352	318
UniRef90_Q4WIT0	30.20	352	321
UniRef90_A0A010Q006	29.49	352	335
UniRef90_UPI0006E27780	32.05	352	302
UniRef90_A0A0F8U5K5	35.47	352	301
UniRef90_UPI0004064D53	31.28	352	323
UniRef90_G2P733	31.15	352	376
UniRef90_B5I638	32.92	352	325
UniRef90_UPI0003F59402	28.21	352	443
UniRef90_A0A094GP92	35.87	352	336
UniRef90_A0A084B7F1	33.87	352	322
UniRef90_A0A074YEV5	32.97	352	334
UniRef90_C9SXI3	35.39	352	333
UniRef90_A0A084QAN1	30.77	352	347
UniRef90_L7JL76	28.73	352	512
UniRef90_O59939	37.22	352	331
UniRef90_E4ZQZ3	30.00	352	317
UniRef90_G2QJA7	32.97	352	336
UniRef90_E3QZP2	32.51	352	332
UniRef90_W2RIX7	30.98	352	319
UniRef90_K1XIY1	32.60	352	363
UniRef90_A0A0A2LAV1	28.98	352	324
UniRef90_A0A0B7K5P0	35.80	352	333
UniRef90_S3EG54	29.43	352	424
UniRef90_A0A0G2G1D1	36.92	352	332
UniRef90_A0A0B7KGX0	33.86	352	325
UniRef90_A0A066V5V9	31.88	352	346
UniRef90_A0A0F7NEZ0	31.82	352	321
UniRef90_A0A0N0TTJ7	30.77	352	312
UniRef90_Q00893	37.16	352	331
UniRef90_M7SMS7	36.02	352	341
UniRef90_UPI00035ED479	29.84	352	481
UniRef90_A0A094GLY0	30.11	352	338
UniRef90_A0A0D2XJ98	32.78	352	336
UniRef90_Q9C2Z0	30.23	352	323
UniRef90_A0A0L1I002	31.63	352	317
UniRef90_Q2H5D6	32.28	352	317
UniRef90_D9ZX92	34.76	352	293
UniRef90_UPI0006E297B4	29.62	352	323
UniRef90_A0A094DBZ3	34.86	352	906
UniRef90_A0A0C3AJG6	30.71	352	365
UniRef90_Q0U2N9	29.95	352	336
UniRef90_UPI000525EB5C	29.62	352	323
UniRef90_A0A098LKT5	29.37	352	447
UniRef90_L2FUS3	32.21	352	336
UniRef90_A0A094GPJ5	30.65	352	322
UniRef90_A0A0L1HGT8	33.82	352	322
UniRef90_U5MYJ9	28.26	352	582
UniRef90_C9YU67	35.91	352	351
UniRef90_L7EWX7	31.28	352	313
UniRef90_A0A081EC59	29.62	352	326
UniRef90_K1WK71	31.55	352	330
UniRef90_G0S320	33.33	352	336
UniRef90_A8P7N6	32.22	352	323
UniRef90_A0A0L1HLR6	34.23	352	332
UniRef90_UPI0005277B08	30.38	352	314
UniRef90_UPI00055FAF04	32.92	352	325
UniRef90_A0A0G2FZ03	34.05	352	315
UniRef90_UPI00052423D2	30.45	352	324
UniRef90_W2ELC9	29.12	352	486
UniRef90_UPI00068A046F	29.81	352	266
UniRef90_R8B8N3	33.16	352	294
UniRef90_C9SSG4	32.11	352	325
UniRef90_A0A067LZT0	29.25	352	313
UniRef90_A0A0N1FST0	32.43	352	326
UniRef90_M5CF41	30.10	352	295
UniRef90_UPI0006855784	30.04	352	319
UniRef90_UPI00056033FE	33.08	352	325
UniRef90_A0A0M8YB97	29.23	352	329
UniRef90_A0A084ARC5	35.37	352	359
UniRef90_UPI00068E1459	29.07	352	497
UniRef90_D8PLN4	30.86	352	313
UniRef90_UPI000527D6EE	28.08	352	329
UniRef90_UPI00068A3C9D	29.33	352	304
UniRef90_Q00645	34.92	352	326
UniRef90_UPI0004B92FAA	28.21	352	544
UniRef90_A0A0C3AY98	36.63	352	405
UniRef90_D9WUN8	30.04	352	322
UniRef90_A0A0C3HJ77	34.24	352	338
UniRef90_K1WB70	34.97	352	432
UniRef90_UPI000694E0DA	30.62	352	348
UniRef90_B6QJX4	30.98	352	317
UniRef90_M2RP61	30.89	352	334
UniRef90_G2YIH9	34.07	352	329
UniRef90_P11073	100.00	352	375
UniRef90_G7LV81	78.98	352	374
UniRef90_UPI0003A563CA	90.34	352	375
UniRef90_C6C822	84.94	352	376
UniRef90_Q6CZT2	75.00	352	374
UniRef90_P04959	83.29	352	375
UniRef90_V3U1M2	82.15	352	377
UniRef90_UPI0003A9B34E	80.63	352	376
UniRef90_Q6CZT3	73.86	352	374
UniRef90_V3TXJ8	81.64	352	378
UniRef90_Q6CZT4	73.58	352	374
UniRef90_C6C821	82.05	352	375
UniRef90_B3PCG0	60.99	352	508
UniRef90_UPI00066FBAFA	61.81	352	514
UniRef90_Q5END0	61.81	352	619
UniRef90_I3IEB3	57.97	352	585
UniRef90_Q5END1	58.24	352	593
UniRef90_Q5END2	58.06	352	565
UniRef90_UPI0003715B9C	48.98	352	367
UniRef90_C9YGR7	56.32	352	338
UniRef90_UPI0007034393	42.86	352	368
UniRef90_UPI0003805885	43.77	352	390
UniRef90_K8Z1G7	43.73	352	354
UniRef90_UPI0006F770E3	42.46	352	357
UniRef90_A0A0N1AZ58	43.32	352	351
UniRef90_UPI00037C528C	41.43	352	352
UniRef90_A0A0A8E1T1	41.03	352	354
UniRef90_C9SAF4	28.03	352	369
UniRef90_UPI000701F73B	41.79	352	341
UniRef90_A0A0G9IEQ4	42.81	352	354
UniRef90_UPI00066D72C9	27.49	352	369
UniRef90_A0A0K6G3W7	29.67	352	755
UniRef90_A0A093Z1R5	29.51	352	399
UniRef90_A0A094G0P8	29.37	352	420
UniRef90_A0A0D2YBX1	29.97	352	328
UniRef90_W4SMK0	42.17	352	353
UniRef90_L1KUU3	27.45	352	367
UniRef90_A0A0M2GJT3	27.17	352	367
UniRef90_A0A0F5KYJ6	29.70	352	336
UniRef90_K3UEA8	26.80	352	405
UniRef90_A0A0G4KFL9	27.68	352	390
UniRef90_Q8P6Z9	41.53	352	353
UniRef90_UPI0006D79062	29.84	352	328
UniRef90_UPI0004C58671	26.89	352	367
UniRef90_A0A093ZZ07	27.78	352	400
UniRef90_A0A0F5VWC3	26.89	352	367
UniRef90_UPI0004CA4DCA	28.40	352	514
UniRef90_W3XLL8	30.21	352	407
UniRef90_A0A0N1L8Y8	40.78	352	354
UniRef90_M5P2K9	29.37	352	341
UniRef90_Q21F26	28.98	352	594
UniRef90_A0A0N0TBT9	27.49	352	367
UniRef90_A0A0M7QI50	29.31	352	543
UniRef90_UPI00069C9A2B	25.84	352	370
UniRef90_Q65DC2	28.71	352	341
UniRef90_UPI0004AD8DD2	30.47	352	2055
UniRef90_UPI0004C016E1	27.79	352	367
UniRef90_A0A093Z3H2	25.87	352	866
UniRef90_UPI0002E15512	29.57	352	333
UniRef90_A0A0C5VIX1	30.72	352	534
UniRef90_UPI00067EAEEC	31.33	352	511
UniRef90_UPI00056D389D	27.36	352	367
UniRef90_I9DSG7	31.18	352	656
UniRef90_L8P3M5	27.45	352	353
UniRef90_UPI0004CC275D	28.10	352	520
UniRef90_A9FFD6	30.18	352	430
UniRef90_C6WEM5	26.97	352	365
UniRef90_UPI0004C771C6	28.10	352	369
UniRef90_A0A0D6UJW1	28.29	352	524
UniRef90_K2JFR8	33.01	352	500
UniRef90_Q5WLW9	29.97	352	327
UniRef90_UPI00035F004A	27.45	352	523
UniRef90_UPI0006E355D1	26.59	352	369
UniRef90_UPI0004C7A4DF	27.58	352	525
UniRef90_A0A0M2V2B4	29.86	352	475
UniRef90_UPI0003C77068	27.49	352	525
UniRef90_UPI0006E308E5	27.17	352	519
UniRef90_UPI0004CA5031	26.67	352	527
UniRef90_I0L701	26.59	352	517
UniRef90_F3BIN1	29.43	352	2052
UniRef90_F4H5F8	28.12	352	522
UniRef90_A0A0K8JNA7	39.65	352	387
UniRef90_A0A0D0W0R7	27.73	352	519
UniRef90_UPI0003797F93	29.90	352	332
UniRef90_B8E1V0	31.63	352	527
UniRef90_UPI0004CC8E5A	30.21	352	520
UniRef90_UPI0006FE9908	27.73	352	519
UniRef90_A0A0M4E1K4	26.90	352	520
UniRef90_UPI0006781BA8	29.62	352	423
UniRef90_UPI000566FC09	29.00	352	501
UniRef90_A0A089XLF5	27.19	352	515
UniRef90_H1QR94	27.71	352	526
UniRef90_C9STY3	30.23	352	314
UniRef90_UPI0004BF24A6	28.33	352	526
UniRef90_UPI0005B9A029	28.10	352	515
UniRef90_UPI0004CB08A6	27.17	352	514
UniRef90_F4FAU5	26.44	352	522
UniRef90_G7G841	29.59	352	2059
UniRef90_A0A086N2J2	27.19	352	516
UniRef90_A0A0E0YB79	28.13	352	515
UniRef90_A0A084G8T3	30.21	352	335
UniRef90_D6A807	27.79	352	515
UniRef90_A4B901	29.73	352	521
UniRef90_V6JTK9	27.45	352	368
UniRef90_K0D5S1	29.14	352	2045
UniRef90_A0A098J1K4	43.01	352	276
UniRef90_UPI0004CA983C	28.40	352	518
UniRef90_UPI0004779510	27.98	352	526
UniRef90_UPI00056872E9	26.91	352	369
UniRef90_Q5END4	28.99	352	482
UniRef90_Q47MW8	26.13	352	512
UniRef90_UPI00066A61AA	28.01	352	518
UniRef90_A0A0K2ASG2	27.20	352	520
UniRef90_A0A075PAV4	28.83	352	2044
UniRef90_A0A0G4KZD2	27.63	352	485
UniRef90_A0A0G4KZD2	23.73	352	485
UniRef90_UPI0003708F30	28.10	352	534
UniRef90_UPI0006D22DF1	30.13	352	334
UniRef90_G2NJV1	27.73	352	514
UniRef90_A0A0F7VTK3	26.76	352	512
UniRef90_G1X543	27.80	352	401
UniRef90_UPI0004C95D75	27.20	352	521
UniRef90_U5W0I2	27.73	352	510
UniRef90_UPI000700FAB9	37.32	352	349
UniRef90_B8E1U9	28.14	352	335
UniRef90_H3ZDP2	33.03	352	657
UniRef90_A0A0M2V088	32.46	352	653
UniRef90_G2GDC0	27.45	352	511
UniRef90_R4LIE6	28.69	352	504
UniRef90_UPI0004C8620A	27.17	352	515
UniRef90_UPI0004E14F76	29.09	352	519
UniRef90_F7NR90	28.88	352	488
UniRef90_W7VJ02	27.19	352	515
UniRef90_A9ZTF4	26.11	352	515
UniRef90_K6YCW5	28.57	352	2387
UniRef90_A0A0D7BD96	28.08	352	309
UniRef90_UPI00068DC7FF	27.00	352	322
UniRef90_K4RDU7	28.29	352	517
UniRef90_D8QIE8	30.07	352	322
UniRef90_A0A093ZP19	26.22	352	318
UniRef90_F6FQ91	26.35	352	515
UniRef90_Q9K6B0	28.29	352	333
UniRef90_A0A0B7K276	26.39	352	462
UniRef90_UPI0006EBB2A8	27.19	352	380
UniRef90_F2RKL0	28.40	352	524
UniRef90_UPI0006E22CFB	28.40	352	528
UniRef90_UPI0006990524	33.57	352	287
UniRef90_V9IRZ4	29.91	352	339
UniRef90_UPI0006E204A5	26.51	352	522
UniRef90_R1GII6	28.99	352	323
UniRef90_A0A084QBH8	25.69	352	376
UniRef90_UPI0006F2BC03	27.66	352	522
UniRef90_N0CQC7	26.59	352	519
UniRef90_A0A094FWB8	27.24	352	318
UniRef90_A0A0N0TJT1	27.27	352	521
UniRef90_UPI0006990D7D	29.13	352	520
UniRef90_UPI0004C37347	28.40	352	525
UniRef90_UPI00037A8AF9	25.83	352	518
UniRef90_UPI0004BF77AF	27.22	352	521
UniRef90_N4WM53	29.90	352	320
UniRef90_A0A0A6UCI3	28.57	352	521
UniRef90_J1Q2T0	29.77	352	504
UniRef90_UPI00054E8C0C	27.49	352	895
UniRef90_B5HBV5	26.33	352	518
UniRef90_UPI0004CD1B21	26.59	352	519
UniRef90_UPI0006E3B9F9	28.43	352	329
UniRef90_G8S3N0	28.27	352	502
UniRef90_A0A0M2GXW0	27.05	352	523
UniRef90_C7YZQ8	28.03	352	404
UniRef90_A0A0J5QS24	29.02	352	319
UniRef90_UPI00068446B5	26.33	352	513
UniRef90_A0A0J8GZY0	29.01	352	2237
UniRef90_UPI000524A067	28.21	352	517
UniRef90_A0A084Q8U1	25.78	352	406
UniRef90_A0A093Z686	26.57	352	318
UniRef90_A0A0A0BCJ8	28.69	352	524
UniRef90_A0A0L8KWZ9	26.61	352	523
UniRef90_UPI0006FB0BCE	28.44	352	527
UniRef90_S8A5A5	30.56	352	410
UniRef90_D9XMI5	27.45	352	522
UniRef90_D3CTI6	26.67	352	525
UniRef90_E8W3P7	26.89	352	515
UniRef90_A0A0M0F763	27.79	352	894
UniRef90_A0A0A6WXB0	29.70	352	540
UniRef90_X0R6P3	28.39	352	332
UniRef90_UPI0006D2B30B	30.45	352	403
UniRef90_A0A0N1FST0	27.18	352	326
UniRef90_A0A0H2KS19	27.79	352	915
UniRef90_B8I4T1	26.90	352	462
UniRef90_UPI00039EF177	28.00	352	525
UniRef90_UPI00069BFE9A	26.05	352	536
UniRef90_A0A0G4LVJ7	27.49	352	1329
UniRef90_UPI0002EA738E	27.02	352	666
UniRef90_UPI0005F2F135	25.95	352	523
UniRef90_O08454	26.89	352	310
UniRef90_UPI0005243391	25.98	352	518
UniRef90_A0A0M2JL58	30.88	352	321
UniRef90_A0A084QE67	25.78	352	350
UniRef90_UPI0003FB60C9	25.81	352	312
UniRef90_A0A0F7FRL6	25.64	352	507
UniRef90_Q21M74	32.73	352	1316
UniRef90_Q21M74	22.59	352	1316
UniRef90_UPI0002E6C46E	29.17	352	528
UniRef90_A0A084B7A6	27.97	352	361
UniRef90_A0A074RNR2	28.98	352	356
UniRef90_S8BYE4	26.48	352	416
UniRef90_UPI0004C10140	28.01	352	515
UniRef90_A0A0C5VP24	28.98	352	497
UniRef90_D9WUN8	28.81	352	322
UniRef90_D7B0W6	26.89	352	501
UniRef90_A0A0D7B6I6	28.57	352	310
UniRef90_A0A0F7VM25	25.84	352	348
UniRef90_M5CDI0	29.60	352	318
UniRef90_UPI00056033FE	28.77	352	325
UniRef90_UPI0006881E10	28.19	352	382
UniRef90_UPI000525E779	27.65	352	531
UniRef90_UPI0004C87D9D	29.12	352	325
UniRef90_K4KMD3	30.49	352	1213
UniRef90_K4KMD3	22.97	352	1213
UniRef90_A0A0N1HAL8	27.19	352	519
UniRef90_C5BT62	29.55	352	1276
UniRef90_C5BT62	24.01	352	1276
UniRef90_I0H407	27.20	352	529
UniRef90_UPI00036FF047	26.89	352	957
UniRef90_F3BF95	28.70	352	658
UniRef90_A0A0D2Y631	25.73	352	324
UniRef90_UPI00055DFD29	25.21	352	313
UniRef90_G1XNM0	28.84	352	407
UniRef90_UPI0006877371	27.33	352	497
UniRef90_A0A084QQ14	29.51	352	312
UniRef90_A0A084AVY6	31.20	352	323
UniRef90_Q0CDW1	28.99	352	319
UniRef90_B2AEQ1	28.95	352	331
UniRef90_UPI0006E27780	27.67	352	302
UniRef90_UPI0005AA13E9	25.00	352	515
UniRef90_UPI00041BE294	25.77	352	521
UniRef90_UPI0006F6D733	26.67	352	324
UniRef90_UPI00034743E6	26.28	352	509
UniRef90_A0A067MK61	29.78	352	313
UniRef90_I0H3M0	28.79	352	523
UniRef90_UPI00052404C5	28.30	352	318
UniRef90_UPI0002D25808	28.53	352	1328
UniRef90_UPI0002D25808	21.78	352	1328
UniRef90_UPI0004C0D291	27.72	352	331
UniRef90_UPI0004C43469	27.65	352	330
UniRef90_UPI0004C33CEF	26.15	352	310
UniRef90_A8FIU6	29.37	352	342
UniRef90_E4ZQZ3	26.13	352	317
UniRef90_UPI00069D20D7	30.09	352	358
UniRef90_UPI00068789B9	27.00	352	377
UniRef90_UPI00056EAB5B	27.03	352	516
UniRef90_A0A0K2ZZR2	42.34	352	256
UniRef90_R7Z0S1	28.83	352	359
UniRef90_UPI00041B611D	26.69	352	345
UniRef90_A0A0L1I002	27.34	352	317
UniRef90_UPI00068E1459	25.83	352	497
UniRef90_UPI0004AFE8C1	26.98	352	393
UniRef90_UPI0001B1EE29	28.27	352	565
UniRef90_A0A0D7BJL7	29.07	352	302
UniRef90_C7Z3B9	28.73	352	320
UniRef90_A0A066W978	30.03	352	306
UniRef90_UPI0005696A2E	30.45	352	326
UniRef90_I3IEN7	29.28	352	1416
UniRef90_UPI00031561A0	29.34	352	2659
UniRef90_UPI0006841988	27.60	352	506
UniRef90_W7VGD8	27.60	352	407
UniRef90_UPI00055FAF04	31.69	352	325
UniRef90_A0A0M8WR87	26.45	352	318
UniRef90_S3BYT8	26.92	352	399
UniRef90_UPI0004A3C5AD	26.20	352	504
UniRef90_A0A074S6M4	28.32	352	326
UniRef90_K4KZ97	27.75	352	533
UniRef90_UPI00039D7AE3	27.15	352	462
UniRef90_W7S6L1	30.14	352	322
UniRef90_UPI000346C57E	26.61	352	899
UniRef90_A0A0M2RQD8	26.87	352	541
UniRef90_A0A074YF13	30.15	352	321
UniRef90_C9SYR6	29.43	352	385
UniRef90_M1MV42	24.73	352	601
UniRef90_G2P733	30.86	352	376
UniRef90_E5R571	25.59	352	519
UniRef90_A0A0F7G0F4	29.15	352	387
UniRef90_UPI0003F5D648	27.85	352	374
UniRef90_A0A0G4LZM5	29.43	352	412
UniRef90_A0A074SBU2	29.38	352	369
UniRef90_M5CAR8	27.56	352	293
UniRef90_G2NGW8	28.77	352	324
UniRef90_UPI00055BEB7C	25.38	352	904
UniRef90_R8BVG0	28.87	352	299
UniRef90_D5GIK1	28.57	352	318
UniRef90_B6HRM9	28.42	352	324
UniRef90_A0A0J8GLW3	27.93	352	1095
UniRef90_A0A0J8GLW3	23.66	352	1095
UniRef90_A0A016Q2U6	25.88	352	324
UniRef90_D4LCH8	31.13	352	897
UniRef90_UPI0001E2CC38	30.79	352	778
UniRef90_W6Z0Y2	26.80	352	317
UniRef90_UPI00069F84E9	25.19	352	301
UniRef90_S8AXN0	25.94	352	325
UniRef90_UPI000527C172	27.82	352	289
UniRef90_A0A067LZT0	26.10	352	313
UniRef90_Q6XE67	29.09	352	1085
UniRef90_Q6XE67	24.37	352	1085
UniRef90_C7ZJJ1	28.24	352	324
UniRef90_O59939	28.52	352	331
UniRef90_A0A0C4DYJ6	30.63	352	321
UniRef90_C9YU67	28.77	352	351
UniRef90_A0A0B7K5U3	31.68	352	331
UniRef90_W4S7B3	43.08	352	340
UniRef90_A0A0J8H1G7	26.06	352	665
UniRef90_UPI00052460C9	25.33	352	331
UniRef90_C6WE53	25.79	352	317
UniRef90_A0A0B7K5P0	28.32	352	333
UniRef90_X0RAM5	27.45	352	361
UniRef90_F7IWR1	25.15	352	505
UniRef90_UPI00068EB68A	27.65	352	333
UniRef90_UPI000525E857	30.04	352	326
UniRef90_A0A0N0TTJ7	26.64	352	312
UniRef90_UPI00067364CE	26.35	352	379
UniRef90_B5I638	32.10	352	325
UniRef90_A0A0G2FNM6	28.12	352	306
UniRef90_UPI000526449B	26.73	352	312
UniRef90_UPI000696E0EE	25.98	352	529
UniRef90_L2G5Y9	30.19	352	332
UniRef90_I3IEQ8	28.90	352	702
UniRef90_Q21M75	33.55	352	769
UniRef90_A0A0J7ZH27	30.86	352	326
UniRef90_S3CX82	29.60	352	327
UniRef90_A0A0A0NTL2	31.28	352	372
UniRef90_D8PLN4	27.78	352	313
UniRef90_A0A0B7FJ11	29.39	352	326
UniRef90_A0A094EQK9	28.95	352	337
UniRef90_F9XCG0	26.74	352	342
UniRef90_A0A0F4ZDT0	28.92	352	404
UniRef90_UPI00042815A1	24.66	352	961
UniRef90_UPI000527D6EE	26.14	352	329
UniRef90_D8PS36	26.67	352	285
UniRef90_D7C924	27.19	352	337
UniRef90_A0A010S119	26.41	352	330
UniRef90_UPI00036C8ABA	26.67	352	1422
UniRef90_UPI00036C8ABA	26.26	352	1422
UniRef90_F4FCU0	28.32	352	478
UniRef90_U4LA16	29.59	352	315
UniRef90_UPI000689CDFC	24.71	352	329
UniRef90_A0A0H4CBA9	26.32	352	318
UniRef90_A0A0G2FH28	30.19	352	350
UniRef90_I6NC71	24.92	352	323
UniRef90_A0A067NLK5	29.55	352	323
UniRef90_UPI00068A3C9D	24.10	352	304
UniRef90_A0A0L1HGT8	29.58	352	322
UniRef90_UPI00069FEFCF	29.23	352	1461
UniRef90_UPI00069FEFCF	23.69	352	1461
UniRef90_N4UVD6	28.41	352	331
UniRef90_A0A093YIP6	29.32	352	338
UniRef90_UPI0006846F8D	23.24	352	1015
UniRef90_UPI00052423D2	28.42	352	324
UniRef90_UPI00068A046F	27.44	352	266
UniRef90_UPI0004665873	23.56	352	1141
UniRef90_UPI0006E2BA82	30.86	352	325
UniRef90_A0A0B7JU42	30.86	352	324
UniRef90_D0VP31	26.56	352	362
UniRef90_S3EB71	28.25	352	322
UniRef90_A0A0D2XPR0	28.99	352	328
UniRef90_A0A0G2H7V9	26.10	352	348
UniRef90_UPI00059FCD57	26.25	352	384
UniRef90_M2RP61	26.09	352	334
UniRef90_A0A016PRZ1	28.36	352	328
UniRef90_J3P504	30.63	352	321
UniRef90_UPI000369D783	25.15	352	334
UniRef90_UPI0005B83094	27.24	352	1205
UniRef90_UPI0005B83094	27.07	352	1205
UniRef90_UPI0004064D53	28.47	352	323
UniRef90_A0A016P9R9	27.11	352	336
UniRef90_UPI0003FAF22D	22.83	352	748
UniRef90_A0A0N1FMY7	30.45	352	326
UniRef90_A0A0F7FW86	27.46	352	325
UniRef90_A0A0N0ASW2	24.91	352	330
UniRef90_A0A094G8X7	27.14	352	332
UniRef90_A0A0D9MJU0	23.75	352	324
UniRef90_UPI00044495BD	28.78	352	274
UniRef90_UPI00030D249A	28.00	352	660
UniRef90_A0A0F8YHN5	31.27	352	387
UniRef90_Q0U2N9	26.95	352	336
UniRef90_L7EWX7	27.76	352	313
UniRef90_A0A094D141	29.29	352	336
UniRef90_UPI000405A78A	23.77	352	1010
UniRef90_A0A094CQW5	29.32	352	338
UniRef90_UPI0003491FD9	24.72	352	387
UniRef90_B2AEV9	23.31	352	333
UniRef90_L1KX97	30.86	352	310
UniRef90_Q5AVN4	23.75	352	327
UniRef90_UPI00068A95A3	26.89	352	232
UniRef90_E4ZRC0	26.74	352	332
UniRef90_W2RIX7	25.43	352	319
UniRef90_A0A0E9LWN1	23.35	352	748
UniRef90_S8A2Z0	27.80	352	322
UniRef90_UPI000694E0DA	26.76	352	348
UniRef90_A0A0M0TWH1	26.47	352	330
UniRef90_A0A084QK83	29.23	352	343
UniRef90_UPI0005693924	27.43	352	325
UniRef90_E3QKM3	27.60	352	330
UniRef90_UPI00034D2561	25.38	352	385
UniRef90_UPI00044495D9	23.84	352	316
UniRef90_UPI00066B6FEF	29.53	352	319
UniRef90_R1ED02	28.73	352	321
UniRef90_UPI000697E637	28.13	352	1402
UniRef90_UPI000697E637	26.82	352	1402
UniRef90_U4R1I5	27.43	352	743
UniRef90_V2XLZ7	27.96	352	314
UniRef90_A0A094GP92	29.32	352	336
UniRef90_F0XB73	27.65	352	333
UniRef90_W3WWK7	25.34	352	330
UniRef90_U4KYL1	27.41	352	336
UniRef90_UPI00066AD9CD	25.00	352	297
UniRef90_D1A3U6	26.60	352	327
UniRef90_J3PGP9	22.99	352	339
UniRef90_A0A010RFW0	28.04	352	331
UniRef90_A0A017S2T1	28.72	352	324
UniRef90_C4RDF0	27.60	352	321
UniRef90_UPI0006925E79	26.13	352	335
UniRef90_UPI00035ED479	27.34	352	481
UniRef90_UPI0004B92FAA	24.29	352	544
UniRef90_D9XC57	28.47	352	325
UniRef90_Q0CBV0	28.63	352	325
UniRef90_W3WWC5	27.03	352	330
UniRef90_UPI000694ACFE	31.15	352	575
UniRef90_A0A0A0BY76	27.46	352	481
UniRef90_Q2H1I5	26.48	352	330
UniRef90_C9SXI3	27.60	352	333
UniRef90_UPI0003B2F803	25.89	352	928
UniRef90_G0S320	25.00	352	336
UniRef90_A0A097PUC5	29.26	352	321
UniRef90_R5UXA2	21.92	352	1275
UniRef90_G2X628	30.50	352	380
UniRef90_L8X8A2	24.83	352	524
UniRef90_W2ELC9	27.51	352	486
UniRef90_A0A0D7BAL9	31.46	352	324
UniRef90_A0A0C1FY22	23.37	352	828
UniRef90_A0A0B5D7T4	30.86	352	325
UniRef90_W4V8H4	30.14	352	923
UniRef90_A0A098E4Q2	26.17	352	322
UniRef90_E3QZP2	26.32	352	332
UniRef90_G4T6Z6	26.60	352	394
UniRef90_Q9C2Z0	27.66	352	323
UniRef90_A0A0F7U2Z8	25.96	352	326
UniRef90_A3DHF2	27.73	352	922
UniRef90_A0A0D0X3L0	27.97	352	321
UniRef90_A0A084PCF0	27.68	352	365
UniRef90_Z5XUU2	33.90	352	417
UniRef90_G2QJA7	24.38	352	336
UniRef90_G2Q1K5	27.34	352	330
UniRef90_U5MYJ9	23.50	352	582
UniRef90_L2FTY4	25.90	352	330
UniRef90_E4ZZR9	26.50	352	326
UniRef90_B3PFC9	30.65	352	616
UniRef90_A0A0M0UIB1	27.97	352	337
UniRef90_A0A0A2LAV1	24.69	352	324
UniRef90_A0A0C2FKW4	26.36	352	337
UniRef90_A0A0J8A860	27.48	352	318
UniRef90_A0A0M0TNS5	23.37	352	919
UniRef90_UPI0005277B08	27.70	352	314
UniRef90_W4QBL8	25.65	352	507
UniRef90_A0A0C3QG92	29.49	352	418
UniRef90_A0A0M8YB97	27.65	352	329
UniRef90_A0A074WJ09	28.10	352	337
UniRef90_F9X764	28.47	352	324
UniRef90_W7UVP5	22.74	352	787
UniRef90_K2S6K7	28.62	352	323
UniRef90_Q2GPP3	26.79	352	337
UniRef90_Q00893	27.54	352	331
UniRef90_A0A094GLY0	27.82	352	338
UniRef90_UPI000475FA02	26.05	352	372
UniRef90_UPI00066221B2	24.70	352	311
UniRef90_R0IQW3	26.48	352	317
UniRef90_J3P252	27.64	352	322
UniRef90_A0A0B7K9J5	26.52	352	334
UniRef90_UPI000689465D	25.94	352	351
UniRef90_R7FE72	24.11	352	1185
UniRef90_A0A074YEV5	25.75	352	334
UniRef90_C9SJV2	26.09	352	331
UniRef90_K1XIY1	28.04	352	363
UniRef90_UPI0006F9CD48	26.89	352	472
UniRef90_A0A010QZH3	27.27	352	325
UniRef90_B8NE46	26.25	352	321
UniRef90_R0KH20	27.07	352	334
UniRef90_A0A0L8KSV7	28.47	352	325
UniRef90_E0RZI9	25.41	352	1062
UniRef90_Q9Y890	26.18	352	332
UniRef90_W4JXY7	27.99	352	313
UniRef90_UPI0006E3D90B	26.33	352	330
UniRef90_X8JGP1	29.70	352	296
UniRef90_K1Y3D4	25.37	352	338
UniRef90_G4N258	25.62	352	350
UniRef90_Q4WIT0	25.81	352	321
UniRef90_I0KYS5	25.87	352	463
UniRef90_M5C200	25.09	352	315
UniRef90_A7E4L6	27.76	352	329
UniRef90_UPI0003270C79	24.72	352	724
UniRef90_A0A094GPJ5	22.96	352	322
UniRef90_A0A0M9YUZ1	25.51	352	338
UniRef90_C7Z5D3	28.67	352	330
UniRef90_D2B793	27.15	352	482
UniRef90_R5KED7	21.95	352	950
UniRef90_A0A0L1HP88	24.42	352	334
UniRef90_K2RBG8	28.21	352	321
UniRef90_UPI000678CB0E	25.00	352	1110
UniRef90_K1X2K5	25.95	352	318
UniRef90_A0A0D0LVS8	25.00	352	919
UniRef90_L2FQ42	28.20	352	333
UniRef90_S8AFC0	26.57	352	431
UniRef90_G7M6W2	23.29	352	588
