UniRef90_P27000	100.00	468	468
UniRef90_E8PM41	89.53	468	472
UniRef90_B7AA48	89.32	468	468
UniRef90_K7QW28	88.89	468	469
UniRef90_A0A0A2WWP9	88.03	468	472
UniRef90_F2NM49	69.98	468	481
UniRef90_E4U787	69.83	468	483
UniRef90_D7BF53	65.40	468	476
UniRef90_D3PN02	62.45	468	479
UniRef90_UPI00048395CD	63.98	468	476
UniRef90_UPI0005525A5F	57.72	468	474
UniRef90_UPI0003654368	63.08	468	476
UniRef90_Q1IY50	60.00	468	480
UniRef90_A0A072NE13	58.95	468	478
UniRef90_L0A6Y0	56.42	468	503
UniRef90_A0A0A7KJB2	57.02	468	477
UniRef90_D7CWK7	57.59	468	502
UniRef90_C1CWG2	55.37	468	479
UniRef90_Q9RX30	55.39	468	483
UniRef90_UPI00036C9994	54.89	468	490
UniRef90_UPI0004886BD4	56.63	468	479
UniRef90_H8GW73	55.74	468	474
UniRef90_E8U832	56.08	468	494
UniRef90_UPI0003B3DBF9	55.44	468	473
UniRef90_A0A0F7JQ27	56.53	468	473
UniRef90_A0A062XY35	55.07	468	486
UniRef90_F0RN23	52.63	468	508
UniRef90_C9MWJ9	49.70	468	504
UniRef90_D0GJR7	49.30	468	504
UniRef90_C7NAI9	49.70	468	501
UniRef90_A0A0E3UV14	50.20	468	492
UniRef90_D1AWM1	49.69	468	492
UniRef90_I3D5U7	50.31	468	499
UniRef90_E7C3K7	50.31	468	482
UniRef90_UPI000481DD62	49.09	468	503
UniRef90_C6JJG1	49.19	468	504
UniRef90_UPI00039FECB8	48.49	468	506
UniRef90_U7VA97	49.39	468	502
UniRef90_UPI000678C13B	51.26	468	488
UniRef90_C3WB43	48.89	468	504
UniRef90_D1AQD5	48.18	468	504
UniRef90_E8V5G9	49.59	468	498
UniRef90_UPI00068AE306	49.07	468	501
UniRef90_Q8RDZ8	49.19	468	510
UniRef90_UPI000647FC57	49.40	468	513
UniRef90_E3HAY9	46.96	468	503
UniRef90_G8P252	48.77	468	506
UniRef90_A0A081NG64	47.48	468	497
UniRef90_A0A0K6IH72	50.42	468	493
UniRef90_W4LTD3	48.86	468	487
UniRef90_E6QIW2	49.27	468	493
UniRef90_I3ZCU5	48.99	468	512
UniRef90_E8X3I2	49.58	468	494
UniRef90_A1U1V3	48.23	468	493
UniRef90_D0LRC5	50.83	468	489
UniRef90_UPI00056ED63E	50.21	468	508
UniRef90_UPI0004082EBC	46.54	468	503
UniRef90_UPI000463BCAB	48.01	468	503
UniRef90_UPI0003B6AF38	48.76	468	496
UniRef90_B9L1Z0	50.41	468	506
UniRef90_UPI000424D515	47.63	468	515
UniRef90_N6WPS1	49.27	468	494
UniRef90_UPI00037A27F5	47.38	468	506
UniRef90_UPI00040D32CA	48.12	468	503
UniRef90_A0A0F2NPV9	48.64	468	504
UniRef90_F3KBC9	46.54	468	493
UniRef90_U7P8A0	48.85	468	492
UniRef90_Q2SK84	48.86	468	501
UniRef90_A6GBU5	50.31	468	500
UniRef90_A6VZB3	48.22	468	493
UniRef90_UPI000488FC20	48.33	468	492
UniRef90_F2JXA6	47.59	468	505
UniRef90_A0A0G1FF34	49.68	468	464
UniRef90_UPI000379F344	48.12	468	506
UniRef90_UPI00068DD57A	47.55	468	502
UniRef90_A3JID7	48.53	468	495
UniRef90_E1V4R5	48.85	468	492
UniRef90_A0A0G1U3V5	46.22	468	473
UniRef90_Q1YQ37	47.27	468	493
UniRef90_B3PD15	47.27	468	504
UniRef90_A0A081KF50	46.01	468	492
UniRef90_E1VPQ7	45.91	468	501
UniRef90_A5WBQ0	47.91	468	505
UniRef90_K2C2F9	47.80	468	473
UniRef90_X0TAD4	62.58	468	326
UniRef90_A0A060BE68	48.02	468	492
UniRef90_A0A0K1WKI7	47.70	468	494
UniRef90_A0A081N4Y2	45.28	468	497
UniRef90_D5V8Z7	47.70	468	498
UniRef90_A0A0G1VG60	49.16	468	475
UniRef90_A0A0C5VX28	46.44	468	499
UniRef90_A0A0G1GB46	46.93	468	478
UniRef90_UPI00048A3331	48.85	468	494
UniRef90_UPI0003AAF8B2	46.22	468	489
UniRef90_C8PUW2	47.38	468	498
UniRef90_A0A0F9VVU2	46.12	468	491
UniRef90_A4ACF8	47.39	468	526
UniRef90_UPI00048FEF9B	46.95	468	493
UniRef90_A4BHB6	45.05	468	498
UniRef90_D9MX83	46.61	468	477
UniRef90_UPI0002557F4C	46.95	468	491
UniRef90_UPI000673187E	46.64	468	498
UniRef90_UPI00034A65E5	48.32	468	493
UniRef90_UPI0003797F63	46.97	468	497
UniRef90_A0A0F4R3J1	46.65	468	495
UniRef90_UPI00037B2EBE	47.91	468	492
UniRef90_A0A0M9E0I1	45.13	468	501
UniRef90_A0A031ME72	46.43	468	495
UniRef90_A0A0G0QM95	47.02	468	462
UniRef90_A0A0G1LQH0	48.04	468	471
UniRef90_UPI0004147F76	47.91	468	494
UniRef90_Q1QY92	47.59	468	494
UniRef90_A0A0G0ALG1	44.73	468	480
UniRef90_UPI000380970C	46.74	468	491
UniRef90_UPI00047A1949	46.33	468	505
UniRef90_V2UWI4	46.54	468	503
UniRef90_S2KQ48	47.91	468	492
UniRef90_A3YDZ6	47.06	468	493
UniRef90_A0A0G1BKS1	48.41	468	464
UniRef90_Q6F7C8	46.54	468	502
UniRef90_W7Q691	46.75	468	493
UniRef90_UPI00048A289F	46.14	468	494
UniRef90_A0A0F9VZN3	45.91	468	509
UniRef90_H0JCG3	46.96	468	493
UniRef90_UPI00036C40B2	47.48	468	498
UniRef90_D0SXS5	47.28	468	502
UniRef90_B8KHI2	45.61	468	493
UniRef90_Q4FQ04	45.70	468	509
UniRef90_A0A066UK58	47.16	468	504
UniRef90_R9S4Z0	46.65	468	516
UniRef90_UPI000380F1F0	47.80	468	497
UniRef90_UPI0004272351	47.28	468	498
UniRef90_G4D139	44.76	468	492
UniRef90_A0A086D6T3	47.38	468	492
UniRef90_N8QCJ6	47.07	468	502
UniRef90_Q21KM1	45.82	468	503
UniRef90_A0A0B2D4F2	46.43	468	493
UniRef90_Q2K425	46.41	468	488
UniRef90_A0A0G1DEV9	47.03	468	464
UniRef90_H3NW34	47.60	468	514
UniRef90_G2SF38	46.50	468	500
UniRef90_A0A081FW12	47.38	468	495
UniRef90_B7RZ06	45.09	468	493
UniRef90_UPI00037FFB72	45.91	468	502
UniRef90_UPI000509C474	44.98	468	511
UniRef90_UPI0003FA824F	45.42	468	518
UniRef90_S3NLN4	46.23	468	502
UniRef90_UPI00040AF311	45.82	468	495
UniRef90_R9PS98	45.82	468	495
UniRef90_F3LGQ2	47.07	468	494
UniRef90_B9JAG5	45.17	468	485
UniRef90_Q3KF35	46.01	468	493
UniRef90_UPI0006511D44	47.06	468	494
UniRef90_A0A099PD37	46.22	468	501
UniRef90_UPI000262CB45	44.56	468	503
UniRef90_V2TT57	46.33	468	501
UniRef90_C1DEN2	46.33	468	493
UniRef90_UPI00025584BE	46.75	468	494
UniRef90_UPI0005A9B943	44.56	468	512
UniRef90_F6A8H6	47.06	468	493
UniRef90_W1N4D9	46.65	468	493
UniRef90_UPI0005667140	46.01	468	504
UniRef90_A0A0C2D031	47.15	468	505
UniRef90_A0A0B4XMW5	46.75	468	515
UniRef90_A0A095VUW0	46.97	468	498
UniRef90_UPI0004DB8BEF	46.33	468	493
UniRef90_A0A0G1TNV4	45.99	468	460
UniRef90_A0YE84	45.42	468	494
UniRef90_P15189	44.96	468	485
UniRef90_UPI0004221854	45.28	468	495
UniRef90_UPI0004267416	45.82	468	494
UniRef90_UPI0004285A6E	45.62	468	504
UniRef90_UPI0005F83423	46.09	468	498
UniRef90_UPI0004763D23	44.96	468	488
UniRef90_UPI00055BCB66	44.54	468	485
UniRef90_F3KZW0	48.54	468	495
UniRef90_Q8U7H5	45.19	468	485
UniRef90_UPI0002F55123	46.01	468	493
UniRef90_E8LDB7	43.87	468	489
UniRef90_A0A0J7HW77	43.92	468	486
UniRef90_A0A063Y3U4	45.80	468	501
UniRef90_Q0VPE1	46.14	468	494
UniRef90_A0A094NUC7	45.95	468	491
UniRef90_C5BLR1	46.12	468	500
UniRef90_W9UVQ4	45.49	468	496
UniRef90_UPI000381DA94	46.56	468	495
UniRef90_UPI0005F7886C	45.67	468	503
UniRef90_L2F840	44.75	468	505
UniRef90_F8L439	44.68	468	502
UniRef90_UPI0003B677D2	44.86	468	498
UniRef90_A0LSS7	47.51	468	504
UniRef90_UPI0003B4216F	45.07	468	491
UniRef90_Q9XCL6	45.80	468	494
UniRef90_UPI000483F42A	45.28	468	496
UniRef90_D1CDJ3	44.56	468	492
UniRef90_UPI0004009D14	45.49	468	494
UniRef90_UPI0006B60050	45.49	468	499
UniRef90_K0CGB7	46.86	468	496
UniRef90_A0A062BVT3	49.32	468	454
UniRef90_H1XP90	45.80	468	477
UniRef90_A0A090E259	44.98	468	509
UniRef90_UPI00048950E1	45.09	468	503
UniRef90_Q88LF6	45.38	468	493
UniRef90_I2JMU7	45.82	468	498
UniRef90_A0A0L7S184	44.12	468	489
UniRef90_A0A0M4SXI5	44.77	468	513
UniRef90_A0A0G0QHH9	43.14	468	510
UniRef90_UPI000487B023	44.33	468	484
UniRef90_F8F1J2	45.19	468	492
UniRef90_A0A0G0GNN9	42.58	468	481
UniRef90_D4H6S8	44.09	468	483
UniRef90_A0A0F7M2F2	45.49	468	499
UniRef90_UPI0004785E0A	45.70	468	496
UniRef90_D6YSI4	43.51	468	507
UniRef90_A0A0H5DQT6	44.35	468	504
UniRef90_UPI000470F550	44.47	468	496
UniRef90_UPI0004B73676	45.19	468	493
UniRef90_A0A0M9UE05	46.52	468	492
UniRef90_A0A0A1YJX1	44.54	468	493
UniRef90_A0A078L015	43.31	468	505
UniRef90_A0A0C1KDQ8	43.93	468	505
UniRef90_U2Z7C7	44.86	468	493
UniRef90_F8KWB2	44.14	468	504
UniRef90_I7A6K1	43.45	468	482
UniRef90_UPI000479D79E	45.68	468	484
UniRef90_A0A0G0I414	43.31	468	483
UniRef90_D2RII5	42.71	468	488
UniRef90_UPI0003660937	44.86	468	493
UniRef90_UPI000483F5B7	45.83	468	498
UniRef90_A0A0G0TNF4	45.19	468	462
UniRef90_K2BPQ6	44.65	468	494
UniRef90_UPI0003F8FC6C	45.07	468	498
UniRef90_UPI00048A7C90	44.12	468	485
UniRef90_S6GHK1	44.65	468	496
UniRef90_P59691	45.30	468	505
UniRef90_UPI0005AB773A	44.47	468	494
UniRef90_H4FB45	44.03	468	503
UniRef90_A4XVX2	44.54	468	493
UniRef90_A0A0A7EDP8	43.82	468	494
UniRef90_A0A0F4PMK1	44.05	468	496
UniRef90_A0A0F6AEZ9	43.87	468	495
UniRef90_UPI0006D64049	57.57	468	369
UniRef90_W8JPV1	45.93	468	528
UniRef90_D1C5W9	46.93	468	497
UniRef90_U1L8F5	43.82	468	494
UniRef90_UPI0005707215	44.95	468	516
UniRef90_UPI00069BC1DC	43.69	468	501
UniRef90_A0A098TDE0	43.19	468	490
UniRef90_W8IBX3	44.12	468	485
UniRef90_A0A0G0EQM3	42.97	468	507
UniRef90_C9RBP8	47.28	468	494
UniRef90_B9JST5	44.03	468	484
UniRef90_A0A068ST69	44.09	468	485
UniRef90_Q6MEN1	43.51	468	502
UniRef90_A0A0G1TQG9	42.98	468	488
UniRef90_A0A0G1Y4J0	46.17	468	434
UniRef90_A0A017PJI0	44.75	468	512
UniRef90_Q1MXU9	45.80	468	501
UniRef90_A0A0G0XK27	44.92	468	491
UniRef90_M5DSA0	44.86	468	504
UniRef90_A0A090I136	43.42	468	491
UniRef90_Q9Z7Z3	45.17	468	505
UniRef90_D7N5D4	44.12	468	496
UniRef90_R6HLM9	43.61	468	487
UniRef90_Q2BMB3	45.28	468	500
UniRef90_A0A0D5LNA2	43.88	468	488
UniRef90_F5YE90	42.91	468	534
UniRef90_A4C719	43.10	468	494
UniRef90_Q9PJU7	43.84	468	506
UniRef90_I0AKG7	43.69	468	488
UniRef90_UPI00041BDA94	44.89	468	501
UniRef90_A0A0G0T2Z5	44.19	468	487
UniRef90_F5YPX3	43.97	468	500
UniRef90_E4L0V8	41.91	468	491
UniRef90_A0A0F9HHD3	43.51	468	504
UniRef90_UPI0006C8FDC5	45.34	468	513
UniRef90_A0A0F7GC31	44.83	468	487
UniRef90_F4A0L8	43.10	468	489
UniRef90_D8K3B6	46.36	468	488
UniRef90_A0A0G0JBG5	41.86	468	462
UniRef90_D1YF59	44.42	468	497
UniRef90_A0A0G0UEM3	44.12	468	449
UniRef90_UPI00037725D6	41.15	468	491
UniRef90_V8TSX6	44.96	468	505
UniRef90_V2Y361	43.49	468	505
UniRef90_Q2S1L8	45.64	468	488
UniRef90_L8D0I8	43.31	468	495
UniRef90_A9D1Y2	42.74	468	485
UniRef90_UPI0003633D8E	44.47	468	493
UniRef90_A0A0K1FCZ2	45.72	468	491
UniRef90_Q6A6M1	44.21	468	497
UniRef90_E6Q2B0	45.51	468	497
UniRef90_UPI0005B2C17D	41.29	468	494
UniRef90_UPI00049167EE	44.84	468	483
UniRef90_A0A0D8I7K1	42.77	468	492
UniRef90_X7F8T2	44.12	468	482
UniRef90_UPI000590DBE3	44.49	468	485
UniRef90_L7VU96	44.33	468	492
UniRef90_Q3IHK6	43.42	468	494
UniRef90_UPI0002555116	45.92	468	502
UniRef90_D1VSN4	41.77	468	492
UniRef90_A0A0G0HRF5	41.89	468	490
UniRef90_A0A0G0J1J0	46.38	468	456
UniRef90_A0A0G1GWB2	42.86	468	489
UniRef90_A0A081SFI3	43.99	468	510
UniRef90_U7UF56	42.51	468	493
UniRef90_UPI0004771D92	43.28	468	499
UniRef90_K2EX47	41.23	468	467
UniRef90_UPI00063EC243	41.05	468	480
UniRef90_UPI0006B5B9F2	42.09	468	492
UniRef90_K1Z3P1	41.44	468	492
UniRef90_R4YSB2	44.44	468	500
UniRef90_F4LWU9	42.17	468	491
UniRef90_A0A0B3VVF1	43.03	468	494
UniRef90_A0A0B7MI15	42.50	468	490
UniRef90_K2EIB3	42.68	468	503
UniRef90_UPI0005B2988D	39.79	468	491
UniRef90_A0A0A6Y4F0	42.69	468	500
UniRef90_C6XGT7	41.61	468	492
UniRef90_R7R323	42.44	468	488
UniRef90_A0A0J1DP25	42.29	468	489
UniRef90_A0A0G0VB51	42.36	468	526
UniRef90_UPI000422FADC	44.19	468	485
UniRef90_UPI0004E128B3	42.05	468	482
UniRef90_UPI000373A428	43.03	468	492
UniRef90_A0A0G1CMK0	41.68	468	467
UniRef90_A0A095X9C4	42.92	468	484
UniRef90_A0A0C7NL11	44.89	468	490
UniRef90_A0A0F9YC02	40.45	468	500
UniRef90_G4Q8W2	41.33	468	472
UniRef90_UPI00047D66B7	41.49	468	493
UniRef90_UPI000490415C	41.51	468	491
UniRef90_UPI00041BC4AA	40.79	468	495
UniRef90_S2W3R7	43.69	468	488
UniRef90_S7KLX9	44.23	468	505
UniRef90_B3QYR1	42.33	468	503
UniRef90_E0RT83	46.99	468	492
UniRef90_UPI0006BB55A0	41.94	468	490
UniRef90_U2MJI8	42.26	468	524
UniRef90_C0ET29	41.30	468	483
UniRef90_A8MLB5	42.15	468	495
UniRef90_H9UKD2	43.51	468	488
UniRef90_Q3Z6S3	43.87	468	484
UniRef90_UPI0006BB942F	41.24	468	489
UniRef90_E1R5C5	43.27	468	489
UniRef90_A0A098R0F1	43.88	468	492
UniRef90_UPI00058F7B1B	45.68	468	491
UniRef90_A0A0G3I440	41.00	468	492
UniRef90_E4UBA4	40.84	468	483
UniRef90_A7VSM0	43.33	468	483
UniRef90_A0A0K8J8H4	41.51	468	496
UniRef90_A0A0A8KWY6	41.44	468	483
UniRef90_R6BVY3	42.95	468	483
UniRef90_K2DRR0	42.74	468	490
UniRef90_A0A0G1UCU9	43.50	468	464
UniRef90_UPI00041DDA40	46.67	468	491
UniRef90_D9S106	42.38	468	496
UniRef90_F4LK16	41.05	468	519
UniRef90_U6B7Y9	41.18	468	495
UniRef90_A0A0F9ZAR6	42.02	468	499
UniRef90_A0A0G1HJB5	49.08	468	430
UniRef90_E3GFZ6	42.45	468	494
UniRef90_A0A0G0XBG4	43.22	468	468
UniRef90_A0A0G1MWJ3	43.12	468	498
UniRef90_A0A0F0CHU4	42.95	468	492
UniRef90_D6TKP7	40.79	468	507
UniRef90_UPI0003B65080	42.71	468	496
UniRef90_A0A0G0IVF8	40.77	468	488
UniRef90_Q73R87	40.59	468	506
UniRef90_R6NZC3	42.80	468	485
UniRef90_A4J0Y7	41.84	468	482
UniRef90_L1NRD3	42.08	468	497
UniRef90_R6BZI5	41.88	468	485
UniRef90_D7GPT0	41.72	468	485
UniRef90_R6ZIN5	43.31	468	483
UniRef90_R5IUJ8	42.32	468	482
UniRef90_F2NSP7	41.65	468	525
UniRef90_G9WZH2	40.37	468	492
UniRef90_G0VQ69	43.63	468	484
UniRef90_UPI00056FCD20	41.98	468	489
UniRef90_U7JPK6	42.98	468	500
UniRef90_B0S0W2	40.70	468	489
UniRef90_F6CMC2	45.93	468	482
UniRef90_S3K2Z2	41.04	468	540
UniRef90_F4GJE1	42.27	468	497
UniRef90_F3ABD0	41.34	468	482
UniRef90_M1Z9G2	42.00	468	493
UniRef90_UPI00041CC1D6	43.12	468	488
UniRef90_U7D7U9	42.95	468	486
UniRef90_UPI0005EBF319	40.04	468	481
UniRef90_E6SL00	42.71	468	506
UniRef90_R6PW90	41.86	468	487
UniRef90_A0A0G1C2K3	42.29	468	483
UniRef90_R7K054	41.04	468	485
UniRef90_E7GIP4	41.09	468	484
UniRef90_A6BEL9	41.41	468	509
UniRef90_UPI0006F2F44B	44.12	468	490
UniRef90_Q0AYF8	42.65	468	495
UniRef90_G9WR24	42.50	468	484
UniRef90_C7M9I7	41.88	468	500
UniRef90_UPI0003634B4C	44.98	468	488
UniRef90_UPI0005D14970	42.26	468	488
UniRef90_R6WEH4	40.96	468	484
UniRef90_UPI000471443E	43.04	468	486
UniRef90_F9MVW3	41.41	468	490
UniRef90_R6H447	42.98	468	482
UniRef90_R7QWR4	41.70	468	483
UniRef90_UPI0003B5F2E9	42.95	468	486
UniRef90_E8N3J7	43.30	468	497
UniRef90_R9K844	42.08	468	487
UniRef90_R7GY20	41.93	468	484
UniRef90_A0A0A1RVK7	41.24	468	493
UniRef90_B5YEP5	44.35	468	477
UniRef90_E0NIY4	42.71	468	493
UniRef90_A4XLI3	39.83	468	482
UniRef90_Q2RJE3	43.01	468	490
UniRef90_R9KRT5	41.79	468	486
UniRef90_R5A1C5	43.63	468	483
UniRef90_A0A078KHI6	39.83	468	498
UniRef90_M1ZFP9	42.80	468	496
UniRef90_UPI0003B69FB8	41.65	468	501
UniRef90_A0A0G1AVV2	42.74	468	492
UniRef90_UPI000411D19F	41.00	468	484
UniRef90_UPI0003B5E85F	43.24	468	498
UniRef90_G2T2V5	41.74	468	484
UniRef90_UPI000318007D	41.25	468	501
UniRef90_B8CZA8	41.67	468	491
UniRef90_K0B3Z4	42.24	468	492
UniRef90_K2E6Z6	41.98	468	465
UniRef90_A0A0A2MJD9	41.28	468	503
UniRef90_B0KAA6	42.56	468	479
UniRef90_UPI000551CC4D	42.14	468	484
UniRef90_R5P234	42.12	468	506
UniRef90_UPI0006B58D40	40.58	468	501
UniRef90_C8PMF0	41.08	468	507
UniRef90_E3PUC5	39.47	468	495
UniRef90_A0A0F9JYZ1	55.31	468	322
UniRef90_UPI0005546B34	41.39	468	484
UniRef90_E6U795	43.10	468	486
UniRef90_UPI0004837A33	41.49	468	485
UniRef90_A0PZ93	42.25	468	487
UniRef90_A0A0G1DVN6	41.29	468	483
UniRef90_N2AF78	42.32	468	486
UniRef90_UPI0002E8EDC9	40.25	468	478
UniRef90_G5IE67	42.03	468	483
UniRef90_UPI0004E14E37	42.08	468	482
UniRef90_K4LG20	41.42	468	499
UniRef90_C4GBK8	43.40	468	482
UniRef90_R1CCQ9	41.74	468	493
UniRef90_B0NYM6	42.08	468	486
UniRef90_B0A6I1	41.90	468	494
UniRef90_A5FL73	41.45	468	501
UniRef90_A0A0G1M1J6	41.19	468	494
UniRef90_A9AXJ1	42.47	468	495
UniRef90_UPI000379F1FD	42.98	468	461
UniRef90_A0A0L0W9L7	41.12	468	494
UniRef90_F3AJJ1	41.32	468	485
UniRef90_UPI0004183212	42.07	468	492
UniRef90_R5P514	39.75	468	485
UniRef90_A0A0G1FS93	41.94	468	487
UniRef90_A0A0B7HSH6	40.92	468	500
UniRef90_R7N6M5	41.25	468	485
UniRef90_A8SL45	41.32	468	482
UniRef90_F8I4A2	43.88	468	480
UniRef90_R6I6K3	43.22	468	488
UniRef90_A0A0G1NDB1	44.68	468	482
UniRef90_R4KBF6	43.22	468	492
UniRef90_G4Q686	43.12	468	490
UniRef90_A0A0D6TL67	41.25	468	500
UniRef90_T0JL88	41.16	468	490
UniRef90_M4X4J9	39.96	468	494
UniRef90_R6RLU1	42.03	468	483
UniRef90_A3J349	40.88	468	502
UniRef90_F9YUN7	42.89	468	506
UniRef90_R5KWG8	39.29	468	490
UniRef90_R5CFB3	42.38	468	485
UniRef90_D4IVN9	41.34	468	482
UniRef90_D3LUV4	42.98	468	485
UniRef90_N0E168	43.75	468	516
UniRef90_B1I4Z1	42.42	468	501
UniRef90_UPI0004787ADD	43.91	468	487
UniRef90_UPI0003B6E086	41.04	468	484
UniRef90_D6GU14	40.90	468	495
UniRef90_UPI000409D361	40.80	468	507
UniRef90_E0QK21	40.04	468	492
UniRef90_A0A0G0BCP8	41.49	468	463
UniRef90_F0RWZ4	42.18	468	494
UniRef90_K2G9N3	39.45	468	515
UniRef90_A0A0M2NH25	44.05	468	485
UniRef90_UPI000367F5AF	42.15	468	512
UniRef90_A0A0D7W8C6	40.44	468	507
UniRef90_UPI0003FA32BB	41.96	468	484
UniRef90_A5D5L8	43.84	468	480
UniRef90_UPI000463F7D0	41.49	468	482
UniRef90_D4L677	41.93	468	484
UniRef90_W6JT87	44.29	468	505
UniRef90_I3C3Z2	41.15	468	510
UniRef90_F0S7W3	41.05	468	503
UniRef90_A0A066WJF8	41.09	468	501
UniRef90_R6EL11	40.99	468	486
UniRef90_P27000	100.00	468	468
UniRef90_E8PM41	89.53	468	472
UniRef90_B7AA48	89.32	468	468
UniRef90_A0A0A2WWP9	88.03	468	472
UniRef90_A0A081NG64	47.69	468	497
UniRef90_UPI000463BCAB	47.90	468	503
UniRef90_K7QW28	88.89	468	469
UniRef90_F3KBC9	46.64	468	493
UniRef90_A6VZB3	47.06	468	493
UniRef90_F2JXA6	47.17	468	505
UniRef90_A0A081N4Y2	45.07	468	497
UniRef90_A0A0K6IH72	49.37	468	493
UniRef90_A0A081KF50	45.80	468	492
UniRef90_A0A031ME72	46.43	468	495
UniRef90_F2NM49	69.98	468	481
UniRef90_UPI00040D32CA	47.80	468	503
UniRef90_B3PD15	46.64	468	504
UniRef90_E4U787	69.41	468	483
UniRef90_UPI000673187E	45.59	468	498
UniRef90_E1VPQ7	45.91	468	501
UniRef90_H0JCG3	47.06	468	493
UniRef90_A3YDZ6	45.59	468	493
UniRef90_UPI00047A1949	45.80	468	505
UniRef90_G2SF38	46.09	468	500
UniRef90_UPI0005667140	45.59	468	504
UniRef90_UPI00063EC243	41.04	468	480
UniRef90_A0A0G0I414	43.10	468	483
UniRef90_A0A0C5VX28	45.28	468	499
UniRef90_UPI0003AAF8B2	46.01	468	489
UniRef90_A1U1V3	48.11	468	493
UniRef90_D0SXS5	46.85	468	502
UniRef90_Q6F7C8	45.80	468	502
UniRef90_R5IUJ8	41.75	468	482
UniRef90_D7BF53	65.40	468	476
UniRef90_A0A0K1WKI7	47.59	468	494
UniRef90_Q1YQ37	46.64	468	493
UniRef90_F6A8H6	46.85	468	493
UniRef90_A0A0F2NPV9	48.53	468	504
UniRef90_A0A0F9VVU2	45.59	468	491
UniRef90_UPI000424D515	46.60	468	515
UniRef90_Q3KF35	45.80	468	493
UniRef90_UPI00037FFB72	44.75	468	502
UniRef90_A0A0G0GNN9	42.41	468	481
UniRef90_V2UWI4	46.22	468	503
UniRef90_R7QWR4	41.34	468	483
UniRef90_A0A0B2D4F2	46.22	468	493
UniRef90_UPI0002F55123	46.01	468	493
UniRef90_G5IE67	41.04	468	483
UniRef90_I7A6K1	43.19	468	482
UniRef90_R6RLU1	41.04	468	483
UniRef90_UPI00056ED63E	48.97	468	508
UniRef90_U7P8A0	47.90	468	492
UniRef90_I0AKG7	43.19	468	488
UniRef90_C1DEN2	46.22	468	493
UniRef90_R7PM18	40.29	468	483
UniRef90_D7GPT0	41.54	468	485
UniRef90_N6WPS1	49.05	468	494
UniRef90_R5VCB3	40.50	468	485
UniRef90_UPI00048FEF9B	45.89	468	493
UniRef90_S3NLN4	45.17	468	502
UniRef90_A4XVX2	44.75	468	493
UniRef90_L7VU96	44.05	468	492
UniRef90_UPI0003797F63	46.01	468	497
UniRef90_A0A062XY35	55.07	468	486
UniRef90_N8QCJ6	46.64	468	502
UniRef90_UPI0004837A33	41.13	468	485
UniRef90_Q9XCL6	45.59	468	494
UniRef90_V2TT57	46.01	468	501
UniRef90_E1V4R5	48.11	468	492
UniRef90_A0A060BE68	46.01	468	492
UniRef90_C8PUW2	46.85	468	498
UniRef90_A5WBQ0	47.06	468	505
UniRef90_R6PW90	41.46	468	487
UniRef90_F3AJJ1	40.33	468	485
UniRef90_Q2SK84	48.84	468	501
UniRef90_F3ABD0	41.34	468	482
UniRef90_A7VSM0	43.33	468	483
UniRef90_UPI000379F344	47.27	468	506
UniRef90_UPI00046378D5	39.63	468	485
UniRef90_UPI0005571EF1	40.66	468	488
UniRef90_G2PPB9	40.69	468	498
UniRef90_UPI0003B4216F	44.54	468	491
UniRef90_B9L1Z0	48.97	468	506
UniRef90_A0A0D7W8C6	40.04	468	507
UniRef90_A0A0A1YJX1	44.33	468	493
UniRef90_A4BHB6	44.33	468	498
UniRef90_UPI0003B6E086	40.21	468	484
UniRef90_D9R8T7	39.67	468	486
UniRef90_S2KQ48	47.59	468	492
UniRef90_R6H447	41.34	468	482
UniRef90_B1IIG7	41.00	468	485
UniRef90_D2RII5	42.71	468	488
UniRef90_UPI000463F7D0	40.50	468	482
UniRef90_Q88LF6	44.96	468	493
UniRef90_UPI0005610905	39.47	468	500
UniRef90_UPI0004E105C7	39.04	468	484
UniRef90_UPI00025584BE	46.01	468	494
UniRef90_UPI000380F1F0	46.54	468	497
UniRef90_UPI0004221854	44.54	468	495
UniRef90_D9S106	41.96	468	496
UniRef90_UPI0003B5F94D	39.67	468	483
UniRef90_C0ET29	40.92	468	483
UniRef90_UPI0005D14515	39.92	468	486
UniRef90_UPI000488FC20	47.69	468	492
UniRef90_F3LGQ2	46.33	468	494
UniRef90_G0LB38	39.92	468	502
UniRef90_A0A0F0CHU4	41.96	468	492
UniRef90_G2T2V5	41.16	468	484
UniRef90_Q1QY92	46.64	468	494
UniRef90_B7RZ06	44.98	468	493
UniRef90_D5V8Z7	46.74	468	498
UniRef90_W9UVQ4	44.54	468	496
UniRef90_E8LDB7	43.66	468	489
UniRef90_D4M4Y3	40.75	468	485
UniRef90_R6WEH4	40.96	468	484
UniRef90_R7GY20	41.75	468	484
UniRef90_F7JUX4	39.42	468	486
UniRef90_U2Z7C7	44.54	468	493
UniRef90_UPI00037B2EBE	46.01	468	492
UniRef90_Q4FQ04	44.75	468	509
UniRef90_UPI0002557F4C	46.53	468	491
UniRef90_R5JYW2	40.62	468	492
UniRef90_A6BEL9	40.79	468	509
UniRef90_A0A0F4R3J1	45.70	468	495
UniRef90_A0A0F9VZN3	45.59	468	509
UniRef90_A3JID7	47.90	468	495
UniRef90_UPI0004147F76	46.64	468	494
UniRef90_A0A0D0SCK7	41.67	468	484
UniRef90_UPI0004871326	39.50	468	484
UniRef90_A0A099PD37	46.01	468	501
UniRef90_L2F840	43.82	468	505
UniRef90_UPI00040AF311	45.49	468	495
UniRef90_A0A094NUC7	45.07	468	491
UniRef90_A0A0A2MJD9	41.05	468	503
UniRef90_A0A0K9N915	39.92	468	485
UniRef90_B6FSE4	40.75	468	485
UniRef90_R5TYA8	39.87	468	485
UniRef90_R5XGN8	40.75	468	484
UniRef90_A0A078KUQ2	42.26	468	487
UniRef90_A0A063Y3U4	45.59	468	501
UniRef90_UPI000479D79E	44.77	468	484
UniRef90_R5LX33	40.29	468	483
UniRef90_E7C3K7	49.27	468	482
UniRef90_D8GS54	40.51	468	480
UniRef90_F4A0L8	42.08	468	489
UniRef90_A0PZ93	41.60	468	487
UniRef90_R9PS98	44.86	468	495
UniRef90_A0A066UK58	46.11	468	504
UniRef90_UPI000482BE65	38.88	468	487
UniRef90_UPI000380970C	46.32	468	491
UniRef90_A0A017RXJ9	41.42	468	487
UniRef90_UPI0003FA32BB	40.71	468	484
UniRef90_UPI000318007D	41.25	468	501
UniRef90_C4GBK8	43.01	468	482
UniRef90_F0Z4F2	40.04	468	484
UniRef90_UPI00051C6E2C	39.71	468	486
UniRef90_A0A0E3M9H1	39.12	468	484
UniRef90_R7HUA8	40.79	468	486
UniRef90_A5FL73	41.45	468	501
UniRef90_F4LWU9	41.54	468	491
UniRef90_UPI0006DC5100	40.28	468	511
UniRef90_N2AF78	41.91	468	486
UniRef90_D4IVN9	40.92	468	482
UniRef90_C9RBP8	46.44	468	494
UniRef90_A0A0L8EXN5	39.75	468	487
UniRef90_UPI0003B677D2	44.44	468	498
UniRef90_R5KWG8	39.29	468	490
UniRef90_UPI000411D19F	40.83	468	484
UniRef90_A0A0B4XMW5	45.59	468	515
UniRef90_UPI0003F8FC6C	44.86	468	498
UniRef90_UPI0005546B34	40.71	468	484
UniRef90_D3PN02	62.53	468	479
UniRef90_UPI0005F83423	45.07	468	498
UniRef90_Q896M5	39.33	468	488
UniRef90_UPI0006C7E005	40.12	468	487
UniRef90_R6EL11	40.62	468	486
UniRef90_UPI00034A65E5	46.22	468	493
UniRef90_R6BVY3	42.50	468	483
UniRef90_UPI0005D14970	41.63	468	488
UniRef90_UPI00048BD436	39.28	468	505
UniRef90_UPI0004272351	47.17	468	498
UniRef90_R9N4L7	40.46	468	487
UniRef90_A0A0H5SYQ8	38.32	468	496
UniRef90_R5QL06	38.22	468	491
UniRef90_W1N4D9	44.96	468	493
UniRef90_UPI000641524C	39.28	468	506
UniRef90_A0A0B7MI15	42.50	468	490
UniRef90_A5Z390	39.71	468	485
UniRef90_D6DDP8	40.46	468	489
UniRef90_A0A081FW12	46.43	468	495
UniRef90_A0A066WJF8	40.52	468	501
UniRef90_R7N6M5	40.62	468	485
UniRef90_UPI00056F09A3	39.31	468	502
UniRef90_W6N1S6	37.45	468	485
UniRef90_R5P4C6	40.83	468	485
UniRef90_R7R323	41.88	468	488
UniRef90_A0A0A6Y4F0	42.08	468	500
UniRef90_UPI0003B41174	40.16	468	487
UniRef90_V2Y361	42.80	468	505
UniRef90_UPI000557AAD6	41.13	468	482
UniRef90_UPI0004853473	39.96	468	486
UniRef90_UPI000483F5B7	45.07	468	498
UniRef90_UPI0003FA824F	45.17	468	518
UniRef90_A0A0M8MAJ0	41.25	468	504
UniRef90_R5QLR4	40.12	468	491
UniRef90_UPI00047D66B7	40.08	468	493
UniRef90_R7K054	40.71	468	485
UniRef90_R6ZJA2	41.08	468	487
UniRef90_UPI0003B5F2E9	42.36	468	486
UniRef90_R5P514	39.46	468	485
UniRef90_UPI0004267416	44.03	468	494
UniRef90_B0NYM6	42.08	468	486
UniRef90_UPI0006B60050	44.65	468	499
UniRef90_R6FIM4	39.29	468	485
UniRef90_A0A0A2LZJ9	42.14	468	502
UniRef90_E6LPC0	39.87	468	483
UniRef90_I2JMU7	45.07	468	498
UniRef90_A0A0M4SXI5	44.12	468	513
UniRef90_A0A090VXD7	40.08	468	503
UniRef90_A0A0D5YRQ3	40.40	468	501
UniRef90_UPI00048A3331	48.53	468	494
UniRef90_UPI00067ED2D0	39.12	468	485
UniRef90_D4H6S8	44.09	468	483
UniRef90_A0YE84	44.68	468	494
UniRef90_R5V1T0	40.38	468	483
UniRef90_A0A0H5DQT6	44.23	468	504
UniRef90_E6U795	42.68	468	486
UniRef90_G8X9K9	40.24	468	500
UniRef90_A0A0F7GC31	44.01	468	487
UniRef90_R6BZI5	40.62	468	485
UniRef90_R6EDH0	39.42	468	493
UniRef90_R6V895	41.13	468	486
UniRef90_R5CFB3	41.25	468	485
UniRef90_UPI00046714A8	39.25	468	486
UniRef90_R6HLM9	43.22	468	487
UniRef90_A4C719	42.35	468	494
UniRef90_A0A0G0I924	39.49	468	515
UniRef90_UPI000471443E	42.26	468	486
UniRef90_T0N6N7	38.28	468	483
UniRef90_A0A037ZFF2	39.54	468	486
UniRef90_A0A0B3VVF1	42.36	468	494
UniRef90_S7VWK4	38.40	468	504
UniRef90_M7NBR2	39.48	468	505
UniRef90_Q21KM1	45.70	468	503
UniRef90_R5AIR7	40.17	468	482
UniRef90_A0A0F9VIT1	39.60	468	502
UniRef90_UPI000406BA52	40.71	468	485
UniRef90_A0A0C7NL11	44.89	468	490
UniRef90_A0A0D7WCB6	39.16	468	502
UniRef90_A0A095V1M4	41.05	468	501
UniRef90_R7IXW7	40.08	468	484
UniRef90_C5BLR1	45.49	468	500
UniRef90_W2UJ82	38.78	468	514
UniRef90_R9JCP5	39.79	468	489
UniRef90_E7GIP4	40.92	468	484
UniRef90_R5EKL4	40.33	468	489
UniRef90_C0CLZ1	40.42	468	494
UniRef90_F0RHB1	39.11	468	503
UniRef90_R7JTB5	40.08	468	483
UniRef90_UPI000425277B	36.95	468	503
UniRef90_F7JPV8	39.71	468	487
UniRef90_B6G099	40.21	468	498
UniRef90_R5CYR7	39.83	468	486
UniRef90_A0A0L6ZEM2	40.34	468	483
UniRef90_U2DK74	41.13	468	484
UniRef90_D1CDJ3	44.56	468	492
UniRef90_UPI0004285A6E	44.14	468	504
UniRef90_R9S4Z0	46.54	468	516
UniRef90_UPI00048A289F	45.38	468	494
UniRef90_R6Q0W7	37.87	468	482
UniRef90_C5VQ60	41.05	468	487
UniRef90_UPI00036C40B2	47.08	468	498
UniRef90_R7A0E0	38.67	468	487
UniRef90_UPI0004E128B3	41.88	468	482
UniRef90_A4ACF8	46.96	468	526
UniRef90_UPI00048950E1	44.23	468	503
UniRef90_Q97KC9	38.28	468	485
UniRef90_UPI0003B40207	40.54	468	483
UniRef90_C7M9I7	41.48	468	500
UniRef90_H1XP90	45.05	468	477
UniRef90_A3J349	40.88	468	502
UniRef90_A0A0F7M2F2	43.82	468	499
UniRef90_UPI00047B585E	38.91	468	488
UniRef90_W7Q691	45.80	468	493
UniRef90_UPI00055FD0B8	39.79	468	484
UniRef90_R7MM35	38.08	468	485
UniRef90_UPI0004DEE76E	40.16	468	503
UniRef90_U1L8F5	43.28	468	494
UniRef90_A8UG19	38.43	468	505
UniRef90_A0A0B7IAB7	40.96	468	499
UniRef90_UPI00047E42A1	39.26	468	493
UniRef90_A0A0A7EDP8	43.28	468	494
UniRef90_UPI0004269BB3	39.28	468	505
UniRef90_Q0VPE1	44.96	468	494
UniRef90_R9MKW6	40.04	468	491
UniRef90_UPI000680F9E4	40.79	468	489
UniRef90_A0A0K8J8H4	41.19	468	496
UniRef90_C9MWJ9	49.29	468	504
UniRef90_UPI0005B2988D	39.58	468	491
UniRef90_A0A0M9UE05	45.51	468	492
UniRef90_R5ZMF5	39.21	468	486
UniRef90_UPI000255DA88	39.72	468	515
UniRef90_UPI0006C7A602	41.00	468	485
UniRef90_UPI0005525A5F	57.72	468	474
UniRef90_UPI0006B5B9F2	41.48	468	492
UniRef90_E0RWD6	38.65	468	493
UniRef90_UPI000483F42A	43.91	468	496
UniRef90_B7AQM0	39.05	468	516
UniRef90_H1ZBE4	40.28	468	503
UniRef90_A5N867	38.70	468	487
UniRef90_M1Z9G2	40.91	468	493
UniRef90_X5DF34	41.04	468	508
UniRef90_UPI0005AB773A	43.82	468	494
UniRef90_UPI0004771D92	42.44	468	499
UniRef90_UPI0003F6ECF9	39.88	468	510
UniRef90_H7FNG9	40.24	468	501
UniRef90_UPI0006511D44	45.80	468	494
UniRef90_UPI0004065A6F	39.96	468	503
UniRef90_R7C5M6	38.88	468	488
UniRef90_A8MLB5	41.53	468	495
UniRef90_H1HSV7	42.05	468	485
UniRef90_A0A0C5W9C5	39.68	468	502
UniRef90_Q2RJE3	43.01	468	490
UniRef90_UPI0003F80916	39.18	468	492
UniRef90_A6H2H7	40.85	468	501
UniRef90_I5AQC5	38.96	468	485
UniRef90_R6T573	41.00	468	482
UniRef90_G4D139	44.56	468	492
UniRef90_UPI0005707215	44.84	468	516
UniRef90_UPI000509C474	44.03	468	511
UniRef90_UPI00051C59A2	41.08	468	487
UniRef90_UPI0006B58A5A	39.48	468	504
UniRef90_A0A084TKN4	39.08	468	504
UniRef90_R4KC95	38.70	468	488
UniRef90_UPI0005D27217	38.67	468	489
UniRef90_R6NZC3	42.80	468	485
UniRef90_L1NRD3	41.48	468	497
UniRef90_UPI000489438E	39.13	468	486
UniRef90_UPI0004009D14	44.33	468	494
UniRef90_R6RY68	41.04	468	482
UniRef90_R9K844	42.08	468	487
UniRef90_B0G320	38.25	468	485
UniRef90_D4JBZ7	39.25	468	486
UniRef90_UPI0006D210B4	40.28	468	503
UniRef90_A0A0D6TL67	40.85	468	500
UniRef90_A0A078L015	43.19	468	505
UniRef90_R9KRT5	41.58	468	486
UniRef90_R7H2Z0	39.25	468	484
UniRef90_UPI00056FCD20	41.70	468	489
UniRef90_E6MEH5	39.51	468	497
UniRef90_UPI0003B5D050	39.59	468	489
UniRef90_UPI000400C6AC	39.21	468	508
UniRef90_L1N9G3	41.37	468	505
UniRef90_UPI000629AB03	37.88	468	503
UniRef90_A0A0J7HW77	44.77	468	486
UniRef90_B9JAG5	44.84	468	485
UniRef90_Q3Z6S3	42.62	468	484
UniRef90_UPI00040A1941	39.79	468	484
UniRef90_E5VWE8	40.29	468	486
UniRef90_U5MS48	38.96	468	487
UniRef90_C7NAI9	49.29	468	501
UniRef90_A0A0F4PMK1	43.31	468	496
UniRef90_A4CI36	41.62	468	506
UniRef90_P15189	44.63	468	485
UniRef90_UPI000427E920	39.36	468	503
UniRef90_R9NGE5	38.72	468	486
UniRef90_A0A0G0VB51	42.27	468	526
UniRef90_UPI00047C7F34	39.83	468	489
UniRef90_A9KRX7	39.26	468	490
UniRef90_UPI0003654368	63.16	468	476
UniRef90_V6SDB8	39.88	468	503
UniRef90_A4J0Y7	41.04	468	482
UniRef90_W3ARE9	40.21	468	482
UniRef90_B8KHI2	45.07	468	493
UniRef90_W4LTD3	48.43	468	487
UniRef90_UPI000409D361	40.20	468	507
UniRef90_A0A090E259	44.65	468	509
UniRef90_UPI0005576D01	40.00	468	482
UniRef90_Q2BMB3	44.44	468	500
UniRef90_UPI00058FE2D5	39.33	468	486
UniRef90_R6GI52	40.37	468	488
UniRef90_UPI00054E42EC	38.88	468	484
UniRef90_S6GHK1	44.33	468	496
UniRef90_UPI000482E3DE	40.25	468	497
UniRef90_UPI00053ED738	37.81	468	527
UniRef90_UPI0003F7605E	40.24	468	504
UniRef90_UPI0004104B4E	40.88	468	507
UniRef90_A0A0L0W9L7	40.29	468	494
UniRef90_D4L677	41.93	468	484
UniRef90_A0A0L7S184	43.58	468	489
UniRef90_A0A0B7HSH6	41.50	468	500
UniRef90_B0A6I1	40.04	468	494
UniRef90_UPI00041F6C83	39.79	468	482
UniRef90_D0GJR7	49.09	468	504
UniRef90_UPI00051C56F9	41.93	468	488
UniRef90_F0IGI6	40.92	468	508
UniRef90_F6GFZ7	37.27	468	502
UniRef90_A0A0G1GWB2	43.18	468	489
UniRef90_UPI0002890227	40.36	468	504
UniRef90_UPI00053DAA2B	37.27	468	503
UniRef90_A0A0F6AEZ9	43.28	468	495
UniRef90_A0A0D0I4X0	40.76	468	505
UniRef90_W8IBX3	43.58	468	485
UniRef90_UPI0004E1E62B	39.50	468	484
UniRef90_A0A0A1RVK7	40.41	468	493
UniRef90_UPI00046A2EF8	40.76	468	504
UniRef90_C5D3P4	40.04	468	486
UniRef90_UPI0006D11F42	40.12	468	510
UniRef90_R5HCK5	40.92	468	484
UniRef90_C2M656	39.88	468	509
UniRef90_A0A0B5RT75	39.28	468	504
UniRef90_UPI00069BC1DC	43.30	468	501
UniRef90_N1ZKG5	39.04	468	484
UniRef90_UPI0003B69FB8	41.65	468	501
UniRef90_A0A0A2GUJ4	39.60	468	505
UniRef90_UPI0006B58D40	40.08	468	501
UniRef90_A0A0C1CZJ8	40.96	468	503
UniRef90_UPI0004DB7C8F	39.67	468	484
UniRef90_A0A099S601	39.33	468	486
UniRef90_UPI00041BC4AA	40.79	468	495
UniRef90_UPI0006E1C293	38.45	468	510
UniRef90_UPI0004B73676	44.12	468	493
UniRef90_F7V3H7	41.34	468	483
UniRef90_UPI000262CB45	44.33	468	503
UniRef90_A0LSS7	46.74	468	504
UniRef90_UPI0004011D82	39.72	468	501
UniRef90_M5DSA0	45.19	468	504
UniRef90_A6EL88	39.36	468	509
UniRef90_UPI00055BCB66	44.21	468	485
UniRef90_R7DNB8	40.56	468	505
UniRef90_UPI00054FC248	38.96	468	483
UniRef90_Q8U7H5	44.86	468	485
UniRef90_K2EML4	41.53	468	485
UniRef90_E6XA96	38.95	468	499
UniRef90_Q3IHK6	42.35	468	494
UniRef90_W7YHK8	39.72	468	510
UniRef90_Q8RB93	40.88	468	481
UniRef90_I3C3Z2	41.15	468	510
UniRef90_F8WWT8	40.96	468	504
UniRef90_A0A0G0IVF8	40.45	468	488
UniRef90_A0A086D6T3	46.43	468	492
UniRef90_R6I6K3	43.22	468	488
UniRef90_UPI000490FD78	42.32	468	483
UniRef90_Q1MXU9	45.17	468	501
UniRef90_K2EIB3	42.30	468	503
UniRef90_UPI000381DA94	45.91	468	495
UniRef90_R5KVC3	43.09	468	506
UniRef90_UPI00048C0B69	41.97	468	505
UniRef90_D1W0X8	41.37	468	512
UniRef90_UPI0004763D23	44.42	468	488
UniRef90_UPI00062993CC	38.68	468	503
UniRef90_Q18CD6	39.46	468	493
UniRef90_A4AP78	36.69	468	501
UniRef90_G9WR24	42.08	468	484
UniRef90_UPI0005F7886C	44.65	468	503
UniRef90_UPI0006BB942F	41.65	468	489
UniRef90_A0A062BVT3	47.87	468	454
UniRef90_A0A090I136	42.86	468	491
UniRef90_B7BE63	40.76	468	504
UniRef90_H3NW34	46.56	468	514
UniRef90_A0A0G0QM95	45.96	468	462
UniRef90_UPI0004864C8D	37.75	468	502
UniRef90_D8DU35	40.76	468	505
UniRef90_A0A0H4VSV1	41.55	468	511
UniRef90_B0KAA6	41.93	468	479
UniRef90_T2KRV5	38.03	468	503
UniRef90_D4LAM8	40.00	468	481
UniRef90_UPI0005B2C17D	40.70	468	494
UniRef90_W2CFN2	40.16	468	506
UniRef90_UPI0004DB8BEF	46.01	468	493
UniRef90_UPI0006FF3A07	40.76	468	504
UniRef90_UPI0003633D8E	44.06	468	493
UniRef90_K4LG20	41.25	468	499
UniRef90_R7IJV0	42.05	468	489
UniRef90_UPI0005A9B943	44.44	468	512
UniRef90_L8D0I8	42.65	468	495
UniRef90_UPI00055055B2	39.44	468	503
UniRef90_A0A099XSB1	38.12	468	506
UniRef90_D9TP54	38.57	468	480
UniRef90_UPI000682EE66	40.56	468	506
UniRef90_G6AZT4	41.37	468	505
UniRef90_UPI00047FF837	39.50	468	487
UniRef90_UPI000470F550	43.49	468	496
UniRef90_UPI0003F8F854	40.32	468	500
UniRef90_E1KPL8	42.37	468	505
UniRef90_U2BAA8	39.83	468	469
UniRef90_UPI000478EE32	36.63	468	510
UniRef90_R6P868	40.38	468	479
UniRef90_F4GJE1	42.06	468	497
UniRef90_G0VQ69	41.63	468	484
UniRef90_UPI00041926F6	37.88	468	509
UniRef90_E3GFZ6	41.51	468	494
UniRef90_F6BHA5	39.41	468	480
UniRef90_R9JNM7	41.04	468	486
UniRef90_A0A0J1DP25	42.08	468	489
UniRef90_A0A0G0HRF5	42.30	468	490
UniRef90_UPI00041EFF24	35.84	468	525
UniRef90_F0R4Z5	42.20	468	507
UniRef90_UPI00047B6B76	39.46	468	493
UniRef90_K0B3Z4	40.99	468	492
