UniRef90_Q9KX40	100.00	377	392
UniRef90_UPI0005C29CB8	99.29	377	285
UniRef90_A0A0B6S800	77.07	377	388
UniRef90_UPI000309451F	67.02	377	389
UniRef90_A0A0H5KV82	69.21	377	399
UniRef90_A0A088Z459	69.21	377	399
UniRef90_A0A0E8Y8E5	69.95	377	382
UniRef90_UPI0005783F5E	69.41	377	382
UniRef90_UPI0006875BF6	60.27	377	403
UniRef90_UPI0006938840	64.19	377	397
UniRef90_UPI0006FE4316	60.53	377	415
UniRef90_T2LAZ7	57.71	377	419
UniRef90_J3AGJ3	58.87	377	412
UniRef90_UPI00064915E8	57.07	377	394
UniRef90_A0A060DTE5	60.37	377	407
UniRef90_B0T7U2	56.99	377	409
UniRef90_UPI00068B02CC	57.37	377	397
UniRef90_UPI0006F605B8	56.33	377	409
UniRef90_A0A085WHX5	56.00	377	409
UniRef90_UPI0004910954	59.31	377	405
UniRef90_J1T9L3	58.60	377	394
UniRef90_A0A0H1AGM8	60.80	377	395
UniRef90_J3GE10	55.44	377	388
UniRef90_UPI00064828E8	54.79	377	389
UniRef90_A0A0C4YJI2	57.71	377	391
UniRef90_A0A094S024	53.05	377	388
UniRef90_A0A0G4K0E8	54.76	377	399
UniRef90_A0A0J5W872	55.85	377	393
UniRef90_A0A071LR77	57.22	377	390
UniRef90_A0A0L8C7N7	52.38	377	388
UniRef90_A0A088TRY6	55.32	377	393
UniRef90_A0A0B1Q2F8	57.26	377	380
UniRef90_UPI0005A9F9DE	55.67	377	399
UniRef90_A0A0D8KQ46	58.33	377	380
UniRef90_A0A084D733	55.85	377	393
UniRef90_H1S0W7	56.80	377	385
UniRef90_A0A0A0D2N8	55.29	377	392
UniRef90_B9JCW0	54.38	377	389
UniRef90_A0A0F7E7H6	53.46	377	377
UniRef90_V2IGW1	55.41	377	396
UniRef90_A0A095E657	54.52	377	393
UniRef90_UPI000565EE97	52.80	377	389
UniRef90_UPI0005A77A81	55.17	377	394
UniRef90_J2ETX6	51.34	377	402
UniRef90_A0A0D5XYY0	54.26	377	402
UniRef90_UPI000699D7F5	54.16	377	403
UniRef90_L7UIC4	55.17	377	674
UniRef90_A0A088U9Z7	55.97	377	398
UniRef90_A0A084D5W9	54.64	377	398
UniRef90_Q391S9	55.85	377	393
UniRef90_A0A068SM30	53.37	377	384
UniRef90_G7LJX1	54.91	377	392
UniRef90_N6U6E6	53.99	377	451
UniRef90_S9QGG3	52.91	377	427
UniRef90_A0A0F0EXW5	55.82	377	398
UniRef90_UPI00068D0A0D	55.03	377	403
UniRef90_A0A0F5K4K7	53.85	377	388
UniRef90_A0A0H2M4E8	55.94	377	399
UniRef90_UPI000409E8F2	52.79	377	385
UniRef90_UPI0003F53A49	54.26	377	385
UniRef90_L0LKU9	52.13	377	389
UniRef90_UPI0005B8903D	55.44	377	397
UniRef90_V7ZAT8	53.97	377	397
UniRef90_UPI000645C239	52.12	377	389
UniRef90_A8U3N5	53.99	377	396
UniRef90_UPI0006F6DEAF	54.84	377	388
UniRef90_UPI00031E97BC	54.38	377	398
UniRef90_UPI0005548B4B	51.85	377	389
UniRef90_W6W2A8	53.37	377	384
UniRef90_UPI00048EAA2E	54.91	377	397
UniRef90_A0A095DU17	54.11	377	398
UniRef90_E3FLS0	53.05	377	401
UniRef90_UPI0005516FF7	54.14	377	389
UniRef90_A0A087P1C6	53.99	377	398
UniRef90_A0A0D5V9X9	54.23	377	403
UniRef90_J1IKA3	53.19	377	402
UniRef90_UPI0006FFD72E	55.29	377	401
UniRef90_A0A0J6NPL9	55.17	377	397
UniRef90_G0F118	53.60	377	409
UniRef90_C1DR77	52.79	377	396
UniRef90_A0A0F6UDS9	56.50	377	391
UniRef90_UPI0005185E18	53.07	377	387
UniRef90_A0A0J1CU17	52.00	377	399
UniRef90_UPI00067B0F7B	53.37	377	399
UniRef90_D0KM06	52.79	377	397
UniRef90_A0A0M2TUN3	53.05	377	398
UniRef90_UPI000487A340	56.99	377	390
UniRef90_UPI00046AFF2D	52.52	377	383
UniRef90_A0A0D0H6K5	53.97	377	398
UniRef90_A0A084D588	52.14	377	381
UniRef90_S3HMB3	54.76	377	388
UniRef90_UPI0004B06D33	53.05	377	403
UniRef90_A0A0A3JTA8	56.14	377	403
UniRef90_A0A089IU06	50.79	377	382
UniRef90_B5ZX22	54.23	377	389
UniRef90_A0A0D3VA06	51.72	377	389
UniRef90_UPI00057FF44E	50.92	377	385
UniRef90_Q1I192	52.00	377	388
UniRef90_Q1MIV9	53.70	377	388
UniRef90_UPI000248D277	52.39	377	381
UniRef90_F7YBT0	51.86	377	387
UniRef90_UPI00030F66DE	51.60	377	403
UniRef90_UPI00047D9E66	52.27	377	386
UniRef90_A0A089I7X0	51.86	377	391
UniRef90_UPI0003FA3901	53.72	377	388
UniRef90_UPI0006B313C9	54.11	377	397
UniRef90_Q0BCD0	54.38	377	398
UniRef90_A0A0F6SX06	52.25	377	390
UniRef90_A0A069IBP8	52.65	377	396
UniRef90_UPI0003FB43E6	52.82	377	386
UniRef90_UPI0006730F7B	54.50	377	389
UniRef90_UPI000683FCEA	55.68	377	320
UniRef90_W4CEE7	51.60	377	392
UniRef90_K0VWK1	54.26	377	389
UniRef90_A0A0C4WT33	53.58	377	393
UniRef90_A0A0B5IHV2	51.99	377	397
UniRef90_C6DER5	50.40	377	397
UniRef90_UPI0005DABB1D	51.32	377	392
UniRef90_I0QRB8	51.34	377	402
UniRef90_J3H9H6	50.66	377	422
UniRef90_A0A0G4JQZ0	50.92	377	391
UniRef90_A0A0D5NEX8	51.60	377	392
UniRef90_A0A095VD47	52.29	377	383
UniRef90_UPI000375FC81	52.29	377	385
UniRef90_W0LF01	52.39	377	385
UniRef90_A0A0A5LRH1	53.46	377	388
UniRef90_A0A021W1R6	52.89	377	404
UniRef90_S9QLB5	53.46	377	418
UniRef90_UPI0004AD4F1A	51.19	377	399
UniRef90_A0A060DQG3	52.13	377	397
UniRef90_Q56CZ4	52.66	377	398
UniRef90_UPI0006A7EA90	50.27	377	383
UniRef90_B9B460	52.66	377	396
UniRef90_A4Y6F7	51.20	377	397
UniRef90_A0A0E3WJL2	51.07	377	391
UniRef90_A0A088THC8	53.85	377	398
UniRef90_H2IZ47	48.41	377	383
UniRef90_UPI000619EE76	49.60	377	391
UniRef90_UPI0006F7EEB4	49.19	377	390
UniRef90_A0A031HC55	52.86	377	419
UniRef90_A0A0K2ZH33	53.74	377	402
UniRef90_W4B6S3	49.74	377	394
UniRef90_B7WQQ1	53.60	377	398
UniRef90_I7CDN7	53.70	377	384
UniRef90_X4ZJ00	50.13	377	392
UniRef90_UPI000429F9E7	51.84	377	397
UniRef90_A0A068QU41	45.31	377	389
UniRef90_A0A089JF12	50.53	377	385
UniRef90_UPI0004062E77	54.11	377	391
UniRef90_A0A0D5LET9	51.76	377	413
UniRef90_A0A088L120	50.53	377	397
UniRef90_A8GE36	49.87	377	383
UniRef90_W0STF5	51.75	377	385
UniRef90_A0A0M2WMK5	51.84	377	393
UniRef90_L1LUP7	49.60	377	393
UniRef90_UPI00041AD60C	53.80	377	400
UniRef90_U2G4U9	52.79	377	388
UniRef90_J7L2C9	51.59	377	397
UniRef90_UPI000416CD44	53.58	377	397
UniRef90_UPI00067BA83B	50.54	377	380
UniRef90_A0A0J1CMS3	50.54	377	369
UniRef90_A0A093SKG6	50.53	377	361
UniRef90_F8EVL8	46.17	377	382
UniRef90_U3HAJ9	52.12	377	396
UniRef90_UPI00020E99C7	51.20	377	385
UniRef90_A0A0J5XQE0	50.96	377	397
UniRef90_A0A0C5DFF8	55.17	377	384
UniRef90_UPI00046D3FB0	48.53	377	390
UniRef90_UPI000686A0C5	50.40	377	389
UniRef90_A0A0F5FRF7	50.54	377	375
UniRef90_D0IY40	52.14	377	397
UniRef90_A0A0K1ESI7	50.92	377	386
UniRef90_UPI00047121D3	47.88	377	393
UniRef90_D2BU30	51.19	377	396
UniRef90_F3S9D6	52.28	377	448
UniRef90_UPI00037551D0	48.27	377	400
UniRef90_A0A0M9BNP3	48.00	377	386
UniRef90_A0A0D2TD58	47.61	377	372
UniRef90_E6WM53	50.26	377	396
UniRef90_A0A0E9B5R4	46.70	377	390
UniRef90_UPI0006616723	50.13	377	389
UniRef90_G7VZW5	49.47	377	393
UniRef90_UPI0006D550C4	48.92	377	387
UniRef90_A0A084YYC7	49.60	377	383
UniRef90_UPI0003717FDD	50.27	377	390
UniRef90_A0A069AYF5	52.76	377	398
UniRef90_G8AP96	51.59	377	396
UniRef90_UPI0005DC871C	45.62	377	406
UniRef90_A0A0E1ECD9	47.88	377	396
UniRef90_S0AF39	52.27	377	385
UniRef90_A0A0F6EW03	47.73	377	388
UniRef90_A0A081NVF4	48.67	377	382
UniRef90_A0A0G5SZL6	51.23	377	419
UniRef90_UPI0006F9DD6C	52.60	377	380
UniRef90_R7WWI4	51.34	377	396
UniRef90_A0A0H4N968	51.60	377	393
UniRef90_A0A022FYR1	50.66	377	374
UniRef90_UPI0006903CD7	48.80	377	375
UniRef90_K2J1F5	51.59	377	397
UniRef90_UPI0003673B28	48.80	377	402
UniRef90_UPI00068FA08C	48.12	377	381
UniRef90_A0A0A6DXB9	50.53	377	392
UniRef90_A0A0K1Q0J3	51.33	377	389
UniRef90_J3I7K5	48.94	377	404
UniRef90_UPI000374D7CB	50.40	377	378
UniRef90_Q5NLY6	45.65	377	378
UniRef90_A0A090Z028	43.32	377	384
UniRef90_A0A0F7HHY9	49.60	377	382
UniRef90_C3FJU2	43.62	377	384
UniRef90_A0A0A2TSP4	46.67	377	386
UniRef90_UPI0004679E8F	47.20	377	393
UniRef90_UPI000648426F	49.73	377	383
UniRef90_A0A089JC25	47.44	377	384
UniRef90_D4E6N7	51.20	377	383
UniRef90_UPI00042732CF	50.00	377	378
UniRef90_A0A0G9I3D6	55.71	377	406
UniRef90_A0A090E155	52.39	377	405
UniRef90_A0A0G9IHZ2	50.83	377	380
UniRef90_UPI0006FC1B95	54.23	377	399
UniRef90_A0A0K1JF78	49.07	377	382
UniRef90_S9SK78	46.93	377	393
UniRef90_J2IKG4	47.64	377	387
UniRef90_A0A0A6W701	45.24	377	392
UniRef90_A0A0A7RYV4	45.38	377	387
UniRef90_UPI0006F9E7E5	49.32	377	376
UniRef90_UPI0005F2DF99	48.14	377	397
UniRef90_A0A0K1PMJ1	48.55	377	439
UniRef90_S0AGT6	51.47	377	386
UniRef90_A0A0K0TVF3	49.07	377	373
UniRef90_A0A0M1EA36	50.27	377	392
UniRef90_UPI00035EFA68	50.55	377	399
UniRef90_S4XN90	50.27	377	436
UniRef90_D3NTN1	50.26	377	390
UniRef90_F0LBI6	49.21	377	388
UniRef90_A0A0F6W9U0	53.19	377	403
UniRef90_B0UJ58	52.65	377	382
UniRef90_D3P429	48.67	377	386
UniRef90_M5CM26	50.95	377	419
UniRef90_F6B0U5	51.97	377	419
UniRef90_I3TXD6	50.92	377	415
UniRef90_A0A087LL07	49.87	377	373
UniRef90_W6RBW2	47.61	377	385
UniRef90_UPI0006471039	48.35	377	395
UniRef90_H0JJK4	49.73	377	396
UniRef90_A0A0M2DD37	50.80	377	358
UniRef90_UPI0006C736CF	50.67	377	386
UniRef90_UPI000641707A	50.94	377	393
UniRef90_S2WHG8	52.38	377	413
UniRef90_A0A080KJG4	45.12	377	389
UniRef90_R8Y5G2	44.74	377	396
UniRef90_UPI000694427B	53.85	377	407
UniRef90_UPI00064113CF	48.27	377	396
UniRef90_A0A0B5L652	49.86	377	392
UniRef90_A0A085HBT7	46.74	377	381
UniRef90_UPI0006893B98	46.77	377	380
UniRef90_UPI00036ED3AA	45.74	377	380
UniRef90_UPI0003B312CB	45.88	377	426
UniRef90_U1AA88	49.74	377	381
UniRef90_S9S0Q3	51.84	377	359
UniRef90_UPI000490D40F	47.86	377	376
UniRef90_UPI00036B7584	49.20	377	367
UniRef90_A0A0G3ESQ5	49.87	377	406
UniRef90_UPI00048DE6E3	49.60	377	396
UniRef90_UPI0003625547	49.32	377	391
UniRef90_UPI0006C76902	49.44	377	385
UniRef90_D0S2J8	44.47	377	396
UniRef90_A0A0F5QFH8	46.95	377	368
UniRef90_A0A0M1HP35	53.14	377	318
UniRef90_UPI0005529701	48.15	377	416
UniRef90_J3AML1	50.80	377	378
UniRef90_A0A0A8C1X4	48.28	377	390
UniRef90_A0A087M1Q5	45.31	377	367
UniRef90_A0A069I0N3	48.66	377	388
UniRef90_A0A090DK62	53.05	377	325
UniRef90_A0A0F5PVE3	45.87	377	370
UniRef90_A1B5F4	46.94	377	377
UniRef90_UPI0006FEC6A7	45.48	377	367
UniRef90_A0A0M0EM06	48.68	377	390
UniRef90_A0A0C1EV92	48.94	377	393
UniRef90_UPI00056D1FEE	45.07	377	372
UniRef90_F3HG96	50.30	377	367
UniRef90_UPI000693B0C6	50.00	377	375
UniRef90_G2I5X1	47.51	377	415
UniRef90_UPI0004146FCC	47.25	377	387
UniRef90_D2UEQ9	47.61	377	397
UniRef90_UPI00056980C4	47.07	377	372
UniRef90_UPI000225F058	44.23	377	377
UniRef90_Q4ZSU2	47.45	377	396
UniRef90_F3HHH3	45.74	377	392
UniRef90_UPI0001E29B71	46.77	377	396
UniRef90_UPI0002E608EB	46.54	377	390
UniRef90_C3X2F3	44.76	377	386
UniRef90_A0A0F5FLJ3	45.12	377	366
UniRef90_A0A085V657	44.35	377	382
UniRef90_UPI0003F5EA91	45.00	377	386
UniRef90_UPI000470D9A5	48.62	377	325
UniRef90_A0A061MV58	44.78	377	372
UniRef90_UPI000550A12C	44.27	377	372
UniRef90_A0A0G3CSR7	44.17	377	378
UniRef90_A0A099FNR4	46.58	377	377
UniRef90_UPI00041664CF	46.32	377	382
UniRef90_W0HAM5	45.43	377	380
UniRef90_UPI00040DE874	44.50	377	386
UniRef90_UPI000687102E	44.03	377	393
UniRef90_UPI00056172B9	43.85	377	372
UniRef90_UPI0005C91D39	47.34	377	397
UniRef90_Q881D8	44.39	377	384
UniRef90_UPI00041973AE	45.97	377	373
UniRef90_UPI00040CE9D8	46.24	377	385
UniRef90_UPI000617B80F	49.08	377	392
UniRef90_UPI0006F66E05	45.89	377	364
UniRef90_Q48J12	44.65	377	397
UniRef90_F3SCG6	48.43	377	390
UniRef90_C3X9W4	42.78	377	383
UniRef90_W0MVU6	45.74	377	392
UniRef90_S5YQ70	43.67	377	378
UniRef90_A9H435	47.63	377	394
UniRef90_UPI0006F555B2	44.92	377	372
UniRef90_J2L6E0	44.95	377	372
UniRef90_A0A0D0M3Q2	45.58	377	379
UniRef90_UPI0006D5E9E3	47.06	377	397
UniRef90_A0A0N1DQ03	43.27	377	391
UniRef90_UPI0006D85D1C	44.06	377	376
UniRef90_UPI0006F39DD8	44.41	377	364
UniRef90_K2Q895	44.36	377	375
UniRef90_UPI00037D2327	44.35	377	371
UniRef90_H4F581	45.41	377	380
UniRef90_UPI000702C2EF	43.62	377	384
UniRef90_A0A085FET5	42.67	377	375
UniRef90_A0A0N0JKU9	43.46	377	378
UniRef90_A0A077LLK0	43.73	377	369
UniRef90_A0A0D5LPQ8	41.71	377	371
UniRef90_UPI0006F226B8	40.43	377	364
UniRef90_UPI0005EF5A3E	41.76	377	382
UniRef90_A0A0H3HLT1	50.00	377	366
UniRef90_UPI0006D78815	40.27	377	370
UniRef90_U1YGN3	36.49	377	405
UniRef90_A0A0G5WVV4	54.65	377	274
UniRef90_A0A0J5T373	43.01	377	376
UniRef90_B9JTP5	41.15	377	410
UniRef90_A0A0F5LBQ9	42.09	377	362
UniRef90_A0A0D6PZR5	50.91	377	311
UniRef90_D5QHM9	44.24	377	389
UniRef90_UPI000318EED5	40.51	377	429
UniRef90_M5AJ67	48.43	377	363
UniRef90_A0A0M7D5B4	34.86	377	405
UniRef90_UPI00051783E7	46.29	377	296
UniRef90_UPI00068FFB3F	39.59	377	415
UniRef90_W1MKE0	61.20	377	200
UniRef90_A0A0F6IWX8	42.52	377	261
UniRef90_UPI00065F800D	37.04	377	429
UniRef90_UPI000684CA0E	37.31	377	441
UniRef90_UPI00069149BE	36.75	377	401
UniRef90_UPI000693D303	35.82	377	429
UniRef90_UPI000464EDA1	41.73	377	265
UniRef90_F2ZCN3	42.81	377	287
UniRef90_A0A0B0S612	38.75	377	389
UniRef90_A0A0N1IUD0	37.63	377	388
UniRef90_UPI00047A77E7	35.25	377	307
UniRef90_Q1IU08	32.53	377	424
UniRef90_UPI00046BA818	49.20	377	191
UniRef90_UPI0003FC4239	32.00	377	414
UniRef90_UPI00035C2CB9	38.17	377	387
UniRef90_UPI00045E9C37	32.25	377	414
UniRef90_W0RLH6	37.26	377	427
UniRef90_S2DMV2	32.05	377	428
UniRef90_A0A0K0L6E5	35.99	377	429
UniRef90_S9R6B5	34.47	377	412
UniRef90_UPI000678C7FC	30.57	377	429
UniRef90_A0A0D3LMA1	31.62	377	449
UniRef90_U7GGK7	32.51	377	403
UniRef90_A1U378	34.11	377	370
UniRef90_A0A0C1G5I3	34.37	377	403
UniRef90_M7X775	31.38	377	429
UniRef90_UPI00041AD39F	31.40	377	432
UniRef90_F8EAC8	30.02	377	432
UniRef90_K7QUT4	38.71	377	386
UniRef90_A3XGQ4	31.53	377	414
UniRef90_UPI0003616CBC	31.81	377	424
UniRef90_UPI00058C459F	34.91	377	420
UniRef90_I2EYG9	30.49	377	436
UniRef90_F5XXH2	33.42	377	428
UniRef90_E8PK59	36.02	377	388
UniRef90_A0A0D7W315	32.07	377	430
UniRef90_A0A0L8AZZ2	37.22	377	391
UniRef90_UPI0003F51387	29.78	377	425
UniRef90_UPI0004CA386D	37.56	377	407
UniRef90_L0G181	31.68	377	430
UniRef90_UPI0003B5F0FF	37.05	377	386
UniRef90_A0A0E3ZWY3	29.82	377	433
UniRef90_UPI0006FB6A2F	35.73	377	407
UniRef90_UPI00041FC3A1	30.12	377	425
UniRef90_A0A0K1EG56	33.14	377	450
UniRef90_Q5SK96	36.49	377	388
UniRef90_S9PM94	33.25	377	426
UniRef90_A0A0G2ZZJ0	33.41	377	411
UniRef90_UPI0005697158	31.36	377	432
UniRef90_A0A0F9W806	33.16	377	421
UniRef90_UPI0004A3AE20	32.59	377	403
UniRef90_UPI0002DA7E8B	37.22	377	391
UniRef90_G8TF69	29.79	377	429
UniRef90_K1LG36	30.87	377	430
UniRef90_A0A0B4C4Z4	34.70	377	403
UniRef90_UPI00036D8B29	35.06	377	409
UniRef90_UPI0003B3C9DE	30.56	377	435
UniRef90_R4SWW7	35.28	377	411
UniRef90_A0A0B4DZ84	34.97	377	403
UniRef90_UPI0003FF8F30	29.56	377	432
UniRef90_I3Z6I0	31.73	377	428
UniRef90_UPI0005CAE548	32.43	377	403
UniRef90_UPI00056BFA2D	31.51	377	433
UniRef90_B0UQZ3	34.91	377	414
UniRef90_UPI0005F1C7BD	32.10	377	433
UniRef90_Q13SC0	35.92	377	399
UniRef90_H2JQH3	35.92	377	407
UniRef90_UPI0006E28D76	35.87	377	409
UniRef90_E1TH46	36.91	377	399
UniRef90_V9VSW3	34.41	377	403
UniRef90_A0A0D5VJK4	34.81	377	399
UniRef90_UPI000415AB84	30.87	377	431
UniRef90_F0SF33	30.79	377	435
UniRef90_B8IV62	35.86	377	406
UniRef90_UPI00041137C1	34.41	377	403
UniRef90_UPI000688D03B	31.85	377	391
UniRef90_G0FWG7	33.90	377	409
UniRef90_I2GFM8	30.93	377	434
UniRef90_D5WEE8	34.78	377	399
UniRef90_UPI00056DC156	38.96	377	387
UniRef90_E4RTL5	30.83	377	418
UniRef90_F8EC69	28.24	377	438
UniRef90_W5YI35	31.55	377	404
UniRef90_UPI0004D02FE3	34.91	377	407
UniRef90_A4CH58	34.38	377	436
UniRef90_M7CWH9	31.78	377	404
UniRef90_UPI00051A89A1	32.98	377	400
UniRef90_M5AHY1	38.32	377	323
UniRef90_A0A0J1CYA8	34.65	377	407
UniRef90_B3PSW7	34.44	377	410
UniRef90_Q3YMN2	34.42	377	385
UniRef90_UPI00047DD3B0	29.02	377	427
UniRef90_A0A081BAL9	31.48	377	413
UniRef90_UPI0002379298	34.64	377	412
UniRef90_UPI000478A467	30.61	377	428
UniRef90_A4ACX4	31.09	377	407
UniRef90_A0A066WIF3	29.71	377	427
UniRef90_A0A017T5V1	32.90	377	450
UniRef90_UPI0006D95614	31.81	377	428
UniRef90_D2QQ91	28.15	377	447
UniRef90_UPI0003A48B52	32.51	377	429
UniRef90_UPI0005BB43F0	33.59	377	410
UniRef90_UPI00067F6D8F	30.87	377	389
UniRef90_A0A0G3FL02	32.62	377	402
UniRef90_UPI0003B3B9AE	33.17	377	447
UniRef90_UPI000524D8A6	36.03	377	414
UniRef90_I9WRB8	34.82	377	407
UniRef90_A0A0B0HU29	31.58	377	391
UniRef90_A3HWK0	30.00	377	429
UniRef90_A0A0J7JFF2	29.95	377	440
UniRef90_UPI00040BA475	34.11	377	403
UniRef90_A4FBU3	36.07	377	410
UniRef90_F4KR81	28.75	377	422
UniRef90_A0A0E3V921	27.60	377	438
UniRef90_A0A0M4MU43	31.78	377	411
UniRef90_UPI000477BCC2	32.54	377	415
UniRef90_UPI0005BE956D	32.10	377	399
UniRef90_A3JC53	30.93	377	404
UniRef90_A0A0A2XBC5	34.40	377	382
UniRef90_A0A011AHE0	34.32	377	411
UniRef90_UPI0006BBDCCD	28.89	377	427
UniRef90_UPI000361DF43	28.43	377	436
UniRef90_UPI00040F1CE1	28.68	377	439
UniRef90_UPI000366F6D9	29.70	377	436
UniRef90_UPI0005272850	34.08	377	405
UniRef90_A4ANB5	29.10	377	429
UniRef90_L1KWA6	33.42	377	408
UniRef90_M5B1U7	31.47	377	449
UniRef90_UPI0006C8E14C	33.51	377	403
UniRef90_UPI000685972B	33.78	377	391
UniRef90_E4PFK1	30.89	377	404
UniRef90_D2QFC5	29.47	377	433
UniRef90_UPI00052588C3	32.60	377	415
UniRef90_S5VQQ5	34.38	377	407
UniRef90_A0A0K8R0M2	31.07	377	478
UniRef90_A0A0N0TCH1	35.06	377	404
UniRef90_UPI0006F5AD1F	35.90	377	379
UniRef90_B0T3I8	32.01	377	454
UniRef90_UPI000563AB91	34.88	377	411
UniRef90_Q1GNJ9	32.52	377	400
UniRef90_A3XBQ6	33.51	377	403
UniRef90_UPI00068857A8	33.85	377	406
UniRef90_UPI000370C72C	32.72	377	408
UniRef90_G8N7M8	32.61	377	415
UniRef90_UPI000469E7C5	33.33	377	401
UniRef90_D7NJ18	32.25	377	410
UniRef90_Q21WE0	35.19	377	402
UniRef90_A0A0C1UL81	31.69	377	410
UniRef90_A0A073B0Q6	33.51	377	412
UniRef90_I0KXK5	34.16	377	410
UniRef90_UPI0006F63D18	32.81	377	408
UniRef90_A0A099D6A8	32.85	377	410
UniRef90_Q9KX40	100.00	377	392
UniRef90_A0A0G4K0E8	54.76	377	399
UniRef90_T2LAZ7	57.03	377	419
UniRef90_UPI0006875BF6	59.57	377	403
UniRef90_UPI0006FE4316	59.89	377	415
UniRef90_A0A060DTE5	59.47	377	407
UniRef90_A0A085WHX5	56.00	377	409
UniRef90_J3AGJ3	58.22	377	412
UniRef90_G7LJX1	54.79	377	392
UniRef90_C6DER5	50.40	377	397
UniRef90_UPI0006F605B8	56.33	377	409
UniRef90_D0KM06	52.79	377	397
UniRef90_V2IGW1	54.76	377	396
UniRef90_UPI00064828E8	54.79	377	389
UniRef90_UPI00064915E8	56.68	377	394
UniRef90_B0T7U2	56.60	377	409
UniRef90_UPI000565EE97	52.80	377	389
UniRef90_A0A094S024	52.66	377	388
UniRef90_J3GE10	55.44	377	388
UniRef90_UPI0006938840	63.30	377	397
UniRef90_UPI0004AD4F1A	51.32	377	399
UniRef90_A0A0F0EXW5	55.82	377	398
UniRef90_C1DR77	52.52	377	396
UniRef90_A0A0D3VA06	51.72	377	389
UniRef90_UPI00068B02CC	56.99	377	397
UniRef90_L0LKU9	52.13	377	389
UniRef90_B9JCW0	53.99	377	389
UniRef90_A0A089I7X0	52.00	377	391
UniRef90_G0F118	53.32	377	409
UniRef90_A0A0J6NPL9	54.91	377	397
UniRef90_UPI00068D0A0D	54.76	377	403
UniRef90_A0A069IBP8	52.38	377	396
UniRef90_UPI0005548B4B	51.33	377	389
UniRef90_UPI000619EE76	49.73	377	391
UniRef90_A0A0L8C7N7	51.72	377	388
UniRef90_A0A0C4YJI2	57.71	377	391
UniRef90_H1S0W7	56.80	377	385
UniRef90_UPI0005B8903D	55.44	377	397
UniRef90_A0A089JF12	50.13	377	385
UniRef90_A0A0D5NEX8	51.60	377	392
UniRef90_A0A0J1CU17	51.45	377	399
UniRef90_UPI0006A7EA90	50.27	377	383
UniRef90_A0A0D5V9X9	53.97	377	403
UniRef90_A0A0E3WJL2	51.07	377	391
UniRef90_A0A084D588	52.14	377	381
UniRef90_A0A0B5IHV2	52.25	377	397
UniRef90_UPI000248D277	52.39	377	381
UniRef90_A0A095E657	54.52	377	393
UniRef90_N6U6E6	53.64	377	451
UniRef90_J2ETX6	51.20	377	402
UniRef90_I0QRB8	51.34	377	402
UniRef90_A0A088TRY6	55.32	377	393
UniRef90_A0A0F7E7H6	53.76	377	377
UniRef90_A0A089IU06	50.40	377	382
UniRef90_A0A081NVF4	48.67	377	382
UniRef90_UPI0004910954	58.78	377	405
UniRef90_H2IZ47	48.41	377	383
UniRef90_UPI0006F7EEB4	48.79	377	390
UniRef90_W4CEE7	51.60	377	392
UniRef90_E3FLS0	52.52	377	401
UniRef90_UPI00047121D3	47.07	377	393
UniRef90_UPI00048EAA2E	54.91	377	397
UniRef90_UPI00067B0F7B	53.08	377	399
UniRef90_A0A0J5W872	55.85	377	393
UniRef90_A0A068SM30	53.10	377	384
UniRef90_S9QGG3	52.65	377	427
UniRef90_UPI0003717FDD	49.73	377	390
UniRef90_UPI0006D550C4	48.38	377	387
UniRef90_J1IKA3	52.41	377	402
UniRef90_X4ZJ00	50.13	377	392
UniRef90_A0A084D733	55.85	377	393
UniRef90_UPI0006F6DEAF	54.18	377	388
UniRef90_V7ZAT8	53.70	377	397
UniRef90_A0A0F6SX06	51.74	377	390
UniRef90_UPI0005A9F9DE	55.41	377	399
UniRef90_A0A0H2M4E8	55.94	377	399
UniRef90_UPI0005DABB1D	50.93	377	392
UniRef90_A0A0J5XQE0	50.96	377	397
UniRef90_A0A0F6UDS9	56.80	377	391
UniRef90_UPI000375FC81	52.29	377	385
UniRef90_A0A0A0D2N8	54.64	377	392
UniRef90_UPI0005A77A81	55.17	377	394
UniRef90_R7WWI4	51.34	377	396
UniRef90_A0A084D5W9	54.64	377	398
UniRef90_S9SK78	47.17	377	393
UniRef90_A0A088U9Z7	55.70	377	398
UniRef90_A0A095DU17	54.11	377	398
UniRef90_A0A060DQG3	52.13	377	397
UniRef90_W4B6S3	49.60	377	394
UniRef90_UPI000645C239	51.60	377	389
UniRef90_UPI00057FF44E	50.26	377	385
UniRef90_A0A0F6EW03	47.33	377	388
UniRef90_W6W2A8	53.37	377	384
UniRef90_A0A0M2TUN3	53.05	377	398
UniRef90_UPI00037551D0	48.14	377	400
UniRef90_A0A0C4WT33	53.58	377	393
UniRef90_UPI000648426F	49.73	377	383
UniRef90_A0A087P1C6	53.58	377	398
UniRef90_A0A0M9BNP3	47.99	377	386
UniRef90_UPI0005516FF7	53.61	377	389
UniRef90_E6WM53	50.26	377	396
UniRef90_UPI0004B06D33	53.05	377	403
UniRef90_A0A0D0H6K5	53.70	377	398
UniRef90_UPI0003F53A49	53.87	377	385
UniRef90_UPI0006616723	50.13	377	389
UniRef90_A0A0E1ECD9	47.88	377	396
UniRef90_A0A0D5XYY0	53.46	377	402
UniRef90_A0A093SKG6	50.00	377	361
UniRef90_A4Y6F7	51.20	377	397
UniRef90_L7UIC4	55.17	377	674
UniRef90_A0A088L120	49.87	377	397
UniRef90_UPI000309451F	67.02	377	389
UniRef90_A0A089JC25	47.06	377	384
UniRef90_A0A0M2WMK5	51.84	377	393
UniRef90_UPI00068FA08C	47.17	377	381
UniRef90_A0A095VD47	52.02	377	383
UniRef90_J1T9L3	58.06	377	394
UniRef90_UPI0005185E18	52.96	377	387
UniRef90_G7VZW5	49.07	377	393
UniRef90_Q0BCD0	54.38	377	398
UniRef90_L1LUP7	49.60	377	393
UniRef90_UPI0003673B28	48.66	377	402
UniRef90_Q391S9	55.85	377	393
UniRef90_UPI000429F9E7	51.98	377	397
UniRef90_UPI00031E97BC	54.11	377	398
UniRef90_D0IY40	52.14	377	397
UniRef90_UPI0006FFD72E	55.29	377	401
UniRef90_UPI000409E8F2	52.39	377	385
UniRef90_UPI00067BA83B	49.87	377	380
UniRef90_UPI000699D7F5	54.18	377	403
UniRef90_B9B460	52.39	377	396
UniRef90_A8U3N5	53.99	377	396
UniRef90_UPI0004679E8F	47.20	377	393
UniRef90_A0A0A2TSP4	46.65	377	386
UniRef90_UPI0006F9E7E5	48.51	377	376
UniRef90_A0A0A5LRH1	53.46	377	388
UniRef90_UPI0006730F7B	54.11	377	389
UniRef90_J7L2C9	51.72	377	397
UniRef90_A0A090Z028	43.05	377	384
UniRef90_UPI000686A0C5	49.73	377	389
UniRef90_B5ZX22	53.58	377	389
UniRef90_J3I7K5	48.94	377	404
UniRef90_A0A0D2TD58	47.44	377	372
UniRef90_R8Y5G2	44.74	377	396
UniRef90_UPI0006B313C9	54.11	377	397
UniRef90_UPI0003FA3901	53.08	377	388
UniRef90_U3HAJ9	51.85	377	396
UniRef90_F7YBT0	51.47	377	387
UniRef90_A0A0B1Q2F8	57.26	377	380
UniRef90_D2BU30	51.19	377	396
UniRef90_Q1MIV9	53.32	377	388
UniRef90_UPI00030F66DE	51.60	377	403
UniRef90_G8AP96	51.59	377	396
UniRef90_UPI000416CD44	53.58	377	397
UniRef90_S3HMB3	53.85	377	388
UniRef90_W0STF5	51.75	377	385
UniRef90_UPI00047D9E66	51.73	377	386
UniRef90_Q56CZ4	52.66	377	398
UniRef90_A0A0A6DXB9	50.53	377	392
UniRef90_UPI00046AFF2D	51.60	377	383
UniRef90_A0A088Z459	69.21	377	399
UniRef90_J3H9H6	50.66	377	422
UniRef90_A0A0D8KQ46	57.71	377	380
UniRef90_A0A0G4JQZ0	50.53	377	391
UniRef90_UPI00064113CF	48.27	377	396
UniRef90_K2J1F5	51.59	377	397
UniRef90_C3FJU2	43.62	377	384
UniRef90_K0VWK1	53.05	377	389
UniRef90_F6B0U5	51.97	377	419
UniRef90_UPI0003FB43E6	53.37	377	386
UniRef90_D0S2J8	43.94	377	396
UniRef90_S0AGT6	51.47	377	386
UniRef90_A0A0H5KV82	69.21	377	399
UniRef90_S2WHG8	52.11	377	413
UniRef90_F3S9D6	51.74	377	448
UniRef90_UPI000487A340	56.35	377	390
UniRef90_A0A0A3JTA8	55.76	377	403
UniRef90_UPI0006893B98	45.82	377	380
UniRef90_UPI0003625547	47.91	377	391
UniRef90_S4XN90	50.80	377	436
UniRef90_A0A022FYR1	50.66	377	374
UniRef90_A0A0G9IHZ2	50.00	377	380
UniRef90_A0A0J1CMS3	50.54	377	369
UniRef90_UPI0005529701	48.15	377	416
UniRef90_A0A0K2ZH33	53.17	377	402
UniRef90_S9QLB5	53.07	377	418
UniRef90_UPI0005F2DF99	48.14	377	397
UniRef90_A0A0H4N968	50.80	377	393
UniRef90_UPI0003B312CB	45.74	377	426
UniRef90_A0A069AYF5	52.76	377	398
UniRef90_UPI000374D7CB	49.73	377	378
UniRef90_UPI00042732CF	49.47	377	378
UniRef90_A0A0B6S800	77.07	377	388
UniRef90_A0A0D5LET9	51.76	377	413
UniRef90_UPI0004062E77	53.72	377	391
UniRef90_A0A0F5FRF7	49.46	377	375
UniRef90_A0A0E8Y8E5	69.95	377	382
UniRef90_U7GGK7	31.13	377	403
UniRef90_UPI00041AD60C	53.35	377	400
UniRef90_UPI0005DC871C	45.62	377	406
UniRef90_W0LF01	52.39	377	385
UniRef90_UPI00035EFA68	49.34	377	399
UniRef90_A0A0E9B5R4	46.17	377	390
UniRef90_UPI0005783F5E	69.41	377	382
UniRef90_B7WQQ1	52.83	377	398
UniRef90_D3P429	48.67	377	386
UniRef90_A0A0A6W701	44.30	377	392
UniRef90_A0A071LR77	57.22	377	390
UniRef90_A0A088THC8	53.58	377	398
UniRef90_A0A0H1AGM8	60.32	377	395
UniRef90_Q5NLY6	45.12	377	378
UniRef90_A0A0K1JF78	49.07	377	382
UniRef90_A0A0K1PMJ1	48.28	377	439
UniRef90_A0A0G3ESQ5	49.60	377	406
UniRef90_UPI0004A3AE20	31.68	377	403
UniRef90_UPI0005CAE548	30.88	377	403
UniRef90_A0A0K0TVF3	48.53	377	373
UniRef90_A8GE36	49.87	377	383
UniRef90_A0A0F6W9U0	50.65	377	403
UniRef90_I7CDN7	53.05	377	384
UniRef90_Q1I192	52.00	377	388
UniRef90_A0A0M2DD37	50.80	377	358
UniRef90_UPI00048DE6E3	49.74	377	396
UniRef90_D7NJ18	30.17	377	410
UniRef90_UPI000683FCEA	55.27	377	320
UniRef90_D3NTN1	49.60	377	390
UniRef90_UPI00046D3FB0	48.13	377	390
UniRef90_A0A011AHE0	32.59	377	411
UniRef90_U2G4U9	52.52	377	388
UniRef90_UPI00041858A0	28.85	377	417
UniRef90_I3TXD6	50.26	377	415
UniRef90_F3HHH3	45.48	377	392
UniRef90_A0A0K1Q0J3	51.06	377	389
UniRef90_A0A0K1ESI7	53.20	377	386
UniRef90_W3RMU5	28.47	377	421
UniRef90_A0A073B0Q6	31.11	377	412
UniRef90_F8EVL8	46.17	377	382
UniRef90_A0A021W1R6	52.89	377	404
UniRef90_UPI00054EC05C	28.85	377	408
UniRef90_W5YI35	28.99	377	404
UniRef90_J2IKG4	48.66	377	387
UniRef90_UPI000525414E	29.27	377	407
UniRef90_UPI00020E99C7	51.20	377	385
UniRef90_R4SWW7	32.19	377	411
UniRef90_C4RRJ9	30.30	377	408
UniRef90_W6RBW2	47.06	377	385
UniRef90_UPI0004803FA6	29.76	377	415
UniRef90_UPI000464B231	29.27	377	424
UniRef90_A7HRC1	28.89	377	445
UniRef90_A0A084YYC7	49.60	377	383
UniRef90_A0A081BAL9	28.68	377	413
UniRef90_UPI000687102E	44.30	377	393
UniRef90_A0A031HC55	52.43	377	419
UniRef90_G0FWG7	32.92	377	409
UniRef90_UPI00047F947C	29.93	377	417
UniRef90_M7CWH9	30.20	377	404
UniRef90_S9S0Q3	51.14	377	359
UniRef90_UPI00036ED3AA	45.74	377	380
UniRef90_A0A072N2K8	28.64	377	404
UniRef90_A0A0F5K4K7	53.05	377	388
UniRef90_M5B1U7	30.10	377	449
UniRef90_Q46S86	28.61	377	418
UniRef90_UPI00056D1FEE	44.65	377	372
UniRef90_Q9A3L3	28.78	377	490
UniRef90_H0JJK4	49.73	377	396
UniRef90_B0SUR5	27.87	377	408
UniRef90_Q4ZSU2	46.92	377	396
UniRef90_A0A0J7JFF2	28.50	377	440
UniRef90_UPI0002379298	32.76	377	412
UniRef90_UPI0004921863	29.88	377	409
UniRef90_UPI00036D8B29	34.32	377	409
UniRef90_A1U378	32.29	377	370
UniRef90_UPI00040DE874	44.50	377	386
UniRef90_UPI0001E29B71	46.11	377	396
UniRef90_Q2IV08	29.28	377	420
UniRef90_E4PFK1	28.75	377	404
UniRef90_A0A0G5SZL6	50.95	377	419
UniRef90_A4FBU3	32.76	377	410
UniRef90_UPI0006E28D76	33.17	377	409
UniRef90_A0A094QCB5	27.14	377	412
UniRef90_A0A085V657	43.77	377	382
UniRef90_A0A0G2ZZJ0	32.27	377	411
UniRef90_Q6N7V6	28.05	377	422
UniRef90_Q48J12	44.53	377	397
UniRef90_A0A0N1C8M1	28.12	377	420
UniRef90_UPI000702C2EF	42.06	377	384
UniRef90_M2Q2R1	30.79	377	411
UniRef90_F0LBI6	48.55	377	388
UniRef90_Q1QJW4	30.00	377	424
UniRef90_A0A0N1BBH2	28.29	377	406
UniRef90_UPI0006FC1B95	54.23	377	399
UniRef90_UPI000694427B	51.80	377	407
UniRef90_A0A0A8C1X4	48.28	377	390
UniRef90_A0A085HBT7	45.67	377	381
UniRef90_UPI0005A81105	28.85	377	421
UniRef90_A0A0F5QFH8	45.33	377	368
UniRef90_W0M2H4	28.92	377	414
UniRef90_B8IV62	31.53	377	406
UniRef90_UPI00048C5E10	30.22	377	411
UniRef90_R0EH59	28.78	377	408
UniRef90_UPI000563AB91	32.02	377	411
UniRef90_A0YAE0	29.02	377	423
UniRef90_R8AWY0	27.27	377	404
UniRef90_B0UQZ3	32.10	377	414
UniRef90_UPI00052588C3	31.55	377	415
UniRef90_A0A090E155	51.85	377	405
UniRef90_A0A0C1UL81	29.17	377	410
UniRef90_UPI0005BB43F0	29.48	377	410
UniRef90_D9TD56	29.56	377	410
UniRef90_A0A0F5FLJ3	45.28	377	366
UniRef90_Q881D8	43.55	377	384
UniRef90_W4M6R2	27.70	377	405
UniRef90_A3JC53	28.99	377	404
UniRef90_A0A0D7DX57	29.34	377	410
UniRef90_A0A0M1EA36	49.32	377	392
UniRef90_D5VI23	27.87	377	437
UniRef90_S9R6B5	32.84	377	412
UniRef90_UPI0006F9DD6C	52.00	377	380
UniRef90_A0A0D0M3Q2	44.65	377	379
UniRef90_UPI000641707A	50.94	377	393
UniRef90_UPI00058C459F	32.68	377	420
UniRef90_U1INV8	30.24	377	424
UniRef90_Q07PD4	27.63	377	417
UniRef90_UPI0006F52D80	27.38	377	408
UniRef90_S0AF39	52.27	377	385
UniRef90_B0UJ58	52.24	377	382
UniRef90_D9V7T6	30.27	377	410
UniRef90_A0A087LL07	49.07	377	373
UniRef90_W6M984	31.03	377	411
UniRef90_A0A0D5AUG8	29.76	377	420
UniRef90_A0A061MV58	43.32	377	372
UniRef90_A0A0G3CSR7	42.47	377	378
UniRef90_UPI0003FDA8E6	29.51	377	424
UniRef90_UPI000471042D	29.63	377	403
UniRef90_UPI0005C91D39	46.52	377	397
UniRef90_A0A0B1YHE0	27.56	377	420
UniRef90_W0HAM5	45.16	377	380
UniRef90_UPI00049519CD	28.75	377	414
UniRef90_A0A0F7HHY9	49.60	377	382
UniRef90_A0A099D6A8	30.37	377	410
UniRef90_U3GGJ4	29.02	377	421
UniRef90_D4E6N7	51.20	377	383
UniRef90_UPI000550A12C	43.58	377	372
UniRef90_UPI00041EFEB7	29.46	377	424
UniRef90_UPI0006FEC6A7	45.48	377	367
UniRef90_G3CRE7	27.78	377	424
UniRef90_A5EFK1	27.63	377	424
UniRef90_Q89RH4	30.00	377	424
UniRef90_K2Q895	44.27	377	375
UniRef90_S9TK64	27.80	377	465
UniRef90_C3X2F3	44.18	377	386
UniRef90_A0A0D6P7D9	30.05	377	406
UniRef90_UPI0004DF809A	26.20	377	430
UniRef90_UPI0005C29CB8	99.29	377	285
UniRef90_UPI0003F5EA91	43.92	377	386
UniRef90_A0A0G9I3D6	55.24	377	406
UniRef90_A0A0F9VCS0	29.14	377	405
UniRef90_UPI000406E2D9	27.38	377	424
UniRef90_UPI0003B4BD31	28.12	377	422
UniRef90_J3AML1	50.13	377	378
UniRef90_UPI0003703DBF	31.03	377	410
UniRef90_UPI00056980C4	46.67	377	372
UniRef90_G2I5X1	47.23	377	415
UniRef90_UPI00049603DA	27.09	377	424
UniRef90_A0A0M1HP35	52.98	377	318
UniRef90_X0SYD6	29.41	377	385
UniRef90_Q212E7	29.28	377	417
UniRef90_A0A077LLK0	42.09	377	369
UniRef90_Q1LB31	28.36	377	420
UniRef90_H0TDW8	28.05	377	424
UniRef90_W0MVU6	45.48	377	392
UniRef90_A0A0C4YAE3	27.63	377	418
UniRef90_UPI0005B8B6DE	31.93	377	404
UniRef90_UPI0005272850	32.01	377	405
UniRef90_F4CXM9	29.28	377	409
UniRef90_UPI00040CE9D8	45.31	377	385
UniRef90_UPI0004178826	29.03	377	402
UniRef90_UPI0003616CBC	30.83	377	424
UniRef90_X5MA49	27.59	377	416
UniRef90_B4RB65	29.58	377	429
UniRef90_UPI00037942EA	29.56	377	410
UniRef90_B2UK03	27.32	377	420
UniRef90_A0A0C5DFF8	54.26	377	384
UniRef90_UPI00041664CF	45.74	377	382
UniRef90_UPI000379C0FF	29.98	377	410
UniRef90_UPI0006F63D18	30.77	377	408
UniRef90_L1KWA6	31.27	377	408
UniRef90_UPI00048DEF6C	29.95	377	410
UniRef90_UPI000370C72C	30.12	377	408
UniRef90_UPI0004B33E50	31.20	377	418
UniRef90_A0A0F5PVE3	45.33	377	370
UniRef90_Q3SQ99	29.51	377	424
UniRef90_UPI0006C736CF	49.73	377	386
UniRef90_A0A087M1Q5	45.21	377	367
UniRef90_A0A0C1EV92	47.47	377	393
UniRef90_A0YAK7	26.89	377	407
UniRef90_F4F7A6	28.96	377	410
UniRef90_D2S4Y8	30.17	377	417
UniRef90_A0A080KJG4	44.85	377	389
UniRef90_A0A0M4QJ00	30.96	377	413
UniRef90_R4LLC6	30.45	377	409
UniRef90_W5WJV9	29.03	377	406
UniRef90_UPI0004290924	29.13	377	431
UniRef90_Q1IU08	30.89	377	424
UniRef90_A1B5F4	46.94	377	377
UniRef90_A0A0F9RK30	28.57	377	405
UniRef90_A0A0A7RYV4	45.38	377	387
UniRef90_UPI00041973AE	45.43	377	373
UniRef90_UPI0003FDA721	29.56	377	405
UniRef90_D2UEQ9	47.85	377	397
UniRef90_UPI0006F3628F	29.78	377	408
UniRef90_B7RQW4	30.48	377	400
UniRef90_UPI0006FB0CFB	29.70	377	408
UniRef90_G8WYE2	31.02	377	422
UniRef90_F3HG96	50.00	377	367
UniRef90_UPI0004C7E4BA	31.53	377	410
UniRef90_A0A0D2VVJ4	29.74	377	440
UniRef90_UPI00036B7584	48.00	377	367
UniRef90_UPI00056172B9	43.43	377	372
UniRef90_UPI0003F82F29	29.60	377	404
UniRef90_A0A0C6FD76	29.06	377	406
UniRef90_UPI000470D9A5	47.84	377	325
UniRef90_A0A0B5L652	49.86	377	392
UniRef90_D5RLW2	28.61	377	406
UniRef90_UPI0003A10EE2	28.08	377	409
UniRef90_A0A0M2LNU8	27.14	377	407
UniRef90_A0A0F7VT06	31.17	377	409
UniRef90_UPI0006D5E9E3	47.06	377	397
UniRef90_UPI00040BA475	30.67	377	403
UniRef90_A0A0N0JKU9	43.47	377	378
UniRef90_UPI00047C5EC8	30.30	377	418
UniRef90_UPI00022E6E82	31.85	377	410
UniRef90_A0A0B4DZ84	32.35	377	403
UniRef90_F2WMW3	28.78	377	407
UniRef90_UPI0006FD69F2	32.59	377	406
UniRef90_UPI0004947294	29.98	377	417
UniRef90_UPI000225F058	44.23	377	377
UniRef90_J2L6E0	44.39	377	372
UniRef90_Q15PT0	24.56	377	419
UniRef90_A0A0N1DQ03	42.74	377	391
UniRef90_A0A061SJA2	30.48	377	401
UniRef90_A0A0D8HIA1	27.83	377	409
UniRef90_A0A0E3ZWY3	29.15	377	433
UniRef90_H5X6E1	30.41	377	410
UniRef90_M5CM26	50.68	377	419
UniRef90_UPI000485468E	30.12	377	407
UniRef90_U1AA88	47.73	377	381
UniRef90_A0A0D3LMA1	30.20	377	449
UniRef90_UPI000469E7C5	30.05	377	401
UniRef90_UPI00041137C1	30.92	377	403
UniRef90_A0A086MUR6	32.27	377	409
UniRef90_F8EC69	26.93	377	438
UniRef90_F5XXH2	30.85	377	428
UniRef90_UPI0006F3238F	29.44	377	427
UniRef90_UPI000403E0FD	30.45	377	399
UniRef90_J7G4T2	30.38	377	401
UniRef90_UPI000685972B	31.71	377	391
UniRef90_R4Z4J3	29.14	377	420
UniRef90_UPI0006903CD7	48.27	377	375
UniRef90_C5ARW4	31.02	377	405
UniRef90_A0A031MK26	29.31	377	405
UniRef90_A0A0C1G5I3	32.59	377	403
UniRef90_UPI0006471039	47.04	377	395
UniRef90_H6RM06	30.41	377	418
UniRef90_G3CRE5	26.49	377	443
UniRef90_A0A0M0EM06	47.48	377	390
UniRef90_C3X9W4	42.55	377	383
UniRef90_A0A0G3BNN7	29.68	377	437
UniRef90_A0A076MMC0	30.64	377	410
UniRef90_A3T010	31.27	377	386
UniRef90_D2QFC5	28.14	377	433
UniRef90_K4QTD3	31.42	377	409
UniRef90_I0KXK5	31.94	377	410
UniRef90_D0CQP0	30.50	377	405
UniRef90_A0A0A6D4C0	28.92	377	409
UniRef90_A0A090DK62	52.29	377	325
UniRef90_K6YRH1	24.81	377	419
UniRef90_A0A099FNR4	46.58	377	377
UniRef90_S2YSG4	31.42	377	410
UniRef90_D2QQ91	26.75	377	447
UniRef90_X0S9C0	29.46	377	372
UniRef90_A4ACX4	29.58	377	407
UniRef90_V9VSW3	31.44	377	403
UniRef90_UPI00054B2C8C	29.51	377	410
UniRef90_A0A0E3V921	26.50	377	438
UniRef90_A0A0M4MU43	29.58	377	411
UniRef90_Q395Q5	28.54	377	414
UniRef90_UPI0006FEF54E	25.00	377	427
UniRef90_O88012	32.75	377	409
UniRef90_UPI0005243451	29.66	377	414
UniRef90_UPI000486EC07	30.30	377	414
UniRef90_G9ZYL7	28.15	377	407
UniRef90_H2JQH3	33.09	377	407
UniRef90_UPI00047AE2B6	26.32	377	431
UniRef90_UPI0003FC4239	29.75	377	414
UniRef90_UPI00065F800D	35.01	377	429
UniRef90_UPI000559F8E2	29.95	377	408
UniRef90_UPI0004CB95BE	31.77	377	409
UniRef90_K4HQE7	26.18	377	426
UniRef90_UPI0003A67C9B	32.82	377	409
