UniRef90_Q01292	100.00	513	595
UniRef90_A0A058ZZH9	91.18	513	592
UniRef90_M5X0L5	89.63	513	588
UniRef90_A0A061DS88	90.04	513	588
UniRef90_A5AGN5	91.18	513	588
UniRef90_K4CFM5	89.43	513	594
UniRef90_U5FYE1	89.82	513	588
UniRef90_A0A0D2ULW4	89.43	513	585
UniRef90_A0A061GEL9	88.87	513	595
UniRef90_A0A0A0K5T7	89.82	513	588
UniRef90_A0A067JNK4	88.09	513	593
UniRef90_UPI00053C8BB6	89.24	513	591
UniRef90_B9SGJ6	89.04	513	584
UniRef90_UPI0002C3459F	88.65	513	586
UniRef90_S8C447	88.45	513	588
UniRef90_UPI00032ACB61	88.65	513	583
UniRef90_O82043	88.63	513	581
UniRef90_Q05758	88.65	513	591
UniRef90_M1ADA6	89.02	513	590
UniRef90_I1LUL9	88.24	513	586
UniRef90_A0A022RLC3	88.80	513	591
UniRef90_W9S915	88.65	513	527
UniRef90_D6QSY0	89.26	513	587
UniRef90_M0TKD3	89.06	513	587
UniRef90_Q65XK0	88.06	513	578
UniRef90_UPI0004E57989	88.65	513	589
UniRef90_W1PZQ4	87.65	513	587
UniRef90_A0A061DJH4	88.45	513	517
UniRef90_J3M9Z0	88.06	513	579
UniRef90_A0A0B2PIL9	88.28	513	577
UniRef90_M0SJM4	88.67	513	526
UniRef90_UPI0005FB52A5	88.65	513	586
UniRef90_M0T8Y9	88.26	513	592
UniRef90_V4U999	87.62	513	583
UniRef90_A0A0K9P340	85.77	513	577
UniRef90_A0A0C9RJK5	84.93	513	598
UniRef90_A0A0L9UM37	83.40	513	553
UniRef90_A0A072VCE6	82.39	513	581
UniRef90_A9TQQ1	80.51	513	589
UniRef90_D8SSR5	78.54	513	517
UniRef90_A0A0L9V592	80.82	513	541
UniRef90_UPI000498CF7C	80.20	513	472
UniRef90_W5AE72	88.84	513	452
UniRef90_K7KXV3	78.94	513	538
UniRef90_A0A0B2PEF0	76.25	513	489
UniRef90_U5GHQ2	90.77	513	392
UniRef90_A0A0E0C5E8	74.76	513	525
UniRef90_A0A0D2PV73	88.01	513	419
UniRef90_A0A096PSA0	86.10	513	474
UniRef90_A0A096SQZ0	79.48	513	559
UniRef90_A0A067EKV4	85.93	513	462
UniRef90_D8TUW7	65.21	513	555
UniRef90_C1E3E5	65.93	513	562
UniRef90_Q01CQ3	65.47	513	545
UniRef90_A5ARF9	67.25	513	477
UniRef90_D7FQZ4	64.26	513	566
UniRef90_A8IAT4	63.73	513	555
UniRef90_A0A098R0J2	64.31	513	489
UniRef90_B7GDA6	64.59	513	539
UniRef90_B8C486	64.78	513	536
UniRef90_C1N3E5	65.93	513	567
UniRef90_A4RUC7	64.41	513	546
UniRef90_W7TPK9	64.72	513	618
UniRef90_W9R9X3	90.88	513	427
UniRef90_K0TKV8	63.97	513	532
UniRef90_D6Z2M8	64.37	513	490
UniRef90_A0A0D2VAZ2	89.12	513	417
UniRef90_A0A061RVA1	62.10	513	564
UniRef90_UPI0004782264	62.10	513	493
UniRef90_E0RNJ4	61.29	513	490
UniRef90_A0A087SDB4	62.30	513	568
UniRef90_A0A0C2Q148	60.00	513	489
UniRef90_A0A0C2QFM4	60.61	513	489
UniRef90_UPI0002D9A518	60.00	513	489
UniRef90_K8F3C5	63.42	513	564
UniRef90_V7BYR2	87.39	513	416
UniRef90_A0A0D2VG59	86.61	513	543
UniRef90_A0A0G4GER2	61.59	513	533
UniRef90_W4LMV5	61.77	513	492
UniRef90_M1UW76	61.88	513	567
UniRef90_I0YXF1	63.42	513	559
UniRef90_K3WUC9	60.48	513	519
UniRef90_B8LR30	83.84	513	467
UniRef90_UPI00034C8EA1	59.56	513	495
UniRef90_A2WTA6	87.32	513	703
UniRef90_A2WTA6	85.45	513	703
UniRef90_E1ZG55	57.14	513	617
UniRef90_Q1NMF4	63.33	513	491
UniRef90_A0A0G4GA64	60.20	513	555
UniRef90_A0A0G4GAU1	60.64	513	523
UniRef90_UPI00047281FE	60.32	513	495
UniRef90_A3QQP7	69.50	513	471
UniRef90_L1JJI2	61.26	513	577
UniRef90_H3HA86	60.44	513	516
UniRef90_F0WAK7	59.39	513	507
UniRef90_F8GAH7	59.23	513	489
UniRef90_A0A0L0G1G9	58.67	513	530
UniRef90_R7QNL4	58.08	513	560
UniRef90_UPI0005F2E924	59.80	513	493
UniRef90_A0A059LR67	60.54	513	512
UniRef90_UPI0006962BFA	58.95	513	489
UniRef90_W7SZC7	57.72	513	495
UniRef90_U5FS48	82.23	513	356
UniRef90_UPI0004774E40	57.89	513	490
UniRef90_UPI0006983F7A	58.15	513	493
UniRef90_UPI0002ED4A56	58.06	513	488
UniRef90_H6TNS9	92.15	513	294
UniRef90_UPI0003FF3A88	57.86	513	491
UniRef90_T0QZN2	58.73	513	512
UniRef90_A0A024U1C1	55.64	513	519
UniRef90_UPI000525C63C	57.03	513	483
UniRef90_B3U3W2	53.88	513	519
UniRef90_UPI0003F5CDF9	57.17	513	489
UniRef90_A0A061GFT9	89.44	513	482
UniRef90_UPI000378EE95	55.62	513	489
UniRef90_A0A066YMU2	54.71	513	490
UniRef90_A0A0F5W0T9	55.02	513	489
UniRef90_K4RFB1	55.51	513	511
UniRef90_S2YMA6	54.51	513	489
UniRef90_A0A067KHR5	89.09	513	302
UniRef90_A0A086H1Y6	54.88	513	485
UniRef90_UPI00055BA0AC	55.62	513	489
UniRef90_UPI0005267679	54.12	513	492
UniRef90_L1KWH4	55.38	513	485
UniRef90_A0A0N0N5R4	54.45	513	511
UniRef90_G8FGP7	88.52	513	335
UniRef90_UPI0006EB2A84	54.62	513	499
UniRef90_A0A067KIC3	83.97	513	300
UniRef90_UPI00037E348E	52.39	513	496
UniRef90_M0UG81	89.66	513	289
UniRef90_UPI0001FFDB2A	52.61	513	492
UniRef90_F6HM93	66.13	513	411
UniRef90_T2DLM1	88.28	513	581
UniRef90_T2DLM1	81.28	513	581
UniRef90_A0A067FH42	86.02	513	317
UniRef90_B9IQP3	72.00	513	261
UniRef90_UPI00057B0848	72.77	513	476
UniRef90_W9RYM7	92.02	513	165
UniRef90_Q76H11	90.48	513	168
UniRef90_W4LE42	66.96	513	224
UniRef90_U5FSG4	62.64	513	234
UniRef90_W5A7P1	84.02	513	211
UniRef90_UPI00057AD31E	68.78	513	426
UniRef90_M2VZ08	60.26	513	526
UniRef90_M2VZ08	59.39	513	526
UniRef90_A6XGU5	65.54	513	169
UniRef90_Q89GL0	58.54	513	228
UniRef90_A0A0E3VSS7	54.29	513	206
UniRef90_A5B1D8	56.87	513	310
UniRef90_A0A0D2J584	69.80	513	179
UniRef90_D7TJK5	86.18	513	125
UniRef90_B9H2D0	84.30	513	197
UniRef90_V4W267	86.55	513	123
UniRef90_UPI000498FF41	85.12	513	209
UniRef90_A0A078BVJ7	82.64	513	215
UniRef90_A0A0B3A8I3	32.21	513	489
UniRef90_Q5IWY2	61.15	513	215
UniRef90_A0A0D2MUK3	59.88	513	412
UniRef90_A0A0D2MUK3	78.41	513	412
UniRef90_H8XP59	35.08	513	347
UniRef90_UPI00040F1DD0	35.61	513	347
UniRef90_A1ZNB4	34.35	513	356
UniRef90_F0P2R0	35.26	513	348
UniRef90_A0A0G0BRG9	34.81	513	352
UniRef90_A0A076NQC6	33.52	513	348
UniRef90_UPI000416CC33	34.63	513	347
UniRef90_A0A0G0BV10	34.53	513	352
UniRef90_Q1M2Z5	84.69	513	174
UniRef90_K7KKW5	68.38	513	122
UniRef90_UPI00036E0804	33.43	513	357
UniRef90_V6RYC0	35.26	513	348
UniRef90_A0A0J7KLI4	35.17	513	366
UniRef90_A3J5T6	33.24	513	348
UniRef90_V6SJ58	34.29	513	347
UniRef90_E0TJV2	34.04	513	344
UniRef90_D7W7E9	33.42	513	348
UniRef90_A0A0G0C6H3	32.87	513	350
UniRef90_UPI000412FA64	33.53	513	349
UniRef90_N1PX12	33.60	513	403
UniRef90_A0A091AH62	34.95	513	327
UniRef90_C7LKL0	32.82	513	344
UniRef90_K2E6Q3	32.87	513	345
UniRef90_A0A0F7P3F3	32.78	513	350
UniRef90_E8N027	34.95	513	350
UniRef90_E4TQ79	33.53	513	348
UniRef90_UPI000362E3A0	34.04	513	345
UniRef90_A0A0G0IIH4	32.79	513	354
UniRef90_A0A081BS13	35.65	513	365
UniRef90_R7HPM8	32.60	513	348
UniRef90_UPI000304FE9A	32.97	513	350
UniRef90_UPI0006C8FDBB	34.53	513	361
UniRef90_H1DIH7	32.04	513	348
UniRef90_A0A0E9LT34	32.05	513	350
UniRef90_A0A060R9U9	31.78	513	348
UniRef90_U5Q446	33.62	513	346
UniRef90_D8F2W7	33.74	513	350
UniRef90_UPI0003699D05	32.83	513	349
UniRef90_K2S0K2	33.72	513	404
UniRef90_A0A0L8APY3	32.41	513	358
UniRef90_W0ER45	32.42	513	348
UniRef90_J2SS38	31.56	513	353
UniRef90_E6R847	32.85	513	401
UniRef90_A0A0C1XQP6	32.32	513	356
UniRef90_UPI00047BB2A8	32.32	513	348
UniRef90_UPI00040BBD6B	33.70	513	348
UniRef90_K5WA53	33.72	513	406
UniRef90_G5H8N1	31.86	513	346
UniRef90_UPI00016C57F4	32.75	513	349
UniRef90_R6FHU5	32.32	513	348
UniRef90_B8FHI1	34.65	513	350
UniRef90_M2N1J6	34.30	513	401
UniRef90_I1NXB5	82.61	513	93
UniRef90_A0A0A2M5D5	32.60	513	348
UniRef90_W4KC19	32.03	513	407
UniRef90_UPI0006E1A83D	33.14	513	348
UniRef90_A0A067N625	31.93	513	404
UniRef90_A8NTG0	33.24	513	410
UniRef90_S8E2N2	32.41	513	404
UniRef90_K2A6Y0	33.43	513	349
UniRef90_I4A1A7	31.51	513	348
UniRef90_I4YHY6	33.23	513	390
UniRef90_UPI00040CB1EE	31.58	513	349
UniRef90_H1Y529	32.87	513	352
UniRef90_A0A0C1RZV5	33.43	513	352
UniRef90_UPI000440AC78	33.33	513	403
UniRef90_E4MDL2	32.24	513	348
UniRef90_A0A0B5S2D8	34.24	513	348
UniRef90_A0A0E9MUI5	31.49	513	349
UniRef90_J5TRU1	32.45	513	402
UniRef90_A0A0G3EEK7	32.49	513	365
UniRef90_M5GG51	32.94	513	399
UniRef90_A0A0D6EP35	32.36	513	387
UniRef90_A0A0B1P276	32.51	513	418
UniRef90_UPI0005C64FA3	31.70	513	354
UniRef90_A0A0B7JSG9	33.43	513	404
UniRef90_A0A067N929	33.05	513	412
UniRef90_A0A0G0ZDD5	35.26	513	351
UniRef90_W3X9W6	33.64	513	405
UniRef90_A0A0D1ZYN4	33.53	513	400
UniRef90_A0A0C9T8L0	32.60	513	410
UniRef90_A0A0C9YV66	33.24	513	408
UniRef90_W2CKB9	32.42	513	402
UniRef90_A0A098S1Z0	33.15	513	353
UniRef90_A0A0L0HIA5	32.12	513	401
UniRef90_UPI0004724D91	30.68	513	349
UniRef90_A0A0D7A7Z0	32.85	513	402
UniRef90_S7VK40	34.04	513	350
UniRef90_X1F6A9	33.81	513	366
UniRef90_UPI0004417A56	32.32	513	405
UniRef90_W9YJR6	32.85	513	403
UniRef90_A0A0M8N7B5	32.42	513	405
UniRef90_A0A0G2GD96	34.20	513	1011
UniRef90_L2FPQ7	33.94	513	402
UniRef90_F8NCP2	33.98	513	347
UniRef90_R1E9N2	33.43	513	579
UniRef90_M4BTP8	66.36	513	111
UniRef90_UPI0004A71228	32.00	513	348
UniRef90_B0D9T8	33.81	513	415
UniRef90_S7REP0	31.99	513	403
UniRef90_A0A0G1DET4	34.29	513	355
UniRef90_A0A0C3FXJ3	32.76	513	408
UniRef90_UPI00040BC5F2	31.30	513	348
UniRef90_A0A061AGA9	31.29	513	393
UniRef90_B6YQX7	30.22	513	348
UniRef90_A0A086T952	33.53	513	381
UniRef90_A0A0B7FBA9	32.47	513	406
UniRef90_R6AWV0	31.71	513	347
UniRef90_UPI00044085F2	31.94	513	404
UniRef90_C5PCI0	33.72	513	406
UniRef90_C5FMW7	33.53	513	404
UniRef90_S0E1I1	31.87	513	405
UniRef90_A0A060SWV9	32.32	513	405
UniRef90_UPI000255D7F8	31.77	513	349
UniRef90_E6MNZ6	33.13	513	347
UniRef90_B1ZV88	33.15	513	366
UniRef90_I9S8N3	31.49	513	348
UniRef90_M2R3I8	32.76	513	403
UniRef90_UPI0006B4F066	34.04	513	352
UniRef90_A0A015KX33	33.73	513	413
UniRef90_A0A0F2QUA2	33.43	513	351
UniRef90_A0A0L0SY20	32.12	513	400
UniRef90_A0A0H2S6D9	32.65	513	406
UniRef90_UPI00037B932F	32.52	513	356
UniRef90_UPI0004410FC0	32.36	513	401
UniRef90_K1L0Y5	31.43	513	347
UniRef90_A0A0K8R1J2	31.49	513	347
UniRef90_V2XD86	32.85	513	399
UniRef90_E3K387	30.73	513	407
UniRef90_UPI00040CBB8B	33.33	513	351
UniRef90_B2VW72	33.23	513	364
UniRef90_B7BBK3	30.49	513	347
UniRef90_A8ZTR0	34.65	513	352
UniRef90_A0A0F4Z066	32.93	513	398
UniRef90_F4L0B0	31.49	513	364
UniRef90_X0S5R9	31.64	513	346
UniRef90_D8Q5D7	31.58	513	403
UniRef90_I2ETD8	31.71	513	347
UniRef90_A0A067CFG6	62.50	513	113
UniRef90_A0A0C3DUH5	32.18	513	410
UniRef90_Q75CW4	32.84	513	394
UniRef90_A0A084QQY0	32.34	513	403
UniRef90_A0A0G4MSV5	32.78	513	1076
UniRef90_D5EXT9	32.22	513	346
UniRef90_A0A0M0BXB1	33.24	513	350
UniRef90_A0A0C2YHS9	32.47	513	410
UniRef90_A0A074YFT9	31.48	513	404
UniRef90_R7PCS6	31.63	513	347
UniRef90_A0A0C2SZL2	31.78	513	410
UniRef90_Q4WYW4	32.85	513	508
UniRef90_V5FZE2	32.56	513	395
UniRef90_A0A0G4M295	32.69	513	2466
UniRef90_F4RPE9	31.21	513	403
UniRef90_A6RGX3	32.93	513	433
UniRef90_UPI00037AF907	31.79	513	364
UniRef90_A0A0D0BHJ0	32.85	513	403
UniRef90_A0A098BZA2	30.89	513	348
UniRef90_UPI000360DE77	31.77	513	348
UniRef90_UPI00036BBB40	31.30	513	348
UniRef90_A7EEW5	31.53	513	398
UniRef90_A0A0C3GA19	32.04	513	399
UniRef90_A0A0F9DI95	34.10	513	380
UniRef90_N1JLU4	31.40	513	402
UniRef90_E1YG02	32.94	513	349
UniRef90_UPI0006474D37	32.19	513	349
UniRef90_V2WZS1	32.47	513	405
UniRef90_G9MJ02	32.04	513	404
UniRef90_R5S1Z6	32.23	513	347
UniRef90_D0J8Q0	30.25	513	348
UniRef90_A0A0N0V2E9	31.61	513	350
UniRef90_C1GGJ2	32.56	513	409
UniRef90_A0A0L9SHF1	31.74	513	582
UniRef90_P38674	31.22	513	402
UniRef90_A0A084FU43	31.98	513	401
UniRef90_L8JTI7	30.66	513	348
UniRef90_A0A0D6QYE0	31.74	513	401
UniRef90_A0A080Q9P4	31.74	513	347
UniRef90_B8MTE6	33.53	513	398
UniRef90_L1N1V0	32.04	513	347
UniRef90_G0T0W2	31.29	513	1147
UniRef90_F3ZQW9	31.61	513	348
UniRef90_A0A066VDC9	33.13	513	416
UniRef90_A0A0D3LNI5	33.64	513	346
UniRef90_G5SQZ0	30.72	513	347
UniRef90_U5H8C9	31.99	513	399
UniRef90_UPI0006D09C97	31.61	513	350
UniRef90_A0A0L6WQ33	31.70	513	408
UniRef90_J4UMM7	30.56	513	404
UniRef90_W8EZL2	31.58	513	382
UniRef90_E6ZR40	31.41	513	407
UniRef90_A0A067PYS0	31.49	513	407
UniRef90_G4TPU3	31.90	513	403
UniRef90_D2QSU2	31.49	513	347
UniRef90_K5XUD6	31.56	513	426
UniRef90_A0A094GX03	30.84	513	400
UniRef90_A0A0L0N6F0	32.10	513	1086
UniRef90_W2S029	33.23	513	423
UniRef90_UPI00054CD9D8	31.30	513	356
UniRef90_P78827	32.56	513	404
UniRef90_W6Q254	32.27	513	398
UniRef90_A0A0E0G1A1	57.33	513	186
UniRef90_G1X8F7	32.05	513	408
UniRef90_UPI0005668E9A	56.74	513	137
UniRef90_R5B269	30.14	513	348
UniRef90_A0A0F4Z7U9	31.74	513	400
UniRef90_R8BKZ7	31.49	513	397
UniRef90_UPI0006D00C83	30.68	513	348
UniRef90_S8FC84	30.68	513	347
UniRef90_D0JBL6	30.94	513	350
UniRef90_D1PBT7	31.02	513	347
UniRef90_I3QG06	31.11	513	350
UniRef90_A0A0A1TRT6	31.22	513	402
UniRef90_Q2LXP7	31.61	513	348
UniRef90_A2QU08	32.34	513	401
UniRef90_R5LVN8	31.00	513	347
UniRef90_D1PXX7	31.91	513	347
UniRef90_J4GZX1	30.49	513	415
UniRef90_G4MW52	32.04	513	400
UniRef90_H6C4I9	32.65	513	397
UniRef90_U4LWQ6	33.24	513	397
UniRef90_UPI000486B8B3	33.13	513	355
UniRef90_D5GPG5	31.70	513	402
UniRef90_G6AFG1	31.61	513	347
UniRef90_R5GQT9	31.03	513	347
UniRef90_R5PH49	31.02	513	349
UniRef90_B6JVI5	32.39	513	425
UniRef90_R7Z5X5	31.76	513	396
UniRef90_A0A060TBD1	32.24	513	394
UniRef90_A0A068DWN3	31.72	513	341
UniRef90_A0A068SF01	32.42	513	398
UniRef90_R7D2Q8	30.48	513	347
UniRef90_R7SAA9	31.61	513	404
UniRef90_A0A017S158	31.74	513	400
UniRef90_R5D0B8	31.31	513	347
UniRef90_UPI000419D2A8	30.97	513	352
UniRef90_B9WIG8	33.44	513	400
UniRef90_R6CQ75	30.46	513	347
UniRef90_A0A0F7SK34	31.10	513	398
UniRef90_K2DW56	32.83	513	347
UniRef90_V5EDS5	30.55	513	407
UniRef90_C7PB47	31.31	513	347
UniRef90_A0A0C3LKI2	29.97	513	401
UniRef90_A0A0A1PCJ5	31.63	513	394
UniRef90_A0A061B5J4	31.55	513	399
UniRef90_Q67UW2	81.61	513	182
UniRef90_E6ST38	30.12	513	347
UniRef90_A0A0C4EM69	30.45	513	411
UniRef90_UPI000469EC45	31.49	513	347
UniRef90_C6VV61	31.52	513	348
UniRef90_A0A072Q3J7	31.82	513	399
UniRef90_A0A061H7S2	31.00	513	405
UniRef90_A0A0J9XDR2	33.01	513	399
UniRef90_G8JV50	32.18	513	399
UniRef90_A0A0C3PLA2	32.97	513	280
UniRef90_O94135	31.50	513	352
UniRef90_C9S595	34.39	513	378
UniRef90_A8Q731	31.12	513	406
UniRef90_L7VK02	31.82	513	346
UniRef90_G8BYE9	33.01	513	403
UniRef90_C5DRF8	32.25	513	402
UniRef90_G8Y7D1	32.70	513	430
UniRef90_B0NUH8	30.12	513	347
UniRef90_U9UJR1	31.34	513	385
UniRef90_A0A0G0E3L7	31.64	513	286
UniRef90_A0A0F8DJ74	31.91	513	735
UniRef90_A0A0E9NIW6	30.77	513	409
UniRef90_A0A0E0Q708	70.71	513	121
UniRef90_G3ATU3	32.36	513	401
UniRef90_M5EBW5	30.84	513	398
UniRef90_A0A0I9ZGV6	31.02	513	365
UniRef90_Q6CAF8	31.91	513	398
UniRef90_X0XPT5	36.08	513	249
UniRef90_M9M860	30.40	513	1514
UniRef90_UPI0004C30C6E	57.63	513	189
UniRef90_UPI0004C30C6E	51.39	513	189
UniRef90_H8X9G9	32.35	513	397
UniRef90_H5SJS1	37.19	513	243
UniRef90_A3LUW4	33.11	513	399
UniRef90_A0A0F9JZS1	35.77	513	284
UniRef90_I1BQ67	29.82	513	373
UniRef90_I2GWX5	31.72	513	399
UniRef90_R6FMF8	32.44	513	253
UniRef90_W7IBX6	33.33	513	376
UniRef90_W1Q8A6	32.57	513	392
UniRef90_A0A0G2FCV5	31.77	513	379
UniRef90_A0A0C7N7V9	32.68	513	396
UniRef90_C4XZU7	32.57	513	398
UniRef90_C5DNI3	31.73	513	396
UniRef90_A0A099P7U5	32.13	513	393
UniRef90_A5E4Z1	31.67	513	370
UniRef90_F2QMT7	31.61	513	398
UniRef90_A0A0G0H5C3	32.47	513	804
UniRef90_W6MK19	30.92	513	380
UniRef90_G0WH03	32.03	513	395
UniRef90_G3BBD5	32.12	513	396
UniRef90_G0VKQ6	31.39	513	395
UniRef90_I2JYT8	29.97	513	373
UniRef90_P06168	31.15	513	395
UniRef90_K0KGE4	30.34	513	399
UniRef90_B3TC57	36.29	513	327
UniRef90_E2LPW8	33.21	513	332
UniRef90_A0A0E0G1A3	55.63	513	296
UniRef90_A0A0H5C2L8	31.72	513	391
UniRef90_A0A0E0G1A2	55.63	513	380
UniRef90_UPI0002E145BA	33.46	513	319
UniRef90_K1RJS7	34.05	513	249
UniRef90_UPI000380BF0A	36.17	513	338
UniRef90_E2LW65	35.29	513	246
UniRef90_C8W658	35.66	513	331
UniRef90_A1WUW3	29.67	513	336
UniRef90_G9RY87	36.96	513	333
UniRef90_F5SLM4	32.80	513	335
UniRef90_UPI00056C862C	31.25	513	340
UniRef90_J0BGF2	29.67	513	338
UniRef90_L8WUI7	30.68	513	786
UniRef90_M7T599	32.94	513	314
UniRef90_K1T805	34.15	513	234
UniRef90_UPI00051A387F	38.30	513	335
UniRef90_G7E0M7	32.16	513	328
UniRef90_D4KAJ8	35.22	513	339
UniRef90_E6QQX8	36.60	513	338
UniRef90_W0VKD0	33.47	513	461
UniRef90_Q0AB89	30.27	513	338
UniRef90_S7ITQ5	31.48	513	336
UniRef90_W8X037	29.08	513	338
UniRef90_A0A0J6WT69	31.92	513	335
UniRef90_F7UUU3	33.46	513	331
UniRef90_UPI000481B3D3	28.87	513	329
UniRef90_A0A0G4KHW3	35.71	513	575
UniRef90_B5JWL8	35.74	513	338
UniRef90_UPI0003820B35	35.04	513	338
UniRef90_B3QSP0	35.04	513	338
UniRef90_N1ZFN8	36.75	513	331
UniRef90_UPI000255C34B	29.04	513	344
UniRef90_D5X3E5	28.19	513	338
UniRef90_K9ZXL0	31.55	513	336
UniRef90_H5SMF2	34.62	513	338
UniRef90_UPI0002559A59	35.04	513	341
UniRef90_V8C7W9	29.91	513	348
UniRef90_UPI000400951D	29.97	513	339
UniRef90_UPI0005CACB2A	29.55	513	340
UniRef90_UPI00058B3597	35.32	513	331
UniRef90_K0ILB9	34.75	513	334
UniRef90_K4KRB7	33.76	513	341
UniRef90_S2XEA9	37.45	513	334
UniRef90_Q2S0M9	36.32	513	348
UniRef90_U5FYE1	89.82	513	588
UniRef90_A5AGN5	91.18	513	588
UniRef90_B9SGJ6	89.04	513	584
UniRef90_M5X0L5	89.45	513	588
UniRef90_UPI0004E57989	88.48	513	589
UniRef90_A0A0D2ULW4	89.43	513	585
UniRef90_A0A067JNK4	88.09	513	593
UniRef90_A0A061DS88	90.04	513	588
UniRef90_J3M9Z0	87.89	513	579
UniRef90_UPI00053C8BB6	89.24	513	591
UniRef90_Q65XK0	87.89	513	578
UniRef90_A0A058ZZH9	91.18	513	592
UniRef90_UPI0002C3459F	88.65	513	586
UniRef90_A0A061GEL9	88.87	513	595
UniRef90_Q01292	100.00	513	595
UniRef90_M0TKD3	88.89	513	587
UniRef90_A0A0A0K5T7	89.82	513	588
UniRef90_UPI00032ACB61	88.65	513	583
UniRef90_I1LUL9	88.24	513	586
UniRef90_A0A0B2PIL9	88.28	513	577
UniRef90_UPI0005FB52A5	88.65	513	586
UniRef90_Q05758	88.48	513	591
UniRef90_S8C447	88.45	513	588
UniRef90_A0A061DJH4	88.45	513	517
UniRef90_M0SJM4	88.67	513	526
UniRef90_O82043	88.45	513	581
UniRef90_D6QSY0	89.26	513	587
UniRef90_V4U999	87.62	513	583
UniRef90_M1ADA6	88.85	513	590
UniRef90_K4CFM5	89.43	513	594
UniRef90_A0A022RLC3	88.45	513	591
UniRef90_W1PZQ4	87.48	513	587
UniRef90_W9S915	88.65	513	527
UniRef90_M0T8Y9	88.09	513	592
UniRef90_A0A0K9P340	85.77	513	577
UniRef90_A0A0C9RJK5	84.93	513	598
UniRef90_A0A0L9UM37	83.40	513	553
UniRef90_D8SSR5	78.24	513	517
UniRef90_A9TQQ1	80.04	513	589
UniRef90_A0A072VCE6	82.39	513	581
UniRef90_A0A0L9V592	80.82	513	541
UniRef90_UPI000498CF7C	79.88	513	472
UniRef90_W5AE72	88.84	513	452
UniRef90_D8TUW7	64.02	513	555
UniRef90_A8IAT4	61.92	513	555
UniRef90_K0TKV8	63.20	513	532
UniRef90_A0A098R0J2	64.31	513	489
UniRef90_Q01CQ3	65.16	513	545
UniRef90_B8C486	64.78	513	536
UniRef90_B7GDA6	64.00	513	539
UniRef90_C1N3E5	65.66	513	567
UniRef90_C1E3E5	65.93	513	562
UniRef90_K7KXV3	78.94	513	538
UniRef90_A0A0E0C5E8	75.20	513	525
UniRef90_A0A061RVA1	62.10	513	564
UniRef90_W7TPK9	64.72	513	618
UniRef90_A4RUC7	64.17	513	546
UniRef90_A0A0B2PEF0	76.05	513	489
UniRef90_UPI0002D9A518	59.76	513	489
UniRef90_A0A0C2QFM4	60.36	513	489
UniRef90_D7FQZ4	64.20	513	566
UniRef90_UPI0004782264	61.60	513	493
UniRef90_A0A087SDB4	62.30	513	568
UniRef90_E0RNJ4	61.09	513	490
UniRef90_K8F3C5	63.42	513	564
UniRef90_A0A0C2Q148	59.56	513	489
UniRef90_K3WUC9	60.48	513	519
UniRef90_UPI00034C8EA1	59.44	513	495
UniRef90_I0YXF1	62.00	513	559
UniRef90_D6Z2M8	63.45	513	490
UniRef90_A0A0G4GA64	60.20	513	555
UniRef90_E1ZG55	56.79	513	617
UniRef90_A0A0G4GER2	61.59	513	533
UniRef90_H3HA86	60.24	513	516
UniRef90_M1UW76	61.06	513	567
UniRef90_L1JJI2	61.51	513	577
UniRef90_W4LMV5	61.20	513	492
UniRef90_R7QNL4	57.31	513	560
UniRef90_F0WAK7	59.39	513	507
UniRef90_A0A0G4GAU1	60.24	513	523
UniRef90_F8GAH7	58.75	513	489
UniRef90_U5GHQ2	90.77	513	392
UniRef90_W7SZC7	57.72	513	495
UniRef90_UPI0004774E40	57.20	513	490
UniRef90_A0A0L0G1G9	58.67	513	530
UniRef90_UPI00047281FE	60.08	513	495
UniRef90_Q1NMF4	62.67	513	491
UniRef90_UPI0006983F7A	58.03	513	493
UniRef90_UPI0005F2E924	59.68	513	493
UniRef90_UPI0003FF3A88	57.75	513	491
UniRef90_A0A096SQZ0	78.79	513	559
UniRef90_UPI0006962BFA	58.95	513	489
UniRef90_A0A059LR67	60.54	513	512
UniRef90_B3U3W2	53.88	513	519
UniRef90_T0QZN2	57.98	513	512
UniRef90_A0A096PSA0	85.89	513	474
UniRef90_UPI0002ED4A56	57.83	513	488
UniRef90_UPI000525C63C	56.85	513	483
UniRef90_A0A024U1C1	55.93	513	519
UniRef90_A0A0D2PV73	88.01	513	419
UniRef90_A0A067EKV4	85.93	513	462
UniRef90_UPI000378EE95	55.71	513	489
UniRef90_A3QQP7	69.60	513	471
UniRef90_UPI0003F5CDF9	56.77	513	489
UniRef90_A0A0F5W0T9	55.11	513	489
UniRef90_S2YMA6	54.31	513	489
UniRef90_A0A066YMU2	54.71	513	490
UniRef90_A0A086H1Y6	54.86	513	485
UniRef90_K4RFB1	55.17	513	511
UniRef90_UPI00037E348E	52.09	513	496
UniRef90_UPI00055BA0AC	55.51	513	489
UniRef90_L1KWH4	55.06	513	485
UniRef90_UPI0005267679	54.22	513	492
UniRef90_A0A0N0N5R4	54.45	513	511
UniRef90_UPI0006EB2A84	54.27	513	499
UniRef90_V7BYR2	87.39	513	416
UniRef90_A0A0D2VG59	86.61	513	543
UniRef90_W9R9X3	90.88	513	427
UniRef90_A0A0D2VAZ2	89.12	513	417
UniRef90_B8LR30	83.84	513	467
UniRef90_UPI0001FFDB2A	52.22	513	492
UniRef90_A2WTA6	86.35	513	703
UniRef90_A2WTA6	81.94	513	703
UniRef90_U5FS48	81.53	513	356
UniRef90_H6TNS9	91.84	513	294
UniRef90_A0A061GFT9	86.73	513	482
UniRef90_A0A067KHR5	89.09	513	302
UniRef90_R6FHU5	32.05	513	348
UniRef90_W0ER45	32.42	513	348
UniRef90_H1DIH7	31.78	513	348
UniRef90_E4MDL2	30.96	513	348
UniRef90_G8FGP7	88.52	513	335
UniRef90_R7HPM8	32.60	513	348
UniRef90_I9S8N3	31.23	513	348
UniRef90_G5H8N1	31.59	513	346
UniRef90_UPI00036E0804	33.52	513	357
UniRef90_UPI0006E1A83D	32.05	513	348
UniRef90_UPI00040CB1EE	31.32	513	349
UniRef90_UPI0004724D91	30.68	513	349
UniRef90_D7W7E9	33.42	513	348
UniRef90_A0A098S1Z0	32.25	513	353
UniRef90_A0A0F7P3F3	32.69	513	350
UniRef90_A0A0F4Z066	30.58	513	398
UniRef90_A0A0F4Z066	47.89	513	398
UniRef90_L8JTI7	30.49	513	348
UniRef90_K1L0Y5	30.96	513	347
UniRef90_A0A0C1XQP6	32.23	513	356
UniRef90_A0A0C1XQP6	31.06	513	356
UniRef90_C5PCI0	31.78	513	406
UniRef90_C5PCI0	38.04	513	406
UniRef90_K2S0K2	32.24	513	404
UniRef90_K2S0K2	40.22	513	404
UniRef90_G1X8F7	29.40	513	408
UniRef90_P38674	30.58	513	402
UniRef90_P38674	49.25	513	402
UniRef90_J5TRU1	31.02	513	402
UniRef90_J5TRU1	47.14	513	402
UniRef90_A0A084FU43	30.03	513	401
UniRef90_A0A084FU43	41.30	513	401
UniRef90_A0A0B7JSG9	31.40	513	404
UniRef90_A0A0B7JSG9	50.75	513	404
UniRef90_A0A0E9LT34	31.78	513	350
UniRef90_W9YJR6	30.85	513	403
UniRef90_W9YJR6	38.04	513	403
UniRef90_C1GGJ2	30.58	513	409
UniRef90_C1GGJ2	39.13	513	409
UniRef90_A0A0E9MUI5	31.32	513	349
UniRef90_UPI0004A71228	31.23	513	348
UniRef90_A0A0C3GA19	29.20	513	399
UniRef90_A0A0C3GA19	40.00	513	399
UniRef90_B8MTE6	30.58	513	398
UniRef90_B8MTE6	39.13	513	398
UniRef90_I4A1A7	31.51	513	348
UniRef90_A7EEW5	29.40	513	398
UniRef90_E6R847	30.98	513	401
UniRef90_E6R847	47.14	513	401
UniRef90_V5FZE2	30.58	513	395
UniRef90_V5FZE2	39.13	513	395
UniRef90_S0E1I1	31.40	513	405
UniRef90_S0E1I1	40.22	513	405
UniRef90_A0A0K8R1J2	31.49	513	347
UniRef90_U5Q446	31.59	513	346
UniRef90_A0A0G0C6H3	32.69	513	350
UniRef90_A0A0D1ZYN4	31.78	513	400
UniRef90_A0A0D1ZYN4	45.07	513	400
UniRef90_A1ZNB4	34.07	513	356
UniRef90_A1ZNB4	40.00	513	356
UniRef90_A0A098BZA2	30.68	513	348
UniRef90_B2VW72	31.47	513	364
UniRef90_B2VW72	40.22	513	364
UniRef90_G9MJ02	30.30	513	404
UniRef90_G9MJ02	47.76	513	404
UniRef90_A0A0D6QYE0	29.48	513	401
UniRef90_A0A0D6QYE0	46.27	513	401
UniRef90_H8XP59	34.81	513	347
UniRef90_H1Y529	31.68	513	352
UniRef90_A0A0G0BRG9	34.07	513	352
UniRef90_A0A0G0BRG9	44.00	513	352
UniRef90_A0A0G0BV10	34.07	513	352
UniRef90_A0A0G0BV10	30.30	513	352
UniRef90_W6Q254	30.08	513	398
UniRef90_W6Q254	39.13	513	398
UniRef90_A0A060R9U9	31.13	513	348
UniRef90_M5GG51	31.30	513	399
UniRef90_M5GG51	36.84	513	399
UniRef90_A0A084QQY0	30.30	513	403
UniRef90_A0A084QQY0	42.39	513	403
UniRef90_C5FMW7	31.13	513	404
UniRef90_C5FMW7	38.04	513	404
UniRef90_UPI00047BB2A8	32.05	513	348
UniRef90_G4MW52	30.30	513	400
UniRef90_G4MW52	41.30	513	400
UniRef90_D5GPG5	30.22	513	402
UniRef90_D5GPG5	38.00	513	402
UniRef90_B7BBK3	30.49	513	347
UniRef90_A0A0A1TRT6	30.03	513	402
UniRef90_A0A0A1TRT6	49.25	513	402
UniRef90_J4UMM7	29.75	513	404
UniRef90_J4UMM7	47.76	513	404
UniRef90_A0A0B1P276	30.85	513	418
UniRef90_A0A0B1P276	39.13	513	418
UniRef90_R1E9N2	31.40	513	579
UniRef90_R1E9N2	46.48	513	579
UniRef90_F4L0B0	31.23	513	364
UniRef90_A0A060SWV9	30.58	513	405
UniRef90_UPI0004410FC0	30.75	513	401
UniRef90_UPI0004410FC0	43.66	513	401
UniRef90_A0A0L8APY3	32.24	513	358
UniRef90_A0A0L8APY3	37.86	513	358
UniRef90_S7REP0	30.47	513	403
UniRef90_S7REP0	43.66	513	403
UniRef90_R7D2Q8	30.41	513	347
UniRef90_A0A067N625	31.58	513	404
UniRef90_A0A067N625	45.07	513	404
UniRef90_F3ZQW9	31.32	513	348
UniRef90_UPI000255D7F8	31.87	513	349
UniRef90_N1PX12	32.15	513	403
UniRef90_N1PX12	46.27	513	403
UniRef90_D8Q5D7	30.47	513	403
UniRef90_D8Q5D7	47.89	513	403
UniRef90_UPI000416CC33	34.53	513	347
UniRef90_A0A061AGA9	30.19	513	393
UniRef90_A0A061AGA9	35.92	513	393
UniRef90_B6YQX7	30.49	513	348
UniRef90_S8E2N2	31.40	513	404
UniRef90_UPI00036BBB40	31.04	513	348
UniRef90_K5WA53	32.13	513	406
UniRef90_K5WA53	45.07	513	406
UniRef90_G4TPU3	30.47	513	403
UniRef90_G4TPU3	45.07	513	403
UniRef90_UPI0003699D05	31.40	513	349
UniRef90_L2FPQ7	31.40	513	402
UniRef90_L2FPQ7	40.22	513	402
UniRef90_R5S1Z6	30.96	513	347
UniRef90_H6C4I9	30.53	513	397
UniRef90_H6C4I9	38.00	513	397
UniRef90_R7PCS6	30.41	513	347
UniRef90_Q75CW4	30.49	513	394
UniRef90_Q75CW4	39.00	513	394
UniRef90_V6RYC0	33.98	513	348
UniRef90_Q4WYW4	30.30	513	508
UniRef90_Q4WYW4	39.13	513	508
UniRef90_A6RGX3	29.53	513	433
UniRef90_A6RGX3	45.07	513	433
UniRef90_V6SJ58	33.43	513	347
UniRef90_V6SJ58	40.00	513	347
UniRef90_A3J5T6	33.15	513	348
UniRef90_W4KC19	31.02	513	407
UniRef90_W4KC19	45.07	513	407
UniRef90_K2E6Q3	33.15	513	345
UniRef90_K2E6Q3	45.71	513	345
UniRef90_A2QU08	30.03	513	401
UniRef90_A2QU08	39.13	513	401
UniRef90_UPI000360DE77	30.47	513	348
UniRef90_M2N1J6	32.05	513	401
UniRef90_M2N1J6	45.07	513	401
UniRef90_R8BKZ7	31.20	513	397
UniRef90_R8BKZ7	49.25	513	397
UniRef90_A0A0F4Z7U9	30.03	513	400
UniRef90_A0A0F4Z7U9	47.76	513	400
UniRef90_J2SS38	31.39	513	353
UniRef90_F8NCP2	33.70	513	347
UniRef90_F8NCP2	46.27	513	347
UniRef90_A0A0G2GD96	30.59	513	1011
UniRef90_UPI000412FA64	32.69	513	349
UniRef90_UPI000412FA64	42.86	513	349
UniRef90_K2A6Y0	32.79	513	349
UniRef90_UPI000469EC45	30.68	513	347
UniRef90_U4LWQ6	30.30	513	397
UniRef90_U4LWQ6	38.04	513	397
UniRef90_UPI0004417A56	30.75	513	405
UniRef90_UPI0004417A56	38.95	513	405
UniRef90_A0A0D7A7Z0	31.30	513	402
UniRef90_A0A0D7A7Z0	47.89	513	402
UniRef90_A0A0L6WQ33	30.19	513	408
UniRef90_A0A0L6WQ33	45.07	513	408
UniRef90_A0A0A2M5D5	32.33	513	348
UniRef90_A0A0A2M5D5	35.04	513	348
UniRef90_F6HM93	66.22	513	411
UniRef90_W3X9W6	30.58	513	405
UniRef90_W3X9W6	47.76	513	405
UniRef90_F0P2R0	33.24	513	348
UniRef90_B0D9T8	30.68	513	415
UniRef90_B0D9T8	46.48	513	415
UniRef90_A0A067PYS0	29.92	513	407
UniRef90_A0A067PYS0	37.89	513	407
UniRef90_A0A0C2YHS9	30.75	513	410
UniRef90_A0A0C2YHS9	38.95	513	410
UniRef90_UPI00044085F2	31.30	513	404
UniRef90_UPI00044085F2	36.84	513	404
UniRef90_A0A0C2SZL2	30.19	513	410
UniRef90_A0A0C2SZL2	46.48	513	410
UniRef90_W2S029	30.53	513	423
UniRef90_W2S029	38.04	513	423
UniRef90_A0A0B7FBA9	30.47	513	406
UniRef90_A0A0B7FBA9	43.66	513	406
UniRef90_A0A0H2S6D9	30.75	513	406
UniRef90_A0A0H2S6D9	43.66	513	406
UniRef90_A8NTG0	31.30	513	410
UniRef90_A8NTG0	38.95	513	410
UniRef90_F4RPE9	29.40	513	403
UniRef90_F4RPE9	45.07	513	403
UniRef90_UPI0006D00C83	30.68	513	348
UniRef90_E4TQ79	32.14	513	348
UniRef90_E4TQ79	31.01	513	348
UniRef90_A0A0D6EP35	30.47	513	387
UniRef90_A0A0D6EP35	43.66	513	387
UniRef90_A0A0C9YV66	30.66	513	408
UniRef90_A0A0C9YV66	43.66	513	408
UniRef90_A0A074YFT9	30.85	513	404
UniRef90_A0A074YFT9	39.13	513	404
UniRef90_A0A017S158	29.48	513	400
UniRef90_A0A017S158	46.27	513	400
UniRef90_E3K387	30.19	513	407
UniRef90_E3K387	45.07	513	407
UniRef90_A0A067N929	30.75	513	412
UniRef90_A0A067N929	38.95	513	412
UniRef90_UPI0006C8FDBB	34.34	513	361
UniRef90_R6AWV0	30.96	513	347
UniRef90_A0A0M8N7B5	30.03	513	405
UniRef90_A0A0M8N7B5	45.07	513	405
UniRef90_P78827	30.39	513	404
UniRef90_P78827	46.27	513	404
UniRef90_R6CQ75	30.14	513	347
UniRef90_R6CQ75	42.25	513	347
UniRef90_UPI000440AC78	31.02	513	403
UniRef90_UPI000440AC78	43.66	513	403
UniRef90_D5EXT9	30.47	513	346
UniRef90_D5EXT9	31.25	513	346
UniRef90_UPI0005C64FA3	31.04	513	354
UniRef90_UPI0005C64FA3	43.28	513	354
UniRef90_A0A072Q3J7	29.69	513	399
UniRef90_A0A072Q3J7	46.48	513	399
UniRef90_A0A0F7SK34	28.85	513	398
UniRef90_A0A0F7SK34	35.79	513	398
UniRef90_A0A094GX03	29.48	513	400
UniRef90_M2R3I8	30.30	513	403
UniRef90_A0A0C3LKI2	29.64	513	401
UniRef90_A0A0C3LKI2	45.07	513	401
UniRef90_G5SQZ0	30.14	513	347
UniRef90_N1JLU4	28.93	513	402
UniRef90_N1JLU4	39.13	513	402
UniRef90_A0A0C3DUH5	30.22	513	410
UniRef90_A0A0C3DUH5	43.66	513	410
UniRef90_A0A0C3FXJ3	30.75	513	408
UniRef90_A0A0C3FXJ3	38.95	513	408
UniRef90_R7Z5X5	30.53	513	396
UniRef90_R7Z5X5	36.96	513	396
UniRef90_R5D0B8	29.20	513	347
UniRef90_R5D0B8	47.76	513	347
UniRef90_E6MNZ6	32.05	513	347
UniRef90_E6MNZ6	49.25	513	347
UniRef90_V2WZS1	30.19	513	405
UniRef90_V2WZS1	38.95	513	405
UniRef90_UPI00037B932F	31.59	513	356
UniRef90_K5XUD6	29.12	513	426
UniRef90_K5XUD6	46.48	513	426
UniRef90_A0A076NQC6	33.43	513	348
UniRef90_A0A0J7KLI4	33.78	513	366
UniRef90_A0A0J7KLI4	41.43	513	366
UniRef90_A0A061B5J4	30.60	513	399
UniRef90_A0A061B5J4	40.22	513	399
UniRef90_B0NUH8	29.59	513	347
UniRef90_UPI000362E3A0	31.75	513	345
UniRef90_A0A086T952	31.87	513	381
UniRef90_A0A086T952	47.76	513	381
UniRef90_UPI00037AF907	31.87	513	364
UniRef90_A0A0L9SHF1	29.48	513	582
UniRef90_A0A0L9SHF1	46.48	513	582
UniRef90_UPI000304FE9A	32.23	513	350
UniRef90_UPI000304FE9A	44.29	513	350
UniRef90_A0A0C9T8L0	31.30	513	410
UniRef90_A0A0C9T8L0	43.66	513	410
UniRef90_A0A0G0IIH4	32.42	513	354
UniRef90_A0A0G0IIH4	45.07	513	354
UniRef90_UPI00016C57F4	31.02	513	349
UniRef90_E8N027	34.34	513	350
UniRef90_UPI00040BBD6B	32.88	513	348
UniRef90_R5PH49	29.48	513	349
UniRef90_R5PH49	50.75	513	349
UniRef90_S8FC84	30.68	513	347
UniRef90_S8FC84	34.38	513	347
UniRef90_C7PB47	30.49	513	347
UniRef90_W2CKB9	32.42	513	402
UniRef90_E6ST38	29.59	513	347
UniRef90_B6JVI5	29.72	513	425
UniRef90_S7VK40	32.78	513	350
UniRef90_S7VK40	42.86	513	350
UniRef90_C7LKL0	32.60	513	344
UniRef90_C7LKL0	33.33	513	344
UniRef90_R5LVN8	29.20	513	347
UniRef90_R5LVN8	46.27	513	347
UniRef90_A0A0L0HIA5	31.15	513	401
UniRef90_A0A0L0HIA5	40.40	513	401
UniRef90_R5B269	30.14	513	348
UniRef90_B8FHI1	33.52	513	350
UniRef90_B8FHI1	45.71	513	350
UniRef90_UPI00040F1DD0	34.81	513	347
UniRef90_UPI00040F1DD0	41.43	513	347
UniRef90_J4GZX1	29.20	513	415
UniRef90_D1PXX7	29.75	513	347
UniRef90_D1PXX7	31.25	513	347
UniRef90_UPI00040BC5F2	31.30	513	348
UniRef90_UPI00040BC5F2	40.00	513	348
UniRef90_U5H8C9	29.32	513	399
UniRef90_U5H8C9	44.29	513	399
UniRef90_A0A068SF01	30.56	513	398
UniRef90_R7SAA9	29.92	513	404
UniRef90_R7SAA9	47.14	513	404
UniRef90_D1PBT7	30.14	513	347
UniRef90_D1PBT7	30.47	513	347
UniRef90_D2QSU2	30.49	513	347
UniRef90_R5GQT9	30.41	513	347
UniRef90_A0A0L0SY20	30.58	513	400
UniRef90_A0A0L0SY20	47.14	513	400
UniRef90_W8EZL2	31.11	513	382
UniRef90_W8EZL2	40.00	513	382
UniRef90_A0A0G0ZDD5	34.16	513	351
UniRef90_A0A067KIC3	83.97	513	300
UniRef90_A0A0L0N6F0	30.81	513	1086
UniRef90_A0A0L0N6F0	47.76	513	1086
UniRef90_A0A0G4MSV5	31.40	513	1076
UniRef90_A0A0G4MSV5	40.22	513	1076
UniRef90_A0A0G1DET4	33.61	513	355
UniRef90_A0A0G1DET4	35.71	513	355
UniRef90_A0A015KX33	31.87	513	413
UniRef90_A0A0C1RZV5	32.60	513	352
UniRef90_A0A0D0BHJ0	31.17	513	403
UniRef90_A0A0D0BHJ0	37.89	513	403
UniRef90_A0A080Q9P4	30.39	513	347
UniRef90_A0A080Q9P4	44.29	513	347
UniRef90_I2ETD8	31.13	513	347
UniRef90_I4YHY6	32.05	513	390
UniRef90_I4YHY6	48.57	513	390
UniRef90_A0A081BS13	33.78	513	365
UniRef90_A0A081BS13	39.19	513	365
UniRef90_A0A0E9NIW6	28.69	513	409
UniRef90_A0A0E9NIW6	41.30	513	409
UniRef90_UPI000486B8B3	32.42	513	355
UniRef90_UPI000486B8B3	44.29	513	355
UniRef90_V2XD86	31.40	513	399
UniRef90_V2XD86	45.33	513	399
UniRef90_G6AFG1	29.75	513	347
UniRef90_G6AFG1	47.76	513	347
UniRef90_E0TJV2	32.96	513	344
UniRef90_D8F2W7	31.49	513	350
UniRef90_D8F2W7	25.00	513	350
UniRef90_A0A0A1PCJ5	29.43	513	394
UniRef90_A0A0D3LNI5	31.86	513	346
UniRef90_A8ZTR0	33.24	513	352
UniRef90_A8ZTR0	44.29	513	352
UniRef90_A0A0G3EEK7	32.63	513	365
UniRef90_A0A0G3EEK7	40.00	513	365
UniRef90_A8Q731	29.12	513	406
UniRef90_A8Q731	36.96	513	406
UniRef90_UPI0006B4F066	31.68	513	352
UniRef90_UPI0006B4F066	44.29	513	352
UniRef90_A0A0B3A8I3	31.37	513	489
UniRef90_UPI00054CD9D8	31.30	513	356
UniRef90_UPI00054CD9D8	40.00	513	356
UniRef90_UPI0006D09C97	30.03	513	350
UniRef90_UPI0006D09C97	45.71	513	350
UniRef90_B1ZV88	32.89	513	366
UniRef90_G8Y7D1	30.58	513	430
UniRef90_G8Y7D1	41.00	513	430
UniRef90_A0A060TBD1	30.22	513	394
UniRef90_A0A060TBD1	40.22	513	394
UniRef90_UPI00040CBB8B	32.14	513	351
UniRef90_UPI00040CBB8B	20.54	513	351
UniRef90_A0A0N0V2E9	29.83	513	350
UniRef90_A0A0N0V2E9	44.00	513	350
UniRef90_X1F6A9	32.10	513	366
UniRef90_X1F6A9	41.43	513	366
UniRef90_A0A066VDC9	30.75	513	416
UniRef90_A0A0C4EM69	29.64	513	411
UniRef90_A0A0C4EM69	48.44	513	411
UniRef90_M0UG81	89.66	513	289
UniRef90_I1BQ67	27.88	513	373
UniRef90_A0A0B5S2D8	33.06	513	348
UniRef90_A0A0B5S2D8	41.43	513	348
UniRef90_UPI0006474D37	31.78	513	349
UniRef90_H8X9G9	30.30	513	397
UniRef90_H8X9G9	40.00	513	397
UniRef90_A0A0F2QUA2	31.13	513	351
UniRef90_A0A0F2QUA2	44.29	513	351
UniRef90_A0A0J9XDR2	30.22	513	399
UniRef90_A0A0J9XDR2	40.00	513	399
UniRef90_D0JBL6	30.60	513	350
UniRef90_D0JBL6	36.27	513	350
UniRef90_L1N1V0	30.30	513	347
UniRef90_L1N1V0	34.85	513	347
UniRef90_W1Q8A6	30.49	513	392
UniRef90_W1Q8A6	40.22	513	392
UniRef90_E1YG02	31.22	513	349
UniRef90_E1YG02	42.86	513	349
UniRef90_D0J8Q0	29.95	513	348
UniRef90_A0A0G4M295	31.68	513	2466
UniRef90_A0A0G4M295	40.22	513	2466
UniRef90_M5EBW5	28.85	513	398
UniRef90_M5EBW5	44.12	513	398
UniRef90_G8JV50	31.30	513	399
UniRef90_G8JV50	40.00	513	399
UniRef90_A5N750	27.30	513	333
UniRef90_A0A091AH62	35.05	513	327
UniRef90_C6VV61	30.14	513	348
UniRef90_UPI000419D2A8	29.75	513	352
UniRef90_UPI000419D2A8	24.66	513	352
UniRef90_Q2LXP7	30.77	513	348
UniRef90_G3ATU3	30.49	513	401
UniRef90_G3ATU3	37.89	513	401
UniRef90_A3LUW4	30.03	513	399
UniRef90_A3LUW4	40.00	513	399
UniRef90_G0WH03	29.67	513	395
UniRef90_G0WH03	39.00	513	395
UniRef90_O94135	30.85	513	352
UniRef90_O94135	33.05	513	352
UniRef90_F2QMT7	28.99	513	398
UniRef90_F2QMT7	38.00	513	398
UniRef90_G0VKQ6	29.40	513	395
UniRef90_G0VKQ6	39.00	513	395
UniRef90_A0A0F8DJ74	30.17	513	735
UniRef90_A0A0F8DJ74	40.22	513	735
UniRef90_A0A0C7N7V9	30.03	513	396
UniRef90_A0A0C7N7V9	40.00	513	396
UniRef90_P06168	29.72	513	395
UniRef90_P06168	39.00	513	395
UniRef90_A0A0J8DA74	26.82	513	330
UniRef90_A0A099P7U5	30.08	513	393
UniRef90_A0A099P7U5	39.13	513	393
UniRef90_UPI00035EB502	28.06	513	335
UniRef90_A0A0H5C2L8	29.95	513	391
UniRef90_A0A0H5C2L8	38.00	513	391
UniRef90_UPI00051A387F	30.15	513	335
UniRef90_W6MK19	29.12	513	380
UniRef90_W6MK19	39.00	513	380
UniRef90_I2GWX5	29.40	513	399
UniRef90_I2GWX5	40.22	513	399
UniRef90_A0A077J6I1	26.10	513	342
UniRef90_UPI00058B3597	28.91	513	331
UniRef90_C5DRF8	30.30	513	402
UniRef90_C5DRF8	40.38	513	402
UniRef90_D5XAE9	28.82	513	331
UniRef90_B9WIG8	31.17	513	400
UniRef90_B9WIG8	37.89	513	400
UniRef90_G8BYE9	30.77	513	403
UniRef90_G8BYE9	39.00	513	403
UniRef90_L1QKR5	27.43	513	334
UniRef90_I3QG06	30.49	513	350
UniRef90_G0T0W2	27.81	513	1147
UniRef90_G0T0W2	35.92	513	1147
UniRef90_U2NUM8	27.30	513	335
UniRef90_A4XIL7	25.97	513	333
UniRef90_A0A037Z777	26.98	513	330
UniRef90_A0A0E3M7P7	26.69	513	333
UniRef90_UPI00066767CA	27.99	513	333
UniRef90_C5DNI3	29.48	513	396
UniRef90_C5DNI3	39.42	513	396
UniRef90_C5EQP8	27.27	513	336
UniRef90_W0EAQ8	26.87	513	331
UniRef90_S7ITQ5	29.20	513	336
UniRef90_Q6CAF8	30.60	513	398
UniRef90_Q6CAF8	39.13	513	398
UniRef90_A0A0L8EZF9	26.69	513	330
UniRef90_T2DLM1	88.28	513	581
UniRef90_T2DLM1	81.28	513	581
UniRef90_A0A0I9ZGV6	30.28	513	365
UniRef90_UPI0006D791B8	26.67	513	334
UniRef90_K0KGE4	29.40	513	399
UniRef90_K0KGE4	40.00	513	399
UniRef90_E6ZR40	29.40	513	407
UniRef90_E6ZR40	47.06	513	407
UniRef90_W6M0L4	27.25	513	337
UniRef90_R5GNN1	28.32	513	370
UniRef90_A0A0C7NSE3	29.08	513	330
UniRef90_E6WZZ1	27.03	513	340
UniRef90_A0A024QA75	29.04	513	347
UniRef90_UPI00039B498C	27.84	513	344
UniRef90_UPI0003F74967	27.54	513	330
UniRef90_A0A0H4NWV2	26.61	513	341
UniRef90_C8W658	29.25	513	331
UniRef90_R4KAE1	27.94	513	331
UniRef90_I2JYT8	28.25	513	373
UniRef90_I2JYT8	37.00	513	373
UniRef90_I0GRG6	26.57	513	338
UniRef90_A0A0A7FUD3	25.07	513	334
UniRef90_L5N8Y1	27.35	513	343
UniRef90_F7KA54	27.62	513	336
UniRef90_A0A0G2FCV5	30.14	513	379
UniRef90_A0A0G2FCV5	42.39	513	379
UniRef90_N9XYQ9	25.29	513	334
UniRef90_A0A0F2PL04	28.53	513	331
UniRef90_R4K1Y1	26.67	513	334
UniRef90_Q7P0H9	27.16	513	338
UniRef90_UPI00053C03BB	26.55	513	340
UniRef90_UPI0003F7B9A6	27.54	513	346
UniRef90_A9BGP6	29.08	513	330
UniRef90_D4MTL4	29.15	513	367
UniRef90_A0A067FH42	86.02	513	317
UniRef90_UPI0004206F23	25.97	513	329
UniRef90_UPI0002559A59	27.33	513	341
UniRef90_Q0AB89	28.57	513	338
UniRef90_A1HPN7	26.57	513	331
UniRef90_A0YTA9	27.16	513	331
UniRef90_K2FL93	26.65	513	342
UniRef90_L7VK02	30.66	513	346
UniRef90_B6WTU3	25.97	513	333
UniRef90_UPI00042A6768	27.03	513	331
UniRef90_UPI000319AC74	26.25	513	331
UniRef90_C9KJM6	27.57	513	338
UniRef90_UPI00047DB919	27.54	513	340
UniRef90_R5C235	27.41	513	337
UniRef90_B7KF23	26.57	513	331
UniRef90_C4XZU7	30.03	513	398
UniRef90_C4XZU7	40.00	513	398
UniRef90_E6TUA4	26.65	513	343
UniRef90_T0IRX1	27.76	513	330
UniRef90_UPI000380772E	28.82	513	330
UniRef90_F3Z2H3	26.27	513	329
UniRef90_UPI000551F5F6	28.53	513	331
UniRef90_A0A068DWN3	31.84	513	341
UniRef90_A0A068DWN3	35.35	513	341
UniRef90_UPI000380BF0A	29.03	513	338
UniRef90_G3BBD5	29.75	513	396
UniRef90_G3BBD5	40.00	513	396
UniRef90_L8LU33	27.46	513	331
UniRef90_UPI0005CACB2A	28.23	513	340
UniRef90_C4V4K4	27.81	513	337
UniRef90_A0A0A8WYQ9	28.02	513	337
UniRef90_UPI0004720F6F	27.46	513	331
UniRef90_X0S5R9	31.79	513	346
UniRef90_X0S5R9	26.44	513	346
UniRef90_UPI0003B795B6	26.72	513	334
UniRef90_A0A0J1G8N8	28.74	513	342
UniRef90_S6AFJ6	26.57	513	338
UniRef90_A0A0L0QMX8	26.65	513	347
UniRef90_F0T2P6	27.76	513	332
UniRef90_UPI00047DE8B1	25.52	513	330
UniRef90_C9LTI9	27.43	513	337
UniRef90_D9R2D4	28.86	513	336
UniRef90_UPI00056C862C	29.55	513	340
UniRef90_B1WNP1	26.57	513	331
UniRef90_A0A081N2L3	27.76	513	338
UniRef90_L8XYZ8	27.61	513	338
UniRef90_B7GH18	27.97	513	341
UniRef90_F5RDW2	27.16	513	338
UniRef90_H1XQF4	26.73	513	331
UniRef90_N4WLZ7	24.49	513	345
UniRef90_R6UEK1	26.63	513	335
UniRef90_D8PC02	27.46	513	337
UniRef90_M8E0Z7	26.74	513	329
UniRef90_R6FQI8	26.02	513	334
UniRef90_A0A0F9DI95	32.95	513	380
UniRef90_A0A0F9DI95	22.81	513	380
UniRef90_UPI0003FD9867	26.35	513	344
UniRef90_Q9WZ20	28.19	513	336
UniRef90_V5EDS5	28.57	513	407
UniRef90_V5EDS5	47.06	513	407
UniRef90_A0A0N0GKV2	28.06	513	338
UniRef90_UPI000476A0A0	26.84	513	330
UniRef90_A0A0J5TMD2	26.98	513	344
UniRef90_UPI00048EF226	26.27	513	338
UniRef90_W8X037	28.06	513	338
UniRef90_A0A0M4FU70	28.14	513	345
UniRef90_H5SMF2	28.06	513	338
