UniRef90_Q24451	99.90	1014	1108
UniRef90_B3M057	87.67	1014	1104
UniRef90_Q29BM2	82.15	1014	1104
UniRef90_B4N8V8	78.66	1014	1110
UniRef90_B4K4Z8	78.02	1014	1118
UniRef90_B4LW20	77.65	1014	1116
UniRef90_A0A0M4ERB8	77.22	1014	1114
UniRef90_B4JEK9	76.64	1014	1116
UniRef90_A0A0A1X4Y7	67.12	1014	1127
UniRef90_W8BNH3	66.83	1014	1124
UniRef90_UPI0006735E61	65.40	1014	1148
UniRef90_UPI0003C35002	65.40	1014	1152
UniRef90_A0A0L0C6C3	65.08	1014	1145
UniRef90_B0WS34	58.73	1014	1131
UniRef90_U5EZM2	55.54	1014	1125
UniRef90_Q16NG2	57.83	1014	1139
UniRef90_A0A0K8TKX1	58.79	1014	983
UniRef90_Q7PMM6	57.38	1014	1139
UniRef90_W5JK63	55.64	1014	1143
UniRef90_A0A084VTM1	56.99	1014	1116
UniRef90_D6WTA9	47.06	1014	1133
UniRef90_A0A067R639	46.54	1014	1126
UniRef90_N6TR79	46.25	1014	1118
UniRef90_E9IUM4	47.14	1014	1090
UniRef90_A0A0C9R4X5	47.50	1014	1134
UniRef90_K7J1I1	46.12	1014	1131
UniRef90_A0A087ZZQ3	45.42	1014	1134
UniRef90_E2C820	47.34	1014	1130
UniRef90_A0A026WXN3	46.88	1014	1140
UniRef90_UPI00063F71A9	47.08	1014	1132
UniRef90_UPI000625E08F	47.24	1014	1135
UniRef90_UPI000258E329	45.35	1014	1134
UniRef90_A0A023F1Z6	45.36	1014	1097
UniRef90_UPI0006C94E8F	44.71	1014	1124
UniRef90_E2AKY7	46.57	1014	1134
UniRef90_UPI0006D4CCA7	45.53	1014	1078
UniRef90_UPI0006D4D34B	45.52	1014	1078
UniRef90_UPI0004CD148E	45.26	1014	1133
UniRef90_UPI0006C96AD3	46.37	1014	1130
UniRef90_UPI00062564BD	44.72	1014	1142
UniRef90_UPI0005CF1C14	44.81	1014	1131
UniRef90_T1HHY4	44.68	1014	985
UniRef90_UPI0005D0E7F4	44.28	1014	1168
UniRef90_E0VV82	45.20	1014	1057
UniRef90_G6CYB3	43.78	1014	1116
UniRef90_UPI0006CEFFBC	43.66	1014	1101
UniRef90_UPI000678FDAF	46.22	1014	1160
UniRef90_H9J6K0	41.58	1014	1027
UniRef90_R7UWP9	44.66	1014	1021
UniRef90_UPI00067CBCBE	45.03	1014	1168
UniRef90_UPI00063F329F	44.42	1014	1142
UniRef90_J9K9U5	41.44	1014	1120
UniRef90_F6VHV0	45.09	1014	1091
UniRef90_P27046	41.39	1014	1150
UniRef90_UPI000698E2F0	40.90	1014	1152
UniRef90_UPI00038BF2F2	44.96	1014	1144
UniRef90_Q16706	43.11	1014	1144
UniRef90_H0VA31	44.40	1014	1146
UniRef90_E7EYL2	44.60	1014	1151
UniRef90_UPI00018AC0AD	43.87	1014	1147
UniRef90_UPI0003330C89	43.77	1014	1116
UniRef90_UPI00064445BF	44.52	1014	1153
UniRef90_UPI00046B1631	44.32	1014	1144
UniRef90_UPI00049560B0	45.02	1014	1152
UniRef90_G1PM21	44.76	1014	1099
UniRef90_UPI0003C90003	43.11	1014	1149
UniRef90_UPI0004F49779	44.49	1014	1174
UniRef90_F6RWB3	40.63	1014	1179
UniRef90_UPI000575EF83	43.95	1014	1153
UniRef90_H2RNE7	45.03	1014	1154
UniRef90_UPI0004438C80	44.47	1014	1144
UniRef90_Q4S7D3	45.21	1014	1152
UniRef90_UPI00038EF7ED	43.74	1014	1146
UniRef90_W5LDY9	44.00	1014	1176
UniRef90_H2YSQ4	41.05	1014	1032
UniRef90_F7ENS1	40.60	1014	1149
UniRef90_UPI000440AC67	44.30	1014	1168
UniRef90_F1NXU9	44.12	1014	1147
UniRef90_H3B7Y1	41.72	1014	1152
UniRef90_UPI00033453D3	42.53	1014	1145
UniRef90_A0A0F7Z814	39.83	1014	1154
UniRef90_UPI0006441380	44.98	1014	1153
UniRef90_F1P9C4	40.93	1014	1107
UniRef90_UPI0005D0756E	44.07	1014	1080
UniRef90_F6RMI2	43.21	1014	1158
UniRef90_G1NE21	40.44	1014	1112
UniRef90_W5MWN5	42.97	1014	1151
UniRef90_UPI0004ED3DEC	43.83	1014	1142
UniRef90_A0A060WFD6	44.46	1014	1158
UniRef90_F6SBF5	43.91	1014	1066
UniRef90_G1SJN5	42.14	1014	1127
UniRef90_H2M8T5	44.79	1014	1155
UniRef90_A0A060XKT0	40.42	1014	1149
UniRef90_H9GC89	39.56	1014	1152
UniRef90_UPI0006B0A1D1	44.69	1014	1176
UniRef90_UPI00032973DC	44.69	1014	1178
UniRef90_T2MD74	40.14	1014	1130
UniRef90_L5KLA4	43.62	1014	1145
UniRef90_M3ZF75	44.32	1014	1152
UniRef90_W5KHA1	44.58	1014	1153
UniRef90_F7BEM8	40.23	1014	1145
UniRef90_UPI0003336DC9	42.12	1014	1145
UniRef90_UPI0006524916	44.68	1014	1150
UniRef90_I3MUT2	43.55	1014	1148
UniRef90_A2CED8	40.28	1014	1100
UniRef90_G1SH08	44.23	1014	1189
UniRef90_A0A091EF23	42.83	1014	932
UniRef90_UPI0004D0ABBB	43.30	1014	1146
UniRef90_UPI0006443286	42.83	1014	1094
UniRef90_V4AK03	42.33	1014	1026
UniRef90_UPI0006B0EFC1	42.87	1014	1173
UniRef90_UPI0006B0F520	44.44	1014	1200
UniRef90_UPI0003505C53	42.86	1014	1225
UniRef90_T1IZI9	42.00	1014	1084
UniRef90_A0A091UNZ9	43.79	1014	863
UniRef90_P49641	40.59	1014	1150
UniRef90_UPI00048BCF13	44.57	1014	1211
UniRef90_UPI0004573A83	43.80	1014	1154
UniRef90_M3ZSA6	43.43	1014	1141
UniRef90_UPI0003317CB1	43.53	1014	1116
UniRef90_B7PF17	42.62	1014	1029
UniRef90_K7FRM1	42.56	1014	1153
UniRef90_H2YSQ5	40.17	1014	1044
UniRef90_UPI000223383A	42.12	1014	1145
UniRef90_F1RM55	43.69	1014	1144
UniRef90_D4A4J3	43.67	1014	1164
UniRef90_H0XDS9	42.31	1014	1158
UniRef90_F7EHM7	42.70	1014	1151
UniRef90_UPI0003D0D0FD	43.37	1014	1153
UniRef90_A0A0F7ZE24	42.92	1014	1151
UniRef90_H0YRU7	44.55	1014	1106
UniRef90_UPI0005764719	44.90	1014	1192
UniRef90_L7M0U6	43.57	1014	1167
UniRef90_UPI00033191BD	40.83	1014	1151
UniRef90_UPI0006D5267E	41.68	1014	1057
UniRef90_UPI0007044D2A	44.01	1014	1175
UniRef90_UPI00065E5681	43.62	1014	1095
UniRef90_UPI000161C58E	42.67	1014	1202
UniRef90_G3PC84	44.04	1014	1154
UniRef90_A9UM36	43.51	1014	1150
UniRef90_H9G8Z8	43.51	1014	1168
UniRef90_UPI0003ADD2E5	44.00	1014	1175
UniRef90_A0A091VEP1	43.12	1014	862
UniRef90_A0A0F5CGG8	41.72	1014	1056
UniRef90_A0A0A9XUQ5	46.86	1014	934
UniRef90_UPI000350F67C	40.69	1014	1110
UniRef90_A0A091G9B6	42.86	1014	947
UniRef90_UPI0004574B1B	43.03	1014	1149
UniRef90_UPI0002A4B494	41.12	1014	1139
UniRef90_UPI000523D3A5	43.31	1014	1171
UniRef90_UPI0002B436D8	39.48	1014	1126
UniRef90_W5ND75	43.79	1014	1177
UniRef90_A0A016VJD1	39.69	1014	1150
UniRef90_UPI00042C984B	44.87	1014	1173
UniRef90_UPI0001D55B9F	41.63	1014	1177
UniRef90_UPI00053F784A	44.34	1014	1175
UniRef90_U3JDK3	43.09	1014	1114
UniRef90_UPI000328C5A4	43.06	1014	1142
UniRef90_F1NKR1	43.82	1014	1153
UniRef90_U3IVC1	43.74	1014	1115
UniRef90_W5ND78	43.33	1014	1153
UniRef90_A0A044RKX4	41.80	1014	1207
UniRef90_U6PPC9	43.26	1014	1170
UniRef90_U1M0C0	40.38	1014	1214
UniRef90_Q2PJ74	41.38	1014	1145
UniRef90_UPI000350411D	41.77	1014	1243
UniRef90_G0NGX4	42.11	1014	1148
UniRef90_A0A091HL83	39.67	1014	1055
UniRef90_A0A0D8XH54	42.89	1014	1126
UniRef90_F1N7T2	43.26	1014	1145
UniRef90_UPI0006B35975	43.06	1014	1142
UniRef90_A0A0J7KHF7	45.92	1014	848
UniRef90_A0A0N5ARF2	39.41	1014	1125
UniRef90_UPI000673EF3A	42.57	1014	1149
UniRef90_UPI00032AE85E	44.26	1014	1081
UniRef90_E3LPV2	40.26	1014	1148
UniRef90_UPI0004BE8395	43.15	1014	1215
UniRef90_H2T3U9	40.20	1014	1157
UniRef90_UPI0003506BB1	40.95	1014	1285
UniRef90_J0XHH0	41.56	1014	1203
UniRef90_UPI0003503813	40.64	1014	1279
UniRef90_G7MVI7	42.00	1014	1106
UniRef90_A7S628	42.04	1014	950
UniRef90_F2UDZ5	43.88	1014	1203
UniRef90_UPI00035072E2	40.74	1014	1275
UniRef90_H2YSQ6	45.20	1014	781
UniRef90_UPI000496FD89	41.48	1014	1141
UniRef90_A0A085N898	39.41	1014	1196
UniRef90_T1EF56	40.79	1014	1047
UniRef90_H2W6S4	40.89	1014	1140
UniRef90_H3DQS3	41.82	1014	1156
UniRef90_G3PS01	38.85	1014	1151
UniRef90_B3S7R6	41.72	1014	1113
UniRef90_A8Y462	41.03	1014	1153
UniRef90_UPI0003506CCA	40.02	1014	1311
UniRef90_A9RI14	39.30	1014	1138
UniRef90_UPI00046BB5AF	41.66	1014	1082
UniRef90_A0A091DVX3	43.74	1014	2128
UniRef90_A0A0D6M2A3	42.46	1014	911
UniRef90_UPI0006EAE11D	41.43	1014	1157
UniRef90_UPI0005FC20DC	42.92	1014	1133
UniRef90_T1K631	41.62	1014	1104
UniRef90_UPI00045E1FD4	40.97	1014	1103
UniRef90_UPI00054B1A69	39.34	1014	1150
UniRef90_UPI00026594A0	41.05	1014	1095
UniRef90_A0A0F8AB00	39.62	1014	2143
UniRef90_D8SD28	41.75	1014	1061
UniRef90_UPI00057B260A	43.13	1014	1168
UniRef90_UPI0005EE9808	53.28	1014	712
UniRef90_V8NNT9	37.76	1014	1091
UniRef90_G3W200	43.60	1014	1147
UniRef90_UPI000440323D	44.33	1014	1048
UniRef90_A0A091PRJ5	42.82	1014	813
UniRef90_UPI00057AA063	42.92	1014	1173
UniRef90_V5GX04	55.61	1014	661
UniRef90_UPI0004973F11	42.71	1014	961
UniRef90_K3XUW2	43.16	1014	1183
UniRef90_UPI0003F0A15C	43.53	1014	1103
UniRef90_A0A0K0FV97	40.25	1014	1215
UniRef90_UPI00062AB36F	43.47	1014	1029
UniRef90_I1GZC6	41.26	1014	1176
UniRef90_A0A0N4ZHV9	41.53	1014	1170
UniRef90_A0A093C5W5	43.23	1014	884
UniRef90_L9KNT2	42.89	1014	1261
UniRef90_L9KNT2	34.60	1014	1261
UniRef90_A0A0N5A649	39.78	1014	1100
UniRef90_UPI0002C32FBB	41.31	1014	1160
UniRef90_UPI0004A2D611	43.22	1014	1012
UniRef90_UPI0006B212B1	40.26	1014	1123
UniRef90_G7KJH1	41.88	1014	1150
UniRef90_UPI00053CA00A	42.53	1014	1158
UniRef90_V4UBR9	42.56	1014	1167
UniRef90_A0A061EEA0	39.24	1014	1163
UniRef90_UPI000350EF85	38.64	1014	1108
UniRef90_U3IC46	41.79	1014	1092
UniRef90_A0A068U3I8	42.29	1014	1156
UniRef90_UPI00042C17AE	40.12	1014	1023
UniRef90_A0A090LPM6	39.70	1014	1218
UniRef90_UPI00052E93CF	42.09	1014	1159
UniRef90_UPI000441D033	42.89	1014	833
UniRef90_M5XBJ9	41.21	1014	1163
UniRef90_F6HV68	42.87	1014	1149
UniRef90_UPI0004D063ED	42.81	1014	920
UniRef90_V8NLC3	40.45	1014	1035
UniRef90_M0ZLV4	40.39	1014	1151
UniRef90_I1N5Z3	38.25	1014	1155
UniRef90_B9RUH3	42.06	1014	1180
UniRef90_A0A0A0LFD6	42.95	1014	1160
UniRef90_A0A0K9PAG7	41.79	1014	1182
UniRef90_B8B4H4	40.51	1014	1150
UniRef90_A0A0J8FRU5	41.62	1014	1169
UniRef90_A0A0D2QW38	39.56	1014	1167
UniRef90_D8TD14	39.86	1014	975
UniRef90_F6RQ29	43.41	1014	907
UniRef90_A0A022RY86	41.54	1014	1156
UniRef90_UPI00051239BA	42.05	1014	1172
UniRef90_M0TE13	41.55	1014	1142
UniRef90_A0A0D2NKU8	39.29	1014	1165
UniRef90_M4E3Z3	42.79	1014	1171
UniRef90_A0A060XG21	43.67	1014	913
UniRef90_A0A0D2VPM1	38.57	1014	1249
UniRef90_W9QPL1	40.80	1014	1158
UniRef90_A0A067LDV3	41.07	1014	1174
UniRef90_B9IJP2	41.36	1014	1175
UniRef90_UPI0005811A32	40.50	1014	1170
UniRef90_R0LK57	39.22	1014	1126
UniRef90_UPI0005D01873	45.31	1014	884
UniRef90_A0A059AGP2	40.97	1014	1164
UniRef90_H9H5G2	38.73	1014	1145
UniRef90_A0A0K0DY09	36.60	1014	1483
UniRef90_M4CPY6	40.98	1014	1171
UniRef90_Q9LFR0	40.77	1014	1173
UniRef90_M7ZK00	38.03	1014	1059
UniRef90_UPI0006D726FA	41.01	1014	1039
UniRef90_UPI000359D605	42.52	1014	1042
UniRef90_UPI0006967A6B	36.80	1014	1142
UniRef90_G7JJU9	40.44	1014	1137
UniRef90_M3YMC4	39.78	1014	1143
UniRef90_I3KB85	43.55	1014	901
UniRef90_H0YNG5	42.50	1014	938
UniRef90_UPI000521321A	40.02	1014	1012
UniRef90_UPI0003ACBF80	40.32	1014	1121
UniRef90_UPI000674E363	39.60	1014	785
UniRef90_UPI0003596BD9	43.24	1014	1208
UniRef90_UPI0003596BD9	47.37	1014	1208
UniRef90_UPI000644D140	39.67	1014	1129
UniRef90_UPI0005F47B35	44.16	1014	1153
UniRef90_UPI0005F47B35	57.47	1014	1153
UniRef90_UPI0003C115BB	36.99	1014	1092
UniRef90_A0A0L8GNV1	42.62	1014	881
UniRef90_UPI00044198CC	39.42	1014	918
UniRef90_Q8BRK9-2	46.95	1014	827
UniRef90_S9XIJ1	38.32	1014	934
UniRef90_A0A0N4Z6W4	35.97	1014	990
UniRef90_P49641-2	48.60	1014	796
UniRef90_UPI000523CA37	46.53	1014	970
UniRef90_A0A0C4DGL1	48.60	1014	796
UniRef90_Q4TB39	40.12	1014	839
UniRef90_A0A093BC36	46.53	1014	1006
UniRef90_A0A068XT99	36.85	1014	1110
UniRef90_A0A0K0FEY4	36.96	1014	1027
UniRef90_A0A0B7BK92	41.87	1014	737
UniRef90_UPI0005F3C046	39.86	1014	1159
UniRef90_U5GVA8	44.59	1014	855
UniRef90_UPI0006B7804D	46.34	1014	771
UniRef90_UPI0004E01606	47.92	1014	1008
UniRef90_UPI0004E01606	34.62	1014	1008
UniRef90_H3F4C4	41.63	1014	864
UniRef90_UPI00065BB5F8	35.89	1014	1094
UniRef90_UPI0006451CCF	47.07	1014	1006
UniRef90_UPI0006451CCF	36.84	1014	1006
UniRef90_A0A091H889	48.61	1014	609
UniRef90_UPI0004F0DDB3	48.43	1014	618
UniRef90_R7U6Q4	38.57	1014	966
UniRef90_A0A0K0FV29	35.47	1014	1019
UniRef90_A0A090L2M4	35.65	1014	1030
UniRef90_UPI0006748E6E	33.78	1014	1083
UniRef90_E4Y0C3	36.21	1014	1127
UniRef90_A0A087VYL7	36.09	1014	1138
UniRef90_A0A087UQ06	49.90	1014	668
UniRef90_V4A535	34.50	1014	972
UniRef90_UPI00038324BE	50.99	1014	778
UniRef90_A0A0N5D6K0	44.36	1014	733
UniRef90_W4Z0C5	51.83	1014	602
UniRef90_A0A0N4ZVU2	35.26	1014	1026
UniRef90_UPI000643B31C	51.98	1014	952
UniRef90_UPI000643B31C	41.12	1014	952
UniRef90_UPI0006991BFD	34.49	1014	1119
UniRef90_A0A0N4W7E5	46.67	1014	935
UniRef90_A0A0N4W7E5	47.03	1014	935
UniRef90_A0A093FFK3	42.45	1014	651
UniRef90_G3T0M0	51.32	1014	615
UniRef90_A0A093I4D8	54.17	1014	931
UniRef90_A0A093I4D8	31.88	1014	931
UniRef90_UPI00062A8FDC	50.83	1014	667
UniRef90_A0A0K0JF88	53.17	1014	810
UniRef90_A0A0K0JF88	48.59	1014	810
UniRef90_A0A0K0E7B1	33.55	1014	1085
UniRef90_UPI0006B0C1CC	37.61	1014	1260
UniRef90_A0A087THX2	36.69	1014	1117
UniRef90_A0A090L0V7	34.35	1014	1077
UniRef90_A0A0K0ELU2	33.87	1014	1087
UniRef90_K1QL96	34.16	1014	1104
UniRef90_UPI0006D706D3	45.34	1014	990
UniRef90_A0A0K0EJ05	34.92	1014	1031
UniRef90_A0A0L8GPW6	37.60	1014	1308
UniRef90_K1R330	49.68	1014	489
UniRef90_UPI0003592723	37.35	1014	1112
UniRef90_A0A077Z4M9	45.71	1014	717
UniRef90_A0A077Z4M9	40.25	1014	717
UniRef90_K7V8Y8	39.84	1014	929
UniRef90_G1Q2S3	45.26	1014	1129
UniRef90_Q3TSU5	54.48	1014	583
UniRef90_H2M8T6	54.43	1014	493
UniRef90_A0A0K0F4I0	34.04	1014	1082
UniRef90_A0A067FJK9	39.90	1014	913
UniRef90_A0A090N028	34.33	1014	1085
UniRef90_A0A0C2CS89	39.36	1014	802
UniRef90_U5D7B5	40.47	1014	921
UniRef90_A0A0K0MBQ3	40.66	1014	733
UniRef90_A0A084VTK8	34.88	1014	1256
UniRef90_L7MFZ2	35.39	1014	1236
UniRef90_UPI0006CECEB8	36.45	1014	1140
UniRef90_A0A067QNP3	34.07	1014	1208
UniRef90_A0A0K8TAV1	34.34	1014	1124
UniRef90_UPI0006D51907	35.44	1014	1101
UniRef90_G1PC04	46.22	1014	952
UniRef90_G1PC04	33.88	1014	952
UniRef90_G4M0J4	34.25	1014	1207
UniRef90_B0W928	35.14	1014	1187
UniRef90_UPI0005232BB6	55.18	1014	494
UniRef90_T1JDE6	35.58	1014	1015
UniRef90_Q17CX9	35.30	1014	1174
UniRef90_Q7QH78	34.52	1014	1267
UniRef90_B7Q4P5	36.21	1014	805
UniRef90_H3A005	38.37	1014	826
UniRef90_W2TI80	54.98	1014	585
UniRef90_R4WDK2	31.83	1014	1103
UniRef90_A0A087ZYA7	35.54	1014	1013
UniRef90_UPI00052966CA	47.64	1014	471
UniRef90_UPI000258E12A	34.83	1014	1098
UniRef90_Q6V5C5	38.81	1014	915
UniRef90_E5SMC5	34.73	1014	1112
UniRef90_UPI0004AA6A4E	34.54	1014	992
UniRef90_A0A0C9R7P1	34.12	1014	1100
UniRef90_UPI000625F23F	35.14	1014	1098
UniRef90_S8D6A5	39.27	1014	917
UniRef90_H2T3V0	52.91	1014	574
UniRef90_A0A087UJA3	33.00	1014	1081
UniRef90_UPI00053267B1	54.79	1014	457
UniRef90_UPI0006261F8D	34.75	1014	1100
UniRef90_J9JLY2	35.16	1014	1017
UniRef90_E0VA20	33.01	1014	1204
UniRef90_H2NP77	38.34	1014	1081
UniRef90_H2NP77	43.17	1014	1081
UniRef90_K7J217	32.82	1014	1111
UniRef90_UPI0004CCA7B7	34.15	1014	1103
UniRef90_UPI0006C9AD82	34.17	1014	1111
UniRef90_H9JRV7	34.54	1014	1014
UniRef90_UPI00042C0FCD	43.20	1014	1115
UniRef90_UPI00042C0FCD	34.17	1014	1115
UniRef90_T1HKR4	35.06	1014	1043
UniRef90_E9G740	32.61	1014	1030
UniRef90_UPI0006C96735	33.88	1014	1111
UniRef90_B4JFC9	34.04	1014	1244
UniRef90_UPI0004548D58	42.63	1014	910
UniRef90_L5LJF6	47.76	1014	849
UniRef90_L5LJF6	44.78	1014	849
UniRef90_W8BKY7	33.84	1014	1246
UniRef90_D6WL14	32.58	1014	1147
UniRef90_UPI0005CE5D28	33.66	1014	1110
UniRef90_UPI00067DADE0	33.48	1014	1135
UniRef90_V5GSP3	32.44	1014	1167
UniRef90_UPI0006EAFEE4	34.01	1014	1132
UniRef90_N6TME6	34.14	1014	1025
UniRef90_UPI0003C37A42	32.98	1014	1267
UniRef90_O18497	33.18	1014	1130
UniRef90_F2U4D3	32.46	1014	1447
UniRef90_B4M4C9	31.05	1014	1256
UniRef90_UPI0006732ED7	33.09	1014	1257
UniRef90_A0A0B1TCU2	40.87	1014	829
UniRef90_B4NK70	32.80	1014	1249
UniRef90_T1L4M9	35.09	1014	1057
UniRef90_A0A0A1X9U7	32.83	1014	1243
UniRef90_B3M376	33.05	1014	1227
UniRef90_K1Q1N1	30.21	1014	1074
UniRef90_UPI00026579ED	33.41	1014	1166
UniRef90_H3G219	33.26	1014	1045
UniRef90_A0A0L0CGC9	32.69	1014	1272
UniRef90_A0A0M4EHK4	32.54	1014	1218
UniRef90_A0A075ACF1	46.41	1014	1167
UniRef90_A0A075ACF1	30.21	1014	1167
UniRef90_D8RZF2	37.32	1014	651
UniRef90_T1JDF3	32.33	1014	953
UniRef90_B4K676	31.37	1014	1267
UniRef90_Q9VF33	31.22	1014	1249
UniRef90_F7G2I4	46.63	1014	1112
UniRef90_B4DIK4	35.88	1014	778
UniRef90_U4UDM8	39.34	1014	892
UniRef90_U4UDM8	54.46	1014	892
UniRef90_A0A0L7LNU1	32.93	1014	706
UniRef90_G6DPI3	31.66	1014	1146
UniRef90_UPI0005C36EAF	33.77	1014	871
UniRef90_UPI00051EFC8D	55.03	1014	1080
UniRef90_UPI00051EFC8D	42.31	1014	1080
UniRef90_Q296D2	32.39	1014	1263
UniRef90_A0A0L7KXH8	33.22	1014	1025
UniRef90_V9KW73	53.89	1014	464
UniRef90_UPI0005223AD0	48.00	1014	454
UniRef90_A0A078CU04	53.87	1014	513
UniRef90_A0A096M9H8	52.85	1014	450
UniRef90_UPI000441C1D2	34.70	1014	759
UniRef90_A0A095AGN9	43.91	1014	1171
UniRef90_G3UQ40	33.11	1014	1052
UniRef90_UPI00052E8D82	59.39	1014	486
UniRef90_UPI00052E8D82	40.15	1014	486
UniRef90_U1NBY1	32.34	1014	972
UniRef90_J9AUM0	53.61	1014	340
UniRef90_UPI000643B947	48.22	1014	1176
UniRef90_UPI000643B947	37.17	1014	1176
UniRef90_UPI0005289C34	55.10	1014	365
UniRef90_Q07G39	54.14	1014	442
UniRef90_UPI000674AE80	44.71	1014	1107
UniRef90_UPI000388B282	57.93	1014	330
UniRef90_UPI0004F49F16	35.20	1014	756
UniRef90_A8XFK8	30.80	1014	1084
UniRef90_A0A0K2T1Y6	33.89	1014	953
UniRef90_A0A0A9YKH1	32.66	1014	878
UniRef90_A0A0H5RPJ4	32.31	1014	1108
UniRef90_A0A0N5DIW2	51.35	1014	615
UniRef90_A0A0N4VEE4	31.00	1014	997
UniRef90_UPI0006B09E1B	35.62	1014	849
UniRef90_A0A0N4ZBQ4	39.43	1014	1039
UniRef90_A0A0N4ZBQ4	37.82	1014	1039
UniRef90_E3LVI0	31.99	1014	1138
UniRef90_A0A0B2RPJ3	53.82	1014	605
UniRef90_W4WCN8	33.13	1014	877
UniRef90_UPI00064D5BB7	35.57	1014	1091
UniRef90_UPI00064D5BB7	48.86	1014	1091
UniRef90_M7C686	37.59	1014	963
UniRef90_M7C686	45.28	1014	963
UniRef90_A0A0G2DA80	53.29	1014	949
UniRef90_A0A0G2DA80	39.23	1014	949
UniRef90_A0A093H0E7	38.51	1014	759
UniRef90_A0A0M9A232	34.21	1014	1134
UniRef90_B4NK68	30.86	1014	1494
UniRef90_Q7TP82	37.98	1014	563
UniRef90_A0A0L0DWA8	31.42	1014	1076
UniRef90_A0A0G4IZS1	32.13	1014	1091
UniRef90_A0A0N4ZW48	40.88	1014	440
UniRef90_UPI0004A423F1	49.85	1014	1025
UniRef90_UPI0004A423F1	35.48	1014	1025
UniRef90_O01574	30.94	1014	1064
UniRef90_UPI0004422FC4	56.30	1014	400
UniRef90_A0A0N5D1I4	40.36	1014	490
UniRef90_UPI0006D4F292	58.24	1014	277
UniRef90_UPI0005216FC1	55.51	1014	368
UniRef90_A0A0F5CR31	29.98	1014	1079
UniRef90_T1H555	36.70	1014	940
UniRef90_T1H555	34.48	1014	940
UniRef90_UPI0005EF84EA	54.21	1014	432
UniRef90_L5L4C2	54.21	1014	399
UniRef90_B4GFB4	30.78	1014	1028
UniRef90_A0A0N5A8W6	39.53	1014	663
UniRef90_UPI0004F09ACB	55.06	1014	325
UniRef90_UPI0005290F95	54.74	1014	276
UniRef90_L8HEV2	31.49	1014	1332
UniRef90_L5L3H3	35.52	1014	817
UniRef90_S4RM94	38.83	1014	745
UniRef90_S4RMA3	53.11	1014	364
UniRef90_A0A091PCQ6	37.07	1014	560
UniRef90_UPI000549A549	43.71	1014	296
UniRef90_A0A0B2VYG1	39.03	1014	699
UniRef90_UPI0003F0DDBF	53.24	1014	555
UniRef90_E1FYU5	37.50	1014	444
UniRef90_UPI00053A8AF3	35.47	1014	1080
UniRef90_UPI00053A8AF3	47.95	1014	1080
UniRef90_V4KME6	29.50	1014	1026
UniRef90_A0A0N4YBC4	28.06	1014	1014
UniRef90_T1EKE3	42.11	1014	354
UniRef90_T1G7A6	41.27	1014	390
UniRef90_R7U489	33.52	1014	806
UniRef90_UPI0006EAF39B	26.73	1014	990
UniRef90_UPI000521747F	38.11	1014	608
UniRef90_A0A0K8U5V3	41.87	1014	375
UniRef90_A0A087GEH3	28.98	1014	1035
UniRef90_Q24451	99.90	1014	1108
UniRef90_B3M057	87.67	1014	1104
UniRef90_Q29BM2	82.15	1014	1104
UniRef90_B4JEK9	76.74	1014	1116
UniRef90_B4LW20	77.45	1014	1116
UniRef90_B4K4Z8	78.02	1014	1118
UniRef90_B4N8V8	78.56	1014	1110
UniRef90_A0A0M4ERB8	76.89	1014	1114
UniRef90_UPI0003C35002	64.99	1014	1152
UniRef90_UPI0006735E61	65.28	1014	1148
UniRef90_A0A0A1X4Y7	67.12	1014	1127
UniRef90_A0A0L0C6C3	64.86	1014	1145
UniRef90_W8BNH3	66.54	1014	1124
UniRef90_F1NXU9	39.77	1014	1147
UniRef90_UPI0005D0756E	39.90	1014	1080
UniRef90_G1NE21	39.68	1014	1112
UniRef90_F6RWB3	39.60	1014	1179
UniRef90_UPI0006B0A1D1	38.81	1014	1176
UniRef90_UPI0006B0F520	38.19	1014	1200
UniRef90_K7FRM1	38.23	1014	1153
UniRef90_UPI00063F329F	40.29	1014	1142
UniRef90_P49641	39.98	1014	1150
UniRef90_UPI0003D0D0FD	38.70	1014	1153
UniRef90_G1PM21	39.96	1014	1099
UniRef90_A0A0F7Z814	38.74	1014	1154
UniRef90_E7EYL2	39.45	1014	1151
UniRef90_F1P9C4	39.48	1014	1107
UniRef90_Q16706	40.34	1014	1144
UniRef90_UPI000523D3A5	37.60	1014	1171
UniRef90_W5MWN5	38.55	1014	1151
UniRef90_H9GC89	38.45	1014	1152
UniRef90_UPI0003336DC9	39.87	1014	1145
UniRef90_UPI00064445BF	39.29	1014	1153
UniRef90_U3JDK3	37.74	1014	1114
UniRef90_H3B7Y1	38.78	1014	1152
UniRef90_UPI0004BE8395	37.50	1014	1215
UniRef90_F6VHV0	40.04	1014	1091
UniRef90_H9G8Z8	39.22	1014	1168
UniRef90_A0A0F7ZE24	38.88	1014	1151
UniRef90_UPI0003ADD2E5	38.81	1014	1175
UniRef90_UPI0003505C53	39.84	1014	1225
UniRef90_UPI0004438C80	39.52	1014	1144
UniRef90_H0YRU7	38.45	1014	1106
UniRef90_UPI0005764719	39.04	1014	1192
UniRef90_UPI00033191BD	39.79	1014	1151
UniRef90_UPI0004F49779	38.60	1014	1174
UniRef90_B0WS34	58.46	1014	1131
UniRef90_UPI00033453D3	39.20	1014	1145
UniRef90_H0VA31	39.60	1014	1146
UniRef90_UPI0007044D2A	39.05	1014	1175
UniRef90_UPI0003330C89	39.35	1014	1116
UniRef90_D4A4J3	38.79	1014	1164
UniRef90_P27046	39.62	1014	1150
UniRef90_UPI0003C90003	39.94	1014	1149
UniRef90_UPI000575EF83	39.01	1014	1153
UniRef90_UPI000223383A	39.87	1014	1145
UniRef90_UPI000440AC67	39.39	1014	1168
UniRef90_F1NKR1	37.65	1014	1153
UniRef90_A0A060XKT0	38.73	1014	1149
UniRef90_Q16NG2	57.71	1014	1139
UniRef90_UPI0004573A83	38.74	1014	1154
UniRef90_UPI00049560B0	38.78	1014	1152
UniRef90_UPI0006EAE11D	37.84	1014	1157
UniRef90_UPI0006524916	39.54	1014	1150
UniRef90_UPI00038EF7ED	38.97	1014	1146
UniRef90_G3PC84	38.78	1014	1154
UniRef90_U5EZM2	55.45	1014	1125
UniRef90_UPI0004D0ABBB	38.72	1014	1146
UniRef90_A0A091DVX3	38.32	1014	2128
UniRef90_UPI00038BF2F2	40.06	1014	1144
UniRef90_UPI00018AC0AD	39.98	1014	1147
UniRef90_UPI00046B1631	39.73	1014	1144
UniRef90_L5KLA4	39.77	1014	1145
UniRef90_UPI0004574B1B	38.17	1014	1149
UniRef90_UPI000350411D	38.81	1014	1243
UniRef90_M3ZF75	39.01	1014	1152
UniRef90_UPI000350F67C	39.41	1014	1110
UniRef90_G1SJN5	39.81	1014	1127
UniRef90_F1RM55	39.20	1014	1144
UniRef90_W5LDY9	38.53	1014	1176
UniRef90_UPI0003503813	37.84	1014	1279
UniRef90_H2RNE7	38.86	1014	1154
UniRef90_A0A060WFD6	39.70	1014	1158
UniRef90_UPI00053F784A	38.68	1014	1175
UniRef90_UPI00032973DC	38.05	1014	1178
UniRef90_UPI0003317CB1	39.01	1014	1116
UniRef90_UPI0003506BB1	37.72	1014	1285
UniRef90_UPI0004ED3DEC	39.27	1014	1142
UniRef90_A9UM36	38.87	1014	1150
UniRef90_F7BEM8	39.71	1014	1145
UniRef90_A0A067R639	45.50	1014	1126
UniRef90_UPI000328C5A4	38.98	1014	1142
UniRef90_UPI0006441380	39.22	1014	1153
UniRef90_UPI00035072E2	37.76	1014	1275
UniRef90_F7ENS1	39.51	1014	1149
UniRef90_W5JK63	55.35	1014	1143
UniRef90_W5ND78	38.06	1014	1153
UniRef90_UPI0003506CCA	36.83	1014	1311
UniRef90_Q7PMM6	57.10	1014	1139
UniRef90_G1SH08	39.98	1014	1189
UniRef90_F1N7T2	38.47	1014	1145
UniRef90_H2M8T5	39.73	1014	1155
UniRef90_UPI000698E2F0	39.69	1014	1152
UniRef90_F6SBF5	40.77	1014	1066
UniRef90_W5ND75	37.21	1014	1177
UniRef90_U3IVC1	37.58	1014	1115
UniRef90_W5KHA1	38.92	1014	1153
UniRef90_A0A091EF23	40.95	1014	932
UniRef90_UPI0006443286	41.56	1014	1094
UniRef90_D6WTA9	46.06	1014	1133
UniRef90_A2CED8	39.72	1014	1100
UniRef90_A0A084VTM1	56.56	1014	1116
UniRef90_H0XDS9	40.34	1014	1158
UniRef90_UPI0005FC20DC	37.77	1014	1133
UniRef90_UPI0001D55B9F	38.93	1014	1177
UniRef90_UPI00065E5681	38.11	1014	1095
UniRef90_UPI000625E08F	44.01	1014	1135
UniRef90_I3MUT2	38.85	1014	1148
UniRef90_F7EHM7	39.63	1014	1151
UniRef90_A0A0C9R4X5	44.81	1014	1134
UniRef90_K7J1I1	43.72	1014	1131
UniRef90_A0A026WXN3	44.33	1014	1140
UniRef90_H9H5G2	38.05	1014	1145
UniRef90_UPI0006B212B1	36.81	1014	1123
UniRef90_E9IUM4	44.09	1014	1090
UniRef90_E2C820	44.64	1014	1130
UniRef90_A0A087ZZQ3	43.47	1014	1134
UniRef90_UPI00045E1FD4	38.17	1014	1103
UniRef90_UPI000673EF3A	38.66	1014	1149
UniRef90_V8NNT9	36.83	1014	1091
UniRef90_E2AKY7	44.10	1014	1134
UniRef90_UPI000496FD89	38.09	1014	1141
UniRef90_UPI00063F71A9	44.28	1014	1132
UniRef90_UPI0002A4B494	39.18	1014	1139
UniRef90_A0A0F8AB00	37.78	1014	2143
UniRef90_A0A091HL83	37.09	1014	1055
UniRef90_M3ZSA6	39.29	1014	1141
UniRef90_UPI000258E329	42.76	1014	1134
UniRef90_UPI00062564BD	42.56	1014	1142
UniRef90_UPI00046BB5AF	37.32	1014	1082
UniRef90_R7UWP9	40.54	1014	1021
UniRef90_UPI0005F47B35	37.17	1014	1153
UniRef90_UPI00048BCF13	43.54	1014	1211
UniRef90_Q4S7D3	41.60	1014	1152
UniRef90_G3PS01	38.22	1014	1151
UniRef90_UPI0004CD148E	43.04	1014	1133
UniRef90_H2T3U9	37.99	1014	1157
UniRef90_UPI000350EF85	37.36	1014	1108
UniRef90_A0A0K8TKX1	58.48	1014	983
UniRef90_UPI0006C96AD3	43.34	1014	1130
UniRef90_G7MVI7	39.04	1014	1106
UniRef90_UPI00062AB36F	38.42	1014	1029
UniRef90_UPI0006B35975	38.66	1014	1142
UniRef90_UPI0005CF1C14	42.19	1014	1131
UniRef90_UPI00042C17AE	37.94	1014	1023
UniRef90_UPI0006C94E8F	43.05	1014	1124
UniRef90_UPI0003F0A15C	36.42	1014	1103
UniRef90_UPI00054B1A69	37.43	1014	1150
UniRef90_UPI0006B0EFC1	38.51	1014	1173
UniRef90_A0A091UNZ9	43.17	1014	863
UniRef90_U3IC46	36.99	1014	1092
UniRef90_A0A091VEP1	42.53	1014	862
UniRef90_H3DQS3	37.84	1014	1156
UniRef90_A0A091G9B6	42.15	1014	947
UniRef90_R0LK57	35.92	1014	1126
UniRef90_F6RMI2	39.37	1014	1158
UniRef90_N6TR79	45.48	1014	1118
UniRef90_UPI0006D4CCA7	43.36	1014	1078
UniRef90_UPI0006D4D34B	43.80	1014	1078
UniRef90_UPI00042C984B	43.17	1014	1173
UniRef90_UPI00042C984B	14.81	1014	1173
UniRef90_UPI0002B436D8	38.32	1014	1126
UniRef90_T2MD74	38.88	1014	1130
UniRef90_V8NLC3	36.22	1014	1035
UniRef90_A0A023F1Z6	43.95	1014	1097
UniRef90_UPI0005D0E7F4	42.88	1014	1168
UniRef90_H2YSQ4	39.07	1014	1032
UniRef90_UPI0005F3C046	36.16	1014	1159
UniRef90_V4AK03	37.82	1014	1026
UniRef90_L7M0U6	38.68	1014	1167
UniRef90_B3S7R6	37.76	1014	1113
UniRef90_UPI0003C115BB	35.05	1014	1092
UniRef90_UPI0006D726FA	37.10	1014	1039
UniRef90_UPI0006CEFFBC	42.45	1014	1101
UniRef90_UPI0004A2D611	36.80	1014	1012
UniRef90_UPI00042C0FCD	35.67	1014	1115
UniRef90_T1HHY4	44.19	1014	985
UniRef90_M3YMC4	37.13	1014	1143
UniRef90_H2NP77	35.59	1014	1081
UniRef90_UPI00032AE85E	38.36	1014	1081
UniRef90_A0A093C5W5	39.91	1014	884
UniRef90_H2YSQ5	38.51	1014	1044
UniRef90_E0VV82	43.76	1014	1057
UniRef90_A0A016VJD1	38.59	1014	1150
UniRef90_A0A0N5ARF2	37.56	1014	1125
UniRef90_UPI0004D063ED	40.48	1014	920
UniRef90_I1GZC6	36.22	1014	1176
UniRef90_UPI00057B260A	36.71	1014	1168
UniRef90_UPI000521321A	34.67	1014	1012
UniRef90_I1N5Z3	36.77	1014	1155
UniRef90_G6CYB3	41.63	1014	1116
UniRef90_UPI00053CA00A	36.42	1014	1158
UniRef90_H9J6K0	40.75	1014	1027
UniRef90_K3XUW2	36.54	1014	1183
UniRef90_A9RI14	37.56	1014	1138
UniRef90_UPI000678FDAF	41.77	1014	1160
UniRef90_U6PPC9	38.09	1014	1170
UniRef90_G3W200	36.91	1014	1147
UniRef90_F6HV68	37.40	1014	1149
UniRef90_UPI00057AA063	37.28	1014	1173
UniRef90_B7PF17	40.17	1014	1029
UniRef90_UPI0002C32FBB	37.02	1014	1160
UniRef90_W9QPL1	36.59	1014	1158
UniRef90_A0A0J8FRU5	37.27	1014	1169
UniRef90_A0A061EEA0	38.06	1014	1163
UniRef90_B9RUH3	37.43	1014	1180
UniRef90_U1M0C0	38.67	1014	1214
UniRef90_A0A022RY86	37.78	1014	1156
UniRef90_V4UBR9	37.34	1014	1167
UniRef90_UPI00064D5BB7	34.22	1014	1091
UniRef90_UPI00067CBCBE	41.35	1014	1168
UniRef90_G7KJH1	36.29	1014	1150
UniRef90_UPI00051239BA	36.10	1014	1172
UniRef90_T1IZI9	39.08	1014	1084
UniRef90_J9K9U5	40.41	1014	1120
UniRef90_M0ZLV4	36.65	1014	1151
UniRef90_A0A067LDV3	36.96	1014	1174
UniRef90_A0A0D2NKU8	36.69	1014	1165
UniRef90_B9IJP2	37.58	1014	1175
UniRef90_A0A068U3I8	36.42	1014	1156
UniRef90_UPI00052E93CF	36.90	1014	1159
UniRef90_A0A0D2QW38	36.75	1014	1167
UniRef90_UPI0005811A32	36.73	1014	1170
UniRef90_M5XBJ9	37.02	1014	1163
UniRef90_A0A0A0LFD6	37.28	1014	1160
UniRef90_M4E3Z3	36.52	1014	1171
UniRef90_UPI0003ACBF80	40.13	1014	1121
UniRef90_F2UDZ5	38.94	1014	1203
UniRef90_Q9LFR0	36.24	1014	1173
UniRef90_B8B4H4	35.89	1014	1150
UniRef90_M4CPY6	36.12	1014	1171
UniRef90_G0NGX4	37.81	1014	1148
UniRef90_A0A0F5CGG8	37.80	1014	1056
UniRef90_Q2PJ74	37.20	1014	1145
UniRef90_UPI000161C58E	38.85	1014	1202
UniRef90_L9KNT2	42.15	1014	1261
UniRef90_L9KNT2	33.33	1014	1261
UniRef90_A0A059AGP2	37.24	1014	1164
UniRef90_A0A044RKX4	37.22	1014	1207
UniRef90_A0A091PRJ5	42.08	1014	813
UniRef90_E3LPV2	36.73	1014	1148
UniRef90_H2W6S4	37.36	1014	1140
UniRef90_J0XHH0	37.93	1014	1203
UniRef90_UPI0006D5267E	39.56	1014	1057
UniRef90_UPI000440323D	43.26	1014	1048
UniRef90_A0A0K9PAG7	37.23	1014	1182
UniRef90_M0TE13	35.73	1014	1142
UniRef90_A0A060XG21	39.01	1014	913
UniRef90_UPI000644D140	36.13	1014	1129
UniRef90_D8SD28	37.40	1014	1061
UniRef90_A0A0D8XH54	38.87	1014	1126
UniRef90_UPI0006967A6B	34.92	1014	1142
UniRef90_A8Y462	36.60	1014	1153
UniRef90_A0A085N898	37.66	1014	1196
UniRef90_A0A0D2VPM1	33.66	1014	1249
UniRef90_M7ZK00	35.71	1014	1059
UniRef90_T1EF56	39.47	1014	1047
UniRef90_UPI0004973F11	41.89	1014	961
UniRef90_A7S628	40.87	1014	950
UniRef90_G7JJU9	35.07	1014	1137
UniRef90_S9XIJ1	37.47	1014	934
UniRef90_UPI000359D605	41.29	1014	1042
UniRef90_UPI000441D033	41.24	1014	833
UniRef90_A0A067QNP3	30.33	1014	1208
UniRef90_UPI000258E12A	30.36	1014	1098
UniRef90_R4WDK2	30.14	1014	1103
UniRef90_D8TD14	35.55	1014	975
UniRef90_A0A087ZYA7	31.43	1014	1013
UniRef90_UPI0006261F8D	31.38	1014	1100
UniRef90_UPI00052EF2F3	25.55	1014	1017
UniRef90_Q17CX9	30.30	1014	1174
UniRef90_A0A0K8TAV1	30.35	1014	1124
UniRef90_K7J217	30.98	1014	1111
UniRef90_UPI00026594A0	36.63	1014	1095
UniRef90_UPI0006CECEB8	32.37	1014	1140
UniRef90_UPI0006D51907	30.42	1014	1101
UniRef90_A0A0K0FV97	35.20	1014	1215
UniRef90_UPI0006C96735	30.67	1014	1111
UniRef90_UPI0004CCA7B7	30.88	1014	1103
UniRef90_B0W928	30.89	1014	1187
UniRef90_T1K631	36.93	1014	1104
UniRef90_B4NK70	28.61	1014	1249
UniRef90_B4JFC9	29.24	1014	1244
UniRef90_UPI00052ED086	25.36	1014	1018
UniRef90_UPI000625F23F	31.04	1014	1098
UniRef90_Q9VF33	27.51	1014	1249
UniRef90_B3M376	28.69	1014	1227
UniRef90_UPI0006C9AD82	30.12	1014	1111
UniRef90_A0A0C9R7P1	31.46	1014	1100
UniRef90_A0A090LPM6	35.05	1014	1218
UniRef90_V5GSP3	28.14	1014	1167
UniRef90_A0A0K0DY09	35.06	1014	1483
UniRef90_H0YNG5	41.60	1014	938
UniRef90_T1JDE6	30.91	1014	1015
UniRef90_UPI0006B0C1CC	32.96	1014	1260
UniRef90_UPI0006991BFD	32.14	1014	1119
UniRef90_UPI0003596BD9	41.32	1014	1208
UniRef90_UPI0003596BD9	31.15	1014	1208
UniRef90_B4M4C9	29.30	1014	1256
UniRef90_A0A0J8C3L6	25.87	1014	1012
UniRef90_UPI0005CE5D28	30.13	1014	1110
UniRef90_A0A084VTK8	31.79	1014	1256
UniRef90_A0A061EDE6	24.86	1014	1018
UniRef90_A0A0M4EHK4	29.58	1014	1218
UniRef90_A0A0N4ZHV9	36.15	1014	1170
UniRef90_A0A0D6M2A3	41.95	1014	911
UniRef90_I1MN42	24.57	1014	1012
UniRef90_UPI000520337F	25.36	1014	1006
UniRef90_V7CDC2	24.86	1014	1012
UniRef90_UPI0005D01873	42.86	1014	884
UniRef90_E0VA20	28.87	1014	1204
UniRef90_A0A0N5A649	34.84	1014	1100
UniRef90_F6RQ29	41.72	1014	907
UniRef90_A0A022QZB0	24.90	1014	1029
UniRef90_UPI0005817209	24.30	1014	1014
UniRef90_A0A067L081	25.02	1014	1015
UniRef90_B4K676	29.41	1014	1267
UniRef90_Q7QH78	31.29	1014	1267
UniRef90_A0A0D2V3Q5	24.74	1014	1025
UniRef90_UPI0003C37A42	28.66	1014	1267
UniRef90_D7SVH7	24.47	1014	1025
UniRef90_A0A068U121	25.14	1014	1009
UniRef90_UPI0004AA6A4E	31.36	1014	992
UniRef90_D6WL14	28.26	1014	1147
UniRef90_UPI0002C33786	24.21	1014	1022
UniRef90_I3KB85	42.05	1014	901
UniRef90_A0A067LBI4	24.93	1014	1026
UniRef90_W1PGE1	24.64	1014	1020
UniRef90_A0A061EEW8	24.78	1014	1015
UniRef90_A0A0A1X9U7	29.35	1014	1243
UniRef90_J9JLY2	31.81	1014	1017
UniRef90_UPI0006732ED7	28.53	1014	1257
UniRef90_W8BKY7	29.41	1014	1246
UniRef90_UPI0003D779A9	24.64	1014	1019
UniRef90_S5MHI9	24.36	1014	1024
UniRef90_K4BAN8	24.93	1014	1009
UniRef90_A0A0A0KQH6	24.38	1014	1020
UniRef90_UPI0002C2E73C	24.76	1014	1015
UniRef90_Q296D2	28.01	1014	1263
UniRef90_G7LB83	25.12	1014	1018
UniRef90_A0A059AHM8	25.05	1014	1011
UniRef90_M5WXQ9	24.19	1014	1014
UniRef90_D7SH72	24.95	1014	1009
UniRef90_W9SCX2	24.57	1014	1011
UniRef90_M5WR08	24.23	1014	1027
UniRef90_A0A061DGJ7	24.78	1014	1012
UniRef90_UPI0005817387	24.35	1014	1038
UniRef90_I1JXQ5	24.21	1014	1011
UniRef90_L7RZF3	23.78	1014	1024
UniRef90_UPI00065BB5F8	32.95	1014	1094
UniRef90_U5G4R2	23.93	1014	1011
UniRef90_UPI0005812905	25.12	1014	1019
UniRef90_A0A087GEH3	25.05	1014	1035
UniRef90_V4A535	32.74	1014	972
UniRef90_UPI0002C30C3B	24.36	1014	1010
UniRef90_I1ILG4	24.15	1014	1019
UniRef90_B9I3Z3	25.36	1014	1012
UniRef90_C5Y397	24.21	1014	1019
UniRef90_A0A0L0CGC9	28.19	1014	1272
UniRef90_G7KX96	24.36	1014	1022
UniRef90_A0A059AP45	24.04	1014	1016
UniRef90_A0A0D2MHN3	24.78	1014	1007
UniRef90_H2YSQ6	43.92	1014	781
UniRef90_UPI0004E574E8	24.57	1014	1000
UniRef90_A0A061FZY0	24.30	1014	1010
UniRef90_UPI0006748E6E	31.77	1014	1083
UniRef90_UPI0004989468	23.78	1014	1021
UniRef90_B9RA69	24.40	1014	1012
UniRef90_UPI00053C0C83	25.14	1014	1017
UniRef90_F6GWL5	24.86	1014	995
UniRef90_M0TWG0	23.66	1014	1108
UniRef90_A0A067JSM6	24.35	1014	1011
UniRef90_UPI00052EF137	23.64	1014	1011
UniRef90_I1ML97	23.97	1014	1030
UniRef90_A0A068TQU2	23.90	1014	1018
UniRef90_UPI00032AA8F8	24.18	1014	1012
UniRef90_UPI00032A6C75	24.07	1014	1020
UniRef90_A0A067EK31	24.21	1014	1010
UniRef90_E0XN34	24.52	1014	1028
UniRef90_D7SVH6	25.02	1014	1013
UniRef90_UPI0004E55350	24.27	1014	1024
UniRef90_V4KME6	25.35	1014	1026
UniRef90_A0A0J8C023	25.74	1014	1018
UniRef90_UPI00058144D8	24.07	1014	1012
UniRef90_UPI00063AC7A0	24.43	1014	1009
UniRef90_UPI0005CAF480	23.60	1014	1021
UniRef90_A0A059AIE5	24.10	1014	1008
UniRef90_R0GNA6	25.55	1014	1032
UniRef90_G7KX95	24.19	1014	1061
UniRef90_A0A067LFA1	24.40	1014	1007
UniRef90_Q9FKW9	24.70	1014	1047
UniRef90_I1N814	24.38	1014	1024
UniRef90_I1J8K1	24.21	1014	1004
UniRef90_A0A0K9RLN6	25.00	1014	1024
UniRef90_M4F7X2	25.31	1014	1151
UniRef90_M5VTF5	24.21	1014	1015
UniRef90_L7MFZ2	31.30	1014	1236
UniRef90_B9RGY0	24.33	1014	1016
UniRef90_J3N0U7	24.45	1014	996
UniRef90_E4Y0C3	33.43	1014	1127
UniRef90_UPI0005C8900C	23.81	1014	1000
UniRef90_G7J3A3	24.11	1014	1016
UniRef90_A0A022QU14	24.45	1014	1017
UniRef90_Q10A56	24.04	1014	1004
UniRef90_A0A096SXV5	23.61	1014	1036
UniRef90_A0A0A9XUQ5	41.44	1014	934
UniRef90_A0A087THX2	31.95	1014	1117
UniRef90_UPI00053AEFD1	25.40	1014	1040
UniRef90_N6TME6	29.51	1014	1025
UniRef90_W5AWP3	25.62	1014	1019
UniRef90_UPI0005D3346D	24.81	1014	1005
UniRef90_Q2R3E0	23.18	1014	1020
UniRef90_B9IA60	24.64	1014	1009
UniRef90_UPI0005C7E912	25.21	1014	1006
UniRef90_A0A0D2QRX6	23.64	1014	1008
UniRef90_Q8LPJ3	24.52	1014	1024
UniRef90_T1HKR4	30.60	1014	1043
UniRef90_M4E8W9	25.24	1014	1021
UniRef90_A0A078G005	24.61	1014	1172
UniRef90_C5WP48	24.83	1014	1007
UniRef90_I1ILG3	24.28	1014	1011
UniRef90_A0A0A0KMH9	24.02	1014	1007
UniRef90_A0A059A340	24.05	1014	1013
UniRef90_A0A0L9UEV9	23.23	1014	1038
UniRef90_S8EH61	24.26	1014	1017
UniRef90_A0A0B2RW38	23.60	1014	1035
UniRef90_V4U2U0	25.18	1014	973
UniRef90_A0A0L9TD40	24.76	1014	969
UniRef90_UPI000498D275	23.73	1014	1000
UniRef90_M0U935	23.66	1014	1008
UniRef90_B9GNG2	25.05	1014	1020
UniRef90_S8EH80	23.82	1014	953
UniRef90_A0A0J7KHF7	45.31	1014	848
UniRef90_A0A061FYP2	23.91	1014	988
UniRef90_A0A0K9QHW5	24.35	1014	1008
UniRef90_UPI000510A2CE	23.84	1014	1020
UniRef90_F6GTP5	24.55	1014	1003
UniRef90_B9RGY1	24.37	1014	977
UniRef90_UPI0005CA82C1	22.70	1014	1063
UniRef90_T1JDF3	30.89	1014	953
UniRef90_A0A0K9Q1F5	24.40	1014	1011
UniRef90_UPI00053C5848	23.56	1014	1016
UniRef90_O18497	29.34	1014	1130
UniRef90_Q4TB39	36.85	1014	839
UniRef90_I1I2Y9	23.63	1014	998
UniRef90_A0A067EJ88	23.41	1014	990
UniRef90_A0A0E0IPD6	24.65	1014	960
UniRef90_A0A068V8D6	26.58	1014	931
UniRef90_K4A5A2	24.30	1014	1013
UniRef90_W5AA52	23.39	1014	999
UniRef90_W5KXN4	22.68	1014	988
UniRef90_A0A0E0MFW0	23.87	1014	1040
UniRef90_A0A0J8F1U7	24.21	1014	1022
UniRef90_A0A078CZJ1	23.74	1014	1065
UniRef90_M0TLF4	24.07	1014	1077
UniRef90_A9SWM3	24.17	1014	992
UniRef90_G3UQ40	29.31	1014	1052
UniRef90_UPI0005D0CB8D	23.44	1014	1006
UniRef90_C0HJB3	24.57	1014	981
UniRef90_UPI00067DADE0	28.78	1014	1135
UniRef90_D8QZD8	25.55	1014	998
UniRef90_UPI0005C837ED	23.34	1014	1028
UniRef90_M3ZDS7	22.65	1014	985
UniRef90_A0A0E0MFW1	23.58	1014	1010
UniRef90_E9G740	30.38	1014	1030
UniRef90_UPI00064439D5	22.14	1014	987
UniRef90_UPI0006B3C151	23.07	1014	993
UniRef90_Q58EM3	22.48	1014	982
UniRef90_K1QL96	31.32	1014	1104
UniRef90_W1NSD0	24.24	1014	976
UniRef90_UPI00057B6660	23.65	1014	971
UniRef90_M7YI35	23.03	1014	1033
UniRef90_H9G8J8	22.04	1014	1002
UniRef90_UPI000442088B	22.96	1014	997
UniRef90_I3IV74	21.94	1014	989
UniRef90_A0A0F8AN86	22.28	1014	990
UniRef90_G3WTP2	23.75	1014	1027
UniRef90_UPI0003D0B03F	22.82	1014	985
UniRef90_P49641-2	42.18	1014	796
UniRef90_UPI00038BC1D7	22.94	1014	1014
UniRef90_O00754	22.57	1014	1011
UniRef90_L8YDF3	23.24	1014	1072
UniRef90_UPI0003F0BDE8	23.13	1014	1040
UniRef90_A0A068XT99	32.92	1014	1110
UniRef90_Q8BRK9-2	43.34	1014	827
UniRef90_A0A0N4Z6W4	33.40	1014	990
UniRef90_G3N4S6	22.85	1014	989
UniRef90_S4RY66	22.29	1014	998
UniRef90_W5UCS5	22.54	1014	986
UniRef90_UPI0003F0F976	22.49	1014	1015
UniRef90_UPI000644C64B	22.81	1014	989
UniRef90_T1DKJ8	23.67	1014	982
UniRef90_A9SGT5	23.40	1014	1090
