UniRef90_A4WCI8	95.02	221	222
UniRef90_U3TXG1	88.99	221	221
UniRef90_B2VII2	88.53	221	221
UniRef90_A7FJL1	89.55	221	220
UniRef90_Q2NUE3	85.45	221	221
UniRef90_A0A085GJA4	90.37	221	221
UniRef90_Q6D3N3	88.18	221	220
UniRef90_A0A0B2WDD9	87.73	221	220
UniRef90_E9CKV4	88.02	221	222
UniRef90_C5BCL9	86.76	221	220
UniRef90_B6XIM9	87.61	221	219
UniRef90_I0QU75	85.84	221	220
UniRef90_A0A0G3CP79	84.86	221	222
UniRef90_A0A0A2WLG2	90.32	221	928
UniRef90_UPI00048F351D	84.33	221	222
UniRef90_A0A094UBB2	86.24	221	219
UniRef90_UPI0004B9766C	83.64	221	221
UniRef90_R4I1T1	80.65	221	220
UniRef90_Q7N6K7	86.70	221	219
UniRef90_U3U9K4	78.14	221	221
UniRef90_D2TY99	80.09	221	227
UniRef90_A0A085HKD9	81.74	221	223
UniRef90_A0A0J8YU83	83.94	221	221
UniRef90_UPI00022CAAFB	76.04	221	218
UniRef90_X2H0Q2	74.31	221	219
UniRef90_A0A088NB40	75.80	221	220
UniRef90_A0A0A7S5E0	77.42	221	219
UniRef90_J3TZ70	71.69	221	221
UniRef90_C4LDE6	73.58	221	216
UniRef90_E0WTM2	75.34	221	234
UniRef90_Q1ZPZ6	71.43	221	217
UniRef90_U4DUC1	70.18	221	217
UniRef90_C4K3L4	73.95	221	220
UniRef90_A0A0K2BL66	72.60	221	221
UniRef90_Q1LT77	76.28	221	220
UniRef90_C9P754	71.30	221	217
UniRef90_R8AVT9	72.81	221	218
UniRef90_Q6LQL4	70.97	221	217
UniRef90_A0A0B8Q982	70.51	221	217
UniRef90_UPI000393CAF0	71.76	221	218
UniRef90_A0A0E3Y7R0	69.30	221	217
UniRef90_D0Z1Y6	72.22	221	217
UniRef90_UPI0003635813	71.70	221	212
UniRef90_B8K6X2	69.59	221	217
UniRef90_UPI0004E1784A	71.70	221	215
UniRef90_A6F7X9	72.17	221	216
UniRef90_Q9KLX5	70.51	221	217
UniRef90_UPI00037A6D35	71.70	221	216
UniRef90_E1SP88	69.95	221	211
UniRef90_V5F0H9	69.01	221	217
UniRef90_A0KIN6	71.89	221	218
UniRef90_A0A0F5VAQ5	69.59	221	217
UniRef90_UPI0003B459E0	68.87	221	217
UniRef90_A4BBH4	69.48	221	211
UniRef90_A0A0A7EK90	71.70	221	213
UniRef90_A0Z6H9	67.44	221	235
UniRef90_U1KL57	70.28	221	213
UniRef90_Q07YB6	69.34	221	222
UniRef90_J1QFR8	70.75	221	213
UniRef90_A0A0F5ZVE0	67.59	221	217
UniRef90_A0A0F5ASX1	67.28	221	218
UniRef90_UPI0005A95354	71.76	221	220
UniRef90_A0A0M2VDI7	68.40	221	212
UniRef90_A0A0A0SX38	68.40	221	212
UniRef90_UPI000314B88B	69.34	221	218
UniRef90_I1DWR4	68.87	221	214
UniRef90_E8Q735	63.64	221	221
UniRef90_B8K6N4	67.61	221	212
UniRef90_W7R3C4	69.27	221	212
UniRef90_N9VH73	71.30	221	220
UniRef90_A0A063Y2V0	68.08	221	212
UniRef90_UPI0003F7A138	66.98	221	214
UniRef90_R9PFQ9	65.09	221	226
UniRef90_B0TQK6	69.81	221	219
UniRef90_A0A099LCI8	66.82	221	230
UniRef90_X7E4B4	67.92	221	226
UniRef90_UPI0006EBEBAC	65.57	221	226
UniRef90_B1KL10	70.75	221	219
UniRef90_UPI0004068500	69.30	221	225
UniRef90_A0A094LML4	69.91	221	215
UniRef90_A0A084CM93	63.89	221	218
UniRef90_H2FWH6	72.22	221	218
UniRef90_UPI0002DFD0ED	68.08	221	212
UniRef90_B8CGZ6	68.57	221	212
UniRef90_UPI00048BF9A3	67.46	221	212
UniRef90_A6W0G2	67.76	221	227
UniRef90_UPI00046EB1A4	67.74	221	216
UniRef90_A3QIQ4	69.95	221	214
UniRef90_Q0F4G9	66.36	221	227
UniRef90_F6CTE8	67.59	221	227
UniRef90_B8KI42	66.82	221	226
UniRef90_UPI0002482FBF	69.91	221	217
UniRef90_E8LJN6	66.98	221	218
UniRef90_Q8E9L6	69.81	221	216
UniRef90_UPI000486A3F8	67.92	221	214
UniRef90_E3BKK0	69.91	221	217
UniRef90_A0A0B9GE91	67.14	221	212
UniRef90_UPI0002D50460	66.20	221	212
UniRef90_UPI000363577C	67.59	221	213
UniRef90_Q7VRX3	61.82	221	221
UniRef90_A0A0K6IH24	66.67	221	237
UniRef90_UPI0006C7DD7D	65.09	221	212
UniRef90_A0L1S4	69.01	221	216
UniRef90_H3NSJ3	67.61	221	227
UniRef90_UPI00048F4AF4	66.83	221	212
UniRef90_F2JVP4	66.67	221	228
UniRef90_F3L3Y5	65.42	221	227
UniRef90_UPI000412A7A8	65.74	221	213
UniRef90_UPI00048A50B8	66.98	221	212
UniRef90_A1S2C7	68.66	221	216
UniRef90_Q2BJW5	65.57	221	212
UniRef90_UPI00052801C5	71.56	221	215
UniRef90_UPI0004E1807C	64.15	221	221
UniRef90_G4QIL2	63.26	221	229
UniRef90_UPI0004006B64	64.15	221	218
UniRef90_P57865	65.09	221	218
UniRef90_E1W6B0	62.67	221	218
UniRef90_A3YIA4	66.06	221	227
UniRef90_P43866	64.35	221	218
UniRef90_UPI0006B466F8	65.24	221	212
UniRef90_A3N0R3	64.62	221	218
UniRef90_F9Q5Q4	61.29	221	218
UniRef90_U4S0W9	63.85	221	218
UniRef90_R5EUK9	63.68	221	220
UniRef90_N6VXI7	64.95	221	237
UniRef90_Q492J7	63.47	221	221
UniRef90_W9VN08	69.01	221	212
UniRef90_Q7VM90	62.79	221	218
UniRef90_H5T864	64.22	221	229
UniRef90_UPI0003F56690	64.15	221	212
UniRef90_T2DMH1	63.72	221	227
UniRef90_F7NTM4	62.74	221	214
UniRef90_UPI000366B5FF	61.68	221	228
UniRef90_Q5E4E4	71.89	221	217
UniRef90_S3EHE1	61.32	221	227
UniRef90_A4BK59	64.02	221	213
UniRef90_A6VNV8	62.96	221	217
UniRef90_Q0I3F6	63.38	221	218
UniRef90_J3VRM0	74.77	221	221
UniRef90_W0P0S0	60.09	221	221
UniRef90_A0A0A3AU36	62.44	221	218
UniRef90_Q1MZB6	65.57	221	214
UniRef90_A0A075P5Y4	63.08	221	227
UniRef90_UPI0004104A05	63.21	221	212
UniRef90_A0A0A3AB10	63.38	221	218
UniRef90_E6KXB3	63.21	221	218
UniRef90_UPI0002F0DE1A	66.36	221	233
UniRef90_D0IB23	68.98	221	218
UniRef90_W0R775	62.04	221	218
UniRef90_B7RXS9	61.86	221	226
UniRef90_K4L147	62.91	221	211
UniRef90_Q65TR0	63.21	221	218
UniRef90_Q9NL81	56.68	221	223
UniRef90_UPI0006D656ED	65.40	221	214
UniRef90_A0A0J5K585	74.40	221	169
UniRef90_UPI0004152480	67.92	221	214
UniRef90_F5Z6C5	61.68	221	227
UniRef90_UPI0003F62CC8	67.59	221	227
UniRef90_A0A095VSW2	61.97	221	226
UniRef90_UPI0006A7AEEC	61.06	221	210
UniRef90_A0A0M3RS97	55.87	221	220
UniRef90_UPI00068070DA	73.68	221	172
UniRef90_Q8KA05	58.22	221	218
UniRef90_H6Q500	57.75	221	221
UniRef90_Q23AG3	52.97	221	223
UniRef90_UPI00030DA178	62.93	221	210
UniRef90_UPI00069D6EA1	58.62	221	207
UniRef90_K6H3V4	55.86	221	223
UniRef90_A0A034U0Q9	59.82	221	217
UniRef90_UPI0006CF7426	61.08	221	204
UniRef90_Q8D2N7	58.69	221	216
UniRef90_G0R3P9	68.55	221	171
UniRef90_U5BUF8	55.56	221	231
UniRef90_I3Z0U7	54.17	221	231
UniRef90_A0A0E3Y8H1	53.59	221	214
UniRef90_M1Q6X8	56.31	221	219
UniRef90_A4GJ71	54.15	221	223
UniRef90_K1LXB4	58.16	221	231
UniRef90_M4V705	58.45	221	227
UniRef90_A0A0M9DTD5	57.71	221	234
UniRef90_UPI00040CF3E0	55.83	221	234
UniRef90_A6DNS0	55.71	221	223
UniRef90_I5BY47	56.65	221	226
UniRef90_A0A0B8WCR2	59.26	221	210
UniRef90_S2DCV6	55.56	221	221
UniRef90_A0A074KY16	52.78	221	237
UniRef90_L0FYL1	57.58	221	232
UniRef90_X6NAS8	52.56	221	306
UniRef90_A3I138	54.33	221	224
UniRef90_H6L144	54.63	221	231
UniRef90_W5WYV2	61.11	221	262
UniRef90_G0IUI6	56.06	221	233
UniRef90_UPI00047E169C	55.67	221	234
UniRef90_UPI000255AF43	57.89	221	234
UniRef90_UPI000571F44A	57.87	221	232
UniRef90_A0A090SMQ1	63.37	221	177
UniRef90_UPI00037FF40E	55.28	221	225
UniRef90_UPI00047C7FB2	53.40	221	234
UniRef90_A0A0H4VGB6	55.77	221	221
UniRef90_M7X8C6	54.19	221	221
UniRef90_UPI00036B2CE7	58.51	221	234
UniRef90_UPI0006C9F61C	57.53	221	234
UniRef90_G2ECG3	56.41	221	232
UniRef90_UPI0006F2B44B	55.56	221	215
UniRef90_H8XSB0	54.27	221	228
UniRef90_V6SF46	52.38	221	214
UniRef90_R7ZLR2	55.61	221	226
UniRef90_W6UCA5	51.61	221	233
UniRef90_I3YX81	56.91	221	232
UniRef90_X3UT46	92.19	221	129
UniRef90_UPI000373A928	55.79	221	231
UniRef90_UPI000364ECF3	55.34	221	251
UniRef90_A2U0A1	55.79	221	232
UniRef90_UPI000400E679	54.19	221	216
UniRef90_A1ZQ86	55.17	221	233
UniRef90_UPI0004DF05DB	56.91	221	232
UniRef90_B3QUQ2	54.19	221	237
UniRef90_UPI0006E1A813	56.91	221	233
UniRef90_UPI00047C3A4D	53.77	221	232
UniRef90_UPI00040994EB	54.50	221	220
UniRef90_UPI00047B858F	54.73	221	229
UniRef90_UPI00040DA1B4	54.17	221	232
UniRef90_A0A098LHY5	52.63	221	219
UniRef90_C6VZC5	53.81	221	214
UniRef90_UPI0003F9319C	55.90	221	232
UniRef90_E4TRD8	53.14	221	233
UniRef90_H1YAJ9	53.47	221	227
UniRef90_M7NQB3	54.68	221	229
UniRef90_UPI0005CB7ACB	56.38	221	233
UniRef90_L8JM64	54.68	221	229
UniRef90_UPI0006978E80	55.28	221	232
UniRef90_UPI000475AD25	55.22	221	232
UniRef90_UPI0006A996A0	53.77	221	233
UniRef90_A0A0E3ZDW0	55.22	221	222
UniRef90_UPI00047EF582	55.21	221	232
UniRef90_A0A0L8AM42	52.71	221	231
UniRef90_UPI000470C82A	55.56	221	232
UniRef90_UPI0003778017	52.40	221	252
UniRef90_UPI0004802319	56.84	221	231
UniRef90_UPI0006DA9E57	55.78	221	236
UniRef90_UPI00041F56F6	53.50	221	229
UniRef90_Q6MK87	57.44	221	242
UniRef90_UPI00053EDCF9	54.74	221	231
UniRef90_UPI000370D020	55.26	221	235
UniRef90_A0A099XSW6	55.32	221	232
UniRef90_UPI0004911760	56.92	221	235
UniRef90_X5E247	52.22	221	237
UniRef90_A0A085BBF9	54.00	221	221
UniRef90_Q11VG1	52.76	221	227
UniRef90_A0A0C5WM24	55.26	221	231
UniRef90_A0A090Q197	53.61	221	235
UniRef90_Q11WI4	55.39	221	229
UniRef90_W8F1P4	53.27	221	218
UniRef90_UPI00040A690D	56.38	221	231
UniRef90_F8EL63	55.61	221	231
UniRef90_A0A0C1XER4	53.69	221	227
UniRef90_D2QJ43	52.88	221	241
UniRef90_A0A090WAA5	54.40	221	232
UniRef90_C0B1V7	79.26	221	136
UniRef90_UPI00037BB647	54.04	221	223
UniRef90_UPI00036A8FA1	54.27	221	218
UniRef90_A0A0E3ZWB2	51.92	221	262
UniRef90_I6XC45	54.55	221	224
UniRef90_UPI0003B6AE35	55.90	221	221
UniRef90_UPI0004711678	53.81	221	229
UniRef90_A0A0D3LBB2	53.69	221	222
UniRef90_I3ZZQ0	53.54	221	228
UniRef90_A8ULA1	55.32	221	230
UniRef90_J1FGU0	51.85	221	221
UniRef90_UPI0004E17B89	56.08	221	226
UniRef90_UPI000551FD3D	50.49	221	219
UniRef90_UPI00070317F6	55.15	221	214
UniRef90_M7MG34	55.79	221	237
UniRef90_E4TCT3	54.00	221	221
UniRef90_UPI0006495F16	54.74	221	231
UniRef90_A0A076HMP5	49.77	221	224
UniRef90_UPI0004E16DC6	52.50	221	229
UniRef90_UPI0003AB137D	54.37	221	244
UniRef90_UPI00042014C9	55.79	221	232
UniRef90_UPI000365B716	55.28	221	220
UniRef90_A9E3M2	53.16	221	233
UniRef90_F0RE28	54.50	221	228
UniRef90_Q11W80	54.04	221	239
UniRef90_A0A083WQV1	53.30	221	221
UniRef90_UPI00047A017D	52.38	221	233
UniRef90_UPI000476B88B	55.10	221	231
UniRef90_UPI0004834EAD	55.79	221	231
UniRef90_UPI0003F7DC8A	52.94	221	232
UniRef90_UPI000686B844	52.34	221	224
UniRef90_UPI00048338FE	56.61	221	231
UniRef90_UPI00054F5B48	49.31	221	223
UniRef90_UPI0006292F46	52.11	221	233
UniRef90_A0A088EVC7	50.97	221	222
UniRef90_A0A0D7W6Y0	53.97	221	228
UniRef90_UPI0002F9A72D	52.22	221	221
UniRef90_I4AMN4	50.00	221	264
UniRef90_F0P2Y7	53.50	221	224
UniRef90_UPI0003B44F88	48.85	221	224
UniRef90_S7VTS4	54.50	221	227
UniRef90_A0A0A7LMP3	50.49	221	218
UniRef90_UPI00065210A1	54.21	221	232
UniRef90_R9TJA5	53.11	221	224
UniRef90_UPI0006E268C0	54.79	221	228
UniRef90_UPI00053DB62E	55.32	221	233
UniRef90_UPI0006B66E9A	53.44	221	230
UniRef90_T2KPS0	50.98	221	225
UniRef90_UPI0005C69B2D	54.55	221	244
UniRef90_UPI00047911F2	50.72	221	225
UniRef90_D5BLG5	51.76	221	225
UniRef90_UPI0005546E7E	53.50	221	225
UniRef90_C0BMG6	54.64	221	226
UniRef90_A6EMF5	50.72	221	225
UniRef90_UPI000376BD80	51.96	221	225
UniRef90_I3YSW7	49.53	221	225
UniRef90_A0A0C1F3Y0	53.00	221	221
UniRef90_UPI000411E569	50.74	221	241
UniRef90_UPI0004005F12	51.72	221	225
UniRef90_A0A0D5BPG3	51.50	221	221
UniRef90_A0A098LDP8	53.00	221	230
UniRef90_K1MA95	51.74	221	221
UniRef90_C6X0H8	51.00	221	221
UniRef90_F4AYA9	49.31	221	233
UniRef90_UPI0005C485B0	54.19	221	223
UniRef90_A0A0B8XRJ4	52.71	221	237
UniRef90_UPI00041560DC	52.88	221	228
UniRef90_A1ZSS2	50.74	221	225
UniRef90_I0K9X6	54.77	221	255
UniRef90_UPI00053DEEAD	50.74	221	225
UniRef90_F0RFS2	49.75	221	220
UniRef90_UPI000403977F	50.51	221	223
UniRef90_U3Q5Q3	52.15	221	226
UniRef90_D0J8N4	51.01	221	224
UniRef90_UPI0006489CA8	50.96	221	225
UniRef90_UPI0005C6B2CB	55.38	221	238
UniRef90_UPI0004044A2E	47.52	221	223
UniRef90_UPI000289B03C	49.26	221	220
UniRef90_UPI000248F890	50.00	221	216
UniRef90_UPI0004250480	50.49	221	225
UniRef90_UPI00030E9D0A	49.75	221	232
UniRef90_A3XJQ3	50.75	221	226
UniRef90_A3U4S9	51.26	221	225
UniRef90_A8UGP6	49.02	221	225
UniRef90_UPI00055F42A2	51.76	221	225
UniRef90_I0AHX5	53.00	221	227
UniRef90_UPI000372DD21	50.25	221	225
UniRef90_A9DL25	53.43	221	220
UniRef90_UPI00040225C1	47.89	221	221
UniRef90_UPI0006E32A0F	50.49	221	225
UniRef90_A0A0L8AQ24	49.26	221	230
UniRef90_A0A084TIW9	50.72	221	225
UniRef90_G7SPY5	49.49	221	216
UniRef90_A0A023BTQ8	47.47	221	220
UniRef90_A4C0M5	51.76	221	221
UniRef90_V6RWW3	50.50	221	223
UniRef90_UPI00058D3C76	51.79	221	225
UniRef90_E0Y0P7	48.58	221	227
UniRef90_UPI0004869D4F	51.26	221	226
UniRef90_A0A0L8VDE2	53.23	221	198
UniRef90_A0A0F9XPJ4	52.31	221	226
UniRef90_A0A0K8R1F1	50.49	221	244
UniRef90_A0A085L1P4	51.79	221	228
UniRef90_A0A0C1K275	50.73	221	234
UniRef90_UPI0004098747	48.33	221	228
UniRef90_H2BY84	50.73	221	226
UniRef90_UPI0006E3F897	49.75	221	222
UniRef90_A0A0D7WB71	49.27	221	221
UniRef90_M4ZS83	50.79	221	229
UniRef90_A0A0C5WL27	50.25	221	225
UniRef90_I3QFZ0	50.77	221	224
UniRef90_UPI000068E4DC	50.51	221	227
UniRef90_UPI00036C860E	49.25	221	238
UniRef90_A0A0A2LRW5	48.33	221	223
UniRef90_F4L522	45.37	221	226
UniRef90_E6XBK5	50.98	221	226
UniRef90_I0WGV0	47.47	221	226
UniRef90_A0M4Z9	51.01	221	225
UniRef90_A0A095TXA9	47.69	221	223
UniRef90_G0IUZ2	48.26	221	217
UniRef90_G2ED62	50.00	221	225
UniRef90_A0A090VTX8	51.52	221	224
UniRef90_A0A0D7WF13	49.06	221	225
UniRef90_A0A0F9LQY8	48.83	221	226
UniRef90_UPI00040C7D4F	52.94	221	240
UniRef90_UPI000509B517	50.74	221	230
UniRef90_UPI00047B3FC9	49.25	221	233
UniRef90_UPI00040E5133	49.06	221	225
UniRef90_G2Z1C9	47.55	221	223
UniRef90_UPI000641795B	47.69	221	226
UniRef90_A6ENQ3	48.28	221	221
UniRef90_S7WUN5	49.25	221	225
UniRef90_A0A0A2M010	47.37	221	223
UniRef90_A0A090V941	47.34	221	225
UniRef90_I4AJN6	48.42	221	226
UniRef90_UPI0003667350	51.50	221	226
UniRef90_W0EZB3	50.77	221	221
UniRef90_UPI000255B3AD	47.32	221	220
UniRef90_C0BH39	49.75	221	226
UniRef90_UPI000566561A	47.62	221	222
UniRef90_D0JBN2	54.75	221	228
UniRef90_A4CPJ2	51.32	221	220
UniRef90_A4CM58	50.00	221	227
UniRef90_A0A095U130	47.00	221	223
UniRef90_G8R360	51.28	221	234
UniRef90_A0A023BRY4	49.51	221	225
UniRef90_I2GF47	52.43	221	249
UniRef90_UPI00048809D6	50.75	221	227
UniRef90_UPI0005EF19E0	50.00	221	211
UniRef90_A0A0F8Z2L3	47.95	221	228
UniRef90_A0A078L4L7	48.22	221	225
UniRef90_K4IH45	47.55	221	225
UniRef90_UPI0006B4540A	50.00	221	225
UniRef90_UPI0003FFBE13	48.04	221	223
UniRef90_UPI000479D291	50.00	221	226
UniRef90_UPI000400BF19	48.04	221	223
UniRef90_K2PRT7	49.02	221	226
UniRef90_UPI0005C6FC41	46.50	221	220
UniRef90_A5FHM7	49.25	221	223
UniRef90_UPI0003B3F199	48.04	221	223
UniRef90_A0A095SQK3	52.15	221	218
UniRef90_UPI00055CE458	51.26	221	225
UniRef90_A8UNY4	49.26	221	224
UniRef90_UPI0006E2BC90	46.38	221	225
UniRef90_A3J0S0	47.74	221	249
UniRef90_A0A085L4H3	48.79	221	249
UniRef90_UPI0006B44AC4	50.75	221	225
UniRef90_A0A090CYC7	47.00	221	222
UniRef90_UPI000248E83D	47.44	221	225
UniRef90_A0A090PZK8	50.77	221	223
UniRef90_W8VRA3	49.25	221	223
UniRef90_UPI000629899C	46.54	221	226
UniRef90_A0A0M9VGX9	48.53	221	223
UniRef90_UPI000403D6EF	48.28	221	225
UniRef90_I2EZZ7	47.95	221	226
UniRef90_UPI00040898C9	46.89	221	223
UniRef90_A0A0D6TQE9	47.37	221	223
UniRef90_A0A098S1Z3	48.28	221	213
UniRef90_F6GJU3	48.28	221	225
UniRef90_F0RGD1	49.25	221	226
UniRef90_UPI00048810BD	48.04	221	225
UniRef90_H8XTI1	48.04	221	223
UniRef90_UPI00046A8FB7	46.31	221	222
UniRef90_V6S2L0	48.31	221	223
UniRef90_UPI0006CA1E56	48.50	221	226
UniRef90_UPI0004179658	47.06	221	223
UniRef90_F8KW23	46.88	221	238
UniRef90_UPI00056C937B	50.77	221	223
UniRef90_UPI0005521132	50.28	221	203
UniRef90_E4RZB3	51.76	221	221
UniRef90_UPI00040DC2B4	45.45	221	230
UniRef90_G8LR00	52.05	221	174
UniRef90_G0L3M0	47.42	221	221
UniRef90_A3J1B2	46.57	221	223
UniRef90_F9YRM7	47.14	221	224
UniRef90_UPI0006FA9D88	47.55	221	223
UniRef90_F0IHI1	47.62	221	220
UniRef90_UPI00054DFAD4	45.81	221	217
UniRef90_Q6ME26	49.00	221	224
UniRef90_A0A0B5RWL6	47.55	221	223
UniRef90_M7N6A1	48.47	221	200
UniRef90_E1JDT4	97.83	221	97
UniRef90_W2UNA9	48.74	221	226
UniRef90_UPI00040DA239	48.77	221	226
UniRef90_UPI0004712215	46.70	221	228
UniRef90_UPI000280A962	50.00	221	224
UniRef90_V6S876	47.83	221	223
UniRef90_L7W6B7	47.74	221	223
UniRef90_UPI000526403E	48.48	221	222
UniRef90_UPI00048E6F96	44.50	221	230
UniRef90_A2U2X5	46.34	221	222
UniRef90_G8X9Y6	47.06	221	223
UniRef90_UPI000308E64E	48.28	221	226
UniRef90_M7NAH0	51.67	221	212
UniRef90_UPI000288F6FF	47.47	221	223
UniRef90_A0A076P0X1	46.57	221	243
UniRef90_A0A0M3CBT7	47.00	221	224
UniRef90_A0A099XU86	44.19	221	220
UniRef90_A0A099Y2N5	47.94	221	222
UniRef90_A0A0B7HMY6	46.30	221	224
UniRef90_A0A076P3C2	46.19	221	223
UniRef90_UPI000694C538	50.80	221	218
UniRef90_UPI000477095B	47.98	221	228
UniRef90_F8KVR0	50.26	221	228
UniRef90_UPI000255A2AE	46.08	221	220
UniRef90_G2PQP5	52.84	221	215
UniRef90_A0A0M2XQ21	43.63	221	223
UniRef90_A0A090R0V7	72.03	221	118
UniRef90_UPI00037DF449	46.95	221	235
UniRef90_H7FRL6	44.98	221	223
UniRef90_D6YRV5	45.75	221	221
UniRef90_J9IJL7	47.18	221	210
UniRef90_UPI0004DF0016	52.50	221	226
UniRef90_A4C1U8	46.32	221	228
UniRef90_C7M4J0	44.19	221	223
UniRef90_A9E2D2	53.33	221	169
UniRef90_A0A090TLB9	71.77	221	152
UniRef90_A0A0D5YR12	52.31	221	256
UniRef90_A4AWM8	51.00	221	226
UniRef90_A4CGT7	49.42	221	176
UniRef90_G0L6G3	50.77	221	226
UniRef90_A0A0H5E5S8	43.14	221	224
UniRef90_A4WCI8	95.02	221	222
UniRef90_Q2NUE3	85.45	221	221
UniRef90_B2VII2	88.13	221	221
UniRef90_I3Z0U7	54.17	221	231
UniRef90_UPI000393CAF0	72.43	221	218
UniRef90_Q1ZPZ6	71.43	221	217
UniRef90_Q9KLX5	70.51	221	217
UniRef90_A7FJL1	89.55	221	220
UniRef90_U3TXG1	88.99	221	221
UniRef90_A0A0B2WDD9	87.73	221	220
UniRef90_D2TY99	80.09	221	227
UniRef90_M7X8C6	51.87	221	221
UniRef90_A0A085GJA4	90.37	221	221
UniRef90_U5BUF8	55.56	221	231
UniRef90_C9P754	71.30	221	217
UniRef90_Q6D3N3	88.18	221	220
UniRef90_UPI00047B858F	52.13	221	229
UniRef90_X2H0Q2	74.31	221	219
UniRef90_A0A0M9DTD5	56.04	221	234
UniRef90_S2DCV6	51.87	221	221
UniRef90_L0FYL1	53.02	221	232
UniRef90_A0A0B8Q982	70.51	221	217
UniRef90_UPI0004B9766C	83.64	221	221
UniRef90_C5BCL9	86.76	221	220
UniRef90_B8K6X2	69.59	221	217
UniRef90_W6UCA5	51.61	221	233
UniRef90_UPI00022CAAFB	76.04	221	218
UniRef90_U4DUC1	70.18	221	217
UniRef90_A0A0G3CP79	84.09	221	222
UniRef90_B6XIM9	87.61	221	219
UniRef90_G0IUI6	52.09	221	233
UniRef90_D0Z1Y6	71.76	221	217
UniRef90_UPI00047C3A4D	51.16	221	232
UniRef90_E9CKV4	88.02	221	222
UniRef90_K1LXB4	53.27	221	231
UniRef90_UPI0003F9319C	52.66	221	232
UniRef90_UPI00047E169C	53.77	221	234
UniRef90_UPI0005C69B2D	50.70	221	244
UniRef90_UPI0004911760	53.62	221	235
UniRef90_I0QU75	85.84	221	220
UniRef90_E4TRD8	51.39	221	233
UniRef90_UPI00040CF3E0	54.25	221	234
UniRef90_UPI000571F44A	54.29	221	232
UniRef90_Q6LQL4	70.97	221	217
UniRef90_J1QFR8	69.48	221	213
UniRef90_A3I138	53.30	221	224
UniRef90_UPI00047C7FB2	53.14	221	234
UniRef90_A0A094UBB2	86.24	221	219
UniRef90_A0A085HKD9	81.19	221	223
UniRef90_A0A0F5VAQ5	69.59	221	217
UniRef90_A0A0F5ASX1	67.28	221	218
UniRef90_A0A0A7EK90	71.36	221	213
UniRef90_R7ZLR2	51.36	221	226
UniRef90_UPI00048F351D	84.33	221	222
UniRef90_UPI000476B88B	51.42	221	231
UniRef90_F8EL63	52.66	221	231
UniRef90_UPI00030E9D0A	47.49	221	232
UniRef90_UPI0004711678	50.96	221	229
UniRef90_C4LDE6	73.24	221	216
UniRef90_UPI00037BB647	50.94	221	223
UniRef90_A0A074KY16	53.02	221	237
UniRef90_UPI000411E569	49.76	221	241
UniRef90_V6SF46	51.89	221	214
UniRef90_UPI0005C485B0	51.89	221	223
UniRef90_I5BY47	53.99	221	226
UniRef90_U3U9K4	78.14	221	221
UniRef90_A0A090Q197	51.49	221	235
UniRef90_I1DWR4	68.54	221	214
UniRef90_UPI000475AD25	51.17	221	232
UniRef90_UPI0004E16DC6	48.85	221	229
UniRef90_A0A0F5ZVE0	67.59	221	217
UniRef90_C6VZC5	50.48	221	214
UniRef90_A0A0A2WLG2	90.32	221	928
UniRef90_X5E247	50.96	221	237
UniRef90_A6F7X9	71.83	221	216
UniRef90_UPI00047EF582	52.71	221	232
UniRef90_A0A0D7W6Y0	49.05	221	228
UniRef90_R4I1T1	80.65	221	220
UniRef90_UPI00037A6D35	71.36	221	216
UniRef90_A0A084TIW9	49.53	221	225
UniRef90_UPI0004DF05DB	50.94	221	232
UniRef90_U1KL57	69.95	221	213
UniRef90_V5F0H9	68.69	221	217
UniRef90_UPI0003AB137D	53.30	221	244
UniRef90_UPI00053EDCF9	50.00	221	231
UniRef90_A4BBH4	69.01	221	211
UniRef90_E1SP88	69.95	221	211
UniRef90_UPI0003B459E0	68.54	221	217
UniRef90_A2U0A1	53.23	221	232
UniRef90_A0A0L8AM42	50.71	221	231
UniRef90_A9E3M2	50.75	221	233
UniRef90_UPI00040DA1B4	51.23	221	232
UniRef90_I0WGV0	47.47	221	226
UniRef90_A6W0G2	67.44	221	227
UniRef90_UPI0004098747	48.33	221	228
UniRef90_Q11WI4	53.49	221	229
UniRef90_UPI00036A8FA1	51.66	221	218
UniRef90_UPI0005C6B2CB	51.18	221	238
UniRef90_A0KIN6	71.56	221	218
UniRef90_UPI0003635813	71.36	221	212
UniRef90_UPI000314B88B	68.69	221	218
UniRef90_A0A099LCI8	67.14	221	230
UniRef90_H3NSJ3	67.29	221	227
UniRef90_L8JM64	53.88	221	229
UniRef90_UPI000486A3F8	67.61	221	214
UniRef90_UPI0006A996A0	50.23	221	233
UniRef90_F2JVP4	66.36	221	228
UniRef90_A0A0M2VDI7	68.40	221	212
UniRef90_A0A0E3ZWB2	51.92	221	262
UniRef90_B8K6N4	67.61	221	212
UniRef90_I3YSW7	49.53	221	225
UniRef90_UPI00041F56F6	51.42	221	229
UniRef90_UPI0003778017	52.40	221	252
UniRef90_Q07YB6	69.01	221	222
UniRef90_UPI00054F5B48	49.31	221	223
UniRef90_UPI00040A690D	50.23	221	231
UniRef90_A0A090WAA5	51.72	221	232
UniRef90_UPI0006E32A0F	48.60	221	225
UniRef90_A1ZQ86	53.33	221	233
UniRef90_UPI00053DEEAD	48.36	221	225
UniRef90_F3L3Y5	65.42	221	227
UniRef90_UPI000373A928	52.74	221	231
UniRef90_F6CTE8	67.61	221	227
UniRef90_UPI0002F9A72D	49.77	221	221
UniRef90_A0A0D3LBB2	52.40	221	222
UniRef90_UPI00048338FE	50.47	221	231
UniRef90_UPI0006489CA8	50.00	221	225
UniRef90_UPI000255AF43	52.36	221	234
UniRef90_H2BY84	48.37	221	226
UniRef90_UPI000400BF19	46.89	221	223
UniRef90_A0Z6H9	67.44	221	235
UniRef90_UPI00053DB62E	50.72	221	233
UniRef90_I4AMN4	49.07	221	264
UniRef90_A0A095TXA9	47.22	221	223
UniRef90_M7NQB3	52.07	221	229
UniRef90_Q0F4G9	65.12	221	227
UniRef90_UPI0006292F46	49.75	221	233
UniRef90_UPI0005CB7ACB	52.66	221	233
UniRef90_UPI0004E1784A	70.42	221	215
UniRef90_A6EMF5	49.53	221	225
UniRef90_A0A0K8R1F1	48.37	221	244
UniRef90_F6GJU3	47.34	221	225
UniRef90_A0A0A3AB10	62.04	221	218
UniRef90_A0A0D6TQE9	47.37	221	223
UniRef90_UPI0005A95354	71.76	221	220
UniRef90_A3YIA4	66.67	221	227
UniRef90_E8LJN6	66.67	221	218
UniRef90_UPI000364ECF3	55.07	221	251
UniRef90_D2QJ43	52.88	221	241
UniRef90_UPI0005546E7E	51.21	221	225
UniRef90_I3ZZQ0	49.54	221	228
UniRef90_UPI00036B2CE7	51.83	221	234
UniRef90_A8UGP6	46.95	221	225
UniRef90_I3YX81	50.00	221	232
UniRef90_UPI00058D3C76	48.56	221	225
UniRef90_UPI0006B66E9A	47.89	221	230
UniRef90_UPI00037FF40E	55.28	221	225
UniRef90_B8KI42	66.82	221	226
UniRef90_UPI0006FA9D88	46.41	221	223
UniRef90_A0A0B9GE91	67.14	221	212
UniRef90_W8F1P4	51.46	221	218
UniRef90_UPI0004250480	48.13	221	225
UniRef90_A0A0C5WM24	51.69	221	231
UniRef90_G2ED62	47.44	221	225
UniRef90_A0M4Z9	48.36	221	225
UniRef90_A0A0C5WL27	47.20	221	225
UniRef90_G2Z1C9	45.93	221	223
UniRef90_A0A0A2LRW5	48.33	221	223
UniRef90_A0A076HMP5	49.31	221	224
UniRef90_UPI0006495F16	51.74	221	231
UniRef90_UPI0006978E80	51.40	221	232
UniRef90_UPI000470C82A	54.12	221	232
UniRef90_UPI0006B4540A	46.26	221	225
UniRef90_A0A0A2M010	46.05	221	223
UniRef90_UPI000372DD21	48.08	221	225
UniRef90_Q7N6K7	86.70	221	219
UniRef90_UPI000248E83D	47.44	221	225
UniRef90_R8AVT9	72.48	221	218
UniRef90_UPI00048A50B8	66.67	221	212
UniRef90_T2KPS0	49.07	221	225
UniRef90_UPI0004802319	49.55	221	231
UniRef90_UPI0004834EAD	50.71	221	231
UniRef90_A0A090VTX8	47.66	221	224
UniRef90_UPI0004068500	68.08	221	225
UniRef90_F0P2Y7	50.23	221	224
UniRef90_UPI0006B44AC4	47.66	221	225
UniRef90_A0A090V941	46.26	221	225
UniRef90_E4TCT3	53.62	221	221
UniRef90_UPI00040994EB	52.15	221	220
UniRef90_A0A098LHY5	51.89	221	219
UniRef90_A0A063Y2V0	68.08	221	212
UniRef90_A0A0K6IH24	66.36	221	237
UniRef90_F9YRM7	47.00	221	224
UniRef90_UPI0003F7A138	66.67	221	214
UniRef90_UPI000629899C	46.54	221	226
UniRef90_UPI0006C9F61C	50.47	221	234
UniRef90_H8XTI1	45.58	221	223
UniRef90_UPI00046EB1A4	67.74	221	216
UniRef90_W7R3C4	69.81	221	212
UniRef90_UPI000370D020	51.69	221	235
UniRef90_A0A099XSW6	52.24	221	232
UniRef90_A0A0A0SX38	68.40	221	212
UniRef90_A0A0A7S5E0	77.42	221	219
UniRef90_Q11VG1	49.77	221	227
UniRef90_UPI0006EBEBAC	65.26	221	226
UniRef90_B0TQK6	69.48	221	219
UniRef90_UPI000403D6EF	45.37	221	225
UniRef90_A3U4S9	49.04	221	225
UniRef90_E6XBK5	48.39	221	226
UniRef90_V6S2L0	48.08	221	223
UniRef90_A0A0H4VGB6	54.72	221	221
UniRef90_A8ULA1	51.74	221	230
UniRef90_X7E4B4	67.61	221	226
UniRef90_UPI00048F4AF4	66.19	221	212
UniRef90_H6L144	51.35	221	231
UniRef90_UPI0004869D4F	48.80	221	226
UniRef90_A0A085BBF9	54.00	221	221
UniRef90_H8XSB0	51.94	221	228
UniRef90_A0A084CM93	63.89	221	218
UniRef90_UPI0002DFD0ED	67.45	221	212
UniRef90_R5EUK9	63.38	221	220
UniRef90_A3N0R3	63.72	221	218
UniRef90_F0IHI1	46.30	221	220
UniRef90_A0A0C1XER4	52.66	221	227
UniRef90_UPI000551FD3D	50.49	221	219
UniRef90_T2DMH1	63.72	221	227
UniRef90_UPI0004006B64	63.85	221	218
UniRef90_P57865	64.19	221	218
UniRef90_UPI00048E6F96	43.87	221	230
UniRef90_F0RE28	49.53	221	228
UniRef90_A0A0E3ZDW0	52.53	221	222
UniRef90_B3QUQ2	51.90	221	237
UniRef90_UPI0002D50460	66.20	221	212
UniRef90_Q11W80	51.44	221	239
UniRef90_D5BLG5	49.30	221	225
UniRef90_N9VH73	71.30	221	220
UniRef90_UPI00056C937B	47.17	221	223
UniRef90_UPI0003B44F88	48.85	221	224
UniRef90_UPI000412A7A8	65.42	221	213
UniRef90_B1KL10	70.42	221	219
UniRef90_W2UNA9	45.16	221	226
UniRef90_G2ECG3	53.66	221	232
UniRef90_H1YAJ9	50.00	221	227
UniRef90_UPI0006B466F8	64.93	221	212
UniRef90_M7MG34	50.47	221	237
UniRef90_F4AYA9	49.29	221	233
UniRef90_A5FHM7	46.41	221	223
UniRef90_A0A0D7WF13	48.13	221	225
UniRef90_UPI0006E1A813	52.45	221	233
UniRef90_A0A0D5BPG3	51.50	221	221
UniRef90_H5T864	64.19	221	229
UniRef90_UPI0006E268C0	49.06	221	228
UniRef90_A0A098LDP8	49.77	221	230
UniRef90_B8CGZ6	68.25	221	212
UniRef90_A0A0M9VGX9	47.37	221	223
UniRef90_UPI00041560DC	48.57	221	228
UniRef90_Q0I3F6	62.21	221	218
UniRef90_UPI00048809D6	48.11	221	227
UniRef90_UPI00055F42A2	49.30	221	225
UniRef90_K2PRT7	46.54	221	226
UniRef90_G4QIL2	62.96	221	229
UniRef90_A0A0A3AU36	61.57	221	218
UniRef90_Q2BJW5	65.26	221	212
UniRef90_UPI0004E1807C	63.85	221	221
UniRef90_A3XJQ3	47.66	221	226
UniRef90_A0A0L8AQ24	47.44	221	230
UniRef90_A0L1S4	68.69	221	216
UniRef90_UPI0006F2B44B	55.28	221	215
UniRef90_R9PFQ9	64.79	221	226
UniRef90_UPI0006C7DD7D	65.09	221	212
UniRef90_J1FGU0	51.39	221	221
UniRef90_UPI0003667350	48.15	221	226
UniRef90_S7WUN5	46.01	221	225
UniRef90_Q7VM90	62.79	221	218
UniRef90_UPI00065210A1	51.24	221	232
UniRef90_A0A0C1F3Y0	52.66	221	221
UniRef90_A0A075P5Y4	62.79	221	227
UniRef90_UPI00040DC2B4	44.19	221	230
UniRef90_F7NTM4	62.44	221	214
UniRef90_A3J1B2	45.45	221	223
UniRef90_UPI0003FFBE13	46.89	221	223
UniRef90_UPI000641795B	47.69	221	226
UniRef90_UPI0003F7DC8A	49.75	221	232
UniRef90_A0A023BRY4	47.20	221	225
UniRef90_A0A0A7LMP3	50.49	221	218
UniRef90_A0A0K2BL66	72.60	221	221
UniRef90_A1S2C7	68.66	221	216
UniRef90_A3QIQ4	69.63	221	214
UniRef90_U4S0W9	62.96	221	218
UniRef90_UPI0004179658	45.93	221	223
UniRef90_UPI0003B3F199	46.89	221	223
UniRef90_UPI00047A017D	49.75	221	233
UniRef90_S7VTS4	50.74	221	227
UniRef90_A2U2X5	44.39	221	222
UniRef90_Q8E9L6	69.48	221	216
UniRef90_UPI00047911F2	48.61	221	225
UniRef90_A0A0F8Z2L3	47.47	221	228
UniRef90_K4IH45	45.83	221	225
UniRef90_UPI00040898C9	46.89	221	223
UniRef90_E6KXB3	61.86	221	218
UniRef90_UPI000686B844	52.34	221	224
UniRef90_A0A083WQV1	51.92	221	221
UniRef90_UPI0006E2BC90	46.15	221	225
UniRef90_UPI00048810BD	45.79	221	225
UniRef90_K1MA95	51.44	221	221
UniRef90_UPI0004005F12	50.48	221	225
UniRef90_A6VNV8	62.04	221	217
UniRef90_A0A0B7HMY6	46.30	221	224
UniRef90_F4L522	45.37	221	226
UniRef90_UPI000400E679	52.88	221	216
UniRef90_B7RXS9	61.86	221	226
UniRef90_UPI000068E4DC	46.73	221	227
UniRef90_I0K9X6	51.61	221	255
UniRef90_UPI000248F890	48.36	221	216
UniRef90_J3TZ70	71.69	221	221
UniRef90_A0A094LML4	69.44	221	215
UniRef90_F9Q5Q4	61.29	221	218
UniRef90_UPI00048BF9A3	67.46	221	212
UniRef90_C0BMG6	51.96	221	226
UniRef90_A1ZSS2	49.06	221	225
UniRef90_UPI000363577C	67.61	221	213
UniRef90_UPI00040C7D4F	50.77	221	240
UniRef90_A0A0B5RWL6	46.41	221	223
UniRef90_W0R775	62.04	221	218
UniRef90_UPI000479D291	48.61	221	226
UniRef90_UPI000376BD80	50.72	221	225
UniRef90_C6X0H8	51.00	221	221
UniRef90_UPI000366B5FF	61.40	221	228
UniRef90_A4CM58	47.00	221	227
UniRef90_UPI0006CA1E56	45.37	221	226
UniRef90_A0A0J8YU83	83.94	221	221
UniRef90_S3EHE1	61.03	221	227
UniRef90_D0J8N4	51.01	221	224
UniRef90_A0A0F9XPJ4	47.69	221	226
UniRef90_E1W6B0	62.67	221	218
UniRef90_V6S876	47.60	221	223
UniRef90_UPI00040225C1	47.22	221	221
UniRef90_M7N6A1	48.47	221	200
UniRef90_K6H3V4	55.92	221	223
UniRef90_C4K3L4	72.94	221	220
UniRef90_E0Y0P7	47.39	221	227
UniRef90_G8X9Y6	46.15	221	223
UniRef90_F0RGD1	46.45	221	226
UniRef90_F5Z6C5	61.40	221	227
UniRef90_A0A023BTQ8	47.47	221	220
UniRef90_UPI000308E64E	45.83	221	226
UniRef90_A0A0B8XRJ4	51.69	221	237
UniRef90_A0A0F9LQY8	48.15	221	226
UniRef90_UPI0006E3F897	49.75	221	222
UniRef90_UPI0003F56690	63.85	221	212
UniRef90_V6RWW3	47.87	221	223
UniRef90_C0BH39	48.08	221	226
UniRef90_UPI000288F6FF	44.98	221	223
UniRef90_A0A099Y2N5	43.72	221	222
UniRef90_P43866	62.96	221	218
UniRef90_G7SPY5	48.04	221	216
UniRef90_UPI00042014C9	51.17	221	232
UniRef90_UPI0004044A2E	45.45	221	223
UniRef90_Q65TR0	61.40	221	218
UniRef90_E0WTM2	75.34	221	234
UniRef90_C7M4J0	44.19	221	223
UniRef90_UPI000365B716	55.28	221	220
UniRef90_H7FRL6	44.50	221	223
UniRef90_A0A076P0X1	45.45	221	243
UniRef90_K4L147	62.91	221	211
UniRef90_A6DNS0	54.59	221	223
UniRef90_UPI0003B6AE35	51.89	221	221
UniRef90_UPI00040E5133	49.06	221	225
UniRef90_Q9NL81	56.68	221	223
UniRef90_F0RFS2	48.56	221	220
UniRef90_W8VRA3	46.63	221	223
UniRef90_A6ENQ3	46.86	221	221
UniRef90_UPI000526403E	45.33	221	222
UniRef90_I2GF47	51.66	221	249
UniRef90_A0A088NB40	75.80	221	220
UniRef90_N6VXI7	64.49	221	237
UniRef90_W9VN08	69.01	221	212
UniRef90_I2EZZ7	46.76	221	226
UniRef90_E3BKK0	69.91	221	217
UniRef90_UPI00040DA239	46.76	221	226
UniRef90_UPI00037DF449	46.51	221	235
UniRef90_A0A085L4H3	48.29	221	249
UniRef90_Q23AG3	52.97	221	223
UniRef90_UPI00047B3FC9	48.76	221	233
UniRef90_UPI00036C860E	49.25	221	238
UniRef90_U3Q5Q3	51.87	221	226
UniRef90_A0A085L1P4	49.28	221	228
UniRef90_W0EZB3	49.50	221	221
UniRef90_UPI0002482FBF	70.56	221	217
UniRef90_A9DL25	49.30	221	220
UniRef90_UPI000477095B	45.75	221	228
UniRef90_G8R360	49.02	221	234
UniRef90_M4ZS83	51.06	221	229
UniRef90_UPI0006DA9E57	53.11	221	236
UniRef90_A4C0M5	47.25	221	221
UniRef90_UPI000403977F	47.47	221	223
UniRef90_UPI0005C6FC41	44.71	221	220
UniRef90_G0L3M0	46.76	221	221
UniRef90_UPI000289B03C	47.42	221	220
UniRef90_A0A098S1Z3	47.12	221	213
UniRef90_Q1LT77	75.58	221	220
UniRef90_A0A0D7WB71	47.64	221	221
UniRef90_X6NAS8	51.14	221	306
UniRef90_A4GJ71	52.61	221	223
UniRef90_UPI000280A962	47.14	221	224
UniRef90_A0A0B8WCR2	57.58	221	210
UniRef90_E8Q735	63.64	221	221
UniRef90_A0A088EVC7	49.53	221	222
UniRef90_UPI00070317F6	54.31	221	214
UniRef90_UPI00054DFAD4	44.60	221	217
UniRef90_UPI00052801C5	71.09	221	215
UniRef90_L7W6B7	46.34	221	223
UniRef90_Q7VRX3	61.82	221	221
UniRef90_A0A090PZK8	50.00	221	223
UniRef90_UPI00055CE458	49.52	221	225
UniRef90_A0A095VSW2	61.97	221	226
UniRef90_I3QFZ0	50.77	221	224
UniRef90_G0IUZ2	46.23	221	217
UniRef90_A0A0E3Y7R0	69.48	221	217
UniRef90_I0AHX5	50.48	221	227
UniRef90_I4AJN6	47.09	221	226
UniRef90_UPI0006D656ED	64.79	221	214
UniRef90_UPI0004E17B89	56.08	221	226
UniRef90_A0A095SQK3	49.75	221	218
UniRef90_UPI0002F0DE1A	66.36	221	233
UniRef90_UPI000255B3AD	45.12	221	220
UniRef90_A0A0L8VDE2	50.77	221	198
UniRef90_A0A095U130	43.64	221	223
UniRef90_UPI0004712215	46.70	221	228
UniRef90_H2FWH6	72.22	221	218
UniRef90_D0IB23	68.98	221	218
UniRef90_UPI000566561A	46.73	221	222
UniRef90_A0A099XU86	43.98	221	220
UniRef90_K9YWI9	37.50	221	224
UniRef90_L8M3R3	37.89	221	249
UniRef90_UPI0004104A05	63.21	221	212
UniRef90_UPI00046A8FB7	43.72	221	222
UniRef90_A4CPJ2	50.79	221	220
UniRef90_B7KE49	37.56	221	247
UniRef90_A0A098TK13	38.24	221	236
UniRef90_K7VYU8	38.43	221	235
UniRef90_A3J0S0	44.70	221	249
UniRef90_A4C1U8	46.07	221	228
UniRef90_UPI00035F8AA6	36.99	221	218
UniRef90_D0JBN2	51.03	221	228
UniRef90_W0P0S0	60.38	221	221
UniRef90_A0A0D6KVL4	35.91	221	235
UniRef90_W5WYV2	57.59	221	262
UniRef90_Q1MZB6	65.26	221	214
UniRef90_UPI00047581EC	39.47	221	243
UniRef90_A0A0C1XYC4	37.24	221	235
UniRef90_Q4BWY2	36.45	221	241
UniRef90_UPI00034579DF	39.39	221	221
UniRef90_A4BK59	64.02	221	213
UniRef90_A8UNY4	46.76	221	224
UniRef90_I6XC45	50.23	221	224
UniRef90_M4V705	59.11	221	227
UniRef90_A0A076P3C2	42.92	221	223
UniRef90_L8LP61	37.31	221	229
UniRef90_F4XKD7	37.07	221	240
UniRef90_A0A086CGD9	38.30	221	236
UniRef90_K9RGN4	36.70	221	235
UniRef90_A0A0M1JRI7	36.89	221	236
UniRef90_K9Z1M2	37.31	221	239
UniRef90_UPI00034B67A0	37.37	221	242
UniRef90_A0A0M2XQ21	41.67	221	223
UniRef90_UPI00035C5D36	36.59	221	225
UniRef90_B1XK67	37.23	221	239
UniRef90_K9WKC5	37.75	221	238
UniRef90_B7JZP6	36.08	221	239
UniRef90_A0A034U0Q9	59.82	221	217
UniRef90_A0Z9X1	38.58	221	235
UniRef90_Q8DJB8	39.89	221	229
UniRef90_Q8YLL1	37.56	221	235
UniRef90_B2J1L7	37.04	221	235
UniRef90_E4RZB3	47.93	221	221
UniRef90_UPI0002ACBE29	38.22	221	238
UniRef90_A0YRC3	38.58	221	231
UniRef90_K9XXJ2	37.23	221	242
UniRef90_U9VPV6	37.90	221	212
UniRef90_UPI0003485CFA	41.85	221	220
UniRef90_Q492J7	63.47	221	221
UniRef90_D8FVZ7	37.75	221	243
UniRef90_E0UBA4	36.76	221	247
UniRef90_UPI000255A2AE	43.78	221	220
UniRef90_A0A0D8ZTE1	36.10	221	234
UniRef90_K9ZAG3	38.07	221	219
UniRef90_K9UQM5	40.33	221	219
UniRef90_K9Q2Y7	35.98	221	239
UniRef90_UPI00069D6EA1	58.33	221	207
UniRef90_K9YCL6	37.50	221	222
UniRef90_K9X8G7	36.59	221	239
UniRef90_A0A0C1Y4L8	37.11	221	240
UniRef90_K9YNA3	37.04	221	240
UniRef90_A0A0C2LC85	37.04	221	236
UniRef90_UPI00056CA161	37.37	221	239
UniRef90_Q54769	35.00	221	213
UniRef90_Q55759	38.30	221	234
UniRef90_K9UG59	37.44	221	212
UniRef90_K9WTB3	38.38	221	235
