UniRef90_Q9EY50	100.00	335	336
UniRef90_C5R8M0	69.05	335	338
UniRef90_UPI0005A70A51	69.44	335	339
UniRef90_G2KTS2	70.33	335	337
UniRef90_A0A0D1LPD1	67.86	335	338
UniRef90_H1X8P4	68.75	335	338
UniRef90_A0A075U079	66.87	335	335
UniRef90_UPI0003B39FB6	65.67	335	336
UniRef90_F8HY58	62.28	335	337
UniRef90_A0A069CVA5	58.43	335	338
UniRef90_A0A0D1M298	56.12	335	342
UniRef90_UPI0006D2692F	47.49	335	336
UniRef90_UPI00030D7F8E	46.59	335	333
UniRef90_A0A0K8MRM4	43.73	335	346
UniRef90_UPI0006CFAF8C	44.57	335	336
UniRef90_G9WGT7	43.45	335	338
UniRef90_UPI000496F9C5	43.86	335	345
UniRef90_A0A0K8MFU2	42.27	335	346
UniRef90_A0A0J5PBC5	42.57	335	346
UniRef90_K8Z9C4	43.81	335	332
UniRef90_Q03VB2	41.98	335	345
UniRef90_A0A062XLY9	42.86	335	345
UniRef90_D5T452	40.64	335	345
UniRef90_UPI00020DA147	41.59	335	345
UniRef90_K0D5T6	41.69	335	345
UniRef90_A0NJQ7	41.39	335	339
UniRef90_D8MDY6	41.40	335	345
UniRef90_A0A0K8MLP3	41.21	335	347
UniRef90_E6LDA9	40.84	335	336
UniRef90_UPI0006945A66	41.67	335	346
UniRef90_H1WMY0	42.31	335	345
UniRef90_UPI00058BF7A5	40.00	335	348
UniRef90_R6BAN7	39.94	335	361
UniRef90_K4J256	40.24	335	332
UniRef90_UPI0002EC3AF8	37.84	335	346
UniRef90_R6DLE8	38.17	335	368
UniRef90_F9DSR4	39.05	335	347
UniRef90_A0A0A8JG57	40.83	335	346
UniRef90_UPI00035D8F4F	40.53	335	330
UniRef90_W1TRK1	38.19	335	343
UniRef90_R5L137	36.53	335	360
UniRef90_UPI000694C02D	37.35	335	349
UniRef90_A0A0E9E9L3	36.58	335	332
UniRef90_UPI000403EAED	37.03	335	343
UniRef90_UPI0003B3BC57	36.15	335	366
UniRef90_A0A078M463	36.94	335	351
UniRef90_R6VCN8	35.14	335	353
UniRef90_E0QT81	36.15	335	364
UniRef90_C2BII8	35.54	335	330
UniRef90_UPI0004B153D0	34.50	335	339
UniRef90_K9EZ19	33.72	335	338
UniRef90_UPI0002F82BD8	36.39	335	328
UniRef90_UPI0002EE14CD	34.44	335	329
UniRef90_C7RFS6	33.23	335	341
UniRef90_C2CIK8	33.23	335	341
UniRef90_C0VZY6	34.67	335	360
UniRef90_S2W217	33.71	335	345
UniRef90_F0GVH1	32.94	335	342
UniRef90_A0A0A0M787	39.76	335	248
UniRef90_S4GV56	33.14	335	356
UniRef90_D7BLX8	31.82	335	333
UniRef90_C0W092	31.25	335	342
UniRef90_C2BEJ3	31.12	335	344
UniRef90_R6YA69	32.42	335	347
UniRef90_A0A095YGV6	30.47	335	337
UniRef90_L0FCA5	34.85	335	360
UniRef90_R7F7I2	32.54	335	354
UniRef90_R6QAK3	29.70	335	346
UniRef90_D7CK70	32.93	335	370
UniRef90_Q24ML0	33.23	335	360
UniRef90_R6RCP6	29.32	335	339
UniRef90_E6U412	32.63	335	352
UniRef90_D9S0Q7	33.23	335	368
UniRef90_R5XJ68	30.28	335	344
UniRef90_R5T075	28.96	335	392
UniRef90_A0A078KS75	30.82	335	350
UniRef90_R6N186	30.84	335	352
UniRef90_W0EGW5	33.43	335	364
UniRef90_UPI000552D8DE	29.46	335	362
UniRef90_R5KM10	28.70	335	345
UniRef90_C7HTQ3	25.59	335	358
UniRef90_A0A0E4GA61	32.44	335	362
UniRef90_A0A0F2PZ44	31.31	335	358
UniRef90_G2FTQ2	31.61	335	360
UniRef90_R7J095	30.18	335	351
UniRef90_G7WHK0	31.40	335	360
UniRef90_F4A3D6	32.72	335	368
UniRef90_R7GFF1	29.82	335	349
UniRef90_R6J320	28.10	335	346
UniRef90_A0A0A2TLW6	30.54	335	360
UniRef90_A0A0M2U9H6	30.12	335	360
UniRef90_Q0AU98	30.36	335	366
UniRef90_UPI00048026E2	29.97	335	361
UniRef90_R6H458	29.14	335	352
UniRef90_R9LLV9	31.21	335	350
UniRef90_I4DCG3	30.75	335	360
UniRef90_A0A0F2JCT3	30.18	335	372
UniRef90_U2EY28	30.00	335	356
UniRef90_R6NI04	30.65	335	349
UniRef90_F0GZ52	24.93	335	341
UniRef90_R7FIN2	29.55	335	353
UniRef90_F4LTV9	31.42	335	360
UniRef90_F0T2D3	30.58	335	358
UniRef90_A0A0C7N876	29.03	335	362
UniRef90_U2DR77	30.68	335	374
UniRef90_A0A0D0SFB7	29.46	335	354
UniRef90_Q2RFU9	29.08	335	363
UniRef90_B0TI85	30.33	335	356
UniRef90_A0A0B7MH49	30.50	335	366
UniRef90_R5J4B6	29.34	335	355
UniRef90_R6PSX8	28.62	335	343
UniRef90_A0A0J1F7B1	30.12	335	378
UniRef90_K4L6J4	30.00	335	360
UniRef90_UPI000587A612	35.53	335	208
UniRef90_B0P9B7	30.77	335	349
UniRef90_R6LWE7	29.13	335	354
UniRef90_R6C4K0	29.20	335	368
UniRef90_UPI00069A0B8E	29.57	335	387
UniRef90_UPI000687FC07	30.12	335	285
UniRef90_K4LIX7	30.89	335	359
UniRef90_D4L6U3	29.41	335	334
UniRef90_R6H5H9	26.06	335	361
UniRef90_W0U8L7	27.81	335	366
UniRef90_K7S8W9	30.75	335	388
UniRef90_UPI00058C8699	33.98	335	208
UniRef90_E6UIL2	28.04	335	366
UniRef90_A0A0J1GPI5	27.79	335	343
UniRef90_UPI00048B35E4	27.22	335	366
UniRef90_B6WAQ5	30.73	335	208
UniRef90_UPI000590E644	33.17	335	214
UniRef90_R7XST1	29.30	335	378
UniRef90_U7JN93	28.12	335	359
UniRef90_UPI00056CCB7F	29.38	335	372
UniRef90_UPI0004C0509F	28.25	335	372
UniRef90_UPI0006FB74D7	28.93	335	377
UniRef90_UPI00048905A3	28.94	335	363
UniRef90_UPI0006847CDC	29.80	335	384
UniRef90_A0A0M8K8G8	30.84	335	354
UniRef90_F5XGM2	27.78	335	370
UniRef90_A0A0M9UCI7	28.62	335	342
UniRef90_D6TMK4	27.04	335	351
UniRef90_UPI0005613BB1	28.10	335	372
UniRef90_A0A0N0N8V5	28.46	335	374
UniRef90_A0A0F0HM12	27.82	335	372
UniRef90_K6PN34	28.53	335	368
UniRef90_UPI00064B85B6	28.96	335	377
UniRef90_R6YER9	28.40	335	240
UniRef90_A0A094PD77	25.14	335	370
UniRef90_UPI0006741B1C	27.51	335	369
UniRef90_UPI0006F668ED	28.53	335	382
UniRef90_C7PVD7	25.78	335	394
UniRef90_UPI00048B041A	29.13	335	381
UniRef90_UPI0006E21930	28.69	335	372
UniRef90_R5SQV4	39.42	335	165
UniRef90_D6TGK1	26.95	335	368
UniRef90_W9GJS7	25.51	335	372
UniRef90_A0A0M2YQR8	28.36	335	388
UniRef90_E6SH15	29.43	335	368
UniRef90_UPI0006FFF33D	28.33	335	378
UniRef90_UPI00070365B1	27.47	335	378
UniRef90_K4R7L6	28.96	335	374
UniRef90_UPI0006FD402C	27.67	335	383
UniRef90_UPI0003C7ECAA	27.46	335	373
UniRef90_UPI00056133F3	27.75	335	376
UniRef90_E4MZB5	27.27	335	372
UniRef90_A0A0G0L0R5	25.66	335	346
UniRef90_UPI000702F49E	27.20	335	376
UniRef90_UPI0002DB0A31	24.89	335	238
UniRef90_UPI00058CE486	27.95	335	384
UniRef90_A0A0A1DQ96	27.84	335	376
UniRef90_UPI0006E394D7	26.35	335	377
UniRef90_H2JVN2	28.16	335	372
UniRef90_A0A0G1PCW4	25.96	335	339
UniRef90_A0A0F4JVJ6	27.27	335	372
UniRef90_UPI0006F1CC05	29.49	335	397
UniRef90_UPI00037EFB6E	29.28	335	373
UniRef90_A5V0C0	28.00	335	366
UniRef90_UPI0006FAB94F	28.25	335	383
UniRef90_F2NLJ3	26.71	335	340
UniRef90_L7F714	29.04	335	376
UniRef90_UPI00064BA6A5	28.04	335	373
UniRef90_UPI00047B73B4	28.82	335	379
UniRef90_UPI0006F2F620	28.53	335	368
UniRef90_UPI0004C1CDD0	28.29	335	378
UniRef90_E5V4M1	26.41	335	404
UniRef90_UPI0004C35480	29.75	335	385
UniRef90_A0A0G0U1R2	23.44	335	336
UniRef90_K2FLQ0	26.27	335	344
UniRef90_A0A094QA56	25.58	335	381
UniRef90_UPI00058D10B9	26.94	335	368
UniRef90_UPI00036C02D2	26.11	335	372
UniRef90_UPI000524A8D0	27.57	335	390
UniRef90_A0A023X1K9	26.98	335	354
UniRef90_E4U7M0	26.25	335	357
UniRef90_A0A086MSZ9	26.37	335	373
UniRef90_D1CCK2	26.05	335	370
UniRef90_A9B5B0	23.34	335	354
UniRef90_S3BAQ6	26.36	335	376
UniRef90_UPI0003A4DE14	28.10	335	378
UniRef90_A0A0G0E135	23.49	335	364
UniRef90_A0A0G0DMB4	24.85	335	334
UniRef90_A0A0G0IMB2	30.00	335	355
UniRef90_X0NHB1	27.37	335	373
UniRef90_UPI0006E18190	27.73	335	374
UniRef90_UPI000361AA62	28.81	335	373
UniRef90_UPI0006299B2E	26.85	335	382
UniRef90_A1SQT3	27.81	335	383
UniRef90_K1ZRH8	31.84	335	339
UniRef90_E2S8N0	28.65	335	371
UniRef90_W9GD62	25.96	335	372
UniRef90_A0A0E9FGH4	34.33	335	154
UniRef90_UPI0006F97D34	28.61	335	379
UniRef90_A0A0B2B6Q4	29.31	335	380
UniRef90_K2FC26	25.62	335	360
UniRef90_A0A094RQK0	22.41	335	375
UniRef90_UPI00056A4144	26.61	335	374
UniRef90_UPI0006F40581	26.30	335	390
UniRef90_UPI00069B65E3	25.96	335	373
UniRef90_UPI000695F260	27.37	335	395
UniRef90_E8MY56	26.37	335	329
UniRef90_UPI00036B81C2	26.93	335	373
UniRef90_UPI000558078B	24.68	335	409
UniRef90_UPI0003FF19F1	26.16	335	373
UniRef90_A0A0D4DP95	27.33	335	348
UniRef90_C7D139	26.25	335	403
UniRef90_A0A066YL71	28.18	335	378
UniRef90_K2EBZ7	23.62	335	354
UniRef90_A0A0G0E0Y2	24.40	335	334
UniRef90_A0A0F0EL65	25.45	335	372
UniRef90_UPI0006979B2B	22.22	335	248
UniRef90_I6XSL0	28.01	335	375
UniRef90_UPI000415A314	28.28	335	391
UniRef90_UPI0006295F16	26.78	335	379
UniRef90_F8LJA7	23.10	335	404
UniRef90_C5NVM2	27.78	335	404
UniRef90_R5IXP5	26.53	335	419
UniRef90_A0A0C1XT70	27.17	335	373
UniRef90_UPI00035D6F71	27.17	335	373
UniRef90_UPI0006789C83	27.13	335	457
UniRef90_UPI0004CAF24B	26.42	335	373
UniRef90_Q1AXW8	24.68	335	337
UniRef90_UPI000702D75C	27.45	335	393
UniRef90_A0A0G1NSR4	28.69	335	357
UniRef90_UPI000412F031	27.49	335	372
UniRef90_A0A0G0MVD1	24.12	335	338
UniRef90_UPI00035F2B9A	27.22	335	399
UniRef90_UPI00064C05FF	24.48	335	377
UniRef90_C7QDN0	29.07	335	370
UniRef90_K2APA1	29.76	335	352
UniRef90_A0A0E9FSF1	24.61	335	409
UniRef90_F3A8U0	26.92	335	404
UniRef90_UPI0004C4E279	27.08	335	379
UniRef90_UPI0007027834	27.65	335	396
UniRef90_UPI00037FC59B	24.94	335	408
UniRef90_UPI000702AE11	27.35	335	385
UniRef90_UPI0004755AA8	26.88	335	382
UniRef90_A0A0C2BHQ0	25.99	335	381
UniRef90_A0A0M2SLI2	27.83	335	422
UniRef90_S2YQT0	26.46	335	384
UniRef90_D3QZM8	31.51	335	416
UniRef90_UPI0004C1411D	27.05	335	382
UniRef90_B7CCH9	23.58	335	404
UniRef90_A0A0N0YFY2	23.48	335	378
UniRef90_K2EKR0	25.46	335	327
UniRef90_A7NJ44	27.46	335	366
UniRef90_UPI00036AFA32	25.92	335	376
UniRef90_E9UYS4	29.41	335	376
UniRef90_UPI0006997D54	25.07	335	372
UniRef90_UPI00068D85CE	26.06	335	405
UniRef90_U2JWW6	26.29	335	413
UniRef90_E8MY55	25.16	335	366
UniRef90_I7L7A1	26.23	335	403
UniRef90_G5K290	27.48	335	404
UniRef90_UPI00037AA75C	24.74	335	406
UniRef90_UPI00041EAE8E	27.05	335	383
UniRef90_A0A0G1BCT6	24.75	335	323
UniRef90_A0A0J7YV54	27.33	335	375
UniRef90_UPI000477518F	26.53	335	379
UniRef90_UPI000688535A	27.46	335	368
UniRef90_A0A0A2WQ83	25.93	335	339
UniRef90_V6JSY5	26.87	335	392
UniRef90_UPI000690B147	27.23	335	417
UniRef90_D6SAS1	26.17	335	409
UniRef90_B9DRM2	24.79	335	407
UniRef90_A0A0J8DIG6	26.36	335	401
UniRef90_A0A0F7HHI6	27.83	335	422
UniRef90_G1WFA9	27.13	335	320
UniRef90_M9X7S8	26.10	335	315
UniRef90_UPI000702EF71	28.08	335	378
UniRef90_A0A0G0CS50	25.87	335	270
UniRef90_F3L769	23.59	335	413
UniRef90_A0A0C2HBZ7	23.19	335	422
UniRef90_G5K984	25.42	335	413
UniRef90_F1YXV8	26.81	335	408
UniRef90_A0A078M7U8	27.92	335	417
UniRef90_UPI000369B437	27.36	335	420
UniRef90_R7A8I9	24.46	335	404
UniRef90_UPI0006C362A7	27.42	335	437
UniRef90_UPI00042878C9	27.59	335	340
UniRef90_UPI0005645696	27.22	335	381
UniRef90_A0A0G0ALJ2	23.03	335	332
UniRef90_UPI0003FD66D5	28.51	335	410
UniRef90_UPI000379A6A3	24.37	335	405
UniRef90_A0A0G1NJS4	26.42	335	310
UniRef90_E8JSL6	25.78	335	404
UniRef90_V4QRC8	25.83	335	407
UniRef90_R6M701	24.79	335	386
UniRef90_UPI0004786431	25.36	335	352
UniRef90_K2DMM9	24.26	335	339
UniRef90_A0A0G1VLC2	26.53	335	357
UniRef90_UPI0004271C27	25.54	335	405
UniRef90_D9W8L2	31.58	335	240
UniRef90_A0A0F7G2J4	26.20	335	386
UniRef90_Q9EY50	100.00	335	336
UniRef90_UPI0005A70A51	68.93	335	339
UniRef90_C5R8M0	68.25	335	338
UniRef90_H1X8P4	68.25	335	338
UniRef90_A0A0D1LPD1	67.36	335	338
UniRef90_G2KTS2	70.33	335	337
UniRef90_R6BAN7	39.94	335	361
UniRef90_F8HY58	62.16	335	337
UniRef90_R6DLE8	38.17	335	368
UniRef90_UPI00058BF7A5	39.47	335	348
UniRef90_UPI0003B39FB6	65.67	335	336
UniRef90_A0A075U079	66.87	335	335
UniRef90_A0A0K8MRM4	43.60	335	346
UniRef90_UPI0006945A66	41.67	335	346
UniRef90_UPI0006D2692F	47.20	335	336
UniRef90_W0EGW5	32.34	335	364
UniRef90_L0FCA5	33.24	335	360
UniRef90_A0A0K8MFU2	42.15	335	346
UniRef90_Q24ML0	32.64	335	360
UniRef90_A0A0A8JG57	40.53	335	346
UniRef90_A0A086MSZ9	23.97	335	373
UniRef90_G9WGT7	43.15	335	338
UniRef90_A0A0D1M298	55.95	335	342
UniRef90_A0A0J5PBC5	42.44	335	346
UniRef90_G7WHK0	30.84	335	360
UniRef90_F4A3D6	32.42	335	368
UniRef90_R7XST1	26.89	335	378
UniRef90_A0A0C7N876	28.49	335	362
UniRef90_D9S0Q7	33.13	335	368
UniRef90_UPI0006F668ED	26.70	335	382
UniRef90_UPI000552D8DE	29.38	335	362
UniRef90_A0A0A2TLW6	30.24	335	360
UniRef90_A0A069CVA5	58.08	335	338
UniRef90_Q2RFU9	28.78	335	363
UniRef90_UPI0002EC3AF8	37.01	335	346
UniRef90_F9DSR4	38.76	335	347
UniRef90_R5L137	36.28	335	360
UniRef90_A0A0J1F7B1	29.04	335	378
UniRef90_UPI0006FFF33D	26.04	335	378
UniRef90_UPI0006FB74D7	25.21	335	377
UniRef90_UPI000694C02D	37.35	335	349
UniRef90_E6U412	29.64	335	352
UniRef90_A0A0K8MLP3	41.11	335	347
UniRef90_UPI0004C0509F	27.42	335	372
UniRef90_A0A0A1DQ96	25.21	335	376
UniRef90_UPI00035D8F4F	39.47	335	330
UniRef90_K8Z9C4	43.41	335	332
UniRef90_UPI0006E4183A	24.51	335	373
UniRef90_R7GFF1	28.96	335	349
UniRef90_A0A0E4GA61	31.86	335	362
UniRef90_A0NJQ7	40.90	335	339
UniRef90_UPI000496F9C5	43.57	335	345
UniRef90_UPI00048B041A	26.22	335	381
UniRef90_UPI00056CCB7F	27.09	335	372
UniRef90_UPI000361AA62	24.59	335	373
UniRef90_R6VCN8	34.82	335	353
UniRef90_UPI0006F40581	23.91	335	390
UniRef90_I4DCG3	30.75	335	360
UniRef90_D7CK70	32.43	335	370
UniRef90_E4MZB5	25.42	335	372
UniRef90_UPI0006741B1C	24.65	335	369
UniRef90_UPI0004C83653	23.97	335	373
UniRef90_UPI0003A283CB	24.93	335	376
UniRef90_F5XGM2	25.83	335	370
UniRef90_A0A0F0HM12	26.26	335	372
UniRef90_UPI000702F49E	24.59	335	376
UniRef90_UPI0006FAB94F	24.53	335	383
UniRef90_UPI0006CFAF8C	43.79	335	336
UniRef90_A0A0C1XT70	23.96	335	373
UniRef90_UPI0005613BB1	25.98	335	372
UniRef90_A0A078KS75	30.49	335	350
UniRef90_A0A0F2JCT3	29.64	335	372
UniRef90_UPI00052E6095	24.30	335	373
UniRef90_E0QT81	35.28	335	364
UniRef90_UPI0004CBB724	23.71	335	383
UniRef90_D5T452	40.64	335	345
UniRef90_UPI00070365B1	24.66	335	378
UniRef90_G2FTQ2	31.44	335	360
UniRef90_UPI00056133F3	24.52	335	376
UniRef90_UPI0006FD402C	24.46	335	383
UniRef90_UPI0004BF667F	24.93	335	372
UniRef90_UPI00069B65E3	23.96	335	373
UniRef90_A0A0F2PZ44	30.27	335	358
UniRef90_R6YA69	31.34	335	347
UniRef90_K0D5T6	41.28	335	345
UniRef90_K4L6J4	28.61	335	360
UniRef90_UPI00020DA147	40.58	335	345
UniRef90_UPI00048026E2	29.27	335	361
UniRef90_UPI0006F97D34	24.45	335	379
UniRef90_A0A0M2U9H6	29.08	335	360
UniRef90_L7F714	25.68	335	376
UniRef90_UPI0005A61C34	23.76	335	373
UniRef90_R7F7I2	31.75	335	354
UniRef90_UPI0004CBC3CD	23.22	335	374
UniRef90_R6H458	27.79	335	352
UniRef90_UPI0006E394D7	24.59	335	377
UniRef90_UPI00037EFB6E	23.48	335	373
UniRef90_UPI0005EF9C4C	23.68	335	373
UniRef90_Q03VB2	41.86	335	345
UniRef90_UPI0006E21930	25.48	335	372
UniRef90_UPI00030D7F8E	46.13	335	333
UniRef90_D8MDY6	41.28	335	345
UniRef90_UPI00036B81C2	23.29	335	373
UniRef90_UPI00055A4AB9	23.66	335	384
UniRef90_UPI00056A4144	25.34	335	374
UniRef90_A0AD08	24.23	335	373
UniRef90_R7J095	29.25	335	351
UniRef90_A0A0F4JVJ6	25.42	335	372
UniRef90_H2JVN2	23.63	335	372
UniRef90_B5GMV8	23.96	335	373
UniRef90_UPI0006F2F620	26.23	335	368
UniRef90_L8PDD9	23.35	335	374
UniRef90_A0A062XLY9	42.44	335	345
UniRef90_UPI0004C190E4	23.96	335	374
UniRef90_S5VRT7	24.51	335	373
UniRef90_UPI0006EBBE3C	22.80	335	373
UniRef90_R5J4B6	28.06	335	355
UniRef90_UPI00039BD328	23.40	335	372
UniRef90_K4R7L6	25.34	335	374
UniRef90_F0T2D3	29.64	335	358
UniRef90_A1SQT3	25.56	335	383
UniRef90_A0A0L8LFL3	24.73	335	374
UniRef90_A0A0N0N8V5	24.72	335	374
UniRef90_UPI000702D75C	23.86	335	393
UniRef90_R6N186	30.06	335	352
UniRef90_Q0AU98	29.79	335	366
UniRef90_UPI000415A314	24.93	335	391
UniRef90_A0A0M2YQR8	23.69	335	388
UniRef90_A0A0C2BHQ0	22.93	335	381
UniRef90_UPI00052753EE	23.08	335	375
UniRef90_A0A0M2MYN7	22.04	335	373
UniRef90_UPI0003C7ECAA	25.82	335	373
UniRef90_UPI0003FF19F1	23.48	335	373
UniRef90_B0TI85	29.52	335	356
UniRef90_UPI0004CAF24B	23.68	335	373
UniRef90_UPI00062630CA	23.20	335	373
UniRef90_R6H5H9	25.75	335	361
UniRef90_UPI00035D6F71	23.76	335	373
UniRef90_UPI000403EAED	36.44	335	343
UniRef90_A0A0C1THD6	22.74	335	373
UniRef90_UPI0006847CDC	26.42	335	384
UniRef90_A0A0M8X911	23.37	335	378
UniRef90_E2S8N0	24.79	335	371
UniRef90_UPI00036C02D2	23.90	335	372
UniRef90_UPI00036E9119	25.00	335	375
UniRef90_J2JUA9	23.68	335	373
UniRef90_UPI0006E18190	23.58	335	374
UniRef90_R7FIN2	28.78	335	353
UniRef90_UPI000412F031	22.80	335	372
UniRef90_UPI00056A54B7	22.84	335	373
UniRef90_E9UP18	23.67	335	383
UniRef90_K4J256	39.53	335	332
UniRef90_UPI000702AE11	24.11	335	385
UniRef90_R6LWE7	28.70	335	354
UniRef90_A0A078M463	36.61	335	351
UniRef90_UPI0005CA4199	23.40	335	373
UniRef90_C2BII8	35.12	335	330
UniRef90_V6KAP4	23.55	335	372
UniRef90_S2YQT0	24.59	335	384
UniRef90_UPI0006299B2E	24.38	335	382
UniRef90_UPI000477518F	23.22	335	379
UniRef90_W9GJS7	23.33	335	372
UniRef90_UPI0004C69DC9	22.56	335	373
UniRef90_A0A0B2B6Q4	26.56	335	380
UniRef90_UPI0007027834	22.76	335	396
UniRef90_UPI00048F7316	24.26	335	383
UniRef90_UPI00058D10B9	24.52	335	368
UniRef90_UPI0003A4DE14	25.89	335	378
UniRef90_UPI0006E289B5	24.45	335	372
UniRef90_D2Q3X6	25.55	335	376
UniRef90_K9EZ19	33.14	335	338
UniRef90_UPI0004C76B6C	24.03	335	373
UniRef90_A0A0N0MVC6	23.92	335	380
UniRef90_W1TRK1	37.03	335	343
UniRef90_A0A0E9E9L3	36.01	335	332
UniRef90_UPI0006997D54	23.76	335	372
UniRef90_UPI0004755AA8	23.77	335	382
UniRef90_R6NI04	27.96	335	349
UniRef90_X0NHB1	22.93	335	373
UniRef90_R6QAK3	27.94	335	346
UniRef90_UPI0002F82BD8	35.44	335	328
UniRef90_B4V9L1	22.16	335	372
UniRef90_W9GD62	23.61	335	372
UniRef90_D7C8S7	23.27	335	372
UniRef90_F4LTV9	28.82	335	360
UniRef90_B5I692	23.50	335	404
UniRef90_A0A066YL71	23.10	335	378
UniRef90_A0A0F7FVX0	23.48	335	372
UniRef90_A0A0B7MH49	28.74	335	366
UniRef90_UPI000695F260	23.46	335	395
UniRef90_UPI0002EE14CD	33.23	335	329
UniRef90_A0A0A8EG44	23.20	335	373
UniRef90_UPI000411F6E7	24.10	335	372
UniRef90_UPI00056B9C4D	24.17	335	374
UniRef90_UPI0006295F16	25.75	335	379
UniRef90_UPI000361F007	23.55	335	375
UniRef90_D9XIM9	23.78	335	381
UniRef90_UPI0004768175	22.38	335	396
UniRef90_L8EUW6	24.51	335	372
UniRef90_Q8KLJ8	22.95	335	388
UniRef90_K7S8W9	25.87	335	388
UniRef90_H1WMY0	40.99	335	345
UniRef90_Q9RJP2	23.76	335	373
UniRef90_UPI00047B73B4	26.34	335	379
UniRef90_UPI00035F2B9A	23.77	335	399
UniRef90_A0A0L8QJC8	23.82	335	372
UniRef90_A0A0F0EL65	22.78	335	372
UniRef90_C7QDN0	25.00	335	370
UniRef90_A0A0D0SFB7	27.93	335	354
UniRef90_V6JSY5	22.87	335	392
UniRef90_E6SA16	22.50	335	372
UniRef90_UPI00068D85CE	22.47	335	405
UniRef90_A0A0F7NAD6	24.31	335	387
UniRef90_I6XSL0	23.63	335	375
UniRef90_S4T2T8	22.65	335	380
UniRef90_UPI00040F691D	23.97	335	393
UniRef90_S3BAQ6	24.45	335	376
UniRef90_U2DR77	29.12	335	374
UniRef90_UPI0005645696	22.89	335	381
UniRef90_A0A089X0E8	23.35	335	373
UniRef90_UPI0004BFF746	23.14	335	383
UniRef90_E6LDA9	40.06	335	336
UniRef90_UPI0004CA1523	24.18	335	370
UniRef90_K4LIX7	28.61	335	359
UniRef90_V9NHT5	23.22	335	388
UniRef90_UPI0006E1E3A7	23.08	335	374
UniRef90_R5XJ68	28.45	335	344
UniRef90_R9LLV9	30.70	335	350
UniRef90_UPI000688535A	24.31	335	368
UniRef90_UPI0004C35480	25.34	335	385
UniRef90_UPI00048C8ACB	24.39	335	381
UniRef90_U7JN93	24.50	335	359
UniRef90_UPI000702EF71	23.80	335	378
UniRef90_UPI0004CB3A09	24.44	335	372
UniRef90_F5SAF2	23.29	335	374
UniRef90_UPI00056D195C	23.69	335	384
UniRef90_UPI0004C73850	21.80	335	386
UniRef90_UPI00066B6715	23.48	335	372
UniRef90_R6J320	26.69	335	346
UniRef90_A0A0F7N619	22.38	335	372
UniRef90_UPI0004C1CDD0	24.73	335	378
UniRef90_S4GV56	32.14	335	356
UniRef90_UPI0006B312A0	22.65	335	384
UniRef90_UPI000686E791	23.29	335	375
UniRef90_A0A089X839	23.20	335	373
UniRef90_R5KM10	27.57	335	345
UniRef90_S5UC22	22.70	335	388
UniRef90_UPI0004C1411D	23.58	335	382
UniRef90_UPI0003B3BC57	35.86	335	366
UniRef90_UPI0004C92486	23.24	335	385
UniRef90_R6PSX8	26.27	335	343
UniRef90_C7PVD7	23.62	335	394
UniRef90_UPI0006F1CC05	23.54	335	397
UniRef90_S4TWS7	21.04	335	388
UniRef90_UPI0006E16AFB	23.31	335	386
UniRef90_R6RCP6	29.00	335	339
UniRef90_UPI00069C3207	21.85	335	423
UniRef90_U2EY28	29.52	335	356
UniRef90_UPI0006F1F40C	23.14	335	389
UniRef90_UPI00058CE486	25.07	335	384
UniRef90_F0GVH1	32.64	335	342
UniRef90_UPI0004B153D0	34.50	335	339
UniRef90_Q9XAK9	23.59	335	397
UniRef90_C7RFS6	33.23	335	341
UniRef90_E9UYS4	22.01	335	376
UniRef90_Q6A5A7	23.55	335	363
UniRef90_UPI00048905A3	26.48	335	363
UniRef90_UPI00069A0B8E	26.27	335	387
UniRef90_A0A0D4DP95	25.07	335	348
UniRef90_B0P9B7	28.83	335	349
UniRef90_A0A094QA56	23.08	335	381
UniRef90_UPI0004C1254E	24.38	335	375
UniRef90_A0A0F7G2J4	23.08	335	386
UniRef90_UPI000626A4A2	23.14	335	381
UniRef90_R6C4K0	28.02	335	368
UniRef90_UPI0003FB663C	21.49	335	375
UniRef90_C2CIK8	32.94	335	341
UniRef90_D7BLX8	30.63	335	333
UniRef90_UPI0004E0E9FE	22.68	335	380
UniRef90_D4L6U3	28.70	335	334
UniRef90_A0A0J1GPI5	27.30	335	343
UniRef90_A0A094PD77	22.07	335	370
UniRef90_S2W217	32.94	335	345
UniRef90_W0U8L7	25.66	335	366
UniRef90_C0VZY6	34.13	335	360
UniRef90_A0A098B664	21.80	335	375
UniRef90_A0A0L0KHF2	22.38	335	383
UniRef90_UPI00048B35E4	25.96	335	366
UniRef90_D6TMK4	24.62	335	351
UniRef90_A0A0J1FMG6	21.89	335	376
UniRef90_C0W092	30.36	335	342
UniRef90_A0A0L8QKT5	22.71	335	400
UniRef90_E6UIL2	25.66	335	366
UniRef90_A0A094RQK0	21.02	335	375
UniRef90_D6TGK1	24.93	335	368
UniRef90_C2BEJ3	30.27	335	344
UniRef90_UPI0005BC8C93	23.85	335	401
UniRef90_A0A0M9UCI7	26.63	335	342
UniRef90_UPI00062C1FE3	24.73	335	391
UniRef90_F2R0X2	22.64	335	405
UniRef90_A0A095YGV6	29.88	335	337
UniRef90_A0A0L8KIA8	23.58	335	396
UniRef90_A0A0M8YLC9	23.64	335	389
UniRef90_UPI000363A2C7	23.66	335	391
UniRef90_A0A094Q033	21.33	335	373
UniRef90_UPI000687FC07	30.62	335	285
UniRef90_A0A094SMT3	22.51	335	353
UniRef90_A0A0B1ZS74	22.61	335	394
UniRef90_R5T075	28.06	335	392
UniRef90_A0A0F4I4X8	22.44	335	387
UniRef90_UPI0004BEB64C	22.97	335	388
UniRef90_A0A0N0SEC7	23.20	335	383
UniRef90_K4R7L8	24.59	335	395
UniRef90_UPI00068BD0FD	23.06	335	380
UniRef90_A0A0B5HSI7	22.64	335	395
UniRef90_D1CCK2	24.40	335	370
UniRef90_E6SH15	28.92	335	368
UniRef90_A0A0L8MEL7	21.05	335	389
UniRef90_UPI0006859699	21.01	335	369
UniRef90_UPI00041EAE8E	22.29	335	383
UniRef90_A0A0J6XII4	22.59	335	389
UniRef90_UPI0004CDD884	21.88	335	391
UniRef90_UPI000524A8D0	24.64	335	390
UniRef90_A0A0G0U1R2	22.49	335	336
UniRef90_A0A0F5W1F8	23.31	335	375
UniRef90_UPI000371CC6B	21.94	335	387
UniRef90_D7C4L6	22.81	335	399
UniRef90_A0A0N0Y667	22.19	335	389
UniRef90_UPI000697752F	23.14	335	386
UniRef90_UPI0003182A53	21.90	335	409
UniRef90_A0A0M8K8G8	27.05	335	354
UniRef90_V9Z5K9	20.94	335	389
UniRef90_UPI0004CA4794	21.92	335	390
UniRef90_K6PN34	27.11	335	368
UniRef90_A0A0M9ZPL1	24.52	335	395
UniRef90_A0A089XI67	24.66	335	398
UniRef90_UPI0004CB6A9D	22.07	335	389
UniRef90_UPI0004BE4FE4	24.27	335	400
UniRef90_W9GMX0	24.00	335	399
UniRef90_A0A0G1PCW4	25.29	335	339
UniRef90_N0CPW7	23.53	335	402
UniRef90_UPI000699C51E	21.89	335	390
UniRef90_UPI0006E41A80	23.53	335	400
UniRef90_UPI0004E219A2	22.97	335	390
UniRef90_UPI00069CA424	23.14	335	402
UniRef90_UPI00037BCCC9	23.70	335	406
UniRef90_UPI0004CCB0B9	23.26	335	402
UniRef90_K2EBZ7	22.09	335	354
UniRef90_UPI0002DD97CC	23.88	335	387
UniRef90_D6X7T5	24.12	335	375
UniRef90_C7HTQ3	24.78	335	358
UniRef90_V6UI62	24.33	335	400
UniRef90_D2PL47	20.92	335	385
UniRef90_UPI0004C8EE30	22.97	335	375
UniRef90_UPI000690E9A7	21.54	335	403
UniRef90_W9GH34	24.00	335	402
UniRef90_UPI0003F90BCD	22.78	335	392
UniRef90_UPI0004C91D1A	23.53	335	378
UniRef90_L7FC84	24.51	335	381
UniRef90_A0A0G0E0Y2	23.87	335	334
UniRef90_B5I240	22.03	335	375
UniRef90_UPI0006C9323E	22.62	335	331
UniRef90_E8MY56	24.92	335	329
UniRef90_UPI0006C91237	21.27	335	372
UniRef90_F0GZ52	24.78	335	341
UniRef90_A0A0J8DIG6	21.12	335	401
UniRef90_A0A0G0L0R5	23.10	335	346
UniRef90_E6S888	25.14	335	421
UniRef90_UPI00068BDB30	21.19	335	366
UniRef90_A0A0J7YV54	23.58	335	375
UniRef90_UPI00037D608C	21.17	335	425
UniRef90_UPI0004C4E279	24.37	335	379
UniRef90_A0A094M0W5	19.29	335	378
UniRef90_I2NB29	23.08	335	393
UniRef90_UPI00064B85B6	27.30	335	377
UniRef90_A0A0G0MVD1	22.61	335	338
UniRef90_UPI00052576F4	23.23	335	376
UniRef90_K2EKR0	22.09	335	327
UniRef90_A0A0G1Y4X6	22.25	335	337
UniRef90_E8MY55	22.54	335	366
UniRef90_UPI00036AFA32	23.93	335	376
UniRef90_A0A0M9ZLN9	21.86	335	386
UniRef90_A0A0N0YFY2	22.01	335	378
UniRef90_C7D139	22.90	335	403
UniRef90_UPI000381776E	21.64	335	387
UniRef90_K2DMM9	22.58	335	339
UniRef90_A0A0G0E135	22.61	335	364
UniRef90_A0A0G0DMB4	23.10	335	334
UniRef90_I0I7F0	22.83	335	772
UniRef90_I0I7F0	22.03	335	772
UniRef90_K2FLQ0	23.30	335	344
UniRef90_UPI000694B0FD	22.69	335	418
UniRef90_K2APA1	23.12	335	352
UniRef90_A0A0G0ALJ2	22.42	335	332
UniRef90_A0A0G1NSR4	22.32	335	357
UniRef90_A0A0F0EID3	23.16	335	402
UniRef90_A5V0C0	24.35	335	366
UniRef90_K2FC26	21.94	335	360
UniRef90_UPI0006E26F90	21.68	335	391
UniRef90_UPI0003F4F1A0	20.95	335	384
UniRef90_R6YER9	27.35	335	240
UniRef90_UPI00037A2196	22.70	335	390
UniRef90_F2NLJ3	26.27	335	340
UniRef90_A0A0K1F9M7	23.31	335	382
UniRef90_A0A0G1BCT6	22.29	335	323
UniRef90_A0A0G1VLC2	21.45	335	357
UniRef90_UPI00051A7FA1	20.11	335	378
UniRef90_UPI00069CA43B	22.94	335	348
UniRef90_B7CCH9	21.76	335	404
UniRef90_A0A0G0IMB2	21.53	335	355
UniRef90_K1ZRH8	22.73	335	339
UniRef90_M7MZ39	20.28	335	396
UniRef90_A0A0G1T0K3	21.13	335	350
UniRef90_A0A0A0M787	39.76	335	248
UniRef90_UPI00034BC757	21.12	335	404
UniRef90_UPI00040A641E	20.20	335	404
UniRef90_A0A0G0HS68	19.58	335	345
UniRef90_A0A0G0F3U7	20.06	335	353
UniRef90_UPI0003A056CE	19.95	335	404
UniRef90_F8LJA7	20.66	335	404
UniRef90_A0A010PGQ5	22.86	335	390
UniRef90_UPI0003B79422	19.54	335	411
UniRef90_A0A0G0ER66	22.04	335	382
UniRef90_T1ZG88	21.88	335	404
UniRef90_A0A0E9FSF1	20.87	335	409
UniRef90_A0A0G1KUI7	21.33	335	341
UniRef90_UPI00064C05FF	23.37	335	377
UniRef90_A8R9Z3	21.85	335	428
UniRef90_UPI000255C822	22.61	335	380
UniRef90_UPI00037D96BA	20.81	335	404
UniRef90_A0A0F9ZH57	21.08	335	344
UniRef90_Q8DV07	21.32	335	404
UniRef90_E1W093	19.35	335	380
UniRef90_A0A0G0YSS0	19.17	335	347
UniRef90_A0A0A3HJ46	19.69	335	407
UniRef90_E4U7M0	24.26	335	357
UniRef90_E1IAT8	20.81	335	360
UniRef90_UPI00064BA6A5	25.73	335	373
UniRef90_UPI00037AA75C	20.66	335	406
UniRef90_UPI00069BC94A	21.41	335	361
UniRef90_F2I5N3	23.72	335	420
UniRef90_UPI00069AE0D9	20.23	335	407
UniRef90_G5K984	20.97	335	413
UniRef90_G5JYQ0	20.61	335	404
UniRef90_F3L769	21.63	335	413
UniRef90_UPI00037706C4	20.61	335	406
UniRef90_UPI000379A6A3	21.52	335	405
UniRef90_UPI000255F37F	21.41	335	406
UniRef90_A0A0G0YAN5	19.41	335	324
UniRef90_V6YZ01	20.87	335	406
UniRef90_D1CCK0	20.68	335	347
UniRef90_F5WVQ4	19.49	335	404
UniRef90_Q1J7N1	21.13	335	413
UniRef90_UPI0004021EF1	22.00	335	417
UniRef90_J3A0D2	20.30	335	404
UniRef90_UPI0002554E99	24.17	335	366
UniRef90_UPI00035E40B0	21.03	335	403
UniRef90_U5UCT9	22.11	335	408
UniRef90_UPI00048CC884	23.26	335	352
UniRef90_S3KET4	22.16	335	393
UniRef90_E8JSL6	20.10	335	404
UniRef90_F8F2N6	23.48	335	367
UniRef90_UPI0003B56981	18.53	335	380
UniRef90_B8G6V2	23.56	335	354
UniRef90_UPI00042878C9	24.85	335	340
UniRef90_M3HLC1	21.43	335	406
UniRef90_UPI00037ABA2B	21.07	335	404
UniRef90_I7WEB3	22.42	335	408
UniRef90_K1Z5N2	21.45	335	336
UniRef90_UPI00031D1F8D	20.65	335	407
UniRef90_A0A0E4CST1	21.32	335	405
UniRef90_UPI0003FB4640	18.67	335	405
UniRef90_G5JRI9	19.40	335	403
UniRef90_F4LMQ2	22.49	335	357
UniRef90_UPI000558078B	24.10	335	409
UniRef90_A0A069EUH7	21.39	335	417
UniRef90_A0A0G1D0Y0	20.49	335	388
UniRef90_F3L864	21.28	335	407
UniRef90_D7BHM5	22.36	335	346
UniRef90_G5K290	22.25	335	404
UniRef90_B9KZT5	22.97	335	340
UniRef90_X8K3A1	20.15	335	401
UniRef90_E2SNB2	20.81	335	406
UniRef90_A0A0D6DWK7	21.70	335	403
UniRef90_X0UQX3	23.90	335	267
UniRef90_V4QRC8	20.26	335	407
UniRef90_D6TGK0	18.66	335	426
UniRef90_A0A0G1P9M4	18.40	335	335
UniRef90_UPI000684E1CD	19.58	335	391
UniRef90_F3A8U0	23.35	335	404
UniRef90_A0A0G0RZ45	19.71	335	332
UniRef90_UPI000587A612	34.43	335	208
UniRef90_A7NJ44	25.07	335	366
UniRef90_A9WGL7	22.87	335	352
UniRef90_UPI00055E4231	22.16	335	340
UniRef90_D9W8L2	26.22	335	240
UniRef90_A0A0G1XQW9	18.92	335	320
UniRef90_UPI0003B47307	20.81	335	400
UniRef90_E4LQY9	20.40	335	406
UniRef90_A0A095YD48	20.48	335	384
UniRef90_S6A924	19.76	335	350
