UniRef90_A7MQG0	90.32	310	311
UniRef90_A0A089USE3	88.96	310	310
UniRef90_A0A085G1Q1	87.38	310	310
UniRef90_UPI0002A370FB	98.55	310	278
UniRef90_A0A0A1B6G1	86.08	310	310
UniRef90_D4HV35	85.81	310	311
UniRef90_Q6DA73	84.47	310	311
UniRef90_E1SCZ8	84.14	310	311
UniRef90_UPI0006F36756	84.04	310	311
UniRef90_U2LPI4	84.19	310	311
UniRef90_A0A095TJD9	84.74	310	311
UniRef90_UPI0004BA1E3F	82.58	310	311
UniRef90_U6ZJT9	82.52	310	311
UniRef90_P19910	87.10	310	306
UniRef90_Q2NR35	83.99	310	314
UniRef90_D3VIQ9	80.32	310	313
UniRef90_C5BC07	81.17	310	311
UniRef90_A0A0J8YWH2	81.23	310	314
UniRef90_K8WLK9	80.91	310	311
UniRef90_B2Q510	80.26	310	311
UniRef90_Q7MZ16	81.97	310	307
UniRef90_UPI00048B5C6B	82.51	310	313
UniRef90_A0A0H2QVL8	80.98	310	311
UniRef90_G3ADS6	78.95	310	314
UniRef90_A0A088NAL6	77.38	310	311
UniRef90_B4F2M2	76.38	310	311
UniRef90_J3TXJ0	78.62	310	374
UniRef90_U3U7S8	75.40	310	311
UniRef90_R8ATH4	75.16	310	312
UniRef90_D2TZX3	76.87	310	311
UniRef90_T1HKP5	82.58	310	435
UniRef90_Q1LTK6	75.57	310	311
UniRef90_P96174	73.77	310	310
UniRef90_A0A0F5VI27	73.38	310	309
UniRef90_A0A0K2BL79	72.64	310	313
UniRef90_D0Z066	71.99	310	309
UniRef90_A0A0F5AR73	72.40	310	314
UniRef90_U4KEV6	71.75	310	309
UniRef90_UPI000393F701	70.68	310	309
UniRef90_A0A099M7T5	71.01	310	309
UniRef90_A0A090ALC7	71.01	310	311
UniRef90_C9P2B2	70.68	310	309
UniRef90_Q9KP66	70.13	310	309
UniRef90_A0A0M4HX26	71.29	310	310
UniRef90_A0A090QXT5	71.43	310	309
UniRef90_UPI0002E323B7	70.45	310	309
UniRef90_A6D4E4	69.48	310	309
UniRef90_D0I896	71.48	310	309
UniRef90_B8K6D1	70.13	310	309
UniRef90_UPI0002483177	69.71	310	309
UniRef90_A0A0M6W804	69.48	310	321
UniRef90_A0A0A2W4U2	88.01	310	1489
UniRef90_A7MSE0	69.48	310	309
UniRef90_V5F3L3	69.71	310	318
UniRef90_M4UJ50	69.81	310	310
UniRef90_E8LTQ4	69.06	310	309
UniRef90_Q5E7U5	68.73	310	309
UniRef90_Q6LUX0	68.83	310	309
UniRef90_C4LBX2	70.78	310	307
UniRef90_E1SUK0	69.48	310	309
UniRef90_F0LRI3	69.81	310	309
UniRef90_A0A0B8QDD2	69.54	310	309
UniRef90_Q1ZM57	68.51	310	309
UniRef90_P57450	71.95	310	310
UniRef90_C5WCV0	69.23	310	309
UniRef90_W1G1G2	89.92	310	252
UniRef90_A6FE76	68.42	310	309
UniRef90_R9PFJ2	69.06	310	310
UniRef90_C1D9A7	68.08	310	308
UniRef90_H2G0D6	69.48	310	307
UniRef90_W0NZW0	70.63	310	309
UniRef90_E3BNV4	66.78	310	309
UniRef90_V1SGM7	91.67	310	230
UniRef90_A0A0J5GCD9	66.78	310	306
UniRef90_Q8K9H9	68.32	310	311
UniRef90_A0KQG0	68.09	310	306
UniRef90_A1SZR6	69.59	310	311
UniRef90_UPI00040B5F68	67.10	310	310
UniRef90_UPI000470E1D1	67.43	310	309
UniRef90_A9D3H6	67.43	310	310
UniRef90_A0A0F3KKM6	66.89	310	306
UniRef90_E0WRS2	69.36	310	312
UniRef90_G2J2S4	66.89	310	306
UniRef90_UPI0003B60561	67.86	310	307
UniRef90_A0A081N2Q2	68.40	310	306
UniRef90_B0TSQ4	67.21	310	310
UniRef90_B0TST3	65.91	310	310
UniRef90_S3EH22	66.67	310	315
UniRef90_UPI0004272C4E	66.45	310	306
UniRef90_UPI000416D22B	68.58	310	311
UniRef90_UPI000366752D	67.91	310	311
UniRef90_Q8D293	60.26	310	309
UniRef90_Q7P145	65.56	310	302
UniRef90_UPI000418DC7E	63.96	310	307
UniRef90_A0A081KFS4	65.91	310	306
UniRef90_A0A081NKL7	65.15	310	306
UniRef90_A0A084CN78	64.65	310	309
UniRef90_H6Q5U0	61.89	310	309
UniRef90_A0A0K6GXG4	64.92	310	306
UniRef90_UPI0002556291	63.31	310	307
UniRef90_UPI00042715DB	63.84	310	307
UniRef90_E8LH67	63.19	310	307
UniRef90_UPI0004E0D270	62.66	310	307
UniRef90_UPI00040D8A5B	61.24	310	308
UniRef90_UPI00040ABE01	62.21	310	307
UniRef90_UPI000375FA83	62.54	310	307
UniRef90_R5EMA6	59.93	310	307
UniRef90_UPI0003F8948F	61.97	310	314
UniRef90_A0A0C5VY41	61.64	310	311
UniRef90_A4BHB5	62.17	310	316
UniRef90_UPI0003621809	60.71	310	308
UniRef90_Q5F5P0	61.56	310	306
UniRef90_A0A080JZ11	59.93	310	306
UniRef90_F0EX35	60.26	310	306
UniRef90_UPI00055346F4	59.93	310	306
UniRef90_UPI000424E2FC	60.53	310	306
UniRef90_V9H6B5	61.18	310	307
UniRef90_G4CIA9	59.61	310	306
UniRef90_UPI00047CA22F	59.28	310	306
UniRef90_H8DW02	60.59	310	306
UniRef90_G4CTV5	59.09	310	306
UniRef90_I6F8L8	98.37	310	218
UniRef90_C4GKV6	63.61	310	306
UniRef90_C0DYF7	58.96	310	306
UniRef90_A0A0H8SQQ9	70.29	310	239
UniRef90_X2HE97	60.06	310	313
UniRef90_UPI0003807C92	71.01	310	249
UniRef90_UPI00056860BB	60.71	310	306
UniRef90_R4I0K7	72.46	310	237
UniRef90_C4K7I6	59.21	310	306
UniRef90_A0A0H7LIB2	97.67	310	172
UniRef90_A0A0G0HD61	59.14	310	304
UniRef90_G5H985	57.00	310	303
UniRef90_K2ARG3	57.10	310	309
UniRef90_A0A0B3AKW9	54.33	310	311
UniRef90_R5I557	55.30	310	302
UniRef90_A0A0D8JB34	55.48	310	302
UniRef90_A0A0G1YI55	58.47	310	306
UniRef90_E3HDR4	56.77	310	304
UniRef90_UPI0002D3F137	56.33	310	303
UniRef90_A0A0K8R0D9	55.48	310	303
UniRef90_D6YUA4	55.52	310	305
UniRef90_K1Y1A6	54.85	310	303
UniRef90_R6U192	56.86	310	301
UniRef90_W7Y6U0	53.51	310	302
UniRef90_UPI00046F8828	54.82	310	303
UniRef90_R5UVQ9	54.21	310	302
UniRef90_I3DKM9	52.32	310	301
UniRef90_UPI000648780E	53.80	310	303
UniRef90_A0A0G1N1T0	57.19	310	307
UniRef90_UPI000408B617	55.00	310	303
UniRef90_UPI0006C71911	53.33	310	303
UniRef90_UPI0006D0BB2F	52.16	310	301
UniRef90_UPI000255CEE9	56.33	310	302
UniRef90_A0A0E9LU62	54.52	310	301
UniRef90_W0EUV0	54.30	310	304
UniRef90_R7IZ74	54.15	310	307
UniRef90_UPI00047C490D	55.18	310	301
UniRef90_R6YD77	54.52	310	301
UniRef90_A6LA97	52.67	310	306
UniRef90_R7F1B9	55.15	310	306
UniRef90_U5Q3K5	53.85	310	301
UniRef90_A0A0C3MJC2	52.49	310	303
UniRef90_A0A0L8VD75	54.49	310	303
UniRef90_P77918	52.30	310	308
UniRef90_A0A0M8KED7	51.99	310	306
UniRef90_U5CFD7	52.49	310	304
UniRef90_D5EYF6	54.64	310	315
UniRef90_A0A060R8H8	52.51	310	301
UniRef90_C3WE13	53.00	310	355
UniRef90_F0LI09	52.30	310	310
UniRef90_D1W325	54.30	310	315
UniRef90_R7LG19	53.16	310	310
UniRef90_C9LHN5	52.81	310	324
UniRef90_UPI0004E28252	54.55	310	315
UniRef90_R6AT84	54.36	310	310
UniRef90_D1VWB8	53.16	310	315
UniRef90_R5FH37	54.64	310	315
UniRef90_W2CQF8	51.82	310	306
UniRef90_L0HNC9	52.96	310	304
UniRef90_L1MBU7	53.47	310	316
UniRef90_R5PZ41	53.44	310	314
UniRef90_R5GGH6	53.67	310	316
UniRef90_C6JPA7	50.83	310	312
UniRef90_R7PBF7	53.69	310	319
UniRef90_R6E7M5	55.15	310	316
UniRef90_G6B1J9	54.03	310	313
UniRef90_C3JAD9	53.67	310	304
UniRef90_E0NPJ8	53.82	310	315
UniRef90_UPI0003683912	50.17	310	307
UniRef90_UPI0006DA4DDC	51.32	310	306
UniRef90_A0A095Y1A1	53.36	310	315
UniRef90_A0A0G0VE25	52.96	310	292
UniRef90_W4URQ2	53.00	310	312
UniRef90_Q8A9S3	52.67	310	313
UniRef90_R5CVJ0	51.80	310	327
UniRef90_D1QUS4	53.82	310	333
UniRef90_R6WI56	53.27	310	315
UniRef90_R7D1C9	53.00	310	312
UniRef90_F0FAW9	53.97	310	350
UniRef90_G1W9F5	52.35	310	316
UniRef90_D8DWU0	53.67	310	318
UniRef90_A0A0B3AFG8	52.49	310	351
UniRef90_UPI000682D527	50.99	310	305
UniRef90_M4YM40	51.29	310	310
UniRef90_B5IFK3	51.64	310	304
UniRef90_UPI0003FFDCB6	53.16	310	314
UniRef90_E1KQI4	52.82	310	314
UniRef90_C6A1L6	50.00	310	306
UniRef90_UPI00056718EF	53.20	310	315
UniRef90_E4T1P7	53.20	310	301
UniRef90_E7RPI7	52.49	310	315
UniRef90_UPI00046A43E4	52.00	310	313
UniRef90_R5PBQ0	53.47	310	315
UniRef90_F8WXY4	51.00	310	305
UniRef90_D3IHX1	52.98	310	315
UniRef90_Q5JHM9	51.85	310	310
UniRef90_A0A0A2EBN7	52.84	310	302
UniRef90_UPI0006475328	52.67	310	354
UniRef90_D1AMD9	51.99	310	311
UniRef90_UPI000360D91D	52.86	310	306
UniRef90_U2L7A0	52.15	310	315
UniRef90_F5IYJ3	49.34	310	305
UniRef90_F8NCT0	53.16	310	315
UniRef90_A0A0B3AV49	52.49	310	305
UniRef90_D9RW11	53.31	310	315
UniRef90_H1HJM8	52.68	310	318
UniRef90_A0A098C0N6	53.20	310	305
UniRef90_J5TSA7	52.82	310	304
UniRef90_UPI00037B5CFD	53.04	310	306
UniRef90_A0A096ACF3	52.98	310	315
UniRef90_G8UP04	50.49	310	310
UniRef90_D1PAN1	53.31	310	315
UniRef90_UPI00036C262A	51.66	310	318
UniRef90_J9CVZ8	54.58	310	294
UniRef90_F9D181	51.99	310	318
UniRef90_A0A0B5HSB7	52.33	310	315
UniRef90_A0A0H4R5Q9	49.19	310	318
UniRef90_F3ZSW2	50.33	310	313
UniRef90_UPI0004845B22	48.34	310	356
UniRef90_UPI00047D5C9F	49.33	310	304
UniRef90_UPI0005C9D1EE	90.57	310	181
UniRef90_L1NAW5	52.67	310	302
UniRef90_G5G934	52.19	310	319
UniRef90_A6L5J9	51.33	310	313
UniRef90_H1PZD2	51.99	310	314
UniRef90_A0A099WUU5	50.00	310	309
UniRef90_A0A0G1V4A8	52.16	310	311
UniRef90_D3I0F5	51.66	310	315
UniRef90_D0GKJ6	49.51	310	311
UniRef90_H3ZLG6	50.66	310	306
UniRef90_R5GC70	51.68	310	306
UniRef90_A0A0A2G1C4	51.64	310	304
UniRef90_A0A0B3AJ82	51.00	310	303
UniRef90_A0A0A2EW84	52.00	310	303
UniRef90_R7HLN8	52.01	310	312
UniRef90_R5LCA4	50.50	310	358
UniRef90_B7AVM1	50.00	310	318
UniRef90_UPI00067892D4	51.15	310	306
UniRef90_Q7MX58	50.66	310	304
UniRef90_A0A0A2DPQ6	51.33	310	303
UniRef90_F3QXC9	52.53	310	366
UniRef90_F4KNB8	50.99	310	305
UniRef90_M9SIM4	49.03	310	309
UniRef90_UPI00048C3EAF	50.98	310	309
UniRef90_R5B7L5	52.48	310	311
UniRef90_U2QT26	48.85	310	309
UniRef90_U7V5E0	50.33	310	354
UniRef90_R7R2M2	49.67	310	306
UniRef90_UPI00035F0BFC	50.33	310	313
UniRef90_D3IE24	52.48	310	315
UniRef90_A0A099BVC3	50.66	310	315
UniRef90_Q0W5I2	49.84	310	308
UniRef90_U2P2F5	51.66	310	327
UniRef90_O30130	50.83	310	299
UniRef90_R6K7Y4	48.84	310	313
UniRef90_UPI00047C03F2	49.18	310	308
UniRef90_R9T967	49.83	310	312
UniRef90_A8PKY5	50.83	310	304
UniRef90_X0RYG2	52.00	310	304
UniRef90_A0A0A7HFV0	47.21	310	307
UniRef90_UPI0006D76551	46.89	310	306
UniRef90_UPI000288F82A	48.36	310	306
UniRef90_S8FJY6	50.00	310	313
UniRef90_D6GQ16	49.49	310	358
UniRef90_A6UQU0	50.16	310	302
UniRef90_B6YRC6	49.83	310	302
UniRef90_H1XQB8	50.00	310	306
UniRef90_F8ALX9	49.35	310	303
UniRef90_R6BZS0	47.52	310	305
UniRef90_R5X2A4	50.34	310	361
UniRef90_A0A0B4EH62	51.66	310	334
UniRef90_UPI0003653068	49.34	310	306
UniRef90_R7I5T3	48.68	310	306
UniRef90_B0MVF2	50.33	310	361
UniRef90_T0Z2Y3	50.67	310	308
UniRef90_A0A090CY08	48.33	310	317
UniRef90_A0Q2N5	48.68	310	306
UniRef90_A0A0A2FM37	52.51	310	304
UniRef90_H8I482	49.51	310	309
UniRef90_A0A0A7LGN2	48.06	310	311
UniRef90_W9DRZ3	51.66	310	308
UniRef90_A0B8L1	48.69	310	304
UniRef90_A9KNJ3	50.50	310	307
UniRef90_A0A099RNW6	49.01	310	307
UniRef90_Q97FS3	46.89	310	307
UniRef90_R5QG09	47.35	310	329
UniRef90_D3MSH5	45.31	310	307
UniRef90_D1Z300	48.70	310	309
UniRef90_V7I0N6	46.84	310	311
UniRef90_Q2FN12	49.83	310	298
UniRef90_Q9HHN4	50.00	310	310
UniRef90_U1NPS7	48.52	310	304
UniRef90_I0XB62	48.01	310	307
UniRef90_UPI00046368C7	48.52	310	306
UniRef90_UPI0005B2529B	49.34	310	307
UniRef90_A0A095YN66	47.54	310	310
UniRef90_A0A0M0BVH8	47.35	310	306
UniRef90_R6TWI1	48.18	310	306
UniRef90_A0A0J8G6R3	45.78	310	308
UniRef90_B9LND9	49.84	310	313
UniRef90_UPI00048D2E8F	47.87	310	309
UniRef90_UPI00067995B7	47.42	310	307
UniRef90_UPI0004E12196	46.69	310	309
UniRef90_L0KWV4	49.83	310	308
UniRef90_UPI000678181F	49.18	310	304
UniRef90_Q18J05	49.02	310	304
UniRef90_UPI000483A7BD	47.84	310	359
UniRef90_R9IKZ3	46.89	310	308
UniRef90_UPI0006C1E1EA	48.68	310	313
UniRef90_UPI00048409B1	48.34	310	307
UniRef90_UPI0004E24781	49.49	310	354
UniRef90_J9G8N6	57.53	310	278
UniRef90_J3JHZ5	48.53	310	303
UniRef90_U1GV89	48.01	310	307
UniRef90_A2SRK7	49.67	310	303
UniRef90_R9KJ73	47.35	310	311
UniRef90_L9WV99	49.03	310	312
UniRef90_E2NRS8	48.36	310	311
UniRef90_D3R0M6	46.43	310	310
UniRef90_U2JIN1	46.08	310	307
UniRef90_UPI0004ACDA16	49.50	310	366
UniRef90_E4NMT9	50.82	310	303
UniRef90_UPI00048B0811	48.04	310	311
UniRef90_A0A0B5HYT4	48.03	310	305
UniRef90_R6SSH6	50.53	310	340
UniRef90_U2DQS5	48.20	310	369
UniRef90_F6BAE6	50.33	310	303
UniRef90_G4RPG0	48.68	310	304
UniRef90_A0A0L0W6N5	45.57	310	307
UniRef90_A0A0H6LPE0	69.19	310	185
UniRef90_A0A017RTH8	46.05	310	307
UniRef90_R6PQ36	47.52	310	305
UniRef90_UPI00047C4ABD	47.04	310	321
UniRef90_N9XUT4	46.23	310	309
UniRef90_D2RDI2	48.68	310	299
UniRef90_H5SI60	51.67	310	306
UniRef90_A0A096BG81	47.37	310	307
UniRef90_F2NU84	48.01	310	307
UniRef90_R6FNH1	46.51	310	305
UniRef90_G9YXM9	48.03	310	352
UniRef90_U2S864	47.68	310	306
UniRef90_UPI0004748DC3	50.16	310	310
UniRef90_W6S4Q2	50.16	310	365
UniRef90_UPI0004156C1C	46.56	310	307
UniRef90_F7K2W5	48.84	310	306
UniRef90_A7VSL4	46.86	310	310
UniRef90_R7I2F5	47.87	310	309
UniRef90_D5EC24	49.03	310	308
UniRef90_Q0TRA8	46.23	310	307
UniRef90_R5L3C5	47.68	310	308
UniRef90_R4W858	48.66	310	313
UniRef90_R6DVE6	47.02	310	305
UniRef90_Q5V2T3	48.21	310	304
UniRef90_Q8TVB2	47.06	310	309
UniRef90_V2YED5	49.17	310	353
UniRef90_R6VIF9	46.67	310	362
UniRef90_E0E4K9	46.89	310	303
UniRef90_A0A0L7PBW4	47.04	310	306
UniRef90_A6NPL5	48.84	310	354
UniRef90_R6QVR6	46.23	310	358
UniRef90_A0A0J8Z1X8	49.67	310	309
UniRef90_UPI0002FE96F0	46.18	310	308
UniRef90_A0A0A0X0C8	47.06	310	306
UniRef90_Q18CS8	47.04	310	306
UniRef90_UPI00031C9C8A	47.51	310	308
UniRef90_C5VP22	47.70	310	306
UniRef90_Q3IPU8	49.34	310	300
UniRef90_K4MC54	52.23	310	292
UniRef90_A0A0B3VZS9	45.78	310	307
UniRef90_L1QDY8	46.69	310	306
UniRef90_A0A074M7S7	47.71	310	319
UniRef90_UPI00064F5056	46.58	310	307
UniRef90_F6D6H2	47.88	310	307
UniRef90_R1ARG6	45.36	310	308
UniRef90_F7XNZ6	48.68	310	308
UniRef90_C7N943	46.73	310	315
UniRef90_R9NE52	47.02	310	305
UniRef90_A0A0M0BYX2	45.85	310	304
UniRef90_A6UWP3	48.04	310	314
UniRef90_UPI00036310DC	48.36	310	304
UniRef90_K2C3M3	46.49	310	301
UniRef90_J9UU02	47.18	310	359
UniRef90_UPI00058BC24C	47.54	310	307
UniRef90_S0JEQ4	48.51	310	306
UniRef90_Q6L0F2	46.73	310	304
UniRef90_R5XIN4	46.53	310	308
UniRef90_UPI00038B8535	46.89	310	305
UniRef90_M0CQG4	47.21	310	304
UniRef90_W8TEK5	45.45	310	308
UniRef90_A0A0M2NK80	44.55	310	306
UniRef90_X0S7E2	48.32	310	296
UniRef90_R5AJU1	45.70	310	303
UniRef90_UPI0003B4C498	46.03	310	306
UniRef90_M2PM76	46.89	310	311
UniRef90_C4IHW9	45.70	310	308
UniRef90_UPI000415140E	46.23	310	307
UniRef90_R7UDY0	67.34	310	197
UniRef90_D5U6H3	47.84	310	359
UniRef90_T0LKW9	47.39	310	309
UniRef90_I3IH98	47.19	310	308
UniRef90_Q97B29	46.73	310	305
UniRef90_UPI000569895F	47.46	310	311
UniRef90_E6U848	44.92	310	355
UniRef90_H1HRP2	47.52	310	307
UniRef90_UPI000668E9C9	45.42	310	306
UniRef90_I3YNM6	49.01	310	361
UniRef90_UPI00037D2BFE	45.10	310	307
UniRef90_A0A0E3L099	49.83	310	298
UniRef90_D4GY71	48.53	310	304
UniRef90_UPI0005575853	50.19	310	306
UniRef90_A0A0E3GSB0	44.26	310	306
UniRef90_A5UMP0	46.86	310	316
UniRef90_A0A090JVW9	48.18	310	304
UniRef90_R5K088	47.52	310	310
UniRef90_U2Q361	46.69	310	307
UniRef90_F2KTB5	49.01	310	300
UniRef90_R5WFA8	48.34	310	307
UniRef90_UPI00051C4C5F	47.52	310	352
UniRef90_K1LTA2	47.04	310	312
UniRef90_V4HKX2	48.33	310	309
UniRef90_Q8THL2	49.67	310	308
UniRef90_UPI00050943FE	46.03	310	306
UniRef90_UPI00059072BF	45.10	310	307
UniRef90_A0A0L6Z5J1	45.90	310	307
UniRef90_F0T7D3	46.23	310	307
UniRef90_UPI000489D570	46.89	310	307
UniRef90_C9RI98	47.39	310	309
UniRef90_F4LP59	46.69	310	307
UniRef90_I4C6S3	51.31	310	312
UniRef90_UPI0002FBC754	49.17	310	363
UniRef90_UPI0004E25FD2	44.95	310	308
UniRef90_L1Q7H4	47.68	310	308
UniRef90_A0A0C1TXG7	45.39	310	306
UniRef90_UPI00067EF944	45.25	310	307
UniRef90_R5YG47	47.85	310	318
UniRef90_Q46DA6	48.84	310	308
UniRef90_A0A0E3WZ27	50.50	310	308
UniRef90_N6UU53	48.53	310	304
UniRef90_J4W3P3	45.36	310	309
UniRef90_UPI0005599BFA	46.03	310	315
UniRef90_C7NXH9	47.21	310	304
UniRef90_M7T3C7	46.89	310	309
UniRef90_K0AYE1	44.37	310	307
UniRef90_R5H2U6	46.36	310	305
UniRef90_UPI0006B4381D	45.72	310	309
UniRef90_Q58976	48.83	310	306
UniRef90_A0A062VCA0	47.35	310	302
UniRef90_M1YQA9	45.03	310	304
UniRef90_W0FJD3	45.87	310	310
UniRef90_H6LH59	45.25	310	308
UniRef90_S6F0I2	46.69	310	306
UniRef90_D8GT15	45.07	310	306
UniRef90_R7RTH1	44.77	310	310
UniRef90_UPI0006E2E9D6	45.25	310	307
UniRef90_F5YIX1	46.41	310	307
UniRef90_A0A0A7FZU7	45.25	310	307
UniRef90_D7DV01	50.17	310	302
UniRef90_UPI00054D8871	46.69	310	315
UniRef90_R6Q9R8	47.52	310	308
UniRef90_R5E2G3	47.54	310	317
UniRef90_F5Y9E5	46.20	310	307
UniRef90_R7NNZ7	44.74	310	348
UniRef90_A0A0F9KXP3	47.54	310	308
UniRef90_R5MGJ0	46.05	310	356
UniRef90_Q6LWQ0	48.51	310	302
UniRef90_F2L372	47.02	310	304
UniRef90_F4XA62	47.81	310	352
UniRef90_A6TVR2	45.90	310	311
UniRef90_B0A7T3	47.08	310	307
UniRef90_T0LNW0	47.04	310	307
UniRef90_R8VYW6	46.86	310	308
UniRef90_R6EQ96	47.02	310	303
UniRef90_A0A0B0EMY0	46.56	310	308
UniRef90_L0HFW4	48.17	310	298
UniRef90_B9E695	43.42	310	306
UniRef90_R6GYT1	45.70	310	304
UniRef90_R6CPZ8	47.85	310	365
UniRef90_I7J550	43.55	310	309
UniRef90_A0A0F7PD48	46.71	310	300
UniRef90_A0A089USE3	88.96	310	310
UniRef90_A7MQG0	90.32	310	311
UniRef90_A0A0F5VI27	73.38	310	309
UniRef90_D0Z066	71.99	310	309
UniRef90_UPI0006F36756	84.04	310	311
UniRef90_R8ATH4	75.16	310	312
UniRef90_A0A085G1Q1	87.38	310	310
UniRef90_A7MSE0	69.48	310	309
UniRef90_Q6DA73	84.47	310	311
UniRef90_A0A090QXT5	71.43	310	309
UniRef90_UPI0002E323B7	70.45	310	309
UniRef90_E8LTQ4	69.06	310	309
UniRef90_A0A0A1B6G1	86.08	310	310
UniRef90_Q9KP66	70.13	310	309
UniRef90_U6ZJT9	82.52	310	311
UniRef90_D4HV35	85.81	310	311
UniRef90_Q6LUX0	68.83	310	309
UniRef90_Q1ZM57	68.51	310	309
UniRef90_B8K6D1	70.13	310	309
UniRef90_Q5E7U5	68.73	310	309
UniRef90_A6D4E4	69.48	310	309
UniRef90_A0A095TJD9	84.47	310	311
UniRef90_A0A0L0W6N5	45.42	310	307
UniRef90_A0A0F5AR73	72.40	310	314
UniRef90_A0A099M7T5	71.01	310	309
UniRef90_UPI000393F701	70.68	310	309
UniRef90_F0LRI3	69.81	310	309
UniRef90_D3VIQ9	80.32	310	313
UniRef90_A0A0J8YWH2	81.23	310	314
UniRef90_U2LPI4	84.19	310	311
UniRef90_U4KEV6	71.75	310	309
UniRef90_UPI0004BA1E3F	82.58	310	311
UniRef90_P96174	73.05	310	310
UniRef90_UPI0002483177	69.71	310	309
UniRef90_C5BC07	81.17	310	311
UniRef90_V5F3L3	69.71	310	318
UniRef90_K8WLK9	80.91	310	311
UniRef90_E1SCZ8	84.14	310	311
UniRef90_I7J550	43.55	310	309
UniRef90_UPI000288F82A	47.54	310	306
UniRef90_D0I896	70.78	310	309
UniRef90_A0A0F3KKM6	66.23	310	306
UniRef90_A0A0H2QVL8	80.19	310	311
UniRef90_B4F2M2	76.38	310	311
UniRef90_Q7MZ16	81.70	310	307
UniRef90_A0A0E3GSB0	44.26	310	306
UniRef90_E1SUK0	69.48	310	309
UniRef90_B2Q510	80.26	310	311
UniRef90_R7RTH1	44.48	310	310
UniRef90_A0A0A7FZU7	45.10	310	307
UniRef90_UPI000489D570	46.41	310	307
UniRef90_H2G0D6	69.48	310	307
UniRef90_A0Q2N5	47.88	310	306
UniRef90_A0A017RTH8	45.93	310	307
UniRef90_UPI00048B5C6B	82.51	310	313
UniRef90_A0A0J5GCD9	66.12	310	306
UniRef90_C9P2B2	70.68	310	309
UniRef90_R9KJ73	46.89	310	311
UniRef90_N9XUT4	45.78	310	309
UniRef90_M4UJ50	69.81	310	310
UniRef90_UPI0005521DE6	43.83	310	308
UniRef90_K0AYE1	43.61	310	307
UniRef90_G2J2S4	66.23	310	306
UniRef90_A0A0B8QDD2	68.40	310	309
UniRef90_R7R2M2	48.85	310	306
UniRef90_A0A0L6Z5J1	45.10	310	307
UniRef90_E3BNV4	66.78	310	309
UniRef90_A6FE76	67.75	310	309
UniRef90_R6BZS0	47.52	310	305
UniRef90_Q2NR35	83.99	310	314
UniRef90_A0A0A7HFV0	47.08	310	307
UniRef90_UPI000415140E	46.08	310	307
UniRef90_Q97FS3	47.06	310	307
UniRef90_A0A096BG81	46.91	310	307
UniRef90_S0JEQ4	47.88	310	306
UniRef90_R9PFJ2	69.06	310	310
UniRef90_R6CGD2	46.25	310	306
UniRef90_A0A0K6GXG4	64.29	310	306
UniRef90_R5QG09	47.02	310	329
UniRef90_R9IKZ3	46.56	310	308
UniRef90_D4JH74	46.20	310	306
UniRef90_C1D9A7	68.08	310	308
UniRef90_Q7P145	64.92	310	302
UniRef90_D8GT15	44.92	310	306
UniRef90_S3EH22	66.67	310	315
UniRef90_UPI0004272C4E	65.80	310	306
UniRef90_UPI000509C53B	44.77	310	307
UniRef90_C4LBX2	70.78	310	307
UniRef90_A0A0C1TXG7	45.25	310	306
UniRef90_A0A084JF36	44.77	310	307
UniRef90_R5P6M6	46.41	310	306
UniRef90_S6F0I2	46.08	310	306
UniRef90_B0TSQ4	67.21	310	310
UniRef90_UPI00059072BF	45.10	310	307
UniRef90_UPI0004156C1C	46.10	310	307
UniRef90_R6FNH1	46.36	310	305
UniRef90_UPI0003B340FA	44.37	310	303
UniRef90_A0A0L7PBW4	46.25	310	306
UniRef90_U2CML6	43.69	310	398
UniRef90_B1INE7	44.44	310	307
UniRef90_A0A037Z074	44.12	310	307
UniRef90_UPI0006D42029	43.51	310	310
UniRef90_Q0TRA8	46.25	310	307
UniRef90_UPI0004E12196	46.38	310	309
UniRef90_UPI00037D2BFE	45.10	310	307
UniRef90_UPI00050943FE	45.42	310	306
UniRef90_UPI00040B5F68	67.10	310	310
UniRef90_A0A0J8G6R3	46.10	310	308
UniRef90_L1QDY8	46.08	310	306
UniRef90_C4IHW9	45.54	310	308
UniRef90_UPI0004965CD9	42.53	310	307
UniRef90_UPI00047DB161	45.75	310	307
UniRef90_D2TZX3	76.87	310	311
UniRef90_UPI0006C53E94	46.41	310	307
UniRef90_R5H2U6	45.90	310	305
UniRef90_UPI0004AEB0DF	45.13	310	319
UniRef90_A0KQG0	67.43	310	306
UniRef90_UPI00058BC24C	47.39	310	307
UniRef90_A0A088NAL6	77.38	310	311
UniRef90_UPI00047C4ABD	46.45	310	321
UniRef90_UPI00067EF944	45.10	310	307
UniRef90_R7N1M3	44.59	310	304
UniRef90_UPI0006E2E9D6	45.10	310	307
UniRef90_UPI00040427CD	44.44	310	308
UniRef90_UPI0003B4C498	45.70	310	306
UniRef90_R5MF71	45.90	310	307
UniRef90_R9NE52	45.90	310	305
UniRef90_G3ADS6	78.43	310	314
UniRef90_UPI0003B60561	67.86	310	307
UniRef90_UPI000668E9C9	45.42	310	306
UniRef90_A0A081N2Q2	68.52	310	306
UniRef90_A0A095YN66	47.08	310	310
UniRef90_A9D3H6	67.43	310	310
UniRef90_V9H2E0	45.42	310	308
UniRef90_B9E695	43.28	310	306
UniRef90_B0TST3	66.12	310	310
UniRef90_UPI0006864E48	45.03	310	319
UniRef90_UPI0005D247AB	45.42	310	307
UniRef90_UPI00054D8871	46.36	310	315
UniRef90_UPI000470E1D1	67.43	310	309
UniRef90_W7Y6U0	52.81	310	302
UniRef90_UPI00040ABE01	62.21	310	307
UniRef90_R5UN83	44.12	310	306
UniRef90_P19910	86.13	310	306
UniRef90_R6S2P8	46.08	310	305
UniRef90_UPI000416D22B	68.58	310	311
UniRef90_A0A0H3J9I3	44.12	310	307
UniRef90_F5YIX1	46.41	310	307
UniRef90_R7IT44	45.51	310	313
UniRef90_U6EYA3	44.12	310	307
UniRef90_F3B8U1	45.10	310	306
UniRef90_UPI0006D76551	46.89	310	306
UniRef90_A0A0M2NK80	44.12	310	306
UniRef90_A0A081KFS4	65.91	310	306
UniRef90_UPI00040D8A5B	61.24	310	308
UniRef90_UPI000418DC7E	63.96	310	307
UniRef90_E6LNJ2	46.20	310	304
UniRef90_R6PQ36	46.73	310	305
UniRef90_B2TNG3	44.26	310	307
UniRef90_T0PQ67	43.46	310	307
UniRef90_UPI0004DB8068	44.26	310	304
UniRef90_UPI0005B2944B	43.14	310	307
UniRef90_UPI0004E26629	46.41	310	308
UniRef90_A7VSL4	46.53	310	310
UniRef90_UPI00042715DB	63.84	310	307
UniRef90_A1SZR6	69.59	310	311
UniRef90_U3U7S8	75.40	310	311
UniRef90_A0A099RNW6	48.51	310	307
UniRef90_A0A0K8J4T1	45.87	310	310
UniRef90_UPI0004E0D270	62.66	310	307
UniRef90_A0A081NKL7	65.15	310	306
UniRef90_U2S864	47.06	310	306
UniRef90_A0A0K2BL79	72.64	310	313
UniRef90_P77918	52.12	310	308
UniRef90_A6LS54	45.54	310	308
UniRef90_C5VP22	46.91	310	306
UniRef90_UPI0006D83D82	44.08	310	305
UniRef90_F7V7E0	45.70	310	309
UniRef90_UPI0006C1E1EA	48.51	310	313
UniRef90_J3TXJ0	78.36	310	374
UniRef90_UPI0005599BFA	45.70	310	315
UniRef90_R5AJU1	46.03	310	303
UniRef90_UPI000559464A	43.42	310	307
UniRef90_M1YQA9	44.88	310	304
UniRef90_Q18CS8	46.58	310	306
UniRef90_A6BEH3	45.42	310	305
UniRef90_UPI00054F84EB	43.51	310	314
UniRef90_U2JIN1	46.08	310	307
UniRef90_UPI0005575853	45.25	310	306
UniRef90_N2BBM0	47.06	310	306
UniRef90_G5IFL2	45.90	310	307
UniRef90_R6DVE6	46.08	310	305
UniRef90_R5BA85	43.75	310	304
UniRef90_Q5F5P0	61.56	310	306
UniRef90_A0A0A1SAQ7	44.63	310	308
UniRef90_R5TP18	45.10	310	305
UniRef90_R7QWH8	45.10	310	306
UniRef90_W8TEK5	45.13	310	308
UniRef90_UPI0004893447	43.89	310	304
UniRef90_UPI00025554DC	44.77	310	307
UniRef90_F2NU84	47.06	310	307
UniRef90_R6TWI1	47.71	310	306
UniRef90_I0XB62	47.71	310	307
UniRef90_UPI000569895F	47.16	310	311
UniRef90_R6GYT1	45.21	310	304
UniRef90_UPI0002556291	63.31	310	307
UniRef90_UPI00055346F4	59.93	310	306
UniRef90_R5EMA6	59.93	310	307
UniRef90_UPI0004B6F993	46.08	310	306
UniRef90_Q1LTK6	75.32	310	311
UniRef90_E0RXP2	44.70	310	318
UniRef90_E7GKP1	45.25	310	307
UniRef90_E0E4K9	46.89	310	303
UniRef90_F3AJS1	44.77	310	305
UniRef90_U5MNZ5	42.90	310	308
UniRef90_F7K2W5	48.20	310	306
UniRef90_R6G9G0	43.00	310	306
UniRef90_R1ARG6	45.42	310	308
UniRef90_UPI000424E2FC	59.93	310	306
UniRef90_R5L3C5	47.35	310	308
UniRef90_U2Q361	46.53	310	307
UniRef90_F8EXZ0	44.44	310	309
UniRef90_F4LP59	46.08	310	307
UniRef90_UPI0006C7B259	43.56	310	307
UniRef90_F0LI09	52.12	310	310
UniRef90_UPI000480D53E	45.90	310	305
UniRef90_A8RWS3	43.56	310	307
UniRef90_F3AAK1	44.88	310	308
UniRef90_D3MSH5	45.31	310	307
UniRef90_UPI00048409B1	47.52	310	307
UniRef90_UPI0005D27D2E	45.42	310	305
UniRef90_UPI0005D136CA	45.21	310	307
UniRef90_H1HRP2	46.86	310	307
UniRef90_R6RP58	46.08	310	307
UniRef90_A0A0B3VZS9	45.45	310	307
UniRef90_UPI000375FA83	62.54	310	307
UniRef90_UPI0006B53E9E	44.55	310	304
UniRef90_U1GV89	47.06	310	307
UniRef90_H8DW02	60.59	310	306
UniRef90_D4JB21	44.92	310	307
UniRef90_UPI000366752D	67.91	310	311
UniRef90_UPI000648780E	52.46	310	303
UniRef90_UPI00048B0811	47.39	310	311
UniRef90_W0EUV0	52.77	310	304
UniRef90_R6EQ96	46.69	310	303
UniRef90_D4K3S7	45.87	310	313
UniRef90_G4CTV5	59.09	310	306
UniRef90_A9KNJ3	50.17	310	307
UniRef90_V9H6B5	60.59	310	307
UniRef90_R6LVL1	43.14	310	306
UniRef90_R9JAU1	45.36	310	304
UniRef90_D4L3F8	44.22	310	302
UniRef90_B0S198	44.59	310	306
UniRef90_R6RUV0	45.25	310	307
UniRef90_R6J1S2	44.70	310	308
UniRef90_UPI0006B4381D	45.72	310	309
UniRef90_A0A0M4HX26	71.29	310	310
UniRef90_F0EX35	60.26	310	306
UniRef90_UPI0002D3F137	55.78	310	303
UniRef90_R5YMS4	46.23	310	304
UniRef90_U5CFD7	51.47	310	304
UniRef90_C0CJ76	44.41	310	302
UniRef90_E2NRS8	48.36	310	311
UniRef90_M2PM76	46.08	310	311
UniRef90_UPI0003B6562A	42.26	310	318
UniRef90_D4LTX9	44.30	310	306
UniRef90_UPI00046F8828	54.00	310	303
UniRef90_R7I2F5	47.54	310	309
UniRef90_H6LH59	44.63	310	308
UniRef90_R5XIN4	46.69	310	308
UniRef90_R5D2F4	44.77	310	305
UniRef90_B0A7T3	46.75	310	307
UniRef90_E8LH67	63.19	310	307
UniRef90_UPI000315C789	45.42	310	308
UniRef90_T1HKP5	82.01	310	435
UniRef90_B7AT77	45.90	310	312
UniRef90_R5I557	54.93	310	302
UniRef90_B5CQJ0	46.28	310	313
UniRef90_D3R0M6	45.78	310	310
UniRef90_R6ZN68	46.23	310	305
UniRef90_R6I509	46.20	310	362
UniRef90_D9R2B3	44.22	310	304
UniRef90_UPI00056EC28B	45.25	310	306
UniRef90_UPI000557B5EA	45.75	310	306
UniRef90_A0A0C5VY41	61.64	310	311
UniRef90_R6G5K0	46.41	310	308
UniRef90_G5H985	56.44	310	303
UniRef90_A7VEE6	46.86	310	304
UniRef90_UPI000404BE65	43.32	310	306
UniRef90_A5Z3U8	46.56	310	308
UniRef90_G4CIA9	59.61	310	306
UniRef90_F5Y9E5	45.90	310	307
UniRef90_UPI0004E1F055	46.89	310	307
UniRef90_R7JVP6	43.79	310	306
UniRef90_R6VRQ2	47.35	310	361
UniRef90_UPI0003F704CF	46.56	310	305
UniRef90_W0FJD3	45.54	310	310
UniRef90_R5WFA8	47.19	310	307
UniRef90_R7LG19	52.79	310	310
UniRef90_UPI00047F8F4C	43.93	310	305
UniRef90_R5UVQ9	53.85	310	302
UniRef90_A0A084CN78	64.86	310	309
UniRef90_R5YBU5	42.81	310	306
UniRef90_A0A0M8KED7	51.14	310	306
UniRef90_R7H8L1	45.25	310	307
UniRef90_A0A0B3AKW9	53.80	310	311
UniRef90_E0NLP6	45.07	310	304
UniRef90_R6K4C3	44.92	310	305
UniRef90_R5D732	44.37	310	304
UniRef90_R9LL13	44.74	310	304
UniRef90_A6LA97	51.47	310	306
UniRef90_UPI0006BB76BF	45.10	310	308
UniRef90_C6LLC7	44.41	310	311
UniRef90_R7I5T3	48.68	310	306
UniRef90_A0A0D0SCD3	44.44	310	307
UniRef90_UPI00047CA22F	59.28	310	306
UniRef90_UPI00065E5307	43.46	310	306
UniRef90_UPI0002A370FB	98.55	310	278
UniRef90_R6LVX7	46.53	310	307
UniRef90_A0A090ALC7	70.55	310	311
UniRef90_UPI0003B75801	46.56	310	309
UniRef90_R5KZX1	46.89	310	304
UniRef90_R8VYW6	46.86	310	308
UniRef90_A0A0D8JB34	55.48	310	302
UniRef90_R5E5N8	45.39	310	304
UniRef90_UPI00046368C7	47.73	310	306
UniRef90_R6CPZ8	47.85	310	365
UniRef90_F7KUA8	43.46	310	305
UniRef90_V8BYT2	43.46	310	306
UniRef90_A0A0L6U0U1	43.65	310	309
UniRef90_UPI000565E46E	43.42	310	319
UniRef90_B0MVF2	50.17	310	361
UniRef90_R5K088	47.19	310	310
UniRef90_D5HEG4	43.93	310	309
UniRef90_A0A0C3MJC2	52.15	310	303
UniRef90_A0A060R8H8	52.33	310	301
UniRef90_R6U192	56.33	310	301
UniRef90_R5YG47	47.54	310	318
UniRef90_A0A095Y1A1	51.79	310	315
UniRef90_UPI00056718EF	51.63	310	315
UniRef90_K1Y1A6	54.30	310	303
UniRef90_R7D1C9	52.12	310	312
UniRef90_UPI0002FE96F0	45.39	310	308
UniRef90_D1PAN1	51.79	310	315
UniRef90_J0MZ77	45.87	310	328
UniRef90_C0ESK1	46.20	310	309
UniRef90_R6WI56	52.44	310	315
UniRef90_D7N769	43.09	310	304
UniRef90_L1Q7H4	46.53	310	308
UniRef90_R6AT84	53.27	310	310
UniRef90_I3YNM6	48.34	310	361
UniRef90_UPI000255CEE9	54.79	310	302
UniRef90_D7GVR9	46.23	310	307
UniRef90_UPI0003621809	60.39	310	308
UniRef90_D5EYF6	53.42	310	315
UniRef90_J4W3P3	44.30	310	309
UniRef90_A6L5J9	50.49	310	313
UniRef90_R5E263	47.52	310	313
UniRef90_R6C6L3	47.04	310	366
UniRef90_UPI0002FBC754	49.01	310	363
UniRef90_A0A0M6W804	69.48	310	321
UniRef90_N2B8E1	45.10	310	306
UniRef90_D1QUS4	53.27	310	333
UniRef90_D4S0C3	44.63	310	311
UniRef90_UPI00047C03F2	48.69	310	308
UniRef90_R5FH37	53.09	310	315
UniRef90_UPI0004E28252	53.42	310	315
UniRef90_UPI0006C71911	52.81	310	303
UniRef90_D1PMV6	46.20	310	317
UniRef90_W6S4Q2	49.67	310	365
UniRef90_Q5JHM9	50.67	310	310
UniRef90_G4D2L0	44.92	310	305
UniRef90_U2DQS5	48.20	310	369
UniRef90_UPI00059372BB	44.88	310	305
UniRef90_R5HFH3	43.46	310	305
UniRef90_R6E7M5	53.90	310	316
UniRef90_A0A0A2ET59	44.85	310	356
UniRef90_A0A080JZ11	59.93	310	306
UniRef90_R5B0J2	44.92	310	304
UniRef90_R5CVJ0	51.46	310	327
UniRef90_UPI00055204BC	46.08	310	307
UniRef90_E4L0Y3	45.36	310	303
UniRef90_G1W9F5	51.82	310	316
UniRef90_E4T1P7	52.49	310	301
UniRef90_R7BHF1	45.54	310	315
UniRef90_UPI00047E6E1E	45.10	310	306
UniRef90_UPI00046A43E4	51.14	310	313
UniRef90_A4BHB5	61.97	310	316
UniRef90_UPI000288D112	46.03	310	303
UniRef90_R6V1K5	46.25	310	306
UniRef90_R6Q9R8	47.19	310	308
UniRef90_C0DYF7	58.96	310	306
UniRef90_A0A069RG97	41.83	310	307
UniRef90_R5R3S9	45.21	310	315
UniRef90_D3IHX1	51.47	310	315
UniRef90_D8DWU0	51.47	310	318
UniRef90_E0NPJ8	53.29	310	315
UniRef90_UPI0006D0BB2F	51.82	310	301
UniRef90_Q8A9S3	51.79	310	313
UniRef90_G4KU19	46.49	310	308
UniRef90_D1W325	52.77	310	315
UniRef90_D3IE24	50.81	310	315
UniRef90_UPI00036C262A	50.49	310	318
UniRef90_B6FVZ9	44.92	310	307
UniRef90_W2BZN3	43.71	310	306
UniRef90_V7I0N6	46.36	310	311
UniRef90_F8WXY4	50.16	310	305
UniRef90_A0A0A2EBN7	52.15	310	302
UniRef90_C5WCV0	68.90	310	309
UniRef90_R6NXT2	45.87	310	313
UniRef90_E7RPI7	51.96	310	315
UniRef90_R6K7Y4	48.51	310	313
UniRef90_R5T9R2	47.85	310	305
UniRef90_D1VWB8	52.44	310	315
UniRef90_E3GQ53	43.18	310	308
UniRef90_A0A096ACF3	51.79	310	315
UniRef90_UPI000487290F	44.44	310	307
UniRef90_R5NTV2	47.21	310	320
UniRef90_H1HJM8	51.47	310	318
UniRef90_R5X2A4	49.50	310	361
UniRef90_R7I6P0	45.54	310	316
UniRef90_UPI00051B430E	46.53	310	304
UniRef90_R7NNZ7	43.97	310	348
UniRef90_B5IFK3	51.14	310	304
UniRef90_R5PBQ0	51.14	310	315
UniRef90_U7USJ3	44.74	310	305
UniRef90_R5NIX4	45.87	310	315
UniRef90_U2P2F5	50.33	310	327
UniRef90_UPI0002FD14B4	45.95	310	308
UniRef90_R5CH48	44.44	310	305
UniRef90_R6Z2A4	46.53	310	304
UniRef90_R6U9H5	44.88	310	304
UniRef90_A0A0J8Z1X8	49.18	310	309
UniRef90_U2L7A0	50.16	310	315
UniRef90_R5GGH6	52.94	310	316
UniRef90_V2XIP7	46.20	310	304
UniRef90_C9LHN5	52.81	310	324
UniRef90_W4URQ2	52.12	310	312
UniRef90_R5A7Y2	44.55	310	311
UniRef90_UPI000408B617	54.82	310	303
UniRef90_UPI0004ACDA16	49.17	310	366
UniRef90_A0A0J1GF71	45.92	310	294
UniRef90_F8NCT0	52.12	310	315
UniRef90_R5E2G3	46.53	310	317
UniRef90_R5BV82	46.86	310	360
UniRef90_L0HNC9	52.44	310	304
UniRef90_A0A0E9LU62	53.80	310	301
UniRef90_A0A0K8R0D9	55.12	310	303
UniRef90_G6B1J9	53.47	310	313
UniRef90_UPI00031C9C8A	47.04	310	308
UniRef90_UPI0004808132	46.36	310	304
UniRef90_E3PUS3	45.07	310	357
UniRef90_R6QQE0	45.54	310	305
UniRef90_R6AL83	43.89	310	307
UniRef90_B1C952	44.81	310	308
UniRef90_R7PBF7	53.11	310	319
UniRef90_R6FHY1	46.53	310	315
UniRef90_R5PZ41	53.14	310	314
UniRef90_A0A099BVC3	49.51	310	315
UniRef90_R6C7U7	44.33	310	361
UniRef90_L1MBU7	53.29	310	316
UniRef90_F0FAW9	52.77	310	350
UniRef90_C4G9E9	45.78	310	399
UniRef90_A6TVR2	45.28	310	311
UniRef90_A0A090JMM7	43.93	310	304
UniRef90_L1NAW5	52.15	310	302
UniRef90_E5XHH3	46.86	310	317
UniRef90_U5Q3K5	53.31	310	301
UniRef90_D6GQ16	48.18	310	358
UniRef90_E1KQI4	51.79	310	314
UniRef90_F9D181	50.49	310	318
UniRef90_E3HDR4	56.44	310	304
UniRef90_R6QVR6	45.93	310	358
UniRef90_UPI00048D2E8F	47.67	310	309
UniRef90_D3I0F5	50.16	310	315
UniRef90_K1LTA2	46.58	310	312
UniRef90_R5MGJ0	45.25	310	356
UniRef90_I5AR02	45.42	310	315
UniRef90_UPI0003F8948F	61.76	310	314
UniRef90_UPI0003FFDCB6	52.44	310	314
UniRef90_X2HE97	60.06	310	313
UniRef90_R7F1B9	54.97	310	306
UniRef90_X8K1Y7	45.57	310	374
UniRef90_A0A095XHJ6	43.75	310	312
UniRef90_R5ZQD9	44.81	310	320
UniRef90_D9RW11	51.79	310	315
UniRef90_UPI0006DA4DDC	50.49	310	306
UniRef90_R7NDK7	45.21	310	313
UniRef90_R6DST3	42.72	310	308
UniRef90_C3JAD9	52.63	310	304
UniRef90_D9SWU0	44.74	310	321
UniRef90_G5GF41	43.14	310	307
UniRef90_R7K2Q2	45.42	310	307
UniRef90_C7HU82	45.78	310	309
UniRef90_B7AVM1	48.38	310	318
UniRef90_F5IYJ3	48.86	310	305
UniRef90_E7MLR6	45.90	310	309
UniRef90_H1PJY2	45.10	310	374
UniRef90_A0A0A2DSL4	47.02	310	360
UniRef90_R5E9S7	44.88	310	306
