UniRef90_P52209	94.50	473	483
UniRef90_K9ISV2	93.78	473	498
UniRef90_A0A0G2K7Q8	83.33	473	1089
UniRef90_G1T7Z0	91.14	473	644
UniRef90_UPI0003BB9F53	83.93	473	517
UniRef90_Q6TNR8	86.68	473	483
UniRef90_W5MI34	87.08	473	496
UniRef90_Q5ZIZ0	88.79	473	483
UniRef90_G3IHY5	89.34	473	483
UniRef90_B4E2U0	90.06	473	461
UniRef90_V9KQ70	84.57	473	483
UniRef90_UPI0006D9234A	95.91	473	536
UniRef90_H3AZU8	87.95	473	483
UniRef90_Q6PB25	84.86	473	482
UniRef90_M4AAA0	85.84	473	483
UniRef90_S7PUH6	86.22	473	482
UniRef90_UPI0005F51B73	89.98	473	460
UniRef90_H0X484	86.92	473	483
UniRef90_S9YL24	89.88	473	2680
UniRef90_A0A0F8C4C6	84.96	473	493
UniRef90_UPI00063F5DB5	86.78	473	460
UniRef90_L9L121	90.52	473	604
UniRef90_UPI0004628B8B	89.19	473	1779
UniRef90_UPI0006443616	85.62	473	438
UniRef90_A0A091DHH8	86.93	473	1698
UniRef90_A0A091G3V6	83.30	473	482
UniRef90_UPI0006EAFA69	89.24	473	497
UniRef90_UPI000533C3BD	86.22	473	488
UniRef90_UPI0006447559	85.81	473	460
UniRef90_UPI0002C2E982	86.85	473	505
UniRef90_A0A0G2BZJ8	85.36	473	484
UniRef90_UPI000661C146	85.47	473	448
UniRef90_UPI0006978EFC	79.24	473	484
UniRef90_UPI0001CBB109	76.91	473	484
UniRef90_H2ZK97	76.48	473	482
UniRef90_A0A0K2UC83	78.77	473	484
UniRef90_K1RH70	77.02	473	484
UniRef90_T1JHS4	76.86	473	493
UniRef90_UPI0006B0E3CF	78.39	473	484
UniRef90_B3S0A8	75.85	473	486
UniRef90_T1K9E7	76.06	473	483
UniRef90_V4AME8	75.42	473	484
UniRef90_UPI0005B7E76D	94.50	473	449
UniRef90_Q7M451	74.95	473	483
UniRef90_A7SLT6	76.86	473	484
UniRef90_R7TUN9	74.79	473	485
UniRef90_W4Z8A7	75.80	473	488
UniRef90_S4NIL1	74.63	473	483
UniRef90_A0A067R6F0	74.53	473	485
UniRef90_UPI00067B67D5	73.52	473	483
UniRef90_F2U6H9	72.67	473	484
UniRef90_UPI000359D655	74.42	473	701
UniRef90_UPI000625099A	75.42	473	482
UniRef90_A0A088AKI3	74.95	473	482
UniRef90_F4W8J1	74.31	473	512
UniRef90_I1G2A2	72.63	473	487
UniRef90_C3XPZ3	77.75	473	485
UniRef90_A0A0B7ANW8	73.57	473	484
UniRef90_A0A023GKZ0	75.64	473	495
UniRef90_A0A026WU10	73.25	473	482
UniRef90_G6DIP9	75.27	473	468
UniRef90_K7J4Y2	76.53	473	482
UniRef90_E9GAM5	75.37	473	485
UniRef90_Q1HPX8	74.36	473	483
UniRef90_UPI0005F547B6	72.40	473	502
UniRef90_B7Q1Y2	75.42	473	507
UniRef90_UPI000675CBF9	71.82	473	483
UniRef90_A0A0C7AZP2	73.67	473	483
UniRef90_UPI00026588D2	72.48	473	491
UniRef90_F7DRC3	74.04	473	480
UniRef90_A0A090LFZ1	72.84	473	486
UniRef90_R4FP78	71.76	473	483
UniRef90_A9UTY9	70.76	473	484
UniRef90_A0A0A9YAC6	73.15	473	483
UniRef90_J9K6N9	73.73	473	482
UniRef90_T2MF87	73.19	473	485
UniRef90_F4PAA2	71.25	473	484
UniRef90_A0A0L0G4P8	70.49	473	490
UniRef90_W2SJW1	70.29	473	486
UniRef90_Q17761	69.47	473	484
UniRef90_F1L0I1	72.42	473	503
UniRef90_A0A0N4ZFG9	72.69	473	486
UniRef90_E2BRV2	72.19	473	482
UniRef90_UPI0006CF0271	71.46	473	484
UniRef90_D6WKP5	70.34	473	482
UniRef90_UPI0006C94352	72.82	473	482
UniRef90_B9XE88	68.50	473	484
UniRef90_H3E395	69.56	473	494
UniRef90_UPI0006D504A9	68.37	473	483
UniRef90_I1BQ61	71.67	473	483
UniRef90_A0A068SCE3	70.82	473	485
UniRef90_G3QQ01	93.75	473	369
UniRef90_J3JTE6	70.13	473	486
UniRef90_A0A068RME4	71.46	473	484
UniRef90_O60037	69.98	473	485
UniRef90_F8L105	67.09	473	483
UniRef90_A0A0L0STP1	67.44	473	499
UniRef90_I3ZM26	69.20	473	486
UniRef90_D6YUB8	68.08	473	484
UniRef90_A0A0N5D8F2	70.89	473	489
UniRef90_UPI0005CE0CC5	71.80	473	467
UniRef90_I7A2Y0	66.24	473	483
UniRef90_L7VV64	67.37	473	483
UniRef90_A0A0B7N6S7	70.49	473	486
UniRef90_UPI00036395CA	68.37	473	485
UniRef90_P41572	72.25	473	481
UniRef90_T1PF07	71.88	473	481
UniRef90_A8XRN3	67.37	473	484
UniRef90_UPI00062B9F2D	91.55	473	394
UniRef90_P41570	72.09	473	481
UniRef90_B4M766	71.82	473	481
UniRef90_UPI000376CC46	67.94	473	486
UniRef90_Q01QS5	67.86	473	485
UniRef90_UPI000509CBE2	66.03	473	482
UniRef90_I6P139	72.87	473	444
UniRef90_A0A0L0HB23	68.51	473	512
UniRef90_B4L7S4	71.82	473	481
UniRef90_A0A015I485	67.71	473	491
UniRef90_B4CVV1	66.31	473	484
UniRef90_A0A0J9XVF7	69.49	473	472
UniRef90_G8NR23	66.95	473	487
UniRef90_D3TML0	70.76	473	481
UniRef90_W5JG40	70.34	473	482
UniRef90_UPI00030195D0	66.88	473	486
UniRef90_T1ECZ5	68.83	473	490
UniRef90_F8L6N2	65.33	473	484
UniRef90_UPI000555C455	67.30	473	486
UniRef90_A0A0C1H885	65.82	473	511
UniRef90_A0A075AS95	70.72	473	528
UniRef90_A0A0B7NH14	69.00	473	483
UniRef90_A0A077ZEL0	66.18	473	486
UniRef90_A0A081BP72	64.48	473	483
UniRef90_H6C2N9	67.92	473	490
UniRef90_A0A0C2XM62	66.04	473	489
UniRef90_A0A0C3JY29	67.30	473	491
UniRef90_UPI0004CCB45C	70.28	473	482
UniRef90_E5S7F6	65.34	473	489
UniRef90_A0A090D2V2	65.47	473	486
UniRef90_UPI000237CA24	63.56	473	484
UniRef90_UPI0003FC42D2	65.89	473	484
UniRef90_A0A078L2Y5	66.24	473	483
UniRef90_H9UIK0	66.03	473	483
UniRef90_Q876C3	67.63	473	493
UniRef90_A6DTK1	64.56	473	482
UniRef90_E7A0E7	69.38	473	492
UniRef90_G1XES1	67.57	473	522
UniRef90_L7MMB5	74.89	473	575
UniRef90_L7MMB5	67.86	473	575
UniRef90_G7NU58	74.44	473	445
UniRef90_A0A0D1ZTP4	67.09	473	506
UniRef90_UPI0006735D7E	64.62	473	484
UniRef90_UPI00037CB725	64.19	473	484
UniRef90_Q6CEH4	68.79	473	489
UniRef90_A0A0C3SF57	67.71	473	491
UniRef90_F5Y9G9	64.42	473	483
UniRef90_I3I5R5	64.62	473	484
UniRef90_UPI0004408C00	66.46	473	496
UniRef90_A0A066VAX5	68.33	473	491
UniRef90_M1PDX3	65.05	473	482
UniRef90_UPI00041FBBE8	64.90	473	483
UniRef90_C5BMZ0	65.04	473	484
UniRef90_A0A0F5VG66	65.33	473	482
UniRef90_U4LK06	67.71	473	563
UniRef90_A0A0N0NLG1	67.22	473	506
UniRef90_A0A0G2F0N2	67.43	473	509
UniRef90_A0A0K8QZL4	63.98	473	484
UniRef90_A0A081C7X9	64.48	473	483
UniRef90_UPI0003B342B2	65.18	473	486
UniRef90_W1QKK3	67.92	473	491
UniRef90_A0A0D6QX24	67.09	473	490
UniRef90_A0A0C1HIT3	65.12	473	483
UniRef90_UPI000372410E	63.85	473	482
UniRef90_A0A0C5WPT8	64.48	473	482
UniRef90_UPI0004091A20	64.90	473	482
UniRef90_H9JRY8	68.64	473	452
UniRef90_W3VTA8	68.33	473	492
UniRef90_J3KIJ9	66.18	473	491
UniRef90_A0A060SDY5	67.98	473	495
UniRef90_A0A0G3EEU1	63.42	473	482
UniRef90_A0A0F4X7Y9	66.04	473	493
UniRef90_V5FYI2	66.39	473	506
UniRef90_A6AXZ6	64.27	473	490
UniRef90_UPI000444A936	67.92	473	491
UniRef90_F8EZJ9	64.99	473	491
UniRef90_K5XK18	67.08	473	489
UniRef90_A0A0C3Q7U6	66.88	473	490
UniRef90_A0A0F9N2B2	65.20	473	488
UniRef90_A0A0C3C4Q9	67.92	473	491
UniRef90_S8A8V8	67.38	473	477
UniRef90_A9B0F4	65.45	473	483
UniRef90_A0A0H5DR10	64.06	473	483
UniRef90_H8GJR3	63.85	473	481
UniRef90_A0A067MSM8	67.57	473	491
UniRef90_A0A0D0E8U6	67.71	473	491
UniRef90_H8GPD5	63.92	473	482
UniRef90_G4T0G9	63.42	473	481
UniRef90_A0A0D2B345	65.70	473	493
UniRef90_UPI0003080957	64.41	473	484
UniRef90_J4HWT1	66.46	473	491
UniRef90_A0A0N5E4T2	65.87	473	652
UniRef90_UPI0005094056	63.64	473	484
UniRef90_C6XZB2	62.87	473	484
UniRef90_H8X5B1	66.32	473	502
UniRef90_E4ZAU5	64.06	473	482
UniRef90_G4TFT6	66.88	473	491
UniRef90_V5CA53	63.42	473	481
UniRef90_Q6LS71	63.85	473	499
UniRef90_C6S4B5	64.06	473	482
UniRef90_P53319	65.15	473	492
UniRef90_UPI00045615E3	67.08	473	492
UniRef90_A0A0J0YPY7	63.42	473	482
UniRef90_UPI0005F882C8	63.29	473	483
UniRef90_G3B9N9	68.40	473	509
UniRef90_F4HCA3	63.42	473	484
UniRef90_K6YX01	62.71	473	484
UniRef90_A0A0F9QT49	64.83	473	485
UniRef90_A5E1J3	65.36	473	520
UniRef90_E1R7H8	64.21	473	487
UniRef90_C0N2A6	67.72	473	488
UniRef90_UPI00029DAA87	88.32	473	348
UniRef90_V2Z365	66.25	473	489
UniRef90_UPI000480F675	62.58	473	484
UniRef90_H5TCP4	63.98	473	483
UniRef90_G0A143	63.85	473	481
UniRef90_A0A0M8MUH5	64.85	473	502
UniRef90_A0A0L8VD95	63.14	473	484
UniRef90_A0A074WB22	65.70	473	494
UniRef90_R6NQ96	61.52	473	483
UniRef90_UPI0005A94166	66.31	473	481
UniRef90_M5FTZ7	65.90	473	491
UniRef90_P78812	66.95	473	492
UniRef90_A1KWP1	63.64	473	482
UniRef90_UPI00029A0D5C	62.37	473	484
UniRef90_M2W5K9	63.35	473	485
UniRef90_F4RCI2	66.60	473	490
UniRef90_A0A095AUH2	63.50	473	478
UniRef90_G8ZYH1	65.77	473	491
UniRef90_F2B9V1	63.85	473	482
UniRef90_UPI0004DFB8AB	62.79	473	481
UniRef90_UPI00047572FC	61.95	473	484
UniRef90_UPI0006B5D5FB	62.29	473	484
UniRef90_Q6FIM1	64.86	473	489
UniRef90_F2QWW3	67.22	473	492
UniRef90_A0A074ZNY6	66.53	473	482
UniRef90_A1SY94	64.06	473	482
UniRef90_A0A067TYV8	66.46	473	489
UniRef90_A0A0J0XNU8	63.39	473	493
UniRef90_K6XLG6	61.17	473	489
UniRef90_F0F0J3	61.81	473	482
UniRef90_G2DMP1	62.16	473	482
UniRef90_UPI00047A2FB7	64.14	473	484
UniRef90_A0A0B7JXE4	65.28	473	526
UniRef90_B6K583	66.88	473	492
UniRef90_I2H258	67.15	473	489
UniRef90_A0A0E9M423	63.85	473	481
UniRef90_F5S9R5	61.89	473	483
UniRef90_A3GI40	67.92	473	508
UniRef90_J6EPS9	64.38	473	491
UniRef90_A0A0C5VR66	64.77	473	483
UniRef90_A0A0F9VUH0	65.20	473	485
UniRef90_I1YIK0	65.54	473	486
UniRef90_V5WE65	62.74	473	506
UniRef90_D8PMS0	67.22	473	491
UniRef90_W0EZV6	62.71	473	484
UniRef90_C4GM46	62.45	473	482
UniRef90_D4AUJ4	64.33	473	508
UniRef90_A0A086TDI3	65.21	473	512
UniRef90_UPI000375F976	63.21	473	481
UniRef90_UPI00042435A9	62.95	473	482
UniRef90_M7P2I5	65.68	473	487
UniRef90_T1FPA9	64.33	473	489
UniRef90_U5HFC2	66.25	473	490
UniRef90_E8R4H6	61.95	473	487
UniRef90_S0DDL1	59.51	473	504
UniRef90_G8UKV1	63.14	473	483
UniRef90_A0A0N5AQ44	65.97	473	490
UniRef90_H2AQU6	64.94	473	492
UniRef90_U4KTF1	63.14	473	484
UniRef90_F8NDT0	68.86	473	499
UniRef90_F5T2N7	66.03	473	488
UniRef90_A8QB63	65.83	473	492
UniRef90_R7YPD3	65.90	473	511
UniRef90_A0A084GAM1	66.60	473	530
UniRef90_L0DAX4	63.00	473	486
UniRef90_E0RPS3	62.55	473	487
UniRef90_G3YC70	66.80	473	491
UniRef90_G2Q104	66.46	473	522
UniRef90_A0A0C4ERK3	66.60	473	626
UniRef90_A0A0N4U4J6	64.35	473	486
UniRef90_Q5E0A6	64.69	473	482
UniRef90_X5DII4	62.08	473	484
UniRef90_R1GKZ7	65.42	473	493
UniRef90_A0A0F7SL06	65.28	473	492
UniRef90_Q7VMX4	61.95	473	484
UniRef90_A0A0A8L0Z7	66.81	473	492
UniRef90_UPI00039B7426	62.03	473	483
UniRef90_F2P907	64.06	473	482
UniRef90_D3B6S4	62.26	473	487
UniRef90_Q9CKQ2	61.76	473	484
UniRef90_D6Z307	61.95	473	485
UniRef90_M7X3Z4	66.24	473	476
UniRef90_A0A0F8WGU5	66.53	473	506
UniRef90_D0I6J0	60.68	473	482
UniRef90_A0A0J9XAB6	66.67	473	490
UniRef90_W7LQF9	66.87	473	490
UniRef90_P38720	65.70	473	489
UniRef90_V9H5Q5	61.81	473	482
UniRef90_B8M376	66.39	473	508
UniRef90_A6RA96	67.01	473	508
UniRef90_G9ZI76	61.81	473	483
UniRef90_P43774	63.64	473	484
UniRef90_K6Y476	61.84	473	488
UniRef90_I8I7K7	65.98	473	491
UniRef90_B6VEZ7	65.42	473	517
UniRef90_Q5B676	66.67	473	489
UniRef90_Q7SFZ4	66.80	473	492
UniRef90_A0A0D7B7I4	66.25	473	489
UniRef90_S9VNM6	65.83	473	492
UniRef90_A0A0I9XRM7	66.94	473	492
UniRef90_C4Y7R6	66.32	473	509
UniRef90_D2QJM4	62.29	473	484
UniRef90_A0A074S593	64.57	473	491
UniRef90_A0A098C2C4	64.06	473	484
UniRef90_A0A060T803	66.25	473	489
UniRef90_G4CML6	61.95	473	482
UniRef90_R9LVA7	60.97	473	483
UniRef90_UPI00054E769E	61.39	473	484
UniRef90_G4NDY5	65.42	473	492
UniRef90_C5DVM4	64.17	473	489
UniRef90_A0A061BGA8	66.11	473	492
UniRef90_A0A086T2Q7	65.76	473	535
UniRef90_A0A0C4DT96	66.12	473	492
UniRef90_W6QD20	66.39	473	491
UniRef90_A0A099NWM4	67.23	473	477
UniRef90_A0A0A3ALS2	61.10	473	482
UniRef90_G7E544	67.29	473	1307
UniRef90_G3IXD0	61.52	473	481
UniRef90_K0KMZ4	66.81	473	508
UniRef90_UPI00064482FD	61.64	473	487
UniRef90_Q754E1	65.77	473	498
UniRef90_I6NCU8	66.60	473	477
UniRef90_H2AQ10	65.34	473	489
UniRef90_S6ETQ5	66.25	473	488
UniRef90_J7S340	65.22	473	493
UniRef90_I2K3J9	64.66	473	490
UniRef90_UPI0004DED7DC	61.31	473	481
UniRef90_F1A439	61.92	473	487
UniRef90_A0A010RHK2	65.35	473	492
UniRef90_W7QU45	62.34	473	489
UniRef90_J3P9K3	65.70	473	492
UniRef90_A0A0A6PMV9	62.37	473	482
UniRef90_UPI00056EC96E	62.53	473	482
UniRef90_Q0CKD3	66.81	473	475
UniRef90_UPI00037FFCB5	61.73	473	484
UniRef90_E4V6Z0	63.98	473	485
UniRef90_M7SYR5	65.28	473	492
UniRef90_UPI000406050E	61.02	473	483
UniRef90_A0A0H2RQ38	63.69	473	491
UniRef90_I1XGU3	64.98	473	488
UniRef90_G3JL79	65.35	473	530
UniRef90_A0A0A1UXJ3	62.50	473	531
UniRef90_C5DD65	65.42	473	492
UniRef90_A0A0F8DKA8	65.34	473	492
UniRef90_UPI0003F49A2A	65.55	473	491
UniRef90_A0A0D7A4R7	65.41	473	491
UniRef90_UPI0004033236	61.39	473	482
UniRef90_W6MF91	66.60	473	477
UniRef90_O13287	65.23	473	517
UniRef90_G3ANV6	65.29	473	512
UniRef90_A0A0C2YE00	65.41	473	479
UniRef90_G8YTJ6	65.15	473	494
UniRef90_M2LNX3	64.17	473	493
UniRef90_A0A084AT35	65.34	473	492
UniRef90_UPI00055477D2	60.76	473	482
UniRef90_UPI0003823BC6	62.03	473	481
UniRef90_W0Q5P0	62.58	473	484
UniRef90_G9PSV3	62.16	473	483
UniRef90_U6J2W3	64.29	473	503
UniRef90_K1X6G3	66.18	473	495
UniRef90_L8X2A2	65.62	473	813
UniRef90_UPI0004413055	63.62	473	491
UniRef90_G8BNY1	64.24	473	489
UniRef90_G0SEZ8	64.21	473	528
UniRef90_M7NUP0	61.67	473	494
UniRef90_R8BC53	65.42	473	492
UniRef90_W7QJU4	62.34	473	489
UniRef90_B0W310	67.11	473	522
UniRef90_A0A098D409	65.14	473	485
UniRef90_Q31GB3	61.60	473	482
UniRef90_A0A0L0N7X6	66.94	473	1354
UniRef90_A0A090AI51	61.73	473	482
UniRef90_UPI0004A6D3B9	60.97	473	482
UniRef90_D5SNK9	61.62	473	490
UniRef90_F4PS83	65.62	473	987
UniRef90_L0G521	60.30	473	484
UniRef90_G9MVH9	65.15	473	493
UniRef90_A0A066ZXU4	61.39	473	482
UniRef90_L1NUH8	62.16	473	482
UniRef90_Q21N32	62.24	473	484
UniRef90_E6RDR8	64.44	473	491
UniRef90_W2CJU7	59.96	473	483
UniRef90_L8G367	65.14	473	493
UniRef90_A0A087U2A6	72.46	473	401
UniRef90_UPI0000E0EEDA	59.96	473	490
UniRef90_A0A0L0DMW5	61.86	473	483
UniRef90_UPI00029AB2E5	61.41	473	490
UniRef90_UPI0005C886BE	60.84	473	482
UniRef90_N1PIW3	65.49	473	494
UniRef90_Q8TA03	60.50	473	493
UniRef90_UPI00040A8F0E	60.97	473	482
UniRef90_A0A0F2MD24	65.48	473	559
UniRef90_L0DZP4	62.66	473	482
UniRef90_R5BV72	60.38	473	483
UniRef90_UPI00041D5835	60.50	473	485
UniRef90_A0A0M3T216	60.81	473	476
UniRef90_C0DXV7	61.31	473	488
UniRef90_H0EFB2	65.90	473	492
UniRef90_E4T1Y1	59.00	473	501
UniRef90_UPI0004A6B43A	60.34	473	482
UniRef90_M7UHJ3	65.50	473	526
UniRef90_A0A0B1P0D0	64.73	473	493
UniRef90_UPI000368E19C	62.89	473	488
UniRef90_UPI00047BD387	60.55	473	482
UniRef90_C8NDA9	60.89	473	483
UniRef90_A0A0B8YIJ4	60.97	473	486
UniRef90_A0A0A7KPD4	59.79	473	486
UniRef90_Q2HG11	64.89	473	494
UniRef90_W0DWA8	60.47	473	482
UniRef90_Q0TX62	64.94	473	492
UniRef90_UPI00040C9DC2	59.45	473	484
UniRef90_B2NIW1	64.03	473	440
UniRef90_D4DUV3	61.73	473	482
UniRef90_A0A0D9S8N9	94.61	473	311
UniRef90_F0SM13	60.13	473	488
UniRef90_A6CGB2	59.45	473	478
UniRef90_UPI0003776940	58.95	473	484
UniRef90_H8GWF4	59.62	473	482
UniRef90_UPI0003B535AA	62.00	473	482
UniRef90_UPI00041A156D	61.65	473	482
UniRef90_UPI00068654BF	60.13	473	471
UniRef90_C7LVC5	59.75	473	485
UniRef90_UPI00047E943C	58.51	473	482
UniRef90_A0A0F7JPV8	59.37	473	484
UniRef90_UPI00016C404F	60.33	473	490
UniRef90_Q68Y98	61.31	473	498
UniRef90_L8GP85	60.59	473	480
UniRef90_I4Y7E0	62.58	473	493
UniRef90_A0A0L6VPH5	63.11	473	503
UniRef90_L0PHB7	59.75	473	699
UniRef90_W3XN78	64.15	473	469
UniRef90_UPI0006869E86	60.04	473	471
UniRef90_UPI00035F219C	57.78	473	471
UniRef90_UPI0006DC27FB	58.99	473	495
UniRef90_M5E7Y9	62.39	473	451
UniRef90_A0A0J7HU45	60.34	473	485
UniRef90_F7BLP4	66.60	473	453
UniRef90_A0A0F7RXI7	67.21	473	473
UniRef90_UPI000481693D	58.35	473	485
UniRef90_A0A0B0I2F7	58.00	473	470
UniRef90_C6J260	57.57	473	472
UniRef90_A0A068JQK7	57.98	473	489
UniRef90_A0A0K0G909	58.85	473	469
UniRef90_K0J6K4	58.28	473	472
UniRef90_F8IGF0	57.14	473	480
UniRef90_UPI0004BA61D4	59.75	473	490
UniRef90_V9W516	57.14	473	470
UniRef90_UPI00047183E9	60.21	473	473
UniRef90_K4ZN51	58.00	473	469
UniRef90_A0A0A7U5G0	84.64	473	306
UniRef90_F5LFC5	57.57	473	470
UniRef90_F0RUK5	58.14	473	481
UniRef90_R9C866	59.40	473	470
UniRef90_A0A069DAE9	58.05	473	470
UniRef90_L0EFA6	57.78	473	470
UniRef90_UPI0006D52F38	58.06	473	469
UniRef90_A0A0G0A7T6	63.79	473	966
UniRef90_G8QV15	57.72	473	481
UniRef90_UPI0006875241	56.99	473	474
UniRef90_A0A0C2UHA8	56.72	473	471
UniRef90_K5ZSX2	56.25	473	490
UniRef90_F5L8D6	57.73	473	470
UniRef90_E3E8B2	58.00	473	468
UniRef90_A0A0J7KSI7	75.14	473	369
UniRef90_UPI00028A0DE9	57.14	473	470
UniRef90_W7YHT6	56.93	473	470
UniRef90_A0A098EZT9	57.78	473	469
UniRef90_D3E5N7	56.72	473	473
UniRef90_C6J4P9	57.63	473	470
UniRef90_UPI0005A60E08	56.50	473	470
UniRef90_UPI00040D1EB3	56.99	473	472
UniRef90_UPI00041D1DA6	57.54	473	472
UniRef90_A0A0K9GC32	58.49	473	469
UniRef90_UPI000305CE8F	57.32	473	472
UniRef90_UPI00028918CB	55.86	473	469
UniRef90_A0A0M3REI2	58.30	473	469
UniRef90_D7CXP1	58.12	473	489
UniRef90_K6DP06	56.08	473	470
UniRef90_A0A075JS15	58.00	473	470
UniRef90_UPI00058AC544	56.72	473	470
UniRef90_A0A081P9I6	55.65	473	470
UniRef90_A0A0M2SX12	56.50	473	470
UniRef90_L7VV64	67.30	473	483
UniRef90_V9KQ70	84.57	473	483
UniRef90_W5MI34	87.08	473	496
UniRef90_Q6TNR8	86.68	473	483
UniRef90_UPI0006978EFC	79.24	473	484
UniRef90_T1K9E7	76.06	473	483
UniRef90_Q6PB25	84.86	473	482
UniRef90_Q5ZIZ0	88.79	473	483
UniRef90_F2U6H9	72.67	473	484
UniRef90_P52209	94.50	473	483
UniRef90_UPI0004628B8B	89.19	473	1779
UniRef90_I7A2Y0	66.24	473	483
UniRef90_UPI0001CBB109	76.91	473	484
UniRef90_V4AME8	75.42	473	484
UniRef90_UPI000237CA24	63.56	473	484
UniRef90_S9YL24	89.88	473	2680
UniRef90_UPI00036395CA	68.37	473	485
UniRef90_T1JHS4	76.86	473	493
UniRef90_B3S0A8	75.85	473	486
UniRef90_Q7M451	74.95	473	483
UniRef90_W4Z8A7	75.80	473	488
UniRef90_A0A081C7X9	64.48	473	483
UniRef90_A9UTY9	70.76	473	484
UniRef90_B9XE88	68.50	473	484
UniRef90_K1RH70	76.86	473	484
UniRef90_K9ISV2	93.78	473	498
UniRef90_R7TUN9	74.79	473	485
UniRef90_Q01QS5	67.65	473	485
UniRef90_F8L105	67.09	473	483
UniRef90_UPI000359D655	74.42	473	701
UniRef90_H2ZK97	76.48	473	482
UniRef90_UPI0006735D7E	64.62	473	484
UniRef90_G1T7Z0	91.14	473	644
UniRef90_A0A081BP72	64.48	473	483
UniRef90_S4NIL1	74.63	473	483
UniRef90_UPI0005F882C8	63.29	473	483
UniRef90_UPI000376CC46	67.94	473	486
UniRef90_A0A091DHH8	86.93	473	1698
UniRef90_UPI000625099A	75.42	473	482
UniRef90_G8NR23	66.95	473	487
UniRef90_UPI00037CB725	64.19	473	484
UniRef90_I1G2A2	72.63	473	487
UniRef90_C5BMZ0	65.04	473	484
UniRef90_UPI00067B67D5	73.52	473	483
UniRef90_I3ZM26	69.20	473	486
UniRef90_D6YUB8	68.08	473	484
UniRef90_A0A0K2UC83	78.77	473	484
UniRef90_A0A088AKI3	74.95	473	482
UniRef90_I3I5R5	64.62	473	484
UniRef90_UPI00041FBBE8	64.90	473	483
UniRef90_A0A0G3EEU1	63.56	473	482
UniRef90_A0A091G3V6	83.30	473	482
UniRef90_R6NQ96	61.52	473	483
UniRef90_UPI000480F675	62.58	473	484
UniRef90_UPI00035F219C	57.78	473	471
UniRef90_H8GJR3	63.85	473	481
UniRef90_K6YX01	62.71	473	484
UniRef90_M4AAA0	85.84	473	483
UniRef90_A0A0L0G4P8	70.49	473	490
UniRef90_F4W8J1	74.31	473	512
UniRef90_A0A0F8C4C6	84.96	473	493
UniRef90_G3IHY5	89.34	473	483
UniRef90_UPI0003080957	64.41	473	484
UniRef90_UPI0006B0E3CF	78.39	473	484
UniRef90_A0A0K8QZL4	63.98	473	484
UniRef90_UPI000555C455	67.30	473	486
UniRef90_UPI00030195D0	66.88	473	486
UniRef90_UPI00028A0DE9	57.14	473	470
UniRef90_A0A0H4P0U4	57.57	473	471
UniRef90_H3AZU8	87.95	473	483
UniRef90_B4CVV1	66.31	473	484
UniRef90_C6J260	57.57	473	472
UniRef90_A0A0L8VD95	63.14	473	484
UniRef90_UPI0006B5D5FB	62.29	473	484
UniRef90_A0A0M2SX12	56.50	473	470
UniRef90_G0A143	63.85	473	481
UniRef90_UPI00034B4ABA	57.02	473	472
UniRef90_A0A068RME4	71.46	473	484
UniRef90_UPI000509CBE2	66.03	473	482
UniRef90_A0A0B7ANW8	73.57	473	484
UniRef90_A0A067R6F0	74.53	473	485
UniRef90_A6DTK1	64.56	473	482
UniRef90_A7SLT6	76.86	473	484
UniRef90_L0DAX4	63.00	473	486
UniRef90_X5DII4	62.08	473	484
UniRef90_D5DMB2	56.72	473	470
UniRef90_UPI0004B8D1FB	55.86	473	470
UniRef90_W0EZV6	62.71	473	484
UniRef90_UPI0005D106DB	56.08	473	470
UniRef90_F8L6N2	65.47	473	484
UniRef90_A0A0L0STP1	67.44	473	499
UniRef90_A4IQN4	57.57	473	470
UniRef90_A0A0C2RHC7	56.72	473	470
UniRef90_R9C866	58.64	473	470
UniRef90_J3KIJ9	65.90	473	491
UniRef90_UPI00040ED8CA	55.86	473	471
UniRef90_A0A075JS15	58.00	473	470
UniRef90_UPI00039B7426	62.03	473	483
UniRef90_A0A0M2SKY6	57.78	473	469
UniRef90_F5LFC5	57.57	473	470
UniRef90_G8UKV1	63.14	473	483
UniRef90_H5TCP4	63.98	473	483
UniRef90_A0A0A6V9N4	57.57	473	470
UniRef90_UPI00047A2FB7	64.14	473	484
UniRef90_G6DIP9	75.27	473	468
UniRef90_UPI0005A60E08	56.50	473	470
UniRef90_UPI000379CA49	56.29	473	469
UniRef90_A0A078L2Y5	66.03	473	483
UniRef90_UPI00029A0D5C	62.37	473	484
UniRef90_H9UIK0	66.03	473	483
UniRef90_A0A0M0KER5	56.08	473	470
UniRef90_UPI00047DE442	56.72	473	470
UniRef90_UPI000372410E	63.85	473	482
UniRef90_K6DP06	56.08	473	470
UniRef90_A0A0B0I2F7	58.00	473	470
UniRef90_A0A081P9I6	55.65	473	470
UniRef90_A0A069DAE9	58.05	473	470
UniRef90_A0A0B7N6S7	70.49	473	486
UniRef90_UPI0006D52F38	57.48	473	469
UniRef90_UPI0003A5CC77	57.17	473	467
UniRef90_UPI00028918CB	55.86	473	469
UniRef90_V9W516	56.72	473	470
UniRef90_A0A0D1ZTP4	66.95	473	506
UniRef90_H6C2N9	67.78	473	490
UniRef90_A0A015I485	67.57	473	491
UniRef90_UPI00041D1DA6	57.54	473	472
UniRef90_K6XLG6	61.17	473	489
UniRef90_UPI0003FC42D2	65.89	473	484
UniRef90_A0A026WU10	73.25	473	482
UniRef90_A0A0C1H885	65.82	473	511
UniRef90_Q876C3	67.36	473	493
UniRef90_A0A089M7Z4	55.86	473	470
UniRef90_C6XZB2	62.87	473	484
UniRef90_A0A0M3REI2	58.30	473	469
UniRef90_UPI0005F547B6	72.40	473	502
UniRef90_A0A0E3WHH0	56.08	473	470
UniRef90_F4PAA2	71.25	473	484
UniRef90_A0A0C7AZP2	73.67	473	483
UniRef90_UPI00047572FC	61.95	473	484
UniRef90_UPI00041C5B93	55.56	473	472
UniRef90_C6J4P9	57.05	473	470
UniRef90_A0A090J282	56.29	473	468
UniRef90_A0A0L0QSS7	56.84	473	469
UniRef90_A0A0A8X8T2	56.72	473	469
UniRef90_P80859	56.50	473	469
UniRef90_UPI0004DFB8AB	62.79	473	481
UniRef90_A0A098EZT9	57.78	473	469
UniRef90_UPI0003812F11	56.29	473	469
UniRef90_U5LD82	56.72	473	468
UniRef90_V5FYI2	66.11	473	506
UniRef90_A0A068SCE3	70.82	473	485
UniRef90_A0A0K0G909	58.64	473	469
UniRef90_K4ZN51	58.00	473	469
UniRef90_L0EFA6	57.78	473	470
UniRef90_A0A0J5R0E1	56.29	473	470
UniRef90_A0A0K9H566	56.08	473	477
UniRef90_UPI00058AC544	56.50	473	470
UniRef90_A0A0F9N2B2	65.19	473	488
UniRef90_D3E5N7	56.72	473	473
UniRef90_I1BQ61	71.67	473	483
UniRef90_UPI000675CBF9	71.82	473	483
UniRef90_E3E8B2	57.57	473	468
UniRef90_F4HCA3	63.21	473	484
UniRef90_E8R4H6	61.95	473	487
UniRef90_W4PYX4	55.65	473	469
UniRef90_F5L8D6	57.36	473	470
UniRef90_N4WNE7	56.69	473	472
UniRef90_W7YHT6	56.93	473	470
UniRef90_A0A0D6QX24	66.95	473	490
UniRef90_UPI00048D1280	55.08	473	471
UniRef90_F8F922	55.01	473	471
UniRef90_A0A0C2UHA8	56.72	473	471
UniRef90_S7PUH6	86.22	473	482
UniRef90_UPI000379EBE9	56.08	473	483
UniRef90_A6AXZ6	64.27	473	490
UniRef90_A0A023GKZ0	75.64	473	495
UniRef90_W2CJU7	59.96	473	483
UniRef90_A0A024Q812	57.05	473	496
UniRef90_A0A0D5NMM3	56.72	473	470
UniRef90_A0A0C5WPT8	64.48	473	482
UniRef90_UPI0003B342B2	65.18	473	486
UniRef90_A0A090D2V2	65.47	473	486
UniRef90_R4FP78	71.76	473	483
UniRef90_A0A0N0NLG1	67.08	473	506
UniRef90_A0A084GUB1	56.72	473	470
UniRef90_UPI000403312F	56.08	473	470
UniRef90_A0A0C5VR66	64.77	473	483
UniRef90_M1PDX3	64.98	473	482
UniRef90_E9GAM5	75.37	473	485
UniRef90_UPI00047A6356	55.65	473	470
UniRef90_A0A094WHY7	55.65	473	471
UniRef90_UPI0006F54A74	57.45	473	468
UniRef90_A6CMT0	57.78	473	470
UniRef90_E0I3N3	55.51	473	470
UniRef90_A9B0F4	65.24	473	483
UniRef90_G4T0G9	63.42	473	481
UniRef90_A0A0D2B345	65.70	473	493
UniRef90_F5Y9G9	64.14	473	483
UniRef90_W9BF97	56.29	473	469
UniRef90_A0A0G2F0N2	67.15	473	509
UniRef90_A0A0F4X7Y9	66.04	473	493
UniRef90_Q17761	69.47	473	484
UniRef90_K0J6K4	57.54	473	472
UniRef90_A0A0K9GC32	58.12	473	469
UniRef90_UPI0004408C00	66.32	473	496
UniRef90_A0A015LVA5	56.50	473	470
UniRef90_A0A066VAX5	68.54	473	491
UniRef90_UPI0006199163	54.58	473	470
UniRef90_UPI00040D1EB3	56.41	473	472
UniRef90_UPI000375F976	63.21	473	481
UniRef90_I3DX12	57.36	473	469
UniRef90_O60037	69.98	473	485
UniRef90_UPI0003781D91	56.93	473	471
UniRef90_V5CA53	63.42	473	481
UniRef90_UPI0004DED7DC	61.31	473	481
UniRef90_A0A0A2U718	55.65	473	472
UniRef90_H0X484	86.92	473	483
UniRef90_H3E395	69.56	473	494
UniRef90_F1A439	62.05	473	487
UniRef90_UPI0003FA7445	57.26	473	469
UniRef90_Q6LS71	63.85	473	499
UniRef90_N0AXS0	58.21	473	470
UniRef90_A0A089IL60	55.13	473	471
UniRef90_E7A0E7	69.38	473	492
UniRef90_UPI0006EAFA69	89.24	473	497
UniRef90_A0A0M0XB40	57.48	473	469
UniRef90_F8IGF0	57.14	473	480
UniRef90_A1KWP1	63.64	473	482
UniRef90_V5WE65	62.74	473	506
UniRef90_A0A0J0YPY7	63.42	473	482
UniRef90_J9K6N9	73.73	473	482
UniRef90_U4KTF1	63.14	473	484
UniRef90_J3JTE6	70.13	473	486
UniRef90_UPI000509BAB5	56.29	473	469
UniRef90_A0A0F9QT49	64.83	473	485
UniRef90_A0A0E9M423	63.64	473	481
UniRef90_UPI0005CC4493	56.29	473	470
UniRef90_UPI00054E769E	61.39	473	484
UniRef90_UPI000305CE8F	57.11	473	472
UniRef90_W8YUW3	56.08	473	476
UniRef90_B4E2U0	90.06	473	461
UniRef90_U4LK06	67.43	473	563
UniRef90_A0A0L0HB23	68.37	473	512
UniRef90_UPI000406050E	61.02	473	483
UniRef90_UPI00030EA5C7	57.60	473	467
UniRef90_D6WKP5	70.34	473	482
UniRef90_A0A0C3JY29	67.15	473	491
UniRef90_UPI0003759FAF	55.44	473	471
UniRef90_W7QU45	62.34	473	489
UniRef90_UPI00037FFCB5	61.86	473	484
UniRef90_Q8CXN9	58.33	473	468
UniRef90_A0A0D3V879	57.14	473	470
UniRef90_K7J4Y2	76.53	473	482
UniRef90_W2SJW1	70.32	473	486
UniRef90_A0A0A9YAC6	73.15	473	483
UniRef90_H8X5B1	66.05	473	502
UniRef90_A0A098ET35	55.98	473	474
UniRef90_A0A098FH52	56.08	473	470
UniRef90_UPI0006CF0271	71.46	473	484
UniRef90_C6D4X5	55.44	473	470
UniRef90_A0A069DFE9	55.65	473	478
UniRef90_A0A0C2XM62	66.04	473	489
UniRef90_A0A075AS95	70.72	473	528
UniRef90_UPI0005094056	63.42	473	484
UniRef90_UPI00047D482A	56.10	473	470
UniRef90_C6S4B5	64.06	473	482
UniRef90_R9LVA7	60.89	473	483
UniRef90_A0A0M8MUH5	64.85	473	502
UniRef90_Q21N32	62.24	473	484
UniRef90_D4AUJ4	64.19	473	508
UniRef90_A0A098C2C4	64.06	473	484
UniRef90_D3B6S4	62.39	473	487
UniRef90_G8ZYH1	65.49	473	491
UniRef90_UPI0005F82D31	57.02	473	472
UniRef90_A0A0G2BZJ8	85.94	473	484
UniRef90_F5T2N7	66.03	473	488
UniRef90_A0A0D7KQS4	56.41	473	473
UniRef90_UPI0006D504A9	68.37	473	483
UniRef90_UPI000478B9C2	55.13	473	471
UniRef90_UPI00026588D2	72.33	473	491
UniRef90_L9L121	90.72	473	604
UniRef90_L9L121	95.45	473	604
UniRef90_C0N2A6	67.72	473	488
UniRef90_A0A084HFA7	55.22	473	470
UniRef90_D2QJM4	62.29	473	484
UniRef90_A0A0N0Y8N3	55.96	473	471
UniRef90_H8GPD5	63.71	473	482
UniRef90_A0A0J5GYC6	56.72	473	469
UniRef90_J9HEI3	55.44	473	479
UniRef90_E2BRV2	72.19	473	482
UniRef90_W3VTA8	68.33	473	492
UniRef90_G1XES1	67.22	473	522
UniRef90_UPI00040F941D	56.08	473	471
UniRef90_A0A0B7NH14	69.00	473	483
UniRef90_F0F0J3	61.73	473	482
UniRef90_R1GKZ7	65.28	473	493
UniRef90_G2DMP1	62.16	473	482
UniRef90_UPI00045615E3	67.08	473	492
UniRef90_A0A0E4CUS0	55.98	473	471
UniRef90_A0A0H5DR10	64.06	473	483
UniRef90_Q1HPX8	74.36	473	483
UniRef90_A0A074WB22	65.56	473	494
UniRef90_I8I7K7	65.83	473	491
UniRef90_A0A0C2V5M9	56.72	473	470
UniRef90_Q6CEH4	68.79	473	489
UniRef90_C3XPZ3	77.75	473	485
UniRef90_UPI0003823BC6	61.95	473	481
UniRef90_K6Y476	61.84	473	488
UniRef90_G7E544	67.29	473	1307
UniRef90_H2AQU6	64.66	473	492
UniRef90_F2B9V1	63.42	473	482
UniRef90_A0A0A1MPY2	57.69	473	468
UniRef90_U2EE39	56.08	473	468
UniRef90_A0A0F5VG66	65.33	473	482
UniRef90_UPI0005F51B73	89.98	473	460
UniRef90_UPI0004A6D3B9	60.76	473	482
UniRef90_I1YIK0	65.54	473	486
UniRef90_A0A0A3ALS2	60.89	473	482
UniRef90_M2W5K9	63.35	473	485
UniRef90_A0A0F9VUH0	64.99	473	485
UniRef90_C4GM46	62.16	473	482
UniRef90_S0DDL1	59.51	473	504
UniRef90_E4T1Y1	59.00	473	501
UniRef90_Q31GB3	61.18	473	482
UniRef90_T2MF87	73.04	473	485
UniRef90_J6EPS9	64.38	473	491
UniRef90_UPI00040BA081	55.56	473	471
UniRef90_A0A0N5D8F2	70.68	473	489
UniRef90_R7YPD3	65.62	473	511
UniRef90_UPI00064482FD	61.76	473	487
UniRef90_Q6FIM1	64.72	473	489
UniRef90_A5E1J3	65.35	473	520
UniRef90_A0A0L0N7X6	66.80	473	1354
UniRef90_Q7VMX4	61.73	473	484
UniRef90_UPI000361CA90	55.86	473	468
UniRef90_E0RPS3	62.55	473	487
UniRef90_A0A094JNJ8	52.97	473	472
UniRef90_G4CML6	61.95	473	482
UniRef90_F4PS83	65.62	473	987
UniRef90_B7Q1Y2	75.42	473	507
UniRef90_M7P2I5	65.68	473	487
UniRef90_A0A086TDI3	65.42	473	512
UniRef90_P53319	65.07	473	492
UniRef90_UPI00041F994C	54.11	473	479
UniRef90_J6N0U5	53.62	473	473
UniRef90_A8XRN3	67.37	473	484
UniRef90_UPI00061937A4	55.22	473	472
UniRef90_W7Z4S9	54.70	473	472
UniRef90_UPI0005C8AA0F	57.33	473	456
UniRef90_R5BV72	60.38	473	483
UniRef90_E4ZAU5	64.06	473	482
UniRef90_G3YC70	66.67	473	491
UniRef90_F0SM13	59.88	473	488
UniRef90_D5SNK9	61.20	473	490
UniRef90_A0A0B5ATP8	57.36	473	469
UniRef90_A0A0C1HIT3	65.12	473	483
UniRef90_W4VNN1	56.26	473	473
UniRef90_W7QJU4	62.34	473	489
UniRef90_UPI00051A42C6	56.17	473	472
UniRef90_UPI00047E943C	58.39	473	482
UniRef90_D6Z307	61.95	473	485
UniRef90_A0A0B7JXE4	65.14	473	526
UniRef90_UPI0005C886BE	60.55	473	482
UniRef90_UPI0000E0EEDA	59.96	473	490
UniRef90_Q9CKQ2	61.73	473	484
UniRef90_F5S9R5	61.81	473	483
UniRef90_Q8TA03	60.37	473	493
UniRef90_UPI00055477D2	60.25	473	482
UniRef90_UPI0004725C4C	54.37	473	472
UniRef90_A0A0N1CQM3	53.83	473	473
UniRef90_W1QKK3	67.92	473	491
UniRef90_A0A0F8WGU5	66.53	473	506
UniRef90_UPI0004033236	61.39	473	482
UniRef90_E1R7H8	64.21	473	487
UniRef90_UPI000661C146	85.47	473	448
UniRef90_L0G521	60.30	473	484
UniRef90_A0A0J6D3Z3	54.80	473	470
UniRef90_A0A0B8YIJ4	60.97	473	486
UniRef90_UPI00035CCF2D	55.22	473	469
UniRef90_V9H5Q5	61.95	473	482
UniRef90_A0A0C2R6N0	55.86	473	469
UniRef90_M2LNX3	63.88	473	493
UniRef90_S8A8V8	67.16	473	477
UniRef90_UPI0004939D66	55.01	473	470
UniRef90_Q5E0A6	64.69	473	482
UniRef90_UPI0006C94352	72.82	473	482
UniRef90_UPI000444A936	67.78	473	491
UniRef90_F8EZJ9	64.99	473	491
UniRef90_D4QJE3	54.04	473	473
UniRef90_A0A090LFZ1	72.84	473	486
UniRef90_G2Q104	66.32	473	522
UniRef90_UPI00042435A9	62.71	473	482
UniRef90_J7U325	54.70	473	470
UniRef90_F1L0I1	72.42	473	503
UniRef90_A0A067TYV8	66.46	473	489
UniRef90_Q7SFZ4	66.18	473	492
UniRef90_B4ESZ4	55.13	473	468
UniRef90_G9ZI76	61.81	473	483
UniRef90_S0LFY2	53.83	473	472
UniRef90_C5DVM4	63.88	473	489
UniRef90_I1XGU3	64.98	473	488
UniRef90_A0A0A6PMV9	62.37	473	482
UniRef90_A0A0C4ERK3	66.60	473	626
UniRef90_A0A0C3SF57	67.57	473	491
UniRef90_UPI0004091A20	64.83	473	482
UniRef90_UPI0005CE0CC5	71.80	473	467
UniRef90_I2H258	67.22	473	489
UniRef90_Q5B676	66.53	473	489
UniRef90_A0A0N4ZFG9	72.42	473	486
UniRef90_L8X2A2	65.70	473	813
UniRef90_B8M376	66.11	473	508
UniRef90_E4V6Z0	64.03	473	485
UniRef90_A6RA96	66.53	473	508
UniRef90_A0A0B5X4S9	57.48	473	470
UniRef90_F2QWW3	66.94	473	492
UniRef90_G3B9N9	68.40	473	509
UniRef90_A0A066ZXU4	61.39	473	482
UniRef90_UPI0004AD734F	54.70	473	468
UniRef90_UPI00029AB2E5	61.00	473	490
UniRef90_D1NXE1	55.34	473	468
UniRef90_P78812	66.95	473	492
UniRef90_D0I6J0	60.68	473	482
UniRef90_W0Q5P0	62.37	473	484
UniRef90_T1PF07	71.40	473	481
UniRef90_P00350	53.85	473	468
UniRef90_UPI0004872EFE	55.22	473	471
UniRef90_UPI0003776940	58.95	473	484
UniRef90_Q6D781	54.91	473	468
UniRef90_UPI00039E7EBC	54.70	473	468
UniRef90_A0A085HLR9	54.49	473	468
UniRef90_G4TFT6	66.88	473	491
UniRef90_UPI0005A94166	66.10	473	481
UniRef90_P41570	72.09	473	481
UniRef90_C4Y7R6	66.25	473	509
UniRef90_B9DNT4	56.22	473	469
UniRef90_J4HWT1	66.46	473	491
UniRef90_G3ANV6	65.22	473	512
UniRef90_A8QB63	65.83	473	492
UniRef90_U5HFC2	66.25	473	490
UniRef90_UPI00056EC96E	62.24	473	482
UniRef90_UPI00054F9EA5	53.59	473	477
UniRef90_UPI000407F17B	56.93	473	471
UniRef90_W6QD20	66.25	473	491
UniRef90_V6QD44	52.55	473	472
UniRef90_S2XDF6	53.93	473	471
UniRef90_B6VEZ7	65.42	473	517
UniRef90_A0A090AI51	61.95	473	482
UniRef90_R2NVC3	54.04	473	473
UniRef90_A0A0J0XNU8	63.39	473	493
UniRef90_S6ETQ5	65.97	473	488
UniRef90_UPI0006447559	85.78	473	460
UniRef90_B4L7S4	71.82	473	481
UniRef90_D8PMS0	67.22	473	491
UniRef90_UPI0006D2C0B2	55.74	473	472
UniRef90_UPI000379B207	55.13	473	471
UniRef90_W5JG40	70.34	473	482
UniRef90_A0A084GAM1	66.18	473	530
UniRef90_F2P907	64.06	473	482
UniRef90_F4RCI2	66.60	473	490
UniRef90_UPI00041D5835	60.29	473	485
UniRef90_F4BN57	53.59	473	477
UniRef90_A0A033V3K6	54.82	473	467
UniRef90_A0A0B0D3H6	54.47	473	473
UniRef90_A0A060SDY5	67.84	473	495
UniRef90_P43774	63.64	473	484
UniRef90_UPI0003FF821A	53.05	473	479
UniRef90_W7CQV4	53.94	473	471
UniRef90_A0A0M3T216	60.94	473	476
UniRef90_A0A0J9XVF7	69.49	473	472
UniRef90_UPI0006D9234A	97.45	473	536
UniRef90_W0HVK1	53.63	473	468
UniRef90_G4L6Q7	54.26	473	473
UniRef90_E6LCB3	53.19	473	472
UniRef90_A0A086D4S6	54.58	473	471
UniRef90_A0A086T2Q7	65.76	473	535
UniRef90_P38720	65.76	473	489
UniRef90_K8E504	53.19	473	473
UniRef90_G4NDY5	65.28	473	492
UniRef90_UPI00047183E9	60.43	473	473
UniRef90_A6CGB2	59.45	473	478
UniRef90_G8MCK3	53.30	473	468
UniRef90_E1SIK8	53.21	473	469
UniRef90_A0A0N0Z6V2	54.27	473	468
UniRef90_R8BC53	65.28	473	492
UniRef90_UPI00054DA260	52.44	473	473
UniRef90_A0AIH8	54.80	473	472
UniRef90_A0A011RM43	53.68	473	479
UniRef90_A0A084IKT0	53.73	473	469
UniRef90_D3TML0	70.76	473	481
UniRef90_C5DD65	65.42	473	492
UniRef90_A0A0B8QXJ1	55.44	473	472
UniRef90_UPI000470BF09	53.62	473	471
UniRef90_G3IXD0	61.52	473	481
UniRef90_M5FTZ7	65.90	473	491
UniRef90_A0A0A8L0Z7	66.39	473	492
UniRef90_A3GI40	67.92	473	508
UniRef90_G8BNY1	64.09	473	489
UniRef90_A0A060T803	66.11	473	489
UniRef90_A0A0A7KPD4	59.79	473	486
UniRef90_H3SPS0	56.72	473	470
UniRef90_I6P139	72.87	473	444
