UniRef90_P09184	100.00	155	156
UniRef90_D2TNU7	88.96	155	155
UniRef90_UPI0005A61DF9	87.66	155	155
UniRef90_A9MMI8	86.45	155	156
UniRef90_A0A090UAL5	88.96	155	155
UniRef90_D4B7S8	85.71	155	155
UniRef90_B7LTP6	83.12	155	157
UniRef90_A0A090V583	84.21	155	165
UniRef90_A0A078LFL2	88.31	155	156
UniRef90_A0A0L0APR6	80.52	155	158
UniRef90_A0A0H3FUN3	79.87	155	161
UniRef90_A0A0G3QBE1	84.87	155	154
UniRef90_C9XVC0	80.52	155	188
UniRef90_A0A0D9H6B5	79.22	155	163
UniRef90_UPI0002E6831E	82.47	155	164
UniRef90_A0A0M3F947	80.39	155	167
UniRef90_J5VRS4	79.87	155	164
UniRef90_UPI000467B3A7	82.24	155	156
UniRef90_A0A0J8Y9W6	80.92	155	164
UniRef90_UPI0003A86E16	80.26	155	165
UniRef90_A0A085IIZ8	82.67	155	163
UniRef90_G2SBJ1	79.47	155	163
UniRef90_A0A085GC39	81.33	155	166
UniRef90_A0A085ASL6	80.79	155	159
UniRef90_UPI0006ACA618	79.35	155	177
UniRef90_W7P0K9	78.71	155	163
UniRef90_J1QGW6	78.71	155	163
UniRef90_UPI00057BFE6C	81.58	155	164
UniRef90_S3J8K7	77.92	155	166
UniRef90_A4WBY9	80.39	155	163
UniRef90_A0A059XT99	79.35	155	164
UniRef90_V5CVG8	79.61	155	156
UniRef90_UPI000237BDDC	78.95	155	160
UniRef90_G9Z8L1	80.00	155	165
UniRef90_G8LI07	79.74	155	169
UniRef90_E3G205	78.57	155	164
UniRef90_A0A0H3CQI1	80.13	155	167
UniRef90_A0A085HQ82	80.52	155	163
UniRef90_B5XPV1	78.71	155	164
UniRef90_A0A089UP70	78.95	155	166
UniRef90_UPI0005A89A32	86.52	155	153
UniRef90_UPI0001C344C6	77.78	155	167
UniRef90_L0M4N0	76.77	155	164
UniRef90_A0A060VKL3	77.27	155	218
UniRef90_H5V0V6	75.97	155	155
UniRef90_A0A0B5IMT4	78.67	155	154
UniRef90_UPI000557C9F4	76.62	155	166
UniRef90_UPI00068DB544	74.03	155	164
UniRef90_A0A085HB26	75.32	155	170
UniRef90_UPI000363A28A	73.03	155	160
UniRef90_A0A0A1AYA2	67.53	155	160
UniRef90_A0A0A3ZEK3	66.88	155	157
UniRef90_A0A0L7T0A7	68.42	155	155
UniRef90_D8MTQ5	67.55	155	155
UniRef90_A0A071M239	69.08	155	161
UniRef90_A0A0A0Z998	64.47	155	158
UniRef90_U3U488	65.13	155	158
UniRef90_A0A0F3LRX8	65.13	155	158
UniRef90_A0A089PPW9	72.19	155	159
UniRef90_UPI00034C38C4	65.13	155	155
UniRef90_UPI0005343A6F	65.56	155	158
UniRef90_UPI00054E3A73	64.47	155	155
UniRef90_UPI0006FF7240	65.16	155	157
UniRef90_J2VDI8	63.82	155	158
UniRef90_E6WDW4	64.47	155	158
UniRef90_A0A0H4MYS6	62.25	155	158
UniRef90_H2ISN4	60.65	155	156
UniRef90_I2B7X8	66.23	155	157
UniRef90_UPI0005E6A4BD	62.91	155	158
UniRef90_A0A014MDW9	63.58	155	157
UniRef90_C4RXK2	62.25	155	158
UniRef90_G5MGU8	80.83	155	121
UniRef90_A0A0J5XL25	59.87	155	157
UniRef90_C4SM53	61.59	155	158
UniRef90_A0A0J9BD70	62.34	155	155
UniRef90_A0A0H5HYY1	61.59	155	158
UniRef90_Q7N9J2	60.53	155	157
UniRef90_D3VAD6	60.53	155	157
UniRef90_UPI0005E09330	61.59	155	158
UniRef90_D4HW03	61.69	155	155
UniRef90_A8G988	60.65	155	157
UniRef90_V5Z8C0	61.69	155	155
UniRef90_UPI00039B347A	57.14	155	160
UniRef90_UPI00046A030E	64.94	155	157
UniRef90_A0A0H8L6R7	98.97	155	97
UniRef90_A0A085JEW2	61.69	155	163
UniRef90_UPI00057F61ED	59.60	155	155
UniRef90_E1SHB1	66.45	155	159
UniRef90_A0A0G3CHN8	61.69	155	158
UniRef90_A0A0E9BY50	67.11	155	159
UniRef90_A0A0M2KEL5	60.26	155	156
UniRef90_F5VQC8	77.39	155	125
UniRef90_UPI00035CCA7C	58.28	155	158
UniRef90_UPI00039A59D6	55.92	155	155
UniRef90_UPI0002FE65BE	55.92	155	157
UniRef90_A0A068QN71	52.63	155	157
UniRef90_A0A077NCA2	49.01	155	162
UniRef90_A0A095VE10	56.49	155	165
UniRef90_W1E4A1	79.80	155	106
UniRef90_A0A0D8LQW9	84.44	155	104
UniRef90_E8RPX4	52.55	155	150
UniRef90_A0A0D8CXU3	46.84	155	160
UniRef90_A0A0D8CQW0	47.74	155	166
UniRef90_C1D6X0	48.37	155	155
UniRef90_A0A062UAK9	51.09	155	150
UniRef90_J7TT90	47.33	155	156
UniRef90_A0A081KE14	47.33	155	152
UniRef90_F7ZG47	48.00	155	159
UniRef90_UPI0003D3B303	50.34	155	156
UniRef90_A0A0N0XI66	46.10	155	161
UniRef90_UPI0006C7569C	49.34	155	158
UniRef90_A0A0D5J1F6	46.15	155	161
UniRef90_B3EB40	47.37	155	154
UniRef90_UPI0005534019	45.70	155	152
UniRef90_UPI00037F0211	48.67	155	150
UniRef90_UPI0004879112	44.22	155	156
UniRef90_UPI00036F2DE9	49.28	155	168
UniRef90_UPI00036E5782	43.05	155	153
UniRef90_A0A0F4RZ93	49.26	155	151
UniRef90_A0A0D1BBJ1	50.00	155	150
UniRef90_Q5QV95	43.71	155	171
UniRef90_UPI00068B707C	43.71	155	172
UniRef90_A0A0F7M1A6	43.57	155	151
UniRef90_UPI00036E9D44	48.55	155	167
UniRef90_G5LMA3	87.34	155	79
UniRef90_UPI0004890D80	45.64	155	156
UniRef90_A0A0N0IJS6	46.00	155	171
UniRef90_UPI000485D16D	51.47	155	155
UniRef90_X7E7T6	48.89	155	139
UniRef90_UPI0006D8B6F2	43.54	155	163
UniRef90_UPI00037F0FA8	46.58	155	160
UniRef90_UPI0006658A3D	47.02	155	154
UniRef90_A0A0M4LF73	43.92	155	167
UniRef90_A0A095SKF8	49.64	155	140
UniRef90_UPI0005719FF4	46.21	155	150
UniRef90_J3GFH6	44.52	155	169
UniRef90_N1NV30	43.33	155	154
UniRef90_UPI00062C8B48	46.90	155	154
UniRef90_E5E3X5	47.26	155	148
UniRef90_UPI000686927E	46.38	155	155
UniRef90_H8H3L0	45.99	155	147
UniRef90_A0A011UXF9	47.45	155	155
UniRef90_UPI00047A9C2F	44.14	155	151
UniRef90_UPI00037D3067	47.06	155	150
UniRef90_Y0KIZ1	41.83	155	156
UniRef90_B0KIU4	50.38	155	158
UniRef90_UPI0005C9A796	41.33	155	168
UniRef90_W0JA52	44.22	155	165
UniRef90_A0A0C9NBN6	47.33	155	149
UniRef90_A0A081BF99	44.67	155	153
UniRef90_UPI000372C54D	44.30	155	154
UniRef90_UPI000465ADE6	46.21	155	153
UniRef90_Q142X5	48.25	155	148
UniRef90_A1WU41	45.07	155	167
UniRef90_UPI00048EAAEB	45.93	155	136
UniRef90_UPI0006867E37	41.18	155	160
UniRef90_UPI00062C1930	48.91	155	150
UniRef90_F7NR60	44.85	155	150
UniRef90_B2JEA8	48.23	155	148
UniRef90_UPI00048E6E95	42.67	155	152
UniRef90_A0A010JAU5	45.58	155	148
UniRef90_D5W577	50.74	155	148
UniRef90_UPI0004021847	44.16	155	162
UniRef90_A0A0C1JDK0	45.64	155	152
UniRef90_K0CT68	46.32	155	161
UniRef90_UPI00037A4254	46.04	155	163
UniRef90_UPI0006F609D3	46.48	155	155
UniRef90_UPI0005FA6231	42.00	155	154
UniRef90_UPI0003B30F06	44.97	155	153
UniRef90_A0A0M7BCF9	43.15	155	151
UniRef90_A0A067Z218	48.18	155	160
UniRef90_A1BCM5	44.97	155	176
UniRef90_L0EB19	47.45	155	138
UniRef90_UPI0004826315	47.65	155	149
UniRef90_A0A0A6SYY4	47.89	155	149
UniRef90_V2TTI6	47.86	155	155
UniRef90_A0A0F9AKP2	43.57	155	141
UniRef90_B8F0E1	46.40	155	137
UniRef90_Q0AK56	47.45	155	168
UniRef90_UPI00044A372D	44.74	155	169
UniRef90_UPI000564D99C	43.84	155	151
UniRef90_A0A0A6Q462	49.26	155	148
UniRef90_A5FU97	43.66	155	154
UniRef90_UPI0006418C3B	45.33	155	160
UniRef90_UPI00066D9C94	48.00	155	140
UniRef90_UPI0005F159F8	46.00	155	147
UniRef90_UPI0005F859F7	42.86	155	156
UniRef90_R8B3I0	44.22	155	156
UniRef90_D0C733	43.79	155	174
UniRef90_UPI000316DB1F	49.58	155	137
UniRef90_UPI000429E6BF	49.30	155	149
UniRef90_UPI00070080CC	46.67	155	166
UniRef90_UPI00058DBBB4	40.94	155	152
UniRef90_UPI0002F0CFF2	47.93	155	142
UniRef90_UPI0005F83420	38.16	155	160
UniRef90_A0A0G3LWN3	46.77	155	138
UniRef90_U2VUA2	46.27	155	144
UniRef90_N9R457	46.43	155	153
UniRef90_UPI00036F7D23	43.80	155	156
UniRef90_A0A0J9EZU5	41.33	155	158
UniRef90_A0A0B2BYA3	43.80	155	156
UniRef90_A0A081MSF0	45.89	155	152
UniRef90_U7P5F0	41.78	155	162
UniRef90_F3HNH1	42.00	155	155
UniRef90_UPI00067C8D6C	42.95	155	154
UniRef90_A0A062U0N7	41.72	155	152
UniRef90_A0A0J5JBU5	46.38	155	155
UniRef90_UPI00055426D6	48.53	155	148
UniRef90_UPI000571C45A	42.47	155	158
UniRef90_H8W9D6	43.84	155	149
UniRef90_C7PIW0	47.58	155	140
UniRef90_UPI00059519F0	40.82	155	148
UniRef90_UPI000580768B	45.99	155	151
UniRef90_G6YQL0	42.86	155	163
UniRef90_UPI0005768649	45.26	155	149
UniRef90_UPI000595BB5B	45.00	155	152
UniRef90_I4SPY0	39.16	155	157
UniRef90_Q727L2	50.41	155	136
UniRef90_N9UPH5	44.14	155	147
UniRef90_UPI00046FFF82	44.53	155	151
UniRef90_UPI00048204B1	43.15	155	151
UniRef90_A0A0D0F3L9	45.52	155	138
UniRef90_A0A015TTT2	48.78	155	142
UniRef90_A6GQN0	45.14	155	150
UniRef90_UPI0004DECD19	44.90	155	148
UniRef90_A0A0M0ED05	45.99	155	139
UniRef90_V2PNH8	42.86	155	154
UniRef90_UPI0003B4BE26	48.55	155	155
UniRef90_UPI000344C6FC	46.98	155	160
UniRef90_N9H2U6	43.26	155	153
UniRef90_UPI0004792B8D	48.74	155	146
UniRef90_A0A0M4MTD9	45.32	155	160
UniRef90_UPI0005943582	44.68	155	154
UniRef90_UPI0006F9D800	48.12	155	161
UniRef90_N9S4H3	42.18	155	146
UniRef90_UPI000374FAD6	41.72	155	152
UniRef90_UPI000471AD69	46.72	155	149
UniRef90_A0A059DS74	47.10	155	141
UniRef90_UPI0006F5739E	46.10	155	149
UniRef90_A0A074T8R5	41.78	155	157
UniRef90_A0A0M3QCY8	42.36	155	156
UniRef90_UPI0006CA70B0	45.26	155	150
UniRef90_X6FJG1	43.33	155	151
UniRef90_R5VAE9	41.40	155	167
UniRef90_A0A0F5ZYD5	39.58	155	166
UniRef90_UPI00048F1FC6	43.14	155	155
UniRef90_J9ZCN9	41.78	155	151
UniRef90_UPI00068790C4	40.26	155	162
UniRef90_UPI00036E7A84	40.85	155	145
UniRef90_A0A0A0M8P8	44.44	155	149
UniRef90_UPI0006FC8259	44.37	155	157
UniRef90_Q2JZI3	46.40	155	147
UniRef90_UPI0006883508	44.72	155	131
UniRef90_UPI000555B61C	43.28	155	139
UniRef90_UPI0006F31589	45.03	155	155
UniRef90_UPI000551D95D	44.29	155	148
UniRef90_UPI0006FF9327	46.72	155	152
UniRef90_A0A059FL98	42.47	155	152
UniRef90_A0A0J7JD07	41.55	155	150
UniRef90_UPI00049127A2	45.97	155	139
UniRef90_H6LJP3	49.17	155	148
UniRef90_UPI00068B1E42	43.57	155	152
UniRef90_Q1PVJ9	43.80	155	138
UniRef90_A0LQ21	42.03	155	165
UniRef90_A0A0G3XDZ3	45.39	155	165
UniRef90_A0A0K1FG75	48.74	155	137
UniRef90_E1QK32	40.00	155	148
UniRef90_UPI0005EED67F	42.18	155	154
UniRef90_A0A0E2LFL2	41.10	155	158
UniRef90_F7XYN2	50.42	155	146
UniRef90_UPI0006FF0D60	50.77	155	151
UniRef90_A0A0J7I0A3	43.09	155	138
UniRef90_UPI00047FE24F	44.59	155	156
UniRef90_A0A060NVI7	45.80	155	156
UniRef90_D5QBX8	41.61	155	156
UniRef90_K8B4L4	76.32	155	88
UniRef90_UPI000462DDB2	44.35	155	141
UniRef90_UPI0006DC504A	43.07	155	157
UniRef90_A0A069E1E4	45.65	155	155
UniRef90_UPI000571E9C4	44.22	155	153
UniRef90_G4FKS7	44.83	155	152
UniRef90_A0A0E2NYR7	44.53	155	151
UniRef90_I5BC68	43.80	155	145
UniRef90_I3YEF0	45.26	155	177
UniRef90_UPI0001E285C5	45.71	155	139
UniRef90_UPI00028A3942	43.70	155	152
UniRef90_I4WBA9	51.26	155	160
UniRef90_B1K1A3	43.54	155	155
UniRef90_C4K5I6	46.72	155	148
UniRef90_UPI00056CBD00	43.54	155	146
UniRef90_C9YBX6	48.78	155	142
UniRef90_J0VEB8	43.28	155	149
UniRef90_I3BUA0	49.17	155	155
UniRef90_UPI0006C4EB1E	43.17	155	139
UniRef90_E4MC46	45.00	155	140
UniRef90_UPI000686BDDE	49.17	155	144
UniRef90_UPI00055DDCD6	43.54	155	157
UniRef90_UPI00067D3A95	41.38	155	174
UniRef90_UPI00047E39DC	41.79	155	137
UniRef90_UPI0005578D0C	45.86	155	139
UniRef90_UPI0006E1756E	42.34	155	151
UniRef90_A1S287	42.03	155	161
UniRef90_UPI00046A2F6D	42.47	155	153
UniRef90_UPI0005585DDB	43.80	155	141
UniRef90_D5UA88	38.52	155	141
UniRef90_UPI0003A68670	44.54	155	138
UniRef90_UPI000365476B	45.07	155	158
UniRef90_W1N713	49.56	155	151
UniRef90_UPI000522E486	42.95	155	154
UniRef90_UPI000689C389	42.47	155	169
UniRef90_UPI00054D608B	45.26	155	134
UniRef90_W1R5K2	43.07	155	147
UniRef90_G8UWA6	33.79	155	172
UniRef90_UPI000453477E	43.84	155	147
UniRef90_I3ILJ3	44.35	155	131
UniRef90_F8X1T4	40.48	155	138
UniRef90_A0A0F9TMX9	44.80	155	149
UniRef90_A4ABD9	42.03	155	138
UniRef90_UPI00037C204D	41.48	155	142
UniRef90_A0A0E2NKA0	45.77	155	149
UniRef90_UPI000475FFB5	41.61	155	147
UniRef90_UPI00037EF054	43.57	155	153
UniRef90_UPI00056DE740	40.14	155	151
UniRef90_U2KVB8	40.15	155	137
UniRef90_UPI000668F05A	45.16	155	142
UniRef90_N9UX28	39.04	155	154
UniRef90_R7PQ58	44.19	155	137
UniRef90_UPI0003B9DCD6	48.36	155	137
UniRef90_A0A0C1U235	41.18	155	146
UniRef90_D3R6F4	45.04	155	170
UniRef90_F9ZBJ7	47.06	155	175
UniRef90_UPI0003664AD3	43.75	155	144
UniRef90_A0A0F9RFV1	45.38	155	150
UniRef90_UPI0005C1C50B	40.69	155	163
UniRef90_D4JUV7	43.48	155	144
UniRef90_UPI00036E4821	43.28	155	154
UniRef90_UPI000685355A	41.18	155	163
UniRef90_UPI00057C2F86	42.15	155	138
UniRef90_U3HEG1	44.97	155	149
UniRef90_UPI000462A322	44.00	155	148
UniRef90_F9Y928	41.45	155	154
UniRef90_UPI000466BCD7	50.83	155	139
UniRef90_F3HTC4	46.67	155	162
UniRef90_UPI000649127F	41.80	155	140
UniRef90_N9UW66	43.07	155	152
UniRef90_UPI0006BBAE3B	42.34	155	138
UniRef90_A3X5U2	41.96	155	141
UniRef90_A0A087AC85	42.57	155	182
UniRef90_UPI0005B23549	37.67	155	157
UniRef90_N9FY51	40.79	155	151
UniRef90_A0A0E9N390	44.12	155	139
UniRef90_I8U9I6	41.79	155	139
UniRef90_F0Q8K0	41.78	155	152
UniRef90_U7P925	48.82	155	153
UniRef90_T5KWD1	45.77	155	145
UniRef90_UPI0006255BF3	43.38	155	148
UniRef90_E9S0C8	40.44	155	140
UniRef90_UPI00048A72D4	43.51	155	137
UniRef90_U2RA92	36.30	155	144
UniRef90_M2VPG7	49.15	155	157
UniRef90_A0A0A8WN13	40.58	155	148
UniRef90_UPI0005C5D81F	46.72	155	163
UniRef90_Q07LJ7	50.83	155	140
UniRef90_A0A0L0IW21	42.47	155	165
UniRef90_UPI0006F2202E	48.78	155	159
UniRef90_G8R877	42.74	155	134
UniRef90_Q5NYW8	47.15	155	157
UniRef90_F2J3J1	42.18	155	149
UniRef90_R9IFN4	43.80	155	137
UniRef90_U1ZNW8	44.29	155	141
UniRef90_A0A011U729	42.76	155	151
UniRef90_A1U1D0	46.15	155	137
UniRef90_UPI00056D8AE7	48.18	155	147
UniRef90_A0A0C3IFZ8	48.70	155	149
UniRef90_UPI000237BED5	45.83	155	148
UniRef90_G0EQ19	36.50	155	140
UniRef90_UPI0003A5BFDA	44.27	155	139
UniRef90_UPI00062A3492	40.69	155	151
UniRef90_A0A061ST55	41.83	155	150
UniRef90_A6V496	42.67	155	149
UniRef90_UPI0005CB7FD8	41.04	155	141
UniRef90_C9L355	36.57	155	138
UniRef90_G8UME0	42.54	155	165
UniRef90_UPI0004A73D80	45.45	155	150
UniRef90_UPI000408ECB0	42.86	155	153
UniRef90_C3QIT6	45.90	155	150
UniRef90_A0A0A8WWF7	37.68	155	188
UniRef90_UPI0004662604	48.00	155	138
UniRef90_A0A090C223	38.51	155	152
UniRef90_A0A0F9YU43	40.00	155	156
UniRef90_UPI00032D992D	38.52	155	141
UniRef90_B3EJE0	41.54	155	153
UniRef90_UPI0006FB77E8	46.77	155	141
UniRef90_UPI00039E3615	42.75	155	137
UniRef90_S9RYE3	41.50	155	155
UniRef90_A0A0A7PJT8	43.70	155	133
UniRef90_Q1IIN5	46.40	155	144
UniRef90_UPI0006F83D43	39.86	155	156
UniRef90_A5V0Q2	42.97	155	136
UniRef90_UPI000627CC4D	40.29	155	149
UniRef90_A1B3R0	43.84	155	154
UniRef90_T2G8A5	43.09	155	136
UniRef90_A0A0K2ZIK7	43.57	155	152
UniRef90_UPI000683FB15	40.30	155	143
UniRef90_A0A0A6D5K9	45.11	155	142
UniRef90_E0RXR9	47.32	155	137
UniRef90_C6Y2T9	44.17	155	140
UniRef90_A0A098I9D8	42.38	155	153
UniRef90_X1R0Y8	41.48	155	154
UniRef90_UPI00051C483F	39.84	155	134
UniRef90_UPI00047371F2	44.54	155	137
UniRef90_UPI00059448CC	41.61	155	141
UniRef90_UPI0006696390	42.54	155	152
UniRef90_Q21TW8	44.20	155	152
UniRef90_UPI000648F17E	44.80	155	152
UniRef90_B3QE76	44.09	155	152
UniRef90_U6RFE6	40.98	155	173
UniRef90_A0A0A7ID01	43.61	155	140
UniRef90_W1GYA9	71.79	155	87
UniRef90_UPI0007037307	46.67	155	149
UniRef90_K1XF61	37.59	155	142
UniRef90_R9GMS3	43.33	155	138
UniRef90_UPI00057769C4	39.33	155	156
UniRef90_B9E7L5	39.86	155	175
UniRef90_V7HRR4	42.95	155	168
UniRef90_UPI00048923DE	44.36	155	142
UniRef90_UPI00048E745C	45.38	155	135
UniRef90_W4PI56	37.04	155	146
UniRef90_F8EAL6	43.33	155	144
UniRef90_A0A0B5E7Y0	44.63	155	127
UniRef90_A0A0A0ENB7	45.83	155	143
UniRef90_UPI0006DBF34D	42.14	155	139
UniRef90_I5B0H1	40.46	155	141
UniRef90_UPI0006882107	43.80	155	172
UniRef90_U3HSH4	42.55	155	153
UniRef90_V5C172	40.82	155	154
UniRef90_L2EF97	50.00	155	146
UniRef90_E8LID3	42.02	155	138
UniRef90_E6U5M9	45.60	155	141
UniRef90_A0A099FCT5	42.86	155	165
UniRef90_UPI0005678D45	43.17	155	148
UniRef90_A0A090FUH5	42.64	155	147
UniRef90_UPI0005522B33	47.93	155	139
UniRef90_I1EIK1	40.67	155	231
UniRef90_A0A086Y4K8	41.30	155	150
UniRef90_S6MEW7	44.54	155	154
UniRef90_E7GA71	40.00	155	141
UniRef90_B4RGD5	42.47	155	164
UniRef90_A3WFL9	40.80	155	154
UniRef90_UPI00055B5665	45.16	155	153
UniRef90_UPI00046A2878	43.18	155	151
UniRef90_K0WZX0	40.80	155	139
UniRef90_E6UHK6	38.52	155	139
UniRef90_A0A0D0GKL4	38.13	155	144
UniRef90_A0A0M3BTR6	40.29	155	146
UniRef90_A0A0C1S3P2	40.83	155	142
UniRef90_UPI0004732B51	40.00	155	138
UniRef90_X5PPB4	45.26	155	164
UniRef90_UPI00068D5D81	46.04	155	139
UniRef90_UPI0006747859	44.92	155	132
UniRef90_A9H9K5	41.86	155	153
UniRef90_UPI0003CF19BA	45.30	155	145
UniRef90_X1A2R9	39.85	155	139
UniRef90_A4G657	42.64	155	152
UniRef90_F2KY27	38.99	155	176
UniRef90_UPI0006F9174F	46.03	155	144
UniRef90_A0A087CXS0	40.56	155	173
UniRef90_UPI00048DDE23	43.38	155	139
UniRef90_S6H140	41.30	155	140
UniRef90_A0A087BE68	43.70	155	138
UniRef90_A0A076JH42	38.26	155	159
UniRef90_B9P0C9	39.34	155	138
UniRef90_UPI000287ADCC	43.51	155	141
UniRef90_H7F1G0	45.11	155	137
UniRef90_R5CLH3	43.44	155	161
UniRef90_L0KW49	41.09	155	143
UniRef90_UPI00047B40F6	44.54	155	137
UniRef90_UPI0004119861	41.04	155	137
UniRef90_UPI00048BB50D	39.83	155	139
UniRef90_A0A0C1GLH3	42.00	155	147
UniRef90_UPI00036F549B	40.13	155	154
UniRef90_X6KRA5	44.44	155	139
UniRef90_Q3IVR8	41.94	155	142
UniRef90_UPI00003842AD	46.67	155	157
UniRef90_UPI000557CFA8	42.74	155	135
UniRef90_UPI0004918365	42.55	155	147
UniRef90_U2DXQ7	41.32	155	142
UniRef90_A0A023WRC8	44.19	155	140
UniRef90_UPI00066FF67F	40.74	155	153
UniRef90_UPI000515C408	38.17	155	142
UniRef90_UPI0006CF7E25	39.86	155	161
UniRef90_H0S6Q7	44.88	155	134
UniRef90_L1M5J6	45.38	155	140
UniRef90_UPI0003C1A3CC	42.86	155	471
UniRef90_UPI00037B4726	37.75	155	159
UniRef90_E2NNR8	39.71	155	137
UniRef90_H8Z3B1	41.86	155	141
UniRef90_I4WV16	48.74	155	140
UniRef90_W0U627	40.68	155	157
UniRef90_Q2S7T9	43.75	155	138
UniRef90_P09184	100.00	155	156
UniRef90_C1D6X0	48.05	155	155
UniRef90_A0A081BF99	44.67	155	153
UniRef90_UPI0005A61DF9	87.66	155	155
UniRef90_A0A0D9H6B5	78.71	155	163
UniRef90_UPI0006C7569C	48.99	155	158
UniRef90_UPI0005F83420	38.16	155	160
UniRef90_UPI0004021847	42.31	155	162
UniRef90_F7ZG47	48.00	155	159
UniRef90_A4WBY9	79.35	155	163
UniRef90_UPI0003D3B303	49.66	155	156
UniRef90_A0A090UAL5	88.96	155	155
UniRef90_UPI00037F0FA8	44.44	155	160
UniRef90_A9MMI8	86.45	155	156
UniRef90_A0A0D8CXU3	46.54	155	160
UniRef90_A0A0N0XI66	45.81	155	161
UniRef90_E8RPX4	48.99	155	150
UniRef90_A0A062U0N7	41.72	155	152
UniRef90_D2TNU7	88.96	155	155
UniRef90_B5XPV1	78.71	155	164
UniRef90_UPI0005534019	45.95	155	152
UniRef90_A0A0D5J1F6	45.86	155	161
UniRef90_A0A0G3QBE1	84.31	155	154
UniRef90_D4B7S8	85.71	155	155
UniRef90_Y0KIZ1	42.11	155	156
UniRef90_J5VRS4	79.87	155	164
UniRef90_UPI0006D8B6F2	41.94	155	163
UniRef90_A0A090V583	84.21	155	165
UniRef90_UPI00048E6E95	42.67	155	152
UniRef90_UPI0004879112	42.48	155	156
UniRef90_W7P0K9	78.71	155	163
UniRef90_UPI000571C45A	41.89	155	158
UniRef90_A0A0M3F947	79.87	155	167
UniRef90_S3J8K7	77.92	155	166
UniRef90_G2SBJ1	77.42	155	163
UniRef90_A0A0H3FUN3	81.46	155	161
UniRef90_UPI0001C344C6	76.77	155	167
UniRef90_A0A085ASL6	80.79	155	159
UniRef90_UPI000564D99C	42.95	155	151
UniRef90_A1BCM5	44.97	155	176
UniRef90_A0A059XT99	79.35	155	164
UniRef90_D5QBX8	41.61	155	156
UniRef90_J1QGW6	78.71	155	163
UniRef90_G8LI07	78.71	155	169
UniRef90_UPI0006658A3D	46.41	155	154
UniRef90_E3G205	78.57	155	164
UniRef90_G9Z8L1	79.49	155	165
UniRef90_A0A0F7M1A6	41.61	155	151
UniRef90_A0A0D8CQW0	47.17	155	166
UniRef90_A0A0L0APR6	80.52	155	158
UniRef90_A0A089UP70	78.43	155	166
UniRef90_A0A081KE14	46.67	155	152
UniRef90_A0A0H3CQI1	78.06	155	167
UniRef90_A0A081MSF0	44.97	155	152
UniRef90_G6YQL0	42.86	155	163
UniRef90_UPI00057BFE6C	81.58	155	164
UniRef90_UPI0003A86E16	80.26	155	165
UniRef90_C9XVC0	80.52	155	188
UniRef90_A0A0A3ZEK3	66.88	155	157
UniRef90_J3GFH6	44.52	155	169
UniRef90_V5CVG8	79.61	155	156
UniRef90_A0A0F4RZ93	45.95	155	151
UniRef90_B7LTP6	83.12	155	157
UniRef90_UPI00047A9C2F	43.24	155	151
UniRef90_A0A062UAK9	46.98	155	150
UniRef90_A0A011UXF9	44.59	155	155
UniRef90_A0A0J8Y9W6	80.92	155	164
UniRef90_C4RXK2	61.04	155	158
UniRef90_A0A0H5HYY1	60.39	155	158
UniRef90_B3EB40	46.41	155	154
UniRef90_A0A0M7BCF9	42.28	155	151
UniRef90_A0A085HQ82	80.52	155	163
UniRef90_UPI00034C38C4	65.13	155	155
UniRef90_A0A0F9RFV1	40.27	155	150
UniRef90_UPI00046FFF82	42.66	155	151
UniRef90_UPI00068DB544	74.03	155	164
UniRef90_A0A074T8R5	41.22	155	157
UniRef90_A1WU41	43.33	155	167
UniRef90_UPI0006E1756E	39.60	155	151
UniRef90_UPI000237BDDC	78.95	155	160
UniRef90_A0A0A0Z998	64.05	155	158
UniRef90_D8MTQ5	66.23	155	155
UniRef90_UPI0006867E37	42.57	155	160
UniRef90_A0A059FL98	41.89	155	152
UniRef90_E5E3X5	46.62	155	148
UniRef90_UPI0002E6831E	82.47	155	164
UniRef90_C4SM53	60.39	155	158
UniRef90_A0A0D1BBJ1	45.64	155	150
UniRef90_UPI00037A4254	43.71	155	163
UniRef90_A0A095SKF8	49.64	155	140
UniRef90_UPI00054E3A73	64.05	155	155
UniRef90_L0M4N0	76.77	155	164
UniRef90_U7P5F0	40.94	155	162
UniRef90_UPI0005E6A4BD	61.69	155	158
UniRef90_U3U488	64.71	155	158
UniRef90_UPI0006FF7240	65.16	155	157
UniRef90_A0A0J9BD70	62.34	155	155
UniRef90_UPI00037D3067	43.92	155	150
UniRef90_B1K1A3	43.24	155	155
UniRef90_A0A0F3LRX8	64.71	155	158
UniRef90_UPI000467B3A7	82.24	155	156
UniRef90_UPI0006ACA618	79.87	155	177
UniRef90_A0A0M4LF73	43.62	155	167
UniRef90_A0A0J5JBU5	43.33	155	155
UniRef90_F3HNH1	42.00	155	155
UniRef90_J2VDI8	63.40	155	158
UniRef90_UPI00062C1930	45.95	155	150
UniRef90_A0A0H4MYS6	61.04	155	158
UniRef90_UPI00046A2F6D	41.89	155	153
UniRef90_A0A010JAU5	45.58	155	148
UniRef90_Q0AK56	45.52	155	168
UniRef90_V2TTI6	45.33	155	155
UniRef90_UPI0006DC504A	39.86	155	157
UniRef90_UPI0005343A6F	64.71	155	158
UniRef90_H5V0V6	75.97	155	155
UniRef90_UPI00037F0211	47.65	155	150
UniRef90_V5Z8C0	61.69	155	155
UniRef90_A0A0B2BYA3	41.50	155	156
UniRef90_D4HW03	61.69	155	155
UniRef90_UPI0005F859F7	42.28	155	156
UniRef90_A0A061ST55	39.60	155	150
UniRef90_UPI00036F2DE9	45.81	155	168
UniRef90_UPI0006F2202E	42.86	155	159
UniRef90_UPI00058DBBB4	41.50	155	152
UniRef90_A0A0B5IMT4	78.67	155	154
UniRef90_A0A0A1AYA2	67.10	155	160
UniRef90_UPI0005E09330	60.39	155	158
UniRef90_A0A0L7T0A7	68.42	155	155
UniRef90_UPI00048204B1	42.28	155	151
UniRef90_UPI0006F9D800	43.92	155	161
UniRef90_A8G988	59.74	155	157
UniRef90_H2ISN4	60.65	155	156
UniRef90_UPI0004890D80	45.33	155	156
UniRef90_UPI0005943582	42.67	155	154
UniRef90_A0A085IIZ8	81.70	155	163
UniRef90_A0A085GC39	80.26	155	166
UniRef90_UPI000557C9F4	76.13	155	166
UniRef90_Q142X5	47.59	155	148
UniRef90_A0A014MDW9	62.75	155	157
UniRef90_UPI0005F159F8	47.41	155	147
UniRef90_Q7N9J2	59.74	155	157
UniRef90_H8W9D6	43.84	155	149
UniRef90_UPI00059519F0	40.54	155	148
UniRef90_D3VAD6	60.53	155	157
UniRef90_H8H3L0	45.99	155	147
UniRef90_A0A069E1E4	43.15	155	155
UniRef90_UPI000465ADE6	43.45	155	153
UniRef90_R8B3I0	43.62	155	156
UniRef90_UPI000374FAD6	41.72	155	152
UniRef90_W0JA52	43.62	155	165
UniRef90_UPI0006418C3B	45.33	155	160
UniRef90_A0A085HB26	75.32	155	170
UniRef90_A0A0K1FG75	44.93	155	137
UniRef90_V2PNH8	42.57	155	154
UniRef90_D0C733	43.79	155	174
UniRef90_A0A067Z218	47.14	155	160
UniRef90_A0A078LFL2	88.31	155	156
UniRef90_UPI0003B30F06	44.97	155	153
UniRef90_A0A071M239	69.08	155	161
UniRef90_UPI00062C8B48	46.00	155	154
UniRef90_F9Y928	41.18	155	154
UniRef90_A0A0F9YU43	40.27	155	156
UniRef90_UPI000689C389	41.61	155	169
UniRef90_A6GQN0	45.58	155	150
UniRef90_UPI0005EED67F	41.61	155	154
UniRef90_A0A060VKL3	76.77	155	218
UniRef90_S9RYE3	40.52	155	155
UniRef90_B2JEA8	45.52	155	148
UniRef90_A0A0J5XL25	59.87	155	157
UniRef90_A5FU97	40.94	155	154
UniRef90_UPI000522E486	42.67	155	154
UniRef90_UPI0004792B8D	41.50	155	146
UniRef90_N9UPH5	44.14	155	147
UniRef90_UPI0003664AD3	38.06	155	144
UniRef90_UPI00044A372D	44.74	155	169
UniRef90_N9UX28	38.51	155	154
UniRef90_UPI000686927E	46.38	155	155
UniRef90_A0A011U729	42.18	155	151
UniRef90_E6WDW4	64.05	155	158
UniRef90_F7NR60	41.50	155	150
UniRef90_UPI00036E9D44	45.95	155	167
UniRef90_A0A060NVI7	41.61	155	156
UniRef90_UPI00067C8D6C	42.67	155	154
UniRef90_UPI0005768649	42.47	155	149
UniRef90_UPI000595BB5B	42.95	155	152
UniRef90_A0A0M0ED05	45.99	155	139
UniRef90_UPI000580768B	43.24	155	151
UniRef90_B3EJE0	38.89	155	153
UniRef90_UPI000471AD69	46.72	155	149
UniRef90_A0A0A0M8P8	44.44	155	149
UniRef90_R5VAE9	41.40	155	167
UniRef90_B0KIU4	50.38	155	158
UniRef90_UPI000485D16D	49.65	155	155
UniRef90_UPI00036F549B	40.67	155	154
UniRef90_A0A0E2NYR7	40.94	155	151
UniRef90_UPI00057C2F86	38.24	155	138
UniRef90_K0CT68	43.62	155	161
UniRef90_A0A0L0IW21	41.33	155	165
UniRef90_W1R5K2	42.75	155	147
UniRef90_A0A0K2ZIK7	41.61	155	152
UniRef90_UPI0006CA70B0	42.57	155	150
UniRef90_UPI00036F7D23	40.94	155	156
UniRef90_A0A0A6D5K9	44.78	155	142
UniRef90_UPI0003A5BFDA	43.94	155	139
UniRef90_A0A015VGJ5	40.98	155	172
UniRef90_A0A0A6Q462	46.53	155	148
UniRef90_UPI00054CEC38	39.26	155	150
UniRef90_A0A085JEW2	61.69	155	163
UniRef90_UPI000363A28A	71.61	155	160
UniRef90_UPI000316DB1F	45.52	155	137
UniRef90_E1YMU2	33.33	155	174
UniRef90_UPI0004B6954E	39.26	155	172
UniRef90_D5W577	47.59	155	148
UniRef90_X6FJG1	41.61	155	151
UniRef90_J9ZCN9	41.22	155	151
UniRef90_R5MYB4	39.02	155	173
UniRef90_UPI000571E9C4	43.33	155	153
UniRef90_C4K5I6	43.54	155	148
UniRef90_UPI0006F609D3	44.67	155	155
UniRef90_UPI0006FF0D60	45.71	155	151
UniRef90_UPI0004DECD19	44.59	155	148
UniRef90_N9UW66	40.00	155	152
UniRef90_A0A0G3CHN8	61.69	155	158
UniRef90_UPI000372C54D	44.59	155	154
UniRef90_UPI00036E5782	43.05	155	153
UniRef90_UPI00036E7A84	38.89	155	145
UniRef90_UPI00046A030E	64.94	155	157
UniRef90_UPI0006F5739E	43.84	155	149
UniRef90_UPI0003B4BE26	46.58	155	155
UniRef90_A0A0C9NBN6	46.62	155	149
UniRef90_N9R457	43.33	155	153
UniRef90_UPI00066D9C94	44.60	155	140
UniRef90_B4RGD5	43.06	155	164
UniRef90_A0LQ21	38.78	155	165
UniRef90_UPI00055B5665	40.00	155	153
UniRef90_UPI0007016028	42.19	155	149
UniRef90_N9S4H3	42.18	155	146
UniRef90_A0A087AIL4	39.72	155	139
UniRef90_X5PPB4	41.61	155	164
UniRef90_Q727L2	50.83	155	136
UniRef90_F0Q8K0	40.94	155	152
UniRef90_UPI00055426D6	46.81	155	148
UniRef90_UPI00062A3492	39.86	155	151
UniRef90_A0A0M4MTD9	45.99	155	160
UniRef90_R7PQ58	43.80	155	137
UniRef90_UPI0006FF9327	43.92	155	152
UniRef90_UPI0006F68DF6	38.00	155	158
UniRef90_UPI00039B347A	57.14	155	160
UniRef90_UPI00048EAAEB	45.93	155	136
UniRef90_R5SC32	42.96	155	171
UniRef90_UPI0004A73D80	37.58	155	150
UniRef90_A0A0E2LFL2	41.10	155	158
UniRef90_UPI0002FE65BE	55.92	155	157
UniRef90_N9H2U6	40.67	155	153
UniRef90_F9ZBJ7	45.16	155	175
UniRef90_G8UME0	42.03	155	165
UniRef90_F2J3J1	41.84	155	149
UniRef90_UPI00048F1FC6	43.79	155	155
UniRef90_UPI00039A59D6	55.19	155	155
UniRef90_UPI00070080CC	44.59	155	166
UniRef90_A3X5U2	42.25	155	141
UniRef90_UPI000551D95D	42.76	155	148
UniRef90_L0EB19	47.45	155	138
UniRef90_Q5QV95	43.71	155	171
UniRef90_A0A0G3XDZ3	44.44	155	165
UniRef90_D4JUV7	42.03	155	144
UniRef90_UPI0006FC8259	44.37	155	157
UniRef90_UPI00057F61ED	58.44	155	155
UniRef90_R5KCM2	39.55	155	173
UniRef90_C7PIW0	45.19	155	140
UniRef90_R7J1B9	39.29	155	168
UniRef90_R5VV21	40.65	155	172
UniRef90_E6UHK6	38.41	155	139
UniRef90_A0A0M2KEL5	59.48	155	156
UniRef90_E4MC46	43.55	155	140
UniRef90_K1JS98	40.29	155	149
UniRef90_UPI0006DD0CFF	39.55	155	172
UniRef90_UPI0005715F2E	36.30	155	144
UniRef90_F3PQT8	38.81	155	172
UniRef90_UPI0005719FF4	46.21	155	150
UniRef90_Q21TW8	41.61	155	152
UniRef90_UPI00056DE740	39.60	155	151
UniRef90_J9GI34	41.04	155	197
UniRef90_R5CLH3	43.44	155	161
UniRef90_UPI000555B61C	43.28	155	139
UniRef90_A0A087BE68	40.74	155	138
UniRef90_UPI0006882107	40.94	155	172
UniRef90_UPI0004662604	46.92	155	138
UniRef90_C6Y2T9	41.22	155	140
UniRef90_UPI00047371F2	43.44	155	137
UniRef90_UPI000344C6FC	47.52	155	160
UniRef90_UPI0004205A0C	39.02	155	162
UniRef90_A0A059DS74	44.76	155	141
UniRef90_C3RB63	37.34	155	165
UniRef90_G6B024	40.58	155	166
UniRef90_A0A089PPW9	72.19	155	159
UniRef90_R5HN83	35.56	155	141
UniRef90_A0A0M3QCY8	42.07	155	156
UniRef90_R6S9J4	39.26	155	164
UniRef90_UPI0005B23549	37.67	155	157
UniRef90_UPI0007037307	42.96	155	149
UniRef90_L0FJZ3	43.55	155	143
UniRef90_U2VUA2	46.27	155	144
UniRef90_K2K3C3	35.37	155	174
UniRef90_UPI000379736C	41.04	155	149
UniRef90_E9S0C8	38.57	155	140
UniRef90_UPI0003B9DCD6	46.51	155	137
UniRef90_A0A099FCT5	40.27	155	165
UniRef90_F8EAL6	41.04	155	144
UniRef90_N9FY51	40.27	155	151
UniRef90_M2VPG7	47.58	155	157
UniRef90_B6VZ67	41.94	155	169
UniRef90_R5CTW1	38.30	155	176
UniRef90_UPI0006DBDEF0	39.26	155	169
UniRef90_H6LJP3	44.60	155	148
UniRef90_G8R877	42.40	155	134
UniRef90_UPI0004119861	41.04	155	137
UniRef90_A0A016H7A6	41.13	155	167
UniRef90_UPI00003842AD	40.94	155	157
UniRef90_UPI00037B4726	37.01	155	159
UniRef90_A0A0A6SYY4	47.55	155	149
UniRef90_UPI00068B1E42	41.50	155	152
UniRef90_J1IMX5	37.84	155	149
UniRef90_A0A0D0IW59	36.69	155	165
UniRef90_J7TT90	47.33	155	156
UniRef90_UPI0005194206	42.19	155	139
UniRef90_UPI000668F05A	41.61	155	142
UniRef90_A0A023WRC8	43.18	155	140
UniRef90_A0A0E2NKA0	42.38	155	149
UniRef90_UPI0005585DDB	43.57	155	141
UniRef90_G0EQ19	36.50	155	140
UniRef90_A0A0L6K9S9	39.60	155	151
UniRef90_UPI0005572790	38.19	155	152
UniRef90_UPI0006255BF3	43.80	155	148
UniRef90_A0A015ZMD6	36.80	155	170
UniRef90_UPI00047B40F6	44.54	155	137
UniRef90_D1BA88	37.96	155	147
UniRef90_R9IFN4	41.61	155	137
UniRef90_U3HSH4	41.10	155	153
UniRef90_W1MSP5	41.67	155	149
UniRef90_B8F0E1	43.07	155	137
UniRef90_A0A0M3BTR6	38.78	155	146
UniRef90_UPI00037C204D	41.48	155	142
UniRef90_A0A0C3N473	39.73	155	152
UniRef90_A0A0B6RKP9	40.56	155	144
UniRef90_A0A0C1JDK0	45.33	155	152
UniRef90_A0A0A8WWF7	35.37	155	188
UniRef90_F0QZP3	38.81	155	175
UniRef90_A0A0C1GLH3	39.86	155	147
UniRef90_L1M5J6	41.67	155	140
UniRef90_UPI000577C8AE	39.85	155	152
UniRef90_UPI00039E3615	41.61	155	137
UniRef90_R5PAN4	38.81	155	175
UniRef90_I3YEF0	45.59	155	177
UniRef90_A0A0C1U235	39.04	155	146
UniRef90_UPI0003614771	40.00	155	167
UniRef90_R6CPP3	39.57	155	184
UniRef90_A4ABD9	42.03	155	138
UniRef90_E1SHB1	66.01	155	159
UniRef90_A0A078SB63	38.69	155	177
UniRef90_UPI0005BDCE22	40.30	155	149
UniRef90_A2BV36	38.98	155	141
UniRef90_UPI0005C1C50B	40.41	155	163
UniRef90_T5KWD1	44.52	155	145
UniRef90_UPI00056FE25C	41.55	155	141
UniRef90_A1B3R0	43.24	155	154
UniRef90_UPI0006C4EB1E	42.45	155	139
UniRef90_T0PG69	40.30	155	149
UniRef90_UPI0002F0CFF2	46.77	155	142
UniRef90_UPI0005A64F5E	39.74	155	154
UniRef90_UPI000408ECB0	41.38	155	153
UniRef90_F2KY27	38.99	155	176
UniRef90_UPI000475FFB5	41.89	155	147
UniRef90_F8N7V7	39.55	155	167
UniRef90_R6AMI8	39.84	155	181
UniRef90_D3E418	38.03	155	142
UniRef90_UPI0001E285C5	43.70	155	139
UniRef90_UPI00056CBD00	42.57	155	146
UniRef90_Q2JZI3	42.66	155	147
UniRef90_UPI000462DDB2	42.22	155	141
UniRef90_A6V496	42.67	155	149
UniRef90_UPI00048923DE	42.96	155	142
UniRef90_E1QK32	40.56	155	148
UniRef90_UPI000557CFA8	42.40	155	135
UniRef90_A0A068QN71	52.29	155	157
UniRef90_UPI000486AB3E	42.19	155	139
UniRef90_C9L355	36.57	155	138
UniRef90_UPI000627CC4D	39.72	155	149
UniRef90_A0A0D0F3L9	43.17	155	138
UniRef90_A3W6T6	45.00	155	158
UniRef90_U2KVB8	39.42	155	137
UniRef90_A0A086Y4K8	41.01	155	150
UniRef90_I5BC68	41.55	155	145
UniRef90_X0YED2	38.41	155	153
UniRef90_W4PI56	36.50	155	146
UniRef90_D2EST6	38.52	155	169
UniRef90_UPI00047E39DC	41.48	155	137
UniRef90_D7IXB1	38.52	155	172
UniRef90_UPI0006D7E0A2	38.52	155	170
UniRef90_I2B7X8	66.23	155	157
UniRef90_UPI000429E6BF	49.30	155	149
UniRef90_UPI000674C1FF	38.85	155	149
UniRef90_UPI0003A68670	42.14	155	138
UniRef90_A0A0N0IJS6	46.00	155	171
UniRef90_A0A0G3LWN3	46.77	155	138
UniRef90_UPI00032D992D	38.52	155	141
UniRef90_UPI0006495531	37.14	155	145
UniRef90_UPI000641D243	41.48	155	137
UniRef90_F0QZK3	38.81	155	165
UniRef90_N1NV30	43.33	155	154
UniRef90_B3QE76	45.53	155	152
UniRef90_A0A0A5FP67	40.60	155	152
UniRef90_UPI0006BBAE3B	42.34	155	138
UniRef90_A0A015TTT2	48.78	155	142
UniRef90_UPI0004904BBD	37.67	155	144
UniRef90_A2BPK4	36.09	155	137
UniRef90_UPI00055DDCD6	42.95	155	157
UniRef90_A0A090C223	38.51	155	152
UniRef90_F7XYN2	50.42	155	146
UniRef90_UPI00059D7168	41.84	155	143
UniRef90_UPI00051BF7A0	33.91	155	184
UniRef90_UPI0006696390	42.86	155	152
UniRef90_A3UG24	38.41	155	140
UniRef90_Q5NYW8	47.15	155	157
UniRef90_R9I812	39.52	155	181
UniRef90_U6RFE6	40.98	155	173
UniRef90_UPI00039C267D	36.50	155	138
UniRef90_D5UA88	38.52	155	141
UniRef90_A0A0E9N390	42.22	155	139
UniRef90_UPI00037EF054	42.07	155	153
UniRef90_UPI0003C1A3CC	41.30	155	471
UniRef90_A0A0K6HJ36	45.77	155	139
UniRef90_UPI0005697FA4	36.99	155	144
UniRef90_A0A0J7I0A3	43.09	155	138
UniRef90_I4W0H5	41.89	155	154
UniRef90_U3HEG1	44.76	155	149
UniRef90_W0ER95	40.30	155	139
UniRef90_E3I134	39.60	155	151
UniRef90_UPI00055CF076	36.84	155	158
UniRef90_UPI0006F7EB72	43.09	155	145
UniRef90_UPI00036E4821	39.86	155	154
UniRef90_UPI000237BED5	43.94	155	148
UniRef90_R6EC01	40.60	155	163
UniRef90_A0A0F9AKP2	43.57	155	141
UniRef90_UPI0005B6A577	38.35	155	172
UniRef90_UPI00048AE6E5	37.78	155	168
UniRef90_A0A0B4BKR2	38.69	155	137
UniRef90_E0RXR9	41.91	155	137
UniRef90_UPI00046A2878	38.67	155	151
UniRef90_A0A011M9Z2	38.36	155	165
UniRef90_UPI00048DDE23	43.38	155	139
UniRef90_A0A0A0ENB7	40.85	155	143
UniRef90_J2NI73	37.86	155	139
UniRef90_UPI00068790C4	40.26	155	162
UniRef90_UPI0003B754DB	36.96	155	141
UniRef90_UPI0006840074	40.32	155	140
UniRef90_Q31CG2	40.80	155	138
UniRef90_UPI000683FB15	39.42	155	143
UniRef90_UPI000345AF57	43.44	155	158
UniRef90_A1S287	39.60	155	161
UniRef90_A0A0E9BY50	66.67	155	159
UniRef90_UPI00035CCA7C	57.89	155	158
UniRef90_UPI0006FD79BF	37.86	155	136
UniRef90_U2RA92	35.97	155	144
UniRef90_UPI0006F9174F	40.69	155	144
UniRef90_UPI0004826315	47.89	155	149
UniRef90_UPI00057769C4	42.11	155	156
UniRef90_UPI00066FF67F	40.74	155	153
UniRef90_K9NQ43	38.89	155	138
UniRef90_UPI0005522B33	43.66	155	139
UniRef90_UPI00037CE32E	37.23	155	133
UniRef90_H7F1G0	44.78	155	137
UniRef90_C3QIT6	40.27	155	150
UniRef90_E6U5M9	41.84	155	141
UniRef90_UPI0004918365	42.25	155	147
UniRef90_UPI000700718D	41.48	155	137
UniRef90_X5RBM1	38.58	155	135
UniRef90_B9P0C9	38.40	155	138
UniRef90_UPI0005ACCE84	37.09	155	164
UniRef90_S6MEW7	44.17	155	154
UniRef90_UPI000685B502	40.98	155	147
UniRef90_UPI000649127F	41.80	155	140
UniRef90_UPI000686BDDE	44.37	155	144
UniRef90_E6JZ13	36.55	155	157
UniRef90_A0A0K1NNP2	39.84	155	167
UniRef90_UPI00058F70F6	42.96	155	146
UniRef90_R9GMS3	40.88	155	138
UniRef90_UPI00067D3A95	41.10	155	174
UniRef90_M7CT10	39.26	155	144
UniRef90_UPI000688024B	40.00	155	159
UniRef90_A0A098I9D8	41.78	155	153
UniRef90_D1QVC0	38.52	155	172
UniRef90_U1ZNW8	43.17	155	141
UniRef90_UPI0006C55589	34.46	155	175
UniRef90_I9UMX8	37.30	155	148
UniRef90_A0A0J7JD07	41.96	155	150
UniRef90_J0VEB8	42.34	155	149
UniRef90_W1N713	42.96	155	151
UniRef90_A0A0F5ZYD5	38.78	155	166
UniRef90_UPI0006491F66	42.75	155	139
