UniRef90_P33247	99.68	623	631
UniRef90_J9HMR6	77.18	623	622
UniRef90_Q59080	63.78	623	634
UniRef90_UPI000420EBD8	64.77	623	626
UniRef90_M9SGX4	53.37	623	663
UniRef90_UPI0004133EB6	51.20	623	652
UniRef90_S3AUV0	52.60	623	666
UniRef90_A0A0N1G4W1	52.50	623	671
UniRef90_UPI0006E24DCA	51.62	623	659
UniRef90_D7BYZ8	52.85	623	647
UniRef90_UPI0003687E06	50.56	623	663
UniRef90_S4AWE1	51.13	623	664
UniRef90_UPI00069805ED	51.14	623	655
UniRef90_UPI00036DF92B	52.60	623	688
UniRef90_UPI00069A3FCA	51.40	623	668
UniRef90_UPI00068A4474	51.04	623	676
UniRef90_UPI00048DD86A	52.82	623	679
UniRef90_UPI000693D657	50.89	623	673
UniRef90_UPI0004C860C1	52.35	623	676
UniRef90_A0A0L0JHN8	50.89	623	708
UniRef90_L1KPL1	51.95	623	664
UniRef90_UPI00068B8C92	51.63	623	672
UniRef90_A0A0L8QEQ4	53.28	623	663
UniRef90_UPI00068D818C	50.73	623	653
UniRef90_UPI0004C51014	51.22	623	666
UniRef90_D6EF49	51.48	623	680
UniRef90_UPI000562D168	51.85	623	668
UniRef90_A0LVK9	52.01	623	633
UniRef90_D9UKK8	51.13	623	655
UniRef90_A0A0M8T2P6	50.73	623	664
UniRef90_A0A0N1H9Z9	51.45	623	673
UniRef90_A0A0F4KLP2	51.38	623	652
UniRef90_UPI00035F1805	51.54	623	632
UniRef90_UPI00056D0C8D	51.04	623	636
UniRef90_UPI00049187E2	50.81	623	640
UniRef90_UPI000428AF30	50.97	623	672
UniRef90_UPI0004B15746	52.28	623	640
UniRef90_A0A076MTU2	50.24	623	633
UniRef90_UPI0004CC4FDE	51.45	623	677
UniRef90_B5HSY8	51.94	623	669
UniRef90_UPI0004C5171C	51.14	623	666
UniRef90_L7F854	51.29	623	673
UniRef90_UPI00036C0099	52.04	623	681
UniRef90_D9V481	51.56	623	637
UniRef90_UPI0003A16EC1	51.39	623	667
UniRef90_UPI00055B0775	51.53	623	667
UniRef90_E4N8Q2	51.78	623	652
UniRef90_A0A0C1XS66	50.81	623	665
UniRef90_V6KJG5	52.26	623	695
UniRef90_D9WSB0	51.62	623	665
UniRef90_A0A098GBW4	45.47	623	656
UniRef90_UPI0006E20C72	51.21	623	698
UniRef90_UPI0005248B1E	51.29	623	668
UniRef90_A0A0D4DGA1	52.62	623	658
UniRef90_A0A0M2Z487	51.77	623	663
UniRef90_G2P4F9	51.79	623	648
UniRef90_Q39RT6	47.18	623	679
UniRef90_UPI00068A21A0	51.06	623	695
UniRef90_D9VRF9	50.81	623	676
UniRef90_UPI0004C20213	50.57	623	670
UniRef90_UPI0004BF585D	52.87	623	673
UniRef90_Q82ML0	51.64	623	666
UniRef90_C7MXN7	50.57	623	640
UniRef90_H2JRZ3	51.72	623	676
UniRef90_B5H4L1	50.73	623	674
UniRef90_A0A0F5W6B8	52.26	623	663
UniRef90_A0A0K9XJZ7	51.95	623	665
UniRef90_UPI0006E29153	51.81	623	667
UniRef90_A0A0D5NA04	46.85	623	679
UniRef90_UPI0006E31DF1	51.22	623	675
UniRef90_B3E4L3	46.46	623	684
UniRef90_UPI00036A13A5	51.63	623	672
UniRef90_G8X0S0	51.07	623	651
UniRef90_UPI0006E2E2CF	51.55	623	689
UniRef90_E8WLT7	47.78	623	680
UniRef90_UPI0004BFC51B	52.19	623	663
UniRef90_UPI0006915B2E	50.08	623	683
UniRef90_UPI0006E24443	51.63	623	672
UniRef90_A0A0F7VLM6	52.45	623	675
UniRef90_UPI000689A461	51.19	623	677
UniRef90_UPI0002D5FF7C	51.23	623	666
UniRef90_B9M6Y2	47.75	623	688
UniRef90_N0D069	50.08	623	666
UniRef90_C7Q017	50.49	623	644
UniRef90_B4VCS3	51.30	623	684
UniRef90_UPI0006E311F2	50.74	623	679
UniRef90_S2ZB30	51.97	623	666
UniRef90_UPI00055DFA5F	52.12	623	680
UniRef90_I1D3H6	50.97	623	638
UniRef90_UPI0004C5AE2B	50.24	623	667
UniRef90_I2N9L8	51.77	623	679
UniRef90_UPI000683E226	50.57	623	678
UniRef90_D9XYL1	52.10	623	680
UniRef90_UPI0006535025	52.67	623	679
UniRef90_A0A0A8WSC1	47.20	623	680
UniRef90_A0A0F4JPU7	51.12	623	669
UniRef90_A0A0B5DQI4	51.45	623	666
UniRef90_UPI0004C03D6B	51.40	623	674
UniRef90_A1AN91	46.77	623	679
UniRef90_A0A059W6V5	52.04	623	679
UniRef90_UPI0004CBADEF	51.39	623	669
UniRef90_A0A089XK65	52.51	623	672
UniRef90_C6E1N3	48.31	623	680
UniRef90_UPI00061DB71F	51.28	623	674
UniRef90_UPI0004C662AE	50.57	623	664
UniRef90_UPI00054BEDA5	49.84	623	661
UniRef90_UPI0005F814A1	49.92	623	696
UniRef90_A0A0B2ADT5	51.47	623	684
UniRef90_E8WAC1	49.76	623	670
UniRef90_A0A0B5F6G4	49.68	623	657
UniRef90_A0A0B5B7W3	47.18	623	679
UniRef90_UPI000702232F	49.27	623	664
UniRef90_A0A0F0HM39	51.81	623	653
UniRef90_UPI000691FF36	52.43	623	633
UniRef90_A0A022MK14	51.64	623	674
UniRef90_A0LLW2	47.10	623	688
UniRef90_UPI00068F8895	49.45	623	669
UniRef90_UPI00055D3494	52.30	623	695
UniRef90_UPI00037805C0	51.72	623	675
UniRef90_G2NJQ1	49.92	623	672
UniRef90_UPI000420F9A4	50.96	623	636
UniRef90_UPI000426DB04	50.00	623	645
UniRef90_UPI0003603C49	49.60	623	678
UniRef90_UPI0006863503	51.69	623	720
UniRef90_UPI0004CC174F	51.05	623	670
UniRef90_M3C0T9	51.96	623	646
UniRef90_UPI00068E99DE	50.73	623	637
UniRef90_A0A0F7ND16	48.36	623	677
UniRef90_UPI0003610B86	48.67	623	677
UniRef90_L8ETX8	51.62	623	671
UniRef90_UPI0006989F74	49.76	623	628
UniRef90_F2RG17	50.08	623	659
UniRef90_A0A0C2BCW0	50.00	623	665
UniRef90_G2G9G7	50.72	623	671
UniRef90_UPI00068B623C	51.14	623	661
UniRef90_A5GB12	45.99	623	679
UniRef90_A0A0M2MSV7	51.55	623	687
UniRef90_UPI00037BBF7D	50.24	623	676
UniRef90_A0A0M8YJ56	50.57	623	667
UniRef90_UPI0004295AA0	49.22	623	690
UniRef90_UPI00039EBE21	50.32	623	647
UniRef90_H0KBN6	49.11	623	642
UniRef90_UPI0004C6EE93	49.68	623	663
UniRef90_F3NGG4	50.65	623	691
UniRef90_UPI0004CCE32E	51.22	623	708
UniRef90_UPI0004C2BB54	50.08	623	630
UniRef90_UPI0004CAAD8A	50.90	623	668
UniRef90_UPI0003793270	50.48	623	676
UniRef90_A0A0F4IFC1	50.82	623	675
UniRef90_UPI0004C0C31E	51.64	623	678
UniRef90_F4D0Z8	50.89	623	635
UniRef90_D9X7G3	51.23	623	670
UniRef90_H6RL60	51.23	623	641
UniRef90_W7STV7	50.41	623	641
UniRef90_UPI000467CCE3	50.64	623	648
UniRef90_UPI0003AD2827	52.04	623	656
UniRef90_UPI0003ACF817	50.50	623	621
UniRef90_UPI000683DF5C	48.15	623	625
UniRef90_A0A099D9R0	49.68	623	673
UniRef90_J2A3I3	51.72	623	672
UniRef90_UPI0005B98C31	51.31	623	689
UniRef90_I0V7I9	49.11	623	638
UniRef90_UPI00062C0C59	50.16	623	664
UniRef90_UPI000694147C	50.24	623	644
UniRef90_UPI00031DB7E8	49.67	623	635
UniRef90_W2EZV1	50.73	623	630
UniRef90_UPI0006905DB5	50.40	623	645
UniRef90_UPI00030D206D	48.50	623	693
UniRef90_UPI0005BAAB3E	51.39	623	665
UniRef90_A4FHS1	49.67	623	636
UniRef90_A0A024YX55	50.65	623	631
UniRef90_UPI00037B964F	49.27	623	648
UniRef90_D1C5C0	48.20	623	617
UniRef90_F8AZJ1	47.00	623	677
UniRef90_UPI0006889DF1	47.18	623	621
UniRef90_A0A0B5ICN8	50.16	623	661
UniRef90_UPI000361E8AE	46.42	623	640
UniRef90_A0A081EKD9	50.65	623	695
UniRef90_UPI000370F559	50.32	623	626
UniRef90_UPI0003F7340F	50.16	623	712
UniRef90_UPI00036A2CA5	50.25	623	627
UniRef90_UPI00068EFA6C	50.16	623	658
UniRef90_UPI000369668F	49.01	623	654
UniRef90_M1YX70	44.68	623	663
UniRef90_H5X1Q4	47.98	623	636
UniRef90_UPI0006E45F2F	49.60	623	671
UniRef90_UPI0006863742	45.75	623	644
UniRef90_A0A0D6AAS4	43.30	623	639
UniRef90_UPI0004AA5E0A	49.84	623	658
UniRef90_W5TSY1	49.67	623	743
UniRef90_UPI000372E14D	48.24	623	640
UniRef90_A0A077LXT3	47.68	623	637
UniRef90_UPI000464F21E	49.34	623	641
UniRef90_UPI00041EF257	48.79	623	665
UniRef90_UPI000234BDA8	49.28	623	718
UniRef90_B7JUY9	44.12	623	647
UniRef90_A0A0D8B9C0	47.12	623	704
UniRef90_UPI00054FC584	45.61	623	671
UniRef90_C5BPY1	45.17	623	671
UniRef90_W5W8E3	47.98	623	642
UniRef90_UPI0002F97C1D	45.60	623	636
UniRef90_A0A062X5L8	45.69	623	746
UniRef90_F2NEV8	46.14	623	651
UniRef90_B1WUK4	43.38	623	663
UniRef90_K9WPT3	44.13	623	643
UniRef90_G2LJM4	46.45	623	659
UniRef90_UPI00039CAF4A	44.27	623	671
UniRef90_UPI00047D481E	45.60	623	636
UniRef90_A0A0C1XKF5	43.48	623	633
UniRef90_E2PZ48	49.92	623	677
UniRef90_A0A0D6KNZ0	44.55	623	639
UniRef90_W4M923	43.59	623	631
UniRef90_E3IYF6	48.01	623	764
UniRef90_K9ZMR9	43.41	623	636
UniRef90_A0A0C2LJ93	45.47	623	639
UniRef90_A0A0M0EMK8	44.11	623	723
UniRef90_A0A0C1RJW6	45.03	623	638
UniRef90_A0A0C2QU55	44.69	623	647
UniRef90_UPI0004DF7F80	46.14	623	660
UniRef90_G6FPH9	44.88	623	636
UniRef90_B7KE21	44.57	623	643
UniRef90_B8HRM9	45.59	623	668
UniRef90_A0A0D6AR54	42.83	623	642
UniRef90_UPI00035CCA74	46.19	623	760
UniRef90_UPI000345E5B0	44.90	623	648
UniRef90_E0UII0	45.29	623	643
UniRef90_UPI00034C77C2	42.49	623	639
UniRef90_UPI0004664608	44.18	623	700
UniRef90_A0A087PTX1	44.02	623	685
UniRef90_UPI00034DF984	45.04	623	639
UniRef90_K8GNP7	45.14	623	651
UniRef90_B0C3I2	44.25	623	639
UniRef90_K9Z5C4	41.84	623	640
UniRef90_Q7NE23	45.64	623	637
UniRef90_D4TT96	43.60	623	640
UniRef90_L8LVW7	44.22	623	681
UniRef90_Q118B5	43.32	623	632
UniRef90_Q07I43	44.49	623	685
UniRef90_Q5NM88	43.99	623	725
UniRef90_K9T630	44.39	623	646
UniRef90_K9XY11	43.25	623	638
UniRef90_A0A077JG41	41.94	623	643
UniRef90_Q3A7M9	44.02	623	695
UniRef90_D3EQ48	42.95	623	641
UniRef90_B2IWZ4	43.45	623	638
UniRef90_UPI00055D2602	43.82	623	643
UniRef90_A0A086CI45	41.87	623	641
UniRef90_S9TQ71	44.16	623	690
UniRef90_A0A081GKY9	45.09	623	639
UniRef90_K9WWU1	42.65	623	641
UniRef90_K9PE31	43.13	623	644
UniRef90_A0A098TKE2	42.74	623	650
UniRef90_A0LJS0	43.91	623	710
UniRef90_G2I3W3	43.66	623	709
UniRef90_W9GNN8	46.21	623	648
UniRef90_L0DPP5	43.91	623	705
UniRef90_UPI0003658CD7	43.80	623	649
UniRef90_K9RTK2	44.23	623	652
UniRef90_UPI0003473761	43.81	623	649
UniRef90_E1YL66	43.20	623	671
UniRef90_A0A0D6P001	43.59	623	686
UniRef90_K9V4Q0	42.83	623	657
UniRef90_K9Q5X1	43.49	623	635
UniRef90_UPI0004810E66	42.60	623	689
UniRef90_V5V678	44.46	623	642
UniRef90_Q3M418	42.99	623	637
UniRef90_G6XHN3	43.62	623	685
UniRef90_L8LW46	42.33	623	632
UniRef90_I4I481	41.65	623	651
UniRef90_A8LER3	45.43	623	689
UniRef90_UPI000362E47E	41.38	623	677
UniRef90_A0A068MR22	43.46	623	647
UniRef90_Q1IQV9	40.97	623	657
UniRef90_F4Y2C6	41.73	623	637
UniRef90_V4L3Y9	42.58	623	666
UniRef90_K7SDH1	43.14	623	680
UniRef90_UPI00036C10B1	45.23	623	697
UniRef90_A0A0K2G895	42.68	623	725
UniRef90_H0TEF6	44.11	623	696
UniRef90_K9QUQ8	43.41	623	638
UniRef90_G8NZ37	39.97	623	676
UniRef90_D3D912	45.65	623	734
UniRef90_B4WIK8	42.41	623	653
UniRef90_UPI0003146994	42.88	623	644
UniRef90_UPI0002E39FB3	43.39	623	634
UniRef90_UPI000479F8FB	40.82	623	670
UniRef90_V6L3Z1	49.36	623	580
UniRef90_A0A073CK04	42.31	623	663
UniRef90_S6D3E5	43.20	623	720
UniRef90_A4Z167	43.50	623	684
UniRef90_A8L7C8	45.93	623	728
UniRef90_UPI00036AB84B	43.14	623	673
UniRef90_U5QM17	44.50	623	637
UniRef90_D5MHN5	42.41	623	654
UniRef90_E6PYY5	40.28	623	671
UniRef90_K7W6P5	42.25	623	637
UniRef90_K9SZX4	42.06	623	663
UniRef90_A0A0M2PYS1	43.22	623	627
UniRef90_UPI00047D495C	41.31	623	668
UniRef90_U5DMF8	44.50	623	642
UniRef90_I3IIW6	39.94	623	682
UniRef90_A0A0B0EPR3	40.38	623	678
UniRef90_R7L3C7	42.53	623	686
UniRef90_I9KFM8	44.26	623	719
UniRef90_D3D417	45.05	623	693
UniRef90_D8PBL8	42.42	623	724
UniRef90_B3DYT5	40.22	623	691
UniRef90_C1F699	39.00	623	679
UniRef90_UPI00054D8AB5	39.66	623	667
UniRef90_A0A0C9Q1I8	40.51	623	688
UniRef90_E8V785	39.72	623	693
UniRef90_A0A0B2ABM2	46.47	623	641
UniRef90_I0K028	39.81	623	689
UniRef90_A0A0L8NNX8	44.98	623	679
UniRef90_S0EVH8	40.76	623	692
UniRef90_UPI000679E236	38.81	623	670
UniRef90_I3ZG94	40.85	623	678
UniRef90_Q0RMV6	43.68	623	747
UniRef90_UPI00029AC925	44.95	623	692
UniRef90_A0A0M9XMA6	44.12	623	670
UniRef90_UPI00047AB198	38.53	623	678
UniRef90_A0A0D8B8K5	42.49	623	734
UniRef90_UPI00069B56DC	43.95	623	639
UniRef90_K1YHZ0	37.87	623	656
UniRef90_UPI0003827E97	38.97	623	667
UniRef90_C6BRH5	40.15	623	705
UniRef90_J9Z989	41.10	623	683
UniRef90_UPI0004C7A373	44.10	623	647
UniRef90_C6HUP1	40.54	623	694
UniRef90_UPI00064643E1	39.43	623	677
UniRef90_L0DEH3	40.54	623	678
UniRef90_UPI00046539F2	39.62	623	687
UniRef90_Q68SA6	95.59	623	227
UniRef90_A0A0M2UV30	39.77	623	683
UniRef90_Q748E3	39.36	623	730
UniRef90_UPI0004CABEA6	43.09	623	648
UniRef90_B3Y522	40.74	623	685
UniRef90_UPI00068B0FFF	43.79	623	670
UniRef90_B9XL14	38.76	623	651
UniRef90_L0RFX3	38.90	623	703
UniRef90_UPI00041D4BB9	37.84	623	711
UniRef90_UPI0006893484	38.39	623	697
UniRef90_UPI0004C9C622	41.77	623	644
UniRef90_F3YVF7	40.81	623	687
UniRef90_UPI000426AFC3	38.78	623	709
UniRef90_UPI00036FC52B	45.94	623	543
UniRef90_A0A061QEQ9	40.64	623	646
UniRef90_I0IQ92	39.42	623	683
UniRef90_B4DCK3	39.56	623	657
UniRef90_E8WXM9	37.98	623	673
UniRef90_UPI0003B414F4	37.60	623	674
UniRef90_B9XSG0	37.24	623	698
UniRef90_A0A0D6MSG3	40.29	623	663
UniRef90_A0A060Q9W5	41.04	623	651
UniRef90_H8FNB7	40.98	623	656
UniRef90_UPI00029AEDF2	38.22	623	704
UniRef90_UPI00055732A3	40.92	623	651
UniRef90_UPI000419A239	38.64	623	705
UniRef90_Q0BQ97	41.55	623	651
UniRef90_A7HHR1	41.61	623	654
UniRef90_UPI0006E3A95A	53.92	623	436
UniRef90_B6JG70	40.99	623	654
UniRef90_G6F2E3	39.52	623	654
UniRef90_L8EUJ7	42.13	623	648
UniRef90_UPI000476EF56	40.91	623	656
UniRef90_UPI0004727429	41.49	623	666
UniRef90_A0A067Z7J3	41.14	623	664
UniRef90_K7SFV5	40.76	623	662
UniRef90_A8R7G4	38.12	623	695
UniRef90_Q3A7E3	39.73	623	737
UniRef90_A0A0L1IV50	39.00	623	682
UniRef90_S6CZB3	39.84	623	656
UniRef90_X5MK76	40.75	623	651
UniRef90_A0A017RZY2	38.91	623	683
UniRef90_UPI000567382C	37.66	623	647
UniRef90_A0A0M0EKA1	40.83	623	677
UniRef90_A0A0K8L055	39.76	623	692
UniRef90_A0A0D6PC48	41.21	623	677
UniRef90_D5QAC9	40.19	623	684
UniRef90_UPI0004C5F445	42.38	623	662
UniRef90_UPI0003B65B3C	39.49	623	690
UniRef90_UPI00037791D7	38.38	623	643
UniRef90_UPI0006840484	40.95	623	666
UniRef90_A2QRA5	40.41	623	653
UniRef90_B6K412	38.73	623	656
UniRef90_Q029M2	37.72	623	641
UniRef90_M2YFT8	40.03	623	651
UniRef90_A0A0D2VWC6	38.72	623	645
UniRef90_B7L324	40.26	623	645
UniRef90_A0A094YJL9	39.75	623	656
UniRef90_G3YHC2	40.22	623	672
UniRef90_A5FZ58	39.24	623	649
UniRef90_UPI0005F82FA0	40.44	623	666
UniRef90_A0A095QLX8	40.71	623	657
UniRef90_UPI0004DFA810	39.75	623	651
UniRef90_A0A0B4H4A1	39.20	623	668
UniRef90_H8KZC3	40.63	623	658
UniRef90_H6SNY5	39.74	623	690
UniRef90_D0G7G3	38.43	623	692
UniRef90_A0A0D6MMP7	40.89	623	676
UniRef90_A0A0D2AMC5	37.82	623	686
UniRef90_K9GV72	40.10	623	650
UniRef90_B8NNX0	38.32	623	673
UniRef90_A0A060QEJ6	38.63	623	660
UniRef90_A2WH65	40.16	623	658
UniRef90_A0A0A0CWW1	40.80	623	651
UniRef90_A0A0J6TXE9	41.25	623	647
UniRef90_G4T320	38.63	623	652
UniRef90_D2QYV8	35.95	623	724
UniRef90_Q2RYC8	40.23	623	656
UniRef90_A0A089NXS0	40.38	623	645
UniRef90_A0A0N1BWE0	40.06	623	647
UniRef90_UPI000571D622	41.34	623	649
UniRef90_D8JS39	40.42	623	665
UniRef90_T0ZXF7	39.84	623	641
UniRef90_UPI000495C295	38.79	623	660
UniRef90_B6HQG5	38.71	623	669
UniRef90_D8K5F7	38.39	623	659
UniRef90_K2AK83	37.12	623	674
UniRef90_Q4WA71	39.50	623	689
UniRef90_UPI0006F7A340	41.48	623	645
UniRef90_D5SYK6	35.05	623	705
UniRef90_A0A087PPX6	38.40	623	656
UniRef90_F0SK25	34.91	623	724
UniRef90_A0A0K9K021	41.15	623	659
UniRef90_A1AM25	39.03	623	719
UniRef90_A0A0D6PH32	39.87	623	645
UniRef90_E8R5V6	36.98	623	661
UniRef90_F8EV08	40.29	623	658
UniRef90_A0A0C2CFT0	40.78	623	659
UniRef90_UPI00047F82BF	41.56	623	665
UniRef90_D6V590	40.00	623	653
UniRef90_W7E3Y2	39.21	623	654
UniRef90_UPI0004034997	40.94	623	653
UniRef90_W3RK66	39.30	623	652
UniRef90_UPI00030304E4	39.43	623	663
UniRef90_A0A0C4YJL4	39.65	623	688
UniRef90_A0A023D1B6	39.27	623	663
UniRef90_UPI000562FAF0	40.73	623	655
UniRef90_G8ARS8	40.19	623	643
UniRef90_A0A0L1JGX6	37.75	623	695
UniRef90_H8GLM0	38.13	623	651
UniRef90_A0A0N0K457	39.97	623	648
UniRef90_A0A0A2IL23	40.00	623	1218
UniRef90_U1IC85	40.38	623	653
UniRef90_A0A0K8LDF9	39.27	623	696
UniRef90_A0A0J7JRU6	39.97	623	661
UniRef90_Q029U6	38.73	623	641
UniRef90_A0A0A6QYC1	38.57	623	651
UniRef90_M4S1C0	40.73	623	659
UniRef90_K5XY04	40.16	623	637
UniRef90_O69790	40.38	623	654
UniRef90_G4MJL3	40.26	623	659
UniRef90_A0A0G4J9C0	39.34	623	690
UniRef90_UPI00055E7045	41.74	623	600
UniRef90_A0A0B6S5P8	40.41	623	673
UniRef90_A0A0D9MWV4	38.52	623	1232
UniRef90_UPI0006F934D8	39.53	623	654
UniRef90_UPI0006D5A119	39.80	623	652
UniRef90_UPI00070007B1	39.21	623	665
UniRef90_F7QL34	39.55	623	657
UniRef90_A0A095FDW4	39.74	623	739
UniRef90_Q218A7	40.19	623	654
UniRef90_A0A0D7A6W5	38.28	623	670
UniRef90_A0A0J1CYQ8	40.06	623	659
UniRef90_F8JII4	40.65	623	666
UniRef90_B9M4C2	37.31	623	714
UniRef90_A2Q7M8	37.93	623	693
UniRef90_UPI0005A72ED9	40.68	623	674
UniRef90_F1Z7H4	40.84	623	645
UniRef90_UPI000685B37C	41.09	623	650
UniRef90_A0A0D6N1C2	37.68	623	656
UniRef90_H5SHE8	39.50	623	645
UniRef90_T1C353	37.11	623	656
UniRef90_A0A0L1KYU1	40.63	623	672
UniRef90_Q1LFR1	39.49	623	669
UniRef90_UPI0005B7CFA9	40.53	623	670
UniRef90_J6UH59	39.36	623	659
UniRef90_A0A095FF80	38.62	623	662
UniRef90_UPI0004414AD4	38.53	623	673
UniRef90_UPI00069143B5	39.75	623	654
UniRef90_F8GDP6	38.33	623	669
UniRef90_UPI0006D06C57	38.10	623	652
UniRef90_W6K6A9	37.74	623	641
UniRef90_C1DF74	38.76	623	598
UniRef90_W9H066	38.90	623	668
UniRef90_UPI00068CC5D6	39.94	623	650
UniRef90_UPI0004859316	39.45	623	685
UniRef90_UPI0003F70A70	38.92	623	678
UniRef90_A0A095GW31	38.74	623	679
UniRef90_F9ZFJ9	38.16	623	665
UniRef90_A0A0D5EB96	38.84	623	678
UniRef90_B2JPR7	39.58	623	677
UniRef90_A0A0C4YTK9	39.21	623	671
UniRef90_UPI000408B51C	40.19	623	698
UniRef90_G3IWH8	37.22	623	651
UniRef90_UPI000494028A	38.22	623	649
UniRef90_D0G7G4	34.68	623	770
UniRef90_UPI00026CA101	39.41	623	649
UniRef90_UPI00041E6930	40.76	623	653
UniRef90_P33247	99.68	623	631
UniRef90_S4AWE1	50.57	623	664
UniRef90_A0A0L0JHN8	50.48	623	708
UniRef90_B9M6Y2	46.94	623	688
UniRef90_UPI0003687E06	50.24	623	663
UniRef90_S3AUV0	51.94	623	666
UniRef90_J9HMR6	77.18	623	622
UniRef90_Q39RT6	46.54	623	679
UniRef90_A5GB12	45.00	623	679
UniRef90_D6EF49	51.31	623	680
UniRef90_A0A0A8WSC1	46.56	623	680
UniRef90_A1AN91	46.39	623	679
UniRef90_UPI00069805ED	50.32	623	655
UniRef90_UPI000428AF30	50.65	623	672
UniRef90_A0A0D5NA04	45.91	623	679
UniRef90_B3E4L3	45.59	623	684
UniRef90_UPI00068B8C92	51.05	623	672
UniRef90_UPI00048DD86A	52.57	623	679
UniRef90_D9VRF9	50.00	623	676
UniRef90_E8WLT7	47.09	623	680
UniRef90_UPI0004C5171C	50.65	623	666
UniRef90_A0A0F4KLP2	50.32	623	652
UniRef90_UPI00068A21A0	50.00	623	695
UniRef90_UPI00069A3FCA	51.06	623	668
UniRef90_UPI00055B0775	51.13	623	667
UniRef90_UPI0004C860C1	51.28	623	676
UniRef90_A0A0B5B7W3	46.39	623	679
UniRef90_UPI0006E20C72	50.89	623	698
UniRef90_A0A0M8T2P6	50.40	623	664
UniRef90_UPI0004CC4FDE	51.37	623	677
UniRef90_UPI0006E31DF1	50.57	623	675
UniRef90_C6E1N3	47.57	623	680
UniRef90_B5HSY8	51.61	623	669
UniRef90_A0A0C1XS66	50.24	623	665
UniRef90_UPI0005248B1E	50.80	623	668
UniRef90_L1KPL1	51.21	623	664
UniRef90_UPI000683E226	50.40	623	678
UniRef90_UPI000693D657	50.80	623	673
UniRef90_G2NJQ1	49.76	623	672
UniRef90_H2JRZ3	51.55	623	676
UniRef90_V6KJG5	51.45	623	695
UniRef90_UPI000702232F	49.19	623	664
UniRef90_UPI0004C51014	51.22	623	666
UniRef90_M9SGX4	52.86	623	663
UniRef90_UPI00068D818C	50.32	623	653
UniRef90_UPI00036C0099	51.79	623	681
UniRef90_E8WAC1	49.19	623	670
UniRef90_UPI0003A16EC1	51.06	623	667
UniRef90_A0A0M2Z487	51.45	623	663
UniRef90_UPI00036DF92B	52.10	623	688
UniRef90_Q82ML0	51.31	623	666
UniRef90_N0D069	50.08	623	666
UniRef90_A0A0N1G4W1	52.33	623	671
UniRef90_UPI0004C662AE	50.32	623	664
UniRef90_K9Q5X1	42.70	623	635
UniRef90_B5H4L1	50.57	623	674
UniRef90_D9XYL1	51.85	623	680
UniRef90_A0A0C1XKF5	43.18	623	633
UniRef90_UPI0006E29153	51.39	623	667
UniRef90_UPI0006915B2E	50.00	623	683
UniRef90_UPI0003793270	50.32	623	676
UniRef90_F2RG17	50.00	623	659
UniRef90_A0A0B5F6G4	49.44	623	657
UniRef90_UPI0002D5FF7C	50.82	623	666
UniRef90_D9WSB0	51.29	623	665
UniRef90_K9ZMR9	43.09	623	636
UniRef90_A0A0N1H9Z9	51.29	623	673
UniRef90_UPI000345E5B0	43.84	623	648
UniRef90_A0A089XK65	52.50	623	672
UniRef90_UPI0004C20213	50.24	623	670
UniRef90_B7JUY9	43.80	623	647
UniRef90_F3NGG4	50.16	623	691
UniRef90_A0A0C2BCW0	49.60	623	665
UniRef90_UPI0006E2E2CF	51.14	623	689
UniRef90_UPI00036A13A5	51.22	623	672
UniRef90_UPI000361E8AE	44.89	623	640
UniRef90_A0A0D6KNZ0	44.48	623	639
UniRef90_UPI0006E24DCA	51.38	623	659
UniRef90_UPI00068A4474	50.64	623	676
UniRef90_D9UKK8	50.81	623	655
UniRef90_UPI0006E311F2	50.24	623	679
UniRef90_B7KE21	43.68	623	643
UniRef90_UPI0004133EB6	51.12	623	652
UniRef90_G2G9G7	50.48	623	671
UniRef90_L7F854	51.13	623	673
UniRef90_D7BYZ8	52.10	623	647
UniRef90_G2P4F9	50.65	623	648
UniRef90_A0A022MK14	51.47	623	674
UniRef90_M1YX70	44.46	623	663
UniRef90_UPI0004CBADEF	51.06	623	669
UniRef90_Q3M418	42.22	623	637
UniRef90_UPI0004C5AE2B	49.68	623	667
UniRef90_UPI000562D168	51.45	623	668
UniRef90_UPI000420EBD8	63.87	623	626
UniRef90_UPI00037805C0	51.31	623	675
UniRef90_K9WPT3	44.13	623	643
UniRef90_S2ZB30	51.80	623	666
UniRef90_UPI00062C0C59	50.00	623	664
UniRef90_UPI00055D3494	51.96	623	695
UniRef90_A0LLW2	46.38	623	688
UniRef90_UPI0006E24443	51.39	623	672
UniRef90_G8X0S0	50.57	623	651
UniRef90_A0A095QLX8	40.19	623	657
UniRef90_G6FPH9	43.79	623	636
UniRef90_A0A0C2QU55	44.16	623	647
UniRef90_UPI0004BF585D	52.21	623	673
UniRef90_UPI00055DFA5F	51.55	623	680
UniRef90_A0A0C2LJ93	44.48	623	639
UniRef90_A0A0C1RJW6	44.53	623	638
UniRef90_A0A0F5W6B8	51.77	623	663
UniRef90_K9V4Q0	42.72	623	657
UniRef90_A0A0K2G895	41.85	623	725
UniRef90_UPI0006863503	51.20	623	720
UniRef90_UPI00047D481E	44.53	623	636
UniRef90_A0A0C9Q1I8	39.87	623	688
UniRef90_K9QUQ8	43.09	623	638
UniRef90_B8HRM9	45.09	623	668
UniRef90_A0A0F7VLM6	51.71	623	675
UniRef90_B2IWZ4	43.45	623	638
UniRef90_Q1IQV9	40.22	623	657
UniRef90_D8JS39	40.00	623	665
UniRef90_B1WUK4	42.74	623	663
UniRef90_UPI0005F814A1	49.06	623	696
UniRef90_A0A0B2ADT5	51.22	623	684
UniRef90_A0A0K9XJZ7	51.30	623	665
UniRef90_UPI0006535025	52.33	623	679
UniRef90_UPI0004CC174F	50.56	623	670
UniRef90_UPI0004CCE32E	50.32	623	708
UniRef90_L8LW46	42.19	623	632
UniRef90_A0A059W6V5	51.12	623	679
UniRef90_UPI0002F97C1D	44.09	623	636
UniRef90_UPI00034DF984	44.05	623	639
UniRef90_E0UII0	44.64	623	643
UniRef90_UPI000479F8FB	40.06	623	670
UniRef90_UPI0004C03D6B	50.90	623	674
UniRef90_A0A0F4IFC1	50.41	623	675
UniRef90_UPI0005F82FA0	39.81	623	666
UniRef90_W4M923	43.50	623	631
UniRef90_A0A0G4J9C0	38.63	623	690
UniRef90_A0A0B5DQI4	50.96	623	666
UniRef90_B0C3I2	43.47	623	639
UniRef90_K9WWU1	41.69	623	641
UniRef90_K9PE31	42.97	623	644
UniRef90_E6PYY5	39.78	623	671
UniRef90_B4VCS3	50.48	623	684
UniRef90_A0A0D6MSG3	39.97	623	663
UniRef90_A0A0F7ND16	48.43	623	677
UniRef90_B6JG70	40.45	623	654
UniRef90_UPI00061DB71F	50.40	623	674
UniRef90_Q0BQ97	40.73	623	651
UniRef90_B2JPR7	39.11	623	677
UniRef90_A0A0F4JPU7	50.48	623	669
UniRef90_A0A0K9K021	40.16	623	659
UniRef90_A0A0L8QEQ4	53.10	623	663
UniRef90_K9RTK2	43.43	623	652
UniRef90_K9XY11	42.88	623	638
UniRef90_A2WH65	39.68	623	658
UniRef90_V5V678	43.82	623	642
UniRef90_UPI0004CAAD8A	50.41	623	668
UniRef90_UPI0002E39FB3	42.60	623	634
UniRef90_K7W6P5	41.21	623	637
UniRef90_UPI000362E47E	40.34	623	677
UniRef90_UPI00030D206D	48.11	623	693
UniRef90_Q59080	63.78	623	634
UniRef90_E4N8Q2	51.29	623	652
UniRef90_A0A098GBW4	45.54	623	656
UniRef90_A0A077JG41	41.47	623	643
UniRef90_D4TT96	42.97	623	640
UniRef90_UPI0004C0C31E	51.48	623	678
UniRef90_S0EVH8	40.16	623	692
UniRef90_A0A0C2CFT0	40.06	623	659
UniRef90_H8FNB7	39.97	623	656
UniRef90_I2N9L8	50.88	623	679
UniRef90_A0A0D6AAS4	43.06	623	639
UniRef90_A0A0N1BWE0	39.30	623	647
UniRef90_A0A0M8YJ56	50.57	623	667
UniRef90_U1IC85	39.43	623	653
UniRef90_A0A0B6S5P8	39.91	623	673
UniRef90_X5MK76	39.94	623	651
UniRef90_D9X7G3	51.06	623	670
UniRef90_A0A0M2MSV7	51.22	623	687
UniRef90_A0A0J7JRU6	39.21	623	661
UniRef90_UPI0004859316	38.79	623	685
UniRef90_G2LJM4	45.72	623	659
UniRef90_D5MHN5	41.85	623	654
UniRef90_G4MJL3	39.65	623	659
UniRef90_F8EV08	39.27	623	658
UniRef90_F3YVF7	40.29	623	687
UniRef90_O69790	39.90	623	654
UniRef90_A0A0D6PC48	40.32	623	677
UniRef90_F4Y2C6	42.00	623	637
UniRef90_UPI00047AB198	38.01	623	678
UniRef90_A0A0D4DGA1	52.21	623	658
UniRef90_UPI0006F934D8	38.70	623	654
UniRef90_UPI0003610B86	48.59	623	677
UniRef90_D8PBL8	41.16	623	724
UniRef90_UPI00068F8895	49.21	623	669
UniRef90_UPI00037BBF7D	50.08	623	676
UniRef90_UPI0003146994	42.50	623	644
UniRef90_UPI000689A461	48.52	623	677
UniRef90_I3IIW6	38.76	623	682
UniRef90_A0A095FDW4	39.33	623	739
UniRef90_A0A0B5ICN8	50.16	623	661
UniRef90_UPI0006863742	44.78	623	644
UniRef90_A0A0J1CYQ8	39.06	623	659
UniRef90_I4I481	41.40	623	651
UniRef90_A0A0L1KYU1	40.13	623	672
UniRef90_M3C0T9	51.14	623	646
UniRef90_J2A3I3	51.55	623	672
UniRef90_S6CZB3	39.08	623	656
UniRef90_K9T630	42.79	623	646
UniRef90_G6F2E3	39.46	623	654
UniRef90_G4T320	38.06	623	652
UniRef90_UPI0004C6EE93	49.28	623	663
UniRef90_K9Z5C4	41.44	623	640
UniRef90_W3RK66	38.73	623	652
UniRef90_A0A0A0CWW1	39.23	623	651
UniRef90_UPI00036A6ED9	39.71	623	665
UniRef90_I1D3H6	50.40	623	638
UniRef90_H0KBN6	48.71	623	642
UniRef90_UPI0004DFA810	39.27	623	651
UniRef90_F7QL34	38.79	623	657
UniRef90_UPI00055D2602	43.52	623	643
UniRef90_I0V7I9	48.30	623	638
UniRef90_Q218A7	39.11	623	654
UniRef90_UPI0004B15746	52.11	623	640
UniRef90_P33990	38.40	623	658
UniRef90_UPI000408B51C	38.89	623	698
UniRef90_G8NZ37	39.40	623	676
UniRef90_UPI000683DF5C	48.15	623	625
UniRef90_C1F699	38.26	623	679
UniRef90_UPI00054BEDA5	49.52	623	661
UniRef90_Q748E3	38.91	623	730
UniRef90_D6V590	39.33	623	653
UniRef90_UPI00055732A3	39.97	623	651
UniRef90_W7STV7	50.57	623	641
UniRef90_UPI0003685D83	38.94	623	652
UniRef90_L8LVW7	43.91	623	681
UniRef90_A0A073CK04	41.04	623	663
UniRef90_UPI0004BFC51B	51.93	623	663
UniRef90_A0A0A6QCF0	38.47	623	672
UniRef90_F2NEV8	45.50	623	651
UniRef90_A0A024YX55	50.24	623	631
UniRef90_A0A061QEQ9	39.71	623	646
UniRef90_G9ZUF2	38.72	623	653
UniRef90_A0A0D2VWC6	38.18	623	645
UniRef90_C7MXN7	50.08	623	640
UniRef90_UPI00069143B5	38.95	623	654
UniRef90_J6UH59	38.54	623	659
UniRef90_A0A067Z7J3	39.68	623	664
UniRef90_A0A0D6AR54	42.47	623	642
UniRef90_UPI0005B98C31	50.82	623	689
UniRef90_K8GNP7	44.82	623	651
UniRef90_UPI00030304E4	38.92	623	663
UniRef90_UPI000679E236	38.14	623	670
UniRef90_E3I0A3	36.93	623	679
UniRef90_A0A0G3EWC8	37.70	623	652
UniRef90_UPI0003603C49	49.52	623	678
UniRef90_UPI0005A72ED9	39.74	623	674
UniRef90_UPI000420F9A4	50.24	623	636
UniRef90_UPI00036AB84B	42.59	623	673
UniRef90_A0A060Q9W5	39.81	623	651
UniRef90_UPI0002F909F8	38.19	623	656
UniRef90_Q1LFR1	38.41	623	669
UniRef90_UPI0006840484	40.00	623	666
UniRef90_UPI000476EF56	39.81	623	656
UniRef90_A0A0D5VPF8	38.51	623	682
UniRef90_A5FZ58	38.67	623	649
UniRef90_UPI00054D8AB5	38.60	623	667
UniRef90_A0A0F0HM39	51.15	623	653
UniRef90_A0A0B0EPR3	39.87	623	678
UniRef90_L8ETX8	50.89	623	671
UniRef90_C6BRH5	39.79	623	705
UniRef90_F8JII4	39.84	623	666
UniRef90_UPI00034C77C2	42.01	623	639
UniRef90_UPI0004AA5E0A	48.71	623	658
UniRef90_I0IQ92	38.75	623	683
UniRef90_A0A0D6MMP7	40.54	623	676
UniRef90_A0LVK9	51.04	623	633
UniRef90_E8V785	39.25	623	693
UniRef90_UPI0004034997	40.10	623	653
UniRef90_UPI0006E45F2F	48.35	623	671
UniRef90_B7L324	39.90	623	645
UniRef90_UPI0006889DF1	47.11	623	621
UniRef90_A0A068MR22	42.93	623	647
UniRef90_Q118B5	42.01	623	632
UniRef90_C7Q017	50.49	623	644
UniRef90_UPI0004727429	40.66	623	666
UniRef90_UPI0006893484	37.84	623	697
UniRef90_H8GLM0	37.96	623	651
UniRef90_L0RFX3	38.26	623	703
UniRef90_A0A098TKE2	42.26	623	650
UniRef90_W9H066	37.36	623	668
UniRef90_UPI00068B623C	50.65	623	661
UniRef90_UPI0006D06C57	37.26	623	652
UniRef90_A0A0A6QYC1	37.90	623	651
UniRef90_A0A087PPX6	37.56	623	656
UniRef90_UPI00049187E2	49.92	623	640
UniRef90_P55348	37.94	623	647
UniRef90_UPI000426AFC3	37.65	623	709
UniRef90_A0A094YJL9	39.34	623	656
UniRef90_E5AV67	37.24	623	795
UniRef90_UPI00056D0C8D	51.37	623	636
UniRef90_UPI0004295AA0	48.44	623	690
UniRef90_H6SNY5	39.71	623	690
UniRef90_A0A076MTU2	50.08	623	633
UniRef90_A0A0M2UV30	39.07	623	683
UniRef90_UPI000364A5B4	36.33	623	657
UniRef90_UPI0003658CD7	43.02	623	649
UniRef90_Q7NE23	44.43	623	637
UniRef90_A0A0M2PYS1	43.02	623	627
UniRef90_K7SFV5	40.16	623	662
UniRef90_M2YFT8	39.26	623	651
UniRef90_B8IKA1	36.02	623	663
UniRef90_UPI0004C2BB54	49.60	623	630
UniRef90_J9Z989	40.54	623	683
UniRef90_A0A023D1B6	38.23	623	663
UniRef90_UPI000426DB04	50.00	623	645
UniRef90_A0A060QEJ6	37.94	623	660
UniRef90_UPI00058B60C9	37.94	623	662
UniRef90_UPI0003473761	43.24	623	649
UniRef90_K9GV72	39.84	623	650
UniRef90_A0A081GKY9	44.02	623	639
UniRef90_H5X1Q4	48.06	623	636
UniRef90_G3IWH8	36.80	623	651
UniRef90_A0A0C4YTK9	38.66	623	671
UniRef90_A0A0N0K457	39.42	623	648
UniRef90_A0A0F5JUV3	38.10	623	644
UniRef90_D8K5F7	37.94	623	659
UniRef90_UPI000562FAF0	40.10	623	655
UniRef90_UPI0001D2E0FA	38.85	623	655
UniRef90_UPI00055F25F9	37.08	623	641
UniRef90_D5QAC9	39.78	623	684
UniRef90_A0A089NXS0	39.75	623	645
UniRef90_UPI0003666BD0	36.97	623	657
UniRef90_UPI00070007B1	38.19	623	665
UniRef90_A0A099D9R0	48.88	623	673
UniRef90_D5WE75	37.24	623	694
UniRef90_A0A086CI45	41.44	623	641
UniRef90_G0A747	37.26	623	653
UniRef90_A4FHS1	49.43	623	636
UniRef90_K9SZX4	41.33	623	663
UniRef90_UPI000694147C	50.08	623	644
UniRef90_C6HUP1	40.06	623	694
UniRef90_UPI000495C295	37.94	623	660
UniRef90_B4WIK8	42.07	623	653
UniRef90_H8KZC3	40.16	623	658
UniRef90_D9V481	50.74	623	637
UniRef90_W6K6A9	37.38	623	641
UniRef90_Q6N3F4	39.59	623	653
UniRef90_UPI0003A7947E	38.50	623	674
UniRef90_UPI00041D4BB9	37.18	623	711
UniRef90_Q2RYC8	39.68	623	656
UniRef90_UPI00047D495C	40.81	623	668
UniRef90_A0A0C6F5B1	37.12	623	663
UniRef90_UPI0006F7A340	40.51	623	645
UniRef90_A0A0M0EKA1	40.63	623	677
UniRef90_A0A0D6N1C2	37.40	623	656
UniRef90_U5QM17	43.70	623	637
UniRef90_UPI0005BAAB3E	50.89	623	665
UniRef90_UPI00026CA101	39.09	623	649
UniRef90_UPI00041E6930	40.38	623	653
UniRef90_UPI0003463610	38.90	623	692
UniRef90_UPI000419A239	37.86	623	705
UniRef90_UPI0002FD2B36	38.33	623	666
UniRef90_G8ARS8	39.36	623	643
UniRef90_UPI00035F1805	50.73	623	632
UniRef90_UPI00068EFA6C	50.00	623	658
UniRef90_U5DMF8	43.15	623	642
UniRef90_A0A0J6TXE9	40.38	623	647
UniRef90_UPI000467CCE3	50.48	623	648
UniRef90_A0A081EKD9	50.41	623	695
UniRef90_D3EQ48	42.31	623	641
UniRef90_V5DL20	36.52	623	651
UniRef90_F8GDP6	37.93	623	669
UniRef90_F4D0Z8	50.49	623	635
UniRef90_UPI0003ACF817	50.33	623	621
UniRef90_W5TSY1	49.67	623	743
UniRef90_B2ICC0	37.21	623	662
UniRef90_UPI00046539F2	38.95	623	687
UniRef90_UPI00068E99DE	50.65	623	637
UniRef90_UPI00054FC584	45.08	623	671
UniRef90_UPI0004656B72	38.16	623	658
UniRef90_UPI0006989F74	49.43	623	628
UniRef90_Q60AN5	39.27	623	654
UniRef90_B6K412	38.03	623	656
UniRef90_UPI00031DB7E8	49.11	623	635
UniRef90_A0A0D6PH32	38.83	623	645
UniRef90_UPI000691FF36	52.01	623	633
UniRef90_UPI0003F7340F	49.84	623	712
UniRef90_I0K028	39.11	623	689
UniRef90_W5W8E3	47.17	623	642
UniRef90_B3DYT5	39.39	623	691
UniRef90_UPI000369668F	48.68	623	654
UniRef90_Q3SQB8	39.10	623	654
UniRef90_UPI00048D550E	36.57	623	660
UniRef90_Q0AFY0	37.46	623	670
UniRef90_UPI000464F21E	49.10	623	641
UniRef90_M5DLZ3	38.00	623	645
UniRef90_Q3A7E3	38.39	623	737
UniRef90_Q82VC6	37.14	623	666
UniRef90_UPI000685B37C	40.45	623	650
UniRef90_W2EZV1	50.32	623	630
UniRef90_B9M4C2	36.88	623	714
UniRef90_UPI0001F86EFC	38.63	623	657
UniRef90_M4S1C0	40.19	623	659
UniRef90_F9ZFJ9	37.32	623	665
UniRef90_P54924	39.01	623	660
UniRef90_I3ZG94	39.94	623	678
UniRef90_UPI000494028A	37.78	623	649
UniRef90_UPI00037AE992	37.46	623	651
UniRef90_L0DEH3	40.22	623	678
UniRef90_H5SHE8	39.21	623	645
UniRef90_UPI00041EF257	47.82	623	665
UniRef90_A0A0F7KE59	37.38	623	643
UniRef90_UPI000428E0E1	38.89	623	655
UniRef90_UPI0004205B74	38.67	623	654
UniRef90_A0A069PTF2	40.39	623	659
UniRef90_F8AZJ1	46.31	623	677
UniRef90_A0A0A1H334	37.82	623	636
UniRef90_W7E3Y2	38.99	623	654
UniRef90_A0A0N1LUY0	39.90	623	654
UniRef90_UPI00040AA18D	37.24	623	657
UniRef90_UPI0005C2581C	38.38	623	655
UniRef90_UPI000370F559	49.59	623	626
UniRef90_T0ZXF7	39.04	623	641
UniRef90_H6RL60	50.57	623	641
UniRef90_UPI00039EBE21	50.24	623	647
UniRef90_A8LER3	44.72	623	689
UniRef90_J7QP20	39.75	623	657
UniRef90_A1AM25	38.33	623	719
UniRef90_A0A0A0E6S2	30.66	623	621
UniRef90_B7J4Y2	38.24	623	643
UniRef90_E3IYF6	46.95	623	764
UniRef90_A4BP96	37.77	623	652
UniRef90_UPI000234BDA8	48.03	623	718
UniRef90_UPI0005EB8728	38.07	623	659
UniRef90_UPI0003B414F4	37.07	623	674
UniRef90_Q2Y5X6	38.02	623	653
UniRef90_A0A023DK02	31.57	623	628
UniRef90_UPI00064643E1	38.53	623	677
UniRef90_UPI00055A731B	36.50	623	667
UniRef90_Q39LV3	37.52	623	678
UniRef90_M7YDU5	38.19	623	665
UniRef90_UPI0003AD2827	51.55	623	656
UniRef90_A0A077LXT3	47.11	623	637
UniRef90_UPI0006F4CFE0	39.46	623	643
UniRef90_Q5NM88	43.57	623	725
UniRef90_E8WXM9	38.01	623	673
UniRef90_UPI0006883CA0	37.03	623	694
UniRef90_U3QV36	39.40	623	675
UniRef90_A0A077J3C5	30.56	623	619
UniRef90_A0A075R5B1	32.96	623	630
UniRef90_UPI000571D622	40.72	623	649
UniRef90_B3Y522	40.74	623	685
UniRef90_UPI0005538C17	30.77	623	621
UniRef90_UPI0003827E97	38.73	623	667
UniRef90_A0A0M3SWP6	40.03	623	630
UniRef90_A0A0F5HSR4	30.39	623	624
UniRef90_B9XSG0	36.62	623	698
UniRef90_A0A0M0EMK8	43.87	623	723
UniRef90_UPI00057963E8	38.79	623	663
UniRef90_UPI0005D10CC0	31.90	623	625
UniRef90_B4DCK3	38.77	623	657
UniRef90_D3D417	44.31	623	693
UniRef90_UPI0006D5A119	39.44	623	652
UniRef90_UPI0005511872	36.58	623	653
UniRef90_UPI0004B6A520	29.08	623	624
UniRef90_E2PZ48	49.43	623	677
UniRef90_D5C0D5	37.44	623	659
UniRef90_UPI00068CC5D6	39.55	623	650
UniRef90_UPI00036A2CA5	49.92	623	627
UniRef90_A0A060URZ1	38.44	623	643
UniRef90_C5B1M6	37.50	623	667
UniRef90_UPI00062B6085	37.92	623	655
UniRef90_T1C353	37.07	623	656
UniRef90_A0A0A6QBW0	37.54	623	680
UniRef90_UPI000287ECDA	29.42	623	628
UniRef90_UPI000368B75A	38.03	623	665
UniRef90_A0A095GW31	37.93	623	679
UniRef90_K5XY04	39.18	623	637
UniRef90_UPI00036C10B1	44.55	623	697
UniRef90_UPI000372E14D	47.59	623	640
UniRef90_F1Z7H4	40.03	623	645
UniRef90_UPI0002E77E3D	37.18	623	673
UniRef90_A0A0B6S1X4	38.10	623	676
UniRef90_UPI0003F7C3E5	29.79	623	633
UniRef90_UPI0003B5F0E6	38.34	623	659
UniRef90_A0A072NJT2	29.76	623	630
UniRef90_A0A095FF80	38.10	623	662
UniRef90_UPI00036B006B	30.56	623	630
UniRef90_Q1LF08	36.84	623	661
UniRef90_UPI00047F82BF	40.19	623	665
UniRef90_A9HGY2	37.46	623	663
UniRef90_K1YHZ0	37.44	623	656
UniRef90_K6CYI1	30.08	623	623
UniRef90_A0A088UL90	37.36	623	681
UniRef90_UPI0002625435	39.40	623	655
UniRef90_UPI00055655A8	30.02	623	621
UniRef90_G6XHN3	43.18	623	685
