UniRef90_P00593	100.00	123	145
UniRef90_UPI0003C88573	84.55	123	145
UniRef90_T0MDY1	83.74	123	400
UniRef90_P00592	84.30	123	146
UniRef90_UPI0002BD07FF	83.47	123	160
UniRef90_UPI0004ED4959	80.49	123	145
UniRef90_UPI000441B4B1	80.49	123	147
UniRef90_F6TIZ9	80.17	123	148
UniRef90_G7PIU0	80.17	123	148
UniRef90_UPI00038EDDE3	79.34	123	146
UniRef90_G5B779	79.17	123	146
UniRef90_L9KLJ2	79.34	123	147
UniRef90_P04054	79.34	123	148
UniRef90_UPI00046B5BD8	78.51	123	146
UniRef90_F7G478	79.34	123	148
UniRef90_Q9Z0Y2	80.67	123	146
UniRef90_P04055	78.51	123	146
UniRef90_UPI000651C34C	76.86	123	146
UniRef90_A0A091CVU2	76.86	123	146
UniRef90_G1LF10	77.69	123	148
UniRef90_UPI0003330673	76.86	123	147
UniRef90_M3WW56	76.86	123	140
UniRef90_UPI0004443840	78.51	123	148
UniRef90_P06596	77.69	123	146
UniRef90_UPI00042BED41	76.86	123	202
UniRef90_UPI0003288BEF	76.03	123	148
UniRef90_UPI00067C7088	77.97	123	232
UniRef90_L5KWG9	76.03	123	148
UniRef90_UPI0003F0C224	76.42	123	147
UniRef90_UPI0002C554B2	74.38	123	147
UniRef90_UPI0002C624CD	75.61	123	147
UniRef90_G3VZ03	76.86	123	148
UniRef90_UPI0003EDD5AA	74.38	123	146
UniRef90_P00594	74.38	123	132
UniRef90_G1PDT0	74.38	123	148
UniRef90_I3M3V7	76.47	123	146
UniRef90_UPI0003F17D2B	72.36	123	147
UniRef90_G3I6R4	82.88	123	113
UniRef90_UPI0002C44392	73.17	123	144
UniRef90_H0ZGV5	72.27	123	147
UniRef90_A0A087VL93	69.67	123	140
UniRef90_A0A091UZS9	71.07	123	140
UniRef90_UPI000388BD59	71.54	123	146
UniRef90_A0A091MD18	72.03	123	147
UniRef90_A0A0A0ARM0	70.25	123	140
UniRef90_UPI00042AA7D6	72.88	123	142
UniRef90_UPI0004D04C22	73.33	123	143
UniRef90_UPI00042AF702	72.03	123	189
UniRef90_A0A093HBE8	68.91	123	140
UniRef90_G3TYR4	71.90	123	146
UniRef90_UPI0005295401	68.85	123	147
UniRef90_A0A091UHQ7	67.77	123	140
UniRef90_UPI000333BA93	72.27	123	149
UniRef90_A0A091K6B1	67.21	123	140
UniRef90_H9G6L6	73.73	123	152
UniRef90_UPI0003831C35	67.77	123	147
UniRef90_UPI000522B5CD	66.39	123	146
UniRef90_A0A093PCI2	68.03	123	140
UniRef90_UPI000510FB47	67.77	123	145
UniRef90_A0A091R8A4	68.91	123	140
UniRef90_A0A091F9C7	66.39	123	147
UniRef90_UPI0003959093	68.91	123	146
UniRef90_G3I6R7	73.73	123	141
UniRef90_A0A091KBN2	68.60	123	141
UniRef90_UPI00045E187B	71.07	123	143
UniRef90_A0A091J7X2	68.07	123	134
UniRef90_A0A094NER9	65.29	123	141
UniRef90_A0A081DUB4	71.19	123	149
UniRef90_UPI0005297F18	65.57	123	147
UniRef90_A0A091G857	64.75	123	146
UniRef90_A0A091NG60	66.12	123	140
UniRef90_UPI000398F923	65.29	123	147
UniRef90_A0A091TY07	66.12	123	137
UniRef90_UPI00044228FC	66.39	123	147
UniRef90_UPI000386FCEB	64.46	123	147
UniRef90_UPI00053CE2E5	61.98	123	147
UniRef90_A0A087RI03	65.29	123	140
UniRef90_F1N9G4	63.93	123	148
UniRef90_A0A081DUB1	63.93	123	151
UniRef90_UPI00052320CC	67.23	123	147
UniRef90_UPI0005206CE9	61.16	123	147
UniRef90_A0A099YYQ6	65.85	123	134
UniRef90_UPI0006B06DB2	67.83	123	125
UniRef90_UPI00032AF5FD	76.23	123	145
UniRef90_L8B360	66.10	123	151
UniRef90_P43434	71.17	123	146
UniRef90_A0A093H6X4	63.64	123	147
UniRef90_F1N9G3	65.29	123	147
UniRef90_G1N9E7	64.46	123	146
UniRef90_Q7M334	75.83	123	144
UniRef90_UPI0006EB0EB7	66.12	123	166
UniRef90_A0A091RYJ6	73.33	123	121
UniRef90_Q8JFB2	65.83	123	152
UniRef90_UPI000660C492	68.64	123	199
UniRef90_H3BG47	62.18	123	152
UniRef90_UPI00039428B2	72.50	123	148
UniRef90_A0A093Q0I2	71.90	123	147
UniRef90_B1H311	65.00	123	144
UniRef90_UPI00035A1DE8	68.64	123	141
UniRef90_UPI00022F5FD4	66.95	123	141
UniRef90_H3BG53	61.98	123	154
UniRef90_U3EPH0	62.71	123	150
UniRef90_UPI0004547719	66.95	123	717
UniRef90_UPI00045721F7	60.00	123	148
UniRef90_U3JYR0	70.59	123	147
UniRef90_A0A091GQU0	70.59	123	118
UniRef90_UPI00004E17EC	58.20	123	124
UniRef90_UPI00045430BF	65.25	123	140
UniRef90_F6XCW2	60.00	123	149
UniRef90_A0A024AXF8	58.20	123	151
UniRef90_A0A093JJJ2	69.61	123	117
UniRef90_A2BD69	62.50	123	148
UniRef90_UPI0006B7EDC0	56.00	123	151
UniRef90_A0A0G2C2M7	57.60	123	133
UniRef90_W5JYA9	60.00	123	161
UniRef90_UPI0003318AFC	67.77	123	148
UniRef90_UPI0004F12578	68.91	123	148
UniRef90_UPI0003346618	68.60	123	148
UniRef90_U3J268	68.70	123	137
UniRef90_F6VFV8	71.90	123	164
UniRef90_I3JZ02	56.00	123	153
UniRef90_UPI0002C34658	82.14	123	119
UniRef90_A0A024AYB6	58.20	123	151
UniRef90_P0C551	57.02	123	142
UniRef90_UPI0006B7023A	57.60	123	151
UniRef90_A0A093BYX5	62.79	123	146
UniRef90_UPI000533E956	79.31	123	118
UniRef90_A0A087Y5M8	57.72	123	144
UniRef90_G3I6R9	63.16	123	134
UniRef90_UPI0004971355	56.80	123	132
UniRef90_F7EBG4	53.28	123	144
UniRef90_Q75S48	56.30	123	152
UniRef90_M3ZL71	55.28	123	144
UniRef90_Q9DF56	57.63	123	152
UniRef90_Q45Z29	55.83	123	151
UniRef90_UPI00054B83FA	55.37	123	148
UniRef90_H3CYF4	57.60	123	149
UniRef90_Q9DEB0	55.28	123	148
UniRef90_UPI0004957B89	52.80	123	147
UniRef90_UPI0004960217	56.00	123	149
UniRef90_Q45Z50	55.83	123	154
UniRef90_Q8UW31	55.93	123	152
UniRef90_P80966	54.55	123	151
UniRef90_UPI000644D0FB	55.20	123	149
UniRef90_R4G2S8	53.72	123	152
UniRef90_R4FI79	57.26	123	152
UniRef90_UPI00042AA9A1	58.62	123	260
UniRef90_UPI00042AA9A1	59.05	123	260
UniRef90_UPI0003EC4505	55.20	123	149
UniRef90_A0A0F8APK5	54.40	123	162
UniRef90_R4G7E9	55.93	123	152
UniRef90_G3Q2F3	56.00	123	149
UniRef90_UPI000576FCE7	55.20	123	151
UniRef90_G3Q2F5	56.00	123	150
UniRef90_A0A060WK44	51.64	123	147
UniRef90_UPI0006441912	55.93	123	197
UniRef90_A9C458	53.97	123	151
UniRef90_R4G2D4	55.93	123	160
UniRef90_O57313	52.80	123	149
UniRef90_H2MVY0	53.60	123	149
UniRef90_Q9PUG8	55.65	123	152
UniRef90_M3ZL66	52.03	123	146
UniRef90_Q9YH62	53.60	123	149
UniRef90_H3D1N0	52.03	123	150
UniRef90_H2UXE4	52.07	123	148
UniRef90_A0A093EW41	70.93	123	102
UniRef90_UPI0006442B59	53.97	123	150
UniRef90_UPI00057738EF	50.41	123	148
UniRef90_A0A0F8CBR9	52.80	123	149
UniRef90_Q90ZI4	50.41	123	150
UniRef90_UPI00042BE200	70.79	123	235
UniRef90_R4FIQ4	52.46	123	151
UniRef90_P00598	56.67	123	146
UniRef90_A0A087Y5K7	50.41	123	146
UniRef90_R4G2E0	55.93	123	147
UniRef90_P00616	53.91	123	152
UniRef90_Q9W7J3	54.55	123	154
UniRef90_P60044	55.46	123	126
UniRef90_A0A091RVQ1	71.43	123	100
UniRef90_R4G356	53.85	123	152
UniRef90_UPI00045761CE	60.83	123	147
UniRef90_A0A094KDV0	64.84	123	107
UniRef90_W5KDU7	55.20	123	145
UniRef90_UPI00064459F9	49.59	123	150
UniRef90_P07037	55.08	123	119
UniRef90_UPI0004572207	58.68	123	146
UniRef90_UPI0005223F2A	61.11	123	134
UniRef90_A0A060VWE7	52.80	123	144
UniRef90_G3PGI7	49.59	123	157
UniRef90_UPI000331955D	65.81	123	150
UniRef90_UPI0006443CE8	49.61	123	157
UniRef90_A0A091PFU7	62.50	123	104
UniRef90_F5CPF1	55.17	123	142
UniRef90_UPI000497146C	50.42	123	148
UniRef90_Q4VRI5	50.41	123	154
UniRef90_P00595	55.93	123	119
UniRef90_UPI00042AB6E4	56.48	123	136
UniRef90_A6MJG3	50.41	123	152
UniRef90_UPI0005232546	70.24	123	107
UniRef90_A6MFM6	54.17	123	149
UniRef90_UPI0006B316D5	53.66	123	142
UniRef90_Q802I1	49.59	123	142
UniRef90_A0A060X1J7	47.93	123	170
UniRef90_L5LFU8	75.64	123	419
UniRef90_UPI0006EAD845	66.67	123	128
UniRef90_A6MFM2	51.22	123	152
UniRef90_UPI00046BE618	75.00	123	138
UniRef90_UPI00042AC657	56.76	123	134
UniRef90_G3I6R6	59.09	123	108
UniRef90_H2UXE3	50.43	123	149
UniRef90_A0A093S6V1	63.53	123	102
UniRef90_G3UQC5	63.64	123	110
UniRef90_Q9DF33	58.68	123	146
UniRef90_C1IC46	61.02	123	137
UniRef90_P14615	52.07	123	120
UniRef90_UPI00042ACE58	54.63	123	136
UniRef90_UPI0006B30900	48.72	123	146
UniRef90_P60043	51.26	123	126
UniRef90_UPI0007045701	73.75	123	116
UniRef90_Q0KKQ2	51.22	123	151
UniRef90_UPI0003EC36C0	75.64	123	140
UniRef90_W5UDC7	49.60	123	148
UniRef90_P29601	49.15	123	118
UniRef90_UPI0003D08927	63.53	123	108
UniRef90_M3ZHP0	57.26	123	151
UniRef90_UPI0006B3A709	48.74	123	147
UniRef90_Q6SLM2	51.24	123	137
UniRef90_P23028	45.83	123	152
UniRef90_UPI0003BB7E5F	74.36	123	104
UniRef90_H2RZZ5	58.40	123	155
UniRef90_UPI00042AC24B	52.78	123	136
UniRef90_Q5G290	52.10	123	125
UniRef90_A0A023I9C9	44.72	123	148
UniRef90_W5ULB3	58.40	123	149
UniRef90_G3I6S0	54.24	123	118
UniRef90_Q5G291	52.94	123	125
UniRef90_U3F588	50.00	123	144
UniRef90_P00606	51.35	123	145
UniRef90_UPI0004549277	49.15	123	205
UniRef90_UPI0004549277	52.86	123	205
UniRef90_U3F572	50.00	123	144
UniRef90_P00602	52.50	123	118
UniRef90_P00607	51.67	123	119
UniRef90_Q9DF52	51.79	123	145
UniRef90_A7X418	56.78	123	152
UniRef90_UPI00022F3925	52.54	123	142
UniRef90_P00600	50.00	123	119
UniRef90_P20258	52.07	123	117
UniRef90_U3FAA2	47.73	123	154
UniRef90_Q45Z49	48.33	123	146
UniRef90_Q7T1R0	46.28	123	146
UniRef90_B5G6G1	49.17	123	146
UniRef90_UPI00035941E1	45.69	123	141
UniRef90_Q6SLM0	48.76	123	137
UniRef90_Q90251	45.45	123	137
UniRef90_UPI0006B2F95D	55.20	123	150
UniRef90_P00605	50.41	123	118
UniRef90_Q0PL66	47.11	123	118
UniRef90_UPI000670CC07	72.62	123	122
UniRef90_UPI0006451CC3	52.03	123	146
UniRef90_A6MJG8	48.76	123	145
UniRef90_Q45Z48	46.28	123	146
UniRef90_Q4VRI7	47.50	123	146
UniRef90_F7AJW9	60.71	123	105
UniRef90_UPI00042AB9F3	50.93	123	128
UniRef90_G3I6R8	50.93	123	123
UniRef90_P20259	47.93	123	117
UniRef90_Q45Z47	46.67	123	146
UniRef90_Q9W7J4	54.84	123	154
UniRef90_UPI00063F8B33	53.72	123	119
UniRef90_UPI0004955E4F	53.76	123	167
UniRef90_U3FVE6	46.77	123	146
UniRef90_UPI0003EBEB04	50.51	123	113
UniRef90_UPI000644748B	49.59	123	106
UniRef90_A0A0F8ASQ9	51.06	123	144
UniRef90_R4FK41	53.33	123	156
UniRef90_P00615	50.00	123	145
UniRef90_UPI0003C499E0	65.48	123	201
UniRef90_Q45Z12	49.17	123	144
UniRef90_Q45Z20	48.76	123	145
UniRef90_P00614	45.83	123	119
UniRef90_Q9PUH7	46.15	123	144
UniRef90_A0A0G2CRF8	55.06	123	132
UniRef90_UPI000703D2CB	61.80	123	227
UniRef90_Q45Z42	46.67	123	146
UniRef90_A6MFM8	47.93	123	146
UniRef90_H8PG88	48.72	123	146
UniRef90_P20252	47.93	123	118
UniRef90_D5MRQ5	51.24	123	152
UniRef90_P00618	44.63	123	145
UniRef90_R4G2H2	47.93	123	144
UniRef90_Q45Z16	47.93	123	144
UniRef90_Q8AXW7	49.11	123	146
UniRef90_A0A081DUC6	59.49	123	89
UniRef90_F5CPE9	51.64	123	146
UniRef90_P08873	46.67	123	145
UniRef90_UPI00042AE93E	49.07	123	134
UniRef90_UPI00042A956F	48.62	123	363
UniRef90_P10117	45.83	123	118
UniRef90_UPI00052289DE	52.85	123	188
UniRef90_Q9PRG0	43.33	123	145
UniRef90_A0A0F8B9V4	45.60	123	145
UniRef90_A6MFM4	53.72	123	149
UniRef90_R4G7E3	45.45	123	146
UniRef90_P81236	48.33	123	119
UniRef90_R4G7M2	47.86	123	146
UniRef90_Q9PUI0	42.15	123	147
UniRef90_P00617	44.92	123	147
UniRef90_P30811	47.46	123	145
UniRef90_UPI0006B30841	43.33	123	149
UniRef90_A0A091XGX3	69.77	123	102
UniRef90_Q9PUH8	43.33	123	147
UniRef90_UPI0004542F3F	45.13	123	152
UniRef90_R4G2X1	45.45	123	145
UniRef90_UPI0006990510	47.01	123	137
UniRef90_P00611	44.92	123	145
UniRef90_A6MFM9	45.45	123	146
UniRef90_P14411	48.33	123	135
UniRef90_P23027	43.44	123	121
UniRef90_Q45Z46	45.83	123	145
UniRef90_R4G2N5	42.62	123	145
UniRef90_Q8QFW3	44.63	123	147
UniRef90_P00608	44.17	123	119
UniRef90_P20251	45.45	123	118
UniRef90_I3JZ00	49.58	123	149
UniRef90_Q45Z14	46.61	123	144
UniRef90_P00627	47.50	123	135
UniRef90_Q9PUH6	45.00	123	145
UniRef90_Q9PUH4	43.33	123	146
UniRef90_P19000	45.76	123	145
UniRef90_U3FYP0	51.64	123	144
UniRef90_A0A024AXD2	44.17	123	146
UniRef90_F5CPF0	55.45	123	140
UniRef90_UPI0006B38B42	41.80	123	146
UniRef90_P00613	43.22	123	118
UniRef90_H8PG85	48.76	123	145
UniRef90_R4G7M1	44.26	123	145
UniRef90_P20146	42.86	123	145
UniRef90_R4FIA4	44.17	123	145
UniRef90_UPI0004951E34	51.76	123	111
UniRef90_R4FJB5	48.76	123	145
UniRef90_P23026	45.61	123	145
UniRef90_P00612	42.37	123	118
UniRef90_R4FI60	44.63	123	145
UniRef90_R4FIM5	47.93	123	143
UniRef90_P04056	52.50	123	118
UniRef90_H8PG83	44.14	123	136
UniRef90_G3INN9	42.86	123	119
UniRef90_R4G2E6	42.74	123	145
UniRef90_Q8UUI1	44.07	123	145
UniRef90_W4YTI9	44.96	123	159
UniRef90_A0A0N4VQI0	42.73	123	144
UniRef90_UPI00051E36D7	74.07	123	80
UniRef90_P00628	45.45	123	135
UniRef90_U3FVE8	51.64	123	144
UniRef90_UPI000696432B	46.09	123	145
UniRef90_B5G6G0	41.32	123	146
UniRef90_U3FYP8	50.00	123	142
UniRef90_S4RSK0	42.48	123	155
UniRef90_U3EPG6	49.18	123	147
UniRef90_UPI0003D0E1E1	48.54	123	188
UniRef90_R4G2M4	47.46	123	146
UniRef90_U3EPE2	51.14	123	140
UniRef90_H2RZZ6	43.20	123	141
UniRef90_Q8UUI0	45.53	123	155
UniRef90_U3FVG1	49.18	123	144
UniRef90_P10116	44.04	123	118
UniRef90_UPI00046294AF	53.16	123	100
UniRef90_U3F584	50.00	123	144
UniRef90_Q7T2Q4	51.35	123	147
UniRef90_G9I930	41.94	123	149
UniRef90_F1LAZ2	40.83	123	190
UniRef90_P21789	43.55	123	120
UniRef90_P81166	50.00	123	118
UniRef90_UPI000696427D	45.13	123	146
UniRef90_UPI00069705A3	42.50	123	144
UniRef90_A0A0N4VK13	41.82	123	159
UniRef90_Q7T2Q5	48.78	123	147
UniRef90_Q9PTA6	47.93	123	138
UniRef90_A7RYD8	44.74	123	107
UniRef90_A0A0N5AUE2	40.91	123	164
UniRef90_G3I6R5	49.49	123	103
UniRef90_Q8JIY9	45.97	123	138
UniRef90_O73873	58.44	123	77
UniRef90_UPI0003C26A2F	47.17	123	135
UniRef90_U3EPF6	46.72	123	144
UniRef90_T1J463	43.88	123	382
UniRef90_A0A085NQ68	41.67	123	203
UniRef90_R4G2N4	45.61	123	112
UniRef90_C3YGY4	41.03	123	112
UniRef90_Q17790	40.91	123	153
UniRef90_A6MJG6	42.50	123	146
UniRef90_UPI0003292F43	39.13	123	161
UniRef90_UPI00032AF63A	42.74	123	144
UniRef90_P24293	41.94	123	121
UniRef90_UPI0006445AC8	38.26	123	149
UniRef90_W5K8M6	40.87	123	153
UniRef90_UPI0005234CFB	39.13	123	154
UniRef90_UPI000698E8C5	41.88	123	146
UniRef90_G3IL88	67.19	123	69
UniRef90_E3LH54	40.00	123	153
UniRef90_UPI00042AD9A4	48.25	123	116
UniRef90_A0A0K0D0X7	39.62	123	118
UniRef90_U1M579	40.00	123	139
UniRef90_F1LFX1	40.00	123	139
UniRef90_F6ZRG6	35.38	123	172
UniRef90_UPI0005ED6EEB	37.86	123	163
UniRef90_UPI00046B8EBB	39.29	123	225
UniRef90_UPI0006960AB4	39.68	123	148
UniRef90_A0A0D8Y4F9	40.00	123	158
UniRef90_A8WTM4	40.00	123	151
UniRef90_E5SP62	45.05	123	178
UniRef90_C3Y4E1	38.58	123	158
UniRef90_G0NR47	39.09	123	153
UniRef90_P00610	42.50	123	119
UniRef90_F8QN53	41.94	123	137
UniRef90_A0A0N5DRJ7	40.00	123	176
UniRef90_P20253	47.11	123	118
UniRef90_H9G7D1	40.16	123	149
UniRef90_A0A091ERE6	38.26	123	123
UniRef90_A0A093S8K9	38.26	123	123
UniRef90_UPI0004F1134D	38.26	123	186
UniRef90_UPI0006B1AF8C	40.16	123	145
UniRef90_H2VZY6	39.09	123	155
UniRef90_Q5XVR1	51.69	123	93
UniRef90_A0A0N4Z077	41.53	123	178
UniRef90_U3JMU0	38.26	123	141
UniRef90_H0Z3E9	38.26	123	148
UniRef90_F7A6K0	40.87	123	135
UniRef90_G1SRA0	40.00	123	148
UniRef90_UPI0002653BE7	40.00	123	163
UniRef90_P45881	47.66	123	138
UniRef90_F6YIJ4	38.26	123	132
UniRef90_H3AX69	57.47	123	120
UniRef90_G1T522	41.94	123	144
UniRef90_Q6A3F4	41.94	123	137
UniRef90_A0A093R991	37.39	123	123
UniRef90_UPI00053CBB4C	39.29	123	155
UniRef90_K7FE10	40.50	123	144
UniRef90_A7LCJ2	44.07	123	155
UniRef90_UPI0004BD78F5	38.26	123	153
UniRef90_A0A091J9R5	39.29	123	123
UniRef90_E5T1H8	44.07	123	394
UniRef90_C3Z8G0	40.18	123	150
UniRef90_U3K7L8	39.20	123	144
UniRef90_UPI000644BA6C	38.26	123	153
UniRef90_F8QN51	43.55	123	137
UniRef90_UPI000393CC5D	38.26	123	250
UniRef90_G1T1K5	38.46	123	146
UniRef90_UPI0006B30F57	40.00	123	152
UniRef90_UPI0006D8E2D7	57.47	123	166
UniRef90_Q800C3	41.60	123	138
UniRef90_W4Z6N6	40.77	123	334
UniRef90_A0A0A0ALX4	37.39	123	123
UniRef90_F6URD6	40.65	123	155
UniRef90_A0A099Z8I1	36.59	123	123
UniRef90_UPI0005EF9AE2	45.45	123	120
UniRef90_A0A091G318	37.50	123	123
UniRef90_UPI000386FEFF	39.13	123	217
UniRef90_Q6SLM1	50.45	123	137
UniRef90_A0A091NNL4	38.39	123	123
UniRef90_G3DT18	41.94	123	138
UniRef90_A0A077L7Z9	42.45	123	138
UniRef90_W4Z0R5	41.59	123	129
UniRef90_UPI0002BCC65A	38.39	123	159
UniRef90_A0A091W8U1	36.61	123	123
UniRef90_UPI00054B0FE0	38.26	123	153
UniRef90_UPI000359DABE	38.26	123	277
UniRef90_Q90Y77	43.40	123	138
UniRef90_UPI000695D709	41.80	123	171
UniRef90_UPI00051143F4	39.29	123	179
UniRef90_G3PLQ8	39.64	123	143
UniRef90_L5M4T1	36.61	123	150
UniRef90_UPI0003D099A7	38.26	123	187
UniRef90_UPI0004F0B002	37.39	123	153
UniRef90_UPI0004431F7B	40.87	123	219
UniRef90_UPI0006BA285C	38.26	123	393
UniRef90_UPI0006EB1BCF	37.39	123	138
UniRef90_UPI0003F15C8C	35.65	123	412
UniRef90_H0VX43	37.62	123	156
UniRef90_A0A091UTF0	37.39	123	123
UniRef90_UPI0003EC0965	36.61	123	158
UniRef90_M7B849	42.20	123	146
UniRef90_T1DH13	44.00	123	139
UniRef90_A0A0K0EGK9	41.82	123	151
UniRef90_UPI0006800EBF	40.37	123	256
UniRef90_A0A091HQ91	37.39	123	123
UniRef90_A0A087R6N6	37.39	123	123
UniRef90_W5LX63	41.44	123	154
UniRef90_UPI0004F0C57E	36.80	123	144
UniRef90_F6ZRZ5	43.22	123	144
UniRef90_UPI000661E7B2	38.78	123	156
UniRef90_O42187	44.34	123	138
UniRef90_A0A016W1F0	36.07	123	159
UniRef90_UPI0000523823	40.65	123	295
UniRef90_W2T7B9	40.00	123	250
UniRef90_UPI00038E9BF4	33.91	123	163
UniRef90_V8NFW5	40.19	123	118
UniRef90_UPI0002653BF9	40.00	123	241
UniRef90_P81458	42.74	123	121
UniRef90_G1MQT9	37.39	123	138
UniRef90_UPI0005D0CB27	38.26	123	259
UniRef90_T0MDY1	83.74	123	400
UniRef90_UPI00042BED41	76.23	123	202
UniRef90_UPI00067C7088	77.97	123	232
UniRef90_P00593	100.00	123	145
UniRef90_UPI0004547719	66.95	123	717
UniRef90_P00592	83.61	123	146
UniRef90_L9KLJ2	78.69	123	147
UniRef90_UPI000651C34C	76.23	123	146
UniRef90_UPI0003C88573	84.55	123	145
UniRef90_UPI0003F0C224	76.42	123	147
UniRef90_UPI0002BD07FF	82.79	123	160
UniRef90_UPI00046B5BD8	77.87	123	146
UniRef90_UPI0003330673	76.23	123	147
UniRef90_UPI000388BD59	71.54	123	146
UniRef90_UPI0003288BEF	75.41	123	148
UniRef90_UPI00042AF702	72.03	123	189
UniRef90_F7G478	78.69	123	148
UniRef90_G3VZ03	76.23	123	148
UniRef90_UPI0002C624CD	75.61	123	147
UniRef90_A0A091CVU2	76.23	123	146
UniRef90_L5KWG9	75.41	123	148
UniRef90_Q9Z0Y2	79.03	123	146
UniRef90_G5B779	78.23	123	146
UniRef90_A0A093HBE8	67.74	123	140
UniRef90_Q8JFB2	65.29	123	152
UniRef90_UPI000441B4B1	80.49	123	147
UniRef90_UPI0004ED4959	80.49	123	145
UniRef90_A0A0A0ARM0	69.67	123	140
UniRef90_P04054	78.69	123	148
UniRef90_P04055	77.87	123	146
UniRef90_M3WW56	76.23	123	140
UniRef90_UPI00044228FC	66.39	123	147
UniRef90_G1LF10	77.05	123	148
UniRef90_A0A087RI03	64.75	123	140
UniRef90_UPI0002C554B2	73.77	123	147
UniRef90_P06596	77.05	123	146
UniRef90_UPI0003959093	67.21	123	146
UniRef90_A0A093PCI2	68.03	123	140
UniRef90_UPI0002C44392	73.17	123	144
UniRef90_A0A081DUB1	64.52	123	151
UniRef90_UPI000522B5CD	66.39	123	146
UniRef90_UPI0003EDD5AA	73.77	123	146
UniRef90_A0A087VL93	69.67	123	140
UniRef90_A0A091UZS9	70.49	123	140
UniRef90_UPI00045E187B	69.67	123	143
UniRef90_H9G6L6	71.90	123	152
UniRef90_G3TYR4	71.31	123	146
UniRef90_G1PDT0	73.77	123	148
UniRef90_UPI00038EDDE3	78.69	123	146
UniRef90_UPI0005295401	69.42	123	147
UniRef90_I3M3V7	74.59	123	146
UniRef90_F6TIZ9	79.51	123	148
UniRef90_A0A091F9C7	66.39	123	147
UniRef90_UPI000386FCEB	63.93	123	147
UniRef90_UPI00053CE2E5	61.48	123	147
UniRef90_UPI0004443840	77.87	123	148
UniRef90_P00594	73.77	123	132
UniRef90_UPI0003F17D2B	72.36	123	147
UniRef90_A0A091G857	64.75	123	146
UniRef90_UPI0005206CE9	60.66	123	147
UniRef90_A0A091UHQ7	67.21	123	140
UniRef90_UPI00042AA7D6	72.88	123	142
UniRef90_G7PIU0	79.51	123	148
UniRef90_UPI0003831C35	67.21	123	147
UniRef90_A0A091MD18	70.25	123	147
UniRef90_A0A091R8A4	67.21	123	140
UniRef90_H0ZGV5	70.49	123	147
UniRef90_A0A081DUB4	70.00	123	149
UniRef90_UPI000333BA93	71.67	123	149
UniRef90_L8B360	65.04	123	151
UniRef90_UPI0006EB0EB7	65.57	123	166
UniRef90_A0A091K6B1	67.21	123	140
UniRef90_A0A094NER9	64.75	123	141
UniRef90_U3EPH0	60.98	123	150
UniRef90_UPI00052320CC	66.13	123	147
UniRef90_UPI000510FB47	67.21	123	145
UniRef90_A0A091TY07	65.57	123	137
UniRef90_A0A091NG60	65.57	123	140
UniRef90_UPI000398F923	64.75	123	147
UniRef90_UPI0004960217	56.00	123	149
UniRef90_W5JYA9	60.00	123	161
UniRef90_UPI000644D0FB	55.20	123	149
UniRef90_A0A091KBN2	68.03	123	141
UniRef90_UPI0006B7EDC0	56.00	123	151
UniRef90_A0A091J7X2	66.94	123	134
UniRef90_A0A0F8APK5	54.40	123	162
UniRef90_H3CYF4	57.60	123	149
UniRef90_A0A093H6X4	63.11	123	147
UniRef90_G3Q2F3	56.00	123	149
UniRef90_UPI000660C492	68.64	123	199
UniRef90_UPI0004957B89	52.80	123	147
UniRef90_G1N9E7	63.93	123	146
UniRef90_UPI000576FCE7	55.20	123	151
UniRef90_Q45Z29	55.37	123	151
UniRef90_UPI0005297F18	65.57	123	147
UniRef90_G3Q2F5	56.00	123	150
UniRef90_G3I6R7	73.73	123	141
UniRef90_A0A0G2C2M7	57.60	123	133
UniRef90_F1N9G4	63.93	123	148
UniRef90_Q9YH62	53.60	123	149
UniRef90_UPI0006B7023A	57.60	123	151
UniRef90_H3BG53	62.10	123	154
UniRef90_A0A024AXF8	58.20	123	151
UniRef90_A9C458	53.97	123	151
UniRef90_O57313	52.80	123	149
UniRef90_Q9DEB0	55.28	123	148
UniRef90_UPI0003EC4505	55.20	123	149
UniRef90_UPI00045721F7	60.00	123	148
UniRef90_H3BG47	60.66	123	152
UniRef90_UPI0004D04C22	72.58	123	143
UniRef90_P80966	54.55	123	151
UniRef90_I3JZ02	56.00	123	153
UniRef90_UPI0004971355	56.80	123	132
UniRef90_H2MVY0	53.60	123	149
UniRef90_G3I6R4	82.88	123	113
UniRef90_A0A024AYB6	58.20	123	151
UniRef90_UPI00022F5FD4	66.95	123	141
UniRef90_F1N9G3	64.75	123	147
UniRef90_Q45Z50	55.37	123	154
UniRef90_H2UXE4	52.07	123	148
UniRef90_A0A099YYQ6	65.85	123	134
UniRef90_M3ZL71	55.28	123	144
UniRef90_Q9DF56	57.63	123	152
UniRef90_Q8UW31	55.28	123	152
UniRef90_UPI0006442B59	53.17	123	150
UniRef90_P0C551	57.50	123	142
UniRef90_UPI0006441912	53.97	123	197
UniRef90_Q75S48	55.65	123	152
UniRef90_R4G2S8	53.72	123	152
UniRef90_Q4VRI5	50.00	123	154
UniRef90_UPI00004E17EC	58.20	123	124
UniRef90_R4G7E9	55.93	123	152
UniRef90_UPI00054B83FA	55.37	123	148
UniRef90_A0A087Y5M8	57.72	123	144
UniRef90_M3ZL66	52.03	123	146
UniRef90_UPI0006B06DB2	67.83	123	125
UniRef90_Q9W7J3	54.10	123	154
UniRef90_P43434	71.17	123	146
UniRef90_R4FIQ4	52.46	123	151
UniRef90_A0A091RYJ6	73.33	123	121
UniRef90_R4FI79	56.78	123	152
UniRef90_A0A060WK44	51.64	123	147
UniRef90_B1H311	64.46	123	144
UniRef90_UPI00035A1DE8	68.64	123	141
UniRef90_U3JYR0	69.35	123	147
UniRef90_R4G2D4	56.41	123	160
UniRef90_UPI00032AF5FD	76.23	123	145
UniRef90_A0A087Y5K7	50.41	123	146
UniRef90_UPI00064459F9	49.59	123	150
UniRef90_H3D1N0	52.03	123	150
UniRef90_UPI00057738EF	50.41	123	148
UniRef90_A0A060X1J7	47.93	123	170
UniRef90_Q90ZI4	50.41	123	150
UniRef90_R4G2E0	55.46	123	147
UniRef90_G3PGI7	49.59	123	157
UniRef90_F6XCW2	58.87	123	149
UniRef90_U3J268	68.70	123	137
UniRef90_UPI000497146C	50.00	123	148
UniRef90_A0A093Q0I2	71.31	123	147
UniRef90_UPI00045430BF	65.25	123	140
UniRef90_A2BD69	61.29	123	148
UniRef90_Q7M334	74.80	123	144
UniRef90_A6MJG3	50.41	123	152
UniRef90_A6MFM6	54.62	123	149
UniRef90_UPI0006B30900	48.00	123	146
UniRef90_Q9PUG8	54.70	123	152
UniRef90_P00598	56.67	123	146
UniRef90_H2UXE3	50.43	123	149
UniRef90_F5CPF1	55.17	123	142
UniRef90_UPI00039428B2	71.77	123	148
UniRef90_A6MFM2	49.59	123	152
UniRef90_W5UDC7	49.60	123	148
UniRef90_F6VFV8	71.31	123	164
UniRef90_P00616	53.91	123	152
UniRef90_A0A093JJJ2	69.61	123	117
UniRef90_U3F588	50.00	123	144
UniRef90_H2RZZ5	58.40	123	155
UniRef90_A0A091GQU0	70.59	123	118
UniRef90_A0A0F8CBR9	52.80	123	149
UniRef90_W5KDU7	55.20	123	145
UniRef90_Q45Z16	47.93	123	144
UniRef90_Q45Z20	48.76	123	145
UniRef90_UPI0003318AFC	67.21	123	148
UniRef90_UPI0004F12578	67.74	123	148
UniRef90_F7EBG4	53.28	123	144
UniRef90_UPI0006B316D5	52.85	123	142
UniRef90_UPI0003346618	68.03	123	148
UniRef90_U3F572	50.00	123	144
UniRef90_UPI0006B3A709	48.33	123	147
UniRef90_Q45Z12	49.59	123	144
UniRef90_R4G356	53.85	123	152
UniRef90_A0A060VWE7	52.42	123	144
UniRef90_UPI0004572207	58.20	123	146
UniRef90_Q0KKQ2	51.22	123	151
UniRef90_Q9PUI0	42.15	123	147
UniRef90_Q802I1	50.00	123	142
UniRef90_Q9PUH8	42.98	123	147
UniRef90_B5G6G1	48.76	123	146
UniRef90_P08873	47.15	123	145
UniRef90_P23028	47.01	123	152
UniRef90_Q9PUH7	45.38	123	144
UniRef90_Q45Z42	46.67	123	146
UniRef90_A0A023I9C9	44.72	123	148
UniRef90_Q45Z47	46.67	123	146
UniRef90_UPI0006451CC3	52.03	123	146
UniRef90_A0A093BYX5	62.31	123	146
UniRef90_A6MJG8	48.76	123	145
UniRef90_M3ZHP0	57.26	123	151
UniRef90_UPI0006B2F95D	55.20	123	150
UniRef90_W5ULB3	58.40	123	149
UniRef90_Q45Z49	48.33	123	146
UniRef90_R4G7E3	45.45	123	146
UniRef90_P20259	47.93	123	117
UniRef90_UPI00042AA9A1	58.26	123	260
UniRef90_UPI00042AA9A1	59.05	123	260
UniRef90_P00607	51.24	123	119
UniRef90_G3I6R9	69.31	123	134
UniRef90_Q45Z14	44.72	123	144
UniRef90_Q9DF52	47.93	123	145
UniRef90_Q4VRI7	47.50	123	146
UniRef90_P60044	56.41	123	126
UniRef90_P07037	53.66	123	119
UniRef90_P20251	45.45	123	118
UniRef90_Q45Z48	46.67	123	146
UniRef90_P00606	47.11	123	145
UniRef90_Q9PUH4	42.98	123	146
UniRef90_Q9PRG0	43.33	123	145
UniRef90_R4FK41	52.89	123	156
UniRef90_Q6SLM2	51.24	123	137
UniRef90_Q9PUH6	44.63	123	145
UniRef90_UPI00045761CE	60.48	123	147
UniRef90_A6MFM8	47.93	123	146
UniRef90_UPI000533E956	76.67	123	118
UniRef90_UPI0003F15C8C	32.52	123	412
UniRef90_P14615	52.89	123	120
UniRef90_R4G2X1	44.63	123	145
UniRef90_P20252	47.93	123	118
UniRef90_P20258	52.07	123	117
UniRef90_R4G2H2	47.11	123	144
UniRef90_L5LFU8	68.13	123	419
UniRef90_UPI0005223F2A	61.11	123	134
UniRef90_UPI00045E1154	36.29	123	222
UniRef90_P00614	45.83	123	119
UniRef90_U3FAA2	47.73	123	154
UniRef90_A0A024AXD2	43.80	123	146
UniRef90_R4G2N5	42.62	123	145
UniRef90_Q9DF33	58.68	123	146
UniRef90_Q7T1R0	46.28	123	146
UniRef90_UPI00042BE200	72.41	123	235
UniRef90_P60043	51.26	123	126
UniRef90_UPI0006443CE8	49.61	123	157
UniRef90_P30811	45.53	123	145
UniRef90_UPI000441943A	34.96	123	267
UniRef90_P19000	45.53	123	145
UniRef90_UPI0005D0CB27	36.59	123	259
UniRef90_P00611	44.72	123	145
UniRef90_U3FVE6	46.77	123	146
UniRef90_T1J463	39.66	123	382
UniRef90_P00595	55.93	123	119
UniRef90_UPI0003D0E1E1	41.46	123	188
UniRef90_A6MFM9	45.45	123	146
UniRef90_UPI000393CC5D	36.59	123	250
UniRef90_UPI00063C6C77	36.59	123	388
UniRef90_P00615	47.97	123	145
UniRef90_UPI0002C34658	81.18	123	119
UniRef90_P20146	42.86	123	145
UniRef90_D5MRQ5	51.24	123	152
UniRef90_UPI0006BA285C	36.59	123	393
UniRef90_P00602	52.50	123	118
UniRef90_R4G7M2	47.86	123	146
UniRef90_A7X418	55.28	123	152
UniRef90_H8PG88	48.72	123	146
UniRef90_UPI00042AB6E4	56.48	123	136
UniRef90_B5G6G0	39.67	123	146
UniRef90_UPI0006800EBF	35.77	123	256
UniRef90_Q9W7J4	54.10	123	154
UniRef90_UPI000386FEFF	37.40	123	217
UniRef90_UPI00042AC657	56.76	123	134
UniRef90_P00618	44.63	123	145
UniRef90_P00605	50.41	123	118
UniRef90_F5CPE9	51.64	123	146
UniRef90_UPI000533C65F	38.40	123	282
UniRef90_R4FI60	44.63	123	145
UniRef90_R4FIA4	42.50	123	145
UniRef90_P00600	50.00	123	119
UniRef90_P00617	43.80	123	147
UniRef90_UPI00053FC411	37.10	123	184
UniRef90_Q90251	45.45	123	137
UniRef90_P00608	43.80	123	119
UniRef90_Q8UUI1	43.09	123	145
UniRef90_UPI00051143F4	36.59	123	179
UniRef90_C1IC46	61.21	123	137
UniRef90_UPI0006EAD845	66.67	123	128
UniRef90_UPI000331955D	63.71	123	150
UniRef90_Q6SLM0	48.76	123	137
UniRef90_A0A091PFU7	63.22	123	104
UniRef90_G3I6S0	54.24	123	118
UniRef90_UPI0006B30841	41.27	123	149
UniRef90_UPI0003292F43	37.40	123	161
UniRef90_UPI0004F1134D	36.59	123	186
UniRef90_UPI00035941E1	46.09	123	141
UniRef90_Q5G290	52.07	123	125
UniRef90_P29601	49.15	123	118
UniRef90_F8QN53	41.13	123	137
UniRef90_A0A093EW41	70.93	123	102
UniRef90_UPI0003C499E0	63.22	123	201
UniRef90_UPI0005FAE468	35.48	123	153
UniRef90_H8PG83	42.98	123	136
UniRef90_G3UQC5	64.37	123	110
UniRef90_UPI00042AC24B	52.78	123	136
UniRef90_Q6A3F4	41.94	123	137
UniRef90_P10117	45.45	123	118
UniRef90_Q5G291	52.94	123	125
UniRef90_Q0PL66	47.11	123	118
UniRef90_UPI00046B8EBB	36.59	123	225
UniRef90_R4G2E6	41.46	123	145
UniRef90_F6V4W4	36.80	123	151
UniRef90_A0A091RVQ1	71.43	123	100
UniRef90_P21789	41.94	123	120
UniRef90_UPI0003345DA9	38.71	123	144
UniRef90_H2RZZ6	43.20	123	141
UniRef90_UPI0006965B45	37.90	123	173
UniRef90_G3DT18	40.32	123	138
UniRef90_Q800C3	40.80	123	138
UniRef90_UPI0003C915AA	37.90	123	142
UniRef90_Q9NZK7	37.90	123	142
UniRef90_P23026	44.72	123	145
UniRef90_F1MSG5	37.10	123	142
UniRef90_T1DJY7	39.52	123	138
UniRef90_UPI0005232546	70.24	123	107
UniRef90_Q7ZTA7	37.60	123	138
UniRef90_R4G7M1	44.63	123	145
UniRef90_UPI00042ACE58	54.63	123	136
UniRef90_Q8QFW3	44.63	123	147
UniRef90_UPI000625E020	34.68	123	210
UniRef90_UPI0006B38B42	41.13	123	146
UniRef90_U3FVE8	51.64	123	144
UniRef90_V8PDP0	34.96	123	188
UniRef90_UPI000333D161	39.52	123	152
UniRef90_A0A0K8RYR4	37.90	123	138
UniRef90_F8QN51	41.94	123	137
UniRef90_Q8JIY9	43.55	123	138
UniRef90_U3EPG6	49.18	123	147
UniRef90_UPI0003D08927	62.79	123	108
UniRef90_G5BZK7	37.10	123	152
UniRef90_UPI0003D099A7	36.59	123	187
UniRef90_Q8AXW7	49.11	123	146
UniRef90_P00624	41.60	123	138
UniRef90_A0A094KDV0	64.84	123	107
UniRef90_UPI00053CBB4C	36.59	123	155
UniRef90_A8CG90	39.52	123	137
UniRef90_Q45Z46	45.00	123	145
UniRef90_UPI0006445AC8	36.59	123	149
UniRef90_G1L8V5	39.52	123	137
UniRef90_P00613	42.15	123	118
UniRef90_UPI0003314BD2	38.71	123	144
UniRef90_A7X4U6	40.00	123	149
UniRef90_UPI000359DABE	36.59	123	277
UniRef90_UPI00070404E7	34.15	123	209
UniRef90_A0A061IDH0	37.10	123	142
UniRef90_UPI000359B377	37.10	123	142
UniRef90_UPI00046BE618	75.00	123	138
UniRef90_P31854	41.94	123	138
UniRef90_M3W325	38.71	123	138
UniRef90_H0Z3E9	36.59	123	148
UniRef90_S7NL43	38.71	123	216
UniRef90_UPI0005BAE6A0	38.71	123	224
UniRef90_UPI0005BAE6A0	42.17	123	224
UniRef90_U3JMU0	36.59	123	141
UniRef90_O42187	38.40	123	138
UniRef90_G3VSJ6	38.71	123	143
UniRef90_A0A0F8B9V4	44.80	123	145
UniRef90_UPI00022B5934	35.48	123	186
UniRef90_UPI0002C662CD	37.10	123	142
UniRef90_A6MFM4	53.72	123	149
UniRef90_UPI000644BA6C	36.59	123	153
UniRef90_L5LPH4	38.71	123	142
UniRef90_UPI0006B30F57	38.21	123	152
UniRef90_UPI0004542F3F	45.13	123	152
UniRef90_P00612	41.32	123	118
UniRef90_UPI0005234CFB	37.40	123	154
UniRef90_UPI0001772A11	37.10	123	142
UniRef90_I3JZ00	49.58	123	149
UniRef90_B0LSG2	38.71	123	138
UniRef90_A0A060XFT6	34.96	123	153
UniRef90_UPI0003EC36C0	74.68	123	140
UniRef90_UPI00046B65B0	40.32	123	142
UniRef90_UPI00062ABE8E	33.33	123	241
UniRef90_H3DMM6	34.15	123	151
UniRef90_UPI000577FF90	34.15	123	153
UniRef90_G1MQT9	35.77	123	138
UniRef90_UPI0002C5442D	37.90	123	142
UniRef90_UPI00054B0FE0	36.59	123	153
UniRef90_H0WKR5	41.13	123	142
UniRef90_G1SRA0	39.20	123	148
UniRef90_Q8AXY1	38.40	123	138
UniRef90_T1DH13	41.60	123	139
UniRef90_UPI000703D2CB	63.22	123	227
UniRef90_Q9QUL3	37.90	123	142
UniRef90_Q90ZZ9	35.48	123	138
UniRef90_B0LSG6	39.52	123	138
UniRef90_UPI0004549277	49.15	123	205
UniRef90_UPI0004549277	52.86	123	205
UniRef90_Q2YHJ2	39.20	123	138
UniRef90_P24293	41.13	123	121
UniRef90_A0A0H3U1Z6	40.00	123	138
UniRef90_U3FVG1	49.18	123	144
UniRef90_UPI0004F0B002	35.77	123	153
UniRef90_D6NKG6	35.77	123	155
UniRef90_A0A0A1ENR3	39.84	123	138
UniRef90_G1R8S6	37.90	123	142
UniRef90_P31482	37.70	123	146
UniRef90_E2RM12	39.52	123	142
UniRef90_UPI000440230A	37.90	123	142
UniRef90_A0A0D3N8V5	37.60	123	138
UniRef90_UPI0004955E4F	53.19	123	167
UniRef90_UPI0003F12C04	39.52	123	142
UniRef90_Q2YHJ3	39.52	123	138
UniRef90_H0VX43	32.52	123	156
UniRef90_UPI0006B1FA11	33.33	123	155
UniRef90_F5CPF0	52.46	123	140
UniRef90_P81458	40.32	123	121
UniRef90_I3MJ87	37.90	123	129
UniRef90_G1LXG6	34.96	123	158
UniRef90_Q6H3C9	37.30	123	138
UniRef90_UPI0003F1520F	38.71	123	142
UniRef90_K7G739	34.15	123	143
UniRef90_A0A093R991	35.77	123	123
UniRef90_U3FYP0	51.64	123	144
UniRef90_W5LX63	38.21	123	154
UniRef90_A0A0H3U1Z9	38.71	123	137
UniRef90_A0A091ERE6	36.59	123	123
UniRef90_UPI0003EBEB04	50.00	123	113
UniRef90_F6TH93	37.90	123	142
UniRef90_A0A0A0ALX4	35.77	123	123
UniRef90_UPI0006960AB4	40.16	123	148
UniRef90_A8E2V4	36.29	123	138
UniRef90_Q4SE94	40.32	123	167
UniRef90_P59170	35.48	123	139
UniRef90_W5K8M6	38.21	123	153
UniRef90_Q6H3C8	38.71	123	138
UniRef90_Q3HLQ4	38.71	123	138
UniRef90_G3U0B8	33.33	123	152
UniRef90_P45881	40.32	123	138
UniRef90_G1T1K5	32.80	123	146
UniRef90_Q7T2Q4	47.11	123	147
UniRef90_L5JRZ3	38.71	123	229
UniRef90_L5JRZ3	37.80	123	229
UniRef90_P14555	37.90	123	144
UniRef90_B0LSG3	41.94	123	138
UniRef90_Q6DHQ7	36.59	123	153
UniRef90_G1SR98	36.29	123	142
UniRef90_Q92147	37.10	123	138
UniRef90_Q6EER4	39.52	123	138
UniRef90_UPI00038E9BF4	32.52	123	163
UniRef90_UPI0006990510	46.96	123	137
UniRef90_P23027	43.44	123	121
UniRef90_A0A099Z8I1	36.59	123	123
UniRef90_I3IYN6	34.96	123	153
UniRef90_A0A093S8K9	36.59	123	123
UniRef90_Q7T2Q5	48.78	123	147
UniRef90_E5T1H8	42.40	123	394
UniRef90_Q8UUI0	44.72	123	155
UniRef90_UPI0006710011	32.00	123	204
UniRef90_P14423	32.00	123	146
UniRef90_P81478	37.10	123	122
UniRef90_UPI0003F07571	37.90	123	142
UniRef90_UPI0006510D4F	33.60	123	155
UniRef90_A0A087R6N6	35.77	123	123
UniRef90_G1T522	41.13	123	144
UniRef90_A0A091RPW4	35.77	123	123
UniRef90_Q8QG87	37.90	123	138
UniRef90_UPI00032AF63A	41.94	123	144
UniRef90_A0A0G2CRF8	55.06	123	132
UniRef90_UPI0004438391	38.71	123	142
UniRef90_I2DAL4	37.60	123	138
UniRef90_H2LJ86	36.59	123	151
UniRef90_G3I6R6	59.09	123	108
UniRef90_A8E2V8	38.10	123	139
UniRef90_UPI0003340455	37.10	123	142
UniRef90_A0A091UTF0	35.77	123	123
UniRef90_Q90Y77	39.52	123	138
UniRef90_I3MA02	32.52	123	147
UniRef90_UPI0006443306	37.40	123	166
UniRef90_UPI0006437969	35.20	123	145
UniRef90_G3PLQ8	36.59	123	143
UniRef90_A0A093S6V1	63.53	123	102
UniRef90_Q910A0	39.32	123	138
UniRef90_UPI0005FC0E6C	34.15	123	166
UniRef90_A0A091W8U1	34.15	123	123
UniRef90_A0A091NNL4	35.77	123	123
UniRef90_G3HU37	34.40	123	146
UniRef90_M4A4M0	35.77	123	152
UniRef90_P24027	36.80	123	138
UniRef90_S9YCH0	33.33	123	159
UniRef90_A0A0H3U206	37.10	123	138
UniRef90_E1BGU4	34.15	123	159
UniRef90_G3TNQ0	35.48	123	146
UniRef90_M3XDF8	33.33	123	172
UniRef90_UPI00042A956F	49.53	123	363
UniRef90_UPI00042A956F	42.65	123	363
UniRef90_K7FE10	39.52	123	144
UniRef90_Q71QE8	38.71	123	138
UniRef90_G1N1R0	33.60	123	141
UniRef90_G5BZK5	34.40	123	145
