UniRef90_F7ATD7	97.35	300	385
UniRef90_K7GNV6	97.35	300	696
UniRef90_Q6Q2A2	94.72	300	403
UniRef90_F7HRK0	97.02	300	1053
UniRef90_UPI0003EDFD8F	97.68	300	1084
UniRef90_G3RCY5	98.34	300	1229
UniRef90_U6D221	97.68	300	1152
UniRef90_L8Y6N1	97.35	300	1246
UniRef90_P06213	98.68	300	1382
UniRef90_UPI00045E3597	98.34	300	1338
UniRef90_H2NX99	98.02	300	1305
UniRef90_UPI0005F4958F	98.02	300	1304
UniRef90_A0A0D9R902	98.34	300	1385
UniRef90_G3RQJ8	98.02	300	1356
UniRef90_UPI0003C8E00E	97.35	300	1376
UniRef90_UPI0005ACF597	97.02	300	1282
UniRef90_A0A091CWD8	96.36	300	1464
UniRef90_UPI0006252959	96.69	300	1457
UniRef90_K9IVX0	96.03	300	1265
UniRef90_UPI0006523817	94.72	300	1140
UniRef90_P15127	95.05	300	1383
UniRef90_G3W0M2	90.30	300	530
UniRef90_UPI000331786E	93.73	300	1341
UniRef90_UPI00032AE07F	93.07	300	1372
UniRef90_UPI0005217A88	88.12	300	542
UniRef90_UPI000443B2CD	92.41	300	1349
UniRef90_S7MU97	92.38	300	1328
UniRef90_Q9PWN6	89.77	300	989
UniRef90_A0A093JC77	90.07	300	1059
UniRef90_F7F370	90.76	300	1378
UniRef90_UPI000441D0E5	87.46	300	608
UniRef90_UPI00052E9501	90.10	300	1298
UniRef90_F1NJT2	90.10	300	1360
UniRef90_H3A6S8	87.13	300	838
UniRef90_UPI0003C430DE	89.44	300	1348
UniRef90_C0LU15	82.57	300	416
UniRef90_G9JVE7	84.44	300	548
UniRef90_H3DBQ6	85.15	300	1012
UniRef90_H3C1B3	86.18	300	1022
UniRef90_A0A075IJV4	85.76	300	1083
UniRef90_W5M9H7	87.46	300	1365
UniRef90_W5LAW4	86.80	300	1351
UniRef90_A0A060XKT4	82.89	300	647
UniRef90_O73845	81.91	300	476
UniRef90_UPI0005CBC501	84.54	300	1040
UniRef90_UPI00049659DF	85.20	300	976
UniRef90_Q1LVG4	85.48	300	1348
UniRef90_UPI0004628428	88.12	300	1359
UniRef90_M4AW90	86.75	300	1364
UniRef90_F6TEA3	86.14	300	1317
UniRef90_M3ZEC9	85.48	300	1357
UniRef90_F1QNX5	85.38	300	1353
UniRef90_H2MUQ1	85.15	300	1345
UniRef90_UPI0006B381B0	85.20	300	1368
UniRef90_W5K2A3	85.71	300	1359
UniRef90_I3KQM7	84.77	300	1370
UniRef90_UPI0004D0A60D	85.38	300	529
UniRef90_H2MWH4	84.54	300	1366
UniRef90_Q8UW85	84.82	300	1368
UniRef90_H2U2E9	85.53	300	1367
UniRef90_UPI000495FAE1	85.38	300	1369
UniRef90_UPI000644DA74	85.20	300	1366
UniRef90_UPI0006440CE3	83.50	300	1362
UniRef90_H2T2E6	82.84	300	1369
UniRef90_UPI000495A8CF	84.87	300	1372
UniRef90_Q8UW86	84.54	300	1369
UniRef90_I3J076	84.77	300	1370
UniRef90_G3P8C9	84.21	300	1366
UniRef90_Q9PVZ4	84.49	300	1362
UniRef90_G9K5W3	97.97	300	246
UniRef90_G3PXN2	83.50	300	1371
UniRef90_UPI0006441A88	83.72	300	1354
UniRef90_V8PFA9	85.48	300	1356
UniRef90_O73846	79.61	300	671
UniRef90_A0A093IE12	79.87	300	755
UniRef90_UPI0006B70EF4	82.57	300	1379
UniRef90_UPI00054E1297	83.17	300	1367
UniRef90_H2U2F0	79.75	300	1432
UniRef90_Q91776	78.22	300	609
UniRef90_A0A091M251	80.20	300	948
UniRef90_Q4RUB0	77.06	300	1443
UniRef90_G3SFD5	79.21	300	781
UniRef90_F6W873	80.53	300	1150
UniRef90_U3K6Y5	80.20	300	1153
UniRef90_UPI00045494BA	80.20	300	1124
UniRef90_H2T2E8	74.48	300	1435
UniRef90_S4RW51	77.23	300	492
UniRef90_A0A0G2ACT6	82.20	300	1382
UniRef90_Q4RWP2	73.50	300	1419
UniRef90_UPI00038324C2	80.20	300	1313
UniRef90_S4RW56	75.40	300	309
UniRef90_G1FG63	78.93	300	705
UniRef90_H2U2F1	75.14	300	1431
UniRef90_H0ZEE4	80.20	300	1363
UniRef90_UPI0006B0A45D	80.07	300	1304
UniRef90_Q8UUY9	77.56	300	515
UniRef90_O73844	79.93	300	1024
UniRef90_UPI0005F4B3A2	79.54	300	1298
UniRef90_A0A076FVY1	79.26	300	997
UniRef90_Q9IAA2	77.89	300	669
UniRef90_H2T2E9	71.31	300	1418
UniRef90_H9GDM3	79.21	300	1366
UniRef90_F6SJA3	79.54	300	1361
UniRef90_A2IRM8	78.55	300	1363
UniRef90_P08069	79.21	300	1367
UniRef90_H3B6P5	74.58	300	323
UniRef90_UPI0004574A58	78.41	300	1355
UniRef90_F7IPL8	78.26	300	1049
UniRef90_O73798	77.89	300	1358
UniRef90_G1PWB2	78.55	300	1155
UniRef90_UPI00046BAF50	78.55	300	1186
UniRef90_UPI000440B8F3	78.74	300	1414
UniRef90_W5LN71	77.89	300	1387
UniRef90_UPI00054C06E1	77.23	300	931
UniRef90_Q3U1L4	79.00	300	1173
UniRef90_A0A075IFK1	74.92	300	716
UniRef90_A0A090XCE8	76.90	300	1195
UniRef90_UPI0003B74301	75.25	300	799
UniRef90_A0A0H3U450	78.60	300	1367
UniRef90_UPI00032AF127	77.63	300	1368
UniRef90_UPI0003832649	72.58	300	454
UniRef90_G5ARX9	73.52	300	1087
UniRef90_W5UAB0	76.90	300	1382
UniRef90_W5NAY2	77.63	300	1180
UniRef90_UPI0005CC57EF	78.55	300	1437
UniRef90_H2SJ16	77.23	300	1020
UniRef90_W5UHH9	78.22	300	1357
UniRef90_Q1LWJ4	77.74	300	1405
UniRef90_H2LX62	78.22	300	1404
UniRef90_Q5DIB5	72.76	300	767
UniRef90_I3KD26	77.89	300	1418
UniRef90_W5LQ10	77.56	300	1396
UniRef90_UPI000388EFF4	75.25	300	1321
UniRef90_B0R0Q2	77.56	300	1380
UniRef90_UPI000661C9E0	76.97	300	1473
UniRef90_G1M922	73.09	300	408
UniRef90_A0A0H3V195	77.56	300	1419
UniRef90_H3DPH8	77.23	300	1410
UniRef90_K9IQ63	69.59	300	1408
UniRef90_H2URH4	76.24	300	1419
UniRef90_G3PPC2	76.24	300	1394
UniRef90_M3ZNG0	77.23	300	1416
UniRef90_I3J4B9	75.91	300	1427
UniRef90_UPI0006B3ABFF	76.24	300	1406
UniRef90_UPI0004A2BB21	77.18	300	1260
UniRef90_UPI000441E7CE	75.17	300	1272
UniRef90_UPI0006EAE275	74.59	300	1317
UniRef90_UPI0003D0F3EE	74.59	300	1295
UniRef90_H3D2Z2	75.99	300	1401
UniRef90_UPI000643EEE9	75.25	300	1409
UniRef90_UPI000644A23D	76.90	300	1442
UniRef90_A0A087YCW9	75.58	300	1357
UniRef90_UPI000644B0A0	76.57	300	1412
UniRef90_UPI0006D92310	74.26	300	1316
UniRef90_M4AR44	75.25	300	1332
UniRef90_UPI0006B3C06E	76.57	300	1412
UniRef90_UPI00053504E8	73.51	300	1178
UniRef90_G1NMZ5	73.60	300	1239
UniRef90_UPI000443DE3C	75.58	300	1404
UniRef90_UPI00059ADC92	72.61	300	553
UniRef90_G3PII8	76.57	300	1413
UniRef90_UPI000496D5A6	75.25	300	1411
UniRef90_Q8UW83	76.92	300	1418
UniRef90_K7GG32	74.26	300	1343
UniRef90_H9GM91	75.25	300	1377
UniRef90_G9BCZ2	76.24	300	1419
UniRef90_U3JKD9	73.51	300	1301
UniRef90_A0A091UK62	72.94	300	1237
UniRef90_Q8UW84	76.24	300	1412
UniRef90_UPI00063C192D	71.15	300	380
UniRef90_H9KZZ2	72.61	300	1300
UniRef90_UPI0005111EAA	72.94	300	1246
UniRef90_UPI0003C4CA08	74.01	300	1267
UniRef90_UPI0003506F1B	72.61	300	1312
UniRef90_UPI000644606A	75.91	300	1417
UniRef90_UPI0006BA2F89	73.18	300	1274
UniRef90_UPI0006B16660	73.93	300	1349
UniRef90_A7RLS3	70.47	300	301
UniRef90_UPI0002C3038F	72.94	300	765
UniRef90_F6YX75	76.82	300	373
UniRef90_D2XMU0	70.63	300	399
UniRef90_Q5DIB7	72.61	300	506
UniRef90_Q9WTL4	74.26	300	1300
UniRef90_UPI00042BF866	72.94	300	940
UniRef90_K9J3V3	63.47	300	1440
UniRef90_G3WV44	73.93	300	1308
UniRef90_UPI0003BBED65	73.27	300	1095
UniRef90_UPI0001D54D21	74.09	300	1207
UniRef90_UPI0004E49059	73.93	300	1359
UniRef90_UPI0006D738F8	73.27	300	1056
UniRef90_UPI0004DFD668	73.27	300	1015
UniRef90_Q6PA47	73.60	300	1358
UniRef90_G1PFZ5	73.27	300	1086
UniRef90_F7DJH4	74.09	300	1285
UniRef90_UPI00038C14E4	73.60	300	1279
UniRef90_UPI0003AB6E92	73.84	300	1372
UniRef90_UPI0005F4B403	74.42	300	1342
UniRef90_UPI0002C30694	97.32	300	543
UniRef90_UPI0005FBDF54	74.83	300	1329
UniRef90_H2SJ17	77.70	300	298
UniRef90_F7H833	73.42	300	1269
UniRef90_W5P8Y4	74.25	300	1274
UniRef90_UPI0003ACA344	72.61	300	1137
UniRef90_A0A091D1L7	73.27	300	1312
UniRef90_UPI00053FF8C5	73.27	300	1345
UniRef90_P14616	73.27	300	1297
UniRef90_UPI000572DD42	72.94	300	1350
UniRef90_UPI000528BF50	78.29	300	355
UniRef90_G5BLP9	72.94	300	1298
UniRef90_H1A432	73.93	300	387
UniRef90_A0A087TYT3	67.11	300	414
UniRef90_UPI0003EDC245	72.94	300	1380
UniRef90_A0A0A9YBR1	67.11	300	431
UniRef90_F7DS61	72.61	300	1299
UniRef90_M3XX99	72.61	300	1358
UniRef90_C4A0B6	69.69	300	1336
UniRef90_L9KB31	72.76	300	1248
UniRef90_UPI0003C8E790	72.76	300	1279
UniRef90_UPI000332F34F	72.58	300	1298
UniRef90_UPI0006B0834B	70.63	300	1483
UniRef90_UPI0006B0BC24	69.67	300	1475
UniRef90_A0A0G4DDB6	69.31	300	1403
UniRef90_UPI0005CBDC1B	75.89	300	1384
UniRef90_UPI0006977670	70.33	300	1534
UniRef90_H2MII5	76.07	300	1407
UniRef90_UPI000703EF82	72.58	300	1344
UniRef90_S9X7I2	80.38	300	1042
UniRef90_UPI0003F0AC33	70.63	300	1389
UniRef90_O02466	69.18	300	1363
UniRef90_D6W7P5	70.43	300	1363
UniRef90_UPI0001D54B32	76.25	300	1269
UniRef90_E0VXW7	68.32	300	1289
UniRef90_A0A0K0PQK7	70.10	300	1398
UniRef90_UPI0003EC5E9A	78.91	300	520
UniRef90_A0A067QUW8	67.85	300	1506
UniRef90_UPI0003BBD9E1	82.42	300	1298
UniRef90_UPI0006267652	70.20	300	1699
UniRef90_T1JFU0	67.31	300	1193
UniRef90_E2B4Y3	68.87	300	1408
UniRef90_A0A0F8CY00	71.29	300	1383
UniRef90_B5A5T2	80.50	300	240
UniRef90_UPI000522B86E	79.67	300	493
UniRef90_R7TZL3	64.69	300	1099
UniRef90_A0A0A9YBQ5	67.11	300	1362
UniRef90_U6CZC5	73.76	300	279
UniRef90_A0A091HHG6	78.68	300	1202
UniRef90_UPI000629522D	66.89	300	588
UniRef90_A0A0C4UQS4	68.77	300	1454
UniRef90_V3ZZ12	65.78	300	1267
UniRef90_B5U451	66.56	300	1064
UniRef90_B3RT16	64.05	300	449
UniRef90_UPI00062624C3	69.33	300	1682
UniRef90_UPI0005CEDEF3	69.21	300	1679
UniRef90_B7QM19	66.78	300	1458
UniRef90_F4WE54	69.21	300	1413
UniRef90_L7LS43	66.45	300	1569
UniRef90_A0A060WSI8	78.91	300	887
UniRef90_G3ER33	69.21	300	1702
UniRef90_L7LV88	66.45	300	1602
UniRef90_W4WTT0	69.21	300	1553
UniRef90_UPI0006B35124	76.42	300	371
UniRef90_L7M718	66.45	300	1588
UniRef90_Q7YT64	64.52	300	804
UniRef90_UPI0005F3F424	69.21	300	1690
UniRef90_UPI00063F5939	68.87	300	1706
UniRef90_UPI0005D31601	68.87	300	1697
UniRef90_E2A530	67.88	300	1515
UniRef90_A0A026W1L5	67.88	300	1414
UniRef90_A0A0C9QS61	67.54	300	1658
UniRef90_UPI0005ED814E	68.21	300	1701
UniRef90_H3AEG1	66.78	300	1170
UniRef90_UPI00067C611C	67.10	300	1444
UniRef90_UPI0006793BD1	66.45	300	1453
UniRef90_UPI0006EB0188	66.78	300	1399
UniRef90_K7IZE9	67.67	300	1714
UniRef90_UPI0002246D25	67.67	300	1759
UniRef90_UPI00042BF7C6	66.56	300	1341
UniRef90_UPI00045DC76E	80.71	300	1406
UniRef90_UPI00045E1438	80.39	300	1407
UniRef90_UPI00045E2E24	80.71	300	1444
UniRef90_E9I043	65.55	300	1349
UniRef90_UPI00045D762F	80.71	300	1471
UniRef90_UPI0005D06BEC	67.33	300	1361
UniRef90_UPI0006D50520	68.54	300	1635
UniRef90_UPI0006D4E6A9	66.00	300	1360
UniRef90_UPI0006CECD24	65.00	300	1358
UniRef90_W4VRQ3	67.00	300	1375
UniRef90_UPI0003AE5380	78.21	300	1283
UniRef90_UPI0003AE1493	77.91	300	1344
UniRef90_K9M126	66.11	300	1387
UniRef90_H9J2B7	64.51	300	1455
UniRef90_UPI0005C3C8AF	64.52	300	1541
UniRef90_A0A088AUM7	66.89	300	1498
UniRef90_V4AJ72	61.92	300	428
UniRef90_K1PS76	64.52	300	1516
UniRef90_A0A0N0BDV4	66.89	300	1543
UniRef90_M7B0J9	65.45	300	1134
UniRef90_E9IL37	67.22	300	1386
UniRef90_UPI00062379B5	67.22	300	1631
UniRef90_UPI0004AACC10	65.25	300	1479
UniRef90_G2J5R2	66.89	300	1690
UniRef90_UPI0003DEAFDD	66.89	300	1713
UniRef90_Q4H3B8	60.47	300	465
UniRef90_H2XNP4	60.47	300	479
UniRef90_G1QHT7	71.38	300	1313
UniRef90_UPI00067155B9	65.68	300	1499
UniRef90_UPI00067155B9	29.71	300	1499
UniRef90_UPI0006151EDD	66.56	300	1584
UniRef90_UPI00062ABF87	71.95	300	1318
UniRef90_R4IS90	63.78	300	1538
UniRef90_H2YE91	59.80	300	468
UniRef90_V4BID1	60.60	300	401
UniRef90_UPI0004F43FFC	79.73	300	249
UniRef90_Q93105	64.98	300	1393
UniRef90_UPI00062AB308	65.67	300	1227
UniRef90_UPI0006C97208	63.93	300	1818
UniRef90_R4IJT3	61.94	300	2298
UniRef90_Q25197	63.46	300	1477
UniRef90_A0A091JMF1	79.66	300	1133
UniRef90_UPI00051EFD96	79.49	300	1017
UniRef90_UPI000673A03E	64.05	300	2490
UniRef90_UPI0006C9B1DB	63.79	300	1821
UniRef90_B8YBH0	87.44	300	199
UniRef90_UPI0006749435	65.55	300	1604
UniRef90_G3HG67	64.12	300	1183
UniRef90_Q9NJV5	65.22	300	1671
UniRef90_W5JGL8	66.10	300	1592
UniRef90_A0A060YED5	86.45	300	866
UniRef90_B4KBJ2	64.98	300	1852
UniRef90_Q25410	64.86	300	1607
UniRef90_B3RT14	57.48	300	295
UniRef90_Q7Q0F6	63.73	300	1318
UniRef90_UPI0003C3780C	61.54	300	2584
UniRef90_H2YE98	59.80	300	1207
UniRef90_E9G4Y0	65.03	300	1865
UniRef90_E9G4Y0	62.39	300	1865
UniRef90_B4LZ52	63.97	300	1966
UniRef90_H2YE95	59.80	300	1184
UniRef90_H2YE97	59.80	300	1223
UniRef90_A0A0M5J4I4	61.74	300	2083
UniRef90_B4JGW5	63.55	300	1884
UniRef90_A0A0L7R7M6	62.05	300	2337
UniRef90_A0A084WIB4	62.88	300	1596
UniRef90_UPI0005F3FA3C	63.25	300	1421
UniRef90_UPI000359D00C	62.21	300	1709
UniRef90_B3RT13	56.25	300	302
UniRef90_UPI000572E930	62.38	300	1345
UniRef90_UPI00034F9B90	62.38	300	1276
UniRef90_E9HXW2	65.03	300	1502
UniRef90_UPI0002657E02	60.26	300	1593
UniRef90_F6UBN6	79.91	300	219
UniRef90_B4N8K5	61.27	300	1984
UniRef90_A0A091Q7T8	83.57	300	987
UniRef90_A0A0K8V795	58.92	300	1623
UniRef90_H2YE94	56.01	300	1242
UniRef90_B5DYR5	60.65	300	2244
UniRef90_H2YE93	56.01	300	1248
UniRef90_UPI0003EBF35A	78.57	300	1176
UniRef90_A0A0K8TY52	58.92	300	2150
UniRef90_H2YE92	56.65	300	1296
UniRef90_UPI0004F0DF62	77.98	300	412
UniRef90_P09208	60.65	300	2144
UniRef90_A0A0B7A3E7	58.05	300	719
UniRef90_B3M0T0	61.49	300	1880
UniRef90_W8BST3	57.96	300	2028
UniRef90_UPI0005229A36	73.93	300	918
UniRef90_I7FKL0	63.26	300	350
UniRef90_E5LDC0	73.00	300	430
UniRef90_UPI0005968DDE	58.28	300	2013
UniRef90_UPI00067484ED	56.81	300	975
UniRef90_F7EVG8	78.07	300	1063
UniRef90_A0A0A1WF79	58.28	300	2607
UniRef90_A0A0B6ZB22	64.82	300	349
UniRef90_UPI0006B72B8D	57.96	300	2598
UniRef90_A0A067RC78	61.84	300	1628
UniRef90_L5LDB6	77.88	300	330
UniRef90_A0A067RBV2	61.06	300	1365
UniRef90_UPI0005219802	74.68	300	758
UniRef90_G6DN48	59.09	300	1373
UniRef90_W4XKI8	55.19	300	733
UniRef90_UPI0004EFE1D8	80.00	300	824
UniRef90_F6SXU2	86.57	300	795
UniRef90_Q4S8B8	75.89	300	1656
UniRef90_UPI0003DF5E96	71.97	300	987
UniRef90_T1KLF3	57.68	300	829
UniRef90_A0A0C4UR07	59.20	300	1427
UniRef90_UPI0004542068	92.86	300	1160
UniRef90_UPI0006B1BC25	79.81	300	1025
UniRef90_UPI00065B7244	58.39	300	1858
UniRef90_UPI0005F082EE	55.19	300	1389
UniRef90_A0A085NFW6	57.38	300	1464
UniRef90_E2BKR9	57.38	300	1434
UniRef90_UPI00063F0063	97.04	300	1091
UniRef90_UPI00059BBCAE	57.72	300	1422
UniRef90_UPI0006409917	66.53	300	247
UniRef90_UPI0005D3F989	56.71	300	1427
UniRef90_Q9IA94	88.37	300	580
UniRef90_F4WZG2	57.72	300	1424
UniRef90_A0A0J7KIA3	55.70	300	1061
UniRef90_UPI0005F36D24	57.05	300	1418
UniRef90_UPI0005F04ADD	57.38	300	1412
UniRef90_UPI000626325F	57.38	300	1414
UniRef90_UPI00063F7AE3	57.05	300	1425
UniRef90_UPI000623A505	57.05	300	1427
UniRef90_E9IDZ2	57.72	300	1436
UniRef90_A0A026W008	58.05	300	1425
UniRef90_V5H1R5	66.13	300	288
UniRef90_A0A0A9XLS6	56.80	300	1284
UniRef90_J9K8T8	53.49	300	1486
UniRef90_UPI000626ACAC	56.04	300	1406
UniRef90_E5SRT3	55.03	300	1480
UniRef90_UPI000615354E	56.04	300	1420
UniRef90_Q9DDK5	87.21	300	584
UniRef90_UPI0006D4ED7F	55.48	300	1286
UniRef90_Q66XT2	66.67	300	227
UniRef90_UPI00022C884C	55.70	300	1420
UniRef90_UPI0006293502	55.70	300	1422
UniRef90_A0A088AP10	55.70	300	1439
UniRef90_UPI0004AA274E	54.28	300	1340
UniRef90_A0A0G2D946	64.17	300	749
UniRef90_A0A0L7QP05	54.67	300	1414
UniRef90_E9G4E1	52.29	300	1313
UniRef90_W4XKI7	59.23	300	941
UniRef90_D2A000	56.00	300	1389
UniRef90_UPI0006CEE83E	55.59	300	1390
UniRef90_A0A0N0U3X6	54.36	300	1670
UniRef90_W2TMS2	50.99	300	463
UniRef90_F6S8L3	98.68	300	786
UniRef90_T1HQC7	54.92	300	1249
UniRef90_UPI0004CC9029	52.49	300	1434
UniRef90_A0A0D8YAQ2	50.66	300	549
UniRef90_A0A0C9RT38	55.67	300	1391
UniRef90_UPI00064486BA	90.18	300	1294
UniRef90_UPI00064486BA	74.47	300	1294
UniRef90_F1KQS1	52.79	300	1442
UniRef90_E5S6L9	52.75	300	1455
UniRef90_UPI00055661E2	75.00	300	652
UniRef90_UPI0002B489B4	79.64	300	208
UniRef90_UPI000161D14D	52.10	300	600
UniRef90_O57441	82.63	300	580
UniRef90_A0A068F0Z0	51.32	300	1404
UniRef90_J9KAV0	49.66	300	1341
UniRef90_U6PCX0	51.32	300	1655
UniRef90_A0A016UMA1	50.99	300	1483
UniRef90_L7SX17	48.32	300	1426
UniRef90_Q9IAA1	78.49	300	587
UniRef90_L7T2G7	48.32	300	1464
UniRef90_A0A0N5B1S5	48.66	300	1452
UniRef90_A0A0D6MD84	53.26	300	295
UniRef90_Q9IA99	79.31	300	589
UniRef90_E2G4E5	49.66	300	1488
UniRef90_UPI00063ED3D0	94.85	300	214
UniRef90_Q99082	81.29	300	156
UniRef90_A0A0K0JPV4	52.10	300	1458
UniRef90_A0A0M3I7A9	56.59	300	679
UniRef90_Q0ZME0	78.88	300	257
UniRef90_A0A0N4ZXB7	49.33	300	1380
UniRef90_A0A0K0FBZ9	48.32	300	1505
UniRef90_B8YBH1	78.12	300	160
UniRef90_R7V7P0	46.93	300	311
UniRef90_UPI00051AE357	73.71	300	180
UniRef90_P00529	46.80	300	402
UniRef90_Q9GRH2	46.92	300	616
UniRef90_Q8QGM9	89.31	300	133
UniRef90_A0A067RFK4	48.75	300	2479
UniRef90_D6WAY5	49.30	300	2332
UniRef90_UPI00046C3856	49.30	300	2359
UniRef90_Q8QGM8	90.15	300	133
UniRef90_UPI0005285201	46.64	300	614
UniRef90_J9JT43	47.84	300	1280
UniRef90_UPI000529CF48	46.31	300	662
UniRef90_O76148	49.82	300	863
UniRef90_I6NEE7	44.63	300	648
UniRef90_UPI0004573393	49.47	300	940
UniRef90_B0WWC8	49.47	300	2500
UniRef90_UPI000398FE25	46.98	300	2300
UniRef90_A0A0L8GHW1	61.96	300	330
UniRef90_A0A087TFV6	67.65	300	289
UniRef90_T1EI15	45.10	300	276
UniRef90_A0A093GXL9	48.41	300	2303
UniRef90_Q5TUS8	50.92	300	2447
UniRef90_UPI0006CF17E3	49.64	300	2386
UniRef90_UPI0006988DD9	47.54	300	2843
UniRef90_B3XVW3	45.52	300	422
UniRef90_UPI0006989139	45.61	300	497
UniRef90_W5JQ09	49.82	300	931
UniRef90_Q170Z1	50.00	300	2073
UniRef90_A0A0A9Y5U0	50.00	300	1106
UniRef90_A0A091P2J7	45.79	300	1475
UniRef90_O57444	87.22	300	134
UniRef90_V4CNU0	47.83	300	2325
UniRef90_A0A093CH18	46.98	300	2311
UniRef90_O57442	87.22	300	134
UniRef90_UPI0006B0A96E	48.40	300	2599
UniRef90_UPI000520F001	46.64	300	700
UniRef90_UPI000333E4CD	94.03	300	1291
UniRef90_UPI000333E4CD	94.94	300	1291
UniRef90_Q9GRH1	44.98	300	614
UniRef90_A0A091G7L5	46.98	300	2271
UniRef90_UPI0003F0CF12	47.14	300	2346
UniRef90_UPI0005C39EE3	47.48	300	2568
UniRef90_V3ZP65	47.14	300	1278
UniRef90_G1SJ95	47.67	300	617
UniRef90_T1FXG9	44.56	300	298
UniRef90_F7ATD7	96.04	300	385
UniRef90_UPI0005217A88	87.13	300	542
UniRef90_K7GNV6	96.04	300	696
UniRef90_Q6Q2A2	93.73	300	403
UniRef90_A0A093JC77	89.07	300	1059
UniRef90_G9JVE7	83.17	300	548
UniRef90_UPI000441D0E5	86.47	300	608
UniRef90_G3W0M2	89.30	300	530
UniRef90_H3A6S8	86.14	300	838
UniRef90_UPI00049659DF	84.21	300	976
UniRef90_Q9PWN6	88.78	300	989
UniRef90_A0A093IE12	78.88	300	755
UniRef90_F7HRK0	95.71	300	1053
UniRef90_UPI00052E9501	89.11	300	1298
UniRef90_H3C1B3	85.20	300	1022
UniRef90_UPI0005CBC501	83.55	300	1040
UniRef90_A0A091M251	79.21	300	948
UniRef90_U6D221	96.37	300	1152
UniRef90_C0LU15	81.58	300	416
UniRef90_UPI0003EDFD8F	96.37	300	1084
UniRef90_A0A075IJV4	84.21	300	1083
UniRef90_M4AW90	85.20	300	1364
UniRef90_Q91776	77.23	300	609
UniRef90_A0A060XKT4	81.91	300	647
UniRef90_UPI0003C430DE	88.45	300	1348
UniRef90_F1NJT2	89.11	300	1360
UniRef90_G3RCY5	97.03	300	1229
UniRef90_H3DBQ6	84.16	300	1012
UniRef90_Q1LVG4	84.49	300	1348
UniRef90_W5M9H7	86.47	300	1365
UniRef90_L8Y6N1	96.04	300	1246
UniRef90_H2NX99	97.03	300	1305
UniRef90_UPI00045E3597	97.03	300	1338
UniRef90_UPI0005ACF597	95.71	300	1282
UniRef90_UPI0006523817	94.06	300	1140
UniRef90_UPI0005F4958F	97.03	300	1304
UniRef90_G3RQJ8	97.03	300	1356
UniRef90_O73845	80.92	300	476
UniRef90_U3K6Y5	79.21	300	1153
UniRef90_UPI0006B381B0	84.21	300	1368
UniRef90_G3SFD5	78.22	300	781
UniRef90_A0A0D9R902	97.03	300	1385
UniRef90_K9IVX0	94.72	300	1265
UniRef90_F7F370	89.77	300	1378
UniRef90_H2U2E9	84.54	300	1367
UniRef90_UPI0003C8E00E	96.04	300	1376
UniRef90_I3J076	83.50	300	1370
UniRef90_W5LAW4	85.81	300	1351
UniRef90_P06213	97.36	300	1382
UniRef90_W5K2A3	84.44	300	1359
UniRef90_UPI000331786E	92.74	300	1341
UniRef90_UPI000644DA74	84.21	300	1366
UniRef90_A0A091CWD8	95.05	300	1464
UniRef90_H2MWH4	83.55	300	1366
UniRef90_UPI00045494BA	79.21	300	1124
UniRef90_F6W873	79.54	300	1150
UniRef90_UPI00038324C2	79.21	300	1313
UniRef90_F6TEA3	85.15	300	1317
UniRef90_F1QNX5	84.11	300	1353
UniRef90_H2MUQ1	84.16	300	1345
UniRef90_H0ZEE4	79.21	300	1363
UniRef90_UPI0006252959	95.38	300	1457
UniRef90_P15127	94.06	300	1383
UniRef90_UPI000495A8CF	83.88	300	1372
UniRef90_UPI0004574A58	77.15	300	1355
UniRef90_UPI00032AE07F	92.08	300	1372
UniRef90_Q8UW86	83.55	300	1369
UniRef90_M3ZEC9	84.49	300	1357
UniRef90_I3KQM7	84.05	300	1370
UniRef90_UPI0004628428	87.13	300	1359
UniRef90_UPI0006B0A45D	79.33	300	1304
UniRef90_G1FG63	77.93	300	705
UniRef90_UPI0006441A88	82.45	300	1354
UniRef90_Q9PVZ4	83.50	300	1362
UniRef90_S7MU97	91.09	300	1328
UniRef90_G3P8C9	83.22	300	1366
UniRef90_UPI000495FAE1	84.11	300	1369
UniRef90_H3B6P5	73.58	300	323
UniRef90_A0A076FVY1	78.26	300	997
UniRef90_H9GDM3	78.22	300	1366
UniRef90_UPI0005F4B3A2	78.55	300	1298
UniRef90_F6SJA3	78.55	300	1361
UniRef90_A0A075IFK1	73.93	300	716
UniRef90_UPI0003B74301	74.26	300	799
UniRef90_A2IRM8	77.56	300	1363
UniRef90_UPI000443B2CD	91.42	300	1349
UniRef90_Q8UUY9	76.57	300	515
UniRef90_G1PWB2	77.56	300	1155
UniRef90_H2T2E6	81.85	300	1369
UniRef90_UPI0006440CE3	82.51	300	1362
UniRef90_UPI0003832649	71.57	300	454
UniRef90_P08069	78.22	300	1367
UniRef90_F7IPL8	77.26	300	1049
UniRef90_Q9IAA2	76.90	300	669
UniRef90_H2U2F0	78.22	300	1432
UniRef90_UPI00046BAF50	77.56	300	1186
UniRef90_O73798	76.90	300	1358
UniRef90_Q8UW85	83.83	300	1368
UniRef90_G3PXN2	82.51	300	1371
UniRef90_UPI00054C06E1	76.24	300	931
UniRef90_S4RW51	76.24	300	492
UniRef90_UPI00054E1297	82.18	300	1367
UniRef90_H2SJ16	76.24	300	1020
UniRef90_G1M922	72.09	300	408
UniRef90_UPI0006B70EF4	81.58	300	1379
UniRef90_UPI00059ADC92	71.62	300	553
UniRef90_Q3U1L4	78.00	300	1173
UniRef90_O73846	78.62	300	671
UniRef90_UPI000388EFF4	74.26	300	1321
UniRef90_W5LN71	76.90	300	1387
UniRef90_UPI0002C3038F	71.95	300	765
UniRef90_UPI00032AF127	76.64	300	1368
UniRef90_UPI000440B8F3	77.74	300	1414
UniRef90_V8PFA9	84.49	300	1356
UniRef90_I3J4B9	74.92	300	1427
UniRef90_W5NAY2	76.24	300	1180
UniRef90_UPI00053504E8	72.52	300	1178
UniRef90_H2U2F1	73.70	300	1431
UniRef90_A0A0G2ACT6	80.71	300	1382
UniRef90_S4RW56	74.43	300	309
UniRef90_UPI0006B3ABFF	75.25	300	1406
UniRef90_A0A091UK62	71.95	300	1237
UniRef90_UPI0003D0F3EE	73.60	300	1295
UniRef90_A0A087YCW9	74.59	300	1357
UniRef90_UPI0005111EAA	71.95	300	1246
UniRef90_H2URH4	75.25	300	1419
UniRef90_G5ARX9	72.59	300	1087
UniRef90_UPI0006EAE275	73.60	300	1317
UniRef90_G1NMZ5	72.61	300	1239
UniRef90_A0A0H3U450	77.59	300	1367
UniRef90_A7RLS3	69.46	300	301
UniRef90_M4AR44	74.26	300	1332
UniRef90_UPI000443DE3C	74.59	300	1404
UniRef90_H9KZZ2	71.62	300	1300
UniRef90_O73844	78.95	300	1024
UniRef90_UPI0006D92310	73.27	300	1316
UniRef90_U3JKD9	72.52	300	1301
UniRef90_UPI0003506F1B	71.62	300	1312
UniRef90_H3DPH8	76.24	300	1410
UniRef90_UPI0006BA2F89	72.19	300	1274
UniRef90_G3PPC2	75.25	300	1394
UniRef90_Q1LWJ4	76.49	300	1405
UniRef90_UPI0005CC57EF	77.56	300	1437
UniRef90_D2XMU0	69.64	300	399
UniRef90_UPI00042BF866	71.95	300	940
UniRef90_H2LX62	77.23	300	1404
UniRef90_UPI000643EEE9	74.26	300	1409
UniRef90_W5UAB0	75.91	300	1382
UniRef90_UPI000441E7CE	74.17	300	1272
UniRef90_UPI0003BBED65	72.28	300	1095
UniRef90_UPI000496D5A6	74.26	300	1411
UniRef90_A0A0H3V195	76.57	300	1419
UniRef90_H3D2Z2	75.00	300	1401
UniRef90_W5UHH9	77.23	300	1357
UniRef90_W5LQ10	76.57	300	1396
UniRef90_I3KD26	76.90	300	1418
UniRef90_H9GM91	74.26	300	1377
UniRef90_K7GG32	73.27	300	1343
UniRef90_UPI0006B3C06E	75.58	300	1412
UniRef90_Q9WTL4	73.27	300	1300
UniRef90_A0A090XCE8	75.91	300	1195
UniRef90_B0R0Q2	76.57	300	1380
UniRef90_UPI0006D738F8	72.28	300	1056
UniRef90_UPI000661C9E0	75.99	300	1473
UniRef90_Q4RWP2	72.86	300	1419
UniRef90_UPI0001D54D21	72.61	300	1207
UniRef90_UPI0006B16660	72.94	300	1349
UniRef90_Q8UW83	74.92	300	1418
UniRef90_A0A0G4DDB6	68.32	300	1403
UniRef90_UPI0004DFD668	72.28	300	1015
UniRef90_Q5DIB5	71.83	300	767
UniRef90_Q6PA47	72.61	300	1358
UniRef90_G3WV44	72.94	300	1308
UniRef90_UPI0003C4CA08	73.03	300	1267
UniRef90_G1PFZ5	72.28	300	1086
UniRef90_M3ZNG0	76.24	300	1416
UniRef90_F7DJH4	72.61	300	1285
UniRef90_UPI0003ACA344	71.62	300	1137
UniRef90_UPI0004D0A60D	85.38	300	529
UniRef90_W5P8Y4	72.28	300	1274
UniRef90_UPI00038C14E4	72.61	300	1279
UniRef90_A0A087TYT3	66.78	300	414
UniRef90_B5U451	65.58	300	1064
UniRef90_UPI0006267652	68.98	300	1699
UniRef90_A0A091D1L7	72.28	300	1312
UniRef90_UPI000644606A	74.92	300	1417
UniRef90_UPI0004E49059	72.94	300	1359
UniRef90_UPI000572DD42	71.95	300	1350
UniRef90_G9BCZ2	75.25	300	1419
UniRef90_UPI00053FF8C5	72.28	300	1345
UniRef90_F7H833	72.43	300	1269
UniRef90_A0A0A9YBR1	66.56	300	431
UniRef90_G3PII8	75.58	300	1413
UniRef90_UPI000644B0A0	75.58	300	1412
UniRef90_UPI000644A23D	75.91	300	1442
UniRef90_E2B4Y3	67.66	300	1408
UniRef90_P14616	72.28	300	1297
UniRef90_H2T2E9	70.66	300	1418
UniRef90_F7DS61	71.62	300	1299
UniRef90_UPI0003AB6E92	73.09	300	1372
UniRef90_UPI0005FBDF54	72.85	300	1329
UniRef90_Q8UW84	75.25	300	1412
UniRef90_UPI0005F4B403	73.42	300	1342
UniRef90_UPI000332F34F	70.63	300	1298
UniRef90_UPI000629522D	65.35	300	588
UniRef90_UPI0006B0834B	69.64	300	1483
UniRef90_V3ZZ12	64.90	300	1267
UniRef90_E0VXW7	67.33	300	1289
UniRef90_D6W7P5	68.42	300	1363
UniRef90_F4WE54	67.66	300	1413
UniRef90_A0A067QUW8	66.56	300	1506
UniRef90_C4A0B6	68.12	300	1336
UniRef90_G5BLP9	71.95	300	1298
UniRef90_UPI0003EDC245	71.95	300	1380
UniRef90_UPI00062624C3	67.66	300	1682
UniRef90_L9KB31	71.52	300	1248
UniRef90_UPI00063C192D	70.30	300	380
UniRef90_A0A0C4UQS4	67.55	300	1454
UniRef90_A0A026W1L5	66.67	300	1414
UniRef90_W4WTT0	67.66	300	1553
UniRef90_UPI0003C8E790	71.52	300	1279
UniRef90_UPI00067C611C	66.12	300	1444
UniRef90_M3XX99	71.62	300	1358
UniRef90_UPI0006793BD1	65.15	300	1453
UniRef90_UPI0005CEDEF3	67.99	300	1679
UniRef90_UPI0005D31601	67.66	300	1697
UniRef90_Q7YT64	63.55	300	804
UniRef90_UPI00063F5939	67.66	300	1706
UniRef90_UPI0006B0BC24	68.67	300	1475
UniRef90_UPI0006EB0188	65.47	300	1399
UniRef90_G3ER33	67.99	300	1702
UniRef90_E2A530	66.67	300	1515
UniRef90_A0A0K0PQK7	68.09	300	1398
UniRef90_O02466	67.40	300	1363
UniRef90_UPI0005D06BEC	66.34	300	1361
UniRef90_B7QM19	65.25	300	1458
UniRef90_UPI0005F3F424	67.99	300	1690
UniRef90_UPI0006977670	69.10	300	1534
UniRef90_L7LS43	65.46	300	1569
UniRef90_UPI0003F0AC33	69.64	300	1389
UniRef90_A0A0C9QS61	66.34	300	1658
UniRef90_L7M718	65.46	300	1588
UniRef90_L7LV88	65.46	300	1602
UniRef90_Q5DIB7	71.62	300	506
UniRef90_UPI0006D50520	66.67	300	1635
UniRef90_K7IZE9	66.01	300	1714
UniRef90_R7TZL3	63.75	300	1099
UniRef90_UPI0005ED814E	67.00	300	1701
UniRef90_UPI0002246D25	66.01	300	1759
UniRef90_UPI0004A2BB21	76.67	300	1260
UniRef90_UPI00062379B5	65.68	300	1631
UniRef90_H3AEG1	65.79	300	1170
UniRef90_UPI0006CECD24	64.45	300	1358
UniRef90_K9M126	64.36	300	1387
UniRef90_A0A0N0BDV4	65.35	300	1543
UniRef90_H1A432	72.86	300	387
UniRef90_A0A0A9YBQ5	66.56	300	1362
UniRef90_E9IL37	66.01	300	1386
UniRef90_A0A088AUM7	65.35	300	1498
UniRef90_E9I043	64.12	300	1349
UniRef90_W4VRQ3	65.12	300	1375
UniRef90_K1PS76	63.55	300	1516
UniRef90_UPI0005C3C8AF	63.55	300	1541
UniRef90_UPI0006D4E6A9	65.45	300	1360
UniRef90_R4IS90	62.62	300	1538
UniRef90_G2J5R2	65.35	300	1690
UniRef90_UPI0005CBDC1B	74.82	300	1384
UniRef90_B3RT16	63.61	300	449
UniRef90_UPI0003DEAFDD	65.35	300	1713
UniRef90_H2MII5	75.00	300	1407
UniRef90_V4AJ72	60.93	300	428
UniRef90_UPI0006151EDD	64.36	300	1584
UniRef90_UPI000528BF50	77.13	300	355
UniRef90_H9J2B7	63.27	300	1455
UniRef90_R4IJT3	60.90	300	2298
UniRef90_Q93105	63.33	300	1393
UniRef90_T1JFU0	66.13	300	1193
UniRef90_V4BID1	60.26	300	401
UniRef90_A0A0F8CY00	69.97	300	1383
UniRef90_Q7Q0F6	61.67	300	1318
UniRef90_H2SJ17	76.58	300	298
UniRef90_W5JGL8	64.00	300	1592
UniRef90_UPI000703EF82	71.57	300	1344
UniRef90_UPI0006C9B1DB	62.58	300	1821
UniRef90_S9X7I2	77.78	300	1042
UniRef90_UPI0006C97208	62.75	300	1818
UniRef90_UPI0006749435	63.79	300	1604
UniRef90_UPI0003BBD9E1	79.69	300	1298
UniRef90_UPI0004AACC10	64.92	300	1479
UniRef90_UPI000673A03E	62.34	300	2490
UniRef90_A0A084WIB4	61.00	300	1596
UniRef90_B4KBJ2	63.25	300	1852
UniRef90_Q25410	63.42	300	1607
UniRef90_Q4H3B8	59.46	300	465
UniRef90_UPI00042BF7C6	65.59	300	1341
UniRef90_G9K5W3	96.73	300	246
UniRef90_H2XNP4	59.46	300	479
UniRef90_UPI0003C3780C	59.55	300	2584
UniRef90_UPI00062AB308	64.80	300	1227
UniRef90_Q9NJV5	63.46	300	1671
UniRef90_B4JGW5	61.59	300	1884
UniRef90_B4LZ52	62.25	300	1966
UniRef90_H2YE91	58.78	300	468
UniRef90_A0A0L7R7M6	60.86	300	2337
UniRef90_UPI0003EC5E9A	77.13	300	520
UniRef90_A0A0M5J4I4	60.51	300	2083
UniRef90_P09208	59.05	300	2144
UniRef90_B4N8K5	59.37	300	1984
UniRef90_B5DYR5	59.05	300	2244
UniRef90_UPI000359D00C	61.20	300	1709
UniRef90_A0A0K8V795	57.55	300	1623
UniRef90_A0A0B7A3E7	57.91	300	719
UniRef90_U6CZC5	71.80	300	279
UniRef90_UPI000522B86E	78.46	300	493
UniRef90_A0A091HHG6	77.52	300	1202
UniRef90_UPI0002657E02	59.87	300	1593
UniRef90_W8BST3	56.60	300	2028
UniRef90_A0A0K8TY52	57.55	300	2150
UniRef90_UPI00067155B9	64.36	300	1499
UniRef90_UPI00067155B9	28.88	300	1499
UniRef90_B3M0T0	59.49	300	1880
UniRef90_UPI00045E1438	77.69	300	1407
UniRef90_A0A060WSI8	77.13	300	887
UniRef90_UPI0005968DDE	56.92	300	2013
UniRef90_UPI00045DC76E	78.29	300	1406
UniRef90_H2YE98	58.78	300	1207
UniRef90_B3RT14	56.86	300	295
UniRef90_H2YE97	58.78	300	1223
UniRef90_A0A0A1WF79	56.92	300	2607
UniRef90_H2YE95	58.78	300	1184
UniRef90_UPI00045E2E24	78.29	300	1444
UniRef90_UPI0006B35124	75.20	300	371
UniRef90_UPI00045D762F	78.29	300	1471
UniRef90_UPI0006B72B8D	56.60	300	2598
UniRef90_UPI0003AE1493	77.04	300	1344
UniRef90_UPI00067484ED	55.96	300	975
UniRef90_Q25197	63.25	300	1477
UniRef90_UPI0003AE5380	77.34	300	1283
UniRef90_B3RT13	55.63	300	302
UniRef90_UPI000529CF48	46.00	300	662
UniRef90_H2YE94	55.06	300	1242
UniRef90_H2YE93	55.06	300	1248
UniRef90_W4XKI8	54.87	300	733
UniRef90_E9G4Y0	63.19	300	1865
UniRef90_E9G4Y0	61.82	300	1865
UniRef90_H2YE92	55.06	300	1296
UniRef90_UPI0005285201	46.00	300	614
UniRef90_A0A0J7KIA3	54.49	300	1061
UniRef90_UPI000697381C	60.38	300	1279
UniRef90_UPI00059BBCAE	56.15	300	1422
UniRef90_E9HXW2	63.19	300	1502
UniRef90_UPI0005D3F989	55.15	300	1427
UniRef90_B5A5T2	79.25	300	240
UniRef90_E2BKR9	55.81	300	1434
UniRef90_UPI00063F7AE3	55.48	300	1425
UniRef90_F4WZG2	55.81	300	1424
UniRef90_A0A067RC78	60.86	300	1628
UniRef90_UPI0005F04ADD	55.48	300	1412
UniRef90_UPI0005F36D24	55.48	300	1418
UniRef90_UPI000623A505	55.48	300	1427
UniRef90_UPI000520F001	45.33	300	700
UniRef90_A0A0B6ZB22	63.64	300	349
UniRef90_P00529	46.94	300	402
UniRef90_E9IDZ2	55.81	300	1436
UniRef90_UPI000626325F	55.48	300	1414
UniRef90_UPI00065B7244	57.53	300	1858
UniRef90_A0A0C4UR07	57.86	300	1427
UniRef90_W2TMS2	50.66	300	463
UniRef90_UPI00022C884C	54.15	300	1420
UniRef90_A0A067RBV2	59.74	300	1365
UniRef90_UPI000615354E	54.49	300	1420
UniRef90_UPI000626ACAC	54.15	300	1406
UniRef90_G1SJ95	46.62	300	617
UniRef90_UPI0005F082EE	54.87	300	1389
UniRef90_UPI0002C30694	95.56	300	543
UniRef90_I7FKL0	61.42	300	350
UniRef90_E5LDC0	71.73	300	430
UniRef90_A0A087Y134	42.81	300	553
UniRef90_A0A0D8YAQ2	50.33	300	549
UniRef90_A0A0L7QP05	53.49	300	1414
UniRef90_A0A026W008	56.48	300	1425
UniRef90_A0A088AP10	53.82	300	1439
UniRef90_A0A085NFW6	57.19	300	1464
UniRef90_UPI00052957AE	43.01	300	679
UniRef90_UPI0006293502	53.82	300	1422
UniRef90_T1KLF3	55.97	300	829
UniRef90_R7V7P0	46.43	300	311
UniRef90_W5L2L7	44.25	300	645
UniRef90_UPI0003C2A9A1	44.60	300	983
UniRef90_I1X3U7	43.46	300	693
UniRef90_I3KTZ6	43.25	300	739
UniRef90_A0A091JMF1	78.39	300	1133
UniRef90_B6EXY5	43.46	300	671
UniRef90_H2TKR6	42.91	300	481
UniRef90_UPI00051EFD96	78.21	300	1017
UniRef90_A9YLN7	43.46	300	796
UniRef90_M4A3X1	42.81	300	710
UniRef90_J9K8T8	52.33	300	1486
UniRef90_UPI000523ED1C	43.01	300	850
UniRef90_UPI00052993D0	43.06	300	650
UniRef90_UPI0004573393	49.12	300	940
UniRef90_A0A093FH40	45.33	300	1176
UniRef90_UPI000161D14D	48.72	300	600
UniRef90_A0A060X4W3	43.60	300	710
UniRef90_UPI00063C8266	43.01	300	979
UniRef90_V8P5B3	42.66	300	619
UniRef90_I3N650	45.15	300	726
UniRef90_I3M8B5	45.15	300	806
UniRef90_UPI00046B5606	44.82	300	822
UniRef90_A0A097F6U9	43.46	300	700
UniRef90_K7FUL4	42.31	300	813
UniRef90_UPI0004F43FFC	78.38	300	249
UniRef90_Q8TDJ5	43.46	300	803
UniRef90_UPI0006B1432D	42.45	300	785
UniRef90_H0ZKT0	43.53	300	909
UniRef90_C3Y0F2	43.21	300	820
UniRef90_H2TKR4	42.91	300	727
UniRef90_A0A093CH18	46.67	300	2311
UniRef90_UPI000398FE25	46.67	300	2300
UniRef90_F7DDR7	43.46	300	769
UniRef90_H2U9N1	44.29	300	799
UniRef90_F1MQH1	43.46	300	796
UniRef90_UPI00065E4150	43.01	300	1066
UniRef90_A0A093PL20	43.53	300	909
UniRef90_A0A091GVM6	43.17	300	710
UniRef90_UPI00065E1670	43.01	300	1130
UniRef90_A0A091G7L5	46.67	300	2271
UniRef90_UPI000549DD93	43.53	300	1008
UniRef90_A0A0G1ZPC9	43.21	300	867
UniRef90_A0A091P2J7	45.48	300	1475
UniRef90_A0A067RFK4	48.75	300	2479
UniRef90_H0Z4U7	43.01	300	1132
UniRef90_U3K981	45.33	300	2316
UniRef90_H2MKV4	44.29	300	799
UniRef90_G5EKE5	43.46	300	811
UniRef90_A9YLN6	46.79	300	621
UniRef90_Q4SK07	43.64	300	1084
UniRef90_A0A091GTH7	43.01	300	1136
UniRef90_A0A093GXL9	47.74	300	2303
UniRef90_UPI00062ABF87	69.11	300	1318
UniRef90_UPI000441FF55	43.01	300	931
UniRef90_UPI0004EFB442	45.00	300	2131
UniRef90_A6P4T4	43.46	300	1059
UniRef90_A0A091HJX9	43.01	300	1125
UniRef90_A0A091WBP1	42.66	300	1135
UniRef90_A0A091RP86	46.00	300	2310
UniRef90_F1M0B3	43.31	300	577
UniRef90_G1NFE1	43.53	300	1109
UniRef90_C1PHA0	43.46	300	1082
UniRef90_R7UWH5	40.67	300	391
UniRef90_E3WH17	43.46	300	814
UniRef90_A0A0N0U3X6	53.16	300	1670
UniRef90_G3H100	43.75	300	607
UniRef90_C1PHA1	43.46	300	1105
UniRef90_F6UBP5	44.04	300	1160
UniRef90_D6WAY5	49.29	300	2332
UniRef90_UPI00046C3856	49.29	300	2359
UniRef90_UPI0006D910C7	43.68	300	974
UniRef90_A0A093J8I7	43.01	300	1133
UniRef90_A0A099Z2B4	43.01	300	1135
UniRef90_M7B8D2	43.71	300	1174
UniRef90_J7MA22	43.46	300	1129
UniRef90_UPI000440C5EE	43.69	300	1136
UniRef90_E5SRT3	54.85	300	1480
UniRef90_U3K9V0	43.01	300	1211
UniRef90_H2U9M7	44.29	300	1155
UniRef90_H3CU28	43.15	300	1154
UniRef90_U3IWZ9	43.88	300	1295
UniRef90_A9YLN5	46.79	300	724
UniRef90_A0A093CFQ4	43.17	300	712
UniRef90_M1VE83	46.79	300	643
UniRef90_UPI0004419CC8	41.73	300	992
UniRef90_UPI0003F0CF12	45.95	300	2346
UniRef90_P08923-3	43.97	300	637
UniRef90_G1PGV5	43.46	300	1179
UniRef90_F8W3R9	43.49	300	1181
UniRef90_F1KQS1	52.29	300	1442
UniRef90_A0A091QD99	45.15	300	2307
UniRef90_UPI00052364E3	45.00	300	2312
UniRef90_A0A068F0Z0	50.99	300	1404
UniRef90_L8YGV8	43.46	300	1151
UniRef90_G1KIG5	43.01	300	1198
UniRef90_W5QEC2	43.46	300	1012
UniRef90_U3I391	46.00	300	2320
UniRef90_UPI0003AF21BA	43.46	300	1112
UniRef90_UPI0005341E1D	43.53	300	1270
UniRef90_M1VKI3	46.79	300	746
UniRef90_F6T051	43.21	300	825
UniRef90_A0A093HQ73	45.00	300	2306
UniRef90_H2U9M9	44.29	300	1211
UniRef90_H2TKR5	42.76	300	1039
UniRef90_U3JU95	43.53	300	1302
UniRef90_M1V481	43.46	300	1240
UniRef90_W5NBY0	44.29	300	1502
UniRef90_F6YBY8	44.24	300	952
UniRef90_UPI00034FE52E	44.04	300	1314
UniRef90_UPI0002C6549F	42.86	300	892
UniRef90_A0A091J2B6	43.53	300	911
UniRef90_UPI00052975FC	45.33	300	2309
UniRef90_UPI00063F1CE5	43.17	300	827
UniRef90_G1KPC7	42.81	300	1199
UniRef90_A0A0A9Y5U0	49.30	300	1106
