UniRef90_P45741	100.00	362	409
UniRef90_UPI0003150DBF	80.33	362	406
UniRef90_A0A0E1L0H3	50.69	362	404
UniRef90_UPI00038036A9	50.82	362	403
UniRef90_B7KC44	38.75	362	424
UniRef90_F4XTE5	34.78	362	460
UniRef90_UPI00034A1EA0	33.33	362	464
UniRef90_Q3JMI6	35.99	362	585
UniRef90_Q2T5P7	35.36	362	476
UniRef90_A0A0B6RYI3	34.71	362	475
UniRef90_UPI0006C8DE56	31.94	362	411
UniRef90_W1IYT3	31.68	362	412
UniRef90_G8JYQ1	31.99	362	439
UniRef90_G0VRJ7	32.93	362	393
UniRef90_UPI0004CD1AD6	30.53	362	412
UniRef90_A0A0D6L4Q5	37.63	362	197
UniRef90_UPI0004E2266C	28.70	362	342
UniRef90_S7HKK9	32.49	362	267
UniRef90_B9R3A9	29.29	362	504
UniRef90_A0A0C1YJZ0	30.96	362	500
UniRef90_UPI000495A94E	27.57	362	418
UniRef90_UPI0005559547	24.45	362	335
UniRef90_G7DGT8	28.15	362	369
UniRef90_D3VJA8	36.67	362	184
UniRef90_UPI000462DE8F	27.15	362	367
UniRef90_K9J8H7	26.74	362	356
UniRef90_D2V4Z5	26.74	362	1025
UniRef90_D0LUQ4	26.01	362	409
UniRef90_A0A0K1ECY2	24.87	362	472
UniRef90_P45741	100.00	362	409
UniRef90_UPI0003150DBF	80.33	362	406
UniRef90_A0A0E1L0H3	50.69	362	404
UniRef90_UPI00038036A9	50.82	362	403
UniRef90_B7KC44	38.48	362	424
UniRef90_UPI00034A1EA0	32.26	362	464
UniRef90_F4XTE5	33.97	362	460
UniRef90_Q3JMI6	35.07	362	585
UniRef90_Q2T5P7	34.25	362	476
UniRef90_A0A0B6RYI3	33.06	362	475
UniRef90_UPI0006C8DE56	31.03	362	411
UniRef90_W1IYT3	30.77	362	412
UniRef90_G8JYQ1	31.45	362	439
UniRef90_G0VRJ7	32.23	362	393
UniRef90_UPI0004CD1AD6	29.86	362	412
UniRef90_UPI0004E2266C	28.03	362	342
UniRef90_B9R3A9	27.72	362	504
UniRef90_A0A0C1YJZ0	27.69	362	500
UniRef90_UPI0005559547	24.03	362	335
UniRef90_UPI000495A94E	24.36	362	418
UniRef90_S7HKK9	31.36	362	267
UniRef90_G7DGT8	25.79	362	369
UniRef90_A0A0D6L4Q5	37.44	362	197
UniRef90_A0A0K1ECY2	24.24	362	472
UniRef90_D0LUQ4	24.49	362	409
UniRef90_UPI000462DE8F	20.86	362	367
UniRef90_K9J8H7	23.73	362	356
UniRef90_A0A0A6PI00	22.14	362	402
UniRef90_D2V4Z5	23.73	362	1025
UniRef90_Q08W47	21.75	362	422
UniRef90_S9P434	17.88	362	420
UniRef90_A0A084SUM7	21.27	362	416
UniRef90_A0A017SYG3	20.51	362	498
UniRef90_A0A0G2ZS26	20.56	362	402
UniRef90_S4XU57	23.14	362	460
UniRef90_D3VJA8	32.02	362	184
UniRef90_A0A085WN91	19.95	362	417
UniRef90_A0A0D6MGN8	22.86	362	406
UniRef90_A0A0F7BLE5	20.89	362	392
UniRef90_F8CQU5	20.37	362	394
UniRef90_Q1D3T2	19.06	362	418
UniRef90_A0A0H4WVV6	18.65	362	368
UniRef90_H8MJI3	18.83	362	402
UniRef90_L7UGV0	20.20	362	405
UniRef90_Q091K4	19.69	362	467
UniRef90_A9FXS4	21.13	362	466
UniRef90_Q315F8	20.80	362	456
UniRef90_A0A0D6MK56	21.41	362	485
UniRef90_F3S9K2	19.74	362	520
UniRef90_UPI0006894DF5	20.05	362	512
UniRef90_A0A0N1N4P9	18.90	362	503
UniRef90_Q08PB5	16.98	362	445
UniRef90_V3TIC1	20.05	362	521
UniRef90_W6J0V1	18.41	362	521
UniRef90_UPI00068421F4	32.32	362	134
UniRef90_F3ZVM0	17.43	362	438
UniRef90_S4YS45	18.30	362	521
UniRef90_I1GBU3	18.81	362	464
UniRef90_UPI00046FF181	16.97	362	434
UniRef90_S7J1X9	35.29	362	121
UniRef90_UPI000519F0D6	18.93	362	426
UniRef90_G2MQS6	18.54	362	414
UniRef90_UPI0006FF83C1	17.96	362	436
UniRef90_H6TI88	17.30	362	427
UniRef90_L0K880	16.49	362	428
UniRef90_A0A0K2SHI3	19.01	362	414
UniRef90_UPI000479E5A3	17.38	362	429
UniRef90_A0A0J0V1W1	18.48	362	422
UniRef90_E0DD32	17.80	362	420
UniRef90_UPI000571E7B8	15.71	362	436
UniRef90_D9TMQ4	18.34	362	428
UniRef90_UPI0003080DF6	18.21	362	423
UniRef90_UPI0006855C06	20.35	362	409
UniRef90_UPI0003690D3C	18.59	362	425
UniRef90_I0V879	16.33	362	428
UniRef90_A0A0F7N2K9	19.57	362	419
UniRef90_K9T6G2	19.10	362	436
UniRef90_K9WGD6	20.21	362	422
UniRef90_UPI00058B3D53	15.38	362	425
UniRef90_UPI00036739CB	16.41	362	429
UniRef90_F3ZZ55	18.96	362	438
UniRef90_A0A095YJY4	18.55	362	419
UniRef90_UPI0005CD8E09	17.92	362	423
UniRef90_A0A016XL68	15.38	362	435
UniRef90_UPI00048B91C5	15.49	362	458
UniRef90_UPI00055D7C4E	19.89	362	423
UniRef90_E6J5S0	19.32	362	422
UniRef90_C0D6R7	17.22	362	432
UniRef90_UPI0005F01228	17.37	362	416
UniRef90_UPI00030810EB	18.57	362	434
UniRef90_A0A0B5DA75	19.03	362	423
UniRef90_C2GGZ7	16.86	362	420
UniRef90_UPI00029A628A	20.17	362	423
UniRef90_A0A0M2PRQ8	17.60	362	412
UniRef90_A0A095YAN9	18.96	362	418
UniRef90_UPI0005C8BCCD	18.10	362	429
UniRef90_A0A0G3GV96	18.42	362	427
UniRef90_UPI00067E835D	16.27	362	422
UniRef90_A0A0J6VUN4	15.94	362	457
UniRef90_UPI00055D650A	20.80	362	424
UniRef90_C2CQI8	18.85	362	431
UniRef90_A0A0F7FSG7	16.34	362	423
UniRef90_UPI000403D372	17.26	362	438
UniRef90_UPI0003746F24	17.77	362	419
UniRef90_A0A0D8ZNZ9	19.59	362	420
UniRef90_K6UM64	17.86	362	429
UniRef90_I0RHP5	16.52	362	452
UniRef90_A0A074MAS9	18.00	362	431
UniRef90_V9XI37	18.99	362	427
UniRef90_A0A0F5LPL3	15.34	362	436
UniRef90_R4K2K3	18.57	362	425
UniRef90_A0A081EMY8	15.60	362	427
UniRef90_UPI0006E32FA3	19.66	362	424
UniRef90_UPI0002DE77C1	19.06	362	428
UniRef90_D3T701	17.70	362	428
UniRef90_UPI0003A67F6B	15.86	362	424
UniRef90_A0A0A7U0X1	17.50	362	411
UniRef90_K9XIZ3	18.13	362	418
UniRef90_UPI00066164FC	17.68	362	419
UniRef90_UPI0006E3A426	20.56	362	425
UniRef90_L8P7G0	19.71	362	406
UniRef90_A0A0E4A8V4	16.21	362	450
UniRef90_A0A075TU58	17.55	362	426
UniRef90_M1MVF8	16.67	362	425
UniRef90_B1VF82	17.65	362	417
UniRef90_K9TP32	17.66	362	421
UniRef90_A0A0N0NFX9	19.71	362	422
UniRef90_A0A072SLM1	20.63	362	413
UniRef90_UPI0006848E11	14.78	362	460
UniRef90_A1ULC6	13.74	362	455
UniRef90_B8HWH1	16.95	362	417
UniRef90_D9X0S8	19.77	362	441
UniRef90_A0A0A3KHN0	16.36	362	434
UniRef90_A0A0B8NFK5	19.01	362	409
UniRef90_F6EPD8	18.73	362	419
UniRef90_A1SGJ9	17.71	362	424
UniRef90_UPI00047C0B41	20.75	362	423
UniRef90_UPI000464169B	17.65	362	421
UniRef90_UPI0003A305F0	16.83	362	463
UniRef90_V9XL74	14.98	362	451
UniRef90_A0A0D5AEL4	14.98	362	444
UniRef90_G8RNV5	16.81	362	455
UniRef90_A0A0D6IZJ1	13.55	362	447
UniRef90_A0A0M2ZQW6	14.37	362	448
UniRef90_A0A022LPU2	18.90	362	424
UniRef90_UPI000485546F	18.08	362	425
UniRef90_X5L1K3	13.55	362	450
UniRef90_UPI000369EECD	17.78	362	444
UniRef90_UPI000374A9ED	16.13	362	428
UniRef90_UPI0002FF46AB	17.91	362	423
UniRef90_C0XV47	14.40	362	428
UniRef90_A0A0M9Y2A0	19.77	362	422
UniRef90_A8GE58	16.72	362	416
UniRef90_Q9K6N8	19.06	362	420
UniRef90_M2WCP7	16.00	362	427
UniRef90_UPI0004917380	14.37	362	447
UniRef90_G7CH00	13.49	362	440
UniRef90_G2G6V5	19.66	362	422
UniRef90_R7WNH5	17.38	362	423
UniRef90_A0A0M4MDL6	16.96	362	456
UniRef90_UPI00066C0E7C	15.92	362	419
UniRef90_A0A0C3N440	16.76	362	442
UniRef90_A9BXE9	15.00	362	436
UniRef90_UPI0007033F2C	18.03	362	413
