UniRef90_A0A0H9IE19	93.68	427	400
UniRef90_A8AIH5	91.80	427	427
UniRef90_P07637	89.46	427	427
UniRef90_V5CN03	87.35	427	427
UniRef90_P24497	88.52	427	427
UniRef90_A0A089PQ21	87.82	427	427
UniRef90_A0A0L0AMB8	87.12	427	427
UniRef90_A0A071LV85	87.12	427	427
UniRef90_A0A0L7TC51	85.71	427	427
UniRef90_A0A0J8VJA4	87.79	427	428
UniRef90_A7MES7	86.62	427	428
UniRef90_A0A0J8YJ95	86.62	427	428
UniRef90_I2BAP2	86.62	427	428
UniRef90_D8MQC5	85.48	427	428
UniRef90_A0A089UFD5	87.59	427	427
UniRef90_UPI0004685F1F	83.57	427	428
UniRef90_E6WC88	84.74	427	428
UniRef90_H2IRK5	82.67	427	427
UniRef90_D4GNG7	83.57	427	434
UniRef90_UPI00065F7D7A	83.80	427	428
UniRef90_E1SID2	84.27	427	428
UniRef90_H5UX32	86.38	427	428
UniRef90_A0A075L0G8	100.00	427	353
UniRef90_I0QU35	82.67	427	427
UniRef90_A0A085GJF3	81.97	427	427
UniRef90_A0A014LW13	83.57	427	428
UniRef90_UPI00054ECAA0	83.73	427	428
UniRef90_A0A0A1B624	83.33	427	428
UniRef90_UPI000377F52B	82.86	427	428
UniRef90_A0A095TA28	80.66	427	427
UniRef90_D2C1I8	83.29	427	429
UniRef90_B2VC79	81.92	427	428
UniRef90_A0A085JC05	79.72	427	426
UniRef90_P19688	81.50	427	428
UniRef90_A8GCH1	81.73	427	428
UniRef90_D4I088	81.22	427	428
UniRef90_B2Q1M1	79.01	427	424
UniRef90_A0A097R0X7	79.53	427	426
UniRef90_UPI0004A3B931	79.48	427	426
UniRef90_A0A0G3CRR7	79.86	427	428
UniRef90_A0A0G4K2A9	80.80	427	429
UniRef90_A0A0M2KL65	80.99	427	428
UniRef90_UPI00041EA372	79.39	427	428
UniRef90_A0A0J9BKQ7	78.59	427	427
UniRef90_Q6D401	82.20	427	429
UniRef90_V3TTC8	81.41	427	429
UniRef90_Q1CA73	80.33	427	428
UniRef90_A0A0H2QEW8	78.35	427	425
UniRef90_C6C7T4	81.18	427	429
UniRef90_A0A0A7RZT3	78.01	427	431
UniRef90_A0A080KH32	78.12	427	426
UniRef90_X2H787	77.88	427	426
UniRef90_Q8RLV9	77.41	427	428
UniRef90_B6XBX7	79.29	427	425
UniRef90_A0A085HKW4	77.05	427	428
UniRef90_E9CL64	79.16	427	428
UniRef90_B4ET25	79.34	427	428
UniRef90_Q7N6D5	77.88	427	428
UniRef90_G7LL29	81.03	427	429
UniRef90_A0A094VTI2	78.59	427	428
UniRef90_UPI0005514A6D	76.06	427	428
UniRef90_UPI0003AA52C9	81.91	427	400
UniRef90_A0A090RB71	78.40	427	426
UniRef90_W1J9L5	79.25	427	427
UniRef90_Q2NUA9	76.35	427	435
UniRef90_A0A0J1HBK7	77.23	427	426
UniRef90_D3UWX2	79.06	427	428
UniRef90_UPI00047E1A24	81.26	427	429
UniRef90_A0A0C5WCD5	76.06	427	455
UniRef90_A0A0I1D364	99.68	427	314
UniRef90_E3BQI3	72.77	427	426
UniRef90_UPI0003F614B2	73.58	427	427
UniRef90_UPI0003188460	75.82	427	427
UniRef90_A0A0J1KAP1	75.35	427	426
UniRef90_U4K6C9	75.35	427	426
UniRef90_A0A0F5VEN5	75.18	427	427
UniRef90_UPI000490E841	74.59	427	427
UniRef90_UPI0002FA000D	75.12	427	426
UniRef90_R8APA3	74.77	427	433
UniRef90_F9T4B3	75.29	427	426
UniRef90_Q9KRB0	75.35	427	426
UniRef90_A0A090S5A8	75.41	427	427
UniRef90_D4F721	75.89	427	429
UniRef90_A0A0H2QUT1	74.35	427	425
UniRef90_Q6LPE1	73.60	427	428
UniRef90_B7VM38	73.41	427	426
UniRef90_U3B881	74.18	427	426
UniRef90_Q5E3Z0	74.12	427	426
UniRef90_A6Q7Q0	72.71	427	427
UniRef90_Q1ZKQ1	74.82	427	426
UniRef90_UPI0003FA57A3	73.32	427	433
UniRef90_F0LSG1	73.71	427	426
UniRef90_A0A0B8QNE0	74.58	427	427
UniRef90_UPI0002EAD30C	73.71	427	426
UniRef90_E8MBW8	73.65	427	426
UniRef90_UPI0002D681E7	73.47	427	427
UniRef90_UPI0004666372	74.06	427	433
UniRef90_U3U6U3	70.52	427	428
UniRef90_Q87QX9	72.24	427	426
UniRef90_A0A0L7YYB0	72.77	427	426
UniRef90_A0A0D8Q712	74.82	427	426
UniRef90_R9PKR2	73.00	427	426
UniRef90_Q8VP65	73.71	427	426
UniRef90_Q7MJ45	72.90	427	428
UniRef90_Q9X4H2	74.70	427	428
UniRef90_F9R8F8	74.88	427	431
UniRef90_UPI000393E696	73.83	427	431
UniRef90_F7YKU8	73.47	427	471
UniRef90_UPI00036562A1	71.56	427	430
UniRef90_D0I6S1	71.90	427	427
UniRef90_A0A088MY76	72.24	427	431
UniRef90_I2NJI3	71.16	427	435
UniRef90_UPI00041255EC	71.10	427	430
UniRef90_A0A099LRQ8	71.26	427	428
UniRef90_I2K9F3	71.06	427	426
UniRef90_H3ZA11	71.13	427	426
UniRef90_A0A0F5ATA4	72.24	427	428
UniRef90_A6FF48	71.43	427	427
UniRef90_A1STZ0	70.73	427	428
UniRef90_A6VMU5	72.35	427	433
UniRef90_Q04570	70.21	427	440
UniRef90_UPI000470E18D	71.29	427	426
UniRef90_A0A0E3V2X7	70.67	427	445
UniRef90_W7QG98	70.24	427	428
UniRef90_R4I1D1	69.56	427	427
UniRef90_F9QAS1	71.33	427	429
UniRef90_A0A0F5ERU9	72.49	427	430
UniRef90_UPI000363FFB7	70.57	427	426
UniRef90_Q65S78	70.83	427	433
UniRef90_F5Z839	70.05	427	426
UniRef90_J4TTY8	71.63	427	432
UniRef90_I1DYS6	69.41	427	426
UniRef90_N9VHA9	72.30	427	427
UniRef90_UPI0004242D3E	69.18	427	426
UniRef90_C4LEG3	71.66	427	427
UniRef90_UPI0004191810	70.19	427	425
UniRef90_C5WD27	71.16	427	445
UniRef90_A3N063	71.69	427	432
UniRef90_F7NWI2	71.03	427	428
UniRef90_A0A011LXA4	72.33	427	432
UniRef90_E6KYU3	70.60	427	436
UniRef90_H2FWM8	71.60	427	428
UniRef90_A0A0M2V781	70.17	427	426
UniRef90_M4U4R9	68.85	427	429
UniRef90_I3D7N3	70.28	427	433
UniRef90_Q15T04	69.43	427	429
UniRef90_Q03421	71.33	427	432
UniRef90_UPI00037943A5	67.21	427	428
UniRef90_E0WV00	68.47	427	429
UniRef90_E1W6A8	70.23	427	432
UniRef90_UPI0006696947	68.13	427	440
UniRef90_UPI0003B6A07F	70.47	427	430
UniRef90_UPI00036706D0	68.31	427	426
UniRef90_A0A0J5P7L8	71.06	427	433
UniRef90_UPI000375A729	69.93	427	432
UniRef90_UPI0004E199E5	69.45	427	425
UniRef90_C9PRU9	69.82	427	440
UniRef90_K6Y9D3	69.25	427	426
UniRef90_A0A0A2YFU3	68.36	427	432
UniRef90_A0A0M2VN48	69.45	427	432
UniRef90_U3AHF9	72.21	427	426
UniRef90_E1STN0	69.43	427	427
UniRef90_UPI000509C68E	69.83	427	429
UniRef90_UPI00050994C6	70.86	427	430
UniRef90_B0TT43	68.41	427	426
UniRef90_Q482G5	68.47	427	426
UniRef90_M4R8B0	69.84	427	431
UniRef90_W1EJL8	88.85	427	314
UniRef90_UPI000477DC5E	67.45	427	427
UniRef90_B1KF47	67.53	427	426
UniRef90_Q12NE1	67.52	427	428
UniRef90_Q0I320	69.61	427	432
UniRef90_K0CYA2	69.36	427	428
UniRef90_UPI0003F96D4C	67.37	427	426
UniRef90_A1S6D3	67.14	427	428
UniRef90_K7A8S7	68.78	427	426
UniRef90_UPI0003F6582B	68.31	427	426
UniRef90_P54220	70.07	427	432
UniRef90_Q081U4	66.43	427	426
UniRef90_Q8EEH8	67.69	427	426
UniRef90_A0A0A3BB99	69.53	427	435
UniRef90_A0A0J8H186	67.38	427	429
UniRef90_UPI00048C878C	67.06	427	426
UniRef90_A3QEC0	67.14	427	426
UniRef90_UPI0004194942	69.41	427	427
UniRef90_S6HH62	66.67	427	426
UniRef90_UPI00066822A6	69.00	427	432
UniRef90_UPI00035C6320	66.12	427	426
UniRef90_K6WWR9	69.95	427	426
UniRef90_UPI0006D6558D	65.41	427	426
UniRef90_Q492S6	65.65	427	432
UniRef90_UPI0006C7ED1D	67.45	427	426
UniRef90_B8CMH2	66.51	427	426
UniRef90_G4QGU6	67.37	427	426
UniRef90_S6HS89	65.73	427	426
UniRef90_UPI0003F84CD1	66.98	427	426
UniRef90_UPI00048A5DCF	67.61	427	426
UniRef90_A0A081FWJ4	66.20	427	425
UniRef90_UPI0002558F94	64.08	427	426
UniRef90_A0A0H5C5G0	64.32	427	434
UniRef90_B8D9A1	62.74	427	427
UniRef90_A0A0C5VVD7	63.92	427	426
UniRef90_UPI00037EF038	66.90	427	428
UniRef90_Q1LTL1	65.33	427	428
UniRef90_G2LN25	62.74	427	427
UniRef90_UPI0003702460	67.68	427	427
UniRef90_UPI0004708276	64.71	427	426
UniRef90_A0A090BWF3	62.68	427	431
UniRef90_A0A081NE81	64.68	427	425
UniRef90_A6VXX9	65.96	427	425
UniRef90_A0A0K6IK41	66.43	427	425
UniRef90_A0A094JGT2	66.27	427	427
UniRef90_UPI0000E0F9F7	67.37	427	426
UniRef90_A0A0E3U4Q6	64.15	427	428
UniRef90_A3YDY9	64.10	427	430
UniRef90_F2K281	65.49	427	425
UniRef90_A0A0F9WIQ5	65.31	427	431
UniRef90_F6CSD1	64.40	427	426
UniRef90_UPI00046FB267	63.15	427	427
UniRef90_A0A099PCD0	64.87	427	430
UniRef90_UPI00059F8F6F	63.00	427	427
UniRef90_A0A0M6W9M4	61.65	427	430
UniRef90_Q03321	66.82	427	427
UniRef90_A0A0E3U3F1	61.65	427	434
UniRef90_W0P4S7	62.68	427	429
UniRef90_UPI00037B434C	63.08	427	428
UniRef90_UPI0003F96E11	63.00	427	428
UniRef90_UPI0006B61803	63.53	427	428
UniRef90_C4K4D4	62.41	427	428
UniRef90_A0A0A7EG75	61.03	427	425
UniRef90_A0A0M3RSC5	59.72	427	427
UniRef90_A0A063Y3E6	63.70	427	427
UniRef90_Q59178	63.98	427	428
UniRef90_UPI00040D168B	67.21	427	427
UniRef90_Q7VLN9	64.10	427	435
UniRef90_A4C9P9	62.76	427	425
UniRef90_A0A0F4P799	64.08	427	426
UniRef90_UPI00048501AF	64.55	427	425
UniRef90_H5T9S4	62.90	427	435
UniRef90_A0A0F4PUE9	64.32	427	426
UniRef90_U1KLN0	61.88	427	426
UniRef90_UPI0004E0D053	61.56	427	424
UniRef90_UPI0005AB842C	60.71	427	424
UniRef90_P59416	59.72	427	427
UniRef90_B8F3Y9	69.23	427	385
UniRef90_E8Q684	59.58	427	441
UniRef90_A0A084CPM7	59.39	427	426
UniRef90_W9V1C9	63.36	427	433
UniRef90_Q7VR41	59.53	427	433
UniRef90_A4BFT0	61.27	427	437
UniRef90_L8D8I6	61.74	427	426
UniRef90_A0A0F4QU10	61.50	427	425
UniRef90_W1FTW4	89.08	427	312
UniRef90_Q057N6	54.57	427	435
UniRef90_B9Z6U4	62.56	427	429
UniRef90_Q3ILA2	61.74	427	425
UniRef90_A0A0F6AE02	61.27	427	426
UniRef90_G2LPH0	59.52	427	427
UniRef90_A0A090RP87	73.05	427	335
UniRef90_Z5XTA6	61.41	427	426
UniRef90_G7EWY4	60.80	427	425
UniRef90_S6AFZ4	60.60	427	433
UniRef90_UPI0005554B2D	60.28	427	432
UniRef90_A0A090P573	74.69	427	325
UniRef90_A0A0F3KHE6	61.59	427	428
UniRef90_UPI0003732B95	61.34	427	431
UniRef90_A0A0C1EKF1	61.18	427	429
UniRef90_A0A0N1ENH9	60.09	427	425
UniRef90_UPI000418F912	59.91	427	434
UniRef90_S3DI87	58.22	427	427
UniRef90_UPI00061D0B9D	59.67	427	429
UniRef90_F7WZC4	57.66	427	443
UniRef90_Q13VC2	60.09	427	434
UniRef90_A0A0N0GP26	61.59	427	436
UniRef90_Q7NTK6	60.24	427	456
UniRef90_A0A0K6GS86	59.63	427	431
UniRef90_A0A0J1DFD8	58.89	427	443
UniRef90_UPI00037E2224	59.86	427	430
UniRef90_UPI0003F6FA12	59.40	427	430
UniRef90_A0A0J5GIA6	59.67	427	430
UniRef90_A0A0J1G6P8	58.81	427	434
UniRef90_A0A0A6QGJ0	59.17	427	434
UniRef90_A0A0J6JVQ0	59.95	427	430
UniRef90_B2JF04	57.57	427	434
UniRef90_UPI000347C112	58.58	427	434
UniRef90_Q5U8V8	70.57	427	338
UniRef90_A0A098U685	58.43	427	443
UniRef90_UPI00067F8F73	71.13	427	336
UniRef90_B4EB42	58.35	427	434
UniRef90_UPI00048618DE	59.67	427	429
UniRef90_K9D9R2	58.66	427	443
UniRef90_N6Z0C1	58.37	427	502
UniRef90_A0A0K1JYC3	57.80	427	446
UniRef90_C3XD42	57.11	427	440
UniRef90_UPI00031583FF	57.87	427	439
UniRef90_UPI0004077327	59.29	427	432
UniRef90_UPI000557947A	58.49	427	434
UniRef90_UPI000409D458	57.76	427	437
UniRef90_H0Q2E2	57.67	427	644
UniRef90_A0A0B6RJF6	58.03	427	433
UniRef90_A1K4D3	58.04	427	653
UniRef90_A0A031GTD5	56.95	427	451
UniRef90_Q0KDH9	57.11	427	434
UniRef90_A0A0C2BY08	57.31	427	441
UniRef90_N6YSI8	57.31	427	646
UniRef90_A0A060NWX2	57.67	427	434
UniRef90_Q1H2E6	57.77	427	429
UniRef90_A0A0C3HVT9	58.14	427	653
UniRef90_UPI0006FAEE70	55.96	427	447
UniRef90_A0A0K8K0N5	58.33	427	444
UniRef90_UPI00036BF7AF	55.97	427	425
UniRef90_A0A0B7IYT7	57.08	427	431
UniRef90_N6Z6G1	57.44	427	650
UniRef90_S9ZJV4	59.09	427	642
UniRef90_UPI0006FA4BDB	57.47	427	437
UniRef90_A0A0A1FIC0	55.86	427	446
UniRef90_Q5P7V0	56.98	427	646
UniRef90_A0A069PI57	58.26	427	434
UniRef90_UPI0001A283F9	55.09	427	439
UniRef90_UPI0003720332	58.37	427	429
UniRef90_W0V785	56.26	427	451
UniRef90_UPI00057ADB0A	54.44	427	522
UniRef90_A0A0H2WIT0	57.67	427	673
UniRef90_A0A0K1JA84	56.74	427	644
UniRef90_A0A089VKV2	55.32	427	493
UniRef90_A0A0G3ENM4	58.16	427	439
UniRef90_C6XCS9	60.74	427	432
UniRef90_UPI000410E896	57.04	427	443
UniRef90_D8IR43	56.15	427	445
UniRef90_D7DIV7	56.44	427	426
UniRef90_UPI0006CE8009	58.29	427	652
UniRef90_K2J199	57.28	427	423
UniRef90_Q30CZ8	54.21	427	520
UniRef90_Q1LQH1	55.00	427	452
UniRef90_D8LER1	53.38	427	515
UniRef90_UPI00067F3B7A	56.67	427	423
UniRef90_E5ANP9	56.04	427	445
UniRef90_G0ADN3	56.94	427	426
UniRef90_Y0KG27	55.14	427	450
UniRef90_F1VZB9	55.35	427	443
UniRef90_A4G861	55.43	427	442
UniRef90_Q47GK0	58.24	427	643
UniRef90_J2UQL6	56.71	427	443
UniRef90_P05466	53.76	427	520
UniRef90_UPI00055D7B28	56.12	427	443
UniRef90_A0A0C3RE02	57.34	427	446
UniRef90_W0FFD6	53.53	427	514
UniRef90_A0A0J8EAK1	53.42	427	517
UniRef90_A0A0E9MB39	56.44	427	432
UniRef90_A0A063B687	56.52	427	806
UniRef90_G5L770	88.63	427	260
UniRef90_A4SB81	54.23	427	436
UniRef90_Q0AIZ5	55.63	427	433
UniRef90_A0A094JB86	53.50	427	426
UniRef90_A6T1G3	55.20	427	441
UniRef90_A0A0K9NRE7	53.86	427	515
UniRef90_UPI000362C966	54.19	427	457
UniRef90_UPI0003B60AA8	57.44	427	429
UniRef90_A0A059CIR5	53.30	427	513
UniRef90_M1K439	53.08	427	510
UniRef90_UPI000471663F	55.53	427	434
UniRef90_UPI00056621C5	56.12	427	432
UniRef90_UPI000475F87F	55.92	427	429
UniRef90_UPI0003495CFC	56.72	427	453
UniRef90_UPI0006458F6D	55.17	427	432
UniRef90_C6WWX1	55.50	427	426
UniRef90_Q82TD4	55.22	427	431
UniRef90_V2J0C0	54.94	427	434
UniRef90_W0SG83	55.92	427	645
UniRef90_Q8Y0Y6	55.05	427	436
UniRef90_A0A0C4YCF1	54.21	427	439
UniRef90_Q9ZEQ0	70.39	427	332
UniRef90_R7QRX5	54.69	427	481
UniRef90_A0A0K9JQA6	54.69	427	434
UniRef90_UPI00040D3683	58.93	427	644
UniRef90_I3I6F6	55.12	427	428
UniRef90_I9BY72	54.79	427	444
UniRef90_M2Y907	54.19	427	493
UniRef90_Q2Y7A6	56.29	427	437
UniRef90_B3PJM0	54.31	427	428
UniRef90_UPI0004AFE5EB	58.41	427	650
UniRef90_E0XVJ3	53.81	427	427
UniRef90_A0A0B8PHR7	73.84	427	285
UniRef90_Q3SK83	56.74	427	428
UniRef90_D8RM43	51.81	427	453
UniRef90_UPI00064779C4	55.61	427	427
UniRef90_C1D543	57.44	427	428
UniRef90_L9PP25	56.06	427	420
UniRef90_UPI0006F47734	53.61	427	426
UniRef90_G8QHW2	57.87	427	644
UniRef90_E0XT64	53.35	427	427
UniRef90_W9RXC5	55.30	427	525
UniRef90_D5CTX7	56.41	427	647
UniRef90_A0A0F7KH08	55.20	427	433
UniRef90_UPI0003A4C1AA	56.26	427	441
UniRef90_I1H1V3	52.63	427	510
UniRef90_D0VBC7	54.21	427	521
UniRef90_Q946U9	53.20	427	516
UniRef90_A0A0B5FGK4	55.33	427	440
UniRef90_UPI0005515D35	55.53	427	431
UniRef90_A0A0A6Z9T0	54.67	427	523
UniRef90_A0A0K0SVT0	54.08	427	426
UniRef90_UPI00047E84FB	53.27	427	426
UniRef90_Q1KPV4	54.07	427	522
UniRef90_A0A0A0L4E4	54.79	427	526
UniRef90_M5X3W8	54.11	427	524
UniRef90_A0A068TN19	54.21	427	466
UniRef90_C1MWX5	54.52	427	459
UniRef90_UPI00035E70F9	54.18	427	443
UniRef90_P23981	53.76	427	518
UniRef90_UPI00048DEC4A	53.79	427	432
UniRef90_I0YXJ4	53.56	427	434
UniRef90_Q6E6L3	52.38	427	454
UniRef90_P11043	53.53	427	516
UniRef90_A0A0C9S9Q3	52.14	427	527
UniRef90_B2C1I9	53.99	427	521
UniRef90_Q1M157	53.53	427	519
UniRef90_UPI00053C4B58	54.44	427	521
UniRef90_K8FBR9	52.64	427	496
UniRef90_UPI00048ABAFC	54.59	427	436
UniRef90_A0A0B0PQG1	53.53	427	521
UniRef90_Q0PKR0	52.62	427	522
UniRef90_B8BW66	51.26	427	486
UniRef90_A0A0J0YQ22	55.74	427	431
UniRef90_H6Q4Q2	47.76	427	427
UniRef90_F8GHV9	53.99	427	451
UniRef90_D9SF76	53.32	427	670
UniRef90_D0J3Y0	52.74	427	690
UniRef90_A0A0N0ZKN6	51.98	427	429
UniRef90_UPI0004730A1F	55.17	427	450
UniRef90_UPI000579BF43	53.51	427	524
UniRef90_A0A0F5JXT1	52.82	427	440
UniRef90_F5REK5	56.18	427	431
UniRef90_V4U8J1	53.08	427	519
UniRef90_G7JEN4	53.21	427	522
UniRef90_G2DME3	54.44	427	432
UniRef90_H6U643	53.30	427	520
UniRef90_Q6E6L5	53.08	427	519
UniRef90_D2YP74	75.19	427	296
UniRef90_A0A0D6EUZ4	53.79	427	428
UniRef90_L1NK87	56.03	427	430
UniRef90_UPI00046A8910	55.63	427	437
UniRef90_F5Y3H7	55.74	427	663
UniRef90_A0A080NF96	53.27	427	675
UniRef90_UPI0006F1DACF	53.50	427	674
UniRef90_C7RU16	54.15	427	655
UniRef90_A1VR19	53.51	427	667
UniRef90_D4G801	48.11	427	427
UniRef90_F9ZKU8	54.11	427	440
UniRef90_A0A0E9LEM0	53.79	427	674
UniRef90_UPI00047B8FA7	52.57	427	669
UniRef90_F7RYR1	55.29	427	429
UniRef90_U5D9W1	54.21	427	518
UniRef90_A6DHL1	51.55	427	424
UniRef90_P17688	53.76	427	516
UniRef90_A0A0N0ZLI9	51.97	427	429
UniRef90_F0EYG4	53.74	427	430
UniRef90_C5Z3D1	53.90	427	506
UniRef90_UPI00050A0B75	54.25	427	431
UniRef90_J2LDI5	53.65	427	660
UniRef90_D7MZN8	55.01	427	431
UniRef90_UPI0003FEEA7A	57.18	427	650
UniRef90_UPI0006B429C5	52.81	427	679
UniRef90_Q5QZ50	51.04	427	429
UniRef90_A9SYF9	52.90	427	473
UniRef90_Q5VNW0	53.32	427	515
UniRef90_A0A094J1M5	52.57	427	430
UniRef90_UPI0004A415B8	54.18	427	668
UniRef90_C9Y9W3	54.09	427	665
UniRef90_A8YTA5	52.62	427	447
UniRef90_G4CQW7	54.07	427	429
UniRef90_F5S6E7	55.23	427	431
UniRef90_L8XY97	56.13	427	425
UniRef90_C4TX16	79.48	427	287
UniRef90_B9GPE8	53.53	427	518
UniRef90_I7IWC7	78.26	427	253
UniRef90_A0A011QIT4	54.02	427	650
UniRef90_A0A014N0Y0	74.74	427	291
UniRef90_B3GGJ9	52.83	427	520
UniRef90_A0A068YMW4	53.41	427	667
UniRef90_UPI00031B8650	55.24	427	440
UniRef90_Q9JYU1	53.81	427	433
UniRef90_B7FSS5	51.38	427	483
UniRef90_A0A0K6IXJ7	53.81	427	648
UniRef90_UPI0006CAF33A	53.72	427	430
UniRef90_F4I035	51.08	427	489
UniRef90_A2T9R8	53.00	427	514
UniRef90_A0A0K6GV07	51.97	427	433
UniRef90_Q12CL6	53.14	427	668
UniRef90_D4DU20	56.64	427	429
UniRef90_UPI000478E440	53.70	427	431
UniRef90_C5TMW7	53.63	427	430
UniRef90_A0A016XKY4	51.61	427	696
UniRef90_UPI00048EA47B	54.57	427	428
UniRef90_C4GHB8	54.65	427	431
UniRef90_UPI000422A84B	54.57	427	444
UniRef90_A0A0N1LDI8	52.20	427	430
UniRef90_A0A052IJ73	54.38	427	439
UniRef90_K0T8D0	53.32	427	530
UniRef90_A0A080MAA8	55.79	427	650
UniRef90_V5CN03	87.35	427	427
UniRef90_UPI0004685F1F	83.57	427	428
UniRef90_A0A080KH32	78.12	427	426
UniRef90_X2H787	77.88	427	426
UniRef90_B2Q1M1	79.01	427	424
UniRef90_A0A0G3CRR7	79.86	427	428
UniRef90_A0A097R0X7	79.53	427	426
UniRef90_A0A085GJF3	81.97	427	427
UniRef90_UPI0005514A6D	76.06	427	428
UniRef90_A0A089PQ21	87.82	427	427
UniRef90_A0A0H2QEW8	78.35	427	425
UniRef90_A6Q7Q0	72.71	427	427
UniRef90_UPI00041EA372	79.39	427	428
UniRef90_H2IRK5	82.67	427	427
UniRef90_I0QU35	82.67	427	427
UniRef90_A8AIH5	91.80	427	427
UniRef90_UPI0004A3B931	79.48	427	426
UniRef90_A0A0A7RZT3	77.83	427	431
UniRef90_B7VM38	73.41	427	426
UniRef90_Q87QX9	72.24	427	426
UniRef90_Q7N6D5	77.88	427	428
UniRef90_A0A095TA28	80.66	427	427
UniRef90_A0A0L7TC51	85.71	427	427
UniRef90_A0A0J9BKQ7	78.22	427	427
UniRef90_E3BQI3	72.94	427	426
UniRef90_P19688	81.50	427	428
UniRef90_Q8RLV9	77.41	427	428
UniRef90_A7MES7	86.62	427	428
UniRef90_A0A085JC05	79.72	427	426
UniRef90_UPI00036706D0	68.31	427	426
UniRef90_UPI000377F52B	82.86	427	428
UniRef90_A0A071LV85	87.12	427	427
UniRef90_A8GCH1	81.73	427	428
UniRef90_A0A0J8VJA4	87.79	427	428
UniRef90_P24497	88.52	427	427
UniRef90_A0A085HKW4	77.05	427	428
UniRef90_E6WC88	84.74	427	428
UniRef90_U4K6C9	75.35	427	426
UniRef90_F0LSG1	73.71	427	426
UniRef90_P07637	89.46	427	427
UniRef90_A0A0J8YJ95	86.62	427	428
UniRef90_Q9KRB0	75.35	427	426
UniRef90_A0A0L0AMB8	87.12	427	427
UniRef90_I2BAP2	86.62	427	428
UniRef90_D4GNG7	83.57	427	434
UniRef90_F9T4B3	75.29	427	426
UniRef90_A0A0C5WCD5	76.06	427	455
UniRef90_D8MQC5	85.48	427	428
UniRef90_Q1CA73	80.33	427	428
UniRef90_A0A0F5VEN5	75.18	427	427
UniRef90_A0A0J1KAP1	75.35	427	426
UniRef90_E1SID2	84.27	427	428
UniRef90_UPI00065F7D7A	83.80	427	428
UniRef90_A0A0C5VVD7	63.76	427	426
UniRef90_UPI0003F614B2	73.58	427	427
UniRef90_A0A014LW13	83.57	427	428
UniRef90_UPI0003188460	75.82	427	427
UniRef90_A0A090S5A8	75.41	427	427
UniRef90_A0A089UFD5	87.59	427	427
UniRef90_Q7MJ45	72.90	427	428
UniRef90_Q6LPE1	73.60	427	428
UniRef90_A0A0L7YYB0	72.77	427	426
UniRef90_D2C1I8	83.29	427	429
UniRef90_A0A090RB71	78.40	427	426
UniRef90_UPI0002EAD30C	73.71	427	426
UniRef90_A0A0A1B624	83.33	427	428
UniRef90_W7QG98	69.41	427	428
UniRef90_B2VC79	81.92	427	428
UniRef90_Q8VP65	73.71	427	426
UniRef90_Q6D401	82.20	427	429
UniRef90_U3B881	74.18	427	426
UniRef90_E8MBW8	73.65	427	426
UniRef90_V3TTC8	81.41	427	429
UniRef90_A0A081FWJ4	66.35	427	425
UniRef90_A0A0M2KL65	80.99	427	428
UniRef90_E9CL64	79.16	427	428
UniRef90_Q1ZKQ1	74.82	427	426
UniRef90_UPI00037943A5	67.21	427	428
UniRef90_A0A0J1HBK7	77.23	427	426
UniRef90_A0A099LRQ8	71.26	427	428
UniRef90_C6C7T4	81.18	427	429
UniRef90_H3ZA11	71.13	427	426
UniRef90_A0A0G4K2A9	80.80	427	429
UniRef90_B6XBX7	79.29	427	425
UniRef90_E1STN0	68.62	427	427
UniRef90_B4ET25	79.34	427	428
UniRef90_I2K9F3	71.06	427	426
UniRef90_UPI000393E696	73.83	427	431
UniRef90_UPI0002558F94	64.08	427	426
UniRef90_H5UX32	86.38	427	428
UniRef90_UPI00054ECAA0	83.53	427	428
UniRef90_UPI0006C7ED1D	67.45	427	426
UniRef90_M4U4R9	68.85	427	429
UniRef90_R9PKR2	73.00	427	426
UniRef90_I2NJI3	71.16	427	435
UniRef90_UPI0002D681E7	73.47	427	427
UniRef90_A0A094VTI2	78.59	427	428
UniRef90_UPI00035C6320	66.12	427	426
UniRef90_UPI000477DC5E	67.29	427	427
UniRef90_UPI0002FA000D	75.12	427	426
UniRef90_B0TT43	67.76	427	426
UniRef90_A0A0J8H186	65.97	427	429
UniRef90_UPI0003F84CD1	66.98	427	426
UniRef90_UPI000490E841	74.59	427	427
UniRef90_A0A0D8Q712	74.82	427	426
UniRef90_Q04570	70.14	427	440
UniRef90_A0A0B8QNE0	74.06	427	427
UniRef90_Q5E3Z0	74.12	427	426
UniRef90_UPI0003FA57A3	73.09	427	433
UniRef90_A3QEC0	67.14	427	426
UniRef90_D4I088	81.22	427	428
UniRef90_W1J9L5	79.25	427	427
UniRef90_A1S6D3	66.98	427	428
UniRef90_A0A0F9WIQ5	64.24	427	431
UniRef90_UPI0004242D3E	69.18	427	426
UniRef90_D3UWX2	79.06	427	428
UniRef90_Q482G5	68.47	427	426
UniRef90_F7YKU8	73.47	427	471
UniRef90_Q8EEH8	67.69	427	426
UniRef90_A0A0M2V781	69.34	427	426
UniRef90_Q12NE1	67.52	427	428
UniRef90_A0A0H2QUT1	74.35	427	425
UniRef90_UPI000363FFB7	69.58	427	426
UniRef90_UPI0006D6558D	65.41	427	426
UniRef90_A3YDY9	64.10	427	430
UniRef90_A6FF48	71.43	427	427
UniRef90_D4F721	75.89	427	429
UniRef90_UPI0004E199E5	68.47	427	425
UniRef90_F5Z839	70.05	427	426
UniRef90_B1KF47	67.53	427	426
UniRef90_D0I6S1	71.90	427	427
UniRef90_S6AFZ4	60.60	427	433
UniRef90_B8CMH2	65.88	427	426
UniRef90_A0A0F5ATA4	72.24	427	428
UniRef90_UPI0004708276	64.71	427	426
UniRef90_C4LEG3	71.66	427	427
UniRef90_A0A081NE81	63.62	427	425
UniRef90_N9VHA9	72.30	427	427
UniRef90_UPI0004191810	70.19	427	425
UniRef90_Q081U4	66.43	427	426
UniRef90_I1DYS6	69.41	427	426
UniRef90_UPI000470E18D	71.29	427	426
UniRef90_Q15T04	69.43	427	429
UniRef90_UPI0004666372	74.06	427	433
UniRef90_Q2NUA9	76.35	427	435
UniRef90_A1STZ0	70.49	427	428
UniRef90_UPI0003F96D4C	67.37	427	426
UniRef90_UPI00036562A1	71.56	427	430
UniRef90_UPI00041255EC	71.10	427	430
UniRef90_UPI0003F6582B	68.31	427	426
UniRef90_H2FWM8	71.60	427	428
UniRef90_UPI00046FB267	63.15	427	427
UniRef90_R8APA3	74.54	427	433
UniRef90_A0A0K6IK41	66.43	427	425
UniRef90_A3N063	71.00	427	432
UniRef90_UPI00048C878C	67.06	427	426
UniRef90_K0CYA2	68.87	427	428
UniRef90_UPI00037B434C	63.08	427	428
UniRef90_S6HH62	66.67	427	426
UniRef90_A4BFT0	61.27	427	437
UniRef90_F6CSD1	64.40	427	426
UniRef90_G7LL29	81.03	427	429
UniRef90_U3U6U3	70.52	427	428
UniRef90_K7A8S7	68.78	427	426
UniRef90_E1W6A8	70.23	427	432
UniRef90_UPI0003AA52C9	82.12	427	400
UniRef90_UPI00059F8F6F	63.00	427	427
UniRef90_A0A0A2YFU3	68.36	427	432
UniRef90_A0A0M2VN48	68.63	427	432
UniRef90_UPI00048A5DCF	67.61	427	426
UniRef90_UPI0006B61803	63.38	427	428
UniRef90_S6HS89	65.73	427	426
UniRef90_A6VXX9	66.12	427	425
UniRef90_Q03421	71.16	427	432
UniRef90_F2K281	65.49	427	425
UniRef90_A0A0H9IE19	93.68	427	400
UniRef90_UPI000375A729	69.77	427	432
UniRef90_UPI0004194942	69.41	427	427
UniRef90_Q65S78	70.83	427	433
UniRef90_F9R8F8	74.88	427	431
UniRef90_A0A099PCD0	64.87	427	430
UniRef90_UPI000509C68E	69.18	427	429
UniRef90_Q0I320	69.61	427	432
UniRef90_A0A0F5ERU9	71.93	427	430
UniRef90_K6Y9D3	69.25	427	426
UniRef90_A0A0J5P7L8	71.06	427	433
UniRef90_F9QAS1	71.16	427	429
UniRef90_C9PRU9	69.82	427	440
UniRef90_UPI0003F96E11	63.00	427	428
UniRef90_Q9X4H2	74.47	427	428
UniRef90_A0A011LXA4	72.09	427	432
UniRef90_A6VMU5	72.12	427	433
UniRef90_M4R8B0	69.61	427	431
UniRef90_G4QGU6	67.37	427	426
UniRef90_UPI00037E2224	59.86	427	430
UniRef90_R4I1D1	69.56	427	427
UniRef90_I3D7N3	70.05	427	433
UniRef90_F7NWI2	71.03	427	428
UniRef90_UPI0006696947	68.13	427	440
UniRef90_J4TTY8	71.40	427	432
UniRef90_UPI0003B6A07F	70.47	427	430
UniRef90_A0A063Y3E6	63.70	427	427
UniRef90_Y0KG27	54.91	427	450
UniRef90_A0A0E3V2X7	70.67	427	445
UniRef90_A0A0A3BB99	69.30	427	435
UniRef90_UPI00066822A6	68.84	427	432
UniRef90_UPI000557947A	58.06	427	434
UniRef90_Q7NTK6	59.95	427	456
UniRef90_A0A0J1DFD8	58.66	427	443
UniRef90_A0A0C1EKF1	60.89	427	429
UniRef90_B9Z6U4	62.33	427	429
UniRef90_Q13VC2	59.73	427	434
UniRef90_UPI00050994C6	70.86	427	430
UniRef90_U3AHF9	71.46	427	426
UniRef90_A0A094JGT2	65.65	427	427
UniRef90_E6KYU3	70.37	427	436
UniRef90_A0A098U685	58.20	427	443
UniRef90_UPI0003702460	67.68	427	427
UniRef90_P54220	69.61	427	432
UniRef90_UPI0003F6FA12	59.40	427	430
UniRef90_A0A0C2BY08	56.94	427	441
UniRef90_UPI00047E1A24	81.26	427	429
UniRef90_P05466	53.64	427	520
UniRef90_A0A0J1G6P8	58.81	427	434
UniRef90_UPI000409D458	57.76	427	437
UniRef90_K9D9R2	58.43	427	443
UniRef90_B8D9A1	62.74	427	427
UniRef90_K6WWR9	69.95	427	426
UniRef90_A0A0A7EG75	61.18	427	425
UniRef90_E0WV00	68.47	427	429
UniRef90_A0A0F3KHE6	61.59	427	428
UniRef90_B2JF04	57.44	427	434
UniRef90_Q0KDH9	56.88	427	434
UniRef90_UPI0005554B2D	60.42	427	432
UniRef90_N6Z0C1	58.24	427	502
UniRef90_B4EB42	58.35	427	434
UniRef90_A0A0F4PUE9	64.32	427	426
UniRef90_Q30CZ8	53.18	427	520
UniRef90_UPI0005AB842C	60.71	427	424
UniRef90_D8IR43	56.25	427	445
UniRef90_M1K439	52.05	427	510
UniRef90_UPI000418F912	59.91	427	434
UniRef90_A0A0J5GIA6	59.44	427	430
UniRef90_Q1H2E6	57.77	427	429
UniRef90_A0A089VKV2	54.61	427	493
UniRef90_UPI00061D0B9D	59.67	427	429
UniRef90_UPI00055D7B28	56.12	427	443
UniRef90_A0A0C3HVT9	58.00	427	653
UniRef90_H0Q2E2	57.54	427	644
UniRef90_A0A0A6QGJ0	59.04	427	434
UniRef90_A0A060NWX2	57.44	427	434
UniRef90_A0A0J8EAK1	52.39	427	517
UniRef90_A0A0K6GS86	59.49	427	431
UniRef90_A1K4D3	58.04	427	653
UniRef90_G2LN25	62.74	427	427
UniRef90_A0A059CIR5	52.39	427	513
UniRef90_A0A0K9NRE7	52.95	427	515
UniRef90_A0A088MY76	72.24	427	431
UniRef90_U1KLN0	61.88	427	426
UniRef90_UPI00048501AF	64.55	427	425
UniRef90_N6YSI8	57.31	427	646
UniRef90_A4G861	55.20	427	442
UniRef90_UPI00031583FF	57.54	427	439
UniRef90_UPI000347C112	58.81	427	434
UniRef90_UPI0004E0D053	61.56	427	424
UniRef90_A0A0J6JVQ0	59.95	427	430
UniRef90_A0A0H2WIT0	57.67	427	673
UniRef90_A0A0E9MB39	56.41	427	432
UniRef90_A0A0B6RJF6	58.03	427	433
UniRef90_D7DIV7	56.18	427	426
UniRef90_W0FFD6	52.95	427	514
UniRef90_UPI00037EF038	66.90	427	428
UniRef90_A4C9P9	62.59	427	425
UniRef90_A0A031GTD5	56.26	427	451
UniRef90_A0A0K1JA84	56.61	427	644
UniRef90_UPI0003732B95	61.34	427	431
UniRef90_J2UQL6	55.79	427	443
UniRef90_C3XD42	56.81	427	440
UniRef90_A0A0B7IYT7	57.08	427	431
UniRef90_V2J0C0	54.71	427	434
UniRef90_A0A0K1JYC3	57.11	427	446
UniRef90_Q8Y0Y6	55.05	427	436
UniRef90_I3I6F6	55.12	427	428
UniRef90_UPI00057ADB0A	53.86	427	522
UniRef90_UPI000471663F	55.30	427	434
UniRef90_A0A0A1FIC0	55.89	427	446
UniRef90_Q5P7V0	56.84	427	646
UniRef90_D8RM43	51.47	427	453
UniRef90_A0A0K8K0N5	58.20	427	444
UniRef90_A6T1G3	54.97	427	441
UniRef90_N6Z6G1	57.31	427	650
UniRef90_A0A0N0GP26	60.74	427	436
UniRef90_A0A0G3ENM4	57.67	427	439
UniRef90_UPI0001A283F9	54.84	427	439
UniRef90_Q1LQH1	55.00	427	452
UniRef90_E5ANP9	55.81	427	445
UniRef90_G0ADN3	56.87	427	426
UniRef90_UPI0003720332	58.14	427	429
UniRef90_UPI000475F87F	55.92	427	429
UniRef90_UPI0006FAEE70	56.39	427	447
UniRef90_UPI00040D168B	66.98	427	427
UniRef90_UPI0004077327	58.88	427	432
UniRef90_A0A084CPM7	59.15	427	426
UniRef90_UPI0000E0F9F7	67.37	427	426
UniRef90_Q47GK0	58.24	427	643
UniRef90_W0V785	55.94	427	451
UniRef90_Q946U9	52.74	427	516
UniRef90_B3PJM0	53.97	427	428
UniRef90_UPI00048618DE	59.67	427	429
UniRef90_C6XCS9	60.42	427	432
UniRef90_UPI00064779C4	55.04	427	427
UniRef90_A0A0F4P799	64.08	427	426
UniRef90_UPI00053C4B58	54.09	427	521
UniRef90_I9BY72	54.79	427	444
UniRef90_P11043	52.27	427	516
UniRef90_C6WWX1	55.50	427	426
UniRef90_C5WD27	70.82	427	445
UniRef90_Q3SK83	56.51	427	428
UniRef90_S9ZJV4	59.09	427	642
UniRef90_UPI0006458F6D	54.73	427	432
UniRef90_UPI000410E896	56.68	427	443
UniRef90_P23981	53.06	427	518
UniRef90_M5X3W8	53.08	427	524
UniRef90_A0A0K0SVT0	53.85	427	426
UniRef90_Q7VLN9	63.57	427	435
UniRef90_Q82TD4	55.09	427	431
UniRef90_Q6E6L3	51.93	427	454
UniRef90_Q1M157	52.50	427	519
UniRef90_I0YXJ4	53.56	427	434
UniRef90_A4SB81	54.23	427	436
UniRef90_A0A0H5C5G0	64.25	427	434
UniRef90_UPI000362C966	53.17	427	457
UniRef90_P17688	53.41	427	516
UniRef90_G7JEN4	52.63	427	522
UniRef90_W9RXC5	54.09	427	525
UniRef90_D5CTX7	56.41	427	647
UniRef90_B2C1I9	52.95	427	521
UniRef90_D0VBC7	53.64	427	521
UniRef90_H6U643	52.50	427	520
UniRef90_F1VZB9	54.99	427	443
UniRef90_UPI00035E70F9	53.72	427	443
UniRef90_A0A0M3RSC5	59.72	427	427
UniRef90_Q492S6	65.11	427	432
UniRef90_V4U8J1	52.27	427	519
UniRef90_Q0PKR0	52.27	427	522
UniRef90_A0A0F4QU10	61.50	427	425
UniRef90_W0P4S7	62.68	427	429
UniRef90_A0A069PI57	58.12	427	434
UniRef90_A0A0E3U4Q6	64.30	427	428
UniRef90_L8D8I6	61.74	427	426
UniRef90_Q0AIZ5	55.17	427	433
UniRef90_UPI0006F47734	53.61	427	426
UniRef90_A0A0C3RE02	55.91	427	446
UniRef90_A0A0F6AE02	61.27	427	426
UniRef90_A0A0A0L4E4	53.74	427	526
UniRef90_A0A0K9JQA6	55.15	427	434
UniRef90_A0A0B0PQG1	52.50	427	521
UniRef90_H5T9S4	62.90	427	435
UniRef90_A0A0A6Z9T0	53.86	427	523
UniRef90_A0A0C4YCF1	53.53	427	439
UniRef90_UPI0003495CFC	56.24	427	453
UniRef90_I1H1V3	51.70	427	510
UniRef90_A0A063B687	56.52	427	806
UniRef90_UPI0006FA4BDB	57.01	427	437
UniRef90_A0A090BWF3	62.68	427	431
UniRef90_D8LER1	53.38	427	515
UniRef90_A0A068TN19	52.95	427	466
UniRef90_G7EWY4	60.80	427	425
UniRef90_G8QHW2	57.77	427	644
UniRef90_UPI00056621C5	56.12	427	432
UniRef90_Q1KPV4	53.39	427	522
UniRef90_Q3ILA2	61.74	427	425
UniRef90_E0XVJ3	53.18	427	427
UniRef90_W0SG83	55.35	427	645
UniRef90_B9GPE8	52.73	427	518
UniRef90_W9V1C9	65.59	427	433
UniRef90_UPI00048DEC4A	53.56	427	432
UniRef90_A0A0F7KH08	54.82	427	433
UniRef90_F9ZKU8	53.41	427	440
UniRef90_Q6E6L5	52.27	427	519
UniRef90_M2Y907	53.94	427	493
UniRef90_Z5XTA6	61.41	427	426
UniRef90_C1D543	56.28	427	428
UniRef90_D9SF76	53.10	427	670
UniRef90_K8FBR9	52.30	427	496
UniRef90_J2LDI5	53.32	427	660
UniRef90_Q03321	66.74	427	427
UniRef90_F4I035	50.75	427	489
UniRef90_UPI00040D3683	58.93	427	644
UniRef90_C4K4D4	62.41	427	428
UniRef90_A0A080NF96	52.60	427	675
UniRef90_A0A0N1ENH9	60.09	427	425
UniRef90_Q59178	63.68	427	428
UniRef90_UPI0004AFE5EB	58.28	427	650
UniRef90_A2T9R8	53.00	427	514
UniRef90_R7QRX5	54.69	427	481
UniRef90_UPI000579BF43	53.17	427	524
UniRef90_F8GHV9	53.86	427	451
UniRef90_UPI0003B60AA8	57.34	427	429
UniRef90_A0A0M6W9M4	61.65	427	430
UniRef90_UPI0004A415B8	53.97	427	668
UniRef90_UPI0006B429C5	52.69	427	679
UniRef90_I1J7U9	52.73	427	525
UniRef90_A0A075L0G8	100.00	427	353
UniRef90_C1MWX5	53.94	427	459
UniRef90_A0A0C9S9Q3	51.47	427	527
UniRef90_Q7VR41	59.44	427	433
UniRef90_C5Z3D1	53.18	427	506
UniRef90_A0A0K6IXJ7	53.43	427	648
UniRef90_UPI00048ABAFC	54.34	427	436
UniRef90_A1VR19	53.97	427	667
UniRef90_E0XT64	52.59	427	427
UniRef90_Q5VNW0	52.61	427	515
UniRef90_P59416	59.57	427	427
UniRef90_B3GGJ9	52.61	427	520
UniRef90_A8YTA5	51.59	427	447
UniRef90_UPI00036BF7AF	55.74	427	425
UniRef90_A0A0B5FGK4	55.45	427	440
UniRef90_UPI0006CE8009	56.75	427	652
UniRef90_C9Y9W3	53.76	427	665
UniRef90_UPI00048EA47B	53.72	427	428
UniRef90_Q12CL6	53.36	427	668
UniRef90_UPI0003A4C1AA	55.33	427	441
UniRef90_UPI0006CAF33A	53.72	427	430
UniRef90_A0A0E3U3F1	61.83	427	434
UniRef90_UPI00047B8FA7	52.80	427	669
UniRef90_A0A068YMW4	53.64	427	667
UniRef90_A0A0A1VFC2	51.80	427	673
UniRef90_A0A0J0YQ22	54.52	427	431
UniRef90_A0A0L8ARZ1	54.36	427	663
UniRef90_UPI0003FEEA7A	56.81	427	650
UniRef90_G2LPH0	58.96	427	427
UniRef90_D0J3Y0	52.18	427	690
UniRef90_UPI00050A0B75	53.49	427	431
UniRef90_UPI0003F8046C	51.93	427	672
UniRef90_F5REK5	56.18	427	431
UniRef90_UPI0004730A1F	55.20	427	450
UniRef90_UPI0006F1DACF	53.60	427	674
UniRef90_A0A0E9LEM0	53.14	427	674
UniRef90_G4CQW7	52.44	427	429
UniRef90_Q2Y7A6	55.95	427	437
UniRef90_F5Y3H7	55.07	427	663
UniRef90_UPI0006DCD977	52.03	427	675
UniRef90_C7RU16	54.15	427	655
UniRef90_Q9JYU1	53.81	427	433
UniRef90_UPI00046A8910	55.05	427	437
UniRef90_A0A0M2UW46	47.51	427	419
UniRef90_UPI000377BA8F	51.91	427	670
UniRef90_A0A0D6EUZ4	53.05	427	428
UniRef90_B8F3Y9	69.23	427	385
UniRef90_L9PP25	55.71	427	420
UniRef90_Q057N6	54.57	427	435
UniRef90_UPI0005515D35	54.42	427	431
UniRef90_A9SYF9	52.24	427	473
UniRef90_L1NK87	55.37	427	430
UniRef90_V8FT17	49.54	427	437
UniRef90_UPI00041AD4DF	52.13	427	673
UniRef90_Q1LTL1	65.33	427	428
UniRef90_A1W8Q4	52.03	427	673
UniRef90_D8TKT2	50.68	427	509
UniRef90_C5TMW7	53.15	427	430
UniRef90_A0A0F5JXT1	52.37	427	440
UniRef90_U5D9W1	53.74	427	518
UniRef90_UPI0001621050	50.77	427	454
UniRef90_A0A011QIT4	53.46	427	650
UniRef90_A0A0C5J9R3	50.00	427	664
UniRef90_G2DME3	54.19	427	432
UniRef90_F5S6E7	53.26	427	431
UniRef90_A0A0D7K8J2	51.37	427	676
UniRef90_UPI0006AA7A22	50.23	427	487
UniRef90_B1XVQ3	52.75	427	442
UniRef90_UPI00036F2A8C	52.52	427	670
UniRef90_A8JH48	50.90	427	512
UniRef90_F0EYG4	53.26	427	430
UniRef90_UPI00037DD9F4	54.21	427	431
UniRef90_K0HTX0	53.05	427	676
UniRef90_G4CEK8	52.45	427	430
UniRef90_A0A095Z5I2	49.54	427	438
UniRef90_A0A094JB86	52.80	427	426
UniRef90_UPI000477B484	50.47	427	430
UniRef90_UPI000382ABAF	44.63	427	432
UniRef90_X2HGC6	51.65	427	434
UniRef90_A0A0G3BM00	52.60	427	667
UniRef90_UPI0003633D7E	53.24	427	684
UniRef90_B8BW66	50.68	427	486
UniRef90_D7MZN8	54.78	427	431
UniRef90_C5CTE1	51.58	427	670
UniRef90_UPI000487732D	51.83	427	664
UniRef90_A0A011NL11	51.62	427	652
UniRef90_UPI000478E440	53.12	427	431
UniRef90_V9H951	51.28	427	431
UniRef90_UPI000406EA63	52.70	427	676
UniRef90_C9RRM9	52.44	427	442
UniRef90_UPI0004802C78	51.24	427	676
UniRef90_E8Q684	59.31	427	441
UniRef90_UPI00047EDFD9	51.17	427	428
UniRef90_A0A052IJ73	53.67	427	439
UniRef90_M1T502	54.82	427	442
UniRef90_F4GW13	53.64	427	441
UniRef90_Q21Y54	53.06	427	669
