UniRef90_Q8XEA7	98.89	360	362
UniRef90_A9MHX6	88.33	360	362
UniRef90_J1QA47	88.06	360	362
UniRef90_D2TS44	88.89	360	362
UniRef90_A4W8S7	88.61	360	362
UniRef90_A0A085IG74	88.06	360	362
UniRef90_A0A0G3QC41	86.94	360	362
UniRef90_E3G1C2	88.33	360	362
UniRef90_A0A0L0AP39	86.67	360	362
UniRef90_A0A071LVL4	87.22	360	362
UniRef90_UPI0003650EEB	85.56	360	362
UniRef90_A0A085AFZ4	86.67	360	361
UniRef90_A6T700	86.67	360	362
UniRef90_UPI0002FC91AD	86.67	360	362
UniRef90_A0A089UDE0	86.11	360	361
UniRef90_A7MES8	85.56	360	361
UniRef90_UPI0004E1601B	85.00	360	361
UniRef90_A0A085GGS4	85.28	360	361
UniRef90_A0A0D1MY56	85.00	360	361
UniRef90_I2BAP3	83.89	360	362
UniRef90_UPI00046A31A7	82.22	360	361
UniRef90_UPI0003684707	80.00	360	361
UniRef90_B2VC80	81.39	360	361
UniRef90_A0A014PSA2	80.56	360	361
UniRef90_D8MQC4	80.56	360	361
UniRef90_E6WC87	80.83	360	361
UniRef90_A0A0A1B131	80.83	360	361
UniRef90_E1SID1	79.17	360	361
UniRef90_A0A0L7TIX9	81.67	360	361
UniRef90_UPI00054E0C79	80.00	360	361
UniRef90_A0A0M2KCK1	78.89	360	361
UniRef90_D4GNG6	78.61	360	367
UniRef90_Q6D400	78.33	360	361
UniRef90_UPI00066044C3	78.61	360	361
UniRef90_E0SMZ2	77.50	360	361
UniRef90_A0A085JC06	78.33	360	361
UniRef90_C6C7T5	76.94	360	361
UniRef90_A0A085GJF2	74.72	360	361
UniRef90_H2IRK4	75.28	360	361
UniRef90_G7LL31	76.39	360	361
UniRef90_UPI0004799437	76.67	360	361
UniRef90_UPI0004B9AB54	78.89	360	361
UniRef90_A8GCH0	76.67	360	361
UniRef90_A0A0H5MSZ0	75.28	360	361
UniRef90_D2C1I9	76.11	360	361
UniRef90_P19689	75.56	360	361
UniRef90_Q2NUB0	75.56	360	361
UniRef90_A0A097R0X8	75.90	360	362
UniRef90_A0A0G3CPM2	75.00	360	361
UniRef90_C4U5N7	72.78	360	361
UniRef90_A0A085HKW2	76.57	360	349
UniRef90_A0A0J8YUX5	74.44	360	361
UniRef90_UPI0003FC9920	73.89	360	361
UniRef90_Q7N6D6	72.78	360	362
UniRef90_U4UZ06	75.43	360	349
UniRef90_UPI0005E40668	72.78	360	361
UniRef90_A0A0B6G9J5	72.50	360	361
UniRef90_UPI000491E375	73.33	360	361
UniRef90_B4ET24	69.44	360	362
UniRef90_R8APA0	72.42	360	362
UniRef90_B2Q1M0	70.00	360	362
UniRef90_W1JBK7	70.28	360	362
UniRef90_A0A090QNT1	71.11	360	360
UniRef90_F7XXK3	69.44	360	361
UniRef90_A0A068R6W1	69.17	360	362
UniRef90_Q8RLW0	69.72	360	362
UniRef90_A0A0H2QJA3	69.08	360	362
UniRef90_Q9X4H1	69.06	360	363
UniRef90_R4I048	68.61	360	361
UniRef90_J3Z5N1	69.08	360	362
UniRef90_J3VRG0	68.61	360	361
UniRef90_A0A088NAK4	68.33	360	361
UniRef90_D1P016	67.22	360	362
UniRef90_B6XBX6	66.67	360	362
UniRef90_L8JF75	68.06	360	360
UniRef90_J7TRT3	67.69	360	361
UniRef90_U3U3F4	67.50	360	361
UniRef90_A0A090P2A6	69.64	360	360
UniRef90_Q87QA3	68.80	360	364
UniRef90_A0A0J1HBL0	70.22	360	360
UniRef90_Q5E6F2	68.80	360	360
UniRef90_A0A0J1HIF1	68.91	360	360
UniRef90_S7JLY5	68.80	360	364
UniRef90_UPI0003711B2F	67.97	360	360
UniRef90_Q6LPD9	67.50	360	360
UniRef90_B6EHR4	68.61	360	360
UniRef90_A0A066UV52	68.80	360	364
UniRef90_A0A0D8NGY4	67.50	360	360
UniRef90_D0YYK6	67.50	360	360
UniRef90_A0A099LKB6	66.57	360	364
UniRef90_A0A0F5VFF8	68.07	360	360
UniRef90_U3CIB2	67.97	360	367
UniRef90_Q7MLH6	66.85	360	364
UniRef90_A0A0J8VF78	67.13	360	360
UniRef90_U4K3Y3	66.85	360	360
UniRef90_UPI0005605E50	67.22	360	360
UniRef90_F9TE34	66.94	360	360
UniRef90_A0A0C5WQD2	68.17	360	360
UniRef90_UPI00039A9C47	66.02	360	364
UniRef90_Q1LTL2	66.20	360	363
UniRef90_UPI00040422B3	65.10	360	362
UniRef90_A0A0F5AU34	64.44	360	360
UniRef90_E8LSF6	66.11	360	360
UniRef90_A0A0D8Q8W0	66.11	360	360
UniRef90_A0A0F4NRS8	67.70	360	360
UniRef90_C9P444	66.57	360	364
UniRef90_A0A090R9D5	66.29	360	361
UniRef90_E0WV01	66.67	360	363
UniRef90_C5WD28	62.12	360	361
UniRef90_C9QID1	67.32	360	360
UniRef90_UPI00063C75E3	66.39	360	364
UniRef90_A0A097QL83	66.48	360	360
UniRef90_A6D6X7	66.39	360	364
UniRef90_UPI0002D59376	66.85	360	365
UniRef90_UPI000393FECB	65.74	360	364
UniRef90_F7YKX1	65.46	360	380
UniRef90_F9RGE9	65.92	360	360
UniRef90_Q9KSU7	66.85	360	364
UniRef90_UPI0006EC0310	64.17	360	362
UniRef90_D0I6S3	64.17	360	360
UniRef90_C4K3B1	64.93	360	368
UniRef90_UPI0006CF2A41	64.62	360	360
UniRef90_A0A0L7YXS5	64.90	360	365
UniRef90_A0A090S0F2	65.46	360	364
UniRef90_A0A0B8Q6T8	64.62	360	360
UniRef90_A0A0F4PCS4	65.07	360	360
UniRef90_UPI0002FA52CA	64.07	360	360
UniRef90_A0A0E3U444	61.45	360	362
UniRef90_E8M6G4	65.46	360	360
UniRef90_A0A0H2MR35	66.11	360	360
UniRef90_UPI0005A95211	64.90	360	364
UniRef90_A0A0M0I1N6	66.76	360	360
UniRef90_E3BKX0	64.90	360	360
UniRef90_U3B752	66.57	360	367
UniRef90_UPI0002EAFDE5	65.35	360	364
UniRef90_UPI00056DDC11	67.13	360	360
UniRef90_D2TZM5	60.45	360	363
UniRef90_UPI0002E3E397	63.89	360	360
UniRef90_A0A066TDS7	63.31	360	361
UniRef90_V5F104	63.79	360	361
UniRef90_P81435	59.05	360	361
UniRef90_A6FF50	62.05	360	365
UniRef90_R9PKQ1	64.17	360	362
UniRef90_UPI0002F6F399	64.61	360	360
UniRef90_UPI00022CA864	61.56	360	364
UniRef90_A1STY8	62.53	360	362
UniRef90_X2GXS1	61.17	360	361
UniRef90_A0A099KT49	61.28	360	361
UniRef90_F7NWI1	62.01	360	359
UniRef90_A0A0I1QMH3	99.55	360	248
UniRef90_A0A0M2VA10	62.36	360	365
UniRef90_A0A0M4HE89	59.44	360	361
UniRef90_I1DYS7	62.67	360	378
UniRef90_C4LEG2	62.33	360	361
UniRef90_UPI00037AC54D	61.11	360	360
UniRef90_G2LN26	57.38	360	361
UniRef90_UPI00037F27D8	60.88	360	362
UniRef90_UPI0004E120B9	61.84	360	360
UniRef90_J2IE47	61.84	360	360
UniRef90_W0P3P7	56.55	360	361
UniRef90_A0A081NAP8	61.50	360	367
UniRef90_A0A0M6W784	55.71	360	363
UniRef90_A0A0D8D6W0	60.89	360	363
UniRef90_A0A0M2VHL6	62.36	360	365
UniRef90_A0A084CPB1	61.45	360	365
UniRef90_UPI000414E688	62.12	360	360
UniRef90_A3WL74	60.94	360	361
UniRef90_UPI0003B645D8	60.28	360	361
UniRef90_UPI0003FFCE0A	60.00	360	362
UniRef90_Q482G6	59.89	360	361
UniRef90_A0A0K6GV52	61.90	360	360
UniRef90_K6ZE49	61.03	360	349
UniRef90_B5JSF0	61.11	360	361
UniRef90_A0A0A7S0V6	58.89	360	361
UniRef90_UPI00046E9A70	60.00	360	360
UniRef90_UPI000415ABC4	61.94	360	360
UniRef90_Q15T03	58.61	360	361
UniRef90_A0A090AQ85	55.31	360	366
UniRef90_A0A099KH31	58.22	360	361
UniRef90_A0A0E3Y862	57.22	360	363
UniRef90_V2UML7	60.61	360	359
UniRef90_S6BC51	60.56	360	360
UniRef90_Q492S5	55.28	360	362
UniRef90_M4U2Y1	59.94	360	362
UniRef90_A0A081KBU0	60.28	360	361
UniRef90_A0A0J8GUW1	60.06	360	361
UniRef90_A0KJQ8	61.05	360	362
UniRef90_Q3SK88	61.67	360	359
UniRef90_UPI00047B8F48	60.89	360	359
UniRef90_F7RYR3	58.61	360	359
UniRef90_UPI00048229B0	60.00	360	360
UniRef90_B8D9A2	57.38	360	361
UniRef90_T2DLF7	59.17	360	361
UniRef90_W7QL77	59.00	360	362
UniRef90_K7A1G5	56.94	360	363
UniRef90_Q1H0N2	57.50	360	360
UniRef90_W6MCX2	59.22	360	359
UniRef90_UPI00036F77FF	60.00	360	360
UniRef90_W6LRL5	58.77	360	359
UniRef90_A0A099KDN3	57.58	360	365
UniRef90_H2FWN0	58.94	360	361
UniRef90_G2LPH1	57.94	360	361
UniRef90_A0A0D8CQY7	60.28	360	361
UniRef90_W0E210	60.66	360	361
UniRef90_A0A094L566	59.78	360	362
UniRef90_H0JCM7	59.22	360	361
UniRef90_N9V6W2	59.83	360	362
UniRef90_R4V6Z4	59.17	360	360
UniRef90_G4QGU5	55.83	360	363
UniRef90_A0A0F7JVY6	59.17	360	359
UniRef90_A0A0N0IMS6	58.63	360	361
UniRef90_H5T9S5	60.17	360	360
UniRef90_UPI0002E17F9F	57.38	360	368
UniRef90_V2TQ83	58.66	360	359
UniRef90_W8L5M6	60.61	360	360
UniRef90_R1H4W2	59.78	360	362
UniRef90_Q7VR40	52.34	360	365
UniRef90_C6XE04	59.28	360	360
UniRef90_I3CF93	57.54	360	361
UniRef90_A0A078M6E9	58.89	360	361
UniRef90_G4E2F3	59.72	360	362
UniRef90_K6YNH7	58.94	360	361
UniRef90_UPI000367CDDB	60.00	360	359
UniRef90_UPI000377F58C	58.33	360	360
UniRef90_UPI00057066DD	57.66	360	361
UniRef90_UPI0003674296	58.61	360	360
UniRef90_Q5QZ48	57.77	360	361
UniRef90_U7FV05	59.78	360	360
UniRef90_K2LAT4	57.50	360	360
UniRef90_S3EHA9	57.78	360	365
UniRef90_UPI000509E82F	58.89	360	361
UniRef90_B8GRR6	58.61	360	360
UniRef90_UPI0003F85334	58.66	360	360
UniRef90_Q6F961	57.82	360	359
UniRef90_B7GY87	58.94	360	359
UniRef90_I3YAQ4	60.11	360	360
UniRef90_K6Z4I2	58.50	360	361
UniRef90_H1G4C7	58.94	360	360
UniRef90_UPI00036591CB	59.22	360	360
UniRef90_UPI0006CA8290	58.10	360	359
UniRef90_UPI00040DF398	58.26	360	360
UniRef90_UPI0003683D4F	58.61	360	360
UniRef90_UPI00039D2CEB	57.54	360	363
UniRef90_L0W930	58.66	360	360
UniRef90_Q0AA59	58.50	360	360
UniRef90_Q0VNQ0	59.50	360	360
UniRef90_P59492	51.37	360	373
UniRef90_M7PFL5	57.82	360	359
UniRef90_Q12MU6	59.12	360	363
UniRef90_UPI0006830840	59.83	360	354
UniRef90_F9U5P9	58.29	360	360
UniRef90_S6AFY8	58.45	360	360
UniRef90_N9GVF2	57.54	360	359
UniRef90_K7A486	56.82	360	361
UniRef90_D5BWP8	56.58	360	360
UniRef90_A0A0B0HBC7	58.01	360	360
UniRef90_F5Z840	58.06	360	361
UniRef90_UPI0006C7ECB0	57.82	360	360
UniRef90_A0A094JHC3	58.38	360	362
UniRef90_A0A024HJL7	57.54	360	361
UniRef90_U5T2E7	57.78	360	360
UniRef90_A0A0A6S143	59.22	360	358
UniRef90_A0A0B7IU66	58.10	360	360
UniRef90_I3BN96	58.45	360	361
UniRef90_K0CHU2	58.66	360	359
UniRef90_E1VIG6	58.10	360	360
UniRef90_M4R5G8	56.67	360	360
UniRef90_A0A081NH38	58.24	360	361
UniRef90_A1WUJ4	58.61	360	359
UniRef90_UPI00035D174F	57.54	360	359
UniRef90_W0TNS4	57.73	360	358
UniRef90_UPI0004A6B01E	58.61	360	360
UniRef90_UPI00036DB116	59.05	360	359
UniRef90_N8ZQX3	58.66	360	359
UniRef90_A4XTE7	57.70	360	361
UniRef90_UPI0005A6565A	58.84	360	362
UniRef90_UPI00042A1E81	57.54	360	361
UniRef90_UPI0006D68B30	60.11	360	363
UniRef90_A0A089WMX4	57.82	360	361
UniRef90_D3RUQ1	59.17	360	360
UniRef90_G2DEQ8	58.73	360	360
UniRef90_D0STY3	56.70	360	368
UniRef90_M5DVP0	55.37	360	364
UniRef90_A4BM48	56.39	360	360
UniRef90_Q2BK81	58.54	360	359
UniRef90_D8K8T5	56.30	360	360
UniRef90_UPI0003B62EB2	57.26	360	361
UniRef90_UPI0003633E35	55.28	360	361
UniRef90_S3MVF7	57.82	360	359
UniRef90_Q9RI02	57.54	360	361
UniRef90_A0A0F9TGM5	56.11	360	361
UniRef90_L8MTI0	57.98	360	363
UniRef90_UPI00057D93C2	56.15	360	359
UniRef90_UPI0003A9E360	57.22	360	361
UniRef90_UPI0004275ACA	57.75	360	354
UniRef90_A0A0E2GIV5	56.98	360	359
UniRef90_UPI00039B8A9D	57.14	360	360
UniRef90_Q88M07	57.54	360	361
UniRef90_N2ITI3	56.98	360	361
UniRef90_UPI0005C8E546	56.98	360	356
UniRef90_UPI0004015EB1	57.82	360	362
UniRef90_A0A0B4XJW5	57.54	360	359
UniRef90_UPI0003B73809	57.54	360	360
UniRef90_A1TZE5	56.98	360	360
UniRef90_Q3ILA3	55.74	360	360
UniRef90_UPI0005566EF5	56.87	360	368
UniRef90_D3S9K9	57.78	360	361
UniRef90_Q0I322	57.02	360	358
UniRef90_A0A059ZU67	57.34	360	360
UniRef90_A0A094JK20	59.12	360	363
UniRef90_U2E4C4	57.89	360	361
UniRef90_N8TE22	56.70	360	359
UniRef90_A0A0F9J0X7	55.87	360	360
UniRef90_A0A0F9V8C0	55.83	360	361
UniRef90_Q9HZ66	56.98	360	361
UniRef90_UPI0003B71A7D	58.33	360	359
UniRef90_I3D7R8	56.74	360	384
UniRef90_UPI00046B08FB	55.77	360	364
UniRef90_I1XKJ2	57.94	360	359
UniRef90_E1STN2	57.18	360	355
UniRef90_W9UWP0	56.70	360	360
UniRef90_A7BU42	58.38	360	360
UniRef90_UPI000255A0A7	57.98	360	360
UniRef90_L9PNN9	57.38	360	366
UniRef90_A0A0M1JDC1	56.15	360	360
UniRef90_B8F3X8	56.46	360	360
UniRef90_A0A0C2BNS7	55.19	360	367
UniRef90_L0DV46	57.66	360	360
UniRef90_A0A0B5CFK1	56.98	360	361
UniRef90_C1DRQ9	57.26	360	361
UniRef90_A0A0G3G3P1	58.22	360	359
UniRef90_V4J8Y7	57.85	360	380
UniRef90_H6Q4Q1	51.25	360	362
UniRef90_UPI0004A70489	56.70	360	355
UniRef90_Q1N5G0	56.90	360	360
UniRef90_M5DRZ2	56.27	360	360
UniRef90_A0A098U585	56.79	360	362
UniRef90_I1YEG9	56.70	360	348
UniRef90_A3D4A1	56.79	360	363
UniRef90_UPI00035D32FA	56.55	360	360
UniRef90_D5CTY3	57.78	360	360
UniRef90_A0A0B3BUB6	55.62	360	360
UniRef90_A0A066UJ26	57.54	360	360
UniRef90_D0SBW2	56.15	360	376
UniRef90_F9ZGK9	54.42	360	363
UniRef90_UPI00042802DB	56.82	360	362
UniRef90_UPI0003F955B7	58.82	360	360
UniRef90_A0A060P7L3	56.30	360	360
UniRef90_A1S6D1	57.06	360	364
UniRef90_UPI0004243A42	58.06	360	360
UniRef90_B3EK64	56.27	360	360
UniRef90_Q2SCF2	57.42	360	361
UniRef90_C0N968	57.43	360	348
UniRef90_A0A0L6T3P3	55.83	360	360
UniRef90_A0A0F5F074	56.06	360	360
UniRef90_UPI00035F5E87	55.59	360	359
UniRef90_W9VVC2	56.67	360	360
UniRef90_Q2Y6Y9	55.28	360	362
UniRef90_C5ACM8	56.86	360	360
UniRef90_A0A0M1JIX5	54.44	360	360
UniRef90_J3HW19	54.86	360	370
UniRef90_H8Z8E3	57.10	360	360
UniRef90_UPI000255B837	58.50	360	359
UniRef90_A0A063Y6U7	56.39	360	360
UniRef90_D9SF68	57.78	360	360
UniRef90_UPI0005EB6D4A	56.79	360	360
UniRef90_UPI0004906AE2	55.49	360	364
UniRef90_A3N066	54.02	360	362
UniRef90_UPI00036C730E	56.30	360	360
UniRef90_UPI00041A4F86	56.79	360	369
UniRef90_Q65S80	54.65	360	361
UniRef90_A0A0D5M396	56.75	360	367
UniRef90_Q2SY28	55.31	360	360
UniRef90_A0A0G3EVB8	55.25	360	365
UniRef90_Q0AFR6	53.01	360	368
UniRef90_N9AEF2	56.82	360	360
UniRef90_UPI0004914DA2	56.51	360	361
UniRef90_C3K6J5	56.42	360	361
UniRef90_Q0F208	56.73	360	348
UniRef90_H5WI36	55.00	360	360
UniRef90_E7RUM1	56.30	360	360
UniRef90_UPI0004771C21	55.59	360	360
UniRef90_A0YDR6	56.74	360	358
UniRef90_A0A084IHP6	55.83	360	360
UniRef90_C1D8N3	56.67	360	359
UniRef90_Q48FM8	56.70	360	380
UniRef90_F8GHP3	54.72	360	363
UniRef90_A5WFB7	56.13	360	381
UniRef90_A0A0F9KY50	56.57	360	348
UniRef90_Q31GD6	55.31	360	354
UniRef90_N6W2S9	55.46	360	363
UniRef90_D8IR46	55.26	360	370
UniRef90_A0A090BVS3	56.52	360	360
UniRef90_J3DJM4	54.79	360	365
UniRef90_A0A0K0SVR0	56.02	360	359
UniRef90_UPI00046F68AE	56.39	360	361
UniRef90_UPI0002556065	54.32	360	361
UniRef90_UPI000614C8E1	56.63	360	360
UniRef90_V5UIY7	55.31	360	370
UniRef90_A0A0M1JA76	54.17	360	360
UniRef90_A0A0N1JRT7	57.58	360	364
UniRef90_Q4FSW9	55.96	360	373
UniRef90_Q081U0	56.51	360	363
UniRef90_Q885T5	56.42	360	361
UniRef90_UPI0002624A00	55.71	360	362
UniRef90_UPI0004913401	56.79	360	363
UniRef90_UPI0003706B44	56.23	360	362
UniRef90_G0ADN7	56.25	360	381
UniRef90_A0A094P289	57.22	360	364
UniRef90_Q608S0	54.72	360	360
UniRef90_I0HND6	56.79	360	360
UniRef90_A0A0A7EHU4	54.87	360	359
UniRef90_A0A0M9GE63	56.42	360	361
UniRef90_UPI00036CFCA6	55.25	360	379
UniRef90_A0A0F9MMQ9	55.43	360	348
UniRef90_B0TT41	57.06	360	363
UniRef90_UPI0003792343	55.83	360	356
UniRef90_UPI00035EC19E	56.79	360	360
UniRef90_A0A081G3S9	56.86	360	360
UniRef90_UPI0005A824B5	53.35	360	360
UniRef90_A0A066ZS84	54.75	360	354
UniRef90_E6KYU1	54.75	360	360
UniRef90_A9ADV9	55.31	360	360
UniRef90_A1K4C9	54.40	360	365
UniRef90_UPI00040DCA5C	56.34	360	354
UniRef90_A0A060BGN9	56.47	360	367
UniRef90_A0A0F7M779	56.67	360	359
UniRef90_UPI0004643DE6	54.19	360	354
UniRef90_F5T043	55.71	360	348
UniRef90_A0A0A3ANB5	54.44	360	360
UniRef90_UPI00047FE60B	55.28	360	360
UniRef90_Q820S0	54.10	360	368
UniRef90_A0A0M4T5X9	55.96	360	369
UniRef90_UPI000475F969	56.39	360	360
UniRef90_W5YNJ2	54.47	360	360
UniRef90_B6EI26	54.49	360	361
UniRef90_UPI00036AF712	55.18	360	357
UniRef90_UPI0005C1C507	56.94	360	360
UniRef90_UPI00058C2437	55.46	360	360
UniRef90_UPI0003736FEB	53.78	360	360
UniRef90_A6F358	53.63	360	361
UniRef90_A0A0M4LPB0	55.00	360	359
UniRef90_UPI000416A902	54.44	360	360
UniRef90_UPI00046F51F4	55.40	360	364
UniRef90_A0A0J1D5J4	54.06	360	360
UniRef90_UPI00036D736A	55.52	360	368
UniRef90_UPI000378A70A	55.34	360	361
UniRef90_B1XZA4	55.83	360	360
UniRef90_F4HEI3	53.07	360	361
UniRef90_A0A0J1DFH0	55.68	360	362
UniRef90_G0JR05	55.96	360	362
UniRef90_G8QHV9	55.38	360	376
UniRef90_X0QRX0	55.83	360	375
UniRef90_UPI0006460DAE	55.28	360	360
UniRef90_C8PUB2	55.96	360	367
UniRef90_UPI000700B03B	55.28	360	360
UniRef90_UPI00067D5018	55.46	360	365
UniRef90_H0Q2E5	54.37	360	367
UniRef90_UPI000426044C	55.28	360	359
UniRef90_B2JF00	54.47	360	360
UniRef90_Z5XRF2	55.00	360	362
UniRef90_L8DCF2	54.87	360	360
UniRef90_UPI0006F1EEBB	55.92	360	361
UniRef90_UPI0004061628	56.23	360	353
UniRef90_UPI000407059A	56.27	360	361
UniRef90_UPI00048E6069	54.95	360	382
UniRef90_A0A098T226	55.87	360	361
UniRef90_G2DVZ0	55.83	360	360
UniRef90_A0A0K8K0R0	56.51	360	363
UniRef90_C5S291	54.02	360	362
UniRef90_UPI000488E6B2	56.02	360	361
UniRef90_UPI0004E117C6	55.56	360	361
UniRef90_A0A0E9M7N7	56.11	360	360
UniRef90_A0A0N1EM41	53.50	360	360
UniRef90_UPI0005705139	53.35	360	354
UniRef90_A0A085EUZ1	55.68	360	365
UniRef90_UPI0004079868	56.55	360	361
UniRef90_UPI00052F1B22	55.96	360	364
UniRef90_W4NSF1	53.91	360	392
UniRef90_A0A0M3RL18	55.59	360	359
UniRef90_K0C4S2	54.06	360	360
UniRef90_C6WVF0	55.03	360	358
UniRef90_UPI000425D3B6	54.75	360	360
UniRef90_A0A0C3N7A6	54.17	360	363
UniRef90_A0A0B1PXS2	56.20	360	367
UniRef90_F6DCK5	54.17	360	357
UniRef90_C4KB62	55.22	360	365
UniRef90_UPI00037BFAB4	55.37	360	367
UniRef90_UPI000666BE9E	55.12	360	363
UniRef90_F5SMJ2	54.50	360	382
UniRef90_UPI00048F1A9E	56.63	360	363
UniRef90_F9QB82	53.76	360	362
UniRef90_UPI000412DC2B	56.35	360	366
UniRef90_Q057N5	49.58	360	362
UniRef90_UPI000408630A	55.00	360	362
UniRef90_A0A0F7KJU8	53.30	360	367
UniRef90_Q1QVJ0	56.27	360	377
UniRef90_A0A0N1AE16	54.17	360	360
UniRef90_UPI000647C678	55.43	360	358
UniRef90_A0A0N0L7I6	51.68	360	364
UniRef90_B8GRR6	58.61	360	360
UniRef90_UPI00046E9A70	60.00	360	360
UniRef90_A0A0F7JVY6	59.17	360	359
UniRef90_C6XE04	58.89	360	360
UniRef90_UPI000415ABC4	61.94	360	360
UniRef90_W8L5M6	60.61	360	360
UniRef90_Q8XEA7	98.89	360	362
UniRef90_UPI00036F77FF	60.00	360	360
UniRef90_S6BC51	60.56	360	360
UniRef90_A0A0L0AP39	86.67	360	362
UniRef90_J1QA47	88.06	360	362
UniRef90_A0A085GJF2	74.72	360	361
UniRef90_R8APA0	72.42	360	362
UniRef90_A0A0L7TIX9	81.67	360	361
UniRef90_UPI00046A31A7	82.22	360	361
UniRef90_UPI0002FC91AD	86.67	360	362
UniRef90_A0A0G3QC41	86.94	360	362
UniRef90_A6T700	86.67	360	362
UniRef90_D3RUQ1	58.89	360	360
UniRef90_A4W8S7	88.61	360	362
UniRef90_E3G1C2	88.33	360	362
UniRef90_A9MHX6	88.33	360	362
UniRef90_A0A085IG74	88.06	360	362
UniRef90_Q0AA59	58.06	360	360
UniRef90_H2IRK4	75.28	360	361
UniRef90_W6MCX2	58.89	360	359
UniRef90_B5JSF0	61.11	360	361
UniRef90_UPI0003683D4F	58.61	360	360
UniRef90_I3YAQ4	59.44	360	360
UniRef90_F9U5P9	58.06	360	360
UniRef90_UPI0002E17F9F	57.38	360	368
UniRef90_Q1H0N2	57.50	360	360
UniRef90_A0A085AFZ4	86.67	360	361
UniRef90_P19689	75.28	360	361
UniRef90_UPI0003650EEB	85.56	360	362
UniRef90_A0A0B0HBC7	58.06	360	360
UniRef90_A0A0A1B131	80.83	360	361
UniRef90_A0A071LVL4	87.22	360	362
UniRef90_A7MES8	85.56	360	361
UniRef90_G4E2F3	59.72	360	362
UniRef90_UPI0005E40668	72.78	360	361
UniRef90_I2BAP3	83.89	360	362
UniRef90_A8GCH0	76.67	360	361
UniRef90_S6AFY8	58.06	360	360
UniRef90_A0A0H5MSZ0	75.00	360	361
UniRef90_H1G4C7	58.94	360	360
UniRef90_I3BN96	58.45	360	361
UniRef90_UPI0004E1601B	85.00	360	361
UniRef90_B2VC80	81.39	360	361
UniRef90_A0A085GGS4	85.28	360	361
UniRef90_A0A0C2BNS7	55.19	360	367
UniRef90_L0W930	58.33	360	360
UniRef90_A0A014PSA2	80.56	360	361
UniRef90_A0A089UDE0	86.11	360	361
UniRef90_E6WC87	80.83	360	361
UniRef90_UPI000367CDDB	59.89	360	359
UniRef90_W0TNS4	56.94	360	358
UniRef90_E0SMZ2	77.50	360	361
UniRef90_UPI00048229B0	60.00	360	360
UniRef90_D2TS44	88.89	360	362
UniRef90_A1WUJ4	58.89	360	359
UniRef90_C6C7T5	76.94	360	361
UniRef90_D5CTY3	57.78	360	360
UniRef90_G7LL31	76.39	360	361
UniRef90_Q15T03	58.61	360	361
UniRef90_W9VVC2	55.83	360	360
UniRef90_D8MQC4	80.56	360	361
UniRef90_A0A090QNT1	71.11	360	360
UniRef90_A0A0B4XJW5	56.94	360	359
UniRef90_A0A0B6G9J5	72.50	360	361
UniRef90_C4U5N7	72.78	360	361
UniRef90_Q7N6D6	72.78	360	362
UniRef90_Q6D400	78.33	360	361
UniRef90_D5BWP8	56.11	360	360
UniRef90_U7FV05	59.17	360	360
UniRef90_D2C1I9	76.11	360	361
UniRef90_UPI0004799437	76.67	360	361
UniRef90_D9SF68	57.78	360	360
UniRef90_G2DVZ0	55.00	360	360
UniRef90_A0A085JC06	78.33	360	361
UniRef90_L8JF75	68.06	360	360
UniRef90_Q3SK88	61.56	360	359
UniRef90_UPI00054E0C79	80.00	360	361
UniRef90_UPI000700B03B	55.28	360	360
UniRef90_K0CHU2	58.33	360	359
UniRef90_UPI00040DF398	58.43	360	360
UniRef90_G2DEQ8	58.06	360	360
UniRef90_A0A078M6E9	58.89	360	361
UniRef90_UPI0006C7ECB0	57.98	360	360
UniRef90_H5WI36	55.00	360	360
UniRef90_W6LRL5	58.06	360	359
UniRef90_B2Q1M0	70.00	360	362
UniRef90_Q2NUB0	75.56	360	361
UniRef90_N6W2S9	55.00	360	363
UniRef90_A0A0L6T3P3	55.83	360	360
UniRef90_UPI00042A1E81	57.22	360	361
UniRef90_A0A024HJL7	57.22	360	361
UniRef90_A0A097R0X8	75.90	360	362
UniRef90_Q87QA3	68.80	360	364
UniRef90_UPI000255A0A7	57.50	360	360
UniRef90_UPI00057066DD	57.98	360	361
UniRef90_Q7MLH6	66.85	360	364
UniRef90_S7JLY5	68.80	360	364
UniRef90_UPI00066044C3	78.61	360	361
UniRef90_A0A090BVS3	56.67	360	360
UniRef90_A0A0G3CPM2	75.00	360	361
UniRef90_A1TZE5	56.67	360	360
UniRef90_UPI00036591CB	58.89	360	360
UniRef90_UPI00035D32FA	56.39	360	360
UniRef90_A0A0M2KCK1	78.89	360	361
UniRef90_V2UML7	60.00	360	359
UniRef90_Q9HZ66	56.67	360	361
UniRef90_E1SID1	78.89	360	361
UniRef90_A0A0D1MY56	85.00	360	361
UniRef90_UPI0003711B2F	67.97	360	360
UniRef90_A0A0E9M7N7	56.11	360	360
UniRef90_UPI0003B71A7D	58.06	360	359
UniRef90_U4K3Y3	66.85	360	360
UniRef90_Q5E6F2	68.80	360	360
UniRef90_A0A0K0SVR0	55.43	360	359
UniRef90_A0A099LKB6	66.57	360	364
UniRef90_UPI0005566EF5	56.87	360	368
UniRef90_UPI0006D5B0EA	54.17	360	360
UniRef90_A0A090P2A6	69.64	360	360
UniRef90_UPI0004B9AB54	78.89	360	361
UniRef90_H8Z8E3	56.39	360	360
UniRef90_B6XBX6	66.67	360	362
UniRef90_A4XTE7	57.22	360	361
UniRef90_UPI0004914DA2	56.51	360	361
UniRef90_UPI0003FC9920	73.89	360	361
UniRef90_UPI00063C75E3	65.83	360	364
UniRef90_UPI00039B8A9D	56.11	360	360
UniRef90_A0A0J8YUX5	74.44	360	361
UniRef90_Q2BK81	58.06	360	359
UniRef90_W5YNJ2	54.17	360	360
UniRef90_D8IR46	54.32	360	370
UniRef90_A0A0C5WQD2	67.41	360	360
UniRef90_A0A0F9V8C0	55.83	360	361
UniRef90_A0A0J1HBL0	69.64	360	360
UniRef90_A0A0F9TGM5	56.11	360	361
UniRef90_W0E210	60.66	360	361
UniRef90_C4KB62	55.22	360	365
UniRef90_A0A089WMX4	57.22	360	361
UniRef90_UPI0003684707	80.00	360	361
UniRef90_F8GHP3	54.85	360	363
UniRef90_C1DRQ9	56.94	360	361
UniRef90_B3EK64	55.00	360	360
UniRef90_UPI00047FE60B	55.28	360	360
UniRef90_E1VIG6	57.78	360	360
UniRef90_H0JCM7	58.89	360	361
UniRef90_A0A0F5VFF8	67.50	360	360
UniRef90_M5DVP0	55.65	360	364
UniRef90_UPI000550AE89	55.96	360	361
UniRef90_A0A0H2QJA3	69.08	360	362
UniRef90_J3HW19	54.86	360	370
UniRef90_UPI0003674296	58.61	360	360
UniRef90_D8K8T5	55.83	360	360
UniRef90_UPI00067D5018	54.52	360	365
UniRef90_A0A0B7IU66	56.94	360	360
UniRef90_UPI00035D174F	57.50	360	359
UniRef90_A0A0C5J9R9	53.99	360	364
UniRef90_A0A0M1JIX5	54.44	360	360
UniRef90_UPI0005A95211	64.90	360	364
UniRef90_A4BM48	56.39	360	360
UniRef90_A0A066UV52	68.80	360	364
UniRef90_Q1N5G0	56.27	360	360
UniRef90_L8MTI0	57.50	360	363
UniRef90_B4ET24	69.44	360	362
UniRef90_UPI000614C8E1	56.39	360	360
UniRef90_UPI0003FEF86F	53.89	360	360
UniRef90_A0A0F4NRS8	66.94	360	360
UniRef90_A0A0B3BUB6	55.00	360	360
UniRef90_Q88M07	56.94	360	361
UniRef90_D1P016	67.22	360	362
UniRef90_UPI00036C730E	55.56	360	360
UniRef90_Q48FM8	56.39	360	380
UniRef90_F9TE34	66.94	360	360
UniRef90_UPI0004906AE2	55.10	360	364
UniRef90_V5UIY7	55.01	360	370
UniRef90_B1XZA4	55.83	360	360
UniRef90_B6EHR4	68.61	360	360
UniRef90_I0HND6	56.94	360	360
UniRef90_UPI00039A9C47	66.02	360	364
UniRef90_A0A0A6S143	58.89	360	358
UniRef90_UPI0004A6B01E	58.61	360	360
UniRef90_Q6LPD9	67.50	360	360
UniRef90_Q820S0	53.68	360	368
UniRef90_F9ZGK9	54.70	360	363
UniRef90_A0A0J1HIF1	68.33	360	360
UniRef90_C0N968	57.43	360	348
UniRef90_I1XKJ2	57.22	360	359
UniRef90_D4GNG6	78.61	360	367
UniRef90_A0A085HKW2	76.29	360	349
UniRef90_A0A0G3EVB8	54.95	360	365
UniRef90_UPI0006FFAC1F	55.00	360	360
UniRef90_A0A0F9J0X7	55.56	360	360
UniRef90_G0ADN7	55.31	360	381
UniRef90_UPI0003B62EB2	56.94	360	361
UniRef90_R4V6Z4	59.17	360	360
UniRef90_Q482G6	60.06	360	361
UniRef90_C1D8N3	56.67	360	359
UniRef90_A0A0B5CFK1	56.39	360	361
UniRef90_UPI0003B73809	56.94	360	360
UniRef90_UPI0005605E50	67.22	360	360
UniRef90_A0A0F4PCS4	64.35	360	360
UniRef90_UPI00046B08FB	55.65	360	364
UniRef90_C6WVF0	55.03	360	358
UniRef90_M7PFL5	57.50	360	359
UniRef90_A0A0G3G3P1	57.78	360	359
UniRef90_A0A0F7KJU8	53.30	360	367
UniRef90_N8ZQX3	58.06	360	359
UniRef90_UPI000393FECB	65.74	360	364
UniRef90_Q2Y6Y9	54.72	360	362
UniRef90_C9P444	66.57	360	364
UniRef90_J3DJM4	54.79	360	365
UniRef90_UPI000416A902	54.17	360	360
UniRef90_U5T2E7	57.78	360	360
UniRef90_A1STY8	62.33	360	362
UniRef90_A0A090R9D5	65.74	360	361
UniRef90_E8LSF6	66.11	360	360
UniRef90_UPI0003706B44	56.23	360	362
UniRef90_W1JBK7	70.28	360	362
UniRef90_F9RGE9	65.18	360	360
UniRef90_F7YKX1	65.46	360	380
UniRef90_UPI00047B8F48	60.00	360	359
UniRef90_U3CIB2	67.97	360	367
UniRef90_Q8RLW0	69.72	360	362
UniRef90_A0A0F7M779	56.67	360	359
UniRef90_Q0VNQ0	58.61	360	360
UniRef90_A0A0F5AU34	64.17	360	360
UniRef90_UPI000491E375	73.06	360	361
UniRef90_A0A0K6H1X2	53.74	360	362
UniRef90_V2TQ83	57.78	360	359
UniRef90_A6F358	53.33	360	361
UniRef90_A0A0L7YXS5	64.90	360	365
UniRef90_N8TE22	56.39	360	359
UniRef90_A0A085EUZ1	55.68	360	365
UniRef90_Q885T5	56.11	360	361
UniRef90_Q6F961	57.50	360	359
UniRef90_V4J8Y7	56.87	360	380
UniRef90_UPI0003F955B7	58.33	360	360
UniRef90_A0A068R6W1	69.17	360	362
UniRef90_D0SBW2	55.56	360	376
UniRef90_A0A099KT49	61.45	360	361
UniRef90_A0A063Y6U7	56.39	360	360
UniRef90_Q0AFR6	53.01	360	368
UniRef90_B7GY87	58.33	360	359
UniRef90_D3S9K9	57.34	360	361
UniRef90_UPI000408630A	55.00	360	362
UniRef90_UPI000426044C	55.28	360	359
UniRef90_U4UZ06	75.43	360	349
UniRef90_I1DYS7	62.67	360	378
UniRef90_A0A098U585	56.79	360	362
UniRef90_UPI0006532D7A	55.00	360	357
UniRef90_UPI0003FFCE0A	59.83	360	362
UniRef90_C5ACM8	56.86	360	360
UniRef90_A0A0D8NGY4	67.50	360	360
UniRef90_UPI0004793BE7	54.17	360	360
UniRef90_Q9RI02	57.22	360	361
UniRef90_UPI0006460DAE	55.28	360	360
UniRef90_N9GVF2	56.94	360	359
UniRef90_A0A0J8VF78	67.13	360	360
UniRef90_UPI00048E5776	53.20	360	359
UniRef90_E8M6G4	65.46	360	360
UniRef90_K6ZE49	61.03	360	349
UniRef90_UPI00037F27D8	60.94	360	362
UniRef90_A0A098T226	55.56	360	361
UniRef90_UPI000647C678	55.43	360	358
UniRef90_A0A0J1DFH0	55.68	360	362
UniRef90_UPI0005C1C507	56.94	360	360
UniRef90_A9ADV9	55.31	360	360
UniRef90_UPI00035EC19E	55.83	360	360
UniRef90_D0STY3	56.39	360	368
UniRef90_M5DRZ2	56.27	360	360
UniRef90_A0A0M9GE63	56.11	360	361
UniRef90_UPI0006CA8290	57.78	360	359
UniRef90_A0A090S0F2	65.46	360	364
UniRef90_UPI0006FE4D06	56.23	360	362
UniRef90_I2JN79	54.32	360	359
UniRef90_A0A084IHP6	55.83	360	360
UniRef90_C3K6J5	56.11	360	361
UniRef90_UPI0003B57303	54.75	360	360
UniRef90_A0A097QL83	65.74	360	360
UniRef90_UPI00036AF712	55.18	360	357
UniRef90_UPI000377F58C	58.50	360	360
UniRef90_UPI0004A70489	56.39	360	355
UniRef90_A1K4C9	54.40	360	365
UniRef90_UPI0002D59376	66.85	360	365
UniRef90_I3CF93	57.22	360	361
UniRef90_S3MVF7	57.22	360	359
UniRef90_F5T043	55.71	360	348
UniRef90_E7RUM1	55.83	360	360
UniRef90_D0I6S3	64.17	360	360
UniRef90_D0YYK6	67.50	360	360
UniRef90_C9QID1	66.57	360	360
UniRef90_UPI0003792343	55.83	360	356
UniRef90_UPI000492121F	54.17	360	359
UniRef90_A0A099KDN3	57.73	360	365
UniRef90_A0A0B8Q6T8	64.62	360	360
UniRef90_A3JJQ8	54.17	360	360
UniRef90_UPI0004771C21	55.59	360	360
UniRef90_A0A0D8CQY7	59.38	360	361
UniRef90_A0YDR6	56.70	360	358
UniRef90_A6D6X7	66.39	360	364
UniRef90_UPI00035F5E87	55.28	360	359
UniRef90_UPI000475F969	56.39	360	360
UniRef90_UPI0003A9E360	57.22	360	361
UniRef90_L0DV46	57.50	360	360
UniRef90_A0A0E2GIV5	56.39	360	359
UniRef90_U3B752	66.57	360	367
UniRef90_N9AEF2	56.51	360	360
UniRef90_UPI0004DFCAF7	53.76	360	359
UniRef90_G2J4Q0	53.06	360	362
UniRef90_UPI0006EC0310	64.17	360	362
UniRef90_A0A060P7L3	56.30	360	360
UniRef90_Q0F208	57.23	360	348
UniRef90_A0A0D8Q8W0	66.11	360	360
UniRef90_UPI0003A66C7C	54.72	360	360
UniRef90_UPI00057D93C2	55.56	360	359
UniRef90_UPI0003B645D8	60.45	360	361
UniRef90_A0A0A0DVK5	53.53	360	368
UniRef90_A0A0N1JRT7	57.58	360	364
UniRef90_UPI00035DF0AD	53.74	360	361
UniRef90_UPI0002FA52CA	64.07	360	360
UniRef90_A0A0K1WKF8	51.94	360	360
UniRef90_L0GW93	56.94	360	360
UniRef90_UPI0002624A00	55.99	360	362
UniRef90_E6QX63	53.35	360	369
UniRef90_W0SG97	56.11	360	362
UniRef90_A0A099KH31	58.38	360	361
UniRef90_UPI000488E6B2	55.43	360	361
UniRef90_A0A0N1AE16	54.17	360	360
UniRef90_W9UWP0	56.39	360	360
UniRef90_Q2SCF2	56.94	360	361
UniRef90_M4U2Y1	59.61	360	362
UniRef90_A0A081KBU0	60.28	360	361
UniRef90_A0A0F9KY50	56.57	360	348
UniRef90_Q2SY28	55.31	360	360
UniRef90_Q9X4H1	69.06	360	363
UniRef90_A0A0D8D6W0	60.89	360	363
UniRef90_UPI0003B5E94A	53.33	360	358
UniRef90_F7XXK3	69.17	360	361
UniRef90_UPI000425D3B6	54.75	360	360
UniRef90_Q608S0	54.44	360	360
UniRef90_T0ASV6	54.42	360	365
UniRef90_A0A081G3S9	56.39	360	360
UniRef90_UPI00061D093C	53.74	360	360
UniRef90_D7DHN6	52.92	360	360
UniRef90_N2ITI3	56.39	360	361
UniRef90_UPI0002EAFDE5	64.99	360	364
UniRef90_UPI00037AC54D	61.11	360	360
UniRef90_B2JF00	54.47	360	360
UniRef90_A0A0F9MMQ9	55.43	360	348
UniRef90_A0A0J8GUW1	60.06	360	361
UniRef90_UPI0006CF2A41	64.62	360	360
UniRef90_UPI00058C2437	54.17	360	360
UniRef90_A0A0K8K0R0	56.51	360	363
UniRef90_A0A0G3BLV3	52.07	360	363
UniRef90_Y0KGK4	53.61	360	359
UniRef90_A7BU42	57.78	360	360
UniRef90_J7TRT3	67.69	360	361
UniRef90_A0A0K1JA86	53.70	360	365
UniRef90_I1YEG9	56.00	360	348
UniRef90_A0A0M2VA10	62.36	360	365
UniRef90_A0A081NAP8	61.39	360	367
UniRef90_H2FWN0	58.50	360	361
UniRef90_B7RYD5	54.17	360	359
UniRef90_W4NSF1	53.91	360	392
UniRef90_A0A0M0I1N6	66.02	360	360
UniRef90_V5F104	63.79	360	361
UniRef90_E4PJD9	55.01	360	347
UniRef90_A0A0H2MR35	66.11	360	360
UniRef90_UPI0005C8E546	56.67	360	356
UniRef90_UPI0005EB6D4A	55.28	360	360
UniRef90_A0A0G5PJP9	56.39	360	1288
UniRef90_UPI0004E120B9	61.84	360	360
UniRef90_A4G865	53.17	360	363
UniRef90_UPI0007021AB7	52.72	360	369
UniRef90_C8PUB2	56.20	360	367
UniRef90_UPI00048DCD2B	52.50	360	360
UniRef90_UPI0004209BBB	56.08	360	364
UniRef90_F7NWI1	61.73	360	359
UniRef90_A0A0A6TME2	54.32	360	359
UniRef90_W7QL77	58.89	360	362
UniRef90_A0A0M1JA76	54.44	360	360
UniRef90_UPI00040422B3	65.10	360	362
UniRef90_A6FF50	62.22	360	365
UniRef90_U2E4C4	56.67	360	361
UniRef90_Q5P7U7	52.32	360	366
UniRef90_I8T157	53.06	360	360
UniRef90_B7J6V1	55.56	360	362
UniRef90_A0A0B1PXS2	55.89	360	367
UniRef90_UPI000412DC2B	55.77	360	366
UniRef90_UPI00035F5D27	53.28	360	368
UniRef90_K9D8C0	54.72	360	361
UniRef90_F6DCK5	54.17	360	357
UniRef90_Q47GP4	52.09	360	361
UniRef90_UPI0002F6F399	64.25	360	360
UniRef90_K0C4S2	53.91	360	360
UniRef90_D0L0E9	55.10	360	363
UniRef90_Q46Y46	53.17	360	383
UniRef90_UPI00056DDC11	66.39	360	360
UniRef90_H0Q2E5	54.08	360	367
UniRef90_UPI000362D1DE	53.76	360	359
UniRef90_UPI00041CDF08	53.49	360	374
UniRef90_A0A0J1D5J4	54.06	360	360
UniRef90_A5WFB7	55.16	360	381
UniRef90_UPI0003736FEB	53.78	360	360
UniRef90_A0A081NH38	58.61	360	361
UniRef90_Q8Y0Z0	53.30	360	378
UniRef90_R4YLF0	52.78	360	360
UniRef90_C4LEG2	62.15	360	361
UniRef90_UPI0003B3F712	54.44	360	361
UniRef90_UPI00036CFCA6	54.77	360	379
UniRef90_Q9KSU7	66.85	360	364
UniRef90_A0A0A6QHR6	54.44	360	360
UniRef90_UPI000407059A	55.96	360	361
UniRef90_G0A477	53.20	360	359
UniRef90_Q0KDI3	52.33	360	398
UniRef90_UPI000703BF08	54.17	360	360
UniRef90_A0A0F3KCA4	53.31	360	361
UniRef90_UPI00042802DB	56.51	360	362
UniRef90_A0A0J5GI11	52.35	360	361
UniRef90_A0A0G9HAT6	55.40	360	361
UniRef90_UPI0003F96D1C	52.91	360	361
UniRef90_A0A0M1JDC1	55.56	360	360
UniRef90_UPI000255B837	57.89	360	359
UniRef90_UPI00052F31C9	49.72	360	429
UniRef90_A0A094P289	56.91	360	364
UniRef90_A0A088NAK4	68.33	360	361
UniRef90_R4I048	68.61	360	361
UniRef90_A0A0K6GV52	61.90	360	360
UniRef90_L9PNN9	57.10	360	366
UniRef90_D8TWJ4	51.10	360	404
UniRef90_A0KJQ8	61.05	360	362
UniRef90_Q1QVJ0	55.96	360	377
UniRef90_D5X293	50.41	360	367
UniRef90_A0A023NPF2	53.19	360	361
UniRef90_UPI0005A6565A	58.84	360	362
UniRef90_UPI000403E1E0	53.33	360	360
UniRef90_J2IE47	61.84	360	360
UniRef90_A0A0J6RCD1	52.35	360	362
UniRef90_UPI0003807104	52.07	360	363
UniRef90_UPI00041A4F86	56.91	360	369
UniRef90_F3KRN7	52.16	360	377
UniRef90_UPI0005AA2D34	51.90	360	369
UniRef90_N9V6W2	59.83	360	362
UniRef90_A0A0K0IKX1	50.70	360	360
UniRef90_I9W7W6	54.12	360	398
UniRef90_A0A0M2VHL6	62.36	360	365
UniRef90_UPI0004079868	55.96	360	361
UniRef90_UPI00048E6069	54.62	360	382
UniRef90_UPI0006FFFDED	52.72	360	366
UniRef90_A0A094MY93	53.19	360	361
UniRef90_F3KZY8	55.00	360	359
UniRef90_J3VRG0	68.61	360	361
UniRef90_UPI0006F26428	51.91	360	369
UniRef90_UPI0006D0963B	52.65	360	359
UniRef90_R9PKQ1	64.17	360	362
UniRef90_UPI000379432A	52.92	360	359
UniRef90_H8GN72	52.65	360	359
UniRef90_UPI00058D5ACB	55.68	360	361
UniRef90_UPI0005C80B38	49.31	360	429
UniRef90_UPI000414E688	61.56	360	360
UniRef90_A0A0L8ARD5	52.08	360	363
UniRef90_K0I236	51.63	360	369
UniRef90_Q7NVP1	53.46	360	362
UniRef90_E3BKX0	64.90	360	360
UniRef90_A0A0D5M396	56.44	360	367
UniRef90_UPI0006515591	55.46	360	367
UniRef90_E0WV01	66.67	360	363
UniRef90_A0A0D2M0V2	50.28	360	420
UniRef90_UPI000487EE4B	54.25	360	367
UniRef90_G4SWG4	51.11	360	360
UniRef90_A1VR16	51.36	360	368
UniRef90_UPI000361EA6D	53.76	360	359
UniRef90_UPI00053C2A9D	50.28	360	431
UniRef90_A0A061DGC0	50.83	360	427
UniRef90_A0A0D7K7J8	51.90	360	369
UniRef90_J3Z5N1	69.08	360	362
UniRef90_UPI0006F1EEBB	55.37	360	361
UniRef90_J2KSZ8	52.72	360	368
UniRef90_G3J1V8	52.92	360	359
UniRef90_K6Z4I2	58.50	360	361
UniRef90_B9H657	49.31	360	426
UniRef90_F5SMJ2	54.35	360	382
UniRef90_F6H8F3	48.62	360	427
UniRef90_F1VTY8	53.70	360	367
UniRef90_UPI00048D9765	51.68	360	360
UniRef90_UPI0004806ADE	50.54	360	369
UniRef90_UPI00023766D6	50.54	360	369
UniRef90_A0A067LGT1	49.31	360	423
UniRef90_R1H4W2	59.39	360	362
UniRef90_UPI00036DB116	58.73	360	359
UniRef90_X0QRX0	55.80	360	375
UniRef90_A0A060BGN9	56.16	360	367
UniRef90_UPI00037BFAB4	55.07	360	367
UniRef90_W7WZT8	51.37	360	368
UniRef90_A0A0E3BRV1	50.54	360	369
UniRef90_UPI000486E386	52.47	360	362
