UniRef90_Q9XBQ3	100.00	497	502
UniRef90_A0A0D8BQ31	97.99	497	502
UniRef90_B7GGW2	91.53	497	502
UniRef90_A0A0M2PAH2	83.30	497	502
UniRef90_A0A0A6VC60	82.70	497	502
UniRef90_R9C1V6	82.90	497	503
UniRef90_UPI0005A940E8	83.10	497	503
UniRef90_A0A0A0E6R5	81.89	497	504
UniRef90_UPI000617D35F	81.12	497	504
UniRef90_UPI00048DEEEB	78.31	497	505
UniRef90_A0A0M2PT58	77.46	497	500
UniRef90_Q9KBR4	78.63	497	500
UniRef90_W4QUL9	77.67	497	500
UniRef90_UPI0005F7C541	78.27	497	501
UniRef90_S7STX1	97.00	497	401
UniRef90_UPI0004B9E8CF	74.40	497	502
UniRef90_I6WHV1	76.66	497	502
UniRef90_F5SKT1	74.45	497	510
UniRef90_UPI000617EC5E	75.40	497	501
UniRef90_UPI00047B9C5D	73.99	497	504
UniRef90_UPI000374D695	74.14	497	505
UniRef90_UPI000479B6A8	74.40	497	507
UniRef90_UPI00047AF52F	72.84	497	504
UniRef90_UPI0003775080	74.25	497	503
UniRef90_F8FMU9	74.04	497	504
UniRef90_L0E8W8	73.19	497	503
UniRef90_UPI000525DAAC	73.04	497	509
UniRef90_L0IK68	73.69	497	504
UniRef90_D7AQS3	73.69	497	503
UniRef90_UPI00064734BB	73.49	497	499
UniRef90_UPI00047EDE50	71.52	497	510
UniRef90_UPI0006A7D0A0	71.83	497	505
UniRef90_F3M674	72.23	497	516
UniRef90_UPI0006A7EE67	72.58	497	503
UniRef90_A0A0J1DL52	71.49	497	506
UniRef90_W4B4G4	72.58	497	501
UniRef90_A0A075LID4	71.23	497	506
UniRef90_P94531	72.23	497	500
UniRef90_C6IZQ2	72.23	497	509
UniRef90_UPI0003FE4CBA	71.89	497	503
UniRef90_A0A0B0I8V8	71.83	497	504
UniRef90_UPI0004B56940	71.37	497	504
UniRef90_UPI0005625C9B	71.66	497	495
UniRef90_UPI00041DF102	72.23	497	503
UniRef90_UPI0002F80F8C	70.62	497	501
UniRef90_A0A069DL80	73.39	497	504
UniRef90_K0J5L7	71.23	497	504
UniRef90_UPI000592C2F6	72.38	497	504
UniRef90_L0KAT7	71.77	497	504
UniRef90_V9G3C2	71.43	497	504
UniRef90_A0A024P9W5	71.11	497	502
UniRef90_A0A091A1E1	71.03	497	507
UniRef90_UPI0003FA4DD2	72.03	497	505
UniRef90_F3ZWH3	71.43	497	503
UniRef90_UPI0005C9904F	71.03	497	511
UniRef90_A0A089HXL5	70.22	497	507
UniRef90_A7Z7G0	70.71	497	499
UniRef90_E0RC27	72.64	497	504
UniRef90_UPI00047B990C	70.36	497	502
UniRef90_E6TYG5	70.14	497	505
UniRef90_N4WT45	68.81	497	505
UniRef90_UPI0003686C17	70.42	497	506
UniRef90_A0A089JH43	70.22	497	505
UniRef90_C6D0B6	71.98	497	506
UniRef90_UPI0004269A7B	68.55	497	504
UniRef90_UPI0006F83C64	69.90	497	495
UniRef90_A6LVZ0	71.40	497	505
UniRef90_UPI00037374DC	69.68	497	504
UniRef90_UPI0006FB54F7	70.62	497	503
UniRef90_Q5WL16	69.70	497	503
UniRef90_UPI0006A78FF8	70.02	497	504
UniRef90_A0A098M6J6	72.38	497	501
UniRef90_UPI0006A77180	69.42	497	506
UniRef90_U5LEC2	70.02	497	506
UniRef90_D6XWN7	69.09	497	502
UniRef90_UPI0003B52276	69.29	497	505
UniRef90_C6CZ49	70.42	497	503
UniRef90_M1N3D5	70.40	497	505
UniRef90_UPI00037F6CF6	70.56	497	503
UniRef90_A0A089MKM1	69.62	497	507
UniRef90_UPI000619097F	69.42	497	502
UniRef90_A0A024Q824	69.09	497	505
UniRef90_UPI0002887311	68.83	497	506
UniRef90_UPI0006D158E8	68.81	497	503
UniRef90_UPI0005AA9A82	68.89	497	510
UniRef90_UPI0004E14335	70.97	497	504
UniRef90_UPI0003482859	70.02	497	505
UniRef90_UPI0005953AB8	68.74	497	510
UniRef90_UPI0006D2AB92	69.28	497	506
UniRef90_S0FV73	71.49	497	502
UniRef90_W4VFG1	69.82	497	505
UniRef90_A0A060LSJ1	68.01	497	503
UniRef90_A3DIH0	68.86	497	503
UniRef90_J9HG77	68.48	497	504
UniRef90_UPI00048F7D15	67.47	497	507
UniRef90_B8I0K2	71.03	497	502
UniRef90_W8Z1M7	67.34	497	510
UniRef90_A0A0J1G4P8	67.74	497	505
UniRef90_A0A075EDT8	69.35	497	502
UniRef90_UPI00064858FC	69.35	497	503
UniRef90_A0A0H5SI39	67.34	497	499
UniRef90_A0A089N325	68.21	497	502
UniRef90_UPI000490BEC0	70.42	497	502
UniRef90_UPI0006195B0E	70.97	497	503
UniRef90_UPI00047AF978	67.47	497	503
UniRef90_UPI00040D3B00	69.22	497	504
UniRef90_A0A081BS81	65.18	497	518
UniRef90_UPI000370D888	67.94	497	503
UniRef90_D4L369	69.08	497	498
UniRef90_A0A081C6F6	65.82	497	518
UniRef90_A0A089LFT8	67.81	497	502
UniRef90_UPI00048BA8EB	69.76	497	503
UniRef90_A0A089JEJ9	68.28	497	501
UniRef90_UPI0003633137	67.27	497	504
UniRef90_C6D3N8	68.81	497	503
UniRef90_D9TL30	65.40	497	505
UniRef90_C8WV61	67.34	497	501
UniRef90_A0A0E4HAQ3	67.54	497	502
UniRef90_W4AWY7	67.07	497	502
UniRef90_UPI00036ACE96	67.54	497	501
UniRef90_A0A089KUP2	66.94	497	503
UniRef90_A0A0C7P173	67.27	497	500
UniRef90_R5L108	66.60	497	499
UniRef90_C6L8S1	67.61	497	499
UniRef90_A0A0J1FZU5	66.73	497	539
UniRef90_A0A011ANA3	67.66	497	505
UniRef90_UPI00046462EA	66.47	497	505
UniRef90_UPI0005D14870	66.27	497	503
UniRef90_D1CH85	66.87	497	510
UniRef90_UPI0007015143	68.95	497	504
UniRef90_UPI00041320C0	65.47	497	505
UniRef90_A0A0K8J8F3	64.20	497	503
UniRef90_UPI0004DB84AA	65.20	497	502
UniRef90_UPI0003FC6A44	65.67	497	507
UniRef90_R6ZJB5	65.80	497	505
UniRef90_R9NEL3	66.07	497	504
UniRef90_A6BCP6	65.20	497	504
UniRef90_R5XLD3	64.99	497	496
UniRef90_UPI0006B63F04	64.46	497	500
UniRef90_C6JFN3	64.67	497	505
UniRef90_F5YAF2	63.73	497	506
UniRef90_A0A011AVD4	63.87	497	504
UniRef90_UPI00051BA4C4	65.40	497	508
UniRef90_E1R4M1	63.56	497	503
UniRef90_F7KFQ3	63.84	497	511
UniRef90_R6GFC1	63.05	497	499
UniRef90_A9KN48	64.39	497	499
UniRef90_D3AJZ2	62.32	497	508
UniRef90_B8E3D3	64.05	497	514
UniRef90_F4BLI7	64.24	497	498
UniRef90_V5XSC4	63.16	497	501
UniRef90_C5EPI1	63.00	497	504
UniRef90_UPI0006D0F5CE	65.05	497	494
UniRef90_D3AMX4	62.85	497	502
UniRef90_A0A0J5QXN3	63.45	497	500
UniRef90_C5EHJ6	64.11	497	502
UniRef90_R6Q9H7	62.98	497	497
UniRef90_R2R2C0	64.57	497	497
UniRef90_R7JLU9	62.65	497	499
UniRef90_D4LKW0	61.80	497	501
UniRef90_R5RE24	62.53	497	501
UniRef90_A0A011AVC8	62.05	497	502
UniRef90_UPI000486FD5E	62.73	497	506
UniRef90_F7K8N8	61.24	497	499
UniRef90_UPI0004895759	62.90	497	500
UniRef90_UPI0003B3F069	60.84	497	502
UniRef90_D3AH89	61.90	497	501
UniRef90_UPI0003B52974	60.64	497	502
UniRef90_X8GWU2	60.97	497	513
UniRef90_T0TBR7	60.92	497	502
UniRef90_X0R6D5	61.60	497	501
UniRef90_R5SVM1	61.65	497	501
UniRef90_S0DDF2	60.24	497	506
UniRef90_E1R622	60.24	497	504
UniRef90_UPI0003FBEB9F	59.92	497	502
UniRef90_E0S2E6	60.68	497	505
UniRef90_UPI0005D2B924	61.80	497	504
UniRef90_A7VXN7	61.12	497	505
UniRef90_R2RYF9	60.04	497	499
UniRef90_R9K3T8	60.40	497	504
UniRef90_N2AC31	59.60	497	503
UniRef90_N9W737	60.44	497	499
UniRef90_UPI00051C4564	60.44	497	498
UniRef90_J8W3R6	62.15	497	505
UniRef90_A0A097BAR0	63.56	497	497
UniRef90_A0A0H4QB72	60.61	497	496
UniRef90_UPI0003FE25D7	59.48	497	496
UniRef90_UPI00040B2F93	61.81	497	495
UniRef90_UPI0006C1B7B3	59.24	497	494
UniRef90_UPI00048C8CD3	60.20	497	505
UniRef90_A0A061MY51	58.92	497	502
UniRef90_R6MZR9	61.09	497	499
UniRef90_UPI0003B4CB37	60.72	497	503
UniRef90_UPI00038153FC	59.80	497	503
UniRef90_UPI0004906B75	59.52	497	490
UniRef90_F2NAY7	58.23	497	504
UniRef90_UPI0005B656DD	59.39	497	496
UniRef90_J1HXH3	59.84	497	515
UniRef90_D9J2Q3	59.39	497	496
UniRef90_U4TV36	59.39	497	500
UniRef90_R7CBE6	57.78	497	496
UniRef90_Q1M6A5	57.52	497	502
UniRef90_V7FI45	59.80	497	503
UniRef90_UPI0004AD68B0	59.52	497	490
UniRef90_R7I7I8	60.00	497	499
UniRef90_R5CJC0	59.20	497	503
UniRef90_UPI00055BB497	57.60	497	503
UniRef90_A0A024KF13	56.31	497	503
UniRef90_UPI000417B8EE	60.36	497	502
UniRef90_UPI0004825BA5	58.18	497	503
UniRef90_UPI00041E7232	56.91	497	502
UniRef90_T2NLP4	63.21	497	472
UniRef90_J1SP60	56.51	497	502
UniRef90_UPI000488CF27	59.15	497	506
UniRef90_UPI0004630D57	58.50	497	496
UniRef90_UPI0003B30442	58.00	497	500
UniRef90_A0A081D0T2	58.60	497	503
UniRef90_UPI000467D54E	59.32	497	490
UniRef90_A0A0F3RPK2	58.79	497	496
UniRef90_UPI00042888E9	56.85	497	502
UniRef90_W6SAP6	59.00	497	522
UniRef90_A0A072CP01	57.80	497	503
UniRef90_A0A0B4XXR8	55.51	497	506
UniRef90_UPI0004B09F83	57.60	497	506
UniRef90_B9K1N8	56.89	497	507
UniRef90_A0A090EAD2	55.71	497	502
UniRef90_Q2CJJ1	56.00	497	504
UniRef90_I3X1Q7	53.20	497	506
UniRef90_K2QIP5	56.37	497	502
UniRef90_UPI0004C3DAF4	54.75	497	502
UniRef90_A0A011AHC5	55.51	497	499
UniRef90_A0A0L8L8F6	56.25	497	509
UniRef90_A6VYU6	55.60	497	502
UniRef90_A0A0B1Q651	54.09	497	503
UniRef90_E0RTP2	56.71	497	501
UniRef90_R3WS77	58.32	497	492
UniRef90_W5WHS1	55.82	497	500
UniRef90_R5MDN5	57.63	497	499
UniRef90_UPI000486BA89	55.98	497	491
UniRef90_F0RY61	55.31	497	498
UniRef90_A0A0B2FI17	55.00	497	504
UniRef90_W7T7G1	55.24	497	507
UniRef90_UPI000526596E	56.57	497	501
UniRef90_A0A0M3BQ94	55.89	497	502
UniRef90_C4LFF6	56.74	497	503
UniRef90_UPI0006F7B06D	53.40	497	503
UniRef90_A0A085F627	54.60	497	503
UniRef90_UPI0003030DCC	56.40	497	501
UniRef90_A0A0B4XGZ0	52.00	497	506
UniRef90_E3C630	59.32	497	501
UniRef90_UPI0006F6B0A2	54.64	497	501
UniRef90_H0HPY3	54.51	497	502
UniRef90_A0A0F5PVN2	53.60	497	503
UniRef90_UPI00047AA23B	54.75	497	504
UniRef90_D9WUN0	55.24	497	502
UniRef90_S3I3H7	54.71	497	502
UniRef90_R4LUL9	55.51	497	493
UniRef90_V7EF92	54.09	497	505
UniRef90_A0A0J1G3J7	54.51	497	519
UniRef90_UPI0004C9DA7F	55.51	497	506
UniRef90_A0A068T1G9	53.71	497	503
UniRef90_S9R6Z5	55.60	497	504
UniRef90_UPI0006EC30B7	53.89	497	502
UniRef90_UPI0004C6F23F	55.13	497	509
UniRef90_UPI00037017CF	55.82	497	503
UniRef90_UPI0006FBAD78	54.11	497	520
UniRef90_G9ZRI8	56.63	497	509
UniRef90_UPI000372A2D0	54.71	497	502
UniRef90_UPI000568A514	54.20	497	502
UniRef90_I8TXC2	54.91	497	498
UniRef90_G2P735	54.93	497	508
UniRef90_A0A083ZLC5	54.31	497	503
UniRef90_A0A0F7FSX3	56.20	497	507
UniRef90_A0A0F4KYM9	56.05	497	499
UniRef90_F8EZC6	57.09	497	496
UniRef90_A0A021VWG6	54.02	497	505
UniRef90_UPI0006E24985	54.33	497	505
UniRef90_A0A0N0XGM3	55.35	497	514
UniRef90_M5AHU6	56.76	497	506
UniRef90_UPI0004E1C1DB	53.83	497	505
UniRef90_D7C915	55.26	497	517
UniRef90_B8I9D8	53.82	497	501
UniRef90_UPI00056EF86E	54.42	497	511
UniRef90_UPI0004874671	54.17	497	511
UniRef90_UPI00054F3ED7	54.91	497	503
UniRef90_I0LCJ5	54.42	497	504
UniRef90_A0A075KDY7	54.95	497	503
UniRef90_A0A090FRT3	54.11	497	501
UniRef90_A0A068TKJ2	54.31	497	516
UniRef90_A0A0M2S6A4	53.52	497	503
UniRef90_C9ZDV4	56.57	497	504
UniRef90_UPI000649185E	53.40	497	501
UniRef90_W9HAN0	55.29	497	516
UniRef90_UPI0004E27234	54.95	497	498
UniRef90_D1KTD5	53.74	497	501
UniRef90_A0A0D5LQ03	54.11	497	502
UniRef90_U5W5J7	54.36	497	488
UniRef90_L1KY02	55.35	497	505
UniRef90_A0A0A0D5H5	54.44	497	506
UniRef90_A0A0J8ABG2	53.74	497	501
UniRef90_A1R2M9	54.13	497	512
UniRef90_I4YWR9	56.36	497	517
UniRef90_A0A0F3RQP9	56.60	497	501
UniRef90_B5WAD3	54.97	497	506
UniRef90_A0A078KSW0	54.75	497	497
UniRef90_C7QJU3	54.03	497	504
UniRef90_UPI0003647C37	55.11	497	496
UniRef90_A0A0F7N237	54.24	497	513
UniRef90_UPI0004897AF1	53.94	497	503
UniRef90_UPI00032FA3B8	56.63	497	496
UniRef90_H0A254	54.90	497	514
UniRef90_D9SYF1	53.12	497	503
UniRef90_A0A024GYG1	54.04	497	512
UniRef90_UPI0003FD0F63	53.54	497	506
UniRef90_UPI000419F205	55.96	497	504
UniRef90_H0TID4	55.49	497	514
UniRef90_S9QWD3	53.35	497	501
UniRef90_A0A098Y630	54.20	497	503
UniRef90_UPI00041F9669	53.74	497	508
UniRef90_S4PPK2	57.83	497	478
UniRef90_UPI0003610ABE	54.84	497	505
UniRef90_UPI00040994B2	56.42	497	514
UniRef90_UPI00064694D8	54.66	497	497
UniRef90_A0A0D7NNQ1	55.49	497	514
UniRef90_A0A0K8Q140	54.53	497	567
UniRef90_A0A0D0QHA0	52.71	497	502
UniRef90_A0A017HQG8	54.40	497	523
UniRef90_F4QI19	54.12	497	508
UniRef90_UPI0006E2F9AA	54.49	497	501
UniRef90_A0A081EQM6	54.51	497	505
UniRef90_UPI000700BA58	52.31	497	502
UniRef90_UPI0006F30D7B	53.20	497	502
UniRef90_L1L476	55.89	497	504
UniRef90_UPI0005B98AE3	54.33	497	507
UniRef90_UPI00066B8602	54.09	497	508
UniRef90_A0A0K8JGN0	55.04	497	500
UniRef90_UPI0002376158	55.38	497	506
UniRef90_A1WNH1	54.36	497	506
UniRef90_A0A0F7VWU8	55.71	497	502
UniRef90_UPI0005F7789B	52.80	497	511
UniRef90_UPI0006D79CF0	50.68	497	518
UniRef90_UPI0003FFCB01	55.18	497	504
UniRef90_UPI0004CA0448	52.51	497	506
UniRef90_UPI000406CE92	54.93	497	501
UniRef90_UPI0006F04554	55.04	497	491
UniRef90_UPI00041F1168	52.92	497	509
UniRef90_UPI000419DCB0	52.20	497	502
UniRef90_M9TV31	54.00	497	505
UniRef90_UPI0005618EBA	54.03	497	511
UniRef90_UPI00055BCEDB	55.47	497	507
UniRef90_C4RBZ6	53.32	497	559
UniRef90_UPI0004C467E1	53.95	497	504
UniRef90_UPI000405B6ED	54.12	497	505
UniRef90_UPI0004C052A2	53.85	497	509
UniRef90_A0A078KS43	53.83	497	496
UniRef90_UPI0007013AE1	54.62	497	503
UniRef90_E1V3J7	53.64	497	508
UniRef90_UPI0006E12CA9	53.92	497	496
UniRef90_UPI0006E17D8A	54.33	497	501
UniRef90_A0A0M2HFF8	53.51	497	503
UniRef90_UPI0003F92906	52.82	497	504
UniRef90_UPI0006E242E0	54.58	497	504
UniRef90_UPI0004C3086B	54.49	497	509
UniRef90_F2RGG6	54.12	497	507
UniRef90_A0A089X324	55.09	497	504
UniRef90_UPI0005BBB2CD	54.91	497	497
UniRef90_A0A0K6H862	55.77	497	517
UniRef90_A0A081XRD3	52.22	497	501
UniRef90_UPI000561767E	52.80	497	506
UniRef90_UPI0006E136E3	55.49	497	505
UniRef90_D6X6H7	54.89	497	509
UniRef90_UPI0003F9A21A	51.92	497	505
UniRef90_A0P088	51.70	497	503
UniRef90_UPI00048470FA	54.97	497	517
UniRef90_UPI00036F1931	54.78	497	506
UniRef90_UPI00046ADA91	52.39	497	510
UniRef90_A0A0L8L114	53.35	497	511
UniRef90_K4R237	54.18	497	504
UniRef90_UPI0004C614DB	53.40	497	505
UniRef90_A0A0H4L028	52.10	497	510
UniRef90_UPI0005A6ADDA	52.91	497	502
UniRef90_A0A0G3AHS9	54.98	497	506
UniRef90_UPI00066DEAC1	54.64	497	496
UniRef90_UPI00058F8199	53.25	497	512
UniRef90_G9AC21	52.10	497	593
UniRef90_D6EEL7	54.62	497	501
UniRef90_UPI0006F577BD	52.73	497	506
UniRef90_UPI0002D71DC5	52.42	497	506
UniRef90_UPI0004787C76	53.36	497	511
UniRef90_A0A0N1GTY9	53.95	497	503
UniRef90_UPI000695E2AB	55.69	497	504
UniRef90_UPI0004C0CC97	53.39	497	509
UniRef90_UPI00048159B7	54.67	497	505
UniRef90_UPI0003669686	52.92	497	501
UniRef90_A0A0H4C3P2	54.87	497	506
UniRef90_Q2CED5	51.30	497	505
UniRef90_B0RF65	52.41	497	513
UniRef90_UPI00036C3F75	53.64	497	497
UniRef90_G2NBX0	53.40	497	505
UniRef90_UPI00034B8826	52.80	497	507
UniRef90_UPI0002F6AE6D	53.60	497	503
UniRef90_UPI0006F4A95C	52.60	497	502
UniRef90_UPI0004C00041	54.51	497	501
UniRef90_S9Q5I7	51.90	497	503
UniRef90_L7FBW1	53.89	497	504
UniRef90_UPI00068DC4F4	54.00	497	519
UniRef90_UPI0004134B12	51.52	497	502
UniRef90_UPI0004794DE5	52.20	497	510
UniRef90_Q82BG2	54.29	497	503
UniRef90_H1QQD4	54.22	497	501
UniRef90_A0A0M2Z1K7	53.89	497	503
UniRef90_UPI000488A7D6	53.85	497	495
UniRef90_A0A0A0C6Q1	51.52	497	501
UniRef90_UPI0006FBA1FA	53.94	497	502
UniRef90_UPI000361A5FA	54.71	497	501
UniRef90_A0A0D1C3U3	53.56	497	511
UniRef90_UPI0004BE69E4	52.00	497	506
UniRef90_A0A0B3S350	51.90	497	505
UniRef90_A0A0F7NB31	53.41	497	503
UniRef90_D3Q1S3	51.20	497	505
UniRef90_A0A0N1NF48	54.22	497	501
UniRef90_UPI0006F2D502	52.30	497	508
UniRef90_UPI0003B3A79B	51.97	497	513
UniRef90_UPI0004820F2D	53.61	497	502
UniRef90_V6KR79	53.33	497	499
UniRef90_UPI00062916E0	53.20	497	502
UniRef90_UPI0003FC02DE	51.98	497	512
UniRef90_UPI0006875E95	54.14	497	519
UniRef90_UPI000696C504	52.53	497	501
UniRef90_UPI0003776506	54.12	497	506
UniRef90_UPI0006FB3DFF	52.81	497	502
UniRef90_W2EUD4	51.10	497	500
UniRef90_UPI000371B454	51.90	497	504
UniRef90_D6A577	54.69	497	543
UniRef90_UPI0006F59B41	51.40	497	503
UniRef90_UPI000565C4C6	53.61	497	500
UniRef90_A0A0K2SQX3	53.40	497	502
UniRef90_UPI000416DD8E	52.11	497	509
UniRef90_P53627	54.33	497	662
UniRef90_UPI00025581E0	51.30	497	505
UniRef90_UPI00041F832F	51.69	497	511
UniRef90_D2PQI7	53.54	497	502
UniRef90_A0A0A0D643	54.26	497	516
UniRef90_M3BRP1	53.21	497	501
UniRef90_UPI0003B73012	51.00	497	502
UniRef90_A0A0C2JHX5	52.02	497	504
UniRef90_UPI0006F7AAC8	52.18	497	511
UniRef90_UPI00035DE294	51.41	497	503
UniRef90_UPI0006F2DF6C	52.20	497	503
UniRef90_UPI0003FDE740	52.42	497	503
UniRef90_F4H0R7	51.01	497	502
UniRef90_UPI0004C902D0	53.08	497	508
UniRef90_D1BVI0	51.71	497	504
UniRef90_U5WDU2	52.02	497	503
UniRef90_F4H0J4	51.08	497	513
UniRef90_UPI0006FD3A47	51.11	497	501
UniRef90_UPI0006F97077	51.60	497	502
UniRef90_D9X6I1	52.78	497	504
UniRef90_UPI0005A6AB88	53.49	497	504
UniRef90_K4R038	51.30	497	499
UniRef90_UPI0006F7D014	51.61	497	506
UniRef90_UPI0004C94E7D	53.00	497	514
UniRef90_A0A0N1NCY7	53.48	497	517
UniRef90_UPI00066B4222	51.81	497	495
UniRef90_UPI0006F77AE7	52.49	497	511
UniRef90_A0A0C5VTK4	52.60	497	501
UniRef90_UPI000697D5CD	51.81	497	508
UniRef90_A0A0A0BVK1	50.91	497	502
UniRef90_UPI0003B593EB	51.68	497	517
UniRef90_UPI0004CA1F90	51.81	497	505
UniRef90_A0A078KS72	50.00	497	503
UniRef90_UPI0003FADA08	49.90	497	512
UniRef90_A0A0D1IV04	51.68	497	511
UniRef90_L8TNG7	51.81	497	516
UniRef90_A0A0A0BV00	51.21	497	502
UniRef90_D2PYP5	51.41	497	499
UniRef90_S0DGG6	51.30	497	501
UniRef90_UPI0006F4ADEE	52.35	497	503
UniRef90_UPI00047DD16E	52.92	497	500
UniRef90_A0A0M8VSD0	53.29	497	505
UniRef90_UPI0004C28E7D	53.40	497	513
UniRef90_D1BBA2	50.60	497	525
UniRef90_A0A0D7QNB1	52.00	497	503
UniRef90_UPI0006F4179D	50.30	497	503
UniRef90_A0A0F0EI79	51.60	497	504
UniRef90_F0YWN9	51.72	497	499
UniRef90_A0A0A0B243	49.60	497	503
UniRef90_UPI000348382A	50.90	497	507
UniRef90_E9UZS3	51.62	497	502
UniRef90_UPI00037BA63C	51.90	497	519
UniRef90_UPI00045E6957	51.11	497	503
UniRef90_A0A0A0BCB7	51.90	497	504
UniRef90_UPI0006F84A21	51.00	497	503
UniRef90_I0X7J4	51.52	497	496
UniRef90_C5C194	50.30	497	501
UniRef90_UPI0003657AE5	52.38	497	503
UniRef90_UPI0006F1D9CD	50.60	497	502
UniRef90_A0A0M2HW43	51.49	497	507
UniRef90_UPI00035F5937	51.50	497	503
UniRef90_UPI000346F66E	50.60	497	507
UniRef90_Q9XBQ3	100.00	497	502
UniRef90_A0A0D8BQ31	97.99	497	502
UniRef90_B7GGW2	91.53	497	502
UniRef90_A0A0M2PAH2	83.30	497	502
UniRef90_UPI0005F7C541	78.27	497	501
UniRef90_UPI00047B9C5D	73.99	497	504
UniRef90_UPI0004B9E8CF	74.40	497	502
UniRef90_F5SKT1	74.45	497	510
UniRef90_R9C1V6	82.90	497	503
UniRef90_A0A0A6VC60	82.70	497	502
UniRef90_L0E8W8	73.19	497	503
UniRef90_UPI0005A940E8	83.10	497	503
UniRef90_UPI00047AF52F	72.84	497	504
UniRef90_UPI000479B6A8	74.40	497	507
UniRef90_A0A0M2PT58	77.46	497	500
UniRef90_W4QUL9	77.67	497	500
UniRef90_N4WT45	68.81	497	505
UniRef90_UPI00048DEEEB	78.11	497	505
UniRef90_UPI000617EC5E	75.40	497	501
UniRef90_K0J5L7	71.23	497	504
UniRef90_UPI0003775080	74.25	497	503
UniRef90_C6IZQ2	72.23	497	509
UniRef90_UPI000525DAAC	73.04	497	509
UniRef90_UPI0003FE4CBA	71.89	497	503
UniRef90_A0A0B0I8V8	71.83	497	504
UniRef90_UPI0006A7D0A0	71.83	497	505
UniRef90_UPI00047EDE50	71.37	497	510
UniRef90_Q9KBR4	78.63	497	500
UniRef90_F3M674	72.23	497	516
UniRef90_A0A0A0E6R5	81.89	497	504
UniRef90_A0A075LID4	71.23	497	506
UniRef90_W4B4G4	72.43	497	501
UniRef90_UPI000617D35F	81.12	497	504
UniRef90_A0A089HXL5	70.22	497	507
UniRef90_L0IK68	73.69	497	504
UniRef90_F8FMU9	74.04	497	504
UniRef90_E6TYG5	69.94	497	505
UniRef90_UPI0006A77180	69.42	497	506
UniRef90_UPI0004269A7B	68.55	497	504
UniRef90_A0A091A1E1	71.03	497	507
UniRef90_UPI000592C2F6	72.23	497	504
UniRef90_UPI00037F6CF6	70.22	497	503
UniRef90_D7AQS3	73.69	497	503
UniRef90_V9G3C2	71.43	497	504
UniRef90_UPI0005C9904F	71.03	497	511
UniRef90_UPI0004B56940	70.88	497	504
UniRef90_UPI000374D695	73.84	497	505
UniRef90_J9HG77	68.35	497	504
UniRef90_L0KAT7	71.63	497	504
UniRef90_F3ZWH3	71.43	497	503
UniRef90_UPI0006A7EE67	72.58	497	503
UniRef90_A0A089MKM1	69.62	497	507
UniRef90_UPI0003FA4DD2	71.89	497	505
UniRef90_U5LEC2	70.02	497	506
UniRef90_UPI0002F80F8C	70.62	497	501
UniRef90_Q5WL16	69.56	497	503
UniRef90_UPI00041DF102	72.09	497	503
UniRef90_UPI0005625C9B	71.66	497	495
UniRef90_UPI00037374DC	69.68	497	504
UniRef90_UPI0003686C17	70.42	497	506
UniRef90_A0A0H5SI39	67.34	497	499
UniRef90_UPI0006D158E8	68.81	497	503
UniRef90_A0A0J1DL52	71.49	497	506
UniRef90_P94531	72.23	497	500
UniRef90_UPI0006FB54F7	70.48	497	503
UniRef90_UPI0002887311	68.69	497	506
UniRef90_C6CZ49	70.28	497	503
UniRef90_UPI0006D2AB92	69.28	497	506
UniRef90_A0A060LSJ1	68.01	497	503
UniRef90_UPI00047AF978	67.33	497	503
UniRef90_UPI0003B52276	69.15	497	505
UniRef90_UPI000619097F	69.28	497	502
UniRef90_E0RC27	72.64	497	504
UniRef90_C8WV61	67.20	497	501
UniRef90_UPI0004E14335	70.97	497	504
UniRef90_A0A024P9W5	70.97	497	502
UniRef90_W4VFG1	69.82	497	505
UniRef90_UPI0005953AB8	68.74	497	510
UniRef90_A0A089JH43	69.68	497	505
UniRef90_I6WHV1	76.66	497	502
UniRef90_A0A081BS81	65.37	497	518
UniRef90_UPI0005AA9A82	68.75	497	510
UniRef90_UPI0006F83C64	69.70	497	495
UniRef90_A0A075EDT8	69.22	497	502
UniRef90_UPI0006A78FF8	69.48	497	504
UniRef90_A0A0J1G4P8	67.74	497	505
UniRef90_D1CH85	66.67	497	510
UniRef90_A0A0C7P173	67.07	497	500
UniRef90_A0A098M6J6	72.23	497	501
UniRef90_D6XWN7	68.95	497	502
UniRef90_A0A024Q824	69.09	497	505
UniRef90_A0A069DL80	73.24	497	504
UniRef90_W8Z1M7	67.20	497	510
UniRef90_UPI00064734BB	73.49	497	499
UniRef90_UPI00047B990C	70.36	497	502
UniRef90_D9TL30	65.40	497	505
UniRef90_UPI00048F7D15	67.47	497	507
UniRef90_A0A081C6F6	65.82	497	518
UniRef90_C6D0B6	71.83	497	506
UniRef90_D7C915	55.15	497	517
UniRef90_A0A0K8J8F3	64.20	497	503
UniRef90_A7Z7G0	70.71	497	499
UniRef90_A9KN48	64.11	497	499
UniRef90_D4LKW0	61.80	497	501
UniRef90_A6LVZ0	71.40	497	505
UniRef90_A3DIH0	68.66	497	503
UniRef90_UPI0003482859	70.02	497	505
UniRef90_S0FV73	71.49	497	502
UniRef90_R5XLD3	64.99	497	496
UniRef90_A0A0J1FZU5	66.73	497	539
UniRef90_E1R4M1	63.43	497	503
UniRef90_R7JLU9	62.65	497	499
UniRef90_D4L369	69.08	497	498
UniRef90_A0A0L8L8F6	56.25	497	509
UniRef90_UPI0003633137	67.27	497	504
UniRef90_UPI0003FC6A44	65.47	497	507
UniRef90_R5RE24	62.45	497	501
UniRef90_UPI000490BEC0	70.16	497	502
UniRef90_R6GFC1	63.05	497	499
UniRef90_R5L108	66.60	497	499
UniRef90_UPI0004C052A2	53.16	497	509
UniRef90_UPI0003FBEB9F	59.80	497	502
UniRef90_M1N3D5	70.40	497	505
UniRef90_UPI0004E27234	54.84	497	498
UniRef90_UPI0004C9DA7F	55.42	497	506
UniRef90_A6BCP6	65.20	497	504
UniRef90_UPI0004C6F23F	54.93	497	509
UniRef90_D9WUN0	55.24	497	502
UniRef90_C6D3N8	68.55	497	503
UniRef90_UPI00046462EA	66.47	497	505
UniRef90_W7T7G1	55.35	497	507
UniRef90_L1KY02	55.13	497	505
UniRef90_UPI0005D14870	66.07	497	503
UniRef90_A0A089N325	67.81	497	502
UniRef90_A0A011AHC5	55.02	497	499
UniRef90_UPI000370D888	67.94	497	503
UniRef90_F4BLI7	64.24	497	498
UniRef90_B8I0K2	71.03	497	502
UniRef90_W4AWY7	67.07	497	502
UniRef90_G2P735	55.04	497	508
UniRef90_S0DDF2	60.68	497	506
UniRef90_UPI0003FFCB01	55.09	497	504
UniRef90_UPI00036ACE96	67.40	497	501
UniRef90_E0S2E6	60.72	497	505
UniRef90_D6X6H7	54.09	497	509
UniRef90_A0A0F7VWU8	55.31	497	502
UniRef90_A0A011ANA3	67.66	497	505
UniRef90_F5YAF2	63.40	497	506
UniRef90_C6JFN3	64.67	497	505
UniRef90_K4R237	53.98	497	504
UniRef90_F7KFQ3	63.51	497	511
UniRef90_A0A061MY51	58.72	497	502
UniRef90_G2NBX0	53.20	497	505
UniRef90_A0A0C2JHX5	51.91	497	504
UniRef90_M3BRP1	52.91	497	501
UniRef90_UPI000526596E	56.45	497	501
UniRef90_D1KTD5	53.43	497	501
UniRef90_B8E3D3	63.65	497	514
UniRef90_F7K8N8	61.04	497	499
UniRef90_D3AMX4	62.85	497	502
UniRef90_R6Q9H7	62.98	497	497
UniRef90_UPI00051BA4C4	65.20	497	508
UniRef90_UPI0004C3086B	53.89	497	509
UniRef90_UPI0006B63F04	64.46	497	500
UniRef90_UPI0006E136E3	55.18	497	505
UniRef90_A0A0M2Z1K7	53.69	497	503
UniRef90_UPI000561767E	52.30	497	506
UniRef90_UPI00064858FC	69.35	497	503
UniRef90_C9ZDV4	56.29	497	504
UniRef90_M9TV31	53.69	497	505
UniRef90_A0A089LFT8	67.40	497	502
UniRef90_UPI0003B3F069	60.84	497	502
UniRef90_UPI000486FD5E	62.73	497	506
UniRef90_R6ZJB5	65.80	497	505
UniRef90_UPI000695E2AB	55.49	497	504
UniRef90_UPI0004C00041	53.91	497	501
UniRef90_UPI0005BBB2CD	54.42	497	497
UniRef90_UPI00038153FC	59.68	497	503
UniRef90_J1SP60	56.51	497	502
UniRef90_L1L476	55.49	497	504
UniRef90_C5EPI1	63.00	497	504
UniRef90_UPI0003B4CB37	60.52	497	503
UniRef90_D6EEL7	54.11	497	501
UniRef90_Q1M6A5	57.31	497	502
UniRef90_R9NEL3	65.87	497	504
UniRef90_C5EHJ6	63.98	497	502
UniRef90_UPI00066B8602	53.89	497	508
UniRef90_UPI0003B52974	60.64	497	502
UniRef90_UPI0004CA0448	52.30	497	506
UniRef90_UPI000361A5FA	54.11	497	501
UniRef90_UPI0004C614DB	53.20	497	505
UniRef90_A0A089KUP2	66.80	497	503
UniRef90_UPI0006E17D8A	54.02	497	501
UniRef90_UPI000406CE92	54.62	497	501
UniRef90_UPI00055BCEDB	54.67	497	507
UniRef90_UPI00068DC4F4	53.40	497	519
UniRef90_D6A577	53.98	497	543
UniRef90_UPI0005B98AE3	54.02	497	507
UniRef90_UPI0004E1C1DB	53.63	497	505
UniRef90_Q82BG2	53.49	497	503
UniRef90_C6L8S1	67.40	497	499
UniRef90_V7FI45	59.48	497	503
UniRef90_A0A0H4C3P2	53.98	497	506
UniRef90_W5WHS1	55.82	497	500
UniRef90_A0A0G3AHS9	54.18	497	506
UniRef90_UPI000371B454	51.92	497	504
UniRef90_UPI0003FD0F63	53.43	497	506
UniRef90_UPI0006D0F5CE	64.85	497	494
UniRef90_A0A089X324	54.78	497	504
UniRef90_UPI0004C3DAF4	54.75	497	502
UniRef90_H1QQD4	53.91	497	501
UniRef90_R4LUL9	55.35	497	493
UniRef90_A0A0E4HAQ3	67.40	497	502
UniRef90_UPI00041320C0	65.47	497	505
UniRef90_UPI0004895759	62.90	497	500
UniRef90_F2RGG6	53.92	497	507
UniRef90_UPI00047AA23B	54.66	497	504
UniRef90_UPI0004DB84AA	65.00	497	502
UniRef90_UPI0003647C37	54.62	497	496
UniRef90_UPI00041E7232	56.71	497	502
UniRef90_A0A011AVC8	62.05	497	502
UniRef90_UPI00055BB497	57.49	497	503
UniRef90_A0A089JEJ9	68.15	497	501
UniRef90_A0A0F7FSX3	56.40	497	507
UniRef90_A0A081EQM6	54.51	497	505
UniRef90_UPI00048BA8EB	69.76	497	503
UniRef90_UPI00034B8826	52.40	497	507
UniRef90_UPI0007013AE1	54.31	497	503
UniRef90_UPI0004C0CC97	52.99	497	509
UniRef90_A0A0M2S6A4	53.21	497	503
UniRef90_UPI0006E242E0	54.38	497	504
UniRef90_V5XSC4	63.16	497	501
UniRef90_A0A0N1GTY9	53.89	497	503
UniRef90_UPI00051C4564	60.44	497	498
UniRef90_L7FBW1	53.69	497	504
UniRef90_UPI0005A6AB88	52.99	497	504
UniRef90_A0A0J5QXN3	63.45	497	500
UniRef90_UPI000417B8EE	60.04	497	502
UniRef90_D9X6I1	52.59	497	504
UniRef90_A0A0J8ABG2	53.74	497	501
UniRef90_A0A0A0BV00	50.80	497	502
UniRef90_UPI0006F7D014	51.20	497	506
UniRef90_P53627	53.92	497	662
UniRef90_UPI0006E2F9AA	54.11	497	501
UniRef90_A0A0A0C6Q1	51.31	497	501
UniRef90_C7QJU3	54.03	497	504
UniRef90_UPI0006E12CA9	53.92	497	496
UniRef90_X0R6D5	61.60	497	501
UniRef90_A0A0N1NF48	53.82	497	501
UniRef90_A0A0F7NB31	53.41	497	503
UniRef90_UPI00036F1931	53.98	497	506
UniRef90_D3AH89	61.37	497	501
UniRef90_U5W5J7	54.16	497	488
UniRef90_H0HPY3	54.51	497	502
UniRef90_K2QIP5	55.89	497	502
UniRef90_UPI0006195B0E	70.82	497	503
UniRef90_R6MZR9	61.21	497	499
UniRef90_UPI00040D3B00	68.81	497	504
UniRef90_D2PYP5	51.31	497	499
UniRef90_UPI0004C94E7D	52.30	497	514
UniRef90_A0A011AVD4	63.87	497	504
UniRef90_N2AC31	59.40	497	503
UniRef90_A0A098Y630	54.20	497	503
UniRef90_A0A0L8L114	53.02	497	511
UniRef90_A0A021VWG6	54.22	497	505
UniRef90_R9K3T8	60.20	497	504
UniRef90_UPI0004C902D0	52.68	497	508
UniRef90_UPI0004C467E1	53.27	497	504
UniRef90_D3AJZ2	62.12	497	508
UniRef90_A0A0A0BCB7	51.50	497	504
UniRef90_V6KR79	53.23	497	499
UniRef90_R2R2C0	64.57	497	497
UniRef90_UPI0003B73012	50.80	497	502
UniRef90_UPI00041F1168	52.92	497	509
UniRef90_R5SVM1	61.65	497	501
UniRef90_UPI0004B09F83	57.60	497	506
UniRef90_UPI00037017CF	55.53	497	503
UniRef90_UPI000345FCDE	50.60	497	506
UniRef90_D9SYF1	53.32	497	503
UniRef90_UPI00037BA63C	51.10	497	519
UniRef90_UPI000346E109	49.90	497	508
UniRef90_R2RYF9	60.04	497	499
UniRef90_UPI0006F4179D	50.00	497	503
UniRef90_UPI0006F2DF6C	52.00	497	503
UniRef90_A0A072CP01	57.49	497	503
UniRef90_UPI0002F6AE6D	53.40	497	503
UniRef90_UPI0005F7789B	52.30	497	511
UniRef90_A7VXN7	60.92	497	505
UniRef90_A0A081XRD3	52.12	497	501
UniRef90_UPI00042888E9	56.85	497	502
UniRef90_A0A0M2HFF8	53.31	497	503
UniRef90_UPI0006F59B41	51.40	497	503
UniRef90_D3Q1S3	51.41	497	505
UniRef90_UPI0006C1B7B3	59.04	497	494
UniRef90_UPI0004906B75	59.48	497	490
UniRef90_A0A0B4XXR8	55.31	497	506
UniRef90_UPI0007015143	68.95	497	504
UniRef90_UPI0004C28E7D	53.09	497	513
UniRef90_I0LCJ5	54.02	497	504
UniRef90_UPI0005A6ADDA	52.91	497	502
UniRef90_UPI0006FBAD78	53.71	497	520
UniRef90_UPI000565C4C6	53.41	497	500
UniRef90_UPI00040B2F93	60.45	497	495
UniRef90_A0A024KF13	56.31	497	503
UniRef90_W6SAP6	59.00	497	522
UniRef90_UPI00045E6957	50.60	497	503
UniRef90_UPI0006E24985	54.12	497	505
UniRef90_E1R622	60.44	497	504
UniRef90_C4RBZ6	53.41	497	559
UniRef90_UPI00054F3ED7	54.71	497	503
UniRef90_UPI000346F66E	50.30	497	507
UniRef90_UPI0005D2B924	61.60	497	504
UniRef90_R7I7I8	60.00	497	499
UniRef90_UPI0004794DE5	52.02	497	510
UniRef90_A0A081D0T2	58.60	497	503
UniRef90_UPI0005279A4E	50.10	497	501
UniRef90_A0A017HQG8	54.40	497	523
UniRef90_UPI0004AD68B0	59.27	497	490
UniRef90_UPI000372A2D0	54.40	497	502
UniRef90_UPI00055032B8	50.80	497	502
UniRef90_A0A078KSW0	54.75	497	497
UniRef90_UPI00048159B7	54.09	497	505
UniRef90_D1BVI0	51.31	497	504
UniRef90_F5XNQ9	50.30	497	508
UniRef90_A0A0D0QHA0	52.30	497	502
UniRef90_J1HXH3	59.84	497	515
UniRef90_T0TBR7	60.92	497	502
UniRef90_R5MDN5	56.94	497	499
UniRef90_UPI00048C8CD3	60.20	497	505
UniRef90_I8TXC2	54.91	497	498
UniRef90_E9UZS3	51.52	497	502
UniRef90_A0A0M8VSD0	52.69	497	505
UniRef90_D2PQI7	53.54	497	502
UniRef90_A6VYU6	55.60	497	502
UniRef90_N9W737	60.44	497	499
UniRef90_UPI0006875E95	54.14	497	519
UniRef90_A0A0N1NCY7	53.09	497	517
UniRef90_A0A0D5LQ03	53.91	497	502
UniRef90_UPI0004C182B1	52.50	497	511
UniRef90_A0A0A0BVK1	51.11	497	502
UniRef90_X8GWU2	60.84	497	513
UniRef90_S0DGG6	51.30	497	501
UniRef90_UPI00062916E0	53.20	497	502
UniRef90_A1WNH1	54.14	497	506
UniRef90_A0A0N0XGM3	55.56	497	514
UniRef90_B9K1N8	56.37	497	507
UniRef90_UPI00035DE294	51.51	497	503
UniRef90_UPI0006FB3DFF	52.81	497	502
UniRef90_A0A0K2SQX3	52.60	497	502
UniRef90_A0A0M8Y2P4	50.30	497	507
UniRef90_S9R6Z5	55.60	497	504
UniRef90_A0A0F7N237	54.15	497	513
UniRef90_UPI0006F84A21	51.00	497	503
UniRef90_UPI000467D54E	59.27	497	490
UniRef90_UPI00066DEAC1	54.33	497	496
UniRef90_UPI0003610ABE	54.12	497	505
UniRef90_UPI0006FD3A47	50.70	497	501
UniRef90_UPI0006F1D9CD	50.50	497	502
UniRef90_UPI000348382A	50.60	497	507
UniRef90_UPI00047E1AA1	48.40	497	503
UniRef90_A0A0F5PVN2	53.49	497	503
UniRef90_Q2CJJ1	55.69	497	504
UniRef90_UPI0003B590C3	49.10	497	505
UniRef90_F4H0R7	50.70	497	502
UniRef90_C4LFF6	56.22	497	503
UniRef90_UPI000405B6ED	53.91	497	505
UniRef90_S3I3H7	54.40	497	502
UniRef90_A0A0B1Q651	53.89	497	503
UniRef90_UPI0006FFF8CE	50.00	497	507
UniRef90_A0A0M3BQ94	55.40	497	502
UniRef90_UPI0004C5C7F9	51.70	497	513
UniRef90_A1R2M9	53.27	497	512
UniRef90_UPI000568A514	54.20	497	502
UniRef90_UPI0003B78072	49.70	497	508
UniRef90_UPI0006F7B06D	53.29	497	503
UniRef90_S2Y3A9	52.79	497	504
UniRef90_R7CBE6	57.66	497	496
UniRef90_A0A0L0B4Y9	49.40	497	503
UniRef90_UPI00056EF86E	54.42	497	511
UniRef90_A0A085F627	54.49	497	503
UniRef90_A0A0B4XGZ0	51.80	497	506
UniRef90_F2NAY7	58.23	497	504
UniRef90_A0A068TKJ2	53.92	497	516
UniRef90_A0A024GYG1	53.07	497	512
UniRef90_UPI000481925A	51.20	497	503
UniRef90_B0RF65	52.41	497	513
UniRef90_A0A021VSJ3	49.60	497	502
UniRef90_UPI0003B30442	58.00	497	500
UniRef90_A0A0A6UKG3	49.50	497	508
UniRef90_UPI0003657AE5	52.40	497	503
UniRef90_A0A090EAD2	55.31	497	502
UniRef90_C7MA21	49.40	497	506
UniRef90_UPI000696C504	52.01	497	501
UniRef90_A0A0F0EI79	51.20	497	504
UniRef90_UPI0006F97077	51.20	497	502
UniRef90_S0DEZ3	50.20	497	503
UniRef90_UPI0002D71DC5	51.51	497	506
UniRef90_UPI0004897AF1	54.05	497	503
UniRef90_UPI0003FDE740	52.42	497	503
UniRef90_UPI00047DD16E	52.21	497	500
UniRef90_W9HAN0	54.99	497	516
UniRef90_L8TNG7	51.61	497	516
UniRef90_UPI0004BE69E4	51.80	497	506
UniRef90_W2EUD4	50.91	497	500
UniRef90_D7AYL5	50.60	497	507
UniRef90_UPI000348A5BE	49.90	497	506
UniRef90_UPI0006F74928	50.00	497	503
UniRef90_Z9JQM9	50.40	497	504
UniRef90_A0A0H4QB72	60.48	497	496
UniRef90_D1BBA2	50.50	497	525
UniRef90_A0A0D7QNB1	51.60	497	503
UniRef90_E0RTP2	56.11	497	501
UniRef90_A0A0D1C3U3	53.47	497	511
UniRef90_A0A0M8WQA4	50.30	497	496
UniRef90_U4TV36	59.27	497	500
UniRef90_I3X1Q7	53.00	497	506
UniRef90_UPI0004825BA5	57.83	497	503
UniRef90_A0A0K8Q140	53.45	497	567
UniRef90_A0A031FV10	50.10	497	503
UniRef90_UPI00026C737A	49.20	497	505
UniRef90_R5CJC0	59.00	497	503
UniRef90_A0A075KDY7	54.95	497	503
UniRef90_UPI0006F77AE7	52.39	497	511
UniRef90_B5WAD3	54.86	497	506
UniRef90_UPI0006F577BD	52.73	497	506
UniRef90_UPI00058F8199	52.67	497	512
UniRef90_UPI0002376158	55.15	497	506
UniRef90_UPI0006295575	48.50	497	504
UniRef90_UPI00046ADA91	52.10	497	510
UniRef90_V7EF92	54.09	497	505
UniRef90_UPI0004874671	53.97	497	511
UniRef90_C5C194	50.10	497	501
UniRef90_A0A090FRT3	54.11	497	501
UniRef90_G9ZRI8	56.34	497	509
UniRef90_UPI0005B9C6D1	48.40	497	503
UniRef90_A0A083ZLC5	53.60	497	503
UniRef90_A0A0K8JGN0	54.75	497	500
UniRef90_A0A0A0D5H5	54.55	497	506
UniRef90_UPI000416DD8E	51.81	497	509
UniRef90_UPI000523FBF7	49.00	497	495
UniRef90_UPI00041F832F	51.59	497	511
UniRef90_UPI0006F1E302	48.00	497	503
UniRef90_A0P088	51.50	497	503
UniRef90_A0A0B2AE46	49.60	497	501
UniRef90_D9J2Q3	59.19	497	496
UniRef90_A0A0A0B243	49.40	497	503
UniRef90_UPI0006F4A95C	52.30	497	502
UniRef90_UPI000488CF27	58.72	497	506
UniRef90_UPI000700BA58	52.31	497	502
UniRef90_UPI000649185E	53.40	497	501
UniRef90_UPI0003FC02DE	51.58	497	512
UniRef90_K4R038	51.30	497	499
UniRef90_F8EZC6	56.74	497	496
UniRef90_UPI00035F5937	51.41	497	503
UniRef90_A0A0J1G3J7	54.53	497	519
UniRef90_F0RY61	55.31	497	498
UniRef90_UPI0006F4ADEE	51.41	497	503
UniRef90_UPI00034C58E3	49.90	497	506
UniRef90_UPI0003609DA3	50.90	497	503
UniRef90_UPI00066B4222	51.81	497	495
UniRef90_I4YWR9	56.36	497	517
UniRef90_Q2CED5	51.20	497	505
UniRef90_UPI0004E0BBC8	50.50	497	499
UniRef90_E8ND64	50.20	497	504
UniRef90_UPI0003B3A79B	51.28	497	513
UniRef90_UPI0006F30D7B	52.80	497	502
UniRef90_U5WDU2	51.31	497	503
UniRef90_UPI0006F495FC	51.20	497	503
UniRef90_UPI0003F92906	52.32	497	504
UniRef90_UPI00052474A8	48.80	497	507
UniRef90_UPI000527EFCD	49.70	497	501
UniRef90_A0A097BAR0	63.56	497	497
UniRef90_UPI00041F9669	53.63	497	508
UniRef90_A0A068T1G9	53.40	497	503
UniRef90_UPI000419DCB0	51.30	497	502
UniRef90_A0A0F0EN14	49.60	497	508
UniRef90_UPI0006F4AE6A	49.50	497	501
UniRef90_A0A0K6H862	55.29	497	517
UniRef90_C7QAJ6	49.70	497	507
UniRef90_UPI0003FE25D7	59.48	497	496
UniRef90_K7RY68	50.30	497	512
UniRef90_A0A087BZM7	51.09	497	546
UniRef90_UPI0003B76150	51.40	497	503
UniRef90_J8W3R6	62.15	497	505
UniRef90_A0A0K8QH31	52.00	497	503
UniRef90_UPI0004787C76	52.67	497	511
UniRef90_UPI0004C38B15	50.40	497	505
UniRef90_A0A074U3Z7	49.30	497	503
UniRef90_A0A0A0D643	53.54	497	516
UniRef90_A0A0F2CB58	50.00	497	511
UniRef90_UPI0006FBC4E2	50.50	497	504
UniRef90_A0A0M2JH80	50.70	497	506
UniRef90_UPI0004630D57	58.50	497	496
UniRef90_UPI0004240FCD	50.30	497	499
UniRef90_UPI0003030DCC	56.40	497	501
UniRef90_A0A0D1IV04	51.39	497	511
UniRef90_S9QWD3	53.24	497	501
UniRef90_A0A078KS43	53.72	497	496
UniRef90_UPI00051A436A	49.60	497	511
UniRef90_A0A066UC03	49.90	497	494
