UniRef90_Q1R261	99.32	440	463
UniRef90_Q57G40	94.77	440	440
UniRef90_UPI000466C51C	89.32	440	440
UniRef90_A0A0J8YCK1	89.32	440	440
UniRef90_V5AWN4	89.32	440	440
UniRef90_A7MGA9	87.95	440	440
UniRef90_UPI0006187F42	90.80	440	687
UniRef90_C5BHJ3	85.00	440	440
UniRef90_A0A097QZ02	83.41	440	440
UniRef90_D4DXG4	84.05	440	440
UniRef90_H2IRZ3	84.47	440	442
UniRef90_Q74PY8	82.73	440	440
UniRef90_A0A0A1B3H9	82.65	440	439
UniRef90_A0A0L7T4Q8	81.82	440	440
UniRef90_I2BD25	85.91	440	440
UniRef90_UPI000345BA3E	81.82	440	440
UniRef90_B2Q6L5	81.59	440	440
UniRef90_W0LBJ7	81.59	440	440
UniRef90_A0A0J8YRZ6	82.27	440	440
UniRef90_D8MMT3	81.32	440	440
UniRef90_B4EWA3	79.77	440	440
UniRef90_D4GMX5	81.82	440	442
UniRef90_A0A083ZZU5	80.45	440	440
UniRef90_Q6D991	80.87	440	442
UniRef90_UPI0006FABD24	79.32	440	440
UniRef90_E1SDS4	81.59	440	442
UniRef90_M1SIM1	80.23	440	440
UniRef90_A0A0H2QKC9	79.55	440	440
UniRef90_UPI0003655E7F	83.60	440	440
UniRef90_A0A071LXZ8	81.14	440	440
UniRef90_I0QZ53	81.74	440	445
UniRef90_A0A0G4JR68	80.87	440	442
UniRef90_UPI00046895DF	81.78	440	440
UniRef90_E0SKZ5	79.68	440	443
UniRef90_A0A0B6X4H9	79.19	440	444
UniRef90_E6WAB3	82.05	440	440
UniRef90_G7LQT0	79.04	440	443
UniRef90_E9CMR1	79.04	440	440
UniRef90_A0A0A0YZJ6	77.95	440	440
UniRef90_C7BJU0	77.50	440	441
UniRef90_D3VB63	78.43	440	446
UniRef90_UPI00066037AE	79.68	440	445
UniRef90_C6CE00	78.82	440	444
UniRef90_V3TWJ1	77.90	440	447
UniRef90_UPI0005560B11	79.27	440	440
UniRef90_A0A014M8D1	77.90	440	440
UniRef90_A0A0A0CM86	77.05	440	440
UniRef90_B2VH51	78.64	440	440
UniRef90_W1BK82	99.43	440	348
UniRef90_A0A068QRH5	77.43	440	451
UniRef90_A0A0M0T9Y0	75.88	440	458
UniRef90_UPI0003783653	77.45	440	440
UniRef90_W1J795	77.55	440	465
UniRef90_W1HGA0	96.84	440	400
UniRef90_W1ISG5	75.45	440	445
UniRef90_A0A068R6D9	73.79	440	456
UniRef90_UPI00069007D2	76.08	440	463
UniRef90_A0A095TE67	73.64	440	440
UniRef90_R8ATR1	76.48	440	443
UniRef90_A0A085J9B5	70.62	440	439
UniRef90_A0A0F5VHI4	71.69	440	443
UniRef90_Q2NW05	73.80	440	443
UniRef90_UPI00036809B8	70.78	440	443
UniRef90_C9P6J3	70.55	440	447
UniRef90_F7YM89	71.17	440	453
UniRef90_A0A099LN27	70.75	440	442
UniRef90_A0KPE3	70.32	440	443
UniRef90_D0YZU8	73.06	440	443
UniRef90_Q8DBT1	70.00	440	442
UniRef90_C4LAZ0	69.48	440	443
UniRef90_Q5E7J6	71.00	440	443
UniRef90_A0A0F5AQ57	69.48	440	443
UniRef90_UPI00063C02EE	71.40	440	447
UniRef90_A6D216	72.15	440	444
UniRef90_U4E6Z5	70.09	440	442
UniRef90_UPI00048B1BD6	68.26	440	443
UniRef90_D0I7W8	71.46	440	443
UniRef90_Q87M23	70.32	440	442
UniRef90_A0A081N0N1	67.58	440	439
UniRef90_UPI0005AA06A7	69.25	440	443
UniRef90_A0A0D8MVC7	71.14	440	443
UniRef90_A0A090R675	71.75	440	442
UniRef90_UPI0004726C38	67.05	440	443
UniRef90_D4ZB53	67.12	440	443
UniRef90_UPI00040277C3	69.63	440	443
UniRef90_Q8EHK3	67.12	440	443
UniRef90_V5HMG4	69.93	440	444
UniRef90_UPI0004A41242	68.11	440	439
UniRef90_A0A0J1H7H4	70.32	440	443
UniRef90_A0A0B8PJW5	70.16	440	446
UniRef90_Q9KPL8	70.78	440	448
UniRef90_Q6LUH3	71.00	440	443
UniRef90_E1SSQ4	68.41	440	443
UniRef90_A3QGT2	67.50	440	443
UniRef90_UPI0002FF4CBE	67.26	440	455
UniRef90_Q12QG2	65.53	440	443
UniRef90_UPI00040106DE	65.91	440	446
UniRef90_Q086F9	68.04	440	443
UniRef90_UPI00046ADB82	67.58	440	446
UniRef90_A1SYK5	66.74	440	446
UniRef90_A1S475	66.67	440	443
UniRef90_UPI00041DCFA2	67.12	440	449
UniRef90_M4U796	66.29	440	445
UniRef90_UPI000488A572	65.83	440	440
UniRef90_UPI0003F69351	65.98	440	440
UniRef90_A6F6B8	65.30	440	443
UniRef90_UPI00067F1F15	68.51	440	435
UniRef90_A0A081K5V1	63.10	440	439
UniRef90_UPI00040A2182	65.75	440	442
UniRef90_UPI0003FEF9E9	63.24	440	447
UniRef90_Q7NRT0	63.70	440	441
UniRef90_F5S650	62.33	440	441
UniRef90_A0A094KZZ6	63.43	440	444
UniRef90_A0A0K1JZ27	63.01	440	440
UniRef90_E3BN61	63.24	440	442
UniRef90_UPI000416CECE	64.84	440	440
UniRef90_A0A0J6NG00	61.82	440	441
UniRef90_UPI000479C0C6	63.59	440	444
UniRef90_A0A094LPB3	63.93	440	452
UniRef90_A0A0K8JZC4	62.10	440	440
UniRef90_C4GHU9	61.05	440	435
UniRef90_A0A0F3KER6	62.95	440	447
UniRef90_UPI00050A2EFE	62.50	440	436
UniRef90_UPI0007002385	60.73	440	440
UniRef90_A0A094IWC2	58.77	440	440
UniRef90_A0A0K6HC45	59.32	440	443
UniRef90_L9PMI5	60.05	440	440
UniRef90_W0V876	61.19	440	440
UniRef90_A0A031GK41	60.73	440	440
UniRef90_UPI0006FCA0EC	61.19	440	440
UniRef90_K2JC64	67.35	440	434
UniRef90_A4BED5	61.64	440	437
UniRef90_UPI00061D0FCC	60.23	440	435
UniRef90_UPI0003F9F4AC	60.36	440	444
UniRef90_Q5QXT8	59.73	440	446
UniRef90_K9DW82	59.36	440	440
UniRef90_UPI000346D676	62.10	440	440
UniRef90_UPI0004110EC9	59.91	440	443
UniRef90_UPI000411BA95	59.91	440	444
UniRef90_F7S1C5	59.36	440	442
UniRef90_A0A098UDG4	60.73	440	440
UniRef90_UPI0005BE6184	61.78	440	446
UniRef90_UPI0004227C76	59.55	440	446
UniRef90_A0A0N0ZH29	58.60	440	444
UniRef90_Q1BV59	58.45	440	438
UniRef90_UPI000472B824	59.36	440	445
UniRef90_UPI00069119D9	60.89	440	449
UniRef90_UPI0005636A5D	60.05	440	440
UniRef90_S2KQE3	60.32	440	447
UniRef90_UPI000422DB30	60.64	440	436
UniRef90_A3YHE2	56.78	440	447
UniRef90_A0A0N0GMY9	59.27	440	440
UniRef90_UPI0004896EC5	58.16	440	439
UniRef90_E0MMA0	60.19	440	443
UniRef90_A0A0N0ZN51	58.14	440	443
UniRef90_A0A0D5EFK8	58.22	440	438
UniRef90_A0A0F4R5U6	57.14	440	447
UniRef90_R6IX66	54.79	440	438
UniRef90_A0A0H5XV32	72.35	440	361
UniRef90_Q39PA6	58.22	440	438
UniRef90_H0IYB0	59.43	440	450
UniRef90_UPI0004D0355C	58.39	440	439
UniRef90_UPI0003A10EDD	56.39	440	437
UniRef90_A0A0J1CX31	58.62	440	439
UniRef90_A0A084D7T8	57.76	440	438
UniRef90_F2LMB4	59.36	440	439
UniRef90_R9PJX7	58.86	440	443
UniRef90_UPI0003A88AF5	93.02	440	349
UniRef90_UPI0006EC2BD3	57.82	440	443
UniRef90_K2LCF8	56.36	440	446
UniRef90_UPI000306461C	55.81	440	439
UniRef90_UPI000484CC5F	56.52	440	437
UniRef90_UPI0002894949	57.91	440	453
UniRef90_R5PZD0	55.13	440	439
UniRef90_A0A0B4XUL7	58.02	440	446
UniRef90_A0A0J5WSC4	57.08	440	438
UniRef90_F0JBQ5	57.40	440	450
UniRef90_UPI0004772430	57.31	440	435
UniRef90_UPI0003B74E41	56.36	440	446
UniRef90_UPI00035ED13C	58.77	440	442
UniRef90_R5R819	53.42	440	436
UniRef90_A5EY73	55.99	440	444
UniRef90_A0A0A1PRR4	60.10	440	450
UniRef90_UPI0004216729	55.48	440	442
UniRef90_A3WNV4	55.23	440	440
UniRef90_A0A0E6QL34	93.18	440	264
UniRef90_E1V589	57.21	440	441
UniRef90_UPI00047F9002	60.05	440	438
UniRef90_UPI000403D008	57.83	440	437
UniRef90_UPI0005B3C880	59.95	440	439
UniRef90_K2PI78	56.39	440	438
UniRef90_UPI000679DBBB	63.19	440	394
UniRef90_T2L4A5	58.49	440	451
UniRef90_W9H0Z7	56.59	440	440
UniRef90_A0A0H1RP07	57.91	440	440
UniRef90_UPI0006FDD658	56.39	440	436
UniRef90_A0A0F5L3R3	57.81	440	439
UniRef90_UPI0004671F46	56.39	440	439
UniRef90_UPI00049075CB	56.39	440	436
UniRef90_UPI00061470D5	57.44	440	442
UniRef90_A0A0H2YDD3	80.00	440	290
UniRef90_A0A0F5FWD5	57.77	440	439
UniRef90_A0A0H2MXD0	54.09	440	440
UniRef90_A0A061QFG1	53.53	440	440
UniRef90_UPI0002F4782F	54.90	440	440
UniRef90_A0A0G2EUJ1	55.84	440	440
UniRef90_UPI0004141BF2	58.01	440	438
UniRef90_A8TNW2	54.82	440	442
UniRef90_A0A0H1A6S5	57.76	440	442
UniRef90_A0A0N1KYL3	55.84	440	438
UniRef90_UPI000700FBF6	55.48	440	443
UniRef90_UPI000648D83D	54.57	440	439
UniRef90_R6HZQ4	53.20	440	437
UniRef90_UPI00047C7FFC	56.85	440	438
UniRef90_UPI0003757ADD	56.16	440	439
UniRef90_E6VZ74	58.00	440	440
UniRef90_UPI0005B97996	56.12	440	442
UniRef90_UPI0006F973AD	55.94	440	442
UniRef90_A0A0F7PU60	54.36	440	436
UniRef90_A9CVM2	55.05	440	436
UniRef90_A0A0L0J3N9	56.95	440	438
UniRef90_H4F487	55.25	440	438
UniRef90_UPI00037E5F0B	55.94	440	441
UniRef90_A0A061PKJ2	76.87	440	345
UniRef90_J2V1X9	56.39	440	438
UniRef90_UPI0007020DAF	56.62	440	439
UniRef90_U7NZ72	56.22	440	448
UniRef90_D3NZW6	54.90	440	440
UniRef90_B9JYS4	55.05	440	439
UniRef90_UPI0006F774B7	55.15	440	436
UniRef90_A3P8N2	56.45	440	440
UniRef90_Q1YHN4	57.78	440	436
UniRef90_A0A086MEV6	56.52	440	440
UniRef90_A0A0F9WM59	56.91	440	438
UniRef90_A0A098TDM6	54.82	440	436
UniRef90_R1G3L0	55.84	440	439
UniRef90_UPI00031E5021	57.08	440	438
UniRef90_A0A0K2DHS2	56.04	440	441
UniRef90_UPI000476F0BA	55.81	440	433
UniRef90_A0A085FN65	55.71	440	442
UniRef90_Q11C50	55.38	440	438
UniRef90_UPI000420AF87	54.23	440	435
UniRef90_UPI00035F1DC0	51.60	440	440
UniRef90_UPI0006F942D9	56.29	440	437
UniRef90_UPI0003708C7A	52.62	440	439
UniRef90_UPI00047F0287	54.44	440	441
UniRef90_A0A0N0E8C4	54.31	440	436
UniRef90_A0A0F5PWV4	55.94	440	440
UniRef90_UPI000411E902	57.60	440	438
UniRef90_G8PSC9	55.87	440	438
UniRef90_A3VCC7	55.71	440	434
UniRef90_UPI00040C0B69	57.08	440	440
UniRef90_UPI0006D0C734	55.13	440	438
UniRef90_A0A099KGN6	53.46	440	439
UniRef90_A0A085EQ28	56.64	440	440
UniRef90_E2CFC9	54.46	440	438
UniRef90_UPI000700E9E0	53.55	440	437
UniRef90_UPI0003FBD74F	57.21	440	438
UniRef90_UPI0006F86339	56.62	440	442
UniRef90_A0A0C5VEQ3	54.10	440	437
UniRef90_I4YPB4	56.29	440	440
UniRef90_H0HIS1	55.38	440	439
UniRef90_A0A0N1F559	55.94	440	442
UniRef90_A0A0F5LHC8	55.35	440	439
UniRef90_A0A0F2KRF7	55.25	440	439
UniRef90_A0A0D2SY14	56.08	440	444
UniRef90_UPI0007032E7F	54.91	440	435
UniRef90_UPI0003642DF5	53.10	440	439
UniRef90_N2JG59	54.91	440	435
UniRef90_UPI0006FC61C3	56.74	440	440
UniRef90_UPI0005A84187	56.43	440	440
UniRef90_UPI000482ECD8	54.79	440	437
UniRef90_I5BQT7	55.02	440	439
UniRef90_Q483R6	53.46	440	438
UniRef90_K2NY56	55.02	440	438
UniRef90_UPI0006F66F43	56.15	440	455
UniRef90_UPI0006EBC5CF	55.25	440	441
UniRef90_UPI0006F97DDE	57.34	440	436
UniRef90_A0A087M2A6	54.67	440	440
UniRef90_F2J2T2	55.68	440	438
UniRef90_W8I6Z8	54.79	440	436
UniRef90_UPI0006C776B7	59.55	440	437
UniRef90_UPI0006457AF8	55.20	440	448
UniRef90_A0A0J6I566	52.85	440	440
UniRef90_A0A0K6H700	56.49	440	448
UniRef90_UPI00056FB542	55.71	440	441
UniRef90_UPI00047734B4	55.41	440	443
UniRef90_A0A084U5T1	54.94	440	439
UniRef90_A0A0D8D9U0	52.85	440	439
UniRef90_K2MAM6	55.25	440	451
UniRef90_UPI00046481F8	54.57	440	439
UniRef90_T0ZV07	50.46	440	440
UniRef90_UPI0006F81A33	53.42	440	439
UniRef90_UPI000464F6E8	53.92	440	438
UniRef90_A0A099KDF6	53.00	440	438
UniRef90_A0A087LPI8	54.92	440	441
UniRef90_A0A0D8CQS4	51.94	440	440
UniRef90_A0A090GAZ9	56.06	440	438
UniRef90_UPI0006FA3565	54.92	440	438
UniRef90_UPI00034BB39C	57.07	440	440
UniRef90_B9R1L6	58.46	440	438
UniRef90_UPI000410A803	56.29	440	438
UniRef90_UPI00055C9DA6	55.58	440	439
UniRef90_UPI00037C6995	55.71	440	439
UniRef90_U3HF26	55.33	440	435
UniRef90_A0A086D0J8	54.34	440	443
UniRef90_UPI000405A353	54.09	440	438
UniRef90_UPI0006D99A78	55.58	440	436
UniRef90_I1E0A7	52.18	440	437
UniRef90_UPI0004782884	52.51	440	439
UniRef90_UPI000400A324	56.19	440	439
UniRef90_UPI0006F5481C	56.39	440	436
UniRef90_A0A0M3T215	50.00	440	451
UniRef90_A0A0A3JY02	56.72	440	440
UniRef90_C5AWR0	56.88	440	436
UniRef90_UPI000420542E	54.23	440	434
UniRef90_UPI0006FB6BD1	53.20	440	438
UniRef90_UPI00036BA0B2	53.42	440	438
UniRef90_A0A0C6FRK0	55.15	440	437
UniRef90_W1N799	52.76	440	454
UniRef90_I3XF05	52.97	440	438
UniRef90_L0NLB1	55.25	440	436
UniRef90_UPI0006F62D7B	55.58	440	437
UniRef90_A0A0F5L3E7	55.94	440	440
UniRef90_UPI00041FD648	52.40	440	436
UniRef90_UPI00058E22B9	54.02	440	444
UniRef90_UPI00055E2B1C	54.67	440	433
UniRef90_G9A4I5	53.20	440	436
UniRef90_UPI0004B78FE7	52.74	440	436
UniRef90_UPI00062BC318	53.76	440	436
UniRef90_L0LG62	52.86	440	435
UniRef90_UPI0006B278FF	54.15	440	412
UniRef90_UPI000346B11D	55.71	440	436
UniRef90_A0A095UCY4	54.46	440	436
UniRef90_A0A0K0U1R4	53.88	440	439
UniRef90_UPI00065DEE33	56.06	440	439
UniRef90_H3ZEZ3	54.86	440	435
UniRef90_UPI00046FAFBF	68.94	440	327
UniRef90_UPI0006FDD93B	54.11	440	437
UniRef90_A0A024IS08	54.21	440	438
UniRef90_UPI00055C15A4	51.36	440	439
UniRef90_UPI0003750756	54.11	440	433
UniRef90_A0A072BZ10	52.29	440	438
UniRef90_A0A089P2E0	55.99	440	432
UniRef90_UPI0006D762E7	58.46	440	437
UniRef90_B9J6V5	53.32	440	435
UniRef90_Q8UJ08	53.42	440	438
UniRef90_F0L3P3	54.57	440	436
UniRef90_UPI0006F232D5	54.92	440	437
UniRef90_A0A0F4RAF3	54.06	440	446
UniRef90_UPI0004133B3A	52.62	440	441
UniRef90_A0A060DD75	53.20	440	440
UniRef90_UPI000701D260	55.45	440	433
UniRef90_A0A0J6TGP1	57.21	440	437
UniRef90_UPI0006C73F78	53.65	440	439
UniRef90_UPI0004759750	50.91	440	436
UniRef90_A0A099KCN0	51.49	440	440
UniRef90_B1ZGR5	57.11	440	436
UniRef90_UPI00035E8D89	52.51	440	435
UniRef90_A0A081CVA5	52.86	440	437
UniRef90_Q92T50	54.23	440	440
UniRef90_G6YCB4	55.38	440	439
UniRef90_UPI0006F8F7A1	54.70	440	435
UniRef90_A0A0L6TE82	52.40	440	439
UniRef90_R5Y8A4	50.00	440	437
UniRef90_UPI000563F0FD	50.80	440	439
UniRef90_UPI00055372C1	51.72	440	435
UniRef90_UPI00048032B7	53.20	440	443
UniRef90_V7FJE4	54.69	440	438
UniRef90_A0A069HSH7	52.05	440	438
UniRef90_B6IPF9	53.86	440	448
UniRef90_I9LM14	54.59	440	432
UniRef90_G2KSZ3	51.47	440	442
UniRef90_A0A0F5FIZ0	53.99	440	439
UniRef90_A0A0M2V0Y9	50.46	440	438
UniRef90_UPI000402EE6E	51.72	440	435
UniRef90_UPI00056810CD	56.68	440	438
UniRef90_UPI00041999BF	54.41	440	439
UniRef90_UPI0003FF0C79	51.37	440	438
UniRef90_UPI000379D1BF	53.12	440	435
UniRef90_UPI0004E101E5	51.60	440	438
UniRef90_J5PV55	52.17	440	435
UniRef90_UPI00036ADEBB	53.92	440	436
UniRef90_C3MBH0	51.83	440	438
UniRef90_A0A0J6SCM8	56.47	440	437
UniRef90_A0A0B1Q6Z4	55.76	440	437
UniRef90_J2KTU8	51.95	440	435
UniRef90_UPI0006F57DC4	52.40	440	435
UniRef90_UPI0006F7715F	53.55	440	439
UniRef90_H0JBH1	52.85	440	436
UniRef90_G4RFR2	53.74	440	439
UniRef90_U4PZW9	53.42	440	438
UniRef90_UPI000371C7A6	52.63	440	441
UniRef90_UPI0006FBD6E2	51.95	440	435
UniRef90_F7NTL3	50.23	440	438
UniRef90_A0A081MBD3	52.28	440	436
UniRef90_A0A021X6Z7	52.05	440	437
UniRef90_A0A0N1LL29	54.34	440	441
UniRef90_Q1QZC1	52.11	440	462
UniRef90_UPI0004085C3B	52.63	440	435
UniRef90_UPI0006734614	49.43	440	437
UniRef90_A6UET3	52.63	440	438
UniRef90_A0A0M2VFX2	50.69	440	438
UniRef90_UPI0005679FE8	52.19	440	439
UniRef90_E8TDP6	53.55	440	439
UniRef90_I4MYE0	53.19	440	418
UniRef90_A0A0B4WVK9	51.95	440	435
UniRef90_UPI00056B7AF8	49.09	440	439
UniRef90_UPI000466E2DF	52.16	440	438
UniRef90_UPI000700A722	54.79	440	438
UniRef90_Q1MMW0	52.66	440	435
UniRef90_U7GH82	56.04	440	438
UniRef90_A0A068SZC9	52.40	440	436
UniRef90_A0NS74	56.04	440	438
UniRef90_J0VPJ7	52.86	440	435
UniRef90_A0A0D0L481	52.86	440	436
UniRef90_UPI0006F5D6CA	55.48	440	436
UniRef90_UPI0006F65519	57.61	440	435
UniRef90_A0A074J244	51.49	440	440
UniRef90_UPI0004229594	50.34	440	438
UniRef90_UPI000560D1F2	52.66	440	435
UniRef90_W6R676	51.83	440	438
UniRef90_UPI000486D16E	52.17	440	436
UniRef90_D5AMS1	53.90	440	439
UniRef90_UPI0004104C9E	55.78	440	441
UniRef90_UPI00063D0181	49.77	440	439
UniRef90_A0A0M3BJD9	53.32	440	436
UniRef90_M7XWP2	55.50	440	432
UniRef90_A0A085TZ97	52.64	440	441
UniRef90_UPI00036515F6	53.55	440	442
UniRef90_Q2KDR8	52.42	440	435
UniRef90_A0A091C5F0	50.69	440	449
UniRef90_A0A0D5LNK2	51.14	440	436
UniRef90_UPI000399E89C	49.66	440	439
UniRef90_A0A074TMT8	52.18	440	436
UniRef90_UPI0002FE3AD4	51.83	440	435
UniRef90_M5FFS3	54.23	440	439
UniRef90_X6G7J8	51.95	440	464
UniRef90_UPI00035C355E	61.70	440	343
UniRef90_X6GPW0	54.09	440	442
UniRef90_A0A0A0EDR2	49.88	440	434
UniRef90_UPI0004801B03	50.80	440	436
UniRef90_UPI000566FE88	52.91	440	443
UniRef90_A0A095CSR4	51.03	440	435
UniRef90_A0A0B4BQI8	49.66	440	435
UniRef90_UPI0004010332	53.74	440	444
UniRef90_A0A086Y9C3	50.57	440	440
UniRef90_A4EZR4	49.54	440	434
UniRef90_Q98GV5	54.00	440	439
UniRef90_Q28N09	50.23	440	436
UniRef90_UPI0006F4EE69	52.62	440	443
UniRef90_S9RNU6	49.20	440	429
UniRef90_UPI00056864C6	48.25	440	439
UniRef90_A0A0B3S7P8	50.69	440	430
UniRef90_UPI0006470EE4	52.40	440	440
UniRef90_D0D627	48.51	440	429
UniRef90_C8S3F0	51.15	440	435
UniRef90_A0A0C1GLR0	49.31	440	435
UniRef90_A0A074KHF6	50.57	440	436
UniRef90_A3X8C5	49.77	440	434
UniRef90_UPI0002379C9D	48.17	440	435
UniRef90_A0A073IRT7	48.62	440	434
UniRef90_UPI00040C2804	55.81	440	439
UniRef90_UPI0006C86B9E	49.08	440	434
UniRef90_V7EMV9	51.95	440	435
UniRef90_A3TTA3	49.19	440	434
UniRef90_UPI00067FC2AA	50.11	440	435
UniRef90_A0A0F4RLW7	48.74	440	431
UniRef90_Q0FMT2	49.89	440	429
UniRef90_UPI00042077D8	50.12	440	436
UniRef90_UPI0004235BAA	50.71	440	435
UniRef90_B6AYG8	47.48	440	434
UniRef90_B9NNX1	49.43	440	435
UniRef90_A0A0C1J7A0	47.37	440	435
UniRef90_A0A0H4L532	48.74	440	434
UniRef90_A0A059IJ39	50.92	440	435
UniRef90_UPI00055B8258	48.51	440	435
UniRef90_UPI0005725122	61.80	440	324
UniRef90_UPI0004697729	48.28	440	434
UniRef90_A3K5S0	49.77	440	430
UniRef90_B7QUG1	48.74	440	436
UniRef90_D0CWE5	51.11	440	435
UniRef90_UPI00067F55D7	48.85	440	435
UniRef90_A0A058ZLG2	49.08	440	434
UniRef90_UPI0004092496	48.28	440	434
UniRef90_UPI0006B574B2	49.77	440	435
UniRef90_A0A0N0D922	49.54	440	434
UniRef90_A6FVK2	47.36	440	434
UniRef90_UPI0003F9A3CB	51.24	440	436
UniRef90_A0A073J3Q6	48.17	440	438
UniRef90_X6L1B5	52.06	440	429
UniRef90_Q3J645	50.46	440	435
UniRef90_I7EVW0	48.63	440	436
UniRef90_A3SSH1	48.95	440	434
UniRef90_UPI000578EC46	49.89	440	430
UniRef90_A0A061SUK4	49.08	440	435
UniRef90_C9CX35	47.26	440	438
UniRef90_UPI0006DCCECE	48.63	440	433
UniRef90_W0A7I3	50.93	440	445
UniRef90_A0A0J5QET6	48.85	440	441
UniRef90_A0A097QZ02	83.41	440	440
UniRef90_B2Q6L5	81.59	440	440
UniRef90_C5BHJ3	85.00	440	440
UniRef90_UPI00040106DE	65.91	440	446
UniRef90_H2IRZ3	84.47	440	442
UniRef90_A0A083ZZU5	80.45	440	440
UniRef90_A0A0A0YZJ6	77.95	440	440
UniRef90_M1SIM1	80.23	440	440
UniRef90_Q74PY8	82.73	440	440
UniRef90_B4EWA3	79.77	440	440
UniRef90_Q1R261	99.32	440	463
UniRef90_V5AWN4	89.32	440	440
UniRef90_A0A0J8YCK1	89.32	440	440
UniRef90_A0A0L7T4Q8	81.82	440	440
UniRef90_A0A0G4JR68	80.87	440	442
UniRef90_UPI000466C51C	89.32	440	440
UniRef90_A0A0A1B3H9	82.65	440	439
UniRef90_D4DXG4	84.05	440	440
UniRef90_C7BJU0	77.50	440	441
UniRef90_W0LBJ7	81.59	440	440
UniRef90_E0SKZ5	79.68	440	443
UniRef90_Q6D991	80.87	440	442
UniRef90_V3TWJ1	77.90	440	447
UniRef90_D8MMT3	81.32	440	440
UniRef90_A0A0B6X4H9	79.19	440	444
UniRef90_C6CE00	78.82	440	444
UniRef90_C4LAZ0	69.48	440	443
UniRef90_UPI000345BA3E	81.82	440	440
UniRef90_A0A0H2QKC9	79.55	440	440
UniRef90_UPI0004726C38	67.05	440	443
UniRef90_D3VB63	78.20	440	446
UniRef90_A0A0A0CM86	77.05	440	440
UniRef90_UPI0005AA06A7	69.25	440	443
UniRef90_Q57G40	94.77	440	440
UniRef90_E1SSQ4	68.72	440	443
UniRef90_E1SDS4	81.59	440	442
UniRef90_A0KPE3	70.32	440	443
UniRef90_A7MGA9	87.95	440	440
UniRef90_UPI0006FABD24	79.32	440	440
UniRef90_A0A085J9B5	70.62	440	439
UniRef90_A0A071LXZ8	81.14	440	440
UniRef90_D4GMX5	81.82	440	442
UniRef90_W1ISG5	75.45	440	445
UniRef90_A0A095TE67	73.64	440	440
UniRef90_I0QZ53	81.74	440	445
UniRef90_UPI00036809B8	70.78	440	443
UniRef90_A0A0J8YRZ6	82.27	440	440
UniRef90_U4E6Z5	70.09	440	442
UniRef90_E9CMR1	79.04	440	440
UniRef90_D4ZB53	67.12	440	443
UniRef90_A0A014M8D1	77.90	440	440
UniRef90_UPI00066037AE	79.68	440	445
UniRef90_Q8EHK3	67.12	440	443
UniRef90_A0A0F5AQ57	69.48	440	443
UniRef90_A0A068R6D9	73.57	440	456
UniRef90_C9P6J3	70.32	440	447
UniRef90_E6WAB3	82.05	440	440
UniRef90_R8ATR1	76.48	440	443
UniRef90_W1J795	77.55	440	465
UniRef90_UPI00048B1BD6	68.26	440	443
UniRef90_A0A099LN27	70.45	440	442
UniRef90_UPI00063C02EE	71.40	440	447
UniRef90_A0A0F5VHI4	71.69	440	443
UniRef90_Q8DBT1	70.00	440	442
UniRef90_G7LQT0	79.41	440	443
UniRef90_F7YM89	71.17	440	453
UniRef90_UPI00046895DF	81.78	440	440
UniRef90_Q87M23	70.32	440	442
UniRef90_UPI00040277C3	69.63	440	443
UniRef90_UPI000488A572	65.83	440	440
UniRef90_A0A0M0T9Y0	76.10	440	458
UniRef90_M4U796	66.29	440	445
UniRef90_D0YZU8	73.06	440	443
UniRef90_Q5E7J6	71.00	440	443
UniRef90_A0A068QRH5	77.43	440	451
UniRef90_UPI0003783653	77.45	440	440
UniRef90_D0I7W8	71.46	440	443
UniRef90_UPI0003F69351	65.98	440	440
UniRef90_A0A081N0N1	67.58	440	439
UniRef90_A1S475	66.67	440	443
UniRef90_Q12QG2	65.53	440	443
UniRef90_A6F6B8	65.30	440	443
UniRef90_A0A081K5V1	63.10	440	439
UniRef90_A3QGT2	67.50	440	443
UniRef90_A0A0D8MVC7	71.14	440	443
UniRef90_A4BED5	61.64	440	437
UniRef90_UPI0002FF4CBE	67.26	440	455
UniRef90_A0A0K8JZC4	62.10	440	440
UniRef90_I2BD25	85.91	440	440
UniRef90_UPI0004A41242	68.26	440	439
UniRef90_A0A0J1H7H4	70.32	440	443
UniRef90_UPI0003655E7F	83.60	440	440
UniRef90_A0A031GK41	60.73	440	440
UniRef90_UPI00046ADB82	67.58	440	446
UniRef90_V5HMG4	69.93	440	444
UniRef90_Q6LUH3	71.00	440	443
UniRef90_UPI00061D0FCC	60.23	440	435
UniRef90_A0A0B8PJW5	70.16	440	446
UniRef90_A0A0K1JZ27	63.01	440	440
UniRef90_R6IX66	54.79	440	438
UniRef90_A1SYK5	66.74	440	446
UniRef90_Q086F9	68.04	440	443
UniRef90_UPI0005560B11	79.27	440	440
UniRef90_A0A094IWC2	58.77	440	440
UniRef90_UPI00069007D2	76.26	440	463
UniRef90_L9PMI5	60.05	440	440
UniRef90_B2VH51	78.64	440	440
UniRef90_A0A0J6NG00	61.82	440	441
UniRef90_UPI00041DCFA2	67.12	440	449
UniRef90_UPI0007002385	60.73	440	440
UniRef90_W0V876	61.19	440	440
UniRef90_UPI0003A10EDD	56.39	440	437
UniRef90_A0A0K6HC45	59.32	440	443
UniRef90_A6D216	72.15	440	444
UniRef90_K9DW82	59.36	440	440
UniRef90_A0A090R675	71.46	440	442
UniRef90_Q7NRT0	63.70	440	441
UniRef90_A0A0H1RP07	56.88	440	440
UniRef90_UPI0006187F42	90.80	440	687
UniRef90_F5S650	62.33	440	441
UniRef90_UPI00040A2182	65.75	440	442
UniRef90_Q9KPL8	70.48	440	448
UniRef90_E3BN61	63.01	440	442
UniRef90_UPI000411BA95	59.91	440	444
UniRef90_UPI0006FCA0EC	61.19	440	440
UniRef90_Q2NW05	73.80	440	443
UniRef90_W8I6Z8	54.79	440	436
UniRef90_UPI000479C0C6	63.30	440	444
UniRef90_UPI000472B824	59.13	440	445
UniRef90_A0A094LPB3	63.93	440	452
UniRef90_A0A094KZZ6	63.43	440	444
UniRef90_UPI000416CECE	64.84	440	440
UniRef90_A0A0N0GMY9	59.27	440	440
UniRef90_UPI000648D83D	54.57	440	439
UniRef90_R5PZD0	55.13	440	439
UniRef90_UPI0005D12978	42.37	440	434
UniRef90_UPI000346D676	62.10	440	440
UniRef90_UPI00067F1F15	68.04	440	435
UniRef90_A0A0A3HUV2	42.82	440	434
UniRef90_UPI0004B78FE7	52.74	440	436
UniRef90_A0A0F7PU60	54.36	440	436
UniRef90_A0A0N1KYL3	55.84	440	438
UniRef90_A0A023DDW2	43.84	440	433
UniRef90_A3YHE2	56.78	440	447
UniRef90_A0A098UDG4	60.73	440	440
UniRef90_D8GI17	43.28	440	433
UniRef90_I3EA51	41.55	440	434
UniRef90_UPI0003FEF9E9	63.24	440	447
UniRef90_A0A0H4PIE2	42.82	440	434
UniRef90_H4F487	55.25	440	438
UniRef90_UPI0005CD4EAA	43.38	440	433
UniRef90_A0A072BZ10	52.29	440	438
UniRef90_Q1BV59	58.45	440	438
UniRef90_UPI0006886B92	42.30	440	431
UniRef90_K2PI78	56.39	440	438
UniRef90_UPI00036BA0B2	53.42	440	438
UniRef90_A0A0F3KER6	62.95	440	447
UniRef90_C4GHU9	61.05	440	435
UniRef90_UPI000422DB30	60.41	440	436
UniRef90_R5R819	53.42	440	436
UniRef90_F0JBQ5	56.62	440	450
UniRef90_UPI0002D8D0E6	43.05	440	434
UniRef90_R6HZQ4	53.20	440	437
UniRef90_W4EMH2	43.51	440	434
UniRef90_A0A084GVY5	41.00	440	434
UniRef90_A0A077J6T5	41.23	440	434
UniRef90_UPI0006F973AD	55.68	440	442
UniRef90_A0A0F4R5U6	57.01	440	447
UniRef90_E8SE10	44.65	440	433
UniRef90_A0A072NJ91	41.32	440	433
UniRef90_A0A0A6VC73	42.47	440	434
UniRef90_G9A4I5	53.20	440	436
UniRef90_F7S1C5	59.36	440	442
UniRef90_R9PJX7	60.00	440	443
UniRef90_UPI000417A29F	42.14	440	434
UniRef90_UPI0006EC12BB	42.69	440	434
UniRef90_UPI0003FF0C79	51.37	440	438
UniRef90_UPI0005CC9A92	41.19	440	433
UniRef90_UPI000563F0FD	50.80	440	439
UniRef90_UPI000287F4BA	43.05	440	434
UniRef90_C6PZN5	43.74	440	433
UniRef90_UPI0003757ADD	56.16	440	439
UniRef90_A0A0F5HXX9	43.05	440	434
UniRef90_Q11C50	55.13	440	438
UniRef90_A0A0M4FY28	43.09	440	434
UniRef90_A0A0D6Z746	42.60	440	434
UniRef90_UPI00049075CB	56.39	440	436
UniRef90_H0HIS1	55.38	440	439
UniRef90_C3MBH0	51.83	440	438
UniRef90_UPI000473F5C6	43.25	440	434
UniRef90_UPI00041192E1	41.91	440	434
UniRef90_UPI000482ECD8	54.79	440	437
UniRef90_UPI0003F9F4AC	60.36	440	444
UniRef90_A0A090IZX0	40.23	440	434
UniRef90_UPI0004671F46	56.39	440	439
UniRef90_UPI0004896EC5	58.03	440	439
UniRef90_I7KNI3	44.42	440	433
UniRef90_A3WNV4	55.23	440	440
UniRef90_K2LCF8	56.36	440	446
UniRef90_UPI0005B97996	55.86	440	442
UniRef90_A0A0A0E3J7	41.91	440	434
UniRef90_UPI000484CC5F	56.52	440	437
UniRef90_S2KQE3	59.50	440	447
UniRef90_P77836	41.10	440	433
UniRef90_UPI00053B9029	40.09	440	433
UniRef90_R7RPR2	41.00	440	441
UniRef90_UPI0004110EC9	59.63	440	443
UniRef90_UPI0005A913FB	42.47	440	434
UniRef90_UPI0002E0A102	42.73	440	434
UniRef90_I3XF05	52.97	440	438
UniRef90_A0A0J5WAU5	41.91	440	434
UniRef90_UPI00048A3C5A	42.79	440	433
UniRef90_UPI0006EC2BD3	57.82	440	443
UniRef90_UPI00037E5F0B	55.94	440	441
UniRef90_Q5QXT8	59.73	440	446
UniRef90_Q4L818	43.51	440	433
UniRef90_A0A098F226	43.42	440	429
UniRef90_F9DNX4	43.45	440	432
UniRef90_UPI0002898847	44.87	440	434
UniRef90_A9CVM2	55.05	440	436
UniRef90_A0A0D6XM03	43.74	440	433
UniRef90_A0A0M2SL12	41.23	440	434
UniRef90_A0A075JN91	41.23	440	434
UniRef90_UPI00055C15A4	51.36	440	439
UniRef90_A0A0J5V8S1	41.55	440	435
UniRef90_A0A0B5X3L1	43.68	440	431
UniRef90_A0A0N0ZH29	58.82	440	444
UniRef90_UPI0006A7BC35	41.91	440	434
UniRef90_A0A0M4G9A7	42.60	440	434
UniRef90_UPI0004782884	52.51	440	439
UniRef90_UPI00046481F8	54.57	440	439
UniRef90_A0A0B0I741	43.05	440	433
UniRef90_UPI000660AD6C	42.82	440	433
UniRef90_I5BQT7	55.02	440	439
UniRef90_G5JMF3	42.76	440	433
UniRef90_UPI000406DB37	43.22	440	432
UniRef90_S2XMN0	41.00	440	434
UniRef90_W8QS56	43.51	440	433
UniRef90_UPI00037A9A93	42.24	440	433
UniRef90_UPI0004066D68	41.55	440	433
UniRef90_A0A0K0GDR7	44.60	440	434
UniRef90_A0A0J6I566	52.85	440	440
UniRef90_UPI0004792497	42.33	440	433
UniRef90_A0A0E3D424	42.82	440	433
UniRef90_Q97IU4	42.60	440	433
UniRef90_A0A084D7T8	57.76	440	438
UniRef90_A6CMW9	41.69	440	436
UniRef90_V6SV13	43.28	440	434
UniRef90_UPI0006FB6BD1	53.20	440	438
UniRef90_UPI000592AE35	42.76	440	432
UniRef90_J2KTU8	51.95	440	435
UniRef90_U5LC05	41.91	440	434
UniRef90_UPI000403D008	56.85	440	437
UniRef90_UPI0004110D8F	41.88	440	434
UniRef90_UPI0003B74E41	56.36	440	446
UniRef90_UPI0005636A5D	60.05	440	440
UniRef90_UPI0006F81A33	53.42	440	439
UniRef90_C5QLG5	41.91	440	436
UniRef90_A0A069HSH7	52.05	440	438
UniRef90_P39142	43.74	440	433
UniRef90_UPI0004141BF2	55.35	440	438
UniRef90_Q81ME2	42.37	440	434
UniRef90_Q99SC3	42.07	440	433
UniRef90_A0A0A2TCM0	41.10	440	435
UniRef90_A0A0A8HN25	44.42	440	433
UniRef90_UPI000464F6E8	53.55	440	438
UniRef90_U1ER50	42.60	440	433
UniRef90_A0A0D0SFK7	42.60	440	433
UniRef90_A0A0B6ADV4	41.88	440	433
UniRef90_A0A094YPX4	42.56	440	434
UniRef90_A0A0K9G8Y2	40.96	440	433
UniRef90_UPI00041F90F5	42.33	440	431
UniRef90_A0A0D5EFK8	58.22	440	438
UniRef90_A0A0A3IXR1	43.51	440	434
UniRef90_A0A0J1IP70	42.14	440	436
UniRef90_E0MMA0	58.22	440	443
UniRef90_UPI0002F4782F	55.17	440	440
UniRef90_A0A0D1XZI7	44.39	440	435
UniRef90_A0A098TDM6	54.82	440	436
UniRef90_A0A0C2YE22	40.55	440	434
UniRef90_UPI00037D0980	42.40	440	433
UniRef90_E3EBD1	42.60	440	433
UniRef90_A0A033UP05	42.37	440	433
UniRef90_UPI0004D0355C	58.39	440	439
UniRef90_UPI00067ED3D8	41.23	440	434
UniRef90_UPI00039E28F2	41.69	440	434
UniRef90_H3K7Z6	41.69	440	433
UniRef90_E6MD58	42.60	440	435
UniRef90_A0A0A3J058	41.00	440	434
UniRef90_UPI00058B6C60	42.53	440	440
UniRef90_A0A0J5H0G3	43.12	440	432
UniRef90_A8TNW2	54.94	440	442
UniRef90_K1KZH2	42.82	440	434
UniRef90_A0A0N0HD24	42.14	440	433
UniRef90_A0A086MEV6	56.52	440	440
UniRef90_D3EKA1	41.69	440	433
UniRef90_UPI00062BC318	53.88	440	436
UniRef90_A0A0K9GVK4	41.91	440	434
UniRef90_UPI0005B3C880	56.98	440	439
UniRef90_A0A0C2VVV8	40.18	440	436
UniRef90_Q92T50	54.23	440	440
UniRef90_A0A0A5FTS0	42.24	440	435
UniRef90_L0NLB1	55.25	440	436
UniRef90_UPI0005524FAA	43.48	440	433
UniRef90_U6SSC9	42.33	440	433
UniRef90_V6VGQ2	42.11	440	433
UniRef90_UPI0004216729	55.48	440	442
UniRef90_A0A098EMN3	41.23	440	434
UniRef90_B9E8I4	43.05	440	433
UniRef90_A0A0N0ZN51	58.14	440	443
UniRef90_UPI0006FA3565	54.92	440	438
UniRef90_J2V1X9	56.39	440	438
UniRef90_UPI000423E31C	42.01	440	434
UniRef90_A0A0F7C0V9	41.46	440	434
UniRef90_UPI0005095DA3	40.77	440	434
UniRef90_A0A0H5SFQ6	42.82	440	442
UniRef90_A0A0J7CC99	43.96	440	433
UniRef90_UPI0004725FCF	44.27	440	433
UniRef90_UPI00035C23B9	40.77	440	433
UniRef90_H0IYB0	57.80	440	450
UniRef90_UPI0004772430	57.27	440	435
UniRef90_UPI00050A2EFE	62.50	440	436
UniRef90_UPI0003F4DFF6	42.69	440	434
UniRef90_UPI000287F4DE	41.00	440	434
UniRef90_UPI0003FF1353	40.55	440	434
UniRef90_UPI00061470D5	57.44	440	442
UniRef90_UPI0003FD7F3C	43.28	440	433
UniRef90_W4QZX2	44.52	440	434
UniRef90_UPI000619EF27	42.37	440	433
UniRef90_UPI00035E8D89	51.83	440	435
UniRef90_I7KWB3	42.14	440	441
UniRef90_UPI000306461C	55.81	440	439
UniRef90_A0A0M0L053	43.71	440	433
UniRef90_A0A087LGP9	43.48	440	433
UniRef90_E1V589	56.75	440	441
UniRef90_UPI0002E611F3	41.91	440	434
UniRef90_A0A0A7S1U5	43.96	440	433
UniRef90_UPI0004788154	42.92	440	433
UniRef90_A0A0G4QY01	41.84	440	433
UniRef90_A0A093TTE0	42.69	440	433
UniRef90_A0A0L0QQC7	40.77	440	434
UniRef90_F5L877	43.71	440	433
UniRef90_UPI0004227C76	59.55	440	446
UniRef90_A0A0B8R311	44.65	440	433
UniRef90_UPI0002DB9697	42.14	440	434
UniRef90_UPI00039D23A0	42.79	440	433
UniRef90_A0A095UCY4	54.46	440	436
UniRef90_V9WDN7	39.86	440	434
UniRef90_A0A0F5XDI5	43.28	440	433
UniRef90_B8CVY5	44.16	440	434
UniRef90_UPI0004B97656	40.77	440	434
UniRef90_UPI00031E5021	57.08	440	438
UniRef90_W9A912	41.69	440	434
UniRef90_F0L3P3	54.57	440	436
UniRef90_UPI0002DC3A9A	40.32	440	434
UniRef90_A0A0A2UY23	41.91	440	435
UniRef90_UPI0004849864	42.14	440	433
UniRef90_UPI0006A77C02	42.37	440	434
UniRef90_A3VCC7	55.71	440	434
UniRef90_UPI0002890273	40.87	440	433
UniRef90_E7RH95	41.46	440	434
UniRef90_X0RCM6	43.25	440	436
UniRef90_UPI0003766FDA	41.91	440	433
UniRef90_K9AIM7	41.69	440	433
UniRef90_A0A0M2NTD0	41.84	440	433
UniRef90_L0KBP9	41.88	440	434
UniRef90_Q9KCN6	43.02	440	433
UniRef90_A0A0L8F3K8	42.82	440	433
UniRef90_A0A0M0EXS8	41.46	440	434
UniRef90_Q39PA6	57.99	440	438
UniRef90_UPI00042076E2	42.37	440	442
UniRef90_N2JG59	53.88	440	435
UniRef90_A0A0C2UYF9	43.38	440	433
UniRef90_UPI00058C901F	43.94	440	437
UniRef90_A0A0H2MXD0	54.21	440	440
UniRef90_UPI0004771390	43.05	440	433
UniRef90_X2HA11	43.96	440	433
UniRef90_UPI00035ED13C	58.63	440	442
UniRef90_UPI000426F47B	40.32	440	434
UniRef90_UPI00041581F4	39.41	440	434
UniRef90_UPI00056B7AF8	49.09	440	439
UniRef90_W4Q077	43.71	440	433
UniRef90_Q1YHN4	55.84	440	436
UniRef90_UPI000311DC9C	41.00	440	434
UniRef90_UPI00049218E0	43.05	440	433
UniRef90_A0A0J5WSC4	57.08	440	438
UniRef90_A0A024IS08	54.21	440	438
UniRef90_A0A0J1CX31	58.45	440	439
UniRef90_UPI000473C421	41.65	440	433
UniRef90_A0A0F5L3R3	57.18	440	439
UniRef90_UPI0003708C7A	52.62	440	439
UniRef90_A0A0H2I083	42.07	440	433
UniRef90_A0A0A2U1K6	41.91	440	433
UniRef90_A0A0H4KKB2	40.77	440	436
UniRef90_A0A084U5T1	54.92	440	439
UniRef90_UPI000491C78A	42.89	440	431
UniRef90_I4YPB4	56.29	440	440
UniRef90_UPI0003F5BA42	43.74	440	433
UniRef90_U7PF23	39.86	440	433
UniRef90_UPI00052FF048	41.23	440	434
UniRef90_UPI00047F9002	56.29	440	438
UniRef90_A0A0B4XUL7	56.82	440	446
UniRef90_A0A0A5HQU3	40.77	440	435
UniRef90_UPI0003491224	42.33	440	433
UniRef90_A0A069DCB9	43.99	440	444
UniRef90_UPI0005587F3F	41.15	440	431
UniRef90_UPI000700E9E0	53.30	440	437
UniRef90_A0A0J5QX02	44.72	440	432
UniRef90_M5E143	43.25	440	434
UniRef90_N0B2B3	41.69	440	434
UniRef90_A0A0D3V8W6	41.69	440	433
UniRef90_A0A0K2DHS2	56.04	440	441
UniRef90_I9NVU4	42.92	440	433
UniRef90_A0A081CVA5	52.86	440	437
UniRef90_A0A099W2V3	43.28	440	433
UniRef90_F2LMB4	59.36	440	439
UniRef90_UPI000479FDF9	40.96	440	433
UniRef90_A0A024QC04	42.14	440	434
UniRef90_UPI00056F2151	40.00	440	433
UniRef90_UPI0005A60514	42.14	440	434
UniRef90_UPI000361CFBB	42.60	440	433
UniRef90_UPI0006FBD6E2	51.95	440	435
UniRef90_UPI00040ECA5D	42.79	440	433
UniRef90_D7UX36	43.51	440	433
UniRef90_Q5HM85	40.69	440	433
UniRef90_B9DKM1	40.09	440	433
UniRef90_UPI0006663FA9	41.78	440	434
UniRef90_W6NK94	41.00	440	433
UniRef90_K2NY56	55.02	440	438
UniRef90_UPI00035E008E	41.42	440	433
UniRef90_J0N1T5	44.14	440	438
UniRef90_J5PV55	52.17	440	435
UniRef90_A0A0G3CWJ3	42.60	440	433
UniRef90_A0A081NZS2	40.96	440	433
UniRef90_A8MFG9	41.10	440	441
UniRef90_UPI00046615BE	41.82	440	433
UniRef90_A0A0N0E8C4	53.55	440	436
UniRef90_Q483R6	53.58	440	438
UniRef90_UPI00056810CD	52.97	440	438
UniRef90_UPI0005BE6184	60.64	440	446
UniRef90_A0A0H1A6S5	57.76	440	442
UniRef90_A0A090GAZ9	56.06	440	438
UniRef90_W9H0Z7	56.72	440	440
UniRef90_A0A0M2PJU5	42.11	440	433
UniRef90_R7RA16	41.55	440	434
UniRef90_UPI0003642DF5	53.23	440	439
UniRef90_A0A096CXT0	42.82	440	437
UniRef90_UPI00041F22A4	40.50	440	433
UniRef90_UPI0006D15C50	41.78	440	434
UniRef90_UPI0006F60C2B	41.91	440	435
UniRef90_UPI0004014928	40.50	440	435
UniRef90_UPI00064DC121	40.09	440	434
UniRef90_UPI0005A7D2CC	41.69	440	434
UniRef90_E6GK27	41.00	440	475
UniRef90_A0A0K6H700	56.68	440	448
UniRef90_L0LG62	52.86	440	435
UniRef90_D3NZW6	54.44	440	440
UniRef90_R6ETV0	45.96	440	434
UniRef90_R5A336	43.51	440	436
UniRef90_D5X7E2	41.91	440	441
UniRef90_Q8UJ08	53.42	440	438
UniRef90_A0A094K7J8	39.26	440	434
UniRef90_T2L4A5	57.27	440	451
UniRef90_A0A021X6Z7	52.05	440	437
UniRef90_A0A0F5FWD5	56.95	440	439
UniRef90_UPI00055372C1	51.72	440	435
UniRef90_I0BN28	43.74	440	433
UniRef90_A0A0A0IVR9	42.37	440	441
UniRef90_A0A098M5T5	43.44	440	443
UniRef90_A0A0C2HNV9	42.82	440	433
UniRef90_UPI00064E0736	41.23	440	434
UniRef90_UPI00041999BF	51.72	440	439
UniRef90_UPI000225BCCA	41.23	440	434
UniRef90_W6R676	51.83	440	438
UniRef90_S5Z0U7	42.56	440	436
UniRef90_UPI0006A78247	41.23	440	443
UniRef90_A0A0B0IPY8	43.32	440	431
UniRef90_B9J6V5	53.32	440	435
UniRef90_R6BNE6	43.02	440	433
UniRef90_UPI0006D0C734	55.13	440	438
UniRef90_A0A087M2A6	54.67	440	440
UniRef90_UPI000371C7A6	52.63	440	441
UniRef90_UPI000379D1BF	52.86	440	435
UniRef90_UPI0006F57DC4	52.40	440	435
UniRef90_UPI00055C9DA6	55.58	440	439
UniRef90_I1E0A7	51.95	440	437
UniRef90_A0A0K0U1R4	53.55	440	439
UniRef90_W7BYF3	43.51	440	433
UniRef90_UPI000484BB77	40.73	440	434
UniRef90_UPI0007020DAF	56.16	440	439
UniRef90_T0ZV07	49.43	440	440
UniRef90_F2J2T2	55.13	440	438
UniRef90_UPI0006479903	42.60	440	433
UniRef90_A0A0D7KU85	42.14	440	433
UniRef90_A6UET3	52.63	440	438
UniRef90_A0A077ZDA5	41.69	440	652
UniRef90_UPI00065E8285	41.65	440	433
UniRef90_A0A086D0J8	53.08	440	443
UniRef90_K2JC64	67.12	440	434
UniRef90_UPI0005A84187	54.84	440	440
