UniRef90_P36911	100.00	285	339
UniRef90_R9CNE9	83.93	285	339
UniRef90_UPI0005323500	67.62	285	471
UniRef90_C2FYL4	64.64	285	469
UniRef90_A0A0B8T2I5	64.31	285	342
UniRef90_UPI000372B6B4	64.06	285	463
UniRef90_UPI0006D12131	61.97	285	466
UniRef90_K5CJA5	60.14	285	470
UniRef90_W4V122	57.14	285	459
UniRef90_U2CRD5	57.84	285	471
UniRef90_F5ISP4	56.94	285	473
UniRef90_F3ZTN6	57.89	285	463
UniRef90_U2MHP4	55.83	285	452
UniRef90_E7RMR4	54.64	285	456
UniRef90_U2QH48	54.77	285	452
UniRef90_D9RSV7	54.29	285	452
UniRef90_F2KUE3	53.93	285	452
UniRef90_E6MNR8	51.96	285	454
UniRef90_D1W3F9	49.82	285	452
UniRef90_C9KSS4	46.74	285	481
UniRef90_D3IBA0	49.29	285	455
UniRef90_R6VJ73	51.08	285	453
UniRef90_E1GY13	49.64	285	478
UniRef90_R6ZJG3	48.83	285	487
UniRef90_I4ZAG6	46.76	285	456
UniRef90_UPI0004212CE9	45.97	285	480
UniRef90_K5CGJ4	45.55	285	461
UniRef90_R6YCT7	44.10	285	483
UniRef90_UPI0006826A31	42.40	285	474
UniRef90_C9KS75	45.56	285	476
UniRef90_R6WYZ6	45.39	285	483
UniRef90_A0A078PLS2	42.35	285	474
UniRef90_B3JLT0	41.79	285	468
UniRef90_UPI00068A43D0	41.79	285	449
UniRef90_C9KTN3	46.45	285	476
UniRef90_R6VBH2	46.56	285	475
UniRef90_A0A0J9FNM1	47.60	285	478
UniRef90_J9G7X1	47.66	285	418
UniRef90_J9GND8	53.93	285	271
UniRef90_E5C430	38.98	285	474
UniRef90_R6T419	43.86	285	478
UniRef90_D7IZZ2	46.56	285	476
UniRef90_UPI0002D65905	39.53	285	494
UniRef90_K5CRT6	45.24	285	499
UniRef90_C3QHH2	41.81	285	475
UniRef90_R6EC92	38.97	285	392
UniRef90_UPI0005CC8B2E	40.83	285	475
UniRef90_D4IQ34	41.79	285	644
UniRef90_UPI0004B39CAE	49.73	285	649
UniRef90_I3YJT2	44.00	285	505
UniRef90_I9SGW4	43.80	285	475
UniRef90_C3QHH9	43.72	285	475
UniRef90_K9E3V4	38.93	285	663
UniRef90_B3CEW3	36.61	285	660
UniRef90_E5VFW1	47.69	285	660
UniRef90_K1TL92	55.49	285	191
UniRef90_C3QZM8	40.42	285	509
UniRef90_R6TYV2	37.76	285	570
UniRef90_I9FZM7	35.62	285	658
UniRef90_UPI00047898C3	37.73	285	310
UniRef90_UPI000470D3CF	34.81	285	652
UniRef90_UPI00069CB4B3	36.40	285	306
UniRef90_UPI00068AD309	39.83	285	804
UniRef90_A0A0M8YZ26	35.29	285	305
UniRef90_UPI00069B2C65	40.00	285	801
UniRef90_UPI0003622157	36.63	285	305
UniRef90_A0A0B2AGH4	35.16	285	308
UniRef90_G2P602	35.90	285	310
UniRef90_UPI0004663E83	36.26	285	308
UniRef90_W5WH41	35.42	285	313
UniRef90_UPI00056D9128	35.56	285	298
UniRef90_W7SPJ1	36.67	285	306
UniRef90_A0A0A1RIK6	37.55	285	506
UniRef90_Q9F3Q4	34.07	285	309
UniRef90_A2AXC8	34.44	285	313
UniRef90_W4T660	42.72	285	805
UniRef90_UPI0004CE8F36	35.90	285	312
UniRef90_K5BRT4	40.58	285	645
UniRef90_C9KST1	31.51	285	651
UniRef90_S2YWZ8	35.53	285	305
UniRef90_A0A0K1JF66	37.27	285	314
UniRef90_A0A0N0MPD6	35.53	285	305
UniRef90_L8ER39	35.90	285	307
UniRef90_A0A0D4E1S7	35.16	285	311
UniRef90_A0A077KDA3	41.67	285	788
UniRef90_I0K5T7	36.00	285	418
UniRef90_L1PPN5	34.40	285	466
UniRef90_UPI0006E155CE	34.32	285	306
UniRef90_A0A059WGD9	34.43	285	305
UniRef90_UPI0006C8AD70	42.49	285	805
UniRef90_A0A0J7I2Z1	36.73	285	304
UniRef90_A0A0A8EZ04	33.82	285	260
UniRef90_A0A0C1XD34	34.91	285	276
UniRef90_F3NDC4	33.70	285	318
UniRef90_A0A0N0SEL8	34.43	285	305
UniRef90_UPI000691F8F0	40.41	285	812
UniRef90_P04067	33.33	285	313
UniRef90_A0A0A1S1V4	36.53	285	710
UniRef90_W7CUD3	32.61	285	300
UniRef90_G0G1Z7	34.43	285	300
UniRef90_UPI00067DAAE7	36.43	285	247
UniRef90_UPI00068A3111	37.92	285	290
UniRef90_A0A0D6VCW6	34.05	285	311
UniRef90_B0NVL5	31.96	285	471
UniRef90_UPI0003B3F91A	39.90	285	391
UniRef90_E5C6W0	35.69	285	655
UniRef90_UPI0006F6871E	36.53	285	319
UniRef90_D7VVI0	42.54	285	802
UniRef90_E4MS61	33.69	285	466
UniRef90_UPI00039E63A2	32.96	285	316
UniRef90_A0A077KC79	35.38	285	718
UniRef90_C6IHE8	34.04	285	306
UniRef90_R1FYH6	35.97	285	296
UniRef90_UPI00068B2827	34.80	285	302
UniRef90_J9DB49	31.43	285	294
UniRef90_C6WEI1	34.53	285	296
UniRef90_UPI000687FFDD	46.20	285	278
UniRef90_UPI0006F33197	36.69	285	327
UniRef90_C7PZA4	33.45	285	512
UniRef90_W4T5G1	35.66	285	716
UniRef90_R9HN01	34.71	285	311
UniRef90_C8ZX15	32.01	285	313
UniRef90_R6C1J5	46.84	285	659
UniRef90_UPI0003A9447A	31.47	285	338
UniRef90_I9AKH6	32.39	285	315
UniRef90_E9UTD8	34.67	285	304
UniRef90_UPI00046AE330	35.36	285	310
UniRef90_A0A0B7H6R7	33.81	285	467
UniRef90_C7MEH5	33.47	285	315
UniRef90_J3CGB7	37.55	285	476
UniRef90_R5BJT6	32.16	285	322
UniRef90_I3ZXX8	39.39	285	468
UniRef90_D2B8I3	34.20	285	300
UniRef90_I8Z1T0	32.15	285	678
UniRef90_A0A022LLD0	34.77	285	321
UniRef90_A0A0L6HXB5	33.81	285	308
UniRef90_D7VVH9	35.80	285	717
UniRef90_U2R9B3	33.59	285	283
UniRef90_R6WA75	33.90	285	321
UniRef90_R5GI33	32.61	285	465
UniRef90_P80036	35.25	285	314
UniRef90_UPI0004CE455D	35.25	285	319
UniRef90_L1NR01	31.64	285	465
UniRef90_F0R282	45.21	285	650
UniRef90_A0A0F2CCJ3	33.09	285	311
UniRef90_UPI00064604D2	40.70	285	475
UniRef90_A0A086B9J2	36.43	285	475
UniRef90_E2NGF0	37.79	285	647
UniRef90_A0A0D4C0G5	47.97	285	296
UniRef90_R5U0Q5	35.92	285	475
UniRef90_R6DR25	34.78	285	322
UniRef90_T5K0X0	30.47	285	308
UniRef90_C7PW38	34.67	285	310
UniRef90_C7WZ46	30.91	285	310
UniRef90_K9E6M6	38.59	285	315
UniRef90_A0A0F0KP37	34.56	285	309
UniRef90_UPI0006F287AC	31.75	285	314
UniRef90_UPI0006DD1E18	30.17	285	296
UniRef90_I3YJU4	32.28	285	358
UniRef90_UPI00040EE343	29.26	285	363
UniRef90_A9WNY9	38.99	285	278
UniRef90_D7VPS6	29.86	285	466
UniRef90_D4IQ10	31.72	285	326
UniRef90_R7KTI0	30.29	285	286
UniRef90_A0A0H5N1H9	32.37	285	472
UniRef90_K1S6S7	30.72	285	441
UniRef90_UPI0007003130	31.11	285	301
UniRef90_UPI000372E661	34.43	285	402
UniRef90_D1BF93	34.52	285	309
UniRef90_UPI000626E2BC	31.12	285	334
UniRef90_R4LGN5	33.69	285	285
UniRef90_UPI0003B6897C	36.12	285	223
UniRef90_R6W0W7	30.14	285	323
UniRef90_UPI000370D7AE	33.53	285	462
UniRef90_UPI0006DD0B52	30.71	285	261
UniRef90_UPI0006975654	30.42	285	360
UniRef90_UPI000697459F	31.23	285	339
UniRef90_Z9JR83	29.85	285	316
UniRef90_K1TRG6	30.39	285	293
UniRef90_K1TAN9	29.29	285	327
UniRef90_K1SNY3	35.29	285	189
UniRef90_D4IKG1	37.06	285	254
UniRef90_F3P0C8	29.29	285	300
UniRef90_K1SXX9	35.66	285	185
UniRef90_Q6A923	28.57	285	302
UniRef90_UPI00037E6DDD	34.52	285	342
UniRef90_W3V4F0	29.73	285	300
UniRef90_U2XPV9	32.48	285	301
UniRef90_UPI00035D5B2B	31.90	285	526
UniRef90_R6XU10	31.37	285	509
UniRef90_K1SCG5	36.67	285	164
UniRef90_R6DFV6	31.90	285	531
UniRef90_K5CIC0	32.53	285	550
UniRef90_R6Y1L0	35.29	285	311
UniRef90_A0A060C0F4	32.73	285	177
UniRef90_K9EMX9	29.63	285	551
UniRef90_A0A0J9FGE1	31.29	285	573
UniRef90_Q7N4Q9	28.96	285	303
UniRef90_R5B808	28.49	285	566
UniRef90_K2AQV6	29.02	285	287
UniRef90_K1TL17	39.17	285	170
UniRef90_C9KVM1	28.90	285	517
UniRef90_UPI0006DC7392	30.81	285	495
UniRef90_A0A022PIR9	26.92	285	305
UniRef90_C3QTF1	28.73	285	553
UniRef90_A0A021W2I5	31.74	285	277
UniRef90_I9UR01	28.75	285	517
UniRef90_E4MAK8	31.71	285	533
UniRef90_R6VG17	28.66	285	350
UniRef90_D7IYD6	27.91	285	548
UniRef90_R9HAI4	32.92	285	548
UniRef90_E4MAK7	27.65	285	333
UniRef90_UPI000690ACC5	32.00	285	538
UniRef90_I3YJU5	29.76	285	540
UniRef90_UPI000697BD06	32.00	285	526
UniRef90_K1SRL2	29.95	285	227
UniRef90_I9SPS5	29.09	285	546
UniRef90_UPI0006DC9213	30.23	285	531
UniRef90_UPI00037FFF77	30.54	285	536
UniRef90_K6V9J3	33.13	285	311
UniRef90_E5CAI3	28.48	285	547
UniRef90_D4IQ11	28.26	285	521
UniRef90_UPI00050A281F	28.92	285	543
UniRef90_E6D5E7	28.65	285	203
UniRef90_K1SVZ7	27.11	285	412
UniRef90_P36911	100.00	285	339
UniRef90_R9CNE9	83.33	285	339
UniRef90_UPI0006D12131	61.57	285	466
UniRef90_UPI000372B6B4	63.35	285	463
UniRef90_C2FYL4	64.41	285	469
UniRef90_U2CRD5	57.75	285	471
UniRef90_UPI0005323500	67.38	285	471
UniRef90_A0A0B8T2I5	64.08	285	342
UniRef90_W4V122	57.04	285	459
UniRef90_K5CJA5	59.01	285	470
UniRef90_F5ISP4	56.74	285	473
UniRef90_U2QH48	54.42	285	452
UniRef90_U2MHP4	55.83	285	452
UniRef90_F3ZTN6	57.14	285	463
UniRef90_F2KUE3	53.74	285	452
UniRef90_D9RSV7	54.09	285	452
UniRef90_E7RMR4	54.06	285	456
UniRef90_Q9F3Q4	32.85	285	309
UniRef90_UPI00069CB4B3	35.38	285	306
UniRef90_UPI0004CE8F36	33.57	285	312
UniRef90_P04067	32.13	285	313
UniRef90_A2AXC8	34.30	285	313
UniRef90_A0A0M8YZ26	34.30	285	305
UniRef90_R6YCT7	44.21	285	483
UniRef90_L8ER39	33.21	285	307
UniRef90_UPI0006E155CE	32.85	285	306
UniRef90_S2YWZ8	33.57	285	305
UniRef90_A0A0B2AGH4	33.21	285	308
UniRef90_E6MNR8	51.60	285	454
UniRef90_A0A0D4E1S7	33.21	285	311
UniRef90_G2P602	33.57	285	310
UniRef90_F3NDC4	32.85	285	318
UniRef90_UPI00056D9128	35.25	285	298
UniRef90_W5WH41	34.30	285	313
UniRef90_A0A0N0MPD6	33.57	285	305
UniRef90_UPI0003622157	34.66	285	305
UniRef90_A0A0C1XD34	32.85	285	276
UniRef90_UPI0004663E83	34.30	285	308
UniRef90_A0A0D6VCW6	33.21	285	311
UniRef90_UPI00039E63A2	32.49	285	316
UniRef90_C6WEI1	32.97	285	296
UniRef90_R6VJ73	51.08	285	453
UniRef90_D1W3F9	49.47	285	452
UniRef90_A0A059WGD9	32.85	285	305
UniRef90_D3IBA0	48.75	285	455
UniRef90_A0A078PLS2	41.64	285	474
UniRef90_UPI00068B2827	33.45	285	302
UniRef90_UPI0004212CE9	45.67	285	480
UniRef90_B3JLT0	41.43	285	468
UniRef90_C9KSS4	46.02	285	481
UniRef90_A0A0N0SEL8	33.46	285	305
UniRef90_G0G1Z7	33.81	285	300
UniRef90_A0A0A8EZ04	32.10	285	260
UniRef90_UPI00068A43D0	41.03	285	449
UniRef90_UPI00047898C3	36.82	285	310
UniRef90_W7SPJ1	35.14	285	306
UniRef90_A0A0A1S1V4	33.82	285	710
UniRef90_E1GY13	49.46	285	478
UniRef90_B3CEW3	36.30	285	660
UniRef90_A0A0K1JF66	35.38	285	314
UniRef90_UPI000687FFDD	34.06	285	278
UniRef90_I4ZAG6	45.94	285	456
UniRef90_C8ZX15	30.80	285	313
UniRef90_D2B8I3	32.25	285	300
UniRef90_UPI00067DAAE7	33.72	285	247
UniRef90_UPI0006F6871E	35.87	285	319
UniRef90_I9FZM7	34.95	285	658
UniRef90_A0A077KC79	33.21	285	718
UniRef90_UPI00068AD309	37.14	285	804
UniRef90_UPI000470D3CF	34.60	285	652
UniRef90_P80036	33.94	285	314
UniRef90_C9KTN3	44.33	285	476
UniRef90_C3QHH2	40.14	285	475
UniRef90_C9KS75	44.48	285	476
UniRef90_W7CUD3	31.67	285	300
UniRef90_UPI0006F33197	35.97	285	327
UniRef90_R6WYZ6	43.62	285	483
UniRef90_A0A022LLD0	33.21	285	321
UniRef90_A0A0A1RIK6	33.81	285	506
UniRef90_R1FYH6	35.97	285	296
UniRef90_UPI0004CE455D	33.94	285	319
UniRef90_C7MEH5	30.66	285	315
UniRef90_UPI0005CC8B2E	40.14	285	475
UniRef90_I0K5T7	34.17	285	418
UniRef90_R6ZJG3	48.16	285	487
UniRef90_C7PW38	32.85	285	310
UniRef90_K5CGJ4	44.64	285	461
UniRef90_UPI0004B39CAE	38.73	285	649
UniRef90_L1PPN5	33.33	285	466
UniRef90_K9E3V4	38.05	285	663
UniRef90_R6T419	43.82	285	478
UniRef90_E4MS61	32.86	285	466
UniRef90_D7IZZ2	41.90	285	476
UniRef90_UPI000691F8F0	32.97	285	812
UniRef90_A0A0J7I2Z1	33.81	285	304
UniRef90_R6VBH2	43.42	285	475
UniRef90_A0A0B7H6R7	30.53	285	467
UniRef90_W4T660	34.88	285	805
UniRef90_C7PZA4	32.01	285	512
UniRef90_UPI00069B2C65	34.74	285	801
UniRef90_C7WZ46	30.07	285	310
UniRef90_E9UTD8	31.87	285	304
UniRef90_UPI0003B3F91A	32.18	285	391
UniRef90_E5VFW1	36.95	285	660
UniRef90_A0A077KDA3	33.68	285	788
UniRef90_A0A0J9FNM1	42.55	285	478
UniRef90_UPI0006C8AD70	33.45	285	805
UniRef90_T5K0X0	30.00	285	308
UniRef90_W4T5G1	35.06	285	716
UniRef90_D7VVH9	33.33	285	717
UniRef90_R6TYV2	37.50	285	570
UniRef90_A0A0L6HXB5	32.37	285	308
UniRef90_J9G7X1	45.59	285	418
UniRef90_L1NR01	30.53	285	465
UniRef90_A0A0D4C0G5	30.58	285	296
UniRef90_D7VVI0	32.63	285	802
UniRef90_J3CGB7	34.07	285	476
UniRef90_UPI00046AE330	32.97	285	310
UniRef90_J9DB49	31.69	285	294
UniRef90_D4IQ34	39.86	285	644
UniRef90_UPI00068A3111	36.59	285	290
UniRef90_U2R9B3	31.41	285	283
UniRef90_UPI0006F287AC	29.03	285	314
UniRef90_K5CRT6	40.27	285	499
UniRef90_F3P0C8	25.84	285	300
UniRef90_Q6A923	26.39	285	302
UniRef90_A0A0F2CCJ3	30.43	285	311
UniRef90_UPI0006826A31	42.05	285	474
UniRef90_UPI0007003130	27.70	285	301
UniRef90_C9KST1	31.03	285	651
UniRef90_UPI00064604D2	32.50	285	475
UniRef90_J9GND8	48.84	285	271
UniRef90_R9HN01	32.40	285	311
UniRef90_D1BF93	29.64	285	309
UniRef90_I3ZXX8	33.33	285	468
UniRef90_A0A086B9J2	31.69	285	475
UniRef90_Z9JR83	27.08	285	316
UniRef90_R6EC92	37.82	285	392
UniRef90_C6IHE8	31.47	285	306
UniRef90_E5C430	39.18	285	474
UniRef90_K5BRT4	31.49	285	645
UniRef90_I9AKH6	30.88	285	315
UniRef90_R5GI33	30.58	285	465
UniRef90_UPI0002D65905	38.87	285	494
UniRef90_R4LGN5	32.49	285	285
UniRef90_B0NVL5	31.96	285	471
UniRef90_R6DR25	29.69	285	322
UniRef90_A0A0F0KP37	32.97	285	309
UniRef90_R5BJT6	30.42	285	322
UniRef90_R6WA75	31.85	285	321
UniRef90_C3QZM8	38.54	285	509
UniRef90_K9E6M6	29.47	285	315
UniRef90_I3YJU4	29.72	285	358
UniRef90_A9WNY9	31.36	285	278
UniRef90_D4IQ10	30.18	285	326
UniRef90_R6W0W7	28.47	285	323
UniRef90_E5C6W0	30.79	285	655
UniRef90_R7KTI0	29.08	285	286
UniRef90_I9SGW4	40.22	285	475
UniRef90_D7VPS6	28.47	285	466
UniRef90_I3YJT2	39.73	285	505
UniRef90_U2XPV9	28.16	285	301
UniRef90_UPI0003B6897C	33.48	285	223
UniRef90_UPI000626E2BC	30.10	285	334
UniRef90_R6C1J5	30.64	285	659
UniRef90_I8Z1T0	29.90	285	678
UniRef90_C3QHH9	38.95	285	475
UniRef90_K6V9J3	25.36	285	311
UniRef90_E2NGF0	29.90	285	647
UniRef90_A0A0H5N1H9	30.07	285	472
UniRef90_UPI0003A9447A	30.80	285	338
UniRef90_R5U0Q5	27.57	285	475
UniRef90_UPI00040EE343	28.62	285	363
UniRef90_UPI0006DD1E18	29.87	285	296
UniRef90_UPI000372E661	31.70	285	402
UniRef90_K1TAN9	26.33	285	327
UniRef90_K1TL92	52.05	285	191
UniRef90_K1S6S7	28.62	285	441
UniRef90_E4MAK7	27.08	285	333
UniRef90_F0R282	28.96	285	650
UniRef90_UPI0006DD0B52	30.82	285	261
UniRef90_UPI00037E6DDD	27.76	285	342
UniRef90_UPI000370D7AE	25.37	285	462
UniRef90_E6D5E7	26.19	285	203
UniRef90_K1TRG6	28.17	285	293
UniRef90_D4IKG1	27.04	285	254
UniRef90_R6Y1L0	27.18	285	311
UniRef90_R6XU10	23.82	285	509
UniRef90_UPI00035D5B2B	27.36	285	526
UniRef90_R5B808	20.93	285	566
UniRef90_R6DFV6	25.63	285	531
UniRef90_K2AQV6	26.18	285	287
UniRef90_I9UR01	23.63	285	517
UniRef90_UPI0006975654	28.47	285	360
UniRef90_I9SPS5	24.88	285	546
UniRef90_E4MAK8	23.89	285	533
UniRef90_A0A0J9FGE1	26.70	285	573
UniRef90_E5CAI3	24.75	285	547
UniRef90_C9KVM1	23.63	285	517
UniRef90_I3YJU5	21.72	285	540
UniRef90_UPI00050A281F	21.11	285	543
UniRef90_R6VG17	24.62	285	350
UniRef90_D4IQ11	27.72	285	521
UniRef90_K9EMX9	25.13	285	551
UniRef90_UPI0006DC7392	23.60	285	495
UniRef90_W3V4F0	26.07	285	300
UniRef90_R7KPD3	23.41	285	532
UniRef90_UPI0006DC9213	27.88	285	531
UniRef90_K5CIC0	25.21	285	550
UniRef90_A0A022PIR9	25.67	285	305
UniRef90_UPI000697459F	28.52	285	339
UniRef90_C3QTF1	26.60	285	553
UniRef90_Q7N4Q9	24.52	285	303
UniRef90_UPI00037FFF77	27.88	285	536
UniRef90_UPI000697BD06	27.86	285	526
UniRef90_D7IYD6	21.00	285	548
UniRef90_UPI000690ACC5	26.36	285	538
UniRef90_R9HAI4	24.67	285	548
UniRef90_J9GPH6	23.27	285	540
UniRef90_K1SRL2	26.91	285	227
UniRef90_K1SNY3	32.50	285	189
UniRef90_A0A021W2I5	25.36	285	277
UniRef90_A0A060C0F4	30.90	285	177
UniRef90_R6VLJ9	20.24	285	532
UniRef90_K1SVZ7	24.09	285	412
UniRef90_K1TL17	37.60	285	170
UniRef90_K1SXX9	35.82	285	185
UniRef90_K1SPD8	24.88	285	190
UniRef90_K1SCG5	38.21	285	164
UniRef90_A0A0J9FM04	21.23	285	520
UniRef90_UPI0004D03BC7	24.03	285	261
UniRef90_UPI0006C4C612	19.05	285	528
UniRef90_A0A060BQG3	27.65	285	182
UniRef90_UPI0006978C2E	27.17	285	363
UniRef90_K1T3C7	29.51	285	315
UniRef90_A9TXZ4	21.82	285	404
UniRef90_W4UEQ4	32.95	285	95
UniRef90_R6JF01	23.98	285	517
UniRef90_A0A093T906	33.90	285	132
UniRef90_W1J3N6	21.37	285	222
UniRef90_C6IHE7	22.68	285	508
UniRef90_K1TF87	26.29	285	216
UniRef90_W4U4Q2	18.80	285	143
UniRef90_UPI0006D5B6A0	25.38	285	353
UniRef90_K1SQ55	38.96	285	125
UniRef90_UPI00068659D0	20.97	285	352
UniRef90_A0A060BS30	22.92	285	94
UniRef90_A0A086NEC4	25.41	285	402
UniRef90_E6PF67	22.34	285	297
