UniRef90_Q53464	100.00	221	232
UniRef90_Q59I43	78.73	221	232
UniRef90_R4WTI0	74.21	221	225
UniRef90_UPI0006F23D9E	73.76	221	232
UniRef90_W6WRH5	75.45	221	227
UniRef90_P60527	73.30	221	232
UniRef90_UPI0006D3D841	74.55	221	223
UniRef90_A9IHN5	64.22	221	234
UniRef90_A0A0A1FGE2	62.27	221	229
UniRef90_UPI000648362E	62.56	221	227
UniRef90_J9RQ32	60.37	221	228
UniRef90_F4GVR3	62.62	221	228
UniRef90_A0A069PEA9	62.26	221	229
UniRef90_Q59728	61.79	221	224
UniRef90_A4G2X5	58.45	221	232
UniRef90_UPI000360485F	62.79	221	229
UniRef90_Q52087	60.38	221	227
UniRef90_G0AGQ4	60.38	221	229
UniRef90_A0A0K2BG36	58.90	221	229
UniRef90_B2TCU0	59.63	221	228
UniRef90_A6SWE1	57.53	221	232
UniRef90_Q12G50	55.25	221	229
UniRef90_Q01399	53.88	221	224
UniRef90_P24070	56.60	221	229
UniRef90_UPI00068FDD5E	55.56	221	221
UniRef90_UPI00048A1359	52.07	221	220
UniRef90_A0A0G3XXA6	51.15	221	222
UniRef90_UPI0003766C7B	50.23	221	220
UniRef90_UPI00063FAE1F	47.69	221	226
UniRef90_F2NP39	49.77	221	222
UniRef90_UPI0005619E2A	46.98	221	226
UniRef90_M1SXK7	47.49	221	224
UniRef90_UPI0005CD8477	46.54	221	221
UniRef90_UPI00050983A1	46.54	221	223
UniRef90_A0A0C1YM46	48.11	221	228
UniRef90_UPI00069D8F98	44.91	221	222
UniRef90_C0Q941	50.00	221	228
UniRef90_K2J6M5	48.53	221	221
UniRef90_UPI000559144B	45.16	221	223
UniRef90_UPI0004C3A2EA	48.62	221	230
UniRef90_A0A0K1J8Z0	45.00	221	234
UniRef90_UPI0006D55747	47.71	221	220
UniRef90_A0A0N0VMT5	44.91	221	221
UniRef90_G7M0E2	44.70	221	226
UniRef90_UPI0006DB0EDE	46.79	221	227
UniRef90_UPI0004945FE4	45.62	221	221
UniRef90_N4WTL7	43.32	221	218
UniRef90_Q5P813	47.95	221	281
UniRef90_UPI0005C94EEC	44.29	221	223
UniRef90_H0PZ35	45.00	221	235
UniRef90_UPI0002884DB0	47.00	221	229
UniRef90_K4LFB0	42.40	221	223
UniRef90_A0A0C2VPY0	45.45	221	222
UniRef90_A0A0G4JJZ5	47.62	221	235
UniRef90_A0A0M0LHX1	44.24	221	221
UniRef90_UPI00034988A6	46.15	221	259
UniRef90_UPI0003101DE4	44.70	221	228
UniRef90_W6WUM2	45.69	221	262
UniRef90_A0A063BGN8	48.82	221	252
UniRef90_A0A0J6D0Y9	43.26	221	222
UniRef90_A0A0A0D4Y9	47.71	221	228
UniRef90_UPI0001E892DB	42.01	221	223
UniRef90_D6E8Q0	45.45	221	222
UniRef90_A0A0G3EMP3	46.36	221	235
UniRef90_UPI0006CE7CF5	44.91	221	229
UniRef90_B2JIF9	47.62	221	262
UniRef90_F7SC17	48.40	221	231
UniRef90_W9E3K3	39.73	221	220
UniRef90_K2FKM6	44.70	221	218
UniRef90_UPI000690AB8A	46.29	221	248
UniRef90_B2UAW3	44.64	221	232
UniRef90_U6BC66	44.70	221	219
UniRef90_I8AE20	42.66	221	222
UniRef90_B1YF18	44.24	221	221
UniRef90_J9YV73	39.73	221	220
UniRef90_A0A084GXI0	44.24	221	221
UniRef90_D5E2F6	40.28	221	219
UniRef90_UPI0001851364	42.01	221	221
UniRef90_Q4FPC8	38.81	221	220
UniRef90_Q1LNK4	46.41	221	237
UniRef90_F7QG27	49.74	221	247
UniRef90_F1VV91	44.81	221	228
UniRef90_UPI0004086EEC	44.75	221	252
UniRef90_B6BS63	38.81	221	220
UniRef90_UPI0002DDC39E	41.94	221	221
UniRef90_A0A0D6P6S5	49.53	221	228
UniRef90_UPI00037FA4FF	43.67	221	245
UniRef90_A0A080M615	46.76	221	232
UniRef90_UPI00035D8B80	46.82	221	228
UniRef90_W4VQV6	42.40	221	222
UniRef90_A0A0J1FPU4	47.87	221	259
UniRef90_A0A0D5EPH6	47.39	221	252
UniRef90_K5YYQ7	47.87	221	225
UniRef90_V4YQL3	44.74	221	242
UniRef90_UPI0004267368	46.33	221	226
UniRef90_UPI00035EEA51	41.94	221	222
UniRef90_G8QKQ4	46.34	221	229
UniRef90_UPI00044BB1E2	40.74	221	222
UniRef90_UPI0003F9BF1C	46.64	221	232
UniRef90_A2W973	45.12	221	253
UniRef90_UPI0003FFDD28	43.64	221	229
UniRef90_A0A0N1A3H5	44.09	221	240
UniRef90_D8NU48	48.28	221	226
UniRef90_A0A084XZ52	46.98	221	240
UniRef90_A0A059KK79	44.59	221	232
UniRef90_I0JKW4	44.70	221	218
UniRef90_A0A080M353	46.51	221	243
UniRef90_B1GAN3	47.73	221	272
UniRef90_A0A0J5V9K0	43.32	221	222
UniRef90_UPI0006A78AD1	42.40	221	221
UniRef90_UPI0003147445	39.91	221	218
UniRef90_UPI00037EC996	45.15	221	263
UniRef90_UPI0004733F62	40.74	221	219
UniRef90_A0A0M3DU87	48.19	221	246
UniRef90_UPI000407A4E9	48.21	221	228
UniRef90_E7RE34	41.47	221	221
UniRef90_UPI0003822082	41.82	221	222
UniRef90_A0A0D7ELQ8	39.92	221	248
UniRef90_UPI0003B710E7	41.12	221	221
UniRef90_S4XPA3	44.04	221	254
UniRef90_A0A0A2USY4	41.36	221	224
UniRef90_A0A075LGW2	41.94	221	222
UniRef90_H5WVR6	44.50	221	225
UniRef90_D6V0R2	40.16	221	250
UniRef90_M4ZEM8	40.66	221	248
UniRef90_Q13X82	44.89	221	270
UniRef90_A0A0C2CKP9	46.26	221	248
UniRef90_Q60099	47.67	221	253
UniRef90_UPI00048A33EC	45.21	221	228
UniRef90_H0SIB0	40.66	221	248
UniRef90_UPI0004047AFE	42.23	221	254
UniRef90_W3RPB8	45.89	221	248
UniRef90_UPI00047075E1	44.81	221	229
UniRef90_A6GT19	44.61	221	222
UniRef90_D5W8X4	46.58	221	272
UniRef90_UPI000407BFD9	46.91	221	246
UniRef90_H0TJ75	47.67	221	246
UniRef90_UPI00067EE266	42.72	221	253
UniRef90_D0RRK2	39.27	221	222
UniRef90_B3R2L2	44.50	221	233
UniRef90_B1XYI0	43.89	221	239
UniRef90_UPI000483D5AE	47.44	221	258
UniRef90_UPI00056DF48A	48.34	221	230
UniRef90_Q8GBJ1	62.41	221	141
UniRef90_A5ECH0	47.15	221	251
UniRef90_A0A0C4Y3N4	44.02	221	233
UniRef90_L5NCY1	42.40	221	219
UniRef90_A4JFA7	46.70	221	253
UniRef90_Q122Z0	42.99	221	242
UniRef90_A0A0C6FFX3	46.70	221	225
UniRef90_B3T156	37.16	221	222
UniRef90_A0A0D1NVX0	47.42	221	247
UniRef90_A0A0H4NYG7	40.55	221	221
UniRef90_E7D6T0	61.59	221	140
UniRef90_UPI00037D73FC	49.02	221	222
UniRef90_I0HY40	43.12	221	229
UniRef90_Q0K9K6	44.02	221	233
UniRef90_UPI0006EB7959	48.70	221	249
UniRef90_A0A0E3V2G3	38.39	221	231
UniRef90_A0A095G2N6	47.14	221	247
UniRef90_UPI00040ED122	42.15	221	292
UniRef90_A0A0D6PIA9	46.05	221	225
UniRef90_C5CJB6	45.21	221	225
UniRef90_K8P3A6	46.11	221	247
UniRef90_A0A0D5VDE1	43.40	221	282
UniRef90_A0A0D2WPG0	46.67	221	234
UniRef90_UPI00048BD48C	43.66	221	220
UniRef90_UPI0004096AC5	44.29	221	229
UniRef90_UPI000463CFC9	41.28	221	251
UniRef90_UPI0005C2892A	47.18	221	230
UniRef90_A0A069F4K0	42.86	221	228
UniRef90_UPI00042601E2	46.98	221	253
UniRef90_UPI000489A117	44.83	221	246
UniRef90_A0A0D0S023	39.15	221	221
UniRef90_A0A0A1H6D0	47.34	221	229
UniRef90_UPI00040A7965	39.27	221	220
UniRef90_UPI00047FFDEF	46.36	221	228
UniRef90_A0A069PRH3	46.92	221	260
UniRef90_A0A0N1L1M5	43.64	221	238
UniRef90_A9EUA3	42.73	221	357
UniRef90_A0A068YXK9	43.44	221	239
UniRef90_A0A0D7P3G2	46.39	221	248
UniRef90_UPI00068D1EB4	42.44	221	243
UniRef90_UPI0006F6A6E2	42.53	221	225
UniRef90_J3IEJ8	46.67	221	229
UniRef90_UPI00047ED68E	43.44	221	241
UniRef90_D6V542	44.81	221	228
UniRef90_N9XX93	38.64	221	225
UniRef90_UPI0006D46C4C	42.92	221	232
UniRef90_A0A085F605	47.94	221	247
UniRef90_Q8GBK6	61.70	221	141
UniRef90_A0A0F3IXS1	44.29	221	236
UniRef90_S3FN43	40.55	221	223
UniRef90_A5G354	45.21	221	227
UniRef90_UPI000690701A	45.60	221	259
UniRef90_A0A0C2E5Z5	43.32	221	221
UniRef90_K9H2W8	46.01	221	242
UniRef90_A0A073J3M2	42.20	221	228
UniRef90_UPI00045EB86A	46.91	221	249
UniRef90_A4T0J3	38.22	221	227
UniRef90_UPI00067E2867	41.75	221	253
UniRef90_B2SXM9	44.44	221	271
UniRef90_UPI0006CF53FA	42.01	221	222
UniRef90_UPI000401E322	40.55	221	220
UniRef90_UPI0006F5CD2D	44.29	221	225
UniRef90_UPI0005594A16	42.73	221	271
UniRef90_A2SC31	42.41	221	236
UniRef90_W1JYV1	45.88	221	243
UniRef90_R4WPU9	43.36	221	266
UniRef90_Q46ZW7	43.54	221	233
UniRef90_UPI000491223B	42.47	221	232
UniRef90_I4X294	39.63	221	221
UniRef90_UPI00047B736B	42.53	221	227
UniRef90_A0A0F2S247	44.75	221	228
UniRef90_UPI0006FF6461	41.53	221	245
UniRef90_UPI0004B0B120	40.78	221	253
UniRef90_C7RTH2	45.24	221	232
UniRef90_M2XWB1	45.69	221	221
UniRef90_I4X246	39.63	221	221
UniRef90_A0A0D7PJS7	39.62	221	262
UniRef90_Q2IG66	44.75	221	226
UniRef90_Q01W84	44.17	221	234
UniRef90_UPI0002E71D53	37.27	221	219
UniRef90_UPI000645BE96	47.42	221	249
UniRef90_UPI0004862011	42.92	221	229
UniRef90_E2CNH8	45.07	221	220
UniRef90_C4KYK1	43.69	221	221
UniRef90_H0T9S6	39.00	221	253
UniRef90_A0A0N1B9H1	43.41	221	231
UniRef90_U1LJH6	41.01	221	228
UniRef90_B9NUD9	44.33	221	249
UniRef90_UPI0004676B4E	42.47	221	232
UniRef90_UPI0004046DF6	46.63	221	255
UniRef90_W8SQE3	42.92	221	229
UniRef90_A0A0G3BC26	41.92	221	238
UniRef90_E7D6S8	59.42	221	140
UniRef90_UPI0003829CC3	46.54	221	235
UniRef90_A0A084HE47	41.94	221	219
UniRef90_A0A0A3L108	47.17	221	252
UniRef90_A4YND9	45.64	221	271
UniRef90_UPI00048C3CD2	43.93	221	229
UniRef90_A7IDY6	42.44	221	247
UniRef90_UPI00047EE742	46.30	221	219
UniRef90_UPI0003660C72	44.15	221	246
UniRef90_J3CXY1	41.63	221	235
UniRef90_UPI000466129C	44.56	221	246
UniRef90_A0A011PUF5	44.65	221	230
UniRef90_A0A0B4RB48	39.17	221	221
UniRef90_Q21SG7	41.49	221	255
UniRef90_E7D6T1	60.14	221	140
UniRef90_UPI0006DBD801	41.96	221	225
UniRef90_UPI00037F9A8A	43.50	221	245
UniRef90_UPI00040A6C73	41.74	221	227
UniRef90_Q5LKE4	42.15	221	228
UniRef90_R4V003	41.26	221	258
UniRef90_V9WKT7	40.62	221	228
UniRef90_D0CXM7	41.70	221	228
UniRef90_UPI000496AFEA	39.67	221	248
UniRef90_B8XQS9	60.14	221	140
UniRef90_UPI000660DCE1	38.81	221	224
UniRef90_UPI0004B261C4	44.85	221	243
UniRef90_A0A0D7EID8	45.08	221	247
UniRef90_C4IGD0	41.71	221	224
UniRef90_U4UVY3	39.21	221	228
UniRef90_B6BC12	42.15	221	228
UniRef90_UPI000553F15D	41.86	221	219
UniRef90_UPI00034CB6CC	42.66	221	228
UniRef90_B9NQE0	40.36	221	239
UniRef90_A0A0B4XYA8	42.40	221	232
UniRef90_UPI0006C7D292	46.81	221	220
UniRef90_K2KPD4	41.47	221	232
UniRef90_A0A0D7E7S5	45.28	221	229
UniRef90_UPI00056A0839	41.70	221	228
UniRef90_UPI0001D2D400	38.99	221	255
UniRef90_A0A033UJE7	38.07	221	227
UniRef90_UPI00056FF480	46.63	221	256
UniRef90_UPI00040B9693	39.07	221	231
UniRef90_A0A0B4C2Y9	41.26	221	228
UniRef90_J7QN76	40.57	221	255
UniRef90_UPI00036C667A	43.54	221	233
UniRef90_R4G5S0	38.76	221	211
UniRef90_A0A0C1JJD1	40.81	221	228
UniRef90_A0A0H2MC23	39.09	221	227
UniRef90_A0A0G7HI03	37.90	221	224
UniRef90_UPI0006CF60F5	45.88	221	394
UniRef90_UPI0006FC6D80	40.52	221	232
UniRef90_A0A011PFR6	43.40	221	232
UniRef90_A0A0H1ABJ6	45.41	221	220
UniRef90_UPI0006F3B673	45.02	221	220
UniRef90_K0TT64	40.18	221	224
UniRef90_UPI00057946ED	41.33	221	228
UniRef90_UPI000405512C	44.85	221	248
UniRef90_W9H2C0	46.83	221	228
UniRef90_A3X3H2	40.36	221	228
UniRef90_UPI0004100197	39.62	221	255
UniRef90_C5AES5	43.40	221	257
UniRef90_B9DKE8	38.14	221	223
UniRef90_UPI0007007FEA	41.55	221	234
UniRef90_UPI0004AEFD26	43.72	221	225
UniRef90_UPI000488E046	41.86	221	224
UniRef90_I9KUL6	42.11	221	238
UniRef90_UPI00046574D5	44.10	221	246
UniRef90_A0A0B5AMW7	38.71	221	219
UniRef90_UPI00037CB849	45.54	221	220
UniRef90_UPI0005B8014B	42.20	221	222
UniRef90_A0A0L0MGH8	47.17	221	243
UniRef90_A4EP25	40.44	221	254
UniRef90_W7WQZ3	40.53	221	233
UniRef90_UPI00034833B8	45.28	221	224
UniRef90_A0A0M2RAY9	37.73	221	227
UniRef90_V4QYH7	43.78	221	222
UniRef90_UPI0003F95110	45.88	221	246
UniRef90_A0A0N1F5T6	46.11	221	252
UniRef90_UPI000380CD6E	42.52	221	220
UniRef90_Q0FK09	42.67	221	225
UniRef90_A0A0J6RP42	45.02	221	225
UniRef90_A0A0N0JZ15	46.63	221	247
UniRef90_B7RN64	40.36	221	272
UniRef90_B0UPI6	46.67	221	234
UniRef90_C5AYE7	43.40	221	224
UniRef90_UPI0005A8327C	42.79	221	279
UniRef90_Q89D82	43.81	221	243
UniRef90_UPI0003A996E9	41.96	221	225
UniRef90_I4MGK7	39.65	221	231
UniRef90_A0A0C2SBJ7	40.29	221	218
UniRef90_B1ZKS6	43.87	221	224
UniRef90_UPI0003F8692E	44.60	221	219
UniRef90_UPI00040B36F9	41.26	221	228
UniRef90_E8TNM1	44.55	221	220
UniRef90_F2IV72	47.37	221	220
UniRef90_X7EG36	41.96	221	227
UniRef90_Q2SX30	48.08	221	251
UniRef90_E8YHQ9	42.55	221	285
UniRef90_UPI000403B000	40.36	221	228
UniRef90_UPI0003FBAC2B	42.66	221	229
UniRef90_A0A0N0E8J2	41.31	221	219
UniRef90_UPI00062BE037	36.99	221	224
UniRef90_UPI0004816B09	41.36	221	238
UniRef90_E0DP84	49.01	221	217
UniRef90_A0A0M9EEI7	41.98	221	227
UniRef90_A0A038GYS6	45.02	221	264
UniRef90_A3V8I5	40.79	221	225
UniRef90_UPI0006F4EAB5	44.55	221	219
UniRef90_I3TKY3	44.16	221	233
UniRef90_UPI00036915F0	37.33	221	251
UniRef90_Q2CC69	41.41	221	225
UniRef90_B6R450	46.03	221	220
UniRef90_UPI0006D7DD7F	37.90	221	221
UniRef90_UPI000691E6F3	41.31	221	263
UniRef90_A0A0M9B9P3	43.30	221	243
UniRef90_UPI000467258C	48.00	221	217
UniRef90_A0A0A5HKM7	37.96	221	220
UniRef90_J3CVX7	44.33	221	243
UniRef90_UPI0004DF4259	42.47	221	226
UniRef90_B1XSM3	39.01	221	237
UniRef90_A0A090G3Y0	44.55	221	220
UniRef90_B7QR30	40.00	221	228
UniRef90_D1CA00	41.98	221	225
UniRef90_A0A0J6VXS3	44.61	221	225
UniRef90_UPI0003A24434	42.01	221	230
UniRef90_I4YNJ0	44.08	221	224
UniRef90_UPI00067F0802	38.57	221	228
UniRef90_M5F8Q5	45.50	221	220
UniRef90_A0A0H5BCH0	44.17	221	220
UniRef90_A0A037ZK14	40.81	221	228
UniRef90_A0A0K8P7H0	42.40	221	224
UniRef90_A0A098S7L5	40.48	221	224
UniRef90_A8TLW2	47.03	221	234
UniRef90_B6AZG0	39.56	221	228
UniRef90_T0BR94	38.84	221	223
UniRef90_D6V0P4	39.45	221	243
UniRef90_W4HI62	44.64	221	228
UniRef90_Q1GLC7	41.26	221	229
UniRef90_W6N4X8	40.09	221	225
UniRef90_A0A0M6YDG3	39.91	221	229
UniRef90_UPI00070082A8	42.49	221	245
UniRef90_A3SSD5	41.26	221	228
UniRef90_UPI0002FD9E07	44.39	221	222
UniRef90_A4EIK7	39.65	221	227
UniRef90_Q51645	39.81	221	231
UniRef90_K2N6L0	43.33	221	218
UniRef90_A0A0J6UQT9	42.92	221	225
UniRef90_A0A0A0EIP3	40.53	221	227
UniRef90_UPI00048A95DA	43.81	221	216
UniRef90_A0A0H1RJC0	42.34	221	225
UniRef90_A6E612	42.27	221	257
UniRef90_A0A0A0HNQ0	40.00	221	228
UniRef90_A0A0L6CV74	40.89	221	228
UniRef90_UPI00046AC1F5	41.90	221	228
UniRef90_A0A0M2NZS2	36.99	221	224
UniRef90_UPI00068178EE	40.48	221	228
UniRef90_A0A0D7K7Q6	37.72	221	233
UniRef90_I7IJJ1	36.99	221	224
UniRef90_UPI000467DCA9	42.99	221	220
UniRef90_UPI00036B778F	39.15	221	222
UniRef90_UPI0005619F34	39.56	221	228
UniRef90_UPI0004964B88	41.05	221	248
UniRef90_B6JBZ3	41.24	221	245
UniRef90_UPI00037B1C77	38.64	221	251
UniRef90_S9SAW3	40.18	221	228
UniRef90_UPI00041A587A	40.83	221	226
UniRef90_Q0FD24	40.72	221	229
UniRef90_A0A060MFE7	35.62	221	225
UniRef90_A0A076K1R1	39.91	221	227
UniRef90_UPI00062B85AB	44.39	221	229
UniRef90_A0A0A6Q890	46.05	221	259
UniRef90_W8I0A5	44.76	221	220
UniRef90_A0A017HEK3	41.71	221	229
UniRef90_A0A0J6TRJ9	45.60	221	225
UniRef90_D8MJ31	60.00	221	125
UniRef90_I5BZ90	41.59	221	218
UniRef90_A0A0M6YMN5	40.85	221	220
UniRef90_K2PB62	44.60	221	235
UniRef90_A6FPP1	42.03	221	228
UniRef90_A0A0D8BRE3	36.28	221	220
UniRef90_A0A0L7RNQ8	45.50	221	216
UniRef90_A0A059IPH4	41.26	221	228
UniRef90_UPI00042193C3	42.45	221	219
UniRef90_UPI0004096171	41.46	221	292
UniRef90_A0A0J5QLH5	39.73	221	227
UniRef90_A3VLA1	38.57	221	240
UniRef90_UPI0004870EBF	45.29	221	270
UniRef90_UPI00040FB56E	46.84	221	237
UniRef90_A0A095H8J3	41.06	221	248
UniRef90_A0A0J9GYI4	38.67	221	229
UniRef90_A1VTK2	39.57	221	249
UniRef90_A0A0M7B8L4	40.98	221	229
UniRef90_A0A0F9S7U3	39.46	221	288
UniRef90_UPI00056F7AF5	42.47	221	222
UniRef90_A0A0B6S0Y9	43.87	221	258
UniRef90_A0A0G3EQY9	40.18	221	227
UniRef90_G9A271	43.81	221	220
UniRef90_A0A086MCH7	42.33	221	225
UniRef90_S2KGQ9	39.07	221	226
UniRef90_U2Z5I6	39.73	221	225
UniRef90_UPI0005BD0036	40.18	221	230
UniRef90_C4WK24	45.67	221	218
UniRef90_D8MJ33	60.80	221	125
UniRef90_A0A0D0RJE1	35.62	221	225
UniRef90_A0A089QEC0	40.28	221	215
UniRef90_UPI0004690E2E	39.52	221	228
UniRef90_A9ED34	39.01	221	228
UniRef90_M3I4T4	46.00	221	217
UniRef90_G8M804	42.36	221	272
UniRef90_UPI0003813882	41.39	221	289
UniRef90_A0A074U8D2	43.90	221	223
UniRef90_UPI00067BA171	43.66	221	228
UniRef90_P24069	39.27	221	227
UniRef90_K9ARQ4	36.53	221	220
UniRef90_D8MJ34	59.20	221	125
UniRef90_A0A058ZL53	40.18	221	228
UniRef90_S9QQ04	40.18	221	228
UniRef90_D8MJ67	58.40	221	125
UniRef90_UPI00058FF2D5	39.62	221	234
UniRef90_K2J7R0	40.36	221	229
UniRef90_B9QZU3	42.11	221	220
UniRef90_A0A0L0J6Z9	43.50	221	220
UniRef90_UPI0006F8CAF7	43.56	221	224
UniRef90_A0A0F7PSZ5	43.50	221	217
UniRef90_A0A0D5LTF6	44.72	221	216
UniRef90_X7F5J9	40.00	221	227
UniRef90_UPI0004681D14	39.01	221	228
UniRef90_UPI00046308F7	37.90	221	228
UniRef90_A0A0D6AZD9	40.44	221	230
UniRef90_I4WII3	46.03	221	240
UniRef90_A0A0M6XKE0	38.99	221	228
UniRef90_A0A0B3RY85	41.07	221	225
UniRef90_A0A0H4KRZ9	39.29	221	228
UniRef90_UPI0007018E07	44.86	221	220
UniRef90_A0A0A5GKD3	36.57	221	220
UniRef90_B8INB8	46.15	221	225
UniRef90_H0I0B9	46.80	221	220
UniRef90_A0A061QID7	39.01	221	230
UniRef90_UPI000463AA99	42.65	221	220
UniRef90_A0A061SUG8	38.12	221	228
UniRef90_A9DGW9	41.43	221	217
UniRef90_A3SHF1	40.00	221	228
UniRef90_H8FNR4	38.36	221	229
UniRef90_Q161F7	39.91	221	228
UniRef90_A0A073ICM5	37.67	221	228
UniRef90_UPI00055E9989	42.27	221	251
UniRef90_A0A0L1JLJ5	39.11	221	225
UniRef90_C7DAQ4	37.95	221	224
UniRef90_UPI00067DCDAF	37.22	221	228
UniRef90_UPI0006FFBE6D	40.57	221	219
UniRef90_UPI0006F6ADFE	41.51	221	219
UniRef90_Q28RT7	40.00	221	228
UniRef90_UPI0003624347	42.05	221	216
UniRef90_A0A074K357	40.09	221	223
UniRef90_UPI000467F2FA	37.22	221	228
UniRef90_K1LD74	34.47	221	255
UniRef90_A0A0F9U9J8	42.06	221	220
UniRef90_B3QKS3	37.19	221	246
UniRef90_UPI0004B37240	44.55	221	226
UniRef90_I1ASK7	41.18	221	223
UniRef90_UPI0006B5A802	40.74	221	225
UniRef90_UPI000701A5EF	42.18	221	221
UniRef90_C9CT29	37.22	221	229
UniRef90_V4HPQ4	37.27	221	224
UniRef90_E0MPG4	42.03	221	219
UniRef90_Q53464	100.00	221	232
UniRef90_W6WRH5	75.45	221	227
UniRef90_R4WTI0	74.21	221	225
UniRef90_UPI0006D3D841	74.55	221	223
UniRef90_UPI0006F23D9E	73.76	221	232
UniRef90_P60527	73.30	221	232
UniRef90_UPI00048A1359	51.60	221	220
UniRef90_UPI00069D8F98	44.70	221	222
UniRef90_UPI00063FAE1F	47.03	221	226
UniRef90_UPI000559144B	45.16	221	223
UniRef90_UPI00050983A1	46.54	221	223
UniRef90_UPI0004945FE4	45.41	221	221
UniRef90_A0A0M0LHX1	44.04	221	221
UniRef90_A0A084GXI0	44.04	221	221
UniRef90_UPI0001E892DB	42.01	221	223
UniRef90_Q59I43	78.73	221	232
UniRef90_A0A069PEA9	60.27	221	229
UniRef90_UPI0005619E2A	45.91	221	226
UniRef90_A9IHN5	64.22	221	234
UniRef90_C0Q941	48.86	221	228
UniRef90_U6BC66	44.50	221	219
UniRef90_UPI0005CD8477	46.33	221	221
UniRef90_B2TCU0	59.36	221	228
UniRef90_UPI00068FDD5E	53.46	221	221
UniRef90_E7RE34	41.28	221	221
UniRef90_UPI0002DDC39E	41.74	221	221
UniRef90_B1YF18	44.04	221	221
UniRef90_L5NCY1	42.08	221	219
UniRef90_A0A0N0VMT5	44.91	221	221
UniRef90_UPI000360485F	60.36	221	229
UniRef90_A0A0C2VPY0	45.45	221	222
UniRef90_UPI0005C94EEC	44.29	221	223
UniRef90_N4WTL7	42.92	221	218
UniRef90_UPI0003766C7B	50.00	221	220
UniRef90_F4GVR3	61.47	221	228
UniRef90_UPI000648362E	62.56	221	227
UniRef90_A0A0G3XXA6	50.68	221	222
UniRef90_A0A0J6D0Y9	43.26	221	222
UniRef90_A0A0J5V9K0	43.12	221	222
UniRef90_A0A0H4NYG7	40.18	221	221
UniRef90_UPI0003FFDD28	43.64	221	229
UniRef90_UPI0001851364	42.01	221	221
UniRef90_H0PZ35	45.00	221	235
UniRef90_A0A075LGW2	41.94	221	222
UniRef90_A0A0A2USY4	41.36	221	224
UniRef90_Q01399	53.88	221	224
UniRef90_G7M0E2	44.04	221	226
UniRef90_W4VQV6	42.20	221	222
UniRef90_A0A0D2WPG0	42.92	221	234
UniRef90_UPI0003822082	41.82	221	222
UniRef90_UPI0006A78AD1	42.20	221	221
UniRef90_C4KYK1	42.01	221	221
UniRef90_Q12G50	55.56	221	229
UniRef90_I4X294	39.45	221	221
UniRef90_A0A0G4JJZ5	45.33	221	235
UniRef90_A6SWE1	57.53	221	232
UniRef90_UPI00035EEA51	41.74	221	222
UniRef90_J9RQ32	59.82	221	228
UniRef90_A0A0B4RB48	38.99	221	221
UniRef90_I4X246	39.45	221	221
UniRef90_Q52087	58.45	221	227
UniRef90_UPI0006CE7CF5	44.09	221	229
UniRef90_UPI00068D1EB4	40.93	221	243
UniRef90_A0A0C1YM46	46.82	221	228
UniRef90_A0A0K1J8Z0	45.00	221	234
UniRef90_A0A0F3IXS1	44.29	221	236
UniRef90_UPI00057946ED	41.33	221	228
UniRef90_K2FKM6	44.29	221	218
UniRef90_UPI00034988A6	46.15	221	259
UniRef90_UPI00037FA4FF	43.23	221	245
UniRef90_I0JKW4	44.29	221	218
UniRef90_B2UAW3	44.64	221	232
UniRef90_A0A080M353	45.66	221	243
UniRef90_UPI0003101DE4	44.29	221	228
UniRef90_K2J6M5	46.33	221	221
UniRef90_V9WKT7	40.62	221	228
UniRef90_UPI0005B8014B	40.83	221	222
UniRef90_G0AGQ4	58.18	221	229
UniRef90_Q59728	59.82	221	224
UniRef90_UPI0006DB0EDE	46.58	221	227
UniRef90_B2JIF9	45.09	221	262
UniRef90_A0A0B5AMW7	38.53	221	219
UniRef90_UPI0004096AC5	44.29	221	229
UniRef90_G8QKQ4	44.75	221	229
UniRef90_A0A0G3EMP3	45.74	221	235
UniRef90_A0A0A1FGE2	62.27	221	229
UniRef90_F2NP39	49.32	221	222
UniRef90_UPI0006CF53FA	41.82	221	222
UniRef90_Q5LKE4	42.15	221	228
UniRef90_Q5P813	46.12	221	281
UniRef90_A0A0F2S247	44.75	221	228
UniRef90_UPI00034CB6CC	42.66	221	228
UniRef90_S9SAW3	40.18	221	228
UniRef90_A0A0A0D4Y9	47.49	221	228
UniRef90_UPI000491223B	42.47	221	232
UniRef90_UPI0003B710E7	41.12	221	221
UniRef90_S3FN43	39.91	221	223
UniRef90_UPI0002884DB0	46.58	221	229
UniRef90_UPI0004C3A2EA	48.62	221	230
UniRef90_A0A084XZ52	46.12	221	240
UniRef90_D5W8X4	42.74	221	272
UniRef90_A0A080M615	46.12	221	232
UniRef90_A0A0B4XYA8	42.20	221	232
UniRef90_P24070	55.25	221	229
UniRef90_W9H2C0	44.65	221	228
UniRef90_Q0FK09	41.96	221	225
UniRef90_B9NQE0	40.36	221	239
UniRef90_Q13X82	42.08	221	270
UniRef90_W6WUM2	46.12	221	262
UniRef90_D0CXM7	41.70	221	228
UniRef90_A0A0K2BG36	58.90	221	229
UniRef90_A0A0J5QLH5	38.12	221	227
UniRef90_A0A0N1B9H1	41.55	221	231
UniRef90_UPI00044BB1E2	40.55	221	222
UniRef90_A4EP25	40.81	221	254
UniRef90_S2KGQ9	38.53	221	226
UniRef90_UPI00047075E1	44.39	221	229
UniRef90_H5WVR6	44.50	221	225
UniRef90_A4G2X5	58.45	221	232
UniRef90_UPI000690AB8A	45.85	221	248
UniRef90_A0A0C2SBJ7	38.53	221	218
UniRef90_Q1LNK4	43.69	221	237
UniRef90_A3X3H2	39.01	221	228
UniRef90_UPI0005594A16	40.08	221	271
UniRef90_A0A0D5EPH6	44.84	221	252
UniRef90_UPI0004267368	46.12	221	226
UniRef90_Q0K9K6	41.70	221	233
UniRef90_F7SC17	48.40	221	231
UniRef90_A0A0D0S023	38.60	221	221
UniRef90_K2KPD4	41.28	221	232
UniRef90_B3T156	36.99	221	222
UniRef90_B6BC12	42.15	221	228
UniRef90_A0A0H4KRZ9	38.57	221	228
UniRef90_A0A011PFR6	42.01	221	232
UniRef90_I8AE20	42.66	221	222
UniRef90_D6V542	43.38	221	228
UniRef90_UPI00048C3CD2	42.99	221	229
UniRef90_A0A0N1A3H5	43.50	221	240
UniRef90_A0A069PRH3	44.69	221	260
UniRef90_UPI0004862011	42.01	221	229
UniRef90_UPI00042601E2	44.35	221	253
UniRef90_K2J7R0	39.46	221	229
UniRef90_A2SC31	42.41	221	236
UniRef90_B1XYI0	43.89	221	239
UniRef90_A0A0B4C2Y9	41.26	221	228
UniRef90_A0A069F4K0	42.47	221	228
UniRef90_B7QR30	39.73	221	228
UniRef90_UPI00056A0839	41.70	221	228
UniRef90_UPI00048BD48C	43.06	221	220
UniRef90_A0A0C2CKP9	43.67	221	248
UniRef90_UPI0004676B4E	42.47	221	232
UniRef90_UPI00035D8B80	46.82	221	228
UniRef90_UPI000553F15D	40.91	221	219
UniRef90_UPI0005C2892A	42.92	221	230
UniRef90_A0A073J3M2	40.81	221	228
UniRef90_A0A0C4Y3N4	41.70	221	233
UniRef90_A0A0L6CV74	40.36	221	228
UniRef90_Q46ZW7	40.81	221	233
UniRef90_M1SXK7	47.49	221	224
UniRef90_A0A063BGN8	45.98	221	252
UniRef90_A0A0D5VDE1	40.40	221	282
UniRef90_UPI00036717EF	32.88	221	230
UniRef90_UPI0006DBD801	39.73	221	225
UniRef90_B1GAN3	43.78	221	272
UniRef90_A0A059IPH4	39.91	221	228
UniRef90_UPI00040A6C73	41.74	221	227
UniRef90_K4LFB0	41.82	221	223
UniRef90_UPI000483D5AE	43.67	221	258
UniRef90_UPI00067F0802	38.57	221	228
UniRef90_C5CJB6	45.00	221	225
UniRef90_F1VV91	43.38	221	228
UniRef90_A0A0M2RAY9	37.73	221	227
UniRef90_U4UVY3	39.46	221	228
UniRef90_A0A0G3G5T9	32.88	221	223
UniRef90_UPI00047FFDEF	46.36	221	228
UniRef90_A0A0H1ABJ6	43.93	221	220
UniRef90_A0A059KK79	44.59	221	232
UniRef90_UPI0003829CC3	46.12	221	235
UniRef90_B2SXM9	40.83	221	271
UniRef90_I9KUL6	39.46	221	238
UniRef90_X7EG36	41.26	221	227
UniRef90_UPI0006D55747	45.91	221	220
UniRef90_P24069	39.27	221	227
UniRef90_UPI0006F4EAB5	43.93	221	219
UniRef90_A0A0M6YDG3	38.39	221	229
UniRef90_A0A0A0HNQ0	39.29	221	228
UniRef90_Q2IG66	44.75	221	226
UniRef90_V4QYH7	42.01	221	222
UniRef90_W8SQE3	41.78	221	229
UniRef90_I0HY40	43.12	221	229
UniRef90_A0A0C1JJD1	40.81	221	228
UniRef90_UPI00046308F7	36.32	221	228
UniRef90_A0A0D6P6S5	47.95	221	228
UniRef90_I1ASK7	40.72	221	223
UniRef90_UPI0002FD9E07	43.78	221	222
UniRef90_S9R1N1	39.09	221	226
UniRef90_J3CXY1	41.82	221	235
UniRef90_H8FNR4	38.36	221	229
UniRef90_V4YQL3	44.93	221	242
UniRef90_D5E2F6	40.28	221	219
UniRef90_K9H2W8	45.16	221	242
UniRef90_R4WPU9	43.36	221	266
UniRef90_A6GT19	43.12	221	222
UniRef90_A0A090G3Y0	43.72	221	220
UniRef90_UPI00047ED68E	43.44	221	241
UniRef90_D6E8Q0	45.25	221	222
UniRef90_A0A0J1FPU4	45.13	221	259
UniRef90_M5F8Q5	41.47	221	220
UniRef90_F7QG27	41.98	221	247
UniRef90_UPI00040ED122	39.84	221	292
UniRef90_A3SSD5	41.26	221	228
UniRef90_B3R2L2	42.15	221	233
UniRef90_UPI000380CD6E	42.13	221	220
UniRef90_U1LJH6	40.64	221	228
UniRef90_A6FPP1	39.46	221	228
UniRef90_UPI000364B018	33.33	221	222
UniRef90_A0A011PUF5	42.92	221	230
UniRef90_UPI0003F9BF1C	46.64	221	232
UniRef90_UPI000690701A	39.09	221	259
UniRef90_Q122Z0	42.99	221	242
UniRef90_D0RRK2	39.27	221	222
UniRef90_UPI00037CB849	44.91	221	220
UniRef90_A0A0N1L1M5	43.64	221	238
UniRef90_A0A037ZK14	40.81	221	228
UniRef90_UPI0003A24434	41.55	221	230
UniRef90_F8E7Z1	31.96	221	225
UniRef90_A0A0G3BC26	42.11	221	238
UniRef90_E1V7V4	36.20	221	225
UniRef90_A0A0M3DU87	40.74	221	246
UniRef90_UPI00058FF2D5	38.05	221	234
UniRef90_UPI0006F3B673	44.39	221	220
UniRef90_UPI0003A1FD21	33.33	221	222
UniRef90_A0A0N0E8J2	40.47	221	219
UniRef90_A0A058ZL53	39.01	221	228
UniRef90_E8TNM1	43.93	221	220
UniRef90_Q1GLC7	39.91	221	229
UniRef90_S9QQ04	38.57	221	228
UniRef90_UPI0006F70841	39.91	221	216
UniRef90_UPI000467DCA9	42.40	221	220
UniRef90_A0A0B8Q9W9	35.16	221	231
UniRef90_UPI000288E5FD	35.27	221	227
UniRef90_UPI00059162BF	34.38	221	227
UniRef90_UPI00067DCDAF	37.22	221	228
UniRef90_B6R450	42.13	221	220
UniRef90_A0A095G2N6	44.20	221	247
UniRef90_A0A085TTY3	37.84	221	223
UniRef90_A0A0M6YMN5	40.28	221	220
UniRef90_UPI000401E322	40.00	221	220
UniRef90_UPI00040B36F9	41.26	221	228
UniRef90_A0A0L1JLJ5	38.57	221	225
UniRef90_A0A0D1NVX0	40.33	221	247
UniRef90_G9A271	43.19	221	220
UniRef90_A0A0A5HKM7	37.33	221	220
UniRef90_C9CT29	35.43	221	229
UniRef90_I5BZ90	41.59	221	218
UniRef90_A0A0H2MC23	39.09	221	227
UniRef90_K8P3A6	39.09	221	247
UniRef90_A0A074K1U5	39.19	221	223
UniRef90_UPI000496AFEA	38.68	221	248
UniRef90_Q4FPC8	38.81	221	220
UniRef90_A0A0F4QUF9	33.94	221	224
UniRef90_UPI0004867B63	33.64	221	226
UniRef90_UPI000418624E	31.94	221	228
UniRef90_UPI0006F6A6E2	42.53	221	225
UniRef90_UPI0002D5AFC1	36.99	221	224
UniRef90_W7WQZ3	40.53	221	233
UniRef90_A0A0A0EIP3	40.00	221	227
UniRef90_UPI00068178EE	38.57	221	228
UniRef90_A0A068YXK9	43.64	221	239
UniRef90_A0A0F9S7U3	39.46	221	288
UniRef90_D3SDC7	31.96	221	222
UniRef90_A3VLA1	38.57	221	240
UniRef90_B3QPT1	36.41	221	239
UniRef90_B6AZG0	39.01	221	228
UniRef90_A0A099TAM9	35.43	221	229
UniRef90_A0A098RF08	39.27	221	227
UniRef90_A2W973	43.50	221	253
UniRef90_A0A0D7P3G2	39.51	221	248
UniRef90_UPI0003FBAC2B	40.72	221	229
UniRef90_C4WK24	45.02	221	218
UniRef90_UPI0006D46C4C	43.12	221	232
UniRef90_H0TJ75	39.92	221	246
UniRef90_A3V8I5	40.18	221	225
UniRef90_D8NU48	45.00	221	226
UniRef90_UPI00036034D2	33.95	221	222
UniRef90_UPI0004DB77A4	35.62	221	224
UniRef90_B7RN64	39.91	221	272
UniRef90_UPI00047B736B	42.73	221	227
UniRef90_A4EIK7	38.57	221	227
UniRef90_UPI000403B000	40.18	221	228
UniRef90_UPI0005619F34	39.01	221	228
UniRef90_W8I0A5	44.13	221	220
UniRef90_A0A084HE47	41.94	221	219
UniRef90_V4Q7E5	33.18	221	226
UniRef90_UPI0007007FEA	41.55	221	234
UniRef90_UPI00037150ED	32.88	221	222
UniRef90_A0A073ICM5	37.67	221	228
UniRef90_B9QZU3	38.89	221	220
UniRef90_UPI0004733F62	40.74	221	219
UniRef90_A0A084UCK4	40.00	221	220
UniRef90_UPI000463AA99	42.06	221	220
UniRef90_W3RPB8	40.74	221	248
UniRef90_UPI0004816B09	41.36	221	238
UniRef90_W1N8E1	35.71	221	227
UniRef90_A0A017HEK3	39.46	221	229
UniRef90_UPI0003A996E9	41.07	221	225
UniRef90_J9YV73	39.73	221	220
UniRef90_UPI0005620398	38.84	221	229
UniRef90_UPI0006C7D292	42.59	221	220
UniRef90_UPI0006D19087	31.48	221	225
UniRef90_UPI00046AC1F5	39.91	221	228
UniRef90_UPI000405512C	38.27	221	248
UniRef90_C7RTH2	45.02	221	232
UniRef90_UPI0006D7DD7F	38.32	221	221
UniRef90_UPI000407BFD9	40.42	221	246
UniRef90_UPI0006D67F22	32.24	221	224
UniRef90_UPI00037D73FC	47.03	221	222
UniRef90_UPI000467258C	45.50	221	217
UniRef90_A4JFA7	42.60	221	253
UniRef90_UPI000489A117	38.68	221	246
UniRef90_A0A0C2E5Z5	42.73	221	221
UniRef90_UPI0004690E2E	38.12	221	228
UniRef90_D6V0R2	40.57	221	250
UniRef90_UPI0004086EEC	43.64	221	252
UniRef90_A0A0D6AZD9	39.56	221	230
UniRef90_UPI0005A8327C	40.33	221	279
UniRef90_A0A0D7EID8	38.27	221	247
UniRef90_UPI000407A4E9	47.67	221	228
UniRef90_A0A0M7B8L4	38.12	221	229
UniRef90_A0A0B0H8Q9	36.24	221	221
UniRef90_A0A0D6PIA9	44.75	221	225
UniRef90_M4ZEM8	40.50	221	248
UniRef90_UPI0003624347	39.44	221	216
UniRef90_UPI00048A95DA	43.19	221	216
UniRef90_UPI0006F5CD2D	44.09	221	225
UniRef90_Q2CC69	39.91	221	225
UniRef90_A0A0J9GYI4	38.12	221	229
UniRef90_I3TKY3	40.27	221	233
UniRef90_M3I4T4	43.60	221	217
UniRef90_K2N6L0	42.72	221	218
UniRef90_D5CRI7	34.70	221	228
UniRef90_A0A0D5M0I6	32.57	221	225
UniRef90_B6JBZ3	35.39	221	245
UniRef90_A0A0D7UVA9	32.57	221	225
UniRef90_A0A074K357	38.74	221	223
UniRef90_A0A0D7ELQ8	39.92	221	248
UniRef90_A3SHF1	39.46	221	228
UniRef90_A0A0M9EEI7	39.37	221	227
UniRef90_A0A0K8P7H0	42.20	221	224
UniRef90_UPI000466129C	38.11	221	246
UniRef90_UPI00041A587A	40.83	221	226
UniRef90_X7F5J9	39.91	221	227
UniRef90_UPI0003746BD1	31.36	221	225
UniRef90_E0DP84	45.50	221	217
UniRef90_UPI000467F2FA	36.77	221	228
UniRef90_Q161F7	39.46	221	228
UniRef90_A0A0L7RNQ8	41.78	221	216
UniRef90_UPI0005BD0036	40.18	221	230
UniRef90_A0A0B3RY85	39.73	221	225
UniRef90_A0A0D7E7S5	43.84	221	229
UniRef90_A0A0A1H6D0	45.50	221	229
UniRef90_V7EKD6	38.74	221	224
UniRef90_UPI000486398D	37.05	221	227
UniRef90_A3JVX7	36.77	221	228
UniRef90_V4PWY9	33.80	221	228
UniRef90_UPI00070082A8	36.36	221	245
UniRef90_W0E3D8	36.24	221	222
UniRef90_UPI0006F6ADFE	40.57	221	219
UniRef90_A0A0L0J6Z9	40.65	221	220
UniRef90_UPI00062BE037	36.99	221	224
UniRef90_A0A0B0D1Q7	36.11	221	217
UniRef90_A0A0D8BRE3	36.28	221	220
UniRef90_UPI0003812A79	31.36	221	223
UniRef90_H0SIB0	40.50	221	248
UniRef90_B3ENR9	33.18	221	233
UniRef90_UPI0004B261C4	38.75	221	243
UniRef90_A1SYP0	31.34	221	225
UniRef90_UPI0004885829	40.19	221	220
UniRef90_R9PRE9	31.51	221	224
UniRef90_Q0FD24	34.96	221	229
UniRef90_A0A0D5LTF6	41.78	221	216
UniRef90_UPI00048A33EC	44.75	221	228
UniRef90_E2CNH8	44.44	221	220
UniRef90_UPI00047EE742	45.58	221	219
UniRef90_C5AYE7	42.92	221	224
UniRef90_UPI0003F8692E	44.19	221	219
UniRef90_W2S338	31.86	221	238
UniRef90_UPI0004046DF6	39.92	221	255
UniRef90_UPI000571DBE2	30.73	221	229
UniRef90_UPI00037F9A8A	40.41	221	245
UniRef90_UPI0004681D14	38.12	221	228
UniRef90_Q89D82	37.60	221	243
UniRef90_A9ED34	39.01	221	228
UniRef90_UPI0003660C72	36.36	221	246
UniRef90_Q51645	39.91	221	231
UniRef90_A0A061SUG8	38.12	221	228
UniRef90_X6L3V8	38.67	221	224
UniRef90_A9DGW9	40.85	221	217
UniRef90_C5AES5	41.07	221	257
UniRef90_A0A0N1F5T6	39.17	221	252
UniRef90_UPI00058F66CF	35.29	221	226
UniRef90_J3CVX7	38.17	221	243
UniRef90_A0A060B346	30.73	221	225
UniRef90_B1ZKS6	43.40	221	224
UniRef90_A0Y2P5	29.77	221	226
UniRef90_G7ERE2	31.16	221	226
UniRef90_A0A0D1YMJ0	31.11	221	236
UniRef90_F7SHZ3	31.31	221	225
UniRef90_D6V0P4	35.39	221	243
UniRef90_UPI000362C075	39.46	221	235
UniRef90_B6BS63	38.81	221	220
UniRef90_UPI000578FABA	37.67	221	228
UniRef90_UPI0006F95670	38.97	221	222
UniRef90_G7FYW4	30.70	221	225
UniRef90_UPI0007018E07	44.65	221	220
UniRef90_UPI00040B9693	38.89	221	231
UniRef90_UPI0002557C66	29.68	221	231
UniRef90_Q11K15	39.25	221	220
UniRef90_UPI0004A75183	32.24	221	223
UniRef90_H0T9S6	38.84	221	253
UniRef90_A0A0C6FFX3	45.12	221	225
UniRef90_UPI0003F95110	40.08	221	246
UniRef90_Q2BKF2	31.94	221	220
UniRef90_A0A0A2T9H7	35.78	221	218
UniRef90_A5ECH0	40.25	221	251
UniRef90_UPI0004116FA5	32.90	221	239
UniRef90_S6BCD1	35.32	221	226
UniRef90_UPI00029B289A	39.07	221	226
UniRef90_UPI0006FC6D80	40.35	221	232
UniRef90_UPI00034833B8	44.81	221	224
UniRef90_F2IV72	42.40	221	220
UniRef90_UPI0006EB7959	41.25	221	249
UniRef90_A0A0F9U9J8	41.28	221	220
UniRef90_UPI0006FFBE6D	39.15	221	219
UniRef90_B3EBZ2	31.94	221	228
UniRef90_UPI000645BE96	40.42	221	249
UniRef90_F0RI86	29.49	221	222
UniRef90_UPI00036B778F	38.43	221	222
UniRef90_A0A0J6UQT9	41.20	221	225
UniRef90_A0A074U8D2	39.73	221	223
UniRef90_W1JYV1	39.17	221	243
UniRef90_A0A0J6RP42	43.93	221	225
UniRef90_K5YYQ7	47.39	221	225
UniRef90_Q1YKC5	41.28	221	220
UniRef90_B9DKE8	37.44	221	223
UniRef90_UPI00056FF480	42.86	221	256
UniRef90_UPI0003B6C4C6	38.12	221	228
UniRef90_UPI00062B85AB	42.79	221	229
UniRef90_UPI000660DCE1	38.81	221	224
UniRef90_A0A0M9B9P3	36.78	221	243
UniRef90_UPI000379A24E	33.33	221	222
UniRef90_I4YNJ0	43.46	221	224
UniRef90_UPI0004AEFD26	43.72	221	225
UniRef90_A0A0D7K7Q6	37.28	221	233
UniRef90_R4G5S0	38.76	221	211
UniRef90_A0A0H5BCH0	42.59	221	220
UniRef90_A3K5M5	38.46	221	224
UniRef90_J6LM26	38.25	221	231
UniRef90_A4T0J3	38.22	221	227
UniRef90_A7IDY6	40.41	221	247
UniRef90_A0A089QEC0	40.28	221	215
UniRef90_U2Z5I6	39.01	221	225
UniRef90_A0A0F7PSZ5	41.59	221	217
UniRef90_A0A0A3L108	44.05	221	252
UniRef90_E0MPG4	40.65	221	219
UniRef90_N9XX93	38.18	221	225
UniRef90_UPI00049111FE	34.56	221	224
UniRef90_A0A097AZR1	30.70	221	218
UniRef90_W9E3K3	39.73	221	220
UniRef90_A3Y5D0	33.49	221	223
UniRef90_A0A0J6TRJ9	41.86	221	225
UniRef90_UPI00036C667A	40.99	221	233
UniRef90_A4YND9	38.27	221	271
UniRef90_A0A0E3V2G3	38.22	221	231
UniRef90_G1XW06	33.49	221	223
UniRef90_A0A0J6VXS3	42.33	221	225
UniRef90_A0A0G3EQY9	40.37	221	227
UniRef90_Q1QTZ8	34.84	221	226
UniRef90_K0TT64	40.18	221	224
UniRef90_A0A0F7K181	35.16	221	227
UniRef90_A0A0G7HI03	37.90	221	224
UniRef90_H6BV24	32.30	221	238
UniRef90_A0A0A5GKD3	36.24	221	220
UniRef90_B0UPI6	43.52	221	234
UniRef90_A0A0B1PW55	31.65	221	225
UniRef90_A0A0J6HVR1	34.72	221	226
UniRef90_W9WQS7	32.00	221	236
UniRef90_W4HI62	43.95	221	228
UniRef90_I7IJJ1	36.99	221	224
UniRef90_UPI0006F8CAF7	42.45	221	224
UniRef90_A5G354	45.21	221	227
UniRef90_M2XWB1	41.18	221	221
UniRef90_W9XWM2	31.86	221	243
UniRef90_UPI0004DF4259	42.47	221	226
UniRef90_UPI00046574D5	37.04	221	246
UniRef90_UPI000488E046	41.01	221	224
UniRef90_UPI0004964B88	40.35	221	248
UniRef90_C4IGD0	40.37	221	224
UniRef90_A9EUA3	42.73	221	357
UniRef90_A0A072PR59	32.44	221	236
