UniRef90_P10507	99.54	439	462
UniRef90_G0VCS7	86.56	439	461
UniRef90_G0WDZ6	85.19	439	463
UniRef90_J7QZR0	84.93	439	467
UniRef90_Q6FS80	83.83	439	465
UniRef90_H2AZ56	84.47	439	462
UniRef90_W0VJ30	83.33	439	467
UniRef90_C5DL05	84.17	439	458
UniRef90_C5DSX8	81.51	439	465
UniRef90_A0A0C7N4C0	81.96	439	458
UniRef90_G8ZXG7	81.96	439	456
UniRef90_Q6CQC8	82.34	439	469
UniRef90_A0A090BRG3	81.65	439	468
UniRef90_Q750S7	78.54	439	470
UniRef90_G8JTB4	78.82	439	462
UniRef90_I2H7N7	76.64	439	499
UniRef90_A7TLI3	76.70	439	454
UniRef90_G8BRM2	75.85	439	469
UniRef90_A0A0H5C1K6	70.43	439	464
UniRef90_A0A061B972	69.61	439	466
UniRef90_K0KPU2	67.73	439	481
UniRef90_W6MVT6	66.59	439	466
UniRef90_F2QV67	66.29	439	463
UniRef90_I2K1L4	63.29	439	482
UniRef90_W1QGP3	63.49	439	459
UniRef90_B9W7B1	61.43	439	467
UniRef90_A3LXK3	59.95	439	465
UniRef90_C4Y604	60.00	439	465
UniRef90_H8X0G8	59.50	439	468
UniRef90_G3AFF8	59.77	439	464
UniRef90_A5DMI0	58.96	439	463
UniRef90_A5DW07	59.23	439	468
UniRef90_C5MFF5	59.41	439	466
UniRef90_G8YKJ1	58.66	439	463
UniRef90_Q6BHS1	58.66	439	464
UniRef90_A0A099NXH1	61.08	439	464
UniRef90_A0A0J9X4N5	61.81	439	470
UniRef90_A0A0L0P0F0	58.07	439	422
UniRef90_A0A060T853	58.82	439	456
UniRef90_M3JVC4	57.55	439	423
UniRef90_Q6CGY9	56.74	439	474
UniRef90_UPI0004410D27	56.62	439	475
UniRef90_U4L4L0	58.33	439	476
UniRef90_E3RHZ0	58.63	439	484
UniRef90_L7IWS0	58.06	439	473
UniRef90_D5G3U8	57.88	439	480
UniRef90_Q5BFD3	55.23	439	479
UniRef90_UPI0004409A9F	58.77	439	469
UniRef90_R7YZG4	57.92	439	479
UniRef90_K5WYK7	56.74	439	467
UniRef90_R8BNE3	56.26	439	474
UniRef90_C5P871	56.65	439	479
UniRef90_V5I492	57.78	439	479
UniRef90_A0A074YTP6	55.23	439	487
UniRef90_R9AC77	57.18	439	466
UniRef90_R7SY30	56.40	439	476
UniRef90_V2WB77	57.55	439	466
UniRef90_J3NI68	55.81	439	473
UniRef90_G2Q444	55.13	439	475
UniRef90_A0A0C9M385	57.68	439	480
UniRef90_A0A0D1Z6L7	55.68	439	478
UniRef90_A0A0G2GQG3	57.41	439	481
UniRef90_S7RK54	56.40	439	473
UniRef90_A0A0D0ACW3	55.92	439	474
UniRef90_D8PZE3	55.05	439	471
UniRef90_A0A067NEN6	56.60	439	471
UniRef90_W2RNN2	55.23	439	478
UniRef90_H6BTI9	54.55	439	478
UniRef90_R1FZI0	55.45	439	479
UniRef90_Q4WS30	54.09	439	479
UniRef90_G1XDX9	57.48	439	484
UniRef90_UPI000444A3D3	57.21	439	477
UniRef90_M2NHW2	57.08	439	483
UniRef90_A0A067QHQ8	56.26	439	474
UniRef90_A1CP42	55.17	439	479
UniRef90_A0A0D1Y7F7	56.01	439	478
UniRef90_A0A0H2RBV5	56.40	439	469
UniRef90_A0A067MHQ7	55.71	439	474
UniRef90_P11913	56.87	439	476
UniRef90_W9YS26	54.55	439	478
UniRef90_L8FWB4	57.28	439	478
UniRef90_R4XGE7	55.71	439	470
UniRef90_W4KAJ5	57.21	439	474
UniRef90_J4G105	55.69	439	530
UniRef90_UPI000455E606	55.69	439	475
UniRef90_Q9P7X1	55.32	439	457
UniRef90_M7SUX4	55.58	439	477
UniRef90_I4YDC7	54.90	439	464
UniRef90_A0A0B7FQM1	55.02	439	471
UniRef90_M2PSM8	57.58	439	475
UniRef90_F9X9V7	56.57	439	482
UniRef90_A0A067TTW9	55.32	439	472
UniRef90_A0A0E9NAN0	55.69	439	528
UniRef90_UPI0003F498A7	54.11	439	473
UniRef90_B6K2C9	55.90	439	457
UniRef90_F8Q1G9	55.69	439	474
UniRef90_K5VSJ1	54.98	439	475
UniRef90_N1PV20	54.42	439	481
UniRef90_A0A0C3H6E7	56.31	439	479
UniRef90_W7I549	56.29	439	516
UniRef90_A0A0C3BMC4	56.50	439	474
UniRef90_A6QY85	55.87	439	479
UniRef90_A0A0D6EKT0	53.30	439	486
UniRef90_A0A0F8V4W4	56.10	439	803
UniRef90_A7ELH5	55.66	439	480
UniRef90_U7Q2A0	55.58	439	476
UniRef90_G4TPR5	55.69	439	469
UniRef90_W3X590	54.21	439	477
UniRef90_A0A0B1PBS0	55.34	439	475
UniRef90_A0A0D7BFM4	55.32	439	466
UniRef90_F2EGY7	53.42	439	468
UniRef90_Q9Y8B5	54.88	439	466
UniRef90_G3JJN0	55.32	439	474
UniRef90_B0CX64	55.56	439	465
UniRef90_G2X9P5	55.68	439	476
UniRef90_A0A0C2WRS2	55.32	439	471
UniRef90_A0A017SQ84	53.64	439	777
UniRef90_U1I0G3	57.04	439	601
UniRef90_S3CXR6	54.32	439	479
UniRef90_UPI0004416A80	56.03	439	473
UniRef90_A0A0D7AQ34	55.04	439	463
UniRef90_E6ZVV8	53.65	439	477
UniRef90_C5FV20	55.76	439	478
UniRef90_A0A066VSV6	54.95	439	479
UniRef90_A0A0G2F4W8	54.61	439	474
UniRef90_M7XI84	53.94	439	476
UniRef90_B6QBI3	55.42	439	479
UniRef90_M5G4D5	54.03	439	473
UniRef90_N1JHZ6	55.34	439	468
UniRef90_A0A0C3QQ20	53.53	439	471
UniRef90_A0A0M8MT64	54.98	439	470
UniRef90_G0SBW8	56.39	439	513
UniRef90_E3Q4G2	54.16	439	476
UniRef90_D6RP30	54.57	439	754
UniRef90_A0A0B7NDF0	52.17	439	462
UniRef90_A0A0A1TFR1	55.82	439	471
UniRef90_F5HAW8	54.95	439	477
UniRef90_J5QJS9	54.37	439	472
UniRef90_A0A068RYC5	54.03	439	462
UniRef90_A0A0F8DN12	55.82	439	476
UniRef90_F8NYQ2	54.27	439	465
UniRef90_A0A084QNJ3	55.79	439	474
UniRef90_A0A084AIJ0	55.32	439	474
UniRef90_A0A084G4S1	55.08	439	475
UniRef90_A0A015JJ24	51.96	439	474
UniRef90_U5HH37	51.35	439	475
UniRef90_A0A0L6WTW1	55.32	439	900
UniRef90_I1BTV1	51.49	439	460
UniRef90_A0A0A1N7I2	51.50	439	462
UniRef90_A0A0C4EPB9	53.77	439	480
UniRef90_F4S233	51.48	439	479
UniRef90_C7YID2	54.37	439	474
UniRef90_A0A0L9ST49	55.32	439	568
UniRef90_B8M1W1	54.48	439	805
UniRef90_G0RNQ6	55.19	439	471
UniRef90_A0A0L0HQ16	51.14	439	487
UniRef90_L0PBY2	51.52	439	467
UniRef90_A0A0F4X6J4	48.30	439	514
UniRef90_M5E7J3	52.61	439	473
UniRef90_G7E8D9	50.59	439	470
UniRef90_F4P618	50.83	439	484
UniRef90_A0A0L6VKV2	48.78	439	479
UniRef90_Q00302	46.80	439	465
UniRef90_H3G847	46.86	439	457
UniRef90_I1FY26	47.73	439	472
UniRef90_A0A0L0T9Z0	47.20	439	468
UniRef90_F0W4S6	47.07	439	470
UniRef90_Q0U9E3	50.35	439	441
UniRef90_M7NPV0	58.93	439	394
UniRef90_A0A075B2S6	47.05	439	461
UniRef90_A0A0J1B4M9	53.89	439	449
UniRef90_C3YVJ9	47.67	439	481
UniRef90_A7S9Y6	47.45	439	485
UniRef90_K3WG69	47.02	439	470
UniRef90_B3RIC4	47.05	439	473
UniRef90_T2MI46	50.37	439	490
UniRef90_A0A0A9WF18	46.71	439	476
UniRef90_A0A0I9Z6H9	49.52	439	440
UniRef90_UPI0006D70C42	46.22	439	492
UniRef90_A0A098VMP0	47.33	439	453
UniRef90_O75439	45.02	439	489
UniRef90_A0A091U7P0	47.13	439	453
UniRef90_W5KIJ4	45.58	439	479
UniRef90_UPI000643F28B	45.33	439	482
UniRef90_UPI00062AB1E6	45.48	439	500
UniRef90_G1KFG6	46.15	439	486
UniRef90_UPI0004541FB1	45.89	439	544
UniRef90_W4GLR1	45.25	439	464
UniRef90_UPI0006D4F6D3	46.59	439	478
UniRef90_K7FZV5	45.77	439	488
UniRef90_UPI00065F774D	45.89	439	505
UniRef90_F1PUK2	45.02	439	513
UniRef90_Q03346	45.43	439	489
UniRef90_A0A0J9XIM9	44.09	439	467
UniRef90_Q5EB15	47.28	439	470
UniRef90_UPI0003597700	48.04	439	482
UniRef90_UPI00052F157B	45.64	439	492
UniRef90_H2RXV0	45.68	439	483
UniRef90_U3FWF1	45.69	439	491
UniRef90_G3Q725	45.31	439	486
UniRef90_UPI000626E687	44.39	439	476
UniRef90_Q0V9F0	45.31	439	479
UniRef90_A0A0F4YJ12	61.09	439	348
UniRef90_F6WXQ5	45.85	439	539
UniRef90_K4FSW9	44.85	439	479
UniRef90_I3JMR6	45.08	439	483
UniRef90_B7P573	47.79	439	479
UniRef90_F1P3S2	46.65	439	486
UniRef90_UPI000496370D	45.62	439	497
UniRef90_UPI0006B09136	46.42	439	620
UniRef90_UPI00052245C5	47.11	439	521
UniRef90_A0A084VRA3	44.82	439	475
UniRef90_UPI0004AB572C	43.86	439	455
UniRef90_A0A0L7RBG9	46.17	439	436
UniRef90_UPI0006B09F6B	44.24	439	476
UniRef90_A0A022T5Z7	48.28	439	477
UniRef90_A0A0K8TS24	44.77	439	475
UniRef90_UPI0001CBB93C	45.64	439	481
UniRef90_W4YZ01	46.70	439	484
UniRef90_Q9VFF0	44.62	439	470
UniRef90_G1N3F4	46.67	439	493
UniRef90_A0A0B7AVW1	47.29	439	483
UniRef90_A0A0G4L6J2	57.01	439	396
UniRef90_G3MM72	48.27	439	480
UniRef90_T1JF61	48.01	439	475
UniRef90_A8PWL5	53.41	439	387
UniRef90_K7IPF7	48.40	439	477
UniRef90_W5NGC2	45.05	439	486
UniRef90_A0A067R6C1	44.52	439	485
UniRef90_A0A088A820	48.52	439	477
UniRef90_R4G4U9	44.80	439	476
UniRef90_E9GEU2	45.23	439	478
UniRef90_A0A034VJX9	43.86	439	472
UniRef90_B7G150	43.96	439	473
UniRef90_UPI0004F4DC76	45.73	439	627
UniRef90_A0A0C9PY15	48.13	439	477
UniRef90_E0VDX3	45.21	439	478
UniRef90_G3AX86	56.96	439	307
UniRef90_U3IX49	44.14	439	457
UniRef90_A0A0F7SIP6	44.32	439	464
UniRef90_UPI0006C994BF	47.91	439	478
UniRef90_UPI0006B6EF1C	43.79	439	514
UniRef90_UPI0005CF409C	47.42	439	478
UniRef90_A0A0L7LMY8	44.72	439	467
UniRef90_I0Z4I1	44.85	439	502
UniRef90_A0A026WS66	47.06	439	479
UniRef90_UPI000258E554	46.05	439	476
UniRef90_UPI0006258595	44.67	439	477
UniRef90_A0A059LID3	43.91	439	616
UniRef90_A0A087SBP3	43.69	439	498
UniRef90_E2BHD1	46.55	439	477
UniRef90_A0A0L8G2S7	44.95	439	481
UniRef90_K2SN01	55.52	439	411
UniRef90_UPI0006CED15C	47.45	439	479
UniRef90_U5ETG1	44.42	439	473
UniRef90_K8YV89	42.82	439	480
UniRef90_A0A0C9RVB5	48.34	439	462
UniRef90_UPI0006C96E69	47.67	439	479
UniRef90_E9I894	43.41	439	477
UniRef90_T1FN50	45.84	439	422
UniRef90_T1KAG5	45.79	439	479
UniRef90_Q17A09	44.70	439	473
UniRef90_N6TT99	43.82	439	475
UniRef90_V5GRC8	43.48	439	488
UniRef90_K1Q9P5	43.95	439	468
UniRef90_D7G9H6	42.56	439	516
UniRef90_L8HK40	45.62	439	570
UniRef90_UPI0002C2EC88	44.65	439	526
UniRef90_A0A0C9QT37	43.38	439	590
UniRef90_F6UBT3	43.61	439	449
UniRef90_F4QAS8	42.99	439	470
UniRef90_A0A087UTW0	46.30	439	460
UniRef90_M0ZLN7	43.84	439	529
UniRef90_E1Z770	42.60	439	434
UniRef90_G7Y663	43.71	439	474
UniRef90_UPI0005D3ABE4	45.27	439	443
UniRef90_B8C4C1	42.18	439	481
UniRef90_Q75PZ3	43.48	439	476
UniRef90_A9SI85	42.92	439	496
UniRef90_A9UT14	42.76	439	463
UniRef90_F1L4V4	43.28	439	470
UniRef90_M0SSR4	42.69	439	524
UniRef90_UPI0004E54AEB	42.63	439	525
UniRef90_J7MQZ9	43.86	439	494
UniRef90_UPI00052EEAC3	42.47	439	528
UniRef90_A5ANH8	42.40	439	523
UniRef90_A0A068XIV0	43.31	439	471
UniRef90_U3KMB7	49.32	439	472
UniRef90_A0A022RVU2	42.66	439	527
UniRef90_Q5DDG6	43.67	439	438
UniRef90_I4DK27	43.25	439	467
UniRef90_A0A061S694	40.87	439	534
UniRef90_M2WSF5	42.53	439	522
UniRef90_M5WST7	43.28	439	532
UniRef90_M4FDI0	42.69	439	529
UniRef90_Q9AXQ2	42.20	439	528
UniRef90_UPI0005D0A0D7	42.27	439	467
UniRef90_UPI000696545B	43.32	439	474
UniRef90_A4SBA0	43.06	439	436
UniRef90_UPI00049906AA	42.79	439	579
UniRef90_Q7PY67	41.86	439	474
UniRef90_D3B6D9	43.68	439	474
UniRef90_Q42290	43.32	439	531
UniRef90_UPI0006CEFE7C	46.38	439	480
UniRef90_D8RE06	42.79	439	492
UniRef90_I1MM85	41.91	439	523
UniRef90_A0A077RYW2	42.18	439	503
UniRef90_J3L3E6	42.47	439	492
UniRef90_B0X1S0	43.38	439	474
UniRef90_A0A072TYG3	42.20	439	532
UniRef90_I1KZ13	42.43	439	528
UniRef90_F2UJ65	42.76	439	457
UniRef90_A0A068U184	42.92	439	530
UniRef90_A0A067K4S5	43.51	439	530
UniRef90_A0A0B7BLU0	42.15	439	481
UniRef90_A0A0N5A9C5	47.49	439	408
UniRef90_J9JR79	44.39	439	477
UniRef90_Q4W6B5	43.02	439	469
UniRef90_A0A0M0J413	42.36	439	464
UniRef90_S8E5Q8	43.28	439	526
UniRef90_A0A059ATI4	41.91	439	537
UniRef90_A8J5P7	41.82	439	495
UniRef90_A0A087VZ00	42.50	439	471
UniRef90_UPI00026573D1	44.14	439	474
UniRef90_A0A0N4VCX3	47.73	439	396
UniRef90_A0A0D2TB91	41.72	439	531
UniRef90_I1HQW1	42.47	439	499
UniRef90_UPI0005116652	45.74	439	534
UniRef90_A0A0K9PLJ7	41.28	439	534
UniRef90_A0A074SWZ3	42.14	439	508
UniRef90_Q94KI0	42.01	439	527
UniRef90_V4SZI9	41.23	439	530
UniRef90_K0TFI4	41.95	439	482
UniRef90_A0A061EG56	40.77	439	531
UniRef90_J3LLC5	41.55	439	463
UniRef90_A8Y0J9	44.42	439	459
UniRef90_B9IK63	42.14	439	527
UniRef90_A0A085NTD5	43.09	439	478
UniRef90_A0A022R1W9	41.95	439	526
UniRef90_A0A087G7C6	41.06	439	526
UniRef90_UPI00053C71F1	44.55	439	584
UniRef90_Q41444	42.23	439	530
UniRef90_T1GBH9	41.42	439	453
UniRef90_A0A0J8BGK0	40.83	439	522
UniRef90_Q10Q21	41.78	439	533
UniRef90_V4AD99	41.19	439	464
UniRef90_A0A0L0FXD6	42.92	439	516
UniRef90_A0A0N4Z747	42.60	439	469
UniRef90_Q5N8E4	42.53	439	495
UniRef90_Q23295	44.42	439	458
UniRef90_X5CWY4	41.22	439	463
UniRef90_W9QID6	41.32	439	534
UniRef90_C5WSU8	40.83	439	530
UniRef90_C5XI82	41.18	439	508
UniRef90_A0A0K0G435	42.14	439	469
UniRef90_UPI000644883A	41.84	439	475
UniRef90_C1MWV7	44.65	439	504
UniRef90_A0A0K0E9Q3	42.37	439	469
UniRef90_K4BXX0	43.28	439	533
UniRef90_R1D5F0	40.69	439	467
UniRef90_UPI0005292C89	52.81	439	358
UniRef90_A0A0K9RQ66	40.82	439	524
UniRef90_A0A0H5R559	41.57	439	497
UniRef90_A0A085MJF0	45.45	439	514
UniRef90_R0HXL8	40.73	439	561
UniRef90_UPI0004E5B0C9	40.41	439	497
UniRef90_M0W1J0	40.14	439	481
UniRef90_N1R6Z0	51.61	439	405
UniRef90_G0NMP4	44.19	439	460
UniRef90_U6JE67	45.80	439	486
UniRef90_UPI0003EC0FC7	50.94	439	422
UniRef90_U6PA88	42.92	439	475
UniRef90_A0A016SUC3	41.70	439	457
UniRef90_UPI00042BA619	43.78	439	384
UniRef90_A0A0M3K1I9	45.65	439	418
UniRef90_E3MRB8	41.91	439	459
UniRef90_K4GBT7	38.69	439	475
UniRef90_G3WDU0	40.00	439	480
UniRef90_B4DM90	44.41	439	403
UniRef90_A0A0D8Y4U2	42.15	439	446
UniRef90_UPI0003AF5ED2	42.17	439	484
UniRef90_F7FEC1	40.72	439	480
UniRef90_A0A0K9NZF5	40.92	439	535
UniRef90_K7VKY3	43.70	439	503
UniRef90_UPI000441C162	44.18	439	384
UniRef90_A0A0N4TKZ6	46.81	439	480
UniRef90_A0A090MX66	41.36	439	470
UniRef90_A0A0D2WM58	42.11	439	470
UniRef90_C5LQH2	41.87	439	501
UniRef90_A0A0N5DH73	43.62	439	816
UniRef90_A0A044T8J7	46.42	439	442
UniRef90_E1G534	46.01	439	437
UniRef90_U6N452	39.25	439	536
UniRef90_UPI0005121A65	40.41	439	500
UniRef90_A0A0N4Y7J1	44.75	439	420
UniRef90_A0A0G4F2B3	40.79	439	483
UniRef90_M1UT95	39.13	439	531
UniRef90_A0A0B2VB75	43.77	439	557
UniRef90_K8F215	41.76	439	557
UniRef90_L5JQX3	40.05	439	461
UniRef90_E5SY40	47.20	439	374
UniRef90_H3BB11	43.82	439	401
UniRef90_F7FMJ6	41.15	439	492
UniRef90_C1EFY4	42.66	439	428
UniRef90_Q9CZ13	41.99	439	480
UniRef90_G9KWP5	42.24	439	427
UniRef90_D8LWQ1	41.86	439	465
UniRef90_A0A091DZN6	41.06	439	460
UniRef90_Q3THM1	41.99	439	480
UniRef90_W1NS84	44.36	439	477
UniRef90_P31930	42.20	439	480
UniRef90_L5KUD0	38.12	439	480
UniRef90_R7QDG8	40.83	439	499
UniRef90_UPI0005D36BA9	40.05	439	507
UniRef90_A0A0D2TIR7	39.77	439	519
UniRef90_M3ZJA6	39.63	439	478
UniRef90_G3QMX8	41.22	439	436
UniRef90_A0A0K0DIR5	44.95	439	450
UniRef90_P31800	41.94	439	480
UniRef90_UPI000651A77A	42.03	439	480
UniRef90_R0H9V3	39.68	439	529
UniRef90_F0VKL8	39.82	439	530
UniRef90_UPI00046BD2E6	38.25	439	481
UniRef90_L8HR38	41.50	439	496
UniRef90_G7MM21	44.78	439	492
UniRef90_F0YAD5	41.40	439	459
UniRef90_A0A093I758	42.42	439	492
UniRef90_T1JF60	41.08	439	848
UniRef90_A0A0N5D1V0	45.69	439	389
UniRef90_UPI0003C29B46	38.01	439	495
UniRef90_UPI0004D084FA	39.86	439	454
UniRef90_K7G6M3	38.04	439	451
UniRef90_B9SJC9	45.14	439	475
UniRef90_UPI00042C5885	37.56	439	534
UniRef90_A0A091VS76	41.41	439	457
UniRef90_A0A093R4E9	41.41	439	457
UniRef90_A0A093BPJ4	41.92	439	457
UniRef90_A0A0D2NK52	40.24	439	509
UniRef90_UPI000383289E	41.67	439	486
UniRef90_W5L840	38.94	439	478
UniRef90_A0A087VRL6	41.41	439	457
UniRef90_UPI0005305D1B	41.07	439	510
UniRef90_W5NBB5	36.88	439	497
UniRef90_D7M7D5	39.91	439	527
UniRef90_A0A058ZDH0	38.58	439	465
UniRef90_H2UFF4	39.11	439	479
UniRef90_U6D0B9	42.86	439	388
UniRef90_W5J1P8	42.60	439	2345
UniRef90_C0PUA8	38.25	439	476
UniRef90_B3L310	36.94	439	467
UniRef90_Q4N9G3	37.97	439	518
UniRef90_W5UBZ9	38.05	439	478
UniRef90_A0A0G1ZGN9	38.52	439	591
UniRef90_H0XJA4	37.14	439	486
UniRef90_F6XIC3	37.56	439	478
UniRef90_A0A060RY20	38.07	439	485
UniRef90_U3I2D1	38.32	439	461
UniRef90_F7IEL0	41.06	439	480
UniRef90_Q7Q716	38.01	439	472
UniRef90_A0A0G4F077	38.29	439	495
UniRef90_A0A0L0D2P3	46.01	439	366
UniRef90_F6HF77	37.67	439	566
UniRef90_A0A099ZB11	40.85	439	456
UniRef90_A0A084WKL5	37.25	439	472
UniRef90_H0ZBA3	40.81	439	456
UniRef90_S7MUU5	37.12	439	482
UniRef90_H2ZL91	39.13	439	451
UniRef90_UPI00064453CD	37.56	439	478
UniRef90_L0AZP9	37.33	439	506
UniRef90_G8F313	40.92	439	453
UniRef90_A0A061DBA4	37.76	439	507
UniRef90_A0A0B7NAW6	37.05	439	465
UniRef90_A0A0A1NL88	38.24	439	457
UniRef90_F1NAC6	40.31	439	478
UniRef90_A0A091F844	39.75	439	459
UniRef90_A0A0B7AVJ4	52.86	439	326
UniRef90_H2MQS7	36.88	439	472
UniRef90_M8CJU9	42.45	439	479
UniRef90_C5LJ83	37.15	439	476
UniRef90_UPI0004E53E1D	47.04	439	422
UniRef90_Q4YSA6	37.08	439	479
UniRef90_UPI0004DE193D	39.75	439	492
UniRef90_S6C9N5	37.10	439	506
UniRef90_A0A0B1T8B4	44.38	439	383
UniRef90_UPI00046B1C7C	34.83	439	524
UniRef90_B6ACH4	38.70	439	497
UniRef90_UPI0006982BD1	40.81	439	487
UniRef90_UPI000497FEFA	35.29	439	478
UniRef90_A0A0B1T892	42.25	439	413
UniRef90_A0A0L9U4P4	40.31	439	386
UniRef90_A0A0B2VW76	37.95	439	471
UniRef90_A0A0G4J1N0	38.20	439	473
UniRef90_I1BLM7	36.49	439	456
UniRef90_R7TBE6	42.93	439	383
UniRef90_UPI0004953DA8	36.78	439	478
UniRef90_H3EGJ6	47.96	439	355
UniRef90_U1NJG6	37.70	439	471
UniRef90_W5JPE9	36.65	439	511
UniRef90_E2RSI5	36.48	439	489
UniRef90_M7C558	38.72	439	4181
UniRef90_C3YVJ9	46.45	439	481
UniRef90_UPI0006D70C42	46.22	439	492
UniRef90_F6WXQ5	45.43	439	539
UniRef90_F1PUK2	45.77	439	513
UniRef90_K7FZV5	45.77	439	488
UniRef90_K4FSW9	44.85	439	479
UniRef90_G1KFG6	45.08	439	486
UniRef90_UPI0006B09F6B	43.84	439	476
UniRef90_W5NGC2	44.77	439	486
UniRef90_UPI00062AB1E6	46.00	439	500
UniRef90_U3FWF1	44.85	439	491
UniRef90_G3Q725	45.08	439	486
UniRef90_B7P573	43.41	439	479
UniRef90_UPI0004541FB1	45.89	439	544
UniRef90_G3MM72	43.64	439	480
UniRef90_A0A0K8TS24	44.16	439	475
UniRef90_A0A034VJX9	43.71	439	472
UniRef90_UPI0006B09136	45.77	439	620
UniRef90_A0A091U7P0	46.00	439	453
UniRef90_I3JMR6	44.85	439	483
UniRef90_Q03346	45.43	439	489
UniRef90_UPI0006D4F6D3	45.77	439	478
UniRef90_F1P3S2	46.68	439	486
UniRef90_UPI00065F774D	45.66	439	505
UniRef90_O75439	45.54	439	489
UniRef90_H2RXV0	45.54	439	483
UniRef90_UPI000496370D	44.75	439	497
UniRef90_W5KIJ4	45.21	439	479
UniRef90_Q9VFF0	44.16	439	470
UniRef90_Q0V9F0	45.31	439	479
UniRef90_UPI00052245C5	46.45	439	521
UniRef90_E9GEU2	44.85	439	478
UniRef90_UPI000643F28B	45.31	439	482
UniRef90_U5ETG1	43.71	439	473
UniRef90_UPI00052F157B	44.98	439	492
UniRef90_A0A067R6C1	44.16	439	485
UniRef90_A7S9Y6	46.00	439	485
UniRef90_UPI0001CBB93C	45.08	439	481
UniRef90_Q5EB15	45.54	439	470
UniRef90_U3IX49	45.58	439	457
UniRef90_Q17A09	43.94	439	473
UniRef90_UPI0005D0A0D7	42.11	439	467
UniRef90_R4G4U9	44.39	439	476
UniRef90_G1N3F4	46.70	439	493
UniRef90_UPI0004F4DC76	46.58	439	627
UniRef90_UPI0006258595	43.94	439	477
UniRef90_UPI0006B6EF1C	42.64	439	514
UniRef90_I4DK27	42.33	439	467
UniRef90_UPI000258E554	44.80	439	476
UniRef90_A0A0A9WF18	45.54	439	476
UniRef90_UPI0004AB572C	43.25	439	455
UniRef90_T1JF61	44.52	439	475
UniRef90_A0A088A820	45.00	439	477
UniRef90_A0A0C9RVB5	43.66	439	462
UniRef90_K7IPF7	44.52	439	477
UniRef90_A0A084VRA3	44.16	439	475
UniRef90_A0A022T5Z7	44.87	439	477
UniRef90_B0X1S0	43.25	439	474
UniRef90_K5WYK7	55.15	439	467
UniRef90_E0VDX3	44.85	439	478
UniRef90_A0A0L7LMY8	43.58	439	467
UniRef90_UPI0006C994BF	43.84	439	478
UniRef90_UPI0003597700	44.65	439	482
UniRef90_A0A026WS66	43.25	439	479
UniRef90_A0A0C9PY15	43.35	439	477
UniRef90_UPI0005CF409C	43.38	439	478
UniRef90_A0A0D0ACW3	54.11	439	474
UniRef90_A0A0L7RBG9	44.87	439	436
UniRef90_E2BHD1	43.25	439	477
UniRef90_E9I894	42.56	439	477
UniRef90_T2MI46	46.22	439	490
UniRef90_P10507	99.54	439	462
UniRef90_A0A067NEN6	55.17	439	471
UniRef90_UPI0006C96E69	43.84	439	479
UniRef90_W4YZ01	44.00	439	484
UniRef90_S7RK54	54.57	439	473
UniRef90_V2WB77	55.81	439	466
UniRef90_A0A0H2RBV5	54.57	439	469
UniRef90_D6RP30	54.57	439	754
UniRef90_A0A067QHQ8	54.34	439	474
UniRef90_R7SY30	54.79	439	476
UniRef90_J4G105	53.88	439	530
UniRef90_UPI000455E606	54.11	439	475
UniRef90_B3RIC4	46.68	439	473
UniRef90_F8Q1G9	53.88	439	474
UniRef90_UPI000626E687	43.25	439	476
UniRef90_Q9AXQ2	42.20	439	528
UniRef90_A0A015JJ24	51.49	439	474
UniRef90_T1GBH9	41.19	439	453
UniRef90_UPI0004410D27	56.62	439	475
UniRef90_A0A067TTW9	53.65	439	472
UniRef90_I1FY26	47.14	439	472
UniRef90_D8PZE3	55.05	439	471
UniRef90_A5ANH8	41.51	439	523
UniRef90_A0A0C2WRS2	53.65	439	471
UniRef90_A0A0D2TB91	41.06	439	531
UniRef90_UPI0006CED15C	44.29	439	479
UniRef90_A0A0L8G2S7	44.06	439	481
UniRef90_UPI0004409A9F	56.85	439	469
UniRef90_Q4WS30	54.09	439	479
UniRef90_W7I549	54.23	439	516
UniRef90_G4TPR5	53.88	439	469
UniRef90_G1XDX9	55.61	439	484
UniRef90_Q5BFD3	55.00	439	479
UniRef90_A0A067K4S5	42.18	439	530
UniRef90_V5I492	55.91	439	479
UniRef90_A0A0D7AQ34	53.88	439	463
UniRef90_A0A061EG56	40.60	439	531
UniRef90_H6BTI9	54.55	439	478
UniRef90_R4XGE7	53.90	439	470
UniRef90_W2RNN2	55.23	439	478
UniRef90_H3G847	47.25	439	457
UniRef90_UPI00052EEAC3	41.97	439	528
UniRef90_A0A0D1Z6L7	55.68	439	478
UniRef90_I4YDC7	54.90	439	464
UniRef90_C5P871	56.32	439	479
UniRef90_UPI000444A3D3	55.48	439	477
UniRef90_R1FZI0	54.67	439	479
UniRef90_K5VSJ1	53.33	439	475
UniRef90_A0A059ATI4	41.74	439	537
UniRef90_I1MM85	41.74	439	523
UniRef90_A0A0B1PBS0	53.55	439	475
UniRef90_A0A0G2GQG3	55.23	439	481
UniRef90_UPI0004E54AEB	41.97	439	525
UniRef90_A7ELH5	53.86	439	480
UniRef90_A0A0B7FQM1	55.02	439	471
UniRef90_A0A0D1Y7F7	55.68	439	478
UniRef90_I1KZ13	42.43	439	528
UniRef90_R7YZG4	55.68	439	479
UniRef90_G0VCS7	86.56	439	461
UniRef90_A1CP42	54.97	439	479
UniRef90_W3X590	52.63	439	477
UniRef90_M4FDI0	41.74	439	529
UniRef90_A0A072TYG3	42.20	439	532
UniRef90_R8BNE3	55.84	439	474
UniRef90_S8E5Q8	41.74	439	526
UniRef90_L7IWS0	56.16	439	473
UniRef90_A0A0C3BMC4	54.79	439	474
UniRef90_A0A060T853	56.92	439	456
UniRef90_M2PSM8	55.71	439	475
UniRef90_A0A0B7AVW1	45.54	439	483
UniRef90_Q42290	41.97	439	531
UniRef90_M7SUX4	53.78	439	477
UniRef90_P11913	54.46	439	476
UniRef90_G0WDZ6	85.19	439	463
UniRef90_M0SSR4	41.84	439	524
UniRef90_A0A0D7BFM4	53.42	439	466
UniRef90_B0CX64	53.65	439	465
UniRef90_L8FWB4	54.88	439	478
UniRef90_G2Q444	54.69	439	475
UniRef90_V4SZI9	41.06	439	530
UniRef90_A0A0D6EKT0	53.30	439	486
UniRef90_M0ZLN7	43.12	439	529
UniRef90_V5GRC8	43.48	439	488
UniRef90_T1KAG5	43.71	439	479
UniRef90_UPI0002C2EC88	43.12	439	526
UniRef90_A0A0J8BGK0	40.83	439	522
UniRef90_N6TT99	43.48	439	475
UniRef90_W9YS26	54.55	439	478
UniRef90_J9JR79	42.01	439	477
UniRef90_U4L4L0	56.42	439	476
UniRef90_W4KAJ5	55.48	439	474
UniRef90_W9QID6	41.06	439	534
UniRef90_A0A074YTP6	55.23	439	487
UniRef90_A0A0F8V4W4	53.86	439	803
UniRef90_D8RE06	42.20	439	492
UniRef90_A0A0E9NAN0	53.85	439	528
UniRef90_A0A0L0HQ16	50.91	439	487
UniRef90_M5G4D5	52.28	439	473
UniRef90_A6QY85	53.97	439	479
UniRef90_A0A067MHQ7	55.71	439	474
UniRef90_J3NI68	55.61	439	473
UniRef90_S3CXR6	54.09	439	479
UniRef90_R9AC77	55.58	439	466
UniRef90_M2NHW2	55.23	439	483
UniRef90_A0A0C3H6E7	54.32	439	479
UniRef90_D5G3U8	55.84	439	480
UniRef90_F9X9V7	54.42	439	482
UniRef90_A0A0C7N4C0	81.96	439	458
UniRef90_Q7PY67	41.55	439	474
UniRef90_A0A0C9QT37	42.43	439	590
UniRef90_A0A022R1W9	41.51	439	526
UniRef90_UPI00049906AA	42.20	439	579
UniRef90_Q9Y8B5	54.67	439	466
UniRef90_F8NYQ2	52.51	439	465
UniRef90_A0A0C9M385	55.68	439	480
UniRef90_A0A068U184	42.43	439	530
UniRef90_N1PV20	53.86	439	481
UniRef90_UPI0006CEFE7C	45.33	439	480
UniRef90_A0A090BRG3	81.65	439	468
UniRef90_Q6CGY9	54.71	439	474
UniRef90_A0A017SQ84	53.41	439	777
UniRef90_E3RHZ0	56.59	439	484
UniRef90_A0A0C3QQ20	53.53	439	471
UniRef90_M5WST7	41.97	439	532
UniRef90_A0A0J9X4N5	59.45	439	470
UniRef90_UPI0004416A80	54.34	439	473
UniRef90_W0VJ30	83.33	439	467
UniRef90_Q94KI0	41.28	439	527
UniRef90_J3LLC5	41.06	439	463
UniRef90_M7XI84	52.01	439	476
UniRef90_G8ZXG7	81.96	439	456
UniRef90_A0A022RVU2	42.66	439	527
UniRef90_G3JJN0	53.21	439	474
UniRef90_Q10Q21	41.28	439	533
UniRef90_A0A0K9RQ66	39.91	439	524
UniRef90_Q750S7	78.54	439	470
UniRef90_Q6FS80	83.83	439	465
UniRef90_B9IK63	41.06	439	527
UniRef90_F2EGY7	53.08	439	468
UniRef90_C5FV20	53.64	439	478
UniRef90_J7QZR0	84.93	439	467
UniRef90_E3Q4G2	52.52	439	476
UniRef90_UPI0003F498A7	54.11	439	473
UniRef90_A0A087G7C6	41.06	439	526
UniRef90_G2X9P5	53.30	439	476
UniRef90_A0A0K9PLJ7	41.28	439	534
UniRef90_C5DSX8	81.51	439	465
UniRef90_F4P618	48.51	439	484
UniRef90_M0W1J0	40.14	439	481
UniRef90_Q6CQC8	82.34	439	469
UniRef90_A0A0M8MT64	53.20	439	470
UniRef90_W4GLR1	44.50	439	464
UniRef90_F6UBT3	42.37	439	449
UniRef90_C5WSU8	40.83	439	530
UniRef90_C5DL05	84.17	439	458
UniRef90_H2AZ56	84.47	439	462
UniRef90_G8JTB4	78.82	439	462
UniRef90_A0A0L6WTW1	54.61	439	900
UniRef90_A0A087VZ00	41.97	439	471
UniRef90_A0A068XIV0	42.89	439	471
UniRef90_A0A0G2F4W8	52.17	439	474
UniRef90_U7Q2A0	53.42	439	476
UniRef90_A9SI85	42.20	439	496
UniRef90_I0Z4I1	44.72	439	502
UniRef90_E6ZVV8	53.65	439	477
UniRef90_N1JHZ6	53.55	439	468
UniRef90_B6K2C9	53.65	439	457
UniRef90_I2H7N7	76.42	439	499
UniRef90_A0A066VSV6	53.42	439	479
UniRef90_K4GBT7	38.27	439	475
UniRef90_U5HH37	51.35	439	475
UniRef90_UPI00053C71F1	43.48	439	584
UniRef90_F0W4S6	47.25	439	470
UniRef90_A0A084QNJ3	53.67	439	474
UniRef90_A0A084AIJ0	53.21	439	474
UniRef90_G3WDU0	39.82	439	480
UniRef90_Q9P7X1	53.65	439	457
UniRef90_U1I0G3	56.32	439	601
UniRef90_B6QBI3	53.64	439	479
UniRef90_Q00302	46.80	439	465
UniRef90_G7Y663	43.15	439	474
UniRef90_Q41444	42.13	439	530
UniRef90_T1FN50	44.37	439	422
UniRef90_K0KPU2	66.82	439	481
UniRef90_G0SBW8	50.00	439	513
UniRef90_Q5DDG6	43.48	439	438
UniRef90_A0A0L9ST49	52.98	439	568
UniRef90_A0A0A1TFR1	53.90	439	471
UniRef90_A0A0F8DN12	53.67	439	476
UniRef90_A0A084G4S1	52.75	439	475
UniRef90_U3I2D1	37.07	439	461
UniRef90_B8M1W1	52.73	439	805
UniRef90_F4S233	51.14	439	479
UniRef90_K3WG69	46.79	439	470
UniRef90_A0A068RYC5	52.89	439	462
UniRef90_A0A0H5C1K6	70.43	439	464
UniRef90_G0RNQ6	52.52	439	471
UniRef90_L5JQX3	40.50	439	461
UniRef90_K4BXX0	42.20	439	533
UniRef90_A0A0B7NDF0	51.73	439	462
UniRef90_A0A0D2TIR7	39.04	439	519
UniRef90_UPI0005305D1B	37.30	439	510
UniRef90_G8BRM2	75.85	439	469
UniRef90_I1BTV1	51.50	439	460
UniRef90_F7FEC1	39.36	439	480
UniRef90_F5HAW8	53.20	439	477
UniRef90_A0A0C4EPB9	51.71	439	480
UniRef90_C7YID2	52.29	439	474
UniRef90_K7G6M3	38.04	439	451
UniRef90_A0A0K9NZF5	39.86	439	535
UniRef90_A0A093BPJ4	37.76	439	457
UniRef90_J5QJS9	52.51	439	472
UniRef90_A7TLI3	75.85	439	454
UniRef90_A0A091VS76	37.53	439	457
UniRef90_UPI00026573D1	43.41	439	474
UniRef90_A0A087VRL6	37.53	439	457
UniRef90_A0A093R4E9	37.76	439	457
UniRef90_UPI0005D3ABE4	45.20	439	443
UniRef90_A0A093I758	38.67	439	492
UniRef90_A0A0D2NK52	38.76	439	509
UniRef90_K1Q9P5	43.53	439	468
UniRef90_A0A061B972	69.53	439	466
UniRef90_W6MVT6	66.14	439	466
UniRef90_UPI0005116652	43.72	439	534
UniRef90_UPI0003C29B46	38.04	439	495
UniRef90_A0A091DZN6	40.73	439	460
UniRef90_UPI00042BA619	43.78	439	384
UniRef90_H2MQS7	36.90	439	472
UniRef90_A0A098VMP0	46.54	439	453
UniRef90_Q9CZ13	38.95	439	480
UniRef90_UPI000383289E	37.99	439	486
UniRef90_P31930	37.53	439	480
UniRef90_P31800	36.84	439	480
UniRef90_M3ZJA6	38.95	439	478
UniRef90_A0A0A1N7I2	51.50	439	462
UniRef90_UPI000441C162	43.15	439	384
UniRef90_A0A061S694	40.83	439	534
UniRef90_UPI00042C5885	37.07	439	534
UniRef90_R0H9V3	39.68	439	529
UniRef90_A0A075B2S6	45.98	439	461
UniRef90_A0A085NTD5	41.78	439	478
UniRef90_UPI00046BD2E6	36.84	439	481
UniRef90_H0XJA4	36.38	439	486
UniRef90_W5L840	38.27	439	478
UniRef90_F2QV67	65.54	439	463
UniRef90_B7G150	44.14	439	473
UniRef90_Q3THM1	38.95	439	480
UniRef90_UPI000651A77A	37.76	439	480
UniRef90_W5NBB5	36.90	439	497
UniRef90_F1NAC6	36.61	439	478
UniRef90_C0PUA8	37.59	439	476
UniRef90_A3LXK3	59.95	439	465
UniRef90_M2WSF5	42.43	439	522
UniRef90_L5KUD0	37.53	439	480
UniRef90_A5DMI0	58.60	439	463
UniRef90_W1QGP3	63.04	439	459
UniRef90_UPI000394049D	35.47	439	481
UniRef90_A0A087UTW0	44.16	439	460
UniRef90_F7IEL0	36.67	439	480
UniRef90_A0A0B7BLU0	40.96	439	481
UniRef90_UPI000696545B	42.82	439	474
UniRef90_W5UBZ9	37.36	439	478
UniRef90_L8HR38	36.81	439	496
UniRef90_A0A087SBP3	43.02	439	498
UniRef90_C5MFF5	59.41	439	466
UniRef90_H0ZBA3	36.84	439	456
UniRef90_F1QUE3	34.62	439	503
UniRef90_UPI0004DE193D	36.16	439	492
UniRef90_A0A091F844	36.16	439	459
UniRef90_E1Z770	42.26	439	434
UniRef90_J7MQZ9	42.92	439	494
UniRef90_L0PBY2	49.44	439	467
UniRef90_A0A099ZB11	36.84	439	456
UniRef90_B9W7B1	60.32	439	467
UniRef90_UPI00064453CD	36.67	439	478
UniRef90_Q6BHS1	57.47	439	464
UniRef90_Q75PZ3	43.38	439	476
UniRef90_A0A0D2WM58	40.87	439	470
UniRef90_H8X0G8	59.64	439	468
UniRef90_D7M7D5	39.22	439	527
UniRef90_U3KMB7	49.59	439	472
UniRef90_UPI000497FEFA	35.01	439	478
UniRef90_I2K1L4	63.00	439	482
UniRef90_F7FMJ6	39.19	439	492
UniRef90_G3AFF8	59.00	439	464
UniRef90_H2UFF4	39.15	439	479
UniRef90_A8J5P7	41.42	439	495
UniRef90_A4SBA0	42.23	439	436
UniRef90_G8YKJ1	57.82	439	463
UniRef90_A0A059LID3	43.12	439	616
UniRef90_K8YV89	42.56	439	480
UniRef90_F1L4V4	42.92	439	470
UniRef90_UPI0004953DA8	35.31	439	478
UniRef90_A0A0G1ZGN9	37.30	439	591
UniRef90_H9IZ97	37.53	439	423
UniRef90_C4Y604	58.77	439	465
UniRef90_A0A0L6VKV2	47.08	439	479
UniRef90_A5DW07	58.82	439	468
UniRef90_G6DK07	37.07	439	425
UniRef90_V4AD99	40.42	439	464
UniRef90_A0A074SWZ3	41.04	439	508
UniRef90_B4DM90	45.01	439	403
UniRef90_G7E8D9	49.20	439	470
UniRef90_E2RSI5	36.26	439	489
UniRef90_M5E7J3	50.91	439	473
UniRef90_A0A0L0T9Z0	46.44	439	468
UniRef90_UPI0006B35786	35.24	439	478
UniRef90_UPI0004E5B0C9	40.09	439	497
UniRef90_C1MWV7	41.88	439	504
UniRef90_F6HF77	36.93	439	566
UniRef90_T1JF60	40.57	439	848
UniRef90_W5J1P8	41.88	439	2345
UniRef90_G8F313	36.38	439	453
UniRef90_UPI0003AF7F3D	35.24	439	458
UniRef90_A0A077RYW2	41.78	439	503
UniRef90_I1HQW1	42.11	439	499
UniRef90_B8C4C1	41.88	439	481
UniRef90_S7MUU5	36.21	439	482
UniRef90_L8HK40	45.71	439	570
UniRef90_J3L3E6	42.01	439	492
UniRef90_D7G9H6	41.19	439	516
UniRef90_C5XI82	40.96	439	508
UniRef90_M1UT95	38.58	439	531
UniRef90_L0AZP9	37.41	439	506
UniRef90_M7C558	38.44	439	4181
UniRef90_UPI0005121A65	39.95	439	500
UniRef90_G3QMX8	41.94	439	436
UniRef90_B9SJC9	39.22	439	475
UniRef90_U6JE67	45.01	439	486
UniRef90_A0A085MJF0	44.85	439	514
UniRef90_K8F215	41.47	439	557
UniRef90_A9UT14	42.66	439	463
UniRef90_UPI0005D36BA9	39.13	439	507
UniRef90_A6FU18	34.03	439	420
UniRef90_UPI0004EFE09B	36.84	439	3833
UniRef90_K0TFI4	42.01	439	482
UniRef90_Q4N9G3	38.05	439	518
UniRef90_R7TBE6	39.22	439	383
UniRef90_G7MM21	42.93	439	492
UniRef90_F7VH75	35.80	439	421
UniRef90_A0A0L9U4P4	39.48	439	386
UniRef90_Q7Q716	37.67	439	472
UniRef90_A0A0I9Z6H9	47.71	439	440
UniRef90_A0A0J1B4M9	51.55	439	449
UniRef90_S6C9N5	37.10	439	506
UniRef90_D3B6D9	42.76	439	474
UniRef90_A0A0D6NA66	34.64	439	421
UniRef90_A0A099F853	35.01	439	421
UniRef90_A0A085TY17	34.79	439	419
UniRef90_F6XIC3	37.30	439	478
UniRef90_A0A0D2VU08	34.71	439	420
UniRef90_M3JVC4	57.31	439	423
UniRef90_A0A0N5DH73	42.79	439	816
UniRef90_A0A0A0HJM5	33.96	439	420
UniRef90_F4QAS8	42.30	439	470
UniRef90_W1NS84	43.80	439	477
UniRef90_A9E195	34.34	439	420
UniRef90_UPI000480C896	34.33	439	420
UniRef90_B6B9C7	36.18	439	420
UniRef90_A0A0L6CRC9	34.79	439	420
UniRef90_S6DA10	34.41	439	421
UniRef90_U6N452	38.83	439	536
UniRef90_A0A0M0J413	41.32	439	464
UniRef90_Q0U9E3	48.64	439	441
UniRef90_UPI000644883A	41.28	439	475
UniRef90_W9H9X5	33.56	439	420
UniRef90_UPI000565BE42	34.25	439	420
UniRef90_UPI00031D569A	35.32	439	421
UniRef90_D5AQN0	34.56	439	419
UniRef90_A0A095DRS8	34.25	439	420
UniRef90_B6B1A2	32.48	439	420
UniRef90_A0A061DBA4	37.41	439	507
UniRef90_F2UJ65	42.66	439	457
UniRef90_A0A0A0DAJ5	35.47	439	418
UniRef90_A0A086XZT7	36.18	439	419
UniRef90_UPI0006982BD1	36.34	439	487
UniRef90_A3JR51	32.64	439	421
UniRef90_A0A073ID41	36.03	439	420
UniRef90_UPI00063D075D	34.48	439	419
UniRef90_Q167V5	33.95	439	420
UniRef90_D0CWX0	33.41	439	420
UniRef90_A0A0L0P0F0	56.84	439	422
UniRef90_UPI0006C737EF	35.25	439	419
UniRef90_M9R9E9	34.94	439	421
UniRef90_M9RTI3	34.48	439	421
UniRef90_A0A037ZMI0	34.02	439	420
UniRef90_A0A0N0D987	32.03	439	420
UniRef90_A0A0B4C9J1	34.79	439	420
UniRef90_Q2CAC9	35.40	439	421
UniRef90_UPI0005EFFB65	36.09	439	419
UniRef90_A0A074J8R3	35.02	439	419
UniRef90_A8Y0J9	42.82	439	459
UniRef90_A0A016SUC3	41.69	439	457
UniRef90_W5JPE9	36.53	439	511
UniRef90_A3K033	33.41	439	420
UniRef90_X5CWY4	38.76	439	463
UniRef90_U6D0B9	39.44	439	388
UniRef90_W5EJL3	38.96	439	386
UniRef90_UPI0003B754EA	35.25	439	419
UniRef90_UPI0004D084FA	40.10	439	454
UniRef90_A0A084WKL5	37.13	439	472
UniRef90_A4EEG4	34.56	439	422
UniRef90_A4EQ19	34.64	439	420
UniRef90_A0A017HVN6	34.02	439	421
UniRef90_Q0BPV0	32.80	439	426
UniRef90_UPI0004903279	33.49	439	413
UniRef90_A0A023D3T4	34.41	439	422
UniRef90_C9CZI8	35.12	439	420
UniRef90_Q5N8E4	41.65	439	495
UniRef90_V7EMM4	35.94	439	419
UniRef90_A0A0G4F2B3	39.73	439	483
UniRef90_A0A0D0P8Q1	34.02	439	421
UniRef90_G7Z3Y6	33.87	439	419
UniRef90_H4FDD1	32.11	439	432
UniRef90_C1EFY4	41.08	439	428
UniRef90_K7VKY3	42.07	439	503
UniRef90_F0VKL8	38.51	439	530
UniRef90_K5XQK5	33.03	439	421
UniRef90_B9TH73	31.19	439	432
UniRef90_UPI00036B018E	33.64	439	423
UniRef90_Q28MJ7	34.48	439	419
UniRef90_L0NB34	31.49	439	432
UniRef90_C7DBB8	34.02	439	421
UniRef90_Q0FCB2	32.41	439	421
UniRef90_UPI0004420CF4	35.63	439	481
UniRef90_V6F474	33.33	439	420
UniRef90_G9A207	32.57	439	432
UniRef90_A0A073J369	34.87	439	420
UniRef90_A0A0J5TE17	32.95	439	420
