UniRef90_P00492	100.00	214	218
UniRef90_UPI0003C859F0	97.21	214	283
UniRef90_I3MKK8	96.28	214	217
UniRef90_I3LMT8	96.70	214	238
UniRef90_D2H3W9	94.86	214	218
UniRef90_UPI000344317C	94.39	214	226
UniRef90_UPI00045DB107	97.63	214	281
UniRef90_UPI0003C903D2	99.04	214	330
UniRef90_M3W2G2	95.33	214	214
UniRef90_L5JYD8	97.61	214	352
UniRef90_Q64531	96.67	214	214
UniRef90_UPI0003EBEB24	97.61	214	306
UniRef90_UPI000653C0C6	97.13	214	254
UniRef90_UPI0003F06EC9	93.46	214	305
UniRef90_UPI000703E846	93.46	214	293
UniRef90_H2S550	92.06	214	225
UniRef90_UPI0003BBEF63	95.22	214	280
UniRef90_Q9W719	91.12	214	218
UniRef90_H9GBJ1	89.91	214	230
UniRef90_H2M205	90.65	214	236
UniRef90_Q6P2Z2	89.25	214	216
UniRef90_UPI00051F153A	91.87	214	252
UniRef90_U3JP11	89.72	214	235
UniRef90_Q6DDP6	88.79	214	216
UniRef90_UPI0004F0F3BA	91.87	214	242
UniRef90_G3Q434	89.25	214	219
UniRef90_UPI000522A40E	91.87	214	245
UniRef90_UPI00042C916B	91.12	214	218
UniRef90_Q6I9M4	87.38	214	218
UniRef90_H3CK52	90.91	214	216
UniRef90_H0YXL9	89.47	214	209
UniRef90_UPI0002C36A77	89.72	214	237
UniRef90_V9L4X2	87.38	214	218
UniRef90_W5ND59	88.63	214	316
UniRef90_UPI00042C8097	88.79	214	330
UniRef90_U3Q3X6	92.00	214	200
UniRef90_A0A093H7L3	88.52	214	206
UniRef90_UPI00062B7238	88.32	214	393
UniRef90_UPI00038EDA92	86.85	214	218
UniRef90_E1BA06	86.45	214	211
UniRef90_V8NQ12	92.27	214	227
UniRef90_G7Q1Q8	94.87	214	195
UniRef90_F6WXZ6	87.20	214	218
UniRef90_Q9GJT9	94.09	214	186
UniRef90_S9XEA7	84.69	214	194
UniRef90_A0A060Y099	77.51	214	230
UniRef90_UPI000644271D	77.51	214	215
UniRef90_UPI0005FACD12	97.16	214	176
UniRef90_H2M3L6	74.77	214	218
UniRef90_UPI0004572D5D	76.28	214	216
UniRef90_H2TSE7	74.52	214	217
UniRef90_G3PEX8	75.24	214	232
UniRef90_G3M0D8	95.95	214	173
UniRef90_W5L332	75.00	214	215
UniRef90_F7A4J8	72.64	214	218
UniRef90_A0A091CMH2	94.32	214	170
UniRef90_H3BCU4	88.33	214	180
UniRef90_W5M8C7	73.21	214	218
UniRef90_W5UJ60	71.63	214	216
UniRef90_H3A926	68.08	214	214
UniRef90_UPI0004F04F28	99.36	214	241
UniRef90_A0A0D9R5X8	99.36	214	164
UniRef90_E7F9B9	70.00	214	217
UniRef90_UPI000510AB9F	90.00	214	192
UniRef90_U3JC12	69.71	214	217
UniRef90_F1NZ98	69.23	214	223
UniRef90_UPI0004403889	89.02	214	183
UniRef90_UPI0006443137	70.62	214	226
UniRef90_UPI0003F0C9A5	71.43	214	217
UniRef90_O46381	98.70	214	154
UniRef90_A0A0F8C2S1	74.49	214	431
UniRef90_B5XBZ7	69.67	214	226
UniRef90_M3YL34	69.81	214	225
UniRef90_U3IMX2	69.05	214	218
UniRef90_H3ANI3	71.90	214	226
UniRef90_K1RH42	69.67	214	224
UniRef90_B6RB75	70.53	214	219
UniRef90_UPI0006B7FBED	69.23	214	193
UniRef90_A4II60	66.98	214	224
UniRef90_L8INV5	79.68	214	183
UniRef90_UPI00032AD850	67.92	214	225
UniRef90_F6PTC6	67.92	214	225
UniRef90_Q9NRG1	68.25	214	225
UniRef90_Q4S7K4	64.78	214	268
UniRef90_B2RYS6	67.77	214	225
UniRef90_UPI00065E4794	71.72	214	249
UniRef90_UPI0005238E89	72.68	214	217
UniRef90_R7VGM7	69.71	214	253
UniRef90_G1LIX3	67.77	214	225
UniRef90_UPI00042AD9C0	67.30	214	297
UniRef90_U3INB3	68.90	214	224
UniRef90_UPI000359DDDA	68.42	214	221
UniRef90_M4APF5	67.14	214	225
UniRef90_UPI000441B0C7	86.13	214	254
UniRef90_UPI00042C183D	67.79	214	291
UniRef90_C3KH53	69.71	214	225
UniRef90_UPI0005F0B3E5	66.98	214	234
UniRef90_F6STX6	69.77	214	236
UniRef90_UPI0003339384	66.35	214	225
UniRef90_I3JTV1	68.08	214	225
UniRef90_UPI0005219BF5	68.75	214	249
UniRef90_UPI00053CDBAA	68.42	214	251
UniRef90_UPI000642E68F	67.79	214	238
UniRef90_G3PJE2	68.22	214	226
UniRef90_UPI00051E2AF1	67.77	214	307
UniRef90_UPI000650DAD1	66.51	214	225
UniRef90_J9P2A2	68.12	214	208
UniRef90_UPI0003991246	67.94	214	244
UniRef90_G1T5F2	66.03	214	209
UniRef90_UPI00042BF2EA	66.67	214	215
UniRef90_V8NVL2	67.77	214	230
UniRef90_H3DCP7	65.73	214	231
UniRef90_H2MQ94	68.08	214	225
UniRef90_E3TGB3	67.30	214	224
UniRef90_Q4SXF8	89.17	214	159
UniRef90_UPI00035935D7	68.08	214	344
UniRef90_Q802W5	66.35	214	225
UniRef90_A0A060YHH8	66.82	214	226
UniRef90_E1C5K1	66.35	214	226
UniRef90_UPI00062ABEFB	65.40	214	226
UniRef90_UPI000203988A	67.30	214	234
UniRef90_UPI0003D0B49A	67.30	214	227
UniRef90_UPI0006B0A4FA	66.51	214	210
UniRef90_A7STM7	64.59	214	210
UniRef90_UPI0006B39885	65.26	214	229
UniRef90_UPI000495DF88	66.51	214	269
UniRef90_UPI0002C6245C	64.45	214	225
UniRef90_H0YSD9	65.55	214	209
UniRef90_F7IGN8	63.98	214	223
UniRef90_D5GS31	66.03	214	232
UniRef90_W5LH35	65.89	214	230
UniRef90_H0WMT7	65.40	214	225
UniRef90_UPI0006B6D8D1	78.24	214	222
UniRef90_UPI000393EEA2	77.38	214	180
UniRef90_UPI000383AA5A	64.38	214	233
UniRef90_A0A0L8H9Y2	65.26	214	232
UniRef90_UPI0005FBA7AB	62.33	214	225
UniRef90_F6PU83	66.82	214	229
UniRef90_UPI0004E473BE	57.66	214	262
UniRef90_UPI0005589AF3	66.50	214	226
UniRef90_UPI0005D0121F	68.53	214	245
UniRef90_C3ZR61	62.61	214	491
UniRef90_A0A0C5G694	93.10	214	145
UniRef90_UPI00051210E5	55.60	214	273
UniRef90_UPI000644793A	64.15	214	226
UniRef90_A0A091V5T0	62.90	214	221
UniRef90_F6PPI4	61.79	214	223
UniRef90_UPI0006B0A297	63.64	214	227
UniRef90_E7FAU2	63.68	214	225
UniRef90_UPI0006740919	60.53	214	237
UniRef90_H2Y8E4	63.37	214	210
UniRef90_A0A091GMG7	59.65	214	228
UniRef90_UPI0006D92DF4	63.01	214	363
UniRef90_UPI0003C850B2	64.59	214	363
UniRef90_I3JGZ3	63.98	214	226
UniRef90_M4A1W5	63.98	214	228
UniRef90_F6YTL2	62.68	214	209
UniRef90_UPI000644BF68	63.98	214	226
UniRef90_E9HFQ8	60.85	214	216
UniRef90_D2GW31	65.84	214	202
UniRef90_V4ATW6	62.20	214	219
UniRef90_H3D7Z4	63.03	214	230
UniRef90_UPI0006B09408	63.33	214	225
UniRef90_UPI0006B37AD6	61.61	214	226
UniRef90_UPI0006442BFB	63.98	214	204
UniRef90_L5L031	67.54	214	234
UniRef90_G1KHY2	56.80	214	273
UniRef90_I1GCC2	59.81	214	235
UniRef90_UPI0006B0771D	61.43	214	221
UniRef90_UPI000554AA02	61.03	214	221
UniRef90_G3NNZ3	62.74	214	224
UniRef90_UPI00069738DB	64.82	214	226
UniRef90_F2ULF5	56.87	214	235
UniRef90_UPI000643FCAE	65.99	214	205
UniRef90_UPI0005217885	62.20	214	213
UniRef90_UPI000652A2DB	62.74	214	203
UniRef90_W5KMF2	63.59	214	224
UniRef90_UPI0002658CC3	60.95	214	226
UniRef90_C3KH18	61.93	214	225
UniRef90_W5M6I3	59.62	214	227
UniRef90_A0A087UFQ6	62.15	214	223
UniRef90_H2MCU7	60.93	214	230
UniRef90_H2TDJ7	62.56	214	229
UniRef90_UPI000540438C	58.45	214	208
UniRef90_UPI0006B78CB0	61.61	214	203
UniRef90_Q95258	96.92	214	136
UniRef90_Q28530	94.62	214	193
UniRef90_UPI0006261126	57.83	214	243
UniRef90_UPI0003522F5F	59.33	214	216
UniRef90_UPI0006448C68	69.14	214	176
UniRef90_A0A0K8RKP0	57.89	214	222
UniRef90_F0JA22	55.92	214	220
UniRef90_T2MHI0	56.81	214	216
UniRef90_A9UZ44	51.05	214	272
UniRef90_W4XHX6	58.85	214	183
UniRef90_UPI0005B809BE	69.01	214	260
UniRef90_UPI0003C168B1	67.84	214	189
UniRef90_UPI0006B0DDBB	63.73	214	217
UniRef90_W5M6K7	60.09	214	213
UniRef90_A0A093GBF4	58.77	214	187
UniRef90_W5NU13	94.44	214	146
UniRef90_UPI000670FE5C	69.05	214	259
UniRef90_UPI0005201B86	89.23	214	211
UniRef90_C3Z3S0	55.19	214	216
UniRef90_UPI0004ED1F86	57.35	214	197
UniRef90_A0A068RFG7	56.04	214	218
UniRef90_H9F612	69.94	214	164
UniRef90_A0A0L0FHZ6	52.86	214	223
UniRef90_UPI00046BDD4A	57.14	214	238
UniRef90_UPI00038F0D1F	56.25	214	211
UniRef90_A0A0L0SCY9	54.29	214	219
UniRef90_UPI0005FBAFB0	55.31	214	235
UniRef90_Q7ZY82	83.94	214	184
UniRef90_UPI0005293108	70.78	214	157
UniRef90_Q9NRG1-2	66.08	214	190
UniRef90_A0A0B7N646	55.40	214	217
UniRef90_UPI0006B8251E	67.65	214	213
UniRef90_A0A0G2A7P8	82.84	214	151
UniRef90_F6QBZ5	60.54	214	179
UniRef90_A0A0B7NHP0	53.30	214	218
UniRef90_UPI000533C352	64.91	214	193
UniRef90_UPI0003C8FEBE	65.32	214	258
UniRef90_G3WXH3	66.67	214	165
UniRef90_E6ZJC8	63.64	214	176
UniRef90_UPI0006B1CF22	67.88	214	165
UniRef90_A0A0A1NQK9	51.69	214	219
UniRef90_W5KPQ8	61.80	214	180
UniRef90_S2JG26	55.34	214	215
UniRef90_UPI0006B1187C	65.48	214	201
UniRef90_UPI00022B6AC6	54.59	214	209
UniRef90_UPI0005520427	54.93	214	199
UniRef90_F4P9V2	53.30	214	215
UniRef90_UPI00034F3CC9	55.56	214	239
UniRef90_UPI0005FBB235	64.88	214	205
UniRef90_F6YAY4	64.33	214	189
UniRef90_A0A0D2UMS5	49.57	214	237
UniRef90_UPI00032B0140	98.21	214	158
UniRef90_UPI00053430FC	65.48	214	387
UniRef90_H2SXN4	65.24	214	180
UniRef90_UPI0004574F35	70.67	214	173
UniRef90_UPI0003EDB763	55.45	214	193
UniRef90_A0A0L0HEN9	51.71	214	216
UniRef90_UPI0003EBE231	52.25	214	230
UniRef90_M4BXR6	52.61	214	222
UniRef90_A0A060XVS5	89.57	214	116
UniRef90_B5U1G8	83.47	214	121
UniRef90_H3GHL0	50.47	214	222
UniRef90_UPI0003C431C0	55.45	214	211
UniRef90_A0A0L0DRA1	51.89	214	226
UniRef90_UPI0004628546	56.37	214	203
UniRef90_A0A0M0J6I2	49.77	214	220
UniRef90_UPI0003EAABDF	54.55	214	179
UniRef90_E4XUQ3	49.77	214	237
UniRef90_A0A0G2A720	61.71	214	208
UniRef90_F7IEB3	59.88	214	192
UniRef90_D0NU97	49.53	214	307
UniRef90_D7FQD8	48.29	214	240
UniRef90_P20035	49.30	214	231
UniRef90_A0A068YCV1	50.00	214	283
UniRef90_A0A058ZFZ7	48.73	214	432
UniRef90_UPI0004BD0598	96.91	214	175
UniRef90_UPI00039414ED	61.96	214	246
UniRef90_F6UJD8	93.75	214	715
UniRef90_F6UJD8	93.20	214	715
UniRef90_W4FC85	50.73	214	221
UniRef90_A0A0N4XY68	53.06	214	214
UniRef90_A0A024TSJ4	49.76	214	252
UniRef90_A0A074ZV89	48.82	214	257
UniRef90_C1BRN2	46.98	214	229
UniRef90_W2TCK4	51.76	214	202
UniRef90_UPI00049644A6	50.70	214	172
UniRef90_T0RVN7	48.56	214	238
UniRef90_A0A077XEE7	48.08	214	231
UniRef90_U3M693	68.42	214	133
UniRef90_C5KTN2	45.33	214	242
UniRef90_UPI000642DAE3	50.26	214	280
UniRef90_A0A068X816	47.17	214	245
UniRef90_W4J2N1	49.30	214	806
UniRef90_UPI0006449388	61.94	214	199
UniRef90_A0A0M3K1L6	48.74	214	200
UniRef90_D3PJR4	46.51	214	229
UniRef90_A0A0G4GBF6	47.93	214	250
UniRef90_A0A0G4GZJ0	47.83	214	254
UniRef90_W6ULW2	48.79	214	257
UniRef90_Q9NF11	48.60	214	214
UniRef90_F1LFR9	48.10	214	221
UniRef90_Q5MB11	46.26	214	231
UniRef90_UPI0004EFC343	68.18	214	131
UniRef90_A0A074YWZ9	44.39	214	398
UniRef90_C1BVJ4	47.44	214	234
UniRef90_UPI0003F09B7E	57.31	214	331
UniRef90_UPI00063C90D5	56.02	214	171
UniRef90_P09383	48.60	214	284
UniRef90_A5K7E9	43.93	214	233
UniRef90_C5K6Q7	43.46	214	247
UniRef90_A0A0N4U623	45.50	214	206
UniRef90_B3L3R4	43.93	214	233
UniRef90_A0A0K1SBY4	45.54	214	231
UniRef90_Q03925	49.47	214	194
UniRef90_F0WFI3	45.54	214	220
UniRef90_U3PRH7	44.93	214	232
UniRef90_UPI0006451F57	66.92	214	164
UniRef90_Q5DC76	39.62	214	226
UniRef90_Q7RIY8	46.48	214	872
UniRef90_A0A024GV84	46.23	214	346
UniRef90_UPI00066161F4	51.28	214	167
UniRef90_A0A090L4K9	45.24	214	214
UniRef90_A0A0F8ALU0	60.25	214	2083
UniRef90_S7N6S6	96.67	214	147
UniRef90_W6UDN4	41.52	214	244
UniRef90_A0A0B2VVB2	47.29	214	496
UniRef90_O55061	77.39	214	115
UniRef90_W7TUL8	45.02	214	262
UniRef90_A0A0N4ZXY4	42.93	214	215
UniRef90_A0A0K0EYT4	43.90	214	223
UniRef90_Q5D9K6	40.09	214	229
UniRef90_UPI00042C2F63	70.27	214	145
UniRef90_A0A093JIV4	78.35	214	97
UniRef90_D7NII5	86.60	214	98
UniRef90_A0A091WSW2	78.35	214	97
UniRef90_UPI000549D0BC	71.43	214	117
UniRef90_A0A091QFN8	77.32	214	97
UniRef90_A0A075AMK3	44.33	214	213
UniRef90_A0A0N4UZI4	44.00	214	227
UniRef90_H6QXT7	78.57	214	98
UniRef90_T1JKX5	63.57	214	146
UniRef90_A0A091HVL5	77.32	214	97
UniRef90_U6NJR6	48.98	214	201
UniRef90_T1G285	40.74	214	220
UniRef90_G4LWQ1	39.62	214	228
UniRef90_U6GV46	42.18	214	224
UniRef90_UPI0004F4AB5E	66.39	214	156
UniRef90_A0A0H5S2S1	40.93	214	228
UniRef90_F0VJX4	41.67	214	249
UniRef90_A0A044RFA9	42.40	214	217
UniRef90_A0A091ERH8	74.23	214	97
UniRef90_A0A093QF99	75.26	214	97
UniRef90_A0A091PPM1	65.55	214	125
UniRef90_A0A074ZV23	36.19	214	214
UniRef90_A0A0N5CUH3	41.95	214	215
UniRef90_H1A370	72.16	214	99
UniRef90_D2IYE8	93.90	214	82
UniRef90_UPI00067B8D34	69.81	214	108
UniRef90_F1RVJ5	63.93	214	143
UniRef90_A0A0B6YRQ3	64.41	214	126
UniRef90_A0A091MN91	72.92	214	96
UniRef90_H0ZFS5	72.16	214	97
UniRef90_UPI0004545594	52.50	214	298
UniRef90_Q26997	40.87	214	230
UniRef90_UPI000529612C	65.77	214	111
UniRef90_UPI0004DE0AAB	63.16	214	204
UniRef90_U1MDN6	50.00	214	186
UniRef90_U6MNZ7	39.34	214	224
UniRef90_I1CBA9	44.72	214	171
UniRef90_A0A077ZBM1	41.15	214	215
UniRef90_G5E1Y5	86.32	214	127
UniRef90_G4LWP1	34.27	214	227
UniRef90_A0A0N5AMN9	39.09	214	241
UniRef90_A0A0B1RPT2	49.70	214	164
UniRef90_A0A024X8F1	45.51	214	200
UniRef90_E5SMS3	39.59	214	214
UniRef90_S7Q4I9	87.50	214	84
UniRef90_O97875	97.37	214	76
UniRef90_A0A091SCA7	59.35	214	124
UniRef90_G9BBW7	71.29	214	101
UniRef90_A0A0B6YRY8	72.16	214	102
UniRef90_O97876	94.74	214	76
UniRef90_L5M1F9	83.75	214	84
UniRef90_Q2Q1G1	94.29	214	71
UniRef90_A0A0N5DSE8	41.63	214	263
UniRef90_Q4S1L9	57.98	214	177
UniRef90_W5P028	56.00	214	171
UniRef90_UPI00067BFFF4	63.21	214	123
UniRef90_UPI0004BDBF65	57.14	214	194
UniRef90_A0A0B6YRM6	65.62	214	135
UniRef90_UPI00054994F5	67.71	214	140
UniRef90_UPI0004BD1AF3	69.66	214	103
UniRef90_UPI0004F06851	65.66	214	118
UniRef90_UPI000549C73B	67.71	214	155
UniRef90_G7YAZ4	43.95	214	310
UniRef90_A0A0H3YEQ7	100.00	214	65
UniRef90_UPI000528C3A7	66.67	214	190
UniRef90_Q9NRG1-3	65.66	214	173
UniRef90_E1BNK7	57.26	214	142
UniRef90_UPI0004F0857F	63.64	214	213
UniRef90_UPI000528105B	64.29	214	141
UniRef90_D8LYT6	39.57	214	209
UniRef90_S9XW63	60.40	214	148
UniRef90_A0A024GUR9	52.67	214	141
UniRef90_G7YAZ2	44.52	214	764
UniRef90_F0RZZ5	42.05	214	171
UniRef90_UPI00042C7705	62.50	214	111
UniRef90_A0A0C7C5M3	43.70	214	164
UniRef90_R6PR68	43.24	214	178
UniRef90_J9HL33	30.84	214	235
UniRef90_U6KUA3	35.68	214	222
UniRef90_A8SM20	39.01	214	186
UniRef90_A0A091AF41	40.96	214	184
UniRef90_UPI000486E975	36.67	214	180
UniRef90_D1PL39	37.78	214	186
UniRef90_R7KAY0	37.84	214	180
UniRef90_D2RLK2	35.71	214	179
UniRef90_L9LGF5	50.36	214	217
UniRef90_A0A078AX96	33.01	214	637
UniRef90_F5LD77	37.99	214	179
UniRef90_UPI00048739BF	37.91	214	181
UniRef90_F2I531	37.57	214	178
UniRef90_L9LDL6	64.58	214	417
UniRef90_E6W475	39.20	214	178
UniRef90_UPI000440E6D3	56.57	214	115
UniRef90_I4ECQ3	38.55	214	198
UniRef90_I3LDD5	72.00	214	76
UniRef90_E8T3S2	38.07	214	175
UniRef90_R6WQU5	39.13	214	184
UniRef90_E1X5Q1	41.67	214	172
UniRef90_C9LW15	36.31	214	179
UniRef90_R6WMJ1	37.50	214	175
UniRef90_R7LZV7	43.26	214	182
UniRef90_UPI00047B54F2	40.34	214	181
UniRef90_R7RSU6	37.63	214	180
UniRef90_K0X1F0	39.78	214	179
UniRef90_UPI0005760C31	61.86	214	127
UniRef90_E6VR37	41.14	214	177
UniRef90_Q1WSH0	38.55	214	179
UniRef90_B2A3Q3	38.04	214	181
UniRef90_W0ENP7	39.23	214	180
UniRef90_X1UEB2	37.99	214	204
UniRef90_A6BI47	37.50	214	175
UniRef90_F0JCN5	38.29	214	176
UniRef90_M6DET7	38.24	214	181
UniRef90_UPI00040E317A	38.46	214	179
UniRef90_A0A0D1YM94	38.33	214	178
UniRef90_R9MXH4	36.46	214	175
UniRef90_R5IC07	40.56	214	183
UniRef90_A0A076V866	71.62	214	78
UniRef90_Q1IM41	37.64	214	172
UniRef90_A0A068Y6A8	32.58	214	199
UniRef90_R7BV12	38.04	214	180
UniRef90_UPI00047C2952	40.11	214	180
UniRef90_R5BEF2	35.71	214	181
UniRef90_R9MG72	35.80	214	175
UniRef90_UPI00035D7DC4	38.07	214	179
UniRef90_UPI0006D5337C	37.99	214	179
UniRef90_UPI00046926A2	37.22	214	181
UniRef90_UPI00047961D4	36.81	214	178
UniRef90_V4EQ52	36.52	214	174
UniRef90_A0A0L0W8P9	35.83	214	179
UniRef90_R5IQD2	38.86	214	178
UniRef90_UPI00028850B2	35.71	214	178
UniRef90_E0NMN3	38.12	214	187
UniRef90_A0A0F9B6H3	41.38	214	173
UniRef90_A7B666	35.80	214	175
UniRef90_A0A089JBH3	36.87	214	179
UniRef90_A0A089IG14	36.87	214	179
UniRef90_UPI0005509819	38.37	214	175
UniRef90_N1ZJ34	37.57	214	176
UniRef90_UPI00037975C8	36.56	214	180
UniRef90_UPI0006CFC1F8	37.22	214	178
UniRef90_UPI00051A5570	35.36	214	179
UniRef90_UPI0003812819	38.07	214	178
UniRef90_F3BDE6	36.36	214	175
UniRef90_UPI0005EF0019	34.41	214	182
UniRef90_U5C9M7	37.06	214	176
UniRef90_C0GJ07	35.56	214	176
UniRef90_R5QIY2	36.16	214	178
UniRef90_F0Z2L3	35.43	214	176
UniRef90_R7MDV8	40.22	214	177
UniRef90_V9WBQ3	35.20	214	179
UniRef90_E3GGD3	37.97	214	177
UniRef90_D8PGQ7	36.41	214	183
UniRef90_UPI0004024A2D	38.15	214	176
UniRef90_UPI0006D7EC91	35.75	214	179
UniRef90_UPI0006B54C26	39.63	214	173
UniRef90_A0A0B2JZH6	38.89	214	178
UniRef90_F5LA09	38.33	214	180
UniRef90_D3R208	32.96	214	178
UniRef90_UPI000494F947	36.56	214	475
UniRef90_R5FKL5	35.75	214	180
UniRef90_C7H4M6	34.81	214	181
UniRef90_R6YKZ6	37.29	214	178
UniRef90_UPI00035DD3D2	36.87	214	179
UniRef90_A0A087T1W8	60.20	214	104
UniRef90_UPI0004089D22	36.16	214	179
UniRef90_A0A0K2SNI5	36.31	214	182
UniRef90_C4FK20	39.20	214	175
UniRef90_C0FRY2	36.57	214	178
UniRef90_R6QEM4	40.48	214	176
UniRef90_F3ZT35	37.64	214	178
UniRef90_G7YAZ7	36.02	214	171
UniRef90_E4TK78	37.50	214	177
UniRef90_W0J8M1	36.31	214	183
UniRef90_A9KR61	36.26	214	174
UniRef90_UPI00048519F3	37.57	214	176
UniRef90_A0A0K2GBF0	36.02	214	180
UniRef90_R7DDX8	37.85	214	209
UniRef90_I1ZID2	67.57	214	78
UniRef90_E0I8Y8	36.11	214	179
UniRef90_UPI00047632E9	38.98	214	173
UniRef90_U7MW32	38.89	214	203
UniRef90_A0A024PBK3	37.78	214	179
UniRef90_R7HT53	35.39	214	171
UniRef90_L5JYD8	97.61	214	352
UniRef90_UPI0003EBEB24	97.61	214	306
UniRef90_W5ND59	88.21	214	316
UniRef90_UPI0003C859F0	97.21	214	283
UniRef90_UPI0003F06EC9	93.46	214	305
UniRef90_P00492	100.00	214	218
UniRef90_H2M205	90.65	214	236
UniRef90_H2S550	92.06	214	225
UniRef90_UPI000653C0C6	97.13	214	254
UniRef90_UPI00045DB107	98.56	214	281
UniRef90_I3LMT8	96.70	214	238
UniRef90_G3Q434	89.25	214	219
UniRef90_H9GBJ1	91.04	214	230
UniRef90_UPI000344317C	94.39	214	226
UniRef90_Q9W719	91.12	214	218
UniRef90_Q6P2Z2	89.25	214	216
UniRef90_I3MKK8	96.28	214	217
UniRef90_D2H3W9	94.86	214	218
UniRef90_M3W2G2	95.33	214	214
UniRef90_UPI000703E846	93.46	214	293
UniRef90_Q6DDP6	88.79	214	216
UniRef90_UPI000522A40E	91.87	214	245
UniRef90_UPI00051F153A	91.87	214	252
UniRef90_UPI0004F0F3BA	91.87	214	242
UniRef90_UPI0003BBEF63	95.22	214	280
UniRef90_UPI0003C903D2	97.20	214	330
UniRef90_Q64531	96.67	214	214
UniRef90_U3JP11	89.72	214	235
UniRef90_UPI00062B7238	88.32	214	393
UniRef90_Q6I9M4	87.38	214	218
UniRef90_UPI00035935D7	67.76	214	344
UniRef90_UPI0002C36A77	89.72	214	237
UniRef90_H3CK52	90.91	214	216
UniRef90_M3YL34	69.81	214	225
UniRef90_Q9NRG1	67.92	214	225
UniRef90_UPI0003339384	65.42	214	225
UniRef90_UPI00042C183D	67.46	214	291
UniRef90_UPI000642E68F	67.46	214	238
UniRef90_H0YXL9	89.47	214	209
UniRef90_V9L4X2	87.38	214	218
UniRef90_UPI00042AD9C0	66.98	214	297
UniRef90_UPI00051E2AF1	67.45	214	307
UniRef90_UPI00042C916B	91.12	214	218
UniRef90_UPI00032AD850	67.92	214	225
UniRef90_UPI000650DAD1	66.51	214	225
UniRef90_G1LIX3	67.45	214	225
UniRef90_UPI000203988A	66.98	214	234
UniRef90_B2RYS6	67.45	214	225
UniRef90_UPI0005219BF5	68.42	214	249
UniRef90_H0WMT7	65.09	214	225
UniRef90_UPI0003D0B49A	66.36	214	227
UniRef90_UPI00042C8097	88.79	214	330
UniRef90_G1T5F2	66.03	214	209
UniRef90_A0A093H7L3	88.52	214	206
UniRef90_UPI00062ABEFB	66.03	214	226
UniRef90_UPI00053CDBAA	68.42	214	251
UniRef90_V8NVL2	67.45	214	230
UniRef90_UPI0003991246	66.82	214	244
UniRef90_U3Q3X6	92.00	214	200
UniRef90_H2M3L6	74.77	214	218
UniRef90_UPI0003C850B2	64.29	214	363
UniRef90_F7IGN8	63.68	214	223
UniRef90_F6PTC6	67.92	214	225
UniRef90_UPI0006D92DF4	62.73	214	363
UniRef90_UPI0002C6245C	64.15	214	225
UniRef90_U3INB3	68.90	214	224
UniRef90_UPI0006443137	70.28	214	226
UniRef90_H2TSE7	74.16	214	217
UniRef90_A0A060Y099	77.51	214	230
UniRef90_UPI00042BF2EA	66.67	214	215
UniRef90_J9P2A2	67.79	214	208
UniRef90_M4APF5	66.82	214	225
UniRef90_H3ANI3	71.23	214	226
UniRef90_B5XBZ7	69.34	214	226
UniRef90_UPI000383AA5A	64.09	214	233
UniRef90_E1BA06	86.45	214	211
UniRef90_E1C5K1	66.35	214	226
UniRef90_A4II60	66.98	214	224
UniRef90_UPI000644271D	77.51	214	215
UniRef90_UPI0005FBA7AB	61.78	214	225
UniRef90_I3JTV1	67.76	214	225
UniRef90_W5L332	74.64	214	215
UniRef90_V8NQ12	92.27	214	227
UniRef90_UPI0004572D5D	75.81	214	216
UniRef90_H2MQ94	67.76	214	225
UniRef90_G3PEX8	75.24	214	232
UniRef90_W5M8C7	73.21	214	218
UniRef90_H3DCP7	65.42	214	231
UniRef90_UPI0004E473BE	57.43	214	262
UniRef90_H0YSD9	65.55	214	209
UniRef90_F7A4J8	72.64	214	218
UniRef90_F6YTL2	62.68	214	209
UniRef90_C3KH53	70.05	214	225
UniRef90_UPI00038EDA92	86.85	214	218
UniRef90_E3TGB3	67.30	214	224
UniRef90_A0A060YHH8	66.51	214	226
UniRef90_UPI0005D0121F	68.53	214	245
UniRef90_UPI000495DF88	66.51	214	269
UniRef90_W5UJ60	71.29	214	216
UniRef90_Q802W5	66.04	214	225
UniRef90_G1KHY2	56.57	214	273
UniRef90_G3PJE2	67.91	214	226
UniRef90_A0A091V5T0	62.90	214	221
UniRef90_W5LH35	65.58	214	230
UniRef90_A0A091GMG7	59.65	214	228
UniRef90_B6RB75	69.19	214	219
UniRef90_U3JC12	69.71	214	217
UniRef90_R7VGM7	69.05	214	253
UniRef90_E7FAU2	63.38	214	225
UniRef90_UPI0006B39885	65.26	214	229
UniRef90_UPI0006261126	56.96	214	243
UniRef90_UPI0005F0B3E5	66.98	214	234
UniRef90_I3JGZ3	63.68	214	226
UniRef90_K1RH42	69.67	214	224
UniRef90_UPI0003F0C9A5	70.28	214	217
UniRef90_S9XEA7	84.69	214	194
UniRef90_F1NZ98	68.90	214	223
UniRef90_A7STM7	64.59	214	210
UniRef90_H3A926	68.42	214	214
UniRef90_UPI000652A2DB	62.74	214	203
UniRef90_UPI000359DDDA	67.77	214	221
UniRef90_D5GS31	65.71	214	232
UniRef90_E7F9B9	69.67	214	217
UniRef90_UPI0006B37AD6	61.32	214	226
UniRef90_M4A1W5	63.68	214	228
UniRef90_H3D7Z4	62.74	214	230
UniRef90_G7Q1Q8	94.87	214	195
UniRef90_UPI000644BF68	63.68	214	226
UniRef90_UPI000540438C	58.17	214	208
UniRef90_A0A0L8H9Y2	64.65	214	232
UniRef90_UPI000554AA02	61.03	214	221
UniRef90_Q9GJT9	94.09	214	186
UniRef90_F6STX6	69.77	214	236
UniRef90_L5L031	67.54	214	234
UniRef90_UPI000644793A	64.15	214	226
UniRef90_H2TDJ7	62.26	214	229
UniRef90_D2GW31	66.50	214	202
UniRef90_UPI0005589AF3	65.85	214	226
UniRef90_F6PU83	66.82	214	229
UniRef90_U3IMX2	69.05	214	218
UniRef90_G3NNZ3	62.74	214	224
UniRef90_UPI0005217885	62.20	214	213
UniRef90_V4ATW6	62.68	214	219
UniRef90_UPI00065E4794	71.72	214	249
UniRef90_UPI0006442BFB	63.68	214	204
UniRef90_UPI0006B09408	63.03	214	225
UniRef90_I1GCC2	59.81	214	235
UniRef90_E9HFQ8	60.56	214	216
UniRef90_UPI0005238E89	72.68	214	217
UniRef90_F2ULF5	56.87	214	235
UniRef90_UPI0006B0A297	63.64	214	227
UniRef90_C3KH18	61.47	214	225
UniRef90_UPI0005FBAFB0	55.31	214	235
UniRef90_A0A0F8C2S1	75.65	214	431
UniRef90_F6PPI4	61.21	214	223
UniRef90_A9UZ44	51.05	214	272
UniRef90_UPI0006B0771D	61.14	214	221
UniRef90_UPI0005FACD12	97.16	214	176
UniRef90_F6WXZ6	87.20	214	218
UniRef90_H2MCU7	60.65	214	230
UniRef90_UPI0002658CC3	60.48	214	226
UniRef90_UPI0006740919	60.00	214	237
UniRef90_A0A0K8RKP0	57.89	214	222
UniRef90_H3BCU4	90.80	214	180
UniRef90_H2Y8E4	61.54	214	210
UniRef90_UPI0006B7FBED	69.23	214	193
UniRef90_UPI00046BDD4A	57.14	214	238
UniRef90_UPI0006B78CB0	60.85	214	203
UniRef90_UPI0004ED1F86	57.08	214	197
UniRef90_UPI0003522F5F	58.49	214	216
UniRef90_UPI00038F0D1F	55.45	214	211
UniRef90_A0A0L0SCY9	54.03	214	219
UniRef90_C3ZR61	63.68	214	491
UniRef90_UPI00069738DB	64.97	214	226
UniRef90_G3M0D8	95.95	214	173
UniRef90_A0A0L0FHZ6	52.11	214	223
UniRef90_F0JA22	55.92	214	220
UniRef90_A0A093GBF4	58.77	214	187
UniRef90_W5M6I3	59.62	214	227
UniRef90_A0A091CMH2	94.32	214	170
UniRef90_UPI0003C168B1	67.05	214	189
UniRef90_A0A0B7N646	54.42	214	217
UniRef90_T2MHI0	56.94	214	216
UniRef90_UPI0005B809BE	60.59	214	260
UniRef90_UPI0006B0A4FA	66.20	214	210
UniRef90_A0A068RFG7	55.24	214	218
UniRef90_A0A087UFQ6	62.15	214	223
UniRef90_UPI000643FCAE	64.56	214	205
UniRef90_A0A0B7NHP0	52.80	214	218
UniRef90_UPI0005520427	54.93	214	199
UniRef90_UPI0003C8FEBE	65.32	214	258
UniRef90_UPI00034F3CC9	55.56	214	239
UniRef90_W4XHX6	58.85	214	183
UniRef90_UPI0004403889	89.02	214	183
UniRef90_UPI00022B6AC6	54.07	214	209
UniRef90_A0A0A1NQK9	50.95	214	219
UniRef90_UPI000510AB9F	91.07	214	192
UniRef90_UPI000441B0C7	80.75	214	254
UniRef90_UPI0006B0DDBB	63.40	214	217
UniRef90_F4P9V2	52.80	214	215
UniRef90_S2JG26	54.85	214	215
UniRef90_W5KMF2	63.59	214	224
UniRef90_A0A0L0HEN9	51.18	214	216
UniRef90_UPI0006448C68	68.75	214	176
UniRef90_A0A074YWZ9	44.39	214	398
UniRef90_M4BXR6	52.61	214	222
UniRef90_D0NU97	49.53	214	307
UniRef90_UPI0006B1187C	65.48	214	201
UniRef90_Q9NRG1-2	66.08	214	190
UniRef90_A0A0N4XY68	51.44	214	214
UniRef90_UPI000533C352	64.91	214	193
UniRef90_A0A0M0J6I2	49.77	214	220
UniRef90_UPI0003EDB763	56.13	214	193
UniRef90_C3Z3S0	53.77	214	216
UniRef90_UPI0004F04F28	99.36	214	241
UniRef90_UPI0003C431C0	55.45	214	211
UniRef90_A0A024TSJ4	49.76	214	252
UniRef90_W5M6K7	60.09	214	213
UniRef90_UPI0006B8251E	67.65	214	213
UniRef90_H9F612	69.51	214	164
UniRef90_A0A068YCV1	48.60	214	283
UniRef90_L8INV5	79.68	214	183
UniRef90_UPI0003EBE231	52.02	214	230
UniRef90_H3GHL0	50.47	214	222
UniRef90_UPI0005FBB235	64.88	214	205
UniRef90_A0A0L0DRA1	51.89	214	226
UniRef90_Q5MB11	46.05	214	231
UniRef90_UPI0006B6D8D1	78.24	214	222
UniRef90_T0RVN7	48.56	214	238
UniRef90_A0A058ZFZ7	47.52	214	432
UniRef90_D7FQD8	48.29	214	240
UniRef90_A0A0D9R5X8	100.00	214	164
UniRef90_W4FC85	50.73	214	221
UniRef90_O46381	98.70	214	154
UniRef90_Q9NF11	50.48	214	214
UniRef90_F1LFR9	47.87	214	221
UniRef90_F6YAY4	64.33	214	189
UniRef90_W2TCK4	51.00	214	202
UniRef90_UPI000393EEA2	77.38	214	180
UniRef90_W6ULW2	47.42	214	257
UniRef90_E6ZJC8	63.64	214	176
UniRef90_P20035	49.30	214	231
UniRef90_UPI00053430FC	65.48	214	387
UniRef90_W7TUL8	43.24	214	262
UniRef90_A0A068X816	46.45	214	245
UniRef90_G3WXH3	66.67	214	165
UniRef90_A0A0D2UMS5	49.36	214	237
UniRef90_A0A0B2VVB2	46.89	214	496
UniRef90_UPI00051A5570	34.78	214	179
UniRef90_P09383	47.93	214	284
UniRef90_R6WMJ1	37.50	214	175
UniRef90_UPI0006CFC1F8	35.16	214	178
UniRef90_UPI0006B1CF22	67.88	214	165
UniRef90_A0A0M3K1L6	48.74	214	200
UniRef90_Q5DC76	39.62	214	226
UniRef90_A0A0G4GZJ0	47.83	214	254
UniRef90_Q4SXF8	91.50	214	159
UniRef90_A1HRR9	32.43	214	179
UniRef90_A0A0N0HGE7	34.24	214	178
UniRef90_A5K7E9	43.52	214	233
UniRef90_UPI00037E11A6	32.42	214	178
UniRef90_W5KPQ8	62.64	214	180
UniRef90_F5LD77	35.16	214	179
UniRef90_W4J2N1	49.30	214	806
UniRef90_A0A077XEE7	45.79	214	231
UniRef90_B3L3R4	43.52	214	233
UniRef90_F3BDE6	36.36	214	175
UniRef90_A0A0G4GBF6	47.93	214	250
UniRef90_C1BRN2	46.36	214	229
UniRef90_C5KTN2	45.33	214	242
UniRef90_UPI00035F7655	32.98	214	179
UniRef90_UPI0004628546	55.61	214	203
UniRef90_UPI0006D5337C	35.16	214	179
UniRef90_A0A0D1YM94	35.33	214	178
UniRef90_Q3AD71	33.70	214	179
UniRef90_A7B666	35.80	214	175
UniRef90_A0A024GV84	45.79	214	346
UniRef90_A6BI47	37.50	214	175
UniRef90_R1CR38	35.11	214	179
UniRef90_A0A0E4H5R5	33.87	214	179
UniRef90_H3SJQ0	32.42	214	182
UniRef90_A0A0H5S2S1	39.01	214	228
UniRef90_A0A044RFA9	41.59	214	217
UniRef90_F7IEB3	59.88	214	192
UniRef90_K8EKY6	34.24	214	179
UniRef90_UPI00040D8C63	33.51	214	179
UniRef90_R9MXH4	36.36	214	175
UniRef90_UPI0004077FA1	33.15	214	180
UniRef90_F0WFI3	43.98	214	220
UniRef90_A0A0K8JG07	32.80	214	183
UniRef90_C0C569	35.23	214	175
UniRef90_UPI00040BF6C7	34.78	214	181
UniRef90_D3PJR4	45.87	214	229
UniRef90_UPI00035DD3D2	34.62	214	179
UniRef90_A0A090L4K9	45.24	214	214
UniRef90_F0Z2L3	35.23	214	176
UniRef90_F6B7X5	32.61	214	179
UniRef90_A6NYG1	32.60	214	182
UniRef90_H2SXN4	65.64	214	180
UniRef90_A0A0A2U9T6	31.87	214	179
UniRef90_F3AQ67	34.66	214	175
UniRef90_UPI00047DE5F2	32.97	214	178
UniRef90_UPI000642DAE3	50.26	214	280
UniRef90_UPI00042A22E8	32.61	214	181
UniRef90_A0A094JJX6	34.78	214	179
UniRef90_A0A0N4U623	45.50	214	206
UniRef90_R9MG72	35.80	214	175
UniRef90_D3E771	32.97	214	179
UniRef90_A4J733	32.61	214	179
UniRef90_UPI0004B518C9	32.42	214	178
UniRef90_W6UDN4	41.07	214	244
UniRef90_A0A0K0EYT4	43.33	214	223
UniRef90_C5K6Q7	43.46	214	247
UniRef90_R5BEF2	35.71	214	181
UniRef90_K5ACE3	30.22	214	181
UniRef90_R7RSU6	37.84	214	180
UniRef90_H5Y1N7	32.62	214	180
UniRef90_M8DCJ5	33.52	214	179
UniRef90_UPI00051B7555	33.91	214	175
UniRef90_A9KR61	36.00	214	174
UniRef90_W0EAY1	32.09	214	178
UniRef90_C1BVJ4	46.79	214	234
UniRef90_G2FSN0	36.13	214	180
UniRef90_A0A081NW95	32.97	214	179
UniRef90_A0A096BIE5	35.33	214	178
UniRef90_F6DNU9	32.07	214	179
UniRef90_A0A0N5CUH3	40.65	214	215
UniRef90_UPI000310EFED	33.33	214	179
UniRef90_UPI0003715284	33.70	214	179
UniRef90_UPI0006C82CCD	34.41	214	179
UniRef90_B5CNR3	34.66	214	175
UniRef90_B2A3Q3	37.50	214	181
UniRef90_D5WRL3	34.07	214	195
UniRef90_D9S0F3	33.33	214	185
UniRef90_UPI0003F7AEAE	34.24	214	178
UniRef90_A0A0K1SBY4	44.19	214	231
UniRef90_V2ZJ67	30.05	214	180
UniRef90_K9DGH6	35.16	214	180
UniRef90_U6GV46	41.98	214	224
UniRef90_A0A075K7D1	32.42	214	179
UniRef90_A0A074ZV89	48.83	214	257
UniRef90_A0A0F2NAI5	34.59	214	180
UniRef90_UPI0003658012	36.61	214	185
UniRef90_E4XUQ3	49.77	214	237
UniRef90_R9IWA7	33.33	214	176
UniRef90_UPI0006D05DF1	30.32	214	179
UniRef90_UPI000467B9FF	34.66	214	175
UniRef90_F5LA09	36.26	214	180
UniRef90_Q5D9K6	39.91	214	229
UniRef90_E5XJW5	34.48	214	175
UniRef90_A0A0F2JFD1	34.22	214	180
UniRef90_A0A096CPC8	34.43	214	181
UniRef90_C0GJ07	33.88	214	176
UniRef90_R6BQK0	31.58	214	182
UniRef90_UPI00051AC42D	30.94	214	188
UniRef90_A0A089JBH3	33.52	214	179
UniRef90_A5CZ58	34.07	214	181
UniRef90_UPI0002F2AFE9	30.65	214	179
UniRef90_C0ZHF8	32.80	214	179
UniRef90_A0A0N4ZXY4	42.86	214	215
UniRef90_A0A0J1FPG5	34.22	214	180
UniRef90_A0A089LJT5	33.33	214	179
UniRef90_A0A0A2TKD8	34.57	214	182
UniRef90_A0A089IG14	33.52	214	179
UniRef90_UPI00067F411D	29.83	214	185
UniRef90_F3AF49	34.09	214	174
UniRef90_R7IWR9	36.36	214	175
UniRef90_A0A015LQU9	33.87	214	179
UniRef90_V9WBQ3	32.97	214	179
UniRef90_A0A0F5R840	32.45	214	179
UniRef90_A0A0L6Z730	33.33	214	179
UniRef90_F7Z160	33.89	214	182
UniRef90_UPI00037975C8	34.95	214	180
UniRef90_A0A097ATY4	34.97	214	181
UniRef90_D3LWV7	34.24	214	179
UniRef90_A0A0A7FZW8	31.18	214	179
UniRef90_C6CRM6	32.80	214	179
UniRef90_A0A098F7E0	34.41	214	181
UniRef90_UPI0005D2A79E	35.23	214	176
UniRef90_UPI00035DDB76	32.61	214	179
UniRef90_E0RM67	32.97	214	179
UniRef90_UPI00048519F3	35.20	214	176
UniRef90_E7S8L4	32.62	214	180
UniRef90_C0B9U6	35.63	214	167
UniRef90_UPI0003F09B7E	57.31	214	331
UniRef90_D4J6E0	35.80	214	175
UniRef90_K4LGG5	33.71	214	187
UniRef90_UPI000670FE5C	69.05	214	259
UniRef90_Q839B2	33.88	214	181
UniRef90_A0A0D3VEL5	33.52	214	179
UniRef90_A0A0M2U3E5	35.14	214	179
UniRef90_G9YMM0	32.22	214	185
UniRef90_UPI00047CE581	33.33	214	182
UniRef90_UPI0006D7EC91	33.15	214	179
UniRef90_E0I8Y8	32.80	214	179
UniRef90_B8D064	34.24	214	186
UniRef90_R6X4I9	31.82	214	174
UniRef90_UPI0003670123	33.52	214	179
UniRef90_Q1WSH0	35.71	214	179
UniRef90_R5QIY2	35.23	214	178
UniRef90_R7R8X4	34.09	214	174
UniRef90_UPI0004141039	31.72	214	179
UniRef90_UPI0004E131CD	34.78	214	179
UniRef90_UPI0003646467	32.07	214	179
UniRef90_R8VZ12	31.87	214	181
UniRef90_R6EWH4	32.39	214	174
UniRef90_UPI00036392E9	33.91	214	173
UniRef90_R6CGZ7	34.25	214	173
UniRef90_R7AUV4	31.82	214	174
UniRef90_A0A0K2SNI5	35.75	214	182
UniRef90_UPI00048739BF	36.46	214	181
UniRef90_UPI0003B41CDA	35.43	214	175
UniRef90_UPI0003687272	35.00	214	178
UniRef90_R9MS60	30.68	214	174
UniRef90_UPI0004905B0E	31.52	214	182
UniRef90_R7JQK0	35.23	214	178
UniRef90_E8JW34	33.16	214	180
UniRef90_UPI00049584CF	31.91	214	179
UniRef90_R4KFF9	33.70	214	181
UniRef90_UPI00037B28C2	31.32	214	179
UniRef90_UPI00067F275D	35.00	214	181
UniRef90_R5XXK9	36.21	214	175
UniRef90_A0A0A2V870	32.42	214	181
UniRef90_C8W1J2	35.33	214	178
UniRef90_A0A069DKF3	31.87	214	179
UniRef90_B1KTC8	33.70	214	181
UniRef90_Q97TC4	31.69	214	180
UniRef90_G4LWQ1	39.62	214	228
UniRef90_R6CZ59	30.00	214	182
UniRef90_Q67S58	36.81	214	179
UniRef90_A0A0C2QA66	33.52	214	179
UniRef90_UPI0004699BC7	34.07	214	182
UniRef90_R2PM35	33.70	214	181
UniRef90_UPI0006B5369E	32.09	214	182
UniRef90_UPI0005CB9A98	31.52	214	179
UniRef90_D5XCM7	33.52	214	179
UniRef90_F9HED0	33.69	214	180
UniRef90_G9YGV7	34.78	214	182
UniRef90_F7NH59	32.26	214	181
UniRef90_H0UD01	33.87	214	179
UniRef90_J3EQ30	32.42	214	181
UniRef90_R5HFF6	29.89	214	179
UniRef90_F8K2B3	35.36	214	184
UniRef90_M5JHE7	32.98	214	181
UniRef90_UPI00039414ED	59.65	214	246
UniRef90_UPI0003EAABDF	54.55	214	179
UniRef90_UPI00028850B2	33.52	214	178
UniRef90_Q7RIY8	44.86	214	872
UniRef90_R6GJ24	35.23	214	178
UniRef90_C5VPG2	32.97	214	179
UniRef90_C4KZU0	33.52	214	181
UniRef90_A0A074ZV23	35.38	214	214
UniRef90_R6VAB8	33.91	214	173
UniRef90_A0A097B908	32.07	214	179
UniRef90_C0FRY2	35.06	214	178
UniRef90_M5J6X0	31.87	214	180
UniRef90_A0A0D5NI47	30.65	214	182
UniRef90_I0I2M0	33.33	214	195
UniRef90_UPI0002ED57E8	33.88	214	181
UniRef90_I0GJQ3	32.07	214	183
UniRef90_I6S0H1	33.88	214	181
UniRef90_W3Y233	35.33	214	181
UniRef90_R5DPP4	35.80	214	174
UniRef90_A0A024PBK3	34.78	214	179
UniRef90_UPI0003613C04	33.70	214	182
UniRef90_UPI000698E160	34.90	214	190
UniRef90_A0A099RUD9	32.42	214	181
UniRef90_A0A0A0BLC3	35.91	214	184
UniRef90_A0A0A2TBQ5	32.60	214	183
UniRef90_Q0SQ80	30.48	214	183
UniRef90_UPI0005509819	36.42	214	175
UniRef90_A0A0J8JD46	31.72	214	646
UniRef90_W7BZK6	30.43	214	179
UniRef90_UPI000378F8BA	32.97	214	179
UniRef90_W7D1H7	32.07	214	179
UniRef90_UPI0006190D17	31.18	214	179
UniRef90_R7D7S9	34.09	214	177
UniRef90_D1PL39	34.95	214	186
UniRef90_I7J665	34.78	214	179
UniRef90_U6NJR6	47.60	214	201
UniRef90_A0A0M3RDG4	32.45	214	181
UniRef90_UPI000556EAF6	32.11	214	179
UniRef90_UPI00063F2963	33.15	214	178
UniRef90_R5H0H9	32.95	214	174
UniRef90_UPI00065E1057	34.07	214	181
UniRef90_A0A0B0HU77	34.48	214	171
UniRef90_UPI00046F693D	34.43	214	180
UniRef90_D5D981	31.87	214	179
UniRef90_B7JK71	34.62	214	180
UniRef90_F0I4Z4	31.55	214	184
UniRef90_A0A0B4RFU3	32.78	214	183
UniRef90_C6J5B8	31.87	214	179
UniRef90_I0GSZ4	33.51	214	181
UniRef90_A0A0L0W8P9	33.87	214	179
UniRef90_UPI0004819F86	33.52	214	178
UniRef90_C6LFG3	34.09	214	173
UniRef90_UPI0006D47463	34.81	214	180
UniRef90_R5AD45	32.80	214	187
UniRef90_A0A078KRQ0	32.26	214	179
UniRef90_K0A902	32.78	214	181
