UniRef90_O59893	100.00	207	234
UniRef90_B6QNP7	87.38	207	288
UniRef90_B8MH72	86.89	207	306
UniRef90_W6QFT6	83.50	207	235
UniRef90_Q0CNM5	84.95	207	285
UniRef90_S8AT05	81.64	207	234
UniRef90_A0A0A2K3G6	82.13	207	625
UniRef90_K9FJZ1	82.27	207	546
UniRef90_Q4WG03	79.61	207	292
UniRef90_A1CD34	79.13	207	286
UniRef90_A0A093YSV8	75.73	207	232
UniRef90_A0A094C231	76.70	207	232
UniRef90_G9NPZ7	75.12	207	239
UniRef90_A0A0C3HCB1	75.24	207	284
UniRef90_A0A094I5X2	74.76	207	232
UniRef90_A0A0F9X6R5	72.68	207	235
UniRef90_A7ERZ9	72.82	207	300
UniRef90_A0A0D9M863	76.47	207	657
UniRef90_A0A0F8U1M1	77.29	207	237
UniRef90_A0A0G2I9L6	72.33	207	236
UniRef90_A0A094HZE5	74.27	207	232
UniRef90_G9N3Y9	70.24	207	235
UniRef90_A0A0C9W3I7	70.87	207	307
UniRef90_G9MX08	71.71	207	298
UniRef90_C9S8G4	71.84	207	281
UniRef90_A0A0G2EH47	73.79	207	255
UniRef90_A0A094G5K4	69.90	207	293
UniRef90_G2XCA2	71.84	207	295
UniRef90_S3CS59	68.93	207	235
UniRef90_A0A094AG52	68.93	207	292
UniRef90_A0A094G4I4	69.42	207	294
UniRef90_A0A094ABI8	69.90	207	281
UniRef90_R7S4I4	69.76	207	305
UniRef90_UPI000441101D	67.48	207	297
UniRef90_A0A084G5G5	65.85	207	283
UniRef90_A0A0F9XP88	70.73	207	299
UniRef90_W9CB24	70.39	207	299
UniRef90_G1XJ75	65.53	207	296
UniRef90_Q1K583	66.50	207	300
UniRef90_G4THL7	69.46	207	301
UniRef90_S8AE99	66.02	207	305
UniRef90_W7HMV5	66.50	207	316
UniRef90_UPI0004412806	65.05	207	296
UniRef90_A0A067T1K8	68.45	207	301
UniRef90_UPI00044158B3	61.17	207	228
UniRef90_G2YFP1	67.48	207	297
UniRef90_K5X1J3	65.37	207	299
UniRef90_Q99034	68.29	207	302
UniRef90_R7RXZ3	61.46	207	225
UniRef90_A0A0D2FHX5	65.38	207	229
UniRef90_A0A0D2PZ54	68.60	207	299
UniRef90_K5WJ81	62.44	207	230
UniRef90_A0A0D2XLL4	59.71	207	227
UniRef90_G2R5H0	62.50	207	300
UniRef90_G9P6M2	64.88	207	296
UniRef90_G2QJ94	61.47	207	314
UniRef90_C7ZGL9	60.87	207	289
UniRef90_A0A0B7K657	65.07	207	223
UniRef90_A0A098DCF8	58.74	207	230
UniRef90_A0A0M0TT72	61.84	207	310
UniRef90_G2R192	62.20	207	229
UniRef90_K1XKB7	62.62	207	310
UniRef90_A0A084QTG7	60.19	207	287
UniRef90_A0A0G4N345	62.62	207	233
UniRef90_A0A0M8P5N1	82.24	207	187
UniRef90_W3XMU5	64.11	207	226
UniRef90_A0A0C9VDH9	59.07	207	306
UniRef90_K3VHX0	58.74	207	301
UniRef90_G0SBF9	60.58	207	310
UniRef90_F2X2F9	61.54	207	228
UniRef90_G9NBD3	57.77	207	229
UniRef90_G2X5F3	62.44	207	339
UniRef90_A0A0N0DCZ4	56.31	207	318
UniRef90_B2AFR0	58.94	207	310
UniRef90_L7JBF6	60.29	207	229
UniRef90_Q2GZ03	60.77	207	226
UniRef90_Q7S259	61.17	207	227
UniRef90_A0A0M0UEZ5	60.10	207	228
UniRef90_J3NZK6	62.14	207	230
UniRef90_A0A010RNM9	56.31	207	238
UniRef90_F7W8D1	60.19	207	377
UniRef90_M3CZQ4	57.69	207	229
UniRef90_Q2HID0	60.39	207	298
UniRef90_M2MY42	61.54	207	232
UniRef90_M7TI58	58.65	207	226
UniRef90_B2ACA3	59.62	207	228
UniRef90_H1VBQ5	55.34	207	237
UniRef90_L2G1V9	54.85	207	234
UniRef90_A0A084FWR3	58.25	207	233
UniRef90_A0A074X9M6	61.84	207	226
UniRef90_N4VGD2	52.91	207	234
UniRef90_G0SG23	59.52	207	250
UniRef90_E3QU96	53.88	207	249
UniRef90_A0A0N1H445	61.24	207	230
UniRef90_A0A074WIM3	58.94	207	227
UniRef90_F9XDM8	56.46	207	232
UniRef90_U7Q170	57.21	207	220
UniRef90_R1ECR1	56.04	207	227
UniRef90_Q0CQH8	54.11	207	227
UniRef90_A0A0G2E0N2	55.77	207	229
UniRef90_R0KCY3	59.52	207	226
UniRef90_M1W9P8	53.40	207	289
UniRef90_A0A0L1HUJ5	58.10	207	228
UniRef90_A0A063BQZ2	49.55	207	248
UniRef90_A0A0F4ZIL8	53.40	207	304
UniRef90_A0A0G4KPU8	53.47	207	291
UniRef90_E4ZPY5	47.12	207	230
UniRef90_A0A084G0C6	54.86	207	189
UniRef90_A0A0M0UG08	50.95	207	243
UniRef90_Q0TY51	54.81	207	209
UniRef90_A0A0C2F0A5	48.54	207	247
UniRef90_A0A016PEY4	51.87	207	257
UniRef90_V9D6T2	55.00	207	177
UniRef90_A0A0B0E097	61.04	207	174
UniRef90_A0A0G4KQ37	60.00	207	149
UniRef90_A0A0G4KHI2	56.98	207	348
UniRef90_G2XHP6	45.41	207	276
UniRef90_A0A0F4GT64	46.60	207	205
UniRef90_J3NKP1	46.41	207	261
UniRef90_A0A0G4NI13	42.48	207	296
UniRef90_X0B5F7	57.45	207	164
UniRef90_H0EHA5	57.62	207	190
UniRef90_A0A090DCA2	41.07	207	264
UniRef90_A0A0F9XGP4	58.26	207	165
UniRef90_K1X112	50.98	207	473
UniRef90_A0A0H1BQ24	35.75	207	235
UniRef90_C1GC95	34.78	207	234
UniRef90_C5K1D1	36.23	207	240
UniRef90_E3QYH7	35.89	207	277
UniRef90_A6R5V8	35.10	207	236
UniRef90_A0A0G2HWZ7	34.95	207	236
UniRef90_A0A0C4EAV4	53.10	207	107
UniRef90_R1E7N0	35.10	207	208
UniRef90_A0A0D6A8F3	37.56	207	224
UniRef90_A0A0C3D1F8	37.68	207	226
UniRef90_G0SWU1	33.61	207	392
UniRef90_T0L3J2	34.45	207	279
UniRef90_A0A0L6WDF6	36.06	207	213
UniRef90_W9CSL9	33.50	207	303
UniRef90_G2YUJ6	33.00	207	299
UniRef90_L2GFZ5	32.51	207	240
UniRef90_F0X8S2	36.10	207	226
UniRef90_A0A0M8N6N7	33.66	207	291
UniRef90_G8SEL4	35.07	207	281
UniRef90_K1XLL6	33.17	207	297
UniRef90_A0A010RDA8	34.62	207	277
UniRef90_A0A0D1XML3	34.12	207	283
UniRef90_C5G0V3	32.06	207	307
UniRef90_A0A0G2HW18	32.35	207	268
UniRef90_G2WZN4	33.17	207	284
UniRef90_A0A010R4G1	31.37	207	233
UniRef90_S3CTP7	34.63	207	261
UniRef90_H1VHH1	32.51	207	238
UniRef90_G9NJW6	33.66	207	304
UniRef90_J3P695	32.84	207	235
UniRef90_M1W5U8	33.01	207	237
UniRef90_A7EWT6	33.82	207	351
UniRef90_W7MU15	32.68	207	297
UniRef90_J3KH70	32.69	207	229
UniRef90_A0A086T5J0	30.69	207	303
UniRef90_U6NF13	34.93	207	229
UniRef90_A0A0C9TIC1	33.97	207	231
UniRef90_R8BLM0	33.00	207	306
UniRef90_E3Q3Z6	32.02	207	230
UniRef90_A0A010QXD0	37.04	207	242
UniRef90_A0A067TM82	35.89	207	231
UniRef90_G2YYS3	36.67	207	241
UniRef90_N1PXB3	35.47	207	199
UniRef90_A0A0G4MD70	33.68	207	328
UniRef90_Q7S260	33.50	207	297
UniRef90_W3X4X9	34.29	207	220
UniRef90_L8GCH4	46.41	207	224
UniRef90_L8GCH4	71.15	207	224
UniRef90_UPI0001BF796A	33.82	207	325
UniRef90_UPI00058533DF	32.86	207	222
UniRef90_L2G593	34.41	207	276
UniRef90_H1VD91	34.26	207	238
UniRef90_A0A0D2Y5K4	31.02	207	307
UniRef90_N4VTA8	32.55	207	279
UniRef90_R1EWW2	33.96	207	249
UniRef90_A0A0F7ZTL2	31.25	207	309
UniRef90_A0A0C9U4T6	33.01	207	232
UniRef90_A0A093VRD8	36.76	207	224
UniRef90_C4JDS5	32.06	207	210
UniRef90_E4V6T4	30.14	207	235
UniRef90_A0A098DMW7	34.74	207	234
UniRef90_A0A067TRG1	34.45	207	231
UniRef90_G9MLT2	30.73	207	230
UniRef90_E9EEJ8	32.02	207	310
UniRef90_N4VA25	31.16	207	238
UniRef90_A0A067TH04	33.97	207	231
UniRef90_L7JNH1	31.07	207	299
UniRef90_F7W8D0	31.44	207	352
UniRef90_G0R8N5	32.52	207	299
UniRef90_A7EBS4	35.58	207	248
UniRef90_G3J580	32.66	207	293
UniRef90_J3NQP5	30.77	207	371
UniRef90_K2S724	33.96	207	233
UniRef90_A0A0C4DN66	30.39	207	333
UniRef90_A0A0A1SPD7	31.00	207	302
UniRef90_C7YIQ8	32.35	207	225
UniRef90_F9FGW0	32.16	207	267
UniRef90_A0A0L0N076	32.21	207	343
UniRef90_M3AN78	30.95	207	243
UniRef90_A0A0G2FDE6	30.73	207	260
UniRef90_A0A016P9J7	32.31	207	229
UniRef90_A0A0F9XKY7	29.76	207	298
UniRef90_G2Y037	31.13	207	237
UniRef90_A0A063BMJ2	34.13	207	316
UniRef90_W7L9P9	31.16	207	227
UniRef90_A0A066XXG4	30.73	207	225
UniRef90_A0A0L1JIW6	31.55	207	218
UniRef90_H1V0E8	30.73	207	225
UniRef90_T5ABP5	29.13	207	309
UniRef90_A0A0C4DN50	29.56	207	311
UniRef90_X0CQE9	32.16	207	456
UniRef90_X0CQE9	32.50	207	456
UniRef90_G4N8C3	30.00	207	327
UniRef90_F9FGW1	31.16	207	228
UniRef90_A0A066XHU0	32.86	207	276
UniRef90_R4LFY5	30.29	207	220
UniRef90_A0A0N0V791	30.58	207	282
UniRef90_B0DSL6	31.58	207	201
UniRef90_C7YIQ7	32.99	207	223
UniRef90_UPI000319E58D	30.95	207	225
UniRef90_A0A0L9SND4	30.10	207	302
UniRef90_A0A016Q3C8	30.10	207	282
UniRef90_M1WBQ0	29.06	207	285
UniRef90_B9U445	31.10	207	229
UniRef90_L2FHK2	33.33	207	239
UniRef90_C7ZHU0	32.02	207	281
UniRef90_J3NQL3	28.92	207	340
UniRef90_F9X4S7	31.53	207	224
UniRef90_L7JE76	29.56	207	440
UniRef90_F9F800	34.27	207	234
UniRef90_UPI0006983B8E	28.71	207	221
UniRef90_G2X1L1	29.67	207	247
UniRef90_A0A0J0CCW6	32.62	207	448
UniRef90_N1QF68	32.55	207	300
UniRef90_L7IUC6	29.58	207	259
UniRef90_UPI000526801C	28.99	207	219
UniRef90_A0A090MKQ3	28.64	207	282
UniRef90_A0A010S1F1	31.68	207	393
UniRef90_G2XQC6	30.19	207	237
UniRef90_A0A0A1T2I6	28.71	207	229
UniRef90_A0A0B7K2G6	28.23	207	326
UniRef90_W3XJG4	34.58	207	231
UniRef90_W7M0U3	33.33	207	234
UniRef90_N4W1B9	31.07	207	223
UniRef90_A0A0G4LZ96	31.10	207	731
UniRef90_L7JDW7	32.55	207	233
UniRef90_A0A0A1TMJ3	32.06	207	232
UniRef90_B2ARV3	30.54	207	296
UniRef90_A0A0B2WRF5	30.05	207	316
UniRef90_U5VZX7	28.85	207	216
UniRef90_U4L9E6	32.08	207	221
UniRef90_D4AUN9	31.58	207	237
UniRef90_L7IB17	29.79	207	232
UniRef90_A0A084QPM0	27.23	207	310
UniRef90_A0A086SXK5	31.39	207	291
UniRef90_F2PUB4	27.27	207	237
UniRef90_A0A0C4DSH2	31.78	207	235
UniRef90_K2QSN8	30.43	207	201
UniRef90_A0A0F4G6L8	31.51	207	326
UniRef90_T0JYT5	30.69	207	229
UniRef90_A2QT47	30.95	207	231
UniRef90_A0A0N1HAP1	36.13	207	262
UniRef90_M3ATI2	30.10	207	229
UniRef90_A0A023AC64	32.89	207	237
UniRef90_J4VVA5	32.16	207	298
UniRef90_L2FUI8	30.69	207	719
UniRef90_UPI00069C0A0C	32.24	207	287
UniRef90_F9XIU1	32.35	207	202
UniRef90_M3DBF7	31.68	207	238
UniRef90_A0A0G4P2A9	31.65	207	232
UniRef90_N4TQY3	32.43	207	164
UniRef90_A0A0M2LL54	35.53	207	202
UniRef90_A0A0D9MJL8	32.21	207	276
UniRef90_M2RAY8	30.70	207	236
UniRef90_E3Q7T7	28.78	207	218
UniRef90_H1V7K5	29.30	207	230
UniRef90_A0A0D2ECL4	31.49	207	304
UniRef90_M7SW59	33.49	207	233
UniRef90_C9SEK2	29.41	207	247
UniRef90_A0A0G2FQQ5	29.82	207	247
UniRef90_A0A0A1TI83	28.64	207	233
UniRef90_J3P8X2	33.18	207	260
UniRef90_A0A0G4PFL6	28.65	207	332
UniRef90_N4V5K2	28.84	207	230
UniRef90_R8BW67	30.84	207	391
UniRef90_S3E0V0	30.97	207	385
UniRef90_V5I613	30.56	207	299
UniRef90_A0A0G4KZ37	31.61	207	252
UniRef90_W3X9X6	29.91	207	341
UniRef90_B8LWY3	29.05	207	232
UniRef90_A0A0B7JU22	31.05	207	352
UniRef90_A0A0M2JRN2	31.77	207	221
UniRef90_A0A0D2DKG5	32.03	207	306
UniRef90_U7PJR6	30.41	207	325
UniRef90_M7XE73	44.57	207	161
UniRef90_W3XIF1	30.05	207	232
UniRef90_UPI000568DDA0	30.84	207	219
UniRef90_A0A0B7JTL2	26.96	207	274
UniRef90_M2RND4	31.25	207	370
UniRef90_L2GEA9	31.42	207	335
UniRef90_J5K911	28.96	207	250
UniRef90_V5FYA5	29.17	207	241
UniRef90_W6Y4A3	31.85	207	351
UniRef90_A0A0L1HJ80	30.00	207	346
UniRef90_B2WH88	29.45	207	355
UniRef90_E3KST2	29.44	207	238
UniRef90_A0A074VMH2	30.05	207	411
UniRef90_A0A0L0HB83	28.30	207	227
UniRef90_C9SX20	28.32	207	307
UniRef90_W7A477	31.25	207	262
UniRef90_M2R5Y3	31.93	207	423
UniRef90_M2UKW6	30.00	207	351
UniRef90_T2GVH0	29.30	207	252
UniRef90_M2UCS6	32.05	207	236
UniRef90_A0A0D1LCL5	31.92	207	202
UniRef90_G1X3Q3	28.34	207	252
UniRef90_E3RWH1	31.48	207	444
UniRef90_UPI00065E0BAB	30.48	207	221
UniRef90_UPI0006845164	30.35	207	273
UniRef90_Q4WG03	79.61	207	292
UniRef90_G9NPZ7	75.12	207	239
UniRef90_O59893	100.00	207	234
UniRef90_A1CD34	79.13	207	286
UniRef90_A0A0A2K3G6	82.13	207	625
UniRef90_A0A094G4I4	69.42	207	294
UniRef90_A0A0C9W3I7	70.87	207	307
UniRef90_A0A0F9X6R5	72.68	207	235
UniRef90_G9N3Y9	70.24	207	235
UniRef90_S8AT05	81.64	207	234
UniRef90_A0A0G2EH47	73.79	207	255
UniRef90_A7ERZ9	72.82	207	300
UniRef90_A0A0C3HCB1	75.24	207	284
UniRef90_A0A094G5K4	69.90	207	293
UniRef90_K9FJZ1	81.86	207	546
UniRef90_A0A094AG52	68.93	207	292
UniRef90_W6QFT6	83.50	207	235
UniRef90_S3CS59	68.93	207	235
UniRef90_B6QNP7	87.38	207	288
UniRef90_C9S8G4	71.50	207	281
UniRef90_G9MX08	71.71	207	298
UniRef90_A0A094ABI8	69.90	207	281
UniRef90_A0A0D9M863	76.85	207	657
UniRef90_UPI000441101D	67.15	207	297
UniRef90_R7S4I4	69.42	207	305
UniRef90_A0A0D2XLL4	59.71	207	227
UniRef90_A0A098DCF8	58.74	207	230
UniRef90_A0A084G5G5	65.85	207	283
UniRef90_UPI0004412806	64.73	207	296
UniRef90_G2XCA2	71.50	207	295
UniRef90_A0A0G2I9L6	72.33	207	236
UniRef90_G0SBF9	60.29	207	310
UniRef90_UPI00044158B3	60.87	207	228
UniRef90_Q1K583	66.50	207	300
UniRef90_G1XJ75	65.22	207	296
UniRef90_B8MH72	86.89	207	306
UniRef90_W7HMV5	66.50	207	316
UniRef90_Q0CNM5	84.95	207	285
UniRef90_H1VBQ5	55.34	207	237
UniRef90_R7RXZ3	61.46	207	225
UniRef90_S8AE99	65.70	207	305
UniRef90_G2R5H0	62.50	207	300
UniRef90_F7W8D1	60.49	207	377
UniRef90_A0A0M0TT72	61.84	207	310
UniRef90_A0A010RNM9	56.31	207	238
UniRef90_E3QU96	53.88	207	249
UniRef90_A0A0F9XP88	70.73	207	299
UniRef90_G2X5F3	62.44	207	339
UniRef90_A0A067T1K8	68.45	207	301
UniRef90_L2G1V9	54.85	207	234
UniRef90_N4VGD2	52.91	207	234
UniRef90_W9CB24	70.39	207	299
UniRef90_G9NBD3	57.49	207	229
UniRef90_A0A084FWR3	58.25	207	233
UniRef90_G2QJ94	61.47	207	314
UniRef90_A0A093YSV8	75.73	207	232
UniRef90_Q99034	68.29	207	302
UniRef90_G4THL7	69.46	207	301
UniRef90_K5WJ81	62.14	207	230
UniRef90_B2AFR0	58.65	207	310
UniRef90_K5X1J3	65.05	207	299
UniRef90_A0A094C231	76.70	207	232
UniRef90_K3VHX0	58.74	207	301
UniRef90_G2YFP1	67.48	207	297
UniRef90_A0A0D2FHX5	65.38	207	229
UniRef90_A0A074WIM3	58.94	207	227
UniRef90_G2R192	62.20	207	229
UniRef90_C7ZGL9	60.87	207	289
UniRef90_A0A0M0UEZ5	60.10	207	228
UniRef90_A0A094I5X2	74.76	207	232
UniRef90_A0A0G4N345	62.62	207	233
UniRef90_A0A094HZE5	74.27	207	232
UniRef90_A0A0N0DCZ4	56.31	207	318
UniRef90_K1XKB7	62.62	207	310
UniRef90_Q0CQH8	54.11	207	227
UniRef90_G0SG23	58.29	207	250
UniRef90_A0A0F8U1M1	77.29	207	237
UniRef90_A0A084QTG7	60.19	207	287
UniRef90_Q7S259	61.46	207	227
UniRef90_J3NZK6	62.44	207	230
UniRef90_A0A0B7K657	65.07	207	223
UniRef90_L7JBF6	60.29	207	229
UniRef90_Q2HID0	60.39	207	298
UniRef90_Q2GZ03	60.77	207	226
UniRef90_A0A074X9M6	61.84	207	226
UniRef90_B2ACA3	59.62	207	228
UniRef90_A0A0D2PZ54	68.60	207	299
UniRef90_A0A0C9VDH9	58.80	207	306
UniRef90_M1W9P8	53.40	207	289
UniRef90_A0A0G2E0N2	55.56	207	229
UniRef90_F2X2F9	61.54	207	228
UniRef90_R1ECR1	55.34	207	227
UniRef90_M3CZQ4	57.69	207	229
UniRef90_M7TI58	58.65	207	226
UniRef90_M2MY42	60.58	207	232
UniRef90_W3XMU5	64.11	207	226
UniRef90_G9P6M2	64.88	207	296
UniRef90_U7Q170	57.21	207	220
UniRef90_F9XDM8	56.46	207	232
UniRef90_A0A0C2F0A5	48.54	207	247
UniRef90_A0A0N1H445	60.77	207	230
UniRef90_A0A063BQZ2	49.55	207	248
UniRef90_E3QYH7	35.35	207	277
UniRef90_C5G0V3	31.25	207	307
UniRef90_R0KCY3	58.10	207	226
UniRef90_T0L3J2	33.95	207	279
UniRef90_L2GFZ5	31.25	207	240
UniRef90_A0A0L1HUJ5	57.62	207	228
UniRef90_E3Q3Z6	30.29	207	230
UniRef90_H1VHH1	30.62	207	238
UniRef90_A0A010R4G1	30.29	207	233
UniRef90_A0A0F4ZIL8	53.40	207	304
UniRef90_W9CSL9	33.50	207	303
UniRef90_G0SWU1	33.20	207	392
UniRef90_A0A086T5J0	30.43	207	303
UniRef90_J3NQP5	30.15	207	371
UniRef90_A0A0M0UG08	49.28	207	243
UniRef90_R8BLM0	32.04	207	306
UniRef90_M1W5U8	32.54	207	237
UniRef90_A0A010S1F1	30.39	207	393
UniRef90_G2XHP6	45.41	207	276
UniRef90_K1XLL6	32.21	207	297
UniRef90_A7EWT6	32.84	207	351
UniRef90_C1GC95	34.30	207	234
UniRef90_G2WZN4	32.70	207	284
UniRef90_A0A0C4DN50	29.33	207	311
UniRef90_A0A066XXG4	29.61	207	225
UniRef90_A0A0G4NI13	41.59	207	296
UniRef90_E4ZPY5	46.63	207	230
UniRef90_N4VA25	30.43	207	238
UniRef90_G2YUJ6	33.17	207	299
UniRef90_A0A0G2HWZ7	34.95	207	236
UniRef90_Q7S260	31.55	207	297
UniRef90_C5K1D1	36.02	207	240
UniRef90_A0A0H1BQ24	35.75	207	235
UniRef90_N4W1B9	28.50	207	223
UniRef90_A0A0F7ZTL2	31.58	207	309
UniRef90_A0A0G2HW18	31.37	207	268
UniRef90_G4N8C3	28.99	207	327
UniRef90_H1V0E8	29.61	207	225
UniRef90_A0A010RDA8	34.43	207	277
UniRef90_A0A0G4KPU8	54.23	207	291
UniRef90_W7MU15	30.95	207	297
UniRef90_N4VTA8	31.65	207	279
UniRef90_W3X4X9	32.38	207	220
UniRef90_J3KH70	32.69	207	229
UniRef90_A6R5V8	35.10	207	236
UniRef90_J3NKP1	46.41	207	261
UniRef90_C7ZHU0	30.00	207	281
UniRef90_Q0TY51	54.33	207	209
UniRef90_A0A0G4MD70	33.84	207	328
UniRef90_A0A0M8N6N7	33.82	207	291
UniRef90_A0A0G2FDE6	30.48	207	260
UniRef90_A0A0F9XKY7	28.71	207	298
UniRef90_F9FGW0	31.07	207	267
UniRef90_L2FUI8	30.29	207	719
UniRef90_C7YIQ8	30.14	207	225
UniRef90_E4V6T4	29.67	207	235
UniRef90_A0A084QPM0	27.05	207	310
UniRef90_K2S724	33.33	207	233
UniRef90_B2ARV3	29.67	207	296
UniRef90_UPI00058533DF	33.01	207	222
UniRef90_A0A0C4DN66	30.14	207	333
UniRef90_T0JYT5	30.69	207	229
UniRef90_G8SEL4	33.97	207	281
UniRef90_R1E7N0	34.78	207	208
UniRef90_G9MLT2	29.76	207	230
UniRef90_B9U445	29.19	207	229
UniRef90_A0A0D1XML3	33.01	207	283
UniRef90_A0A090MKQ3	25.98	207	282
UniRef90_T5ABP5	28.91	207	309
UniRef90_A0A0D2Y5K4	29.86	207	307
UniRef90_D4AUN9	26.44	207	237
UniRef90_W7L9P9	30.10	207	227
UniRef90_A0A067TRG1	33.49	207	231
UniRef90_R1EWW2	33.33	207	249
UniRef90_J3P695	32.06	207	235
UniRef90_A0A0C9U4T6	33.01	207	232
UniRef90_G9NJW6	30.62	207	304
UniRef90_A0A0M8P5N1	83.33	207	187
UniRef90_A0A0C9TIC1	33.97	207	231
UniRef90_A0A0L1JIW6	31.07	207	218
UniRef90_A0A0G4LZ96	31.10	207	731
UniRef90_F2PUB4	26.79	207	237
UniRef90_A0A084G0C6	53.63	207	189
UniRef90_L7IB17	28.87	207	232
UniRef90_L7JNH1	30.99	207	299
UniRef90_A0A0B2WRF5	28.50	207	316
UniRef90_E9EEJ8	31.88	207	310
UniRef90_M1WBQ0	28.85	207	285
UniRef90_U6NF13	34.45	207	229
UniRef90_A0A0L6WDF6	35.58	207	213
UniRef90_A0A0A1SPD7	30.58	207	302
UniRef90_F9FGW1	30.48	207	228
UniRef90_A0A0L0N076	30.10	207	343
UniRef90_A0A016P9J7	30.05	207	229
UniRef90_A0A0F4GT64	46.60	207	205
UniRef90_A0A023AC64	27.75	207	237
UniRef90_A2QT47	29.33	207	231
UniRef90_S3CTP7	34.29	207	261
UniRef90_A0A0L9SND4	29.05	207	302
UniRef90_G2Y037	30.33	207	237
UniRef90_A0A0G4KHI2	56.98	207	348
UniRef90_E3Q7T7	27.67	207	218
UniRef90_G2X1L1	29.67	207	247
UniRef90_L2G593	34.22	207	276
UniRef90_G0R8N5	30.92	207	299
UniRef90_G2XQC6	29.38	207	237
UniRef90_A0A0G4P2A9	29.86	207	232
UniRef90_X0CQE9	31.07	207	456
UniRef90_X0CQE9	31.71	207	456
UniRef90_A0A067TM82	35.41	207	231
UniRef90_A0A067TH04	33.97	207	231
UniRef90_A0A0N0V791	28.43	207	282
UniRef90_A0A0C4DSH2	31.78	207	235
UniRef90_L7IUC6	29.58	207	259
UniRef90_A0A0J0CCW6	31.09	207	448
UniRef90_B0DSL6	31.58	207	201
UniRef90_J3NQL3	27.80	207	340
UniRef90_A0A0D6A8F3	37.14	207	224
UniRef90_C4JDS5	32.06	207	210
UniRef90_A0A016Q3C8	27.45	207	282
UniRef90_A0A098DMW7	33.49	207	234
UniRef90_N1PXB3	33.82	207	199
UniRef90_C7YIQ7	32.06	207	223
UniRef90_A0A0G4PFL6	25.57	207	332
UniRef90_U4L9E6	31.73	207	221
UniRef90_F7W8D0	30.90	207	352
UniRef90_UPI0001BF796A	32.86	207	325
UniRef90_A0A010QXD0	34.11	207	242
UniRef90_A0A063BMJ2	32.40	207	316
UniRef90_A0A016PEY4	52.17	207	257
UniRef90_A0A0B7K2G6	27.75	207	326
UniRef90_A0A0C3D1F8	36.79	207	226
UniRef90_W7M0U3	32.55	207	234
UniRef90_L7JE76	28.37	207	440
UniRef90_F0X8S2	35.71	207	226
UniRef90_F9F800	33.49	207	234
UniRef90_A0A0B0E097	61.04	207	174
UniRef90_A0A086SXK5	27.48	207	291
UniRef90_G2YYS3	35.41	207	241
UniRef90_M3AN78	29.58	207	243
UniRef90_L7JDW7	32.39	207	233
UniRef90_M3ATI2	28.57	207	229
UniRef90_F9X4S7	31.25	207	224
UniRef90_H1VD91	32.71	207	238
UniRef90_V9D6T2	54.70	207	177
UniRef90_L2FHK2	31.16	207	239
UniRef90_M2RAY8	31.16	207	236
UniRef90_M3DBF7	28.78	207	238
UniRef90_A0A090DCA2	40.62	207	264
UniRef90_W3XJG4	31.43	207	231
UniRef90_A0A066XHU0	31.02	207	276
UniRef90_A0A0G4KQ37	60.00	207	149
UniRef90_W3XIF1	29.58	207	232
UniRef90_X0B5F7	57.45	207	164
UniRef90_U5VZX7	28.85	207	216
UniRef90_A0A0G2FQQ5	29.17	207	247
UniRef90_V5FYA5	27.57	207	241
UniRef90_G3J580	32.02	207	293
UniRef90_A0A0D2ECL4	27.93	207	304
UniRef90_A0A0A1T2I6	29.11	207	229
UniRef90_C9SEK2	29.13	207	247
UniRef90_A7EBS4	34.62	207	248
UniRef90_S3E0V0	29.91	207	385
UniRef90_W9K749	22.94	207	545
UniRef90_N1QF68	31.51	207	300
UniRef90_R8BW67	29.91	207	391
UniRef90_A0A0A1TI83	28.17	207	233
UniRef90_UPI0006983B8E	28.71	207	221
UniRef90_A0A0A1TMJ3	30.05	207	232
UniRef90_J4VVA5	31.68	207	298
UniRef90_W3X9X6	28.97	207	341
UniRef90_A0A0F4Z9J2	26.17	207	335
UniRef90_M7SW59	33.49	207	233
UniRef90_W9IBE7	22.94	207	336
UniRef90_R4LFY5	29.33	207	220
UniRef90_J3P8X2	33.18	207	260
UniRef90_A0A016Q1Q4	26.39	207	350
UniRef90_C7Z935	24.65	207	227
UniRef90_A0A0D2DKG5	26.82	207	306
UniRef90_V5I613	29.63	207	299
UniRef90_F9F4K6	22.94	207	345
UniRef90_J5K911	28.89	207	250
UniRef90_A0A093VRD8	36.19	207	224
UniRef90_A0A074VMH2	27.57	207	411
UniRef90_L2GEA9	29.30	207	335
UniRef90_A0A074WEU8	25.23	207	384
UniRef90_A0A0F4G6L8	30.59	207	326
UniRef90_H1V7K5	29.58	207	230
UniRef90_A0A0B7JTL2	26.34	207	274
UniRef90_A0A0N1HAP1	34.42	207	262
UniRef90_A0A074ZMS0	25.70	207	406
UniRef90_K2QSN8	30.43	207	201
UniRef90_UPI000526801C	27.05	207	219
UniRef90_A0A0B7JU22	27.91	207	352
UniRef90_F9XIU1	31.22	207	202
UniRef90_N4VWE3	29.30	207	341
UniRef90_C9SX20	25.65	207	307
UniRef90_A0A0G4KZ37	30.12	207	252
UniRef90_A0A084Q841	25.58	207	353
UniRef90_N4V5K2	29.58	207	230
UniRef90_A0A0C4E9K5	24.77	207	395
UniRef90_H0EHA5	57.24	207	190
UniRef90_A0A0L1HGE0	28.64	207	707
UniRef90_G1X3Q3	26.17	207	252
UniRef90_A0A074VXP7	25.59	207	214
UniRef90_H6BPR4	30.28	207	375
UniRef90_A0A074Y6G0	27.10	207	394
UniRef90_U7PJR6	26.92	207	325
UniRef90_A0A0D2DKU0	26.61	207	387
UniRef90_A0A0D9MJL8	29.63	207	276
UniRef90_A0A0M2LL54	31.73	207	202
UniRef90_A0A066XJ83	26.51	207	333
UniRef90_UPI00069C0A0C	32.39	207	287
UniRef90_W9Y4Z1	26.15	207	358
UniRef90_W6Y4A3	24.88	207	351
UniRef90_N4TQY3	30.59	207	164
UniRef90_M2UCS6	28.30	207	236
UniRef90_A0A0D2CHB8	26.61	207	391
UniRef90_J3PH09	24.30	207	518
UniRef90_A0A074YS29	26.51	207	330
UniRef90_A0A072P3V7	25.45	207	260
UniRef90_A0A0F9XGP4	57.76	207	165
UniRef90_A0A0D2AG04	27.06	207	247
UniRef90_E3QIP4	25.58	207	340
UniRef90_A0A074XJI2	27.44	207	336
UniRef90_M2UKW6	24.41	207	351
UniRef90_W7A477	25.82	207	262
UniRef90_R0IST7	26.98	207	398
UniRef90_M2SM91	27.83	207	349
UniRef90_M2R5Y3	25.58	207	423
UniRef90_B8LWY3	29.11	207	232
UniRef90_UPI000319E58D	30.95	207	225
UniRef90_A0A010R9F3	27.44	207	333
UniRef90_R0K5N6	28.85	207	339
UniRef90_B2WH88	26.17	207	355
UniRef90_M2RND4	25.35	207	370
UniRef90_A0A0D1ZIC2	25.57	207	252
UniRef90_A0A0L1HJ80	24.88	207	346
UniRef90_W6Q3L7	27.19	207	237
UniRef90_A0A072PMX9	25.58	207	368
UniRef90_A0A0L1HJ89	25.58	207	408
UniRef90_A0A074XR69	24.65	207	334
UniRef90_A0A0D1YYK8	26.73	207	397
UniRef90_E3RTW2	24.17	207	340
UniRef90_W6Y1S3	24.19	207	404
UniRef90_W2S5J2	23.64	207	244
UniRef90_E3RWH1	26.98	207	444
UniRef90_E3QKY4	24.41	207	240
UniRef90_Q0V263	26.54	207	330
UniRef90_A0A0D2DJB5	26.76	207	383
UniRef90_S8BS86	28.04	207	252
UniRef90_K1X112	50.98	207	473
UniRef90_W9VUP1	26.15	207	360
UniRef90_M3AUZ6	25.81	207	487
UniRef90_A0A0G2HT51	25.33	207	294
UniRef90_A0A0D1ZDW0	27.19	207	388
UniRef90_A0A0D2D5U0	25.35	207	387
UniRef90_A0A0D2BAA1	25.81	207	412
UniRef90_M2MSS1	24.77	207	378
UniRef90_A0A0C4DXE2	23.18	207	307
UniRef90_G4NI03	25.11	207	236
UniRef90_W2SAG6	23.04	207	338
UniRef90_A0A0D2DRV7	25.57	207	402
UniRef90_K3UFR0	24.29	207	202
UniRef90_V9D552	25.69	207	358
UniRef90_A0A0L0HB83	27.01	207	227
UniRef90_R0KJV9	25.23	207	359
UniRef90_M2RC24	23.85	207	351
UniRef90_Q0UH92	28.37	207	324
UniRef90_A0A066X178	25.82	207	290
UniRef90_U5WT39	27.40	207	218
UniRef90_H1VVE5	26.22	207	245
UniRef90_A0A0D2F8S8	25.69	207	422
UniRef90_A2QT66	28.70	207	236
UniRef90_G4NFB6	23.29	207	370
UniRef90_E4ZXP4	21.86	207	391
UniRef90_A0A0N1NYL3	24.55	207	223
UniRef90_UPI0006886590	26.29	207	299
UniRef90_UPI0003483BC8	25.82	207	308
UniRef90_A0A0L1HWK1	26.15	207	348
UniRef90_C9SN49	30.28	207	274
UniRef90_M2RTP5	26.13	207	317
UniRef90_R0KHQ1	25.68	207	317
UniRef90_H1VMH6	24.88	207	333
UniRef90_UPI000568DDA0	28.85	207	219
UniRef90_N4UNV0	25.23	207	334
UniRef90_E5AE17	26.58	207	316
UniRef90_Q0U4U8	24.65	207	298
UniRef90_A0A0L1HX42	27.03	207	317
UniRef90_UPI0006E31021	26.09	207	212
UniRef90_A0A093ZXK1	28.77	207	235
UniRef90_A0A061LUX4	26.76	207	296
UniRef90_L2FB73	22.90	207	334
UniRef90_E3KST2	27.36	207	238
UniRef90_UPI00015843DC	21.80	207	193
UniRef90_V4IZI3	25.71	207	218
UniRef90_A0A010R860	23.94	207	333
UniRef90_UPI0002629DDD	25.94	207	310
UniRef90_E3QTG4	26.76	207	328
UniRef90_M7XE73	31.65	207	161
UniRef90_B2W9X2	23.29	207	344
UniRef90_L7IGG7	24.79	207	233
UniRef90_B2VYG1	26.13	207	315
UniRef90_UPI0004678BB5	26.09	207	220
UniRef90_A0A0D1LCL5	27.96	207	202
UniRef90_A0A0C4EAV4	53.10	207	107
UniRef90_A0A066XHU8	25.46	207	330
UniRef90_UPI000687150E	24.65	207	304
UniRef90_X7YEH8	26.37	207	174
UniRef90_E3S3K4	20.83	207	340
UniRef90_UPI00065E0BAB	26.79	207	221
UniRef90_UPI000697B1FA	25.46	207	263
UniRef90_J4TKW5	26.79	207	211
UniRef90_A0A072PCM2	27.52	207	375
UniRef90_UPI0006A7A12A	24.53	207	307
UniRef90_A0A0A0J5A2	24.77	207	233
UniRef90_A0A0H2ZYR5	25.96	207	206
UniRef90_UPI0003B02C78	25.37	207	201
UniRef90_UPI0005CAF715	25.48	207	220
UniRef90_A0A024JU36	24.64	207	220
UniRef90_J4THT2	26.07	207	240
UniRef90_UPI0006988029	29.38	207	222
UniRef90_U5EI01	23.98	207	234
UniRef90_UPI000695BCA0	24.06	207	311
UniRef90_D1AAT1	24.88	207	241
UniRef90_A0A0N1P395	23.01	207	357
UniRef90_A1UE80	26.98	207	241
UniRef90_A0A0G4NHI6	36.28	207	1122
UniRef90_J3NYY1	23.68	207	240
UniRef90_A0A0M2JRN2	30.14	207	221
UniRef90_A0A0E9L177	24.16	207	259
UniRef90_A0A099CHC7	26.32	207	219
UniRef90_B8DW94	26.18	207	267
UniRef90_A0A0A7I6W2	24.39	207	228
UniRef90_UPI000467407B	24.29	207	237
UniRef90_UPI000377CF1A	27.88	207	222
UniRef90_B2HCY1	26.92	207	231
UniRef90_G4MS46	18.83	207	336
UniRef90_UPI0002FEEDC2	27.00	207	226
UniRef90_K0UTS7	26.67	207	193
UniRef90_V5XAC3	27.75	207	215
UniRef90_G7CKG0	24.40	207	217
UniRef90_D5PCI4	27.40	207	206
UniRef90_A0A0I9UWX2	25.84	207	224
UniRef90_UPI0006FF94A8	24.52	207	214
UniRef90_UPI00048E1AFE	25.47	207	216
UniRef90_A0A0A2LE95	22.22	207	200
UniRef90_A0A051TUH6	25.59	207	254
UniRef90_UPI000687F781	24.35	207	229
UniRef90_X5KVE7	24.10	207	217
UniRef90_E6TDG9	25.12	207	225
UniRef90_UPI0003FB80E9	24.76	207	283
UniRef90_A1T525	25.36	207	221
UniRef90_UPI0006FD9B67	23.11	207	192
UniRef90_UPI0006F6F40E	27.23	207	225
UniRef90_T2GVH0	27.01	207	252
UniRef90_UPI00065DFA55	24.40	207	231
UniRef90_A0A0L0VJS1	28.71	207	390
UniRef90_A0A087C6A5	24.39	207	297
UniRef90_I0S007	26.39	207	248
UniRef90_A4TDG0	24.88	207	260
UniRef90_A0A0C7DKQ6	23.26	207	239
UniRef90_G4ZWV7	28.35	207	213
UniRef90_K0VKS6	26.57	207	207
UniRef90_UPI00065DC238	27.14	207	221
UniRef90_UPI00061A8D82	27.49	207	231
UniRef90_B2HCY2	29.38	207	267
UniRef90_A0A081ANT8	27.84	207	215
UniRef90_A0A0K0XE63	25.36	207	227
UniRef90_UPI000682B424	25.00	207	246
UniRef90_UPI0006851A2B	26.79	207	223
UniRef90_UPI000477830C	26.19	207	221
UniRef90_A0A064CU79	29.58	207	257
UniRef90_A0A011ADR5	25.49	207	218
UniRef90_A0A024GMV3	23.38	207	199
UniRef90_UPI00065E6E94	26.67	207	212
UniRef90_UPI0005639EF0	23.44	207	229
UniRef90_A4T9U0	26.19	207	212
UniRef90_A0A040CYJ6	23.26	207	237
UniRef90_UPI00068A9D33	24.19	207	218
UniRef90_E3KST5	26.67	207	358
UniRef90_A0A0E4CQX0	25.24	207	236
UniRef90_K0VC81	23.92	207	219
UniRef90_G8RNC7	24.88	207	215
UniRef90_A0A0C4EJA5	26.92	207	352
UniRef90_I7F7S6	26.76	207	295
UniRef90_L0IQX7	24.29	207	312
UniRef90_UPI000686930C	25.93	207	225
UniRef90_A0A0J6VPB9	23.92	207	248
UniRef90_UPI000464BF47	27.62	207	221
UniRef90_H8IK65	27.49	207	249
UniRef90_UPI000662A62B	27.14	207	245
UniRef90_A0QSM2	26.32	207	224
UniRef90_UPI000686FD39	24.88	207	204
UniRef90_A0A0A2KBH5	27.21	207	183
UniRef90_UPI00037BBF16	28.50	207	221
UniRef90_UPI000465620D	26.07	207	279
UniRef90_A0A0K0XH09	27.91	207	245
UniRef90_I4BEZ9	26.57	207	211
