UniRef90_A9MHQ2	91.10	292	292
UniRef90_A0A0L0ARB8	88.36	292	292
UniRef90_E3G9E8	88.70	292	292
UniRef90_A7MP70	87.67	292	292
UniRef90_W6JE40	88.36	292	292
UniRef90_L0M1L8	88.01	292	292
UniRef90_A0A089PKN9	88.70	292	292
UniRef90_A6TCA1	87.67	292	292
UniRef90_A0A089UQL0	84.59	292	292
UniRef90_A0A071M0P0	84.25	292	292
UniRef90_D8MVL2	82.19	292	292
UniRef90_UPI00035E82EA	86.64	292	292
UniRef90_Q6D7R3	82.53	292	292
UniRef90_UPI0006F874AC	81.51	292	292
UniRef90_G7LRF0	82.53	292	292
UniRef90_E5YHE3	81.57	292	293
UniRef90_UPI00047A0A08	82.53	292	292
UniRef90_B2VE56	80.48	292	292
UniRef90_A0A0A1B267	80.82	292	292
UniRef90_Q2NS74	78.42	292	292
UniRef90_E6WCY4	78.69	292	292
UniRef90_E1SAL1	78.35	292	292
UniRef90_L0MJL5	79.18	292	295
UniRef90_I2B6M8	77.74	292	292
UniRef90_I0QNY5	79.18	292	293
UniRef90_Q668F7	78.50	292	293
UniRef90_A0A084A4R3	77.82	292	293
UniRef90_UPI0004BB9E38	76.03	292	292
UniRef90_Q7N3H1	78.77	292	299
UniRef90_T1HE09	79.93	292	280
UniRef90_W0L5A7	78.16	292	293
UniRef90_UPI00035D9340	76.98	292	292
UniRef90_A0A085HNN9	77.05	292	292
UniRef90_A0A0G3CLS3	75.34	292	292
UniRef90_E9CM39	77.82	292	293
UniRef90_A0A095T7D4	75.26	292	292
UniRef90_A0A085JHV6	73.88	292	292
UniRef90_W3YDX2	76.03	292	312
UniRef90_A0A0J8YSW0	73.20	292	292
UniRef90_A0A0A2WL12	85.77	292	1135
UniRef90_R4I0X1	76.11	292	295
UniRef90_A0A0G4Q2M9	73.97	292	299
UniRef90_C5B7A2	75.77	292	293
UniRef90_A0A068QW58	74.32	292	315
UniRef90_B2PYK0	74.32	292	302
UniRef90_F7XX79	73.29	292	292
UniRef90_C5WC89	73.01	292	293
UniRef90_G2LMH1	71.48	292	294
UniRef90_U3U2K9	73.20	292	292
UniRef90_UPI00048ECF52	72.51	292	296
UniRef90_P57197	70.45	292	294
UniRef90_D3V7E2	73.63	292	299
UniRef90_A0A0N0Z827	71.92	292	302
UniRef90_W1JAD3	73.63	292	299
UniRef90_Q8KA24	69.76	292	294
UniRef90_D3VI77	72.26	292	300
UniRef90_G2LNY0	70.45	292	294
UniRef90_J3TXR3	71.23	292	292
UniRef90_Q492F5	70.21	292	299
UniRef90_UPI00069C5FC7	99.04	292	209
UniRef90_A0A090ASH4	66.44	292	297
UniRef90_A0A0M3RS90	66.67	292	291
UniRef90_A0A0E3Y7T0	68.73	292	291
UniRef90_C4K791	69.28	292	299
UniRef90_Q7VRT1	68.15	292	292
UniRef90_E8Q777	67.47	292	292
UniRef90_D2U224	68.15	292	329
UniRef90_UPI0003BACF00	91.16	292	217
UniRef90_R8AU00	67.81	292	292
UniRef90_A0A0E3Y8K3	66.10	292	294
UniRef90_K8C1K0	90.09	292	218
UniRef90_L8J673	65.41	292	293
UniRef90_I3D8S1	63.70	292	298
UniRef90_X2H571	64.73	292	292
UniRef90_E6KW85	65.07	292	301
UniRef90_Q89AY0	63.29	292	294
UniRef90_A0A0C5WN03	66.44	292	293
UniRef90_A0A080LNB8	63.70	292	292
UniRef90_Q058B1	66.18	292	297
UniRef90_Q5E3I3	64.38	292	293
UniRef90_Q9CLZ7	65.75	292	298
UniRef90_F4HDG3	64.73	292	297
UniRef90_A0A0H2QS21	69.18	292	299
UniRef90_UPI0006D26072	63.01	292	292
UniRef90_UPI00046573B0	64.73	292	292
UniRef90_A0A0J8V6E5	65.41	292	293
UniRef90_E0WTE8	64.38	292	316
UniRef90_A0A080KC93	64.73	292	297
UniRef90_A0A0A7S1E4	63.01	292	292
UniRef90_A0A066T8B0	65.07	292	292
UniRef90_A0A0A3APQ1	62.67	292	299
UniRef90_A0A0J1H3U9	64.38	292	293
UniRef90_A0A0C2NWT3	62.98	292	292
UniRef90_A0A0F5VA94	63.70	292	298
UniRef90_A0A0F5ESL7	62.67	292	298
UniRef90_UPI0005098520	63.70	292	298
UniRef90_Q0I260	62.33	292	298
UniRef90_A6VKA2	62.33	292	298
UniRef90_UPI0002E6DCDC	62.89	292	292
UniRef90_A0A0D8PNW4	63.36	292	292
UniRef90_Q1ZJN8	63.01	292	292
UniRef90_A3N0Q9	63.36	292	295
UniRef90_Q6LN85	63.36	292	293
UniRef90_E1W3R6	61.99	292	298
UniRef90_D0YWF7	60.96	292	292
UniRef90_U1QH38	64.26	292	297
UniRef90_B0BPI4	62.33	292	295
UniRef90_D0ICG7	63.36	292	302
UniRef90_UPI00036CF05D	60.62	292	298
UniRef90_F9TAB8	60.55	292	292
UniRef90_A0A0B8PRX6	62.67	292	292
UniRef90_Q7VM87	59.59	292	297
UniRef90_F9Q6W0	61.30	292	298
UniRef90_UPI00063CF5D1	60.90	292	292
UniRef90_A0A0M6W7G8	59.45	292	297
UniRef90_UPI00035C4841	62.89	292	293
UniRef90_A0A090PB08	59.79	292	292
UniRef90_F7YN26	61.25	292	294
UniRef90_A0A0M5N3X2	66.04	292	265
UniRef90_A0A0M1GNU5	60.96	292	298
UniRef90_V5FC92	61.51	292	292
UniRef90_UPI000300DA71	60.48	292	292
UniRef90_UPI0002E06F4A	61.17	292	292
UniRef90_UPI0003B3A274	62.33	292	293
UniRef90_A0A0A6TG57	60.90	292	292
UniRef90_A6D078	59.52	292	292
UniRef90_F0LUZ9	60.27	292	292
UniRef90_UPI0005A7ED52	60.55	292	292
UniRef90_A1SVX2	59.93	292	293
UniRef90_W0R6A2	59.93	292	298
UniRef90_A0A0J5P605	58.90	292	297
UniRef90_B8F3R4	59.93	292	295
UniRef90_A0A0K1WKV2	59.59	292	292
UniRef90_UPI0005703AE4	60.27	292	292
UniRef90_Q7MIL2	59.11	292	292
UniRef90_UPI0003F9C0E3	59.93	292	293
UniRef90_P43797	58.56	292	298
UniRef90_A0A0C3E7N7	59.45	292	292
UniRef90_B7VIM2	60.55	292	311
UniRef90_A0A0F5AVP1	61.03	292	292
UniRef90_A7MY41	59.11	292	297
UniRef90_U2ZY87	59.79	292	293
UniRef90_A0A084CP21	58.48	292	292
UniRef90_E3BG45	57.73	292	295
UniRef90_A0A084CKR8	58.48	292	297
UniRef90_A4SR49	60.96	292	295
UniRef90_U3CBS7	58.42	292	292
UniRef90_Q9KQ47	58.13	292	292
UniRef90_U4JVI7	57.73	292	293
UniRef90_R1FAA5	60.96	292	295
UniRef90_N9U511	61.30	292	295
UniRef90_UPI0003A9715D	61.64	292	291
UniRef90_UPI0005A8A5F1	61.30	292	295
UniRef90_F7WZ03	66.81	292	247
UniRef90_A0A066ZTT1	60.62	292	291
UniRef90_I3YFJ4	59.59	292	291
UniRef90_I1XJ46	59.59	292	293
UniRef90_A0A090AGP6	55.82	292	292
UniRef90_UPI0005B92FBE	58.22	292	292
UniRef90_G0A074	58.56	292	291
UniRef90_UPI000423F070	58.22	292	291
UniRef90_M4U469	57.88	292	293
UniRef90_UPI000416DAE9	58.90	292	291
UniRef90_A0A0D0J9J1	58.56	292	292
UniRef90_W9V5V4	57.73	292	296
UniRef90_W9V659	59.11	292	291
UniRef90_UPI00039D5AA0	57.53	292	291
UniRef90_UPI00056E16E2	59.93	292	291
UniRef90_UPI0002558C5A	56.16	292	291
UniRef90_L1M0Q1	58.22	292	292
UniRef90_N2JCL6	56.51	292	292
UniRef90_Q60B13	57.53	292	291
UniRef90_UPI0004DF022E	56.16	292	291
UniRef90_A0A0F9IPV3	57.88	292	292
UniRef90_UPI00056DA48D	58.56	292	292
UniRef90_A0A0A6PB08	56.85	292	291
UniRef90_Q0VRH4	58.56	292	294
UniRef90_A0A081FU41	57.53	292	291
UniRef90_UPI00056F155B	57.88	292	291
UniRef90_UPI000412881F	58.76	292	293
UniRef90_F5SXR2	56.85	292	292
UniRef90_A0A0D6RVS7	58.22	292	292
UniRef90_A0A0C5VK30	56.16	292	291
UniRef90_Q4ZW75	56.85	292	292
UniRef90_I4N9S8	57.53	292	292
UniRef90_A0A0A6QZ55	57.19	292	291
UniRef90_UPI0006C7B069	56.85	292	292
UniRef90_A4VN86	56.85	292	292
UniRef90_UPI000524E533	55.82	292	291
UniRef90_F9U538	56.85	292	291
UniRef90_D3RNG1	58.56	292	291
UniRef90_UPI00048A81FF	58.22	292	291
UniRef90_UPI000362DCE6	57.19	292	292
UniRef90_I7A8B6	55.82	292	292
UniRef90_UPI00047FCDD1	55.48	292	292
UniRef90_B1JDB7	57.19	292	292
UniRef90_H0JJ88	56.85	292	292
UniRef90_UPI000653FC6D	55.82	292	298
UniRef90_C0N9M4	56.85	292	292
UniRef90_A4XSW1	56.51	292	292
UniRef90_A0A089YHS6	57.19	292	292
UniRef90_UPI00048A1940	58.36	292	292
UniRef90_UPI00045E9311	56.16	292	291
UniRef90_A0A063Y1L5	55.33	292	291
UniRef90_UPI000477ED1E	55.82	292	291
UniRef90_Q2BHH0	57.53	292	291
UniRef90_A0A0B7D7Y0	56.85	292	292
UniRef90_H8GQJ8	55.33	292	291
UniRef90_Q1I6H5	56.61	292	295
UniRef90_UPI00056E48DA	58.42	292	293
UniRef90_UPI00058F8AB9	56.16	292	292
UniRef90_A0A031MEV7	56.51	292	291
UniRef90_UPI0005EB88DD	56.16	292	291
UniRef90_UPI0005C82BFB	57.19	292	291
UniRef90_I1YLF4	57.53	292	296
UniRef90_W0TNQ4	57.39	292	291
UniRef90_V5CAS1	55.71	292	292
UniRef90_A6FEJ1	56.75	292	292
UniRef90_A0A099PEH6	56.70	292	291
UniRef90_G4T1N0	54.79	292	291
UniRef90_K4L413	57.88	292	660
UniRef90_A0A0F9YHB0	56.36	292	291
UniRef90_A4BHX5	58.22	292	291
UniRef90_Q9I4W3	57.19	292	292
UniRef90_UPI0003F514DC	59.25	292	292
UniRef90_UPI00040E3D08	56.99	292	292
UniRef90_UPI00056E3C5A	56.75	292	293
UniRef90_G3IYC0	54.11	292	291
UniRef90_Q3SJU8	57.79	292	296
UniRef90_G2E761	56.36	292	291
UniRef90_C1DQP7	56.79	292	287
UniRef90_B0KSY3	56.27	292	295
UniRef90_UPI00039ED300	55.14	292	291
UniRef90_UPI0005F81223	54.98	292	292
UniRef90_G2DC55	54.98	292	294
UniRef90_Q31FC9	57.14	292	286
UniRef90_A0A0F7K272	55.48	292	291
UniRef90_UPI00040BE209	55.29	292	293
UniRef90_Q4KGP8	57.88	292	292
UniRef90_UPI00037F8836	56.79	292	291
UniRef90_UPI0006D25869	55.82	292	291
UniRef90_UPI0004080645	54.79	292	291
UniRef90_UPI0003B740FE	55.14	292	292
UniRef90_UPI0003745080	57.04	292	292
UniRef90_H8YXN6	57.75	292	295
UniRef90_A0A0F9R305	58.22	292	292
UniRef90_S6B345	55.48	292	292
UniRef90_A0A0F2P1B6	56.31	292	296
UniRef90_A0A0J8GMV1	54.79	292	294
UniRef90_A0A0B4XKR4	56.40	292	295
UniRef90_F4CVN6	58.90	292	292
UniRef90_Q1N0S5	53.77	292	292
UniRef90_UPI000255B7E9	55.48	292	291
UniRef90_A0A0M1JCA6	53.77	292	298
UniRef90_A0A0D0RXD2	57.19	292	292
UniRef90_UPI0006B471DD	54.11	292	291
UniRef90_UPI000701B5B1	56.16	292	292
UniRef90_A0A077LIW4	57.53	292	292
UniRef90_A0A089WMR9	56.95	292	295
UniRef90_UPI0006D66AEA	55.71	292	295
UniRef90_UPI00069253DF	56.31	292	304
UniRef90_X7E6L5	54.79	292	293
UniRef90_A1WZ50	53.72	292	300
UniRef90_UPI000560C7C1	57.38	292	297
UniRef90_K0CIA9	55.82	292	293
UniRef90_UPI0004014CD1	55.14	292	291
UniRef90_A0A0F9XZQ7	55.14	292	291
UniRef90_K0D153	54.45	292	294
UniRef90_UPI0004827D25	56.36	292	292
UniRef90_UPI0003761F0F	54.79	292	291
UniRef90_E1SLW3	54.55	292	292
UniRef90_UPI00040779BF	57.35	292	293
UniRef90_W0E135	56.85	292	291
UniRef90_UPI0004273390	55.14	292	291
UniRef90_A0A085F3C9	56.85	292	293
UniRef90_K9DIL5	56.70	292	292
UniRef90_C5BQD1	53.45	292	291
UniRef90_B5JRZ9	54.79	292	292
UniRef90_L0E1J3	55.33	292	294
UniRef90_G4E334	53.77	292	291
UniRef90_G2GY77	65.64	292	228
UniRef90_V4IUP5	56.51	292	291
UniRef90_L0H0S2	55.82	292	291
UniRef90_A0A0F9VXN8	54.11	292	291
UniRef90_A0A081N9Y4	55.71	292	295
UniRef90_UPI00037B2EAA	55.14	292	295
UniRef90_Q21HE7	54.11	292	291
UniRef90_UPI00059507B0	56.40	292	293
UniRef90_I3CKQ2	52.23	292	290
UniRef90_UPI0003600B23	55.33	292	294
UniRef90_UPI00048C1C31	54.11	292	291
UniRef90_UPI0005869935	55.36	292	290
UniRef90_Q3J869	54.45	292	292
UniRef90_A0A098UAW0	56.52	292	298
UniRef90_UPI0004A6E085	56.51	292	291
UniRef90_L9PEV9	54.11	292	291
UniRef90_Q15SZ4	50.00	292	293
UniRef90_H1FZS0	54.30	292	297
UniRef90_F2K2U8	55.33	292	292
UniRef90_UPI00055DAA4B	57.19	292	292
UniRef90_A0A0K8JS24	54.79	292	294
UniRef90_I3BVJ8	53.26	292	293
UniRef90_D5CLS3	54.45	292	291
UniRef90_S6GUL6	53.58	292	292
UniRef90_F6D177	54.79	292	293
UniRef90_UPI000366E810	54.64	292	292
UniRef90_A0A0F4QKM0	54.11	292	292
UniRef90_F3KFC0	53.08	292	291
UniRef90_UPI00036EC24A	54.30	292	293
UniRef90_C0QT41	53.92	292	293
UniRef90_W7QGR5	53.42	292	294
UniRef90_A0A0F3ILQ0	53.77	292	291
UniRef90_F6DCM2	53.79	292	293
UniRef90_UPI0002FA2428	54.79	292	292
UniRef90_A0A0M4Q642	57.53	292	292
UniRef90_H0Q2A8	54.98	292	292
UniRef90_D8J1X4	53.08	292	292
UniRef90_UPI0005F7CB13	53.66	292	289
UniRef90_UPI0003681428	53.31	292	292
UniRef90_A0A081NE04	53.77	292	291
UniRef90_A0A0M3TUH2	54.30	292	296
UniRef90_D0SP20	53.95	292	297
UniRef90_A6VX86	53.77	292	293
UniRef90_D3SDV5	53.26	292	292
UniRef90_K2KFU0	54.11	292	292
UniRef90_UPI00048DC6D5	52.92	292	294
UniRef90_A6SXH5	53.77	292	292
UniRef90_UPI00061D32FF	53.95	292	292
UniRef90_A0A0B7IVA3	54.67	292	293
UniRef90_B8CMS5	51.90	292	293
UniRef90_W0V436	53.77	292	292
UniRef90_UPI00036F61FA	53.95	292	290
UniRef90_C4LDF6	53.77	292	292
UniRef90_U2ELB4	55.28	292	298
UniRef90_C6X6Q1	54.30	292	290
UniRef90_UPI00035FDBE8	52.74	292	291
UniRef90_C7RSI3	54.64	292	294
UniRef90_K6XS73	51.37	292	292
UniRef90_UPI00048ED741	53.26	292	293
UniRef90_UPI00048AAFCF	53.63	292	295
UniRef90_C7RCP7	51.89	292	293
UniRef90_UPI00047316F0	53.08	292	292
UniRef90_UPI0004906263	53.63	292	295
UniRef90_R4V3F0	54.11	292	291
UniRef90_A0A0K1J9S8	54.30	292	292
UniRef90_A0A0N0GNT9	54.11	292	291
UniRef90_A0A0C2BLH6	53.08	292	292
UniRef90_UPI0004121D73	54.30	292	292
UniRef90_UPI0005574FE9	54.11	292	291
UniRef90_UPI000362A6EC	54.45	292	293
UniRef90_UPI000348BBA6	53.08	292	292
UniRef90_UPI00037EDB41	54.79	292	291
UniRef90_V2TRY4	53.98	292	297
UniRef90_F5REG6	56.16	292	292
UniRef90_A0A0A1H930	53.06	292	297
UniRef90_A0YE32	54.30	292	292
UniRef90_R4YNV9	52.05	292	292
UniRef90_A0A0A1FEJ1	54.11	292	322
UniRef90_A0A0K1K5B3	54.11	292	292
UniRef90_A4BPN1	52.74	292	291
UniRef90_A0A080M9S9	54.45	292	312
UniRef90_W1N312	54.61	292	294
UniRef90_UPI0004815D93	53.42	292	291
UniRef90_A0A081KE23	52.40	292	291
UniRef90_UPI0003B62DF3	55.48	292	291
UniRef90_I9DVL0	52.58	292	291
UniRef90_A3Y8A4	53.42	292	292
UniRef90_A4G724	52.40	292	292
UniRef90_Q1YTD8	55.63	292	292
UniRef90_UPI00048F58B6	55.14	292	291
UniRef90_UPI00048F9E60	52.40	292	291
UniRef90_E1V7M6	54.27	292	294
UniRef90_UPI000466106C	54.11	292	292
UniRef90_G8QHZ5	55.14	292	292
UniRef90_Q5P838	54.30	292	292
UniRef90_A0A0J1GDS2	54.03	292	297
UniRef90_UPI0006FF3292	53.77	292	291
UniRef90_G2IYP1	53.08	292	291
UniRef90_Y0KJK5	53.95	292	291
UniRef90_Q2SCM7	52.45	292	293
UniRef90_K7A8R7	50.34	292	293
UniRef90_A0A0K6IRL0	54.83	292	296
UniRef90_D5BWV0	54.45	292	292
UniRef90_UPI00037C36EA	54.11	292	291
UniRef90_B8GN57	53.95	292	294
UniRef90_UPI000485E4C3	52.92	292	290
UniRef90_W8L316	55.59	292	297
UniRef90_UPI0004A6BA6E	55.14	292	293
UniRef90_UPI000645B609	52.40	292	293
UniRef90_UPI00041A69EA	53.26	292	290
UniRef90_F1VXC9	52.05	292	292
UniRef90_Q76E52	55.71	292	296
UniRef90_UPI000489086C	52.56	292	291
UniRef90_F5Z8A2	55.35	292	294
UniRef90_A0A094N0A3	53.61	292	299
UniRef90_B3PC19	53.26	292	290
UniRef90_A1S6V7	52.58	292	293
UniRef90_UPI000558B8FB	51.37	292	291
UniRef90_A1K4F8	55.67	292	292
UniRef90_A0A009YDS5	53.10	292	299
UniRef90_UPI000673AD86	53.42	292	291
UniRef90_A0A0K6H2N3	52.74	292	310
UniRef90_UPI00048A8FDD	50.86	292	291
UniRef90_UPI00047834F4	52.58	292	297
UniRef90_UPI0004064F78	52.40	292	291
UniRef90_UPI00036E4C6F	52.74	292	294
UniRef90_Q5QU03	51.71	292	296
UniRef90_UPI0003F60B04	52.40	292	291
UniRef90_G4QGT5	51.03	292	292
UniRef90_A0A094IVV3	51.71	292	296
UniRef90_UPI00056070C3	53.82	292	296
UniRef90_W6M7K9	53.79	292	290
UniRef90_F7RZ31	52.40	292	292
UniRef90_A0A0M3RLK0	53.24	292	299
UniRef90_A0A084IHR2	53.33	292	296
UniRef90_Q082V3	52.25	292	294
UniRef90_Q6F6U2	52.60	292	320
UniRef90_E6QPV6	54.67	292	295
UniRef90_A3QE16	51.89	292	294
UniRef90_UPI00040970AA	51.71	292	296
UniRef90_UPI00067EBB6E	53.42	292	292
UniRef90_N6WTI6	53.08	292	291
UniRef90_A0A011QFM7	54.11	292	294
UniRef90_UPI0006F1F278	51.55	292	293
UniRef90_A6EWS7	53.77	292	291
UniRef90_A0A031LWX5	52.56	292	299
UniRef90_D7DM41	53.98	292	297
UniRef90_V2BMT7	91.61	292	166
UniRef90_Q1QTP6	53.77	292	294
UniRef90_A8H415	51.21	292	294
UniRef90_UPI0004243ECF	50.86	292	293
UniRef90_D4ZJN9	51.56	292	294
UniRef90_C3XAX8	51.56	292	293
UniRef90_A0A0E9M795	53.42	292	295
UniRef90_F7NU49	52.60	292	293
UniRef90_UPI0004905E5C	51.90	292	294
UniRef90_F0F2C3	52.05	292	313
UniRef90_UPI000463285C	53.77	292	291
UniRef90_S6GE34	51.88	292	292
UniRef90_UPI0006CE6742	53.42	292	292
UniRef90_UPI000648A42E	52.74	292	291
UniRef90_N8QD66	52.56	292	299
UniRef90_UPI00036C6929	52.56	292	294
UniRef90_UPI00041D90D3	52.90	292	294
UniRef90_UPI0005095895	50.68	292	294
UniRef90_A0A0A0DSE5	52.60	292	293
UniRef90_UPI0005BCF13E	52.56	292	294
UniRef90_A0A094JHJ7	51.03	292	291
UniRef90_W6LRS9	53.08	292	290
UniRef90_B1KDR2	51.56	292	294
UniRef90_UPI0003B7445A	54.11	292	291
UniRef90_Q8EFT7	52.90	292	294
UniRef90_UPI0003692DBF	52.74	292	291
UniRef90_J3HU76	51.03	292	292
UniRef90_Q47HS9	53.42	292	292
UniRef90_C1DD55	54.45	292	291
UniRef90_X2H745	52.74	292	291
UniRef90_I4Z5M0	51.89	292	296
UniRef90_A0A0A6Q8L9	51.89	292	301
UniRef90_UPI000425BEA2	54.30	292	292
UniRef90_E1VPY6	53.42	292	292
UniRef90_UPI0003B4850A	54.61	292	292
UniRef90_U5T5L7	52.74	292	291
UniRef90_UPI0004802EB3	51.92	292	290
UniRef90_V5V809	51.20	292	297
UniRef90_B6BWH8	53.09	292	285
UniRef90_A3WKW6	51.37	292	292
UniRef90_C6WYD7	52.74	292	291
UniRef90_UPI0004E0F6B3	51.20	292	291
UniRef90_A1U1A6	52.22	292	292
UniRef90_UPI000488DD43	53.42	292	292
UniRef90_N9M602	52.05	292	299
UniRef90_UPI00037EE9A2	49.66	292	293
UniRef90_A0A059KN19	52.58	292	293
UniRef90_V9HLB6	50.34	292	291
UniRef90_N6Y438	52.23	292	292
UniRef90_S2KLK8	53.24	292	294
UniRef90_D9SIP2	53.42	292	293
UniRef90_UPI0003B43250	52.90	292	291
UniRef90_W8WUL6	54.11	292	300
UniRef90_UPI0004DB68C3	52.90	292	294
UniRef90_N6XUE6	52.58	292	292
UniRef90_UPI000629C642	53.77	292	299
UniRef90_A9BN23	54.45	292	298
UniRef90_W8G0F7	52.74	292	291
UniRef90_A0A011PT34	54.70	292	298
UniRef90_K6Y9D9	53.14	292	292
UniRef90_UPI0004777645	51.20	292	292
UniRef90_B2V6F1	49.49	292	293
UniRef90_UPI0006CF9681	53.42	292	299
UniRef90_W7Q4A8	53.08	292	294
UniRef90_UPI000648DC61	50.52	292	293
UniRef90_A0A0F6RCR2	51.56	292	293
UniRef90_Q13X19	53.29	292	320
UniRef90_H3NXE0	50.70	292	290
UniRef90_UPI000262CBF4	53.26	292	292
UniRef90_A0A0E2GPG1	51.89	292	298
UniRef90_UPI00048A0998	54.45	292	292
UniRef90_H5WQI3	52.07	292	293
UniRef90_UPI000428BF27	53.06	292	293
UniRef90_UPI000423F070	58.22	292	291
UniRef90_L1M0Q1	58.22	292	292
UniRef90_UPI0005B92FBE	58.22	292	292
UniRef90_A4VN86	56.85	292	292
UniRef90_A0A089YHS6	57.19	292	292
UniRef90_N2JCL6	56.51	292	292
UniRef90_G2DC55	54.98	292	294
UniRef90_A0A031MEV7	56.51	292	291
UniRef90_A4XSW1	56.51	292	292
UniRef90_W6JE40	88.36	292	292
UniRef90_UPI0003B740FE	55.14	292	292
UniRef90_Q4ZW75	56.85	292	292
UniRef90_UPI00047FCDD1	55.48	292	292
UniRef90_I4N9S8	57.53	292	292
UniRef90_H0JJ88	56.85	292	292
UniRef90_D3RNG1	58.56	292	291
UniRef90_E3G9E8	88.70	292	292
UniRef90_I7A8B6	55.82	292	292
UniRef90_L0M1L8	88.01	292	292
UniRef90_A6TCA1	87.67	292	292
UniRef90_G8QHZ5	55.14	292	292
UniRef90_UPI00040BE209	55.29	292	293
UniRef90_Q0VRH4	58.56	292	294
UniRef90_S6B345	55.48	292	292
UniRef90_A0A089PKN9	88.70	292	292
UniRef90_Q1I6H5	56.61	292	295
UniRef90_Q6D7R3	82.53	292	292
UniRef90_Q60B13	57.53	292	291
UniRef90_A0A0D0J9J1	58.56	292	292
UniRef90_A0A0B7D7Y0	56.85	292	292
UniRef90_UPI00058F8AB9	56.16	292	292
UniRef90_K4L413	57.88	292	660
UniRef90_A0A0L0ARB8	88.36	292	292
UniRef90_A9MHQ2	91.10	292	292
UniRef90_W9V659	59.11	292	291
UniRef90_Q2BHH0	57.53	292	291
UniRef90_D8MVL2	82.19	292	292
UniRef90_A7MP70	87.67	292	292
UniRef90_A0A089UQL0	84.59	292	292
UniRef90_B1JDB7	57.19	292	292
UniRef90_E5YHE3	81.57	292	293
UniRef90_UPI00047A0A08	82.53	292	292
UniRef90_A0A080M9S9	54.45	292	312
UniRef90_A0A071M0P0	84.25	292	292
UniRef90_A0A0K1WKV2	59.59	292	292
UniRef90_E1SAL1	78.35	292	292
UniRef90_A0A085HNN9	77.05	292	292
UniRef90_UPI0004BB9E38	76.03	292	292
UniRef90_UPI00039ED300	55.14	292	291
UniRef90_A0A0F7K272	55.48	292	291
UniRef90_Q9I4W3	57.19	292	292
UniRef90_UPI000362DCE6	57.19	292	292
UniRef90_K0CIA9	55.82	292	293
UniRef90_A0A0A1B267	80.82	292	292
UniRef90_I3YFJ4	59.59	292	291
UniRef90_UPI000701B5B1	56.16	292	292
UniRef90_G2E761	56.36	292	291
UniRef90_G7LRF0	82.53	292	292
UniRef90_F5SXR2	56.85	292	292
UniRef90_W9V5V4	57.73	292	296
UniRef90_UPI0002558C5A	56.16	292	291
UniRef90_Q2SCM7	51.71	292	293
UniRef90_A2SIX7	50.52	292	293
UniRef90_A0A095T7D4	75.26	292	292
UniRef90_A0A0D6RVS7	58.22	292	292
UniRef90_UPI000255B7E9	55.48	292	291
UniRef90_I2B6M8	77.74	292	292
UniRef90_C5T3W8	53.42	292	298
UniRef90_A0A063Y1L5	55.33	292	291
UniRef90_W0V436	53.77	292	292
UniRef90_A0A081FU41	57.53	292	291
UniRef90_UPI00047316F0	53.08	292	292
UniRef90_B9MER6	52.05	292	298
UniRef90_C5B7A2	75.77	292	293
UniRef90_UPI00056DA48D	58.56	292	292
UniRef90_UPI0003A9715D	61.64	292	291
UniRef90_A0A0B4XKR4	56.01	292	295
UniRef90_A0A081NE04	53.77	292	291
UniRef90_UPI0005BE69E7	54.11	292	294
UniRef90_K2D0H4	52.23	292	297
UniRef90_A0A0G3CLS3	75.34	292	292
UniRef90_Q2NS74	78.42	292	292
UniRef90_A0A0F9VXN8	54.11	292	291
UniRef90_I1XJ46	59.59	292	293
UniRef90_A0A0K8JS24	54.79	292	294
UniRef90_UPI0006CE6742	53.42	292	292
UniRef90_H0Q2A8	54.98	292	292
UniRef90_UPI00056E3C5A	56.36	292	293
UniRef90_K0HQI4	52.74	292	298
UniRef90_L0MJL5	79.18	292	295
UniRef90_B0KSY3	56.27	292	295
UniRef90_UPI0005EB88DD	56.16	292	291
UniRef90_UPI0006DC4FBF	51.71	292	298
UniRef90_G4T1N0	54.79	292	291
UniRef90_W0L5A7	78.16	292	293
UniRef90_UPI00048A81FF	58.22	292	291
UniRef90_C1DQP7	56.79	292	287
UniRef90_UPI0003681428	53.31	292	292
UniRef90_UPI0004DF022E	56.16	292	291
UniRef90_E6WCY4	78.69	292	292
UniRef90_UPI0006F81FBA	52.05	292	298
UniRef90_UPI0002FA2428	54.79	292	292
UniRef90_UPI00039D5AA0	57.53	292	291
UniRef90_UPI000416DAE9	58.90	292	291
UniRef90_Q668F7	78.50	292	293
UniRef90_UPI00045E9311	56.16	292	291
UniRef90_UPI0006C7B069	56.85	292	292
UniRef90_A0A085JHV6	73.88	292	292
UniRef90_UPI0003097D51	51.37	292	299
UniRef90_UPI00069253DF	56.31	292	304
UniRef90_UPI0006F874AC	81.51	292	292
UniRef90_A0A0F9IPV3	57.88	292	292
UniRef90_D8J1X4	53.08	292	292
UniRef90_A0A0C2BLH6	53.08	292	292
UniRef90_D0J2D8	52.40	292	322
UniRef90_A0A0K1J9S8	54.30	292	292
UniRef90_E6KW85	65.29	292	301
UniRef90_W0E135	56.85	292	291
UniRef90_A0A084A4R3	77.82	292	293
UniRef90_A9BN23	54.45	292	298
UniRef90_L0E1J3	55.33	292	294
UniRef90_A0A0A6PB08	56.85	292	291
UniRef90_I1YLF4	57.53	292	296
UniRef90_A0A0K1K5B3	54.11	292	292
UniRef90_D9SIP2	53.42	292	293
UniRef90_UPI000348BBA6	53.08	292	292
UniRef90_UPI0003600B23	55.33	292	294
UniRef90_L9PEV9	54.11	292	291
UniRef90_A0A014MTM4	52.05	292	298
UniRef90_D0SP20	53.95	292	297
UniRef90_UPI00056F155B	57.88	292	291
UniRef90_A0A0C5WN03	66.44	292	293
UniRef90_A0A0F5VA94	63.70	292	298
UniRef90_B8GN57	53.95	292	294
UniRef90_A0A0J8V6E5	65.41	292	293
UniRef90_A0A0A1FEJ1	54.11	292	322
UniRef90_G2IYP1	53.08	292	291
UniRef90_G0A074	58.56	292	291
UniRef90_A0A099PEH6	56.70	292	291
UniRef90_L7VRC7	52.05	292	298
UniRef90_G4E334	53.77	292	291
UniRef90_UPI00040E3D08	56.01	292	292
UniRef90_H1FZS0	54.30	292	297
UniRef90_D0ICG7	63.36	292	302
UniRef90_F9U538	56.51	292	291
UniRef90_UPI00047AE27C	51.71	292	295
UniRef90_UPI00037F8836	55.82	292	291
UniRef90_UPI00036ED596	52.74	292	298
UniRef90_UPI00040A015F	50.17	292	293
UniRef90_Q5E3I3	64.38	292	293
UniRef90_A0A0F9XZQ7	55.14	292	291
UniRef90_W0TNQ4	57.39	292	291
UniRef90_T1XDK6	50.34	292	296
UniRef90_C7RSI3	54.64	292	294
UniRef90_UPI000425BEA2	54.30	292	292
UniRef90_A0A089WMR9	56.95	292	295
UniRef90_A0A081N9Y4	55.71	292	295
UniRef90_A0A0J8YSW0	73.20	292	292
UniRef90_V2HIJ9	51.55	292	294
UniRef90_C9YGB2	49.32	292	306
UniRef90_UPI00046573B0	64.73	292	292
UniRef90_Q7N3H1	78.77	292	299
UniRef90_A4BHX5	58.22	292	291
UniRef90_A6SXH5	53.77	292	292
UniRef90_H1SFM9	51.20	292	294
UniRef90_Q4KGP8	57.88	292	292
UniRef90_A0A0J1H3U9	64.38	292	293
UniRef90_Q128F8	49.66	292	323
UniRef90_H8GQJ8	55.33	292	291
UniRef90_UPI000614EA55	48.45	292	293
UniRef90_V5CAS1	55.33	292	292
UniRef90_UPI000477ED1E	55.82	292	291
UniRef90_UPI0005A7C1B0	53.77	292	298
UniRef90_Q21WN2	51.20	292	297
UniRef90_UPI00035D9340	76.98	292	292
UniRef90_N6WTI6	53.08	292	291
UniRef90_B2PYK0	74.57	292	302
UniRef90_A0A066ZTT1	60.62	292	291
UniRef90_W1N312	54.27	292	294
UniRef90_UPI0005C82BFB	57.19	292	291
UniRef90_A6VKA2	62.54	292	298
UniRef90_UPI000412881F	58.76	292	293
UniRef90_Q47HS9	53.42	292	292
UniRef90_E1V7M6	53.58	292	294
UniRef90_I0QNY5	79.18	292	293
UniRef90_A0A0J1GDS2	54.03	292	297
UniRef90_UPI00056E16E2	59.93	292	291
UniRef90_A0A0D0RXD2	57.19	292	292
UniRef90_A7MY41	59.11	292	297
UniRef90_L8J673	65.41	292	293
UniRef90_UPI000645B609	52.40	292	293
UniRef90_A0A0M1GNU5	61.17	292	298
UniRef90_A0A0L8AU66	53.42	292	298
UniRef90_I4MQ13	50.51	292	295
UniRef90_Q3SJU8	57.59	292	296
UniRef90_F6D177	54.79	292	293
UniRef90_A0A060P6Y8	50.52	292	301
UniRef90_UPI0006D25869	55.82	292	291
UniRef90_B2VE56	80.48	292	292
UniRef90_A6D078	59.52	292	292
UniRef90_A0A0F2P1B6	56.31	292	296
UniRef90_UPI00037B2EAA	55.17	292	295
UniRef90_A0A0A6Q8L9	51.89	292	301
UniRef90_K9DIL5	56.70	292	292
UniRef90_UPI0004014CD1	55.14	292	291
UniRef90_D5CLS3	54.45	292	291
UniRef90_Q8Y099	50.86	292	294
UniRef90_A0A0A6QZ55	57.19	292	291
UniRef90_E9CM39	77.82	292	293
UniRef90_UPI0005574FE9	54.11	292	291
UniRef90_C0N9M4	56.85	292	292
UniRef90_UPI000648572E	50.86	292	293
UniRef90_X7E6L5	54.79	292	293
UniRef90_A0A0J6RIA6	50.68	292	291
UniRef90_A0A090PB08	59.79	292	292
UniRef90_Q7MIL2	59.11	292	292
UniRef90_R8AU00	67.81	292	292
UniRef90_UPI0005A7ED52	60.55	292	292
UniRef90_A0A0K6IRL0	54.83	292	296
UniRef90_A0A090AGP6	55.82	292	292
UniRef90_UPI0003B62DF3	55.48	292	291
UniRef90_UPI000465C637	51.71	292	299
UniRef90_UPI00035C4841	62.89	292	293
UniRef90_D3SDV5	53.26	292	292
UniRef90_A4JFX3	51.89	292	301
UniRef90_I3CKQ2	52.23	292	290
UniRef90_UPI00048A8FDD	50.86	292	291
UniRef90_A0A060NWY0	52.05	292	295
UniRef90_A0A085F3C9	56.85	292	293
UniRef90_UPI000653FC6D	55.82	292	298
UniRef90_A0A094NRL2	51.54	292	294
UniRef90_UPI0005703AE4	60.27	292	292
UniRef90_UPI00041D90D3	52.56	292	294
UniRef90_UPI0004827D25	55.97	292	292
UniRef90_UPI00040C7A06	50.34	292	295
UniRef90_UPI000366E810	54.64	292	292
UniRef90_N6XUE6	52.58	292	292
UniRef90_F5REG6	56.16	292	292
UniRef90_Q5P838	54.30	292	292
UniRef90_Q1N0S5	53.77	292	292
UniRef90_UPI000648A42E	52.74	292	291
UniRef90_A0YE32	54.30	292	292
UniRef90_C6X6Q1	54.30	292	290
UniRef90_G7UTP8	53.42	292	299
UniRef90_A0A0B7IVA3	54.67	292	293
UniRef90_A0A0N0GNT9	54.11	292	291
UniRef90_S6GUL6	53.58	292	292
UniRef90_F3KNR9	50.17	292	299
UniRef90_UPI000648DC61	50.52	292	293
UniRef90_UPI000652892F	51.03	292	295
UniRef90_A0A0C3E7N7	59.45	292	292
UniRef90_I3BVJ8	53.26	292	293
UniRef90_A0A0F5ESL7	62.89	292	298
UniRef90_D0YWF7	60.96	292	292
UniRef90_I9KXH6	51.20	292	294
UniRef90_A0A0D8PNW4	63.36	292	292
UniRef90_A0A0A3APQ1	62.89	292	299
UniRef90_A0A069B918	51.55	292	300
UniRef90_A6VX86	53.77	292	293
UniRef90_W3YDX2	76.29	292	312
UniRef90_UPI00036F61FA	53.95	292	290
UniRef90_UPI0003800F62	51.71	292	294
UniRef90_C6WYD7	52.74	292	291
UniRef90_UPI00048F58B6	55.14	292	291
UniRef90_UPI00063CF5D1	60.90	292	292
UniRef90_A0A0F9YHB0	56.36	292	291
UniRef90_Q13X19	52.92	292	320
UniRef90_Q1ZJN8	63.01	292	292
UniRef90_UPI0006CF9681	53.42	292	299
UniRef90_A0A0C5VK30	56.16	292	291
UniRef90_A0A077LIW4	57.53	292	292
UniRef90_UPI0005BCF13E	52.56	292	294
UniRef90_UPI00035E82EA	86.64	292	292
UniRef90_A1VLI3	50.00	292	321
UniRef90_UPI0002E6DCDC	62.89	292	292
UniRef90_UPI0006D26072	63.01	292	292
UniRef90_I3D8S1	63.92	292	298
UniRef90_A0A0K1NFA0	52.90	292	295
UniRef90_Q6LN85	63.36	292	293
UniRef90_A0A0E2GPG1	51.89	292	298
UniRef90_UPI00048F9E60	52.40	292	291
UniRef90_UPI0003745080	57.04	292	292
UniRef90_A0A0G4Q2M9	73.97	292	299
UniRef90_N6Y438	52.23	292	292
UniRef90_G3IYC0	54.11	292	291
UniRef90_A0A060NJ84	51.37	292	298
UniRef90_A0A009YDS5	52.74	292	299
UniRef90_A0A0M1JCA6	53.95	292	298
UniRef90_Q0KCC6	49.12	292	294
UniRef90_UPI000237654E	51.37	292	298
UniRef90_UPI0005869935	55.36	292	290
UniRef90_A0A0M3RLK0	53.08	292	299
UniRef90_A0A0B8PRX6	62.67	292	292
UniRef90_B3PC19	53.26	292	290
UniRef90_W7Q4A8	52.74	292	294
UniRef90_UPI00034B3099	52.76	292	307
UniRef90_F7YN26	61.25	292	294
UniRef90_UPI00047B87FD	52.58	292	299
UniRef90_F1VXC9	52.05	292	292
UniRef90_A1WH64	51.55	292	296
UniRef90_A4G724	52.40	292	292
UniRef90_H8YXN6	56.55	292	295
UniRef90_W6LRS9	53.08	292	290
UniRef90_UPI0002F42324	54.11	292	298
UniRef90_Q3J869	54.45	292	292
UniRef90_F3KFC0	53.08	292	291
UniRef90_E1W3R6	62.20	292	298
UniRef90_A0A0F9R305	58.22	292	292
UniRef90_A4BPN1	52.40	292	291
UniRef90_U2ELB4	54.67	292	298
UniRef90_A0A081B7Z5	47.95	292	292
UniRef90_UPI0006F1F278	51.55	292	293
UniRef90_UPI000488DD43	53.42	292	292
UniRef90_B7VIM2	60.55	292	311
UniRef90_UPI0004080645	54.79	292	291
UniRef90_UPI00048ED741	53.26	292	293
UniRef90_V2VJI7	51.71	292	298
UniRef90_UPI0003761F0F	54.79	292	291
UniRef90_UPI00035FDBE8	52.74	292	291
UniRef90_UPI0004777645	51.20	292	292
UniRef90_UPI00035C0D18	50.68	292	292
UniRef90_UPI0005098520	63.92	292	298
UniRef90_W0SHC3	51.72	292	294
UniRef90_A0A031LWX5	52.05	292	299
UniRef90_UPI0006FF3292	53.77	292	291
UniRef90_UPI000524E533	55.82	292	291
UniRef90_C5WC89	73.01	292	293
UniRef90_B1Y7F0	51.55	292	293
UniRef90_X2H745	52.74	292	291
UniRef90_A0A011QFM7	54.11	292	294
UniRef90_N8QD66	52.74	292	299
UniRef90_A0A069PRL5	50.86	292	301
UniRef90_S2KLK8	52.90	292	294
UniRef90_A0A0C2NWT3	62.98	292	292
UniRef90_UPI00036CF05D	60.82	292	298
UniRef90_UPI00040A7B49	50.34	292	291
UniRef90_UPI000560C7C1	56.71	292	297
UniRef90_I4YWG2	48.80	292	294
UniRef90_A0A081KE23	52.40	292	291
UniRef90_A0A094N0A3	53.61	292	299
UniRef90_UPI0005F7CB13	53.47	292	289
UniRef90_I4Z5M0	51.89	292	296
UniRef90_UPI00034B3D0D	49.83	292	293
UniRef90_UPI0003FF473C	52.58	292	292
UniRef90_UPI0006CAA87D	50.34	292	299
UniRef90_UPI0003F9C0E3	59.93	292	293
UniRef90_UPI0004DB68C3	52.56	292	294
UniRef90_UPI0002E06F4A	61.17	292	292
UniRef90_U3CBS7	58.42	292	292
UniRef90_H5WQI3	52.07	292	293
UniRef90_UPI00048AAFCF	53.26	292	295
UniRef90_UPI0004644E33	52.40	292	300
UniRef90_W0R6A2	60.14	292	298
UniRef90_Y0KJK5	53.95	292	291
UniRef90_Q9CLZ7	65.98	292	298
UniRef90_UPI000701A71C	47.97	292	298
UniRef90_UPI0004064F78	52.40	292	291
UniRef90_V2UPK6	51.55	292	297
UniRef90_A0A086CZ93	51.71	292	294
UniRef90_D7DM41	53.79	292	297
UniRef90_UPI00048366A2	52.40	292	299
UniRef90_UPI000629C642	53.77	292	299
UniRef90_J3HU76	51.03	292	292
UniRef90_Q82SD7	54.98	292	292
UniRef90_UPI000300DA71	60.48	292	292
UniRef90_Q8KA24	69.76	292	294
UniRef90_V5V809	51.20	292	297
UniRef90_F0LUZ9	60.27	292	292
UniRef90_UPI00056E48DA	58.42	292	293
UniRef90_A0A0A0DSE5	52.60	292	293
UniRef90_F9TAB8	60.55	292	292
UniRef90_Q1QTP6	53.77	292	294
UniRef90_A1U1A6	52.22	292	292
UniRef90_UPI0004104885	49.83	292	294
UniRef90_UPI0003692DBF	52.74	292	291
UniRef90_P43797	58.76	292	298
UniRef90_B8F3R4	60.14	292	295
UniRef90_F2K2U8	55.33	292	292
UniRef90_A0A098UAW0	56.52	292	298
UniRef90_UPI00068B5C7D	50.89	292	282
UniRef90_UPI00061D32FF	53.95	292	292
UniRef90_UPI0004979094	50.68	292	290
UniRef90_A3N0Q9	63.57	292	295
UniRef90_A6EWS7	53.77	292	291
UniRef90_A0A0E9M795	53.42	292	295
UniRef90_A0A0B3SEI6	46.92	292	291
UniRef90_C1DD55	54.45	292	291
UniRef90_N9M602	52.05	292	299
UniRef90_R4I0X1	76.11	292	295
UniRef90_UPI000400013C	50.86	292	293
UniRef90_Q21HE7	54.11	292	291
UniRef90_UPI00056070C3	53.45	292	296
UniRef90_B5JRZ9	54.79	292	292
UniRef90_Q7NS49	50.68	292	291
UniRef90_UPI000570FABD	50.34	292	297
UniRef90_UPI00037C36EA	54.11	292	291
UniRef90_UPI00048A1940	58.36	292	292
UniRef90_D0SFH3	51.37	292	309
UniRef90_A0A0A8K3D2	48.80	292	296
UniRef90_UPI000367A37C	49.83	292	296
UniRef90_A0A0A6TG57	60.90	292	292
UniRef90_A0A0N0Z827	72.41	292	302
UniRef90_A0A0L6TDP9	51.89	292	293
UniRef90_D5BWV0	54.45	292	292
UniRef90_UPI00037EDB41	54.79	292	291
UniRef90_A0A0B5FH85	49.49	292	305
UniRef90_A0A0E3UM75	51.37	292	300
UniRef90_I0HUY3	51.55	292	293
UniRef90_A0A0J1CM67	49.14	292	301
UniRef90_UPI000485E4C3	52.92	292	290
UniRef90_UPI00036C6929	52.22	292	294
UniRef90_UPI00036EC24A	54.30	292	293
UniRef90_G4MFN7	49.83	292	301
UniRef90_Q0I260	62.54	292	298
UniRef90_UPI000395C03F	50.00	292	298
UniRef90_V4QTX2	48.81	292	293
UniRef90_UPI000362A6EC	54.45	292	293
UniRef90_A0A059KN19	52.58	292	293
UniRef90_K5YYN4	50.34	292	292
UniRef90_UPI000479F66F	51.02	292	302
UniRef90_J6UD06	47.42	292	296
UniRef90_Q6F6U2	52.23	292	320
UniRef90_UPI00059507B0	56.21	292	293
UniRef90_V2TRY4	53.61	292	297
UniRef90_A1K4F8	55.67	292	292
UniRef90_T1HE09	79.93	292	280
UniRef90_UPI0003B3A274	62.33	292	293
UniRef90_Q76E52	55.33	292	296
UniRef90_UPI0004815D93	53.42	292	291
UniRef90_W1JAD3	73.63	292	299
UniRef90_F9Q6W0	61.51	292	298
UniRef90_A0A0N1AU46	51.89	292	294
UniRef90_UPI00041A69EA	53.26	292	290
UniRef90_E6PLL3	52.41	292	295
UniRef90_UPI0004A6E085	56.51	292	291
UniRef90_A0A0F4QKM0	54.11	292	292
UniRef90_U3U2K9	73.20	292	292
UniRef90_UPI00047834F4	52.76	292	297
UniRef90_UPI0003B43250	52.90	292	291
UniRef90_UPI000694498B	49.11	292	282
UniRef90_F3QGQ2	51.70	292	293
UniRef90_UPI0004DF4EE7	51.72	292	295
UniRef90_A0A0F7M477	52.05	292	292
UniRef90_UPI000491F0A1	49.14	292	302
UniRef90_G2LMH1	71.48	292	294
UniRef90_A0A0F7KC57	53.42	292	292
UniRef90_A0A0F5AVP1	61.03	292	292
UniRef90_A0A0G3ERW0	48.81	292	299
UniRef90_W3RE49	47.08	292	296
UniRef90_F4HDG3	64.95	292	297
UniRef90_Q31FC9	57.14	292	286
UniRef90_A0A084IHR2	53.33	292	296
UniRef90_A0A0D6JHJ4	45.89	292	296
UniRef90_D3VI77	72.26	292	300
UniRef90_V4IUP5	56.51	292	291
UniRef90_UPI00036917E0	49.14	292	295
UniRef90_B2JIV8	51.89	292	302
UniRef90_A1WZ50	53.72	292	300
UniRef90_N8ZDU1	50.34	292	298
UniRef90_UPI0003624C4C	51.89	292	305
UniRef90_UPI0006D57995	51.03	292	293
UniRef90_K0C457	50.87	292	289
UniRef90_U4JVI7	57.73	292	293
UniRef90_W8G0F7	52.74	292	291
UniRef90_V4YMZ5	50.00	292	294
UniRef90_UPI000489086C	52.90	292	291
UniRef90_A7HX36	48.29	292	291
UniRef90_A6GV02	48.63	292	292
UniRef90_B0BPI4	62.54	292	295
UniRef90_A0A0F3ILQ0	53.77	292	291
UniRef90_UPI0006B471DD	54.11	292	291
UniRef90_A0A068QW58	74.32	292	315
UniRef90_S6GE34	51.88	292	292
UniRef90_A1SVX2	59.93	292	293
UniRef90_Q492F5	70.45	292	299
UniRef90_J3TXR3	71.23	292	292
UniRef90_A0A080KC93	64.73	292	297
UniRef90_A7IM10	47.08	292	299
UniRef90_R7BWU0	50.68	292	298
UniRef90_Q9KQ47	58.13	292	292
UniRef90_C5BQD1	53.08	292	291
UniRef90_G4CQJ6	47.95	292	291
UniRef90_UPI0003F60B04	52.40	292	291
UniRef90_A0A0G3BPA2	51.20	292	293
UniRef90_F7XX79	73.29	292	292
UniRef90_UPI0004134434	47.60	292	291
UniRef90_C3XAX8	51.20	292	293
UniRef90_UPI000491F7BF	47.60	292	290
UniRef90_A0A0B6RY33	49.14	292	300
UniRef90_UPI000702C1F6	50.34	292	291
UniRef90_F4GV68	49.14	292	301
UniRef90_T1DF69	53.45	292	297
UniRef90_P57197	70.45	292	294
UniRef90_X2H571	64.73	292	292
UniRef90_N9U511	61.30	292	295
UniRef90_Q7VRT1	68.15	292	292
UniRef90_A0A0F9P5X3	50.51	292	292
UniRef90_A4SX51	49.83	292	307
UniRef90_E3BG45	57.73	292	295
UniRef90_UPI00041C1CC0	47.42	292	303
