UniRef90_P42593	100.00	671	672
UniRef90_B7ND69	98.51	671	672
UniRef90_L0M018	87.93	671	672
UniRef90_UPI00068FB9A8	88.08	671	672
UniRef90_A0A023V4Y6	87.33	671	672
UniRef90_A0A0F6TX65	87.03	671	672
UniRef90_D2TR15	85.99	671	672
UniRef90_M4LRV2	85.84	671	672
UniRef90_A0A085HDM1	85.22	671	673
UniRef90_A0A085AB95	85.52	671	673
UniRef90_UPI0004E31655	85.07	671	673
UniRef90_A0A0G3QGU4	84.48	671	673
UniRef90_W6J5R7	84.48	671	673
UniRef90_E3G1T3	83.88	671	673
UniRef90_A0A0J8VNJ8	82.41	671	673
UniRef90_B5XTX8	83.73	671	673
UniRef90_V5AZ91	82.69	671	673
UniRef90_A0A0B5IR71	82.69	671	673
UniRef90_A0A0L0AWP7	82.12	671	672
UniRef90_A0A090VRF6	82.54	671	672
UniRef90_A0A085INE6	82.69	671	673
UniRef90_A0A068HIM8	82.84	671	673
UniRef90_A0A0D1N1G1	81.82	671	672
UniRef90_A0A085G1N3	80.48	671	672
UniRef90_C9XU90	80.92	671	708
UniRef90_A0A089PF70	81.82	671	673
UniRef90_UPI0004664E3E	80.48	671	672
UniRef90_UPI0004E19D8F	81.07	671	672
UniRef90_A0A089PX34	77.50	671	672
UniRef90_UPI00035FCC55	77.20	671	671
UniRef90_A0A071LZ28	74.37	671	673
UniRef90_I2B4Z1	73.92	671	672
UniRef90_G2AKU6	98.22	671	505
UniRef90_A7FE16	72.88	671	673
UniRef90_A0A0H5N6Z0	72.88	671	673
UniRef90_A0A0L7SWJ4	72.43	671	673
UniRef90_UPI000344E573	71.15	671	673
UniRef90_L0MND1	71.94	671	673
UniRef90_UPI00061CD4B1	71.54	671	673
UniRef90_A0A0J8YGA5	71.26	671	669
UniRef90_A0A0H5GVQ0	70.64	671	673
UniRef90_A0A0A3Z9G4	71.86	671	669
UniRef90_A0A0A1AVW9	71.15	671	671
UniRef90_A0A014M820	71.71	671	669
UniRef90_C7BL38	69.70	671	673
UniRef90_UPI0004689C2E	72.16	671	669
UniRef90_W1G6Q4	87.31	671	536
UniRef90_Q6D9G0	69.35	671	683
UniRef90_UPI0005E31A8E	70.04	671	673
UniRef90_D3V5R0	69.15	671	673
UniRef90_D4E1D7	71.68	671	677
UniRef90_UPI0005516557	70.96	671	669
UniRef90_UPI00037B0C62	70.90	671	677
UniRef90_A0A0A5FP11	69.45	671	673
UniRef90_D8MMH4	71.11	671	669
UniRef90_UPI0006FC79EF	70.36	671	669
UniRef90_A0A0F7H7V1	70.79	671	673
UniRef90_A0A0J5GHC4	68.85	671	673
UniRef90_A0A094S7A6	69.35	671	674
UniRef90_A0A068R6Q2	68.55	671	673
UniRef90_A0A087L2B0	71.39	671	673
UniRef90_W1IPQ6	69.30	671	673
UniRef90_UPI00048C76AE	69.79	671	674
UniRef90_B2VDD2	69.31	671	669
UniRef90_S0AJL4	70.79	671	681
UniRef90_UPI0003B6B17E	68.15	671	675
UniRef90_A0A0M0T9H0	66.92	671	673
UniRef90_UPI0005D42B7E	70.45	671	681
UniRef90_A0A085G2X2	70.60	671	678
UniRef90_A0A068QWZ1	68.11	671	673
UniRef90_H2ITQ6	70.60	671	678
UniRef90_D4I1B0	68.56	671	669
UniRef90_C1D9T2	69.00	671	717
UniRef90_UPI0004781912	67.51	671	673
UniRef90_UPI0003F6BCDC	67.17	671	675
UniRef90_W0LBS4	70.19	671	673
UniRef90_A0A0F3KFD4	66.77	671	673
UniRef90_I0QNM2	69.85	671	677
UniRef90_Q7P1P4	67.51	671	673
UniRef90_V1HFP7	86.16	671	514
UniRef90_A0A0K6GYU8	67.51	671	673
UniRef90_A0A085H029	86.60	671	515
UniRef90_A0A084A3M1	68.55	671	673
UniRef90_A0A095VWK0	67.26	671	673
UniRef90_UPI0004B8C8CA	68.55	671	673
UniRef90_UPI0004818DDE	66.82	671	677
UniRef90_UPI00037A344F	67.41	671	674
UniRef90_UPI000482F10C	66.22	671	673
UniRef90_UPI0003F9C34D	66.37	671	673
UniRef90_N6YTI5	65.82	671	968
UniRef90_UPI0006FA365E	69.40	671	677
UniRef90_K4KJK9	65.92	671	673
UniRef90_B9Z5X0	67.51	671	673
UniRef90_A0A085GXK3	67.01	671	673
UniRef90_UPI0002558A35	65.92	671	682
UniRef90_UPI0006C7927B	65.18	671	674
UniRef90_Q2BQR1	65.38	671	674
UniRef90_W0VDB3	66.52	671	673
UniRef90_F0QD84	65.92	671	676
UniRef90_J0U8R1	66.12	671	687
UniRef90_UPI000405A5C7	65.07	671	683
UniRef90_A0A0F3LNE4	64.69	671	674
UniRef90_A0A0C3MJ22	65.48	671	967
UniRef90_UPI00037C7904	66.47	671	669
UniRef90_A0A0G3BN23	66.27	671	829
UniRef90_G7LRZ9	66.92	671	667
UniRef90_A0A0I9ZXE9	65.48	671	673
UniRef90_UPI0006F4AFF2	66.37	671	673
UniRef90_A0A0F5XYS8	66.77	671	673
UniRef90_UPI00048F9EF7	64.29	671	683
UniRef90_UPI00037FDD92	65.43	671	675
UniRef90_U1V3S1	66.62	671	668
UniRef90_E1SEY1	65.67	671	672
UniRef90_UPI00036BBB21	64.62	671	671
UniRef90_W9URH0	65.48	671	674
UniRef90_A0A0B5HNP0	64.32	671	671
UniRef90_UPI0005C9190A	64.49	671	675
UniRef90_A0A081KAC5	64.29	671	672
UniRef90_A0A0D0PX66	65.42	671	667
UniRef90_UPI0006847B96	63.89	671	688
UniRef90_UPI0005537158	64.58	671	680
UniRef90_N8Y7M2	63.79	671	674
UniRef90_UPI0003608414	63.69	671	674
UniRef90_A0A0M8SRL6	63.73	671	673
UniRef90_B1TA39	66.97	671	673
UniRef90_I3TV11	65.05	671	703
UniRef90_UPI0004809C8C	66.67	671	674
UniRef90_UPI000417AFE6	65.33	671	673
UniRef90_A0A031LVS9	64.09	671	674
UniRef90_S3N0X6	63.89	671	674
UniRef90_UPI0004C494BB	64.32	671	674
UniRef90_A0A0J8SU03	64.08	671	674
UniRef90_UPI0003761BFB	63.66	671	678
UniRef90_A0A0A0DTE6	66.57	671	673
UniRef90_A0A0F4R0T9	64.14	671	678
UniRef90_A0A0D5EP15	65.32	671	673
UniRef90_J3HNM1	66.32	671	669
UniRef90_UPI0005A7EAF3	63.69	671	836
UniRef90_UPI00056BAB59	65.82	671	673
UniRef90_Q21X86	63.89	671	832
UniRef90_A0A0F3M3X1	66.02	671	667
UniRef90_UPI0004BF5CEF	63.10	671	673
UniRef90_H3RAB2	66.17	671	673
UniRef90_N6X1H8	62.83	671	690
UniRef90_C9Y8M5	64.08	671	835
UniRef90_UPI00035E3B41	63.00	671	679
UniRef90_A0A0H5LSZ6	64.29	671	673
UniRef90_UPI0005857FFB	64.18	671	675
UniRef90_UPI00036B9DDD	62.15	671	680
UniRef90_D8VMM0	64.28	671	673
UniRef90_UPI00057CB2B5	63.79	671	674
UniRef90_UPI0002ECB9C1	65.32	671	673
UniRef90_UPI0005BE7F95	63.99	671	676
UniRef90_D0SDX2	63.65	671	674
UniRef90_A0A077LSF8	66.32	671	678
UniRef90_E4PG80	62.74	671	689
UniRef90_Q82NL1	63.72	671	671
UniRef90_A0A0D7CPY7	62.97	671	671
UniRef90_I4MVJ6	64.54	671	678
UniRef90_A6EV06	62.68	671	688
UniRef90_A0A0M3UFV0	63.89	671	675
UniRef90_UPI0006BB95A4	64.49	671	828
UniRef90_A0A0A1D313	64.43	671	675
UniRef90_R9AV53	62.65	671	675
UniRef90_N9BTI6	63.06	671	674
UniRef90_A0A0N1BPF3	63.88	671	671
UniRef90_UPI0002559183	62.96	671	676
UniRef90_A0A0J6IMG1	64.04	671	678
UniRef90_A0A0B3BMX8	64.04	671	677
UniRef90_N9DS08	63.64	671	674
UniRef90_S6AE28	62.85	671	678
UniRef90_A0A0F2T4I3	64.83	671	678
UniRef90_A0A0M5JVA7	63.19	671	674
UniRef90_UPI0006CA942D	62.44	671	674
UniRef90_UPI0006607C57	65.13	671	676
UniRef90_UPI000489D48B	62.54	671	688
UniRef90_UPI00035EEEB8	63.12	671	671
UniRef90_D0SSY1	62.59	671	674
UniRef90_UPI00035FED03	62.54	671	673
UniRef90_A0A059ZFD0	63.13	671	674
UniRef90_A0A0M8XMZ1	62.84	671	671
UniRef90_A0A0F3LBQ4	63.11	671	675
UniRef90_UPI0004C931A4	62.78	671	673
UniRef90_UPI0003FE9CDD	65.02	671	678
UniRef90_UPI00058F73FD	62.50	671	671
UniRef90_U7G063	62.00	671	687
UniRef90_D6X9I1	63.38	671	684
UniRef90_E6WE81	65.62	671	667
UniRef90_A0A086H453	63.57	671	671
UniRef90_G6YWR8	63.37	671	678
UniRef90_B4E657	64.31	671	667
UniRef90_UPI000554C514	64.15	671	687
UniRef90_A0A081NJX9	62.26	671	686
UniRef90_UPI0005A715CB	62.39	671	673
UniRef90_UPI000423923A	61.70	671	681
UniRef90_UPI0003B59FFE	63.00	671	672
UniRef90_A0A0C1XYZ0	62.56	671	828
UniRef90_UPI0004177883	63.30	671	671
UniRef90_J1RJZ0	62.82	671	671
UniRef90_D0SIH5	62.44	671	674
UniRef90_A0A078LU21	63.39	671	676
UniRef90_UPI0004C80CC8	63.08	671	673
UniRef90_UPI0004C1A6A5	62.09	671	673
UniRef90_C6XQX4	62.30	671	674
UniRef90_UPI0004C192B5	61.04	671	671
UniRef90_UPI0004CD1993	62.22	671	671
UniRef90_A0A0H1A7X8	61.58	671	676
UniRef90_V5UKQ6	65.23	671	673
UniRef90_R4YQK6	61.72	671	681
UniRef90_I7AAL2	62.57	671	676
UniRef90_F6CWT1	64.49	671	673
UniRef90_Q4K9L4	63.57	671	679
UniRef90_UPI00034557AD	61.32	671	671
UniRef90_UPI00034508FD	61.68	671	671
UniRef90_K6ZYU4	63.08	671	682
UniRef90_A0A0M4LA52	62.80	671	675
UniRef90_UPI000527017E	62.82	671	671
UniRef90_UPI0004C66AAE	62.57	671	673
UniRef90_E2XSI3	61.28	671	678
UniRef90_Q2SDH7	62.26	671	682
UniRef90_F2G638	63.53	671	680
UniRef90_UPI0007037DE2	64.83	671	678
UniRef90_UPI00035F25B5	63.45	671	673
UniRef90_L1LX06	64.84	671	678
UniRef90_UPI0004C6C3E7	62.05	671	665
UniRef90_K4RF55	61.77	671	671
UniRef90_UPI00048D98D0	60.75	671	674
UniRef90_A0A0F5VYK8	62.07	671	671
UniRef90_UPI00040AD93C	62.50	671	673
UniRef90_A0A0A0Z3C0	65.13	671	665
UniRef90_UPI00055F1071	62.96	671	687
UniRef90_W1RZE4	61.81	671	673
UniRef90_A0A0E2GKB5	62.09	671	674
UniRef90_A0A089X490	61.77	671	671
UniRef90_A0A0M8UZ27	61.17	671	671
UniRef90_UPI0006FBDF68	60.30	671	672
UniRef90_UPI000377DEE7	62.48	671	682
UniRef90_A0A0B5EPH4	61.14	671	673
UniRef90_K6YAC6	64.04	671	682
UniRef90_A0A090IDH9	61.15	671	680
UniRef90_J1RHL5	63.19	671	671
UniRef90_A0A0F0HU99	61.79	671	673
UniRef90_E4TRG5	58.87	671	674
UniRef90_M9TZT0	61.19	671	671
UniRef90_A0A0K1WIP7	63.50	671	678
UniRef90_UPI0004C4895D	61.17	671	671
UniRef90_UPI0004101CD1	60.48	671	674
UniRef90_N9BV38	61.96	671	675
UniRef90_UPI00054C60A1	61.66	671	673
UniRef90_A0A0L0JKG6	61.47	671	673
UniRef90_A6VUY7	61.63	671	673
UniRef90_UPI000695C84B	61.34	671	673
UniRef90_UPI00034B83E0	62.07	671	666
UniRef90_J7LCT8	61.32	671	671
UniRef90_A9DUY9	62.70	671	674
UniRef90_UPI0003658F52	61.77	671	671
UniRef90_L7F333	62.09	671	674
UniRef90_UPI0004C1D373	61.16	671	673
UniRef90_S3ZG15	61.43	671	676
UniRef90_A4BJE7	62.59	671	676
UniRef90_A0A031MB23	64.14	671	676
UniRef90_A0A0F4KMJ1	60.57	671	677
UniRef90_K6XQS8	63.23	671	679
UniRef90_F4L375	62.20	671	675
UniRef90_UPI000478A00A	59.88	671	675
UniRef90_UPI0003A864DA	62.70	671	674
UniRef90_UPI000349A4C3	61.02	671	671
UniRef90_E4N158	63.32	671	668
UniRef90_A6FDH5	60.98	671	676
UniRef90_F6AK78	63.20	671	676
UniRef90_UPI0005A766BE	61.32	671	671
UniRef90_UPI0005A7145B	63.68	671	671
UniRef90_E6XBJ6	59.88	671	675
UniRef90_W1BC40	82.93	671	492
UniRef90_UPI0003604939	61.73	671	673
UniRef90_UPI0005676FDB	61.34	671	673
UniRef90_A0A0F7M4N7	61.19	671	671
UniRef90_C0QGH1	61.14	671	678
UniRef90_N0E1M3	63.87	671	671
UniRef90_A0A081EF56	61.94	671	673
UniRef90_A0A098T534	64.19	671	679
UniRef90_UPI00037D31FD	63.45	671	677
UniRef90_UPI0003F7B097	59.58	671	675
UniRef90_H5T8T0	62.28	671	682
UniRef90_A0A0C1T8Q9	61.92	671	671
UniRef90_W2UEG9	61.49	671	674
UniRef90_A0A011QSE9	62.76	671	685
UniRef90_UPI000402A523	61.02	671	671
UniRef90_UPI000412F81E	60.62	671	675
UniRef90_K5C7X5	59.58	671	671
UniRef90_A0A087K6P3	62.37	671	671
UniRef90_N9VL93	62.78	671	671
UniRef90_T2LB91	61.08	671	673
UniRef90_UPI00039D6160	63.41	671	677
UniRef90_Q6FBR3	62.69	671	674
UniRef90_UPI000363E26E	62.67	671	671
UniRef90_W6JWT2	62.30	671	674
UniRef90_A0A076K184	63.79	671	670
UniRef90_A0A0B1PSM0	60.78	671	670
UniRef90_H5UR29	62.39	671	673
UniRef90_X5HQB0	63.23	671	671
UniRef90_UPI00062981FD	62.70	671	674
UniRef90_A0A085UQR6	63.06	671	678
UniRef90_A0A0H2QWI3	59.97	671	672
UniRef90_A0A0A8BXC0	64.19	671	679
UniRef90_A0A0D0K727	63.34	671	678
UniRef90_A4AS11	60.18	671	675
UniRef90_C7RC14	60.00	671	673
UniRef90_V6JFM6	60.83	671	679
UniRef90_A0A099XUG8	59.29	671	674
UniRef90_A0A099KTU8	59.82	671	691
UniRef90_UPI00053BB3B7	62.11	671	673
UniRef90_UPI00048AEFA5	61.17	671	671
UniRef90_UPI0003946D85	63.30	671	678
UniRef90_A0A0F9XLE8	59.97	671	675
UniRef90_UPI000409AC7D	59.58	671	674
UniRef90_C0XRC4	60.57	671	677
UniRef90_A0A089YRM6	63.93	671	678
UniRef90_F8JJ64	61.19	671	673
UniRef90_A0A081N821	61.37	671	677
UniRef90_A0A099SQ44	63.64	671	679
UniRef90_B0SSQ8	58.46	671	672
UniRef90_UPI0004DF0190	62.28	671	675
UniRef90_UPI0004C8120A	60.24	671	676
UniRef90_A0A099Y2Y2	60.18	671	674
UniRef90_UPI0006E2C8A0	61.34	671	674
UniRef90_UPI0003B60C12	62.54	671	678
UniRef90_A0A089WY06	64.34	671	678
UniRef90_UPI00068573C3	63.84	671	691
UniRef90_UPI00058E1EA4	63.45	671	678
UniRef90_UPI0003B54F1E	60.68	671	677
UniRef90_D7B0B7	60.42	671	669
UniRef90_A0A0F6VZG5	62.65	671	675
UniRef90_A0A0A7JIK6	64.54	671	678
UniRef90_X7E5G5	60.48	671	673
UniRef90_UPI00053D6431	59.44	671	674
UniRef90_A0A0F9VG39	63.34	671	678
UniRef90_N1UXI8	62.33	671	672
UniRef90_UPI0002557366	62.31	671	677
UniRef90_UPI0004BFF45F	61.16	671	668
UniRef90_UPI00041EFC58	60.03	671	674
UniRef90_A0A0F9V8F6	63.17	671	678
UniRef90_A0A0D0LHB1	63.64	671	679
UniRef90_Q481V3	60.57	671	674
UniRef90_A0A0F6UBG0	62.11	671	679
UniRef90_A0A077MEU6	60.60	671	675
UniRef90_A0A0N1GIL2	60.15	671	676
UniRef90_UPI0005A69930	60.15	671	676
UniRef90_A0A023WTL7	62.11	671	676
UniRef90_A0A011MEM7	62.15	671	674
UniRef90_A2U0U1	60.03	671	683
UniRef90_X6Q5L0	60.36	671	673
UniRef90_UPI0000E0E89F	62.61	671	680
UniRef90_D1P1P3	60.06	671	677
UniRef90_K7A4D8	62.78	671	677
UniRef90_A0A099KSD1	59.23	671	688
UniRef90_V9WUU6	63.65	671	678
UniRef90_V7EAW3	62.67	671	679
UniRef90_F3NT81	60.42	671	671
UniRef90_A0A022MBG8	60.27	671	671
UniRef90_A0A0F4S3R1	59.88	671	675
UniRef90_UPI0003C7685A	60.84	671	677
UniRef90_UPI0006500558	60.48	671	670
UniRef90_B4EXQ2	60.45	671	672
UniRef90_UPI0004C037C3	60.84	671	673
UniRef90_A0A098SAP6	60.75	671	674
UniRef90_UPI0003FBD44E	59.68	671	680
UniRef90_A0A0H4I9B0	60.82	671	695
UniRef90_UPI000698AE8C	61.76	671	672
UniRef90_A0A0D7V3K2	60.33	671	673
UniRef90_UPI000302F62F	59.25	671	673
UniRef90_UPI00059143F6	60.48	671	670
UniRef90_A4C2R1	59.40	671	674
UniRef90_UPI0005B35A94	59.17	671	673
UniRef90_A0A0F4R9V6	58.69	671	670
UniRef90_A0A061LX74	59.97	671	697
UniRef90_K2JTU3	60.53	671	675
UniRef90_B4EMK1	60.44	671	677
UniRef90_UPI0004250D89	60.18	671	675
UniRef90_G2GMN9	60.72	671	671
UniRef90_I4JMG8	61.61	671	688
UniRef90_UPI0003FAD3BA	60.29	671	697
UniRef90_UPI000403B09C	58.99	671	673
UniRef90_B1KKJ9	61.98	671	672
UniRef90_G4CEH7	60.54	671	673
UniRef90_F5ZAI6	59.44	671	673
UniRef90_UPI00047B1315	58.99	671	674
UniRef90_F2JUR5	59.76	671	681
UniRef90_UPI0003736A01	60.12	671	677
UniRef90_A0A0F7JVK0	60.15	671	678
UniRef90_A0A095FN10	60.30	671	677
UniRef90_A0A094IMJ3	58.93	671	673
UniRef90_I9P4I0	60.92	671	672
UniRef90_C7RNF5	61.14	671	674
UniRef90_A0A0L6XKM6	60.06	671	673
UniRef90_A0A094VL21	59.82	671	672
UniRef90_I1DYG9	60.62	671	672
UniRef90_UPI0004E1BCAC	59.70	671	678
UniRef90_A0A073IMZ3	59.52	671	675
UniRef90_I4W7T5	60.68	671	672
UniRef90_R8ANX8	61.17	671	671
UniRef90_N2JKE1	61.37	671	677
UniRef90_K8WV02	59.55	671	673
UniRef90_F2GD70	59.08	671	680
UniRef90_UPI000369F7F6	58.42	671	673
UniRef90_UPI0000E0F4AF	59.62	671	679
UniRef90_UPI0004BF5FF8	61.76	671	675
UniRef90_A0A094NWX4	59.23	671	675
UniRef90_A0A060B365	59.13	671	673
UniRef90_A0A0M2T5Q5	60.33	671	672
UniRef90_A8FTV3	62.18	671	672
UniRef90_A0A0K6H0P2	58.54	671	673
UniRef90_UPI00058E2DD2	81.84	671	482
UniRef90_A0A0D8LGC0	57.97	671	670
UniRef90_UPI00067F5C04	59.35	671	675
UniRef90_D3P5L7	60.27	671	718
UniRef90_A0A0F4JG51	61.29	671	684
UniRef90_UPI0003775D44	60.69	671	680
UniRef90_K6ZQV5	59.38	671	675
UniRef90_S7TSL7	58.63	671	686
UniRef90_K6XCL8	59.34	671	675
UniRef90_A0A095XAF5	60.15	671	677
UniRef90_C5AJH5	60.95	671	677
UniRef90_UPI0005790FCC	59.38	671	675
UniRef90_W1N3B9	58.68	671	671
UniRef90_K6XDB8	59.44	671	709
UniRef90_A0A080M7F5	61.04	671	674
UniRef90_UPI00047D0F42	60.12	671	670
UniRef90_Q5NZS4	62.63	671	686
UniRef90_UPI0004285C51	59.35	671	675
UniRef90_A0A0D8CYP8	58.78	671	677
UniRef90_A0A075K0I8	59.10	671	672
UniRef90_A0A0K1J5B2	61.73	671	674
UniRef90_I7F037	58.43	671	675
UniRef90_S2KM08	59.22	671	670
UniRef90_UPI0006A7B648	59.79	671	677
UniRef90_R9PQE9	59.10	671	673
UniRef90_D7G426	59.36	671	711
UniRef90_UPI0002DB12D3	57.46	671	669
UniRef90_A0A0M2VJC9	60.62	671	672
UniRef90_A0A0F6TQH1	58.16	671	674
UniRef90_UPI0005096AB9	58.78	671	675
UniRef90_UPI000686737E	58.89	671	677
UniRef90_UPI000363042E	60.18	671	679
UniRef90_UPI00034746B2	58.93	671	673
UniRef90_L8J4A2	58.72	671	670
UniRef90_UPI0004020549	61.25	671	673
UniRef90_A0A0N1B4A5	60.12	671	677
UniRef90_A0A023NR64	58.68	671	670
UniRef90_K6XVR6	58.33	671	675
UniRef90_UPI000480C031	58.98	671	673
UniRef90_A0A0M9EG90	59.31	671	675
UniRef90_UPI00048D25F9	58.87	671	678
UniRef90_A0A0F9L8E8	62.10	671	630
UniRef90_A0A0B9G7L1	58.27	671	670
UniRef90_K8WNX8	59.31	671	673
UniRef90_A0A099CUF0	58.78	671	677
UniRef90_A0A075P273	57.74	671	677
UniRef90_UPI00028981DA	61.17	671	669
UniRef90_B5JRM4	59.29	671	675
UniRef90_K7A5B8	58.33	671	679
UniRef90_UPI000415F0C8	60.66	671	676
UniRef90_M4B9V5	60.03	671	701
UniRef90_UPI0003627083	59.55	671	678
UniRef90_A0A0K8QLT6	59.85	671	672
UniRef90_K6ZH89	59.08	671	692
UniRef90_G2NQ91	59.85	671	701
UniRef90_UPI000407C487	58.72	671	672
UniRef90_K8WKY8	58.42	671	673
UniRef90_UPI000379F156	57.50	671	672
UniRef90_UPI0006A7665B	60.00	671	675
UniRef90_UPI00063D06C6	58.61	671	675
UniRef90_B7RNA2	58.33	671	690
UniRef90_A9DWZ8	59.31	671	675
UniRef90_UPI00034558A4	60.03	671	672
UniRef90_A3WNB0	58.93	671	676
UniRef90_UPI0003B368AC	59.47	671	677
UniRef90_A0A0D5AVZ0	59.47	671	682
UniRef90_UPI0002F2AEF5	58.12	671	670
UniRef90_Q16BL8	58.33	671	675
UniRef90_UPI0005BA1858	59.97	671	670
UniRef90_A3X636	57.63	671	675
UniRef90_A0A0K3BUG0	58.52	671	676
UniRef90_H8L5I7	60.33	671	672
UniRef90_A0A0B4CJB0	57.95	671	675
UniRef90_UPI000682AC37	58.33	671	675
UniRef90_K3XB01	59.20	671	703
UniRef90_A0A0N0XIY6	60.12	671	672
UniRef90_UPI0005CFB205	83.74	671	455
UniRef90_Q487U1	57.37	671	680
UniRef90_UPI00046A1F36	58.33	671	675
UniRef90_Q081S5	56.32	671	671
UniRef90_UPI0005548133	58.93	671	675
UniRef90_A0A0L1JSH9	58.61	671	673
UniRef90_UPI000478C31B	59.07	671	678
UniRef90_Q1N622	60.77	671	675
UniRef90_UPI000468AEE3	57.59	671	675
UniRef90_UPI0004A7062B	58.26	671	684
UniRef90_I4VSL0	58.99	671	672
UniRef90_I4W6W1	58.67	671	672
UniRef90_A0A0J5GHC4	68.85	671	673
UniRef90_A0A0B3BMX8	64.04	671	677
UniRef90_G6YWR8	63.30	671	678
UniRef90_A0A0F3KFD4	66.77	671	673
UniRef90_UPI0004781912	67.36	671	673
UniRef90_A0A0K6GYU8	67.21	671	673
UniRef90_UPI00036B9DDD	62.15	671	680
UniRef90_A0A078LU21	62.61	671	676
UniRef90_E4PG80	62.59	671	689
UniRef90_Q4K9L4	63.35	671	679
UniRef90_A6EV06	62.54	671	688
UniRef90_Q7P1P4	67.51	671	673
UniRef90_U7G063	61.86	671	687
UniRef90_UPI000489D48B	62.39	671	688
UniRef90_I7AAL2	62.17	671	676
UniRef90_UPI00036BBB21	64.33	671	671
UniRef90_S6AE28	62.85	671	678
UniRef90_N6X1H8	62.83	671	690
UniRef90_A0A0J6IMG1	64.04	671	678
UniRef90_K4RF55	61.49	671	671
UniRef90_A0A0B5HNP0	64.03	671	671
UniRef90_E2XSI3	61.13	671	678
UniRef90_E6XBJ6	59.88	671	675
UniRef90_UPI000405A5C7	64.78	671	683
UniRef90_UPI00037D31FD	63.30	671	677
UniRef90_A0A0M8SRL6	63.45	671	673
UniRef90_I4MVJ6	64.19	671	678
UniRef90_C1D9T2	69.00	671	717
UniRef90_UPI0005E31A8E	70.04	671	673
UniRef90_K4KJK9	65.38	671	673
UniRef90_UPI0002559183	62.81	671	676
UniRef90_A0A089X490	61.49	671	671
UniRef90_UPI00061CD4B1	71.54	671	673
UniRef90_UPI0005BE7F95	63.56	671	676
UniRef90_UPI0003F6BCDC	67.01	671	675
UniRef90_B9Z5X0	67.51	671	673
UniRef90_UPI00048C76AE	69.79	671	674
UniRef90_Q2BQR1	65.38	671	674
UniRef90_UPI0004CD1993	61.94	671	671
UniRef90_A0A089PX34	77.50	671	672
UniRef90_L0MND1	71.94	671	673
UniRef90_D6X9I1	62.95	671	684
UniRef90_Q2SDH7	62.11	671	682
UniRef90_Q82NL1	63.43	671	671
UniRef90_UPI0003761BFB	63.37	671	678
UniRef90_F4L375	62.20	671	675
UniRef90_A0A0F5VYK8	61.79	671	671
UniRef90_D3V5R0	69.15	671	673
UniRef90_UPI0003F7B097	59.58	671	675
UniRef90_UPI0003B6B17E	68.15	671	675
UniRef90_A0A068R6Q2	68.55	671	673
UniRef90_B7ND69	98.51	671	672
UniRef90_A0A0A5FP11	69.45	671	673
UniRef90_P42593	100.00	671	672
UniRef90_A0A0F3LNE4	64.69	671	674
UniRef90_UPI000423923A	61.70	671	681
UniRef90_A0A0D7CPY7	62.69	671	671
UniRef90_E4TRG5	58.87	671	674
UniRef90_UPI00048D98D0	60.48	671	674
UniRef90_UPI0006847B96	63.89	671	688
UniRef90_UPI00035EEEB8	62.84	671	671
UniRef90_N6YTI5	65.77	671	968
UniRef90_F6AK78	63.20	671	676
UniRef90_UPI0004C494BB	64.03	671	674
UniRef90_A0A0F9XLE8	59.58	671	675
UniRef90_A7FE16	72.88	671	673
UniRef90_UPI00037A344F	67.26	671	674
UniRef90_A0A0H5N6Z0	72.88	671	673
UniRef90_A0A099XUG8	59.29	671	674
UniRef90_UPI00035FED03	62.54	671	673
UniRef90_A0A059ZFD0	62.85	671	674
UniRef90_A0A081KAC5	64.14	671	672
UniRef90_UPI0004C6C3E7	61.77	671	665
UniRef90_UPI000482F10C	66.22	671	673
UniRef90_C7RC14	59.88	671	673
UniRef90_A0A0F9V8F6	63.10	671	678
UniRef90_Q21X86	63.89	671	832
UniRef90_A0A085HDM1	85.22	671	673
UniRef90_W9URH0	65.33	671	674
UniRef90_A0A098SAP6	60.66	671	674
UniRef90_A0A0C3MJ22	65.48	671	967
UniRef90_UPI00039D6160	63.34	671	677
UniRef90_A0A0H5GVQ0	70.64	671	673
UniRef90_UPI0003F9C34D	66.22	671	673
UniRef90_UPI0004C931A4	62.50	671	673
UniRef90_C7BL38	69.70	671	673
UniRef90_W1IPQ6	69.30	671	673
UniRef90_UPI0004C4895D	60.90	671	671
UniRef90_UPI000377DEE7	62.24	671	682
UniRef90_UPI0003658F52	61.49	671	671
UniRef90_UPI0004818DDE	66.82	671	677
UniRef90_A0A0F4R0T9	64.14	671	678
UniRef90_UPI0005A766BE	61.04	671	671
UniRef90_X5HQB0	63.10	671	671
UniRef90_A0A023WTL7	61.28	671	676
UniRef90_A0A0N1B4A5	59.70	671	677
UniRef90_A0A086H453	63.28	671	671
UniRef90_UPI0006C7927B	65.18	671	674
UniRef90_UPI0005A715CB	62.11	671	673
UniRef90_UPI0005A7EAF3	63.69	671	836
UniRef90_UPI0002557366	61.96	671	677
UniRef90_A0A0M8UZ27	60.90	671	671
UniRef90_A0A0L0JKG6	61.19	671	673
UniRef90_UPI0002558A35	65.62	671	682
UniRef90_A0A0F6UBG0	61.81	671	679
UniRef90_A0A081NJX9	62.05	671	686
UniRef90_A0A0J8SU03	63.95	671	674
UniRef90_A0A0M8XMZ1	62.84	671	671
UniRef90_A0A0D0LHB1	63.35	671	679
UniRef90_A0A031LVS9	64.09	671	674
UniRef90_A0A031MB23	63.88	671	676
UniRef90_A0A0J8VNJ8	82.41	671	673
UniRef90_A0A0K1WIP7	63.50	671	678
UniRef90_UPI000478A00A	59.88	671	675
UniRef90_A0A0G3BN23	66.47	671	829
UniRef90_A0A077LSF8	66.02	671	678
UniRef90_M4LRV2	85.84	671	672
UniRef90_F2GD70	59.23	671	680
UniRef90_F0QD84	65.92	671	676
UniRef90_A0A098T534	63.65	671	679
UniRef90_UPI00068FB9A8	88.08	671	672
UniRef90_UPI0003B368AC	59.32	671	677
UniRef90_A0A0F4KMJ1	60.30	671	677
UniRef90_D4E1D7	71.68	671	677
UniRef90_UPI00058F73FD	62.44	671	671
UniRef90_UPI0004E31655	85.07	671	673
UniRef90_D2TR15	85.99	671	672
UniRef90_UPI000695C84B	61.07	671	673
UniRef90_A0A0F9VG39	62.80	671	678
UniRef90_UPI00037FDD92	65.33	671	675
UniRef90_UPI00034B83E0	61.79	671	666
UniRef90_D3P5L7	60.00	671	718
UniRef90_A0A0K6H0P2	58.54	671	673
UniRef90_UPI00053D6431	59.44	671	674
UniRef90_UPI00047B1315	58.99	671	674
UniRef90_UPI0003FBD44E	59.08	671	680
UniRef90_UPI000363042E	59.91	671	679
UniRef90_A0A085G1N3	80.48	671	672
UniRef90_L1LX06	64.49	671	678
UniRef90_UPI0004BF5CEF	62.80	671	673
UniRef90_V7EAW3	62.52	671	679
UniRef90_S0AJL4	70.79	671	681
UniRef90_UPI0005A7145B	63.54	671	671
UniRef90_A0A075K0I8	58.84	671	672
UniRef90_K6XVR6	58.33	671	675
UniRef90_A0A0F7H7V1	70.79	671	673
UniRef90_R9AV53	62.52	671	675
UniRef90_A0A0D1N1G1	81.82	671	672
UniRef90_A0A068HIM8	82.84	671	673
UniRef90_A0A0G3QGU4	84.48	671	673
UniRef90_A0A0N1BPF3	63.60	671	671
UniRef90_A0A095VWK0	66.96	671	673
UniRef90_UPI000403B09C	58.99	671	673
UniRef90_UPI00034558A4	60.03	671	672
UniRef90_A6FDH5	60.98	671	676
UniRef90_UPI0004C80CC8	62.80	671	673
UniRef90_A4C2R1	59.14	671	674
UniRef90_C6XQX4	61.96	671	674
UniRef90_UPI0003B60C12	62.26	671	678
UniRef90_B5XTX8	83.73	671	673
UniRef90_V5AZ91	82.69	671	673
UniRef90_A0A085AB95	85.52	671	673
UniRef90_UPI00048F9EF7	64.14	671	683
UniRef90_A0A0M0T9H0	66.92	671	673
UniRef90_UPI000412F81E	60.62	671	675
UniRef90_A0A0L7SWJ4	72.50	671	673
UniRef90_UPI0004A7062B	57.79	671	684
UniRef90_L0M018	87.93	671	672
UniRef90_UPI000682AC37	57.65	671	675
UniRef90_UPI0005096AB9	58.63	671	675
UniRef90_UPI0003627083	59.55	671	678
UniRef90_J0U8R1	65.97	671	687
UniRef90_UPI0004C8120A	59.97	671	676
UniRef90_I4JMG8	60.79	671	688
UniRef90_N9VL93	62.65	671	671
UniRef90_D0SIH5	62.17	671	674
UniRef90_A0A094IMJ3	58.78	671	673
UniRef90_N9BTI6	63.06	671	674
UniRef90_A0A023V4Y6	87.33	671	672
UniRef90_A0A0E2GKB5	61.96	671	674
UniRef90_A0A0A0DTE6	66.27	671	673
UniRef90_W6J5R7	84.48	671	673
UniRef90_A0A0A7JIK6	64.19	671	678
UniRef90_A0A011QSE9	62.18	671	685
UniRef90_UPI0007037DE2	64.54	671	678
UniRef90_N8Y7M2	63.50	671	674
UniRef90_E3G1T3	83.88	671	673
UniRef90_UPI0006E2C8A0	60.92	671	674
UniRef90_UPI00041C9C00	57.48	671	675
UniRef90_UPI000417AFE6	65.23	671	673
UniRef90_M9TZT0	61.19	671	671
UniRef90_A0A0F4S3R1	59.05	671	675
UniRef90_K6XDB8	59.44	671	709
UniRef90_C9Y8M5	63.84	671	835
UniRef90_A0A0I9ZXE9	65.48	671	673
UniRef90_A0A085UQR6	62.70	671	678
UniRef90_F5ZAI6	59.44	671	673
UniRef90_D0SSY1	62.46	671	674
UniRef90_D0SDX2	63.65	671	674
UniRef90_A0A0F3LBQ4	62.81	671	675
UniRef90_UPI0006BB95A4	64.49	671	828
UniRef90_A0A087L2B0	71.39	671	673
UniRef90_UPI0003608414	63.39	671	674
UniRef90_A0A0F2T4I3	63.89	671	678
UniRef90_A0A0H4I9B0	60.68	671	695
UniRef90_K7A5B8	58.18	671	679
UniRef90_A0A023NR64	58.42	671	670
UniRef90_UPI0004C1A6A5	61.81	671	673
UniRef90_A0A0B5EPH4	60.86	671	673
UniRef90_A2U0U1	60.03	671	683
UniRef90_UPI0004177883	63.30	671	671
UniRef90_UPI0003FE9CDD	64.73	671	678
UniRef90_UPI00047D0F42	59.85	671	670
UniRef90_S3ZG15	61.01	671	676
UniRef90_L7F333	61.81	671	674
UniRef90_UPI00057CB2B5	63.65	671	674
UniRef90_UPI00034557AD	61.04	671	671
UniRef90_A0A0F6TQH1	58.01	671	674
UniRef90_A0A0D0K727	62.91	671	678
UniRef90_S3N0X6	63.89	671	674
UniRef90_UPI0007038BCB	58.06	671	680
UniRef90_UPI0006F4AFF2	66.37	671	673
UniRef90_UPI00056BAB59	65.68	671	673
UniRef90_R4YQK6	61.72	671	681
UniRef90_J1RJZ0	62.54	671	671
UniRef90_V9WUU6	63.30	671	678
UniRef90_UPI000527017E	62.54	671	671
UniRef90_A0A0B5IR71	82.69	671	673
UniRef90_A4AS11	60.18	671	675
UniRef90_A0A095FN10	60.15	671	677
UniRef90_W2UEG9	61.40	671	674
UniRef90_A0A0D0PX66	65.13	671	667
UniRef90_A0A0D5AVZ0	59.26	671	682
UniRef90_UPI00034508FD	61.34	671	671
UniRef90_B4EMK1	60.30	671	677
UniRef90_A0A0H5LSZ6	64.29	671	673
UniRef90_UPI00035E3B41	63.00	671	679
UniRef90_A0A090IDH9	61.00	671	680
UniRef90_Q6D9G0	69.16	671	683
UniRef90_A0A0H1A7X8	61.31	671	676
UniRef90_A0A099Y2Y2	60.18	671	674
UniRef90_A0A099KSD1	59.08	671	688
UniRef90_A4BJE7	62.50	671	676
UniRef90_A0A099CUF0	58.72	671	677
UniRef90_K6ZYU4	62.80	671	682
UniRef90_A0A0C1XYZ0	62.56	671	828
UniRef90_C9XU90	80.92	671	708
UniRef90_A0A0F7JVK0	60.15	671	678
UniRef90_A0A023Y6R4	59.61	671	677
UniRef90_A0A0M5JVA7	63.06	671	674
UniRef90_A0A075P273	57.74	671	677
UniRef90_UPI0003604939	61.46	671	673
UniRef90_A0A0C1T8Q9	61.64	671	671
UniRef90_I4W7T5	60.48	671	672
UniRef90_A0A089WY06	64.34	671	678
UniRef90_UPI0004C192B5	61.04	671	671
UniRef90_A0A0M2T5Q5	59.73	671	672
UniRef90_A0A085INE6	82.69	671	673
UniRef90_A0A089PF70	81.82	671	673
UniRef90_A0A099SQ44	63.35	671	679
UniRef90_K6XCL8	58.93	671	675
UniRef90_UPI0002ECB9C1	65.03	671	673
UniRef90_A0A094S7A6	69.00	671	674
UniRef90_A0A0A0EV37	59.02	671	680
UniRef90_UPI000363E26E	62.39	671	671
UniRef90_UPI0002ED5598	57.19	671	678
UniRef90_D9UYW2	58.81	671	668
UniRef90_A0A0H5CT06	58.54	671	685
UniRef90_A0A0F6TX65	87.03	671	672
UniRef90_W0VDB3	66.37	671	673
UniRef90_UPI0004D00823	59.46	671	682
UniRef90_D8VMM0	64.28	671	673
UniRef90_A3X636	57.42	671	675
UniRef90_I7F037	58.01	671	675
UniRef90_K6ZQV5	59.23	671	675
UniRef90_A0A0A0DPR9	57.58	671	688
UniRef90_UPI0005C9190A	64.29	671	675
UniRef90_K6ZH89	59.08	671	692
UniRef90_A1S6C3	57.06	671	671
UniRef90_I4W6W1	58.40	671	672
UniRef90_B5JRM4	59.29	671	675
UniRef90_H5TE07	57.14	671	675
UniRef90_N9DS08	63.50	671	674
UniRef90_UPI000402A523	60.60	671	671
UniRef90_UPI0000E0F4AF	59.67	671	679
UniRef90_UPI0005676FDB	60.92	671	673
UniRef90_UPI0003B59FFE	63.00	671	672
UniRef90_V5UKQ6	65.18	671	673
UniRef90_A0A0L1JSH9	58.40	671	673
UniRef90_E1STP0	56.33	671	674
UniRef90_UPI0006CA942D	62.44	671	674
UniRef90_Q081S5	56.17	671	671
UniRef90_A9DUY9	62.70	671	674
UniRef90_A0A087K6P3	62.09	671	671
UniRef90_UPI00062981FD	62.70	671	674
UniRef90_UPI00054C60A1	61.52	671	673
UniRef90_A0A091AVH7	59.91	671	675
UniRef90_W0LBS4	70.19	671	673
UniRef90_UPI000478C31B	58.81	671	678
UniRef90_UPI0004664E3E	80.48	671	672
UniRef90_UPI0004C66AAE	62.20	671	673
UniRef90_A0A091AYM8	59.85	671	675
UniRef90_UPI00047E7F2A	57.74	671	675
UniRef90_A0A089YRM6	63.65	671	678
UniRef90_A0A0F6VZG5	62.26	671	675
UniRef90_A0A0B4CJB0	57.27	671	675
UniRef90_A0A081EF56	61.66	671	673
UniRef90_A0A090VRF6	82.54	671	672
UniRef90_A0A095XAF5	60.00	671	677
UniRef90_UPI0004E1BCAC	59.14	671	678
UniRef90_UPI0003A864DA	62.56	671	674
UniRef90_I1DYG9	60.18	671	672
UniRef90_A0A091ANQ4	58.48	671	675
UniRef90_UPI00058E1EA4	62.76	671	678
UniRef90_A8FVP6	56.46	671	671
UniRef90_UPI00048AEFA5	60.75	671	671
UniRef90_N9BV38	61.96	671	675
UniRef90_A6VUY7	61.07	671	673
UniRef90_R8ANX8	60.90	671	671
UniRef90_UPI000415F0C8	60.24	671	676
UniRef90_Q8EEG3	57.06	671	672
UniRef90_A0A0K3BUG0	58.52	671	676
UniRef90_UPI000344E573	71.15	671	673
UniRef90_A0A021W0C3	59.17	671	687
UniRef90_C0XRC4	60.15	671	677
UniRef90_Q5LMH7	57.50	671	675
UniRef90_W1RZE4	61.81	671	673
UniRef90_UPI0004E19D8F	81.07	671	672
UniRef90_I4VSL0	58.99	671	672
UniRef90_A0A068QWZ1	68.11	671	673
UniRef90_A0A0C2BPB4	57.36	671	676
UniRef90_A0A0F0HU99	61.07	671	673
UniRef90_A0A0M9EG90	58.84	671	675
UniRef90_R9PQE9	58.99	671	673
UniRef90_A0A0M3UFV0	63.89	671	675
UniRef90_UPI0004101CD1	60.27	671	674
UniRef90_UPI0004C037C3	60.57	671	673
UniRef90_B1TA39	66.67	671	673
UniRef90_A0A0J8YGA5	71.21	671	669
UniRef90_S9QDL8	57.27	671	674
UniRef90_UPI000468AEE3	57.12	671	675
UniRef90_A0A087MFF5	57.44	671	675
UniRef90_UPI0006FBDF68	60.30	671	672
UniRef90_UPI00036F9375	55.87	671	673
UniRef90_H6R5F8	55.10	671	678
UniRef90_A0A0L0AWP7	82.12	671	672
UniRef90_UPI0004285C51	58.99	671	675
UniRef90_A0A0D5EP15	65.03	671	673
UniRef90_M4B9V5	59.94	671	701
UniRef90_UPI0005D42B7E	70.45	671	681
UniRef90_UPI0003B54F1E	60.68	671	677
UniRef90_K2JTU3	60.53	671	675
UniRef90_B7RNA2	57.50	671	690
UniRef90_A0A085GXK3	67.01	671	673
UniRef90_D7B0B7	60.15	671	669
UniRef90_UPI0004809C8C	66.37	671	674
UniRef90_UPI0003C7685A	60.33	671	677
UniRef90_X7E5G5	60.48	671	673
UniRef90_UPI000409AC7D	59.58	671	674
UniRef90_A3SKE6	57.14	671	686
UniRef90_A0A0F7M4N7	60.92	671	671
UniRef90_UPI0004250D89	60.18	671	675
UniRef90_A0A0A1AVW9	71.15	671	671
UniRef90_UPI000686737E	58.63	671	677
UniRef90_UPI0004C1D373	61.16	671	673
UniRef90_A0A0B1PSM0	60.51	671	670
UniRef90_UPI00037B0C62	70.90	671	677
UniRef90_A3WNB0	58.93	671	676
UniRef90_U7FTQ0	56.99	671	672
UniRef90_UPI000698AE8C	61.76	671	672
UniRef90_UPI00035F25B5	63.45	671	673
UniRef90_E4WJG6	56.15	671	676
UniRef90_UPI00063D06C6	58.61	671	675
UniRef90_I3TV11	64.52	671	703
UniRef90_I0QNM2	69.85	671	677
UniRef90_K3XB01	59.05	671	703
UniRef90_A0A071LZ28	74.37	671	673
UniRef90_I9P4I0	60.62	671	672
UniRef90_UPI00055F1071	62.68	671	687
UniRef90_UPI00048D25F9	58.61	671	678
UniRef90_UPI00048C367A	56.02	671	671
UniRef90_A0A0K8QLT6	59.44	671	672
UniRef90_K6YAC6	64.04	671	682
UniRef90_UPI00041EFC58	59.88	671	674
UniRef90_UPI0004007363	58.72	671	672
UniRef90_A0A0C1JCV5	56.23	671	675
UniRef90_A0A073IMZ3	59.05	671	675
UniRef90_UPI0005537158	64.58	671	680
UniRef90_UPI0004903271	55.13	671	671
UniRef90_F3NT81	60.15	671	671
UniRef90_H8L5I7	59.97	671	672
UniRef90_B1KEK1	55.27	671	671
UniRef90_A0A0D8CYP8	58.78	671	677
UniRef90_UPI0005857FFB	63.74	671	675
UniRef90_U7HX56	56.25	671	670
UniRef90_UPI0004890C61	56.00	671	676
UniRef90_V6JFM6	60.83	671	679
UniRef90_A0A0N1GIL2	60.15	671	676
UniRef90_A0A034UPK1	54.80	671	676
UniRef90_A0A0K0XXE7	59.00	671	687
UniRef90_A0A075UK87	58.63	671	672
UniRef90_UPI0005667599	56.10	671	673
UniRef90_F8JJ64	60.92	671	673
UniRef90_G0G8I7	59.70	671	670
UniRef90_A0A0F4JG51	60.33	671	684
UniRef90_Q12MZ3	56.17	671	671
UniRef90_H2ITQ6	70.60	671	678
UniRef90_T2LB91	60.80	671	673
UniRef90_B6B2H2	57.65	671	675
UniRef90_N2JKE1	60.86	671	677
UniRef90_Q16BL8	57.86	671	675
UniRef90_N6WWF2	56.95	671	684
UniRef90_W4GSQ7	58.88	671	713
UniRef90_UPI00036DBD18	57.21	671	670
UniRef90_D0DBD7	57.38	671	669
UniRef90_J7LCT8	61.04	671	671
UniRef90_A0A061STZ4	56.53	671	675
UniRef90_A0A085G2X2	70.60	671	678
UniRef90_K6XQS8	62.95	671	679
UniRef90_C0QGH1	61.01	671	678
UniRef90_F2G638	63.15	671	680
UniRef90_UPI000349A4C3	60.75	671	671
UniRef90_A0A0B4FDE0	57.72	671	675
UniRef90_A0A0K2YEL6	55.85	671	676
UniRef90_D2PRD4	57.80	671	673
UniRef90_UPI0004A73355	57.29	671	680
UniRef90_A0A0M4LA52	62.80	671	675
UniRef90_UPI000554C514	64.00	671	687
UniRef90_UPI0004DF0190	62.05	671	675
UniRef90_UPI0004B8C8CA	68.55	671	673
UniRef90_C1AVU3	57.12	671	674
UniRef90_A0A0F4R9V6	58.57	671	670
UniRef90_A0A0B8NQL2	56.21	671	675
UniRef90_A0A0C3QYC7	56.61	671	671
UniRef90_UPI0006FECA5E	58.90	671	674
UniRef90_F2JUR5	59.76	671	681
UniRef90_Q0VNU5	55.21	671	672
UniRef90_C1A1T1	55.04	671	676
UniRef90_A0A091BAI1	58.18	671	675
UniRef90_UPI00056B1B47	60.45	671	672
UniRef90_UPI00053BB3B7	61.52	671	673
UniRef90_A0A0M2VJC9	60.18	671	672
UniRef90_A0A0A3Z9G4	71.81	671	669
UniRef90_UPI0006FD6AF9	59.18	671	684
UniRef90_UPI0004841C1D	59.65	671	681
UniRef90_UPI00039AEB7B	57.74	671	674
UniRef90_UPI0006D6569B	56.17	671	671
UniRef90_I8TEM9	56.74	671	686
UniRef90_A4ENQ8	56.40	671	675
UniRef90_B8CMF8	54.83	671	671
UniRef90_A0A0A0ENF7	57.01	671	678
UniRef90_A0A0L6VXC9	58.07	671	684
UniRef90_A0A081N821	61.01	671	677
UniRef90_UPI0006FA618D	58.69	671	688
UniRef90_G2GMN9	60.45	671	671
UniRef90_B2FQM5	60.36	671	676
UniRef90_Q6FBR3	62.41	671	674
UniRef90_A0A084A3M1	68.55	671	673
UniRef90_A3V4R4	58.40	671	674
UniRef90_W6JWT2	62.30	671	674
UniRef90_UPI0006D115AF	57.68	671	676
UniRef90_UPI0004912A2E	56.17	671	671
UniRef90_UPI000369F7F6	58.42	671	673
UniRef90_A0A098UCF5	56.59	671	681
UniRef90_A0A011MEM7	61.52	671	674
UniRef90_A0A0A1D313	64.43	671	675
UniRef90_F7RVR0	57.74	671	673
UniRef90_UPI00040AD93C	62.50	671	673
UniRef90_UPI0003F7B7DA	59.56	671	675
UniRef90_A0A0K1K1S1	58.07	671	676
UniRef90_S2KM08	58.96	671	670
UniRef90_UPI00067F5C04	59.20	671	675
UniRef90_A0A077MEU6	60.33	671	675
UniRef90_UPI0003775D44	60.42	671	680
UniRef90_A0A022MBG8	60.00	671	671
UniRef90_UPI0003FEDBFD	55.18	671	676
UniRef90_U2EIH0	57.14	671	675
UniRef90_I7HWG3	57.04	671	674
UniRef90_B2VDD2	69.27	671	669
UniRef90_H5T8T0	61.90	671	682
UniRef90_J1RHL5	62.85	671	671
UniRef90_A0A0D8LGC0	57.97	671	670
UniRef90_UPI000489EA86	55.17	671	673
UniRef90_UPI00046EF5C3	55.13	671	671
UniRef90_A0A0A0EVX6	56.63	671	678
UniRef90_UPI0005A69930	59.67	671	676
UniRef90_UPI00039CC746	58.81	671	679
UniRef90_B0RU43	58.96	671	679
UniRef90_A0A094L6C7	56.40	671	673
UniRef90_A0A0M6YJB7	55.93	671	675
UniRef90_A0A073IZQ7	57.04	671	676
UniRef90_UPI0004288EF6	58.11	671	679
UniRef90_I2JGG4	54.95	671	682
UniRef90_C7RNF5	60.86	671	674
UniRef90_Q3BWU3	58.27	671	679
UniRef90_UPI000407C487	58.72	671	672
UniRef90_A0A0D7V3K2	59.91	671	673
UniRef90_A0A060B365	58.87	671	673
UniRef90_D4ZK33	54.34	671	679
UniRef90_D8MMH4	71.06	671	669
