UniRef90_P23368	97.29	538	584
UniRef90_Q08DM3	90.94	538	584
UniRef90_UPI0003292574	88.22	538	584
UniRef90_H2NWD2	90.05	538	548
UniRef90_UPI000572E9DA	87.30	538	607
UniRef90_G3SNR2	88.77	538	584
UniRef90_F7F489	84.60	538	583
UniRef90_G3WM32	84.60	538	584
UniRef90_F1RPN9	86.89	538	588
UniRef90_F7BC34	82.10	538	584
UniRef90_L5K2N8	89.89	538	721
UniRef90_H1A005	80.80	538	584
UniRef90_UPI0004D08FD7	84.42	538	538
UniRef90_UPI000441CC72	81.16	538	583
UniRef90_UPI00045E36C6	83.15	538	561
UniRef90_W5N5C8	78.08	538	583
UniRef90_H9GG26	79.89	538	578
UniRef90_F6XBE9	76.88	538	589
UniRef90_A5PN55	75.00	538	581
UniRef90_H2LJ68	75.72	538	583
UniRef90_UPI0004963CB6	75.18	538	584
UniRef90_UPI0005223C99	77.74	538	540
UniRef90_I3KCY1	75.36	538	584
UniRef90_P23368-2	95.85	538	479
UniRef90_H2U7T9	74.28	538	585
UniRef90_UPI0006B35EB6	74.64	538	583
UniRef90_A0A087YML7	73.55	538	582
UniRef90_UPI0005280368	75.68	538	574
UniRef90_U3KGS9	74.59	538	575
UniRef90_A0A060YGX0	75.40	538	588
UniRef90_UPI00055853F8	74.09	538	585
UniRef90_H2U7U1	69.91	538	614
UniRef90_V9KIG7	73.24	538	582
UniRef90_G3NWD6	73.96	538	585
UniRef90_UPI00035979EA	74.59	538	748
UniRef90_UPI0006446412	73.73	538	581
UniRef90_UPI000642F25D	90.37	538	456
UniRef90_M7BJ25	72.61	538	496
UniRef90_UPI0004F065F4	79.64	538	445
UniRef90_UPI0004BE1661	90.17	538	445
UniRef90_A0A087VG09	84.00	538	403
UniRef90_C3ZNT5	61.73	538	594
UniRef90_I3K9X2	60.59	538	617
UniRef90_H2U393	60.22	538	570
UniRef90_H2U396	60.22	538	616
UniRef90_C0H987	59.04	538	614
UniRef90_G3NFX0	58.75	538	618
UniRef90_W5MTP7	59.48	538	619
UniRef90_H3AMT7	63.13	538	543
UniRef90_V9KG35	58.56	538	565
UniRef90_UPI0006440E3C	58.01	538	614
UniRef90_M4ABJ5	58.20	538	619
UniRef90_G1KB19	58.01	538	605
UniRef90_UPI0003C29E30	58.01	538	599
UniRef90_UPI000388C368	57.83	538	604
UniRef90_F6QV43	58.01	538	692
UniRef90_F7E5A3	57.57	538	557
UniRef90_E1C740	56.60	538	608
UniRef90_G3WCM1	57.64	538	610
UniRef90_H3AKW1	57.87	538	617
UniRef90_V9KSD0	72.01	538	447
UniRef90_V9KK23	57.64	538	586
UniRef90_UPI000497A2FC	59.30	538	588
UniRef90_UPI0003C297A4	56.82	538	541
UniRef90_UPI00054C24D9	59.12	538	588
UniRef90_K7G1A4	56.83	538	563
UniRef90_P40927	55.98	538	557
UniRef90_F7G3B4	57.76	538	545
UniRef90_A4QPA0	58.38	538	603
UniRef90_UPI0003333925	56.91	538	604
UniRef90_UPI0006B1CA6B	56.70	538	574
UniRef90_A9JRL5	58.05	538	613
UniRef90_G3NN43	59.12	538	574
UniRef90_S9YEM3	80.62	538	487
UniRef90_S9YEM3	54.02	538	487
UniRef90_U3JZH5	57.38	538	555
UniRef90_U3JJ88	56.82	538	567
UniRef90_F1PQ35	56.35	538	604
UniRef90_W4XRK5	56.45	538	548
UniRef90_E9GLD2	58.24	538	557
UniRef90_F6W486	56.26	538	544
UniRef90_I3IU40	59.03	538	575
UniRef90_UPI000328E660	56.35	538	573
UniRef90_M3WFU0	56.07	538	545
UniRef90_Q16798	55.99	538	604
UniRef90_UPI0006B32311	58.20	538	588
UniRef90_UPI0003F06D09	55.64	538	543
UniRef90_G1NWS3	56.03	538	566
UniRef90_P13697	55.43	538	572
UniRef90_H2RKV4	58.01	538	589
UniRef90_R7V7V0	56.46	538	588
UniRef90_H0XB68	56.07	538	549
UniRef90_P48163	55.06	538	572
UniRef90_M3ZXG5	58.88	538	588
UniRef90_Q29558	55.90	538	557
UniRef90_W5NKE6	56.70	538	588
UniRef90_UPI00064D205C	55.89	538	589
UniRef90_UPI0006D52692	56.91	538	617
UniRef90_UPI00069866B6	56.96	538	573
UniRef90_F7EDE1	55.54	538	611
UniRef90_A0A060X1Z3	57.57	538	555
UniRef90_V3ZDP7	54.56	538	554
UniRef90_K7G0K5	54.87	538	542
UniRef90_UPI0003C91F01	55.33	538	788
UniRef90_F1QU54	57.43	538	585
UniRef90_U5EUA8	55.41	538	581
UniRef90_UPI0004445C42	55.70	538	542
UniRef90_W5UF98	57.27	538	581
UniRef90_UPI0005AC36D4	54.48	538	645
UniRef90_G1P141	55.85	538	562
UniRef90_UPI0003598DA5	56.41	538	601
UniRef90_Q17M98	55.19	538	612
UniRef90_UPI0003BB9CC4	55.66	538	636
UniRef90_T1I5N5	55.33	538	591
UniRef90_T1IZH2	57.25	538	626
UniRef90_B0WQC9	54.86	538	622
UniRef90_UPI0006CEFCCC	55.13	538	623
UniRef90_UPI0005FA6B19	54.11	538	711
UniRef90_L5JPP7	51.71	538	615
UniRef90_A7SRZ0	58.52	538	565
UniRef90_Q17M99	54.50	538	652
UniRef90_L8I3J6	54.23	538	550
UniRef90_A0A069DW24	55.31	538	555
UniRef90_UPI00062A97F4	52.17	538	604
UniRef90_E4XRF4	55.39	538	604
UniRef90_UPI0005ED5F59	54.30	538	663
UniRef90_T1HXC8	55.56	538	543
UniRef90_UPI00062351A4	53.93	538	732
UniRef90_UPI000695F535	55.60	538	625
UniRef90_B3S6Z9	55.22	538	525
UniRef90_D6WC30	55.15	538	620
UniRef90_K1RAP8	55.15	538	606
UniRef90_K7J4T0	54.11	538	607
UniRef90_A0A088AES7	54.30	538	625
UniRef90_V4C9X1	53.82	538	542
UniRef90_H2RKV8	54.96	538	727
UniRef90_T1PDX1	54.31	538	626
UniRef90_A0A0L8IG73	54.43	538	603
UniRef90_A0A091I1H3	54.66	538	532
UniRef90_UPI0005D382AF	55.58	538	630
UniRef90_A0A067QF27	54.21	538	613
UniRef90_L7WRS4	54.21	538	623
UniRef90_F5HL44	53.92	538	629
UniRef90_UPI000625A26B	53.56	538	624
UniRef90_UPI0003DF5429	53.93	538	614
UniRef90_J9JUU8	55.62	538	573
UniRef90_UPI0006B7B92B	54.49	538	521
UniRef90_T1EF05	52.06	538	602
UniRef90_UPI0005CF2D50	54.21	538	619
UniRef90_A0A0K2TKS9	55.60	538	618
UniRef90_UPI0005EF16FA	55.33	538	627
UniRef90_UPI00054F5F97	54.80	538	542
UniRef90_A0A088ATR6	54.40	538	632
UniRef90_UPI0004544AF2	55.49	538	726
UniRef90_H2L9U2	58.84	538	512
UniRef90_UPI00021A8633	54.68	538	632
UniRef90_L5JQP7	53.53	538	556
UniRef90_A0A0A9W9V7	55.39	538	643
UniRef90_F7FDW2	52.30	538	570
UniRef90_A0A0M9A958	54.11	538	932
UniRef90_Q4SSY9	54.98	538	718
UniRef90_A0A0K8TU30	54.33	538	593
UniRef90_A3QWA9	54.36	538	592
UniRef90_A0A0J7KKL0	55.60	538	536
UniRef90_F1M5N4	53.68	538	605
UniRef90_UPI000595F062	55.51	538	634
UniRef90_UPI0006261F90	53.38	538	624
UniRef90_K1QU56	54.21	538	578
UniRef90_E2AMD6	54.78	538	605
UniRef90_UPI0006B1A93D	72.68	538	410
UniRef90_UPI0004434381	85.03	538	498
UniRef90_UPI0004434381	59.31	538	498
UniRef90_T2MD48	56.59	538	621
UniRef90_W8ASH1	54.48	538	630
UniRef90_UPI0006C9635C	54.11	538	651
UniRef90_UPI0004C16526	66.17	538	427
UniRef90_A0A0M5J924	54.13	538	626
UniRef90_A0A0B7BIA1	54.03	538	584
UniRef90_H2PJP6	55.75	538	538
UniRef90_U4UQ11	54.10	538	555
UniRef90_S4PXL2	53.48	538	648
UniRef90_W5KNF7	54.31	538	553
UniRef90_A0A0L7QLP9	54.48	538	536
UniRef90_A0A0G2BMB4	78.27	538	465
UniRef90_A0A0G2BMB4	66.34	538	465
UniRef90_V5GLS7	53.99	538	597
UniRef90_T1JHD2	54.13	538	604
UniRef90_UPI0004CCDE5F	53.20	538	570
UniRef90_A0A026VWQ8	54.96	538	634
UniRef90_UPI0005CE464D	52.20	538	571
UniRef90_UPI0006743A1B	54.11	538	586
UniRef90_B4JU20	53.58	538	629
UniRef90_UPI0003C49496	56.73	538	491
UniRef90_E2BX11	54.48	538	536
UniRef90_K7IN29	54.13	538	574
UniRef90_J9K007	54.78	538	625
UniRef90_A0A0G2K4C6	53.04	538	571
UniRef90_E0VKN6	54.56	538	1184
UniRef90_E0VKN6	54.40	538	1184
UniRef90_U5EW70	53.59	538	648
UniRef90_E5S251	52.76	538	633
UniRef90_UPI00065B6653	52.29	538	589
UniRef90_Q178T5	53.85	538	660
UniRef90_B0WYF3	54.48	538	653
UniRef90_UPI000614CB96	53.66	538	633
UniRef90_UPI0006C9E363	54.30	538	625
UniRef90_UPI0006C95FE0	53.76	538	690
UniRef90_E9IHP3	50.78	538	659
UniRef90_F4WZL9	54.23	538	616
UniRef90_UPI000626BB00	52.57	538	628
UniRef90_A0A034VCJ1	53.20	538	869
UniRef90_F7EVL8	56.37	538	529
UniRef90_A0A0M9AD62	55.20	538	623
UniRef90_U4U1N0	52.33	538	560
UniRef90_B0WQD0	53.30	538	609
UniRef90_Q9U1J0	53.70	538	604
UniRef90_B4JRF6	53.58	538	869
UniRef90_UPI0006D4E3A3	53.28	538	560
UniRef90_A0A068XNL7	52.28	538	583
UniRef90_A0A0K8TSX8	53.76	538	591
UniRef90_UPI000441D334	59.02	538	448
UniRef90_T1DPT6	54.26	538	723
UniRef90_R7UKZ4	52.41	538	538
UniRef90_UPI0005348B92	58.73	538	472
UniRef90_G6CY74	53.54	538	566
UniRef90_A0A0C9R9Z4	55.05	538	505
UniRef90_A0A068Y2R7	51.91	538	583
UniRef90_A0A0A1WRJ7	52.47	538	877
UniRef90_A0A0A9YR05	56.56	538	521
UniRef90_A0A0C9QUA2	53.90	538	641
UniRef90_A0A016T898	53.07	538	625
UniRef90_A0A0L0BYF3	53.94	538	949
UniRef90_T1PBL2	52.29	538	738
UniRef90_UPI0005D068ED	53.37	538	640
UniRef90_W5J588	53.89	538	735
UniRef90_UPI0004404EAA	52.25	538	513
UniRef90_F5HJQ2	52.83	538	690
UniRef90_UPI000624F8B6	53.12	538	637
UniRef90_V5G0U1	53.12	538	618
UniRef90_UPI0006733F33	53.21	538	844
UniRef90_UPI000676656E	52.63	538	619
UniRef90_D6WC31	50.91	538	608
UniRef90_A0A0L0CKI6	53.23	538	883
UniRef90_S7TQ09	52.71	538	552
UniRef90_A0A0L0BKI1	52.02	538	586
UniRef90_UPI0006B08C17	52.24	538	583
UniRef90_UPI0003C37736	53.48	538	585
UniRef90_F1N3V0	50.75	538	569
UniRef90_H9JA74	53.26	538	544
UniRef90_UPI0006CF0839	53.41	538	564
UniRef90_UPI00034F537E	51.92	538	638
UniRef90_P27443	51.90	538	643
UniRef90_D3TQA3	51.93	538	586
UniRef90_G6D4N5	53.45	538	638
UniRef90_G1DE54	52.33	538	640
UniRef90_A0A085NL52	51.19	538	591
UniRef90_UPI000673B2AB	51.93	538	613
UniRef90_UPI00067957D2	51.83	538	632
UniRef90_K3Z4Y2	50.65	538	576
UniRef90_UPI000510CFBB	51.21	538	642
UniRef90_H2RKV3	61.04	538	461
UniRef90_UPI00067B5B77	51.28	538	594
UniRef90_J0DK60	51.81	538	634
UniRef90_T1KCR8	51.87	538	614
UniRef90_UPI000679E153	52.01	538	649
UniRef90_W0DJQ6	51.03	538	557
UniRef90_A0A0J8B665	52.59	538	641
UniRef90_A0A0N5ATC1	51.55	538	626
UniRef90_A0A084VIW7	52.97	538	585
UniRef90_UPI0005405DB4	50.36	538	522
UniRef90_UPI0006B0B297	51.78	538	687
UniRef90_A0A016T945	52.92	538	648
UniRef90_E5SDX8	50.64	538	619
UniRef90_UPI0004A752AC	50.94	538	548
UniRef90_W2PDE9	51.22	538	596
UniRef90_D7U0C2	50.74	538	640
UniRef90_G1NQQ1	56.38	538	453
UniRef90_A0A0M4EU83	51.20	538	759
UniRef90_A0A0J9XR90	51.44	538	634
UniRef90_C5YU98	50.93	538	570
UniRef90_A0A059CL16	50.74	538	587
UniRef90_A0A089YMJ0	51.59	538	658
UniRef90_B4M3W8	52.30	538	816
UniRef90_A0A0K9Q5B5	50.19	538	648
UniRef90_U6NLQ6	52.17	538	619
UniRef90_A0A059CMG6	50.65	538	583
UniRef90_M5X9J6	50.56	538	641
UniRef90_A0A0A0LLH9	51.39	538	589
UniRef90_UPI0005813F50	49.91	538	648
UniRef90_W0SCX7	52.14	538	551
UniRef90_UPI000539F48E	50.09	538	588
UniRef90_UPI0004F0E68A	81.11	538	307
UniRef90_U6PHZ7	52.71	538	624
UniRef90_K3WV64	51.61	538	542
UniRef90_C5XK02	50.09	538	593
UniRef90_A0A068U455	50.00	538	591
UniRef90_A0A0A0LAT4	50.56	538	647
UniRef90_H3FK15	50.54	538	608
UniRef90_UPI0005D0CCA1	51.54	538	651
UniRef90_A0A0A2HTG2	51.52	538	527
UniRef90_Q6PMI3	50.09	538	654
UniRef90_UPI00052F1B32	50.19	538	643
UniRef90_A0A0N4V4B0	51.92	538	642
UniRef90_UPI0005CADCB3	50.09	538	613
UniRef90_A0A0J8CWU9	50.37	538	583
UniRef90_M1CYF9	49.53	538	591
UniRef90_G1KCW3	53.09	538	576
UniRef90_L7M520	50.84	538	586
UniRef90_G3WCM2	55.73	538	463
UniRef90_A0A0N5A663	52.29	538	637
UniRef90_O04935	49.91	538	640
UniRef90_B4N9V9	52.02	538	842
UniRef90_A0A087UH84	54.23	538	607
UniRef90_O48656	50.93	538	592
UniRef90_A0A0C9R0R5	55.90	538	478
UniRef90_A0A016UBT0	49.48	538	665
UniRef90_UPI0004A32FF9	60.05	538	489
UniRef90_A0A067KNF4	49.53	538	589
UniRef90_S8E9H9	50.00	538	549
UniRef90_A0A0D9V5I0	50.09	538	588
UniRef90_A0A0D2PRV5	50.83	538	591
UniRef90_Q94G03	49.44	538	589
UniRef90_A0A059AI03	49.72	538	649
UniRef90_B4JEZ0	51.74	538	815
UniRef90_A0A0N4UBQ7	49.10	538	577
UniRef90_A0A0N4VMG9	50.73	538	618
UniRef90_A0A0A0K7A6	51.02	538	568
UniRef90_J3KX60	49.63	538	583
UniRef90_Q0JJQ7	50.09	538	592
UniRef90_I1HL52	49.63	538	570
UniRef90_B4K8L2	52.13	538	818
UniRef90_UPI0004E5B8EE	49.91	538	637
UniRef90_A0A068UI59	51.40	538	622
UniRef90_UPI0004F41575	49.44	538	499
UniRef90_A0A0N4VJS6	51.64	538	593
UniRef90_K3XFV5	48.98	538	593
UniRef90_B3LW72	51.65	538	814
UniRef90_Q89G76	50.75	538	531
UniRef90_M0SJI5	50.46	538	652
UniRef90_A0A022QMV9	51.99	538	644
UniRef90_A0A023IRL7	49.53	538	593
UniRef90_A0A022PYV6	49.17	538	645
UniRef90_G4ZH77	52.59	538	514
UniRef90_U5D173	50.46	538	652
UniRef90_B8LRQ8	50.19	538	581
UniRef90_P43279	49.44	538	639
UniRef90_A0A016T929	52.25	538	621
UniRef90_L0E133	49.91	538	618
UniRef90_A0A0D2N4S9	51.12	538	582
UniRef90_P36444	49.35	538	647
UniRef90_M0THA6	48.79	538	575
UniRef90_UPI0006D8FF86	50.18	538	563
UniRef90_M0RK67	49.91	538	659
UniRef90_A0A0J8BPJ9	49.54	538	584
UniRef90_U6NIA7	50.99	538	634
UniRef90_UPI0004670909	51.78	538	543
UniRef90_UPI0002C36F2C	49.54	538	637
UniRef90_P37223	49.17	538	585
UniRef90_I4AXX7	48.79	538	645
UniRef90_A0A061FML7	49.72	538	591
UniRef90_P51615	48.79	538	591
UniRef90_Q6PMI1	49.35	538	575
UniRef90_M4FD59	51.03	538	582
UniRef90_A0A022QH43	49.16	538	591
UniRef90_A0A024UAR0	50.69	538	543
UniRef90_A0A0D2UGE3	49.63	538	597
UniRef90_A0A044QQV4	48.79	538	552
UniRef90_I5ANP5	51.10	538	827
UniRef90_K4BMP8	49.53	538	642
UniRef90_Q6PMI2	49.35	538	614
UniRef90_A0A0D8XGQ2	50.09	538	629
UniRef90_A0A0N4T4X6	51.02	538	554
UniRef90_Q9LYG3	50.09	538	588
UniRef90_Q9SDL2	48.88	538	570
UniRef90_W0J2L6	50.47	538	558
UniRef90_A0A022S3G6	48.89	538	654
UniRef90_B9RQE8	50.28	538	641
UniRef90_Q8H0E8	50.09	538	577
UniRef90_A0A061GVC0	49.91	538	645
UniRef90_J3L3M3	49.44	538	648
UniRef90_D0NWC6	49.91	538	538
UniRef90_U6PIZ2	50.99	538	621
UniRef90_J3L3Y9	49.53	538	646
UniRef90_UPI0006D92ED6	74.09	538	499
UniRef90_UPI0006D92ED6	81.02	538	499
UniRef90_A5ENL1	51.22	538	543
UniRef90_A0A0A0LW91	50.28	538	591
UniRef90_UPI0004816D71	50.56	538	530
UniRef90_A0A090LG68	50.64	538	653
UniRef90_I1HCU7	49.63	538	668
UniRef90_UPI00053C8981	49.17	538	596
UniRef90_M0UAJ6	49.07	538	590
UniRef90_A0A0K9Q1E1	50.28	538	602
UniRef90_Q9VG32	50.18	538	759
UniRef90_I1HRG0	48.42	538	588
UniRef90_O82191	50.28	538	581
UniRef90_A0A0K0FD75	51.01	538	637
UniRef90_A0A096SPN0	49.62	538	664
UniRef90_M4BDU6	49.53	538	538
UniRef90_B1ZTB8	50.37	538	555
UniRef90_O04936	49.44	538	579
UniRef90_P12628	49.91	538	589
UniRef90_V4SHQ1	50.28	538	643
UniRef90_A0A0C2DB78	49.01	538	576
UniRef90_A0A0K0JP13	50.83	538	714
UniRef90_A0A059CV64	51.12	538	582
UniRef90_A0A044QQU5	49.63	538	622
UniRef90_K3XFH6	50.00	538	639
UniRef90_F6H359	50.09	538	585
UniRef90_M5VVJ8	50.09	538	599
UniRef90_UPI0005BC5837	48.29	538	655
UniRef90_I1MCU4	49.81	538	643
UniRef90_V7APX6	49.81	538	642
UniRef90_K4DBT1	48.88	538	589
UniRef90_S8BVR5	50.85	538	590
UniRef90_Q9U1J1	48.76	538	596
UniRef90_B6ILL0	50.55	538	620
UniRef90_W9S793	49.72	538	736
UniRef90_UPI0005813954	48.14	538	591
UniRef90_P37222	48.13	538	573
UniRef90_A0A068TRI3	49.45	538	651
UniRef90_S7PRP5	55.70	538	652
UniRef90_S7PRP5	47.76	538	652
UniRef90_UPI0006575278	48.34	538	550
UniRef90_A0A0D2R5Q1	50.47	538	576
UniRef90_UPI000640A456	54.00	538	592
UniRef90_P34105	49.53	538	591
UniRef90_A0A022PY35	49.91	538	590
UniRef90_W2SPK3	50.54	538	620
UniRef90_B9VU15	50.50	538	504
UniRef90_A0A0B2URS7	49.64	538	974
UniRef90_A0A0B2URS7	45.88	538	974
UniRef90_W4H002	50.30	538	543
UniRef90_UPI0005671C03	50.75	538	530
UniRef90_UPI000510DCBC	47.01	538	652
UniRef90_U6PAC8	50.45	538	627
UniRef90_P16243	48.70	538	636
UniRef90_C5XLZ9	50.00	538	646
UniRef90_A0A090KXY7	50.09	538	637
UniRef90_I1KV22	49.16	538	641
UniRef90_UPI00053C96D7	47.30	538	632
UniRef90_UPI000511E07F	47.39	538	673
UniRef90_B9GXE5	50.98	538	590
UniRef90_A0A068Y3R1	48.26	538	571
UniRef90_A0A0D3CWE6	47.49	538	646
UniRef90_B9RS07	50.46	538	588
UniRef90_M1VH81	49.19	538	611
UniRef90_A0A0C9S1M0	49.54	538	590
UniRef90_Q9CA83	48.60	538	646
UniRef90_A0A096S030	50.19	538	644
UniRef90_B9HE21	50.65	538	569
UniRef90_A0A0L9VRX1	47.94	538	646
UniRef90_A0A0N4WPE7	50.99	538	1244
UniRef90_A0A0N4WPE7	52.15	538	1244
UniRef90_W9R6C1	49.16	538	621
UniRef90_G7LGN4	48.70	538	588
UniRef90_UPI0004A63FB1	48.14	538	596
UniRef90_M8B6U9	47.58	538	684
UniRef90_UPI00057A8324	50.46	538	599
UniRef90_UPI0002657F4C	46.63	538	571
UniRef90_A0A0G1ZKD8	51.50	538	451
UniRef90_A0A0D9WDJ7	47.87	538	554
UniRef90_E8RF56	51.12	538	597
UniRef90_A0A059BTS6	48.42	538	650
UniRef90_T0SET6	50.48	538	543
UniRef90_P22178	47.01	538	648
UniRef90_I1NRC3	50.00	538	647
UniRef90_A0A0D6M7A7	52.35	538	622
UniRef90_A0A072VDN1	50.79	538	653
UniRef90_UPI0005EF724E	58.45	538	465
UniRef90_M8CDY1	50.00	538	767
UniRef90_F0W4A1	49.33	538	564
UniRef90_A0A0K9QX82	50.09	538	1603
UniRef90_A0A016T8A0	51.09	538	825
UniRef90_UPI00047C52AA	49.72	538	534
UniRef90_UPI000697E0BE	56.98	538	502
UniRef90_C1AB25	48.80	538	545
UniRef90_Q84LQ5	49.26	538	636
UniRef90_M8A4V3	49.16	538	722
UniRef90_I1K9G2	47.10	538	618
UniRef90_UPI00067CB190	53.29	538	493
UniRef90_G7L7H0	48.88	538	591
UniRef90_A0A0B1SXI8	46.50	538	629
UniRef90_M7ZWF9	49.90	538	645
UniRef90_A0A072VCM6	47.08	538	669
UniRef90_A0A044QQW0	49.45	538	627
UniRef90_D8T3C5	48.97	538	592
UniRef90_B5WR37	47.68	538	568
UniRef90_L1K1C1	51.68	538	532
UniRef90_I1HR34	49.59	538	496
UniRef90_A0A0N5D5U5	49.54	538	798
UniRef90_A0A0N5D5U5	52.41	538	798
UniRef90_U6PBQ5	50.09	538	625
UniRef90_W6NQ59	50.00	538	612
UniRef90_L1K3S9	49.30	538	546
UniRef90_J0XJE7	48.88	538	617
UniRef90_UPI0004D0A813	54.44	538	434
UniRef90_H9J9Q4	54.47	538	486
UniRef90_D9Y7N7	49.16	538	541
UniRef90_A0A0B1T0P2	53.94	538	487
UniRef90_UPI0006EB1147	54.16	538	512
UniRef90_W4VZC7	53.32	538	440
UniRef90_A0A0K0FHD3	48.81	538	627
UniRef90_UPI00047A229E	46.62	538	538
UniRef90_A0A022QS15	51.18	538	518
UniRef90_U6HE04	47.80	538	572
UniRef90_A0A0K0E7M1	48.28	538	628
UniRef90_UPI000158D074	49.72	538	561
UniRef90_H3KGS7	48.21	538	540
UniRef90_W5MTP7	58.88	538	619
UniRef90_I3K9X2	59.96	538	617
UniRef90_H2U396	59.60	538	616
UniRef90_H2U393	59.60	538	570
UniRef90_C0H987	58.44	538	614
UniRef90_G3NFX0	58.15	538	618
UniRef90_G1KB19	57.32	538	605
UniRef90_UPI000388C368	57.25	538	604
UniRef90_UPI0006440E3C	57.43	538	614
UniRef90_H1A005	80.07	538	584
UniRef90_M4ABJ5	57.61	538	619
UniRef90_V9KG35	57.79	538	565
UniRef90_UPI0003C29E30	57.35	538	599
UniRef90_G3WCM1	56.96	538	610
UniRef90_H3AKW1	57.87	538	617
UniRef90_UPI0003292574	87.32	538	584
UniRef90_F1PQ35	55.70	538	604
UniRef90_E1C740	56.60	538	608
UniRef90_P40927	56.26	538	557
UniRef90_Q16798	55.33	538	604
UniRef90_I3KCY1	75.18	538	584
UniRef90_H2LJ68	75.54	538	583
UniRef90_F7F489	83.88	538	583
UniRef90_W5N5C8	77.54	538	583
UniRef90_G3WM32	83.51	538	584
UniRef90_UPI0003333925	56.06	538	604
UniRef90_A5PN55	74.64	538	581
UniRef90_UPI0004963CB6	74.64	538	584
UniRef90_P13697	54.89	538	572
UniRef90_UPI0006B35EB6	74.64	538	583
UniRef90_F6QV43	57.25	538	692
UniRef90_F7BC34	81.37	538	584
UniRef90_F6XBE9	75.99	538	589
UniRef90_P48163	54.53	538	572
UniRef90_F7E5A3	57.38	538	557
UniRef90_H2U7T9	74.09	538	585
UniRef90_V9KK23	56.96	538	586
UniRef90_P23368	96.02	538	584
UniRef90_Q08DM3	90.04	538	584
UniRef90_G1NWS3	56.03	538	566
UniRef90_E9GLD2	57.69	538	557
UniRef90_A4QPA0	57.61	538	603
UniRef90_A0A087YML7	73.37	538	582
UniRef90_UPI0003C91F01	55.33	538	788
UniRef90_M3WFU0	56.07	538	545
UniRef90_A9JRL5	58.05	538	613
UniRef90_UPI00021A8633	53.64	538	632
UniRef90_L7WRS4	53.90	538	623
UniRef90_F6W486	56.26	538	544
UniRef90_UPI00062A97F4	51.54	538	604
UniRef90_UPI000497A2FC	58.70	538	588
UniRef90_UPI000328E660	55.72	538	573
UniRef90_UPI00064D205C	55.51	538	589
UniRef90_UPI000572E9DA	86.43	538	607
UniRef90_K7G1A4	56.83	538	563
UniRef90_L5JPP7	50.92	538	615
UniRef90_U3JJ88	56.64	538	567
UniRef90_UPI0003C297A4	56.82	538	541
UniRef90_W5NKE6	56.70	538	588
UniRef90_UPI000614CB96	52.81	538	633
UniRef90_A0A088ATR6	53.54	538	632
UniRef90_G3NN43	58.51	538	574
UniRef90_G3SNR2	87.50	538	584
UniRef90_Q29558	55.90	538	557
UniRef90_V9KIG7	72.88	538	582
UniRef90_F7G3B4	57.76	538	545
UniRef90_UPI0004CCDE5F	52.45	538	570
UniRef90_UPI00054C24D9	58.33	538	588
UniRef90_UPI0006B32311	57.61	538	588
UniRef90_F1M5N4	53.07	538	605
UniRef90_U3JZH5	57.38	538	555
UniRef90_C3ZNT5	61.37	538	594
UniRef90_UPI0006C9635C	53.36	538	651
UniRef90_Q178T5	53.85	538	660
UniRef90_H2RKV4	57.25	538	589
UniRef90_H2U7U1	69.74	538	614
UniRef90_F7EDE1	54.71	538	611
UniRef90_H0XB68	56.07	538	549
UniRef90_UPI0006B1CA6B	56.26	538	574
UniRef90_UPI000595F062	54.08	538	634
UniRef90_UPI0006C95FE0	52.81	538	690
UniRef90_UPI0005EF16FA	53.90	538	627
UniRef90_U3KGS9	74.05	538	575
UniRef90_B0WYF3	54.21	538	653
UniRef90_UPI00069866B6	55.88	538	573
UniRef90_I3IU40	58.85	538	575
UniRef90_UPI00062351A4	53.75	538	732
UniRef90_E2AMD6	53.72	538	605
UniRef90_A0A0M9A958	53.56	538	932
UniRef90_E0VKN6	54.40	538	1184
UniRef90_E0VKN6	53.45	538	1184
UniRef90_K7IN29	52.81	538	574
UniRef90_A0A0K8TU30	53.66	538	593
UniRef90_B0WQC9	54.58	538	622
UniRef90_D6WC30	54.76	538	620
UniRef90_G3NWD6	73.78	538	585
UniRef90_U5EW70	52.93	538	648
UniRef90_UPI000626BB00	51.54	538	628
UniRef90_UPI0005D382AF	54.63	538	630
UniRef90_UPI000441CC72	80.43	538	583
UniRef90_Q17M99	54.21	538	652
UniRef90_UPI0004445C42	55.70	538	542
UniRef90_U5EUA8	54.95	538	581
UniRef90_UPI0006D52692	56.04	538	617
UniRef90_K7G0K5	54.93	538	542
UniRef90_F4WZL9	53.30	538	616
UniRef90_F5HL44	53.73	538	629
UniRef90_W4XRK5	56.07	538	548
UniRef90_A0A067QF27	54.03	538	613
UniRef90_A0A026VWQ8	53.90	538	634
UniRef90_UPI00055853F8	73.91	538	585
UniRef90_V4C9X1	53.54	538	542
UniRef90_U5D173	49.81	538	652
UniRef90_S4PXL2	53.48	538	648
UniRef90_UPI000625A26B	53.02	538	624
UniRef90_UPI0005ED5F59	54.11	538	663
UniRef90_D6WC31	50.55	538	608
UniRef90_A0A060X1Z3	57.38	538	555
UniRef90_D7U0C2	49.81	538	640
UniRef90_UPI0003BB9CC4	55.66	538	636
UniRef90_K7J4T0	53.56	538	607
UniRef90_G1P141	55.85	538	562
UniRef90_UPI0006CEFCCC	54.58	538	623
UniRef90_W5UF98	56.52	538	581
UniRef90_A0A0L0CKI6	52.11	538	883
UniRef90_K3Z4Y2	50.19	538	576
UniRef90_M5X9J6	50.09	538	641
UniRef90_F1RPN9	86.00	538	588
UniRef90_UPI00052F1B32	49.26	538	643
UniRef90_Q6PMI3	49.44	538	654
UniRef90_UPI0005FA6B19	53.93	538	711
UniRef90_A0A089YMJ0	50.74	538	658
UniRef90_O04935	49.44	538	640
UniRef90_A0A059CL16	49.81	538	587
UniRef90_G1DE54	51.67	538	640
UniRef90_H9GG26	79.35	538	578
UniRef90_T1I5N5	54.79	538	591
UniRef90_T1PBL2	51.56	538	738
UniRef90_A0A069DW24	54.63	538	555
UniRef90_P36444	48.88	538	647
UniRef90_UPI0005AC36D4	53.93	538	645
UniRef90_UPI00035979EA	74.05	538	748
UniRef90_J9JUU8	54.66	538	573
UniRef90_A0A0J7KKL0	55.04	538	536
UniRef90_UPI0005CF2D50	53.56	538	619
UniRef90_C5YU98	50.19	538	570
UniRef90_UPI0006733F33	52.48	538	844
UniRef90_UPI0006261F90	52.65	538	624
UniRef90_M3ZXG5	58.51	538	588
UniRef90_A0A034VCJ1	52.48	538	869
UniRef90_A0A0A1WRJ7	51.74	538	877
UniRef90_UPI0005813F50	48.99	538	648
UniRef90_A0A059AI03	48.88	538	649
UniRef90_UPI0005280368	74.95	538	574
UniRef90_A0A0A0LAT4	50.00	538	647
UniRef90_A0A061GVC0	49.44	538	645
UniRef90_W8ASH1	53.36	538	630
UniRef90_A0A088AES7	53.75	538	625
UniRef90_P43279	48.70	538	639
UniRef90_UPI0006446412	73.55	538	581
UniRef90_UPI0004E5B8EE	49.07	538	637
UniRef90_I1HL52	48.88	538	570
UniRef90_M1CYF9	49.07	538	591
UniRef90_A0A060YGX0	74.87	538	588
UniRef90_UPI000539F48E	48.80	538	588
UniRef90_UPI0003DF5429	53.38	538	614
UniRef90_A0A0G2K4C6	52.44	538	571
UniRef90_O48656	50.37	538	592
UniRef90_T1PDX1	54.21	538	626
UniRef90_A0A0L7QLP9	53.73	538	536
UniRef90_F5HJQ2	52.56	538	690
UniRef90_UPI000624F8B6	52.20	538	637
UniRef90_A0A023IRL7	49.07	538	593
UniRef90_M0UAJ6	48.51	538	590
UniRef90_A0A068U455	49.44	538	591
UniRef90_UPI0003F06D09	54.98	538	543
UniRef90_B8LRQ8	49.63	538	581
UniRef90_A0A067KNF4	49.07	538	589
UniRef90_A0A022S3G6	48.07	538	654
UniRef90_L8I3J6	54.16	538	550
UniRef90_R7V7V0	55.72	538	588
UniRef90_F1QU54	57.38	538	585
UniRef90_T1EF05	52.62	538	602
UniRef90_A3QWA9	53.73	538	592
UniRef90_A0A022QH43	48.51	538	591
UniRef90_A0A022PYV6	48.43	538	645
UniRef90_Q94G03	48.88	538	589
UniRef90_T1HXC8	55.37	538	543
UniRef90_V3ZDP7	54.10	538	554
UniRef90_A0A0A0LLH9	50.46	538	589
UniRef90_A0A0K9QX82	49.26	538	1603
UniRef90_A0A0J8CWU9	49.81	538	583
UniRef90_K1RAP8	53.99	538	606
UniRef90_M0SJI5	49.63	538	652
UniRef90_E9IHP3	50.61	538	659
UniRef90_A0A0M9AD62	54.30	538	623
UniRef90_A0A0L0BYF3	52.93	538	949
UniRef90_I4AXX7	48.14	538	645
UniRef90_UPI0005CADCB3	49.26	538	613
UniRef90_I1HCU7	48.70	538	668
UniRef90_H2RKV8	54.79	538	727
UniRef90_A0A059CMG6	50.00	538	583
UniRef90_A0A0L0BKI1	51.93	538	586
UniRef90_UPI000510CFBB	50.56	538	642
UniRef90_K3XFV5	48.25	538	593
UniRef90_J3KX60	48.88	538	583
UniRef90_A0A0C9QUA2	53.54	538	641
UniRef90_A0A0J8BPJ9	48.70	538	584
UniRef90_UPI0002C36F2C	48.62	538	637
UniRef90_B9RQE8	49.44	538	641
UniRef90_A0A0K8TSX8	53.39	538	591
UniRef90_M0RK67	49.26	538	659
UniRef90_I1MCU4	49.26	538	643
UniRef90_A0A0D3CWE6	47.40	538	646
UniRef90_A0A061FML7	48.88	538	591
UniRef90_A0A0D2PRV5	50.19	538	591
UniRef90_J3L3M3	48.70	538	648
UniRef90_F7FDW2	51.43	538	570
UniRef90_J9K007	53.48	538	625
UniRef90_UPI0005CE464D	51.72	538	571
UniRef90_D3TQA3	51.74	538	586
UniRef90_T1DPT6	53.48	538	723
UniRef90_B4JRF6	52.27	538	869
UniRef90_A0A016T898	52.89	538	625
UniRef90_P51615	47.96	538	591
UniRef90_UPI000673B2AB	51.01	538	613
UniRef90_C5XK02	49.44	538	593
UniRef90_Q6PMI2	48.51	538	614
UniRef90_UPI0003C37736	52.11	538	585
UniRef90_V5G0U1	52.75	538	618
UniRef90_UPI000695F535	54.71	538	625
UniRef90_Q0JJQ7	49.17	538	592
UniRef90_A0A096SPN0	48.33	538	664
UniRef90_Q6PMI1	48.51	538	575
UniRef90_Q17M98	54.45	538	612
UniRef90_U4U1N0	51.87	538	560
UniRef90_M0THA6	48.51	538	575
UniRef90_A0A0M5J924	52.81	538	626
UniRef90_J0DK60	51.62	538	634
UniRef90_UPI0003598DA5	55.90	538	601
UniRef90_A0A0D2N4S9	50.46	538	582
UniRef90_P37223	48.70	538	585
UniRef90_A0A0K9Q5B5	49.63	538	648
UniRef90_E2BX11	54.29	538	536
UniRef90_B4JU20	52.27	538	629
UniRef90_V5GLS7	53.25	538	597
UniRef90_A0A0D9V5I0	49.63	538	588
UniRef90_W9S793	49.07	538	736
UniRef90_A0A0M4EU83	50.83	538	759
UniRef90_W5J588	53.11	538	735
UniRef90_P16243	47.96	538	636
UniRef90_A0A0L8IG73	54.17	538	603
UniRef90_P22178	46.93	538	648
UniRef90_A0A0A9W9V7	54.95	538	643
UniRef90_A0A0A0LW91	49.44	538	591
UniRef90_A0A0J9XR90	51.26	538	634
UniRef90_Q9CA83	48.14	538	646
UniRef90_A0A0K2TKS9	54.56	538	618
UniRef90_P12628	49.26	538	589
UniRef90_H2PJP6	55.62	538	538
UniRef90_K4BMP8	49.26	538	642
UniRef90_F6H359	49.44	538	585
UniRef90_UPI00045E36C6	82.43	538	561
UniRef90_Q9SDL2	48.32	538	570
UniRef90_A7SRZ0	56.88	538	565
UniRef90_UPI0004544AF2	55.32	538	726
UniRef90_A0A059BTS6	47.77	538	650
UniRef90_UPI0006743A1B	53.30	538	586
UniRef90_A0A0D2UGE3	48.90	538	597
UniRef90_A0A0J8B665	51.86	538	641
UniRef90_J3L3Y9	49.26	538	646
UniRef90_Q4SSY9	54.45	538	718
UniRef90_I1HRG0	47.96	538	588
UniRef90_A0A0K9Q1E1	48.88	538	602
UniRef90_UPI00065B6653	51.91	538	589
UniRef90_UPI00053C96D7	47.03	538	632
UniRef90_A0A068TRI3	48.27	538	651
UniRef90_L5K2N8	88.55	538	721
UniRef90_UPI000511E07F	46.60	538	673
UniRef90_Q9U1J0	52.11	538	604
UniRef90_A0A068UI59	50.56	538	622
UniRef90_A0A0B7BIA1	52.99	538	584
UniRef90_V4SHQ1	49.63	538	643
UniRef90_B4N9V9	51.47	538	842
UniRef90_A0A0C9S1M0	49.26	538	590
UniRef90_A0A0A0K7A6	50.19	538	568
UniRef90_M8B6U9	46.69	538	684
UniRef90_A0A091I1H3	54.80	538	532
UniRef90_UPI0006B7B92B	54.49	538	521
UniRef90_S8E9H9	49.26	538	549
UniRef90_T1IZH2	56.88	538	626
UniRef90_A0A022QMV9	50.84	538	644
UniRef90_K4DBT1	48.14	538	589
UniRef90_I5ANP5	50.37	538	827
UniRef90_UPI0004A752AC	50.19	538	548
UniRef90_A0A022PY35	49.26	538	590
UniRef90_A0A0N5ATC1	50.18	538	626
UniRef90_UPI0005813954	47.77	538	591
UniRef90_B9RS07	49.81	538	588
UniRef90_Q9LYG3	49.17	538	588
UniRef90_I1KV22	48.69	538	641
UniRef90_G7LGN4	48.14	538	588
UniRef90_O04936	48.70	538	579
UniRef90_UPI000679E153	51.65	538	649
UniRef90_U4UQ11	53.73	538	555
UniRef90_I1K9G2	46.74	538	618
UniRef90_M8A4V3	48.70	538	722
UniRef90_L5JQP7	53.35	538	556
UniRef90_UPI00054F5F97	54.61	538	542
UniRef90_A0A0L9VRX1	46.73	538	646
UniRef90_K1QU56	53.18	538	578
UniRef90_UPI0006D4E3A3	52.45	538	560
UniRef90_S8BVR5	49.54	538	590
UniRef90_K3XFH6	48.51	538	639
UniRef90_A0A072VCM6	46.64	538	669
UniRef90_P27443	51.62	538	643
UniRef90_A0A084VIW7	52.72	538	585
UniRef90_B4M3W8	51.47	538	816
UniRef90_Q9VG32	49.91	538	759
UniRef90_O82191	49.81	538	581
UniRef90_UPI000676656E	51.91	538	619
UniRef90_UPI0005D068ED	52.55	538	640
UniRef90_C5XLZ9	48.88	538	646
UniRef90_UPI0004404EAA	52.25	538	513
UniRef90_V7APX6	49.07	538	642
UniRef90_A0A0D2R5Q1	49.72	538	576
UniRef90_B3LW72	51.21	538	814
UniRef90_UPI0006C9E363	53.75	538	625
UniRef90_Q8H0E8	49.07	538	577
UniRef90_G6CY74	52.82	538	566
UniRef90_P34105	48.88	538	591
UniRef90_B0WQD0	52.84	538	609
UniRef90_E5S251	52.09	538	633
UniRef90_B9GXE5	48.23	538	590
UniRef90_P37222	48.14	538	573
UniRef90_W9R6C1	48.78	538	621
UniRef90_M8CDY1	49.32	538	767
UniRef90_B4K8L2	51.11	538	818
UniRef90_UPI00057A8324	50.00	538	599
UniRef90_B9HE21	50.00	538	569
UniRef90_M5VVJ8	49.54	538	599
UniRef90_A0A016UBT0	49.31	538	665
UniRef90_UPI00053C8981	48.43	538	596
UniRef90_UPI0005D0CCA1	51.47	538	651
UniRef90_M4FD59	50.56	538	582
UniRef90_B4JEZ0	51.29	538	815
UniRef90_A0A085NL52	50.54	538	591
UniRef90_A0A0D8XGQ2	49.91	538	629
UniRef90_A0A0N5A663	51.54	538	637
UniRef90_U6NIA7	50.45	538	634
UniRef90_R7UKZ4	52.43	538	538
UniRef90_UPI0006CF0839	52.45	538	564
UniRef90_W5KNF7	54.04	538	553
UniRef90_G7L7H0	48.14	538	591
UniRef90_S7TQ09	51.49	538	552
UniRef90_A0A068Y2R7	51.37	538	583
UniRef90_H9JA74	52.99	538	544
UniRef90_A0A0A2HTG2	50.57	538	527
UniRef90_A0A068XNL7	51.55	538	583
UniRef90_Q84LQ5	48.33	538	636
UniRef90_A0A044QQU5	49.91	538	622
UniRef90_Q89G76	50.56	538	531
UniRef90_G6D4N5	53.17	538	638
UniRef90_A0A096S030	49.26	538	644
UniRef90_A0A0D9WDJ7	46.93	538	554
UniRef90_A0A0K0FD75	50.45	538	637
UniRef90_H2L9U2	58.82	538	512
UniRef90_W0DJQ6	49.54	538	557
UniRef90_L0E133	49.54	538	618
UniRef90_W0SCX7	51.21	538	551
UniRef90_A0A059CV64	49.81	538	582
UniRef90_Q9U1J1	48.13	538	596
UniRef90_A0A0N4UBQ7	48.74	538	577
UniRef90_A0A090KXY7	49.55	538	637
UniRef90_UPI0003C49496	56.73	538	491
UniRef90_T1JHD2	53.45	538	604
UniRef90_A0A072VDN1	50.10	538	653
UniRef90_U6PHZ7	52.53	538	624
UniRef90_H3FK15	50.36	538	608
UniRef90_UPI0006B08C17	51.57	538	583
UniRef90_B3S6Z9	54.66	538	525
UniRef90_A0A016T945	52.71	538	648
UniRef90_UPI0004D08FD7	83.51	538	538
UniRef90_U6NLQ6	51.89	538	619
UniRef90_UPI0004816D71	50.56	538	530
UniRef90_UPI0004670909	51.21	538	543
UniRef90_E5SDX8	50.37	538	619
UniRef90_A0A016T929	52.07	538	621
UniRef90_F1N3V0	50.56	538	569
UniRef90_U6PIZ2	50.81	538	621
UniRef90_UPI0003EC42AA	52.18	538	546
UniRef90_A5ENL1	50.47	538	543
UniRef90_W2PDE9	50.47	538	596
UniRef90_T1KCR8	51.76	538	614
UniRef90_A0A044QQV4	48.60	538	552
UniRef90_UPI00067957D2	51.27	538	632
UniRef90_UPI0005348B92	58.61	538	472
UniRef90_UPI0005405DB4	50.00	538	522
UniRef90_A0A090LG68	49.91	538	653
UniRef90_A0A0B2URS7	49.37	538	974
UniRef90_A0A0B2URS7	46.22	538	974
UniRef90_B9VU15	49.90	538	504
UniRef90_K3WV64	50.94	538	542
UniRef90_T2MD48	56.08	538	621
UniRef90_W0J2L6	49.45	538	558
UniRef90_F7EVL8	56.34	538	529
UniRef90_A0A0A9YR05	56.06	538	521
UniRef90_UPI00034F537E	50.91	538	638
UniRef90_A0A0N4WPE7	50.45	538	1244
UniRef90_A0A0N4WPE7	51.08	538	1244
UniRef90_A0A0N4VJS6	50.90	538	593
UniRef90_A0A0N4VMG9	49.91	538	618
UniRef90_I1HR34	48.19	538	496
UniRef90_E4XRF4	54.80	538	604
UniRef90_A0A096SPM9	45.62	538	571
UniRef90_B6ILL0	50.09	538	620
UniRef90_A0A078D9J8	44.32	538	627
UniRef90_A0A0C2DB78	48.29	538	576
UniRef90_A0A0N4V4B0	51.55	538	642
UniRef90_D8T3C5	48.51	538	592
UniRef90_M4BDU6	48.88	538	538
UniRef90_A0A0C9R9Z4	55.05	538	505
UniRef90_A0A024UAR0	48.59	538	543
UniRef90_G1KCW3	52.70	538	576
UniRef90_D0NWC6	49.53	538	538
UniRef90_W2SPK3	50.36	538	620
UniRef90_A9RZM5	48.51	538	592
UniRef90_U6PAC8	50.18	538	627
UniRef90_A0A0L9UNN0	46.00	538	601
UniRef90_UPI00067B5B77	50.27	538	594
UniRef90_W4H002	48.22	538	543
UniRef90_I1NRC3	50.49	538	647
UniRef90_M7ZWF9	49.41	538	645
UniRef90_B1ZTB8	50.00	538	555
UniRef90_A0A0B1SXI8	45.63	538	629
UniRef90_B5WR37	46.95	538	568
UniRef90_UPI0002657F4C	46.36	538	571
UniRef90_UPI0003674367	44.92	538	547
UniRef90_K1KJH2	46.70	538	540
UniRef90_L7M520	50.00	538	586
UniRef90_A0A0N4T4X6	50.09	538	554
UniRef90_A0A0K0JP13	49.46	538	714
UniRef90_A0A0B2S7W8	45.05	538	578
UniRef90_UPI00047C52AA	49.16	538	534
UniRef90_M7BJ25	72.42	538	496
UniRef90_B9FMV0	44.98	538	529
UniRef90_A0A067FK67	45.62	538	559
UniRef90_A0A087UH84	53.01	538	607
UniRef90_D9Y7N7	48.07	538	541
UniRef90_A0A0E0FSH4	45.81	538	606
UniRef90_A9RBL0	49.81	538	592
UniRef90_F4Q337	44.86	538	609
UniRef90_Q6TU48	44.47	538	544
UniRef90_UPI000642F25D	88.76	538	456
UniRef90_A0A016T8A0	50.45	538	825
UniRef90_G4ZH77	51.63	538	514
UniRef90_UPI0005671C03	50.38	538	530
UniRef90_W6NQ59	49.82	538	612
UniRef90_R7KJX1	45.97	538	539
UniRef90_P23368-2	94.32	538	479
UniRef90_U6PBQ5	49.37	538	625
UniRef90_UPI0006B0B297	51.71	538	687
UniRef90_UPI0006B53CB4	46.37	538	538
UniRef90_F0W4A1	49.14	538	564
UniRef90_A0A022QS15	50.75	538	518
UniRef90_H3KGS7	47.76	538	540
UniRef90_UPI0004E59C82	45.91	538	595
UniRef90_A0A0D6M7A7	51.71	538	622
UniRef90_C1AB25	47.88	538	545
UniRef90_A0A0M1JIJ9	42.46	538	557
UniRef90_UPI000644DF4E	43.18	538	554
UniRef90_E8RF56	47.79	538	597
UniRef90_A0A067ELH7	46.28	538	615
UniRef90_A0A044QQW0	49.01	538	627
UniRef90_A0A0N5D5U5	48.74	538	798
UniRef90_A0A0N5D5U5	52.10	538	798
UniRef90_G3WCM2	55.73	538	463
UniRef90_B8FJN7	46.10	538	609
UniRef90_A0A0L9TB93	44.98	538	588
UniRef90_L1K1C1	48.97	538	532
UniRef90_F0Z6K5	43.82	538	546
UniRef90_UPI0004F065F4	79.19	538	445
UniRef90_M8B8H9	45.54	538	706
UniRef90_A9RCF4	48.33	538	604
UniRef90_D3B2T4	42.64	538	531
UniRef90_A0A068Y3R1	47.75	538	571
UniRef90_G1NQQ1	56.38	538	453
UniRef90_A0L5P5	45.64	538	556
UniRef90_R7ILE8	43.90	538	541
UniRef90_D7FW76	47.79	538	548
UniRef90_UPI000640A456	53.70	538	592
UniRef90_UPI000441D334	59.55	538	448
UniRef90_UPI000158D074	48.52	538	561
UniRef90_S3CD69	47.30	538	538
UniRef90_UPI00047A229E	46.43	538	538
UniRef90_A0A0M1JBZ3	43.04	538	546
UniRef90_L1K3S9	46.27	538	546
UniRef90_L8HM80	44.18	538	615
UniRef90_UPI000381259C	43.90	538	546
UniRef90_A0A097IUG2	48.24	538	563
UniRef90_A0A069PED2	44.63	538	542
UniRef90_A0A097IUF9	46.64	538	560
UniRef90_A0A044UPB4	48.75	538	598
UniRef90_A0A0C9R0R5	56.03	538	478
