UniRef90_P52700	100.00	266	290
UniRef90_B4SKD2	92.08	266	290
UniRef90_UPI00066BEB3C	89.81	266	290
UniRef90_B2FTM1	88.35	266	290
UniRef90_UPI00066EA77C	87.55	266	290
UniRef90_G0K1Q3	90.23	266	290
UniRef90_A0A0G5RAZ6	86.74	266	289
UniRef90_A3KEX1	88.72	266	289
UniRef90_A0A031HG98	84.03	266	289
UniRef90_B8L603	87.12	266	290
UniRef90_Q9JRP7	81.58	266	295
UniRef90_A0A064BL69	87.92	266	289
UniRef90_A0A0M1EHP2	80.99	266	288
UniRef90_A0A0H4WQW9	77.31	266	291
UniRef90_L7U502	78.46	266	294
UniRef90_A0A0F7BR64	74.51	266	281
UniRef90_Q9JRL8	99.47	266	187
UniRef90_Q3V785	90.57	266	212
UniRef90_UPI0006D9F355	74.06	266	288
UniRef90_Q3V788	83.96	266	212
UniRef90_UPI0006F3E18C	64.64	266	288
UniRef90_Q9JRL5	90.37	266	187
UniRef90_A0A091BB69	63.08	266	266
UniRef90_A0A0A2X346	62.74	266	295
UniRef90_A0A059XBN4	63.12	266	295
UniRef90_U3U4Q6	62.45	266	287
UniRef90_E6Y3G9	61.60	266	286
UniRef90_A0A0A0ET58	62.84	266	290
UniRef90_UPI000479D51C	62.03	266	284
UniRef90_U7G2S9	60.15	266	277
UniRef90_UPI0006FB2F15	59.54	266	294
UniRef90_B4WZP7	57.41	266	275
UniRef90_UPI0006F77490	59.16	266	296
UniRef90_A0A0A0F2G6	57.79	266	293
UniRef90_UPI0003697C18	57.09	266	287
UniRef90_A0A0D0S357	55.38	266	290
UniRef90_UPI00068BD9DE	40.84	266	296
UniRef90_A0A059WLC4	43.02	266	290
UniRef90_A0A086GCB4	39.33	266	299
UniRef90_A0A023NN28	40.84	266	297
UniRef90_A0A075K523	41.89	266	296
UniRef90_B1ZNG5	45.24	266	299
UniRef90_A0A0K8QLN8	45.54	266	329
UniRef90_A0A059WW06	40.57	266	297
UniRef90_UPI0006F54B9E	41.44	266	289
UniRef90_A0A0M2WM86	40.68	266	301
UniRef90_A0A059WUK2	40.00	266	234
UniRef90_A0A0E9MRK1	39.85	266	276
UniRef90_A0A0G9H6K7	39.11	266	288
UniRef90_UPI000382F000	38.29	266	286
UniRef90_A0A059WZ63	36.33	266	286
UniRef90_A0A059X660	38.40	266	280
UniRef90_I4W7U7	40.60	266	277
UniRef90_A0A059WNU3	40.00	266	273
UniRef90_S5EJZ6	37.17	266	294
UniRef90_I4WIA8	42.47	266	292
UniRef90_A0A059WT68	36.86	266	287
UniRef90_A0A0G9MYV5	42.91	266	297
UniRef90_W0RE69	41.29	266	686
UniRef90_A0A0E3UP60	41.47	266	297
UniRef90_A0A091AT68	40.30	266	297
UniRef90_A0A059X0E3	38.10	266	298
UniRef90_A5P820	42.08	266	312
UniRef90_A0A059WQJ2	35.25	266	293
UniRef90_UPI0006F72496	39.41	266	298
UniRef90_S3IYJ8	36.19	266	294
UniRef90_UPI0004B103FB	37.55	266	288
UniRef90_UPI0006F90708	43.29	266	292
UniRef90_A0A084YT49	37.17	266	298
UniRef90_UPI0005646872	39.92	266	296
UniRef90_J8VEZ9	41.63	266	298
UniRef90_M4NDX0	41.85	266	292
UniRef90_UPI00066EC45A	35.93	266	296
UniRef90_UPI0003486B7A	39.53	266	297
UniRef90_A0A059WUM8	36.15	266	293
UniRef90_M4S6T5	40.22	266	301
UniRef90_A0A0D5WTG2	35.45	266	293
UniRef90_A0A059WU58	40.30	266	302
UniRef90_C1ACP6	38.72	266	327
UniRef90_A0A059WL14	37.64	266	292
UniRef90_A0A0G9H9X4	38.22	266	273
UniRef90_UPI0003478BFF	40.54	266	294
UniRef90_N9EX43	41.26	266	305
UniRef90_UPI000700C7EC	41.02	266	298
UniRef90_A0A021WD67	39.00	266	316
UniRef90_UPI000569FCD6	41.15	266	265
UniRef90_A0A059WT08	42.21	266	301
UniRef90_UPI0006A71B4C	40.32	266	791
UniRef90_UPI00037578EC	37.74	266	284
UniRef90_UPI0006FE1F98	37.55	266	316
UniRef90_UPI00066FF66C	41.05	266	275
UniRef90_A0A059X8N4	35.74	266	292
UniRef90_A0A059Q5E8	41.00	266	460
UniRef90_A8GGW7	39.55	266	298
UniRef90_UPI000374B43E	40.81	266	297
UniRef90_A0A059WSF3	35.74	266	307
UniRef90_A0A091BLS7	41.96	266	295
UniRef90_UPI000382E319	37.26	266	303
UniRef90_A0A059WKB3	37.02	266	295
UniRef90_A0A0D1B2U2	40.78	266	309
UniRef90_A0A059WNG4	37.84	266	324
UniRef90_UPI0003681087	36.92	266	299
UniRef90_A0A059WUN2	35.88	266	293
UniRef90_UPI00069347F8	40.93	266	312
UniRef90_A0A059WMM7	34.06	266	295
UniRef90_A0A059X0I4	38.13	266	299
UniRef90_A0A085FQ40	38.17	266	300
UniRef90_B5DCA0	37.92	266	303
UniRef90_A0A0B2C079	40.62	266	302
UniRef90_UPI00048ED480	39.37	266	306
UniRef90_UPI0001DD08C7	40.16	266	315
UniRef90_A0A0C5LDH9	37.36	266	341
UniRef90_UPI0005B54A30	38.01	266	292
UniRef90_J2P9E8	39.61	266	312
UniRef90_A0A0E3TTL6	36.84	266	305
UniRef90_A0A0J7Y7M3	39.22	266	303
UniRef90_UPI0005558F47	39.02	266	293
UniRef90_Q8Z2H7	40.18	266	294
UniRef90_UPI000373BF29	37.18	266	307
UniRef90_A0A059X196	37.31	266	304
UniRef90_N8YDY5	37.90	266	297
UniRef90_A0A059WZY4	35.09	266	293
UniRef90_A0A059WRE5	35.88	266	304
UniRef90_UPI0006FC77FB	37.25	266	281
UniRef90_F6IGY4	38.43	266	299
UniRef90_UPI0003824B9E	36.98	266	285
UniRef90_B4R9C2	40.38	266	291
UniRef90_UPI0007028A46	39.15	266	301
UniRef90_A0A059WPR1	35.11	266	307
UniRef90_K9DU17	39.00	266	530
UniRef90_A0A059WX30	35.36	266	309
UniRef90_A7MFY4	37.17	266	318
UniRef90_L9PED5	35.02	266	281
UniRef90_A0A0G3A5B0	36.57	266	296
UniRef90_UPI000560CA9E	36.76	266	282
UniRef90_A0A059XCU2	39.46	266	293
UniRef90_UPI0003B3C691	36.50	266	301
UniRef90_A0A0N0LWY3	39.53	266	309
UniRef90_A0A0K8JPV4	37.75	266	266
UniRef90_A0A0N1CEU0	36.23	266	283
UniRef90_A0A059WQU4	34.45	266	262
UniRef90_A5EEQ4	33.72	266	290
UniRef90_A0A059WU67	32.82	266	281
UniRef90_W3RHW0	32.83	266	295
UniRef90_UPI0006F6841B	39.07	266	286
UniRef90_A0A059WYH3	35.50	266	312
UniRef90_UPI0006C93B21	35.06	266	317
UniRef90_UPI0006CA9047	35.82	266	292
UniRef90_UPI00035F2F05	40.09	266	274
UniRef90_B5L5V3	35.23	266	305
UniRef90_I9CBU3	40.77	266	303
UniRef90_A0A0N1AM03	39.06	266	276
UniRef90_UPI0006F22FDF	41.98	266	280
UniRef90_A0A059WSU4	38.50	266	291
UniRef90_UPI0005DC64DB	38.28	266	306
UniRef90_UPI0006F215E8	38.04	266	296
UniRef90_UPI0006FF216C	37.89	266	295
UniRef90_A0A0M2LV63	36.06	266	282
UniRef90_A0A059WUD7	35.23	266	283
UniRef90_UPI0006FB102C	35.77	266	284
UniRef90_H0SFG4	34.19	266	295
UniRef90_UPI0006F202CA	36.59	266	304
UniRef90_A0A059WGX9	35.55	266	281
UniRef90_UPI0006F5C036	35.32	266	293
UniRef90_UPI0003F76CF0	34.23	266	295
UniRef90_A0A059WMV4	34.72	266	298
UniRef90_UPI00054B2951	36.64	266	302
UniRef90_UPI0006919600	37.84	266	294
UniRef90_U1ICM2	35.11	266	295
UniRef90_H0TSZ1	34.63	266	300
UniRef90_A0A095WFY1	34.60	266	318
UniRef90_A0A0K8JSW9	38.55	266	261
UniRef90_E8V3S9	34.60	266	285
UniRef90_UPI0006F5A846	36.50	266	303
UniRef90_UPI000482F976	32.82	266	296
UniRef90_B9XCJ9	34.22	266	313
UniRef90_UPI0006F91074	35.91	266	288
UniRef90_I0G3D5	32.69	266	294
UniRef90_A0A095B899	35.71	266	286
UniRef90_A0A059X4V7	34.96	266	283
UniRef90_UPI00037D9F9D	37.26	266	307
UniRef90_Q89GW5	34.50	266	294
UniRef90_A0A059X917	37.56	266	284
UniRef90_T0I051	40.47	266	323
UniRef90_Q9AEF9	37.16	266	316
UniRef90_A0A059WWD2	42.50	266	175
UniRef90_A0A059WRH2	33.97	266	290
UniRef90_K4GMK0	35.25	266	318
UniRef90_A0A0B1ZRN7	38.82	266	291
UniRef90_V4PAM5	36.76	266	288
UniRef90_V4RQX5	36.62	266	290
UniRef90_UPI000693E4EE	40.15	266	321
UniRef90_B5L5V0	37.07	266	302
UniRef90_UPI000306D598	37.89	266	294
UniRef90_B4RDR0	37.93	266	281
UniRef90_A0A097EDY5	35.80	266	289
UniRef90_A0A068T0R7	36.15	266	286
UniRef90_A0A023XYL7	36.43	266	337
UniRef90_V4QA27	35.62	266	291
UniRef90_UPI0006FB7F1D	34.25	266	284
UniRef90_I2QQ93	31.92	266	294
UniRef90_F4QHQ6	36.87	266	290
UniRef90_A0A059X0V1	34.09	266	305
UniRef90_A0A0A7PN34	35.29	266	289
UniRef90_A0A0B2XW82	33.81	266	286
UniRef90_A0A013VCS0	34.20	266	305
UniRef90_N1MQN7	36.33	266	294
UniRef90_UPI00037CB8D6	30.80	266	283
UniRef90_A0A0M4CWK9	36.58	266	300
UniRef90_A0A059WGU9	32.21	266	295
UniRef90_A0A059WWC5	37.88	266	216
UniRef90_Q1GRV6	37.15	266	289
UniRef90_A0A059X4S2	34.30	266	290
UniRef90_A0A0N1C0H4	33.86	266	301
UniRef90_A0A0F3KVG7	35.80	266	267
UniRef90_D6MLY4	34.77	266	282
UniRef90_UPI000401E6F6	33.59	266	280
UniRef90_A0A059XEU6	34.05	266	294
UniRef90_A0A010PPL8	34.36	266	287
UniRef90_K4GMG9	35.69	266	305
UniRef90_A0A059X7H6	35.69	266	287
UniRef90_UPI0006F645BC	35.65	266	281
UniRef90_G9ERC7	33.33	266	299
UniRef90_L7Y5Y8	34.26	266	286
UniRef90_UPI0004B49BC5	35.48	266	286
UniRef90_UPI0005554AE5	36.57	266	289
UniRef90_UPI0006F348BA	36.57	266	288
UniRef90_A0A0C5LQ34	36.02	266	285
UniRef90_D6MLY2	33.98	266	283
UniRef90_UPI0006FDBD62	35.36	266	306
UniRef90_A0A089NJ06	33.20	266	280
UniRef90_D4Z8A9	34.21	266	307
UniRef90_V4PPL0	33.33	266	265
UniRef90_A0A081M920	31.22	266	315
UniRef90_UPI000687D66F	36.97	266	284
UniRef90_A0A0D7N815	30.65	266	296
UniRef90_UPI0006FC2327	36.43	266	286
UniRef90_UPI0006F4369D	35.52	266	305
UniRef90_A0A0G3XFZ9	36.86	266	297
UniRef90_UPI0006F516DF	36.50	266	284
UniRef90_UPI0006FDDB28	36.68	266	278
UniRef90_UPI00048366D3	31.68	266	296
UniRef90_A0A059WJH5	35.11	266	294
UniRef90_UPI0006FB880A	35.06	266	304
UniRef90_K4GMF9	36.08	266	302
UniRef90_Q01RD2	35.38	266	285
UniRef90_A0A0L8BQS1	35.02	266	286
UniRef90_A0A095AQF8	35.32	266	304
UniRef90_UPI00047DE0D6	30.57	266	290
UniRef90_UPI0007003CCD	38.97	266	284
UniRef90_UPI0007028739	36.29	266	263
UniRef90_A0A072D0N8	39.90	266	305
UniRef90_UPI0006F38401	33.08	266	292
UniRef90_UPI0006F95F17	36.61	266	306
UniRef90_UPI0006F97E2C	33.20	266	280
UniRef90_UPI0004A6CEA2	33.84	266	291
UniRef90_UPI000678F3A4	30.80	266	286
UniRef90_UPI00054E6BA8	34.22	266	288
UniRef90_A0A059WZX5	34.69	266	286
UniRef90_A0A0N0K223	31.32	266	278
UniRef90_UPI00054EE169	34.42	266	293
UniRef90_A0A059X5C5	32.17	266	298
UniRef90_UPI0006F41847	34.81	266	287
UniRef90_W0V814	32.73	266	300
UniRef90_A0A059X750	33.20	266	302
UniRef90_UPI00053BDEF0	34.96	266	309
UniRef90_W9BS74	35.94	266	311
UniRef90_J2GAJ8	35.18	266	309
UniRef90_F4QTI2	34.70	266	308
UniRef90_T0J683	34.78	266	261
UniRef90_UPI0004B23F6C	34.35	266	282
UniRef90_UPI0007005F29	35.66	266	287
UniRef90_E6PZ19	34.51	266	303
UniRef90_N9UTL8	40.23	266	293
UniRef90_UPI0004BA194D	34.65	266	315
UniRef90_A0A0D7N6Y5	32.32	266	295
UniRef90_A0A059WH47	36.12	266	289
UniRef90_A0A059WQ07	32.44	266	296
UniRef90_UPI000302865B	34.07	266	290
UniRef90_A0A0B9ABT8	32.58	266	286
UniRef90_J2W736	35.77	266	308
UniRef90_UPI0006885282	33.96	266	290
UniRef90_UPI0006FAA649	34.35	266	314
UniRef90_Q9K578	30.98	266	282
UniRef90_A0A0J1D7H7	34.22	266	287
UniRef90_UPI00058BC8E6	30.42	266	286
UniRef90_A0A059WZ68	35.91	266	319
UniRef90_A0A0D1M7L5	36.76	266	283
UniRef90_K4KM71	33.73	266	295
UniRef90_UPI0003F89E95	30.40	266	296
UniRef90_A0A059WZ60	34.27	266	286
UniRef90_G5ELM3	32.43	266	280
UniRef90_UPI000556083E	32.33	266	284
UniRef90_UPI0005BCD7B0	33.93	266	291
UniRef90_UPI0006F78936	40.35	266	296
UniRef90_A0SZ57	38.46	266	316
UniRef90_Q8KKG1	33.46	266	289
UniRef90_U1HIL8	30.80	266	318
UniRef90_B0T508	33.46	266	288
UniRef90_J2ZPY4	37.21	266	291
UniRef90_A0A031I7F3	35.16	266	285
UniRef90_Q01W80	34.36	266	281
UniRef90_A0A059WQL1	34.93	266	229
UniRef90_UPI0004ADE703	36.80	266	312
UniRef90_A0A0F7KQC6	33.86	266	314
UniRef90_A0A0A1W3N1	34.51	266	287
UniRef90_UPI00053BE7A2	30.94	266	307
UniRef90_UPI00068F0E81	35.83	266	288
UniRef90_A0A0M9TXR7	33.46	266	305
UniRef90_A0A059WQK6	30.57	266	296
UniRef90_UPI0002F0AE3B	34.31	266	287
UniRef90_UPI00047CE1E7	33.49	266	281
UniRef90_A4YQA8	30.80	266	333
UniRef90_A0A059X0Y5	31.80	266	296
UniRef90_A0A0H0XP20	33.33	266	313
UniRef90_UPI000561DA98	33.46	266	305
UniRef90_A0A0M2WS21	32.37	266	314
UniRef90_UPI000263052C	36.63	266	285
UniRef90_A0A031GQU2	31.10	266	314
UniRef90_A0A059WUC0	32.55	266	298
UniRef90_UPI0004A6C62D	34.47	266	300
UniRef90_H5YP32	32.23	266	319
UniRef90_B8KNI1	33.79	266	338
UniRef90_A0A074LZ37	34.34	266	311
UniRef90_L7Y8A1	33.49	266	293
UniRef90_UPI0003761D5E	32.80	266	312
UniRef90_UPI00051A11F0	32.71	266	296
UniRef90_Q2G7J0	34.66	266	289
UniRef90_UPI000645736F	30.68	266	292
UniRef90_A0A059WT23	30.80	266	299
UniRef90_A0A059WWZ7	39.18	266	195
UniRef90_A0A059WN50	34.10	266	299
UniRef90_Q1IJS0	35.78	266	297
UniRef90_UPI0004956D72	38.86	266	282
UniRef90_A0A0N1B1S9	35.02	266	293
UniRef90_A0A0A8USW4	27.95	266	290
UniRef90_W1SCI5	33.59	266	281
UniRef90_UPI0004E2164C	30.12	266	277
UniRef90_A0A059WTM8	36.32	266	204
UniRef90_A0A059Q5E6	33.02	266	311
UniRef90_UPI00053D4409	34.47	266	307
UniRef90_A0A059WM85	38.16	266	182
UniRef90_A0A059WXS7	35.93	266	253
UniRef90_C7PJE6	34.98	266	294
UniRef90_K2BKK3	28.79	266	292
UniRef90_UPI0002886C82	39.34	266	282
UniRef90_K4GMM4	36.58	266	309
UniRef90_A0A0K8JXU5	36.88	266	298
UniRef90_A0A059XF36	33.89	266	243
UniRef90_UPI0003B36A77	32.68	266	333
UniRef90_I1DXY8	31.37	266	309
UniRef90_A0A0H4VFY7	30.98	266	279
UniRef90_S9PGI8	38.83	266	204
UniRef90_UPI00059320FD	33.18	266	305
UniRef90_R0E6P7	30.37	266	289
UniRef90_UPI0006F53B3A	33.20	266	306
UniRef90_A0A0N1C066	32.13	266	297
UniRef90_UPI0006F26336	31.42	266	294
UniRef90_UPI0003646793	31.94	266	294
UniRef90_G8NPC1	33.33	266	297
UniRef90_UPI000287EF6C	36.09	266	308
UniRef90_A0A059WW18	31.86	266	292
UniRef90_D5VFP7	32.73	266	334
UniRef90_W0EVG0	30.91	266	287
UniRef90_UPI000645CC0F	30.88	266	288
UniRef90_A0A0C1FL25	29.82	266	282
UniRef90_UPI00070251E1	29.17	266	291
UniRef90_G8T9F7	30.86	266	287
UniRef90_B5L5X0	31.13	266	300
UniRef90_UPI0007024AB9	28.87	266	289
UniRef90_A0A0C5XYK3	32.71	266	298
UniRef90_A0A0M4M7X0	29.81	266	276
UniRef90_UPI0003475E8B	29.07	266	286
UniRef90_UPI00049350F2	28.93	266	292
UniRef90_UPI0006F4FE81	30.41	266	286
UniRef90_UPI0007001FB1	29.49	266	286
UniRef90_A0A0C5LDD9	31.31	266	286
UniRef90_J0URF3	29.74	266	322
UniRef90_H4F3A4	29.33	266	295
UniRef90_UPI000580117E	32.09	266	292
UniRef90_A3WBN8	29.02	266	294
UniRef90_A0A0C5LDD5	27.63	266	290
UniRef90_A0A0G9MQ88	32.30	266	302
UniRef90_UPI00047D1F89	31.31	266	293
UniRef90_B5L5V5	30.88	266	293
UniRef90_A0A0D0GMS0	32.08	266	289
UniRef90_UPI0003B64670	29.95	266	290
UniRef90_A4GRB7	29.07	266	290
UniRef90_UPI00029B50AA	28.11	266	285
UniRef90_A0A059X6F6	29.07	266	292
UniRef90_A0A0K9XZ64	30.91	266	286
UniRef90_C6W093	29.17	266	294
UniRef90_K4GMG4	32.73	266	313
UniRef90_H1Y1Q6	29.63	266	288
UniRef90_B5L5V9	29.44	266	294
UniRef90_UPI0006489944	27.78	266	286
UniRef90_A0A0C5L392	28.51	266	285
UniRef90_UPI0005513F46	28.51	266	290
UniRef90_UPI00068CD7DA	28.12	266	281
UniRef90_W6U5V0	27.96	266	304
UniRef90_A0A059WYG4	29.43	266	311
UniRef90_A0A085Z6Q6	27.19	266	290
UniRef90_A0A059X5B4	27.75	266	291
UniRef90_A0A0C9NEL0	31.34	266	285
UniRef90_UPI00040A6687	29.17	266	296
UniRef90_UPI0004772331	29.17	266	289
UniRef90_A0A059WW11	35.20	266	182
UniRef90_Q5EEU4	27.27	266	290
UniRef90_A0A0C5LQ44	27.19	266	290
UniRef90_A0A081PC85	29.36	266	292
UniRef90_I3ZAT7	30.23	266	287
UniRef90_A0A059X058	33.33	266	279
UniRef90_UPI0003F5E320	28.97	266	293
UniRef90_UPI00040B3BC0	27.19	266	290
UniRef90_A0A059WW48	34.44	266	160
UniRef90_A0A0D5BSF0	29.07	266	290
UniRef90_UPI0006F8EDB2	26.27	266	288
UniRef90_A0A0J7KTN9	25.99	266	290
UniRef90_B5L5W3	27.61	266	302
UniRef90_UPI0005B21AA0	35.05	266	340
UniRef90_A0A059WJQ1	35.10	266	174
UniRef90_A0A059WMU5	31.50	266	210
UniRef90_Q6D395	30.56	266	342
UniRef90_A0A0B3WY34	30.70	266	337
UniRef90_B5L5V2	28.09	266	302
UniRef90_UPI00037EC2F2	35.47	266	172
UniRef90_UPI0006F8AF13	28.85	266	329
UniRef90_A0A099DCU5	40.57	266	125
UniRef90_A0A059WID0	42.28	266	121
UniRef90_K8DL44	41.28	266	127
UniRef90_R5TIC0	26.72	266	284
UniRef90_A0A059WMY7	33.15	266	196
UniRef90_A0A011NWM6	31.67	266	244
UniRef90_R6RZ46	26.94	266	279
UniRef90_UPI00051C61DC	30.73	266	277
UniRef90_D9Y3I7	28.26	266	315
UniRef90_A0A059WNW2	36.54	266	155
UniRef90_A0A059WSG3	29.61	266	217
UniRef90_A0A0F0CJA3	27.40	266	278
UniRef90_T0IX87	31.10	266	360
UniRef90_D5U560	29.07	266	276
UniRef90_A0A011MW93	32.00	266	225
UniRef90_A0A059X0K5	33.93	266	199
UniRef90_U5MVH1	24.31	266	268
UniRef90_A0A059WFV0	28.51	266	321
UniRef90_UPI0006FB0428	30.09	266	325
UniRef90_C7RSV6	30.99	266	225
UniRef90_A0A059X0G0	33.33	266	199
UniRef90_A0A059X3E3	38.71	266	140
UniRef90_UPI000485B5FC	25.11	266	268
UniRef90_A0A059WWP4	31.45	266	214
UniRef90_UPI00067E8DCF	22.71	266	265
UniRef90_H5SCG1	36.17	266	250
UniRef90_F2N8Q9	28.49	266	286
UniRef90_A0A059X0A6	34.85	266	142
UniRef90_UPI0004875518	27.19	266	277
UniRef90_L8XR61	29.56	266	280
UniRef90_D7CL76	29.09	266	226
UniRef90_A0A0E2HBH5	28.57	266	283
UniRef90_C0D7R1	24.11	266	288
UniRef90_UPI000565813B	29.30	266	270
UniRef90_UPI00041D5072	30.23	266	278
UniRef90_UPI000303AF4C	29.67	266	362
UniRef90_A0A080M791	32.16	266	225
UniRef90_H3K7T0	29.31	266	294
UniRef90_S0FYU0	29.81	266	219
UniRef90_A0A059X169	34.75	266	127
UniRef90_A0A084U9F2	28.37	266	353
UniRef90_J9UR31	26.36	266	276
UniRef90_Q2FR96	28.86	266	232
UniRef90_UPI000394081D	28.30	266	285
UniRef90_D4JU57	32.00	266	212
UniRef90_F6CK28	28.70	266	229
UniRef90_UPI0005095B8F	26.98	266	305
UniRef90_F8EHJ4	27.37	266	238
UniRef90_UPI0006CFC454	30.05	266	219
UniRef90_W3APP2	24.31	266	278
UniRef90_C6CGD3	30.04	266	335
UniRef90_D2BYL1	28.11	266	335
UniRef90_UPI00053BEADB	28.74	266	317
UniRef90_UPI0005C8B05E	27.50	266	336
UniRef90_E0SEB9	27.73	266	339
UniRef90_A0B8U6	29.06	266	230
UniRef90_R7IIR6	29.11	266	327
UniRef90_A0A0K8P1R7	29.77	266	492
UniRef90_G5IKI3	27.50	266	245
UniRef90_A0A068SYZ2	23.98	266	341
UniRef90_A0A069RJ04	32.14	266	206
UniRef90_A0A080LRJ2	29.70	266	225
UniRef90_L0DQA5	28.97	266	245
UniRef90_G5IJW8	28.12	266	278
UniRef90_U5MVK8	25.35	266	315
UniRef90_UPI0003475098	26.70	266	338
UniRef90_UPI000404021B	25.45	266	227
UniRef90_UPI0004B371A7	28.92	266	329
UniRef90_A0A059WWQ6	28.70	266	346
UniRef90_E3H9M5	27.78	266	291
UniRef90_UPI00048012C2	36.46	266	209
UniRef90_UPI00069990FE	29.68	266	271
UniRef90_P52700	100.00	266	290
UniRef90_L7U502	78.16	266	294
UniRef90_B4SKD2	92.08	266	290
UniRef90_UPI00066BEB3C	89.81	266	290
UniRef90_UPI00066EA77C	87.55	266	290
UniRef90_A0A031HG98	83.71	266	289
UniRef90_B2FTM1	88.35	266	290
UniRef90_A3KEX1	88.72	266	289
UniRef90_A0A0G5RAZ6	86.74	266	289
UniRef90_G0K1Q3	90.23	266	290
UniRef90_A0A0H4WQW9	76.89	266	291
UniRef90_A0A091BB69	62.84	266	266
UniRef90_A0A0M1EHP2	80.68	266	288
UniRef90_Q9JRP7	81.58	266	295
UniRef90_A0A059XBN4	62.78	266	295
UniRef90_UPI0006FB2F15	59.25	266	294
UniRef90_UPI0006F77490	58.87	266	296
UniRef90_A0A059WW06	34.70	266	297
UniRef90_UPI0006F3E18C	64.29	266	288
UniRef90_E6Y3G9	61.60	266	286
UniRef90_B8L603	87.12	266	290
UniRef90_A0A064BL69	87.92	266	289
UniRef90_U3U4Q6	62.21	266	287
UniRef90_A0A0F7BR64	74.22	266	281
UniRef90_A0A059WT68	32.84	266	287
UniRef90_A0A059X0E3	32.84	266	298
UniRef90_A0A059WZ63	33.21	266	286
UniRef90_UPI0006D9F355	74.06	266	288
UniRef90_A0A059X750	30.26	266	302
UniRef90_UPI0003F76CF0	33.08	266	295
UniRef90_A0A0A2X346	62.50	266	295
UniRef90_A0A059X660	38.06	266	280
UniRef90_A0A0M2WM86	38.77	266	301
UniRef90_A0A023NN28	40.00	266	297
UniRef90_A0A059WNU3	34.21	266	273
UniRef90_A0A059WMM7	33.70	266	295
UniRef90_UPI0006F54B9E	40.45	266	289
UniRef90_U7G2S9	59.92	266	277
UniRef90_U1ICM2	33.33	266	295
UniRef90_UPI00068BD9DE	39.92	266	296
UniRef90_UPI000482F976	32.82	266	296
UniRef90_B4WZP7	57.20	266	275
UniRef90_A0A059WQ07	30.27	266	296
UniRef90_UPI00048366D3	30.27	266	296
UniRef90_W3RHW0	33.07	266	295
UniRef90_A0A059WQK6	29.55	266	296
UniRef90_A5EEQ4	31.40	266	290
UniRef90_A0A059WSF3	34.19	266	307
UniRef90_UPI0003F89E95	29.15	266	296
UniRef90_UPI0004B103FB	36.76	266	288
UniRef90_A0A0A0ET58	61.36	266	290
UniRef90_I0G3D5	31.80	266	294
UniRef90_A0A059WX30	33.09	266	309
UniRef90_H0TSZ1	32.42	266	300
UniRef90_A0A0D7N815	30.53	266	296
UniRef90_A0A059WUN2	33.58	266	293
UniRef90_A0A059WZY4	32.59	266	293
UniRef90_I2QQ93	30.65	266	294
UniRef90_A0A059WRE5	33.70	266	304
UniRef90_A0A0G9H6K7	37.92	266	288
UniRef90_A0A059WU67	31.97	266	281
UniRef90_Q89GW5	32.17	266	294
UniRef90_A0A059X5C5	30.35	266	298
UniRef90_UPI0005646872	39.69	266	296
UniRef90_A0A059WUM8	35.19	266	293
UniRef90_A0A059WPR1	33.21	266	307
UniRef90_A0A0A0F2G6	57.58	266	293
UniRef90_A0A091AT68	37.45	266	297
UniRef90_A0A059WQJ2	33.58	266	293
UniRef90_A0A059WKB3	33.82	266	295
UniRef90_H0SFG4	30.97	266	295
UniRef90_A0A059WGU9	31.84	266	295
UniRef90_UPI000382E319	35.74	266	303
UniRef90_A0A0D7N6Y5	30.65	266	295
UniRef90_A0A059WUK2	36.91	266	234
UniRef90_B5L5V3	33.94	266	305
UniRef90_A0A059WT23	29.04	266	299
UniRef90_UPI0003B3C691	34.53	266	301
UniRef90_UPI000382F000	38.02	266	286
UniRef90_C1ACP6	35.84	266	327
UniRef90_A0A085FQ40	36.50	266	300
UniRef90_UPI0003681087	35.96	266	299
UniRef90_A0A0E3UP60	40.53	266	297
UniRef90_UPI000479D51C	62.03	266	284
UniRef90_A0A059X196	35.56	266	304
UniRef90_UPI0003486B7A	39.00	266	297
UniRef90_UPI0003697C18	57.53	266	287
UniRef90_M4S6T5	38.85	266	301
UniRef90_A0A0E9MRK1	39.45	266	276
UniRef90_UPI0006F5C036	34.48	266	293
UniRef90_A0A0C5LDH9	36.84	266	341
UniRef90_A0A0D0S357	55.17	266	290
UniRef90_UPI0006F72496	39.41	266	298
UniRef90_B9XCJ9	33.21	266	313
UniRef90_UPI00037578EC	36.94	266	284
UniRef90_UPI0006CA9047	35.69	266	292
UniRef90_A0A075K523	41.57	266	296
UniRef90_UPI0006FC77FB	36.47	266	281
UniRef90_UPI00037CB8D6	30.68	266	283
UniRef90_A0A059WJH5	31.64	266	294
UniRef90_B5DCA0	37.55	266	303
UniRef90_UPI0004BA194D	33.71	266	315
UniRef90_L9PED5	33.71	266	281
UniRef90_A0A059WNG4	36.80	266	324
UniRef90_A0A013VCS0	34.07	266	305
UniRef90_A0A021WD67	37.12	266	316
UniRef90_UPI00048ED480	38.70	266	306
UniRef90_A0A059X8N4	33.33	266	292
UniRef90_UPI0006F202CA	35.97	266	304
UniRef90_A0A059WU58	38.85	266	302
UniRef90_A0A059WRH2	32.59	266	290
UniRef90_A0A059WUC0	27.65	266	298
UniRef90_A0A086GCB4	38.81	266	299
UniRef90_UPI00037D9F9D	36.84	266	307
UniRef90_A0A0A7PN34	35.06	266	289
UniRef90_I4W7U7	39.77	266	277
UniRef90_UPI0006F4369D	33.98	266	305
UniRef90_I4WIA8	41.89	266	292
UniRef90_W0RE69	38.97	266	686
UniRef90_Q01RD2	31.78	266	285
UniRef90_UPI0006FE1F98	35.98	266	316
UniRef90_A0A095B899	35.45	266	286
UniRef90_UPI000700C7EC	39.31	266	298
UniRef90_UPI00054E6BA8	32.69	266	288
UniRef90_A0A059WQU4	29.84	266	262
UniRef90_UPI00047CE1E7	29.52	266	281
UniRef90_A0A059WGX9	35.27	266	281
UniRef90_UPI0007028739	35.02	266	263
UniRef90_UPI0006FB7F1D	32.82	266	284
UniRef90_N8YDY5	33.21	266	297
UniRef90_A0A059X0I4	37.09	266	299
UniRef90_A0A059X4V7	33.71	266	283
UniRef90_J8VEZ9	39.55	266	298
UniRef90_UPI000560CA9E	36.61	266	282
UniRef90_A0A084YT49	36.43	266	298
UniRef90_UPI000401E6F6	32.08	266	280
UniRef90_V4QA27	30.63	266	291
UniRef90_UPI0007028A46	36.82	266	301
UniRef90_E8V3S9	34.47	266	285
UniRef90_A0A059X4S2	32.21	266	290
UniRef90_D4Z8A9	33.83	266	307
UniRef90_UPI000302865B	34.07	266	290
UniRef90_UPI0006FB102C	33.46	266	284
UniRef90_J2ZPY4	31.11	266	291
UniRef90_UPI000645736F	29.62	266	292
UniRef90_UPI0006FB880A	35.06	266	304
UniRef90_A0A059XCU2	37.27	266	293
UniRef90_UPI000373BF29	36.56	266	307
UniRef90_UPI0004E2164C	29.62	266	277
UniRef90_UPI000556083E	30.30	266	284
UniRef90_A0A0M2LV63	35.93	266	282
UniRef90_A0A0L8BQS1	31.18	266	286
UniRef90_UPI0004A6CEA2	31.92	266	291
UniRef90_S5EJZ6	36.30	266	294
UniRef90_UPI00054B2951	35.02	266	302
UniRef90_UPI0006F38401	31.01	266	292
UniRef90_A0A0G3A5B0	34.55	266	296
UniRef90_UPI000687D66F	32.03	266	284
UniRef90_B0T508	31.91	266	288
UniRef90_UPI000374B43E	36.16	266	297
UniRef90_B1ZNG5	38.52	266	299
UniRef90_UPI0006FDBD62	33.81	266	306
UniRef90_K9DU17	37.31	266	530
UniRef90_UPI0006F41847	34.33	266	287
UniRef90_A0A059WSU4	33.73	266	291
UniRef90_UPI00054EE169	30.94	266	293
UniRef90_M4NDX0	40.23	266	292
UniRef90_A0A059WLC4	42.01	266	290
UniRef90_A0A097EDY5	34.44	266	289
UniRef90_A0A059WUD7	33.82	266	283
UniRef90_A0A059X917	32.55	266	284
UniRef90_A0A0J7Y7M3	37.36	266	303
UniRef90_Q9K578	29.53	266	282
UniRef90_A0A0K8QLN8	42.80	266	329
UniRef90_UPI00068F0E81	34.48	266	288
UniRef90_A0A023XYL7	35.34	266	337
UniRef90_A0A0B9ABT8	33.20	266	286
UniRef90_UPI00069347F8	37.99	266	312
UniRef90_UPI000561DA98	33.33	266	305
UniRef90_G5ELM3	30.94	266	280
UniRef90_UPI000678F3A4	29.92	266	286
UniRef90_UPI0006F645BC	31.66	266	281
UniRef90_G9ERC7	29.53	266	299
UniRef90_A0A0M9TXR7	33.21	266	305
UniRef90_UPI0004B49BC5	31.56	266	286
UniRef90_UPI0003824B9E	34.46	266	285
UniRef90_UPI0006F516DF	32.44	266	284
UniRef90_V4PAM5	35.34	266	288
UniRef90_A0A0D5WTG2	33.83	266	293
UniRef90_UPI00058BC8E6	30.04	266	286
UniRef90_K4GMG9	33.21	266	305
UniRef90_UPI0005BCD7B0	30.63	266	291
UniRef90_V4RQX5	31.44	266	290
UniRef90_UPI00066EC45A	34.94	266	296
UniRef90_A0A089NJ06	32.08	266	280
UniRef90_A0A059X0Y5	30.77	266	296
UniRef90_UPI0006F91074	34.87	266	288
UniRef90_A0A0M4CWK9	34.88	266	300
UniRef90_D6MLY4	34.11	266	282
UniRef90_A5P820	39.07	266	312
UniRef90_UPI00047DE0D6	29.43	266	290
UniRef90_A0A095AQF8	35.06	266	304
UniRef90_A0A0B2C079	40.08	266	302
UniRef90_UPI0006C93B21	32.71	266	317
UniRef90_A0A059WZ68	32.83	266	319
UniRef90_A0A0D1M7L5	34.81	266	283
UniRef90_L7Y5Y8	29.18	266	286
UniRef90_A0A0A8USW4	27.73	266	290
UniRef90_UPI0006885282	30.26	266	290
UniRef90_A0A0D1B2U2	38.06	266	309
UniRef90_A0A059WL14	36.63	266	292
UniRef90_A0A0A1W3N1	33.21	266	287
UniRef90_UPI0006F90708	42.11	266	292
UniRef90_A0A0M2WS21	30.82	266	314
UniRef90_A0A059Q5E8	38.68	266	460
UniRef90_N9EX43	34.60	266	305
UniRef90_K4KM71	32.28	266	295
UniRef90_A0A068T0R7	31.11	266	286
UniRef90_UPI0004A6C62D	32.97	266	300
UniRef90_A0A059WMV4	34.20	266	298
UniRef90_UPI0006A71B4C	38.55	266	791
UniRef90_A0A0J1D7H7	33.58	266	287
UniRef90_J2GAJ8	34.20	266	309
UniRef90_A0A031GQU2	30.82	266	314
UniRef90_A0A0B2XW82	29.39	266	286
UniRef90_W0V814	31.41	266	300
UniRef90_A0A0N0K223	32.81	266	278
UniRef90_Q1GRV6	36.61	266	289
UniRef90_A0A0F7KQC6	33.33	266	314
UniRef90_A0A0N1CEU0	34.32	266	283
UniRef90_UPI00053BDEF0	34.57	266	309
UniRef90_Q8KKG1	31.32	266	289
UniRef90_UPI0001DD08C7	38.40	266	315
UniRef90_A0A059WT08	39.26	266	301
UniRef90_A7MFY4	34.44	266	318
UniRef90_UPI0006FF216C	35.71	266	295
UniRef90_A0A059X7H6	35.56	266	287
UniRef90_K4GMK0	33.70	266	318
UniRef90_K2BKK3	27.80	266	292
UniRef90_S3IYJ8	35.69	266	294
UniRef90_UPI0006F97E2C	31.70	266	280
UniRef90_W1SCI5	31.87	266	281
UniRef90_UPI0002F0AE3B	31.97	266	287
UniRef90_UPI0006F5A846	36.00	266	303
UniRef90_A0A0C5LQ34	32.83	266	285
UniRef90_A0A0N0LWY3	38.49	266	309
UniRef90_UPI0007005F29	33.72	266	287
UniRef90_B5L5X0	26.02	266	300
UniRef90_F4QHQ6	30.63	266	290
UniRef90_UPI0005DC64DB	36.86	266	306
UniRef90_B5L5V0	34.96	266	302
UniRef90_UPI00053D4409	30.32	266	307
UniRef90_F6IGY4	36.72	266	299
UniRef90_V4PPL0	31.68	266	265
UniRef90_A0A0N1AM03	36.60	266	276
UniRef90_A0A091BLS7	39.61	266	295
UniRef90_UPI0007003CCD	33.98	266	284
UniRef90_D6MLY2	32.08	266	283
UniRef90_UPI0006F6841B	34.96	266	286
UniRef90_A0A059WZ60	29.08	266	286
UniRef90_UPI0005558F47	39.02	266	293
UniRef90_A8GGW7	34.80	266	298
UniRef90_A0A031I7F3	33.96	266	285
UniRef90_Q9AEF9	35.13	266	316
UniRef90_A0A0G3XFZ9	35.52	266	297
UniRef90_A0A0E3TTL6	34.69	266	305
UniRef90_G8T9F7	28.20	266	287
UniRef90_A0A0G9H9X4	37.45	266	273
UniRef90_J2P9E8	37.83	266	312
UniRef90_K4GMF9	34.21	266	302
UniRef90_A0A0N1C0H4	32.32	266	301
UniRef90_A0A059WZX5	34.34	266	286
UniRef90_R0E6P7	29.01	266	289
UniRef90_A0A095WFY1	32.14	266	318
UniRef90_UPI0006F95F17	35.38	266	306
UniRef90_UPI0003478BFF	37.96	266	294
UniRef90_B4RDR0	35.85	266	281
UniRef90_UPI0006919600	37.31	266	294
UniRef90_A4GRB7	27.35	266	290
UniRef90_A0A0B1ZRN7	36.64	266	291
UniRef90_UPI0006489944	25.00	266	286
UniRef90_A0A010PPL8	31.35	266	287
UniRef90_A0A081M920	28.52	266	315
UniRef90_J2W736	33.21	266	308
UniRef90_UPI00051A11F0	30.74	266	296
UniRef90_UPI0007001FB1	25.74	266	286
UniRef90_A0A059XEU6	31.08	266	294
UniRef90_F4QTI2	31.73	266	308
UniRef90_A0A0G9MYV5	42.06	266	297
UniRef90_UPI00035F2F05	35.00	266	274
UniRef90_UPI0003B64670	27.03	266	290
UniRef90_A0A0N1B1S9	33.85	266	293
UniRef90_A0A059WYH3	33.33	266	312
UniRef90_Q5EEU4	26.42	266	290
UniRef90_N1MQN7	35.25	266	294
UniRef90_A0A0K8JPV4	37.30	266	266
UniRef90_UPI0003475E8B	26.25	266	286
UniRef90_UPI000263052C	33.46	266	285
UniRef90_Q8Z2H7	33.09	266	294
UniRef90_UPI0006FAA649	33.20	266	314
UniRef90_I1DXY8	29.56	266	309
UniRef90_A0A0C5LQ44	25.88	266	290
UniRef90_UPI000569FCD6	39.69	266	265
UniRef90_Q3V785	90.57	266	212
UniRef90_UPI0006F348BA	31.64	266	288
UniRef90_D5VFP7	28.35	266	334
UniRef90_UPI000306D598	36.78	266	294
UniRef90_Q3V788	83.96	266	212
UniRef90_UPI0006F26336	30.04	266	294
UniRef90_I9CBU3	38.87	266	303
UniRef90_UPI0006FC2327	34.59	266	286
UniRef90_UPI0006F4FE81	25.77	266	286
UniRef90_A0SZ57	35.13	266	316
UniRef90_UPI0007024AB9	27.27	266	289
UniRef90_UPI0006F22FDF	36.90	266	280
UniRef90_A0A059X6F6	26.44	266	292
UniRef90_UPI00049350F2	28.57	266	292
UniRef90_A0A0M4M7X0	28.83	266	276
UniRef90_L7Y8A1	30.15	266	293
UniRef90_A4YQA8	27.73	266	333
UniRef90_A0A059WN50	30.57	266	299
UniRef90_B4R9C2	35.97	266	291
UniRef90_B5L5V5	27.13	266	293
UniRef90_U1HIL8	27.34	266	318
UniRef90_UPI0005554AE5	31.37	266	289
UniRef90_W0EVG0	28.40	266	287
UniRef90_UPI00053BE7A2	31.94	266	307
UniRef90_A0A074LZ37	31.68	266	311
UniRef90_UPI00066FF66C	38.08	266	275
UniRef90_A0A0D0GMS0	27.48	266	289
UniRef90_A0A081PC85	25.29	266	292
UniRef90_A0A0K8JSW9	38.10	266	261
UniRef90_Q2G7J0	33.98	266	289
UniRef90_E6PZ19	31.14	266	303
UniRef90_A0A0C5LDD9	27.64	266	286
UniRef90_A0A0C1FL25	26.14	266	282
UniRef90_UPI00070251E1	27.03	266	291
UniRef90_UPI00040B3BC0	26.53	266	290
UniRef90_A0A0F3KVG7	34.90	266	267
UniRef90_N9UTL8	38.17	266	293
UniRef90_A0A059X5B4	24.05	266	291
UniRef90_H1Y1Q6	26.98	266	288
UniRef90_T0I051	39.46	266	323
UniRef90_Q01W80	31.94	266	281
UniRef90_A0A072D0N8	32.32	266	305
UniRef90_T0J683	32.09	266	261
UniRef90_A0A0K9XZ64	26.27	266	286
UniRef90_A0A0C5XYK3	32.34	266	298
UniRef90_UPI00068CD7DA	24.81	266	281
UniRef90_A0A059WW18	27.65	266	292
UniRef90_W9BS74	33.33	266	311
UniRef90_UPI0006F215E8	37.40	266	296
UniRef90_H5YP32	28.52	266	319
UniRef90_A0A059X0V1	34.33	266	305
UniRef90_UPI00047D1F89	28.19	266	293
UniRef90_UPI00029B50AA	26.27	266	285
UniRef90_A0A059Q5E6	29.34	266	311
UniRef90_A0A0J7KTN9	25.00	266	290
UniRef90_UPI000645CC0F	26.47	266	288
UniRef90_UPI0003761D5E	31.94	266	312
UniRef90_A3WBN8	28.24	266	294
UniRef90_B5L5V9	27.20	266	294
UniRef90_A0A0C5L392	26.72	266	285
UniRef90_UPI0006FDDB28	33.83	266	278
UniRef90_I3ZAT7	27.76	266	287
UniRef90_A0A0N1C066	28.79	266	297
UniRef90_UPI0003646793	29.63	266	294
UniRef90_A0A0C5LDD5	25.43	266	290
UniRef90_K4GMG4	30.12	266	313
UniRef90_UPI0005513F46	27.82	266	290
UniRef90_UPI0004B23F6C	33.33	266	282
UniRef90_UPI0003F5E320	28.00	266	293
UniRef90_G8NPC1	27.84	266	297
UniRef90_W6U5V0	25.00	266	304
UniRef90_A0A085Z6Q6	24.79	266	290
UniRef90_UPI0005B54A30	33.46	266	292
UniRef90_A0A059WYG4	26.91	266	311
UniRef90_A0A0H0XP20	32.69	266	313
UniRef90_UPI00040A6687	27.17	266	296
UniRef90_C7PJE6	30.77	266	294
UniRef90_A0A0D5BSF0	25.90	266	290
UniRef90_K4GMM4	33.96	266	309
UniRef90_A0A0H4VFY7	29.32	266	279
UniRef90_UPI0003B36A77	31.84	266	333
UniRef90_UPI0006F53B3A	32.59	266	306
UniRef90_C6W093	27.41	266	294
UniRef90_UPI0004ADE703	36.60	266	312
UniRef90_A0A059WH47	34.33	266	289
UniRef90_A0A0C9NEL0	30.34	266	285
UniRef90_A0A059XF36	33.89	266	243
UniRef90_UPI0006F78936	36.18	266	296
UniRef90_A0A0K8JXU5	35.19	266	298
UniRef90_UPI0006F8EDB2	25.31	266	288
UniRef90_Q1IJS0	30.00	266	297
UniRef90_Q9JRL8	99.47	266	187
UniRef90_J0URF3	27.45	266	322
UniRef90_UPI0004772331	26.59	266	289
UniRef90_A0A0G9MQ88	30.94	266	302
UniRef90_B5L5V2	24.91	266	302
UniRef90_UPI000693E4EE	38.81	266	321
UniRef90_A0A059WXS7	31.69	266	253
UniRef90_A0A059WQL1	33.92	266	229
UniRef90_UPI0004956D72	34.09	266	282
UniRef90_UPI000287EF6C	32.85	266	308
UniRef90_Q9JRL5	90.37	266	187
UniRef90_UPI00059320FD	30.33	266	305
UniRef90_B5L5W3	24.45	266	302
UniRef90_B8KNI1	27.27	266	338
UniRef90_H4F3A4	25.58	266	295
UniRef90_A0A059WM85	34.71	266	182
UniRef90_A0A059X058	29.50	266	279
UniRef90_A0A059WWC5	37.06	266	216
UniRef90_UPI0002886C82	33.33	266	282
UniRef90_A0A059WWD2	40.46	266	175
UniRef90_UPI000580117E	31.48	266	292
UniRef90_UPI0006F8AF13	25.94	266	329
UniRef90_A0A059WTM8	35.64	266	204
UniRef90_A0A059WWZ7	38.54	266	195
UniRef90_A0A0B3WY34	27.34	266	337
UniRef90_Q6D395	27.73	266	342
UniRef90_A0A059WSG3	26.76	266	217
UniRef90_S9PGI8	37.50	266	204
UniRef90_A0A059WJQ1	32.10	266	174
UniRef90_W3APP2	24.31	266	278
UniRef90_UPI0005B21AA0	29.37	266	340
UniRef90_A0A0F0CJA3	25.73	266	278
UniRef90_A0A059WFV0	25.83	266	321
UniRef90_UPI00041D5072	25.73	266	278
UniRef90_C6CGD3	25.00	266	335
UniRef90_D2BYL1	25.72	266	335
UniRef90_F2N8Q9	23.68	266	286
UniRef90_U5MVH1	23.55	266	268
UniRef90_C0D7R1	21.83	266	288
UniRef90_E0SEB9	25.27	266	339
UniRef90_R5TIC0	23.30	266	284
UniRef90_G5IJW8	21.57	266	278
UniRef90_C5EGS2	21.88	266	282
UniRef90_U5MVK8	23.37	266	315
UniRef90_A0A059WMU5	30.20	266	210
UniRef90_A0A059WMY7	29.12	266	196
UniRef90_UPI00051C61DC	25.91	266	277
UniRef90_H0TWD7	22.14	266	344
UniRef90_W1U4N3	21.28	266	422
UniRef90_A0A0E2HBH5	24.78	266	283
UniRef90_UPI00067E8DCF	22.53	266	265
UniRef90_D9Y3I7	24.44	266	315
UniRef90_R6RZ46	24.03	266	279
UniRef90_A0A059WW11	35.00	266	182
UniRef90_UPI000485B5FC	21.29	266	268
UniRef90_UPI00067EEE50	23.62	266	299
UniRef90_H5Y6C1	23.36	266	324
UniRef90_L8XR61	24.03	266	280
UniRef90_UPI00069990FE	23.38	266	271
UniRef90_K2J459	20.31	266	283
UniRef90_UPI00046921C4	21.96	266	255
UniRef90_UPI000394081D	23.67	266	285
UniRef90_D5U560	27.52	266	276
UniRef90_UPI000565813B	22.71	266	270
UniRef90_UPI0004875518	25.69	266	277
UniRef90_UPI0006F81CB1	23.40	266	338
UniRef90_A0A059WW48	33.12	266	160
UniRef90_UPI0003475098	24.14	266	338
UniRef90_UPI00037BAB37	23.21	266	336
UniRef90_UPI00037EC2F2	33.91	266	172
UniRef90_A0A066RT76	21.57	266	280
UniRef90_R7IIR6	23.02	266	327
UniRef90_UPI0005C8B05E	22.98	266	336
UniRef90_A0A059X0G0	32.82	266	199
UniRef90_UPI0005095B8F	24.20	266	305
UniRef90_UPI0006C47B1F	21.40	266	291
UniRef90_J9UR31	25.23	266	276
UniRef90_A0A059X504	23.91	266	337
UniRef90_A0A0F4RCG8	21.69	266	348
UniRef90_E3H9M5	22.81	266	291
UniRef90_H3K7T0	26.60	266	294
UniRef90_U7V9B5	21.05	266	288
UniRef90_A0A059X0K5	27.78	266	199
UniRef90_I3U6Z5	20.99	266	348
UniRef90_UPI00068BCC2F	24.16	266	303
UniRef90_A0A0H2LUV2	22.27	266	349
UniRef90_A0A059WNW2	30.77	266	155
UniRef90_E1SNI2	22.64	266	340
UniRef90_A0A063Y4S1	19.92	266	334
UniRef90_UPI0005C21850	21.46	266	346
UniRef90_W1YZN8	19.92	266	337
UniRef90_UPI00068FA725	21.76	266	332
UniRef90_F6CK28	23.79	266	229
UniRef90_UPI00048965D8	22.51	266	403
UniRef90_A0A068SYZ2	22.33	266	341
UniRef90_UPI00047F1321	22.37	266	336
UniRef90_UPI000404021B	22.86	266	227
UniRef90_F6CVK4	21.63	266	354
UniRef90_C0CGR4	20.16	266	290
UniRef90_A0A059WWP4	28.48	266	214
UniRef90_A0A084U9F2	25.94	266	353
UniRef90_Q11FE1	22.58	266	308
UniRef90_UPI0006F80EF5	21.12	266	339
UniRef90_F3BP70	21.30	266	317
UniRef90_UPI0006FD6531	22.13	266	348
UniRef90_J1H939	21.61	266	277
