UniRef90_Q57SB5	99.45	183	207
UniRef90_D4GLB7	94.54	183	218
UniRef90_UPI00047E9B77	91.26	183	207
UniRef90_A1JNN2	90.71	183	207
UniRef90_A0A095VKR0	91.26	183	211
UniRef90_UPI00037CB85E	90.66	183	207
UniRef90_E9CP93	90.71	183	207
UniRef90_Q6D827	90.11	183	207
UniRef90_W1IT63	89.62	183	207
UniRef90_K8WCF4	90.11	183	206
UniRef90_Q7N0L3	87.98	183	207
UniRef90_B2VHT3	87.98	183	207
UniRef90_B2Q703	89.56	183	206
UniRef90_C5WCZ1	88.52	183	194
UniRef90_B4EU53	87.98	183	207
UniRef90_D2TWC6	85.79	183	209
UniRef90_UPI000490108D	87.98	183	207
UniRef90_C5BCJ6	86.26	183	206
UniRef90_U3U6Y8	86.34	183	207
UniRef90_A0A0D8LA47	87.36	183	206
UniRef90_J3Z4U1	86.26	183	207
UniRef90_A0A085HHF3	85.71	183	194
UniRef90_UPI0004B9170D	84.70	183	207
UniRef90_A0A088MXU5	83.98	183	194
UniRef90_R8AP40	82.42	183	207
UniRef90_UPI0004AE0895	84.62	183	205
UniRef90_A0A0A7S911	82.97	183	206
UniRef90_C4K4P2	83.06	183	215
UniRef90_R4I0R4	86.11	183	211
UniRef90_F7XXZ8	82.97	183	194
UniRef90_Q1LTJ9	82.32	183	205
UniRef90_A0A0G3CQ09	81.87	183	211
UniRef90_E0WSH2	83.52	183	261
UniRef90_UPI0003F609D7	82.97	183	207
UniRef90_UPI000361D8C9	78.69	183	211
UniRef90_Q0VQ90	79.67	183	205
UniRef90_UPI0003794C01	79.23	183	210
UniRef90_L8D8G5	78.57	183	205
UniRef90_Q8DG26	79.23	183	200
UniRef90_K2K0J7	81.32	183	203
UniRef90_A0A0F5AMD9	79.23	183	207
UniRef90_J7GTM7	79.23	183	207
UniRef90_UPI0002FE772E	78.14	183	207
UniRef90_C4LDB3	79.12	183	207
UniRef90_A4BHG6	79.12	183	209
UniRef90_A0A0A2VYL1	94.15	183	1069
UniRef90_F2G7T6	78.69	183	209
UniRef90_A0A099LDI7	79.01	183	204
UniRef90_A4CD16	77.05	183	205
UniRef90_X2H0J3	77.05	183	200
UniRef90_UPI0003F71D61	79.12	183	211
UniRef90_A5W635	79.67	183	213
UniRef90_UPI00037B3AEA	78.57	183	212
UniRef90_K6YVP5	77.35	183	210
UniRef90_UPI00040DA6B3	77.60	183	212
UniRef90_Q15R46	76.92	183	212
UniRef90_E1SQ28	79.67	183	207
UniRef90_UPI000255A484	79.23	183	214
UniRef90_A0A090AR45	80.56	183	194
UniRef90_A0A0B4XJD0	79.12	183	215
UniRef90_UPI0004DF1E8E	76.92	183	211
UniRef90_S6HMQ8	79.12	183	211
UniRef90_K7A9R5	76.92	183	214
UniRef90_H5T7Z7	78.14	183	207
UniRef90_V5F0B2	77.05	183	207
UniRef90_F7NVY9	75.96	183	207
UniRef90_Q21KA9	78.57	183	212
UniRef90_UPI0005A06434	78.02	183	211
UniRef90_UPI0004876C0E	76.50	183	205
UniRef90_A4SM42	76.92	183	207
UniRef90_UPI00047CE011	76.92	183	208
UniRef90_G4T2I6	77.47	183	215
UniRef90_Q3IF46	77.35	183	205
UniRef90_A0A094ISC1	76.37	183	205
UniRef90_Q8EG19	76.37	183	202
UniRef90_A0A0M2VHX0	74.86	183	201
UniRef90_Q3SI98	78.02	183	212
UniRef90_UPI00040BE299	76.92	183	200
UniRef90_Q47XL8	75.41	183	220
UniRef90_UPI0006842227	76.92	183	214
UniRef90_I1YLJ8	75.27	183	211
UniRef90_UPI000262CAEE	75.82	183	201
UniRef90_F9RZC1	75.82	183	204
UniRef90_W2UEG4	78.02	183	213
UniRef90_A4XTZ5	78.57	183	213
UniRef90_P57547	74.73	183	208
UniRef90_UPI0003699857	76.92	183	200
UniRef90_Q31GF1	76.92	183	200
UniRef90_C5BTJ0	76.37	183	214
UniRef90_W7QFZ1	75.27	183	210
UniRef90_UPI00039D836A	77.35	183	207
UniRef90_A0A063Y6G2	77.60	183	211
UniRef90_H2FU91	77.05	183	207
UniRef90_A0A0K6IW01	75.69	183	208
UniRef90_A0A0F9UHU0	75.27	183	212
UniRef90_K0CE82	78.02	183	216
UniRef90_A0KYL9	75.82	183	202
UniRef90_UPI0003A438D8	75.96	183	210
UniRef90_A0A0M6W988	76.92	183	206
UniRef90_B8GNT8	76.92	183	216
UniRef90_Q47FB6	76.92	183	209
UniRef90_F3LCX5	76.37	183	208
UniRef90_UPI0003672647	78.69	183	213
UniRef90_M7PFM0	73.63	183	211
UniRef90_UPI00041BA54F	75.69	183	206
UniRef90_Q5QXN8	75.82	183	206
UniRef90_Q5P161	75.14	183	212
UniRef90_A6VW20	75.82	183	210
UniRef90_B7RVD4	77.47	183	213
UniRef90_UPI000369F437	75.82	183	199
UniRef90_H8WBV5	76.37	183	211
UniRef90_A0A0A0M5N9	79.12	183	208
UniRef90_R9PHR4	75.27	183	207
UniRef90_A0A0F4Q2F6	75.96	183	205
UniRef90_A0A081NBZ6	76.37	183	202
UniRef90_H0PV93	74.59	183	212
UniRef90_K4KF32	75.82	183	208
UniRef90_V5BYQ6	74.32	183	215
UniRef90_Q48KZ0	76.37	183	213
UniRef90_A1SUW7	75.27	183	207
UniRef90_C7R6D9	75.96	183	205
UniRef90_UPI0003B44B99	75.27	183	212
UniRef90_M5DWG3	76.92	183	214
UniRef90_A0A0A2X3F7	76.92	183	208
UniRef90_U4TIJ0	76.92	183	201
UniRef90_A0A0D5M336	73.63	183	205
UniRef90_Q6FEP8	77.47	183	201
UniRef90_A0A061D0N7	78.02	183	213
UniRef90_UPI0003B43B9C	76.37	183	202
UniRef90_G8QJT7	74.03	183	213
UniRef90_A4A8H9	75.41	183	213
UniRef90_I3CI75	75.27	183	213
UniRef90_A1K783	76.80	183	212
UniRef90_A0A021W516	76.92	183	208
UniRef90_A0A0M4TWS8	75.27	183	204
UniRef90_UPI000417D640	74.32	183	205
UniRef90_A3N1T0	75.96	183	196
UniRef90_Q89AA1	74.18	183	205
UniRef90_UPI00040C2BB2	74.73	183	205
UniRef90_W8L3M4	75.96	183	215
UniRef90_Q4K9J6	76.37	183	211
UniRef90_A0A0A3AIM3	75.82	183	195
UniRef90_F3L158	74.86	183	200
UniRef90_I1XKC3	73.63	183	211
UniRef90_A0A0A6PBL9	74.73	183	211
UniRef90_UPI00036FBFF4	75.96	183	203
UniRef90_A9ELK2	73.63	183	203
UniRef90_K0C374	75.41	183	206
UniRef90_B3PHK6	76.37	183	214
UniRef90_UPI00047E7CC1	78.57	183	208
UniRef90_H8GML4	75.27	183	210
UniRef90_UPI00047E3390	76.92	183	208
UniRef90_E1VK94	76.37	183	189
UniRef90_A0A0F9TSB6	73.63	183	205
UniRef90_A0A0F3IIH9	74.18	183	216
UniRef90_U1KKL5	75.27	183	205
UniRef90_B8KQX0	75.82	183	220
UniRef90_G4E386	73.63	183	214
UniRef90_R4YSG4	74.32	183	207
UniRef90_W0TJ58	75.96	183	210
UniRef90_UPI0005F84F8B	75.82	183	209
UniRef90_F6DC45	75.82	183	201
UniRef90_A0A0C5V909	74.18	183	221
UniRef90_UPI00068567D3	75.27	183	189
UniRef90_A0A0K6GVS0	78.14	183	207
UniRef90_UPI0006F6EDD2	77.05	183	208
UniRef90_A3JKN5	75.27	183	211
UniRef90_W9V0E2	75.82	183	213
UniRef90_G2LPW1	73.63	183	204
UniRef90_A0A066UJT8	75.69	183	218
UniRef90_D9SGJ6	76.24	183	202
UniRef90_A0A031MCK7	75.82	183	213
UniRef90_L2F887	76.37	183	213
UniRef90_A0A0E3Y990	75.82	183	207
UniRef90_D9PIP8	76.37	183	208
UniRef90_UPI00048E907A	74.18	183	213
UniRef90_I3BRY4	75.41	183	204
UniRef90_C7RPX5	74.03	183	209
UniRef90_Q82Y57	74.03	183	214
UniRef90_F7RV08	74.18	183	211
UniRef90_D5V9K9	76.24	183	217
UniRef90_C4GN27	74.86	183	206
UniRef90_A0A084INW4	75.27	183	212
UniRef90_A7BV60	73.22	183	228
UniRef90_UPI0006CE9E95	75.69	183	208
UniRef90_G2DEB4	74.86	183	213
UniRef90_G3J0K4	74.18	183	215
UniRef90_UPI0005B885F9	74.18	183	207
UniRef90_UPI000362C3EE	74.73	183	211
UniRef90_UPI000394405A	74.18	183	208
UniRef90_UPI0003759731	73.08	183	206
UniRef90_A6FI88	71.58	183	207
UniRef90_UPI0003795054	73.22	183	217
UniRef90_UPI0004AD0485	75.82	183	211
UniRef90_UPI0004204123	74.18	183	205
UniRef90_UPI000467865D	76.92	183	208
UniRef90_UPI000255A8AE	74.73	183	211
UniRef90_UPI0003F560EF	74.73	183	210
UniRef90_F5R745	74.03	183	206
UniRef90_A0A0F9VBQ8	74.73	183	213
UniRef90_A0A0F7JUJ5	73.63	183	212
UniRef90_M4UMG8	74.18	183	207
UniRef90_H8DV17	73.37	183	205
UniRef90_UPI0006F746C8	77.47	183	208
UniRef90_A0A0K0SVH2	76.37	183	215
UniRef90_UPI0003697503	73.08	183	215
UniRef90_H1G5W1	73.77	183	216
UniRef90_UPI000475BA5E	77.05	183	207
UniRef90_A0A086D5T0	73.08	183	206
UniRef90_S6AHG1	74.59	183	209
UniRef90_A0A0B0H2J7	74.18	183	209
UniRef90_Q0A6A7	73.22	183	214
UniRef90_UPI00052F07B3	78.86	183	242
UniRef90_A0A081NCG9	73.08	183	212
UniRef90_UPI000408219A	74.73	183	213
UniRef90_B2FQR2	75.27	183	208
UniRef90_Q3AF96	74.32	183	195
UniRef90_A0LDT4	72.53	183	202
UniRef90_UPI0003F63F68	73.63	183	211
UniRef90_UPI00037E5217	72.53	183	206
UniRef90_W0SHE3	74.59	183	229
UniRef90_A0A0F9VG02	74.18	183	213
UniRef90_Y0KH67	75.69	183	217
UniRef90_G2IUR3	73.48	183	207
UniRef90_Q2Y6J0	74.59	183	213
UniRef90_A0A0F7KAU4	73.63	183	203
UniRef90_UPI00046A0FB8	74.18	183	213
UniRef90_D4G7X2	73.33	183	196
UniRef90_A0A0A1YJZ8	74.32	183	213
UniRef90_L0GTF8	71.98	183	214
UniRef90_UPI0005F861F5	72.68	183	213
UniRef90_A0A090ACJ6	71.98	183	212
UniRef90_Q9PE41	75.27	183	208
UniRef90_B5JWY9	74.73	183	236
UniRef90_A0A0J5P563	72.68	183	196
UniRef90_L8XXM5	73.08	183	202
UniRef90_UPI00056CE0E8	74.03	183	213
UniRef90_R5F097	71.43	183	216
UniRef90_A0P6S6	71.98	183	209
UniRef90_UPI00068591E6	74.73	183	208
UniRef90_V9HLN0	73.22	183	206
UniRef90_UPI000493E4E7	73.08	183	202
UniRef90_U2EP04	75.27	183	217
UniRef90_W0R9P7	73.08	183	191
UniRef90_UPI0003A8C26B	74.18	183	206
UniRef90_Q3JAJ8	73.08	183	203
UniRef90_C0N897	71.98	183	212
UniRef90_E1VBW0	72.53	183	206
UniRef90_I3Y6R6	71.43	183	214
UniRef90_Q493F8	73.48	183	208
UniRef90_UPI0003F5EB94	70.33	183	213
UniRef90_A0A0A3AJ98	74.18	183	194
UniRef90_B6BTR2	72.93	183	207
UniRef90_C1D539	72.93	183	212
UniRef90_UPI00055D2D85	73.63	183	210
UniRef90_A0A060NQM2	73.48	183	203
UniRef90_I2JJV6	74.18	183	210
UniRef90_UPI0004060908	75.69	183	217
UniRef90_D0KXS0	73.08	183	210
UniRef90_UPI0004E1DDBA	70.88	183	204
UniRef90_B8F822	74.18	183	193
UniRef90_A4BM09	70.88	183	214
UniRef90_I2NPG2	74.03	183	197
UniRef90_A0A0J5JHI9	75.00	183	210
UniRef90_UPI0004295E7D	73.77	183	208
UniRef90_UPI0003662B61	73.08	183	217
UniRef90_H3NTT1	73.63	183	205
UniRef90_F6CP84	71.04	183	197
UniRef90_UPI0006D59AD8	72.93	183	194
UniRef90_V4JNP2	71.98	183	215
UniRef90_A0A0D6EWR9	71.98	183	205
UniRef90_A0A0C1YH99	74.59	183	208
UniRef90_A0A0K2WPC5	70.49	183	199
UniRef90_UPI0003A647F1	71.98	183	213
UniRef90_D4DST5	72.13	183	211
UniRef90_D5CSU7	75.14	183	208
UniRef90_A0A0E3U3X0	73.48	183	205
UniRef90_C8N869	75.41	183	206
UniRef90_B9T9P1	75.82	183	435
UniRef90_UPI0006B64E26	73.08	183	214
UniRef90_F9ZHA2	71.43	183	213
UniRef90_C6XDT1	73.08	183	208
UniRef90_UPI0004DFA99E	72.53	183	208
UniRef90_UPI00047570A3	72.93	183	210
UniRef90_C0QQZ7	72.38	183	202
UniRef90_A0YBY5	73.22	183	206
UniRef90_Q0F0L7	71.43	183	207
UniRef90_C6WWC8	72.53	183	214
UniRef90_E8T3H9	72.93	183	200
UniRef90_X2HFY5	73.77	183	203
UniRef90_UPI00048CF4B7	70.88	183	213
UniRef90_A0A0B7IUT7	72.93	183	217
UniRef90_G4CT44	71.58	183	212
UniRef90_UPI000401B5FB	70.88	183	211
UniRef90_A0A0K0XVI2	71.43	183	201
UniRef90_S6BJH3	71.98	183	211
UniRef90_G2DJ87	72.13	183	207
UniRef90_UPI00056FBF23	72.68	183	204
UniRef90_A0Z284	74.18	183	212
UniRef90_B2V7P4	71.82	183	201
UniRef90_UPI0004A70CF0	71.98	183	207
UniRef90_D7DIM8	72.93	183	219
UniRef90_UPI00058E8B33	70.49	183	215
UniRef90_Q2SK36	72.13	183	204
UniRef90_I0IMQ1	73.33	183	200
UniRef90_UPI00068788FD	73.03	183	212
UniRef90_A6DCP6	71.82	183	196
UniRef90_UPI0003B6E4E6	71.43	183	215
UniRef90_UPI0003814FD5	72.13	183	206
UniRef90_Q1H1G0	71.82	183	213
UniRef90_UPI0004E183C8	69.40	183	214
UniRef90_W0V6P9	73.48	183	205
UniRef90_UPI0003FB9641	73.48	183	215
UniRef90_UPI000412BBD0	75.27	183	206
UniRef90_A0A0K8QME4	71.43	183	211
UniRef90_A0A099CX77	72.13	183	208
UniRef90_A0A0M4HIT4	70.88	183	197
UniRef90_L9PAG6	73.48	183	208
UniRef90_A0A0H5BWQ0	71.27	183	205
UniRef90_G2GX90	82.82	183	191
UniRef90_E4L7N5	72.13	183	199
UniRef90_E8Q629	72.53	183	215
UniRef90_V4YNY5	72.93	183	208
UniRef90_A0A095WY97	73.08	183	215
UniRef90_A5WC70	75.27	183	240
UniRef90_I4WR58	73.63	183	209
UniRef90_UPI000382BEE2	73.22	183	208
UniRef90_A0A0G3G896	71.58	183	212
UniRef90_A0A0M5LHL6	69.23	183	198
UniRef90_UPI00056217C9	70.49	183	207
UniRef90_A0A081KCP8	75.82	183	212
UniRef90_UPI000377EBF1	72.93	183	202
UniRef90_W0P3A0	74.73	183	208
UniRef90_J4KSM5	71.98	183	204
UniRef90_L0DZJ8	70.88	183	213
UniRef90_E8LMQ8	69.95	183	200
UniRef90_D3SF21	70.88	183	224
UniRef90_U5T2H4	69.95	183	201
UniRef90_Q1Q8J2	72.53	183	215
UniRef90_A0A091BAM6	71.43	183	207
UniRef90_A0A014MMY6	74.59	183	202
UniRef90_UPI00048978AF	71.98	183	208
UniRef90_E6WUV6	78.02	183	209
UniRef90_UPI0003723521	71.43	183	207
UniRef90_A0A0G3EU00	70.33	183	216
UniRef90_A1AVN6	68.13	183	198
UniRef90_G0A269	74.86	183	210
UniRef90_A0A0C1VJA0	70.72	183	196
UniRef90_F9MMV8	71.51	183	198
UniRef90_D5XBH1	69.95	183	194
UniRef90_UPI00061CFC78	71.58	183	210
UniRef90_A0A0A0DMX0	72.38	183	202
UniRef90_A0A096CR73	72.63	183	197
UniRef90_A0A0J1C365	71.74	183	209
UniRef90_A0A0K1WIK8	75.82	183	209
UniRef90_B1Y6H3	72.38	183	202
UniRef90_UPI0004156C28	70.17	183	201
UniRef90_H8YZD3	69.95	183	232
UniRef90_UPI00040F5C48	73.08	183	206
UniRef90_UPI0003068925	72.93	183	215
UniRef90_A1WUM7	69.78	183	210
UniRef90_G4Q634	70.95	183	199
UniRef90_UPI000411DDAE	71.82	183	202
UniRef90_A0A0M3T1Q7	67.96	183	198
UniRef90_UPI0006FFE39D	71.27	183	202
UniRef90_A1TM62	72.38	183	202
UniRef90_A4JF05	71.82	183	217
UniRef90_R7RV14	69.40	183	195
UniRef90_A0A0F2PFZ0	71.11	183	197
UniRef90_A0A0N1JT80	73.63	183	208
UniRef90_A0A024HFQ4	75.27	183	212
UniRef90_UPI00037E936E	68.68	183	207
UniRef90_Q8D346	69.95	183	194
UniRef90_K9D593	72.93	183	207
UniRef90_G4AA44	70.88	183	188
UniRef90_Q7NUY9	71.74	183	210
UniRef90_R4V3U0	68.31	183	211
UniRef90_UPI000405A6FB	71.98	183	207
UniRef90_UPI0003FB334D	71.98	183	204
UniRef90_UPI0004A6B9BF	71.98	183	207
UniRef90_I9W5T4	71.27	183	217
UniRef90_C9RBL2	66.67	183	200
UniRef90_Q9JZ38	72.13	183	204
UniRef90_A0A0F2PXD8	67.76	183	194
UniRef90_A0A086YKU3	67.76	183	197
UniRef90_Q13Z15	72.93	183	217
UniRef90_A4J7L9	69.40	183	195
UniRef90_UPI00037552E7	68.85	183	197
UniRef90_D2RIK5	69.27	183	197
UniRef90_E3PWA1	72.38	183	194
UniRef90_A6GN68	70.72	183	215
UniRef90_A0A017RWG3	69.95	183	195
UniRef90_A0A081FZA5	75.27	183	211
UniRef90_A0Q2L1	71.43	183	195
UniRef90_A0A0C2ZES1	70.79	183	194
UniRef90_C5EZR0	70.00	183	196
UniRef90_D3LWR4	72.07	183	200
UniRef90_UPI0003B4445B	70.88	183	207
UniRef90_A1VRH8	71.82	183	216
UniRef90_A0A0L8B091	71.82	183	202
UniRef90_C8Q0Y0	71.98	183	224
UniRef90_T1ASV0	70.88	183	211
UniRef90_A0A0E9M3V4	71.43	183	208
UniRef90_K2CGY0	69.78	183	207
UniRef90_UPI000472F637	70.33	183	213
UniRef90_W8FWK6	73.63	183	207
UniRef90_A0A0A8WUG7	69.78	183	198
UniRef90_X0QX53	73.08	183	234
UniRef90_UPI0003807B08	70.39	183	201
UniRef90_M4X6E4	67.40	183	201
UniRef90_B1I4R4	68.31	183	198
UniRef90_A0A0K8J9F8	70.00	183	197
UniRef90_G0AH24	70.72	183	208
UniRef90_K0NCP2	68.31	183	207
UniRef90_Q9I2U1	73.77	183	213
UniRef90_A0A091AQ47	71.43	183	207
UniRef90_UPI00059EB8E7	72.13	183	212
UniRef90_UPI000474146F	71.82	183	208
UniRef90_UPI000487ECB3	68.31	183	193
UniRef90_UPI00047298CB	70.39	183	197
UniRef90_E5ARH6	71.82	183	238
UniRef90_A0A069RHS8	71.82	183	194
UniRef90_UPI000349E4F3	70.72	183	217
UniRef90_K2BAX4	69.78	183	207
UniRef90_UPI0004B90655	69.78	183	196
UniRef90_UPI0004E14290	70.95	183	198
UniRef90_UPI0005C18099	70.17	183	208
UniRef90_D8P9Y3	69.06	183	211
UniRef90_M1YWC5	67.76	183	215
UniRef90_UPI0006DC9F1F	71.27	183	202
UniRef90_E8RF93	69.61	183	200
UniRef90_K9D4E6	70.39	183	197
UniRef90_A6VME1	73.77	183	194
UniRef90_A0A0L6Z5H7	69.23	183	194
UniRef90_C3XL64	70.22	183	196
UniRef90_K2K482	69.23	183	214
UniRef90_K4LCP3	69.23	183	201
UniRef90_Q5WVJ0	76.37	183	214
UniRef90_B0A764	69.61	183	193
UniRef90_UPI0004E198DE	70.88	183	194
UniRef90_G7UQY3	76.92	183	208
UniRef90_I0GR66	68.51	183	203
UniRef90_C3X7Q8	71.82	183	207
UniRef90_A0A0C2PUR3	75.27	183	208
UniRef90_UPI00040D602E	70.00	183	197
UniRef90_A0A0K2G6Z7	69.44	183	210
UniRef90_G2J9B9	70.88	183	222
UniRef90_Q8ENM5	70.88	183	193
UniRef90_UPI000380AB8B	68.31	183	213
UniRef90_A0A031WCE1	72.38	183	194
UniRef90_B7J790	69.06	183	214
UniRef90_A0A0E3K482	70.88	183	194
UniRef90_Q8K990	73.63	183	197
UniRef90_A0A0K8JLR9	70.72	183	205
UniRef90_A4GJ65	67.96	183	204
UniRef90_A6SY74	70.72	183	210
UniRef90_T1BBJ2	67.21	183	217
UniRef90_A0A072T1G3	71.43	183	202
UniRef90_UPI0004E26EBA	68.85	183	196
UniRef90_A0A023NTF1	70.88	183	209
UniRef90_G9YEU1	71.51	183	202
UniRef90_I4VN72	71.43	183	209
UniRef90_Q7VRH1	70.88	183	209
UniRef90_UPI0004F26284	70.88	183	205
UniRef90_F3KBT0	73.22	183	210
UniRef90_I7J5N4	68.68	183	196
UniRef90_R4KJ78	68.33	183	197
UniRef90_UPI000366D771	70.33	183	211
UniRef90_UPI00036082EE	70.00	183	200
UniRef90_UPI0003600350	72.63	183	198
UniRef90_C5CJT4	70.33	183	202
UniRef90_E4LBZ0	69.83	183	197
UniRef90_B0TZA5	67.78	183	201
UniRef90_UPI000347A323	71.27	183	202
UniRef90_A2SFB5	71.82	183	202
UniRef90_S3XHS2	69.83	183	196
UniRef90_UPI000647B520	72.53	183	207
UniRef90_UPI0004E1564D	67.58	183	206
UniRef90_J1F9Y5	69.44	183	197
UniRef90_A0A091AQG5	69.78	183	207
UniRef90_Q1RJH2	67.76	183	227
UniRef90_B9M0Y1	69.78	183	199
UniRef90_Q60C68	71.98	183	206
UniRef90_A6Q1C1	70.79	183	196
UniRef90_F1W0G3	71.82	183	206
UniRef90_F4GPD7	71.27	183	218
UniRef90_I3D680	73.08	183	193
UniRef90_UPI0007034396	71.27	183	210
UniRef90_Q65RF6	74.18	183	193
UniRef90_X2JZF0	69.61	183	218
UniRef90_A0A094JKG4	70.33	183	193
UniRef90_E2ZBY9	70.39	183	202
UniRef90_V7I1R8	69.83	183	198
UniRef90_J4KS59	68.13	183	200
UniRef90_A0A071LAR8	71.35	183	196
UniRef90_E0ELC8	74.71	183	172
UniRef90_Q0TQK2	67.03	183	194
UniRef90_Q7M7M3	70.79	183	195
UniRef90_U5N993	69.61	183	206
UniRef90_B9E685	68.68	183	194
UniRef90_R8AP40	82.42	183	207
UniRef90_A1K783	76.80	183	212
UniRef90_Q57SB5	99.45	183	207
UniRef90_A1JNN2	90.71	183	207
UniRef90_D4GLB7	94.54	183	218
UniRef90_Q8DG26	79.23	183	200
UniRef90_H0PV93	74.59	183	212
UniRef90_Q3SI98	78.02	183	212
UniRef90_W1IT63	89.62	183	207
UniRef90_UPI0006842227	76.92	183	214
UniRef90_Q6D827	90.11	183	207
UniRef90_Q47FB6	76.92	183	209
UniRef90_UPI0005B885F9	74.18	183	207
UniRef90_UPI000361D8C9	78.69	183	211
UniRef90_A0A031MCK7	75.82	183	213
UniRef90_A4BHG6	79.12	183	209
UniRef90_A0A0F5AMD9	79.23	183	207
UniRef90_A0A0F4Q2F6	75.96	183	205
UniRef90_UPI000369F437	75.82	183	199
UniRef90_UPI00047CE011	76.92	183	208
UniRef90_A0A0K6IW01	75.69	183	208
UniRef90_Q0VQ90	79.67	183	205
UniRef90_F6DC45	75.82	183	201
UniRef90_D2TWC6	85.79	183	209
UniRef90_UPI00047E9B77	91.26	183	207
UniRef90_UPI0006F6EDD2	77.05	183	208
UniRef90_F9RZC1	75.82	183	204
UniRef90_C5BCJ6	86.26	183	206
UniRef90_A0A095VKR0	91.26	183	211
UniRef90_UPI00052F07B3	78.41	183	242
UniRef90_A4CD16	77.05	183	205
UniRef90_UPI0003F71D61	79.12	183	211
UniRef90_UPI00037CB85E	90.66	183	207
UniRef90_Q31GF1	76.92	183	200
UniRef90_UPI0002FE772E	78.14	183	207
UniRef90_UPI000490108D	87.98	183	207
UniRef90_A0A081NCG9	73.08	183	212
UniRef90_A0A061D0N7	77.60	183	213
UniRef90_A5W635	79.23	183	213
UniRef90_B2VHT3	87.98	183	207
UniRef90_A0A0F9VG02	74.18	183	213
UniRef90_H2FU91	77.05	183	207
UniRef90_Q5P161	75.14	183	212
UniRef90_E8T3H9	72.93	183	200
UniRef90_A0A0F9UHU0	75.27	183	212
UniRef90_Q3IF46	77.35	183	205
UniRef90_E1SQ28	79.67	183	207
UniRef90_A0A0F9VBQ8	74.73	183	213
UniRef90_Q4K9J6	76.37	183	211
UniRef90_W0TJ58	75.96	183	210
UniRef90_G4T2I6	77.47	183	215
UniRef90_UPI000255A8AE	74.73	183	211
UniRef90_A0A085HHF3	85.71	183	194
UniRef90_Q7N0L3	88.46	183	207
UniRef90_A0A0A0M5N9	79.12	183	208
UniRef90_UPI0003B43B9C	76.37	183	202
UniRef90_A7BV60	73.63	183	228
UniRef90_D9PIP8	76.37	183	208
UniRef90_A0A063Y6G2	77.60	183	211
UniRef90_C5BTJ0	76.37	183	214
UniRef90_UPI00047E3390	76.92	183	208
UniRef90_A0A0F9TSB6	73.63	183	205
UniRef90_B7RVD4	77.47	183	213
UniRef90_UPI0003794C01	79.23	183	210
UniRef90_A4XTZ5	78.14	183	213
UniRef90_F2G7T6	78.69	183	209
UniRef90_C4LDB3	79.12	183	207
UniRef90_UPI0004DF1E8E	76.50	183	211
UniRef90_B9T9P1	75.82	183	435
UniRef90_V5F0B2	77.05	183	207
UniRef90_UPI0006CE9E95	75.69	183	208
UniRef90_F6CP84	71.04	183	197
UniRef90_UPI00040DA6B3	77.60	183	212
UniRef90_K8WCF4	90.11	183	206
UniRef90_A0A081NBZ6	76.37	183	202
UniRef90_W0SHE3	74.59	183	229
UniRef90_B3PHK6	76.37	183	214
UniRef90_M7PFM0	73.63	183	211
UniRef90_B6BTR2	72.93	183	207
UniRef90_UPI0003A8C26B	74.18	183	206
UniRef90_B0A764	69.61	183	193
UniRef90_UPI0004AE0895	84.15	183	205
UniRef90_Y0KH67	75.27	183	217
UniRef90_UPI0005A06434	78.02	183	211
UniRef90_L8D8G5	78.57	183	205
UniRef90_UPI0003A438D8	75.96	183	210
UniRef90_UPI00037B3AEA	78.57	183	212
UniRef90_A0A0D8LA47	87.36	183	206
UniRef90_A0A0K0SVH2	76.37	183	215
UniRef90_E1VK94	76.37	183	189
UniRef90_UPI00041BA54F	75.69	183	206
UniRef90_UPI00040BE299	76.92	183	200
UniRef90_K2K0J7	81.32	183	203
UniRef90_A0A0D5M336	73.63	183	205
UniRef90_K0CE82	78.02	183	216
UniRef90_A0A0F3IIH9	74.18	183	216
UniRef90_A0A0B0H2J7	74.18	183	209
UniRef90_Q21KA9	78.57	183	212
UniRef90_I3Y6R6	71.43	183	214
UniRef90_UPI00039D836A	77.35	183	207
UniRef90_A0A021W516	76.92	183	208
UniRef90_K4KF32	75.82	183	208
UniRef90_C6XDT1	73.08	183	208
UniRef90_I3BRY4	75.41	183	204
UniRef90_H1G5W1	73.77	183	216
UniRef90_UPI0003672647	78.69	183	213
UniRef90_I1YLJ8	75.27	183	211
UniRef90_S6BJH3	71.98	183	211
UniRef90_E9CP93	90.71	183	207
UniRef90_A0A0B4XJD0	79.12	183	215
UniRef90_B2Q703	89.56	183	206
UniRef90_UPI000401B5FB	70.49	183	211
UniRef90_D9SGJ6	76.24	183	202
UniRef90_W2UEG4	78.02	183	213
UniRef90_K7A9R5	76.92	183	214
UniRef90_UPI0003B44B99	75.27	183	212
UniRef90_UPI0003F609D7	82.97	183	207
UniRef90_H8GML4	75.27	183	210
UniRef90_UPI0003A647F1	71.98	183	213
UniRef90_A4A8H9	75.41	183	213
UniRef90_H8WBV5	76.37	183	211
UniRef90_W7QFZ1	75.27	183	210
UniRef90_G8QJT7	74.03	183	213
UniRef90_A0A0A7S911	82.51	183	206
UniRef90_Q1H1G0	71.82	183	213
UniRef90_B2V7P4	71.82	183	201
UniRef90_UPI0003699857	76.92	183	200
UniRef90_B4EU53	87.98	183	207
UniRef90_I3CI75	74.86	183	213
UniRef90_UPI000255A484	79.23	183	214
UniRef90_A0A0A1YJZ8	74.32	183	213
UniRef90_V5BYQ6	74.32	183	215
UniRef90_Q8EG19	76.37	183	202
UniRef90_F5R745	74.03	183	206
UniRef90_UPI000262CAEE	75.82	183	201
UniRef90_UPI0006F746C8	77.47	183	208
UniRef90_A0A0K8QME4	71.43	183	211
UniRef90_Q3JAJ8	73.08	183	203
UniRef90_X2H0J3	77.05	183	200
UniRef90_Q48KZ0	75.96	183	213
UniRef90_Q3AF96	74.32	183	195
UniRef90_UPI00036FBFF4	75.96	183	203
UniRef90_UPI00047570A3	72.93	183	210
UniRef90_S6AHG1	74.18	183	209
UniRef90_UPI0005F861F5	72.68	183	213
UniRef90_A0Q2L1	71.04	183	195
UniRef90_UPI0003759731	73.08	183	206
UniRef90_A0A099LDI7	79.01	183	204
UniRef90_A6VW20	75.41	183	210
UniRef90_A1VRH8	71.82	183	216
UniRef90_UPI000475BA5E	77.05	183	207
UniRef90_A0A0F7JUJ5	73.63	183	212
UniRef90_U4TIJ0	76.92	183	201
UniRef90_F3L158	74.86	183	200
UniRef90_A0KYL9	75.82	183	202
UniRef90_C1D539	72.93	183	212
UniRef90_A9ELK2	74.03	183	203
UniRef90_Q13Z15	72.93	183	217
UniRef90_A0P6S6	71.98	183	209
UniRef90_W9V0E2	75.82	183	213
UniRef90_A0A060NQM2	73.48	183	203
UniRef90_D5XBH1	69.95	183	194
UniRef90_UPI000405A6FB	71.98	183	207
UniRef90_A0A0A2X3F7	76.92	183	208
UniRef90_A0A0K0XVI2	71.43	183	201
UniRef90_K0C374	75.41	183	206
UniRef90_B5JWY9	74.73	183	236
UniRef90_E0WSH2	83.52	183	261
UniRef90_UPI0003F560EF	74.32	183	210
UniRef90_Q6FEP8	77.47	183	201
UniRef90_C0N897	71.98	183	212
UniRef90_UPI0003068925	72.93	183	215
UniRef90_UPI00047E7CC1	78.57	183	208
UniRef90_A0A0A6PBL9	74.32	183	211
UniRef90_UPI0004B90655	69.78	183	196
UniRef90_S6HMQ8	79.12	183	211
UniRef90_A0A0D6EWR9	71.98	183	205
UniRef90_UPI00037E5217	72.53	183	206
UniRef90_UPI0004A70CF0	71.98	183	207
UniRef90_UPI0003F5EB94	70.33	183	213
UniRef90_A0A0K8J9F8	69.61	183	197
UniRef90_C7RPX5	74.03	183	209
UniRef90_A0A014MMY6	74.59	183	202
UniRef90_UPI0004AD0485	75.82	183	211
UniRef90_A3JKN5	75.27	183	211
UniRef90_U5T2H4	69.95	183	201
UniRef90_B8GNT8	76.92	183	216
UniRef90_UPI000467865D	76.92	183	208
UniRef90_C5WCZ1	88.52	183	194
UniRef90_E1VBW0	72.53	183	206
UniRef90_Q0A6A7	73.22	183	214
UniRef90_UPI000382BEE2	73.22	183	208
UniRef90_U1KKL5	75.27	183	205
UniRef90_A0A0M4TWS8	75.27	183	204
UniRef90_UPI0006CFBAF9	68.13	183	193
UniRef90_Q15R46	76.92	183	212
UniRef90_V4YNY5	72.93	183	208
UniRef90_A0A0G3CQ09	81.87	183	211
UniRef90_UPI00056CE0E8	74.03	183	213
UniRef90_K9D4E6	70.00	183	197
UniRef90_L2F887	76.37	183	213
UniRef90_A0A0C5V909	74.18	183	221
UniRef90_A0A0A3AIM3	75.41	183	195
UniRef90_UPI0003807B08	69.61	183	201
UniRef90_UPI0003795054	73.22	183	217
UniRef90_F5L3I3	70.17	183	196
UniRef90_UPI00040C2BB2	74.73	183	205
UniRef90_UPI00037552E7	68.85	183	197
UniRef90_A0A0J5P563	72.68	183	196
UniRef90_L8XXM5	73.08	183	202
UniRef90_A0LDT4	72.53	183	202
UniRef90_V4JNP2	71.98	183	215
UniRef90_B1Y6H3	72.38	183	202
UniRef90_G4AA44	70.88	183	188
UniRef90_UPI000412BBD0	75.27	183	206
UniRef90_UPI0005F84F8B	75.41	183	209
UniRef90_F3LCX5	76.37	183	208
UniRef90_G4E386	73.63	183	214
UniRef90_L0GTF8	71.58	183	214
UniRef90_I1XKC3	73.63	183	211
UniRef90_UPI000408219A	74.73	183	213
UniRef90_G2DEB4	74.86	183	213
UniRef90_C4K4P2	83.06	183	215
UniRef90_V9HLN0	73.22	183	206
UniRef90_UPI000377EBF1	72.93	183	202
UniRef90_A0A0K1P9N6	67.96	183	203
UniRef90_B2FQR2	75.27	183	208
UniRef90_W8L3M4	75.96	183	215
UniRef90_A0A031WCE1	72.38	183	194
UniRef90_UPI00068591E6	74.73	183	208
UniRef90_UPI0003F63F68	73.22	183	211
UniRef90_A4JF05	71.82	183	217
UniRef90_G3J0K4	74.18	183	215
UniRef90_A0A086D5T0	73.08	183	206
UniRef90_UPI00040F5C48	73.08	183	206
UniRef90_C9RBL2	66.67	183	200
UniRef90_UPI000362C3EE	74.73	183	211
UniRef90_C4GN27	74.86	183	206
UniRef90_UPI0003697503	73.08	183	215
UniRef90_R4KJ78	67.96	183	197
UniRef90_Q2SK36	72.13	183	204
UniRef90_UPI0003FB9641	73.08	183	215
UniRef90_G4CT44	71.58	183	212
UniRef90_K6YVP5	77.35	183	210
UniRef90_R4YSG4	74.32	183	207
UniRef90_A0A072T1G3	71.43	183	202
UniRef90_A0A0B7IUT7	72.93	183	217
UniRef90_B1I4R4	68.31	183	198
UniRef90_I9W5T4	71.27	183	217
UniRef90_D3SF21	70.88	183	224
UniRef90_UPI00048CF4B7	70.88	183	213
UniRef90_A0A094ISC1	76.37	183	205
UniRef90_I4WR58	73.63	183	209
UniRef90_A3N1T0	75.96	183	196
UniRef90_UPI0004A6B9BF	71.98	183	207
UniRef90_A6FI88	71.58	183	207
UniRef90_UPI00055D2D85	73.63	183	210
UniRef90_A0A0A3AJ98	74.18	183	194
UniRef90_UPI0004DFA99E	72.53	183	208
UniRef90_UPI00068788FD	71.43	183	212
UniRef90_A0A0G3EU00	70.33	183	216
UniRef90_UPI0003B4445B	70.88	183	207
UniRef90_A0A0G3BKK1	69.61	183	202
UniRef90_D0KXS0	73.08	183	210
UniRef90_A0A0A0DMX0	71.98	183	202
UniRef90_H5T7Z7	78.14	183	207
UniRef90_J3Z4U1	86.26	183	207
UniRef90_I0IMQ1	72.93	183	200
UniRef90_UPI0006FFE39D	71.27	183	202
UniRef90_UPI0004B9170D	84.70	183	207
UniRef90_C0QQZ7	72.38	183	202
UniRef90_Q47XL8	75.41	183	220
UniRef90_E5ARH6	71.82	183	238
UniRef90_X2HFY5	73.77	183	203
UniRef90_H8YZD3	69.95	183	232
UniRef90_U2EP04	75.27	183	217
UniRef90_F4GPD7	71.27	183	218
UniRef90_UPI0006DC9F1F	71.27	183	202
UniRef90_F7NVY9	75.96	183	207
UniRef90_A0A0L0TNT1	69.61	183	217
UniRef90_UPI0006D264D3	68.51	183	197
UniRef90_A0A0A1H2Q2	69.61	183	212
UniRef90_R7RV14	69.40	183	195
UniRef90_UPI0003662B61	73.08	183	217
UniRef90_A0A090ACJ6	71.98	183	212
UniRef90_A6GN68	70.72	183	215
UniRef90_A6DCP6	71.82	183	196
UniRef90_D5X1N3	69.78	183	202
UniRef90_A0A099RN47	68.31	183	194
UniRef90_A0A017RWG3	69.95	183	195
UniRef90_A0A084INW4	75.27	183	212
UniRef90_A4J7L9	69.40	183	195
UniRef90_W8FWK6	73.63	183	207
UniRef90_C6WWC8	72.53	183	214
UniRef90_B8KQX0	75.82	183	220
UniRef90_A0A0C1YH99	74.59	183	208
UniRef90_G9XFX2	68.85	183	200
UniRef90_UPI0006B64E26	73.08	183	214
UniRef90_A0A0F2PXD8	67.76	183	194
UniRef90_UPI000349E4F3	70.72	183	217
UniRef90_H8DV17	73.37	183	205
UniRef90_UPI00046A0FB8	74.18	183	213
UniRef90_Q7WK83	70.17	183	217
UniRef90_D4S6M5	67.96	183	197
UniRef90_D5V9K9	76.24	183	217
UniRef90_A0A0E3K482	70.49	183	194
UniRef90_UPI000647DB29	68.51	183	208
UniRef90_A2SFB5	71.82	183	202
UniRef90_Q8XYP7	67.96	183	217
UniRef90_U5N993	69.61	183	206
UniRef90_V6MC47	68.51	183	200
UniRef90_F7RV08	74.18	183	211
UniRef90_UPI0005540042	66.48	183	195
UniRef90_G0VPM9	69.06	183	201
UniRef90_A0A091BAM6	71.43	183	207
UniRef90_A0A0N1JT80	73.63	183	208
UniRef90_W0V6P9	73.48	183	205
UniRef90_A4BM09	70.88	183	214
UniRef90_R4V3U0	68.31	183	211
UniRef90_UPI00056FBF23	72.68	183	204
UniRef90_Q2Y6J0	74.59	183	213
UniRef90_A0A0K6GVS0	78.14	183	207
UniRef90_A0A066UJT8	75.69	183	218
UniRef90_UPI0003B6E4E6	71.43	183	215
UniRef90_A0A0G3G896	71.58	183	212
UniRef90_B1L1D7	69.95	183	194
UniRef90_F9N4P8	68.33	183	199
UniRef90_I4VN72	71.43	183	209
UniRef90_C0GEZ2	65.93	183	193
UniRef90_Q9PE41	75.27	183	208
UniRef90_D8P9Y3	69.06	183	211
UniRef90_I7J5N4	68.68	183	196
UniRef90_UPI0003FB334D	71.98	183	204
UniRef90_UPI00036C430D	67.78	183	199
UniRef90_D7DIM8	72.53	183	219
UniRef90_A0A0F7KAU4	73.63	183	203
UniRef90_D4DST5	72.13	183	211
UniRef90_UPI0003F7A8FC	69.06	183	200
UniRef90_F4A1Z9	67.76	183	194
UniRef90_UPI00061CFC78	71.58	183	210
UniRef90_U3U6Y8	86.34	183	207
UniRef90_UPI0006E2F8C1	67.96	183	195
UniRef90_A0A0A1SFP0	68.51	183	194
UniRef90_UPI000493E4E7	73.08	183	202
UniRef90_UPI000417D640	74.32	183	205
UniRef90_A0A0N0HGS5	66.30	183	193
UniRef90_A1WUM7	69.78	183	210
UniRef90_G2IUR3	73.48	183	207
UniRef90_A0A0K2G6Z7	69.06	183	210
UniRef90_A0A094JKG4	70.33	183	193
UniRef90_A0A0H3JAP4	69.95	183	194
UniRef90_UPI00048978AF	71.98	183	208
UniRef90_UPI0006F9A1F3	70.33	183	207
UniRef90_L9PAG6	73.48	183	208
UniRef90_W0R9P7	73.08	183	191
UniRef90_C9LUB1	64.64	183	206
UniRef90_H3K441	66.11	183	198
UniRef90_E4LBZ0	69.44	183	197
UniRef90_A0A086YKU3	67.76	183	197
UniRef90_UPI0004204123	74.18	183	205
UniRef90_Q21Y67	69.61	183	202
UniRef90_A6SY74	70.72	183	210
UniRef90_UPI0004156C28	70.17	183	201
UniRef90_I2JJV6	73.77	183	210
UniRef90_F6DL59	67.76	183	195
UniRef90_A4SM42	76.92	183	207
UniRef90_A0A0L6Z5H7	68.85	183	194
UniRef90_UPI0004E26EBA	68.85	183	196
UniRef90_E3PWA1	72.38	183	194
UniRef90_A7HFV9	64.64	183	204
UniRef90_Q0F0L7	71.43	183	207
UniRef90_M5DWG3	76.92	183	214
UniRef90_UPI0006D59AD8	72.93	183	194
UniRef90_G2DJ87	72.13	183	207
UniRef90_C3X7Q8	71.82	183	207
UniRef90_A0A0F5K0S3	69.06	183	225
UniRef90_UPI0004983F74	66.30	183	204
UniRef90_UPI00058E8B33	70.49	183	215
UniRef90_B9E685	68.31	183	194
UniRef90_A1TM62	72.38	183	202
UniRef90_F5LAJ6	66.30	183	196
UniRef90_I2NPG2	74.03	183	197
UniRef90_A0A0M5LHL6	69.23	183	198
UniRef90_P58276	69.06	183	193
UniRef90_B8F822	74.18	183	193
UniRef90_UPI000411DDAE	71.82	183	202
UniRef90_UPI0003600350	71.82	183	198
UniRef90_A1HP68	65.19	183	203
UniRef90_A0A0K8JLR9	70.72	183	205
UniRef90_UPI000474146F	71.82	183	208
UniRef90_I9LK21	67.96	183	201
UniRef90_UPI00036082EE	69.61	183	200
UniRef90_Q0TQK2	67.03	183	194
UniRef90_E7RW82	69.23	183	262
UniRef90_A0A0K8NUR0	69.06	183	202
UniRef90_A3DJ10	67.21	183	194
UniRef90_UPI00048E907A	74.18	183	213
UniRef90_UPI0004E1564D	67.58	183	206
UniRef90_C8W5D2	69.23	183	194
UniRef90_UPI0004665151	69.23	183	196
UniRef90_A0A0M3T1Q7	67.96	183	198
UniRef90_G0AH24	70.72	183	208
UniRef90_G2J9B9	70.88	183	222
UniRef90_UPI0004876C0E	76.50	183	205
UniRef90_A0A095WY97	73.08	183	215
UniRef90_F7XXZ8	82.97	183	194
UniRef90_A0A091AQG5	69.78	183	207
UniRef90_H3NTT1	73.63	183	205
UniRef90_UPI0003814FD5	72.13	183	206
UniRef90_UPI00068567D3	75.27	183	189
UniRef90_UPI000366D771	70.33	183	211
UniRef90_A0A074LK12	68.51	183	197
UniRef90_A0A0J1C365	71.74	183	209
UniRef90_A0A091AQ47	71.43	183	207
UniRef90_D3E8D2	70.17	183	198
UniRef90_Q891J7	68.85	183	194
UniRef90_A0A0K2WPC5	70.49	183	199
UniRef90_UPI0004060908	75.69	183	217
UniRef90_A0A023NTF1	70.88	183	209
UniRef90_A0A0L8EXT1	69.61	183	193
UniRef90_B1XUS9	67.40	183	209
UniRef90_UPI000652A4D5	71.27	183	202
UniRef90_UPI0003723521	71.04	183	207
UniRef90_E3D038	67.96	183	201
UniRef90_G7M2A1	68.31	183	199
UniRef90_A0A074LG14	67.96	183	196
UniRef90_F1W0G3	71.82	183	206
UniRef90_UPI0004E198DE	70.88	183	194
UniRef90_C8N869	75.41	183	206
UniRef90_A0A099CX77	72.13	183	208
UniRef90_A0A075KJN5	68.51	183	201
UniRef90_C5CJT4	70.33	183	202
UniRef90_A0A0M2VHX0	74.86	183	201
UniRef90_UPI00040D602E	69.61	183	197
UniRef90_Q6AK59	68.51	183	203
UniRef90_UPI0004E183C8	69.40	183	214
UniRef90_Q82Y57	74.03	183	214
UniRef90_J3DHI1	70.17	183	208
UniRef90_UPI000394405A	74.18	183	208
UniRef90_R5F097	71.43	183	216
UniRef90_A6Q1C1	70.00	183	196
UniRef90_A0A094JMJ2	68.33	183	194
UniRef90_UPI00051A7773	67.78	183	196
UniRef90_A0Z284	74.18	183	212
UniRef90_UPI0007034396	71.27	183	210
UniRef90_UPI00047E2E11	66.12	183	194
UniRef90_UPI00065E3F6F	68.13	183	199
UniRef90_UPI000472422E	69.06	183	217
UniRef90_R9PHR4	75.27	183	207
UniRef90_A0A088MXU5	83.98	183	194
UniRef90_K4ZR24	70.72	183	193
UniRef90_A0A0A5GI30	66.48	183	193
UniRef90_W6RXC3	71.27	183	192
UniRef90_E8RF93	69.61	183	200
UniRef90_M9LYL4	71.27	183	192
UniRef90_UPI00058D7869	65.19	183	203
UniRef90_A0A0E4H5W7	69.06	183	198
UniRef90_A0A0F2PFZ0	70.72	183	197
UniRef90_Q5QXN8	75.82	183	206
UniRef90_A0YBY5	73.22	183	206
UniRef90_W4BU69	68.51	183	198
UniRef90_Q0AWF0	66.30	183	200
UniRef90_X2JZF0	69.61	183	218
UniRef90_UPI0004E1DDBA	70.88	183	204
UniRef90_UPI0005CC822A	62.43	183	194
UniRef90_D9SWV3	65.03	183	194
UniRef90_UPI000647B520	72.53	183	207
UniRef90_B5EI27	68.89	183	199
UniRef90_UPI000491CB08	69.78	183	194
UniRef90_A0A0J8FLS2	68.13	183	193
UniRef90_A1SUW7	74.86	183	207
UniRef90_Q74C82	70.00	183	199
UniRef90_A8UR95	67.03	183	201
UniRef90_A0A069RHS8	71.82	183	194
UniRef90_D2RIK5	68.51	183	197
UniRef90_A0A096CR73	72.22	183	197
UniRef90_UPI00068E4F6A	66.12	183	212
UniRef90_L0EHP3	67.96	183	198
UniRef90_C6D890	67.22	183	195
UniRef90_UPI00047C36F2	67.96	183	194
UniRef90_T0K5T1	64.64	183	201
UniRef90_A0A084J7D3	67.03	183	194
UniRef90_Q2RL31	68.13	183	199
UniRef90_T1ASV0	70.88	183	211
UniRef90_UPI0002E46E4A	66.67	183	193
UniRef90_C7R6D9	75.96	183	205
UniRef90_UPI00037E936E	68.68	183	207
UniRef90_A5D447	66.12	183	194
UniRef90_D9RYS7	63.93	183	200
UniRef90_UPI00056217C9	70.49	183	207
UniRef90_UPI00053BE33B	67.40	183	196
UniRef90_UPI00039A91FF	66.67	183	194
UniRef90_Q9K709	67.22	183	194
UniRef90_W6NM79	68.31	183	194
UniRef90_A0A075RB04	65.38	183	195
UniRef90_UPI000347A323	71.27	183	202
UniRef90_R6J7H2	66.48	183	200
UniRef90_A0A0E9M3V4	71.43	183	208
UniRef90_L0DZJ8	70.88	183	213
UniRef90_F5LSC5	67.96	183	200
