UniRef90_P08165	100.00	457	492
UniRef90_L8HUC5	90.80	457	530
UniRef90_UPI0004401FD6	93.20	457	523
UniRef90_F6XEM6	91.89	457	492
UniRef90_UPI000572E3C1	98.58	457	468
UniRef90_E2RDC3	90.81	457	492
UniRef90_UPI00063F5CF8	90.37	457	492
UniRef90_UPI0005B866FB	89.37	457	497
UniRef90_UPI0005BA8844	85.65	457	517
UniRef90_UPI0003F17AA7	85.86	457	517
UniRef90_I3MDY2	89.50	457	492
UniRef90_D2HD27	89.22	457	474
UniRef90_UPI00046B5F8E	82.80	457	535
UniRef90_T0M499	90.09	457	483
UniRef90_K9IKS2	88.60	457	493
UniRef90_UPI0002C66DBE	82.73	457	534
UniRef90_UPI00042C37EE	88.84	457	488
UniRef90_S7QCW1	89.69	457	492
UniRef90_UPI0004446F2A	88.60	457	492
UniRef90_H0XGA9	87.09	457	494
UniRef90_P56522	88.40	457	494
UniRef90_Q61578	89.06	457	494
UniRef90_UPI0003333906	88.60	457	523
UniRef90_A0A091DEG4	87.28	457	493
UniRef90_P22570	88.62	457	491
UniRef90_UPI00048FA737	88.60	457	492
UniRef90_UPI00032B1445	86.65	457	494
UniRef90_UPI0003343E34	88.38	457	492
UniRef90_UPI000333E3E5	87.04	457	497
UniRef90_UPI0006B12B2D	89.06	457	454
UniRef90_UPI0002C30701	91.95	457	476
UniRef90_P22570-3	81.16	457	534
UniRef90_G3UC75	88.38	457	469
UniRef90_L5MFQ7	82.52	457	528
UniRef90_H0W190	86.40	457	498
UniRef90_UPI000333EF9C	85.31	457	490
UniRef90_UPI0003F0CCAD	86.21	457	490
UniRef90_UPI0003C8C995	85.84	457	643
UniRef90_UPI0003314AA1	84.67	457	499
UniRef90_UPI0005AC826B	89.98	457	580
UniRef90_UPI000650ED2C	86.62	457	494
UniRef90_UPI0003ACB411	84.03	457	451
UniRef90_UPI0003315B1C	79.67	457	528
UniRef90_UPI0005BD144F	82.46	457	454
UniRef90_F7HAJ9	85.81	457	493
UniRef90_F7C8Q2	83.37	457	463
UniRef90_UPI0003F172D1	78.38	457	479
UniRef90_UPI00042CBFBB	85.12	457	474
UniRef90_UPI00034F28EF	80.70	457	452
UniRef90_F7D8P3	78.82	457	502
UniRef90_UPI000332F868	80.96	457	451
UniRef90_P22570-6	80.96	457	451
UniRef90_UPI000273B265	76.92	457	571
UniRef90_U3EHG3	81.18	457	450
UniRef90_H2QDT5	74.15	457	498
UniRef90_UPI000661ED3A	77.35	457	464
UniRef90_UPI0003314BE3	78.34	457	452
UniRef90_UPI0003D0784B	71.83	457	489
UniRef90_F6RGD5	74.14	457	498
UniRef90_M7B1I9	71.65	457	487
UniRef90_K7FK23	72.05	457	500
UniRef90_G3X3H8	73.45	457	524
UniRef90_A0A093IQZ5	71.87	457	455
UniRef90_UPI0003ACB42D	82.65	457	475
UniRef90_UPI00051E2BA0	72.09	457	474
UniRef90_UPI000650F3EA	79.17	457	456
UniRef90_Q5XGT9	72.53	457	486
UniRef90_B2GUS8	72.25	457	487
UniRef90_H0ZEV3	72.09	457	454
UniRef90_G1KEM6	70.09	457	493
UniRef90_A0A099ZAZ4	70.28	457	456
UniRef90_K7EW30	88.89	457	419
UniRef90_U3JEX4	70.46	457	492
UniRef90_UPI0006B17F65	68.56	457	494
UniRef90_A0A091HZL7	70.94	457	437
UniRef90_G1NAE3	70.51	457	434
UniRef90_UPI00052347FB	70.25	457	476
UniRef90_UPI0003291D09	89.94	457	443
UniRef90_A0A091TYC2	70.14	457	442
UniRef90_P82861	67.62	457	498
UniRef90_A0A091MBY7	70.78	457	438
UniRef90_A0A087VMK6	69.91	457	442
UniRef90_W5N1B3	66.59	457	497
UniRef90_H2N1E4	66.30	457	480
UniRef90_UPI0003959F17	69.20	457	476
UniRef90_UPI00038711CA	68.22	457	493
UniRef90_A0A096LX99	66.30	457	490
UniRef90_H3ASY8	65.12	457	485
UniRef90_UPI000498676C	65.12	457	488
UniRef90_UPI000644B5E6	66.08	457	497
UniRef90_A0A093BLH8	66.88	457	439
UniRef90_I3KUA9	64.68	457	496
UniRef90_E6ZGI4	65.27	457	468
UniRef90_H2T6X8	65.20	457	484
UniRef90_UPI0006B36667	65.78	457	495
UniRef90_UPI00053CD821	71.67	457	524
UniRef90_A0A0F8ALL7	64.38	457	494
UniRef90_UPI000350998C	86.11	457	420
UniRef90_UPI000577E130	66.45	457	499
UniRef90_A0A091H7Q3	67.42	457	437
UniRef90_UPI000497FD01	64.75	457	498
UniRef90_C3YC80	64.02	457	545
UniRef90_A0A091N383	65.85	457	440
UniRef90_V9KIS8	62.53	457	494
UniRef90_UPI00051B20AA	65.27	457	455
UniRef90_UPI000529ACF2	64.62	457	431
UniRef90_H3DQ44	63.88	457	488
UniRef90_UPI00035057EB	64.18	457	485
UniRef90_A0A091K1Q3	63.60	457	451
UniRef90_UPI00051F1421	62.85	457	450
UniRef90_E7FB58	62.91	457	486
UniRef90_UPI0006441E0A	64.97	457	664
UniRef90_A0A091GWH8	65.15	457	453
UniRef90_A0A093HK26	66.37	457	439
UniRef90_W5UAE1	63.00	457	486
UniRef90_U3IB63	64.01	457	437
UniRef90_A7RUM6	58.86	457	458
UniRef90_UPI0003505C99	61.62	457	478
UniRef90_UPI0004421E8D	62.45	457	452
UniRef90_UPI00053CE937	73.52	457	394
UniRef90_UPI0004F02C31	61.85	457	403
UniRef90_UPI00054BF677	58.63	457	470
UniRef90_UPI0001CB9B46	56.32	457	488
UniRef90_G3NNK9	58.53	457	469
UniRef90_W4YQQ2	55.85	457	503
UniRef90_L7M113	54.89	457	478
UniRef90_UPI0005C3BBAA	55.16	457	483
UniRef90_B3RN54	53.96	457	473
UniRef90_V3ZX23	54.89	457	487
UniRef90_UPI000359C7FA	56.98	457	493
UniRef90_W5KTV2	60.00	457	443
UniRef90_B3KSQ6	88.81	457	381
UniRef90_A0A0B7AF05	53.51	457	506
UniRef90_A0A091PT14	72.58	457	310
UniRef90_UPI0004D05C7E	89.02	457	293
UniRef90_UPI00021A4CFF	51.74	457	481
UniRef90_UPI0005AC8BB1	52.11	457	461
UniRef90_A0A087UUG6	51.22	457	491
UniRef90_T2MGL1	49.02	457	550
UniRef90_E0VUT6	50.22	457	474
UniRef90_A0A067QIJ6	54.65	457	481
UniRef90_E9H3I4	51.11	457	471
UniRef90_UPI0006C9C5D2	49.23	457	461
UniRef90_UPI0003DF4FFE	48.67	457	467
UniRef90_A0A0L0HJB8	50.86	457	510
UniRef90_A0A0L7QLB4	49.12	457	460
UniRef90_UPI000625A9B5	49.78	457	476
UniRef90_UPI000626D989	48.90	457	460
UniRef90_L9KZW0	90.99	457	627
UniRef90_L9KZW0	86.76	457	627
UniRef90_UPI00021A6405	47.90	457	460
UniRef90_UPI0004CCB642	47.12	457	479
UniRef90_UPI0006236380	48.79	457	477
UniRef90_E2B776	48.13	457	464
UniRef90_UPI000258EB5E	49.45	457	461
UniRef90_A0A0N0BK36	49.01	457	460
UniRef90_UPI000698EC36	49.89	457	498
UniRef90_UPI00026584AE	50.99	457	471
UniRef90_UPI00059C73E7	48.13	457	460
UniRef90_A0A0B7N6Y5	48.93	457	471
UniRef90_I1BH07	49.25	457	471
UniRef90_UPI0002246D81	48.57	457	461
UniRef90_A0A0L8FPN1	53.12	457	399
UniRef90_A0A0C7B5Z8	48.72	457	470
UniRef90_UPI0004575F05	65.88	457	356
UniRef90_UPI0005B93424	49.02	457	476
UniRef90_T1HIS9	47.57	457	450
UniRef90_UPI0005CF1966	46.48	457	461
UniRef90_K1QKS3	52.66	457	490
UniRef90_UPI0006EAFD28	47.28	457	462
UniRef90_UPI0006CEC696	47.36	457	457
UniRef90_UPI0003C3844E	48.28	457	469
UniRef90_UPI000676A431	47.38	457	462
UniRef90_UPI000252AF9A	45.58	457	458
UniRef90_UPI0006D4E55F	46.09	457	468
UniRef90_UPI00067388FE	47.30	457	471
UniRef90_UPI0005D3FD39	45.71	457	460
UniRef90_T1KWM9	48.90	457	484
UniRef90_A0A023ET68	47.22	457	493
UniRef90_S2JYQ8	48.19	457	471
UniRef90_A0A068S2V5	47.97	457	470
UniRef90_A0A0L0BPB6	47.39	457	476
UniRef90_A0A0A1XCN3	47.64	457	475
UniRef90_UPI000440A104	65.99	457	333
UniRef90_A0A084WDB8	47.45	457	491
UniRef90_A0A026WD51	49.02	457	1071
UniRef90_B4J8H1	47.41	457	479
UniRef90_I1FRL9	51.64	457	1196
UniRef90_Q174X5	47.33	457	486
UniRef90_A0A0J8BTA4	48.94	457	485
UniRef90_UPI000640ADD5	45.65	457	478
UniRef90_UPI00063F43BE	46.09	457	462
UniRef90_A0A078C3T2	48.37	457	475
UniRef90_J9JWC2	47.35	457	451
UniRef90_W5JN26	47.45	457	492
UniRef90_UPI0005EDA8EF	47.17	457	470
UniRef90_A0A0D2N450	47.89	457	487
UniRef90_B4KRQ8	47.40	457	479
UniRef90_UPI00067ADA24	44.98	457	473
UniRef90_D7MA56	48.39	457	484
UniRef90_U5GCN9	47.64	457	496
UniRef90_Q9V3T9	47.52	457	466
UniRef90_UPI000512532E	46.40	457	491
UniRef90_UPI000703E208	91.47	457	408
UniRef90_UPI000703E208	92.93	457	408
UniRef90_UPI0005963AAB	45.71	457	495
UniRef90_G4Z1Y9	48.09	457	511
UniRef90_Q4U479	47.03	457	487
UniRef90_H3GA48	47.28	457	500
UniRef90_A0A0K2T0Q9	46.78	457	481
UniRef90_B4MFM6	47.31	457	481
UniRef90_C4QJB2	44.35	457	535
UniRef90_A9TS18	48.30	457	529
UniRef90_D7TBK2	47.55	457	486
UniRef90_UPI0004E5A6A9	46.57	457	488
UniRef90_A0A0N1PHC9	47.39	457	662
UniRef90_D0N252	45.99	457	520
UniRef90_B4MPD7	45.13	457	463
UniRef90_B9SPA6	47.11	457	492
UniRef90_M4BMB9	46.93	457	514
UniRef90_UPI0003DEBBDD	46.85	457	994
UniRef90_M5W1W1	48.71	457	483
UniRef90_D8QUQ1	46.64	457	462
UniRef90_G7L871	47.63	457	495
UniRef90_K3X4B6	45.22	457	508
UniRef90_Q6ERP0	47.42	457	499
UniRef90_W1NPL8	45.26	457	486
UniRef90_W2RI76	45.99	457	505
UniRef90_E2A158	47.97	457	1106
UniRef90_M0T6U7	44.98	457	518
UniRef90_UPI000498D073	47.22	457	483
UniRef90_I1K5W8	46.88	457	484
UniRef90_M4F3S0	47.84	457	932
UniRef90_W8ALN6	46.87	457	477
UniRef90_A0A0M5IXH9	44.77	457	484
UniRef90_A0A0K9QEH1	47.42	457	487
UniRef90_UPI0005FACF9B	47.11	457	484
UniRef90_G1TFD8	89.76	457	265
UniRef90_UPI0005209502	47.33	457	486
UniRef90_W4WCB5	43.94	457	473
UniRef90_J3LBR0	46.02	457	496
UniRef90_Q28YX8	45.89	457	468
UniRef90_B3MEU2	46.87	457	468
UniRef90_A0A061GNL5	46.71	457	486
UniRef90_A0A022PN82	48.30	457	483
UniRef90_T1IHX0	47.24	457	473
UniRef90_Q8W3L1	47.54	457	483
UniRef90_UPI0002C34C6C	47.30	457	483
UniRef90_UPI0005F3D0D5	43.95	457	477
UniRef90_V4UPS1	46.47	457	483
UniRef90_C5Y021	46.61	457	498
UniRef90_UPI00061514F1	46.36	457	419
UniRef90_E9IAA2	45.71	457	1056
UniRef90_E1Z9W2	49.35	457	493
UniRef90_UPI00053C6771	46.34	457	492
UniRef90_A0A0J7L5F3	48.94	457	909
UniRef90_UPI00052F2FA4	45.59	457	487
UniRef90_M1BK29	47.12	457	485
UniRef90_A0A0A0L6N6	46.37	457	486
UniRef90_UPI00058151F4	47.12	457	487
UniRef90_F0W6I6	44.21	457	495
UniRef90_A0A024UF02	45.94	457	490
UniRef90_A0A068UNU5	45.96	457	487
UniRef90_B6U880	45.77	457	496
UniRef90_A0A068Y1H7	45.88	457	529
UniRef90_T1IYD1	43.23	457	483
UniRef90_A0A087ZR03	44.84	457	505
UniRef90_W4H3M3	47.19	457	491
UniRef90_W6QK70	43.61	457	533
UniRef90_A0A0D2VNG7	47.88	457	546
UniRef90_T0R288	46.77	457	485
UniRef90_T1ELR2	41.76	457	447
UniRef90_Q6CEL0	44.73	457	464
UniRef90_UPI0005D08F83	42.01	457	487
UniRef90_A0A024GI13	43.53	457	473
UniRef90_A0A0L1HLW2	44.05	457	549
UniRef90_N6TZK2	44.79	457	428
UniRef90_D2A6H0	43.36	457	425
UniRef90_A0A059CWT2	46.10	457	479
UniRef90_I1HKW8	44.85	457	497
UniRef90_L0P8T4	40.25	457	511
UniRef90_R7YP90	42.62	457	519
UniRef90_A0A0L0T1B5	46.17	457	456
UniRef90_A0A0D1WZP6	44.44	457	511
UniRef90_UPI0004AAFB06	50.69	457	397
UniRef90_M0XGA8	44.95	457	499
UniRef90_S8AKN1	45.36	457	507
UniRef90_B2W449	43.36	457	492
UniRef90_B8NHG6	43.34	457	537
UniRef90_F4P9K1	44.20	457	451
UniRef90_A0A0D2JB18	43.72	457	524
UniRef90_M2SZA9	43.01	457	453
UniRef90_S4R8W6	62.86	457	278
UniRef90_A7T4D1	53.64	457	330
UniRef90_A0A068XSZ4	42.42	457	521
UniRef90_Q4X0R0	42.86	457	537
UniRef90_W9WI30	44.21	457	510
UniRef90_C5PBN8	41.90	457	544
UniRef90_G6CK10	45.45	457	647
UniRef90_A0A0D2E9Y1	43.83	457	542
UniRef90_A0A0L7LR66	42.05	457	443
UniRef90_A0A0F8VLH9	42.45	457	525
UniRef90_I0YMU8	45.10	457	512
UniRef90_A0A094HBW4	43.40	457	516
UniRef90_A0A0G2IDM7	42.54	457	550
UniRef90_M7TSM3	43.01	457	517
UniRef90_W9SLD5	45.04	457	449
UniRef90_C5JS62	42.35	457	542
UniRef90_W2RJP8	44.09	457	502
UniRef90_S3DGD4	42.71	457	471
UniRef90_A0A0D1Z9D2	43.80	457	514
UniRef90_F2UG30	43.10	457	481
UniRef90_UPI0006B091E0	65.25	457	260
UniRef90_R0JZB7	45.22	457	449
UniRef90_G1XK60	44.14	457	507
UniRef90_A1C6U6	41.77	457	527
UniRef90_A0A0D7PII7	41.83	457	457
UniRef90_U4L2W1	41.92	457	505
UniRef90_A0A084PH18	43.12	457	477
UniRef90_W9VPW6	42.83	457	513
UniRef90_L2FEM3	43.70	457	522
UniRef90_D2UZR7	42.02	457	499
UniRef90_W9YQS8	42.20	457	521
UniRef90_G4MV86	43.23	457	537
UniRef90_UPI000400F64C	42.76	457	457
UniRef90_A0A0M0UJR5	43.37	457	524
UniRef90_A0A0D1ZS11	42.80	457	527
UniRef90_UPI0006B0BA0B	65.25	457	330
UniRef90_D0LRS2	40.87	457	458
UniRef90_A0A010QFZ2	43.65	457	505
UniRef90_A0A0F4YKX5	42.21	457	543
UniRef90_F9XL70	42.68	457	526
UniRef90_A0A0D7PNN4	42.26	457	459
UniRef90_U6DE86	86.41	457	184
UniRef90_W3XCE4	43.07	457	468
UniRef90_A0A0F7TB01	43.49	457	534
UniRef90_A0A0D2GJ96	42.65	457	512
UniRef90_M7TKX9	42.74	457	522
UniRef90_A0A0J9XJ06	43.55	457	468
UniRef90_A0A0D1ZTT3	40.53	457	524
UniRef90_S3C4B1	42.44	457	550
UniRef90_U1HXZ0	42.69	457	538
UniRef90_H6C346	42.80	457	522
UniRef90_A0A0B7JXJ1	44.51	457	527
UniRef90_A0A0D2BCW9	42.98	457	518
UniRef90_UPI000553F6B4	41.76	457	462
UniRef90_G2Q2Y1	43.26	457	545
UniRef90_M7PEG2	39.75	457	489
UniRef90_R1FWX6	43.12	457	516
UniRef90_Q0CYJ3	43.66	457	536
UniRef90_K0KD60	39.79	457	506
UniRef90_A0A074X6N5	42.69	457	526
UniRef90_A0A074X7Y4	42.57	457	528
UniRef90_I0I1S4	41.38	457	465
UniRef90_A0A0G2ELE3	42.62	457	1060
UniRef90_A0A0M0LSH5	46.00	457	595
UniRef90_V5GDG1	43.14	457	542
UniRef90_E5A630	44.72	457	508
UniRef90_M3DC64	42.02	457	544
UniRef90_A0A0E0H9M7	43.35	457	461
UniRef90_A0A0D2JZ18	42.12	457	531
UniRef90_D8TM59	43.70	457	532
UniRef90_A0A0E0CJ56	41.03	457	477
UniRef90_W7TE92	44.58	457	524
UniRef90_A0A0C4DMN4	44.02	457	551
UniRef90_A0A0E9L561	42.92	457	512
UniRef90_UPI0003B513DC	43.68	457	457
UniRef90_A0A086SWB6	42.71	457	519
UniRef90_A0A0G4IWA3	41.36	457	491
UniRef90_UPI00039B6FA6	42.15	457	458
UniRef90_J8SFQ3	42.38	457	434
UniRef90_A0A060T5Y5	40.66	457	518
UniRef90_F5RD46	44.03	457	468
UniRef90_M2MJH4	43.78	457	458
UniRef90_L8HCE5	43.00	457	525
UniRef90_A0A0G3XG14	43.24	457	438
UniRef90_Q0UQT7	40.88	457	439
UniRef90_T0J917	41.98	457	456
UniRef90_A0A074YJ59	42.69	457	521
UniRef90_H2Y8I4	39.29	457	447
UniRef90_A6R2C7	41.28	457	489
UniRef90_Q9RX19	41.39	457	479
UniRef90_M3BBH6	40.60	457	493
UniRef90_K2RVJ6	44.10	457	455
UniRef90_G0RAF1	42.45	457	495
UniRef90_D3F3A1	41.59	457	467
UniRef90_A0A0F9J576	41.20	457	466
UniRef90_UPI0003B2EDEE	41.92	457	441
UniRef90_G0S649	42.04	457	482
UniRef90_E0XY26	40.17	457	466
UniRef90_E8UAF0	40.35	457	455
UniRef90_H1VHK5	42.30	457	528
UniRef90_A0A0D1CJT7	43.27	457	435
UniRef90_J3AG01	42.09	457	435
UniRef90_A0A0D2ASY1	42.13	457	562
UniRef90_D5G6N4	43.81	457	476
UniRef90_S8AQR3	42.04	457	530
UniRef90_C1GID1	41.06	457	550
UniRef90_A0A0B1ZLP5	41.94	457	434
UniRef90_A2QBX4	43.93	457	524
UniRef90_U7Q863	41.83	457	541
UniRef90_A0A084GGP1	42.98	457	459
UniRef90_A0A087SCI7	44.28	457	490
UniRef90_A0A0B4H627	42.09	457	476
UniRef90_A0A074WLY6	42.25	457	521
UniRef90_C1FHF1	45.23	457	564
UniRef90_UPI0005A6CC05	41.09	457	465
UniRef90_UPI00047F468D	41.52	457	454
UniRef90_A0A0E9NFQ7	42.24	457	515
UniRef90_G2R303	42.63	457	542
UniRef90_U3A0H6	40.53	457	438
UniRef90_W9YAB1	41.37	457	540
UniRef90_J3NND3	43.23	457	559
UniRef90_Q5AZK8	43.13	457	458
UniRef90_G9NS24	41.68	457	518
UniRef90_M2UDH3	40.43	457	432
UniRef90_E9EDE5	42.71	457	491
UniRef90_G9MGR1	40.20	457	495
UniRef90_A0A016QP78	42.32	457	466
UniRef90_K1WJE6	44.54	457	553
UniRef90_Q7SAN6	40.96	457	528
UniRef90_W3A5G4	49.15	457	356
UniRef90_UPI0006C92B45	42.60	457	438
UniRef90_A0A0F4Z9B7	42.20	457	465
UniRef90_A0A0B2WYD1	41.86	457	476
UniRef90_A0A0L9SH41	39.67	457	519
UniRef90_UPI0003731C9D	41.41	457	460
UniRef90_A0A0F7KR68	42.58	457	438
UniRef90_H8GZB8	42.07	457	453
UniRef90_R4XCI3	41.70	457	438
UniRef90_A0A077YY30	41.43	457	473
UniRef90_F6ZIP8	38.65	457	452
UniRef90_S0EBR0	41.87	457	477
UniRef90_B7Q1I7	42.89	457	377
UniRef90_A0A0A9X235	55.56	457	333
UniRef90_M1W135	41.51	457	494
UniRef90_A0A0G9MYD2	43.93	457	438
UniRef90_K8YPV4	44.58	457	1406
UniRef90_A0A0D0P7C0	41.58	457	454
UniRef90_Q2IEQ8	43.60	457	446
UniRef90_A0A024JV90	42.21	457	453
UniRef90_A0A0G4EYD7	41.02	457	514
UniRef90_E4UQJ0	42.20	457	528
UniRef90_UPI0004247152	42.61	457	438
UniRef90_UPI00053F8318	49.43	457	363
UniRef90_V9LD21	70.10	457	238
UniRef90_A0A0G4LW37	42.77	457	1314
UniRef90_C9SJ61	42.12	457	528
UniRef90_A8HR70	43.40	457	525
UniRef90_A0A0B9A5C6	41.54	457	436
UniRef90_UPI0004281594	41.45	457	465
UniRef90_A0A0N5DGZ4	41.76	457	484
UniRef90_E1IHM2	39.66	457	462
UniRef90_A0A0A7KH39	42.98	457	453
UniRef90_UPI000375781F	41.91	457	439
UniRef90_A0A072TW33	49.42	457	372
UniRef90_O59710	38.85	457	469
UniRef90_Q0RKC4	42.67	457	470
UniRef90_UPI0003B4559A	38.91	457	455
UniRef90_UPI00030CC2E0	42.67	457	475
UniRef90_UPI00036775B4	40.92	457	466
UniRef90_F6INK1	42.67	457	436
UniRef90_A0A0A1T203	41.48	457	509
UniRef90_A0A0G3XA27	42.32	457	438
UniRef90_C8X5Y9	43.83	457	455
UniRef90_UPI0005ED3955	49.71	457	361
UniRef90_Q1IZM0	41.10	457	464
UniRef90_F4PWN6	37.58	457	494
UniRef90_UPI00035F8FEE	42.11	457	458
UniRef90_A0A072NDP9	41.48	457	456
UniRef90_A0A0N1H3T5	40.84	457	485
UniRef90_I0RQ90	41.87	457	453
UniRef90_UPI0006F2F5CD	42.13	457	460
UniRef90_C4JV32	40.63	457	468
UniRef90_UPI0004278C7B	41.11	457	453
UniRef90_D7CVU4	38.94	457	460
UniRef90_UPI0006DD2CB3	42.17	457	454
UniRef90_UPI000425767B	41.94	457	467
UniRef90_A0A0H4VC31	40.75	457	438
UniRef90_F0RM89	42.08	457	454
UniRef90_UPI00057A66D2	47.50	457	396
UniRef90_M2X2Y8	42.27	457	536
UniRef90_G7GLT3	42.15	457	453
UniRef90_UPI00042041A1	40.75	457	454
UniRef90_A4QHK4	38.65	457	457
UniRef90_A9WAX6	41.81	457	462
UniRef90_Q2IUK0	41.87	457	445
UniRef90_C5FNF2	42.04	457	502
UniRef90_A0A0N0LWG1	41.67	457	446
UniRef90_A0A0F7JNI3	41.85	457	453
UniRef90_UPI0005253139	39.69	457	451
UniRef90_C0ZQ40	39.74	457	574
UniRef90_UPI00037F9D6D	39.78	457	536
UniRef90_UPI00054BCA88	42.76	457	434
UniRef90_UPI000289FF31	39.14	457	461
UniRef90_I0RRZ1	42.08	457	455
UniRef90_A0A0E3WBR5	41.65	457	453
UniRef90_S9QZF7	39.27	457	471
UniRef90_D5CT16	38.18	457	451
UniRef90_G3JCQ0	40.95	457	510
UniRef90_A0A0N4UB85	40.17	457	447
UniRef90_D3F5V5	40.90	457	464
UniRef90_P08165	100.00	457	492
UniRef90_UPI00063F5CF8	90.37	457	492
UniRef90_F6XEM6	91.68	457	492
UniRef90_L8HUC5	90.80	457	530
UniRef90_H0XGA9	87.09	457	494
UniRef90_UPI0005B866FB	89.18	457	497
UniRef90_E2RDC3	90.81	457	492
UniRef90_I3MDY2	89.50	457	492
UniRef90_P22570	88.62	457	491
UniRef90_UPI0004401FD6	93.00	457	523
UniRef90_UPI0005BA8844	85.48	457	517
UniRef90_UPI0003333906	88.60	457	523
UniRef90_S7QCW1	89.50	457	492
UniRef90_UPI0003F17AA7	85.68	457	517
UniRef90_D2HD27	89.01	457	474
UniRef90_P56522	88.40	457	494
UniRef90_UPI00048FA737	88.40	457	492
UniRef90_T0M499	89.89	457	483
UniRef90_K9IKS2	88.40	457	493
UniRef90_UPI00032B1445	86.65	457	494
UniRef90_A0A091DEG4	87.09	457	493
UniRef90_UPI00046B5F8E	82.80	457	535
UniRef90_UPI0004446F2A	88.40	457	492
UniRef90_P22570-3	81.16	457	534
UniRef90_UPI0002C66DBE	82.57	457	534
UniRef90_H0W190	86.21	457	498
UniRef90_Q61578	89.06	457	494
UniRef90_UPI000333E3E5	87.04	457	497
UniRef90_K7FK23	71.90	457	500
UniRef90_M7B1I9	71.49	457	487
UniRef90_A0A093IQZ5	71.87	457	455
UniRef90_UPI0003343E34	88.18	457	492
UniRef90_UPI0003D0784B	71.83	457	489
UniRef90_UPI0003314AA1	84.67	457	499
UniRef90_UPI00051E2BA0	71.93	457	474
UniRef90_F7D8P3	78.99	457	502
UniRef90_H0ZEV3	71.87	457	454
UniRef90_UPI0003315B1C	79.67	457	528
UniRef90_UPI0003F0CCAD	86.21	457	490
UniRef90_U3JEX4	70.46	457	492
UniRef90_UPI000644B5E6	66.23	457	497
UniRef90_UPI000498676C	65.12	457	488
UniRef90_UPI0006B17F65	68.56	457	494
UniRef90_Q5XGT9	72.53	457	486
UniRef90_B2GUS8	72.25	457	487
UniRef90_UPI000333EF9C	85.12	457	490
UniRef90_I3KUA9	64.54	457	496
UniRef90_UPI000650ED2C	86.62	457	494
UniRef90_E6ZGI4	65.12	457	468
UniRef90_G1KEM6	70.09	457	493
UniRef90_A0A096LX99	66.45	457	490
UniRef90_UPI0006B36667	65.78	457	495
UniRef90_H2T6X8	65.20	457	484
UniRef90_G3UC75	88.18	457	469
UniRef90_UPI000273B265	76.92	457	571
UniRef90_C3YC80	63.88	457	545
UniRef90_UPI000572E3C1	99.28	457	468
UniRef90_P82861	67.47	457	498
UniRef90_UPI00042C37EE	88.84	457	488
UniRef90_UPI0003C8C995	85.84	457	643
UniRef90_A0A099ZAZ4	70.50	457	456
UniRef90_W5N1B3	66.45	457	497
UniRef90_H3ASY8	65.12	457	485
UniRef90_A0A0F8ALL7	64.38	457	494
UniRef90_H2N1E4	66.00	457	480
UniRef90_UPI00052347FB	70.25	457	476
UniRef90_A0A091HZL7	70.94	457	437
UniRef90_UPI000497FD01	64.18	457	498
UniRef90_A0A091MBY7	70.78	457	438
UniRef90_F6RGD5	73.92	457	498
UniRef90_G1NAE3	70.51	457	434
UniRef90_F7HAJ9	85.62	457	493
UniRef90_UPI000577E130	66.30	457	499
UniRef90_H3DQ44	63.46	457	488
UniRef90_UPI0002C30701	91.74	457	476
UniRef90_E7FB58	62.61	457	486
UniRef90_A0A087VMK6	69.91	457	442
UniRef90_A0A091TYC2	70.59	457	442
UniRef90_V9KIS8	61.98	457	494
UniRef90_UPI0006441E0A	64.60	457	664
UniRef90_UPI00038711CA	68.22	457	493
UniRef90_A0A093BLH8	66.88	457	439
UniRef90_UPI0005AC826B	90.19	457	580
UniRef90_UPI0003ACB411	84.03	457	451
UniRef90_UPI00053CD821	71.50	457	524
UniRef90_A7RUM6	58.86	457	458
UniRef90_UPI0003959F17	69.28	457	476
UniRef90_UPI00034F28EF	80.70	457	452
UniRef90_P22570-6	80.96	457	451
UniRef90_G3X3H8	75.63	457	524
UniRef90_W5UAE1	61.76	457	486
UniRef90_UPI000332F868	80.96	457	451
UniRef90_UPI0001CB9B46	55.95	457	488
UniRef90_W4YQQ2	55.36	457	503
UniRef90_U3EHG3	81.18	457	450
UniRef90_V3ZX23	54.65	457	487
UniRef90_UPI00042CBFBB	85.12	457	474
UniRef90_B3RN54	53.96	457	473
UniRef90_L7M113	54.53	457	478
UniRef90_UPI0003314BE3	78.34	457	452
UniRef90_A0A091N383	65.63	457	440
UniRef90_UPI000529ACF2	64.47	457	431
UniRef90_UPI0005C3BBAA	55.04	457	483
UniRef90_A0A091K1Q3	62.63	457	451
UniRef90_UPI00051F1421	62.85	457	450
UniRef90_UPI000661ED3A	77.19	457	464
UniRef90_A0A091H7Q3	67.87	457	437
UniRef90_UPI0005AC8BB1	51.99	457	461
UniRef90_G3NNK9	58.28	457	469
UniRef90_UPI000359C7FA	56.64	457	493
UniRef90_UPI00051B20AA	65.57	457	455
UniRef90_A0A091GWH8	64.72	457	453
UniRef90_UPI00054BF677	58.19	457	470
UniRef90_UPI0003DF4FFE	48.57	457	467
UniRef90_UPI0003505C99	61.62	457	478
UniRef90_UPI000258EB5E	49.23	457	461
UniRef90_UPI0004421E8D	62.45	457	452
UniRef90_A0A087UUG6	51.22	457	491
UniRef90_UPI00059C73E7	48.03	457	460
UniRef90_A0A0N0BK36	48.79	457	460
UniRef90_UPI0006C9C5D2	49.34	457	461
UniRef90_UPI0006236380	48.47	457	477
UniRef90_UPI0005FACF9B	46.28	457	484
UniRef90_M5W1W1	48.29	457	483
UniRef90_D7TBK2	46.71	457	486
UniRef90_I1K5W8	46.57	457	484
UniRef90_E2B776	47.59	457	464
UniRef90_UPI0003ACB42D	82.21	457	475
UniRef90_A0A0C7B5Z8	48.09	457	470
UniRef90_UPI000625A9B5	49.89	457	476
UniRef90_UPI00021A6405	47.90	457	460
UniRef90_A0A093HK26	66.59	457	439
UniRef90_UPI00052F2FA4	44.80	457	487
UniRef90_UPI00021A4CFF	51.63	457	481
UniRef90_UPI0005B93424	48.68	457	476
UniRef90_A0A026WD51	48.68	457	1071
UniRef90_UPI0005D3FD39	45.61	457	460
UniRef90_UPI0004E5A6A9	46.37	457	488
UniRef90_A0A0A0L6N6	45.86	457	486
UniRef90_UPI000626D989	48.57	457	460
UniRef90_A0A0L7QLB4	49.12	457	460
UniRef90_A0A0B7AF05	53.88	457	506
UniRef90_G7L871	46.68	457	495
UniRef90_Q6ERP0	46.47	457	499
UniRef90_A0A078C3T2	47.17	457	475
UniRef90_A0A061GNL5	46.17	457	486
UniRef90_U3IB63	63.72	457	437
UniRef90_A0A0L0HJB8	49.79	457	510
UniRef90_B9SPA6	46.50	457	492
UniRef90_A0A0D2N450	47.03	457	487
UniRef90_E9H3I4	50.99	457	471
UniRef90_J3LBR0	45.61	457	496
UniRef90_A0A023ET68	46.70	457	493
UniRef90_A0A0K9QEH1	47.32	457	487
UniRef90_UPI000512532E	45.67	457	491
UniRef90_UPI00053C6771	45.94	457	492
UniRef90_U5GCN9	47.13	457	496
UniRef90_UPI0006EAFD28	47.28	457	462
UniRef90_W1NPL8	44.37	457	486
UniRef90_A0A0B7N6Y5	48.51	457	471
UniRef90_UPI0002246D81	48.57	457	461
UniRef90_V4UPS1	46.07	457	483
UniRef90_A0A0A1XCN3	46.65	457	475
UniRef90_UPI0003291D09	77.19	457	443
UniRef90_E0VUT6	50.11	457	474
UniRef90_UPI0004CCB642	46.92	457	479
UniRef90_A0A0J8BTA4	47.76	457	485
UniRef90_UPI000676A431	47.06	457	462
UniRef90_Q174X5	46.50	457	486
UniRef90_K3X4B6	44.07	457	508
UniRef90_UPI000698EC36	49.56	457	498
UniRef90_I1BH07	49.04	457	471
UniRef90_UPI0005CF1966	46.59	457	461
UniRef90_M1BK29	45.65	457	485
UniRef90_D7MA56	47.02	457	484
UniRef90_M4F3S0	46.45	457	932
UniRef90_UPI000252AF9A	45.47	457	458
UniRef90_B4J8H1	47.40	457	479
UniRef90_UPI0002C34C6C	46.88	457	483
UniRef90_H3GA48	47.18	457	500
UniRef90_T1HIS9	46.70	457	450
UniRef90_UPI000640ADD5	45.32	457	478
UniRef90_S2JYQ8	47.67	457	471
UniRef90_C5Y021	44.28	457	498
UniRef90_A0A0L0BPB6	47.17	457	476
UniRef90_A0A022PN82	47.12	457	483
UniRef90_UPI0005963AAB	45.18	457	495
UniRef90_A0A068S2V5	47.67	457	470
UniRef90_UPI00058151F4	45.76	457	487
UniRef90_M0T6U7	43.20	457	518
UniRef90_B6U880	44.19	457	496
UniRef90_UPI00063F43BE	45.75	457	462
UniRef90_UPI0005F3D0D5	43.86	457	477
UniRef90_UPI00067388FE	46.97	457	471
UniRef90_A9TS18	47.97	457	529
UniRef90_I1HKW8	43.52	457	497
UniRef90_UPI0006CEC696	47.38	457	457
UniRef90_UPI0003C3844E	47.73	457	469
UniRef90_B8NHG6	43.57	457	537
UniRef90_D0LRS2	40.17	457	458
UniRef90_G4Z1Y9	46.84	457	511
UniRef90_UPI00067ADA24	44.47	457	473
UniRef90_B4KRQ8	46.96	457	479
UniRef90_Q8W3L1	45.11	457	483
UniRef90_W8ALN6	46.10	457	477
UniRef90_A0A084WDB8	46.82	457	491
UniRef90_Q9V3T9	46.32	457	466
UniRef90_D8QUQ1	46.44	457	462
UniRef90_UPI00053CE937	73.11	457	394
UniRef90_B4MPD7	45.97	457	463
UniRef90_D0N252	45.68	457	520
UniRef90_UPI0005209502	46.70	457	486
UniRef90_E2A158	47.87	457	1106
UniRef90_A0A068UNU5	45.24	457	487
UniRef90_UPI0004F02C31	61.99	457	403
UniRef90_UPI000498D073	46.79	457	483
UniRef90_A0A0F8VLH9	42.45	457	525
UniRef90_M0XGA8	44.14	457	499
UniRef90_W6QK70	42.86	457	533
UniRef90_W2RI76	45.89	457	505
UniRef90_E9IAA2	45.18	457	1056
UniRef90_UPI0005EDA8EF	46.62	457	470
UniRef90_Q4X0R0	43.17	457	537
UniRef90_UPI0006D4E55F	45.20	457	468
UniRef90_B4MFM6	47.29	457	481
UniRef90_J9JWC2	46.58	457	451
UniRef90_U5EBK3	39.61	457	555
UniRef90_W5JN26	46.81	457	492
UniRef90_Q4U479	46.82	457	487
UniRef90_R7YP90	42.24	457	519
UniRef90_T2MGL1	48.71	457	550
UniRef90_UPI00047F468D	40.09	457	454
UniRef90_A0A0M5IXH9	44.56	457	484
UniRef90_A0A067QIJ6	54.07	457	481
UniRef90_B8ML26	41.67	457	537
UniRef90_W5KTV2	60.00	457	443
UniRef90_UPI0006CFFA20	39.30	457	556
UniRef90_M7TSM3	42.80	457	517
UniRef90_UPI0004836981	39.22	457	556
UniRef90_I0RQ90	40.43	457	453
UniRef90_M4BMB9	46.62	457	514
UniRef90_B6QH00	41.35	457	531
UniRef90_W3XCE4	43.10	457	468
UniRef90_Q28YX8	45.45	457	468
UniRef90_A0A0D0P7C0	39.39	457	454
UniRef90_A0A059CWT2	45.26	457	479
UniRef90_A1C6U6	41.65	457	527
UniRef90_I0I1S4	39.57	457	465
UniRef90_M2X2Y8	41.38	457	536
UniRef90_W4WCB5	43.26	457	473
UniRef90_T1KWM9	48.46	457	484
UniRef90_UPI0004670291	38.51	457	555
UniRef90_UPI00030DF409	39.30	457	556
UniRef90_Q9RX19	40.75	457	479
UniRef90_A0A0M0UJR5	42.71	457	524
UniRef90_A0A0F4YKX5	41.68	457	543
UniRef90_W5TGX5	37.45	457	555
UniRef90_A0A086SWB6	41.99	457	519
UniRef90_B3MEU2	46.32	457	468
UniRef90_H0EA50	38.76	457	473
UniRef90_A0A0D1WZP6	44.28	457	511
UniRef90_A0A0G2IDM7	41.11	457	550
UniRef90_Q7SAN6	40.32	457	528
UniRef90_A0A0H5P2M9	38.21	457	556
UniRef90_UPI000594B053	38.73	457	555
UniRef90_UPI0005EE10AC	40.17	457	455
UniRef90_N1MAB4	36.94	457	570
UniRef90_H6C346	42.08	457	522
UniRef90_UPI0002E76426	37.99	457	556
UniRef90_A0A0D8HT09	39.57	457	560
UniRef90_A0A0D7PNN4	41.92	457	459
UniRef90_UPI000594135D	38.53	457	555
UniRef90_UPI000553F6B4	41.76	457	462
UniRef90_K5BH23	38.79	457	454
UniRef90_UPI0002EE2CF5	39.17	457	555
UniRef90_A0A017SL83	42.45	457	532
UniRef90_UPI000481D4AF	38.15	457	571
UniRef90_C5JS62	41.11	457	542
UniRef90_A0A0J7L5F3	47.49	457	909
UniRef90_K0F888	37.99	457	556
UniRef90_H6R2D3	39.00	457	519
UniRef90_A0A0F9J576	41.11	457	466
UniRef90_G0S649	42.04	457	482
UniRef90_I0RRZ1	40.60	457	455
UniRef90_E8UAF0	39.78	457	455
UniRef90_W9YQS8	41.82	457	521
UniRef90_A0A0N1PHC9	47.29	457	662
UniRef90_UPI000366013F	39.08	457	556
UniRef90_A0A0D1Z9D2	42.47	457	514
UniRef90_UPI0005BACF4A	39.17	457	554
UniRef90_A0A0D2JB18	42.92	457	524
UniRef90_D7CVU4	38.18	457	460
UniRef90_A0A0B7JXJ1	43.61	457	527
UniRef90_UPI0003DEBBDD	46.85	457	994
UniRef90_A0A024JV90	41.59	457	453
UniRef90_W9VPW6	41.93	457	513
UniRef90_W9WI30	43.10	457	510
UniRef90_A0A0M2ZHN7	38.68	457	458
UniRef90_E0XY26	39.91	457	466
UniRef90_K7EW30	88.89	457	419
UniRef90_UPI00029A3866	39.10	457	571
UniRef90_UPI0005D08F83	42.07	457	487
UniRef90_L2FEM3	43.24	457	522
UniRef90_UPI0006DD2CB3	41.00	457	454
UniRef90_S8AKN1	44.75	457	507
UniRef90_UPI0004278C7B	40.13	457	453
UniRef90_E1Z9W2	48.28	457	493
UniRef90_E4W878	40.87	457	578
UniRef90_UPI00026584AE	50.66	457	471
UniRef90_A0A0D1ZTT3	39.88	457	524
UniRef90_A0A0E3WBR5	41.38	457	453
UniRef90_UPI0003FF1B80	40.56	457	453
UniRef90_S3DGD4	42.71	457	471
UniRef90_A0A094HBW4	42.80	457	516
UniRef90_A0A010QFZ2	42.94	457	505
UniRef90_W2RJP8	43.40	457	502
UniRef90_UPI00024A2A5B	37.88	457	454
UniRef90_UPI0003B4559A	38.26	457	455
UniRef90_E4W9T8	40.26	457	546
UniRef90_P9WIQ2	39.87	457	456
UniRef90_UPI000409F3E0	37.77	457	556
UniRef90_UPI00042041A1	39.78	457	454
UniRef90_C5PBN8	41.22	457	544
UniRef90_UPI0004A727A3	37.34	457	556
UniRef90_D5PDR4	40.78	457	454
UniRef90_UPI000688BBD9	36.94	457	479
UniRef90_B2HGJ1	42.12	457	456
UniRef90_E1IHM2	37.80	457	462
UniRef90_A0A0D2E9Y1	42.89	457	542
UniRef90_G8RHR3	37.82	457	458
UniRef90_H1VHK5	41.72	457	528
UniRef90_L8FGL4	40.77	457	455
UniRef90_A0A0B8NNM8	38.29	457	555
UniRef90_A0A084PH18	42.80	457	477
UniRef90_A0A0A7KH39	42.27	457	453
UniRef90_A0A024UF02	45.59	457	490
UniRef90_F6EH17	37.77	457	567
UniRef90_M7TKX9	42.27	457	522
UniRef90_W9BLW0	38.21	457	446
UniRef90_G4MV86	42.60	457	537
UniRef90_UPI000361EE02	37.86	457	544
UniRef90_M1UVY7	36.09	457	455
UniRef90_A0A0B6TYN7	36.98	457	455
UniRef90_UPI00048F2410	38.18	457	454
UniRef90_A0A0J6VIT4	38.68	457	461
UniRef90_A0A0J8UFR4	40.99	457	468
UniRef90_C1AUT1	39.70	457	559
UniRef90_A9B736	38.54	457	470
UniRef90_Q0CYJ3	43.78	457	536
UniRef90_UPI0003B513DC	42.48	457	457
UniRef90_A0A0D2GJ96	42.26	457	512
UniRef90_A5UP95	37.28	457	467
UniRef90_W4H3M3	46.06	457	491
UniRef90_Q8FMB5	34.93	457	479
UniRef90_Q1IZM0	40.66	457	464
UniRef90_A0A0F4ESK0	39.31	457	456
UniRef90_F0W6I6	42.18	457	495
UniRef90_UPI0003731C9D	41.41	457	460
UniRef90_A0A0D7PII7	40.78	457	457
UniRef90_UPI000289FF31	38.15	457	461
UniRef90_UPI0003044AC1	38.29	457	558
UniRef90_G1XK60	43.07	457	507
UniRef90_D3F5V5	40.13	457	464
UniRef90_X7YNI3	41.16	457	457
UniRef90_L0IVJ2	38.10	457	454
UniRef90_I0YMU8	44.13	457	512
UniRef90_UPI000374CF7C	38.58	457	455
UniRef90_V5GDG1	41.95	457	542
UniRef90_G0RAF1	41.51	457	495
UniRef90_A0A0A1FMF1	38.92	457	456
UniRef90_UPI000400F64C	41.48	457	457
UniRef90_H8GZB8	41.98	457	453
UniRef90_D3F3A1	40.43	457	467
UniRef90_G2Q2Y1	42.48	457	545
UniRef90_A0A0G3GTS5	35.79	457	452
UniRef90_B2W449	42.24	457	492
UniRef90_UPI000485D292	39.17	457	456
UniRef90_UPI00048E70CB	40.48	457	456
UniRef90_E9EDE5	42.32	457	491
UniRef90_A0A016QP78	41.85	457	466
UniRef90_F0RM89	40.56	457	454
UniRef90_UPI00037B8E18	38.36	457	534
UniRef90_U3GWE3	36.03	457	450
UniRef90_O32886	39.78	457	456
UniRef90_A0A0B5DEI3	36.32	457	455
UniRef90_A0A0G3H8R6	36.03	457	455
UniRef90_A0A0D8I2Q8	38.82	457	565
UniRef90_X5KPJ3	38.18	457	452
UniRef90_C9SJ61	41.01	457	528
UniRef90_A0A0B4H627	41.86	457	476
UniRef90_UPI00037F9D6D	39.74	457	536
UniRef90_E6TLG0	37.42	457	458
UniRef90_A0A0E9L561	42.13	457	512
UniRef90_UPI000350998C	86.11	457	420
UniRef90_I4BGE9	39.53	457	461
UniRef90_C0ZQ40	38.71	457	574
UniRef90_A0A0D1L022	38.63	457	458
UniRef90_G7HY74	36.15	457	462
UniRef90_UPI0006FEDE7F	39.32	457	454
UniRef90_UPI000305220E	38.83	457	562
UniRef90_G9MGR1	39.80	457	495
UniRef90_UPI00035F8FEE	40.75	457	458
UniRef90_S3C4B1	41.15	457	550
UniRef90_A0A0L1HLW2	43.57	457	549
UniRef90_UPI0004634063	37.42	457	458
UniRef90_UPI0002379F67	39.31	457	565
UniRef90_T0R288	45.67	457	485
UniRef90_A0A0D2BCW9	42.44	457	518
UniRef90_A0A0D2JZ18	40.85	457	531
UniRef90_G2R303	41.98	457	542
UniRef90_UPI0004F3D6A3	39.74	457	564
UniRef90_A1UDD1	38.63	457	458
UniRef90_U1HXZ0	42.05	457	538
UniRef90_UPI0004281594	40.56	457	465
UniRef90_UPI00065E3070	39.06	457	458
UniRef90_UPI00055C5396	39.96	457	452
UniRef90_S0EBR0	41.56	457	477
UniRef90_V9XD49	38.71	457	558
UniRef90_U4L2W1	41.22	457	505
UniRef90_L7LDQ2	35.57	457	460
UniRef90_A0A0F7TB01	42.77	457	534
UniRef90_A0A072NDP9	40.53	457	456
UniRef90_A0A0J6VF95	38.30	457	459
UniRef90_A0A098BV40	39.78	457	559
UniRef90_A0A0E8YF05	39.22	457	453
UniRef90_UPI0006E3BCF2	40.17	457	452
UniRef90_A1T6D0	40.65	457	459
UniRef90_UPI0005F88716	35.06	457	459
UniRef90_A0A0M8K9N8	38.88	457	467
UniRef90_UPI00049406AB	38.09	457	457
UniRef90_D3F7E6	40.43	457	478
UniRef90_UPI00052457D1	38.26	457	559
UniRef90_W9SLD5	43.96	457	449
UniRef90_W4LKW5	38.54	457	506
UniRef90_R1FWX6	42.08	457	516
UniRef90_C6RC58	35.36	457	477
UniRef90_UPI0004033FC9	35.81	457	447
UniRef90_V5XAG3	38.48	457	449
UniRef90_A9WAX6	40.00	457	462
UniRef90_UPI0005EE9AA5	39.18	457	451
UniRef90_V8D383	33.33	457	462
UniRef90_UPI00040CB17D	38.58	457	456
UniRef90_UPI0004660BCB	37.45	457	564
UniRef90_A0A0D1ZS11	41.93	457	527
UniRef90_UPI00036775B4	40.56	457	466
UniRef90_H0R286	35.57	457	463
UniRef90_G9NS24	41.02	457	518
UniRef90_A0A095YQS7	35.21	457	465
UniRef90_T1IYD1	42.92	457	483
UniRef90_V9XEK8	38.99	457	558
UniRef90_A0A0G3H2L1	34.85	457	460
UniRef90_C1CVF6	40.40	457	456
UniRef90_A0A0D6H1C1	34.20	457	452
UniRef90_A0A0H5PGH1	34.99	457	467
UniRef90_H6MVQ8	34.27	457	463
UniRef90_UPI00042A275E	34.63	457	454
UniRef90_UPI0003B703E1	37.98	457	471
UniRef90_M2XCN0	39.35	457	588
UniRef90_D9VHI3	36.03	457	447
UniRef90_M7A316	34.49	457	463
UniRef90_G7CLF9	40.65	457	455
UniRef90_A0A0D0LEW1	35.71	457	468
UniRef90_S8AQR3	41.46	457	530
UniRef90_A0A0C4DMN4	43.51	457	551
UniRef90_UPI00056A9073	39.05	457	470
UniRef90_M2SZA9	42.42	457	453
UniRef90_UPI0005253139	39.69	457	451
UniRef90_C8X5Y9	42.48	457	455
UniRef90_Q0RKC4	41.74	457	470
UniRef90_A0A0J9XJ06	43.13	457	468
UniRef90_D1AC65	38.53	457	452
UniRef90_G7H2Y1	34.71	457	463
UniRef90_M1W135	40.70	457	494
UniRef90_UPI00039B6FA6	42.12	457	458
UniRef90_UPI00030CC2E0	41.74	457	475
UniRef90_UPI0002629040	40.39	457	453
UniRef90_G7GVY9	34.92	457	460
UniRef90_UPI0005A87873	38.21	457	557
UniRef90_A0A0B2WYD1	41.24	457	476
UniRef90_H6R661	34.13	457	463
UniRef90_A0A0L9SH41	39.51	457	519
UniRef90_C1AZD8	38.48	457	561
UniRef90_UPI0003090635	34.27	457	462
UniRef90_A0A0F7JNI3	41.05	457	453
UniRef90_A0A076MMS3	36.89	457	438
UniRef90_A0A095YHC6	36.30	457	462
UniRef90_UPI0004035388	38.56	457	451
UniRef90_UPI0004894684	38.53	457	557
UniRef90_M3VBL6	34.20	457	460
UniRef90_W9YAB1	40.87	457	540
UniRef90_W3ZXW6	34.56	457	461
UniRef90_A0A0F6QY84	35.06	457	453
UniRef90_D5P7H9	39.69	457	463
UniRef90_UPI0006D07954	35.42	457	463
UniRef90_F1YLR0	34.06	457	463
UniRef90_F5Z069	36.97	457	458
UniRef90_L7K8T6	37.63	457	559
UniRef90_A0A0F6TEG5	35.01	457	455
UniRef90_UPI0005544674	35.73	457	455
UniRef90_UPI00046761D7	38.01	457	564
