UniRef90_P29183	100.00	449	461
UniRef90_UPI0003C8CE44	85.27	449	465
UniRef90_UPI0002BCFA93	84.82	449	466
UniRef90_G1M5V0	84.82	449	465
UniRef90_UPI0003F0E235	83.93	449	465
UniRef90_P00591	83.56	449	450
UniRef90_UPI00064306DF	83.26	449	456
UniRef90_S9X3R3	83.74	449	454
UniRef90_UPI000643AB8D	85.04	449	517
UniRef90_UPI00046B4BC9	83.04	449	466
UniRef90_P16233	83.26	449	465
UniRef90_W5Q5I2	82.63	449	466
UniRef90_F7FR78	82.37	449	465
UniRef90_O88354	82.14	449	465
UniRef90_UPI0003F0F42E	80.80	449	465
UniRef90_G1SUL9	81.74	449	465
UniRef90_G1PAQ0	81.03	449	465
UniRef90_UPI000695CF96	80.18	449	470
UniRef90_UPI00045E07CD	81.51	449	466
UniRef90_UPI000651499D	80.80	449	466
UniRef90_UPI0004ED5E8C	80.36	449	465
UniRef90_G3TD62	81.47	449	465
UniRef90_A0A091DA07	80.40	449	465
UniRef90_UPI0001580879	80.58	449	465
UniRef90_UPI00062AAC54	79.33	449	467
UniRef90_UPI00064F7E59	79.25	449	470
UniRef90_L5K2G6	79.02	449	467
UniRef90_UPI0005F5209C	84.27	449	468
UniRef90_UPI00064D48ED	77.26	449	470
UniRef90_UPI00065061D0	79.02	449	465
UniRef90_Q64425	78.17	449	457
UniRef90_UPI0003336BBC	79.51	449	465
UniRef90_UPI0000F62057	79.96	449	466
UniRef90_UPI0003332A8B	78.12	449	465
UniRef90_P27657	77.90	449	465
UniRef90_UPI00067E4931	79.02	449	465
UniRef90_Q02157	79.06	449	465
UniRef90_UPI0004546FF7	77.90	449	467
UniRef90_UPI00064BCB59	76.87	449	470
UniRef90_L9L7D8	85.28	449	1530
UniRef90_L9L7D8	71.36	449	1530
UniRef90_L9L7D8	67.45	449	1530
UniRef90_F7AWC1	76.79	449	465
UniRef90_H0X5G5	78.17	449	461
UniRef90_UPI00032B0622	77.90	449	465
UniRef90_UPI00038EF13D	77.23	449	465
UniRef90_S7N728	81.82	449	1433
UniRef90_S7N728	70.51	449	1433
UniRef90_S7N728	49.07	449	1433
UniRef90_P50903	77.23	449	465
UniRef90_G3IN33	78.04	449	463
UniRef90_UPI00063FC956	77.51	449	459
UniRef90_UPI000333A331	75.67	449	465
UniRef90_G3VL97	73.94	449	467
UniRef90_UPI0004D04004	73.50	449	466
UniRef90_UPI0001CE1CCD	72.16	449	465
UniRef90_UPI00046B3B2B	70.89	449	467
UniRef90_F7C412	70.82	449	466
UniRef90_G1PAR4	70.51	449	467
UniRef90_B8XY18	70.29	449	467
UniRef90_UPI0002C45E0A	74.13	449	443
UniRef90_UPI00062ABFDB	70.22	449	467
UniRef90_H0X222	69.78	449	467
UniRef90_UPI0004439CDB	69.56	449	468
UniRef90_I3MCF8	69.11	449	467
UniRef90_G1M5Y7	69.62	449	467
UniRef90_UPI0002BD01AE	68.96	449	467
UniRef90_G3WZY4	67.41	449	469
UniRef90_P06857	69.11	449	467
UniRef90_F7FQK7	68.36	449	470
UniRef90_UPI0004548EB4	68.96	449	502
UniRef90_UPI0003F0C6C8	68.22	449	467
UniRef90_H0X229	68.29	449	470
UniRef90_I3MCH2	68.51	449	470
UniRef90_UPI0003346B1F	70.00	449	467
UniRef90_UPI000332F0DC	68.74	449	473
UniRef90_UPI000454539E	68.29	449	469
UniRef90_UPI0003F151DA	68.74	449	467
UniRef90_F6R3F9	66.89	449	470
UniRef90_P54316	68.89	449	473
UniRef90_UPI00038EE3E1	68.44	449	473
UniRef90_UPI0003347657	67.41	449	469
UniRef90_UPI000359896F	69.44	449	484
UniRef90_F7EV24	66.96	449	469
UniRef90_UPI00038EE3C3	67.26	449	469
UniRef90_UPI000333D787	67.78	449	467
UniRef90_P54318	68.29	449	468
UniRef90_F6XMP6	67.18	449	473
UniRef90_UPI000333A2F4	67.85	449	473
UniRef90_UPI0003318047	68.22	449	471
UniRef90_P54315	68.07	449	467
UniRef90_UPI000642F037	67.18	449	471
UniRef90_UPI0004ED70FF	68.22	449	473
UniRef90_UPI00063FA16B	68.67	449	467
UniRef90_UPI000650A997	67.63	449	473
UniRef90_UPI0003F0D5AA	67.85	449	469
UniRef90_UPI00038BF04D	67.33	449	473
UniRef90_UPI0004445533	66.22	449	471
UniRef90_UPI0002C45DB4	66.37	449	469
UniRef90_G1SUN0	66.30	449	473
UniRef90_UPI00035A05BD	66.96	449	468
UniRef90_UPI00045DD702	68.51	449	469
UniRef90_UPI0004ED05B9	66.08	449	468
UniRef90_Q64424	65.27	449	470
UniRef90_M3XWF6	66.08	449	483
UniRef90_UPI00038C2FC4	68.75	449	498
UniRef90_UPI0003F11CBA	66.52	449	469
UniRef90_G1SUP0	64.97	449	477
UniRef90_UPI0003334683	65.63	449	469
UniRef90_UPI0003C80E5D	64.97	449	469
UniRef90_UPI00045E3562	63.43	449	564
UniRef90_UPI0003C8F778	66.74	449	469
UniRef90_G1Q859	65.49	449	480
UniRef90_UPI0006B0B0D7	67.41	449	468
UniRef90_UPI0003338B08	64.52	449	469
UniRef90_G5ARH0	65.63	449	469
UniRef90_UPI00032ADF89	65.85	449	469
UniRef90_UPI0005B8DBA8	64.97	449	468
UniRef90_F7G373	66.81	449	467
UniRef90_UPI00051E4419	67.18	449	468
UniRef90_UPI00038413D3	64.97	449	467
UniRef90_UPI00046BA20E	65.49	449	469
UniRef90_M7BP40	65.85	449	468
UniRef90_G3IL04	69.09	449	758
UniRef90_G3IL04	68.84	449	758
UniRef90_G3TD72	66.30	449	469
UniRef90_M3VWT0	65.63	449	469
UniRef90_UPI000523E9BF	66.52	449	468
UniRef90_UPI00023AD912	64.77	449	471
UniRef90_UPI000528BF6B	66.30	449	468
UniRef90_F6R3G8	65.48	449	467
UniRef90_UPI0003315CAD	64.97	449	469
UniRef90_UPI00038C6031	64.75	449	471
UniRef90_UPI0002BCE8DD	63.68	449	475
UniRef90_UPI0004EFB5CB	65.19	449	468
UniRef90_UPI000522D638	64.52	449	468
UniRef90_UPI00051F04AB	65.85	449	468
UniRef90_UPI00052F1CB6	64.38	449	468
UniRef90_UPI00042CA815	65.34	449	467
UniRef90_UPI0003871003	65.85	449	468
UniRef90_UPI000529F919	66.30	449	468
UniRef90_F1S4T6	62.25	449	471
UniRef90_UPI0003C2AB89	64.30	449	468
UniRef90_UPI0005405350	65.11	449	467
UniRef90_H9GFY1	63.30	449	471
UniRef90_UPI0003955074	65.63	449	468
UniRef90_UPI000528918F	64.97	449	468
UniRef90_UPI000523989A	64.08	449	467
UniRef90_UPI000661E7A6	64.75	449	466
UniRef90_UPI00052988D4	64.38	449	468
UniRef90_UPI0005F39CC2	69.71	449	420
UniRef90_G1Q463	63.64	449	484
UniRef90_K7F9P9	64.90	449	484
UniRef90_UPI00045E4217	65.42	449	471
UniRef90_U3JHR0	64.52	449	469
UniRef90_UPI0004C038EE	64.16	449	468
UniRef90_UPI0004D092C9	65.92	449	431
UniRef90_UPI0004422922	63.64	449	487
UniRef90_G1PRN3	62.53	449	452
UniRef90_A0A091DD10	62.31	449	475
UniRef90_UPI0005224BB7	64.82	449	482
UniRef90_UPI0006BA2A6E	64.08	449	467
UniRef90_A5PK46	60.98	449	469
UniRef90_UPI0003F18664	64.30	449	468
UniRef90_P54317	63.50	449	469
UniRef90_D2H720	64.55	449	444
UniRef90_UPI0003940E4F	64.38	449	468
UniRef90_A1L2N3	64.52	449	467
UniRef90_H3A467	63.05	449	479
UniRef90_UPI0005212D5B	63.19	449	467
UniRef90_UPI00067142E9	63.94	449	469
UniRef90_UPI0006B163EB	62.97	449	468
UniRef90_UPI0004F0599F	63.50	449	468
UniRef90_G1NFD3	63.50	449	467
UniRef90_UPI000521962F	63.86	449	468
UniRef90_U3IMH5	62.91	449	469
UniRef90_F7AF63	63.41	449	467
UniRef90_L7N125	62.31	449	469
UniRef90_UPI00063F0FD0	63.09	449	499
UniRef90_UPI000399266F	62.17	449	468
UniRef90_UPI0004F13416	63.36	449	469
UniRef90_UPI0005151670	63.11	449	463
UniRef90_G1Q3I0	62.31	449	469
UniRef90_F1PHZ2	63.64	449	469
UniRef90_L7N2P8	63.19	449	467
UniRef90_UPI0004F20C1D	62.69	449	468
UniRef90_F6U6B8	59.29	449	469
UniRef90_UPI000625385D	62.42	449	459
UniRef90_P81139	61.20	449	434
UniRef90_UPI0003289E6A	67.06	449	489
UniRef90_G1Q7B4	61.67	449	471
UniRef90_UPI000388EF23	60.62	449	456
UniRef90_UPI00051C6D5C	61.42	449	447
UniRef90_W5MTJ1	59.96	449	471
UniRef90_UPI0004E01FF5	60.98	449	443
UniRef90_Q8QGW1	57.96	449	470
UniRef90_UPI00062B485F	70.13	449	392
UniRef90_UPI0005232103	61.20	449	466
UniRef90_W5N013	59.09	449	481
UniRef90_UPI00042AD61F	61.64	449	443
UniRef90_G7N173	60.67	449	463
UniRef90_UPI000657579C	61.90	449	464
UniRef90_G7PE15	56.82	449	498
UniRef90_W5K377	59.56	449	465
UniRef90_V8P9Z4	62.50	449	834
UniRef90_V8P9Z4	37.67	449	834
UniRef90_UPI000577D7FB	56.76	449	473
UniRef90_G3R2A5	59.23	449	468
UniRef90_V9KUK3	59.82	449	471
UniRef90_UPI000333A00F	60.31	449	433
UniRef90_UPI0003EDF09C	84.98	449	310
UniRef90_E3TFR7	56.19	449	471
UniRef90_UPI00022B6FCD	59.65	449	458
UniRef90_UPI0005291B00	65.60	449	391
UniRef90_UPI0006612FA0	56.12	449	494
UniRef90_F1MP55	52.55	449	469
UniRef90_Q642T5	55.21	449	472
UniRef90_G3QFJ5	69.44	449	354
UniRef90_UPI00064462E4	54.42	449	498
UniRef90_Q642R3	53.54	449	472
UniRef90_UPI0004ED1579	78.26	449	323
UniRef90_G3IKG6	54.77	449	386
UniRef90_F6R032	53.23	449	468
UniRef90_Q5EB42	54.00	449	471
UniRef90_UPI0006515613	52.73	449	492
UniRef90_S4RXP5	51.20	449	486
UniRef90_UPI0004F10723	66.47	449	355
UniRef90_F7BPI1	63.89	449	368
UniRef90_UPI0005117B0B	62.01	449	358
UniRef90_B1H305	61.60	449	360
UniRef90_H0ZL93	51.11	449	468
UniRef90_UPI0005FC2B8C	51.15	449	525
UniRef90_Q0IIS1	54.15	449	468
UniRef90_UPI0003C19F3C	51.40	449	440
UniRef90_A0A059TA26	64.65	449	314
UniRef90_UPI000497C194	47.81	449	465
UniRef90_Q66KX1	61.52	449	347
UniRef90_UPI0004EFCC3C	51.18	449	493
UniRef90_U3U5J0	48.89	449	468
UniRef90_UPI000549D591	49.34	449	493
UniRef90_UPI0006D715C8	68.55	449	295
UniRef90_D3TJH2	48.01	449	465
UniRef90_UPI0003C83D70	48.79	449	467
UniRef90_UPI0006B7F069	50.47	449	546
UniRef90_UPI0006B0892D	47.58	449	492
UniRef90_UPI0004C23810	50.59	449	548
UniRef90_UPI000523D5A7	50.94	449	539
UniRef90_UPI0005234A30	47.35	449	467
UniRef90_UPI000497F0D9	46.24	449	473
UniRef90_UPI000528BC82	46.70	449	465
UniRef90_UPI000682F798	52.08	449	501
UniRef90_L7N2H3	59.09	449	347
UniRef90_UPI000399042D	47.79	449	494
UniRef90_UPI0003871DB6	46.58	449	506
UniRef90_Q17RR3	48.79	449	467
UniRef90_UPI0004F06CA6	72.87	449	387
UniRef90_UPI0004F06CA6	56.64	449	387
UniRef90_F6RE01	47.68	449	467
UniRef90_UPI0006B32BDF	46.34	449	473
UniRef90_UPI00053F8155	66.21	449	287
UniRef90_A0A023I9E2	46.56	449	469
UniRef90_UPI000549D0AE	47.02	449	469
UniRef90_UPI00063CC0A8	47.80	449	534
UniRef90_UPI000528D33A	47.80	449	465
UniRef90_UPI0003BB7164	60.95	449	353
UniRef90_G1M5Q3	47.14	449	453
UniRef90_G3TD56	48.90	449	468
UniRef90_F7GFC8	47.80	449	467
UniRef90_G1PAN8	47.02	449	466
UniRef90_UPI0003F0B15D	47.25	449	470
UniRef90_UPI00034FFC0C	57.70	449	348
UniRef90_UPI0005238356	46.62	449	486
UniRef90_UPI000240BBB8	47.12	449	606
UniRef90_UPI00052068B0	52.71	449	427
UniRef90_UPI0003C02CF3	47.68	449	597
UniRef90_W5Q4J6	48.12	449	477
UniRef90_Q7SZ70	59.21	449	347
UniRef90_Q0EDA5	47.37	449	452
UniRef90_UPI00052154A3	46.36	449	646
UniRef90_H9GFQ0	47.69	449	476
UniRef90_L5K0U1	47.14	449	468
UniRef90_UPI000522B8EE	46.72	449	464
UniRef90_UPI00052334D6	46.90	449	497
UniRef90_UPI0003345CDA	47.58	449	467
UniRef90_UPI000443E51E	49.02	449	466
UniRef90_UPI0004D0ABD5	46.26	449	467
UniRef90_UPI0003C26139	47.64	449	444
UniRef90_M3XWK8	46.36	449	467
UniRef90_UPI000529AEF2	47.14	449	511
UniRef90_UPI00052A009A	53.62	449	471
UniRef90_U3ILD2	46.71	449	471
UniRef90_Q6PAD5	46.48	449	471
UniRef90_UPI00034FF065	47.03	449	465
UniRef90_UPI000392E100	52.93	449	468
UniRef90_UPI00052168EF	45.92	449	468
UniRef90_F6YVQ3	47.26	449	468
UniRef90_UPI000521354C	53.21	449	520
UniRef90_UPI00045DEA79	47.46	449	455
UniRef90_UPI000510BA83	53.30	449	565
UniRef90_UPI0003870FA7	52.79	449	496
UniRef90_UPI0006B0A74D	52.14	449	412
UniRef90_UPI00063C49D0	47.68	449	472
UniRef90_UPI0004420184	43.79	449	486
UniRef90_S7PWK3	63.64	449	358
UniRef90_H0X5G0	46.37	449	468
UniRef90_UPI0004F0FDF4	53.21	449	407
UniRef90_UPI000520F79A	52.14	449	438
UniRef90_UPI0004F119CE	47.26	449	500
UniRef90_G1PIA0	72.06	449	246
UniRef90_UPI0002B43FE8	56.68	449	422
UniRef90_UPI00063BF9C1	51.13	449	343
UniRef90_R0LDG7	56.05	449	341
UniRef90_UPI000549BDF2	64.52	449	308
UniRef90_UPI0004401220	46.36	449	562
UniRef90_UPI00064E7777	46.80	449	455
UniRef90_UPI0001D56200	45.63	449	480
UniRef90_UPI0006B1A5B6	42.36	449	550
UniRef90_G1Q9N7	52.45	449	368
UniRef90_UPI0007041369	44.81	449	588
UniRef90_UPI0002C68775	52.69	449	469
UniRef90_UPI000529DCFB	54.57	449	352
UniRef90_A8CEP5	43.51	449	487
UniRef90_UPI00063C9783	48.81	449	384
UniRef90_Q2VPN4	56.70	449	330
UniRef90_UPI000328C412	50.13	449	429
UniRef90_UPI00064D137B	49.46	449	383
UniRef90_UPI000572D4EA	45.13	449	428
UniRef90_UPI0003D075AE	52.48	449	355
UniRef90_A0A091QTY4	65.87	449	256
UniRef90_H1A1Q1	65.87	449	257
UniRef90_A0A0F8AL93	46.38	449	424
UniRef90_UPI000703FD29	49.45	449	300
UniRef90_U6DZ69	65.32	449	248
UniRef90_A0A091FP43	63.14	449	256
UniRef90_A0A091W514	62.75	449	256
UniRef90_UPI0004BD7346	50.81	449	408
UniRef90_A0A091Q9T4	64.71	449	256
UniRef90_A0A099YV08	63.35	449	254
UniRef90_A0A093FYG4	63.14	449	256
UniRef90_UPI0005D011A9	43.93	449	423
UniRef90_A0A091S5P3	62.35	449	257
UniRef90_A0A091EFF5	65.08	449	257
UniRef90_A0A091M8H4	63.14	449	256
UniRef90_A0A091UM10	63.14	449	256
UniRef90_A0A091DEM8	78.61	449	261
UniRef90_UPI0005225B77	46.12	449	569
UniRef90_A0A091H8Z7	63.75	449	255
UniRef90_A0A094KQ85	62.35	449	256
UniRef90_A0A091VB59	61.96	449	256
UniRef90_A0A091KZK7	64.29	449	256
UniRef90_A0A091HSE9	61.51	449	269
UniRef90_A0A091NB10	63.49	449	257
UniRef90_A0A093D6E6	61.57	449	255
UniRef90_UPI0005282588	45.57	449	400
UniRef90_A0A093JGZ8	61.90	449	256
UniRef90_UPI000549DAEA	42.83	449	424
UniRef90_UPI0005336713	42.38	449	433
UniRef90_A0A091UMW4	61.18	449	256
UniRef90_A0A093FQ95	62.35	449	256
UniRef90_U6CVP5	51.76	449	366
UniRef90_A0A091QPE8	62.30	449	256
UniRef90_UPI0003EDB6B2	58.48	449	251
UniRef90_UPI000350A386	45.48	449	394
UniRef90_UPI0005281853	57.14	449	334
UniRef90_UPI0005D0296F	46.87	449	368
UniRef90_UPI0006B6C7A3	54.76	449	343
UniRef90_UPI0006713838	56.66	449	334
UniRef90_UPI0003315BBF	45.32	449	450
UniRef90_UPI00051B5AF8	55.63	449	363
UniRef90_F1S4U0	52.38	449	328
UniRef90_UPI0004D055A5	56.38	449	291
UniRef90_V4A6S5	39.65	449	480
UniRef90_UPI0005C3BFB5	40.57	449	504
UniRef90_UPI000528690E	54.21	449	493
UniRef90_K1PJE5	45.53	449	377
UniRef90_UPI0005287F1A	62.71	449	236
UniRef90_UPI0003C8F1E1	40.40	449	544
UniRef90_UPI000528DE21	53.06	449	371
UniRef90_UPI00042C7877	50.44	449	396
UniRef90_C3YCG4	39.81	449	422
UniRef90_UPI0005D00897	53.90	449	332
UniRef90_UPI0006C9C8AD	40.18	449	564
UniRef90_T1H7M9	42.86	449	527
UniRef90_UPI00046C3447	52.03	449	359
UniRef90_UPI0006970264	36.93	449	522
UniRef90_UPI0002C36126	45.09	449	408
UniRef90_K7J6W4	40.18	449	563
UniRef90_UPI0003C45A4C	51.02	449	349
UniRef90_UPI000462B607	49.67	449	333
UniRef90_F7AMZ2	38.74	449	471
UniRef90_A0A0C9RBL4	42.53	449	564
UniRef90_A0A0A9WBI9	40.68	449	531
UniRef90_A0A0L7R0F6	39.22	449	557
UniRef90_E2C2J9	40.05	449	470
UniRef90_UPI00046B5179	42.35	449	459
UniRef90_H9ISS4	39.54	449	553
UniRef90_UPI00065C13DD	37.90	449	497
UniRef90_UPI0003C26B6F	57.98	449	285
UniRef90_UPI0004F45387	60.00	449	286
UniRef90_D6X1K3	43.34	449	662
UniRef90_E1ZYD7	39.67	449	601
UniRef90_UPI000625277C	38.80	449	563
UniRef90_A0A0L8H727	40.88	449	491
UniRef90_UPI000626E2D5	38.94	449	568
UniRef90_UPI0004AB090C	41.40	449	596
UniRef90_UPI0003BB9E4D	68.47	449	276
UniRef90_H2Z682	42.82	449	389
UniRef90_UPI0006D51191	38.89	449	575
UniRef90_UPI0003DF5F71	41.27	449	561
UniRef90_UPI000661D6DB	37.53	449	631
UniRef90_UPI000661D6DB	52.16	449	631
UniRef90_UPI0006D51BF3	37.99	449	528
UniRef90_UPI00044227B7	41.77	449	450
UniRef90_K7FB34	54.05	449	254
UniRef90_J9JX72	39.95	449	533
UniRef90_V3ZQ85	39.79	449	485
UniRef90_F7F6N1	46.13	449	324
UniRef90_C3YCG2	38.66	449	488
UniRef90_UPI0006CEBFA0	40.44	449	535
UniRef90_A0A093GWS6	64.18	449	201
UniRef90_K7FB41	54.44	449	244
UniRef90_UPI0005D16BAA	44.90	449	316
UniRef90_UPI0005209701	58.40	449	347
UniRef90_UPI00042C1D2A	56.79	449	360
UniRef90_C3YCG3	37.23	449	455
UniRef90_Q7QJV2	38.69	449	554
UniRef90_UPI0006B08206	43.49	449	365
UniRef90_UPI0006977F54	39.65	449	485
UniRef90_E0VGW7	36.83	449	531
UniRef90_A0A087T358	38.12	449	499
UniRef90_UPI000679BA07	40.65	449	489
UniRef90_J9JU32	35.99	449	533
UniRef90_UPI0005D018D5	58.16	449	383
UniRef90_A0A067QJZ2	35.49	449	555
UniRef90_E9H0C7	34.83	449	558
UniRef90_UPI000674AE2E	34.81	449	500
UniRef90_UPI0006D74310	68.00	449	178
UniRef90_A0A0A9XYG4	34.75	449	535
UniRef90_F4WDB3	36.04	449	552
UniRef90_UPI00021269EE	37.02	449	573
UniRef90_A0A087T354	39.26	449	425
UniRef90_A0A067QS20	36.40	449	557
UniRef90_A0A0L8G8I2	36.26	449	462
UniRef90_C3Y2T7	41.81	449	337
UniRef90_H6UFP5	60.68	449	205
UniRef90_UPI0004F0C9C6	70.41	449	168
UniRef90_A0A026WVQ6	36.78	449	536
UniRef90_E2C2J8	41.19	449	532
UniRef90_B7PF83	39.09	449	472
UniRef90_C3Y2T9	45.05	449	307
UniRef90_UPI0006B0CBFE	43.20	449	393
UniRef90_UPI0006C958C5	37.50	449	542
UniRef90_A0A023GPG1	41.05	449	417
UniRef90_A0A087T356	37.68	449	521
UniRef90_F6SWC9	42.23	449	363
UniRef90_UPI0005F3CD1D	37.17	449	536
UniRef90_UPI0005D0923F	37.47	449	558
UniRef90_A0A087SZH4	36.74	449	492
UniRef90_UPI0006D73EC0	71.95	449	219
UniRef90_K1RGD2	40.11	449	514
UniRef90_UPI0005CE62AF	36.54	449	556
UniRef90_C3Y2U0	41.64	449	338
UniRef90_UPI0006D4CF99	38.29	449	732
UniRef90_W4WKJ7	36.78	449	490
UniRef90_UPI0003EDDD63	81.69	449	142
UniRef90_UPI000624F31B	39.32	449	537
UniRef90_A0A0J7K4J3	46.55	449	325
UniRef90_V5GGX5	34.88	449	515
UniRef90_E1ZYD8	36.06	449	534
UniRef90_UPI0002653DB8	39.01	449	485
UniRef90_UPI0005293A21	65.52	449	191
UniRef90_UPI0005EFA97F	36.84	449	538
UniRef90_UPI0006B0F58D	35.78	449	525
UniRef90_UPI000258DBB4	35.82	449	538
UniRef90_L7MLI3	36.93	449	508
UniRef90_C3Y2U4	41.59	449	348
UniRef90_UPI0006981753	36.12	449	491
UniRef90_UPI000703FB1B	56.68	449	297
UniRef90_UPI0006748ACE	34.72	449	497
UniRef90_UPI0006D4E4FB	33.19	449	535
UniRef90_UPI0005D2F776	36.30	449	536
UniRef90_A0A0C9PRB2	36.39	449	536
UniRef90_UPI00065BFC27	37.62	449	498
UniRef90_UPI00063F1753	36.06	449	537
UniRef90_UPI0006232604	35.42	449	533
UniRef90_C3Z1L3	41.33	449	339
UniRef90_B1A9T4	40.23	449	353
UniRef90_T2MHC6	37.68	449	475
UniRef90_UPI0006979752	38.20	449	430
UniRef90_C3ZN71	40.44	449	315
UniRef90_E0VGW4	40.59	449	342
UniRef90_UPI0006C9B2E3	40.17	449	541
UniRef90_UPI00021A81B8	34.11	449	540
UniRef90_UPI0006746255	43.43	449	330
UniRef90_K1PH19	35.05	449	518
UniRef90_K7J6W5	40.29	449	371
UniRef90_K1QKZ7	37.38	449	480
UniRef90_UPI0004CD00D3	39.03	449	571
UniRef90_UPI0006CEFAA6	34.38	449	525
UniRef90_A0A087UVL2	34.46	449	594
UniRef90_UPI0004CDC462	37.56	449	1154
UniRef90_E9GJV2	35.79	449	452
UniRef90_UPI0006B1185E	64.20	449	400
UniRef90_UPI0006B1185E	55.50	449	400
UniRef90_T1J6A4	34.64	449	824
UniRef90_H0YDY1	66.87	449	179
UniRef90_B7QML9	37.80	449	379
UniRef90_C3YCG1	36.79	449	855
UniRef90_C3YCG1	36.86	449	855
UniRef90_UPI000626204C	35.58	449	541
UniRef90_P29183	100.00	449	461
UniRef90_UPI0003C8CE44	85.08	449	465
UniRef90_UPI0002BCFA93	84.63	449	466
UniRef90_S9X3R3	83.74	449	454
UniRef90_UPI00046B4BC9	83.04	449	466
UniRef90_UPI00064306DF	83.07	449	456
UniRef90_W5Q5I2	82.44	449	466
UniRef90_UPI0004ED5E8C	80.18	449	465
UniRef90_G1M5V0	84.63	449	465
UniRef90_F7FR78	82.18	449	465
UniRef90_UPI0003F0F42E	80.62	449	465
UniRef90_P16233	83.07	449	465
UniRef90_UPI00065061D0	78.84	449	465
UniRef90_UPI000651499D	80.80	449	466
UniRef90_P00591	83.33	449	450
UniRef90_UPI000695CF96	80.18	449	470
UniRef90_UPI000643AB8D	84.86	449	517
UniRef90_UPI0003F0E235	83.74	449	465
UniRef90_UPI00046B3B2B	70.73	449	467
UniRef90_UPI0001580879	80.40	449	465
UniRef90_Q64425	78.17	449	457
UniRef90_O88354	81.96	449	465
UniRef90_G1PAQ0	80.85	449	465
UniRef90_UPI0003336BBC	79.51	449	465
UniRef90_G1SUL9	81.74	449	465
UniRef90_UPI0003F0C6C8	68.07	449	467
UniRef90_P27657	77.73	449	465
UniRef90_H0X229	68.29	449	470
UniRef90_UPI00067E4931	79.02	449	465
UniRef90_UPI00064D48ED	77.26	449	470
UniRef90_I3MCF8	69.11	449	467
UniRef90_G1PAR4	70.51	449	467
UniRef90_UPI00064F7E59	79.07	449	470
UniRef90_P54315	68.07	449	467
UniRef90_F7FQK7	68.36	449	470
UniRef90_UPI00062ABFDB	70.07	449	467
UniRef90_UPI0004548EB4	68.96	449	502
UniRef90_F7AWC1	76.61	449	465
UniRef90_UPI0004546FF7	77.90	449	467
UniRef90_B8XY18	70.29	449	467
UniRef90_UPI0003F151DA	68.96	449	467
UniRef90_A0A091DA07	80.40	449	465
UniRef90_UPI0004ED70FF	68.07	449	473
UniRef90_UPI00062AAC54	79.33	449	467
UniRef90_UPI0002BD01AE	69.18	449	467
UniRef90_P54316	68.74	449	473
UniRef90_UPI00045E07CD	81.33	449	466
UniRef90_I3MCH2	68.51	449	470
UniRef90_H0X222	69.62	449	467
UniRef90_UPI0004439CDB	69.40	449	468
UniRef90_UPI0003347657	67.04	449	469
UniRef90_UPI0000F62057	79.78	449	466
UniRef90_P54318	68.14	449	468
UniRef90_UPI0003346B1F	69.84	449	467
UniRef90_UPI000332F0DC	68.74	449	473
UniRef90_F6XMP6	67.18	449	473
UniRef90_L5K2G6	78.84	449	467
UniRef90_P06857	68.96	449	467
UniRef90_UPI000642F037	67.04	449	471
UniRef90_UPI000333D787	67.63	449	467
UniRef90_UPI000333A2F4	67.85	449	473
UniRef90_UPI00038EE3E1	68.29	449	473
UniRef90_UPI0003318047	68.07	449	471
UniRef90_UPI000454539E	68.14	449	469
UniRef90_UPI00038BF04D	67.18	449	473
UniRef90_G3TD62	81.29	449	465
UniRef90_UPI00032B0622	77.90	449	465
UniRef90_UPI0003F0D5AA	67.85	449	469
UniRef90_G3VL97	73.94	449	467
UniRef90_Q02157	79.06	449	465
UniRef90_UPI00035A05BD	66.81	449	468
UniRef90_UPI0002C45DB4	66.37	449	469
UniRef90_UPI000650A997	67.63	449	473
UniRef90_G3WZY4	67.26	449	469
UniRef90_UPI00051E4419	67.04	449	468
UniRef90_UPI0006B0B0D7	67.26	449	468
UniRef90_UPI0004445533	66.08	449	471
UniRef90_UPI00064BCB59	76.87	449	470
UniRef90_UPI0003332A8B	78.12	449	465
UniRef90_UPI00038EE3C3	67.26	449	469
UniRef90_G1SUP0	64.97	449	477
UniRef90_F7C412	70.67	449	466
UniRef90_UPI0004ED05B9	66.08	449	468
UniRef90_M3XWF6	65.71	449	483
UniRef90_UPI0003F11CBA	66.37	449	469
UniRef90_UPI0003C8F778	66.59	449	469
UniRef90_G1M5Y7	69.62	449	467
UniRef90_UPI00045E3562	63.43	449	564
UniRef90_UPI000522D638	64.52	449	468
UniRef90_UPI0003334683	65.63	449	469
UniRef90_U3JHR0	64.38	449	469
UniRef90_G1SUN0	66.30	449	473
UniRef90_S7N728	70.51	449	1433
UniRef90_S7N728	81.44	449	1433
UniRef90_S7N728	49.07	449	1433
UniRef90_UPI0003338B08	64.38	449	469
UniRef90_UPI0004EFB5CB	65.04	449	468
UniRef90_UPI00038EF13D	77.23	449	465
UniRef90_Q64424	65.27	449	470
UniRef90_UPI0003955074	65.49	449	468
UniRef90_UPI000333A331	75.67	449	465
UniRef90_F7EV24	66.81	449	469
UniRef90_UPI0006BA2A6E	64.08	449	467
UniRef90_UPI00063FA16B	68.51	449	467
UniRef90_UPI0005F5209C	83.68	449	468
UniRef90_F7G373	66.67	449	467
UniRef90_G1Q859	65.49	449	480
UniRef90_M7BP40	65.71	449	468
UniRef90_UPI0003C80E5D	64.82	449	469
UniRef90_UPI000523E9BF	66.52	449	468
UniRef90_UPI0005B8DBA8	64.97	449	468
UniRef90_UPI0005224BB7	64.82	449	482
UniRef90_UPI00045DD702	68.36	449	469
UniRef90_M3VWT0	65.49	449	469
UniRef90_UPI0003940E4F	64.38	449	468
UniRef90_A5PK46	60.84	449	469
UniRef90_UPI0003871003	65.71	449	468
UniRef90_F6R3F9	66.74	449	470
UniRef90_G5ARH0	65.49	449	469
UniRef90_P50903	77.23	449	465
UniRef90_G3IN33	78.04	449	463
UniRef90_UPI0004F13416	63.13	449	469
UniRef90_UPI00051F04AB	65.71	449	468
UniRef90_UPI00052988D4	64.38	449	468
UniRef90_UPI000529F919	66.30	449	468
UniRef90_UPI0003315CAD	64.82	449	469
UniRef90_UPI00032ADF89	65.85	449	469
UniRef90_UPI000528918F	64.97	449	468
UniRef90_UPI0004C038EE	64.16	449	468
UniRef90_UPI000528BF6B	66.15	449	468
UniRef90_UPI000523989A	64.08	449	467
UniRef90_UPI0004D04004	73.33	449	466
UniRef90_UPI00063FC956	77.51	449	459
UniRef90_UPI00046BA20E	65.49	449	469
UniRef90_G3TD72	66.15	449	469
UniRef90_UPI000661E7A6	64.75	449	466
UniRef90_H9GFY1	62.78	449	471
UniRef90_UPI0005212D5B	63.05	449	467
UniRef90_UPI000521962F	63.72	449	468
UniRef90_UPI0004422922	63.50	449	487
UniRef90_UPI00067142E9	63.80	449	469
UniRef90_G1Q463	63.50	449	484
UniRef90_UPI00052F1CB6	64.38	449	468
UniRef90_UPI0002BCE8DD	63.54	449	475
UniRef90_P54317	63.50	449	469
UniRef90_UPI0004F0599F	63.50	449	468
UniRef90_U3IMH5	62.91	449	469
UniRef90_A0A091DD10	62.17	449	475
UniRef90_G1Q3I0	62.17	449	469
UniRef90_G1PRN3	62.39	449	452
UniRef90_UPI000399266F	62.17	449	468
UniRef90_UPI0003C2AB89	64.08	449	468
UniRef90_F1S4T6	62.11	449	471
UniRef90_H0X5G5	77.70	449	461
UniRef90_L9L7D8	85.08	449	1530
UniRef90_L9L7D8	70.70	449	1530
UniRef90_L9L7D8	67.29	449	1530
UniRef90_G3IL04	68.60	449	758
UniRef90_G3IL04	68.84	449	758
UniRef90_F7AF63	63.41	449	467
UniRef90_K7F9P9	64.02	449	484
UniRef90_UPI0006B163EB	62.97	449	468
UniRef90_UPI00038C6031	64.60	449	471
UniRef90_F6U6B8	59.29	449	469
UniRef90_L7N125	62.31	449	469
UniRef90_UPI0004F20C1D	62.69	449	468
UniRef90_L7N2P8	63.19	449	467
UniRef90_UPI000625385D	62.42	449	459
UniRef90_H3A467	63.05	449	479
UniRef90_D2H720	63.89	449	444
UniRef90_UPI00038413D3	64.97	449	467
UniRef90_A1L2N3	64.52	449	467
UniRef90_G1NFD3	63.50	449	467
UniRef90_G1Q7B4	61.67	449	471
UniRef90_F6R3G8	65.48	449	467
UniRef90_UPI00042CA815	65.12	449	467
UniRef90_UPI0001CE1CCD	72.16	449	465
UniRef90_UPI0005151670	62.97	449	463
UniRef90_F1PHZ2	63.05	449	469
UniRef90_W5N013	59.09	449	481
UniRef90_Q8QGW1	57.96	449	470
UniRef90_UPI00023AD912	64.55	449	471
UniRef90_UPI00045E4217	65.27	449	471
UniRef90_UPI0005232103	60.84	449	466
UniRef90_UPI0003F18664	64.30	449	468
UniRef90_UPI000388EF23	60.62	449	456
UniRef90_UPI0005405350	64.97	449	467
UniRef90_P81139	61.20	449	434
UniRef90_UPI00051C6D5C	61.28	449	447
UniRef90_W5MTJ1	59.42	449	471
UniRef90_UPI0003289E6A	67.22	449	489
UniRef90_UPI0004E01FF5	60.84	449	443
UniRef90_UPI000577D7FB	56.76	449	473
UniRef90_UPI0002C45E0A	74.13	449	443
UniRef90_UPI00042AD61F	61.28	449	443
UniRef90_UPI000359896F	69.44	449	484
UniRef90_W5K377	59.56	449	465
UniRef90_UPI00038C2FC4	68.75	449	498
UniRef90_V9KUK3	59.07	449	471
UniRef90_UPI00063F0FD0	63.09	449	499
UniRef90_UPI0004D092C9	65.62	449	431
UniRef90_E3TFR7	55.88	449	471
UniRef90_F1MP55	52.43	449	469
UniRef90_F6R032	53.23	449	468
UniRef90_V8P9Z4	62.38	449	834
UniRef90_V8P9Z4	36.76	449	834
UniRef90_UPI0006612FA0	55.79	449	494
UniRef90_UPI000657579C	62.35	449	464
UniRef90_Q642T5	55.11	449	472
UniRef90_H0ZL93	51.11	449	468
UniRef90_UPI0003C83D70	48.79	449	467
UniRef90_G7N173	67.10	449	463
UniRef90_UPI00064462E4	53.88	449	498
UniRef90_F6RE01	47.58	449	467
UniRef90_Q642R3	53.44	449	472
UniRef90_G1M5Q3	47.14	449	453
UniRef90_UPI000333A00F	60.18	449	433
UniRef90_UPI0003871DB6	46.58	449	506
UniRef90_UPI0006B0892D	47.46	449	492
UniRef90_L5K0U1	46.70	449	468
UniRef90_M3XWK8	46.26	449	467
UniRef90_Q5EB42	54.00	449	471
UniRef90_G1PAN8	46.92	449	466
UniRef90_G3TD56	48.68	449	468
UniRef90_G3R2A5	59.10	449	468
UniRef90_Q17RR3	48.68	449	467
UniRef90_UPI0005234A30	47.12	449	467
UniRef90_UPI0005F39CC2	69.56	449	420
UniRef90_F7GFC8	47.36	449	467
UniRef90_G7PE15	62.11	449	498
UniRef90_UPI00062B485F	70.13	449	392
UniRef90_UPI0003345CDA	47.58	449	467
UniRef90_UPI000528BC82	46.58	449	465
UniRef90_UPI0004D0ABD5	46.04	449	467
UniRef90_UPI0005238356	46.80	449	486
UniRef90_UPI0003C02CF3	47.68	449	597
UniRef90_UPI00022B6FCD	59.29	449	458
UniRef90_W5Q4J6	48.12	449	477
UniRef90_S4RXP5	51.20	449	486
UniRef90_UPI00052154A3	46.36	449	646
UniRef90_UPI000549D0AE	47.46	449	469
UniRef90_UPI000528D33A	47.68	449	465
UniRef90_UPI0005291B00	65.78	449	391
UniRef90_UPI000399042D	47.79	449	494
UniRef90_UPI000240BBB8	47.57	449	606
UniRef90_UPI00063CC0A8	47.90	449	534
UniRef90_UPI00063C49D0	47.58	449	472
UniRef90_UPI000522B8EE	46.90	449	464
UniRef90_UPI00052334D6	47.24	449	497
UniRef90_U3ILD2	47.25	449	471
UniRef90_UPI000529AEF2	47.68	449	511
UniRef90_UPI00045DEA79	47.36	449	455
UniRef90_UPI000549D591	49.34	449	493
UniRef90_UPI0003F0B15D	46.46	449	470
UniRef90_G3IKG6	54.77	449	386
UniRef90_UPI00052168EF	46.36	449	468
UniRef90_UPI0007041369	44.71	449	588
UniRef90_UPI0004401220	46.14	449	562
UniRef90_UPI000443E51E	49.01	449	466
UniRef90_H0X5G0	46.27	449	468
UniRef90_G3QFJ5	69.44	449	354
UniRef90_UPI0001D56200	45.12	449	480
UniRef90_UPI0006515613	52.41	449	492
UniRef90_UPI000497C194	47.57	449	465
UniRef90_UPI0004C23810	50.00	449	548
UniRef90_UPI0004F119CE	47.19	449	500
UniRef90_Q0IIS1	52.43	449	468
UniRef90_UPI00064E7777	46.56	449	455
UniRef90_UPI0004EFCC3C	49.32	449	493
UniRef90_UPI000497F0D9	45.90	449	473
UniRef90_UPI0006B7F069	49.88	449	546
UniRef90_UPI0004F10723	66.27	449	355
UniRef90_UPI0004420184	43.57	449	486
UniRef90_UPI000523D5A7	50.35	449	539
UniRef90_UPI000682F798	51.44	449	501
UniRef90_UPI0003C26139	47.22	449	444
UniRef90_D3TJH2	48.12	449	465
UniRef90_U3U5J0	48.89	449	468
UniRef90_H9GFQ0	47.48	449	476
UniRef90_UPI0006B32BDF	46.34	449	473
UniRef90_UPI0005FC2B8C	50.94	449	525
UniRef90_A0A023I9E2	46.34	449	469
UniRef90_UPI000572D4EA	44.47	449	428
UniRef90_UPI0006B1A5B6	42.36	449	550
UniRef90_Q6PAD5	45.93	449	471
UniRef90_F6YVQ3	47.15	449	468
UniRef90_UPI0005117B0B	62.01	449	358
UniRef90_UPI00034FF065	46.15	449	465
UniRef90_B1H305	61.60	449	360
UniRef90_F7BPI1	63.54	449	368
UniRef90_UPI0002C68775	51.85	449	469
UniRef90_Q0EDA5	47.37	449	452
UniRef90_UPI0003EDF09C	84.69	449	310
UniRef90_UPI0005D011A9	43.83	449	423
UniRef90_UPI0006B0A74D	51.86	449	412
UniRef90_UPI00052A009A	53.62	449	471
UniRef90_V4A6S5	39.43	449	480
UniRef90_UPI000392E100	52.93	449	468
UniRef90_UPI0003870FA7	52.93	449	496
UniRef90_UPI000521354C	53.21	449	520
UniRef90_UPI000510BA83	52.24	449	565
UniRef90_UPI0003C19F3C	51.61	449	440
UniRef90_UPI000549DAEA	42.60	449	424
UniRef90_UPI0003315BBF	44.42	449	450
UniRef90_UPI0005C3BFB5	38.77	449	504
UniRef90_UPI000520F79A	52.14	449	438
UniRef90_UPI000328C412	49.87	449	429
UniRef90_UPI00052068B0	52.20	449	427
UniRef90_UPI0004F0FDF4	52.00	449	407
UniRef90_A8CEP5	43.51	449	487
UniRef90_UPI0005282588	45.84	449	400
UniRef90_UPI0004BD7346	50.67	449	408
UniRef90_A0A0L7R0F6	37.04	449	557
UniRef90_UPI000350A386	46.11	449	394
UniRef90_UPI0003C8F1E1	40.31	449	544
UniRef90_T1H7M9	41.75	449	527
UniRef90_UPI0006C9C8AD	39.41	449	564
UniRef90_A0A0C9RBL4	37.74	449	564
UniRef90_A0A059TA26	64.65	449	314
UniRef90_U6CVP5	51.61	449	366
UniRef90_UPI000625277C	38.11	449	563
UniRef90_UPI0006970264	36.80	449	522
UniRef90_R0LDG7	56.05	449	341
UniRef90_K7J6W4	39.49	449	563
UniRef90_Q66KX1	61.52	449	347
UniRef90_A0A0A9WBI9	39.11	449	531
UniRef90_UPI0004AB090C	39.86	449	596
UniRef90_UPI0003DF5F71	36.23	449	561
UniRef90_H9ISS4	38.78	449	553
UniRef90_J9JX72	38.44	449	533
UniRef90_UPI0006D51191	36.74	449	575
UniRef90_UPI0006CEBFA0	39.39	449	535
UniRef90_E1ZYD7	34.95	449	601
UniRef90_L7N2H3	59.09	449	347
UniRef90_E2C2J9	41.12	449	470
UniRef90_UPI000626E2D5	35.93	449	568
UniRef90_D6X1K3	40.23	449	662
UniRef90_UPI0006D51BF3	37.42	449	528
UniRef90_UPI000529DCFB	54.73	449	352
UniRef90_UPI00034FFC0C	57.70	449	348
UniRef90_K1PJE5	42.74	449	377
UniRef90_UPI0005D0296F	46.87	449	368
UniRef90_UPI00063C9783	48.17	449	384
UniRef90_F1S4U0	52.38	449	328
UniRef90_UPI0006977F54	34.77	449	485
UniRef90_C3YCG4	39.28	449	422
UniRef90_A0A0F8AL93	46.13	449	424
UniRef90_UPI0005EFA97F	34.46	449	538
UniRef90_UPI00065C13DD	37.37	449	497
UniRef90_UPI00063F1753	32.91	449	537
UniRef90_UPI0005225B77	45.39	449	569
UniRef90_A0A026WVQ6	34.32	449	536
UniRef90_UPI0005F3CD1D	34.13	449	536
UniRef90_UPI0005CE62AF	34.20	449	556
UniRef90_A0A0L8H727	38.23	449	491
UniRef90_A0A0C9PRB2	34.39	449	536
UniRef90_UPI0004ED1579	78.26	449	323
UniRef90_C3YCG2	37.23	449	488
UniRef90_E0VGW7	36.14	449	531
UniRef90_UPI0003BB7164	60.38	449	353
UniRef90_UPI0003D075AE	52.82	449	355
UniRef90_UPI000258DBB4	34.32	449	538
UniRef90_V3ZQ85	35.41	449	485
UniRef90_W4WKJ7	35.35	449	490
UniRef90_Q7SZ70	59.21	449	347
UniRef90_A0A087T358	38.13	449	499
UniRef90_UPI0002B43FE8	56.68	449	422
UniRef90_UPI0006D715C8	68.55	449	295
UniRef90_E1ZYD8	33.12	449	534
UniRef90_E2C2J8	34.64	449	532
UniRef90_UPI0005D2F776	34.06	449	536
UniRef90_UPI0006C958C5	34.57	449	542
UniRef90_A0A067QJZ2	34.70	449	555
UniRef90_UPI000626204C	33.90	449	541
UniRef90_V5GGX5	33.91	449	515
UniRef90_UPI0006232604	33.33	449	533
UniRef90_UPI000674AE2E	34.67	449	500
UniRef90_UPI00021A81B8	33.26	449	540
UniRef90_UPI0004F06CA6	71.76	449	387
UniRef90_UPI0004F06CA6	56.64	449	387
UniRef90_Q7QJV2	37.20	449	554
UniRef90_UPI0002C36126	43.35	449	408
UniRef90_F7AMZ2	38.06	449	471
UniRef90_UPI0004CD00D3	31.97	449	571
UniRef90_UPI00021269EE	36.05	449	573
UniRef90_UPI0006C9B2E3	32.70	449	541
UniRef90_F4WDB3	33.82	449	552
UniRef90_UPI0006748ACE	34.95	449	497
UniRef90_UPI00042C7877	50.44	449	396
UniRef90_C3YCG3	36.19	449	455
UniRef90_UPI0005D00897	52.29	449	332
UniRef90_UPI000624F31B	33.55	449	537
UniRef90_UPI000679BA07	39.81	449	489
UniRef90_A0A087UVL2	33.86	449	594
UniRef90_UPI00046B5179	40.22	449	459
UniRef90_A0A0A9XYG4	33.88	449	535
UniRef90_UPI00044227B7	41.85	449	450
UniRef90_G1Q9N7	52.45	449	368
UniRef90_A0A067QS20	35.68	449	557
UniRef90_Q2VPN4	56.31	449	330
UniRef90_J9JU32	35.19	449	533
UniRef90_D6X1T8	33.19	449	924
UniRef90_UPI00064D137B	49.32	449	383
UniRef90_K1PH19	34.30	449	518
UniRef90_S7PWK3	63.19	449	358
UniRef90_T1J6A4	33.84	449	824
UniRef90_T1J6A4	23.26	449	824
UniRef90_E0VAX8	32.35	449	935
UniRef90_UPI0006B0F58D	33.26	449	525
UniRef90_UPI0006B08206	43.49	449	365
UniRef90_A0A087T356	36.03	449	521
UniRef90_UPI0006B0FE7F	32.96	449	560
UniRef90_A0A0N0U310	32.24	449	570
UniRef90_UPI0006D4E4FB	32.44	449	535
UniRef90_UPI00067CEA0B	32.69	449	912
UniRef90_UPI0006CEFAA6	33.11	449	525
UniRef90_UPI0006713838	56.66	449	334
UniRef90_UPI0006B6C7A3	54.61	449	343
UniRef90_A0A087SZH4	35.70	449	492
UniRef90_UPI00065BFC27	35.35	449	498
UniRef90_UPI0006D4CF99	32.36	449	732
UniRef90_C3Y2T7	40.80	449	337
UniRef90_A0A067RUM4	33.41	449	520
UniRef90_U4U692	33.62	449	883
UniRef90_UPI0005D0923F	36.77	449	558
UniRef90_A0A0L8G853	33.48	449	486
UniRef90_UPI000528690E	54.61	449	493
UniRef90_G6CWP5	32.25	449	912
UniRef90_UPI0006793E64	32.19	449	923
UniRef90_E9GHY7	34.17	449	428
UniRef90_F7CIW2	30.17	449	482
UniRef90_H2Z682	42.82	449	389
UniRef90_C3Z1L3	39.60	449	339
UniRef90_A0A0L8G8I2	33.11	449	462
UniRef90_H9J599	31.86	449	916
UniRef90_UPI0006981753	35.70	449	491
UniRef90_UPI0006B0CBFE	42.77	449	393
UniRef90_UPI00051B5AF8	55.63	449	363
UniRef90_A0A087T354	39.20	449	425
UniRef90_C3YCG1	35.61	449	855
UniRef90_C3YCG1	35.69	449	855
UniRef90_P06858	29.76	449	475
UniRef90_UPI00046C3447	52.04	449	359
UniRef90_UPI0006960A70	31.80	449	515
UniRef90_A0A023F0L9	30.04	449	534
UniRef90_G3W1U8	30.24	449	473
UniRef90_E9H0C7	34.69	449	558
UniRef90_O46647	29.52	449	475
UniRef90_UPI0006979752	37.67	449	430
UniRef90_UPI00053F8155	65.99	449	287
UniRef90_UPI00062A72E7	29.93	449	488
UniRef90_F2YNI6	28.67	449	493
UniRef90_P11602	28.88	449	490
UniRef90_P11153	30.71	449	465
UniRef90_B4MTD0	32.41	449	537
UniRef90_A0A0A1WQG5	32.31	449	536
UniRef90_UPI0006D4CB73	31.97	449	764
UniRef90_UPI0005281853	57.34	449	334
UniRef90_K1RGD2	34.37	449	514
UniRef90_UPI000528DE21	52.05	449	371
UniRef90_V5H3W2	34.12	449	493
UniRef90_F6SWC9	41.94	449	363
UniRef90_D6X325	31.99	449	530
UniRef90_T1PD82	32.40	449	539
UniRef90_U5ETF1	31.36	449	538
UniRef90_A0A091N6D8	29.12	449	462
UniRef90_A0A093Q567	28.40	449	462
UniRef90_G3SWM0	29.83	449	472
UniRef90_A0A0M3QZ73	31.44	449	536
UniRef90_UPI00042C1BD7	29.12	449	488
UniRef90_H0YPU5	29.12	449	462
UniRef90_B7PF83	36.84	449	472
UniRef90_UPI0003C45A4C	50.85	449	349
UniRef90_Q9W448	30.80	449	540
UniRef90_UPI0005D32F9B	31.77	449	1105
UniRef90_H0XRH5	30.95	449	477
UniRef90_UPI000444243A	30.00	449	475
UniRef90_UPI0005F4B19B	32.69	449	1098
UniRef90_C3ZN71	40.44	449	315
UniRef90_Q7QEY5	32.04	449	542
UniRef90_K7J8V3	33.12	449	1067
UniRef90_A0A026VWQ4	31.20	449	1071
UniRef90_P11152	28.98	449	474
UniRef90_F1PGS6	31.31	449	490
UniRef90_UPI0005EDDE65	31.41	449	1118
UniRef90_UPI0003F0E84D	29.76	449	480
UniRef90_L7MLI3	33.61	449	508
UniRef90_C3Y2U0	40.88	449	338
UniRef90_Q98UI3	29.12	449	511
UniRef90_UPI0003832315	28.78	449	503
UniRef90_UPI00062551FC	32.29	449	1114
UniRef90_UPI0006C97F67	31.99	449	994
UniRef90_UPI0004CDC462	32.43	449	1154
UniRef90_A0A0C9RD21	31.97	449	1039
UniRef90_UPI00063FBBC5	31.41	449	1094
UniRef90_K1QKZ7	34.82	449	480
UniRef90_B4MEL0	30.64	449	537
UniRef90_UPI0006B0DCB0	34.58	449	516
UniRef90_B0XIK3	29.89	449	541
UniRef90_K7FST0	28.88	449	469
UniRef90_UPI00065B4A99	33.69	449	488
UniRef90_F4WNV7	31.13	449	1051
UniRef90_UPI0006C9C294	32.45	449	1042
UniRef90_C3VDJ2	28.40	449	442
UniRef90_UPI00033381C9	31.57	449	486
UniRef90_P11150	30.86	449	499
UniRef90_F6X5I4	31.79	449	499
UniRef90_UPI000549BDF2	64.52	449	308
UniRef90_B4L1H7	30.21	449	537
