UniRef90_P58127	97.31	334	342
UniRef90_S1G274	88.92	334	338
UniRef90_T8JMC6	87.43	334	338
UniRef90_Q0SZP6	86.23	334	300
UniRef90_A0A0K3EE67	97.16	334	335
UniRef90_V6E1N4	95.29	334	256
UniRef90_A0A0K4L195	97.17	334	266
UniRef90_A0A0F5BA74	70.34	334	339
UniRef90_V1H2V9	70.12	334	339
UniRef90_A0A0G3RE29	69.11	334	339
UniRef90_Q8ZLI0	68.36	334	339
UniRef90_A0A0I2GSW6	93.90	334	261
UniRef90_I6B7Z4	98.00	334	201
UniRef90_UPI00061CF2E9	61.37	334	337
UniRef90_UPI00036DE6E2	61.68	334	347
UniRef90_A0A080M4A9	57.10	334	341
UniRef90_UPI0006889E49	60.37	334	355
UniRef90_UPI0005519A19	57.93	334	344
UniRef90_W1WB88	96.69	334	181
UniRef90_Q8Y2V6	59.23	334	347
UniRef90_S9RVN1	58.54	334	351
UniRef90_UPI00047D3E00	55.99	334	337
UniRef90_C7RUL8	57.66	334	357
UniRef90_A0A0K1K2A4	55.06	334	347
UniRef90_A0A0N1JTI0	56.16	334	342
UniRef90_A0A0K8JY42	57.49	334	342
UniRef90_UPI000702BD66	57.01	334	341
UniRef90_A0A098UCA9	54.17	334	339
UniRef90_UPI00041FC3C9	54.93	334	342
UniRef90_UPI00037B5321	53.85	334	354
UniRef90_S6IQ82	56.04	334	342
UniRef90_UPI0006FF7648	53.71	334	343
UniRef90_L9PJU2	55.69	334	343
UniRef90_UPI0006FE8DD6	54.46	334	343
UniRef90_F6AFQ8	53.87	334	341
UniRef90_A0A077LHZ3	56.57	334	343
UniRef90_A0A0A6DNE8	55.02	334	339
UniRef90_UPI000590E7F3	56.00	334	347
UniRef90_Q02G92	55.15	334	341
UniRef90_A0A0G3BHV9	54.17	334	358
UniRef90_A0A0F0DJE8	55.86	334	341
UniRef90_UPI00030823A6	54.60	334	341
UniRef90_UPI00040F18AE	57.78	334	345
UniRef90_A0A0D6SAA5	54.71	334	341
UniRef90_A0A0D0IZ05	53.27	334	341
UniRef90_U3HCD2	55.59	334	341
UniRef90_UPI0006F6584D	54.91	334	344
UniRef90_UPI0005CFAAF3	53.42	334	341
UniRef90_K0WHD7	53.27	334	342
UniRef90_UPI00030696F4	52.89	334	341
UniRef90_UPI0002EEDDDE	54.52	334	341
UniRef90_UPI000469A1FF	53.40	334	342
UniRef90_UPI0003FCFCD6	53.23	334	339
UniRef90_UPI00055F55E7	51.79	334	340
UniRef90_UPI0006F3F874	51.82	334	344
UniRef90_J2XQ55	52.98	334	341
UniRef90_UPI0004A8355F	53.64	334	319
UniRef90_UPI00037632A1	48.93	334	336
UniRef90_U6ZRP8	53.25	334	343
UniRef90_A0A0C1Y477	49.40	334	339
UniRef90_UPI000407A6C9	49.71	334	345
UniRef90_N2J6E3	53.67	334	339
UniRef90_A4XRJ0	51.98	334	341
UniRef90_A0A0D6BZJ4	53.25	334	348
UniRef90_A0A0G3CTD4	48.96	334	340
UniRef90_V5DIJ8	51.25	334	342
UniRef90_A0A090AM50	49.39	334	346
UniRef90_A0A0A0DYY4	48.63	334	339
UniRef90_A0A0A6PRC7	51.08	334	352
UniRef90_UPI0006F208C7	50.30	334	354
UniRef90_A0A0E1E2S8	52.23	334	343
UniRef90_UPI000427C0B5	49.24	334	351
UniRef90_A0A0F2NEV0	48.04	334	335
UniRef90_A6DQK3	47.73	334	338
UniRef90_UPI0004A2F3A4	50.46	334	345
UniRef90_A0A0L6T5J4	50.88	334	349
UniRef90_UPI000289F528	50.75	334	340
UniRef90_UPI0005B39C9E	50.00	334	347
UniRef90_A0A0C2IGD3	53.13	334	340
UniRef90_UPI00042306B7	55.22	334	340
UniRef90_Q1IS76	50.89	334	355
UniRef90_A0A0D5Y1X3	53.85	334	353
UniRef90_UPI000346013A	49.09	334	349
UniRef90_A0A0F0FED9	50.59	334	339
UniRef90_Q4KEB8	52.94	334	342
UniRef90_UPI0006F2DEDA	49.56	334	345
UniRef90_UPI00031A0606	50.45	334	340
UniRef90_Q3A0N6	49.54	334	342
UniRef90_V8RCG3	51.52	334	342
UniRef90_A0A0N0E4D7	51.94	334	339
UniRef90_UPI000379CD48	49.08	334	339
UniRef90_UPI000290F7E2	53.96	334	341
UniRef90_A0A031H510	50.00	334	338
UniRef90_B4D8H6	51.04	334	342
UniRef90_UPI0006DC18E6	48.40	334	366
UniRef90_UPI000701B54A	50.30	334	345
UniRef90_E6V468	52.34	334	345
UniRef90_A0A0D0KYD2	52.92	334	345
UniRef90_UPI00041A3290	49.85	334	343
UniRef90_A0A0C1ZSV7	51.82	334	341
UniRef90_UPI0003F6CE60	50.46	334	341
UniRef90_B7X3Q2	50.29	334	345
UniRef90_F0Q062	50.15	334	345
UniRef90_K0HZY4	47.70	334	357
UniRef90_J0KI28	50.00	334	348
UniRef90_A0A021WAG3	50.16	334	344
UniRef90_A9BRG5	48.25	334	347
UniRef90_UPI0006F82B37	47.23	334	360
UniRef90_A0A0D9AZI3	48.51	334	343
UniRef90_UPI0006FE6CAB	51.06	334	340
UniRef90_UPI00036E39ED	50.29	334	345
UniRef90_D5C524	48.01	334	350
UniRef90_C5CJX9	50.29	334	345
UniRef90_UPI000288F866	53.27	334	341
UniRef90_H8MQS4	48.33	334	338
UniRef90_UPI000418D139	48.94	334	335
UniRef90_A0A085WHP8	50.15	334	338
UniRef90_A0A0N0D4F2	46.29	334	755
UniRef90_A0A0G2ZKZ5	48.35	334	338
UniRef90_L7UFT6	50.00	334	338
UniRef90_A0A0F3IF93	50.46	334	341
UniRef90_UPI0006FCD06D	47.77	334	365
UniRef90_Q3KEW5	50.89	334	342
UniRef90_UPI00055B9C29	48.48	334	339
UniRef90_A0A0D1L0X5	48.74	334	337
UniRef90_W0AHN8	50.31	334	337
UniRef90_A0A0A4GCI9	47.88	334	353
UniRef90_A0A062XS50	49.84	334	342
UniRef90_UPI000429A8E2	47.65	334	343
UniRef90_UPI000648CB78	48.83	334	349
UniRef90_A0A0K1PN75	47.34	334	344
UniRef90_S7U0L8	46.59	334	345
UniRef90_N8R6M9	47.43	334	348
UniRef90_Q1D2I6	49.54	334	338
UniRef90_A0A0A8E1J9	47.72	334	339
UniRef90_A0A0K1EFT6	50.31	334	339
UniRef90_UPI000289617E	48.62	334	337
UniRef90_UPI0004031FA5	50.00	334	351
UniRef90_S9PCW2	49.12	334	341
UniRef90_UPI0006F554E2	47.29	334	337
UniRef90_UPI00034C25A2	47.34	334	337
UniRef90_UPI000688915F	48.58	334	332
UniRef90_UPI0004DF7E0C	46.32	334	343
UniRef90_A0A0F7BNP1	49.24	334	338
UniRef90_UPI00054C053A	47.65	334	337
UniRef90_A0A0N1AC64	49.39	334	359
UniRef90_UPI0006844C7F	44.58	334	354
UniRef90_A0A0G9HGB3	46.13	334	337
UniRef90_A0A066SN05	97.83	334	148
UniRef90_UPI000701F10D	50.00	334	366
UniRef90_A0A0H5A5A1	50.78	334	341
UniRef90_A0A0N1AIN5	46.25	334	338
UniRef90_A0A081C794	45.29	334	340
UniRef90_D0LHL5	49.55	334	342
UniRef90_A0A081VZP2	46.29	334	339
UniRef90_UPI00055FC47B	43.90	334	339
UniRef90_C5BLQ1	45.12	334	354
UniRef90_I3CHD3	44.41	334	345
UniRef90_UPI0006F70F1C	49.07	334	339
UniRef90_A0A081BQ44	46.56	334	358
UniRef90_Q3A1M3	50.76	334	341
UniRef90_A0A0C1LLE1	45.59	334	345
UniRef90_N9A0K0	48.17	334	353
UniRef90_A0A017SZB3	48.76	334	342
UniRef90_A0A0F2R3L2	47.40	334	356
UniRef90_UPI0006CA7E6A	45.15	334	338
UniRef90_H8GQ87	50.31	334	341
UniRef90_A9ERT8	46.46	334	339
UniRef90_UPI0003FC6228	44.51	334	339
UniRef90_S3UDP0	47.56	334	352
UniRef90_UPI00056B0657	44.21	334	337
UniRef90_A0A077L629	44.18	334	343
UniRef90_UPI0001D2E792	48.15	334	338
UniRef90_A0A0J1BN54	43.40	334	346
UniRef90_I9WLG0	45.99	334	338
UniRef90_A1VJJ2	46.94	334	365
UniRef90_UPI0001746453	47.60	334	351
UniRef90_D0S248	48.32	334	338
UniRef90_U1KL42	43.11	334	348
UniRef90_Q12DH0	46.72	334	352
UniRef90_D4XR08	47.87	334	348
UniRef90_D8JFV0	48.04	334	348
UniRef90_G0A5H1	45.37	334	351
UniRef90_A0A0N0LZF7	44.38	334	349
UniRef90_A6GBU8	46.67	334	347
UniRef90_A0A0H4WUM7	49.38	334	338
UniRef90_D0SI72	47.26	334	341
UniRef90_UPI0006D67BA4	43.77	334	342
UniRef90_A0LLB8	48.14	334	352
UniRef90_A0A0C5XFG2	45.23	334	337
UniRef90_UPI0002485349	42.39	334	343
UniRef90_UPI00046A727A	45.43	334	345
UniRef90_UPI0006F3EE89	44.25	334	340
UniRef90_A0A0N1LCK9	45.60	334	337
UniRef90_G2IPU2	45.87	334	337
UniRef90_J2KN16	46.61	334	352
UniRef90_UPI000414E086	50.60	334	346
UniRef90_V2UKJ7	46.95	334	349
UniRef90_M5S0E8	40.29	334	346
UniRef90_N8YBU1	45.57	334	344
UniRef90_N9ES37	42.69	334	343
UniRef90_UPI000688F762	44.94	334	341
UniRef90_Q08W44	48.35	334	338
UniRef90_UPI00041D644C	45.34	334	362
UniRef90_M5TB31	43.82	334	344
UniRef90_UPI0005572622	46.60	334	336
UniRef90_A0A0C5VE79	46.69	334	332
UniRef90_A0A074LXR5	44.07	334	338
UniRef90_A0A0F6YPJ5	43.77	334	341
UniRef90_A0A0F6A9H0	45.48	334	346
UniRef90_A0A0J0GYM5	99.18	334	127
UniRef90_UPI0006FA6547	46.45	334	337
UniRef90_UPI00056E9A33	47.23	334	347
UniRef90_X3Z364	79.74	334	156
UniRef90_A0A099L4T6	41.72	334	344
UniRef90_D2R2E0	45.12	334	351
UniRef90_U3A3G7	40.41	334	355
UniRef90_Q2SQI9	43.37	334	333
UniRef90_UPI000379C48C	42.14	334	344
UniRef90_M5SB30	42.52	334	346
UniRef90_UPI0003606842	45.06	334	332
UniRef90_Q7ULQ0	42.04	334	365
UniRef90_UPI00066E8FBA	62.14	334	227
UniRef90_U4T3U1	43.10	334	372
UniRef90_A0A0C2D934	41.09	334	349
UniRef90_M5UAQ9	42.94	334	344
UniRef90_UPI0003460204	48.63	334	297
UniRef90_A5GEK5	42.77	334	343
UniRef90_A0A0F2LBM0	42.69	334	352
UniRef90_UPI0002D4B261	42.44	334	352
UniRef90_D5MFP5	42.68	334	371
UniRef90_T0LFF8	41.06	334	347
UniRef90_UPI0006FDF69C	45.13	334	305
UniRef90_UPI0006D12DFA	45.67	334	342
UniRef90_V4HNU4	42.86	334	347
UniRef90_UPI000306A486	46.15	334	337
UniRef90_UPI0005520F18	42.03	334	349
UniRef90_A0A0C2EEX9	42.77	334	350
UniRef90_U4E7J6	41.27	334	334
UniRef90_X0R4B6	41.85	334	365
UniRef90_UPI000395A040	41.11	334	356
UniRef90_Q1Q2G6	38.77	334	347
UniRef90_UPI000524B712	42.44	334	349
UniRef90_F2L406	41.87	334	351
UniRef90_X7HX77	93.10	334	125
UniRef90_L8J9G1	41.53	334	335
UniRef90_G4RL29	41.00	334	361
UniRef90_UPI000403EC3E	40.84	334	343
UniRef90_A0A0K1QBB6	41.74	334	533
UniRef90_A0A068NVR1	41.79	334	343
UniRef90_A0A0C1XVW3	42.86	334	349
UniRef90_Q8U0N7	40.00	334	342
UniRef90_A0A0F7KC07	37.35	334	346
UniRef90_UPI0006D262A5	39.53	334	350
UniRef90_I3IL55	39.21	334	346
UniRef90_A0A0E9MC24	37.06	334	345
UniRef90_UPI0006D09796	40.41	334	350
UniRef90_B5EIC1	39.05	334	350
UniRef90_A0A0M4SK07	40.17	334	352
UniRef90_A0A0C9PVZ6	39.39	334	344
UniRef90_G7VI81	40.06	334	372
UniRef90_K9T280	39.02	334	346
UniRef90_UPI0003FDF823	42.90	334	357
UniRef90_A3MXQ7	40.46	334	347
UniRef90_E1QU85	39.24	334	350
UniRef90_K9QMY6	41.16	334	352
UniRef90_A8MAV7	39.48	334	354
UniRef90_X0QU82	43.06	334	366
UniRef90_A0A0F9KGE6	38.81	334	342
UniRef90_H6QDJ3	39.65	334	348
UniRef90_B2IWJ8	40.46	334	348
UniRef90_G3IX13	41.16	334	353
UniRef90_F8AI52	39.25	334	344
UniRef90_E0SPE7	39.26	334	353
UniRef90_A1RSJ7	37.50	334	348
UniRef90_B9M2E6	39.27	334	340
UniRef90_Q8TZC9	38.94	334	352
UniRef90_A8A9W2	39.52	334	353
UniRef90_Q8ZST4	38.32	334	348
UniRef90_G0EEW5	37.01	334	356
UniRef90_A0A0C2LND2	40.29	334	349
UniRef90_F4HIA4	37.80	334	343
UniRef90_I3RFI2	38.72	334	341
UniRef90_L0DTL2	40.54	334	349
UniRef90_UPI00035D67FD	39.17	334	344
UniRef90_K9PRY0	39.53	334	398
UniRef90_Q2Y720	38.05	334	353
UniRef90_UPI000349118D	40.76	334	342
UniRef90_UPI0004AD37FF	37.57	334	344
UniRef90_E0U7H1	40.67	334	350
UniRef90_UPI0006B42443	97.14	334	108
UniRef90_UPI0006DD2BE8	40.53	334	359
UniRef90_Q8YVS3	41.09	334	348
UniRef90_Q974U1	38.87	334	339
UniRef90_UPI00049537AF	40.31	334	343
UniRef90_H5SFW8	38.87	334	359
UniRef90_A2BN21	40.48	334	359
UniRef90_A0A062VAV2	37.54	334	342
UniRef90_UPI00016C3845	38.48	334	344
UniRef90_UPI00046CB4EA	42.28	334	351
UniRef90_A0A0D6KLT5	38.73	334	349
UniRef90_K9VW34	41.03	334	346
UniRef90_A0A0C2LS25	40.83	334	348
UniRef90_V4K0K1	38.37	334	355
UniRef90_UPI00064EC85F	38.97	334	333
UniRef90_K4MDF0	36.92	334	331
UniRef90_K9WDY9	39.32	334	403
UniRef90_F2ND57	37.80	334	344
UniRef90_B7KCF3	40.06	334	350
UniRef90_K9XL47	40.00	334	357
UniRef90_UPI00064FD2C9	36.20	334	338
UniRef90_UPI00064FA658	35.67	334	338
UniRef90_UPI00056E7FB2	40.64	334	347
UniRef90_UPI00036201BB	39.58	334	344
UniRef90_I0A1U3	33.89	334	362
UniRef90_B6YSJ5	39.88	334	340
UniRef90_I3ZT19	38.94	334	344
UniRef90_F8GGX4	38.53	334	344
UniRef90_G0HIX5	39.08	334	342
UniRef90_K9TDY3	38.94	334	340
UniRef90_Q12V70	36.15	334	331
UniRef90_A0A099T050	37.06	334	331
UniRef90_C5A2A3	39.23	334	344
UniRef90_B1YDJ1	37.61	334	347
UniRef90_O59198	38.12	334	341
UniRef90_UPI000671790E	39.76	334	349
UniRef90_X0WPU8	54.49	334	189
UniRef90_F0LH90	37.88	334	350
UniRef90_A0A0F2L498	37.39	334	349
UniRef90_A3DN24	40.00	334	357
UniRef90_UPI0003FABA16	38.44	334	330
UniRef90_U6EAI3	34.85	334	342
UniRef90_K9WW68	38.26	334	348
UniRef90_Q9V0Z6	37.12	334	342
UniRef90_E8WRK8	38.34	334	348
UniRef90_UPI000677E8A4	39.63	334	343
UniRef90_D3RZ48	35.98	334	335
UniRef90_Q609M1	40.79	334	361
UniRef90_A0A0K1E1X0	39.07	334	348
UniRef90_A0A097QT86	38.23	334	342
UniRef90_A0A075LTA1	38.41	334	345
UniRef90_A0A0E3NDI3	36.44	334	331
UniRef90_Q97W04	36.34	334	337
UniRef90_A0A0M0BH57	36.99	334	355
UniRef90_W1WHI3	97.89	334	106
UniRef90_L0L2N4	33.63	334	331
UniRef90_Q46DV9	37.24	334	331
UniRef90_O28837	40.12	334	328
UniRef90_A0A0E3L033	37.90	334	335
UniRef90_UPI0003B562CC	38.96	334	345
UniRef90_Q8PXC4	35.85	334	352
UniRef90_B8GS71	41.69	334	348
UniRef90_Q64BI0	36.55	334	340
UniRef90_L9M6N3	50.00	334	239
UniRef90_A0A0C9SE49	35.78	334	366
UniRef90_L0D8E7	40.92	334	401
UniRef90_Q5JIQ0	37.07	334	343
UniRef90_UPI0004955A49	33.53	334	368
UniRef90_A0A0E3SQ56	34.69	334	336
UniRef90_UPI00047E8C96	40.29	334	346
UniRef90_UPI000347025E	38.16	334	379
UniRef90_A0A089ZEF6	33.93	334	342
UniRef90_L0HLL1	37.14	334	339
UniRef90_F8ACF5	40.06	334	349
UniRef90_K6SZR5	35.84	334	342
UniRef90_J3JEW6	36.42	334	341
UniRef90_A0A060WQG1	34.42	334	364
UniRef90_W9DWD3	35.84	334	338
UniRef90_A0A0E3L3S7	37.29	334	355
UniRef90_A0A085WQU1	36.49	334	358
UniRef90_V4M421	40.51	334	324
UniRef90_UPI0006E3FCCC	36.87	334	344
UniRef90_D7E5T9	32.94	334	334
UniRef90_A0A0D8ZNT9	37.28	334	350
UniRef90_D1J8Z1	36.09	334	336
UniRef90_Q8TH85	35.59	334	355
UniRef90_UPI0000DB7F5B	47.32	334	204
UniRef90_A0A0F6XSJ9	38.81	334	358
UniRef90_B5I9D3	36.62	334	326
UniRef90_Q7ZUX5	33.64	334	363
UniRef90_UPI0005B2D286	37.28	334	334
UniRef90_F6D7W8	34.95	334	338
UniRef90_A0A0E3SA35	34.25	334	353
UniRef90_G7WNR6	38.15	334	331
UniRef90_UPI0006441D49	34.34	334	364
UniRef90_UPI0005B2619A	36.70	334	350
UniRef90_B4L530	35.21	334	359
UniRef90_M3ZTG1	32.84	334	366
UniRef90_B4M704	34.82	334	359
UniRef90_E6N8N1	34.63	334	360
UniRef90_Q6LZI0	33.74	334	337
UniRef90_D2RGX0	35.96	334	332
UniRef90_K1RWC3	35.82	334	360
UniRef90_A0A060HG08	36.28	334	363
UniRef90_A0A0F8FYX9	35.34	334	355
UniRef90_G3PJR9	33.33	334	364
UniRef90_B4N277	36.26	334	361
UniRef90_A0A0G2ZVC6	35.53	334	347
UniRef90_T1G848	35.19	334	362
UniRef90_B8D680	37.94	334	357
UniRef90_D3TNN4	35.38	334	359
UniRef90_A0A0B5HV25	34.86	334	361
UniRef90_X1PLL1	47.37	334	208
UniRef90_H3ZQ45	37.00	334	350
UniRef90_UPI0006B0FE94	34.71	334	365
UniRef90_A0A0A7GIH6	35.20	334	331
UniRef90_Q4JB78	36.20	334	335
UniRef90_H2MEQ8	32.74	334	364
UniRef90_F2KSM8	36.02	334	337
UniRef90_W5LVF1	33.53	334	367
UniRef90_F4B9G0	34.66	334	335
UniRef90_E8R7A2	37.58	334	357
UniRef90_H2TBR3	32.84	334	364
UniRef90_C6A4N4	35.03	334	350
UniRef90_E3GX28	32.63	334	337
UniRef90_H8I9Y6	34.81	334	333
UniRef90_A8UVV9	36.87	334	356
UniRef90_A6UX12	32.11	334	339
UniRef90_F0TB61	32.09	334	337
UniRef90_A4FYH8	32.31	334	337
UniRef90_D9Q1P1	33.64	334	353
UniRef90_E7QVP8	37.77	334	344
UniRef90_Q9D7H3	33.24	334	366
UniRef90_K2QD65	36.33	334	373
UniRef90_A0A0E3RYJ8	34.25	334	355
UniRef90_UPI0006738F24	35.33	334	359
UniRef90_H3B0V1	32.24	334	365
UniRef90_S9Q3L6	36.39	334	371
UniRef90_A0A0L0BXY4	34.13	334	359
UniRef90_UPI000475EEAF	32.83	334	336
UniRef90_Q29I17	36.71	334	365
UniRef90_A0A0M0BGZ5	32.44	334	357
UniRef90_UPI0002EEAC4E	37.69	334	345
UniRef90_F4FZ36	35.28	334	336
UniRef90_A9A7D8	34.25	334	337
UniRef90_D1Z1E5	33.63	334	340
UniRef90_E2RQG6	32.45	334	540
UniRef90_Q60335	34.56	334	338
UniRef90_V4AM61	34.52	334	373
UniRef90_A0B532	36.75	334	332
UniRef90_D2HFE4	31.70	334	374
UniRef90_C3YTD9	32.48	334	363
UniRef90_C9RGW4	32.51	334	341
UniRef90_N6VWW2	33.33	334	347
UniRef90_O00442	32.73	334	366
UniRef90_UPI000679BC1F	37.15	334	339
UniRef90_V9KVW2	31.94	334	364
UniRef90_A0A075WS70	35.31	334	351
UniRef90_F8AKK9	31.58	334	347
UniRef90_M0GSI4	36.84	334	336
UniRef90_A0A067RIS5	33.33	334	359
UniRef90_F7XMI3	34.66	334	331
UniRef90_A0A0B3AJK6	40.76	334	265
UniRef90_UPI0005ACBC3A	32.93	334	491
UniRef90_K0IDH7	34.81	334	352
UniRef90_I3TD06	36.84	334	348
UniRef90_A0A0F7IFB3	36.72	334	333
UniRef90_A0A0M3QZ26	33.92	334	360
UniRef90_UPI0003C37D80	34.43	334	359
UniRef90_W7KUF2	34.67	334	333
UniRef90_B3MYY3	34.49	334	362
UniRef90_F8C4I6	33.13	334	353
UniRef90_U3TEV5	36.51	334	360
UniRef90_D5U321	36.14	334	357
UniRef90_UPI00056F25E9	33.03	334	351
UniRef90_O66884	35.20	334	360
UniRef90_X1QLB6	33.62	334	352
UniRef90_A0A0E3QZW5	35.26	334	317
UniRef90_B3WVV6	95.40	334	95
UniRef90_A0A075G9S2	32.27	334	349
UniRef90_A0A0F7FG59	32.46	334	352
UniRef90_UPI0003340BFB	31.47	334	367
UniRef90_A0A0M0C075	33.04	334	342
UniRef90_F1S564	32.15	334	365
UniRef90_D6WSP1	34.16	334	398
UniRef90_A0A075MUG5	35.07	334	354
UniRef90_L7U905	36.83	334	357
UniRef90_UPI00067C69F3	33.81	334	385
UniRef90_H2C2Y3	34.02	334	336
UniRef90_B1L6E9	37.24	334	348
UniRef90_UPI0003FAD17A	43.89	334	236
UniRef90_B1H169	31.93	334	351
UniRef90_A7S6R8	33.14	334	348
UniRef90_F6BF14	32.02	334	337
UniRef90_Q9YES0	38.08	334	361
UniRef90_UPI00023228FC	38.20	334	332
UniRef90_UPI00069668DC	31.78	334	393
UniRef90_B4JLU6	32.66	334	360
UniRef90_A0A031LUM9	32.35	334	335
UniRef90_D0MDF2	36.80	334	361
UniRef90_UPI0003EDE49F	33.45	334	359
UniRef90_D5VQT4	32.73	334	338
UniRef90_Q1D5T2	36.76	334	360
UniRef90_UPI0002038F81	31.40	334	438
UniRef90_UPI0006CF88AB	37.61	334	352
UniRef90_I4CBD7	36.28	334	346
UniRef90_O27937	34.15	334	337
UniRef90_N6VYD3	33.43	334	333
UniRef90_K7FXS0	31.47	334	365
UniRef90_O77264	34.43	334	361
UniRef90_P58127	97.31	334	342
UniRef90_S1G274	88.92	334	338
UniRef90_T8JMC6	87.43	334	338
UniRef90_A0A0K1K2A4	55.06	334	347
UniRef90_A0A0F5BA74	69.07	334	339
UniRef90_V1H2V9	68.86	334	339
UniRef90_A0A0G3RE29	67.66	334	339
UniRef90_A0A080M4A9	57.10	334	341
UniRef90_A0A0G3BHV9	54.17	334	358
UniRef90_UPI00037B5321	53.85	334	354
UniRef90_UPI00047D3E00	56.16	334	337
UniRef90_UPI00061CF2E9	59.58	334	337
UniRef90_A0A0N1JTI0	56.16	334	342
UniRef90_A0A098UCA9	54.17	334	339
UniRef90_Q0SZP6	86.23	334	300
UniRef90_UPI0006889E49	58.51	334	355
UniRef90_A0A0C1Y477	49.40	334	339
UniRef90_A0A0A0DYY4	47.48	334	339
UniRef90_UPI0005519A19	57.14	334	344
UniRef90_Q8Y2V6	58.38	334	347
UniRef90_UPI0006F208C7	49.12	334	354
UniRef90_UPI000427C0B5	48.36	334	351
UniRef90_Q8ZLI0	67.96	334	339
UniRef90_UPI000407A6C9	49.42	334	345
UniRef90_UPI00037632A1	48.06	334	336
UniRef90_V5DIJ8	49.40	334	342
UniRef90_L9PJU2	53.27	334	343
UniRef90_S6IQ82	55.35	334	342
UniRef90_A6DQK3	47.88	334	338
UniRef90_G7VI81	38.94	334	372
UniRef90_A0A0G3CTD4	48.96	334	340
UniRef90_UPI0004A2F3A4	49.12	334	345
UniRef90_Q8ZST4	37.17	334	348
UniRef90_F8AI52	37.76	334	344
UniRef90_A0A0K8JY42	55.65	334	342
UniRef90_A0A0E3L033	36.90	334	335
UniRef90_UPI000469A1FF	52.91	334	342
UniRef90_UPI0003FCFCD6	51.19	334	339
UniRef90_A0A0A6DNE8	53.57	334	339
UniRef90_UPI000701B54A	49.12	334	345
UniRef90_Q8U0N7	38.76	334	342
UniRef90_A1RSJ7	35.88	334	348
UniRef90_I3RFI2	37.28	334	341
UniRef90_UPI000702BD66	54.90	334	341
UniRef90_F4HIA4	37.00	334	343
UniRef90_A0A0A6PRC7	51.08	334	352
UniRef90_S9RVN1	58.33	334	351
UniRef90_A0A0D6BZJ4	53.09	334	348
UniRef90_A0A0D0IZ05	53.27	334	341
UniRef90_UPI0006FF7648	52.98	334	343
UniRef90_UPI00041FC3C9	54.46	334	342
UniRef90_Q3A0N6	49.24	334	342
UniRef90_A0A0E1E2S8	52.23	334	343
UniRef90_A4XRJ0	51.04	334	341
UniRef90_UPI00064EC85F	38.15	334	333
UniRef90_Q9V0Z6	36.39	334	342
UniRef90_F6AFQ8	53.87	334	341
UniRef90_H6QDJ3	38.24	334	348
UniRef90_Q4KEB8	52.78	334	342
UniRef90_UPI000379CD48	47.92	334	339
UniRef90_UPI0006F3F874	50.44	334	344
UniRef90_Q46DV9	36.12	334	331
UniRef90_A0A0E3NDI3	35.01	334	331
UniRef90_UPI00049537AF	39.76	334	343
UniRef90_B6YSJ5	38.94	334	340
UniRef90_A0A0G2ZKZ5	48.37	334	338
UniRef90_A0A081C794	45.10	334	340
UniRef90_O59198	37.31	334	341
UniRef90_UPI000590E7F3	54.76	334	347
UniRef90_O00442	32.34	334	366
UniRef90_A0A0D6SAA5	53.41	334	341
UniRef90_UPI00041A3290	49.55	334	343
UniRef90_E1QU85	38.05	334	350
UniRef90_C7RUL8	57.66	334	357
UniRef90_U6ZRP8	53.09	334	343
UniRef90_Q8TZC9	38.94	334	352
UniRef90_A0A0L6T5J4	50.88	334	349
UniRef90_A0A090AM50	48.51	334	346
UniRef90_F0LH90	37.10	334	350
UniRef90_UPI00055F55E7	51.79	334	340
UniRef90_A0A0K3EE67	97.16	334	335
UniRef90_K0WHD7	53.27	334	342
UniRef90_UPI00030696F4	52.89	334	341
UniRef90_H2MEQ8	32.07	334	364
UniRef90_A0A0D5Y1X3	53.23	334	353
UniRef90_Q7ZUX5	32.54	334	363
UniRef90_Q02G92	54.35	334	341
UniRef90_Q5JIQ0	36.25	334	343
UniRef90_UPI0006D262A5	38.94	334	350
UniRef90_D5C524	47.71	334	350
UniRef90_U3HCD2	55.08	334	341
UniRef90_A0A077LHZ3	56.27	334	343
UniRef90_J2XQ55	52.98	334	341
UniRef90_UPI000346013A	47.66	334	349
UniRef90_A3MXQ7	38.53	334	347
UniRef90_Q9D7H3	32.64	334	366
UniRef90_A0A0N0D4F2	46.29	334	755
UniRef90_A0A060WQG1	33.53	334	364
UniRef90_UPI0006D09796	39.07	334	350
UniRef90_UPI0006441D49	32.54	334	364
UniRef90_V8RCG3	51.52	334	342
UniRef90_Q8PXC4	34.84	334	352
UniRef90_D2HFE4	31.88	334	374
UniRef90_UPI0004DF7E0C	45.40	334	343
UniRef90_A0A062VAV2	36.84	334	342
UniRef90_A0A0C1ZSV7	51.82	334	341
UniRef90_V8P0D2	29.38	334	403
UniRef90_A0A081BQ44	44.35	334	358
UniRef90_UPI0006F2DEDA	48.54	334	345
UniRef90_A0A097QT86	37.50	334	342
UniRef90_I3IL55	38.24	334	346
UniRef90_A0A062XS50	48.21	334	342
UniRef90_C5A2A3	39.05	334	344
UniRef90_K7FXS0	30.86	334	365
UniRef90_UPI0005B2619A	35.07	334	350
UniRef90_UPI0006F6584D	53.27	334	344
UniRef90_UPI000289F528	50.60	334	340
UniRef90_G3PJR9	31.45	334	364
UniRef90_UPI0003FC6228	43.92	334	339
UniRef90_UPI0005CFAAF3	52.92	334	341
UniRef90_I3ZT19	38.76	334	344
UniRef90_B1YDJ1	35.99	334	347
UniRef90_UPI0002038F81	29.97	334	438
UniRef90_A0A0K1EFT6	48.66	334	339
UniRef90_E2RQG6	32.64	334	540
UniRef90_H0Z446	29.29	334	365
UniRef90_A0A0E3SA35	33.71	334	353
UniRef90_M3ZTG1	31.55	334	366
UniRef90_UPI0006FE6CAB	51.06	334	340
UniRef90_C3YTD9	31.10	334	363
UniRef90_A0A0F2NEV0	47.62	334	335
UniRef90_UPI0003F6CE60	50.30	334	341
UniRef90_Q8TH85	33.43	334	355
UniRef90_A0A0F8FYX9	33.43	334	355
UniRef90_A0A0F0DJE8	55.35	334	341
UniRef90_UPI0003340BFB	31.07	334	367
UniRef90_O00442-2	31.14	334	379
UniRef90_N8R6M9	47.72	334	348
UniRef90_S7U0L8	46.59	334	345
UniRef90_Q12V70	35.31	334	331
UniRef90_UPI00030823A6	54.77	334	341
UniRef90_A0A099T050	35.22	334	331
UniRef90_H3B0V1	31.85	334	365
UniRef90_A0A0C9PVZ6	36.87	334	344
UniRef90_V9KVW2	30.65	334	364
UniRef90_UPI0002D4B261	41.98	334	352
UniRef90_H3ZQ45	35.07	334	350
UniRef90_UPI0006FE8DD6	54.46	334	343
UniRef90_UPI0005520F18	41.11	334	349
UniRef90_Q1D2I6	48.95	334	338
UniRef90_UPI0002EEDDDE	52.98	334	341
UniRef90_H8MQS4	47.77	334	338
UniRef90_G0HIX5	38.05	334	342
UniRef90_A0A0F0FED9	50.59	334	339
UniRef90_UPI0005ACBC3A	33.13	334	491
UniRef90_UPI00036DE6E2	61.86	334	347
UniRef90_B4D8H6	51.37	334	342
UniRef90_UPI00035D67FD	38.69	334	344
UniRef90_T0LFF8	40.77	334	347
UniRef90_L7UFT6	49.38	334	338
UniRef90_E1C1Y0	29.38	334	367
UniRef90_A8MAV7	39.31	334	354
UniRef90_UPI00064FA658	34.23	334	338
UniRef90_A0A0E3RYJ8	33.15	334	355
UniRef90_UPI0004955A49	32.84	334	368
UniRef90_UPI000688915F	47.65	334	332
UniRef90_UPI000429A8E2	46.47	334	343
UniRef90_UPI0006DC18E6	48.10	334	366
UniRef90_UPI0006844C7F	43.57	334	354
UniRef90_H2TBR3	31.55	334	364
UniRef90_U3JID7	29.76	334	372
UniRef90_A0A0F2LBM0	42.68	334	352
UniRef90_A0A0N0E4D7	51.64	334	339
UniRef90_A0A0E3L3S7	34.08	334	355
UniRef90_UPI000648CB78	48.25	334	349
UniRef90_UPI0006E3FCCC	36.69	334	344
UniRef90_Q1Q2G6	37.24	334	347
UniRef90_A3DN24	38.12	334	357
UniRef90_UPI0002485349	42.04	334	343
UniRef90_UPI00064FD2C9	34.82	334	338
UniRef90_A0A0F9KGE6	37.84	334	342
UniRef90_B7X3Q2	49.12	334	345
UniRef90_F6D7W8	32.74	334	338
UniRef90_Q1IS76	50.89	334	355
UniRef90_C9RGW4	32.00	334	341
UniRef90_W5LVF1	32.84	334	367
UniRef90_D5MFP5	42.02	334	371
UniRef90_A0A075LTA1	37.39	334	345
UniRef90_F1S564	30.77	334	365
UniRef90_UPI00031A0606	50.00	334	340
UniRef90_A0A0C2LND2	38.95	334	349
UniRef90_A0A0C2LS25	39.83	334	348
UniRef90_A0A0K1PN75	47.04	334	344
UniRef90_K0HZY4	46.67	334	357
UniRef90_UPI000688F762	44.18	334	341
UniRef90_U6EAI3	34.12	334	342
UniRef90_A8A9W2	38.72	334	353
UniRef90_A0A0K1E1X0	37.46	334	348
UniRef90_A0A0F2L498	36.05	334	349
UniRef90_A9BRG5	47.66	334	347
UniRef90_G0A5H1	44.21	334	351
UniRef90_A0A0C9SE49	36.18	334	366
UniRef90_UPI00034C25A2	46.59	334	337
UniRef90_I3CHD3	43.73	334	345
UniRef90_K1RWC3	33.43	334	360
UniRef90_F0Q062	48.39	334	345
UniRef90_UPI0005B39C9E	49.71	334	347
UniRef90_UPI000290F7E2	53.96	334	341
UniRef90_A0A0D1L0X5	47.58	334	337
UniRef90_N9ES37	42.34	334	343
UniRef90_A5GEK5	41.98	334	343
UniRef90_UPI00069668DC	30.79	334	393
UniRef90_UPI000379C48C	41.79	334	344
UniRef90_A0A0C1LLE1	44.54	334	345
UniRef90_V4AM61	33.93	334	373
UniRef90_UPI000403EC3E	39.82	334	343
UniRef90_D7E5T9	31.16	334	334
UniRef90_UPI0006F82B37	46.65	334	360
UniRef90_UPI0006B0FE94	33.33	334	365
UniRef90_A0A0C5XFG2	44.51	334	337
UniRef90_A0A077L629	43.84	334	343
UniRef90_UPI000289617E	47.77	334	337
UniRef90_UPI00055FC47B	43.32	334	339
UniRef90_UPI00054C053A	46.29	334	337
UniRef90_A0A0N1AIN5	44.08	334	338
UniRef90_C6A4N4	33.91	334	350
UniRef90_G0EEW5	36.42	334	356
UniRef90_G1PEU0	31.66	334	366
UniRef90_S9PCW2	48.83	334	341
UniRef90_UPI0006F554E2	47.18	334	337
UniRef90_A0A0L8FY96	29.39	334	359
UniRef90_K9T280	38.08	334	346
UniRef90_K4MDF0	36.23	334	331
UniRef90_F2L406	40.61	334	351
UniRef90_A9ERT8	45.40	334	339
UniRef90_A0A0J1BN54	43.40	334	346
UniRef90_B4N277	34.49	334	361
UniRef90_K9WDY9	38.68	334	403
UniRef90_A2BN21	39.64	334	359
UniRef90_G4RL29	40.12	334	361
UniRef90_I9WLG0	44.81	334	338
UniRef90_A0A0F6YPJ5	43.77	334	341
UniRef90_Q12DH0	45.43	334	352
UniRef90_Q60335	34.15	334	338
UniRef90_D0S248	47.71	334	338
UniRef90_T1IN18	31.29	334	390
UniRef90_A0A017SZB3	46.59	334	342
UniRef90_A0A085WHP8	49.25	334	338
UniRef90_N2J6E3	51.98	334	339
UniRef90_A0A0C1XVW3	39.83	334	349
UniRef90_D4XR08	46.13	334	348
UniRef90_UPI000524B712	41.57	334	349
UniRef90_S3UDP0	47.56	334	352
UniRef90_A0A089ZEF6	33.84	334	342
UniRef90_D8JFV0	47.56	334	348
UniRef90_B1H169	31.33	334	351
UniRef90_W0AHN8	50.00	334	337
UniRef90_C5BLQ1	44.64	334	354
UniRef90_UPI000418D139	48.07	334	335
UniRef90_G2IPU2	44.81	334	337
UniRef90_A0A0C2IGD3	52.98	334	340
UniRef90_A0A0F7BNP1	48.93	334	338
UniRef90_A0A0F9XXF6	32.28	334	359
UniRef90_U3A3G7	39.59	334	355
UniRef90_UPI00056B0657	43.92	334	337
UniRef90_A0A084VU98	32.45	334	371
UniRef90_F7XMI3	34.23	334	331
UniRef90_UPI0003FDF823	42.00	334	357
UniRef90_L0L2N4	32.94	334	331
UniRef90_B9M2E6	39.23	334	340
UniRef90_D3TNN4	34.29	334	359
UniRef90_UPI0004A8355F	52.25	334	319
UniRef90_D0SI72	45.83	334	341
UniRef90_H5SFW8	38.08	334	359
UniRef90_N8YBU1	44.75	334	344
UniRef90_B4Q1B7	33.53	334	361
UniRef90_A0A0N0LZF7	43.40	334	349
UniRef90_A0A0F3IF93	50.30	334	341
UniRef90_Q974U1	36.47	334	339
UniRef90_V2UKJ7	46.06	334	349
UniRef90_O77264	33.91	334	361
UniRef90_K9VW34	38.08	334	346
UniRef90_J0KI28	47.83	334	348
UniRef90_B5EIC1	38.01	334	350
UniRef90_UPI0003F0A08B	27.98	334	362
UniRef90_K9PRY0	39.07	334	398
UniRef90_B4L530	34.23	334	359
UniRef90_A0A0M3QZ26	32.66	334	360
UniRef90_R7TZB6	30.00	334	358
UniRef90_O28837	37.80	334	328
UniRef90_UPI0006738F24	35.03	334	359
UniRef90_B4M704	33.93	334	359
UniRef90_Q64BI0	34.41	334	340
UniRef90_UPI0006CA7E6A	44.51	334	338
UniRef90_N9A0K0	46.73	334	353
UniRef90_A0A0E3SQ56	33.73	334	336
UniRef90_UPI000349118D	39.23	334	342
UniRef90_B3MYY3	34.10	334	362
UniRef90_B4I9N6	33.04	334	361
UniRef90_A0A087UTB5	30.97	334	359
UniRef90_F2KSM8	34.12	334	337
UniRef90_A0A0F6A9H0	43.82	334	346
UniRef90_K6SZR5	33.92	334	342
UniRef90_UPI0002654BA2	31.63	334	353
UniRef90_UPI00046A727A	43.53	334	345
UniRef90_Q29I17	36.42	334	365
UniRef90_Q3KEW5	50.89	334	342
UniRef90_A0A0E9MC24	37.06	334	345
UniRef90_N6VWW2	30.79	334	347
UniRef90_UPI00036E39ED	47.14	334	345
UniRef90_UPI000288F866	52.62	334	341
UniRef90_A0A0E3QZW5	34.06	334	317
UniRef90_F6TGX7	30.45	334	364
UniRef90_T1G848	34.36	334	362
UniRef90_U1KL42	42.52	334	348
UniRef90_D5EBN3	32.46	334	351
UniRef90_UPI0006D67BA4	42.86	334	342
UniRef90_F0TB61	30.67	334	337
UniRef90_K9XL47	39.53	334	357
UniRef90_A0A031H510	50.00	334	338
UniRef90_D6WSP1	33.23	334	398
UniRef90_F2ND57	37.39	334	344
UniRef90_A0A0C2EEX9	42.18	334	350
UniRef90_A0A034VDG0	33.04	334	359
UniRef90_A0A0A8E1J9	47.18	334	339
UniRef90_A0A0F7FG59	32.46	334	352
UniRef90_UPI00040F18AE	57.78	334	345
UniRef90_G3IX13	40.87	334	353
UniRef90_A0LLB8	46.13	334	352
UniRef90_A0A0N1LCK9	44.35	334	337
UniRef90_A0A0L0BXY4	33.04	334	359
UniRef90_UPI0003C37D80	33.63	334	359
UniRef90_A6GBU8	45.06	334	347
UniRef90_C5CJX9	47.14	334	345
UniRef90_E3GX28	32.64	334	337
UniRef90_A0A081VZP2	46.29	334	339
UniRef90_A0A099L4T6	41.94	334	344
UniRef90_UPI0004031FA5	49.71	334	351
UniRef90_M5S0E8	40.59	334	346
UniRef90_E8R7A2	36.36	334	357
UniRef90_UPI0006CF88AB	36.61	334	352
UniRef90_G6D3T0	32.15	334	355
UniRef90_UPI0006410E01	29.12	334	357
UniRef90_A0A0C2D934	40.79	334	349
UniRef90_B3P8V7	31.79	334	361
UniRef90_W5JFK2	31.20	334	361
UniRef90_W9DWD3	33.82	334	338
UniRef90_D0LHL5	48.06	334	342
UniRef90_J2KN16	44.29	334	352
UniRef90_UPI0003606842	44.58	334	332
UniRef90_E6V468	50.29	334	345
UniRef90_Q7Q2U7	31.40	334	367
UniRef90_I0A1U3	32.02	334	362
UniRef90_UPI0006DD2BE8	40.06	334	359
UniRef90_UPI00067C69F3	32.54	334	385
UniRef90_A0A074LXR5	43.79	334	338
UniRef90_UPI00047E8C96	39.36	334	346
UniRef90_A0A0B5HV25	33.43	334	361
UniRef90_D3RZ48	35.56	334	335
UniRef90_E0SPE7	36.71	334	353
UniRef90_A0A0D0KYD2	50.29	334	345
UniRef90_UPI00046CB4EA	40.12	334	351
UniRef90_A0B532	36.14	334	332
UniRef90_Q97W04	35.98	334	337
UniRef90_UPI00056E7FB2	39.18	334	347
UniRef90_B4JLU6	31.94	334	360
UniRef90_UPI000475EEAF	32.32	334	336
UniRef90_A0A0N1AC64	48.25	334	359
UniRef90_A0A0C5VE79	45.37	334	332
UniRef90_UPI000347025E	35.92	334	379
UniRef90_UPI00036201BB	37.95	334	344
UniRef90_D5U321	35.56	334	357
UniRef90_M5TB31	43.82	334	344
UniRef90_UPI0006F3EE89	44.08	334	340
UniRef90_K9QMY6	40.23	334	352
UniRef90_UPI0006FA6547	45.99	334	337
UniRef90_A0A021WAG3	48.82	334	344
UniRef90_K9TDY3	37.50	334	340
UniRef90_Q6LZI0	32.11	334	337
UniRef90_M5SB30	42.23	334	346
UniRef90_Q2Y720	37.17	334	353
UniRef90_UPI000462138F	32.67	334	366
UniRef90_UPI0006FCD06D	46.94	334	365
UniRef90_Q2SQI9	42.55	334	333
UniRef90_V4HNU4	40.88	334	347
UniRef90_A0A0F2R3L2	46.57	334	356
UniRef90_K9WW68	37.61	334	348
UniRef90_UPI0006F70F1C	48.77	334	339
UniRef90_UPI0006CBAFC0	29.12	334	357
UniRef90_UPI00041D644C	43.82	334	362
UniRef90_B2IWJ8	39.07	334	348
UniRef90_F6BF14	31.69	334	337
UniRef90_H8I9Y6	32.64	334	333
UniRef90_D1Z1E5	33.23	334	340
UniRef90_V6E1N4	95.29	334	256
UniRef90_I1FWB4	31.87	334	400
UniRef90_Q16VD8	28.95	334	359
UniRef90_V4K0K1	37.43	334	355
UniRef90_UPI00055B9C29	47.77	334	339
UniRef90_G3S5N6	29.55	334	364
UniRef90_A0A0H4WUM7	47.18	334	338
UniRef90_A0A0M0BH57	36.15	334	355
UniRef90_B8D680	36.66	334	357
UniRef90_A7S6R8	31.40	334	348
UniRef90_N6VYD3	32.62	334	333
UniRef90_S6A575	30.41	334	370
UniRef90_E8WRK8	36.26	334	348
UniRef90_UPI00042306B7	55.22	334	340
UniRef90_A0A0M4SK07	39.07	334	352
UniRef90_H8GQ87	50.31	334	341
UniRef90_Q0W2X0	31.42	334	333
UniRef90_U4T3U1	42.21	334	372
UniRef90_A0A0D9AZI3	47.77	334	343
UniRef90_E6N8N1	32.95	334	360
UniRef90_A0A068NVR1	40.72	334	343
UniRef90_A0A0C3G7C6	32.47	334	379
UniRef90_UPI0005B2D286	36.14	334	334
UniRef90_B7KCF3	38.48	334	350
UniRef90_F8AKK9	31.08	334	347
UniRef90_F2UDG5	32.16	334	368
UniRef90_UPI000441799E	33.05	334	379
UniRef90_A0A067RIS5	33.04	334	359
UniRef90_A1VJJ2	46.55	334	365
UniRef90_Q4JB78	34.45	334	335
UniRef90_H0WSG8	29.59	334	365
UniRef90_A0A0K4L195	96.77	334	266
UniRef90_I3TD06	35.91	334	348
UniRef90_K2QD65	31.82	334	373
UniRef90_A0A0D6KLT5	37.50	334	349
UniRef90_Q7ULQ0	41.64	334	365
UniRef90_A9A7D8	32.92	334	337
UniRef90_Q8YVS3	38.66	334	348
UniRef90_N6U7J7	29.29	334	349
UniRef90_E0U7H1	39.36	334	350
UniRef90_A1RWP7	32.16	334	349
UniRef90_A4FYH8	32.31	334	337
UniRef90_M5UAQ9	42.65	334	344
UniRef90_A6VJV4	30.77	334	337
UniRef90_A0A0G9HGB3	46.13	334	337
UniRef90_D1J8Z1	35.67	334	336
UniRef90_UPI000675E09A	31.56	334	357
UniRef90_D5VQT4	31.83	334	338
UniRef90_UPI0004AD37FF	37.09	334	344
UniRef90_O27937	33.04	334	337
UniRef90_UPI00045E5371	28.08	334	371
UniRef90_A6UX12	31.60	334	339
UniRef90_A0A0F7KC07	36.47	334	346
UniRef90_B8PJV5	30.46	334	387
UniRef90_O66884	34.84	334	360
UniRef90_W8BJ60	32.36	334	392
UniRef90_UPI0005F084A9	29.82	334	344
UniRef90_B0WR11	26.98	334	358
UniRef90_F8P4Z0	30.64	334	368
UniRef90_A0A067Q0V1	30.00	334	372
UniRef90_UPI0003B562CC	37.65	334	345
UniRef90_U4E7J6	39.04	334	334
UniRef90_L0HLL1	36.92	334	339
UniRef90_F4B9G0	32.93	334	335
UniRef90_A0A060S3Y5	31.05	334	381
UniRef90_A0A0A4GCI9	47.77	334	353
UniRef90_L0DTL2	38.64	334	349
UniRef90_UPI0006C9A775	30.97	334	373
UniRef90_Q08W44	48.35	334	338
UniRef90_UPI000414E086	49.85	334	346
UniRef90_Q3A1M3	50.76	334	341
UniRef90_UPI0001D2E792	47.48	334	338
UniRef90_UPI0003EDE49F	33.22	334	359
UniRef90_UPI00064431A5	28.12	334	376
UniRef90_B1L6E9	33.04	334	348
UniRef90_UPI00029DAFF0	27.07	334	391
UniRef90_UPI00016C3845	37.24	334	344
UniRef90_Q609M1	39.48	334	361
UniRef90_N0BAY9	31.36	334	336
UniRef90_UPI00065BB9C2	30.27	334	386
UniRef90_S8EB49	29.80	334	376
UniRef90_D2RGX0	34.63	334	332
UniRef90_L8J9G1	40.88	334	335
UniRef90_UPI0005572622	45.32	334	336
UniRef90_UPI0001746453	47.60	334	351
UniRef90_UPI000701F10D	46.52	334	366
UniRef90_E9I127	32.25	334	363
UniRef90_G3R285	28.57	334	350
UniRef90_A0A0K1QBB6	40.25	334	533
UniRef90_A0A0G4G9I7	30.11	334	411
UniRef90_UPI0004F0B4EC	32.76	334	331
UniRef90_UPI0004AA2ED5	30.35	334	374
UniRef90_L0D8E7	39.05	334	401
UniRef90_G4TE20	30.68	334	373
UniRef90_UPI000674596C	29.41	334	389
UniRef90_A0A0C9UM62	28.65	334	383
UniRef90_A0A0A7GIH6	34.12	334	331
UniRef90_UPI000441271C	29.86	334	385
UniRef90_D8PW35	30.56	334	377
UniRef90_J3JEW6	34.51	334	341
UniRef90_B5I9D3	33.75	334	326
UniRef90_D3BAC3	27.33	334	437
UniRef90_A0A0M0C075	31.86	334	342
UniRef90_A0A077Z166	30.38	334	363
UniRef90_UPI0004444415	30.25	334	383
UniRef90_H2C2Y3	33.13	334	336
