UniRef90_Q56320	100.00	205	205
UniRef90_B9K6Z3	73.17	205	205
UniRef90_UPI0003B31E0C	52.17	205	209
UniRef90_B3E754	52.45	205	205
UniRef90_F0S316	50.24	205	208
UniRef90_A0A0A8WN63	50.97	205	207
UniRef90_Q74AH7	49.76	205	203
UniRef90_UPI0003F7EE08	49.03	205	207
UniRef90_UPI000419CA3F	50.71	205	217
UniRef90_A0A0B5BLI2	50.00	205	203
UniRef90_A0A0C2HJ91	48.78	205	208
UniRef90_A0A0F2J086	48.53	205	202
UniRef90_A0A0F2NLY7	52.94	205	205
UniRef90_UPI0003F50D6F	52.88	205	206
UniRef90_UPI0002FC34FC	48.78	205	205
UniRef90_Q39SQ9	47.32	205	202
UniRef90_G9QQQ7	49.75	205	204
UniRef90_A1ANJ2	48.53	205	209
UniRef90_B5YKL4	48.08	205	217
UniRef90_E8T643	48.31	205	210
UniRef90_Q0EXD7	48.78	205	213
UniRef90_A0A0B6X005	45.50	205	220
UniRef90_F8ADF5	52.33	205	213
UniRef90_F2NIL9	50.24	205	230
UniRef90_UPI0003B4C993	49.02	205	205
UniRef90_A0A0B5FGE3	47.26	205	214
UniRef90_B5EBV0	48.53	205	206
UniRef90_A0A0M4D2L3	49.76	205	212
UniRef90_A5GES5	47.57	205	203
UniRef90_B1I3Z6	50.00	205	204
UniRef90_UPI0004092070	50.97	205	206
UniRef90_N6VVN2	51.47	205	206
UniRef90_A0A073JYW4	49.02	205	203
UniRef90_A0A0C5VNL3	44.17	205	204
UniRef90_UPI000420F1DC	45.85	205	205
UniRef90_M1ZDY0	47.80	205	209
UniRef90_E8WMB2	47.06	205	208
UniRef90_Q1JY03	47.29	205	213
UniRef90_A0A0M0GCI5	46.83	205	207
UniRef90_A7H791	45.54	205	206
UniRef90_A0A0K9H5Z3	49.03	205	211
UniRef90_UPI00036937D1	49.26	205	200
UniRef90_I4CB12	47.78	205	216
UniRef90_F6DPQ9	46.80	205	211
UniRef90_A0A0F7KEN5	48.83	205	208
UniRef90_D5MFE4	44.39	205	207
UniRef90_B8GQE3	47.32	205	212
UniRef90_Q5GMK4	45.71	205	209
UniRef90_UPI0004E1371E	51.26	205	207
UniRef90_A0A0B0EL20	45.85	205	202
UniRef90_I3IQE3	46.80	205	208
UniRef90_A0A073K4H8	49.76	205	204
UniRef90_F8GF19	45.89	205	205
UniRef90_X0V6F3	49.22	205	191
UniRef90_A0A0J7DJN2	48.53	205	204
UniRef90_D8EVZ0	47.03	205	210
UniRef90_UPI0005510756	50.25	205	200
UniRef90_UPI0003A4C079	45.59	205	208
UniRef90_UPI00039F8771	45.63	205	205
UniRef90_Q2LUD8	46.50	205	230
UniRef90_D7CWT2	44.61	205	203
UniRef90_W4M2J6	44.88	205	205
UniRef90_R8QVY9	48.78	205	202
UniRef90_UPI000421A151	44.29	205	223
UniRef90_X0WVZ9	45.32	205	218
UniRef90_A0A076W3E0	47.80	205	202
UniRef90_A0LA38	41.71	205	210
UniRef90_X1FZA8	46.27	205	225
UniRef90_UPI0004183F04	45.37	205	203
UniRef90_I3E994	49.04	205	203
UniRef90_D5CUF7	47.57	205	209
UniRef90_Q3A6L4	44.55	205	208
UniRef90_W7L829	47.29	205	207
UniRef90_A0A0C9PK61	48.04	205	204
UniRef90_V4IIX9	46.73	205	218
UniRef90_UPI0003628ADF	43.20	205	203
UniRef90_A0A0C7NBF3	45.85	205	219
UniRef90_F9ZFZ5	44.29	205	205
UniRef90_Q1Q287	45.81	205	202
UniRef90_A0A0J6HNR2	47.57	205	207
UniRef90_UPI000380CF69	43.63	205	204
UniRef90_UPI00034A5BB9	48.26	205	217
UniRef90_W4LQ46	44.17	205	205
UniRef90_A0A081BLM5	42.64	205	217
UniRef90_UPI0005707C77	46.70	205	203
UniRef90_UPI0002FD5F76	44.83	205	205
UniRef90_W2U289	44.44	205	200
UniRef90_A9VJW1	48.53	205	204
UniRef90_Q2SJD2	46.77	205	213
UniRef90_UPI00055008E3	43.13	205	224
UniRef90_A0A0F2N5I7	47.32	205	221
UniRef90_B9M5M0	44.61	205	207
UniRef90_E5WJU9	47.06	205	206
UniRef90_N0B286	44.83	205	209
UniRef90_F6CML9	51.92	205	204
UniRef90_Q2RIT8	44.39	205	223
UniRef90_UPI00067DE3A2	43.81	205	222
UniRef90_I3DW12	45.93	205	206
UniRef90_U5LE81	49.51	205	209
UniRef90_UPI0003FB4D87	44.29	205	224
UniRef90_M5A2N1	46.77	205	217
UniRef90_A0A0F2PS67	47.52	205	211
UniRef90_UPI000524E62B	43.20	205	211
UniRef90_UPI000363C34F	45.10	205	212
UniRef90_A0A0K1WLJ7	45.15	205	210
UniRef90_A3YF97	45.89	205	206
UniRef90_UPI000463562F	45.19	205	204
UniRef90_UPI000255A336	45.89	205	206
UniRef90_UPI0004833E6E	46.63	205	207
UniRef90_UPI000564CC58	48.28	205	205
UniRef90_A0A098EYP0	44.83	205	209
UniRef90_A0A094S0T0	47.52	205	219
UniRef90_B9XH50	43.78	205	214
UniRef90_A0A0F3GVV8	48.06	205	206
UniRef90_A0A0C5IZ68	45.24	205	207
UniRef90_UPI0005A7407F	44.83	205	207
UniRef90_UPI0005C8B5A8	43.69	205	201
UniRef90_UPI000382D2E1	48.29	205	206
UniRef90_E3FRC5	47.60	205	212
UniRef90_A0A0F9Q5J2	47.24	205	203
UniRef90_F2NLR0	46.80	205	199
UniRef90_UPI0004012231	44.93	205	202
UniRef90_I0JZB6	44.98	205	217
UniRef90_A0A0F4R562	45.41	205	206
UniRef90_F2LMG8	46.01	205	232
UniRef90_S3NIC1	42.86	205	213
UniRef90_J8GKY0	47.55	205	204
UniRef90_A0A086WAQ7	44.39	205	230
UniRef90_C3XAU2	44.08	205	220
UniRef90_A0A0A2U3M6	42.67	205	229
UniRef90_Q2IGW4	46.53	205	207
UniRef90_C9RDE8	47.83	205	209
UniRef90_UPI000485EF0B	43.26	205	212
UniRef90_UPI0005571B30	44.60	205	203
UniRef90_UPI00056F58B0	44.17	205	205
UniRef90_UPI0005AAF12D	46.08	205	204
UniRef90_S2XFW3	43.90	205	204
UniRef90_A0A0J7HQ20	41.87	205	208
UniRef90_A0A0A2I4P8	42.65	205	219
UniRef90_W6VLT9	47.55	205	214
UniRef90_J8K880	47.32	205	204
UniRef90_UPI00047D5884	44.88	205	207
UniRef90_UPI00038285B9	44.39	205	230
UniRef90_UPI000568A611	44.78	205	206
UniRef90_Q81GG6	48.28	205	202
UniRef90_UPI000424DCF1	43.56	205	199
UniRef90_UPI000702BD7D	46.15	205	208
UniRef90_UPI00030D3B79	46.80	205	207
UniRef90_D8J1Z1	42.72	205	222
UniRef90_A0A0B5AM28	45.05	205	199
UniRef90_UPI0005607DBD	48.06	205	209
UniRef90_K4LY06	47.55	205	208
UniRef90_A0A094NGX5	44.23	205	208
UniRef90_UPI000556AF4C	46.19	205	209
UniRef90_A0A0C3MQM3	46.34	205	208
UniRef90_A0A0M2UXN2	44.88	205	205
UniRef90_A0A0A2WSY8	46.53	205	195
UniRef90_A0A098T2R4	45.63	205	206
UniRef90_F3LHQ8	40.64	205	240
UniRef90_K2E3H9	38.94	205	217
UniRef90_Y0KGV8	45.54	205	209
UniRef90_A0A081SH65	43.46	205	212
UniRef90_UPI0003B52A5F	44.12	205	207
UniRef90_A0A085VJW7	45.63	205	206
UniRef90_A0A0E9M8V5	44.50	205	206
UniRef90_V9HMT5	45.32	205	206
UniRef90_Q2Y7R3	47.29	205	208
UniRef90_A0A0D8HGU4	45.85	205	227
UniRef90_L0K8E3	41.09	205	203
UniRef90_A0A0J0YQM2	44.23	205	205
UniRef90_UPI00068FF35D	43.14	205	226
UniRef90_UPI000483443A	48.57	205	211
UniRef90_A0A0C1RQB1	45.50	205	225
UniRef90_E4UAE2	45.05	205	203
UniRef90_UPI0006FBAAE4	45.81	205	201
UniRef90_H0PW70	46.08	205	207
UniRef90_R4VGP0	39.60	205	209
UniRef90_UPI0003663D4B	45.05	205	211
UniRef90_A0A085F3H8	43.54	205	240
UniRef90_A0A0G3V379	43.00	205	244
UniRef90_UPI0002FFB4EB	45.54	205	199
UniRef90_Q3KF16	45.89	205	204
UniRef90_A6Q1S6	45.59	205	196
UniRef90_I0AM88	45.96	205	215
UniRef90_X1TY97	43.92	205	197
UniRef90_C5AH75	44.86	205	229
UniRef90_C2US94	46.04	205	202
UniRef90_UPI000400328E	46.31	205	205
UniRef90_UPI0004865A03	44.71	205	207
UniRef90_A0A0J5SK92	43.69	205	206
UniRef90_C2YNL5	47.03	205	202
UniRef90_F2K3X8	44.93	205	207
UniRef90_A0A0M0X9Z2	43.14	205	211
UniRef90_UPI0006F1F864	45.67	205	222
UniRef90_UPI0005F781A2	43.13	205	209
UniRef90_UPI00035E6FE7	44.88	205	215
UniRef90_D9QS79	40.49	205	209
UniRef90_UPI0007026AE7	44.66	205	206
UniRef90_A0A090IWI1	47.55	205	213
UniRef90_UPI0006A79434	45.32	205	206
UniRef90_A0A090Z1V7	46.34	205	204
UniRef90_UPI000700B0D8	45.15	205	206
UniRef90_S6HM59	46.80	205	207
UniRef90_A4G4G1	44.02	205	227
UniRef90_UPI000486F4B3	47.45	205	211
UniRef90_B1H7T9	45.19	205	253
UniRef90_UPI000364A6D2	46.08	205	208
UniRef90_UPI0002E0D06F	46.00	205	210
UniRef90_A0A081KCT8	44.71	205	206
UniRef90_UPI0004258EFF	44.88	205	209
UniRef90_A0A0G3A5V2	44.17	205	207
UniRef90_A0A0A1YMR7	43.48	205	209
UniRef90_H1G641	43.90	205	210
UniRef90_D8PEV6	45.24	205	210
UniRef90_UPI0005ED8BFD	44.61	205	215
UniRef90_C0GDL0	42.03	205	201
UniRef90_B7IM75	46.83	205	204
UniRef90_A0A0C2RF50	45.27	205	199
UniRef90_Q1LKI1	42.59	205	231
UniRef90_UPI00047AACC1	42.11	205	204
UniRef90_A0A0K1J8P2	45.67	205	207
UniRef90_A0A0K9I552	47.80	205	202
UniRef90_UPI00046D2661	42.86	205	213
UniRef90_E1QEM0	47.34	205	205
UniRef90_UPI0004258F80	42.86	205	211
UniRef90_UPI000464FDCF	47.32	205	204
UniRef90_B7J4T0	45.89	205	205
UniRef90_UPI0002D26335	45.19	205	204
UniRef90_W9URT9	46.04	205	209
UniRef90_UPI0005A66B6C	44.33	205	215
UniRef90_A0A0J1CXM6	45.02	205	222
UniRef90_A0A0K6IQA3	47.24	205	221
UniRef90_A0A0D6AVK2	42.23	205	216
UniRef90_K9NN32	44.12	205	208
UniRef90_UPI00047E18E7	42.93	205	205
UniRef90_UPI0006D003E9	45.15	205	211
UniRef90_J2NDX5	45.15	205	207
UniRef90_UPI000469F980	44.39	205	208
UniRef90_UPI00037C02A4	44.23	205	237
UniRef90_UPI0005546618	44.98	205	206
UniRef90_A0A0M2U407	45.05	205	210
UniRef90_A0A077LPA7	45.37	205	206
UniRef90_W6WVI1	42.65	205	235
UniRef90_A0A086YTC3	48.78	205	208
UniRef90_A0A0M3REK4	46.83	205	208
UniRef90_UPI0005680502	47.29	205	204
UniRef90_D7BDY6	43.56	205	206
UniRef90_UPI0007037F77	42.44	205	205
UniRef90_UPI00036BBD83	46.80	205	204
UniRef90_UPI000477D714	45.02	205	210
UniRef90_A0P6I5	43.28	205	207
UniRef90_W9TWW5	44.71	205	207
UniRef90_UPI0005617BF4	42.93	205	217
UniRef90_UPI00046F879F	45.32	205	227
UniRef90_V2TNR2	43.60	205	213
UniRef90_UPI0003F77590	43.63	205	205
UniRef90_A0A0C1YNU9	41.86	205	223
UniRef90_UPI0003716FEE	47.32	205	205
UniRef90_A0A0D2HQQ0	43.84	205	211
UniRef90_L7UG78	42.79	205	212
UniRef90_UPI00058B52F1	47.80	205	201
UniRef90_A0A0C4WL55	45.67	205	206
UniRef90_UPI0002E47C56	42.79	205	205
UniRef90_E8RJE1	41.04	205	224
UniRef90_UPI00040CF20F	46.86	205	211
UniRef90_U2FXB4	44.72	205	223
UniRef90_Q82WI3	42.25	205	211
UniRef90_Q0AGX6	42.86	205	208
UniRef90_S9PQC4	44.39	205	211
UniRef90_A0A0K0G9F5	45.59	205	212
UniRef90_U3HPX4	44.61	205	207
UniRef90_UPI0003017AB5	42.79	205	210
UniRef90_UPI00069F33B6	45.81	205	205
UniRef90_B4U9Y2	45.63	205	192
UniRef90_A0A0C2YUZ9	43.20	205	196
UniRef90_UPI00067ED064	44.66	205	204
UniRef90_C4KB85	46.08	205	207
UniRef90_A0A085W9G6	45.15	205	215
UniRef90_UPI00056DB5DE	42.64	205	203
UniRef90_UPI0002557F32	43.90	205	220
UniRef90_UPI0003A0D297	44.39	205	211
UniRef90_UPI00058F11A5	45.19	205	209
UniRef90_UPI00035C484E	43.69	205	210
UniRef90_A0A0J1FDB1	42.33	205	215
UniRef90_W7CIR3	45.19	205	203
UniRef90_F5SV50	44.55	205	204
UniRef90_A0A0E9MGV7	45.02	205	206
UniRef90_UPI0004786C2F	43.00	205	208
UniRef90_I6ZVI6	43.22	205	213
UniRef90_UPI0004137D04	46.31	205	214
UniRef90_UPI0005B7C1A3	41.55	205	217
UniRef90_U7GAF2	43.56	205	209
UniRef90_A0A0C2RCB5	43.41	205	206
UniRef90_A0A0A6Q7F5	41.83	205	228
UniRef90_A0A023WTA5	43.69	205	207
UniRef90_A0A023NSZ0	42.11	205	206
UniRef90_UPI00030FF21E	42.57	205	210
UniRef90_Q46YW4	42.59	205	238
UniRef90_K9YGJ1	39.52	205	215
UniRef90_UPI000704F011	44.00	205	210
UniRef90_UPI000426BD85	43.78	205	206
UniRef90_A0A0F5I0H9	45.37	205	202
UniRef90_A6T008	44.50	205	228
UniRef90_UPI00038179EE	45.12	205	216
UniRef90_UPI0002893AE1	41.15	205	227
UniRef90_D5X785	43.69	205	208
UniRef90_A0A0F7BPJ9	42.79	205	212
UniRef90_UPI000225F5F5	41.63	205	215
UniRef90_UPI0003A3749E	42.86	205	204
UniRef90_UPI0005523150	43.78	205	215
UniRef90_K9PW82	38.57	205	211
UniRef90_L9PEP4	41.59	205	237
UniRef90_B1FV19	45.50	205	246
UniRef90_A1K4A8	45.10	205	207
UniRef90_UPI0006D063BE	42.29	205	234
UniRef90_UPI0006FCB25F	44.50	205	241
UniRef90_V2TEX7	41.78	205	218
UniRef90_Q1ICS3	44.88	205	206
UniRef90_A0A0K9JYA6	46.94	205	224
UniRef90_F2F7B6	43.90	205	205
UniRef90_UPI0005CC7EA7	43.69	205	205
UniRef90_A0A0C2UH36	45.85	205	211
UniRef90_UPI0003F92BE2	44.44	205	205
UniRef90_UPI0005CFDD33	47.60	205	205
UniRef90_UPI000527BAAC	46.38	205	212
UniRef90_A0A061JSD6	43.96	205	208
UniRef90_UPI0004832350	42.45	205	226
UniRef90_A0A0M1JDL0	44.88	205	211
UniRef90_UPI0003FB228C	42.18	205	213
UniRef90_Q3ABS2	45.19	205	220
UniRef90_N9A336	41.31	205	218
UniRef90_UPI00047B65EB	41.43	205	213
UniRef90_Q1CZH4	42.31	205	212
UniRef90_D3PPV4	42.29	205	208
UniRef90_A0A0N0D6D1	40.28	205	224
UniRef90_A4VKF4	42.65	205	207
UniRef90_M5DVZ2	45.15	205	208
UniRef90_A0A075HI42	39.71	205	203
UniRef90_UPI000262CED3	40.38	205	202
UniRef90_F6CZA5	44.76	205	205
UniRef90_UPI00056E9F69	42.65	205	217
UniRef90_UPI00046555C0	43.48	205	216
UniRef90_B6BU97	41.75	205	207
UniRef90_C3JZS5	44.50	205	210
UniRef90_G4E6U5	44.71	205	211
UniRef90_UPI00037B68AA	42.57	205	208
UniRef90_UPI00041DE92B	44.17	205	209
UniRef90_F9DUG5	41.95	205	211
UniRef90_UPI0006FE6FCB	41.63	205	231
UniRef90_H8IA81	44.02	205	214
UniRef90_A8USH7	46.38	205	203
UniRef90_UPI00061816AE	43.81	205	204
UniRef90_I3IBB7	42.03	205	207
UniRef90_E5UJA3	41.15	205	206
UniRef90_W4VNG2	42.65	205	212
UniRef90_UPI0004916B44	45.85	205	214
UniRef90_B2U6Z0	40.74	205	233
UniRef90_UPI000426AEBE	41.79	205	204
UniRef90_A0A0M1JH97	41.06	205	210
UniRef90_UPI000381F49B	44.08	205	236
UniRef90_F7Z655	48.51	205	474
UniRef90_A0A0B3BVN5	45.24	205	210
UniRef90_G2DGV3	44.44	205	208
UniRef90_UPI000490C35F	44.33	205	210
UniRef90_A0A0J1DDQ0	42.11	205	231
UniRef90_A0A031LT66	40.48	205	214
UniRef90_UPI0004AD0767	43.07	205	217
UniRef90_A0A0K6IJW1	42.79	205	205
UniRef90_UPI00056F635F	42.31	205	214
UniRef90_Q1NJH7	40.89	205	212
UniRef90_UPI000376BE96	41.50	205	220
UniRef90_UPI000647B6A1	46.04	205	216
UniRef90_C6M690	42.11	205	256
UniRef90_A0A0B0SFV3	40.39	205	204
UniRef90_A0A0G1V0K7	41.06	205	204
UniRef90_U5QHH6	39.05	205	219
UniRef90_N9GHA8	41.31	205	219
UniRef90_A0A0C2RUV9	44.33	205	206
UniRef90_UPI00037B5DB5	45.32	205	201
UniRef90_A0A069PDL8	42.18	205	222
UniRef90_A0A0J1IQ05	41.87	205	203
UniRef90_A0A0J7JS77	44.67	205	219
UniRef90_N4WTM3	43.63	205	203
UniRef90_UPI0006D069F3	44.23	205	204
UniRef90_UPI00067BCEBF	43.41	205	204
UniRef90_N9BPN8	42.11	205	214
UniRef90_W0DYR8	45.37	205	210
UniRef90_UPI0005959406	45.81	205	205
UniRef90_UPI00037B4E86	40.69	205	204
UniRef90_A0A069NL58	43.60	205	222
UniRef90_I0HNK7	44.44	205	210
UniRef90_A0A060P620	46.19	205	222
UniRef90_G2DNS5	46.86	205	210
UniRef90_Q92B80	45.59	205	203
UniRef90_W6LXS9	40.89	205	213
UniRef90_Q845W0	43.13	205	235
UniRef90_B2JQE7	41.83	205	235
UniRef90_D5WEM5	44.28	205	243
UniRef90_UPI00042548A4	44.39	205	205
UniRef90_A0A031GT87	40.19	205	227
UniRef90_W0V8L3	41.31	205	230
UniRef90_UPI0002557288	42.18	205	207
UniRef90_UPI000364FA22	43.63	205	212
UniRef90_C0N873	42.79	205	204
UniRef90_UPI00041E62D1	43.20	205	212
UniRef90_C7LZ71	44.95	205	213
UniRef90_G0AK19	42.11	205	224
UniRef90_D0MHI2	44.44	205	218
UniRef90_A0A088X2E8	44.08	205	240
UniRef90_UPI0002885385	42.86	205	205
UniRef90_I6ZZF1	42.65	205	207
UniRef90_W0EEK6	38.50	205	222
UniRef90_A0A080K191	42.79	205	211
UniRef90_UPI0003B5F3DC	44.33	205	209
UniRef90_A0A0C1RFZ3	43.88	205	218
UniRef90_UPI00034DE2B1	42.86	205	230
UniRef90_UPI0004931A72	45.77	205	202
UniRef90_S6AU12	46.83	205	205
UniRef90_F0EY26	43.28	205	206
UniRef90_C7RRR8	43.06	205	213
UniRef90_UPI000478C661	43.14	205	208
UniRef90_A0A0F9SAZ7	42.57	205	204
UniRef90_N6XE46	44.61	205	207
UniRef90_UPI0003B609FA	44.16	205	200
UniRef90_I3BS34	40.29	205	208
UniRef90_A6QC86	44.17	205	196
UniRef90_A4JMC3	42.18	205	227
UniRef90_N9H7C9	40.58	205	214
UniRef90_A0A0G3EN73	41.59	205	218
UniRef90_UPI0004153E70	44.78	205	206
UniRef90_UPI000402EDFB	45.59	205	212
UniRef90_M4NFV5	42.11	205	207
UniRef90_A3IFI0	43.06	205	204
UniRef90_Q5ZVY5	40.29	205	207
UniRef90_S7XWW6	40.67	205	218
UniRef90_W0TPY5	42.44	205	207
UniRef90_UPI00048EAAAE	43.90	205	208
UniRef90_UPI00055757F3	44.39	205	202
UniRef90_UPI0006CFBE1F	42.16	205	467
UniRef90_E1VK68	42.03	205	215
UniRef90_A0A0D6ZA09	43.35	205	205
UniRef90_K9Z146	39.81	205	217
UniRef90_UPI00036F3D77	43.00	205	220
UniRef90_D8K7G9	42.36	205	206
UniRef90_M7DCW2	44.06	205	209
UniRef90_A6F399	46.53	205	209
UniRef90_C3X4N5	39.91	205	220
UniRef90_A0A0C5EIA4	42.65	205	210
UniRef90_A0A098UBB0	42.11	205	238
UniRef90_F4DPH5	45.37	205	216
UniRef90_A0A0D5VH77	43.28	205	237
UniRef90_UPI0005F76F19	42.93	205	204
UniRef90_K7QTT4	42.16	205	200
UniRef90_F5REE3	44.55	205	217
UniRef90_Q0K8H4	41.74	205	247
UniRef90_D1CBJ3	46.63	205	208
UniRef90_C6XE17	44.66	205	207
UniRef90_A0A0C2VZU0	44.44	205	195
UniRef90_W8G9I5	43.35	205	213
UniRef90_A0A075P8C1	42.50	205	210
UniRef90_UPI0004147810	44.93	205	211
UniRef90_UPI000360A316	43.14	205	212
UniRef90_B5WLT0	44.50	205	243
UniRef90_UPI0004017C7B	40.98	205	210
UniRef90_I4CU54	44.55	205	207
UniRef90_UPI0003674F04	41.41	205	221
UniRef90_E1TGN5	43.50	205	249
UniRef90_A0A0F2PNF0	46.60	205	187
UniRef90_UPI0006FBE23C	40.65	205	234
UniRef90_UPI0006D495B8	42.79	205	235
UniRef90_A0A0A1FDN5	41.15	205	224
UniRef90_UPI0004B40742	42.72	205	212
UniRef90_UPI0006F7425A	45.67	205	216
UniRef90_G8NA26	40.98	205	200
UniRef90_D7WQD1	41.18	205	204
UniRef90_UPI0005EAD03F	43.07	205	210
UniRef90_UPI0003B66FB6	41.43	205	214
UniRef90_A0A0C2F4I6	42.51	205	210
UniRef90_W8TAE3	45.18	205	195
UniRef90_A0A0B1YTM8	46.00	205	233
UniRef90_A0A0C4YBK0	42.33	205	233
UniRef90_UPI00053AE4F3	44.78	205	213
UniRef90_A0A011MDV9	44.33	205	215
UniRef90_A0A069RI79	40.18	205	220
UniRef90_UPI0006C922CD	42.58	205	222
UniRef90_A0A062XXX3	42.65	205	207
UniRef90_UPI00039F0215	44.06	205	207
UniRef90_G8QIR5	48.00	205	215
UniRef90_A0A011QCV1	42.72	205	215
UniRef90_A0A0B7IY51	45.27	205	207
UniRef90_G0A401	42.79	205	206
UniRef90_UPI00048A7B93	37.81	205	199
UniRef90_C1DQD4	43.41	205	206
UniRef90_N6YKY3	44.39	205	207
UniRef90_A0A0K8QLB8	42.93	205	216
UniRef90_S6AFQ6	44.13	205	210
UniRef90_M7NXE4	42.08	205	204
UniRef90_A0A0K2GCN3	45.89	205	211
UniRef90_K1Y4D3	39.20	205	204
UniRef90_A1U0X4	42.36	205	209
UniRef90_Q56320	100.00	205	205
UniRef90_B9K6Z3	73.17	205	205
UniRef90_A0A0J6HNR2	48.06	205	207
UniRef90_Q1ICS3	44.88	205	206
UniRef90_W6VLT9	46.60	205	214
UniRef90_B3E754	52.45	205	205
UniRef90_A0A0A8WN63	50.97	205	207
UniRef90_D5CUF7	47.12	205	209
UniRef90_A0A077LPA7	45.37	205	206
UniRef90_UPI0007026AE7	44.66	205	206
UniRef90_Q3KF16	45.85	205	204
UniRef90_J2NDX5	44.66	205	207
UniRef90_S6HM59	46.12	205	207
UniRef90_C3JZS5	44.17	205	210
UniRef90_A0A085VJW7	45.15	205	206
UniRef90_UPI0004865A03	44.66	205	207
UniRef90_UPI0003F77590	43.63	205	205
UniRef90_A0A075P8C1	43.20	205	210
UniRef90_Q74AH7	49.76	205	203
UniRef90_A0A0B5BLI2	50.00	205	203
UniRef90_UPI0003F7EE08	48.54	205	207
UniRef90_UPI000702BD7D	45.63	205	208
UniRef90_K9NN32	45.63	205	208
UniRef90_UPI0002E0D06F	46.34	205	210
UniRef90_W9TWW5	44.44	205	207
UniRef90_A0A0C5EIA4	44.17	205	210
UniRef90_UPI0004012231	43.69	205	202
UniRef90_A0A0C2F4I6	42.72	205	210
UniRef90_UPI000420F1DC	45.59	205	205
UniRef90_Y0KGV8	45.10	205	209
UniRef90_A5GES5	47.57	205	203
UniRef90_UPI0004833E6E	47.09	205	207
UniRef90_A1ANJ2	48.53	205	209
UniRef90_Q39SQ9	46.83	205	202
UniRef90_UPI0002F59738	42.72	205	206
UniRef90_UPI000704F011	44.66	205	210
UniRef90_A0A0K6IQA3	45.89	205	221
UniRef90_A0A0M4D2L3	49.27	205	212
UniRef90_A0A061JSD6	42.79	205	208
UniRef90_B5EBV0	48.06	205	206
UniRef90_UPI0002557288	42.51	205	207
UniRef90_A0A023WTA5	43.00	205	207
UniRef90_A4VKF4	42.79	205	207
UniRef90_UPI000382D2E1	48.78	205	206
UniRef90_A0A0B3BVN5	44.71	205	210
UniRef90_G8Q586	43.00	205	207
UniRef90_UPI0004153E70	44.12	205	206
UniRef90_A0A0C2HJ91	48.78	205	208
UniRef90_UPI000485EF0B	42.52	205	212
UniRef90_C6M690	40.58	205	256
UniRef90_A0A098T2R4	44.66	205	206
UniRef90_I4CU54	43.48	205	207
UniRef90_E8WMB2	47.06	205	208
UniRef90_UPI000419CA3F	50.71	205	217
UniRef90_H7F0E3	43.48	205	207
UniRef90_UPI00035E6FE7	44.39	205	215
UniRef90_W0TPY5	41.46	205	207
UniRef90_A1K4A8	45.10	205	207
UniRef90_B9M5M0	44.61	205	207
UniRef90_B8GQE3	46.38	205	212
UniRef90_C6XE17	44.61	205	207
UniRef90_H0PW70	45.59	205	207
UniRef90_UPI000490C35F	42.16	205	210
UniRef90_A0A0A1YMR7	44.44	205	209
UniRef90_A0A0K1J8P2	43.90	205	207
UniRef90_UPI0003B66FB6	40.58	205	214
UniRef90_F8GF19	45.89	205	205
UniRef90_UPI0005546618	44.66	205	206
UniRef90_A0A0C3MQM3	46.12	205	208
UniRef90_A0A0E9M8V5	43.75	205	206
UniRef90_UPI00038179EE	45.58	205	216
UniRef90_A0A090AML9	42.16	205	621
UniRef90_A7T441	43.14	205	208
UniRef90_UPI0003F50D6F	51.94	205	206
UniRef90_UPI000647B6A1	45.10	205	216
UniRef90_A1U0X4	42.23	205	209
UniRef90_UPI00041DE92B	42.72	205	209
UniRef90_UPI00030D3B79	45.63	205	207
UniRef90_I6ZZF1	41.83	205	207
UniRef90_UPI000493CE12	39.22	205	209
UniRef90_UPI0005680502	47.06	205	204
UniRef90_A0A0C4WL55	45.63	205	206
UniRef90_U7GAF2	43.14	205	209
UniRef90_UPI000469F980	43.90	205	208
UniRef90_UPI0003B52A5F	42.72	205	207
UniRef90_Q1LKI1	42.59	205	231
UniRef90_A4XVV5	43.48	205	217
UniRef90_A0A0C5VNL3	44.17	205	204
UniRef90_A0A0F7KEN5	49.51	205	208
UniRef90_A0A078LU34	43.20	205	220
UniRef90_N6XE46	44.61	205	207
UniRef90_UPI0005617BF4	43.14	205	217
UniRef90_UPI000403F959	43.41	205	210
UniRef90_UPI0007037F77	41.75	205	205
UniRef90_D7DHM6	42.65	205	205
UniRef90_UPI00035C484E	42.72	205	210
UniRef90_UPI00068FF35D	43.14	205	226
UniRef90_UPI0003B45E04	44.12	205	211
UniRef90_UPI0006462D78	41.67	205	210
UniRef90_A0A085F3H8	42.52	205	240
UniRef90_Q3A6L4	44.55	205	208
UniRef90_UPI00048EAAAE	43.69	205	208
UniRef90_C0N873	41.18	205	204
UniRef90_A0A0B5FGE3	47.03	205	214
UniRef90_M7NXE4	41.67	205	204
UniRef90_D8J1Z1	42.72	205	222
UniRef90_G2DGV3	43.90	205	208
UniRef90_UPI0003B31E0C	52.17	205	209
UniRef90_N6VVN2	50.24	205	206
UniRef90_F4DPH5	45.37	205	216
UniRef90_UPI0004147810	44.12	205	211
UniRef90_N6YKY3	44.12	205	207
UniRef90_A0A0M1JH97	40.58	205	210
UniRef90_A0A063Y0A5	43.00	205	208
UniRef90_C4KB85	45.59	205	207
UniRef90_C1DQD4	43.20	205	206
UniRef90_A0A0K1WLJ7	44.17	205	210
UniRef90_UPI0003B4C993	48.78	205	205
UniRef90_UPI00036BBD83	46.08	205	204
UniRef90_A0A0E9MGV7	43.96	205	206
UniRef90_U3HPX4	46.34	205	207
UniRef90_Q3JCB9	40.10	205	206
UniRef90_UPI000360A316	40.69	205	212
UniRef90_X0WVZ9	44.66	205	218
UniRef90_S6AU12	46.12	205	205
UniRef90_UPI0006F6EDB3	40.69	205	213
UniRef90_N6YF58	44.12	205	207
UniRef90_I4JMN1	42.31	205	207
UniRef90_UPI0003B5F3DC	43.14	205	209
UniRef90_D5C3V4	40.10	205	208
UniRef90_UPI000488A5D9	40.20	205	209
UniRef90_UPI00039F0215	42.65	205	207
UniRef90_D8K7G9	40.58	205	206
UniRef90_UPI00038285B9	43.46	205	230
UniRef90_H1G641	42.16	205	210
UniRef90_M7DCW2	43.14	205	209
UniRef90_I3CEB1	42.16	205	620
UniRef90_A0A086WAQ7	44.39	205	230
UniRef90_G0A401	42.65	205	206
UniRef90_S6AFQ6	43.69	205	210
UniRef90_R4YM90	40.10	205	207
UniRef90_K5YK76	41.43	205	209
UniRef90_F8ADF5	52.33	205	213
UniRef90_A0A0K6GVD0	43.41	205	207
UniRef90_E4PPA5	40.39	205	209
UniRef90_A0A0C1YNU9	40.38	205	223
UniRef90_D9SC77	41.12	205	213
UniRef90_W6LXS9	39.71	205	213
UniRef90_T0AST5	42.65	205	207
UniRef90_C4GGK0	38.10	205	256
UniRef90_A3YF97	44.61	205	206
UniRef90_F9ZFZ5	44.39	205	205
UniRef90_UPI0002485B2B	38.68	205	216
UniRef90_A0A0J7DJN2	47.55	205	204
UniRef90_UPI0005CFDD33	48.06	205	205
UniRef90_A0A0K6IJW1	43.14	205	205
UniRef90_I1YL53	40.20	205	204
UniRef90_Q46YW4	41.82	205	238
UniRef90_F5SV50	44.12	205	204
UniRef90_E5UJA3	40.58	205	206
UniRef90_A0A0C9PK61	47.29	205	204
UniRef90_C7RRR8	42.44	205	213
UniRef90_UPI000463562F	44.23	205	204
UniRef90_A0A0K0SVW5	40.20	205	215
UniRef90_A0A099PDH3	42.03	205	208
UniRef90_B5YKL4	48.34	205	217
UniRef90_UPI0004686D70	44.88	205	210
UniRef90_UPI000370E9D8	41.18	205	216
UniRef90_F3LHQ8	40.55	205	240
UniRef90_I3IQE3	46.31	205	208
UniRef90_UPI000364A6D2	44.12	205	208
UniRef90_A0A011QCV1	41.18	205	215
UniRef90_V9HMT5	42.31	205	206
UniRef90_C5AH75	43.13	205	229
UniRef90_C3XAU2	42.72	205	220
UniRef90_D5X4L0	41.95	205	220
UniRef90_Q2BMN7	41.18	205	207
UniRef90_UPI00041E62D1	42.36	205	212
UniRef90_Q2Y7R3	47.06	205	208
UniRef90_A0A0F9SAZ7	42.16	205	204
UniRef90_UPI0004786C2F	42.03	205	208
UniRef90_A0A081KCT8	44.83	205	206
UniRef90_W7L829	47.29	205	207
UniRef90_A0A0N0GNQ6	41.95	205	208
UniRef90_UPI00047B65EB	41.63	205	213
UniRef90_Q31HH5	40.19	205	212
UniRef90_UPI000255A336	46.34	205	206
UniRef90_K4LY06	47.55	205	208
UniRef90_F5REE3	44.33	205	217
UniRef90_Q1Q287	45.32	205	202
UniRef90_Q0AGX6	43.20	205	208
UniRef90_UPI0005607DBD	47.09	205	209
UniRef90_UPI0003FCBF70	40.95	205	217
UniRef90_Q0EXD7	48.78	205	213
UniRef90_A0A0G3EN73	40.57	205	218
UniRef90_UPI0002FC34FC	48.78	205	205
UniRef90_A0A0M4P8T0	40.69	205	202
UniRef90_A0A0C7NBF3	45.85	205	219
UniRef90_B9XH50	43.56	205	214
UniRef90_A0A080M3P2	40.20	205	217
UniRef90_A0LA38	40.39	205	210
UniRef90_UPI0005913A63	42.72	205	207
UniRef90_UPI00067DE3A2	42.45	205	222
UniRef90_A0A031LT66	39.42	205	214
UniRef90_S3NIC1	41.90	205	213
UniRef90_X1FZA8	45.59	205	225
UniRef90_UPI0003FB1D6F	41.75	205	209
UniRef90_UPI0004DEDFF1	41.38	205	207
UniRef90_A0A0M2UXN2	44.61	205	205
UniRef90_D5MFE4	44.39	205	207
UniRef90_N9GHA8	41.63	205	219
UniRef90_A0A0F4R562	45.10	205	206
UniRef90_UPI0005CAECF5	42.16	205	209
UniRef90_A0A0M3T1I9	39.90	205	203
UniRef90_Q2SJD2	45.59	205	213
UniRef90_Q845W0	42.18	205	235
UniRef90_Q4KEZ9	43.41	205	210
UniRef90_I3E994	46.83	205	203
UniRef90_UPI0003A4C079	44.12	205	208
UniRef90_N9BPN8	41.15	205	214
UniRef90_S7XWW6	39.71	205	218
UniRef90_A0A0J7J976	44.33	205	209
UniRef90_N9A336	41.15	205	218
UniRef90_A0A0C5IZ68	43.41	205	207
UniRef90_UPI000421A151	43.81	205	223
UniRef90_F2LMG8	43.40	205	232
UniRef90_A0A098EYP0	44.83	205	209
UniRef90_K0CBG1	39.72	205	214
UniRef90_A0A0F2NLY7	52.94	205	205
UniRef90_UPI0005B7C1A3	41.75	205	217
UniRef90_F0EY26	40.58	205	206
UniRef90_A0A0F2J086	48.04	205	202
UniRef90_A0A088X2E8	43.13	205	240
UniRef90_A0A0M0GCI5	46.83	205	207
UniRef90_E1VK68	41.95	205	215
UniRef90_F0S316	50.24	205	208
UniRef90_Q82WI3	42.72	205	211
UniRef90_UPI0004092070	50.73	205	206
UniRef90_A0A0B7IY51	44.12	205	207
UniRef90_UPI00047D5884	44.88	205	207
UniRef90_A0A080K191	40.80	205	211
UniRef90_UPI000413D503	38.73	205	208
UniRef90_UPI0006D069F3	43.63	205	204
UniRef90_A0A0M1JDL0	43.63	205	211
UniRef90_Q1N6P4	41.67	205	212
UniRef90_W8G9I5	42.65	205	213
UniRef90_UPI00069F33B6	45.59	205	205
UniRef90_A0A0J6IJZ4	43.96	205	207
UniRef90_F5S7K4	37.50	205	222
UniRef90_F2K3X8	45.41	205	207
UniRef90_N9DGH3	38.94	205	213
UniRef90_UPI0002557F32	43.84	205	220
UniRef90_Q2RIT8	44.39	205	223
UniRef90_UPI0006C80E1F	41.18	205	208
UniRef90_A0A0B6X005	45.50	205	220
UniRef90_N9H7C9	39.42	205	214
UniRef90_F6DC08	36.45	205	209
UniRef90_UPI000400328E	46.08	205	205
UniRef90_UPI00037C02A4	44.08	205	237
UniRef90_D9QS79	40.49	205	209
UniRef90_N8WXY7	37.50	205	214
UniRef90_UPI000564979E	41.67	205	210
UniRef90_N9CEV3	39.23	205	217
UniRef90_UPI00046F879F	44.83	205	227
UniRef90_E5WJU9	46.31	205	206
UniRef90_A0A059ZKX0	40.19	205	219
UniRef90_N9AIB2	39.23	205	213
UniRef90_UPI00066FFA37	41.95	205	208
UniRef90_A0A089YKE4	44.66	205	208
UniRef90_V2TNR2	43.27	205	213
UniRef90_A0A0M2U407	43.75	205	210
UniRef90_UPI0004B40742	42.16	205	212
UniRef90_L1LWX0	43.90	205	206
UniRef90_UPI0003A0D297	43.84	205	211
UniRef90_A0A0F9Q5J2	46.04	205	203
UniRef90_A0A0F2P8M8	41.06	205	210
UniRef90_W0V8L3	39.91	205	230
UniRef90_UPI0006A79434	45.32	205	206
UniRef90_D8EVZ0	46.12	205	210
UniRef90_A0A031GT87	39.44	205	227
UniRef90_UPI0003FB2B48	42.51	205	205
UniRef90_D0SS29	37.02	205	214
UniRef90_Q3SHL8	43.69	205	205
UniRef90_F2NIL9	48.78	205	230
UniRef90_UPI00037B5DB5	45.32	205	201
UniRef90_A0A0K6I408	41.46	205	217
UniRef90_A0A084XW99	42.35	205	210
UniRef90_UPI0006FE6FCB	40.65	205	231
UniRef90_N0B286	44.61	205	209
UniRef90_I3DW12	44.98	205	206
UniRef90_M1ZDY0	46.83	205	209
UniRef90_W6MCC8	40.20	205	214
UniRef90_V2TEX7	41.63	205	218
UniRef90_UPI000486F4B3	47.45	205	211
UniRef90_A0A0A6QWQ7	42.57	205	206
UniRef90_UPI000262CED3	38.65	205	202
UniRef90_A0A0D6SHL2	46.12	205	207
UniRef90_E8T643	48.31	205	210
UniRef90_S6BYB1	42.44	205	209
UniRef90_J8GKY0	47.06	205	204
UniRef90_L0GMT5	44.44	205	207
UniRef90_B1I3Z6	49.51	205	204
UniRef90_A0A0K0XXS2	40.78	205	205
UniRef90_A0A0J1DDQ0	41.12	205	231
UniRef90_Q1JY03	47.06	205	213
UniRef90_UPI00036E9C05	38.73	205	212
UniRef90_V4JYN3	41.46	205	244
UniRef90_N8T9E7	35.85	205	216
UniRef90_UPI0006B4F24D	43.07	205	208
UniRef90_B1H7T9	43.60	205	253
UniRef90_A0A0A8BYU0	38.68	205	221
UniRef90_G4SXX6	40.10	205	208
UniRef90_UPI000418BD93	39.61	205	207
UniRef90_K0C1C1	40.98	205	209
UniRef90_UPI000402EDFB	45.37	205	212
UniRef90_UPI000558005B	41.35	205	206
UniRef90_Q5P1J1	43.63	205	207
UniRef90_UPI0006F7425A	43.27	205	216
UniRef90_UPI000308C6B8	40.00	205	217
UniRef90_A0A069PDL8	42.18	205	222
UniRef90_UPI0005631B1B	40.98	205	205
UniRef90_A4G4G1	41.31	205	227
UniRef90_N8QBW8	38.28	205	214
UniRef90_A0A009FMZ2	38.46	205	214
UniRef90_UPI0005A196E2	41.18	205	213
UniRef90_A0A0F3IFM4	40.20	205	207
UniRef90_UPI00045E785C	41.18	205	212
UniRef90_A0A090Z1V7	45.59	205	204
UniRef90_UPI0003017AB5	42.16	205	210
UniRef90_A6T008	43.06	205	228
UniRef90_H8GHW0	41.18	205	212
UniRef90_I0HNK7	43.63	205	210
UniRef90_R8B257	45.10	205	209
UniRef90_UPI0004E1371E	50.25	205	207
UniRef90_A0A076W3E0	46.57	205	202
UniRef90_A0A0F2PS67	47.06	205	211
UniRef90_UPI0004219271	43.69	205	209
UniRef90_A0A011MDV9	42.56	205	215
UniRef90_A0A098UBB0	41.12	205	238
UniRef90_UPI000364FA22	43.63	205	212
UniRef90_A0A0J0YQM2	43.41	205	205
UniRef90_UPI00048DFFD3	43.84	205	206
UniRef90_D1KCD8	40.78	205	202
UniRef90_D8JNS5	39.71	205	222
UniRef90_A0A094NGX5	43.48	205	208
UniRef90_L9PEP4	41.12	205	237
UniRef90_C8NA01	38.76	205	213
UniRef90_W9URT9	44.61	205	209
UniRef90_A0A0F9QPJ1	38.24	205	204
UniRef90_I4CB12	46.86	205	216
UniRef90_A0A024HJI5	47.32	205	210
UniRef90_C6WVD9	46.08	205	204
UniRef90_UPI00034DE2B1	41.12	205	230
UniRef90_F6CZA5	44.61	205	205
UniRef90_A4JMC3	41.23	205	227
UniRef90_Q81GG6	47.26	205	202
UniRef90_A9VJW1	48.04	205	204
UniRef90_G2J2E6	43.14	205	207
UniRef90_D0SHD4	39.90	205	213
UniRef90_A0P6I5	41.83	205	207
UniRef90_A0A0B0EL20	45.85	205	202
UniRef90_C3X4N5	39.91	205	220
UniRef90_UPI0003716FEE	46.83	205	205
UniRef90_N8Y606	37.80	205	213
UniRef90_UPI0003628ADF	43.20	205	203
UniRef90_UPI0006D003E9	43.90	205	211
UniRef90_B7IM75	45.59	205	204
UniRef90_UPI0006153296	43.14	205	222
UniRef90_UPI00037B68AA	42.16	205	208
UniRef90_W1S225	42.51	205	205
UniRef90_UPI0002893AE1	40.38	205	227
UniRef90_A0A0M0X9Z2	43.14	205	211
UniRef90_S2XFW3	43.41	205	204
UniRef90_P16923	40.67	205	213
UniRef90_W4VNG2	42.65	205	212
UniRef90_UPI000426AEBE	40.69	205	204
UniRef90_A0A0J1CXM6	44.08	205	222
UniRef90_UPI0003639903	42.16	205	210
UniRef90_UPI0003102C52	41.75	205	213
UniRef90_UPI00046555C0	42.72	205	216
UniRef90_J8K880	47.06	205	204
UniRef90_UPI000477D714	44.39	205	210
UniRef90_A0A081N3S7	42.23	205	201
UniRef90_C9RDE8	46.83	205	209
UniRef90_UPI00048C47EB	39.22	205	207
UniRef90_M5DVZ2	45.19	205	208
UniRef90_A0A073JYW4	48.53	205	203
UniRef90_UPI0002FD5F76	44.61	205	205
UniRef90_UPI0006FCB25F	43.46	205	241
UniRef90_R8QVY9	48.04	205	202
UniRef90_UPI0006731CCA	40.78	205	215
UniRef90_A0A0M5JLF0	38.28	205	214
UniRef90_A0A0F9WGW6	40.38	205	212
UniRef90_UPI00058F11A5	43.69	205	209
UniRef90_UPI00056F635F	42.51	205	214
UniRef90_V2UGD1	40.38	205	214
UniRef90_B2U6Z0	39.35	205	233
UniRef90_A0A073K4H8	49.51	205	204
UniRef90_A0A0G3BLQ3	41.18	205	215
UniRef90_U5LE81	47.55	205	209
UniRef90_UPI0003FB4D87	42.38	205	224
UniRef90_UPI0004183F04	44.12	205	203
UniRef90_C2YNL5	46.27	205	202
UniRef90_W0DYR8	44.39	205	210
UniRef90_UPI000381F49B	43.13	205	236
UniRef90_A0A0F3GVV8	47.78	205	206
UniRef90_I3IBB7	42.44	205	207
UniRef90_UPI0005510756	49.26	205	200
UniRef90_UPI0005707C77	45.54	205	203
UniRef90_W4F0F1	40.49	205	205
UniRef90_UPI00055427EA	39.22	205	211
UniRef90_A0A0B1XYU5	39.81	205	233
UniRef90_A0A0A0DT34	38.54	205	218
UniRef90_UPI000556AF4C	46.19	205	209
UniRef90_F9DUG5	41.95	205	211
UniRef90_Q2LUD8	45.59	205	230
UniRef90_G9QQQ7	48.78	205	204
UniRef90_Q0K8H4	40.99	205	247
UniRef90_D7WQD1	41.18	205	204
UniRef90_UPI0006CA6E15	37.50	205	216
UniRef90_A6F399	44.61	205	209
UniRef90_UPI00039FA88D	44.71	205	204
UniRef90_A0A0C4YBK0	40.74	205	233
UniRef90_B1FV19	44.83	205	246
UniRef90_UPI000564CC58	47.78	205	205
UniRef90_UPI00047E18E7	42.93	205	205
UniRef90_C6RN65	37.32	205	213
UniRef90_UPI00056E9F69	41.75	205	217
UniRef90_UPI0005EAD03F	42.65	205	210
UniRef90_A0A0K9H5Z3	47.80	205	211
UniRef90_UPI0005A7407F	44.61	205	207
UniRef90_UPI000524E62B	41.75	205	211
UniRef90_UPI000483BDC7	43.14	205	209
UniRef90_A0A0F9XMC5	45.19	205	204
UniRef90_UPI0005F781A2	42.51	205	209
UniRef90_A0A0J6GQE1	43.69	205	207
UniRef90_G8QIR5	46.83	205	215
UniRef90_F6DPQ9	46.34	205	211
UniRef90_UPI00037AB093	43.69	205	210
UniRef90_X2GVD1	40.20	205	204
UniRef90_UPI0003771816	40.69	205	208
UniRef90_UPI00040623C1	39.71	205	208
UniRef90_W6WVI1	42.65	205	235
UniRef90_UPI0006F1F864	43.60	205	222
UniRef90_UPI0004137D04	46.31	205	214
UniRef90_C2US94	45.77	205	202
UniRef90_A0A0J7HQ20	41.67	205	208
UniRef90_UPI00039F8771	46.12	205	205
UniRef90_E1VB60	40.49	205	213
UniRef90_UPI0003664777	40.69	205	211
UniRef90_A0A0K9F8E1	41.18	205	204
UniRef90_UPI0004017C7B	40.98	205	210
UniRef90_G3IQK3	39.22	205	210
UniRef90_A0A063BJA2	42.86	205	234
UniRef90_A0A0A8BJI1	40.95	205	224
UniRef90_A0A066TDR4	41.50	205	201
UniRef90_A0A0C5K6H2	40.00	205	219
UniRef90_C0GDL0	41.67	205	201
UniRef90_W0SH83	43.48	205	214
UniRef90_Q88LE0	44.39	205	206
UniRef90_A0A0M9DIS9	40.00	205	209
UniRef90_A0A066ZT88	41.26	205	212
UniRef90_A0A0F2N5I7	46.38	205	221
UniRef90_N4WTM3	43.63	205	203
UniRef90_A0A069NL58	43.60	205	222
UniRef90_UPI0003A3749E	42.86	205	204
UniRef90_UPI0005ED8BFD	44.61	205	215
UniRef90_B2JQE7	41.23	205	235
UniRef90_UPI0006FBAAE4	45.81	205	201
UniRef90_I3BS34	40.49	205	208
UniRef90_UPI00067ED064	45.15	205	204
UniRef90_A0A0A1MRS5	45.59	205	206
UniRef90_UPI0003663D4B	43.90	205	211
UniRef90_C1D700	43.63	205	211
UniRef90_A0A0A6Q7F5	41.23	205	228
UniRef90_F6A8G1	42.79	205	210
UniRef90_A0A0B1YTM8	44.33	205	233
UniRef90_A0A098GGN4	39.81	205	210
UniRef90_A1AXT0	40.20	205	202
UniRef90_F6CML9	51.92	205	204
UniRef90_UPI00036937D1	48.28	205	200
UniRef90_A0A0J6K2G4	41.95	205	211
UniRef90_A0A072N3L2	43.84	205	209
UniRef90_UPI00040CF20F	45.85	205	211
UniRef90_A7H791	45.54	205	206
UniRef90_G4CT00	40.87	205	207
UniRef90_A0A0C2RCB5	43.90	205	206
UniRef90_A0A0C1EIW2	42.72	205	206
UniRef90_UPI00057DE41C	36.36	205	213
UniRef90_A0A0M3REK4	46.83	205	208
UniRef90_UPI00058B6D6C	40.89	205	206
UniRef90_V2I826	40.36	205	244
UniRef90_E8RJE1	40.67	205	224
UniRef90_Q7NUD7	44.17	205	206
UniRef90_D5X785	43.20	205	208
UniRef90_A0A0J5GFV7	40.78	205	207
UniRef90_F7SNZ5	39.71	205	211
UniRef90_A0A0F9XJC5	37.25	205	210
UniRef90_G2E6A1	42.93	205	210
UniRef90_A0A0K2WSX7	42.65	205	203
