UniRef90_P08078	99.42	348	347
UniRef90_Q54258	86.46	348	348
UniRef90_Q53814	87.76	348	335
UniRef90_Q54256	88.06	348	335
UniRef90_D7C288	65.61	348	346
UniRef90_UPI0003A8A0D2	64.74	348	346
UniRef90_P29780	69.03	348	349
UniRef90_UPI000563FD42	60.40	348	346
UniRef90_UPI0002E48477	55.07	348	347
UniRef90_A0A0D4DJM4	55.78	348	347
UniRef90_J2N224	54.05	348	347
UniRef90_A0A078BJM9	55.49	348	347
UniRef90_UPI00040CBDC1	54.62	348	347
UniRef90_K2BA59	52.46	348	346
UniRef90_A0A0D6YJ42	53.33	348	347
UniRef90_I4L7J3	52.02	348	347
UniRef90_G3ESY0	54.20	348	345
UniRef90_S4XS45	53.64	348	362
UniRef90_D8FU31	53.91	348	348
UniRef90_A0Z0S7	54.70	348	353
UniRef90_UPI0004BF2CA7	62.25	348	347
UniRef90_C6WFN3	51.01	348	361
UniRef90_D9W4I0	61.84	348	357
UniRef90_Q54264	54.76	348	319
UniRef90_D8EXR6	50.14	348	349
UniRef90_B7RUV7	51.01	348	349
UniRef90_UPI0006932145	49.55	348	332
UniRef90_A0A0C2CQI4	50.61	348	330
UniRef90_F2LB68	48.41	348	372
UniRef90_UPI000567960E	48.52	348	337
UniRef90_UPI000670FB36	47.31	348	359
UniRef90_UPI00046572CD	48.67	348	366
UniRef90_UPI0004E156D1	46.18	348	357
UniRef90_UPI00037750DF	48.52	348	381
UniRef90_UPI000475042C	44.09	348	357
UniRef90_A0A0D0V788	44.32	348	354
UniRef90_A0A0M8XTE6	44.73	348	363
UniRef90_UPI000402445A	43.64	348	344
UniRef90_I4FZX4	41.46	348	372
UniRef90_C4RL44	45.30	348	370
UniRef90_K9RB63	40.90	348	373
UniRef90_UPI0006E2CF6D	42.66	348	374
UniRef90_UPI0004CC3982	41.81	348	375
UniRef90_V4IJZ3	43.52	348	679
UniRef90_UPI0004C9FE4F	41.29	348	377
UniRef90_A0A0F7VW78	41.29	348	374
UniRef90_J7QFM6	39.27	348	381
UniRef90_UPI0004BF7101	42.13	348	374
UniRef90_UPI00037BFF22	42.49	348	387
UniRef90_UPI000381AEF0	40.73	348	380
UniRef90_UPI0005A72C21	41.01	348	391
UniRef90_S3ZTR7	41.13	348	374
UniRef90_A3PE84	37.19	348	401
UniRef90_UPI0005692E2B	42.61	348	344
UniRef90_UPI0004C0364D	40.85	348	374
UniRef90_B8HLY4	39.83	348	364
UniRef90_A0A089Z6S6	41.41	348	374
UniRef90_UPI00069ED254	40.17	348	374
UniRef90_UPI000690DDA2	39.44	348	367
UniRef90_A0A0M8W180	40.95	348	381
UniRef90_UPI0003FDA176	40.80	348	344
UniRef90_W3RL94	38.14	348	375
UniRef90_A0A0B9BUK8	39.71	348	343
UniRef90_UPI0004C827E9	41.06	348	373
UniRef90_A0A086N105	40.96	348	376
UniRef90_D6A179	40.56	348	380
UniRef90_UPI0006890AA2	40.45	348	390
UniRef90_UPI0006EB48C2	41.01	348	390
UniRef90_UPI00052458AA	39.44	348	385
UniRef90_UPI0005251859	39.15	348	378
UniRef90_UPI0004287ABE	37.54	348	343
UniRef90_A0A0F0HHK8	40.56	348	382
UniRef90_UPI0001D2F095	39.15	348	373
UniRef90_UPI0004C88003	40.00	348	374
UniRef90_B2IEI6	38.81	348	391
UniRef90_L8PT72	39.94	348	362
UniRef90_A0A0M2GN20	39.33	348	376
UniRef90_Q2MFP8	39.94	348	372
UniRef90_UPI0004C57401	40.00	348	373
UniRef90_UPI00068D4740	40.57	348	383
UniRef90_UPI0004CC2931	39.33	348	378
UniRef90_UPI00048296AA	38.48	348	368
UniRef90_UPI0004C79923	39.89	348	373
UniRef90_A0A0G0L8I4	38.83	348	377
UniRef90_A0A066YCW6	38.48	348	378
UniRef90_Q3SQ66	39.15	348	386
UniRef90_UPI000344EA41	38.33	348	357
UniRef90_A0A0B5HEL5	38.83	348	372
UniRef90_UPI00036B9301	38.48	348	375
UniRef90_A0A0M5IS68	38.76	348	377
UniRef90_L8LRM6	39.60	348	366
UniRef90_UPI0004C3BC6B	41.24	348	386
UniRef90_UPI0004E160AA	38.06	348	362
UniRef90_C5AZ81	40.39	348	397
UniRef90_B1LZT9	40.39	348	391
UniRef90_A0A0F9G4L0	46.79	348	272
UniRef90_B0CC33	39.60	348	368
UniRef90_M7XUW6	40.22	348	391
UniRef90_A0A022PHJ8	38.63	348	366
UniRef90_UPI0003F5ABF8	39.50	348	364
UniRef90_UPI0006CFE221	54.59	348	206
UniRef90_W3V9E8	38.36	348	366
UniRef90_A0A0A8FAN8	40.77	348	288
UniRef90_A7BS88	38.36	348	362
UniRef90_B5WK13	39.15	348	377
UniRef90_UPI00037E714F	39.44	348	393
UniRef90_A0A0G2ZP01	37.57	348	370
UniRef90_UPI0003497D1D	37.81	348	387
UniRef90_A0A0G1KCZ2	37.93	348	377
UniRef90_A0A0A6SP60	37.85	348	361
UniRef90_UPI0002882D32	35.00	348	392
UniRef90_A0A0M0T9I6	36.06	348	363
UniRef90_UPI0005159BA3	39.60	348	357
UniRef90_D4HVL3	36.21	348	366
UniRef90_UPI00068C9D9E	38.84	348	346
UniRef90_UPI00056CF3EB	38.75	348	359
UniRef90_UPI0006921CAB	39.22	348	368
UniRef90_W5WDD4	40.29	348	356
UniRef90_UPI000417BE7F	39.89	348	366
UniRef90_N1NQW8	36.03	348	363
UniRef90_UPI0004C00A02	37.89	348	367
UniRef90_UPI000685D5CC	37.43	348	381
UniRef90_A7SK04	38.94	348	428
UniRef90_A0A0G1YW66	38.16	348	366
UniRef90_UPI0001CB993D	37.39	348	416
UniRef90_F2ZI51	36.94	348	366
UniRef90_UPI000685B421	37.90	348	376
UniRef90_UPI0004816ACE	37.50	348	366
UniRef90_UPI0003798102	38.46	348	368
UniRef90_UPI000462B3D9	37.99	348	425
UniRef90_Q9RBU1	37.53	348	362
UniRef90_UPI0001CB9F3A	36.84	348	425
UniRef90_UPI00057E3806	37.46	348	366
UniRef90_UPI0004C150EF	37.39	348	365
UniRef90_D2TC34	37.71	348	366
UniRef90_F3K8H9	36.94	348	366
UniRef90_H3RK29	36.74	348	366
UniRef90_A0A0D7FC50	36.21	348	366
UniRef90_I1FE31	36.84	348	413
UniRef90_H5XCU8	37.50	348	362
UniRef90_J2MAA5	37.39	348	368
UniRef90_UPI0003F095E9	36.84	348	417
UniRef90_A0A0C5VGN2	37.64	348	387
UniRef90_UPI00068BEE4C	39.78	348	366
UniRef90_H2V3R1	38.16	348	423
UniRef90_W4Y9X5	37.85	348	440
UniRef90_UPI0004C6EDD4	37.29	348	362
UniRef90_UPI0006BBB3DB	36.90	348	357
UniRef90_U3K9W2	37.22	348	424
UniRef90_UPI0006B1086B	36.77	348	440
UniRef90_A0A024G9P6	36.36	348	402
UniRef90_D3F7K5	38.71	348	375
UniRef90_A0A077NXR0	38.15	348	369
UniRef90_UPI0003C28704	37.25	348	423
UniRef90_Q6PH19	36.69	348	422
UniRef90_K3XBD5	34.85	348	397
UniRef90_C3YFV5	36.84	348	383
UniRef90_B3EYJ9	37.22	348	377
UniRef90_UPI000549DF05	36.49	348	434
UniRef90_A0A091RT10	36.39	348	400
UniRef90_UPI0004C6C04A	35.46	348	366
UniRef90_UPI0007026F63	36.97	348	359
UniRef90_F0WD58	35.56	348	401
UniRef90_UPI000155DC9A	37.40	348	442
UniRef90_UPI000696209C	36.80	348	429
UniRef90_M7BAH2	36.49	348	439
UniRef90_Q9I9K9	35.93	348	422
UniRef90_UPI000524199C	38.19	348	390
UniRef90_W4GL71	35.83	348	411
UniRef90_UPI0002DF8196	35.73	348	361
UniRef90_W5QIR6	37.33	348	473
UniRef90_UPI0004C7159F	36.54	348	371
UniRef90_UPI00053F4444	37.60	348	480
UniRef90_W5N5T7	37.33	348	426
UniRef90_F6ZA35	36.29	348	410
UniRef90_UPI0004DFD759	37.40	348	472
UniRef90_A0A087YI39	36.77	348	423
UniRef90_W5WE80	36.21	348	371
UniRef90_UPI0004651D7C	38.67	348	365
UniRef90_H3G7S4	35.87	348	368
UniRef90_UPI0004F3F12E	36.21	348	544
UniRef90_Q9IAJ6	36.13	348	422
UniRef90_UPI00042BCD21	36.49	348	575
UniRef90_P50440-2	37.12	348	391
UniRef90_A0A017T8M0	40.38	348	763
UniRef90_A0A0G0KL18	36.81	348	381
UniRef90_F7GZ40	36.77	348	423
UniRef90_H3CVS6	36.94	348	385
UniRef90_V4JAF3	51.83	348	262
UniRef90_A0A084STE6	38.10	348	365
UniRef90_P50440	36.77	348	423
UniRef90_G3RTK2	36.77	348	424
UniRef90_D8LS91	35.73	348	378
UniRef90_UPI0004574DA4	35.73	348	425
UniRef90_UPI0005212776	35.93	348	685
UniRef90_H2ZPW2	36.03	348	372
UniRef90_UPI0004CDA17A	35.98	348	358
UniRef90_B5GVM5	37.89	348	362
UniRef90_A0A067CLA6	36.87	348	393
UniRef90_UPI0005C744B9	42.24	348	343
UniRef90_R7TEA5	34.89	348	400
UniRef90_Q4SHT1	36.93	348	657
UniRef90_Q4SHT1	34.01	348	657
UniRef90_UPI0004D07C04	36.21	348	444
UniRef90_R7USH3	35.71	348	401
UniRef90_W4LTD9	35.73	348	372
UniRef90_R7U1V1	34.86	348	397
UniRef90_UPI0005F54C8B	36.77	348	599
UniRef90_K4RB00	37.13	348	378
UniRef90_A0A0D5M1P0	35.75	348	385
UniRef90_V4KV59	36.68	348	360
UniRef90_UPI0005BD1A9D	35.87	348	381
UniRef90_UPI00048AA9E2	36.68	348	376
UniRef90_A0A0D4E057	37.82	348	366
UniRef90_UPI0004BE90EF	36.76	348	375
UniRef90_S3AZL1	37.30	348	384
UniRef90_A0A0H5MHL6	35.37	348	376
UniRef90_UPI000401F301	36.41	348	380
UniRef90_G0G3K8	36.10	348	376
UniRef90_S3BDB5	35.31	348	367
UniRef90_F4XWI7	35.73	348	372
UniRef90_A0A0D7CTF2	36.22	348	381
UniRef90_D7C400	36.76	348	378
UniRef90_UPI0006866D6A	36.03	348	522
UniRef90_M3ARW8	36.12	348	383
UniRef90_A0A0F5YIQ3	33.07	348	379
UniRef90_Q3HY00	35.58	348	342
UniRef90_A0A0A8ECJ5	35.39	348	387
UniRef90_UPI00067C440F	37.71	348	365
UniRef90_A0A076K9X8	35.58	348	372
UniRef90_Q28WI4	36.39	348	369
UniRef90_A0A0N0TZ56	35.14	348	346
UniRef90_H2KUH6	34.05	348	413
UniRef90_S9YWU7	35.06	348	372
UniRef90_UPI000346EB74	37.89	348	347
UniRef90_U4V6D3	36.04	348	369
UniRef90_UPI00036F15D3	35.75	348	380
UniRef90_Q16A87	36.12	348	374
UniRef90_A0A088XI11	33.88	348	386
UniRef90_B6B1X3	36.02	348	373
UniRef90_A4FHT0	35.06	348	352
UniRef90_UPI0005BCB6DC	34.58	348	372
UniRef90_UPI00069C0F31	35.50	348	372
UniRef90_A0A0D7CGD9	35.23	348	388
UniRef90_L8EVP6	35.58	348	388
UniRef90_F3NRX3	34.83	348	390
UniRef90_UPI0004C8ADE2	34.67	348	387
UniRef90_Q10ZR4	31.58	348	379
UniRef90_A0A0K1ECH1	37.71	348	701
UniRef90_H0ZB79	36.59	348	388
UniRef90_Q4FMT2	35.04	348	370
UniRef90_UPI0004C333A3	34.50	348	379
UniRef90_A4EU36	35.75	348	373
UniRef90_D7F1A3	33.42	348	398
UniRef90_UPI000417E981	34.96	348	373
UniRef90_E0MPA9	34.74	348	383
UniRef90_A0A0F2STN4	34.69	348	393
UniRef90_UPI0004575C83	34.20	348	379
UniRef90_D6A5M5	34.55	348	389
UniRef90_Q5DBC6	33.06	348	399
UniRef90_M2XXG9	32.89	348	374
UniRef90_A8M6N0	33.60	348	384
UniRef90_UPI0004C4D51A	35.28	348	382
UniRef90_A0A0A0DLY2	34.83	348	376
UniRef90_B0TSU0	34.92	348	410
UniRef90_F7CQX3	32.97	348	417
UniRef90_A0A0K9XJK6	34.96	348	371
UniRef90_UPI0004CDBBDE	34.40	348	380
UniRef90_UPI0004CDC079	35.34	348	386
UniRef90_C1D5N8	32.82	348	376
UniRef90_A0A0F4K425	35.22	348	371
UniRef90_I2MW92	34.42	348	387
UniRef90_A0A0B6XEF0	34.57	348	387
UniRef90_A0A0A0NVB3	33.69	348	380
UniRef90_P50440-3	36.20	348	391
UniRef90_UPI0005254612	32.53	348	373
UniRef90_A0A0N0S691	34.03	348	383
UniRef90_R7VP31	34.45	348	394
UniRef90_UPI000473F058	30.10	348	387
UniRef90_A0A095AQE5	32.27	348	416
UniRef90_D0WNG8	33.33	348	375
UniRef90_R7UH29	32.44	348	366
UniRef90_V4KNM7	37.50	348	382
UniRef90_V2K8C4	33.78	348	376
UniRef90_A0A0F8ZGM5	34.02	348	336
UniRef90_A0A0K6J6S7	31.32	348	381
UniRef90_A0A0A1GQM9	32.64	348	427
UniRef90_K4JFB7	35.01	348	360
UniRef90_E6M0M4	32.45	348	375
UniRef90_E0N5L7	32.29	348	375
UniRef90_M3B4Q3	31.84	348	388
UniRef90_UPI000687E680	34.80	348	366
UniRef90_D4M7F7	32.45	348	383
UniRef90_A0A067MYC6	34.37	348	345
UniRef90_R7WH65	34.22	348	382
UniRef90_A0A0F6QYV3	32.36	348	377
UniRef90_D4TGJ3	30.33	348	389
UniRef90_K9EDB6	32.97	348	375
UniRef90_UPI00040AA4B2	31.83	348	378
UniRef90_V4J467	33.07	348	383
UniRef90_UPI0003B52E06	32.28	348	380
UniRef90_X2KT49	33.02	348	358
UniRef90_UPI00035C87C5	32.28	348	382
UniRef90_D5U628	33.87	348	380
UniRef90_UPI0004C3B613	33.42	348	381
UniRef90_UPI00048B3218	32.22	348	376
UniRef90_F9EGU2	32.53	348	375
UniRef90_UPI0004ABD1ED	31.22	348	384
UniRef90_L1K0A5	31.30	348	406
UniRef90_UPI00051ACFDB	32.26	348	379
UniRef90_W1J1P3	33.42	348	388
UniRef90_C7MLY4	32.72	348	382
UniRef90_A0A0F7N8Z2	34.03	348	383
UniRef90_D6EAF3	33.15	348	382
UniRef90_P72438	82.61	348	104
UniRef90_M4UA78	32.63	348	410
UniRef90_UPI0006D78630	32.80	348	385
UniRef90_UPI0004C14CED	32.18	348	375
UniRef90_UPI0006E21211	32.28	348	379
UniRef90_A0A0J6XLJ3	32.81	348	383
UniRef90_UPI00034A9F28	30.97	348	379
UniRef90_A0A0F4JIS4	32.20	348	388
UniRef90_H3BFH4	36.50	348	266
UniRef90_UPI00050A0F89	32.11	348	376
UniRef90_W5KLS1	33.55	348	328
UniRef90_S3JVU2	32.98	348	381
UniRef90_UPI0004410349	33.00	348	290
UniRef90_UPI00037C7BB0	30.08	348	381
UniRef90_UPI0006B808B1	32.47	348	369
UniRef90_H9G945	35.69	348	316
UniRef90_UPI000465B4EF	33.33	348	369
UniRef90_V9Z5X0	32.25	348	381
UniRef90_A0A0C5GLM0	32.38	348	385
UniRef90_UPI0004AABD09	30.36	348	393
UniRef90_UPI00068C77F0	32.27	348	367
UniRef90_UPI0002FCFB06	33.06	348	367
UniRef90_UPI0004C9A42D	32.47	348	388
UniRef90_V9Z303	33.15	348	381
UniRef90_UPI00048241D8	32.53	348	371
UniRef90_V8NCY9	32.48	348	340
UniRef90_B4YPJ8	36.02	348	236
UniRef90_UPI0006CA3207	32.97	348	375
UniRef90_C5LNA7	34.65	348	353
UniRef90_A0A077MCW2	34.86	348	381
UniRef90_G4VB55	31.53	348	384
UniRef90_A0A0L0N983	32.87	348	350
UniRef90_Q6IU04	34.11	348	299
UniRef90_UPI00069032FF	32.70	348	379
UniRef90_C5FJH8	32.58	348	351
UniRef90_F8W4N8	41.47	348	272
UniRef90_A0A0N1JYT6	30.31	348	381
UniRef90_A0A0C2JFH4	29.55	348	380
UniRef90_R7QM73	29.88	348	402
UniRef90_A0A0B4GNU1	31.09	348	350
UniRef90_A0A0L9T0H7	32.14	348	378
UniRef90_UPI000388FDF0	41.29	348	368
UniRef90_UPI0006E23F9D	32.87	348	379
UniRef90_UPI00067BB713	31.44	348	377
UniRef90_Q846V7	44.72	348	176
UniRef90_UPI0006E3566F	32.31	348	377
UniRef90_M1W0W7	31.22	348	354
UniRef90_A0A0L8QR42	31.09	348	345
UniRef90_UPI000454B341	41.29	348	376
UniRef90_E5AX01	37.98	348	222
UniRef90_M1WBG7	31.13	348	354
UniRef90_Q9AMV3	33.56	348	298
UniRef90_T5AGC7	30.75	348	388
UniRef90_C4JMY9	29.38	348	349
UniRef90_A0A094AQL5	29.86	348	355
UniRef90_J3K7L7	29.81	348	349
UniRef90_E4X2X0	32.83	348	328
UniRef90_S8AYA1	29.63	348	352
UniRef90_A0A068QT72	37.36	348	230
UniRef90_J5JBP8	29.33	348	363
UniRef90_UPI0006B771B7	43.67	348	229
UniRef90_D5GV78	27.17	348	353
UniRef90_UPI00065040E3	41.57	348	328
UniRef90_K3VIL2	28.93	348	344
UniRef90_A0A0K8L913	31.48	348	578
UniRef90_A0A0F8A556	30.52	348	366
UniRef90_Q0VTR1	44.29	348	145
UniRef90_A0A094I708	31.05	348	317
UniRef90_G8FGE8	32.22	348	284
UniRef90_G3JFZ4	29.17	348	362
UniRef90_A0A0B2WVH3	31.86	348	318
UniRef90_T0CHA5	29.77	348	364
UniRef90_L7WUS5	32.65	348	242
UniRef90_A0A0F9M2Y4	32.77	348	241
UniRef90_A0A017S5M3	28.24	348	339
UniRef90_Q1K5W2	27.55	348	397
UniRef90_A0A0L1J4U2	27.79	348	370
UniRef90_A0A0G2AWM6	40.65	348	345
UniRef90_L8PLA5	42.73	348	123
UniRef90_A0A0A0N4V3	37.14	348	143
UniRef90_H0YMX4	39.04	348	167
UniRef90_B1VQB5	27.41	348	332
UniRef90_A4U9X7	30.70	348	214
UniRef90_C5KQ28	34.58	348	241
UniRef90_UPI0006904744	44.27	348	205
UniRef90_A0A078A7K1	30.90	348	390
UniRef90_A0A0F7VSK6	35.06	348	175
UniRef90_UPI0002F2B549	25.84	348	320
UniRef90_L7WRM9	32.10	348	162
UniRef90_A6CV54	24.58	348	384
UniRef90_A0A094IQX3	28.40	348	542
UniRef90_A0A0K9IG76	25.80	348	323
UniRef90_A0A090RQX5	25.52	348	380
UniRef90_A0A0D7DFF1	24.73	348	340
UniRef90_V9LGV7	29.21	348	198
UniRef90_X0THV1	32.65	348	227
UniRef90_D9Y0V2	31.58	348	301
UniRef90_A0A0N0IVS3	25.72	348	321
UniRef90_UPI000317781C	27.14	348	327
UniRef90_X1QP09	31.25	348	151
UniRef90_UPI0003F6F81F	52.05	348	80
UniRef90_A0A0A1IV20	43.40	348	107
UniRef90_UPI000372AA30	28.13	348	335
UniRef90_UPI0006ACA305	45.00	348	111
UniRef90_A0A0A1IX22	41.51	348	107
UniRef90_X1GUP1	33.14	348	202
UniRef90_K8E1U1	27.65	348	328
UniRef90_Q8TJX5	23.56	348	334
UniRef90_R2STE0	27.54	348	324
UniRef90_X0SNQ8	26.64	348	247
UniRef90_UPI00034DC047	28.33	348	327
UniRef90_H6R840	28.22	348	322
UniRef90_A0A0J8U1G9	29.83	348	208
UniRef90_X0WZP4	32.74	348	189
UniRef90_G1DTC4	30.63	348	158
UniRef90_UPI00061B3E4D	26.41	348	322
UniRef90_Q11GH5	27.30	348	323
UniRef90_UPI0004886429	26.71	348	326
UniRef90_UPI00056F21E2	25.14	348	324
UniRef90_UPI0006D8E7B0	41.07	348	178
UniRef90_R2QH92	25.66	348	324
UniRef90_A0A0K2YQ28	26.62	348	334
UniRef90_UPI0006CAC84E	54.55	348	128
UniRef90_X1VNJ5	30.43	348	168
UniRef90_UPI00055F1191	28.83	348	327
UniRef90_A5EQJ1	26.39	348	333
UniRef90_UPI0005930163	26.01	348	326
UniRef90_K2RBY5	29.33	348	275
UniRef90_H0BRH8	26.30	348	329
UniRef90_P08078	99.42	348	347
UniRef90_UPI000549DF05	35.47	348	434
UniRef90_UPI0006B1086B	35.75	348	440
UniRef90_Q54258	86.46	348	348
UniRef90_U3K9W2	36.59	348	424
UniRef90_A0A091RT10	35.75	348	400
UniRef90_Q9I9K9	34.92	348	422
UniRef90_UPI0003C28704	36.59	348	423
UniRef90_J7QFM6	38.70	348	381
UniRef90_UPI000462B3D9	37.15	348	425
UniRef90_UPI00042BCD21	35.47	348	575
UniRef90_UPI000155DC9A	36.31	348	442
UniRef90_UPI00053F4444	36.59	348	480
UniRef90_UPI0004C9FE4F	40.85	348	377
UniRef90_M7BAH2	35.47	348	439
UniRef90_UPI0004DFD759	36.31	348	472
UniRef90_Q9IAJ6	35.47	348	422
UniRef90_W5QIR6	36.31	348	473
UniRef90_A0A0F7VW78	41.13	348	374
UniRef90_Q6PH19	36.31	348	422
UniRef90_I4FZX4	40.40	348	372
UniRef90_UPI0005A72C21	40.28	348	391
UniRef90_S3ZTR7	40.56	348	374
UniRef90_UPI0005212776	35.20	348	685
UniRef90_UPI0004574DA4	34.92	348	425
UniRef90_UPI00052458AA	38.87	348	385
UniRef90_UPI00069ED254	40.00	348	374
UniRef90_UPI0004C0364D	40.28	348	374
UniRef90_H2V3R1	37.15	348	423
UniRef90_P50440-2	36.31	348	391
UniRef90_UPI000690DDA2	39.15	348	367
UniRef90_UPI0004F3F12E	35.47	348	544
UniRef90_W5N5T7	36.31	348	426
UniRef90_B0CC33	38.64	348	368
UniRef90_I1FE31	35.65	348	413
UniRef90_B2IEI6	38.42	348	391
UniRef90_UPI0006EB48C2	40.28	348	390
UniRef90_A0A066YCW6	38.03	348	378
UniRef90_G3RTK2	36.31	348	424
UniRef90_W3V9E8	37.11	348	366
UniRef90_P50440	36.31	348	423
UniRef90_UPI0006890AA2	39.72	348	390
UniRef90_K9RB63	40.00	348	373
UniRef90_W3RL94	37.57	348	375
UniRef90_L8LRM6	38.92	348	366
UniRef90_F7GZ40	36.31	348	423
UniRef90_A7SK04	38.27	348	428
UniRef90_A0A0M5IS68	38.59	348	377
UniRef90_A0A089Z6S6	41.41	348	374
UniRef90_D6A179	40.00	348	380
UniRef90_A0A087YI39	36.03	348	423
UniRef90_C3YFV5	36.29	348	383
UniRef90_UPI0004D07C04	35.75	348	444
UniRef90_UPI0004BF7101	41.13	348	374
UniRef90_UPI0005251859	39.15	348	378
UniRef90_A0A0M8W180	40.00	348	381
UniRef90_Q2MFP8	39.27	348	372
UniRef90_B8HLY4	39.20	348	364
UniRef90_A0A0M2GN20	39.15	348	376
UniRef90_UPI0001CB993D	36.67	348	416
UniRef90_UPI0006E2CF6D	42.49	348	374
UniRef90_UPI0004CC3982	40.96	348	375
UniRef90_A0A0M0T9I6	35.77	348	363
UniRef90_L8PT72	39.15	348	362
UniRef90_UPI0001D2F095	38.87	348	373
UniRef90_UPI0004C827E9	40.28	348	373
UniRef90_UPI000381AEF0	40.28	348	380
UniRef90_UPI0004C150EF	36.83	348	365
UniRef90_UPI0004C00A02	37.22	348	367
UniRef90_H3CVS6	35.93	348	385
UniRef90_Q53814	87.76	348	335
UniRef90_UPI0004C57401	40.00	348	373
UniRef90_N1NQW8	35.13	348	363
UniRef90_UPI00048296AA	38.03	348	368
UniRef90_UPI000696209C	36.11	348	429
UniRef90_UPI0005F54C8B	36.31	348	599
UniRef90_UPI0004C88003	39.15	348	374
UniRef90_UPI0003497D1D	36.39	348	387
UniRef90_Q3SQ66	38.20	348	386
UniRef90_Q54256	88.06	348	335
UniRef90_H5XCU8	36.83	348	362
UniRef90_UPI0004C79923	39.15	348	373
UniRef90_A0A022PHJ8	36.83	348	366
UniRef90_A0A086N105	40.51	348	376
UniRef90_UPI0004CC2931	39.44	348	378
UniRef90_Q9RBU1	36.54	348	362
UniRef90_UPI0004E160AA	37.85	348	362
UniRef90_UPI00037BFF22	41.81	348	387
UniRef90_UPI00056CF3EB	38.64	348	359
UniRef90_UPI00036B9301	38.48	348	375
UniRef90_UPI000344EA41	38.59	348	357
UniRef90_UPI0003798102	38.35	348	368
UniRef90_F6ZA35	34.82	348	410
UniRef90_C5AZ81	38.66	348	397
UniRef90_UPI000685B421	35.83	348	376
UniRef90_A0A0F0HHK8	39.44	348	382
UniRef90_A0A0D4DJM4	55.78	348	347
UniRef90_UPI0006BBB3DB	36.44	348	357
UniRef90_UPI000685D5CC	36.29	348	381
UniRef90_UPI0006921CAB	38.24	348	368
UniRef90_UPI0005159BA3	39.20	348	357
UniRef90_UPI0004C6EDD4	36.54	348	362
UniRef90_W5WDD4	40.00	348	356
UniRef90_W4Y9X5	37.15	348	440
UniRef90_B1LZT9	38.66	348	391
UniRef90_UPI00037E714F	37.54	348	393
UniRef90_B5WK13	37.85	348	377
UniRef90_UPI0001CB9F3A	36.67	348	425
UniRef90_M7XUW6	38.48	348	391
UniRef90_A0A078BJM9	55.49	348	347
UniRef90_Q4SHT1	36.08	348	657
UniRef90_Q4SHT1	33.11	348	657
UniRef90_UPI0002E48477	55.07	348	347
UniRef90_UPI00068BEE4C	38.24	348	366
UniRef90_J2N224	54.05	348	347
UniRef90_UPI00068D4740	40.57	348	383
UniRef90_UPI0003F095E9	36.67	348	417
UniRef90_UPI00040CBDC1	54.62	348	347
UniRef90_H2ZPW2	35.31	348	372
UniRef90_A0A084STE6	37.11	348	365
UniRef90_D7C288	65.61	348	346
UniRef90_K3XBD5	34.86	348	397
UniRef90_A0A0G0KL18	36.28	348	381
UniRef90_I4L7J3	52.02	348	347
UniRef90_UPI0004C3BC6B	39.89	348	386
UniRef90_UPI0003F5ABF8	39.23	348	364
UniRef90_UPI0003A8A0D2	64.74	348	346
UniRef90_K2BA59	52.46	348	346
UniRef90_D8LS91	34.05	348	378
UniRef90_A0A0D6YJ42	53.33	348	347
UniRef90_S9YWU7	34.20	348	372
UniRef90_UPI000417BE7F	39.20	348	366
UniRef90_A7BS88	36.69	348	362
UniRef90_UPI00068C9D9E	38.78	348	346
UniRef90_W4GL71	35.58	348	411
UniRef90_B3EYJ9	35.29	348	377
UniRef90_A0A0G2ZP01	37.33	348	370
UniRef90_H3G7S4	34.88	348	368
UniRef90_F0WD58	35.14	348	401
UniRef90_S4XS45	53.64	348	362
UniRef90_UPI00057E3806	36.54	348	366
UniRef90_D4HVL3	35.98	348	366
UniRef90_A0A024G9P6	34.96	348	402
UniRef90_UPI0007026F63	35.80	348	359
UniRef90_UPI0004575C83	32.75	348	379
UniRef90_A0Z0S7	54.15	348	353
UniRef90_H0ZB79	36.00	348	388
UniRef90_D2TC34	36.16	348	366
UniRef90_F3K8H9	36.72	348	366
UniRef90_D8FU31	53.91	348	348
UniRef90_A0A0D7FC50	35.98	348	366
UniRef90_H3RK29	36.54	348	366
UniRef90_F2ZI51	36.72	348	366
UniRef90_D8EXR6	49.57	348	349
UniRef90_J2MAA5	36.83	348	368
UniRef90_A0A0A6SP60	36.26	348	361
UniRef90_R7VP31	33.85	348	394
UniRef90_UPI0004816ACE	36.83	348	366
UniRef90_A0A0G1YW66	37.64	348	366
UniRef90_UPI0004E156D1	45.56	348	357
UniRef90_UPI0002DF8196	35.47	348	361
UniRef90_A0A017T8M0	37.82	348	763
UniRef90_B5GVM5	37.39	348	362
UniRef90_UPI0004C6C04A	35.01	348	366
UniRef90_P50440-3	35.69	348	391
UniRef90_G3ESY0	54.20	348	345
UniRef90_UPI000563FD42	60.40	348	346
UniRef90_H2KUH6	32.78	348	413
UniRef90_C6WFN3	50.14	348	361
UniRef90_F7CQX3	31.71	348	417
UniRef90_A0A0C5VGN2	36.11	348	387
UniRef90_UPI0004CDA17A	35.33	348	358
UniRef90_A0A067CLA6	35.14	348	393
UniRef90_Q4FMT2	33.42	348	370
UniRef90_A0A0A0DLY2	32.34	348	376
UniRef90_A0A0H5MHL6	33.42	348	376
UniRef90_D5U628	31.88	348	380
UniRef90_B7RUV7	50.14	348	349
UniRef90_Q16A87	34.51	348	374
UniRef90_U4V6D3	34.06	348	369
UniRef90_UPI000524199C	36.26	348	390
UniRef90_F4XWI7	32.79	348	372
UniRef90_UPI000670FB36	46.44	348	359
UniRef90_Q28WI4	34.50	348	369
UniRef90_A0A076K9X8	33.70	348	372
UniRef90_P29780	68.48	348	349
UniRef90_K4RB00	34.15	348	378
UniRef90_UPI0006B808B1	32.28	348	369
UniRef90_A0A0N0TZ56	34.20	348	346
UniRef90_Q5DBC6	31.68	348	399
UniRef90_V2K8C4	31.42	348	376
UniRef90_A0A0D0V788	43.59	348	354
UniRef90_M3ARW8	35.25	348	383
UniRef90_UPI00067C440F	36.41	348	365
UniRef90_W5KLS1	31.90	348	328
UniRef90_UPI0005BCB6DC	33.42	348	372
UniRef90_F2LB68	47.26	348	372
UniRef90_UPI000388FDF0	31.37	348	368
UniRef90_S3AZL1	34.88	348	384
UniRef90_A0A0B6XEF0	32.60	348	387
UniRef90_W4LTD9	33.33	348	372
UniRef90_UPI00048AA9E2	35.42	348	376
UniRef90_A0A095AQE5	30.66	348	416
UniRef90_UPI0006932145	49.70	348	332
UniRef90_UPI0004C333A3	33.15	348	379
UniRef90_R7TEA5	33.88	348	400
UniRef90_UPI0004C8ADE2	32.88	348	387
UniRef90_C1D5N8	31.61	348	376
UniRef90_UPI000475042C	43.43	348	357
UniRef90_UPI000454B341	32.21	348	376
UniRef90_A0A0D7CGD9	33.42	348	388
UniRef90_E6M0M4	30.79	348	375
UniRef90_A0A0D5M1P0	34.42	348	385
UniRef90_UPI00036F15D3	33.88	348	380
UniRef90_W1J1P3	30.68	348	388
UniRef90_A0A0A8ECJ5	33.97	348	387
UniRef90_L8EVP6	34.33	348	388
UniRef90_S3BDB5	34.38	348	367
UniRef90_E0N5L7	30.79	348	375
UniRef90_A0A0D4E057	36.71	348	366
UniRef90_UPI00069C0F31	34.25	348	372
UniRef90_A0A0K1ECH1	36.41	348	701
UniRef90_UPI000401F301	35.25	348	380
UniRef90_A0A077NXR0	38.37	348	369
UniRef90_A0A0C2CQI4	50.76	348	330
UniRef90_W5WE80	35.10	348	371
UniRef90_A0A0F5YIQ3	31.32	348	379
UniRef90_UPI00050A0F89	30.25	348	376
UniRef90_D7C400	33.70	348	378
UniRef90_A4EU36	33.15	348	373
UniRef90_Q10ZR4	30.34	348	379
UniRef90_UPI00048B3218	30.79	348	376
UniRef90_E0MPA9	33.06	348	383
UniRef90_D4M7F7	31.61	348	383
UniRef90_UPI0003FDA176	40.29	348	344
UniRef90_UPI0005BD1A9D	35.25	348	381
UniRef90_D7F1A3	32.88	348	398
UniRef90_B6B1X3	34.24	348	373
UniRef90_I2MW92	32.60	348	387
UniRef90_A0A0D7CTF2	34.43	348	381
UniRef90_A0A0K9XJK6	32.69	348	371
UniRef90_D0WNG8	31.61	348	375
UniRef90_V8NCY9	31.86	348	340
UniRef90_UPI000402445A	43.64	348	344
UniRef90_A0A0F4K425	33.33	348	371
UniRef90_UPI0004BE90EF	34.15	348	375
UniRef90_C4RL44	44.29	348	370
UniRef90_UPI000567960E	48.07	348	337
UniRef90_A0A0F2STN4	32.88	348	393
UniRef90_V4KV59	36.31	348	360
UniRef90_S3JVU2	31.06	348	381
UniRef90_F9EGU2	31.06	348	375
UniRef90_UPI0005C744B9	36.26	348	343
UniRef90_G0G3K8	33.88	348	376
UniRef90_UPI0004C7159F	35.65	348	371
UniRef90_UPI0006866D6A	35.63	348	522
UniRef90_A0A0B9BUK8	39.71	348	343
UniRef90_A0A0F6QYV3	30.43	348	377
UniRef90_R7USH3	34.06	348	401
UniRef90_R7U1V1	33.24	348	397
UniRef90_A0A0M8XTE6	44.80	348	363
UniRef90_V4IJZ3	42.86	348	679
UniRef90_UPI0004410349	31.31	348	290
UniRef90_UPI000417E981	33.61	348	373
UniRef90_K9EDB6	31.06	348	375
UniRef90_D6EAF3	31.34	348	382
UniRef90_UPI0004287ABE	37.97	348	343
UniRef90_UPI0006D78630	32.08	348	385
UniRef90_B0TSU0	33.51	348	410
UniRef90_UPI0005254612	31.51	348	373
UniRef90_C7MLY4	31.61	348	382
UniRef90_A0A088XI11	32.79	348	386
UniRef90_A0A0F4JIS4	30.39	348	388
UniRef90_A0A0K6J6S7	30.87	348	381
UniRef90_A0A0G0L8I4	37.20	348	377
UniRef90_V4J467	32.72	348	383
UniRef90_UPI0004ABD1ED	30.37	348	384
UniRef90_A4FHT0	34.97	348	352
UniRef90_UPI0004CDC079	32.64	348	386
UniRef90_UPI00037750DF	46.51	348	381
UniRef90_UPI0004AABD09	29.92	348	393
UniRef90_UPI0003B52E06	30.69	348	380
UniRef90_M3B4Q3	30.99	348	388
UniRef90_D6A5M5	32.12	348	389
UniRef90_A0A0C5GLM0	29.77	348	385
UniRef90_A0A0A0NVB3	32.10	348	380
UniRef90_UPI0005692E2B	42.44	348	344
UniRef90_UPI00040AA4B2	30.59	348	378
UniRef90_UPI00034A9F28	29.74	348	379
UniRef90_F3NRX3	32.46	348	390
UniRef90_A8M6N0	31.93	348	384
UniRef90_L1K0A5	30.71	348	406
UniRef90_UPI00051ACFDB	31.30	348	379
UniRef90_UPI00046572CD	47.65	348	366
UniRef90_H9G945	33.90	348	316
UniRef90_Q6IU04	32.55	348	299
UniRef90_M4UA78	31.88	348	410
UniRef90_UPI000346EB74	35.24	348	347
UniRef90_A0A0A1GQM9	31.35	348	427
UniRef90_UPI0004C9A42D	29.61	348	388
UniRef90_M2XXG9	31.99	348	374
UniRef90_D4TGJ3	28.79	348	389
UniRef90_A0A0G1KCZ2	36.24	348	377
UniRef90_D3F7K5	36.83	348	375
UniRef90_X2KT49	30.64	348	358
UniRef90_A0A0C2JFH4	29.63	348	380
UniRef90_A3PE84	37.66	348	401
UniRef90_H3BFH4	34.72	348	266
UniRef90_A0A0J6XLJ3	31.68	348	383
UniRef90_K4JFB7	31.82	348	360
UniRef90_UPI00037C7BB0	30.08	348	381
UniRef90_UPI0004CDBBDE	33.86	348	380
UniRef90_A0A0B5HEL5	37.80	348	372
UniRef90_UPI0004651D7C	37.54	348	365
UniRef90_A0A0L9T0H7	31.01	348	378
UniRef90_Q3HY00	34.50	348	342
UniRef90_UPI00035C87C5	30.34	348	382
UniRef90_A0A0N1JYT6	29.37	348	381
UniRef90_C4JMY9	28.00	348	349
UniRef90_R7UH29	31.08	348	366
UniRef90_UPI0004C14CED	31.98	348	375
UniRef90_J3K7L7	28.00	348	349
UniRef90_A0A0L0N983	32.10	348	350
UniRef90_C5FJH8	31.82	348	351
UniRef90_G4VB55	29.48	348	384
UniRef90_A0A0F8ZGM5	32.54	348	336
UniRef90_UPI0004C3B613	31.22	348	381
UniRef90_M1W0W7	29.92	348	354
UniRef90_A0A0F7N8Z2	33.25	348	383
UniRef90_A0A0B4GNU1	30.34	348	350
UniRef90_V4KNM7	32.72	348	382
UniRef90_UPI0006E21211	31.23	348	379
UniRef90_A0A0N0S691	33.77	348	383
UniRef90_UPI0004C4D51A	33.60	348	382
UniRef90_A0A0A8FAN8	40.34	348	288
UniRef90_K3VIL2	27.17	348	344
UniRef90_UPI0002882D32	34.78	348	392
UniRef90_UPI00048241D8	30.52	348	371
UniRef90_UPI0006CA3207	30.98	348	375
UniRef90_V9Z303	31.45	348	381
UniRef90_UPI000687E680	33.53	348	366
UniRef90_UPI0002FCFB06	32.24	348	367
UniRef90_A0A067MYC6	33.14	348	345
UniRef90_UPI000465B4EF	32.60	348	369
UniRef90_M1WBG7	28.53	348	354
UniRef90_A0A077MCW2	33.60	348	381
UniRef90_V9Z5X0	30.81	348	381
UniRef90_S8AYA1	28.82	348	352
UniRef90_A0A017S5M3	27.49	348	339
UniRef90_UPI00068C77F0	31.69	348	367
UniRef90_A0A0F8A556	28.49	348	366
UniRef90_R7WH65	33.07	348	382
UniRef90_A0A0K8L913	29.65	348	578
UniRef90_A0A094AQL5	29.38	348	355
UniRef90_UPI00069032FF	30.85	348	379
UniRef90_Q54264	54.76	348	319
UniRef90_UPI00067BB713	29.51	348	377
UniRef90_UPI0006E3566F	29.23	348	377
UniRef90_T5AGC7	29.41	348	388
UniRef90_UPI0006E23F9D	30.68	348	379
UniRef90_G3JFZ4	28.45	348	362
UniRef90_A0A0L1J4U2	26.45	348	370
UniRef90_A0A0L8QR42	28.86	348	345
UniRef90_J5JBP8	28.73	348	363
UniRef90_C5LNA7	32.34	348	353
UniRef90_A0A094I708	29.19	348	317
UniRef90_R7QM73	29.49	348	402
UniRef90_E4X2X0	30.03	348	328
UniRef90_A0A0B2WVH3	29.81	348	318
UniRef90_Q1K5W2	26.89	348	397
UniRef90_B4YPJ8	35.17	348	236
UniRef90_UPI000473F058	28.79	348	387
UniRef90_UPI0004BF2CA7	62.46	348	347
UniRef90_A0A0F9G4L0	45.09	348	272
UniRef90_D9W4I0	62.36	348	357
UniRef90_F7W7D0	24.45	348	446
UniRef90_D5GV78	27.27	348	353
UniRef90_F8W4N8	37.56	348	272
UniRef90_Q9AMV3	33.00	348	298
UniRef90_UPI0006CFE221	54.59	348	206
UniRef90_G8FGE8	31.97	348	284
UniRef90_H1A3K5	25.16	348	294
UniRef90_E5AX01	37.80	348	222
UniRef90_A0A0G2AWM6	29.07	348	345
UniRef90_A0A094IQX3	28.00	348	542
UniRef90_T0CHA5	25.27	348	364
UniRef90_A0A0F9M2Y4	30.96	348	241
UniRef90_UPI00065040E3	41.32	348	328
UniRef90_UPI00065040E3	32.61	348	328
UniRef90_UPI0006B771B7	42.86	348	229
UniRef90_A0A0K9IG76	25.51	348	323
UniRef90_V9LGV7	27.78	348	198
UniRef90_B1VQB5	25.72	348	332
UniRef90_Q846V7	42.86	348	176
UniRef90_A0A068QT72	34.02	348	230
UniRef90_V4JAF3	51.83	348	262
UniRef90_A4U9X7	30.37	348	214
UniRef90_UPI000317781C	25.58	348	327
UniRef90_A0A0N0IVS3	24.42	348	321
UniRef90_A0A094G7C1	25.30	348	315
UniRef90_Q8TJX5	19.94	348	334
UniRef90_A0A0D7DFF1	23.92	348	340
UniRef90_A0A0F7VSK6	34.86	348	175
UniRef90_UPI0002F2B549	25.50	348	320
UniRef90_UPI00055F1191	25.21	348	327
UniRef90_R2STE0	26.24	348	324
UniRef90_UPI0005930163	25.43	348	326
UniRef90_A0A090RQX5	22.10	348	380
UniRef90_A0A0J8U1G9	26.92	348	208
UniRef90_R2QH92	24.49	348	324
UniRef90_A0A0E9EJ97	22.38	348	323
UniRef90_UPI00056F21E2	23.62	348	324
UniRef90_D7WT56	22.45	348	325
UniRef90_H6R840	23.77	348	322
UniRef90_R3W3K5	23.19	348	325
UniRef90_L7WUS5	30.89	348	242
UniRef90_UPI0004BF73A5	24.05	348	332
UniRef90_A6CV54	21.88	348	384
UniRef90_K8E1U1	23.62	348	328
UniRef90_UPI00061B3E4D	25.07	348	322
UniRef90_A0A084JKG7	22.22	348	326
UniRef90_UPI000372AA30	25.65	348	335
UniRef90_A0A0A0N4V3	37.14	348	143
UniRef90_UPI00045E766E	21.78	348	326
UniRef90_UPI000699B626	23.92	348	327
UniRef90_C5KQ28	31.56	348	241
UniRef90_H0BRH8	22.61	348	329
UniRef90_UPI0004886429	24.07	348	326
UniRef90_Q11GH5	24.64	348	323
UniRef90_K2PIV6	22.00	348	327
UniRef90_X0THV1	29.44	348	227
UniRef90_X0SNQ8	25.31	348	247
UniRef90_A0A0A3IRM3	22.83	348	325
UniRef90_UPI000318CE35	21.39	348	327
UniRef90_A0A0K2YQ28	23.63	348	334
UniRef90_A0A0D0SKT6	22.38	348	325
UniRef90_UPI00034DC047	24.85	348	327
UniRef90_K2RBY5	26.05	348	275
UniRef90_UPI0005AAD814	21.41	348	324
UniRef90_A0A0B8NJE7	25.22	348	349
UniRef90_A0A098CUL8	20.81	348	327
UniRef90_UPI0003666F86	22.45	348	329
UniRef90_W4AIX0	23.43	348	374
UniRef90_L7UKU9	23.21	348	330
UniRef90_H0YMX4	40.15	348	167
UniRef90_X0UNG2	27.20	348	264
UniRef90_V5XLV8	21.47	348	322
UniRef90_A5EQJ1	22.97	348	333
UniRef90_G4L9H1	21.70	348	324
UniRef90_A0A0C7JEF9	21.84	348	324
UniRef90_T4VIH7	21.39	348	324
UniRef90_Q0VTR1	43.75	348	145
UniRef90_H7F2U5	20.77	348	337
UniRef90_X1QP09	30.77	348	151
UniRef90_G1DTC4	30.77	348	158
UniRef90_UPI000498007F	22.38	348	321
UniRef90_UPI0006904744	44.88	348	205
UniRef90_UPI0006904744	55.32	348	205
UniRef90_X1GUP1	31.95	348	202
UniRef90_UPI0006D8E7B0	40.35	348	178
UniRef90_UPI000701871F	21.99	348	336
UniRef90_V9W6R5	22.43	348	254
UniRef90_UPI0005C76A26	20.98	348	347
UniRef90_X0WZP4	30.59	348	189
UniRef90_B4AH62	21.39	348	354
UniRef90_X1JI68	26.99	348	173
UniRef90_U4Q4D7	20.12	348	336
UniRef90_A6CWV2	20.68	348	336
UniRef90_X1VNJ5	29.55	348	168
UniRef90_L7WRM9	32.10	348	162
UniRef90_A0A096LMD4	30.26	348	152
UniRef90_D9Y0V2	29.80	348	301
UniRef90_Q03XZ3	21.75	348	319
UniRef90_L8PLA5	40.00	348	123
UniRef90_UPI0006B14E74	28.81	348	221
UniRef90_A0A0M1IS85	20.90	348	343
UniRef90_X1R347	25.81	348	219
UniRef90_UPI000287E400	21.39	348	331
UniRef90_W2EDX4	20.82	348	331
UniRef90_I1EJW2	32.95	348	88
UniRef90_A0A061ADX4	30.21	348	104
UniRef90_UPI0004C72C37	38.38	348	102
UniRef90_X1UST1	31.15	348	131
UniRef90_G5JV55	19.24	348	310
UniRef90_UPI0006B200A8	25.20	348	120
UniRef90_M5A5Q0	22.87	348	289
UniRef90_D5GVS4	20.40	348	323
UniRef90_UPI0006ACA305	36.94	348	111
UniRef90_X0WN29	28.89	348	134
UniRef90_UPI000688A8FF	21.22	348	305
UniRef90_L8JVL9	18.08	348	291
UniRef90_A0A090RUA5	24.69	348	222
UniRef90_A0A078A7K1	30.73	348	390
UniRef90_A0A0A1IV20	41.12	348	107
UniRef90_A0A0A1IX22	39.25	348	107
UniRef90_P72438	82.61	348	104
UniRef90_A0A0F9I217	26.61	348	124
UniRef90_W7DCY2	18.99	348	256
UniRef90_L7WS96	19.52	348	375
UniRef90_UPI0003F6F81F	50.00	348	80
UniRef90_UPI0006978622	19.83	348	296
UniRef90_G3HMD7	37.10	348	64
UniRef90_X0Z5S1	31.53	348	118
