UniRef90_P28037	99.67	307	902
UniRef90_M0R8T2	99.67	307	907
UniRef90_F6UL10	93.46	307	359
UniRef90_O75891-4	92.83	307	505
UniRef90_UPI0006D74515	92.83	307	848
UniRef90_G1LIH3	93.16	307	649
UniRef90_G1PEG3	92.83	307	895
UniRef90_UPI000657428F	93.16	307	869
UniRef90_UPI0003F14F6F	92.18	307	874
UniRef90_M3XUM1	91.83	307	920
UniRef90_UPI0003F06A90	91.21	307	902
UniRef90_UPI0005BE7CB7	91.21	307	912
UniRef90_G1T8P1	92.18	307	968
UniRef90_UPI000328FDF9	90.88	307	813
UniRef90_E1BMG9	89.58	307	902
UniRef90_UPI0005ACAC5A	92.18	307	1095
UniRef90_UPI0003346540	91.21	307	899
UniRef90_UPI0004BDFF37	91.86	307	1143
UniRef90_UPI00057BC528	89.58	307	872
UniRef90_UPI0003C8221A	89.25	307	905
UniRef90_UPI000441A08D	87.94	307	910
UniRef90_UPI0002C64CA0	93.03	307	381
UniRef90_UPI000650DB0E	94.79	307	905
UniRef90_I3LEN7	84.69	307	718
UniRef90_L5KPE1	86.27	307	786
UniRef90_UPI0004434DD0	83.06	307	827
UniRef90_G3W850	83.06	307	902
UniRef90_F6UZU4	83.06	307	913
UniRef90_W5P8S8	85.39	307	934
UniRef90_A0A087Y468	75.82	307	565
UniRef90_H2SQU0	75.49	307	504
UniRef90_A0A0G2ABL4	76.87	307	935
UniRef90_UPI0006D91825	78.18	307	748
UniRef90_Q63ZT8	77.52	307	902
UniRef90_S9YJB1	79.80	307	927
UniRef90_W5N8G7	75.82	307	902
UniRef90_H3B2E7	77.92	307	900
UniRef90_H2M0H9	76.47	307	925
UniRef90_H2SQT5	75.49	307	920
UniRef90_I3J595	74.59	307	924
UniRef90_UPI0005761286	75.82	307	902
UniRef90_UPI0005D0178F	79.48	307	866
UniRef90_UPI000495731A	75.16	307	898
UniRef90_U6DR64	93.75	307	240
UniRef90_UPI00054B6A08	70.92	307	380
UniRef90_Q3SY69-3	70.92	307	516
UniRef90_UPI0004573092	74.18	307	901
UniRef90_E7F2T8	72.82	307	904
UniRef90_UPI00064D5E7B	71.24	307	746
UniRef90_F7CYD2	72.22	307	923
UniRef90_F6UZX8	72.22	307	923
UniRef90_UPI000680FA11	94.17	307	804
UniRef90_UPI0006B19091	70.26	307	512
UniRef90_UPI000644FB9C	70.92	307	768
UniRef90_K7GFA4	69.93	307	484
UniRef90_G1KRQ0	71.24	307	924
UniRef90_UPI0004EFE317	71.24	307	847
UniRef90_G3R6S5	70.92	307	889
UniRef90_I3N7R9	94.17	307	900
UniRef90_U3KG77	70.59	307	914
UniRef90_A0A093QD34	71.24	307	887
UniRef90_G3HZP2	70.92	307	855
UniRef90_Q3SY69	70.92	307	923
UniRef90_A0A060Y268	74.22	307	313
UniRef90_UPI0003C27E20	71.24	307	929
UniRef90_A8WH03	67.65	307	502
UniRef90_UPI0003EC202D	70.92	307	983
UniRef90_UPI00052349FF	70.59	307	949
UniRef90_UPI0002C64496	70.59	307	987
UniRef90_UPI0005D06942	70.92	307	1018
UniRef90_H3A505	70.26	307	924
UniRef90_UPI000441CC28	69.93	307	924
UniRef90_UPI0004C1D252	70.59	307	1010
UniRef90_UPI0005323CE1	69.93	307	1012
UniRef90_UPI0006B13518	70.59	307	974
UniRef90_H0VH13	69.93	307	925
UniRef90_UPI000388CE1E	70.26	307	923
UniRef90_I3K1V3	70.26	307	926
UniRef90_E7EXW7	69.61	307	915
UniRef90_G3U5Z0	69.61	307	673
UniRef90_A0A0G2D1S5	69.28	307	789
UniRef90_M7B342	69.61	307	878
UniRef90_F6WMV5	67.65	307	924
UniRef90_V9KA05	69.61	307	922
UniRef90_A0A060Y3G7	67.65	307	923
UniRef90_G5C465	62.75	307	1014
UniRef90_W5UBE4	68.30	307	923
UniRef90_UPI0006445F99	66.99	307	923
UniRef90_C3ZVI5	66.23	307	936
UniRef90_UPI0001CBAB3E	66.99	307	923
UniRef90_L9LD01	59.62	307	1491
UniRef90_F6Z6Y7	65.57	307	921
UniRef90_UPI00064F9084	64.05	307	783
UniRef90_UPI0003339F1F	64.05	307	960
UniRef90_UPI000572DFD1	63.73	307	878
UniRef90_UPI000529FACD	75.42	307	245
UniRef90_UPI00064B78E0	62.42	307	663
UniRef90_W4XGY3	64.38	307	851
UniRef90_B3RUH8	61.11	307	921
UniRef90_UPI0005EDA94F	64.38	307	929
UniRef90_A7RQR3	63.73	307	874
UniRef90_C3ZVK0	64.43	307	909
UniRef90_UPI00035A12F5	62.87	307	900
UniRef90_UPI0005C34C8A	61.56	307	904
UniRef90_K1QHH8	61.56	307	990
UniRef90_V4B2Z6	62.21	307	902
UniRef90_A0A0B6ZYE6	62.21	307	900
UniRef90_UPI00069875ED	58.69	307	921
UniRef90_Q9UFA9	90.86	307	240
UniRef90_A0A091DIG8	69.32	307	1654
UniRef90_A0A091DIG8	79.07	307	1654
UniRef90_I1GAL5	58.17	307	607
UniRef90_T2MCX1	60.59	307	923
UniRef90_UPI0006B08EC9	59.28	307	901
UniRef90_UPI0006742622	60.91	307	906
UniRef90_UPI0006B08298	57.65	307	905
UniRef90_T1JDA6	58.12	307	915
UniRef90_T1EEF3	57.33	307	864
UniRef90_A0A087UME0	54.55	307	418
UniRef90_S4RDA3	72.99	307	233
UniRef90_R7V1Y1	57.42	307	949
UniRef90_D3ZTP0	58.50	307	922
UniRef90_W5LG22	62.83	307	654
UniRef90_Q4TBF9	70.00	307	1002
UniRef90_Q4TBF9	53.92	307	1002
UniRef90_UPI000642A689	77.98	307	642
UniRef90_UPI000642A689	86.00	307	642
UniRef90_A0A067QH51	55.23	307	979
UniRef90_UPI000440C9FA	54.72	307	621
UniRef90_UPI000440C9FA	80.49	307	621
UniRef90_A0A0L7R0K3	53.27	307	902
UniRef90_UPI000626C72B	52.92	307	899
UniRef90_V5I8M6	52.06	307	374
UniRef90_E2BWP9	53.27	307	490
UniRef90_UPI000614AE9C	53.92	307	900
UniRef90_UPI000626A2C0	51.30	307	900
UniRef90_F4W7E1	53.92	307	899
UniRef90_UPI0005F3B8D7	70.70	307	755
UniRef90_A0A0M9A4E9	51.96	307	902
UniRef90_E9IC80	52.94	307	920
UniRef90_A0A0L8GLQ4	65.00	307	845
UniRef90_E2A3S4	54.24	307	900
UniRef90_UPI000623ACDE	53.56	307	900
UniRef90_UPI000640A728	50.31	307	926
UniRef90_A0A0B1SZ77	53.72	307	299
UniRef90_A0A087ZYB7	52.29	307	919
UniRef90_X1WIZ3	52.61	307	922
UniRef90_T1K2L4	52.90	307	908
UniRef90_M3ZU09	73.71	307	195
UniRef90_A0A0C9Q282	54.29	307	717
UniRef90_UPI0004CD24C1	51.13	307	920
UniRef90_A0A026WU32	52.03	307	899
UniRef90_UPI00021A872F	50.65	307	919
UniRef90_U6PTT4	53.97	307	907
UniRef90_K7ILV9	51.30	307	902
UniRef90_A0A0C9RMA6	54.29	307	897
UniRef90_A0A0C2H4K2	52.85	307	915
UniRef90_UPI0005D04B5C	48.28	307	925
UniRef90_A0A0B1TI87	51.58	307	846
UniRef90_UPI00067B0AA7	49.22	307	928
UniRef90_E9H8V6	49.84	307	924
UniRef90_A8X165	49.85	307	923
UniRef90_A0A016SDF0	60.76	307	249
UniRef90_G6CHY2	47.66	307	927
UniRef90_Q3SY69-2	73.86	307	203
UniRef90_A0A0N4VKZ3	51.27	307	908
UniRef90_UPI0005CDD412	50.32	307	898
UniRef90_D2A5X9	51.75	307	915
UniRef90_A0A0K0CXW1	59.75	307	256
UniRef90_UPI0006C94247	50.16	307	913
UniRef90_B0WX46	52.24	307	935
UniRef90_A0A0N5AI88	48.73	307	930
UniRef90_UPI00045E26B2	63.76	307	692
UniRef90_A0A084VBY5	49.52	307	940
UniRef90_A0A0K2TXW3	48.23	307	943
UniRef90_Q7Q1X2	47.60	307	923
UniRef90_W5J7E6	50.16	307	944
UniRef90_A0A0A1WP76	47.60	307	521
UniRef90_Q16RZ0	48.72	307	932
UniRef90_A0A0N4U702	47.97	307	297
UniRef90_A0A0K8UD61	47.60	307	710
UniRef90_B4M9T3	48.41	307	913
UniRef90_B4JPX0	47.77	307	913
UniRef90_A0A0L0CLW3	46.33	307	911
UniRef90_A0A0M4EA78	47.45	307	913
UniRef90_A0A0N4SVT2	80.72	307	135
UniRef90_W8BRG1	46.96	307	911
UniRef90_B3MMB2	47.67	307	913
UniRef90_Q9VIC9	47.77	307	913
UniRef90_UPI0006731270	46.79	307	911
UniRef90_T1PAT5	46.33	307	912
UniRef90_U5EZH7	45.51	307	906
UniRef90_B4N7Q7	47.00	307	918
UniRef90_A0A0D8XY04	56.68	307	266
UniRef90_A0A094M0P0	67.03	307	783
UniRef90_A0A0D6LAR4	63.54	307	189
UniRef90_UPI00063EE050	92.56	307	121
UniRef90_A0A0B2VES1	50.41	307	835
UniRef90_UPI00063F67B4	89.55	307	851
UniRef90_N6TRE6	43.17	307	1046
UniRef90_I4DS57	55.61	307	187
UniRef90_F2NJL5	47.39	307	305
UniRef90_O75891-2	88.46	307	801
UniRef90_O75891-2	89.01	307	801
UniRef90_UPI0006435CC1	89.52	307	616
UniRef90_UPI0003314344	90.00	307	801
UniRef90_UPI0003314344	86.81	307	801
UniRef90_UPI000702EA2D	39.87	307	309
UniRef90_UPI00046F6AEF	40.98	307	306
UniRef90_UPI0002BD0ABF	86.92	307	801
UniRef90_UPI0002BD0ABF	83.52	307	801
UniRef90_E7FA80	81.15	307	122
UniRef90_UPI00045D94BF	84.96	307	804
UniRef90_UPI00045D94BF	88.04	307	804
UniRef90_F7HFX3	90.35	307	157
UniRef90_UPI0006FDFCEE	45.56	307	329
UniRef90_UPI00037F5204	45.38	307	309
UniRef90_UPI0006968667	42.63	307	356
UniRef90_UPI00037E34DA	39.17	307	310
UniRef90_B8IFX4	43.78	307	310
UniRef90_UPI00036B267D	44.76	307	324
UniRef90_J9Z3G2	39.67	307	305
UniRef90_UPI0003EAD5EA	80.00	307	801
UniRef90_UPI0003EAD5EA	63.33	307	801
UniRef90_UPI0006F5C532	40.19	307	318
UniRef90_X1DAB5	41.64	307	269
UniRef90_UPI0005207CDE	75.83	307	145
UniRef90_UPI000305D5FD	42.91	307	323
UniRef90_M7YBU3	43.25	307	310
UniRef90_A0A0C2JKR1	42.40	307	305
UniRef90_A0A0D6JBM8	36.27	307	308
UniRef90_UPI000426D674	38.71	307	312
UniRef90_C3XBX5	35.78	307	310
UniRef90_I9WUQ0	38.76	307	310
UniRef90_UPI000421F6B4	37.86	307	305
UniRef90_B0UJR9	41.94	307	310
UniRef90_UPI00049822E6	71.32	307	847
UniRef90_UPI00049822E6	49.32	307	847
UniRef90_V8NUQ0	72.50	307	180
UniRef90_UPI000703B585	36.77	307	310
UniRef90_UPI0006812D53	36.69	307	311
UniRef90_B1M358	40.87	307	310
UniRef90_A0A016XHL4	40.47	307	319
UniRef90_K7E981	78.76	307	176
UniRef90_UPI0003C48DBF	67.65	307	837
UniRef90_UPI0003C48DBF	58.89	307	837
UniRef90_A0A0C7NN71	37.72	307	307
UniRef90_UPI0003EC1DA0	48.67	307	801
UniRef90_UPI0003EC1DA0	62.64	307	801
UniRef90_V4TLP7	38.26	307	304
UniRef90_UPI0006531B80	37.26	307	310
UniRef90_E0MTY9	39.23	307	305
UniRef90_A8TPV7	34.20	307	295
UniRef90_A0A0F2PTE5	36.48	307	312
UniRef90_B9NWG0	40.00	307	305
UniRef90_A0A0F9PX90	33.99	307	304
UniRef90_W4LHN9	44.90	307	191
UniRef90_V4J9Y6	40.56	307	313
UniRef90_UPI0004842876	38.55	307	307
UniRef90_F3KVW9	41.32	307	319
UniRef90_UPI0003B43F15	34.49	307	305
UniRef90_A6DYT0	36.75	307	300
UniRef90_UPI0005631DCE	34.65	307	300
UniRef90_A0A0J9E973	37.90	307	303
UniRef90_A0A091LS30	62.31	307	151
UniRef90_A0A0C2F1Z9	69.81	307	113
UniRef90_V8NWT4	65.38	307	647
UniRef90_H0ZXR3	62.31	307	150
UniRef90_A4SWJ5	35.56	307	310
UniRef90_C3X5Q2	36.03	307	310
UniRef90_A0A091MIN8	60.00	307	151
UniRef90_M1SFD2	36.69	307	310
UniRef90_H9FG38	65.83	307	119
UniRef90_T0YD46	37.19	307	251
UniRef90_S4P7Q6	62.71	307	118
UniRef90_I3DZ59	34.18	307	318
UniRef90_B0PFT8	33.55	307	306
UniRef90_A0A078KPH1	31.09	307	311
UniRef90_A0A0C2HTR5	33.23	307	302
UniRef90_R9LW18	32.59	307	306
UniRef90_UPI0004887176	33.02	307	324
UniRef90_Q2LRX4	33.86	307	312
UniRef90_J0WV50	32.59	307	308
UniRef90_F6B4N2	31.11	307	318
UniRef90_UPI0006B411B6	32.27	307	309
UniRef90_UPI00045DD216	58.02	307	189
UniRef90_UPI00040283AC	33.86	307	317
UniRef90_U2DQF7	32.48	307	308
UniRef90_A0A0B5BH75	31.85	307	318
UniRef90_A0A0H5SIP7	31.72	307	309
UniRef90_UPI000482BE22	32.59	307	318
UniRef90_U2SM46	33.54	307	304
UniRef90_D5X7S5	31.23	307	321
UniRef90_A0A091FHH8	32.17	307	312
UniRef90_UPI0003F5CEE5	31.73	307	312
UniRef90_F8ADP4	31.63	307	316
UniRef90_UPI00049680EA	31.21	307	316
UniRef90_U4UN19	43.81	307	249
UniRef90_Q1K3H0	33.02	307	314
UniRef90_T4VVT9	30.23	307	310
UniRef90_K8DXF0	32.70	307	317
UniRef90_Q39QC2	31.21	307	311
UniRef90_W7LII8	31.75	307	316
UniRef90_R5H8L5	32.06	307	306
UniRef90_A8MH85	31.27	307	310
UniRef90_G9YMS6	32.59	307	306
UniRef90_S0J952	32.06	307	323
UniRef90_A7VUU2	31.21	307	306
UniRef90_UPI0006804D15	30.77	307	308
UniRef90_D9S312	31.73	307	313
UniRef90_A0A0C7NSE7	30.38	307	311
UniRef90_R1CXG6	29.22	307	309
UniRef90_UPI00042A8D1E	31.53	307	313
UniRef90_UPI000615080F	35.31	307	320
UniRef90_R6CW53	30.67	307	303
UniRef90_E3PSX1	30.16	307	313
UniRef90_R9IX63	32.81	307	317
UniRef90_A0A0C7EMM0	29.45	307	310
UniRef90_UPI0006C77B25	30.79	307	312
UniRef90_UPI00030B7D05	31.95	307	312
UniRef90_UPI0004A73C7B	31.95	307	307
UniRef90_UPI0005701998	30.67	307	308
UniRef90_A0A0K8J4S5	30.10	307	309
UniRef90_R6HMJ0	31.49	307	312
UniRef90_UPI000418DC63	31.75	307	318
UniRef90_K2JUS1	32.91	307	301
UniRef90_UPI0003B66906	30.38	307	304
UniRef90_A0A077JA79	30.48	307	314
UniRef90_UPI00058C5B94	32.06	307	306
UniRef90_UPI0003F709AC	31.39	307	301
UniRef90_S0FHM4	30.98	307	307
UniRef90_C0EFK5	30.67	307	313
UniRef90_B6FYY6	30.89	307	309
UniRef90_Q67PR4	33.44	307	326
UniRef90_G8M0R0	30.95	307	305
UniRef90_R7QX07	31.31	307	309
UniRef90_UPI0006D2516A	30.74	307	315
UniRef90_A4J579	30.00	307	317
UniRef90_UPI000555A6F1	31.94	307	297
UniRef90_R6Q541	31.90	307	328
UniRef90_UPI0003B3C413	30.45	307	309
UniRef90_R7F5G5	31.27	307	331
UniRef90_UPI00049419CB	30.13	307	320
UniRef90_UPI0005CCAEB1	31.65	307	318
UniRef90_UPI00047E807E	31.86	307	304
UniRef90_R7M943	31.17	307	328
UniRef90_R5QBP2	31.17	307	327
UniRef90_Q182S2	29.62	307	309
UniRef90_L7VJQ0	29.13	307	316
UniRef90_UPI0003468C03	30.35	307	306
UniRef90_Q2RK24	32.27	307	311
UniRef90_UPI0004807C1A	29.21	307	309
UniRef90_F4XC58	32.28	307	307
UniRef90_A0A0M0X7S4	31.41	307	316
UniRef90_R6Y5N8	30.03	307	311
UniRef90_A0A0M4DCC5	30.48	307	314
UniRef90_UPI0003B35D13	29.94	307	315
UniRef90_F6DM91	29.84	307	311
UniRef90_UPI0004E10643	29.94	307	311
UniRef90_U2B2T4	31.01	307	310
UniRef90_I4ACB4	30.13	307	310
UniRef90_A0A096CX28	29.39	307	309
UniRef90_R6PVN3	31.53	307	313
UniRef90_H3K6F0	29.02	307	311
UniRef90_A0A0D3LCX2	30.38	307	306
UniRef90_A0A060QHT5	33.02	307	308
UniRef90_UPI0004756D87	34.78	307	315
UniRef90_E7GT39	31.63	307	312
UniRef90_D7GX30	30.00	307	308
UniRef90_UPI00031BB0BA	31.86	307	306
UniRef90_R5D7E5	29.65	307	306
UniRef90_UPI0004A719A1	31.41	307	313
UniRef90_A5D1B9	29.35	307	313
UniRef90_UPI000483060F	34.52	307	308
UniRef90_UPI0004812F2C	30.35	307	311
UniRef90_R6TW99	29.84	307	304
UniRef90_I2ERJ3	30.48	307	303
UniRef90_Q0AXL4	32.15	307	314
UniRef90_UPI000237BAF1	31.75	307	318
UniRef90_I7ZIU4	32.17	307	309
UniRef90_L0IJV2	31.01	307	311
UniRef90_F7V7D7	31.01	307	312
UniRef90_F3ABH5	29.52	307	310
UniRef90_E0E4G4	27.27	307	309
UniRef90_A0A0F2Q395	29.47	307	316
UniRef90_F4KZJ3	31.21	307	298
UniRef90_UPI00067E81DB	30.38	307	309
UniRef90_A0A0G1RVP7	31.96	307	313
UniRef90_R6BV11	31.43	307	309
UniRef90_K4L4M0	31.63	307	315
UniRef90_UPI0004103D37	30.38	307	314
UniRef90_A0A0A8WQK1	31.09	307	318
UniRef90_R5FVC7	31.46	307	308
UniRef90_B9M2D5	30.57	307	312
UniRef90_A0A059WUA9	29.21	307	305
UniRef90_A6NUS7	32.70	307	311
UniRef90_UPI00067F518E	31.65	307	304
UniRef90_W1SCX0	31.11	307	314
UniRef90_UPI00047AE5E6	30.89	307	308
UniRef90_A0A061QFA3	32.55	307	335
UniRef90_D6DK38	31.63	307	312
UniRef90_A1HMX6	27.94	307	313
UniRef90_L8JJ77	29.90	307	316
UniRef90_A5GBL0	29.62	307	313
UniRef90_UPI0004792B3C	31.75	307	316
UniRef90_UPI0003B5EEA7	32.81	307	312
UniRef90_E3GCL2	33.76	307	315
UniRef90_UPI00041ABE0A	31.33	307	309
UniRef90_C6LGY4	31.29	307	332
UniRef90_UPI0004B40C63	27.42	307	309
UniRef90_R5QU05	28.34	307	317
UniRef90_UPI0004283AF9	31.29	307	297
UniRef90_A3DCX5	29.45	307	311
UniRef90_U2PZL1	30.99	307	310
UniRef90_A7Z4J3	30.48	307	317
UniRef90_R6K2G3	30.12	307	320
UniRef90_UPI0005D0FA82	30.38	307	318
UniRef90_B0KA10	29.71	307	310
UniRef90_R5AHZ1	30.35	307	309
UniRef90_A1ZSV1	29.84	307	308
UniRef90_R6BVU3	31.21	307	311
UniRef90_R7IVC2	29.97	307	314
UniRef90_UPI0001E2DE32	30.89	307	310
UniRef90_F0SUR4	35.29	307	328
UniRef90_A0A023CR55	30.79	307	322
UniRef90_N2B4K1	29.87	307	308
UniRef90_R6ZR77	29.17	307	312
UniRef90_R5WDM0	30.06	307	311
UniRef90_A0A0L6JRW8	29.52	307	310
UniRef90_B0A9Y4	29.19	307	304
UniRef90_A0A069RAD2	31.11	307	313
UniRef90_A0A0B5FKB7	32.80	307	303
UniRef90_A0A0G3WCF1	29.59	307	306
UniRef90_UPI00050957AB	31.60	307	309
UniRef90_A0A0B5DNZ5	34.77	307	301
UniRef90_D1BMC2	29.19	307	336
UniRef90_A0A096A3M6	26.77	307	309
UniRef90_R6C0D7	31.03	307	322
UniRef90_E8WQ37	31.09	307	314
UniRef90_C0D9B3	30.16	307	316
UniRef90_E6U3N1	32.46	307	309
UniRef90_C3WCC3	34.27	307	310
UniRef90_A0A0H4VMC0	31.33	307	313
UniRef90_A4IM47	31.53	307	319
UniRef90_C5EIZ5	31.15	307	319
UniRef90_R9K6Q3	31.06	307	331
UniRef90_UPI0004957E61	30.55	307	311
UniRef90_R6SLG0	31.07	307	310
UniRef90_UPI00051B28FA	28.25	307	309
UniRef90_UPI00053AA3D6	30.57	307	316
UniRef90_Q74GW4	29.30	307	317
UniRef90_UPI000481A8F8	30.41	307	305
UniRef90_C6JKM4	29.87	307	310
UniRef90_G2SXS7	30.25	307	311
UniRef90_D4J0V0	30.67	307	311
UniRef90_Q819U1	30.06	307	314
UniRef90_UPI0005F016C7	31.13	307	317
UniRef90_R9JAK5	30.35	307	313
UniRef90_G2LIP8	31.33	307	324
UniRef90_Q3A7Y7	31.31	307	315
UniRef90_UPI00048D5BFD	31.07	307	300
UniRef90_G4KPN3	31.23	307	306
UniRef90_UPI0004787A62	31.85	307	302
UniRef90_B3EAP0	30.09	307	316
UniRef90_R6NN97	32.58	307	326
UniRef90_UPI00035FFEB7	31.33	307	315
UniRef90_UPI00054EE5EF	30.64	307	303
UniRef90_C5D8R6	29.11	307	318
UniRef90_R7JXA2	31.95	307	309
UniRef90_UPI0006A77D6E	30.70	307	311
UniRef90_A0A061N6E5	33.98	307	316
UniRef90_D7CLQ5	31.31	307	315
UniRef90_L0K9T2	31.63	307	314
UniRef90_UPI000427E9B4	30.35	307	309
UniRef90_UPI0003822ED3	33.69	307	308
UniRef90_A0A0C2R108	32.52	307	317
UniRef90_B5ED77	30.45	307	318
UniRef90_B2THS2	30.35	307	309
UniRef90_F4A2D5	30.43	307	310
UniRef90_C6W5S6	29.26	307	297
UniRef90_UPI0004216E08	33.33	307	309
UniRef90_UPI0005EF58F2	29.84	307	314
UniRef90_R6GMQ3	29.22	307	301
UniRef90_UPI00035FD51C	28.66	307	308
UniRef90_P94463	30.79	307	317
UniRef90_Q24U10	31.13	307	320
UniRef90_R6EPB7	32.27	307	308
UniRef90_UPI00016C01EA	30.25	307	310
UniRef90_F2J2P8	33.06	307	320
UniRef90_J5VI05	31.16	307	313
UniRef90_H2JBY4	30.70	307	312
UniRef90_R6ZQJ0	30.48	307	311
UniRef90_A0A0K8JA78	27.65	307	313
UniRef90_A0A0C3RNT1	29.55	307	313
UniRef90_UPI0003810C2C	30.06	307	313
UniRef90_UPI000360878E	29.39	307	314
UniRef90_D4K691	32.84	307	306
UniRef90_A0A0B3VME0	28.16	307	309
UniRef90_D4CK79	29.93	307	339
UniRef90_A0A073K2U0	34.55	307	314
UniRef90_A9KM98	28.16	307	319
UniRef90_UPI00047CBDFA	28.62	307	309
UniRef90_R5IZX6	29.07	307	314
UniRef90_M3AGG8	32.97	307	309
UniRef90_W8SMS6	34.08	307	307
UniRef90_UPI0004154327	32.28	307	319
UniRef90_A0A097ARZ1	33.20	307	309
UniRef90_R6U6L0	28.57	307	317
UniRef90_A0A0D5YUZ3	31.97	307	321
UniRef90_UPI0002D79DFA	31.31	307	319
UniRef90_R7JTH3	31.46	307	323
UniRef90_R6PAA5	29.91	307	318
UniRef90_M0R8T2	99.67	307	907
UniRef90_F6UL10	93.46	307	359
UniRef90_P28037	99.67	307	902
UniRef90_UPI0006D74515	92.83	307	848
UniRef90_G1PEG3	92.83	307	895
UniRef90_G1LIH3	93.16	307	649
UniRef90_O75891-4	92.83	307	505
UniRef90_UPI0003F06A90	91.21	307	902
UniRef90_UPI000657428F	93.16	307	869
UniRef90_G1T8P1	92.18	307	968
UniRef90_UPI00057BC528	89.58	307	872
UniRef90_UPI0003F14F6F	92.18	307	874
UniRef90_UPI0005BE7CB7	91.21	307	912
UniRef90_UPI000328FDF9	90.88	307	813
UniRef90_UPI0003C8221A	89.25	307	905
UniRef90_M3XUM1	91.83	307	920
UniRef90_E1BMG9	89.87	307	902
UniRef90_UPI0005ACAC5A	92.48	307	1095
UniRef90_UPI0004434DD0	83.06	307	827
UniRef90_F6UZU4	83.06	307	913
UniRef90_UPI0003346540	91.21	307	899
UniRef90_G3W850	83.06	307	902
UniRef90_A0A087Y468	75.82	307	565
UniRef90_UPI0004BDFF37	91.86	307	1143
UniRef90_A0A0G2ABL4	76.87	307	935
UniRef90_H2SQU0	75.49	307	504
UniRef90_UPI000441A08D	87.94	307	910
UniRef90_H2M0H9	76.47	307	925
UniRef90_I3J595	74.59	307	924
UniRef90_W5N8G7	75.82	307	902
UniRef90_Q63ZT8	77.52	307	902
UniRef90_UPI0002C64CA0	93.03	307	381
UniRef90_H2SQT5	75.49	307	920
UniRef90_UPI0006D91825	78.18	307	748
UniRef90_Q3SY69-3	70.92	307	516
UniRef90_A8WH03	67.65	307	502
UniRef90_UPI000495731A	75.16	307	898
UniRef90_K7GFA4	70.16	307	484
UniRef90_UPI0006B19091	70.26	307	512
UniRef90_UPI000650DB0E	95.12	307	905
UniRef90_UPI0005761286	75.82	307	902
UniRef90_UPI00054B6A08	70.92	307	380
UniRef90_H3B2E7	77.92	307	900
UniRef90_UPI00064D5E7B	71.24	307	746
UniRef90_UPI000644FB9C	70.92	307	768
UniRef90_A0A093QD34	71.24	307	887
UniRef90_I3LEN7	84.69	307	718
UniRef90_G3HZP2	70.92	307	855
UniRef90_G1KRQ0	71.24	307	924
UniRef90_L5KPE1	86.27	307	786
UniRef90_UPI0004EFE317	71.24	307	847
UniRef90_UPI0002C64496	70.59	307	987
UniRef90_UPI0005D06942	70.92	307	1018
UniRef90_UPI0003EC202D	70.92	307	983
UniRef90_H3A505	70.26	307	924
UniRef90_UPI0003C27E20	71.24	307	929
UniRef90_G3R6S5	70.92	307	889
UniRef90_Q3SY69	70.92	307	923
UniRef90_W5P8S8	85.21	307	934
UniRef90_U3KG77	70.59	307	914
UniRef90_UPI000441CC28	69.93	307	924
UniRef90_UPI00052349FF	70.59	307	949
UniRef90_UPI000388CE1E	70.26	307	923
UniRef90_F7CYD2	72.22	307	923
UniRef90_F6WMV5	67.65	307	924
UniRef90_F6UZX8	72.22	307	923
UniRef90_M7B342	69.61	307	878
UniRef90_G3U5Z0	68.95	307	673
UniRef90_UPI0004573092	74.18	307	901
UniRef90_UPI0004C1D252	70.59	307	1010
UniRef90_E7F2T8	72.82	307	904
UniRef90_UPI0006B13518	70.59	307	974
UniRef90_UPI0005323CE1	69.93	307	1012
UniRef90_I3K1V3	70.26	307	926
UniRef90_A0A0G2D1S5	69.28	307	789
UniRef90_E7EXW7	69.61	307	915
UniRef90_V9KA05	69.61	307	922
UniRef90_W5UBE4	68.30	307	923
UniRef90_A0A060Y268	74.22	307	313
UniRef90_UPI0006445F99	66.99	307	923
UniRef90_UPI0005701998	30.99	307	308
UniRef90_A0A060Y3G7	67.65	307	923
UniRef90_J0WV50	31.63	307	308
UniRef90_UPI00049419CB	29.77	307	320
UniRef90_H0VH13	69.93	307	925
UniRef90_C6LGY4	30.98	307	332
UniRef90_A0A0H5SIP7	31.11	307	309
UniRef90_A8MH85	32.69	307	310
UniRef90_D7GX30	29.30	307	308
UniRef90_A8RWU5	27.67	307	328
UniRef90_G5HC46	28.48	307	325
UniRef90_R9LW18	31.31	307	306
UniRef90_C5EIZ5	28.98	307	319
UniRef90_U2PZL1	30.03	307	310
UniRef90_B0PFT8	32.27	307	306
UniRef90_S0J952	31.75	307	323
UniRef90_UPI00042A8D1E	30.57	307	313
UniRef90_R5AHZ1	30.35	307	309
UniRef90_R6CW53	29.07	307	303
UniRef90_F6B4N2	30.16	307	318
UniRef90_UPI0006C77B25	30.13	307	312
UniRef90_E8WQ37	30.25	307	314
UniRef90_R6UPI2	26.84	307	305
UniRef90_F0YUQ9	27.62	307	322
UniRef90_W4XGY3	64.38	307	851
UniRef90_UPI00069875ED	58.69	307	921
UniRef90_UPI0005C34C8A	61.56	307	904
UniRef90_I5AV81	30.38	307	314
UniRef90_D4M3E2	27.62	307	312
UniRef90_R6EPB7	29.71	307	308
UniRef90_UPI0004957E61	31.43	307	311
UniRef90_A0A078KPH1	31.41	307	311
UniRef90_K1QHH8	61.56	307	990
UniRef90_UPI0001CBAB3E	66.67	307	923
UniRef90_UPI00054FA5C4	28.98	307	311
UniRef90_B0G828	27.62	307	311
UniRef90_C3ZVI5	66.23	307	936
UniRef90_K8DXF0	32.70	307	317
UniRef90_E5XIU9	27.55	307	330
UniRef90_UPI00058C5B94	29.39	307	306
UniRef90_UPI0006804D15	30.13	307	308
UniRef90_UPI000418DC63	31.11	307	318
UniRef90_B0NH50	29.71	307	312
UniRef90_T4VVT9	30.16	307	310
UniRef90_C0D9B3	29.84	307	316
UniRef90_UPI0005D2656F	28.21	307	310
UniRef90_C4ZEV8	27.62	307	310
UniRef90_D6DK38	30.57	307	312
UniRef90_R5YNY9	28.98	307	308
UniRef90_R7JTH3	30.82	307	323
UniRef90_R5Y154	27.62	307	311
UniRef90_B5ED77	29.30	307	318
UniRef90_UPI0005EDA94F	64.38	307	929
UniRef90_A7RQR3	63.40	307	874
UniRef90_UPI00049680EA	31.21	307	316
UniRef90_R6SLG0	31.01	307	310
UniRef90_R6BVU3	30.25	307	311
UniRef90_Q39QC2	31.61	307	311
UniRef90_R6PK70	27.94	307	311
UniRef90_UPI0003B3C413	29.13	307	309
UniRef90_UPI0004831D55	30.67	307	310
UniRef90_Q24U10	28.89	307	320
UniRef90_R5VG59	27.62	307	310
UniRef90_R6BV11	30.16	307	309
UniRef90_I4D9U4	28.25	307	319
UniRef90_UPI0005D0FA82	30.48	307	318
UniRef90_G2SXS7	29.94	307	311
UniRef90_R5DG59	26.67	307	310
UniRef90_A0A0A8WQK1	30.57	307	318
UniRef90_R6ZQJ0	29.84	307	311
UniRef90_C0EY62	27.71	307	311
UniRef90_A1HMX6	27.94	307	313
UniRef90_UPI0004827064	26.92	307	310
UniRef90_R5RM55	30.38	307	314
UniRef90_UPI0003B4371D	27.62	307	311
UniRef90_I4ACB4	29.81	307	310
UniRef90_E7GT39	30.67	307	312
UniRef90_R9IX63	31.43	307	317
UniRef90_UPI00051C2B88	28.12	307	315
UniRef90_R5QRG7	28.66	307	312
UniRef90_R6HMJ0	31.49	307	312
UniRef90_R9JTA7	28.25	307	315
UniRef90_UPI0006B411B6	31.53	307	309
UniRef90_R9K6Q3	30.94	307	331
UniRef90_A6BJM3	28.25	307	322
UniRef90_I3DZ59	33.33	307	318
UniRef90_R6LB91	27.62	307	312
UniRef90_UPI000509A13A	29.49	307	313
UniRef90_UPI00035A12F5	62.87	307	900
UniRef90_C0FXP1	28.89	307	311
UniRef90_B5CNU6	27.90	307	328
UniRef90_R5WDM0	29.75	307	311
UniRef90_R6PVN3	29.84	307	313
UniRef90_R7RNW1	29.49	307	309
UniRef90_UPI000465FF65	27.94	307	314
UniRef90_A0A0K9NIG4	28.25	307	309
UniRef90_F3ALV7	27.85	307	321
UniRef90_F8ADP4	31.95	307	316
UniRef90_R6Y5N8	30.03	307	311
UniRef90_A7VUU2	29.94	307	306
UniRef90_UPI0003F96A7D	28.03	307	309
UniRef90_R9KC13	29.17	307	311
UniRef90_F6Z6Y7	65.57	307	921
UniRef90_R5GDT0	28.03	307	315
UniRef90_F7JP58	27.62	307	323
UniRef90_A0A0C7EMM0	29.52	307	310
UniRef90_R6G5Z1	28.16	307	312
UniRef90_B9M2D5	30.25	307	312
UniRef90_A5GBL0	28.98	307	313
UniRef90_F3BAU5	28.57	307	309
UniRef90_A0A0B6ZYE6	62.21	307	900
UniRef90_UPI000486DF13	30.57	307	310
UniRef90_C5D8R6	29.84	307	318
UniRef90_UPI0003F9B3CA	29.49	307	309
UniRef90_A7B7C9	27.30	307	310
UniRef90_UPI00035FFEB7	31.11	307	315
UniRef90_UPI00047B4C4D	27.71	307	317
UniRef90_L0IJV2	29.94	307	311
UniRef90_UPI0003B66906	29.75	307	304
UniRef90_UPI00046597A6	27.62	307	312
UniRef90_G5IG12	28.12	307	319
UniRef90_Q1K3H0	31.73	307	314
UniRef90_R6K2G3	29.62	307	320
UniRef90_UPI000482BE22	32.70	307	318
UniRef90_R9N5Z2	29.11	307	311
UniRef90_C4Z520	28.25	307	315
UniRef90_A0A0K8J4S5	30.10	307	309
UniRef90_R6Q688	28.89	307	309
UniRef90_A0A017RZA9	30.35	307	309
UniRef90_F7V7D7	31.01	307	312
UniRef90_Q8R9T1	30.35	307	309
UniRef90_UPI00041DCAA2	27.74	307	314
UniRef90_A0A0B5BH75	31.85	307	318
UniRef90_Q182S2	28.75	307	309
UniRef90_A0A081NXZ8	29.43	307	318
UniRef90_R5JX50	27.56	307	316
UniRef90_R6ZR77	29.26	307	312
UniRef90_W7LII8	31.43	307	316
UniRef90_T2MCX1	60.26	307	923
UniRef90_R1CXG6	29.22	307	309
UniRef90_A0A023CR55	30.79	307	322
UniRef90_B3RUH8	61.11	307	921
UniRef90_UPI00048721EA	29.21	307	317
UniRef90_R6PSG2	29.07	307	308
UniRef90_Q74GW4	29.49	307	317
UniRef90_N2B7R7	27.30	307	317
UniRef90_C0BZS4	28.80	307	309
UniRef90_A7Z4J3	30.48	307	317
UniRef90_UPI00035D8E02	28.25	307	317
UniRef90_UPI0004792B3C	31.75	307	316
UniRef90_UPI0005CCAEB1	32.38	307	318
UniRef90_R5IZX6	29.07	307	314
UniRef90_V4B2Z6	62.21	307	902
UniRef90_U6DR64	93.75	307	240
UniRef90_UPI00040D8AA3	26.67	307	319
UniRef90_Q3A7Y7	28.85	307	315
UniRef90_UPI0003810C2C	29.84	307	313
UniRef90_UPI00040B383E	29.39	307	310
UniRef90_A3DCX5	28.98	307	311
UniRef90_C0EFK5	30.35	307	313
UniRef90_Q9K9Y6	27.85	307	317
UniRef90_A0A087UME0	54.55	307	418
UniRef90_UPI0004216E08	30.77	307	309
UniRef90_R5MX05	27.88	307	308
UniRef90_B7GGG9	28.48	307	314
UniRef90_F5SCV7	29.52	307	314
UniRef90_UPI0006B08298	57.98	307	905
UniRef90_H3K6F0	28.85	307	311
UniRef90_R9JAK5	30.35	307	313
UniRef90_U2B2T4	31.41	307	310
UniRef90_D4RWZ4	28.43	307	306
UniRef90_A0A069RAD2	29.21	307	313
UniRef90_UPI00041ABE0A	29.81	307	309
UniRef90_F3ABH5	30.48	307	310
UniRef90_UPI00048B7486	29.75	307	315
UniRef90_A0A084GRT2	30.16	307	318
UniRef90_P94463	30.79	307	317
UniRef90_A0A0B2JUI4	29.22	307	310
UniRef90_UPI000382F043	30.79	307	315
UniRef90_R6GFS5	29.07	307	307
UniRef90_UPI0003B35D13	30.25	307	315
UniRef90_D4J0V0	30.35	307	311
UniRef90_UPI000474422B	29.39	307	312
UniRef90_N2B4K1	28.57	307	308
UniRef90_A0A081C6L3	27.53	307	314
UniRef90_R9MC80	29.28	307	327
UniRef90_B0KA10	29.71	307	310
UniRef90_L0FB34	29.52	307	322
UniRef90_D5DJP7	30.38	307	312
UniRef90_UPI000360878E	29.17	307	314
UniRef90_B6FYY6	29.39	307	309
UniRef90_UPI0004B40C63	26.98	307	309
UniRef90_T1JDA6	58.12	307	915
UniRef90_N9WY67	28.57	307	321
UniRef90_UPI00041A572D	30.16	307	323
UniRef90_A4J579	28.89	307	317
UniRef90_UPI0004E10643	29.21	307	311
UniRef90_A0A0C2HTR5	33.55	307	302
UniRef90_E6UA88	26.84	307	310
UniRef90_R6ELU1	28.43	307	310
UniRef90_UPI0006C7FE01	28.53	307	306
UniRef90_R5CB33	30.41	307	330
UniRef90_K4L4M0	30.03	307	315
UniRef90_R6W6F4	28.03	307	311
UniRef90_V6T2J8	28.66	307	317
UniRef90_UPI000479A564	27.16	307	314
UniRef90_D9S312	31.73	307	313
UniRef90_A0A0M4DCC5	30.89	307	314
UniRef90_UPI0004887176	32.50	307	324
UniRef90_R6L5H0	28.66	307	316
UniRef90_UPI000484BCD8	27.16	307	316
UniRef90_A0A096CX28	29.39	307	309
UniRef90_UPI0003B34DDB	28.31	307	330
UniRef90_R6QWM7	25.88	307	304
UniRef90_UPI0004812F2C	30.16	307	311
UniRef90_UPI0004B284F4	29.84	307	319
UniRef90_F4A2D5	28.03	307	310
UniRef90_R9N3X4	29.21	307	328
UniRef90_UPI0003F73A5A	29.21	307	314
UniRef90_W7YXR6	28.89	307	310
UniRef90_A0A0M0X7S4	30.48	307	316
UniRef90_H3MT47	28.98	307	315
UniRef90_A0A077JA79	30.79	307	314
UniRef90_E2BWP9	53.27	307	490
UniRef90_UPI00054F14D3	28.09	307	331
UniRef90_G8M0R0	29.64	307	305
UniRef90_UPI0004910D1C	27.85	307	313
UniRef90_A0A061N6E5	30.38	307	316
UniRef90_UPI000376B61A	27.94	307	317
UniRef90_UPI00040E7E74	29.39	307	318
UniRef90_R5E7S1	27.39	307	314
UniRef90_A0A011VTP8	27.16	307	310
UniRef90_Q8X8F1	30.89	307	315
UniRef90_A0Q115	26.67	307	309
UniRef90_H2JBY4	29.52	307	312
UniRef90_A5ZAP1	28.43	307	308
UniRef90_UPI0001E2DE32	29.62	307	310
UniRef90_R5KPJ7	27.48	307	308
UniRef90_R6QZ09	28.16	307	309
UniRef90_UPI0003B4625E	29.30	307	314
UniRef90_UPI000490271E	29.39	307	309
UniRef90_A0A0E3M9X1	28.89	307	310
UniRef90_UPI0004A719A1	30.55	307	313
UniRef90_A4IM47	31.53	307	319
UniRef90_R7QX07	30.03	307	309
UniRef90_UPI0005D0178F	79.48	307	866
UniRef90_F5L7U7	27.60	307	314
UniRef90_R5I009	30.57	307	316
UniRef90_UPI0004CD24C1	51.13	307	920
UniRef90_UPI00047CBDFA	27.71	307	309
UniRef90_A0A0M0KQN1	30.57	307	316
UniRef90_A0A0M2PJD5	28.25	307	317
UniRef90_R6FWL5	26.84	307	306
UniRef90_W8TG16	27.48	307	311
UniRef90_G9YMS6	31.33	307	306
UniRef90_UPI0005545990	29.41	307	329
UniRef90_I1GAL5	57.79	307	607
UniRef90_UPI000401DF03	30.03	307	318
UniRef90_UPI00036AB7EF	28.25	307	317
UniRef90_UPI00040283AC	33.54	307	317
UniRef90_UPI0005D28DCB	29.43	307	325
UniRef90_B7APZ3	26.58	307	315
UniRef90_UPI000626C72B	52.92	307	899
UniRef90_UPI0004E2734B	27.62	307	315
UniRef90_E9IC80	52.94	307	920
UniRef90_F6DM91	29.52	307	311
UniRef90_K6BY25	27.88	307	316
UniRef90_UPI0006B08EC9	59.28	307	901
UniRef90_R7B7E8	28.25	307	314
UniRef90_UPI0002DF7EF4	27.53	307	315
UniRef90_UPI000614AE9C	53.92	307	900
UniRef90_C6D4F6	27.39	307	316
UniRef90_UPI000680FA11	94.17	307	804
UniRef90_UPI0004807C1A	27.62	307	309
UniRef90_N1ZMD8	29.39	307	307
UniRef90_G9QML7	28.25	307	313
UniRef90_R7JXA2	30.03	307	309
UniRef90_C6JEK6	28.08	307	315
UniRef90_A5D1B9	29.52	307	313
UniRef90_A8ST70	29.17	307	308
UniRef90_UPI00030B7D05	31.95	307	312
UniRef90_UPI0004212304	25.96	307	314
UniRef90_A0A0D5NNF7	28.89	307	331
UniRef90_A0A0B3VME0	28.34	307	309
UniRef90_A6TEU1	29.81	307	315
UniRef90_B3EAP0	29.71	307	316
UniRef90_B8I255	27.92	307	312
UniRef90_UPI0005A64A3F	28.80	307	314
UniRef90_UPI0004103D37	30.48	307	314
UniRef90_I3N7R9	93.39	307	900
UniRef90_A0A0M3EZK9	30.25	307	315
UniRef90_UPI0005EF58F2	29.52	307	314
UniRef90_E0I3T9	29.84	307	318
UniRef90_R4KG97	28.16	307	325
UniRef90_A0A0M2SYH4	30.03	307	318
UniRef90_F5LF67	28.71	307	323
UniRef90_A0A0C7NSE7	30.67	307	311
UniRef90_C0CNX3	28.80	307	319
UniRef90_R5DY33	26.20	307	315
UniRef90_A0A0G3CM17	29.62	307	315
UniRef90_D4BHT3	30.25	307	315
UniRef90_UPI0006B5A128	28.34	307	311
UniRef90_A0A097ARZ1	28.43	307	309
UniRef90_D4LQT2	29.02	307	315
UniRef90_L0K9T2	29.26	307	314
UniRef90_D9QR10	28.53	307	321
UniRef90_A0A0M4G6P7	29.84	307	314
UniRef90_W6RXD4	28.89	307	309
UniRef90_A0A0L6JRW8	28.03	307	310
UniRef90_UPI0004633890	29.62	307	313
UniRef90_UPI0003B3F6E1	28.62	307	331
UniRef90_UPI00040B3567	29.36	307	325
UniRef90_A4WF96	30.13	307	315
UniRef90_UPI000377F48C	30.67	307	315
UniRef90_UPI00047A4A9C	29.54	307	330
UniRef90_UPI0004829EDE	29.34	307	316
UniRef90_UPI0006D222AA	30.25	307	316
UniRef90_A0A084H5B7	29.21	307	312
UniRef90_A8GKG6	29.30	307	314
UniRef90_I0GRT5	27.97	307	311
UniRef90_UPI00053AA3D6	29.84	307	316
UniRef90_H5XXW3	29.02	307	322
UniRef90_D9R254	27.80	307	315
UniRef90_UPI0004D1599E	30.57	307	315
UniRef90_Q65JS5	29.39	307	316
UniRef90_A0A0K8JA78	27.54	307	313
UniRef90_A0A098EY08	29.17	307	314
UniRef90_UPI0002888374	28.98	307	316
UniRef90_M8E522	27.24	307	316
UniRef90_UPI000418D517	26.11	307	316
UniRef90_UPI0004830DDC	28.48	307	310
UniRef90_UPI00054EE5EF	30.32	307	303
UniRef90_A0A0L7R0K3	53.27	307	902
UniRef90_R7CB66	27.53	307	310
UniRef90_A0A090KRR1	29.30	307	315
UniRef90_R5NKC6	28.43	307	309
UniRef90_V5CUA5	30.25	307	315
UniRef90_R7N2X8	29.52	307	312
UniRef90_A0A0F2PMT2	28.57	307	335
UniRef90_R6LB39	27.48	307	308
UniRef90_UPI00056BE98E	26.75	307	309
UniRef90_R7N9V8	28.34	307	319
UniRef90_UPI0004217970	28.43	307	329
UniRef90_R5Z8K0	27.10	307	305
UniRef90_UPI0004DB77FA	29.34	307	316
UniRef90_G2S1D6	29.94	307	315
UniRef90_A0A0K9YVA0	25.80	307	316
UniRef90_A0A0H3DZ11	29.84	307	317
UniRef90_A0A0J5VD61	28.89	307	317
UniRef90_B2VK94	30.57	307	315
UniRef90_UPI00047DDFF9	29.39	307	313
UniRef90_A0A090ZGM5	28.30	307	323
UniRef90_L7VJQ0	29.13	307	316
UniRef90_A0A098FDF7	28.57	307	319
UniRef90_UPI0003A96674	29.39	307	317
UniRef90_E0E4G4	26.77	307	309
UniRef90_UPI00067EAE92	29.07	307	317
UniRef90_A0A089NHI5	28.25	307	312
UniRef90_R5RFV0	27.48	307	317
UniRef90_UPI0003B60FF8	29.62	307	309
UniRef90_UPI00067E81DB	28.39	307	309
UniRef90_M5P4G8	28.12	307	317
UniRef90_A0A0B5FKB7	31.82	307	303
UniRef90_A0A011A814	26.84	307	329
UniRef90_Q819U1	30.16	307	314
UniRef90_A0A0J5KWT7	29.94	307	315
UniRef90_UPI0004E0E9C0	29.52	307	308
UniRef90_D2RNU1	29.68	307	312
UniRef90_V6M2Y9	26.75	307	316
UniRef90_U5L7K0	28.57	307	318
UniRef90_R7HYM2	26.43	307	309
UniRef90_G2FUS7	28.00	307	330
UniRef90_R5H8L5	29.30	307	306
UniRef90_E3GCL2	32.48	307	315
UniRef90_A0A0J1FMC1	28.03	307	319
UniRef90_A0A074LN63	26.35	307	313
UniRef90_A0A085HD27	29.94	307	315
UniRef90_A0A0F2Q395	29.07	307	316
UniRef90_F4XC58	30.70	307	307
UniRef90_A0A0A2VGT4	25.88	307	315
UniRef90_D4J9Y6	28.03	307	318
UniRef90_U2T9N8	27.51	307	312
UniRef90_H2IS08	30.89	307	311
UniRef90_UPI0004E0DC3B	29.49	307	307
UniRef90_UPI0006EC382F	26.28	307	316
UniRef90_UPI0003FD8182	28.00	307	335
UniRef90_UPI00036F87D6	28.57	307	312
UniRef90_G9YZT8	28.98	307	315
UniRef90_R5SE29	27.48	307	317
UniRef90_C9KJ28	28.80	307	312
UniRef90_F6BG80	29.62	307	313
UniRef90_UPI0003F9D39A	28.39	307	325
UniRef90_UPI000619117F	29.21	307	325
UniRef90_UPI0004969E03	27.30	307	319
UniRef90_A0A0J8G101	28.85	307	309
UniRef90_D5X7S5	30.38	307	321
UniRef90_A0A0G3WCF1	29.45	307	306
UniRef90_J5VI05	29.49	307	313
UniRef90_E9SEQ5	26.84	307	310
UniRef90_I2ERJ3	29.94	307	303
UniRef90_D4DYC9	28.66	307	314
UniRef90_A0A089UFG4	30.25	307	315
UniRef90_F7K2I2	28.53	307	310
UniRef90_R5PEN9	25.55	307	324
UniRef90_G4HES0	27.94	307	313
UniRef90_T0IN86	25.82	307	313
UniRef90_UPI0003B30C94	28.80	307	309
UniRef90_J7IV57	27.99	307	323
UniRef90_F4W7E1	53.92	307	899
UniRef90_A6CPT5	27.88	307	316
UniRef90_F0SUR4	31.58	307	328
UniRef90_UPI0005DAB995	30.57	307	315
UniRef90_B0P419	26.43	307	309
UniRef90_UPI0006F5ABC3	29.81	307	314
UniRef90_J2R1C2	24.84	307	316
UniRef90_UPI000489167F	29.17	307	308
UniRef90_F6CKV7	29.30	307	321
UniRef90_A0A0A5GMK2	26.84	307	315
UniRef90_UPI0004E16AAD	28.98	307	307
UniRef90_U2D7V2	28.75	307	313
