UniRef90_P14779	100.00	455	1049
UniRef90_UPI000209D908	96.04	455	472
UniRef90_A0A0M0KW01	88.13	455	1046
UniRef90_A0A090YLD3	83.44	455	1049
UniRef90_A0A0G8C6I8	83.08	455	1049
UniRef90_UPI000408C1E4	71.33	455	1062
UniRef90_UPI0003A768D8	71.18	455	1060
UniRef90_H3SM19	71.52	455	1059
UniRef90_UPI000561DEFD	70.98	455	1063
UniRef90_F5LIY9	71.05	455	1060
UniRef90_F8F8U9	70.20	455	1061
UniRef90_A0A0J6CP59	69.40	455	1055
UniRef90_U1WZI1	70.09	455	1058
UniRef90_K5A6V1	69.27	455	1061
UniRef90_E3E5G2	69.32	455	1058
UniRef90_A0A0A2TAG9	70.07	455	1057
UniRef90_UPI000308E610	68.75	455	1057
UniRef90_I0JHR8	67.48	455	1055
UniRef90_A0A0B0D3P2	68.37	455	1056
UniRef90_UPI00037E7BEE	69.42	455	1054
UniRef90_U6SQQ2	67.92	455	1055
UniRef90_A0A0A2U1V5	68.97	455	1057
UniRef90_C2YTR3	67.63	455	663
UniRef90_UPI0004772C1E	68.36	455	1059
UniRef90_A0A084H279	68.22	455	1056
UniRef90_UPI00035C513E	68.58	455	1060
UniRef90_A0A0K9GTW0	68.51	455	1066
UniRef90_I2C2B5	67.79	455	1067
UniRef90_M3FAC5	67.48	455	1054
UniRef90_A0A080UI15	67.63	455	1061
UniRef90_UPI0005C9BB5F	66.81	455	1053
UniRef90_M5P6N1	67.26	455	1069
UniRef90_A0A084HFC1	68.50	455	1056
UniRef90_A0A0M0ESE8	67.26	455	1055
UniRef90_UPI0004221A0E	67.48	455	1058
UniRef90_UPI000551086F	66.96	455	1055
UniRef90_UPI000420AA0F	68.08	455	1063
UniRef90_UPI0006D845EA	67.11	455	1060
UniRef90_F3MI69	67.85	455	1061
UniRef90_A0A0D3V954	67.85	455	1066
UniRef90_UPI0003FD3AAA	68.60	455	1053
UniRef90_C2W9K6	67.78	455	1143
UniRef90_A0A0A2VBX0	67.70	455	1056
UniRef90_O08336	67.26	455	1054
UniRef90_UPI00028830AD	67.48	455	1054
UniRef90_A0A0C2W4W6	67.33	455	1055
UniRef90_C2N325	66.89	455	1065
UniRef90_G4HAG5	67.41	455	1059
UniRef90_A0A0M1P527	67.41	455	1065
UniRef90_A0A0H4Y146	67.04	455	1088
UniRef90_UPI00037C71E9	65.62	455	825
UniRef90_A0A0A5I4I0	66.96	455	1054
UniRef90_A0A0H3E4D0	67.57	455	1055
UniRef90_O08394	66.52	455	1061
UniRef90_A0A0H4KKY1	65.85	455	1052
UniRef90_K6EB81	64.60	455	808
UniRef90_A0A098FIG9	66.22	455	1056
UniRef90_UPI0006934415	66.00	455	808
UniRef90_L5N6V8	66.59	455	1053
UniRef90_UPI0004240FEA	64.59	455	917
UniRef90_W4B8Q6	66.37	455	1059
UniRef90_UPI00048EB311	65.26	455	1061
UniRef90_S9SQT7	70.50	455	408
UniRef90_UPI00042522A2	67.55	455	1072
UniRef90_UPI0005095FA5	65.63	455	1061
UniRef90_V9GFP3	65.85	455	881
UniRef90_UPI000374714D	64.96	455	890
UniRef90_UPI00037579AE	65.03	455	1065
UniRef90_UPI0006D55A3B	65.92	455	1073
UniRef90_UPI000694AF15	64.38	455	807
UniRef90_UPI00030E2356	65.92	455	1065
UniRef90_A0A0J5UYB3	64.96	455	1052
UniRef90_UPI0004BAD546	65.11	455	1073
UniRef90_A0A069D7I4	65.33	455	1057
UniRef90_E1ULU2	66.45	455	1053
UniRef90_A0A0D5NK70	66.96	455	1059
UniRef90_A0A090ZLC1	64.54	455	1064
UniRef90_A0A081PA63	65.02	455	1060
UniRef90_A0A084HFC2	66.59	455	1055
UniRef90_UPI0006A7C728	64.96	455	830
UniRef90_UPI000470064A	64.59	455	1073
UniRef90_UPI000616F9E7	65.71	455	1071
UniRef90_H0U5E3	63.70	455	898
UniRef90_H0UDR2	73.10	455	1000
UniRef90_H3SPT4	64.00	455	1061
UniRef90_R8GBB1	62.39	455	841
UniRef90_S9TZH1	62.78	455	914
UniRef90_UPI0003114112	63.53	455	1066
UniRef90_UPI000619FD31	63.45	455	1072
UniRef90_I8AFG7	62.95	455	1048
UniRef90_A0A076W2N1	63.53	455	1071
UniRef90_UPI00069BAD07	61.97	455	830
UniRef90_UPI0006935FAF	62.72	455	831
UniRef90_W4B296	62.72	455	1084
UniRef90_A0A0M9BMV2	62.00	455	1081
UniRef90_B4ADI6	60.94	455	1047
UniRef90_M5R168	60.71	455	1047
UniRef90_A0A0B4S8L3	60.49	455	1047
UniRef90_UPI000619AC1B	61.42	455	1054
UniRef90_W4Q5P2	61.73	455	1063
UniRef90_K4ZHM4	61.56	455	1063
UniRef90_A0A0A5FWC1	57.74	455	456
UniRef90_L0DPU7	56.77	455	1081
UniRef90_M9TKI6	95.95	455	247
UniRef90_D6U5T4	55.56	455	1074
UniRef90_K5A572	67.27	455	798
UniRef90_UPI0002E0AB33	53.42	455	1065
UniRef90_A3WHN9	53.71	455	1071
UniRef90_A0A077M0S6	52.41	455	1057
UniRef90_A0A0A1PYL7	53.38	455	1065
UniRef90_A0A085ZEI4	51.10	455	1056
UniRef90_S9QX36	53.08	455	1060
UniRef90_A0Y8J6	52.93	455	1066
UniRef90_Q2NDX9	53.29	455	1070
UniRef90_UPI00046421F8	51.75	455	1071
UniRef90_A0A0G3A308	51.88	455	1061
UniRef90_UPI00041C663B	50.98	455	1056
UniRef90_UPI00056F5AC2	50.88	455	1061
UniRef90_D2B0C9	50.99	455	1055
UniRef90_S9NZD8	51.76	455	1064
UniRef90_UPI000680E3C4	50.22	455	1066
UniRef90_UPI0006F47142	50.66	455	1058
UniRef90_UPI00047C3713	49.45	455	1076
UniRef90_UPI00029A5BDC	50.99	455	1063
UniRef90_L8PBB4	51.88	455	1073
UniRef90_J3I070	50.98	455	670
UniRef90_Q89R90	52.08	455	1078
UniRef90_E0MRC9	50.55	455	1066
UniRef90_Q2ITX0	51.85	455	1072
UniRef90_UPI00069687AB	50.99	455	1049
UniRef90_A9AZL6	49.89	455	1053
UniRef90_UPI0006FB095A	50.00	455	1081
UniRef90_UPI0006C91A77	49.89	455	1052
UniRef90_UPI00039DE7E7	50.00	455	1067
UniRef90_A0A0F0HJ47	50.33	455	1084
UniRef90_UPI0004C4D3CC	51.33	455	1076
UniRef90_Q13A33	51.86	455	1075
UniRef90_K8PK16	49.78	455	1079
UniRef90_UPI0006C7512B	52.09	455	1072
UniRef90_A0A090KH78	48.36	455	696
UniRef90_UPI0004963B51	50.98	455	1079
UniRef90_UPI0003FF950B	50.66	455	1064
UniRef90_UPI000484E0FE	51.53	455	1079
UniRef90_UPI000462FB93	50.33	455	1083
UniRef90_H0T158	50.11	455	1081
UniRef90_A0A0D7PVG6	51.42	455	1078
UniRef90_UPI0002892C82	51.43	455	1070
UniRef90_D9WB37	53.07	455	1074
UniRef90_C8X7L1	49.45	455	1075
UniRef90_UPI0006E1A697	52.83	455	1073
UniRef90_A0A086GRT4	51.34	455	1070
UniRef90_A0A0D1LX75	50.33	455	1078
UniRef90_T1XGG8	51.20	455	1076
UniRef90_UPI0006EBB658	50.44	455	1054
UniRef90_UPI0006EBADC0	51.66	455	1070
UniRef90_UPI000408A8BA	48.58	455	1077
UniRef90_A0A017TBK0	49.56	455	1104
UniRef90_Q1ZZK0	50.11	455	1079
UniRef90_UPI0004C125C0	52.24	455	1073
UniRef90_F7QKY7	49.24	455	1082
UniRef90_UPI0006F86BC8	51.65	455	1065
UniRef90_UPI0004239075	50.22	455	1079
UniRef90_UPI00042A5CAE	48.03	455	1077
UniRef90_F2DP99	49.01	455	1047
UniRef90_K6XDJ3	50.66	455	1114
UniRef90_UPI0006E125E7	51.06	455	1070
UniRef90_C9YVP1	51.14	455	1070
UniRef90_UPI00041FB46C	51.57	455	1078
UniRef90_S5V6C6	46.02	455	506
UniRef90_UPI00055A9D86	48.89	455	1059
UniRef90_D9VDL7	49.19	455	501
UniRef90_W5VZN0	52.31	455	1071
UniRef90_UPI0004C5C0F2	51.41	455	1071
UniRef90_UPI0004891D20	50.11	455	1072
UniRef90_F4D1V6	49.89	455	1080
UniRef90_H2JZA6	46.10	455	542
UniRef90_UPI0004C5E582	47.68	455	504
UniRef90_UPI00047E69B9	47.54	455	1058
UniRef90_UPI0006E15AEF	50.79	455	1075
UniRef90_V4PI21	47.57	455	1064
UniRef90_UPI0004801684	49.12	455	1056
UniRef90_I9LBX5	49.44	455	1064
UniRef90_E2PUP3	49.35	455	1102
UniRef90_UPI0003A4CEA3	47.59	455	1058
UniRef90_A0A0K1E5F6	50.33	455	1061
UniRef90_A0A075V189	49.29	455	458
UniRef90_C8XB87	47.48	455	1071
UniRef90_I2NBA2	48.48	455	1068
UniRef90_A0A0J8DPG2	45.09	455	548
UniRef90_D6KF56	48.37	455	1071
UniRef90_UPI00069948FB	50.11	455	1064
UniRef90_UPI000690FEE9	49.66	455	1082
UniRef90_UPI00068C0D70	49.78	455	1082
UniRef90_V6KU78	45.36	455	527
UniRef90_A0A0M2YNV7	46.68	455	512
UniRef90_UPI0005F07800	45.93	455	493
UniRef90_UPI0004C07AF1	49.11	455	1075
UniRef90_A0A0L0JX82	47.47	455	507
UniRef90_A0A0M2K7T9	47.23	455	1064
UniRef90_UPI00037B79FF	49.19	455	480
UniRef90_UPI0004CBB816	46.48	455	523
UniRef90_UPI00037E43AA	47.64	455	460
UniRef90_UPI0004E26BF6	45.59	455	506
UniRef90_A0A0C1TVF3	45.63	455	531
UniRef90_I9C4C6	48.42	455	1056
UniRef90_M2QGG7	48.58	455	460
UniRef90_UPI000415F541	48.57	455	1060
UniRef90_UPI0004C2D16E	49.30	455	1015
UniRef90_UPI00055B9F9D	46.73	455	519
UniRef90_W5W713	47.38	455	488
UniRef90_UPI0005615D45	46.15	455	481
UniRef90_UPI0004C2EAC6	45.51	455	1061
UniRef90_UPI0006E43A8B	47.72	455	507
UniRef90_A0A095E5R3	47.46	455	1062
UniRef90_UPI0004C7A22C	47.14	455	1057
UniRef90_W7STP7	51.76	455	1072
UniRef90_D2VNQ7	46.44	455	1075
UniRef90_UPI00036922B6	47.68	455	1055
UniRef90_D9XD34	49.18	455	994
UniRef90_F8JYI6	50.00	455	1068
UniRef90_A0A072S5Y2	44.40	455	505
UniRef90_D4FZB2	66.20	455	295
UniRef90_A0A0L8LUN1	46.92	455	1056
UniRef90_Q39NW6	47.90	455	1063
UniRef90_UPI00056CBA4E	46.17	455	508
UniRef90_A0A0L8LUM1	46.77	455	515
UniRef90_UPI0004C6D97D	47.29	455	1065
UniRef90_UPI0005617A6B	49.10	455	1060
UniRef90_UPI0004CBB6EE	46.80	455	1054
UniRef90_A0A0H4CHS1	45.16	455	547
UniRef90_A0A0F5W6P3	46.04	455	506
UniRef90_A0A081XXE6	46.68	455	496
UniRef90_D9WV15	47.39	455	1060
UniRef90_UPI00048480E6	47.24	455	1062
UniRef90_A0A0M8VFG9	46.39	455	1059
UniRef90_D5ZYQ9	46.44	455	526
UniRef90_A0A0C1TG07	48.72	455	1058
UniRef90_B2UIF4	49.22	455	1079
UniRef90_K4QWS1	45.39	455	499
UniRef90_UPI0004CC49C5	47.96	455	502
UniRef90_A0A0M8X384	45.47	455	521
UniRef90_UPI0006EBBF27	44.97	455	513
UniRef90_A0A0C9N7B2	46.27	455	1053
UniRef90_H2JZB6	46.88	455	1071
UniRef90_A0A0M8VJP1	46.91	455	523
UniRef90_UPI0006E3C1AB	45.78	455	495
UniRef90_E4WD23	45.62	455	467
UniRef90_A0A0B5EYK6	46.22	455	488
UniRef90_UPI0004C84CD6	49.30	455	1074
UniRef90_UPI00037AFE6E	45.37	455	549
UniRef90_UPI0004C663AC	47.97	455	1073
UniRef90_UPI0006E20F62	46.36	455	1057
UniRef90_UPI0004677BF9	44.96	455	506
UniRef90_UPI0006E46D93	47.47	455	506
UniRef90_UPI0006CA4870	44.94	455	488
UniRef90_UPI0004C6382D	45.81	455	491
UniRef90_V6KUS5	46.14	455	1071
UniRef90_UPI00036EAE41	49.77	455	1059
UniRef90_L1L4D8	44.59	455	524
UniRef90_UPI0004C603B5	45.34	455	492
UniRef90_UPI000567E7EE	47.02	455	1057
UniRef90_C3JV08	45.62	455	466
UniRef90_D9XD27	44.98	455	510
UniRef90_L8ESE0	49.08	455	1064
UniRef90_A0A0J7ZPA7	46.58	455	1059
UniRef90_UPI000671402E	49.10	455	1056
UniRef90_A0A0M9Y8J3	48.73	455	1048
UniRef90_W4A9R0	44.59	455	465
UniRef90_UPI0006D0DF43	47.59	455	1060
UniRef90_L8PRR2	44.92	455	507
UniRef90_S2ZRL1	46.29	455	1059
UniRef90_A0A0B1YAN7	49.21	455	1079
UniRef90_A0A0M3U597	45.38	455	1069
UniRef90_UPI000370B51D	48.05	455	1056
UniRef90_A0A0D5AWC7	47.37	455	1082
UniRef90_UPI0004C51862	46.40	455	514
UniRef90_A0A0M8TIS8	45.83	455	506
UniRef90_A0A0F7VR89	46.92	455	1063
UniRef90_A0A022MKR2	46.28	455	513
UniRef90_A0A0G9HWP7	47.20	455	1057
UniRef90_UPI00037E344C	44.85	455	515
UniRef90_UPI0005242871	46.46	455	1077
UniRef90_UPI0006E3F851	45.76	455	505
UniRef90_UPI0006E21563	46.26	455	1055
UniRef90_A0A0N1NK20	48.84	455	1058
UniRef90_UPI00035EFEC3	47.79	455	462
UniRef90_A0A0G3A5E1	46.70	455	1058
UniRef90_UPI0006E44507	44.89	455	489
UniRef90_A0A0D7CM89	49.09	455	1062
UniRef90_A0A0F7VNU9	45.37	455	510
UniRef90_G2GP66	47.54	455	491
UniRef90_A0A0F0F3U2	48.64	455	1080
UniRef90_UPI0006E12783	46.33	455	494
UniRef90_UPI0002FA7E89	45.01	455	522
UniRef90_UPI000486B860	45.77	455	466
UniRef90_UPI000360F835	46.08	455	510
UniRef90_UPI0004C0BF73	44.71	455	511
UniRef90_A0A0N0MUS9	46.71	455	1059
UniRef90_A0A0D4DGJ2	49.32	455	1063
UniRef90_UPI00037DB894	47.47	455	1059
UniRef90_B5HZ57	45.95	455	506
UniRef90_A0A0N1GV58	47.25	455	516
UniRef90_S3Z900	47.36	455	494
UniRef90_H8H2P3	45.83	455	1058
UniRef90_UPI0006E253F7	50.00	455	1091
UniRef90_A0A0M2JQ95	45.23	455	519
UniRef90_UPI0003789CE6	47.25	455	1050
UniRef90_UPI00056292EA	45.80	455	505
UniRef90_UPI00052E4B26	42.95	455	526
UniRef90_A0A0G3URC8	49.77	455	1089
UniRef90_UPI0004C6A1A4	47.85	455	1048
UniRef90_UPI0005262472	44.39	455	465
UniRef90_A0A0L0I834	48.27	455	1074
UniRef90_A0A0M2YR59	46.36	455	1054
UniRef90_A0A066Y3X6	46.90	455	1061
UniRef90_F8GT99	50.36	455	1095
UniRef90_C9Z1T9	44.35	455	513
UniRef90_Q825N1	45.35	455	504
UniRef90_UPI00039D47AB	44.69	455	526
UniRef90_UPI0006E434B4	44.64	455	513
UniRef90_C6DIM7	45.70	455	1059
UniRef90_UPI0004C80D76	45.39	455	503
UniRef90_UPI000695D3C3	43.23	455	463
UniRef90_V9XBL3	45.59	455	451
UniRef90_UPI0006E1B8CC	46.26	455	525
UniRef90_UPI00040638F0	46.19	455	496
UniRef90_A0A0C4Y7K2	47.02	455	1098
UniRef90_UPI00054C53E8	45.80	455	1067
UniRef90_UPI0006D8AC14	44.76	455	1077
UniRef90_A0A0C1XJV3	46.68	455	1076
UniRef90_UPI00056241F4	45.27	455	494
UniRef90_J2K8G8	47.18	455	518
UniRef90_A0A0A8EKF8	48.51	455	1088
UniRef90_A0A0N1G106	47.43	455	494
UniRef90_UPI0003C16548	46.07	455	1029
UniRef90_UPI00069C719E	48.05	455	1058
UniRef90_UPI0004C1BFE6	48.09	455	1064
UniRef90_A0A0F7MZ48	44.64	455	490
UniRef90_UPI000696C994	46.27	455	1048
UniRef90_D6TEN2	47.14	455	1080
UniRef90_UPI00049084E5	45.62	455	466
UniRef90_A0A0N0TES1	45.70	455	497
UniRef90_UPI00055B9C7A	44.62	455	464
UniRef90_A0ADL1	45.43	455	516
UniRef90_A0A0M8YB47	45.82	455	445
UniRef90_L7EY36	44.25	455	491
UniRef90_UPI0006E44AF1	45.49	455	517
UniRef90_A0A0J6XLU8	49.21	455	1088
UniRef90_UPI0003773D39	45.95	455	1091
UniRef90_A0A0J8CGY8	45.22	455	508
UniRef90_UPI0005258DA5	46.64	455	453
UniRef90_Q0S7S3	43.71	455	498
UniRef90_UPI0006893E00	48.11	455	1089
UniRef90_L2FID9	44.18	455	467
UniRef90_A0A0D0LA90	45.56	455	462
UniRef90_UPI0006921E4C	48.09	455	1061
UniRef90_A0A086GSU9	43.99	455	518
UniRef90_UPI0004BCFD60	45.95	455	505
UniRef90_A0A0K2YFN3	46.33	455	482
UniRef90_UPI000691CA7C	45.41	455	493
UniRef90_UPI00036B1045	44.32	455	1077
UniRef90_Q1LHN7	49.88	455	1064
UniRef90_UPI0006DCED8B	44.54	455	1077
UniRef90_UPI00068FB434	45.93	455	480
UniRef90_Q8KUI0	45.55	455	1005
UniRef90_UPI0004C1540A	45.66	455	512
UniRef90_UPI00062C69D8	45.43	455	1059
UniRef90_UPI0004C9CED8	43.38	455	526
UniRef90_A0A0N0NB92	44.40	455	531
UniRef90_UPI0004C61282	47.24	455	1073
UniRef90_UPI0002E3E995	47.77	455	1072
UniRef90_UPI0005EBF50F	46.97	455	1065
UniRef90_F3NEY3	44.26	455	517
UniRef90_UPI0006FE52E3	45.83	455	1064
UniRef90_E2SBJ2	43.52	455	505
UniRef90_UPI0005BCC005	48.17	455	1061
UniRef90_U7LC04	45.09	455	1089
UniRef90_UPI000660BA9B	45.49	455	1101
UniRef90_A0A0L0HGP0	43.51	455	1095
UniRef90_S2ZRM2	45.75	455	526
UniRef90_A0A0L8M0D3	48.29	455	1058
UniRef90_M2RAM8	42.70	455	1062
UniRef90_UPI00069029D8	43.59	455	474
UniRef90_A0A0D1YHA1	43.81	455	1048
UniRef90_A0A0D5AHD7	42.57	455	467
UniRef90_M2XKF1	44.00	455	461
UniRef90_A4FHE9	47.83	455	1061
UniRef90_V9XL83	42.67	455	455
UniRef90_UPI00068DAE9C	45.93	455	1041
UniRef90_UPI00037EA3F3	45.37	455	1074
UniRef90_A0A059WD17	47.82	455	1064
UniRef90_UPI0006F4561D	44.27	455	1070
UniRef90_UPI0004C073FE	44.57	455	491
UniRef90_H6L310	44.70	455	1055
UniRef90_UPI000373FAC4	44.17	455	484
UniRef90_A0A072CQC3	43.20	455	636
UniRef90_A0A031G0Q2	46.68	455	1052
UniRef90_UPI00066C3EE2	44.32	455	464
UniRef90_Q9RD76	44.32	455	527
UniRef90_V9XRJ1	43.38	455	454
UniRef90_UPI0006D2B5AE	42.67	455	453
UniRef90_A0A0L0K0X2	46.09	455	1047
UniRef90_A0A0G4IMX9	44.78	455	1086
UniRef90_A0A074WF42	45.33	455	1068
UniRef90_L2GCZ0	43.71	455	1064
UniRef90_W6Z7G9	44.02	455	1064
UniRef90_UPI0005F88725	41.69	455	476
UniRef90_UPI0003C7F4C6	44.21	455	494
UniRef90_UPI0004418009	44.03	455	1063
UniRef90_A0A094GJS7	42.45	455	1068
UniRef90_A0A077HMD7	46.36	455	1049
UniRef90_W1JVZ0	51.62	455	377
UniRef90_UPI0004BF4AA6	45.37	455	1067
UniRef90_A0A0D8HWU2	42.34	455	456
UniRef90_UPI0006196A14	45.38	455	1077
UniRef90_UPI0005610CD3	43.97	455	484
UniRef90_A0A0D2BV36	44.12	455	1055
UniRef90_A0A0F3I881	42.33	455	465
UniRef90_M1GLV8	43.60	455	938
UniRef90_UPI000567C158	43.43	455	505
UniRef90_M2SZY8	42.27	455	1064
UniRef90_A0A0D2ERT8	43.90	455	1047
UniRef90_A0A0D2IBD0	44.24	455	1047
UniRef90_M2TKD9	42.83	455	1064
UniRef90_UPI000465D251	41.67	455	463
UniRef90_R7YHN8	42.79	455	1073
UniRef90_UPI000483841B	41.14	455	465
UniRef90_UPI0006FCC46B	44.32	455	505
UniRef90_A0A0D2D543	43.24	455	1088
UniRef90_Q3L917	42.30	455	510
UniRef90_UPI0006D06DA8	43.81	455	453
UniRef90_D0L3Y3	40.36	455	486
UniRef90_Q0D1W9	41.19	455	1050
UniRef90_A0A010S6T7	41.11	455	1091
UniRef90_UPI0005BC4708	43.82	455	1036
UniRef90_A0A084QGL2	42.76	455	1075
UniRef90_UPI0004C1BACC	44.23	455	1043
UniRef90_UPI0004417456	43.96	455	1065
UniRef90_D9Y217	46.72	455	491
UniRef90_A0A0K9V628	40.22	455	483
UniRef90_UPI00037FA995	45.05	455	1067
UniRef90_A0A0J0XZ57	42.64	455	1088
UniRef90_UPI00066DA10A	43.36	455	1041
UniRef90_A0A0G2FW31	42.67	455	1072
UniRef90_A0A0C2WRU4	43.76	455	1081
UniRef90_M2YHL6	43.49	455	1035
UniRef90_X0KY85	43.46	455	1047
UniRef90_Q82QD5	43.27	455	1073
UniRef90_J4G695	41.05	455	1075
UniRef90_UPI0006E42E96	43.11	455	1073
UniRef90_UPI0005EFB69A	41.98	455	473
UniRef90_A0A010S039	42.54	455	1070
UniRef90_UPI0006FAF29E	43.75	455	494
UniRef90_A0A067MLY0	41.02	455	1062
UniRef90_G7XMT1	40.75	455	1050
UniRef90_L7JJZ8	43.21	455	1120
UniRef90_A0A084G3Z3	42.04	455	1076
UniRef90_UPI00021925D5	43.17	455	1068
UniRef90_W3ZX62	42.98	455	452
UniRef90_L8DML1	41.40	455	469
UniRef90_H1VKR6	40.58	455	1085
UniRef90_L2FJ64	42.35	455	1057
UniRef90_A0A086TAZ0	40.89	455	1072
UniRef90_W9JAT8	42.22	455	1066
UniRef90_U7Q7S6	42.70	455	1102
UniRef90_R0IGL9	41.87	455	1068
UniRef90_A0A067MLY9	41.46	455	1068
UniRef90_G9NN37	40.71	455	1064
UniRef90_A0A0M2N3A2	45.85	455	1073
UniRef90_Q7S8E0	43.94	455	1108
UniRef90_UPI0002F75EEF	39.30	455	468
UniRef90_UPI00055CA589	41.76	455	462
UniRef90_Q5AXZ5	42.11	455	1083
UniRef90_A0A0L1J3G3	39.91	455	857
UniRef90_A0A067MLB0	40.72	455	1062
UniRef90_G5EJN7	42.19	455	1057
UniRef90_UPI0005F291C2	43.05	455	1051
UniRef90_N4UMB6	41.91	455	1079
UniRef90_UPI00068DB199	42.01	455	469
UniRef90_UPI0004A74093	41.00	455	469
UniRef90_W9YCK7	42.04	455	1064
UniRef90_R0JWG0	42.66	455	1067
UniRef90_G4TYY4	43.43	455	582
UniRef90_M2R791	43.21	455	1086
UniRef90_K4R0F3	41.79	455	1073
UniRef90_A0A0G4P2K0	41.72	455	1049
UniRef90_E4ZLD4	42.66	455	1067
UniRef90_H5TQ45	39.56	455	486
UniRef90_A0A074W3B1	41.65	455	1054
UniRef90_H6MUT7	41.16	455	484
UniRef90_J4GDF6	41.30	455	1115
UniRef90_N1QNL8	43.66	455	1039
UniRef90_W9C6C8	40.22	455	1068
UniRef90_E3QSG6	41.20	455	1068
UniRef90_A0A0J0AJZ7	40.89	455	621
UniRef90_A0A0D2C885	42.04	455	1058
UniRef90_F0X884	41.99	455	1169
UniRef90_UPI0005852D5E	40.09	455	471
UniRef90_R1E9I8	40.39	455	907
UniRef90_UPI0006852451	38.78	455	467
UniRef90_C2YTR3	66.81	455	663
UniRef90_P14779	100.00	455	1049
UniRef90_A0A0M0KW01	88.13	455	1046
UniRef90_C2N325	66.67	455	1065
UniRef90_K5A6V1	69.27	455	1061
UniRef90_A0A0A2TAG9	70.07	455	1057
UniRef90_A0A0M0ESE8	67.26	455	1055
UniRef90_A0A0K9GTW0	68.07	455	1066
UniRef90_C2W9K6	67.26	455	1143
UniRef90_UPI000408C1E4	70.95	455	1062
UniRef90_UPI000374714D	64.96	455	890
UniRef90_A0A0C2W4W6	67.63	455	1055
UniRef90_UPI0005C9BB5F	66.81	455	1053
UniRef90_UPI000209D908	96.04	455	472
UniRef90_A0A0H4KKY1	65.85	455	1052
UniRef90_A0A080UI15	67.11	455	1061
UniRef90_A0A084H279	68.07	455	1056
UniRef90_A0A0B0D3P2	68.07	455	1056
UniRef90_A0A081PA63	64.08	455	1060
UniRef90_UPI000551086F	66.96	455	1055
UniRef90_F8F8U9	69.98	455	1061
UniRef90_UPI000561DEFD	70.82	455	1063
UniRef90_UPI00037E7BEE	68.74	455	1054
UniRef90_A0A098FIG9	66.08	455	1056
UniRef90_UPI00035C513E	68.36	455	1060
UniRef90_U1WZI1	69.87	455	1058
UniRef90_UPI000308E610	68.53	455	1057
UniRef90_H3SM19	71.21	455	1059
UniRef90_UPI0003A768D8	70.95	455	1060
UniRef90_UPI0003FD3AAA	68.44	455	1053
UniRef90_UPI0004772C1E	68.14	455	1059
UniRef90_A0A0A2VBX0	67.70	455	1056
UniRef90_M3FAC5	67.48	455	1054
UniRef90_UPI000420AA0F	68.08	455	1063
UniRef90_U6SQQ2	67.47	455	1055
UniRef90_O08336	66.96	455	1054
UniRef90_L5N6V8	66.59	455	1053
UniRef90_UPI00028830AD	67.33	455	1054
UniRef90_K6EB81	63.91	455	808
UniRef90_A0A090YLD3	83.44	455	1049
UniRef90_F5LIY9	70.82	455	1060
UniRef90_H0U5E3	63.70	455	898
UniRef90_A0A0J6CP59	69.40	455	1055
UniRef90_UPI0006D55A3B	65.62	455	1073
UniRef90_UPI0006D845EA	66.89	455	1060
UniRef90_I2C2B5	67.63	455	1067
UniRef90_M5P6N1	67.26	455	1069
UniRef90_UPI0006934415	65.78	455	808
UniRef90_I0JHR8	67.48	455	1055
UniRef90_UPI000694AF15	64.10	455	807
UniRef90_UPI000470064A	64.59	455	1073
UniRef90_A0A0H3E4D0	67.19	455	1055
UniRef90_UPI00037C71E9	65.11	455	825
UniRef90_A0A0H4Y146	67.04	455	1088
UniRef90_UPI000619FD31	63.17	455	1072
UniRef90_UPI0004221A0E	67.56	455	1058
UniRef90_UPI0005095FA5	64.84	455	1061
UniRef90_I8AFG7	62.95	455	1048
UniRef90_UPI00048EB311	65.26	455	1061
UniRef90_UPI0006935FAF	62.44	455	831
UniRef90_A0A0G8C6I8	83.26	455	1049
UniRef90_A0A0A5I4I0	66.96	455	1054
UniRef90_E3E5G2	69.16	455	1058
UniRef90_UPI0004240FEA	64.59	455	917
UniRef90_A0A0A2U1V5	68.60	455	1057
UniRef90_O08394	66.00	455	1061
UniRef90_R8GBB1	62.14	455	841
UniRef90_A0A090ZLC1	63.94	455	1064
UniRef90_W9C6C8	39.96	455	1068
UniRef90_R7YHN8	42.20	455	1073
UniRef90_B4ADI6	60.94	455	1047
UniRef90_F3MI69	67.85	455	1061
UniRef90_A0A0D3V954	67.48	455	1066
UniRef90_W4B296	62.72	455	1084
UniRef90_A0A0B4S8L3	60.49	455	1047
UniRef90_UPI0003114112	63.11	455	1066
UniRef90_UPI00056F5AC2	50.77	455	1061
UniRef90_A0A0J5UYB3	64.52	455	1052
UniRef90_G4HAG5	67.48	455	1059
UniRef90_UPI00029A5BDC	50.55	455	1063
UniRef90_A0A069D7I4	65.62	455	1057
UniRef90_S9TZH1	62.50	455	914
UniRef90_M5R168	60.71	455	1047
UniRef90_A0A0M9BMV2	62.00	455	1081
UniRef90_A0A0M1P527	67.41	455	1065
UniRef90_UPI0006A7C728	64.38	455	830
UniRef90_W4Q5P2	61.59	455	1063
UniRef90_UPI00037579AE	65.03	455	1065
UniRef90_UPI00042522A2	67.55	455	1072
UniRef90_A0A0D2IBD0	43.95	455	1047
UniRef90_A0A076W2N1	63.11	455	1071
UniRef90_A0A0D1YHA1	43.20	455	1048
UniRef90_UPI0004BAD546	65.11	455	1073
UniRef90_M7TPF4	40.18	455	1068
UniRef90_A0A0G2FW31	42.29	455	1072
UniRef90_UPI0006F47142	50.66	455	1058
UniRef90_A0A0D2D543	42.86	455	1088
UniRef90_A0A085ZEI4	50.88	455	1056
UniRef90_W4B8Q6	66.22	455	1059
UniRef90_V9GFP3	65.85	455	881
UniRef90_L2FID9	43.74	455	467
UniRef90_A0A0D2ERT8	43.61	455	1047
UniRef90_UPI00069BAD07	61.28	455	830
UniRef90_H3SPT4	63.78	455	1061
UniRef90_L0DPU7	56.33	455	1081
UniRef90_A0A077M0S6	51.97	455	1057
UniRef90_UPI000616F9E7	65.49	455	1071
UniRef90_UPI00030E2356	65.70	455	1065
UniRef90_E1ULU2	66.82	455	1053
UniRef90_A0A0D2C734	39.82	455	1059
UniRef90_UPI000619AC1B	61.42	455	1054
UniRef90_D2VNQ7	46.14	455	1075
UniRef90_UPI00069687AB	50.55	455	1049
UniRef90_A0A0B7FQZ4	39.07	455	579
UniRef90_M2RAM8	42.60	455	1062
UniRef90_W9W5W9	40.57	455	1048
UniRef90_UPI0006C91A77	49.34	455	1052
UniRef90_A0A0D2GA21	40.57	455	1048
UniRef90_A0A0D2BV36	43.74	455	1055
UniRef90_W2S5I7	41.45	455	1046
UniRef90_A0A0D2DF55	41.01	455	1049
UniRef90_A0A010S039	41.50	455	1070
UniRef90_A0A084HFC1	68.50	455	1056
UniRef90_S9SQT7	69.90	455	408
UniRef90_W6QR53	40.52	455	1118
UniRef90_A9AZL6	49.45	455	1053
UniRef90_A0A0G2DVA7	39.78	455	1072
UniRef90_L2FJ64	41.76	455	1057
UniRef90_A0A0C4ED88	40.09	455	899
UniRef90_W9JAT8	41.94	455	1066
UniRef90_C7ZLY5	41.50	455	1065
UniRef90_A0A067MLY9	41.23	455	1068
UniRef90_A0A086TAZ0	40.49	455	1072
UniRef90_K2SR40	39.69	455	1073
UniRef90_A0A074W3B1	41.28	455	1054
UniRef90_UPI00041C663B	50.11	455	1056
UniRef90_A0A094GJS7	42.58	455	1068
UniRef90_A0A067MLB0	40.44	455	1062
UniRef90_S9QX36	52.85	455	1060
UniRef90_A0A010S6T7	40.31	455	1091
UniRef90_A0A0L1J3G3	39.45	455	857
UniRef90_A0A0B7FWN7	40.18	455	956
UniRef90_W9YCK7	41.28	455	1064
UniRef90_A0A067MLY0	40.88	455	1062
UniRef90_A0A084G3Z3	41.76	455	1076
UniRef90_W6Z7G9	43.20	455	1064
UniRef90_E3QSG6	40.18	455	1068
UniRef90_N4UMB6	40.66	455	1079
UniRef90_UPI00048480E6	47.24	455	1062
UniRef90_A0A0D5NK70	66.59	455	1059
UniRef90_A2R7A3	41.18	455	1104
UniRef90_R1GFQ6	39.34	455	1073
UniRef90_F2DP99	49.01	455	1047
UniRef90_A0A074WF42	45.03	455	1068
UniRef90_A0A0L0HGP0	43.36	455	1095
UniRef90_Q877B4	39.87	455	1103
UniRef90_V4PI21	47.12	455	1064
UniRef90_M2SZY8	42.27	455	1064
UniRef90_A0A0A2J0U5	39.43	455	1525
UniRef90_Q5AXZ5	41.67	455	1083
UniRef90_K4ZHM4	61.28	455	1063
UniRef90_A0A0H2U4R7	39.43	455	700
UniRef90_L7ISX5	39.43	455	1083
UniRef90_A0A0D2JWV5	41.26	455	1052
UniRef90_W9WCL8	40.81	455	1049
UniRef90_H1VKR6	40.22	455	1085
UniRef90_G5EJN7	41.63	455	1057
UniRef90_A0A098DRV8	41.15	455	1066
UniRef90_S3BZ97	41.70	455	1110
UniRef90_X0JN03	40.88	455	787
UniRef90_M2TKD9	42.29	455	1064
UniRef90_L8X158	37.66	455	542
UniRef90_S7RP13	39.60	455	1061
UniRef90_A0A0J0AJZ7	40.62	455	621
UniRef90_UPI00055A9D86	48.25	455	1059
UniRef90_S3D2U7	39.26	455	1059
UniRef90_A0A0G3A308	51.76	455	1061
UniRef90_Q39NW6	47.90	455	1063
UniRef90_A3WHN9	53.71	455	1071
UniRef90_D2B0C9	50.33	455	1055
UniRef90_R1E9I8	40.39	455	907
UniRef90_UPI0004801684	49.12	455	1056
UniRef90_Q7S8E0	42.79	455	1108
UniRef90_A0A095E5R3	47.24	455	1062
UniRef90_S7Z835	40.09	455	1117
UniRef90_UPI0004963B51	50.66	455	1079
UniRef90_A0A084QGL2	41.94	455	1075
UniRef90_W3WHD1	39.25	455	1067
UniRef90_F1SYI4	40.74	455	1059
UniRef90_M1VWL2	41.54	455	1076
UniRef90_UPI0004418009	43.93	455	1063
UniRef90_U7Q7S6	41.39	455	1102
UniRef90_M5CAJ9	38.19	455	643
UniRef90_W6ZCE6	41.80	455	1067
UniRef90_Q2GYZ2	40.09	455	1064
UniRef90_G9NN37	40.22	455	1064
UniRef90_A0A017S551	38.61	455	1110
UniRef90_S9NZD8	51.21	455	1064
UniRef90_R0IGL9	40.75	455	1068
UniRef90_C9SL50	40.18	455	1092
UniRef90_A0A0B4GTG0	40.22	455	1061
UniRef90_A0A0K6FZM1	39.51	455	1043
UniRef90_UPI0003A4CEA3	47.05	455	1058
UniRef90_H6C447	43.11	455	1059
UniRef90_L7JJZ8	41.76	455	1120
UniRef90_K3VCX7	40.53	455	1383
UniRef90_A0A074XJZ4	40.88	455	1059
UniRef90_L8FYI0	38.21	455	1062
UniRef90_A0A0B2WUZ2	40.88	455	1065
UniRef90_UPI00039DE7E7	49.45	455	1067
UniRef90_A0A0F0HJ47	49.34	455	1084
UniRef90_R7SI31	40.04	455	1060
UniRef90_X8IXN6	38.85	455	1044
UniRef90_A0A0L1HQQ6	41.31	455	1068
UniRef90_A0A0B7K8B9	39.69	455	1062
UniRef90_A0A0D2YG47	40.84	455	1006
UniRef90_A0A0C3CQ22	38.48	455	1064
UniRef90_N1Q0F1	39.87	455	1075
UniRef90_A0A074S0E7	40.40	455	1047
UniRef90_A0A0D2C3G3	40.71	455	1057
UniRef90_UPI00037B79FF	45.93	455	480
UniRef90_S5V6C6	46.09	455	506
UniRef90_J3P1F6	40.22	455	1088
UniRef90_F0X884	40.70	455	1169
UniRef90_Q2NDX9	53.06	455	1070
UniRef90_H0UDR2	72.73	455	1000
UniRef90_A0A074YJC1	40.40	455	1058
UniRef90_E4ZLD4	42.25	455	1067
UniRef90_F9FTG9	38.98	455	1084
UniRef90_A0A0A1PYL7	52.84	455	1065
UniRef90_A0A0A1T2K5	38.68	455	1108
UniRef90_UPI0004417456	43.86	455	1065
UniRef90_R0JWG0	42.15	455	1067
UniRef90_A0A0M9ESC6	40.48	455	1391
UniRef90_UPI000462FB93	50.33	455	1083
UniRef90_G7XMT1	40.75	455	1050
UniRef90_A0A066X522	40.57	455	1084
UniRef90_J3I070	50.22	455	670
UniRef90_K8PK16	49.78	455	1079
UniRef90_E4WD23	43.57	455	467
UniRef90_A0A0D2C885	41.46	455	1058
UniRef90_D6U5T4	55.56	455	1074
UniRef90_J4H477	40.84	455	1032
UniRef90_UPI0006FB095A	49.78	455	1081
UniRef90_V2WX65	39.43	455	1058
UniRef90_G0RLA6	39.56	455	1065
UniRef90_G2R1A3	40.22	455	1096
UniRef90_F7QKY7	48.69	455	1082
UniRef90_A0A0C2WRU4	43.45	455	1081
UniRef90_UPI0004E26BF6	44.98	455	506
UniRef90_UPI000444A271	40.27	455	1074
UniRef90_M2QGG7	46.02	455	460
UniRef90_UPI000408A8BA	48.15	455	1077
UniRef90_Q0D1W9	41.19	455	1050
UniRef90_H0T158	49.89	455	1081
UniRef90_C7ZPK2	41.32	455	1069
UniRef90_A0A0C9N7B2	45.93	455	1053
UniRef90_Q89R90	51.09	455	1078
UniRef90_UPI000484E0FE	51.19	455	1079
UniRef90_X0KY85	42.83	455	1047
UniRef90_UPI0004C5E582	46.07	455	504
UniRef90_V5G2Y6	39.83	455	1133
UniRef90_A0A075V189	46.24	455	458
UniRef90_A0A074X0D3	40.22	455	1055
UniRef90_R8BP13	42.69	455	1070
UniRef90_W9WDE1	40.40	455	1061
UniRef90_H2JZA6	45.83	455	542
UniRef90_UPI00055B9F9D	45.32	455	519
UniRef90_Q4WXE3	39.65	455	1120
UniRef90_M5GE99	41.98	455	1066
UniRef90_A0A0B7FXD3	40.27	455	1046
UniRef90_A0A074RVA1	38.41	455	1050
UniRef90_A0A016Q9R9	38.24	455	1069
UniRef90_M2YHL6	42.73	455	1035
UniRef90_Q9Y8G7	40.66	455	1066
UniRef90_UPI00056CBA4E	44.78	455	508
UniRef90_UPI0004C51862	44.66	455	514
UniRef90_A0A0C3NAA9	39.38	455	1045
UniRef90_I9LBX5	49.22	455	1064
UniRef90_A0A0C3SDT0	40.09	455	1057
UniRef90_A0A0D7PVG6	50.43	455	1078
UniRef90_R7SLX8	41.28	455	1057
UniRef90_M2R791	42.60	455	1086
UniRef90_L2GCZ0	42.64	455	1064
UniRef90_L8PRR2	43.96	455	507
UniRef90_A0A017TBK0	49.13	455	1104
UniRef90_A0A0A5FWC1	57.52	455	456
UniRef90_UPI0006E43A8B	45.08	455	507
UniRef90_A0A0D1LX75	50.11	455	1078
UniRef90_W4KHB7	39.60	455	1078
UniRef90_M5CDS7	38.41	455	646
UniRef90_X0L0E4	39.07	455	1074
UniRef90_A0A084HFC2	66.59	455	1055
UniRef90_A0A0F5W6P3	45.10	455	506
UniRef90_G9MYV4	39.22	455	1067
UniRef90_K6XDJ3	49.89	455	1114
UniRef90_UPI0006E3C1AB	45.53	455	495
UniRef90_A0A0A2VSK2	40.57	455	1034
UniRef90_A0A0B7K7K5	38.11	455	953
UniRef90_M5GGB8	40.87	455	1068
UniRef90_A0A0J0DDH4	40.62	455	1356
UniRef90_A0A081XXE6	44.88	455	496
UniRef90_D5ZYQ9	44.44	455	526
UniRef90_UPI00037E43AA	45.90	455	460
UniRef90_UPI0005F07800	44.37	455	493
UniRef90_A0A0G4P2K0	41.37	455	1049
UniRef90_L8X000	36.86	455	549
UniRef90_E3RKA1	42.21	455	1074
UniRef90_UPI0004239075	50.22	455	1079
UniRef90_UPI00042A5CAE	48.03	455	1077
UniRef90_UPI0004410FD6	38.82	455	1070
UniRef90_A0Y8J6	51.53	455	1066
UniRef90_J4GDF6	41.00	455	1115
UniRef90_UPI0004414025	39.69	455	1072
UniRef90_A0A0M2YNV7	46.31	455	512
UniRef90_A0A0B5EYK6	44.54	455	488
UniRef90_UPI00046221CA	40.27	455	1063
UniRef90_A0A0M8TIS8	44.30	455	506
UniRef90_A0A067NWA2	39.43	455	1052
UniRef90_F9X5V5	39.34	455	1061
UniRef90_A0A0D1ZQN4	41.52	455	1058
UniRef90_G2QDZ3	41.22	455	1080
UniRef90_A1CK35	40.96	455	1122
UniRef90_V6KU78	45.20	455	527
UniRef90_A0A0L0JX82	46.15	455	507
UniRef90_A0A0C3HJL3	40.57	455	1073
UniRef90_K4QWS1	43.74	455	499
UniRef90_UPI0004C80D76	43.30	455	503
UniRef90_D9VDL7	47.23	455	501
UniRef90_B5HZ57	43.52	455	506
UniRef90_Q2ITX0	51.85	455	1072
UniRef90_A0A0J8DPG2	44.66	455	548
UniRef90_A2QLV1	40.84	455	1091
UniRef90_C3JV08	44.64	455	466
UniRef90_UPI000441084E	39.56	455	1022
UniRef90_W5VZN0	50.33	455	1071
UniRef90_A0A0A2J119	40.31	455	1048
UniRef90_G3J869	41.01	455	1066
UniRef90_A0A0M9VVW4	39.39	455	1051
UniRef90_J4G695	40.31	455	1075
UniRef90_UPI00047C3713	49.45	455	1076
UniRef90_E3QMI0	40.22	455	1084
UniRef90_UPI0005262472	43.05	455	465
UniRef90_UPI000360F835	43.98	455	510
UniRef90_Q13A33	51.52	455	1075
UniRef90_UPI0006E44507	44.10	455	489
UniRef90_F1SYI6	38.77	455	1058
UniRef90_UPI0006E3F851	44.42	455	505
UniRef90_S8BA48	40.49	455	1122
UniRef90_D9XD27	43.67	455	510
UniRef90_UPI00056292EA	44.08	455	505
UniRef90_UPI0004C125C0	49.12	455	1073
UniRef90_G9MLG2	41.01	455	1076
UniRef90_Q0S7S3	42.42	455	498
UniRef90_A0A072Q5C9	40.99	455	1050
UniRef90_UPI0004CBB816	45.98	455	523
UniRef90_J4KML6	40.35	455	1232
UniRef90_UPI0006E434B4	44.08	455	513
UniRef90_A0A066VXL9	36.25	455	673
UniRef90_UPI0002E0AB33	52.62	455	1065
UniRef90_S0EA49	38.94	455	1055
UniRef90_UPI00037AFE6E	45.01	455	549
UniRef90_UPI0004411252	38.38	455	1087
UniRef90_L1L4D8	43.01	455	524
UniRef90_C6DIM7	45.47	455	1059
UniRef90_UPI00046421F8	51.20	455	1071
UniRef90_UPI0004C603B5	45.31	455	492
UniRef90_UPI0002FA7E89	43.91	455	522
UniRef90_A0A0M8X384	45.09	455	521
UniRef90_UPI00036922B6	47.37	455	1055
UniRef90_G1X1X8	39.15	455	1119
UniRef90_UPI0004C6382D	44.23	455	491
UniRef90_UPI00037E344C	44.69	455	515
UniRef90_A0A022MKR2	45.02	455	513
UniRef90_UPI00046226B4	40.84	455	1061
UniRef90_UPI0006E1A697	49.34	455	1073
UniRef90_B8NUJ2	40.18	455	588
UniRef90_UPI0004CC49C5	45.27	455	502
UniRef90_A0A0L8LUM1	44.30	455	515
UniRef90_M7SI26	41.27	455	1105
UniRef90_D9WB37	49.89	455	1074
UniRef90_A0A0F7VNU9	44.52	455	510
UniRef90_A0A0D7B215	40.13	455	1074
UniRef90_UPI00039D47AB	44.03	455	526
UniRef90_UPI0004415D20	37.50	455	1073
UniRef90_R1EWM9	41.43	455	941
UniRef90_Q1ZZK0	48.91	455	1079
UniRef90_Q2U4F1	40.22	455	1054
UniRef90_Q825N1	43.20	455	504
UniRef90_L8PBB4	50.44	455	1073
UniRef90_A0A0L9T163	40.93	455	1067
UniRef90_G9N4U2	37.20	455	1081
UniRef90_C8X7L1	49.23	455	1075
UniRef90_A0A0M2JQ95	44.13	455	519
UniRef90_K5WJ43	38.55	455	1068
UniRef90_D4ALN3	38.65	455	1057
UniRef90_UPI000486B860	44.01	455	466
UniRef90_UPI0006E1B8CC	43.48	455	525
UniRef90_UPI0005615D45	44.11	455	481
UniRef90_V2WLY7	40.53	455	1056
UniRef90_M5GGB7	42.39	455	1070
UniRef90_S3Z900	44.23	455	494
UniRef90_C9Z1T9	43.48	455	513
UniRef90_A0A086GRT4	49.13	455	1070
UniRef90_UPI00052E4B26	42.77	455	526
UniRef90_A0A0N1GV58	44.44	455	516
UniRef90_UPI0006EBBF27	44.98	455	513
UniRef90_G2GP66	44.87	455	491
UniRef90_L2G0Q1	35.14	455	1124
UniRef90_H8H2P3	45.51	455	1058
UniRef90_I9C4C6	48.42	455	1056
UniRef90_UPI00040638F0	44.08	455	496
UniRef90_UPI0006EBB658	48.37	455	1054
UniRef90_A0A0N1G106	43.86	455	494
UniRef90_A0A0M8VJP1	44.42	455	523
UniRef90_M2NNA0	42.29	455	1075
UniRef90_N1Q5K1	41.19	455	1075
UniRef90_G5EJU9	38.80	455	1058
UniRef90_A0A060SIF4	39.87	455	1068
UniRef90_UPI0006E125E7	48.03	455	1070
UniRef90_S3CW07	40.58	455	1060
UniRef90_A7F276	37.91	455	954
UniRef90_UPI000680E3C4	49.67	455	1066
UniRef90_UPI000415F541	47.69	455	1060
UniRef90_S8E679	41.59	455	1058
UniRef90_A0A0A2ITP4	37.83	455	1100
UniRef90_W7HUV6	40.72	455	1122
UniRef90_A0ADL1	43.67	455	516
UniRef90_A0A0F4Z804	38.99	455	1076
UniRef90_A0A090KH78	48.36	455	696
UniRef90_C7ZDG9	38.65	455	1066
UniRef90_E0MRC9	49.34	455	1066
UniRef90_UPI0004C2EAC6	45.34	455	1061
UniRef90_UPI0004C5C0F2	47.81	455	1071
UniRef90_A0A072S5Y2	43.70	455	505
UniRef90_A0A0K6FLM5	38.18	455	1040
UniRef90_UPI00056241F4	43.54	455	494
UniRef90_A0A0B7K8H0	37.67	455	1075
UniRef90_UPI0004C4D3CC	49.56	455	1076
UniRef90_A0A0L0N8S5	36.42	455	1052
UniRef90_A0A0C1TVF3	44.74	455	531
UniRef90_UPI0006E44AF1	44.62	455	517
UniRef90_UPI0004413D07	37.58	455	1066
UniRef90_A0A0C3S134	38.99	455	1059
UniRef90_UPI0003FF950B	50.66	455	1064
UniRef90_X8J216	40.13	455	1503
UniRef90_A0A086GSU9	42.52	455	518
UniRef90_R7Z040	39.39	455	1069
UniRef90_UPI000695D3C3	41.96	455	463
UniRef90_K1WNN5	37.96	455	1787
UniRef90_A0A0D9M8S5	41.26	455	1317
UniRef90_S2ZRM2	43.54	455	526
UniRef90_A0A0F9ZEW4	36.54	455	1084
UniRef90_A0A0K6FLZ0	38.19	455	940
UniRef90_A0A0G9HWP7	47.31	455	1057
UniRef90_G9NK70	40.79	455	1119
UniRef90_A0A0J8CGY8	44.15	455	508
UniRef90_N4W6Q7	36.51	455	1122
UniRef90_UPI0006EBADC0	50.66	455	1070
UniRef90_W7STP7	48.79	455	1072
UniRef90_UPI00041FB46C	50.11	455	1078
UniRef90_A0A0F4YJ85	42.47	455	1086
UniRef90_N1QNL8	43.12	455	1039
UniRef90_C9YVP1	48.17	455	1070
UniRef90_UPI0002892C82	50.44	455	1070
UniRef90_UPI0006E46D93	44.84	455	506
UniRef90_UPI00055B9C7A	43.98	455	464
UniRef90_A0A0H4CHS1	44.96	455	547
UniRef90_W9ZPH6	41.72	455	1778
UniRef90_A0A0M2K7T9	47.03	455	1064
UniRef90_UPI00035EFEC3	45.78	455	462
UniRef90_W4A9R0	43.42	455	465
UniRef90_W3WJ77	39.25	455	1076
UniRef90_UPI000696C994	45.85	455	1048
UniRef90_UPI0004677BF9	44.10	455	506
UniRef90_A0A074VKH7	42.64	455	1083
UniRef90_UPI000690FEE9	49.55	455	1082
UniRef90_A0A0N0TES1	44.52	455	497
UniRef90_UPI000691CA7C	44.52	455	493
UniRef90_A0A0K1E5F6	50.22	455	1061
UniRef90_A0A090CB85	39.87	455	1064
UniRef90_UPI0006E12783	44.64	455	494
UniRef90_B8MZQ9	35.93	455	1104
UniRef90_UPI0004C0BF73	43.76	455	511
UniRef90_UPI0004413BC5	35.55	455	1076
UniRef90_UPI0004C9CED8	43.82	455	526
UniRef90_UPI00047E69B9	47.44	455	1058
UniRef90_A0A0B4G9V6	37.61	455	1087
UniRef90_A0A084QTP0	41.23	455	1072
UniRef90_A0A0L1IRN8	36.96	455	1109
UniRef90_K5VG95	38.37	455	1058
UniRef90_A0A0C3PCK0	37.25	455	1058
UniRef90_A0A0M8YB47	44.52	455	445
UniRef90_G0R8W2	40.22	455	1075
UniRef90_UPI000483841B	40.82	455	465
UniRef90_A0A0N0NB92	43.08	455	531
UniRef90_A0A0G4IMX9	44.35	455	1086
UniRef90_L7EY36	44.35	455	491
UniRef90_A0A0A2L4I6	39.69	455	1053
UniRef90_UPI00069029D8	41.54	455	474
