UniRef90_P22887	99.33	149	155
UniRef90_F0ZDU0	80.00	149	152
UniRef90_F4PHK2	79.73	149	161
UniRef90_D3BJU6	78.23	149	154
UniRef90_UPI000644B937	73.33	149	152
UniRef90_B0C4I0	77.04	149	149
UniRef90_L8N573	76.06	149	149
UniRef90_B8HUM7	75.91	149	149
UniRef90_K9R7S0	70.27	149	158
UniRef90_UPI00038046B8	75.56	149	149
UniRef90_UPI0004E43977	72.99	149	149
UniRef90_P50590	67.79	149	149
UniRef90_K9UX47	69.59	149	149
UniRef90_K9PKY9	68.24	149	151
UniRef90_Q7NMQ5	72.79	149	149
UniRef90_A0A0M1JZ53	70.27	149	149
UniRef90_A0A0C2LHZ3	67.57	149	149
UniRef90_UPI000311FA3D	67.79	149	149
UniRef90_K9RWP0	68.92	149	149
UniRef90_K9UPP3	70.80	149	149
UniRef90_X5JJR8	68.92	149	149
UniRef90_G6FSD2	72.06	149	149
UniRef90_K9VZF3	71.94	149	160
UniRef90_A0ZD27	70.07	149	149
UniRef90_B6K1F9	64.86	149	150
UniRef90_A0A0C1XB31	70.59	149	149
UniRef90_K9X8Z6	69.34	149	149
UniRef90_B2IX22	68.24	149	149
UniRef90_K9T127	66.22	149	149
UniRef90_A0A0D8ZTY0	69.85	149	149
UniRef90_K9EMM5	68.15	149	149
UniRef90_K9SA29	67.79	149	149
UniRef90_A0A0C2M042	64.86	149	149
UniRef90_UPI00055C529A	66.22	149	149
UniRef90_UPI00047827AE	67.88	149	149
UniRef90_UPI0002D63C24	65.54	149	149
UniRef90_A0A098TN44	70.37	149	149
UniRef90_U5DFR3	67.11	149	150
UniRef90_A0A0G2HJQ8	67.41	149	152
UniRef90_A0A0C1UQP6	63.51	149	150
UniRef90_D8FUX9	67.57	149	149
UniRef90_K8GJE2	70.59	149	149
UniRef90_A0A073CX38	66.22	149	149
UniRef90_A0A0A2BS32	69.63	149	151
UniRef90_K9VBB1	70.37	149	149
UniRef90_Q0I6J3	63.70	149	152
UniRef90_UPI0002ABFCEF	68.38	149	149
UniRef90_D4ZXU1	67.88	149	149
UniRef90_K9U0T3	68.89	149	157
UniRef90_U5QGB1	71.32	149	186
UniRef90_B1WQB7	65.54	149	149
UniRef90_K9SJP9	69.63	149	149
UniRef90_Q8DM56	67.65	149	150
UniRef90_Q3AFJ7	69.34	149	149
UniRef90_Q116S1	66.42	149	149
UniRef90_R7QBR9	65.94	149	149
UniRef90_A0A0D6ALW9	64.86	149	149
UniRef90_D2VTC4	65.94	149	151
UniRef90_M1WVS3	67.11	149	149
UniRef90_A0A087SCB0	64.24	149	217
UniRef90_A0A0D6AJM0	69.63	149	149
UniRef90_D4TQE8	69.12	149	163
UniRef90_A0A0C2UJL3	70.07	149	148
UniRef90_K9YI28	63.51	149	149
UniRef90_Q2JVI1	66.42	149	149
UniRef90_K9WBS0	66.89	149	149
UniRef90_A0YL17	67.41	149	149
UniRef90_Q7VEG3	68.89	149	151
UniRef90_A0A0M2Q1B9	63.95	149	149
UniRef90_A4IQ91	67.38	149	194
UniRef90_Q5KXU2	65.31	149	149
UniRef90_UPI0004E14A90	65.54	149	149
UniRef90_L8M330	63.51	149	149
UniRef90_A0A0D6KWI9	66.21	149	144
UniRef90_K9XXX1	63.51	149	149
UniRef90_V6LGM9	61.07	149	152
UniRef90_UPI0006B35A22	63.77	149	152
UniRef90_UPI000349BB73	64.86	149	149
UniRef90_UPI00036CC8A0	69.12	149	149
UniRef90_K9TGG0	66.42	149	149
UniRef90_V6TBW6	61.74	149	151
UniRef90_A3PA97	65.47	149	152
UniRef90_K7W1N6	69.85	149	149
UniRef90_A0A061QVG2	68.61	149	220
UniRef90_Q8RYB9	65.69	149	221
UniRef90_UPI0002ACD248	67.41	149	149
UniRef90_D7DVT8	65.54	149	149
UniRef90_B4VQN4	63.51	149	149
UniRef90_M2XX29	63.95	149	208
UniRef90_UPI0002F2AD85	67.88	149	149
UniRef90_UPI000476063D	63.76	149	149
UniRef90_K9Z4V8	64.23	149	149
UniRef90_L8LNH5	66.18	149	149
UniRef90_A0A0G4J8X3	58.28	149	178
UniRef90_S9V7P2	65.00	149	151
UniRef90_B7GHQ0	66.43	149	148
UniRef90_K9SQW6	67.88	149	152
UniRef90_UPI0004723A27	65.94	149	152
UniRef90_F6B4J7	66.91	149	149
UniRef90_UPI00048C9097	66.67	149	152
UniRef90_S9VPX6	60.26	149	151
UniRef90_UPI00034F2333	66.18	149	139
UniRef90_UPI0003FFD313	67.88	149	147
UniRef90_G9QP63	67.41	149	148
UniRef90_A0A0N1I9U6	60.71	149	151
UniRef90_K9Q345	62.84	149	149
UniRef90_UPI00038C0811	65.22	149	167
UniRef90_A0A0A2BGX0	66.67	149	152
UniRef90_Q7V3M8	64.96	149	152
UniRef90_A0A0A8JJ79	65.97	149	148
UniRef90_A9B9E7	60.27	149	151
UniRef90_A5J299	59.73	149	151
UniRef90_Q7V425	65.93	149	152
UniRef90_UPI000595B4D6	63.38	149	148
UniRef90_UPI00040579C7	67.41	149	148
UniRef90_UPI0003A63B92	65.25	149	148
UniRef90_B4WHK3	59.86	149	148
UniRef90_A2BZG4	63.89	149	151
UniRef90_UPI0003470BAE	63.24	149	149
UniRef90_UPI00039A7D33	66.18	149	148
UniRef90_A0A0D2WHN4	60.93	149	152
UniRef90_F6DMU0	66.18	149	149
UniRef90_Q05982	65.22	149	152
UniRef90_D3G049	65.19	149	147
UniRef90_A4J0S4	65.44	149	149
UniRef90_P15531	62.00	149	152
UniRef90_E9FZ58	64.75	149	154
UniRef90_A0A0A1MW06	66.67	149	148
UniRef90_B5XCJ8	60.26	149	152
UniRef90_E7CHR6	59.73	149	151
UniRef90_A6CSG3	65.44	149	148
UniRef90_G0V374	63.57	149	153
UniRef90_H2MIF0	63.04	149	152
UniRef90_G5J9M7	66.20	149	143
UniRef90_W4QRK3	64.96	149	147
UniRef90_P49740	57.62	149	151
UniRef90_A0A0M1NC63	66.91	149	148
UniRef90_E7FBE9	62.68	149	170
UniRef90_UPI000308F801	63.70	149	151
UniRef90_P15531-2	62.00	149	177
UniRef90_A0DQY3	62.59	149	152
UniRef90_UPI000426D494	65.69	149	147
UniRef90_W5MYW2	63.04	149	155
UniRef90_H3AA08	63.77	149	172
UniRef90_UPI000404D271	66.91	149	147
UniRef90_A0A0D1ZH51	60.00	149	153
UniRef90_W5LJP8	61.11	149	151
UniRef90_UPI0005AA9FD3	65.69	149	148
UniRef90_UPI00054C5A9A	64.49	149	152
UniRef90_UPI00046EC2A7	67.41	149	148
UniRef90_UPI000540001D	64.49	149	152
UniRef90_I3E9Y1	66.91	149	148
UniRef90_G0SG41	66.18	149	152
UniRef90_UPI0006431B4A	64.49	149	172
UniRef90_A7TH72	61.87	149	152
UniRef90_A0A0N1K0H1	65.93	149	147
UniRef90_E0UIQ3	61.90	149	148
UniRef90_F9DNS6	65.69	149	148
UniRef90_K2S9J1	61.59	149	152
UniRef90_H6BX16	59.29	149	153
UniRef90_UPI000477B67A	64.71	149	149
UniRef90_UPI0004ED1ED4	65.94	149	197
UniRef90_K9YD56	63.50	149	149
UniRef90_D8RHN0	61.22	149	151
UniRef90_C0ZCD6	64.23	149	147
UniRef90_G0W7F2	60.14	149	152
UniRef90_G0QMS3	62.04	149	172
UniRef90_C1BW30	64.03	149	151
UniRef90_B7K069	64.08	149	143
UniRef90_B0F9R8	60.14	149	153
UniRef90_I8A5F9	62.32	149	153
UniRef90_Q7Z8P9	59.29	149	153
UniRef90_B5APB7	61.87	149	152
UniRef90_UPI000406DAC8	63.24	149	149
UniRef90_H0U9U6	64.96	149	147
UniRef90_A0A0L0QP87	61.97	149	148
UniRef90_G2TM68	62.41	149	148
UniRef90_S2YN53	64.58	149	148
UniRef90_X0RN82	63.97	149	137
UniRef90_W9AH77	64.08	149	148
UniRef90_UPI0006EBE483	65.71	149	148
UniRef90_UPI00042A9430	61.49	149	149
UniRef90_K6DGY0	65.19	149	148
UniRef90_R1EYX1	56.95	149	197
UniRef90_UPI0002D659BF	63.51	149	149
UniRef90_Q0CE18	61.15	149	153
UniRef90_I3S026	61.49	149	149
UniRef90_A0A0K9GWG7	63.57	149	148
UniRef90_A0A085NSC3	58.39	149	170
UniRef90_E6TZF9	64.96	149	147
UniRef90_Q8TFN0	60.87	149	153
UniRef90_G7PUB9	61.33	149	174
UniRef90_UPI0006443ECB	60.42	149	156
UniRef90_Q75DD1	58.27	149	151
UniRef90_Q6FIM3	59.03	149	152
UniRef90_F5L724	65.44	149	149
UniRef90_S9XGD0	63.50	149	168
UniRef90_B5XAW0	64.75	149	151
UniRef90_W4RHV3	65.93	149	148
UniRef90_Q9LKM0	63.51	149	150
UniRef90_UPI00051A7146	64.96	149	147
UniRef90_P74494	58.78	149	149
UniRef90_W0VPQ5	60.14	149	152
UniRef90_J9Q7E1	58.67	149	168
UniRef90_F5SBI1	65.19	149	148
UniRef90_Q9SP13	63.50	149	233
UniRef90_A0A0N5ARE5	60.84	149	171
UniRef90_L1JM45	63.50	149	152
UniRef90_B6RB47	62.50	149	168
UniRef90_G3PR82	60.87	149	152
UniRef90_C5DCL3	60.14	149	153
UniRef90_UPI000660F9AB	65.00	149	249
UniRef90_UPI00055730A0	61.87	149	152
UniRef90_A0A0K9GBR2	64.44	149	148
UniRef90_E1Z6R7	65.89	149	140
UniRef90_UPI0002F52A44	63.57	149	148
UniRef90_Q9KCB9	64.44	149	147
UniRef90_UPI0002EEF803	65.44	149	148
UniRef90_A4HKT7	61.59	149	239
UniRef90_UPI000559E420	61.76	149	149
UniRef90_B1X4D7	59.59	149	181
UniRef90_UPI000289643E	62.68	149	148
UniRef90_S0EXJ6	63.97	149	138
UniRef90_B0JHT4	65.19	149	149
UniRef90_G8ZQD4	60.14	149	152
UniRef90_H2W8M4	58.28	149	220
UniRef90_Q9U1E1	61.43	149	151
UniRef90_UPI000497C516	61.59	149	170
UniRef90_C9RA07	63.50	149	149
UniRef90_P70011	62.32	149	154
UniRef90_A0A094K748	62.22	149	147
UniRef90_O49203	62.04	149	238
UniRef90_UPI00053C5C3E	64.23	149	237
UniRef90_E4XZP6	60.00	149	151
UniRef90_I2GUT2	62.16	149	149
UniRef90_A8HG21	62.04	149	151
UniRef90_UPI000367CFA5	65.44	149	148
UniRef90_UPI00036A2FB0	65.93	149	148
UniRef90_Q9PTF5	62.77	149	153
UniRef90_UPI000498B59C	62.77	149	169
UniRef90_A0A0D2ALH2	60.58	149	154
UniRef90_H2SQ34	63.50	149	188
UniRef90_O57535	63.04	149	153
UniRef90_F4XZS3	63.38	149	143
UniRef90_Q4E256	60.71	149	153
UniRef90_Q93576	58.28	149	153
UniRef90_UPI0002F8C8F5	63.50	149	147
UniRef90_S3FUM5	64.66	149	138
UniRef90_H2SQ29	63.50	149	185
UniRef90_Q7QIX6	62.59	149	168
UniRef90_W4PZB3	64.44	149	147
UniRef90_B7K8S7	62.68	149	143
UniRef90_UPI00065BE824	60.14	149	169
UniRef90_Q381H3	63.50	149	153
UniRef90_UPI00047DBF01	64.23	149	147
UniRef90_A0A0C7N873	61.48	149	152
UniRef90_UPI0002FCFDD3	57.05	149	152
UniRef90_A0A024QC68	62.68	149	148
UniRef90_A0A059LES4	62.94	149	142
UniRef90_M3YVT8	63.24	149	168
UniRef90_B5DGC6	60.14	149	152
UniRef90_A0A0C2MFN0	55.77	149	161
UniRef90_A0A0D6R7Y5	66.17	149	149
UniRef90_UPI0004BD1580	63.04	149	196
UniRef90_E7RHD4	64.23	149	148
UniRef90_F7BBQ5	64.44	149	163
UniRef90_L5JQI1	62.50	149	149
UniRef90_U5LBT3	67.41	149	148
UniRef90_UPI00033387B3	61.87	149	152
UniRef90_M2Y579	62.96	149	152
UniRef90_B9E6K9	63.50	149	148
UniRef90_A0A059C1X8	62.77	149	181
UniRef90_A0A069EV00	62.41	149	139
UniRef90_Q50KA8	61.59	149	152
UniRef90_UPI0003ACC1B4	63.04	149	253
UniRef90_H2SGD2	59.18	149	169
UniRef90_UPI0006442C9F	62.50	149	151
UniRef90_UPI0006D1ABA4	60.58	149	147
UniRef90_A6QT38	56.08	149	152
UniRef90_A0A0M2SV63	63.57	149	148
UniRef90_A0A0M8MUJ6	57.86	149	153
UniRef90_N0B235	64.29	149	148
UniRef90_G2QTA6	59.46	149	152
UniRef90_W9SL33	59.18	149	148
UniRef90_A2QUJ6	60.14	149	153
UniRef90_B1XIE7	62.16	149	149
UniRef90_G0VJE4	60.14	149	152
UniRef90_A0A0M0UI23	59.71	149	152
UniRef90_B9RCT5	62.04	149	236
UniRef90_I3SS10	62.50	149	235
UniRef90_A0A0B0HKC2	66.41	149	152
UniRef90_C1BY40	58.70	149	152
UniRef90_F4WFU5	63.77	149	152
UniRef90_A0A059C2N4	62.77	149	237
UniRef90_UPI00053B6CED	62.86	149	148
UniRef90_M7S9I1	55.63	149	153
UniRef90_Q9UUY8	59.85	149	152
UniRef90_D3S3F6	60.58	149	151
UniRef90_V8NNE3	61.59	149	181
UniRef90_Q73AY0	65.44	149	148
UniRef90_W1P2H2	67.67	149	148
UniRef90_Q0W8X1	58.94	149	152
UniRef90_UPI000428F80A	66.67	149	148
UniRef90_R0GWU8	61.31	149	263
UniRef90_UPI000225BB8C	66.18	149	149
UniRef90_A0A0H5QNE0	59.42	149	153
UniRef90_P27950	62.32	149	151
UniRef90_W7XLA7	60.87	149	151
UniRef90_UPI000640D313	60.56	149	235
UniRef90_D3ER04	62.77	149	149
UniRef90_Q8EQB4	59.86	149	148
UniRef90_A0A067JMU3	63.24	149	236
UniRef90_E3K3Q5	57.05	149	151
UniRef90_S7MX15	63.04	149	265
UniRef90_UPI000478A29B	67.69	149	147
UniRef90_A0A090L863	62.04	149	152
UniRef90_N1QK91	57.66	149	153
UniRef90_H0V5A7	62.32	149	162
UniRef90_A0A0L8FPQ2	59.46	149	149
UniRef90_UPI0005F7FC3A	62.86	149	148
UniRef90_UPI0006746930	62.04	149	169
UniRef90_F7VZ24	59.12	149	152
UniRef90_A0A090CJV2	57.97	149	153
UniRef90_A0A059C258	62.77	149	213
UniRef90_UPI00034A0C15	62.77	149	147
UniRef90_D8LW21	61.54	149	150
UniRef90_UPI0006D11930	62.14	149	147
UniRef90_UPI000498B898	62.77	149	230
UniRef90_S8BUN5	62.77	149	236
UniRef90_UPI0003008D6A	62.86	149	148
UniRef90_P22392	63.04	149	152
UniRef90_F6YY66	63.04	149	227
UniRef90_F6YY66	56.16	149	227
UniRef90_P93554	60.81	149	149
UniRef90_UPI000469E5DA	64.71	149	147
UniRef90_D5X9M3	61.76	149	149
UniRef90_A0A068UX16	61.31	149	238
UniRef90_E5WI06	67.69	149	148
UniRef90_K7QJQ7	62.24	149	169
UniRef90_UPI000494F11C	60.54	149	169
UniRef90_C6T4F9	60.58	149	235
UniRef90_L9KKL6	62.32	149	194
UniRef90_UPI00042A88DC	64.18	149	147
UniRef90_F4S526	57.05	149	151
UniRef90_L8FT26	55.71	149	196
UniRef90_UPI000440B451	59.12	149	169
UniRef90_G8JQ34	61.48	149	153
UniRef90_I0YMU7	60.40	149	150
UniRef90_A0A075JQ31	61.81	149	148
UniRef90_A0A0D2PRB8	59.18	149	148
UniRef90_A0A0G4GIG7	59.85	149	151
UniRef90_UPI00063F3F7F	61.76	149	149
UniRef90_A0A0B7N142	61.97	149	227
UniRef90_UPI00062A6266	60.93	149	152
UniRef90_A0A0F2PFE5	62.16	149	149
UniRef90_A0A084FXS7	59.85	149	272
UniRef90_A0A077JHK1	61.27	149	143
UniRef90_UPI0003F4E34F	61.11	149	148
UniRef90_B0TBN6	62.50	149	149
UniRef90_Q8LAH8	62.04	149	237
UniRef90_UPI0005AB4096	62.96	149	148
UniRef90_V5FUY2	58.99	149	153
UniRef90_B8LR88	57.64	149	235
UniRef90_H3CBV8	62.50	149	152
UniRef90_UPI00067A8A01	62.14	149	148
UniRef90_A0A0A2VLR8	57.14	149	240
UniRef90_A0A0J5SEH7	64.71	149	148
UniRef90_U5ELM6	59.33	149	168
UniRef90_A0A017SNH8	58.70	149	153
UniRef90_UPI00032AB5EC	62.77	149	475
UniRef90_B9Q287	60.14	149	155
UniRef90_M5WAF8	62.04	149	238
UniRef90_G1NBU7	61.31	149	173
UniRef90_A0A090IW34	63.24	149	149
UniRef90_UPI00042BEA94	62.50	149	152
UniRef90_K4FY57	58.00	149	153
UniRef90_UPI0006D0EE30	64.71	149	137
UniRef90_E0VL29	61.76	149	160
UniRef90_UPI00048F3020	61.11	149	148
UniRef90_A0A026WVX5	59.33	149	240
UniRef90_I0JNA7	59.72	149	148
UniRef90_D2RGY9	58.78	149	149
UniRef90_UPI0006A7937E	63.50	149	147
UniRef90_A0A0D3A5S1	63.50	149	237
UniRef90_A5BVN4	62.04	149	235
UniRef90_UPI000498DB34	62.04	149	238
UniRef90_D3TS01	63.04	149	168
UniRef90_Q16MB4	64.03	149	168
UniRef90_Q5WGT0	61.48	149	147
UniRef90_J5Q6N3	62.68	149	225
UniRef90_A0A061G6J4	62.04	149	237
UniRef90_UPI0005CC5DE5	62.04	149	148
UniRef90_A0A0F4YPP6	57.25	149	153
UniRef90_E5CMI5	60.81	149	150
UniRef90_P08879	63.31	149	153
UniRef90_R4GBS6	61.27	149	187
UniRef90_Q9DFL9	56.76	149	149
UniRef90_K4CIW8	62.50	149	234
UniRef90_P36010	61.76	149	153
UniRef90_UPI0003F75DF5	63.24	149	148
UniRef90_B4QT92	63.31	149	172
UniRef90_V7CPX5	61.03	149	238
UniRef90_UPI0004629487	62.32	149	195
UniRef90_H3FJL0	58.16	149	154
UniRef90_UPI0005CA3599	62.04	149	235
UniRef90_J9P3S5	60.14	149	152
UniRef90_Q5SLV5	62.50	149	137
UniRef90_Q7XC37	59.06	149	151
UniRef90_Q8RXA8	61.31	149	235
UniRef90_UPI0004064EBD	62.77	149	148
UniRef90_UPI0006C9D668	61.03	149	156
UniRef90_I1R722	62.50	149	178
UniRef90_U1Y876	61.76	149	149
UniRef90_A0A081P547	63.24	149	147
UniRef90_A0A0G2IBC0	59.12	149	154
UniRef90_A0A0A7GEB9	55.41	149	150
UniRef90_A0A0D2T6R7	60.58	149	191
UniRef90_A0A0D2E1G7	58.70	149	197
UniRef90_C6T3F0	59.85	149	162
UniRef90_W6QJA3	57.97	149	153
UniRef90_Q6CS60	59.42	149	152
UniRef90_G0U9C8	58.57	149	153
UniRef90_I1CD27	61.27	149	226
UniRef90_A0A0J5GYD3	65.44	149	148
UniRef90_UPI0002C3516D	62.32	149	178
UniRef90_UPI0005B87AFE	59.33	149	247
UniRef90_UPI0005B87AFE	58.82	149	247
UniRef90_A0A0J6D1K1	62.96	149	147
UniRef90_A0A078AEP8	60.40	149	154
UniRef90_Q9YI35	57.53	149	149
UniRef90_F1LG83	57.43	149	200
UniRef90_UPI00037EA19C	63.24	149	148
UniRef90_UPI0005811465	62.04	149	471
UniRef90_A9TNW2	58.78	149	151
UniRef90_N0BIQ4	60.29	149	149
UniRef90_A7SE67	60.54	149	165
UniRef90_F6YB01	58.11	149	151
UniRef90_A0A0F2PNS2	62.04	149	149
UniRef90_Q02254	59.18	149	148
UniRef90_Q5DIW9	56.83	149	151
UniRef90_A0A0D2S011	61.31	149	237
UniRef90_Q13232	60.14	149	169
UniRef90_W4ZQ38	66.17	149	233
UniRef90_I1HFQ1	59.85	149	232
UniRef90_A5D5U8	63.24	149	149
UniRef90_UPI0005F9B587	62.32	149	170
UniRef90_F6CP12	62.50	149	149
UniRef90_A9PAF2	65.41	149	148
UniRef90_M7XZ23	62.22	149	149
UniRef90_A0A086YT10	63.97	149	138
UniRef90_K0TYN2	60.14	149	149
UniRef90_UPI000417061F	63.24	149	148
UniRef90_L9KMM6	61.15	149	152
UniRef90_S9XG77	58.70	149	151
UniRef90_A0A0C2V5B0	65.38	149	148
UniRef90_A7E8Q1	56.43	149	152
UniRef90_M5FQ88	64.39	149	152
UniRef90_A0A0A6VDZ6	62.41	149	148
UniRef90_A0A0L9SV74	60.29	149	178
UniRef90_A0A0A0KX20	61.31	149	238
UniRef90_UPI0002628FB8	59.86	149	148
UniRef90_A0A0B0D5B0	61.97	149	148
UniRef90_A8J9H8	59.73	149	150
UniRef90_UPI00054D028C	62.50	149	149
UniRef90_V9IK04	61.76	149	171
UniRef90_W6KFM7	55.41	149	151
UniRef90_A0A096P9Q1	57.72	149	150
UniRef90_F6PIN1	60.14	149	191
UniRef90_V4TLN6	61.03	149	239
UniRef90_O81372	65.41	149	148
UniRef90_S2J737	61.11	149	227
UniRef90_A0A024P1F8	59.86	149	148
UniRef90_I2JUP0	57.25	149	152
UniRef90_A0A0M3I5P7	57.43	149	187
UniRef90_UPI0005FB2521	63.24	149	474
UniRef90_A0A0M2P0G1	62.96	149	149
UniRef90_Q8RVI6	59.85	149	235
UniRef90_A9NPA6	64.62	149	148
UniRef90_A0A022Q6T7	62.04	149	234
UniRef90_Q0IMS5	62.50	149	220
UniRef90_UPI000525E881	63.24	149	467
UniRef90_UPI0003EC6947	62.96	149	172
UniRef90_UPI0002C3177A	59.18	149	148
UniRef90_A0A0L0HQ83	61.59	149	150
UniRef90_G2Q8U9	57.43	149	152
UniRef90_M0SK27	60.58	149	238
UniRef90_V4AAV4	61.27	149	168
UniRef90_E3QTR3	57.35	149	153
UniRef90_A4S6Z0	64.66	149	150
UniRef90_A0A0M2U078	62.50	149	149
UniRef90_A0A0A7LD58	62.04	149	151
UniRef90_F2KPY1	58.11	149	149
UniRef90_T0BPI5	63.70	149	149
UniRef90_UPI0006D595C7	62.32	149	147
UniRef90_UPI0005CE8103	61.76	149	156
UniRef90_M0V851	62.96	149	220
UniRef90_UPI00067380F6	61.15	149	168
UniRef90_UPI000441B6C2	59.85	149	190
UniRef90_F1N910	61.03	149	153
UniRef90_Q1W2C8	60.43	149	170
UniRef90_I3KTH2	62.96	149	169
UniRef90_A9S8I9	60.58	149	154
UniRef90_UPI000540001D	60.67	149	152
UniRef90_P15531-2	61.33	149	177
UniRef90_P15531	61.33	149	152
UniRef90_UPI00038C0811	61.33	149	167
UniRef90_S7MX15	59.33	149	265
UniRef90_O57535	59.33	149	153
UniRef90_Q05982	61.33	149	152
UniRef90_P22392	59.33	149	152
UniRef90_L9KHT8	60.00	149	247
UniRef90_S9XGD0	59.33	149	168
UniRef90_G7PUB9	60.67	149	174
UniRef90_H0V5A7	58.67	149	162
UniRef90_UPI0004ED1ED4	62.00	149	197
UniRef90_C1BW30	61.07	149	151
UniRef90_M3YVT8	58.67	149	168
UniRef90_UPI0003ACC1B4	59.33	149	253
UniRef90_UPI0004BD1580	59.33	149	196
UniRef90_V8NNE3	58.00	149	181
UniRef90_UPI0004629487	58.67	149	195
UniRef90_B4QT92	60.00	149	172
UniRef90_UPI0006431B4A	60.67	149	172
UniRef90_Q7QIX6	59.33	149	168
UniRef90_R4GBS6	59.06	149	187
UniRef90_J3JZ25	58.00	149	169
UniRef90_UPI00067380F6	58.00	149	168
UniRef90_F7H6X2	59.33	149	267
UniRef90_F7H6X2	62.50	149	267
UniRef90_L5JQI1	58.78	149	149
UniRef90_P08879	60.00	149	153
UniRef90_UPI00033387B3	58.67	149	152
UniRef90_L9KKL6	58.67	149	194
UniRef90_Q50KA8	58.00	149	152
UniRef90_E9FZ58	61.33	149	154
UniRef90_F6YY66	59.33	149	227
UniRef90_F6YY66	55.41	149	227
UniRef90_D3TS01	59.33	149	168
UniRef90_UPI0005B87AFE	58.67	149	247
UniRef90_UPI0005B87AFE	60.64	149	247
UniRef90_U5ELM6	58.67	149	168
UniRef90_P70011	58.67	149	154
UniRef90_H3AA08	60.00	149	172
UniRef90_UPI0002C3516D	58.67	149	178
UniRef90_J9Q7E1	58.67	149	168
UniRef90_W5MYW2	59.33	149	155
UniRef90_B6RB47	57.62	149	168
UniRef90_UPI0005D331A0	57.33	149	170
UniRef90_A0A026WVX5	58.67	149	240
UniRef90_K7QJQ7	59.60	149	169
UniRef90_K4FY57	58.00	149	153
UniRef90_UPI0006442C9F	57.62	149	151
UniRef90_UPI00042BEA94	57.82	149	152
UniRef90_B5XAW0	61.74	149	151
UniRef90_A5J299	58.94	149	151
UniRef90_G1KAF8	58.67	149	267
UniRef90_G1KAF8	60.00	149	267
UniRef90_A8HG21	57.62	149	151
UniRef90_F6PIN1	56.67	149	191
UniRef90_B5APB7	59.06	149	152
UniRef90_UPI000660F9AB	62.59	149	249
UniRef90_W5LJP8	59.46	149	151
UniRef90_A0A084FXS7	56.00	149	272
UniRef90_R1EYX1	56.95	149	197
UniRef90_P27950	58.67	149	151
UniRef90_Q7Z8P9	56.29	149	153
UniRef90_H6BX16	56.29	149	153
UniRef90_A0A0D1ZH51	56.95	149	153
UniRef90_Q1W2C8	57.33	149	170
UniRef90_UPI00062A6266	60.00	149	152
UniRef90_E7CHR6	58.94	149	151
UniRef90_Q9PTF5	59.06	149	153
UniRef90_Q1HPI5	57.33	149	154
UniRef90_D6WHK2	57.05	149	154
UniRef90_F7BBQ5	60.14	149	163
UniRef90_A0A0L7KXM5	57.05	149	153
UniRef90_C1BU16	54.00	149	152
UniRef90_I8A5F9	58.28	149	153
UniRef90_UPI0005D082E0	55.33	149	153
UniRef90_G4ML11	53.64	149	237
UniRef90_F1N910	57.05	149	153
UniRef90_Q16MB4	60.67	149	168
UniRef90_UPI00065BE824	59.46	149	169
UniRef90_A0A0D2ALH2	56.67	149	154
UniRef90_B8HUM7	71.62	149	149
UniRef90_K2S9J1	57.62	149	152
UniRef90_H0ZGE2	59.18	149	267
UniRef90_H0ZGE2	59.46	149	267
UniRef90_D2HTU0	54.60	149	288
UniRef90_D2HTU0	58.56	149	288
UniRef90_A0A090CJV2	54.30	149	153
UniRef90_A4IQ91	66.22	149	194
UniRef90_A2QUJ6	56.29	149	153
UniRef90_L8FT26	52.98	149	196
UniRef90_UPI000497C516	58.39	149	170
UniRef90_A0A0M8MUJ6	54.97	149	153
UniRef90_A9QQ80	57.33	149	154
UniRef90_Q5KXU2	65.31	149	149
UniRef90_A0A0D2WHN4	60.93	149	152
UniRef90_C5P4Q5	52.98	149	152
UniRef90_H2SQ34	60.54	149	188
UniRef90_E4URV4	52.32	149	153
UniRef90_A0A017SNH8	54.97	149	153
UniRef90_H2MIF0	60.14	149	152
UniRef90_J9P3S5	56.67	149	152
UniRef90_A2I494	56.00	149	171
UniRef90_A0A0F4YPP6	53.64	149	153
UniRef90_Q0CE18	58.00	149	153
UniRef90_R7TH15	54.97	149	167
UniRef90_F4WFU5	60.00	149	152
UniRef90_H2ZBH3	56.95	149	160
UniRef90_K9RWP0	68.92	149	149
UniRef90_UPI0006443ECB	59.73	149	156
UniRef90_E7FBE9	62.68	149	170
UniRef90_Q3AFJ7	66.22	149	149
UniRef90_V5FUY2	55.63	149	153
UniRef90_M7S9I1	55.63	149	153
UniRef90_UPI0005F9B587	58.67	149	170
UniRef90_A0A0C4EB33	52.32	149	230
UniRef90_A0A0A2VLR8	54.30	149	240
UniRef90_S9VPX6	60.26	149	151
UniRef90_A0A010RM03	50.99	149	262
UniRef90_UPI00033330F4	57.33	149	152
UniRef90_Q5DIW9	53.64	149	151
UniRef90_E2AQV0	57.05	149	170
UniRef90_Q8TFN0	56.95	149	153
UniRef90_T1INF7	53.33	149	180
UniRef90_G0SG41	62.16	149	152
UniRef90_UPI0006B35A22	60.81	149	152
UniRef90_V9IK04	57.62	149	171
UniRef90_A7E8Q1	53.64	149	152
UniRef90_A0A084QAL9	53.33	149	237
UniRef90_A0A0C2GUU7	56.95	149	181
UniRef90_C4JM20	52.98	149	152
UniRef90_W3X192	55.63	149	322
UniRef90_UPI0005CE8103	57.52	149	156
UniRef90_G0QMS3	58.67	149	172
UniRef90_A0A0M1JZ53	70.27	149	149
UniRef90_G1NBU7	57.72	149	173
UniRef90_A0A086TC32	53.33	149	248
UniRef90_UPI000265973C	54.97	149	152
UniRef90_A0A0A1TH17	53.33	149	244
UniRef90_UPI00054C5A9A	61.49	149	152
UniRef90_UPI0003F14E4C	54.67	149	152
UniRef90_G6CSE8	57.05	149	153
UniRef90_G2QTA6	58.67	149	152
UniRef90_P22887	99.33	149	155
UniRef90_I1GCW0	55.63	149	197
UniRef90_A7SE67	58.78	149	165
UniRef90_UPI000497ACE0	57.43	149	181
UniRef90_A6QT38	55.03	149	152
UniRef90_H2SQ29	60.54	149	185
UniRef90_A0A0M0UI23	56.67	149	152
UniRef90_L1JM45	58.94	149	152
UniRef90_A0A0C3HGW3	49.01	149	192
UniRef90_Q2HBD4	55.33	149	152
UniRef90_A4HKT7	57.62	149	239
UniRef90_G5DZD9	61.19	149	135
UniRef90_A0A067QR89	57.72	149	170
UniRef90_B8MDD6	52.98	149	153
UniRef90_UPI0006444463	56.38	149	180
UniRef90_A0A090L863	58.00	149	152
UniRef90_Q93576	58.28	149	153
UniRef90_B0C4I0	71.62	149	149
UniRef90_E2C6I3	54.67	149	153
UniRef90_G2Q8U9	56.00	149	152
UniRef90_K9WBS0	66.89	149	149
UniRef90_F0XJP0	52.32	149	151
UniRef90_Q13232	59.46	149	169
UniRef90_A0A0D2E1G7	54.97	149	197
UniRef90_Q8DM56	63.51	149	150
UniRef90_A0A0C9R8Z1	54.25	149	156
UniRef90_F6YB01	58.11	149	151
UniRef90_D7FB47	55.56	149	156
UniRef90_UPI0006C9D668	56.21	149	156
UniRef90_A0A0G4EX02	54.97	149	358
UniRef90_UPI00046D41C3	56.13	149	238
UniRef90_N1QK91	54.36	149	153
UniRef90_T1K1L0	57.33	149	169
UniRef90_R4GM98	57.43	149	189
UniRef90_E0VL29	57.72	149	160
UniRef90_K9R7S0	70.27	149	158
UniRef90_A0DQY3	59.33	149	152
UniRef90_UPI000494F11C	60.14	149	169
UniRef90_M2YPM9	52.98	149	190
UniRef90_R8BH65	53.33	149	152
UniRef90_A0A0F8TX86	54.67	149	154
UniRef90_E4XZP6	56.95	149	151
UniRef90_UPI000440B451	55.70	149	169
UniRef90_A0A0C1UQP6	63.51	149	150
UniRef90_UPI00064E733F	54.00	149	152
UniRef90_W6QJA3	54.67	149	153
UniRef90_S9V7P2	61.59	149	151
UniRef90_A0A0N1I9U6	57.62	149	151
UniRef90_C7YUQ0	54.00	149	154
UniRef90_W2SU59	56.67	149	153
UniRef90_A0A0D8XCH4	57.33	149	205
UniRef90_E3QTR3	52.98	149	153
UniRef90_A0A0B2WRR8	53.33	149	154
UniRef90_UPI00055730A0	59.06	149	152
UniRef90_G3PR82	58.11	149	152
UniRef90_Q0PXX9	54.36	149	153
UniRef90_S3BTK7	52.98	149	293
UniRef90_G1X2E4	52.32	149	153
UniRef90_E3RRA4	52.32	149	196
UniRef90_L2G5R2	53.64	149	274
UniRef90_UPI0002F52A44	61.90	149	148
UniRef90_A0A0N5ARE5	58.00	149	171
UniRef90_UPI0003AB9898	57.33	149	206
UniRef90_S7ZUW9	53.64	149	151
UniRef90_A0A061H9B2	54.61	149	152
UniRef90_E7D144	55.03	149	153
UniRef90_E9QH64	57.43	149	180
UniRef90_A0A0G4LNS9	52.67	149	232
UniRef90_M3AXI2	52.67	149	153
UniRef90_Q9UUY8	55.33	149	152
UniRef90_A0A074YBJ1	53.33	149	154
UniRef90_R7YM22	53.64	149	153
UniRef90_I3KTH2	58.78	149	169
UniRef90_UPI0004E14A90	65.54	149	149
UniRef90_A0A0G2IBC0	55.70	149	154
UniRef90_U7PZY0	49.67	149	250
UniRef90_A0A023FTW2	56.67	149	152
UniRef90_UPI00038046B8	70.27	149	149
UniRef90_V5GVE2	51.68	149	194
UniRef90_UPI000624FB18	55.56	149	156
UniRef90_H2SGD2	58.11	149	169
UniRef90_H3CBV8	59.18	149	152
UniRef90_J3P1B1	52.32	149	153
UniRef90_F9F4Y5	52.67	149	238
UniRef90_I3E9Y1	63.95	149	148
UniRef90_Q2JVI1	62.84	149	149
UniRef90_A0A0C2UJL3	67.35	149	148
UniRef90_UPI000644B937	73.33	149	152
UniRef90_K9VZF3	68.67	149	160
UniRef90_A0A074XXE9	52.67	149	154
UniRef90_M7BLZ6	49.15	149	332
UniRef90_M7BLZ6	58.47	149	332
UniRef90_UPI00055C529A	66.22	149	149
UniRef90_W7XLA7	56.95	149	151
UniRef90_Q9U1E1	58.28	149	151
UniRef90_UPI0003EC6947	58.78	149	172
UniRef90_A0A0A0QYD4	54.00	149	169
UniRef90_A8PUN0	51.97	149	152
UniRef90_A0A0L0NHS6	55.33	149	237
UniRef90_H0EU44	50.33	149	160
UniRef90_A0A0G4J8X3	57.33	149	178
UniRef90_B7GHQ0	64.63	149	148
UniRef90_F6SWK9	57.72	149	169
UniRef90_B9Q287	56.67	149	155
UniRef90_UPI0003C9228D	56.16	149	309
UniRef90_K3W207	52.00	149	238
UniRef90_UPI0006262C19	56.21	149	173
UniRef90_Q0UAM1	50.99	149	153
UniRef90_L9KMM6	57.62	149	152
UniRef90_M7XZ23	58.11	149	149
UniRef90_A0A096P9Q1	57.33	149	150
UniRef90_H3D1Z0	58.78	149	169
UniRef90_A0A0G4GIG7	55.63	149	151
UniRef90_A0A0A7BYH5	56.38	149	153
UniRef90_UPI0006C99FD5	54.90	149	156
UniRef90_H2W8M4	58.28	149	220
UniRef90_UPI0002D63C24	65.54	149	149
UniRef90_B5XCJ8	59.33	149	152
UniRef90_UPI00061A0039	54.97	149	171
UniRef90_M5FQ88	57.72	149	152
UniRef90_T1FNB2	56.95	149	151
UniRef90_UPI000393F3D1	58.78	149	184
UniRef90_G9MH41	52.67	149	154
UniRef90_A0A0B7KI70	52.67	149	206
UniRef90_UPI00039A7D33	62.59	149	148
UniRef90_A0A0A8JJ79	65.07	149	148
UniRef90_Q381H3	58.94	149	153
UniRef90_U3JPT8	57.05	149	190
UniRef90_W4WGH2	53.66	149	167
UniRef90_UPI00062393F3	53.64	149	170
UniRef90_UPI000441B6C2	56.38	149	190
UniRef90_Q4E256	57.62	149	153
UniRef90_G0V374	60.26	149	153
UniRef90_G9QP63	63.95	149	148
UniRef90_Q1W9N6	54.73	149	157
UniRef90_UPI0006EBE483	63.95	149	148
UniRef90_G8DZS2	59.85	149	139
UniRef90_A4S6Z0	58.00	149	150
UniRef90_V4AAV4	59.33	149	168
UniRef90_A0A0A0V726	52.00	149	154
UniRef90_F7VZ24	54.67	149	152
UniRef90_A0A0F9XPT8	53.33	149	246
UniRef90_UPI000577F317	56.38	149	183
UniRef90_G9P8K4	51.66	149	245
UniRef90_M2N5L4	51.66	149	152
UniRef90_W9SL33	59.18	149	148
UniRef90_B2IX22	68.24	149	149
UniRef90_UPI00054BCA72	58.11	149	169
UniRef90_A0A0B1PAU4	48.34	149	195
UniRef90_A6N9N4	56.00	149	153
UniRef90_A0A0D2PRB8	59.18	149	148
UniRef90_C3YZM6	52.67	149	155
UniRef90_F2U3B0	54.30	149	151
UniRef90_K9UX47	68.92	149	149
UniRef90_D7F616	51.68	149	171
UniRef90_UPI0004CCBC2E	55.56	149	156
UniRef90_G1NU07	59.46	149	169
UniRef90_A0A0A9W7L3	53.33	149	154
UniRef90_G2XGV8	52.67	149	154
UniRef90_K9X8Z6	64.86	149	149
UniRef90_B5XE35	56.38	149	168
UniRef90_UPI00042C0106	54.36	149	170
UniRef90_UPI000333B3D2	58.78	149	169
UniRef90_Q201X7	53.33	149	154
UniRef90_UPI00038BCA29	54.00	149	152
UniRef90_L8M330	63.51	149	149
UniRef90_A0A087XKB5	57.43	149	168
UniRef90_K9T127	66.22	149	149
UniRef90_I3MVN2	58.78	149	169
UniRef90_G0W7F2	58.67	149	152
UniRef90_A0A0C2LHZ3	67.57	149	149
UniRef90_UPI0003F05F63	56.76	149	169
UniRef90_M7BU52	54.36	149	169
UniRef90_T2MHD6	56.29	149	172
UniRef90_UPI0005112035	56.76	149	195
UniRef90_F5L724	60.40	149	149
UniRef90_A0A066VCZ6	53.95	149	169
UniRef90_A0A0J9X6V8	54.30	149	151
UniRef90_UPI0006746930	59.06	149	169
UniRef90_Q6CS60	56.00	149	152
UniRef90_UPI000462907B	55.03	149	235
UniRef90_B5DGC6	57.33	149	152
UniRef90_K8GJE2	66.89	149	149
UniRef90_K6DGY0	61.22	149	148
UniRef90_UPI0003F177DF	54.67	149	171
UniRef90_A9UP95	56.38	149	152
UniRef90_M4ABW4	56.08	149	168
UniRef90_Q75DD1	54.97	149	151
UniRef90_B6K1F9	64.43	149	150
UniRef90_S8ESH9	56.38	149	152
UniRef90_A0A078AEP8	60.40	149	154
UniRef90_UPI000521A8AD	57.43	149	204
UniRef90_L8N573	72.30	149	149
UniRef90_C5DCL3	56.67	149	153
UniRef90_UPI00047827AE	64.19	149	149
UniRef90_D7DVT8	65.54	149	149
UniRef90_UPI0006974729	56.08	149	169
UniRef90_W4RHV3	62.59	149	148
UniRef90_F1LG83	56.38	149	200
UniRef90_W5KKR1	55.70	149	270
UniRef90_W5KKR1	57.27	149	270
UniRef90_UPI0006BA2FA3	56.76	149	198
UniRef90_A6CSG3	62.59	149	148
UniRef90_D3BJU6	77.70	149	154
UniRef90_K9EMM5	63.51	149	149
UniRef90_UPI0003F09038	53.90	149	246
UniRef90_A0A0F8BSN6	58.78	149	220
UniRef90_UPI00032B0656	58.11	149	169
UniRef90_UPI0003FFD313	64.38	149	147
UniRef90_UPI00053B6CED	61.22	149	148
UniRef90_Q96559	58.50	149	148
UniRef90_F9DNS6	63.01	149	148
UniRef90_UPI0003F0D02B	55.33	149	228
UniRef90_UPI0003008D6A	60.54	149	148
UniRef90_F7DRU3	59.06	149	169
UniRef90_C1EIX3	54.00	149	150
UniRef90_H2RP07	52.70	149	149
UniRef90_K9VBB1	65.54	149	149
UniRef90_F5HCH3	53.33	149	152
UniRef90_K9IYQ4	57.43	149	196
UniRef90_UPI000311FA3D	67.57	149	149
UniRef90_F6B4J7	62.84	149	149
UniRef90_Q66KP0	57.05	149	169
UniRef90_UPI00040579C7	63.95	149	148
UniRef90_UPI0006B0F283	57.33	149	172
UniRef90_K9SJP9	64.86	149	149
UniRef90_A0A093GWQ3	55.41	149	152
UniRef90_H2Q705	54.00	149	151
UniRef90_G8ZQD4	56.67	149	152
UniRef90_A0A090IW34	59.18	149	149
UniRef90_K9PKY9	66.89	149	151
UniRef90_G0U9C8	55.63	149	153
UniRef90_A0A0M0J7L5	52.98	149	189
UniRef90_A0A0L9SV74	55.70	149	178
UniRef90_A0A0D0B806	56.38	149	151
UniRef90_UPI0004411C2D	55.03	149	151
UniRef90_W0VPQ5	56.67	149	152
UniRef90_Q677B2	57.82	149	159
UniRef90_Q02254	59.18	149	148
UniRef90_UPI000521CBCA	55.41	149	166
UniRef90_A7TH72	58.67	149	152
UniRef90_UPI0002C3177A	59.18	149	148
UniRef90_H3FJL0	56.00	149	154
UniRef90_UPI0004E43977	68.92	149	149
UniRef90_D4TQE8	65.54	149	163
UniRef90_A0A087U0X0	55.32	149	191
UniRef90_R0FH72	55.03	149	170
UniRef90_K9XXX1	62.84	149	149
UniRef90_B7QLY6	55.33	149	152
UniRef90_D8FUX9	66.89	149	149
UniRef90_UPI000367CFA5	62.59	149	148
UniRef90_A0A0A1MW06	62.59	149	148
UniRef90_UPI00067EA3AE	59.86	149	148
UniRef90_M0SK27	57.43	149	238
UniRef90_J4UHM4	53.02	149	152
UniRef90_H0YZD2	55.41	149	167
UniRef90_K5VVZ3	53.02	149	151
UniRef90_UPI00063C2CE3	55.41	149	181
UniRef90_Q8RVI6	57.14	149	235
UniRef90_UPI00046EC2A7	63.70	149	148
UniRef90_A0A0D6R7Y5	59.86	149	149
UniRef90_M2Y579	58.78	149	152
UniRef90_UPI000349BB73	64.86	149	149
UniRef90_UPI0002F8C8F5	62.41	149	147
UniRef90_J7R9F0	54.30	149	151
UniRef90_D2VTC4	62.25	149	151
UniRef90_A0A067H0F3	57.82	149	148
UniRef90_A0ZD27	66.89	149	149
UniRef90_UPI000289643E	61.22	149	148
UniRef90_K3X7K4	52.00	149	151
UniRef90_P47922	58.50	149	149
UniRef90_A0A0A5FTL1	59.18	149	148
UniRef90_K9U0T3	64.19	149	157
UniRef90_UPI000404D271	65.25	149	147
UniRef90_A0A091IPR3	56.46	149	147
UniRef90_A9TNW2	57.62	149	151
UniRef90_W5A7A0	56.46	149	249
UniRef90_I1HFQ1	56.46	149	232
UniRef90_A0A091FNS0	54.73	149	150
UniRef90_A0A0C2M042	64.86	149	149
UniRef90_UPI00052E7751	56.46	149	148
UniRef90_A0A0D2S011	57.33	149	237
UniRef90_A0A0D6ES12	57.43	149	176
UniRef90_A8J9H8	58.00	149	150
UniRef90_V9LHK9	54.73	149	169
UniRef90_F1DB47	52.03	149	148
UniRef90_UPI0003A63B92	63.27	149	148
UniRef90_K9YI28	63.51	149	149
UniRef90_UPI000225BB8C	61.49	149	149
UniRef90_A0A098TN44	66.22	149	149
UniRef90_D8RHN0	60.40	149	151
UniRef90_A0A067MRI4	52.98	149	150
UniRef90_O81372	59.18	149	148
UniRef90_E9EDB8	47.31	149	264
UniRef90_N0B235	62.59	149	148
UniRef90_L8LNH5	62.84	149	149
UniRef90_UPI00067A8A01	59.86	149	148
UniRef90_M0TQK4	56.46	149	148
UniRef90_K9Z4V8	61.49	149	149
UniRef90_K8YSY3	54.67	149	211
UniRef90_A0A0M2Q1B9	63.51	149	149
UniRef90_Q7SXL4	55.03	149	153
UniRef90_S9XG77	54.97	149	151
UniRef90_UPI00048F3020	59.86	149	148
UniRef90_W4KKE1	54.05	149	151
UniRef90_A0A0L0HQ83	57.33	149	150
UniRef90_U6KIW7	52.67	149	153
UniRef90_M4EPX3	57.14	149	148
UniRef90_A0A067PXR9	55.41	149	151
UniRef90_UPI0004446D5A	57.43	149	156
UniRef90_K9UPP3	67.57	149	149
UniRef90_A0A091N4H2	55.41	149	150
UniRef90_H2M887	56.76	149	168
UniRef90_K7F6H8	53.69	149	172
UniRef90_UPI0002F2AD85	64.86	149	149
UniRef90_A0A0L6W8Y6	57.33	149	151
UniRef90_Q7NMQ5	68.24	149	149
UniRef90_UPI0002ACD248	63.51	149	149
UniRef90_R4WMV4	53.33	149	153
UniRef90_UPI00036A2FB0	61.90	149	148
UniRef90_F4PHK2	79.73	149	161
UniRef90_A0A0M2SV63	61.90	149	148
UniRef90_UPI0006CF3106	57.82	149	148
UniRef90_UPI0002628FB8	58.50	149	148
UniRef90_K9TGG0	63.51	149	149
UniRef90_A0A0C1XB31	66.22	149	149
UniRef90_B1WQB7	64.86	149	149
UniRef90_A0A0M1NC63	63.95	149	148
UniRef90_W6KFM7	54.30	149	151
UniRef90_H1VC56	54.48	149	149
UniRef90_A0A0N5D0P5	56.67	149	153
UniRef90_A0A0M3K9I2	55.70	149	238
UniRef90_UPI000595B4D6	61.90	149	148
UniRef90_UPI0002F51B62	57.14	149	148
UniRef90_P50590	67.57	149	149
UniRef90_A0A0C3FNU1	53.69	149	152
UniRef90_UPI0005F7FC3A	60.54	149	148
UniRef90_UPI0003F75DF5	59.86	149	148
UniRef90_Q5TKF4	55.10	149	239
UniRef90_A0A0N4UB33	51.66	149	152
UniRef90_A0A0C9W0K5	52.35	149	151
UniRef90_A5BVN4	57.33	149	235
UniRef90_UPI000417061F	59.86	149	148
UniRef90_UPI000455E801	60.74	149	153
UniRef90_A0EZX2	56.34	149	142
UniRef90_A0A0A2TFY1	57.14	149	148
UniRef90_X5JJR8	68.92	149	149
UniRef90_G8BRN2	54.30	149	152
UniRef90_A0A0H5QNE0	56.00	149	153
UniRef90_A0A0F8A4Q9	53.69	149	176
UniRef90_D4ZXU1	64.19	149	149
UniRef90_G6FSD2	67.57	149	149
UniRef90_A0A060WHN1	55.70	149	183
UniRef90_A0A087SCB0	63.33	149	217
UniRef90_UPI00045DA87C	58.78	149	169
UniRef90_B8C642	54.61	149	152
UniRef90_A0A0D8ZTY0	64.86	149	149
UniRef90_W1P2H2	61.22	149	148
UniRef90_A0A0D7BJP4	54.05	149	153
UniRef90_U5LBT3	63.70	149	148
UniRef90_A0A0K9NSA0	56.00	149	150
UniRef90_A0A0D2T6R7	57.14	149	191
UniRef90_A0A0N1K0H1	62.33	149	147
UniRef90_M4EFL7	56.46	149	148
