UniRef90_P0A591	100.00	477	478
UniRef90_B2HHL7	90.78	477	478
UniRef90_I0S3G2	89.94	477	478
UniRef90_A1TB29	86.34	477	478
UniRef90_A0A0E8Y7B5	85.44	477	478
UniRef90_A0R079	84.28	477	478
UniRef90_F5YUF5	84.29	477	474
UniRef90_A0A0E4GZG7	83.86	477	478
UniRef90_A0A0F5MXY8	82.18	477	478
UniRef90_D5UXP2	82.70	477	477
UniRef90_F5Z0W7	81.34	477	478
UniRef90_F9VPU5	81.99	477	477
UniRef90_R7WL64	80.38	477	478
UniRef90_D6ZE11	81.13	477	478
UniRef90_F6EEL1	80.30	477	478
UniRef90_UPI0004630CE4	77.68	477	477
UniRef90_E4WIV9	78.27	477	478
UniRef90_L7L7E2	77.64	477	477
UniRef90_E6J9S3	78.69	477	477
UniRef90_Q5YZ78	77.78	477	478
UniRef90_A4FA67	76.84	477	474
UniRef90_A0A076MKF7	76.37	477	474
UniRef90_UPI00035C29A8	77.64	477	478
UniRef90_A0A0K3BG15	76.58	477	474
UniRef90_W5TK60	76.94	477	478
UniRef90_W5VZV7	75.48	477	474
UniRef90_K0JU45	76.42	477	474
UniRef90_UPI000488AE01	75.32	477	474
UniRef90_UPI000491FD2C	75.64	477	472
UniRef90_H5XKF3	75.11	477	474
UniRef90_A0A099D541	74.95	477	474
UniRef90_UPI00037309AF	76.42	477	474
UniRef90_C7MWF7	75.11	477	474
UniRef90_UPI00022E154A	74.47	477	474
UniRef90_UPI0003F508EE	75.42	477	474
UniRef90_UPI000416CF91	73.84	477	474
UniRef90_UPI00037BA6B7	73.47	477	480
UniRef90_UPI00056E4373	74.89	477	480
UniRef90_W7IRV2	74.32	477	475
UniRef90_UPI0004C2BFE5	72.94	477	474
UniRef90_A0A075V4P1	73.63	477	474
UniRef90_UPI000487EDAC	74.15	477	474
UniRef90_C7Q9R7	75.00	477	474
UniRef90_UPI0002D7B217	75.38	477	478
UniRef90_UPI000412E55B	71.61	477	477
UniRef90_UPI00023798BA	71.10	477	474
UniRef90_UPI00059390CD	75.70	477	469
UniRef90_UPI0004769942	72.46	477	477
UniRef90_UPI00031FA31A	73.42	477	478
UniRef90_UPI0004172135	72.57	477	474
UniRef90_A0LTD6	72.63	477	474
UniRef90_UPI00052657AA	71.82	477	474
UniRef90_UPI0003FA7A84	72.78	477	474
UniRef90_A0A076N3L2	73.31	477	474
UniRef90_H6RRZ2	72.42	477	478
UniRef90_F4D0D0	72.88	477	473
UniRef90_UPI0005924CFE	74.47	477	477
UniRef90_E2MX45	72.36	477	478
UniRef90_A1SJ15	71.37	477	474
UniRef90_Q4JWE3	71.37	477	500
UniRef90_A0A010YKT3	71.88	477	473
UniRef90_G8S6L8	71.25	477	474
UniRef90_UPI00066084A3	71.58	477	478
UniRef90_UPI0002193478	70.74	477	478
UniRef90_UPI0003F5F7BC	71.04	477	474
UniRef90_UPI00035E87EB	72.67	477	473
UniRef90_UPI00046CAC0B	70.04	477	474
UniRef90_D2B4R2	72.67	477	474
UniRef90_UPI00040D151A	70.89	477	478
UniRef90_R7XVU6	70.55	477	476
UniRef90_UPI0003677E47	71.46	477	474
UniRef90_C4LI01	70.76	477	478
UniRef90_A0A094PF26	70.53	477	477
UniRef90_UPI000526A314	69.92	477	474
UniRef90_L1ME06	71.31	477	478
UniRef90_UPI000660489F	71.52	477	478
UniRef90_A0A0L0KER9	71.37	477	469
UniRef90_X8AJ18	91.58	477	368
UniRef90_UPI0004C3A3E0	70.43	477	474
UniRef90_UPI00035F8253	71.76	477	469
UniRef90_P15106	71.37	477	469
UniRef90_C8XH98	70.89	477	472
UniRef90_F8DZP8	70.32	477	499
UniRef90_UPI000374AADE	70.55	477	474
UniRef90_A0A0B2B2P8	70.13	477	472
UniRef90_W5XSE2	70.04	477	478
UniRef90_D2PXU4	70.25	477	474
UniRef90_UPI0003F77F60	70.53	477	476
UniRef90_UPI000376B469	70.76	477	478
UniRef90_UPI00040E14D1	70.32	477	472
UniRef90_A0A0B6TUS4	70.11	477	478
UniRef90_UPI0002FB222C	69.49	477	473
UniRef90_UPI0004779DC3	70.34	477	469
UniRef90_UPI000377601E	68.84	477	470
UniRef90_UPI00040E7E3E	69.41	477	478
UniRef90_UPI00035DB32D	69.85	477	478
UniRef90_UPI00037A0662	70.70	477	478
UniRef90_A0A094PZ86	69.05	477	481
UniRef90_B1VHH4	69.89	477	478
UniRef90_A0A0A1DMK5	70.13	477	473
UniRef90_D1A906	70.49	477	474
UniRef90_UPI0004C0F9DF	69.92	477	471
UniRef90_A0A095XZ72	70.68	477	478
UniRef90_UPI0005A6F643	69.68	477	477
UniRef90_M1MZ21	69.41	477	478
UniRef90_A0A0G3H7A1	69.89	477	478
UniRef90_I0L993	69.34	477	474
UniRef90_UPI0003B6B933	69.05	477	473
UniRef90_A0A0F7N078	69.26	477	471
UniRef90_Q8FNP0	70.89	477	477
UniRef90_UPI000378DDDA	70.76	477	474
UniRef90_UPI00047E06CE	68.50	477	474
UniRef90_S2YFA3	68.63	477	469
UniRef90_D7WEH1	69.85	477	478
UniRef90_UPI00048F5D82	68.92	477	473
UniRef90_A0A0M4MMB0	68.35	477	478
UniRef90_UPI000369B49E	67.16	477	474
UniRef90_UPI0002485EA4	69.62	477	478
UniRef90_G0CVM5	69.41	477	478
UniRef90_D3Q8U5	67.93	477	479
UniRef90_UPI0003606459	69.07	477	476
UniRef90_E4NA23	69.28	477	470
UniRef90_F5XSK0	68.63	477	473
UniRef90_G0HE82	69.47	477	523
UniRef90_C3PHK9	69.68	477	477
UniRef90_A0A0G3H182	69.20	477	478
UniRef90_A0A0F6TB32	69.47	477	478
UniRef90_UPI000362CC41	67.93	477	474
UniRef90_UPI0003B65EF2	69.68	477	478
UniRef90_UPI0004086764	69.49	477	474
UniRef90_E2SAR2	68.43	477	473
UniRef90_UPI0007026AB8	68.22	477	474
UniRef90_A0A0F6R2F4	68.57	477	478
UniRef90_A0A0F6TBN4	69.43	477	477
UniRef90_A0A077HJM7	68.64	477	478
UniRef90_A0A075JGZ6	68.21	477	474
UniRef90_UPI000561463E	68.63	477	474
UniRef90_UPI00058B3F58	67.66	477	473
UniRef90_C2GKF9	68.34	477	478
UniRef90_UPI0004C3A736	68.86	477	472
UniRef90_UPI00036DFFCC	68.86	477	474
UniRef90_UPI00036C3BF0	68.86	477	481
UniRef90_UPI00037FB54E	68.01	477	474
UniRef90_UPI000696DE88	69.28	477	474
UniRef90_U7MLY7	68.58	477	478
UniRef90_A0A0C2JCJ5	67.51	477	474
UniRef90_A0A0L6CHB2	67.30	477	474
UniRef90_UPI000654235D	67.37	477	478
UniRef90_A0A0F7FSF4	67.37	477	478
UniRef90_K6W7A6	66.81	477	474
UniRef90_E6SCG0	66.88	477	474
UniRef90_D0WQN7	67.09	477	476
UniRef90_UPI0003452C44	68.78	477	474
UniRef90_UPI00058B4667	66.95	477	476
UniRef90_W6K3L6	66.67	477	474
UniRef90_N0E237	67.72	477	474
UniRef90_E0DG83	67.72	477	477
UniRef90_I6XN06	66.60	477	473
UniRef90_UPI000413C775	67.86	477	475
UniRef90_UPI00036662D6	68.13	477	478
UniRef90_UPI000255E260	66.95	477	474
UniRef90_A6WD66	68.22	477	474
UniRef90_UPI00030960DD	69.07	477	478
UniRef90_C0XV17	68.22	477	478
UniRef90_A0A075TWB2	67.80	477	484
UniRef90_W5Y1Y4	67.37	477	477
UniRef90_UPI0003B6A6A3	67.16	477	474
UniRef90_X4R7Y6	67.58	477	472
UniRef90_S5T3Q2	66.74	477	478
UniRef90_D7B0G9	67.80	477	474
UniRef90_D5P0V9	67.94	477	478
UniRef90_A0A097IHA3	66.88	477	478
UniRef90_U1YS49	66.74	477	474
UniRef90_UPI0006F77031	67.16	477	474
UniRef90_C2CNC6	68.15	477	477
UniRef90_A0A0G3GSL6	68.37	477	477
UniRef90_UPI00041E4918	66.95	477	478
UniRef90_U1R361	66.67	477	474
UniRef90_D5UFY4	67.02	477	474
UniRef90_UPI0003FFAB1C	66.32	477	473
UniRef90_A0A0D6GN21	67.80	477	478
UniRef90_A0A0K1FCG4	66.03	477	474
UniRef90_Q47R91	68.43	477	474
UniRef90_E9US31	66.46	477	473
UniRef90_UPI00036A6229	66.53	477	474
UniRef90_E3JBD4	66.10	477	474
UniRef90_UPI0002EE8A06	65.05	477	474
UniRef90_A3TK39	66.24	477	474
UniRef90_S3XXQ4	65.33	477	474
UniRef90_K6W608	66.88	477	474
UniRef90_A0A021VPZ6	67.51	477	474
UniRef90_D1BFW1	66.32	477	474
UniRef90_A0A0G3HHV2	66.32	477	478
UniRef90_P46033	66.31	477	474
UniRef90_F6FX09	65.68	477	474
UniRef90_UPI0003B3FA2D	66.03	477	474
UniRef90_UPI00035C45AF	66.18	477	479
UniRef90_UPI0003765E5E	66.95	477	477
UniRef90_A0A077LZF5	66.31	477	473
UniRef90_UPI00036B6B17	67.09	477	473
UniRef90_C0WK47	66.74	477	477
UniRef90_U7JL48	65.05	477	473
UniRef90_UPI0006D57795	65.25	477	474
UniRef90_UPI0004205A5D	65.54	477	474
UniRef90_A0A0M2XMF8	64.69	477	478
UniRef90_F8AV39	66.31	477	474
UniRef90_Q8FNM8	64.06	477	481
UniRef90_C5C4Y3	65.40	477	474
UniRef90_Z9JXD8	64.48	477	476
UniRef90_A0A094SI33	66.11	477	476
UniRef90_D1BTS8	65.89	477	474
UniRef90_H5UQ44	64.14	477	474
UniRef90_U3GVY3	66.53	477	478
UniRef90_B1VGD0	66.03	477	485
UniRef90_C7MD19	65.61	477	476
UniRef90_J9DWJ9	66.11	477	476
UniRef90_I7IWI5	66.31	477	508
UniRef90_U2QD90	66.11	477	473
UniRef90_A0A094QM00	64.42	477	509
UniRef90_C7R4W3	63.08	477	474
UniRef90_K1DZU1	66.24	477	539
UniRef90_A0A0A8TDH4	65.12	477	479
UniRef90_C7NIL8	64.14	477	474
UniRef90_A0A095Y142	65.05	477	478
UniRef90_A0A095X8M1	65.47	477	474
UniRef90_UPI00041CCB16	66.88	477	474
UniRef90_UPI0005BA903F	63.98	477	474
UniRef90_UPI000304604A	65.68	477	474
UniRef90_A0A0M4GPB5	64.42	477	474
UniRef90_A0A0A1CUH2	64.69	477	474
UniRef90_F9PGN1	64.21	477	474
UniRef90_X5DNT7	63.42	477	483
UniRef90_G4CYN4	66.81	477	473
UniRef90_UPI00047E4269	64.21	477	474
UniRef90_D4HCJ5	66.60	477	495
UniRef90_UPI0003B4F8CE	64.42	477	474
UniRef90_UPI000248665E	62.61	477	488
UniRef90_UPI000382B9C2	83.15	477	362
UniRef90_UPI00040DE8CC	65.33	477	474
UniRef90_A0A094SGQ4	63.45	477	531
UniRef90_UPI0004BF3509	64.54	477	474
UniRef90_A4ALR8	64.54	477	478
UniRef90_UPI00037179DB	80.43	477	372
UniRef90_E8NEX4	63.79	477	474
UniRef90_F9EH42	63.00	477	474
UniRef90_C0W3V3	64.15	477	474
UniRef90_B0RC01	64.33	477	474
UniRef90_D7BNG5	65.37	477	475
UniRef90_A5CRH9	64.12	477	474
UniRef90_K9AQF0	65.29	477	474
UniRef90_H0QM60	63.37	477	474
UniRef90_UPI0003B74560	63.91	477	474
UniRef90_UPI00047C6492	63.58	477	474
UniRef90_UPI000697174B	63.37	477	477
UniRef90_G9PD87	64.09	477	473
UniRef90_A0A062VMK7	64.97	477	474
UniRef90_K7RM43	64.62	477	473
UniRef90_A0A022LL68	64.12	477	474
UniRef90_UPI000255EDC7	63.91	477	474
UniRef90_UPI0003F544E0	62.63	477	474
UniRef90_A0A0B6TSV9	62.24	477	478
UniRef90_A1R5J2	63.16	477	474
UniRef90_UPI00037E763C	63.06	477	474
UniRef90_S3WZQ3	64.00	477	473
UniRef90_A0A094QKZ8	62.74	477	474
UniRef90_A0A031GTR7	62.45	477	474
UniRef90_A0A0F0KUU9	63.37	477	474
UniRef90_A0A0D7QS71	63.48	477	474
UniRef90_A0A0K9ESP5	63.87	477	476
UniRef90_UPI0002F36344	61.81	477	474
UniRef90_S2W1X2	62.11	477	473
UniRef90_S0EZ41	63.71	477	472
UniRef90_N1UUX3	63.21	477	474
UniRef90_A0A078MNI3	63.21	477	474
UniRef90_N6W4S2	61.15	477	474
UniRef90_UPI00040CD211	63.37	477	474
UniRef90_E1VXA1	62.29	477	474
UniRef90_A0A095WNL7	62.63	477	474
UniRef90_A0A094RRL7	62.42	477	474
UniRef90_I0R0N2	62.53	477	474
UniRef90_Q6AFH0	62.21	477	474
UniRef90_UPI0006F63476	63.48	477	474
UniRef90_UPI000648B857	62.63	477	474
UniRef90_K4IM18	62.32	477	478
UniRef90_U1LM91	62.74	477	474
UniRef90_A0A0D0ITX4	62.95	477	474
UniRef90_UPI00042678C5	62.03	477	476
UniRef90_A0A060JC69	62.95	477	474
UniRef90_U1RA86	61.84	477	477
UniRef90_A7BCG7	61.78	477	474
UniRef90_UPI0003B573D2	62.24	477	474
UniRef90_UPI0003475819	62.32	477	474
UniRef90_A0A094RLD6	63.16	477	474
UniRef90_A0A086Z137	62.11	477	478
UniRef90_K0YWQ3	63.85	477	474
UniRef90_Q8G5D8	62.32	477	478
UniRef90_M7N8C8	61.95	477	474
UniRef90_UPI0004280C95	62.74	477	474
UniRef90_UPI00064843D4	62.11	477	474
UniRef90_UPI00058D2AE9	63.00	477	474
UniRef90_W5IIW8	61.60	477	478
UniRef90_A0A086ZJI5	62.11	477	478
UniRef90_UPI0003F743CB	62.87	477	474
UniRef90_I0AN64	61.65	477	477
UniRef90_A0A087EE74	62.24	477	478
UniRef90_A0A0B9A428	62.08	477	474
UniRef90_UPI00042087E7	62.53	477	474
UniRef90_UPI000421E9E7	60.29	477	471
UniRef90_A0A087E5I9	61.47	477	478
UniRef90_UPI0003B6755A	63.35	477	474
UniRef90_A0A061LU91	61.81	477	474
UniRef90_UPI000255D1B6	61.18	477	474
UniRef90_S5TKZ2	59.70	477	478
UniRef90_C0W1G0	60.59	477	475
UniRef90_K9EJG3	63.12	477	476
UniRef90_A0A087CA68	61.05	477	478
UniRef90_B2GJ91	61.05	477	474
UniRef90_D2RC04	61.84	477	478
UniRef90_W1TS11	60.59	477	473
UniRef90_A0A096AKH9	60.13	477	474
UniRef90_UPI0003B46C15	62.07	477	476
UniRef90_D8EZN8	61.47	477	474
UniRef90_UPI00035DDE8D	59.83	477	478
UniRef90_UPI00055D8F6B	60.00	477	471
UniRef90_UPI0003A4F6DC	61.73	477	474
UniRef90_U2DNN6	60.55	477	482
UniRef90_UPI00041EF274	61.31	477	474
UniRef90_A0A080N2R4	61.05	477	478
UniRef90_M2XUH2	60.42	477	474
UniRef90_U5QFE5	61.05	477	472
UniRef90_A0A0C5FM25	59.28	477	474
UniRef90_C8RVY0	58.95	477	478
UniRef90_M1E712	60.60	477	478
UniRef90_D4YNY4	60.34	477	474
UniRef90_A0A0J1BZ08	60.42	477	474
UniRef90_K9YEX8	58.86	477	474
UniRef90_K9U4S7	58.11	477	473
UniRef90_A0A0D1M995	60.21	477	475
UniRef90_E3H448	60.55	477	474
UniRef90_G6FMJ2	59.07	477	471
UniRef90_UPI000475A2B2	59.92	477	472
UniRef90_Q2JI42	59.62	477	474
UniRef90_C7M2G8	57.47	477	475
UniRef90_K8GR20	59.28	477	472
UniRef90_Q7NLR9	58.95	477	472
UniRef90_UPI0004AA6B75	60.51	477	474
UniRef90_E8N4H3	58.77	477	477
UniRef90_A0A068NF54	60.39	477	474
UniRef90_A0A010Q2D4	61.81	477	474
UniRef90_UPI00036AEBA1	58.23	477	472
UniRef90_D5P138	58.39	477	473
UniRef90_A0A017TAI7	57.81	477	470
UniRef90_I7A414	58.19	477	476
UniRef90_C8W014	58.30	477	476
UniRef90_A9ESE1	57.42	477	470
UniRef90_D7CNP6	57.38	477	478
UniRef90_B9M2Z0	59.49	477	470
UniRef90_D3PEB1	57.93	477	470
UniRef90_UPI0005603711	58.44	477	472
UniRef90_E0RP62	58.74	477	474
UniRef90_A4A2I4	56.96	477	469
UniRef90_S7UZR7	58.23	477	472
UniRef90_A0A0M1JQN5	58.11	477	473
UniRef90_A0A0C1V3V0	58.44	477	472
UniRef90_UPI0003A3C201	57.65	477	474
UniRef90_B0JXC2	57.89	477	473
UniRef90_P33035	57.81	477	471
UniRef90_D1CBY2	58.14	477	471
UniRef90_Q1JYN4	59.07	477	469
UniRef90_A5UXJ4	59.83	477	474
UniRef90_E4TF53	57.81	477	470
UniRef90_K9RF84	57.38	477	471
UniRef90_K9S7V9	58.53	477	473
UniRef90_P00964	57.59	477	474
UniRef90_U5DLF4	57.26	477	474
UniRef90_Q31L83	57.47	477	473
UniRef90_A5D3U8	57.47	477	472
UniRef90_A0A098TP03	58.23	477	472
UniRef90_U9W029	57.68	477	473
UniRef90_K9W6U4	57.89	477	473
UniRef90_Q10XZ7	57.05	477	473
UniRef90_UPI00054F4167	59.12	477	474
UniRef90_A0A0M8K7J8	57.68	477	476
UniRef90_UPI000421B1C8	57.96	477	473
UniRef90_UPI0002FDB9B1	57.68	477	474
UniRef90_K9SIG8	57.47	477	473
UniRef90_A0A0K1Q1G0	57.59	477	471
UniRef90_W4L9A9	57.17	477	470
UniRef90_H5SPL3	58.65	477	471
UniRef90_UPI00034764B7	57.05	477	473
UniRef90_A0A0C2EFF2	58.23	477	469
UniRef90_A0A0F3GIK6	57.17	477	470
UniRef90_Q2RG53	56.42	477	475
UniRef90_K9SUZ5	57.68	477	472
UniRef90_K9XEC8	58.40	477	474
UniRef90_B4VI20	56.84	477	473
UniRef90_K9Z430	57.17	477	473
UniRef90_B1WUC6	57.89	477	473
UniRef90_A0A0B5FSR4	59.07	477	469
UniRef90_B8FDZ0	56.96	477	470
UniRef90_U7QII2	57.26	477	473
UniRef90_F2LV09	58.02	477	470
UniRef90_UPI0004A778A9	57.38	477	469
UniRef90_UPI00046CB0F8	57.08	477	470
UniRef90_B8HSA0	58.23	477	471
UniRef90_D0MIM2	57.45	477	483
UniRef90_UPI0006B5AE7C	56.96	477	470
UniRef90_A0A0B8MZM2	75.07	477	382
UniRef90_B0C7Y2	55.37	477	473
UniRef90_A0A0G3EH69	57.05	477	471
UniRef90_Q2IHF7	58.02	477	474
UniRef90_W0JHU4	56.99	477	470
UniRef90_A0A0F6W2A2	57.14	477	471
UniRef90_UPI0003F9C95F	57.29	477	470
UniRef90_M1WZ23	56.45	477	471
UniRef90_UPI000555549B	56.54	477	491
UniRef90_UPI000371541A	56.63	477	473
UniRef90_X5JP31	57.14	477	462
UniRef90_K9THX5	56.84	477	473
UniRef90_P28605	56.42	477	473
UniRef90_A0A0G2HMJ0	56.75	477	473
UniRef90_A0A0D6AHU0	56.21	477	473
UniRef90_K9YPF1	56.63	477	473
UniRef90_U4QSK4	57.17	477	470
UniRef90_A0A0M4D9W7	58.86	477	469
UniRef90_B3DVA5	56.75	477	503
UniRef90_B8IMB7	57.23	477	475
UniRef90_Q02CY3	56.54	477	469
UniRef90_A0A073CI51	56.42	477	473
UniRef90_A0A0F2QY47	56.33	477	470
UniRef90_B7JYM0	56.63	477	473
UniRef90_UPI00062B5599	56.18	477	475
UniRef90_UPI00030F3F1C	56.14	477	476
UniRef90_C9R9J2	56.54	477	472
UniRef90_L8LPP1	58.23	477	473
UniRef90_UPI000484DDD9	56.75	477	470
UniRef90_D3EQV7	54.95	477	473
UniRef90_B9XJD8	56.54	477	477
UniRef90_D4ZTI7	56.54	477	473
UniRef90_A0A0B6WVM3	57.02	477	474
UniRef90_Q3A4G0	56.12	477	469
UniRef90_P77961	56.21	477	473
UniRef90_K9XSH2	55.79	477	473
UniRef90_K4LG82	55.18	477	471
UniRef90_Q89KR8	56.12	477	476
UniRef90_UPI0003B4D055	55.60	477	470
UniRef90_F8IJD6	55.02	477	473
UniRef90_I4EDQ4	57.36	477	466
UniRef90_UPI00041B12C2	58.44	477	469
UniRef90_UPI00048937C5	56.33	477	470
UniRef90_D6ZH46	56.21	477	510
UniRef90_T0Z7A5	56.12	477	469
UniRef90_A0A0A0DZ98	56.12	477	470
UniRef90_Q0W6E3	56.63	477	480
UniRef90_B8GAV3	57.02	477	473
UniRef90_Q8DIJ7	55.81	477	471
UniRef90_C6HYA0	55.49	477	469
UniRef90_A0A0D8ZX27	55.79	477	473
UniRef90_UPI00035D504E	56.14	477	477
UniRef90_A0A077JGQ0	56.00	477	473
UniRef90_D0YQ59	55.11	477	473
UniRef90_UPI000564DD51	54.74	477	473
UniRef90_UPI000370553F	55.49	477	469
UniRef90_UPI00037C193E	56.96	477	469
UniRef90_UPI000487848B	56.66	477	470
UniRef90_I4C9L4	55.39	477	470
UniRef90_F8E4E8	55.18	477	470
UniRef90_S2LA81	55.30	477	470
UniRef90_J9Z2G1	54.82	477	471
UniRef90_A0A0J6YTB2	56.33	477	470
UniRef90_UPI0004E11384	56.12	477	469
UniRef90_UPI000346131D	55.27	477	473
UniRef90_UPI0002E86142	54.09	477	479
UniRef90_A2C1H1	56.00	477	473
UniRef90_E1YAG3	55.70	477	470
UniRef90_A0A0K1PHT5	56.26	477	479
UniRef90_UPI00036F8852	55.72	477	501
UniRef90_A0A0K2RDG9	65.32	477	442
UniRef90_M1Z8Y3	56.24	477	470
UniRef90_UPI00047D53E9	56.49	477	473
UniRef90_Q0K3K9	54.53	477	491
UniRef90_I0IME3	54.85	477	469
UniRef90_D8PD04	55.84	477	469
UniRef90_A0A068NYW8	55.27	477	468
UniRef90_D1Z1G4	56.62	477	480
UniRef90_L8M859	53.89	477	473
UniRef90_D2QYX4	55.27	477	470
UniRef90_E6W4T4	56.66	477	471
UniRef90_UPI000423CAB0	55.27	477	499
UniRef90_F8ADT4	56.96	477	470
UniRef90_UPI00047FC2E1	56.12	477	481
UniRef90_UPI000567CE14	54.97	477	491
UniRef90_Q7V1F3	55.16	477	473
UniRef90_Q7VBQ4	55.58	477	473
UniRef90_A0A0F9W211	55.39	477	476
UniRef90_A0A0B1XYP2	54.53	477	491
UniRef90_D6U5Z0	58.07	477	477
UniRef90_A2CA76	56.00	477	473
UniRef90_UPI0004747C46	53.68	477	501
UniRef90_C0QJ06	54.14	477	470
UniRef90_W6K3L6	66.39	477	474
UniRef90_N0E237	67.44	477	474
UniRef90_UPI0007026AB8	67.65	477	474
UniRef90_UPI0005A6F643	69.54	477	477
UniRef90_UPI0006F77031	66.60	477	474
UniRef90_A0A075JGZ6	68.07	477	474
UniRef90_D1A906	69.12	477	474
UniRef90_A0A0L6CHB2	67.30	477	474
UniRef90_D5UFY4	67.02	477	474
UniRef90_A0LTD6	72.06	477	474
UniRef90_D2B4R2	72.36	477	474
UniRef90_E6SCG0	66.60	477	474
UniRef90_UPI000561463E	68.07	477	474
UniRef90_K6W7A6	66.81	477	474
UniRef90_UPI0004205A5D	65.54	477	474
UniRef90_A0A076MKF7	76.37	477	474
UniRef90_H5UQ44	64.14	477	474
UniRef90_A0A094PF26	70.38	477	477
UniRef90_A3TK39	65.97	477	474
UniRef90_UPI0005603711	58.44	477	472
UniRef90_D1BFW1	66.18	477	474
UniRef90_I0S3G2	89.94	477	478
UniRef90_A0A021VPZ6	66.81	477	474
UniRef90_A1TB29	86.34	477	478
UniRef90_UPI0004086764	68.49	477	474
UniRef90_UPI000696DE88	68.07	477	474
UniRef90_UPI000362CC41	67.93	477	474
UniRef90_UPI0003F5F7BC	70.46	477	474
UniRef90_UPI00047E06CE	68.35	477	474
UniRef90_UPI00036DFFCC	68.28	477	474
UniRef90_B2HHL7	90.78	477	478
UniRef90_K9U4S7	58.11	477	473
UniRef90_UPI00035C29A8	77.64	477	478
UniRef90_C7Q9R7	74.37	477	474
UniRef90_A0A077LZF5	65.76	477	473
UniRef90_A0A0K1FCG4	65.76	477	474
UniRef90_P0A591	100.00	477	478
UniRef90_C5C4Y3	65.40	477	474
UniRef90_D5UXP2	82.70	477	477
UniRef90_A6WD66	67.65	477	474
UniRef90_UPI000378DDDA	69.75	477	474
UniRef90_S6BUX6	52.01	477	469
UniRef90_F9VPU5	81.65	477	477
UniRef90_C7MWF7	75.11	477	474
UniRef90_K9W6U4	57.35	477	473
UniRef90_A0A0E8Y7B5	85.08	477	478
UniRef90_A4FA67	76.68	477	474
UniRef90_K6W608	66.88	477	474
UniRef90_A0R079	84.45	477	478
UniRef90_UPI00037FB54E	67.72	477	474
UniRef90_D6ZE11	81.13	477	478
UniRef90_UPI000416CF91	73.84	477	474
UniRef90_UPI0003747CB7	52.95	477	469
UniRef90_E6J9S3	78.36	477	477
UniRef90_U1YS49	66.46	477	474
UniRef90_UPI0004630CE4	77.52	477	477
UniRef90_E2MX45	71.91	477	478
UniRef90_K9S7V9	58.11	477	473
UniRef90_G6FMJ2	59.07	477	471
UniRef90_UPI000255E260	66.39	477	474
UniRef90_K9Z430	57.17	477	473
UniRef90_A0A0K3BG15	76.58	477	474
UniRef90_Q47R91	67.86	477	474
UniRef90_Q31L83	57.47	477	473
UniRef90_A0A098TP03	57.81	477	472
UniRef90_UPI0002193478	70.59	477	478
UniRef90_W0TS42	51.48	477	469
UniRef90_A0A099D541	74.37	477	474
UniRef90_UPI000369B49E	67.02	477	474
UniRef90_UPI00056E4373	74.89	477	480
UniRef90_UPI0004C2BFE5	72.78	477	474
UniRef90_H5XKF3	75.11	477	474
UniRef90_F5YUF5	84.29	477	474
UniRef90_UPI0002EE8A06	64.92	477	474
UniRef90_B1WUC6	57.89	477	473
UniRef90_A0A094PZ86	69.05	477	481
UniRef90_E0RP62	58.74	477	474
UniRef90_D1BTS8	65.61	477	474
UniRef90_UPI000374AADE	69.96	477	474
UniRef90_I3BWK2	50.63	477	469
UniRef90_Q4JWE3	71.07	477	500
UniRef90_F6EEL1	79.62	477	478
UniRef90_E4WIV9	78.27	477	478
UniRef90_R7WL64	80.38	477	478
UniRef90_UPI00037BA6B7	73.32	477	480
UniRef90_Q5YZ78	77.78	477	478
UniRef90_A0A0C1V3V0	58.44	477	472
UniRef90_UPI000660489F	71.52	477	478
UniRef90_K9YPF1	56.63	477	473
UniRef90_UPI0003B3FA2D	65.61	477	474
UniRef90_A0A094SGQ4	63.45	477	531
UniRef90_F8DZP8	70.17	477	499
UniRef90_A0A0D6AHU0	56.21	477	473
UniRef90_UPI000421B1C8	57.59	477	473
UniRef90_Q2JI42	59.20	477	474
UniRef90_G8S6L8	71.10	477	474
UniRef90_P28605	56.42	477	473
UniRef90_P15124	51.69	477	469
UniRef90_UPI0003B6B933	68.49	477	473
UniRef90_UPI00036A6229	65.97	477	474
UniRef90_F8AV39	66.03	477	474
UniRef90_F4D0D0	72.27	477	473
UniRef90_B7JYM0	56.63	477	473
UniRef90_W5VZV7	75.32	477	474
UniRef90_UPI000371541A	56.12	477	473
UniRef90_UPI00022E154A	74.47	477	474
UniRef90_K9YEX8	58.23	477	474
UniRef90_D8EZN8	61.47	477	474
UniRef90_A0A010YKT3	71.88	477	473
UniRef90_UPI00058B4667	66.81	477	476
UniRef90_C4LI01	70.46	477	478
UniRef90_K1DZU1	65.95	477	539
UniRef90_P46033	66.17	477	474
UniRef90_UPI00037309AF	76.26	477	474
UniRef90_UPI00048F98CB	52.11	477	469
UniRef90_UPI00022CA8DB	52.11	477	469
UniRef90_E3JBD4	65.19	477	474
UniRef90_K8GR20	58.65	477	472
UniRef90_D3RRI9	50.96	477	467
UniRef90_B9M2Z0	59.49	477	470
UniRef90_G2D9Q8	49.89	477	469
UniRef90_S3XXQ4	64.92	477	474
UniRef90_UPI00035F8253	71.01	477	469
UniRef90_UPI000475A2B2	59.49	477	472
UniRef90_F6FX09	65.40	477	474
UniRef90_W7IRV2	74.16	477	475
UniRef90_UPI00066084A3	71.43	477	478
UniRef90_UPI0003FA7A84	71.85	477	474
UniRef90_D2PXU4	69.54	477	474
UniRef90_A0A094QEM3	51.05	477	469
UniRef90_W4L9A9	57.17	477	470
UniRef90_UPI0003F508EE	74.16	477	474
UniRef90_UPI0003B6A6A3	66.88	477	474
UniRef90_UPI00036AEBA1	57.81	477	472
UniRef90_UPI0003677E47	70.89	477	474
UniRef90_A0A0M1JQN5	58.11	477	473
UniRef90_UPI00052657AA	71.52	477	474
UniRef90_UPI00046CAC0B	69.75	477	474
UniRef90_F5XSK0	68.49	477	473
UniRef90_A0A0B2B2P8	70.13	477	472
UniRef90_UPI00037D1ECC	50.63	477	469
UniRef90_K9RF84	57.38	477	471
UniRef90_A0A0F5MXY8	82.18	477	478
UniRef90_UPI000382B8DC	51.59	477	468
UniRef90_H6RRZ2	72.21	477	478
UniRef90_UPI000488AE01	75.32	477	474
UniRef90_UPI0003F77F60	70.53	477	476
UniRef90_UPI0003452C44	68.49	477	474
UniRef90_A0A0C5VUD4	52.33	477	468
UniRef90_D7B0G9	67.23	477	474
UniRef90_A0A0A7S5E8	51.48	477	469
UniRef90_UPI000526A314	69.20	477	474
UniRef90_UPI000406C6A6	51.90	477	469
UniRef90_A0A094QKZ8	62.61	477	474
UniRef90_L7L7E2	77.64	477	477
UniRef90_C4L9V9	51.27	477	469
UniRef90_I1XIA6	51.27	477	469
UniRef90_A0A0F3IF39	50.42	477	469
UniRef90_A1SJ15	71.22	477	474
UniRef90_C8W014	58.05	477	476
UniRef90_K0JU45	76.26	477	474
UniRef90_F5Z0W7	81.34	477	478
UniRef90_U1LM91	62.61	477	474
UniRef90_A5D3U8	57.47	477	472
UniRef90_A0A0F7K1P3	50.53	477	468
UniRef90_P77961	56.21	477	473
UniRef90_UPI0006D57795	64.98	477	474
UniRef90_UPI0004C0F9DF	69.62	477	471
UniRef90_UPI0004779DC3	70.04	477	469
UniRef90_UPI000393EC6E	51.05	477	469
UniRef90_D4ZTI7	56.12	477	473
UniRef90_W6MEA9	52.32	477	469
UniRef90_UPI000377601E	68.34	477	470
UniRef90_B1VHH4	69.75	477	478
UniRef90_I0R0N2	62.39	477	474
UniRef90_Z9JXD8	64.08	477	476
UniRef90_UPI0003606459	68.63	477	476
UniRef90_D3PEB1	57.93	477	470
UniRef90_A0A0A1DMK5	69.83	477	473
UniRef90_A0A0D8CM12	52.54	477	468
UniRef90_A0A094RRL7	62.03	477	474
UniRef90_UPI00036CAE59	51.05	477	469
UniRef90_C5BJ19	51.27	477	468
UniRef90_W8KTW4	49.37	477	469
UniRef90_C7MD19	65.61	477	476
UniRef90_P33035	57.81	477	471
UniRef90_A0A0B6TUS4	69.96	477	478
UniRef90_A0A0A1CUH2	64.29	477	474
UniRef90_B0JXC2	57.26	477	473
UniRef90_UPI0004056E4C	51.05	477	469
UniRef90_UPI0003B4F8CE	64.29	477	474
UniRef90_UPI0002FDB9B1	57.05	477	474
UniRef90_K9SIG8	57.05	477	473
UniRef90_Q2IHF7	57.59	477	474
UniRef90_I0AN64	61.65	477	477
UniRef90_D6CT65	51.79	477	471
UniRef90_Q2RG53	56.42	477	475
UniRef90_A0A077JGQ0	56.00	477	473
UniRef90_R8ALM8	52.11	477	469
UniRef90_V3T3P0	51.90	477	469
UniRef90_P15106	71.01	477	469
UniRef90_UPI0004BC0F88	51.48	477	469
UniRef90_UPI00040E7E3E	69.41	477	478
UniRef90_A0A022LL68	64.12	477	474
UniRef90_UPI0004769942	72.15	477	477
UniRef90_E4TF53	57.81	477	470
UniRef90_D1P0Q8	50.74	477	469
UniRef90_A0A0G3H7A1	69.75	477	478
UniRef90_F7RY20	50.84	477	469
UniRef90_UPI0006F63476	63.48	477	474
UniRef90_D7WEH1	69.70	477	478
UniRef90_Q9KNJ2	51.90	477	469
UniRef90_B0RC01	63.66	477	474
UniRef90_A0A0G3CJ70	51.05	477	469
UniRef90_UPI00048F5D82	68.35	477	473
UniRef90_UPI00041CD281	51.48	477	471
UniRef90_G0A1T1	50.63	477	469
UniRef90_UPI0004C3A736	67.86	477	472
UniRef90_R7XVU6	70.25	477	476
UniRef90_E1SW05	51.48	477	469
UniRef90_I8TDR3	53.59	477	470
UniRef90_W5TK60	76.94	477	478
UniRef90_B4VI20	56.21	477	473
UniRef90_U7QII2	56.84	477	473
UniRef90_UPI000491FD2C	75.00	477	472
UniRef90_UPI000412E55B	71.31	477	477
UniRef90_A0A0N1BC78	50.74	477	470
UniRef90_Q8DIJ7	55.81	477	471
UniRef90_H0QM60	63.24	477	474
UniRef90_P00964	57.59	477	474
UniRef90_UPI00047E4269	64.08	477	474
UniRef90_A0A095XZ72	70.68	477	478
UniRef90_UPI0004172135	72.57	477	474
UniRef90_UPI00035DB32D	69.12	477	478
UniRef90_UPI000255EDC7	63.50	477	474
UniRef90_A5CRH9	63.45	477	474
UniRef90_Q7NLR9	58.95	477	472
UniRef90_A0A075V4P1	73.63	477	474
UniRef90_UPI00040D151A	70.89	477	478
UniRef90_C8XH98	70.59	477	472
UniRef90_W5XSE2	70.04	477	478
UniRef90_Q10XZ7	56.42	477	473
UniRef90_B0C7Y2	55.37	477	473
UniRef90_A0A0F9Q063	51.69	477	469
UniRef90_M1MZ21	69.12	477	478
UniRef90_A0A0F5JY81	51.58	477	471
UniRef90_F9UCC5	52.02	477	467
UniRef90_A0A0F7N078	68.55	477	471
UniRef90_V5C3M4	50.21	477	469
UniRef90_P0A9C7	51.27	477	469
UniRef90_UPI000648B857	62.63	477	474
UniRef90_UPI0004C3A3E0	69.83	477	474
UniRef90_UPI0004BF3509	64.54	477	474
UniRef90_UPI0004A75A55	52.01	477	469
UniRef90_UPI00041AB909	50.21	477	468
UniRef90_UPI000376B469	70.76	477	478
UniRef90_D3Q8U5	67.93	477	479
UniRef90_UPI0003B74560	63.91	477	474
UniRef90_UPI00023798BA	70.68	477	474
UniRef90_K9XEC8	57.77	477	474
UniRef90_Q8FNP0	70.89	477	477
UniRef90_D3SFC8	51.05	477	469
UniRef90_K9THX5	56.30	477	473
UniRef90_H8GGQ7	50.21	477	469
UniRef90_Q2SXH4	52.21	477	471
UniRef90_A0A0C2JCJ5	67.23	477	474
UniRef90_UPI00037B3AC1	50.11	477	471
UniRef90_I0L993	68.57	477	474
UniRef90_D3VEX4	51.05	477	469
UniRef90_Q1N2H5	51.06	477	468
UniRef90_D0WQN7	66.81	477	476
UniRef90_UPI00048454ED	51.16	477	468
UniRef90_UPI00040E14D1	69.75	477	472
UniRef90_UPI0003FDC2F3	49.79	477	469
UniRef90_UPI000373099B	50.96	477	469
UniRef90_K2JEI0	50.21	477	469
UniRef90_W0E8C1	50.96	477	468
UniRef90_A0A0B5FSR4	59.07	477	469
UniRef90_A0A0C2EFF2	58.23	477	469
UniRef90_A0A0L0KER9	71.16	477	469
UniRef90_UPI00035D455C	50.74	477	471
UniRef90_S6AAT3	49.47	477	469
UniRef90_A0A0M4MMB0	68.35	477	478
UniRef90_UPI00055E3776	49.90	477	468
UniRef90_Q7N9S6	51.27	477	469
UniRef90_U5QFE5	61.05	477	472
UniRef90_UPI00037B0C9A	51.48	477	469
UniRef90_A0A073CI51	55.79	477	473
UniRef90_D4HU55	50.63	477	469
UniRef90_A0A099KBZ2	51.48	477	468
UniRef90_UPI0003610862	50.74	477	467
UniRef90_C7R4W3	63.08	477	474
UniRef90_UPI000346131D	55.27	477	473
UniRef90_B8GR73	49.79	477	469
UniRef90_A0A0B0H8N8	48.52	477	469
UniRef90_U1R361	66.39	477	474
UniRef90_A0A0E4GZG7	83.86	477	478
UniRef90_G0CVM5	69.12	477	478
UniRef90_A0A0F2QY47	56.33	477	470
UniRef90_S0EZ41	63.71	477	472
UniRef90_A0A0F3GIK6	57.17	477	470
UniRef90_E5ASD5	50.95	477	515
UniRef90_A0A023RRK2	50.63	477	469
UniRef90_UPI0003FFAB1C	66.18	477	473
UniRef90_E3BIW0	50.21	477	469
UniRef90_U9W029	57.68	477	473
UniRef90_A0A031GTR7	62.24	477	474
UniRef90_UPI00058B3F58	67.09	477	473
UniRef90_UPI00046CB0F8	57.08	477	470
UniRef90_H8YZG7	51.49	477	468
UniRef90_B8FDZ0	56.96	477	470
UniRef90_A0A0G3H182	69.20	477	478
UniRef90_G8QJM5	51.05	477	470
UniRef90_A1R5J2	63.03	477	474
UniRef90_C2GKF9	68.34	477	478
UniRef90_A0A0F6TB32	69.33	477	478
UniRef90_UPI0003A3C201	57.65	477	474
UniRef90_UPI0003467F14	50.11	477	471
UniRef90_A0A094SI33	65.97	477	476
UniRef90_W8GCP2	52.75	477	468
UniRef90_G0HE82	69.33	477	523
UniRef90_F2G2M6	50.00	477	469
UniRef90_A0A0G3EH69	57.05	477	471
UniRef90_N1UUX3	62.82	477	474
UniRef90_A0A078MNI3	62.18	477	474
UniRef90_D5CQC7	50.53	477	471
UniRef90_F8GE25	51.17	477	469
UniRef90_K9XSH2	55.16	477	473
UniRef90_A0A060JC69	62.39	477	474
UniRef90_R9PPR5	52.65	477	468
UniRef90_U5DLF4	56.54	477	474
UniRef90_UPI0006CE6839	50.63	477	470
UniRef90_UPI0004DED8EE	49.58	477	469
UniRef90_UPI00040DE8CC	65.33	477	474
UniRef90_UPI00040C16C6	51.27	477	471
UniRef90_I4C9L4	55.39	477	470
UniRef90_E4NA23	68.99	477	470
UniRef90_G4T2S0	49.37	477	469
UniRef90_A0A0E2ZJK0	50.85	477	469
UniRef90_L1ME06	71.01	477	478
UniRef90_A0A0K1PHT5	55.60	477	479
UniRef90_UPI00034764B7	56.63	477	473
UniRef90_F2LV09	58.02	477	470
UniRef90_Q2SN56	53.60	477	468
UniRef90_Q1JYN4	59.07	477	469
UniRef90_J9DWJ9	65.97	477	476
UniRef90_A0A075TWB2	67.51	477	484
UniRef90_UPI00054F4167	59.24	477	474
UniRef90_UPI000486231F	50.32	477	469
UniRef90_C0N420	52.32	477	469
UniRef90_Q3A4G0	56.12	477	469
UniRef90_UPI00040A49A8	50.21	477	471
UniRef90_U7MLY7	67.71	477	478
UniRef90_L0GZZ3	50.32	477	468
UniRef90_UPI0003B6F8AB	49.16	477	469
UniRef90_UPI00037AB0D9	51.69	477	469
UniRef90_H3NWX7	49.58	477	468
UniRef90_A0A0F0KUU9	63.24	477	474
UniRef90_A0A0D7QS71	63.48	477	474
UniRef90_E3HHW7	49.58	477	470
UniRef90_A0A017TAI7	57.81	477	470
UniRef90_A0A095X8M1	65.47	477	474
UniRef90_UPI00042087E7	62.39	477	474
UniRef90_A4A2I4	57.38	477	469
UniRef90_I6XN06	65.89	477	473
UniRef90_A0A094NVZ7	50.32	477	468
UniRef90_UPI0005A4FFC1	49.58	477	469
UniRef90_W5Y1Y4	67.37	477	477
UniRef90_C6XAV9	52.02	477	469
UniRef90_A0A0F6R2F4	68.57	477	478
UniRef90_A0A0B5FHW6	50.95	477	471
UniRef90_I0QN07	52.11	477	469
UniRef90_A0A0A6PC31	50.63	477	469
UniRef90_Q21NG3	48.73	477	468
UniRef90_A4ALR8	64.14	477	478
UniRef90_I7A414	58.19	477	476
UniRef90_A5UXJ4	59.83	477	474
UniRef90_A0A0M3ELY3	51.69	477	469
UniRef90_A0A011Q173	50.21	477	471
UniRef90_A0A062VMK7	64.54	477	474
UniRef90_UPI000697174B	63.37	477	477
UniRef90_UPI00048C0401	51.48	477	469
UniRef90_UPI00047F1D4C	50.42	477	468
UniRef90_UPI0004168BEC	49.89	477	469
UniRef90_UPI00037A0662	69.96	477	478
UniRef90_F5R7H5	50.21	477	470
UniRef90_A9ESE1	57.17	477	470
UniRef90_G4E7K6	49.58	477	470
UniRef90_UPI000413C775	67.44	477	475
UniRef90_UPI00035EAA01	50.64	477	468
UniRef90_A0A0F7FSF4	67.02	477	478
UniRef90_F8E4E8	55.18	477	470
UniRef90_A0A098U8X8	50.63	477	471
UniRef90_B8HSA0	57.17	477	471
UniRef90_UPI0000E0E60E	49.37	477	469
UniRef90_A0A0E9M8B2	50.53	477	471
UniRef90_M2XUH2	60.29	477	474
UniRef90_UPI00057017EB	52.00	477	471
UniRef90_UPI00036662D6	68.13	477	478
UniRef90_A0A094QM00	64.29	477	509
UniRef90_C3PHK9	69.39	477	477
UniRef90_E0DG83	67.72	477	477
UniRef90_A0A099KG34	53.81	477	468
UniRef90_UPI000654235D	67.37	477	478
UniRef90_W0HYV5	50.63	477	472
UniRef90_Q8E976	51.48	477	469
UniRef90_E8NEX4	63.66	477	474
UniRef90_A0Z8E9	48.73	477	468
UniRef90_UPI000406E63C	50.42	477	468
UniRef90_Q0ACR5	50.32	477	471
UniRef90_A0A0F2P6S5	50.85	477	468
UniRef90_A0A0N0GPY3	50.21	477	469
UniRef90_A4SYA5	50.95	477	471
UniRef90_C7R8D2	49.58	477	469
UniRef90_A1WWD0	49.26	477	471
UniRef90_A0A0K1Q1G0	57.59	477	471
UniRef90_UPI000487EDAC	73.21	477	474
UniRef90_UPI00031FA31A	73.42	477	478
UniRef90_UPI0002FB222C	69.20	477	473
UniRef90_Q6LLR5	50.21	477	469
UniRef90_K9SUZ5	57.47	477	472
UniRef90_A4BTX0	50.11	477	471
UniRef90_UPI00064843D4	61.97	477	474
UniRef90_UPI000564DD51	54.74	477	473
UniRef90_E1VXA1	62.03	477	474
UniRef90_B2GJ91	60.92	477	474
UniRef90_E8N4H3	58.77	477	477
UniRef90_C3X7N5	49.89	477	471
UniRef90_X4R7Y6	67.02	477	472
UniRef90_F2JUC0	49.90	477	468
UniRef90_A0A077HJM7	68.64	477	478
UniRef90_A0A0J6YTB2	56.33	477	470
UniRef90_UPI00056C16FD	52.32	477	469
UniRef90_W0JHU4	56.75	477	470
UniRef90_D7CNP6	57.38	477	478
UniRef90_A6GQ86	50.42	477	470
UniRef90_UPI00047C6492	63.45	477	474
UniRef90_UPI0002485EA4	69.62	477	478
UniRef90_I1DT60	51.27	477	469
UniRef90_B8KUP1	50.00	477	468
UniRef90_L8M859	53.89	477	473
UniRef90_K2KDX5	49.16	477	469
UniRef90_UPI00046E891E	51.48	477	470
UniRef90_UPI0003B4544C	49.16	477	472
UniRef90_F9PGN1	64.08	477	474
UniRef90_D2UGQ9	51.91	477	469
UniRef90_A4G3P4	50.84	477	469
UniRef90_Q6AFH0	61.55	477	474
UniRef90_T1X8N4	50.11	477	471
UniRef90_A0A081NLQ3	50.75	477	467
UniRef90_A0A095VQZ8	49.58	477	500
UniRef90_E1YAG3	55.70	477	470
UniRef90_UPI00040CD211	62.82	477	474
UniRef90_F3L2E5	49.15	477	468
UniRef90_K0C2Y0	50.42	477	469
UniRef90_A0A0C2JUT4	49.58	477	469
UniRef90_A0A0A1PK98	52.53	477	469
UniRef90_UPI000484DDD9	56.75	477	470
UniRef90_UPI0003B65EF2	69.39	477	478
UniRef90_H5WHP7	50.32	477	471
UniRef90_E9US31	66.18	477	473
UniRef90_A0A060A056	49.79	477	471
UniRef90_A0A0F4R7G8	48.64	477	468
UniRef90_A0A0B7IWU1	51.38	477	469
UniRef90_UPI00058D2AE9	63.00	477	474
UniRef90_UPI000410B89F	51.15	477	474
UniRef90_UPI00036C3BF0	68.28	477	481
UniRef90_I3CD29	50.85	477	469
UniRef90_Q1GYH5	50.96	477	469
UniRef90_UPI00048937C5	56.33	477	470
UniRef90_UPI000424AB7A	49.89	477	469
UniRef90_UPI00040399B6	51.27	477	468
UniRef90_D0KWS5	49.16	477	469
UniRef90_A0A0A8BXQ9	50.11	477	471
UniRef90_A0A0D8ZX27	55.37	477	473
UniRef90_UPI0002D7B217	74.05	477	478
UniRef90_R4YQ79	50.11	477	468
UniRef90_A0A0M8K7J8	57.56	477	476
UniRef90_H8W4T7	51.60	477	467
UniRef90_UPI00061D23E1	50.32	477	469
UniRef90_UPI0004A778A9	57.38	477	469
UniRef90_UPI000421270B	49.58	477	468
UniRef90_UPI00037E763C	62.24	477	474
UniRef90_L0E1U8	50.21	477	469
UniRef90_Q46ZL2	50.53	477	471
UniRef90_UPI0006B5AE7C	56.96	477	470
UniRef90_E1V4W0	49.79	477	468
UniRef90_A0A090IEJ6	50.21	477	469
UniRef90_A0A0F6TBN4	68.55	477	477
UniRef90_W1RUS9	48.85	477	468
UniRef90_A0A061LU91	61.81	477	474
UniRef90_F2IXY1	52.53	477	469
UniRef90_A0A0A3B6K7	52.55	477	473
UniRef90_D3EQV7	54.95	477	473
UniRef90_UPI0003B41F48	51.27	477	469
UniRef90_A0A097IHA3	66.18	477	478
UniRef90_Q3SG00	51.80	477	469
UniRef90_A0A086MI43	52.00	477	469
UniRef90_A0A0D6EWP5	51.59	477	469
UniRef90_B9XJD8	56.54	477	477
