UniRef90_P23254	100.00	678	680
UniRef90_G0W4C3	83.92	678	680
UniRef90_G0V883	84.81	678	680
UniRef90_H2AYT8	83.01	678	679
UniRef90_G8ZSB1	80.83	678	680
UniRef90_Q6FWC3	80.35	678	679
UniRef90_I2H7T3	79.94	678	682
UniRef90_C5DLC4	78.73	678	680
UniRef90_A0A090C5M9	78.02	678	679
UniRef90_Q12630	77.58	678	679
UniRef90_Q75BD2	76.70	678	680
UniRef90_G8JS19	76.81	678	680
UniRef90_A0A0C7N865	76.11	678	680
UniRef90_A7TQ44	75.99	678	680
UniRef90_J7S2W6	77.70	678	679
UniRef90_H2AU60	75.95	678	693
UniRef90_J7S394	74.56	678	690
UniRef90_G8BNE8	74.82	678	680
UniRef90_A7THI2	73.82	678	682
UniRef90_G0VJU0	71.98	678	680
UniRef90_K0KVD3	73.08	678	683
UniRef90_G0W564	71.72	678	684
UniRef90_P33315	71.43	678	681
UniRef90_A0A0F4XCT5	72.57	678	682
UniRef90_A0A061ANM2	71.41	678	680
UniRef90_C5DUG8	71.87	678	691
UniRef90_C4XW47	71.24	678	676
UniRef90_W6MQW1	71.66	678	685
UniRef90_G3AW89	69.58	678	676
UniRef90_W0VFE2	69.91	678	682
UniRef90_Q6BMN3	68.53	678	678
UniRef90_W1QE20	68.89	678	676
UniRef90_P34736	69.03	678	677
UniRef90_A5DDD1	67.85	678	677
UniRef90_A0A0L0NW87	68.14	678	676
UniRef90_I2K2H5	68.35	678	684
UniRef90_G8YDI4	67.01	678	678
UniRef90_G3ATG1	68.89	678	679
UniRef90_G8C0M6	65.84	678	688
UniRef90_C5MAT0	67.56	678	677
UniRef90_F2QN99	68.69	678	679
UniRef90_G0RDR6	67.40	678	685
UniRef90_M3JCB9	66.57	678	678
UniRef90_O94039	66.07	678	677
UniRef90_A0A099NY46	65.29	678	668
UniRef90_A0A0B7K6U3	66.81	678	685
UniRef90_C7YR58	66.67	678	685
UniRef90_G2QRH9	66.37	678	685
UniRef90_A0A084QEL1	65.93	678	682
UniRef90_G2Q7V1	66.03	678	684
UniRef90_A5DSN8	65.98	678	685
UniRef90_A0A0G2FFP7	65.59	678	684
UniRef90_A0A0F8BN01	65.68	678	683
UniRef90_U7Q3J0	65.93	678	685
UniRef90_A0A0J9XLB1	65.19	678	678
UniRef90_A0A060TFF3	64.45	678	678
UniRef90_Q6C6T4	64.12	678	694
UniRef90_W3X746	66.18	678	693
UniRef90_M1W0H9	65.49	678	684
UniRef90_G3J3L5	64.85	678	685
UniRef90_T5ADP8	64.76	678	685
UniRef90_A0A084FUM6	65.20	678	689
UniRef90_A0A016PMX8	66.08	678	685
UniRef90_B2B4Y7	65.00	678	684
UniRef90_W7HW93	64.41	678	684
UniRef90_A0A086T7B3	65.20	678	682
UniRef90_A0A010S2M6	66.08	678	682
UniRef90_A0A0A1TMN4	63.82	678	684
UniRef90_F0XLR6	66.08	678	685
UniRef90_S7Z9A8	63.62	678	683
UniRef90_M7SMQ6	65.20	678	685
UniRef90_A0A0F7SRS6	64.61	678	686
UniRef90_F5HDV2	64.32	678	686
UniRef90_H8WXR6	64.06	678	681
UniRef90_A0A074XHF1	63.73	678	685
UniRef90_G2WRR8	65.05	678	685
UniRef90_J3NY81	64.57	678	687
UniRef90_H1UZC5	65.20	678	679
UniRef90_U4L5M4	65.05	678	685
UniRef90_C1H100	63.53	678	685
UniRef90_A0A0F4Z7B4	64.80	678	683
UniRef90_G1XNS8	64.85	678	684
UniRef90_K1WHT3	63.58	678	685
UniRef90_Q2HAV3	65.28	678	684
UniRef90_A7EY31	62.50	678	699
UniRef90_A0A0M8MX83	62.99	678	693
UniRef90_H6C6M4	63.38	678	684
UniRef90_A0A0D2ALT0	66.32	678	683
UniRef90_C0NI02	62.65	678	685
UniRef90_B6H5B6	62.94	678	684
UniRef90_B8M240	63.38	678	684
UniRef90_M7XNL9	63.46	678	687
UniRef90_Q0D0I2	62.65	678	684
UniRef90_A0A0D2A445	63.24	678	684
UniRef90_B6K5F9	63.20	678	684
UniRef90_Q4WSA0	62.50	678	684
UniRef90_B8N4T2	62.50	678	684
UniRef90_C6H5W8	62.65	678	866
UniRef90_A0A0C3HTD0	63.73	678	685
UniRef90_G3BBY9	61.62	678	690
UniRef90_A0A074RQM3	63.66	678	684
UniRef90_A0A0B7FQ63	64.11	678	700
UniRef90_M2NJQ5	62.41	678	685
UniRef90_R4XCT5	63.24	678	693
UniRef90_N1Q2D0	62.70	678	685
UniRef90_V5FSY0	62.94	678	684
UniRef90_S7ZZJ4	63.82	678	684
UniRef90_F5HA16	62.32	678	687
UniRef90_U1I481	62.79	678	684
UniRef90_A0A094DLP3	62.26	678	685
UniRef90_R7Z6U5	63.07	678	685
UniRef90_A0A0F4YHU3	61.63	678	692
UniRef90_C4JPT6	61.62	678	684
UniRef90_X0CDK9	62.11	678	683
UniRef90_C8VRQ4	61.47	678	684
UniRef90_A0A017S5M7	61.03	678	684
UniRef90_A0A0G2GCT6	63.18	678	683
UniRef90_R1EAC0	62.56	678	685
UniRef90_R8BNY0	66.77	678	633
UniRef90_A2QRM6	61.62	678	684
UniRef90_A0A0B1P7J7	61.97	678	685
UniRef90_U5HEU0	62.37	678	691
UniRef90_B2W6L9	62.72	678	684
UniRef90_Q9URM2	61.58	678	685
UniRef90_W2RZU6	62.59	678	683
UniRef90_UPI000440ADD7	61.74	678	686
UniRef90_UPI0004414AF8	61.60	678	684
UniRef90_F9WWE1	62.26	678	685
UniRef90_A0A0D2FKC8	61.76	678	684
UniRef90_S9XCN7	60.70	678	682
UniRef90_A0A0D7BIV6	61.65	678	682
UniRef90_A0A0F7RSE6	61.96	678	687
UniRef90_F2Q5A4	60.88	678	684
UniRef90_A0A023W2S8	60.44	678	696
UniRef90_F9FIG7	63.62	678	663
UniRef90_A0A0D2MTW4	61.30	678	686
UniRef90_A0A0C9TV00	61.15	678	683
UniRef90_K5XHP7	61.12	678	685
UniRef90_A0A0D0CUV4	61.74	678	685
UniRef90_A0A0J0XPS4	62.17	678	687
UniRef90_B0D3G7	60.83	678	680
UniRef90_K5UZV4	61.06	678	684
UniRef90_A0A061H9Q5	61.83	678	688
UniRef90_UPI00044173BB	60.56	678	684
UniRef90_Q0UDT1	58.60	678	731
UniRef90_J5SZ08	61.82	678	682
UniRef90_A0A0L0HLC9	61.77	678	676
UniRef90_G4TG47	60.47	678	683
UniRef90_A0A0D6EK16	59.60	678	701
UniRef90_M2QNK8	61.00	678	684
UniRef90_A0A067P305	60.27	678	685
UniRef90_A0A0L6W7K0	60.50	678	686
UniRef90_D8PWF8	60.89	678	680
UniRef90_UPI0004621FAC	59.82	678	692
UniRef90_A1DPI2	59.62	678	685
UniRef90_A0A067STX0	59.82	678	686
UniRef90_A0A068S0N7	62.35	678	679
UniRef90_A8NGZ8	61.09	678	686
UniRef90_A0A0D0BIP7	60.09	678	684
UniRef90_I1CIS6	61.60	678	678
UniRef90_A0A067MRU1	61.11	678	686
UniRef90_A0A0C3NLT3	60.71	678	684
UniRef90_A0A0D0AGV1	61.30	678	685
UniRef90_J4G8A5	60.41	678	684
UniRef90_W4KIK5	60.56	678	686
UniRef90_A0A0C3B3V3	59.06	678	684
UniRef90_A0A0C3DXN3	60.27	678	682
UniRef90_A0A0F8UZ66	59.14	678	653
UniRef90_R7S914	60.21	678	687
UniRef90_G7DV49	59.97	678	722
UniRef90_A0A0C3CJH7	60.41	678	686
UniRef90_A0A067Q7L8	59.68	678	686
UniRef90_A0A0M8MS74	59.47	678	685
UniRef90_A0A0F8U1L3	59.00	678	657
UniRef90_S8EL82	59.59	678	684
UniRef90_N1JHD2	62.24	678	1242
UniRef90_N1JHD2	63.39	678	1242
UniRef90_A0A015IR88	58.62	678	678
UniRef90_A0A0L0RZ11	59.73	678	748
UniRef90_F8Q5X4	59.23	678	682
UniRef90_I7BG75	59.88	678	668
UniRef90_A0A0B7NIT9	61.60	678	678
UniRef90_A0A0L1HN93	61.38	678	1570
UniRef90_A0A068RWM0	58.89	678	680
UniRef90_M7NM72	58.16	678	681
UniRef90_A0A0A1NSV8	59.46	678	678
UniRef90_A0A0D0E3A8	57.75	678	691
UniRef90_W9Y4B1	59.77	678	698
UniRef90_UPI000455E6AB	57.75	678	684
UniRef90_F4P3U6	58.92	678	680
UniRef90_I1BXP2	58.58	678	678
UniRef90_A8PWG5	59.16	678	688
UniRef90_W3XK57	59.61	678	686
UniRef90_M5E6R4	60.12	678	652
UniRef90_F0VYZ7	57.27	678	696
UniRef90_A0A0B7N9A4	60.54	678	636
UniRef90_L0PF66	56.05	678	680
UniRef90_F2U283	56.29	678	683
UniRef90_A9UUK8	56.41	678	684
UniRef90_A0A0D2WT98	57.40	678	693
UniRef90_A0A068RV98	56.46	678	679
UniRef90_D0MU04	55.49	678	696
UniRef90_A0A0C3ASL1	58.25	678	640
UniRef90_H3G8E5	55.62	678	695
UniRef90_A0A0L0FUS3	54.57	678	689
UniRef90_A0A0L0RWL0	54.34	678	693
UniRef90_A0A0D6ENT8	53.55	678	682
UniRef90_A0A060SR96	60.34	678	605
UniRef90_F0WFB2	53.56	678	688
UniRef90_A0A024GTP7	53.34	678	688
UniRef90_M4BD13	56.94	678	652
UniRef90_A0A094J379	55.34	678	633
UniRef90_W7TM64	54.90	678	723
UniRef90_A0A0M0K0G1	53.20	678	741
UniRef90_V5V574	55.87	678	664
UniRef90_A0A0C3QXD3	58.40	678	629
UniRef90_A0A0C1UMT9	54.52	678	666
UniRef90_D4TMF5	55.11	678	698
UniRef90_UPI0002AC1D6C	55.09	678	668
UniRef90_UPI0005690ADE	54.63	678	670
UniRef90_L8HL41	51.63	678	705
UniRef90_Q31QU9	55.92	678	668
UniRef90_B7G5R3	52.91	678	684
UniRef90_G6FT72	54.71	678	670
UniRef90_A0A075APK8	52.16	678	680
UniRef90_F4XSE9	54.37	678	668
UniRef90_K9SBW5	54.12	678	668
UniRef90_K9RX71	55.09	678	671
UniRef90_K9T7X0	53.46	678	668
UniRef90_D8LHQ1	52.99	678	690
UniRef90_UPI0002DA5323	54.11	678	674
UniRef90_K9XS53	53.67	678	668
UniRef90_U5D8I6	54.19	678	668
UniRef90_B8HK71	54.72	678	669
UniRef90_B0CE01	52.69	678	668
UniRef90_A0A0C2Q513	54.26	678	670
UniRef90_K9F0B9	53.39	678	665
UniRef90_Q2JME5	53.23	678	666
UniRef90_A0A068RNW8	53.35	678	736
UniRef90_A0A098VRG2	52.37	678	706
UniRef90_Q4QAC4	51.55	678	671
UniRef90_UPI000345AED3	53.43	678	671
UniRef90_L8LSH5	53.72	678	668
UniRef90_UPI000349FCC2	53.37	678	668
UniRef90_B1X4N5	53.64	678	669
UniRef90_A0A073CF61	53.92	678	668
UniRef90_K9V717	55.16	678	670
UniRef90_K9WX18	54.95	678	670
UniRef90_A0A067C0S8	52.82	678	693
UniRef90_A0A0N1HR26	51.26	678	671
UniRef90_B1WVI5	53.96	678	670
UniRef90_UPI00049719AD	53.46	678	671
UniRef90_K9YK89	54.26	678	670
UniRef90_UPI0003030372	52.10	678	668
UniRef90_D7E508	53.23	678	670
UniRef90_A5GQ74	52.78	678	669
UniRef90_A0A0M9FZX2	51.64	678	671
UniRef90_A9BD53	53.14	678	669
UniRef90_G0U1L2	51.41	678	670
UniRef90_K9RDP4	52.30	678	683
UniRef90_A0A0H5RJN2	52.25	678	679
UniRef90_UPI0002D8E7F1	52.91	678	675
UniRef90_W4G178	52.51	678	691
UniRef90_B2IVV5	54.11	678	675
UniRef90_B4WHJ6	52.40	678	668
UniRef90_A0A0C1XI32	53.21	678	670
UniRef90_F5SEW5	51.64	678	702
UniRef90_B5IJL7	52.84	678	674
UniRef90_A0A0G2HMQ6	51.72	678	670
UniRef90_B0M0U9	53.70	678	733
UniRef90_UPI000347C79A	52.40	678	664
UniRef90_UPI0004E3F13D	54.71	678	670
UniRef90_D8LW18	53.86	678	637
UniRef90_B7KL66	54.41	678	668
UniRef90_UPI000562B8D6	53.51	678	671
UniRef90_Q57YL8	51.20	678	669
UniRef90_A2C558	51.49	678	670
UniRef90_UPI0004F4854F	50.07	678	670
UniRef90_A0A0M1JSC1	54.67	678	667
UniRef90_K9XBB2	51.85	678	677
UniRef90_A0A077JE50	52.99	678	668
UniRef90_A3YX91	52.41	678	670
UniRef90_K9P8K5	52.09	678	672
UniRef90_K9TJX0	53.15	678	676
UniRef90_B4VT72	52.16	678	672
UniRef90_D8U4Q1	52.39	678	715
UniRef90_M1X2C5	52.40	678	670
UniRef90_A0A061J5L0	51.87	678	672
UniRef90_UPI00034B31EC	51.65	678	664
UniRef90_K9Q6Y3	53.22	678	668
UniRef90_Q8YRU9	52.32	678	670
UniRef90_Q7UZP8	51.95	678	668
UniRef90_UPI00037C69F9	52.44	678	676
UniRef90_B1XJG5	54.72	678	668
UniRef90_UPI00031F312B	54.52	678	668
UniRef90_K7W9E7	52.55	678	670
UniRef90_A4HDR8	51.26	678	671
UniRef90_K8GNX8	53.00	678	670
UniRef90_Q7V4J4	53.68	678	669
UniRef90_UPI000482A621	50.90	678	668
UniRef90_D4ZPD7	52.91	678	669
UniRef90_Q7V9Q9	51.65	678	669
UniRef90_K9SSW7	51.65	678	664
UniRef90_A0A0G4IKH9	52.50	678	679
UniRef90_L8M3L8	53.56	678	674
UniRef90_A0A0M2PX11	52.62	678	670
UniRef90_K9W9U4	52.69	678	670
UniRef90_K9YZQ2	53.96	678	670
UniRef90_UPI0003787FD8	52.62	678	669
UniRef90_U5QBI7	51.95	678	670
UniRef90_W6KZB1	49.93	678	673
UniRef90_UPI0004246A58	51.89	678	671
UniRef90_S9VVS6	51.75	678	668
UniRef90_C5K783	50.22	678	676
UniRef90_E4U4P8	51.72	678	663
UniRef90_UPI000345A8C8	52.76	678	671
UniRef90_C5K7F3	51.43	678	681
UniRef90_Q4DU82	51.81	678	672
UniRef90_A0A086CFS6	52.10	678	670
UniRef90_C5L777	51.35	678	680
UniRef90_B7JYQ3	53.75	678	670
UniRef90_A0A0A2BMB5	51.90	678	652
UniRef90_A0A0B6VT93	49.48	678	720
UniRef90_A0A0A2BKJ1	52.42	678	654
UniRef90_M1A9Z4	52.49	678	746
UniRef90_D3PT03	51.29	678	653
UniRef90_K9YTR6	51.71	678	672
UniRef90_A8IAN1	51.95	678	718
UniRef90_G7JEN5	52.93	678	735
UniRef90_G0USL2	49.70	678	669
UniRef90_Q7NI86	50.90	678	670
UniRef90_K9UQ87	52.47	678	670
UniRef90_UPI000400A2F6	51.46	678	655
UniRef90_K9SED3	51.28	678	663
UniRef90_Q7U9W1	52.31	678	669
UniRef90_Q43848	52.02	678	741
UniRef90_A0A077J8L0	50.22	678	668
UniRef90_Q0IKM1	52.22	678	831
UniRef90_D8G6Z9	53.37	678	668
UniRef90_A0A0J8E8A5	51.79	678	740
UniRef90_A0A0D6QTI2	51.79	678	761
UniRef90_V4TY40	52.03	678	748
UniRef90_Q8RWV0	51.95	678	741
UniRef90_C5D9K8	49.93	678	668
UniRef90_UPI00034C9238	52.76	678	675
UniRef90_UPI000646E723	51.05	678	665
UniRef90_UPI00052E6FAC	52.33	678	747
UniRef90_A0A068TNZ0	51.95	678	745
UniRef90_UPI0004120862	50.75	678	665
UniRef90_A0A022QZL1	51.88	678	745
UniRef90_UPI00053C2435	51.73	678	743
UniRef90_F2NNX4	50.67	678	666
UniRef90_D9TPS6	52.84	678	663
UniRef90_Q42677	50.98	678	676
UniRef90_UPI0003FD8BDE	51.81	678	666
UniRef90_UPI0005124BD3	51.96	678	752
UniRef90_UPI000368E27F	50.82	678	667
UniRef90_F6HAM6	52.10	678	729
UniRef90_A0YVE3	52.09	678	673
UniRef90_UPI0004E554A2	51.96	678	746
UniRef90_F4IW47	51.57	678	741
UniRef90_A0A0J8FJ23	51.66	678	739
UniRef90_UPI0003F54D77	49.70	678	668
UniRef90_D4YFM6	50.90	678	665
UniRef90_G8EX76	51.49	678	742
UniRef90_Q7SIC9	51.66	678	675
UniRef90_F2I5Y5	49.70	678	665
UniRef90_K0J4A9	50.91	678	665
UniRef90_A0A0A0KBL8	51.71	678	745
UniRef90_A0A0A6XZ40	49.55	678	668
UniRef90_B9RDA1	51.79	678	752
UniRef90_A0A084H6Y9	50.30	678	669
UniRef90_K9VXG6	50.75	678	670
UniRef90_I1H1V5	51.65	678	741
UniRef90_W1NIH3	51.12	678	751
UniRef90_A0A0H4P0A7	49.18	678	668
UniRef90_M0SDS2	51.81	678	751
UniRef90_A0A0M2PKV2	49.26	678	670
UniRef90_Q0IDV5	50.68	678	669
UniRef90_A0A023DIP9	48.81	678	668
UniRef90_A0A0K9Q369	52.04	678	747
UniRef90_A0A0D9A0N3	50.67	678	676
UniRef90_UPI000479E2CF	48.89	678	670
UniRef90_M5X661	51.87	678	752
UniRef90_S0JLA2	50.30	678	664
UniRef90_A0A061SE44	50.52	678	727
UniRef90_UPI0005AB4C67	50.53	678	667
UniRef90_G2RJT2	49.85	678	671
UniRef90_Q3SMD4	52.21	678	661
UniRef90_M2X319	51.42	678	782
UniRef90_A0A0C2ULY6	50.00	678	668
UniRef90_A0A059CJ54	51.57	678	753
UniRef90_R9TXU9	50.00	678	667
UniRef90_A0A0G4F5V5	49.33	678	689
UniRef90_A0A058Z7H3	51.16	678	712
UniRef90_F5UEA8	51.94	678	671
UniRef90_A0A059CK22	52.37	678	748
UniRef90_G7IF28	51.58	678	735
UniRef90_C0PQ72	51.04	678	751
UniRef90_Q5L0B9	49.25	678	668
UniRef90_K6DDN0	49.85	678	668
UniRef90_A0A078CCC6	50.97	678	736
UniRef90_O20250	50.82	678	741
UniRef90_Q119B5	51.72	678	672
UniRef90_A0A0J6FPB8	49.48	678	666
UniRef90_U6N4I2	49.19	678	699
UniRef90_I3DZN5	48.66	678	668
UniRef90_UPI0005A68829	49.41	678	668
UniRef90_A0A0B5S816	49.25	678	666
UniRef90_I1PZA0	51.06	678	742
UniRef90_UPI00053A6C6E	49.48	678	669
UniRef90_A0A0B0NY68	51.12	678	731
UniRef90_C4LDY3	49.40	678	669
UniRef90_UPI0005EB73CE	50.89	678	670
UniRef90_L8NKZ0	51.81	678	668
UniRef90_B7GI86	49.10	678	678
UniRef90_M4QSX4	51.50	678	747
UniRef90_A0A060RPW6	48.81	678	672
UniRef90_A0A0D6QV01	50.45	678	751
UniRef90_I1IWW5	51.21	678	721
UniRef90_A0A072NSW7	49.10	678	675
UniRef90_UPI00054EE120	50.15	678	664
UniRef90_E5WCH5	48.51	678	668
UniRef90_C0QS22	48.87	678	664
UniRef90_A0A094JJ22	50.22	678	667
UniRef90_V6T3D0	48.66	678	669
UniRef90_B8FKS2	49.17	678	666
UniRef90_A6CSE1	48.51	678	668
UniRef90_A0A0F5IA20	49.25	678	668
UniRef90_Q5ENN6	50.82	678	778
UniRef90_R2QF52	48.43	678	662
UniRef90_Q9SMH7	49.48	678	771
UniRef90_UPI000376DA9D	50.75	678	665
UniRef90_Q42675	50.15	678	679
UniRef90_A0A081C9J3	50.15	678	668
UniRef90_A0A098EUG3	49.18	678	667
UniRef90_UPI000377840E	49.93	678	683
UniRef90_R7QMU3	52.08	678	670
UniRef90_A0A011QWF1	50.00	678	663
UniRef90_UPI000405AF3A	49.48	678	667
UniRef90_G4L7Z8	50.00	678	665
UniRef90_UPI00063F72F9	50.45	678	671
UniRef90_A0A081BRC3	49.85	678	667
UniRef90_UPI0002F71351	48.73	678	668
UniRef90_Q7XWP9	50.52	678	714
UniRef90_A8FDQ1	48.96	678	667
UniRef90_D2V4Z5	49.92	678	1025
UniRef90_UPI00035CD79F	50.53	678	651
UniRef90_M4NU55	48.45	678	682
UniRef90_F3YAL0	50.30	678	664
UniRef90_UPI000319DDB9	49.10	678	665
UniRef90_UPI000558E873	49.26	678	665
UniRef90_D7M5S6	50.75	678	734
UniRef90_D5WU51	48.65	678	674
UniRef90_W6KXY8	47.69	678	667
UniRef90_F6I397	50.90	678	745
UniRef90_V6M3K8	50.74	678	669
UniRef90_A0A0K0G8D2	48.51	678	676
UniRef90_C0ZI01	50.74	678	668
UniRef90_S1NJ28	49.25	678	664
UniRef90_UPI000617F12B	49.40	678	673
UniRef90_UPI000551DE25	49.85	678	663
UniRef90_UPI0003FA7638	50.59	678	671
UniRef90_A0A087SD37	50.45	678	734
UniRef90_E8PN72	51.07	678	651
UniRef90_V5XUM3	49.70	678	664
UniRef90_R2PVF9	49.70	678	664
UniRef90_UPI000619934A	49.48	678	672
UniRef90_C5YDD1	51.21	678	726
UniRef90_UPI00037F72B0	49.10	678	668
UniRef90_Q9KAD7	49.78	678	666
UniRef90_UPI00036237D0	50.23	678	659
UniRef90_UPI00053CA84A	50.68	678	740
UniRef90_A0A0M0X7V3	48.06	678	668
UniRef90_W7CCD9	49.55	678	664
UniRef90_C8ZW49	50.00	678	665
UniRef90_UPI00016C368F	49.64	678	681
UniRef90_L8AGC9	51.64	678	670
UniRef90_UPI0006D84A43	49.17	678	666
UniRef90_A0A0F5ETM3	50.75	678	665
UniRef90_UPI0006CFBEAF	48.95	678	666
UniRef90_UPI0002884BF6	49.25	678	667
UniRef90_N0B4A1	48.73	678	671
UniRef90_UPI000426218E	48.51	678	668
UniRef90_A0A0M0ETK8	48.80	678	667
UniRef90_F0RT30	50.61	678	664
UniRef90_UPI00040E037B	49.48	678	665
UniRef90_R5EBW1	50.22	678	666
UniRef90_UPI0005CCDDE2	48.06	678	669
UniRef90_C1E825	50.23	678	701
UniRef90_D8T6I4	53.04	678	634
UniRef90_I6TD12	49.55	678	664
UniRef90_F4BQF7	49.10	678	667
UniRef90_A0A0B5X265	48.30	678	668
UniRef90_UPI000551F272	49.40	678	662
UniRef90_UPI0004B7E5B3	49.42	678	683
UniRef90_R9BWR0	49.33	678	668
UniRef90_A7NGG0	48.90	678	678
UniRef90_UPI00036E163E	48.73	678	665
UniRef90_A0A0M3RAX0	48.07	678	673
UniRef90_UPI0003B64BF9	49.11	678	683
UniRef90_P23254	100.00	678	680
UniRef90_A0A0G2FFP7	65.44	678	684
UniRef90_G0RDR6	67.11	678	685
UniRef90_G2Q7V1	66.03	678	684
UniRef90_F5HDV2	64.32	678	686
UniRef90_T5ADP8	64.76	678	685
UniRef90_U7Q3J0	65.93	678	685
UniRef90_K9T7X0	53.14	678	668
UniRef90_C7YR58	66.67	678	685
UniRef90_B2B4Y7	65.00	678	684
UniRef90_H6C6M4	63.38	678	684
UniRef90_G0W4C3	83.92	678	680
UniRef90_G2QRH9	66.23	678	685
UniRef90_Q4WSA0	62.50	678	684
UniRef90_M1W0H9	65.49	678	684
UniRef90_M7SMQ6	65.20	678	685
UniRef90_Q75BD2	76.70	678	680
UniRef90_C4JPT6	61.62	678	684
UniRef90_S7Z9A8	63.62	678	683
UniRef90_G8ZSB1	80.83	678	680
UniRef90_Q0D0I2	62.65	678	684
UniRef90_J3NY81	64.42	678	687
UniRef90_V5V574	55.79	678	664
UniRef90_A0A086T7B3	65.20	678	682
UniRef90_K9SBW5	54.04	678	668
UniRef90_G3J3L5	64.85	678	685
UniRef90_A0A084QEL1	65.93	678	682
UniRef90_V5FSY0	62.94	678	684
UniRef90_A2QRM6	61.62	678	684
UniRef90_UPI000482A621	50.75	678	668
UniRef90_C8VRQ4	61.47	678	684
UniRef90_C5D9K8	49.55	678	668
UniRef90_B8N4T2	62.50	678	684
UniRef90_A0A090C5M9	78.02	678	679
UniRef90_W3X746	66.18	678	693
UniRef90_W7HW93	63.97	678	684
UniRef90_A0A0A1TMN4	63.82	678	684
UniRef90_A0A084FUM6	65.06	678	689
UniRef90_A0A0B7K6U3	66.81	678	685
UniRef90_A0A016PMX8	66.08	678	685
UniRef90_C5DLC4	78.61	678	680
UniRef90_A0A017S5M7	61.03	678	684
UniRef90_C1H100	63.53	678	685
UniRef90_A7EY31	62.87	678	699
UniRef90_B6H5B6	62.94	678	684
UniRef90_N1Q2D0	62.56	678	685
UniRef90_G2WRR8	65.05	678	685
UniRef90_K0KVD3	73.08	678	683
UniRef90_K9XS53	53.59	678	668
UniRef90_A0A094DLP3	62.26	678	685
UniRef90_UPI000349FCC2	53.29	678	668
UniRef90_B8M240	63.38	678	684
UniRef90_Q6FWC3	80.35	678	679
UniRef90_C6H5W8	62.65	678	866
UniRef90_G6FT72	54.71	678	670
UniRef90_A0A0C1UMT9	54.27	678	666
UniRef90_G8JS19	76.81	678	680
UniRef90_K1WHT3	63.58	678	685
UniRef90_A0A0M8MX83	62.99	678	693
UniRef90_A0A0F8BN01	65.68	678	683
UniRef90_A0A010S2M6	65.93	678	682
UniRef90_U4L5M4	64.90	678	685
UniRef90_A0A060TFF3	64.45	678	678
UniRef90_UPI0002AC1D6C	54.86	678	668
UniRef90_F0XLR6	65.93	678	685
UniRef90_C0NI02	62.65	678	685
UniRef90_K9XBB2	51.78	678	677
UniRef90_UPI0005690ADE	54.48	678	670
UniRef90_G0V883	84.81	678	680
UniRef90_A0A0C7N865	76.11	678	680
UniRef90_A0A0F4YHU3	61.63	678	692
UniRef90_B7GI86	48.81	678	678
UniRef90_I2H7T3	79.79	678	682
UniRef90_R1EAC0	62.26	678	685
UniRef90_A0A073CF61	53.59	678	668
UniRef90_I3DZN5	48.37	678	668
UniRef90_M2NJQ5	62.26	678	685
UniRef90_A0A0H4P0A7	48.96	678	668
UniRef90_UPI0002DA5323	54.11	678	674
UniRef90_B2W6L9	62.06	678	684
UniRef90_A0A077J8L0	50.22	678	668
UniRef90_A0A023DIP9	48.66	678	668
UniRef90_Q12630	77.58	678	679
UniRef90_A0A0C2Q513	54.26	678	670
UniRef90_U1I481	62.79	678	684
UniRef90_C4XW47	71.24	678	676
UniRef90_R7Z6U5	62.41	678	685
UniRef90_A0A074XHF1	63.58	678	685
UniRef90_G1XNS8	64.56	678	684
UniRef90_Q2HAV3	65.52	678	684
UniRef90_G0VJU0	71.98	678	680
UniRef90_B0CE01	52.62	678	668
UniRef90_K9F0B9	53.15	678	665
UniRef90_F9WWE1	61.97	678	685
UniRef90_A6CSE1	48.15	678	668
UniRef90_Q6C6T4	64.12	678	694
UniRef90_F4XSE9	54.04	678	668
UniRef90_E5WCH5	48.14	678	668
UniRef90_D4TMF5	54.78	678	698
UniRef90_U5D8I6	54.11	678	668
UniRef90_G3AW89	69.58	678	676
UniRef90_B8HK71	54.64	678	669
UniRef90_K9W9U4	52.54	678	670
UniRef90_UPI0003F54D77	49.63	678	668
UniRef90_A0A0F5IA20	48.74	678	668
UniRef90_A0A0C1XI32	53.13	678	670
UniRef90_A0A0D2A445	63.09	678	684
UniRef90_A0A0G2GCT6	63.18	678	683
UniRef90_A0A0L0NW87	67.99	678	676
UniRef90_B4VT72	51.86	678	672
UniRef90_UPI0006A7B9C4	47.10	678	668
UniRef90_Q31QU9	55.69	678	668
UniRef90_A0A0D2FKC8	61.62	678	684
UniRef90_Q5L0B9	49.03	678	668
UniRef90_H1UZC5	65.05	678	679
UniRef90_B4WHJ6	52.32	678	668
UniRef90_K9RDP4	52.30	678	683
UniRef90_A0A0A6XZ40	48.96	678	668
UniRef90_UPI00052E6FAC	52.01	678	747
UniRef90_Q6BMN3	68.20	678	678
UniRef90_UPI0005AB4C67	49.78	678	667
UniRef90_A0A0C2ULY6	49.63	678	668
UniRef90_B9RDA1	51.34	678	752
UniRef90_R4XCT5	62.94	678	693
UniRef90_J7S394	74.56	678	690
UniRef90_UPI0006EBF781	47.85	678	668
UniRef90_A0A0L1HN93	57.84	678	1570
UniRef90_A0A0B1P7J7	61.97	678	685
UniRef90_A0A0D2ALT0	65.88	678	683
UniRef90_A7THI2	73.68	678	682
UniRef90_A0A0F4Z7B4	64.80	678	683
UniRef90_UPI0002F2FBAE	48.07	678	668
UniRef90_A0A0M2SZ99	47.70	678	668
UniRef90_A0A0A0KBL8	51.71	678	745
UniRef90_UPI000562B8D6	53.43	678	671
UniRef90_K8GNX8	52.77	678	670
UniRef90_A0A0F7SRS6	64.61	678	686
UniRef90_G8BNE8	74.82	678	680
UniRef90_A0A0L0HLC9	60.98	678	676
UniRef90_Q2JME5	53.00	678	666
UniRef90_D7E508	52.69	678	670
UniRef90_A0A0M0X7V3	47.70	678	668
UniRef90_H2AU60	75.95	678	693
UniRef90_A0A0J9XLB1	65.19	678	678
UniRef90_Q8YRU9	52.24	678	670
UniRef90_F4IW47	51.12	678	741
UniRef90_L8LSH5	53.65	678	668
UniRef90_UPI00053C2435	51.42	678	743
UniRef90_A0A0K0GCJ1	48.21	678	664
UniRef90_A0A068TNZ0	51.79	678	745
UniRef90_UPI00037C69F9	52.22	678	676
UniRef90_G2RJT2	49.48	678	671
UniRef90_V4TY40	51.95	678	748
UniRef90_U5LB81	47.99	678	666
UniRef90_A0A022QZL1	51.49	678	745
UniRef90_J7S2W6	77.70	678	679
UniRef90_Q43848	51.95	678	741
UniRef90_UPI000368E27F	50.60	678	667
UniRef90_W1NIH3	50.97	678	751
UniRef90_A0A061ANM2	71.30	678	680
UniRef90_C5MAT0	67.26	678	677
UniRef90_UPI0005CA5611	47.85	678	668
UniRef90_M1A9Z4	51.94	678	746
UniRef90_D4ZPD7	52.77	678	669
UniRef90_UPI0002D8E7F1	52.59	678	675
UniRef90_V6T3D0	48.29	678	669
UniRef90_M7XNL9	63.00	678	687
UniRef90_B1WVI5	53.88	678	670
UniRef90_A0A0J8FJ23	51.04	678	739
UniRef90_A5GQ74	52.32	678	669
UniRef90_A0A0J5GY41	47.62	678	668
UniRef90_W2RZU6	62.59	678	683
UniRef90_A0A0D6QTI2	51.64	678	761
UniRef90_M5X661	51.79	678	752
UniRef90_A0A0F4XCT5	72.57	678	682
UniRef90_UPI0005A68829	49.41	678	668
UniRef90_UPI000479E2CF	48.74	678	670
UniRef90_A0A0C9TV00	61.00	678	683
UniRef90_A0A090IZ08	48.07	678	668
UniRef90_K9RX71	54.63	678	671
UniRef90_B7KL66	54.26	678	668
UniRef90_F6HAM6	51.94	678	729
UniRef90_UPI000345A8C8	52.68	678	671
UniRef90_A0A084H6Y9	50.07	678	669
UniRef90_M3JCB9	66.27	678	678
UniRef90_G8EX76	51.04	678	742
UniRef90_A0A0C3HTD0	63.73	678	685
UniRef90_A0A0M1JSC1	54.27	678	667
UniRef90_H2AYT8	83.01	678	679
UniRef90_UPI000319DDB9	48.66	678	665
UniRef90_UPI0002F71351	48.21	678	668
UniRef90_M1X2C5	51.56	678	670
UniRef90_G7JEN5	52.46	678	735
UniRef90_G0W564	71.62	678	684
UniRef90_A7TQ44	75.99	678	680
UniRef90_A0A0F8U1L3	59.00	678	657
UniRef90_Q0UDT1	58.32	678	731
UniRef90_K6DDN0	49.26	678	668
UniRef90_A0A0F8UZ66	59.14	678	653
UniRef90_A0A0A2VH64	47.38	678	664
UniRef90_UPI00053CA84A	50.30	678	740
UniRef90_Q8RWV0	51.57	678	741
UniRef90_A0A0K0G8D2	48.44	678	676
UniRef90_A0A0J8E8A5	51.65	678	740
UniRef90_G7IF28	51.12	678	735
UniRef90_A0A0B7FQ63	64.11	678	700
UniRef90_U5HEU0	62.37	678	691
UniRef90_UPI000345AED3	53.28	678	671
UniRef90_K9YK89	54.18	678	670
UniRef90_A0A067P305	60.27	678	685
UniRef90_A0A0A5HVB9	47.90	678	664
UniRef90_L8M3L8	53.41	678	674
UniRef90_A0A0J5SMR5	47.99	678	668
UniRef90_B2IVV5	54.03	678	675
UniRef90_UPI0004414AF8	61.45	678	684
UniRef90_UPI000288FAB6	47.85	678	667
UniRef90_UPI000426218E	48.07	678	668
UniRef90_UPI00040E037B	49.33	678	665
UniRef90_A0A098EYA4	48.07	678	668
UniRef90_G4TG47	60.38	678	683
UniRef90_K5UZV4	61.06	678	684
UniRef90_W6MQW1	71.20	678	685
UniRef90_A0A072NSW7	48.88	678	675
UniRef90_A0A0D6QV01	50.45	678	751
UniRef90_UPI0004B428F7	47.09	678	666
UniRef90_UPI000491426B	47.69	678	667
UniRef90_UPI0002D27921	47.24	678	664
UniRef90_A0A0M0ETK8	48.58	678	667
UniRef90_M0SDS2	51.19	678	751
UniRef90_A0A0B0NY68	51.04	678	731
UniRef90_F2Q5A4	60.88	678	684
UniRef90_W1QE20	68.89	678	676
UniRef90_K9V717	55.16	678	670
UniRef90_K9WX18	54.63	678	670
UniRef90_I1PZA0	50.75	678	742
UniRef90_M2QNK8	61.00	678	684
UniRef90_D8PWF8	60.89	678	680
UniRef90_UPI00044173BB	60.56	678	684
UniRef90_R9TXU9	49.48	678	667
UniRef90_M7P0M7	49.25	678	665
UniRef90_M4QSX4	51.04	678	747
UniRef90_UPI00053CA39E	48.71	678	767
UniRef90_A0A0M2PKV2	49.04	678	670
UniRef90_I1H1V5	51.28	678	741
UniRef90_UPI000617F12B	49.04	678	673
UniRef90_UPI0005124BD3	51.34	678	752
UniRef90_A0A0B5S816	49.18	678	666
UniRef90_UPI0004E554A2	51.65	678	746
UniRef90_UPI0004E3F13D	54.71	678	670
UniRef90_UPI0002884BF6	49.03	678	667
UniRef90_K9YTR6	51.64	678	672
UniRef90_A0A0A5FSR2	47.83	678	664
UniRef90_R8BNY0	66.77	678	633
UniRef90_K9TJX0	52.92	678	676
UniRef90_I3DTN9	48.07	678	667
UniRef90_A0A077JE50	52.91	678	668
UniRef90_A0A074RQM3	63.66	678	684
UniRef90_Q9KAD7	49.55	678	666
UniRef90_F5HA16	62.32	678	687
UniRef90_UPI0003A0FCE7	47.55	678	667
UniRef90_A0A0B5X265	48.44	678	668
UniRef90_A0A067MRU1	61.11	678	686
UniRef90_UPI000380745A	47.99	678	666
UniRef90_A2C558	51.27	678	670
UniRef90_A0A0B5ARE0	47.63	678	668
UniRef90_A0A0K9GD13	47.92	678	667
UniRef90_A0A0M3RAX0	48.00	678	673
UniRef90_W9A9J3	47.54	678	668
UniRef90_A0A059CJ54	50.90	678	753
UniRef90_UPI0003787FD8	52.54	678	669
UniRef90_J4G8A5	60.56	678	684
UniRef90_A0A024QD90	46.95	678	675
UniRef90_A0A0L0QNZ2	46.28	678	667
UniRef90_UPI0005CCDDE2	47.85	678	669
UniRef90_UPI0003499218	48.51	678	665
UniRef90_A0A0K9Q369	51.04	678	747
UniRef90_UPI00037F72B0	48.37	678	668
UniRef90_UPI00031F312B	54.19	678	668
UniRef90_Q119B5	51.34	678	672
UniRef90_Q7SIC9	51.43	678	675
UniRef90_A0A0K0G8S0	48.44	678	666
UniRef90_F5SEW5	51.56	678	702
UniRef90_R9BWR0	48.74	678	668
UniRef90_A0A0D0BIP7	60.09	678	684
UniRef90_UPI0004930281	47.17	678	667
UniRef90_UPI00041F0D96	47.10	678	669
UniRef90_A3YX91	52.17	678	670
UniRef90_K7W9E7	52.09	678	670
UniRef90_A0YVE3	51.56	678	673
UniRef90_A8FDQ1	48.66	678	667
UniRef90_A0A0D9A0N3	50.59	678	676
UniRef90_A0A015IR88	58.32	678	678
UniRef90_UPI00053A6C6E	48.96	678	669
UniRef90_UPI00034B31EC	51.35	678	664
UniRef90_C0PQ72	51.04	678	751
UniRef90_UPI000225B275	47.32	678	666
UniRef90_A0A0K9GTQ9	47.99	678	668
UniRef90_A0A0D7BIV6	61.58	678	682
UniRef90_UPI000440ADD7	61.74	678	686
UniRef90_A0A024P209	47.40	678	667
UniRef90_A9BD53	52.91	678	669
UniRef90_A0A0M0L5S1	48.14	678	668
UniRef90_A0A0A5IB70	47.52	678	663
UniRef90_A0A059CK22	51.98	678	748
UniRef90_A1DPI2	59.47	678	685
UniRef90_P33315	71.43	678	681
UniRef90_K0J4A9	50.45	678	665
UniRef90_U5QBI7	51.95	678	670
UniRef90_D8U4Q1	51.94	678	715
UniRef90_S7ZZJ4	63.53	678	684
UniRef90_A0A098EUG3	48.43	678	667
UniRef90_A0A0A3JQP6	48.81	678	664
UniRef90_K5XHP7	61.12	678	685
UniRef90_UPI0004086F4B	48.07	678	668
UniRef90_UPI0004059F7D	48.89	678	668
UniRef90_A0A0C2VTR7	47.55	678	668
UniRef90_B1X4N5	53.06	678	669
UniRef90_I2K2H5	67.90	678	684
UniRef90_A0A0L0RZ11	59.73	678	748
UniRef90_P34736	69.03	678	677
UniRef90_N0AYQ6	47.70	678	668
UniRef90_K9P8K5	51.80	678	672
UniRef90_S8EL82	59.41	678	684
UniRef90_UPI0004621FAC	59.82	678	692
UniRef90_A0A0A2TCE6	47.00	678	664
UniRef90_A0A068RWM0	58.80	678	680
UniRef90_D7M5S6	50.53	678	734
UniRef90_A0A0D2MTW4	61.30	678	686
UniRef90_O94039	65.78	678	677
UniRef90_UPI00035F0FA0	48.96	678	666
UniRef90_UPI000366F2F0	47.25	678	667
UniRef90_UPI0002892004	46.94	678	667
UniRef90_Q7V9Q9	51.19	678	669
UniRef90_K9VXG6	50.45	678	670
UniRef90_A0A0M2PX11	52.54	678	670
UniRef90_A0A067STX0	59.82	678	686
UniRef90_A0A081BRC3	49.55	678	667
UniRef90_UPI00058B1056	48.96	678	667
UniRef90_K9SSW7	51.42	678	664
UniRef90_B0D3G7	60.56	678	680
UniRef90_UPI00064D9413	47.55	678	666
UniRef90_A0A0H4KHQ1	47.69	678	668
UniRef90_UPI0002E2EA87	47.32	678	668
UniRef90_I0JMW3	48.29	678	669
UniRef90_K9UQ87	52.39	678	670
UniRef90_A0A084H437	48.36	678	668
UniRef90_P45694	47.92	678	667
UniRef90_UPI000551DE25	49.03	678	663
UniRef90_A5DDD1	67.85	678	677
UniRef90_UPI00047ABC52	48.29	678	665
UniRef90_UPI0001850DCD	47.92	678	668
UniRef90_Q8EQM3	48.21	678	666
UniRef90_A0A094WHN1	48.14	678	664
UniRef90_UPI00064DA828	47.85	678	666
UniRef90_UPI0006D0A066	47.36	678	656
UniRef90_UPI00049719AD	53.22	678	671
UniRef90_UPI00041794C2	46.29	678	666
UniRef90_B6K5F9	63.05	678	684
UniRef90_O20250	50.67	678	741
UniRef90_B7JYQ3	53.43	678	670
UniRef90_K9Q6Y3	53.14	678	668
UniRef90_W4KIK5	60.56	678	686
UniRef90_UPI0003A414A4	46.58	678	667
UniRef90_N0B4A1	48.73	678	671
UniRef90_X0RK08	48.51	678	665
UniRef90_Q8RD57	47.61	678	667
UniRef90_G8YDI4	67.01	678	678
UniRef90_UPI0006A7AC70	47.69	678	665
UniRef90_K9YZQ2	53.88	678	670
UniRef90_A0A0M4GGR4	48.05	678	666
UniRef90_UPI00054EE120	49.70	678	664
UniRef90_F9DP24	47.47	678	668
UniRef90_D3FTU3	47.92	678	665
UniRef90_A0A0J6FPB8	48.96	678	666
UniRef90_A0A081C9J3	49.93	678	668
UniRef90_A8NGZ8	61.09	678	686
UniRef90_UPI0003030372	51.57	678	668
UniRef90_A0A0D0AGV1	61.00	678	685
UniRef90_J5SZ08	61.82	678	682
UniRef90_UPI0006F74EA2	47.47	678	667
UniRef90_UPI0003FD8BDE	51.27	678	666
UniRef90_UPI000455E6AB	57.75	678	684
UniRef90_A0A0A8JJF9	47.55	678	668
UniRef90_A0A094JJ22	50.22	678	667
UniRef90_A0A078CCC6	50.90	678	736
UniRef90_A0A099NY46	65.14	678	668
UniRef90_UPI0004120862	50.07	678	665
UniRef90_W4QRH4	48.81	678	665
UniRef90_A0A0L6W7K0	60.50	678	686
UniRef90_I1CIS6	61.60	678	678
UniRef90_A0A099WLT3	47.84	678	664
UniRef90_A0A0A3JCV8	48.05	678	664
UniRef90_A0A0C3DXN3	60.12	678	682
UniRef90_A0A098EJQ8	47.90	678	666
UniRef90_S2XTF9	47.99	678	668
UniRef90_A0A0J0XPS4	62.17	678	687
UniRef90_A0A0F7RSE6	61.90	678	687
UniRef90_UPI000347C79A	52.47	678	664
UniRef90_C6CW67	48.96	678	672
UniRef90_A0A0C2VM11	46.13	678	665
UniRef90_UPI000646E723	50.52	678	665
UniRef90_UPI00067F2A4E	47.12	678	667
UniRef90_F5L350	48.51	678	665
UniRef90_W4QFH9	46.35	678	666
UniRef90_A8IAN1	51.65	678	718
UniRef90_A0A0C3NLT3	60.71	678	684
UniRef90_UPI000619934A	49.26	678	672
UniRef90_UPI00058C746F	47.08	678	673
UniRef90_K9SED3	51.13	678	663
UniRef90_A0A0M2STP2	46.13	678	673
UniRef90_F2U283	55.67	678	683
UniRef90_A0A0D0CUV4	61.74	678	685
UniRef90_A0A067Q7L8	59.68	678	686
UniRef90_D8G6Z9	53.29	678	668
UniRef90_UPI0005AB912D	49.10	678	664
UniRef90_UPI00037DD684	50.15	678	671
UniRef90_W4PXE7	48.43	678	665
UniRef90_F6I397	50.75	678	745
UniRef90_A0A0J5QZF2	48.58	678	664
UniRef90_A0A075JNT6	46.58	678	666
UniRef90_UPI00063F72F9	50.00	678	671
UniRef90_UPI0003816BD2	47.99	678	671
UniRef90_Q7UZP8	51.42	678	668
UniRef90_F5UEA8	51.04	678	671
UniRef90_UPI00040E3A0F	47.92	678	665
UniRef90_UPI00028A26A3	49.40	678	664
UniRef90_Q7XWP9	50.37	678	714
UniRef90_A0A0C3B3V3	59.06	678	684
UniRef90_X0CDK9	61.75	678	683
UniRef90_A0A075LK26	47.70	678	667
UniRef90_S1R5P1	48.44	678	664
UniRef90_A0A086CFS6	51.79	678	670
UniRef90_K2HAY4	47.17	678	668
UniRef90_G3ATG1	68.89	678	679
UniRef90_UPI0004707000	49.70	678	668
UniRef90_Q5WG06	47.62	678	665
UniRef90_A0A0C3CJH7	60.41	678	686
UniRef90_Q7U9W1	52.09	678	669
UniRef90_B1XJG5	54.64	678	668
UniRef90_UPI0004013C2F	46.57	678	665
UniRef90_R2PVF9	48.66	678	664
UniRef90_Q8Y7H4	46.94	678	664
UniRef90_A0A090IYG5	49.11	678	669
UniRef90_A0A0M3R9C0	47.99	678	668
UniRef90_UPI0006CFBEAF	48.44	678	666
UniRef90_C8ZW49	49.40	678	665
UniRef90_I9AYJ5	48.89	678	671
UniRef90_UPI0004276594	46.43	678	669
UniRef90_A0A0A1MFB0	45.97	678	666
UniRef90_Q7NI86	50.83	678	670
UniRef90_B5IJL7	52.54	678	674
UniRef90_A0A078MEM2	48.05	678	664
UniRef90_UPI0004059242	46.43	678	667
UniRef90_UPI0003FA7638	50.30	678	671
UniRef90_A0A0D5NF55	48.44	678	672
UniRef90_A0A0A2BKJ1	52.20	678	654
UniRef90_W4EN58	46.72	678	666
UniRef90_F4BQF7	48.73	678	667
UniRef90_A0A099DHQ3	48.28	678	663
UniRef90_A0A0A1NSV8	59.46	678	678
UniRef90_A0A0G2HMQ6	51.49	678	670
UniRef90_A5DSN8	65.39	678	685
UniRef90_Q7V4J4	53.13	678	669
UniRef90_A0A061SE44	50.23	678	727
UniRef90_UPI00036219AD	47.77	678	671
UniRef90_UPI0002880E5D	47.85	678	669
UniRef90_S0JLA2	49.40	678	664
UniRef90_I1IWW5	50.52	678	721
UniRef90_S1NJ28	48.51	678	664
UniRef90_I6TD12	48.81	678	664
UniRef90_R9C1J0	46.96	678	671
UniRef90_UPI0004858C0D	48.06	678	665
UniRef90_I4X4P3	47.39	678	667
UniRef90_B1HRK1	47.16	678	664
UniRef90_UPI0005A735E2	46.21	678	668
UniRef90_UPI00034C9238	52.68	678	675
UniRef90_A0A090IRU4	48.36	678	668
UniRef90_A0A061H9Q5	61.83	678	688
UniRef90_V5XUM3	48.81	678	664
UniRef90_H7F3S5	47.99	678	665
UniRef90_K1KJF1	48.21	678	664
UniRef90_A0A023W2S8	60.21	678	696
UniRef90_UPI000288A38E	46.57	678	669
UniRef90_B1YE75	47.83	678	662
UniRef90_I7BG75	59.70	678	668
UniRef90_F5LE25	49.41	678	673
UniRef90_F4P3U6	58.17	678	680
UniRef90_W4Q5V3	47.46	678	669
UniRef90_UPI0004B1CF07	48.81	678	672
UniRef90_A0A0F7HJG1	46.50	678	671
UniRef90_L5N2J3	48.74	678	667
UniRef90_UPI0003F9108C	47.92	678	672
UniRef90_UPI0003605C56	47.84	678	667
UniRef90_C5YDD1	50.52	678	726
UniRef90_UPI0004BC7AA8	45.17	678	666
UniRef90_V6M3K8	50.52	678	669
UniRef90_UPI0004916E9A	47.02	678	668
UniRef90_UPI000405AF3A	49.33	678	667
UniRef90_H0UAW3	49.33	678	668
UniRef90_A0A0A1MRR7	48.05	678	670
