UniRef90_P08836	100.00	348	367
UniRef90_UPI000395947F	84.64	348	354
UniRef90_R7VW29	86.13	348	310
UniRef90_UPI0003D081A5	77.71	348	344
UniRef90_UPI00063C652A	71.69	348	382
UniRef90_Q3KPW7	70.38	348	348
UniRef90_Q8WMY2	70.47	348	353
UniRef90_Q0VCD7	70.47	348	376
UniRef90_M7ATH9	80.39	348	308
UniRef90_UPI000298FB28	70.76	348	420
UniRef90_UPI000203AF9B	70.97	348	351
UniRef90_H3AQ67	69.62	348	352
UniRef90_A0A093B9E8	88.32	348	274
UniRef90_F1P926	70.29	348	421
UniRef90_G3W511	70.14	348	420
UniRef90_I3M4B3	69.30	348	353
UniRef90_P14324	69.86	348	419
UniRef90_UPI00032B2094	69.16	348	420
UniRef90_UPI0003F093A8	69.59	348	420
UniRef90_G3TQX7	68.42	348	353
UniRef90_UPI0004439472	70.26	348	420
UniRef90_UPI0003C27BD3	74.84	348	393
UniRef90_M3Y2A4	70.88	348	421
UniRef90_UPI00065072F5	69.30	348	420
UniRef90_S7PKH9	68.12	348	421
UniRef90_P05369	68.41	348	353
UniRef90_A0A091EF82	84.29	348	280
UniRef90_UPI00022F482A	69.68	348	420
UniRef90_UPI00033182E8	66.67	348	420
UniRef90_L9KIW6	68.12	348	420
UniRef90_UPI0006432534	68.71	348	443
UniRef90_G5ARB7	67.83	348	414
UniRef90_UPI00045D6AD7	68.01	348	420
UniRef90_UPI00063FBC2C	71.65	348	321
UniRef90_V9KXC4	67.46	348	352
UniRef90_UPI0003336559	67.84	348	420
UniRef90_UPI00033312A0	68.22	348	421
UniRef90_UPI0003F130A7	67.84	348	420
UniRef90_UPI00035132BE	66.96	348	353
UniRef90_S4R688	65.69	348	358
UniRef90_UPI00063C5428	70.18	348	471
UniRef90_UPI00044225F5	66.86	348	348
UniRef90_T1E6J7	65.13	348	348
UniRef90_A0A0B8RUM7	65.98	348	348
UniRef90_K9IJM4	66.09	348	419
UniRef90_F7ILE7	67.54	348	342
UniRef90_R4GMB6	99.14	348	233
UniRef90_UPI0004ED6352	66.47	348	421
UniRef90_A0A093GAP0	86.87	348	259
UniRef90_H2TTF5	65.28	348	361
UniRef90_UPI00038C4F0D	70.65	348	311
UniRef90_UPI000496B82A	65.58	348	380
UniRef90_M4ANZ4	64.69	348	358
UniRef90_Q5XJ03	65.58	348	359
UniRef90_I3JGK5	65.47	348	358
UniRef90_UPI00067159E3	86.56	348	253
UniRef90_UPI00032A0EC7	65.47	348	397
UniRef90_UPI0006B347CA	63.72	348	392
UniRef90_B5X3Y4	63.77	348	359
UniRef90_UPI000498535E	65.47	348	393
UniRef90_F7F616	64.35	348	352
UniRef90_UPI00064439ED	65.17	348	364
UniRef90_UPI00054F535F	63.20	348	398
UniRef90_UPI000576EE7F	62.79	348	359
UniRef90_G3PDQ2	61.60	348	387
UniRef90_F7GQM8	65.22	348	368
UniRef90_Q14329	62.90	348	348
UniRef90_H2M2F4	63.20	348	359
UniRef90_H9KWP2	65.22	348	356
UniRef90_UPI0004F12521	84.27	348	248
UniRef90_UPI0003F14966	62.28	348	420
UniRef90_UPI0005122C06	62.54	348	354
UniRef90_G3MZT9	63.16	348	330
UniRef90_UPI000521758E	88.84	348	266
UniRef90_UPI00052333D0	80.77	348	260
UniRef90_F7E3D3	61.45	348	360
UniRef90_Q4RID2	55.81	348	402
UniRef90_U3JJM5	71.52	348	766
UniRef90_A0A091LQB3	79.92	348	258
UniRef90_H1A1S0	66.86	348	521
UniRef90_C3YNT0	60.53	348	357
UniRef90_V4ARC7	59.48	348	360
UniRef90_UPI0006B07F31	79.46	348	288
UniRef90_UPI0005308F9A	83.13	348	249
UniRef90_UPI00042B9E04	62.39	348	381
UniRef90_UPI0003831F4F	85.78	348	232
UniRef90_R7ULH5	58.31	348	396
UniRef90_UPI0002653D54	56.43	348	443
UniRef90_G3HC39	60.35	348	375
UniRef90_UPI0006982492	57.77	348	365
UniRef90_F7GD61	61.56	348	344
UniRef90_UPI00062BBF35	57.56	348	535
UniRef90_F7GQK2	61.88	348	310
UniRef90_M3WU73	59.94	348	853
UniRef90_A0A0B6YSX1	56.43	348	355
UniRef90_H9H792	71.32	348	259
UniRef90_V4AUC8	55.10	348	357
UniRef90_A9UT59	55.23	348	346
UniRef90_H3AQ66	59.29	348	800
UniRef90_F1N0Q7	59.36	348	869
UniRef90_UPI000644A6D8	66.55	348	974
UniRef90_W5P2J9	59.36	348	836
UniRef90_H9G7J1	60.12	348	791
UniRef90_G1KZK5	58.31	348	853
UniRef90_G3SDN8	58.84	348	859
UniRef90_K1PQ69	54.57	348	354
UniRef90_G1PMV2	57.39	348	860
UniRef90_B3S8W6	52.89	348	352
UniRef90_H2N4C9	57.77	348	322
UniRef90_S7NU58	71.77	348	248
UniRef90_H0XMC2	57.97	348	858
UniRef90_F6UB85	58.26	348	867
UniRef90_UPI0003EDBD04	71.37	348	248
UniRef90_G3U0H4	57.02	348	860
UniRef90_UPI00046B0D46	70.97	348	248
UniRef90_F7GWA5	59.45	348	334
UniRef90_UPI000359CCE6	53.98	348	355
UniRef90_A0A0L8GFN7	57.82	348	346
UniRef90_UPI0004F08F7C	56.52	348	365
UniRef90_Q7TPK0	57.10	348	879
UniRef90_A0A067RTI2	52.89	348	428
UniRef90_H2PLU5	58.28	348	321
UniRef90_A7S5I7	53.45	348	355
UniRef90_A0A0D2X444	53.01	348	347
UniRef90_UPI0003F0C1CC	59.55	348	279
UniRef90_UPI0006741BD8	54.20	348	355
UniRef90_A0A015JW01	54.12	348	350
UniRef90_H0VT68	55.94	348	857
UniRef90_A0A0L0G965	56.69	348	365
UniRef90_A0A0L0HJ47	51.90	348	414
UniRef90_T1IND5	51.30	348	420
UniRef90_UPI00052817FE	87.69	348	195
UniRef90_K7IWR9	50.72	348	364
UniRef90_S8BQZ7	52.34	348	347
UniRef90_M7WUP1	50.87	348	350
UniRef90_UPI00052170C1	79.91	348	221
UniRef90_T1EG91	51.61	348	344
UniRef90_I1VJ84	48.28	348	429
UniRef90_A0A0D9RRB0	57.39	348	350
UniRef90_U5H3V1	51.45	348	349
UniRef90_Q56CY8	49.14	348	438
UniRef90_G0YZR4	48.01	348	398
UniRef90_UPI000626B401	48.41	348	415
UniRef90_H2TTF4	54.90	348	784
UniRef90_M2QHJ6	51.27	348	361
UniRef90_I1FWI7	52.89	348	348
UniRef90_UPI000528AA43	82.35	348	203
UniRef90_UPI0005282C37	86.01	348	193
UniRef90_A0A068S1L5	49.86	348	352
UniRef90_F2QPA2	50.42	348	354
UniRef90_Q8NJ20	51.30	348	352
UniRef90_I1CNE1	50.72	348	352
UniRef90_G7Q2J9	53.62	348	312
UniRef90_W5Q6S9	60.64	348	273
UniRef90_G1X2B3	50.88	348	347
UniRef90_G3BB07	52.33	348	347
UniRef90_I3JGK6	55.26	348	779
UniRef90_A0A0G2JE82	67.50	348	240
UniRef90_H8WZM8	50.14	348	350
UniRef90_B1PI49	47.97	348	394
UniRef90_G7DYV3	50.43	348	363
UniRef90_A9Z1D4	48.12	348	396
UniRef90_E0VQL3	50.15	348	403
UniRef90_UPI0004621EA0	54.52	348	359
UniRef90_A0A0G2T690	51.88	348	432
UniRef90_H2ZHX6	48.67	348	349
UniRef90_J9K2T3	47.94	348	396
UniRef90_S8FWU0	50.14	348	366
UniRef90_UPI0004EFDACC	84.38	348	197
UniRef90_G8ZRX5	50.57	348	351
UniRef90_B4YA15	50.70	348	360
UniRef90_UPI0006C9A5AE	51.15	348	400
UniRef90_W7I4W9	51.46	348	347
UniRef90_A5DX72	50.86	348	351
UniRef90_M1JS91	48.55	348	429
UniRef90_A0A0J9XES3	50.87	348	348
UniRef90_UPI0006C98299	49.57	348	410
UniRef90_UPI0005CE3390	48.70	348	409
UniRef90_A0A099P5M1	50.14	348	351
UniRef90_M5GG98	50.15	348	352
UniRef90_C1E3K6	49.56	348	342
UniRef90_A0A0N1NX40	49.85	348	349
UniRef90_D2JWW9	52.16	348	375
UniRef90_A0A0C7NDP3	48.86	348	351
UniRef90_A0A061R8F8	50.29	348	385
UniRef90_F5HED7	51.87	348	374
UniRef90_U5ETY6	48.70	348	425
UniRef90_F4P7S3	50.43	348	365
UniRef90_N1QF60	52.20	348	345
UniRef90_A0A0A8KYX9	49.71	348	349
UniRef90_UPI0006266FF0	48.53	348	396
UniRef90_A0A0H2SDP8	50.57	348	356
UniRef90_L0PFC9	49.42	348	343
UniRef90_K0KMS2	49.28	348	352
UniRef90_A7TFI6	50.43	348	352
UniRef90_I7CL89	47.94	348	372
UniRef90_A3LU92	50.72	348	350
UniRef90_J7S4B8	49.28	348	352
UniRef90_Q6C6W3	50.87	348	344
UniRef90_H2AXH6	49.57	348	350
UniRef90_W6MLB1	49.86	348	351
UniRef90_A0A0L0C1A4	46.96	348	423
UniRef90_A0A061AVT0	50.14	348	384
UniRef90_Q01CR1	48.98	348	346
UniRef90_A0A0L0NV66	50.72	348	350
UniRef90_S7RL38	52.77	348	380
UniRef90_A0A0A1N7Q3	47.75	348	384
UniRef90_W8BGW1	46.47	348	419
UniRef90_R4X8G6	49.71	348	346
UniRef90_I4Y8J5	49.42	348	348
UniRef90_I2JUQ2	49.14	348	353
UniRef90_B9WBC8	49.57	348	351
UniRef90_C4Y4N9	50.87	348	374
UniRef90_G0W361	49.43	348	351
UniRef90_A0A0J0XR32	51.31	348	354
UniRef90_B7GA81	52.44	348	343
UniRef90_A0A086TE65	50.15	348	347
UniRef90_P49349	50.14	348	349
UniRef90_A8IX41	49.13	348	360
UniRef90_F6QHP8	47.49	348	349
UniRef90_R7SLQ4	50.56	348	360
UniRef90_W1QIU7	49.86	348	351
UniRef90_N1JB60	50.73	348	347
UniRef90_A0A0C4FAR5	51.30	348	344
UniRef90_Q92250	50.44	348	347
UniRef90_G9P813	51.03	348	347
UniRef90_A0A0D0DLH2	50.14	348	365
UniRef90_B0VZA8	47.81	348	380
UniRef90_G3AKZ9	50.43	348	351
UniRef90_S9X1A7	51.59	348	351
UniRef90_UPI0006D4FD32	45.09	348	403
UniRef90_UPI0004411EE3	48.88	348	372
UniRef90_A0A0L0W5N0	49.16	348	364
UniRef90_A0A0C3S0Z8	49.86	348	358
UniRef90_M2Y4S3	50.73	348	345
UniRef90_E6ZWP5	49.17	348	373
UniRef90_UPI0004CD1C31	46.76	348	407
UniRef90_U1HZZ1	49.71	348	349
UniRef90_UPI0003F493F2	51.57	348	320
UniRef90_A0A060T1X4	48.83	348	345
UniRef90_G2QUM8	50.44	348	347
UniRef90_G1T2K2	69.49	348	848
UniRef90_A0A067LWA9	50.86	348	359
UniRef90_V5FJT9	49.27	348	347
UniRef90_W0W0W0	47.40	348	348
UniRef90_R8BH59	50.73	348	347
UniRef90_C5DKH2	48.56	348	351
UniRef90_A0A0C2XE18	49.72	348	361
UniRef90_A0A090BIU1	49.28	348	349
UniRef90_G0S7R8	51.03	348	347
UniRef90_A0A0C4MWF7	49.86	348	355
UniRef90_W2S9B3	49.41	348	347
UniRef90_G8BU46	47.70	348	352
UniRef90_Q6BM51	49.42	348	350
UniRef90_L8FNQ0	49.27	348	347
UniRef90_A0A017S728	49.12	348	347
UniRef90_F9XIB9	51.16	348	345
UniRef90_K7DW87	49.72	348	361
UniRef90_R7S2J9	49.14	348	378
UniRef90_M3K6D2	49.14	348	352
UniRef90_A0A072P331	50.73	348	347
UniRef90_A0A084QP27	49.56	348	347
UniRef90_A0A0L7QWI9	47.94	348	381
UniRef90_A0A0D1WRX1	49.56	348	347
UniRef90_K5VS96	48.44	348	357
UniRef90_UPI000673B7F9	47.98	348	429
UniRef90_F8P177	49.01	348	384
UniRef90_A0A0E9NR14	50.58	348	648
UniRef90_A5AAE1	50.88	348	346
UniRef90_M5E8N1	47.88	348	361
UniRef90_Q6FLV7	48.43	348	351
UniRef90_UPI0004408C15	48.58	348	354
UniRef90_A0A0G2FBJ4	49.56	348	347
UniRef90_A0A0M0U4T0	49.85	348	347
UniRef90_A0A0C3H8N0	50.00	348	347
UniRef90_O14230	49.57	348	347
UniRef90_V9DD28	48.85	348	347
UniRef90_B6HJG5	49.27	348	347
UniRef90_I0Z1I7	52.05	348	339
UniRef90_G2Q9I5	50.73	348	347
UniRef90_Q757Y2	47.70	348	351
UniRef90_H3HB70	50.79	348	345
UniRef90_R1EUF1	51.17	348	346
UniRef90_C5E173	47.67	348	348
UniRef90_L7JEL9	49.56	348	348
UniRef90_K8F3F4	48.84	348	344
UniRef90_H2M2F2	53.12	348	801
UniRef90_M2MBR9	51.59	348	345
UniRef90_B8MAT2	50.58	348	347
UniRef90_G0VAP1	47.70	348	351
UniRef90_W7TD59	48.41	348	394
UniRef90_J5TMK0	51.31	348	354
UniRef90_A0A066W3E3	49.18	348	380
UniRef90_B4MYB4	46.09	348	411
UniRef90_P08524	46.86	348	352
UniRef90_E9G2F8	48.24	348	347
UniRef90_G8JX22	49.00	348	351
UniRef90_Q7KN61	46.22	348	419
UniRef90_A0A0B1P9S3	49.27	348	359
UniRef90_G8Y768	48.55	348	350
UniRef90_Q0CAS4	47.99	348	347
UniRef90_Q7XYS9	49.11	348	346
UniRef90_E1Z2N1	49.13	348	346
UniRef90_J4GSX5	47.08	348	364
UniRef90_A0A0H3VCX5	46.88	348	429
UniRef90_R9ACD1	47.25	348	350
UniRef90_A0A058ZFT9	49.85	348	346
UniRef90_F0WUD3	47.83	348	345
UniRef90_T1PHW2	46.82	348	443
UniRef90_UPI0003EAB0A3	67.54	348	268
UniRef90_A0A0M4E5B7	46.51	348	406
UniRef90_A0A0D2B757	51.61	348	345
UniRef90_A0A0F8A031	47.80	348	347
UniRef90_I2H1X3	48.57	348	352
UniRef90_B2WM73	50.14	348	347
UniRef90_B6K405	49.86	348	354
UniRef90_A0A0F4X778	49.14	348	351
UniRef90_Q43315	52.41	348	342
UniRef90_S8BI78	49.27	348	347
UniRef90_M7TRE8	48.70	348	347
UniRef90_A0A0C3LD65	47.62	348	366
UniRef90_D8SXE9	47.94	348	363
UniRef90_R7SLM5	48.61	348	360
UniRef90_A8PU92	48.88	348	361
UniRef90_A0A0D7A366	49.56	348	348
UniRef90_A0A0C2X7Q2	48.88	348	366
UniRef90_H6BT51	49.28	348	347
UniRef90_Q9NH03	46.89	348	382
UniRef90_B4KR78	46.22	348	413
UniRef90_Q0TY86	49.57	348	347
UniRef90_A0A091CSC8	62.45	348	253
UniRef90_G0T3G2	50.64	348	342
UniRef90_A0A0C9ZUF0	49.30	348	408
UniRef90_A0A084FXT2	47.80	348	347
UniRef90_A0A0F6PMF9	50.49	348	342
UniRef90_UPI0004413F4F	48.13	348	355
UniRef90_A0A0D2C7W1	48.54	348	347
UniRef90_A0A0B7KDB7	51.91	348	338
UniRef90_V2YTV0	50.88	348	368
UniRef90_A0A0C3FPT0	51.52	348	373
UniRef90_A0A0D2NI18	48.87	348	362
UniRef90_I6THC7	47.52	348	416
UniRef90_A0A0F8WXC5	48.83	348	346
UniRef90_Q4WEB8	50.29	348	347
UniRef90_E5A949	49.85	348	349
UniRef90_A0A067PGX1	47.78	348	396
UniRef90_A5A7A4	44.02	348	427
UniRef90_A0A0C2YUG9	47.80	348	365
UniRef90_F0XRU4	48.98	348	347
UniRef90_M7NKE5	47.67	348	349
UniRef90_UPI0006CF07A6	45.22	348	399
UniRef90_Q94IE8	50.00	348	342
UniRef90_W9Y104	49.42	348	347
UniRef90_A0A074XX92	49.27	348	345
UniRef90_K3WEV8	46.42	348	348
UniRef90_U7PSZ8	49.27	348	347
UniRef90_A0A067TBQ4	48.44	348	364
UniRef90_A0A0N0U4R1	47.93	348	424
UniRef90_A0A0D1YTY8	47.85	348	347
UniRef90_A0A067NEB3	47.35	348	371
UniRef90_A0A0K8LAF8	50.00	348	347
UniRef90_F4R855	47.38	348	370
UniRef90_UPI0004561B96	49.03	348	378
UniRef90_D8SX77	49.27	348	374
UniRef90_A0A097RN62	48.24	348	342
UniRef90_UPI00052EED0B	49.36	348	349
UniRef90_W4JT89	47.90	348	390
UniRef90_S4S9J9	50.49	348	342
UniRef90_A0A068UZP5	50.64	348	342
UniRef90_F7H988	64.90	348	244
UniRef90_Q5AUL8	48.70	348	347
UniRef90_UPI0005812892	48.09	348	345
UniRef90_A0A0K1H354	50.81	348	342
UniRef90_A0A0K0PTV0	50.96	348	342
UniRef90_J3P125	48.09	348	347
UniRef90_G9MHJ3	49.27	348	347
UniRef90_UPI00053CA61F	50.49	348	342
UniRef90_E2B2E9	46.24	348	356
UniRef90_F0Z8Y9	47.28	348	384
UniRef90_O65004	47.65	348	342
UniRef90_A0A0A1T3M9	47.80	348	348
UniRef90_M3XV12	51.04	348	345
UniRef90_A9SPQ1	47.35	348	360
UniRef90_A0A0G2E0J1	49.57	348	370
UniRef90_A0A0D2QAQ2	49.84	348	342
UniRef90_A0A0L0SFB8	49.84	348	396
UniRef90_B2B7C3	48.97	348	349
UniRef90_R0IGG0	49.56	348	347
UniRef90_A0A0L0NIM2	46.04	348	347
UniRef90_G3J9F4	47.21	348	348
UniRef90_E3QAV7	52.44	348	377
UniRef90_G4TB30	44.68	348	594
UniRef90_A0A0N1IG58	45.06	348	394
UniRef90_UPI00052E8F97	49.04	348	349
UniRef90_A7EQQ6	48.39	348	347
UniRef90_Q17F78	46.42	348	430
UniRef90_A0A0F4ZCQ2	48.55	348	349
UniRef90_Q1X8X8	44.35	348	428
UniRef90_E9E7Y0	47.21	348	347
UniRef90_D8Q297	49.13	348	347
UniRef90_I1VX06	46.69	348	370
UniRef90_M1W2L6	47.80	348	347
UniRef90_B0DYP0	48.76	348	363
UniRef90_UPI0006237CD8	46.96	348	411
UniRef90_D1M868	49.36	348	342
UniRef90_K7X485	50.00	348	342
UniRef90_J4KQ38	47.51	348	348
UniRef90_R7Z587	48.99	348	351
UniRef90_UPI00057A1D82	47.93	348	350
UniRef90_Q8RVK7	47.06	348	342
UniRef90_P49351	49.68	348	342
UniRef90_A0A0K2TWZ6	45.93	348	377
UniRef90_A0A0F4Z2C6	53.57	348	339
UniRef90_G2XEE5	47.51	348	347
UniRef90_A0A088CNE3	48.63	348	342
UniRef90_X2D2M7	46.76	348	342
UniRef90_M0SIL9	49.84	348	347
UniRef90_A0A0D6EP38	52.94	348	431
UniRef90_M2SIW7	48.83	348	347
UniRef90_K1WQV7	48.68	348	347
UniRef90_UPI000644C5D5	48.14	348	400
UniRef90_UPI0005F404D1	46.18	348	409
UniRef90_A0A059LSD7	47.41	348	362
UniRef90_UPI0005813BFA	47.02	348	342
UniRef90_N4W485	52.12	348	371
UniRef90_F6KUJ4	49.68	348	341
UniRef90_A0A0B7FAL8	46.72	348	360
UniRef90_I7ZY77	49.13	348	346
UniRef90_A0A024G0B1	47.54	348	345
UniRef90_Q7XYT0	47.32	348	342
UniRef90_C5P4H0	46.99	348	347
UniRef90_W4JQE8	48.18	348	378
UniRef90_W9RMI8	49.36	348	342
UniRef90_UPI0004E565EB	48.51	348	350
UniRef90_Q92235	47.80	348	347
UniRef90_UPI0006149FAA	45.59	348	370
UniRef90_I3SE30	50.00	348	342
UniRef90_V5LFZ7	46.47	348	347
UniRef90_A0A076JDS1	49.36	348	342
UniRef90_I7FHQ2	47.06	348	348
UniRef90_A0A0M8MTY9	46.59	348	693
UniRef90_S4PI76	44.48	348	429
UniRef90_A0A0A0K997	48.09	348	342
UniRef90_A0A0J8CLW4	48.87	348	342
UniRef90_A0A010Q9D8	48.53	348	343
UniRef90_D4AQX4	46.94	348	347
UniRef90_M5VZ02	50.33	348	342
UniRef90_A9PFL3	46.78	348	342
UniRef90_A0A061GGK8	49.35	348	342
UniRef90_F2YI32	46.63	348	351
UniRef90_F8RWH1	48.41	348	345
UniRef90_R1GNB6	49.42	348	342
UniRef90_A0A0L0D3B5	47.80	348	360
UniRef90_A0A0D7BTD8	49.10	348	360
UniRef90_B8XPY7	45.93	348	358
UniRef90_Q0ZJU4	51.15	348	347
UniRef90_B1A9K8	49.68	348	347
UniRef90_E6Y2M9	46.18	348	349
UniRef90_Q8RVQ7	49.84	348	357
UniRef90_UPI00053AB1AB	51.32	348	375
UniRef90_T1K5T9	46.82	348	375
UniRef90_A0A0C3ASK5	48.73	348	416
UniRef90_Q75ND9	45.17	348	381
UniRef90_A0A0B2X7I3	47.54	348	347
UniRef90_S3BVU7	48.09	348	488
UniRef90_A0A0C2T065	47.08	348	364
UniRef90_A0A063CBE8	48.97	348	441
UniRef90_A0A022R0F5	45.54	348	379
UniRef90_O76820	44.02	348	427
UniRef90_A0A034WRK8	44.51	348	408
UniRef90_W5CF03	48.69	348	305
UniRef90_L8WLY0	48.71	348	359
UniRef90_M1AGP3	46.65	348	342
UniRef90_Q58GE9	45.81	348	433
UniRef90_A0A0A1XA06	45.83	348	418
UniRef90_A2WU73	48.21	348	392
UniRef90_W5J8W7	45.35	348	479
UniRef90_O04838	45.59	348	342
UniRef90_UPI000614ED11	45.59	348	501
UniRef90_Q94EW0	49.68	348	341
UniRef90_O04882	45.24	348	353
UniRef90_UPI00067D78FC	45.22	348	842
UniRef90_UPI00067D78FC	46.11	348	842
UniRef90_Q09152	49.35	348	384
UniRef90_A0A0F8BX64	48.84	348	347
UniRef90_A0A0K1H3L0	47.21	348	342
UniRef90_W5MGX1	67.54	348	808
UniRef90_UPI00052F2834	84.66	348	383
UniRef90_A0A0K9Q373	47.63	348	350
UniRef90_A0A061F3M2	47.13	348	342
UniRef90_A0A067PR16	45.63	348	377
UniRef90_UPI000644D952	47.85	348	348
UniRef90_C0LSI7	45.59	348	342
UniRef90_A0A0M9VTM1	47.80	348	347
UniRef90_Q42658	48.12	348	342
UniRef90_Q94G65	48.73	348	342
UniRef90_E2B1K5	44.67	348	379
UniRef90_T5A5A6	46.76	348	347
UniRef90_A9ZN19	46.47	348	342
UniRef90_C1H938	45.91	348	346
UniRef90_W3X3S4	47.21	348	358
UniRef90_P08836	100.00	348	367
UniRef90_UPI00032B2094	69.16	348	420
UniRef90_UPI0003F093A8	68.99	348	420
UniRef90_UPI000298FB28	70.35	348	420
UniRef90_P14324	69.86	348	419
UniRef90_G3W511	70.47	348	420
UniRef90_UPI0003336559	67.25	348	420
UniRef90_UPI0004439472	69.86	348	420
UniRef90_F1P926	69.28	348	421
UniRef90_UPI00063C5428	69.57	348	471
UniRef90_UPI0006432534	68.31	348	443
UniRef90_Q0VCD7	69.86	348	376
UniRef90_Q8WMY2	69.86	348	353
UniRef90_L9KIW6	68.12	348	420
UniRef90_UPI00033312A0	68.02	348	421
UniRef90_G5ARB7	67.83	348	414
UniRef90_UPI00033182E8	66.67	348	420
UniRef90_UPI00045D6AD7	68.01	348	420
UniRef90_S7PKH9	68.12	348	421
UniRef90_UPI00065072F5	68.70	348	420
UniRef90_UPI0003F130A7	67.25	348	420
UniRef90_K9IJM4	66.09	348	419
UniRef90_M3Y2A4	70.06	348	421
UniRef90_G3TQX7	67.83	348	353
UniRef90_UPI00022F482A	69.88	348	420
UniRef90_P05369	68.41	348	353
UniRef90_UPI000395947F	84.64	348	354
UniRef90_UPI0003D081A5	77.71	348	344
UniRef90_I3M4B3	68.90	348	353
UniRef90_Q3KPW7	70.38	348	348
UniRef90_V9KXC4	66.28	348	352
UniRef90_UPI00035132BE	66.96	348	353
UniRef90_UPI000203AF9B	70.55	348	351
UniRef90_UPI0004ED6352	65.89	348	421
UniRef90_H3AQ67	68.80	348	352
UniRef90_UPI00063FBC2C	71.65	348	321
UniRef90_H2TTF5	64.14	348	361
UniRef90_UPI000496B82A	65.19	348	380
UniRef90_F7ILE7	67.54	348	342
UniRef90_UPI00032A0EC7	64.60	348	397
UniRef90_I3JGK5	64.60	348	358
UniRef90_B5X3Y4	63.77	348	359
UniRef90_A0A067RTI2	52.31	348	428
UniRef90_UPI0003F14966	62.28	348	420
UniRef90_Q5XJ03	65.19	348	359
UniRef90_UPI0006B347CA	63.72	348	392
UniRef90_M4ANZ4	64.31	348	358
UniRef90_K7IWR9	50.72	348	364
UniRef90_UPI00054F535F	62.83	348	398
UniRef90_UPI000498535E	64.60	348	393
UniRef90_UPI000576EE7F	62.61	348	359
UniRef90_UPI0002653D54	55.75	348	443
UniRef90_UPI00064439ED	64.31	348	364
UniRef90_S4R688	65.31	348	358
UniRef90_G2Q9I5	49.71	348	347
UniRef90_H2M2F4	62.46	348	359
UniRef90_UPI0006266FF0	47.84	348	396
UniRef90_T1E6J7	65.13	348	348
UniRef90_Q0CAS4	47.70	348	347
UniRef90_C3YNT0	60.18	348	357
UniRef90_M7WUP1	50.14	348	350
UniRef90_H6BT51	47.99	348	347
UniRef90_M2QHJ6	50.42	348	361
UniRef90_UPI000626B401	48.12	348	415
UniRef90_UPI0006C9A5AE	50.72	348	400
UniRef90_R7VW29	86.64	348	310
UniRef90_X2D2M7	46.22	348	342
UniRef90_A0A017S728	48.28	348	347
UniRef90_A0A0B8RUM7	65.98	348	348
UniRef90_A0A0C3H8N0	48.85	348	347
UniRef90_A9UT59	54.62	348	346
UniRef90_V5FJT9	48.28	348	347
UniRef90_UPI00044225F5	66.47	348	348
UniRef90_A0A097RN62	48.24	348	342
UniRef90_S8BQZ7	50.43	348	347
UniRef90_M2Y4S3	50.73	348	345
UniRef90_A0A0D1YTY8	47.41	348	347
UniRef90_UPI00052EED0B	46.47	348	349
UniRef90_V4ARC7	59.36	348	360
UniRef90_A0A0L0C1A4	46.67	348	423
UniRef90_G2QUM8	49.43	348	347
UniRef90_A9ZN19	45.93	348	342
UniRef90_A5AAE1	50.14	348	346
UniRef90_G0S7R8	50.00	348	347
UniRef90_G3PDQ2	61.25	348	387
UniRef90_UPI0005CE3390	48.13	348	409
UniRef90_UPI0006C98299	49.28	348	410
UniRef90_B4YA15	50.28	348	360
UniRef90_UPI0003C27BD3	77.20	348	393
UniRef90_UPI0005812892	47.06	348	345
UniRef90_A0A0K8LAF8	48.85	348	347
UniRef90_G0T3G2	47.35	348	342
UniRef90_A9PFL3	45.64	348	342
UniRef90_F5HED7	50.85	348	374
UniRef90_D4AQX4	45.69	348	347
UniRef90_A0A068UZP5	47.65	348	342
UniRef90_A0A0F6PMF9	46.22	348	342
UniRef90_C0LSI7	45.06	348	342
UniRef90_P49351	46.51	348	342
UniRef90_A0A0F8WXC5	47.84	348	346
UniRef90_A0A068S1L5	49.86	348	352
UniRef90_B6HJG5	48.56	348	347
UniRef90_Q92250	50.44	348	347
UniRef90_A0A0E9NR14	49.57	348	648
UniRef90_I1CNE1	50.72	348	352
UniRef90_F9XIB9	50.15	348	345
UniRef90_M2MBR9	50.58	348	345
UniRef90_A0A0N1NX40	49.85	348	349
UniRef90_G7DYV3	50.43	348	363
UniRef90_E6Y2M9	45.59	348	349
UniRef90_V9DD28	48.85	348	347
UniRef90_L7JEL9	48.70	348	348
UniRef90_S7RL38	50.42	348	380
UniRef90_Q4WEB8	49.14	348	347
UniRef90_F8RWH1	45.88	348	345
UniRef90_V5LFZ7	46.20	348	347
UniRef90_N1QF60	52.20	348	345
UniRef90_Q5AUL8	47.41	348	347
UniRef90_A0A0M0U4T0	49.85	348	347
UniRef90_I7ZY77	48.41	348	346
UniRef90_M0SIL9	46.76	348	347
UniRef90_A0A0K1H354	47.35	348	342
UniRef90_S3BVU7	47.13	348	488
UniRef90_A0A0H2SDP8	49.30	348	356
UniRef90_M5GG98	49.71	348	352
UniRef90_Q8RVQ7	46.47	348	357
UniRef90_A0A0D2QAQ2	45.64	348	342
UniRef90_K7DW87	49.15	348	361
UniRef90_Q8RVK7	46.51	348	342
UniRef90_A0A0K0PTV0	48.24	348	342
UniRef90_C5P4H0	46.26	348	347
UniRef90_G1X2B3	49.28	348	347
UniRef90_Q8NJ20	51.30	348	352
UniRef90_Q14329	62.90	348	348
UniRef90_UPI00052E8F97	46.18	348	349
UniRef90_A0A0G3BFY6	45.00	348	349
UniRef90_A0A0G2J7S7	43.10	348	347
UniRef90_U5H3V1	50.57	348	349
UniRef90_UPI0004408C15	48.00	348	354
UniRef90_U5DFJ8	45.59	348	343
UniRef90_UPI00053CA61F	45.93	348	342
UniRef90_E6ZWP5	48.73	348	373
UniRef90_A0A076JDS1	46.88	348	342
UniRef90_M7ATH9	80.39	348	308
UniRef90_UPI0006237CD8	46.55	348	411
UniRef90_G8ZRX5	50.14	348	351
UniRef90_W9Y104	47.99	348	347
UniRef90_UPI0005D2FE3F	46.53	348	415
UniRef90_D2JWW9	51.88	348	375
UniRef90_S4S9J9	47.06	348	342
UniRef90_UPI00038C4F0D	70.65	348	311
UniRef90_A0A0D2C7W1	47.70	348	347
UniRef90_S8BI78	48.28	348	347
UniRef90_Q56CY4	44.77	348	341
UniRef90_A0A022R0F5	44.06	348	379
UniRef90_R8BH59	49.71	348	347
UniRef90_C1H938	45.11	348	346
UniRef90_A0A067PGX1	47.78	348	396
UniRef90_B8XPY7	45.93	348	358
UniRef90_A0A086TE65	49.14	348	347
UniRef90_R7ULH5	58.48	348	396
UniRef90_L8FNQ0	49.27	348	347
UniRef90_Q7XYS9	48.24	348	346
UniRef90_U7PSZ8	49.27	348	347
UniRef90_A0A0D1WRX1	48.28	348	347
UniRef90_C6KH59	45.00	348	351
UniRef90_R1EUF1	51.17	348	346
UniRef90_UPI0006982492	57.60	348	365
UniRef90_Q1XIT3	44.64	348	349
UniRef90_A0A0A6ZDM8	44.77	348	342
UniRef90_O04838	45.06	348	342
UniRef90_A0A0L0HJ47	51.45	348	414
UniRef90_A0A0D0DLH2	49.73	348	365
UniRef90_A0A0M8MTY9	46.61	348	693
UniRef90_A0A0G2FBJ4	49.56	348	347
UniRef90_Q92235	46.84	348	347
UniRef90_A0A0F8A031	46.84	348	347
UniRef90_A0A074XX92	49.27	348	345
UniRef90_A7TFI6	49.71	348	352
UniRef90_Q94IE8	47.06	348	342
UniRef90_A7EQQ6	48.39	348	347
UniRef90_M1JS91	48.55	348	429
UniRef90_M1AGP3	46.76	348	342
UniRef90_A0A0K1H3L0	45.64	348	342
UniRef90_U5ETY6	48.12	348	425
UniRef90_A0A0B1P9S3	48.84	348	359
UniRef90_A0A061GGK8	45.35	348	342
UniRef90_A0A0K9Q373	46.59	348	350
UniRef90_K1WQV7	48.68	348	347
UniRef90_Q56CY8	48.85	348	438
UniRef90_I3SE30	45.35	348	342
UniRef90_O04882	44.12	348	353
UniRef90_UPI0004621EA0	51.55	348	359
UniRef90_A0A090BIU1	47.85	348	349
UniRef90_M7TRE8	48.28	348	347
UniRef90_A0A0D2NI18	49.29	348	362
UniRef90_A0A088CNE3	47.20	348	342
UniRef90_A8PU92	47.16	348	361
UniRef90_H2ER25	45.03	348	342
UniRef90_A0A0C2YUG9	47.53	348	365
UniRef90_D1M868	46.22	348	342
UniRef90_B1PI49	47.54	348	394
UniRef90_A5DX72	50.72	348	351
UniRef90_U1HZZ1	49.71	348	349
UniRef90_A0A0C2XE18	48.62	348	361
UniRef90_UPI0005813BFA	46.31	348	342
UniRef90_A0A067LWA9	50.29	348	359
UniRef90_A0A0C3S0Z8	49.58	348	358
UniRef90_N1JB60	50.29	348	347
UniRef90_R7SLQ4	49.44	348	360
UniRef90_S8FWU0	49.44	348	366
UniRef90_W9RMI8	46.22	348	342
UniRef90_Q94G65	46.18	348	342
UniRef90_A0A0A0K997	45.06	348	342
UniRef90_I1VJ84	48.28	348	429
UniRef90_A0A072P331	49.43	348	347
UniRef90_J3P125	47.13	348	347
UniRef90_A0A084QP27	48.56	348	347
UniRef90_A0A0F4Z2C6	48.28	348	339
UniRef90_G3J9F4	47.21	348	348
UniRef90_G2XEE5	46.55	348	347
UniRef90_Q09152	45.59	348	384
UniRef90_Q0TY86	49.12	348	347
UniRef90_B8MAT2	49.71	348	347
UniRef90_T1PHW2	46.51	348	443
UniRef90_J7S4B8	49.28	348	352
UniRef90_A0A068U7Q0	45.22	348	349
UniRef90_F0XRU4	47.41	348	347
UniRef90_A0A084FXT2	46.84	348	347
UniRef90_A0A0J9XES3	50.87	348	348
UniRef90_M2SIW7	48.10	348	347
UniRef90_G4TB30	44.33	348	594
UniRef90_A0A0D2X444	52.01	348	347
UniRef90_A0A015JW01	53.20	348	350
UniRef90_UPI0004411EE3	48.88	348	372
UniRef90_Q43315	47.09	348	342
UniRef90_F8P177	49.01	348	384
UniRef90_G9P813	50.00	348	347
UniRef90_A0A0M9VTM1	46.26	348	347
UniRef90_I7FHQ2	46.76	348	348
UniRef90_A0A0C3FPT0	48.33	348	373
UniRef90_Q65XM9	44.48	348	355
UniRef90_F2YI32	46.47	348	351
UniRef90_Q7KN61	45.93	348	419
UniRef90_UPI00057A1D82	47.48	348	350
UniRef90_J4GSX5	46.65	348	364
UniRef90_O65004	47.09	348	342
UniRef90_A0A0C9ZUF0	48.24	348	408
UniRef90_W7I4W9	49.28	348	347
UniRef90_Q94EW0	46.47	348	341
UniRef90_I1HQR4	43.86	348	353
UniRef90_W0W0W0	46.99	348	348
UniRef90_A0A0C7NDP3	48.58	348	351
UniRef90_A0A0D7BTD8	46.31	348	360
UniRef90_A0A0B2X7I3	47.13	348	347
UniRef90_B2B7C3	48.41	348	349
UniRef90_Q4RID2	55.27	348	402
UniRef90_UPI000673B7F9	47.38	348	429
UniRef90_UPI0005F404D1	45.24	348	409
UniRef90_W2S9B3	48.68	348	347
UniRef90_C5E173	47.13	348	348
UniRef90_P08524	46.59	348	352
UniRef90_M5E8N1	47.44	348	361
UniRef90_B4KR78	46.22	348	413
UniRef90_A0A0D2B757	50.88	348	345
UniRef90_H9KWP2	65.22	348	356
UniRef90_A0A061AVT0	50.14	348	384
UniRef90_A8IX41	49.13	348	360
UniRef90_UPI00063C652A	70.37	348	382
UniRef90_A0A067TBQ4	48.01	348	364
UniRef90_W4JT89	47.90	348	390
UniRef90_E9E7Y0	46.26	348	347
UniRef90_P49349	49.00	348	349
UniRef90_A0A0A8KYX9	49.28	348	349
UniRef90_P49353	44.74	348	350
UniRef90_I7CL89	47.94	348	372
UniRef90_M1W2L6	46.84	348	347
UniRef90_H8WZM8	49.71	348	350
UniRef90_UPI0005D46191	46.53	348	446
UniRef90_A0A0B2S247	44.19	348	338
UniRef90_E1Z2N1	48.09	348	346
UniRef90_A0A0A1N7Q3	47.21	348	384
UniRef90_A0A0D7A366	48.42	348	348
UniRef90_Q6C6W3	50.58	348	344
UniRef90_R4X8G6	49.42	348	346
UniRef90_Q5YJK5	45.19	348	390
UniRef90_A0A0A1T3M9	47.25	348	348
UniRef90_Q7XYT0	45.88	348	342
UniRef90_A0A0J0XR32	51.16	348	354
UniRef90_A0A0L7QWI9	46.97	348	381
UniRef90_W1QIU7	49.57	348	351
UniRef90_A0A0J8CLW4	45.59	348	342
UniRef90_C5DKH2	48.15	348	351
UniRef90_K7X485	46.76	348	342
UniRef90_O14230	49.13	348	347
UniRef90_F7F616	64.35	348	352
UniRef90_A0A067NEB3	46.80	348	371
UniRef90_E2B1K5	44.64	348	379
UniRef90_A0A0B7FAL8	45.89	348	360
UniRef90_D8SXE9	47.94	348	363
UniRef90_S9X1A7	51.01	348	351
UniRef90_K7V8H3	43.15	348	355
UniRef90_G0YZR4	47.83	348	398
UniRef90_B1A9K8	46.47	348	347
UniRef90_B4MYB4	45.93	348	411
UniRef90_A0A0D6EP38	43.65	348	431
UniRef90_A0A0F4ZCQ2	48.54	348	349
UniRef90_A0A060T1X4	48.83	348	345
UniRef90_F6KUJ4	45.93	348	341
UniRef90_UPI0004CD1C31	45.95	348	407
UniRef90_G8BU46	47.44	348	352
UniRef90_R7SLM5	47.47	348	360
UniRef90_G3BB07	52.33	348	347
UniRef90_B0VZA8	47.23	348	380
UniRef90_Q75ND9	44.89	348	381
UniRef90_Q42658	45.64	348	342
UniRef90_W6MLB1	49.57	348	351
UniRef90_J4KQ38	47.51	348	348
UniRef90_M5VZ02	46.18	348	342
UniRef90_A0A0C4MWF7	48.58	348	355
UniRef90_A0A0G2E0J1	49.43	348	370
UniRef90_N4W485	45.16	348	371
UniRef90_W5J8W7	45.06	348	479
UniRef90_R7S2J9	48.73	348	378
UniRef90_A0A0L0NIM2	45.11	348	347
UniRef90_A0A0H3VCX5	46.07	348	429
UniRef90_F7GQM8	65.22	348	368
UniRef90_UPI0004561B96	47.92	348	378
UniRef90_C4Y4N9	50.58	348	374
UniRef90_Q757Y2	47.58	348	351
UniRef90_A3LU92	50.29	348	350
UniRef90_A0A063CBE8	47.99	348	441
UniRef90_E5A949	49.42	348	349
UniRef90_K5VS96	47.77	348	357
UniRef90_B3S8W6	54.17	348	352
UniRef90_A0A0C2T065	46.07	348	364
UniRef90_A0A061F3M2	44.44	348	342
UniRef90_R7Z587	48.70	348	351
UniRef90_R0IGG0	48.41	348	347
UniRef90_A0A099P5M1	50.14	348	351
UniRef90_A0A0M4E5B7	46.51	348	406
UniRef90_A0A0F8BX64	47.70	348	347
UniRef90_A0A0C2X7Q2	48.88	348	366
UniRef90_F7E3D3	61.45	348	360
UniRef90_G8Y768	48.55	348	350
UniRef90_B2WM73	48.70	348	347
UniRef90_A0A0D6QZG5	44.83	348	351
UniRef90_G3AKZ9	50.00	348	351
UniRef90_A0A0F4X778	48.43	348	351
UniRef90_A9SPQ1	47.35	348	360
UniRef90_A0A067PR16	45.63	348	377
UniRef90_E2B2E9	45.69	348	356
UniRef90_E3QAV7	44.71	348	377
UniRef90_F2QPA2	49.58	348	354
UniRef90_A0A066W3E3	48.04	348	380
UniRef90_Q6BM51	49.13	348	350
UniRef90_B6K405	49.86	348	354
UniRef90_UPI0004E565EB	48.22	348	350
UniRef90_W4JQE8	47.47	348	378
UniRef90_D8Q297	47.99	348	347
UniRef90_L7RYL1	45.03	348	351
UniRef90_K0KMS2	49.14	348	352
UniRef90_H2AXH6	48.86	348	350
UniRef90_Q6FLV7	46.72	348	351
UniRef90_A0A0F6PN04	44.48	348	342
UniRef90_A2WU73	48.05	348	392
UniRef90_A0A0B6YSX1	55.23	348	355
UniRef90_G0W361	48.72	348	351
UniRef90_F4R855	46.07	348	370
UniRef90_G3MZT9	62.61	348	330
UniRef90_Q01CR1	48.41	348	346
UniRef90_Q17F78	46.51	348	430
UniRef90_UPI00053AB1AB	42.71	348	375
UniRef90_A0A0L9SWC1	47.66	348	425
UniRef90_UPI0004413F4F	48.13	348	355
UniRef90_UPI000359CCE6	53.20	348	355
UniRef90_A9Z1D4	47.69	348	396
UniRef90_B0D5F9	44.97	348	364
UniRef90_G8JX22	47.86	348	351
UniRef90_V2YTV0	49.17	348	368
UniRef90_UPI0003F493F2	51.09	348	320
UniRef90_A0A061R8F8	49.71	348	385
UniRef90_J9Q908	45.61	348	356
UniRef90_F4WXE7	45.24	348	362
UniRef90_Q2VY68	44.71	348	351
UniRef90_A0A0L0NV66	49.57	348	350
UniRef90_A0A0L0W5N0	49.16	348	364
UniRef90_UPI0005122C06	62.54	348	354
UniRef90_C1E3K6	48.84	348	342
UniRef90_A0A0C3LD65	47.09	348	366
UniRef90_B9WBC8	48.84	348	351
UniRef90_A7S5I7	53.12	348	355
UniRef90_T5A5A6	46.63	348	347
UniRef90_A0A0B7KDB7	47.99	348	338
UniRef90_A0A010Q9D8	47.41	348	343
UniRef90_G0VAP1	47.29	348	351
UniRef90_I2H1X3	47.54	348	352
UniRef90_UPI00059635E8	44.19	348	405
UniRef90_E9IQC1	42.77	348	354
UniRef90_E7EJI5	46.15	348	343
UniRef90_J9K2T3	47.23	348	396
UniRef90_A0A0L0G965	53.06	348	365
UniRef90_I1VX06	46.82	348	370
UniRef90_M3K6D2	48.55	348	352
UniRef90_W8BGW1	46.06	348	419
UniRef90_I6THC7	47.52	348	416
UniRef90_Q9FXR9	44.22	348	348
UniRef90_A0A0G2T690	51.30	348	432
UniRef90_K1PQ69	54.23	348	354
UniRef90_I2JUQ2	48.85	348	353
UniRef90_G9MHJ3	48.28	348	347
UniRef90_Q7QIW5	44.19	348	443
UniRef90_B8A815	44.84	348	356
UniRef90_H3HB70	48.27	348	345
UniRef90_F4P7S3	48.83	348	365
UniRef90_W5CF03	48.69	348	305
UniRef90_M4E811	43.19	348	372
UniRef90_J5TMK0	51.02	348	354
UniRef90_V4AUC8	54.68	348	357
UniRef90_B0DYP0	47.34	348	363
UniRef90_E0VQL3	49.42	348	403
UniRef90_A0A0N1IG58	45.06	348	394
UniRef90_A0A075D844	41.45	348	424
UniRef90_A0A058ZFT9	48.97	348	346
UniRef90_A0A0C4FAR5	51.30	348	344
UniRef90_UPI0006741BD8	53.31	348	355
UniRef90_UPI0006149FAA	44.67	348	370
UniRef90_Q1X8X8	44.48	348	428
UniRef90_E5GCW4	44.87	348	343
UniRef90_A5A7A4	43.90	348	427
UniRef90_UPI0006CF07A6	45.22	348	399
UniRef90_I4Y8J5	49.42	348	348
UniRef90_W3X3S4	44.94	348	358
UniRef90_F0Z8Y9	46.99	348	384
UniRef90_A0A0N0U4R1	46.94	348	424
UniRef90_UPI000580CF95	43.80	348	353
UniRef90_D8SX77	47.94	348	374
UniRef90_Q9XEN0	40.54	348	495
UniRef90_R9ACD1	46.96	348	350
UniRef90_A0A067C844	44.48	348	350
UniRef90_B7GA81	52.65	348	343
UniRef90_UPI000580CA93	45.51	348	351
UniRef90_UPI000614ED11	44.67	348	501
UniRef90_UPI0006D4FD32	45.22	348	403
UniRef90_L0PFC9	48.25	348	343
UniRef90_K3WEV8	46.42	348	348
UniRef90_K5X8W4	43.73	348	364
UniRef90_O76820	43.90	348	427
UniRef90_G3HC39	60.53	348	375
UniRef90_S4PI76	44.48	348	429
UniRef90_W7TD59	47.98	348	394
UniRef90_F1N0Q7	59.01	348	869
UniRef90_A0A059LSD7	46.38	348	362
UniRef90_A0A0L0SFB8	46.78	348	396
UniRef90_R1GNB6	49.12	348	342
UniRef90_Q0ZJU4	46.40	348	347
UniRef90_Q9NH03	46.86	348	382
UniRef90_K7USV3	48.99	348	305
UniRef90_A0A0C3ASK5	48.28	348	416
UniRef90_G3SDN8	59.18	348	859
UniRef90_UPI0005B91D8B	43.10	348	407
UniRef90_F7GD61	61.56	348	344
UniRef90_D3TN21	43.48	348	425
UniRef90_W5P2J9	59.01	348	836
UniRef90_A8PB79	41.16	348	402
UniRef90_UPI00042B9E04	62.01	348	381
UniRef90_M7NKE5	47.37	348	349
UniRef90_I0Z1I7	47.94	348	339
UniRef90_H0EH96	43.99	348	328
UniRef90_A0A0D0CNM3	43.72	348	388
UniRef90_K5WPD9	47.89	348	365
UniRef90_UPI00067D78FC	45.22	348	842
UniRef90_UPI00067D78FC	44.80	348	842
UniRef90_I1HQM7	44.31	348	347
UniRef90_T1ID56	44.22	348	346
UniRef90_F4WXE6	42.49	348	354
UniRef90_D7PHZ5	45.61	348	349
UniRef90_A0A0J8BWM1	42.27	348	345
UniRef90_V5I8U9	43.19	348	448
UniRef90_A0A0H4IUW5	42.73	348	432
UniRef90_Q7TPK0	57.43	348	879
UniRef90_A0A024U0W4	42.65	348	351
UniRef90_A0A0L8GFN7	57.18	348	346
UniRef90_E9ICP4	40.87	348	348
UniRef90_UPI0004449952	39.44	348	443
UniRef90_A0A026VZ84	43.10	348	348
UniRef90_Q7FAL6	42.15	348	407
UniRef90_G1PMV2	57.56	348	860
UniRef90_UPI000644D952	46.97	348	348
UniRef90_G1KZK5	58.31	348	853
UniRef90_C4JMA5	43.10	348	326
UniRef90_F0WUD3	46.97	348	345
UniRef90_M0UGF6	43.02	348	408
UniRef90_UPI00062BBF35	57.77	348	535
UniRef90_J9QQQ8	44.64	348	435
UniRef90_A0A094AN05	44.87	348	346
UniRef90_A0A0K9R9T1	41.98	348	345
UniRef90_A0A0A9Z8Q6	43.35	348	430
UniRef90_M3WU73	59.77	348	853
UniRef90_D8LGP5	45.06	348	499
UniRef90_K7WQ59	42.01	348	393
