UniRef90_P48842	100.00	334	350
UniRef90_Q8X168	79.52	334	350
UniRef90_A0A0F7TDE5	76.12	334	354
UniRef90_Q0CTQ7	73.73	334	349
UniRef90_A0A0F8V5M2	72.40	334	356
UniRef90_Q5B153	72.46	334	350
UniRef90_B6QVV5	68.77	334	353
UniRef90_S7ZBM4	70.66	334	354
UniRef90_A0A0K8LNK0	71.56	334	1091
UniRef90_A0A0A2JUJ6	69.85	334	352
UniRef90_Q4WJ80	67.16	334	356
UniRef90_A0A0A2L9P0	70.36	334	352
UniRef90_B8MTD9	67.07	334	353
UniRef90_A0A017ST38	70.45	334	351
UniRef90_K9FGU4	68.96	334	352
UniRef90_B5MGR3	69.85	334	352
UniRef90_A0A0D9LJ17	68.66	334	352
UniRef90_A0A093VBA8	69.82	334	993
UniRef90_B8NNI2	65.87	334	347
UniRef90_R1G7Y3	65.93	334	354
UniRef90_R8BVT3	63.81	334	350
UniRef90_A2R8B9	69.25	334	396
UniRef90_A0A0C3CRJ6	62.50	334	348
UniRef90_A7F1W4	65.30	334	349
UniRef90_A0A0G2GHN3	64.26	334	356
UniRef90_S8BH32	61.64	334	352
UniRef90_V5FA95	61.21	334	784
UniRef90_G1XCD8	60.69	334	352
UniRef90_A0A0G2G7C6	62.57	334	348
UniRef90_A0A0M0U5L4	60.62	334	350
UniRef90_A0A074RLW9	61.38	334	352
UniRef90_A0A074X6M9	62.58	334	352
UniRef90_S3CGC3	59.94	334	352
UniRef90_A0A066UZU5	60.78	334	347
UniRef90_Q2H659	59.81	334	350
UniRef90_W9CIB1	64.24	334	349
UniRef90_G2QYI7	61.39	334	350
UniRef90_A0A074Y0H6	60.94	334	352
UniRef90_W3XKA6	60.19	334	349
UniRef90_A0A0G2HI77	60.66	334	355
UniRef90_A0A066V4H5	63.02	334	363
UniRef90_P83691	59.18	334	332
UniRef90_B2ATQ9	57.28	334	351
UniRef90_F7VKK6	58.92	334	350
UniRef90_K1WTE2	56.89	334	348
UniRef90_P83692	59.49	334	332
UniRef90_A0A093ZR67	56.68	334	436
UniRef90_Q7SGF0	57.91	334	350
UniRef90_E3QDC8	56.80	334	350
UniRef90_C7Z0C3	58.93	334	349
UniRef90_A0A094DJ29	59.44	334	845
UniRef90_A0A084QR74	54.43	334	349
UniRef90_A0A086TF91	57.59	334	348
UniRef90_G4NAG9	54.75	334	351
UniRef90_A0A0B7JMD3	56.46	334	349
UniRef90_M3B4T3	58.39	334	352
UniRef90_L2GA99	60.13	334	322
UniRef90_F0X8S5	55.99	334	351
UniRef90_A0A094CN07	56.38	334	993
UniRef90_A0A010Q927	59.25	334	350
UniRef90_J3NZQ5	55.38	334	353
UniRef90_C9SRP2	55.80	334	349
UniRef90_A0A0G2IEZ8	56.11	334	349
UniRef90_F9FAM7	54.65	334	348
UniRef90_A0A0G4KCD6	55.80	334	531
UniRef90_A0A0F8V0W6	70.73	334	245
UniRef90_A0A094DZW9	58.82	334	2889
UniRef90_A0A094HBT5	58.51	334	2917
UniRef90_A0A098E3F7	54.75	334	350
UniRef90_Q0U9B5	53.43	334	352
UniRef90_A0A0F8B7M6	54.41	334	364
UniRef90_N4VIN1	54.14	334	349
UniRef90_UPI0001F26192	81.99	334	235
UniRef90_M7SMN2	57.01	334	793
UniRef90_A0A0F4ZHR8	54.75	334	351
UniRef90_F9XPT7	54.18	334	342
UniRef90_A0A094ET72	56.83	334	3176
UniRef90_M2RZD4	51.17	334	360
UniRef90_E3S663	52.19	334	357
UniRef90_U7PK31	54.17	334	369
UniRef90_A0A0K6G753	61.90	334	289
UniRef90_A0A066VY37	61.69	334	260
UniRef90_R0KM44	52.47	334	368
UniRef90_M3B1A0	49.71	334	363
UniRef90_E5AAL9	48.98	334	359
UniRef90_A0A061H8R9	49.69	334	354
UniRef90_A0A094ARG7	46.71	334	364
UniRef90_W4JUS4	50.16	334	341
UniRef90_UPI0004409EFF	47.99	334	347
UniRef90_D8Q578	48.51	334	348
UniRef90_UPI0004416D4B	48.23	334	333
UniRef90_A0A0C4DIZ3	47.31	334	363
UniRef90_UPI0004623915	48.15	334	342
UniRef90_A8NCE9	46.89	334	349
UniRef90_G4TXZ5	45.51	334	422
UniRef90_A0A067SQ47	48.61	334	351
UniRef90_A0A0C3M1C7	49.51	334	303
UniRef90_R7T238	46.58	334	342
UniRef90_A0A010R0P0	44.91	334	349
UniRef90_J4HRU7	46.60	334	342
UniRef90_S8DTT3	45.07	334	360
UniRef90_E7D8Q3	45.85	334	352
UniRef90_A0A0G2FFQ4	46.73	334	353
UniRef90_UPI0004449526	49.84	334	350
UniRef90_V2XS95	45.03	334	352
UniRef90_A0A0L6WWZ0	45.56	334	446
UniRef90_A0A0D7BSQ2	46.91	334	346
UniRef90_A0A0D7AB66	46.89	334	350
UniRef90_K5WPL5	44.31	334	351
UniRef90_A0A0H2RDX1	44.86	334	341
UniRef90_A0A067SHI2	46.01	334	352
UniRef90_A0A067P685	45.96	334	350
UniRef90_B8NJE6	44.74	334	347
UniRef90_M2R9G3	46.78	334	320
UniRef90_A0A0D7BQX5	46.60	334	345
UniRef90_UPI0004415DC4	43.61	334	336
UniRef90_N1PWT9	42.11	334	397
UniRef90_A0A074WJG3	40.91	334	390
UniRef90_UPI0004407C28	43.17	334	342
UniRef90_A0A0D2LDE4	46.58	334	348
UniRef90_A0A074YQD1	40.30	334	389
UniRef90_A0A0G2F2J8	40.65	334	382
UniRef90_A0A010QNT8	41.44	334	387
UniRef90_A0A067PV34	43.29	334	353
UniRef90_M3B1D2	42.99	334	390
UniRef90_A0A067MI79	43.83	334	353
UniRef90_G2Y4M8	41.69	334	399
UniRef90_S3D2Y3	42.30	334	386
UniRef90_D0NDU3	39.75	334	358
UniRef90_H3GKV4	39.81	334	359
UniRef90_A7E7D8	41.57	334	398
UniRef90_A0A0C3H0S6	40.36	334	379
UniRef90_W2PE31	40.06	334	358
UniRef90_UPI000441784D	47.55	334	299
UniRef90_S7Q0W5	43.50	334	356
UniRef90_A0A0C3NWC4	45.65	334	342
UniRef90_E3QXW8	39.64	334	389
UniRef90_T0KMM2	38.14	334	386
UniRef90_V9FUP3	37.30	334	358
UniRef90_F8PKC9	43.10	334	362
UniRef90_G4Z7P2	40.19	334	360
UniRef90_K5VJS9	47.06	334	342
UniRef90_R1GVP5	38.51	334	381
UniRef90_K3WHU0	40.62	334	360
UniRef90_N4VBL3	39.04	334	385
UniRef90_W2PFG9	38.32	334	362
UniRef90_G4Z7P1	37.79	334	324
UniRef90_A0A094CL62	39.94	334	368
UniRef90_UPI000455EC88	39.47	334	392
UniRef90_R1G9J9	40.72	334	355
UniRef90_K3WHT9	39.38	334	357
UniRef90_A0A0C3CRS5	43.68	334	359
UniRef90_G4Z739	38.39	334	359
UniRef90_H3GKV5	37.62	334	363
UniRef90_M4B7G3	38.18	334	367
UniRef90_A0A0D7BQ85	43.17	334	326
UniRef90_G4Z738	38.68	334	439
UniRef90_A0A0G2ICM6	38.95	334	398
UniRef90_W2PE83	38.70	334	447
UniRef90_H3GKV1	37.77	334	421
UniRef90_S7Q269	41.38	334	321
UniRef90_K2S2J8	38.53	334	355
UniRef90_A0A094HUG4	40.00	334	2200
UniRef90_A0A0L1HRE1	49.77	334	244
UniRef90_M5G3Y4	38.24	334	436
UniRef90_A0A0G2H4P0	38.41	334	320
UniRef90_A0A0B7KH15	39.69	334	341
UniRef90_F9XPZ6	36.75	334	332
UniRef90_B2VRS4	49.74	334	228
UniRef90_M3D9S3	35.20	334	427
UniRef90_X0KL13	48.00	334	312
UniRef90_D0NDU0	40.32	334	284
UniRef90_UPI0004786209	38.29	334	426
UniRef90_D3CWK3	36.16	334	395
UniRef90_UPI000697B71E	36.45	334	397
UniRef90_UPI0004CB3778	37.15	334	512
UniRef90_A0A0L0JJ84	38.46	334	522
UniRef90_UPI000684DA6C	36.42	334	524
UniRef90_A0A0N0NCB7	37.66	334	522
UniRef90_C9YX47	36.71	334	522
UniRef90_UPI00056552B5	37.97	334	519
UniRef90_A0A0L8KR82	34.29	334	378
UniRef90_A0A0D8BDM8	35.78	334	387
UniRef90_A0A0F4GIU1	34.43	334	361
UniRef90_S4MBZ8	37.82	334	435
UniRef90_D7CR64	33.90	334	374
UniRef90_UPI0005C86B95	35.01	334	383
UniRef90_L2FMQ5	35.71	334	302
UniRef90_UPI000691E4E2	38.36	334	885
UniRef90_UPI000689B703	38.17	334	528
UniRef90_UPI0004BFD4C8	38.32	334	526
UniRef90_A0A0N0N5A3	36.83	334	520
UniRef90_A0A0M2Z8D1	37.03	334	519
UniRef90_UPI0006E16875	37.85	334	522
UniRef90_L8P2P7	37.18	334	519
UniRef90_A0A0L8KWP3	37.89	334	525
UniRef90_A0A0M2J3X1	37.18	334	523
UniRef90_UPI0005AB6F78	37.19	334	517
UniRef90_A0A0F5VR13	37.82	334	519
UniRef90_UPI00068E3508	36.76	334	526
UniRef90_V6JJQ5	37.50	334	520
UniRef90_UPI0006997CA2	36.76	334	408
UniRef90_UPI0004C8A501	37.50	334	522
UniRef90_UPI0005683A23	37.85	334	519
UniRef90_UPI000378A951	36.14	334	519
UniRef90_K4RGR6	37.82	334	519
UniRef90_L0EIB6	39.24	334	1408
UniRef90_D9X914	37.18	334	489
UniRef90_A0A0F5VSS2	33.99	334	382
UniRef90_G2NDN0	35.31	334	520
UniRef90_H2JWN3	36.59	334	520
UniRef90_B5HQA8	33.14	334	407
UniRef90_UPI000564A49E	33.81	334	387
UniRef90_UPI0004C5FB8D	35.94	334	522
UniRef90_L7EVV6	37.03	334	523
UniRef90_UPI0004BE5BE9	35.65	334	379
UniRef90_UPI00037839EB	37.09	334	391
UniRef90_W4DLF4	37.81	334	1150
UniRef90_UPI0004C8C27C	36.19	334	519
UniRef90_A0A0K2SIY2	34.39	334	342
UniRef90_UPI0003FA09D5	36.86	334	1248
UniRef90_UPI0004128DF3	37.97	334	1581
UniRef90_UPI0004128DF3	34.81	334	1581
UniRef90_G4Z740	35.08	334	330
UniRef90_A0A0F4W4V3	36.84	334	345
UniRef90_UPI0004CC7B81	36.84	334	522
UniRef90_UPI0004CC8AB9	36.71	334	526
UniRef90_A0A0N1NGX4	36.45	334	520
UniRef90_C6CZ52	35.35	334	1144
UniRef90_P48843	35.78	334	366
UniRef90_UPI0005BCBC1C	33.52	334	367
UniRef90_UPI00040A8515	36.62	334	357
UniRef90_I6YUG1	35.34	334	741
UniRef90_UPI0004CC2C74	35.94	334	518
UniRef90_A0A0M6WCM6	34.69	334	349
UniRef90_UPI0003822750	35.11	334	374
UniRef90_E8W332	35.20	334	519
UniRef90_UPI0004B3A8B3	36.06	334	1163
UniRef90_A0A066YN42	35.58	334	519
UniRef90_UPI0004C52230	36.14	334	526
UniRef90_UPI0004C1D76E	34.01	334	370
UniRef90_UPI0004C591C8	36.45	334	526
UniRef90_A0A081E9F8	34.65	334	405
UniRef90_UPI0006D551CC	35.33	334	349
UniRef90_UPI000527EBCD	34.37	334	395
UniRef90_A0A0C3E4Q2	33.02	334	410
UniRef90_UPI0006EC0EAF	32.70	334	402
UniRef90_D9XW76	35.60	334	519
UniRef90_UPI0004253BF8	34.43	334	999
UniRef90_A0A0F7VZ22	35.65	334	519
UniRef90_A0A089X4B6	35.03	334	526
UniRef90_UPI00056E1C21	33.96	334	410
UniRef90_UPI00056B456C	32.57	334	402
UniRef90_B5I7M9	35.22	334	382
UniRef90_UPI00069896D3	36.05	334	517
UniRef90_A8L1F9	34.38	334	391
UniRef90_UPI0005AB3635	34.58	334	527
UniRef90_UPI00068A878C	34.52	334	516
UniRef90_UPI0006FC0E04	33.04	334	364
UniRef90_S0F046	35.55	334	367
UniRef90_UPI0006E3F070	34.89	334	525
UniRef90_A0A091CAF3	35.96	334	536
UniRef90_UPI00068F3A71	35.46	334	569
UniRef90_F2RHI5	35.31	334	526
UniRef90_G2S722	33.24	334	400
UniRef90_B5H7K7	35.51	334	511
UniRef90_R7JWV0	33.64	334	365
UniRef90_UPI0003779C95	35.80	334	381
UniRef90_UPI000524F794	34.28	334	508
UniRef90_S7I9U3	32.70	334	410
UniRef90_D6YQ99	35.09	334	397
UniRef90_UPI0003617AB7	36.31	334	357
UniRef90_Q82NH9	35.83	334	522
UniRef90_F5WYL9	35.85	334	536
UniRef90_W4B0Z2	34.19	334	361
UniRef90_UPI000379441E	34.82	334	363
UniRef90_UPI0006922A4A	36.48	334	380
UniRef90_UPI00068B95C2	37.15	334	397
UniRef90_R9IU90	33.43	334	371
UniRef90_S0JDL0	34.55	334	374
UniRef90_UPI000551E1FE	35.35	334	529
UniRef90_UPI00030A7C88	34.27	334	520
UniRef90_UPI00055BD1F6	33.02	334	345
UniRef90_R7JQ65	35.24	334	573
UniRef90_U2XJV5	35.95	334	389
UniRef90_UPI0004BEC823	33.86	334	529
UniRef90_A0A0C7NKG1	34.15	334	385
UniRef90_UPI00047E78E8	35.02	334	353
UniRef90_UPI0004C3C99B	35.31	334	527
UniRef90_UPI00066A97A4	33.23	334	367
UniRef90_D7CFP9	34.80	334	527
UniRef90_UPI00037945D2	36.02	334	536
UniRef90_A0A0F7FRQ4	32.91	334	370
UniRef90_B1ZMQ2	35.28	334	377
UniRef90_UPI000555B17B	33.33	334	400
UniRef90_UPI0005A9600E	34.50	334	374
UniRef90_UPI00052736D0	33.23	334	337
UniRef90_UPI00042528EC	33.97	334	381
UniRef90_UPI0004C18125	34.16	334	387
UniRef90_A4SNF5	31.78	334	399
UniRef90_UPI0004E0FBDC	33.33	334	373
UniRef90_UPI0004C921EC	34.28	334	365
UniRef90_D4W5Z6	33.65	334	357
UniRef90_UPI0004965FF7	32.17	334	400
UniRef90_UPI0005529DD5	36.08	334	516
UniRef90_A0A0A5PY03	32.27	334	399
UniRef90_UPI000684231C	32.90	334	342
UniRef90_UPI0004AD117D	34.23	334	317
UniRef90_R7R639	34.08	334	357
UniRef90_C9XUU8	31.96	334	400
UniRef90_R5UHL3	33.76	334	357
UniRef90_G8S785	33.44	334	352
UniRef90_UPI0004E12BE0	33.44	334	373
UniRef90_G8S786	35.53	334	365
UniRef90_UPI00039400C3	32.08	334	410
UniRef90_A9TRL3	36.45	334	287
UniRef90_G2SXE1	32.83	334	370
UniRef90_UPI0003F77D9C	34.58	334	522
UniRef90_H1VX25	32.43	334	319
UniRef90_A0A0K8JBL9	32.86	334	628
UniRef90_UPI00052519DB	33.86	334	520
UniRef90_UPI00039D41E1	32.96	334	388
UniRef90_H3GKV0	43.65	334	235
UniRef90_Q6D2B8	31.18	334	406
UniRef90_A9S6M0	34.54	334	277
UniRef90_R5EFJ6	36.16	334	565
UniRef90_UPI000364CF67	33.64	334	373
UniRef90_UPI00055F953F	35.24	334	389
UniRef90_D2QUD5	35.10	334	347
UniRef90_UPI0003F88FA3	33.63	334	1454
UniRef90_A0A0E0WX95	32.75	334	400
UniRef90_I3VRN8	34.85	334	1331
UniRef90_A0A0A6X9H8	32.59	334	366
UniRef90_A0A014LYH3	33.63	334	397
UniRef90_F4F8J5	34.48	334	367
UniRef90_UPI0006DBF472	33.65	334	539
UniRef90_I0HCN4	32.70	334	365
UniRef90_UPI00036FF735	33.12	334	359
UniRef90_A0A0N0AR20	34.28	334	369
UniRef90_R9NE20	31.74	334	373
UniRef90_C7MGU3	33.63	334	399
UniRef90_A0A085IK23	31.98	334	400
UniRef90_UPI0006B17408	33.33	334	1452
UniRef90_UPI00068E98C4	35.99	334	1447
UniRef90_UPI0005F29CB7	32.91	334	364
UniRef90_D9WS45	33.96	334	405
UniRef90_A0A0J0YBJ5	35.47	334	352
UniRef90_V5XQ49	33.23	334	543
UniRef90_A0A0L7T0P1	32.08	334	399
UniRef90_A0A060UX94	32.17	334	400
UniRef90_W7YFW2	34.78	334	344
UniRef90_UPI0005514122	34.24	334	332
UniRef90_UPI000526FD30	35.26	334	364
UniRef90_UPI0005272EAD	34.62	334	363
UniRef90_R9L7X9	32.12	334	375
UniRef90_UPI0003FB2204	34.29	334	363
UniRef90_UPI0006489E8F	34.77	334	325
UniRef90_UPI0004763841	35.13	334	366
UniRef90_UPI0005D16BCF	32.09	334	367
UniRef90_UPI0003808AF6	32.02	334	620
UniRef90_A0A066U4P4	33.64	334	369
UniRef90_D4L0F9	31.50	334	386
UniRef90_UPI000701625F	35.85	334	1451
UniRef90_I0XCH1	34.31	334	642
UniRef90_UPI000376EEE1	32.80	334	349
UniRef90_J2IVF1	31.59	334	399
UniRef90_A0A0C1XQZ3	33.43	334	359
UniRef90_B1FZM3	30.79	334	387
UniRef90_UPI0004BAE328	33.74	334	363
UniRef90_UPI0006C5C786	31.70	334	369
UniRef90_UPI0003AD74AE	35.35	334	497
UniRef90_UPI000689FD0A	31.64	334	371
UniRef90_UPI0004275E6C	35.85	334	369
UniRef90_UPI0003F70356	33.53	334	524
UniRef90_UPI00048798F1	33.85	334	551
UniRef90_UPI0005F29B00	35.47	334	366
UniRef90_R9KKB5	31.61	334	374
UniRef90_D2PPF0	33.93	334	522
UniRef90_UPI00035296DA	32.92	334	517
UniRef90_R6EKW3	32.48	334	357
UniRef90_UPI000684F064	35.28	334	369
UniRef90_L0EJN1	31.63	334	346
UniRef90_UPI0003824388	34.34	334	344
UniRef90_F8TRX1	33.87	334	814
UniRef90_R4LKW8	32.60	334	365
UniRef90_UPI0003739F67	33.43	334	519
UniRef90_A0A0L8L5K6	34.08	334	364
UniRef90_UPI000493A14F	32.03	334	346
UniRef90_R5EZH4	32.62	334	373
UniRef90_A0A098BXU6	33.01	334	349
UniRef90_R6QTN7	31.99	334	367
UniRef90_S0ADG1	30.98	334	401
UniRef90_C9CMX6	32.70	334	543
UniRef90_UPI000371E606	34.12	334	332
UniRef90_E4T2S3	34.21	334	348
UniRef90_UPI000469A02C	35.14	334	350
UniRef90_UPI000686D4BA	32.80	334	327
UniRef90_A0A0C1DER0	33.78	334	343
UniRef90_B5WNL6	32.61	334	396
UniRef90_UPI0004185DC0	32.77	334	337
UniRef90_UPI0006FD8F48	33.33	334	1479
UniRef90_H2IT09	30.98	334	403
UniRef90_UPI0006D57D13	32.46	334	338
UniRef90_I0HCN5	35.49	334	363
UniRef90_UPI0006FC96A8	33.53	334	548
UniRef90_M2Q0W7	45.65	334	196
UniRef90_UPI00069E92D3	33.72	334	1458
UniRef90_A0A0A8E4Q3	32.70	334	332
UniRef90_UPI00069655C8	33.77	334	366
UniRef90_W4AMU4	34.07	334	1441
UniRef90_UPI00036757CD	32.18	334	364
UniRef90_A0A0E8XGK0	31.69	334	400
UniRef90_O07013	31.73	334	429
UniRef90_UPI0005A5D7AD	33.02	334	386
UniRef90_UPI00068E3D12	32.27	334	320
UniRef90_B1Z402	32.82	334	390
UniRef90_E0SM65	31.40	334	399
UniRef90_Q0B1V0	32.82	334	386
UniRef90_A6EIU7	35.02	334	348
UniRef90_UPI00051B087A	33.73	334	618
UniRef90_A0A089JWC7	33.75	334	347
UniRef90_UPI000379309B	33.12	334	435
UniRef90_A0A0F5K000	33.75	334	386
UniRef90_V3V346	31.10	334	400
UniRef90_UPI0006FA5347	33.87	334	361
UniRef90_UPI00068F74ED	36.09	334	1221
UniRef90_A0A089IRS1	34.68	334	344
UniRef90_A3J4R9	33.03	334	353
UniRef90_R5UHZ1	31.42	334	369
UniRef90_D5HF59	29.66	334	410
UniRef90_A0A0D1K838	32.93	334	523
UniRef90_H1YBD3	35.79	334	379
UniRef90_C6LAN1	30.65	334	382
UniRef90_G2T3X3	32.48	334	357
UniRef90_W2EKI0	33.44	334	363
UniRef90_UPI00064A5BA0	31.95	334	600
UniRef90_UPI0005599BC3	30.70	334	371
UniRef90_UPI000693DF83	35.86	334	1172
UniRef90_UPI000410CE0D	32.91	334	343
UniRef90_UPI000464E97D	30.77	334	403
UniRef90_R5KI13	33.33	334	373
UniRef90_D0VBB7	32.00	334	326
UniRef90_UPI000692336C	34.67	334	332
UniRef90_UPI000403DA4B	34.13	334	766
UniRef90_UPI0003B6B359	30.65	334	367
UniRef90_D4E816	30.98	334	401
UniRef90_A0A095V2H1	30.99	334	336
UniRef90_UPI000372CE4E	33.22	334	331
UniRef90_R9IMA7	31.52	334	374
UniRef90_A4SNG1	30.25	334	381
UniRef90_UPI00068FED3E	33.54	334	338
UniRef90_UPI0006F2F6D1	32.83	334	521
UniRef90_UPI0006B52872	34.58	334	385
UniRef90_G0FWQ0	32.34	334	390
UniRef90_W8F672	34.42	334	596
UniRef90_D9SW64	32.55	334	1381
UniRef90_I3BMH6	30.75	334	897
UniRef90_G5GC25	33.64	334	416
UniRef90_UPI00037A262F	34.19	334	1108
UniRef90_M2QVB8	45.66	334	186
UniRef90_E6TXZ9	32.14	334	794
UniRef90_UPI0006F4AD83	33.00	334	329
UniRef90_UPI000464A0C3	34.16	334	379
UniRef90_C4RM08	33.44	334	378
UniRef90_E7RLN6	32.81	334	419
UniRef90_B1ZNL3	34.95	334	373
UniRef90_UPI0004DF08E8	31.37	334	343
UniRef90_A0A090IVF4	33.55	334	942
UniRef90_C0FZM3	30.70	334	371
UniRef90_A0A081LPD6	31.80	334	392
UniRef90_UPI00046827E8	29.71	334	348
UniRef90_A8F5P5	33.13	334	597
UniRef90_D2YHS4	32.29	334	394
UniRef90_UPI00047893D8	32.59	334	913
UniRef90_UPI00036DB9AD	32.59	334	691
UniRef90_C4Z8R5	30.21	334	369
UniRef90_B9TB00	33.00	334	343
UniRef90_J2JV24	30.72	334	332
UniRef90_D9TIP7	33.63	334	1084
UniRef90_UPI0003A2131A	32.60	334	375
UniRef90_UPI00055C4D3F	35.42	334	397
UniRef90_UPI0004DB8EC9	30.95	334	370
UniRef90_W4QNR5	33.43	334	895
UniRef90_V5WWS4	37.42	334	576
UniRef90_UPI0006457F48	32.64	334	355
UniRef90_C6J3G1	30.89	334	351
UniRef90_UPI000365F9D1	34.07	334	391
UniRef90_UPI0006FACE13	33.14	334	1200
UniRef90_A0A071LV43	30.86	334	400
UniRef90_H3KA21	30.79	334	624
UniRef90_A0A0F0GAC3	30.65	334	371
UniRef90_UPI0006B4DC27	35.53	334	380
UniRef90_E3JCH1	32.82	334	355
UniRef90_UPI0005C60EF5	34.49	334	412
UniRef90_UPI00040CAD44	33.98	334	363
UniRef90_UPI0003B33552	32.49	334	730
UniRef90_UPI0004E1509C	30.03	334	367
UniRef90_Q65CX5	31.53	334	424
UniRef90_UPI0003647B89	31.30	334	647
UniRef90_R5YFC6	30.21	334	369
UniRef90_UPI00068589FE	33.33	334	321
UniRef90_P48842	100.00	334	350
UniRef90_A0A0K8LNK0	71.56	334	1091
UniRef90_Q4WJ80	67.16	334	356
UniRef90_Q8X168	79.52	334	350
UniRef90_Q0CTQ7	73.73	334	349
UniRef90_A0A0F7TDE5	76.12	334	354
UniRef90_G2QYI7	58.38	334	350
UniRef90_A0A0M0U5L4	58.38	334	350
UniRef90_Q5B153	72.46	334	350
UniRef90_A0A0F8V5M2	72.19	334	356
UniRef90_B8MTD9	67.07	334	353
UniRef90_S7ZBM4	70.36	334	354
UniRef90_Q2H659	56.89	334	350
UniRef90_B5MGR3	69.85	334	352
UniRef90_B6QVV5	68.77	334	353
UniRef90_W3XKA6	57.78	334	349
UniRef90_R8BVT3	60.66	334	350
UniRef90_A0A093ZR67	56.68	334	436
UniRef90_Q0U9B5	53.43	334	352
UniRef90_A0A0A2JUJ6	69.85	334	352
UniRef90_S3CGC3	58.04	334	352
UniRef90_Q7SGF0	55.59	334	350
UniRef90_A0A093VBA8	69.82	334	993
UniRef90_B2ATQ9	54.79	334	351
UniRef90_A0A066UZU5	60.78	334	347
UniRef90_R1G7Y3	65.11	334	354
UniRef90_A0A0C3CRJ6	60.18	334	348
UniRef90_K9FGU4	68.96	334	352
UniRef90_A0A074RLW9	61.38	334	352
UniRef90_S8BH32	59.28	334	352
UniRef90_A0A0A2L9P0	70.36	334	352
UniRef90_A0A094DJ29	57.27	334	845
UniRef90_G1XCD8	58.38	334	352
UniRef90_K1WTE2	56.89	334	348
UniRef90_A0A0D9LJ17	68.66	334	352
UniRef90_M3B4T3	56.12	334	352
UniRef90_P83691	56.29	334	332
UniRef90_A0A094CN07	56.38	334	993
UniRef90_F7VKK6	56.02	334	350
UniRef90_A0A084QR74	51.80	334	349
UniRef90_A0A0B7JMD3	55.69	334	349
UniRef90_B8NNI2	65.87	334	347
UniRef90_A0A074Y0H6	58.38	334	352
UniRef90_E3S663	49.70	334	357
UniRef90_P83692	56.59	334	332
UniRef90_M2RZD4	50.88	334	360
UniRef90_A0A074X6M9	59.58	334	352
UniRef90_A0A017ST38	70.45	334	351
UniRef90_A0A0G4KCD6	53.59	334	531
UniRef90_E3QDC8	56.02	334	350
UniRef90_A0A0F4ZHR8	52.10	334	351
UniRef90_R0KM44	49.71	334	368
UniRef90_A0A0F8B7M6	51.87	334	364
UniRef90_A0A0G2HI77	60.66	334	355
UniRef90_F0X8S5	55.69	334	351
UniRef90_A0A094HBT5	57.23	334	2917
UniRef90_A0A094DZW9	57.53	334	2889
UniRef90_C9SRP2	53.59	334	349
UniRef90_V5FA95	61.59	334	784
UniRef90_A0A0G2GHN3	63.47	334	356
UniRef90_A0A098E3F7	52.10	334	350
UniRef90_A0A086TF91	57.23	334	348
UniRef90_A7F1W4	62.87	334	349
UniRef90_C7Z0C3	56.59	334	349
UniRef90_A0A094ET72	57.01	334	3176
UniRef90_G4NAG9	52.10	334	351
UniRef90_F9FAM7	53.89	334	348
UniRef90_E5AAL9	48.69	334	359
UniRef90_A0A0G2G7C6	62.57	334	348
UniRef90_W9CIB1	61.38	334	349
UniRef90_J3NZQ5	53.29	334	353
UniRef90_A0A066V4H5	63.23	334	363
UniRef90_UPI0004CB3778	34.10	334	512
UniRef90_N4VIN1	51.81	334	349
UniRef90_D7CR64	33.71	334	374
UniRef90_S4MBZ8	34.77	334	435
UniRef90_UPI000378A951	33.62	334	519
UniRef90_A0A081E9F8	32.47	334	405
UniRef90_A0A010Q927	57.19	334	350
UniRef90_A0A0C7NKG1	31.18	334	385
UniRef90_R7JWV0	29.65	334	365
UniRef90_UPI000524F794	30.66	334	508
UniRef90_UPI0004C5FB8D	32.00	334	522
UniRef90_UPI00056552B5	35.14	334	519
UniRef90_A0A0K8JBL9	31.65	334	628
UniRef90_M7SMN2	57.33	334	793
UniRef90_D7CFP9	32.00	334	527
UniRef90_UPI00052519DB	31.14	334	520
UniRef90_D4E816	28.53	334	401
UniRef90_G2S722	32.38	334	400
UniRef90_A0A0N1NGX4	33.43	334	520
UniRef90_UPI000555B17B	31.81	334	400
UniRef90_C9XUU8	31.23	334	400
UniRef90_E8W332	32.29	334	519
UniRef90_A0A0M2Z8D1	34.00	334	519
UniRef90_A0A0L0JJ84	34.77	334	522
UniRef90_UPI00066A97A4	30.46	334	367
UniRef90_B5H7K7	32.86	334	511
UniRef90_UPI0004C591C8	33.05	334	526
UniRef90_A0A0N0N5A3	34.00	334	520
UniRef90_L8P2P7	34.20	334	519
UniRef90_UPI0004BEC823	30.57	334	529
UniRef90_L7EVV6	34.00	334	523
UniRef90_A0A061H8R9	46.90	334	354
UniRef90_A0A066YN42	32.76	334	519
UniRef90_B9K9B3	30.81	334	612
UniRef90_UPI0004B3A8B3	34.88	334	1163
UniRef90_Q9X0S8	30.81	334	606
UniRef90_A0A0F7VZ22	32.00	334	519
UniRef90_UPI000691E4E2	34.96	334	885
UniRef90_G2NDN0	32.00	334	520
UniRef90_Q6D2B8	31.03	334	406
UniRef90_UPI0003F77D9C	31.43	334	522
UniRef90_S0ADG1	28.38	334	401
UniRef90_A0A0A5PY03	31.50	334	399
UniRef90_W4DLF4	34.28	334	1150
UniRef90_UPI00068A878C	30.57	334	516
UniRef90_L2GA99	60.33	334	322
UniRef90_UPI0004C52230	32.86	334	526
UniRef90_UPI0004CC7B81	33.14	334	522
UniRef90_D9XW76	32.18	334	519
UniRef90_UPI0004C3C99B	31.43	334	527
UniRef90_A0A0M2J3X1	34.29	334	523
UniRef90_A0A0G2IEZ8	55.62	334	349
UniRef90_UPI0005BCBC1C	32.95	334	367
UniRef90_A0A0N0NCB7	34.86	334	522
UniRef90_UPI0003822750	32.09	334	374
UniRef90_S0JDL0	30.83	334	374
UniRef90_F9XPT7	52.52	334	342
UniRef90_A0A089X4B6	32.00	334	526
UniRef90_A0A0E0WX95	31.81	334	400
UniRef90_A0A060UX94	31.23	334	400
UniRef90_D9X914	33.91	334	489
UniRef90_A0A085IK23	31.23	334	400
UniRef90_UPI0004CC8AB9	32.57	334	526
UniRef90_A0A0L8KWP3	33.71	334	525
UniRef90_UPI0005AB3635	31.71	334	527
UniRef90_V3V346	28.26	334	400
UniRef90_UPI0004965FF7	31.70	334	400
UniRef90_C9YX47	33.71	334	522
UniRef90_UPI00047E78E8	31.55	334	353
UniRef90_J2IVF1	30.95	334	399
UniRef90_M3B1A0	48.97	334	363
UniRef90_UPI0006E16875	33.43	334	522
UniRef90_UPI00056E1C21	30.98	334	410
UniRef90_A4SNF5	31.03	334	399
UniRef90_K4RGR6	34.29	334	519
UniRef90_UPI000689B703	34.59	334	528
UniRef90_UPI0004253BF8	33.14	334	999
UniRef90_V6JJQ5	34.48	334	520
UniRef90_UPI000464E97D	29.23	334	403
UniRef90_A0A0K2SIY2	33.91	334	342
UniRef90_H2JWN3	33.43	334	520
UniRef90_I6YUG1	34.57	334	741
UniRef90_A0A0F5VR13	34.00	334	519
UniRef90_A0A0C3E4Q2	30.16	334	410
UniRef90_A0A0E8XGK0	28.38	334	400
UniRef90_UPI00039400C3	29.35	334	410
UniRef90_A0A0L7T0P1	31.52	334	399
UniRef90_UPI0006FC0E04	32.57	334	364
UniRef90_C6CZ52	34.30	334	1144
UniRef90_UPI000687EB9F	29.51	334	1196
UniRef90_G4TXZ5	44.41	334	422
UniRef90_UPI0003FA09D5	35.47	334	1248
UniRef90_R9IU90	30.35	334	371
UniRef90_Q82NH9	33.14	334	522
UniRef90_UPI0004E12BE0	30.95	334	373
UniRef90_A0A0L8KR82	32.09	334	378
UniRef90_A0A0F7FRQ4	29.57	334	370
UniRef90_UPI0004C8A501	34.29	334	522
UniRef90_P48843	33.43	334	366
UniRef90_UPI0004C1D76E	33.53	334	370
UniRef90_R9L7X9	28.49	334	375
UniRef90_C6LAN1	28.03	334	382
UniRef90_A0A071LV43	28.88	334	400
UniRef90_UPI0006483443	28.02	334	1192
UniRef90_UPI0004C8C27C	32.86	334	519
UniRef90_A8FJ43	26.90	334	402
UniRef90_F2RHI5	31.71	334	526
UniRef90_L0EIB6	35.31	334	1408
UniRef90_UPI00030A7C88	31.32	334	520
UniRef90_UPI0003647B89	28.61	334	647
UniRef90_UPI0006E3F070	32.00	334	525
UniRef90_W4B0Z2	32.01	334	361
UniRef90_UPI0005C86B95	31.50	334	383
UniRef90_UPI00068E98C4	32.58	334	1447
UniRef90_UPI0006FACE13	29.32	334	1200
UniRef90_UPI0006DBF472	30.68	334	539
UniRef90_D6YQ99	31.52	334	397
UniRef90_B1FZM3	30.51	334	387
UniRef90_A0A014LYH3	30.27	334	397
UniRef90_W4JUS4	47.93	334	341
UniRef90_I3VRN8	31.86	334	1331
UniRef90_UPI0003498867	31.14	334	386
UniRef90_D9TIP7	30.11	334	1084
UniRef90_R9KKB5	28.61	334	374
UniRef90_UPI000597B86C	28.93	334	597
UniRef90_UPI0005A5D7AD	30.68	334	386
UniRef90_H2IT09	28.11	334	403
UniRef90_UPI0006C5C786	28.65	334	369
UniRef90_UPI00069896D3	33.33	334	517
UniRef90_UPI000597E6B0	29.30	334	600
UniRef90_UPI0004786209	35.55	334	426
UniRef90_UPI00056B456C	30.66	334	402
UniRef90_UPI00037839EB	32.29	334	391
UniRef90_A8F5P5	29.69	334	597
UniRef90_Q0B1V0	30.97	334	386
UniRef90_UPI0006EC0EAF	30.16	334	402
UniRef90_UPI0005D16BCF	28.23	334	367
UniRef90_H6NAA9	29.25	334	1191
UniRef90_F8F519	29.25	334	1238
UniRef90_UPI0005599BC3	28.46	334	371
UniRef90_R9NE20	28.84	334	373
UniRef90_UPI0003808AF6	30.31	334	620
UniRef90_D8Q578	48.21	334	348
UniRef90_B1Z402	30.68	334	390
UniRef90_A8NCE9	45.10	334	349
UniRef90_UPI0004BE5BE9	33.24	334	379
UniRef90_UPI000684231C	30.72	334	342
UniRef90_S7I9U3	29.89	334	410
UniRef90_G2SXE1	29.41	334	370
UniRef90_UPI0003A7F55B	28.46	334	399
UniRef90_E0SM65	29.38	334	399
UniRef90_A0A0C4DIZ3	47.31	334	363
UniRef90_UPI0004855F66	28.69	334	384
UniRef90_B5HQA8	31.81	334	407
UniRef90_UPI0006997CA2	35.19	334	408
UniRef90_A0A0F5VSS2	32.68	334	382
UniRef90_D5HF59	27.79	334	410
UniRef90_UPI0004128DF3	34.01	334	1581
UniRef90_UPI0004128DF3	33.44	334	1581
UniRef90_A0A0F5K000	30.40	334	386
UniRef90_UPI0004BFD4C8	36.02	334	526
UniRef90_UPI000564A49E	32.47	334	387
UniRef90_UPI00055BD1F6	31.03	334	345
UniRef90_UPI0002DF2357	26.29	334	554
UniRef90_UPI0004024BCC	28.12	334	597
UniRef90_R5EZH4	28.61	334	373
UniRef90_A0A089JWC7	30.09	334	347
UniRef90_UPI0003F70356	30.11	334	524
UniRef90_UPI0004C18125	31.35	334	387
UniRef90_C0FZM3	28.30	334	371
UniRef90_UPI0003B6B359	27.88	334	367
UniRef90_R5UHZ1	28.07	334	369
UniRef90_UPI0004CC2C74	32.54	334	518
UniRef90_R5YFC6	26.74	334	369
UniRef90_E6TXZ9	30.59	334	794
UniRef90_I0XCH1	30.92	334	642
UniRef90_UPI00055F953F	30.84	334	389
UniRef90_U7PK31	51.71	334	369
UniRef90_UPI0006FF58A0	30.54	334	397
UniRef90_UPI00051B087A	31.61	334	618
UniRef90_UPI00036757CD	29.28	334	364
UniRef90_V2XS95	43.32	334	352
UniRef90_B5WNL6	31.43	334	396
UniRef90_E7D8Q3	43.79	334	352
UniRef90_C6J3F7	26.83	334	545
UniRef90_A0A0A6Q4Z6	28.57	334	391
UniRef90_UPI000689FD0A	30.66	334	371
UniRef90_B5I7M9	33.82	334	382
UniRef90_UPI0004416D4B	47.59	334	333
UniRef90_A0A0F0GAC3	28.61	334	371
UniRef90_F5WYL9	31.42	334	536
UniRef90_Q5WC60	29.32	334	400
UniRef90_A0A0D7BSQ2	45.54	334	346
UniRef90_UPI000376EEE1	30.00	334	349
UniRef90_UPI00068F3A71	33.43	334	569
UniRef90_UPI0006D551CC	32.29	334	349
UniRef90_A0A091CAF3	31.97	334	536
UniRef90_UPI0004623915	46.87	334	342
UniRef90_A0A067SQ47	47.68	334	351
UniRef90_D9WS45	33.96	334	405
UniRef90_UPI00068C8252	27.56	334	648
UniRef90_A3DFA2	27.79	334	415
UniRef90_J4HRU7	45.37	334	342
UniRef90_UPI0005683A23	34.87	334	519
UniRef90_R9IMA7	27.84	334	374
UniRef90_V5XQ49	30.25	334	543
UniRef90_UPI00036FF735	29.66	334	359
UniRef90_UPI00048880FA	27.95	334	357
UniRef90_A0A0N0AR20	31.59	334	369
UniRef90_H1YBD3	32.13	334	379
UniRef90_A0A0J1CW00	30.88	334	385
UniRef90_C4Z8R5	25.67	334	369
UniRef90_UPI0003F88FA3	31.48	334	1454
UniRef90_A0A0L6WWZ0	43.99	334	446
UniRef90_UPI000646B142	26.51	334	654
UniRef90_R6EKW3	30.86	334	357
UniRef90_UPI000701625F	31.67	334	1451
UniRef90_B8E055	27.25	334	619
UniRef90_R6QTN7	28.03	334	367
UniRef90_W4AMU4	33.23	334	1441
UniRef90_I0HCN4	31.07	334	365
UniRef90_A0A094ARG7	46.71	334	364
UniRef90_UPI0006B17408	31.20	334	1452
UniRef90_UPI000379441E	32.85	334	363
UniRef90_G8S785	30.77	334	352
UniRef90_A0A0H2RDX1	43.41	334	341
UniRef90_A0A0L8L5K6	32.16	334	364
UniRef90_UPI000364CF67	31.21	334	373
UniRef90_A0A0L6JHR3	31.33	334	342
UniRef90_UPI0006F4FA59	26.39	334	639
UniRef90_UPI0004C921EC	34.28	334	365
UniRef90_UPI0005A9600E	32.85	334	374
UniRef90_UPI0004E1509C	27.27	334	367
UniRef90_UPI00040A8515	30.87	334	357
UniRef90_G2T3X3	30.56	334	357
UniRef90_UPI000660BAA5	29.40	334	786
UniRef90_UPI000493A14F	31.15	334	346
UniRef90_UPI000553BA4C	26.39	334	649
UniRef90_UPI0006873343	26.74	334	462
UniRef90_E4T2S3	33.55	334	348
UniRef90_UPI0003617AB7	31.78	334	357
UniRef90_D4L0F9	27.69	334	386
UniRef90_N1PWT9	41.76	334	397
UniRef90_UPI0005F29CB7	30.86	334	364
UniRef90_C9CMX6	28.80	334	543
UniRef90_UPI00035296DA	29.83	334	517
UniRef90_R7T238	45.10	334	342
UniRef90_UPI0002F022DB	28.77	334	668
UniRef90_R7R639	31.38	334	357
UniRef90_UPI0004763841	32.15	334	366
UniRef90_J2JV24	30.26	334	332
UniRef90_UPI0004E0FBDC	33.33	334	373
UniRef90_D9T208	30.52	334	374
UniRef90_A0A066U4P4	30.77	334	369
UniRef90_UPI0006908FC9	29.26	334	617
UniRef90_UPI0004415DC4	41.92	334	336
UniRef90_UPI0004407C28	41.79	334	342
UniRef90_J9E3Q0	27.35	334	366
UniRef90_UPI0003670D2D	30.70	334	333
UniRef90_UPI00068E3D12	31.15	334	320
UniRef90_UPI000464A0C3	30.26	334	379
UniRef90_R4LKW8	30.77	334	365
UniRef90_G8LST5	29.22	334	446
UniRef90_UPI0004275E6C	31.95	334	369
UniRef90_K5WPL5	42.77	334	351
UniRef90_UPI0006FD8F48	32.34	334	1479
UniRef90_UPI00064A5BA0	27.78	334	600
UniRef90_C6J3G1	28.57	334	351
UniRef90_A0A067P685	44.35	334	350
UniRef90_UPI00069E92D3	31.32	334	1458
UniRef90_UPI00068FED3E	29.28	334	338
UniRef90_A0A0D7BQX5	44.48	334	345
UniRef90_R5UHL3	31.09	334	357
UniRef90_I0KZK4	30.23	334	378
UniRef90_UPI00037945D2	31.42	334	536
UniRef90_UPI00039D41E1	30.23	334	388
UniRef90_UPI0004DF08E8	28.87	334	343
UniRef90_I0KGL3	29.62	334	406
UniRef90_S3D2Y3	41.59	334	386
UniRef90_UPI0004409EFF	46.29	334	347
UniRef90_UPI0005AB6F78	35.16	334	517
UniRef90_UPI000410CE0D	29.63	334	343
UniRef90_UPI000684DA6C	33.92	334	524
UniRef90_G2Y4M8	41.42	334	399
UniRef90_A0A074YQD1	38.14	334	389
UniRef90_UPI000527EBCD	33.33	334	395
UniRef90_A0A0A6X9H8	28.99	334	366
UniRef90_UPI00052736D0	31.36	334	337
UniRef90_C4RM08	30.72	334	378
UniRef90_C5AM16	30.86	334	384
UniRef90_UPI00048798F1	30.41	334	551
UniRef90_UPI00066B7CBD	26.88	334	370
UniRef90_A0A010R0P0	44.91	334	349
UniRef90_A4SNG1	28.12	334	381
UniRef90_UPI00046447E5	31.33	334	423
UniRef90_I0HCN5	32.28	334	363
UniRef90_A0A074WJG3	38.70	334	390
UniRef90_UPI0005F29B00	32.28	334	366
UniRef90_C7MGU2	28.34	334	557
UniRef90_R6EMN6	27.01	334	369
UniRef90_A0A0G2FFQ4	44.94	334	353
UniRef90_U2XJV5	33.16	334	389
UniRef90_UPI00067420E9	30.70	334	334
UniRef90_Q65CX5	26.72	334	424
UniRef90_D2PPF0	28.81	334	522
UniRef90_I0GMZ7	28.41	334	616
UniRef90_U2YKF7	28.69	334	549
UniRef90_O07013	27.25	334	429
UniRef90_UPI0004BAE328	30.85	334	363
UniRef90_D2QUD5	34.98	334	347
UniRef90_R9GLY4	30.25	334	349
UniRef90_H3KA21	29.41	334	624
UniRef90_A0A0K6G753	61.45	334	289
UniRef90_F4F8J5	33.86	334	367
UniRef90_UPI000697B71E	35.13	334	397
UniRef90_E3QXW8	38.42	334	389
UniRef90_UPI00035FF1EA	27.78	334	913
UniRef90_S8DTT3	44.79	334	360
UniRef90_F0SAS7	29.61	334	340
UniRef90_W4QNR5	31.27	334	895
UniRef90_A0A098BXU6	32.68	334	349
UniRef90_UPI0005272EAD	33.75	334	363
UniRef90_A0A010QNT8	41.12	334	387
UniRef90_B8I434	30.70	334	425
UniRef90_E0SSW8	28.41	334	810
UniRef90_R5EFJ6	31.69	334	565
UniRef90_F8TRX1	28.57	334	814
UniRef90_UPI000551E1FE	31.91	334	529
UniRef90_UPI00069655C8	32.46	334	366
UniRef90_UPI0001E2D942	30.57	334	452
UniRef90_A0A0G2F2J8	39.58	334	382
UniRef90_UPI0006D57D13	30.56	334	338
UniRef90_UPI0003AD74AE	33.63	334	497
UniRef90_R7JQ65	32.44	334	573
UniRef90_A0A0C3NWC4	43.88	334	342
UniRef90_UPI000695FA8C	27.44	334	657
UniRef90_G8S786	33.53	334	365
UniRef90_A0A0C3M1C7	49.19	334	303
UniRef90_A0A0C1DER0	33.44	334	343
UniRef90_W2EKI0	31.20	334	363
UniRef90_A0A067MI79	42.73	334	353
UniRef90_UPI00047893D8	27.06	334	913
UniRef90_W7YFW2	30.63	334	344
UniRef90_F4L019	31.52	334	340
UniRef90_UPI0004AD117D	34.22	334	317
UniRef90_A0A095V2H1	29.22	334	336
UniRef90_UPI0003B20C03	28.69	334	410
UniRef90_B8NJE6	44.74	334	347
UniRef90_L0EJN1	29.15	334	346
UniRef90_UPI0004DB8EC9	27.93	334	370
UniRef90_A7E7D8	40.83	334	398
UniRef90_G0FWQ0	29.81	334	390
UniRef90_C4IBC1	30.40	334	341
UniRef90_UPI000379309B	28.31	334	435
UniRef90_UPI0003739F67	29.05	334	519
UniRef90_M3B1D2	40.80	334	390
UniRef90_A0A0F4W4V3	35.74	334	345
UniRef90_D4W5Z6	29.56	334	357
UniRef90_UPI0004686B8E	27.70	334	345
UniRef90_N4VBL3	38.64	334	385
UniRef90_A0A0D8BDM8	32.95	334	387
UniRef90_T0KMM2	37.87	334	386
UniRef90_UPI000469A02C	31.63	334	350
UniRef90_UPI0004B0C783	30.03	334	348
UniRef90_A0A0F5KVV8	26.72	334	430
UniRef90_A0A0J0YBJ5	34.33	334	352
UniRef90_UPI0006FA5347	31.01	334	361
UniRef90_UPI000403DCB2	28.10	334	344
UniRef90_S7Q0W5	42.32	334	356
UniRef90_M4B7G3	37.76	334	367
UniRef90_A0A067PV34	42.48	334	353
UniRef90_H2JFK1	29.75	334	423
UniRef90_A0A069D6L5	28.10	334	342
UniRef90_Q03XA6	27.30	334	412
UniRef90_W2PE83	36.81	334	447
UniRef90_I3XQN9	28.21	334	808
UniRef90_C7MGT0	27.07	334	566
UniRef90_UPI000686D4BA	31.15	334	327
UniRef90_I3IAA8	29.31	334	371
UniRef90_UPI0003824388	31.61	334	344
UniRef90_UPI0006F94997	27.62	334	380
UniRef90_UPI000526FD30	34.70	334	364
UniRef90_A0A0C1XQZ3	33.04	334	359
UniRef90_D3CWK3	34.49	334	395
UniRef90_W4VKQ9	27.82	334	512
UniRef90_D9SUC2	30.00	334	358
UniRef90_UPI0006FA6EAC	28.49	334	463
UniRef90_A0A0D2LDE4	44.21	334	348
UniRef90_V9FUP3	36.25	334	358
UniRef90_UPI0005F2AF1F	28.17	334	539
UniRef90_I0SRV6	25.86	334	678
UniRef90_UPI000287A7BE	26.46	334	429
UniRef90_A0A0D7AB66	45.54	334	350
UniRef90_W8F672	33.12	334	596
UniRef90_U6RAT1	27.79	334	347
UniRef90_UPI00037A262F	27.97	334	1108
UniRef90_A0A066VY37	61.69	334	260
UniRef90_UPI000372CE4E	31.31	334	331
UniRef90_A0A067SHI2	45.43	334	352
UniRef90_UPI00026304E4	28.36	334	365
UniRef90_C7MGU3	31.86	334	399
UniRef90_UPI00035FC1C9	26.65	334	1327
UniRef90_A0A0C7E3G5	28.82	334	402
UniRef90_D4T3M7	28.57	334	403
UniRef90_W2PFG9	37.73	334	362
UniRef90_H6CRZ5	26.65	334	604
UniRef90_UPI0005586660	30.86	334	362
UniRef90_UPI00053AE49F	26.91	334	940
UniRef90_UPI000371E606	32.68	334	332
UniRef90_UPI0005529DD5	33.62	334	516
UniRef90_C7PH26	28.74	334	342
UniRef90_UPI0003A2131A	29.14	334	375
UniRef90_A0A0N1JS25	28.57	334	634
UniRef90_UPI0005514122	31.23	334	332
UniRef90_UPI0006F5D4C0	28.76	334	332
UniRef90_H3GKV4	38.74	334	359
UniRef90_A0A0A8E0L9	27.38	334	391
UniRef90_UPI000646EF40	27.09	334	392
UniRef90_A0A0L1LWU6	29.36	334	565
UniRef90_H3GKV1	35.73	334	421
UniRef90_UPI000619BEF7	27.44	334	1324
UniRef90_UPI0004A77BBF	28.70	334	355
UniRef90_G7VTU4	26.12	334	1304
UniRef90_UPI0004185DC0	31.51	334	337
UniRef90_UPI0006922A4A	33.72	334	380
UniRef90_D0NDU3	37.50	334	358
UniRef90_G4Z738	36.44	334	439
UniRef90_UPI0006B4DC27	32.27	334	380
UniRef90_W0AKM4	27.03	334	365
