UniRef90_P0A954	99.75	406	406
UniRef90_E1SJY5	91.60	406	406
UniRef90_UPI000490E01C	90.12	406	406
UniRef90_A0A093T8M2	90.59	406	405
UniRef90_A0A0A0YZ26	88.64	406	406
UniRef90_E0SLA1	88.34	406	405
UniRef90_UPI00047A1D56	87.90	406	406
UniRef90_A0A0G4JYB2	85.93	406	404
UniRef90_A0A087L559	87.87	406	404
UniRef90_D2T7J2	84.28	406	407
UniRef90_W0HQG8	82.72	406	403
UniRef90_UPI00022CA89D	83.17	406	402
UniRef90_A0A076LEG2	83.21	406	403
UniRef90_A0A0E1NLK5	85.01	406	407
UniRef90_I0QUA8	81.77	406	406
UniRef90_J3YT35	79.65	406	403
UniRef90_A0A0A2VYZ9	92.78	406	746
UniRef90_D3VKW8	78.82	406	404
UniRef90_A0A085HMH4	82.72	406	403
UniRef90_UPI0004B285FB	82.47	406	403
UniRef90_A0A0A2RSP7	81.53	406	404
UniRef90_A0A088MYK8	78.52	406	403
UniRef90_J3YSI8	79.40	406	403
UniRef90_U3U834	77.42	406	406
UniRef90_F7XXY3	79.40	406	403
UniRef90_R4I1V3	81.44	406	403
UniRef90_B2Q0F7	80.99	406	404
UniRef90_C7BT70	80.65	406	404
UniRef90_A0A0G3CLX1	82.63	406	404
UniRef90_A0A094TIX4	80.05	406	403
UniRef90_V6MJA4	79.75	406	403
UniRef90_R8AVK5	81.23	406	404
UniRef90_A0A0A7S165	75.93	406	403
UniRef90_A0A0A3AVI4	76.85	406	405
UniRef90_H6Q5Z4	71.67	406	404
UniRef90_A0A0F4QSS3	74.57	406	404
UniRef90_A0A0M2T7Q4	75.06	406	404
UniRef90_Q492H1	73.76	406	404
UniRef90_A0A0E3Y7S2	76.30	406	403
UniRef90_D2U4C4	77.09	406	416
UniRef90_UPI0000E0E89E	73.40	406	404
UniRef90_U1H457	75.12	406	406
UniRef90_I1DZ55	74.07	406	404
UniRef90_Q8D2E6	70.66	406	407
UniRef90_A0A0M2VHN9	73.58	406	404
UniRef90_C4LF17	73.58	406	404
UniRef90_K6Y9Y4	73.33	406	404
UniRef90_UPI00056EDDDE	73.83	406	403
UniRef90_A0A0E4G2T8	75.19	406	405
UniRef90_A0A0K2BL25	75.31	406	403
UniRef90_UPI0003F5834E	72.46	406	404
UniRef90_A0A0M2VCT8	73.58	406	404
UniRef90_K2KFY0	72.84	406	404
UniRef90_A6VMR1	73.65	406	406
UniRef90_W0QCW5	73.45	406	405
UniRef90_A4CCZ9	74.81	406	404
UniRef90_A0A0E3U467	75.00	406	405
UniRef90_H5T8U1	74.19	406	404
UniRef90_Q0I2W8	72.41	406	406
UniRef90_A3QFM8	72.10	406	403
UniRef90_A0A0J8GR99	74.19	406	404
UniRef90_E0WUL8	79.32	406	384
UniRef90_A0A0M6W9G7	72.17	406	405
UniRef90_Q3IF35	74.81	406	403
UniRef90_A0A090AIU0	74.81	406	404
UniRef90_Q7VRU8	70.97	406	405
UniRef90_U4E5Q1	72.84	406	403
UniRef90_H2FWZ6	72.35	406	404
UniRef90_K7A4D1	71.71	406	404
UniRef90_F7RUX8	73.09	406	403
UniRef90_W7QM16	73.33	406	404
UniRef90_A0A0A7EH06	74.57	406	404
UniRef90_Q1LTA8	72.17	406	406
UniRef90_Q8ECR1	70.62	406	411
UniRef90_P43710	72.77	406	406
UniRef90_A0A0D8CZ37	72.84	406	403
UniRef90_A0A0J1HH47	71.85	406	404
UniRef90_Q5E451	71.85	406	403
UniRef90_K2KB86	73.45	406	404
UniRef90_C5WCA9	71.92	406	409
UniRef90_Q5QUE1	72.17	406	404
UniRef90_I3DCN7	71.78	406	406
UniRef90_UPI0006D6536F	70.37	406	403
UniRef90_UPI0003765419	71.78	406	403
UniRef90_A0A0B8PSL4	71.85	406	403
UniRef90_UPI000362DE4F	70.52	406	405
UniRef90_A0A0F5AP12	71.36	406	404
UniRef90_UPI000470AECF	70.62	406	403
UniRef90_A0KJK0	71.11	406	403
UniRef90_A0A0H6LB28	72.26	406	409
UniRef90_A0A099KR67	71.85	406	403
UniRef90_K7AGR0	73.58	406	404
UniRef90_UPI00041723AD	69.68	406	407
UniRef90_K6Y0P0	73.58	406	404
UniRef90_Q12P59	69.63	406	403
UniRef90_UPI000401A82D	70.44	406	404
UniRef90_F2G608	70.72	406	404
UniRef90_UPI0003F8049D	71.78	406	403
UniRef90_Q47XK0	71.60	406	403
UniRef90_UPI00031939AA	71.64	406	407
UniRef90_A1SW95	70.37	406	404
UniRef90_UPI0004176C64	70.52	406	406
UniRef90_A0A084EY27	73.09	406	405
UniRef90_R9PU69	70.02	406	405
UniRef90_E1SQ45	68.87	406	407
UniRef90_U7NM99	69.78	406	405
UniRef90_A0A094INP4	71.85	406	404
UniRef90_UPI000289D8C3	70.52	406	405
UniRef90_UPI0004E14744	70.47	406	404
UniRef90_UPI0004DB6627	69.04	406	405
UniRef90_M4U3Z2	69.88	406	405
UniRef90_UPI0003784078	68.97	406	404
UniRef90_A0A084CN91	69.46	406	403
UniRef90_E1V5P0	68.47	406	404
UniRef90_Q02K94	69.70	406	405
UniRef90_Q1R0E0	69.29	406	405
UniRef90_UPI0003B3A055	69.06	406	405
UniRef90_A0A031MH41	69.73	406	405
UniRef90_A0A024HEY4	69.55	406	405
UniRef90_A0A094IUW3	71.36	406	403
UniRef90_A0A0H5BX44	67.18	406	413
UniRef90_T2L657	68.80	406	405
UniRef90_UPI000488CEC1	68.78	406	409
UniRef90_Q89AY4	64.53	406	407
UniRef90_U3AWT1	68.89	406	404
UniRef90_UPI0003759C82	68.87	406	406
UniRef90_F3KCJ4	67.73	406	404
UniRef90_I3CCF4	67.65	406	404
UniRef90_A0A090KAV6	68.40	406	405
UniRef90_UPI0003801819	67.98	406	405
UniRef90_S2KDQ7	68.72	406	405
UniRef90_UPI0003808002	67.90	406	405
UniRef90_M2TP28	67.49	406	405
UniRef90_F2JXT9	67.49	406	404
UniRef90_UPI000349740A	66.58	406	405
UniRef90_A0A086D760	67.33	406	405
UniRef90_N2ITG3	68.56	406	405
UniRef90_UPI0004728BA9	67.32	406	405
UniRef90_A4XV60	69.80	406	406
UniRef90_A0A0K1WKP2	67.73	406	405
UniRef90_Q4KFX1	67.98	406	406
UniRef90_A0A066ZWX1	68.30	406	406
UniRef90_A7BR75	67.90	406	405
UniRef90_L0WAB1	67.73	406	404
UniRef90_F6CTV9	67.00	406	404
UniRef90_G8Q2C7	68.47	406	406
UniRef90_UPI0004097969	67.24	406	405
UniRef90_UPI0004826F3C	66.83	406	405
UniRef90_E8Q761	70.22	406	403
UniRef90_U7HN77	67.49	406	405
UniRef90_W8X422	67.33	406	405
UniRef90_A0A094PHD4	67.57	406	405
UniRef90_A0A0A6PED2	66.67	406	405
UniRef90_A0YGK3	67.57	406	405
UniRef90_Q0VRB6	67.00	406	404
UniRef90_UPI0004870B1B	66.91	406	404
UniRef90_UPI0005A208EF	67.32	406	405
UniRef90_A0A0F9SUS6	67.08	406	405
UniRef90_A0A0B4XQ45	68.07	406	404
UniRef90_Q0A8W5	66.09	406	405
UniRef90_K4KIG1	67.33	406	403
UniRef90_UPI0004857A7D	66.67	406	404
UniRef90_S6HMU3	67.24	406	404
UniRef90_UPI0003756C6F	66.58	406	405
UniRef90_UPI0005F8125C	66.67	406	404
UniRef90_UPI00040138FB	66.67	406	408
UniRef90_UPI000427A640	68.55	406	406
UniRef90_UPI0004162E26	67.08	406	405
UniRef90_A0A081KCH0	67.24	406	405
UniRef90_W9V2P1	66.58	406	405
UniRef90_A0A090AJ39	65.85	406	405
UniRef90_A0A081N9B5	65.36	406	405
UniRef90_Q1H027	67.16	406	407
UniRef90_B3PK87	66.91	406	403
UniRef90_Q31E88	69.04	406	406
UniRef90_UPI0004194D46	67.65	406	403
UniRef90_H3NWH1	68.64	406	406
UniRef90_UPI000373BA62	68.55	406	406
UniRef90_UPI000493E2D3	68.06	406	406
UniRef90_UPI0003625FC6	66.34	406	405
UniRef90_A1WT01	65.68	406	405
UniRef90_A0A0C5VK54	66.58	406	405
UniRef90_I2JM40	65.44	406	407
UniRef90_C5BQA0	67.25	406	404
UniRef90_UPI0006B51A69	64.94	406	404
UniRef90_A0A0F7M337	65.53	406	407
UniRef90_F6DA05	69.14	406	406
UniRef90_A0A0F2P322	64.78	406	404
UniRef90_A0A059KPS1	65.59	406	404
UniRef90_U7G5U2	67.49	406	403
UniRef90_C6WWZ4	66.34	406	410
UniRef90_A0A0F9W7A3	64.53	406	405
UniRef90_A0A063Y4P7	66.41	406	397
UniRef90_F3LBZ1	64.20	406	403
UniRef90_UPI0005EBEA78	64.53	406	406
UniRef90_E0XVW6	63.95	406	405
UniRef90_E1VNN1	64.29	406	405
UniRef90_H5SHU0	65.60	406	405
UniRef90_A0A0K0SV47	66.42	406	408
UniRef90_UPI0003B3AD69	64.55	406	407
UniRef90_Q2BLQ6	64.69	406	405
UniRef90_B4WYN0	66.75	406	396
UniRef90_UPI000646CF76	65.04	406	410
UniRef90_UPI00037ABCFA	65.76	406	404
UniRef90_A0A0A0DA72	66.34	406	405
UniRef90_A0A0A0BHE4	65.36	406	405
UniRef90_Q21M19	65.68	406	405
UniRef90_A0Z173	67.89	406	409
UniRef90_W6M3E6	63.95	406	405
UniRef90_A0A0C1SA88	66.67	406	413
UniRef90_A4BBW3	64.62	406	405
UniRef90_A0A0M4H479	62.13	406	405
UniRef90_M7PUK7	66.50	406	407
UniRef90_M4VIK7	65.28	406	414
UniRef90_A0A0A0ERF9	65.10	406	402
UniRef90_A0A0B7ITP1	65.51	406	405
UniRef90_A0A091AYA0	66.00	406	403
UniRef90_UPI0004DF3959	64.44	406	406
UniRef90_UPI000262CF98	64.11	406	403
UniRef90_L8XV80	65.02	406	406
UniRef90_D5BXA9	65.12	406	412
UniRef90_UPI00035C1E20	66.17	406	406
UniRef90_D1KCW8	63.55	406	405
UniRef90_G4SXZ7	63.95	406	406
UniRef90_UPI0003692A06	63.81	406	407
UniRef90_D0U553	62.41	406	407
UniRef90_D4G8T0	67.65	406	414
UniRef90_UPI00056FA100	66.58	406	405
UniRef90_A0A023Y7A3	64.36	406	402
UniRef90_Q2S8H6	64.20	406	404
UniRef90_V5C0X0	64.20	406	405
UniRef90_M5CRY8	63.61	406	402
UniRef90_UPI000489FB84	65.01	406	404
UniRef90_A0A081B705	64.53	406	405
UniRef90_F2IYI9	65.43	406	405
UniRef90_B7S2W2	66.18	406	408
UniRef90_UPI0004720DF1	64.95	406	409
UniRef90_UPI0005F7A137	65.27	406	405
UniRef90_UPI000419FBA8	66.75	406	408
UniRef90_UPI0004798B25	63.86	406	405
UniRef90_A0A0E2Z138	64.86	406	412
UniRef90_Q603C8	64.20	406	406
UniRef90_UPI0003B58988	62.87	406	404
UniRef90_B2FLR0	63.37	406	402
UniRef90_A0A096CDE5	62.38	406	407
UniRef90_A4BRQ3	63.14	406	405
UniRef90_A0A095VNK3	66.83	406	406
UniRef90_Y0KGA3	64.85	406	408
UniRef90_UPI000477D720	62.96	406	408
UniRef90_I1YG27	64.53	406	406
UniRef90_P57193	60.34	406	406
UniRef90_F4G5A9	62.38	406	405
UniRef90_UPI000376D04B	62.99	406	406
UniRef90_F2BD41	64.29	406	404
UniRef90_W6M7C7	64.94	406	405
UniRef90_W8G9N0	64.44	406	403
UniRef90_F9ZWK1	63.46	406	406
UniRef90_A0A0D6EVK3	64.53	406	410
UniRef90_UPI00062BABDC	64.62	406	407
UniRef90_K2QYJ4	62.62	406	407
UniRef90_UPI0003812B7B	62.96	406	406
UniRef90_UPI00055AAFA6	63.86	406	405
UniRef90_UPI000479E8E6	63.48	406	407
UniRef90_UPI0006CF4E8B	62.87	406	402
UniRef90_H8GP87	63.46	406	406
UniRef90_D7MZX2	62.96	406	404
UniRef90_UPI000482606C	62.96	406	403
UniRef90_B8KNY3	65.60	406	408
UniRef90_UPI0003705ACF	65.36	406	405
UniRef90_A0A0E3Z2A2	63.37	406	403
UniRef90_A0A0F6TR68	62.47	406	403
UniRef90_I1XHX0	64.37	406	405
UniRef90_K2JUX3	62.28	406	404
UniRef90_D0KZE6	64.53	406	405
UniRef90_B8KWJ6	65.76	406	408
UniRef90_A0A0J7J6E3	63.46	406	402
UniRef90_G9A5I1	63.12	406	406
UniRef90_UPI0002559D0C	62.35	406	407
UniRef90_UPI00036ACFB0	61.73	406	407
UniRef90_G5RID2	93.41	406	282
UniRef90_C7R745	65.27	406	405
UniRef90_L0NKT9	61.88	406	407
UniRef90_I4VUU0	63.37	406	402
UniRef90_L0SX97	63.59	406	402
UniRef90_K0C4E3	64.37	406	405
UniRef90_A0A0K2DBJ1	64.29	406	405
UniRef90_E8LI92	63.12	406	405
UniRef90_A0A072TBM2	60.89	406	407
UniRef90_K8ZAM1	62.62	406	402
UniRef90_UPI0006FB2CD5	61.67	406	411
UniRef90_UPI00047A8CB2	62.38	406	410
UniRef90_W2UCH3	61.82	406	404
UniRef90_UPI0003B6F523	65.43	406	404
UniRef90_A0A084UED0	61.43	406	406
UniRef90_A8TYZ0	63.73	406	412
UniRef90_UPI0004977BBD	62.38	406	405
UniRef90_UPI00047C3B0E	63.38	406	394
UniRef90_C8NCQ5	61.86	406	405
UniRef90_W0P4A2	58.48	406	408
UniRef90_A1AXQ3	60.10	406	405
UniRef90_F3KYD6	64.62	406	407
UniRef90_A0A0D5LUU7	62.22	406	407
UniRef90_Q3BP40	62.87	406	402
UniRef90_UPI000475B115	60.44	406	407
UniRef90_UPI0004647303	61.82	406	406
UniRef90_G4CRT0	62.22	406	403
UniRef90_UPI0003F777F4	63.03	406	402
UniRef90_Q8KA28	62.81	406	407
UniRef90_A1TUT3	61.69	406	408
UniRef90_E7RY26	62.72	406	403
UniRef90_A0A090GSR2	61.63	406	406
UniRef90_A0A0A2WND1	62.10	406	407
UniRef90_UPI0004B945C0	62.38	406	406
UniRef90_UPI0004894357	62.38	406	406
UniRef90_A0A0A8JZZ2	65.02	406	406
UniRef90_A7HZA0	62.07	406	408
UniRef90_A0A011U1E1	62.62	406	406
UniRef90_UPI0003B2F86E	60.78	406	406
UniRef90_Q11BC0	62.13	406	406
UniRef90_M4NGI2	61.79	406	402
UniRef90_UPI0003A46930	62.56	406	405
UniRef90_UPI0004E24FDB	62.13	406	407
UniRef90_W5YIM6	62.22	406	402
UniRef90_A3J9B0	63.48	406	394
UniRef90_A0A0H1AJW5	62.44	406	410
UniRef90_UPI0006C7778E	62.87	406	405
UniRef90_A0A0H1RGG1	62.62	406	407
UniRef90_H0HJV3	62.38	406	406
UniRef90_R5EMJ1	62.13	406	407
UniRef90_A6F3S7	62.96	406	402
UniRef90_Q6SFS0	60.93	406	406
UniRef90_H8WEW5	60.49	406	403
UniRef90_T0Y3H2	61.14	406	406
UniRef90_UPI0006F355E3	62.62	406	402
UniRef90_A9CWM8	61.48	406	407
UniRef90_K8P976	63.14	406	407
UniRef90_R8AYY4	62.72	406	402
UniRef90_N6W963	62.96	406	404
UniRef90_A5EW62	61.08	406	404
UniRef90_G2LMG7	58.33	406	403
UniRef90_A0A0L0IWF9	62.87	406	404
UniRef90_Q89WC2	62.65	406	407
UniRef90_UPI0004883239	62.65	406	406
UniRef90_UPI00048980D4	60.40	406	402
UniRef90_UPI0006FB92D7	60.89	406	402
UniRef90_B6R617	62.65	406	405
UniRef90_UPI000463D115	62.41	406	407
UniRef90_A0A037UW50	61.14	406	405
UniRef90_E8REP7	60.55	406	402
UniRef90_UPI00039E7CEF	60.59	406	404
UniRef90_UPI0003C148D9	62.28	406	404
UniRef90_J5PFG5	63.03	406	406
UniRef90_UPI000463CC2C	61.82	406	406
UniRef90_A0A066UMF2	62.04	406	410
UniRef90_A0A0J7JEP9	61.73	406	403
UniRef90_A0A085FVW2	62.59	406	408
UniRef90_A0A0B1Q222	61.98	406	404
UniRef90_I4VI09	61.79	406	402
UniRef90_UPI000648DC08	61.88	406	405
UniRef90_D0RQI3	59.75	406	403
UniRef90_R0EP56	62.38	406	403
UniRef90_A0A091AT95	61.29	406	404
UniRef90_X6L5C6	59.76	406	409
UniRef90_A0A0A0F211	62.62	406	414
UniRef90_UPI0001D2F210	62.47	406	407
UniRef90_A0A0D0S709	61.92	406	411
UniRef90_Q4FQG1	61.41	406	411
UniRef90_UPI00041F09F3	61.92	406	405
UniRef90_A0A0F7PP16	60.99	406	407
UniRef90_Q1Q8N7	61.65	406	411
UniRef90_UPI000487CF57	61.29	406	408
UniRef90_UPI0003FD249F	60.25	406	408
UniRef90_A0P6C6	58.58	406	409
UniRef90_UPI0002F8A31A	61.71	406	411
UniRef90_B2IDD4	61.92	406	407
UniRef90_R4VK45	59.90	406	407
UniRef90_UPI0006474DFA	61.31	406	414
UniRef90_A6EZC6	61.14	406	403
UniRef90_A0A0M4T7A1	60.83	406	411
UniRef90_UPI000365EC15	60.89	406	403
UniRef90_F8BZN6	62.16	406	407
UniRef90_J7Q9A4	61.73	406	407
UniRef90_UPI000702E091	59.51	406	406
UniRef90_UPI000566B0AE	60.49	406	403
UniRef90_G4R8L2	61.48	406	408
UniRef90_UPI0006FCA796	61.23	406	403
UniRef90_A0A0H2MFK0	59.66	406	407
UniRef90_A5CVL5	58.13	406	404
UniRef90_A7IBB9	60.93	406	407
UniRef90_U2XVA4	60.49	406	403
UniRef90_UPI00037D2C29	60.89	406	402
UniRef90_R4YM96	58.50	406	410
UniRef90_UPI00055F26FE	62.41	406	407
UniRef90_UPI0003957F1C	60.64	406	406
UniRef90_A0A091BAY9	61.21	406	396
UniRef90_A0A0A0MA36	62.19	406	401
UniRef90_B8ET01	61.43	406	407
UniRef90_UPI000411E50B	60.34	406	411
UniRef90_A1WJV1	60.99	406	410
UniRef90_UPI00039F126B	60.69	406	407
UniRef90_B4RBI2	61.39	406	404
UniRef90_UPI00035DC4BD	62.32	406	407
UniRef90_UPI0003F77014	60.69	406	407
UniRef90_UPI0002555F19	69.91	406	337
UniRef90_D5BU69	59.71	406	432
UniRef90_J0R6D0	61.03	406	406
UniRef90_B6BRH8	58.02	406	403
UniRef90_A3JVX9	61.18	406	408
UniRef90_A3UI58	60.70	406	404
UniRef90_F7QI68	62.41	406	399
UniRef90_T1ABJ3	61.04	406	404
UniRef90_F2I042	59.75	406	405
UniRef90_C6XRW4	58.72	406	410
UniRef90_J9YYQ2	59.36	406	405
UniRef90_A4YJF8	61.92	406	407
UniRef90_J4V494	59.80	406	402
UniRef90_A0A076K5L4	60.39	406	409
UniRef90_A0A073J431	57.56	406	409
UniRef90_Q4FNM2	58.02	406	403
UniRef90_A0A0A0EJN9	60.05	406	411
UniRef90_A0A0A1PI35	60.44	406	408
UniRef90_A1UU65	60.10	406	406
UniRef90_B6BUF8	58.88	406	407
UniRef90_E0MLY9	61.27	406	405
UniRef90_A0A0G3I2S6	58.13	406	406
UniRef90_UPI0004A0FE79	59.61	406	406
UniRef90_A0A0B4D8I5	59.07	406	409
UniRef90_Q6NCP4	61.37	406	408
UniRef90_D5V9Z3	61.17	406	410
UniRef90_A0A095CMU0	58.97	406	409
UniRef90_G6A177	59.42	406	412
UniRef90_Q8YEC1	60.29	406	407
UniRef90_UPI0003F5F440	61.08	406	407
UniRef90_UPI0004070E2D	59.70	406	406
UniRef90_UPI00048C420B	60.84	406	407
UniRef90_UPI00063D00ED	58.78	406	409
UniRef90_UPI000679C615	58.35	406	408
UniRef90_Q5LKE1	58.68	406	409
UniRef90_UPI00040A4E76	60.05	406	410
UniRef90_I4W0N8	61.14	406	402
UniRef90_U3B2V5	61.43	406	406
UniRef90_Q0AK53	60.34	406	404
UniRef90_A0A073ICM2	58.19	406	409
UniRef90_UPI00042A8BC1	61.48	406	404
UniRef90_B7RNG0	57.80	406	412
UniRef90_UPI0003724041	60.95	406	404
UniRef90_UPI00040754BA	60.49	406	407
UniRef90_A0A089Q8B0	61.52	406	408
UniRef90_UPI00047D8C25	60.98	406	411
UniRef90_A0A0C6FDV0	61.27	406	408
UniRef90_Q161G2	57.99	406	409
UniRef90_A0A087LTH2	60.00	406	407
UniRef90_D0D737	58.29	406	409
UniRef90_A0A0F5FDK2	60.25	406	407
UniRef90_A0A0D1EI34	59.61	406	409
UniRef90_K2GRT8	59.51	406	408
UniRef90_X5MD49	62.62	406	405
UniRef90_A0A099T9B7	57.80	406	409
UniRef90_A0A023NMJ9	60.15	406	402
UniRef90_M1P2K1	59.85	406	406
UniRef90_F4QZ52	58.54	406	409
UniRef90_A8LSD7	59.95	406	409
UniRef90_A0A0B5DSJ8	58.48	406	409
UniRef90_D8JY93	60.84	406	410
UniRef90_A1B2K3	59.61	406	409
UniRef90_UPI0003F60F45	60.59	406	408
UniRef90_A0A099FIT3	59.61	406	409
UniRef90_A0A0L6CV79	57.99	406	409
UniRef90_A0A0F9T914	59.41	406	403
UniRef90_Q0FD22	60.93	406	408
UniRef90_UPI00048FCB24	58.48	406	409
UniRef90_A0A085EYL3	58.97	406	408
UniRef90_J2VGY2	59.07	406	408
UniRef90_Q6SG18	58.06	406	402
UniRef90_A4N0R4	72.24	406	317
UniRef90_A9IM26	58.87	406	406
UniRef90_UPI0003FE539C	59.65	406	405
UniRef90_Q1MN47	59.09	406	399
UniRef90_UPI0003693920	60.29	406	408
UniRef90_UPI0006D777BA	59.75	406	407
UniRef90_UPI0006D95BC3	58.29	406	409
UniRef90_A0A086Y1J6	58.19	406	409
UniRef90_A0A074TL77	60.64	406	408
UniRef90_U6B6H6	57.39	406	406
UniRef90_N6X5J6	57.67	406	405
UniRef90_UPI000489EBB9	57.70	406	409
UniRef90_A0A0K1NC77	60.88	406	411
UniRef90_A0A0A0HIZ5	59.07	406	409
UniRef90_D7A1W6	59.55	406	406
UniRef90_U5T6B5	60.00	406	401
UniRef90_UPI0004DEF0F1	59.71	406	408
UniRef90_A0A0D6TEW8	61.22	406	409
UniRef90_S5YEM8	61.22	406	408
UniRef90_A0A0A0EJE6	57.49	406	409
UniRef90_X7EHW9	59.02	406	409
UniRef90_G2LNX6	57.28	406	406
UniRef90_A0A0D6JGN6	59.90	406	410
UniRef90_A6FPN5	57.60	406	409
UniRef90_V5SA31	60.39	406	410
UniRef90_U3AWZ2	60.44	406	405
UniRef90_P0A954	99.75	406	406
UniRef90_Q8ECR1	70.62	406	411
UniRef90_UPI0003765419	71.78	406	403
UniRef90_A3QFM8	72.10	406	403
UniRef90_E1V5P0	68.47	406	404
UniRef90_Q02K94	69.70	406	405
UniRef90_A0A0J8GR99	74.19	406	404
UniRef90_A0A0A0DA72	66.17	406	405
UniRef90_Q12P59	69.63	406	403
UniRef90_E0SLA1	88.12	406	405
UniRef90_UPI000289D8C3	70.52	406	405
UniRef90_A0A0J1HH47	72.10	406	404
UniRef90_A0A093T8M2	90.59	406	405
UniRef90_K6Y9Y4	73.33	406	404
UniRef90_U7NM99	69.78	406	405
UniRef90_K7A4D1	71.53	406	404
UniRef90_T2L657	68.80	406	405
UniRef90_A0A0M2T7Q4	75.06	406	404
UniRef90_UPI0003784078	68.97	406	404
UniRef90_K2KB86	73.33	406	404
UniRef90_UPI0004870B1B	66.91	406	404
UniRef90_A0A0A0YZ26	88.64	406	406
UniRef90_Q5QUE1	72.17	406	404
UniRef90_A0A0F4QSS3	74.57	406	404
UniRef90_U3AWT1	68.89	406	404
UniRef90_C4LF17	73.58	406	404
UniRef90_UPI0006D6536F	70.37	406	403
UniRef90_K2KFY0	72.84	406	404
UniRef90_U4E5Q1	72.84	406	403
UniRef90_H2FWZ6	72.35	406	404
UniRef90_A0A0F5AP12	71.36	406	404
UniRef90_UPI00056FA100	66.42	406	405
UniRef90_UPI0000E0E89E	73.65	406	404
UniRef90_UPI0003F5834E	72.28	406	404
UniRef90_UPI000490E01C	90.12	406	406
UniRef90_Q1R0E0	69.04	406	405
UniRef90_W9V2P1	66.42	406	405
UniRef90_E1SJY5	91.60	406	406
UniRef90_R9PU69	70.02	406	405
UniRef90_W0QCW5	73.27	406	405
UniRef90_A0A0M2VHN9	73.58	406	404
UniRef90_UPI0004DB6627	69.04	406	405
UniRef90_UPI0004176C64	70.02	406	406
UniRef90_W7QM16	73.33	406	404
UniRef90_UPI00047A1D56	87.90	406	406
UniRef90_A0A0M2VCT8	73.58	406	404
UniRef90_N2ITG3	68.23	406	405
UniRef90_Q5E451	71.85	406	403
UniRef90_A0A031MH41	69.38	406	405
UniRef90_A0A094PHD4	67.57	406	405
UniRef90_A0A024HEY4	69.21	406	405
UniRef90_A0A081N9B5	65.36	406	405
UniRef90_UPI0004162E26	67.08	406	405
UniRef90_UPI0004728BA9	67.32	406	405
UniRef90_I1DZ55	74.07	406	404
UniRef90_UPI00031939AA	71.64	406	407
UniRef90_UPI0003808002	67.90	406	405
UniRef90_F7RUX8	73.09	406	403
UniRef90_A0A0A7EH06	74.57	406	404
UniRef90_UPI0005A208EF	67.32	406	405
UniRef90_A0A0D8CZ37	72.84	406	403
UniRef90_A0A0B8PSL4	71.85	406	403
UniRef90_A0A086D760	67.16	406	405
UniRef90_UPI000488CEC1	68.78	406	409
UniRef90_S2KDQ7	69.06	406	405
UniRef90_H5T8U1	74.01	406	404
UniRef90_UPI000470AECF	70.62	406	403
UniRef90_UPI0003625FC6	66.34	406	405
UniRef90_UPI0003B3A055	68.89	406	405
UniRef90_Q47XK0	71.60	406	403
UniRef90_UPI00056EDDDE	73.83	406	403
UniRef90_K4KIG1	67.33	406	403
UniRef90_A4XV60	69.63	406	406
UniRef90_UPI000349740A	66.58	406	405
UniRef90_A0A0G4JYB2	85.93	406	404
UniRef90_A0KJK0	71.11	406	403
UniRef90_UPI0005F8125C	66.67	406	404
UniRef90_UPI0004857A7D	66.67	406	404
UniRef90_UPI0003F8049D	71.60	406	403
UniRef90_UPI0004DF3959	64.13	406	406
UniRef90_A0A0F9SUS6	67.08	406	405
UniRef90_S6HMU3	67.24	406	404
UniRef90_H5SHU0	65.60	406	405
UniRef90_F3KCJ4	67.73	406	404
UniRef90_F2JXT9	67.49	406	404
UniRef90_A0A0F7M337	65.53	406	407
UniRef90_B3PK87	67.25	406	403
UniRef90_UPI0003801819	67.98	406	405
UniRef90_A6VMR1	73.65	406	406
UniRef90_UPI0003756C6F	66.58	406	405
UniRef90_A0A081KCH0	67.24	406	405
UniRef90_A0A0K1WKP2	67.73	406	405
UniRef90_UPI0004826F3C	66.83	406	405
UniRef90_F3LBZ1	64.20	406	403
UniRef90_F2G608	70.37	406	404
UniRef90_M2TP28	67.49	406	405
UniRef90_U7HN77	67.49	406	405
UniRef90_U1H457	75.12	406	406
UniRef90_UPI0004E14744	70.30	406	404
UniRef90_Q4KFX1	67.98	406	406
UniRef90_UPI00041723AD	69.68	406	407
UniRef90_A4CCZ9	74.81	406	404
UniRef90_UPI00037ABCFA	65.76	406	404
UniRef90_UPI0004798B25	63.70	406	405
UniRef90_UPI00040138FB	66.67	406	408
UniRef90_UPI0003692A06	63.57	406	407
UniRef90_G4SXZ7	63.64	406	406
UniRef90_A0A0H1RGG1	62.01	406	407
UniRef90_A0A076LEG2	83.21	406	403
UniRef90_G8Q2C7	68.47	406	406
UniRef90_W0HQG8	82.72	406	403
UniRef90_A0A099KR67	71.85	406	403
UniRef90_I3CCF4	67.65	406	404
UniRef90_UPI000401A82D	70.44	406	404
UniRef90_Q3IF35	74.81	406	403
UniRef90_D3VKW8	78.82	406	404
UniRef90_UPI0004194D46	67.65	406	403
UniRef90_B6R617	62.65	406	405
UniRef90_Q0VRB6	67.00	406	404
UniRef90_A0A0F6TR68	62.47	406	403
UniRef90_L0WAB1	67.57	406	404
UniRef90_UPI0004097969	67.24	406	405
UniRef90_A0A0K2DBJ1	63.95	406	405
UniRef90_A0A0A3AVI4	76.85	406	405
UniRef90_A0A066ZWX1	68.30	406	406
UniRef90_UPI0004894357	62.22	406	406
UniRef90_F6CTV9	67.00	406	404
UniRef90_F2IYI9	65.43	406	405
UniRef90_P43710	72.66	406	406
UniRef90_UPI0003759C82	68.87	406	406
UniRef90_UPI000376D04B	62.65	406	406
UniRef90_A1SW95	70.37	406	404
UniRef90_UPI00022CA89D	83.17	406	402
UniRef90_U7G5U2	67.33	406	403
UniRef90_A0A0A0BHE4	65.36	406	405
UniRef90_Q0I2W8	72.66	406	406
UniRef90_L0NKT9	61.58	406	407
UniRef90_Q11BC0	61.98	406	406
UniRef90_D2T7J2	84.28	406	407
UniRef90_V5C0X0	63.88	406	405
UniRef90_W6M3E6	63.95	406	405
UniRef90_A0A0A8JZZ2	65.02	406	406
UniRef90_UPI000477D720	62.65	406	408
UniRef90_M4U3Z2	69.88	406	405
UniRef90_Q2BLQ6	64.69	406	405
UniRef90_UPI00062BABDC	64.62	406	407
UniRef90_A0A084UED0	61.43	406	406
UniRef90_I3DCN7	71.85	406	406
UniRef90_UPI0004647303	61.82	406	406
UniRef90_A0A087L559	87.87	406	404
UniRef90_G9A5I1	62.56	406	406
UniRef90_A0A063Y4P7	66.08	406	397
UniRef90_A4BBW3	64.62	406	405
UniRef90_K2QYJ4	62.32	406	407
UniRef90_I2JM40	65.44	406	407
UniRef90_A0A0F2P322	64.78	406	404
UniRef90_A7BR75	67.90	406	405
UniRef90_A0A0E1NLK5	85.01	406	407
UniRef90_Q0A8W5	65.93	406	405
UniRef90_UPI0003B3AD69	64.55	406	407
UniRef90_H8GP87	63.30	406	406
UniRef90_A0A0B4XQ45	67.90	406	404
UniRef90_UPI0006B51A69	64.94	406	404
UniRef90_A0A090AJ39	65.85	406	405
UniRef90_K7AGR0	73.58	406	404
UniRef90_A0A094IUW3	71.36	406	403
UniRef90_UPI00035DC4BD	62.16	406	407
UniRef90_K2JUX3	61.73	406	404
UniRef90_A0A084CN91	69.46	406	403
UniRef90_UPI000362DE4F	70.52	406	405
UniRef90_E1SQ45	68.87	406	407
UniRef90_G4R8L2	61.48	406	408
UniRef90_A0A081B705	64.20	406	405
UniRef90_A0YGK3	67.57	406	405
UniRef90_B2Q0F7	80.99	406	404
UniRef90_UPI000479E8E6	63.48	406	407
UniRef90_UPI000475B115	60.44	406	407
UniRef90_Q21M19	64.94	406	405
UniRef90_C7R745	65.27	406	405
UniRef90_UPI0003B2F86E	60.78	406	406
UniRef90_A0A0A2RSP7	81.53	406	404
UniRef90_Q2S8H6	64.20	406	404
UniRef90_A0A0A6PED2	66.67	406	405
UniRef90_UPI00035C1E20	65.85	406	406
UniRef90_F8BZN6	62.16	406	407
UniRef90_A0A0H6LB28	72.26	406	409
UniRef90_UPI000702E091	59.51	406	406
UniRef90_K6Y0P0	73.58	406	404
UniRef90_V6MJA4	79.75	406	403
UniRef90_UPI0003A46930	62.56	406	405
UniRef90_UPI000493E2D3	68.06	406	406
UniRef90_A0A094TIX4	80.05	406	403
UniRef90_UPI0004B285FB	82.47	406	403
UniRef90_I1YG27	64.53	406	406
UniRef90_Q603C8	64.04	406	406
UniRef90_C5BQA0	66.91	406	404
UniRef90_UPI000365EC15	60.89	406	403
UniRef90_UPI000373BA62	68.55	406	406
UniRef90_F9ZWK1	63.14	406	406
UniRef90_UPI0005EBEA78	64.20	406	406
UniRef90_UPI0006C7778E	62.87	406	405
UniRef90_UPI0002559D0C	62.10	406	407
UniRef90_A0A0C5VK54	66.58	406	405
UniRef90_A7IBB9	60.93	406	407
UniRef90_A0A0A7S165	75.56	406	403
UniRef90_A0A0L0IWF9	62.72	406	404
UniRef90_I0QUA8	81.77	406	406
UniRef90_A4YJF8	61.98	406	407
UniRef90_UPI000427A640	68.55	406	406
UniRef90_Q89WC2	62.65	406	407
UniRef90_J3YSI8	79.21	406	403
UniRef90_UPI00036ACFB0	61.73	406	407
UniRef90_E1VNN1	64.29	406	405
UniRef90_UPI0005F7A137	64.69	406	405
UniRef90_J0R6D0	61.03	406	406
UniRef90_A0A094INP4	71.85	406	404
UniRef90_A0A090GSR2	61.48	406	406
UniRef90_A0A0B1Q222	61.98	406	404
UniRef90_Q6NCP4	61.37	406	408
UniRef90_UPI0001D2F210	62.47	406	407
UniRef90_A0A0F7PP16	60.69	406	407
UniRef90_UPI0003812B7B	62.65	406	406
UniRef90_UPI0004B945C0	61.82	406	406
UniRef90_UPI0003B58988	62.72	406	404
UniRef90_A0A088MYK8	78.52	406	403
UniRef90_M7PUK7	66.50	406	407
UniRef90_Q8YEC1	60.29	406	407
UniRef90_C7BT70	80.45	406	404
UniRef90_A0A090KAV6	68.40	406	405
UniRef90_UPI00039F126B	60.74	406	407
UniRef90_UPI000262CF98	64.11	406	403
UniRef90_UPI00041F09F3	61.92	406	405
UniRef90_A0A0F9W7A3	64.53	406	405
UniRef90_W8X422	67.33	406	405
UniRef90_A9CWM8	61.48	406	407
UniRef90_UPI000463CC2C	61.82	406	406
UniRef90_UPI0006D777BA	59.75	406	407
UniRef90_A7HZA0	61.76	406	408
UniRef90_A0A0D5LUU7	61.92	406	407
UniRef90_UPI0004977BBD	62.07	406	405
UniRef90_Q31E88	69.04	406	406
UniRef90_A0A085HMH4	82.72	406	403
UniRef90_J7Q9A4	61.73	406	407
UniRef90_J2VGY2	59.07	406	408
UniRef90_UPI00055F26FE	62.47	406	407
UniRef90_A0A0H2MFK0	59.66	406	407
UniRef90_J5PFG5	63.03	406	406
UniRef90_E0XVW6	63.79	406	405
UniRef90_A0A0J7J6E3	63.46	406	402
UniRef90_A4BRQ3	63.14	406	405
UniRef90_B4WYN0	66.75	406	396
UniRef90_A0A037UW50	60.99	406	405
UniRef90_UPI00055AAFA6	63.55	406	405
UniRef90_A0A059KPS1	65.59	406	404
UniRef90_J3YT35	79.46	406	403
UniRef90_F7XXY3	79.21	406	403
UniRef90_UPI00048C420B	60.99	406	407
UniRef90_UPI000648DC08	61.73	406	405
UniRef90_A0A011U1E1	62.47	406	406
UniRef90_A1WT01	65.68	406	405
UniRef90_H0HJV3	62.07	406	406
UniRef90_UPI00047D8C25	60.83	406	411
UniRef90_B2IDD4	61.92	406	407
UniRef90_U2XVA4	60.25	406	403
UniRef90_A9IM26	58.72	406	406
UniRef90_A0A091AYA0	65.84	406	403
UniRef90_K0C4E3	63.64	406	405
UniRef90_K8P976	63.14	406	407
UniRef90_A0A0A0ERF9	65.10	406	402
UniRef90_A0A023Y7A3	64.36	406	402
UniRef90_A1B2K3	59.02	406	409
UniRef90_UPI000646CF76	65.04	406	410
UniRef90_A0A096CDE5	62.38	406	407
UniRef90_UPI0003FD249F	60.25	406	408
UniRef90_A0A084EY27	72.49	406	405
UniRef90_D5BXA9	65.12	406	412
UniRef90_A0A085FVW2	62.25	406	408
UniRef90_W5YIM6	62.47	406	402
UniRef90_A8TYZ0	63.39	406	412
UniRef90_UPI0006F355E3	62.62	406	402
UniRef90_F6DA05	68.97	406	406
UniRef90_UPI0003FE539C	59.51	406	405
UniRef90_M4VIK7	65.28	406	414
UniRef90_UPI0002F8A31A	61.56	406	411
UniRef90_D1KCW8	63.55	406	405
UniRef90_D2U4C4	76.66	406	416
UniRef90_UPI0006CF4E8B	62.87	406	402
UniRef90_G4CRT0	62.22	406	403
UniRef90_D0RQI3	59.75	406	403
UniRef90_UPI0003F60F45	60.20	406	408
UniRef90_W8G9N0	64.44	406	403
UniRef90_R8AVK5	81.23	406	404
UniRef90_UPI0003F77014	60.69	406	407
UniRef90_M5CRY8	63.61	406	402
UniRef90_F2BD41	64.29	406	404
UniRef90_A5E876	61.15	406	399
UniRef90_I1XHX0	64.37	406	405
UniRef90_B2FLR0	63.37	406	402
UniRef90_A0A087LTH2	60.00	406	407
UniRef90_A1TUT3	61.23	406	408
UniRef90_B8ET01	61.43	406	407
UniRef90_A0A0E2Z138	64.86	406	412
UniRef90_Q7VRU8	70.79	406	405
UniRef90_B6BRH8	58.02	406	403
UniRef90_A0A0A1PI35	60.44	406	408
UniRef90_H6Q5Z4	71.67	406	404
UniRef90_UPI000566B0AE	60.49	406	403
UniRef90_D0U553	62.41	406	407
UniRef90_A0A072TBM2	60.89	406	407
UniRef90_D5ANA8	59.66	406	409
UniRef90_UPI00047A8CB2	62.38	406	410
UniRef90_A0A099FIT3	58.78	406	409
UniRef90_U3U834	77.23	406	406
UniRef90_H3NWH1	68.40	406	406
UniRef90_A0A0F5FDK2	60.25	406	407
UniRef90_Q1H027	67.16	406	407
UniRef90_C6WWZ4	65.93	406	410
UniRef90_D7MZX2	62.96	406	404
UniRef90_A0A085EYL3	58.97	406	408
UniRef90_N6W963	62.96	406	404
UniRef90_R8AYY4	62.72	406	402
UniRef90_D8JY93	60.54	406	410
UniRef90_A0A0E4G2T8	75.00	406	405
UniRef90_UPI00041E8A87	59.07	406	407
UniRef90_C8NCQ5	61.43	406	405
UniRef90_A8LSD7	59.27	406	409
UniRef90_A1UU65	59.95	406	406
UniRef90_UPI0004883239	62.65	406	406
UniRef90_R0EP56	62.38	406	403
UniRef90_UPI0004720DF1	64.95	406	409
UniRef90_F3KYD6	64.62	406	407
UniRef90_A3UI58	60.40	406	404
UniRef90_L8XV80	65.02	406	406
UniRef90_UPI00048FCB24	58.19	406	409
UniRef90_A0A0D6TEW8	60.98	406	409
UniRef90_F2I042	59.75	406	405
UniRef90_UPI00039E7CEF	60.59	406	404
UniRef90_Q8D2E6	70.42	406	407
UniRef90_M1P2K1	59.71	406	406
UniRef90_UPI0006FB2CD5	61.67	406	411
UniRef90_R4VK45	59.66	406	407
UniRef90_Y0KGA3	64.39	406	408
UniRef90_UPI0004A0FE79	59.46	406	406
UniRef90_A0A0F4RM44	56.97	406	409
UniRef90_I4VUU0	63.37	406	402
UniRef90_B7S2W2	66.18	406	408
UniRef90_UPI0003724041	60.95	406	404
UniRef90_A0A0A0EJN9	59.71	406	411
UniRef90_F4G5A9	62.38	406	405
UniRef90_D7A1W6	59.55	406	406
UniRef90_A0A076K5L4	59.90	406	409
UniRef90_UPI0003F5F440	60.93	406	407
UniRef90_Q4FNM2	58.02	406	403
UniRef90_UPI00045E9ACE	58.77	406	405
UniRef90_UPI000487CF57	61.14	406	408
UniRef90_UPI0003C148D9	62.28	406	404
UniRef90_E7RY26	62.72	406	403
UniRef90_A0A0K0SV47	66.01	406	408
UniRef90_UPI00063D00ED	58.29	406	409
UniRef90_UPI0006FCA796	61.23	406	403
UniRef90_UPI0003957F1C	60.64	406	406
UniRef90_UPI000482606C	62.96	406	403
UniRef90_V5SA31	60.24	406	410
UniRef90_A0A0E3Z2A2	63.37	406	403
UniRef90_A0A0G3CLX1	82.43	406	404
UniRef90_G6A177	59.42	406	412
UniRef90_A6F3S7	62.96	406	402
UniRef90_R4I1V3	81.44	406	403
UniRef90_X6L5C6	59.51	406	409
UniRef90_UPI00037D2C29	60.89	406	402
UniRef90_UPI0003693920	60.29	406	408
UniRef90_D0KZE6	64.53	406	405
UniRef90_Q3BP40	62.87	406	402
UniRef90_A0A089Q8B0	61.52	406	408
UniRef90_B4RBI2	61.39	406	404
UniRef90_A0A0F5Q0H7	58.02	406	408
UniRef90_UPI0003705ACF	65.36	406	405
UniRef90_A0A0G3I2S6	58.13	406	406
UniRef90_F8JFK3	59.31	406	410
UniRef90_F7QI68	62.41	406	399
UniRef90_UPI000419FBA8	66.75	406	408
UniRef90_UPI000463D115	62.41	406	407
UniRef90_A0A0M9GNB8	57.88	406	406
UniRef90_V4RKK9	60.78	406	415
UniRef90_A0A0C6FDV0	61.27	406	408
UniRef90_W6M7C7	64.94	406	405
UniRef90_C5AS57	61.08	406	408
UniRef90_R4YM96	58.54	406	410
UniRef90_A0A0D1EI34	59.02	406	409
UniRef90_A0A0B7ITP1	65.35	406	405
UniRef90_C6XEY2	57.64	406	406
UniRef90_R5EMJ1	61.98	406	407
UniRef90_A1AXQ3	60.10	406	405
UniRef90_S5YEM8	60.64	406	408
UniRef90_K8ZAM1	62.62	406	402
UniRef90_L0SX97	63.28	406	402
UniRef90_A0A0D0S709	61.43	406	411
UniRef90_UPI0003F777F4	63.03	406	402
UniRef90_A0A0D0Q8F8	57.21	406	408
UniRef90_X7EHW9	59.02	406	409
UniRef90_Q0AK53	60.34	406	404
UniRef90_W2UCH3	61.82	406	404
UniRef90_M4NGI2	61.79	406	402
UniRef90_UPI000489EBB9	57.21	406	409
UniRef90_B7RNG0	57.80	406	412
UniRef90_UPI000494A417	59.31	406	405
UniRef90_A0A0B4D8I5	58.82	406	409
UniRef90_D5BU69	59.71	406	432
UniRef90_A0A073J431	57.32	406	409
UniRef90_A3J9B0	63.48	406	394
UniRef90_E6YG33	57.74	406	406
UniRef90_Q1MN47	58.94	406	399
UniRef90_A0A0D6JGN6	59.90	406	410
UniRef90_E0MLY9	61.08	406	405
UniRef90_A0A091AT95	61.29	406	404
UniRef90_A0A0A2WND1	62.10	406	407
UniRef90_A0A0H5BAA0	57.14	406	406
UniRef90_UPI000382A252	56.79	406	405
UniRef90_UPI0003F52549	59.02	406	409
UniRef90_A0A094Z111	56.40	406	406
UniRef90_A0A073ICM2	57.95	406	409
UniRef90_Q1YFH9	60.69	406	405
UniRef90_A3U2A9	57.84	406	409
UniRef90_UPI0006C74648	59.66	406	409
UniRef90_V7EI15	60.54	406	409
UniRef90_UPI0006D95BC3	58.05	406	409
UniRef90_A0A0A0F211	62.16	406	414
UniRef90_A0A074JVK7	59.66	406	412
UniRef90_T1ABJ3	60.89	406	404
UniRef90_A0A095CMU0	58.58	406	409
UniRef90_A0A0H1AJW5	62.28	406	410
UniRef90_UPI0006F88654	59.56	406	408
UniRef90_UPI00048980D4	60.40	406	402
UniRef90_B8KNY3	65.60	406	408
UniRef90_U6B6H6	57.39	406	406
UniRef90_UPI00056B9B74	58.09	406	408
UniRef90_A5EW62	61.08	406	404
UniRef90_C6XRW4	58.72	406	410
UniRef90_Q5LKE1	58.68	406	409
UniRef90_A0A074TL77	60.64	406	408
UniRef90_A0A0A0MA36	62.34	406	401
UniRef90_UPI00040748D3	58.09	406	409
UniRef90_Q2CC66	55.85	406	409
UniRef90_UPI0006FB92D7	60.89	406	402
UniRef90_A0Z173	68.06	406	409
UniRef90_A0A0D6EVK3	64.37	406	410
UniRef90_S9QJS3	57.56	406	409
UniRef90_UPI0003B6F523	65.27	406	404
UniRef90_D0D737	58.05	406	409
UniRef90_E8LI92	62.72	406	405
UniRef90_Q492H1	73.58	406	404
UniRef90_A0A095VNK3	66.83	406	406
UniRef90_A0A0M6W9G7	72.17	406	405
UniRef90_UPI0004E1D672	56.76	406	406
UniRef90_Q161G2	57.84	406	409
UniRef90_A1WJV1	60.99	406	410
UniRef90_L0ETF0	56.60	406	395
UniRef90_J9YYQ2	59.36	406	405
UniRef90_I4VI09	61.79	406	402
UniRef90_A3JVX9	60.44	406	408
UniRef90_A0P6C6	58.58	406	409
UniRef90_A0A086Y1J6	58.19	406	409
UniRef90_Q6SFS0	60.69	406	406
UniRef90_A0A074JJF8	60.24	406	409
UniRef90_UPI0006FB7E31	60.69	406	405
UniRef90_X5MD49	62.32	406	405
UniRef90_A0A0F9WI06	62.16	406	405
UniRef90_UPI0004E24FDB	61.82	406	407
UniRef90_UPI00068205C5	57.35	406	409
UniRef90_F9Y7I8	57.49	406	408
UniRef90_A0A0M9EF98	56.48	406	409
UniRef90_A0A0A0EJE6	56.97	406	409
UniRef90_UPI000578EF19	59.71	406	408
UniRef90_A0A0B5DSJ8	58.09	406	409
UniRef90_A0A086XYN7	61.52	406	409
UniRef90_T0Y3H2	61.14	406	406
UniRef90_A0A099T9B7	57.56	406	409
UniRef90_A0A061SUG5	56.48	406	409
UniRef90_UPI0004DEF0F1	59.71	406	408
UniRef90_UPI0004070E2D	59.55	406	406
UniRef90_A0A0L6CV79	57.84	406	409
UniRef90_E8REP7	60.55	406	402
UniRef90_B6BUF8	58.54	406	407
UniRef90_U3AWZ2	60.44	406	405
UniRef90_A0A0J7JEP9	61.73	406	403
UniRef90_Q1LTA8	72.17	406	406
UniRef90_J4V494	59.65	406	402
UniRef90_UPI000489FB84	64.85	406	404
UniRef90_V4NXF9	58.27	406	407
UniRef90_W8RU54	56.13	406	409
UniRef90_K2JL03	56.10	406	409
UniRef90_B8KWJ6	65.76	406	408
UniRef90_A0A0D6AZP8	59.07	406	409
UniRef90_UPI00067BF7CF	60.54	406	408
UniRef90_K2GRT8	58.92	406	408
UniRef90_U3B2V5	61.43	406	406
UniRef90_A6FPN5	57.35	406	409
UniRef90_A0A0K2BL25	75.31	406	403
UniRef90_A0A017HBS5	56.83	406	409
UniRef90_A3X3G4	56.48	406	409
