UniRef90_P22637	99.20	501	552
UniRef90_A0A0K2YN42	83.86	501	548
UniRef90_UPI00047F7790	79.52	501	553
UniRef90_C0ZRH0	78.44	501	552
UniRef90_UPI00048411D3	75.10	501	550
UniRef90_E6JE81	81.88	501	448
UniRef90_A0A0K2YLL6	72.51	501	547
UniRef90_UPI0004A751F2	71.60	501	539
UniRef90_UPI0005F2FC98	69.42	501	545
UniRef90_UPI0004C2F55A	69.56	501	531
UniRef90_UPI000686B390	68.53	501	530
UniRef90_U5EAF3	70.56	501	546
UniRef90_UPI000363BB6F	68.35	501	531
UniRef90_UPI00068B5F22	66.87	501	540
UniRef90_D2AYD8	66.80	501	547
UniRef90_UPI00041FFABB	66.80	501	507
UniRef90_UPI00055F7E77	67.40	501	547
UniRef90_UPI0005AA874A	67.00	501	555
UniRef90_S3ZCE0	66.19	501	492
UniRef90_UPI0004CA3720	66.80	501	547
UniRef90_UPI0006FDF6E5	66.40	501	544
UniRef90_UPI000693E45F	65.00	501	524
UniRef90_UPI00068FC5E4	67.00	501	534
UniRef90_UPI00037AA4A1	66.20	501	548
UniRef90_A0A075UVN3	65.27	501	513
UniRef90_A0A0B8NFD5	67.00	501	495
UniRef90_W2EZE8	65.80	501	545
UniRef90_UPI0003A8A12C	67.00	501	547
UniRef90_UPI00055A1FA3	66.20	501	510
UniRef90_D9VU02	66.20	501	549
UniRef90_A0A0N1NU47	65.59	501	547
UniRef90_R1IDE5	66.60	501	520
UniRef90_UPI0004C9A791	64.66	501	538
UniRef90_UPI000405583A	65.00	501	547
UniRef90_UPI00036FF069	65.66	501	543
UniRef90_F2R5J6	64.80	501	547
UniRef90_A0A0M9YBF9	66.00	501	547
UniRef90_UPI0006E43FE3	64.60	501	548
UniRef90_UPI0004C3BC92	65.40	501	541
UniRef90_A0A0M8W298	65.39	501	547
UniRef90_UPI000689DACE	65.20	501	522
UniRef90_UPI0004CD0822	64.80	501	549
UniRef90_A0A0A1DTF1	65.07	501	541
UniRef90_A0A0F0H8N3	65.07	501	539
UniRef90_UPI0003753C15	64.00	501	542
UniRef90_UPI0006FA8082	65.99	501	543
UniRef90_A0A0G3UVU9	66.00	501	551
UniRef90_UPI00069490A2	63.80	501	532
UniRef90_UPI0006897EF5	65.59	501	527
UniRef90_A0A0F0GZN1	65.00	501	550
UniRef90_A0A0F4KGB1	65.66	501	551
UniRef90_A0A0N0A5B6	65.18	501	541
UniRef90_G2GNQ6	65.51	501	487
UniRef90_G0PXD9	63.60	501	547
UniRef90_A0A0H5CFR9	64.65	501	505
UniRef90_A0A0K3AXY2	64.37	501	541
UniRef90_UPI0004C450EE	62.95	501	549
UniRef90_UPI000562DE55	64.98	501	491
UniRef90_W7S8V5	64.40	501	546
UniRef90_C7QF61	64.26	501	546
UniRef90_UPI0006869460	67.07	501	531
UniRef90_A0A0L8L065	63.40	501	549
UniRef90_UPI00068FAE02	65.60	501	528
UniRef90_N0D146	63.80	501	547
UniRef90_UPI0004C76504	64.99	501	547
UniRef90_B5HE38	63.23	501	547
UniRef90_UPI00062C8E20	62.67	501	554
UniRef90_A0A0F2G358	64.02	501	548
UniRef90_UPI00069806CA	62.75	501	548
UniRef90_C6WL12	59.80	501	543
UniRef90_Q79ZT7	57.52	501	547
UniRef90_P12676	59.00	501	546
UniRef90_UPI0006E39A32	58.25	501	530
UniRef90_A0A0D7CIG1	57.72	501	549
UniRef90_A0A0F5VUD4	59.15	501	528
UniRef90_UPI0004C6DC76	59.56	501	528
UniRef90_A0A086GYL7	57.75	501	528
UniRef90_K4HFD9	56.91	501	553
UniRef90_L7F875	58.16	501	541
UniRef90_A0A0C1QD81	59.04	501	528
UniRef90_UPI0006E2D25A	58.75	501	528
UniRef90_A0A086MQR0	56.97	501	547
UniRef90_A7RA76	57.20	501	552
UniRef90_A0A0L8L239	58.75	501	528
UniRef90_UPI0004E1652B	59.36	501	528
UniRef90_A7LGL0	57.37	501	542
UniRef90_Q82AI9	58.67	501	544
UniRef90_A0A0L0KLF4	59.15	501	526
UniRef90_UPI0004C9C917	58.75	501	528
UniRef90_UPI000481D535	58.76	501	537
UniRef90_D9X3C3	57.95	501	545
UniRef90_A0A0N1FN71	58.10	501	540
UniRef90_UPI0005265026	58.70	501	528
UniRef90_A0A0J8AIQ6	58.15	501	528
UniRef90_UPI000363D2A1	58.04	501	541
UniRef90_E2Q0N2	57.06	501	559
UniRef90_A0A0M2Z5H8	58.43	501	527
UniRef90_UPI000565268D	58.55	501	526
UniRef90_UPI0004814F1D	56.85	501	550
UniRef90_Q55020	57.26	501	547
UniRef90_D9UWG1	56.85	501	543
UniRef90_A0A066YAF2	56.94	501	528
UniRef90_A0A0A0DNT3	56.65	501	548
UniRef90_M3BGF7	52.20	501	533
UniRef90_UPI0006E1564F	58.15	501	526
UniRef90_UPI0004C21FE4	57.46	501	538
UniRef90_A0A0M2JDM9	57.75	501	529
UniRef90_H5X8V3	56.11	501	533
UniRef90_V6JU50	57.95	501	528
UniRef90_B5I2A1	57.95	501	543
UniRef90_UPI000475CF4D	56.94	501	538
UniRef90_UPI0003703B85	55.47	501	554
UniRef90_A0A014LBW5	55.73	501	539
UniRef90_A0A0K9XKM8	52.00	501	551
UniRef90_UPI00069BC1FC	56.09	501	538
UniRef90_UPI0004C9643F	56.88	501	537
UniRef90_D9ILX5	98.92	501	279
UniRef90_UPI000525B7F0	55.47	501	536
UniRef90_A0A0C1NKN3	55.44	501	540
UniRef90_A0A075UN20	56.19	501	535
UniRef90_A0A076MYY0	55.94	501	532
UniRef90_UPI0004C52855	56.39	501	547
UniRef90_K4R330	56.63	501	550
UniRef90_S5UPT2	57.52	501	528
UniRef90_A1ZK73	55.98	501	531
UniRef90_A0A0F4I6Q8	55.78	501	538
UniRef90_D7CI01	55.98	501	543
UniRef90_A0A0C1SHF2	56.42	501	538
UniRef90_A0A081EBK7	54.42	501	558
UniRef90_A4FNG2	54.75	501	522
UniRef90_C7MXW2	54.64	501	534
UniRef90_D3PWH5	54.42	501	533
UniRef90_UPI00036ACC18	55.22	501	531
UniRef90_A0A0F0H9W8	54.56	501	520
UniRef90_I0V595	52.51	501	544
UniRef90_D9WHR8	55.44	501	547
UniRef90_D2PYB3	53.63	501	541
UniRef90_UPI0003615822	51.92	501	544
UniRef90_W8G3T9	55.58	501	551
UniRef90_UPI000526735D	54.14	501	524
UniRef90_W5W442	54.93	501	505
UniRef90_UPI00068BF709	52.53	501	542
UniRef90_A0A0D0F5B8	50.92	501	516
UniRef90_A0A0F4JPS8	55.84	501	387
UniRef90_A0A0K1JLZ8	48.88	501	535
UniRef90_UPI00036472E3	46.67	501	541
UniRef90_G2EAQ7	46.27	501	538
UniRef90_A0A0C1F6G7	45.84	501	530
UniRef90_UPI00047684BB	47.84	501	523
UniRef90_I4A0Y4	46.37	501	528
UniRef90_UPI0003FDBCC3	44.92	501	530
UniRef90_X0R3B3	45.09	501	532
UniRef90_F5SQH4	45.25	501	538
UniRef90_A5WBI8	44.85	501	534
UniRef90_UPI0005579CA5	43.93	501	526
UniRef90_A0A086ATT3	45.23	501	527
UniRef90_A0A083WRW4	44.02	501	534
UniRef90_UPI00069CCC5A	47.31	501	467
UniRef90_UPI00037A4493	45.33	501	529
UniRef90_A0A0A1SA71	44.51	501	527
UniRef90_A0A0G3M875	43.93	501	527
UniRef90_D7VYA1	43.81	501	528
UniRef90_UPI0006476C3A	43.81	501	526
UniRef90_UPI00068B1207	47.05	501	537
UniRef90_A0A085ZUC0	44.02	501	527
UniRef90_A0A0N0NG33	64.42	501	310
UniRef90_UPI00063D2239	44.47	501	526
UniRef90_A0A086BL56	42.97	501	526
UniRef90_F0P237	44.07	501	525
UniRef90_W4TAZ0	44.81	501	526
UniRef90_A0A0N0IV21	44.19	501	529
UniRef90_A0A077KE16	43.36	501	528
UniRef90_UPI0004933631	44.40	501	523
UniRef90_UPI000428AB05	43.98	501	523
UniRef90_UPI00050A210A	43.04	501	525
UniRef90_A0A0J7HX38	43.36	501	527
UniRef90_K1ENT2	45.95	501	523
UniRef90_A0A086A523	43.06	501	525
UniRef90_A0A0N1E4E3	43.36	501	523
UniRef90_A0A022L4S3	86.96	501	208
UniRef90_A0A024LYT2	39.11	501	539
UniRef90_W9AYZ2	38.71	501	544
UniRef90_H9NJ52	40.17	501	538
UniRef90_Q27I64	64.06	501	256
UniRef90_UPI000404BBC4	38.63	501	538
UniRef90_UPI000685ECED	38.10	501	544
UniRef90_G7CD92	38.76	501	554
UniRef90_UPI0003617FC3	38.23	501	538
UniRef90_UPI0006937178	37.34	501	540
UniRef90_UPI00058BDB7A	38.23	501	546
UniRef90_X5KT13	36.96	501	522
UniRef90_A0A0D1LC98	34.85	501	465
UniRef90_A0A0M4SN18	38.07	501	521
UniRef90_UPI0004674F82	35.23	501	540
UniRef90_UPI00049137D1	35.53	501	539
UniRef90_A0A0D6KFM2	37.27	501	560
UniRef90_A4X855	36.24	501	543
UniRef90_M2WKP8	38.37	501	517
UniRef90_UPI0004C45797	35.09	501	544
UniRef90_A0A0H5NY23	35.91	501	539
UniRef90_UPI00030CA88F	38.54	501	528
UniRef90_UPI000594F3E2	34.19	501	540
UniRef90_A0A0D0LHC6	35.28	501	540
UniRef90_A0A0D5AIH3	34.87	501	546
UniRef90_I0H2C2	36.56	501	532
UniRef90_M9ZUZ4	36.63	501	515
UniRef90_K9RIL2	36.49	501	519
UniRef90_UPI0005940807	34.25	501	540
UniRef90_UPI0006D1D4FA	34.83	501	542
UniRef90_UPI0002E1A1A1	33.33	501	539
UniRef90_UPI00056A893F	37.35	501	539
UniRef90_UPI00030D3E0D	34.06	501	539
UniRef90_W0L9L3	34.27	501	542
UniRef90_K9U0B0	37.72	501	522
UniRef90_B2IZE6	36.71	501	522
UniRef90_A0A0K2YIP4	37.48	501	534
UniRef90_UPI00031F6389	34.39	501	544
UniRef90_UPI00034DDB4C	36.53	501	527
UniRef90_UPI0004F354B0	34.67	501	544
UniRef90_UPI00030E88B9	34.10	501	543
UniRef90_UPI0006913366	36.88	501	542
UniRef90_UPI000314CBE2	34.97	501	542
UniRef90_A0A0J6KEL8	36.51	501	553
UniRef90_Q7ND02	35.73	501	512
UniRef90_UPI0002D8FE3C	35.03	501	543
UniRef90_E4WIE8	34.00	501	535
UniRef90_A0A0D0JXF9	33.07	501	540
UniRef90_UPI00030B84C8	34.29	501	544
UniRef90_A0A066TZC1	35.01	501	520
UniRef90_A0A0J6NIP5	36.11	501	541
UniRef90_UPI000367E8D6	34.88	501	532
UniRef90_UPI00041F4708	34.76	501	494
UniRef90_K9R2J9	35.80	501	524
UniRef90_UPI0005629BD8	34.35	501	540
UniRef90_UPI0002EA085F	33.79	501	538
UniRef90_UPI000690EFDD	35.91	501	547
UniRef90_A0A0C2L8V5	38.24	501	530
UniRef90_H6R8T1	33.07	501	539
UniRef90_UPI000526B56F	33.92	501	540
UniRef90_UPI00052571E7	35.61	501	533
UniRef90_K9U1P4	36.69	501	501
UniRef90_K0EMV7	32.94	501	542
UniRef90_UPI0002F80A5F	33.53	501	539
UniRef90_UPI000476E272	33.79	501	539
UniRef90_UPI0004C5E455	34.00	501	531
UniRef90_UPI00055ABAFF	32.81	501	540
UniRef90_J9SF89	37.25	501	537
UniRef90_M7AMA2	34.57	501	545
UniRef90_U5EBP4	33.33	501	538
UniRef90_A0A0M0SU70	37.35	501	530
UniRef90_UPI0002E1ABEE	33.60	501	539
UniRef90_A0A0K2YTT5	35.26	501	541
UniRef90_A0A085WK15	34.77	501	548
UniRef90_K9U6P8	33.33	501	502
UniRef90_UPI0004E2EA8A	34.57	501	524
UniRef90_UPI0006FD9416	33.14	501	483
UniRef90_UPI0002E8C624	33.01	501	538
UniRef90_UPI000313F3EC	37.70	501	528
UniRef90_D0LDL8	34.73	501	513
UniRef90_C3JT83	33.13	501	551
UniRef90_UPI00059413FC	34.66	501	548
UniRef90_UPI0006FC2EA5	33.20	501	544
UniRef90_M2WJ52	34.53	501	526
UniRef90_UPI0005609CBA	32.42	501	496
UniRef90_UPI00037B55DE	33.47	501	549
UniRef90_UPI000309A28C	34.50	501	526
UniRef90_UPI0006FB391E	33.27	501	537
UniRef90_UPI000360ACB2	36.74	501	539
UniRef90_A0A0B8NMV1	32.87	501	530
UniRef90_UPI0005949498	33.07	501	542
UniRef90_A8M5S7	35.84	501	543
UniRef90_V9XMV6	32.14	501	547
UniRef90_M0QNW0	33.92	501	529
UniRef90_UPI0006F41F21	33.13	501	544
UniRef90_UPI0004A6D586	33.40	501	541
UniRef90_A0A0M4PRP1	33.97	501	559
UniRef90_W9DJ78	35.91	501	537
UniRef90_UPI0004641BB6	33.00	501	528
UniRef90_UPI0002E973A5	33.40	501	558
UniRef90_M3ULB4	33.60	501	511
UniRef90_UPI0002628583	33.92	501	522
UniRef90_K6W2Z2	35.13	501	523
UniRef90_UPI00030AE7ED	34.19	501	538
UniRef90_UPI000312C72E	32.60	501	528
UniRef90_UPI0002F3D597	33.66	501	542
UniRef90_A0A0F6A3J7	33.73	501	558
UniRef90_UPI0005952A08	33.40	501	496
UniRef90_A0A0D5ADI3	34.52	501	530
UniRef90_R7XVW0	32.86	501	525
UniRef90_A0A0D8HYB4	32.60	501	572
UniRef90_UPI0006D03F2E	33.40	501	547
UniRef90_A0A0J6SDT9	33.40	501	522
UniRef90_H0JPW3	32.53	501	525
UniRef90_A8LGY7	34.92	501	544
UniRef90_W5T714	32.48	501	538
UniRef90_A0A0M3UBB3	35.25	501	554
UniRef90_F1YLS7	33.33	501	525
UniRef90_H6N4U1	34.00	501	531
UniRef90_W5WBS6	34.14	501	474
UniRef90_UPI0003041D5F	33.40	501	540
UniRef90_UPI000423F225	33.13	501	535
UniRef90_M2WK96	33.86	501	534
UniRef90_A0A0F3I9U7	33.93	501	483
UniRef90_A0A0K2YGS2	33.53	501	539
UniRef90_K5V1U6	31.42	501	570
UniRef90_UPI0006849815	32.41	501	511
UniRef90_UPI0003022445	31.52	501	533
UniRef90_A8L4C3	34.73	501	541
UniRef90_C2HVC0	33.20	501	594
UniRef90_D0LDL7	34.73	501	538
UniRef90_A0A0A0DQC2	33.02	501	553
UniRef90_A0A0F2G300	33.73	501	489
UniRef90_A0A0D8HWN7	33.53	501	531
UniRef90_H0R1T4	35.53	501	544
UniRef90_UPI0005950A20	32.73	501	496
UniRef90_UPI0005BE8929	32.60	501	499
UniRef90_UPI000593A31C	31.66	501	500
UniRef90_UPI0006872AC6	32.33	501	560
UniRef90_UPI0002F9BFA0	30.78	501	532
UniRef90_A0A099DCM1	33.80	501	530
UniRef90_V8CYF7	32.47	501	528
UniRef90_A0A0B2B7U6	31.53	501	531
UniRef90_A6APT8	31.45	501	570
UniRef90_G7GUD9	33.60	501	529
UniRef90_L8LRR9	32.49	501	499
UniRef90_U5E8B3	32.13	501	531
UniRef90_UPI0005B83045	33.33	501	531
UniRef90_D3CSW4	34.92	501	543
UniRef90_A0A011QNI4	32.25	501	502
UniRef90_UPI00036D4DC0	34.33	501	539
UniRef90_M6ZXN5	34.80	501	541
UniRef90_UPI00056EEFB6	32.45	501	494
UniRef90_UPI0006DC5012	34.56	501	513
UniRef90_UPI0006F82869	33.27	501	531
UniRef90_A0A0M5LVM9	31.73	501	541
UniRef90_UPI00036D9B41	32.67	501	548
UniRef90_H5UCY8	32.34	501	533
UniRef90_UPI00068908CF	31.79	501	514
UniRef90_C0ZYW4	32.60	501	523
UniRef90_UPI00056D0F55	32.60	501	495
UniRef90_UPI000525A0E6	32.34	501	531
UniRef90_D0L8E4	32.03	501	530
UniRef90_K6X3Y9	34.26	501	537
UniRef90_UPI0005D16D4D	31.13	501	514
UniRef90_M3CA90	34.01	501	521
UniRef90_UPI000373AE11	32.18	501	496
UniRef90_H6N1P3	34.46	501	534
UniRef90_UPI0006F678C2	32.60	501	508
UniRef90_H5X8G7	32.94	501	524
UniRef90_D3D2S2	32.99	501	552
UniRef90_A0A0J6SJL8	32.67	501	530
UniRef90_UPI0006F57919	31.62	501	533
UniRef90_UPI0006CF72CC	31.20	501	531
UniRef90_W7IBU3	32.16	501	525
UniRef90_A0A0F6YHU6	32.22	501	532
UniRef90_UPI00036B7CCD	32.45	501	549
UniRef90_UPI000593540C	32.25	501	531
UniRef90_Q0S9X3	32.66	501	529
UniRef90_UPI000584A4F5	32.14	501	496
UniRef90_UPI0004905A41	32.21	501	533
UniRef90_A0A066YV36	33.46	501	508
UniRef90_UPI00068F848A	33.27	501	505
UniRef90_K0JX84	34.13	501	515
UniRef90_UPI0004CADBA6	32.80	501	532
UniRef90_UPI0005940E57	31.19	501	496
UniRef90_G7GUD8	33.26	501	537
UniRef90_UPI0006D28E53	32.28	501	532
UniRef90_UPI000379116B	31.91	501	525
UniRef90_M0QM34	33.27	501	539
UniRef90_W5TJ07	32.26	501	531
UniRef90_A0A076MSS7	32.86	501	562
UniRef90_A0A0K9XJA1	32.08	501	519
UniRef90_Q3ALD8	30.27	501	502
UniRef90_L8PLY0	31.03	501	524
UniRef90_R4LDH1	34.27	501	521
UniRef90_E3J7L2	34.90	501	548
UniRef90_E8W956	34.48	501	518
UniRef90_UPI0004C13E85	32.92	501	540
UniRef90_A0A0N1NV05	33.06	501	540
UniRef90_E0TBM8	30.99	501	555
UniRef90_W9DIK7	31.50	501	535
UniRef90_A0A0H5NRK7	31.43	501	530
UniRef90_UPI00069EAE79	33.08	501	564
UniRef90_UPI000593D2B5	31.90	501	531
UniRef90_UPI000681BCBF	31.28	501	512
UniRef90_UPI0003620043	35.97	501	524
UniRef90_A0A0D0L9T2	30.29	501	495
UniRef90_H6QY89	30.78	501	531
UniRef90_A0A022LMR5	31.70	501	537
UniRef90_A0A0F4K7W6	30.63	501	527
UniRef90_UPI0006849C72	33.54	501	521
UniRef90_L7KZZ8	31.97	501	521
UniRef90_E1VMI8	30.27	501	568
UniRef90_UPI00037C1EDD	30.92	501	533
UniRef90_M3VJA9	31.44	501	533
UniRef90_K6VP64	31.21	501	530
UniRef90_UPI0006C9F9D1	31.16	501	551
UniRef90_UPI0004C2007F	31.49	501	538
UniRef90_H5TTH7	31.91	501	554
UniRef90_UPI000367893D	32.44	501	536
UniRef90_UPI0005F7CE1B	30.12	501	535
UniRef90_UPI0005F8432F	32.46	501	554
UniRef90_A0A0F7W856	30.63	501	532
UniRef90_UPI000303EF0C	29.88	501	533
UniRef90_UPI0004C60DF7	29.96	501	539
UniRef90_UPI0005F7BCBE	30.96	501	559
UniRef90_L7LC63	34.85	501	551
UniRef90_UPI0006D0D825	28.28	501	413
UniRef90_M5DMI1	30.92	501	519
UniRef90_H6N214	29.32	501	554
UniRef90_UPI000690E0CE	37.67	501	498
UniRef90_A0A0M8T493	63.12	501	141
UniRef90_UPI000698F553	29.96	501	494
UniRef90_L7KZR4	32.31	501	424
UniRef90_UPI00068C98CF	42.05	501	180
UniRef90_W4A4P8	31.98	501	266
UniRef90_A0A0D8DSI1	26.77	501	531
UniRef90_UPI0005BBBAFF	26.93	501	547
UniRef90_UPI000364A955	54.13	501	114
UniRef90_A0A0F7KL30	25.64	501	524
UniRef90_UPI00037DC2CD	31.34	501	431
UniRef90_H8MGW6	26.09	501	786
UniRef90_Q0KB34	25.82	501	533
UniRef90_UPI00068B744D	31.43	501	197
UniRef90_Q0VQ41	25.85	501	522
UniRef90_A0A0D5ED12	25.95	501	533
UniRef90_Q1D5R9	25.86	501	787
UniRef90_A7HEX6	27.26	501	540
UniRef90_A6GCP3	25.49	501	543
UniRef90_L0W8C5	28.74	501	518
UniRef90_UPI00047CF5A1	27.08	501	520
UniRef90_K8YB59	24.33	501	522
UniRef90_A0A0D6JIT6	25.91	501	553
UniRef90_S3W0X1	24.77	501	533
UniRef90_UPI0002DD39EA	25.62	501	564
UniRef90_UPI0005607E81	25.84	501	537
UniRef90_UPI0004227EAB	25.86	501	577
UniRef90_UPI0003B71993	25.43	501	548
UniRef90_W4MDU3	25.41	501	528
UniRef90_UPI000344ABED	22.16	501	1114
UniRef90_I0XVZ5	24.65	501	575
UniRef90_I0HJG2	29.27	501	755
UniRef90_H2JWY4	51.22	501	214
UniRef90_L8JW89	24.86	501	536
UniRef90_UPI0003B3C26E	24.14	501	1845
UniRef90_UPI00067C76F5	24.14	501	1432
UniRef90_UPI0003473AEB	27.37	501	728
UniRef90_A0A095TU27	28.66	501	523
UniRef90_UPI00047B5687	30.55	501	582
UniRef90_A0A0B4XIQ2	27.06	501	525
UniRef90_K0CDN8	26.39	501	523
UniRef90_A4XBG5	31.42	501	563
UniRef90_UPI0004B94173	23.65	501	552
UniRef90_A0A0K8JUR9	25.68	501	581
UniRef90_A0A094R894	23.91	501	534
UniRef90_A0A095SFD0	24.28	501	522
UniRef90_UPI00037AB8DC	45.16	501	87
UniRef90_D5C0H2	27.89	501	525
UniRef90_K6YSI9	24.91	501	574
UniRef90_UPI000379A62B	24.63	501	592
UniRef90_A0A0M2RY44	29.50	501	548
UniRef90_UPI0005D93EF5	28.92	501	550
UniRef90_A0A0A1DLQ0	28.36	501	563
UniRef90_R7XUH1	27.51	501	573
UniRef90_UPI000411BEC9	26.51	501	563
UniRef90_A0A0F4T5A8	27.60	501	550
UniRef90_D9T718	26.29	501	565
UniRef90_UPI00068B012A	28.70	501	536
UniRef90_U7G2P7	26.79	501	522
UniRef90_G3JKD6	26.17	501	1188
UniRef90_D9TE42	28.02	501	560
UniRef90_N9LZQ2	26.73	501	534
UniRef90_M3VJN2	26.95	501	573
UniRef90_UPI0003FD8EF3	24.55	501	529
UniRef90_A0A0F4JPR6	50.70	501	111
UniRef90_UPI000686522F	26.42	501	660
UniRef90_E2SG08	29.09	501	562
UniRef90_L1L478	28.70	501	771
UniRef90_UPI000352FE27	24.71	501	485
UniRef90_S3VD18	23.65	501	574
UniRef90_I2JF75	26.73	501	544
UniRef90_A0A0B0ELZ3	28.93	501	778
UniRef90_H2CBJ6	27.00	501	551
UniRef90_A0A090BAU5	25.38	501	556
UniRef90_UPI0007028546	31.04	501	572
UniRef90_UPI00036EAC3E	28.78	501	594
UniRef90_UPI000425F44F	26.40	501	573
UniRef90_UPI0004049941	26.39	501	1173
UniRef90_H2CEH9	25.97	501	558
UniRef90_A0A0D6QG87	29.07	501	544
UniRef90_A0A014C9N9	25.30	501	444
UniRef90_A0A0D3LH79	29.13	501	569
UniRef90_UPI0006FC83A1	27.05	501	568
UniRef90_T0F9H2	26.11	501	570
UniRef90_UPI0005BCC0C2	26.71	501	552
UniRef90_UPI0004C4EADF	36.04	501	565
UniRef90_D5CSQ7	25.99	501	602
UniRef90_N0DY04	28.40	501	574
UniRef90_UPI00069457C7	26.19	501	557
UniRef90_S3UVZ0	25.67	501	568
UniRef90_P22637	99.20	501	552
UniRef90_A0A0K2YN42	83.86	501	548
UniRef90_C0ZRH0	78.24	501	552
UniRef90_D2AYD8	66.67	501	547
UniRef90_UPI00047F7790	79.52	501	553
UniRef90_Q79ZT7	57.29	501	547
UniRef90_A0A0N1NU47	65.20	501	547
UniRef90_UPI000405583A	65.00	501	547
UniRef90_UPI0004A751F2	71.46	501	539
UniRef90_UPI0006E43FE3	64.60	501	548
UniRef90_UPI00037AA4A1	66.20	501	548
UniRef90_D9VU02	66.07	501	549
UniRef90_S3ZCE0	66.19	501	492
UniRef90_UPI0003A8A12C	67.00	501	547
UniRef90_A0A0M8W298	65.00	501	547
UniRef90_UPI00036FF069	65.66	501	543
UniRef90_A0A075UVN3	65.27	501	513
UniRef90_UPI0005F2FC98	69.42	501	545
UniRef90_UPI0004CD0822	64.80	501	549
UniRef90_UPI000689DACE	65.07	501	522
UniRef90_F2R5J6	64.67	501	547
UniRef90_UPI0004CA3720	66.67	501	547
UniRef90_U5EAF3	70.56	501	546
UniRef90_A0A0G3UVU9	65.47	501	551
UniRef90_R1IDE5	66.60	501	520
UniRef90_UPI0003753C15	63.87	501	542
UniRef90_UPI0004C9A791	64.66	501	538
UniRef90_A0A0F4KGB1	65.27	501	551
UniRef90_N0D146	63.80	501	547
UniRef90_P12676	59.00	501	546
UniRef90_UPI00041FFABB	66.80	501	507
UniRef90_A0A0D7CIG1	57.49	501	549
UniRef90_W2EZE8	65.67	501	545
UniRef90_UPI00048411D3	75.10	501	550
UniRef90_UPI000686B390	68.53	501	530
UniRef90_A0A0M9YBF9	65.67	501	547
UniRef90_A0A0F0GZN1	64.87	501	550
UniRef90_A0A0B8NFD5	67.00	501	495
UniRef90_A0A0F0H8N3	64.87	501	539
UniRef90_A7RA76	57.20	501	552
UniRef90_UPI0006897EF5	65.00	501	527
UniRef90_UPI00068FAE02	65.47	501	528
UniRef90_G0PXD9	63.47	501	547
UniRef90_A0A0K2YLL6	72.51	501	547
UniRef90_A0A0A1DTF1	65.07	501	541
UniRef90_UPI0005AA874A	66.60	501	555
UniRef90_UPI00055A1FA3	66.20	501	510
UniRef90_UPI000562DE55	64.78	501	491
UniRef90_L7F875	58.04	501	541
UniRef90_A0A086GYL7	57.75	501	528
UniRef90_UPI000693E45F	65.00	501	524
UniRef90_UPI0006FDF6E5	66.27	501	544
UniRef90_UPI0004C3BC92	65.20	501	541
UniRef90_K4HFD9	56.80	501	553
UniRef90_A0A0L8L065	63.27	501	549
UniRef90_A0A0K3AXY2	64.37	501	541
UniRef90_UPI0006E39A32	58.25	501	530
UniRef90_A0A0H5CFR9	64.65	501	505
UniRef90_UPI00062C8E20	62.67	501	554
UniRef90_UPI00068B5F22	66.87	501	540
UniRef90_UPI0004C76504	64.47	501	547
UniRef90_A7LGL0	57.17	501	542
UniRef90_W7S8V5	64.27	501	546
UniRef90_A0A086MQR0	56.97	501	547
UniRef90_UPI00068FC5E4	67.00	501	534
UniRef90_Q55020	57.14	501	547
UniRef90_G2GNQ6	65.44	501	487
UniRef90_A0A0N0A5B6	64.98	501	541
UniRef90_UPI00069490A2	63.47	501	532
UniRef90_UPI0004C2F55A	69.56	501	531
UniRef90_UPI0004C450EE	62.95	501	549
UniRef90_UPI00055F7E77	67.40	501	547
UniRef90_UPI000363BB6F	68.21	501	531
UniRef90_D9UWG1	56.74	501	543
UniRef90_UPI0006FA8082	65.99	501	543
UniRef90_C7QF61	64.13	501	546
UniRef90_D9X3C3	57.95	501	545
UniRef90_UPI000565268D	58.35	501	526
UniRef90_UPI00069806CA	62.75	501	548
UniRef90_A0A0C1SHF2	56.42	501	538
UniRef90_UPI00069BC1FC	55.60	501	538
UniRef90_UPI0004C9C917	58.75	501	528
UniRef90_UPI0004E1652B	59.36	501	528
UniRef90_A0A0M2Z5H8	58.43	501	527
UniRef90_A0A0F2G358	64.02	501	548
UniRef90_A0A076MYY0	55.58	501	532
UniRef90_B5HE38	63.23	501	547
UniRef90_Q82AI9	58.67	501	544
UniRef90_A1ZK73	55.65	501	531
UniRef90_UPI0004C6DC76	59.56	501	528
UniRef90_UPI0006E2D25A	58.75	501	528
UniRef90_UPI000525B7F0	54.67	501	536
UniRef90_A0A0C1QD81	59.04	501	528
UniRef90_A0A066YAF2	56.94	501	528
UniRef90_A0A0N1FN71	58.10	501	540
UniRef90_UPI0004C21FE4	57.46	501	538
UniRef90_UPI000363D2A1	58.04	501	541
UniRef90_A0A0J8AIQ6	58.15	501	528
UniRef90_UPI0005265026	58.70	501	528
UniRef90_A0A0C1NKN3	55.33	501	540
UniRef90_A0A0L8L239	58.75	501	528
UniRef90_V6JU50	57.95	501	528
UniRef90_A0A0L0KLF4	59.15	501	526
UniRef90_H5X8V3	55.89	501	533
UniRef90_UPI0004C52855	56.05	501	547
UniRef90_A0A0F4I6Q8	55.44	501	538
UniRef90_A0A014LBW5	55.29	501	539
UniRef90_A0A0F5VUD4	59.15	501	528
UniRef90_A0A075UN20	56.19	501	535
UniRef90_UPI000481D535	58.22	501	537
UniRef90_UPI0006E1564F	57.95	501	526
UniRef90_B5I2A1	57.95	501	543
UniRef90_UPI0003703B85	55.02	501	554
UniRef90_UPI0004814F1D	56.85	501	550
UniRef90_M3BGF7	51.90	501	533
UniRef90_S5UPT2	57.52	501	528
UniRef90_E2Q0N2	57.06	501	559
UniRef90_A0A0M2JDM9	57.75	501	529
UniRef90_D3PWH5	53.98	501	533
UniRef90_A0A0K9XKM8	51.59	501	551
UniRef90_E6JE81	81.88	501	448
UniRef90_D7CI01	55.65	501	543
UniRef90_UPI000475CF4D	56.94	501	538
UniRef90_A4FNG2	54.40	501	522
UniRef90_UPI00036ACC18	54.76	501	531
UniRef90_D9WHR8	54.89	501	547
UniRef90_A0A0A0DNT3	56.65	501	548
UniRef90_UPI0006869460	66.93	501	531
UniRef90_K4R330	56.63	501	550
UniRef90_C7MXW2	54.09	501	534
UniRef90_A0A0F0H9W8	53.59	501	520
UniRef90_UPI0004C9643F	56.51	501	537
UniRef90_A0A081EBK7	54.42	501	558
UniRef90_UPI0003615822	51.61	501	544
UniRef90_W8G3T9	55.13	501	551
UniRef90_D2PYB3	53.29	501	541
UniRef90_C6WL12	59.80	501	543
UniRef90_I0V595	51.68	501	544
UniRef90_D7VYA1	43.37	501	528
UniRef90_UPI00068BF709	51.99	501	542
UniRef90_A0A0G3M875	43.93	501	527
UniRef90_A0A086ATT3	45.23	501	527
UniRef90_UPI000526735D	54.03	501	524
UniRef90_W5W442	54.49	501	505
UniRef90_UPI0005579CA5	43.40	501	526
UniRef90_UPI0006476C3A	44.08	501	526
UniRef90_UPI00047684BB	47.55	501	523
UniRef90_A0A0A1SA71	44.42	501	527
UniRef90_A0A0D0F5B8	50.10	501	516
UniRef90_A0A086BL56	42.97	501	526
UniRef90_A0A085ZUC0	44.02	501	527
UniRef90_G2EAQ7	45.40	501	538
UniRef90_A0A0C1F6G7	45.84	501	530
UniRef90_A0A0N0IV21	44.19	501	529
UniRef90_X0R3B3	44.33	501	532
UniRef90_UPI0003FDBCC3	44.74	501	530
UniRef90_UPI00036472E3	45.78	501	541
UniRef90_UPI00063D2239	44.19	501	526
UniRef90_F5SQH4	44.16	501	538
UniRef90_W4TAZ0	44.81	501	526
UniRef90_A5WBI8	44.18	501	534
UniRef90_UPI00037A4493	45.14	501	529
UniRef90_A0A083WRW4	43.93	501	534
UniRef90_UPI000367E8D6	33.86	501	532
UniRef90_A0A0J7HX38	43.36	501	527
UniRef90_UPI0004933631	44.40	501	523
UniRef90_A0A066TZC1	33.66	501	520
UniRef90_UPI0005952A08	32.61	501	496
UniRef90_A0A077KE16	43.36	501	528
UniRef90_UPI000428AB05	43.98	501	523
UniRef90_I4A0Y4	45.86	501	528
UniRef90_UPI000593A31C	30.63	501	500
UniRef90_UPI0004641BB6	32.02	501	528
UniRef90_UPI000584A4F5	30.68	501	496
UniRef90_UPI0005950A20	31.94	501	496
UniRef90_UPI000525A0E6	31.27	501	531
UniRef90_V8CYF7	31.42	501	528
UniRef90_A0A0N1E4E3	43.15	501	523
UniRef90_UPI0005609CBA	32.61	501	496
UniRef90_UPI00050A210A	43.04	501	525
UniRef90_UPI0004C5E455	33.47	501	531
UniRef90_A0A086A523	43.00	501	525
UniRef90_UPI0004905A41	31.03	501	533
UniRef90_H6QY89	29.88	501	531
UniRef90_UPI0002628583	32.80	501	522
UniRef90_UPI0002F9BFA0	30.34	501	532
UniRef90_UPI000312C72E	31.62	501	528
UniRef90_A0A0D5ADI3	33.07	501	530
UniRef90_UPI0005940E57	31.03	501	496
UniRef90_UPI00041F4708	33.13	501	494
UniRef90_UPI0006849815	31.14	501	511
UniRef90_A0A0D8HWN7	32.27	501	531
UniRef90_R7XVW0	32.48	501	525
UniRef90_A0A0K2YGS2	33.40	501	539
UniRef90_F0P237	44.07	501	525
UniRef90_A0A0F3I9U7	33.00	501	483
UniRef90_C0ZYW4	31.67	501	523
UniRef90_A0A0F4JPS8	55.84	501	387
UniRef90_M2WK96	32.40	501	534
UniRef90_UPI00052571E7	34.85	501	533
UniRef90_UPI00056D0F55	31.23	501	495
UniRef90_UPI0005D16D4D	30.04	501	514
UniRef90_UPI0005BE8929	30.94	501	499
UniRef90_A0A0M4SN18	37.35	501	521
UniRef90_UPI00030CA88F	36.65	501	528
UniRef90_B2IZE6	35.26	501	522
UniRef90_A0A0F2G300	33.81	501	489
UniRef90_UPI0006F82869	31.49	501	531
UniRef90_UPI00037C1EDD	30.00	501	533
UniRef90_M7AMA2	33.40	501	545
UniRef90_M0QNW0	32.81	501	529
UniRef90_U5E8B3	30.80	501	531
UniRef90_H5UCY8	31.03	501	533
UniRef90_UPI00056EEFB6	31.48	501	494
UniRef90_UPI0004F354B0	33.87	501	544
UniRef90_UPI0006D28E53	31.21	501	532
UniRef90_W5TJ07	31.27	501	531
UniRef90_M9ZUZ4	34.80	501	515
UniRef90_Q0S9X3	31.82	501	529
UniRef90_A0A0K1JLZ8	48.88	501	535
UniRef90_UPI0003022445	31.03	501	533
UniRef90_K9RIL2	35.60	501	519
UniRef90_UPI000379116B	30.97	501	525
UniRef90_UPI000423F225	32.67	501	535
UniRef90_H6N4U1	32.60	501	531
UniRef90_H5X8G7	31.55	501	524
UniRef90_E4WIE8	32.80	501	535
UniRef90_UPI000373AE11	31.40	501	496
UniRef90_UPI00049137D1	34.87	501	539
UniRef90_A0A0B2B7U6	30.89	501	531
UniRef90_W7IBU3	31.54	501	525
UniRef90_UPI0004C45797	34.00	501	544
UniRef90_UPI000593540C	31.96	501	531
UniRef90_UPI00068908CF	30.83	501	514
UniRef90_A0A0H5NY23	34.34	501	539
UniRef90_A0A0J6KEL8	35.54	501	553
UniRef90_F1YLS7	33.60	501	525
UniRef90_A0A024LYT2	38.76	501	539
UniRef90_UPI000593D2B5	30.37	501	531
UniRef90_M0QM34	31.62	501	539
UniRef90_W9AYZ2	38.25	501	544
UniRef90_A0A0D0LHC6	34.47	501	540
UniRef90_UPI000314CBE2	33.86	501	542
UniRef90_UPI000594F3E2	33.67	501	540
UniRef90_A0A0D0L9T2	30.29	501	495
UniRef90_UPI0005B83045	32.71	501	531
UniRef90_UPI0002E1A1A1	32.67	501	539
UniRef90_V9XMV6	31.66	501	547
UniRef90_W0L9L3	33.67	501	542
UniRef90_UPI0005940807	34.20	501	540
UniRef90_UPI00030E88B9	33.67	501	543
UniRef90_K0EMV7	32.87	501	542
UniRef90_UPI00034DDB4C	35.53	501	527
UniRef90_A0A0H5NRK7	30.23	501	530
UniRef90_UPI0005949498	32.06	501	542
UniRef90_UPI00030D3E0D	33.94	501	539
UniRef90_K9R2J9	34.52	501	524
UniRef90_D0L8E4	30.63	501	530
UniRef90_UPI000404BBC4	38.05	501	538
UniRef90_M3ULB4	33.40	501	511
UniRef90_UPI0004674F82	34.47	501	540
UniRef90_UPI00031F6389	33.67	501	544
UniRef90_A0A0D0JXF9	33.00	501	540
UniRef90_H6R8T1	32.26	501	539
UniRef90_Q7ND02	34.32	501	512
UniRef90_C3JT83	33.00	501	551
UniRef90_H0JPW3	31.55	501	525
UniRef90_UPI00030AE7ED	33.40	501	538
UniRef90_UPI000476E272	33.07	501	539
UniRef90_G7GUD9	33.60	501	529
UniRef90_G7GUD8	32.85	501	537
UniRef90_A0A0J6NIP5	34.66	501	541
UniRef90_W9DIK7	30.85	501	535
UniRef90_UPI0006D1D4FA	33.67	501	542
UniRef90_A0A0D5AIH3	33.87	501	546
UniRef90_C2HVC0	32.28	501	594
UniRef90_UPI0005629BD8	33.87	501	540
UniRef90_L7KZZ8	30.85	501	521
UniRef90_UPI0002D8FE3C	34.07	501	543
UniRef90_UPI0003041D5F	32.47	501	540
UniRef90_UPI0002EA085F	32.87	501	538
UniRef90_A0A085WK15	34.46	501	548
UniRef90_A0A0D8HYB4	32.79	501	572
UniRef90_UPI0004E2EA8A	33.86	501	524
UniRef90_UPI00059413FC	33.27	501	548
UniRef90_M3VJA9	30.37	501	533
UniRef90_UPI0002F80A5F	32.67	501	539
UniRef90_UPI00030B84C8	33.33	501	544
UniRef90_UPI000303EF0C	29.48	501	533
UniRef90_UPI000360ACB2	35.52	501	539
UniRef90_UPI000690EFDD	34.86	501	547
UniRef90_K9U1P4	35.42	501	501
UniRef90_A0A0A0DQC2	32.95	501	553
UniRef90_UPI00055ABAFF	32.87	501	540
UniRef90_M2WKP8	37.97	501	517
UniRef90_A0A0B8NMV1	32.46	501	530
UniRef90_UPI0006FB391E	31.76	501	537
UniRef90_UPI0002E1ABEE	33.54	501	539
UniRef90_U5EBP4	32.80	501	538
UniRef90_UPI0004A6D586	32.46	501	541
UniRef90_UPI0006872AC6	31.66	501	560
UniRef90_A0A0K2YTT5	34.26	501	541
UniRef90_UPI0002F3D597	33.27	501	542
UniRef90_A8LGY7	32.93	501	544
UniRef90_A6APT8	31.24	501	570
UniRef90_UPI00069CCC5A	47.31	501	467
UniRef90_UPI000313F3EC	34.35	501	528
UniRef90_G7CD92	37.40	501	554
UniRef90_A0A0M5LVM9	31.10	501	541
UniRef90_UPI0005F7CE1B	29.75	501	535
UniRef90_K9U0B0	36.13	501	522
UniRef90_K9U6P8	32.68	501	502
UniRef90_A0A0F6A3J7	32.87	501	558
UniRef90_UPI000309A28C	33.92	501	526
UniRef90_UPI0006CF72CC	29.96	501	531
UniRef90_K6VP64	30.99	501	530
UniRef90_E0TBM8	29.41	501	555
UniRef90_D3CSW4	33.80	501	543
UniRef90_UPI00056A893F	36.18	501	539
UniRef90_UPI0006F678C2	31.50	501	508
UniRef90_UPI000685ECED	37.88	501	544
UniRef90_H9NJ52	39.96	501	538
UniRef90_K5V1U6	31.30	501	570
UniRef90_UPI00036D9B41	32.07	501	548
UniRef90_A8L4C3	34.14	501	541
UniRef90_UPI0003617FC3	37.45	501	538
UniRef90_UPI0006F41F21	32.53	501	544
UniRef90_UPI000681BCBF	30.99	501	512
UniRef90_UPI0002E8C624	32.06	501	538
UniRef90_A0A099DCM1	33.13	501	530
UniRef90_UPI0002E973A5	33.07	501	558
UniRef90_UPI0006FD9416	32.65	501	483
UniRef90_UPI0006D03F2E	32.46	501	547
UniRef90_A0A0K2YIP4	35.67	501	534
UniRef90_UPI00068B1207	46.94	501	537
UniRef90_A0A022LMR5	30.99	501	537
UniRef90_W5T714	31.86	501	538
UniRef90_A0A0J6SDT9	31.96	501	522
UniRef90_A0A0M0SU70	33.91	501	530
UniRef90_A0A076MSS7	31.88	501	562
UniRef90_A0A0C2L8V5	36.96	501	530
UniRef90_A0A0D6KFM2	36.90	501	560
UniRef90_UPI0004CADBA6	31.80	501	532
UniRef90_UPI00036B7CCD	32.37	501	549
UniRef90_D3D2S2	32.92	501	552
UniRef90_A0A011QNI4	31.47	501	502
UniRef90_UPI0006C9F9D1	29.55	501	551
UniRef90_UPI00036D4DC0	33.47	501	539
UniRef90_A0A0J6SJL8	31.74	501	530
UniRef90_UPI00037B55DE	31.66	501	549
UniRef90_A4X855	36.04	501	543
UniRef90_UPI0006937178	37.06	501	540
UniRef90_UPI0006F57919	30.75	501	533
UniRef90_UPI00058BDB7A	36.85	501	546
UniRef90_UPI000526B56F	33.01	501	540
UniRef90_I0H2C2	36.04	501	532
UniRef90_UPI0006FC2EA5	32.87	501	544
UniRef90_D0LDL8	34.26	501	513
UniRef90_UPI0006849C72	32.09	501	521
UniRef90_UPI0006DC5012	34.19	501	513
UniRef90_UPI0004C13E85	32.92	501	540
UniRef90_M2WJ52	33.73	501	526
UniRef90_E1VMI8	30.50	501	568
UniRef90_X5KT13	35.33	501	522
UniRef90_E3J7L2	32.85	501	548
UniRef90_A0A0F4K7W6	29.40	501	527
UniRef90_A0A0N1NV05	30.91	501	540
UniRef90_Q3ALD8	29.32	501	502
UniRef90_H0R1T4	35.13	501	544
UniRef90_A0A0M4PRP1	32.25	501	559
UniRef90_UPI0004C2007F	31.07	501	538
UniRef90_UPI000367893D	30.85	501	536
UniRef90_J9SF89	36.06	501	537
UniRef90_UPI0005F8432F	32.51	501	554
UniRef90_H6N1P3	34.33	501	534
UniRef90_W9DJ78	35.80	501	537
UniRef90_D0LDL7	33.93	501	538
UniRef90_L8LRR9	31.37	501	499
UniRef90_A0A066YV36	32.87	501	508
UniRef90_A0A0F6YHU6	31.55	501	532
UniRef90_A0A0M3UBB3	31.80	501	554
UniRef90_W5WBS6	33.13	501	474
UniRef90_K6W2Z2	35.00	501	523
UniRef90_L8PLY0	30.18	501	524
UniRef90_A0A0D1LC98	34.77	501	465
UniRef90_M6ZXN5	34.40	501	541
UniRef90_K1ENT2	44.51	501	523
UniRef90_M3CA90	32.93	501	521
UniRef90_UPI0006913366	35.32	501	542
UniRef90_K6X3Y9	33.53	501	537
UniRef90_UPI00068F848A	33.20	501	505
UniRef90_A0A0N0NG33	64.63	501	310
UniRef90_K0JX84	31.55	501	515
UniRef90_A8M5S7	33.20	501	543
UniRef90_A0A0K9XJA1	30.39	501	519
UniRef90_L7LC63	29.45	501	551
UniRef90_UPI00069EAE79	32.76	501	564
UniRef90_D9ILX5	98.92	501	279
UniRef90_H5TTH7	30.50	501	554
UniRef90_H6N214	26.54	501	554
UniRef90_UPI0006D0D825	27.12	501	413
UniRef90_R4LDH1	32.80	501	521
UniRef90_UPI0005F7BCBE	29.83	501	559
UniRef90_M5DMI1	28.93	501	519
UniRef90_E8W956	33.27	501	518
UniRef90_A0A0F7W856	29.22	501	532
UniRef90_UPI0004C60DF7	29.53	501	539
UniRef90_A0A0F7KL30	23.01	501	524
UniRef90_UPI0003620043	34.33	501	524
UniRef90_L0W8C5	23.91	501	518
UniRef90_Q0VQ41	22.52	501	522
UniRef90_UPI00047CF5A1	23.18	501	520
UniRef90_UPI0005BBBAFF	26.61	501	547
UniRef90_B1Y132	25.85	501	533
UniRef90_K0CDN8	23.60	501	523
UniRef90_Q27I64	63.81	501	256
UniRef90_A0A0D5ED12	25.09	501	533
UniRef90_UPI000690E0CE	30.99	501	498
UniRef90_A0A0D8DSI1	26.21	501	531
UniRef90_A0A0B4XIQ2	22.99	501	525
UniRef90_H8MGW6	25.18	501	786
UniRef90_U7G2P7	23.41	501	522
UniRef90_Q0KB34	23.49	501	533
UniRef90_S3VD18	22.84	501	574
UniRef90_Q1D5R9	24.45	501	787
UniRef90_T0F9H2	21.95	501	570
UniRef90_A0A0G2ZQU6	24.50	501	763
UniRef90_I0HJG2	24.95	501	755
UniRef90_A0A095TU27	23.64	501	523
UniRef90_A0A095SFD0	22.74	501	522
UniRef90_UPI0003F8320E	23.72	501	556
UniRef90_UPI000425F44F	22.37	501	573
UniRef90_A0A090BAU5	23.05	501	556
UniRef90_A0A0H4WTQ6	23.86	501	788
UniRef90_I0XVZ5	21.39	501	575
UniRef90_A7HEX6	25.36	501	540
UniRef90_S3UVZ0	22.63	501	568
UniRef90_A0A0F4T5A8	24.32	501	550
UniRef90_W4MDU3	23.71	501	528
UniRef90_UPI0005D93EF5	24.78	501	550
UniRef90_UPI0002485B13	22.08	501	540
UniRef90_D9T718	22.20	501	565
UniRef90_A0A0F4RDH9	24.96	501	523
UniRef90_I7Z979	22.78	501	547
UniRef90_L8JW89	23.99	501	536
UniRef90_UPI0006F88792	22.12	501	566
UniRef90_A0A0D6QG87	24.68	501	544
UniRef90_N9LZQ2	22.51	501	534
UniRef90_UPI000371F7AE	23.08	501	794
UniRef90_D9TE42	24.46	501	560
UniRef90_D5C0H2	24.14	501	525
UniRef90_A0A022L4S3	86.96	501	208
UniRef90_L1L478	23.96	501	771
UniRef90_Q5YWW1	23.84	501	580
UniRef90_UPI0006F4CEE1	22.85	501	563
UniRef90_Q72MI5	20.03	501	574
UniRef90_UPI0006E300E5	24.09	501	748
UniRef90_UPI00069457C7	22.61	501	557
UniRef90_UPI0002DD39EA	22.26	501	564
UniRef90_UPI0002785A67	20.03	501	574
UniRef90_H2CBJ6	22.36	501	551
UniRef90_A0A0K1EEW1	22.06	501	581
UniRef90_UPI0003C7EAC7	23.10	501	572
UniRef90_K0EP92	21.90	501	567
UniRef90_UPI0006FC83A1	21.64	501	568
UniRef90_A0A0N0THJ9	25.00	501	567
UniRef90_E9V0D3	25.09	501	570
UniRef90_I0LBW6	25.13	501	584
UniRef90_UPI0006FFB48A	22.02	501	568
UniRef90_A0A017TIT3	22.40	501	579
UniRef90_D5C0G3	21.27	501	573
UniRef90_UPI00056C8468	22.91	501	854
UniRef90_A0A0A1DLQ0	23.87	501	563
UniRef90_UPI0002EC23C1	22.95	501	560
UniRef90_D1ADV3	22.22	501	786
UniRef90_A0A0D3LH79	24.28	501	569
UniRef90_A0A0C2DDF6	22.32	501	522
UniRef90_A6GCP3	22.95	501	543
UniRef90_Q1IUT4	24.10	501	556
UniRef90_UPI00037BD044	21.86	501	583
UniRef90_UPI00030B12F4	22.00	501	574
UniRef90_C4RAM4	24.27	501	565
UniRef90_UPI0003AD3A19	21.88	501	826
UniRef90_A0A0G9H4Z3	23.27	501	543
UniRef90_K8YB59	22.26	501	522
UniRef90_UPI0006D47B27	22.56	501	549
UniRef90_A0A0B8N8P0	23.79	501	569
UniRef90_UPI0005537701	22.56	501	726
UniRef90_E2SG08	22.32	501	562
UniRef90_I2JF75	23.31	501	544
UniRef90_A0A096Z7S3	21.99	501	552
UniRef90_D2PSX1	21.79	501	570
UniRef90_A0A0C1NP52	25.40	501	560
UniRef90_UPI0004C36BD5	23.64	501	565
UniRef90_UPI00049173CF	22.76	501	560
UniRef90_UPI0003B4FD8C	24.96	501	550
UniRef90_UPI0004037BB8	23.16	501	568
UniRef90_R7XUH1	22.52	501	573
UniRef90_UPI000478A240	21.61	501	833
UniRef90_UPI0004B94173	22.49	501	552
