UniRef90_P00646	99.57	468	551
UniRef90_UPI0003FFBD55	73.96	468	586
UniRef90_A0A0I3J482	76.02	468	546
UniRef90_A0A0K3WFD0	93.78	468	494
UniRef90_P09883	89.87	468	582
UniRef90_UPI0002A3ACAF	76.92	468	405
UniRef90_P00645	59.70	468	561
UniRef90_A0A098YNK1	73.19	468	576
UniRef90_Q47112	71.85	468	576
UniRef90_A0A0K0IC04	53.42	468	462
UniRef90_UPI00069A9392	51.25	468	525
UniRef90_UPI0002DA1A42	48.48	468	494
UniRef90_UPI000390C3A1	49.52	468	586
UniRef90_UPI0005307C1E	66.67	468	611
UniRef90_Q47109	86.93	468	177
UniRef90_A0A0I0JMA8	88.76	468	295
UniRef90_A0A0H4Z804	54.20	468	273
UniRef90_N2G9L6	64.92	468	270
UniRef90_A0A0F7LLV7	39.28	468	413
UniRef90_UPI000567A88F	35.87	468	594
UniRef90_W1HFC2	71.15	468	178
UniRef90_A0A098YEN6	99.07	468	113
UniRef90_A6XA70	38.46	468	576
UniRef90_W1H6J4	45.42	468	273
UniRef90_UPI0002DF2685	43.96	468	490
UniRef90_Q5V9K0	82.18	468	619
UniRef90_W1H506	67.61	468	148
UniRef90_UPI000699F1EF	63.06	468	632
UniRef90_UPI0005370860	79.61	468	848
UniRef90_UPI0005370860	40.66	468	848
UniRef90_UPI000372CE8B	79.00	468	848
UniRef90_UPI000372CE8B	35.71	468	848
UniRef90_M7CS78	78.57	468	403
UniRef90_UPI00069FCE42	76.24	468	633
UniRef90_A0A0E8MJD4	73.27	468	342
UniRef90_A0A0J6M9R6	31.50	468	594
UniRef90_UPI0005E04807	72.28	468	688
UniRef90_A0A0H5I7P8	72.28	468	833
UniRef90_A0A0H5I7P8	32.28	468	833
UniRef90_A0A0H5ETS0	72.28	468	946
UniRef90_A0A0H5ETS0	30.38	468	946
UniRef90_A0A0H5FA06	72.28	468	946
UniRef90_A0A0H5FA06	32.59	468	946
UniRef90_C4SH22	72.28	468	753
UniRef90_C4SH22	32.11	468	753
UniRef90_A0A0E8MJI3	39.42	468	940
UniRef90_UPI0005E73288	39.42	468	987
UniRef90_A0A0H5P8Q4	39.00	468	904
UniRef90_A0A069CQW4	68.27	468	842
UniRef90_A0A069CQW4	31.30	468	842
UniRef90_UPI0005E690E3	39.09	468	997
UniRef90_A0A0H5MF98	39.09	468	922
UniRef90_W1HG21	84.93	468	75
UniRef90_UPI0005E73CE4	37.55	468	903
UniRef90_UPI000696000D	81.58	468	76
UniRef90_UPI0006D8A60D	66.33	468	278
UniRef90_Q93ER1	64.36	468	222
UniRef90_T0NSH3	62.38	468	136
UniRef90_W3V083	64.36	468	524
UniRef90_UPI0004CF6F4D	67.03	468	95
UniRef90_UPI00057C03E5	65.31	468	534
UniRef90_A0A0G3G981	63.27	468	416
UniRef90_A0A0D9B272	62.24	468	407
UniRef90_H2IYK2	62.38	468	519
UniRef90_A0A0N1DJL7	59.18	468	416
UniRef90_A0A0J6K675	59.18	468	412
UniRef90_J3F3Z4	66.67	468	407
UniRef90_UPI000703ACEC	66.67	468	411
UniRef90_UPI0006D7C481	60.40	468	422
UniRef90_V9R3F1	64.44	468	384
UniRef90_I4L1N9	65.56	468	407
UniRef90_A0A0B1Z265	60.40	468	410
UniRef90_I4L3Z3	62.22	468	384
UniRef90_M4K446	63.33	468	384
UniRef90_J3D9J8	64.44	468	407
UniRef90_A0A0B7D7W9	58.82	468	408
UniRef90_I2BLT3	61.46	468	384
UniRef90_I0QYF2	59.34	468	95
UniRef90_UPI0002F8F7C9	61.11	468	384
UniRef90_UPI0006D88CE7	62.22	468	406
UniRef90_P18000	89.74	468	180
UniRef90_A0A0C2RNL9	60.61	468	407
UniRef90_J2VTU5	59.18	468	387
UniRef90_UPI0004B5DE1D	56.12	468	518
UniRef90_J2SU34	59.18	468	405
UniRef90_UPI00054C5B76	58.82	468	407
UniRef90_K0WBY4	55.88	468	408
UniRef90_UPI0002D55640	54.00	468	387
UniRef90_C3K1R5	52.53	468	387
UniRef90_J3DQA7	56.57	468	409
UniRef90_UPI00054BEE8A	55.00	468	387
UniRef90_UPI000705405A	53.92	468	387
UniRef90_UPI000016F271	73.42	468	204
UniRef90_V7E6A5	51.52	468	387
UniRef90_UPI000626162E	64.38	468	399
UniRef90_A0A010SDE3	50.51	468	386
UniRef90_A0A0H5AUR4	52.00	468	387
UniRef90_UPI00016C2201	74.14	468	92
UniRef90_A0A0M3G7T9	58.82	468	893
UniRef90_T0PCT7	59.74	468	92
UniRef90_UPI000680B79A	84.44	468	63
UniRef90_UPI0005E08715	26.55	468	919
UniRef90_A0A0E8MPE8	28.72	468	495
UniRef90_Q7NU32	49.46	468	3821
UniRef90_A0A0H5N2D0	32.80	468	431
UniRef90_W1HDJ6	90.00	468	52
UniRef90_A0A0F5EP21	55.29	468	696
UniRef90_UPI0005E26BDA	31.70	468	842
UniRef90_UPI0002E27D38	28.19	468	864
UniRef90_UPI0005E3AF41	26.60	468	954
UniRef90_D7XGH8	100.00	468	127
UniRef90_UPI0006D3AE51	29.70	468	644
UniRef90_D8WUT9	27.65	468	836
UniRef90_A0A0H5GMU2	31.20	468	906
UniRef90_W1HHR1	75.47	468	105
UniRef90_F3DTI7	53.49	468	312
UniRef90_F8R4N7	30.27	468	783
UniRef90_A0A0A2Y248	51.76	468	2083
UniRef90_S5G4D1	24.23	468	879
UniRef90_UPI0006914228	53.01	468	1158
UniRef90_A0A0E8XGG1	35.23	468	870
UniRef90_UPI0005006076	32.28	468	639
UniRef90_J2WIA2	48.84	468	235
UniRef90_K8W1W3	25.68	468	583
UniRef90_UPI0003734426	48.94	468	2321
UniRef90_A0A087K919	60.00	468	1165
UniRef90_UPI0005E40174	31.67	468	910
UniRef90_UPI000302429C	27.31	468	419
UniRef90_D6ZDX2	46.46	468	433
UniRef90_UPI000694A38B	51.19	468	1272
UniRef90_UPI0005E17FB8	28.84	468	913
UniRef90_UPI0002618875	54.55	468	394
UniRef90_UPI00066707A7	30.66	468	620
UniRef90_UPI0006992262	49.44	468	167
UniRef90_A0A024E9P3	47.67	468	370
UniRef90_UPI000641E54A	48.84	468	395
UniRef90_UPI0005E91011	32.46	468	309
UniRef90_B0UVC2	49.41	468	431
UniRef90_A0A0H4NDV5	27.96	468	896
UniRef90_J3DRC3	50.00	468	363
UniRef90_A0A085HDQ0	47.19	468	512
UniRef90_A0A085HXS0	44.68	468	511
UniRef90_A0A0A6G290	49.44	468	513
UniRef90_A0A0J0IX94	47.19	468	508
UniRef90_UPI000469E59C	29.05	468	802
UniRef90_UPI00069AE30B	32.26	468	669
UniRef90_A0A087KR28	33.19	468	434
UniRef90_UPI00067BAC74	48.84	468	86
UniRef90_A0A0K9TCB7	49.44	468	466
UniRef90_A0A0N0BVU4	52.78	468	394
UniRef90_UPI0004899ECE	47.13	468	395
UniRef90_UPI00048BC889	47.13	468	394
UniRef90_W6V510	47.13	468	394
UniRef90_UPI000471E69A	48.31	468	524
UniRef90_I1D6F4	51.14	468	154
UniRef90_UPI00031EA3F5	48.28	468	353
UniRef90_H8NRB9	47.19	468	509
UniRef90_A0A0E1E8J1	48.86	468	372
UniRef90_UPI0006B3767A	57.14	468	1160
UniRef90_D3A0M9	51.81	468	431
UniRef90_UPI000689ACCF	55.38	468	68
UniRef90_UPI0006403C7E	45.45	468	397
UniRef90_UPI000668F412	49.44	468	249
UniRef90_UPI00048B7FE7	47.13	468	398
UniRef90_I0QYF4	46.32	468	468
UniRef90_UPI0004AE35EE	47.19	468	359
UniRef90_J3GPW3	48.28	468	402
UniRef90_A0A0G4JXY9	46.67	468	500
UniRef90_G8QA70	47.73	468	397
UniRef90_UPI0003BF1987	49.44	468	506
UniRef90_UPI0006D8931E	45.98	468	350
UniRef90_UPI000469553F	46.59	468	394
UniRef90_J2ES31	50.00	468	366
UniRef90_S6H638	47.13	468	377
UniRef90_J3EVD1	45.98	468	394
UniRef90_W3YF76	31.22	468	594
UniRef90_A0A0L1P205	49.43	468	393
UniRef90_A0A0M0IVA6	27.69	468	547
UniRef90_A0A0G3GH77	46.59	468	395
UniRef90_P00646	99.57	468	551
UniRef90_A0A0I3J482	76.02	468	546
UniRef90_UPI0003FFBD55	73.56	468	586
UniRef90_P00645	59.70	468	561
UniRef90_UPI00069A9392	50.42	468	525
UniRef90_UPI0002DA1A42	47.07	468	494
UniRef90_A0A0K0IC04	51.95	468	462
UniRef90_A0A0K3WFD0	93.22	468	494
UniRef90_A0A098YNK1	72.58	468	576
UniRef90_P09883	89.30	468	582
UniRef90_Q47112	71.24	468	576
UniRef90_UPI0002A3ACAF	76.92	468	405
UniRef90_UPI000567A88F	32.75	468	594
UniRef90_UPI000390C3A1	49.16	468	586
UniRef90_A6XA70	32.70	468	576
UniRef90_UPI0005307C1E	48.53	468	611
UniRef90_A0A0F7LLV7	37.77	468	413
UniRef90_A0A0H4Z804	53.58	468	273
UniRef90_A0A0J6M9R6	29.74	468	594
UniRef90_UPI0005E08715	26.10	468	919
UniRef90_UPI0005E3AF41	23.53	468	954
UniRef90_A0A0E8MPE8	25.69	468	495
UniRef90_UPI0005E26BDA	24.40	468	842
UniRef90_UPI0002E27D38	22.58	468	864
UniRef90_UPI0005E73CE4	27.29	468	903
UniRef90_N2G9L6	64.92	468	270
UniRef90_Q47109	86.44	468	177
UniRef90_A0A0H4NDV5	24.05	468	896
UniRef90_UPI0005006076	23.65	468	639
UniRef90_W1H6J4	45.26	468	273
UniRef90_A0A0H5N2D0	27.69	468	431
UniRef90_A0A0H5I7P8	23.65	468	833
UniRef90_A0A0H5I7P8	66.67	468	833
UniRef90_A0A0H5P8Q4	34.29	468	904
UniRef90_A0A0E8MJI3	34.64	468	940
UniRef90_A0A0H5MF98	35.11	468	922
UniRef90_UPI0006D3AE51	24.57	468	644
UniRef90_UPI0005E73288	34.64	468	987
UniRef90_UPI0005E690E3	35.50	468	997
UniRef90_W1HFC2	63.58	468	178
UniRef90_A0A0H5ETS0	23.93	468	946
UniRef90_A0A0H5ETS0	67.59	468	946
UniRef90_UPI0005E17FB8	23.48	468	913
UniRef90_UPI0005E40174	23.33	468	910
UniRef90_A0A0H5GMU2	24.20	468	906
UniRef90_S5G4D1	22.84	468	879
UniRef90_C4SH22	28.42	468	753
UniRef90_C4SH22	66.67	468	753
UniRef90_UPI000372CE8B	28.57	468	848
UniRef90_UPI000372CE8B	70.80	468	848
UniRef90_UPI0002DF2685	41.24	468	490
UniRef90_UPI0005E91011	29.91	468	309
UniRef90_A0A0H5FA06	24.18	468	946
UniRef90_A0A0H5FA06	66.67	468	946
UniRef90_A0A0E8XGG1	21.27	468	870
UniRef90_A0A069CQW4	27.73	468	842
UniRef90_A0A069CQW4	63.03	468	842
UniRef90_UPI0005370860	26.76	468	848
UniRef90_UPI0005370860	72.88	468	848
UniRef90_D8WUT9	23.44	468	836
UniRef90_F8R4N7	25.70	468	783
UniRef90_K8W1W3	24.02	468	583
UniRef90_UPI000302429C	24.78	468	419
UniRef90_UPI000699F1EF	29.73	468	632
UniRef90_UPI00066707A7	24.18	468	620
UniRef90_UPI0006D8A60D	59.46	468	278
UniRef90_A0A0M0IVA6	25.97	468	547
UniRef90_A0A0I0JMA8	87.06	468	295
UniRef90_J3F3Z4	56.25	468	407
UniRef90_W3YF76	24.84	468	594
UniRef90_A0A0E8MJD4	67.57	468	342
UniRef90_A0A0D9B272	55.86	468	407
UniRef90_A0A0B1Z265	55.86	468	410
UniRef90_UPI000703ACEC	60.61	468	411
UniRef90_A0A0J6K675	54.05	468	412
UniRef90_J3D9J8	54.21	468	407
UniRef90_A0A0N1DJL7	54.05	468	416
UniRef90_Q5V9K0	73.04	468	619
UniRef90_T0NSH3	58.88	468	136
UniRef90_Q93ER1	60.75	468	222
UniRef90_UPI000469E59C	25.82	468	802
UniRef90_K0WBY4	52.68	468	408
UniRef90_M7CS78	68.07	468	403
UniRef90_M7CS78	24.12	468	403
UniRef90_W1H506	67.61	468	148
UniRef90_UPI0005E04807	67.59	468	688
UniRef90_UPI0005E04807	17.33	468	688
UniRef90_UPI0006D7C481	56.76	468	422
UniRef90_A0A0B7D7W9	55.36	468	408
UniRef90_A0A0G3G981	57.66	468	416
UniRef90_UPI0004CF6F4D	64.21	468	95
UniRef90_UPI00054BEE8A	50.46	468	387
UniRef90_UPI00069FCE42	67.83	468	633
UniRef90_H2IYK2	58.88	468	519
UniRef90_W3V083	60.75	468	524
UniRef90_J2SU34	53.27	468	405
UniRef90_V9R3F1	62.11	468	384
UniRef90_UPI00054C5B76	54.46	468	407
UniRef90_UPI0005E011F4	20.10	468	855
UniRef90_A0A0J5FS99	20.71	468	626
UniRef90_J3DQA7	50.44	468	409
UniRef90_A0A010SDE3	47.71	468	386
UniRef90_C3K1R5	49.54	468	387
UniRef90_UPI000705405A	50.91	468	387
UniRef90_UPI00057C03E5	60.75	468	534
UniRef90_I2BLT3	61.46	468	384
UniRef90_A0A0C2RNL9	55.36	468	407
UniRef90_I4L1N9	63.44	468	407
UniRef90_W8UL35	30.30	468	263
UniRef90_M4K446	53.15	468	384
UniRef90_I4L3Z3	60.00	468	384
UniRef90_A0A0A2RRE3	25.61	468	388
UniRef90_UPI0002F8F7C9	51.35	468	384
UniRef90_UPI0006D88CE7	60.22	468	406
UniRef90_A0A0H5AUR4	47.71	468	387
UniRef90_J2VTU5	54.95	468	387
UniRef90_UPI0002D55640	49.54	468	387
UniRef90_V7E6A5	48.62	468	387
UniRef90_A0A098YEN6	99.07	468	113
UniRef90_I0QYF2	56.84	468	95
UniRef90_UPI0004B5DE1D	56.12	468	518
UniRef90_UPI000668F412	47.83	468	249
UniRef90_A0A0K9TCB7	49.44	468	466
UniRef90_UPI0003BF1987	47.83	468	506
UniRef90_UPI000696000D	82.67	468	76
UniRef90_UPI00069AE30B	25.70	468	669
UniRef90_A0A0J0IX94	45.65	468	508
UniRef90_UPI00067BAC74	48.28	468	86
UniRef90_A0A085HDQ0	45.65	468	512
UniRef90_A0A085HXS0	45.65	468	511
UniRef90_W1HG21	84.93	468	75
UniRef90_A0A0A6G290	46.81	468	513
UniRef90_A0A0A2Y248	25.00	468	2083
UniRef90_UPI000471E69A	46.74	468	524
UniRef90_UPI0004AE35EE	45.65	468	359
UniRef90_A0A0F5EP21	27.04	468	696
UniRef90_A0A0G4JXY9	45.16	468	500
UniRef90_UPI0006992262	48.89	468	167
UniRef90_I1D6F4	50.56	468	154
UniRef90_Q7NU32	49.46	468	3821
UniRef90_UPI00031EA3F5	45.16	468	353
UniRef90_A0A0F4BHQ6	43.48	468	521
UniRef90_A0A087KR28	27.67	468	434
UniRef90_UPI00065DDF27	43.48	468	517
UniRef90_A0A0E1E8J1	47.25	468	372
UniRef90_I0QYF4	44.68	468	468
UniRef90_J3DRC3	48.35	468	363
UniRef90_H8NRB9	45.65	468	509
UniRef90_J3EVD1	44.94	468	394
UniRef90_A0A0G4K001	43.48	468	405
UniRef90_UPI00048B7FE7	46.07	468	398
UniRef90_S6H638	41.90	468	377
UniRef90_UPI0004899ECE	46.59	468	395
UniRef90_B0UVC2	26.72	468	431
UniRef90_A0A0G3GH77	39.45	468	395
UniRef90_J2WIA2	46.67	468	235
UniRef90_UPI0004B07887	42.55	468	440
UniRef90_A0A0M3G7T9	58.14	468	893
UniRef90_UPI0006D8931E	42.55	468	350
UniRef90_W6V510	47.13	468	394
UniRef90_UPI00048BC889	46.07	468	394
UniRef90_D3A0M9	51.81	468	431
UniRef90_G8QA70	40.37	468	397
UniRef90_A0A024E9P3	45.56	468	370
UniRef90_UPI000641E54A	46.67	468	395
UniRef90_J2ES31	44.44	468	366
UniRef90_F3DTI7	53.49	468	312
UniRef90_UPI0006403C7E	38.53	468	397
UniRef90_UPI0002618875	46.30	468	394
UniRef90_T0PCT7	52.94	468	92
UniRef90_UPI0003734426	48.94	468	2321
UniRef90_UPI0006D8A376	37.61	468	396
UniRef90_J3GPW3	47.73	468	402
UniRef90_I4KZH7	48.86	468	399
UniRef90_A0A0D9B3I1	42.86	468	362
UniRef90_UPI00051817B1	44.44	468	93
UniRef90_UPI0006D154E9	41.94	468	161
UniRef90_UPI000469553F	46.07	468	394
UniRef90_D2Y990	41.51	468	796
UniRef90_A0A085V2K6	45.56	468	377
UniRef90_J3FYB0	42.05	468	395
UniRef90_A0A0J6HJQ7	41.57	468	394
UniRef90_UPI000675F509	45.45	468	400
UniRef90_A0A0E1DWY1	43.18	468	401
UniRef90_UPI000470C6D5	43.96	468	362
UniRef90_D6ZDX2	46.46	468	433
UniRef90_V8RAF7	44.19	468	394
UniRef90_A0A0E1E7L7	46.67	468	361
UniRef90_A0A0C5DV90	43.52	468	401
UniRef90_UPI000489C030	44.83	468	392
UniRef90_UPI0006840A19	47.56	468	88
UniRef90_UPI00069657D7	44.09	468	235
UniRef90_J2MIK3	40.74	468	400
UniRef90_A0A0C1WQG5	39.45	468	406
UniRef90_UPI0006942738	41.24	468	96
UniRef90_UPI000652B7F9	41.49	468	377
UniRef90_J2WFP5	38.53	468	404
UniRef90_A0A0J6KAQ1	37.61	468	406
UniRef90_UPI0006B3767A	38.38	468	1160
UniRef90_UPI0006ACFA2C	44.19	468	240
UniRef90_UPI0003465A55	43.82	468	377
UniRef90_W5INV5	45.35	468	236
UniRef90_C4S793	29.41	468	206
UniRef90_A0A0A4GIW1	42.53	468	394
UniRef90_A0A0L1P205	48.31	468	393
UniRef90_F8G348	47.73	468	417
UniRef90_UPI00068C9B8A	45.35	468	350
UniRef90_UPI0002DD4BB5	39.13	468	378
UniRef90_UPI00054B25F3	39.56	468	399
UniRef90_A0A0N0L7N3	33.94	468	407
UniRef90_UPI00048495B3	43.68	468	395
UniRef90_A0A0D8L9W1	20.99	468	438
UniRef90_UPI0005DB4162	27.97	468	235
UniRef90_UPI0006CAC7AB	40.22	468	377
UniRef90_B1T003	47.73	468	1295
UniRef90_UPI000694A38B	50.00	468	1272
UniRef90_UPI000626162E	55.29	468	399
UniRef90_A0A0J6IB59	47.19	468	397
UniRef90_A0A0N0BVU4	52.78	468	394
UniRef90_A0A087K919	43.00	468	1165
UniRef90_UPI00054B0D90	37.78	468	397
UniRef90_A0A0F4TMM5	40.66	468	396
UniRef90_UPI0006914228	50.60	468	1158
UniRef90_A0A0D0K503	33.03	468	397
UniRef90_UPI00031BA15A	33.70	468	378
UniRef90_S5ZNE8	47.67	468	213
UniRef90_W6VT36	35.96	468	397
UniRef90_K9XYJ6	48.81	468	82
UniRef90_Q3KGY0	35.78	468	395
UniRef90_A0A0N1MBJ0	38.89	468	396
UniRef90_M7CWR6	21.28	468	830
UniRef90_UPI0006426278	45.45	468	397
UniRef90_UPI00048FCFC9	45.35	468	89
UniRef90_UPI00016C2201	74.14	468	92
UniRef90_UPI0002F891DF	30.91	468	397
UniRef90_UPI00048F6DD4	36.96	468	395
UniRef90_UPI000570202C	47.67	468	86
UniRef90_J3ICF2	33.71	468	405
UniRef90_UPI0004C6F961	44.05	468	1156
UniRef90_Q3KDY1	48.10	468	411
UniRef90_T2H6L2	44.32	468	242
UniRef90_UPI00034C98D1	39.53	468	393
UniRef90_C4S7A3	28.93	468	117
UniRef90_UPI0002617C48	36.70	468	401
UniRef90_UPI0006670364	24.60	468	240
UniRef90_A0A098T2V7	39.56	468	372
UniRef90_UPI0004779259	44.59	468	75
UniRef90_A0A0C2IG47	37.61	468	401
UniRef90_A0A094VU58	20.64	468	627
UniRef90_UPI00050CFB73	42.86	468	403
UniRef90_A0A0C1W6H5	45.45	468	403
UniRef90_A0A0F4T129	39.62	468	390
UniRef90_UPI0006D7EC43	40.00	468	88
UniRef90_W1HHR1	46.39	468	105
UniRef90_UPI000689ACCF	48.65	468	68
UniRef90_UPI000680B79A	84.44	468	63
UniRef90_P05819	22.03	468	511
UniRef90_UPI0003EF0BF0	22.15	468	386
UniRef90_UPI0005D3916C	40.26	468	68
UniRef90_A0A0D8HX67	39.02	468	401
UniRef90_A0A0J6HHK8	36.27	468	390
UniRef90_A0A080J0N9	21.75	468	470
UniRef90_UPI00046A0233	34.95	468	367
UniRef90_UPI0004850C18	36.05	468	84
UniRef90_UPI000667DE35	26.87	468	482
UniRef90_A0A031J373	50.00	468	376
UniRef90_Q5QGN1	26.55	468	716
UniRef90_S5TT33	44.29	468	88
UniRef90_V2C3D4	32.24	468	609
UniRef90_UPI000467714D	41.94	468	95
UniRef90_W1HDJ6	90.00	468	52
UniRef90_UPI00069DF431	23.29	468	744
UniRef90_A0A0M1JU91	42.67	468	80
UniRef90_P17998	24.89	468	697
UniRef90_UPI00046F5FA3	34.09	468	320
UniRef90_UPI0003A810A5	43.10	468	67
UniRef90_UPI0002419BBB	28.14	468	264
UniRef90_P18000	79.31	468	180
UniRef90_UPI00036B56B2	32.08	468	407
UniRef90_UPI00053BFF6F	34.88	468	103
UniRef90_F2KAS2	50.00	468	396
UniRef90_UPI0002A1B089	23.56	468	179
UniRef90_UPI000016F271	75.00	468	204
UniRef90_A0A080UJE5	27.27	468	605
UniRef90_L8Q3Q0	49.06	468	605
UniRef90_V1GQZ7	27.22	468	690
UniRef90_UPI00057C1DEF	30.70	468	605
