UniRef90_P0A115	99.14	233	236
UniRef90_P27136	54.74	233	234
UniRef90_Q93UZ5	52.16	233	234
UniRef90_P27100	51.29	233	238
UniRef90_UPI0004D01471	51.93	233	234
UniRef90_D5VQ64	45.37	233	231
UniRef90_A0A0C2Q3Q2	41.67	233	246
UniRef90_G2KLD0	42.60	233	236
UniRef90_UPI0004854C91	41.41	233	232
UniRef90_A0A098TN08	41.23	233	233
UniRef90_UPI0006465AF5	42.29	233	236
UniRef90_K2J600	42.60	233	231
UniRef90_UPI0006FA43C8	44.16	233	236
UniRef90_UPI0006FB09ED	42.98	233	232
UniRef90_UPI0006FDA43A	44.49	233	231
UniRef90_A7HSK3	41.92	233	231
UniRef90_B4RD06	43.61	233	231
UniRef90_A0A0J7JQG2	42.11	233	231
UniRef90_A0A081B6N5	41.78	233	237
UniRef90_H0A3A2	41.78	233	232
UniRef90_A0A0D2T7E9	42.15	233	232
UniRef90_R4WXS2	42.29	233	231
UniRef90_A0A0C2CM76	41.85	233	231
UniRef90_X5M8S9	40.35	233	232
UniRef90_UPI0003B3FEEF	40.36	233	230
UniRef90_UPI0004CFF338	40.97	233	231
UniRef90_UPI0005595206	43.86	233	232
UniRef90_B6IV53	41.26	233	231
UniRef90_A0A0N1BSE2	42.15	233	230
UniRef90_UPI0004080877	41.07	233	231
UniRef90_A0A0A0D340	41.26	233	231
UniRef90_R0EMZ4	42.73	233	231
UniRef90_UPI0004A718CE	42.73	233	231
UniRef90_G8M6U6	40.97	233	231
UniRef90_I3TR60	40.36	233	231
UniRef90_UPI0003B32A85	38.84	233	232
UniRef90_A0A0B4Y133	39.65	233	231
UniRef90_UPI0004DEFCE1	42.11	233	232
UniRef90_Q7NEY7	43.42	233	230
UniRef90_UPI000349876E	39.04	233	237
UniRef90_D5RIJ2	40.44	233	232
UniRef90_A0A0D0MYL0	43.32	233	233
UniRef90_G1XWQ5	41.26	233	231
UniRef90_A0A0K9K1N8	40.87	233	233
UniRef90_C5CZM9	45.58	233	233
UniRef90_W9H7B3	39.91	233	232
UniRef90_E3HWW7	42.60	233	228
UniRef90_UPI0006FED91E	42.79	233	233
UniRef90_Q0K9K9	40.97	233	231
UniRef90_UPI00040592DB	44.06	233	226
UniRef90_K9H7P1	40.44	233	251
UniRef90_UPI0003FE0053	43.17	233	233
UniRef90_A0A0F2KZL2	41.70	233	231
UniRef90_UPI000497AC94	42.48	233	236
UniRef90_E3HWP2	40.53	233	414
UniRef90_G8AL19	41.07	233	232
UniRef90_A0A0G9H3D6	38.74	233	231
UniRef90_D3NUD1	41.70	233	231
UniRef90_UPI00049688AC	39.29	233	230
UniRef90_B0T6D8	42.42	233	235
UniRef90_UPI0005B9118C	40.27	233	233
UniRef90_A0A0K8JMB5	41.67	233	237
UniRef90_A0A0D1M6G0	42.22	233	236
UniRef90_G4M6N3	39.21	233	248
UniRef90_UPI000562CC6E	38.60	233	226
UniRef90_A8TXX7	40.81	233	231
UniRef90_A3UID1	42.00	233	226
UniRef90_UPI0003A484D1	41.48	233	231
UniRef90_A0A0G9MLJ9	39.30	233	232
UniRef90_UPI0003C10D86	43.42	233	232
UniRef90_K9SB61	37.72	233	234
UniRef90_D4X6Z3	39.21	233	414
UniRef90_UPI000494D1EF	39.21	233	240
UniRef90_H1S480	44.34	233	231
UniRef90_UPI000429F8F1	38.12	233	231
UniRef90_UPI000482EF53	42.60	233	231
UniRef90_UPI0003768B36	39.73	233	234
UniRef90_UPI00034A77DB	44.49	233	231
UniRef90_W0AJF6	38.86	233	232
UniRef90_UPI0006F522BE	42.06	233	232
UniRef90_J9DVQ2	39.73	233	232
UniRef90_UPI0006F57CED	41.41	233	232
UniRef90_A0A0C9N7B4	39.72	233	235
UniRef90_A0A0M2LST7	38.60	233	233
UniRef90_A0A0H4V918	38.86	233	232
UniRef90_A0A0D6PH31	37.28	233	233
UniRef90_UPI000360C785	38.98	233	235
UniRef90_UPI00054B7C1D	40.17	233	232
UniRef90_UPI000371E898	40.00	233	236
UniRef90_G7Z4T9	39.65	233	235
UniRef90_UPI0006FC6C3C	39.91	233	231
UniRef90_UPI0003B354E2	37.55	233	232
UniRef90_U2XNC8	39.91	233	232
UniRef90_A0A0A8BEX5	39.91	233	412
UniRef90_A5P9L7	39.04	233	232
UniRef90_A0A0L1K9H5	38.43	233	232
UniRef90_UPI0003B35D91	40.79	233	231
UniRef90_A0A0F7KX07	38.43	233	232
UniRef90_UPI00040DA3C9	39.91	233	230
UniRef90_UPI0006FC0F02	42.79	233	231
UniRef90_M4S173	40.71	233	231
UniRef90_A0A078KXE8	38.57	233	230
UniRef90_A0A0H0XQV0	37.99	233	232
UniRef90_UPI0004DB55FD	39.29	233	233
UniRef90_UPI00053BDEC4	39.56	233	232
UniRef90_A0A0E9MRB4	38.67	233	231
UniRef90_A0A0F5K155	39.04	233	412
UniRef90_UPI00037B54B2	42.73	233	231
UniRef90_UPI00056936B8	39.47	233	232
UniRef90_UPI0004062DFF	40.62	233	232
UniRef90_A0A074MXS9	37.99	233	232
UniRef90_UPI0001DD0879	38.86	233	231
UniRef90_UPI0006F471CB	40.61	233	231
UniRef90_UPI00031550ED	40.93	233	232
UniRef90_A0A0F7KUJ0	39.04	233	229
UniRef90_A0A061QKV5	36.68	233	234
UniRef90_A0A097EIL3	40.25	233	240
UniRef90_A3WFZ6	38.60	233	247
UniRef90_A0A060BAQ3	38.12	233	410
UniRef90_A0A0C1W9Y2	38.22	233	233
UniRef90_C5CZK3	37.89	233	420
UniRef90_F6IFA9	38.70	233	233
UniRef90_A0A0M4LXB7	38.70	233	232
UniRef90_UPI000248AAFE	40.97	233	231
UniRef90_UPI0004AC9513	36.24	233	243
UniRef90_T0IZ97	41.40	233	235
UniRef90_UPI0003766455	38.86	233	232
UniRef90_UPI00036F3CC8	34.98	233	228
UniRef90_UPI00037305FD	37.12	233	232
UniRef90_W6X4C2	36.32	233	412
UniRef90_UPI000554BAF7	37.56	233	232
UniRef90_G2IPR5	36.12	233	231
UniRef90_K5YX30	36.36	233	236
UniRef90_W0VCG0	39.21	233	232
UniRef90_A0A0F3K5I4	38.16	233	231
UniRef90_K1EFJ1	37.77	233	232
UniRef90_A0A0N0JQN2	37.99	233	232
UniRef90_U2Y6X8	38.70	233	232
UniRef90_Q2N6J1	38.86	233	232
UniRef90_A5VA79	40.65	233	232
UniRef90_A5G0J7	36.16	233	250
UniRef90_A9BUX3	37.89	233	411
UniRef90_A0A086WBT9	37.93	233	238
UniRef90_UPI0006F9CBA7	39.04	233	230
UniRef90_UPI0003FAAF9E	39.62	233	231
UniRef90_UPI0006F53FC0	41.15	233	413
UniRef90_A0A0F3IUT1	38.57	233	231
UniRef90_UPI0004AAA776	41.13	233	229
UniRef90_UPI000483B6FD	36.32	233	411
UniRef90_A0A031HM96	38.56	233	240
UniRef90_Q39N52	39.73	233	408
UniRef90_UPI0006FE4A5E	41.59	233	229
UniRef90_UPI0004A44130	39.29	233	232
UniRef90_W1RZN8	39.72	233	233
UniRef90_B2TAE4	38.60	233	407
UniRef90_A0A0B1ZK55	37.39	233	233
UniRef90_UPI00039FA500	39.91	233	232
UniRef90_UPI0004A73EE9	39.11	233	231
UniRef90_Q2GC35	37.23	233	232
UniRef90_A0A088UMB1	38.39	233	412
UniRef90_A0A0C4WL28	39.01	233	236
UniRef90_A0A095WF54	40.00	233	407
UniRef90_A0A0A6QFK3	39.74	233	232
UniRef90_A0A0M4CNB0	39.63	233	234
UniRef90_U2G437	38.30	233	416
UniRef90_J2GLA4	38.68	233	232
UniRef90_A0A0A7PLP0	38.26	233	232
UniRef90_UPI0006F695A5	38.33	233	232
UniRef90_UPI000369C911	38.64	233	411
UniRef90_A0A0H2LTI3	37.17	233	417
UniRef90_B2JK18	36.61	233	232
UniRef90_UPI0006F691CC	37.61	233	413
UniRef90_UPI000493E0A3	38.57	233	228
UniRef90_A0A0M3AYF7	39.25	233	232
UniRef90_T0HHV6	39.15	233	231
UniRef90_A0A0C2CA85	38.71	233	234
UniRef90_UPI0004013B41	38.14	233	232
UniRef90_UPI0006F2EF0D	38.68	233	232
UniRef90_A0A081G3F9	35.56	233	411
UniRef90_N8Y911	37.67	233	416
UniRef90_A0A0H2M007	36.94	233	405
UniRef90_A4YLN7	37.27	233	414
UniRef90_D4YWY4	39.29	233	232
UniRef90_A0A013UV24	37.77	233	416
UniRef90_UPI0003809A29	37.05	233	412
UniRef90_A0A0G3XD26	38.96	233	232
UniRef90_UPI00051A2E77	38.29	233	232
UniRef90_UPI00068617F3	37.05	233	256
UniRef90_UPI0004766D82	37.83	233	232
UniRef90_A0A0J1CSV1	35.96	233	412
UniRef90_A0A0M3QEG9	37.26	233	232
UniRef90_A0A086CZ32	39.04	233	237
UniRef90_Q7W6W1	40.81	233	229
UniRef90_W9BUU6	38.26	233	240
UniRef90_Q5NKZ4	37.83	233	233
UniRef90_A0A0G3F0Z0	36.82	233	411
UniRef90_A0A0D7NXS6	36.89	233	410
UniRef90_R9B160	38.20	233	419
UniRef90_A0A074LUK2	37.38	233	231
UniRef90_J0KAZ7	36.77	233	406
UniRef90_UPI000489F0AD	35.53	233	413
UniRef90_K9DBJ1	36.24	233	232
UniRef90_A0A0G9HBS5	35.68	233	231
UniRef90_Q1GP66	36.52	233	232
UniRef90_A0A069NPL3	38.25	233	234
UniRef90_W6WT20	36.77	233	407
UniRef90_B5WAJ9	36.82	233	414
UniRef90_A0A095G1F0	42.86	233	233
UniRef90_J3DNV4	39.19	233	414
UniRef90_Q9AQN6	36.49	233	273
UniRef90_F1Z5R7	36.24	233	231
UniRef90_G7HSZ5	35.96	233	413
UniRef90_N9UVD2	37.74	233	232
UniRef90_UPI0004803DB3	38.14	233	232
UniRef90_E6V138	35.84	233	406
UniRef90_UPI0006F442BA	40.55	233	231
UniRef90_A0A0B1RFL4	36.77	233	412
UniRef90_UPI0003FFBB61	38.70	233	238
UniRef90_I9CB26	37.26	233	232
UniRef90_A0A0D2TCU6	32.74	233	231
UniRef90_C1DED1	35.65	233	236
UniRef90_G8M3U0	38.25	233	234
UniRef90_UPI0006F1D868	35.71	233	418
UniRef90_W8JE04	59.83	233	556
UniRef90_A0A069PHN8	37.79	233	232
UniRef90_A0A086P5A9	37.05	233	232
UniRef90_A0A0D0LEJ0	35.84	233	406
UniRef90_UPI0004016800	39.07	233	232
UniRef90_Q1NDD5	39.72	233	232
UniRef90_G7CAZ4	35.24	233	412
UniRef90_A6E9N3	36.16	233	233
UniRef90_UPI0004D017FF	35.81	233	230
UniRef90_A0A0D1CN47	36.79	233	232
UniRef90_UPI0003474441	38.84	233	227
UniRef90_A0A0F5PDS1	40.19	233	233
UniRef90_A0A0A1GA77	36.68	233	231
UniRef90_J8VRL3	34.93	233	232
UniRef90_B7XGD5	36.49	233	411
UniRef90_A0A0N0K6B0	38.28	233	232
UniRef90_T0G8S2	42.52	233	232
UniRef90_J2WVJ6	35.81	233	233
UniRef90_UPI0002E627CC	37.44	233	236
UniRef90_UPI0005684F7C	37.72	233	237
UniRef90_UPI0004211629	36.24	233	235
UniRef90_V9WPW7	37.89	233	237
UniRef90_D7I1Z9	39.01	233	451
UniRef90_A0A0G3XI12	36.28	233	232
UniRef90_M7CQK4	38.33	233	234
UniRef90_G0A825	36.24	233	232
UniRef90_UPI000367C107	38.84	233	227
UniRef90_J3GZ81	37.28	233	232
UniRef90_UPI0002559270	34.82	233	411
UniRef90_F8ETW6	35.09	233	232
UniRef90_C5AKF0	35.68	233	415
UniRef90_H0TJF9	36.00	233	410
UniRef90_UPI0006FB25BC	35.96	233	412
UniRef90_W9GQR8	33.18	233	230
UniRef90_UPI0002631613	36.28	233	231
UniRef90_I9BS18	35.84	233	234
UniRef90_UPI0006FBA02C	39.64	233	232
UniRef90_R4WJH5	35.96	233	230
UniRef90_A0A031LT64	35.74	233	416
UniRef90_A0A095AVI0	34.78	233	232
UniRef90_B2T1T4	37.38	233	232
UniRef90_UPI000480D7CA	34.39	233	413
UniRef90_Q1QU14	35.09	233	236
UniRef90_A0A0N1BXN6	36.11	233	232
UniRef90_A6GRP9	34.78	233	234
UniRef90_UPI000485FFC0	38.60	233	232
UniRef90_UPI0004806C43	40.79	233	233
UniRef90_UPI0004895137	40.36	233	415
UniRef90_A0A063B0E7	38.14	233	240
UniRef90_A0A0A1FD82	37.00	233	232
UniRef90_J2WVL0	35.81	233	232
UniRef90_A0A0F4T095	36.84	233	232
UniRef90_UPI0006C93612	36.32	233	232
UniRef90_UPI0004900E41	36.49	233	234
UniRef90_A0A0B5F1N4	36.65	233	411
UniRef90_A0A0C5L8P7	40.37	233	232
UniRef90_B4E9V1	37.95	233	408
UniRef90_E5AMQ9	38.12	233	236
UniRef90_W6V6V6	36.84	233	232
UniRef90_G0EYT6	36.00	233	409
UniRef90_Q1LI33	36.28	233	409
UniRef90_A0A0D7FAP9	42.79	233	415
UniRef90_UPI0004684778	37.56	233	231
UniRef90_UPI0003FB0722	36.00	233	411
UniRef90_UPI0005AAB40D	37.85	233	232
UniRef90_A0A0A6SYL8	34.21	233	412
UniRef90_N6WWC4	34.65	233	234
UniRef90_A0A031JFB8	39.07	233	232
UniRef90_UPI00041F9E47	34.50	233	231
UniRef90_A0A0F5K3P9	35.00	233	415
UniRef90_A0A0M5IXG5	35.62	233	231
UniRef90_A0A0C4YEM1	35.56	233	409
UniRef90_A0A0N0E4P3	36.94	233	416
UniRef90_UPI0003735768	33.33	233	232
UniRef90_A0A0D5EP79	36.24	233	230
UniRef90_L8MEG9	38.74	233	414
UniRef90_UPI0006F49FE1	37.67	233	231
UniRef90_Q0B1X0	35.75	233	409
UniRef90_Q6F933	36.73	233	427
UniRef90_A6V8C5	35.59	233	413
UniRef90_UPI0004DB8FD3	33.77	233	235
UniRef90_A5V823	40.54	233	235
UniRef90_A0A0H4IAA5	35.27	233	234
UniRef90_A0A0D1B379	37.39	233	232
UniRef90_I1D701	35.62	233	259
UniRef90_Z2D7I5	35.59	233	342
UniRef90_UPI00057F56D4	36.02	233	232
UniRef90_UPI000345C84A	37.85	233	232
UniRef90_A0A0L0M5B8	34.56	233	234
UniRef90_Q43914	36.44	233	231
UniRef90_UPI0005790176	34.67	233	409
UniRef90_A0A013XTR5	37.23	233	233
UniRef90_A0A0F4TYR7	36.04	233	410
UniRef90_Q0BJC2	35.81	233	230
UniRef90_A0A0F0DTN8	36.28	233	411
UniRef90_B1JTJ8	35.81	233	230
UniRef90_K0C5J7	36.04	233	412
UniRef90_V9WP08	37.28	233	236
UniRef90_L9PL49	37.22	233	232
UniRef90_UPI0005CFB3FE	33.48	233	230
UniRef90_H8G4S0	35.56	233	241
UniRef90_A0A0M2ZKK4	32.74	233	412
UniRef90_A0A0J1CQQ9	37.33	233	231
UniRef90_U3QRA8	39.60	233	236
UniRef90_N9ADT2	35.40	233	415
UniRef90_UPI0006F60E14	34.22	233	233
UniRef90_A0A0D2VXD2	36.09	233	418
UniRef90_UPI00047A5AD8	35.40	233	226
UniRef90_UPI00035E7FDE	37.84	233	235
UniRef90_UPI0003805217	33.19	233	237
UniRef90_UPI0006786019	35.24	233	223
UniRef90_UPI000488D2A6	35.00	233	412
UniRef90_A0A0J7XSX6	37.50	233	233
UniRef90_H5XRD5	36.82	233	241
UniRef90_S3PA07	34.78	233	416
UniRef90_A0A069BC12	36.74	233	230
UniRef90_W8GYX4	33.18	233	422
UniRef90_UPI0007039156	33.33	233	411
UniRef90_B2AHY4	37.62	233	236
UniRef90_UPI0004C3BEE9	36.17	233	235
UniRef90_A0A0A0D5L1	34.21	233	413
UniRef90_A0A031LPA8	33.19	233	416
UniRef90_UPI000702F57F	31.44	233	233
UniRef90_UPI0004820FF7	36.99	233	225
UniRef90_F3FFD0	33.48	233	411
UniRef90_UPI0002DC415B	36.04	233	407
UniRef90_W9GYS7	35.11	233	417
UniRef90_UPI0003F8ADDC	35.96	233	411
UniRef90_UPI0005BDE9EA	33.33	233	232
UniRef90_UPI0004CFF40E	34.82	233	232
UniRef90_UPI00048938AE	37.39	233	225
UniRef90_UPI00035E6A99	33.93	233	229
UniRef90_A0A0C4YG20	36.20	233	239
UniRef90_B9BC60	35.81	233	230
UniRef90_A0A085VIK5	36.04	233	410
UniRef90_UPI000614BA06	34.89	233	234
UniRef90_C1F8L8	33.04	233	224
UniRef90_I4MX10	34.38	233	411
UniRef90_T0IVD3	38.79	233	232
UniRef90_A0A0K1K036	35.40	233	232
UniRef90_UPI00047F8F45	41.03	233	229
UniRef90_UPI0007034E4A	38.60	233	414
UniRef90_N9NKQ1	32.74	233	416
UniRef90_V2JI99	35.29	233	250
UniRef90_UPI0006474C88	33.77	233	227
UniRef90_W8R617	32.75	233	229
UniRef90_A4JSV5	36.16	233	409
UniRef90_UPI0005797FFE	37.10	233	237
UniRef90_A0A031J2R7	34.98	233	328
UniRef90_A0A0N0XMG2	30.13	233	232
UniRef90_Q1LH59	35.40	233	236
UniRef90_X2K183	35.78	233	236
UniRef90_N9UX53	34.50	233	230
UniRef90_A0A0K9JVE7	35.51	233	234
UniRef90_UPI0003FAE59E	32.00	233	410
UniRef90_A0A0E3YAW4	35.06	233	251
UniRef90_G0G4Z9	34.30	233	225
UniRef90_UPI00035CB6B6	33.33	233	234
UniRef90_UPI000381E8B3	35.53	233	226
UniRef90_UPI000703A79B	33.19	233	411
UniRef90_A0A0A8BSS9	34.50	233	236
UniRef90_A0A0G3XDW6	34.67	233	415
UniRef90_A0A0M2WS28	36.56	233	232
UniRef90_A0A0G4JDT7	35.22	233	236
UniRef90_C5A8X5	38.43	233	231
UniRef90_UPI00052A724D	37.81	233	231
UniRef90_G3K3A8	32.56	233	240
UniRef90_UPI00049543A6	37.28	233	229
UniRef90_UPI0003FB8F28	37.05	233	223
UniRef90_A0A0E2H1F1	34.27	233	186
UniRef90_W5W632	35.58	233	228
UniRef90_UPI00034B5187	37.28	233	227
UniRef90_A0A077LKH1	36.32	233	413
UniRef90_D1A3E0	35.12	233	234
UniRef90_M1KWL1	32.71	233	232
UniRef90_UPI000474DD1F	37.85	233	232
UniRef90_H5WJB3	36.09	233	234
UniRef90_UPI0006F52F88	38.33	233	229
UniRef90_A0A0H2LYG6	36.84	233	227
UniRef90_UPI000488E775	35.09	233	224
UniRef90_UPI000490231A	34.06	233	231
UniRef90_UPI0005279E9B	34.17	233	225
UniRef90_W4P1P2	34.82	233	240
UniRef90_UPI0004A7B31B	34.06	233	232
UniRef90_UPI00063F22CA	42.52	233	133
UniRef90_UPI0007012DDC	35.68	233	235
UniRef90_UPI00068776E7	32.82	233	226
UniRef90_A0A0C5K4N6	33.91	233	241
UniRef90_A9I2N0	32.84	233	233
UniRef90_UPI000411B132	36.12	233	234
UniRef90_UPI00040177F7	35.37	233	222
UniRef90_F5Y4R1	37.97	233	436
UniRef90_W3RKA0	33.33	233	224
UniRef90_UPI00041968EB	33.04	233	239
UniRef90_UPI0003626547	37.44	233	227
UniRef90_A0A081SWS2	31.88	233	233
UniRef90_A4JAE9	36.28	233	230
UniRef90_A0A068YM16	35.96	233	229
UniRef90_UPI0006D23474	33.33	233	244
UniRef90_UPI0006FF56F4	33.48	233	232
UniRef90_Q46PL2	36.00	233	237
UniRef90_A0A0N0A4M2	33.50	233	227
UniRef90_UPI000426F827	37.28	233	229
UniRef90_UPI00035D1DFC	37.55	233	225
UniRef90_D5W9Z0	39.07	233	232
UniRef90_A0A069P393	32.56	233	232
UniRef90_W6K5X2	33.91	233	223
UniRef90_UPI00056E7120	36.32	233	228
UniRef90_A0A0D6N8L9	31.25	233	228
UniRef90_A0A0C1RPP3	31.84	233	227
UniRef90_J3CRS0	34.65	233	229
UniRef90_UPI00056BBAAF	34.19	233	235
UniRef90_UPI00047E091D	34.93	233	229
UniRef90_UPI0005273E41	30.92	233	229
UniRef90_G9C9D9	31.90	233	283
UniRef90_UPI000526CC5D	32.66	233	230
UniRef90_A0A095W0E4	37.67	233	230
UniRef90_UPI0006946C4F	32.68	233	240
UniRef90_A0A0G3XI26	36.56	233	411
UniRef90_UPI000372D28A	37.90	233	232
UniRef90_A1TIZ0	36.36	233	229
UniRef90_W7SU57	34.03	233	284
UniRef90_Q12GY6	36.24	233	229
UniRef90_UPI0004670926	33.91	233	225
UniRef90_A0A0M4PZ15	31.60	233	240
UniRef90_UPI0006FBFB09	35.11	233	227
UniRef90_A0A0A1VCI7	37.00	233	229
UniRef90_A0A0F0H328	32.85	233	222
UniRef90_A0A059KIM7	34.04	233	239
UniRef90_G8NRJ9	30.47	233	228
UniRef90_UPI0005712255	35.53	233	227
UniRef90_W4LC66	31.11	233	226
UniRef90_UPI00041BF436	36.41	233	223
UniRef90_W6JZ06	35.27	233	241
UniRef90_UPI0006FF5A3A	36.48	233	229
UniRef90_C5T6P9	35.81	233	229
UniRef90_A0A0F3KAJ2	34.35	233	232
UniRef90_Q46P20	34.51	233	248
UniRef90_A0A0J5GEY7	34.50	233	232
UniRef90_UPI0004104C44	33.33	233	229
UniRef90_V8QQC6	33.78	233	219
UniRef90_UPI00069619EF	35.41	233	237
UniRef90_UPI000691BA26	30.94	233	229
UniRef90_A0A0D8CK27	36.04	233	219
UniRef90_A8TR95	33.91	233	222
UniRef90_UPI000484E605	34.65	233	227
UniRef90_A0A0D6MTU6	31.14	233	226
UniRef90_F7VC28	33.62	233	245
UniRef90_UPI00047F917D	34.96	233	229
UniRef90_UPI00035D232D	36.24	233	220
UniRef90_G8MPY9	35.71	233	230
UniRef90_B8KG80	35.14	233	223
UniRef90_A0A016XD39	34.36	233	229
UniRef90_A6GBK4	34.06	233	228
UniRef90_I4MJB4	34.33	233	228
UniRef90_W8X3B7	34.21	233	223
UniRef90_UPI000555F6BC	34.06	233	221
UniRef90_I3ZCL5	32.21	233	255
UniRef90_M2NQP8	30.70	233	229
UniRef90_A0A0A0J9E8	36.62	233	229
UniRef90_A0A0D6NI15	31.58	233	222
UniRef90_A0A0B5DUH4	32.16	233	222
UniRef90_UPI00047C64D9	31.47	233	236
UniRef90_UPI0006F77827	35.96	233	230
UniRef90_UPI0003B303D5	34.13	233	229
UniRef90_UPI0002ECB4E7	34.35	233	229
UniRef90_C5BVE0	34.93	233	234
UniRef90_UPI0006F71A68	34.71	233	229
UniRef90_A0A077M8J4	33.63	233	234
UniRef90_UPI0004663994	35.37	233	229
UniRef90_K0HTW2	34.71	233	229
UniRef90_UPI000653E399	34.96	233	227
UniRef90_A1VIN5	36.40	233	229
UniRef90_A0A081FYY2	34.93	233	231
UniRef90_D2BAY3	29.69	233	232
UniRef90_A0A0D6N3F2	32.14	233	221
UniRef90_UPI0003F68029	31.60	233	223
UniRef90_UPI000483B6FD	35.96	233	411
UniRef90_UPI0003B32A85	38.60	233	232
UniRef90_A0A081B6N5	41.59	233	237
UniRef90_K2J600	42.60	233	231
UniRef90_X5M8S9	40.35	233	232
UniRef90_G8AL19	40.89	233	232
UniRef90_D5VQ64	45.37	233	231
UniRef90_UPI0004854C91	41.41	233	232
UniRef90_A0A0A6QFK3	39.57	233	232
UniRef90_W0VCG0	38.86	233	232
UniRef90_B4RD06	43.61	233	231
UniRef90_A0A0C2Q3Q2	41.67	233	246
UniRef90_UPI00041F9E47	34.50	233	231
UniRef90_UPI0006FDA43A	44.49	233	231
UniRef90_B2TAE4	38.10	233	407
UniRef90_R4WXS2	42.29	233	231
UniRef90_K9SB61	37.72	233	234
UniRef90_UPI000369C911	37.72	233	411
UniRef90_UPI0003FB0722	35.53	233	411
UniRef90_A0A0F7KX07	38.26	233	232
UniRef90_A0A0A1GA77	36.52	233	231
UniRef90_UPI0004A44130	38.86	233	232
UniRef90_H0TJF9	35.53	233	410
UniRef90_UPI0006465AF5	42.29	233	236
UniRef90_A0A0F5K155	39.04	233	412
UniRef90_A0A0D7NXS6	36.40	233	410
UniRef90_A6GRP9	34.19	233	234
UniRef90_UPI0004803DB3	36.96	233	232
UniRef90_A7HSK3	41.56	233	231
UniRef90_UPI000349876E	39.04	233	237
UniRef90_UPI0006FB09ED	42.98	233	232
UniRef90_B6IV53	40.97	233	231
UniRef90_C5CZK3	36.84	233	420
UniRef90_UPI0004766D82	37.66	233	232
UniRef90_UPI0004016800	37.83	233	232
UniRef90_G8M6U6	40.97	233	231
UniRef90_B2T1T4	36.12	233	232
UniRef90_A0A0D2T7E9	41.85	233	232
UniRef90_A0A0A0D340	41.07	233	231
UniRef90_A4YLN7	36.28	233	414
UniRef90_P0A115	99.14	233	236
UniRef90_UPI0003735768	33.33	233	232
UniRef90_UPI0004080877	40.71	233	231
UniRef90_UPI0004DEFCE1	42.11	233	232
UniRef90_A0A0J7JQG2	41.92	233	231
UniRef90_B2JK18	35.65	233	232
UniRef90_W6WT20	36.40	233	407
UniRef90_UPI0006FA43C8	44.16	233	236
UniRef90_UPI0005BDE9EA	33.33	233	232
UniRef90_A0A098TN08	41.23	233	233
UniRef90_A0A0J1CSV1	35.96	233	412
UniRef90_A0A0C2CA85	37.72	233	234
UniRef90_W9H7B3	39.65	233	232
UniRef90_J2WVL0	35.65	233	232
UniRef90_A0A0G9MLJ9	38.70	233	232
UniRef90_UPI000480D7CA	33.77	233	413
UniRef90_UPI0005AAB40D	36.56	233	232
UniRef90_A0A060BAQ3	36.40	233	410
UniRef90_J3GZ81	37.28	233	232
UniRef90_R0EMZ4	42.73	233	231
UniRef90_U2G437	38.20	233	416
UniRef90_UPI000485FFC0	37.72	233	232
UniRef90_A0A069PHN8	36.84	233	232
UniRef90_A0A0L1K9H5	38.60	233	232
UniRef90_B5WAJ9	35.96	233	414
UniRef90_UPI000345C84A	36.40	233	232
UniRef90_W6V6V6	36.84	233	232
UniRef90_G4M6N3	39.38	233	248
UniRef90_UPI0006FB25BC	35.96	233	412
UniRef90_A0A081G3F9	35.53	233	411
UniRef90_A0A0F4T095	36.84	233	232
UniRef90_G8M3U0	37.28	233	234
UniRef90_UPI0003768B36	39.04	233	234
UniRef90_R4WJH5	35.96	233	230
UniRef90_E3HWP2	39.91	233	414
UniRef90_A0A0C2CM76	41.85	233	231
UniRef90_A0A069NPL3	37.28	233	234
UniRef90_A0A0M2LST7	36.96	233	233
UniRef90_A0A088UMB1	37.72	233	412
UniRef90_UPI000562CC6E	38.60	233	226
UniRef90_A0A0G3F0Z0	36.40	233	411
UniRef90_UPI000554BAF7	35.53	233	232
UniRef90_M7CQK4	38.16	233	234
UniRef90_G2KLD0	42.41	233	236
UniRef90_A0A0H2M007	36.52	233	405
UniRef90_A0A0L0M5B8	34.22	233	234
UniRef90_UPI0005595206	43.86	233	232
UniRef90_A0A0H2LTI3	35.96	233	417
UniRef90_UPI0006F60E14	33.62	233	233
UniRef90_Q1LI33	34.65	233	409
UniRef90_A0A0K9K1N8	40.69	233	233
UniRef90_A0A0A6SYL8	34.21	233	412
UniRef90_G1XWQ5	41.07	233	231
UniRef90_UPI0002559270	34.21	233	411
UniRef90_UPI000429F8F1	37.95	233	231
UniRef90_UPI0006F442BA	39.38	233	231
UniRef90_W6X4C2	35.96	233	412
UniRef90_G7HSZ5	35.96	233	413
UniRef90_UPI0006F691CC	36.40	233	413
UniRef90_Q0BJC2	34.78	233	230
UniRef90_A0A0N1BSE2	41.96	233	230
UniRef90_UPI0006F57CED	40.43	233	232
UniRef90_W8R617	32.31	233	229
UniRef90_A0A0M4LXB7	38.86	233	232
UniRef90_D4X6Z3	38.60	233	414
UniRef90_A0A0F2KZL2	41.41	233	231
UniRef90_G0A825	36.24	233	232
UniRef90_E6V138	35.81	233	406
UniRef90_A0A086CZ32	38.43	233	237
UniRef90_Q1LH59	34.06	233	236
UniRef90_A0A0E9MRB4	38.10	233	231
UniRef90_D3NUD1	41.41	233	231
UniRef90_A0A0A8BEX5	39.91	233	412
UniRef90_A3WFZ6	38.16	233	247
UniRef90_L9PL49	36.73	233	232
UniRef90_A0A0D1M6G0	41.30	233	236
UniRef90_A0A0A8BSS9	33.77	233	236
UniRef90_A0A0H4IAA5	35.06	233	234
UniRef90_UPI0001DD0879	38.70	233	231
UniRef90_UPI0003809A29	36.00	233	412
UniRef90_A0A0D0LEJ0	35.81	233	406
UniRef90_X2K183	33.77	233	236
UniRef90_A0A074MXS9	38.16	233	232
UniRef90_A9BUX3	36.73	233	411
UniRef90_E5AMQ9	37.28	233	236
UniRef90_B1JTJ8	34.78	233	230
UniRef90_A0A0A0D5L1	34.21	233	413
UniRef90_UPI000497AC94	42.73	233	236
UniRef90_UPI0005790176	34.65	233	409
UniRef90_A5P9L7	39.04	233	232
UniRef90_Q1QU14	35.09	233	236
UniRef90_A0A0G4JDT7	33.77	233	236
UniRef90_A0A0E3YAW4	33.33	233	251
UniRef90_UPI0003B3FEEF	40.09	233	230
UniRef90_A0A0A1FD82	36.68	233	232
UniRef90_A0A0D2VXD2	35.19	233	418
UniRef90_UPI0006F53FC0	39.38	233	413
UniRef90_UPI000489F0AD	35.53	233	413
UniRef90_W0AJF6	38.70	233	232
UniRef90_A8TXX7	40.62	233	231
UniRef90_UPI0004CFF338	40.97	233	231
UniRef90_UPI0004A718CE	42.73	233	231
UniRef90_I9BS18	35.37	233	234
UniRef90_UPI0006FED91E	42.61	233	233
UniRef90_UPI0006F1D868	35.40	233	418
UniRef90_UPI00049688AC	39.29	233	230
UniRef90_I3TR60	39.65	233	231
UniRef90_A0A0C4YEM1	35.53	233	409
UniRef90_UPI0004A73EE9	38.77	233	231
UniRef90_UPI0004D017FF	35.65	233	230
UniRef90_N6WWC4	34.65	233	234
UniRef90_A0A0N0JQN2	38.26	233	232
UniRef90_A0A0M2WS28	36.24	233	232
UniRef90_A0A0B4Y133	39.65	233	231
UniRef90_UPI0003A484D1	40.61	233	231
UniRef90_B0T6D8	42.42	233	235
UniRef90_UPI0004013B41	36.52	233	232
UniRef90_J0KAZ7	35.78	233	406
UniRef90_UPI000614BA06	33.91	233	234
UniRef90_G7Z4T9	39.83	233	235
UniRef90_UPI0007039156	32.75	233	411
UniRef90_K0C5J7	34.93	233	412
UniRef90_G0EYT6	35.96	233	409
UniRef90_A0A063B0E7	36.96	233	240
UniRef90_UPI0006F522BE	40.00	233	232
UniRef90_Q7NEY7	43.23	233	230
UniRef90_A0A0C5K4N6	31.88	233	241
UniRef90_UPI0004DB55FD	38.70	233	233
UniRef90_B7XGD5	35.81	233	411
UniRef90_UPI0006FC6C3C	39.74	233	231
UniRef90_UPI0004DB8FD3	33.77	233	235
UniRef90_A0A0G3XI12	34.78	233	232
UniRef90_A0A0H0XQV0	37.83	233	232
UniRef90_UPI0005797FFE	35.50	233	237
UniRef90_H0A3A2	41.41	233	232
UniRef90_UPI0003B354E2	37.39	233	232
UniRef90_A0A0B1RFL4	36.12	233	412
UniRef90_A0A0J1CQQ9	35.96	233	231
UniRef90_A0A0B5F1N4	36.28	233	411
UniRef90_Q0K9K9	41.13	233	231
UniRef90_Q9AQN6	35.81	233	273
UniRef90_A0A013UV24	36.80	233	416
UniRef90_UPI00056936B8	38.86	233	232
UniRef90_UPI0006F471CB	39.57	233	231
UniRef90_UPI000702F57F	31.44	233	233
UniRef90_U3QRA8	36.36	233	236
UniRef90_UPI0002631613	35.24	233	231
UniRef90_UPI00035E7FDE	35.65	233	235
UniRef90_K1EFJ1	36.80	233	232
UniRef90_A0A0H4V918	38.70	233	232
UniRef90_UPI00031550ED	39.13	233	232
UniRef90_UPI00053BDEC4	39.21	233	232
UniRef90_A0A0C9N7B4	38.26	233	235
UniRef90_UPI0003F68029	31.30	233	223
UniRef90_A0A0C1W9Y2	37.39	233	233
UniRef90_F6IFA9	38.53	233	233
UniRef90_W9GYS7	34.33	233	417
UniRef90_A0A0K8JMB5	41.48	233	237
UniRef90_UPI00054B7C1D	40.00	233	232
UniRef90_A0A0F4TYR7	35.37	233	410
UniRef90_UPI0005B9118C	40.09	233	233
UniRef90_A0A0F5K3P9	34.21	233	415
UniRef90_J3CRS0	33.05	233	229
UniRef90_A0A086P5A9	36.09	233	232
UniRef90_M4S173	39.83	233	231
UniRef90_Q2N6J1	38.70	233	232
UniRef90_J3DNV4	38.70	233	414
UniRef90_V2JI99	34.35	233	250
UniRef90_A0A0C4YG20	34.78	233	239
UniRef90_C1F8L8	32.60	233	224
UniRef90_A0A074LUK2	36.12	233	231
UniRef90_UPI0006F2B660	30.13	233	223
UniRef90_UPI00034B5187	36.05	233	227
UniRef90_A0A0F3K5I4	37.99	233	231
UniRef90_UPI0006F52F88	36.36	233	229
UniRef90_J9DVQ2	39.30	233	232
UniRef90_UPI00039FA500	38.70	233	232
UniRef90_W3RKA0	32.61	233	224
UniRef90_A0A0F0DTN8	36.28	233	411
UniRef90_UPI00049543A6	34.76	233	229
UniRef90_U2XNC8	38.43	233	232
UniRef90_A3UID1	39.91	233	226
UniRef90_B9BC60	34.78	233	230
UniRef90_Q0B1X0	34.93	233	409
UniRef90_G7CAZ4	35.24	233	412
UniRef90_K9H7P1	40.17	233	251
UniRef90_UPI00040DA3C9	39.74	233	230
UniRef90_A0A0G3XD26	38.26	233	232
UniRef90_A0A0G9H3D6	38.33	233	231
UniRef90_UPI0003C10D86	43.42	233	232
UniRef90_C5AKF0	34.50	233	415
UniRef90_A0A0M3AYF7	36.96	233	232
UniRef90_A0A0N0XMG2	30.00	233	232
UniRef90_UPI00037305FD	36.96	233	232
UniRef90_F5Y4R1	34.62	233	436
UniRef90_Z2D7I5	34.93	233	342
UniRef90_A0A095AVI0	34.63	233	232
UniRef90_W4P1P2	33.19	233	240
UniRef90_UPI000248AAFE	38.53	233	231
UniRef90_UPI00048938AE	36.36	233	225
UniRef90_UPI00040592DB	41.23	233	226
UniRef90_F7QIC4	30.26	233	223
UniRef90_N8Y911	37.23	233	416
UniRef90_J8VRL3	34.78	233	232
UniRef90_A0A069BC12	35.65	233	230
UniRef90_A0A086WBT9	37.34	233	238
UniRef90_W9BUU6	37.34	233	240
UniRef90_UPI000360C785	38.56	233	235
UniRef90_A0A0M3QEG9	35.06	233	232
UniRef90_A6V8C5	34.93	233	413
UniRef90_A0A061QKV5	36.68	233	234
UniRef90_A0A0D5EP79	36.09	233	230
UniRef90_B2AHY4	34.63	233	236
UniRef90_K9DBJ1	36.09	233	232
UniRef90_I9CB26	35.65	233	232
UniRef90_K0HTW2	34.33	233	229
UniRef90_UPI0003B35D91	40.61	233	231
UniRef90_UPI00047A5AD8	35.56	233	226
UniRef90_UPI000371E898	38.43	233	236
UniRef90_D4YWY4	38.26	233	232
UniRef90_UPI0004AC9513	36.24	233	243
UniRef90_A0A097EIL3	40.08	233	240
UniRef90_UPI0006FF5A3A	34.63	233	229
UniRef90_UPI0004CFF40E	33.91	233	232
UniRef90_A0A0M2ZKK4	32.16	233	412
UniRef90_Q39N52	39.65	233	408
UniRef90_D5RIJ2	40.27	233	232
UniRef90_UPI000426C6AF	29.57	233	223
UniRef90_Q2GC35	36.09	233	232
UniRef90_J2WVJ6	35.65	233	233
UniRef90_Q1GP66	35.50	233	232
UniRef90_UPI00047E091D	32.62	233	229
UniRef90_F3FFD0	33.19	233	411
UniRef90_A0A031LT64	35.06	233	416
UniRef90_W8GYX4	32.60	233	422
UniRef90_UPI000703A79B	33.19	233	411
UniRef90_A0A068YM16	33.62	233	229
UniRef90_R9B160	37.23	233	419
UniRef90_N9UVD2	36.36	233	232
UniRef90_A0A095WF54	39.65	233	407
UniRef90_A5VA79	38.70	233	232
UniRef90_Q89W56	28.26	233	223
UniRef90_A0A031LPA8	32.90	233	416
UniRef90_W6K5X2	32.61	233	223
UniRef90_UPI0006FBA051	32.62	233	228
UniRef90_A0A031HM96	37.97	233	240
UniRef90_T0IZ97	38.53	233	235
UniRef90_UPI00048340FA	31.30	233	223
UniRef90_N9ADT2	34.63	233	415
UniRef90_UPI00051A2E77	37.55	233	232
UniRef90_B2ID80	33.04	233	222
UniRef90_UPI0006F49FE1	36.52	233	231
UniRef90_UPI000484E605	33.48	233	227
UniRef90_A8TR95	32.17	233	222
UniRef90_A0A0A7PLP0	37.66	233	232
UniRef90_A0A0K1K036	35.40	233	232
UniRef90_Q43914	36.28	233	231
UniRef90_U2Y6X8	38.16	233	232
UniRef90_B4E9V1	37.89	233	408
UniRef90_UPI0003FE0053	43.17	233	233
UniRef90_UPI0004062DFF	39.05	233	232
UniRef90_A0A0B1ZK55	37.23	233	233
UniRef90_A0A0C4WL28	38.26	233	236
UniRef90_A0A0D7PCZ9	30.43	233	224
UniRef90_W1RZN8	37.83	233	233
UniRef90_D7I1Z9	38.10	233	451
UniRef90_Q6F933	35.93	233	427
UniRef90_UPI00041B6BF9	30.00	233	223
UniRef90_A0A0D1PDE1	29.82	233	223
UniRef90_UPI000426F827	35.62	233	229
UniRef90_UPI0002DC415B	35.37	233	407
UniRef90_A0A0F3IUT1	37.89	233	231
UniRef90_A0A0H2LYG6	35.62	233	227
UniRef90_A0A0N0K6B0	35.96	233	232
UniRef90_J2GLA4	36.52	233	232
UniRef90_A0A0N1BXN6	33.91	233	232
UniRef90_UPI0003805217	33.19	233	237
UniRef90_UPI0006474C88	33.77	233	227
UniRef90_A0A0L8AVM9	30.47	233	229
UniRef90_A4Z3J5	29.57	233	223
UniRef90_S3PA07	32.47	233	416
UniRef90_UPI0004047C67	30.70	233	223
UniRef90_A0A078KXE8	38.57	233	230
UniRef90_E3HWW7	42.60	233	228
UniRef90_UPI0006F9CBA7	38.86	233	230
UniRef90_A0A0G3XDW6	34.51	233	415
UniRef90_A0A031JFB8	37.83	233	232
UniRef90_UPI000496CDB0	30.43	233	224
UniRef90_UPI000494D1EF	39.04	233	240
UniRef90_I4MX10	33.19	233	411
UniRef90_A1TIZ0	33.48	233	229
UniRef90_UPI00047F917D	32.30	233	229
UniRef90_L8MEG9	37.83	233	414
UniRef90_UPI00056E7120	35.50	233	228
UniRef90_K2JH29	30.40	233	225
UniRef90_A0A0D1CN47	34.78	233	232
UniRef90_UPI0006F71A68	34.04	233	229
UniRef90_UPI0005CFB3FE	32.75	233	230
UniRef90_A0A0N0E4P3	36.52	233	416
UniRef90_C5A8X5	37.23	233	231
UniRef90_UPI000381E8B3	35.53	233	226
UniRef90_Q1NDD5	37.83	233	232
UniRef90_UPI0005684F7C	36.75	233	237
UniRef90_A0A0G9HBS5	35.68	233	231
UniRef90_UPI0003FAE59E	31.58	233	410
UniRef90_UPI0006C93612	34.35	233	232
UniRef90_A0A0K9JVE7	34.36	233	234
UniRef90_UPI0004895137	39.83	233	415
UniRef90_A0A0D6PH31	36.84	233	233
UniRef90_UPI0006F2EF0D	36.80	233	232
UniRef90_UPI0002E627CC	36.05	233	236
UniRef90_A0A0B5DUH4	30.97	233	222
UniRef90_H1S480	43.10	233	231
UniRef90_Q46PL2	33.77	233	237
UniRef90_UPI0003626547	35.62	233	227
UniRef90_UPI000488D2A6	34.67	233	412
UniRef90_UPI0003F8ADDC	35.40	233	411
UniRef90_A0A016XD39	33.91	233	229
UniRef90_T0HHV6	37.83	233	231
UniRef90_A0A0D0MYL0	41.48	233	233
UniRef90_A4JAE9	35.22	233	230
UniRef90_B7WZ53	33.05	233	230
UniRef90_A5G0J7	36.00	233	250
UniRef90_I4MJB4	33.05	233	228
UniRef90_UPI000653E399	34.20	233	227
UniRef90_UPI00057F56D4	34.80	233	232
UniRef90_A0A0J5GEY7	34.35	233	232
UniRef90_UPI00068677CC	30.13	233	245
UniRef90_A0A0D7FAP9	39.13	233	415
UniRef90_A0A085VIK5	35.37	233	410
UniRef90_UPI0003766455	38.70	233	232
UniRef90_UPI00040D4A0C	29.87	233	222
UniRef90_UPI0006786019	34.80	233	223
UniRef90_C5T6P9	33.19	233	229
UniRef90_UPI000490231A	33.91	233	231
UniRef90_D5W9Z0	36.56	233	232
UniRef90_A0A013XTR5	35.50	233	233
UniRef90_UPI000419A9F5	30.87	233	223
UniRef90_H0C0F4	32.47	233	229
UniRef90_UPI000488E775	35.09	233	224
UniRef90_Q12GY6	33.91	233	229
UniRef90_Q6N0D1	29.13	233	223
UniRef90_N9NKQ1	32.47	233	416
UniRef90_UPI0004670926	33.33	233	225
UniRef90_UPI000555F6BC	33.62	233	221
UniRef90_UPI0002377C74	31.60	233	230
UniRef90_A4JSV5	34.93	233	409
UniRef90_UPI0006FBFB09	34.33	233	227
UniRef90_UPI00047A86C1	32.61	233	228
UniRef90_UPI00040177F7	34.65	233	222
UniRef90_K5YX30	35.50	233	236
UniRef90_J1ENY2	32.61	233	229
UniRef90_UPI000474F8E3	32.19	233	229
UniRef90_F1Z5R7	36.09	233	231
UniRef90_A0A081FYY2	34.78	233	231
UniRef90_K9TC34	26.97	233	244
UniRef90_P27136	54.51	233	234
UniRef90_C1DED1	35.65	233	236
UniRef90_UPI0002EA4CBF	30.74	233	229
UniRef90_A1VIN5	34.05	233	229
UniRef90_UPI0006F77827	33.33	233	230
UniRef90_A0A0D7KCM0	31.60	233	229
UniRef90_A0A0J7XSX6	36.09	233	233
UniRef90_UPI0002ECB4E7	34.20	233	229
UniRef90_H0TQ10	30.43	233	223
UniRef90_V8QQC6	33.04	233	219
UniRef90_UPI0007012DDC	34.91	233	235
UniRef90_UPI000421A41A	34.65	233	231
UniRef90_W7E1Q8	27.83	233	220
UniRef90_UPI00036F3CC8	34.65	233	228
UniRef90_A0A0C1RPP3	31.03	233	227
UniRef90_H5WJB3	35.93	233	234
UniRef90_G2IPR5	36.12	233	231
UniRef90_Q5FPQ8	28.19	233	285
UniRef90_UPI0006FBA02C	36.40	233	232
UniRef90_UPI0004C3BEE9	35.59	233	235
UniRef90_UPI0002D2D7CB	29.26	233	222
UniRef90_E8V254	29.69	233	227
UniRef90_UPI0003FAAF9E	37.83	233	231
UniRef90_UPI0004900E41	36.49	233	234
UniRef90_A6E9N3	35.22	233	233
UniRef90_UPI0006FE4A5E	38.33	233	229
UniRef90_E6VH55	31.74	233	223
UniRef90_UPI0005712255	34.20	233	227
UniRef90_UPI00056BBAAF	33.19	233	235
UniRef90_B9MB55	33.05	233	229
UniRef90_UPI000562067D	26.45	233	244
UniRef90_UPI000372D28A	36.40	233	232
UniRef90_UPI00070357E1	27.83	233	223
UniRef90_A0A0C5L8P7	37.44	233	232
UniRef90_UPI0004663994	32.62	233	229
UniRef90_A0A091B0C0	27.31	233	220
UniRef90_A0A0F3KAJ2	34.20	233	232
UniRef90_A0A095W0E4	36.52	233	230
UniRef90_UPI00041968EB	32.33	233	239
UniRef90_C5CZM9	43.42	233	233
UniRef90_UPI0006B65D74	29.87	233	230
UniRef90_UPI000482EF53	41.85	233	231
UniRef90_Q3M5I5	26.34	233	251
UniRef90_A0A0F5PDS1	35.65	233	233
UniRef90_E8TVF9	32.62	233	229
UniRef90_T0G8S2	37.39	233	232
UniRef90_F3KT81	34.20	233	229
UniRef90_UPI0006F8D180	33.76	233	228
UniRef90_UPI000305FDDC	25.52	233	246
UniRef90_A0A0A0F2J3	30.40	233	222
UniRef90_UPI00035D232D	32.75	233	220
UniRef90_V8QMM8	30.67	233	218
UniRef90_A0A0M7E6W0	30.09	233	220
UniRef90_B7JUD7	27.08	233	247
UniRef90_A0A0L6TCZ9	33.33	233	227
UniRef90_K9PJP1	26.36	233	249
UniRef90_B4W412	26.67	233	246
UniRef90_UPI00037B54B2	42.73	233	231
UniRef90_UPI0006FC0F02	42.60	233	231
UniRef90_K9FJN0	27.62	233	247
UniRef90_K9WQL1	26.78	233	249
UniRef90_UPI0006FE00B6	31.91	233	233
UniRef90_F4Y1Y3	27.85	233	247
UniRef90_UPI00047B143A	29.26	233	222
UniRef90_UPI00048923A0	32.89	233	222
UniRef90_UPI0006F695A5	38.60	233	232
UniRef90_A0A060NZ65	31.76	233	229
UniRef90_A0A031J2R7	34.22	233	328
UniRef90_K9XSD4	28.40	233	248
UniRef90_G8NRJ9	28.88	233	228
UniRef90_A0A0A1VCI7	35.65	233	229
UniRef90_K9YB03	25.21	233	245
UniRef90_UPI0006F37A1D	30.87	233	223
UniRef90_UPI0003715112	28.95	233	222
UniRef90_A0A0D6MTU6	29.91	233	226
UniRef90_A0A0J5QKM0	31.00	233	223
UniRef90_U9VP25	28.45	233	260
UniRef90_UPI0007034E4A	38.10	233	414
UniRef90_Q93UZ5	51.93	233	234
UniRef90_UPI0006FF56F4	31.90	233	232
UniRef90_Q46P20	33.04	233	248
UniRef90_F8ETW6	35.24	233	232
UniRef90_UPI00036A3538	26.78	233	243
UniRef90_A0A023NTT6	29.52	233	223
UniRef90_K9W4A7	25.83	233	247
UniRef90_P27100	51.29	233	238
UniRef90_A0A0D2TCU6	32.44	233	231
UniRef90_A0A0D1B379	36.52	233	232
UniRef90_W9GQR8	33.04	233	230
UniRef90_A0A091BTD5	27.75	233	221
UniRef90_UPI00041B2958	32.02	233	222
UniRef90_UPI000497C45C	27.71	233	224
UniRef90_UPI00036652A3	25.94	233	250
UniRef90_A0A0D6N8L9	30.13	233	228
UniRef90_UPI0003FFBB61	37.77	233	238
UniRef90_S6D434	30.57	233	222
UniRef90_Q4BYA1	24.17	233	260
UniRef90_A0A059KIM7	33.62	233	239
UniRef90_L8M2Q0	26.56	233	245
UniRef90_UPI000373D395	24.79	233	237
UniRef90_UPI0004820FF7	36.99	233	225
UniRef90_I3UA80	27.56	233	218
UniRef90_B1WX15	24.17	233	247
UniRef90_E0U8Z0	26.16	233	248
