UniRef90_Q9R5V5	100.00	156	157
UniRef90_C2EQ14	84.42	156	171
UniRef90_I7L9J6	81.29	156	158
UniRef90_D6S3F5	83.12	156	158
UniRef90_I7KNG9	81.82	156	158
UniRef90_I7LC10	80.52	156	158
UniRef90_C8PCU1	78.71	156	158
UniRef90_D4YUW7	80.52	156	187
UniRef90_A0A089Y6M9	77.92	156	158
UniRef90_A0A0F4LNC9	77.27	156	158
UniRef90_A0A0D6A1J1	79.22	156	158
UniRef90_Q74LQ9	80.41	156	149
UniRef90_A0A0D4CK75	72.26	156	157
UniRef90_Q9KWF0	72.90	156	158
UniRef90_C2ESN4	70.78	156	174
UniRef90_C0Z0G0	66.45	156	160
UniRef90_C8P8G1	67.10	156	158
UniRef90_UPI00064B047F	67.74	156	158
UniRef90_F8KGG4	65.16	156	158
UniRef90_A0A0A7DMT2	68.83	156	155
UniRef90_A0A062X495	66.88	156	158
UniRef90_UPI0002491BA2	67.31	156	194
UniRef90_UPI0004687D70	63.23	156	162
UniRef90_J0L420	60.39	156	156
UniRef90_UPI0006EF26AF	58.71	156	156
UniRef90_N1ZRY4	67.83	156	115
UniRef90_G9WH76	45.45	156	154
UniRef90_C1KFI2	44.52	156	164
UniRef90_A0A0E2VPC2	41.45	156	154
UniRef90_A0A089QL61	39.10	156	157
UniRef90_A0A0F4KRM8	38.06	156	158
UniRef90_UPI0006D1CA53	41.67	156	157
UniRef90_UPI0006D24FA2	41.67	156	157
UniRef90_UPI000249200C	40.38	156	174
UniRef90_A0A0A0M1N2	40.13	156	154
UniRef90_UPI0006D0D048	42.04	156	157
UniRef90_K4I206	40.00	156	154
UniRef90_UPI00024926E0	38.41	156	170
UniRef90_UPI00036E4283	37.09	156	170
UniRef90_C5R8S1	40.65	156	180
UniRef90_UPI0006D18E43	35.26	156	156
UniRef90_A0A073JQG1	33.11	156	202
UniRef90_A0A0F4LUF7	33.12	156	157
UniRef90_C7XX83	33.77	156	172
UniRef90_UPI0006946CAB	37.42	156	180
UniRef90_G6CEG4	33.33	156	156
UniRef90_UPI0006F006C2	30.77	156	156
UniRef90_UPI000219677A	34.44	156	171
UniRef90_B1MZN6	34.48	156	178
UniRef90_C5R898	37.01	156	176
UniRef90_H4GJQ6	35.06	156	168
UniRef90_UPI0006D26A38	34.39	156	169
UniRef90_UPI00020DA223	34.48	156	178
UniRef90_D8MEW7	34.97	156	178
UniRef90_A0A0F4LPA7	33.33	156	156
UniRef90_A0A0D1LEC6	32.28	156	182
UniRef90_K0DD46	34.97	156	178
UniRef90_J1GN30	33.77	156	180
UniRef90_Q6YNI5	35.14	156	168
UniRef90_D5SZV1	31.79	156	171
UniRef90_A0A0F4KSS6	32.69	156	156
UniRef90_R9GC30	31.41	156	156
UniRef90_F7QZL1	36.36	156	170
UniRef90_UPI000687DF2A	33.78	156	177
UniRef90_A0A091C935	31.69	156	165
UniRef90_A0A0D4CNB7	32.26	156	169
UniRef90_G4L2D4	30.28	156	165
UniRef90_V9HE81	32.45	156	141
UniRef90_K0NVM7	31.54	156	166
UniRef90_D4YH62	32.19	156	167
UniRef90_C2EQ14	83.87	156	171
UniRef90_Q9R5V5	100.00	156	157
UniRef90_D6S3F5	82.58	156	158
UniRef90_I7LC10	80.00	156	158
UniRef90_C2ESN4	70.32	156	174
UniRef90_A0A089Y6M9	77.42	156	158
UniRef90_I7L9J6	81.29	156	158
UniRef90_A0A0D6A1J1	78.71	156	158
UniRef90_I7KNG9	81.29	156	158
UniRef90_A0A0F4LNC9	76.77	156	158
UniRef90_D4YUW7	80.00	156	187
UniRef90_C0Z0G0	66.45	156	160
UniRef90_UPI0004687D70	63.23	156	162
UniRef90_A0A062X495	66.45	156	158
UniRef90_C8P8G1	67.10	156	158
UniRef90_F8KGG4	65.16	156	158
UniRef90_A0A0D4CK75	72.26	156	157
UniRef90_UPI00064B047F	67.74	156	158
UniRef90_C8PCU1	78.71	156	158
UniRef90_UPI0002491BA2	67.31	156	194
UniRef90_Q74LQ9	80.41	156	149
UniRef90_A0A0A7DMT2	68.83	156	155
UniRef90_J0L420	60.00	156	156
UniRef90_UPI0006EF26AF	58.71	156	156
UniRef90_Q9KWF0	72.90	156	158
UniRef90_A0A089QL61	39.10	156	157
UniRef90_G9WH76	45.45	156	154
UniRef90_A0A0E2VPC2	40.52	156	154
UniRef90_UPI000249200C	41.03	156	174
UniRef90_C1KFI2	44.23	156	164
UniRef90_UPI00024926E0	37.18	156	170
UniRef90_UPI0006D1CA53	40.76	156	157
UniRef90_A0A0A0M1N2	39.87	156	154
UniRef90_UPI00036E4283	36.13	156	170
UniRef90_UPI0006D0D048	41.40	156	157
UniRef90_UPI0006D24FA2	41.40	156	157
UniRef90_A0A073JQG1	32.05	156	202
UniRef90_A0A0F4KRM8	38.06	156	158
UniRef90_G6CEG4	33.33	156	156
UniRef90_K4I206	39.10	156	154
UniRef90_UPI000219677A	34.21	156	171
UniRef90_UPI0006D18E43	34.62	156	156
UniRef90_UPI0006F006C2	30.77	156	156
UniRef90_C5R8S1	40.65	156	180
UniRef90_UPI0006946CAB	37.42	156	180
UniRef90_D5SZV1	31.58	156	171
UniRef90_C7XX83	32.90	156	172
UniRef90_N1ZRY4	67.83	156	115
UniRef90_R9GC30	31.41	156	156
UniRef90_A0A0F4LPA7	33.33	156	156
UniRef90_B1MZN6	33.77	156	178
UniRef90_UPI0006D26A38	32.48	156	169
UniRef90_A0A0F4KSS6	32.69	156	156
UniRef90_K0DD46	33.55	156	178
UniRef90_UPI00020DA223	33.12	156	178
UniRef90_D4YH62	28.76	156	167
UniRef90_D8MEW7	33.55	156	178
UniRef90_A0A0D4CNB7	30.13	156	169
UniRef90_C5R898	36.77	156	176
UniRef90_A0A0F4LUF7	33.12	156	157
UniRef90_Q6YNI5	31.85	156	168
UniRef90_F7QZL1	34.62	156	170
UniRef90_A0A0D1LEC6	32.08	156	182
UniRef90_UPI000687DF2A	30.97	156	177
UniRef90_A0A091C935	30.00	156	165
UniRef90_J1GN30	33.55	156	180
UniRef90_H4GJQ6	30.13	156	168
UniRef90_G4L2D4	28.67	156	165
UniRef90_K0NVM7	28.12	156	166
UniRef90_I7KNP5	30.43	156	166
UniRef90_C4VNJ1	28.21	156	165
UniRef90_I7LA01	27.95	156	167
UniRef90_C2EPV0	29.75	156	167
UniRef90_F6CBV6	29.11	156	166
UniRef90_UPI000405D485	26.92	156	163
UniRef90_N2AJT9	28.48	156	167
UniRef90_C2KDT9	28.48	156	167
UniRef90_Q5FIN0	29.03	156	167
UniRef90_Q8RLY5	29.81	156	167
UniRef90_V9HE81	32.24	156	141
UniRef90_UPI00046875A7	28.57	156	167
UniRef90_F0HV36	30.00	156	165
UniRef90_R9G9Z2	25.45	156	159
UniRef90_UPI00046A6246	28.31	156	159
UniRef90_UPI0005EFDE16	26.80	156	139
UniRef90_C2EKQ2	27.22	156	167
UniRef90_UPI0006EC13AC	26.49	156	141
UniRef90_A0A062XE39	26.42	156	147
UniRef90_A0A062XF62	24.38	156	158
UniRef90_UPI000219641D	26.42	156	147
UniRef90_G6CCX3	24.10	156	159
UniRef90_UPI0004B659AB	25.66	156	140
UniRef90_UPI0006A7E0A6	23.68	156	139
UniRef90_C2KIV8	24.53	156	147
UniRef90_UPI000559916C	23.87	156	141
UniRef90_F7R1E9	25.00	156	158
UniRef90_A0A081BGB3	26.99	156	157
UniRef90_A0A0F3G1Q8	23.90	156	160
UniRef90_A0A0H3E356	25.64	156	177
UniRef90_A0A069CU49	26.47	156	171
UniRef90_UPI0002628F9C	24.34	156	141
UniRef90_UPI000468D279	26.97	156	155
UniRef90_A0A098EV68	25.66	156	141
UniRef90_C5UQS8	25.00	156	142
UniRef90_A0NJ78	28.48	156	149
UniRef90_A0A0H4L7X5	23.03	156	157
UniRef90_Q1WRN4	27.27	156	155
UniRef90_D2EL09	25.93	156	156
UniRef90_A0A0A1MQ32	26.14	156	139
UniRef90_UPI0004638E27	23.57	156	146
UniRef90_A0A0K8MK28	24.05	156	147
UniRef90_UPI0006F1508E	25.00	156	157
UniRef90_A0A0H4QF34	24.36	156	146
UniRef90_Q03QR2	21.02	156	146
UniRef90_A0A0K8MIQ3	22.93	156	148
UniRef90_F8I1I2	25.48	156	146
UniRef90_A0A0F3RQM6	24.20	156	146
UniRef90_UPI0003FEB12E	26.80	156	158
UniRef90_UPI0002491CC9	24.54	156	157
UniRef90_R7NHB6	24.84	156	140
UniRef90_A0A0D1A673	24.20	156	148
UniRef90_UPI0006EE962F	25.61	156	157
UniRef90_I5AR28	22.08	156	160
UniRef90_UPI00024909D5	26.38	156	157
UniRef90_UPI0005CB7306	24.52	156	153
UniRef90_C5RA36	24.68	156	146
UniRef90_UPI00067ECC20	22.73	156	140
UniRef90_UPI00052524DE	22.29	156	148
UniRef90_A0A088GNC2	22.09	156	154
UniRef90_A0A0D1LNZ5	25.32	156	146
UniRef90_UPI0005AB4F55	24.68	156	146
UniRef90_UPI00041E548C	29.68	156	156
UniRef90_A0A0F4HA89	22.93	156	148
UniRef90_G8PD45	23.64	156	158
UniRef90_A0A075TZI6	24.84	156	147
UniRef90_UPI0002DDF7D9	28.03	156	146
UniRef90_A0A0K2LA26	25.00	156	157
UniRef90_M5J7G8	26.45	156	158
UniRef90_UPI000481BAB5	23.38	156	140
UniRef90_A0A0A1GZE9	21.02	156	148
UniRef90_UPI0006D29A99	23.17	156	160
UniRef90_UPI0003633A72	23.08	156	146
UniRef90_A0A0K8MNU1	22.29	156	147
UniRef90_UPI00058F0E83	21.21	156	161
UniRef90_F4FWI0	23.78	156	160
UniRef90_UPI0006D1FEEE	25.00	156	157
UniRef90_UPI0006EC2734	22.58	156	153
UniRef90_A0A0A6NXB2	23.03	156	160
UniRef90_A0A0J5PC75	23.42	156	148
UniRef90_A0A062XRZ7	26.28	156	146
UniRef90_A0A0K6J1G0	28.57	156	140
UniRef90_UPI0003B55D7C	23.87	156	146
UniRef90_C2JZ33	21.79	156	147
UniRef90_W6TBQ3	22.56	156	157
UniRef90_UPI0004157844	26.92	156	157
UniRef90_Q03F92	25.48	156	156
UniRef90_UPI0003FF5479	24.84	156	143
UniRef90_UPI0002EF95D5	18.79	156	158
UniRef90_H1X9K3	25.64	156	145
UniRef90_A0A0H4QGT2	23.31	156	157
UniRef90_A0A061NE81	25.00	156	142
UniRef90_S4NE91	23.17	156	160
UniRef90_A0A0F3FLY6	22.93	156	143
UniRef90_UPI0006EF47B8	21.95	156	157
UniRef90_C0WM88	20.73	156	160
UniRef90_S6CA01	21.15	156	147
UniRef90_UPI0006EF195E	22.44	156	149
UniRef90_F9VFL1	27.74	156	159
UniRef90_UPI00064F690D	24.05	156	157
UniRef90_UPI0006F0174B	24.52	156	146
UniRef90_V7HZM0	25.97	156	157
UniRef90_U2GZ63	21.82	156	158
UniRef90_A0A0M9D4G2	27.56	156	146
UniRef90_A0A0F7D499	28.77	156	156
UniRef90_K8ZPB6	20.92	156	156
UniRef90_K6RNS5	23.72	156	147
UniRef90_H4GL27	23.08	156	146
UniRef90_A0A063B281	25.00	156	146
UniRef90_A0A0F3FYE1	21.08	156	158
UniRef90_UPI0006D1E9E4	24.84	156	146
UniRef90_UPI00067F5067	23.42	156	156
UniRef90_D7VEV2	22.15	156	157
UniRef90_A0A078MAQ4	27.45	156	156
UniRef90_UPI00020D9BDD	23.72	156	146
UniRef90_UPI000704DBCC	23.08	156	146
UniRef90_UPI0006EE6378	23.72	156	146
UniRef90_UPI000493B2DD	24.05	156	147
UniRef90_UPI0002192356	24.68	156	148
UniRef90_G2KTH5	25.49	156	146
UniRef90_F2HK25	25.62	156	156
UniRef90_A0A0D1A984	22.42	156	158
UniRef90_UPI000378C9BF	23.23	156	146
UniRef90_UPI00037F2E43	25.00	156	146
UniRef90_A0A0M0L055	23.53	156	153
UniRef90_A0A0L0QKA2	26.83	156	163
UniRef90_A0A0B8QP90	25.32	156	164
UniRef90_A0A0K9G9S1	24.18	156	139
UniRef90_A0A095AHH9	23.72	156	146
UniRef90_A0A0F3RRP3	23.23	156	146
UniRef90_R2Y871	25.32	156	145
UniRef90_G9ZKT4	25.60	156	149
UniRef90_R2PX30	21.29	156	146
UniRef90_M5ACM1	23.87	156	168
UniRef90_A0A0B5QJ01	27.15	156	181
UniRef90_UPI0006F0AA84	25.00	156	146
UniRef90_A0A090Y891	30.10	156	110
UniRef90_S0SLK4	20.78	156	146
UniRef90_K2NXM7	27.92	156	159
UniRef90_A0A0A2VHY5	19.87	156	145
UniRef90_UPI000249097A	21.82	156	158
UniRef90_R6N3L6	24.48	156	142
UniRef90_S4CTJ9	24.68	156	146
UniRef90_UPI0001851025	19.11	156	154
UniRef90_UPI00020D975F	25.32	156	151
UniRef90_S0S7T7	24.68	156	145
UniRef90_UPI0003B46FBB	23.72	156	148
UniRef90_UPI00045CF03C	23.38	156	140
UniRef90_A0A023D069	21.34	156	157
UniRef90_UPI00029A03BE	20.25	156	157
UniRef90_UPI00064FAA7C	23.08	156	146
UniRef90_UPI0002F28EBF	27.74	156	142
UniRef90_A9VVM1	24.05	156	143
UniRef90_UPI0006F03526	26.28	156	146
UniRef90_A2RII7	25.83	156	170
UniRef90_I6RY63	21.43	156	146
UniRef90_V5XRP0	21.57	156	146
UniRef90_F9UNH5	22.58	156	146
UniRef90_U5LBD5	20.65	156	155
UniRef90_J7VET0	26.75	156	164
UniRef90_J8MVL8	22.22	156	159
UniRef90_UPI00068FD56A	25.00	156	150
UniRef90_A0A084IUH0	25.16	156	141
UniRef90_A0A076GPQ3	22.08	156	146
UniRef90_A0A023P7J7	22.22	156	153
UniRef90_A0A0G3PYL1	22.44	156	146
UniRef90_UPI0006D098FB	22.42	156	160
UniRef90_R8TKC2	22.22	156	138
UniRef90_UPI0005BC16DF	22.67	156	141
UniRef90_A0A0C1M6U9	23.72	156	146
UniRef90_W9EII5	24.84	156	147
UniRef90_A0A0B8TWH8	23.64	156	104
UniRef90_F0EJU2	22.08	156	146
UniRef90_A0A061NPL6	24.19	156	110
UniRef90_UPI0006A7D640	21.29	156	152
UniRef90_R8CID2	21.66	156	151
UniRef90_A0A062VCA4	20.86	156	137
UniRef90_F0NRP2	23.86	156	92
UniRef90_A0A0A5GHN8	21.33	156	138
UniRef90_C9CHU5	19.48	156	146
UniRef90_A0A0E3RMM0	22.22	156	140
UniRef90_H1Z0K3	21.74	156	280
UniRef90_UPI0005B2B5F1	24.11	156	276
UniRef90_A2SPZ5	23.19	156	276
UniRef90_A0A099T1Y0	23.45	156	142
UniRef90_A0A0E3NYV0	20.29	156	140
UniRef90_Q8TK51	20.63	156	140
UniRef90_A0A0E3S801	20.30	156	140
UniRef90_A0A0E3WTW0	23.02	156	140
UniRef90_A0A0F8ETV0	22.40	156	140
UniRef90_F2KPY9	22.22	156	144
UniRef90_W9DY51	27.13	156	142
UniRef90_T2NJ47	20.72	156	111
UniRef90_A0A0F6Z2N6	19.73	156	142
UniRef90_J1AN41	21.74	156	284
UniRef90_A0A0F9DXG1	19.26	156	191
UniRef90_D7E641	20.15	156	139
UniRef90_A0A0C1UVC0	20.83	156	141
UniRef90_S5DVH1	20.35	156	140
