UniRef90_P11411	99.79	485	486
UniRef90_UPI00020D970A	89.07	485	487
UniRef90_UPI00020D9CB6	88.66	485	486
UniRef90_C5RAZ3	70.72	485	488
UniRef90_H1X7Z0	70.10	485	487
UniRef90_A0A0J5PDB3	70.31	485	486
UniRef90_A0A069D2I1	68.87	485	487
UniRef90_A0A0K8MMA6	65.70	485	486
UniRef90_W1V2B6	93.37	485	361
UniRef90_A0A075TXG4	67.63	485	488
UniRef90_Q04HE3	65.02	485	490
UniRef90_G9WJ42	64.40	485	490
UniRef90_UPI0003B5E685	66.87	485	489
UniRef90_F8HY97	63.77	485	486
UniRef90_A0A0C1PZX2	53.93	485	491
UniRef90_UPI00030550B3	55.31	485	493
UniRef90_A0A081BK71	54.40	485	489
UniRef90_UPI000704E80C	53.69	485	490
UniRef90_UPI0006EF5660	53.07	485	504
UniRef90_A0A0D4CIG2	52.36	485	492
UniRef90_UPI0006D24C03	53.07	485	490
UniRef90_UPI000704C9A1	52.46	485	494
UniRef90_A5VMD0	51.63	485	493
UniRef90_UPI0006CFBC55	53.07	485	490
UniRef90_C2EUP1	52.15	485	534
UniRef90_UPI0002E84CAC	52.58	485	493
UniRef90_A0A0A6NT65	51.53	485	494
UniRef90_H4GID6	52.35	485	489
UniRef90_UPI0006D1F190	52.04	485	492
UniRef90_C0WYZ0	50.82	485	502
UniRef90_G2KTW2	52.04	485	513
UniRef90_M5AXG0	51.93	485	495
UniRef90_A0A063BBJ3	51.85	485	493
UniRef90_C7XV70	50.51	485	493
UniRef90_UPI0002490879	51.23	485	492
UniRef90_A0A0A1GWI3	51.02	485	492
UniRef90_UPI00070566B1	50.82	485	490
UniRef90_W9EIA2	50.10	485	492
UniRef90_C0WQS0	49.59	485	514
UniRef90_G6CC99	47.24	485	497
UniRef90_UPI00067F2697	49.69	485	488
UniRef90_X0PKN2	49.28	485	492
UniRef90_M4KKC5	47.75	485	494
UniRef90_A8UAH7	48.88	485	498
UniRef90_UPI00055861F0	48.56	485	495
UniRef90_F4BRV6	48.56	485	495
UniRef90_W6T6W0	47.93	485	488
UniRef90_R2VDY5	47.76	485	505
UniRef90_J2Z450	49.07	485	500
UniRef90_W7BIT8	48.55	485	493
UniRef90_C9ACH5	47.97	485	508
UniRef90_A0A023CVY4	48.96	485	491
UniRef90_V6QAJ9	46.20	485	506
UniRef90_UPI00054E282F	48.35	485	500
UniRef90_UPI0005531F6C	47.53	485	494
UniRef90_UPI0004689230	46.83	485	497
UniRef90_V7HTT0	49.08	485	488
UniRef90_UPI00040AB4EA	49.28	485	487
UniRef90_UPI0005569E96	47.75	485	494
UniRef90_UPI00065E8C89	45.51	485	507
UniRef90_UPI00054E2348	47.11	485	493
UniRef90_F7Z5C1	47.61	485	499
UniRef90_G2SQK9	46.00	485	486
UniRef90_S1NEG9	46.17	485	507
UniRef90_S1RM86	46.77	485	508
UniRef90_K8E4Q8	46.31	485	493
UniRef90_S4DHK3	46.34	485	507
UniRef90_V5XLL5	46.15	485	506
UniRef90_A0A062X9P2	46.90	485	492
UniRef90_M5J7S9	46.61	485	488
UniRef90_UPI000552D3EB	47.18	485	493
UniRef90_UPI00068AB1D5	47.07	485	508
UniRef90_C9AQ23	46.04	485	508
UniRef90_R2SJF3	46.03	485	505
UniRef90_UPI0006471FCA	47.42	485	494
UniRef90_UPI00029B35A6	47.39	485	480
UniRef90_Q03B08	47.84	485	495
UniRef90_E6LCH9	45.19	485	516
UniRef90_R3U4S6	45.84	485	508
UniRef90_UPI000410F120	47.01	485	487
UniRef90_UPI000377732D	45.81	485	491
UniRef90_S1NDP4	45.90	485	506
UniRef90_Q1WUR3	48.35	485	494
UniRef90_Q92A37	47.30	485	491
UniRef90_S0PEA3	45.84	485	505
UniRef90_UPI00070546E7	46.42	485	495
UniRef90_W7C740	47.11	485	489
UniRef90_R2SFS1	45.34	485	505
UniRef90_S0J6V3	45.93	485	505
UniRef90_C2K1L1	46.19	485	495
UniRef90_UPI0005530036	47.08	485	494
UniRef90_R2SHZ6	45.27	485	501
UniRef90_UPI000469C72C	48.98	485	492
UniRef90_A0A059N3Z0	45.01	485	507
UniRef90_I6RXH2	45.75	485	509
UniRef90_UPI0003FABE6F	46.25	485	507
UniRef90_UPI0005F82386	45.82	485	499
UniRef90_F8DJC4	46.68	485	488
UniRef90_H7F7T1	46.68	485	494
UniRef90_UPI00040EF7AE	43.48	485	487
UniRef90_A0A091C5S9	44.99	485	506
UniRef90_S6C629	46.60	485	495
UniRef90_D7UXU5	46.57	485	489
UniRef90_UPI00067C3CE1	46.44	485	499
UniRef90_A0A0E9EVC3	46.11	485	486
UniRef90_UPI00035D1610	47.18	485	495
UniRef90_G4L6C0	44.99	485	509
UniRef90_UPI0004245C23	44.99	485	492
UniRef90_Q9CDJ9	45.36	485	503
UniRef90_A0A011Q535	46.33	485	484
UniRef90_UPI00053A0EFF	44.38	485	494
UniRef90_UPI0006D2B1A5	47.12	485	490
UniRef90_A0A0M0KER2	48.13	485	499
UniRef90_A0A090KTC5	45.23	485	493
UniRef90_E0NFV2	45.71	485	495
UniRef90_UPI00034BB892	46.68	485	495
UniRef90_UPI000704D4B8	43.85	485	491
UniRef90_J0UTJ6	46.69	485	484
UniRef90_A0A0K9GWR2	45.44	485	502
UniRef90_UPI00034C0E48	46.35	485	495
UniRef90_O54537	46.06	485	495
UniRef90_G8PCM5	45.62	485	496
UniRef90_A0A0C2VIH1	45.74	485	501
UniRef90_UPI0006D06AAC	45.96	485	502
UniRef90_A0A077J490	46.68	485	497
UniRef90_U4TKT7	44.87	485	492
UniRef90_A0A0E9EAE2	46.19	485	495
UniRef90_UPI00040E06EE	45.64	485	500
UniRef90_C2WFI6	47.71	485	491
UniRef90_A0A0A6VCJ5	45.11	485	499
UniRef90_F3Y9R9	43.50	485	503
UniRef90_UPI0003F85FEE	45.85	485	504
UniRef90_D5DWM2	46.47	485	500
UniRef90_UPI0005A7AE1D	45.95	485	492
UniRef90_UPI00048972B1	45.85	485	496
UniRef90_UPI0006EF783E	44.51	485	492
UniRef90_C5D429	46.27	485	496
UniRef90_A0A0F3FZ00	44.58	485	497
UniRef90_E8JS44	45.30	485	487
UniRef90_C2W812	46.06	485	499
UniRef90_I7L593	44.83	485	494
UniRef90_UPI0005A84799	45.80	485	489
UniRef90_UPI00036A124C	46.47	485	504
UniRef90_A8AWC7	45.30	485	486
UniRef90_UPI000366D65F	45.32	485	499
UniRef90_UPI0006EE930B	45.19	485	492
UniRef90_UPI00067EE1CA	45.34	485	501
UniRef90_A0A0M2PKS7	46.36	485	492
UniRef90_UPI000684B35E	46.04	485	508
UniRef90_UPI0005AA02C6	45.76	485	498
UniRef90_UPI0002F7292C	45.83	485	498
UniRef90_E5WIB5	46.33	485	489
UniRef90_UPI0003777482	44.91	485	495
UniRef90_UPI00064E3BCD	43.45	485	497
UniRef90_A0A0E3WFH6	45.11	485	494
UniRef90_UPI0006CF8254	44.07	485	494
UniRef90_E7SBT3	46.06	485	490
UniRef90_Q03ER4	44.67	485	495
UniRef90_UPI0006F19896	46.39	485	493
UniRef90_F9VGD5	43.94	485	495
UniRef90_UPI0006EC13F3	44.72	485	502
UniRef90_I3EA81	45.83	485	496
UniRef90_A0A0M0XCZ4	46.12	485	489
UniRef90_A0A0D6DUY3	44.28	485	494
UniRef90_G7SFJ4	45.00	485	495
UniRef90_UPI0006CF52EB	43.94	485	492
UniRef90_E8KP63	44.89	485	486
UniRef90_A0A098FFT6	46.06	485	498
UniRef90_A0A0M2SI91	45.68	485	487
UniRef90_A0A0J6FXB1	45.38	485	497
UniRef90_W1SHV3	44.81	485	497
UniRef90_A0A0D6ZE99	46.54	485	488
UniRef90_C8NFY3	44.63	485	496
UniRef90_B7GHJ3	45.23	485	495
UniRef90_UPI0005560EC8	45.40	485	489
UniRef90_A0A098F0T1	44.42	485	500
UniRef90_P54547	45.53	485	489
UniRef90_UPI000551E99E	45.49	485	489
UniRef90_A0A0B5ARV4	45.21	485	497
UniRef90_UPI000705350A	43.21	485	482
UniRef90_A0A0J5TSY0	44.15	485	496
UniRef90_UPI0007049C14	44.21	485	491
UniRef90_W7CPV0	46.07	485	489
UniRef90_UPI00065FEC19	45.17	485	486
UniRef90_UPI00040B0E8D	45.64	485	491
UniRef90_UPI000287E945	47.31	485	495
UniRef90_UPI0005597AE2	45.49	485	489
UniRef90_UPI000509CB79	44.49	485	500
UniRef90_UPI00066FE625	44.58	485	495
UniRef90_A0A0F4KSY9	44.03	485	493
UniRef90_U5LC41	44.65	485	489
UniRef90_E6U0D8	46.58	485	496
UniRef90_A0A094WLS9	43.94	485	497
UniRef90_UPI000412B169	45.32	485	495
UniRef90_W4QG41	44.91	485	493
UniRef90_UPI00054F7285	43.75	485	492
UniRef90_A0A0A1MCQ6	45.32	485	491
UniRef90_A0A0A0E740	44.72	485	500
UniRef90_E6TT00	43.83	485	494
UniRef90_UPI000368DCDA	44.79	485	507
UniRef90_A0A0B0IHS7	44.91	485	494
UniRef90_N4W8R6	43.87	485	492
UniRef90_A0A0M4GC58	44.86	485	489
UniRef90_A0A0F4LVJ0	43.83	485	494
UniRef90_A0A077TZT9	43.69	485	494
UniRef90_A8FEW8	44.49	485	491
UniRef90_A6CMT5	44.89	485	489
UniRef90_UPI0005D0FDCD	45.11	485	496
UniRef90_C3AVX4	44.40	485	506
UniRef90_A0A084HFB1	44.70	485	495
UniRef90_UPI000288194D	44.95	485	491
UniRef90_UPI0006EFD447	44.10	485	494
UniRef90_A0A060MD20	43.89	485	494
UniRef90_A0A0H4L293	44.97	485	498
UniRef90_S5ZZC9	45.13	485	494
UniRef90_UPI00039EDF1C	43.76	485	496
UniRef90_W7D9V7	45.68	485	489
UniRef90_A0A0K2FSZ5	43.94	485	521
UniRef90_A0A084GW83	44.70	485	496
UniRef90_A0A0H4P1M2	43.75	485	500
UniRef90_A0A075JSZ9	44.70	485	492
UniRef90_R9C209	45.23	485	501
UniRef90_UPI00047E4972	44.81	485	493
UniRef90_UPI0005567FE0	44.23	485	490
UniRef90_A0A0C2VPG6	43.66	485	499
UniRef90_A0A0K0GEG3	45.32	485	492
UniRef90_E8SHI5	42.56	485	494
UniRef90_W4PXG4	44.07	485	494
UniRef90_N0B2E9	44.38	485	499
UniRef90_K2GB41	43.66	485	495
UniRef90_Q8EMB8	43.66	485	491
UniRef90_UPI00058C0131	43.40	485	489
UniRef90_A0A024Q7R4	44.65	485	488
UniRef90_W4VMR8	43.89	485	495
UniRef90_UPI0006F7A4B2	43.69	485	499
UniRef90_H0DKW9	43.22	485	484
UniRef90_X0R6R6	43.71	485	498
UniRef90_UPI00054E7AD5	42.62	485	502
UniRef90_Q4L6K5	43.27	485	494
UniRef90_UPI0004228C3B	44.38	485	493
UniRef90_UPI0004682FF8	42.89	485	480
UniRef90_A0A0J5JUB3	44.28	485	492
UniRef90_A0A033V0H8	41.91	485	494
UniRef90_A0A0A8HQ07	42.03	485	494
UniRef90_R9TVP3	43.89	485	492
UniRef90_A0A0J5S8V4	42.83	485	500
UniRef90_E5CMF6	43.27	485	494
UniRef90_A0A0M3R9I6	44.70	485	491
UniRef90_A0A0G3W0Y1	42.03	485	494
UniRef90_W4QRM3	43.24	485	494
UniRef90_A0A0K2LAQ7	43.71	485	478
UniRef90_E6M7C7	42.44	485	494
UniRef90_B9E6P3	43.10	485	502
UniRef90_W9AHT4	44.91	485	495
UniRef90_UPI000425C65F	41.74	485	496
UniRef90_UPI000319BA82	44.07	485	490
UniRef90_UPI0007048F00	43.36	485	477
UniRef90_A0A0L0QTQ2	43.18	485	495
UniRef90_L7WP10	41.08	485	490
UniRef90_I8AME1	43.06	485	496
UniRef90_K0NR58	43.20	485	482
UniRef90_A0A0F6BQS7	43.15	485	485
UniRef90_UPI0006CFB1EB	43.80	485	495
UniRef90_K9AUU0	41.20	485	494
UniRef90_W7ZB57	44.49	485	494
UniRef90_UPI0004B5830F	43.38	485	484
UniRef90_B9DNT2	42.77	485	494
UniRef90_I7KQM2	40.86	485	483
UniRef90_A0A061CKD5	43.15	485	482
UniRef90_A0A0H4L7D2	43.39	485	479
UniRef90_A0A0K9GB48	43.12	485	495
UniRef90_A0A0H4QEY1	42.12	485	479
UniRef90_I7LB49	40.74	485	483
UniRef90_A0A0D6XUM4	41.94	485	494
UniRef90_E4KM02	41.72	485	478
UniRef90_UPI0002491112	42.39	485	479
UniRef90_UPI00046A64AD	42.56	485	480
UniRef90_V6IXL9	42.62	485	490
UniRef90_K0IW89	43.36	485	490
UniRef90_Q74KV7	43.00	485	482
UniRef90_A0A0C2HJN1	41.68	485	494
UniRef90_UPI000493A270	41.79	485	494
UniRef90_UPI0006A7AEA6	41.53	485	501
UniRef90_W1Q5U9	42.51	485	483
UniRef90_E3EJ54	41.58	485	500
UniRef90_UPI00037CEE60	42.00	485	516
UniRef90_S5ZST2	41.70	485	482
UniRef90_W7ZP55	44.03	485	535
UniRef90_UPI000423C2B1	43.15	485	484
UniRef90_A0A0F4M0F9	40.82	485	482
UniRef90_J2HVS0	43.24	485	499
UniRef90_UPI0006920432	40.99	485	500
UniRef90_A0A0F4LPS0	40.29	485	482
UniRef90_UPI00047A3A0F	42.74	485	496
UniRef90_A0A0D5NFI1	42.00	485	499
UniRef90_A0A0C2UUT2	41.84	485	517
UniRef90_UPI000255C148	42.12	485	491
UniRef90_UPI00028A2352	43.66	485	489
UniRef90_UPI000619D830	42.83	485	518
UniRef90_UPI0005EEEFA8	42.38	485	507
UniRef90_UPI00041C84C0	41.70	485	497
UniRef90_C6J158	42.20	485	516
UniRef90_R9LSI3	42.00	485	516
UniRef90_UPI00047CD4B3	41.22	485	516
UniRef90_UPI00047EBDD6	42.53	485	484
UniRef90_UPI000379070D	40.86	485	496
UniRef90_A0A098FFM0	42.32	485	484
UniRef90_UPI00035E12FB	42.20	485	517
UniRef90_A0A0H4PDP0	40.83	485	480
UniRef90_D6S335	39.06	485	482
UniRef90_H3NEX1	42.39	485	481
UniRef90_A0A094JMC6	41.12	485	501
UniRef90_M1ZHR1	42.56	485	514
UniRef90_UPI0003F4B74A	39.22	485	483
UniRef90_UPI0004686A4E	40.00	485	483
UniRef90_C6CVS6	41.79	485	514
UniRef90_UPI00036314E1	42.71	485	518
UniRef90_C8PCJ8	40.29	485	482
UniRef90_D5H1H2	39.59	485	483
UniRef90_UPI0005D103E3	41.49	485	485
UniRef90_A0A089XZJ9	39.75	485	482
UniRef90_UPI00034AC5A2	40.96	485	485
UniRef90_UPI00041C1BE4	41.32	485	499
UniRef90_UPI0004011283	41.37	485	485
UniRef90_UPI000686061A	41.79	485	518
UniRef90_UPI0005D118A1	39.71	485	485
UniRef90_A0A0J1HZU6	41.49	485	490
UniRef90_A0A0D3VCK4	40.12	485	515
UniRef90_UPI00047AD1E5	41.75	485	500
UniRef90_A0A0B6AQP0	41.91	485	484
UniRef90_UPI0003084F81	41.91	485	487
UniRef90_UPI00063F87BE	40.58	485	515
UniRef90_UPI000367D05E	40.81	485	516
UniRef90_L8A0M7	39.92	485	485
UniRef90_UPI0004701C87	41.29	485	484
UniRef90_A0A0A2TZ83	41.16	485	484
UniRef90_UPI0006EC1780	40.33	485	499
UniRef90_UPI0005C92413	40.75	485	516
UniRef90_UPI000401F4B6	39.96	485	514
UniRef90_D3EIU2	40.12	485	515
UniRef90_UPI0003769121	40.91	485	496
UniRef90_A0A0M2SZ29	42.00	485	481
UniRef90_C8WT41	42.62	485	520
UniRef90_UPI00037F2EDD	40.37	485	516
UniRef90_UPI0004733E14	40.12	485	496
UniRef90_UPI0003FB15BA	40.96	485	513
UniRef90_X4ZHG2	40.12	485	517
UniRef90_UPI00042673D0	40.96	485	516
UniRef90_A0A069DJM7	40.58	485	520
UniRef90_UPI0002881B2D	41.29	485	504
UniRef90_UPI00037AABC6	39.92	485	515
UniRef90_I7IVA9	40.33	485	482
UniRef90_A8YTI4	39.22	485	483
UniRef90_Q2RG50	41.15	485	504
UniRef90_A0A0A2TUC2	39.79	485	516
UniRef90_UPI0004799B78	40.71	485	517
UniRef90_UPI000424679E	39.88	485	493
UniRef90_A0A0K2W9A5	40.00	485	520
UniRef90_A0A0E3WJ47	39.92	485	516
UniRef90_A0A0C2V154	42.32	485	514
UniRef90_A0A0D5NFR2	41.91	485	518
UniRef90_U1WSI0	38.92	485	516
UniRef90_A0A0M0KXH9	40.00	485	498
UniRef90_D2J6C6	40.79	485	486
UniRef90_UPI0004199D7E	40.12	485	495
UniRef90_E0I6X7	41.37	485	519
UniRef90_N1ZRW7	38.78	485	483
UniRef90_K5A4L1	40.96	485	512
UniRef90_E3EB91	39.67	485	518
UniRef90_UPI00042870EE	40.96	485	518
UniRef90_A0A0F5R8K8	41.37	485	518
UniRef90_J8GCY0	40.00	485	494
UniRef90_H3SCJ6	40.33	485	514
UniRef90_K9EBJ2	40.46	485	479
UniRef90_A0A0D6A289	38.98	485	483
UniRef90_UPI0005A9FDFD	40.33	485	521
UniRef90_UPI0006D556F9	40.71	485	519
UniRef90_UPI0004B899CD	39.51	485	518
UniRef90_UPI000382B5A6	39.71	485	515
UniRef90_A0A0C7NG93	40.21	485	504
UniRef90_A0A074LLN5	40.12	485	514
UniRef90_A0A0B0HQ07	40.46	485	516
UniRef90_A0A0K9GVZ9	40.12	485	499
UniRef90_UPI00040C5D5C	40.33	485	498
UniRef90_UPI00049831D3	41.54	485	523
UniRef90_A0A0F7HMB7	40.00	485	494
UniRef90_UPI000413488A	40.00	485	497
UniRef90_UPI0006FF8825	39.09	485	503
UniRef90_UPI0004171E24	40.75	485	484
UniRef90_C0ZG28	39.92	485	499
UniRef90_A0A0C2W0C2	40.12	485	485
UniRef90_UPI0005C54FA9	39.87	485	497
UniRef90_I3DZR1	40.25	485	484
UniRef90_F5LGK1	41.04	485	505
UniRef90_UPI000361C0E0	39.29	485	517
UniRef90_Q5FLX0	38.19	485	483
UniRef90_UPI000477964A	38.88	485	487
UniRef90_UPI000416EB52	41.16	485	518
UniRef90_H3NKC3	38.45	485	475
UniRef90_J8BEA6	40.33	485	494
UniRef90_UPI00041B29B1	41.20	485	511
UniRef90_UPI000289EF11	40.46	485	484
UniRef90_F5L5F3	38.60	485	492
UniRef90_UPI000617E3A2	40.82	485	482
UniRef90_T0D0L5	41.37	485	518
UniRef90_UPI000409AD45	38.88	485	500
UniRef90_D4YTW9	38.57	485	489
UniRef90_UPI0003B605AF	39.42	485	479
UniRef90_UPI00049163C3	40.96	485	521
UniRef90_A0A0E4CUS4	40.70	485	503
UniRef90_A0A098ERN4	39.96	485	508
UniRef90_UPI00048615F8	40.58	485	483
UniRef90_UPI0001E88FE4	40.46	485	485
UniRef90_V9W742	41.20	485	511
UniRef90_UPI00048B87F2	40.16	485	507
UniRef90_J9E1M3	40.83	485	520
UniRef90_A0A0B0I0J8	41.25	485	500
UniRef90_W4BIV7	40.12	485	511
UniRef90_A0A0H4RF52	39.92	485	500
UniRef90_F8FBC8	40.12	485	506
UniRef90_UPI0003F6B998	41.49	485	535
UniRef90_UPI00067E774C	39.71	485	501
UniRef90_UPI00048B0E1A	40.12	485	506
UniRef90_A0A098FFL0	40.12	485	506
UniRef90_A0A089NDD6	40.08	485	503
UniRef90_A0A069DJH7	40.12	485	484
UniRef90_A0A0N0YDD6	39.21	485	500
UniRef90_L0E9A8	40.41	485	519
UniRef90_UPI000421A9A6	39.71	485	513
UniRef90_UPI0005CC284C	38.93	485	512
UniRef90_K6CH28	38.54	485	500
UniRef90_UPI00037546AE	40.09	485	475
UniRef90_A0A0H4RB87	39.79	485	528
UniRef90_UPI000588F8A3	39.46	485	479
UniRef90_A0A0K9YUZ6	39.25	485	498
UniRef90_UPI0005A70D00	39.79	485	504
UniRef90_A0A0K9G9B1	39.21	485	486
UniRef90_UPI0003806E74	39.96	485	510
UniRef90_UPI000382B5FE	40.49	485	508
UniRef90_UPI000619BEAF	39.05	485	499
UniRef90_UPI0006FACE23	39.22	485	508
UniRef90_UPI0004777BE6	38.51	485	483
UniRef90_UPI0006A786F1	39.54	485	507
UniRef90_UPI00047E1769	40.70	485	485
UniRef90_UPI00037D2C70	40.33	485	503
UniRef90_UPI0006991B2E	39.55	485	514
UniRef90_UPI0006B5765C	38.93	485	502
UniRef90_L0EA91	39.84	485	506
UniRef90_A0A090Z9N7	39.88	485	509
UniRef90_UPI000678B1A5	38.67	485	500
UniRef90_A0A015LRS0	39.92	485	519
UniRef90_J4TV85	39.79	485	494
UniRef90_UPI00042519E2	40.00	485	511
UniRef90_A0A089KWH0	39.34	485	503
UniRef90_A0A069D9T0	39.96	485	520
UniRef90_A0A0K9HB32	38.33	485	485
UniRef90_UPI0006D58E6B	39.96	485	512
UniRef90_A0A0M2SVF0	38.54	485	502
UniRef90_W3ABI9	39.00	485	505
UniRef90_A0A024P2S0	39.46	485	497
UniRef90_A0A0M2PHS0	40.66	485	498
UniRef90_UPI0005B3E243	46.22	485	368
UniRef90_UPI000399DC2B	38.88	485	506
UniRef90_UPI00048C1DE1	38.33	485	502
UniRef90_UPI000685D076	39.87	485	499
UniRef90_UPI0004110BE3	39.43	485	508
UniRef90_UPI0002D3DDA6	40.00	485	514
UniRef90_UPI0004BCE25B	39.84	485	508
UniRef90_UPI00046E838B	37.08	485	483
UniRef90_W4RSY5	48.69	485	351
UniRef90_C6CYQ7	40.08	485	503
UniRef90_A0A0H4KJK4	37.84	485	495
UniRef90_UPI0005D0F596	38.88	485	508
UniRef90_A0A0F5F0M9	38.46	485	494
UniRef90_UPI00068D3101	38.48	485	513
UniRef90_UPI000363C5A8	38.88	485	507
UniRef90_UPI0004B3A8DD	38.74	485	492
UniRef90_UPI0006199F2B	39.06	485	508
UniRef90_C6J4Q1	39.22	485	510
UniRef90_UPI0006FE2943	38.93	485	508
UniRef90_UPI00066959AC	52.16	485	348
UniRef90_I6Z270	39.01	485	505
UniRef90_UPI00056114FE	38.10	485	480
UniRef90_V6M295	37.21	485	492
UniRef90_A0A0M4FVC2	38.12	485	483
UniRef90_F3MYH1	46.32	485	374
UniRef90_A0A0H4R8G9	39.12	485	504
UniRef90_L5N9Q3	38.30	485	499
UniRef90_A0A0B0D530	37.29	485	483
UniRef90_L7U3C9	37.68	485	513
UniRef90_UPI0003B686FD	39.75	485	509
UniRef90_UPI00037A1C35	38.64	485	506
UniRef90_UPI0004248FC3	38.52	485	504
UniRef90_U2DTJ3	38.11	485	490
UniRef90_UPI00047A2466	39.09	485	502
UniRef90_A0A089IMR3	39.92	485	511
UniRef90_A0A089K503	38.20	485	512
UniRef90_H3SJG2	37.42	485	512
UniRef90_A0A098BXL8	37.17	485	509
UniRef90_G8TWS2	39.01	485	508
UniRef90_UPI00048972B1	45.66	485	496
UniRef90_B7GHJ3	44.95	485	495
UniRef90_F7Z5C1	47.20	485	499
UniRef90_A0A0A6VCJ5	44.44	485	499
UniRef90_C5D429	45.98	485	496
UniRef90_UPI00034BB892	46.30	485	495
UniRef90_UPI0003F85FEE	44.97	485	504
UniRef90_UPI000366D65F	45.13	485	499
UniRef90_S5ZZC9	44.65	485	494
UniRef90_UPI0005D0FDCD	44.93	485	496
UniRef90_UPI00053A0EFF	43.92	485	494
UniRef90_D5DWM2	46.30	485	500
UniRef90_UPI00040E06EE	45.17	485	500
UniRef90_A0A0H4P1M2	43.48	485	500
UniRef90_A0A090KTC5	45.04	485	493
UniRef90_I3EA81	45.36	485	496
UniRef90_UPI0006EC13F3	43.83	485	502
UniRef90_UPI00054E7AD5	42.18	485	502
UniRef90_C2W812	45.68	485	499
UniRef90_A0A0M0KER2	47.52	485	499
UniRef90_UPI00040B0E8D	45.36	485	491
UniRef90_UPI000287E945	46.31	485	495
UniRef90_U5LC41	44.47	485	489
UniRef90_UPI00068AB1D5	46.68	485	508
UniRef90_A0A084GW83	44.42	485	496
UniRef90_UPI000684B35E	45.76	485	508
UniRef90_UPI0005F82386	45.44	485	499
UniRef90_UPI000509CB79	44.01	485	500
UniRef90_A0A0H4L293	44.88	485	498
UniRef90_Q92A37	47.20	485	491
UniRef90_A0A0J5S8V4	42.56	485	500
UniRef90_A0A084HFB1	44.33	485	495
UniRef90_E5WIB5	45.93	485	489
UniRef90_P54547	45.15	485	489
UniRef90_A0A0M2PKS7	45.87	485	492
UniRef90_W7BIT8	48.45	485	493
UniRef90_UPI00067C3CE1	46.06	485	499
UniRef90_A0A0M0XCZ4	45.93	485	489
UniRef90_H7F7T1	46.58	485	494
UniRef90_UPI0005560EC8	44.89	485	489
UniRef90_UPI00058C0131	43.01	485	489
UniRef90_A6CMT5	44.47	485	489
UniRef90_R9LSI3	40.94	485	516
UniRef90_A0A0J5JUB3	43.92	485	492
UniRef90_A0A098F0T1	44.24	485	500
UniRef90_A8FEW8	44.03	485	491
UniRef90_UPI0005A84799	45.61	485	489
UniRef90_UPI0005597AE2	45.30	485	489
UniRef90_UPI000368DCDA	44.24	485	507
UniRef90_C6J158	41.14	485	516
UniRef90_UPI0003FABE6F	45.87	485	507
UniRef90_UPI00036A124C	45.79	485	504
UniRef90_A0A077J490	46.19	485	497
UniRef90_UPI00039EDF1C	43.44	485	496
UniRef90_K8E4Q8	46.31	485	493
UniRef90_R9TVP3	43.80	485	492
UniRef90_A0A0B0IHS7	44.44	485	494
UniRef90_UPI0006CF8254	43.62	485	494
UniRef90_N4W8R6	43.42	485	492
UniRef90_UPI00037CEE60	40.94	485	516
UniRef90_C2WFI6	47.61	485	491
UniRef90_W7C740	47.01	485	489
UniRef90_UPI0005531F6C	47.02	485	494
UniRef90_C3AVX4	44.03	485	506
UniRef90_R2SFS1	45.34	485	505
UniRef90_A0A0J5TSY0	44.06	485	496
UniRef90_A0A0J6FXB1	45.29	485	497
UniRef90_A0A0M4GC58	44.26	485	489
UniRef90_A0A075JSZ9	44.24	485	492
UniRef90_UPI00047E4972	44.54	485	493
UniRef90_A0A0C2VIH1	45.45	485	501
UniRef90_A9WE89	34.84	485	506
UniRef90_A0A0D6ZE99	46.14	485	488
UniRef90_UPI00035E12FB	41.36	485	517
UniRef90_E6TT00	43.74	485	494
UniRef90_A0A094WLS9	43.85	485	497
UniRef90_S1NDP4	45.25	485	506
UniRef90_UPI0004228C3B	43.62	485	493
UniRef90_A8UAH7	48.67	485	498
UniRef90_W4PXG4	43.80	485	494
UniRef90_UPI00067EE1CA	45.06	485	501
UniRef90_C9ACH5	46.96	485	508
UniRef90_V5XLL5	46.15	485	506
UniRef90_E6U0D8	45.90	485	496
UniRef90_UPI00065E8C89	45.45	485	507
UniRef90_UPI00048F01C4	34.43	485	506
UniRef90_D1CEH9	34.68	485	514
UniRef90_A0A024Q7R4	44.01	485	488
UniRef90_UPI0005C92413	39.96	485	516
UniRef90_A0A0C2VPG6	43.39	485	499
UniRef90_W4QRM3	42.98	485	494
UniRef90_UPI0005AA02C6	45.47	485	498
UniRef90_UPI0002F7292C	45.27	485	498
UniRef90_F4BRV6	48.36	485	495
UniRef90_E6LCH9	44.22	485	516
UniRef90_W4VMR8	43.44	485	495
UniRef90_D3EIU2	39.31	485	515
UniRef90_A0A0M2SI91	45.19	485	487
UniRef90_UPI0005569E96	46.93	485	494
UniRef90_UPI0004799B78	39.92	485	517
UniRef90_UPI000288194D	44.86	485	491
UniRef90_A0A059N3Z0	44.13	485	507
UniRef90_W1SHV3	44.33	485	497
UniRef90_UPI000552D3EB	46.71	485	493
UniRef90_UPI000367D05E	40.21	485	516
UniRef90_R2VDY5	47.76	485	505
UniRef90_A0A0A1MCQ6	45.04	485	491
UniRef90_N0B2E9	44.15	485	499
UniRef90_UPI000412B169	44.95	485	495
UniRef90_C6CVS6	40.82	485	514
UniRef90_S0J6V3	45.93	485	505
UniRef90_A0A091C5S9	44.53	485	506
UniRef90_X0R6R6	43.03	485	498
UniRef90_UPI00055861F0	48.36	485	495
UniRef90_Q8EMB8	43.18	485	491
UniRef90_W4QG41	44.72	485	493
UniRef90_UPI0005567FE0	44.05	485	490
UniRef90_S0PEA3	44.83	485	505
UniRef90_UPI000686061A	41.36	485	518
UniRef90_C9AQ23	46.04	485	508
UniRef90_W9AHT4	44.72	485	495
UniRef90_UPI0006471FCA	46.61	485	494
UniRef90_UPI000619D830	42.53	485	518
UniRef90_D1C7Y0	35.64	485	514
UniRef90_R2SHZ6	44.88	485	501
UniRef90_A0A0E3WJ47	39.14	485	516
UniRef90_S1RM86	46.17	485	508
UniRef90_A0A0L0QTQ2	43.09	485	495
UniRef90_A0A098FFT6	44.86	485	498
UniRef90_R3U4S6	45.64	485	508
UniRef90_R2SJF3	45.55	485	505
UniRef90_A0A0B5ARV4	44.33	485	497
UniRef90_A0A0D3VCK4	39.34	485	515
UniRef90_A0A0A0E740	44.03	485	500
UniRef90_UPI0006F7A4B2	43.09	485	499
UniRef90_UPI00042870EE	40.12	485	518
UniRef90_UPI00037AABC6	38.70	485	515
UniRef90_M4KKC5	47.37	485	494
UniRef90_X4ZHG2	39.55	485	517
UniRef90_UPI0005A9FDFD	39.63	485	521
UniRef90_UPI0003FB15BA	40.33	485	513
UniRef90_UPI00036314E1	41.55	485	518
UniRef90_S4DHK3	46.04	485	507
UniRef90_A0A0K9GWR2	44.17	485	502
UniRef90_A0A069DJM7	39.55	485	520
UniRef90_UPI000570EE7A	35.64	485	513
UniRef90_G4L6C0	44.13	485	509
UniRef90_A0A015LRS0	39.51	485	519
UniRef90_A0A0A2TUC2	38.70	485	516
UniRef90_A0A0B0HQ07	38.93	485	516
UniRef90_A0A0M3R9I6	44.31	485	491
UniRef90_UPI000425C65F	41.56	485	496
UniRef90_V6QAJ9	45.82	485	506
UniRef90_UPI000416EB52	40.66	485	518
UniRef90_L0E9A8	39.71	485	519
UniRef90_E3EB91	38.93	485	518
UniRef90_D6TJU0	35.31	485	516
UniRef90_B9L0S2	36.05	485	514
UniRef90_H2JQI8	35.05	485	529
UniRef90_D7UXU5	46.47	485	489
UniRef90_R9C209	44.72	485	501
UniRef90_UPI0005A7AE1D	45.32	485	492
UniRef90_UPI000382B5A6	38.89	485	515
UniRef90_UPI000361C0E0	38.32	485	517
UniRef90_E0I6X7	40.87	485	519
UniRef90_UPI000551E99E	45.09	485	489
UniRef90_S1NEG9	45.97	485	507
UniRef90_UPI000699DB91	33.27	485	516
UniRef90_M1ZHR1	41.89	485	514
UniRef90_K9WMT3	35.32	485	509
UniRef90_A0A022MK70	34.64	485	569
UniRef90_UPI000492DEE5	32.79	485	513
UniRef90_K5A4L1	39.92	485	512
UniRef90_H3SCJ6	39.71	485	514
UniRef90_L8EGE6	34.85	485	507
UniRef90_S3B705	35.05	485	511
UniRef90_A0A0F7VLS2	34.43	485	580
UniRef90_D7CGS8	35.46	485	511
UniRef90_A0A060MD20	43.71	485	494
UniRef90_S5VCL4	34.16	485	531
UniRef90_I6RXH2	45.14	485	509
UniRef90_UPI000493A270	41.24	485	494
UniRef90_UPI000401F4B6	40.08	485	514
UniRef90_UPI0004011283	40.50	485	485
UniRef90_UPI00037F2EDD	39.63	485	516
UniRef90_A0A0K9GB48	43.03	485	495
UniRef90_A0A077TZT9	43.71	485	494
UniRef90_A0A0C2UUT2	41.55	485	517
UniRef90_UPI00066DE87A	35.26	485	512
UniRef90_A0A0D5NFR2	41.15	485	518
UniRef90_B4V7V0	34.92	485	508
UniRef90_J2Z450	48.37	485	500
UniRef90_A0A0B6WZ73	37.37	485	521
UniRef90_A0A0K2FSZ5	43.44	485	521
UniRef90_UPI00042673D0	39.51	485	516
UniRef90_A0A0F7N176	34.85	485	509
UniRef90_K1DXB4	33.95	485	514
UniRef90_F3Y9R9	43.09	485	503
UniRef90_F8JXT7	33.61	485	508
UniRef90_F4XYH5	35.46	485	509
UniRef90_B9DNT2	42.47	485	494
UniRef90_A0A0H4PDP0	40.83	485	480
UniRef90_K9W2H8	34.01	485	509
UniRef90_A0A0L8QXM7	35.46	485	514
UniRef90_A0A033V0H8	41.56	485	494
UniRef90_UPI00054E282F	48.16	485	500
UniRef90_Q4L6K5	43.09	485	494
UniRef90_A0A0M0F648	35.66	485	513
UniRef90_UPI000421A9A6	39.09	485	513
UniRef90_D6A5S0	34.43	485	538
UniRef90_M9SYF1	35.05	485	510
UniRef90_B4VSR0	35.26	485	509
UniRef90_M2ZXV3	34.85	485	507
UniRef90_UPI0006920432	40.99	485	500
UniRef90_A5VMD0	51.63	485	493
UniRef90_A0A089XC21	33.20	485	542
UniRef90_E8SHI5	42.47	485	494
UniRef90_A0A0A0BDK8	35.04	485	513
UniRef90_D7C605	35.26	485	513
UniRef90_I4EGD2	33.94	485	514
UniRef90_A7NKC3	32.93	485	518
UniRef90_B4D3W7	36.73	485	514
UniRef90_A0A0G3W0Y1	42.06	485	494
UniRef90_UPI00055071C5	35.10	485	503
UniRef90_K0IW89	42.86	485	490
UniRef90_E8NGV9	35.85	485	516
UniRef90_P73411	34.64	485	509
UniRef90_UPI0004E151BD	35.67	485	511
UniRef90_UPI0004BFA098	34.43	485	513
UniRef90_UPI000415B4AD	34.85	485	508
UniRef90_F4GZ11	34.43	485	513
UniRef90_A0A0B5F7D8	34.43	485	510
UniRef90_A0A0F5R8K8	41.08	485	518
UniRef90_A0A0L0KVK1	35.05	485	509
UniRef90_UPI000319BA82	43.69	485	490
UniRef90_B8HQT0	36.34	485	509
UniRef90_UPI00037131CB	34.83	485	509
UniRef90_UPI00036825A8	35.88	485	509
UniRef90_A0A0F7FRZ7	34.43	485	522
UniRef90_A0A076LZE6	34.02	485	592
UniRef90_A0A0M1JN48	33.40	485	509
UniRef90_UPI0005530036	46.00	485	494
UniRef90_UPI00034BF76F	35.05	485	509
UniRef90_Q829U6	34.43	485	507
UniRef90_Q8DLF3	35.05	485	509
UniRef90_K8GHB1	34.42	485	509
UniRef90_A0A0N1NJV6	34.02	485	539
UniRef90_L7FJ29	34.64	485	536
UniRef90_UPI00063F87BE	40.04	485	515
UniRef90_UPI00049163C3	40.87	485	521
UniRef90_UPI000382C5C1	33.40	485	511
UniRef90_K2GB41	43.39	485	495
UniRef90_UPI00062587AD	35.05	485	510
UniRef90_D9X5X2	34.23	485	555
UniRef90_A0A072S8D9	34.85	485	538
UniRef90_A0A0D6XUM4	41.86	485	494
UniRef90_UPI0006E27247	33.81	485	567
UniRef90_K9XVF7	36.08	485	509
UniRef90_A0A0A8HQ07	41.86	485	494
UniRef90_A0A074LLN5	39.80	485	514
UniRef90_A0A081ELD1	35.26	485	507
UniRef90_UPI0006D556F9	39.71	485	519
UniRef90_UPI0006862AA8	34.22	485	493
UniRef90_UPI00047CD4B3	40.73	485	516
UniRef90_F2RGP2	35.26	485	510
UniRef90_E6M7C7	42.27	485	494
UniRef90_J9E1M3	40.33	485	520
UniRef90_UPI000701DF38	34.29	485	515
UniRef90_A0A0K0GEG3	44.86	485	492
UniRef90_A0A0M2JE30	33.20	485	520
UniRef90_A5UWD5	33.33	485	513
UniRef90_T0D0L5	40.74	485	518
UniRef90_UPI00068604AB	34.23	485	533
UniRef90_UPI00037CACB1	34.43	485	518
UniRef90_C8WT41	41.77	485	520
UniRef90_I8AME1	42.56	485	496
UniRef90_K9PWV0	36.08	485	509
UniRef90_K9AUU0	40.82	485	494
UniRef90_UPI00041AEB6E	35.45	485	513
UniRef90_A0A0D4CIG2	52.05	485	492
UniRef90_F6FUC7	33.61	485	513
UniRef90_A0A021VY76	33.61	485	513
UniRef90_A0A0F0KHX1	34.22	485	516
UniRef90_D5UF21	34.02	485	513
UniRef90_UPI00055F43BB	33.54	485	516
UniRef90_UPI000399DC2B	37.78	485	506
UniRef90_K9YBV4	34.50	485	509
UniRef90_D1BHK0	34.23	485	513
UniRef90_W6T6W0	47.43	485	488
UniRef90_B7K450	34.85	485	509
UniRef90_UPI0006A7AEA6	41.32	485	501
UniRef90_A0A0F6BQS7	42.36	485	485
UniRef90_A0LTY6	35.04	485	508
UniRef90_F8FBC8	39.22	485	506
UniRef90_S5ZST2	40.91	485	482
UniRef90_L8LPH3	34.43	485	509
UniRef90_UPI000370E4C7	35.88	485	510
UniRef90_Q82M92	33.20	485	548
UniRef90_UPI0004BE47CC	34.23	485	514
UniRef90_A6WC49	35.86	485	513
UniRef90_UPI0003767B80	34.02	485	516
UniRef90_A0A0M2HDY4	34.62	485	516
UniRef90_UPI0002FDD6A6	36.33	485	513
UniRef90_A0A0C7NG93	39.43	485	504
UniRef90_A0A077JI42	36.29	485	509
UniRef90_UPI0006E32561	34.64	485	510
UniRef90_H0DKW9	43.12	485	484
UniRef90_K4QZ29	34.02	485	509
UniRef90_B0CAE1	35.67	485	509
UniRef90_A0A0C2V154	41.68	485	514
UniRef90_K9RXK4	33.40	485	509
UniRef90_UPI0006E313D9	33.61	485	515
UniRef90_UPI00058D62DA	36.12	485	515
UniRef90_U5DNH1	34.42	485	510
UniRef90_E5CMF6	42.80	485	494
UniRef90_A3TLE2	32.79	485	514
UniRef90_A0A0B5DQ92	33.20	485	520
UniRef90_E4MZZ4	34.02	485	512
UniRef90_UPI0005B7DEF0	33.61	485	541
UniRef90_Q2RG50	40.37	485	504
UniRef90_A0A0F9LYP3	34.95	485	537
UniRef90_B5H8Z1	34.23	485	527
UniRef90_UPI0004B899CD	39.63	485	518
UniRef90_UPI0003FDED55	35.79	485	516
UniRef90_D4ZWP5	35.03	485	509
UniRef90_Q2JK62	36.16	485	517
UniRef90_F3NG80	34.43	485	596
UniRef90_UPI0006297E83	35.39	485	509
UniRef90_UPI00068D010C	34.43	485	521
UniRef90_UPI00049831D3	40.79	485	523
UniRef90_UPI0006F2DDD6	34.22	485	513
UniRef90_E6S9K8	33.74	485	513
UniRef90_L8A0M7	39.46	485	485
UniRef90_C2EUP1	52.15	485	534
UniRef90_UPI0005D103E3	40.50	485	485
UniRef90_UPI0006F22A13	33.81	485	513
UniRef90_UPI0006EC1780	39.67	485	499
UniRef90_UPI00040D4507	33.60	485	516
UniRef90_A0A086E211	34.22	485	513
UniRef90_K9Z188	36.49	485	509
UniRef90_H4GID6	52.35	485	489
UniRef90_UPI000701A2C1	34.02	485	514
UniRef90_UPI00034B5242	34.22	485	509
UniRef90_F5LGK1	40.33	485	505
UniRef90_D1BS93	33.61	485	514
UniRef90_A0A0F0EPL2	34.36	485	513
UniRef90_UPI00054F7285	43.15	485	492
UniRef90_D2Q4L6	35.45	485	515
UniRef90_A0A0F5W898	34.02	485	533
UniRef90_D9TPY0	36.89	485	509
UniRef90_Q8RB20	33.81	485	485
UniRef90_UPI00037AE89D	34.63	485	506
UniRef90_D8G038	34.01	485	509
UniRef90_Q118F3	32.79	485	509
UniRef90_UPI00047EBDD6	41.74	485	484
UniRef90_K9T8W7	35.26	485	509
UniRef90_UPI0003F78C5E	34.85	485	513
UniRef90_UPI0004B3A8DD	38.16	485	492
UniRef90_A0A0C5BEJ8	35.46	485	512
UniRef90_A0A077MD80	35.05	485	484
UniRef90_D3T8F4	35.04	485	485
UniRef90_N0DXF4	34.56	485	514
UniRef90_A0A0C1QIL4	34.85	485	527
UniRef90_A5CRT0	33.20	485	513
UniRef90_UPI0006CFB1EB	43.03	485	495
UniRef90_V9X8A8	35.04	485	513
UniRef90_UPI0006B5C86D	34.64	485	611
UniRef90_E3EJ54	40.70	485	500
UniRef90_K9XDL7	34.62	485	509
UniRef90_A0A0C2W0C2	39.75	485	485
UniRef90_UPI0006470E32	35.05	485	513
UniRef90_C0WYZ0	50.72	485	502
UniRef90_UPI000702461D	34.76	485	514
UniRef90_UPI00030550B3	54.69	485	493
UniRef90_D2AV99	33.81	485	545
UniRef90_V6JRM6	33.61	485	517
UniRef90_L8M269	35.67	485	509
UniRef90_UPI0005D118A1	39.46	485	485
UniRef90_C7QJD9	34.22	485	540
UniRef90_UPI00040BDC02	34.29	485	515
UniRef90_A0A0A0C541	34.63	485	513
UniRef90_A0A0H4RF52	39.05	485	500
UniRef90_A0A023CVY4	47.93	485	491
UniRef90_A0A0A6NT65	51.33	485	494
UniRef90_UPI0003646B8C	33.06	485	518
UniRef90_A0A0K2W9A5	39.01	485	520
UniRef90_F5L5F3	38.32	485	492
UniRef90_K9S4U4	34.01	485	509
UniRef90_UPI0002E84CAC	52.24	485	493
UniRef90_UPI000686C5B8	34.15	485	507
UniRef90_A0YMZ3	32.99	485	509
UniRef90_UPI000365AEA5	33.94	485	520
UniRef90_UPI0004754647	33.47	485	510
UniRef90_UPI0006A75F9E	34.90	485	521
UniRef90_A0A094JMC6	40.29	485	501
UniRef90_I3DZR1	39.88	485	484
UniRef90_UPI000410F120	46.80	485	487
UniRef90_UPI000380786E	34.22	485	515
UniRef90_Q6AF38	34.43	485	513
UniRef90_UPI00041C84C0	40.70	485	497
UniRef90_A0A0N0YDD6	39.54	485	500
UniRef90_A0A098TKU9	32.79	485	509
UniRef90_K9SFQ9	34.23	485	508
UniRef90_UPI0003660B75	35.04	485	543
UniRef90_A0A0D7QPR9	34.43	485	513
UniRef90_C7R461	32.99	485	513
UniRef90_UPI00070566B1	50.82	485	490
UniRef90_UPI0006D17E45	35.79	485	515
UniRef90_UPI00047EF402	33.40	485	509
UniRef90_W2F2Y2	34.84	485	548
UniRef90_UPI00064BF535	34.76	485	490
UniRef90_A0A060JGB0	33.81	485	511
UniRef90_Q65WN7	37.24	485	494
UniRef90_A0A094P9B1	34.84	485	513
UniRef90_G8TWS2	37.78	485	508
UniRef90_UPI0003B504F0	32.58	485	516
UniRef90_UPI0006A75B72	34.49	485	510
UniRef90_M3UXG2	35.25	485	511
UniRef90_R4KN64	33.94	485	523
UniRef90_B7K8H9	35.26	485	509
UniRef90_A0A077LUV5	33.20	485	514
UniRef90_UPI00064851C9	34.02	485	513
UniRef90_A9B4T6	34.29	485	508
UniRef90_W0ZC83	34.83	485	516
UniRef90_K9TVX4	35.64	485	509
UniRef90_B9E6P3	42.92	485	502
UniRef90_H5SG45	33.81	485	510
UniRef90_UPI0004B7CDA4	33.61	485	513
UniRef90_A0A0M4QPI9	34.02	485	514
UniRef90_A0A031FZ23	34.69	485	515
UniRef90_A0A087BU28	33.47	485	515
UniRef90_UPI0003B70D34	34.23	485	510
UniRef90_U4RZY8	36.42	485	494
UniRef90_J8BEA6	40.08	485	494
UniRef90_UPI00036291FB	34.01	485	509
UniRef90_N1V3J7	33.81	485	513
UniRef90_G2GBT6	33.40	485	512
UniRef90_UPI0004199D7E	39.88	485	495
UniRef90_F4C658	37.17	485	504
UniRef90_C0ZG28	39.67	485	499
UniRef90_U1WSI0	38.60	485	516
UniRef90_UPI000409AD45	38.64	485	500
UniRef90_UPI000423C2B1	42.15	485	484
UniRef90_UPI0004798758	33.40	485	514
UniRef90_A0A0D8ZQC5	33.61	485	509
UniRef90_A0A0D1A9H1	33.81	485	520
UniRef90_A0A0A1GWI3	50.51	485	492
UniRef90_A0A0B6AQP0	40.91	485	484
UniRef90_P48848	33.81	485	509
UniRef90_D1A1T8	33.40	485	507
UniRef90_P29686	34.55	485	511
UniRef90_UPI0006865F0B	32.99	485	524
UniRef90_G6CC99	47.14	485	497
UniRef90_A0A0C1VBE7	34.64	485	509
UniRef90_F6BKK4	36.07	485	492
UniRef90_UPI0003F6B998	40.95	485	535
UniRef90_K9VI83	33.20	485	509
UniRef90_A0A0E9EVC3	45.90	485	486
UniRef90_UPI00048F2E6E	33.94	485	517
UniRef90_UPI00040971A8	33.54	485	518
UniRef90_UPI00041C1BE4	40.08	485	499
UniRef90_A0A0M2PYZ5	33.60	485	509
UniRef90_K7RUG4	34.36	485	516
UniRef90_UPI000703B73B	33.20	485	507
UniRef90_A0A0D6YH80	35.25	485	503
UniRef90_UPI0004292D94	31.56	485	513
UniRef90_UPI0004C46BB2	33.20	485	514
UniRef90_UPI00056494FA	35.89	485	509
UniRef90_C5BV28	33.61	485	508
UniRef90_L8N0T1	32.58	485	509
UniRef90_A0A0J1HZU6	40.70	485	490
UniRef90_UPI0006E28F39	32.99	485	526
UniRef90_C7XV70	50.41	485	493
UniRef90_K9ULB7	35.31	485	509
UniRef90_A0A098FFM0	42.36	485	484
UniRef90_A0A0E3UZ33	35.73	485	502
UniRef90_A0A062X9P2	46.60	485	492
UniRef90_A0A0A1CTS6	33.20	485	514
UniRef90_UPI00068E18BF	33.81	485	535
UniRef90_Q70AQ7	34.84	485	533
UniRef90_A0A0L6CHZ2	33.27	485	514
UniRef90_A0A0C2QTT1	34.22	485	509
UniRef90_A0A0C2KYV7	34.62	485	509
UniRef90_E3BA41	33.13	485	518
UniRef90_UPI0005A70D00	38.76	485	504
UniRef90_UPI00070546E7	45.90	485	495
UniRef90_U2CZI7	35.92	485	496
UniRef90_UPI0006FB1BC0	33.95	485	512
UniRef90_J4TV85	39.18	485	494
UniRef90_A0A081BK71	53.37	485	489
UniRef90_Q47ND1	34.63	485	534
UniRef90_W9GK95	33.61	485	513
UniRef90_M0QJY1	34.02	485	514
UniRef90_UPI000623FE65	34.84	485	509
UniRef90_A0A0K1Q8C0	34.21	485	512
UniRef90_UPI0002490879	50.61	485	492
UniRef90_A0A098ERN4	38.48	485	508
UniRef90_UPI00034AC5A2	39.75	485	485
UniRef90_I3DBN6	36.42	485	494
UniRef90_A0A0F5F0M9	37.86	485	494
